<?xml version="1.0" encoding="UTF-8"?>
<testsuite errors="0" failures="0" hostname="dhcp-10.15.208.168.stl.redhat.com" name="org.hibernate.test.readonly.ReadOnlySessionTest" tests="24" time="7.509" timestamp="2013-02-28T20:19:05">
  <properties />
  <testcase classname="org.hibernate.test.readonly.ReadOnlySessionTest" name="testMergeWithReadOnlyEntity" time="0.003" />
  <testcase classname="org.hibernate.test.readonly.ReadOnlySessionTest" name="testMergeWithReadOnlyProxy" time="0.019" />
  <testcase classname="org.hibernate.test.readonly.ReadOnlySessionTest" name="testModifiableModeWithExistingReadOnlyEntity" time="0.566" />
  <testcase classname="org.hibernate.test.readonly.ReadOnlySessionTest" name="testModifiableSessionDefaultQueryReadOnlySessionIterate" time="0.637" />
  <testcase classname="org.hibernate.test.readonly.ReadOnlySessionTest" name="testModifiableSessionDefaultQueryReadOnlySessionScroll" time="0.256" />
  <testcase classname="org.hibernate.test.readonly.ReadOnlySessionTest" name="testModifiableSessionReadOnlyQueryIterate" time="0.585" />
  <testcase classname="org.hibernate.test.readonly.ReadOnlySessionTest" name="testModifiableSessionReadOnlyQueryScroll" time="0.276" />
  <testcase classname="org.hibernate.test.readonly.ReadOnlySessionTest" name="testQueryModifiableIterate" time="0.848" />
  <testcase classname="org.hibernate.test.readonly.ReadOnlySessionTest" name="testQueryModifiableScroll" time="0.477" />
  <testcase classname="org.hibernate.test.readonly.ReadOnlySessionTest" name="testQueryReadOnlyIterate" time="0.737" />
  <testcase classname="org.hibernate.test.readonly.ReadOnlySessionTest" name="testQueryReadOnlyScroll" time="0.27" />
  <testcase classname="org.hibernate.test.readonly.ReadOnlySessionTest" name="testReadOnlyDelete" time="0.02" />
  <testcase classname="org.hibernate.test.readonly.ReadOnlySessionTest" name="testReadOnlyGetModifyAndDelete" time="0.023" />
  <testcase classname="org.hibernate.test.readonly.ReadOnlySessionTest" name="testReadOnlyModeWithExistingModifiableEntity" time="0.275" />
  <testcase classname="org.hibernate.test.readonly.ReadOnlySessionTest" name="testReadOnlyOnProxies" time="0.029" />
  <testcase classname="org.hibernate.test.readonly.ReadOnlySessionTest" name="testReadOnlyOnTextType" time="0.01" />
  <testcase classname="org.hibernate.test.readonly.ReadOnlySessionTest" name="testReadOnlyProxyRefresh" time="0.022" />
  <testcase classname="org.hibernate.test.readonly.ReadOnlySessionTest" name="testReadOnlyProxyRefreshDetached" time="0.011" />
  <testcase classname="org.hibernate.test.readonly.ReadOnlySessionTest" name="testReadOnlyRefresh" time="0.024" />
  <testcase classname="org.hibernate.test.readonly.ReadOnlySessionTest" name="testReadOnlyRefreshDetached" time="0.023" />
  <testcase classname="org.hibernate.test.readonly.ReadOnlySessionTest" name="testReadOnlySessionDefaultQueryIterate" time="0.611" />
  <testcase classname="org.hibernate.test.readonly.ReadOnlySessionTest" name="testReadOnlySessionDefaultQueryScroll" time="0.264" />
  <testcase classname="org.hibernate.test.readonly.ReadOnlySessionTest" name="testReadOnlySessionModifiableQueryIterate" time="0.821" />
  <testcase classname="org.hibernate.test.readonly.ReadOnlySessionTest" name="testReadOnlySessionModifiableQueryScroll" time="0.523" />
  <system-out><![CDATA[14:19:05,532  INFO CustomRunner:132 - BeforeClass: org.hibernate.test.readonly.ReadOnlySessionTest
14:19:05,533  INFO Configuration:706 - HHH000221: Reading mappings from resource: org/hibernate/test/readonly/DataPoint.hbm.xml
14:19:05,543  INFO Configuration:706 - HHH000221: Reading mappings from resource: org/hibernate/test/readonly/TextHolder.hbm.xml
14:19:05,550  INFO DriverManagerConnectionProviderImpl:99 - HHH000402: Using Hibernate built-in connection pool (not for production use!)
14:19:05,551  INFO DriverManagerConnectionProviderImpl:135 - HHH000115: Hibernate connection pool size: 5
14:19:05,551  INFO DriverManagerConnectionProviderImpl:138 - HHH000006: Autocommit mode: false
14:19:05,551  INFO DriverManagerConnectionProviderImpl:153 - HHH000401: using driver [org.h2.Driver] at URL [jdbc:h2:mem:db1;DB_CLOSE_DELAY=-1;MVCC=TRUE]
14:19:05,551  INFO DriverManagerConnectionProviderImpl:158 - HHH000046: Connection properties: {user=sa}
14:19:05,552  INFO Dialect:103 - HHH000400: Using dialect: org.hibernate.dialect.H2Dialect
14:19:05,552  INFO LobCreatorBuilder:94 - HHH000423: Disabling contextual LOB creation as JDBC driver reported JDBC version [3] less than 4
14:19:05,553  INFO TransactionFactoryInitiator:66 - HHH000399: Using default transaction strategy (direct JDBC transactions)
14:19:05,553  INFO ASTQueryTranslatorFactory:48 - HHH000397: Using ASTQueryTranslatorFactory
14:19:05,553  WARN CachingRegionFactory:58 - CachingRegionFactory should be only used for testing.
14:19:05,564  INFO SchemaExport:343 - HHH000227: Running hbm2ddl schema export
14:19:05,565 DEBUG SchemaExport:353 - Import file not found: /import.sql
14:19:05,565 DEBUG SQL:104 - 
    alter table Container 
        drop constraint FK5EF36C61AEAEA601
14:19:05,565 ERROR SchemaExport:425 - HHH000389: Unsuccessful: alter table Container drop constraint FK5EF36C61AEAEA601
14:19:05,565 ERROR SchemaExport:426 - Table "CONTAINER" not found; SQL statement:

    alter table Container 
        drop constraint FK5EF36C61AEAEA601 [42102-145]
14:19:05,566 DEBUG SQL:104 - 
    alter table Container 
        drop constraint FK5EF36C61FA906BFF
14:19:05,566 ERROR SchemaExport:425 - HHH000389: Unsuccessful: alter table Container drop constraint FK5EF36C61FA906BFF
14:19:05,566 ERROR SchemaExport:426 - Table "CONTAINER" not found; SQL statement:

    alter table Container 
        drop constraint FK5EF36C61FA906BFF [42102-145]
14:19:05,566 DEBUG SQL:104 - 
    alter table Container 
        drop constraint FK5EF36C61A9E14337
14:19:05,566 ERROR SchemaExport:425 - HHH000389: Unsuccessful: alter table Container drop constraint FK5EF36C61A9E14337
14:19:05,566 ERROR SchemaExport:426 - Table "CONTAINER" not found; SQL statement:

    alter table Container 
        drop constraint FK5EF36C61A9E14337 [42102-145]
14:19:05,566 DEBUG SQL:104 - 
    alter table Container 
        drop constraint FK5EF36C61A7253163
14:19:05,567 ERROR SchemaExport:425 - HHH000389: Unsuccessful: alter table Container drop constraint FK5EF36C61A7253163
14:19:05,567 ERROR SchemaExport:426 - Table "CONTAINER" not found; SQL statement:

    alter table Container 
        drop constraint FK5EF36C61A7253163 [42102-145]
14:19:05,567 DEBUG SQL:104 - 
    alter table Container 
        drop constraint FK5EF36C611DA4C2A5
14:19:05,567 ERROR SchemaExport:425 - HHH000389: Unsuccessful: alter table Container drop constraint FK5EF36C611DA4C2A5
14:19:05,567 ERROR SchemaExport:426 - Table "CONTAINER" not found; SQL statement:

    alter table Container 
        drop constraint FK5EF36C611DA4C2A5 [42102-145]
14:19:05,567 DEBUG SQL:104 - 
    alter table Container 
        drop constraint FK5EF36C61CE2A006D
14:19:05,568 ERROR SchemaExport:425 - HHH000389: Unsuccessful: alter table Container drop constraint FK5EF36C61CE2A006D
14:19:05,568 ERROR SchemaExport:426 - Table "CONTAINER" not found; SQL statement:

    alter table Container 
        drop constraint FK5EF36C61CE2A006D [42102-145]
14:19:05,568 DEBUG SQL:104 - 
    alter table DataPoint 
        drop constraint FK60F3CFE6258C9255
14:19:05,607 ERROR SchemaExport:425 - HHH000389: Unsuccessful: alter table DataPoint drop constraint FK60F3CFE6258C9255
14:19:05,607 ERROR SchemaExport:426 - Table "DATAPOINT" not found; SQL statement:

    alter table DataPoint 
        drop constraint FK60F3CFE6258C9255 [42102-145]
14:19:05,608 DEBUG SQL:104 - 
    alter table DataPoint 
        drop constraint FK60F3CFE6D520B9AC
14:19:05,608 ERROR SchemaExport:425 - HHH000389: Unsuccessful: alter table DataPoint drop constraint FK60F3CFE6D520B9AC
14:19:05,608 ERROR SchemaExport:426 - Table "DATAPOINT" not found; SQL statement:

    alter table DataPoint 
        drop constraint FK60F3CFE6D520B9AC [42102-145]
14:19:05,608 DEBUG SQL:104 - 
    alter table DataPoint 
        drop constraint FK60F3CFE6B5A9F7E
14:19:05,608 ERROR SchemaExport:425 - HHH000389: Unsuccessful: alter table DataPoint drop constraint FK60F3CFE6B5A9F7E
14:19:05,609 ERROR SchemaExport:426 - Table "DATAPOINT" not found; SQL statement:

    alter table DataPoint 
        drop constraint FK60F3CFE6B5A9F7E [42102-145]
14:19:05,609 DEBUG SQL:104 - 
    drop table Container if exists
14:19:05,609 DEBUG SQL:104 - 
    drop table DataPoint if exists
14:19:05,609 DEBUG SQL:104 - 
    drop table Info if exists
14:19:05,609 DEBUG SQL:104 - 
    drop table Owner if exists
14:19:05,610 DEBUG SQL:104 - 
    drop table TextHolder if exists
14:19:05,620 DEBUG SQL:104 - 
    create table Container (
        id bigint not null,
        name varchar(255),
        no_proxy_owner_name varchar(255),
        proxy_owner_name varchar(255),
        non_lazy_owner_name varchar(255),
        no_proxy_info_id bigint,
        proxy_info_id bigint,
        non_lazy_info_id bigint,
        primary key (id)
    )
14:19:05,621 DEBUG SQL:104 - 
    create table DataPoint (
        id bigint not null,
        xval decimal(25,19) not null,
        yval decimal(25,19) not null,
        description varchar(255),
        c_lazy_id bigint,
        c_non_lazy_select_id bigint,
        c_non_lazy_join_id bigint,
        primary key (id)
    )
14:19:05,622 DEBUG SQL:104 - 
    create table Info (
        id bigint not null,
        details varchar(255),
        primary key (id)
    )
14:19:05,622 DEBUG SQL:104 - 
    create table Owner (
        id bigint not null,
        name varchar(255) not null,
        primary key (id)
    )
14:19:05,623 DEBUG SQL:104 - 
    create table TextHolder (
        id bigint not null,
        TXT longvarchar,
        primary key (id)
    )
14:19:05,623 DEBUG SQL:104 - 
    alter table Container 
        add constraint FK5EF36C61AEAEA601 
        foreign key (no_proxy_info_id) 
        references Info
14:19:05,623 DEBUG SQL:104 - 
    alter table Container 
        add constraint FK5EF36C61FA906BFF 
        foreign key (proxy_info_id) 
        references Info
14:19:05,624 DEBUG SQL:104 - 
    alter table Container 
        add constraint FK5EF36C61A9E14337 
        foreign key (non_lazy_info_id) 
        references Info
14:19:05,624 DEBUG SQL:104 - 
    alter table Container 
        add constraint FK5EF36C61A7253163 
        foreign key (no_proxy_owner_name) 
        references Owner (name)
14:19:05,638 DEBUG SQL:104 - 
    alter table Container 
        add constraint FK5EF36C611DA4C2A5 
        foreign key (proxy_owner_name) 
        references Owner (name)
14:19:05,639 DEBUG SQL:104 - 
    alter table Container 
        add constraint FK5EF36C61CE2A006D 
        foreign key (non_lazy_owner_name) 
        references Owner (name)
14:19:05,640 DEBUG SQL:104 - 
    alter table DataPoint 
        add constraint xy unique (xval, yval)
14:19:05,640 DEBUG SQL:104 - 
    alter table DataPoint 
        add constraint FK60F3CFE6258C9255 
        foreign key (c_lazy_id) 
        references Container
14:19:05,640 DEBUG SQL:104 - 
    alter table DataPoint 
        add constraint FK60F3CFE6D520B9AC 
        foreign key (c_non_lazy_select_id) 
        references Container
14:19:05,641 DEBUG SQL:104 - 
    alter table DataPoint 
        add constraint FK60F3CFE6B5A9F7E 
        foreign key (c_non_lazy_join_id) 
        references Container
14:19:05,641 DEBUG SQL:104 - 
    alter table Owner 
        add constraint uc_Owner_1 unique (name)
14:19:05,654  INFO SchemaExport:405 - HHH000230: Schema export complete
14:19:05,657  WARN SessionFactoryImpl:1554 - HHH000008: JTASessionContext being used with JDBCTransactionFactory; auto-flush will not operate correctly with getCurrentSession()
14:19:05,658  INFO CustomRunner:139 - Test: testMergeWithReadOnlyEntity
14:19:05,659 DEBUG SQL:104 - 
    select
        max(id) 
    from
        DataPoint
14:19:05,660 DEBUG SQL:104 - 
    insert 
    into
        DataPoint
        (xval, yval, description, id) 
    values
        (?, ?, ?, ?)
14:19:05,660 DEBUG SQL:104 - 
    select
        datapoint0_.id as id1_0_,
        datapoint0_.xval as xval1_0_,
        datapoint0_.yval as yval1_0_,
        datapoint0_.description as descript4_1_0_ 
    from
        DataPoint datapoint0_ 
    where
        datapoint0_.id=?
14:19:05,661 DEBUG SQL:104 - 
    select
        datapoint0_.id as id1_0_,
        datapoint0_.xval as xval1_0_,
        datapoint0_.yval as yval1_0_,
        datapoint0_.description as descript4_1_0_ 
    from
        DataPoint datapoint0_ 
    where
        datapoint0_.id=?
14:19:05,661 DEBUG SQL:104 - 
    delete 
    from
        DataPoint 
    where
        id=?
14:19:05,661  INFO CustomRunner:139 - Test: testMergeWithReadOnlyProxy
14:19:05,691 DEBUG SQL:104 - 
    insert 
    into
        DataPoint
        (xval, yval, description, id) 
    values
        (?, ?, ?, ?)
14:19:05,692 DEBUG SQL:104 - 
    select
        datapoint0_.id as id1_0_,
        datapoint0_.xval as xval1_0_,
        datapoint0_.yval as yval1_0_,
        datapoint0_.description as descript4_1_0_ 
    from
        DataPoint datapoint0_ 
    where
        datapoint0_.id=?
14:19:05,693 DEBUG SQL:104 - 
    select
        datapoint0_.id as id1_0_,
        datapoint0_.xval as xval1_0_,
        datapoint0_.yval as yval1_0_,
        datapoint0_.description as descript4_1_0_ 
    from
        DataPoint datapoint0_ 
    where
        datapoint0_.id=?
14:19:05,694 DEBUG SQL:104 - 
    select
        datapoint0_.id as id1_0_,
        datapoint0_.xval as xval1_0_,
        datapoint0_.yval as yval1_0_,
        datapoint0_.description as descript4_1_0_ 
    from
        DataPoint datapoint0_ 
    where
        datapoint0_.id=?
14:19:05,709 DEBUG SQL:104 - 
    delete 
    from
        DataPoint 
    where
        id=?
14:19:05,710  INFO CustomRunner:139 - Test: testModifiableModeWithExistingReadOnlyEntity
14:19:05,715 DEBUG SQL:104 - 
    insert 
    into
        DataPoint
        (xval, yval, description, id) 
    values
        (?, ?, ?, ?)
14:19:05,715 DEBUG SQL:104 - 
    insert 
    into
        DataPoint
        (xval, yval, description, id) 
    values
        (?, ?, ?, ?)
14:19:05,720 DEBUG SQL:104 - 
    insert 
    into
        DataPoint
        (xval, yval, description, id) 
    values
        (?, ?, ?, ?)
14:19:05,722 DEBUG SQL:104 - 
    insert 
    into
        DataPoint
        (xval, yval, description, id) 
    values
        (?, ?, ?, ?)
14:19:05,723 DEBUG SQL:104 - 
    insert 
    into
        DataPoint
        (xval, yval, description, id) 
    values
        (?, ?, ?, ?)
14:19:05,723 DEBUG SQL:104 - 
    insert 
    into
        DataPoint
        (xval, yval, description, id) 
    values
        (?, ?, ?, ?)
14:19:05,723 DEBUG SQL:104 - 
    insert 
    into
        DataPoint
        (xval, yval, description, id) 
    values
        (?, ?, ?, ?)
14:19:05,733 DEBUG SQL:104 - 
    insert 
    into
        DataPoint
        (xval, yval, description, id) 
    values
        (?, ?, ?, ?)
14:19:05,734 DEBUG SQL:104 - 
    insert 
    into
        DataPoint
        (xval, yval, description, id) 
    values
        (?, ?, ?, ?)
14:19:05,734 DEBUG SQL:104 - 
    insert 
    into
        DataPoint
        (xval, yval, description, id) 
    values
        (?, ?, ?, ?)
14:19:05,734 DEBUG SQL:104 - 
    insert 
    into
        DataPoint
        (xval, yval, description, id) 
    values
        (?, ?, ?, ?)
14:19:05,745 DEBUG SQL:104 - 
    insert 
    into
        DataPoint
        (xval, yval, description, id) 
    values
        (?, ?, ?, ?)
14:19:05,746 DEBUG SQL:104 - 
    insert 
    into
        DataPoint
        (xval, yval, description, id) 
    values
        (?, ?, ?, ?)
14:19:05,746 DEBUG SQL:104 - 
    insert 
    into
        DataPoint
        (xval, yval, description, id) 
    values
        (?, ?, ?, ?)
14:19:05,746 DEBUG SQL:104 - 
    insert 
    into
        DataPoint
        (xval, yval, description, id) 
    values
        (?, ?, ?, ?)
14:19:05,756 DEBUG SQL:104 - 
    insert 
    into
        DataPoint
        (xval, yval, description, id) 
    values
        (?, ?, ?, ?)
14:19:05,757 DEBUG SQL:104 - 
    insert 
    into
        DataPoint
        (xval, yval, description, id) 
    values
        (?, ?, ?, ?)
14:19:05,757 DEBUG SQL:104 - 
    insert 
    into
        DataPoint
        (xval, yval, description, id) 
    values
        (?, ?, ?, ?)
14:19:05,757 DEBUG SQL:104 - 
    insert 
    into
        DataPoint
        (xval, yval, description, id) 
    values
        (?, ?, ?, ?)
14:19:05,757 DEBUG SQL:104 - 
    insert 
    into
        DataPoint
        (xval, yval, description, id) 
    values
        (?, ?, ?, ?)
14:19:05,757 DEBUG SQL:104 - 
    insert 
    into
        DataPoint
        (xval, yval, description, id) 
    values
        (?, ?, ?, ?)
14:19:05,757 DEBUG SQL:104 - 
    insert 
    into
        DataPoint
        (xval, yval, description, id) 
    values
        (?, ?, ?, ?)
14:19:05,758 DEBUG SQL:104 - 
    insert 
    into
        DataPoint
        (xval, yval, description, id) 
    values
        (?, ?, ?, ?)
14:19:05,758 DEBUG SQL:104 - 
    insert 
    into
        DataPoint
        (xval, yval, description, id) 
    values
        (?, ?, ?, ?)
14:19:05,770 DEBUG SQL:104 - 
    insert 
    into
        DataPoint
        (xval, yval, description, id) 
    values
        (?, ?, ?, ?)
14:19:05,770 DEBUG SQL:104 - 
    insert 
    into
        DataPoint
        (xval, yval, description, id) 
    values
        (?, ?, ?, ?)
14:19:05,770 DEBUG SQL:104 - 
    insert 
    into
        DataPoint
        (xval, yval, description, id) 
    values
        (?, ?, ?, ?)
14:19:05,770 DEBUG SQL:104 - 
    insert 
    into
        DataPoint
        (xval, yval, description, id) 
    values
        (?, ?, ?, ?)
14:19:05,780 DEBUG SQL:104 - 
    insert 
    into
        DataPoint
        (xval, yval, description, id) 
    values
        (?, ?, ?, ?)
14:19:05,780 DEBUG SQL:104 - 
    insert 
    into
        DataPoint
        (xval, yval, description, id) 
    values
        (?, ?, ?, ?)
14:19:05,780 DEBUG SQL:104 - 
    insert 
    into
        DataPoint
        (xval, yval, description, id) 
    values
        (?, ?, ?, ?)
14:19:05,781 DEBUG SQL:104 - 
    insert 
    into
        DataPoint
        (xval, yval, description, id) 
    values
        (?, ?, ?, ?)
14:19:05,781 DEBUG SQL:104 - 
    insert 
    into
        DataPoint
        (xval, yval, description, id) 
    values
        (?, ?, ?, ?)
14:19:05,781 DEBUG SQL:104 - 
    insert 
    into
        DataPoint
        (xval, yval, description, id) 
    values
        (?, ?, ?, ?)
14:19:05,781 DEBUG SQL:104 - 
    insert 
    into
        DataPoint
        (xval, yval, description, id) 
    values
        (?, ?, ?, ?)
14:19:05,807 DEBUG SQL:104 - 
    insert 
    into
        DataPoint
        (xval, yval, description, id) 
    values
        (?, ?, ?, ?)
14:19:05,807 DEBUG SQL:104 - 
    insert 
    into
        DataPoint
        (xval, yval, description, id) 
    values
        (?, ?, ?, ?)
14:19:05,807 DEBUG SQL:104 - 
    insert 
    into
        DataPoint
        (xval, yval, description, id) 
    values
        (?, ?, ?, ?)
14:19:05,807 DEBUG SQL:104 - 
    insert 
    into
        DataPoint
        (xval, yval, description, id) 
    values
        (?, ?, ?, ?)
14:19:05,817 DEBUG SQL:104 - 
    insert 
    into
        DataPoint
        (xval, yval, description, id) 
    values
        (?, ?, ?, ?)
14:19:05,817 DEBUG SQL:104 - 
    insert 
    into
        DataPoint
        (xval, yval, description, id) 
    values
        (?, ?, ?, ?)
14:19:05,817 DEBUG SQL:104 - 
    insert 
    into
        DataPoint
        (xval, yval, description, id) 
    values
        (?, ?, ?, ?)
14:19:05,817 DEBUG SQL:104 - 
    insert 
    into
        DataPoint
        (xval, yval, description, id) 
    values
        (?, ?, ?, ?)
14:19:05,817 DEBUG SQL:104 - 
    insert 
    into
        DataPoint
        (xval, yval, description, id) 
    values
        (?, ?, ?, ?)
14:19:05,827 DEBUG SQL:104 - 
    insert 
    into
        DataPoint
        (xval, yval, description, id) 
    values
        (?, ?, ?, ?)
14:19:05,828 DEBUG SQL:104 - 
    insert 
    into
        DataPoint
        (xval, yval, description, id) 
    values
        (?, ?, ?, ?)
14:19:05,829 DEBUG SQL:104 - 
    insert 
    into
        DataPoint
        (xval, yval, description, id) 
    values
        (?, ?, ?, ?)
14:19:05,829 DEBUG SQL:104 - 
    insert 
    into
        DataPoint
        (xval, yval, description, id) 
    values
        (?, ?, ?, ?)
14:19:05,839 DEBUG SQL:104 - 
    insert 
    into
        DataPoint
        (xval, yval, description, id) 
    values
        (?, ?, ?, ?)
14:19:05,840 DEBUG SQL:104 - 
    insert 
    into
        DataPoint
        (xval, yval, description, id) 
    values
        (?, ?, ?, ?)
14:19:05,840 DEBUG SQL:104 - 
    insert 
    into
        DataPoint
        (xval, yval, description, id) 
    values
        (?, ?, ?, ?)
14:19:05,840 DEBUG SQL:104 - 
    insert 
    into
        DataPoint
        (xval, yval, description, id) 
    values
        (?, ?, ?, ?)
14:19:05,856 DEBUG SQL:104 - 
    insert 
    into
        DataPoint
        (xval, yval, description, id) 
    values
        (?, ?, ?, ?)
14:19:05,856 DEBUG SQL:104 - 
    insert 
    into
        DataPoint
        (xval, yval, description, id) 
    values
        (?, ?, ?, ?)
14:19:05,856 DEBUG SQL:104 - 
    insert 
    into
        DataPoint
        (xval, yval, description, id) 
    values
        (?, ?, ?, ?)
14:19:05,857 DEBUG SQL:104 - 
    insert 
    into
        DataPoint
        (xval, yval, description, id) 
    values
        (?, ?, ?, ?)
14:19:05,857 DEBUG SQL:104 - 
    insert 
    into
        DataPoint
        (xval, yval, description, id) 
    values
        (?, ?, ?, ?)
14:19:05,867 DEBUG SQL:104 - 
    insert 
    into
        DataPoint
        (xval, yval, description, id) 
    values
        (?, ?, ?, ?)
14:19:05,867 DEBUG SQL:104 - 
    insert 
    into
        DataPoint
        (xval, yval, description, id) 
    values
        (?, ?, ?, ?)
14:19:05,867 DEBUG SQL:104 - 
    insert 
    into
        DataPoint
        (xval, yval, description, id) 
    values
        (?, ?, ?, ?)
14:19:05,867 DEBUG SQL:104 - 
    insert 
    into
        DataPoint
        (xval, yval, description, id) 
    values
        (?, ?, ?, ?)
14:19:05,878 DEBUG SQL:104 - 
    insert 
    into
        DataPoint
        (xval, yval, description, id) 
    values
        (?, ?, ?, ?)
14:19:05,879 DEBUG SQL:104 - 
    insert 
    into
        DataPoint
        (xval, yval, description, id) 
    values
        (?, ?, ?, ?)
14:19:05,879 DEBUG SQL:104 - 
    insert 
    into
        DataPoint
        (xval, yval, description, id) 
    values
        (?, ?, ?, ?)
14:19:05,879 DEBUG SQL:104 - 
    insert 
    into
        DataPoint
        (xval, yval, description, id) 
    values
        (?, ?, ?, ?)
14:19:05,890 DEBUG SQL:104 - 
    insert 
    into
        DataPoint
        (xval, yval, description, id) 
    values
        (?, ?, ?, ?)
14:19:05,891 DEBUG SQL:104 - 
    insert 
    into
        DataPoint
        (xval, yval, description, id) 
    values
        (?, ?, ?, ?)
14:19:05,891 DEBUG SQL:104 - 
    insert 
    into
        DataPoint
        (xval, yval, description, id) 
    values
        (?, ?, ?, ?)
14:19:05,891 DEBUG SQL:104 - 
    insert 
    into
        DataPoint
        (xval, yval, description, id) 
    values
        (?, ?, ?, ?)
14:19:05,891 DEBUG SQL:104 - 
    insert 
    into
        DataPoint
        (xval, yval, description, id) 
    values
        (?, ?, ?, ?)
14:19:05,891 DEBUG SQL:104 - 
    insert 
    into
        DataPoint
        (xval, yval, description, id) 
    values
        (?, ?, ?, ?)
14:19:05,892 DEBUG SQL:104 - 
    insert 
    into
        DataPoint
        (xval, yval, description, id) 
    values
        (?, ?, ?, ?)
14:19:05,892 DEBUG SQL:104 - 
    insert 
    into
        DataPoint
        (xval, yval, description, id) 
    values
        (?, ?, ?, ?)
14:19:05,892 DEBUG SQL:104 - 
    insert 
    into
        DataPoint
        (xval, yval, description, id) 
    values
        (?, ?, ?, ?)
14:19:05,903 DEBUG SQL:104 - 
    insert 
    into
        DataPoint
        (xval, yval, description, id) 
    values
        (?, ?, ?, ?)
14:19:05,904 DEBUG SQL:104 - 
    insert 
    into
        DataPoint
        (xval, yval, description, id) 
    values
        (?, ?, ?, ?)
14:19:05,904 DEBUG SQL:104 - 
    insert 
    into
        DataPoint
        (xval, yval, description, id) 
    values
        (?, ?, ?, ?)
14:19:05,904 DEBUG SQL:104 - 
    insert 
    into
        DataPoint
        (xval, yval, description, id) 
    values
        (?, ?, ?, ?)
14:19:05,913 DEBUG SQL:104 - 
    insert 
    into
        DataPoint
        (xval, yval, description, id) 
    values
        (?, ?, ?, ?)
14:19:05,914 DEBUG SQL:104 - 
    insert 
    into
        DataPoint
        (xval, yval, description, id) 
    values
        (?, ?, ?, ?)
14:19:05,914 DEBUG SQL:104 - 
    insert 
    into
        DataPoint
        (xval, yval, description, id) 
    values
        (?, ?, ?, ?)
14:19:05,914 DEBUG SQL:104 - 
    insert 
    into
        DataPoint
        (xval, yval, description, id) 
    values
        (?, ?, ?, ?)
14:19:05,914 DEBUG SQL:104 - 
    insert 
    into
        DataPoint
        (xval, yval, description, id) 
    values
        (?, ?, ?, ?)
14:19:05,914 DEBUG SQL:104 - 
    insert 
    into
        DataPoint
        (xval, yval, description, id) 
    values
        (?, ?, ?, ?)
14:19:05,915 DEBUG SQL:104 - 
    insert 
    into
        DataPoint
        (xval, yval, description, id) 
    values
        (?, ?, ?, ?)
14:19:05,936 DEBUG SQL:104 - 
    insert 
    into
        DataPoint
        (xval, yval, description, id) 
    values
        (?, ?, ?, ?)
14:19:05,936 DEBUG SQL:104 - 
    insert 
    into
        DataPoint
        (xval, yval, description, id) 
    values
        (?, ?, ?, ?)
14:19:05,937 DEBUG SQL:104 - 
    insert 
    into
        DataPoint
        (xval, yval, description, id) 
    values
        (?, ?, ?, ?)
14:19:05,937 DEBUG SQL:104 - 
    insert 
    into
        DataPoint
        (xval, yval, description, id) 
    values
        (?, ?, ?, ?)
14:19:05,946 DEBUG SQL:104 - 
    insert 
    into
        DataPoint
        (xval, yval, description, id) 
    values
        (?, ?, ?, ?)
14:19:05,946 DEBUG SQL:104 - 
    insert 
    into
        DataPoint
        (xval, yval, description, id) 
    values
        (?, ?, ?, ?)
14:19:05,947 DEBUG SQL:104 - 
    insert 
    into
        DataPoint
        (xval, yval, description, id) 
    values
        (?, ?, ?, ?)
14:19:05,947 DEBUG SQL:104 - 
    insert 
    into
        DataPoint
        (xval, yval, description, id) 
    values
        (?, ?, ?, ?)
14:19:05,957 DEBUG SQL:104 - 
    insert 
    into
        DataPoint
        (xval, yval, description, id) 
    values
        (?, ?, ?, ?)
14:19:05,957 DEBUG SQL:104 - 
    insert 
    into
        DataPoint
        (xval, yval, description, id) 
    values
        (?, ?, ?, ?)
14:19:05,958 DEBUG SQL:104 - 
    insert 
    into
        DataPoint
        (xval, yval, description, id) 
    values
        (?, ?, ?, ?)
14:19:05,958 DEBUG SQL:104 - 
    insert 
    into
        DataPoint
        (xval, yval, description, id) 
    values
        (?, ?, ?, ?)
14:19:05,958 DEBUG SQL:104 - 
    insert 
    into
        DataPoint
        (xval, yval, description, id) 
    values
        (?, ?, ?, ?)
14:19:05,958 DEBUG SQL:104 - 
    insert 
    into
        DataPoint
        (xval, yval, description, id) 
    values
        (?, ?, ?, ?)
14:19:05,958 DEBUG SQL:104 - 
    insert 
    into
        DataPoint
        (xval, yval, description, id) 
    values
        (?, ?, ?, ?)
14:19:05,960 DEBUG SQL:104 - 
    select
        datapoint0_.id as id1_0_,
        datapoint0_.xval as xval1_0_,
        datapoint0_.yval as yval1_0_,
        datapoint0_.description as descript4_1_0_ 
    from
        DataPoint datapoint0_ 
    where
        datapoint0_.id=?
14:19:05,961 DEBUG QueryTranslatorImpl:265 - parse() - HQL: from org.hibernate.test.readonly.DataPoint dp order by dp.x asc
14:19:05,962 DEBUG QueryTranslatorImpl:283 - --- HQL AST ---
 \-[QUERY] Node: 'query'
    +-[SELECT_FROM] Node: 'SELECT_FROM'
    |  \-[FROM] Node: 'from'
    |     \-[RANGE] Node: 'RANGE'
    |        +-[DOT] Node: '.'
    |        |  +-[DOT] Node: '.'
    |        |  |  +-[DOT] Node: '.'
    |        |  |  |  +-[DOT] Node: '.'
    |        |  |  |  |  +-[IDENT] Node: 'org'
    |        |  |  |  |  \-[IDENT] Node: 'hibernate'
    |        |  |  |  \-[IDENT] Node: 'test'
    |        |  |  \-[IDENT] Node: 'readonly'
    |        |  \-[IDENT] Node: 'DataPoint'
    |        \-[ALIAS] Node: 'dp'
    \-[ORDER] Node: 'order'
       +-[DOT] Node: '.'
       |  +-[IDENT] Node: 'dp'
       |  \-[IDENT] Node: 'x'
       \-[ASCENDING] Node: 'asc'

14:19:05,980 DEBUG ErrorCounter:82 - throwQueryException() : no errors
14:19:05,981 DEBUG FromElement:157 - FromClause{level=1} : org.hibernate.test.readonly.DataPoint (dp) -> datapoint0_
14:19:05,981 DEBUG FromReferenceNode:74 - Resolved : dp -> datapoint0_.id
14:19:05,981 DEBUG DotNode:599 - getDataType() : x -> org.hibernate.type.BigDecimalType@3bb4a749
14:19:05,981 DEBUG FromReferenceNode:74 - Resolved : dp.x -> datapoint0_.xval
14:19:05,981 DEBUG HqlSqlWalker:629 - processQuery() :  ( SELECT ( FromClause{level=1} DataPoint datapoint0_ ) ( order ( datapoint0_.xval datapoint0_.id x ) asc ) )
14:19:05,981 DEBUG HqlSqlWalker:869 - Derived SELECT clause created.
14:19:05,982 DEBUG JoinProcessor:175 - Using FROM fragment [DataPoint datapoint0_]
14:19:05,982 DEBUG QueryTranslatorImpl:252 - --- SQL AST ---
 \-[SELECT] QueryNode: 'SELECT'  querySpaces (DataPoint)
    +-[SELECT_CLAUSE] SelectClause: '{derived select clause}'
    |  +-[SELECT_EXPR] SelectExpressionImpl: 'datapoint0_.id as id1_' {FromElement{explicit,not a collection join,not a fetch join,fetch non-lazy properties,classAlias=dp,role=null,tableName=DataPoint,tableAlias=datapoint0_,origin=null,columns={,className=org.hibernate.test.readonly.DataPoint}}}
    |  \-[SQL_TOKEN] SqlFragment: 'datapoint0_.xval as xval1_, datapoint0_.yval as yval1_, datapoint0_.description as descript4_1_'
    +-[FROM] FromClause: 'from' FromClause{level=1, fromElementCounter=1, fromElements=1, fromElementByClassAlias=[dp], fromElementByTableAlias=[datapoint0_], fromElementsByPath=[], collectionJoinFromElementsByPath=[], impliedElements=[]}
    |  \-[FROM_FRAGMENT] FromElement: 'DataPoint datapoint0_' FromElement{explicit,not a collection join,not a fetch join,fetch non-lazy properties,classAlias=dp,role=null,tableName=DataPoint,tableAlias=datapoint0_,origin=null,columns={,className=org.hibernate.test.readonly.DataPoint}}
    \-[ORDER] OrderByClause: 'order'
       +-[DOT] DotNode: 'datapoint0_.xval' {propertyName=x,dereferenceType=ALL,propertyPath=x,path=dp.x,tableAlias=datapoint0_,className=org.hibernate.test.readonly.DataPoint,classAlias=dp}
       |  +-[ALIAS_REF] IdentNode: 'datapoint0_.id' {alias=dp, className=org.hibernate.test.readonly.DataPoint, tableAlias=datapoint0_}
       |  \-[IDENT] IdentNode: 'x' {originalText=x}
       \-[ASCENDING] SqlNode: 'asc'

14:19:05,993 DEBUG ErrorCounter:82 - throwQueryException() : no errors
14:19:05,993 DEBUG QueryTranslatorImpl:235 - HQL: from org.hibernate.test.readonly.DataPoint dp order by dp.x asc
14:19:05,993 DEBUG QueryTranslatorImpl:236 - SQL: select datapoint0_.id as id1_, datapoint0_.xval as xval1_, datapoint0_.yval as yval1_, datapoint0_.description as descript4_1_ from DataPoint datapoint0_ order by datapoint0_.xval asc
14:19:05,993 DEBUG ErrorCounter:82 - throwQueryException() : no errors
14:19:05,994 DEBUG SQL:104 - 
    select
        datapoint0_.id as id1_,
        datapoint0_.xval as xval1_,
        datapoint0_.yval as yval1_,
        datapoint0_.description as descript4_1_ 
    from
        DataPoint datapoint0_ 
    order by
        datapoint0_.xval asc
14:19:05,997 DEBUG SQL:104 - 
    update
        DataPoint 
    set
        description=? 
    where
        id=?
14:19:05,998 DEBUG SQL:104 - 
    update
        DataPoint 
    set
        description=? 
    where
        id=?
14:19:05,998 DEBUG SQL:104 - 
    update
        DataPoint 
    set
        description=? 
    where
        id=?
14:19:06,007 DEBUG SQL:104 - 
    update
        DataPoint 
    set
        description=? 
    where
        id=?
14:19:06,008 DEBUG SQL:104 - 
    update
        DataPoint 
    set
        description=? 
    where
        id=?
14:19:06,008 DEBUG SQL:104 - 
    update
        DataPoint 
    set
        description=? 
    where
        id=?
14:19:06,008 DEBUG SQL:104 - 
    update
        DataPoint 
    set
        description=? 
    where
        id=?
14:19:06,018 DEBUG SQL:104 - 
    update
        DataPoint 
    set
        description=? 
    where
        id=?
14:19:06,019 DEBUG SQL:104 - 
    update
        DataPoint 
    set
        description=? 
    where
        id=?
14:19:06,019 DEBUG SQL:104 - 
    update
        DataPoint 
    set
        description=? 
    where
        id=?
14:19:06,019 DEBUG SQL:104 - 
    update
        DataPoint 
    set
        description=? 
    where
        id=?
14:19:06,019 DEBUG SQL:104 - 
    update
        DataPoint 
    set
        description=? 
    where
        id=?
14:19:06,020 DEBUG SQL:104 - 
    update
        DataPoint 
    set
        description=? 
    where
        id=?
14:19:06,020 DEBUG SQL:104 - 
    update
        DataPoint 
    set
        description=? 
    where
        id=?
14:19:06,020 DEBUG SQL:104 - 
    update
        DataPoint 
    set
        description=? 
    where
        id=?
14:19:06,020 DEBUG SQL:104 - 
    update
        DataPoint 
    set
        description=? 
    where
        id=?
14:19:06,033 DEBUG SQL:104 - 
    update
        DataPoint 
    set
        description=? 
    where
        id=?
14:19:06,033 DEBUG SQL:104 - 
    update
        DataPoint 
    set
        description=? 
    where
        id=?
14:19:06,033 DEBUG SQL:104 - 
    update
        DataPoint 
    set
        description=? 
    where
        id=?
14:19:06,033 DEBUG SQL:104 - 
    update
        DataPoint 
    set
        description=? 
    where
        id=?
14:19:06,043 DEBUG SQL:104 - 
    update
        DataPoint 
    set
        description=? 
    where
        id=?
14:19:06,044 DEBUG SQL:104 - 
    update
        DataPoint 
    set
        description=? 
    where
        id=?
14:19:06,044 DEBUG SQL:104 - 
    update
        DataPoint 
    set
        description=? 
    where
        id=?
14:19:06,044 DEBUG SQL:104 - 
    update
        DataPoint 
    set
        description=? 
    where
        id=?
14:19:06,044 DEBUG SQL:104 - 
    update
        DataPoint 
    set
        description=? 
    where
        id=?
14:19:06,044 DEBUG SQL:104 - 
    update
        DataPoint 
    set
        description=? 
    where
        id=?
14:19:06,045 DEBUG SQL:104 - 
    update
        DataPoint 
    set
        description=? 
    where
        id=?
14:19:06,067 DEBUG SQL:104 - 
    update
        DataPoint 
    set
        description=? 
    where
        id=?
14:19:06,067 DEBUG SQL:104 - 
    update
        DataPoint 
    set
        description=? 
    where
        id=?
14:19:06,067 DEBUG SQL:104 - 
    update
        DataPoint 
    set
        description=? 
    where
        id=?
14:19:06,068 DEBUG SQL:104 - 
    update
        DataPoint 
    set
        description=? 
    where
        id=?
14:19:06,079 DEBUG SQL:104 - 
    update
        DataPoint 
    set
        description=? 
    where
        id=?
14:19:06,079 DEBUG SQL:104 - 
    update
        DataPoint 
    set
        description=? 
    where
        id=?
14:19:06,080 DEBUG SQL:104 - 
    update
        DataPoint 
    set
        description=? 
    where
        id=?
14:19:06,080 DEBUG SQL:104 - 
    update
        DataPoint 
    set
        description=? 
    where
        id=?
14:19:06,089 DEBUG SQL:104 - 
    update
        DataPoint 
    set
        description=? 
    where
        id=?
14:19:06,089 DEBUG SQL:104 - 
    update
        DataPoint 
    set
        description=? 
    where
        id=?
14:19:06,089 DEBUG SQL:104 - 
    update
        DataPoint 
    set
        description=? 
    where
        id=?
14:19:06,090 DEBUG SQL:104 - 
    update
        DataPoint 
    set
        description=? 
    where
        id=?
14:19:06,090 DEBUG SQL:104 - 
    update
        DataPoint 
    set
        description=? 
    where
        id=?
14:19:06,099 DEBUG SQL:104 - 
    update
        DataPoint 
    set
        description=? 
    where
        id=?
14:19:06,099 DEBUG SQL:104 - 
    update
        DataPoint 
    set
        description=? 
    where
        id=?
14:19:06,100 DEBUG SQL:104 - 
    update
        DataPoint 
    set
        description=? 
    where
        id=?
14:19:06,100 DEBUG SQL:104 - 
    update
        DataPoint 
    set
        description=? 
    where
        id=?
14:19:06,148 DEBUG SQL:104 - 
    update
        DataPoint 
    set
        description=? 
    where
        id=?
14:19:06,148 DEBUG SQL:104 - 
    update
        DataPoint 
    set
        description=? 
    where
        id=?
14:19:06,149 DEBUG SQL:104 - 
    update
        DataPoint 
    set
        description=? 
    where
        id=?
14:19:06,149 DEBUG SQL:104 - 
    update
        DataPoint 
    set
        description=? 
    where
        id=?
14:19:06,149 DEBUG SQL:104 - 
    update
        DataPoint 
    set
        description=? 
    where
        id=?
14:19:06,149 DEBUG SQL:104 - 
    update
        DataPoint 
    set
        description=? 
    where
        id=?
14:19:06,150 DEBUG SQL:104 - 
    update
        DataPoint 
    set
        description=? 
    where
        id=?
14:19:06,150 DEBUG SQL:104 - 
    update
        DataPoint 
    set
        description=? 
    where
        id=?
14:19:06,150 DEBUG SQL:104 - 
    update
        DataPoint 
    set
        description=? 
    where
        id=?
14:19:06,150 DEBUG SQL:104 - 
    update
        DataPoint 
    set
        description=? 
    where
        id=?
14:19:06,151 DEBUG SQL:104 - 
    update
        DataPoint 
    set
        description=? 
    where
        id=?
14:19:06,151 DEBUG SQL:104 - 
    update
        DataPoint 
    set
        description=? 
    where
        id=?
14:19:06,151 DEBUG SQL:104 - 
    update
        DataPoint 
    set
        description=? 
    where
        id=?
14:19:06,151 DEBUG SQL:104 - 
    update
        DataPoint 
    set
        description=? 
    where
        id=?
14:19:06,152 DEBUG SQL:104 - 
    update
        DataPoint 
    set
        description=? 
    where
        id=?
14:19:06,152 DEBUG SQL:104 - 
    update
        DataPoint 
    set
        description=? 
    where
        id=?
14:19:06,152 DEBUG SQL:104 - 
    update
        DataPoint 
    set
        description=? 
    where
        id=?
14:19:06,152 DEBUG SQL:104 - 
    update
        DataPoint 
    set
        description=? 
    where
        id=?
14:19:06,153 DEBUG SQL:104 - 
    update
        DataPoint 
    set
        description=? 
    where
        id=?
14:19:06,153 DEBUG SQL:104 - 
    update
        DataPoint 
    set
        description=? 
    where
        id=?
14:19:06,153 DEBUG SQL:104 - 
    update
        DataPoint 
    set
        description=? 
    where
        id=?
14:19:06,153 DEBUG SQL:104 - 
    update
        DataPoint 
    set
        description=? 
    where
        id=?
14:19:06,159 DEBUG SQL:104 - 
    update
        DataPoint 
    set
        description=? 
    where
        id=?
14:19:06,159 DEBUG SQL:104 - 
    update
        DataPoint 
    set
        description=? 
    where
        id=?
14:19:06,160 DEBUG SQL:104 - 
    update
        DataPoint 
    set
        description=? 
    where
        id=?
14:19:06,160 DEBUG SQL:104 - 
    update
        DataPoint 
    set
        description=? 
    where
        id=?
14:19:06,160 DEBUG SQL:104 - 
    update
        DataPoint 
    set
        description=? 
    where
        id=?
14:19:06,173 DEBUG SQL:104 - 
    update
        DataPoint 
    set
        description=? 
    where
        id=?
14:19:06,173 DEBUG SQL:104 - 
    update
        DataPoint 
    set
        description=? 
    where
        id=?
14:19:06,174 DEBUG SQL:104 - 
    update
        DataPoint 
    set
        description=? 
    where
        id=?
14:19:06,174 DEBUG SQL:104 - 
    update
        DataPoint 
    set
        description=? 
    where
        id=?
14:19:06,185 DEBUG SQL:104 - 
    update
        DataPoint 
    set
        description=? 
    where
        id=?
14:19:06,185 DEBUG SQL:104 - 
    update
        DataPoint 
    set
        description=? 
    where
        id=?
14:19:06,195 DEBUG SQL:104 - 
    update
        DataPoint 
    set
        description=? 
    where
        id=?
14:19:06,196 DEBUG SQL:104 - 
    update
        DataPoint 
    set
        description=? 
    where
        id=?
14:19:06,196 DEBUG SQL:104 - 
    update
        DataPoint 
    set
        description=? 
    where
        id=?
14:19:06,196 DEBUG SQL:104 - 
    update
        DataPoint 
    set
        description=? 
    where
        id=?
14:19:06,197 DEBUG SQL:104 - 
    update
        DataPoint 
    set
        description=? 
    where
        id=?
14:19:06,206 DEBUG SQL:104 - 
    update
        DataPoint 
    set
        description=? 
    where
        id=?
14:19:06,206 DEBUG SQL:104 - 
    update
        DataPoint 
    set
        description=? 
    where
        id=?
14:19:06,207 DEBUG SQL:104 - 
    update
        DataPoint 
    set
        description=? 
    where
        id=?
14:19:06,207 DEBUG SQL:104 - 
    update
        DataPoint 
    set
        description=? 
    where
        id=?
14:19:06,216 DEBUG SQL:104 - 
    update
        DataPoint 
    set
        description=? 
    where
        id=?
14:19:06,217 DEBUG SQL:104 - 
    update
        DataPoint 
    set
        description=? 
    where
        id=?
14:19:06,217 DEBUG SQL:104 - 
    update
        DataPoint 
    set
        description=? 
    where
        id=?
14:19:06,217 DEBUG SQL:104 - 
    update
        DataPoint 
    set
        description=? 
    where
        id=?
14:19:06,227 DEBUG SQL:104 - 
    update
        DataPoint 
    set
        description=? 
    where
        id=?
14:19:06,228 DEBUG SQL:104 - 
    update
        DataPoint 
    set
        description=? 
    where
        id=?
14:19:06,228 DEBUG SQL:104 - 
    update
        DataPoint 
    set
        description=? 
    where
        id=?
14:19:06,228 DEBUG SQL:104 - 
    update
        DataPoint 
    set
        description=? 
    where
        id=?
14:19:06,229 DEBUG SQL:104 - 
    update
        DataPoint 
    set
        description=? 
    where
        id=?
14:19:06,240 DEBUG SQL:104 - 
    update
        DataPoint 
    set
        description=? 
    where
        id=?
14:19:06,240 DEBUG SQL:104 - 
    update
        DataPoint 
    set
        description=? 
    where
        id=?
14:19:06,240 DEBUG SQL:104 - 
    update
        DataPoint 
    set
        description=? 
    where
        id=?
14:19:06,244 DEBUG QueryTranslatorImpl:265 - parse() - HQL: from org.hibernate.test.readonly.DataPoint where description='done!'
14:19:06,245 DEBUG QueryTranslatorImpl:283 - --- HQL AST ---
 \-[QUERY] Node: 'query'
    +-[SELECT_FROM] Node: 'SELECT_FROM'
    |  \-[FROM] Node: 'from'
    |     \-[RANGE] Node: 'RANGE'
    |        \-[DOT] Node: '.'
    |           +-[DOT] Node: '.'
    |           |  +-[DOT] Node: '.'
    |           |  |  +-[DOT] Node: '.'
    |           |  |  |  +-[IDENT] Node: 'org'
    |           |  |  |  \-[IDENT] Node: 'hibernate'
    |           |  |  \-[IDENT] Node: 'test'
    |           |  \-[IDENT] Node: 'readonly'
    |           \-[IDENT] Node: 'DataPoint'
    \-[WHERE] Node: 'where'
       \-[EQ] Node: '='
          +-[IDENT] Node: 'description'
          \-[QUOTED_STRING] Node: ''done!''

14:19:06,250 DEBUG ErrorCounter:82 - throwQueryException() : no errors
14:19:06,250 DEBUG FromElement:157 - FromClause{level=1} : org.hibernate.test.readonly.DataPoint (<no alias>) -> datapoint0_
14:19:06,251 DEBUG FromReferenceNode:74 - Resolved : {synthetic-alias} -> {synthetic-alias}
14:19:06,251 DEBUG DotNode:599 - getDataType() : description -> org.hibernate.type.StringType@2dc8de40
14:19:06,251 DEBUG FromReferenceNode:74 - Resolved : {synthetic-alias}.description -> datapoint0_.description
14:19:06,251 DEBUG HqlSqlWalker:629 - processQuery() :  ( SELECT ( FromClause{level=1} DataPoint datapoint0_ ) ( where ( = ( datapoint0_.description {synthetic-alias} description ) 'done!' ) ) )
14:19:06,251 DEBUG HqlSqlWalker:869 - Derived SELECT clause created.
14:19:06,251 DEBUG JoinProcessor:175 - Using FROM fragment [DataPoint datapoint0_]
14:19:06,252 DEBUG QueryTranslatorImpl:252 - --- SQL AST ---
 \-[SELECT] QueryNode: 'SELECT'  querySpaces (DataPoint)
    +-[SELECT_CLAUSE] SelectClause: '{derived select clause}'
    |  +-[SELECT_EXPR] SelectExpressionImpl: 'datapoint0_.id as id1_' {FromElement{explicit,not a collection join,not a fetch join,fetch non-lazy properties,classAlias=null,role=null,tableName=DataPoint,tableAlias=datapoint0_,origin=null,columns={,className=org.hibernate.test.readonly.DataPoint}}}
    |  \-[SQL_TOKEN] SqlFragment: 'datapoint0_.xval as xval1_, datapoint0_.yval as yval1_, datapoint0_.description as descript4_1_'
    +-[FROM] FromClause: 'from' FromClause{level=1, fromElementCounter=1, fromElements=1, fromElementByClassAlias=[], fromElementByTableAlias=[datapoint0_], fromElementsByPath=[], collectionJoinFromElementsByPath=[], impliedElements=[]}
    |  \-[FROM_FRAGMENT] FromElement: 'DataPoint datapoint0_' FromElement{explicit,not a collection join,not a fetch join,fetch non-lazy properties,classAlias=null,role=null,tableName=DataPoint,tableAlias=datapoint0_,origin=null,columns={,className=org.hibernate.test.readonly.DataPoint}}
    \-[WHERE] SqlNode: 'where'
       \-[EQ] BinaryLogicOperatorNode: '='
          +-[DOT] DotNode: 'datapoint0_.description' {propertyName=description,dereferenceType=ALL,propertyPath=description,path={synthetic-alias}.description,tableAlias=datapoint0_,className=org.hibernate.test.readonly.DataPoint,classAlias=null}
          |  +-[IDENT] IdentNode: '{synthetic-alias}' {originalText={synthetic-alias}}
          |  \-[IDENT] IdentNode: 'description' {originalText=description}
          \-[QUOTED_STRING] LiteralNode: ''done!''

14:19:06,260 DEBUG ErrorCounter:82 - throwQueryException() : no errors
14:19:06,261 DEBUG QueryTranslatorImpl:235 - HQL: from org.hibernate.test.readonly.DataPoint where description='done!'
14:19:06,261 DEBUG QueryTranslatorImpl:236 - SQL: select datapoint0_.id as id1_, datapoint0_.xval as xval1_, datapoint0_.yval as yval1_, datapoint0_.description as descript4_1_ from DataPoint datapoint0_ where datapoint0_.description='done!'
14:19:06,261 DEBUG ErrorCounter:82 - throwQueryException() : no errors
14:19:06,262 DEBUG SQL:104 - 
    select
        datapoint0_.id as id1_,
        datapoint0_.xval as xval1_,
        datapoint0_.yval as yval1_,
        datapoint0_.description as descript4_1_ 
    from
        DataPoint datapoint0_ 
    where
        datapoint0_.description='done!'
14:19:06,264 DEBUG QueryTranslatorImpl:265 - parse() - HQL: delete from org.hibernate.test.readonly.DataPoint
14:19:06,264 DEBUG QueryTranslatorImpl:283 - --- HQL AST ---
 \-[DELETE] Node: 'delete'
    \-[FROM] Node: 'FROM'
       \-[RANGE] Node: 'RANGE'
          \-[DOT] Node: '.'
             +-[DOT] Node: '.'
             |  +-[DOT] Node: '.'
             |  |  +-[DOT] Node: '.'
             |  |  |  +-[IDENT] Node: 'org'
             |  |  |  \-[IDENT] Node: 'hibernate'
             |  |  \-[IDENT] Node: 'test'
             |  \-[IDENT] Node: 'readonly'
             \-[IDENT] Node: 'DataPoint'

14:19:06,272 DEBUG ErrorCounter:82 - throwQueryException() : no errors
14:19:06,273 DEBUG FromElement:157 - FromClause{level=1} : org.hibernate.test.readonly.DataPoint (<no alias>) -> datapoint0_
14:19:06,273 DEBUG QueryTranslatorImpl:252 - --- SQL AST ---
 \-[DELETE] DeleteStatement: 'delete'  querySpaces (DataPoint)
    \-[FROM] FromClause: 'FROM' FromClause{level=1, fromElementCounter=1, fromElements=1, fromElementByClassAlias=[], fromElementByTableAlias=[datapoint0_], fromElementsByPath=[], collectionJoinFromElementsByPath=[], impliedElements=[]}
       \-[FROM_FRAGMENT] FromElement: 'DataPoint' FromElement{explicit,not a collection join,not a fetch join,fetch non-lazy properties,classAlias=null,role=null,tableName=DataPoint,tableAlias=datapoint0_,origin=null,columns={,className=org.hibernate.test.readonly.DataPoint}}

14:19:06,273 DEBUG ErrorCounter:82 - throwQueryException() : no errors
14:19:06,273 DEBUG ErrorCounter:82 - throwQueryException() : no errors
14:19:06,274 DEBUG SQL:104 - 
    delete 
    from
        DataPoint
14:19:06,277  INFO CustomRunner:139 - Test: testModifiableSessionDefaultQueryReadOnlySessionIterate
14:19:06,282 DEBUG SQL:104 - 
    insert 
    into
        DataPoint
        (xval, yval, description, id) 
    values
        (?, ?, ?, ?)
14:19:06,282 DEBUG SQL:104 - 
    insert 
    into
        DataPoint
        (xval, yval, description, id) 
    values
        (?, ?, ?, ?)
14:19:06,282 DEBUG SQL:104 - 
    insert 
    into
        DataPoint
        (xval, yval, description, id) 
    values
        (?, ?, ?, ?)
14:19:06,283 DEBUG SQL:104 - 
    insert 
    into
        DataPoint
        (xval, yval, description, id) 
    values
        (?, ?, ?, ?)
14:19:06,283 DEBUG SQL:104 - 
    insert 
    into
        DataPoint
        (xval, yval, description, id) 
    values
        (?, ?, ?, ?)
14:19:06,283 DEBUG SQL:104 - 
    insert 
    into
        DataPoint
        (xval, yval, description, id) 
    values
        (?, ?, ?, ?)
14:19:06,288 DEBUG SQL:104 - 
    insert 
    into
        DataPoint
        (xval, yval, description, id) 
    values
        (?, ?, ?, ?)
14:19:06,288 DEBUG SQL:104 - 
    insert 
    into
        DataPoint
        (xval, yval, description, id) 
    values
        (?, ?, ?, ?)
14:19:06,288 DEBUG SQL:104 - 
    insert 
    into
        DataPoint
        (xval, yval, description, id) 
    values
        (?, ?, ?, ?)
14:19:06,288 DEBUG SQL:104 - 
    insert 
    into
        DataPoint
        (xval, yval, description, id) 
    values
        (?, ?, ?, ?)
14:19:06,301 DEBUG SQL:104 - 
    insert 
    into
        DataPoint
        (xval, yval, description, id) 
    values
        (?, ?, ?, ?)
14:19:06,302 DEBUG SQL:104 - 
    insert 
    into
        DataPoint
        (xval, yval, description, id) 
    values
        (?, ?, ?, ?)
14:19:06,302 DEBUG SQL:104 - 
    insert 
    into
        DataPoint
        (xval, yval, description, id) 
    values
        (?, ?, ?, ?)
14:19:06,302 DEBUG SQL:104 - 
    insert 
    into
        DataPoint
        (xval, yval, description, id) 
    values
        (?, ?, ?, ?)
14:19:06,311 DEBUG SQL:104 - 
    insert 
    into
        DataPoint
        (xval, yval, description, id) 
    values
        (?, ?, ?, ?)
14:19:06,311 DEBUG SQL:104 - 
    insert 
    into
        DataPoint
        (xval, yval, description, id) 
    values
        (?, ?, ?, ?)
14:19:06,311 DEBUG SQL:104 - 
    insert 
    into
        DataPoint
        (xval, yval, description, id) 
    values
        (?, ?, ?, ?)
14:19:06,321 DEBUG SQL:104 - 
    insert 
    into
        DataPoint
        (xval, yval, description, id) 
    values
        (?, ?, ?, ?)
14:19:06,321 DEBUG SQL:104 - 
    insert 
    into
        DataPoint
        (xval, yval, description, id) 
    values
        (?, ?, ?, ?)
14:19:06,321 DEBUG SQL:104 - 
    insert 
    into
        DataPoint
        (xval, yval, description, id) 
    values
        (?, ?, ?, ?)
14:19:06,321 DEBUG SQL:104 - 
    insert 
    into
        DataPoint
        (xval, yval, description, id) 
    values
        (?, ?, ?, ?)
14:19:06,334 DEBUG SQL:104 - 
    insert 
    into
        DataPoint
        (xval, yval, description, id) 
    values
        (?, ?, ?, ?)
14:19:06,334 DEBUG SQL:104 - 
    insert 
    into
        DataPoint
        (xval, yval, description, id) 
    values
        (?, ?, ?, ?)
14:19:06,335 DEBUG SQL:104 - 
    insert 
    into
        DataPoint
        (xval, yval, description, id) 
    values
        (?, ?, ?, ?)
14:19:06,335 DEBUG SQL:104 - 
    insert 
    into
        DataPoint
        (xval, yval, description, id) 
    values
        (?, ?, ?, ?)
14:19:06,355 DEBUG SQL:104 - 
    insert 
    into
        DataPoint
        (xval, yval, description, id) 
    values
        (?, ?, ?, ?)
14:19:06,355 DEBUG SQL:104 - 
    insert 
    into
        DataPoint
        (xval, yval, description, id) 
    values
        (?, ?, ?, ?)
14:19:06,355 DEBUG SQL:104 - 
    insert 
    into
        DataPoint
        (xval, yval, description, id) 
    values
        (?, ?, ?, ?)
14:19:06,356 DEBUG SQL:104 - 
    insert 
    into
        DataPoint
        (xval, yval, description, id) 
    values
        (?, ?, ?, ?)
14:19:06,356 DEBUG SQL:104 - 
    insert 
    into
        DataPoint
        (xval, yval, description, id) 
    values
        (?, ?, ?, ?)
14:19:06,357 DEBUG SQL:104 - 
    insert 
    into
        DataPoint
        (xval, yval, description, id) 
    values
        (?, ?, ?, ?)
14:19:06,358 DEBUG SQL:104 - 
    insert 
    into
        DataPoint
        (xval, yval, description, id) 
    values
        (?, ?, ?, ?)
14:19:06,358 DEBUG SQL:104 - 
    insert 
    into
        DataPoint
        (xval, yval, description, id) 
    values
        (?, ?, ?, ?)
14:19:06,358 DEBUG SQL:104 - 
    insert 
    into
        DataPoint
        (xval, yval, description, id) 
    values
        (?, ?, ?, ?)
14:19:06,367 DEBUG SQL:104 - 
    insert 
    into
        DataPoint
        (xval, yval, description, id) 
    values
        (?, ?, ?, ?)
14:19:06,368 DEBUG SQL:104 - 
    insert 
    into
        DataPoint
        (xval, yval, description, id) 
    values
        (?, ?, ?, ?)
14:19:06,368 DEBUG SQL:104 - 
    insert 
    into
        DataPoint
        (xval, yval, description, id) 
    values
        (?, ?, ?, ?)
14:19:06,368 DEBUG SQL:104 - 
    insert 
    into
        DataPoint
        (xval, yval, description, id) 
    values
        (?, ?, ?, ?)
14:19:06,377 DEBUG SQL:104 - 
    insert 
    into
        DataPoint
        (xval, yval, description, id) 
    values
        (?, ?, ?, ?)
14:19:06,378 DEBUG SQL:104 - 
    insert 
    into
        DataPoint
        (xval, yval, description, id) 
    values
        (?, ?, ?, ?)
14:19:06,378 DEBUG SQL:104 - 
    insert 
    into
        DataPoint
        (xval, yval, description, id) 
    values
        (?, ?, ?, ?)
14:19:06,378 DEBUG SQL:104 - 
    insert 
    into
        DataPoint
        (xval, yval, description, id) 
    values
        (?, ?, ?, ?)
14:19:06,378 DEBUG SQL:104 - 
    insert 
    into
        DataPoint
        (xval, yval, description, id) 
    values
        (?, ?, ?, ?)
14:19:06,389 DEBUG SQL:104 - 
    insert 
    into
        DataPoint
        (xval, yval, description, id) 
    values
        (?, ?, ?, ?)
14:19:06,390 DEBUG SQL:104 - 
    insert 
    into
        DataPoint
        (xval, yval, description, id) 
    values
        (?, ?, ?, ?)
14:19:06,390 DEBUG SQL:104 - 
    insert 
    into
        DataPoint
        (xval, yval, description, id) 
    values
        (?, ?, ?, ?)
14:19:06,390 DEBUG SQL:104 - 
    insert 
    into
        DataPoint
        (xval, yval, description, id) 
    values
        (?, ?, ?, ?)
14:19:06,400 DEBUG SQL:104 - 
    insert 
    into
        DataPoint
        (xval, yval, description, id) 
    values
        (?, ?, ?, ?)
14:19:06,400 DEBUG SQL:104 - 
    insert 
    into
        DataPoint
        (xval, yval, description, id) 
    values
        (?, ?, ?, ?)
14:19:06,400 DEBUG SQL:104 - 
    insert 
    into
        DataPoint
        (xval, yval, description, id) 
    values
        (?, ?, ?, ?)
14:19:06,400 DEBUG SQL:104 - 
    insert 
    into
        DataPoint
        (xval, yval, description, id) 
    values
        (?, ?, ?, ?)
14:19:06,401 DEBUG SQL:104 - 
    insert 
    into
        DataPoint
        (xval, yval, description, id) 
    values
        (?, ?, ?, ?)
14:19:06,401 DEBUG SQL:104 - 
    insert 
    into
        DataPoint
        (xval, yval, description, id) 
    values
        (?, ?, ?, ?)
14:19:06,401 DEBUG SQL:104 - 
    insert 
    into
        DataPoint
        (xval, yval, description, id) 
    values
        (?, ?, ?, ?)
14:19:06,401 DEBUG SQL:104 - 
    insert 
    into
        DataPoint
        (xval, yval, description, id) 
    values
        (?, ?, ?, ?)
14:19:06,401 DEBUG SQL:104 - 
    insert 
    into
        DataPoint
        (xval, yval, description, id) 
    values
        (?, ?, ?, ?)
14:19:06,414 DEBUG SQL:104 - 
    insert 
    into
        DataPoint
        (xval, yval, description, id) 
    values
        (?, ?, ?, ?)
14:19:06,414 DEBUG SQL:104 - 
    insert 
    into
        DataPoint
        (xval, yval, description, id) 
    values
        (?, ?, ?, ?)
14:19:06,415 DEBUG SQL:104 - 
    insert 
    into
        DataPoint
        (xval, yval, description, id) 
    values
        (?, ?, ?, ?)
14:19:06,415 DEBUG SQL:104 - 
    insert 
    into
        DataPoint
        (xval, yval, description, id) 
    values
        (?, ?, ?, ?)
14:19:06,426 DEBUG SQL:104 - 
    insert 
    into
        DataPoint
        (xval, yval, description, id) 
    values
        (?, ?, ?, ?)
14:19:06,426 DEBUG SQL:104 - 
    insert 
    into
        DataPoint
        (xval, yval, description, id) 
    values
        (?, ?, ?, ?)
14:19:06,426 DEBUG SQL:104 - 
    insert 
    into
        DataPoint
        (xval, yval, description, id) 
    values
        (?, ?, ?, ?)
14:19:06,427 DEBUG SQL:104 - 
    insert 
    into
        DataPoint
        (xval, yval, description, id) 
    values
        (?, ?, ?, ?)
14:19:06,427 DEBUG SQL:104 - 
    insert 
    into
        DataPoint
        (xval, yval, description, id) 
    values
        (?, ?, ?, ?)
14:19:06,436 DEBUG SQL:104 - 
    insert 
    into
        DataPoint
        (xval, yval, description, id) 
    values
        (?, ?, ?, ?)
14:19:06,437 DEBUG SQL:104 - 
    insert 
    into
        DataPoint
        (xval, yval, description, id) 
    values
        (?, ?, ?, ?)
14:19:06,447 DEBUG SQL:104 - 
    insert 
    into
        DataPoint
        (xval, yval, description, id) 
    values
        (?, ?, ?, ?)
14:19:06,448 DEBUG SQL:104 - 
    insert 
    into
        DataPoint
        (xval, yval, description, id) 
    values
        (?, ?, ?, ?)
14:19:06,448 DEBUG SQL:104 - 
    insert 
    into
        DataPoint
        (xval, yval, description, id) 
    values
        (?, ?, ?, ?)
14:19:06,448 DEBUG SQL:104 - 
    insert 
    into
        DataPoint
        (xval, yval, description, id) 
    values
        (?, ?, ?, ?)
14:19:06,458 DEBUG SQL:104 - 
    insert 
    into
        DataPoint
        (xval, yval, description, id) 
    values
        (?, ?, ?, ?)
14:19:06,458 DEBUG SQL:104 - 
    insert 
    into
        DataPoint
        (xval, yval, description, id) 
    values
        (?, ?, ?, ?)
14:19:06,459 DEBUG SQL:104 - 
    insert 
    into
        DataPoint
        (xval, yval, description, id) 
    values
        (?, ?, ?, ?)
14:19:06,459 DEBUG SQL:104 - 
    insert 
    into
        DataPoint
        (xval, yval, description, id) 
    values
        (?, ?, ?, ?)
14:19:06,459 DEBUG SQL:104 - 
    insert 
    into
        DataPoint
        (xval, yval, description, id) 
    values
        (?, ?, ?, ?)
14:19:06,468 DEBUG SQL:104 - 
    insert 
    into
        DataPoint
        (xval, yval, description, id) 
    values
        (?, ?, ?, ?)
14:19:06,468 DEBUG SQL:104 - 
    insert 
    into
        DataPoint
        (xval, yval, description, id) 
    values
        (?, ?, ?, ?)
14:19:06,469 DEBUG SQL:104 - 
    insert 
    into
        DataPoint
        (xval, yval, description, id) 
    values
        (?, ?, ?, ?)
14:19:06,469 DEBUG SQL:104 - 
    insert 
    into
        DataPoint
        (xval, yval, description, id) 
    values
        (?, ?, ?, ?)
14:19:06,480 DEBUG SQL:104 - 
    insert 
    into
        DataPoint
        (xval, yval, description, id) 
    values
        (?, ?, ?, ?)
14:19:06,480 DEBUG SQL:104 - 
    insert 
    into
        DataPoint
        (xval, yval, description, id) 
    values
        (?, ?, ?, ?)
14:19:06,480 DEBUG SQL:104 - 
    insert 
    into
        DataPoint
        (xval, yval, description, id) 
    values
        (?, ?, ?, ?)
14:19:06,480 DEBUG SQL:104 - 
    insert 
    into
        DataPoint
        (xval, yval, description, id) 
    values
        (?, ?, ?, ?)
14:19:06,491 DEBUG SQL:104 - 
    insert 
    into
        DataPoint
        (xval, yval, description, id) 
    values
        (?, ?, ?, ?)
14:19:06,491 DEBUG SQL:104 - 
    insert 
    into
        DataPoint
        (xval, yval, description, id) 
    values
        (?, ?, ?, ?)
14:19:06,491 DEBUG SQL:104 - 
    insert 
    into
        DataPoint
        (xval, yval, description, id) 
    values
        (?, ?, ?, ?)
14:19:06,492 DEBUG SQL:104 - 
    insert 
    into
        DataPoint
        (xval, yval, description, id) 
    values
        (?, ?, ?, ?)
14:19:06,492 DEBUG SQL:104 - 
    insert 
    into
        DataPoint
        (xval, yval, description, id) 
    values
        (?, ?, ?, ?)
14:19:06,501 DEBUG SQL:104 - 
    insert 
    into
        DataPoint
        (xval, yval, description, id) 
    values
        (?, ?, ?, ?)
14:19:06,501 DEBUG SQL:104 - 
    insert 
    into
        DataPoint
        (xval, yval, description, id) 
    values
        (?, ?, ?, ?)
14:19:06,502 DEBUG SQL:104 - 
    insert 
    into
        DataPoint
        (xval, yval, description, id) 
    values
        (?, ?, ?, ?)
14:19:06,502 DEBUG SQL:104 - 
    insert 
    into
        DataPoint
        (xval, yval, description, id) 
    values
        (?, ?, ?, ?)
14:19:06,538 DEBUG SQL:104 - 
    insert 
    into
        DataPoint
        (xval, yval, description, id) 
    values
        (?, ?, ?, ?)
14:19:06,539 DEBUG SQL:104 - 
    insert 
    into
        DataPoint
        (xval, yval, description, id) 
    values
        (?, ?, ?, ?)
14:19:06,539 DEBUG SQL:104 - 
    insert 
    into
        DataPoint
        (xval, yval, description, id) 
    values
        (?, ?, ?, ?)
14:19:06,539 DEBUG SQL:104 - 
    insert 
    into
        DataPoint
        (xval, yval, description, id) 
    values
        (?, ?, ?, ?)
14:19:06,540 DEBUG SQL:104 - 
    insert 
    into
        DataPoint
        (xval, yval, description, id) 
    values
        (?, ?, ?, ?)
14:19:06,540 DEBUG SQL:104 - 
    insert 
    into
        DataPoint
        (xval, yval, description, id) 
    values
        (?, ?, ?, ?)
14:19:06,540 DEBUG SQL:104 - 
    insert 
    into
        DataPoint
        (xval, yval, description, id) 
    values
        (?, ?, ?, ?)
14:19:06,541 DEBUG QueryTranslatorImpl:265 - parse() - HQL: from org.hibernate.test.readonly.DataPoint dp order by dp.x asc
14:19:06,542 DEBUG QueryTranslatorImpl:283 - --- HQL AST ---
 \-[QUERY] Node: 'query'
    +-[SELECT_FROM] Node: 'SELECT_FROM'
    |  \-[FROM] Node: 'from'
    |     \-[RANGE] Node: 'RANGE'
    |        +-[DOT] Node: '.'
    |        |  +-[DOT] Node: '.'
    |        |  |  +-[DOT] Node: '.'
    |        |  |  |  +-[DOT] Node: '.'
    |        |  |  |  |  +-[IDENT] Node: 'org'
    |        |  |  |  |  \-[IDENT] Node: 'hibernate'
    |        |  |  |  \-[IDENT] Node: 'test'
    |        |  |  \-[IDENT] Node: 'readonly'
    |        |  \-[IDENT] Node: 'DataPoint'
    |        \-[ALIAS] Node: 'dp'
    \-[ORDER] Node: 'order'
       +-[DOT] Node: '.'
       |  +-[IDENT] Node: 'dp'
       |  \-[IDENT] Node: 'x'
       \-[ASCENDING] Node: 'asc'

14:19:06,542 DEBUG ErrorCounter:82 - throwQueryException() : no errors
14:19:06,542 DEBUG FromElement:157 - FromClause{level=1} : org.hibernate.test.readonly.DataPoint (dp) -> datapoint0_
14:19:06,542 DEBUG FromReferenceNode:74 - Resolved : dp -> datapoint0_.id
14:19:06,543 DEBUG DotNode:599 - getDataType() : x -> org.hibernate.type.BigDecimalType@3bb4a749
14:19:06,543 DEBUG FromReferenceNode:74 - Resolved : dp.x -> datapoint0_.xval
14:19:06,543 DEBUG HqlSqlWalker:629 - processQuery() :  ( SELECT ( FromClause{level=1} DataPoint datapoint0_ ) ( order ( datapoint0_.xval datapoint0_.id x ) asc ) )
14:19:06,543 DEBUG HqlSqlWalker:869 - Derived SELECT clause created.
14:19:06,543 DEBUG JoinProcessor:175 - Using FROM fragment [DataPoint datapoint0_]
14:19:06,543 DEBUG QueryTranslatorImpl:252 - --- SQL AST ---
 \-[SELECT] QueryNode: 'SELECT'  querySpaces (DataPoint)
    +-[SELECT_CLAUSE] SelectClause: '{derived select clause}'
    |  \-[SELECT_EXPR] SelectExpressionImpl: 'datapoint0_.id as col_0_0_' {FromElement{explicit,not a collection join,not a fetch join,fetch non-lazy properties,classAlias=dp,role=null,tableName=DataPoint,tableAlias=datapoint0_,origin=null,columns={,className=org.hibernate.test.readonly.DataPoint}}}
    +-[FROM] FromClause: 'from' FromClause{level=1, fromElementCounter=1, fromElements=1, fromElementByClassAlias=[dp], fromElementByTableAlias=[datapoint0_], fromElementsByPath=[], collectionJoinFromElementsByPath=[], impliedElements=[]}
    |  \-[FROM_FRAGMENT] FromElement: 'DataPoint datapoint0_' FromElement{explicit,not a collection join,not a fetch join,fetch non-lazy properties,classAlias=dp,role=null,tableName=DataPoint,tableAlias=datapoint0_,origin=null,columns={,className=org.hibernate.test.readonly.DataPoint}}
    \-[ORDER] OrderByClause: 'order'
       +-[DOT] DotNode: 'datapoint0_.xval' {propertyName=x,dereferenceType=ALL,propertyPath=x,path=dp.x,tableAlias=datapoint0_,className=org.hibernate.test.readonly.DataPoint,classAlias=dp}
       |  +-[ALIAS_REF] IdentNode: 'datapoint0_.id' {alias=dp, className=org.hibernate.test.readonly.DataPoint, tableAlias=datapoint0_}
       |  \-[IDENT] IdentNode: 'x' {originalText=x}
       \-[ASCENDING] SqlNode: 'asc'

14:19:06,543 DEBUG ErrorCounter:82 - throwQueryException() : no errors
14:19:06,544 DEBUG QueryTranslatorImpl:235 - HQL: from org.hibernate.test.readonly.DataPoint dp order by dp.x asc
14:19:06,544 DEBUG QueryTranslatorImpl:236 - SQL: select datapoint0_.id as col_0_0_ from DataPoint datapoint0_ order by datapoint0_.xval asc
14:19:06,544 DEBUG ErrorCounter:82 - throwQueryException() : no errors
14:19:06,544 DEBUG SQL:104 - 
    select
        datapoint0_.id as col_0_0_ 
    from
        DataPoint datapoint0_ 
    order by
        datapoint0_.xval asc
14:19:06,544 DEBUG SQL:104 - 
    select
        datapoint0_.id as id1_0_,
        datapoint0_.xval as xval1_0_,
        datapoint0_.yval as yval1_0_,
        datapoint0_.description as descript4_1_0_ 
    from
        DataPoint datapoint0_ 
    where
        datapoint0_.id=?
14:19:06,545 DEBUG SQL:104 - 
    select
        datapoint0_.id as id1_0_,
        datapoint0_.xval as xval1_0_,
        datapoint0_.yval as yval1_0_,
        datapoint0_.description as descript4_1_0_ 
    from
        DataPoint datapoint0_ 
    where
        datapoint0_.id=?
14:19:06,555 DEBUG SQL:104 - 
    select
        datapoint0_.id as id1_0_,
        datapoint0_.xval as xval1_0_,
        datapoint0_.yval as yval1_0_,
        datapoint0_.description as descript4_1_0_ 
    from
        DataPoint datapoint0_ 
    where
        datapoint0_.id=?
14:19:06,556 DEBUG SQL:104 - 
    select
        datapoint0_.id as id1_0_,
        datapoint0_.xval as xval1_0_,
        datapoint0_.yval as yval1_0_,
        datapoint0_.description as descript4_1_0_ 
    from
        DataPoint datapoint0_ 
    where
        datapoint0_.id=?
14:19:06,556 DEBUG SQL:104 - 
    select
        datapoint0_.id as id1_0_,
        datapoint0_.xval as xval1_0_,
        datapoint0_.yval as yval1_0_,
        datapoint0_.description as descript4_1_0_ 
    from
        DataPoint datapoint0_ 
    where
        datapoint0_.id=?
14:19:06,567 DEBUG SQL:104 - 
    select
        datapoint0_.id as id1_0_,
        datapoint0_.xval as xval1_0_,
        datapoint0_.yval as yval1_0_,
        datapoint0_.description as descript4_1_0_ 
    from
        DataPoint datapoint0_ 
    where
        datapoint0_.id=?
14:19:06,568 DEBUG SQL:104 - 
    select
        datapoint0_.id as id1_0_,
        datapoint0_.xval as xval1_0_,
        datapoint0_.yval as yval1_0_,
        datapoint0_.description as descript4_1_0_ 
    from
        DataPoint datapoint0_ 
    where
        datapoint0_.id=?
14:19:06,568 DEBUG SQL:104 - 
    select
        datapoint0_.id as id1_0_,
        datapoint0_.xval as xval1_0_,
        datapoint0_.yval as yval1_0_,
        datapoint0_.description as descript4_1_0_ 
    from
        DataPoint datapoint0_ 
    where
        datapoint0_.id=?
14:19:06,577 DEBUG SQL:104 - 
    select
        datapoint0_.id as id1_0_,
        datapoint0_.xval as xval1_0_,
        datapoint0_.yval as yval1_0_,
        datapoint0_.description as descript4_1_0_ 
    from
        DataPoint datapoint0_ 
    where
        datapoint0_.id=?
14:19:06,577 DEBUG SQL:104 - 
    select
        datapoint0_.id as id1_0_,
        datapoint0_.xval as xval1_0_,
        datapoint0_.yval as yval1_0_,
        datapoint0_.description as descript4_1_0_ 
    from
        DataPoint datapoint0_ 
    where
        datapoint0_.id=?
14:19:06,591 DEBUG SQL:104 - 
    select
        datapoint0_.id as id1_0_,
        datapoint0_.xval as xval1_0_,
        datapoint0_.yval as yval1_0_,
        datapoint0_.description as descript4_1_0_ 
    from
        DataPoint datapoint0_ 
    where
        datapoint0_.id=?
14:19:06,591 DEBUG SQL:104 - 
    select
        datapoint0_.id as id1_0_,
        datapoint0_.xval as xval1_0_,
        datapoint0_.yval as yval1_0_,
        datapoint0_.description as descript4_1_0_ 
    from
        DataPoint datapoint0_ 
    where
        datapoint0_.id=?
14:19:06,591 DEBUG SQL:104 - 
    select
        datapoint0_.id as id1_0_,
        datapoint0_.xval as xval1_0_,
        datapoint0_.yval as yval1_0_,
        datapoint0_.description as descript4_1_0_ 
    from
        DataPoint datapoint0_ 
    where
        datapoint0_.id=?
14:19:06,599 DEBUG SQL:104 - 
    select
        datapoint0_.id as id1_0_,
        datapoint0_.xval as xval1_0_,
        datapoint0_.yval as yval1_0_,
        datapoint0_.description as descript4_1_0_ 
    from
        DataPoint datapoint0_ 
    where
        datapoint0_.id=?
14:19:06,599 DEBUG SQL:104 - 
    select
        datapoint0_.id as id1_0_,
        datapoint0_.xval as xval1_0_,
        datapoint0_.yval as yval1_0_,
        datapoint0_.description as descript4_1_0_ 
    from
        DataPoint datapoint0_ 
    where
        datapoint0_.id=?
14:19:06,600 DEBUG SQL:104 - 
    select
        datapoint0_.id as id1_0_,
        datapoint0_.xval as xval1_0_,
        datapoint0_.yval as yval1_0_,
        datapoint0_.description as descript4_1_0_ 
    from
        DataPoint datapoint0_ 
    where
        datapoint0_.id=?
14:19:06,610 DEBUG SQL:104 - 
    select
        datapoint0_.id as id1_0_,
        datapoint0_.xval as xval1_0_,
        datapoint0_.yval as yval1_0_,
        datapoint0_.description as descript4_1_0_ 
    from
        DataPoint datapoint0_ 
    where
        datapoint0_.id=?
14:19:06,611 DEBUG SQL:104 - 
    select
        datapoint0_.id as id1_0_,
        datapoint0_.xval as xval1_0_,
        datapoint0_.yval as yval1_0_,
        datapoint0_.description as descript4_1_0_ 
    from
        DataPoint datapoint0_ 
    where
        datapoint0_.id=?
14:19:06,611 DEBUG SQL:104 - 
    select
        datapoint0_.id as id1_0_,
        datapoint0_.xval as xval1_0_,
        datapoint0_.yval as yval1_0_,
        datapoint0_.description as descript4_1_0_ 
    from
        DataPoint datapoint0_ 
    where
        datapoint0_.id=?
14:19:06,623 DEBUG SQL:104 - 
    select
        datapoint0_.id as id1_0_,
        datapoint0_.xval as xval1_0_,
        datapoint0_.yval as yval1_0_,
        datapoint0_.description as descript4_1_0_ 
    from
        DataPoint datapoint0_ 
    where
        datapoint0_.id=?
14:19:06,623 DEBUG SQL:104 - 
    select
        datapoint0_.id as id1_0_,
        datapoint0_.xval as xval1_0_,
        datapoint0_.yval as yval1_0_,
        datapoint0_.description as descript4_1_0_ 
    from
        DataPoint datapoint0_ 
    where
        datapoint0_.id=?
14:19:06,623 DEBUG SQL:104 - 
    select
        datapoint0_.id as id1_0_,
        datapoint0_.xval as xval1_0_,
        datapoint0_.yval as yval1_0_,
        datapoint0_.description as descript4_1_0_ 
    from
        DataPoint datapoint0_ 
    where
        datapoint0_.id=?
14:19:06,632 DEBUG SQL:104 - 
    select
        datapoint0_.id as id1_0_,
        datapoint0_.xval as xval1_0_,
        datapoint0_.yval as yval1_0_,
        datapoint0_.description as descript4_1_0_ 
    from
        DataPoint datapoint0_ 
    where
        datapoint0_.id=?
14:19:06,633 DEBUG SQL:104 - 
    select
        datapoint0_.id as id1_0_,
        datapoint0_.xval as xval1_0_,
        datapoint0_.yval as yval1_0_,
        datapoint0_.description as descript4_1_0_ 
    from
        DataPoint datapoint0_ 
    where
        datapoint0_.id=?
14:19:06,633 DEBUG SQL:104 - 
    select
        datapoint0_.id as id1_0_,
        datapoint0_.xval as xval1_0_,
        datapoint0_.yval as yval1_0_,
        datapoint0_.description as descript4_1_0_ 
    from
        DataPoint datapoint0_ 
    where
        datapoint0_.id=?
14:19:06,643 DEBUG SQL:104 - 
    select
        datapoint0_.id as id1_0_,
        datapoint0_.xval as xval1_0_,
        datapoint0_.yval as yval1_0_,
        datapoint0_.description as descript4_1_0_ 
    from
        DataPoint datapoint0_ 
    where
        datapoint0_.id=?
14:19:06,644 DEBUG SQL:104 - 
    select
        datapoint0_.id as id1_0_,
        datapoint0_.xval as xval1_0_,
        datapoint0_.yval as yval1_0_,
        datapoint0_.description as descript4_1_0_ 
    from
        DataPoint datapoint0_ 
    where
        datapoint0_.id=?
14:19:06,644 DEBUG SQL:104 - 
    select
        datapoint0_.id as id1_0_,
        datapoint0_.xval as xval1_0_,
        datapoint0_.yval as yval1_0_,
        datapoint0_.description as descript4_1_0_ 
    from
        DataPoint datapoint0_ 
    where
        datapoint0_.id=?
14:19:06,655 DEBUG SQL:104 - 
    select
        datapoint0_.id as id1_0_,
        datapoint0_.xval as xval1_0_,
        datapoint0_.yval as yval1_0_,
        datapoint0_.description as descript4_1_0_ 
    from
        DataPoint datapoint0_ 
    where
        datapoint0_.id=?
14:19:06,655 DEBUG SQL:104 - 
    select
        datapoint0_.id as id1_0_,
        datapoint0_.xval as xval1_0_,
        datapoint0_.yval as yval1_0_,
        datapoint0_.description as descript4_1_0_ 
    from
        DataPoint datapoint0_ 
    where
        datapoint0_.id=?
14:19:06,656 DEBUG SQL:104 - 
    select
        datapoint0_.id as id1_0_,
        datapoint0_.xval as xval1_0_,
        datapoint0_.yval as yval1_0_,
        datapoint0_.description as descript4_1_0_ 
    from
        DataPoint datapoint0_ 
    where
        datapoint0_.id=?
14:19:06,665 DEBUG SQL:104 - 
    select
        datapoint0_.id as id1_0_,
        datapoint0_.xval as xval1_0_,
        datapoint0_.yval as yval1_0_,
        datapoint0_.description as descript4_1_0_ 
    from
        DataPoint datapoint0_ 
    where
        datapoint0_.id=?
14:19:06,665 DEBUG SQL:104 - 
    select
        datapoint0_.id as id1_0_,
        datapoint0_.xval as xval1_0_,
        datapoint0_.yval as yval1_0_,
        datapoint0_.description as descript4_1_0_ 
    from
        DataPoint datapoint0_ 
    where
        datapoint0_.id=?
14:19:06,666 DEBUG SQL:104 - 
    select
        datapoint0_.id as id1_0_,
        datapoint0_.xval as xval1_0_,
        datapoint0_.yval as yval1_0_,
        datapoint0_.description as descript4_1_0_ 
    from
        DataPoint datapoint0_ 
    where
        datapoint0_.id=?
14:19:06,666 DEBUG SQL:104 - 
    select
        datapoint0_.id as id1_0_,
        datapoint0_.xval as xval1_0_,
        datapoint0_.yval as yval1_0_,
        datapoint0_.description as descript4_1_0_ 
    from
        DataPoint datapoint0_ 
    where
        datapoint0_.id=?
14:19:06,666 DEBUG SQL:104 - 
    select
        datapoint0_.id as id1_0_,
        datapoint0_.xval as xval1_0_,
        datapoint0_.yval as yval1_0_,
        datapoint0_.description as descript4_1_0_ 
    from
        DataPoint datapoint0_ 
    where
        datapoint0_.id=?
14:19:06,666 DEBUG SQL:104 - 
    select
        datapoint0_.id as id1_0_,
        datapoint0_.xval as xval1_0_,
        datapoint0_.yval as yval1_0_,
        datapoint0_.description as descript4_1_0_ 
    from
        DataPoint datapoint0_ 
    where
        datapoint0_.id=?
14:19:06,676 DEBUG SQL:104 - 
    select
        datapoint0_.id as id1_0_,
        datapoint0_.xval as xval1_0_,
        datapoint0_.yval as yval1_0_,
        datapoint0_.description as descript4_1_0_ 
    from
        DataPoint datapoint0_ 
    where
        datapoint0_.id=?
14:19:06,677 DEBUG SQL:104 - 
    select
        datapoint0_.id as id1_0_,
        datapoint0_.xval as xval1_0_,
        datapoint0_.yval as yval1_0_,
        datapoint0_.description as descript4_1_0_ 
    from
        DataPoint datapoint0_ 
    where
        datapoint0_.id=?
14:19:06,677 DEBUG SQL:104 - 
    select
        datapoint0_.id as id1_0_,
        datapoint0_.xval as xval1_0_,
        datapoint0_.yval as yval1_0_,
        datapoint0_.description as descript4_1_0_ 
    from
        DataPoint datapoint0_ 
    where
        datapoint0_.id=?
14:19:06,688 DEBUG SQL:104 - 
    select
        datapoint0_.id as id1_0_,
        datapoint0_.xval as xval1_0_,
        datapoint0_.yval as yval1_0_,
        datapoint0_.description as descript4_1_0_ 
    from
        DataPoint datapoint0_ 
    where
        datapoint0_.id=?
14:19:06,688 DEBUG SQL:104 - 
    select
        datapoint0_.id as id1_0_,
        datapoint0_.xval as xval1_0_,
        datapoint0_.yval as yval1_0_,
        datapoint0_.description as descript4_1_0_ 
    from
        DataPoint datapoint0_ 
    where
        datapoint0_.id=?
14:19:06,688 DEBUG SQL:104 - 
    select
        datapoint0_.id as id1_0_,
        datapoint0_.xval as xval1_0_,
        datapoint0_.yval as yval1_0_,
        datapoint0_.description as descript4_1_0_ 
    from
        DataPoint datapoint0_ 
    where
        datapoint0_.id=?
14:19:06,697 DEBUG SQL:104 - 
    select
        datapoint0_.id as id1_0_,
        datapoint0_.xval as xval1_0_,
        datapoint0_.yval as yval1_0_,
        datapoint0_.description as descript4_1_0_ 
    from
        DataPoint datapoint0_ 
    where
        datapoint0_.id=?
14:19:06,697 DEBUG SQL:104 - 
    select
        datapoint0_.id as id1_0_,
        datapoint0_.xval as xval1_0_,
        datapoint0_.yval as yval1_0_,
        datapoint0_.description as descript4_1_0_ 
    from
        DataPoint datapoint0_ 
    where
        datapoint0_.id=?
14:19:06,709 DEBUG SQL:104 - 
    select
        datapoint0_.id as id1_0_,
        datapoint0_.xval as xval1_0_,
        datapoint0_.yval as yval1_0_,
        datapoint0_.description as descript4_1_0_ 
    from
        DataPoint datapoint0_ 
    where
        datapoint0_.id=?
14:19:06,709 DEBUG SQL:104 - 
    select
        datapoint0_.id as id1_0_,
        datapoint0_.xval as xval1_0_,
        datapoint0_.yval as yval1_0_,
        datapoint0_.description as descript4_1_0_ 
    from
        DataPoint datapoint0_ 
    where
        datapoint0_.id=?
14:19:06,709 DEBUG SQL:104 - 
    select
        datapoint0_.id as id1_0_,
        datapoint0_.xval as xval1_0_,
        datapoint0_.yval as yval1_0_,
        datapoint0_.description as descript4_1_0_ 
    from
        DataPoint datapoint0_ 
    where
        datapoint0_.id=?
14:19:06,720 DEBUG SQL:104 - 
    select
        datapoint0_.id as id1_0_,
        datapoint0_.xval as xval1_0_,
        datapoint0_.yval as yval1_0_,
        datapoint0_.description as descript4_1_0_ 
    from
        DataPoint datapoint0_ 
    where
        datapoint0_.id=?
14:19:06,721 DEBUG SQL:104 - 
    select
        datapoint0_.id as id1_0_,
        datapoint0_.xval as xval1_0_,
        datapoint0_.yval as yval1_0_,
        datapoint0_.description as descript4_1_0_ 
    from
        DataPoint datapoint0_ 
    where
        datapoint0_.id=?
14:19:06,721 DEBUG SQL:104 - 
    select
        datapoint0_.id as id1_0_,
        datapoint0_.xval as xval1_0_,
        datapoint0_.yval as yval1_0_,
        datapoint0_.description as descript4_1_0_ 
    from
        DataPoint datapoint0_ 
    where
        datapoint0_.id=?
14:19:06,730 DEBUG SQL:104 - 
    select
        datapoint0_.id as id1_0_,
        datapoint0_.xval as xval1_0_,
        datapoint0_.yval as yval1_0_,
        datapoint0_.description as descript4_1_0_ 
    from
        DataPoint datapoint0_ 
    where
        datapoint0_.id=?
14:19:06,731 DEBUG SQL:104 - 
    select
        datapoint0_.id as id1_0_,
        datapoint0_.xval as xval1_0_,
        datapoint0_.yval as yval1_0_,
        datapoint0_.description as descript4_1_0_ 
    from
        DataPoint datapoint0_ 
    where
        datapoint0_.id=?
14:19:06,731 DEBUG SQL:104 - 
    select
        datapoint0_.id as id1_0_,
        datapoint0_.xval as xval1_0_,
        datapoint0_.yval as yval1_0_,
        datapoint0_.description as descript4_1_0_ 
    from
        DataPoint datapoint0_ 
    where
        datapoint0_.id=?
14:19:06,741 DEBUG SQL:104 - 
    select
        datapoint0_.id as id1_0_,
        datapoint0_.xval as xval1_0_,
        datapoint0_.yval as yval1_0_,
        datapoint0_.description as descript4_1_0_ 
    from
        DataPoint datapoint0_ 
    where
        datapoint0_.id=?
14:19:06,741 DEBUG SQL:104 - 
    select
        datapoint0_.id as id1_0_,
        datapoint0_.xval as xval1_0_,
        datapoint0_.yval as yval1_0_,
        datapoint0_.description as descript4_1_0_ 
    from
        DataPoint datapoint0_ 
    where
        datapoint0_.id=?
14:19:06,741 DEBUG SQL:104 - 
    select
        datapoint0_.id as id1_0_,
        datapoint0_.xval as xval1_0_,
        datapoint0_.yval as yval1_0_,
        datapoint0_.description as descript4_1_0_ 
    from
        DataPoint datapoint0_ 
    where
        datapoint0_.id=?
14:19:06,754 DEBUG SQL:104 - 
    select
        datapoint0_.id as id1_0_,
        datapoint0_.xval as xval1_0_,
        datapoint0_.yval as yval1_0_,
        datapoint0_.description as descript4_1_0_ 
    from
        DataPoint datapoint0_ 
    where
        datapoint0_.id=?
14:19:06,754 DEBUG SQL:104 - 
    select
        datapoint0_.id as id1_0_,
        datapoint0_.xval as xval1_0_,
        datapoint0_.yval as yval1_0_,
        datapoint0_.description as descript4_1_0_ 
    from
        DataPoint datapoint0_ 
    where
        datapoint0_.id=?
14:19:06,755 DEBUG SQL:104 - 
    select
        datapoint0_.id as id1_0_,
        datapoint0_.xval as xval1_0_,
        datapoint0_.yval as yval1_0_,
        datapoint0_.description as descript4_1_0_ 
    from
        DataPoint datapoint0_ 
    where
        datapoint0_.id=?
14:19:06,764 DEBUG SQL:104 - 
    select
        datapoint0_.id as id1_0_,
        datapoint0_.xval as xval1_0_,
        datapoint0_.yval as yval1_0_,
        datapoint0_.description as descript4_1_0_ 
    from
        DataPoint datapoint0_ 
    where
        datapoint0_.id=?
14:19:06,764 DEBUG SQL:104 - 
    select
        datapoint0_.id as id1_0_,
        datapoint0_.xval as xval1_0_,
        datapoint0_.yval as yval1_0_,
        datapoint0_.description as descript4_1_0_ 
    from
        DataPoint datapoint0_ 
    where
        datapoint0_.id=?
14:19:06,765 DEBUG SQL:104 - 
    select
        datapoint0_.id as id1_0_,
        datapoint0_.xval as xval1_0_,
        datapoint0_.yval as yval1_0_,
        datapoint0_.description as descript4_1_0_ 
    from
        DataPoint datapoint0_ 
    where
        datapoint0_.id=?
14:19:06,776 DEBUG SQL:104 - 
    select
        datapoint0_.id as id1_0_,
        datapoint0_.xval as xval1_0_,
        datapoint0_.yval as yval1_0_,
        datapoint0_.description as descript4_1_0_ 
    from
        DataPoint datapoint0_ 
    where
        datapoint0_.id=?
14:19:06,776 DEBUG SQL:104 - 
    select
        datapoint0_.id as id1_0_,
        datapoint0_.xval as xval1_0_,
        datapoint0_.yval as yval1_0_,
        datapoint0_.description as descript4_1_0_ 
    from
        DataPoint datapoint0_ 
    where
        datapoint0_.id=?
14:19:06,777 DEBUG SQL:104 - 
    select
        datapoint0_.id as id1_0_,
        datapoint0_.xval as xval1_0_,
        datapoint0_.yval as yval1_0_,
        datapoint0_.description as descript4_1_0_ 
    from
        DataPoint datapoint0_ 
    where
        datapoint0_.id=?
14:19:06,787 DEBUG SQL:104 - 
    select
        datapoint0_.id as id1_0_,
        datapoint0_.xval as xval1_0_,
        datapoint0_.yval as yval1_0_,
        datapoint0_.description as descript4_1_0_ 
    from
        DataPoint datapoint0_ 
    where
        datapoint0_.id=?
14:19:06,787 DEBUG SQL:104 - 
    select
        datapoint0_.id as id1_0_,
        datapoint0_.xval as xval1_0_,
        datapoint0_.yval as yval1_0_,
        datapoint0_.description as descript4_1_0_ 
    from
        DataPoint datapoint0_ 
    where
        datapoint0_.id=?
14:19:06,788 DEBUG SQL:104 - 
    select
        datapoint0_.id as id1_0_,
        datapoint0_.xval as xval1_0_,
        datapoint0_.yval as yval1_0_,
        datapoint0_.description as descript4_1_0_ 
    from
        DataPoint datapoint0_ 
    where
        datapoint0_.id=?
14:19:06,798 DEBUG SQL:104 - 
    select
        datapoint0_.id as id1_0_,
        datapoint0_.xval as xval1_0_,
        datapoint0_.yval as yval1_0_,
        datapoint0_.description as descript4_1_0_ 
    from
        DataPoint datapoint0_ 
    where
        datapoint0_.id=?
14:19:06,798 DEBUG SQL:104 - 
    select
        datapoint0_.id as id1_0_,
        datapoint0_.xval as xval1_0_,
        datapoint0_.yval as yval1_0_,
        datapoint0_.description as descript4_1_0_ 
    from
        DataPoint datapoint0_ 
    where
        datapoint0_.id=?
14:19:06,799 DEBUG SQL:104 - 
    select
        datapoint0_.id as id1_0_,
        datapoint0_.xval as xval1_0_,
        datapoint0_.yval as yval1_0_,
        datapoint0_.description as descript4_1_0_ 
    from
        DataPoint datapoint0_ 
    where
        datapoint0_.id=?
14:19:06,800 DEBUG SQL:104 - 
    select
        datapoint0_.id as id1_0_,
        datapoint0_.xval as xval1_0_,
        datapoint0_.yval as yval1_0_,
        datapoint0_.description as descript4_1_0_ 
    from
        DataPoint datapoint0_ 
    where
        datapoint0_.id=?
14:19:06,800 DEBUG SQL:104 - 
    select
        datapoint0_.id as id1_0_,
        datapoint0_.xval as xval1_0_,
        datapoint0_.yval as yval1_0_,
        datapoint0_.description as descript4_1_0_ 
    from
        DataPoint datapoint0_ 
    where
        datapoint0_.id=?
14:19:06,801 DEBUG SQL:104 - 
    select
        datapoint0_.id as id1_0_,
        datapoint0_.xval as xval1_0_,
        datapoint0_.yval as yval1_0_,
        datapoint0_.description as descript4_1_0_ 
    from
        DataPoint datapoint0_ 
    where
        datapoint0_.id=?
14:19:06,813 DEBUG SQL:104 - 
    select
        datapoint0_.id as id1_0_,
        datapoint0_.xval as xval1_0_,
        datapoint0_.yval as yval1_0_,
        datapoint0_.description as descript4_1_0_ 
    from
        DataPoint datapoint0_ 
    where
        datapoint0_.id=?
14:19:06,814 DEBUG SQL:104 - 
    select
        datapoint0_.id as id1_0_,
        datapoint0_.xval as xval1_0_,
        datapoint0_.yval as yval1_0_,
        datapoint0_.description as descript4_1_0_ 
    from
        DataPoint datapoint0_ 
    where
        datapoint0_.id=?
14:19:06,814 DEBUG SQL:104 - 
    select
        datapoint0_.id as id1_0_,
        datapoint0_.xval as xval1_0_,
        datapoint0_.yval as yval1_0_,
        datapoint0_.description as descript4_1_0_ 
    from
        DataPoint datapoint0_ 
    where
        datapoint0_.id=?
14:19:06,826 DEBUG SQL:104 - 
    select
        datapoint0_.id as id1_0_,
        datapoint0_.xval as xval1_0_,
        datapoint0_.yval as yval1_0_,
        datapoint0_.description as descript4_1_0_ 
    from
        DataPoint datapoint0_ 
    where
        datapoint0_.id=?
14:19:06,826 DEBUG SQL:104 - 
    select
        datapoint0_.id as id1_0_,
        datapoint0_.xval as xval1_0_,
        datapoint0_.yval as yval1_0_,
        datapoint0_.description as descript4_1_0_ 
    from
        DataPoint datapoint0_ 
    where
        datapoint0_.id=?
14:19:06,827 DEBUG SQL:104 - 
    select
        datapoint0_.id as id1_0_,
        datapoint0_.xval as xval1_0_,
        datapoint0_.yval as yval1_0_,
        datapoint0_.description as descript4_1_0_ 
    from
        DataPoint datapoint0_ 
    where
        datapoint0_.id=?
14:19:06,837 DEBUG SQL:104 - 
    select
        datapoint0_.id as id1_0_,
        datapoint0_.xval as xval1_0_,
        datapoint0_.yval as yval1_0_,
        datapoint0_.description as descript4_1_0_ 
    from
        DataPoint datapoint0_ 
    where
        datapoint0_.id=?
14:19:06,838 DEBUG SQL:104 - 
    select
        datapoint0_.id as id1_0_,
        datapoint0_.xval as xval1_0_,
        datapoint0_.yval as yval1_0_,
        datapoint0_.description as descript4_1_0_ 
    from
        DataPoint datapoint0_ 
    where
        datapoint0_.id=?
14:19:06,847 DEBUG SQL:104 - 
    select
        datapoint0_.id as id1_0_,
        datapoint0_.xval as xval1_0_,
        datapoint0_.yval as yval1_0_,
        datapoint0_.description as descript4_1_0_ 
    from
        DataPoint datapoint0_ 
    where
        datapoint0_.id=?
14:19:06,848 DEBUG SQL:104 - 
    select
        datapoint0_.id as id1_0_,
        datapoint0_.xval as xval1_0_,
        datapoint0_.yval as yval1_0_,
        datapoint0_.description as descript4_1_0_ 
    from
        DataPoint datapoint0_ 
    where
        datapoint0_.id=?
14:19:06,848 DEBUG SQL:104 - 
    select
        datapoint0_.id as id1_0_,
        datapoint0_.xval as xval1_0_,
        datapoint0_.yval as yval1_0_,
        datapoint0_.description as descript4_1_0_ 
    from
        DataPoint datapoint0_ 
    where
        datapoint0_.id=?
14:19:06,857 DEBUG SQL:104 - 
    select
        datapoint0_.id as id1_0_,
        datapoint0_.xval as xval1_0_,
        datapoint0_.yval as yval1_0_,
        datapoint0_.description as descript4_1_0_ 
    from
        DataPoint datapoint0_ 
    where
        datapoint0_.id=?
14:19:06,858 DEBUG SQL:104 - 
    select
        datapoint0_.id as id1_0_,
        datapoint0_.xval as xval1_0_,
        datapoint0_.yval as yval1_0_,
        datapoint0_.description as descript4_1_0_ 
    from
        DataPoint datapoint0_ 
    where
        datapoint0_.id=?
14:19:06,858 DEBUG SQL:104 - 
    select
        datapoint0_.id as id1_0_,
        datapoint0_.xval as xval1_0_,
        datapoint0_.yval as yval1_0_,
        datapoint0_.description as descript4_1_0_ 
    from
        DataPoint datapoint0_ 
    where
        datapoint0_.id=?
14:19:06,868 DEBUG SQL:104 - 
    select
        datapoint0_.id as id1_0_,
        datapoint0_.xval as xval1_0_,
        datapoint0_.yval as yval1_0_,
        datapoint0_.description as descript4_1_0_ 
    from
        DataPoint datapoint0_ 
    where
        datapoint0_.id=?
14:19:06,869 DEBUG SQL:104 - 
    select
        datapoint0_.id as id1_0_,
        datapoint0_.xval as xval1_0_,
        datapoint0_.yval as yval1_0_,
        datapoint0_.description as descript4_1_0_ 
    from
        DataPoint datapoint0_ 
    where
        datapoint0_.id=?
14:19:06,869 DEBUG SQL:104 - 
    select
        datapoint0_.id as id1_0_,
        datapoint0_.xval as xval1_0_,
        datapoint0_.yval as yval1_0_,
        datapoint0_.description as descript4_1_0_ 
    from
        DataPoint datapoint0_ 
    where
        datapoint0_.id=?
14:19:06,878 DEBUG SQL:104 - 
    select
        datapoint0_.id as id1_0_,
        datapoint0_.xval as xval1_0_,
        datapoint0_.yval as yval1_0_,
        datapoint0_.description as descript4_1_0_ 
    from
        DataPoint datapoint0_ 
    where
        datapoint0_.id=?
14:19:06,878 DEBUG SQL:104 - 
    select
        datapoint0_.id as id1_0_,
        datapoint0_.xval as xval1_0_,
        datapoint0_.yval as yval1_0_,
        datapoint0_.description as descript4_1_0_ 
    from
        DataPoint datapoint0_ 
    where
        datapoint0_.id=?
14:19:06,878 DEBUG SQL:104 - 
    select
        datapoint0_.id as id1_0_,
        datapoint0_.xval as xval1_0_,
        datapoint0_.yval as yval1_0_,
        datapoint0_.description as descript4_1_0_ 
    from
        DataPoint datapoint0_ 
    where
        datapoint0_.id=?
14:19:06,889 DEBUG SQL:104 - 
    select
        datapoint0_.id as id1_0_,
        datapoint0_.xval as xval1_0_,
        datapoint0_.yval as yval1_0_,
        datapoint0_.description as descript4_1_0_ 
    from
        DataPoint datapoint0_ 
    where
        datapoint0_.id=?
14:19:06,889 DEBUG SQL:104 - 
    select
        datapoint0_.id as id1_0_,
        datapoint0_.xval as xval1_0_,
        datapoint0_.yval as yval1_0_,
        datapoint0_.description as descript4_1_0_ 
    from
        DataPoint datapoint0_ 
    where
        datapoint0_.id=?
14:19:06,889 DEBUG SQL:104 - 
    select
        datapoint0_.id as id1_0_,
        datapoint0_.xval as xval1_0_,
        datapoint0_.yval as yval1_0_,
        datapoint0_.description as descript4_1_0_ 
    from
        DataPoint datapoint0_ 
    where
        datapoint0_.id=?
14:19:06,899 DEBUG SQL:104 - 
    select
        datapoint0_.id as id1_0_,
        datapoint0_.xval as xval1_0_,
        datapoint0_.yval as yval1_0_,
        datapoint0_.description as descript4_1_0_ 
    from
        DataPoint datapoint0_ 
    where
        datapoint0_.id=?
14:19:06,899 DEBUG SQL:104 - 
    select
        datapoint0_.id as id1_0_,
        datapoint0_.xval as xval1_0_,
        datapoint0_.yval as yval1_0_,
        datapoint0_.description as descript4_1_0_ 
    from
        DataPoint datapoint0_ 
    where
        datapoint0_.id=?
14:19:06,900 DEBUG SQL:104 - 
    update
        DataPoint 
    set
        description=? 
    where
        id=?
14:19:06,911 DEBUG SQL:104 - 
    select
        datapoint0_.id as id1_,
        datapoint0_.xval as xval1_,
        datapoint0_.yval as yval1_,
        datapoint0_.description as descript4_1_ 
    from
        DataPoint datapoint0_ 
    where
        datapoint0_.description='done!'
14:19:06,913 DEBUG SQL:104 - 
    delete 
    from
        DataPoint
14:19:06,915  INFO CustomRunner:139 - Test: testModifiableSessionDefaultQueryReadOnlySessionScroll
14:19:06,930 DEBUG SQL:104 - 
    insert 
    into
        DataPoint
        (xval, yval, description, id) 
    values
        (?, ?, ?, ?)
14:19:06,931 DEBUG SQL:104 - 
    insert 
    into
        DataPoint
        (xval, yval, description, id) 
    values
        (?, ?, ?, ?)
14:19:06,931 DEBUG SQL:104 - 
    insert 
    into
        DataPoint
        (xval, yval, description, id) 
    values
        (?, ?, ?, ?)
14:19:06,932 DEBUG SQL:104 - 
    insert 
    into
        DataPoint
        (xval, yval, description, id) 
    values
        (?, ?, ?, ?)
14:19:06,932 DEBUG SQL:104 - 
    insert 
    into
        DataPoint
        (xval, yval, description, id) 
    values
        (?, ?, ?, ?)
14:19:06,932 DEBUG SQL:104 - 
    insert 
    into
        DataPoint
        (xval, yval, description, id) 
    values
        (?, ?, ?, ?)
14:19:06,932 DEBUG SQL:104 - 
    insert 
    into
        DataPoint
        (xval, yval, description, id) 
    values
        (?, ?, ?, ?)
14:19:06,933 DEBUG SQL:104 - 
    insert 
    into
        DataPoint
        (xval, yval, description, id) 
    values
        (?, ?, ?, ?)
14:19:06,933 DEBUG SQL:104 - 
    insert 
    into
        DataPoint
        (xval, yval, description, id) 
    values
        (?, ?, ?, ?)
14:19:06,933 DEBUG SQL:104 - 
    insert 
    into
        DataPoint
        (xval, yval, description, id) 
    values
        (?, ?, ?, ?)
14:19:06,934 DEBUG SQL:104 - 
    insert 
    into
        DataPoint
        (xval, yval, description, id) 
    values
        (?, ?, ?, ?)
14:19:06,934 DEBUG SQL:104 - 
    insert 
    into
        DataPoint
        (xval, yval, description, id) 
    values
        (?, ?, ?, ?)
14:19:06,934 DEBUG SQL:104 - 
    insert 
    into
        DataPoint
        (xval, yval, description, id) 
    values
        (?, ?, ?, ?)
14:19:06,934 DEBUG SQL:104 - 
    insert 
    into
        DataPoint
        (xval, yval, description, id) 
    values
        (?, ?, ?, ?)
14:19:06,934 DEBUG SQL:104 - 
    insert 
    into
        DataPoint
        (xval, yval, description, id) 
    values
        (?, ?, ?, ?)
14:19:06,947 DEBUG SQL:104 - 
    insert 
    into
        DataPoint
        (xval, yval, description, id) 
    values
        (?, ?, ?, ?)
14:19:06,947 DEBUG SQL:104 - 
    insert 
    into
        DataPoint
        (xval, yval, description, id) 
    values
        (?, ?, ?, ?)
14:19:06,947 DEBUG SQL:104 - 
    insert 
    into
        DataPoint
        (xval, yval, description, id) 
    values
        (?, ?, ?, ?)
14:19:06,947 DEBUG SQL:104 - 
    insert 
    into
        DataPoint
        (xval, yval, description, id) 
    values
        (?, ?, ?, ?)
14:19:06,948 DEBUG SQL:104 - 
    insert 
    into
        DataPoint
        (xval, yval, description, id) 
    values
        (?, ?, ?, ?)
14:19:06,961 DEBUG SQL:104 - 
    insert 
    into
        DataPoint
        (xval, yval, description, id) 
    values
        (?, ?, ?, ?)
14:19:06,961 DEBUG SQL:104 - 
    insert 
    into
        DataPoint
        (xval, yval, description, id) 
    values
        (?, ?, ?, ?)
14:19:06,961 DEBUG SQL:104 - 
    insert 
    into
        DataPoint
        (xval, yval, description, id) 
    values
        (?, ?, ?, ?)
14:19:06,961 DEBUG SQL:104 - 
    insert 
    into
        DataPoint
        (xval, yval, description, id) 
    values
        (?, ?, ?, ?)
14:19:06,971 DEBUG SQL:104 - 
    insert 
    into
        DataPoint
        (xval, yval, description, id) 
    values
        (?, ?, ?, ?)
14:19:06,971 DEBUG SQL:104 - 
    insert 
    into
        DataPoint
        (xval, yval, description, id) 
    values
        (?, ?, ?, ?)
14:19:06,981 DEBUG SQL:104 - 
    insert 
    into
        DataPoint
        (xval, yval, description, id) 
    values
        (?, ?, ?, ?)
14:19:06,981 DEBUG SQL:104 - 
    insert 
    into
        DataPoint
        (xval, yval, description, id) 
    values
        (?, ?, ?, ?)
14:19:06,981 DEBUG SQL:104 - 
    insert 
    into
        DataPoint
        (xval, yval, description, id) 
    values
        (?, ?, ?, ?)
14:19:06,981 DEBUG SQL:104 - 
    insert 
    into
        DataPoint
        (xval, yval, description, id) 
    values
        (?, ?, ?, ?)
14:19:06,991 DEBUG SQL:104 - 
    insert 
    into
        DataPoint
        (xval, yval, description, id) 
    values
        (?, ?, ?, ?)
14:19:06,992 DEBUG SQL:104 - 
    insert 
    into
        DataPoint
        (xval, yval, description, id) 
    values
        (?, ?, ?, ?)
14:19:06,992 DEBUG SQL:104 - 
    insert 
    into
        DataPoint
        (xval, yval, description, id) 
    values
        (?, ?, ?, ?)
14:19:06,992 DEBUG SQL:104 - 
    insert 
    into
        DataPoint
        (xval, yval, description, id) 
    values
        (?, ?, ?, ?)
14:19:06,992 DEBUG SQL:104 - 
    insert 
    into
        DataPoint
        (xval, yval, description, id) 
    values
        (?, ?, ?, ?)
14:19:07,002 DEBUG SQL:104 - 
    insert 
    into
        DataPoint
        (xval, yval, description, id) 
    values
        (?, ?, ?, ?)
14:19:07,002 DEBUG SQL:104 - 
    insert 
    into
        DataPoint
        (xval, yval, description, id) 
    values
        (?, ?, ?, ?)
14:19:07,003 DEBUG SQL:104 - 
    insert 
    into
        DataPoint
        (xval, yval, description, id) 
    values
        (?, ?, ?, ?)
14:19:07,003 DEBUG SQL:104 - 
    insert 
    into
        DataPoint
        (xval, yval, description, id) 
    values
        (?, ?, ?, ?)
14:19:07,013 DEBUG SQL:104 - 
    insert 
    into
        DataPoint
        (xval, yval, description, id) 
    values
        (?, ?, ?, ?)
14:19:07,013 DEBUG SQL:104 - 
    insert 
    into
        DataPoint
        (xval, yval, description, id) 
    values
        (?, ?, ?, ?)
14:19:07,013 DEBUG SQL:104 - 
    insert 
    into
        DataPoint
        (xval, yval, description, id) 
    values
        (?, ?, ?, ?)
14:19:07,014 DEBUG SQL:104 - 
    insert 
    into
        DataPoint
        (xval, yval, description, id) 
    values
        (?, ?, ?, ?)
14:19:07,023 DEBUG SQL:104 - 
    insert 
    into
        DataPoint
        (xval, yval, description, id) 
    values
        (?, ?, ?, ?)
14:19:07,023 DEBUG SQL:104 - 
    insert 
    into
        DataPoint
        (xval, yval, description, id) 
    values
        (?, ?, ?, ?)
14:19:07,024 DEBUG SQL:104 - 
    insert 
    into
        DataPoint
        (xval, yval, description, id) 
    values
        (?, ?, ?, ?)
14:19:07,024 DEBUG SQL:104 - 
    insert 
    into
        DataPoint
        (xval, yval, description, id) 
    values
        (?, ?, ?, ?)
14:19:07,024 DEBUG SQL:104 - 
    insert 
    into
        DataPoint
        (xval, yval, description, id) 
    values
        (?, ?, ?, ?)
14:19:07,034 DEBUG SQL:104 - 
    insert 
    into
        DataPoint
        (xval, yval, description, id) 
    values
        (?, ?, ?, ?)
14:19:07,034 DEBUG SQL:104 - 
    insert 
    into
        DataPoint
        (xval, yval, description, id) 
    values
        (?, ?, ?, ?)
14:19:07,034 DEBUG SQL:104 - 
    insert 
    into
        DataPoint
        (xval, yval, description, id) 
    values
        (?, ?, ?, ?)
14:19:07,034 DEBUG SQL:104 - 
    insert 
    into
        DataPoint
        (xval, yval, description, id) 
    values
        (?, ?, ?, ?)
14:19:07,044 DEBUG SQL:104 - 
    insert 
    into
        DataPoint
        (xval, yval, description, id) 
    values
        (?, ?, ?, ?)
14:19:07,044 DEBUG SQL:104 - 
    insert 
    into
        DataPoint
        (xval, yval, description, id) 
    values
        (?, ?, ?, ?)
14:19:07,044 DEBUG SQL:104 - 
    insert 
    into
        DataPoint
        (xval, yval, description, id) 
    values
        (?, ?, ?, ?)
14:19:07,044 DEBUG SQL:104 - 
    insert 
    into
        DataPoint
        (xval, yval, description, id) 
    values
        (?, ?, ?, ?)
14:19:07,055 DEBUG SQL:104 - 
    insert 
    into
        DataPoint
        (xval, yval, description, id) 
    values
        (?, ?, ?, ?)
14:19:07,055 DEBUG SQL:104 - 
    insert 
    into
        DataPoint
        (xval, yval, description, id) 
    values
        (?, ?, ?, ?)
14:19:07,055 DEBUG SQL:104 - 
    insert 
    into
        DataPoint
        (xval, yval, description, id) 
    values
        (?, ?, ?, ?)
14:19:07,055 DEBUG SQL:104 - 
    insert 
    into
        DataPoint
        (xval, yval, description, id) 
    values
        (?, ?, ?, ?)
14:19:07,056 DEBUG SQL:104 - 
    insert 
    into
        DataPoint
        (xval, yval, description, id) 
    values
        (?, ?, ?, ?)
14:19:07,065 DEBUG SQL:104 - 
    insert 
    into
        DataPoint
        (xval, yval, description, id) 
    values
        (?, ?, ?, ?)
14:19:07,065 DEBUG SQL:104 - 
    insert 
    into
        DataPoint
        (xval, yval, description, id) 
    values
        (?, ?, ?, ?)
14:19:07,065 DEBUG SQL:104 - 
    insert 
    into
        DataPoint
        (xval, yval, description, id) 
    values
        (?, ?, ?, ?)
14:19:07,066 DEBUG SQL:104 - 
    insert 
    into
        DataPoint
        (xval, yval, description, id) 
    values
        (?, ?, ?, ?)
14:19:07,066 DEBUG SQL:104 - 
    insert 
    into
        DataPoint
        (xval, yval, description, id) 
    values
        (?, ?, ?, ?)
14:19:07,066 DEBUG SQL:104 - 
    insert 
    into
        DataPoint
        (xval, yval, description, id) 
    values
        (?, ?, ?, ?)
14:19:07,066 DEBUG SQL:104 - 
    insert 
    into
        DataPoint
        (xval, yval, description, id) 
    values
        (?, ?, ?, ?)
14:19:07,066 DEBUG SQL:104 - 
    insert 
    into
        DataPoint
        (xval, yval, description, id) 
    values
        (?, ?, ?, ?)
14:19:07,078 DEBUG SQL:104 - 
    insert 
    into
        DataPoint
        (xval, yval, description, id) 
    values
        (?, ?, ?, ?)
14:19:07,079 DEBUG SQL:104 - 
    insert 
    into
        DataPoint
        (xval, yval, description, id) 
    values
        (?, ?, ?, ?)
14:19:07,079 DEBUG SQL:104 - 
    insert 
    into
        DataPoint
        (xval, yval, description, id) 
    values
        (?, ?, ?, ?)
14:19:07,079 DEBUG SQL:104 - 
    insert 
    into
        DataPoint
        (xval, yval, description, id) 
    values
        (?, ?, ?, ?)
14:19:07,079 DEBUG SQL:104 - 
    insert 
    into
        DataPoint
        (xval, yval, description, id) 
    values
        (?, ?, ?, ?)
14:19:07,088 DEBUG SQL:104 - 
    insert 
    into
        DataPoint
        (xval, yval, description, id) 
    values
        (?, ?, ?, ?)
14:19:07,089 DEBUG SQL:104 - 
    insert 
    into
        DataPoint
        (xval, yval, description, id) 
    values
        (?, ?, ?, ?)
14:19:07,089 DEBUG SQL:104 - 
    insert 
    into
        DataPoint
        (xval, yval, description, id) 
    values
        (?, ?, ?, ?)
14:19:07,089 DEBUG SQL:104 - 
    insert 
    into
        DataPoint
        (xval, yval, description, id) 
    values
        (?, ?, ?, ?)
14:19:07,089 DEBUG SQL:104 - 
    insert 
    into
        DataPoint
        (xval, yval, description, id) 
    values
        (?, ?, ?, ?)
14:19:07,089 DEBUG SQL:104 - 
    insert 
    into
        DataPoint
        (xval, yval, description, id) 
    values
        (?, ?, ?, ?)
14:19:07,112 DEBUG SQL:104 - 
    insert 
    into
        DataPoint
        (xval, yval, description, id) 
    values
        (?, ?, ?, ?)
14:19:07,112 DEBUG SQL:104 - 
    insert 
    into
        DataPoint
        (xval, yval, description, id) 
    values
        (?, ?, ?, ?)
14:19:07,112 DEBUG SQL:104 - 
    insert 
    into
        DataPoint
        (xval, yval, description, id) 
    values
        (?, ?, ?, ?)
14:19:07,112 DEBUG SQL:104 - 
    insert 
    into
        DataPoint
        (xval, yval, description, id) 
    values
        (?, ?, ?, ?)
14:19:07,122 DEBUG SQL:104 - 
    insert 
    into
        DataPoint
        (xval, yval, description, id) 
    values
        (?, ?, ?, ?)
14:19:07,122 DEBUG SQL:104 - 
    insert 
    into
        DataPoint
        (xval, yval, description, id) 
    values
        (?, ?, ?, ?)
14:19:07,123 DEBUG SQL:104 - 
    insert 
    into
        DataPoint
        (xval, yval, description, id) 
    values
        (?, ?, ?, ?)
14:19:07,123 DEBUG SQL:104 - 
    insert 
    into
        DataPoint
        (xval, yval, description, id) 
    values
        (?, ?, ?, ?)
14:19:07,123 DEBUG SQL:104 - 
    insert 
    into
        DataPoint
        (xval, yval, description, id) 
    values
        (?, ?, ?, ?)
14:19:07,132 DEBUG SQL:104 - 
    insert 
    into
        DataPoint
        (xval, yval, description, id) 
    values
        (?, ?, ?, ?)
14:19:07,132 DEBUG SQL:104 - 
    insert 
    into
        DataPoint
        (xval, yval, description, id) 
    values
        (?, ?, ?, ?)
14:19:07,132 DEBUG SQL:104 - 
    insert 
    into
        DataPoint
        (xval, yval, description, id) 
    values
        (?, ?, ?, ?)
14:19:07,133 DEBUG SQL:104 - 
    insert 
    into
        DataPoint
        (xval, yval, description, id) 
    values
        (?, ?, ?, ?)
14:19:07,142 DEBUG SQL:104 - 
    insert 
    into
        DataPoint
        (xval, yval, description, id) 
    values
        (?, ?, ?, ?)
14:19:07,143 DEBUG SQL:104 - 
    insert 
    into
        DataPoint
        (xval, yval, description, id) 
    values
        (?, ?, ?, ?)
14:19:07,143 DEBUG SQL:104 - 
    insert 
    into
        DataPoint
        (xval, yval, description, id) 
    values
        (?, ?, ?, ?)
14:19:07,143 DEBUG SQL:104 - 
    insert 
    into
        DataPoint
        (xval, yval, description, id) 
    values
        (?, ?, ?, ?)
14:19:07,155 DEBUG SQL:104 - 
    insert 
    into
        DataPoint
        (xval, yval, description, id) 
    values
        (?, ?, ?, ?)
14:19:07,156 DEBUG SQL:104 - 
    insert 
    into
        DataPoint
        (xval, yval, description, id) 
    values
        (?, ?, ?, ?)
14:19:07,156 DEBUG SQL:104 - 
    insert 
    into
        DataPoint
        (xval, yval, description, id) 
    values
        (?, ?, ?, ?)
14:19:07,157 DEBUG SQL:104 - 
    select
        datapoint0_.id as id1_,
        datapoint0_.xval as xval1_,
        datapoint0_.yval as yval1_,
        datapoint0_.description as descript4_1_ 
    from
        DataPoint datapoint0_ 
    order by
        datapoint0_.xval asc
14:19:07,168 DEBUG SQL:104 - 
    update
        DataPoint 
    set
        description=? 
    where
        id=?
14:19:07,169 DEBUG SQL:104 - 
    select
        datapoint0_.id as id1_,
        datapoint0_.xval as xval1_,
        datapoint0_.yval as yval1_,
        datapoint0_.description as descript4_1_ 
    from
        DataPoint datapoint0_ 
    where
        datapoint0_.description='done!'
14:19:07,170 DEBUG SQL:104 - 
    delete 
    from
        DataPoint
14:19:07,172  INFO CustomRunner:139 - Test: testModifiableSessionReadOnlyQueryIterate
14:19:07,177 DEBUG SQL:104 - 
    insert 
    into
        DataPoint
        (xval, yval, description, id) 
    values
        (?, ?, ?, ?)
14:19:07,178 DEBUG SQL:104 - 
    insert 
    into
        DataPoint
        (xval, yval, description, id) 
    values
        (?, ?, ?, ?)
14:19:07,178 DEBUG SQL:104 - 
    insert 
    into
        DataPoint
        (xval, yval, description, id) 
    values
        (?, ?, ?, ?)
14:19:07,178 DEBUG SQL:104 - 
    insert 
    into
        DataPoint
        (xval, yval, description, id) 
    values
        (?, ?, ?, ?)
14:19:07,179 DEBUG SQL:104 - 
    insert 
    into
        DataPoint
        (xval, yval, description, id) 
    values
        (?, ?, ?, ?)
14:19:07,179 DEBUG SQL:104 - 
    insert 
    into
        DataPoint
        (xval, yval, description, id) 
    values
        (?, ?, ?, ?)
14:19:07,189 DEBUG SQL:104 - 
    insert 
    into
        DataPoint
        (xval, yval, description, id) 
    values
        (?, ?, ?, ?)
14:19:07,189 DEBUG SQL:104 - 
    insert 
    into
        DataPoint
        (xval, yval, description, id) 
    values
        (?, ?, ?, ?)
14:19:07,189 DEBUG SQL:104 - 
    insert 
    into
        DataPoint
        (xval, yval, description, id) 
    values
        (?, ?, ?, ?)
14:19:07,190 DEBUG SQL:104 - 
    insert 
    into
        DataPoint
        (xval, yval, description, id) 
    values
        (?, ?, ?, ?)
14:19:07,190 DEBUG SQL:104 - 
    insert 
    into
        DataPoint
        (xval, yval, description, id) 
    values
        (?, ?, ?, ?)
14:19:07,190 DEBUG SQL:104 - 
    insert 
    into
        DataPoint
        (xval, yval, description, id) 
    values
        (?, ?, ?, ?)
14:19:07,190 DEBUG SQL:104 - 
    insert 
    into
        DataPoint
        (xval, yval, description, id) 
    values
        (?, ?, ?, ?)
14:19:07,190 DEBUG SQL:104 - 
    insert 
    into
        DataPoint
        (xval, yval, description, id) 
    values
        (?, ?, ?, ?)
14:19:07,202 DEBUG SQL:104 - 
    insert 
    into
        DataPoint
        (xval, yval, description, id) 
    values
        (?, ?, ?, ?)
14:19:07,202 DEBUG SQL:104 - 
    insert 
    into
        DataPoint
        (xval, yval, description, id) 
    values
        (?, ?, ?, ?)
14:19:07,202 DEBUG SQL:104 - 
    insert 
    into
        DataPoint
        (xval, yval, description, id) 
    values
        (?, ?, ?, ?)
14:19:07,202 DEBUG SQL:104 - 
    insert 
    into
        DataPoint
        (xval, yval, description, id) 
    values
        (?, ?, ?, ?)
14:19:07,203 DEBUG SQL:104 - 
    insert 
    into
        DataPoint
        (xval, yval, description, id) 
    values
        (?, ?, ?, ?)
14:19:07,212 DEBUG SQL:104 - 
    insert 
    into
        DataPoint
        (xval, yval, description, id) 
    values
        (?, ?, ?, ?)
14:19:07,213 DEBUG SQL:104 - 
    insert 
    into
        DataPoint
        (xval, yval, description, id) 
    values
        (?, ?, ?, ?)
14:19:07,213 DEBUG SQL:104 - 
    insert 
    into
        DataPoint
        (xval, yval, description, id) 
    values
        (?, ?, ?, ?)
14:19:07,213 DEBUG SQL:104 - 
    insert 
    into
        DataPoint
        (xval, yval, description, id) 
    values
        (?, ?, ?, ?)
14:19:07,213 DEBUG SQL:104 - 
    insert 
    into
        DataPoint
        (xval, yval, description, id) 
    values
        (?, ?, ?, ?)
14:19:07,213 DEBUG SQL:104 - 
    insert 
    into
        DataPoint
        (xval, yval, description, id) 
    values
        (?, ?, ?, ?)
14:19:07,235 DEBUG SQL:104 - 
    insert 
    into
        DataPoint
        (xval, yval, description, id) 
    values
        (?, ?, ?, ?)
14:19:07,235 DEBUG SQL:104 - 
    insert 
    into
        DataPoint
        (xval, yval, description, id) 
    values
        (?, ?, ?, ?)
14:19:07,235 DEBUG SQL:104 - 
    insert 
    into
        DataPoint
        (xval, yval, description, id) 
    values
        (?, ?, ?, ?)
14:19:07,236 DEBUG SQL:104 - 
    insert 
    into
        DataPoint
        (xval, yval, description, id) 
    values
        (?, ?, ?, ?)
14:19:07,236 DEBUG SQL:104 - 
    insert 
    into
        DataPoint
        (xval, yval, description, id) 
    values
        (?, ?, ?, ?)
14:19:07,245 DEBUG SQL:104 - 
    insert 
    into
        DataPoint
        (xval, yval, description, id) 
    values
        (?, ?, ?, ?)
14:19:07,245 DEBUG SQL:104 - 
    insert 
    into
        DataPoint
        (xval, yval, description, id) 
    values
        (?, ?, ?, ?)
14:19:07,246 DEBUG SQL:104 - 
    insert 
    into
        DataPoint
        (xval, yval, description, id) 
    values
        (?, ?, ?, ?)
14:19:07,246 DEBUG SQL:104 - 
    insert 
    into
        DataPoint
        (xval, yval, description, id) 
    values
        (?, ?, ?, ?)
14:19:07,255 DEBUG SQL:104 - 
    insert 
    into
        DataPoint
        (xval, yval, description, id) 
    values
        (?, ?, ?, ?)
14:19:07,256 DEBUG SQL:104 - 
    insert 
    into
        DataPoint
        (xval, yval, description, id) 
    values
        (?, ?, ?, ?)
14:19:07,256 DEBUG SQL:104 - 
    insert 
    into
        DataPoint
        (xval, yval, description, id) 
    values
        (?, ?, ?, ?)
14:19:07,256 DEBUG SQL:104 - 
    insert 
    into
        DataPoint
        (xval, yval, description, id) 
    values
        (?, ?, ?, ?)
14:19:07,266 DEBUG SQL:104 - 
    insert 
    into
        DataPoint
        (xval, yval, description, id) 
    values
        (?, ?, ?, ?)
14:19:07,267 DEBUG SQL:104 - 
    insert 
    into
        DataPoint
        (xval, yval, description, id) 
    values
        (?, ?, ?, ?)
14:19:07,267 DEBUG SQL:104 - 
    insert 
    into
        DataPoint
        (xval, yval, description, id) 
    values
        (?, ?, ?, ?)
14:19:07,267 DEBUG SQL:104 - 
    insert 
    into
        DataPoint
        (xval, yval, description, id) 
    values
        (?, ?, ?, ?)
14:19:07,267 DEBUG SQL:104 - 
    insert 
    into
        DataPoint
        (xval, yval, description, id) 
    values
        (?, ?, ?, ?)
14:19:07,278 DEBUG SQL:104 - 
    insert 
    into
        DataPoint
        (xval, yval, description, id) 
    values
        (?, ?, ?, ?)
14:19:07,278 DEBUG SQL:104 - 
    insert 
    into
        DataPoint
        (xval, yval, description, id) 
    values
        (?, ?, ?, ?)
14:19:07,278 DEBUG SQL:104 - 
    insert 
    into
        DataPoint
        (xval, yval, description, id) 
    values
        (?, ?, ?, ?)
14:19:07,279 DEBUG SQL:104 - 
    insert 
    into
        DataPoint
        (xval, yval, description, id) 
    values
        (?, ?, ?, ?)
14:19:07,286 DEBUG SQL:104 - 
    insert 
    into
        DataPoint
        (xval, yval, description, id) 
    values
        (?, ?, ?, ?)
14:19:07,286 DEBUG SQL:104 - 
    insert 
    into
        DataPoint
        (xval, yval, description, id) 
    values
        (?, ?, ?, ?)
14:19:07,287 DEBUG SQL:104 - 
    insert 
    into
        DataPoint
        (xval, yval, description, id) 
    values
        (?, ?, ?, ?)
14:19:07,287 DEBUG SQL:104 - 
    insert 
    into
        DataPoint
        (xval, yval, description, id) 
    values
        (?, ?, ?, ?)
14:19:07,297 DEBUG SQL:104 - 
    insert 
    into
        DataPoint
        (xval, yval, description, id) 
    values
        (?, ?, ?, ?)
14:19:07,297 DEBUG SQL:104 - 
    insert 
    into
        DataPoint
        (xval, yval, description, id) 
    values
        (?, ?, ?, ?)
14:19:07,297 DEBUG SQL:104 - 
    insert 
    into
        DataPoint
        (xval, yval, description, id) 
    values
        (?, ?, ?, ?)
14:19:07,298 DEBUG SQL:104 - 
    insert 
    into
        DataPoint
        (xval, yval, description, id) 
    values
        (?, ?, ?, ?)
14:19:07,298 DEBUG SQL:104 - 
    insert 
    into
        DataPoint
        (xval, yval, description, id) 
    values
        (?, ?, ?, ?)
14:19:07,338 DEBUG SQL:104 - 
    insert 
    into
        DataPoint
        (xval, yval, description, id) 
    values
        (?, ?, ?, ?)
14:19:07,339 DEBUG SQL:104 - 
    insert 
    into
        DataPoint
        (xval, yval, description, id) 
    values
        (?, ?, ?, ?)
14:19:07,339 DEBUG SQL:104 - 
    insert 
    into
        DataPoint
        (xval, yval, description, id) 
    values
        (?, ?, ?, ?)
14:19:07,339 DEBUG SQL:104 - 
    insert 
    into
        DataPoint
        (xval, yval, description, id) 
    values
        (?, ?, ?, ?)
14:19:07,339 DEBUG SQL:104 - 
    insert 
    into
        DataPoint
        (xval, yval, description, id) 
    values
        (?, ?, ?, ?)
14:19:07,339 DEBUG SQL:104 - 
    insert 
    into
        DataPoint
        (xval, yval, description, id) 
    values
        (?, ?, ?, ?)
14:19:07,340 DEBUG SQL:104 - 
    insert 
    into
        DataPoint
        (xval, yval, description, id) 
    values
        (?, ?, ?, ?)
14:19:07,340 DEBUG SQL:104 - 
    insert 
    into
        DataPoint
        (xval, yval, description, id) 
    values
        (?, ?, ?, ?)
14:19:07,340 DEBUG SQL:104 - 
    insert 
    into
        DataPoint
        (xval, yval, description, id) 
    values
        (?, ?, ?, ?)
14:19:07,340 DEBUG SQL:104 - 
    insert 
    into
        DataPoint
        (xval, yval, description, id) 
    values
        (?, ?, ?, ?)
14:19:07,340 DEBUG SQL:104 - 
    insert 
    into
        DataPoint
        (xval, yval, description, id) 
    values
        (?, ?, ?, ?)
14:19:07,341 DEBUG SQL:104 - 
    insert 
    into
        DataPoint
        (xval, yval, description, id) 
    values
        (?, ?, ?, ?)
14:19:07,341 DEBUG SQL:104 - 
    insert 
    into
        DataPoint
        (xval, yval, description, id) 
    values
        (?, ?, ?, ?)
14:19:07,341 DEBUG SQL:104 - 
    insert 
    into
        DataPoint
        (xval, yval, description, id) 
    values
        (?, ?, ?, ?)
14:19:07,341 DEBUG SQL:104 - 
    insert 
    into
        DataPoint
        (xval, yval, description, id) 
    values
        (?, ?, ?, ?)
14:19:07,341 DEBUG SQL:104 - 
    insert 
    into
        DataPoint
        (xval, yval, description, id) 
    values
        (?, ?, ?, ?)
14:19:07,341 DEBUG SQL:104 - 
    insert 
    into
        DataPoint
        (xval, yval, description, id) 
    values
        (?, ?, ?, ?)
14:19:07,342 DEBUG SQL:104 - 
    insert 
    into
        DataPoint
        (xval, yval, description, id) 
    values
        (?, ?, ?, ?)
14:19:07,342 DEBUG SQL:104 - 
    insert 
    into
        DataPoint
        (xval, yval, description, id) 
    values
        (?, ?, ?, ?)
14:19:07,342 DEBUG SQL:104 - 
    insert 
    into
        DataPoint
        (xval, yval, description, id) 
    values
        (?, ?, ?, ?)
14:19:07,343 DEBUG SQL:104 - 
    insert 
    into
        DataPoint
        (xval, yval, description, id) 
    values
        (?, ?, ?, ?)
14:19:07,343 DEBUG SQL:104 - 
    insert 
    into
        DataPoint
        (xval, yval, description, id) 
    values
        (?, ?, ?, ?)
14:19:07,352 DEBUG SQL:104 - 
    insert 
    into
        DataPoint
        (xval, yval, description, id) 
    values
        (?, ?, ?, ?)
14:19:07,352 DEBUG SQL:104 - 
    insert 
    into
        DataPoint
        (xval, yval, description, id) 
    values
        (?, ?, ?, ?)
14:19:07,353 DEBUG SQL:104 - 
    insert 
    into
        DataPoint
        (xval, yval, description, id) 
    values
        (?, ?, ?, ?)
14:19:07,353 DEBUG SQL:104 - 
    insert 
    into
        DataPoint
        (xval, yval, description, id) 
    values
        (?, ?, ?, ?)
14:19:07,375 DEBUG SQL:104 - 
    insert 
    into
        DataPoint
        (xval, yval, description, id) 
    values
        (?, ?, ?, ?)
14:19:07,376 DEBUG SQL:104 - 
    insert 
    into
        DataPoint
        (xval, yval, description, id) 
    values
        (?, ?, ?, ?)
14:19:07,376 DEBUG SQL:104 - 
    insert 
    into
        DataPoint
        (xval, yval, description, id) 
    values
        (?, ?, ?, ?)
14:19:07,376 DEBUG SQL:104 - 
    insert 
    into
        DataPoint
        (xval, yval, description, id) 
    values
        (?, ?, ?, ?)
14:19:07,376 DEBUG SQL:104 - 
    insert 
    into
        DataPoint
        (xval, yval, description, id) 
    values
        (?, ?, ?, ?)
14:19:07,377 DEBUG SQL:104 - 
    insert 
    into
        DataPoint
        (xval, yval, description, id) 
    values
        (?, ?, ?, ?)
14:19:07,377 DEBUG SQL:104 - 
    insert 
    into
        DataPoint
        (xval, yval, description, id) 
    values
        (?, ?, ?, ?)
14:19:07,377 DEBUG SQL:104 - 
    insert 
    into
        DataPoint
        (xval, yval, description, id) 
    values
        (?, ?, ?, ?)
14:19:07,377 DEBUG SQL:104 - 
    insert 
    into
        DataPoint
        (xval, yval, description, id) 
    values
        (?, ?, ?, ?)
14:19:07,377 DEBUG SQL:104 - 
    insert 
    into
        DataPoint
        (xval, yval, description, id) 
    values
        (?, ?, ?, ?)
14:19:07,378 DEBUG SQL:104 - 
    insert 
    into
        DataPoint
        (xval, yval, description, id) 
    values
        (?, ?, ?, ?)
14:19:07,397 DEBUG SQL:104 - 
    insert 
    into
        DataPoint
        (xval, yval, description, id) 
    values
        (?, ?, ?, ?)
14:19:07,398 DEBUG SQL:104 - 
    insert 
    into
        DataPoint
        (xval, yval, description, id) 
    values
        (?, ?, ?, ?)
14:19:07,398 DEBUG SQL:104 - 
    insert 
    into
        DataPoint
        (xval, yval, description, id) 
    values
        (?, ?, ?, ?)
14:19:07,398 DEBUG SQL:104 - 
    insert 
    into
        DataPoint
        (xval, yval, description, id) 
    values
        (?, ?, ?, ?)
14:19:07,407 DEBUG SQL:104 - 
    insert 
    into
        DataPoint
        (xval, yval, description, id) 
    values
        (?, ?, ?, ?)
14:19:07,407 DEBUG SQL:104 - 
    insert 
    into
        DataPoint
        (xval, yval, description, id) 
    values
        (?, ?, ?, ?)
14:19:07,407 DEBUG SQL:104 - 
    insert 
    into
        DataPoint
        (xval, yval, description, id) 
    values
        (?, ?, ?, ?)
14:19:07,408 DEBUG SQL:104 - 
    select
        datapoint0_.id as col_0_0_ 
    from
        DataPoint datapoint0_ 
    order by
        datapoint0_.xval asc
14:19:07,408 DEBUG SQL:104 - 
    select
        datapoint0_.id as id1_0_,
        datapoint0_.xval as xval1_0_,
        datapoint0_.yval as yval1_0_,
        datapoint0_.description as descript4_1_0_ 
    from
        DataPoint datapoint0_ 
    where
        datapoint0_.id=?
14:19:07,417 DEBUG SQL:104 - 
    select
        datapoint0_.id as id1_0_,
        datapoint0_.xval as xval1_0_,
        datapoint0_.yval as yval1_0_,
        datapoint0_.description as descript4_1_0_ 
    from
        DataPoint datapoint0_ 
    where
        datapoint0_.id=?
14:19:07,418 DEBUG SQL:104 - 
    select
        datapoint0_.id as id1_0_,
        datapoint0_.xval as xval1_0_,
        datapoint0_.yval as yval1_0_,
        datapoint0_.description as descript4_1_0_ 
    from
        DataPoint datapoint0_ 
    where
        datapoint0_.id=?
14:19:07,418 DEBUG SQL:104 - 
    select
        datapoint0_.id as id1_0_,
        datapoint0_.xval as xval1_0_,
        datapoint0_.yval as yval1_0_,
        datapoint0_.description as descript4_1_0_ 
    from
        DataPoint datapoint0_ 
    where
        datapoint0_.id=?
14:19:07,428 DEBUG SQL:104 - 
    select
        datapoint0_.id as id1_0_,
        datapoint0_.xval as xval1_0_,
        datapoint0_.yval as yval1_0_,
        datapoint0_.description as descript4_1_0_ 
    from
        DataPoint datapoint0_ 
    where
        datapoint0_.id=?
14:19:07,428 DEBUG SQL:104 - 
    select
        datapoint0_.id as id1_0_,
        datapoint0_.xval as xval1_0_,
        datapoint0_.yval as yval1_0_,
        datapoint0_.description as descript4_1_0_ 
    from
        DataPoint datapoint0_ 
    where
        datapoint0_.id=?
14:19:07,428 DEBUG SQL:104 - 
    select
        datapoint0_.id as id1_0_,
        datapoint0_.xval as xval1_0_,
        datapoint0_.yval as yval1_0_,
        datapoint0_.description as descript4_1_0_ 
    from
        DataPoint datapoint0_ 
    where
        datapoint0_.id=?
14:19:07,438 DEBUG SQL:104 - 
    select
        datapoint0_.id as id1_0_,
        datapoint0_.xval as xval1_0_,
        datapoint0_.yval as yval1_0_,
        datapoint0_.description as descript4_1_0_ 
    from
        DataPoint datapoint0_ 
    where
        datapoint0_.id=?
14:19:07,439 DEBUG SQL:104 - 
    select
        datapoint0_.id as id1_0_,
        datapoint0_.xval as xval1_0_,
        datapoint0_.yval as yval1_0_,
        datapoint0_.description as descript4_1_0_ 
    from
        DataPoint datapoint0_ 
    where
        datapoint0_.id=?
14:19:07,439 DEBUG SQL:104 - 
    select
        datapoint0_.id as id1_0_,
        datapoint0_.xval as xval1_0_,
        datapoint0_.yval as yval1_0_,
        datapoint0_.description as descript4_1_0_ 
    from
        DataPoint datapoint0_ 
    where
        datapoint0_.id=?
14:19:07,439 DEBUG SQL:104 - 
    select
        datapoint0_.id as id1_0_,
        datapoint0_.xval as xval1_0_,
        datapoint0_.yval as yval1_0_,
        datapoint0_.description as descript4_1_0_ 
    from
        DataPoint datapoint0_ 
    where
        datapoint0_.id=?
14:19:07,439 DEBUG SQL:104 - 
    select
        datapoint0_.id as id1_0_,
        datapoint0_.xval as xval1_0_,
        datapoint0_.yval as yval1_0_,
        datapoint0_.description as descript4_1_0_ 
    from
        DataPoint datapoint0_ 
    where
        datapoint0_.id=?
14:19:07,440 DEBUG SQL:104 - 
    select
        datapoint0_.id as id1_0_,
        datapoint0_.xval as xval1_0_,
        datapoint0_.yval as yval1_0_,
        datapoint0_.description as descript4_1_0_ 
    from
        DataPoint datapoint0_ 
    where
        datapoint0_.id=?
14:19:07,452 DEBUG SQL:104 - 
    select
        datapoint0_.id as id1_0_,
        datapoint0_.xval as xval1_0_,
        datapoint0_.yval as yval1_0_,
        datapoint0_.description as descript4_1_0_ 
    from
        DataPoint datapoint0_ 
    where
        datapoint0_.id=?
14:19:07,453 DEBUG SQL:104 - 
    select
        datapoint0_.id as id1_0_,
        datapoint0_.xval as xval1_0_,
        datapoint0_.yval as yval1_0_,
        datapoint0_.description as descript4_1_0_ 
    from
        DataPoint datapoint0_ 
    where
        datapoint0_.id=?
14:19:07,453 DEBUG SQL:104 - 
    select
        datapoint0_.id as id1_0_,
        datapoint0_.xval as xval1_0_,
        datapoint0_.yval as yval1_0_,
        datapoint0_.description as descript4_1_0_ 
    from
        DataPoint datapoint0_ 
    where
        datapoint0_.id=?
14:19:07,462 DEBUG SQL:104 - 
    select
        datapoint0_.id as id1_0_,
        datapoint0_.xval as xval1_0_,
        datapoint0_.yval as yval1_0_,
        datapoint0_.description as descript4_1_0_ 
    from
        DataPoint datapoint0_ 
    where
        datapoint0_.id=?
14:19:07,463 DEBUG SQL:104 - 
    select
        datapoint0_.id as id1_0_,
        datapoint0_.xval as xval1_0_,
        datapoint0_.yval as yval1_0_,
        datapoint0_.description as descript4_1_0_ 
    from
        DataPoint datapoint0_ 
    where
        datapoint0_.id=?
14:19:07,463 DEBUG SQL:104 - 
    select
        datapoint0_.id as id1_0_,
        datapoint0_.xval as xval1_0_,
        datapoint0_.yval as yval1_0_,
        datapoint0_.description as descript4_1_0_ 
    from
        DataPoint datapoint0_ 
    where
        datapoint0_.id=?
14:19:07,463 DEBUG SQL:104 - 
    select
        datapoint0_.id as id1_0_,
        datapoint0_.xval as xval1_0_,
        datapoint0_.yval as yval1_0_,
        datapoint0_.description as descript4_1_0_ 
    from
        DataPoint datapoint0_ 
    where
        datapoint0_.id=?
14:19:07,464 DEBUG SQL:104 - 
    select
        datapoint0_.id as id1_0_,
        datapoint0_.xval as xval1_0_,
        datapoint0_.yval as yval1_0_,
        datapoint0_.description as descript4_1_0_ 
    from
        DataPoint datapoint0_ 
    where
        datapoint0_.id=?
14:19:07,487 DEBUG SQL:104 - 
    select
        datapoint0_.id as id1_0_,
        datapoint0_.xval as xval1_0_,
        datapoint0_.yval as yval1_0_,
        datapoint0_.description as descript4_1_0_ 
    from
        DataPoint datapoint0_ 
    where
        datapoint0_.id=?
14:19:07,487 DEBUG SQL:104 - 
    select
        datapoint0_.id as id1_0_,
        datapoint0_.xval as xval1_0_,
        datapoint0_.yval as yval1_0_,
        datapoint0_.description as descript4_1_0_ 
    from
        DataPoint datapoint0_ 
    where
        datapoint0_.id=?
14:19:07,488 DEBUG SQL:104 - 
    select
        datapoint0_.id as id1_0_,
        datapoint0_.xval as xval1_0_,
        datapoint0_.yval as yval1_0_,
        datapoint0_.description as descript4_1_0_ 
    from
        DataPoint datapoint0_ 
    where
        datapoint0_.id=?
14:19:07,497 DEBUG SQL:104 - 
    select
        datapoint0_.id as id1_0_,
        datapoint0_.xval as xval1_0_,
        datapoint0_.yval as yval1_0_,
        datapoint0_.description as descript4_1_0_ 
    from
        DataPoint datapoint0_ 
    where
        datapoint0_.id=?
14:19:07,497 DEBUG SQL:104 - 
    select
        datapoint0_.id as id1_0_,
        datapoint0_.xval as xval1_0_,
        datapoint0_.yval as yval1_0_,
        datapoint0_.description as descript4_1_0_ 
    from
        DataPoint datapoint0_ 
    where
        datapoint0_.id=?
14:19:07,498 DEBUG SQL:104 - 
    select
        datapoint0_.id as id1_0_,
        datapoint0_.xval as xval1_0_,
        datapoint0_.yval as yval1_0_,
        datapoint0_.description as descript4_1_0_ 
    from
        DataPoint datapoint0_ 
    where
        datapoint0_.id=?
14:19:07,507 DEBUG SQL:104 - 
    select
        datapoint0_.id as id1_0_,
        datapoint0_.xval as xval1_0_,
        datapoint0_.yval as yval1_0_,
        datapoint0_.description as descript4_1_0_ 
    from
        DataPoint datapoint0_ 
    where
        datapoint0_.id=?
14:19:07,507 DEBUG SQL:104 - 
    select
        datapoint0_.id as id1_0_,
        datapoint0_.xval as xval1_0_,
        datapoint0_.yval as yval1_0_,
        datapoint0_.description as descript4_1_0_ 
    from
        DataPoint datapoint0_ 
    where
        datapoint0_.id=?
14:19:07,507 DEBUG SQL:104 - 
    select
        datapoint0_.id as id1_0_,
        datapoint0_.xval as xval1_0_,
        datapoint0_.yval as yval1_0_,
        datapoint0_.description as descript4_1_0_ 
    from
        DataPoint datapoint0_ 
    where
        datapoint0_.id=?
14:19:07,517 DEBUG SQL:104 - 
    select
        datapoint0_.id as id1_0_,
        datapoint0_.xval as xval1_0_,
        datapoint0_.yval as yval1_0_,
        datapoint0_.description as descript4_1_0_ 
    from
        DataPoint datapoint0_ 
    where
        datapoint0_.id=?
14:19:07,518 DEBUG SQL:104 - 
    select
        datapoint0_.id as id1_0_,
        datapoint0_.xval as xval1_0_,
        datapoint0_.yval as yval1_0_,
        datapoint0_.description as descript4_1_0_ 
    from
        DataPoint datapoint0_ 
    where
        datapoint0_.id=?
14:19:07,518 DEBUG SQL:104 - 
    select
        datapoint0_.id as id1_0_,
        datapoint0_.xval as xval1_0_,
        datapoint0_.yval as yval1_0_,
        datapoint0_.description as descript4_1_0_ 
    from
        DataPoint datapoint0_ 
    where
        datapoint0_.id=?
14:19:07,528 DEBUG SQL:104 - 
    select
        datapoint0_.id as id1_0_,
        datapoint0_.xval as xval1_0_,
        datapoint0_.yval as yval1_0_,
        datapoint0_.description as descript4_1_0_ 
    from
        DataPoint datapoint0_ 
    where
        datapoint0_.id=?
14:19:07,529 DEBUG SQL:104 - 
    select
        datapoint0_.id as id1_0_,
        datapoint0_.xval as xval1_0_,
        datapoint0_.yval as yval1_0_,
        datapoint0_.description as descript4_1_0_ 
    from
        DataPoint datapoint0_ 
    where
        datapoint0_.id=?
14:19:07,529 DEBUG SQL:104 - 
    select
        datapoint0_.id as id1_0_,
        datapoint0_.xval as xval1_0_,
        datapoint0_.yval as yval1_0_,
        datapoint0_.description as descript4_1_0_ 
    from
        DataPoint datapoint0_ 
    where
        datapoint0_.id=?
14:19:07,537 DEBUG SQL:104 - 
    select
        datapoint0_.id as id1_0_,
        datapoint0_.xval as xval1_0_,
        datapoint0_.yval as yval1_0_,
        datapoint0_.description as descript4_1_0_ 
    from
        DataPoint datapoint0_ 
    where
        datapoint0_.id=?
14:19:07,538 DEBUG SQL:104 - 
    select
        datapoint0_.id as id1_0_,
        datapoint0_.xval as xval1_0_,
        datapoint0_.yval as yval1_0_,
        datapoint0_.description as descript4_1_0_ 
    from
        DataPoint datapoint0_ 
    where
        datapoint0_.id=?
14:19:07,538 DEBUG SQL:104 - 
    select
        datapoint0_.id as id1_0_,
        datapoint0_.xval as xval1_0_,
        datapoint0_.yval as yval1_0_,
        datapoint0_.description as descript4_1_0_ 
    from
        DataPoint datapoint0_ 
    where
        datapoint0_.id=?
14:19:07,548 DEBUG SQL:104 - 
    select
        datapoint0_.id as id1_0_,
        datapoint0_.xval as xval1_0_,
        datapoint0_.yval as yval1_0_,
        datapoint0_.description as descript4_1_0_ 
    from
        DataPoint datapoint0_ 
    where
        datapoint0_.id=?
14:19:07,548 DEBUG SQL:104 - 
    select
        datapoint0_.id as id1_0_,
        datapoint0_.xval as xval1_0_,
        datapoint0_.yval as yval1_0_,
        datapoint0_.description as descript4_1_0_ 
    from
        DataPoint datapoint0_ 
    where
        datapoint0_.id=?
14:19:07,548 DEBUG SQL:104 - 
    select
        datapoint0_.id as id1_0_,
        datapoint0_.xval as xval1_0_,
        datapoint0_.yval as yval1_0_,
        datapoint0_.description as descript4_1_0_ 
    from
        DataPoint datapoint0_ 
    where
        datapoint0_.id=?
14:19:07,558 DEBUG SQL:104 - 
    select
        datapoint0_.id as id1_0_,
        datapoint0_.xval as xval1_0_,
        datapoint0_.yval as yval1_0_,
        datapoint0_.description as descript4_1_0_ 
    from
        DataPoint datapoint0_ 
    where
        datapoint0_.id=?
14:19:07,558 DEBUG SQL:104 - 
    select
        datapoint0_.id as id1_0_,
        datapoint0_.xval as xval1_0_,
        datapoint0_.yval as yval1_0_,
        datapoint0_.description as descript4_1_0_ 
    from
        DataPoint datapoint0_ 
    where
        datapoint0_.id=?
14:19:07,558 DEBUG SQL:104 - 
    select
        datapoint0_.id as id1_0_,
        datapoint0_.xval as xval1_0_,
        datapoint0_.yval as yval1_0_,
        datapoint0_.description as descript4_1_0_ 
    from
        DataPoint datapoint0_ 
    where
        datapoint0_.id=?
14:19:07,568 DEBUG SQL:104 - 
    select
        datapoint0_.id as id1_0_,
        datapoint0_.xval as xval1_0_,
        datapoint0_.yval as yval1_0_,
        datapoint0_.description as descript4_1_0_ 
    from
        DataPoint datapoint0_ 
    where
        datapoint0_.id=?
14:19:07,569 DEBUG SQL:104 - 
    select
        datapoint0_.id as id1_0_,
        datapoint0_.xval as xval1_0_,
        datapoint0_.yval as yval1_0_,
        datapoint0_.description as descript4_1_0_ 
    from
        DataPoint datapoint0_ 
    where
        datapoint0_.id=?
14:19:07,569 DEBUG SQL:104 - 
    select
        datapoint0_.id as id1_0_,
        datapoint0_.xval as xval1_0_,
        datapoint0_.yval as yval1_0_,
        datapoint0_.description as descript4_1_0_ 
    from
        DataPoint datapoint0_ 
    where
        datapoint0_.id=?
14:19:07,569 DEBUG SQL:104 - 
    select
        datapoint0_.id as id1_0_,
        datapoint0_.xval as xval1_0_,
        datapoint0_.yval as yval1_0_,
        datapoint0_.description as descript4_1_0_ 
    from
        DataPoint datapoint0_ 
    where
        datapoint0_.id=?
14:19:07,570 DEBUG SQL:104 - 
    select
        datapoint0_.id as id1_0_,
        datapoint0_.xval as xval1_0_,
        datapoint0_.yval as yval1_0_,
        datapoint0_.description as descript4_1_0_ 
    from
        DataPoint datapoint0_ 
    where
        datapoint0_.id=?
14:19:07,570 DEBUG SQL:104 - 
    select
        datapoint0_.id as id1_0_,
        datapoint0_.xval as xval1_0_,
        datapoint0_.yval as yval1_0_,
        datapoint0_.description as descript4_1_0_ 
    from
        DataPoint datapoint0_ 
    where
        datapoint0_.id=?
14:19:07,582 DEBUG SQL:104 - 
    select
        datapoint0_.id as id1_0_,
        datapoint0_.xval as xval1_0_,
        datapoint0_.yval as yval1_0_,
        datapoint0_.description as descript4_1_0_ 
    from
        DataPoint datapoint0_ 
    where
        datapoint0_.id=?
14:19:07,583 DEBUG SQL:104 - 
    select
        datapoint0_.id as id1_0_,
        datapoint0_.xval as xval1_0_,
        datapoint0_.yval as yval1_0_,
        datapoint0_.description as descript4_1_0_ 
    from
        DataPoint datapoint0_ 
    where
        datapoint0_.id=?
14:19:07,583 DEBUG SQL:104 - 
    select
        datapoint0_.id as id1_0_,
        datapoint0_.xval as xval1_0_,
        datapoint0_.yval as yval1_0_,
        datapoint0_.description as descript4_1_0_ 
    from
        DataPoint datapoint0_ 
    where
        datapoint0_.id=?
14:19:07,594 DEBUG SQL:104 - 
    select
        datapoint0_.id as id1_0_,
        datapoint0_.xval as xval1_0_,
        datapoint0_.yval as yval1_0_,
        datapoint0_.description as descript4_1_0_ 
    from
        DataPoint datapoint0_ 
    where
        datapoint0_.id=?
14:19:07,594 DEBUG SQL:104 - 
    select
        datapoint0_.id as id1_0_,
        datapoint0_.xval as xval1_0_,
        datapoint0_.yval as yval1_0_,
        datapoint0_.description as descript4_1_0_ 
    from
        DataPoint datapoint0_ 
    where
        datapoint0_.id=?
14:19:07,595 DEBUG SQL:104 - 
    select
        datapoint0_.id as id1_0_,
        datapoint0_.xval as xval1_0_,
        datapoint0_.yval as yval1_0_,
        datapoint0_.description as descript4_1_0_ 
    from
        DataPoint datapoint0_ 
    where
        datapoint0_.id=?
14:19:07,595 DEBUG SQL:104 - 
    select
        datapoint0_.id as id1_0_,
        datapoint0_.xval as xval1_0_,
        datapoint0_.yval as yval1_0_,
        datapoint0_.description as descript4_1_0_ 
    from
        DataPoint datapoint0_ 
    where
        datapoint0_.id=?
14:19:07,595 DEBUG SQL:104 - 
    select
        datapoint0_.id as id1_0_,
        datapoint0_.xval as xval1_0_,
        datapoint0_.yval as yval1_0_,
        datapoint0_.description as descript4_1_0_ 
    from
        DataPoint datapoint0_ 
    where
        datapoint0_.id=?
14:19:07,615 DEBUG SQL:104 - 
    select
        datapoint0_.id as id1_0_,
        datapoint0_.xval as xval1_0_,
        datapoint0_.yval as yval1_0_,
        datapoint0_.description as descript4_1_0_ 
    from
        DataPoint datapoint0_ 
    where
        datapoint0_.id=?
14:19:07,616 DEBUG SQL:104 - 
    select
        datapoint0_.id as id1_0_,
        datapoint0_.xval as xval1_0_,
        datapoint0_.yval as yval1_0_,
        datapoint0_.description as descript4_1_0_ 
    from
        DataPoint datapoint0_ 
    where
        datapoint0_.id=?
14:19:07,616 DEBUG SQL:104 - 
    select
        datapoint0_.id as id1_0_,
        datapoint0_.xval as xval1_0_,
        datapoint0_.yval as yval1_0_,
        datapoint0_.description as descript4_1_0_ 
    from
        DataPoint datapoint0_ 
    where
        datapoint0_.id=?
14:19:07,626 DEBUG SQL:104 - 
    select
        datapoint0_.id as id1_0_,
        datapoint0_.xval as xval1_0_,
        datapoint0_.yval as yval1_0_,
        datapoint0_.description as descript4_1_0_ 
    from
        DataPoint datapoint0_ 
    where
        datapoint0_.id=?
14:19:07,626 DEBUG SQL:104 - 
    select
        datapoint0_.id as id1_0_,
        datapoint0_.xval as xval1_0_,
        datapoint0_.yval as yval1_0_,
        datapoint0_.description as descript4_1_0_ 
    from
        DataPoint datapoint0_ 
    where
        datapoint0_.id=?
14:19:07,627 DEBUG SQL:104 - 
    select
        datapoint0_.id as id1_0_,
        datapoint0_.xval as xval1_0_,
        datapoint0_.yval as yval1_0_,
        datapoint0_.description as descript4_1_0_ 
    from
        DataPoint datapoint0_ 
    where
        datapoint0_.id=?
14:19:07,635 DEBUG SQL:104 - 
    select
        datapoint0_.id as id1_0_,
        datapoint0_.xval as xval1_0_,
        datapoint0_.yval as yval1_0_,
        datapoint0_.description as descript4_1_0_ 
    from
        DataPoint datapoint0_ 
    where
        datapoint0_.id=?
14:19:07,635 DEBUG SQL:104 - 
    select
        datapoint0_.id as id1_0_,
        datapoint0_.xval as xval1_0_,
        datapoint0_.yval as yval1_0_,
        datapoint0_.description as descript4_1_0_ 
    from
        DataPoint datapoint0_ 
    where
        datapoint0_.id=?
14:19:07,636 DEBUG SQL:104 - 
    select
        datapoint0_.id as id1_0_,
        datapoint0_.xval as xval1_0_,
        datapoint0_.yval as yval1_0_,
        datapoint0_.description as descript4_1_0_ 
    from
        DataPoint datapoint0_ 
    where
        datapoint0_.id=?
14:19:07,644 DEBUG SQL:104 - 
    select
        datapoint0_.id as id1_0_,
        datapoint0_.xval as xval1_0_,
        datapoint0_.yval as yval1_0_,
        datapoint0_.description as descript4_1_0_ 
    from
        DataPoint datapoint0_ 
    where
        datapoint0_.id=?
14:19:07,645 DEBUG SQL:104 - 
    select
        datapoint0_.id as id1_0_,
        datapoint0_.xval as xval1_0_,
        datapoint0_.yval as yval1_0_,
        datapoint0_.description as descript4_1_0_ 
    from
        DataPoint datapoint0_ 
    where
        datapoint0_.id=?
14:19:07,645 DEBUG SQL:104 - 
    select
        datapoint0_.id as id1_0_,
        datapoint0_.xval as xval1_0_,
        datapoint0_.yval as yval1_0_,
        datapoint0_.description as descript4_1_0_ 
    from
        DataPoint datapoint0_ 
    where
        datapoint0_.id=?
14:19:07,653 DEBUG SQL:104 - 
    select
        datapoint0_.id as id1_0_,
        datapoint0_.xval as xval1_0_,
        datapoint0_.yval as yval1_0_,
        datapoint0_.description as descript4_1_0_ 
    from
        DataPoint datapoint0_ 
    where
        datapoint0_.id=?
14:19:07,654 DEBUG SQL:104 - 
    select
        datapoint0_.id as id1_0_,
        datapoint0_.xval as xval1_0_,
        datapoint0_.yval as yval1_0_,
        datapoint0_.description as descript4_1_0_ 
    from
        DataPoint datapoint0_ 
    where
        datapoint0_.id=?
14:19:07,654 DEBUG SQL:104 - 
    select
        datapoint0_.id as id1_0_,
        datapoint0_.xval as xval1_0_,
        datapoint0_.yval as yval1_0_,
        datapoint0_.description as descript4_1_0_ 
    from
        DataPoint datapoint0_ 
    where
        datapoint0_.id=?
14:19:07,663 DEBUG SQL:104 - 
    select
        datapoint0_.id as id1_0_,
        datapoint0_.xval as xval1_0_,
        datapoint0_.yval as yval1_0_,
        datapoint0_.description as descript4_1_0_ 
    from
        DataPoint datapoint0_ 
    where
        datapoint0_.id=?
14:19:07,663 DEBUG SQL:104 - 
    select
        datapoint0_.id as id1_0_,
        datapoint0_.xval as xval1_0_,
        datapoint0_.yval as yval1_0_,
        datapoint0_.description as descript4_1_0_ 
    from
        DataPoint datapoint0_ 
    where
        datapoint0_.id=?
14:19:07,664 DEBUG SQL:104 - 
    select
        datapoint0_.id as id1_0_,
        datapoint0_.xval as xval1_0_,
        datapoint0_.yval as yval1_0_,
        datapoint0_.description as descript4_1_0_ 
    from
        DataPoint datapoint0_ 
    where
        datapoint0_.id=?
14:19:07,672 DEBUG SQL:104 - 
    select
        datapoint0_.id as id1_0_,
        datapoint0_.xval as xval1_0_,
        datapoint0_.yval as yval1_0_,
        datapoint0_.description as descript4_1_0_ 
    from
        DataPoint datapoint0_ 
    where
        datapoint0_.id=?
14:19:07,673 DEBUG SQL:104 - 
    select
        datapoint0_.id as id1_0_,
        datapoint0_.xval as xval1_0_,
        datapoint0_.yval as yval1_0_,
        datapoint0_.description as descript4_1_0_ 
    from
        DataPoint datapoint0_ 
    where
        datapoint0_.id=?
14:19:07,673 DEBUG SQL:104 - 
    select
        datapoint0_.id as id1_0_,
        datapoint0_.xval as xval1_0_,
        datapoint0_.yval as yval1_0_,
        datapoint0_.description as descript4_1_0_ 
    from
        DataPoint datapoint0_ 
    where
        datapoint0_.id=?
14:19:07,681 DEBUG SQL:104 - 
    select
        datapoint0_.id as id1_0_,
        datapoint0_.xval as xval1_0_,
        datapoint0_.yval as yval1_0_,
        datapoint0_.description as descript4_1_0_ 
    from
        DataPoint datapoint0_ 
    where
        datapoint0_.id=?
14:19:07,682 DEBUG SQL:104 - 
    select
        datapoint0_.id as id1_0_,
        datapoint0_.xval as xval1_0_,
        datapoint0_.yval as yval1_0_,
        datapoint0_.description as descript4_1_0_ 
    from
        DataPoint datapoint0_ 
    where
        datapoint0_.id=?
14:19:07,682 DEBUG SQL:104 - 
    select
        datapoint0_.id as id1_0_,
        datapoint0_.xval as xval1_0_,
        datapoint0_.yval as yval1_0_,
        datapoint0_.description as descript4_1_0_ 
    from
        DataPoint datapoint0_ 
    where
        datapoint0_.id=?
14:19:07,692 DEBUG SQL:104 - 
    select
        datapoint0_.id as id1_0_,
        datapoint0_.xval as xval1_0_,
        datapoint0_.yval as yval1_0_,
        datapoint0_.description as descript4_1_0_ 
    from
        DataPoint datapoint0_ 
    where
        datapoint0_.id=?
14:19:07,693 DEBUG SQL:104 - 
    select
        datapoint0_.id as id1_0_,
        datapoint0_.xval as xval1_0_,
        datapoint0_.yval as yval1_0_,
        datapoint0_.description as descript4_1_0_ 
    from
        DataPoint datapoint0_ 
    where
        datapoint0_.id=?
14:19:07,693 DEBUG SQL:104 - 
    select
        datapoint0_.id as id1_0_,
        datapoint0_.xval as xval1_0_,
        datapoint0_.yval as yval1_0_,
        datapoint0_.description as descript4_1_0_ 
    from
        DataPoint datapoint0_ 
    where
        datapoint0_.id=?
14:19:07,693 DEBUG SQL:104 - 
    select
        datapoint0_.id as id1_0_,
        datapoint0_.xval as xval1_0_,
        datapoint0_.yval as yval1_0_,
        datapoint0_.description as descript4_1_0_ 
    from
        DataPoint datapoint0_ 
    where
        datapoint0_.id=?
14:19:07,694 DEBUG SQL:104 - 
    select
        datapoint0_.id as id1_0_,
        datapoint0_.xval as xval1_0_,
        datapoint0_.yval as yval1_0_,
        datapoint0_.description as descript4_1_0_ 
    from
        DataPoint datapoint0_ 
    where
        datapoint0_.id=?
14:19:07,694 DEBUG SQL:104 - 
    select
        datapoint0_.id as id1_0_,
        datapoint0_.xval as xval1_0_,
        datapoint0_.yval as yval1_0_,
        datapoint0_.description as descript4_1_0_ 
    from
        DataPoint datapoint0_ 
    where
        datapoint0_.id=?
14:19:07,703 DEBUG SQL:104 - 
    select
        datapoint0_.id as id1_0_,
        datapoint0_.xval as xval1_0_,
        datapoint0_.yval as yval1_0_,
        datapoint0_.description as descript4_1_0_ 
    from
        DataPoint datapoint0_ 
    where
        datapoint0_.id=?
14:19:07,704 DEBUG SQL:104 - 
    select
        datapoint0_.id as id1_0_,
        datapoint0_.xval as xval1_0_,
        datapoint0_.yval as yval1_0_,
        datapoint0_.description as descript4_1_0_ 
    from
        DataPoint datapoint0_ 
    where
        datapoint0_.id=?
14:19:07,704 DEBUG SQL:104 - 
    select
        datapoint0_.id as id1_0_,
        datapoint0_.xval as xval1_0_,
        datapoint0_.yval as yval1_0_,
        datapoint0_.description as descript4_1_0_ 
    from
        DataPoint datapoint0_ 
    where
        datapoint0_.id=?
14:19:07,750 DEBUG SQL:104 - 
    select
        datapoint0_.id as id1_0_,
        datapoint0_.xval as xval1_0_,
        datapoint0_.yval as yval1_0_,
        datapoint0_.description as descript4_1_0_ 
    from
        DataPoint datapoint0_ 
    where
        datapoint0_.id=?
14:19:07,751 DEBUG SQL:104 - 
    select
        datapoint0_.id as id1_0_,
        datapoint0_.xval as xval1_0_,
        datapoint0_.yval as yval1_0_,
        datapoint0_.description as descript4_1_0_ 
    from
        DataPoint datapoint0_ 
    where
        datapoint0_.id=?
14:19:07,751 DEBUG SQL:104 - 
    select
        datapoint0_.id as id1_0_,
        datapoint0_.xval as xval1_0_,
        datapoint0_.yval as yval1_0_,
        datapoint0_.description as descript4_1_0_ 
    from
        DataPoint datapoint0_ 
    where
        datapoint0_.id=?
14:19:07,752 DEBUG SQL:104 - 
    select
        datapoint0_.id as id1_0_,
        datapoint0_.xval as xval1_0_,
        datapoint0_.yval as yval1_0_,
        datapoint0_.description as descript4_1_0_ 
    from
        DataPoint datapoint0_ 
    where
        datapoint0_.id=?
14:19:07,752 DEBUG SQL:104 - 
    select
        datapoint0_.id as id1_0_,
        datapoint0_.xval as xval1_0_,
        datapoint0_.yval as yval1_0_,
        datapoint0_.description as descript4_1_0_ 
    from
        DataPoint datapoint0_ 
    where
        datapoint0_.id=?
14:19:07,752 DEBUG SQL:104 - 
    select
        datapoint0_.id as id1_0_,
        datapoint0_.xval as xval1_0_,
        datapoint0_.yval as yval1_0_,
        datapoint0_.description as descript4_1_0_ 
    from
        DataPoint datapoint0_ 
    where
        datapoint0_.id=?
14:19:07,753 DEBUG SQL:104 - 
    select
        datapoint0_.id as id1_0_,
        datapoint0_.xval as xval1_0_,
        datapoint0_.yval as yval1_0_,
        datapoint0_.description as descript4_1_0_ 
    from
        DataPoint datapoint0_ 
    where
        datapoint0_.id=?
14:19:07,753 DEBUG SQL:104 - 
    select
        datapoint0_.id as id1_0_,
        datapoint0_.xval as xval1_0_,
        datapoint0_.yval as yval1_0_,
        datapoint0_.description as descript4_1_0_ 
    from
        DataPoint datapoint0_ 
    where
        datapoint0_.id=?
14:19:07,753 DEBUG SQL:104 - 
    update
        DataPoint 
    set
        description=? 
    where
        id=?
14:19:07,754 DEBUG SQL:104 - 
    select
        datapoint0_.id as id1_,
        datapoint0_.xval as xval1_,
        datapoint0_.yval as yval1_,
        datapoint0_.description as descript4_1_ 
    from
        DataPoint datapoint0_ 
    where
        datapoint0_.description='done!'
14:19:07,755 DEBUG SQL:104 - 
    delete 
    from
        DataPoint
14:19:07,757  INFO CustomRunner:139 - Test: testModifiableSessionReadOnlyQueryScroll
14:19:07,762 DEBUG SQL:104 - 
    insert 
    into
        DataPoint
        (xval, yval, description, id) 
    values
        (?, ?, ?, ?)
14:19:07,763 DEBUG SQL:104 - 
    insert 
    into
        DataPoint
        (xval, yval, description, id) 
    values
        (?, ?, ?, ?)
14:19:07,763 DEBUG SQL:104 - 
    insert 
    into
        DataPoint
        (xval, yval, description, id) 
    values
        (?, ?, ?, ?)
14:19:07,763 DEBUG SQL:104 - 
    insert 
    into
        DataPoint
        (xval, yval, description, id) 
    values
        (?, ?, ?, ?)
14:19:07,763 DEBUG SQL:104 - 
    insert 
    into
        DataPoint
        (xval, yval, description, id) 
    values
        (?, ?, ?, ?)
14:19:07,763 DEBUG SQL:104 - 
    insert 
    into
        DataPoint
        (xval, yval, description, id) 
    values
        (?, ?, ?, ?)
14:19:07,764 DEBUG SQL:104 - 
    insert 
    into
        DataPoint
        (xval, yval, description, id) 
    values
        (?, ?, ?, ?)
14:19:07,780 DEBUG SQL:104 - 
    insert 
    into
        DataPoint
        (xval, yval, description, id) 
    values
        (?, ?, ?, ?)
14:19:07,781 DEBUG SQL:104 - 
    insert 
    into
        DataPoint
        (xval, yval, description, id) 
    values
        (?, ?, ?, ?)
14:19:07,781 DEBUG SQL:104 - 
    insert 
    into
        DataPoint
        (xval, yval, description, id) 
    values
        (?, ?, ?, ?)
14:19:07,781 DEBUG SQL:104 - 
    insert 
    into
        DataPoint
        (xval, yval, description, id) 
    values
        (?, ?, ?, ?)
14:19:07,795 DEBUG SQL:104 - 
    insert 
    into
        DataPoint
        (xval, yval, description, id) 
    values
        (?, ?, ?, ?)
14:19:07,795 DEBUG SQL:104 - 
    insert 
    into
        DataPoint
        (xval, yval, description, id) 
    values
        (?, ?, ?, ?)
14:19:07,795 DEBUG SQL:104 - 
    insert 
    into
        DataPoint
        (xval, yval, description, id) 
    values
        (?, ?, ?, ?)
14:19:07,795 DEBUG SQL:104 - 
    insert 
    into
        DataPoint
        (xval, yval, description, id) 
    values
        (?, ?, ?, ?)
14:19:07,808 DEBUG SQL:104 - 
    insert 
    into
        DataPoint
        (xval, yval, description, id) 
    values
        (?, ?, ?, ?)
14:19:07,808 DEBUG SQL:104 - 
    insert 
    into
        DataPoint
        (xval, yval, description, id) 
    values
        (?, ?, ?, ?)
14:19:07,808 DEBUG SQL:104 - 
    insert 
    into
        DataPoint
        (xval, yval, description, id) 
    values
        (?, ?, ?, ?)
14:19:07,812 DEBUG SQL:104 - 
    insert 
    into
        DataPoint
        (xval, yval, description, id) 
    values
        (?, ?, ?, ?)
14:19:07,812 DEBUG SQL:104 - 
    insert 
    into
        DataPoint
        (xval, yval, description, id) 
    values
        (?, ?, ?, ?)
14:19:07,820 DEBUG SQL:104 - 
    insert 
    into
        DataPoint
        (xval, yval, description, id) 
    values
        (?, ?, ?, ?)
14:19:07,821 DEBUG SQL:104 - 
    insert 
    into
        DataPoint
        (xval, yval, description, id) 
    values
        (?, ?, ?, ?)
14:19:07,821 DEBUG SQL:104 - 
    insert 
    into
        DataPoint
        (xval, yval, description, id) 
    values
        (?, ?, ?, ?)
14:19:07,821 DEBUG SQL:104 - 
    insert 
    into
        DataPoint
        (xval, yval, description, id) 
    values
        (?, ?, ?, ?)
14:19:07,821 DEBUG SQL:104 - 
    insert 
    into
        DataPoint
        (xval, yval, description, id) 
    values
        (?, ?, ?, ?)
14:19:07,821 DEBUG SQL:104 - 
    insert 
    into
        DataPoint
        (xval, yval, description, id) 
    values
        (?, ?, ?, ?)
14:19:07,822 DEBUG SQL:104 - 
    insert 
    into
        DataPoint
        (xval, yval, description, id) 
    values
        (?, ?, ?, ?)
14:19:07,822 DEBUG SQL:104 - 
    insert 
    into
        DataPoint
        (xval, yval, description, id) 
    values
        (?, ?, ?, ?)
14:19:07,832 DEBUG SQL:104 - 
    insert 
    into
        DataPoint
        (xval, yval, description, id) 
    values
        (?, ?, ?, ?)
14:19:07,833 DEBUG SQL:104 - 
    insert 
    into
        DataPoint
        (xval, yval, description, id) 
    values
        (?, ?, ?, ?)
14:19:07,833 DEBUG SQL:104 - 
    insert 
    into
        DataPoint
        (xval, yval, description, id) 
    values
        (?, ?, ?, ?)
14:19:07,833 DEBUG SQL:104 - 
    insert 
    into
        DataPoint
        (xval, yval, description, id) 
    values
        (?, ?, ?, ?)
14:19:07,833 DEBUG SQL:104 - 
    insert 
    into
        DataPoint
        (xval, yval, description, id) 
    values
        (?, ?, ?, ?)
14:19:07,842 DEBUG SQL:104 - 
    insert 
    into
        DataPoint
        (xval, yval, description, id) 
    values
        (?, ?, ?, ?)
14:19:07,843 DEBUG SQL:104 - 
    insert 
    into
        DataPoint
        (xval, yval, description, id) 
    values
        (?, ?, ?, ?)
14:19:07,843 DEBUG SQL:104 - 
    insert 
    into
        DataPoint
        (xval, yval, description, id) 
    values
        (?, ?, ?, ?)
14:19:07,843 DEBUG SQL:104 - 
    insert 
    into
        DataPoint
        (xval, yval, description, id) 
    values
        (?, ?, ?, ?)
14:19:07,843 DEBUG SQL:104 - 
    insert 
    into
        DataPoint
        (xval, yval, description, id) 
    values
        (?, ?, ?, ?)
14:19:07,844 DEBUG SQL:104 - 
    insert 
    into
        DataPoint
        (xval, yval, description, id) 
    values
        (?, ?, ?, ?)
14:19:07,865 DEBUG SQL:104 - 
    insert 
    into
        DataPoint
        (xval, yval, description, id) 
    values
        (?, ?, ?, ?)
14:19:07,866 DEBUG SQL:104 - 
    insert 
    into
        DataPoint
        (xval, yval, description, id) 
    values
        (?, ?, ?, ?)
14:19:07,866 DEBUG SQL:104 - 
    insert 
    into
        DataPoint
        (xval, yval, description, id) 
    values
        (?, ?, ?, ?)
14:19:07,866 DEBUG SQL:104 - 
    insert 
    into
        DataPoint
        (xval, yval, description, id) 
    values
        (?, ?, ?, ?)
14:19:07,876 DEBUG SQL:104 - 
    insert 
    into
        DataPoint
        (xval, yval, description, id) 
    values
        (?, ?, ?, ?)
14:19:07,876 DEBUG SQL:104 - 
    insert 
    into
        DataPoint
        (xval, yval, description, id) 
    values
        (?, ?, ?, ?)
14:19:07,877 DEBUG SQL:104 - 
    insert 
    into
        DataPoint
        (xval, yval, description, id) 
    values
        (?, ?, ?, ?)
14:19:07,877 DEBUG SQL:104 - 
    insert 
    into
        DataPoint
        (xval, yval, description, id) 
    values
        (?, ?, ?, ?)
14:19:07,877 DEBUG SQL:104 - 
    insert 
    into
        DataPoint
        (xval, yval, description, id) 
    values
        (?, ?, ?, ?)
14:19:07,886 DEBUG SQL:104 - 
    insert 
    into
        DataPoint
        (xval, yval, description, id) 
    values
        (?, ?, ?, ?)
14:19:07,886 DEBUG SQL:104 - 
    insert 
    into
        DataPoint
        (xval, yval, description, id) 
    values
        (?, ?, ?, ?)
14:19:07,886 DEBUG SQL:104 - 
    insert 
    into
        DataPoint
        (xval, yval, description, id) 
    values
        (?, ?, ?, ?)
14:19:07,887 DEBUG SQL:104 - 
    insert 
    into
        DataPoint
        (xval, yval, description, id) 
    values
        (?, ?, ?, ?)
14:19:07,895 DEBUG SQL:104 - 
    insert 
    into
        DataPoint
        (xval, yval, description, id) 
    values
        (?, ?, ?, ?)
14:19:07,896 DEBUG SQL:104 - 
    insert 
    into
        DataPoint
        (xval, yval, description, id) 
    values
        (?, ?, ?, ?)
14:19:07,896 DEBUG SQL:104 - 
    insert 
    into
        DataPoint
        (xval, yval, description, id) 
    values
        (?, ?, ?, ?)
14:19:07,896 DEBUG SQL:104 - 
    insert 
    into
        DataPoint
        (xval, yval, description, id) 
    values
        (?, ?, ?, ?)
14:19:07,906 DEBUG SQL:104 - 
    insert 
    into
        DataPoint
        (xval, yval, description, id) 
    values
        (?, ?, ?, ?)
14:19:07,906 DEBUG SQL:104 - 
    insert 
    into
        DataPoint
        (xval, yval, description, id) 
    values
        (?, ?, ?, ?)
14:19:07,906 DEBUG SQL:104 - 
    insert 
    into
        DataPoint
        (xval, yval, description, id) 
    values
        (?, ?, ?, ?)
14:19:07,907 DEBUG SQL:104 - 
    insert 
    into
        DataPoint
        (xval, yval, description, id) 
    values
        (?, ?, ?, ?)
14:19:07,908 DEBUG SQL:104 - 
    insert 
    into
        DataPoint
        (xval, yval, description, id) 
    values
        (?, ?, ?, ?)
14:19:07,927 DEBUG SQL:104 - 
    insert 
    into
        DataPoint
        (xval, yval, description, id) 
    values
        (?, ?, ?, ?)
14:19:07,928 DEBUG SQL:104 - 
    insert 
    into
        DataPoint
        (xval, yval, description, id) 
    values
        (?, ?, ?, ?)
14:19:07,928 DEBUG SQL:104 - 
    insert 
    into
        DataPoint
        (xval, yval, description, id) 
    values
        (?, ?, ?, ?)
14:19:07,928 DEBUG SQL:104 - 
    insert 
    into
        DataPoint
        (xval, yval, description, id) 
    values
        (?, ?, ?, ?)
14:19:07,941 DEBUG SQL:104 - 
    insert 
    into
        DataPoint
        (xval, yval, description, id) 
    values
        (?, ?, ?, ?)
14:19:07,941 DEBUG SQL:104 - 
    insert 
    into
        DataPoint
        (xval, yval, description, id) 
    values
        (?, ?, ?, ?)
14:19:07,941 DEBUG SQL:104 - 
    insert 
    into
        DataPoint
        (xval, yval, description, id) 
    values
        (?, ?, ?, ?)
14:19:07,942 DEBUG SQL:104 - 
    insert 
    into
        DataPoint
        (xval, yval, description, id) 
    values
        (?, ?, ?, ?)
14:19:07,951 DEBUG SQL:104 - 
    insert 
    into
        DataPoint
        (xval, yval, description, id) 
    values
        (?, ?, ?, ?)
14:19:07,951 DEBUG SQL:104 - 
    insert 
    into
        DataPoint
        (xval, yval, description, id) 
    values
        (?, ?, ?, ?)
14:19:07,951 DEBUG SQL:104 - 
    insert 
    into
        DataPoint
        (xval, yval, description, id) 
    values
        (?, ?, ?, ?)
14:19:07,952 DEBUG SQL:104 - 
    insert 
    into
        DataPoint
        (xval, yval, description, id) 
    values
        (?, ?, ?, ?)
14:19:07,952 DEBUG SQL:104 - 
    insert 
    into
        DataPoint
        (xval, yval, description, id) 
    values
        (?, ?, ?, ?)
14:19:07,952 DEBUG SQL:104 - 
    insert 
    into
        DataPoint
        (xval, yval, description, id) 
    values
        (?, ?, ?, ?)
14:19:07,952 DEBUG SQL:104 - 
    insert 
    into
        DataPoint
        (xval, yval, description, id) 
    values
        (?, ?, ?, ?)
14:19:07,952 DEBUG SQL:104 - 
    insert 
    into
        DataPoint
        (xval, yval, description, id) 
    values
        (?, ?, ?, ?)
14:19:07,953 DEBUG SQL:104 - 
    insert 
    into
        DataPoint
        (xval, yval, description, id) 
    values
        (?, ?, ?, ?)
14:19:07,966 DEBUG SQL:104 - 
    insert 
    into
        DataPoint
        (xval, yval, description, id) 
    values
        (?, ?, ?, ?)
14:19:07,966 DEBUG SQL:104 - 
    insert 
    into
        DataPoint
        (xval, yval, description, id) 
    values
        (?, ?, ?, ?)
14:19:07,966 DEBUG SQL:104 - 
    insert 
    into
        DataPoint
        (xval, yval, description, id) 
    values
        (?, ?, ?, ?)
14:19:07,967 DEBUG SQL:104 - 
    insert 
    into
        DataPoint
        (xval, yval, description, id) 
    values
        (?, ?, ?, ?)
14:19:07,975 DEBUG SQL:104 - 
    insert 
    into
        DataPoint
        (xval, yval, description, id) 
    values
        (?, ?, ?, ?)
14:19:07,976 DEBUG SQL:104 - 
    insert 
    into
        DataPoint
        (xval, yval, description, id) 
    values
        (?, ?, ?, ?)
14:19:07,976 DEBUG SQL:104 - 
    insert 
    into
        DataPoint
        (xval, yval, description, id) 
    values
        (?, ?, ?, ?)
14:19:07,976 DEBUG SQL:104 - 
    insert 
    into
        DataPoint
        (xval, yval, description, id) 
    values
        (?, ?, ?, ?)
14:19:07,976 DEBUG SQL:104 - 
    insert 
    into
        DataPoint
        (xval, yval, description, id) 
    values
        (?, ?, ?, ?)
14:19:07,976 DEBUG SQL:104 - 
    insert 
    into
        DataPoint
        (xval, yval, description, id) 
    values
        (?, ?, ?, ?)
14:19:07,977 DEBUG SQL:104 - 
    insert 
    into
        DataPoint
        (xval, yval, description, id) 
    values
        (?, ?, ?, ?)
14:19:07,998 DEBUG SQL:104 - 
    insert 
    into
        DataPoint
        (xval, yval, description, id) 
    values
        (?, ?, ?, ?)
14:19:07,998 DEBUG SQL:104 - 
    insert 
    into
        DataPoint
        (xval, yval, description, id) 
    values
        (?, ?, ?, ?)
14:19:07,998 DEBUG SQL:104 - 
    insert 
    into
        DataPoint
        (xval, yval, description, id) 
    values
        (?, ?, ?, ?)
14:19:07,998 DEBUG SQL:104 - 
    insert 
    into
        DataPoint
        (xval, yval, description, id) 
    values
        (?, ?, ?, ?)
14:19:08,007 DEBUG SQL:104 - 
    insert 
    into
        DataPoint
        (xval, yval, description, id) 
    values
        (?, ?, ?, ?)
14:19:08,008 DEBUG SQL:104 - 
    insert 
    into
        DataPoint
        (xval, yval, description, id) 
    values
        (?, ?, ?, ?)
14:19:08,008 DEBUG SQL:104 - 
    insert 
    into
        DataPoint
        (xval, yval, description, id) 
    values
        (?, ?, ?, ?)
14:19:08,008 DEBUG SQL:104 - 
    insert 
    into
        DataPoint
        (xval, yval, description, id) 
    values
        (?, ?, ?, ?)
14:19:08,008 DEBUG SQL:104 - 
    insert 
    into
        DataPoint
        (xval, yval, description, id) 
    values
        (?, ?, ?, ?)
14:19:08,017 DEBUG SQL:104 - 
    insert 
    into
        DataPoint
        (xval, yval, description, id) 
    values
        (?, ?, ?, ?)
14:19:08,017 DEBUG SQL:104 - 
    insert 
    into
        DataPoint
        (xval, yval, description, id) 
    values
        (?, ?, ?, ?)
14:19:08,018 DEBUG SQL:104 - 
    select
        datapoint0_.id as id1_,
        datapoint0_.xval as xval1_,
        datapoint0_.yval as yval1_,
        datapoint0_.description as descript4_1_ 
    from
        DataPoint datapoint0_ 
    order by
        datapoint0_.xval asc
14:19:08,029 DEBUG SQL:104 - 
    update
        DataPoint 
    set
        description=? 
    where
        id=?
14:19:08,030 DEBUG SQL:104 - 
    select
        datapoint0_.id as id1_,
        datapoint0_.xval as xval1_,
        datapoint0_.yval as yval1_,
        datapoint0_.description as descript4_1_ 
    from
        DataPoint datapoint0_ 
    where
        datapoint0_.description='done!'
14:19:08,031 DEBUG SQL:104 - 
    delete 
    from
        DataPoint
14:19:08,033  INFO CustomRunner:139 - Test: testQueryModifiableIterate
14:19:08,038 DEBUG SQL:104 - 
    insert 
    into
        DataPoint
        (xval, yval, description, id) 
    values
        (?, ?, ?, ?)
14:19:08,049 DEBUG SQL:104 - 
    insert 
    into
        DataPoint
        (xval, yval, description, id) 
    values
        (?, ?, ?, ?)
14:19:08,049 DEBUG SQL:104 - 
    insert 
    into
        DataPoint
        (xval, yval, description, id) 
    values
        (?, ?, ?, ?)
14:19:08,049 DEBUG SQL:104 - 
    insert 
    into
        DataPoint
        (xval, yval, description, id) 
    values
        (?, ?, ?, ?)
14:19:08,049 DEBUG SQL:104 - 
    insert 
    into
        DataPoint
        (xval, yval, description, id) 
    values
        (?, ?, ?, ?)
14:19:08,049 DEBUG SQL:104 - 
    insert 
    into
        DataPoint
        (xval, yval, description, id) 
    values
        (?, ?, ?, ?)
14:19:08,058 DEBUG SQL:104 - 
    insert 
    into
        DataPoint
        (xval, yval, description, id) 
    values
        (?, ?, ?, ?)
14:19:08,058 DEBUG SQL:104 - 
    insert 
    into
        DataPoint
        (xval, yval, description, id) 
    values
        (?, ?, ?, ?)
14:19:08,059 DEBUG SQL:104 - 
    insert 
    into
        DataPoint
        (xval, yval, description, id) 
    values
        (?, ?, ?, ?)
14:19:08,059 DEBUG SQL:104 - 
    insert 
    into
        DataPoint
        (xval, yval, description, id) 
    values
        (?, ?, ?, ?)
14:19:08,068 DEBUG SQL:104 - 
    insert 
    into
        DataPoint
        (xval, yval, description, id) 
    values
        (?, ?, ?, ?)
14:19:08,068 DEBUG SQL:104 - 
    insert 
    into
        DataPoint
        (xval, yval, description, id) 
    values
        (?, ?, ?, ?)
14:19:08,068 DEBUG SQL:104 - 
    insert 
    into
        DataPoint
        (xval, yval, description, id) 
    values
        (?, ?, ?, ?)
14:19:08,068 DEBUG SQL:104 - 
    insert 
    into
        DataPoint
        (xval, yval, description, id) 
    values
        (?, ?, ?, ?)
14:19:08,079 DEBUG SQL:104 - 
    insert 
    into
        DataPoint
        (xval, yval, description, id) 
    values
        (?, ?, ?, ?)
14:19:08,079 DEBUG SQL:104 - 
    insert 
    into
        DataPoint
        (xval, yval, description, id) 
    values
        (?, ?, ?, ?)
14:19:08,079 DEBUG SQL:104 - 
    insert 
    into
        DataPoint
        (xval, yval, description, id) 
    values
        (?, ?, ?, ?)
14:19:08,079 DEBUG SQL:104 - 
    insert 
    into
        DataPoint
        (xval, yval, description, id) 
    values
        (?, ?, ?, ?)
14:19:08,080 DEBUG SQL:104 - 
    insert 
    into
        DataPoint
        (xval, yval, description, id) 
    values
        (?, ?, ?, ?)
14:19:08,080 DEBUG SQL:104 - 
    insert 
    into
        DataPoint
        (xval, yval, description, id) 
    values
        (?, ?, ?, ?)
14:19:08,080 DEBUG SQL:104 - 
    insert 
    into
        DataPoint
        (xval, yval, description, id) 
    values
        (?, ?, ?, ?)
14:19:08,080 DEBUG SQL:104 - 
    insert 
    into
        DataPoint
        (xval, yval, description, id) 
    values
        (?, ?, ?, ?)
14:19:08,080 DEBUG SQL:104 - 
    insert 
    into
        DataPoint
        (xval, yval, description, id) 
    values
        (?, ?, ?, ?)
14:19:08,090 DEBUG SQL:104 - 
    insert 
    into
        DataPoint
        (xval, yval, description, id) 
    values
        (?, ?, ?, ?)
14:19:08,091 DEBUG SQL:104 - 
    insert 
    into
        DataPoint
        (xval, yval, description, id) 
    values
        (?, ?, ?, ?)
14:19:08,091 DEBUG SQL:104 - 
    insert 
    into
        DataPoint
        (xval, yval, description, id) 
    values
        (?, ?, ?, ?)
14:19:08,091 DEBUG SQL:104 - 
    insert 
    into
        DataPoint
        (xval, yval, description, id) 
    values
        (?, ?, ?, ?)
14:19:08,102 DEBUG SQL:104 - 
    insert 
    into
        DataPoint
        (xval, yval, description, id) 
    values
        (?, ?, ?, ?)
14:19:08,103 DEBUG SQL:104 - 
    insert 
    into
        DataPoint
        (xval, yval, description, id) 
    values
        (?, ?, ?, ?)
14:19:08,103 DEBUG SQL:104 - 
    insert 
    into
        DataPoint
        (xval, yval, description, id) 
    values
        (?, ?, ?, ?)
14:19:08,103 DEBUG SQL:104 - 
    insert 
    into
        DataPoint
        (xval, yval, description, id) 
    values
        (?, ?, ?, ?)
14:19:08,103 DEBUG SQL:104 - 
    insert 
    into
        DataPoint
        (xval, yval, description, id) 
    values
        (?, ?, ?, ?)
14:19:08,103 DEBUG SQL:104 - 
    insert 
    into
        DataPoint
        (xval, yval, description, id) 
    values
        (?, ?, ?, ?)
14:19:08,103 DEBUG SQL:104 - 
    insert 
    into
        DataPoint
        (xval, yval, description, id) 
    values
        (?, ?, ?, ?)
14:19:08,125 DEBUG SQL:104 - 
    insert 
    into
        DataPoint
        (xval, yval, description, id) 
    values
        (?, ?, ?, ?)
14:19:08,125 DEBUG SQL:104 - 
    insert 
    into
        DataPoint
        (xval, yval, description, id) 
    values
        (?, ?, ?, ?)
14:19:08,125 DEBUG SQL:104 - 
    insert 
    into
        DataPoint
        (xval, yval, description, id) 
    values
        (?, ?, ?, ?)
14:19:08,125 DEBUG SQL:104 - 
    insert 
    into
        DataPoint
        (xval, yval, description, id) 
    values
        (?, ?, ?, ?)
14:19:08,140 DEBUG SQL:104 - 
    insert 
    into
        DataPoint
        (xval, yval, description, id) 
    values
        (?, ?, ?, ?)
14:19:08,140 DEBUG SQL:104 - 
    insert 
    into
        DataPoint
        (xval, yval, description, id) 
    values
        (?, ?, ?, ?)
14:19:08,141 DEBUG SQL:104 - 
    insert 
    into
        DataPoint
        (xval, yval, description, id) 
    values
        (?, ?, ?, ?)
14:19:08,141 DEBUG SQL:104 - 
    insert 
    into
        DataPoint
        (xval, yval, description, id) 
    values
        (?, ?, ?, ?)
14:19:08,141 DEBUG SQL:104 - 
    insert 
    into
        DataPoint
        (xval, yval, description, id) 
    values
        (?, ?, ?, ?)
14:19:08,149 DEBUG SQL:104 - 
    insert 
    into
        DataPoint
        (xval, yval, description, id) 
    values
        (?, ?, ?, ?)
14:19:08,150 DEBUG SQL:104 - 
    insert 
    into
        DataPoint
        (xval, yval, description, id) 
    values
        (?, ?, ?, ?)
14:19:08,150 DEBUG SQL:104 - 
    insert 
    into
        DataPoint
        (xval, yval, description, id) 
    values
        (?, ?, ?, ?)
14:19:08,150 DEBUG SQL:104 - 
    insert 
    into
        DataPoint
        (xval, yval, description, id) 
    values
        (?, ?, ?, ?)
14:19:08,158 DEBUG SQL:104 - 
    insert 
    into
        DataPoint
        (xval, yval, description, id) 
    values
        (?, ?, ?, ?)
14:19:08,159 DEBUG SQL:104 - 
    insert 
    into
        DataPoint
        (xval, yval, description, id) 
    values
        (?, ?, ?, ?)
14:19:08,159 DEBUG SQL:104 - 
    insert 
    into
        DataPoint
        (xval, yval, description, id) 
    values
        (?, ?, ?, ?)
14:19:08,159 DEBUG SQL:104 - 
    insert 
    into
        DataPoint
        (xval, yval, description, id) 
    values
        (?, ?, ?, ?)
14:19:08,170 DEBUG SQL:104 - 
    insert 
    into
        DataPoint
        (xval, yval, description, id) 
    values
        (?, ?, ?, ?)
14:19:08,171 DEBUG SQL:104 - 
    insert 
    into
        DataPoint
        (xval, yval, description, id) 
    values
        (?, ?, ?, ?)
14:19:08,171 DEBUG SQL:104 - 
    insert 
    into
        DataPoint
        (xval, yval, description, id) 
    values
        (?, ?, ?, ?)
14:19:08,171 DEBUG SQL:104 - 
    insert 
    into
        DataPoint
        (xval, yval, description, id) 
    values
        (?, ?, ?, ?)
14:19:08,171 DEBUG SQL:104 - 
    insert 
    into
        DataPoint
        (xval, yval, description, id) 
    values
        (?, ?, ?, ?)
14:19:08,180 DEBUG SQL:104 - 
    insert 
    into
        DataPoint
        (xval, yval, description, id) 
    values
        (?, ?, ?, ?)
14:19:08,180 DEBUG SQL:104 - 
    insert 
    into
        DataPoint
        (xval, yval, description, id) 
    values
        (?, ?, ?, ?)
14:19:08,180 DEBUG SQL:104 - 
    insert 
    into
        DataPoint
        (xval, yval, description, id) 
    values
        (?, ?, ?, ?)
14:19:08,180 DEBUG SQL:104 - 
    insert 
    into
        DataPoint
        (xval, yval, description, id) 
    values
        (?, ?, ?, ?)
14:19:08,189 DEBUG SQL:104 - 
    insert 
    into
        DataPoint
        (xval, yval, description, id) 
    values
        (?, ?, ?, ?)
14:19:08,190 DEBUG SQL:104 - 
    insert 
    into
        DataPoint
        (xval, yval, description, id) 
    values
        (?, ?, ?, ?)
14:19:08,190 DEBUG SQL:104 - 
    insert 
    into
        DataPoint
        (xval, yval, description, id) 
    values
        (?, ?, ?, ?)
14:19:08,190 DEBUG SQL:104 - 
    insert 
    into
        DataPoint
        (xval, yval, description, id) 
    values
        (?, ?, ?, ?)
14:19:08,201 DEBUG SQL:104 - 
    insert 
    into
        DataPoint
        (xval, yval, description, id) 
    values
        (?, ?, ?, ?)
14:19:08,201 DEBUG SQL:104 - 
    insert 
    into
        DataPoint
        (xval, yval, description, id) 
    values
        (?, ?, ?, ?)
14:19:08,201 DEBUG SQL:104 - 
    insert 
    into
        DataPoint
        (xval, yval, description, id) 
    values
        (?, ?, ?, ?)
14:19:08,201 DEBUG SQL:104 - 
    insert 
    into
        DataPoint
        (xval, yval, description, id) 
    values
        (?, ?, ?, ?)
14:19:08,202 DEBUG SQL:104 - 
    insert 
    into
        DataPoint
        (xval, yval, description, id) 
    values
        (?, ?, ?, ?)
14:19:08,202 DEBUG SQL:104 - 
    insert 
    into
        DataPoint
        (xval, yval, description, id) 
    values
        (?, ?, ?, ?)
14:19:08,202 DEBUG SQL:104 - 
    insert 
    into
        DataPoint
        (xval, yval, description, id) 
    values
        (?, ?, ?, ?)
14:19:08,202 DEBUG SQL:104 - 
    insert 
    into
        DataPoint
        (xval, yval, description, id) 
    values
        (?, ?, ?, ?)
14:19:08,202 DEBUG SQL:104 - 
    insert 
    into
        DataPoint
        (xval, yval, description, id) 
    values
        (?, ?, ?, ?)
14:19:08,203 DEBUG SQL:104 - 
    insert 
    into
        DataPoint
        (xval, yval, description, id) 
    values
        (?, ?, ?, ?)
14:19:08,203 DEBUG SQL:104 - 
    insert 
    into
        DataPoint
        (xval, yval, description, id) 
    values
        (?, ?, ?, ?)
14:19:08,210 DEBUG SQL:104 - 
    insert 
    into
        DataPoint
        (xval, yval, description, id) 
    values
        (?, ?, ?, ?)
14:19:08,211 DEBUG SQL:104 - 
    insert 
    into
        DataPoint
        (xval, yval, description, id) 
    values
        (?, ?, ?, ?)
14:19:08,211 DEBUG SQL:104 - 
    insert 
    into
        DataPoint
        (xval, yval, description, id) 
    values
        (?, ?, ?, ?)
14:19:08,211 DEBUG SQL:104 - 
    insert 
    into
        DataPoint
        (xval, yval, description, id) 
    values
        (?, ?, ?, ?)
14:19:08,223 DEBUG SQL:104 - 
    insert 
    into
        DataPoint
        (xval, yval, description, id) 
    values
        (?, ?, ?, ?)
14:19:08,224 DEBUG SQL:104 - 
    insert 
    into
        DataPoint
        (xval, yval, description, id) 
    values
        (?, ?, ?, ?)
14:19:08,224 DEBUG SQL:104 - 
    insert 
    into
        DataPoint
        (xval, yval, description, id) 
    values
        (?, ?, ?, ?)
14:19:08,224 DEBUG SQL:104 - 
    insert 
    into
        DataPoint
        (xval, yval, description, id) 
    values
        (?, ?, ?, ?)
14:19:08,224 DEBUG SQL:104 - 
    insert 
    into
        DataPoint
        (xval, yval, description, id) 
    values
        (?, ?, ?, ?)
14:19:08,235 DEBUG SQL:104 - 
    insert 
    into
        DataPoint
        (xval, yval, description, id) 
    values
        (?, ?, ?, ?)
14:19:08,236 DEBUG SQL:104 - 
    insert 
    into
        DataPoint
        (xval, yval, description, id) 
    values
        (?, ?, ?, ?)
14:19:08,236 DEBUG SQL:104 - 
    insert 
    into
        DataPoint
        (xval, yval, description, id) 
    values
        (?, ?, ?, ?)
14:19:08,236 DEBUG SQL:104 - 
    insert 
    into
        DataPoint
        (xval, yval, description, id) 
    values
        (?, ?, ?, ?)
14:19:08,236 DEBUG SQL:104 - 
    insert 
    into
        DataPoint
        (xval, yval, description, id) 
    values
        (?, ?, ?, ?)
14:19:08,236 DEBUG SQL:104 - 
    insert 
    into
        DataPoint
        (xval, yval, description, id) 
    values
        (?, ?, ?, ?)
14:19:08,258 DEBUG SQL:104 - 
    insert 
    into
        DataPoint
        (xval, yval, description, id) 
    values
        (?, ?, ?, ?)
14:19:08,259 DEBUG SQL:104 - 
    insert 
    into
        DataPoint
        (xval, yval, description, id) 
    values
        (?, ?, ?, ?)
14:19:08,259 DEBUG SQL:104 - 
    insert 
    into
        DataPoint
        (xval, yval, description, id) 
    values
        (?, ?, ?, ?)
14:19:08,259 DEBUG SQL:104 - 
    insert 
    into
        DataPoint
        (xval, yval, description, id) 
    values
        (?, ?, ?, ?)
14:19:08,259 DEBUG SQL:104 - 
    insert 
    into
        DataPoint
        (xval, yval, description, id) 
    values
        (?, ?, ?, ?)
14:19:08,268 DEBUG SQL:104 - 
    insert 
    into
        DataPoint
        (xval, yval, description, id) 
    values
        (?, ?, ?, ?)
14:19:08,268 DEBUG SQL:104 - 
    insert 
    into
        DataPoint
        (xval, yval, description, id) 
    values
        (?, ?, ?, ?)
14:19:08,269 DEBUG SQL:104 - 
    insert 
    into
        DataPoint
        (xval, yval, description, id) 
    values
        (?, ?, ?, ?)
14:19:08,269 DEBUG SQL:104 - 
    insert 
    into
        DataPoint
        (xval, yval, description, id) 
    values
        (?, ?, ?, ?)
14:19:08,278 DEBUG SQL:104 - 
    insert 
    into
        DataPoint
        (xval, yval, description, id) 
    values
        (?, ?, ?, ?)
14:19:08,279 DEBUG SQL:104 - 
    select
        datapoint0_.id as col_0_0_ 
    from
        DataPoint datapoint0_ 
    order by
        datapoint0_.xval asc
14:19:08,280 DEBUG SQL:104 - 
    select
        datapoint0_.id as id1_0_,
        datapoint0_.xval as xval1_0_,
        datapoint0_.yval as yval1_0_,
        datapoint0_.description as descript4_1_0_ 
    from
        DataPoint datapoint0_ 
    where
        datapoint0_.id=?
14:19:08,281 DEBUG SQL:104 - 
    select
        datapoint0_.id as id1_0_,
        datapoint0_.xval as xval1_0_,
        datapoint0_.yval as yval1_0_,
        datapoint0_.description as descript4_1_0_ 
    from
        DataPoint datapoint0_ 
    where
        datapoint0_.id=?
14:19:08,289 DEBUG SQL:104 - 
    select
        datapoint0_.id as id1_0_,
        datapoint0_.xval as xval1_0_,
        datapoint0_.yval as yval1_0_,
        datapoint0_.description as descript4_1_0_ 
    from
        DataPoint datapoint0_ 
    where
        datapoint0_.id=?
14:19:08,289 DEBUG SQL:104 - 
    select
        datapoint0_.id as id1_0_,
        datapoint0_.xval as xval1_0_,
        datapoint0_.yval as yval1_0_,
        datapoint0_.description as descript4_1_0_ 
    from
        DataPoint datapoint0_ 
    where
        datapoint0_.id=?
14:19:08,290 DEBUG SQL:104 - 
    select
        datapoint0_.id as id1_0_,
        datapoint0_.xval as xval1_0_,
        datapoint0_.yval as yval1_0_,
        datapoint0_.description as descript4_1_0_ 
    from
        DataPoint datapoint0_ 
    where
        datapoint0_.id=?
14:19:08,298 DEBUG SQL:104 - 
    select
        datapoint0_.id as id1_0_,
        datapoint0_.xval as xval1_0_,
        datapoint0_.yval as yval1_0_,
        datapoint0_.description as descript4_1_0_ 
    from
        DataPoint datapoint0_ 
    where
        datapoint0_.id=?
14:19:08,299 DEBUG SQL:104 - 
    select
        datapoint0_.id as id1_0_,
        datapoint0_.xval as xval1_0_,
        datapoint0_.yval as yval1_0_,
        datapoint0_.description as descript4_1_0_ 
    from
        DataPoint datapoint0_ 
    where
        datapoint0_.id=?
14:19:08,299 DEBUG SQL:104 - 
    select
        datapoint0_.id as id1_0_,
        datapoint0_.xval as xval1_0_,
        datapoint0_.yval as yval1_0_,
        datapoint0_.description as descript4_1_0_ 
    from
        DataPoint datapoint0_ 
    where
        datapoint0_.id=?
14:19:08,309 DEBUG SQL:104 - 
    select
        datapoint0_.id as id1_0_,
        datapoint0_.xval as xval1_0_,
        datapoint0_.yval as yval1_0_,
        datapoint0_.description as descript4_1_0_ 
    from
        DataPoint datapoint0_ 
    where
        datapoint0_.id=?
14:19:08,309 DEBUG SQL:104 - 
    select
        datapoint0_.id as id1_0_,
        datapoint0_.xval as xval1_0_,
        datapoint0_.yval as yval1_0_,
        datapoint0_.description as descript4_1_0_ 
    from
        DataPoint datapoint0_ 
    where
        datapoint0_.id=?
14:19:08,310 DEBUG SQL:104 - 
    select
        datapoint0_.id as id1_0_,
        datapoint0_.xval as xval1_0_,
        datapoint0_.yval as yval1_0_,
        datapoint0_.description as descript4_1_0_ 
    from
        DataPoint datapoint0_ 
    where
        datapoint0_.id=?
14:19:08,320 DEBUG SQL:104 - 
    select
        datapoint0_.id as id1_0_,
        datapoint0_.xval as xval1_0_,
        datapoint0_.yval as yval1_0_,
        datapoint0_.description as descript4_1_0_ 
    from
        DataPoint datapoint0_ 
    where
        datapoint0_.id=?
14:19:08,321 DEBUG SQL:104 - 
    select
        datapoint0_.id as id1_0_,
        datapoint0_.xval as xval1_0_,
        datapoint0_.yval as yval1_0_,
        datapoint0_.description as descript4_1_0_ 
    from
        DataPoint datapoint0_ 
    where
        datapoint0_.id=?
14:19:08,321 DEBUG SQL:104 - 
    select
        datapoint0_.id as id1_0_,
        datapoint0_.xval as xval1_0_,
        datapoint0_.yval as yval1_0_,
        datapoint0_.description as descript4_1_0_ 
    from
        DataPoint datapoint0_ 
    where
        datapoint0_.id=?
14:19:08,331 DEBUG SQL:104 - 
    select
        datapoint0_.id as id1_0_,
        datapoint0_.xval as xval1_0_,
        datapoint0_.yval as yval1_0_,
        datapoint0_.description as descript4_1_0_ 
    from
        DataPoint datapoint0_ 
    where
        datapoint0_.id=?
14:19:08,331 DEBUG SQL:104 - 
    select
        datapoint0_.id as id1_0_,
        datapoint0_.xval as xval1_0_,
        datapoint0_.yval as yval1_0_,
        datapoint0_.description as descript4_1_0_ 
    from
        DataPoint datapoint0_ 
    where
        datapoint0_.id=?
14:19:08,332 DEBUG SQL:104 - 
    select
        datapoint0_.id as id1_0_,
        datapoint0_.xval as xval1_0_,
        datapoint0_.yval as yval1_0_,
        datapoint0_.description as descript4_1_0_ 
    from
        DataPoint datapoint0_ 
    where
        datapoint0_.id=?
14:19:08,342 DEBUG SQL:104 - 
    select
        datapoint0_.id as id1_0_,
        datapoint0_.xval as xval1_0_,
        datapoint0_.yval as yval1_0_,
        datapoint0_.description as descript4_1_0_ 
    from
        DataPoint datapoint0_ 
    where
        datapoint0_.id=?
14:19:08,342 DEBUG SQL:104 - 
    select
        datapoint0_.id as id1_0_,
        datapoint0_.xval as xval1_0_,
        datapoint0_.yval as yval1_0_,
        datapoint0_.description as descript4_1_0_ 
    from
        DataPoint datapoint0_ 
    where
        datapoint0_.id=?
14:19:08,343 DEBUG SQL:104 - 
    select
        datapoint0_.id as id1_0_,
        datapoint0_.xval as xval1_0_,
        datapoint0_.yval as yval1_0_,
        datapoint0_.description as descript4_1_0_ 
    from
        DataPoint datapoint0_ 
    where
        datapoint0_.id=?
14:19:08,343 DEBUG SQL:104 - 
    select
        datapoint0_.id as id1_0_,
        datapoint0_.xval as xval1_0_,
        datapoint0_.yval as yval1_0_,
        datapoint0_.description as descript4_1_0_ 
    from
        DataPoint datapoint0_ 
    where
        datapoint0_.id=?
14:19:08,343 DEBUG SQL:104 - 
    select
        datapoint0_.id as id1_0_,
        datapoint0_.xval as xval1_0_,
        datapoint0_.yval as yval1_0_,
        datapoint0_.description as descript4_1_0_ 
    from
        DataPoint datapoint0_ 
    where
        datapoint0_.id=?
14:19:08,343 DEBUG SQL:104 - 
    select
        datapoint0_.id as id1_0_,
        datapoint0_.xval as xval1_0_,
        datapoint0_.yval as yval1_0_,
        datapoint0_.description as descript4_1_0_ 
    from
        DataPoint datapoint0_ 
    where
        datapoint0_.id=?
14:19:08,355 DEBUG SQL:104 - 
    select
        datapoint0_.id as id1_0_,
        datapoint0_.xval as xval1_0_,
        datapoint0_.yval as yval1_0_,
        datapoint0_.description as descript4_1_0_ 
    from
        DataPoint datapoint0_ 
    where
        datapoint0_.id=?
14:19:08,355 DEBUG SQL:104 - 
    select
        datapoint0_.id as id1_0_,
        datapoint0_.xval as xval1_0_,
        datapoint0_.yval as yval1_0_,
        datapoint0_.description as descript4_1_0_ 
    from
        DataPoint datapoint0_ 
    where
        datapoint0_.id=?
14:19:08,355 DEBUG SQL:104 - 
    select
        datapoint0_.id as id1_0_,
        datapoint0_.xval as xval1_0_,
        datapoint0_.yval as yval1_0_,
        datapoint0_.description as descript4_1_0_ 
    from
        DataPoint datapoint0_ 
    where
        datapoint0_.id=?
14:19:08,365 DEBUG SQL:104 - 
    select
        datapoint0_.id as id1_0_,
        datapoint0_.xval as xval1_0_,
        datapoint0_.yval as yval1_0_,
        datapoint0_.description as descript4_1_0_ 
    from
        DataPoint datapoint0_ 
    where
        datapoint0_.id=?
14:19:08,366 DEBUG SQL:104 - 
    select
        datapoint0_.id as id1_0_,
        datapoint0_.xval as xval1_0_,
        datapoint0_.yval as yval1_0_,
        datapoint0_.description as descript4_1_0_ 
    from
        DataPoint datapoint0_ 
    where
        datapoint0_.id=?
14:19:08,366 DEBUG SQL:104 - 
    select
        datapoint0_.id as id1_0_,
        datapoint0_.xval as xval1_0_,
        datapoint0_.yval as yval1_0_,
        datapoint0_.description as descript4_1_0_ 
    from
        DataPoint datapoint0_ 
    where
        datapoint0_.id=?
14:19:08,366 DEBUG SQL:104 - 
    select
        datapoint0_.id as id1_0_,
        datapoint0_.xval as xval1_0_,
        datapoint0_.yval as yval1_0_,
        datapoint0_.description as descript4_1_0_ 
    from
        DataPoint datapoint0_ 
    where
        datapoint0_.id=?
14:19:08,367 DEBUG SQL:104 - 
    select
        datapoint0_.id as id1_0_,
        datapoint0_.xval as xval1_0_,
        datapoint0_.yval as yval1_0_,
        datapoint0_.description as descript4_1_0_ 
    from
        DataPoint datapoint0_ 
    where
        datapoint0_.id=?
14:19:08,390 DEBUG SQL:104 - 
    select
        datapoint0_.id as id1_0_,
        datapoint0_.xval as xval1_0_,
        datapoint0_.yval as yval1_0_,
        datapoint0_.description as descript4_1_0_ 
    from
        DataPoint datapoint0_ 
    where
        datapoint0_.id=?
14:19:08,391 DEBUG SQL:104 - 
    select
        datapoint0_.id as id1_0_,
        datapoint0_.xval as xval1_0_,
        datapoint0_.yval as yval1_0_,
        datapoint0_.description as descript4_1_0_ 
    from
        DataPoint datapoint0_ 
    where
        datapoint0_.id=?
14:19:08,391 DEBUG SQL:104 - 
    select
        datapoint0_.id as id1_0_,
        datapoint0_.xval as xval1_0_,
        datapoint0_.yval as yval1_0_,
        datapoint0_.description as descript4_1_0_ 
    from
        DataPoint datapoint0_ 
    where
        datapoint0_.id=?
14:19:08,401 DEBUG SQL:104 - 
    select
        datapoint0_.id as id1_0_,
        datapoint0_.xval as xval1_0_,
        datapoint0_.yval as yval1_0_,
        datapoint0_.description as descript4_1_0_ 
    from
        DataPoint datapoint0_ 
    where
        datapoint0_.id=?
14:19:08,402 DEBUG SQL:104 - 
    select
        datapoint0_.id as id1_0_,
        datapoint0_.xval as xval1_0_,
        datapoint0_.yval as yval1_0_,
        datapoint0_.description as descript4_1_0_ 
    from
        DataPoint datapoint0_ 
    where
        datapoint0_.id=?
14:19:08,402 DEBUG SQL:104 - 
    select
        datapoint0_.id as id1_0_,
        datapoint0_.xval as xval1_0_,
        datapoint0_.yval as yval1_0_,
        datapoint0_.description as descript4_1_0_ 
    from
        DataPoint datapoint0_ 
    where
        datapoint0_.id=?
14:19:08,412 DEBUG SQL:104 - 
    select
        datapoint0_.id as id1_0_,
        datapoint0_.xval as xval1_0_,
        datapoint0_.yval as yval1_0_,
        datapoint0_.description as descript4_1_0_ 
    from
        DataPoint datapoint0_ 
    where
        datapoint0_.id=?
14:19:08,412 DEBUG SQL:104 - 
    select
        datapoint0_.id as id1_0_,
        datapoint0_.xval as xval1_0_,
        datapoint0_.yval as yval1_0_,
        datapoint0_.description as descript4_1_0_ 
    from
        DataPoint datapoint0_ 
    where
        datapoint0_.id=?
14:19:08,413 DEBUG SQL:104 - 
    select
        datapoint0_.id as id1_0_,
        datapoint0_.xval as xval1_0_,
        datapoint0_.yval as yval1_0_,
        datapoint0_.description as descript4_1_0_ 
    from
        DataPoint datapoint0_ 
    where
        datapoint0_.id=?
14:19:08,422 DEBUG SQL:104 - 
    select
        datapoint0_.id as id1_0_,
        datapoint0_.xval as xval1_0_,
        datapoint0_.yval as yval1_0_,
        datapoint0_.description as descript4_1_0_ 
    from
        DataPoint datapoint0_ 
    where
        datapoint0_.id=?
14:19:08,423 DEBUG SQL:104 - 
    select
        datapoint0_.id as id1_0_,
        datapoint0_.xval as xval1_0_,
        datapoint0_.yval as yval1_0_,
        datapoint0_.description as descript4_1_0_ 
    from
        DataPoint datapoint0_ 
    where
        datapoint0_.id=?
14:19:08,423 DEBUG SQL:104 - 
    select
        datapoint0_.id as id1_0_,
        datapoint0_.xval as xval1_0_,
        datapoint0_.yval as yval1_0_,
        datapoint0_.description as descript4_1_0_ 
    from
        DataPoint datapoint0_ 
    where
        datapoint0_.id=?
14:19:08,433 DEBUG SQL:104 - 
    select
        datapoint0_.id as id1_0_,
        datapoint0_.xval as xval1_0_,
        datapoint0_.yval as yval1_0_,
        datapoint0_.description as descript4_1_0_ 
    from
        DataPoint datapoint0_ 
    where
        datapoint0_.id=?
14:19:08,433 DEBUG SQL:104 - 
    select
        datapoint0_.id as id1_0_,
        datapoint0_.xval as xval1_0_,
        datapoint0_.yval as yval1_0_,
        datapoint0_.description as descript4_1_0_ 
    from
        DataPoint datapoint0_ 
    where
        datapoint0_.id=?
14:19:08,434 DEBUG SQL:104 - 
    select
        datapoint0_.id as id1_0_,
        datapoint0_.xval as xval1_0_,
        datapoint0_.yval as yval1_0_,
        datapoint0_.description as descript4_1_0_ 
    from
        DataPoint datapoint0_ 
    where
        datapoint0_.id=?
14:19:08,444 DEBUG SQL:104 - 
    select
        datapoint0_.id as id1_0_,
        datapoint0_.xval as xval1_0_,
        datapoint0_.yval as yval1_0_,
        datapoint0_.description as descript4_1_0_ 
    from
        DataPoint datapoint0_ 
    where
        datapoint0_.id=?
14:19:08,445 DEBUG SQL:104 - 
    select
        datapoint0_.id as id1_0_,
        datapoint0_.xval as xval1_0_,
        datapoint0_.yval as yval1_0_,
        datapoint0_.description as descript4_1_0_ 
    from
        DataPoint datapoint0_ 
    where
        datapoint0_.id=?
14:19:08,445 DEBUG SQL:104 - 
    select
        datapoint0_.id as id1_0_,
        datapoint0_.xval as xval1_0_,
        datapoint0_.yval as yval1_0_,
        datapoint0_.description as descript4_1_0_ 
    from
        DataPoint datapoint0_ 
    where
        datapoint0_.id=?
14:19:08,455 DEBUG SQL:104 - 
    select
        datapoint0_.id as id1_0_,
        datapoint0_.xval as xval1_0_,
        datapoint0_.yval as yval1_0_,
        datapoint0_.description as descript4_1_0_ 
    from
        DataPoint datapoint0_ 
    where
        datapoint0_.id=?
14:19:08,455 DEBUG SQL:104 - 
    select
        datapoint0_.id as id1_0_,
        datapoint0_.xval as xval1_0_,
        datapoint0_.yval as yval1_0_,
        datapoint0_.description as descript4_1_0_ 
    from
        DataPoint datapoint0_ 
    where
        datapoint0_.id=?
14:19:08,455 DEBUG SQL:104 - 
    select
        datapoint0_.id as id1_0_,
        datapoint0_.xval as xval1_0_,
        datapoint0_.yval as yval1_0_,
        datapoint0_.description as descript4_1_0_ 
    from
        DataPoint datapoint0_ 
    where
        datapoint0_.id=?
14:19:08,465 DEBUG SQL:104 - 
    select
        datapoint0_.id as id1_0_,
        datapoint0_.xval as xval1_0_,
        datapoint0_.yval as yval1_0_,
        datapoint0_.description as descript4_1_0_ 
    from
        DataPoint datapoint0_ 
    where
        datapoint0_.id=?
14:19:08,466 DEBUG SQL:104 - 
    select
        datapoint0_.id as id1_0_,
        datapoint0_.xval as xval1_0_,
        datapoint0_.yval as yval1_0_,
        datapoint0_.description as descript4_1_0_ 
    from
        DataPoint datapoint0_ 
    where
        datapoint0_.id=?
14:19:08,466 DEBUG SQL:104 - 
    select
        datapoint0_.id as id1_0_,
        datapoint0_.xval as xval1_0_,
        datapoint0_.yval as yval1_0_,
        datapoint0_.description as descript4_1_0_ 
    from
        DataPoint datapoint0_ 
    where
        datapoint0_.id=?
14:19:08,467 DEBUG SQL:104 - 
    select
        datapoint0_.id as id1_0_,
        datapoint0_.xval as xval1_0_,
        datapoint0_.yval as yval1_0_,
        datapoint0_.description as descript4_1_0_ 
    from
        DataPoint datapoint0_ 
    where
        datapoint0_.id=?
14:19:08,467 DEBUG SQL:104 - 
    select
        datapoint0_.id as id1_0_,
        datapoint0_.xval as xval1_0_,
        datapoint0_.yval as yval1_0_,
        datapoint0_.description as descript4_1_0_ 
    from
        DataPoint datapoint0_ 
    where
        datapoint0_.id=?
14:19:08,467 DEBUG SQL:104 - 
    select
        datapoint0_.id as id1_0_,
        datapoint0_.xval as xval1_0_,
        datapoint0_.yval as yval1_0_,
        datapoint0_.description as descript4_1_0_ 
    from
        DataPoint datapoint0_ 
    where
        datapoint0_.id=?
14:19:08,481 DEBUG SQL:104 - 
    select
        datapoint0_.id as id1_0_,
        datapoint0_.xval as xval1_0_,
        datapoint0_.yval as yval1_0_,
        datapoint0_.description as descript4_1_0_ 
    from
        DataPoint datapoint0_ 
    where
        datapoint0_.id=?
14:19:08,482 DEBUG SQL:104 - 
    select
        datapoint0_.id as id1_0_,
        datapoint0_.xval as xval1_0_,
        datapoint0_.yval as yval1_0_,
        datapoint0_.description as descript4_1_0_ 
    from
        DataPoint datapoint0_ 
    where
        datapoint0_.id=?
14:19:08,482 DEBUG SQL:104 - 
    select
        datapoint0_.id as id1_0_,
        datapoint0_.xval as xval1_0_,
        datapoint0_.yval as yval1_0_,
        datapoint0_.description as descript4_1_0_ 
    from
        DataPoint datapoint0_ 
    where
        datapoint0_.id=?
14:19:08,491 DEBUG SQL:104 - 
    select
        datapoint0_.id as id1_0_,
        datapoint0_.xval as xval1_0_,
        datapoint0_.yval as yval1_0_,
        datapoint0_.description as descript4_1_0_ 
    from
        DataPoint datapoint0_ 
    where
        datapoint0_.id=?
14:19:08,492 DEBUG SQL:104 - 
    select
        datapoint0_.id as id1_0_,
        datapoint0_.xval as xval1_0_,
        datapoint0_.yval as yval1_0_,
        datapoint0_.description as descript4_1_0_ 
    from
        DataPoint datapoint0_ 
    where
        datapoint0_.id=?
14:19:08,492 DEBUG SQL:104 - 
    select
        datapoint0_.id as id1_0_,
        datapoint0_.xval as xval1_0_,
        datapoint0_.yval as yval1_0_,
        datapoint0_.description as descript4_1_0_ 
    from
        DataPoint datapoint0_ 
    where
        datapoint0_.id=?
14:19:08,492 DEBUG SQL:104 - 
    select
        datapoint0_.id as id1_0_,
        datapoint0_.xval as xval1_0_,
        datapoint0_.yval as yval1_0_,
        datapoint0_.description as descript4_1_0_ 
    from
        DataPoint datapoint0_ 
    where
        datapoint0_.id=?
14:19:08,493 DEBUG SQL:104 - 
    select
        datapoint0_.id as id1_0_,
        datapoint0_.xval as xval1_0_,
        datapoint0_.yval as yval1_0_,
        datapoint0_.description as descript4_1_0_ 
    from
        DataPoint datapoint0_ 
    where
        datapoint0_.id=?
14:19:08,516 DEBUG SQL:104 - 
    select
        datapoint0_.id as id1_0_,
        datapoint0_.xval as xval1_0_,
        datapoint0_.yval as yval1_0_,
        datapoint0_.description as descript4_1_0_ 
    from
        DataPoint datapoint0_ 
    where
        datapoint0_.id=?
14:19:08,517 DEBUG SQL:104 - 
    select
        datapoint0_.id as id1_0_,
        datapoint0_.xval as xval1_0_,
        datapoint0_.yval as yval1_0_,
        datapoint0_.description as descript4_1_0_ 
    from
        DataPoint datapoint0_ 
    where
        datapoint0_.id=?
14:19:08,517 DEBUG SQL:104 - 
    select
        datapoint0_.id as id1_0_,
        datapoint0_.xval as xval1_0_,
        datapoint0_.yval as yval1_0_,
        datapoint0_.description as descript4_1_0_ 
    from
        DataPoint datapoint0_ 
    where
        datapoint0_.id=?
14:19:08,528 DEBUG SQL:104 - 
    select
        datapoint0_.id as id1_0_,
        datapoint0_.xval as xval1_0_,
        datapoint0_.yval as yval1_0_,
        datapoint0_.description as descript4_1_0_ 
    from
        DataPoint datapoint0_ 
    where
        datapoint0_.id=?
14:19:08,528 DEBUG SQL:104 - 
    select
        datapoint0_.id as id1_0_,
        datapoint0_.xval as xval1_0_,
        datapoint0_.yval as yval1_0_,
        datapoint0_.description as descript4_1_0_ 
    from
        DataPoint datapoint0_ 
    where
        datapoint0_.id=?
14:19:08,529 DEBUG SQL:104 - 
    select
        datapoint0_.id as id1_0_,
        datapoint0_.xval as xval1_0_,
        datapoint0_.yval as yval1_0_,
        datapoint0_.description as descript4_1_0_ 
    from
        DataPoint datapoint0_ 
    where
        datapoint0_.id=?
14:19:08,540 DEBUG SQL:104 - 
    select
        datapoint0_.id as id1_0_,
        datapoint0_.xval as xval1_0_,
        datapoint0_.yval as yval1_0_,
        datapoint0_.description as descript4_1_0_ 
    from
        DataPoint datapoint0_ 
    where
        datapoint0_.id=?
14:19:08,541 DEBUG SQL:104 - 
    select
        datapoint0_.id as id1_0_,
        datapoint0_.xval as xval1_0_,
        datapoint0_.yval as yval1_0_,
        datapoint0_.description as descript4_1_0_ 
    from
        DataPoint datapoint0_ 
    where
        datapoint0_.id=?
14:19:08,541 DEBUG SQL:104 - 
    select
        datapoint0_.id as id1_0_,
        datapoint0_.xval as xval1_0_,
        datapoint0_.yval as yval1_0_,
        datapoint0_.description as descript4_1_0_ 
    from
        DataPoint datapoint0_ 
    where
        datapoint0_.id=?
14:19:08,551 DEBUG SQL:104 - 
    select
        datapoint0_.id as id1_0_,
        datapoint0_.xval as xval1_0_,
        datapoint0_.yval as yval1_0_,
        datapoint0_.description as descript4_1_0_ 
    from
        DataPoint datapoint0_ 
    where
        datapoint0_.id=?
14:19:08,552 DEBUG SQL:104 - 
    select
        datapoint0_.id as id1_0_,
        datapoint0_.xval as xval1_0_,
        datapoint0_.yval as yval1_0_,
        datapoint0_.description as descript4_1_0_ 
    from
        DataPoint datapoint0_ 
    where
        datapoint0_.id=?
14:19:08,552 DEBUG SQL:104 - 
    select
        datapoint0_.id as id1_0_,
        datapoint0_.xval as xval1_0_,
        datapoint0_.yval as yval1_0_,
        datapoint0_.description as descript4_1_0_ 
    from
        DataPoint datapoint0_ 
    where
        datapoint0_.id=?
14:19:08,561 DEBUG SQL:104 - 
    select
        datapoint0_.id as id1_0_,
        datapoint0_.xval as xval1_0_,
        datapoint0_.yval as yval1_0_,
        datapoint0_.description as descript4_1_0_ 
    from
        DataPoint datapoint0_ 
    where
        datapoint0_.id=?
14:19:08,561 DEBUG SQL:104 - 
    select
        datapoint0_.id as id1_0_,
        datapoint0_.xval as xval1_0_,
        datapoint0_.yval as yval1_0_,
        datapoint0_.description as descript4_1_0_ 
    from
        DataPoint datapoint0_ 
    where
        datapoint0_.id=?
14:19:08,562 DEBUG SQL:104 - 
    select
        datapoint0_.id as id1_0_,
        datapoint0_.xval as xval1_0_,
        datapoint0_.yval as yval1_0_,
        datapoint0_.description as descript4_1_0_ 
    from
        DataPoint datapoint0_ 
    where
        datapoint0_.id=?
14:19:08,571 DEBUG SQL:104 - 
    select
        datapoint0_.id as id1_0_,
        datapoint0_.xval as xval1_0_,
        datapoint0_.yval as yval1_0_,
        datapoint0_.description as descript4_1_0_ 
    from
        DataPoint datapoint0_ 
    where
        datapoint0_.id=?
14:19:08,574 DEBUG SQL:104 - 
    select
        datapoint0_.id as id1_0_,
        datapoint0_.xval as xval1_0_,
        datapoint0_.yval as yval1_0_,
        datapoint0_.description as descript4_1_0_ 
    from
        DataPoint datapoint0_ 
    where
        datapoint0_.id=?
14:19:08,575 DEBUG SQL:104 - 
    select
        datapoint0_.id as id1_0_,
        datapoint0_.xval as xval1_0_,
        datapoint0_.yval as yval1_0_,
        datapoint0_.description as descript4_1_0_ 
    from
        DataPoint datapoint0_ 
    where
        datapoint0_.id=?
14:19:08,587 DEBUG SQL:104 - 
    select
        datapoint0_.id as id1_0_,
        datapoint0_.xval as xval1_0_,
        datapoint0_.yval as yval1_0_,
        datapoint0_.description as descript4_1_0_ 
    from
        DataPoint datapoint0_ 
    where
        datapoint0_.id=?
14:19:08,587 DEBUG SQL:104 - 
    select
        datapoint0_.id as id1_0_,
        datapoint0_.xval as xval1_0_,
        datapoint0_.yval as yval1_0_,
        datapoint0_.description as descript4_1_0_ 
    from
        DataPoint datapoint0_ 
    where
        datapoint0_.id=?
14:19:08,588 DEBUG SQL:104 - 
    select
        datapoint0_.id as id1_0_,
        datapoint0_.xval as xval1_0_,
        datapoint0_.yval as yval1_0_,
        datapoint0_.description as descript4_1_0_ 
    from
        DataPoint datapoint0_ 
    where
        datapoint0_.id=?
14:19:08,588 DEBUG SQL:104 - 
    select
        datapoint0_.id as id1_0_,
        datapoint0_.xval as xval1_0_,
        datapoint0_.yval as yval1_0_,
        datapoint0_.description as descript4_1_0_ 
    from
        DataPoint datapoint0_ 
    where
        datapoint0_.id=?
14:19:08,588 DEBUG SQL:104 - 
    select
        datapoint0_.id as id1_0_,
        datapoint0_.xval as xval1_0_,
        datapoint0_.yval as yval1_0_,
        datapoint0_.description as descript4_1_0_ 
    from
        DataPoint datapoint0_ 
    where
        datapoint0_.id=?
14:19:08,588 DEBUG SQL:104 - 
    select
        datapoint0_.id as id1_0_,
        datapoint0_.xval as xval1_0_,
        datapoint0_.yval as yval1_0_,
        datapoint0_.description as descript4_1_0_ 
    from
        DataPoint datapoint0_ 
    where
        datapoint0_.id=?
14:19:08,601 DEBUG SQL:104 - 
    select
        datapoint0_.id as id1_0_,
        datapoint0_.xval as xval1_0_,
        datapoint0_.yval as yval1_0_,
        datapoint0_.description as descript4_1_0_ 
    from
        DataPoint datapoint0_ 
    where
        datapoint0_.id=?
14:19:08,601 DEBUG SQL:104 - 
    select
        datapoint0_.id as id1_0_,
        datapoint0_.xval as xval1_0_,
        datapoint0_.yval as yval1_0_,
        datapoint0_.description as descript4_1_0_ 
    from
        DataPoint datapoint0_ 
    where
        datapoint0_.id=?
14:19:08,601 DEBUG SQL:104 - 
    select
        datapoint0_.id as id1_0_,
        datapoint0_.xval as xval1_0_,
        datapoint0_.yval as yval1_0_,
        datapoint0_.description as descript4_1_0_ 
    from
        DataPoint datapoint0_ 
    where
        datapoint0_.id=?
14:19:08,610 DEBUG SQL:104 - 
    select
        datapoint0_.id as id1_0_,
        datapoint0_.xval as xval1_0_,
        datapoint0_.yval as yval1_0_,
        datapoint0_.description as descript4_1_0_ 
    from
        DataPoint datapoint0_ 
    where
        datapoint0_.id=?
14:19:08,610 DEBUG SQL:104 - 
    select
        datapoint0_.id as id1_0_,
        datapoint0_.xval as xval1_0_,
        datapoint0_.yval as yval1_0_,
        datapoint0_.description as descript4_1_0_ 
    from
        DataPoint datapoint0_ 
    where
        datapoint0_.id=?
14:19:08,611 DEBUG SQL:104 - 
    select
        datapoint0_.id as id1_0_,
        datapoint0_.xval as xval1_0_,
        datapoint0_.yval as yval1_0_,
        datapoint0_.description as descript4_1_0_ 
    from
        DataPoint datapoint0_ 
    where
        datapoint0_.id=?
14:19:08,611 DEBUG SQL:104 - 
    select
        datapoint0_.id as id1_0_,
        datapoint0_.xval as xval1_0_,
        datapoint0_.yval as yval1_0_,
        datapoint0_.description as descript4_1_0_ 
    from
        DataPoint datapoint0_ 
    where
        datapoint0_.id=?
14:19:08,611 DEBUG SQL:104 - 
    select
        datapoint0_.id as id1_0_,
        datapoint0_.xval as xval1_0_,
        datapoint0_.yval as yval1_0_,
        datapoint0_.description as descript4_1_0_ 
    from
        DataPoint datapoint0_ 
    where
        datapoint0_.id=?
14:19:08,632 DEBUG SQL:104 - 
    select
        datapoint0_.id as id1_0_,
        datapoint0_.xval as xval1_0_,
        datapoint0_.yval as yval1_0_,
        datapoint0_.description as descript4_1_0_ 
    from
        DataPoint datapoint0_ 
    where
        datapoint0_.id=?
14:19:08,632 DEBUG SQL:104 - 
    select
        datapoint0_.id as id1_0_,
        datapoint0_.xval as xval1_0_,
        datapoint0_.yval as yval1_0_,
        datapoint0_.description as descript4_1_0_ 
    from
        DataPoint datapoint0_ 
    where
        datapoint0_.id=?
14:19:08,634 DEBUG SQL:104 - 
    update
        DataPoint 
    set
        description=? 
    where
        id=?
14:19:08,641 DEBUG SQL:104 - 
    update
        DataPoint 
    set
        description=? 
    where
        id=?
14:19:08,641 DEBUG SQL:104 - 
    update
        DataPoint 
    set
        description=? 
    where
        id=?
14:19:08,641 DEBUG SQL:104 - 
    update
        DataPoint 
    set
        description=? 
    where
        id=?
14:19:08,642 DEBUG SQL:104 - 
    update
        DataPoint 
    set
        description=? 
    where
        id=?
14:19:08,651 DEBUG SQL:104 - 
    update
        DataPoint 
    set
        description=? 
    where
        id=?
14:19:08,651 DEBUG SQL:104 - 
    update
        DataPoint 
    set
        description=? 
    where
        id=?
14:19:08,651 DEBUG SQL:104 - 
    update
        DataPoint 
    set
        description=? 
    where
        id=?
14:19:08,651 DEBUG SQL:104 - 
    update
        DataPoint 
    set
        description=? 
    where
        id=?
14:19:08,652 DEBUG SQL:104 - 
    update
        DataPoint 
    set
        description=? 
    where
        id=?
14:19:08,662 DEBUG SQL:104 - 
    update
        DataPoint 
    set
        description=? 
    where
        id=?
14:19:08,662 DEBUG SQL:104 - 
    update
        DataPoint 
    set
        description=? 
    where
        id=?
14:19:08,663 DEBUG SQL:104 - 
    update
        DataPoint 
    set
        description=? 
    where
        id=?
14:19:08,663 DEBUG SQL:104 - 
    update
        DataPoint 
    set
        description=? 
    where
        id=?
14:19:08,663 DEBUG SQL:104 - 
    update
        DataPoint 
    set
        description=? 
    where
        id=?
14:19:08,663 DEBUG SQL:104 - 
    update
        DataPoint 
    set
        description=? 
    where
        id=?
14:19:08,664 DEBUG SQL:104 - 
    update
        DataPoint 
    set
        description=? 
    where
        id=?
14:19:08,664 DEBUG SQL:104 - 
    update
        DataPoint 
    set
        description=? 
    where
        id=?
14:19:08,664 DEBUG SQL:104 - 
    update
        DataPoint 
    set
        description=? 
    where
        id=?
14:19:08,664 DEBUG SQL:104 - 
    update
        DataPoint 
    set
        description=? 
    where
        id=?
14:19:08,685 DEBUG SQL:104 - 
    update
        DataPoint 
    set
        description=? 
    where
        id=?
14:19:08,686 DEBUG SQL:104 - 
    update
        DataPoint 
    set
        description=? 
    where
        id=?
14:19:08,686 DEBUG SQL:104 - 
    update
        DataPoint 
    set
        description=? 
    where
        id=?
14:19:08,686 DEBUG SQL:104 - 
    update
        DataPoint 
    set
        description=? 
    where
        id=?
14:19:08,686 DEBUG SQL:104 - 
    update
        DataPoint 
    set
        description=? 
    where
        id=?
14:19:08,696 DEBUG SQL:104 - 
    update
        DataPoint 
    set
        description=? 
    where
        id=?
14:19:08,696 DEBUG SQL:104 - 
    update
        DataPoint 
    set
        description=? 
    where
        id=?
14:19:08,696 DEBUG SQL:104 - 
    update
        DataPoint 
    set
        description=? 
    where
        id=?
14:19:08,696 DEBUG SQL:104 - 
    update
        DataPoint 
    set
        description=? 
    where
        id=?
14:19:08,707 DEBUG SQL:104 - 
    update
        DataPoint 
    set
        description=? 
    where
        id=?
14:19:08,707 DEBUG SQL:104 - 
    update
        DataPoint 
    set
        description=? 
    where
        id=?
14:19:08,707 DEBUG SQL:104 - 
    update
        DataPoint 
    set
        description=? 
    where
        id=?
14:19:08,708 DEBUG SQL:104 - 
    update
        DataPoint 
    set
        description=? 
    where
        id=?
14:19:08,708 DEBUG SQL:104 - 
    update
        DataPoint 
    set
        description=? 
    where
        id=?
14:19:08,708 DEBUG SQL:104 - 
    update
        DataPoint 
    set
        description=? 
    where
        id=?
14:19:08,708 DEBUG SQL:104 - 
    update
        DataPoint 
    set
        description=? 
    where
        id=?
14:19:08,709 DEBUG SQL:104 - 
    update
        DataPoint 
    set
        description=? 
    where
        id=?
14:19:08,709 DEBUG SQL:104 - 
    update
        DataPoint 
    set
        description=? 
    where
        id=?
14:19:08,720 DEBUG SQL:104 - 
    update
        DataPoint 
    set
        description=? 
    where
        id=?
14:19:08,720 DEBUG SQL:104 - 
    update
        DataPoint 
    set
        description=? 
    where
        id=?
14:19:08,721 DEBUG SQL:104 - 
    update
        DataPoint 
    set
        description=? 
    where
        id=?
14:19:08,721 DEBUG SQL:104 - 
    update
        DataPoint 
    set
        description=? 
    where
        id=?
14:19:08,731 DEBUG SQL:104 - 
    update
        DataPoint 
    set
        description=? 
    where
        id=?
14:19:08,731 DEBUG SQL:104 - 
    update
        DataPoint 
    set
        description=? 
    where
        id=?
14:19:08,732 DEBUG SQL:104 - 
    update
        DataPoint 
    set
        description=? 
    where
        id=?
14:19:08,732 DEBUG SQL:104 - 
    update
        DataPoint 
    set
        description=? 
    where
        id=?
14:19:08,732 DEBUG SQL:104 - 
    update
        DataPoint 
    set
        description=? 
    where
        id=?
14:19:08,732 DEBUG SQL:104 - 
    update
        DataPoint 
    set
        description=? 
    where
        id=?
14:19:08,754 DEBUG SQL:104 - 
    update
        DataPoint 
    set
        description=? 
    where
        id=?
14:19:08,755 DEBUG SQL:104 - 
    update
        DataPoint 
    set
        description=? 
    where
        id=?
14:19:08,755 DEBUG SQL:104 - 
    update
        DataPoint 
    set
        description=? 
    where
        id=?
14:19:08,755 DEBUG SQL:104 - 
    update
        DataPoint 
    set
        description=? 
    where
        id=?
14:19:08,755 DEBUG SQL:104 - 
    update
        DataPoint 
    set
        description=? 
    where
        id=?
14:19:08,768 DEBUG SQL:104 - 
    update
        DataPoint 
    set
        description=? 
    where
        id=?
14:19:08,768 DEBUG SQL:104 - 
    update
        DataPoint 
    set
        description=? 
    where
        id=?
14:19:08,769 DEBUG SQL:104 - 
    update
        DataPoint 
    set
        description=? 
    where
        id=?
14:19:08,769 DEBUG SQL:104 - 
    update
        DataPoint 
    set
        description=? 
    where
        id=?
14:19:08,778 DEBUG SQL:104 - 
    update
        DataPoint 
    set
        description=? 
    where
        id=?
14:19:08,779 DEBUG SQL:104 - 
    update
        DataPoint 
    set
        description=? 
    where
        id=?
14:19:08,779 DEBUG SQL:104 - 
    update
        DataPoint 
    set
        description=? 
    where
        id=?
14:19:08,779 DEBUG SQL:104 - 
    update
        DataPoint 
    set
        description=? 
    where
        id=?
14:19:08,789 DEBUG SQL:104 - 
    update
        DataPoint 
    set
        description=? 
    where
        id=?
14:19:08,790 DEBUG SQL:104 - 
    update
        DataPoint 
    set
        description=? 
    where
        id=?
14:19:08,790 DEBUG SQL:104 - 
    update
        DataPoint 
    set
        description=? 
    where
        id=?
14:19:08,790 DEBUG SQL:104 - 
    update
        DataPoint 
    set
        description=? 
    where
        id=?
14:19:08,790 DEBUG SQL:104 - 
    update
        DataPoint 
    set
        description=? 
    where
        id=?
14:19:08,800 DEBUG SQL:104 - 
    update
        DataPoint 
    set
        description=? 
    where
        id=?
14:19:08,801 DEBUG SQL:104 - 
    update
        DataPoint 
    set
        description=? 
    where
        id=?
14:19:08,801 DEBUG SQL:104 - 
    update
        DataPoint 
    set
        description=? 
    where
        id=?
14:19:08,801 DEBUG SQL:104 - 
    update
        DataPoint 
    set
        description=? 
    where
        id=?
14:19:08,811 DEBUG SQL:104 - 
    update
        DataPoint 
    set
        description=? 
    where
        id=?
14:19:08,811 DEBUG SQL:104 - 
    update
        DataPoint 
    set
        description=? 
    where
        id=?
14:19:08,811 DEBUG SQL:104 - 
    update
        DataPoint 
    set
        description=? 
    where
        id=?
14:19:08,812 DEBUG SQL:104 - 
    update
        DataPoint 
    set
        description=? 
    where
        id=?
14:19:08,820 DEBUG SQL:104 - 
    update
        DataPoint 
    set
        description=? 
    where
        id=?
14:19:08,820 DEBUG SQL:104 - 
    update
        DataPoint 
    set
        description=? 
    where
        id=?
14:19:08,820 DEBUG SQL:104 - 
    update
        DataPoint 
    set
        description=? 
    where
        id=?
14:19:08,821 DEBUG SQL:104 - 
    update
        DataPoint 
    set
        description=? 
    where
        id=?
14:19:08,821 DEBUG SQL:104 - 
    update
        DataPoint 
    set
        description=? 
    where
        id=?
14:19:08,829 DEBUG SQL:104 - 
    update
        DataPoint 
    set
        description=? 
    where
        id=?
14:19:08,830 DEBUG SQL:104 - 
    update
        DataPoint 
    set
        description=? 
    where
        id=?
14:19:08,830 DEBUG SQL:104 - 
    update
        DataPoint 
    set
        description=? 
    where
        id=?
14:19:08,830 DEBUG SQL:104 - 
    update
        DataPoint 
    set
        description=? 
    where
        id=?
14:19:08,831 DEBUG SQL:104 - 
    update
        DataPoint 
    set
        description=? 
    where
        id=?
14:19:08,831 DEBUG SQL:104 - 
    update
        DataPoint 
    set
        description=? 
    where
        id=?
14:19:08,831 DEBUG SQL:104 - 
    update
        DataPoint 
    set
        description=? 
    where
        id=?
14:19:08,831 DEBUG SQL:104 - 
    update
        DataPoint 
    set
        description=? 
    where
        id=?
14:19:08,843 DEBUG SQL:104 - 
    update
        DataPoint 
    set
        description=? 
    where
        id=?
14:19:08,843 DEBUG SQL:104 - 
    update
        DataPoint 
    set
        description=? 
    where
        id=?
14:19:08,844 DEBUG SQL:104 - 
    update
        DataPoint 
    set
        description=? 
    where
        id=?
14:19:08,844 DEBUG SQL:104 - 
    update
        DataPoint 
    set
        description=? 
    where
        id=?
14:19:08,844 DEBUG SQL:104 - 
    update
        DataPoint 
    set
        description=? 
    where
        id=?
14:19:08,854 DEBUG SQL:104 - 
    update
        DataPoint 
    set
        description=? 
    where
        id=?
14:19:08,854 DEBUG SQL:104 - 
    update
        DataPoint 
    set
        description=? 
    where
        id=?
14:19:08,854 DEBUG SQL:104 - 
    update
        DataPoint 
    set
        description=? 
    where
        id=?
14:19:08,854 DEBUG SQL:104 - 
    update
        DataPoint 
    set
        description=? 
    where
        id=?
14:19:08,855 DEBUG SQL:104 - 
    update
        DataPoint 
    set
        description=? 
    where
        id=?
14:19:08,855 DEBUG SQL:104 - 
    update
        DataPoint 
    set
        description=? 
    where
        id=?
14:19:08,877 DEBUG SQL:104 - 
    select
        datapoint0_.id as id1_,
        datapoint0_.xval as xval1_,
        datapoint0_.yval as yval1_,
        datapoint0_.description as descript4_1_ 
    from
        DataPoint datapoint0_ 
    where
        datapoint0_.description='done!'
14:19:08,879 DEBUG SQL:104 - 
    delete 
    from
        DataPoint
14:19:08,881  INFO CustomRunner:139 - Test: testQueryModifiableScroll
14:19:08,886 DEBUG SQL:104 - 
    insert 
    into
        DataPoint
        (xval, yval, description, id) 
    values
        (?, ?, ?, ?)
14:19:08,887 DEBUG SQL:104 - 
    insert 
    into
        DataPoint
        (xval, yval, description, id) 
    values
        (?, ?, ?, ?)
14:19:08,889 DEBUG SQL:104 - 
    insert 
    into
        DataPoint
        (xval, yval, description, id) 
    values
        (?, ?, ?, ?)
14:19:08,889 DEBUG SQL:104 - 
    insert 
    into
        DataPoint
        (xval, yval, description, id) 
    values
        (?, ?, ?, ?)
14:19:08,889 DEBUG SQL:104 - 
    insert 
    into
        DataPoint
        (xval, yval, description, id) 
    values
        (?, ?, ?, ?)
14:19:08,890 DEBUG SQL:104 - 
    insert 
    into
        DataPoint
        (xval, yval, description, id) 
    values
        (?, ?, ?, ?)
14:19:08,899 DEBUG SQL:104 - 
    insert 
    into
        DataPoint
        (xval, yval, description, id) 
    values
        (?, ?, ?, ?)
14:19:08,899 DEBUG SQL:104 - 
    insert 
    into
        DataPoint
        (xval, yval, description, id) 
    values
        (?, ?, ?, ?)
14:19:08,900 DEBUG SQL:104 - 
    insert 
    into
        DataPoint
        (xval, yval, description, id) 
    values
        (?, ?, ?, ?)
14:19:08,900 DEBUG SQL:104 - 
    insert 
    into
        DataPoint
        (xval, yval, description, id) 
    values
        (?, ?, ?, ?)
14:19:08,900 DEBUG SQL:104 - 
    insert 
    into
        DataPoint
        (xval, yval, description, id) 
    values
        (?, ?, ?, ?)
14:19:08,911 DEBUG SQL:104 - 
    insert 
    into
        DataPoint
        (xval, yval, description, id) 
    values
        (?, ?, ?, ?)
14:19:08,911 DEBUG SQL:104 - 
    insert 
    into
        DataPoint
        (xval, yval, description, id) 
    values
        (?, ?, ?, ?)
14:19:08,911 DEBUG SQL:104 - 
    insert 
    into
        DataPoint
        (xval, yval, description, id) 
    values
        (?, ?, ?, ?)
14:19:08,912 DEBUG SQL:104 - 
    insert 
    into
        DataPoint
        (xval, yval, description, id) 
    values
        (?, ?, ?, ?)
14:19:08,951 DEBUG SQL:104 - 
    insert 
    into
        DataPoint
        (xval, yval, description, id) 
    values
        (?, ?, ?, ?)
14:19:08,952 DEBUG SQL:104 - 
    insert 
    into
        DataPoint
        (xval, yval, description, id) 
    values
        (?, ?, ?, ?)
14:19:08,952 DEBUG SQL:104 - 
    insert 
    into
        DataPoint
        (xval, yval, description, id) 
    values
        (?, ?, ?, ?)
14:19:08,952 DEBUG SQL:104 - 
    insert 
    into
        DataPoint
        (xval, yval, description, id) 
    values
        (?, ?, ?, ?)
14:19:08,952 DEBUG SQL:104 - 
    insert 
    into
        DataPoint
        (xval, yval, description, id) 
    values
        (?, ?, ?, ?)
14:19:08,952 DEBUG SQL:104 - 
    insert 
    into
        DataPoint
        (xval, yval, description, id) 
    values
        (?, ?, ?, ?)
14:19:08,953 DEBUG SQL:104 - 
    insert 
    into
        DataPoint
        (xval, yval, description, id) 
    values
        (?, ?, ?, ?)
14:19:08,953 DEBUG SQL:104 - 
    insert 
    into
        DataPoint
        (xval, yval, description, id) 
    values
        (?, ?, ?, ?)
14:19:08,953 DEBUG SQL:104 - 
    insert 
    into
        DataPoint
        (xval, yval, description, id) 
    values
        (?, ?, ?, ?)
14:19:08,953 DEBUG SQL:104 - 
    insert 
    into
        DataPoint
        (xval, yval, description, id) 
    values
        (?, ?, ?, ?)
14:19:08,953 DEBUG SQL:104 - 
    insert 
    into
        DataPoint
        (xval, yval, description, id) 
    values
        (?, ?, ?, ?)
14:19:08,953 DEBUG SQL:104 - 
    insert 
    into
        DataPoint
        (xval, yval, description, id) 
    values
        (?, ?, ?, ?)
14:19:08,954 DEBUG SQL:104 - 
    insert 
    into
        DataPoint
        (xval, yval, description, id) 
    values
        (?, ?, ?, ?)
14:19:08,954 DEBUG SQL:104 - 
    insert 
    into
        DataPoint
        (xval, yval, description, id) 
    values
        (?, ?, ?, ?)
14:19:08,954 DEBUG SQL:104 - 
    insert 
    into
        DataPoint
        (xval, yval, description, id) 
    values
        (?, ?, ?, ?)
14:19:08,954 DEBUG SQL:104 - 
    insert 
    into
        DataPoint
        (xval, yval, description, id) 
    values
        (?, ?, ?, ?)
14:19:08,954 DEBUG SQL:104 - 
    insert 
    into
        DataPoint
        (xval, yval, description, id) 
    values
        (?, ?, ?, ?)
14:19:08,955 DEBUG SQL:104 - 
    insert 
    into
        DataPoint
        (xval, yval, description, id) 
    values
        (?, ?, ?, ?)
14:19:08,955 DEBUG SQL:104 - 
    insert 
    into
        DataPoint
        (xval, yval, description, id) 
    values
        (?, ?, ?, ?)
14:19:08,955 DEBUG SQL:104 - 
    insert 
    into
        DataPoint
        (xval, yval, description, id) 
    values
        (?, ?, ?, ?)
14:19:08,955 DEBUG SQL:104 - 
    insert 
    into
        DataPoint
        (xval, yval, description, id) 
    values
        (?, ?, ?, ?)
14:19:08,955 DEBUG SQL:104 - 
    insert 
    into
        DataPoint
        (xval, yval, description, id) 
    values
        (?, ?, ?, ?)
14:19:08,964 DEBUG SQL:104 - 
    insert 
    into
        DataPoint
        (xval, yval, description, id) 
    values
        (?, ?, ?, ?)
14:19:08,964 DEBUG SQL:104 - 
    insert 
    into
        DataPoint
        (xval, yval, description, id) 
    values
        (?, ?, ?, ?)
14:19:08,964 DEBUG SQL:104 - 
    insert 
    into
        DataPoint
        (xval, yval, description, id) 
    values
        (?, ?, ?, ?)
14:19:08,965 DEBUG SQL:104 - 
    insert 
    into
        DataPoint
        (xval, yval, description, id) 
    values
        (?, ?, ?, ?)
14:19:08,977 DEBUG SQL:104 - 
    insert 
    into
        DataPoint
        (xval, yval, description, id) 
    values
        (?, ?, ?, ?)
14:19:08,977 DEBUG SQL:104 - 
    insert 
    into
        DataPoint
        (xval, yval, description, id) 
    values
        (?, ?, ?, ?)
14:19:08,977 DEBUG SQL:104 - 
    insert 
    into
        DataPoint
        (xval, yval, description, id) 
    values
        (?, ?, ?, ?)
14:19:08,977 DEBUG SQL:104 - 
    insert 
    into
        DataPoint
        (xval, yval, description, id) 
    values
        (?, ?, ?, ?)
14:19:08,987 DEBUG SQL:104 - 
    insert 
    into
        DataPoint
        (xval, yval, description, id) 
    values
        (?, ?, ?, ?)
14:19:08,987 DEBUG SQL:104 - 
    insert 
    into
        DataPoint
        (xval, yval, description, id) 
    values
        (?, ?, ?, ?)
14:19:08,987 DEBUG SQL:104 - 
    insert 
    into
        DataPoint
        (xval, yval, description, id) 
    values
        (?, ?, ?, ?)
14:19:08,987 DEBUG SQL:104 - 
    insert 
    into
        DataPoint
        (xval, yval, description, id) 
    values
        (?, ?, ?, ?)
14:19:08,988 DEBUG SQL:104 - 
    insert 
    into
        DataPoint
        (xval, yval, description, id) 
    values
        (?, ?, ?, ?)
14:19:08,988 DEBUG SQL:104 - 
    insert 
    into
        DataPoint
        (xval, yval, description, id) 
    values
        (?, ?, ?, ?)
14:19:08,988 DEBUG SQL:104 - 
    insert 
    into
        DataPoint
        (xval, yval, description, id) 
    values
        (?, ?, ?, ?)
14:19:09,009 DEBUG SQL:104 - 
    insert 
    into
        DataPoint
        (xval, yval, description, id) 
    values
        (?, ?, ?, ?)
14:19:09,010 DEBUG SQL:104 - 
    insert 
    into
        DataPoint
        (xval, yval, description, id) 
    values
        (?, ?, ?, ?)
14:19:09,010 DEBUG SQL:104 - 
    insert 
    into
        DataPoint
        (xval, yval, description, id) 
    values
        (?, ?, ?, ?)
14:19:09,010 DEBUG SQL:104 - 
    insert 
    into
        DataPoint
        (xval, yval, description, id) 
    values
        (?, ?, ?, ?)
14:19:09,019 DEBUG SQL:104 - 
    insert 
    into
        DataPoint
        (xval, yval, description, id) 
    values
        (?, ?, ?, ?)
14:19:09,019 DEBUG SQL:104 - 
    insert 
    into
        DataPoint
        (xval, yval, description, id) 
    values
        (?, ?, ?, ?)
14:19:09,019 DEBUG SQL:104 - 
    insert 
    into
        DataPoint
        (xval, yval, description, id) 
    values
        (?, ?, ?, ?)
14:19:09,019 DEBUG SQL:104 - 
    insert 
    into
        DataPoint
        (xval, yval, description, id) 
    values
        (?, ?, ?, ?)
14:19:09,020 DEBUG SQL:104 - 
    insert 
    into
        DataPoint
        (xval, yval, description, id) 
    values
        (?, ?, ?, ?)
14:19:09,028 DEBUG SQL:104 - 
    insert 
    into
        DataPoint
        (xval, yval, description, id) 
    values
        (?, ?, ?, ?)
14:19:09,029 DEBUG SQL:104 - 
    insert 
    into
        DataPoint
        (xval, yval, description, id) 
    values
        (?, ?, ?, ?)
14:19:09,029 DEBUG SQL:104 - 
    insert 
    into
        DataPoint
        (xval, yval, description, id) 
    values
        (?, ?, ?, ?)
14:19:09,029 DEBUG SQL:104 - 
    insert 
    into
        DataPoint
        (xval, yval, description, id) 
    values
        (?, ?, ?, ?)
14:19:09,039 DEBUG SQL:104 - 
    insert 
    into
        DataPoint
        (xval, yval, description, id) 
    values
        (?, ?, ?, ?)
14:19:09,039 DEBUG SQL:104 - 
    insert 
    into
        DataPoint
        (xval, yval, description, id) 
    values
        (?, ?, ?, ?)
14:19:09,039 DEBUG SQL:104 - 
    insert 
    into
        DataPoint
        (xval, yval, description, id) 
    values
        (?, ?, ?, ?)
14:19:09,040 DEBUG SQL:104 - 
    insert 
    into
        DataPoint
        (xval, yval, description, id) 
    values
        (?, ?, ?, ?)
14:19:09,040 DEBUG SQL:104 - 
    insert 
    into
        DataPoint
        (xval, yval, description, id) 
    values
        (?, ?, ?, ?)
14:19:09,049 DEBUG SQL:104 - 
    insert 
    into
        DataPoint
        (xval, yval, description, id) 
    values
        (?, ?, ?, ?)
14:19:09,050 DEBUG SQL:104 - 
    insert 
    into
        DataPoint
        (xval, yval, description, id) 
    values
        (?, ?, ?, ?)
14:19:09,050 DEBUG SQL:104 - 
    insert 
    into
        DataPoint
        (xval, yval, description, id) 
    values
        (?, ?, ?, ?)
14:19:09,050 DEBUG SQL:104 - 
    insert 
    into
        DataPoint
        (xval, yval, description, id) 
    values
        (?, ?, ?, ?)
14:19:09,059 DEBUG SQL:104 - 
    insert 
    into
        DataPoint
        (xval, yval, description, id) 
    values
        (?, ?, ?, ?)
14:19:09,060 DEBUG SQL:104 - 
    insert 
    into
        DataPoint
        (xval, yval, description, id) 
    values
        (?, ?, ?, ?)
14:19:09,060 DEBUG SQL:104 - 
    insert 
    into
        DataPoint
        (xval, yval, description, id) 
    values
        (?, ?, ?, ?)
14:19:09,060 DEBUG SQL:104 - 
    insert 
    into
        DataPoint
        (xval, yval, description, id) 
    values
        (?, ?, ?, ?)
14:19:09,069 DEBUG SQL:104 - 
    insert 
    into
        DataPoint
        (xval, yval, description, id) 
    values
        (?, ?, ?, ?)
14:19:09,070 DEBUG SQL:104 - 
    insert 
    into
        DataPoint
        (xval, yval, description, id) 
    values
        (?, ?, ?, ?)
14:19:09,070 DEBUG SQL:104 - 
    insert 
    into
        DataPoint
        (xval, yval, description, id) 
    values
        (?, ?, ?, ?)
14:19:09,070 DEBUG SQL:104 - 
    insert 
    into
        DataPoint
        (xval, yval, description, id) 
    values
        (?, ?, ?, ?)
14:19:09,070 DEBUG SQL:104 - 
    insert 
    into
        DataPoint
        (xval, yval, description, id) 
    values
        (?, ?, ?, ?)
14:19:09,079 DEBUG SQL:104 - 
    insert 
    into
        DataPoint
        (xval, yval, description, id) 
    values
        (?, ?, ?, ?)
14:19:09,079 DEBUG SQL:104 - 
    insert 
    into
        DataPoint
        (xval, yval, description, id) 
    values
        (?, ?, ?, ?)
14:19:09,080 DEBUG SQL:104 - 
    insert 
    into
        DataPoint
        (xval, yval, description, id) 
    values
        (?, ?, ?, ?)
14:19:09,080 DEBUG SQL:104 - 
    insert 
    into
        DataPoint
        (xval, yval, description, id) 
    values
        (?, ?, ?, ?)
14:19:09,089 DEBUG SQL:104 - 
    insert 
    into
        DataPoint
        (xval, yval, description, id) 
    values
        (?, ?, ?, ?)
14:19:09,089 DEBUG SQL:104 - 
    insert 
    into
        DataPoint
        (xval, yval, description, id) 
    values
        (?, ?, ?, ?)
14:19:09,089 DEBUG SQL:104 - 
    insert 
    into
        DataPoint
        (xval, yval, description, id) 
    values
        (?, ?, ?, ?)
14:19:09,090 DEBUG SQL:104 - 
    insert 
    into
        DataPoint
        (xval, yval, description, id) 
    values
        (?, ?, ?, ?)
14:19:09,090 DEBUG SQL:104 - 
    insert 
    into
        DataPoint
        (xval, yval, description, id) 
    values
        (?, ?, ?, ?)
14:19:09,090 DEBUG SQL:104 - 
    insert 
    into
        DataPoint
        (xval, yval, description, id) 
    values
        (?, ?, ?, ?)
14:19:09,090 DEBUG SQL:104 - 
    insert 
    into
        DataPoint
        (xval, yval, description, id) 
    values
        (?, ?, ?, ?)
14:19:09,091 DEBUG SQL:104 - 
    insert 
    into
        DataPoint
        (xval, yval, description, id) 
    values
        (?, ?, ?, ?)
14:19:09,091 DEBUG SQL:104 - 
    insert 
    into
        DataPoint
        (xval, yval, description, id) 
    values
        (?, ?, ?, ?)
14:19:09,104 DEBUG SQL:104 - 
    insert 
    into
        DataPoint
        (xval, yval, description, id) 
    values
        (?, ?, ?, ?)
14:19:09,104 DEBUG SQL:104 - 
    insert 
    into
        DataPoint
        (xval, yval, description, id) 
    values
        (?, ?, ?, ?)
14:19:09,104 DEBUG SQL:104 - 
    insert 
    into
        DataPoint
        (xval, yval, description, id) 
    values
        (?, ?, ?, ?)
14:19:09,105 DEBUG SQL:104 - 
    insert 
    into
        DataPoint
        (xval, yval, description, id) 
    values
        (?, ?, ?, ?)
14:19:09,114 DEBUG SQL:104 - 
    select
        datapoint0_.id as id1_,
        datapoint0_.xval as xval1_,
        datapoint0_.yval as yval1_,
        datapoint0_.description as descript4_1_ 
    from
        DataPoint datapoint0_ 
    order by
        datapoint0_.xval asc
14:19:09,115 DEBUG SQL:104 - 
    select
        datapoint0_.id as id1_0_,
        datapoint0_.xval as xval1_0_,
        datapoint0_.yval as yval1_0_,
        datapoint0_.description as descript4_1_0_ 
    from
        DataPoint datapoint0_ 
    where
        datapoint0_.id=?
14:19:09,118 DEBUG SQL:104 - 
    update
        DataPoint 
    set
        description=? 
    where
        id=?
14:19:09,118 DEBUG SQL:104 - 
    update
        DataPoint 
    set
        description=? 
    where
        id=?
14:19:09,118 DEBUG SQL:104 - 
    update
        DataPoint 
    set
        description=? 
    where
        id=?
14:19:09,119 DEBUG SQL:104 - 
    update
        DataPoint 
    set
        description=? 
    where
        id=?
14:19:09,137 DEBUG SQL:104 - 
    update
        DataPoint 
    set
        description=? 
    where
        id=?
14:19:09,137 DEBUG SQL:104 - 
    update
        DataPoint 
    set
        description=? 
    where
        id=?
14:19:09,138 DEBUG SQL:104 - 
    update
        DataPoint 
    set
        description=? 
    where
        id=?
14:19:09,138 DEBUG SQL:104 - 
    update
        DataPoint 
    set
        description=? 
    where
        id=?
14:19:09,147 DEBUG SQL:104 - 
    update
        DataPoint 
    set
        description=? 
    where
        id=?
14:19:09,147 DEBUG SQL:104 - 
    update
        DataPoint 
    set
        description=? 
    where
        id=?
14:19:09,147 DEBUG SQL:104 - 
    update
        DataPoint 
    set
        description=? 
    where
        id=?
14:19:09,147 DEBUG SQL:104 - 
    update
        DataPoint 
    set
        description=? 
    where
        id=?
14:19:09,148 DEBUG SQL:104 - 
    update
        DataPoint 
    set
        description=? 
    where
        id=?
14:19:09,161 DEBUG SQL:104 - 
    update
        DataPoint 
    set
        description=? 
    where
        id=?
14:19:09,161 DEBUG SQL:104 - 
    update
        DataPoint 
    set
        description=? 
    where
        id=?
14:19:09,161 DEBUG SQL:104 - 
    update
        DataPoint 
    set
        description=? 
    where
        id=?
14:19:09,162 DEBUG SQL:104 - 
    update
        DataPoint 
    set
        description=? 
    where
        id=?
14:19:09,169 DEBUG SQL:104 - 
    update
        DataPoint 
    set
        description=? 
    where
        id=?
14:19:09,169 DEBUG SQL:104 - 
    update
        DataPoint 
    set
        description=? 
    where
        id=?
14:19:09,170 DEBUG SQL:104 - 
    update
        DataPoint 
    set
        description=? 
    where
        id=?
14:19:09,170 DEBUG SQL:104 - 
    update
        DataPoint 
    set
        description=? 
    where
        id=?
14:19:09,179 DEBUG SQL:104 - 
    update
        DataPoint 
    set
        description=? 
    where
        id=?
14:19:09,179 DEBUG SQL:104 - 
    update
        DataPoint 
    set
        description=? 
    where
        id=?
14:19:09,180 DEBUG SQL:104 - 
    update
        DataPoint 
    set
        description=? 
    where
        id=?
14:19:09,180 DEBUG SQL:104 - 
    update
        DataPoint 
    set
        description=? 
    where
        id=?
14:19:09,180 DEBUG SQL:104 - 
    update
        DataPoint 
    set
        description=? 
    where
        id=?
14:19:09,189 DEBUG SQL:104 - 
    update
        DataPoint 
    set
        description=? 
    where
        id=?
14:19:09,189 DEBUG SQL:104 - 
    update
        DataPoint 
    set
        description=? 
    where
        id=?
14:19:09,190 DEBUG SQL:104 - 
    update
        DataPoint 
    set
        description=? 
    where
        id=?
14:19:09,190 DEBUG SQL:104 - 
    update
        DataPoint 
    set
        description=? 
    where
        id=?
14:19:09,200 DEBUG SQL:104 - 
    update
        DataPoint 
    set
        description=? 
    where
        id=?
14:19:09,201 DEBUG SQL:104 - 
    update
        DataPoint 
    set
        description=? 
    where
        id=?
14:19:09,201 DEBUG SQL:104 - 
    update
        DataPoint 
    set
        description=? 
    where
        id=?
14:19:09,201 DEBUG SQL:104 - 
    update
        DataPoint 
    set
        description=? 
    where
        id=?
14:19:09,210 DEBUG SQL:104 - 
    update
        DataPoint 
    set
        description=? 
    where
        id=?
14:19:09,210 DEBUG SQL:104 - 
    update
        DataPoint 
    set
        description=? 
    where
        id=?
14:19:09,211 DEBUG SQL:104 - 
    update
        DataPoint 
    set
        description=? 
    where
        id=?
14:19:09,211 DEBUG SQL:104 - 
    update
        DataPoint 
    set
        description=? 
    where
        id=?
14:19:09,211 DEBUG SQL:104 - 
    update
        DataPoint 
    set
        description=? 
    where
        id=?
14:19:09,221 DEBUG SQL:104 - 
    update
        DataPoint 
    set
        description=? 
    where
        id=?
14:19:09,222 DEBUG SQL:104 - 
    update
        DataPoint 
    set
        description=? 
    where
        id=?
14:19:09,222 DEBUG SQL:104 - 
    update
        DataPoint 
    set
        description=? 
    where
        id=?
14:19:09,222 DEBUG SQL:104 - 
    update
        DataPoint 
    set
        description=? 
    where
        id=?
14:19:09,222 DEBUG SQL:104 - 
    update
        DataPoint 
    set
        description=? 
    where
        id=?
14:19:09,223 DEBUG SQL:104 - 
    update
        DataPoint 
    set
        description=? 
    where
        id=?
14:19:09,223 DEBUG SQL:104 - 
    update
        DataPoint 
    set
        description=? 
    where
        id=?
14:19:09,223 DEBUG SQL:104 - 
    update
        DataPoint 
    set
        description=? 
    where
        id=?
14:19:09,234 DEBUG SQL:104 - 
    update
        DataPoint 
    set
        description=? 
    where
        id=?
14:19:09,234 DEBUG SQL:104 - 
    update
        DataPoint 
    set
        description=? 
    where
        id=?
14:19:09,234 DEBUG SQL:104 - 
    update
        DataPoint 
    set
        description=? 
    where
        id=?
14:19:09,235 DEBUG SQL:104 - 
    update
        DataPoint 
    set
        description=? 
    where
        id=?
14:19:09,235 DEBUG SQL:104 - 
    update
        DataPoint 
    set
        description=? 
    where
        id=?
14:19:09,245 DEBUG SQL:104 - 
    update
        DataPoint 
    set
        description=? 
    where
        id=?
14:19:09,245 DEBUG SQL:104 - 
    update
        DataPoint 
    set
        description=? 
    where
        id=?
14:19:09,245 DEBUG SQL:104 - 
    update
        DataPoint 
    set
        description=? 
    where
        id=?
14:19:09,245 DEBUG SQL:104 - 
    update
        DataPoint 
    set
        description=? 
    where
        id=?
14:19:09,246 DEBUG SQL:104 - 
    update
        DataPoint 
    set
        description=? 
    where
        id=?
14:19:09,246 DEBUG SQL:104 - 
    update
        DataPoint 
    set
        description=? 
    where
        id=?
14:19:09,266 DEBUG SQL:104 - 
    update
        DataPoint 
    set
        description=? 
    where
        id=?
14:19:09,267 DEBUG SQL:104 - 
    update
        DataPoint 
    set
        description=? 
    where
        id=?
14:19:09,267 DEBUG SQL:104 - 
    update
        DataPoint 
    set
        description=? 
    where
        id=?
14:19:09,267 DEBUG SQL:104 - 
    update
        DataPoint 
    set
        description=? 
    where
        id=?
14:19:09,267 DEBUG SQL:104 - 
    update
        DataPoint 
    set
        description=? 
    where
        id=?
14:19:09,276 DEBUG SQL:104 - 
    update
        DataPoint 
    set
        description=? 
    where
        id=?
14:19:09,277 DEBUG SQL:104 - 
    update
        DataPoint 
    set
        description=? 
    where
        id=?
14:19:09,277 DEBUG SQL:104 - 
    update
        DataPoint 
    set
        description=? 
    where
        id=?
14:19:09,277 DEBUG SQL:104 - 
    update
        DataPoint 
    set
        description=? 
    where
        id=?
14:19:09,286 DEBUG SQL:104 - 
    update
        DataPoint 
    set
        description=? 
    where
        id=?
14:19:09,287 DEBUG SQL:104 - 
    update
        DataPoint 
    set
        description=? 
    where
        id=?
14:19:09,287 DEBUG SQL:104 - 
    update
        DataPoint 
    set
        description=? 
    where
        id=?
14:19:09,287 DEBUG SQL:104 - 
    update
        DataPoint 
    set
        description=? 
    where
        id=?
14:19:09,297 DEBUG SQL:104 - 
    update
        DataPoint 
    set
        description=? 
    where
        id=?
14:19:09,298 DEBUG SQL:104 - 
    update
        DataPoint 
    set
        description=? 
    where
        id=?
14:19:09,298 DEBUG SQL:104 - 
    update
        DataPoint 
    set
        description=? 
    where
        id=?
14:19:09,298 DEBUG SQL:104 - 
    update
        DataPoint 
    set
        description=? 
    where
        id=?
14:19:09,298 DEBUG SQL:104 - 
    update
        DataPoint 
    set
        description=? 
    where
        id=?
14:19:09,307 DEBUG SQL:104 - 
    update
        DataPoint 
    set
        description=? 
    where
        id=?
14:19:09,308 DEBUG SQL:104 - 
    update
        DataPoint 
    set
        description=? 
    where
        id=?
14:19:09,308 DEBUG SQL:104 - 
    update
        DataPoint 
    set
        description=? 
    where
        id=?
14:19:09,308 DEBUG SQL:104 - 
    update
        DataPoint 
    set
        description=? 
    where
        id=?
14:19:09,318 DEBUG SQL:104 - 
    update
        DataPoint 
    set
        description=? 
    where
        id=?
14:19:09,319 DEBUG SQL:104 - 
    update
        DataPoint 
    set
        description=? 
    where
        id=?
14:19:09,319 DEBUG SQL:104 - 
    update
        DataPoint 
    set
        description=? 
    where
        id=?
14:19:09,319 DEBUG SQL:104 - 
    update
        DataPoint 
    set
        description=? 
    where
        id=?
14:19:09,319 DEBUG SQL:104 - 
    update
        DataPoint 
    set
        description=? 
    where
        id=?
14:19:09,330 DEBUG SQL:104 - 
    update
        DataPoint 
    set
        description=? 
    where
        id=?
14:19:09,330 DEBUG SQL:104 - 
    update
        DataPoint 
    set
        description=? 
    where
        id=?
14:19:09,330 DEBUG SQL:104 - 
    update
        DataPoint 
    set
        description=? 
    where
        id=?
14:19:09,330 DEBUG SQL:104 - 
    update
        DataPoint 
    set
        description=? 
    where
        id=?
14:19:09,341 DEBUG SQL:104 - 
    update
        DataPoint 
    set
        description=? 
    where
        id=?
14:19:09,341 DEBUG SQL:104 - 
    update
        DataPoint 
    set
        description=? 
    where
        id=?
14:19:09,341 DEBUG SQL:104 - 
    update
        DataPoint 
    set
        description=? 
    where
        id=?
14:19:09,341 DEBUG SQL:104 - 
    update
        DataPoint 
    set
        description=? 
    where
        id=?
14:19:09,352 DEBUG SQL:104 - 
    update
        DataPoint 
    set
        description=? 
    where
        id=?
14:19:09,353 DEBUG SQL:104 - 
    update
        DataPoint 
    set
        description=? 
    where
        id=?
14:19:09,353 DEBUG SQL:104 - 
    update
        DataPoint 
    set
        description=? 
    where
        id=?
14:19:09,353 DEBUG SQL:104 - 
    update
        DataPoint 
    set
        description=? 
    where
        id=?
14:19:09,353 DEBUG SQL:104 - 
    update
        DataPoint 
    set
        description=? 
    where
        id=?
14:19:09,354 DEBUG SQL:104 - 
    select
        datapoint0_.id as id1_,
        datapoint0_.xval as xval1_,
        datapoint0_.yval as yval1_,
        datapoint0_.description as descript4_1_ 
    from
        DataPoint datapoint0_ 
    where
        datapoint0_.description='done!'
14:19:09,356 DEBUG SQL:104 - 
    delete 
    from
        DataPoint
14:19:09,358  INFO CustomRunner:139 - Test: testQueryReadOnlyIterate
14:19:09,363 DEBUG SQL:104 - 
    insert 
    into
        DataPoint
        (xval, yval, description, id) 
    values
        (?, ?, ?, ?)
14:19:09,363 DEBUG SQL:104 - 
    insert 
    into
        DataPoint
        (xval, yval, description, id) 
    values
        (?, ?, ?, ?)
14:19:09,402 DEBUG SQL:104 - 
    insert 
    into
        DataPoint
        (xval, yval, description, id) 
    values
        (?, ?, ?, ?)
14:19:09,403 DEBUG SQL:104 - 
    insert 
    into
        DataPoint
        (xval, yval, description, id) 
    values
        (?, ?, ?, ?)
14:19:09,403 DEBUG SQL:104 - 
    insert 
    into
        DataPoint
        (xval, yval, description, id) 
    values
        (?, ?, ?, ?)
14:19:09,403 DEBUG SQL:104 - 
    insert 
    into
        DataPoint
        (xval, yval, description, id) 
    values
        (?, ?, ?, ?)
14:19:09,412 DEBUG SQL:104 - 
    insert 
    into
        DataPoint
        (xval, yval, description, id) 
    values
        (?, ?, ?, ?)
14:19:09,412 DEBUG SQL:104 - 
    insert 
    into
        DataPoint
        (xval, yval, description, id) 
    values
        (?, ?, ?, ?)
14:19:09,413 DEBUG SQL:104 - 
    insert 
    into
        DataPoint
        (xval, yval, description, id) 
    values
        (?, ?, ?, ?)
14:19:09,414 DEBUG SQL:104 - 
    insert 
    into
        DataPoint
        (xval, yval, description, id) 
    values
        (?, ?, ?, ?)
14:19:09,414 DEBUG SQL:104 - 
    insert 
    into
        DataPoint
        (xval, yval, description, id) 
    values
        (?, ?, ?, ?)
14:19:09,415 DEBUG SQL:104 - 
    insert 
    into
        DataPoint
        (xval, yval, description, id) 
    values
        (?, ?, ?, ?)
14:19:09,439 DEBUG SQL:104 - 
    insert 
    into
        DataPoint
        (xval, yval, description, id) 
    values
        (?, ?, ?, ?)
14:19:09,440 DEBUG SQL:104 - 
    insert 
    into
        DataPoint
        (xval, yval, description, id) 
    values
        (?, ?, ?, ?)
14:19:09,440 DEBUG SQL:104 - 
    insert 
    into
        DataPoint
        (xval, yval, description, id) 
    values
        (?, ?, ?, ?)
14:19:09,441 DEBUG SQL:104 - 
    insert 
    into
        DataPoint
        (xval, yval, description, id) 
    values
        (?, ?, ?, ?)
14:19:09,441 DEBUG SQL:104 - 
    insert 
    into
        DataPoint
        (xval, yval, description, id) 
    values
        (?, ?, ?, ?)
14:19:09,441 DEBUG SQL:104 - 
    insert 
    into
        DataPoint
        (xval, yval, description, id) 
    values
        (?, ?, ?, ?)
14:19:09,442 DEBUG SQL:104 - 
    insert 
    into
        DataPoint
        (xval, yval, description, id) 
    values
        (?, ?, ?, ?)
14:19:09,442 DEBUG SQL:104 - 
    insert 
    into
        DataPoint
        (xval, yval, description, id) 
    values
        (?, ?, ?, ?)
14:19:09,442 DEBUG SQL:104 - 
    insert 
    into
        DataPoint
        (xval, yval, description, id) 
    values
        (?, ?, ?, ?)
14:19:09,442 DEBUG SQL:104 - 
    insert 
    into
        DataPoint
        (xval, yval, description, id) 
    values
        (?, ?, ?, ?)
14:19:09,443 DEBUG SQL:104 - 
    insert 
    into
        DataPoint
        (xval, yval, description, id) 
    values
        (?, ?, ?, ?)
14:19:09,467 DEBUG SQL:104 - 
    insert 
    into
        DataPoint
        (xval, yval, description, id) 
    values
        (?, ?, ?, ?)
14:19:09,467 DEBUG SQL:104 - 
    insert 
    into
        DataPoint
        (xval, yval, description, id) 
    values
        (?, ?, ?, ?)
14:19:09,468 DEBUG SQL:104 - 
    insert 
    into
        DataPoint
        (xval, yval, description, id) 
    values
        (?, ?, ?, ?)
14:19:09,468 DEBUG SQL:104 - 
    insert 
    into
        DataPoint
        (xval, yval, description, id) 
    values
        (?, ?, ?, ?)
14:19:09,468 DEBUG SQL:104 - 
    insert 
    into
        DataPoint
        (xval, yval, description, id) 
    values
        (?, ?, ?, ?)
14:19:09,479 DEBUG SQL:104 - 
    insert 
    into
        DataPoint
        (xval, yval, description, id) 
    values
        (?, ?, ?, ?)
14:19:09,480 DEBUG SQL:104 - 
    insert 
    into
        DataPoint
        (xval, yval, description, id) 
    values
        (?, ?, ?, ?)
14:19:09,480 DEBUG SQL:104 - 
    insert 
    into
        DataPoint
        (xval, yval, description, id) 
    values
        (?, ?, ?, ?)
14:19:09,480 DEBUG SQL:104 - 
    insert 
    into
        DataPoint
        (xval, yval, description, id) 
    values
        (?, ?, ?, ?)
14:19:09,480 DEBUG SQL:104 - 
    insert 
    into
        DataPoint
        (xval, yval, description, id) 
    values
        (?, ?, ?, ?)
14:19:09,480 DEBUG SQL:104 - 
    insert 
    into
        DataPoint
        (xval, yval, description, id) 
    values
        (?, ?, ?, ?)
14:19:09,481 DEBUG SQL:104 - 
    insert 
    into
        DataPoint
        (xval, yval, description, id) 
    values
        (?, ?, ?, ?)
14:19:09,481 DEBUG SQL:104 - 
    insert 
    into
        DataPoint
        (xval, yval, description, id) 
    values
        (?, ?, ?, ?)
14:19:09,496 DEBUG SQL:104 - 
    insert 
    into
        DataPoint
        (xval, yval, description, id) 
    values
        (?, ?, ?, ?)
14:19:09,496 DEBUG SQL:104 - 
    insert 
    into
        DataPoint
        (xval, yval, description, id) 
    values
        (?, ?, ?, ?)
14:19:09,496 DEBUG SQL:104 - 
    insert 
    into
        DataPoint
        (xval, yval, description, id) 
    values
        (?, ?, ?, ?)
14:19:09,497 DEBUG SQL:104 - 
    insert 
    into
        DataPoint
        (xval, yval, description, id) 
    values
        (?, ?, ?, ?)
14:19:09,497 DEBUG SQL:104 - 
    insert 
    into
        DataPoint
        (xval, yval, description, id) 
    values
        (?, ?, ?, ?)
14:19:09,509 DEBUG SQL:104 - 
    insert 
    into
        DataPoint
        (xval, yval, description, id) 
    values
        (?, ?, ?, ?)
14:19:09,509 DEBUG SQL:104 - 
    insert 
    into
        DataPoint
        (xval, yval, description, id) 
    values
        (?, ?, ?, ?)
14:19:09,510 DEBUG SQL:104 - 
    insert 
    into
        DataPoint
        (xval, yval, description, id) 
    values
        (?, ?, ?, ?)
14:19:09,510 DEBUG SQL:104 - 
    insert 
    into
        DataPoint
        (xval, yval, description, id) 
    values
        (?, ?, ?, ?)
14:19:09,510 DEBUG SQL:104 - 
    insert 
    into
        DataPoint
        (xval, yval, description, id) 
    values
        (?, ?, ?, ?)
14:19:09,510 DEBUG SQL:104 - 
    insert 
    into
        DataPoint
        (xval, yval, description, id) 
    values
        (?, ?, ?, ?)
14:19:09,536 DEBUG SQL:104 - 
    insert 
    into
        DataPoint
        (xval, yval, description, id) 
    values
        (?, ?, ?, ?)
14:19:09,537 DEBUG SQL:104 - 
    insert 
    into
        DataPoint
        (xval, yval, description, id) 
    values
        (?, ?, ?, ?)
14:19:09,537 DEBUG SQL:104 - 
    insert 
    into
        DataPoint
        (xval, yval, description, id) 
    values
        (?, ?, ?, ?)
14:19:09,537 DEBUG SQL:104 - 
    insert 
    into
        DataPoint
        (xval, yval, description, id) 
    values
        (?, ?, ?, ?)
14:19:09,537 DEBUG SQL:104 - 
    insert 
    into
        DataPoint
        (xval, yval, description, id) 
    values
        (?, ?, ?, ?)
14:19:09,549 DEBUG SQL:104 - 
    insert 
    into
        DataPoint
        (xval, yval, description, id) 
    values
        (?, ?, ?, ?)
14:19:09,550 DEBUG SQL:104 - 
    insert 
    into
        DataPoint
        (xval, yval, description, id) 
    values
        (?, ?, ?, ?)
14:19:09,550 DEBUG SQL:104 - 
    insert 
    into
        DataPoint
        (xval, yval, description, id) 
    values
        (?, ?, ?, ?)
14:19:09,550 DEBUG SQL:104 - 
    insert 
    into
        DataPoint
        (xval, yval, description, id) 
    values
        (?, ?, ?, ?)
14:19:09,561 DEBUG SQL:104 - 
    insert 
    into
        DataPoint
        (xval, yval, description, id) 
    values
        (?, ?, ?, ?)
14:19:09,561 DEBUG SQL:104 - 
    insert 
    into
        DataPoint
        (xval, yval, description, id) 
    values
        (?, ?, ?, ?)
14:19:09,562 DEBUG SQL:104 - 
    insert 
    into
        DataPoint
        (xval, yval, description, id) 
    values
        (?, ?, ?, ?)
14:19:09,562 DEBUG SQL:104 - 
    insert 
    into
        DataPoint
        (xval, yval, description, id) 
    values
        (?, ?, ?, ?)
14:19:09,579 DEBUG SQL:104 - 
    insert 
    into
        DataPoint
        (xval, yval, description, id) 
    values
        (?, ?, ?, ?)
14:19:09,580 DEBUG SQL:104 - 
    insert 
    into
        DataPoint
        (xval, yval, description, id) 
    values
        (?, ?, ?, ?)
14:19:09,580 DEBUG SQL:104 - 
    insert 
    into
        DataPoint
        (xval, yval, description, id) 
    values
        (?, ?, ?, ?)
14:19:09,580 DEBUG SQL:104 - 
    insert 
    into
        DataPoint
        (xval, yval, description, id) 
    values
        (?, ?, ?, ?)
14:19:09,580 DEBUG SQL:104 - 
    insert 
    into
        DataPoint
        (xval, yval, description, id) 
    values
        (?, ?, ?, ?)
14:19:09,585 DEBUG SQL:104 - 
    insert 
    into
        DataPoint
        (xval, yval, description, id) 
    values
        (?, ?, ?, ?)
14:19:09,586 DEBUG SQL:104 - 
    insert 
    into
        DataPoint
        (xval, yval, description, id) 
    values
        (?, ?, ?, ?)
14:19:09,586 DEBUG SQL:104 - 
    insert 
    into
        DataPoint
        (xval, yval, description, id) 
    values
        (?, ?, ?, ?)
14:19:09,586 DEBUG SQL:104 - 
    insert 
    into
        DataPoint
        (xval, yval, description, id) 
    values
        (?, ?, ?, ?)
14:19:09,597 DEBUG SQL:104 - 
    insert 
    into
        DataPoint
        (xval, yval, description, id) 
    values
        (?, ?, ?, ?)
14:19:09,597 DEBUG SQL:104 - 
    insert 
    into
        DataPoint
        (xval, yval, description, id) 
    values
        (?, ?, ?, ?)
14:19:09,597 DEBUG SQL:104 - 
    insert 
    into
        DataPoint
        (xval, yval, description, id) 
    values
        (?, ?, ?, ?)
14:19:09,598 DEBUG SQL:104 - 
    insert 
    into
        DataPoint
        (xval, yval, description, id) 
    values
        (?, ?, ?, ?)
14:19:09,608 DEBUG SQL:104 - 
    insert 
    into
        DataPoint
        (xval, yval, description, id) 
    values
        (?, ?, ?, ?)
14:19:09,609 DEBUG SQL:104 - 
    insert 
    into
        DataPoint
        (xval, yval, description, id) 
    values
        (?, ?, ?, ?)
14:19:09,609 DEBUG SQL:104 - 
    insert 
    into
        DataPoint
        (xval, yval, description, id) 
    values
        (?, ?, ?, ?)
14:19:09,610 DEBUG SQL:104 - 
    insert 
    into
        DataPoint
        (xval, yval, description, id) 
    values
        (?, ?, ?, ?)
14:19:09,611 DEBUG SQL:104 - 
    insert 
    into
        DataPoint
        (xval, yval, description, id) 
    values
        (?, ?, ?, ?)
14:19:09,625 DEBUG SQL:104 - 
    insert 
    into
        DataPoint
        (xval, yval, description, id) 
    values
        (?, ?, ?, ?)
14:19:09,626 DEBUG SQL:104 - 
    insert 
    into
        DataPoint
        (xval, yval, description, id) 
    values
        (?, ?, ?, ?)
14:19:09,626 DEBUG SQL:104 - 
    insert 
    into
        DataPoint
        (xval, yval, description, id) 
    values
        (?, ?, ?, ?)
14:19:09,626 DEBUG SQL:104 - 
    insert 
    into
        DataPoint
        (xval, yval, description, id) 
    values
        (?, ?, ?, ?)
14:19:09,627 DEBUG SQL:104 - 
    insert 
    into
        DataPoint
        (xval, yval, description, id) 
    values
        (?, ?, ?, ?)
14:19:09,627 DEBUG SQL:104 - 
    insert 
    into
        DataPoint
        (xval, yval, description, id) 
    values
        (?, ?, ?, ?)
14:19:09,627 DEBUG SQL:104 - 
    insert 
    into
        DataPoint
        (xval, yval, description, id) 
    values
        (?, ?, ?, ?)
14:19:09,627 DEBUG SQL:104 - 
    insert 
    into
        DataPoint
        (xval, yval, description, id) 
    values
        (?, ?, ?, ?)
14:19:09,627 DEBUG SQL:104 - 
    insert 
    into
        DataPoint
        (xval, yval, description, id) 
    values
        (?, ?, ?, ?)
14:19:09,642 DEBUG SQL:104 - 
    insert 
    into
        DataPoint
        (xval, yval, description, id) 
    values
        (?, ?, ?, ?)
14:19:09,642 DEBUG SQL:104 - 
    insert 
    into
        DataPoint
        (xval, yval, description, id) 
    values
        (?, ?, ?, ?)
14:19:09,643 DEBUG SQL:104 - 
    insert 
    into
        DataPoint
        (xval, yval, description, id) 
    values
        (?, ?, ?, ?)
14:19:09,643 DEBUG SQL:104 - 
    insert 
    into
        DataPoint
        (xval, yval, description, id) 
    values
        (?, ?, ?, ?)
14:19:09,655 DEBUG SQL:104 - 
    insert 
    into
        DataPoint
        (xval, yval, description, id) 
    values
        (?, ?, ?, ?)
14:19:09,655 DEBUG SQL:104 - 
    insert 
    into
        DataPoint
        (xval, yval, description, id) 
    values
        (?, ?, ?, ?)
14:19:09,656 DEBUG SQL:104 - 
    insert 
    into
        DataPoint
        (xval, yval, description, id) 
    values
        (?, ?, ?, ?)
14:19:09,656 DEBUG SQL:104 - 
    insert 
    into
        DataPoint
        (xval, yval, description, id) 
    values
        (?, ?, ?, ?)
14:19:09,656 DEBUG SQL:104 - 
    insert 
    into
        DataPoint
        (xval, yval, description, id) 
    values
        (?, ?, ?, ?)
14:19:09,656 DEBUG SQL:104 - 
    insert 
    into
        DataPoint
        (xval, yval, description, id) 
    values
        (?, ?, ?, ?)
14:19:09,656 DEBUG SQL:104 - 
    insert 
    into
        DataPoint
        (xval, yval, description, id) 
    values
        (?, ?, ?, ?)
14:19:09,682 DEBUG SQL:104 - 
    insert 
    into
        DataPoint
        (xval, yval, description, id) 
    values
        (?, ?, ?, ?)
14:19:09,682 DEBUG SQL:104 - 
    insert 
    into
        DataPoint
        (xval, yval, description, id) 
    values
        (?, ?, ?, ?)
14:19:09,683 DEBUG SQL:104 - 
    select
        datapoint0_.id as col_0_0_ 
    from
        DataPoint datapoint0_ 
    order by
        datapoint0_.xval asc
14:19:09,683 DEBUG SQL:104 - 
    select
        datapoint0_.id as id1_0_,
        datapoint0_.xval as xval1_0_,
        datapoint0_.yval as yval1_0_,
        datapoint0_.description as descript4_1_0_ 
    from
        DataPoint datapoint0_ 
    where
        datapoint0_.id=?
14:19:09,696 DEBUG SQL:104 - 
    select
        datapoint0_.id as id1_0_,
        datapoint0_.xval as xval1_0_,
        datapoint0_.yval as yval1_0_,
        datapoint0_.description as descript4_1_0_ 
    from
        DataPoint datapoint0_ 
    where
        datapoint0_.id=?
14:19:09,696 DEBUG SQL:104 - 
    select
        datapoint0_.id as id1_0_,
        datapoint0_.xval as xval1_0_,
        datapoint0_.yval as yval1_0_,
        datapoint0_.description as descript4_1_0_ 
    from
        DataPoint datapoint0_ 
    where
        datapoint0_.id=?
14:19:09,697 DEBUG SQL:104 - 
    select
        datapoint0_.id as id1_0_,
        datapoint0_.xval as xval1_0_,
        datapoint0_.yval as yval1_0_,
        datapoint0_.description as descript4_1_0_ 
    from
        DataPoint datapoint0_ 
    where
        datapoint0_.id=?
14:19:09,709 DEBUG SQL:104 - 
    select
        datapoint0_.id as id1_0_,
        datapoint0_.xval as xval1_0_,
        datapoint0_.yval as yval1_0_,
        datapoint0_.description as descript4_1_0_ 
    from
        DataPoint datapoint0_ 
    where
        datapoint0_.id=?
14:19:09,709 DEBUG SQL:104 - 
    select
        datapoint0_.id as id1_0_,
        datapoint0_.xval as xval1_0_,
        datapoint0_.yval as yval1_0_,
        datapoint0_.description as descript4_1_0_ 
    from
        DataPoint datapoint0_ 
    where
        datapoint0_.id=?
14:19:09,709 DEBUG SQL:104 - 
    select
        datapoint0_.id as id1_0_,
        datapoint0_.xval as xval1_0_,
        datapoint0_.yval as yval1_0_,
        datapoint0_.description as descript4_1_0_ 
    from
        DataPoint datapoint0_ 
    where
        datapoint0_.id=?
14:19:09,743 DEBUG SQL:104 - 
    select
        datapoint0_.id as id1_0_,
        datapoint0_.xval as xval1_0_,
        datapoint0_.yval as yval1_0_,
        datapoint0_.description as descript4_1_0_ 
    from
        DataPoint datapoint0_ 
    where
        datapoint0_.id=?
14:19:09,744 DEBUG SQL:104 - 
    select
        datapoint0_.id as id1_0_,
        datapoint0_.xval as xval1_0_,
        datapoint0_.yval as yval1_0_,
        datapoint0_.description as descript4_1_0_ 
    from
        DataPoint datapoint0_ 
    where
        datapoint0_.id=?
14:19:09,744 DEBUG SQL:104 - 
    select
        datapoint0_.id as id1_0_,
        datapoint0_.xval as xval1_0_,
        datapoint0_.yval as yval1_0_,
        datapoint0_.description as descript4_1_0_ 
    from
        DataPoint datapoint0_ 
    where
        datapoint0_.id=?
14:19:09,749 DEBUG SQL:104 - 
    select
        datapoint0_.id as id1_0_,
        datapoint0_.xval as xval1_0_,
        datapoint0_.yval as yval1_0_,
        datapoint0_.description as descript4_1_0_ 
    from
        DataPoint datapoint0_ 
    where
        datapoint0_.id=?
14:19:09,750 DEBUG SQL:104 - 
    select
        datapoint0_.id as id1_0_,
        datapoint0_.xval as xval1_0_,
        datapoint0_.yval as yval1_0_,
        datapoint0_.description as descript4_1_0_ 
    from
        DataPoint datapoint0_ 
    where
        datapoint0_.id=?
14:19:09,750 DEBUG SQL:104 - 
    select
        datapoint0_.id as id1_0_,
        datapoint0_.xval as xval1_0_,
        datapoint0_.yval as yval1_0_,
        datapoint0_.description as descript4_1_0_ 
    from
        DataPoint datapoint0_ 
    where
        datapoint0_.id=?
14:19:09,762 DEBUG SQL:104 - 
    select
        datapoint0_.id as id1_0_,
        datapoint0_.xval as xval1_0_,
        datapoint0_.yval as yval1_0_,
        datapoint0_.description as descript4_1_0_ 
    from
        DataPoint datapoint0_ 
    where
        datapoint0_.id=?
14:19:09,763 DEBUG SQL:104 - 
    select
        datapoint0_.id as id1_0_,
        datapoint0_.xval as xval1_0_,
        datapoint0_.yval as yval1_0_,
        datapoint0_.description as descript4_1_0_ 
    from
        DataPoint datapoint0_ 
    where
        datapoint0_.id=?
14:19:09,763 DEBUG SQL:104 - 
    select
        datapoint0_.id as id1_0_,
        datapoint0_.xval as xval1_0_,
        datapoint0_.yval as yval1_0_,
        datapoint0_.description as descript4_1_0_ 
    from
        DataPoint datapoint0_ 
    where
        datapoint0_.id=?
14:19:09,763 DEBUG SQL:104 - 
    select
        datapoint0_.id as id1_0_,
        datapoint0_.xval as xval1_0_,
        datapoint0_.yval as yval1_0_,
        datapoint0_.description as descript4_1_0_ 
    from
        DataPoint datapoint0_ 
    where
        datapoint0_.id=?
14:19:09,764 DEBUG SQL:104 - 
    select
        datapoint0_.id as id1_0_,
        datapoint0_.xval as xval1_0_,
        datapoint0_.yval as yval1_0_,
        datapoint0_.description as descript4_1_0_ 
    from
        DataPoint datapoint0_ 
    where
        datapoint0_.id=?
14:19:09,764 DEBUG SQL:104 - 
    select
        datapoint0_.id as id1_0_,
        datapoint0_.xval as xval1_0_,
        datapoint0_.yval as yval1_0_,
        datapoint0_.description as descript4_1_0_ 
    from
        DataPoint datapoint0_ 
    where
        datapoint0_.id=?
14:19:09,779 DEBUG SQL:104 - 
    select
        datapoint0_.id as id1_0_,
        datapoint0_.xval as xval1_0_,
        datapoint0_.yval as yval1_0_,
        datapoint0_.description as descript4_1_0_ 
    from
        DataPoint datapoint0_ 
    where
        datapoint0_.id=?
14:19:09,779 DEBUG SQL:104 - 
    select
        datapoint0_.id as id1_0_,
        datapoint0_.xval as xval1_0_,
        datapoint0_.yval as yval1_0_,
        datapoint0_.description as descript4_1_0_ 
    from
        DataPoint datapoint0_ 
    where
        datapoint0_.id=?
14:19:09,780 DEBUG SQL:104 - 
    select
        datapoint0_.id as id1_0_,
        datapoint0_.xval as xval1_0_,
        datapoint0_.yval as yval1_0_,
        datapoint0_.description as descript4_1_0_ 
    from
        DataPoint datapoint0_ 
    where
        datapoint0_.id=?
14:19:09,793 DEBUG SQL:104 - 
    select
        datapoint0_.id as id1_0_,
        datapoint0_.xval as xval1_0_,
        datapoint0_.yval as yval1_0_,
        datapoint0_.description as descript4_1_0_ 
    from
        DataPoint datapoint0_ 
    where
        datapoint0_.id=?
14:19:09,794 DEBUG SQL:104 - 
    select
        datapoint0_.id as id1_0_,
        datapoint0_.xval as xval1_0_,
        datapoint0_.yval as yval1_0_,
        datapoint0_.description as descript4_1_0_ 
    from
        DataPoint datapoint0_ 
    where
        datapoint0_.id=?
14:19:09,794 DEBUG SQL:104 - 
    select
        datapoint0_.id as id1_0_,
        datapoint0_.xval as xval1_0_,
        datapoint0_.yval as yval1_0_,
        datapoint0_.description as descript4_1_0_ 
    from
        DataPoint datapoint0_ 
    where
        datapoint0_.id=?
14:19:09,794 DEBUG SQL:104 - 
    select
        datapoint0_.id as id1_0_,
        datapoint0_.xval as xval1_0_,
        datapoint0_.yval as yval1_0_,
        datapoint0_.description as descript4_1_0_ 
    from
        DataPoint datapoint0_ 
    where
        datapoint0_.id=?
14:19:09,795 DEBUG SQL:104 - 
    select
        datapoint0_.id as id1_0_,
        datapoint0_.xval as xval1_0_,
        datapoint0_.yval as yval1_0_,
        datapoint0_.description as descript4_1_0_ 
    from
        DataPoint datapoint0_ 
    where
        datapoint0_.id=?
14:19:09,821 DEBUG SQL:104 - 
    select
        datapoint0_.id as id1_0_,
        datapoint0_.xval as xval1_0_,
        datapoint0_.yval as yval1_0_,
        datapoint0_.description as descript4_1_0_ 
    from
        DataPoint datapoint0_ 
    where
        datapoint0_.id=?
14:19:09,822 DEBUG SQL:104 - 
    select
        datapoint0_.id as id1_0_,
        datapoint0_.xval as xval1_0_,
        datapoint0_.yval as yval1_0_,
        datapoint0_.description as descript4_1_0_ 
    from
        DataPoint datapoint0_ 
    where
        datapoint0_.id=?
14:19:09,822 DEBUG SQL:104 - 
    select
        datapoint0_.id as id1_0_,
        datapoint0_.xval as xval1_0_,
        datapoint0_.yval as yval1_0_,
        datapoint0_.description as descript4_1_0_ 
    from
        DataPoint datapoint0_ 
    where
        datapoint0_.id=?
14:19:09,839 DEBUG SQL:104 - 
    select
        datapoint0_.id as id1_0_,
        datapoint0_.xval as xval1_0_,
        datapoint0_.yval as yval1_0_,
        datapoint0_.description as descript4_1_0_ 
    from
        DataPoint datapoint0_ 
    where
        datapoint0_.id=?
14:19:09,839 DEBUG SQL:104 - 
    select
        datapoint0_.id as id1_0_,
        datapoint0_.xval as xval1_0_,
        datapoint0_.yval as yval1_0_,
        datapoint0_.description as descript4_1_0_ 
    from
        DataPoint datapoint0_ 
    where
        datapoint0_.id=?
14:19:09,839 DEBUG SQL:104 - 
    select
        datapoint0_.id as id1_0_,
        datapoint0_.xval as xval1_0_,
        datapoint0_.yval as yval1_0_,
        datapoint0_.description as descript4_1_0_ 
    from
        DataPoint datapoint0_ 
    where
        datapoint0_.id=?
14:19:09,857 DEBUG SQL:104 - 
    select
        datapoint0_.id as id1_0_,
        datapoint0_.xval as xval1_0_,
        datapoint0_.yval as yval1_0_,
        datapoint0_.description as descript4_1_0_ 
    from
        DataPoint datapoint0_ 
    where
        datapoint0_.id=?
14:19:09,858 DEBUG SQL:104 - 
    select
        datapoint0_.id as id1_0_,
        datapoint0_.xval as xval1_0_,
        datapoint0_.yval as yval1_0_,
        datapoint0_.description as descript4_1_0_ 
    from
        DataPoint datapoint0_ 
    where
        datapoint0_.id=?
14:19:09,858 DEBUG SQL:104 - 
    select
        datapoint0_.id as id1_0_,
        datapoint0_.xval as xval1_0_,
        datapoint0_.yval as yval1_0_,
        datapoint0_.description as descript4_1_0_ 
    from
        DataPoint datapoint0_ 
    where
        datapoint0_.id=?
14:19:09,863 DEBUG SQL:104 - 
    select
        datapoint0_.id as id1_0_,
        datapoint0_.xval as xval1_0_,
        datapoint0_.yval as yval1_0_,
        datapoint0_.description as descript4_1_0_ 
    from
        DataPoint datapoint0_ 
    where
        datapoint0_.id=?
14:19:09,863 DEBUG SQL:104 - 
    select
        datapoint0_.id as id1_0_,
        datapoint0_.xval as xval1_0_,
        datapoint0_.yval as yval1_0_,
        datapoint0_.description as descript4_1_0_ 
    from
        DataPoint datapoint0_ 
    where
        datapoint0_.id=?
14:19:09,864 DEBUG SQL:104 - 
    select
        datapoint0_.id as id1_0_,
        datapoint0_.xval as xval1_0_,
        datapoint0_.yval as yval1_0_,
        datapoint0_.description as descript4_1_0_ 
    from
        DataPoint datapoint0_ 
    where
        datapoint0_.id=?
14:19:09,876 DEBUG SQL:104 - 
    select
        datapoint0_.id as id1_0_,
        datapoint0_.xval as xval1_0_,
        datapoint0_.yval as yval1_0_,
        datapoint0_.description as descript4_1_0_ 
    from
        DataPoint datapoint0_ 
    where
        datapoint0_.id=?
14:19:09,877 DEBUG SQL:104 - 
    select
        datapoint0_.id as id1_0_,
        datapoint0_.xval as xval1_0_,
        datapoint0_.yval as yval1_0_,
        datapoint0_.description as descript4_1_0_ 
    from
        DataPoint datapoint0_ 
    where
        datapoint0_.id=?
14:19:09,877 DEBUG SQL:104 - 
    select
        datapoint0_.id as id1_0_,
        datapoint0_.xval as xval1_0_,
        datapoint0_.yval as yval1_0_,
        datapoint0_.description as descript4_1_0_ 
    from
        DataPoint datapoint0_ 
    where
        datapoint0_.id=?
14:19:09,889 DEBUG SQL:104 - 
    select
        datapoint0_.id as id1_0_,
        datapoint0_.xval as xval1_0_,
        datapoint0_.yval as yval1_0_,
        datapoint0_.description as descript4_1_0_ 
    from
        DataPoint datapoint0_ 
    where
        datapoint0_.id=?
14:19:09,890 DEBUG SQL:104 - 
    select
        datapoint0_.id as id1_0_,
        datapoint0_.xval as xval1_0_,
        datapoint0_.yval as yval1_0_,
        datapoint0_.description as descript4_1_0_ 
    from
        DataPoint datapoint0_ 
    where
        datapoint0_.id=?
14:19:09,890 DEBUG SQL:104 - 
    select
        datapoint0_.id as id1_0_,
        datapoint0_.xval as xval1_0_,
        datapoint0_.yval as yval1_0_,
        datapoint0_.description as descript4_1_0_ 
    from
        DataPoint datapoint0_ 
    where
        datapoint0_.id=?
14:19:09,890 DEBUG SQL:104 - 
    select
        datapoint0_.id as id1_0_,
        datapoint0_.xval as xval1_0_,
        datapoint0_.yval as yval1_0_,
        datapoint0_.description as descript4_1_0_ 
    from
        DataPoint datapoint0_ 
    where
        datapoint0_.id=?
14:19:09,890 DEBUG SQL:104 - 
    select
        datapoint0_.id as id1_0_,
        datapoint0_.xval as xval1_0_,
        datapoint0_.yval as yval1_0_,
        datapoint0_.description as descript4_1_0_ 
    from
        DataPoint datapoint0_ 
    where
        datapoint0_.id=?
14:19:09,891 DEBUG SQL:104 - 
    select
        datapoint0_.id as id1_0_,
        datapoint0_.xval as xval1_0_,
        datapoint0_.yval as yval1_0_,
        datapoint0_.description as descript4_1_0_ 
    from
        DataPoint datapoint0_ 
    where
        datapoint0_.id=?
14:19:09,903 DEBUG SQL:104 - 
    select
        datapoint0_.id as id1_0_,
        datapoint0_.xval as xval1_0_,
        datapoint0_.yval as yval1_0_,
        datapoint0_.description as descript4_1_0_ 
    from
        DataPoint datapoint0_ 
    where
        datapoint0_.id=?
14:19:09,903 DEBUG SQL:104 - 
    select
        datapoint0_.id as id1_0_,
        datapoint0_.xval as xval1_0_,
        datapoint0_.yval as yval1_0_,
        datapoint0_.description as descript4_1_0_ 
    from
        DataPoint datapoint0_ 
    where
        datapoint0_.id=?
14:19:09,904 DEBUG SQL:104 - 
    select
        datapoint0_.id as id1_0_,
        datapoint0_.xval as xval1_0_,
        datapoint0_.yval as yval1_0_,
        datapoint0_.description as descript4_1_0_ 
    from
        DataPoint datapoint0_ 
    where
        datapoint0_.id=?
14:19:09,914 DEBUG SQL:104 - 
    select
        datapoint0_.id as id1_0_,
        datapoint0_.xval as xval1_0_,
        datapoint0_.yval as yval1_0_,
        datapoint0_.description as descript4_1_0_ 
    from
        DataPoint datapoint0_ 
    where
        datapoint0_.id=?
14:19:09,915 DEBUG SQL:104 - 
    select
        datapoint0_.id as id1_0_,
        datapoint0_.xval as xval1_0_,
        datapoint0_.yval as yval1_0_,
        datapoint0_.description as descript4_1_0_ 
    from
        DataPoint datapoint0_ 
    where
        datapoint0_.id=?
14:19:09,915 DEBUG SQL:104 - 
    select
        datapoint0_.id as id1_0_,
        datapoint0_.xval as xval1_0_,
        datapoint0_.yval as yval1_0_,
        datapoint0_.description as descript4_1_0_ 
    from
        DataPoint datapoint0_ 
    where
        datapoint0_.id=?
14:19:09,915 DEBUG SQL:104 - 
    select
        datapoint0_.id as id1_0_,
        datapoint0_.xval as xval1_0_,
        datapoint0_.yval as yval1_0_,
        datapoint0_.description as descript4_1_0_ 
    from
        DataPoint datapoint0_ 
    where
        datapoint0_.id=?
14:19:09,915 DEBUG SQL:104 - 
    select
        datapoint0_.id as id1_0_,
        datapoint0_.xval as xval1_0_,
        datapoint0_.yval as yval1_0_,
        datapoint0_.description as descript4_1_0_ 
    from
        DataPoint datapoint0_ 
    where
        datapoint0_.id=?
14:19:09,936 DEBUG SQL:104 - 
    select
        datapoint0_.id as id1_0_,
        datapoint0_.xval as xval1_0_,
        datapoint0_.yval as yval1_0_,
        datapoint0_.description as descript4_1_0_ 
    from
        DataPoint datapoint0_ 
    where
        datapoint0_.id=?
14:19:09,937 DEBUG SQL:104 - 
    select
        datapoint0_.id as id1_0_,
        datapoint0_.xval as xval1_0_,
        datapoint0_.yval as yval1_0_,
        datapoint0_.description as descript4_1_0_ 
    from
        DataPoint datapoint0_ 
    where
        datapoint0_.id=?
14:19:09,937 DEBUG SQL:104 - 
    select
        datapoint0_.id as id1_0_,
        datapoint0_.xval as xval1_0_,
        datapoint0_.yval as yval1_0_,
        datapoint0_.description as descript4_1_0_ 
    from
        DataPoint datapoint0_ 
    where
        datapoint0_.id=?
14:19:09,948 DEBUG SQL:104 - 
    select
        datapoint0_.id as id1_0_,
        datapoint0_.xval as xval1_0_,
        datapoint0_.yval as yval1_0_,
        datapoint0_.description as descript4_1_0_ 
    from
        DataPoint datapoint0_ 
    where
        datapoint0_.id=?
14:19:09,948 DEBUG SQL:104 - 
    select
        datapoint0_.id as id1_0_,
        datapoint0_.xval as xval1_0_,
        datapoint0_.yval as yval1_0_,
        datapoint0_.description as descript4_1_0_ 
    from
        DataPoint datapoint0_ 
    where
        datapoint0_.id=?
14:19:09,948 DEBUG SQL:104 - 
    select
        datapoint0_.id as id1_0_,
        datapoint0_.xval as xval1_0_,
        datapoint0_.yval as yval1_0_,
        datapoint0_.description as descript4_1_0_ 
    from
        DataPoint datapoint0_ 
    where
        datapoint0_.id=?
14:19:09,959 DEBUG SQL:104 - 
    select
        datapoint0_.id as id1_0_,
        datapoint0_.xval as xval1_0_,
        datapoint0_.yval as yval1_0_,
        datapoint0_.description as descript4_1_0_ 
    from
        DataPoint datapoint0_ 
    where
        datapoint0_.id=?
14:19:09,960 DEBUG SQL:104 - 
    select
        datapoint0_.id as id1_0_,
        datapoint0_.xval as xval1_0_,
        datapoint0_.yval as yval1_0_,
        datapoint0_.description as descript4_1_0_ 
    from
        DataPoint datapoint0_ 
    where
        datapoint0_.id=?
14:19:09,960 DEBUG SQL:104 - 
    select
        datapoint0_.id as id1_0_,
        datapoint0_.xval as xval1_0_,
        datapoint0_.yval as yval1_0_,
        datapoint0_.description as descript4_1_0_ 
    from
        DataPoint datapoint0_ 
    where
        datapoint0_.id=?
14:19:09,970 DEBUG SQL:104 - 
    select
        datapoint0_.id as id1_0_,
        datapoint0_.xval as xval1_0_,
        datapoint0_.yval as yval1_0_,
        datapoint0_.description as descript4_1_0_ 
    from
        DataPoint datapoint0_ 
    where
        datapoint0_.id=?
14:19:09,970 DEBUG SQL:104 - 
    select
        datapoint0_.id as id1_0_,
        datapoint0_.xval as xval1_0_,
        datapoint0_.yval as yval1_0_,
        datapoint0_.description as descript4_1_0_ 
    from
        DataPoint datapoint0_ 
    where
        datapoint0_.id=?
14:19:09,970 DEBUG SQL:104 - 
    select
        datapoint0_.id as id1_0_,
        datapoint0_.xval as xval1_0_,
        datapoint0_.yval as yval1_0_,
        datapoint0_.description as descript4_1_0_ 
    from
        DataPoint datapoint0_ 
    where
        datapoint0_.id=?
14:19:09,981 DEBUG SQL:104 - 
    select
        datapoint0_.id as id1_0_,
        datapoint0_.xval as xval1_0_,
        datapoint0_.yval as yval1_0_,
        datapoint0_.description as descript4_1_0_ 
    from
        DataPoint datapoint0_ 
    where
        datapoint0_.id=?
14:19:09,982 DEBUG SQL:104 - 
    select
        datapoint0_.id as id1_0_,
        datapoint0_.xval as xval1_0_,
        datapoint0_.yval as yval1_0_,
        datapoint0_.description as descript4_1_0_ 
    from
        DataPoint datapoint0_ 
    where
        datapoint0_.id=?
14:19:09,982 DEBUG SQL:104 - 
    select
        datapoint0_.id as id1_0_,
        datapoint0_.xval as xval1_0_,
        datapoint0_.yval as yval1_0_,
        datapoint0_.description as descript4_1_0_ 
    from
        DataPoint datapoint0_ 
    where
        datapoint0_.id=?
14:19:09,992 DEBUG SQL:104 - 
    select
        datapoint0_.id as id1_0_,
        datapoint0_.xval as xval1_0_,
        datapoint0_.yval as yval1_0_,
        datapoint0_.description as descript4_1_0_ 
    from
        DataPoint datapoint0_ 
    where
        datapoint0_.id=?
14:19:09,992 DEBUG SQL:104 - 
    select
        datapoint0_.id as id1_0_,
        datapoint0_.xval as xval1_0_,
        datapoint0_.yval as yval1_0_,
        datapoint0_.description as descript4_1_0_ 
    from
        DataPoint datapoint0_ 
    where
        datapoint0_.id=?
14:19:09,993 DEBUG SQL:104 - 
    select
        datapoint0_.id as id1_0_,
        datapoint0_.xval as xval1_0_,
        datapoint0_.yval as yval1_0_,
        datapoint0_.description as descript4_1_0_ 
    from
        DataPoint datapoint0_ 
    where
        datapoint0_.id=?
14:19:09,993 DEBUG SQL:104 - 
    select
        datapoint0_.id as id1_0_,
        datapoint0_.xval as xval1_0_,
        datapoint0_.yval as yval1_0_,
        datapoint0_.description as descript4_1_0_ 
    from
        DataPoint datapoint0_ 
    where
        datapoint0_.id=?
14:19:09,993 DEBUG SQL:104 - 
    select
        datapoint0_.id as id1_0_,
        datapoint0_.xval as xval1_0_,
        datapoint0_.yval as yval1_0_,
        datapoint0_.description as descript4_1_0_ 
    from
        DataPoint datapoint0_ 
    where
        datapoint0_.id=?
14:19:09,994 DEBUG SQL:104 - 
    select
        datapoint0_.id as id1_0_,
        datapoint0_.xval as xval1_0_,
        datapoint0_.yval as yval1_0_,
        datapoint0_.description as descript4_1_0_ 
    from
        DataPoint datapoint0_ 
    where
        datapoint0_.id=?
14:19:09,994 DEBUG SQL:104 - 
    select
        datapoint0_.id as id1_0_,
        datapoint0_.xval as xval1_0_,
        datapoint0_.yval as yval1_0_,
        datapoint0_.description as descript4_1_0_ 
    from
        DataPoint datapoint0_ 
    where
        datapoint0_.id=?
14:19:10,017 DEBUG SQL:104 - 
    select
        datapoint0_.id as id1_0_,
        datapoint0_.xval as xval1_0_,
        datapoint0_.yval as yval1_0_,
        datapoint0_.description as descript4_1_0_ 
    from
        DataPoint datapoint0_ 
    where
        datapoint0_.id=?
14:19:10,018 DEBUG SQL:104 - 
    select
        datapoint0_.id as id1_0_,
        datapoint0_.xval as xval1_0_,
        datapoint0_.yval as yval1_0_,
        datapoint0_.description as descript4_1_0_ 
    from
        DataPoint datapoint0_ 
    where
        datapoint0_.id=?
14:19:10,018 DEBUG SQL:104 - 
    select
        datapoint0_.id as id1_0_,
        datapoint0_.xval as xval1_0_,
        datapoint0_.yval as yval1_0_,
        datapoint0_.description as descript4_1_0_ 
    from
        DataPoint datapoint0_ 
    where
        datapoint0_.id=?
14:19:10,019 DEBUG SQL:104 - 
    select
        datapoint0_.id as id1_0_,
        datapoint0_.xval as xval1_0_,
        datapoint0_.yval as yval1_0_,
        datapoint0_.description as descript4_1_0_ 
    from
        DataPoint datapoint0_ 
    where
        datapoint0_.id=?
14:19:10,019 DEBUG SQL:104 - 
    select
        datapoint0_.id as id1_0_,
        datapoint0_.xval as xval1_0_,
        datapoint0_.yval as yval1_0_,
        datapoint0_.description as descript4_1_0_ 
    from
        DataPoint datapoint0_ 
    where
        datapoint0_.id=?
14:19:10,019 DEBUG SQL:104 - 
    select
        datapoint0_.id as id1_0_,
        datapoint0_.xval as xval1_0_,
        datapoint0_.yval as yval1_0_,
        datapoint0_.description as descript4_1_0_ 
    from
        DataPoint datapoint0_ 
    where
        datapoint0_.id=?
14:19:10,020 DEBUG SQL:104 - 
    select
        datapoint0_.id as id1_0_,
        datapoint0_.xval as xval1_0_,
        datapoint0_.yval as yval1_0_,
        datapoint0_.description as descript4_1_0_ 
    from
        DataPoint datapoint0_ 
    where
        datapoint0_.id=?
14:19:10,027 DEBUG SQL:104 - 
    select
        datapoint0_.id as id1_0_,
        datapoint0_.xval as xval1_0_,
        datapoint0_.yval as yval1_0_,
        datapoint0_.description as descript4_1_0_ 
    from
        DataPoint datapoint0_ 
    where
        datapoint0_.id=?
14:19:10,028 DEBUG SQL:104 - 
    select
        datapoint0_.id as id1_0_,
        datapoint0_.xval as xval1_0_,
        datapoint0_.yval as yval1_0_,
        datapoint0_.description as descript4_1_0_ 
    from
        DataPoint datapoint0_ 
    where
        datapoint0_.id=?
14:19:10,028 DEBUG SQL:104 - 
    select
        datapoint0_.id as id1_0_,
        datapoint0_.xval as xval1_0_,
        datapoint0_.yval as yval1_0_,
        datapoint0_.description as descript4_1_0_ 
    from
        DataPoint datapoint0_ 
    where
        datapoint0_.id=?
14:19:10,037 DEBUG SQL:104 - 
    select
        datapoint0_.id as id1_0_,
        datapoint0_.xval as xval1_0_,
        datapoint0_.yval as yval1_0_,
        datapoint0_.description as descript4_1_0_ 
    from
        DataPoint datapoint0_ 
    where
        datapoint0_.id=?
14:19:10,038 DEBUG SQL:104 - 
    select
        datapoint0_.id as id1_0_,
        datapoint0_.xval as xval1_0_,
        datapoint0_.yval as yval1_0_,
        datapoint0_.description as descript4_1_0_ 
    from
        DataPoint datapoint0_ 
    where
        datapoint0_.id=?
14:19:10,038 DEBUG SQL:104 - 
    select
        datapoint0_.id as id1_0_,
        datapoint0_.xval as xval1_0_,
        datapoint0_.yval as yval1_0_,
        datapoint0_.description as descript4_1_0_ 
    from
        DataPoint datapoint0_ 
    where
        datapoint0_.id=?
14:19:10,038 DEBUG SQL:104 - 
    select
        datapoint0_.id as id1_0_,
        datapoint0_.xval as xval1_0_,
        datapoint0_.yval as yval1_0_,
        datapoint0_.description as descript4_1_0_ 
    from
        DataPoint datapoint0_ 
    where
        datapoint0_.id=?
14:19:10,062 DEBUG SQL:104 - 
    select
        datapoint0_.id as id1_0_,
        datapoint0_.xval as xval1_0_,
        datapoint0_.yval as yval1_0_,
        datapoint0_.description as descript4_1_0_ 
    from
        DataPoint datapoint0_ 
    where
        datapoint0_.id=?
14:19:10,063 DEBUG SQL:104 - 
    select
        datapoint0_.id as id1_0_,
        datapoint0_.xval as xval1_0_,
        datapoint0_.yval as yval1_0_,
        datapoint0_.description as descript4_1_0_ 
    from
        DataPoint datapoint0_ 
    where
        datapoint0_.id=?
14:19:10,063 DEBUG SQL:104 - 
    select
        datapoint0_.id as id1_0_,
        datapoint0_.xval as xval1_0_,
        datapoint0_.yval as yval1_0_,
        datapoint0_.description as descript4_1_0_ 
    from
        DataPoint datapoint0_ 
    where
        datapoint0_.id=?
14:19:10,070 DEBUG SQL:104 - 
    select
        datapoint0_.id as id1_0_,
        datapoint0_.xval as xval1_0_,
        datapoint0_.yval as yval1_0_,
        datapoint0_.description as descript4_1_0_ 
    from
        DataPoint datapoint0_ 
    where
        datapoint0_.id=?
14:19:10,070 DEBUG SQL:104 - 
    select
        datapoint0_.id as id1_0_,
        datapoint0_.xval as xval1_0_,
        datapoint0_.yval as yval1_0_,
        datapoint0_.description as descript4_1_0_ 
    from
        DataPoint datapoint0_ 
    where
        datapoint0_.id=?
14:19:10,071 DEBUG SQL:104 - 
    select
        datapoint0_.id as id1_0_,
        datapoint0_.xval as xval1_0_,
        datapoint0_.yval as yval1_0_,
        datapoint0_.description as descript4_1_0_ 
    from
        DataPoint datapoint0_ 
    where
        datapoint0_.id=?
14:19:10,082 DEBUG SQL:104 - 
    select
        datapoint0_.id as id1_0_,
        datapoint0_.xval as xval1_0_,
        datapoint0_.yval as yval1_0_,
        datapoint0_.description as descript4_1_0_ 
    from
        DataPoint datapoint0_ 
    where
        datapoint0_.id=?
14:19:10,082 DEBUG SQL:104 - 
    select
        datapoint0_.id as id1_0_,
        datapoint0_.xval as xval1_0_,
        datapoint0_.yval as yval1_0_,
        datapoint0_.description as descript4_1_0_ 
    from
        DataPoint datapoint0_ 
    where
        datapoint0_.id=?
14:19:10,083 DEBUG SQL:104 - 
    update
        DataPoint 
    set
        description=? 
    where
        id=?
14:19:10,092 DEBUG SQL:104 - 
    update
        DataPoint 
    set
        description=? 
    where
        id=?
14:19:10,093 DEBUG SQL:104 - 
    select
        datapoint0_.id as id1_,
        datapoint0_.xval as xval1_,
        datapoint0_.yval as yval1_,
        datapoint0_.description as descript4_1_ 
    from
        DataPoint datapoint0_ 
    where
        datapoint0_.description='done!'
14:19:10,093 DEBUG SQL:104 - 
    delete 
    from
        DataPoint
14:19:10,095  INFO CustomRunner:139 - Test: testQueryReadOnlyScroll
14:19:10,100 DEBUG SQL:104 - 
    insert 
    into
        DataPoint
        (xval, yval, description, id) 
    values
        (?, ?, ?, ?)
14:19:10,102 DEBUG SQL:104 - 
    insert 
    into
        DataPoint
        (xval, yval, description, id) 
    values
        (?, ?, ?, ?)
14:19:10,103 DEBUG SQL:104 - 
    insert 
    into
        DataPoint
        (xval, yval, description, id) 
    values
        (?, ?, ?, ?)
14:19:10,103 DEBUG SQL:104 - 
    insert 
    into
        DataPoint
        (xval, yval, description, id) 
    values
        (?, ?, ?, ?)
14:19:10,104 DEBUG SQL:104 - 
    insert 
    into
        DataPoint
        (xval, yval, description, id) 
    values
        (?, ?, ?, ?)
14:19:10,104 DEBUG SQL:104 - 
    insert 
    into
        DataPoint
        (xval, yval, description, id) 
    values
        (?, ?, ?, ?)
14:19:10,116 DEBUG SQL:104 - 
    insert 
    into
        DataPoint
        (xval, yval, description, id) 
    values
        (?, ?, ?, ?)
14:19:10,116 DEBUG SQL:104 - 
    insert 
    into
        DataPoint
        (xval, yval, description, id) 
    values
        (?, ?, ?, ?)
14:19:10,116 DEBUG SQL:104 - 
    insert 
    into
        DataPoint
        (xval, yval, description, id) 
    values
        (?, ?, ?, ?)
14:19:10,116 DEBUG SQL:104 - 
    insert 
    into
        DataPoint
        (xval, yval, description, id) 
    values
        (?, ?, ?, ?)
14:19:10,128 DEBUG SQL:104 - 
    insert 
    into
        DataPoint
        (xval, yval, description, id) 
    values
        (?, ?, ?, ?)
14:19:10,128 DEBUG SQL:104 - 
    insert 
    into
        DataPoint
        (xval, yval, description, id) 
    values
        (?, ?, ?, ?)
14:19:10,128 DEBUG SQL:104 - 
    insert 
    into
        DataPoint
        (xval, yval, description, id) 
    values
        (?, ?, ?, ?)
14:19:10,128 DEBUG SQL:104 - 
    insert 
    into
        DataPoint
        (xval, yval, description, id) 
    values
        (?, ?, ?, ?)
14:19:10,135 DEBUG SQL:104 - 
    insert 
    into
        DataPoint
        (xval, yval, description, id) 
    values
        (?, ?, ?, ?)
14:19:10,135 DEBUG SQL:104 - 
    insert 
    into
        DataPoint
        (xval, yval, description, id) 
    values
        (?, ?, ?, ?)
14:19:10,136 DEBUG SQL:104 - 
    insert 
    into
        DataPoint
        (xval, yval, description, id) 
    values
        (?, ?, ?, ?)
14:19:10,136 DEBUG SQL:104 - 
    insert 
    into
        DataPoint
        (xval, yval, description, id) 
    values
        (?, ?, ?, ?)
14:19:10,136 DEBUG SQL:104 - 
    insert 
    into
        DataPoint
        (xval, yval, description, id) 
    values
        (?, ?, ?, ?)
14:19:10,137 DEBUG SQL:104 - 
    insert 
    into
        DataPoint
        (xval, yval, description, id) 
    values
        (?, ?, ?, ?)
14:19:10,137 DEBUG SQL:104 - 
    insert 
    into
        DataPoint
        (xval, yval, description, id) 
    values
        (?, ?, ?, ?)
14:19:10,137 DEBUG SQL:104 - 
    insert 
    into
        DataPoint
        (xval, yval, description, id) 
    values
        (?, ?, ?, ?)
14:19:10,137 DEBUG SQL:104 - 
    insert 
    into
        DataPoint
        (xval, yval, description, id) 
    values
        (?, ?, ?, ?)
14:19:10,149 DEBUG SQL:104 - 
    insert 
    into
        DataPoint
        (xval, yval, description, id) 
    values
        (?, ?, ?, ?)
14:19:10,149 DEBUG SQL:104 - 
    insert 
    into
        DataPoint
        (xval, yval, description, id) 
    values
        (?, ?, ?, ?)
14:19:10,149 DEBUG SQL:104 - 
    insert 
    into
        DataPoint
        (xval, yval, description, id) 
    values
        (?, ?, ?, ?)
14:19:10,149 DEBUG SQL:104 - 
    insert 
    into
        DataPoint
        (xval, yval, description, id) 
    values
        (?, ?, ?, ?)
14:19:10,159 DEBUG SQL:104 - 
    insert 
    into
        DataPoint
        (xval, yval, description, id) 
    values
        (?, ?, ?, ?)
14:19:10,159 DEBUG SQL:104 - 
    insert 
    into
        DataPoint
        (xval, yval, description, id) 
    values
        (?, ?, ?, ?)
14:19:10,159 DEBUG SQL:104 - 
    insert 
    into
        DataPoint
        (xval, yval, description, id) 
    values
        (?, ?, ?, ?)
14:19:10,160 DEBUG SQL:104 - 
    insert 
    into
        DataPoint
        (xval, yval, description, id) 
    values
        (?, ?, ?, ?)
14:19:10,160 DEBUG SQL:104 - 
    insert 
    into
        DataPoint
        (xval, yval, description, id) 
    values
        (?, ?, ?, ?)
14:19:10,160 DEBUG SQL:104 - 
    insert 
    into
        DataPoint
        (xval, yval, description, id) 
    values
        (?, ?, ?, ?)
14:19:10,160 DEBUG SQL:104 - 
    insert 
    into
        DataPoint
        (xval, yval, description, id) 
    values
        (?, ?, ?, ?)
14:19:10,182 DEBUG SQL:104 - 
    insert 
    into
        DataPoint
        (xval, yval, description, id) 
    values
        (?, ?, ?, ?)
14:19:10,183 DEBUG SQL:104 - 
    insert 
    into
        DataPoint
        (xval, yval, description, id) 
    values
        (?, ?, ?, ?)
14:19:10,184 DEBUG SQL:104 - 
    insert 
    into
        DataPoint
        (xval, yval, description, id) 
    values
        (?, ?, ?, ?)
14:19:10,184 DEBUG SQL:104 - 
    insert 
    into
        DataPoint
        (xval, yval, description, id) 
    values
        (?, ?, ?, ?)
14:19:10,193 DEBUG SQL:104 - 
    insert 
    into
        DataPoint
        (xval, yval, description, id) 
    values
        (?, ?, ?, ?)
14:19:10,193 DEBUG SQL:104 - 
    insert 
    into
        DataPoint
        (xval, yval, description, id) 
    values
        (?, ?, ?, ?)
14:19:10,193 DEBUG SQL:104 - 
    insert 
    into
        DataPoint
        (xval, yval, description, id) 
    values
        (?, ?, ?, ?)
14:19:10,193 DEBUG SQL:104 - 
    insert 
    into
        DataPoint
        (xval, yval, description, id) 
    values
        (?, ?, ?, ?)
14:19:10,204 DEBUG SQL:104 - 
    insert 
    into
        DataPoint
        (xval, yval, description, id) 
    values
        (?, ?, ?, ?)
14:19:10,204 DEBUG SQL:104 - 
    insert 
    into
        DataPoint
        (xval, yval, description, id) 
    values
        (?, ?, ?, ?)
14:19:10,205 DEBUG SQL:104 - 
    insert 
    into
        DataPoint
        (xval, yval, description, id) 
    values
        (?, ?, ?, ?)
14:19:10,205 DEBUG SQL:104 - 
    insert 
    into
        DataPoint
        (xval, yval, description, id) 
    values
        (?, ?, ?, ?)
14:19:10,205 DEBUG SQL:104 - 
    insert 
    into
        DataPoint
        (xval, yval, description, id) 
    values
        (?, ?, ?, ?)
14:19:10,215 DEBUG SQL:104 - 
    insert 
    into
        DataPoint
        (xval, yval, description, id) 
    values
        (?, ?, ?, ?)
14:19:10,215 DEBUG SQL:104 - 
    insert 
    into
        DataPoint
        (xval, yval, description, id) 
    values
        (?, ?, ?, ?)
14:19:10,216 DEBUG SQL:104 - 
    insert 
    into
        DataPoint
        (xval, yval, description, id) 
    values
        (?, ?, ?, ?)
14:19:10,216 DEBUG SQL:104 - 
    insert 
    into
        DataPoint
        (xval, yval, description, id) 
    values
        (?, ?, ?, ?)
14:19:10,226 DEBUG SQL:104 - 
    insert 
    into
        DataPoint
        (xval, yval, description, id) 
    values
        (?, ?, ?, ?)
14:19:10,226 DEBUG SQL:104 - 
    insert 
    into
        DataPoint
        (xval, yval, description, id) 
    values
        (?, ?, ?, ?)
14:19:10,227 DEBUG SQL:104 - 
    insert 
    into
        DataPoint
        (xval, yval, description, id) 
    values
        (?, ?, ?, ?)
14:19:10,227 DEBUG SQL:104 - 
    insert 
    into
        DataPoint
        (xval, yval, description, id) 
    values
        (?, ?, ?, ?)
14:19:10,236 DEBUG SQL:104 - 
    insert 
    into
        DataPoint
        (xval, yval, description, id) 
    values
        (?, ?, ?, ?)
14:19:10,237 DEBUG SQL:104 - 
    insert 
    into
        DataPoint
        (xval, yval, description, id) 
    values
        (?, ?, ?, ?)
14:19:10,237 DEBUG SQL:104 - 
    insert 
    into
        DataPoint
        (xval, yval, description, id) 
    values
        (?, ?, ?, ?)
14:19:10,237 DEBUG SQL:104 - 
    insert 
    into
        DataPoint
        (xval, yval, description, id) 
    values
        (?, ?, ?, ?)
14:19:10,237 DEBUG SQL:104 - 
    insert 
    into
        DataPoint
        (xval, yval, description, id) 
    values
        (?, ?, ?, ?)
14:19:10,248 DEBUG SQL:104 - 
    insert 
    into
        DataPoint
        (xval, yval, description, id) 
    values
        (?, ?, ?, ?)
14:19:10,248 DEBUG SQL:104 - 
    insert 
    into
        DataPoint
        (xval, yval, description, id) 
    values
        (?, ?, ?, ?)
14:19:10,249 DEBUG SQL:104 - 
    insert 
    into
        DataPoint
        (xval, yval, description, id) 
    values
        (?, ?, ?, ?)
14:19:10,249 DEBUG SQL:104 - 
    insert 
    into
        DataPoint
        (xval, yval, description, id) 
    values
        (?, ?, ?, ?)
14:19:10,259 DEBUG SQL:104 - 
    insert 
    into
        DataPoint
        (xval, yval, description, id) 
    values
        (?, ?, ?, ?)
14:19:10,259 DEBUG SQL:104 - 
    insert 
    into
        DataPoint
        (xval, yval, description, id) 
    values
        (?, ?, ?, ?)
14:19:10,260 DEBUG SQL:104 - 
    insert 
    into
        DataPoint
        (xval, yval, description, id) 
    values
        (?, ?, ?, ?)
14:19:10,260 DEBUG SQL:104 - 
    insert 
    into
        DataPoint
        (xval, yval, description, id) 
    values
        (?, ?, ?, ?)
14:19:10,261 DEBUG SQL:104 - 
    insert 
    into
        DataPoint
        (xval, yval, description, id) 
    values
        (?, ?, ?, ?)
14:19:10,261 DEBUG SQL:104 - 
    insert 
    into
        DataPoint
        (xval, yval, description, id) 
    values
        (?, ?, ?, ?)
14:19:10,262 DEBUG SQL:104 - 
    insert 
    into
        DataPoint
        (xval, yval, description, id) 
    values
        (?, ?, ?, ?)
14:19:10,262 DEBUG SQL:104 - 
    insert 
    into
        DataPoint
        (xval, yval, description, id) 
    values
        (?, ?, ?, ?)
14:19:10,262 DEBUG SQL:104 - 
    insert 
    into
        DataPoint
        (xval, yval, description, id) 
    values
        (?, ?, ?, ?)
14:19:10,284 DEBUG SQL:104 - 
    insert 
    into
        DataPoint
        (xval, yval, description, id) 
    values
        (?, ?, ?, ?)
14:19:10,284 DEBUG SQL:104 - 
    insert 
    into
        DataPoint
        (xval, yval, description, id) 
    values
        (?, ?, ?, ?)
14:19:10,284 DEBUG SQL:104 - 
    insert 
    into
        DataPoint
        (xval, yval, description, id) 
    values
        (?, ?, ?, ?)
14:19:10,285 DEBUG SQL:104 - 
    insert 
    into
        DataPoint
        (xval, yval, description, id) 
    values
        (?, ?, ?, ?)
14:19:10,285 DEBUG SQL:104 - 
    insert 
    into
        DataPoint
        (xval, yval, description, id) 
    values
        (?, ?, ?, ?)
14:19:10,286 DEBUG SQL:104 - 
    insert 
    into
        DataPoint
        (xval, yval, description, id) 
    values
        (?, ?, ?, ?)
14:19:10,286 DEBUG SQL:104 - 
    insert 
    into
        DataPoint
        (xval, yval, description, id) 
    values
        (?, ?, ?, ?)
14:19:10,286 DEBUG SQL:104 - 
    insert 
    into
        DataPoint
        (xval, yval, description, id) 
    values
        (?, ?, ?, ?)
14:19:10,286 DEBUG SQL:104 - 
    insert 
    into
        DataPoint
        (xval, yval, description, id) 
    values
        (?, ?, ?, ?)
14:19:10,287 DEBUG SQL:104 - 
    insert 
    into
        DataPoint
        (xval, yval, description, id) 
    values
        (?, ?, ?, ?)
14:19:10,287 DEBUG SQL:104 - 
    insert 
    into
        DataPoint
        (xval, yval, description, id) 
    values
        (?, ?, ?, ?)
14:19:10,309 DEBUG SQL:104 - 
    insert 
    into
        DataPoint
        (xval, yval, description, id) 
    values
        (?, ?, ?, ?)
14:19:10,310 DEBUG SQL:104 - 
    insert 
    into
        DataPoint
        (xval, yval, description, id) 
    values
        (?, ?, ?, ?)
14:19:10,310 DEBUG SQL:104 - 
    insert 
    into
        DataPoint
        (xval, yval, description, id) 
    values
        (?, ?, ?, ?)
14:19:10,310 DEBUG SQL:104 - 
    insert 
    into
        DataPoint
        (xval, yval, description, id) 
    values
        (?, ?, ?, ?)
14:19:10,319 DEBUG SQL:104 - 
    insert 
    into
        DataPoint
        (xval, yval, description, id) 
    values
        (?, ?, ?, ?)
14:19:10,320 DEBUG SQL:104 - 
    insert 
    into
        DataPoint
        (xval, yval, description, id) 
    values
        (?, ?, ?, ?)
14:19:10,320 DEBUG SQL:104 - 
    insert 
    into
        DataPoint
        (xval, yval, description, id) 
    values
        (?, ?, ?, ?)
14:19:10,320 DEBUG SQL:104 - 
    insert 
    into
        DataPoint
        (xval, yval, description, id) 
    values
        (?, ?, ?, ?)
14:19:10,331 DEBUG SQL:104 - 
    insert 
    into
        DataPoint
        (xval, yval, description, id) 
    values
        (?, ?, ?, ?)
14:19:10,331 DEBUG SQL:104 - 
    insert 
    into
        DataPoint
        (xval, yval, description, id) 
    values
        (?, ?, ?, ?)
14:19:10,331 DEBUG SQL:104 - 
    insert 
    into
        DataPoint
        (xval, yval, description, id) 
    values
        (?, ?, ?, ?)
14:19:10,332 DEBUG SQL:104 - 
    insert 
    into
        DataPoint
        (xval, yval, description, id) 
    values
        (?, ?, ?, ?)
14:19:10,332 DEBUG SQL:104 - 
    insert 
    into
        DataPoint
        (xval, yval, description, id) 
    values
        (?, ?, ?, ?)
14:19:10,341 DEBUG SQL:104 - 
    insert 
    into
        DataPoint
        (xval, yval, description, id) 
    values
        (?, ?, ?, ?)
14:19:10,342 DEBUG SQL:104 - 
    insert 
    into
        DataPoint
        (xval, yval, description, id) 
    values
        (?, ?, ?, ?)
14:19:10,342 DEBUG SQL:104 - 
    insert 
    into
        DataPoint
        (xval, yval, description, id) 
    values
        (?, ?, ?, ?)
14:19:10,343 DEBUG SQL:104 - 
    select
        datapoint0_.id as id1_,
        datapoint0_.xval as xval1_,
        datapoint0_.yval as yval1_,
        datapoint0_.description as descript4_1_ 
    from
        DataPoint datapoint0_ 
    order by
        datapoint0_.xval asc
14:19:10,353 DEBUG SQL:104 - 
    select
        datapoint0_.id as id1_0_,
        datapoint0_.xval as xval1_0_,
        datapoint0_.yval as yval1_0_,
        datapoint0_.description as descript4_1_0_ 
    from
        DataPoint datapoint0_ 
    where
        datapoint0_.id=?
14:19:10,356 DEBUG SQL:104 - 
    update
        DataPoint 
    set
        description=? 
    where
        id=?
14:19:10,356 DEBUG SQL:104 - 
    update
        DataPoint 
    set
        description=? 
    where
        id=?
14:19:10,364 DEBUG SQL:104 - 
    select
        datapoint0_.id as id1_,
        datapoint0_.xval as xval1_,
        datapoint0_.yval as yval1_,
        datapoint0_.description as descript4_1_ 
    from
        DataPoint datapoint0_ 
    where
        datapoint0_.description='done!'
14:19:10,364 DEBUG SQL:104 - 
    delete 
    from
        DataPoint
14:19:10,367  INFO CustomRunner:139 - Test: testReadOnlyDelete
14:19:10,368 DEBUG SQL:104 - 
    insert 
    into
        DataPoint
        (xval, yval, description, id) 
    values
        (?, ?, ?, ?)
14:19:10,368 DEBUG SQL:104 - 
    select
        datapoint0_.id as id1_0_,
        datapoint0_.xval as xval1_0_,
        datapoint0_.yval as yval1_0_,
        datapoint0_.description as descript4_1_0_ 
    from
        DataPoint datapoint0_ 
    where
        datapoint0_.id=?
14:19:10,376 DEBUG SQL:104 - 
    delete 
    from
        DataPoint 
    where
        id=?
14:19:10,376 DEBUG QueryTranslatorImpl:265 - parse() - HQL: from org.hibernate.test.readonly.DataPoint where id=903
14:19:10,377 DEBUG QueryTranslatorImpl:283 - --- HQL AST ---
 \-[QUERY] Node: 'query'
    +-[SELECT_FROM] Node: 'SELECT_FROM'
    |  \-[FROM] Node: 'from'
    |     \-[RANGE] Node: 'RANGE'
    |        \-[DOT] Node: '.'
    |           +-[DOT] Node: '.'
    |           |  +-[DOT] Node: '.'
    |           |  |  +-[DOT] Node: '.'
    |           |  |  |  +-[IDENT] Node: 'org'
    |           |  |  |  \-[IDENT] Node: 'hibernate'
    |           |  |  \-[IDENT] Node: 'test'
    |           |  \-[IDENT] Node: 'readonly'
    |           \-[IDENT] Node: 'DataPoint'
    \-[WHERE] Node: 'where'
       \-[EQ] Node: '='
          +-[IDENT] Node: 'id'
          \-[NUM_INT] Node: '903'

14:19:10,377 DEBUG ErrorCounter:82 - throwQueryException() : no errors
14:19:10,385 DEBUG FromElement:157 - FromClause{level=1} : org.hibernate.test.readonly.DataPoint (<no alias>) -> datapoint0_
14:19:10,385 DEBUG FromReferenceNode:74 - Resolved : {synthetic-alias} -> {synthetic-alias}
14:19:10,385 DEBUG DotNode:599 - getDataType() : id -> org.hibernate.type.LongType@4bf3f9d
14:19:10,386 DEBUG FromReferenceNode:74 - Resolved : {synthetic-alias}.id -> datapoint0_.id
14:19:10,386 DEBUG HqlSqlWalker:629 - processQuery() :  ( SELECT ( FromClause{level=1} DataPoint datapoint0_ ) ( where ( = ( datapoint0_.id {synthetic-alias} id ) 903 ) ) )
14:19:10,386 DEBUG HqlSqlWalker:869 - Derived SELECT clause created.
14:19:10,386 DEBUG JoinProcessor:175 - Using FROM fragment [DataPoint datapoint0_]
14:19:10,386 DEBUG QueryTranslatorImpl:252 - --- SQL AST ---
 \-[SELECT] QueryNode: 'SELECT'  querySpaces (DataPoint)
    +-[SELECT_CLAUSE] SelectClause: '{derived select clause}'
    |  +-[SELECT_EXPR] SelectExpressionImpl: 'datapoint0_.id as id1_' {FromElement{explicit,not a collection join,not a fetch join,fetch non-lazy properties,classAlias=null,role=null,tableName=DataPoint,tableAlias=datapoint0_,origin=null,columns={,className=org.hibernate.test.readonly.DataPoint}}}
    |  \-[SQL_TOKEN] SqlFragment: 'datapoint0_.xval as xval1_, datapoint0_.yval as yval1_, datapoint0_.description as descript4_1_'
    +-[FROM] FromClause: 'from' FromClause{level=1, fromElementCounter=1, fromElements=1, fromElementByClassAlias=[], fromElementByTableAlias=[datapoint0_], fromElementsByPath=[], collectionJoinFromElementsByPath=[], impliedElements=[]}
    |  \-[FROM_FRAGMENT] FromElement: 'DataPoint datapoint0_' FromElement{explicit,not a collection join,not a fetch join,fetch non-lazy properties,classAlias=null,role=null,tableName=DataPoint,tableAlias=datapoint0_,origin=null,columns={,className=org.hibernate.test.readonly.DataPoint}}
    \-[WHERE] SqlNode: 'where'
       \-[EQ] BinaryLogicOperatorNode: '='
          +-[DOT] DotNode: 'datapoint0_.id' {propertyName=id,dereferenceType=ALL,propertyPath=id,path={synthetic-alias}.id,tableAlias=datapoint0_,className=org.hibernate.test.readonly.DataPoint,classAlias=null}
          |  +-[IDENT] IdentNode: '{synthetic-alias}' {originalText={synthetic-alias}}
          |  \-[IDENT] IdentNode: 'id' {originalText=id}
          \-[NUM_INT] LiteralNode: '903'

14:19:10,386 DEBUG ErrorCounter:82 - throwQueryException() : no errors
14:19:10,387 DEBUG QueryTranslatorImpl:235 - HQL: from org.hibernate.test.readonly.DataPoint where id=903
14:19:10,387 DEBUG QueryTranslatorImpl:236 - SQL: select datapoint0_.id as id1_, datapoint0_.xval as xval1_, datapoint0_.yval as yval1_, datapoint0_.description as descript4_1_ from DataPoint datapoint0_ where datapoint0_.id=903
14:19:10,387 DEBUG ErrorCounter:82 - throwQueryException() : no errors
14:19:10,387 DEBUG SQL:104 - 
    select
        datapoint0_.id as id1_,
        datapoint0_.xval as xval1_,
        datapoint0_.yval as yval1_,
        datapoint0_.description as descript4_1_ 
    from
        DataPoint datapoint0_ 
    where
        datapoint0_.id=903
14:19:10,388  INFO CustomRunner:139 - Test: testReadOnlyGetModifyAndDelete
14:19:10,389 DEBUG SQL:104 - 
    insert 
    into
        DataPoint
        (xval, yval, description, id) 
    values
        (?, ?, ?, ?)
14:19:10,389 DEBUG SQL:104 - 
    select
        datapoint0_.id as id1_0_,
        datapoint0_.xval as xval1_0_,
        datapoint0_.yval as yval1_0_,
        datapoint0_.description as descript4_1_0_ 
    from
        DataPoint datapoint0_ 
    where
        datapoint0_.id=?
14:19:10,390 DEBUG SQL:104 - 
    delete 
    from
        DataPoint 
    where
        id=?
14:19:10,400 DEBUG QueryTranslatorImpl:265 - parse() - HQL: from org.hibernate.test.readonly.DataPoint where id=904
14:19:10,401 DEBUG QueryTranslatorImpl:283 - --- HQL AST ---
 \-[QUERY] Node: 'query'
    +-[SELECT_FROM] Node: 'SELECT_FROM'
    |  \-[FROM] Node: 'from'
    |     \-[RANGE] Node: 'RANGE'
    |        \-[DOT] Node: '.'
    |           +-[DOT] Node: '.'
    |           |  +-[DOT] Node: '.'
    |           |  |  +-[DOT] Node: '.'
    |           |  |  |  +-[IDENT] Node: 'org'
    |           |  |  |  \-[IDENT] Node: 'hibernate'
    |           |  |  \-[IDENT] Node: 'test'
    |           |  \-[IDENT] Node: 'readonly'
    |           \-[IDENT] Node: 'DataPoint'
    \-[WHERE] Node: 'where'
       \-[EQ] Node: '='
          +-[IDENT] Node: 'id'
          \-[NUM_INT] Node: '904'

14:19:10,401 DEBUG ErrorCounter:82 - throwQueryException() : no errors
14:19:10,401 DEBUG FromElement:157 - FromClause{level=1} : org.hibernate.test.readonly.DataPoint (<no alias>) -> datapoint0_
14:19:10,401 DEBUG FromReferenceNode:74 - Resolved : {synthetic-alias} -> {synthetic-alias}
14:19:10,401 DEBUG DotNode:599 - getDataType() : id -> org.hibernate.type.LongType@4bf3f9d
14:19:10,402 DEBUG FromReferenceNode:74 - Resolved : {synthetic-alias}.id -> datapoint0_.id
14:19:10,402 DEBUG HqlSqlWalker:629 - processQuery() :  ( SELECT ( FromClause{level=1} DataPoint datapoint0_ ) ( where ( = ( datapoint0_.id {synthetic-alias} id ) 904 ) ) )
14:19:10,402 DEBUG HqlSqlWalker:869 - Derived SELECT clause created.
14:19:10,402 DEBUG JoinProcessor:175 - Using FROM fragment [DataPoint datapoint0_]
14:19:10,402 DEBUG QueryTranslatorImpl:252 - --- SQL AST ---
 \-[SELECT] QueryNode: 'SELECT'  querySpaces (DataPoint)
    +-[SELECT_CLAUSE] SelectClause: '{derived select clause}'
    |  +-[SELECT_EXPR] SelectExpressionImpl: 'datapoint0_.id as id1_' {FromElement{explicit,not a collection join,not a fetch join,fetch non-lazy properties,classAlias=null,role=null,tableName=DataPoint,tableAlias=datapoint0_,origin=null,columns={,className=org.hibernate.test.readonly.DataPoint}}}
    |  \-[SQL_TOKEN] SqlFragment: 'datapoint0_.xval as xval1_, datapoint0_.yval as yval1_, datapoint0_.description as descript4_1_'
    +-[FROM] FromClause: 'from' FromClause{level=1, fromElementCounter=1, fromElements=1, fromElementByClassAlias=[], fromElementByTableAlias=[datapoint0_], fromElementsByPath=[], collectionJoinFromElementsByPath=[], impliedElements=[]}
    |  \-[FROM_FRAGMENT] FromElement: 'DataPoint datapoint0_' FromElement{explicit,not a collection join,not a fetch join,fetch non-lazy properties,classAlias=null,role=null,tableName=DataPoint,tableAlias=datapoint0_,origin=null,columns={,className=org.hibernate.test.readonly.DataPoint}}
    \-[WHERE] SqlNode: 'where'
       \-[EQ] BinaryLogicOperatorNode: '='
          +-[DOT] DotNode: 'datapoint0_.id' {propertyName=id,dereferenceType=ALL,propertyPath=id,path={synthetic-alias}.id,tableAlias=datapoint0_,className=org.hibernate.test.readonly.DataPoint,classAlias=null}
          |  +-[IDENT] IdentNode: '{synthetic-alias}' {originalText={synthetic-alias}}
          |  \-[IDENT] IdentNode: 'id' {originalText=id}
          \-[NUM_INT] LiteralNode: '904'

14:19:10,410 DEBUG ErrorCounter:82 - throwQueryException() : no errors
14:19:10,410 DEBUG QueryTranslatorImpl:235 - HQL: from org.hibernate.test.readonly.DataPoint where id=904
14:19:10,410 DEBUG QueryTranslatorImpl:236 - SQL: select datapoint0_.id as id1_, datapoint0_.xval as xval1_, datapoint0_.yval as yval1_, datapoint0_.description as descript4_1_ from DataPoint datapoint0_ where datapoint0_.id=904
14:19:10,410 DEBUG ErrorCounter:82 - throwQueryException() : no errors
14:19:10,411 DEBUG SQL:104 - 
    select
        datapoint0_.id as id1_,
        datapoint0_.xval as xval1_,
        datapoint0_.yval as yval1_,
        datapoint0_.description as descript4_1_ 
    from
        DataPoint datapoint0_ 
    where
        datapoint0_.id=904
14:19:10,411  INFO CustomRunner:139 - Test: testReadOnlyModeWithExistingModifiableEntity
14:19:10,415 DEBUG SQL:104 - 
    insert 
    into
        DataPoint
        (xval, yval, description, id) 
    values
        (?, ?, ?, ?)
14:19:10,416 DEBUG SQL:104 - 
    insert 
    into
        DataPoint
        (xval, yval, description, id) 
    values
        (?, ?, ?, ?)
14:19:10,416 DEBUG SQL:104 - 
    insert 
    into
        DataPoint
        (xval, yval, description, id) 
    values
        (?, ?, ?, ?)
14:19:10,433 DEBUG SQL:104 - 
    insert 
    into
        DataPoint
        (xval, yval, description, id) 
    values
        (?, ?, ?, ?)
14:19:10,433 DEBUG SQL:104 - 
    insert 
    into
        DataPoint
        (xval, yval, description, id) 
    values
        (?, ?, ?, ?)
14:19:10,433 DEBUG SQL:104 - 
    insert 
    into
        DataPoint
        (xval, yval, description, id) 
    values
        (?, ?, ?, ?)
14:19:10,433 DEBUG SQL:104 - 
    insert 
    into
        DataPoint
        (xval, yval, description, id) 
    values
        (?, ?, ?, ?)
14:19:10,442 DEBUG SQL:104 - 
    insert 
    into
        DataPoint
        (xval, yval, description, id) 
    values
        (?, ?, ?, ?)
14:19:10,442 DEBUG SQL:104 - 
    insert 
    into
        DataPoint
        (xval, yval, description, id) 
    values
        (?, ?, ?, ?)
14:19:10,443 DEBUG SQL:104 - 
    insert 
    into
        DataPoint
        (xval, yval, description, id) 
    values
        (?, ?, ?, ?)
14:19:10,443 DEBUG SQL:104 - 
    insert 
    into
        DataPoint
        (xval, yval, description, id) 
    values
        (?, ?, ?, ?)
14:19:10,443 DEBUG SQL:104 - 
    insert 
    into
        DataPoint
        (xval, yval, description, id) 
    values
        (?, ?, ?, ?)
14:19:10,443 DEBUG SQL:104 - 
    insert 
    into
        DataPoint
        (xval, yval, description, id) 
    values
        (?, ?, ?, ?)
14:19:10,443 DEBUG SQL:104 - 
    insert 
    into
        DataPoint
        (xval, yval, description, id) 
    values
        (?, ?, ?, ?)
14:19:10,444 DEBUG SQL:104 - 
    insert 
    into
        DataPoint
        (xval, yval, description, id) 
    values
        (?, ?, ?, ?)
14:19:10,444 DEBUG SQL:104 - 
    insert 
    into
        DataPoint
        (xval, yval, description, id) 
    values
        (?, ?, ?, ?)
14:19:10,444 DEBUG SQL:104 - 
    insert 
    into
        DataPoint
        (xval, yval, description, id) 
    values
        (?, ?, ?, ?)
14:19:10,444 DEBUG SQL:104 - 
    insert 
    into
        DataPoint
        (xval, yval, description, id) 
    values
        (?, ?, ?, ?)
14:19:10,466 DEBUG SQL:104 - 
    insert 
    into
        DataPoint
        (xval, yval, description, id) 
    values
        (?, ?, ?, ?)
14:19:10,467 DEBUG SQL:104 - 
    insert 
    into
        DataPoint
        (xval, yval, description, id) 
    values
        (?, ?, ?, ?)
14:19:10,467 DEBUG SQL:104 - 
    insert 
    into
        DataPoint
        (xval, yval, description, id) 
    values
        (?, ?, ?, ?)
14:19:10,467 DEBUG SQL:104 - 
    insert 
    into
        DataPoint
        (xval, yval, description, id) 
    values
        (?, ?, ?, ?)
14:19:10,476 DEBUG SQL:104 - 
    insert 
    into
        DataPoint
        (xval, yval, description, id) 
    values
        (?, ?, ?, ?)
14:19:10,476 DEBUG SQL:104 - 
    insert 
    into
        DataPoint
        (xval, yval, description, id) 
    values
        (?, ?, ?, ?)
14:19:10,477 DEBUG SQL:104 - 
    insert 
    into
        DataPoint
        (xval, yval, description, id) 
    values
        (?, ?, ?, ?)
14:19:10,477 DEBUG SQL:104 - 
    insert 
    into
        DataPoint
        (xval, yval, description, id) 
    values
        (?, ?, ?, ?)
14:19:10,477 DEBUG SQL:104 - 
    insert 
    into
        DataPoint
        (xval, yval, description, id) 
    values
        (?, ?, ?, ?)
14:19:10,487 DEBUG SQL:104 - 
    insert 
    into
        DataPoint
        (xval, yval, description, id) 
    values
        (?, ?, ?, ?)
14:19:10,487 DEBUG SQL:104 - 
    insert 
    into
        DataPoint
        (xval, yval, description, id) 
    values
        (?, ?, ?, ?)
14:19:10,488 DEBUG SQL:104 - 
    insert 
    into
        DataPoint
        (xval, yval, description, id) 
    values
        (?, ?, ?, ?)
14:19:10,488 DEBUG SQL:104 - 
    insert 
    into
        DataPoint
        (xval, yval, description, id) 
    values
        (?, ?, ?, ?)
14:19:10,502 DEBUG SQL:104 - 
    insert 
    into
        DataPoint
        (xval, yval, description, id) 
    values
        (?, ?, ?, ?)
14:19:10,503 DEBUG SQL:104 - 
    insert 
    into
        DataPoint
        (xval, yval, description, id) 
    values
        (?, ?, ?, ?)
14:19:10,503 DEBUG SQL:104 - 
    insert 
    into
        DataPoint
        (xval, yval, description, id) 
    values
        (?, ?, ?, ?)
14:19:10,503 DEBUG SQL:104 - 
    insert 
    into
        DataPoint
        (xval, yval, description, id) 
    values
        (?, ?, ?, ?)
14:19:10,511 DEBUG SQL:104 - 
    insert 
    into
        DataPoint
        (xval, yval, description, id) 
    values
        (?, ?, ?, ?)
14:19:10,512 DEBUG SQL:104 - 
    insert 
    into
        DataPoint
        (xval, yval, description, id) 
    values
        (?, ?, ?, ?)
14:19:10,512 DEBUG SQL:104 - 
    insert 
    into
        DataPoint
        (xval, yval, description, id) 
    values
        (?, ?, ?, ?)
14:19:10,512 DEBUG SQL:104 - 
    insert 
    into
        DataPoint
        (xval, yval, description, id) 
    values
        (?, ?, ?, ?)
14:19:10,512 DEBUG SQL:104 - 
    insert 
    into
        DataPoint
        (xval, yval, description, id) 
    values
        (?, ?, ?, ?)
14:19:10,512 DEBUG SQL:104 - 
    insert 
    into
        DataPoint
        (xval, yval, description, id) 
    values
        (?, ?, ?, ?)
14:19:10,513 DEBUG SQL:104 - 
    insert 
    into
        DataPoint
        (xval, yval, description, id) 
    values
        (?, ?, ?, ?)
14:19:10,513 DEBUG SQL:104 - 
    insert 
    into
        DataPoint
        (xval, yval, description, id) 
    values
        (?, ?, ?, ?)
14:19:10,513 DEBUG SQL:104 - 
    insert 
    into
        DataPoint
        (xval, yval, description, id) 
    values
        (?, ?, ?, ?)
14:19:10,525 DEBUG SQL:104 - 
    insert 
    into
        DataPoint
        (xval, yval, description, id) 
    values
        (?, ?, ?, ?)
14:19:10,525 DEBUG SQL:104 - 
    insert 
    into
        DataPoint
        (xval, yval, description, id) 
    values
        (?, ?, ?, ?)
14:19:10,525 DEBUG SQL:104 - 
    insert 
    into
        DataPoint
        (xval, yval, description, id) 
    values
        (?, ?, ?, ?)
14:19:10,526 DEBUG SQL:104 - 
    insert 
    into
        DataPoint
        (xval, yval, description, id) 
    values
        (?, ?, ?, ?)
14:19:10,537 DEBUG SQL:104 - 
    insert 
    into
        DataPoint
        (xval, yval, description, id) 
    values
        (?, ?, ?, ?)
14:19:10,537 DEBUG SQL:104 - 
    insert 
    into
        DataPoint
        (xval, yval, description, id) 
    values
        (?, ?, ?, ?)
14:19:10,538 DEBUG SQL:104 - 
    insert 
    into
        DataPoint
        (xval, yval, description, id) 
    values
        (?, ?, ?, ?)
14:19:10,538 DEBUG SQL:104 - 
    insert 
    into
        DataPoint
        (xval, yval, description, id) 
    values
        (?, ?, ?, ?)
14:19:10,538 DEBUG SQL:104 - 
    insert 
    into
        DataPoint
        (xval, yval, description, id) 
    values
        (?, ?, ?, ?)
14:19:10,538 DEBUG SQL:104 - 
    insert 
    into
        DataPoint
        (xval, yval, description, id) 
    values
        (?, ?, ?, ?)
14:19:10,538 DEBUG SQL:104 - 
    insert 
    into
        DataPoint
        (xval, yval, description, id) 
    values
        (?, ?, ?, ?)
14:19:10,560 DEBUG SQL:104 - 
    insert 
    into
        DataPoint
        (xval, yval, description, id) 
    values
        (?, ?, ?, ?)
14:19:10,561 DEBUG SQL:104 - 
    insert 
    into
        DataPoint
        (xval, yval, description, id) 
    values
        (?, ?, ?, ?)
14:19:10,561 DEBUG SQL:104 - 
    insert 
    into
        DataPoint
        (xval, yval, description, id) 
    values
        (?, ?, ?, ?)
14:19:10,561 DEBUG SQL:104 - 
    insert 
    into
        DataPoint
        (xval, yval, description, id) 
    values
        (?, ?, ?, ?)
14:19:10,571 DEBUG SQL:104 - 
    insert 
    into
        DataPoint
        (xval, yval, description, id) 
    values
        (?, ?, ?, ?)
14:19:10,571 DEBUG SQL:104 - 
    insert 
    into
        DataPoint
        (xval, yval, description, id) 
    values
        (?, ?, ?, ?)
14:19:10,572 DEBUG SQL:104 - 
    insert 
    into
        DataPoint
        (xval, yval, description, id) 
    values
        (?, ?, ?, ?)
14:19:10,572 DEBUG SQL:104 - 
    insert 
    into
        DataPoint
        (xval, yval, description, id) 
    values
        (?, ?, ?, ?)
14:19:10,572 DEBUG SQL:104 - 
    insert 
    into
        DataPoint
        (xval, yval, description, id) 
    values
        (?, ?, ?, ?)
14:19:10,583 DEBUG SQL:104 - 
    insert 
    into
        DataPoint
        (xval, yval, description, id) 
    values
        (?, ?, ?, ?)
14:19:10,583 DEBUG SQL:104 - 
    insert 
    into
        DataPoint
        (xval, yval, description, id) 
    values
        (?, ?, ?, ?)
14:19:10,583 DEBUG SQL:104 - 
    insert 
    into
        DataPoint
        (xval, yval, description, id) 
    values
        (?, ?, ?, ?)
14:19:10,583 DEBUG SQL:104 - 
    insert 
    into
        DataPoint
        (xval, yval, description, id) 
    values
        (?, ?, ?, ?)
14:19:10,597 DEBUG SQL:104 - 
    insert 
    into
        DataPoint
        (xval, yval, description, id) 
    values
        (?, ?, ?, ?)
14:19:10,598 DEBUG SQL:104 - 
    insert 
    into
        DataPoint
        (xval, yval, description, id) 
    values
        (?, ?, ?, ?)
14:19:10,598 DEBUG SQL:104 - 
    insert 
    into
        DataPoint
        (xval, yval, description, id) 
    values
        (?, ?, ?, ?)
14:19:10,598 DEBUG SQL:104 - 
    insert 
    into
        DataPoint
        (xval, yval, description, id) 
    values
        (?, ?, ?, ?)
14:19:10,607 DEBUG SQL:104 - 
    insert 
    into
        DataPoint
        (xval, yval, description, id) 
    values
        (?, ?, ?, ?)
14:19:10,607 DEBUG SQL:104 - 
    insert 
    into
        DataPoint
        (xval, yval, description, id) 
    values
        (?, ?, ?, ?)
14:19:10,608 DEBUG SQL:104 - 
    insert 
    into
        DataPoint
        (xval, yval, description, id) 
    values
        (?, ?, ?, ?)
14:19:10,608 DEBUG SQL:104 - 
    insert 
    into
        DataPoint
        (xval, yval, description, id) 
    values
        (?, ?, ?, ?)
14:19:10,608 DEBUG SQL:104 - 
    insert 
    into
        DataPoint
        (xval, yval, description, id) 
    values
        (?, ?, ?, ?)
14:19:10,618 DEBUG SQL:104 - 
    insert 
    into
        DataPoint
        (xval, yval, description, id) 
    values
        (?, ?, ?, ?)
14:19:10,618 DEBUG SQL:104 - 
    insert 
    into
        DataPoint
        (xval, yval, description, id) 
    values
        (?, ?, ?, ?)
14:19:10,618 DEBUG SQL:104 - 
    insert 
    into
        DataPoint
        (xval, yval, description, id) 
    values
        (?, ?, ?, ?)
14:19:10,618 DEBUG SQL:104 - 
    insert 
    into
        DataPoint
        (xval, yval, description, id) 
    values
        (?, ?, ?, ?)
14:19:10,629 DEBUG SQL:104 - 
    insert 
    into
        DataPoint
        (xval, yval, description, id) 
    values
        (?, ?, ?, ?)
14:19:10,629 DEBUG SQL:104 - 
    insert 
    into
        DataPoint
        (xval, yval, description, id) 
    values
        (?, ?, ?, ?)
14:19:10,629 DEBUG SQL:104 - 
    insert 
    into
        DataPoint
        (xval, yval, description, id) 
    values
        (?, ?, ?, ?)
14:19:10,629 DEBUG SQL:104 - 
    insert 
    into
        DataPoint
        (xval, yval, description, id) 
    values
        (?, ?, ?, ?)
14:19:10,640 DEBUG SQL:104 - 
    insert 
    into
        DataPoint
        (xval, yval, description, id) 
    values
        (?, ?, ?, ?)
14:19:10,640 DEBUG SQL:104 - 
    insert 
    into
        DataPoint
        (xval, yval, description, id) 
    values
        (?, ?, ?, ?)
14:19:10,640 DEBUG SQL:104 - 
    insert 
    into
        DataPoint
        (xval, yval, description, id) 
    values
        (?, ?, ?, ?)
14:19:10,640 DEBUG SQL:104 - 
    insert 
    into
        DataPoint
        (xval, yval, description, id) 
    values
        (?, ?, ?, ?)
14:19:10,641 DEBUG SQL:104 - 
    insert 
    into
        DataPoint
        (xval, yval, description, id) 
    values
        (?, ?, ?, ?)
14:19:10,641 DEBUG SQL:104 - 
    insert 
    into
        DataPoint
        (xval, yval, description, id) 
    values
        (?, ?, ?, ?)
14:19:10,641 DEBUG SQL:104 - 
    insert 
    into
        DataPoint
        (xval, yval, description, id) 
    values
        (?, ?, ?, ?)
14:19:10,641 DEBUG SQL:104 - 
    insert 
    into
        DataPoint
        (xval, yval, description, id) 
    values
        (?, ?, ?, ?)
14:19:10,641 DEBUG SQL:104 - 
    insert 
    into
        DataPoint
        (xval, yval, description, id) 
    values
        (?, ?, ?, ?)
14:19:10,652 DEBUG SQL:104 - 
    insert 
    into
        DataPoint
        (xval, yval, description, id) 
    values
        (?, ?, ?, ?)
14:19:10,652 DEBUG SQL:104 - 
    insert 
    into
        DataPoint
        (xval, yval, description, id) 
    values
        (?, ?, ?, ?)
14:19:10,652 DEBUG SQL:104 - 
    insert 
    into
        DataPoint
        (xval, yval, description, id) 
    values
        (?, ?, ?, ?)
14:19:10,652 DEBUG SQL:104 - 
    insert 
    into
        DataPoint
        (xval, yval, description, id) 
    values
        (?, ?, ?, ?)
14:19:10,662 DEBUG SQL:104 - 
    insert 
    into
        DataPoint
        (xval, yval, description, id) 
    values
        (?, ?, ?, ?)
14:19:10,662 DEBUG SQL:104 - 
    insert 
    into
        DataPoint
        (xval, yval, description, id) 
    values
        (?, ?, ?, ?)
14:19:10,663 DEBUG SQL:104 - 
    select
        datapoint0_.id as id1_0_,
        datapoint0_.xval as xval1_0_,
        datapoint0_.yval as yval1_0_,
        datapoint0_.description as descript4_1_0_ 
    from
        DataPoint datapoint0_ 
    where
        datapoint0_.id=?
14:19:10,664 DEBUG SQL:104 - 
    select
        datapoint0_.id as id1_,
        datapoint0_.xval as xval1_,
        datapoint0_.yval as yval1_,
        datapoint0_.description as descript4_1_ 
    from
        DataPoint datapoint0_ 
    order by
        datapoint0_.xval asc
14:19:10,668 DEBUG SQL:104 - 
    update
        DataPoint 
    set
        description=? 
    where
        id=?
14:19:10,668 DEBUG SQL:104 - 
    update
        DataPoint 
    set
        description=? 
    where
        id=?
14:19:10,684 DEBUG SQL:104 - 
    select
        datapoint0_.id as id1_,
        datapoint0_.xval as xval1_,
        datapoint0_.yval as yval1_,
        datapoint0_.description as descript4_1_ 
    from
        DataPoint datapoint0_ 
    where
        datapoint0_.description='done!'
14:19:10,685 DEBUG SQL:104 - 
    delete 
    from
        DataPoint
14:19:10,687  INFO CustomRunner:139 - Test: testReadOnlyOnProxies
14:19:10,688 DEBUG SQL:104 - 
    insert 
    into
        DataPoint
        (xval, yval, description, id) 
    values
        (?, ?, ?, ?)
14:19:10,688 DEBUG SQL:104 - 
    select
        datapoint0_.id as id1_0_,
        datapoint0_.xval as xval1_0_,
        datapoint0_.yval as yval1_0_,
        datapoint0_.description as descript4_1_0_ 
    from
        DataPoint datapoint0_ 
    where
        datapoint0_.id=?
14:19:10,694 DEBUG QueryTranslatorImpl:265 - parse() - HQL: from org.hibernate.test.readonly.DataPoint where description = 'changed'
14:19:10,695 DEBUG QueryTranslatorImpl:283 - --- HQL AST ---
 \-[QUERY] Node: 'query'
    +-[SELECT_FROM] Node: 'SELECT_FROM'
    |  \-[FROM] Node: 'from'
    |     \-[RANGE] Node: 'RANGE'
    |        \-[DOT] Node: '.'
    |           +-[DOT] Node: '.'
    |           |  +-[DOT] Node: '.'
    |           |  |  +-[DOT] Node: '.'
    |           |  |  |  +-[IDENT] Node: 'org'
    |           |  |  |  \-[IDENT] Node: 'hibernate'
    |           |  |  \-[IDENT] Node: 'test'
    |           |  \-[IDENT] Node: 'readonly'
    |           \-[IDENT] Node: 'DataPoint'
    \-[WHERE] Node: 'where'
       \-[EQ] Node: '='
          +-[IDENT] Node: 'description'
          \-[QUOTED_STRING] Node: ''changed''

14:19:10,704 DEBUG ErrorCounter:82 - throwQueryException() : no errors
14:19:10,704 DEBUG FromElement:157 - FromClause{level=1} : org.hibernate.test.readonly.DataPoint (<no alias>) -> datapoint0_
14:19:10,704 DEBUG FromReferenceNode:74 - Resolved : {synthetic-alias} -> {synthetic-alias}
14:19:10,704 DEBUG DotNode:599 - getDataType() : description -> org.hibernate.type.StringType@2dc8de40
14:19:10,705 DEBUG FromReferenceNode:74 - Resolved : {synthetic-alias}.description -> datapoint0_.description
14:19:10,705 DEBUG HqlSqlWalker:629 - processQuery() :  ( SELECT ( FromClause{level=1} DataPoint datapoint0_ ) ( where ( = ( datapoint0_.description {synthetic-alias} description ) 'changed' ) ) )
14:19:10,705 DEBUG HqlSqlWalker:869 - Derived SELECT clause created.
14:19:10,705 DEBUG JoinProcessor:175 - Using FROM fragment [DataPoint datapoint0_]
14:19:10,705 DEBUG QueryTranslatorImpl:252 - --- SQL AST ---
 \-[SELECT] QueryNode: 'SELECT'  querySpaces (DataPoint)
    +-[SELECT_CLAUSE] SelectClause: '{derived select clause}'
    |  +-[SELECT_EXPR] SelectExpressionImpl: 'datapoint0_.id as id1_' {FromElement{explicit,not a collection join,not a fetch join,fetch non-lazy properties,classAlias=null,role=null,tableName=DataPoint,tableAlias=datapoint0_,origin=null,columns={,className=org.hibernate.test.readonly.DataPoint}}}
    |  \-[SQL_TOKEN] SqlFragment: 'datapoint0_.xval as xval1_, datapoint0_.yval as yval1_, datapoint0_.description as descript4_1_'
    +-[FROM] FromClause: 'from' FromClause{level=1, fromElementCounter=1, fromElements=1, fromElementByClassAlias=[], fromElementByTableAlias=[datapoint0_], fromElementsByPath=[], collectionJoinFromElementsByPath=[], impliedElements=[]}
    |  \-[FROM_FRAGMENT] FromElement: 'DataPoint datapoint0_' FromElement{explicit,not a collection join,not a fetch join,fetch non-lazy properties,classAlias=null,role=null,tableName=DataPoint,tableAlias=datapoint0_,origin=null,columns={,className=org.hibernate.test.readonly.DataPoint}}
    \-[WHERE] SqlNode: 'where'
       \-[EQ] BinaryLogicOperatorNode: '='
          +-[DOT] DotNode: 'datapoint0_.description' {propertyName=description,dereferenceType=ALL,propertyPath=description,path={synthetic-alias}.description,tableAlias=datapoint0_,className=org.hibernate.test.readonly.DataPoint,classAlias=null}
          |  +-[IDENT] IdentNode: '{synthetic-alias}' {originalText={synthetic-alias}}
          |  \-[IDENT] IdentNode: 'description' {originalText=description}
          \-[QUOTED_STRING] LiteralNode: ''changed''

14:19:10,705 DEBUG ErrorCounter:82 - throwQueryException() : no errors
14:19:10,705 DEBUG QueryTranslatorImpl:235 - HQL: from org.hibernate.test.readonly.DataPoint where description = 'changed'
14:19:10,706 DEBUG QueryTranslatorImpl:236 - SQL: select datapoint0_.id as id1_, datapoint0_.xval as xval1_, datapoint0_.yval as yval1_, datapoint0_.description as descript4_1_ from DataPoint datapoint0_ where datapoint0_.description='changed'
14:19:10,706 DEBUG ErrorCounter:82 - throwQueryException() : no errors
14:19:10,706 DEBUG SQL:104 - 
    select
        datapoint0_.id as id1_,
        datapoint0_.xval as xval1_,
        datapoint0_.yval as yval1_,
        datapoint0_.description as descript4_1_ 
    from
        DataPoint datapoint0_ 
    where
        datapoint0_.description='changed'
14:19:10,716 DEBUG SQL:104 - 
    delete 
    from
        DataPoint
14:19:10,716  INFO CustomRunner:139 - Test: testReadOnlyOnTextType
14:19:10,717 DEBUG SQL:104 - 
    select
        max(id) 
    from
        TextHolder
14:19:10,718 DEBUG SQL:104 - 
    insert 
    into
        TextHolder
        (TXT, id) 
    values
        (?, ?)
14:19:10,718 DEBUG SQL:104 - 
    select
        textholder0_.id as id4_0_,
        textholder0_.TXT as TXT4_0_ 
    from
        TextHolder textholder0_ 
    where
        textholder0_.id=?
14:19:10,726 DEBUG SQL:104 - 
    select
        textholder0_.id as id4_0_,
        textholder0_.TXT as TXT4_0_ 
    from
        TextHolder textholder0_ 
    where
        textholder0_.id=?
14:19:10,727 DEBUG SQL:104 - 
    delete 
    from
        TextHolder 
    where
        id=?
14:19:10,727  INFO CustomRunner:139 - Test: testReadOnlyProxyRefresh
14:19:10,729 DEBUG SQL:104 - 
    insert 
    into
        DataPoint
        (xval, yval, description, id) 
    values
        (?, ?, ?, ?)
14:19:10,729 DEBUG SQL:104 - 
    select
        datapoint0_.id as id1_0_,
        datapoint0_.xval as xval1_0_,
        datapoint0_.yval as yval1_0_,
        datapoint0_.description as descript4_1_0_ 
    from
        DataPoint datapoint0_ 
    where
        datapoint0_.id=?
14:19:10,738 DEBUG SQL:104 - 
    select
        datapoint0_.id as id1_0_,
        datapoint0_.xval as xval1_0_,
        datapoint0_.yval as yval1_0_,
        datapoint0_.description as descript4_1_0_ 
    from
        DataPoint datapoint0_ 
    where
        datapoint0_.id=?
14:19:10,739 DEBUG SQL:104 - 
    select
        datapoint0_.id as id1_0_,
        datapoint0_.xval as xval1_0_,
        datapoint0_.yval as yval1_0_,
        datapoint0_.description as descript4_1_0_ 
    from
        DataPoint datapoint0_ 
    where
        datapoint0_.id=?
14:19:10,739 DEBUG SQL:104 - 
    select
        datapoint0_.id as id1_0_,
        datapoint0_.xval as xval1_0_,
        datapoint0_.yval as yval1_0_,
        datapoint0_.description as descript4_1_0_ 
    from
        DataPoint datapoint0_ 
    where
        datapoint0_.id=?
14:19:10,749 DEBUG SQL:104 - 
    delete 
    from
        DataPoint 
    where
        id=?
14:19:10,750  INFO CustomRunner:139 - Test: testReadOnlyProxyRefreshDetached
14:19:10,751 DEBUG SQL:104 - 
    insert 
    into
        DataPoint
        (xval, yval, description, id) 
    values
        (?, ?, ?, ?)
14:19:10,752 DEBUG SQL:104 - 
    select
        datapoint0_.id as id1_0_,
        datapoint0_.xval as xval1_0_,
        datapoint0_.yval as yval1_0_,
        datapoint0_.description as descript4_1_0_ 
    from
        DataPoint datapoint0_ 
    where
        datapoint0_.id=?
14:19:10,759 DEBUG SQL:104 - 
    select
        datapoint0_.id as id1_0_,
        datapoint0_.xval as xval1_0_,
        datapoint0_.yval as yval1_0_,
        datapoint0_.description as descript4_1_0_ 
    from
        DataPoint datapoint0_ 
    where
        datapoint0_.id=?
14:19:10,760 DEBUG SQL:104 - 
    select
        datapoint0_.id as id1_0_,
        datapoint0_.xval as xval1_0_,
        datapoint0_.yval as yval1_0_,
        datapoint0_.description as descript4_1_0_ 
    from
        DataPoint datapoint0_ 
    where
        datapoint0_.id=?
14:19:10,760 DEBUG SQL:104 - 
    select
        datapoint0_.id as id1_0_,
        datapoint0_.xval as xval1_0_,
        datapoint0_.yval as yval1_0_,
        datapoint0_.description as descript4_1_0_ 
    from
        DataPoint datapoint0_ 
    where
        datapoint0_.id=?
14:19:10,761 DEBUG SQL:104 - 
    delete 
    from
        DataPoint 
    where
        id=?
14:19:10,761  INFO CustomRunner:139 - Test: testReadOnlyRefresh
14:19:10,762 DEBUG SQL:104 - 
    insert 
    into
        DataPoint
        (xval, yval, description, id) 
    values
        (?, ?, ?, ?)
14:19:10,762 DEBUG SQL:104 - 
    select
        datapoint0_.id as id1_0_,
        datapoint0_.xval as xval1_0_,
        datapoint0_.yval as yval1_0_,
        datapoint0_.description as descript4_1_0_ 
    from
        DataPoint datapoint0_ 
    where
        datapoint0_.id=?
14:19:10,763 DEBUG SQL:104 - 
    select
        datapoint0_.id as id1_0_,
        datapoint0_.xval as xval1_0_,
        datapoint0_.yval as yval1_0_,
        datapoint0_.description as descript4_1_0_ 
    from
        DataPoint datapoint0_ 
    where
        datapoint0_.id=?
14:19:10,774 DEBUG SQL:104 - 
    select
        datapoint0_.id as id1_0_,
        datapoint0_.xval as xval1_0_,
        datapoint0_.yval as yval1_0_,
        datapoint0_.description as descript4_1_0_ 
    from
        DataPoint datapoint0_ 
    where
        datapoint0_.id=?
14:19:10,774 DEBUG SQL:104 - 
    select
        datapoint0_.id as id1_0_,
        datapoint0_.xval as xval1_0_,
        datapoint0_.yval as yval1_0_,
        datapoint0_.description as descript4_1_0_ 
    from
        DataPoint datapoint0_ 
    where
        datapoint0_.id=?
14:19:10,774 DEBUG SQL:104 - 
    delete 
    from
        DataPoint 
    where
        id=?
14:19:10,785  INFO CustomRunner:139 - Test: testReadOnlyRefreshDetached
14:19:10,787 DEBUG SQL:104 - 
    insert 
    into
        DataPoint
        (xval, yval, description, id) 
    values
        (?, ?, ?, ?)
14:19:10,787 DEBUG SQL:104 - 
    select
        datapoint0_.id as id1_0_,
        datapoint0_.xval as xval1_0_,
        datapoint0_.yval as yval1_0_,
        datapoint0_.description as descript4_1_0_ 
    from
        DataPoint datapoint0_ 
    where
        datapoint0_.id=?
14:19:10,787 DEBUG SQL:104 - 
    select
        datapoint0_.id as id1_0_,
        datapoint0_.xval as xval1_0_,
        datapoint0_.yval as yval1_0_,
        datapoint0_.description as descript4_1_0_ 
    from
        DataPoint datapoint0_ 
    where
        datapoint0_.id=?
14:19:10,788 DEBUG SQL:104 - 
    select
        datapoint0_.id as id1_0_,
        datapoint0_.xval as xval1_0_,
        datapoint0_.yval as yval1_0_,
        datapoint0_.description as descript4_1_0_ 
    from
        DataPoint datapoint0_ 
    where
        datapoint0_.id=?
14:19:10,788 DEBUG SQL:104 - 
    select
        datapoint0_.id as id1_0_,
        datapoint0_.xval as xval1_0_,
        datapoint0_.yval as yval1_0_,
        datapoint0_.description as descript4_1_0_ 
    from
        DataPoint datapoint0_ 
    where
        datapoint0_.id=?
14:19:10,809 DEBUG SQL:104 - 
    delete 
    from
        DataPoint 
    where
        id=?
14:19:10,810  INFO CustomRunner:139 - Test: testReadOnlySessionDefaultQueryIterate
14:19:10,813 DEBUG SQL:104 - 
    insert 
    into
        DataPoint
        (xval, yval, description, id) 
    values
        (?, ?, ?, ?)
14:19:10,814 DEBUG SQL:104 - 
    insert 
    into
        DataPoint
        (xval, yval, description, id) 
    values
        (?, ?, ?, ?)
14:19:10,814 DEBUG SQL:104 - 
    insert 
    into
        DataPoint
        (xval, yval, description, id) 
    values
        (?, ?, ?, ?)
14:19:10,819 DEBUG SQL:104 - 
    insert 
    into
        DataPoint
        (xval, yval, description, id) 
    values
        (?, ?, ?, ?)
14:19:10,820 DEBUG SQL:104 - 
    insert 
    into
        DataPoint
        (xval, yval, description, id) 
    values
        (?, ?, ?, ?)
14:19:10,820 DEBUG SQL:104 - 
    insert 
    into
        DataPoint
        (xval, yval, description, id) 
    values
        (?, ?, ?, ?)
14:19:10,820 DEBUG SQL:104 - 
    insert 
    into
        DataPoint
        (xval, yval, description, id) 
    values
        (?, ?, ?, ?)
14:19:10,829 DEBUG SQL:104 - 
    insert 
    into
        DataPoint
        (xval, yval, description, id) 
    values
        (?, ?, ?, ?)
14:19:10,829 DEBUG SQL:104 - 
    insert 
    into
        DataPoint
        (xval, yval, description, id) 
    values
        (?, ?, ?, ?)
14:19:10,829 DEBUG SQL:104 - 
    insert 
    into
        DataPoint
        (xval, yval, description, id) 
    values
        (?, ?, ?, ?)
14:19:10,829 DEBUG SQL:104 - 
    insert 
    into
        DataPoint
        (xval, yval, description, id) 
    values
        (?, ?, ?, ?)
14:19:10,856 DEBUG SQL:104 - 
    insert 
    into
        DataPoint
        (xval, yval, description, id) 
    values
        (?, ?, ?, ?)
14:19:10,856 DEBUG SQL:104 - 
    insert 
    into
        DataPoint
        (xval, yval, description, id) 
    values
        (?, ?, ?, ?)
14:19:10,857 DEBUG SQL:104 - 
    insert 
    into
        DataPoint
        (xval, yval, description, id) 
    values
        (?, ?, ?, ?)
14:19:10,857 DEBUG SQL:104 - 
    insert 
    into
        DataPoint
        (xval, yval, description, id) 
    values
        (?, ?, ?, ?)
14:19:10,857 DEBUG SQL:104 - 
    insert 
    into
        DataPoint
        (xval, yval, description, id) 
    values
        (?, ?, ?, ?)
14:19:10,858 DEBUG SQL:104 - 
    insert 
    into
        DataPoint
        (xval, yval, description, id) 
    values
        (?, ?, ?, ?)
14:19:10,858 DEBUG SQL:104 - 
    insert 
    into
        DataPoint
        (xval, yval, description, id) 
    values
        (?, ?, ?, ?)
14:19:10,858 DEBUG SQL:104 - 
    insert 
    into
        DataPoint
        (xval, yval, description, id) 
    values
        (?, ?, ?, ?)
14:19:10,858 DEBUG SQL:104 - 
    insert 
    into
        DataPoint
        (xval, yval, description, id) 
    values
        (?, ?, ?, ?)
14:19:10,868 DEBUG SQL:104 - 
    insert 
    into
        DataPoint
        (xval, yval, description, id) 
    values
        (?, ?, ?, ?)
14:19:10,868 DEBUG SQL:104 - 
    insert 
    into
        DataPoint
        (xval, yval, description, id) 
    values
        (?, ?, ?, ?)
14:19:10,869 DEBUG SQL:104 - 
    insert 
    into
        DataPoint
        (xval, yval, description, id) 
    values
        (?, ?, ?, ?)
14:19:10,869 DEBUG SQL:104 - 
    insert 
    into
        DataPoint
        (xval, yval, description, id) 
    values
        (?, ?, ?, ?)
14:19:10,869 DEBUG SQL:104 - 
    insert 
    into
        DataPoint
        (xval, yval, description, id) 
    values
        (?, ?, ?, ?)
14:19:10,879 DEBUG SQL:104 - 
    insert 
    into
        DataPoint
        (xval, yval, description, id) 
    values
        (?, ?, ?, ?)
14:19:10,879 DEBUG SQL:104 - 
    insert 
    into
        DataPoint
        (xval, yval, description, id) 
    values
        (?, ?, ?, ?)
14:19:10,879 DEBUG SQL:104 - 
    insert 
    into
        DataPoint
        (xval, yval, description, id) 
    values
        (?, ?, ?, ?)
14:19:10,880 DEBUG SQL:104 - 
    insert 
    into
        DataPoint
        (xval, yval, description, id) 
    values
        (?, ?, ?, ?)
14:19:10,890 DEBUG SQL:104 - 
    insert 
    into
        DataPoint
        (xval, yval, description, id) 
    values
        (?, ?, ?, ?)
14:19:10,890 DEBUG SQL:104 - 
    insert 
    into
        DataPoint
        (xval, yval, description, id) 
    values
        (?, ?, ?, ?)
14:19:10,890 DEBUG SQL:104 - 
    insert 
    into
        DataPoint
        (xval, yval, description, id) 
    values
        (?, ?, ?, ?)
14:19:10,890 DEBUG SQL:104 - 
    insert 
    into
        DataPoint
        (xval, yval, description, id) 
    values
        (?, ?, ?, ?)
14:19:10,891 DEBUG SQL:104 - 
    insert 
    into
        DataPoint
        (xval, yval, description, id) 
    values
        (?, ?, ?, ?)
14:19:10,891 DEBUG SQL:104 - 
    insert 
    into
        DataPoint
        (xval, yval, description, id) 
    values
        (?, ?, ?, ?)
14:19:10,891 DEBUG SQL:104 - 
    insert 
    into
        DataPoint
        (xval, yval, description, id) 
    values
        (?, ?, ?, ?)
14:19:10,891 DEBUG SQL:104 - 
    insert 
    into
        DataPoint
        (xval, yval, description, id) 
    values
        (?, ?, ?, ?)
14:19:10,891 DEBUG SQL:104 - 
    insert 
    into
        DataPoint
        (xval, yval, description, id) 
    values
        (?, ?, ?, ?)
14:19:10,904 DEBUG SQL:104 - 
    insert 
    into
        DataPoint
        (xval, yval, description, id) 
    values
        (?, ?, ?, ?)
14:19:10,904 DEBUG SQL:104 - 
    insert 
    into
        DataPoint
        (xval, yval, description, id) 
    values
        (?, ?, ?, ?)
14:19:10,905 DEBUG SQL:104 - 
    insert 
    into
        DataPoint
        (xval, yval, description, id) 
    values
        (?, ?, ?, ?)
14:19:10,905 DEBUG SQL:104 - 
    insert 
    into
        DataPoint
        (xval, yval, description, id) 
    values
        (?, ?, ?, ?)
14:19:10,915 DEBUG SQL:104 - 
    insert 
    into
        DataPoint
        (xval, yval, description, id) 
    values
        (?, ?, ?, ?)
14:19:10,915 DEBUG SQL:104 - 
    insert 
    into
        DataPoint
        (xval, yval, description, id) 
    values
        (?, ?, ?, ?)
14:19:10,915 DEBUG SQL:104 - 
    insert 
    into
        DataPoint
        (xval, yval, description, id) 
    values
        (?, ?, ?, ?)
14:19:10,917 DEBUG SQL:104 - 
    insert 
    into
        DataPoint
        (xval, yval, description, id) 
    values
        (?, ?, ?, ?)
14:19:10,917 DEBUG SQL:104 - 
    insert 
    into
        DataPoint
        (xval, yval, description, id) 
    values
        (?, ?, ?, ?)
14:19:10,918 DEBUG SQL:104 - 
    insert 
    into
        DataPoint
        (xval, yval, description, id) 
    values
        (?, ?, ?, ?)
14:19:10,918 DEBUG SQL:104 - 
    insert 
    into
        DataPoint
        (xval, yval, description, id) 
    values
        (?, ?, ?, ?)
14:19:10,937 DEBUG SQL:104 - 
    insert 
    into
        DataPoint
        (xval, yval, description, id) 
    values
        (?, ?, ?, ?)
14:19:10,938 DEBUG SQL:104 - 
    insert 
    into
        DataPoint
        (xval, yval, description, id) 
    values
        (?, ?, ?, ?)
14:19:10,938 DEBUG SQL:104 - 
    insert 
    into
        DataPoint
        (xval, yval, description, id) 
    values
        (?, ?, ?, ?)
14:19:10,938 DEBUG SQL:104 - 
    insert 
    into
        DataPoint
        (xval, yval, description, id) 
    values
        (?, ?, ?, ?)
14:19:10,949 DEBUG SQL:104 - 
    insert 
    into
        DataPoint
        (xval, yval, description, id) 
    values
        (?, ?, ?, ?)
14:19:10,949 DEBUG SQL:104 - 
    insert 
    into
        DataPoint
        (xval, yval, description, id) 
    values
        (?, ?, ?, ?)
14:19:10,950 DEBUG SQL:104 - 
    insert 
    into
        DataPoint
        (xval, yval, description, id) 
    values
        (?, ?, ?, ?)
14:19:10,950 DEBUG SQL:104 - 
    insert 
    into
        DataPoint
        (xval, yval, description, id) 
    values
        (?, ?, ?, ?)
14:19:10,950 DEBUG SQL:104 - 
    insert 
    into
        DataPoint
        (xval, yval, description, id) 
    values
        (?, ?, ?, ?)
14:19:10,950 DEBUG SQL:104 - 
    insert 
    into
        DataPoint
        (xval, yval, description, id) 
    values
        (?, ?, ?, ?)
14:19:10,950 DEBUG SQL:104 - 
    insert 
    into
        DataPoint
        (xval, yval, description, id) 
    values
        (?, ?, ?, ?)
14:19:10,951 DEBUG SQL:104 - 
    insert 
    into
        DataPoint
        (xval, yval, description, id) 
    values
        (?, ?, ?, ?)
14:19:10,951 DEBUG SQL:104 - 
    insert 
    into
        DataPoint
        (xval, yval, description, id) 
    values
        (?, ?, ?, ?)
14:19:10,951 DEBUG SQL:104 - 
    insert 
    into
        DataPoint
        (xval, yval, description, id) 
    values
        (?, ?, ?, ?)
14:19:10,951 DEBUG SQL:104 - 
    insert 
    into
        DataPoint
        (xval, yval, description, id) 
    values
        (?, ?, ?, ?)
14:19:10,976 DEBUG SQL:104 - 
    insert 
    into
        DataPoint
        (xval, yval, description, id) 
    values
        (?, ?, ?, ?)
14:19:10,977 DEBUG SQL:104 - 
    insert 
    into
        DataPoint
        (xval, yval, description, id) 
    values
        (?, ?, ?, ?)
14:19:10,977 DEBUG SQL:104 - 
    insert 
    into
        DataPoint
        (xval, yval, description, id) 
    values
        (?, ?, ?, ?)
14:19:10,977 DEBUG SQL:104 - 
    insert 
    into
        DataPoint
        (xval, yval, description, id) 
    values
        (?, ?, ?, ?)
14:19:10,989 DEBUG SQL:104 - 
    insert 
    into
        DataPoint
        (xval, yval, description, id) 
    values
        (?, ?, ?, ?)
14:19:10,990 DEBUG SQL:104 - 
    insert 
    into
        DataPoint
        (xval, yval, description, id) 
    values
        (?, ?, ?, ?)
14:19:10,990 DEBUG SQL:104 - 
    insert 
    into
        DataPoint
        (xval, yval, description, id) 
    values
        (?, ?, ?, ?)
14:19:10,990 DEBUG SQL:104 - 
    insert 
    into
        DataPoint
        (xval, yval, description, id) 
    values
        (?, ?, ?, ?)
14:19:10,997 DEBUG SQL:104 - 
    insert 
    into
        DataPoint
        (xval, yval, description, id) 
    values
        (?, ?, ?, ?)
14:19:10,997 DEBUG SQL:104 - 
    insert 
    into
        DataPoint
        (xval, yval, description, id) 
    values
        (?, ?, ?, ?)
14:19:10,997 DEBUG SQL:104 - 
    insert 
    into
        DataPoint
        (xval, yval, description, id) 
    values
        (?, ?, ?, ?)
14:19:10,998 DEBUG SQL:104 - 
    insert 
    into
        DataPoint
        (xval, yval, description, id) 
    values
        (?, ?, ?, ?)
14:19:11,007 DEBUG SQL:104 - 
    insert 
    into
        DataPoint
        (xval, yval, description, id) 
    values
        (?, ?, ?, ?)
14:19:11,007 DEBUG SQL:104 - 
    insert 
    into
        DataPoint
        (xval, yval, description, id) 
    values
        (?, ?, ?, ?)
14:19:11,008 DEBUG SQL:104 - 
    insert 
    into
        DataPoint
        (xval, yval, description, id) 
    values
        (?, ?, ?, ?)
14:19:11,008 DEBUG SQL:104 - 
    insert 
    into
        DataPoint
        (xval, yval, description, id) 
    values
        (?, ?, ?, ?)
14:19:11,008 DEBUG SQL:104 - 
    insert 
    into
        DataPoint
        (xval, yval, description, id) 
    values
        (?, ?, ?, ?)
14:19:11,018 DEBUG SQL:104 - 
    insert 
    into
        DataPoint
        (xval, yval, description, id) 
    values
        (?, ?, ?, ?)
14:19:11,018 DEBUG SQL:104 - 
    insert 
    into
        DataPoint
        (xval, yval, description, id) 
    values
        (?, ?, ?, ?)
14:19:11,018 DEBUG SQL:104 - 
    insert 
    into
        DataPoint
        (xval, yval, description, id) 
    values
        (?, ?, ?, ?)
14:19:11,019 DEBUG SQL:104 - 
    insert 
    into
        DataPoint
        (xval, yval, description, id) 
    values
        (?, ?, ?, ?)
14:19:11,019 DEBUG SQL:104 - 
    insert 
    into
        DataPoint
        (xval, yval, description, id) 
    values
        (?, ?, ?, ?)
14:19:11,019 DEBUG SQL:104 - 
    insert 
    into
        DataPoint
        (xval, yval, description, id) 
    values
        (?, ?, ?, ?)
14:19:11,019 DEBUG SQL:104 - 
    insert 
    into
        DataPoint
        (xval, yval, description, id) 
    values
        (?, ?, ?, ?)
14:19:11,019 DEBUG SQL:104 - 
    insert 
    into
        DataPoint
        (xval, yval, description, id) 
    values
        (?, ?, ?, ?)
14:19:11,030 DEBUG SQL:104 - 
    insert 
    into
        DataPoint
        (xval, yval, description, id) 
    values
        (?, ?, ?, ?)
14:19:11,030 DEBUG SQL:104 - 
    insert 
    into
        DataPoint
        (xval, yval, description, id) 
    values
        (?, ?, ?, ?)
14:19:11,031 DEBUG SQL:104 - 
    insert 
    into
        DataPoint
        (xval, yval, description, id) 
    values
        (?, ?, ?, ?)
14:19:11,031 DEBUG SQL:104 - 
    insert 
    into
        DataPoint
        (xval, yval, description, id) 
    values
        (?, ?, ?, ?)
14:19:11,031 DEBUG SQL:104 - 
    insert 
    into
        DataPoint
        (xval, yval, description, id) 
    values
        (?, ?, ?, ?)
14:19:11,042 DEBUG SQL:104 - 
    insert 
    into
        DataPoint
        (xval, yval, description, id) 
    values
        (?, ?, ?, ?)
14:19:11,042 DEBUG SQL:104 - 
    insert 
    into
        DataPoint
        (xval, yval, description, id) 
    values
        (?, ?, ?, ?)
14:19:11,042 DEBUG SQL:104 - 
    insert 
    into
        DataPoint
        (xval, yval, description, id) 
    values
        (?, ?, ?, ?)
14:19:11,043 DEBUG SQL:104 - 
    insert 
    into
        DataPoint
        (xval, yval, description, id) 
    values
        (?, ?, ?, ?)
14:19:11,043 DEBUG SQL:104 - 
    insert 
    into
        DataPoint
        (xval, yval, description, id) 
    values
        (?, ?, ?, ?)
14:19:11,043 DEBUG SQL:104 - 
    insert 
    into
        DataPoint
        (xval, yval, description, id) 
    values
        (?, ?, ?, ?)
14:19:11,063 DEBUG SQL:104 - 
    select
        datapoint0_.id as col_0_0_ 
    from
        DataPoint datapoint0_ 
    order by
        datapoint0_.xval asc
14:19:11,064 DEBUG SQL:104 - 
    select
        datapoint0_.id as id1_0_,
        datapoint0_.xval as xval1_0_,
        datapoint0_.yval as yval1_0_,
        datapoint0_.description as descript4_1_0_ 
    from
        DataPoint datapoint0_ 
    where
        datapoint0_.id=?
14:19:11,064 DEBUG SQL:104 - 
    select
        datapoint0_.id as id1_0_,
        datapoint0_.xval as xval1_0_,
        datapoint0_.yval as yval1_0_,
        datapoint0_.description as descript4_1_0_ 
    from
        DataPoint datapoint0_ 
    where
        datapoint0_.id=?
14:19:11,065 DEBUG SQL:104 - 
    select
        datapoint0_.id as id1_0_,
        datapoint0_.xval as xval1_0_,
        datapoint0_.yval as yval1_0_,
        datapoint0_.description as descript4_1_0_ 
    from
        DataPoint datapoint0_ 
    where
        datapoint0_.id=?
14:19:11,073 DEBUG SQL:104 - 
    select
        datapoint0_.id as id1_0_,
        datapoint0_.xval as xval1_0_,
        datapoint0_.yval as yval1_0_,
        datapoint0_.description as descript4_1_0_ 
    from
        DataPoint datapoint0_ 
    where
        datapoint0_.id=?
14:19:11,074 DEBUG SQL:104 - 
    select
        datapoint0_.id as id1_0_,
        datapoint0_.xval as xval1_0_,
        datapoint0_.yval as yval1_0_,
        datapoint0_.description as descript4_1_0_ 
    from
        DataPoint datapoint0_ 
    where
        datapoint0_.id=?
14:19:11,074 DEBUG SQL:104 - 
    select
        datapoint0_.id as id1_0_,
        datapoint0_.xval as xval1_0_,
        datapoint0_.yval as yval1_0_,
        datapoint0_.description as descript4_1_0_ 
    from
        DataPoint datapoint0_ 
    where
        datapoint0_.id=?
14:19:11,097 DEBUG SQL:104 - 
    select
        datapoint0_.id as id1_0_,
        datapoint0_.xval as xval1_0_,
        datapoint0_.yval as yval1_0_,
        datapoint0_.description as descript4_1_0_ 
    from
        DataPoint datapoint0_ 
    where
        datapoint0_.id=?
14:19:11,098 DEBUG SQL:104 - 
    select
        datapoint0_.id as id1_0_,
        datapoint0_.xval as xval1_0_,
        datapoint0_.yval as yval1_0_,
        datapoint0_.description as descript4_1_0_ 
    from
        DataPoint datapoint0_ 
    where
        datapoint0_.id=?
14:19:11,098 DEBUG SQL:104 - 
    select
        datapoint0_.id as id1_0_,
        datapoint0_.xval as xval1_0_,
        datapoint0_.yval as yval1_0_,
        datapoint0_.description as descript4_1_0_ 
    from
        DataPoint datapoint0_ 
    where
        datapoint0_.id=?
14:19:11,100 DEBUG SQL:104 - 
    select
        datapoint0_.id as id1_0_,
        datapoint0_.xval as xval1_0_,
        datapoint0_.yval as yval1_0_,
        datapoint0_.description as descript4_1_0_ 
    from
        DataPoint datapoint0_ 
    where
        datapoint0_.id=?
14:19:11,101 DEBUG SQL:104 - 
    select
        datapoint0_.id as id1_0_,
        datapoint0_.xval as xval1_0_,
        datapoint0_.yval as yval1_0_,
        datapoint0_.description as descript4_1_0_ 
    from
        DataPoint datapoint0_ 
    where
        datapoint0_.id=?
14:19:11,101 DEBUG SQL:104 - 
    select
        datapoint0_.id as id1_0_,
        datapoint0_.xval as xval1_0_,
        datapoint0_.yval as yval1_0_,
        datapoint0_.description as descript4_1_0_ 
    from
        DataPoint datapoint0_ 
    where
        datapoint0_.id=?
14:19:11,102 DEBUG SQL:104 - 
    select
        datapoint0_.id as id1_0_,
        datapoint0_.xval as xval1_0_,
        datapoint0_.yval as yval1_0_,
        datapoint0_.description as descript4_1_0_ 
    from
        DataPoint datapoint0_ 
    where
        datapoint0_.id=?
14:19:11,102 DEBUG SQL:104 - 
    select
        datapoint0_.id as id1_0_,
        datapoint0_.xval as xval1_0_,
        datapoint0_.yval as yval1_0_,
        datapoint0_.description as descript4_1_0_ 
    from
        DataPoint datapoint0_ 
    where
        datapoint0_.id=?
14:19:11,102 DEBUG SQL:104 - 
    select
        datapoint0_.id as id1_0_,
        datapoint0_.xval as xval1_0_,
        datapoint0_.yval as yval1_0_,
        datapoint0_.description as descript4_1_0_ 
    from
        DataPoint datapoint0_ 
    where
        datapoint0_.id=?
14:19:11,103 DEBUG SQL:104 - 
    select
        datapoint0_.id as id1_0_,
        datapoint0_.xval as xval1_0_,
        datapoint0_.yval as yval1_0_,
        datapoint0_.description as descript4_1_0_ 
    from
        DataPoint datapoint0_ 
    where
        datapoint0_.id=?
14:19:11,104 DEBUG SQL:104 - 
    select
        datapoint0_.id as id1_0_,
        datapoint0_.xval as xval1_0_,
        datapoint0_.yval as yval1_0_,
        datapoint0_.description as descript4_1_0_ 
    from
        DataPoint datapoint0_ 
    where
        datapoint0_.id=?
14:19:11,127 DEBUG SQL:104 - 
    select
        datapoint0_.id as id1_0_,
        datapoint0_.xval as xval1_0_,
        datapoint0_.yval as yval1_0_,
        datapoint0_.description as descript4_1_0_ 
    from
        DataPoint datapoint0_ 
    where
        datapoint0_.id=?
14:19:11,148 DEBUG SQL:104 - 
    select
        datapoint0_.id as id1_0_,
        datapoint0_.xval as xval1_0_,
        datapoint0_.yval as yval1_0_,
        datapoint0_.description as descript4_1_0_ 
    from
        DataPoint datapoint0_ 
    where
        datapoint0_.id=?
14:19:11,148 DEBUG SQL:104 - 
    select
        datapoint0_.id as id1_0_,
        datapoint0_.xval as xval1_0_,
        datapoint0_.yval as yval1_0_,
        datapoint0_.description as descript4_1_0_ 
    from
        DataPoint datapoint0_ 
    where
        datapoint0_.id=?
14:19:11,149 DEBUG SQL:104 - 
    select
        datapoint0_.id as id1_0_,
        datapoint0_.xval as xval1_0_,
        datapoint0_.yval as yval1_0_,
        datapoint0_.description as descript4_1_0_ 
    from
        DataPoint datapoint0_ 
    where
        datapoint0_.id=?
14:19:11,149 DEBUG SQL:104 - 
    select
        datapoint0_.id as id1_0_,
        datapoint0_.xval as xval1_0_,
        datapoint0_.yval as yval1_0_,
        datapoint0_.description as descript4_1_0_ 
    from
        DataPoint datapoint0_ 
    where
        datapoint0_.id=?
14:19:11,149 DEBUG SQL:104 - 
    select
        datapoint0_.id as id1_0_,
        datapoint0_.xval as xval1_0_,
        datapoint0_.yval as yval1_0_,
        datapoint0_.description as descript4_1_0_ 
    from
        DataPoint datapoint0_ 
    where
        datapoint0_.id=?
14:19:11,149 DEBUG SQL:104 - 
    select
        datapoint0_.id as id1_0_,
        datapoint0_.xval as xval1_0_,
        datapoint0_.yval as yval1_0_,
        datapoint0_.description as descript4_1_0_ 
    from
        DataPoint datapoint0_ 
    where
        datapoint0_.id=?
14:19:11,150 DEBUG SQL:104 - 
    select
        datapoint0_.id as id1_0_,
        datapoint0_.xval as xval1_0_,
        datapoint0_.yval as yval1_0_,
        datapoint0_.description as descript4_1_0_ 
    from
        DataPoint datapoint0_ 
    where
        datapoint0_.id=?
14:19:11,150 DEBUG SQL:104 - 
    select
        datapoint0_.id as id1_0_,
        datapoint0_.xval as xval1_0_,
        datapoint0_.yval as yval1_0_,
        datapoint0_.description as descript4_1_0_ 
    from
        DataPoint datapoint0_ 
    where
        datapoint0_.id=?
14:19:11,155 DEBUG SQL:104 - 
    select
        datapoint0_.id as id1_0_,
        datapoint0_.xval as xval1_0_,
        datapoint0_.yval as yval1_0_,
        datapoint0_.description as descript4_1_0_ 
    from
        DataPoint datapoint0_ 
    where
        datapoint0_.id=?
14:19:11,155 DEBUG SQL:104 - 
    select
        datapoint0_.id as id1_0_,
        datapoint0_.xval as xval1_0_,
        datapoint0_.yval as yval1_0_,
        datapoint0_.description as descript4_1_0_ 
    from
        DataPoint datapoint0_ 
    where
        datapoint0_.id=?
14:19:11,156 DEBUG SQL:104 - 
    select
        datapoint0_.id as id1_0_,
        datapoint0_.xval as xval1_0_,
        datapoint0_.yval as yval1_0_,
        datapoint0_.description as descript4_1_0_ 
    from
        DataPoint datapoint0_ 
    where
        datapoint0_.id=?
14:19:11,165 DEBUG SQL:104 - 
    select
        datapoint0_.id as id1_0_,
        datapoint0_.xval as xval1_0_,
        datapoint0_.yval as yval1_0_,
        datapoint0_.description as descript4_1_0_ 
    from
        DataPoint datapoint0_ 
    where
        datapoint0_.id=?
14:19:11,166 DEBUG SQL:104 - 
    select
        datapoint0_.id as id1_0_,
        datapoint0_.xval as xval1_0_,
        datapoint0_.yval as yval1_0_,
        datapoint0_.description as descript4_1_0_ 
    from
        DataPoint datapoint0_ 
    where
        datapoint0_.id=?
14:19:11,166 DEBUG SQL:104 - 
    select
        datapoint0_.id as id1_0_,
        datapoint0_.xval as xval1_0_,
        datapoint0_.yval as yval1_0_,
        datapoint0_.description as descript4_1_0_ 
    from
        DataPoint datapoint0_ 
    where
        datapoint0_.id=?
14:19:11,166 DEBUG SQL:104 - 
    select
        datapoint0_.id as id1_0_,
        datapoint0_.xval as xval1_0_,
        datapoint0_.yval as yval1_0_,
        datapoint0_.description as descript4_1_0_ 
    from
        DataPoint datapoint0_ 
    where
        datapoint0_.id=?
14:19:11,188 DEBUG SQL:104 - 
    select
        datapoint0_.id as id1_0_,
        datapoint0_.xval as xval1_0_,
        datapoint0_.yval as yval1_0_,
        datapoint0_.description as descript4_1_0_ 
    from
        DataPoint datapoint0_ 
    where
        datapoint0_.id=?
14:19:11,188 DEBUG SQL:104 - 
    select
        datapoint0_.id as id1_0_,
        datapoint0_.xval as xval1_0_,
        datapoint0_.yval as yval1_0_,
        datapoint0_.description as descript4_1_0_ 
    from
        DataPoint datapoint0_ 
    where
        datapoint0_.id=?
14:19:11,189 DEBUG SQL:104 - 
    select
        datapoint0_.id as id1_0_,
        datapoint0_.xval as xval1_0_,
        datapoint0_.yval as yval1_0_,
        datapoint0_.description as descript4_1_0_ 
    from
        DataPoint datapoint0_ 
    where
        datapoint0_.id=?
14:19:11,197 DEBUG SQL:104 - 
    select
        datapoint0_.id as id1_0_,
        datapoint0_.xval as xval1_0_,
        datapoint0_.yval as yval1_0_,
        datapoint0_.description as descript4_1_0_ 
    from
        DataPoint datapoint0_ 
    where
        datapoint0_.id=?
14:19:11,197 DEBUG SQL:104 - 
    select
        datapoint0_.id as id1_0_,
        datapoint0_.xval as xval1_0_,
        datapoint0_.yval as yval1_0_,
        datapoint0_.description as descript4_1_0_ 
    from
        DataPoint datapoint0_ 
    where
        datapoint0_.id=?
14:19:11,198 DEBUG SQL:104 - 
    select
        datapoint0_.id as id1_0_,
        datapoint0_.xval as xval1_0_,
        datapoint0_.yval as yval1_0_,
        datapoint0_.description as descript4_1_0_ 
    from
        DataPoint datapoint0_ 
    where
        datapoint0_.id=?
14:19:11,198 DEBUG SQL:104 - 
    select
        datapoint0_.id as id1_0_,
        datapoint0_.xval as xval1_0_,
        datapoint0_.yval as yval1_0_,
        datapoint0_.description as descript4_1_0_ 
    from
        DataPoint datapoint0_ 
    where
        datapoint0_.id=?
14:19:11,207 DEBUG SQL:104 - 
    select
        datapoint0_.id as id1_0_,
        datapoint0_.xval as xval1_0_,
        datapoint0_.yval as yval1_0_,
        datapoint0_.description as descript4_1_0_ 
    from
        DataPoint datapoint0_ 
    where
        datapoint0_.id=?
14:19:11,208 DEBUG SQL:104 - 
    select
        datapoint0_.id as id1_0_,
        datapoint0_.xval as xval1_0_,
        datapoint0_.yval as yval1_0_,
        datapoint0_.description as descript4_1_0_ 
    from
        DataPoint datapoint0_ 
    where
        datapoint0_.id=?
14:19:11,208 DEBUG SQL:104 - 
    select
        datapoint0_.id as id1_0_,
        datapoint0_.xval as xval1_0_,
        datapoint0_.yval as yval1_0_,
        datapoint0_.description as descript4_1_0_ 
    from
        DataPoint datapoint0_ 
    where
        datapoint0_.id=?
14:19:11,218 DEBUG SQL:104 - 
    select
        datapoint0_.id as id1_0_,
        datapoint0_.xval as xval1_0_,
        datapoint0_.yval as yval1_0_,
        datapoint0_.description as descript4_1_0_ 
    from
        DataPoint datapoint0_ 
    where
        datapoint0_.id=?
14:19:11,218 DEBUG SQL:104 - 
    select
        datapoint0_.id as id1_0_,
        datapoint0_.xval as xval1_0_,
        datapoint0_.yval as yval1_0_,
        datapoint0_.description as descript4_1_0_ 
    from
        DataPoint datapoint0_ 
    where
        datapoint0_.id=?
14:19:11,219 DEBUG SQL:104 - 
    select
        datapoint0_.id as id1_0_,
        datapoint0_.xval as xval1_0_,
        datapoint0_.yval as yval1_0_,
        datapoint0_.description as descript4_1_0_ 
    from
        DataPoint datapoint0_ 
    where
        datapoint0_.id=?
14:19:11,228 DEBUG SQL:104 - 
    select
        datapoint0_.id as id1_0_,
        datapoint0_.xval as xval1_0_,
        datapoint0_.yval as yval1_0_,
        datapoint0_.description as descript4_1_0_ 
    from
        DataPoint datapoint0_ 
    where
        datapoint0_.id=?
14:19:11,229 DEBUG SQL:104 - 
    select
        datapoint0_.id as id1_0_,
        datapoint0_.xval as xval1_0_,
        datapoint0_.yval as yval1_0_,
        datapoint0_.description as descript4_1_0_ 
    from
        DataPoint datapoint0_ 
    where
        datapoint0_.id=?
14:19:11,229 DEBUG SQL:104 - 
    select
        datapoint0_.id as id1_0_,
        datapoint0_.xval as xval1_0_,
        datapoint0_.yval as yval1_0_,
        datapoint0_.description as descript4_1_0_ 
    from
        DataPoint datapoint0_ 
    where
        datapoint0_.id=?
14:19:11,239 DEBUG SQL:104 - 
    select
        datapoint0_.id as id1_0_,
        datapoint0_.xval as xval1_0_,
        datapoint0_.yval as yval1_0_,
        datapoint0_.description as descript4_1_0_ 
    from
        DataPoint datapoint0_ 
    where
        datapoint0_.id=?
14:19:11,239 DEBUG SQL:104 - 
    select
        datapoint0_.id as id1_0_,
        datapoint0_.xval as xval1_0_,
        datapoint0_.yval as yval1_0_,
        datapoint0_.description as descript4_1_0_ 
    from
        DataPoint datapoint0_ 
    where
        datapoint0_.id=?
14:19:11,240 DEBUG SQL:104 - 
    select
        datapoint0_.id as id1_0_,
        datapoint0_.xval as xval1_0_,
        datapoint0_.yval as yval1_0_,
        datapoint0_.description as descript4_1_0_ 
    from
        DataPoint datapoint0_ 
    where
        datapoint0_.id=?
14:19:11,250 DEBUG SQL:104 - 
    select
        datapoint0_.id as id1_0_,
        datapoint0_.xval as xval1_0_,
        datapoint0_.yval as yval1_0_,
        datapoint0_.description as descript4_1_0_ 
    from
        DataPoint datapoint0_ 
    where
        datapoint0_.id=?
14:19:11,250 DEBUG SQL:104 - 
    select
        datapoint0_.id as id1_0_,
        datapoint0_.xval as xval1_0_,
        datapoint0_.yval as yval1_0_,
        datapoint0_.description as descript4_1_0_ 
    from
        DataPoint datapoint0_ 
    where
        datapoint0_.id=?
14:19:11,250 DEBUG SQL:104 - 
    select
        datapoint0_.id as id1_0_,
        datapoint0_.xval as xval1_0_,
        datapoint0_.yval as yval1_0_,
        datapoint0_.description as descript4_1_0_ 
    from
        DataPoint datapoint0_ 
    where
        datapoint0_.id=?
14:19:11,259 DEBUG SQL:104 - 
    select
        datapoint0_.id as id1_0_,
        datapoint0_.xval as xval1_0_,
        datapoint0_.yval as yval1_0_,
        datapoint0_.description as descript4_1_0_ 
    from
        DataPoint datapoint0_ 
    where
        datapoint0_.id=?
14:19:11,260 DEBUG SQL:104 - 
    select
        datapoint0_.id as id1_0_,
        datapoint0_.xval as xval1_0_,
        datapoint0_.yval as yval1_0_,
        datapoint0_.description as descript4_1_0_ 
    from
        DataPoint datapoint0_ 
    where
        datapoint0_.id=?
14:19:11,260 DEBUG SQL:104 - 
    select
        datapoint0_.id as id1_0_,
        datapoint0_.xval as xval1_0_,
        datapoint0_.yval as yval1_0_,
        datapoint0_.description as descript4_1_0_ 
    from
        DataPoint datapoint0_ 
    where
        datapoint0_.id=?
14:19:11,269 DEBUG SQL:104 - 
    select
        datapoint0_.id as id1_0_,
        datapoint0_.xval as xval1_0_,
        datapoint0_.yval as yval1_0_,
        datapoint0_.description as descript4_1_0_ 
    from
        DataPoint datapoint0_ 
    where
        datapoint0_.id=?
14:19:11,270 DEBUG SQL:104 - 
    select
        datapoint0_.id as id1_0_,
        datapoint0_.xval as xval1_0_,
        datapoint0_.yval as yval1_0_,
        datapoint0_.description as descript4_1_0_ 
    from
        DataPoint datapoint0_ 
    where
        datapoint0_.id=?
14:19:11,270 DEBUG SQL:104 - 
    select
        datapoint0_.id as id1_0_,
        datapoint0_.xval as xval1_0_,
        datapoint0_.yval as yval1_0_,
        datapoint0_.description as descript4_1_0_ 
    from
        DataPoint datapoint0_ 
    where
        datapoint0_.id=?
14:19:11,270 DEBUG SQL:104 - 
    select
        datapoint0_.id as id1_0_,
        datapoint0_.xval as xval1_0_,
        datapoint0_.yval as yval1_0_,
        datapoint0_.description as descript4_1_0_ 
    from
        DataPoint datapoint0_ 
    where
        datapoint0_.id=?
14:19:11,271 DEBUG SQL:104 - 
    select
        datapoint0_.id as id1_0_,
        datapoint0_.xval as xval1_0_,
        datapoint0_.yval as yval1_0_,
        datapoint0_.description as descript4_1_0_ 
    from
        DataPoint datapoint0_ 
    where
        datapoint0_.id=?
14:19:11,271 DEBUG SQL:104 - 
    select
        datapoint0_.id as id1_0_,
        datapoint0_.xval as xval1_0_,
        datapoint0_.yval as yval1_0_,
        datapoint0_.description as descript4_1_0_ 
    from
        DataPoint datapoint0_ 
    where
        datapoint0_.id=?
14:19:11,283 DEBUG SQL:104 - 
    select
        datapoint0_.id as id1_0_,
        datapoint0_.xval as xval1_0_,
        datapoint0_.yval as yval1_0_,
        datapoint0_.description as descript4_1_0_ 
    from
        DataPoint datapoint0_ 
    where
        datapoint0_.id=?
14:19:11,283 DEBUG SQL:104 - 
    select
        datapoint0_.id as id1_0_,
        datapoint0_.xval as xval1_0_,
        datapoint0_.yval as yval1_0_,
        datapoint0_.description as descript4_1_0_ 
    from
        DataPoint datapoint0_ 
    where
        datapoint0_.id=?
14:19:11,284 DEBUG SQL:104 - 
    select
        datapoint0_.id as id1_0_,
        datapoint0_.xval as xval1_0_,
        datapoint0_.yval as yval1_0_,
        datapoint0_.description as descript4_1_0_ 
    from
        DataPoint datapoint0_ 
    where
        datapoint0_.id=?
14:19:11,293 DEBUG SQL:104 - 
    select
        datapoint0_.id as id1_0_,
        datapoint0_.xval as xval1_0_,
        datapoint0_.yval as yval1_0_,
        datapoint0_.description as descript4_1_0_ 
    from
        DataPoint datapoint0_ 
    where
        datapoint0_.id=?
14:19:11,294 DEBUG SQL:104 - 
    select
        datapoint0_.id as id1_0_,
        datapoint0_.xval as xval1_0_,
        datapoint0_.yval as yval1_0_,
        datapoint0_.description as descript4_1_0_ 
    from
        DataPoint datapoint0_ 
    where
        datapoint0_.id=?
14:19:11,294 DEBUG SQL:104 - 
    select
        datapoint0_.id as id1_0_,
        datapoint0_.xval as xval1_0_,
        datapoint0_.yval as yval1_0_,
        datapoint0_.description as descript4_1_0_ 
    from
        DataPoint datapoint0_ 
    where
        datapoint0_.id=?
14:19:11,294 DEBUG SQL:104 - 
    select
        datapoint0_.id as id1_0_,
        datapoint0_.xval as xval1_0_,
        datapoint0_.yval as yval1_0_,
        datapoint0_.description as descript4_1_0_ 
    from
        DataPoint datapoint0_ 
    where
        datapoint0_.id=?
14:19:11,295 DEBUG SQL:104 - 
    select
        datapoint0_.id as id1_0_,
        datapoint0_.xval as xval1_0_,
        datapoint0_.yval as yval1_0_,
        datapoint0_.description as descript4_1_0_ 
    from
        DataPoint datapoint0_ 
    where
        datapoint0_.id=?
14:19:11,350 DEBUG SQL:104 - 
    select
        datapoint0_.id as id1_0_,
        datapoint0_.xval as xval1_0_,
        datapoint0_.yval as yval1_0_,
        datapoint0_.description as descript4_1_0_ 
    from
        DataPoint datapoint0_ 
    where
        datapoint0_.id=?
14:19:11,351 DEBUG SQL:104 - 
    select
        datapoint0_.id as id1_0_,
        datapoint0_.xval as xval1_0_,
        datapoint0_.yval as yval1_0_,
        datapoint0_.description as descript4_1_0_ 
    from
        DataPoint datapoint0_ 
    where
        datapoint0_.id=?
14:19:11,351 DEBUG SQL:104 - 
    select
        datapoint0_.id as id1_0_,
        datapoint0_.xval as xval1_0_,
        datapoint0_.yval as yval1_0_,
        datapoint0_.description as descript4_1_0_ 
    from
        DataPoint datapoint0_ 
    where
        datapoint0_.id=?
14:19:11,351 DEBUG SQL:104 - 
    select
        datapoint0_.id as id1_0_,
        datapoint0_.xval as xval1_0_,
        datapoint0_.yval as yval1_0_,
        datapoint0_.description as descript4_1_0_ 
    from
        DataPoint datapoint0_ 
    where
        datapoint0_.id=?
14:19:11,351 DEBUG SQL:104 - 
    select
        datapoint0_.id as id1_0_,
        datapoint0_.xval as xval1_0_,
        datapoint0_.yval as yval1_0_,
        datapoint0_.description as descript4_1_0_ 
    from
        DataPoint datapoint0_ 
    where
        datapoint0_.id=?
14:19:11,352 DEBUG SQL:104 - 
    select
        datapoint0_.id as id1_0_,
        datapoint0_.xval as xval1_0_,
        datapoint0_.yval as yval1_0_,
        datapoint0_.description as descript4_1_0_ 
    from
        DataPoint datapoint0_ 
    where
        datapoint0_.id=?
14:19:11,352 DEBUG SQL:104 - 
    select
        datapoint0_.id as id1_0_,
        datapoint0_.xval as xval1_0_,
        datapoint0_.yval as yval1_0_,
        datapoint0_.description as descript4_1_0_ 
    from
        DataPoint datapoint0_ 
    where
        datapoint0_.id=?
14:19:11,352 DEBUG SQL:104 - 
    select
        datapoint0_.id as id1_0_,
        datapoint0_.xval as xval1_0_,
        datapoint0_.yval as yval1_0_,
        datapoint0_.description as descript4_1_0_ 
    from
        DataPoint datapoint0_ 
    where
        datapoint0_.id=?
14:19:11,352 DEBUG SQL:104 - 
    select
        datapoint0_.id as id1_0_,
        datapoint0_.xval as xval1_0_,
        datapoint0_.yval as yval1_0_,
        datapoint0_.description as descript4_1_0_ 
    from
        DataPoint datapoint0_ 
    where
        datapoint0_.id=?
14:19:11,353 DEBUG SQL:104 - 
    select
        datapoint0_.id as id1_0_,
        datapoint0_.xval as xval1_0_,
        datapoint0_.yval as yval1_0_,
        datapoint0_.description as descript4_1_0_ 
    from
        DataPoint datapoint0_ 
    where
        datapoint0_.id=?
14:19:11,353 DEBUG SQL:104 - 
    select
        datapoint0_.id as id1_0_,
        datapoint0_.xval as xval1_0_,
        datapoint0_.yval as yval1_0_,
        datapoint0_.description as descript4_1_0_ 
    from
        DataPoint datapoint0_ 
    where
        datapoint0_.id=?
14:19:11,353 DEBUG SQL:104 - 
    select
        datapoint0_.id as id1_0_,
        datapoint0_.xval as xval1_0_,
        datapoint0_.yval as yval1_0_,
        datapoint0_.description as descript4_1_0_ 
    from
        DataPoint datapoint0_ 
    where
        datapoint0_.id=?
14:19:11,353 DEBUG SQL:104 - 
    select
        datapoint0_.id as id1_0_,
        datapoint0_.xval as xval1_0_,
        datapoint0_.yval as yval1_0_,
        datapoint0_.description as descript4_1_0_ 
    from
        DataPoint datapoint0_ 
    where
        datapoint0_.id=?
14:19:11,354 DEBUG SQL:104 - 
    select
        datapoint0_.id as id1_0_,
        datapoint0_.xval as xval1_0_,
        datapoint0_.yval as yval1_0_,
        datapoint0_.description as descript4_1_0_ 
    from
        DataPoint datapoint0_ 
    where
        datapoint0_.id=?
14:19:11,354 DEBUG SQL:104 - 
    select
        datapoint0_.id as id1_0_,
        datapoint0_.xval as xval1_0_,
        datapoint0_.yval as yval1_0_,
        datapoint0_.description as descript4_1_0_ 
    from
        DataPoint datapoint0_ 
    where
        datapoint0_.id=?
14:19:11,371 DEBUG SQL:104 - 
    select
        datapoint0_.id as id1_0_,
        datapoint0_.xval as xval1_0_,
        datapoint0_.yval as yval1_0_,
        datapoint0_.description as descript4_1_0_ 
    from
        DataPoint datapoint0_ 
    where
        datapoint0_.id=?
14:19:11,372 DEBUG SQL:104 - 
    select
        datapoint0_.id as id1_0_,
        datapoint0_.xval as xval1_0_,
        datapoint0_.yval as yval1_0_,
        datapoint0_.description as descript4_1_0_ 
    from
        DataPoint datapoint0_ 
    where
        datapoint0_.id=?
14:19:11,372 DEBUG SQL:104 - 
    select
        datapoint0_.id as id1_0_,
        datapoint0_.xval as xval1_0_,
        datapoint0_.yval as yval1_0_,
        datapoint0_.description as descript4_1_0_ 
    from
        DataPoint datapoint0_ 
    where
        datapoint0_.id=?
14:19:11,382 DEBUG SQL:104 - 
    select
        datapoint0_.id as id1_0_,
        datapoint0_.xval as xval1_0_,
        datapoint0_.yval as yval1_0_,
        datapoint0_.description as descript4_1_0_ 
    from
        DataPoint datapoint0_ 
    where
        datapoint0_.id=?
14:19:11,382 DEBUG SQL:104 - 
    select
        datapoint0_.id as id1_0_,
        datapoint0_.xval as xval1_0_,
        datapoint0_.yval as yval1_0_,
        datapoint0_.description as descript4_1_0_ 
    from
        DataPoint datapoint0_ 
    where
        datapoint0_.id=?
14:19:11,382 DEBUG SQL:104 - 
    select
        datapoint0_.id as id1_0_,
        datapoint0_.xval as xval1_0_,
        datapoint0_.yval as yval1_0_,
        datapoint0_.description as descript4_1_0_ 
    from
        DataPoint datapoint0_ 
    where
        datapoint0_.id=?
14:19:11,392 DEBUG SQL:104 - 
    select
        datapoint0_.id as id1_0_,
        datapoint0_.xval as xval1_0_,
        datapoint0_.yval as yval1_0_,
        datapoint0_.description as descript4_1_0_ 
    from
        DataPoint datapoint0_ 
    where
        datapoint0_.id=?
14:19:11,392 DEBUG SQL:104 - 
    select
        datapoint0_.id as id1_0_,
        datapoint0_.xval as xval1_0_,
        datapoint0_.yval as yval1_0_,
        datapoint0_.description as descript4_1_0_ 
    from
        DataPoint datapoint0_ 
    where
        datapoint0_.id=?
14:19:11,393 DEBUG SQL:104 - 
    select
        datapoint0_.id as id1_0_,
        datapoint0_.xval as xval1_0_,
        datapoint0_.yval as yval1_0_,
        datapoint0_.description as descript4_1_0_ 
    from
        DataPoint datapoint0_ 
    where
        datapoint0_.id=?
14:19:11,393 DEBUG SQL:104 - 
    select
        datapoint0_.id as id1_0_,
        datapoint0_.xval as xval1_0_,
        datapoint0_.yval as yval1_0_,
        datapoint0_.description as descript4_1_0_ 
    from
        DataPoint datapoint0_ 
    where
        datapoint0_.id=?
14:19:11,393 DEBUG SQL:104 - 
    select
        datapoint0_.id as id1_0_,
        datapoint0_.xval as xval1_0_,
        datapoint0_.yval as yval1_0_,
        datapoint0_.description as descript4_1_0_ 
    from
        DataPoint datapoint0_ 
    where
        datapoint0_.id=?
14:19:11,394 DEBUG SQL:104 - 
    select
        datapoint0_.id as id1_0_,
        datapoint0_.xval as xval1_0_,
        datapoint0_.yval as yval1_0_,
        datapoint0_.description as descript4_1_0_ 
    from
        DataPoint datapoint0_ 
    where
        datapoint0_.id=?
14:19:11,406 DEBUG SQL:104 - 
    select
        datapoint0_.id as id1_0_,
        datapoint0_.xval as xval1_0_,
        datapoint0_.yval as yval1_0_,
        datapoint0_.description as descript4_1_0_ 
    from
        DataPoint datapoint0_ 
    where
        datapoint0_.id=?
14:19:11,407 DEBUG SQL:104 - 
    update
        DataPoint 
    set
        description=? 
    where
        id=?
14:19:11,409 DEBUG SQL:104 - 
    select
        datapoint0_.id as id1_,
        datapoint0_.xval as xval1_,
        datapoint0_.yval as yval1_,
        datapoint0_.description as descript4_1_ 
    from
        DataPoint datapoint0_ 
    where
        datapoint0_.description='done!'
14:19:11,419 DEBUG SQL:104 - 
    delete 
    from
        DataPoint
14:19:11,421  INFO CustomRunner:139 - Test: testReadOnlySessionDefaultQueryScroll
14:19:11,477 DEBUG SQL:104 - 
    insert 
    into
        DataPoint
        (xval, yval, description, id) 
    values
        (?, ?, ?, ?)
14:19:11,480 DEBUG SQL:104 - 
    insert 
    into
        DataPoint
        (xval, yval, description, id) 
    values
        (?, ?, ?, ?)
14:19:11,481 DEBUG SQL:104 - 
    insert 
    into
        DataPoint
        (xval, yval, description, id) 
    values
        (?, ?, ?, ?)
14:19:11,481 DEBUG SQL:104 - 
    insert 
    into
        DataPoint
        (xval, yval, description, id) 
    values
        (?, ?, ?, ?)
14:19:11,481 DEBUG SQL:104 - 
    insert 
    into
        DataPoint
        (xval, yval, description, id) 
    values
        (?, ?, ?, ?)
14:19:11,481 DEBUG SQL:104 - 
    insert 
    into
        DataPoint
        (xval, yval, description, id) 
    values
        (?, ?, ?, ?)
14:19:11,482 DEBUG SQL:104 - 
    insert 
    into
        DataPoint
        (xval, yval, description, id) 
    values
        (?, ?, ?, ?)
14:19:11,482 DEBUG SQL:104 - 
    insert 
    into
        DataPoint
        (xval, yval, description, id) 
    values
        (?, ?, ?, ?)
14:19:11,482 DEBUG SQL:104 - 
    insert 
    into
        DataPoint
        (xval, yval, description, id) 
    values
        (?, ?, ?, ?)
14:19:11,482 DEBUG SQL:104 - 
    insert 
    into
        DataPoint
        (xval, yval, description, id) 
    values
        (?, ?, ?, ?)
14:19:11,482 DEBUG SQL:104 - 
    insert 
    into
        DataPoint
        (xval, yval, description, id) 
    values
        (?, ?, ?, ?)
14:19:11,483 DEBUG SQL:104 - 
    insert 
    into
        DataPoint
        (xval, yval, description, id) 
    values
        (?, ?, ?, ?)
14:19:11,483 DEBUG SQL:104 - 
    insert 
    into
        DataPoint
        (xval, yval, description, id) 
    values
        (?, ?, ?, ?)
14:19:11,483 DEBUG SQL:104 - 
    insert 
    into
        DataPoint
        (xval, yval, description, id) 
    values
        (?, ?, ?, ?)
14:19:11,483 DEBUG SQL:104 - 
    insert 
    into
        DataPoint
        (xval, yval, description, id) 
    values
        (?, ?, ?, ?)
14:19:11,483 DEBUG SQL:104 - 
    insert 
    into
        DataPoint
        (xval, yval, description, id) 
    values
        (?, ?, ?, ?)
14:19:11,483 DEBUG SQL:104 - 
    insert 
    into
        DataPoint
        (xval, yval, description, id) 
    values
        (?, ?, ?, ?)
14:19:11,484 DEBUG SQL:104 - 
    insert 
    into
        DataPoint
        (xval, yval, description, id) 
    values
        (?, ?, ?, ?)
14:19:11,484 DEBUG SQL:104 - 
    insert 
    into
        DataPoint
        (xval, yval, description, id) 
    values
        (?, ?, ?, ?)
14:19:11,484 DEBUG SQL:104 - 
    insert 
    into
        DataPoint
        (xval, yval, description, id) 
    values
        (?, ?, ?, ?)
14:19:11,484 DEBUG SQL:104 - 
    insert 
    into
        DataPoint
        (xval, yval, description, id) 
    values
        (?, ?, ?, ?)
14:19:11,484 DEBUG SQL:104 - 
    insert 
    into
        DataPoint
        (xval, yval, description, id) 
    values
        (?, ?, ?, ?)
14:19:11,484 DEBUG SQL:104 - 
    insert 
    into
        DataPoint
        (xval, yval, description, id) 
    values
        (?, ?, ?, ?)
14:19:11,485 DEBUG SQL:104 - 
    insert 
    into
        DataPoint
        (xval, yval, description, id) 
    values
        (?, ?, ?, ?)
14:19:11,485 DEBUG SQL:104 - 
    insert 
    into
        DataPoint
        (xval, yval, description, id) 
    values
        (?, ?, ?, ?)
14:19:11,485 DEBUG SQL:104 - 
    insert 
    into
        DataPoint
        (xval, yval, description, id) 
    values
        (?, ?, ?, ?)
14:19:11,485 DEBUG SQL:104 - 
    insert 
    into
        DataPoint
        (xval, yval, description, id) 
    values
        (?, ?, ?, ?)
14:19:11,501 DEBUG SQL:104 - 
    insert 
    into
        DataPoint
        (xval, yval, description, id) 
    values
        (?, ?, ?, ?)
14:19:11,502 DEBUG SQL:104 - 
    insert 
    into
        DataPoint
        (xval, yval, description, id) 
    values
        (?, ?, ?, ?)
14:19:11,502 DEBUG SQL:104 - 
    insert 
    into
        DataPoint
        (xval, yval, description, id) 
    values
        (?, ?, ?, ?)
14:19:11,502 DEBUG SQL:104 - 
    insert 
    into
        DataPoint
        (xval, yval, description, id) 
    values
        (?, ?, ?, ?)
14:19:11,510 DEBUG SQL:104 - 
    insert 
    into
        DataPoint
        (xval, yval, description, id) 
    values
        (?, ?, ?, ?)
14:19:11,510 DEBUG SQL:104 - 
    insert 
    into
        DataPoint
        (xval, yval, description, id) 
    values
        (?, ?, ?, ?)
14:19:11,511 DEBUG SQL:104 - 
    insert 
    into
        DataPoint
        (xval, yval, description, id) 
    values
        (?, ?, ?, ?)
14:19:11,511 DEBUG SQL:104 - 
    insert 
    into
        DataPoint
        (xval, yval, description, id) 
    values
        (?, ?, ?, ?)
14:19:11,511 DEBUG SQL:104 - 
    insert 
    into
        DataPoint
        (xval, yval, description, id) 
    values
        (?, ?, ?, ?)
14:19:11,511 DEBUG SQL:104 - 
    insert 
    into
        DataPoint
        (xval, yval, description, id) 
    values
        (?, ?, ?, ?)
14:19:11,512 DEBUG SQL:104 - 
    insert 
    into
        DataPoint
        (xval, yval, description, id) 
    values
        (?, ?, ?, ?)
14:19:11,512 DEBUG SQL:104 - 
    insert 
    into
        DataPoint
        (xval, yval, description, id) 
    values
        (?, ?, ?, ?)
14:19:11,512 DEBUG SQL:104 - 
    insert 
    into
        DataPoint
        (xval, yval, description, id) 
    values
        (?, ?, ?, ?)
14:19:11,523 DEBUG SQL:104 - 
    insert 
    into
        DataPoint
        (xval, yval, description, id) 
    values
        (?, ?, ?, ?)
14:19:11,524 DEBUG SQL:104 - 
    insert 
    into
        DataPoint
        (xval, yval, description, id) 
    values
        (?, ?, ?, ?)
14:19:11,524 DEBUG SQL:104 - 
    insert 
    into
        DataPoint
        (xval, yval, description, id) 
    values
        (?, ?, ?, ?)
14:19:11,524 DEBUG SQL:104 - 
    insert 
    into
        DataPoint
        (xval, yval, description, id) 
    values
        (?, ?, ?, ?)
14:19:11,533 DEBUG SQL:104 - 
    insert 
    into
        DataPoint
        (xval, yval, description, id) 
    values
        (?, ?, ?, ?)
14:19:11,533 DEBUG SQL:104 - 
    insert 
    into
        DataPoint
        (xval, yval, description, id) 
    values
        (?, ?, ?, ?)
14:19:11,534 DEBUG SQL:104 - 
    insert 
    into
        DataPoint
        (xval, yval, description, id) 
    values
        (?, ?, ?, ?)
14:19:11,534 DEBUG SQL:104 - 
    insert 
    into
        DataPoint
        (xval, yval, description, id) 
    values
        (?, ?, ?, ?)
14:19:11,534 DEBUG SQL:104 - 
    insert 
    into
        DataPoint
        (xval, yval, description, id) 
    values
        (?, ?, ?, ?)
14:19:11,534 DEBUG SQL:104 - 
    insert 
    into
        DataPoint
        (xval, yval, description, id) 
    values
        (?, ?, ?, ?)
14:19:11,555 DEBUG SQL:104 - 
    insert 
    into
        DataPoint
        (xval, yval, description, id) 
    values
        (?, ?, ?, ?)
14:19:11,555 DEBUG SQL:104 - 
    insert 
    into
        DataPoint
        (xval, yval, description, id) 
    values
        (?, ?, ?, ?)
14:19:11,556 DEBUG SQL:104 - 
    insert 
    into
        DataPoint
        (xval, yval, description, id) 
    values
        (?, ?, ?, ?)
14:19:11,556 DEBUG SQL:104 - 
    insert 
    into
        DataPoint
        (xval, yval, description, id) 
    values
        (?, ?, ?, ?)
14:19:11,556 DEBUG SQL:104 - 
    insert 
    into
        DataPoint
        (xval, yval, description, id) 
    values
        (?, ?, ?, ?)
14:19:11,565 DEBUG SQL:104 - 
    insert 
    into
        DataPoint
        (xval, yval, description, id) 
    values
        (?, ?, ?, ?)
14:19:11,566 DEBUG SQL:104 - 
    insert 
    into
        DataPoint
        (xval, yval, description, id) 
    values
        (?, ?, ?, ?)
14:19:11,566 DEBUG SQL:104 - 
    insert 
    into
        DataPoint
        (xval, yval, description, id) 
    values
        (?, ?, ?, ?)
14:19:11,566 DEBUG SQL:104 - 
    insert 
    into
        DataPoint
        (xval, yval, description, id) 
    values
        (?, ?, ?, ?)
14:19:11,575 DEBUG SQL:104 - 
    insert 
    into
        DataPoint
        (xval, yval, description, id) 
    values
        (?, ?, ?, ?)
14:19:11,576 DEBUG SQL:104 - 
    insert 
    into
        DataPoint
        (xval, yval, description, id) 
    values
        (?, ?, ?, ?)
14:19:11,576 DEBUG SQL:104 - 
    insert 
    into
        DataPoint
        (xval, yval, description, id) 
    values
        (?, ?, ?, ?)
14:19:11,576 DEBUG SQL:104 - 
    insert 
    into
        DataPoint
        (xval, yval, description, id) 
    values
        (?, ?, ?, ?)
14:19:11,586 DEBUG SQL:104 - 
    insert 
    into
        DataPoint
        (xval, yval, description, id) 
    values
        (?, ?, ?, ?)
14:19:11,586 DEBUG SQL:104 - 
    insert 
    into
        DataPoint
        (xval, yval, description, id) 
    values
        (?, ?, ?, ?)
14:19:11,586 DEBUG SQL:104 - 
    insert 
    into
        DataPoint
        (xval, yval, description, id) 
    values
        (?, ?, ?, ?)
14:19:11,586 DEBUG SQL:104 - 
    insert 
    into
        DataPoint
        (xval, yval, description, id) 
    values
        (?, ?, ?, ?)
14:19:11,587 DEBUG SQL:104 - 
    insert 
    into
        DataPoint
        (xval, yval, description, id) 
    values
        (?, ?, ?, ?)
14:19:11,596 DEBUG SQL:104 - 
    insert 
    into
        DataPoint
        (xval, yval, description, id) 
    values
        (?, ?, ?, ?)
14:19:11,597 DEBUG SQL:104 - 
    insert 
    into
        DataPoint
        (xval, yval, description, id) 
    values
        (?, ?, ?, ?)
14:19:11,597 DEBUG SQL:104 - 
    insert 
    into
        DataPoint
        (xval, yval, description, id) 
    values
        (?, ?, ?, ?)
14:19:11,597 DEBUG SQL:104 - 
    insert 
    into
        DataPoint
        (xval, yval, description, id) 
    values
        (?, ?, ?, ?)
14:19:11,606 DEBUG SQL:104 - 
    insert 
    into
        DataPoint
        (xval, yval, description, id) 
    values
        (?, ?, ?, ?)
14:19:11,607 DEBUG SQL:104 - 
    insert 
    into
        DataPoint
        (xval, yval, description, id) 
    values
        (?, ?, ?, ?)
14:19:11,607 DEBUG SQL:104 - 
    insert 
    into
        DataPoint
        (xval, yval, description, id) 
    values
        (?, ?, ?, ?)
14:19:11,607 DEBUG SQL:104 - 
    insert 
    into
        DataPoint
        (xval, yval, description, id) 
    values
        (?, ?, ?, ?)
14:19:11,616 DEBUG SQL:104 - 
    insert 
    into
        DataPoint
        (xval, yval, description, id) 
    values
        (?, ?, ?, ?)
14:19:11,617 DEBUG SQL:104 - 
    insert 
    into
        DataPoint
        (xval, yval, description, id) 
    values
        (?, ?, ?, ?)
14:19:11,617 DEBUG SQL:104 - 
    insert 
    into
        DataPoint
        (xval, yval, description, id) 
    values
        (?, ?, ?, ?)
14:19:11,617 DEBUG SQL:104 - 
    insert 
    into
        DataPoint
        (xval, yval, description, id) 
    values
        (?, ?, ?, ?)
14:19:11,617 DEBUG SQL:104 - 
    insert 
    into
        DataPoint
        (xval, yval, description, id) 
    values
        (?, ?, ?, ?)
14:19:11,628 DEBUG SQL:104 - 
    insert 
    into
        DataPoint
        (xval, yval, description, id) 
    values
        (?, ?, ?, ?)
14:19:11,628 DEBUG SQL:104 - 
    insert 
    into
        DataPoint
        (xval, yval, description, id) 
    values
        (?, ?, ?, ?)
14:19:11,628 DEBUG SQL:104 - 
    insert 
    into
        DataPoint
        (xval, yval, description, id) 
    values
        (?, ?, ?, ?)
14:19:11,628 DEBUG SQL:104 - 
    insert 
    into
        DataPoint
        (xval, yval, description, id) 
    values
        (?, ?, ?, ?)
14:19:11,638 DEBUG SQL:104 - 
    insert 
    into
        DataPoint
        (xval, yval, description, id) 
    values
        (?, ?, ?, ?)
14:19:11,638 DEBUG SQL:104 - 
    insert 
    into
        DataPoint
        (xval, yval, description, id) 
    values
        (?, ?, ?, ?)
14:19:11,639 DEBUG SQL:104 - 
    insert 
    into
        DataPoint
        (xval, yval, description, id) 
    values
        (?, ?, ?, ?)
14:19:11,639 DEBUG SQL:104 - 
    insert 
    into
        DataPoint
        (xval, yval, description, id) 
    values
        (?, ?, ?, ?)
14:19:11,639 DEBUG SQL:104 - 
    insert 
    into
        DataPoint
        (xval, yval, description, id) 
    values
        (?, ?, ?, ?)
14:19:11,639 DEBUG SQL:104 - 
    insert 
    into
        DataPoint
        (xval, yval, description, id) 
    values
        (?, ?, ?, ?)
14:19:11,639 DEBUG SQL:104 - 
    insert 
    into
        DataPoint
        (xval, yval, description, id) 
    values
        (?, ?, ?, ?)
14:19:11,640 DEBUG SQL:104 - 
    insert 
    into
        DataPoint
        (xval, yval, description, id) 
    values
        (?, ?, ?, ?)
14:19:11,640 DEBUG SQL:104 - 
    insert 
    into
        DataPoint
        (xval, yval, description, id) 
    values
        (?, ?, ?, ?)
14:19:11,649 DEBUG SQL:104 - 
    insert 
    into
        DataPoint
        (xval, yval, description, id) 
    values
        (?, ?, ?, ?)
14:19:11,649 DEBUG SQL:104 - 
    insert 
    into
        DataPoint
        (xval, yval, description, id) 
    values
        (?, ?, ?, ?)
14:19:11,650 DEBUG SQL:104 - 
    insert 
    into
        DataPoint
        (xval, yval, description, id) 
    values
        (?, ?, ?, ?)
14:19:11,650 DEBUG SQL:104 - 
    insert 
    into
        DataPoint
        (xval, yval, description, id) 
    values
        (?, ?, ?, ?)
14:19:11,659 DEBUG SQL:104 - 
    insert 
    into
        DataPoint
        (xval, yval, description, id) 
    values
        (?, ?, ?, ?)
14:19:11,659 DEBUG SQL:104 - 
    insert 
    into
        DataPoint
        (xval, yval, description, id) 
    values
        (?, ?, ?, ?)
14:19:11,660 DEBUG SQL:104 - 
    select
        datapoint0_.id as id1_,
        datapoint0_.xval as xval1_,
        datapoint0_.yval as yval1_,
        datapoint0_.description as descript4_1_ 
    from
        DataPoint datapoint0_ 
    order by
        datapoint0_.xval asc
14:19:11,663 DEBUG SQL:104 - 
    update
        DataPoint 
    set
        description=? 
    where
        id=?
14:19:11,663 DEBUG SQL:104 - 
    select
        datapoint0_.id as id1_,
        datapoint0_.xval as xval1_,
        datapoint0_.yval as yval1_,
        datapoint0_.description as descript4_1_ 
    from
        DataPoint datapoint0_ 
    where
        datapoint0_.description='done!'
14:19:11,664 DEBUG SQL:104 - 
    delete 
    from
        DataPoint
14:19:11,686  INFO CustomRunner:139 - Test: testReadOnlySessionModifiableQueryIterate
14:19:11,690 DEBUG SQL:104 - 
    insert 
    into
        DataPoint
        (xval, yval, description, id) 
    values
        (?, ?, ?, ?)
14:19:11,691 DEBUG SQL:104 - 
    insert 
    into
        DataPoint
        (xval, yval, description, id) 
    values
        (?, ?, ?, ?)
14:19:11,691 DEBUG SQL:104 - 
    insert 
    into
        DataPoint
        (xval, yval, description, id) 
    values
        (?, ?, ?, ?)
14:19:11,691 DEBUG SQL:104 - 
    insert 
    into
        DataPoint
        (xval, yval, description, id) 
    values
        (?, ?, ?, ?)
14:19:11,694 DEBUG SQL:104 - 
    insert 
    into
        DataPoint
        (xval, yval, description, id) 
    values
        (?, ?, ?, ?)
14:19:11,694 DEBUG SQL:104 - 
    insert 
    into
        DataPoint
        (xval, yval, description, id) 
    values
        (?, ?, ?, ?)
14:19:11,695 DEBUG SQL:104 - 
    insert 
    into
        DataPoint
        (xval, yval, description, id) 
    values
        (?, ?, ?, ?)
14:19:11,696 DEBUG SQL:104 - 
    insert 
    into
        DataPoint
        (xval, yval, description, id) 
    values
        (?, ?, ?, ?)
14:19:11,704 DEBUG SQL:104 - 
    insert 
    into
        DataPoint
        (xval, yval, description, id) 
    values
        (?, ?, ?, ?)
14:19:11,705 DEBUG SQL:104 - 
    insert 
    into
        DataPoint
        (xval, yval, description, id) 
    values
        (?, ?, ?, ?)
14:19:11,705 DEBUG SQL:104 - 
    insert 
    into
        DataPoint
        (xval, yval, description, id) 
    values
        (?, ?, ?, ?)
14:19:11,705 DEBUG SQL:104 - 
    insert 
    into
        DataPoint
        (xval, yval, description, id) 
    values
        (?, ?, ?, ?)
14:19:11,705 DEBUG SQL:104 - 
    insert 
    into
        DataPoint
        (xval, yval, description, id) 
    values
        (?, ?, ?, ?)
14:19:11,715 DEBUG SQL:104 - 
    insert 
    into
        DataPoint
        (xval, yval, description, id) 
    values
        (?, ?, ?, ?)
14:19:11,716 DEBUG SQL:104 - 
    insert 
    into
        DataPoint
        (xval, yval, description, id) 
    values
        (?, ?, ?, ?)
14:19:11,717 DEBUG SQL:104 - 
    insert 
    into
        DataPoint
        (xval, yval, description, id) 
    values
        (?, ?, ?, ?)
14:19:11,717 DEBUG SQL:104 - 
    insert 
    into
        DataPoint
        (xval, yval, description, id) 
    values
        (?, ?, ?, ?)
14:19:11,727 DEBUG SQL:104 - 
    insert 
    into
        DataPoint
        (xval, yval, description, id) 
    values
        (?, ?, ?, ?)
14:19:11,728 DEBUG SQL:104 - 
    insert 
    into
        DataPoint
        (xval, yval, description, id) 
    values
        (?, ?, ?, ?)
14:19:11,729 DEBUG SQL:104 - 
    insert 
    into
        DataPoint
        (xval, yval, description, id) 
    values
        (?, ?, ?, ?)
14:19:11,729 DEBUG SQL:104 - 
    insert 
    into
        DataPoint
        (xval, yval, description, id) 
    values
        (?, ?, ?, ?)
14:19:11,738 DEBUG SQL:104 - 
    insert 
    into
        DataPoint
        (xval, yval, description, id) 
    values
        (?, ?, ?, ?)
14:19:11,738 DEBUG SQL:104 - 
    insert 
    into
        DataPoint
        (xval, yval, description, id) 
    values
        (?, ?, ?, ?)
14:19:11,739 DEBUG SQL:104 - 
    insert 
    into
        DataPoint
        (xval, yval, description, id) 
    values
        (?, ?, ?, ?)
14:19:11,739 DEBUG SQL:104 - 
    insert 
    into
        DataPoint
        (xval, yval, description, id) 
    values
        (?, ?, ?, ?)
14:19:11,739 DEBUG SQL:104 - 
    insert 
    into
        DataPoint
        (xval, yval, description, id) 
    values
        (?, ?, ?, ?)
14:19:11,750 DEBUG SQL:104 - 
    insert 
    into
        DataPoint
        (xval, yval, description, id) 
    values
        (?, ?, ?, ?)
14:19:11,750 DEBUG SQL:104 - 
    insert 
    into
        DataPoint
        (xval, yval, description, id) 
    values
        (?, ?, ?, ?)
14:19:11,750 DEBUG SQL:104 - 
    insert 
    into
        DataPoint
        (xval, yval, description, id) 
    values
        (?, ?, ?, ?)
14:19:11,750 DEBUG SQL:104 - 
    insert 
    into
        DataPoint
        (xval, yval, description, id) 
    values
        (?, ?, ?, ?)
14:19:11,760 DEBUG SQL:104 - 
    insert 
    into
        DataPoint
        (xval, yval, description, id) 
    values
        (?, ?, ?, ?)
14:19:11,760 DEBUG SQL:104 - 
    insert 
    into
        DataPoint
        (xval, yval, description, id) 
    values
        (?, ?, ?, ?)
14:19:11,760 DEBUG SQL:104 - 
    insert 
    into
        DataPoint
        (xval, yval, description, id) 
    values
        (?, ?, ?, ?)
14:19:11,760 DEBUG SQL:104 - 
    insert 
    into
        DataPoint
        (xval, yval, description, id) 
    values
        (?, ?, ?, ?)
14:19:11,760 DEBUG SQL:104 - 
    insert 
    into
        DataPoint
        (xval, yval, description, id) 
    values
        (?, ?, ?, ?)
14:19:11,761 DEBUG SQL:104 - 
    insert 
    into
        DataPoint
        (xval, yval, description, id) 
    values
        (?, ?, ?, ?)
14:19:11,761 DEBUG SQL:104 - 
    insert 
    into
        DataPoint
        (xval, yval, description, id) 
    values
        (?, ?, ?, ?)
14:19:11,761 DEBUG SQL:104 - 
    insert 
    into
        DataPoint
        (xval, yval, description, id) 
    values
        (?, ?, ?, ?)
14:19:11,761 DEBUG SQL:104 - 
    insert 
    into
        DataPoint
        (xval, yval, description, id) 
    values
        (?, ?, ?, ?)
14:19:11,770 DEBUG SQL:104 - 
    insert 
    into
        DataPoint
        (xval, yval, description, id) 
    values
        (?, ?, ?, ?)
14:19:11,771 DEBUG SQL:104 - 
    insert 
    into
        DataPoint
        (xval, yval, description, id) 
    values
        (?, ?, ?, ?)
14:19:11,771 DEBUG SQL:104 - 
    insert 
    into
        DataPoint
        (xval, yval, description, id) 
    values
        (?, ?, ?, ?)
14:19:11,771 DEBUG SQL:104 - 
    insert 
    into
        DataPoint
        (xval, yval, description, id) 
    values
        (?, ?, ?, ?)
14:19:11,780 DEBUG SQL:104 - 
    insert 
    into
        DataPoint
        (xval, yval, description, id) 
    values
        (?, ?, ?, ?)
14:19:11,781 DEBUG SQL:104 - 
    insert 
    into
        DataPoint
        (xval, yval, description, id) 
    values
        (?, ?, ?, ?)
14:19:11,781 DEBUG SQL:104 - 
    insert 
    into
        DataPoint
        (xval, yval, description, id) 
    values
        (?, ?, ?, ?)
14:19:11,781 DEBUG SQL:104 - 
    insert 
    into
        DataPoint
        (xval, yval, description, id) 
    values
        (?, ?, ?, ?)
14:19:11,781 DEBUG SQL:104 - 
    insert 
    into
        DataPoint
        (xval, yval, description, id) 
    values
        (?, ?, ?, ?)
14:19:11,781 DEBUG SQL:104 - 
    insert 
    into
        DataPoint
        (xval, yval, description, id) 
    values
        (?, ?, ?, ?)
14:19:11,782 DEBUG SQL:104 - 
    insert 
    into
        DataPoint
        (xval, yval, description, id) 
    values
        (?, ?, ?, ?)
14:19:11,801 DEBUG SQL:104 - 
    insert 
    into
        DataPoint
        (xval, yval, description, id) 
    values
        (?, ?, ?, ?)
14:19:11,802 DEBUG SQL:104 - 
    insert 
    into
        DataPoint
        (xval, yval, description, id) 
    values
        (?, ?, ?, ?)
14:19:11,802 DEBUG SQL:104 - 
    insert 
    into
        DataPoint
        (xval, yval, description, id) 
    values
        (?, ?, ?, ?)
14:19:11,802 DEBUG SQL:104 - 
    insert 
    into
        DataPoint
        (xval, yval, description, id) 
    values
        (?, ?, ?, ?)
14:19:11,810 DEBUG SQL:104 - 
    insert 
    into
        DataPoint
        (xval, yval, description, id) 
    values
        (?, ?, ?, ?)
14:19:11,810 DEBUG SQL:104 - 
    insert 
    into
        DataPoint
        (xval, yval, description, id) 
    values
        (?, ?, ?, ?)
14:19:11,811 DEBUG SQL:104 - 
    insert 
    into
        DataPoint
        (xval, yval, description, id) 
    values
        (?, ?, ?, ?)
14:19:11,811 DEBUG SQL:104 - 
    insert 
    into
        DataPoint
        (xval, yval, description, id) 
    values
        (?, ?, ?, ?)
14:19:11,820 DEBUG SQL:104 - 
    insert 
    into
        DataPoint
        (xval, yval, description, id) 
    values
        (?, ?, ?, ?)
14:19:11,820 DEBUG SQL:104 - 
    insert 
    into
        DataPoint
        (xval, yval, description, id) 
    values
        (?, ?, ?, ?)
14:19:11,820 DEBUG SQL:104 - 
    insert 
    into
        DataPoint
        (xval, yval, description, id) 
    values
        (?, ?, ?, ?)
14:19:11,820 DEBUG SQL:104 - 
    insert 
    into
        DataPoint
        (xval, yval, description, id) 
    values
        (?, ?, ?, ?)
14:19:11,820 DEBUG SQL:104 - 
    insert 
    into
        DataPoint
        (xval, yval, description, id) 
    values
        (?, ?, ?, ?)
14:19:11,829 DEBUG SQL:104 - 
    insert 
    into
        DataPoint
        (xval, yval, description, id) 
    values
        (?, ?, ?, ?)
14:19:11,829 DEBUG SQL:104 - 
    insert 
    into
        DataPoint
        (xval, yval, description, id) 
    values
        (?, ?, ?, ?)
14:19:11,830 DEBUG SQL:104 - 
    insert 
    into
        DataPoint
        (xval, yval, description, id) 
    values
        (?, ?, ?, ?)
14:19:11,830 DEBUG SQL:104 - 
    insert 
    into
        DataPoint
        (xval, yval, description, id) 
    values
        (?, ?, ?, ?)
14:19:11,838 DEBUG SQL:104 - 
    insert 
    into
        DataPoint
        (xval, yval, description, id) 
    values
        (?, ?, ?, ?)
14:19:11,838 DEBUG SQL:104 - 
    insert 
    into
        DataPoint
        (xval, yval, description, id) 
    values
        (?, ?, ?, ?)
14:19:11,839 DEBUG SQL:104 - 
    insert 
    into
        DataPoint
        (xval, yval, description, id) 
    values
        (?, ?, ?, ?)
14:19:11,839 DEBUG SQL:104 - 
    insert 
    into
        DataPoint
        (xval, yval, description, id) 
    values
        (?, ?, ?, ?)
14:19:11,839 DEBUG SQL:104 - 
    insert 
    into
        DataPoint
        (xval, yval, description, id) 
    values
        (?, ?, ?, ?)
14:19:11,848 DEBUG SQL:104 - 
    insert 
    into
        DataPoint
        (xval, yval, description, id) 
    values
        (?, ?, ?, ?)
14:19:11,848 DEBUG SQL:104 - 
    insert 
    into
        DataPoint
        (xval, yval, description, id) 
    values
        (?, ?, ?, ?)
14:19:11,848 DEBUG SQL:104 - 
    insert 
    into
        DataPoint
        (xval, yval, description, id) 
    values
        (?, ?, ?, ?)
14:19:11,848 DEBUG SQL:104 - 
    insert 
    into
        DataPoint
        (xval, yval, description, id) 
    values
        (?, ?, ?, ?)
14:19:11,857 DEBUG SQL:104 - 
    insert 
    into
        DataPoint
        (xval, yval, description, id) 
    values
        (?, ?, ?, ?)
14:19:11,857 DEBUG SQL:104 - 
    insert 
    into
        DataPoint
        (xval, yval, description, id) 
    values
        (?, ?, ?, ?)
14:19:11,858 DEBUG SQL:104 - 
    insert 
    into
        DataPoint
        (xval, yval, description, id) 
    values
        (?, ?, ?, ?)
14:19:11,858 DEBUG SQL:104 - 
    insert 
    into
        DataPoint
        (xval, yval, description, id) 
    values
        (?, ?, ?, ?)
14:19:11,866 DEBUG SQL:104 - 
    insert 
    into
        DataPoint
        (xval, yval, description, id) 
    values
        (?, ?, ?, ?)
14:19:11,866 DEBUG SQL:104 - 
    insert 
    into
        DataPoint
        (xval, yval, description, id) 
    values
        (?, ?, ?, ?)
14:19:11,867 DEBUG SQL:104 - 
    insert 
    into
        DataPoint
        (xval, yval, description, id) 
    values
        (?, ?, ?, ?)
14:19:11,867 DEBUG SQL:104 - 
    insert 
    into
        DataPoint
        (xval, yval, description, id) 
    values
        (?, ?, ?, ?)
14:19:11,867 DEBUG SQL:104 - 
    insert 
    into
        DataPoint
        (xval, yval, description, id) 
    values
        (?, ?, ?, ?)
14:19:11,879 DEBUG SQL:104 - 
    insert 
    into
        DataPoint
        (xval, yval, description, id) 
    values
        (?, ?, ?, ?)
14:19:11,879 DEBUG SQL:104 - 
    insert 
    into
        DataPoint
        (xval, yval, description, id) 
    values
        (?, ?, ?, ?)
14:19:11,879 DEBUG SQL:104 - 
    insert 
    into
        DataPoint
        (xval, yval, description, id) 
    values
        (?, ?, ?, ?)
14:19:11,879 DEBUG SQL:104 - 
    insert 
    into
        DataPoint
        (xval, yval, description, id) 
    values
        (?, ?, ?, ?)
14:19:11,880 DEBUG SQL:104 - 
    insert 
    into
        DataPoint
        (xval, yval, description, id) 
    values
        (?, ?, ?, ?)
14:19:11,880 DEBUG SQL:104 - 
    insert 
    into
        DataPoint
        (xval, yval, description, id) 
    values
        (?, ?, ?, ?)
14:19:11,880 DEBUG SQL:104 - 
    insert 
    into
        DataPoint
        (xval, yval, description, id) 
    values
        (?, ?, ?, ?)
14:19:11,880 DEBUG SQL:104 - 
    insert 
    into
        DataPoint
        (xval, yval, description, id) 
    values
        (?, ?, ?, ?)
14:19:11,881 DEBUG SQL:104 - 
    insert 
    into
        DataPoint
        (xval, yval, description, id) 
    values
        (?, ?, ?, ?)
14:19:11,881 DEBUG SQL:104 - 
    insert 
    into
        DataPoint
        (xval, yval, description, id) 
    values
        (?, ?, ?, ?)
14:19:11,887 DEBUG SQL:104 - 
    insert 
    into
        DataPoint
        (xval, yval, description, id) 
    values
        (?, ?, ?, ?)
14:19:11,888 DEBUG SQL:104 - 
    insert 
    into
        DataPoint
        (xval, yval, description, id) 
    values
        (?, ?, ?, ?)
14:19:11,888 DEBUG SQL:104 - 
    insert 
    into
        DataPoint
        (xval, yval, description, id) 
    values
        (?, ?, ?, ?)
14:19:11,888 DEBUG SQL:104 - 
    insert 
    into
        DataPoint
        (xval, yval, description, id) 
    values
        (?, ?, ?, ?)
14:19:11,888 DEBUG SQL:104 - 
    insert 
    into
        DataPoint
        (xval, yval, description, id) 
    values
        (?, ?, ?, ?)
14:19:11,902 DEBUG SQL:104 - 
    select
        datapoint0_.id as col_0_0_ 
    from
        DataPoint datapoint0_ 
    order by
        datapoint0_.xval asc
14:19:11,902 DEBUG SQL:104 - 
    select
        datapoint0_.id as id1_0_,
        datapoint0_.xval as xval1_0_,
        datapoint0_.yval as yval1_0_,
        datapoint0_.description as descript4_1_0_ 
    from
        DataPoint datapoint0_ 
    where
        datapoint0_.id=?
14:19:11,903 DEBUG SQL:104 - 
    select
        datapoint0_.id as id1_0_,
        datapoint0_.xval as xval1_0_,
        datapoint0_.yval as yval1_0_,
        datapoint0_.description as descript4_1_0_ 
    from
        DataPoint datapoint0_ 
    where
        datapoint0_.id=?
14:19:11,911 DEBUG SQL:104 - 
    select
        datapoint0_.id as id1_0_,
        datapoint0_.xval as xval1_0_,
        datapoint0_.yval as yval1_0_,
        datapoint0_.description as descript4_1_0_ 
    from
        DataPoint datapoint0_ 
    where
        datapoint0_.id=?
14:19:11,911 DEBUG SQL:104 - 
    select
        datapoint0_.id as id1_0_,
        datapoint0_.xval as xval1_0_,
        datapoint0_.yval as yval1_0_,
        datapoint0_.description as descript4_1_0_ 
    from
        DataPoint datapoint0_ 
    where
        datapoint0_.id=?
14:19:11,922 DEBUG SQL:104 - 
    select
        datapoint0_.id as id1_0_,
        datapoint0_.xval as xval1_0_,
        datapoint0_.yval as yval1_0_,
        datapoint0_.description as descript4_1_0_ 
    from
        DataPoint datapoint0_ 
    where
        datapoint0_.id=?
14:19:11,922 DEBUG SQL:104 - 
    select
        datapoint0_.id as id1_0_,
        datapoint0_.xval as xval1_0_,
        datapoint0_.yval as yval1_0_,
        datapoint0_.description as descript4_1_0_ 
    from
        DataPoint datapoint0_ 
    where
        datapoint0_.id=?
14:19:11,922 DEBUG SQL:104 - 
    select
        datapoint0_.id as id1_0_,
        datapoint0_.xval as xval1_0_,
        datapoint0_.yval as yval1_0_,
        datapoint0_.description as descript4_1_0_ 
    from
        DataPoint datapoint0_ 
    where
        datapoint0_.id=?
14:19:11,933 DEBUG SQL:104 - 
    select
        datapoint0_.id as id1_0_,
        datapoint0_.xval as xval1_0_,
        datapoint0_.yval as yval1_0_,
        datapoint0_.description as descript4_1_0_ 
    from
        DataPoint datapoint0_ 
    where
        datapoint0_.id=?
14:19:11,934 DEBUG SQL:104 - 
    select
        datapoint0_.id as id1_0_,
        datapoint0_.xval as xval1_0_,
        datapoint0_.yval as yval1_0_,
        datapoint0_.description as descript4_1_0_ 
    from
        DataPoint datapoint0_ 
    where
        datapoint0_.id=?
14:19:11,934 DEBUG SQL:104 - 
    select
        datapoint0_.id as id1_0_,
        datapoint0_.xval as xval1_0_,
        datapoint0_.yval as yval1_0_,
        datapoint0_.description as descript4_1_0_ 
    from
        DataPoint datapoint0_ 
    where
        datapoint0_.id=?
14:19:11,944 DEBUG SQL:104 - 
    select
        datapoint0_.id as id1_0_,
        datapoint0_.xval as xval1_0_,
        datapoint0_.yval as yval1_0_,
        datapoint0_.description as descript4_1_0_ 
    from
        DataPoint datapoint0_ 
    where
        datapoint0_.id=?
14:19:11,944 DEBUG SQL:104 - 
    select
        datapoint0_.id as id1_0_,
        datapoint0_.xval as xval1_0_,
        datapoint0_.yval as yval1_0_,
        datapoint0_.description as descript4_1_0_ 
    from
        DataPoint datapoint0_ 
    where
        datapoint0_.id=?
14:19:11,945 DEBUG SQL:104 - 
    select
        datapoint0_.id as id1_0_,
        datapoint0_.xval as xval1_0_,
        datapoint0_.yval as yval1_0_,
        datapoint0_.description as descript4_1_0_ 
    from
        DataPoint datapoint0_ 
    where
        datapoint0_.id=?
14:19:11,954 DEBUG SQL:104 - 
    select
        datapoint0_.id as id1_0_,
        datapoint0_.xval as xval1_0_,
        datapoint0_.yval as yval1_0_,
        datapoint0_.description as descript4_1_0_ 
    from
        DataPoint datapoint0_ 
    where
        datapoint0_.id=?
14:19:11,955 DEBUG SQL:104 - 
    select
        datapoint0_.id as id1_0_,
        datapoint0_.xval as xval1_0_,
        datapoint0_.yval as yval1_0_,
        datapoint0_.description as descript4_1_0_ 
    from
        DataPoint datapoint0_ 
    where
        datapoint0_.id=?
14:19:11,955 DEBUG SQL:104 - 
    select
        datapoint0_.id as id1_0_,
        datapoint0_.xval as xval1_0_,
        datapoint0_.yval as yval1_0_,
        datapoint0_.description as descript4_1_0_ 
    from
        DataPoint datapoint0_ 
    where
        datapoint0_.id=?
14:19:11,967 DEBUG SQL:104 - 
    select
        datapoint0_.id as id1_0_,
        datapoint0_.xval as xval1_0_,
        datapoint0_.yval as yval1_0_,
        datapoint0_.description as descript4_1_0_ 
    from
        DataPoint datapoint0_ 
    where
        datapoint0_.id=?
14:19:11,967 DEBUG SQL:104 - 
    select
        datapoint0_.id as id1_0_,
        datapoint0_.xval as xval1_0_,
        datapoint0_.yval as yval1_0_,
        datapoint0_.description as descript4_1_0_ 
    from
        DataPoint datapoint0_ 
    where
        datapoint0_.id=?
14:19:11,968 DEBUG SQL:104 - 
    select
        datapoint0_.id as id1_0_,
        datapoint0_.xval as xval1_0_,
        datapoint0_.yval as yval1_0_,
        datapoint0_.description as descript4_1_0_ 
    from
        DataPoint datapoint0_ 
    where
        datapoint0_.id=?
14:19:11,978 DEBUG SQL:104 - 
    select
        datapoint0_.id as id1_0_,
        datapoint0_.xval as xval1_0_,
        datapoint0_.yval as yval1_0_,
        datapoint0_.description as descript4_1_0_ 
    from
        DataPoint datapoint0_ 
    where
        datapoint0_.id=?
14:19:11,978 DEBUG SQL:104 - 
    select
        datapoint0_.id as id1_0_,
        datapoint0_.xval as xval1_0_,
        datapoint0_.yval as yval1_0_,
        datapoint0_.description as descript4_1_0_ 
    from
        DataPoint datapoint0_ 
    where
        datapoint0_.id=?
14:19:11,978 DEBUG SQL:104 - 
    select
        datapoint0_.id as id1_0_,
        datapoint0_.xval as xval1_0_,
        datapoint0_.yval as yval1_0_,
        datapoint0_.description as descript4_1_0_ 
    from
        DataPoint datapoint0_ 
    where
        datapoint0_.id=?
14:19:11,988 DEBUG SQL:104 - 
    select
        datapoint0_.id as id1_0_,
        datapoint0_.xval as xval1_0_,
        datapoint0_.yval as yval1_0_,
        datapoint0_.description as descript4_1_0_ 
    from
        DataPoint datapoint0_ 
    where
        datapoint0_.id=?
14:19:11,989 DEBUG SQL:104 - 
    select
        datapoint0_.id as id1_0_,
        datapoint0_.xval as xval1_0_,
        datapoint0_.yval as yval1_0_,
        datapoint0_.description as descript4_1_0_ 
    from
        DataPoint datapoint0_ 
    where
        datapoint0_.id=?
14:19:11,989 DEBUG SQL:104 - 
    select
        datapoint0_.id as id1_0_,
        datapoint0_.xval as xval1_0_,
        datapoint0_.yval as yval1_0_,
        datapoint0_.description as descript4_1_0_ 
    from
        DataPoint datapoint0_ 
    where
        datapoint0_.id=?
14:19:12,000 DEBUG SQL:104 - 
    select
        datapoint0_.id as id1_0_,
        datapoint0_.xval as xval1_0_,
        datapoint0_.yval as yval1_0_,
        datapoint0_.description as descript4_1_0_ 
    from
        DataPoint datapoint0_ 
    where
        datapoint0_.id=?
14:19:12,000 DEBUG SQL:104 - 
    select
        datapoint0_.id as id1_0_,
        datapoint0_.xval as xval1_0_,
        datapoint0_.yval as yval1_0_,
        datapoint0_.description as descript4_1_0_ 
    from
        DataPoint datapoint0_ 
    where
        datapoint0_.id=?
14:19:12,000 DEBUG SQL:104 - 
    select
        datapoint0_.id as id1_0_,
        datapoint0_.xval as xval1_0_,
        datapoint0_.yval as yval1_0_,
        datapoint0_.description as descript4_1_0_ 
    from
        DataPoint datapoint0_ 
    where
        datapoint0_.id=?
14:19:12,001 DEBUG SQL:104 - 
    select
        datapoint0_.id as id1_0_,
        datapoint0_.xval as xval1_0_,
        datapoint0_.yval as yval1_0_,
        datapoint0_.description as descript4_1_0_ 
    from
        DataPoint datapoint0_ 
    where
        datapoint0_.id=?
14:19:12,001 DEBUG SQL:104 - 
    select
        datapoint0_.id as id1_0_,
        datapoint0_.xval as xval1_0_,
        datapoint0_.yval as yval1_0_,
        datapoint0_.description as descript4_1_0_ 
    from
        DataPoint datapoint0_ 
    where
        datapoint0_.id=?
14:19:12,001 DEBUG SQL:104 - 
    select
        datapoint0_.id as id1_0_,
        datapoint0_.xval as xval1_0_,
        datapoint0_.yval as yval1_0_,
        datapoint0_.description as descript4_1_0_ 
    from
        DataPoint datapoint0_ 
    where
        datapoint0_.id=?
14:19:12,014 DEBUG SQL:104 - 
    select
        datapoint0_.id as id1_0_,
        datapoint0_.xval as xval1_0_,
        datapoint0_.yval as yval1_0_,
        datapoint0_.description as descript4_1_0_ 
    from
        DataPoint datapoint0_ 
    where
        datapoint0_.id=?
14:19:12,014 DEBUG SQL:104 - 
    select
        datapoint0_.id as id1_0_,
        datapoint0_.xval as xval1_0_,
        datapoint0_.yval as yval1_0_,
        datapoint0_.description as descript4_1_0_ 
    from
        DataPoint datapoint0_ 
    where
        datapoint0_.id=?
14:19:12,014 DEBUG SQL:104 - 
    select
        datapoint0_.id as id1_0_,
        datapoint0_.xval as xval1_0_,
        datapoint0_.yval as yval1_0_,
        datapoint0_.description as descript4_1_0_ 
    from
        DataPoint datapoint0_ 
    where
        datapoint0_.id=?
14:19:12,026 DEBUG SQL:104 - 
    select
        datapoint0_.id as id1_0_,
        datapoint0_.xval as xval1_0_,
        datapoint0_.yval as yval1_0_,
        datapoint0_.description as descript4_1_0_ 
    from
        DataPoint datapoint0_ 
    where
        datapoint0_.id=?
14:19:12,026 DEBUG SQL:104 - 
    select
        datapoint0_.id as id1_0_,
        datapoint0_.xval as xval1_0_,
        datapoint0_.yval as yval1_0_,
        datapoint0_.description as descript4_1_0_ 
    from
        DataPoint datapoint0_ 
    where
        datapoint0_.id=?
14:19:12,027 DEBUG SQL:104 - 
    select
        datapoint0_.id as id1_0_,
        datapoint0_.xval as xval1_0_,
        datapoint0_.yval as yval1_0_,
        datapoint0_.description as descript4_1_0_ 
    from
        DataPoint datapoint0_ 
    where
        datapoint0_.id=?
14:19:12,036 DEBUG SQL:104 - 
    select
        datapoint0_.id as id1_0_,
        datapoint0_.xval as xval1_0_,
        datapoint0_.yval as yval1_0_,
        datapoint0_.description as descript4_1_0_ 
    from
        DataPoint datapoint0_ 
    where
        datapoint0_.id=?
14:19:12,036 DEBUG SQL:104 - 
    select
        datapoint0_.id as id1_0_,
        datapoint0_.xval as xval1_0_,
        datapoint0_.yval as yval1_0_,
        datapoint0_.description as descript4_1_0_ 
    from
        DataPoint datapoint0_ 
    where
        datapoint0_.id=?
14:19:12,046 DEBUG SQL:104 - 
    select
        datapoint0_.id as id1_0_,
        datapoint0_.xval as xval1_0_,
        datapoint0_.yval as yval1_0_,
        datapoint0_.description as descript4_1_0_ 
    from
        DataPoint datapoint0_ 
    where
        datapoint0_.id=?
14:19:12,047 DEBUG SQL:104 - 
    select
        datapoint0_.id as id1_0_,
        datapoint0_.xval as xval1_0_,
        datapoint0_.yval as yval1_0_,
        datapoint0_.description as descript4_1_0_ 
    from
        DataPoint datapoint0_ 
    where
        datapoint0_.id=?
14:19:12,047 DEBUG SQL:104 - 
    select
        datapoint0_.id as id1_0_,
        datapoint0_.xval as xval1_0_,
        datapoint0_.yval as yval1_0_,
        datapoint0_.description as descript4_1_0_ 
    from
        DataPoint datapoint0_ 
    where
        datapoint0_.id=?
14:19:12,056 DEBUG SQL:104 - 
    select
        datapoint0_.id as id1_0_,
        datapoint0_.xval as xval1_0_,
        datapoint0_.yval as yval1_0_,
        datapoint0_.description as descript4_1_0_ 
    from
        DataPoint datapoint0_ 
    where
        datapoint0_.id=?
14:19:12,056 DEBUG SQL:104 - 
    select
        datapoint0_.id as id1_0_,
        datapoint0_.xval as xval1_0_,
        datapoint0_.yval as yval1_0_,
        datapoint0_.description as descript4_1_0_ 
    from
        DataPoint datapoint0_ 
    where
        datapoint0_.id=?
14:19:12,057 DEBUG SQL:104 - 
    select
        datapoint0_.id as id1_0_,
        datapoint0_.xval as xval1_0_,
        datapoint0_.yval as yval1_0_,
        datapoint0_.description as descript4_1_0_ 
    from
        DataPoint datapoint0_ 
    where
        datapoint0_.id=?
14:19:12,067 DEBUG SQL:104 - 
    select
        datapoint0_.id as id1_0_,
        datapoint0_.xval as xval1_0_,
        datapoint0_.yval as yval1_0_,
        datapoint0_.description as descript4_1_0_ 
    from
        DataPoint datapoint0_ 
    where
        datapoint0_.id=?
14:19:12,067 DEBUG SQL:104 - 
    select
        datapoint0_.id as id1_0_,
        datapoint0_.xval as xval1_0_,
        datapoint0_.yval as yval1_0_,
        datapoint0_.description as descript4_1_0_ 
    from
        DataPoint datapoint0_ 
    where
        datapoint0_.id=?
14:19:12,068 DEBUG SQL:104 - 
    select
        datapoint0_.id as id1_0_,
        datapoint0_.xval as xval1_0_,
        datapoint0_.yval as yval1_0_,
        datapoint0_.description as descript4_1_0_ 
    from
        DataPoint datapoint0_ 
    where
        datapoint0_.id=?
14:19:12,078 DEBUG SQL:104 - 
    select
        datapoint0_.id as id1_0_,
        datapoint0_.xval as xval1_0_,
        datapoint0_.yval as yval1_0_,
        datapoint0_.description as descript4_1_0_ 
    from
        DataPoint datapoint0_ 
    where
        datapoint0_.id=?
14:19:12,079 DEBUG SQL:104 - 
    select
        datapoint0_.id as id1_0_,
        datapoint0_.xval as xval1_0_,
        datapoint0_.yval as yval1_0_,
        datapoint0_.description as descript4_1_0_ 
    from
        DataPoint datapoint0_ 
    where
        datapoint0_.id=?
14:19:12,079 DEBUG SQL:104 - 
    select
        datapoint0_.id as id1_0_,
        datapoint0_.xval as xval1_0_,
        datapoint0_.yval as yval1_0_,
        datapoint0_.description as descript4_1_0_ 
    from
        DataPoint datapoint0_ 
    where
        datapoint0_.id=?
14:19:12,089 DEBUG SQL:104 - 
    select
        datapoint0_.id as id1_0_,
        datapoint0_.xval as xval1_0_,
        datapoint0_.yval as yval1_0_,
        datapoint0_.description as descript4_1_0_ 
    from
        DataPoint datapoint0_ 
    where
        datapoint0_.id=?
14:19:12,089 DEBUG SQL:104 - 
    select
        datapoint0_.id as id1_0_,
        datapoint0_.xval as xval1_0_,
        datapoint0_.yval as yval1_0_,
        datapoint0_.description as descript4_1_0_ 
    from
        DataPoint datapoint0_ 
    where
        datapoint0_.id=?
14:19:12,090 DEBUG SQL:104 - 
    select
        datapoint0_.id as id1_0_,
        datapoint0_.xval as xval1_0_,
        datapoint0_.yval as yval1_0_,
        datapoint0_.description as descript4_1_0_ 
    from
        DataPoint datapoint0_ 
    where
        datapoint0_.id=?
14:19:12,099 DEBUG SQL:104 - 
    select
        datapoint0_.id as id1_0_,
        datapoint0_.xval as xval1_0_,
        datapoint0_.yval as yval1_0_,
        datapoint0_.description as descript4_1_0_ 
    from
        DataPoint datapoint0_ 
    where
        datapoint0_.id=?
14:19:12,100 DEBUG SQL:104 - 
    select
        datapoint0_.id as id1_0_,
        datapoint0_.xval as xval1_0_,
        datapoint0_.yval as yval1_0_,
        datapoint0_.description as descript4_1_0_ 
    from
        DataPoint datapoint0_ 
    where
        datapoint0_.id=?
14:19:12,100 DEBUG SQL:104 - 
    select
        datapoint0_.id as id1_0_,
        datapoint0_.xval as xval1_0_,
        datapoint0_.yval as yval1_0_,
        datapoint0_.description as descript4_1_0_ 
    from
        DataPoint datapoint0_ 
    where
        datapoint0_.id=?
14:19:12,113 DEBUG SQL:104 - 
    select
        datapoint0_.id as id1_0_,
        datapoint0_.xval as xval1_0_,
        datapoint0_.yval as yval1_0_,
        datapoint0_.description as descript4_1_0_ 
    from
        DataPoint datapoint0_ 
    where
        datapoint0_.id=?
14:19:12,114 DEBUG SQL:104 - 
    select
        datapoint0_.id as id1_0_,
        datapoint0_.xval as xval1_0_,
        datapoint0_.yval as yval1_0_,
        datapoint0_.description as descript4_1_0_ 
    from
        DataPoint datapoint0_ 
    where
        datapoint0_.id=?
14:19:12,114 DEBUG SQL:104 - 
    select
        datapoint0_.id as id1_0_,
        datapoint0_.xval as xval1_0_,
        datapoint0_.yval as yval1_0_,
        datapoint0_.description as descript4_1_0_ 
    from
        DataPoint datapoint0_ 
    where
        datapoint0_.id=?
14:19:12,124 DEBUG SQL:104 - 
    select
        datapoint0_.id as id1_0_,
        datapoint0_.xval as xval1_0_,
        datapoint0_.yval as yval1_0_,
        datapoint0_.description as descript4_1_0_ 
    from
        DataPoint datapoint0_ 
    where
        datapoint0_.id=?
14:19:12,125 DEBUG SQL:104 - 
    select
        datapoint0_.id as id1_0_,
        datapoint0_.xval as xval1_0_,
        datapoint0_.yval as yval1_0_,
        datapoint0_.description as descript4_1_0_ 
    from
        DataPoint datapoint0_ 
    where
        datapoint0_.id=?
14:19:12,126 DEBUG SQL:104 - 
    select
        datapoint0_.id as id1_0_,
        datapoint0_.xval as xval1_0_,
        datapoint0_.yval as yval1_0_,
        datapoint0_.description as descript4_1_0_ 
    from
        DataPoint datapoint0_ 
    where
        datapoint0_.id=?
14:19:12,137 DEBUG SQL:104 - 
    select
        datapoint0_.id as id1_0_,
        datapoint0_.xval as xval1_0_,
        datapoint0_.yval as yval1_0_,
        datapoint0_.description as descript4_1_0_ 
    from
        DataPoint datapoint0_ 
    where
        datapoint0_.id=?
14:19:12,138 DEBUG SQL:104 - 
    select
        datapoint0_.id as id1_0_,
        datapoint0_.xval as xval1_0_,
        datapoint0_.yval as yval1_0_,
        datapoint0_.description as descript4_1_0_ 
    from
        DataPoint datapoint0_ 
    where
        datapoint0_.id=?
14:19:12,138 DEBUG SQL:104 - 
    select
        datapoint0_.id as id1_0_,
        datapoint0_.xval as xval1_0_,
        datapoint0_.yval as yval1_0_,
        datapoint0_.description as descript4_1_0_ 
    from
        DataPoint datapoint0_ 
    where
        datapoint0_.id=?
14:19:12,138 DEBUG SQL:104 - 
    select
        datapoint0_.id as id1_0_,
        datapoint0_.xval as xval1_0_,
        datapoint0_.yval as yval1_0_,
        datapoint0_.description as descript4_1_0_ 
    from
        DataPoint datapoint0_ 
    where
        datapoint0_.id=?
14:19:12,139 DEBUG SQL:104 - 
    select
        datapoint0_.id as id1_0_,
        datapoint0_.xval as xval1_0_,
        datapoint0_.yval as yval1_0_,
        datapoint0_.description as descript4_1_0_ 
    from
        DataPoint datapoint0_ 
    where
        datapoint0_.id=?
14:19:12,139 DEBUG SQL:104 - 
    select
        datapoint0_.id as id1_0_,
        datapoint0_.xval as xval1_0_,
        datapoint0_.yval as yval1_0_,
        datapoint0_.description as descript4_1_0_ 
    from
        DataPoint datapoint0_ 
    where
        datapoint0_.id=?
14:19:12,151 DEBUG SQL:104 - 
    select
        datapoint0_.id as id1_0_,
        datapoint0_.xval as xval1_0_,
        datapoint0_.yval as yval1_0_,
        datapoint0_.description as descript4_1_0_ 
    from
        DataPoint datapoint0_ 
    where
        datapoint0_.id=?
14:19:12,151 DEBUG SQL:104 - 
    select
        datapoint0_.id as id1_0_,
        datapoint0_.xval as xval1_0_,
        datapoint0_.yval as yval1_0_,
        datapoint0_.description as descript4_1_0_ 
    from
        DataPoint datapoint0_ 
    where
        datapoint0_.id=?
14:19:12,151 DEBUG SQL:104 - 
    select
        datapoint0_.id as id1_0_,
        datapoint0_.xval as xval1_0_,
        datapoint0_.yval as yval1_0_,
        datapoint0_.description as descript4_1_0_ 
    from
        DataPoint datapoint0_ 
    where
        datapoint0_.id=?
14:19:12,163 DEBUG SQL:104 - 
    select
        datapoint0_.id as id1_0_,
        datapoint0_.xval as xval1_0_,
        datapoint0_.yval as yval1_0_,
        datapoint0_.description as descript4_1_0_ 
    from
        DataPoint datapoint0_ 
    where
        datapoint0_.id=?
14:19:12,164 DEBUG SQL:104 - 
    select
        datapoint0_.id as id1_0_,
        datapoint0_.xval as xval1_0_,
        datapoint0_.yval as yval1_0_,
        datapoint0_.description as descript4_1_0_ 
    from
        DataPoint datapoint0_ 
    where
        datapoint0_.id=?
14:19:12,164 DEBUG SQL:104 - 
    select
        datapoint0_.id as id1_0_,
        datapoint0_.xval as xval1_0_,
        datapoint0_.yval as yval1_0_,
        datapoint0_.description as descript4_1_0_ 
    from
        DataPoint datapoint0_ 
    where
        datapoint0_.id=?
14:19:12,174 DEBUG SQL:104 - 
    select
        datapoint0_.id as id1_0_,
        datapoint0_.xval as xval1_0_,
        datapoint0_.yval as yval1_0_,
        datapoint0_.description as descript4_1_0_ 
    from
        DataPoint datapoint0_ 
    where
        datapoint0_.id=?
14:19:12,174 DEBUG SQL:104 - 
    select
        datapoint0_.id as id1_0_,
        datapoint0_.xval as xval1_0_,
        datapoint0_.yval as yval1_0_,
        datapoint0_.description as descript4_1_0_ 
    from
        DataPoint datapoint0_ 
    where
        datapoint0_.id=?
14:19:12,185 DEBUG SQL:104 - 
    select
        datapoint0_.id as id1_0_,
        datapoint0_.xval as xval1_0_,
        datapoint0_.yval as yval1_0_,
        datapoint0_.description as descript4_1_0_ 
    from
        DataPoint datapoint0_ 
    where
        datapoint0_.id=?
14:19:12,185 DEBUG SQL:104 - 
    select
        datapoint0_.id as id1_0_,
        datapoint0_.xval as xval1_0_,
        datapoint0_.yval as yval1_0_,
        datapoint0_.description as descript4_1_0_ 
    from
        DataPoint datapoint0_ 
    where
        datapoint0_.id=?
14:19:12,186 DEBUG SQL:104 - 
    select
        datapoint0_.id as id1_0_,
        datapoint0_.xval as xval1_0_,
        datapoint0_.yval as yval1_0_,
        datapoint0_.description as descript4_1_0_ 
    from
        DataPoint datapoint0_ 
    where
        datapoint0_.id=?
14:19:12,195 DEBUG SQL:104 - 
    select
        datapoint0_.id as id1_0_,
        datapoint0_.xval as xval1_0_,
        datapoint0_.yval as yval1_0_,
        datapoint0_.description as descript4_1_0_ 
    from
        DataPoint datapoint0_ 
    where
        datapoint0_.id=?
14:19:12,195 DEBUG SQL:104 - 
    select
        datapoint0_.id as id1_0_,
        datapoint0_.xval as xval1_0_,
        datapoint0_.yval as yval1_0_,
        datapoint0_.description as descript4_1_0_ 
    from
        DataPoint datapoint0_ 
    where
        datapoint0_.id=?
14:19:12,195 DEBUG SQL:104 - 
    select
        datapoint0_.id as id1_0_,
        datapoint0_.xval as xval1_0_,
        datapoint0_.yval as yval1_0_,
        datapoint0_.description as descript4_1_0_ 
    from
        DataPoint datapoint0_ 
    where
        datapoint0_.id=?
14:19:12,206 DEBUG SQL:104 - 
    select
        datapoint0_.id as id1_0_,
        datapoint0_.xval as xval1_0_,
        datapoint0_.yval as yval1_0_,
        datapoint0_.description as descript4_1_0_ 
    from
        DataPoint datapoint0_ 
    where
        datapoint0_.id=?
14:19:12,206 DEBUG SQL:104 - 
    select
        datapoint0_.id as id1_0_,
        datapoint0_.xval as xval1_0_,
        datapoint0_.yval as yval1_0_,
        datapoint0_.description as descript4_1_0_ 
    from
        DataPoint datapoint0_ 
    where
        datapoint0_.id=?
14:19:12,207 DEBUG SQL:104 - 
    select
        datapoint0_.id as id1_0_,
        datapoint0_.xval as xval1_0_,
        datapoint0_.yval as yval1_0_,
        datapoint0_.description as descript4_1_0_ 
    from
        DataPoint datapoint0_ 
    where
        datapoint0_.id=?
14:19:12,216 DEBUG SQL:104 - 
    select
        datapoint0_.id as id1_0_,
        datapoint0_.xval as xval1_0_,
        datapoint0_.yval as yval1_0_,
        datapoint0_.description as descript4_1_0_ 
    from
        DataPoint datapoint0_ 
    where
        datapoint0_.id=?
14:19:12,216 DEBUG SQL:104 - 
    select
        datapoint0_.id as id1_0_,
        datapoint0_.xval as xval1_0_,
        datapoint0_.yval as yval1_0_,
        datapoint0_.description as descript4_1_0_ 
    from
        DataPoint datapoint0_ 
    where
        datapoint0_.id=?
14:19:12,217 DEBUG SQL:104 - 
    select
        datapoint0_.id as id1_0_,
        datapoint0_.xval as xval1_0_,
        datapoint0_.yval as yval1_0_,
        datapoint0_.description as descript4_1_0_ 
    from
        DataPoint datapoint0_ 
    where
        datapoint0_.id=?
14:19:12,226 DEBUG SQL:104 - 
    select
        datapoint0_.id as id1_0_,
        datapoint0_.xval as xval1_0_,
        datapoint0_.yval as yval1_0_,
        datapoint0_.description as descript4_1_0_ 
    from
        DataPoint datapoint0_ 
    where
        datapoint0_.id=?
14:19:12,226 DEBUG SQL:104 - 
    select
        datapoint0_.id as id1_0_,
        datapoint0_.xval as xval1_0_,
        datapoint0_.yval as yval1_0_,
        datapoint0_.description as descript4_1_0_ 
    from
        DataPoint datapoint0_ 
    where
        datapoint0_.id=?
14:19:12,226 DEBUG SQL:104 - 
    select
        datapoint0_.id as id1_0_,
        datapoint0_.xval as xval1_0_,
        datapoint0_.yval as yval1_0_,
        datapoint0_.description as descript4_1_0_ 
    from
        DataPoint datapoint0_ 
    where
        datapoint0_.id=?
14:19:12,237 DEBUG SQL:104 - 
    select
        datapoint0_.id as id1_0_,
        datapoint0_.xval as xval1_0_,
        datapoint0_.yval as yval1_0_,
        datapoint0_.description as descript4_1_0_ 
    from
        DataPoint datapoint0_ 
    where
        datapoint0_.id=?
14:19:12,237 DEBUG SQL:104 - 
    select
        datapoint0_.id as id1_0_,
        datapoint0_.xval as xval1_0_,
        datapoint0_.yval as yval1_0_,
        datapoint0_.description as descript4_1_0_ 
    from
        DataPoint datapoint0_ 
    where
        datapoint0_.id=?
14:19:12,238 DEBUG SQL:104 - 
    select
        datapoint0_.id as id1_0_,
        datapoint0_.xval as xval1_0_,
        datapoint0_.yval as yval1_0_,
        datapoint0_.description as descript4_1_0_ 
    from
        DataPoint datapoint0_ 
    where
        datapoint0_.id=?
14:19:12,247 DEBUG SQL:104 - 
    select
        datapoint0_.id as id1_0_,
        datapoint0_.xval as xval1_0_,
        datapoint0_.yval as yval1_0_,
        datapoint0_.description as descript4_1_0_ 
    from
        DataPoint datapoint0_ 
    where
        datapoint0_.id=?
14:19:12,248 DEBUG SQL:104 - 
    select
        datapoint0_.id as id1_0_,
        datapoint0_.xval as xval1_0_,
        datapoint0_.yval as yval1_0_,
        datapoint0_.description as descript4_1_0_ 
    from
        DataPoint datapoint0_ 
    where
        datapoint0_.id=?
14:19:12,248 DEBUG SQL:104 - 
    select
        datapoint0_.id as id1_0_,
        datapoint0_.xval as xval1_0_,
        datapoint0_.yval as yval1_0_,
        datapoint0_.description as descript4_1_0_ 
    from
        DataPoint datapoint0_ 
    where
        datapoint0_.id=?
14:19:12,258 DEBUG SQL:104 - 
    select
        datapoint0_.id as id1_0_,
        datapoint0_.xval as xval1_0_,
        datapoint0_.yval as yval1_0_,
        datapoint0_.description as descript4_1_0_ 
    from
        DataPoint datapoint0_ 
    where
        datapoint0_.id=?
14:19:12,258 DEBUG SQL:104 - 
    select
        datapoint0_.id as id1_0_,
        datapoint0_.xval as xval1_0_,
        datapoint0_.yval as yval1_0_,
        datapoint0_.description as descript4_1_0_ 
    from
        DataPoint datapoint0_ 
    where
        datapoint0_.id=?
14:19:12,259 DEBUG SQL:104 - 
    update
        DataPoint 
    set
        description=? 
    where
        id=?
14:19:12,259 DEBUG SQL:104 - 
    update
        DataPoint 
    set
        description=? 
    where
        id=?
14:19:12,268 DEBUG SQL:104 - 
    update
        DataPoint 
    set
        description=? 
    where
        id=?
14:19:12,268 DEBUG SQL:104 - 
    update
        DataPoint 
    set
        description=? 
    where
        id=?
14:19:12,268 DEBUG SQL:104 - 
    update
        DataPoint 
    set
        description=? 
    where
        id=?
14:19:12,269 DEBUG SQL:104 - 
    update
        DataPoint 
    set
        description=? 
    where
        id=?
14:19:12,269 DEBUG SQL:104 - 
    update
        DataPoint 
    set
        description=? 
    where
        id=?
14:19:12,269 DEBUG SQL:104 - 
    update
        DataPoint 
    set
        description=? 
    where
        id=?
14:19:12,269 DEBUG SQL:104 - 
    update
        DataPoint 
    set
        description=? 
    where
        id=?
14:19:12,269 DEBUG SQL:104 - 
    update
        DataPoint 
    set
        description=? 
    where
        id=?
14:19:12,280 DEBUG SQL:104 - 
    update
        DataPoint 
    set
        description=? 
    where
        id=?
14:19:12,280 DEBUG SQL:104 - 
    update
        DataPoint 
    set
        description=? 
    where
        id=?
14:19:12,280 DEBUG SQL:104 - 
    update
        DataPoint 
    set
        description=? 
    where
        id=?
14:19:12,280 DEBUG SQL:104 - 
    update
        DataPoint 
    set
        description=? 
    where
        id=?
14:19:12,281 DEBUG SQL:104 - 
    update
        DataPoint 
    set
        description=? 
    where
        id=?
14:19:12,292 DEBUG SQL:104 - 
    update
        DataPoint 
    set
        description=? 
    where
        id=?
14:19:12,293 DEBUG SQL:104 - 
    update
        DataPoint 
    set
        description=? 
    where
        id=?
14:19:12,293 DEBUG SQL:104 - 
    update
        DataPoint 
    set
        description=? 
    where
        id=?
14:19:12,293 DEBUG SQL:104 - 
    update
        DataPoint 
    set
        description=? 
    where
        id=?
14:19:12,303 DEBUG SQL:104 - 
    update
        DataPoint 
    set
        description=? 
    where
        id=?
14:19:12,303 DEBUG SQL:104 - 
    update
        DataPoint 
    set
        description=? 
    where
        id=?
14:19:12,314 DEBUG SQL:104 - 
    update
        DataPoint 
    set
        description=? 
    where
        id=?
14:19:12,314 DEBUG SQL:104 - 
    update
        DataPoint 
    set
        description=? 
    where
        id=?
14:19:12,314 DEBUG SQL:104 - 
    update
        DataPoint 
    set
        description=? 
    where
        id=?
14:19:12,314 DEBUG SQL:104 - 
    update
        DataPoint 
    set
        description=? 
    where
        id=?
14:19:12,323 DEBUG SQL:104 - 
    update
        DataPoint 
    set
        description=? 
    where
        id=?
14:19:12,324 DEBUG SQL:104 - 
    update
        DataPoint 
    set
        description=? 
    where
        id=?
14:19:12,324 DEBUG SQL:104 - 
    update
        DataPoint 
    set
        description=? 
    where
        id=?
14:19:12,324 DEBUG SQL:104 - 
    update
        DataPoint 
    set
        description=? 
    where
        id=?
14:19:12,324 DEBUG SQL:104 - 
    update
        DataPoint 
    set
        description=? 
    where
        id=?
14:19:12,335 DEBUG SQL:104 - 
    update
        DataPoint 
    set
        description=? 
    where
        id=?
14:19:12,335 DEBUG SQL:104 - 
    update
        DataPoint 
    set
        description=? 
    where
        id=?
14:19:12,335 DEBUG SQL:104 - 
    update
        DataPoint 
    set
        description=? 
    where
        id=?
14:19:12,336 DEBUG SQL:104 - 
    update
        DataPoint 
    set
        description=? 
    where
        id=?
14:19:12,346 DEBUG SQL:104 - 
    update
        DataPoint 
    set
        description=? 
    where
        id=?
14:19:12,346 DEBUG SQL:104 - 
    update
        DataPoint 
    set
        description=? 
    where
        id=?
14:19:12,346 DEBUG SQL:104 - 
    update
        DataPoint 
    set
        description=? 
    where
        id=?
14:19:12,346 DEBUG SQL:104 - 
    update
        DataPoint 
    set
        description=? 
    where
        id=?
14:19:12,356 DEBUG SQL:104 - 
    update
        DataPoint 
    set
        description=? 
    where
        id=?
14:19:12,356 DEBUG SQL:104 - 
    update
        DataPoint 
    set
        description=? 
    where
        id=?
14:19:12,356 DEBUG SQL:104 - 
    update
        DataPoint 
    set
        description=? 
    where
        id=?
14:19:12,356 DEBUG SQL:104 - 
    update
        DataPoint 
    set
        description=? 
    where
        id=?
14:19:12,357 DEBUG SQL:104 - 
    update
        DataPoint 
    set
        description=? 
    where
        id=?
14:19:12,367 DEBUG SQL:104 - 
    update
        DataPoint 
    set
        description=? 
    where
        id=?
14:19:12,367 DEBUG SQL:104 - 
    update
        DataPoint 
    set
        description=? 
    where
        id=?
14:19:12,367 DEBUG SQL:104 - 
    update
        DataPoint 
    set
        description=? 
    where
        id=?
14:19:12,368 DEBUG SQL:104 - 
    update
        DataPoint 
    set
        description=? 
    where
        id=?
14:19:12,376 DEBUG SQL:104 - 
    update
        DataPoint 
    set
        description=? 
    where
        id=?
14:19:12,377 DEBUG SQL:104 - 
    update
        DataPoint 
    set
        description=? 
    where
        id=?
14:19:12,377 DEBUG SQL:104 - 
    update
        DataPoint 
    set
        description=? 
    where
        id=?
14:19:12,377 DEBUG SQL:104 - 
    update
        DataPoint 
    set
        description=? 
    where
        id=?
14:19:12,387 DEBUG SQL:104 - 
    update
        DataPoint 
    set
        description=? 
    where
        id=?
14:19:12,387 DEBUG SQL:104 - 
    update
        DataPoint 
    set
        description=? 
    where
        id=?
14:19:12,387 DEBUG SQL:104 - 
    update
        DataPoint 
    set
        description=? 
    where
        id=?
14:19:12,388 DEBUG SQL:104 - 
    update
        DataPoint 
    set
        description=? 
    where
        id=?
14:19:12,388 DEBUG SQL:104 - 
    update
        DataPoint 
    set
        description=? 
    where
        id=?
14:19:12,403 DEBUG SQL:104 - 
    update
        DataPoint 
    set
        description=? 
    where
        id=?
14:19:12,403 DEBUG SQL:104 - 
    update
        DataPoint 
    set
        description=? 
    where
        id=?
14:19:12,403 DEBUG SQL:104 - 
    update
        DataPoint 
    set
        description=? 
    where
        id=?
14:19:12,403 DEBUG SQL:104 - 
    update
        DataPoint 
    set
        description=? 
    where
        id=?
14:19:12,404 DEBUG SQL:104 - 
    update
        DataPoint 
    set
        description=? 
    where
        id=?
14:19:12,404 DEBUG SQL:104 - 
    update
        DataPoint 
    set
        description=? 
    where
        id=?
14:19:12,404 DEBUG SQL:104 - 
    update
        DataPoint 
    set
        description=? 
    where
        id=?
14:19:12,404 DEBUG SQL:104 - 
    update
        DataPoint 
    set
        description=? 
    where
        id=?
14:19:12,411 DEBUG SQL:104 - 
    update
        DataPoint 
    set
        description=? 
    where
        id=?
14:19:12,411 DEBUG SQL:104 - 
    update
        DataPoint 
    set
        description=? 
    where
        id=?
14:19:12,411 DEBUG SQL:104 - 
    update
        DataPoint 
    set
        description=? 
    where
        id=?
14:19:12,412 DEBUG SQL:104 - 
    update
        DataPoint 
    set
        description=? 
    where
        id=?
14:19:12,412 DEBUG SQL:104 - 
    update
        DataPoint 
    set
        description=? 
    where
        id=?
14:19:12,423 DEBUG SQL:104 - 
    update
        DataPoint 
    set
        description=? 
    where
        id=?
14:19:12,424 DEBUG SQL:104 - 
    update
        DataPoint 
    set
        description=? 
    where
        id=?
14:19:12,424 DEBUG SQL:104 - 
    update
        DataPoint 
    set
        description=? 
    where
        id=?
14:19:12,424 DEBUG SQL:104 - 
    update
        DataPoint 
    set
        description=? 
    where
        id=?
14:19:12,434 DEBUG SQL:104 - 
    update
        DataPoint 
    set
        description=? 
    where
        id=?
14:19:12,434 DEBUG SQL:104 - 
    update
        DataPoint 
    set
        description=? 
    where
        id=?
14:19:12,444 DEBUG SQL:104 - 
    update
        DataPoint 
    set
        description=? 
    where
        id=?
14:19:12,444 DEBUG SQL:104 - 
    update
        DataPoint 
    set
        description=? 
    where
        id=?
14:19:12,445 DEBUG SQL:104 - 
    update
        DataPoint 
    set
        description=? 
    where
        id=?
14:19:12,445 DEBUG SQL:104 - 
    update
        DataPoint 
    set
        description=? 
    where
        id=?
14:19:12,445 DEBUG SQL:104 - 
    update
        DataPoint 
    set
        description=? 
    where
        id=?
14:19:12,454 DEBUG SQL:104 - 
    update
        DataPoint 
    set
        description=? 
    where
        id=?
14:19:12,455 DEBUG SQL:104 - 
    update
        DataPoint 
    set
        description=? 
    where
        id=?
14:19:12,455 DEBUG SQL:104 - 
    update
        DataPoint 
    set
        description=? 
    where
        id=?
14:19:12,455 DEBUG SQL:104 - 
    update
        DataPoint 
    set
        description=? 
    where
        id=?
14:19:12,464 DEBUG SQL:104 - 
    update
        DataPoint 
    set
        description=? 
    where
        id=?
14:19:12,465 DEBUG SQL:104 - 
    update
        DataPoint 
    set
        description=? 
    where
        id=?
14:19:12,465 DEBUG SQL:104 - 
    update
        DataPoint 
    set
        description=? 
    where
        id=?
14:19:12,466 DEBUG SQL:104 - 
    update
        DataPoint 
    set
        description=? 
    where
        id=?
14:19:12,475 DEBUG SQL:104 - 
    update
        DataPoint 
    set
        description=? 
    where
        id=?
14:19:12,476 DEBUG SQL:104 - 
    update
        DataPoint 
    set
        description=? 
    where
        id=?
14:19:12,476 DEBUG SQL:104 - 
    update
        DataPoint 
    set
        description=? 
    where
        id=?
14:19:12,476 DEBUG SQL:104 - 
    update
        DataPoint 
    set
        description=? 
    where
        id=?
14:19:12,486 DEBUG SQL:104 - 
    update
        DataPoint 
    set
        description=? 
    where
        id=?
14:19:12,486 DEBUG SQL:104 - 
    update
        DataPoint 
    set
        description=? 
    where
        id=?
14:19:12,486 DEBUG SQL:104 - 
    update
        DataPoint 
    set
        description=? 
    where
        id=?
14:19:12,486 DEBUG SQL:104 - 
    update
        DataPoint 
    set
        description=? 
    where
        id=?
14:19:12,487 DEBUG SQL:104 - 
    update
        DataPoint 
    set
        description=? 
    where
        id=?
14:19:12,496 DEBUG SQL:104 - 
    update
        DataPoint 
    set
        description=? 
    where
        id=?
14:19:12,496 DEBUG SQL:104 - 
    update
        DataPoint 
    set
        description=? 
    where
        id=?
14:19:12,497 DEBUG SQL:104 - 
    select
        datapoint0_.id as id1_,
        datapoint0_.xval as xval1_,
        datapoint0_.yval as yval1_,
        datapoint0_.description as descript4_1_ 
    from
        DataPoint datapoint0_ 
    where
        datapoint0_.description='done!'
14:19:12,499 DEBUG SQL:104 - 
    delete 
    from
        DataPoint
14:19:12,508  INFO CustomRunner:139 - Test: testReadOnlySessionModifiableQueryScroll
14:19:12,512 DEBUG SQL:104 - 
    insert 
    into
        DataPoint
        (xval, yval, description, id) 
    values
        (?, ?, ?, ?)
14:19:12,512 DEBUG SQL:104 - 
    insert 
    into
        DataPoint
        (xval, yval, description, id) 
    values
        (?, ?, ?, ?)
14:19:12,513 DEBUG SQL:104 - 
    insert 
    into
        DataPoint
        (xval, yval, description, id) 
    values
        (?, ?, ?, ?)
14:19:12,513 DEBUG SQL:104 - 
    insert 
    into
        DataPoint
        (xval, yval, description, id) 
    values
        (?, ?, ?, ?)
14:19:12,528 DEBUG SQL:104 - 
    insert 
    into
        DataPoint
        (xval, yval, description, id) 
    values
        (?, ?, ?, ?)
14:19:12,529 DEBUG SQL:104 - 
    insert 
    into
        DataPoint
        (xval, yval, description, id) 
    values
        (?, ?, ?, ?)
14:19:12,529 DEBUG SQL:104 - 
    insert 
    into
        DataPoint
        (xval, yval, description, id) 
    values
        (?, ?, ?, ?)
14:19:12,529 DEBUG SQL:104 - 
    insert 
    into
        DataPoint
        (xval, yval, description, id) 
    values
        (?, ?, ?, ?)
14:19:12,530 DEBUG SQL:104 - 
    insert 
    into
        DataPoint
        (xval, yval, description, id) 
    values
        (?, ?, ?, ?)
14:19:12,531 DEBUG SQL:104 - 
    insert 
    into
        DataPoint
        (xval, yval, description, id) 
    values
        (?, ?, ?, ?)
14:19:12,531 DEBUG SQL:104 - 
    insert 
    into
        DataPoint
        (xval, yval, description, id) 
    values
        (?, ?, ?, ?)
14:19:12,531 DEBUG SQL:104 - 
    insert 
    into
        DataPoint
        (xval, yval, description, id) 
    values
        (?, ?, ?, ?)
14:19:12,531 DEBUG SQL:104 - 
    insert 
    into
        DataPoint
        (xval, yval, description, id) 
    values
        (?, ?, ?, ?)
14:19:12,531 DEBUG SQL:104 - 
    insert 
    into
        DataPoint
        (xval, yval, description, id) 
    values
        (?, ?, ?, ?)
14:19:12,532 DEBUG SQL:104 - 
    insert 
    into
        DataPoint
        (xval, yval, description, id) 
    values
        (?, ?, ?, ?)
14:19:12,532 DEBUG SQL:104 - 
    insert 
    into
        DataPoint
        (xval, yval, description, id) 
    values
        (?, ?, ?, ?)
14:19:12,532 DEBUG SQL:104 - 
    insert 
    into
        DataPoint
        (xval, yval, description, id) 
    values
        (?, ?, ?, ?)
14:19:12,544 DEBUG SQL:104 - 
    insert 
    into
        DataPoint
        (xval, yval, description, id) 
    values
        (?, ?, ?, ?)
14:19:12,545 DEBUG SQL:104 - 
    insert 
    into
        DataPoint
        (xval, yval, description, id) 
    values
        (?, ?, ?, ?)
14:19:12,545 DEBUG SQL:104 - 
    insert 
    into
        DataPoint
        (xval, yval, description, id) 
    values
        (?, ?, ?, ?)
14:19:12,545 DEBUG SQL:104 - 
    insert 
    into
        DataPoint
        (xval, yval, description, id) 
    values
        (?, ?, ?, ?)
14:19:12,555 DEBUG SQL:104 - 
    insert 
    into
        DataPoint
        (xval, yval, description, id) 
    values
        (?, ?, ?, ?)
14:19:12,555 DEBUG SQL:104 - 
    insert 
    into
        DataPoint
        (xval, yval, description, id) 
    values
        (?, ?, ?, ?)
14:19:12,555 DEBUG SQL:104 - 
    insert 
    into
        DataPoint
        (xval, yval, description, id) 
    values
        (?, ?, ?, ?)
14:19:12,556 DEBUG SQL:104 - 
    insert 
    into
        DataPoint
        (xval, yval, description, id) 
    values
        (?, ?, ?, ?)
14:19:12,556 DEBUG SQL:104 - 
    insert 
    into
        DataPoint
        (xval, yval, description, id) 
    values
        (?, ?, ?, ?)
14:19:12,556 DEBUG SQL:104 - 
    insert 
    into
        DataPoint
        (xval, yval, description, id) 
    values
        (?, ?, ?, ?)
14:19:12,556 DEBUG SQL:104 - 
    insert 
    into
        DataPoint
        (xval, yval, description, id) 
    values
        (?, ?, ?, ?)
14:19:12,578 DEBUG SQL:104 - 
    insert 
    into
        DataPoint
        (xval, yval, description, id) 
    values
        (?, ?, ?, ?)
14:19:12,578 DEBUG SQL:104 - 
    insert 
    into
        DataPoint
        (xval, yval, description, id) 
    values
        (?, ?, ?, ?)
14:19:12,578 DEBUG SQL:104 - 
    insert 
    into
        DataPoint
        (xval, yval, description, id) 
    values
        (?, ?, ?, ?)
14:19:12,579 DEBUG SQL:104 - 
    insert 
    into
        DataPoint
        (xval, yval, description, id) 
    values
        (?, ?, ?, ?)
14:19:12,589 DEBUG SQL:104 - 
    insert 
    into
        DataPoint
        (xval, yval, description, id) 
    values
        (?, ?, ?, ?)
14:19:12,589 DEBUG SQL:104 - 
    insert 
    into
        DataPoint
        (xval, yval, description, id) 
    values
        (?, ?, ?, ?)
14:19:12,589 DEBUG SQL:104 - 
    insert 
    into
        DataPoint
        (xval, yval, description, id) 
    values
        (?, ?, ?, ?)
14:19:12,590 DEBUG SQL:104 - 
    insert 
    into
        DataPoint
        (xval, yval, description, id) 
    values
        (?, ?, ?, ?)
14:19:12,590 DEBUG SQL:104 - 
    insert 
    into
        DataPoint
        (xval, yval, description, id) 
    values
        (?, ?, ?, ?)
14:19:12,600 DEBUG SQL:104 - 
    insert 
    into
        DataPoint
        (xval, yval, description, id) 
    values
        (?, ?, ?, ?)
14:19:12,600 DEBUG SQL:104 - 
    insert 
    into
        DataPoint
        (xval, yval, description, id) 
    values
        (?, ?, ?, ?)
14:19:12,600 DEBUG SQL:104 - 
    insert 
    into
        DataPoint
        (xval, yval, description, id) 
    values
        (?, ?, ?, ?)
14:19:12,600 DEBUG SQL:104 - 
    insert 
    into
        DataPoint
        (xval, yval, description, id) 
    values
        (?, ?, ?, ?)
14:19:12,611 DEBUG SQL:104 - 
    insert 
    into
        DataPoint
        (xval, yval, description, id) 
    values
        (?, ?, ?, ?)
14:19:12,611 DEBUG SQL:104 - 
    insert 
    into
        DataPoint
        (xval, yval, description, id) 
    values
        (?, ?, ?, ?)
14:19:12,611 DEBUG SQL:104 - 
    insert 
    into
        DataPoint
        (xval, yval, description, id) 
    values
        (?, ?, ?, ?)
14:19:12,611 DEBUG SQL:104 - 
    insert 
    into
        DataPoint
        (xval, yval, description, id) 
    values
        (?, ?, ?, ?)
14:19:12,611 DEBUG SQL:104 - 
    insert 
    into
        DataPoint
        (xval, yval, description, id) 
    values
        (?, ?, ?, ?)
14:19:12,623 DEBUG SQL:104 - 
    insert 
    into
        DataPoint
        (xval, yval, description, id) 
    values
        (?, ?, ?, ?)
14:19:12,623 DEBUG SQL:104 - 
    insert 
    into
        DataPoint
        (xval, yval, description, id) 
    values
        (?, ?, ?, ?)
14:19:12,624 DEBUG SQL:104 - 
    insert 
    into
        DataPoint
        (xval, yval, description, id) 
    values
        (?, ?, ?, ?)
14:19:12,624 DEBUG SQL:104 - 
    insert 
    into
        DataPoint
        (xval, yval, description, id) 
    values
        (?, ?, ?, ?)
14:19:12,639 DEBUG SQL:104 - 
    insert 
    into
        DataPoint
        (xval, yval, description, id) 
    values
        (?, ?, ?, ?)
14:19:12,639 DEBUG SQL:104 - 
    insert 
    into
        DataPoint
        (xval, yval, description, id) 
    values
        (?, ?, ?, ?)
14:19:12,639 DEBUG SQL:104 - 
    insert 
    into
        DataPoint
        (xval, yval, description, id) 
    values
        (?, ?, ?, ?)
14:19:12,640 DEBUG SQL:104 - 
    insert 
    into
        DataPoint
        (xval, yval, description, id) 
    values
        (?, ?, ?, ?)
14:19:12,650 DEBUG SQL:104 - 
    insert 
    into
        DataPoint
        (xval, yval, description, id) 
    values
        (?, ?, ?, ?)
14:19:12,651 DEBUG SQL:104 - 
    insert 
    into
        DataPoint
        (xval, yval, description, id) 
    values
        (?, ?, ?, ?)
14:19:12,651 DEBUG SQL:104 - 
    insert 
    into
        DataPoint
        (xval, yval, description, id) 
    values
        (?, ?, ?, ?)
14:19:12,651 DEBUG SQL:104 - 
    insert 
    into
        DataPoint
        (xval, yval, description, id) 
    values
        (?, ?, ?, ?)
14:19:12,651 DEBUG SQL:104 - 
    insert 
    into
        DataPoint
        (xval, yval, description, id) 
    values
        (?, ?, ?, ?)
14:19:12,651 DEBUG SQL:104 - 
    insert 
    into
        DataPoint
        (xval, yval, description, id) 
    values
        (?, ?, ?, ?)
14:19:12,652 DEBUG SQL:104 - 
    insert 
    into
        DataPoint
        (xval, yval, description, id) 
    values
        (?, ?, ?, ?)
14:19:12,652 DEBUG SQL:104 - 
    insert 
    into
        DataPoint
        (xval, yval, description, id) 
    values
        (?, ?, ?, ?)
14:19:12,652 DEBUG SQL:104 - 
    insert 
    into
        DataPoint
        (xval, yval, description, id) 
    values
        (?, ?, ?, ?)
14:19:12,663 DEBUG SQL:104 - 
    insert 
    into
        DataPoint
        (xval, yval, description, id) 
    values
        (?, ?, ?, ?)
14:19:12,664 DEBUG SQL:104 - 
    insert 
    into
        DataPoint
        (xval, yval, description, id) 
    values
        (?, ?, ?, ?)
14:19:12,664 DEBUG SQL:104 - 
    insert 
    into
        DataPoint
        (xval, yval, description, id) 
    values
        (?, ?, ?, ?)
14:19:12,664 DEBUG SQL:104 - 
    insert 
    into
        DataPoint
        (xval, yval, description, id) 
    values
        (?, ?, ?, ?)
14:19:12,675 DEBUG SQL:104 - 
    insert 
    into
        DataPoint
        (xval, yval, description, id) 
    values
        (?, ?, ?, ?)
14:19:12,676 DEBUG SQL:104 - 
    insert 
    into
        DataPoint
        (xval, yval, description, id) 
    values
        (?, ?, ?, ?)
14:19:12,676 DEBUG SQL:104 - 
    insert 
    into
        DataPoint
        (xval, yval, description, id) 
    values
        (?, ?, ?, ?)
14:19:12,676 DEBUG SQL:104 - 
    insert 
    into
        DataPoint
        (xval, yval, description, id) 
    values
        (?, ?, ?, ?)
14:19:12,676 DEBUG SQL:104 - 
    insert 
    into
        DataPoint
        (xval, yval, description, id) 
    values
        (?, ?, ?, ?)
14:19:12,677 DEBUG SQL:104 - 
    insert 
    into
        DataPoint
        (xval, yval, description, id) 
    values
        (?, ?, ?, ?)
14:19:12,677 DEBUG SQL:104 - 
    insert 
    into
        DataPoint
        (xval, yval, description, id) 
    values
        (?, ?, ?, ?)
14:19:12,698 DEBUG SQL:104 - 
    insert 
    into
        DataPoint
        (xval, yval, description, id) 
    values
        (?, ?, ?, ?)
14:19:12,699 DEBUG SQL:104 - 
    insert 
    into
        DataPoint
        (xval, yval, description, id) 
    values
        (?, ?, ?, ?)
14:19:12,699 DEBUG SQL:104 - 
    insert 
    into
        DataPoint
        (xval, yval, description, id) 
    values
        (?, ?, ?, ?)
14:19:12,699 DEBUG SQL:104 - 
    insert 
    into
        DataPoint
        (xval, yval, description, id) 
    values
        (?, ?, ?, ?)
14:19:12,708 DEBUG SQL:104 - 
    insert 
    into
        DataPoint
        (xval, yval, description, id) 
    values
        (?, ?, ?, ?)
14:19:12,709 DEBUG SQL:104 - 
    insert 
    into
        DataPoint
        (xval, yval, description, id) 
    values
        (?, ?, ?, ?)
14:19:12,709 DEBUG SQL:104 - 
    insert 
    into
        DataPoint
        (xval, yval, description, id) 
    values
        (?, ?, ?, ?)
14:19:12,709 DEBUG SQL:104 - 
    insert 
    into
        DataPoint
        (xval, yval, description, id) 
    values
        (?, ?, ?, ?)
14:19:12,709 DEBUG SQL:104 - 
    insert 
    into
        DataPoint
        (xval, yval, description, id) 
    values
        (?, ?, ?, ?)
14:19:12,719 DEBUG SQL:104 - 
    insert 
    into
        DataPoint
        (xval, yval, description, id) 
    values
        (?, ?, ?, ?)
14:19:12,719 DEBUG SQL:104 - 
    insert 
    into
        DataPoint
        (xval, yval, description, id) 
    values
        (?, ?, ?, ?)
14:19:12,719 DEBUG SQL:104 - 
    insert 
    into
        DataPoint
        (xval, yval, description, id) 
    values
        (?, ?, ?, ?)
14:19:12,720 DEBUG SQL:104 - 
    insert 
    into
        DataPoint
        (xval, yval, description, id) 
    values
        (?, ?, ?, ?)
14:19:12,730 DEBUG SQL:104 - 
    insert 
    into
        DataPoint
        (xval, yval, description, id) 
    values
        (?, ?, ?, ?)
14:19:12,731 DEBUG SQL:104 - 
    insert 
    into
        DataPoint
        (xval, yval, description, id) 
    values
        (?, ?, ?, ?)
14:19:12,731 DEBUG SQL:104 - 
    insert 
    into
        DataPoint
        (xval, yval, description, id) 
    values
        (?, ?, ?, ?)
14:19:12,731 DEBUG SQL:104 - 
    insert 
    into
        DataPoint
        (xval, yval, description, id) 
    values
        (?, ?, ?, ?)
14:19:12,741 DEBUG SQL:104 - 
    insert 
    into
        DataPoint
        (xval, yval, description, id) 
    values
        (?, ?, ?, ?)
14:19:12,742 DEBUG SQL:104 - 
    insert 
    into
        DataPoint
        (xval, yval, description, id) 
    values
        (?, ?, ?, ?)
14:19:12,742 DEBUG SQL:104 - 
    insert 
    into
        DataPoint
        (xval, yval, description, id) 
    values
        (?, ?, ?, ?)
14:19:12,742 DEBUG SQL:104 - 
    insert 
    into
        DataPoint
        (xval, yval, description, id) 
    values
        (?, ?, ?, ?)
14:19:12,742 DEBUG SQL:104 - 
    insert 
    into
        DataPoint
        (xval, yval, description, id) 
    values
        (?, ?, ?, ?)
14:19:12,753 DEBUG SQL:104 - 
    insert 
    into
        DataPoint
        (xval, yval, description, id) 
    values
        (?, ?, ?, ?)
14:19:12,753 DEBUG SQL:104 - 
    insert 
    into
        DataPoint
        (xval, yval, description, id) 
    values
        (?, ?, ?, ?)
14:19:12,754 DEBUG SQL:104 - 
    insert 
    into
        DataPoint
        (xval, yval, description, id) 
    values
        (?, ?, ?, ?)
14:19:12,754 DEBUG SQL:104 - 
    insert 
    into
        DataPoint
        (xval, yval, description, id) 
    values
        (?, ?, ?, ?)
14:19:12,764 DEBUG SQL:104 - 
    select
        datapoint0_.id as id1_,
        datapoint0_.xval as xval1_,
        datapoint0_.yval as yval1_,
        datapoint0_.description as descript4_1_ 
    from
        DataPoint datapoint0_ 
    order by
        datapoint0_.xval asc
14:19:12,767 DEBUG SQL:104 - 
    update
        DataPoint 
    set
        description=? 
    where
        id=?
14:19:12,767 DEBUG SQL:104 - 
    update
        DataPoint 
    set
        description=? 
    where
        id=?
14:19:12,767 DEBUG SQL:104 - 
    update
        DataPoint 
    set
        description=? 
    where
        id=?
14:19:12,774 DEBUG SQL:104 - 
    update
        DataPoint 
    set
        description=? 
    where
        id=?
14:19:12,774 DEBUG SQL:104 - 
    update
        DataPoint 
    set
        description=? 
    where
        id=?
14:19:12,774 DEBUG SQL:104 - 
    update
        DataPoint 
    set
        description=? 
    where
        id=?
14:19:12,774 DEBUG SQL:104 - 
    update
        DataPoint 
    set
        description=? 
    where
        id=?
14:19:12,775 DEBUG SQL:104 - 
    update
        DataPoint 
    set
        description=? 
    where
        id=?
14:19:12,775 DEBUG SQL:104 - 
    update
        DataPoint 
    set
        description=? 
    where
        id=?
14:19:12,775 DEBUG SQL:104 - 
    update
        DataPoint 
    set
        description=? 
    where
        id=?
14:19:12,775 DEBUG SQL:104 - 
    update
        DataPoint 
    set
        description=? 
    where
        id=?
14:19:12,775 DEBUG SQL:104 - 
    update
        DataPoint 
    set
        description=? 
    where
        id=?
14:19:12,788 DEBUG SQL:104 - 
    update
        DataPoint 
    set
        description=? 
    where
        id=?
14:19:12,788 DEBUG SQL:104 - 
    update
        DataPoint 
    set
        description=? 
    where
        id=?
14:19:12,789 DEBUG SQL:104 - 
    update
        DataPoint 
    set
        description=? 
    where
        id=?
14:19:12,789 DEBUG SQL:104 - 
    update
        DataPoint 
    set
        description=? 
    where
        id=?
14:19:12,798 DEBUG SQL:104 - 
    update
        DataPoint 
    set
        description=? 
    where
        id=?
14:19:12,799 DEBUG SQL:104 - 
    update
        DataPoint 
    set
        description=? 
    where
        id=?
14:19:12,799 DEBUG SQL:104 - 
    update
        DataPoint 
    set
        description=? 
    where
        id=?
14:19:12,799 DEBUG SQL:104 - 
    update
        DataPoint 
    set
        description=? 
    where
        id=?
14:19:12,799 DEBUG SQL:104 - 
    update
        DataPoint 
    set
        description=? 
    where
        id=?
14:19:12,800 DEBUG SQL:104 - 
    update
        DataPoint 
    set
        description=? 
    where
        id=?
14:19:12,800 DEBUG SQL:104 - 
    update
        DataPoint 
    set
        description=? 
    where
        id=?
14:19:12,821 DEBUG SQL:104 - 
    update
        DataPoint 
    set
        description=? 
    where
        id=?
14:19:12,822 DEBUG SQL:104 - 
    update
        DataPoint 
    set
        description=? 
    where
        id=?
14:19:12,822 DEBUG SQL:104 - 
    update
        DataPoint 
    set
        description=? 
    where
        id=?
14:19:12,822 DEBUG SQL:104 - 
    update
        DataPoint 
    set
        description=? 
    where
        id=?
14:19:12,831 DEBUG SQL:104 - 
    update
        DataPoint 
    set
        description=? 
    where
        id=?
14:19:12,832 DEBUG SQL:104 - 
    update
        DataPoint 
    set
        description=? 
    where
        id=?
14:19:12,832 DEBUG SQL:104 - 
    update
        DataPoint 
    set
        description=? 
    where
        id=?
14:19:12,832 DEBUG SQL:104 - 
    update
        DataPoint 
    set
        description=? 
    where
        id=?
14:19:12,842 DEBUG SQL:104 - 
    update
        DataPoint 
    set
        description=? 
    where
        id=?
14:19:12,842 DEBUG SQL:104 - 
    update
        DataPoint 
    set
        description=? 
    where
        id=?
14:19:12,842 DEBUG SQL:104 - 
    update
        DataPoint 
    set
        description=? 
    where
        id=?
14:19:12,843 DEBUG SQL:104 - 
    update
        DataPoint 
    set
        description=? 
    where
        id=?
14:19:12,843 DEBUG SQL:104 - 
    update
        DataPoint 
    set
        description=? 
    where
        id=?
14:19:12,853 DEBUG SQL:104 - 
    update
        DataPoint 
    set
        description=? 
    where
        id=?
14:19:12,853 DEBUG SQL:104 - 
    update
        DataPoint 
    set
        description=? 
    where
        id=?
14:19:12,854 DEBUG SQL:104 - 
    update
        DataPoint 
    set
        description=? 
    where
        id=?
14:19:12,854 DEBUG SQL:104 - 
    update
        DataPoint 
    set
        description=? 
    where
        id=?
14:19:12,863 DEBUG SQL:104 - 
    update
        DataPoint 
    set
        description=? 
    where
        id=?
14:19:12,864 DEBUG SQL:104 - 
    update
        DataPoint 
    set
        description=? 
    where
        id=?
14:19:12,864 DEBUG SQL:104 - 
    update
        DataPoint 
    set
        description=? 
    where
        id=?
14:19:12,864 DEBUG SQL:104 - 
    update
        DataPoint 
    set
        description=? 
    where
        id=?
14:19:12,864 DEBUG SQL:104 - 
    update
        DataPoint 
    set
        description=? 
    where
        id=?
14:19:12,874 DEBUG SQL:104 - 
    update
        DataPoint 
    set
        description=? 
    where
        id=?
14:19:12,874 DEBUG SQL:104 - 
    update
        DataPoint 
    set
        description=? 
    where
        id=?
14:19:12,875 DEBUG SQL:104 - 
    update
        DataPoint 
    set
        description=? 
    where
        id=?
14:19:12,875 DEBUG SQL:104 - 
    update
        DataPoint 
    set
        description=? 
    where
        id=?
14:19:12,884 DEBUG SQL:104 - 
    update
        DataPoint 
    set
        description=? 
    where
        id=?
14:19:12,884 DEBUG SQL:104 - 
    update
        DataPoint 
    set
        description=? 
    where
        id=?
14:19:12,885 DEBUG SQL:104 - 
    update
        DataPoint 
    set
        description=? 
    where
        id=?
14:19:12,885 DEBUG SQL:104 - 
    update
        DataPoint 
    set
        description=? 
    where
        id=?
14:19:12,894 DEBUG SQL:104 - 
    update
        DataPoint 
    set
        description=? 
    where
        id=?
14:19:12,894 DEBUG SQL:104 - 
    update
        DataPoint 
    set
        description=? 
    where
        id=?
14:19:12,895 DEBUG SQL:104 - 
    update
        DataPoint 
    set
        description=? 
    where
        id=?
14:19:12,895 DEBUG SQL:104 - 
    update
        DataPoint 
    set
        description=? 
    where
        id=?
14:19:12,895 DEBUG SQL:104 - 
    update
        DataPoint 
    set
        description=? 
    where
        id=?
14:19:12,904 DEBUG SQL:104 - 
    update
        DataPoint 
    set
        description=? 
    where
        id=?
14:19:12,905 DEBUG SQL:104 - 
    update
        DataPoint 
    set
        description=? 
    where
        id=?
14:19:12,905 DEBUG SQL:104 - 
    update
        DataPoint 
    set
        description=? 
    where
        id=?
14:19:12,905 DEBUG SQL:104 - 
    update
        DataPoint 
    set
        description=? 
    where
        id=?
14:19:12,905 DEBUG SQL:104 - 
    update
        DataPoint 
    set
        description=? 
    where
        id=?
14:19:12,906 DEBUG SQL:104 - 
    update
        DataPoint 
    set
        description=? 
    where
        id=?
14:19:12,907 DEBUG SQL:104 - 
    update
        DataPoint 
    set
        description=? 
    where
        id=?
14:19:12,907 DEBUG SQL:104 - 
    update
        DataPoint 
    set
        description=? 
    where
        id=?
14:19:12,922 DEBUG SQL:104 - 
    update
        DataPoint 
    set
        description=? 
    where
        id=?
14:19:12,922 DEBUG SQL:104 - 
    update
        DataPoint 
    set
        description=? 
    where
        id=?
14:19:12,923 DEBUG SQL:104 - 
    update
        DataPoint 
    set
        description=? 
    where
        id=?
14:19:12,923 DEBUG SQL:104 - 
    update
        DataPoint 
    set
        description=? 
    where
        id=?
14:19:12,923 DEBUG SQL:104 - 
    update
        DataPoint 
    set
        description=? 
    where
        id=?
14:19:12,934 DEBUG SQL:104 - 
    update
        DataPoint 
    set
        description=? 
    where
        id=?
14:19:12,934 DEBUG SQL:104 - 
    update
        DataPoint 
    set
        description=? 
    where
        id=?
14:19:12,934 DEBUG SQL:104 - 
    update
        DataPoint 
    set
        description=? 
    where
        id=?
14:19:12,934 DEBUG SQL:104 - 
    update
        DataPoint 
    set
        description=? 
    where
        id=?
14:19:12,935 DEBUG SQL:104 - 
    update
        DataPoint 
    set
        description=? 
    where
        id=?
14:19:12,935 DEBUG SQL:104 - 
    update
        DataPoint 
    set
        description=? 
    where
        id=?
14:19:12,957 DEBUG SQL:104 - 
    update
        DataPoint 
    set
        description=? 
    where
        id=?
14:19:12,957 DEBUG SQL:104 - 
    update
        DataPoint 
    set
        description=? 
    where
        id=?
14:19:12,957 DEBUG SQL:104 - 
    update
        DataPoint 
    set
        description=? 
    where
        id=?
14:19:12,958 DEBUG SQL:104 - 
    update
        DataPoint 
    set
        description=? 
    where
        id=?
14:19:12,958 DEBUG SQL:104 - 
    update
        DataPoint 
    set
        description=? 
    where
        id=?
14:19:12,970 DEBUG SQL:104 - 
    update
        DataPoint 
    set
        description=? 
    where
        id=?
14:19:12,971 DEBUG SQL:104 - 
    update
        DataPoint 
    set
        description=? 
    where
        id=?
14:19:12,971 DEBUG SQL:104 - 
    update
        DataPoint 
    set
        description=? 
    where
        id=?
14:19:12,971 DEBUG SQL:104 - 
    update
        DataPoint 
    set
        description=? 
    where
        id=?
14:19:12,971 DEBUG SQL:104 - 
    update
        DataPoint 
    set
        description=? 
    where
        id=?
14:19:12,972 DEBUG SQL:104 - 
    update
        DataPoint 
    set
        description=? 
    where
        id=?
14:19:12,972 DEBUG SQL:104 - 
    update
        DataPoint 
    set
        description=? 
    where
        id=?
14:19:12,972 DEBUG SQL:104 - 
    update
        DataPoint 
    set
        description=? 
    where
        id=?
14:19:12,972 DEBUG SQL:104 - 
    update
        DataPoint 
    set
        description=? 
    where
        id=?
14:19:12,973 DEBUG SQL:104 - 
    update
        DataPoint 
    set
        description=? 
    where
        id=?
14:19:12,997 DEBUG SQL:104 - 
    update
        DataPoint 
    set
        description=? 
    where
        id=?
14:19:12,997 DEBUG SQL:104 - 
    update
        DataPoint 
    set
        description=? 
    where
        id=?
14:19:12,997 DEBUG SQL:104 - 
    update
        DataPoint 
    set
        description=? 
    where
        id=?
14:19:12,998 DEBUG SQL:104 - 
    update
        DataPoint 
    set
        description=? 
    where
        id=?
14:19:12,998 DEBUG SQL:104 - 
    update
        DataPoint 
    set
        description=? 
    where
        id=?
14:19:13,009 DEBUG SQL:104 - 
    update
        DataPoint 
    set
        description=? 
    where
        id=?
14:19:13,010 DEBUG SQL:104 - 
    update
        DataPoint 
    set
        description=? 
    where
        id=?
14:19:13,011 DEBUG SQL:104 - 
    select
        datapoint0_.id as id1_,
        datapoint0_.xval as xval1_,
        datapoint0_.yval as yval1_,
        datapoint0_.description as descript4_1_ 
    from
        DataPoint datapoint0_ 
    where
        datapoint0_.description='done!'
14:19:13,012 DEBUG SQL:104 - 
    delete 
    from
        DataPoint
14:19:13,031  INFO SchemaExport:343 - HHH000227: Running hbm2ddl schema export
14:19:13,032 DEBUG SchemaExport:353 - Import file not found: /import.sql
14:19:13,032 DEBUG SQL:104 - 
    alter table Container 
        drop constraint FK5EF36C61AEAEA601
14:19:13,032 DEBUG SQL:104 - 
    alter table Container 
        drop constraint FK5EF36C61FA906BFF
14:19:13,032 DEBUG SQL:104 - 
    alter table Container 
        drop constraint FK5EF36C61A9E14337
14:19:13,032 DEBUG SQL:104 - 
    alter table Container 
        drop constraint FK5EF36C61A7253163
14:19:13,033 DEBUG SQL:104 - 
    alter table Container 
        drop constraint FK5EF36C611DA4C2A5
14:19:13,033 DEBUG SQL:104 - 
    alter table Container 
        drop constraint FK5EF36C61CE2A006D
14:19:13,033 DEBUG SQL:104 - 
    alter table DataPoint 
        drop constraint FK60F3CFE6258C9255
14:19:13,033 DEBUG SQL:104 - 
    alter table DataPoint 
        drop constraint FK60F3CFE6D520B9AC
14:19:13,033 DEBUG SQL:104 - 
    alter table DataPoint 
        drop constraint FK60F3CFE6B5A9F7E
14:19:13,034 DEBUG SQL:104 - 
    drop table Container if exists
14:19:13,034 DEBUG SQL:104 - 
    drop table DataPoint if exists
14:19:13,034 DEBUG SQL:104 - 
    drop table Info if exists
14:19:13,034 DEBUG SQL:104 - 
    drop table Owner if exists
14:19:13,034 DEBUG SQL:104 - 
    drop table TextHolder if exists
14:19:13,035  INFO SchemaExport:405 - HHH000230: Schema export complete
14:19:13,035  INFO DriverManagerConnectionProviderImpl:162 - HHH000030: Cleaning up connection pool [jdbc:h2:mem:db1;DB_CLOSE_DELAY=-1;MVCC=TRUE]
]]></system-out>
  <system-err><![CDATA[]]></system-err>
</testsuite>
