<?xml version="1.0" encoding="UTF-8"?>
<testsuite errors="0" failures="0" hostname="dhcp-10.15.208.168.stl.redhat.com" name="org.hibernate.test.event.collection.association.bidirectional.manytomany.BidirectionalManyToManySetToSetCollectionEventTest" tests="21" time="1.504" timestamp="2013-02-28T20:12:18">
  <properties />
  <testcase classname="org.hibernate.test.event.collection.association.bidirectional.manytomany.BidirectionalManyToManySetToSetCollectionEventTest" name="testDeleteParentAndChild" time="0.068" />
  <testcase classname="org.hibernate.test.event.collection.association.bidirectional.manytomany.BidirectionalManyToManySetToSetCollectionEventTest" name="testDeleteParentButNotChild" time="0.031" />
  <testcase classname="org.hibernate.test.event.collection.association.bidirectional.manytomany.BidirectionalManyToManySetToSetCollectionEventTest" name="testDeleteParentWithNoChildren" time="0.016" />
  <testcase classname="org.hibernate.test.event.collection.association.bidirectional.manytomany.BidirectionalManyToManySetToSetCollectionEventTest" name="testDeleteParentWithNullChildren" time="0.005" />
  <testcase classname="org.hibernate.test.event.collection.association.bidirectional.manytomany.BidirectionalManyToManySetToSetCollectionEventTest" name="testMoveAllChildrenToDifferentParent" time="0.154" />
  <testcase classname="org.hibernate.test.event.collection.association.bidirectional.manytomany.BidirectionalManyToManySetToSetCollectionEventTest" name="testMoveChildToDifferentParent" time="0.036" />
  <testcase classname="org.hibernate.test.event.collection.association.bidirectional.manytomany.BidirectionalManyToManySetToSetCollectionEventTest" name="testMoveCollectionToDifferentParent" time="0.078" />
  <testcase classname="org.hibernate.test.event.collection.association.bidirectional.manytomany.BidirectionalManyToManySetToSetCollectionEventTest" name="testMoveCollectionToDifferentParentFlushMoveToDifferentParent" time="0.115" />
  <testcase classname="org.hibernate.test.event.collection.association.bidirectional.manytomany.BidirectionalManyToManySetToSetCollectionEventTest" name="testSaveParentEmptyChildren" time="0.033" />
  <testcase classname="org.hibernate.test.event.collection.association.bidirectional.manytomany.BidirectionalManyToManySetToSetCollectionEventTest" name="testSaveParentOneChild" time="0.031" />
  <testcase classname="org.hibernate.test.event.collection.association.bidirectional.manytomany.BidirectionalManyToManySetToSetCollectionEventTest" name="testUpdateParentNoneToOneChild" time="0.056" />
  <testcase classname="org.hibernate.test.event.collection.association.bidirectional.manytomany.BidirectionalManyToManySetToSetCollectionEventTest" name="testUpdateParentNoneToOneChildDiffCollection" time="0.044" />
  <testcase classname="org.hibernate.test.event.collection.association.bidirectional.manytomany.BidirectionalManyToManySetToSetCollectionEventTest" name="testUpdateParentNullToOneChild" time="0.049" />
  <testcase classname="org.hibernate.test.event.collection.association.bidirectional.manytomany.BidirectionalManyToManySetToSetCollectionEventTest" name="testUpdateParentNullToOneChildDiffCollection" time="0.04" />
  <testcase classname="org.hibernate.test.event.collection.association.bidirectional.manytomany.BidirectionalManyToManySetToSetCollectionEventTest" name="testUpdateParentOneChildDiffCollectionDiffChild" time="0.072" />
  <testcase classname="org.hibernate.test.event.collection.association.bidirectional.manytomany.BidirectionalManyToManySetToSetCollectionEventTest" name="testUpdateParentOneChildDiffCollectionSameChild" time="0.062" />
  <testcase classname="org.hibernate.test.event.collection.association.bidirectional.manytomany.BidirectionalManyToManySetToSetCollectionEventTest" name="testUpdateParentOneChildToNoneByClear" time="0.195" />
  <testcase classname="org.hibernate.test.event.collection.association.bidirectional.manytomany.BidirectionalManyToManySetToSetCollectionEventTest" name="testUpdateParentOneChildToNoneByRemove" time="0.051" />
  <testcase classname="org.hibernate.test.event.collection.association.bidirectional.manytomany.BidirectionalManyToManySetToSetCollectionEventTest" name="testUpdateParentOneToTwoChildren" time="0.062" />
  <testcase classname="org.hibernate.test.event.collection.association.bidirectional.manytomany.BidirectionalManyToManySetToSetCollectionEventTest" name="testUpdateParentOneToTwoSameChildren" time="0.077" />
  <testcase classname="org.hibernate.test.event.collection.association.bidirectional.manytomany.BidirectionalManyToManySetToSetCollectionEventTest" name="testUpdateParentTwoChildrenToOne" time="0.061" />
  <system-out><![CDATA[14:12:18,091  INFO CustomRunner:132 - BeforeClass: org.hibernate.test.event.collection.association.bidirectional.manytomany.BidirectionalManyToManySetToSetCollectionEventTest
14:12:18,092  INFO Configuration:706 - HHH000221: Reading mappings from resource: org/hibernate/test/event/collection/association/bidirectional/manytomany/BidirectionalManyToManySetToSetMapping.hbm.xml
14:12:18,098  INFO DriverManagerConnectionProviderImpl:99 - HHH000402: Using Hibernate built-in connection pool (not for production use!)
14:12:18,099  INFO DriverManagerConnectionProviderImpl:135 - HHH000115: Hibernate connection pool size: 5
14:12:18,099  INFO DriverManagerConnectionProviderImpl:138 - HHH000006: Autocommit mode: false
14:12:18,099  INFO DriverManagerConnectionProviderImpl:153 - HHH000401: using driver [org.h2.Driver] at URL [jdbc:h2:mem:db1;DB_CLOSE_DELAY=-1;MVCC=TRUE]
14:12:18,099  INFO DriverManagerConnectionProviderImpl:158 - HHH000046: Connection properties: {user=sa}
14:12:18,100  INFO Dialect:103 - HHH000400: Using dialect: org.hibernate.dialect.H2Dialect
14:12:18,100  INFO LobCreatorBuilder:94 - HHH000423: Disabling contextual LOB creation as JDBC driver reported JDBC version [3] less than 4
14:12:18,101  INFO TransactionFactoryInitiator:66 - HHH000399: Using default transaction strategy (direct JDBC transactions)
14:12:18,101  INFO ASTQueryTranslatorFactory:48 - HHH000397: Using ASTQueryTranslatorFactory
14:12:18,101  WARN CachingRegionFactory:58 - CachingRegionFactory should be only used for testing.
14:12:18,107  INFO SchemaExport:343 - HHH000227: Running hbm2ddl schema export
14:12:18,108 DEBUG SchemaExport:353 - Import file not found: /import.sql
14:12:18,108 DEBUG SQL:104 - 
    alter table PARENT_CHILD 
        drop constraint FK13A2B5274F02E9EF
14:12:18,108 ERROR SchemaExport:425 - HHH000389: Unsuccessful: alter table PARENT_CHILD drop constraint FK13A2B5274F02E9EF
14:12:18,108 ERROR SchemaExport:426 - Table "PARENT_CHILD" not found; SQL statement:

    alter table PARENT_CHILD 
        drop constraint FK13A2B5274F02E9EF [42102-145]
14:12:18,108 DEBUG SQL:104 - 
    alter table PARENT_CHILD 
        drop constraint FK13A2B52713820085
14:12:18,108 ERROR SchemaExport:425 - HHH000389: Unsuccessful: alter table PARENT_CHILD drop constraint FK13A2B52713820085
14:12:18,108 ERROR SchemaExport:426 - Table "PARENT_CHILD" not found; SQL statement:

    alter table PARENT_CHILD 
        drop constraint FK13A2B52713820085 [42102-145]
14:12:18,168 DEBUG SQL:104 - 
    drop table CHILD if exists
14:12:18,168 DEBUG SQL:104 - 
    drop table PARENT if exists
14:12:18,168 DEBUG SQL:104 - 
    drop table PARENT_CHILD if exists
14:12:18,169 DEBUG SQL:104 - 
    create table CHILD (
        ID bigint generated by default as identity,
        NAME varchar(255),
        primary key (ID)
    )
14:12:18,169 DEBUG SQL:104 - 
    create table PARENT (
        ID bigint generated by default as identity,
        primary key (ID)
    )
14:12:18,170 DEBUG SQL:104 - 
    create table PARENT_CHILD (
        parent_id bigint not null,
        child_id bigint not null,
        primary key (parent_id, child_id)
    )
14:12:18,171 DEBUG SQL:104 - 
    alter table PARENT_CHILD 
        add constraint FK13A2B5274F02E9EF 
        foreign key (child_id) 
        references CHILD
14:12:18,171 DEBUG SQL:104 - 
    alter table PARENT_CHILD 
        add constraint FK13A2B52713820085 
        foreign key (parent_id) 
        references PARENT
14:12:18,172  INFO SchemaExport:405 - HHH000230: Schema export complete
14:12:18,172  WARN SessionFactoryImpl:1554 - HHH000008: JTASessionContext being used with JDBCTransactionFactory; auto-flush will not operate correctly with getCurrentSession()
14:12:18,173  INFO CustomRunner:139 - Test: testDeleteParentAndChild
14:12:18,174 DEBUG SQL:104 - 
    insert 
    into
        PARENT
        (ID) 
    values
        (null)
14:12:18,193 DEBUG SQL:104 - 
    insert 
    into
        CHILD
        (ID, NAME) 
    values
        (null, ?)
14:12:18,195 DEBUG SQL:104 - 
    insert 
    into
        PARENT_CHILD
        (parent_id, child_id) 
    values
        (?, ?)
14:12:18,197 DEBUG SQL:104 - 
    select
        parentwith0_.ID as ID1_0_ 
    from
        PARENT parentwith0_ 
    where
        parentwith0_.ID=?
14:12:18,197 DEBUG SQL:104 - 
    select
        childwithb0_.ID as ID0_0_,
        childwithb0_.NAME as NAME0_0_ 
    from
        CHILD childwithb0_ 
    where
        childwithb0_.ID=?
14:12:18,218 DEBUG SQL:104 - 
    select
        children0_.parent_id as parent1_1_1_,
        children0_.child_id as child2_2_1_,
        childwithb1_.ID as ID0_0_,
        childwithb1_.NAME as NAME0_0_ 
    from
        PARENT_CHILD children0_ 
    inner join
        CHILD childwithb1_ 
            on children0_.child_id=childwithb1_.ID 
    where
        children0_.parent_id=?
14:12:18,219 DEBUG SQL:104 - 
    select
        parents0_.child_id as child2_0_1_,
        parents0_.parent_id as parent1_2_1_,
        parentwith1_.ID as ID1_0_ 
    from
        PARENT_CHILD parents0_ 
    inner join
        PARENT parentwith1_ 
            on parents0_.parent_id=parentwith1_.ID 
    where
        parents0_.child_id=?
14:12:18,219 DEBUG SQL:104 - 
    delete 
    from
        PARENT_CHILD 
    where
        parent_id=?
14:12:18,226 DEBUG SQL:104 - 
    delete 
    from
        CHILD 
    where
        ID=?
14:12:18,226 DEBUG SQL:104 - 
    delete 
    from
        PARENT 
    where
        ID=?
14:12:18,227 DEBUG SQL:104 - 
    select
        this_.ID as ID0_0_,
        this_.NAME as NAME0_0_ 
    from
        CHILD this_
14:12:18,239 DEBUG SQL:104 - 
    select
        this_.ID as ID1_0_ 
    from
        PARENT this_
14:12:18,241  INFO CustomRunner:139 - Test: testDeleteParentButNotChild
14:12:18,242 DEBUG SQL:104 - 
    insert 
    into
        PARENT
        (ID) 
    values
        (null)
14:12:18,243 DEBUG SQL:104 - 
    insert 
    into
        CHILD
        (ID, NAME) 
    values
        (null, ?)
14:12:18,244 DEBUG SQL:104 - 
    insert 
    into
        PARENT_CHILD
        (parent_id, child_id) 
    values
        (?, ?)
14:12:18,253 DEBUG SQL:104 - 
    select
        parentwith0_.ID as ID1_0_ 
    from
        PARENT parentwith0_ 
    where
        parentwith0_.ID=?
14:12:18,253 DEBUG SQL:104 - 
    select
        childwithb0_.ID as ID0_0_,
        childwithb0_.NAME as NAME0_0_ 
    from
        CHILD childwithb0_ 
    where
        childwithb0_.ID=?
14:12:18,254 DEBUG SQL:104 - 
    select
        children0_.parent_id as parent1_1_1_,
        children0_.child_id as child2_2_1_,
        childwithb1_.ID as ID0_0_,
        childwithb1_.NAME as NAME0_0_ 
    from
        PARENT_CHILD children0_ 
    inner join
        CHILD childwithb1_ 
            on children0_.child_id=childwithb1_.ID 
    where
        children0_.parent_id=?
14:12:18,254 DEBUG SQL:104 - 
    select
        parents0_.child_id as child2_0_1_,
        parents0_.parent_id as parent1_2_1_,
        parentwith1_.ID as ID1_0_ 
    from
        PARENT_CHILD parents0_ 
    inner join
        PARENT parentwith1_ 
            on parents0_.parent_id=parentwith1_.ID 
    where
        parents0_.child_id=?
14:12:18,263 DEBUG SQL:104 - 
    delete 
    from
        PARENT_CHILD 
    where
        parent_id=?
14:12:18,264 DEBUG SQL:104 - 
    delete 
    from
        PARENT 
    where
        ID=?
14:12:18,264 DEBUG SQL:104 - 
    select
        this_.ID as ID0_0_,
        this_.NAME as NAME0_0_ 
    from
        CHILD this_
14:12:18,265 DEBUG SQL:104 - 
    select
        this_.ID as ID1_0_ 
    from
        PARENT this_
14:12:18,273 DEBUG SQL:104 - 
    delete 
    from
        CHILD 
    where
        ID=?
14:12:18,273  INFO CustomRunner:139 - Test: testDeleteParentWithNoChildren
14:12:18,274 DEBUG SQL:104 - 
    insert 
    into
        PARENT
        (ID) 
    values
        (null)
14:12:18,275 DEBUG SQL:104 - 
    select
        parentwith0_.ID as ID1_0_ 
    from
        PARENT parentwith0_ 
    where
        parentwith0_.ID=?
14:12:18,276 DEBUG SQL:104 - 
    select
        children0_.parent_id as parent1_1_1_,
        children0_.child_id as child2_2_1_,
        childwithb1_.ID as ID0_0_,
        childwithb1_.NAME as NAME0_0_ 
    from
        PARENT_CHILD children0_ 
    inner join
        CHILD childwithb1_ 
            on children0_.child_id=childwithb1_.ID 
    where
        children0_.parent_id=?
14:12:18,289 DEBUG SQL:104 - 
    delete 
    from
        PARENT 
    where
        ID=?
14:12:18,290 DEBUG SQL:104 - 
    select
        this_.ID as ID0_0_,
        this_.NAME as NAME0_0_ 
    from
        CHILD this_
14:12:18,290 DEBUG SQL:104 - 
    select
        this_.ID as ID1_0_ 
    from
        PARENT this_
14:12:18,352  INFO CustomRunner:139 - Test: testDeleteParentWithNullChildren
14:12:18,354 DEBUG SQL:104 - 
    insert 
    into
        PARENT
        (ID) 
    values
        (null)
14:12:18,355 DEBUG SQL:104 - 
    select
        parentwith0_.ID as ID1_0_ 
    from
        PARENT parentwith0_ 
    where
        parentwith0_.ID=?
14:12:18,356 DEBUG SQL:104 - 
    select
        children0_.parent_id as parent1_1_1_,
        children0_.child_id as child2_2_1_,
        childwithb1_.ID as ID0_0_,
        childwithb1_.NAME as NAME0_0_ 
    from
        PARENT_CHILD children0_ 
    inner join
        CHILD childwithb1_ 
            on children0_.child_id=childwithb1_.ID 
    where
        children0_.parent_id=?
14:12:18,356 DEBUG SQL:104 - 
    delete 
    from
        PARENT 
    where
        ID=?
14:12:18,357 DEBUG SQL:104 - 
    select
        this_.ID as ID0_0_,
        this_.NAME as NAME0_0_ 
    from
        CHILD this_
14:12:18,357 DEBUG SQL:104 - 
    select
        this_.ID as ID1_0_ 
    from
        PARENT this_
14:12:18,358  INFO CustomRunner:139 - Test: testMoveAllChildrenToDifferentParent
14:12:18,360 DEBUG SQL:104 - 
    insert 
    into
        PARENT
        (ID) 
    values
        (null)
14:12:18,361 DEBUG SQL:104 - 
    insert 
    into
        CHILD
        (ID, NAME) 
    values
        (null, ?)
14:12:18,362 DEBUG SQL:104 - 
    insert 
    into
        PARENT_CHILD
        (parent_id, child_id) 
    values
        (?, ?)
14:12:18,371 DEBUG SQL:104 - 
    insert 
    into
        PARENT
        (ID) 
    values
        (null)
14:12:18,371 DEBUG SQL:104 - 
    insert 
    into
        CHILD
        (ID, NAME) 
    values
        (null, ?)
14:12:18,372 DEBUG SQL:104 - 
    insert 
    into
        PARENT_CHILD
        (parent_id, child_id) 
    values
        (?, ?)
14:12:18,372 DEBUG SQL:104 - 
    select
        parentwith0_.ID as ID1_0_ 
    from
        PARENT parentwith0_ 
    where
        parentwith0_.ID=?
14:12:18,373 DEBUG SQL:104 - 
    select
        parentwith0_.ID as ID1_0_ 
    from
        PARENT parentwith0_ 
    where
        parentwith0_.ID=?
14:12:18,373 DEBUG SQL:104 - 
    select
        childwithb0_.ID as ID0_0_,
        childwithb0_.NAME as NAME0_0_ 
    from
        CHILD childwithb0_ 
    where
        childwithb0_.ID=?
14:12:18,375 DEBUG SQL:104 - 
    select
        children0_.parent_id as parent1_1_1_,
        children0_.child_id as child2_2_1_,
        childwithb1_.ID as ID0_0_,
        childwithb1_.NAME as NAME0_0_ 
    from
        PARENT_CHILD children0_ 
    inner join
        CHILD childwithb1_ 
            on children0_.child_id=childwithb1_.ID 
    where
        children0_.parent_id=?
14:12:18,378 DEBUG SQL:104 - 
    select
        children0_.parent_id as parent1_1_1_,
        children0_.child_id as child2_2_1_,
        childwithb1_.ID as ID0_0_,
        childwithb1_.NAME as NAME0_0_ 
    from
        PARENT_CHILD children0_ 
    inner join
        CHILD childwithb1_ 
            on children0_.child_id=childwithb1_.ID 
    where
        children0_.parent_id=?
14:12:18,378 DEBUG SQL:104 - 
    select
        parents0_.child_id as child2_0_1_,
        parents0_.parent_id as parent1_2_1_,
        parentwith1_.ID as ID1_0_ 
    from
        PARENT_CHILD parents0_ 
    inner join
        PARENT parentwith1_ 
            on parents0_.parent_id=parentwith1_.ID 
    where
        parents0_.child_id=?
14:12:18,391 DEBUG SQL:104 - 
    delete 
    from
        PARENT_CHILD 
    where
        parent_id=?
14:12:18,392 DEBUG SQL:104 - 
    insert 
    into
        PARENT_CHILD
        (parent_id, child_id) 
    values
        (?, ?)
14:12:18,392 DEBUG SQL:104 - 
    select
        this_.ID as ID0_0_,
        this_.NAME as NAME0_0_ 
    from
        CHILD this_
14:12:18,393 DEBUG SQL:104 - 
    select
        this_.ID as ID1_0_ 
    from
        PARENT this_
14:12:18,404 DEBUG SQL:104 - 
    select
        children0_.parent_id as parent1_1_1_,
        children0_.child_id as child2_2_1_,
        childwithb1_.ID as ID0_0_,
        childwithb1_.NAME as NAME0_0_ 
    from
        PARENT_CHILD children0_ 
    inner join
        CHILD childwithb1_ 
            on children0_.child_id=childwithb1_.ID 
    where
        children0_.parent_id=?
14:12:18,405 DEBUG SQL:104 - 
    select
        children0_.parent_id as parent1_1_1_,
        children0_.child_id as child2_2_1_,
        childwithb1_.ID as ID0_0_,
        childwithb1_.NAME as NAME0_0_ 
    from
        PARENT_CHILD children0_ 
    inner join
        CHILD childwithb1_ 
            on children0_.child_id=childwithb1_.ID 
    where
        children0_.parent_id=?
14:12:18,510 DEBUG SQL:104 - 
    select
        parents0_.child_id as child2_0_1_,
        parents0_.parent_id as parent1_2_1_,
        parentwith1_.ID as ID1_0_ 
    from
        PARENT_CHILD parents0_ 
    inner join
        PARENT parentwith1_ 
            on parents0_.parent_id=parentwith1_.ID 
    where
        parents0_.child_id=?
14:12:18,511 DEBUG SQL:104 - 
    select
        parents0_.child_id as child2_0_1_,
        parents0_.parent_id as parent1_2_1_,
        parentwith1_.ID as ID1_0_ 
    from
        PARENT_CHILD parents0_ 
    inner join
        PARENT parentwith1_ 
            on parents0_.parent_id=parentwith1_.ID 
    where
        parents0_.child_id=?
14:12:18,512 DEBUG SQL:104 - 
    delete 
    from
        PARENT_CHILD 
    where
        parent_id=?
14:12:18,513 DEBUG SQL:104 - 
    delete 
    from
        PARENT 
    where
        ID=?
14:12:18,513 DEBUG SQL:104 - 
    delete 
    from
        PARENT 
    where
        ID=?
14:12:18,513 DEBUG SQL:104 - 
    delete 
    from
        CHILD 
    where
        ID=?
14:12:18,514 DEBUG SQL:104 - 
    delete 
    from
        CHILD 
    where
        ID=?
14:12:18,514  INFO CustomRunner:139 - Test: testMoveChildToDifferentParent
14:12:18,515 DEBUG SQL:104 - 
    insert 
    into
        PARENT
        (ID) 
    values
        (null)
14:12:18,516 DEBUG SQL:104 - 
    insert 
    into
        CHILD
        (ID, NAME) 
    values
        (null, ?)
14:12:18,516 DEBUG SQL:104 - 
    insert 
    into
        PARENT_CHILD
        (parent_id, child_id) 
    values
        (?, ?)
14:12:18,517 DEBUG SQL:104 - 
    insert 
    into
        PARENT
        (ID) 
    values
        (null)
14:12:18,517 DEBUG SQL:104 - 
    insert 
    into
        CHILD
        (ID, NAME) 
    values
        (null, ?)
14:12:18,517 DEBUG SQL:104 - 
    insert 
    into
        PARENT_CHILD
        (parent_id, child_id) 
    values
        (?, ?)
14:12:18,517 DEBUG SQL:104 - 
    select
        parentwith0_.ID as ID1_0_ 
    from
        PARENT parentwith0_ 
    where
        parentwith0_.ID=?
14:12:18,518 DEBUG SQL:104 - 
    select
        parentwith0_.ID as ID1_0_ 
    from
        PARENT parentwith0_ 
    where
        parentwith0_.ID=?
14:12:18,518 DEBUG SQL:104 - 
    select
        childwithb0_.ID as ID0_0_,
        childwithb0_.NAME as NAME0_0_ 
    from
        CHILD childwithb0_ 
    where
        childwithb0_.ID=?
14:12:18,518 DEBUG SQL:104 - 
    select
        children0_.parent_id as parent1_1_1_,
        children0_.child_id as child2_2_1_,
        childwithb1_.ID as ID0_0_,
        childwithb1_.NAME as NAME0_0_ 
    from
        PARENT_CHILD children0_ 
    inner join
        CHILD childwithb1_ 
            on children0_.child_id=childwithb1_.ID 
    where
        children0_.parent_id=?
14:12:18,519 DEBUG SQL:104 - 
    select
        parents0_.child_id as child2_0_1_,
        parents0_.parent_id as parent1_2_1_,
        parentwith1_.ID as ID1_0_ 
    from
        PARENT_CHILD parents0_ 
    inner join
        PARENT parentwith1_ 
            on parents0_.parent_id=parentwith1_.ID 
    where
        parents0_.child_id=?
14:12:18,519 DEBUG SQL:104 - 
    select
        children0_.parent_id as parent1_1_1_,
        children0_.child_id as child2_2_1_,
        childwithb1_.ID as ID0_0_,
        childwithb1_.NAME as NAME0_0_ 
    from
        PARENT_CHILD children0_ 
    inner join
        CHILD childwithb1_ 
            on children0_.child_id=childwithb1_.ID 
    where
        children0_.parent_id=?
14:12:18,520 DEBUG SQL:104 - 
    delete 
    from
        PARENT_CHILD 
    where
        parent_id=?
14:12:18,520 DEBUG SQL:104 - 
    insert 
    into
        PARENT_CHILD
        (parent_id, child_id) 
    values
        (?, ?)
14:12:18,521 DEBUG SQL:104 - 
    select
        this_.ID as ID0_0_,
        this_.NAME as NAME0_0_ 
    from
        CHILD this_
14:12:18,521 DEBUG SQL:104 - 
    select
        this_.ID as ID1_0_ 
    from
        PARENT this_
14:12:18,522 DEBUG SQL:104 - 
    select
        children0_.parent_id as parent1_1_1_,
        children0_.child_id as child2_2_1_,
        childwithb1_.ID as ID0_0_,
        childwithb1_.NAME as NAME0_0_ 
    from
        PARENT_CHILD children0_ 
    inner join
        CHILD childwithb1_ 
            on children0_.child_id=childwithb1_.ID 
    where
        children0_.parent_id=?
14:12:18,522 DEBUG SQL:104 - 
    select
        parents0_.child_id as child2_0_1_,
        parents0_.parent_id as parent1_2_1_,
        parentwith1_.ID as ID1_0_ 
    from
        PARENT_CHILD parents0_ 
    inner join
        PARENT parentwith1_ 
            on parents0_.parent_id=parentwith1_.ID 
    where
        parents0_.child_id=?
14:12:18,523 DEBUG SQL:104 - 
    select
        parents0_.child_id as child2_0_1_,
        parents0_.parent_id as parent1_2_1_,
        parentwith1_.ID as ID1_0_ 
    from
        PARENT_CHILD parents0_ 
    inner join
        PARENT parentwith1_ 
            on parents0_.parent_id=parentwith1_.ID 
    where
        parents0_.child_id=?
14:12:18,524 DEBUG SQL:104 - 
    select
        children0_.parent_id as parent1_1_1_,
        children0_.child_id as child2_2_1_,
        childwithb1_.ID as ID0_0_,
        childwithb1_.NAME as NAME0_0_ 
    from
        PARENT_CHILD children0_ 
    inner join
        CHILD childwithb1_ 
            on children0_.child_id=childwithb1_.ID 
    where
        children0_.parent_id=?
14:12:18,535 DEBUG SQL:104 - 
    delete 
    from
        PARENT_CHILD 
    where
        parent_id=?
14:12:18,536 DEBUG SQL:104 - 
    delete 
    from
        PARENT 
    where
        ID=?
14:12:18,536 DEBUG SQL:104 - 
    delete 
    from
        PARENT 
    where
        ID=?
14:12:18,536 DEBUG SQL:104 - 
    delete 
    from
        CHILD 
    where
        ID=?
14:12:18,537 DEBUG SQL:104 - 
    delete 
    from
        CHILD 
    where
        ID=?
14:12:18,551  INFO CustomRunner:139 - Test: testMoveCollectionToDifferentParent
14:12:18,552 DEBUG SQL:104 - 
    insert 
    into
        PARENT
        (ID) 
    values
        (null)
14:12:18,553 DEBUG SQL:104 - 
    insert 
    into
        CHILD
        (ID, NAME) 
    values
        (null, ?)
14:12:18,553 DEBUG SQL:104 - 
    insert 
    into
        PARENT_CHILD
        (parent_id, child_id) 
    values
        (?, ?)
14:12:18,554 DEBUG SQL:104 - 
    insert 
    into
        PARENT
        (ID) 
    values
        (null)
14:12:18,566 DEBUG SQL:104 - 
    insert 
    into
        CHILD
        (ID, NAME) 
    values
        (null, ?)
14:12:18,567 DEBUG SQL:104 - 
    insert 
    into
        PARENT_CHILD
        (parent_id, child_id) 
    values
        (?, ?)
14:12:18,568 DEBUG SQL:104 - 
    select
        parentwith0_.ID as ID1_0_ 
    from
        PARENT parentwith0_ 
    where
        parentwith0_.ID=?
14:12:18,568 DEBUG SQL:104 - 
    select
        parentwith0_.ID as ID1_0_ 
    from
        PARENT parentwith0_ 
    where
        parentwith0_.ID=?
14:12:18,568 DEBUG SQL:104 - 
    select
        children0_.parent_id as parent1_1_1_,
        children0_.child_id as child2_2_1_,
        childwithb1_.ID as ID0_0_,
        childwithb1_.NAME as NAME0_0_ 
    from
        PARENT_CHILD children0_ 
    inner join
        CHILD childwithb1_ 
            on children0_.child_id=childwithb1_.ID 
    where
        children0_.parent_id=?
14:12:18,569 DEBUG SQL:104 - 
    select
        parents0_.child_id as child2_0_1_,
        parents0_.parent_id as parent1_2_1_,
        parentwith1_.ID as ID1_0_ 
    from
        PARENT_CHILD parents0_ 
    inner join
        PARENT parentwith1_ 
            on parents0_.parent_id=parentwith1_.ID 
    where
        parents0_.child_id=?
14:12:18,569 DEBUG SQL:104 - 
    select
        children0_.parent_id as parent1_1_1_,
        children0_.child_id as child2_2_1_,
        childwithb1_.ID as ID0_0_,
        childwithb1_.NAME as NAME0_0_ 
    from
        PARENT_CHILD children0_ 
    inner join
        CHILD childwithb1_ 
            on children0_.child_id=childwithb1_.ID 
    where
        children0_.parent_id=?
14:12:18,582 DEBUG SQL:104 - 
    select
        parents0_.child_id as child2_0_1_,
        parents0_.parent_id as parent1_2_1_,
        parentwith1_.ID as ID1_0_ 
    from
        PARENT_CHILD parents0_ 
    inner join
        PARENT parentwith1_ 
            on parents0_.parent_id=parentwith1_.ID 
    where
        parents0_.child_id=?
14:12:18,582 DEBUG SQL:104 - 
    delete 
    from
        PARENT_CHILD 
    where
        parent_id=?
14:12:18,592 DEBUG SQL:104 - 
    delete 
    from
        PARENT_CHILD 
    where
        parent_id=?
14:12:18,592 DEBUG SQL:104 - 
    insert 
    into
        PARENT_CHILD
        (parent_id, child_id) 
    values
        (?, ?)
14:12:18,593 DEBUG SQL:104 - 
    select
        this_.ID as ID0_0_,
        this_.NAME as NAME0_0_ 
    from
        CHILD this_
14:12:18,594 DEBUG SQL:104 - 
    select
        this_.ID as ID1_0_ 
    from
        PARENT this_
14:12:18,594 DEBUG SQL:104 - 
    select
        children0_.parent_id as parent1_1_1_,
        children0_.child_id as child2_2_1_,
        childwithb1_.ID as ID0_0_,
        childwithb1_.NAME as NAME0_0_ 
    from
        PARENT_CHILD children0_ 
    inner join
        CHILD childwithb1_ 
            on children0_.child_id=childwithb1_.ID 
    where
        children0_.parent_id=?
14:12:18,595 DEBUG SQL:104 - 
    select
        parents0_.child_id as child2_0_1_,
        parents0_.parent_id as parent1_2_1_,
        parentwith1_.ID as ID1_0_ 
    from
        PARENT_CHILD parents0_ 
    inner join
        PARENT parentwith1_ 
            on parents0_.parent_id=parentwith1_.ID 
    where
        parents0_.child_id=?
14:12:18,616 DEBUG SQL:104 - 
    select
        children0_.parent_id as parent1_1_1_,
        children0_.child_id as child2_2_1_,
        childwithb1_.ID as ID0_0_,
        childwithb1_.NAME as NAME0_0_ 
    from
        PARENT_CHILD children0_ 
    inner join
        CHILD childwithb1_ 
            on children0_.child_id=childwithb1_.ID 
    where
        children0_.parent_id=?
14:12:18,617 DEBUG SQL:104 - 
    delete 
    from
        PARENT_CHILD 
    where
        parent_id=?
14:12:18,618 DEBUG SQL:104 - 
    delete 
    from
        PARENT 
    where
        ID=?
14:12:18,618 DEBUG SQL:104 - 
    delete 
    from
        PARENT 
    where
        ID=?
14:12:18,628 DEBUG SQL:104 - 
    delete 
    from
        CHILD 
    where
        ID=?
14:12:18,628 DEBUG SQL:104 - 
    delete 
    from
        CHILD 
    where
        ID=?
14:12:18,629  INFO CustomRunner:139 - Test: testMoveCollectionToDifferentParentFlushMoveToDifferentParent
14:12:18,630 DEBUG SQL:104 - 
    insert 
    into
        PARENT
        (ID) 
    values
        (null)
14:12:18,630 DEBUG SQL:104 - 
    insert 
    into
        CHILD
        (ID, NAME) 
    values
        (null, ?)
14:12:18,645 DEBUG SQL:104 - 
    insert 
    into
        PARENT_CHILD
        (parent_id, child_id) 
    values
        (?, ?)
14:12:18,646 DEBUG SQL:104 - 
    insert 
    into
        PARENT
        (ID) 
    values
        (null)
14:12:18,647 DEBUG SQL:104 - 
    insert 
    into
        CHILD
        (ID, NAME) 
    values
        (null, ?)
14:12:18,647 DEBUG SQL:104 - 
    insert 
    into
        PARENT_CHILD
        (parent_id, child_id) 
    values
        (?, ?)
14:12:18,660 DEBUG SQL:104 - 
    insert 
    into
        PARENT
        (ID) 
    values
        (null)
14:12:18,661 DEBUG SQL:104 - 
    select
        parentwith0_.ID as ID1_0_ 
    from
        PARENT parentwith0_ 
    where
        parentwith0_.ID=?
14:12:18,661 DEBUG SQL:104 - 
    select
        parentwith0_.ID as ID1_0_ 
    from
        PARENT parentwith0_ 
    where
        parentwith0_.ID=?
14:12:18,662 DEBUG SQL:104 - 
    select
        parentwith0_.ID as ID1_0_ 
    from
        PARENT parentwith0_ 
    where
        parentwith0_.ID=?
14:12:18,662 DEBUG SQL:104 - 
    select
        children0_.parent_id as parent1_1_1_,
        children0_.child_id as child2_2_1_,
        childwithb1_.ID as ID0_0_,
        childwithb1_.NAME as NAME0_0_ 
    from
        PARENT_CHILD children0_ 
    inner join
        CHILD childwithb1_ 
            on children0_.child_id=childwithb1_.ID 
    where
        children0_.parent_id=?
14:12:18,673 DEBUG SQL:104 - 
    select
        parents0_.child_id as child2_0_1_,
        parents0_.parent_id as parent1_2_1_,
        parentwith1_.ID as ID1_0_ 
    from
        PARENT_CHILD parents0_ 
    inner join
        PARENT parentwith1_ 
            on parents0_.parent_id=parentwith1_.ID 
    where
        parents0_.child_id=?
14:12:18,674 DEBUG SQL:104 - 
    select
        children0_.parent_id as parent1_1_1_,
        children0_.child_id as child2_2_1_,
        childwithb1_.ID as ID0_0_,
        childwithb1_.NAME as NAME0_0_ 
    from
        PARENT_CHILD children0_ 
    inner join
        CHILD childwithb1_ 
            on children0_.child_id=childwithb1_.ID 
    where
        children0_.parent_id=?
14:12:18,685 DEBUG SQL:104 - 
    select
        parents0_.child_id as child2_0_1_,
        parents0_.parent_id as parent1_2_1_,
        parentwith1_.ID as ID1_0_ 
    from
        PARENT_CHILD parents0_ 
    inner join
        PARENT parentwith1_ 
            on parents0_.parent_id=parentwith1_.ID 
    where
        parents0_.child_id=?
14:12:18,686 DEBUG SQL:104 - 
    delete 
    from
        PARENT_CHILD 
    where
        parent_id=?
14:12:18,686 DEBUG SQL:104 - 
    delete 
    from
        PARENT_CHILD 
    where
        parent_id=?
14:12:18,687 DEBUG SQL:104 - 
    insert 
    into
        PARENT_CHILD
        (parent_id, child_id) 
    values
        (?, ?)
14:12:18,697 DEBUG SQL:104 - 
    select
        children0_.parent_id as parent1_1_1_,
        children0_.child_id as child2_2_1_,
        childwithb1_.ID as ID0_0_,
        childwithb1_.NAME as NAME0_0_ 
    from
        PARENT_CHILD children0_ 
    inner join
        CHILD childwithb1_ 
            on children0_.child_id=childwithb1_.ID 
    where
        children0_.parent_id=?
14:12:18,698 DEBUG SQL:104 - 
    delete 
    from
        PARENT_CHILD 
    where
        parent_id=?
14:12:18,698 DEBUG SQL:104 - 
    insert 
    into
        PARENT_CHILD
        (parent_id, child_id) 
    values
        (?, ?)
14:12:18,699 DEBUG SQL:104 - 
    select
        this_.ID as ID0_0_,
        this_.NAME as NAME0_0_ 
    from
        CHILD this_
14:12:18,699 DEBUG SQL:104 - 
    select
        this_.ID as ID1_0_ 
    from
        PARENT this_
14:12:18,700 DEBUG SQL:104 - 
    select
        children0_.parent_id as parent1_1_1_,
        children0_.child_id as child2_2_1_,
        childwithb1_.ID as ID0_0_,
        childwithb1_.NAME as NAME0_0_ 
    from
        PARENT_CHILD children0_ 
    inner join
        CHILD childwithb1_ 
            on children0_.child_id=childwithb1_.ID 
    where
        children0_.parent_id=?
14:12:18,700 DEBUG SQL:104 - 
    select
        children0_.parent_id as parent1_1_1_,
        children0_.child_id as child2_2_1_,
        childwithb1_.ID as ID0_0_,
        childwithb1_.NAME as NAME0_0_ 
    from
        PARENT_CHILD children0_ 
    inner join
        CHILD childwithb1_ 
            on children0_.child_id=childwithb1_.ID 
    where
        children0_.parent_id=?
14:12:18,724 DEBUG SQL:104 - 
    select
        children0_.parent_id as parent1_1_1_,
        children0_.child_id as child2_2_1_,
        childwithb1_.ID as ID0_0_,
        childwithb1_.NAME as NAME0_0_ 
    from
        PARENT_CHILD children0_ 
    inner join
        CHILD childwithb1_ 
            on children0_.child_id=childwithb1_.ID 
    where
        children0_.parent_id=?
14:12:18,725 DEBUG SQL:104 - 
    select
        parents0_.child_id as child2_0_1_,
        parents0_.parent_id as parent1_2_1_,
        parentwith1_.ID as ID1_0_ 
    from
        PARENT_CHILD parents0_ 
    inner join
        PARENT parentwith1_ 
            on parents0_.parent_id=parentwith1_.ID 
    where
        parents0_.child_id=?
14:12:18,738 DEBUG SQL:104 - 
    delete 
    from
        PARENT_CHILD 
    where
        parent_id=?
14:12:18,738 DEBUG SQL:104 - 
    delete 
    from
        PARENT 
    where
        ID=?
14:12:18,738 DEBUG SQL:104 - 
    delete 
    from
        PARENT 
    where
        ID=?
14:12:18,743 DEBUG SQL:104 - 
    delete 
    from
        PARENT 
    where
        ID=?
14:12:18,743 DEBUG SQL:104 - 
    delete 
    from
        CHILD 
    where
        ID=?
14:12:18,744 DEBUG SQL:104 - 
    delete 
    from
        CHILD 
    where
        ID=?
14:12:18,744  INFO CustomRunner:139 - Test: testSaveParentEmptyChildren
14:12:18,750 DEBUG SQL:104 - 
    insert 
    into
        PARENT
        (ID) 
    values
        (null)
14:12:18,765 DEBUG SQL:104 - 
    select
        parentwith0_.ID as ID1_0_ 
    from
        PARENT parentwith0_ 
    where
        parentwith0_.ID=?
14:12:18,767 DEBUG SQL:104 - 
    select
        this_.ID as ID0_0_,
        this_.NAME as NAME0_0_ 
    from
        CHILD this_
14:12:18,767 DEBUG SQL:104 - 
    select
        this_.ID as ID1_0_ 
    from
        PARENT this_
14:12:18,769 DEBUG SQL:104 - 
    select
        children0_.parent_id as parent1_1_1_,
        children0_.child_id as child2_2_1_,
        childwithb1_.ID as ID0_0_,
        childwithb1_.NAME as NAME0_0_ 
    from
        PARENT_CHILD children0_ 
    inner join
        CHILD childwithb1_ 
            on children0_.child_id=childwithb1_.ID 
    where
        children0_.parent_id=?
14:12:18,782 DEBUG SQL:104 - 
    delete 
    from
        PARENT 
    where
        ID=?
14:12:18,783  INFO CustomRunner:139 - Test: testSaveParentOneChild
14:12:18,784 DEBUG SQL:104 - 
    insert 
    into
        PARENT
        (ID) 
    values
        (null)
14:12:18,793 DEBUG SQL:104 - 
    insert 
    into
        CHILD
        (ID, NAME) 
    values
        (null, ?)
14:12:18,793 DEBUG SQL:104 - 
    insert 
    into
        PARENT_CHILD
        (parent_id, child_id) 
    values
        (?, ?)
14:12:18,794 DEBUG SQL:104 - 
    select
        this_.ID as ID0_0_,
        this_.NAME as NAME0_0_ 
    from
        CHILD this_
14:12:18,795 DEBUG SQL:104 - 
    select
        this_.ID as ID1_0_ 
    from
        PARENT this_
14:12:18,795 DEBUG SQL:104 - 
    select
        children0_.parent_id as parent1_1_1_,
        children0_.child_id as child2_2_1_,
        childwithb1_.ID as ID0_0_,
        childwithb1_.NAME as NAME0_0_ 
    from
        PARENT_CHILD children0_ 
    inner join
        CHILD childwithb1_ 
            on children0_.child_id=childwithb1_.ID 
    where
        children0_.parent_id=?
14:12:18,796 DEBUG SQL:104 - 
    select
        parents0_.child_id as child2_0_1_,
        parents0_.parent_id as parent1_2_1_,
        parentwith1_.ID as ID1_0_ 
    from
        PARENT_CHILD parents0_ 
    inner join
        PARENT parentwith1_ 
            on parents0_.parent_id=parentwith1_.ID 
    where
        parents0_.child_id=?
14:12:18,812 DEBUG SQL:104 - 
    delete 
    from
        PARENT_CHILD 
    where
        parent_id=?
14:12:18,813 DEBUG SQL:104 - 
    delete 
    from
        PARENT 
    where
        ID=?
14:12:18,813 DEBUG SQL:104 - 
    delete 
    from
        CHILD 
    where
        ID=?
14:12:18,814  INFO CustomRunner:139 - Test: testUpdateParentNoneToOneChild
14:12:18,815 DEBUG SQL:104 - 
    insert 
    into
        PARENT
        (ID) 
    values
        (null)
14:12:18,834 DEBUG SQL:104 - 
    select
        parentwith0_.ID as ID1_0_ 
    from
        PARENT parentwith0_ 
    where
        parentwith0_.ID=?
14:12:18,835 DEBUG SQL:104 - 
    select
        children0_.parent_id as parent1_1_1_,
        children0_.child_id as child2_2_1_,
        childwithb1_.ID as ID0_0_,
        childwithb1_.NAME as NAME0_0_ 
    from
        PARENT_CHILD children0_ 
    inner join
        CHILD childwithb1_ 
            on children0_.child_id=childwithb1_.ID 
    where
        children0_.parent_id=?
14:12:18,836 DEBUG SQL:104 - 
    insert 
    into
        CHILD
        (ID, NAME) 
    values
        (null, ?)
14:12:18,837 DEBUG SQL:104 - 
    insert 
    into
        PARENT_CHILD
        (parent_id, child_id) 
    values
        (?, ?)
14:12:18,838 DEBUG SQL:104 - 
    select
        this_.ID as ID0_0_,
        this_.NAME as NAME0_0_ 
    from
        CHILD this_
14:12:18,839 DEBUG SQL:104 - 
    select
        this_.ID as ID1_0_ 
    from
        PARENT this_
14:12:18,839 DEBUG SQL:104 - 
    select
        children0_.parent_id as parent1_1_1_,
        children0_.child_id as child2_2_1_,
        childwithb1_.ID as ID0_0_,
        childwithb1_.NAME as NAME0_0_ 
    from
        PARENT_CHILD children0_ 
    inner join
        CHILD childwithb1_ 
            on children0_.child_id=childwithb1_.ID 
    where
        children0_.parent_id=?
14:12:18,855 DEBUG SQL:104 - 
    select
        parents0_.child_id as child2_0_1_,
        parents0_.parent_id as parent1_2_1_,
        parentwith1_.ID as ID1_0_ 
    from
        PARENT_CHILD parents0_ 
    inner join
        PARENT parentwith1_ 
            on parents0_.parent_id=parentwith1_.ID 
    where
        parents0_.child_id=?
14:12:18,856 DEBUG SQL:104 - 
    delete 
    from
        PARENT_CHILD 
    where
        parent_id=?
14:12:18,857 DEBUG SQL:104 - 
    delete 
    from
        PARENT 
    where
        ID=?
14:12:18,857 DEBUG SQL:104 - 
    delete 
    from
        CHILD 
    where
        ID=?
14:12:18,870  INFO CustomRunner:139 - Test: testUpdateParentNoneToOneChildDiffCollection
14:12:18,871 DEBUG SQL:104 - 
    insert 
    into
        PARENT
        (ID) 
    values
        (null)
14:12:18,872 DEBUG SQL:104 - 
    select
        parentwith0_.ID as ID1_0_ 
    from
        PARENT parentwith0_ 
    where
        parentwith0_.ID=?
14:12:18,872 DEBUG SQL:104 - 
    select
        children0_.parent_id as parent1_1_1_,
        children0_.child_id as child2_2_1_,
        childwithb1_.ID as ID0_0_,
        childwithb1_.NAME as NAME0_0_ 
    from
        PARENT_CHILD children0_ 
    inner join
        CHILD childwithb1_ 
            on children0_.child_id=childwithb1_.ID 
    where
        children0_.parent_id=?
14:12:18,873 DEBUG SQL:104 - 
    insert 
    into
        CHILD
        (ID, NAME) 
    values
        (null, ?)
14:12:18,873 DEBUG SQL:104 - 
    insert 
    into
        PARENT_CHILD
        (parent_id, child_id) 
    values
        (?, ?)
14:12:18,900 DEBUG SQL:104 - 
    select
        this_.ID as ID0_0_,
        this_.NAME as NAME0_0_ 
    from
        CHILD this_
14:12:18,900 DEBUG SQL:104 - 
    select
        this_.ID as ID1_0_ 
    from
        PARENT this_
14:12:18,901 DEBUG SQL:104 - 
    select
        children0_.parent_id as parent1_1_1_,
        children0_.child_id as child2_2_1_,
        childwithb1_.ID as ID0_0_,
        childwithb1_.NAME as NAME0_0_ 
    from
        PARENT_CHILD children0_ 
    inner join
        CHILD childwithb1_ 
            on children0_.child_id=childwithb1_.ID 
    where
        children0_.parent_id=?
14:12:18,901 DEBUG SQL:104 - 
    select
        parents0_.child_id as child2_0_1_,
        parents0_.parent_id as parent1_2_1_,
        parentwith1_.ID as ID1_0_ 
    from
        PARENT_CHILD parents0_ 
    inner join
        PARENT parentwith1_ 
            on parents0_.parent_id=parentwith1_.ID 
    where
        parents0_.child_id=?
14:12:18,913 DEBUG SQL:104 - 
    delete 
    from
        PARENT_CHILD 
    where
        parent_id=?
14:12:18,914 DEBUG SQL:104 - 
    delete 
    from
        PARENT 
    where
        ID=?
14:12:18,914 DEBUG SQL:104 - 
    delete 
    from
        CHILD 
    where
        ID=?
14:12:18,914  INFO CustomRunner:139 - Test: testUpdateParentNullToOneChild
14:12:18,915 DEBUG SQL:104 - 
    insert 
    into
        PARENT
        (ID) 
    values
        (null)
14:12:18,935 DEBUG SQL:104 - 
    select
        parentwith0_.ID as ID1_0_ 
    from
        PARENT parentwith0_ 
    where
        parentwith0_.ID=?
14:12:18,935 DEBUG SQL:104 - 
    select
        children0_.parent_id as parent1_1_1_,
        children0_.child_id as child2_2_1_,
        childwithb1_.ID as ID0_0_,
        childwithb1_.NAME as NAME0_0_ 
    from
        PARENT_CHILD children0_ 
    inner join
        CHILD childwithb1_ 
            on children0_.child_id=childwithb1_.ID 
    where
        children0_.parent_id=?
14:12:18,936 DEBUG SQL:104 - 
    insert 
    into
        CHILD
        (ID, NAME) 
    values
        (null, ?)
14:12:18,938 DEBUG SQL:104 - 
    insert 
    into
        PARENT_CHILD
        (parent_id, child_id) 
    values
        (?, ?)
14:12:18,939 DEBUG SQL:104 - 
    select
        this_.ID as ID0_0_,
        this_.NAME as NAME0_0_ 
    from
        CHILD this_
14:12:18,939 DEBUG SQL:104 - 
    select
        this_.ID as ID1_0_ 
    from
        PARENT this_
14:12:18,940 DEBUG SQL:104 - 
    select
        children0_.parent_id as parent1_1_1_,
        children0_.child_id as child2_2_1_,
        childwithb1_.ID as ID0_0_,
        childwithb1_.NAME as NAME0_0_ 
    from
        PARENT_CHILD children0_ 
    inner join
        CHILD childwithb1_ 
            on children0_.child_id=childwithb1_.ID 
    where
        children0_.parent_id=?
14:12:18,951 DEBUG SQL:104 - 
    select
        parents0_.child_id as child2_0_1_,
        parents0_.parent_id as parent1_2_1_,
        parentwith1_.ID as ID1_0_ 
    from
        PARENT_CHILD parents0_ 
    inner join
        PARENT parentwith1_ 
            on parents0_.parent_id=parentwith1_.ID 
    where
        parents0_.child_id=?
14:12:18,952 DEBUG SQL:104 - 
    delete 
    from
        PARENT_CHILD 
    where
        parent_id=?
14:12:18,952 DEBUG SQL:104 - 
    delete 
    from
        PARENT 
    where
        ID=?
14:12:18,953 DEBUG SQL:104 - 
    delete 
    from
        CHILD 
    where
        ID=?
14:12:18,964  INFO CustomRunner:139 - Test: testUpdateParentNullToOneChildDiffCollection
14:12:18,965 DEBUG SQL:104 - 
    insert 
    into
        PARENT
        (ID) 
    values
        (null)
14:12:18,965 DEBUG SQL:104 - 
    select
        parentwith0_.ID as ID1_0_ 
    from
        PARENT parentwith0_ 
    where
        parentwith0_.ID=?
14:12:18,966 DEBUG SQL:104 - 
    select
        children0_.parent_id as parent1_1_1_,
        children0_.child_id as child2_2_1_,
        childwithb1_.ID as ID0_0_,
        childwithb1_.NAME as NAME0_0_ 
    from
        PARENT_CHILD children0_ 
    inner join
        CHILD childwithb1_ 
            on children0_.child_id=childwithb1_.ID 
    where
        children0_.parent_id=?
14:12:18,967 DEBUG SQL:104 - 
    insert 
    into
        CHILD
        (ID, NAME) 
    values
        (null, ?)
14:12:18,968 DEBUG SQL:104 - 
    insert 
    into
        PARENT_CHILD
        (parent_id, child_id) 
    values
        (?, ?)
14:12:18,969 DEBUG SQL:104 - 
    select
        this_.ID as ID0_0_,
        this_.NAME as NAME0_0_ 
    from
        CHILD this_
14:12:18,970 DEBUG SQL:104 - 
    select
        this_.ID as ID1_0_ 
    from
        PARENT this_
14:12:18,971 DEBUG SQL:104 - 
    select
        children0_.parent_id as parent1_1_1_,
        children0_.child_id as child2_2_1_,
        childwithb1_.ID as ID0_0_,
        childwithb1_.NAME as NAME0_0_ 
    from
        PARENT_CHILD children0_ 
    inner join
        CHILD childwithb1_ 
            on children0_.child_id=childwithb1_.ID 
    where
        children0_.parent_id=?
14:12:18,986 DEBUG SQL:104 - 
    select
        parents0_.child_id as child2_0_1_,
        parents0_.parent_id as parent1_2_1_,
        parentwith1_.ID as ID1_0_ 
    from
        PARENT_CHILD parents0_ 
    inner join
        PARENT parentwith1_ 
            on parents0_.parent_id=parentwith1_.ID 
    where
        parents0_.child_id=?
14:12:18,987 DEBUG SQL:104 - 
    delete 
    from
        PARENT_CHILD 
    where
        parent_id=?
14:12:18,988 DEBUG SQL:104 - 
    delete 
    from
        PARENT 
    where
        ID=?
14:12:19,003 DEBUG SQL:104 - 
    delete 
    from
        CHILD 
    where
        ID=?
14:12:19,004  INFO CustomRunner:139 - Test: testUpdateParentOneChildDiffCollectionDiffChild
14:12:19,005 DEBUG SQL:104 - 
    insert 
    into
        PARENT
        (ID) 
    values
        (null)
14:12:19,006 DEBUG SQL:104 - 
    insert 
    into
        CHILD
        (ID, NAME) 
    values
        (null, ?)
14:12:19,006 DEBUG SQL:104 - 
    insert 
    into
        PARENT_CHILD
        (parent_id, child_id) 
    values
        (?, ?)
14:12:19,007 DEBUG SQL:104 - 
    select
        parentwith0_.ID as ID1_0_ 
    from
        PARENT parentwith0_ 
    where
        parentwith0_.ID=?
14:12:19,007 DEBUG SQL:104 - 
    select
        childwithb0_.ID as ID0_0_,
        childwithb0_.NAME as NAME0_0_ 
    from
        CHILD childwithb0_ 
    where
        childwithb0_.ID=?
14:12:19,032 DEBUG SQL:104 - 
    select
        children0_.parent_id as parent1_1_1_,
        children0_.child_id as child2_2_1_,
        childwithb1_.ID as ID0_0_,
        childwithb1_.NAME as NAME0_0_ 
    from
        PARENT_CHILD children0_ 
    inner join
        CHILD childwithb1_ 
            on children0_.child_id=childwithb1_.ID 
    where
        children0_.parent_id=?
14:12:19,033 DEBUG SQL:104 - 
    select
        parents0_.child_id as child2_0_1_,
        parents0_.parent_id as parent1_2_1_,
        parentwith1_.ID as ID1_0_ 
    from
        PARENT_CHILD parents0_ 
    inner join
        PARENT parentwith1_ 
            on parents0_.parent_id=parentwith1_.ID 
    where
        parents0_.child_id=?
14:12:19,034 DEBUG SQL:104 - 
    insert 
    into
        CHILD
        (ID, NAME) 
    values
        (null, ?)
14:12:19,047 DEBUG SQL:104 - 
    delete 
    from
        PARENT_CHILD 
    where
        parent_id=?
14:12:19,048 DEBUG SQL:104 - 
    insert 
    into
        PARENT_CHILD
        (parent_id, child_id) 
    values
        (?, ?)
14:12:19,049 DEBUG SQL:104 - 
    select
        this_.ID as ID0_0_,
        this_.NAME as NAME0_0_ 
    from
        CHILD this_
14:12:19,050 DEBUG SQL:104 - 
    select
        this_.ID as ID1_0_ 
    from
        PARENT this_
14:12:19,050 DEBUG SQL:104 - 
    select
        children0_.parent_id as parent1_1_1_,
        children0_.child_id as child2_2_1_,
        childwithb1_.ID as ID0_0_,
        childwithb1_.NAME as NAME0_0_ 
    from
        PARENT_CHILD children0_ 
    inner join
        CHILD childwithb1_ 
            on children0_.child_id=childwithb1_.ID 
    where
        children0_.parent_id=?
14:12:19,060 DEBUG SQL:104 - 
    select
        parents0_.child_id as child2_0_1_,
        parents0_.parent_id as parent1_2_1_,
        parentwith1_.ID as ID1_0_ 
    from
        PARENT_CHILD parents0_ 
    inner join
        PARENT parentwith1_ 
            on parents0_.parent_id=parentwith1_.ID 
    where
        parents0_.child_id=?
14:12:19,061 DEBUG SQL:104 - 
    delete 
    from
        PARENT_CHILD 
    where
        parent_id=?
14:12:19,062 DEBUG SQL:104 - 
    delete 
    from
        PARENT 
    where
        ID=?
14:12:19,074 DEBUG SQL:104 - 
    delete 
    from
        CHILD 
    where
        ID=?
14:12:19,075 DEBUG SQL:104 - 
    delete 
    from
        CHILD 
    where
        ID=?
14:12:19,076  INFO CustomRunner:139 - Test: testUpdateParentOneChildDiffCollectionSameChild
14:12:19,077 DEBUG SQL:104 - 
    insert 
    into
        PARENT
        (ID) 
    values
        (null)
14:12:19,078 DEBUG SQL:104 - 
    insert 
    into
        CHILD
        (ID, NAME) 
    values
        (null, ?)
14:12:19,087 DEBUG SQL:104 - 
    insert 
    into
        PARENT_CHILD
        (parent_id, child_id) 
    values
        (?, ?)
14:12:19,088 DEBUG SQL:104 - 
    select
        parentwith0_.ID as ID1_0_ 
    from
        PARENT parentwith0_ 
    where
        parentwith0_.ID=?
14:12:19,088 DEBUG SQL:104 - 
    select
        childwithb0_.ID as ID0_0_,
        childwithb0_.NAME as NAME0_0_ 
    from
        CHILD childwithb0_ 
    where
        childwithb0_.ID=?
14:12:19,089 DEBUG SQL:104 - 
    select
        children0_.parent_id as parent1_1_1_,
        children0_.child_id as child2_2_1_,
        childwithb1_.ID as ID0_0_,
        childwithb1_.NAME as NAME0_0_ 
    from
        PARENT_CHILD children0_ 
    inner join
        CHILD childwithb1_ 
            on children0_.child_id=childwithb1_.ID 
    where
        children0_.parent_id=?
14:12:19,113 DEBUG SQL:104 - 
    select
        parents0_.child_id as child2_0_1_,
        parents0_.parent_id as parent1_2_1_,
        parentwith1_.ID as ID1_0_ 
    from
        PARENT_CHILD parents0_ 
    inner join
        PARENT parentwith1_ 
            on parents0_.parent_id=parentwith1_.ID 
    where
        parents0_.child_id=?
14:12:19,114 DEBUG SQL:104 - 
    delete 
    from
        PARENT_CHILD 
    where
        parent_id=?
14:12:19,115 DEBUG SQL:104 - 
    insert 
    into
        PARENT_CHILD
        (parent_id, child_id) 
    values
        (?, ?)
14:12:19,116 DEBUG SQL:104 - 
    select
        this_.ID as ID0_0_,
        this_.NAME as NAME0_0_ 
    from
        CHILD this_
14:12:19,117 DEBUG SQL:104 - 
    select
        this_.ID as ID1_0_ 
    from
        PARENT this_
14:12:19,118 DEBUG SQL:104 - 
    select
        children0_.parent_id as parent1_1_1_,
        children0_.child_id as child2_2_1_,
        childwithb1_.ID as ID0_0_,
        childwithb1_.NAME as NAME0_0_ 
    from
        PARENT_CHILD children0_ 
    inner join
        CHILD childwithb1_ 
            on children0_.child_id=childwithb1_.ID 
    where
        children0_.parent_id=?
14:12:19,119 DEBUG SQL:104 - 
    select
        parents0_.child_id as child2_0_1_,
        parents0_.parent_id as parent1_2_1_,
        parentwith1_.ID as ID1_0_ 
    from
        PARENT_CHILD parents0_ 
    inner join
        PARENT parentwith1_ 
            on parents0_.parent_id=parentwith1_.ID 
    where
        parents0_.child_id=?
14:12:19,135 DEBUG SQL:104 - 
    delete 
    from
        PARENT_CHILD 
    where
        parent_id=?
14:12:19,137 DEBUG SQL:104 - 
    delete 
    from
        PARENT 
    where
        ID=?
14:12:19,137 DEBUG SQL:104 - 
    delete 
    from
        CHILD 
    where
        ID=?
14:12:19,138  INFO CustomRunner:139 - Test: testUpdateParentOneChildToNoneByClear
14:12:19,139 DEBUG SQL:104 - 
    insert 
    into
        PARENT
        (ID) 
    values
        (null)
14:12:19,165 DEBUG SQL:104 - 
    insert 
    into
        CHILD
        (ID, NAME) 
    values
        (null, ?)
14:12:19,166 DEBUG SQL:104 - 
    insert 
    into
        PARENT_CHILD
        (parent_id, child_id) 
    values
        (?, ?)
14:12:19,167 DEBUG SQL:104 - 
    select
        parentwith0_.ID as ID1_0_ 
    from
        PARENT parentwith0_ 
    where
        parentwith0_.ID=?
14:12:19,168 DEBUG SQL:104 - 
    select
        childwithb0_.ID as ID0_0_,
        childwithb0_.NAME as NAME0_0_ 
    from
        CHILD childwithb0_ 
    where
        childwithb0_.ID=?
14:12:19,168 DEBUG SQL:104 - 
    select
        children0_.parent_id as parent1_1_1_,
        children0_.child_id as child2_2_1_,
        childwithb1_.ID as ID0_0_,
        childwithb1_.NAME as NAME0_0_ 
    from
        PARENT_CHILD children0_ 
    inner join
        CHILD childwithb1_ 
            on children0_.child_id=childwithb1_.ID 
    where
        children0_.parent_id=?
14:12:19,302 DEBUG SQL:104 - 
    select
        parents0_.child_id as child2_0_1_,
        parents0_.parent_id as parent1_2_1_,
        parentwith1_.ID as ID1_0_ 
    from
        PARENT_CHILD parents0_ 
    inner join
        PARENT parentwith1_ 
            on parents0_.parent_id=parentwith1_.ID 
    where
        parents0_.child_id=?
14:12:19,302 DEBUG SQL:104 - 
    delete 
    from
        PARENT_CHILD 
    where
        parent_id=?
14:12:19,303 DEBUG SQL:104 - 
    select
        this_.ID as ID0_0_,
        this_.NAME as NAME0_0_ 
    from
        CHILD this_
14:12:19,304 DEBUG SQL:104 - 
    select
        this_.ID as ID1_0_ 
    from
        PARENT this_
14:12:19,304 DEBUG SQL:104 - 
    select
        children0_.parent_id as parent1_1_1_,
        children0_.child_id as child2_2_1_,
        childwithb1_.ID as ID0_0_,
        childwithb1_.NAME as NAME0_0_ 
    from
        PARENT_CHILD children0_ 
    inner join
        CHILD childwithb1_ 
            on children0_.child_id=childwithb1_.ID 
    where
        children0_.parent_id=?
14:12:19,332 DEBUG SQL:104 - 
    delete 
    from
        PARENT 
    where
        ID=?
14:12:19,333 DEBUG SQL:104 - 
    delete 
    from
        CHILD 
    where
        ID=?
14:12:19,334  INFO CustomRunner:139 - Test: testUpdateParentOneChildToNoneByRemove
14:12:19,335 DEBUG SQL:104 - 
    insert 
    into
        PARENT
        (ID) 
    values
        (null)
14:12:19,347 DEBUG SQL:104 - 
    insert 
    into
        CHILD
        (ID, NAME) 
    values
        (null, ?)
14:12:19,348 DEBUG SQL:104 - 
    insert 
    into
        PARENT_CHILD
        (parent_id, child_id) 
    values
        (?, ?)
14:12:19,348 DEBUG SQL:104 - 
    select
        parentwith0_.ID as ID1_0_ 
    from
        PARENT parentwith0_ 
    where
        parentwith0_.ID=?
14:12:19,349 DEBUG SQL:104 - 
    select
        childwithb0_.ID as ID0_0_,
        childwithb0_.NAME as NAME0_0_ 
    from
        CHILD childwithb0_ 
    where
        childwithb0_.ID=?
14:12:19,349 DEBUG SQL:104 - 
    select
        children0_.parent_id as parent1_1_1_,
        children0_.child_id as child2_2_1_,
        childwithb1_.ID as ID0_0_,
        childwithb1_.NAME as NAME0_0_ 
    from
        PARENT_CHILD children0_ 
    inner join
        CHILD childwithb1_ 
            on children0_.child_id=childwithb1_.ID 
    where
        children0_.parent_id=?
14:12:19,350 DEBUG SQL:104 - 
    select
        parents0_.child_id as child2_0_1_,
        parents0_.parent_id as parent1_2_1_,
        parentwith1_.ID as ID1_0_ 
    from
        PARENT_CHILD parents0_ 
    inner join
        PARENT parentwith1_ 
            on parents0_.parent_id=parentwith1_.ID 
    where
        parents0_.child_id=?
14:12:19,379 DEBUG SQL:104 - 
    delete 
    from
        PARENT_CHILD 
    where
        parent_id=?
14:12:19,380 DEBUG SQL:104 - 
    select
        this_.ID as ID0_0_,
        this_.NAME as NAME0_0_ 
    from
        CHILD this_
14:12:19,381 DEBUG SQL:104 - 
    select
        this_.ID as ID1_0_ 
    from
        PARENT this_
14:12:19,382 DEBUG SQL:104 - 
    select
        children0_.parent_id as parent1_1_1_,
        children0_.child_id as child2_2_1_,
        childwithb1_.ID as ID0_0_,
        childwithb1_.NAME as NAME0_0_ 
    from
        PARENT_CHILD children0_ 
    inner join
        CHILD childwithb1_ 
            on children0_.child_id=childwithb1_.ID 
    where
        children0_.parent_id=?
14:12:19,383 DEBUG SQL:104 - 
    delete 
    from
        PARENT 
    where
        ID=?
14:12:19,384 DEBUG SQL:104 - 
    delete 
    from
        CHILD 
    where
        ID=?
14:12:19,385  INFO CustomRunner:139 - Test: testUpdateParentOneToTwoChildren
14:12:19,386 DEBUG SQL:104 - 
    insert 
    into
        PARENT
        (ID) 
    values
        (null)
14:12:19,387 DEBUG SQL:104 - 
    insert 
    into
        CHILD
        (ID, NAME) 
    values
        (null, ?)
14:12:19,387 DEBUG SQL:104 - 
    insert 
    into
        PARENT_CHILD
        (parent_id, child_id) 
    values
        (?, ?)
14:12:19,418 DEBUG SQL:104 - 
    select
        parentwith0_.ID as ID1_0_ 
    from
        PARENT parentwith0_ 
    where
        parentwith0_.ID=?
14:12:19,419 DEBUG SQL:104 - 
    select
        children0_.parent_id as parent1_1_1_,
        children0_.child_id as child2_2_1_,
        childwithb1_.ID as ID0_0_,
        childwithb1_.NAME as NAME0_0_ 
    from
        PARENT_CHILD children0_ 
    inner join
        CHILD childwithb1_ 
            on children0_.child_id=childwithb1_.ID 
    where
        children0_.parent_id=?
14:12:19,420 DEBUG SQL:104 - 
    insert 
    into
        CHILD
        (ID, NAME) 
    values
        (null, ?)
14:12:19,421 DEBUG SQL:104 - 
    insert 
    into
        PARENT_CHILD
        (parent_id, child_id) 
    values
        (?, ?)
14:12:19,427 DEBUG SQL:104 - 
    select
        this_.ID as ID0_0_,
        this_.NAME as NAME0_0_ 
    from
        CHILD this_
14:12:19,428 DEBUG SQL:104 - 
    select
        this_.ID as ID1_0_ 
    from
        PARENT this_
14:12:19,429 DEBUG SQL:104 - 
    select
        children0_.parent_id as parent1_1_1_,
        children0_.child_id as child2_2_1_,
        childwithb1_.ID as ID0_0_,
        childwithb1_.NAME as NAME0_0_ 
    from
        PARENT_CHILD children0_ 
    inner join
        CHILD childwithb1_ 
            on children0_.child_id=childwithb1_.ID 
    where
        children0_.parent_id=?
14:12:19,430 DEBUG SQL:104 - 
    select
        parents0_.child_id as child2_0_1_,
        parents0_.parent_id as parent1_2_1_,
        parentwith1_.ID as ID1_0_ 
    from
        PARENT_CHILD parents0_ 
    inner join
        PARENT parentwith1_ 
            on parents0_.parent_id=parentwith1_.ID 
    where
        parents0_.child_id=?
14:12:19,430 DEBUG SQL:104 - 
    select
        parents0_.child_id as child2_0_1_,
        parents0_.parent_id as parent1_2_1_,
        parentwith1_.ID as ID1_0_ 
    from
        PARENT_CHILD parents0_ 
    inner join
        PARENT parentwith1_ 
            on parents0_.parent_id=parentwith1_.ID 
    where
        parents0_.child_id=?
14:12:19,430 DEBUG SQL:104 - 
    delete 
    from
        PARENT_CHILD 
    where
        parent_id=?
14:12:19,431 DEBUG SQL:104 - 
    delete 
    from
        PARENT 
    where
        ID=?
14:12:19,447 DEBUG SQL:104 - 
    delete 
    from
        CHILD 
    where
        ID=?
14:12:19,448 DEBUG SQL:104 - 
    delete 
    from
        CHILD 
    where
        ID=?
14:12:19,448  INFO CustomRunner:139 - Test: testUpdateParentOneToTwoSameChildren
14:12:19,450 DEBUG SQL:104 - 
    insert 
    into
        PARENT
        (ID) 
    values
        (null)
14:12:19,450 DEBUG SQL:104 - 
    insert 
    into
        CHILD
        (ID, NAME) 
    values
        (null, ?)
14:12:19,469 DEBUG SQL:104 - 
    insert 
    into
        PARENT_CHILD
        (parent_id, child_id) 
    values
        (?, ?)
14:12:19,470 DEBUG SQL:104 - 
    select
        parentwith0_.ID as ID1_0_ 
    from
        PARENT parentwith0_ 
    where
        parentwith0_.ID=?
14:12:19,470 DEBUG SQL:104 - 
    select
        childwithb0_.ID as ID0_0_,
        childwithb0_.NAME as NAME0_0_ 
    from
        CHILD childwithb0_ 
    where
        childwithb0_.ID=?
14:12:19,471 DEBUG SQL:104 - 
    select
        children0_.parent_id as parent1_1_1_,
        children0_.child_id as child2_2_1_,
        childwithb1_.ID as ID0_0_,
        childwithb1_.NAME as NAME0_0_ 
    from
        PARENT_CHILD children0_ 
    inner join
        CHILD childwithb1_ 
            on children0_.child_id=childwithb1_.ID 
    where
        children0_.parent_id=?
14:12:19,471 DEBUG SQL:104 - 
    select
        parents0_.child_id as child2_0_1_,
        parents0_.parent_id as parent1_2_1_,
        parentwith1_.ID as ID1_0_ 
    from
        PARENT_CHILD parents0_ 
    inner join
        PARENT parentwith1_ 
            on parents0_.parent_id=parentwith1_.ID 
    where
        parents0_.child_id=?
14:12:19,496 DEBUG SQL:104 - 
    select
        this_.ID as ID0_0_,
        this_.NAME as NAME0_0_ 
    from
        CHILD this_
14:12:19,497 DEBUG SQL:104 - 
    select
        this_.ID as ID1_0_ 
    from
        PARENT this_
14:12:19,497 DEBUG SQL:104 - 
    select
        children0_.parent_id as parent1_1_1_,
        children0_.child_id as child2_2_1_,
        childwithb1_.ID as ID0_0_,
        childwithb1_.NAME as NAME0_0_ 
    from
        PARENT_CHILD children0_ 
    inner join
        CHILD childwithb1_ 
            on children0_.child_id=childwithb1_.ID 
    where
        children0_.parent_id=?
14:12:19,497 DEBUG SQL:104 - 
    select
        parents0_.child_id as child2_0_1_,
        parents0_.parent_id as parent1_2_1_,
        parentwith1_.ID as ID1_0_ 
    from
        PARENT_CHILD parents0_ 
    inner join
        PARENT parentwith1_ 
            on parents0_.parent_id=parentwith1_.ID 
    where
        parents0_.child_id=?
14:12:19,525 DEBUG SQL:104 - 
    delete 
    from
        PARENT_CHILD 
    where
        parent_id=?
14:12:19,526 DEBUG SQL:104 - 
    delete 
    from
        PARENT 
    where
        ID=?
14:12:19,526 DEBUG SQL:104 - 
    delete 
    from
        CHILD 
    where
        ID=?
14:12:19,527  INFO CustomRunner:139 - Test: testUpdateParentTwoChildrenToOne
14:12:19,528 DEBUG SQL:104 - 
    insert 
    into
        PARENT
        (ID) 
    values
        (null)
14:12:19,528 DEBUG SQL:104 - 
    insert 
    into
        CHILD
        (ID, NAME) 
    values
        (null, ?)
14:12:19,529 DEBUG SQL:104 - 
    insert 
    into
        PARENT_CHILD
        (parent_id, child_id) 
    values
        (?, ?)
14:12:19,529 DEBUG SQL:104 - 
    select
        parentwith0_.ID as ID1_0_ 
    from
        PARENT parentwith0_ 
    where
        parentwith0_.ID=?
14:12:19,530 DEBUG SQL:104 - 
    select
        children0_.parent_id as parent1_1_1_,
        children0_.child_id as child2_2_1_,
        childwithb1_.ID as ID0_0_,
        childwithb1_.NAME as NAME0_0_ 
    from
        PARENT_CHILD children0_ 
    inner join
        CHILD childwithb1_ 
            on children0_.child_id=childwithb1_.ID 
    where
        children0_.parent_id=?
14:12:19,539 DEBUG SQL:104 - 
    insert 
    into
        CHILD
        (ID, NAME) 
    values
        (null, ?)
14:12:19,540 DEBUG SQL:104 - 
    insert 
    into
        PARENT_CHILD
        (parent_id, child_id) 
    values
        (?, ?)
14:12:19,541 DEBUG SQL:104 - 
    select
        parentwith0_.ID as ID1_0_ 
    from
        PARENT parentwith0_ 
    where
        parentwith0_.ID=?
14:12:19,554 DEBUG SQL:104 - 
    select
        childwithb0_.ID as ID0_0_,
        childwithb0_.NAME as NAME0_0_ 
    from
        CHILD childwithb0_ 
    where
        childwithb0_.ID=?
14:12:19,555 DEBUG SQL:104 - 
    select
        children0_.parent_id as parent1_1_1_,
        children0_.child_id as child2_2_1_,
        childwithb1_.ID as ID0_0_,
        childwithb1_.NAME as NAME0_0_ 
    from
        PARENT_CHILD children0_ 
    inner join
        CHILD childwithb1_ 
            on children0_.child_id=childwithb1_.ID 
    where
        children0_.parent_id=?
14:12:19,556 DEBUG SQL:104 - 
    select
        parents0_.child_id as child2_0_1_,
        parents0_.parent_id as parent1_2_1_,
        parentwith1_.ID as ID1_0_ 
    from
        PARENT_CHILD parents0_ 
    inner join
        PARENT parentwith1_ 
            on parents0_.parent_id=parentwith1_.ID 
    where
        parents0_.child_id=?
14:12:19,569 DEBUG SQL:104 - 
    delete 
    from
        PARENT_CHILD 
    where
        parent_id=? 
        and child_id=?
14:12:19,570 DEBUG SQL:104 - 
    select
        this_.ID as ID0_0_,
        this_.NAME as NAME0_0_ 
    from
        CHILD this_
14:12:19,570 DEBUG SQL:104 - 
    select
        this_.ID as ID1_0_ 
    from
        PARENT this_
14:12:19,570 DEBUG SQL:104 - 
    select
        children0_.parent_id as parent1_1_1_,
        children0_.child_id as child2_2_1_,
        childwithb1_.ID as ID0_0_,
        childwithb1_.NAME as NAME0_0_ 
    from
        PARENT_CHILD children0_ 
    inner join
        CHILD childwithb1_ 
            on children0_.child_id=childwithb1_.ID 
    where
        children0_.parent_id=?
14:12:19,571 DEBUG SQL:104 - 
    select
        parents0_.child_id as child2_0_1_,
        parents0_.parent_id as parent1_2_1_,
        parentwith1_.ID as ID1_0_ 
    from
        PARENT_CHILD parents0_ 
    inner join
        PARENT parentwith1_ 
            on parents0_.parent_id=parentwith1_.ID 
    where
        parents0_.child_id=?
14:12:19,571 DEBUG SQL:104 - 
    delete 
    from
        PARENT_CHILD 
    where
        parent_id=?
14:12:19,572 DEBUG SQL:104 - 
    delete 
    from
        PARENT 
    where
        ID=?
14:12:19,572 DEBUG SQL:104 - 
    delete 
    from
        CHILD 
    where
        ID=?
14:12:19,587 DEBUG SQL:104 - 
    delete 
    from
        CHILD 
    where
        ID=?
14:12:19,588  INFO SchemaExport:343 - HHH000227: Running hbm2ddl schema export
14:12:19,589 DEBUG SchemaExport:353 - Import file not found: /import.sql
14:12:19,589 DEBUG SQL:104 - 
    alter table PARENT_CHILD 
        drop constraint FK13A2B5274F02E9EF
14:12:19,589 DEBUG SQL:104 - 
    alter table PARENT_CHILD 
        drop constraint FK13A2B52713820085
14:12:19,589 DEBUG SQL:104 - 
    drop table CHILD if exists
14:12:19,590 DEBUG SQL:104 - 
    drop table PARENT if exists
14:12:19,590 DEBUG SQL:104 - 
    drop table PARENT_CHILD if exists
14:12:19,590  INFO SchemaExport:405 - HHH000230: Schema export complete
14:12:19,590  INFO DriverManagerConnectionProviderImpl:162 - HHH000030: Cleaning up connection pool [jdbc:h2:mem:db1;DB_CLOSE_DELAY=-1;MVCC=TRUE]
]]></system-out>
  <system-err><![CDATA[]]></system-err>
</testsuite>
