<?xml version="1.0" encoding="UTF-8"?>
<testsuite errors="0" failures="0" hostname="dhcp-10.15.208.168.stl.redhat.com" name="org.hibernate.test.annotations.override.AttributeOverrideTest" tests="2" time="0.133" timestamp="2013-02-28T20:10:41">
  <properties />
  <testcase classname="org.hibernate.test.annotations.override.AttributeOverrideTest" name="testElementCollection" time="0.001" />
  <testcase classname="org.hibernate.test.annotations.override.AttributeOverrideTest" name="testMapKeyValue" time="0.0" />
  <system-out><![CDATA[14:10:41,570  INFO CustomRunner:132 - BeforeClass: org.hibernate.test.annotations.override.AttributeOverrideTest
14:10:41,578  INFO DriverManagerConnectionProviderImpl:99 - HHH000402: Using Hibernate built-in connection pool (not for production use!)
14:10:41,578  INFO DriverManagerConnectionProviderImpl:135 - HHH000115: Hibernate connection pool size: 5
14:10:41,578  INFO DriverManagerConnectionProviderImpl:138 - HHH000006: Autocommit mode: false
14:10:41,578  INFO DriverManagerConnectionProviderImpl:153 - HHH000401: using driver [org.h2.Driver] at URL [jdbc:h2:mem:db1;DB_CLOSE_DELAY=-1;MVCC=TRUE]
14:10:41,578  INFO DriverManagerConnectionProviderImpl:158 - HHH000046: Connection properties: {user=sa}
14:10:41,580  INFO Dialect:103 - HHH000400: Using dialect: org.hibernate.dialect.H2Dialect
14:10:41,580  INFO LobCreatorBuilder:94 - HHH000423: Disabling contextual LOB creation as JDBC driver reported JDBC version [3] less than 4
14:10:41,581  INFO TransactionFactoryInitiator:66 - HHH000399: Using default transaction strategy (direct JDBC transactions)
14:10:41,581  INFO ASTQueryTranslatorFactory:48 - HHH000397: Using ASTQueryTranslatorFactory
14:10:41,602  WARN CachingRegionFactory:58 - CachingRegionFactory should be only used for testing.
14:10:41,610  INFO SchemaExport:343 - HHH000227: Running hbm2ddl schema export
14:10:41,611 DEBUG SchemaExport:353 - Import file not found: /import.sql
14:10:41,611 DEBUG SQL:104 - 
    alter table LegacyParcels 
        drop constraint FKF3A6B16111E6BFDC
14:10:41,611 ERROR SchemaExport:425 - HHH000389: Unsuccessful: alter table LegacyParcels drop constraint FKF3A6B16111E6BFDC
14:10:41,611 ERROR SchemaExport:426 - Table "LEGACYPARCELS" not found; SQL statement:

    alter table LegacyParcels 
        drop constraint FKF3A6B16111E6BFDC [42102-145]
14:10:41,611 DEBUG SQL:104 - 
    alter table PropertyRecord_legacyUnsortedParcels 
        drop constraint FKD8A3E23211E6BFDC
14:10:41,611 ERROR SchemaExport:425 - HHH000389: Unsuccessful: alter table PropertyRecord_legacyUnsortedParcels drop constraint FKD8A3E23211E6BFDC
14:10:41,611 ERROR SchemaExport:426 - Table "PROPERTYRECORD_LEGACYUNSORTEDPARCELS" not found; SQL statement:

    alter table PropertyRecord_legacyUnsortedParcels 
        drop constraint FKD8A3E23211E6BFDC [42102-145]
14:10:41,612 DEBUG SQL:104 - 
    alter table PropertyRecord_parcels 
        drop constraint FK43EC30F111E6BFDC
14:10:41,612 ERROR SchemaExport:425 - HHH000389: Unsuccessful: alter table PropertyRecord_parcels drop constraint FK43EC30F111E6BFDC
14:10:41,612 ERROR SchemaExport:426 - Table "PROPERTYRECORD_PARCELS" not found; SQL statement:

    alter table PropertyRecord_parcels 
        drop constraint FK43EC30F111E6BFDC [42102-145]
14:10:41,612 DEBUG SQL:104 - 
    alter table PropertyRecord_unsortedParcels 
        drop constraint FK6399727B11E6BFDC
14:10:41,613 ERROR SchemaExport:425 - HHH000389: Unsuccessful: alter table PropertyRecord_unsortedParcels drop constraint FK6399727B11E6BFDC
14:10:41,613 ERROR SchemaExport:426 - Table "PROPERTYRECORD_UNSORTEDPARCELS" not found; SQL statement:

    alter table PropertyRecord_unsortedParcels 
        drop constraint FK6399727B11E6BFDC [42102-145]
14:10:41,613 DEBUG SQL:104 - 
    drop table LegacyParcels if exists
14:10:41,613 DEBUG SQL:104 - 
    drop table PropertyRecord if exists
14:10:41,613 DEBUG SQL:104 - 
    drop table PropertyRecord_legacyUnsortedParcels if exists
14:10:41,614 DEBUG SQL:104 - 
    drop table PropertyRecord_parcels if exists
14:10:41,614 DEBUG SQL:104 - 
    drop table PropertyRecord_unsortedParcels if exists
14:10:41,614 DEBUG SQL:104 - 
    drop sequence hibernate_sequence
14:10:41,614 ERROR SchemaExport:425 - HHH000389: Unsuccessful: drop sequence hibernate_sequence
14:10:41,614 ERROR SchemaExport:426 - Sequence "HIBERNATE_SEQUENCE" not found; SQL statement:

    drop sequence hibernate_sequence [90036-145]
14:10:41,614 DEBUG SQL:104 - 
    create table LegacyParcels (
        PropertyRecord_id bigint not null,
        parcelNumber integer,
        SQUARE_FEET integer,
        ASSESSMENT decimal(19,2),
        city varchar(255),
        state varchar(255),
        STREET_NAME varchar(255),
        primary key (PropertyRecord_id, city, state, STREET_NAME)
    )
14:10:41,615 DEBUG SQL:104 - 
    create table PropertyRecord (
        id bigint not null,
        primary key (id)
    )
14:10:41,615 DEBUG SQL:104 - 
    create table PropertyRecord_legacyUnsortedParcels (
        PropertyRecord_id bigint not null,
        parcelNumber integer,
        SQUARE_FEET integer,
        ASSESSMENT decimal(19,2)
    )
14:10:41,615 DEBUG SQL:104 - 
    create table PropertyRecord_parcels (
        PropertyRecord_id bigint not null,
        parcelNumber integer,
        SQUARE_FEET integer,
        ASSESSMENT decimal(19,2),
        city varchar(255),
        state varchar(255),
        STREET_NAME varchar(255),
        primary key (PropertyRecord_id, city, state, STREET_NAME)
    )
14:10:41,668 DEBUG SQL:104 - 
    create table PropertyRecord_unsortedParcels (
        PropertyRecord_id bigint not null,
        parcelNumber integer,
        SQUARE_FEET integer,
        ASSESSMENT decimal(19,2)
    )
14:10:41,668 DEBUG SQL:104 - 
    alter table LegacyParcels 
        add constraint FKF3A6B16111E6BFDC 
        foreign key (PropertyRecord_id) 
        references PropertyRecord
14:10:41,669 DEBUG SQL:104 - 
    alter table PropertyRecord_legacyUnsortedParcels 
        add constraint FKD8A3E23211E6BFDC 
        foreign key (PropertyRecord_id) 
        references PropertyRecord
14:10:41,670 DEBUG SQL:104 - 
    alter table PropertyRecord_parcels 
        add constraint FK43EC30F111E6BFDC 
        foreign key (PropertyRecord_id) 
        references PropertyRecord
14:10:41,678 DEBUG SQL:104 - 
    alter table PropertyRecord_unsortedParcels 
        add constraint FK6399727B11E6BFDC 
        foreign key (PropertyRecord_id) 
        references PropertyRecord
14:10:41,679 DEBUG SQL:104 - 
    create sequence hibernate_sequence start with 1 increment by 1
14:10:41,679  INFO SchemaExport:405 - HHH000230: Schema export complete
14:10:41,680  WARN SessionFactoryImpl:1554 - HHH000008: JTASessionContext being used with JDBCTransactionFactory; auto-flush will not operate correctly with getCurrentSession()
14:10:41,680  INFO CustomRunner:139 - Test: testElementCollection
14:10:41,681  INFO CustomRunner:139 - Test: testMapKeyValue
14:10:41,681  INFO SchemaExport:343 - HHH000227: Running hbm2ddl schema export
14:10:41,682 DEBUG SchemaExport:353 - Import file not found: /import.sql
14:10:41,682 DEBUG SQL:104 - 
    alter table LegacyParcels 
        drop constraint FKF3A6B16111E6BFDC
14:10:41,682 DEBUG SQL:104 - 
    alter table PropertyRecord_legacyUnsortedParcels 
        drop constraint FKD8A3E23211E6BFDC
14:10:41,682 DEBUG SQL:104 - 
    alter table PropertyRecord_parcels 
        drop constraint FK43EC30F111E6BFDC
14:10:41,682 DEBUG SQL:104 - 
    alter table PropertyRecord_unsortedParcels 
        drop constraint FK6399727B11E6BFDC
14:10:41,700 DEBUG SQL:104 - 
    drop table LegacyParcels if exists
14:10:41,700 DEBUG SQL:104 - 
    drop table PropertyRecord if exists
14:10:41,701 DEBUG SQL:104 - 
    drop table PropertyRecord_legacyUnsortedParcels if exists
14:10:41,701 DEBUG SQL:104 - 
    drop table PropertyRecord_parcels if exists
14:10:41,702 DEBUG SQL:104 - 
    drop table PropertyRecord_unsortedParcels if exists
14:10:41,702 DEBUG SQL:104 - 
    drop sequence hibernate_sequence
14:10:41,702  INFO SchemaExport:405 - HHH000230: Schema export complete
14:10:41,702  INFO DriverManagerConnectionProviderImpl:162 - HHH000030: Cleaning up connection pool [jdbc:h2:mem:db1;DB_CLOSE_DELAY=-1;MVCC=TRUE]
]]></system-out>
  <system-err><![CDATA[]]></system-err>
</testsuite>
