<?xml version="1.0" encoding="UTF-8"?>
<testsuite errors="0" failures="0" hostname="dhcp-10.15.208.168.stl.redhat.com" name="org.hibernate.test.annotations.entity.PropertyDefaultMappingsTest" tests="2" time="0.04" timestamp="2013-02-28T20:10:24">
  <properties />
  <testcase classname="org.hibernate.test.annotations.entity.PropertyDefaultMappingsTest" name="testSerializableObject" time="0.006" />
  <testcase classname="org.hibernate.test.annotations.entity.PropertyDefaultMappingsTest" name="testTransientField" time="0.003" />
  <system-out><![CDATA[14:10:24,562  INFO CustomRunner:132 - BeforeClass: org.hibernate.test.annotations.entity.PropertyDefaultMappingsTest
14:10:24,566  INFO DriverManagerConnectionProviderImpl:99 - HHH000402: Using Hibernate built-in connection pool (not for production use!)
14:10:24,567  INFO DriverManagerConnectionProviderImpl:135 - HHH000115: Hibernate connection pool size: 5
14:10:24,567  INFO DriverManagerConnectionProviderImpl:138 - HHH000006: Autocommit mode: false
14:10:24,567  INFO DriverManagerConnectionProviderImpl:153 - HHH000401: using driver [org.h2.Driver] at URL [jdbc:h2:mem:db1;DB_CLOSE_DELAY=-1;MVCC=TRUE]
14:10:24,567  INFO DriverManagerConnectionProviderImpl:158 - HHH000046: Connection properties: {user=sa}
14:10:24,568  INFO Dialect:103 - HHH000400: Using dialect: org.hibernate.dialect.H2Dialect
14:10:24,568  INFO LobCreatorBuilder:94 - HHH000423: Disabling contextual LOB creation as JDBC driver reported JDBC version [3] less than 4
14:10:24,570  INFO TransactionFactoryInitiator:66 - HHH000399: Using default transaction strategy (direct JDBC transactions)
14:10:24,570  INFO ASTQueryTranslatorFactory:48 - HHH000397: Using ASTQueryTranslatorFactory
14:10:24,570  WARN CachingRegionFactory:58 - CachingRegionFactory should be only used for testing.
14:10:24,585  INFO SchemaExport:343 - HHH000227: Running hbm2ddl schema export
14:10:24,586 DEBUG SchemaExport:353 - Import file not found: /import.sql
14:10:24,586 DEBUG SQL:104 - 
    drop table WashingMachine if exists
14:10:24,586 DEBUG SQL:104 - 
    drop table serial_address if exists
14:10:24,587 DEBUG SQL:104 - 
    drop sequence hibernate_sequence
14:10:24,587 ERROR SchemaExport:425 - HHH000389: Unsuccessful: drop sequence hibernate_sequence
14:10:24,587 ERROR SchemaExport:426 - Sequence "HIBERNATE_SEQUENCE" not found; SQL statement:

    drop sequence hibernate_sequence [90036-145]
14:10:24,587 DEBUG SQL:104 - 
    create table WashingMachine (
        id integer not null,
        primary key (id)
    )
14:10:24,587 DEBUG SQL:104 - 
    create table serial_address (
        id integer not null,
        city varchar(255),
        country binary(255),
        primary key (id)
    )
14:10:24,588 DEBUG SQL:104 - 
    create sequence hibernate_sequence start with 1 increment by 1
14:10:24,588  INFO SchemaExport:405 - HHH000230: Schema export complete
14:10:24,588  WARN SessionFactoryImpl:1554 - HHH000008: JTASessionContext being used with JDBCTransactionFactory; auto-flush will not operate correctly with getCurrentSession()
14:10:24,589  INFO CustomRunner:139 - Test: testSerializableObject
14:10:24,590 DEBUG SQL:104 - 
    call next value for hibernate_sequence
14:10:24,592 DEBUG SQL:104 - 
    insert 
    into
        serial_address
        (city, country, id) 
    values
        (?, ?, ?)
14:10:24,593 DEBUG SQL:104 - 
    select
        address0_.id as id1_0_,
        address0_.city as city1_0_,
        address0_.country as country1_0_ 
    from
        serial_address address0_ 
    where
        address0_.id=?
14:10:24,595  INFO CustomRunner:139 - Test: testTransientField
14:10:24,596 DEBUG SQL:104 - 
    call next value for hibernate_sequence
14:10:24,597 DEBUG SQL:104 - 
    insert 
    into
        WashingMachine
        (id) 
    values
        (?)
14:10:24,597 DEBUG SQL:104 - 
    select
        washingmac0_.id as id0_0_ 
    from
        WashingMachine washingmac0_ 
    where
        washingmac0_.id=?
14:10:24,598 DEBUG SQL:104 - 
    delete 
    from
        WashingMachine 
    where
        id=?
14:10:24,598  INFO SchemaExport:343 - HHH000227: Running hbm2ddl schema export
14:10:24,599 DEBUG SchemaExport:353 - Import file not found: /import.sql
14:10:24,599 DEBUG SQL:104 - 
    drop table WashingMachine if exists
14:10:24,600 DEBUG SQL:104 - 
    drop table serial_address if exists
14:10:24,600 DEBUG SQL:104 - 
    drop sequence hibernate_sequence
14:10:24,600  INFO SchemaExport:405 - HHH000230: Schema export complete
14:10:24,600  INFO DriverManagerConnectionProviderImpl:162 - HHH000030: Cleaning up connection pool [jdbc:h2:mem:db1;DB_CLOSE_DELAY=-1;MVCC=TRUE]
]]></system-out>
  <system-err><![CDATA[]]></system-err>
</testsuite>
