<?xml version="1.0" encoding="UTF-8"?>
<testsuite errors="0" failures="0" hostname="dhcp-10.15.208.168.stl.redhat.com" name="org.hibernate.test.annotations.fetchprofile.MoreFetchProfileTest" tests="1" time="0.16" timestamp="2013-02-28T20:10:26">
  <properties />
  <testcase classname="org.hibernate.test.annotations.fetchprofile.MoreFetchProfileTest" name="testFetchWithTwoOverrides" time="0.065" />
  <system-out><![CDATA[14:10:26,173  INFO CustomRunner:132 - BeforeClass: org.hibernate.test.annotations.fetchprofile.MoreFetchProfileTest
14:10:26,181  INFO DriverManagerConnectionProviderImpl:99 - HHH000402: Using Hibernate built-in connection pool (not for production use!)
14:10:26,181  INFO DriverManagerConnectionProviderImpl:135 - HHH000115: Hibernate connection pool size: 5
14:10:26,181  INFO DriverManagerConnectionProviderImpl:138 - HHH000006: Autocommit mode: false
14:10:26,181  INFO DriverManagerConnectionProviderImpl:153 - HHH000401: using driver [org.h2.Driver] at URL [jdbc:h2:mem:db1;DB_CLOSE_DELAY=-1;MVCC=TRUE]
14:10:26,181  INFO DriverManagerConnectionProviderImpl:158 - HHH000046: Connection properties: {user=sa}
14:10:26,185  INFO Dialect:103 - HHH000400: Using dialect: org.hibernate.dialect.H2Dialect
14:10:26,186  INFO LobCreatorBuilder:94 - HHH000423: Disabling contextual LOB creation as JDBC driver reported JDBC version [3] less than 4
14:10:26,187  INFO TransactionFactoryInitiator:66 - HHH000399: Using default transaction strategy (direct JDBC transactions)
14:10:26,187  INFO ASTQueryTranslatorFactory:48 - HHH000397: Using ASTQueryTranslatorFactory
14:10:26,187  WARN CachingRegionFactory:58 - CachingRegionFactory should be only used for testing.
14:10:26,207  INFO SchemaExport:343 - HHH000227: Running hbm2ddl schema export
14:10:26,208 DEBUG SchemaExport:353 - Import file not found: /import.sql
14:10:26,208 DEBUG SQL:104 - 
    alter table C_ORDER 
        drop constraint FK7EDD7432FD28A35B
14:10:26,208 ERROR SchemaExport:425 - HHH000389: Unsuccessful: alter table C_ORDER drop constraint FK7EDD7432FD28A35B
14:10:26,208 ERROR SchemaExport:426 - Table "C_ORDER" not found; SQL statement:

    alter table C_ORDER 
        drop constraint FK7EDD7432FD28A35B [42102-145]
14:10:26,208 DEBUG SQL:104 - 
    alter table Customer 
        drop constraint FK27FBE3FE1D6E6931
14:10:26,208 ERROR SchemaExport:425 - HHH000389: Unsuccessful: alter table Customer drop constraint FK27FBE3FE1D6E6931
14:10:26,208 ERROR SchemaExport:426 - Table "CUSTOMER" not found; SQL statement:

    alter table Customer 
        drop constraint FK27FBE3FE1D6E6931 [42102-145]
14:10:26,209 DEBUG SQL:104 - 
    alter table Customer_C_ORDER 
        drop constraint FKD2BC20F126F9B5A4
14:10:26,209 ERROR SchemaExport:425 - HHH000389: Unsuccessful: alter table Customer_C_ORDER drop constraint FKD2BC20F126F9B5A4
14:10:26,209 ERROR SchemaExport:426 - Table "CUSTOMER_C_ORDER" not found; SQL statement:

    alter table Customer_C_ORDER 
        drop constraint FKD2BC20F126F9B5A4 [42102-145]
14:10:26,209 DEBUG SQL:104 - 
    alter table Customer_C_ORDER 
        drop constraint FKD2BC20F1D097C7B9
14:10:26,209 ERROR SchemaExport:425 - HHH000389: Unsuccessful: alter table Customer_C_ORDER drop constraint FKD2BC20F1D097C7B9
14:10:26,209 ERROR SchemaExport:426 - Table "CUSTOMER_C_ORDER" not found; SQL statement:

    alter table Customer_C_ORDER 
        drop constraint FKD2BC20F1D097C7B9 [42102-145]
14:10:26,209 DEBUG SQL:104 - 
    alter table Customer_SupportTickets 
        drop constraint FKD8D092992477B50A
14:10:26,210 ERROR SchemaExport:425 - HHH000389: Unsuccessful: alter table Customer_SupportTickets drop constraint FKD8D092992477B50A
14:10:26,210 ERROR SchemaExport:426 - Table "CUSTOMER_SUPPORTTICKETS" not found; SQL statement:

    alter table Customer_SupportTickets 
        drop constraint FKD8D092992477B50A [42102-145]
14:10:26,210 DEBUG SQL:104 - 
    alter table Customer_SupportTickets 
        drop constraint FKD8D09299D097C7B9
14:10:26,210 ERROR SchemaExport:425 - HHH000389: Unsuccessful: alter table Customer_SupportTickets drop constraint FKD8D09299D097C7B9
14:10:26,210 ERROR SchemaExport:426 - Table "CUSTOMER_SUPPORTTICKETS" not found; SQL statement:

    alter table Customer_SupportTickets 
        drop constraint FKD8D09299D097C7B9 [42102-145]
14:10:26,210 DEBUG SQL:104 - 
    drop table C_ORDER if exists
14:10:26,210 DEBUG SQL:104 - 
    drop table Customer if exists
14:10:26,211 DEBUG SQL:104 - 
    drop table Customer_C_ORDER if exists
14:10:26,211 DEBUG SQL:104 - 
    drop table Customer_SupportTickets if exists
14:10:26,211 DEBUG SQL:104 - 
    drop table Order_Country if exists
14:10:26,221 DEBUG SQL:104 - 
    drop table SupportTickets if exists
14:10:26,222 DEBUG SQL:104 - 
    drop sequence hibernate_sequence
14:10:26,222 ERROR SchemaExport:425 - HHH000389: Unsuccessful: drop sequence hibernate_sequence
14:10:26,222 ERROR SchemaExport:426 - Sequence "HIBERNATE_SEQUENCE" not found; SQL statement:

    drop sequence hibernate_sequence [90036-145]
14:10:26,222 DEBUG SQL:104 - 
    create table C_ORDER (
        id bigint not null,
        deliveryDate timestamp,
        orderNumber bigint not null,
        country_id integer,
        primary key (id)
    )
14:10:26,223 DEBUG SQL:104 - 
    create table Customer (
        id bigint not null,
        customerNumber bigint not null,
        name varchar(255),
        lastOrder_id bigint,
        primary key (id)
    )
14:10:26,223 DEBUG SQL:104 - 
    create table Customer_C_ORDER (
        Customer_id bigint not null,
        orders_id bigint not null,
        primary key (Customer_id, orders_id)
    )
14:10:26,223 DEBUG SQL:104 - 
    create table Customer_SupportTickets (
        Customer_id bigint not null,
        tickets_id bigint not null,
        primary key (Customer_id, tickets_id)
    )
14:10:26,223 DEBUG SQL:104 - 
    create table Order_Country (
        id integer not null,
        name varchar(255),
        primary key (id)
    )
14:10:26,224 DEBUG SQL:104 - 
    create table SupportTickets (
        id bigint not null,
        description varchar(255),
        resolution varchar(255),
        primary key (id)
    )
14:10:26,245 DEBUG SQL:104 - 
    alter table C_ORDER 
        add constraint FK7EDD7432FD28A35B 
        foreign key (country_id) 
        references Order_Country
14:10:26,246 DEBUG SQL:104 - 
    alter table Customer 
        add constraint FK27FBE3FE1D6E6931 
        foreign key (lastOrder_id) 
        references C_ORDER
14:10:26,247 DEBUG SQL:104 - 
    alter table Customer_C_ORDER 
        add constraint UK_D2BC20F1E8B6E8B5 unique (orders_id)
14:10:26,247 DEBUG SQL:104 - 
    alter table Customer_C_ORDER 
        add constraint FKD2BC20F126F9B5A4 
        foreign key (orders_id) 
        references C_ORDER
14:10:26,248 DEBUG SQL:104 - 
    alter table Customer_C_ORDER 
        add constraint FKD2BC20F1D097C7B9 
        foreign key (Customer_id) 
        references Customer
14:10:26,248 DEBUG SQL:104 - 
    alter table Customer_SupportTickets 
        add constraint UK_D8D092997C99BD73 unique (tickets_id)
14:10:26,249 DEBUG SQL:104 - 
    alter table Customer_SupportTickets 
        add constraint FKD8D092992477B50A 
        foreign key (tickets_id) 
        references SupportTickets
14:10:26,249 DEBUG SQL:104 - 
    alter table Customer_SupportTickets 
        add constraint FKD8D09299D097C7B9 
        foreign key (Customer_id) 
        references Customer
14:10:26,250 DEBUG SQL:104 - 
    create sequence hibernate_sequence start with 1 increment by 1
14:10:26,250  INFO SchemaExport:405 - HHH000230: Schema export complete
14:10:26,251  WARN SessionFactoryImpl:1554 - HHH000008: JTASessionContext being used with JDBCTransactionFactory; auto-flush will not operate correctly with getCurrentSession()
14:10:26,251  INFO CustomRunner:139 - Test: testFetchWithTwoOverrides
14:10:26,253 DEBUG SQL:104 - 
    call next value for hibernate_sequence
14:10:26,254 DEBUG SQL:104 - 
    call next value for hibernate_sequence
14:10:26,254 DEBUG SQL:104 - 
    call next value for hibernate_sequence
14:10:26,254 DEBUG SQL:104 - 
    call next value for hibernate_sequence
14:10:26,255 DEBUG SQL:104 - 
    insert 
    into
        Order_Country
        (name, id) 
    values
        (?, ?)
14:10:26,266 DEBUG SQL:104 - 
    insert 
    into
        C_ORDER
        (country_id, deliveryDate, orderNumber, id) 
    values
        (?, ?, ?, ?)
14:10:26,266 DEBUG SQL:104 - 
    insert 
    into
        C_ORDER
        (country_id, deliveryDate, orderNumber, id) 
    values
        (?, ?, ?, ?)
14:10:26,267 DEBUG SQL:104 - 
    insert 
    into
        Customer
        (customerNumber, lastOrder_id, name, id) 
    values
        (?, ?, ?, ?)
14:10:26,267 DEBUG SQL:104 - 
    insert 
    into
        Customer_C_ORDER
        (Customer_id, orders_id) 
    values
        (?, ?)
14:10:26,278 DEBUG SQL:104 - 
    select
        customer0_.id as id1_3_,
        customer0_.customerNumber as customer2_1_3_,
        customer0_.lastOrder_id as lastOrder4_1_3_,
        customer0_.name as name1_3_,
        order1_.id as id0_0_,
        order1_.country_id as country4_0_0_,
        order1_.deliveryDate as delivery2_0_0_,
        order1_.orderNumber as orderNum3_0_0_,
        country2_.id as id4_1_,
        country2_.name as name4_1_,
        orders3_.Customer_id as Customer1_1_5_,
        order4_.id as orders2_2_5_,
        order4_.id as id0_2_,
        order4_.country_id as country4_0_2_,
        order4_.deliveryDate as delivery2_0_2_,
        order4_.orderNumber as orderNum3_0_2_ 
    from
        Customer customer0_ 
    left outer join
        C_ORDER order1_ 
            on customer0_.lastOrder_id=order1_.id 
    left outer join
        Order_Country country2_ 
            on order1_.country_id=country2_.id 
    left outer join
        Customer_C_ORDER orders3_ 
            on customer0_.id=orders3_.Customer_id 
    left outer join
        C_ORDER order4_ 
            on orders3_.orders_id=order4_.id 
    where
        customer0_.id=?
14:10:26,280 DEBUG SQL:104 - 
    update
        C_ORDER 
    set
        country_id=?,
        deliveryDate=?,
        orderNumber=? 
    where
        id=?
14:10:26,281 DEBUG SQL:104 - 
    update
        C_ORDER 
    set
        country_id=?,
        deliveryDate=?,
        orderNumber=? 
    where
        id=?
14:10:26,304 DEBUG SQL:104 - 
    delete 
    from
        Customer_SupportTickets 
    where
        Customer_id=?
14:10:26,304 DEBUG SQL:104 - 
    delete 
    from
        Customer_C_ORDER 
    where
        Customer_id=?
14:10:26,304 DEBUG SQL:104 - 
    delete 
    from
        Customer 
    where
        id=?
14:10:26,305 DEBUG SQL:104 - 
    delete 
    from
        Order_Country 
    where
        id=?
14:10:26,315 DEBUG SQL:104 - 
    delete 
    from
        C_ORDER 
    where
        id=?
14:10:26,316 DEBUG SQL:104 - 
    delete 
    from
        C_ORDER 
    where
        id=?
14:10:26,317  INFO SchemaExport:343 - HHH000227: Running hbm2ddl schema export
14:10:26,317 DEBUG SchemaExport:353 - Import file not found: /import.sql
14:10:26,317 DEBUG SQL:104 - 
    alter table C_ORDER 
        drop constraint FK7EDD7432FD28A35B
14:10:26,318 DEBUG SQL:104 - 
    alter table Customer 
        drop constraint FK27FBE3FE1D6E6931
14:10:26,318 DEBUG SQL:104 - 
    alter table Customer_C_ORDER 
        drop constraint FKD2BC20F126F9B5A4
14:10:26,318 DEBUG SQL:104 - 
    alter table Customer_C_ORDER 
        drop constraint FKD2BC20F1D097C7B9
14:10:26,318 DEBUG SQL:104 - 
    alter table Customer_SupportTickets 
        drop constraint FKD8D092992477B50A
14:10:26,330 DEBUG SQL:104 - 
    alter table Customer_SupportTickets 
        drop constraint FKD8D09299D097C7B9
14:10:26,330 DEBUG SQL:104 - 
    drop table C_ORDER if exists
14:10:26,330 DEBUG SQL:104 - 
    drop table Customer if exists
14:10:26,331 DEBUG SQL:104 - 
    drop table Customer_C_ORDER if exists
14:10:26,331 DEBUG SQL:104 - 
    drop table Customer_SupportTickets if exists
14:10:26,331 DEBUG SQL:104 - 
    drop table Order_Country if exists
14:10:26,331 DEBUG SQL:104 - 
    drop table SupportTickets if exists
14:10:26,332 DEBUG SQL:104 - 
    drop sequence hibernate_sequence
14:10:26,332  INFO SchemaExport:405 - HHH000230: Schema export complete
14:10:26,332  INFO DriverManagerConnectionProviderImpl:162 - HHH000030: Cleaning up connection pool [jdbc:h2:mem:db1;DB_CLOSE_DELAY=-1;MVCC=TRUE]
]]></system-out>
  <system-err><![CDATA[]]></system-err>
</testsuite>
