<?xml version="1.0" encoding="UTF-8"?>
<testsuite errors="0" failures="0" hostname="dhcp-10.15.208.168.stl.redhat.com" name="org.hibernate.test.annotations.lob.SerializableToBlobTypeTest" tests="2" time="0.05" timestamp="2013-02-28T20:10:33">
  <properties />
  <testcase classname="org.hibernate.test.annotations.lob.SerializableToBlobTypeTest" name="testPersist" time="0.007" />
  <testcase classname="org.hibernate.test.annotations.lob.SerializableToBlobTypeTest" name="testTypeDefinition" time="0.001" />
  <system-out><![CDATA[14:10:33,808  INFO CustomRunner:132 - BeforeClass: org.hibernate.test.annotations.lob.SerializableToBlobTypeTest
14:10:33,812  INFO DriverManagerConnectionProviderImpl:99 - HHH000402: Using Hibernate built-in connection pool (not for production use!)
14:10:33,812  INFO DriverManagerConnectionProviderImpl:135 - HHH000115: Hibernate connection pool size: 5
14:10:33,812  INFO DriverManagerConnectionProviderImpl:138 - HHH000006: Autocommit mode: false
14:10:33,812  INFO DriverManagerConnectionProviderImpl:153 - HHH000401: using driver [org.h2.Driver] at URL [jdbc:h2:mem:db1;DB_CLOSE_DELAY=-1;MVCC=TRUE]
14:10:33,812  INFO DriverManagerConnectionProviderImpl:158 - HHH000046: Connection properties: {user=sa}
14:10:33,814  INFO Dialect:103 - HHH000400: Using dialect: org.hibernate.dialect.H2Dialect
14:10:33,814  INFO LobCreatorBuilder:94 - HHH000423: Disabling contextual LOB creation as JDBC driver reported JDBC version [3] less than 4
14:10:33,814  INFO TransactionFactoryInitiator:66 - HHH000399: Using default transaction strategy (direct JDBC transactions)
14:10:33,815  INFO ASTQueryTranslatorFactory:48 - HHH000397: Using ASTQueryTranslatorFactory
14:10:33,815  WARN CachingRegionFactory:58 - CachingRegionFactory should be only used for testing.
14:10:33,820  INFO SchemaExport:343 - HHH000227: Running hbm2ddl schema export
14:10:33,821 DEBUG SchemaExport:353 - Import file not found: /import.sql
14:10:33,821 DEBUG SQL:104 - 
    drop table EntitySerialize if exists
14:10:33,821 DEBUG SQL:104 - 
    drop sequence hibernate_sequence
14:10:33,822 ERROR SchemaExport:425 - HHH000389: Unsuccessful: drop sequence hibernate_sequence
14:10:33,822 ERROR SchemaExport:426 - Sequence "HIBERNATE_SEQUENCE" not found; SQL statement:

    drop sequence hibernate_sequence [90036-145]
14:10:33,822 DEBUG SQL:104 - 
    create table EntitySerialize (
        id bigint not null,
        explicit blob,
        explicitLob blob,
        explicitOverridingImplicit blob,
        implicit blob,
        primary key (id)
    )
14:10:33,831 DEBUG SQL:104 - 
    create sequence hibernate_sequence start with 1 increment by 1
14:10:33,832  INFO SchemaExport:405 - HHH000230: Schema export complete
14:10:33,832  WARN SessionFactoryImpl:1554 - HHH000008: JTASessionContext being used with JDBCTransactionFactory; auto-flush will not operate correctly with getCurrentSession()
14:10:33,832  INFO CustomRunner:139 - Test: testPersist
14:10:33,834 DEBUG SQL:104 - 
    call next value for hibernate_sequence
14:10:33,837 DEBUG SQL:104 - 
    insert 
    into
        EntitySerialize
        (explicit, explicitLob, explicitOverridingImplicit, implicit, id) 
    values
        (?, ?, ?, ?, ?)
14:10:33,838 DEBUG SQL:104 - 
    select
        entityseri0_.id as id0_0_,
        entityseri0_.explicit as explicit0_0_,
        entityseri0_.explicitLob as explicit3_0_0_,
        entityseri0_.explicitOverridingImplicit as explicit4_0_0_,
        entityseri0_.implicit as implicit0_0_ 
    from
        EntitySerialize entityseri0_ 
    where
        entityseri0_.id=?
14:10:33,839  INFO CustomRunner:139 - Test: testTypeDefinition
14:10:33,854  INFO SchemaExport:343 - HHH000227: Running hbm2ddl schema export
14:10:33,855 DEBUG SchemaExport:353 - Import file not found: /import.sql
14:10:33,855 DEBUG SQL:104 - 
    drop table EntitySerialize if exists
14:10:33,855 DEBUG SQL:104 - 
    drop sequence hibernate_sequence
14:10:33,856  INFO SchemaExport:405 - HHH000230: Schema export complete
14:10:33,856  INFO DriverManagerConnectionProviderImpl:162 - HHH000030: Cleaning up connection pool [jdbc:h2:mem:db1;DB_CLOSE_DELAY=-1;MVCC=TRUE]
]]></system-out>
  <system-err><![CDATA[]]></system-err>
</testsuite>
