<?xml version="1.0" encoding="UTF-8"?>
<testsuite errors="0" failures="0" hostname="dhcp-10.15.208.168.stl.redhat.com" name="org.hibernate.test.tm.TransactionTimeoutTest" tests="3" time="1.062" timestamp="2013-02-28T20:19:24">
  <properties />
  <testcase classname="org.hibernate.test.tm.TransactionTimeoutTest" name="testJdbcCoordinatorTransactionTimeoutCheck" time="0.001" />
  <testcase classname="org.hibernate.test.tm.TransactionTimeoutTest" name="testTransactionTimeoutFailure" time="1.003" />
  <testcase classname="org.hibernate.test.tm.TransactionTimeoutTest" name="testTransactionTimeoutSuccess" time="0.002" />
  <system-out><![CDATA[14:19:24,706  INFO CustomRunner:132 - BeforeClass: org.hibernate.test.tm.TransactionTimeoutTest
14:19:24,708  INFO Configuration:706 - HHH000221: Reading mappings from resource: org/hibernate/test/jdbc/Mappings.hbm.xml
14:19:24,743  INFO DriverManagerConnectionProviderImpl:99 - HHH000402: Using Hibernate built-in connection pool (not for production use!)
14:19:24,743  INFO DriverManagerConnectionProviderImpl:135 - HHH000115: Hibernate connection pool size: 5
14:19:24,743  INFO DriverManagerConnectionProviderImpl:138 - HHH000006: Autocommit mode: false
14:19:24,743  INFO DriverManagerConnectionProviderImpl:153 - HHH000401: using driver [org.h2.Driver] at URL [jdbc:h2:mem:db1;DB_CLOSE_DELAY=-1;MVCC=TRUE]
14:19:24,744  INFO DriverManagerConnectionProviderImpl:158 - HHH000046: Connection properties: {user=sa}
14:19:24,745  INFO Dialect:103 - HHH000400: Using dialect: org.hibernate.dialect.H2Dialect
14:19:24,745  INFO LobCreatorBuilder:94 - HHH000423: Disabling contextual LOB creation as JDBC driver reported JDBC version [3] less than 4
14:19:24,746  INFO TransactionFactoryInitiator:66 - HHH000399: Using default transaction strategy (direct JDBC transactions)
14:19:24,746  INFO ASTQueryTranslatorFactory:48 - HHH000397: Using ASTQueryTranslatorFactory
14:19:24,747  WARN CachingRegionFactory:58 - CachingRegionFactory should be only used for testing.
14:19:24,751  INFO SchemaExport:343 - HHH000227: Running hbm2ddl schema export
14:19:24,751 DEBUG SchemaExport:353 - Import file not found: /import.sql
14:19:24,751 DEBUG SQL:104 - 
    alter table T_JDBC_BOAT 
        drop constraint FK10ED85D9424461FA
14:19:24,752 ERROR SchemaExport:425 - HHH000389: Unsuccessful: alter table T_JDBC_BOAT drop constraint FK10ED85D9424461FA
14:19:24,752 ERROR SchemaExport:426 - Table "T_JDBC_BOAT" not found; SQL statement:

    alter table T_JDBC_BOAT 
        drop constraint FK10ED85D9424461FA [42102-145]
14:19:24,752 DEBUG SQL:104 - 
    alter table T_JDBC_BOAT 
        drop constraint FK10ED85D99440A3E5
14:19:24,752 ERROR SchemaExport:425 - HHH000389: Unsuccessful: alter table T_JDBC_BOAT drop constraint FK10ED85D99440A3E5
14:19:24,753 ERROR SchemaExport:426 - Table "T_JDBC_BOAT" not found; SQL statement:

    alter table T_JDBC_BOAT 
        drop constraint FK10ED85D99440A3E5 [42102-145]
14:19:24,753 DEBUG SQL:104 - 
    drop table T_JDBC_BOAT if exists
14:19:24,753 DEBUG SQL:104 - 
    drop table T_JDBC_PERSON if exists
14:19:24,753 DEBUG SQL:104 - 
    create table T_JDBC_BOAT (
        ID bigint not null,
        tag varchar(255),
        driver bigint,
        boarder bigint,
        primary key (ID)
    )
14:19:24,754 DEBUG SQL:104 - 
    create table T_JDBC_PERSON (
        ID bigint not null,
        firstName varchar(255),
        lastName varchar(255),
        primary key (ID)
    )
14:19:24,754 DEBUG SQL:104 - 
    alter table T_JDBC_BOAT 
        add constraint FK10ED85D9424461FA 
        foreign key (driver) 
        references T_JDBC_PERSON
14:19:24,754 DEBUG SQL:104 - 
    alter table T_JDBC_BOAT 
        add constraint FK10ED85D99440A3E5 
        foreign key (boarder) 
        references T_JDBC_PERSON
14:19:24,755  INFO SchemaExport:405 - HHH000230: Schema export complete
14:19:24,755  WARN SessionFactoryImpl:1554 - HHH000008: JTASessionContext being used with JDBCTransactionFactory; auto-flush will not operate correctly with getCurrentSession()
14:19:24,755  INFO CustomRunner:139 - Test: testJdbcCoordinatorTransactionTimeoutCheck
14:19:24,757  INFO CustomRunner:139 - Test: testTransactionTimeoutFailure
14:19:25,759 DEBUG SQL:104 - 
    select
        max(ID) 
    from
        T_JDBC_PERSON
14:19:25,760  INFO CustomRunner:139 - Test: testTransactionTimeoutSuccess
14:19:25,761 DEBUG SQL:104 - 
    select
        max(ID) 
    from
        T_JDBC_PERSON
14:19:25,762 DEBUG SQL:104 - 
    insert 
    into
        T_JDBC_PERSON
        (firstName, lastName, ID) 
    values
        (?, ?, ?)
14:19:25,764  INFO SchemaExport:343 - HHH000227: Running hbm2ddl schema export
14:19:25,764 DEBUG SchemaExport:353 - Import file not found: /import.sql
14:19:25,765 DEBUG SQL:104 - 
    alter table T_JDBC_BOAT 
        drop constraint FK10ED85D9424461FA
14:19:25,765 DEBUG SQL:104 - 
    alter table T_JDBC_BOAT 
        drop constraint FK10ED85D99440A3E5
14:19:25,765 DEBUG SQL:104 - 
    drop table T_JDBC_BOAT if exists
14:19:25,765 DEBUG SQL:104 - 
    drop table T_JDBC_PERSON if exists
14:19:25,766  INFO SchemaExport:405 - HHH000230: Schema export complete
14:19:25,766  INFO DriverManagerConnectionProviderImpl:162 - HHH000030: Cleaning up connection pool [jdbc:h2:mem:db1;DB_CLOSE_DELAY=-1;MVCC=TRUE]
]]></system-out>
  <system-err><![CDATA[]]></system-err>
</testsuite>
