<?xml version="1.0" encoding="UTF-8"?>
<testsuite errors="0" failures="0" hostname="dhcp-10.15.208.168.stl.redhat.com" name="org.hibernate.test.hql.TupleSupportTest" tests="2" time="0.114" timestamp="2013-02-28T20:13:56">
  <properties />
  <testcase classname="org.hibernate.test.hql.TupleSupportTest" name="testImplicitTupleNotEquals" time="0.066" />
  <testcase classname="org.hibernate.test.hql.TupleSupportTest" name="testImplicitTupleNotInList" time="0.021" />
  <system-out><![CDATA[14:13:56,881  INFO CustomRunner:132 - BeforeClass: org.hibernate.test.hql.TupleSupportTest
14:13:56,881  INFO CustomRunner:139 - Test: testImplicitTupleNotEquals
14:13:56,933  INFO DriverManagerConnectionProviderImpl:99 - HHH000402: Using Hibernate built-in connection pool (not for production use!)
14:13:56,933  INFO DriverManagerConnectionProviderImpl:135 - HHH000115: Hibernate connection pool size: 5
14:13:56,933  INFO DriverManagerConnectionProviderImpl:138 - HHH000006: Autocommit mode: false
14:13:56,933  INFO DriverManagerConnectionProviderImpl:153 - HHH000401: using driver [org.h2.Driver] at URL [jdbc:h2:mem:db1;DB_CLOSE_DELAY=-1;MVCC=TRUE]
14:13:56,933  INFO DriverManagerConnectionProviderImpl:158 - HHH000046: Connection properties: {user=sa}
14:13:56,934  INFO Dialect:103 - HHH000400: Using dialect: org.hibernate.test.hql.TupleSupportTest$NoTupleSupportDialect
14:13:56,935  INFO LobCreatorBuilder:94 - HHH000423: Disabling contextual LOB creation as JDBC driver reported JDBC version [3] less than 4
14:13:56,935  INFO TransactionFactoryInitiator:66 - HHH000399: Using default transaction strategy (direct JDBC transactions)
14:13:56,935  INFO ASTQueryTranslatorFactory:48 - HHH000397: Using ASTQueryTranslatorFactory
14:13:56,935  WARN CachingRegionFactory:58 - CachingRegionFactory should be only used for testing.
14:13:56,941  INFO SchemaExport:343 - HHH000227: Running hbm2ddl schema export
14:13:56,942 DEBUG SchemaExport:353 - Import file not found: /import.sql
14:13:56,942 DEBUG SQL:104 - 
    drop table TheEntity if exists
14:13:56,942 DEBUG SQL:104 - 
    create table TheEntity (
        id bigint not null,
        thing1 varchar(255),
        thing2 varchar(255),
        primary key (id)
    )
14:13:56,942  INFO SchemaExport:405 - HHH000230: Schema export complete
14:13:56,942  WARN SessionFactoryImpl:1554 - HHH000008: JTASessionContext being used with JDBCTransactionFactory; auto-flush will not operate correctly with getCurrentSession()
14:13:56,943 DEBUG QueryTranslatorImpl:265 - parse() - HQL: from org.hibernate.test.hql.TupleSupportTest$TheEntity e where e.compositeValue <> :p1
14:13:56,944 DEBUG QueryTranslatorImpl:283 - --- HQL AST ---
 \-[QUERY] Node: 'query'
    +-[SELECT_FROM] Node: 'SELECT_FROM'
    |  \-[FROM] Node: 'from'
    |     \-[RANGE] Node: 'RANGE'
    |        +-[DOT] Node: '.'
    |        |  +-[DOT] Node: '.'
    |        |  |  +-[DOT] Node: '.'
    |        |  |  |  +-[DOT] Node: '.'
    |        |  |  |  |  +-[IDENT] Node: 'org'
    |        |  |  |  |  \-[IDENT] Node: 'hibernate'
    |        |  |  |  \-[IDENT] Node: 'test'
    |        |  |  \-[IDENT] Node: 'hql'
    |        |  \-[IDENT] Node: 'TupleSupportTest$TheEntity'
    |        \-[ALIAS] Node: 'e'
    \-[WHERE] Node: 'where'
       \-[NE] Node: '<>'
          +-[DOT] Node: '.'
          |  +-[IDENT] Node: 'e'
          |  \-[IDENT] Node: 'compositeValue'
          \-[COLON] Node: ':'
             \-[IDENT] Node: 'p1'

14:13:56,944 DEBUG ErrorCounter:82 - throwQueryException() : no errors
14:13:56,944 DEBUG FromElement:157 - FromClause{level=1} : org.hibernate.test.hql.TupleSupportTest$TheEntity (e) -> tuplesuppo0_
14:13:56,944 DEBUG FromReferenceNode:74 - Resolved : e -> tuplesuppo0_.id
14:13:56,944 DEBUG DotNode:599 - getDataType() : compositeValue -> org.hibernate.type.ComponentType@2b45fc6
14:13:56,944 DEBUG DotNode:588 - Terminal propertyPath = [compositeValue]
14:13:56,944 DEBUG FromReferenceNode:74 - Resolved : e.compositeValue -> (tuplesuppo0_.thing1, tuplesuppo0_.thing2)
14:13:56,945 DEBUG HqlSqlWalker:629 - processQuery() :  ( SELECT ( FromClause{level=1} TheEntity tuplesuppo0_ ) ( where ( AND ( <> tuplesuppo0_.thing1 ? ) ( <> tuplesuppo0_.thing2 ? ) ) ) )
14:13:56,945 DEBUG HqlSqlWalker:869 - Derived SELECT clause created.
14:13:56,945 DEBUG JoinProcessor:175 - Using FROM fragment [TheEntity tuplesuppo0_]
14:13:56,945 DEBUG QueryTranslatorImpl:252 - --- SQL AST ---
 \-[SELECT] QueryNode: 'SELECT'  querySpaces (TheEntity)
    +-[SELECT_CLAUSE] SelectClause: '{derived select clause}'
    |  +-[SELECT_EXPR] SelectExpressionImpl: 'tuplesuppo0_.id as id0_' {FromElement{explicit,not a collection join,not a fetch join,fetch non-lazy properties,classAlias=e,role=null,tableName=TheEntity,tableAlias=tuplesuppo0_,origin=null,columns={,className=org.hibernate.test.hql.TupleSupportTest$TheEntity}}}
    |  \-[SQL_TOKEN] SqlFragment: 'tuplesuppo0_.thing1 as thing2_0_, tuplesuppo0_.thing2 as thing3_0_'
    +-[FROM] FromClause: 'from' FromClause{level=1, fromElementCounter=1, fromElements=1, fromElementByClassAlias=[e], fromElementByTableAlias=[tuplesuppo0_], fromElementsByPath=[], collectionJoinFromElementsByPath=[], impliedElements=[]}
    |  \-[FROM_FRAGMENT] FromElement: 'TheEntity tuplesuppo0_' FromElement{explicit,not a collection join,not a fetch join,fetch non-lazy properties,classAlias=e,role=null,tableName=TheEntity,tableAlias=tuplesuppo0_,origin=null,columns={,className=org.hibernate.test.hql.TupleSupportTest$TheEntity}}
    \-[WHERE] SqlNode: 'where'
       \-[AND] BinaryLogicOperatorNode: 'AND'
          +-[NE] BinaryLogicOperatorNode: '<>'
          |  +-[SQL_TOKEN] SqlFragment: 'tuplesuppo0_.thing1'
          |  \-[SQL_TOKEN] SqlFragment: '?'
          \-[NE] BinaryLogicOperatorNode: '<>'
             +-[SQL_TOKEN] SqlFragment: 'tuplesuppo0_.thing2'
             \-[SQL_TOKEN] SqlFragment: '?'

14:13:56,945 DEBUG ErrorCounter:82 - throwQueryException() : no errors
14:13:56,945 DEBUG QueryTranslatorImpl:235 - HQL: from org.hibernate.test.hql.TupleSupportTest$TheEntity e where e.compositeValue <> :p1
14:13:56,945 DEBUG QueryTranslatorImpl:236 - SQL: select tuplesuppo0_.id as id0_, tuplesuppo0_.thing1 as thing2_0_, tuplesuppo0_.thing2 as thing3_0_ from TheEntity tuplesuppo0_ where tuplesuppo0_.thing1<>? and tuplesuppo0_.thing2<>?
14:13:56,945 DEBUG ErrorCounter:82 - throwQueryException() : no errors
 SQL : select tuplesuppo0_.id as id0_, tuplesuppo0_.thing1 as thing2_0_, tuplesuppo0_.thing2 as thing3_0_ from TheEntity tuplesuppo0_ where tuplesuppo0_.thing1<>? and tuplesuppo0_.thing2<>?
14:13:56,946  INFO SchemaExport:343 - HHH000227: Running hbm2ddl schema export
14:13:56,946 DEBUG SchemaExport:353 - Import file not found: /import.sql
14:13:56,946 DEBUG SQL:104 - 
    drop table TheEntity if exists
14:13:56,946  INFO SchemaExport:405 - HHH000230: Schema export complete
14:13:56,946  INFO DriverManagerConnectionProviderImpl:162 - HHH000030: Cleaning up connection pool [jdbc:h2:mem:db1;DB_CLOSE_DELAY=-1;MVCC=TRUE]
14:13:56,947  INFO CustomRunner:139 - Test: testImplicitTupleNotInList
14:13:56,950  INFO DriverManagerConnectionProviderImpl:99 - HHH000402: Using Hibernate built-in connection pool (not for production use!)
14:13:56,950  INFO DriverManagerConnectionProviderImpl:135 - HHH000115: Hibernate connection pool size: 5
14:13:56,950  INFO DriverManagerConnectionProviderImpl:138 - HHH000006: Autocommit mode: false
14:13:56,951  INFO DriverManagerConnectionProviderImpl:153 - HHH000401: using driver [org.h2.Driver] at URL [jdbc:h2:mem:db1;DB_CLOSE_DELAY=-1;MVCC=TRUE]
14:13:56,951  INFO DriverManagerConnectionProviderImpl:158 - HHH000046: Connection properties: {user=sa}
14:13:56,951  INFO Dialect:103 - HHH000400: Using dialect: org.hibernate.test.hql.TupleSupportTest$NoTupleSupportDialect
14:13:56,952  INFO LobCreatorBuilder:94 - HHH000423: Disabling contextual LOB creation as JDBC driver reported JDBC version [3] less than 4
14:13:56,952  INFO TransactionFactoryInitiator:66 - HHH000399: Using default transaction strategy (direct JDBC transactions)
14:13:56,952  INFO ASTQueryTranslatorFactory:48 - HHH000397: Using ASTQueryTranslatorFactory
14:13:56,952  WARN CachingRegionFactory:58 - CachingRegionFactory should be only used for testing.
14:13:56,956  INFO SchemaExport:343 - HHH000227: Running hbm2ddl schema export
14:13:56,956 DEBUG SchemaExport:353 - Import file not found: /import.sql
14:13:56,956 DEBUG SQL:104 - 
    drop table TheEntity if exists
14:13:56,956 DEBUG SQL:104 - 
    create table TheEntity (
        id bigint not null,
        thing1 varchar(255),
        thing2 varchar(255),
        primary key (id)
    )
14:13:56,957  INFO SchemaExport:405 - HHH000230: Schema export complete
14:13:56,957  WARN SessionFactoryImpl:1554 - HHH000008: JTASessionContext being used with JDBCTransactionFactory; auto-flush will not operate correctly with getCurrentSession()
14:13:56,957 DEBUG QueryTranslatorImpl:265 - parse() - HQL: from org.hibernate.test.hql.TupleSupportTest$TheEntity e where e.compositeValue not in (:p1,:p2)
14:13:56,958 DEBUG QueryTranslatorImpl:283 - --- HQL AST ---
 \-[QUERY] Node: 'query'
    +-[SELECT_FROM] Node: 'SELECT_FROM'
    |  \-[FROM] Node: 'from'
    |     \-[RANGE] Node: 'RANGE'
    |        +-[DOT] Node: '.'
    |        |  +-[DOT] Node: '.'
    |        |  |  +-[DOT] Node: '.'
    |        |  |  |  +-[DOT] Node: '.'
    |        |  |  |  |  +-[IDENT] Node: 'org'
    |        |  |  |  |  \-[IDENT] Node: 'hibernate'
    |        |  |  |  \-[IDENT] Node: 'test'
    |        |  |  \-[IDENT] Node: 'hql'
    |        |  \-[IDENT] Node: 'TupleSupportTest$TheEntity'
    |        \-[ALIAS] Node: 'e'
    \-[WHERE] Node: 'where'
       \-[NOT_IN] Node: 'not in'
          +-[DOT] Node: '.'
          |  +-[IDENT] Node: 'e'
          |  \-[IDENT] Node: 'compositeValue'
          \-[IN_LIST] Node: 'inList'
             +-[COLON] Node: ':'
             |  \-[IDENT] Node: 'p1'
             \-[COLON] Node: ':'
                \-[IDENT] Node: 'p2'

14:13:56,958 DEBUG ErrorCounter:82 - throwQueryException() : no errors
14:13:56,958 DEBUG FromElement:157 - FromClause{level=1} : org.hibernate.test.hql.TupleSupportTest$TheEntity (e) -> tuplesuppo0_
14:13:56,958 DEBUG FromReferenceNode:74 - Resolved : e -> tuplesuppo0_.id
14:13:56,959 DEBUG DotNode:599 - getDataType() : compositeValue -> org.hibernate.type.ComponentType@6997a32f
14:13:56,959 DEBUG DotNode:588 - Terminal propertyPath = [compositeValue]
14:13:56,959 DEBUG FromReferenceNode:74 - Resolved : e.compositeValue -> (tuplesuppo0_.thing1, tuplesuppo0_.thing2)
14:13:56,959 DEBUG HqlSqlWalker:629 - processQuery() :  ( SELECT ( FromClause{level=1} TheEntity tuplesuppo0_ ) ( where ( and ( or ( <> tuplesuppo0_.thing1 ? ) ( <> tuplesuppo0_.thing2 ? ) ) ( or ( <> tuplesuppo0_.thing1 ? ) ( <> tuplesuppo0_.thing2 ? ) ) ) ) )
14:13:56,959 DEBUG HqlSqlWalker:869 - Derived SELECT clause created.
14:13:56,959 DEBUG JoinProcessor:175 - Using FROM fragment [TheEntity tuplesuppo0_]
14:13:56,959 DEBUG QueryTranslatorImpl:252 - --- SQL AST ---
 \-[SELECT] QueryNode: 'SELECT'  querySpaces (TheEntity)
    +-[SELECT_CLAUSE] SelectClause: '{derived select clause}'
    |  +-[SELECT_EXPR] SelectExpressionImpl: 'tuplesuppo0_.id as id0_' {FromElement{explicit,not a collection join,not a fetch join,fetch non-lazy properties,classAlias=e,role=null,tableName=TheEntity,tableAlias=tuplesuppo0_,origin=null,columns={,className=org.hibernate.test.hql.TupleSupportTest$TheEntity}}}
    |  \-[SQL_TOKEN] SqlFragment: 'tuplesuppo0_.thing1 as thing2_0_, tuplesuppo0_.thing2 as thing3_0_'
    +-[FROM] FromClause: 'from' FromClause{level=1, fromElementCounter=1, fromElements=1, fromElementByClassAlias=[e], fromElementByTableAlias=[tuplesuppo0_], fromElementsByPath=[], collectionJoinFromElementsByPath=[], impliedElements=[]}
    |  \-[FROM_FRAGMENT] FromElement: 'TheEntity tuplesuppo0_' FromElement{explicit,not a collection join,not a fetch join,fetch non-lazy properties,classAlias=e,role=null,tableName=TheEntity,tableAlias=tuplesuppo0_,origin=null,columns={,className=org.hibernate.test.hql.TupleSupportTest$TheEntity}}
    \-[WHERE] SqlNode: 'where'
       \-[AND] InLogicOperatorNode: 'and'
          +-[OR] SqlNode: 'or'
          |  +-[NE] BinaryLogicOperatorNode: '<>'
          |  |  +-[SQL_TOKEN] SqlFragment: 'tuplesuppo0_.thing1'
          |  |  \-[SQL_TOKEN] SqlFragment: '?'
          |  \-[NE] BinaryLogicOperatorNode: '<>'
          |     +-[SQL_TOKEN] SqlFragment: 'tuplesuppo0_.thing2'
          |     \-[SQL_TOKEN] SqlFragment: '?'
          \-[OR] SqlNode: 'or'
             +-[NE] BinaryLogicOperatorNode: '<>'
             |  +-[SQL_TOKEN] SqlFragment: 'tuplesuppo0_.thing1'
             |  \-[SQL_TOKEN] SqlFragment: '?'
             \-[NE] BinaryLogicOperatorNode: '<>'
                +-[SQL_TOKEN] SqlFragment: 'tuplesuppo0_.thing2'
                \-[SQL_TOKEN] SqlFragment: '?'

14:13:56,960 DEBUG ErrorCounter:82 - throwQueryException() : no errors
14:13:56,960 DEBUG QueryTranslatorImpl:235 - HQL: from org.hibernate.test.hql.TupleSupportTest$TheEntity e where e.compositeValue not in (:p1,:p2)
14:13:56,960 DEBUG QueryTranslatorImpl:236 - SQL: select tuplesuppo0_.id as id0_, tuplesuppo0_.thing1 as thing2_0_, tuplesuppo0_.thing2 as thing3_0_ from TheEntity tuplesuppo0_ where (tuplesuppo0_.thing1<>? or tuplesuppo0_.thing2<>?) and (tuplesuppo0_.thing1<>? or tuplesuppo0_.thing2<>?)
14:13:56,960 DEBUG ErrorCounter:82 - throwQueryException() : no errors
 SQL : select tuplesuppo0_.id as id0_, tuplesuppo0_.thing1 as thing2_0_, tuplesuppo0_.thing2 as thing3_0_ from TheEntity tuplesuppo0_ where (tuplesuppo0_.thing1<>? or tuplesuppo0_.thing2<>?) and (tuplesuppo0_.thing1<>? or tuplesuppo0_.thing2<>?)
14:13:56,960  INFO SchemaExport:343 - HHH000227: Running hbm2ddl schema export
14:13:56,960 DEBUG SchemaExport:353 - Import file not found: /import.sql
14:13:56,960 DEBUG SQL:104 - 
    drop table TheEntity if exists
14:13:56,961  INFO SchemaExport:405 - HHH000230: Schema export complete
14:13:56,961  INFO DriverManagerConnectionProviderImpl:162 - HHH000030: Cleaning up connection pool [jdbc:h2:mem:db1;DB_CLOSE_DELAY=-1;MVCC=TRUE]
]]></system-out>
  <system-err><![CDATA[]]></system-err>
</testsuite>
