<?xml version="1.0" encoding="UTF-8"?>
<testsuite errors="0" failures="0" hostname="dhcp-10.15.208.168.stl.redhat.com" name="org.hibernate.test.idgen.enhanced.table.BasicTableTest" tests="1" time="0.066" timestamp="2013-02-28T20:14:01">
  <properties />
  <testcase classname="org.hibernate.test.idgen.enhanced.table.BasicTableTest" name="testNormalBoundary" time="0.041" />
  <system-out><![CDATA[14:14:01,645  INFO CustomRunner:132 - BeforeClass: org.hibernate.test.idgen.enhanced.table.BasicTableTest
14:14:01,647  INFO Configuration:706 - HHH000221: Reading mappings from resource: org/hibernate/test/idgen/enhanced/table/Basic.hbm.xml
14:14:01,653  INFO DriverManagerConnectionProviderImpl:99 - HHH000402: Using Hibernate built-in connection pool (not for production use!)
14:14:01,653  INFO DriverManagerConnectionProviderImpl:135 - HHH000115: Hibernate connection pool size: 5
14:14:01,653  INFO DriverManagerConnectionProviderImpl:138 - HHH000006: Autocommit mode: false
14:14:01,654  INFO DriverManagerConnectionProviderImpl:153 - HHH000401: using driver [org.h2.Driver] at URL [jdbc:h2:mem:db1;DB_CLOSE_DELAY=-1;MVCC=TRUE]
14:14:01,654  INFO DriverManagerConnectionProviderImpl:158 - HHH000046: Connection properties: {user=sa}
14:14:01,655  INFO Dialect:103 - HHH000400: Using dialect: org.hibernate.dialect.H2Dialect
14:14:01,656  INFO LobCreatorBuilder:94 - HHH000423: Disabling contextual LOB creation as JDBC driver reported JDBC version [3] less than 4
14:14:01,656  INFO TransactionFactoryInitiator:66 - HHH000399: Using default transaction strategy (direct JDBC transactions)
14:14:01,656  INFO ASTQueryTranslatorFactory:48 - HHH000397: Using ASTQueryTranslatorFactory
14:14:01,657  WARN CachingRegionFactory:58 - CachingRegionFactory should be only used for testing.
14:14:01,663  INFO SchemaExport:343 - HHH000227: Running hbm2ddl schema export
14:14:01,664 DEBUG SchemaExport:353 - Import file not found: /import.sql
14:14:01,664 DEBUG SQL:104 - 
    drop table ID_TBL_BSC_ENTITY if exists
14:14:01,664 DEBUG SQL:104 - 
    drop table ID_TBL_BSC_TBL if exists
14:14:01,664 DEBUG SQL:104 - 
    create table ID_TBL_BSC_ENTITY (
        ID bigint not null,
        name varchar(255),
        primary key (ID)
    )
14:14:01,665 DEBUG SQL:104 - 
    create table ID_TBL_BSC_TBL (
         sequence_name varchar(255) not null ,
         next_val bigint,
        primary key ( sequence_name ) 
    ) 
14:14:01,665  INFO SchemaExport:405 - HHH000230: Schema export complete
14:14:01,665  WARN SessionFactoryImpl:1554 - HHH000008: JTASessionContext being used with JDBCTransactionFactory; auto-flush will not operate correctly with getCurrentSession()
14:14:01,665  INFO CustomRunner:139 - Test: testNormalBoundary
14:14:01,667 DEBUG SQL:104 - 
    select
        tbl.next_val 
    from
        ID_TBL_BSC_TBL tbl 
    where
        tbl.sequence_name=? for update
            
14:14:01,667 DEBUG SQL:104 - 
    insert 
    into
        ID_TBL_BSC_TBL
        (sequence_name, next_val)  
    values
        (?,?)
14:14:01,667 DEBUG SQL:104 - 
    update
        ID_TBL_BSC_TBL 
    set
        next_val=?  
    where
        next_val=? 
        and sequence_name=?
14:14:01,668 DEBUG SQL:104 - 
    select
        tbl.next_val 
    from
        ID_TBL_BSC_TBL tbl 
    where
        tbl.sequence_name=? for update
            
14:14:01,668 DEBUG SQL:104 - 
    update
        ID_TBL_BSC_TBL 
    set
        next_val=?  
    where
        next_val=? 
        and sequence_name=?
14:14:01,668 DEBUG SQL:104 - 
    select
        tbl.next_val 
    from
        ID_TBL_BSC_TBL tbl 
    where
        tbl.sequence_name=? for update
            
14:14:01,668 DEBUG SQL:104 - 
    update
        ID_TBL_BSC_TBL 
    set
        next_val=?  
    where
        next_val=? 
        and sequence_name=?
14:14:01,668 DEBUG SQL:104 - 
    select
        tbl.next_val 
    from
        ID_TBL_BSC_TBL tbl 
    where
        tbl.sequence_name=? for update
            
14:14:01,668 DEBUG SQL:104 - 
    update
        ID_TBL_BSC_TBL 
    set
        next_val=?  
    where
        next_val=? 
        and sequence_name=?
14:14:01,669 DEBUG SQL:104 - 
    select
        tbl.next_val 
    from
        ID_TBL_BSC_TBL tbl 
    where
        tbl.sequence_name=? for update
            
14:14:01,669 DEBUG SQL:104 - 
    update
        ID_TBL_BSC_TBL 
    set
        next_val=?  
    where
        next_val=? 
        and sequence_name=?
14:14:01,674 DEBUG SQL:104 - 
    insert 
    into
        ID_TBL_BSC_ENTITY
        (name, ID) 
    values
        (?, ?)
14:14:01,675 DEBUG SQL:104 - 
    insert 
    into
        ID_TBL_BSC_ENTITY
        (name, ID) 
    values
        (?, ?)
14:14:01,676 DEBUG SQL:104 - 
    insert 
    into
        ID_TBL_BSC_ENTITY
        (name, ID) 
    values
        (?, ?)
14:14:01,676 DEBUG SQL:104 - 
    insert 
    into
        ID_TBL_BSC_ENTITY
        (name, ID) 
    values
        (?, ?)
14:14:01,677 DEBUG SQL:104 - 
    insert 
    into
        ID_TBL_BSC_ENTITY
        (name, ID) 
    values
        (?, ?)
14:14:01,685 DEBUG SQL:104 - 
    delete 
    from
        ID_TBL_BSC_ENTITY 
    where
        ID=?
14:14:01,685 DEBUG SQL:104 - 
    delete 
    from
        ID_TBL_BSC_ENTITY 
    where
        ID=?
14:14:01,685 DEBUG SQL:104 - 
    delete 
    from
        ID_TBL_BSC_ENTITY 
    where
        ID=?
14:14:01,685 DEBUG SQL:104 - 
    delete 
    from
        ID_TBL_BSC_ENTITY 
    where
        ID=?
14:14:01,685 DEBUG SQL:104 - 
    delete 
    from
        ID_TBL_BSC_ENTITY 
    where
        ID=?
14:14:01,708  INFO SchemaExport:343 - HHH000227: Running hbm2ddl schema export
14:14:01,709 DEBUG SchemaExport:353 - Import file not found: /import.sql
14:14:01,709 DEBUG SQL:104 - 
    drop table ID_TBL_BSC_ENTITY if exists
14:14:01,709 DEBUG SQL:104 - 
    drop table ID_TBL_BSC_TBL if exists
14:14:01,709  INFO SchemaExport:405 - HHH000230: Schema export complete
14:14:01,709  INFO DriverManagerConnectionProviderImpl:162 - HHH000030: Cleaning up connection pool [jdbc:h2:mem:db1;DB_CLOSE_DELAY=-1;MVCC=TRUE]
]]></system-out>
  <system-err><![CDATA[]]></system-err>
</testsuite>
