<?xml version="1.0" encoding="UTF-8"?>
<testsuite errors="0" failures="0" hostname="dhcp-10.15.208.168.stl.redhat.com" name="org.hibernate.test.annotations.lob.MaterializedBlobTest" tests="2" time="0.039" timestamp="2013-02-28T20:10:33">
  <properties />
  <testcase classname="org.hibernate.test.annotations.lob.MaterializedBlobTest" name="testSaving" time="0.003" />
  <testcase classname="org.hibernate.test.annotations.lob.MaterializedBlobTest" name="testTypeSelection" time="0.0" />
  <system-out><![CDATA[14:10:33,744  INFO CustomRunner:132 - BeforeClass: org.hibernate.test.annotations.lob.MaterializedBlobTest
14:10:33,748  INFO DriverManagerConnectionProviderImpl:99 - HHH000402: Using Hibernate built-in connection pool (not for production use!)
14:10:33,749  INFO DriverManagerConnectionProviderImpl:135 - HHH000115: Hibernate connection pool size: 5
14:10:33,749  INFO DriverManagerConnectionProviderImpl:138 - HHH000006: Autocommit mode: false
14:10:33,749  INFO DriverManagerConnectionProviderImpl:153 - HHH000401: using driver [org.h2.Driver] at URL [jdbc:h2:mem:db1;DB_CLOSE_DELAY=-1;MVCC=TRUE]
14:10:33,749  INFO DriverManagerConnectionProviderImpl:158 - HHH000046: Connection properties: {user=sa}
14:10:33,750  INFO Dialect:103 - HHH000400: Using dialect: org.hibernate.dialect.H2Dialect
14:10:33,751  INFO LobCreatorBuilder:94 - HHH000423: Disabling contextual LOB creation as JDBC driver reported JDBC version [3] less than 4
14:10:33,751  INFO TransactionFactoryInitiator:66 - HHH000399: Using default transaction strategy (direct JDBC transactions)
14:10:33,751  INFO ASTQueryTranslatorFactory:48 - HHH000397: Using ASTQueryTranslatorFactory
14:10:33,751  WARN CachingRegionFactory:58 - CachingRegionFactory should be only used for testing.
14:10:33,761  INFO SchemaExport:343 - HHH000227: Running hbm2ddl schema export
14:10:33,762 DEBUG SchemaExport:353 - Import file not found: /import.sql
14:10:33,762 DEBUG SQL:104 - 
    drop table MaterializedBlobEntity if exists
14:10:33,762 DEBUG SQL:104 - 
    drop sequence hibernate_sequence
14:10:33,763 ERROR SchemaExport:425 - HHH000389: Unsuccessful: drop sequence hibernate_sequence
14:10:33,763 ERROR SchemaExport:426 - Sequence "HIBERNATE_SEQUENCE" not found; SQL statement:

    drop sequence hibernate_sequence [90036-145]
14:10:33,763 DEBUG SQL:104 - 
    create table MaterializedBlobEntity (
        id bigint not null,
        name varchar(255),
        theBytes blob,
        primary key (id)
    )
14:10:33,774 DEBUG SQL:104 - 
    create sequence hibernate_sequence start with 1 increment by 1
14:10:33,775  INFO SchemaExport:405 - HHH000230: Schema export complete
14:10:33,775  WARN SessionFactoryImpl:1554 - HHH000008: JTASessionContext being used with JDBCTransactionFactory; auto-flush will not operate correctly with getCurrentSession()
14:10:33,776  INFO CustomRunner:139 - Test: testSaving
14:10:33,776 DEBUG SQL:104 - 
    call next value for hibernate_sequence
14:10:33,778 DEBUG SQL:104 - 
    insert 
    into
        MaterializedBlobEntity
        (name, theBytes, id) 
    values
        (?, ?, ?)
14:10:33,778 DEBUG SQL:104 - 
    select
        materializ0_.id as id0_0_,
        materializ0_.name as name0_0_,
        materializ0_.theBytes as theBytes0_0_ 
    from
        MaterializedBlobEntity materializ0_ 
    where
        materializ0_.id=?
14:10:33,779 DEBUG SQL:104 - 
    delete 
    from
        MaterializedBlobEntity 
    where
        id=?
14:10:33,780  INFO CustomRunner:139 - Test: testTypeSelection
14:10:33,781  INFO SchemaExport:343 - HHH000227: Running hbm2ddl schema export
14:10:33,781 DEBUG SchemaExport:353 - Import file not found: /import.sql
14:10:33,781 DEBUG SQL:104 - 
    drop table MaterializedBlobEntity if exists
14:10:33,782 DEBUG SQL:104 - 
    drop sequence hibernate_sequence
14:10:33,782  INFO SchemaExport:405 - HHH000230: Schema export complete
14:10:33,782  INFO DriverManagerConnectionProviderImpl:162 - HHH000030: Cleaning up connection pool [jdbc:h2:mem:db1;DB_CLOSE_DELAY=-1;MVCC=TRUE]
]]></system-out>
  <system-err><![CDATA[]]></system-err>
</testsuite>
