<?xml version="1.0" encoding="UTF-8"?>
<testsuite errors="0" failures="0" hostname="dhcp-10.15.208.168.stl.redhat.com" name="org.hibernate.test.annotations.generics.EmbeddedGenericsTest" tests="1" time="0.057" timestamp="2013-02-28T20:10:27">
  <properties />
  <testcase classname="org.hibernate.test.annotations.generics.EmbeddedGenericsTest" name="testWorksWithGenericEmbedded" time="0.009" />
  <system-out><![CDATA[14:10:27,806  INFO CustomRunner:132 - BeforeClass: org.hibernate.test.annotations.generics.EmbeddedGenericsTest
14:10:27,823  INFO DriverManagerConnectionProviderImpl:99 - HHH000402: Using Hibernate built-in connection pool (not for production use!)
14:10:27,823  INFO DriverManagerConnectionProviderImpl:135 - HHH000115: Hibernate connection pool size: 5
14:10:27,823  INFO DriverManagerConnectionProviderImpl:138 - HHH000006: Autocommit mode: false
14:10:27,823  INFO DriverManagerConnectionProviderImpl:153 - HHH000401: using driver [org.h2.Driver] at URL [jdbc:h2:mem:db1;DB_CLOSE_DELAY=-1;MVCC=TRUE]
14:10:27,823  INFO DriverManagerConnectionProviderImpl:158 - HHH000046: Connection properties: {user=sa}
14:10:27,825  INFO Dialect:103 - HHH000400: Using dialect: org.hibernate.dialect.H2Dialect
14:10:27,825  INFO LobCreatorBuilder:94 - HHH000423: Disabling contextual LOB creation as JDBC driver reported JDBC version [3] less than 4
14:10:27,826  INFO TransactionFactoryInitiator:66 - HHH000399: Using default transaction strategy (direct JDBC transactions)
14:10:27,826  INFO ASTQueryTranslatorFactory:48 - HHH000397: Using ASTQueryTranslatorFactory
14:10:27,826  WARN CachingRegionFactory:58 - CachingRegionFactory should be only used for testing.
14:10:27,835  INFO SchemaExport:343 - HHH000227: Running hbm2ddl schema export
14:10:27,838 DEBUG SchemaExport:353 - Import file not found: /import.sql
14:10:27,843 DEBUG SQL:104 - 
    alter table PopularBook_Editions 
        drop constraint FK1DC9ECF24DB5022A
14:10:27,843 ERROR SchemaExport:425 - HHH000389: Unsuccessful: alter table PopularBook_Editions drop constraint FK1DC9ECF24DB5022A
14:10:27,843 ERROR SchemaExport:426 - Table "POPULARBOOK_EDITIONS" not found; SQL statement:

    alter table PopularBook_Editions 
        drop constraint FK1DC9ECF24DB5022A [42102-145]
14:10:27,843 DEBUG SQL:104 - 
    drop table Book if exists
14:10:27,844 DEBUG SQL:104 - 
    drop table PopularBook if exists
14:10:27,844 DEBUG SQL:104 - 
    drop table PopularBook_Editions if exists
14:10:27,844 DEBUG SQL:104 - 
    drop sequence hibernate_sequence
14:10:27,844 ERROR SchemaExport:425 - HHH000389: Unsuccessful: drop sequence hibernate_sequence
14:10:27,844 ERROR SchemaExport:426 - Sequence "HIBERNATE_SEQUENCE" not found; SQL statement:

    drop sequence hibernate_sequence [90036-145]
14:10:27,844 DEBUG SQL:104 - 
    create table Book (
        id bigint not null,
        name varchar(255),
        primary key (id)
    )
14:10:27,845 DEBUG SQL:104 - 
    create table PopularBook (
        id bigint not null,
        primary key (id)
    )
14:10:27,845 DEBUG SQL:104 - 
    create table PopularBook_Editions (
        PopularBook_id bigint not null,
        name varchar(255)
    )
14:10:27,845 DEBUG SQL:104 - 
    alter table PopularBook_Editions 
        add constraint FK1DC9ECF24DB5022A 
        foreign key (PopularBook_id) 
        references PopularBook
14:10:27,846 DEBUG SQL:104 - 
    create sequence hibernate_sequence start with 1 increment by 1
14:10:27,846  INFO SchemaExport:405 - HHH000230: Schema export complete
14:10:27,847  WARN SessionFactoryImpl:1554 - HHH000008: JTASessionContext being used with JDBCTransactionFactory; auto-flush will not operate correctly with getCurrentSession()
14:10:27,847  INFO CustomRunner:139 - Test: testWorksWithGenericEmbedded
14:10:27,848 DEBUG SQL:104 - 
    call next value for hibernate_sequence
14:10:27,849 DEBUG SQL:104 - 
    insert 
    into
        Book
        (name, id) 
    values
        (?, ?)
14:10:27,850 DEBUG SQL:104 - 
    select
        classes_bo0_.id as id0_0_,
        classes_bo0_.name as name0_0_ 
    from
        Book classes_bo0_ 
    where
        classes_bo0_.id=?
14:10:27,856 DEBUG SQL:104 - 
    delete 
    from
        Book 
    where
        id=?
14:10:27,857  INFO SchemaExport:343 - HHH000227: Running hbm2ddl schema export
14:10:27,857 DEBUG SchemaExport:353 - Import file not found: /import.sql
14:10:27,857 DEBUG SQL:104 - 
    alter table PopularBook_Editions 
        drop constraint FK1DC9ECF24DB5022A
14:10:27,858 DEBUG SQL:104 - 
    drop table Book if exists
14:10:27,858 DEBUG SQL:104 - 
    drop table PopularBook if exists
14:10:27,858 DEBUG SQL:104 - 
    drop table PopularBook_Editions if exists
14:10:27,858 DEBUG SQL:104 - 
    drop sequence hibernate_sequence
14:10:27,859  INFO SchemaExport:405 - HHH000230: Schema export complete
14:10:27,859  INFO DriverManagerConnectionProviderImpl:162 - HHH000030: Cleaning up connection pool [jdbc:h2:mem:db1;DB_CLOSE_DELAY=-1;MVCC=TRUE]
]]></system-out>
  <system-err><![CDATA[]]></system-err>
</testsuite>
