<?xml version="1.0" encoding="UTF-8"?>
<testsuite errors="0" failures="0" hostname="dhcp-10.15.208.168.stl.redhat.com" name="org.hibernate.test.collection.original.CollectionTest" tests="6" time="0.683" timestamp="2013-02-28T20:11:56">
  <properties />
  <testcase classname="org.hibernate.test.collection.original.CollectionTest" name="testCollectionInheritance" time="0.051" />
  <testcase classname="org.hibernate.test.collection.original.CollectionTest" name="testExtraLazy" time="0.109" />
  <testcase classname="org.hibernate.test.collection.original.CollectionTest" name="testFetch" time="0.058" />
  <testcase classname="org.hibernate.test.collection.original.CollectionTest" name="testMerge" time="0.094" />
  <testcase classname="org.hibernate.test.collection.original.CollectionTest" name="testUpdateOrder" time="0.091" />
  <testcase classname="org.hibernate.test.collection.original.CollectionTest" name="testValueMap" time="0.087" />
  <system-out><![CDATA[14:11:56,968  INFO CustomRunner:132 - BeforeClass: org.hibernate.test.collection.original.CollectionTest
14:11:56,970  INFO Configuration:706 - HHH000221: Reading mappings from resource: org/hibernate/test/collection/original/UserPermissions.hbm.xml
14:11:56,980  INFO Configuration:706 - HHH000221: Reading mappings from resource: org/hibernate/test/collection/original/Zoo.hbm.xml
14:11:56,997  INFO DriverManagerConnectionProviderImpl:99 - HHH000402: Using Hibernate built-in connection pool (not for production use!)
14:11:56,998  INFO DriverManagerConnectionProviderImpl:135 - HHH000115: Hibernate connection pool size: 5
14:11:56,998  INFO DriverManagerConnectionProviderImpl:138 - HHH000006: Autocommit mode: false
14:11:56,998  INFO DriverManagerConnectionProviderImpl:153 - HHH000401: using driver [org.h2.Driver] at URL [jdbc:h2:mem:db1;DB_CLOSE_DELAY=-1;MVCC=TRUE]
14:11:56,998  INFO DriverManagerConnectionProviderImpl:158 - HHH000046: Connection properties: {user=sa}
14:11:57,000  INFO Dialect:103 - HHH000400: Using dialect: org.hibernate.dialect.H2Dialect
14:11:57,000  INFO LobCreatorBuilder:94 - HHH000423: Disabling contextual LOB creation as JDBC driver reported JDBC version [3] less than 4
14:11:57,001  INFO TransactionFactoryInitiator:66 - HHH000399: Using default transaction strategy (direct JDBC transactions)
14:11:57,001  INFO ASTQueryTranslatorFactory:48 - HHH000397: Using ASTQueryTranslatorFactory
14:11:57,001  WARN CachingRegionFactory:58 - CachingRegionFactory should be only used for testing.
14:11:57,026  INFO SchemaExport:343 - HHH000227: Running hbm2ddl schema export
14:11:57,027 DEBUG SchemaExport:353 - Import file not found: /import.sql
14:11:57,027 DEBUG SQL:104 - 
    alter table Animal 
        drop constraint FK752A7A1C20DFD851
14:11:57,028 ERROR SchemaExport:425 - HHH000389: Unsuccessful: alter table Animal drop constraint FK752A7A1C20DFD851
14:11:57,028 ERROR SchemaExport:426 - Table "ANIMAL" not found; SQL statement:

    alter table Animal 
        drop constraint FK752A7A1C20DFD851 [42102-145]
14:11:57,028 DEBUG SQL:104 - 
    alter table Animal 
        drop constraint FK752A7A1CF75D5417
14:11:57,028 ERROR SchemaExport:425 - HHH000389: Unsuccessful: alter table Animal drop constraint FK752A7A1CF75D5417
14:11:57,028 ERROR SchemaExport:426 - Table "ANIMAL" not found; SQL statement:

    alter table Animal 
        drop constraint FK752A7A1CF75D5417 [42102-145]
14:11:57,028 DEBUG SQL:104 - 
    alter table AnimalMammal 
        drop constraint FK7804B69BF64BDDE0
14:11:57,028 ERROR SchemaExport:425 - HHH000389: Unsuccessful: alter table AnimalMammal drop constraint FK7804B69BF64BDDE0
14:11:57,029 ERROR SchemaExport:426 - Table "ANIMALMAMMAL" not found; SQL statement:

    alter table AnimalMammal 
        drop constraint FK7804B69BF64BDDE0 [42102-145]
14:11:57,029 DEBUG SQL:104 - 
    alter table "Users_emailAddresses" 
        drop constraint FKD361E29DEB095FA4
14:11:57,029 ERROR SchemaExport:425 - HHH000389: Unsuccessful: alter table "Users_emailAddresses" drop constraint FKD361E29DEB095FA4
14:11:57,029 ERROR SchemaExport:426 - Table "Users_emailAddresses" not found; SQL statement:

    alter table "Users_emailAddresses" 
        drop constraint FKD361E29DEB095FA4 [42102-145]
14:11:57,029 DEBUG SQL:104 - 
    alter table "Users_permissions" 
        drop constraint FK689D54ADEB095FA4
14:11:57,029 ERROR SchemaExport:425 - HHH000389: Unsuccessful: alter table "Users_permissions" drop constraint FK689D54ADEB095FA4
14:11:57,029 ERROR SchemaExport:426 - Table "Users_permissions" not found; SQL statement:

    alter table "Users_permissions" 
        drop constraint FK689D54ADEB095FA4 [42102-145]
14:11:57,030 DEBUG SQL:104 - 
    alter table "Users_sessionAttributeNames" 
        drop constraint FK76E8F2BEB095FA4
14:11:57,030 ERROR SchemaExport:425 - HHH000389: Unsuccessful: alter table "Users_sessionAttributeNames" drop constraint FK76E8F2BEB095FA4
14:11:57,030 ERROR SchemaExport:426 - Table "Users_sessionAttributeNames" not found; SQL statement:

    alter table "Users_sessionAttributeNames" 
        drop constraint FK76E8F2BEB095FA4 [42102-145]
14:11:57,030 DEBUG SQL:104 - 
    alter table "Users_sessionData" 
        drop constraint FK23AC0B89EB095FA4
14:11:57,030 ERROR SchemaExport:425 - HHH000389: Unsuccessful: alter table "Users_sessionData" drop constraint FK23AC0B89EB095FA4
14:11:57,030 ERROR SchemaExport:426 - Table "Users_sessionData" not found; SQL statement:

    alter table "Users_sessionData" 
        drop constraint FK23AC0B89EB095FA4 [42102-145]
14:11:57,030 DEBUG SQL:104 - 
    drop table Animal if exists
14:11:57,031 DEBUG SQL:104 - 
    drop table AnimalMammal if exists
14:11:57,031 DEBUG SQL:104 - 
    drop table Zoo if exists
14:11:57,038 DEBUG SQL:104 - 
    drop table "Users_emailAddresses" if exists
14:11:57,039 DEBUG SQL:104 - 
    drop table "Users_permissions" if exists
14:11:57,039 DEBUG SQL:104 - 
    drop table "Users_sessionAttributeNames" if exists
14:11:57,039 DEBUG SQL:104 - 
    drop table "Users_sessionData" if exists
14:11:57,039 DEBUG SQL:104 - 
    drop table "Users" if exists
14:11:57,039 DEBUG SQL:104 - 
    create table Animal (
        ID bigint generated by default as identity,
        discriminator varchar(255) not null,
        name varchar(255),
        zoo bigint,
        Zoo_id bigint not null,
        list_index integer,
        primary key (ID)
    )
14:11:57,040 DEBUG SQL:104 - 
    create table AnimalMammal (
        Animal_id bigint not null,
        mammalName varchar(255),
        mammalName2 varchar(255),
        mammalName3 varchar(255),
        primary key (Animal_id)
    )
14:11:57,040 DEBUG SQL:104 - 
    create table Zoo (
        id bigint generated by default as identity,
        primary key (id)
    )
14:11:57,060 DEBUG SQL:104 - 
    create table "Users_emailAddresses" (
        userName varchar(255) not null,
        address varchar(255),
        displayOrder integer not null,
        primary key (userName, displayOrder)
    )
14:11:57,061 DEBUG SQL:104 - 
    create table "Users_permissions" (
        userName varchar(255) not null,
        permissionType varchar(255),
        displayOrder integer not null,
        primary key (userName, displayOrder)
    )
14:11:57,061 DEBUG SQL:104 - 
    create table "Users_sessionAttributeNames" (
        userName varchar(255) not null,
        "attributeName" varchar(255)
    )
14:11:57,061 DEBUG SQL:104 - 
    create table "Users_sessionData" (
        userName varchar(255) not null,
        "attributeValue" binary(255) not null,
        "attributeName" varchar(255) not null,
        primary key (userName, "attributeName")
    )
14:11:57,083 DEBUG SQL:104 - 
    create table "Users" (
        userName varchar(255) not null,
        primary key (userName)
    )
14:11:57,083 DEBUG SQL:104 - 
    alter table Animal 
        add constraint FK752A7A1C20DFD851 
        foreign key (zoo) 
        references Zoo
14:11:57,084 DEBUG SQL:104 - 
    alter table Animal 
        add constraint FK752A7A1CF75D5417 
        foreign key (Zoo_id) 
        references Zoo
14:11:57,085 DEBUG SQL:104 - 
    alter table AnimalMammal 
        add constraint FK7804B69BF64BDDE0 
        foreign key (Animal_id) 
        references Animal
14:11:57,098 DEBUG SQL:104 - 
    alter table "Users_emailAddresses" 
        add constraint FKD361E29DEB095FA4 
        foreign key (userName) 
        references "Users"
14:11:57,098 DEBUG SQL:104 - 
    alter table "Users_permissions" 
        add constraint FK689D54ADEB095FA4 
        foreign key (userName) 
        references "Users"
14:11:57,099 DEBUG SQL:104 - 
    alter table "Users_sessionAttributeNames" 
        add constraint FK76E8F2BEB095FA4 
        foreign key (userName) 
        references "Users"
14:11:57,100 DEBUG SQL:104 - 
    alter table "Users_sessionData" 
        add constraint FK23AC0B89EB095FA4 
        foreign key (userName) 
        references "Users"
14:11:57,100  INFO SchemaExport:405 - HHH000230: Schema export complete
14:11:57,101  WARN SessionFactoryImpl:1554 - HHH000008: JTASessionContext being used with JDBCTransactionFactory; auto-flush will not operate correctly with getCurrentSession()
14:11:57,102  INFO CustomRunner:139 - Test: testCollectionInheritance
14:11:57,104 DEBUG SQL:104 - 
    insert 
    into
        Zoo
        (id) 
    values
        (null)
14:11:57,126 DEBUG SQL:104 - 
    insert 
    into
        Animal
        (ID, name, zoo, Zoo_id, list_index, discriminator) 
    values
        (null, ?, ?, ?, ?, 'MAMMAL')
14:11:57,127 DEBUG SQL:104 - 
    insert 
    into
        AnimalMammal
        (mammalName, mammalName2, mammalName3, Animal_id) 
    values
        (?, ?, ?, ?)
14:11:57,128 DEBUG SQL:104 - 
    update
        Animal 
    set
        Zoo_id=?,
        list_index=? 
    where
        ID=?
14:11:57,129 DEBUG SQL:104 - 
    select
        zoo0_.id as id2_0_ 
    from
        Zoo zoo0_ 
    where
        zoo0_.id=?
14:11:57,129 DEBUG SQL:104 - 
    select
        animals0_.Zoo_id as Zoo5_2_1_,
        animals0_.ID as ID0_1_,
        animals0_.list_index as list6_1_,
        animals0_.ID as ID0_0_,
        animals0_.name as name0_0_,
        animals0_.zoo as zoo0_0_,
        animals0_.discriminator as discrimi2_0_0_ 
    from
        Animal animals0_ 
    where
        animals0_.Zoo_id=?
14:11:57,129 DEBUG SQL:104 - 
    select
        animal_1_.mammalName as mammalName1_,
        animal_1_.mammalName2 as mammalName3_1_,
        animal_1_.mammalName3 as mammalName4_1_ 
    from
        AnimalMammal animal_1_ 
    where
        animal_1_.Animal_id=?
14:11:57,130 DEBUG SQL:104 - 
    delete 
    from
        AnimalMammal 
    where
        Animal_id=?
14:11:57,152 DEBUG SQL:104 - 
    delete 
    from
        Animal 
    where
        ID=?
14:11:57,153 DEBUG SQL:104 - 
    delete 
    from
        Zoo 
    where
        id=?
14:11:57,153  INFO CustomRunner:139 - Test: testExtraLazy
14:11:57,156 DEBUG SQL:104 - 
    insert 
    into
        "Users"
        (userName) 
    values
        (?)
14:11:57,156 DEBUG SQL:104 - 
    insert 
    into
        "Users_permissions"
        (userName, displayOrder, permissionType) 
    values
        (?, ?, ?)
14:11:57,166 DEBUG SQL:104 - 
    insert 
    into
        "Users_permissions"
        (userName, displayOrder, permissionType) 
    values
        (?, ?, ?)
14:11:57,166 DEBUG SQL:104 - 
    insert 
    into
        "Users_sessionData"
        (userName, "attributeName", "attributeValue") 
    values
        (?, ?, ?)
14:11:57,167 DEBUG SQL:104 - 
    select
        user0_.userName as userName7_0_,
        emailaddre1_.userName as userName7_2_,
        emailaddre1_.address as address3_2_,
        emailaddre1_.displayOrder as displayO3_2_ 
    from
        "Users" user0_ 
    left outer join
        "Users_emailAddresses" emailaddre1_ 
            on user0_.userName=emailaddre1_.userName 
    where
        user0_.userName=?
14:11:57,168 DEBUG SQL:104 - 
    select
        max(displayOrder) + 1 
    from
        "Users_permissions" 
    where
        userName =?
14:11:57,168 DEBUG SQL:104 - 
    select
        1 
    from
        "Users_permissions" 
    where
        userName =? 
        and permissionType =?
14:11:57,169 DEBUG SQL:104 - 
    select
        1 
    from
        "Users_permissions" 
    where
        userName =? 
        and permissionType =?
14:11:57,199 DEBUG SQL:104 - 
    select
        permissionType as permissi2_4_ 
    from
        "Users_permissions" 
    where
        userName =? 
        and displayOrder =?
14:11:57,212 DEBUG SQL:104 - 
    select
        permissionType as permissi2_4_ 
    from
        "Users_permissions" 
    where
        userName =? 
        and displayOrder =?
14:11:57,213 DEBUG SQL:104 - 
    select
        count("attributeValue") 
    from
        "Users_sessionData" 
    where
        userName =?
14:11:57,213 DEBUG SQL:104 - 
    select
        1 
    from
        "Users_sessionData" 
    where
        userName =? 
        and "attributeName" =?
14:11:57,228 DEBUG SQL:104 - 
    select
        1 
    from
        "Users_sessionData" 
    where
        userName =? 
        and "attributeName" =?
14:11:57,229 DEBUG SQL:104 - 
    select
        1 
    from
        "Users_sessionData" 
    where
        userName =? 
        and "attributeValue" =?
14:11:57,229 DEBUG SQL:104 - 
    select
        1 
    from
        "Users_sessionData" 
    where
        userName =? 
        and "attributeValue" =?
14:11:57,245 DEBUG SQL:104 - 
    select
        "attributeValue" as attribut2_6_ 
    from
        "Users_sessionData" 
    where
        userName =? 
        and "attributeName" =?
14:11:57,246 DEBUG SQL:104 - 
    select
        "attributeValue" as attribut2_6_ 
    from
        "Users_sessionData" 
    where
        userName =? 
        and "attributeName" =?
14:11:57,247 DEBUG SQL:104 - 
    select
        sessiondat0_.userName as userName7_0_,
        sessiondat0_."attributeValue" as attribut2_6_0_,
        sessiondat0_."attributeName" as attribut3_0_ 
    from
        "Users_sessionData" sessiondat0_ 
    where
        sessiondat0_.userName=? 
    order by
        lower(sessiondat0_."attributeName") asc
14:11:57,248 DEBUG SQL:104 - 
    select
        1 
    from
        "Users_sessionAttributeNames" 
    where
        userName =? 
        and "attributeName" =?
14:11:57,262 DEBUG SQL:104 - 
    delete 
    from
        "Users_permissions" 
    where
        userName=?
14:11:57,262 DEBUG SQL:104 - 
    delete 
    from
        "Users_sessionData" 
    where
        userName=?
14:11:57,263 DEBUG SQL:104 - 
    delete 
    from
        "Users" 
    where
        userName=?
14:11:57,263  INFO CustomRunner:139 - Test: testFetch
14:11:57,266 DEBUG SQL:104 - 
    insert 
    into
        "Users"
        (userName) 
    values
        (?)
14:11:57,267 DEBUG SQL:104 - 
    insert 
    into
        "Users_permissions"
        (userName, displayOrder, permissionType) 
    values
        (?, ?, ?)
14:11:57,267 DEBUG SQL:104 - 
    insert 
    into
        "Users_permissions"
        (userName, displayOrder, permissionType) 
    values
        (?, ?, ?)
14:11:57,267 DEBUG SQL:104 - 
    insert 
    into
        "Users_emailAddresses"
        (userName, displayOrder, address) 
    values
        (?, ?, ?)
14:11:57,268 DEBUG SQL:104 - 
    insert 
    into
        "Users_emailAddresses"
        (userName, displayOrder, address) 
    values
        (?, ?, ?)
14:11:57,288 DEBUG SQL:104 - 
    select
        this_.userName as userName7_0_,
        emailaddre2_.userName as userName7_2_,
        emailaddre2_.address as address3_2_,
        emailaddre2_.displayOrder as displayO3_2_ 
    from
        "Users" this_ 
    left outer join
        "Users_emailAddresses" emailaddre2_ 
            on this_.userName=emailaddre2_.userName
14:11:57,289 DEBUG SQL:104 - 
    delete 
    from
        "Users_permissions" 
    where
        userName=?
14:11:57,290 DEBUG SQL:104 - 
    delete 
    from
        "Users_sessionData" 
    where
        userName=?
14:11:57,291 DEBUG SQL:104 - 
    delete 
    from
        "Users_emailAddresses" 
    where
        userName=?
14:11:57,321 DEBUG SQL:104 - 
    delete 
    from
        "Users" 
    where
        userName=?
14:11:57,323  INFO CustomRunner:139 - Test: testMerge
14:11:57,325 DEBUG SQL:104 - 
    insert 
    into
        "Users"
        (userName) 
    values
        (?)
14:11:57,325 DEBUG SQL:104 - 
    insert 
    into
        "Users_permissions"
        (userName, displayOrder, permissionType) 
    values
        (?, ?, ?)
14:11:57,326 DEBUG SQL:104 - 
    insert 
    into
        "Users_permissions"
        (userName, displayOrder, permissionType) 
    values
        (?, ?, ?)
14:11:57,326 DEBUG SQL:104 - 
    select
        this_.userName as userName7_0_,
        emailaddre2_.userName as userName7_2_,
        emailaddre2_.address as address3_2_,
        emailaddre2_.displayOrder as displayO3_2_ 
    from
        "Users" this_ 
    left outer join
        "Users_emailAddresses" emailaddre2_ 
            on this_.userName=emailaddre2_.userName
14:11:57,327 DEBUG SQL:104 - 
    select
        sessiondat0_.userName as userName7_0_,
        sessiondat0_."attributeValue" as attribut2_6_0_,
        sessiondat0_."attributeName" as attribut3_0_ 
    from
        "Users_sessionData" sessiondat0_ 
    where
        sessiondat0_.userName=? 
    order by
        lower(sessiondat0_."attributeName") asc
14:11:57,346 DEBUG SQL:104 - 
    delete 
    from
        "Users_permissions" 
    where
        userName=?
14:11:57,347 DEBUG SQL:104 - 
    insert 
    into
        "Users_permissions"
        (userName, displayOrder, permissionType) 
    values
        (?, ?, ?)
14:11:57,348 DEBUG SQL:104 - 
    insert 
    into
        "Users_permissions"
        (userName, displayOrder, permissionType) 
    values
        (?, ?, ?)
14:11:57,349 DEBUG SQL:104 - 
    select
        user0_.userName as userName7_0_ 
    from
        "Users" user0_ 
    where
        user0_.userName=?
14:11:57,357 DEBUG SQL:104 - 
    select
        permission0_.userName as userName7_0_,
        permission0_.permissionType as permissi2_4_0_,
        permission0_.displayOrder as displayO3_0_ 
    from
        "Users_permissions" permission0_ 
    where
        permission0_.userName=?
14:11:57,358 DEBUG SQL:104 - 
    select
        emailaddre0_.userName as userName7_0_,
        emailaddre0_.address as address3_0_,
        emailaddre0_.displayOrder as displayO3_0_ 
    from
        "Users_emailAddresses" emailaddre0_ 
    where
        emailaddre0_.userName=?
14:11:57,359 DEBUG SQL:104 - 
    select
        sessiondat0_.userName as userName7_0_,
        sessiondat0_."attributeValue" as attribut2_6_0_,
        sessiondat0_."attributeName" as attribut3_0_ 
    from
        "Users_sessionData" sessiondat0_ 
    where
        sessiondat0_.userName=? 
    order by
        lower(sessiondat0_."attributeName") asc
14:11:57,370 DEBUG SQL:104 - 
    insert 
    into
        "Users_permissions"
        (userName, displayOrder, permissionType) 
    values
        (?, ?, ?)
14:11:57,372 DEBUG SQL:104 - 
    select
        this_.userName as userName7_0_,
        emailaddre2_.userName as userName7_2_,
        emailaddre2_.address as address3_2_,
        emailaddre2_.displayOrder as displayO3_2_ 
    from
        "Users" this_ 
    left outer join
        "Users_emailAddresses" emailaddre2_ 
            on this_.userName=emailaddre2_.userName
14:11:57,372 DEBUG SQL:104 - 
    select
        max(displayOrder) + 1 
    from
        "Users_permissions" 
    where
        userName =?
14:11:57,373 DEBUG SQL:104 - 
    select
        permissionType as permissi2_4_ 
    from
        "Users_permissions" 
    where
        userName =? 
        and displayOrder =?
14:11:57,413 DEBUG SQL:104 - 
    select
        permissionType as permissi2_4_ 
    from
        "Users_permissions" 
    where
        userName =? 
        and displayOrder =?
14:11:57,414 DEBUG SQL:104 - 
    select
        user_.userName 
    from
        "Users" user_ 
    where
        user_.userName=?
14:11:57,415 DEBUG SQL:104 - 
    delete 
    from
        "Users_permissions" 
    where
        userName=?
14:11:57,416 DEBUG SQL:104 - 
    delete 
    from
        "Users_sessionData" 
    where
        userName=?
14:11:57,416 DEBUG SQL:104 - 
    delete 
    from
        "Users" 
    where
        userName=?
14:11:57,417  INFO CustomRunner:139 - Test: testUpdateOrder
14:11:57,420 DEBUG SQL:104 - 
    insert 
    into
        "Users"
        (userName) 
    values
        (?)
14:11:57,421 DEBUG SQL:104 - 
    insert 
    into
        "Users_emailAddresses"
        (userName, displayOrder, address) 
    values
        (?, ?, ?)
14:11:57,421 DEBUG SQL:104 - 
    insert 
    into
        "Users_emailAddresses"
        (userName, displayOrder, address) 
    values
        (?, ?, ?)
14:11:57,436 DEBUG SQL:104 - 
    insert 
    into
        "Users_emailAddresses"
        (userName, displayOrder, address) 
    values
        (?, ?, ?)
14:11:57,437 DEBUG SQL:104 - 
    insert 
    into
        "Users_emailAddresses"
        (userName, displayOrder, address) 
    values
        (?, ?, ?)
14:11:57,439 DEBUG SQL:104 - 
    insert 
    into
        "Users_sessionData"
        (userName, "attributeName", "attributeValue") 
    values
        (?, ?, ?)
14:11:57,439 DEBUG SQL:104 - 
    insert 
    into
        "Users_sessionData"
        (userName, "attributeName", "attributeValue") 
    values
        (?, ?, ?)
14:11:57,451 DEBUG SQL:104 - 
    delete 
    from
        "Users_emailAddresses" 
    where
        userName=? 
        and displayOrder=?
14:11:57,451 DEBUG SQL:104 - 
    delete 
    from
        "Users_emailAddresses" 
    where
        userName=? 
        and displayOrder=?
14:11:57,452 DEBUG SQL:104 - 
    update
        "Users_emailAddresses" 
    set
        address=? 
    where
        userName=? 
        and displayOrder=?
14:11:57,452 DEBUG SQL:104 - 
    update
        "Users_emailAddresses" 
    set
        address=? 
    where
        userName=? 
        and displayOrder=?
14:11:57,452 DEBUG SQL:104 - 
    delete 
    from
        "Users_sessionData" 
    where
        userName=? 
        and "attributeName"=?
14:11:57,453 DEBUG SQL:104 - 
    insert 
    into
        "Users_sessionData"
        (userName, "attributeName", "attributeValue") 
    values
        (?, ?, ?)
14:11:57,477 DEBUG SQL:104 - 
    update
        "Users_emailAddresses" 
    set
        address=? 
    where
        userName=? 
        and displayOrder=?
14:11:57,477 DEBUG SQL:104 - 
    update
        "Users_emailAddresses" 
    set
        address=? 
    where
        userName=? 
        and displayOrder=?
14:11:57,478 DEBUG SQL:104 - 
    insert 
    into
        "Users_emailAddresses"
        (userName, displayOrder, address) 
    values
        (?, ?, ?)
14:11:57,478 DEBUG SQL:104 - 
    insert 
    into
        "Users_emailAddresses"
        (userName, displayOrder, address) 
    values
        (?, ?, ?)
14:11:57,507 DEBUG SQL:104 - 
    delete 
    from
        "Users_sessionData" 
    where
        userName=?
14:11:57,508 DEBUG SQL:104 - 
    select
        user_.userName 
    from
        "Users" user_ 
    where
        user_.userName=?
14:11:57,509 DEBUG SQL:104 - 
    delete 
    from
        "Users_emailAddresses" 
    where
        userName=?
14:11:57,509 DEBUG SQL:104 - 
    delete 
    from
        "Users" 
    where
        userName=?
14:11:57,510  INFO CustomRunner:139 - Test: testValueMap
14:11:57,511 DEBUG SQL:104 - 
    insert 
    into
        "Users"
        (userName) 
    values
        (?)
14:11:57,541 DEBUG SQL:104 - 
    insert 
    into
        "Users_emailAddresses"
        (userName, displayOrder, address) 
    values
        (?, ?, ?)
14:11:57,542 DEBUG SQL:104 - 
    insert 
    into
        "Users_sessionData"
        (userName, "attributeName", "attributeValue") 
    values
        (?, ?, ?)
14:11:57,543 DEBUG SQL:104 - 
    select
        this_.userName as userName7_0_,
        emailaddre2_.userName as userName7_2_,
        emailaddre2_.address as address3_2_,
        emailaddre2_.displayOrder as displayO3_2_ 
    from
        "Users" this_ 
    left outer join
        "Users_emailAddresses" emailaddre2_ 
            on this_.userName=emailaddre2_.userName
14:11:57,544 DEBUG SQL:104 - 
    select
        count("attributeValue") 
    from
        "Users_sessionData" 
    where
        userName =?
14:11:57,544 DEBUG SQL:104 - 
    select
        sessiondat0_.userName as userName7_0_,
        sessiondat0_."attributeValue" as attribut2_6_0_,
        sessiondat0_."attributeName" as attribut3_0_ 
    from
        "Users_sessionData" sessiondat0_ 
    where
        sessiondat0_.userName=? 
    order by
        lower(sessiondat0_."attributeName") asc
14:11:57,545 DEBUG SQL:104 - 
    update
        "Users_sessionData" 
    set
        "attributeValue"=? 
    where
        userName=? 
        and "attributeName"=?
14:11:57,545 DEBUG SQL:104 - 
    update
        "Users_emailAddresses" 
    set
        address=? 
    where
        userName=? 
        and displayOrder=?
14:11:57,578 DEBUG SQL:104 - 
    select
        this_.userName as userName7_0_,
        emailaddre2_.userName as userName7_2_,
        emailaddre2_.address as address3_2_,
        emailaddre2_.displayOrder as displayO3_2_ 
    from
        "Users" this_ 
    left outer join
        "Users_emailAddresses" emailaddre2_ 
            on this_.userName=emailaddre2_.userName
14:11:57,579 DEBUG SQL:104 - 
    select
        count("attributeValue") 
    from
        "Users_sessionData" 
    where
        userName =?
14:11:57,579 DEBUG SQL:104 - 
    select
        "attributeValue" as attribut2_6_ 
    from
        "Users_sessionData" 
    where
        userName =? 
        and "attributeName" =?
14:11:57,594 DEBUG SQL:104 - 
    delete 
    from
        "Users_permissions" 
    where
        userName=?
14:11:57,595 DEBUG SQL:104 - 
    delete 
    from
        "Users_sessionData" 
    where
        userName=?
14:11:57,595 DEBUG SQL:104 - 
    delete 
    from
        "Users_emailAddresses" 
    where
        userName=?
14:11:57,596 DEBUG SQL:104 - 
    delete 
    from
        "Users" 
    where
        userName=?
14:11:57,597  INFO SchemaExport:343 - HHH000227: Running hbm2ddl schema export
14:11:57,598 DEBUG SchemaExport:353 - Import file not found: /import.sql
14:11:57,598 DEBUG SQL:104 - 
    alter table Animal 
        drop constraint FK752A7A1C20DFD851
14:11:57,598 DEBUG SQL:104 - 
    alter table Animal 
        drop constraint FK752A7A1CF75D5417
14:11:57,598 DEBUG SQL:104 - 
    alter table AnimalMammal 
        drop constraint FK7804B69BF64BDDE0
14:11:57,599 DEBUG SQL:104 - 
    alter table "Users_emailAddresses" 
        drop constraint FKD361E29DEB095FA4
14:11:57,599 DEBUG SQL:104 - 
    alter table "Users_permissions" 
        drop constraint FK689D54ADEB095FA4
14:11:57,599 DEBUG SQL:104 - 
    alter table "Users_sessionAttributeNames" 
        drop constraint FK76E8F2BEB095FA4
14:11:57,643 DEBUG SQL:104 - 
    alter table "Users_sessionData" 
        drop constraint FK23AC0B89EB095FA4
14:11:57,644 DEBUG SQL:104 - 
    drop table Animal if exists
14:11:57,644 DEBUG SQL:104 - 
    drop table AnimalMammal if exists
14:11:57,644 DEBUG SQL:104 - 
    drop table Zoo if exists
14:11:57,644 DEBUG SQL:104 - 
    drop table "Users_emailAddresses" if exists
14:11:57,645 DEBUG SQL:104 - 
    drop table "Users_permissions" if exists
14:11:57,645 DEBUG SQL:104 - 
    drop table "Users_sessionAttributeNames" if exists
14:11:57,645 DEBUG SQL:104 - 
    drop table "Users_sessionData" if exists
14:11:57,645 DEBUG SQL:104 - 
    drop table "Users" if exists
14:11:57,646  INFO SchemaExport:405 - HHH000230: Schema export complete
14:11:57,646  INFO DriverManagerConnectionProviderImpl:162 - HHH000030: Cleaning up connection pool [jdbc:h2:mem:db1;DB_CLOSE_DELAY=-1;MVCC=TRUE]
]]></system-out>
  <system-err><![CDATA[]]></system-err>
</testsuite>
