<?xml version="1.0" encoding="UTF-8"?>
<testsuite errors="0" failures="0" hostname="dhcp-10.15.208.168.stl.redhat.com" name="org.hibernate.test.immutable.entitywithmutablecollection.inverse.VersionedEntityWithInverseManyToManyTest" tests="19" time="1.633" timestamp="2013-02-28T20:14:08">
  <properties />
  <testcase classname="org.hibernate.test.immutable.entitywithmutablecollection.inverse.VersionedEntityWithInverseManyToManyTest" name="testAddExistingManyToManyElementToPersistentEntity" time="0.098" />
  <testcase classname="org.hibernate.test.immutable.entitywithmutablecollection.inverse.VersionedEntityWithInverseManyToManyTest" name="testAddNewManyToManyElementToPersistentEntity" time="0.076" />
  <testcase classname="org.hibernate.test.immutable.entitywithmutablecollection.inverse.VersionedEntityWithInverseManyToManyTest" name="testCreateWithEmptyManyToManyCollectionMergeWithExistingElement" time="0.081" />
  <testcase classname="org.hibernate.test.immutable.entitywithmutablecollection.inverse.VersionedEntityWithInverseManyToManyTest" name="testCreateWithEmptyManyToManyCollectionUpdateWithExistingElement" time="0.054" />
  <testcase classname="org.hibernate.test.immutable.entitywithmutablecollection.inverse.VersionedEntityWithInverseManyToManyTest" name="testCreateWithNonEmptyManyToManyCollectionMergeWithNewElement" time="0.101" />
  <testcase classname="org.hibernate.test.immutable.entitywithmutablecollection.inverse.VersionedEntityWithInverseManyToManyTest" name="testCreateWithNonEmptyManyToManyCollectionOfExisting" time="0.055" />
  <testcase classname="org.hibernate.test.immutable.entitywithmutablecollection.inverse.VersionedEntityWithInverseManyToManyTest" name="testCreateWithNonEmptyManyToManyCollectionOfNew" time="0.056" />
  <testcase classname="org.hibernate.test.immutable.entitywithmutablecollection.inverse.VersionedEntityWithInverseManyToManyTest" name="testCreateWithNonEmptyManyToManyCollectionUpdateWithNewElement" time="0.071" />
  <testcase classname="org.hibernate.test.immutable.entitywithmutablecollection.inverse.VersionedEntityWithInverseManyToManyTest" name="testDeleteManyToManyElement" time="0.06" />
  <testcase classname="org.hibernate.test.immutable.entitywithmutablecollection.inverse.VersionedEntityWithInverseManyToManyTest" name="testManyToManyCollectionOptimisticLockingWithMerge" time="0.087" />
  <testcase classname="org.hibernate.test.immutable.entitywithmutablecollection.inverse.VersionedEntityWithInverseManyToManyTest" name="testManyToManyCollectionOptimisticLockingWithUpdate" time="0.109" />
  <testcase classname="org.hibernate.test.immutable.entitywithmutablecollection.inverse.VersionedEntityWithInverseManyToManyTest" name="testMoveManyToManyElementToExistingEntityCollection" time="0.15" />
  <testcase classname="org.hibernate.test.immutable.entitywithmutablecollection.inverse.VersionedEntityWithInverseManyToManyTest" name="testMoveManyToManyElementToNewEntityCollection" time="0.109" />
  <testcase classname="org.hibernate.test.immutable.entitywithmutablecollection.inverse.VersionedEntityWithInverseManyToManyTest" name="testRemoveManyToManyElementByDelete" time="0.049" />
  <testcase classname="org.hibernate.test.immutable.entitywithmutablecollection.inverse.VersionedEntityWithInverseManyToManyTest" name="testRemoveManyToManyElementUsingMerge" time="0.064" />
  <testcase classname="org.hibernate.test.immutable.entitywithmutablecollection.inverse.VersionedEntityWithInverseManyToManyTest" name="testRemoveManyToManyElementUsingMergeBothSides" time="0.103" />
  <testcase classname="org.hibernate.test.immutable.entitywithmutablecollection.inverse.VersionedEntityWithInverseManyToManyTest" name="testRemoveManyToManyElementUsingUpdate" time="0.042" />
  <testcase classname="org.hibernate.test.immutable.entitywithmutablecollection.inverse.VersionedEntityWithInverseManyToManyTest" name="testRemoveManyToManyElementUsingUpdateBothSides" time="0.076" />
  <testcase classname="org.hibernate.test.immutable.entitywithmutablecollection.inverse.VersionedEntityWithInverseManyToManyTest" name="testUpdateProperty" time="0.063" />
  <system-out><![CDATA[14:14:08,739  INFO CustomRunner:132 - BeforeClass: org.hibernate.test.immutable.entitywithmutablecollection.inverse.VersionedEntityWithInverseManyToManyTest
14:14:08,741  INFO Configuration:706 - HHH000221: Reading mappings from resource: org/hibernate/test/immutable/entitywithmutablecollection/inverse/ContractVariationVersioned.hbm.xml
14:14:08,749  INFO DriverManagerConnectionProviderImpl:99 - HHH000402: Using Hibernate built-in connection pool (not for production use!)
14:14:08,750  INFO DriverManagerConnectionProviderImpl:135 - HHH000115: Hibernate connection pool size: 5
14:14:08,750  INFO DriverManagerConnectionProviderImpl:138 - HHH000006: Autocommit mode: false
14:14:08,750  INFO DriverManagerConnectionProviderImpl:153 - HHH000401: using driver [org.h2.Driver] at URL [jdbc:h2:mem:db1;DB_CLOSE_DELAY=-1;MVCC=TRUE]
14:14:08,751  INFO DriverManagerConnectionProviderImpl:158 - HHH000046: Connection properties: {user=sa}
14:14:08,753  INFO Dialect:103 - HHH000400: Using dialect: org.hibernate.dialect.H2Dialect
14:14:08,754  INFO LobCreatorBuilder:94 - HHH000423: Disabling contextual LOB creation as JDBC driver reported JDBC version [3] less than 4
14:14:08,754  INFO TransactionFactoryInitiator:66 - HHH000399: Using default transaction strategy (direct JDBC transactions)
14:14:08,755  INFO ASTQueryTranslatorFactory:48 - HHH000397: Using ASTQueryTranslatorFactory
14:14:08,755  WARN CachingRegionFactory:58 - CachingRegionFactory should be only used for testing.
14:14:08,766  INFO SchemaExport:343 - HHH000227: Running hbm2ddl schema export
14:14:08,767 DEBUG SchemaExport:353 - Import file not found: /import.sql
14:14:08,767 DEBUG SQL:104 - 
    alter table Contract 
        drop constraint FKE20F7532190ADCD1
14:14:08,768 ERROR SchemaExport:425 - HHH000389: Unsuccessful: alter table Contract drop constraint FKE20F7532190ADCD1
14:14:08,768 ERROR SchemaExport:426 - Table "CONTRACT" not found; SQL statement:

    alter table Contract 
        drop constraint FKE20F7532190ADCD1 [42102-145]
14:14:08,768 DEBUG SQL:104 - 
    alter table ContractVariation 
        drop constraint FKB86C05013294E539
14:14:08,768 ERROR SchemaExport:425 - HHH000389: Unsuccessful: alter table ContractVariation drop constraint FKB86C05013294E539
14:14:08,768 ERROR SchemaExport:426 - Table "CONTRACTVARIATION" not found; SQL statement:

    alter table ContractVariation 
        drop constraint FKB86C05013294E539 [42102-145]
14:14:08,768 DEBUG SQL:104 - 
    alter table Info 
        drop constraint FK22D8CEA0A0D346
14:14:08,768 ERROR SchemaExport:425 - HHH000389: Unsuccessful: alter table Info drop constraint FK22D8CEA0A0D346
14:14:08,769 ERROR SchemaExport:426 - Table "INFO" not found; SQL statement:

    alter table Info 
        drop constraint FK22D8CEA0A0D346 [42102-145]
14:14:08,769 DEBUG SQL:104 - 
    alter table Info 
        drop constraint FK22D8CE1F1952D7
14:14:08,769 ERROR SchemaExport:425 - HHH000389: Unsuccessful: alter table Info drop constraint FK22D8CE1F1952D7
14:14:08,769 ERROR SchemaExport:426 - Table "INFO" not found; SQL statement:

    alter table Info 
        drop constraint FK22D8CE1F1952D7 [42102-145]
14:14:08,769 DEBUG SQL:104 - 
    alter table Info 
        drop constraint FK22D8CE3294E539
14:14:08,769 ERROR SchemaExport:425 - HHH000389: Unsuccessful: alter table Info drop constraint FK22D8CE3294E539
14:14:08,770 ERROR SchemaExport:426 - Table "INFO" not found; SQL statement:

    alter table Info 
        drop constraint FK22D8CE3294E539 [42102-145]
14:14:08,770 DEBUG SQL:104 - 
    alter table Info 
        drop constraint FK22D8CEF8244EED
14:14:08,770 ERROR SchemaExport:425 - HHH000389: Unsuccessful: alter table Info drop constraint FK22D8CEF8244EED
14:14:08,770 ERROR SchemaExport:426 - Table "INFO" not found; SQL statement:

    alter table Info 
        drop constraint FK22D8CEF8244EED [42102-145]
14:14:08,770 DEBUG SQL:104 - 
    alter table Party 
        drop constraint FK4952AC63294E539
14:14:08,770 ERROR SchemaExport:425 - HHH000389: Unsuccessful: alter table Party drop constraint FK4952AC63294E539
14:14:08,770 ERROR SchemaExport:426 - Table "PARTY" not found; SQL statement:

    alter table Party 
        drop constraint FK4952AC63294E539 [42102-145]
14:14:08,776 DEBUG SQL:104 - 
    alter table plan_contract 
        drop constraint FKDE1535683294E539
14:14:08,776 ERROR SchemaExport:425 - HHH000389: Unsuccessful: alter table plan_contract drop constraint FKDE1535683294E539
14:14:08,777 ERROR SchemaExport:426 - Table "PLAN_CONTRACT" not found; SQL statement:

    alter table plan_contract 
        drop constraint FKDE1535683294E539 [42102-145]
14:14:08,777 DEBUG SQL:104 - 
    alter table plan_contract 
        drop constraint FKDE153568A0A0D346
14:14:08,777 ERROR SchemaExport:425 - HHH000389: Unsuccessful: alter table plan_contract drop constraint FKDE153568A0A0D346
14:14:08,777 ERROR SchemaExport:426 - Table "PLAN_CONTRACT" not found; SQL statement:

    alter table plan_contract 
        drop constraint FKDE153568A0A0D346 [42102-145]
14:14:08,777 DEBUG SQL:104 - 
    drop table Contract if exists
14:14:08,777 DEBUG SQL:104 - 
    drop table ContractVariation if exists
14:14:08,778 DEBUG SQL:104 - 
    drop table Info if exists
14:14:08,778 DEBUG SQL:104 - 
    drop table Party if exists
14:14:08,778 DEBUG SQL:104 - 
    drop table plan_contract if exists
14:14:08,778 DEBUG SQL:104 - 
    drop table tbl_plan if exists
14:14:08,778 DEBUG SQL:104 - 
    create table Contract (
        id bigint not null,
        VERS bigint not null,
        customerName varchar(255) not null,
        "type" varchar(255) not null,
        parent bigint,
        primary key (id)
    )
14:14:08,787 DEBUG SQL:104 - 
    create table ContractVariation (
        id integer not null,
        text longvarchar,
        contract bigint,
        primary key (id)
    )
14:14:08,787 DEBUG SQL:104 - 
    create table Info (
        id bigint not null,
        VERS bigint not null,
        text varchar(255),
        col_plan bigint,
        party bigint,
        contract bigint,
        contractvariation integer,
        primary key (id)
    )
14:14:08,787 DEBUG SQL:104 - 
    create table Party (
        id bigint not null,
        VERS bigint not null,
        contract bigint,
        name varchar(255) not null,
        primary key (id)
    )
14:14:08,798 DEBUG SQL:104 - 
    create table plan_contract (
        col_plan bigint not null,
        contract bigint not null,
        primary key (contract, col_plan)
    )
14:14:08,799 DEBUG SQL:104 - 
    create table tbl_plan (
        id bigint not null,
        VERS bigint not null,
        description varchar(255) not null,
        primary key (id)
    )
14:14:08,799 DEBUG SQL:104 - 
    alter table Contract 
        add constraint FKE20F7532190ADCD1 
        foreign key (parent) 
        references Contract
14:14:08,800 DEBUG SQL:104 - 
    alter table ContractVariation 
        add constraint FKB86C05013294E539 
        foreign key (contract) 
        references Contract
14:14:08,800 DEBUG SQL:104 - 
    alter table Info 
        add constraint FK22D8CEA0A0D346 
        foreign key (col_plan) 
        references tbl_plan
14:14:08,801 DEBUG SQL:104 - 
    alter table Info 
        add constraint FK22D8CE1F1952D7 
        foreign key (party) 
        references Party
14:14:08,801 DEBUG SQL:104 - 
    alter table Info 
        add constraint FK22D8CE3294E539 
        foreign key (contract) 
        references Contract
14:14:08,802 DEBUG SQL:104 - 
    alter table Info 
        add constraint FK22D8CEF8244EED 
        foreign key (contractvariation) 
        references ContractVariation
14:14:08,802 DEBUG SQL:104 - 
    alter table Party 
        add constraint FK4952AC63294E539 
        foreign key (contract) 
        references Contract
14:14:08,803 DEBUG SQL:104 - 
    alter table plan_contract 
        add constraint FKDE1535683294E539 
        foreign key (contract) 
        references Contract
14:14:08,803 DEBUG SQL:104 - 
    alter table plan_contract 
        add constraint FKDE153568A0A0D346 
        foreign key (col_plan) 
        references tbl_plan
14:14:08,814  INFO SchemaExport:405 - HHH000230: Schema export complete
14:14:08,815  WARN SessionFactoryImpl:1554 - HHH000008: JTASessionContext being used with JDBCTransactionFactory; auto-flush will not operate correctly with getCurrentSession()
14:14:08,815  INFO CustomRunner:139 - Test: testAddExistingManyToManyElementToPersistentEntity
14:14:08,816 DEBUG SQL:104 - 
    select
        max(id) 
    from
        tbl_plan
14:14:08,817 DEBUG SQL:104 - 
    select
        max(id) 
    from
        Contract
14:14:08,817 DEBUG SQL:104 - 
    insert 
    into
        tbl_plan
        (VERS, description, id) 
    values
        (?, ?, ?)
14:14:08,818 DEBUG SQL:104 - 
    insert 
    into
        Contract
        (VERS, customerName, "type", parent, id) 
    values
        (?, ?, ?, ?, ?)
14:14:08,818 DEBUG SQL:104 - 
    select
        plan0_.id as id5_4_,
        plan0_.VERS as VERS5_4_,
        plan0_.description as descript3_5_4_,
        contracts1_.col_plan as col1_5_6_,
        contract2_.id as contract4_6_,
        contract2_.id as id0_0_,
        contract2_.VERS as VERS0_0_,
        contract2_.customerName as customer3_0_0_,
        contract2_."type" as type4_0_0_,
        contract2_.parent as parent0_0_,
        variations3_.contract as contract0_7_,
        variations3_.id as id1_7_,
        variations3_.id as id1_1_,
        variations3_.text as text1_1_,
        variations3_.contract as contract1_1_,
        subcontrac4_.parent as parent0_8_,
        subcontrac4_.id as id0_8_,
        subcontrac4_.id as id0_2_,
        subcontrac4_.VERS as VERS0_2_,
        subcontrac4_.customerName as customer3_0_2_,
        subcontrac4_."type" as type4_0_2_,
        subcontrac4_.parent as parent0_2_,
        parties5_.contract as contract0_9_,
        parties5_.id as id3_9_,
        parties5_.id as id3_3_,
        parties5_.VERS as VERS3_3_,
        parties5_.contract as contract3_3_,
        parties5_.name as name3_3_ 
    from
        tbl_plan plan0_ 
    left outer join
        plan_contract contracts1_ 
            on plan0_.id=contracts1_.col_plan 
    left outer join
        Contract contract2_ 
            on contracts1_.contract=contract2_.id 
    left outer join
        ContractVariation variations3_ 
            on contract2_.id=variations3_.contract 
    left outer join
        Contract subcontrac4_ 
            on contract2_.id=subcontrac4_.parent 
    left outer join
        Party parties5_ 
            on subcontrac4_.id=parties5_.contract 
    where
        plan0_.id=? 
    order by
        variations3_.id asc
14:14:08,848 DEBUG SQL:104 - 
    select
        contract0_.id as id0_3_,
        contract0_.VERS as VERS0_3_,
        contract0_.customerName as customer3_0_3_,
        contract0_."type" as type4_0_3_,
        contract0_.parent as parent0_3_,
        variations1_.contract as contract0_5_,
        variations1_.id as id1_5_,
        variations1_.id as id1_0_,
        variations1_.text as text1_0_,
        variations1_.contract as contract1_0_,
        subcontrac2_.parent as parent0_6_,
        subcontrac2_.id as id0_6_,
        subcontrac2_.id as id0_1_,
        subcontrac2_.VERS as VERS0_1_,
        subcontrac2_.customerName as customer3_0_1_,
        subcontrac2_."type" as type4_0_1_,
        subcontrac2_.parent as parent0_1_,
        parties3_.contract as contract0_7_,
        parties3_.id as id3_7_,
        parties3_.id as id3_2_,
        parties3_.VERS as VERS3_2_,
        parties3_.contract as contract3_2_,
        parties3_.name as name3_2_ 
    from
        Contract contract0_ 
    left outer join
        ContractVariation variations1_ 
            on contract0_.id=variations1_.contract 
    left outer join
        Contract subcontrac2_ 
            on contract0_.id=subcontrac2_.parent 
    left outer join
        Party parties3_ 
            on subcontrac2_.id=parties3_.contract 
    where
        contract0_.id=? 
    order by
        variations1_.id asc
14:14:08,860 DEBUG SQL:104 - 
    select
        plans0_.contract as contract0_1_,
        plans0_.col_plan as col1_4_1_,
        plan1_.id as id5_0_,
        plan1_.VERS as VERS5_0_,
        plan1_.description as descript3_5_0_ 
    from
        plan_contract plans0_ 
    inner join
        tbl_plan plan1_ 
            on plans0_.col_plan=plan1_.id 
    where
        plans0_.contract=?
14:14:08,860 DEBUG SQL:104 - 
    update
        tbl_plan 
    set
        VERS=? 
    where
        id=? 
        and VERS=?
14:14:08,870 DEBUG SQL:104 - 
    update
        Contract 
    set
        VERS=? 
    where
        id=? 
        and VERS=?
14:14:08,871 DEBUG SQL:104 - 
    insert 
    into
        plan_contract
        (contract, col_plan) 
    values
        (?, ?)
14:14:08,872 DEBUG SQL:104 - 
    select
        this_.id as id5_4_,
        this_.VERS as VERS5_4_,
        this_.description as descript3_5_4_,
        contracts2_.col_plan as col1_5_6_,
        contract3_.id as contract4_6_,
        contract3_.id as id0_0_,
        contract3_.VERS as VERS0_0_,
        contract3_.customerName as customer3_0_0_,
        contract3_."type" as type4_0_0_,
        contract3_.parent as parent0_0_,
        variations4_.contract as contract0_7_,
        variations4_.id as id1_7_,
        variations4_.id as id1_1_,
        variations4_.text as text1_1_,
        variations4_.contract as contract1_1_,
        subcontrac5_.parent as parent0_8_,
        subcontrac5_.id as id0_8_,
        subcontrac5_.id as id0_2_,
        subcontrac5_.VERS as VERS0_2_,
        subcontrac5_.customerName as customer3_0_2_,
        subcontrac5_."type" as type4_0_2_,
        subcontrac5_.parent as parent0_2_,
        parties6_.contract as contract0_9_,
        parties6_.id as id3_9_,
        parties6_.id as id3_3_,
        parties6_.VERS as VERS3_3_,
        parties6_.contract as contract3_3_,
        parties6_.name as name3_3_ 
    from
        tbl_plan this_ 
    left outer join
        plan_contract contracts2_ 
            on this_.id=contracts2_.col_plan 
    left outer join
        Contract contract3_ 
            on contracts2_.contract=contract3_.id 
    left outer join
        ContractVariation variations4_ 
            on contract3_.id=variations4_.contract 
    left outer join
        Contract subcontrac5_ 
            on contract3_.id=subcontrac5_.parent 
    left outer join
        Party parties6_ 
            on subcontrac5_.id=parties6_.contract 
    order by
        variations4_.id asc
14:14:08,891 DEBUG SQL:104 - 
    select
        plans0_.contract as contract0_1_,
        plans0_.col_plan as col1_4_1_,
        plan1_.id as id5_0_,
        plan1_.VERS as VERS5_0_,
        plan1_.description as descript3_5_0_ 
    from
        plan_contract plans0_ 
    inner join
        tbl_plan plan1_ 
            on plans0_.col_plan=plan1_.id 
    where
        plans0_.contract=?
14:14:08,892 DEBUG SQL:104 - 
    select
        parties0_.contract as contract0_1_,
        parties0_.id as id3_1_,
        parties0_.id as id3_0_,
        parties0_.VERS as VERS3_0_,
        parties0_.contract as contract3_0_,
        parties0_.name as name3_0_ 
    from
        Party parties0_ 
    where
        parties0_.contract=?
14:14:08,902 DEBUG SQL:104 - 
    select
        infos0_.contract as contract0_1_,
        infos0_.id as id2_1_,
        infos0_.id as id2_0_,
        infos0_.VERS as VERS2_0_,
        infos0_.text as text2_0_ 
    from
        Info infos0_ 
    where
        infos0_.contract=?
14:14:08,902 DEBUG SQL:104 - 
    select
        infos0_.col_plan as col4_5_1_,
        infos0_.id as id2_1_,
        infos0_.id as id2_0_,
        infos0_.VERS as VERS2_0_,
        infos0_.text as text2_0_ 
    from
        Info infos0_ 
    where
        infos0_.col_plan=?
14:14:08,905 DEBUG SQL:104 - 
    delete 
    from
        plan_contract 
    where
        contract=?
14:14:08,911 DEBUG SQL:104 - 
    delete 
    from
        Contract 
    where
        id=? 
        and VERS=?
14:14:08,912 DEBUG SQL:104 - 
    delete 
    from
        tbl_plan 
    where
        id=? 
        and VERS=?
14:14:08,912 DEBUG SQL:104 - 
    select
        count(*) as y0_ 
    from
        tbl_plan this_
14:14:08,913 DEBUG SQL:104 - 
    select
        count(*) as y0_ 
    from
        Contract this_
14:14:08,913  INFO CustomRunner:139 - Test: testAddNewManyToManyElementToPersistentEntity
14:14:08,934 DEBUG SQL:104 - 
    insert 
    into
        tbl_plan
        (VERS, description, id) 
    values
        (?, ?, ?)
14:14:08,937 DEBUG SQL:104 - 
    select
        plan0_.id as id5_4_,
        plan0_.VERS as VERS5_4_,
        plan0_.description as descript3_5_4_,
        contracts1_.col_plan as col1_5_6_,
        contract2_.id as contract4_6_,
        contract2_.id as id0_0_,
        contract2_.VERS as VERS0_0_,
        contract2_.customerName as customer3_0_0_,
        contract2_."type" as type4_0_0_,
        contract2_.parent as parent0_0_,
        variations3_.contract as contract0_7_,
        variations3_.id as id1_7_,
        variations3_.id as id1_1_,
        variations3_.text as text1_1_,
        variations3_.contract as contract1_1_,
        subcontrac4_.parent as parent0_8_,
        subcontrac4_.id as id0_8_,
        subcontrac4_.id as id0_2_,
        subcontrac4_.VERS as VERS0_2_,
        subcontrac4_.customerName as customer3_0_2_,
        subcontrac4_."type" as type4_0_2_,
        subcontrac4_.parent as parent0_2_,
        parties5_.contract as contract0_9_,
        parties5_.id as id3_9_,
        parties5_.id as id3_3_,
        parties5_.VERS as VERS3_3_,
        parties5_.contract as contract3_3_,
        parties5_.name as name3_3_ 
    from
        tbl_plan plan0_ 
    left outer join
        plan_contract contracts1_ 
            on plan0_.id=contracts1_.col_plan 
    left outer join
        Contract contract2_ 
            on contracts1_.contract=contract2_.id 
    left outer join
        ContractVariation variations3_ 
            on contract2_.id=variations3_.contract 
    left outer join
        Contract subcontrac4_ 
            on contract2_.id=subcontrac4_.parent 
    left outer join
        Party parties5_ 
            on subcontrac4_.id=parties5_.contract 
    where
        plan0_.id=? 
    order by
        variations3_.id asc
14:14:08,943 DEBUG SQL:104 - 
    insert 
    into
        Contract
        (VERS, customerName, "type", parent, id) 
    values
        (?, ?, ?, ?, ?)
14:14:08,944 DEBUG SQL:104 - 
    update
        tbl_plan 
    set
        VERS=? 
    where
        id=? 
        and VERS=?
14:14:08,944 DEBUG SQL:104 - 
    insert 
    into
        plan_contract
        (contract, col_plan) 
    values
        (?, ?)
14:14:08,945 DEBUG SQL:104 - 
    select
        this_.id as id5_4_,
        this_.VERS as VERS5_4_,
        this_.description as descript3_5_4_,
        contracts2_.col_plan as col1_5_6_,
        contract3_.id as contract4_6_,
        contract3_.id as id0_0_,
        contract3_.VERS as VERS0_0_,
        contract3_.customerName as customer3_0_0_,
        contract3_."type" as type4_0_0_,
        contract3_.parent as parent0_0_,
        variations4_.contract as contract0_7_,
        variations4_.id as id1_7_,
        variations4_.id as id1_1_,
        variations4_.text as text1_1_,
        variations4_.contract as contract1_1_,
        subcontrac5_.parent as parent0_8_,
        subcontrac5_.id as id0_8_,
        subcontrac5_.id as id0_2_,
        subcontrac5_.VERS as VERS0_2_,
        subcontrac5_.customerName as customer3_0_2_,
        subcontrac5_."type" as type4_0_2_,
        subcontrac5_.parent as parent0_2_,
        parties6_.contract as contract0_9_,
        parties6_.id as id3_9_,
        parties6_.id as id3_3_,
        parties6_.VERS as VERS3_3_,
        parties6_.contract as contract3_3_,
        parties6_.name as name3_3_ 
    from
        tbl_plan this_ 
    left outer join
        plan_contract contracts2_ 
            on this_.id=contracts2_.col_plan 
    left outer join
        Contract contract3_ 
            on contracts2_.contract=contract3_.id 
    left outer join
        ContractVariation variations4_ 
            on contract3_.id=variations4_.contract 
    left outer join
        Contract subcontrac5_ 
            on contract3_.id=subcontrac5_.parent 
    left outer join
        Party parties6_ 
            on subcontrac5_.id=parties6_.contract 
    order by
        variations4_.id asc
14:14:08,955 DEBUG SQL:104 - 
    select
        plans0_.contract as contract0_1_,
        plans0_.col_plan as col1_4_1_,
        plan1_.id as id5_0_,
        plan1_.VERS as VERS5_0_,
        plan1_.description as descript3_5_0_ 
    from
        plan_contract plans0_ 
    inner join
        tbl_plan plan1_ 
            on plans0_.col_plan=plan1_.id 
    where
        plans0_.contract=?
14:14:08,971 DEBUG SQL:104 - 
    select
        parties0_.contract as contract0_1_,
        parties0_.id as id3_1_,
        parties0_.id as id3_0_,
        parties0_.VERS as VERS3_0_,
        parties0_.contract as contract3_0_,
        parties0_.name as name3_0_ 
    from
        Party parties0_ 
    where
        parties0_.contract=?
14:14:08,972 DEBUG SQL:104 - 
    select
        infos0_.contract as contract0_1_,
        infos0_.id as id2_1_,
        infos0_.id as id2_0_,
        infos0_.VERS as VERS2_0_,
        infos0_.text as text2_0_ 
    from
        Info infos0_ 
    where
        infos0_.contract=?
14:14:08,972 DEBUG SQL:104 - 
    select
        infos0_.col_plan as col4_5_1_,
        infos0_.id as id2_1_,
        infos0_.id as id2_0_,
        infos0_.VERS as VERS2_0_,
        infos0_.text as text2_0_ 
    from
        Info infos0_ 
    where
        infos0_.col_plan=?
14:14:08,979 DEBUG SQL:104 - 
    delete 
    from
        plan_contract 
    where
        contract=?
14:14:08,979 DEBUG SQL:104 - 
    delete 
    from
        Contract 
    where
        id=? 
        and VERS=?
14:14:08,989 DEBUG SQL:104 - 
    delete 
    from
        tbl_plan 
    where
        id=? 
        and VERS=?
14:14:08,989 DEBUG SQL:104 - 
    select
        count(*) as y0_ 
    from
        Contract this_
14:14:08,990 DEBUG SQL:104 - 
    select
        count(*) as y0_ 
    from
        tbl_plan this_
14:14:08,991  INFO CustomRunner:139 - Test: testCreateWithEmptyManyToManyCollectionMergeWithExistingElement
14:14:08,992 DEBUG SQL:104 - 
    insert 
    into
        tbl_plan
        (VERS, description, id) 
    values
        (?, ?, ?)
14:14:09,003 DEBUG SQL:104 - 
    insert 
    into
        Contract
        (VERS, customerName, "type", parent, id) 
    values
        (?, ?, ?, ?, ?)
14:14:09,005 DEBUG SQL:104 - 
    select
        plan0_.id as id5_1_,
        plan0_.VERS as VERS5_1_,
        plan0_.description as descript3_5_1_,
        contracts1_.col_plan as col1_5_3_,
        contract2_.id as contract4_3_,
        contract2_.id as id0_0_,
        contract2_.VERS as VERS0_0_,
        contract2_.customerName as customer3_0_0_,
        contract2_."type" as type4_0_0_,
        contract2_.parent as parent0_0_ 
    from
        tbl_plan plan0_ 
    left outer join
        plan_contract contracts1_ 
            on plan0_.id=contracts1_.col_plan 
    left outer join
        Contract contract2_ 
            on contracts1_.contract=contract2_.id 
    where
        plan0_.id=?
14:14:09,016 DEBUG SQL:104 - 
    select
        contract0_.id as id0_1_,
        contract0_.VERS as VERS0_1_,
        contract0_.customerName as customer3_0_1_,
        contract0_."type" as type4_0_1_,
        contract0_.parent as parent0_1_,
        variations1_.contract as contract0_3_,
        variations1_.id as id1_3_,
        variations1_.id as id1_0_,
        variations1_.text as text1_0_,
        variations1_.contract as contract1_0_ 
    from
        Contract contract0_ 
    left outer join
        ContractVariation variations1_ 
            on contract0_.id=variations1_.contract 
    where
        contract0_.id=? 
    order by
        variations1_.id asc
14:14:09,017 DEBUG SQL:104 - 
    select
        plans0_.contract as contract0_1_,
        plans0_.col_plan as col1_4_1_,
        plan1_.id as id5_0_,
        plan1_.VERS as VERS5_0_,
        plan1_.description as descript3_5_0_ 
    from
        plan_contract plans0_ 
    inner join
        tbl_plan plan1_ 
            on plans0_.col_plan=plan1_.id 
    where
        plans0_.contract=?
14:14:09,025 DEBUG SQL:104 - 
    select
        infos0_.contract as contract0_1_,
        infos0_.id as id2_1_,
        infos0_.id as id2_0_,
        infos0_.VERS as VERS2_0_,
        infos0_.text as text2_0_ 
    from
        Info infos0_ 
    where
        infos0_.contract=?
14:14:09,026 DEBUG SQL:104 - 
    select
        infos0_.col_plan as col4_5_1_,
        infos0_.id as id2_1_,
        infos0_.id as id2_0_,
        infos0_.VERS as VERS2_0_,
        infos0_.text as text2_0_ 
    from
        Info infos0_ 
    where
        infos0_.col_plan=?
14:14:09,026 DEBUG SQL:104 - 
    update
        tbl_plan 
    set
        VERS=? 
    where
        id=? 
        and VERS=?
14:14:09,035 DEBUG SQL:104 - 
    update
        Contract 
    set
        VERS=? 
    where
        id=? 
        and VERS=?
14:14:09,036 DEBUG SQL:104 - 
    insert 
    into
        plan_contract
        (contract, col_plan) 
    values
        (?, ?)
14:14:09,037 DEBUG SQL:104 - 
    select
        this_.id as id5_4_,
        this_.VERS as VERS5_4_,
        this_.description as descript3_5_4_,
        contracts2_.col_plan as col1_5_6_,
        contract3_.id as contract4_6_,
        contract3_.id as id0_0_,
        contract3_.VERS as VERS0_0_,
        contract3_.customerName as customer3_0_0_,
        contract3_."type" as type4_0_0_,
        contract3_.parent as parent0_0_,
        variations4_.contract as contract0_7_,
        variations4_.id as id1_7_,
        variations4_.id as id1_1_,
        variations4_.text as text1_1_,
        variations4_.contract as contract1_1_,
        subcontrac5_.parent as parent0_8_,
        subcontrac5_.id as id0_8_,
        subcontrac5_.id as id0_2_,
        subcontrac5_.VERS as VERS0_2_,
        subcontrac5_.customerName as customer3_0_2_,
        subcontrac5_."type" as type4_0_2_,
        subcontrac5_.parent as parent0_2_,
        parties6_.contract as contract0_9_,
        parties6_.id as id3_9_,
        parties6_.id as id3_3_,
        parties6_.VERS as VERS3_3_,
        parties6_.contract as contract3_3_,
        parties6_.name as name3_3_ 
    from
        tbl_plan this_ 
    left outer join
        plan_contract contracts2_ 
            on this_.id=contracts2_.col_plan 
    left outer join
        Contract contract3_ 
            on contracts2_.contract=contract3_.id 
    left outer join
        ContractVariation variations4_ 
            on contract3_.id=variations4_.contract 
    left outer join
        Contract subcontrac5_ 
            on contract3_.id=subcontrac5_.parent 
    left outer join
        Party parties6_ 
            on subcontrac5_.id=parties6_.contract 
    order by
        variations4_.id asc
14:14:09,057 DEBUG SQL:104 - 
    select
        plans0_.contract as contract0_1_,
        plans0_.col_plan as col1_4_1_,
        plan1_.id as id5_0_,
        plan1_.VERS as VERS5_0_,
        plan1_.description as descript3_5_0_ 
    from
        plan_contract plans0_ 
    inner join
        tbl_plan plan1_ 
            on plans0_.col_plan=plan1_.id 
    where
        plans0_.contract=?
14:14:09,058 DEBUG SQL:104 - 
    select
        parties0_.contract as contract0_1_,
        parties0_.id as id3_1_,
        parties0_.id as id3_0_,
        parties0_.VERS as VERS3_0_,
        parties0_.contract as contract3_0_,
        parties0_.name as name3_0_ 
    from
        Party parties0_ 
    where
        parties0_.contract=?
14:14:09,058 DEBUG SQL:104 - 
    select
        infos0_.contract as contract0_1_,
        infos0_.id as id2_1_,
        infos0_.id as id2_0_,
        infos0_.VERS as VERS2_0_,
        infos0_.text as text2_0_ 
    from
        Info infos0_ 
    where
        infos0_.contract=?
14:14:09,059 DEBUG SQL:104 - 
    select
        infos0_.col_plan as col4_5_1_,
        infos0_.id as id2_1_,
        infos0_.id as id2_0_,
        infos0_.VERS as VERS2_0_,
        infos0_.text as text2_0_ 
    from
        Info infos0_ 
    where
        infos0_.col_plan=?
14:14:09,059 DEBUG SQL:104 - 
    delete 
    from
        plan_contract 
    where
        contract=?
14:14:09,070 DEBUG SQL:104 - 
    delete 
    from
        Contract 
    where
        id=? 
        and VERS=?
14:14:09,071 DEBUG SQL:104 - 
    delete 
    from
        tbl_plan 
    where
        id=? 
        and VERS=?
14:14:09,071 DEBUG SQL:104 - 
    select
        count(*) as y0_ 
    from
        tbl_plan this_
14:14:09,071 DEBUG SQL:104 - 
    select
        count(*) as y0_ 
    from
        Contract this_
14:14:09,072  INFO CustomRunner:139 - Test: testCreateWithEmptyManyToManyCollectionUpdateWithExistingElement
14:14:09,085 DEBUG SQL:104 - 
    insert 
    into
        tbl_plan
        (VERS, description, id) 
    values
        (?, ?, ?)
14:14:09,085 DEBUG SQL:104 - 
    insert 
    into
        Contract
        (VERS, customerName, "type", parent, id) 
    values
        (?, ?, ?, ?, ?)
14:14:09,086 DEBUG SQL:104 - 
    update
        tbl_plan 
    set
        VERS=? 
    where
        id=? 
        and VERS=?
14:14:09,086 DEBUG SQL:104 - 
    update
        Contract 
    set
        VERS=? 
    where
        id=? 
        and VERS=?
14:14:09,094 DEBUG SQL:104 - 
    insert 
    into
        plan_contract
        (contract, col_plan) 
    values
        (?, ?)
14:14:09,095 DEBUG SQL:104 - 
    select
        this_.id as id5_4_,
        this_.VERS as VERS5_4_,
        this_.description as descript3_5_4_,
        contracts2_.col_plan as col1_5_6_,
        contract3_.id as contract4_6_,
        contract3_.id as id0_0_,
        contract3_.VERS as VERS0_0_,
        contract3_.customerName as customer3_0_0_,
        contract3_."type" as type4_0_0_,
        contract3_.parent as parent0_0_,
        variations4_.contract as contract0_7_,
        variations4_.id as id1_7_,
        variations4_.id as id1_1_,
        variations4_.text as text1_1_,
        variations4_.contract as contract1_1_,
        subcontrac5_.parent as parent0_8_,
        subcontrac5_.id as id0_8_,
        subcontrac5_.id as id0_2_,
        subcontrac5_.VERS as VERS0_2_,
        subcontrac5_.customerName as customer3_0_2_,
        subcontrac5_."type" as type4_0_2_,
        subcontrac5_.parent as parent0_2_,
        parties6_.contract as contract0_9_,
        parties6_.id as id3_9_,
        parties6_.id as id3_3_,
        parties6_.VERS as VERS3_3_,
        parties6_.contract as contract3_3_,
        parties6_.name as name3_3_ 
    from
        tbl_plan this_ 
    left outer join
        plan_contract contracts2_ 
            on this_.id=contracts2_.col_plan 
    left outer join
        Contract contract3_ 
            on contracts2_.contract=contract3_.id 
    left outer join
        ContractVariation variations4_ 
            on contract3_.id=variations4_.contract 
    left outer join
        Contract subcontrac5_ 
            on contract3_.id=subcontrac5_.parent 
    left outer join
        Party parties6_ 
            on subcontrac5_.id=parties6_.contract 
    order by
        variations4_.id asc
14:14:09,116 DEBUG SQL:104 - 
    select
        plans0_.contract as contract0_1_,
        plans0_.col_plan as col1_4_1_,
        plan1_.id as id5_0_,
        plan1_.VERS as VERS5_0_,
        plan1_.description as descript3_5_0_ 
    from
        plan_contract plans0_ 
    inner join
        tbl_plan plan1_ 
            on plans0_.col_plan=plan1_.id 
    where
        plans0_.contract=?
14:14:09,117 DEBUG SQL:104 - 
    select
        parties0_.contract as contract0_1_,
        parties0_.id as id3_1_,
        parties0_.id as id3_0_,
        parties0_.VERS as VERS3_0_,
        parties0_.contract as contract3_0_,
        parties0_.name as name3_0_ 
    from
        Party parties0_ 
    where
        parties0_.contract=?
14:14:09,125 DEBUG SQL:104 - 
    select
        infos0_.contract as contract0_1_,
        infos0_.id as id2_1_,
        infos0_.id as id2_0_,
        infos0_.VERS as VERS2_0_,
        infos0_.text as text2_0_ 
    from
        Info infos0_ 
    where
        infos0_.contract=?
14:14:09,126 DEBUG SQL:104 - 
    select
        infos0_.col_plan as col4_5_1_,
        infos0_.id as id2_1_,
        infos0_.id as id2_0_,
        infos0_.VERS as VERS2_0_,
        infos0_.text as text2_0_ 
    from
        Info infos0_ 
    where
        infos0_.col_plan=?
14:14:09,127 DEBUG SQL:104 - 
    delete 
    from
        plan_contract 
    where
        contract=?
14:14:09,137 DEBUG SQL:104 - 
    delete 
    from
        Contract 
    where
        id=? 
        and VERS=?
14:14:09,137 DEBUG SQL:104 - 
    delete 
    from
        tbl_plan 
    where
        id=? 
        and VERS=?
14:14:09,137 DEBUG SQL:104 - 
    select
        count(*) as y0_ 
    from
        Contract this_
14:14:09,138 DEBUG SQL:104 - 
    select
        count(*) as y0_ 
    from
        tbl_plan this_
14:14:09,150  INFO CustomRunner:139 - Test: testCreateWithNonEmptyManyToManyCollectionMergeWithNewElement
14:14:09,152 DEBUG SQL:104 - 
    insert 
    into
        tbl_plan
        (VERS, description, id) 
    values
        (?, ?, ?)
14:14:09,152 DEBUG SQL:104 - 
    insert 
    into
        Contract
        (VERS, customerName, "type", parent, id) 
    values
        (?, ?, ?, ?, ?)
14:14:09,153 DEBUG SQL:104 - 
    insert 
    into
        plan_contract
        (contract, col_plan) 
    values
        (?, ?)
14:14:09,153 DEBUG SQL:104 - 
    select
        plan0_.id as id5_1_,
        plan0_.VERS as VERS5_1_,
        plan0_.description as descript3_5_1_,
        contracts1_.col_plan as col1_5_3_,
        contract2_.id as contract4_3_,
        contract2_.id as id0_0_,
        contract2_.VERS as VERS0_0_,
        contract2_.customerName as customer3_0_0_,
        contract2_."type" as type4_0_0_,
        contract2_.parent as parent0_0_ 
    from
        tbl_plan plan0_ 
    left outer join
        plan_contract contracts1_ 
            on plan0_.id=contracts1_.col_plan 
    left outer join
        Contract contract2_ 
            on contracts1_.contract=contract2_.id 
    where
        plan0_.id=?
14:14:09,162 DEBUG SQL:104 - 
    select
        variations0_.contract as contract0_1_,
        variations0_.id as id1_1_,
        variations0_.id as id1_0_,
        variations0_.text as text1_0_,
        variations0_.contract as contract1_0_ 
    from
        ContractVariation variations0_ 
    where
        variations0_.contract=? 
    order by
        variations0_.id asc
14:14:09,163 DEBUG SQL:104 - 
    select
        plans0_.contract as contract0_1_,
        plans0_.col_plan as col1_4_1_,
        plan1_.id as id5_0_,
        plan1_.VERS as VERS5_0_,
        plan1_.description as descript3_5_0_ 
    from
        plan_contract plans0_ 
    inner join
        tbl_plan plan1_ 
            on plans0_.col_plan=plan1_.id 
    where
        plans0_.contract=?
14:14:09,171 DEBUG SQL:104 - 
    select
        infos0_.contract as contract0_1_,
        infos0_.id as id2_1_,
        infos0_.id as id2_0_,
        infos0_.VERS as VERS2_0_,
        infos0_.text as text2_0_ 
    from
        Info infos0_ 
    where
        infos0_.contract=?
14:14:09,172 DEBUG SQL:104 - 
    select
        infos0_.col_plan as col4_5_1_,
        infos0_.id as id2_1_,
        infos0_.id as id2_0_,
        infos0_.VERS as VERS2_0_,
        infos0_.text as text2_0_ 
    from
        Info infos0_ 
    where
        infos0_.col_plan=?
14:14:09,181 DEBUG SQL:104 - 
    insert 
    into
        Contract
        (VERS, customerName, "type", parent, id) 
    values
        (?, ?, ?, ?, ?)
14:14:09,182 DEBUG SQL:104 - 
    update
        tbl_plan 
    set
        VERS=? 
    where
        id=? 
        and VERS=?
14:14:09,182 DEBUG SQL:104 - 
    update
        Contract 
    set
        VERS=? 
    where
        id=? 
        and VERS=?
14:14:09,182 DEBUG SQL:104 - 
    insert 
    into
        plan_contract
        (contract, col_plan) 
    values
        (?, ?)
14:14:09,183 DEBUG SQL:104 - 
    select
        this_.id as id5_4_,
        this_.VERS as VERS5_4_,
        this_.description as descript3_5_4_,
        contracts2_.col_plan as col1_5_6_,
        contract3_.id as contract4_6_,
        contract3_.id as id0_0_,
        contract3_.VERS as VERS0_0_,
        contract3_.customerName as customer3_0_0_,
        contract3_."type" as type4_0_0_,
        contract3_.parent as parent0_0_,
        variations4_.contract as contract0_7_,
        variations4_.id as id1_7_,
        variations4_.id as id1_1_,
        variations4_.text as text1_1_,
        variations4_.contract as contract1_1_,
        subcontrac5_.parent as parent0_8_,
        subcontrac5_.id as id0_8_,
        subcontrac5_.id as id0_2_,
        subcontrac5_.VERS as VERS0_2_,
        subcontrac5_.customerName as customer3_0_2_,
        subcontrac5_."type" as type4_0_2_,
        subcontrac5_.parent as parent0_2_,
        parties6_.contract as contract0_9_,
        parties6_.id as id3_9_,
        parties6_.id as id3_3_,
        parties6_.VERS as VERS3_3_,
        parties6_.contract as contract3_3_,
        parties6_.name as name3_3_ 
    from
        tbl_plan this_ 
    left outer join
        plan_contract contracts2_ 
            on this_.id=contracts2_.col_plan 
    left outer join
        Contract contract3_ 
            on contracts2_.contract=contract3_.id 
    left outer join
        ContractVariation variations4_ 
            on contract3_.id=variations4_.contract 
    left outer join
        Contract subcontrac5_ 
            on contract3_.id=subcontrac5_.parent 
    left outer join
        Party parties6_ 
            on subcontrac5_.id=parties6_.contract 
    order by
        variations4_.id asc
14:14:09,197 DEBUG SQL:104 - 
    select
        plans0_.contract as contract0_1_,
        plans0_.col_plan as col1_4_1_,
        plan1_.id as id5_0_,
        plan1_.VERS as VERS5_0_,
        plan1_.description as descript3_5_0_ 
    from
        plan_contract plans0_ 
    inner join
        tbl_plan plan1_ 
            on plans0_.col_plan=plan1_.id 
    where
        plans0_.contract=?
14:14:09,211 DEBUG SQL:104 - 
    select
        plans0_.contract as contract0_1_,
        plans0_.col_plan as col1_4_1_,
        plan1_.id as id5_0_,
        plan1_.VERS as VERS5_0_,
        plan1_.description as descript3_5_0_ 
    from
        plan_contract plans0_ 
    inner join
        tbl_plan plan1_ 
            on plans0_.col_plan=plan1_.id 
    where
        plans0_.contract=?
14:14:09,211 DEBUG SQL:104 - 
    select
        parties0_.contract as contract0_1_,
        parties0_.id as id3_1_,
        parties0_.id as id3_0_,
        parties0_.VERS as VERS3_0_,
        parties0_.contract as contract3_0_,
        parties0_.name as name3_0_ 
    from
        Party parties0_ 
    where
        parties0_.contract=?
14:14:09,219 DEBUG SQL:104 - 
    select
        infos0_.contract as contract0_1_,
        infos0_.id as id2_1_,
        infos0_.id as id2_0_,
        infos0_.VERS as VERS2_0_,
        infos0_.text as text2_0_ 
    from
        Info infos0_ 
    where
        infos0_.contract=?
14:14:09,219 DEBUG SQL:104 - 
    select
        parties0_.contract as contract0_1_,
        parties0_.id as id3_1_,
        parties0_.id as id3_0_,
        parties0_.VERS as VERS3_0_,
        parties0_.contract as contract3_0_,
        parties0_.name as name3_0_ 
    from
        Party parties0_ 
    where
        parties0_.contract=?
14:14:09,231 DEBUG SQL:104 - 
    select
        infos0_.contract as contract0_1_,
        infos0_.id as id2_1_,
        infos0_.id as id2_0_,
        infos0_.VERS as VERS2_0_,
        infos0_.text as text2_0_ 
    from
        Info infos0_ 
    where
        infos0_.contract=?
14:14:09,232 DEBUG SQL:104 - 
    select
        infos0_.col_plan as col4_5_1_,
        infos0_.id as id2_1_,
        infos0_.id as id2_0_,
        infos0_.VERS as VERS2_0_,
        infos0_.text as text2_0_ 
    from
        Info infos0_ 
    where
        infos0_.col_plan=?
14:14:09,241 DEBUG SQL:104 - 
    delete 
    from
        plan_contract 
    where
        contract=?
14:14:09,241 DEBUG SQL:104 - 
    delete 
    from
        plan_contract 
    where
        contract=?
14:14:09,242 DEBUG SQL:104 - 
    delete 
    from
        Contract 
    where
        id=? 
        and VERS=?
14:14:09,242 DEBUG SQL:104 - 
    delete 
    from
        Contract 
    where
        id=? 
        and VERS=?
14:14:09,242 DEBUG SQL:104 - 
    delete 
    from
        tbl_plan 
    where
        id=? 
        and VERS=?
14:14:09,250 DEBUG SQL:104 - 
    select
        count(*) as y0_ 
    from
        tbl_plan this_
14:14:09,251 DEBUG SQL:104 - 
    select
        count(*) as y0_ 
    from
        Contract this_
14:14:09,252  INFO CustomRunner:139 - Test: testCreateWithNonEmptyManyToManyCollectionOfExisting
14:14:09,253 DEBUG SQL:104 - 
    insert 
    into
        Contract
        (VERS, customerName, "type", parent, id) 
    values
        (?, ?, ?, ?, ?)
14:14:09,254 DEBUG SQL:104 - 
    insert 
    into
        tbl_plan
        (VERS, description, id) 
    values
        (?, ?, ?)
14:14:09,264 DEBUG SQL:104 - 
    update
        Contract 
    set
        VERS=? 
    where
        id=? 
        and VERS=?
14:14:09,264 DEBUG SQL:104 - 
    insert 
    into
        plan_contract
        (contract, col_plan) 
    values
        (?, ?)
14:14:09,265 DEBUG SQL:104 - 
    select
        this_.id as id5_4_,
        this_.VERS as VERS5_4_,
        this_.description as descript3_5_4_,
        contracts2_.col_plan as col1_5_6_,
        contract3_.id as contract4_6_,
        contract3_.id as id0_0_,
        contract3_.VERS as VERS0_0_,
        contract3_.customerName as customer3_0_0_,
        contract3_."type" as type4_0_0_,
        contract3_.parent as parent0_0_,
        variations4_.contract as contract0_7_,
        variations4_.id as id1_7_,
        variations4_.id as id1_1_,
        variations4_.text as text1_1_,
        variations4_.contract as contract1_1_,
        subcontrac5_.parent as parent0_8_,
        subcontrac5_.id as id0_8_,
        subcontrac5_.id as id0_2_,
        subcontrac5_.VERS as VERS0_2_,
        subcontrac5_.customerName as customer3_0_2_,
        subcontrac5_."type" as type4_0_2_,
        subcontrac5_.parent as parent0_2_,
        parties6_.contract as contract0_9_,
        parties6_.id as id3_9_,
        parties6_.id as id3_3_,
        parties6_.VERS as VERS3_3_,
        parties6_.contract as contract3_3_,
        parties6_.name as name3_3_ 
    from
        tbl_plan this_ 
    left outer join
        plan_contract contracts2_ 
            on this_.id=contracts2_.col_plan 
    left outer join
        Contract contract3_ 
            on contracts2_.contract=contract3_.id 
    left outer join
        ContractVariation variations4_ 
            on contract3_.id=variations4_.contract 
    left outer join
        Contract subcontrac5_ 
            on contract3_.id=subcontrac5_.parent 
    left outer join
        Party parties6_ 
            on subcontrac5_.id=parties6_.contract 
    order by
        variations4_.id asc
14:14:09,285 DEBUG SQL:104 - 
    select
        plans0_.contract as contract0_1_,
        plans0_.col_plan as col1_4_1_,
        plan1_.id as id5_0_,
        plan1_.VERS as VERS5_0_,
        plan1_.description as descript3_5_0_ 
    from
        plan_contract plans0_ 
    inner join
        tbl_plan plan1_ 
            on plans0_.col_plan=plan1_.id 
    where
        plans0_.contract=?
14:14:09,286 DEBUG SQL:104 - 
    select
        parties0_.contract as contract0_1_,
        parties0_.id as id3_1_,
        parties0_.id as id3_0_,
        parties0_.VERS as VERS3_0_,
        parties0_.contract as contract3_0_,
        parties0_.name as name3_0_ 
    from
        Party parties0_ 
    where
        parties0_.contract=?
14:14:09,286 DEBUG SQL:104 - 
    select
        infos0_.contract as contract0_1_,
        infos0_.id as id2_1_,
        infos0_.id as id2_0_,
        infos0_.VERS as VERS2_0_,
        infos0_.text as text2_0_ 
    from
        Info infos0_ 
    where
        infos0_.contract=?
14:14:09,295 DEBUG SQL:104 - 
    select
        infos0_.col_plan as col4_5_1_,
        infos0_.id as id2_1_,
        infos0_.id as id2_0_,
        infos0_.VERS as VERS2_0_,
        infos0_.text as text2_0_ 
    from
        Info infos0_ 
    where
        infos0_.col_plan=?
14:14:09,296 DEBUG SQL:104 - 
    delete 
    from
        plan_contract 
    where
        contract=?
14:14:09,297 DEBUG SQL:104 - 
    delete 
    from
        Contract 
    where
        id=? 
        and VERS=?
14:14:09,307 DEBUG SQL:104 - 
    delete 
    from
        tbl_plan 
    where
        id=? 
        and VERS=?
14:14:09,307 DEBUG SQL:104 - 
    select
        count(*) as y0_ 
    from
        Contract this_
14:14:09,308 DEBUG SQL:104 - 
    select
        count(*) as y0_ 
    from
        tbl_plan this_
14:14:09,308  INFO CustomRunner:139 - Test: testCreateWithNonEmptyManyToManyCollectionOfNew
14:14:09,310 DEBUG SQL:104 - 
    insert 
    into
        tbl_plan
        (VERS, description, id) 
    values
        (?, ?, ?)
14:14:09,310 DEBUG SQL:104 - 
    insert 
    into
        Contract
        (VERS, customerName, "type", parent, id) 
    values
        (?, ?, ?, ?, ?)
14:14:09,310 DEBUG SQL:104 - 
    insert 
    into
        plan_contract
        (contract, col_plan) 
    values
        (?, ?)
14:14:09,311 DEBUG SQL:104 - 
    select
        this_.id as id5_4_,
        this_.VERS as VERS5_4_,
        this_.description as descript3_5_4_,
        contracts2_.col_plan as col1_5_6_,
        contract3_.id as contract4_6_,
        contract3_.id as id0_0_,
        contract3_.VERS as VERS0_0_,
        contract3_.customerName as customer3_0_0_,
        contract3_."type" as type4_0_0_,
        contract3_.parent as parent0_0_,
        variations4_.contract as contract0_7_,
        variations4_.id as id1_7_,
        variations4_.id as id1_1_,
        variations4_.text as text1_1_,
        variations4_.contract as contract1_1_,
        subcontrac5_.parent as parent0_8_,
        subcontrac5_.id as id0_8_,
        subcontrac5_.id as id0_2_,
        subcontrac5_.VERS as VERS0_2_,
        subcontrac5_.customerName as customer3_0_2_,
        subcontrac5_."type" as type4_0_2_,
        subcontrac5_.parent as parent0_2_,
        parties6_.contract as contract0_9_,
        parties6_.id as id3_9_,
        parties6_.id as id3_3_,
        parties6_.VERS as VERS3_3_,
        parties6_.contract as contract3_3_,
        parties6_.name as name3_3_ 
    from
        tbl_plan this_ 
    left outer join
        plan_contract contracts2_ 
            on this_.id=contracts2_.col_plan 
    left outer join
        Contract contract3_ 
            on contracts2_.contract=contract3_.id 
    left outer join
        ContractVariation variations4_ 
            on contract3_.id=variations4_.contract 
    left outer join
        Contract subcontrac5_ 
            on contract3_.id=subcontrac5_.parent 
    left outer join
        Party parties6_ 
            on subcontrac5_.id=parties6_.contract 
    order by
        variations4_.id asc
14:14:09,334 DEBUG SQL:104 - 
    select
        plans0_.contract as contract0_1_,
        plans0_.col_plan as col1_4_1_,
        plan1_.id as id5_0_,
        plan1_.VERS as VERS5_0_,
        plan1_.description as descript3_5_0_ 
    from
        plan_contract plans0_ 
    inner join
        tbl_plan plan1_ 
            on plans0_.col_plan=plan1_.id 
    where
        plans0_.contract=?
14:14:09,334 DEBUG SQL:104 - 
    select
        parties0_.contract as contract0_1_,
        parties0_.id as id3_1_,
        parties0_.id as id3_0_,
        parties0_.VERS as VERS3_0_,
        parties0_.contract as contract3_0_,
        parties0_.name as name3_0_ 
    from
        Party parties0_ 
    where
        parties0_.contract=?
14:14:09,335 DEBUG SQL:104 - 
    select
        infos0_.contract as contract0_1_,
        infos0_.id as id2_1_,
        infos0_.id as id2_0_,
        infos0_.VERS as VERS2_0_,
        infos0_.text as text2_0_ 
    from
        Info infos0_ 
    where
        infos0_.contract=?
14:14:09,343 DEBUG SQL:104 - 
    select
        infos0_.col_plan as col4_5_1_,
        infos0_.id as id2_1_,
        infos0_.id as id2_0_,
        infos0_.VERS as VERS2_0_,
        infos0_.text as text2_0_ 
    from
        Info infos0_ 
    where
        infos0_.col_plan=?
14:14:09,360 DEBUG SQL:104 - 
    delete 
    from
        plan_contract 
    where
        contract=?
14:14:09,360 DEBUG SQL:104 - 
    delete 
    from
        Contract 
    where
        id=? 
        and VERS=?
14:14:09,360 DEBUG SQL:104 - 
    delete 
    from
        tbl_plan 
    where
        id=? 
        and VERS=?
14:14:09,361 DEBUG SQL:104 - 
    select
        count(*) as y0_ 
    from
        Contract this_
14:14:09,365 DEBUG SQL:104 - 
    select
        count(*) as y0_ 
    from
        tbl_plan this_
14:14:09,365  INFO CustomRunner:139 - Test: testCreateWithNonEmptyManyToManyCollectionUpdateWithNewElement
14:14:09,367 DEBUG SQL:104 - 
    insert 
    into
        tbl_plan
        (VERS, description, id) 
    values
        (?, ?, ?)
14:14:09,367 DEBUG SQL:104 - 
    insert 
    into
        Contract
        (VERS, customerName, "type", parent, id) 
    values
        (?, ?, ?, ?, ?)
14:14:09,367 DEBUG SQL:104 - 
    insert 
    into
        plan_contract
        (contract, col_plan) 
    values
        (?, ?)
14:14:09,368 DEBUG SQL:104 - 
    insert 
    into
        Contract
        (VERS, customerName, "type", parent, id) 
    values
        (?, ?, ?, ?, ?)
14:14:09,375 DEBUG SQL:104 - 
    update
        tbl_plan 
    set
        VERS=? 
    where
        id=? 
        and VERS=?
14:14:09,376 DEBUG SQL:104 - 
    insert 
    into
        plan_contract
        (contract, col_plan) 
    values
        (?, ?)
14:14:09,377 DEBUG SQL:104 - 
    select
        this_.id as id5_4_,
        this_.VERS as VERS5_4_,
        this_.description as descript3_5_4_,
        contracts2_.col_plan as col1_5_6_,
        contract3_.id as contract4_6_,
        contract3_.id as id0_0_,
        contract3_.VERS as VERS0_0_,
        contract3_.customerName as customer3_0_0_,
        contract3_."type" as type4_0_0_,
        contract3_.parent as parent0_0_,
        variations4_.contract as contract0_7_,
        variations4_.id as id1_7_,
        variations4_.id as id1_1_,
        variations4_.text as text1_1_,
        variations4_.contract as contract1_1_,
        subcontrac5_.parent as parent0_8_,
        subcontrac5_.id as id0_8_,
        subcontrac5_.id as id0_2_,
        subcontrac5_.VERS as VERS0_2_,
        subcontrac5_.customerName as customer3_0_2_,
        subcontrac5_."type" as type4_0_2_,
        subcontrac5_.parent as parent0_2_,
        parties6_.contract as contract0_9_,
        parties6_.id as id3_9_,
        parties6_.id as id3_3_,
        parties6_.VERS as VERS3_3_,
        parties6_.contract as contract3_3_,
        parties6_.name as name3_3_ 
    from
        tbl_plan this_ 
    left outer join
        plan_contract contracts2_ 
            on this_.id=contracts2_.col_plan 
    left outer join
        Contract contract3_ 
            on contracts2_.contract=contract3_.id 
    left outer join
        ContractVariation variations4_ 
            on contract3_.id=variations4_.contract 
    left outer join
        Contract subcontrac5_ 
            on contract3_.id=subcontrac5_.parent 
    left outer join
        Party parties6_ 
            on subcontrac5_.id=parties6_.contract 
    order by
        variations4_.id asc
14:14:09,396 DEBUG SQL:104 - 
    select
        plans0_.contract as contract0_1_,
        plans0_.col_plan as col1_4_1_,
        plan1_.id as id5_0_,
        plan1_.VERS as VERS5_0_,
        plan1_.description as descript3_5_0_ 
    from
        plan_contract plans0_ 
    inner join
        tbl_plan plan1_ 
            on plans0_.col_plan=plan1_.id 
    where
        plans0_.contract=?
14:14:09,397 DEBUG SQL:104 - 
    select
        plans0_.contract as contract0_1_,
        plans0_.col_plan as col1_4_1_,
        plan1_.id as id5_0_,
        plan1_.VERS as VERS5_0_,
        plan1_.description as descript3_5_0_ 
    from
        plan_contract plans0_ 
    inner join
        tbl_plan plan1_ 
            on plans0_.col_plan=plan1_.id 
    where
        plans0_.contract=?
14:14:09,406 DEBUG SQL:104 - 
    select
        parties0_.contract as contract0_1_,
        parties0_.id as id3_1_,
        parties0_.id as id3_0_,
        parties0_.VERS as VERS3_0_,
        parties0_.contract as contract3_0_,
        parties0_.name as name3_0_ 
    from
        Party parties0_ 
    where
        parties0_.contract=?
14:14:09,406 DEBUG SQL:104 - 
    select
        infos0_.contract as contract0_1_,
        infos0_.id as id2_1_,
        infos0_.id as id2_0_,
        infos0_.VERS as VERS2_0_,
        infos0_.text as text2_0_ 
    from
        Info infos0_ 
    where
        infos0_.contract=?
14:14:09,415 DEBUG SQL:104 - 
    select
        parties0_.contract as contract0_1_,
        parties0_.id as id3_1_,
        parties0_.id as id3_0_,
        parties0_.VERS as VERS3_0_,
        parties0_.contract as contract3_0_,
        parties0_.name as name3_0_ 
    from
        Party parties0_ 
    where
        parties0_.contract=?
14:14:09,416 DEBUG SQL:104 - 
    select
        infos0_.contract as contract0_1_,
        infos0_.id as id2_1_,
        infos0_.id as id2_0_,
        infos0_.VERS as VERS2_0_,
        infos0_.text as text2_0_ 
    from
        Info infos0_ 
    where
        infos0_.contract=?
14:14:09,416 DEBUG SQL:104 - 
    select
        infos0_.col_plan as col4_5_1_,
        infos0_.id as id2_1_,
        infos0_.id as id2_0_,
        infos0_.VERS as VERS2_0_,
        infos0_.text as text2_0_ 
    from
        Info infos0_ 
    where
        infos0_.col_plan=?
14:14:09,427 DEBUG SQL:104 - 
    delete 
    from
        plan_contract 
    where
        contract=?
14:14:09,427 DEBUG SQL:104 - 
    delete 
    from
        plan_contract 
    where
        contract=?
14:14:09,427 DEBUG SQL:104 - 
    delete 
    from
        Contract 
    where
        id=? 
        and VERS=?
14:14:09,428 DEBUG SQL:104 - 
    delete 
    from
        Contract 
    where
        id=? 
        and VERS=?
14:14:09,428 DEBUG SQL:104 - 
    delete 
    from
        tbl_plan 
    where
        id=? 
        and VERS=?
14:14:09,436 DEBUG SQL:104 - 
    select
        count(*) as y0_ 
    from
        Contract this_
14:14:09,437 DEBUG SQL:104 - 
    select
        count(*) as y0_ 
    from
        tbl_plan this_
14:14:09,437  INFO CustomRunner:139 - Test: testDeleteManyToManyElement
14:14:09,439 DEBUG SQL:104 - 
    insert 
    into
        tbl_plan
        (VERS, description, id) 
    values
        (?, ?, ?)
14:14:09,439 DEBUG SQL:104 - 
    insert 
    into
        Contract
        (VERS, customerName, "type", parent, id) 
    values
        (?, ?, ?, ?, ?)
14:14:09,439 DEBUG SQL:104 - 
    insert 
    into
        plan_contract
        (contract, col_plan) 
    values
        (?, ?)
14:14:09,440 DEBUG SQL:104 - 
    update
        tbl_plan 
    set
        VERS=? 
    where
        id=? 
        and VERS=?
14:14:09,441 DEBUG SQL:104 - 
    delete 
    from
        plan_contract 
    where
        contract=?
14:14:09,441 DEBUG SQL:104 - 
    delete 
    from
        Contract 
    where
        id=? 
        and VERS=?
14:14:09,453 DEBUG SQL:104 - 
    select
        this_.id as id5_4_,
        this_.VERS as VERS5_4_,
        this_.description as descript3_5_4_,
        contracts2_.col_plan as col1_5_6_,
        contract3_.id as contract4_6_,
        contract3_.id as id0_0_,
        contract3_.VERS as VERS0_0_,
        contract3_.customerName as customer3_0_0_,
        contract3_."type" as type4_0_0_,
        contract3_.parent as parent0_0_,
        variations4_.contract as contract0_7_,
        variations4_.id as id1_7_,
        variations4_.id as id1_1_,
        variations4_.text as text1_1_,
        variations4_.contract as contract1_1_,
        subcontrac5_.parent as parent0_8_,
        subcontrac5_.id as id0_8_,
        subcontrac5_.id as id0_2_,
        subcontrac5_.VERS as VERS0_2_,
        subcontrac5_.customerName as customer3_0_2_,
        subcontrac5_."type" as type4_0_2_,
        subcontrac5_.parent as parent0_2_,
        parties6_.contract as contract0_9_,
        parties6_.id as id3_9_,
        parties6_.id as id3_3_,
        parties6_.VERS as VERS3_3_,
        parties6_.contract as contract3_3_,
        parties6_.name as name3_3_ 
    from
        tbl_plan this_ 
    left outer join
        plan_contract contracts2_ 
            on this_.id=contracts2_.col_plan 
    left outer join
        Contract contract3_ 
            on contracts2_.contract=contract3_.id 
    left outer join
        ContractVariation variations4_ 
            on contract3_.id=variations4_.contract 
    left outer join
        Contract subcontrac5_ 
            on contract3_.id=subcontrac5_.parent 
    left outer join
        Party parties6_ 
            on subcontrac5_.id=parties6_.contract 
    order by
        variations4_.id asc
14:14:09,468 DEBUG SQL:104 - 
    select
        this_.id as id0_3_,
        this_.VERS as VERS0_3_,
        this_.customerName as customer3_0_3_,
        this_."type" as type4_0_3_,
        this_.parent as parent0_3_,
        variations2_.contract as contract0_5_,
        variations2_.id as id1_5_,
        variations2_.id as id1_0_,
        variations2_.text as text1_0_,
        variations2_.contract as contract1_0_,
        subcontrac3_.parent as parent0_6_,
        subcontrac3_.id as id0_6_,
        subcontrac3_.id as id0_1_,
        subcontrac3_.VERS as VERS0_1_,
        subcontrac3_.customerName as customer3_0_1_,
        subcontrac3_."type" as type4_0_1_,
        subcontrac3_.parent as parent0_1_,
        parties4_.contract as contract0_7_,
        parties4_.id as id3_7_,
        parties4_.id as id3_2_,
        parties4_.VERS as VERS3_2_,
        parties4_.contract as contract3_2_,
        parties4_.name as name3_2_ 
    from
        Contract this_ 
    left outer join
        ContractVariation variations2_ 
            on this_.id=variations2_.contract 
    left outer join
        Contract subcontrac3_ 
            on this_.id=subcontrac3_.parent 
    left outer join
        Party parties4_ 
            on subcontrac3_.id=parties4_.contract 
    order by
        variations2_.id asc
14:14:09,487 DEBUG SQL:104 - 
    select
        infos0_.col_plan as col4_5_1_,
        infos0_.id as id2_1_,
        infos0_.id as id2_0_,
        infos0_.VERS as VERS2_0_,
        infos0_.text as text2_0_ 
    from
        Info infos0_ 
    where
        infos0_.col_plan=?
14:14:09,488 DEBUG SQL:104 - 
    delete 
    from
        tbl_plan 
    where
        id=? 
        and VERS=?
14:14:09,488 DEBUG SQL:104 - 
    select
        count(*) as y0_ 
    from
        tbl_plan this_
14:14:09,497 DEBUG SQL:104 - 
    select
        count(*) as y0_ 
    from
        Contract this_
14:14:09,498  INFO CustomRunner:139 - Test: testManyToManyCollectionOptimisticLockingWithMerge
14:14:09,501 DEBUG SQL:104 - 
    insert 
    into
        tbl_plan
        (VERS, description, id) 
    values
        (?, ?, ?)
14:14:09,501 DEBUG SQL:104 - 
    insert 
    into
        Contract
        (VERS, customerName, "type", parent, id) 
    values
        (?, ?, ?, ?, ?)
14:14:09,502 DEBUG SQL:104 - 
    insert 
    into
        plan_contract
        (contract, col_plan) 
    values
        (?, ?)
14:14:09,508 DEBUG SQL:104 - 
    select
        plan0_.id as id5_4_,
        plan0_.VERS as VERS5_4_,
        plan0_.description as descript3_5_4_,
        contracts1_.col_plan as col1_5_6_,
        contract2_.id as contract4_6_,
        contract2_.id as id0_0_,
        contract2_.VERS as VERS0_0_,
        contract2_.customerName as customer3_0_0_,
        contract2_."type" as type4_0_0_,
        contract2_.parent as parent0_0_,
        variations3_.contract as contract0_7_,
        variations3_.id as id1_7_,
        variations3_.id as id1_1_,
        variations3_.text as text1_1_,
        variations3_.contract as contract1_1_,
        subcontrac4_.parent as parent0_8_,
        subcontrac4_.id as id0_8_,
        subcontrac4_.id as id0_2_,
        subcontrac4_.VERS as VERS0_2_,
        subcontrac4_.customerName as customer3_0_2_,
        subcontrac4_."type" as type4_0_2_,
        subcontrac4_.parent as parent0_2_,
        parties5_.contract as contract0_9_,
        parties5_.id as id3_9_,
        parties5_.id as id3_3_,
        parties5_.VERS as VERS3_3_,
        parties5_.contract as contract3_3_,
        parties5_.name as name3_3_ 
    from
        tbl_plan plan0_ 
    left outer join
        plan_contract contracts1_ 
            on plan0_.id=contracts1_.col_plan 
    left outer join
        Contract contract2_ 
            on contracts1_.contract=contract2_.id 
    left outer join
        ContractVariation variations3_ 
            on contract2_.id=variations3_.contract 
    left outer join
        Contract subcontrac4_ 
            on contract2_.id=subcontrac4_.parent 
    left outer join
        Party parties5_ 
            on subcontrac4_.id=parties5_.contract 
    where
        plan0_.id=? 
    order by
        variations3_.id asc
14:14:09,518 DEBUG SQL:104 - 
    insert 
    into
        Contract
        (VERS, customerName, "type", parent, id) 
    values
        (?, ?, ?, ?, ?)
14:14:09,528 DEBUG SQL:104 - 
    update
        tbl_plan 
    set
        VERS=? 
    where
        id=? 
        and VERS=?
14:14:09,528 DEBUG SQL:104 - 
    insert 
    into
        plan_contract
        (contract, col_plan) 
    values
        (?, ?)
14:14:09,529 DEBUG SQL:104 - 
    select
        plan0_.id as id5_1_,
        plan0_.VERS as VERS5_1_,
        plan0_.description as descript3_5_1_,
        contracts1_.col_plan as col1_5_3_,
        contract2_.id as contract4_3_,
        contract2_.id as id0_0_,
        contract2_.VERS as VERS0_0_,
        contract2_.customerName as customer3_0_0_,
        contract2_."type" as type4_0_0_,
        contract2_.parent as parent0_0_ 
    from
        tbl_plan plan0_ 
    left outer join
        plan_contract contracts1_ 
            on plan0_.id=contracts1_.col_plan 
    left outer join
        Contract contract2_ 
            on contracts1_.contract=contract2_.id 
    where
        plan0_.id=?
14:14:09,541 DEBUG SQL:104 - 
    select
        this_.id as id5_4_,
        this_.VERS as VERS5_4_,
        this_.description as descript3_5_4_,
        contracts2_.col_plan as col1_5_6_,
        contract3_.id as contract4_6_,
        contract3_.id as id0_0_,
        contract3_.VERS as VERS0_0_,
        contract3_.customerName as customer3_0_0_,
        contract3_."type" as type4_0_0_,
        contract3_.parent as parent0_0_,
        variations4_.contract as contract0_7_,
        variations4_.id as id1_7_,
        variations4_.id as id1_1_,
        variations4_.text as text1_1_,
        variations4_.contract as contract1_1_,
        subcontrac5_.parent as parent0_8_,
        subcontrac5_.id as id0_8_,
        subcontrac5_.id as id0_2_,
        subcontrac5_.VERS as VERS0_2_,
        subcontrac5_.customerName as customer3_0_2_,
        subcontrac5_."type" as type4_0_2_,
        subcontrac5_.parent as parent0_2_,
        parties6_.contract as contract0_9_,
        parties6_.id as id3_9_,
        parties6_.id as id3_3_,
        parties6_.VERS as VERS3_3_,
        parties6_.contract as contract3_3_,
        parties6_.name as name3_3_ 
    from
        tbl_plan this_ 
    left outer join
        plan_contract contracts2_ 
            on this_.id=contracts2_.col_plan 
    left outer join
        Contract contract3_ 
            on contracts2_.contract=contract3_.id 
    left outer join
        ContractVariation variations4_ 
            on contract3_.id=variations4_.contract 
    left outer join
        Contract subcontrac5_ 
            on contract3_.id=subcontrac5_.parent 
    left outer join
        Party parties6_ 
            on subcontrac5_.id=parties6_.contract 
    order by
        variations4_.id asc
14:14:09,558 DEBUG SQL:104 - 
    select
        parties0_.contract as contract0_1_,
        parties0_.id as id3_1_,
        parties0_.id as id3_0_,
        parties0_.VERS as VERS3_0_,
        parties0_.contract as contract3_0_,
        parties0_.name as name3_0_ 
    from
        Party parties0_ 
    where
        parties0_.contract=?
14:14:09,560 DEBUG SQL:104 - 
    select
        infos0_.contract as contract0_1_,
        infos0_.id as id2_1_,
        infos0_.id as id2_0_,
        infos0_.VERS as VERS2_0_,
        infos0_.text as text2_0_ 
    from
        Info infos0_ 
    where
        infos0_.contract=?
14:14:09,560 DEBUG SQL:104 - 
    select
        parties0_.contract as contract0_1_,
        parties0_.id as id3_1_,
        parties0_.id as id3_0_,
        parties0_.VERS as VERS3_0_,
        parties0_.contract as contract3_0_,
        parties0_.name as name3_0_ 
    from
        Party parties0_ 
    where
        parties0_.contract=?
14:14:09,561 DEBUG SQL:104 - 
    select
        infos0_.contract as contract0_1_,
        infos0_.id as id2_1_,
        infos0_.id as id2_0_,
        infos0_.VERS as VERS2_0_,
        infos0_.text as text2_0_ 
    from
        Info infos0_ 
    where
        infos0_.contract=?
14:14:09,561 DEBUG SQL:104 - 
    select
        infos0_.col_plan as col4_5_1_,
        infos0_.id as id2_1_,
        infos0_.id as id2_0_,
        infos0_.VERS as VERS2_0_,
        infos0_.text as text2_0_ 
    from
        Info infos0_ 
    where
        infos0_.col_plan=?
14:14:09,561 DEBUG SQL:104 - 
    delete 
    from
        plan_contract 
    where
        contract=?
14:14:09,562 DEBUG SQL:104 - 
    delete 
    from
        plan_contract 
    where
        contract=?
14:14:09,574 DEBUG SQL:104 - 
    delete 
    from
        Contract 
    where
        id=? 
        and VERS=?
14:14:09,575 DEBUG SQL:104 - 
    delete 
    from
        Contract 
    where
        id=? 
        and VERS=?
14:14:09,575 DEBUG SQL:104 - 
    delete 
    from
        tbl_plan 
    where
        id=? 
        and VERS=?
14:14:09,575 DEBUG SQL:104 - 
    select
        count(*) as y0_ 
    from
        tbl_plan this_
14:14:09,576 DEBUG SQL:104 - 
    select
        count(*) as y0_ 
    from
        Contract this_
14:14:09,585  INFO CustomRunner:139 - Test: testManyToManyCollectionOptimisticLockingWithUpdate
14:14:09,586 DEBUG SQL:104 - 
    insert 
    into
        tbl_plan
        (VERS, description, id) 
    values
        (?, ?, ?)
14:14:09,587 DEBUG SQL:104 - 
    insert 
    into
        Contract
        (VERS, customerName, "type", parent, id) 
    values
        (?, ?, ?, ?, ?)
14:14:09,587 DEBUG SQL:104 - 
    insert 
    into
        plan_contract
        (contract, col_plan) 
    values
        (?, ?)
14:14:09,588 DEBUG SQL:104 - 
    select
        plan0_.id as id5_4_,
        plan0_.VERS as VERS5_4_,
        plan0_.description as descript3_5_4_,
        contracts1_.col_plan as col1_5_6_,
        contract2_.id as contract4_6_,
        contract2_.id as id0_0_,
        contract2_.VERS as VERS0_0_,
        contract2_.customerName as customer3_0_0_,
        contract2_."type" as type4_0_0_,
        contract2_.parent as parent0_0_,
        variations3_.contract as contract0_7_,
        variations3_.id as id1_7_,
        variations3_.id as id1_1_,
        variations3_.text as text1_1_,
        variations3_.contract as contract1_1_,
        subcontrac4_.parent as parent0_8_,
        subcontrac4_.id as id0_8_,
        subcontrac4_.id as id0_2_,
        subcontrac4_.VERS as VERS0_2_,
        subcontrac4_.customerName as customer3_0_2_,
        subcontrac4_."type" as type4_0_2_,
        subcontrac4_.parent as parent0_2_,
        parties5_.contract as contract0_9_,
        parties5_.id as id3_9_,
        parties5_.id as id3_3_,
        parties5_.VERS as VERS3_3_,
        parties5_.contract as contract3_3_,
        parties5_.name as name3_3_ 
    from
        tbl_plan plan0_ 
    left outer join
        plan_contract contracts1_ 
            on plan0_.id=contracts1_.col_plan 
    left outer join
        Contract contract2_ 
            on contracts1_.contract=contract2_.id 
    left outer join
        ContractVariation variations3_ 
            on contract2_.id=variations3_.contract 
    left outer join
        Contract subcontrac4_ 
            on contract2_.id=subcontrac4_.parent 
    left outer join
        Party parties5_ 
            on subcontrac4_.id=parties5_.contract 
    where
        plan0_.id=? 
    order by
        variations3_.id asc
14:14:09,620 DEBUG SQL:104 - 
    insert 
    into
        Contract
        (VERS, customerName, "type", parent, id) 
    values
        (?, ?, ?, ?, ?)
14:14:09,620 DEBUG SQL:104 - 
    update
        tbl_plan 
    set
        VERS=? 
    where
        id=? 
        and VERS=?
14:14:09,621 DEBUG SQL:104 - 
    insert 
    into
        plan_contract
        (contract, col_plan) 
    values
        (?, ?)
14:14:09,621 DEBUG SQL:104 - 
    update
        tbl_plan 
    set
        VERS=? 
    where
        id=? 
        and VERS=?
14:14:09,631  INFO AbstractBatchImpl:195 - HHH000010: On release of batch it still contained JDBC statements
14:14:09,632 DEBUG SQL:104 - 
    select
        this_.id as id5_4_,
        this_.VERS as VERS5_4_,
        this_.description as descript3_5_4_,
        contracts2_.col_plan as col1_5_6_,
        contract3_.id as contract4_6_,
        contract3_.id as id0_0_,
        contract3_.VERS as VERS0_0_,
        contract3_.customerName as customer3_0_0_,
        contract3_."type" as type4_0_0_,
        contract3_.parent as parent0_0_,
        variations4_.contract as contract0_7_,
        variations4_.id as id1_7_,
        variations4_.id as id1_1_,
        variations4_.text as text1_1_,
        variations4_.contract as contract1_1_,
        subcontrac5_.parent as parent0_8_,
        subcontrac5_.id as id0_8_,
        subcontrac5_.id as id0_2_,
        subcontrac5_.VERS as VERS0_2_,
        subcontrac5_.customerName as customer3_0_2_,
        subcontrac5_."type" as type4_0_2_,
        subcontrac5_.parent as parent0_2_,
        parties6_.contract as contract0_9_,
        parties6_.id as id3_9_,
        parties6_.id as id3_3_,
        parties6_.VERS as VERS3_3_,
        parties6_.contract as contract3_3_,
        parties6_.name as name3_3_ 
    from
        tbl_plan this_ 
    left outer join
        plan_contract contracts2_ 
            on this_.id=contracts2_.col_plan 
    left outer join
        Contract contract3_ 
            on contracts2_.contract=contract3_.id 
    left outer join
        ContractVariation variations4_ 
            on contract3_.id=variations4_.contract 
    left outer join
        Contract subcontrac5_ 
            on contract3_.id=subcontrac5_.parent 
    left outer join
        Party parties6_ 
            on subcontrac5_.id=parties6_.contract 
    order by
        variations4_.id asc
14:14:09,643 DEBUG SQL:104 - 
    select
        parties0_.contract as contract0_1_,
        parties0_.id as id3_1_,
        parties0_.id as id3_0_,
        parties0_.VERS as VERS3_0_,
        parties0_.contract as contract3_0_,
        parties0_.name as name3_0_ 
    from
        Party parties0_ 
    where
        parties0_.contract=?
14:14:09,652 DEBUG SQL:104 - 
    select
        infos0_.contract as contract0_1_,
        infos0_.id as id2_1_,
        infos0_.id as id2_0_,
        infos0_.VERS as VERS2_0_,
        infos0_.text as text2_0_ 
    from
        Info infos0_ 
    where
        infos0_.contract=?
14:14:09,653 DEBUG SQL:104 - 
    select
        parties0_.contract as contract0_1_,
        parties0_.id as id3_1_,
        parties0_.id as id3_0_,
        parties0_.VERS as VERS3_0_,
        parties0_.contract as contract3_0_,
        parties0_.name as name3_0_ 
    from
        Party parties0_ 
    where
        parties0_.contract=?
14:14:09,653 DEBUG SQL:104 - 
    select
        infos0_.contract as contract0_1_,
        infos0_.id as id2_1_,
        infos0_.id as id2_0_,
        infos0_.VERS as VERS2_0_,
        infos0_.text as text2_0_ 
    from
        Info infos0_ 
    where
        infos0_.contract=?
14:14:09,663 DEBUG SQL:104 - 
    select
        infos0_.col_plan as col4_5_1_,
        infos0_.id as id2_1_,
        infos0_.id as id2_0_,
        infos0_.VERS as VERS2_0_,
        infos0_.text as text2_0_ 
    from
        Info infos0_ 
    where
        infos0_.col_plan=?
14:14:09,664 DEBUG QueryTranslatorImpl:265 - parse() - HQL: delete from org.hibernate.test.immutable.entitywithmutablecollection.Contract
14:14:09,664 DEBUG QueryTranslatorImpl:283 - --- HQL AST ---
 \-[DELETE] Node: 'delete'
    \-[FROM] Node: 'FROM'
       \-[RANGE] Node: 'RANGE'
          \-[DOT] Node: '.'
             +-[DOT] Node: '.'
             |  +-[DOT] Node: '.'
             |  |  +-[DOT] Node: '.'
             |  |  |  +-[DOT] Node: '.'
             |  |  |  |  +-[IDENT] Node: 'org'
             |  |  |  |  \-[IDENT] Node: 'hibernate'
             |  |  |  \-[IDENT] Node: 'test'
             |  |  \-[IDENT] Node: 'immutable'
             |  \-[IDENT] Node: 'entitywithmutablecollection'
             \-[IDENT] Node: 'Contract'

14:14:09,673 DEBUG ErrorCounter:82 - throwQueryException() : no errors
14:14:09,674 DEBUG FromElement:157 - FromClause{level=1} : org.hibernate.test.immutable.entitywithmutablecollection.Contract (<no alias>) -> contract0_
14:14:09,674 DEBUG QueryTranslatorImpl:252 - --- SQL AST ---
 \-[DELETE] DeleteStatement: 'delete'  querySpaces (Contract)
    \-[FROM] FromClause: 'FROM' FromClause{level=1, fromElementCounter=1, fromElements=1, fromElementByClassAlias=[], fromElementByTableAlias=[contract0_], fromElementsByPath=[], collectionJoinFromElementsByPath=[], impliedElements=[]}
       \-[FROM_FRAGMENT] FromElement: 'Contract' FromElement{explicit,not a collection join,not a fetch join,fetch non-lazy properties,classAlias=null,role=null,tableName=Contract,tableAlias=contract0_,origin=null,columns={,className=org.hibernate.test.immutable.entitywithmutablecollection.Contract}}

14:14:09,674 DEBUG ErrorCounter:82 - throwQueryException() : no errors
14:14:09,674 DEBUG ErrorCounter:82 - throwQueryException() : no errors
14:14:09,675 DEBUG SQL:104 - 
    delete 
    from
        plan_contract 
    where
        contract=?
14:14:09,675 DEBUG SQL:104 - 
    delete 
    from
        plan_contract 
    where
        contract=?
14:14:09,675 DEBUG SQL:104 - 
    delete 
    from
        Contract 
    where
        id=? 
        and VERS=?
14:14:09,685 DEBUG SQL:104 - 
    delete 
    from
        Contract 
    where
        id=? 
        and VERS=?
14:14:09,685 DEBUG SQL:104 - 
    delete 
    from
        tbl_plan 
    where
        id=? 
        and VERS=?
14:14:09,685 DEBUG SQL:104 - 
    delete 
    from
        Contract
14:14:09,686 DEBUG SQL:104 - 
    select
        count(*) as y0_ 
    from
        tbl_plan this_
14:14:09,686 DEBUG SQL:104 - 
    select
        count(*) as y0_ 
    from
        Contract this_
14:14:09,694  INFO CustomRunner:139 - Test: testMoveManyToManyElementToExistingEntityCollection
14:14:09,696 DEBUG SQL:104 - 
    insert 
    into
        tbl_plan
        (VERS, description, id) 
    values
        (?, ?, ?)
14:14:09,696 DEBUG SQL:104 - 
    insert 
    into
        Contract
        (VERS, customerName, "type", parent, id) 
    values
        (?, ?, ?, ?, ?)
14:14:09,697 DEBUG SQL:104 - 
    insert 
    into
        tbl_plan
        (VERS, description, id) 
    values
        (?, ?, ?)
14:14:09,697 DEBUG SQL:104 - 
    insert 
    into
        plan_contract
        (contract, col_plan) 
    values
        (?, ?)
14:14:09,698 DEBUG SQL:104 - 
    select
        this_.id as id5_4_,
        this_.VERS as VERS5_4_,
        this_.description as descript3_5_4_,
        contracts2_.col_plan as col1_5_6_,
        contract3_.id as contract4_6_,
        contract3_.id as id0_0_,
        contract3_.VERS as VERS0_0_,
        contract3_.customerName as customer3_0_0_,
        contract3_."type" as type4_0_0_,
        contract3_.parent as parent0_0_,
        variations4_.contract as contract0_7_,
        variations4_.id as id1_7_,
        variations4_.id as id1_1_,
        variations4_.text as text1_1_,
        variations4_.contract as contract1_1_,
        subcontrac5_.parent as parent0_8_,
        subcontrac5_.id as id0_8_,
        subcontrac5_.id as id0_2_,
        subcontrac5_.VERS as VERS0_2_,
        subcontrac5_.customerName as customer3_0_2_,
        subcontrac5_."type" as type4_0_2_,
        subcontrac5_.parent as parent0_2_,
        parties6_.contract as contract0_9_,
        parties6_.id as id3_9_,
        parties6_.id as id3_3_,
        parties6_.VERS as VERS3_3_,
        parties6_.contract as contract3_3_,
        parties6_.name as name3_3_ 
    from
        tbl_plan this_ 
    left outer join
        plan_contract contracts2_ 
            on this_.id=contracts2_.col_plan 
    left outer join
        Contract contract3_ 
            on contracts2_.contract=contract3_.id 
    left outer join
        ContractVariation variations4_ 
            on contract3_.id=variations4_.contract 
    left outer join
        Contract subcontrac5_ 
            on contract3_.id=subcontrac5_.parent 
    left outer join
        Party parties6_ 
            on subcontrac5_.id=parties6_.contract 
    where
        this_.id = ? 
    order by
        variations4_.id asc
14:14:09,708 DEBUG SQL:104 - 
    select
        plans0_.contract as contract0_1_,
        plans0_.col_plan as col1_4_1_,
        plan1_.id as id5_0_,
        plan1_.VERS as VERS5_0_,
        plan1_.description as descript3_5_0_ 
    from
        plan_contract plans0_ 
    inner join
        tbl_plan plan1_ 
            on plans0_.col_plan=plan1_.id 
    where
        plans0_.contract=?
14:14:09,718 DEBUG SQL:104 - 
    update
        Contract 
    set
        VERS=? 
    where
        id=? 
        and VERS=?
14:14:09,718 DEBUG SQL:104 - 
    update
        tbl_plan 
    set
        VERS=? 
    where
        id=? 
        and VERS=?
14:14:09,719 DEBUG SQL:104 - 
    delete 
    from
        plan_contract 
    where
        contract=?
14:14:09,720 DEBUG SQL:104 - 
    select
        this_.id as id5_4_,
        this_.VERS as VERS5_4_,
        this_.description as descript3_5_4_,
        contracts2_.col_plan as col1_5_6_,
        contract3_.id as contract4_6_,
        contract3_.id as id0_0_,
        contract3_.VERS as VERS0_0_,
        contract3_.customerName as customer3_0_0_,
        contract3_."type" as type4_0_0_,
        contract3_.parent as parent0_0_,
        variations4_.contract as contract0_7_,
        variations4_.id as id1_7_,
        variations4_.id as id1_1_,
        variations4_.text as text1_1_,
        variations4_.contract as contract1_1_,
        subcontrac5_.parent as parent0_8_,
        subcontrac5_.id as id0_8_,
        subcontrac5_.id as id0_2_,
        subcontrac5_.VERS as VERS0_2_,
        subcontrac5_.customerName as customer3_0_2_,
        subcontrac5_."type" as type4_0_2_,
        subcontrac5_.parent as parent0_2_,
        parties6_.contract as contract0_9_,
        parties6_.id as id3_9_,
        parties6_.id as id3_3_,
        parties6_.VERS as VERS3_3_,
        parties6_.contract as contract3_3_,
        parties6_.name as name3_3_ 
    from
        tbl_plan this_ 
    left outer join
        plan_contract contracts2_ 
            on this_.id=contracts2_.col_plan 
    left outer join
        Contract contract3_ 
            on contracts2_.contract=contract3_.id 
    left outer join
        ContractVariation variations4_ 
            on contract3_.id=variations4_.contract 
    left outer join
        Contract subcontrac5_ 
            on contract3_.id=subcontrac5_.parent 
    left outer join
        Party parties6_ 
            on subcontrac5_.id=parties6_.contract 
    where
        this_.id = ? 
    order by
        variations4_.id asc
14:14:09,758 DEBUG SQL:104 - 
    select
        this_.id as id0_3_,
        this_.VERS as VERS0_3_,
        this_.customerName as customer3_0_3_,
        this_."type" as type4_0_3_,
        this_.parent as parent0_3_,
        variations2_.contract as contract0_5_,
        variations2_.id as id1_5_,
        variations2_.id as id1_0_,
        variations2_.text as text1_0_,
        variations2_.contract as contract1_0_,
        subcontrac3_.parent as parent0_6_,
        subcontrac3_.id as id0_6_,
        subcontrac3_.id as id0_1_,
        subcontrac3_.VERS as VERS0_1_,
        subcontrac3_.customerName as customer3_0_1_,
        subcontrac3_."type" as type4_0_1_,
        subcontrac3_.parent as parent0_1_,
        parties4_.contract as contract0_7_,
        parties4_.id as id3_7_,
        parties4_.id as id3_2_,
        parties4_.VERS as VERS3_2_,
        parties4_.contract as contract3_2_,
        parties4_.name as name3_2_ 
    from
        Contract this_ 
    left outer join
        ContractVariation variations2_ 
            on this_.id=variations2_.contract 
    left outer join
        Contract subcontrac3_ 
            on this_.id=subcontrac3_.parent 
    left outer join
        Party parties4_ 
            on subcontrac3_.id=parties4_.contract 
    where
        this_.id = ? 
    order by
        variations2_.id asc
14:14:09,766 DEBUG SQL:104 - 
    select
        plans0_.contract as contract0_1_,
        plans0_.col_plan as col1_4_1_,
        plan1_.id as id5_0_,
        plan1_.VERS as VERS5_0_,
        plan1_.description as descript3_5_0_ 
    from
        plan_contract plans0_ 
    inner join
        tbl_plan plan1_ 
            on plans0_.col_plan=plan1_.id 
    where
        plans0_.contract=?
14:14:09,767 DEBUG SQL:104 - 
    update
        tbl_plan 
    set
        VERS=? 
    where
        id=? 
        and VERS=?
14:14:09,776 DEBUG SQL:104 - 
    update
        Contract 
    set
        VERS=? 
    where
        id=? 
        and VERS=?
14:14:09,777 DEBUG SQL:104 - 
    insert 
    into
        plan_contract
        (contract, col_plan) 
    values
        (?, ?)
14:14:09,778 DEBUG SQL:104 - 
    select
        this_.id as id5_4_,
        this_.VERS as VERS5_4_,
        this_.description as descript3_5_4_,
        contracts2_.col_plan as col1_5_6_,
        contract3_.id as contract4_6_,
        contract3_.id as id0_0_,
        contract3_.VERS as VERS0_0_,
        contract3_.customerName as customer3_0_0_,
        contract3_."type" as type4_0_0_,
        contract3_.parent as parent0_0_,
        variations4_.contract as contract0_7_,
        variations4_.id as id1_7_,
        variations4_.id as id1_1_,
        variations4_.text as text1_1_,
        variations4_.contract as contract1_1_,
        subcontrac5_.parent as parent0_8_,
        subcontrac5_.id as id0_8_,
        subcontrac5_.id as id0_2_,
        subcontrac5_.VERS as VERS0_2_,
        subcontrac5_.customerName as customer3_0_2_,
        subcontrac5_."type" as type4_0_2_,
        subcontrac5_.parent as parent0_2_,
        parties6_.contract as contract0_9_,
        parties6_.id as id3_9_,
        parties6_.id as id3_3_,
        parties6_.VERS as VERS3_3_,
        parties6_.contract as contract3_3_,
        parties6_.name as name3_3_ 
    from
        tbl_plan this_ 
    left outer join
        plan_contract contracts2_ 
            on this_.id=contracts2_.col_plan 
    left outer join
        Contract contract3_ 
            on contracts2_.contract=contract3_.id 
    left outer join
        ContractVariation variations4_ 
            on contract3_.id=variations4_.contract 
    left outer join
        Contract subcontrac5_ 
            on contract3_.id=subcontrac5_.parent 
    left outer join
        Party parties6_ 
            on subcontrac5_.id=parties6_.contract 
    where
        this_.id = ? 
    order by
        variations4_.id asc
14:14:09,799 DEBUG SQL:104 - 
    select
        this_.id as id5_4_,
        this_.VERS as VERS5_4_,
        this_.description as descript3_5_4_,
        contracts2_.col_plan as col1_5_6_,
        contract3_.id as contract4_6_,
        contract3_.id as id0_0_,
        contract3_.VERS as VERS0_0_,
        contract3_.customerName as customer3_0_0_,
        contract3_."type" as type4_0_0_,
        contract3_.parent as parent0_0_,
        variations4_.contract as contract0_7_,
        variations4_.id as id1_7_,
        variations4_.id as id1_1_,
        variations4_.text as text1_1_,
        variations4_.contract as contract1_1_,
        subcontrac5_.parent as parent0_8_,
        subcontrac5_.id as id0_8_,
        subcontrac5_.id as id0_2_,
        subcontrac5_.VERS as VERS0_2_,
        subcontrac5_.customerName as customer3_0_2_,
        subcontrac5_."type" as type4_0_2_,
        subcontrac5_.parent as parent0_2_,
        parties6_.contract as contract0_9_,
        parties6_.id as id3_9_,
        parties6_.id as id3_3_,
        parties6_.VERS as VERS3_3_,
        parties6_.contract as contract3_3_,
        parties6_.name as name3_3_ 
    from
        tbl_plan this_ 
    left outer join
        plan_contract contracts2_ 
            on this_.id=contracts2_.col_plan 
    left outer join
        Contract contract3_ 
            on contracts2_.contract=contract3_.id 
    left outer join
        ContractVariation variations4_ 
            on contract3_.id=variations4_.contract 
    left outer join
        Contract subcontrac5_ 
            on contract3_.id=subcontrac5_.parent 
    left outer join
        Party parties6_ 
            on subcontrac5_.id=parties6_.contract 
    where
        this_.id = ? 
    order by
        variations4_.id asc
14:14:09,819 DEBUG SQL:104 - 
    select
        plans0_.contract as contract0_1_,
        plans0_.col_plan as col1_4_1_,
        plan1_.id as id5_0_,
        plan1_.VERS as VERS5_0_,
        plan1_.description as descript3_5_0_ 
    from
        plan_contract plans0_ 
    inner join
        tbl_plan plan1_ 
            on plans0_.col_plan=plan1_.id 
    where
        plans0_.contract=?
14:14:09,820 DEBUG SQL:104 - 
    select
        infos0_.col_plan as col4_5_1_,
        infos0_.id as id2_1_,
        infos0_.id as id2_0_,
        infos0_.VERS as VERS2_0_,
        infos0_.text as text2_0_ 
    from
        Info infos0_ 
    where
        infos0_.col_plan=?
14:14:09,821 DEBUG SQL:104 - 
    select
        parties0_.contract as contract0_1_,
        parties0_.id as id3_1_,
        parties0_.id as id3_0_,
        parties0_.VERS as VERS3_0_,
        parties0_.contract as contract3_0_,
        parties0_.name as name3_0_ 
    from
        Party parties0_ 
    where
        parties0_.contract=?
14:14:09,821 DEBUG SQL:104 - 
    select
        infos0_.contract as contract0_1_,
        infos0_.id as id2_1_,
        infos0_.id as id2_0_,
        infos0_.VERS as VERS2_0_,
        infos0_.text as text2_0_ 
    from
        Info infos0_ 
    where
        infos0_.contract=?
14:14:09,821 DEBUG SQL:104 - 
    select
        infos0_.col_plan as col4_5_1_,
        infos0_.id as id2_1_,
        infos0_.id as id2_0_,
        infos0_.VERS as VERS2_0_,
        infos0_.text as text2_0_ 
    from
        Info infos0_ 
    where
        infos0_.col_plan=?
14:14:09,822 DEBUG SQL:104 - 
    delete 
    from
        plan_contract 
    where
        contract=?
14:14:09,832 DEBUG SQL:104 - 
    delete 
    from
        tbl_plan 
    where
        id=? 
        and VERS=?
14:14:09,833 DEBUG SQL:104 - 
    delete 
    from
        Contract 
    where
        id=? 
        and VERS=?
14:14:09,833 DEBUG SQL:104 - 
    delete 
    from
        tbl_plan 
    where
        id=? 
        and VERS=?
14:14:09,833 DEBUG SQL:104 - 
    select
        count(*) as y0_ 
    from
        tbl_plan this_
14:14:09,844 DEBUG SQL:104 - 
    select
        count(*) as y0_ 
    from
        Contract this_
14:14:09,845  INFO CustomRunner:139 - Test: testMoveManyToManyElementToNewEntityCollection
14:14:09,846 DEBUG SQL:104 - 
    insert 
    into
        tbl_plan
        (VERS, description, id) 
    values
        (?, ?, ?)
14:14:09,847 DEBUG SQL:104 - 
    insert 
    into
        Contract
        (VERS, customerName, "type", parent, id) 
    values
        (?, ?, ?, ?, ?)
14:14:09,847 DEBUG SQL:104 - 
    insert 
    into
        plan_contract
        (contract, col_plan) 
    values
        (?, ?)
14:14:09,848 DEBUG SQL:104 - 
    select
        this_.id as id5_4_,
        this_.VERS as VERS5_4_,
        this_.description as descript3_5_4_,
        contracts2_.col_plan as col1_5_6_,
        contract3_.id as contract4_6_,
        contract3_.id as id0_0_,
        contract3_.VERS as VERS0_0_,
        contract3_.customerName as customer3_0_0_,
        contract3_."type" as type4_0_0_,
        contract3_.parent as parent0_0_,
        variations4_.contract as contract0_7_,
        variations4_.id as id1_7_,
        variations4_.id as id1_1_,
        variations4_.text as text1_1_,
        variations4_.contract as contract1_1_,
        subcontrac5_.parent as parent0_8_,
        subcontrac5_.id as id0_8_,
        subcontrac5_.id as id0_2_,
        subcontrac5_.VERS as VERS0_2_,
        subcontrac5_.customerName as customer3_0_2_,
        subcontrac5_."type" as type4_0_2_,
        subcontrac5_.parent as parent0_2_,
        parties6_.contract as contract0_9_,
        parties6_.id as id3_9_,
        parties6_.id as id3_3_,
        parties6_.VERS as VERS3_3_,
        parties6_.contract as contract3_3_,
        parties6_.name as name3_3_ 
    from
        tbl_plan this_ 
    left outer join
        plan_contract contracts2_ 
            on this_.id=contracts2_.col_plan 
    left outer join
        Contract contract3_ 
            on contracts2_.contract=contract3_.id 
    left outer join
        ContractVariation variations4_ 
            on contract3_.id=variations4_.contract 
    left outer join
        Contract subcontrac5_ 
            on contract3_.id=subcontrac5_.parent 
    left outer join
        Party parties6_ 
            on subcontrac5_.id=parties6_.contract 
    order by
        variations4_.id asc
14:14:09,883 DEBUG SQL:104 - 
    select
        plans0_.contract as contract0_1_,
        plans0_.col_plan as col1_4_1_,
        plan1_.id as id5_0_,
        plan1_.VERS as VERS5_0_,
        plan1_.description as descript3_5_0_ 
    from
        plan_contract plans0_ 
    inner join
        tbl_plan plan1_ 
            on plans0_.col_plan=plan1_.id 
    where
        plans0_.contract=?
14:14:09,884 DEBUG SQL:104 - 
    insert 
    into
        tbl_plan
        (VERS, description, id) 
    values
        (?, ?, ?)
14:14:09,884 DEBUG SQL:104 - 
    update
        Contract 
    set
        VERS=? 
    where
        id=? 
        and VERS=?
14:14:09,890 DEBUG SQL:104 - 
    update
        tbl_plan 
    set
        VERS=? 
    where
        id=? 
        and VERS=?
14:14:09,890 DEBUG SQL:104 - 
    delete 
    from
        plan_contract 
    where
        contract=? 
        and col_plan=?
14:14:09,890 DEBUG SQL:104 - 
    insert 
    into
        plan_contract
        (contract, col_plan) 
    values
        (?, ?)
14:14:09,891 DEBUG SQL:104 - 
    select
        this_.id as id5_4_,
        this_.VERS as VERS5_4_,
        this_.description as descript3_5_4_,
        contracts2_.col_plan as col1_5_6_,
        contract3_.id as contract4_6_,
        contract3_.id as id0_0_,
        contract3_.VERS as VERS0_0_,
        contract3_.customerName as customer3_0_0_,
        contract3_."type" as type4_0_0_,
        contract3_.parent as parent0_0_,
        variations4_.contract as contract0_7_,
        variations4_.id as id1_7_,
        variations4_.id as id1_1_,
        variations4_.text as text1_1_,
        variations4_.contract as contract1_1_,
        subcontrac5_.parent as parent0_8_,
        subcontrac5_.id as id0_8_,
        subcontrac5_.id as id0_2_,
        subcontrac5_.VERS as VERS0_2_,
        subcontrac5_.customerName as customer3_0_2_,
        subcontrac5_."type" as type4_0_2_,
        subcontrac5_.parent as parent0_2_,
        parties6_.contract as contract0_9_,
        parties6_.id as id3_9_,
        parties6_.id as id3_3_,
        parties6_.VERS as VERS3_3_,
        parties6_.contract as contract3_3_,
        parties6_.name as name3_3_ 
    from
        tbl_plan this_ 
    left outer join
        plan_contract contracts2_ 
            on this_.id=contracts2_.col_plan 
    left outer join
        Contract contract3_ 
            on contracts2_.contract=contract3_.id 
    left outer join
        ContractVariation variations4_ 
            on contract3_.id=variations4_.contract 
    left outer join
        Contract subcontrac5_ 
            on contract3_.id=subcontrac5_.parent 
    left outer join
        Party parties6_ 
            on subcontrac5_.id=parties6_.contract 
    where
        this_.id = ? 
    order by
        variations4_.id asc
14:14:09,911 DEBUG SQL:104 - 
    select
        this_.id as id5_4_,
        this_.VERS as VERS5_4_,
        this_.description as descript3_5_4_,
        contracts2_.col_plan as col1_5_6_,
        contract3_.id as contract4_6_,
        contract3_.id as id0_0_,
        contract3_.VERS as VERS0_0_,
        contract3_.customerName as customer3_0_0_,
        contract3_."type" as type4_0_0_,
        contract3_.parent as parent0_0_,
        variations4_.contract as contract0_7_,
        variations4_.id as id1_7_,
        variations4_.id as id1_1_,
        variations4_.text as text1_1_,
        variations4_.contract as contract1_1_,
        subcontrac5_.parent as parent0_8_,
        subcontrac5_.id as id0_8_,
        subcontrac5_.id as id0_2_,
        subcontrac5_.VERS as VERS0_2_,
        subcontrac5_.customerName as customer3_0_2_,
        subcontrac5_."type" as type4_0_2_,
        subcontrac5_.parent as parent0_2_,
        parties6_.contract as contract0_9_,
        parties6_.id as id3_9_,
        parties6_.id as id3_3_,
        parties6_.VERS as VERS3_3_,
        parties6_.contract as contract3_3_,
        parties6_.name as name3_3_ 
    from
        tbl_plan this_ 
    left outer join
        plan_contract contracts2_ 
            on this_.id=contracts2_.col_plan 
    left outer join
        Contract contract3_ 
            on contracts2_.contract=contract3_.id 
    left outer join
        ContractVariation variations4_ 
            on contract3_.id=variations4_.contract 
    left outer join
        Contract subcontrac5_ 
            on contract3_.id=subcontrac5_.parent 
    left outer join
        Party parties6_ 
            on subcontrac5_.id=parties6_.contract 
    where
        this_.id = ? 
    order by
        variations4_.id asc
14:14:09,931 DEBUG SQL:104 - 
    select
        plans0_.contract as contract0_1_,
        plans0_.col_plan as col1_4_1_,
        plan1_.id as id5_0_,
        plan1_.VERS as VERS5_0_,
        plan1_.description as descript3_5_0_ 
    from
        plan_contract plans0_ 
    inner join
        tbl_plan plan1_ 
            on plans0_.col_plan=plan1_.id 
    where
        plans0_.contract=?
14:14:09,931 DEBUG SQL:104 - 
    select
        infos0_.col_plan as col4_5_1_,
        infos0_.id as id2_1_,
        infos0_.id as id2_0_,
        infos0_.VERS as VERS2_0_,
        infos0_.text as text2_0_ 
    from
        Info infos0_ 
    where
        infos0_.col_plan=?
14:14:09,932 DEBUG SQL:104 - 
    select
        parties0_.contract as contract0_1_,
        parties0_.id as id3_1_,
        parties0_.id as id3_0_,
        parties0_.VERS as VERS3_0_,
        parties0_.contract as contract3_0_,
        parties0_.name as name3_0_ 
    from
        Party parties0_ 
    where
        parties0_.contract=?
14:14:09,940 DEBUG SQL:104 - 
    select
        infos0_.contract as contract0_1_,
        infos0_.id as id2_1_,
        infos0_.id as id2_0_,
        infos0_.VERS as VERS2_0_,
        infos0_.text as text2_0_ 
    from
        Info infos0_ 
    where
        infos0_.contract=?
14:14:09,940 DEBUG SQL:104 - 
    select
        infos0_.col_plan as col4_5_1_,
        infos0_.id as id2_1_,
        infos0_.id as id2_0_,
        infos0_.VERS as VERS2_0_,
        infos0_.text as text2_0_ 
    from
        Info infos0_ 
    where
        infos0_.col_plan=?
14:14:09,952 DEBUG SQL:104 - 
    delete 
    from
        plan_contract 
    where
        contract=?
14:14:09,953 DEBUG SQL:104 - 
    delete 
    from
        tbl_plan 
    where
        id=? 
        and VERS=?
14:14:09,953 DEBUG SQL:104 - 
    delete 
    from
        Contract 
    where
        id=? 
        and VERS=?
14:14:09,953 DEBUG SQL:104 - 
    delete 
    from
        tbl_plan 
    where
        id=? 
        and VERS=?
14:14:09,954 DEBUG SQL:104 - 
    select
        count(*) as y0_ 
    from
        tbl_plan this_
14:14:09,954 DEBUG SQL:104 - 
    select
        count(*) as y0_ 
    from
        Contract this_
14:14:09,955  INFO CustomRunner:139 - Test: testRemoveManyToManyElementByDelete
14:14:09,957 DEBUG SQL:104 - 
    insert 
    into
        tbl_plan
        (VERS, description, id) 
    values
        (?, ?, ?)
14:14:09,957 DEBUG SQL:104 - 
    insert 
    into
        Contract
        (VERS, customerName, "type", parent, id) 
    values
        (?, ?, ?, ?, ?)
14:14:09,957 DEBUG SQL:104 - 
    insert 
    into
        plan_contract
        (contract, col_plan) 
    values
        (?, ?)
14:14:09,971 DEBUG SQL:104 - 
    update
        tbl_plan 
    set
        VERS=? 
    where
        id=? 
        and VERS=?
14:14:09,971 DEBUG SQL:104 - 
    delete 
    from
        plan_contract 
    where
        contract=?
14:14:09,972 DEBUG SQL:104 - 
    delete 
    from
        Contract 
    where
        id=? 
        and VERS=?
14:14:09,972 DEBUG SQL:104 - 
    select
        this_.id as id5_4_,
        this_.VERS as VERS5_4_,
        this_.description as descript3_5_4_,
        contracts2_.col_plan as col1_5_6_,
        contract3_.id as contract4_6_,
        contract3_.id as id0_0_,
        contract3_.VERS as VERS0_0_,
        contract3_.customerName as customer3_0_0_,
        contract3_."type" as type4_0_0_,
        contract3_.parent as parent0_0_,
        variations4_.contract as contract0_7_,
        variations4_.id as id1_7_,
        variations4_.id as id1_1_,
        variations4_.text as text1_1_,
        variations4_.contract as contract1_1_,
        subcontrac5_.parent as parent0_8_,
        subcontrac5_.id as id0_8_,
        subcontrac5_.id as id0_2_,
        subcontrac5_.VERS as VERS0_2_,
        subcontrac5_.customerName as customer3_0_2_,
        subcontrac5_."type" as type4_0_2_,
        subcontrac5_.parent as parent0_2_,
        parties6_.contract as contract0_9_,
        parties6_.id as id3_9_,
        parties6_.id as id3_3_,
        parties6_.VERS as VERS3_3_,
        parties6_.contract as contract3_3_,
        parties6_.name as name3_3_ 
    from
        tbl_plan this_ 
    left outer join
        plan_contract contracts2_ 
            on this_.id=contracts2_.col_plan 
    left outer join
        Contract contract3_ 
            on contracts2_.contract=contract3_.id 
    left outer join
        ContractVariation variations4_ 
            on contract3_.id=variations4_.contract 
    left outer join
        Contract subcontrac5_ 
            on contract3_.id=subcontrac5_.parent 
    left outer join
        Party parties6_ 
            on subcontrac5_.id=parties6_.contract 
    order by
        variations4_.id asc
14:14:09,981 DEBUG SQL:104 - 
    select
        infos0_.col_plan as col4_5_1_,
        infos0_.id as id2_1_,
        infos0_.id as id2_0_,
        infos0_.VERS as VERS2_0_,
        infos0_.text as text2_0_ 
    from
        Info infos0_ 
    where
        infos0_.col_plan=?
14:14:10,003 DEBUG SQL:104 - 
    delete 
    from
        tbl_plan 
    where
        id=? 
        and VERS=?
14:14:10,003 DEBUG SQL:104 - 
    select
        count(*) as y0_ 
    from
        tbl_plan this_
14:14:10,004 DEBUG SQL:104 - 
    select
        count(*) as y0_ 
    from
        Contract this_
14:14:10,004  INFO CustomRunner:139 - Test: testRemoveManyToManyElementUsingMerge
14:14:10,006 DEBUG SQL:104 - 
    insert 
    into
        tbl_plan
        (VERS, description, id) 
    values
        (?, ?, ?)
14:14:10,006 DEBUG SQL:104 - 
    insert 
    into
        Contract
        (VERS, customerName, "type", parent, id) 
    values
        (?, ?, ?, ?, ?)
14:14:10,006 DEBUG SQL:104 - 
    insert 
    into
        plan_contract
        (contract, col_plan) 
    values
        (?, ?)
14:14:10,007 DEBUG SQL:104 - 
    select
        plan0_.id as id5_1_,
        plan0_.VERS as VERS5_1_,
        plan0_.description as descript3_5_1_,
        contracts1_.col_plan as col1_5_3_,
        contract2_.id as contract4_3_,
        contract2_.id as id0_0_,
        contract2_.VERS as VERS0_0_,
        contract2_.customerName as customer3_0_0_,
        contract2_."type" as type4_0_0_,
        contract2_.parent as parent0_0_ 
    from
        tbl_plan plan0_ 
    left outer join
        plan_contract contracts1_ 
            on plan0_.id=contracts1_.col_plan 
    left outer join
        Contract contract2_ 
            on contracts1_.contract=contract2_.id 
    where
        plan0_.id=?
14:14:10,008 DEBUG SQL:104 - 
    select
        infos0_.col_plan as col4_5_1_,
        infos0_.id as id2_1_,
        infos0_.id as id2_0_,
        infos0_.VERS as VERS2_0_,
        infos0_.text as text2_0_ 
    from
        Info infos0_ 
    where
        infos0_.col_plan=?
14:14:10,024 DEBUG SQL:104 - 
    update
        tbl_plan 
    set
        VERS=? 
    where
        id=? 
        and VERS=?
14:14:10,025 DEBUG SQL:104 - 
    select
        this_.id as id5_4_,
        this_.VERS as VERS5_4_,
        this_.description as descript3_5_4_,
        contracts2_.col_plan as col1_5_6_,
        contract3_.id as contract4_6_,
        contract3_.id as id0_0_,
        contract3_.VERS as VERS0_0_,
        contract3_.customerName as customer3_0_0_,
        contract3_."type" as type4_0_0_,
        contract3_.parent as parent0_0_,
        variations4_.contract as contract0_7_,
        variations4_.id as id1_7_,
        variations4_.id as id1_1_,
        variations4_.text as text1_1_,
        variations4_.contract as contract1_1_,
        subcontrac5_.parent as parent0_8_,
        subcontrac5_.id as id0_8_,
        subcontrac5_.id as id0_2_,
        subcontrac5_.VERS as VERS0_2_,
        subcontrac5_.customerName as customer3_0_2_,
        subcontrac5_."type" as type4_0_2_,
        subcontrac5_.parent as parent0_2_,
        parties6_.contract as contract0_9_,
        parties6_.id as id3_9_,
        parties6_.id as id3_3_,
        parties6_.VERS as VERS3_3_,
        parties6_.contract as contract3_3_,
        parties6_.name as name3_3_ 
    from
        tbl_plan this_ 
    left outer join
        plan_contract contracts2_ 
            on this_.id=contracts2_.col_plan 
    left outer join
        Contract contract3_ 
            on contracts2_.contract=contract3_.id 
    left outer join
        ContractVariation variations4_ 
            on contract3_.id=variations4_.contract 
    left outer join
        Contract subcontrac5_ 
            on contract3_.id=subcontrac5_.parent 
    left outer join
        Party parties6_ 
            on subcontrac5_.id=parties6_.contract 
    order by
        variations4_.id asc
14:14:10,046 DEBUG SQL:104 - 
    select
        plans0_.contract as contract0_1_,
        plans0_.col_plan as col1_4_1_,
        plan1_.id as id5_0_,
        plan1_.VERS as VERS5_0_,
        plan1_.description as descript3_5_0_ 
    from
        plan_contract plans0_ 
    inner join
        tbl_plan plan1_ 
            on plans0_.col_plan=plan1_.id 
    where
        plans0_.contract=?
14:14:10,048 DEBUG SQL:104 - 
    select
        parties0_.contract as contract0_1_,
        parties0_.id as id3_1_,
        parties0_.id as id3_0_,
        parties0_.VERS as VERS3_0_,
        parties0_.contract as contract3_0_,
        parties0_.name as name3_0_ 
    from
        Party parties0_ 
    where
        parties0_.contract=?
14:14:10,056 DEBUG SQL:104 - 
    select
        infos0_.contract as contract0_1_,
        infos0_.id as id2_1_,
        infos0_.id as id2_0_,
        infos0_.VERS as VERS2_0_,
        infos0_.text as text2_0_ 
    from
        Info infos0_ 
    where
        infos0_.contract=?
14:14:10,057 DEBUG SQL:104 - 
    select
        infos0_.col_plan as col4_5_1_,
        infos0_.id as id2_1_,
        infos0_.id as id2_0_,
        infos0_.VERS as VERS2_0_,
        infos0_.text as text2_0_ 
    from
        Info infos0_ 
    where
        infos0_.col_plan=?
14:14:10,058 DEBUG SQL:104 - 
    delete 
    from
        plan_contract 
    where
        contract=?
14:14:10,059 DEBUG SQL:104 - 
    delete 
    from
        Contract 
    where
        id=? 
        and VERS=?
14:14:10,067 DEBUG SQL:104 - 
    delete 
    from
        tbl_plan 
    where
        id=? 
        and VERS=?
14:14:10,068 DEBUG SQL:104 - 
    select
        count(*) as y0_ 
    from
        tbl_plan this_
14:14:10,068 DEBUG SQL:104 - 
    select
        count(*) as y0_ 
    from
        Contract this_
14:14:10,069  INFO CustomRunner:139 - Test: testRemoveManyToManyElementUsingMergeBothSides
14:14:10,071 DEBUG SQL:104 - 
    insert 
    into
        tbl_plan
        (VERS, description, id) 
    values
        (?, ?, ?)
14:14:10,078 DEBUG SQL:104 - 
    insert 
    into
        Contract
        (VERS, customerName, "type", parent, id) 
    values
        (?, ?, ?, ?, ?)
14:14:10,079 DEBUG SQL:104 - 
    insert 
    into
        plan_contract
        (contract, col_plan) 
    values
        (?, ?)
14:14:10,080 DEBUG SQL:104 - 
    select
        plan0_.id as id5_1_,
        plan0_.VERS as VERS5_1_,
        plan0_.description as descript3_5_1_,
        contracts1_.col_plan as col1_5_3_,
        contract2_.id as contract4_3_,
        contract2_.id as id0_0_,
        contract2_.VERS as VERS0_0_,
        contract2_.customerName as customer3_0_0_,
        contract2_."type" as type4_0_0_,
        contract2_.parent as parent0_0_ 
    from
        tbl_plan plan0_ 
    left outer join
        plan_contract contracts1_ 
            on plan0_.id=contracts1_.col_plan 
    left outer join
        Contract contract2_ 
            on contracts1_.contract=contract2_.id 
    where
        plan0_.id=?
14:14:10,081 DEBUG SQL:104 - 
    select
        infos0_.col_plan as col4_5_1_,
        infos0_.id as id2_1_,
        infos0_.id as id2_0_,
        infos0_.VERS as VERS2_0_,
        infos0_.text as text2_0_ 
    from
        Info infos0_ 
    where
        infos0_.col_plan=?
14:14:10,082 DEBUG SQL:104 - 
    select
        variations0_.contract as contract0_1_,
        variations0_.id as id1_1_,
        variations0_.id as id1_0_,
        variations0_.text as text1_0_,
        variations0_.contract as contract1_0_ 
    from
        ContractVariation variations0_ 
    where
        variations0_.contract=? 
    order by
        variations0_.id asc
14:14:10,093 DEBUG SQL:104 - 
    select
        plans0_.contract as contract0_1_,
        plans0_.col_plan as col1_4_1_,
        plan1_.id as id5_0_,
        plan1_.VERS as VERS5_0_,
        plan1_.description as descript3_5_0_ 
    from
        plan_contract plans0_ 
    inner join
        tbl_plan plan1_ 
            on plans0_.col_plan=plan1_.id 
    where
        plans0_.contract=?
14:14:10,094 DEBUG SQL:104 - 
    select
        infos0_.contract as contract0_1_,
        infos0_.id as id2_1_,
        infos0_.id as id2_0_,
        infos0_.VERS as VERS2_0_,
        infos0_.text as text2_0_ 
    from
        Info infos0_ 
    where
        infos0_.contract=?
14:14:10,095 DEBUG SQL:104 - 
    update
        Contract 
    set
        VERS=? 
    where
        id=? 
        and VERS=?
14:14:10,104 DEBUG SQL:104 - 
    update
        tbl_plan 
    set
        VERS=? 
    where
        id=? 
        and VERS=?
14:14:10,104 DEBUG SQL:104 - 
    delete 
    from
        plan_contract 
    where
        contract=?
14:14:10,105 DEBUG SQL:104 - 
    select
        this_.id as id5_4_,
        this_.VERS as VERS5_4_,
        this_.description as descript3_5_4_,
        contracts2_.col_plan as col1_5_6_,
        contract3_.id as contract4_6_,
        contract3_.id as id0_0_,
        contract3_.VERS as VERS0_0_,
        contract3_.customerName as customer3_0_0_,
        contract3_."type" as type4_0_0_,
        contract3_.parent as parent0_0_,
        variations4_.contract as contract0_7_,
        variations4_.id as id1_7_,
        variations4_.id as id1_1_,
        variations4_.text as text1_1_,
        variations4_.contract as contract1_1_,
        subcontrac5_.parent as parent0_8_,
        subcontrac5_.id as id0_8_,
        subcontrac5_.id as id0_2_,
        subcontrac5_.VERS as VERS0_2_,
        subcontrac5_.customerName as customer3_0_2_,
        subcontrac5_."type" as type4_0_2_,
        subcontrac5_.parent as parent0_2_,
        parties6_.contract as contract0_9_,
        parties6_.id as id3_9_,
        parties6_.id as id3_3_,
        parties6_.VERS as VERS3_3_,
        parties6_.contract as contract3_3_,
        parties6_.name as name3_3_ 
    from
        tbl_plan this_ 
    left outer join
        plan_contract contracts2_ 
            on this_.id=contracts2_.col_plan 
    left outer join
        Contract contract3_ 
            on contracts2_.contract=contract3_.id 
    left outer join
        ContractVariation variations4_ 
            on contract3_.id=variations4_.contract 
    left outer join
        Contract subcontrac5_ 
            on contract3_.id=subcontrac5_.parent 
    left outer join
        Party parties6_ 
            on subcontrac5_.id=parties6_.contract 
    order by
        variations4_.id asc
14:14:10,129 DEBUG SQL:104 - 
    select
        this_.id as id0_3_,
        this_.VERS as VERS0_3_,
        this_.customerName as customer3_0_3_,
        this_."type" as type4_0_3_,
        this_.parent as parent0_3_,
        variations2_.contract as contract0_5_,
        variations2_.id as id1_5_,
        variations2_.id as id1_0_,
        variations2_.text as text1_0_,
        variations2_.contract as contract1_0_,
        subcontrac3_.parent as parent0_6_,
        subcontrac3_.id as id0_6_,
        subcontrac3_.id as id0_1_,
        subcontrac3_.VERS as VERS0_1_,
        subcontrac3_.customerName as customer3_0_1_,
        subcontrac3_."type" as type4_0_1_,
        subcontrac3_.parent as parent0_1_,
        parties4_.contract as contract0_7_,
        parties4_.id as id3_7_,
        parties4_.id as id3_2_,
        parties4_.VERS as VERS3_2_,
        parties4_.contract as contract3_2_,
        parties4_.name as name3_2_ 
    from
        Contract this_ 
    left outer join
        ContractVariation variations2_ 
            on this_.id=variations2_.contract 
    left outer join
        Contract subcontrac3_ 
            on this_.id=subcontrac3_.parent 
    left outer join
        Party parties4_ 
            on subcontrac3_.id=parties4_.contract 
    order by
        variations2_.id asc
14:14:10,149 DEBUG SQL:104 - 
    select
        plans0_.contract as contract0_1_,
        plans0_.col_plan as col1_4_1_,
        plan1_.id as id5_0_,
        plan1_.VERS as VERS5_0_,
        plan1_.description as descript3_5_0_ 
    from
        plan_contract plans0_ 
    inner join
        tbl_plan plan1_ 
            on plans0_.col_plan=plan1_.id 
    where
        plans0_.contract=?
14:14:10,150 DEBUG SQL:104 - 
    select
        parties0_.contract as contract0_1_,
        parties0_.id as id3_1_,
        parties0_.id as id3_0_,
        parties0_.VERS as VERS3_0_,
        parties0_.contract as contract3_0_,
        parties0_.name as name3_0_ 
    from
        Party parties0_ 
    where
        parties0_.contract=?
14:14:10,150 DEBUG SQL:104 - 
    select
        infos0_.contract as contract0_1_,
        infos0_.id as id2_1_,
        infos0_.id as id2_0_,
        infos0_.VERS as VERS2_0_,
        infos0_.text as text2_0_ 
    from
        Info infos0_ 
    where
        infos0_.contract=?
14:14:10,161 DEBUG SQL:104 - 
    select
        infos0_.col_plan as col4_5_1_,
        infos0_.id as id2_1_,
        infos0_.id as id2_0_,
        infos0_.VERS as VERS2_0_,
        infos0_.text as text2_0_ 
    from
        Info infos0_ 
    where
        infos0_.col_plan=?
14:14:10,162 DEBUG SQL:104 - 
    delete 
    from
        Contract 
    where
        id=? 
        and VERS=?
14:14:10,163 DEBUG SQL:104 - 
    delete 
    from
        tbl_plan 
    where
        id=? 
        and VERS=?
14:14:10,172 DEBUG SQL:104 - 
    select
        count(*) as y0_ 
    from
        tbl_plan this_
14:14:10,173 DEBUG SQL:104 - 
    select
        count(*) as y0_ 
    from
        Contract this_
14:14:10,173  INFO CustomRunner:139 - Test: testRemoveManyToManyElementUsingUpdate
14:14:10,174 DEBUG SQL:104 - 
    insert 
    into
        tbl_plan
        (VERS, description, id) 
    values
        (?, ?, ?)
14:14:10,175 DEBUG SQL:104 - 
    insert 
    into
        Contract
        (VERS, customerName, "type", parent, id) 
    values
        (?, ?, ?, ?, ?)
14:14:10,175 DEBUG SQL:104 - 
    insert 
    into
        plan_contract
        (contract, col_plan) 
    values
        (?, ?)
14:14:10,181 DEBUG SQL:104 - 
    update
        tbl_plan 
    set
        VERS=? 
    where
        id=? 
        and VERS=?
14:14:10,182 DEBUG SQL:104 - 
    select
        this_.id as id5_4_,
        this_.VERS as VERS5_4_,
        this_.description as descript3_5_4_,
        contracts2_.col_plan as col1_5_6_,
        contract3_.id as contract4_6_,
        contract3_.id as id0_0_,
        contract3_.VERS as VERS0_0_,
        contract3_.customerName as customer3_0_0_,
        contract3_."type" as type4_0_0_,
        contract3_.parent as parent0_0_,
        variations4_.contract as contract0_7_,
        variations4_.id as id1_7_,
        variations4_.id as id1_1_,
        variations4_.text as text1_1_,
        variations4_.contract as contract1_1_,
        subcontrac5_.parent as parent0_8_,
        subcontrac5_.id as id0_8_,
        subcontrac5_.id as id0_2_,
        subcontrac5_.VERS as VERS0_2_,
        subcontrac5_.customerName as customer3_0_2_,
        subcontrac5_."type" as type4_0_2_,
        subcontrac5_.parent as parent0_2_,
        parties6_.contract as contract0_9_,
        parties6_.id as id3_9_,
        parties6_.id as id3_3_,
        parties6_.VERS as VERS3_3_,
        parties6_.contract as contract3_3_,
        parties6_.name as name3_3_ 
    from
        tbl_plan this_ 
    left outer join
        plan_contract contracts2_ 
            on this_.id=contracts2_.col_plan 
    left outer join
        Contract contract3_ 
            on contracts2_.contract=contract3_.id 
    left outer join
        ContractVariation variations4_ 
            on contract3_.id=variations4_.contract 
    left outer join
        Contract subcontrac5_ 
            on contract3_.id=subcontrac5_.parent 
    left outer join
        Party parties6_ 
            on subcontrac5_.id=parties6_.contract 
    order by
        variations4_.id asc
14:14:10,202 DEBUG SQL:104 - 
    select
        plans0_.contract as contract0_1_,
        plans0_.col_plan as col1_4_1_,
        plan1_.id as id5_0_,
        plan1_.VERS as VERS5_0_,
        plan1_.description as descript3_5_0_ 
    from
        plan_contract plans0_ 
    inner join
        tbl_plan plan1_ 
            on plans0_.col_plan=plan1_.id 
    where
        plans0_.contract=?
14:14:10,203 DEBUG SQL:104 - 
    select
        parties0_.contract as contract0_1_,
        parties0_.id as id3_1_,
        parties0_.id as id3_0_,
        parties0_.VERS as VERS3_0_,
        parties0_.contract as contract3_0_,
        parties0_.name as name3_0_ 
    from
        Party parties0_ 
    where
        parties0_.contract=?
14:14:10,203 DEBUG SQL:104 - 
    select
        infos0_.contract as contract0_1_,
        infos0_.id as id2_1_,
        infos0_.id as id2_0_,
        infos0_.VERS as VERS2_0_,
        infos0_.text as text2_0_ 
    from
        Info infos0_ 
    where
        infos0_.contract=?
14:14:10,212 DEBUG SQL:104 - 
    select
        infos0_.col_plan as col4_5_1_,
        infos0_.id as id2_1_,
        infos0_.id as id2_0_,
        infos0_.VERS as VERS2_0_,
        infos0_.text as text2_0_ 
    from
        Info infos0_ 
    where
        infos0_.col_plan=?
14:14:10,213 DEBUG SQL:104 - 
    delete 
    from
        plan_contract 
    where
        contract=?
14:14:10,213 DEBUG SQL:104 - 
    delete 
    from
        Contract 
    where
        id=? 
        and VERS=?
14:14:10,214 DEBUG SQL:104 - 
    delete 
    from
        tbl_plan 
    where
        id=? 
        and VERS=?
14:14:10,214 DEBUG SQL:104 - 
    select
        count(*) as y0_ 
    from
        tbl_plan this_
14:14:10,214 DEBUG SQL:104 - 
    select
        count(*) as y0_ 
    from
        Contract this_
14:14:10,215  INFO CustomRunner:139 - Test: testRemoveManyToManyElementUsingUpdateBothSides
14:14:10,216 DEBUG SQL:104 - 
    insert 
    into
        tbl_plan
        (VERS, description, id) 
    values
        (?, ?, ?)
14:14:10,217 DEBUG SQL:104 - 
    insert 
    into
        Contract
        (VERS, customerName, "type", parent, id) 
    values
        (?, ?, ?, ?, ?)
14:14:10,226 DEBUG SQL:104 - 
    insert 
    into
        plan_contract
        (contract, col_plan) 
    values
        (?, ?)
14:14:10,227 DEBUG SQL:104 - 
    update
        tbl_plan 
    set
        VERS=? 
    where
        id=? 
        and VERS=?
14:14:10,227 DEBUG SQL:104 - 
    update
        Contract 
    set
        VERS=? 
    where
        id=? 
        and VERS=?
14:14:10,228 DEBUG SQL:104 - 
    delete 
    from
        plan_contract 
    where
        contract=?
14:14:10,237 DEBUG SQL:104 - 
    select
        this_.id as id5_4_,
        this_.VERS as VERS5_4_,
        this_.description as descript3_5_4_,
        contracts2_.col_plan as col1_5_6_,
        contract3_.id as contract4_6_,
        contract3_.id as id0_0_,
        contract3_.VERS as VERS0_0_,
        contract3_.customerName as customer3_0_0_,
        contract3_."type" as type4_0_0_,
        contract3_.parent as parent0_0_,
        variations4_.contract as contract0_7_,
        variations4_.id as id1_7_,
        variations4_.id as id1_1_,
        variations4_.text as text1_1_,
        variations4_.contract as contract1_1_,
        subcontrac5_.parent as parent0_8_,
        subcontrac5_.id as id0_8_,
        subcontrac5_.id as id0_2_,
        subcontrac5_.VERS as VERS0_2_,
        subcontrac5_.customerName as customer3_0_2_,
        subcontrac5_."type" as type4_0_2_,
        subcontrac5_.parent as parent0_2_,
        parties6_.contract as contract0_9_,
        parties6_.id as id3_9_,
        parties6_.id as id3_3_,
        parties6_.VERS as VERS3_3_,
        parties6_.contract as contract3_3_,
        parties6_.name as name3_3_ 
    from
        tbl_plan this_ 
    left outer join
        plan_contract contracts2_ 
            on this_.id=contracts2_.col_plan 
    left outer join
        Contract contract3_ 
            on contracts2_.contract=contract3_.id 
    left outer join
        ContractVariation variations4_ 
            on contract3_.id=variations4_.contract 
    left outer join
        Contract subcontrac5_ 
            on contract3_.id=subcontrac5_.parent 
    left outer join
        Party parties6_ 
            on subcontrac5_.id=parties6_.contract 
    order by
        variations4_.id asc
14:14:10,261 DEBUG SQL:104 - 
    select
        this_.id as id0_3_,
        this_.VERS as VERS0_3_,
        this_.customerName as customer3_0_3_,
        this_."type" as type4_0_3_,
        this_.parent as parent0_3_,
        variations2_.contract as contract0_5_,
        variations2_.id as id1_5_,
        variations2_.id as id1_0_,
        variations2_.text as text1_0_,
        variations2_.contract as contract1_0_,
        subcontrac3_.parent as parent0_6_,
        subcontrac3_.id as id0_6_,
        subcontrac3_.id as id0_1_,
        subcontrac3_.VERS as VERS0_1_,
        subcontrac3_.customerName as customer3_0_1_,
        subcontrac3_."type" as type4_0_1_,
        subcontrac3_.parent as parent0_1_,
        parties4_.contract as contract0_7_,
        parties4_.id as id3_7_,
        parties4_.id as id3_2_,
        parties4_.VERS as VERS3_2_,
        parties4_.contract as contract3_2_,
        parties4_.name as name3_2_ 
    from
        Contract this_ 
    left outer join
        ContractVariation variations2_ 
            on this_.id=variations2_.contract 
    left outer join
        Contract subcontrac3_ 
            on this_.id=subcontrac3_.parent 
    left outer join
        Party parties4_ 
            on subcontrac3_.id=parties4_.contract 
    order by
        variations2_.id asc
14:14:10,270 DEBUG SQL:104 - 
    select
        plans0_.contract as contract0_1_,
        plans0_.col_plan as col1_4_1_,
        plan1_.id as id5_0_,
        plan1_.VERS as VERS5_0_,
        plan1_.description as descript3_5_0_ 
    from
        plan_contract plans0_ 
    inner join
        tbl_plan plan1_ 
            on plans0_.col_plan=plan1_.id 
    where
        plans0_.contract=?
14:14:10,271 DEBUG SQL:104 - 
    select
        parties0_.contract as contract0_1_,
        parties0_.id as id3_1_,
        parties0_.id as id3_0_,
        parties0_.VERS as VERS3_0_,
        parties0_.contract as contract3_0_,
        parties0_.name as name3_0_ 
    from
        Party parties0_ 
    where
        parties0_.contract=?
14:14:10,280 DEBUG SQL:104 - 
    select
        infos0_.contract as contract0_1_,
        infos0_.id as id2_1_,
        infos0_.id as id2_0_,
        infos0_.VERS as VERS2_0_,
        infos0_.text as text2_0_ 
    from
        Info infos0_ 
    where
        infos0_.contract=?
14:14:10,281 DEBUG SQL:104 - 
    select
        infos0_.col_plan as col4_5_1_,
        infos0_.id as id2_1_,
        infos0_.id as id2_0_,
        infos0_.VERS as VERS2_0_,
        infos0_.text as text2_0_ 
    from
        Info infos0_ 
    where
        infos0_.col_plan=?
14:14:10,291 DEBUG SQL:104 - 
    delete 
    from
        Contract 
    where
        id=? 
        and VERS=?
14:14:10,291 DEBUG SQL:104 - 
    delete 
    from
        tbl_plan 
    where
        id=? 
        and VERS=?
14:14:10,291 DEBUG SQL:104 - 
    select
        count(*) as y0_ 
    from
        tbl_plan this_
14:14:10,292 DEBUG SQL:104 - 
    select
        count(*) as y0_ 
    from
        Contract this_
14:14:10,292  INFO CustomRunner:139 - Test: testUpdateProperty
14:14:10,294 DEBUG SQL:104 - 
    insert 
    into
        tbl_plan
        (VERS, description, id) 
    values
        (?, ?, ?)
14:14:10,300 DEBUG SQL:104 - 
    insert 
    into
        Contract
        (VERS, customerName, "type", parent, id) 
    values
        (?, ?, ?, ?, ?)
14:14:10,301 DEBUG SQL:104 - 
    insert 
    into
        plan_contract
        (contract, col_plan) 
    values
        (?, ?)
14:14:10,302 DEBUG SQL:104 - 
    select
        this_.id as id5_4_,
        this_.VERS as VERS5_4_,
        this_.description as descript3_5_4_,
        contracts2_.col_plan as col1_5_6_,
        contract3_.id as contract4_6_,
        contract3_.id as id0_0_,
        contract3_.VERS as VERS0_0_,
        contract3_.customerName as customer3_0_0_,
        contract3_."type" as type4_0_0_,
        contract3_.parent as parent0_0_,
        variations4_.contract as contract0_7_,
        variations4_.id as id1_7_,
        variations4_.id as id1_1_,
        variations4_.text as text1_1_,
        variations4_.contract as contract1_1_,
        subcontrac5_.parent as parent0_8_,
        subcontrac5_.id as id0_8_,
        subcontrac5_.id as id0_2_,
        subcontrac5_.VERS as VERS0_2_,
        subcontrac5_.customerName as customer3_0_2_,
        subcontrac5_."type" as type4_0_2_,
        subcontrac5_.parent as parent0_2_,
        parties6_.contract as contract0_9_,
        parties6_.id as id3_9_,
        parties6_.id as id3_3_,
        parties6_.VERS as VERS3_3_,
        parties6_.contract as contract3_3_,
        parties6_.name as name3_3_ 
    from
        tbl_plan this_ 
    left outer join
        plan_contract contracts2_ 
            on this_.id=contracts2_.col_plan 
    left outer join
        Contract contract3_ 
            on contracts2_.contract=contract3_.id 
    left outer join
        ContractVariation variations4_ 
            on contract3_.id=variations4_.contract 
    left outer join
        Contract subcontrac5_ 
            on contract3_.id=subcontrac5_.parent 
    left outer join
        Party parties6_ 
            on subcontrac5_.id=parties6_.contract 
    order by
        variations4_.id asc
14:14:10,324 DEBUG SQL:104 - 
    select
        this_.id as id5_4_,
        this_.VERS as VERS5_4_,
        this_.description as descript3_5_4_,
        contracts2_.col_plan as col1_5_6_,
        contract3_.id as contract4_6_,
        contract3_.id as id0_0_,
        contract3_.VERS as VERS0_0_,
        contract3_.customerName as customer3_0_0_,
        contract3_."type" as type4_0_0_,
        contract3_.parent as parent0_0_,
        variations4_.contract as contract0_7_,
        variations4_.id as id1_7_,
        variations4_.id as id1_1_,
        variations4_.text as text1_1_,
        variations4_.contract as contract1_1_,
        subcontrac5_.parent as parent0_8_,
        subcontrac5_.id as id0_8_,
        subcontrac5_.id as id0_2_,
        subcontrac5_.VERS as VERS0_2_,
        subcontrac5_.customerName as customer3_0_2_,
        subcontrac5_."type" as type4_0_2_,
        subcontrac5_.parent as parent0_2_,
        parties6_.contract as contract0_9_,
        parties6_.id as id3_9_,
        parties6_.id as id3_3_,
        parties6_.VERS as VERS3_3_,
        parties6_.contract as contract3_3_,
        parties6_.name as name3_3_ 
    from
        tbl_plan this_ 
    left outer join
        plan_contract contracts2_ 
            on this_.id=contracts2_.col_plan 
    left outer join
        Contract contract3_ 
            on contracts2_.contract=contract3_.id 
    left outer join
        ContractVariation variations4_ 
            on contract3_.id=variations4_.contract 
    left outer join
        Contract subcontrac5_ 
            on contract3_.id=subcontrac5_.parent 
    left outer join
        Party parties6_ 
            on subcontrac5_.id=parties6_.contract 
    order by
        variations4_.id asc
14:14:10,333 DEBUG SQL:104 - 
    select
        plans0_.contract as contract0_1_,
        plans0_.col_plan as col1_4_1_,
        plan1_.id as id5_0_,
        plan1_.VERS as VERS5_0_,
        plan1_.description as descript3_5_0_ 
    from
        plan_contract plans0_ 
    inner join
        tbl_plan plan1_ 
            on plans0_.col_plan=plan1_.id 
    where
        plans0_.contract=?
14:14:10,342 DEBUG SQL:104 - 
    select
        parties0_.contract as contract0_1_,
        parties0_.id as id3_1_,
        parties0_.id as id3_0_,
        parties0_.VERS as VERS3_0_,
        parties0_.contract as contract3_0_,
        parties0_.name as name3_0_ 
    from
        Party parties0_ 
    where
        parties0_.contract=?
14:14:10,343 DEBUG SQL:104 - 
    select
        infos0_.contract as contract0_1_,
        infos0_.id as id2_1_,
        infos0_.id as id2_0_,
        infos0_.VERS as VERS2_0_,
        infos0_.text as text2_0_ 
    from
        Info infos0_ 
    where
        infos0_.contract=?
14:14:10,343 DEBUG SQL:104 - 
    select
        infos0_.col_plan as col4_5_1_,
        infos0_.id as id2_1_,
        infos0_.id as id2_0_,
        infos0_.VERS as VERS2_0_,
        infos0_.text as text2_0_ 
    from
        Info infos0_ 
    where
        infos0_.col_plan=?
14:14:10,344 DEBUG SQL:104 - 
    delete 
    from
        plan_contract 
    where
        contract=?
14:14:10,344 DEBUG SQL:104 - 
    delete 
    from
        Contract 
    where
        id=? 
        and VERS=?
14:14:10,344 DEBUG SQL:104 - 
    delete 
    from
        tbl_plan 
    where
        id=? 
        and VERS=?
14:14:10,355 DEBUG SQL:104 - 
    select
        count(*) as y0_ 
    from
        Contract this_
14:14:10,356 DEBUG SQL:104 - 
    select
        count(*) as y0_ 
    from
        tbl_plan this_
14:14:10,356  INFO SchemaExport:343 - HHH000227: Running hbm2ddl schema export
14:14:10,357 DEBUG SchemaExport:353 - Import file not found: /import.sql
14:14:10,357 DEBUG SQL:104 - 
    alter table Contract 
        drop constraint FKE20F7532190ADCD1
14:14:10,357 DEBUG SQL:104 - 
    alter table ContractVariation 
        drop constraint FKB86C05013294E539
14:14:10,358 DEBUG SQL:104 - 
    alter table Info 
        drop constraint FK22D8CEA0A0D346
14:14:10,358 DEBUG SQL:104 - 
    alter table Info 
        drop constraint FK22D8CE1F1952D7
14:14:10,358 DEBUG SQL:104 - 
    alter table Info 
        drop constraint FK22D8CE3294E539
14:14:10,367 DEBUG SQL:104 - 
    alter table Info 
        drop constraint FK22D8CEF8244EED
14:14:10,367 DEBUG SQL:104 - 
    alter table Party 
        drop constraint FK4952AC63294E539
14:14:10,367 DEBUG SQL:104 - 
    alter table plan_contract 
        drop constraint FKDE1535683294E539
14:14:10,367 DEBUG SQL:104 - 
    alter table plan_contract 
        drop constraint FKDE153568A0A0D346
14:14:10,368 DEBUG SQL:104 - 
    drop table Contract if exists
14:14:10,368 DEBUG SQL:104 - 
    drop table ContractVariation if exists
14:14:10,368 DEBUG SQL:104 - 
    drop table Info if exists
14:14:10,368 DEBUG SQL:104 - 
    drop table Party if exists
14:14:10,368 DEBUG SQL:104 - 
    drop table plan_contract if exists
14:14:10,369 DEBUG SQL:104 - 
    drop table tbl_plan if exists
14:14:10,369  INFO SchemaExport:405 - HHH000230: Schema export complete
14:14:10,369  INFO DriverManagerConnectionProviderImpl:162 - HHH000030: Cleaning up connection pool [jdbc:h2:mem:db1;DB_CLOSE_DELAY=-1;MVCC=TRUE]
]]></system-out>
  <system-err><![CDATA[]]></system-err>
</testsuite>
