<?xml version="1.0" encoding="UTF-8"?>
<testsuite errors="0" failures="0" hostname="dhcp-10.15.208.168.stl.redhat.com" name="org.hibernate.metamodel.source.internal.SessionFactoryBuilderImplTest" tests="3" time="0.064" timestamp="2013-02-28T20:10:03">
  <properties />
  <testcase classname="org.hibernate.metamodel.source.internal.SessionFactoryBuilderImplTest" name="testBuildSessionFactoryWithDefaultOptions" time="0.023" />
  <testcase classname="org.hibernate.metamodel.source.internal.SessionFactoryBuilderImplTest" name="testBuildSessionFactoryWithUpdatedOptions" time="0.015" />
  <testcase classname="org.hibernate.metamodel.source.internal.SessionFactoryBuilderImplTest" name="testGettingSessionFactoryBuilder" time="0.008" />
  <system-out><![CDATA[14:10:03,535  INFO CustomRunner:132 - BeforeClass: org.hibernate.metamodel.source.internal.SessionFactoryBuilderImplTest
14:10:03,535  INFO CustomRunner:139 - Test: testBuildSessionFactoryWithDefaultOptions
14:10:03,540  INFO DriverManagerConnectionProviderImpl:99 - HHH000402: Using Hibernate built-in connection pool (not for production use!)
14:10:03,540  INFO DriverManagerConnectionProviderImpl:135 - HHH000115: Hibernate connection pool size: 5
14:10:03,540  INFO DriverManagerConnectionProviderImpl:138 - HHH000006: Autocommit mode: false
14:10:03,540  INFO DriverManagerConnectionProviderImpl:153 - HHH000401: using driver [org.h2.Driver] at URL [jdbc:h2:mem:db1;DB_CLOSE_DELAY=-1;MVCC=TRUE]
14:10:03,541  INFO DriverManagerConnectionProviderImpl:158 - HHH000046: Connection properties: {user=sa}
14:10:03,542  INFO Dialect:103 - HHH000400: Using dialect: org.hibernate.dialect.H2Dialect
14:10:03,542  INFO LobCreatorBuilder:94 - HHH000423: Disabling contextual LOB creation as JDBC driver reported JDBC version [3] less than 4
14:10:03,543  WARN CachingRegionFactory:53 - CachingRegionFactory should be only used for testing.
14:10:03,546  INFO TransactionFactoryInitiator:66 - HHH000399: Using default transaction strategy (direct JDBC transactions)
14:10:03,546  INFO ASTQueryTranslatorFactory:48 - HHH000397: Using ASTQueryTranslatorFactory
14:10:03,546  WARN CachingRegionFactory:58 - CachingRegionFactory should be only used for testing.
14:10:03,558  WARN SessionFactoryImpl:1554 - HHH000008: JTASessionContext being used with JDBCTransactionFactory; auto-flush will not operate correctly with getCurrentSession()
14:10:03,571  INFO CustomRunner:139 - Test: testBuildSessionFactoryWithUpdatedOptions
14:10:03,577  INFO DriverManagerConnectionProviderImpl:99 - HHH000402: Using Hibernate built-in connection pool (not for production use!)
14:10:03,578  INFO DriverManagerConnectionProviderImpl:135 - HHH000115: Hibernate connection pool size: 5
14:10:03,578  INFO DriverManagerConnectionProviderImpl:138 - HHH000006: Autocommit mode: false
14:10:03,578  INFO DriverManagerConnectionProviderImpl:153 - HHH000401: using driver [org.h2.Driver] at URL [jdbc:h2:mem:db1;DB_CLOSE_DELAY=-1;MVCC=TRUE]
14:10:03,578  INFO DriverManagerConnectionProviderImpl:158 - HHH000046: Connection properties: {user=sa}
14:10:03,579  INFO Dialect:103 - HHH000400: Using dialect: org.hibernate.dialect.H2Dialect
14:10:03,580  INFO LobCreatorBuilder:94 - HHH000423: Disabling contextual LOB creation as JDBC driver reported JDBC version [3] less than 4
14:10:03,581  WARN CachingRegionFactory:53 - CachingRegionFactory should be only used for testing.
14:10:03,584  INFO TransactionFactoryInitiator:66 - HHH000399: Using default transaction strategy (direct JDBC transactions)
14:10:03,584  INFO ASTQueryTranslatorFactory:48 - HHH000397: Using ASTQueryTranslatorFactory
14:10:03,584  WARN CachingRegionFactory:58 - CachingRegionFactory should be only used for testing.
14:10:03,588  WARN SessionFactoryImpl:1554 - HHH000008: JTASessionContext being used with JDBCTransactionFactory; auto-flush will not operate correctly with getCurrentSession()
14:10:03,589  INFO CustomRunner:139 - Test: testGettingSessionFactoryBuilder
14:10:03,591  INFO DriverManagerConnectionProviderImpl:99 - HHH000402: Using Hibernate built-in connection pool (not for production use!)
14:10:03,591  INFO DriverManagerConnectionProviderImpl:135 - HHH000115: Hibernate connection pool size: 5
14:10:03,591  INFO DriverManagerConnectionProviderImpl:138 - HHH000006: Autocommit mode: false
14:10:03,591  INFO DriverManagerConnectionProviderImpl:153 - HHH000401: using driver [org.h2.Driver] at URL [jdbc:h2:mem:db1;DB_CLOSE_DELAY=-1;MVCC=TRUE]
14:10:03,591  INFO DriverManagerConnectionProviderImpl:158 - HHH000046: Connection properties: {user=sa}
14:10:03,593  INFO Dialect:103 - HHH000400: Using dialect: org.hibernate.dialect.H2Dialect
14:10:03,593  INFO LobCreatorBuilder:94 - HHH000423: Disabling contextual LOB creation as JDBC driver reported JDBC version [3] less than 4
14:10:03,594  WARN CachingRegionFactory:53 - CachingRegionFactory should be only used for testing.
]]></system-out>
  <system-err><![CDATA[]]></system-err>
</testsuite>
