<?xml version="1.0" encoding="UTF-8"?>
<testsuite errors="0" failures="0" hostname="dhcp-10.15.208.168.stl.redhat.com" name="org.hibernate.test.locking.paging.PagingAndLockingTest" tests="3" time="0.175" timestamp="2013-02-28T20:17:26">
  <properties />
  <testcase classname="org.hibernate.test.locking.paging.PagingAndLockingTest" name="testCriteria" time="0.006" />
  <testcase classname="org.hibernate.test.locking.paging.PagingAndLockingTest" name="testHql" time="0.006" />
  <testcase classname="org.hibernate.test.locking.paging.PagingAndLockingTest" name="testNativeSql" time="0.109" />
  <system-out><![CDATA[14:17:26,366  INFO CustomRunner:132 - BeforeClass: org.hibernate.test.locking.paging.PagingAndLockingTest
14:17:26,370  INFO DriverManagerConnectionProviderImpl:99 - HHH000402: Using Hibernate built-in connection pool (not for production use!)
14:17:26,370  INFO DriverManagerConnectionProviderImpl:135 - HHH000115: Hibernate connection pool size: 5
14:17:26,371  INFO DriverManagerConnectionProviderImpl:138 - HHH000006: Autocommit mode: false
14:17:26,371  INFO DriverManagerConnectionProviderImpl:153 - HHH000401: using driver [org.h2.Driver] at URL [jdbc:h2:mem:db1;DB_CLOSE_DELAY=-1;MVCC=TRUE]
14:17:26,371  INFO DriverManagerConnectionProviderImpl:158 - HHH000046: Connection properties: {user=sa}
14:17:26,372  INFO Dialect:103 - HHH000400: Using dialect: org.hibernate.dialect.H2Dialect
14:17:26,373  INFO LobCreatorBuilder:94 - HHH000423: Disabling contextual LOB creation as JDBC driver reported JDBC version [3] less than 4
14:17:26,374  INFO TransactionFactoryInitiator:66 - HHH000399: Using default transaction strategy (direct JDBC transactions)
14:17:26,374  INFO ASTQueryTranslatorFactory:48 - HHH000397: Using ASTQueryTranslatorFactory
14:17:26,374  WARN CachingRegionFactory:58 - CachingRegionFactory should be only used for testing.
14:17:26,379  INFO SchemaExport:343 - HHH000227: Running hbm2ddl schema export
14:17:26,380 DEBUG SchemaExport:353 - Import file not found: /import.sql
14:17:26,380 DEBUG SQL:104 - 
    drop table door if exists
14:17:26,380 DEBUG SQL:104 - 
    create table door (
        id integer not null,
        name varchar(255),
        primary key (id)
    )
14:17:26,380  INFO SchemaExport:405 - HHH000230: Schema export complete
14:17:26,381  WARN SessionFactoryImpl:1554 - HHH000008: JTASessionContext being used with JDBCTransactionFactory; auto-flush will not operate correctly with getCurrentSession()
14:17:26,381  INFO CustomRunner:139 - Test: testCriteria
14:17:26,382 DEBUG SQL:104 - 
    insert 
    into
        door
        (name, id) 
    values
        (?, ?)
14:17:26,383 DEBUG SQL:104 - 
    insert 
    into
        door
        (name, id) 
    values
        (?, ?)
14:17:26,383 DEBUG SQL:104 - 
    insert 
    into
        door
        (name, id) 
    values
        (?, ?)
14:17:26,383 DEBUG SQL:104 - 
    insert 
    into
        door
        (name, id) 
    values
        (?, ?)
14:17:26,384 DEBUG SQL:104 - 
    select
        this_.id as id0_0_,
        this_.name as name0_0_ 
    from
        door this_ limit ? offset ? for update
            
14:17:26,385 DEBUG QueryTranslatorImpl:265 - parse() - HQL: delete org.hibernate.test.locking.paging.Door
14:17:26,385 DEBUG QueryTranslatorImpl:283 - --- HQL AST ---
 \-[DELETE] Node: 'delete'
    \-[FROM] Node: 'FROM'
       \-[RANGE] Node: 'RANGE'
          \-[DOT] Node: '.'
             +-[DOT] Node: '.'
             |  +-[DOT] Node: '.'
             |  |  +-[DOT] Node: '.'
             |  |  |  +-[DOT] Node: '.'
             |  |  |  |  +-[IDENT] Node: 'org'
             |  |  |  |  \-[IDENT] Node: 'hibernate'
             |  |  |  \-[IDENT] Node: 'test'
             |  |  \-[IDENT] Node: 'locking'
             |  \-[IDENT] Node: 'paging'
             \-[IDENT] Node: 'Door'

14:17:26,385 DEBUG ErrorCounter:82 - throwQueryException() : no errors
14:17:26,386 DEBUG FromElement:157 - FromClause{level=1} : org.hibernate.test.locking.paging.Door (<no alias>) -> door0_
14:17:26,386 DEBUG QueryTranslatorImpl:252 - --- SQL AST ---
 \-[DELETE] DeleteStatement: 'delete'  querySpaces (door)
    \-[FROM] FromClause: 'FROM' FromClause{level=1, fromElementCounter=1, fromElements=1, fromElementByClassAlias=[], fromElementByTableAlias=[door0_], fromElementsByPath=[], collectionJoinFromElementsByPath=[], impliedElements=[]}
       \-[FROM_FRAGMENT] FromElement: 'door' FromElement{explicit,not a collection join,not a fetch join,fetch non-lazy properties,classAlias=null,role=null,tableName=door,tableAlias=door0_,origin=null,columns={,className=org.hibernate.test.locking.paging.Door}}

14:17:26,386 DEBUG ErrorCounter:82 - throwQueryException() : no errors
14:17:26,386 DEBUG ErrorCounter:82 - throwQueryException() : no errors
14:17:26,386 DEBUG SQL:104 - 
    delete 
    from
        door
14:17:26,387  INFO CustomRunner:139 - Test: testHql
14:17:26,389 DEBUG SQL:104 - 
    insert 
    into
        door
        (name, id) 
    values
        (?, ?)
14:17:26,389 DEBUG SQL:104 - 
    insert 
    into
        door
        (name, id) 
    values
        (?, ?)
14:17:26,389 DEBUG SQL:104 - 
    insert 
    into
        door
        (name, id) 
    values
        (?, ?)
14:17:26,390 DEBUG SQL:104 - 
    insert 
    into
        door
        (name, id) 
    values
        (?, ?)
14:17:26,390 DEBUG QueryTranslatorImpl:265 - parse() - HQL: from org.hibernate.test.locking.paging.Door
14:17:26,391 DEBUG QueryTranslatorImpl:283 - --- HQL AST ---
 \-[QUERY] Node: 'query'
    \-[SELECT_FROM] Node: 'SELECT_FROM'
       \-[FROM] Node: 'from'
          \-[RANGE] Node: 'RANGE'
             \-[DOT] Node: '.'
                +-[DOT] Node: '.'
                |  +-[DOT] Node: '.'
                |  |  +-[DOT] Node: '.'
                |  |  |  +-[DOT] Node: '.'
                |  |  |  |  +-[IDENT] Node: 'org'
                |  |  |  |  \-[IDENT] Node: 'hibernate'
                |  |  |  \-[IDENT] Node: 'test'
                |  |  \-[IDENT] Node: 'locking'
                |  \-[IDENT] Node: 'paging'
                \-[IDENT] Node: 'Door'

14:17:26,391 DEBUG ErrorCounter:82 - throwQueryException() : no errors
14:17:26,391 DEBUG FromElement:157 - FromClause{level=1} : org.hibernate.test.locking.paging.Door (<no alias>) -> door0_
14:17:26,391 DEBUG HqlSqlWalker:629 - processQuery() :  ( SELECT ( FromClause{level=1} door door0_ ) )
14:17:26,391 DEBUG HqlSqlWalker:869 - Derived SELECT clause created.
14:17:26,391 DEBUG JoinProcessor:175 - Using FROM fragment [door door0_]
14:17:26,391 DEBUG QueryTranslatorImpl:252 - --- SQL AST ---
 \-[SELECT] QueryNode: 'SELECT'  querySpaces (door)
    +-[SELECT_CLAUSE] SelectClause: '{derived select clause}'
    |  +-[SELECT_EXPR] SelectExpressionImpl: 'door0_.id as id0_' {FromElement{explicit,not a collection join,not a fetch join,fetch non-lazy properties,classAlias=null,role=null,tableName=door,tableAlias=door0_,origin=null,columns={,className=org.hibernate.test.locking.paging.Door}}}
    |  \-[SQL_TOKEN] SqlFragment: 'door0_.name as name0_'
    \-[FROM] FromClause: 'from' FromClause{level=1, fromElementCounter=1, fromElements=1, fromElementByClassAlias=[], fromElementByTableAlias=[door0_], fromElementsByPath=[], collectionJoinFromElementsByPath=[], impliedElements=[]}
       \-[FROM_FRAGMENT] FromElement: 'door door0_' FromElement{explicit,not a collection join,not a fetch join,fetch non-lazy properties,classAlias=null,role=null,tableName=door,tableAlias=door0_,origin=null,columns={,className=org.hibernate.test.locking.paging.Door}}

14:17:26,392 DEBUG ErrorCounter:82 - throwQueryException() : no errors
14:17:26,392 DEBUG QueryTranslatorImpl:235 - HQL: from org.hibernate.test.locking.paging.Door
14:17:26,392 DEBUG QueryTranslatorImpl:236 - SQL: select door0_.id as id0_, door0_.name as name0_ from door door0_
14:17:26,392 DEBUG ErrorCounter:82 - throwQueryException() : no errors
14:17:26,392 DEBUG SQL:104 - 
    select
        door0_.id as id0_,
        door0_.name as name0_ 
    from
        door door0_ limit ? offset ? for update
            
14:17:26,393 DEBUG SQL:104 - 
    delete 
    from
        door
14:17:26,393  INFO CustomRunner:139 - Test: testNativeSql
14:17:26,394 DEBUG SQL:104 - 
    insert 
    into
        door
        (name, id) 
    values
        (?, ?)
14:17:26,395 DEBUG SQL:104 - 
    insert 
    into
        door
        (name, id) 
    values
        (?, ?)
14:17:26,395 DEBUG SQL:104 - 
    insert 
    into
        door
        (name, id) 
    values
        (?, ?)
14:17:26,395 DEBUG SQL:104 - 
    insert 
    into
        door
        (name, id) 
    values
        (?, ?)
14:17:26,499 DEBUG SQL:104 - 
    select
        * 
    from
        door limit ? offset ?
14:17:26,500 DEBUG SQL:104 - 
    select
        id 
    from
        door 
    where
        id =? for update
            
14:17:26,500 DEBUG SQL:104 - 
    select
        id 
    from
        door 
    where
        id =? for update
            
14:17:26,501 DEBUG SQL:104 - 
    delete 
    from
        door
14:17:26,502  INFO SchemaExport:343 - HHH000227: Running hbm2ddl schema export
14:17:26,502 DEBUG SchemaExport:353 - Import file not found: /import.sql
14:17:26,503 DEBUG SQL:104 - 
    drop table door if exists
14:17:26,503  INFO SchemaExport:405 - HHH000230: Schema export complete
14:17:26,503  INFO DriverManagerConnectionProviderImpl:162 - HHH000030: Cleaning up connection pool [jdbc:h2:mem:db1;DB_CLOSE_DELAY=-1;MVCC=TRUE]
]]></system-out>
  <system-err><![CDATA[]]></system-err>
</testsuite>
