<?xml version="1.0" encoding="UTF-8"?>
<testsuite errors="0" failures="0" hostname="dhcp-10.15.208.168.stl.redhat.com" name="org.hibernate.test.legacy.QueryByExampleTest" tests="3" time="0.109" timestamp="2013-02-28T20:16:46">
  <properties />
  <testcase classname="org.hibernate.test.legacy.QueryByExampleTest" name="testExcludingQBE" time="0.006" />
  <testcase classname="org.hibernate.test.legacy.QueryByExampleTest" name="testJunctionNotExpressionQBE" time="0.007" />
  <testcase classname="org.hibernate.test.legacy.QueryByExampleTest" name="testSimpleQBE" time="0.004" />
  <system-out><![CDATA[14:16:47,001  INFO CustomRunner:132 - BeforeClass: org.hibernate.test.legacy.QueryByExampleTest
14:16:47,002  INFO Dialect:103 - HHH000400: Using dialect: org.hibernate.dialect.H2Dialect
14:16:47,004  INFO Configuration:706 - HHH000221: Reading mappings from resource: org/hibernate/test/legacy/Componentizable.hbm.xml
14:16:47,026  INFO DriverManagerConnectionProviderImpl:99 - HHH000402: Using Hibernate built-in connection pool (not for production use!)
14:16:47,027  INFO DriverManagerConnectionProviderImpl:135 - HHH000115: Hibernate connection pool size: 5
14:16:47,027  INFO DriverManagerConnectionProviderImpl:138 - HHH000006: Autocommit mode: false
14:16:47,027  INFO DriverManagerConnectionProviderImpl:153 - HHH000401: using driver [org.h2.Driver] at URL [jdbc:h2:mem:db1;DB_CLOSE_DELAY=-1;MVCC=TRUE]
14:16:47,028  INFO DriverManagerConnectionProviderImpl:158 - HHH000046: Connection properties: {user=sa}
14:16:47,029  INFO Dialect:103 - HHH000400: Using dialect: org.hibernate.dialect.H2Dialect
14:16:47,029  INFO LobCreatorBuilder:94 - HHH000423: Disabling contextual LOB creation as JDBC driver reported JDBC version [3] less than 4
14:16:47,030  INFO TransactionFactoryInitiator:66 - HHH000399: Using default transaction strategy (direct JDBC transactions)
14:16:47,030  WARN CachingRegionFactory:58 - CachingRegionFactory should be only used for testing.
14:16:47,035  INFO SchemaExport:343 - HHH000227: Running hbm2ddl schema export
14:16:47,036 DEBUG SchemaExport:353 - Import file not found: /import.sql
14:16:47,037 DEBUG SQL:104 - 
    drop table Componentizable if exists
14:16:47,037 DEBUG SQL:104 - 
    create table Componentizable (
        id integer generated by default as identity,
        nickName varchar(255),
        name varchar(255),
        subName varchar(255),
        subName1 varchar(255),
        primary key (id)
    )
14:16:47,037  INFO SchemaExport:405 - HHH000230: Schema export complete
14:16:47,038  WARN SessionFactoryImpl:1554 - HHH000008: JTASessionContext being used with JDBCTransactionFactory; auto-flush will not operate correctly with getCurrentSession()
14:16:47,038  INFO CustomRunner:139 - Test: testExcludingQBE
14:16:47,039 DEBUG SQL:104 - 
    select
        componenti0_.id as id0_,
        componenti0_.nickName as nickName0_,
        componenti0_.name as name0_,
        componenti0_.subName as subName0_,
        componenti0_.subName1 as subName5_0_ 
    from
        Componentizable componenti0_
14:16:47,040 DEBUG SQL:104 - 
    insert 
    into
        Componentizable
        (id, nickName, name, subName, subName1) 
    values
        (null, ?, ?, ?, ?)
14:16:47,041 DEBUG SQL:104 - 
    insert 
    into
        Componentizable
        (id, nickName, name, subName, subName1) 
    values
        (null, ?, ?, ?, ?)
14:16:47,041 DEBUG SQL:104 - 
    insert 
    into
        Componentizable
        (id, nickName, name, subName, subName1) 
    values
        (null, ?, ?, ?, ?)
14:16:47,042 DEBUG SQL:104 - 
    select
        this_.id as id0_0_,
        this_.nickName as nickName0_0_,
        this_.name as name0_0_,
        this_.subName as subName0_0_,
        this_.subName1 as subName5_0_0_ 
    from
        Componentizable this_ 
    where
        (
            this_.name like ?
        )
14:16:47,043 DEBUG SQL:104 - 
    select
        this_.id as id0_0_,
        this_.nickName as nickName0_0_,
        this_.name as name0_0_,
        this_.subName as subName0_0_,
        this_.subName1 as subName5_0_0_ 
    from
        Componentizable this_ 
    where
        (
            this_.name like ? 
            and this_.subName like ?
        )
14:16:47,045  INFO CustomRunner:139 - Test: testJunctionNotExpressionQBE
14:16:47,045 DEBUG SQL:104 - 
    select
        componenti0_.id as id0_,
        componenti0_.nickName as nickName0_,
        componenti0_.name as name0_,
        componenti0_.subName as subName0_,
        componenti0_.subName1 as subName5_0_ 
    from
        Componentizable componenti0_
14:16:47,047 DEBUG SQL:104 - 
    delete 
    from
        Componentizable 
    where
        id=?
14:16:47,047 DEBUG SQL:104 - 
    delete 
    from
        Componentizable 
    where
        id=?
14:16:47,047 DEBUG SQL:104 - 
    delete 
    from
        Componentizable 
    where
        id=?
14:16:47,048 DEBUG SQL:104 - 
    insert 
    into
        Componentizable
        (id, nickName, name, subName, subName1) 
    values
        (null, ?, ?, ?, ?)
14:16:47,049 DEBUG SQL:104 - 
    insert 
    into
        Componentizable
        (id, nickName, name, subName, subName1) 
    values
        (null, ?, ?, ?, ?)
14:16:47,050 DEBUG SQL:104 - 
    insert 
    into
        Componentizable
        (id, nickName, name, subName, subName1) 
    values
        (null, ?, ?, ?, ?)
14:16:47,051 DEBUG SQL:104 - 
    select
        this_.id as id0_0_,
        this_.nickName as nickName0_0_,
        this_.name as name0_0_,
        this_.subName as subName0_0_,
        this_.subName1 as subName5_0_0_ 
    from
        Componentizable this_ 
    where
        (
            not (this_.name like ? 
            and this_.subName1 like ?) 
            or (
                this_.name like ? 
                and this_.subName1 like ?
            )
        )
14:16:47,052  INFO CustomRunner:139 - Test: testSimpleQBE
14:16:47,053 DEBUG SQL:104 - 
    select
        componenti0_.id as id0_,
        componenti0_.nickName as nickName0_,
        componenti0_.name as name0_,
        componenti0_.subName as subName0_,
        componenti0_.subName1 as subName5_0_ 
    from
        Componentizable componenti0_
14:16:47,054 DEBUG SQL:104 - 
    delete 
    from
        Componentizable 
    where
        id=?
14:16:47,054 DEBUG SQL:104 - 
    delete 
    from
        Componentizable 
    where
        id=?
14:16:47,055 DEBUG SQL:104 - 
    delete 
    from
        Componentizable 
    where
        id=?
14:16:47,055 DEBUG SQL:104 - 
    insert 
    into
        Componentizable
        (id, nickName, name, subName, subName1) 
    values
        (null, ?, ?, ?, ?)
14:16:47,055 DEBUG SQL:104 - 
    insert 
    into
        Componentizable
        (id, nickName, name, subName, subName1) 
    values
        (null, ?, ?, ?, ?)
14:16:47,056 DEBUG SQL:104 - 
    insert 
    into
        Componentizable
        (id, nickName, name, subName, subName1) 
    values
        (null, ?, ?, ?, ?)
14:16:47,056 DEBUG SQL:104 - 
    select
        this_.id as id0_0_,
        this_.nickName as nickName0_0_,
        this_.name as name0_0_,
        this_.subName as subName0_0_,
        this_.subName1 as subName5_0_0_ 
    from
        Componentizable this_ 
    where
        (
            this_.name like ? 
            and this_.subName like ? 
            and this_.subName1 like ?
        )
14:16:47,057  INFO SchemaExport:343 - HHH000227: Running hbm2ddl schema export
14:16:47,058 DEBUG SchemaExport:353 - Import file not found: /import.sql
14:16:47,058 DEBUG SQL:104 - 
    drop table Componentizable if exists
14:16:47,058  INFO SchemaExport:405 - HHH000230: Schema export complete
14:16:47,058  INFO DriverManagerConnectionProviderImpl:162 - HHH000030: Cleaning up connection pool [jdbc:h2:mem:db1;DB_CLOSE_DELAY=-1;MVCC=TRUE]
]]></system-out>
  <system-err><![CDATA[]]></system-err>
</testsuite>
