<?xml version="1.0" encoding="UTF-8"?>
<testsuite errors="0" failures="0" hostname="dhcp-10.15.208.168.stl.redhat.com" name="org.hibernate.test.annotations.lob.LobTest" tests="4" time="0.133" timestamp="2013-02-28T20:10:33">
  <properties />
  <testcase classname="org.hibernate.test.annotations.lob.LobTest" name="testBinary" time="0.026" />
  <testcase classname="org.hibernate.test.annotations.lob.LobTest" name="testBlob" time="0.029" />
  <testcase classname="org.hibernate.test.annotations.lob.LobTest" name="testClob" time="0.015" />
  <testcase classname="org.hibernate.test.annotations.lob.LobTest" name="testSerializableToBlob" time="0.005" />
  <system-out><![CDATA[14:10:33,611  INFO CustomRunner:132 - BeforeClass: org.hibernate.test.annotations.lob.LobTest
14:10:33,616  INFO DriverManagerConnectionProviderImpl:99 - HHH000402: Using Hibernate built-in connection pool (not for production use!)
14:10:33,617  INFO DriverManagerConnectionProviderImpl:135 - HHH000115: Hibernate connection pool size: 5
14:10:33,617  INFO DriverManagerConnectionProviderImpl:138 - HHH000006: Autocommit mode: false
14:10:33,617  INFO DriverManagerConnectionProviderImpl:153 - HHH000401: using driver [org.h2.Driver] at URL [jdbc:h2:mem:db1;DB_CLOSE_DELAY=-1;MVCC=TRUE]
14:10:33,617  INFO DriverManagerConnectionProviderImpl:158 - HHH000046: Connection properties: {user=sa}
14:10:33,618  INFO Dialect:103 - HHH000400: Using dialect: org.hibernate.dialect.H2Dialect
14:10:33,619  INFO LobCreatorBuilder:94 - HHH000423: Disabling contextual LOB creation as JDBC driver reported JDBC version [3] less than 4
14:10:33,619  INFO TransactionFactoryInitiator:66 - HHH000399: Using default transaction strategy (direct JDBC transactions)
14:10:33,619  INFO ASTQueryTranslatorFactory:48 - HHH000397: Using ASTQueryTranslatorFactory
14:10:33,619  WARN CachingRegionFactory:58 - CachingRegionFactory should be only used for testing.
14:10:33,629  INFO SchemaExport:343 - HHH000227: Running hbm2ddl schema export
14:10:33,630 DEBUG SchemaExport:353 - Import file not found: /import.sql
14:10:33,630 DEBUG SQL:104 - 
    drop table CompiledCode if exists
14:10:33,630 DEBUG SQL:104 - 
    drop table lob_book if exists
14:10:33,631 DEBUG SQL:104 - 
    drop sequence hibernate_sequence
14:10:33,631 ERROR SchemaExport:425 - HHH000389: Unsuccessful: drop sequence hibernate_sequence
14:10:33,631 ERROR SchemaExport:426 - Sequence "HIBERNATE_SEQUENCE" not found; SQL statement:

    drop sequence hibernate_sequence [90036-145]
14:10:33,650 DEBUG SQL:104 - 
    create table CompiledCode (
        id integer not null,
        fullCode blob,
        header blob,
        metadata binary(255),
        primary key (id)
    )
14:10:33,651 DEBUG SQL:104 - 
    create table lob_book (
        id integer not null,
        fld_code clob,
        code2 clob,
        editor blob,
        fld_fulltext clob,
        shortDescription varchar(255),
        primary key (id)
    )
14:10:33,651 DEBUG SQL:104 - 
    create sequence hibernate_sequence start with 1 increment by 1
14:10:33,651  INFO SchemaExport:405 - HHH000230: Schema export complete
14:10:33,652  WARN SessionFactoryImpl:1554 - HHH000008: JTASessionContext being used with JDBCTransactionFactory; auto-flush will not operate correctly with getCurrentSession()
14:10:33,652  INFO CustomRunner:139 - Test: testBinary
14:10:33,653 DEBUG SQL:104 - 
    call next value for hibernate_sequence
14:10:33,655 DEBUG SQL:104 - 
    insert 
    into
        CompiledCode
        (fullCode, header, metadata, id) 
    values
        (?, ?, ?, ?)
14:10:33,671 DEBUG SQL:104 - 
    select
        compiledco0_.id as id0_0_,
        compiledco0_.fullCode as fullCode0_0_,
        compiledco0_.header as header0_0_,
        compiledco0_.metadata as metadata0_0_ 
    from
        CompiledCode compiledco0_ 
    where
        compiledco0_.id=?
14:10:33,678  INFO CustomRunner:139 - Test: testBlob
14:10:33,681 DEBUG SQL:104 - 
    call next value for hibernate_sequence
14:10:33,682 DEBUG SQL:104 - 
    insert 
    into
        CompiledCode
        (fullCode, header, metadata, id) 
    values
        (?, ?, ?, ?)
14:10:33,683 DEBUG SQL:104 - 
    update
        CompiledCode 
    set
        fullCode=?,
        header=?,
        metadata=? 
    where
        id=?
14:10:33,683 DEBUG SQL:104 - 
    select
        compiledco0_.id as id0_0_,
        compiledco0_.fullCode as fullCode0_0_,
        compiledco0_.header as header0_0_,
        compiledco0_.metadata as metadata0_0_ 
    from
        CompiledCode compiledco0_ 
    where
        compiledco0_.id=?
14:10:33,706 DEBUG SQL:104 - 
    update
        CompiledCode 
    set
        fullCode=?,
        header=?,
        metadata=? 
    where
        id=?
14:10:33,707  INFO CustomRunner:139 - Test: testClob
14:10:33,708 DEBUG SQL:104 - 
    call next value for hibernate_sequence
14:10:33,710 DEBUG SQL:104 - 
    insert 
    into
        lob_book
        (fld_code, code2, editor, fld_fulltext, shortDescription, id) 
    values
        (?, ?, ?, ?, ?, ?)
14:10:33,711 DEBUG SQL:104 - 
    select
        book0_.id as id1_0_,
        book0_.fld_code as fld2_1_0_,
        book0_.code2 as code3_1_0_,
        book0_.editor as editor1_0_,
        book0_.fld_fulltext as fld5_1_0_,
        book0_.shortDescription as shortDes6_1_0_ 
    from
        lob_book book0_ 
    where
        book0_.id=?
14:10:33,723  INFO CustomRunner:139 - Test: testSerializableToBlob
14:10:33,724 DEBUG SQL:104 - 
    call next value for hibernate_sequence
14:10:33,726 DEBUG SQL:104 - 
    insert 
    into
        lob_book
        (fld_code, code2, editor, fld_fulltext, shortDescription, id) 
    values
        (?, ?, ?, ?, ?, ?)
14:10:33,726 DEBUG SQL:104 - 
    select
        book0_.id as id1_0_,
        book0_.fld_code as fld2_1_0_,
        book0_.code2 as code3_1_0_,
        book0_.editor as editor1_0_,
        book0_.fld_fulltext as fld5_1_0_,
        book0_.shortDescription as shortDes6_1_0_ 
    from
        lob_book book0_ 
    where
        book0_.id=?
14:10:33,728 DEBUG SQL:104 - 
    update
        lob_book 
    set
        fld_code=?,
        code2=?,
        editor=?,
        fld_fulltext=?,
        shortDescription=? 
    where
        id=?
14:10:33,728 DEBUG SQL:104 - 
    select
        book0_.id as id1_0_,
        book0_.fld_code as fld2_1_0_,
        book0_.code2 as code3_1_0_,
        book0_.editor as editor1_0_,
        book0_.fld_fulltext as fld5_1_0_,
        book0_.shortDescription as shortDes6_1_0_ 
    from
        lob_book book0_ 
    where
        book0_.id=?
14:10:33,730  INFO SchemaExport:343 - HHH000227: Running hbm2ddl schema export
14:10:33,730 DEBUG SchemaExport:353 - Import file not found: /import.sql
14:10:33,730 DEBUG SQL:104 - 
    drop table CompiledCode if exists
14:10:33,731 DEBUG SQL:104 - 
    drop table lob_book if exists
14:10:33,731 DEBUG SQL:104 - 
    drop sequence hibernate_sequence
14:10:33,741  INFO SchemaExport:405 - HHH000230: Schema export complete
14:10:33,741  INFO DriverManagerConnectionProviderImpl:162 - HHH000030: Cleaning up connection pool [jdbc:h2:mem:db1;DB_CLOSE_DELAY=-1;MVCC=TRUE]
]]></system-out>
  <system-err><![CDATA[]]></system-err>
</testsuite>
