<?xml version="1.0" encoding="UTF-8"?>
<testsuite errors="0" failures="0" hostname="dhcp-10.15.208.168.stl.redhat.com" name="org.hibernate.test.annotations.derivedidentities.e1.b.DerivedIdentitySimpleParentEmbeddedIdDepTest" tests="2" time="0.056" timestamp="2013-02-28T20:10:19">
  <properties />
  <testcase classname="org.hibernate.test.annotations.derivedidentities.e1.b.DerivedIdentitySimpleParentEmbeddedIdDepTest" name="testManyToOne" time="0.004" />
  <testcase classname="org.hibernate.test.annotations.derivedidentities.e1.b.DerivedIdentitySimpleParentEmbeddedIdDepTest" name="testOneToOne" time="0.006" />
  <system-out><![CDATA[14:10:19,663  INFO CustomRunner:132 - BeforeClass: org.hibernate.test.annotations.derivedidentities.e1.b.DerivedIdentitySimpleParentEmbeddedIdDepTest
14:10:19,668  WARN RootClass:288 - HHH000038: Composite-id class does not override equals(): org.hibernate.test.annotations.derivedidentities.e1.b.DependentId
14:10:19,668  WARN RootClass:289 - HHH000039: Composite-id class does not override hashCode(): org.hibernate.test.annotations.derivedidentities.e1.b.DependentId
14:10:19,669  WARN RootClass:288 - HHH000038: Composite-id class does not override equals(): org.hibernate.test.annotations.derivedidentities.e1.b.DependentId
14:10:19,669  WARN RootClass:289 - HHH000039: Composite-id class does not override hashCode(): org.hibernate.test.annotations.derivedidentities.e1.b.DependentId
14:10:19,669  INFO DriverManagerConnectionProviderImpl:99 - HHH000402: Using Hibernate built-in connection pool (not for production use!)
14:10:19,669  INFO DriverManagerConnectionProviderImpl:135 - HHH000115: Hibernate connection pool size: 5
14:10:19,669  INFO DriverManagerConnectionProviderImpl:138 - HHH000006: Autocommit mode: false
14:10:19,673  INFO DriverManagerConnectionProviderImpl:153 - HHH000401: using driver [org.h2.Driver] at URL [jdbc:h2:mem:db1;DB_CLOSE_DELAY=-1;MVCC=TRUE]
14:10:19,673  INFO DriverManagerConnectionProviderImpl:158 - HHH000046: Connection properties: {user=sa}
14:10:19,674  INFO Dialect:103 - HHH000400: Using dialect: org.hibernate.dialect.H2Dialect
14:10:19,675  INFO LobCreatorBuilder:94 - HHH000423: Disabling contextual LOB creation as JDBC driver reported JDBC version [3] less than 4
14:10:19,675  INFO TransactionFactoryInitiator:66 - HHH000399: Using default transaction strategy (direct JDBC transactions)
14:10:19,675  INFO ASTQueryTranslatorFactory:48 - HHH000397: Using ASTQueryTranslatorFactory
14:10:19,676  WARN CachingRegionFactory:58 - CachingRegionFactory should be only used for testing.
14:10:19,688  INFO SchemaExport:343 - HHH000227: Running hbm2ddl schema export
14:10:19,689 DEBUG SchemaExport:353 - Import file not found: /import.sql
14:10:19,689 DEBUG SQL:104 - 
    alter table Dependent 
        drop constraint FK3554AADF3C7E0B13
14:10:19,689 ERROR SchemaExport:425 - HHH000389: Unsuccessful: alter table Dependent drop constraint FK3554AADF3C7E0B13
14:10:19,689 ERROR SchemaExport:426 - Table "DEPENDENT" not found; SQL statement:

    alter table Dependent 
        drop constraint FK3554AADF3C7E0B13 [42102-145]
14:10:19,689 DEBUG SQL:104 - 
    alter table ExclusiveDependent 
        drop constraint FKADBA3A21B6055E2C
14:10:19,690 ERROR SchemaExport:425 - HHH000389: Unsuccessful: alter table ExclusiveDependent drop constraint FKADBA3A21B6055E2C
14:10:19,690 ERROR SchemaExport:426 - Table "EXCLUSIVEDEPENDENT" not found; SQL statement:

    alter table ExclusiveDependent 
        drop constraint FKADBA3A21B6055E2C [42102-145]
14:10:19,690 DEBUG SQL:104 - 
    drop table Dependent if exists
14:10:19,690 DEBUG SQL:104 - 
    drop table Employee if exists
14:10:19,690 DEBUG SQL:104 - 
    drop table ExclusiveDependent if exists
14:10:19,690 DEBUG SQL:104 - 
    create table Dependent (
        name varchar(255) not null,
        emp_empId bigint not null,
        primary key (emp_empId, name)
    )
14:10:19,691 DEBUG SQL:104 - 
    create table Employee (
        empId bigint not null,
        empName varchar(255),
        primary key (empId)
    )
14:10:19,691 DEBUG SQL:104 - 
    create table ExclusiveDependent (
        FK bigint not null,
        name varchar(255) not null,
        primary key (FK, name)
    )
14:10:19,692 DEBUG SQL:104 - 
    alter table Dependent 
        add constraint FK3554AADF3C7E0B13 
        foreign key (emp_empId) 
        references Employee
14:10:19,692 DEBUG SQL:104 - 
    alter table ExclusiveDependent 
        add constraint UK_ADBA3A21CC5 unique (FK)
14:10:19,693 DEBUG SQL:104 - 
    alter table ExclusiveDependent 
        add constraint FKADBA3A21B6055E2C 
        foreign key (FK) 
        references Employee
14:10:19,693  INFO SchemaExport:405 - HHH000230: Schema export complete
14:10:19,695  WARN SessionFactoryImpl:1554 - HHH000008: JTASessionContext being used with JDBCTransactionFactory; auto-flush will not operate correctly with getCurrentSession()
14:10:19,695  INFO CustomRunner:139 - Test: testManyToOne
14:10:19,697 DEBUG SQL:104 - 
    insert 
    into
        Employee
        (empName, empId) 
    values
        (?, ?)
14:10:19,698 DEBUG SQL:104 - 
    insert 
    into
        Dependent
        (emp_empId, name) 
    values
        (?, ?)
14:10:19,698 DEBUG SQL:104 - 
    select
        dependent0_.emp_empId as emp2_0_1_,
        dependent0_.name as name0_1_,
        employee1_.empId as empId1_0_,
        employee1_.empName as empName1_0_ 
    from
        Dependent dependent0_ 
    inner join
        Employee employee1_ 
            on dependent0_.emp_empId=employee1_.empId 
    where
        dependent0_.emp_empId=? 
        and dependent0_.name=?
14:10:19,700  INFO CustomRunner:139 - Test: testOneToOne
14:10:19,701 DEBUG SQL:104 - 
    insert 
    into
        Employee
        (empName, empId) 
    values
        (?, ?)
14:10:19,702 DEBUG SQL:104 - 
    insert 
    into
        ExclusiveDependent
        (FK, name) 
    values
        (?, ?)
14:10:19,702 DEBUG SQL:104 - 
    select
        exclusived0_.FK as FK2_1_,
        exclusived0_.name as name2_1_,
        employee1_.empId as empId1_0_,
        employee1_.empName as empName1_0_ 
    from
        ExclusiveDependent exclusived0_ 
    inner join
        Employee employee1_ 
            on exclusived0_.FK=employee1_.empId 
    where
        exclusived0_.FK=? 
        and exclusived0_.name=?
14:10:19,706  INFO SchemaExport:343 - HHH000227: Running hbm2ddl schema export
14:10:19,707 DEBUG SchemaExport:353 - Import file not found: /import.sql
14:10:19,707 DEBUG SQL:104 - 
    alter table Dependent 
        drop constraint FK3554AADF3C7E0B13
14:10:19,707 DEBUG SQL:104 - 
    alter table ExclusiveDependent 
        drop constraint FKADBA3A21B6055E2C
14:10:19,708 DEBUG SQL:104 - 
    drop table Dependent if exists
14:10:19,708 DEBUG SQL:104 - 
    drop table Employee if exists
14:10:19,716 DEBUG SQL:104 - 
    drop table ExclusiveDependent if exists
14:10:19,717  INFO SchemaExport:405 - HHH000230: Schema export complete
14:10:19,717  INFO DriverManagerConnectionProviderImpl:162 - HHH000030: Cleaning up connection pool [jdbc:h2:mem:db1;DB_CLOSE_DELAY=-1;MVCC=TRUE]
]]></system-out>
  <system-err><![CDATA[]]></system-err>
</testsuite>
