<?xml version="1.0" encoding="UTF-8"?>
<testsuite errors="0" failures="0" hostname="dhcp-10.15.208.168.stl.redhat.com" name="org.hibernate.test.annotations.onetoone.hhh4851.HHH4851Test" tests="1" time="0.205" timestamp="2013-02-28T20:10:41">
  <properties />
  <testcase classname="org.hibernate.test.annotations.onetoone.hhh4851.HHH4851Test" name="testHHH4851" time="0.044" />
  <system-out><![CDATA[14:10:41,092  INFO CustomRunner:132 - BeforeClass: org.hibernate.test.annotations.onetoone.hhh4851.HHH4851Test
14:10:41,151  INFO DriverManagerConnectionProviderImpl:99 - HHH000402: Using Hibernate built-in connection pool (not for production use!)
14:10:41,151  INFO DriverManagerConnectionProviderImpl:135 - HHH000115: Hibernate connection pool size: 5
14:10:41,151  INFO DriverManagerConnectionProviderImpl:138 - HHH000006: Autocommit mode: false
14:10:41,151  INFO DriverManagerConnectionProviderImpl:153 - HHH000401: using driver [org.h2.Driver] at URL [jdbc:h2:mem:db1;DB_CLOSE_DELAY=-1;MVCC=TRUE]
14:10:41,151  INFO DriverManagerConnectionProviderImpl:158 - HHH000046: Connection properties: {user=sa}
14:10:41,152  INFO Dialect:103 - HHH000400: Using dialect: org.hibernate.dialect.H2Dialect
14:10:41,153  INFO LobCreatorBuilder:94 - HHH000423: Disabling contextual LOB creation as JDBC driver reported JDBC version [3] less than 4
14:10:41,153  INFO TransactionFactoryInitiator:66 - HHH000399: Using default transaction strategy (direct JDBC transactions)
14:10:41,153  INFO ASTQueryTranslatorFactory:48 - HHH000397: Using ASTQueryTranslatorFactory
14:10:41,153  WARN CachingRegionFactory:58 - CachingRegionFactory should be only used for testing.
14:10:41,174  INFO SchemaExport:343 - HHH000227: Running hbm2ddl schema export
14:10:41,174 DEBUG SchemaExport:353 - Import file not found: /import.sql
14:10:41,174 DEBUG SQL:104 - 
    alter table DeviceGroupConfig 
        drop constraint FK359DE24B4706BECB
14:10:41,175 ERROR SchemaExport:425 - HHH000389: Unsuccessful: alter table DeviceGroupConfig drop constraint FK359DE24B4706BECB
14:10:41,175 ERROR SchemaExport:426 - Table "DEVICEGROUPCONFIG" not found; SQL statement:

    alter table DeviceGroupConfig 
        drop constraint FK359DE24B4706BECB [42102-145]
14:10:41,175 DEBUG SQL:104 - 
    alter table Hardware 
        drop constraint FKAD24A084706BECB
14:10:41,175 ERROR SchemaExport:425 - HHH000389: Unsuccessful: alter table Hardware drop constraint FKAD24A084706BECB
14:10:41,175 ERROR SchemaExport:426 - Table "HARDWARE" not found; SQL statement:

    alter table Hardware 
        drop constraint FKAD24A084706BECB [42102-145]
14:10:41,175 DEBUG SQL:104 - 
    alter table Hardware 
        drop constraint FKAD24A08840FD727
14:10:41,175 ERROR SchemaExport:425 - HHH000389: Unsuccessful: alter table Hardware drop constraint FKAD24A08840FD727
14:10:41,175 ERROR SchemaExport:426 - Table "HARDWARE" not found; SQL statement:

    alter table Hardware 
        drop constraint FKAD24A08840FD727 [42102-145]
14:10:41,176 DEBUG SQL:104 - 
    alter table ManDev_DevGroupConf 
        drop constraint FK7FF82712CFA7C828
14:10:41,176 ERROR SchemaExport:425 - HHH000389: Unsuccessful: alter table ManDev_DevGroupConf drop constraint FK7FF82712CFA7C828
14:10:41,176 ERROR SchemaExport:426 - Table "MANDEV_DEVGROUPCONF" not found; SQL statement:

    alter table ManDev_DevGroupConf 
        drop constraint FK7FF82712CFA7C828 [42102-145]
14:10:41,176 DEBUG SQL:104 - 
    alter table ManDev_DevGroupConf 
        drop constraint FK7FF82712B1D0E12D
14:10:41,176 ERROR SchemaExport:425 - HHH000389: Unsuccessful: alter table ManDev_DevGroupConf drop constraint FK7FF82712B1D0E12D
14:10:41,176 ERROR SchemaExport:426 - Table "MANDEV_DEVGROUPCONF" not found; SQL statement:

    alter table ManDev_DevGroupConf 
        drop constraint FK7FF82712B1D0E12D [42102-145]
14:10:41,176 DEBUG SQL:104 - 
    alter table ManagedDevice 
        drop constraint FKF8EFD6B54706BECB
14:10:41,176 ERROR SchemaExport:425 - HHH000389: Unsuccessful: alter table ManagedDevice drop constraint FKF8EFD6B54706BECB
14:10:41,177 ERROR SchemaExport:426 - Table "MANAGEDDEVICE" not found; SQL statement:

    alter table ManagedDevice 
        drop constraint FKF8EFD6B54706BECB [42102-145]
14:10:41,177 DEBUG SQL:104 - 
    alter table ManagedDevice 
        drop constraint FKF8EFD6B512A0AC43
14:10:41,177 ERROR SchemaExport:425 - HHH000389: Unsuccessful: alter table ManagedDevice drop constraint FKF8EFD6B512A0AC43
14:10:41,177 ERROR SchemaExport:426 - Table "MANAGEDDEVICE" not found; SQL statement:

    alter table ManagedDevice 
        drop constraint FKF8EFD6B512A0AC43 [42102-145]
14:10:41,177 DEBUG SQL:104 - 
    drop table DeviceGroupConfig if exists
14:10:41,177 DEBUG SQL:104 - 
    drop table Hardware if exists
14:10:41,177 DEBUG SQL:104 - 
    drop table ManDev_DevGroupConf if exists
14:10:41,177 DEBUG SQL:104 - 
    drop table ManagedDevice if exists
14:10:41,178 DEBUG SQL:104 - 
    drop table Owner if exists
14:10:41,178 DEBUG SQL:104 - 
    drop sequence hibernate_sequence
14:10:41,178 ERROR SchemaExport:425 - HHH000389: Unsuccessful: drop sequence hibernate_sequence
14:10:41,178 ERROR SchemaExport:426 - Sequence "HIBERNATE_SEQUENCE" not found; SQL statement:

    drop sequence hibernate_sequence [90036-145]
14:10:41,178 DEBUG SQL:104 - 
    create table DeviceGroupConfig (
        id bigint not null,
        version integer,
        name varchar(255) not null,
        owner_id bigint not null,
        primary key (id)
    )
14:10:41,179 DEBUG SQL:104 - 
    create table Hardware (
        DeviceType varchar(1) not null,
        id bigint not null,
        version integer,
        tag varchar(255),
        owner_id bigint not null,
        parent_id bigint,
        primary key (id)
    )
14:10:41,181 DEBUG SQL:104 - 
    create table ManDev_DevGroupConf (
        DevGroupConf_id bigint,
        MavDev_id bigint not null,
        primary key (MavDev_id)
    )
14:10:41,182 DEBUG SQL:104 - 
    create table ManagedDevice (
        id bigint not null,
        version integer,
        name varchar(255),
        owner_id bigint not null,
        terminal_id bigint,
        primary key (id)
    )
14:10:41,182 DEBUG SQL:104 - 
    create table Owner (
        id bigint not null,
        deleted boolean not null,
        name varchar(255) not null,
        version integer,
        primary key (id)
    )
14:10:41,182 DEBUG SQL:104 - 
    alter table DeviceGroupConfig 
        add constraint FK359DE24B4706BECB 
        foreign key (owner_id) 
        references Owner
14:10:41,183 DEBUG SQL:104 - 
    alter table Hardware 
        add constraint uc_Hardware_1 unique (tag)
14:10:41,225 DEBUG SQL:104 - 
    alter table Hardware 
        add constraint FKAD24A084706BECB 
        foreign key (owner_id) 
        references Owner
14:10:41,226 DEBUG SQL:104 - 
    alter table Hardware 
        add constraint FKAD24A08840FD727 
        foreign key (parent_id) 
        references Hardware
14:10:41,227 DEBUG SQL:104 - 
    alter table ManDev_DevGroupConf 
        add constraint FK7FF82712CFA7C828 
        foreign key (DevGroupConf_id) 
        references DeviceGroupConfig
14:10:41,228 DEBUG SQL:104 - 
    alter table ManDev_DevGroupConf 
        add constraint FK7FF82712B1D0E12D 
        foreign key (MavDev_id) 
        references ManagedDevice
14:10:41,228 DEBUG SQL:104 - 
    alter table ManagedDevice 
        add constraint UK_ManagedDevice_1 unique (name)
14:10:41,228 DEBUG SQL:104 - 
    alter table ManagedDevice 
        add constraint FKF8EFD6B54706BECB 
        foreign key (owner_id) 
        references Owner
14:10:41,229 DEBUG SQL:104 - 
    alter table ManagedDevice 
        add constraint FKF8EFD6B512A0AC43 
        foreign key (terminal_id) 
        references Hardware
14:10:41,229 DEBUG SQL:104 - 
    alter table Owner 
        add constraint uc_Owner_1 unique (name)
14:10:41,230 DEBUG SQL:104 - 
    create sequence hibernate_sequence start with 1 increment by 1
14:10:41,230  INFO SchemaExport:405 - HHH000230: Schema export complete
14:10:41,231  WARN SessionFactoryImpl:1554 - HHH000008: JTASessionContext being used with JDBCTransactionFactory; auto-flush will not operate correctly with getCurrentSession()
14:10:41,231  INFO CustomRunner:139 - Test: testHHH4851
14:10:41,237 DEBUG SQL:104 - 
    call next value for hibernate_sequence
14:10:41,238 DEBUG SQL:104 - 
    call next value for hibernate_sequence
14:10:41,271 DEBUG SQL:104 - 
    call next value for hibernate_sequence
14:10:41,272 DEBUG SQL:104 - 
    insert 
    into
        Owner
        (deleted, name, version, id) 
    values
        (?, ?, ?, ?)
14:10:41,274 DEBUG SQL:104 - 
    insert 
    into
        ManagedDevice
        (owner_id, version, terminal_id, name, id) 
    values
        (?, ?, ?, ?, ?)
14:10:41,274 DEBUG SQL:104 - 
    insert 
    into
        Hardware
        (owner_id, version, parent_id, tag, DeviceType, id) 
    values
        (?, ?, ?, ?, 'T', ?)
14:10:41,275  INFO SchemaExport:343 - HHH000227: Running hbm2ddl schema export
14:10:41,276 DEBUG SchemaExport:353 - Import file not found: /import.sql
14:10:41,276 DEBUG SQL:104 - 
    alter table DeviceGroupConfig 
        drop constraint FK359DE24B4706BECB
14:10:41,276 DEBUG SQL:104 - 
    alter table Hardware 
        drop constraint FKAD24A084706BECB
14:10:41,293 DEBUG SQL:104 - 
    alter table Hardware 
        drop constraint FKAD24A08840FD727
14:10:41,293 DEBUG SQL:104 - 
    alter table ManDev_DevGroupConf 
        drop constraint FK7FF82712CFA7C828
14:10:41,293 DEBUG SQL:104 - 
    alter table ManDev_DevGroupConf 
        drop constraint FK7FF82712B1D0E12D
14:10:41,293 DEBUG SQL:104 - 
    alter table ManagedDevice 
        drop constraint FKF8EFD6B54706BECB
14:10:41,294 DEBUG SQL:104 - 
    alter table ManagedDevice 
        drop constraint FKF8EFD6B512A0AC43
14:10:41,294 DEBUG SQL:104 - 
    drop table DeviceGroupConfig if exists
14:10:41,294 DEBUG SQL:104 - 
    drop table Hardware if exists
14:10:41,294 DEBUG SQL:104 - 
    drop table ManDev_DevGroupConf if exists
14:10:41,294 DEBUG SQL:104 - 
    drop table ManagedDevice if exists
14:10:41,295 DEBUG SQL:104 - 
    drop table Owner if exists
14:10:41,295 DEBUG SQL:104 - 
    drop sequence hibernate_sequence
14:10:41,295  INFO SchemaExport:405 - HHH000230: Schema export complete
14:10:41,295  INFO DriverManagerConnectionProviderImpl:162 - HHH000030: Cleaning up connection pool [jdbc:h2:mem:db1;DB_CLOSE_DELAY=-1;MVCC=TRUE]
]]></system-out>
  <system-err><![CDATA[]]></system-err>
</testsuite>
