<?xml version="1.0" encoding="UTF-8"?>
<testsuite errors="0" failures="0" hostname="dhcp-10.15.208.168.stl.redhat.com" name="org.hibernate.metamodel.binding.BasicAnnotationBindingTests" tests="4" time="0.23" timestamp="2013-02-28T20:09:55">
  <properties />
  <testcase classname="org.hibernate.metamodel.binding.BasicAnnotationBindingTests" name="testEntityWithManyToOneMapping" time="0.161" />
  <testcase classname="org.hibernate.metamodel.binding.BasicAnnotationBindingTests" name="testSimpleEntityMapping" time="0.016" />
  <testcase classname="org.hibernate.metamodel.binding.BasicAnnotationBindingTests" name="testSimpleEntityWithSimpleComponentMapping" time="0.024" />
  <testcase classname="org.hibernate.metamodel.binding.BasicAnnotationBindingTests" name="testSimpleVersionedEntityMapping" time="0.021" />
  <system-out><![CDATA[14:09:55,006  INFO CustomRunner:132 - BeforeClass: org.hibernate.metamodel.binding.BasicAnnotationBindingTests
14:09:55,007  INFO CustomRunner:139 - Test: testEntityWithManyToOneMapping
14:09:55,021  INFO DriverManagerConnectionProviderImpl:99 - HHH000402: Using Hibernate built-in connection pool (not for production use!)
14:09:55,022  INFO DriverManagerConnectionProviderImpl:135 - HHH000115: Hibernate connection pool size: 5
14:09:55,022  INFO DriverManagerConnectionProviderImpl:138 - HHH000006: Autocommit mode: false
14:09:55,022  INFO DriverManagerConnectionProviderImpl:153 - HHH000401: using driver [org.h2.Driver] at URL [jdbc:h2:mem:db1;DB_CLOSE_DELAY=-1;MVCC=TRUE]
14:09:55,022  INFO DriverManagerConnectionProviderImpl:158 - HHH000046: Connection properties: {user=sa}
14:09:55,028  INFO Dialect:103 - HHH000400: Using dialect: org.hibernate.dialect.H2Dialect
14:09:55,029  INFO LobCreatorBuilder:94 - HHH000423: Disabling contextual LOB creation as JDBC driver reported JDBC version [3] less than 4
14:09:55,126  WARN CachingRegionFactory:53 - CachingRegionFactory should be only used for testing.
14:09:55,168  INFO DriverManagerConnectionProviderImpl:162 - HHH000030: Cleaning up connection pool [jdbc:h2:mem:db1;DB_CLOSE_DELAY=-1;MVCC=TRUE]
14:09:55,168  INFO CustomRunner:139 - Test: testSimpleEntityMapping
14:09:55,173  INFO DriverManagerConnectionProviderImpl:99 - HHH000402: Using Hibernate built-in connection pool (not for production use!)
14:09:55,173  INFO DriverManagerConnectionProviderImpl:135 - HHH000115: Hibernate connection pool size: 5
14:09:55,173  INFO DriverManagerConnectionProviderImpl:138 - HHH000006: Autocommit mode: false
14:09:55,174  INFO DriverManagerConnectionProviderImpl:153 - HHH000401: using driver [org.h2.Driver] at URL [jdbc:h2:mem:db1;DB_CLOSE_DELAY=-1;MVCC=TRUE]
14:09:55,174  INFO DriverManagerConnectionProviderImpl:158 - HHH000046: Connection properties: {user=sa}
14:09:55,180  INFO Dialect:103 - HHH000400: Using dialect: org.hibernate.dialect.H2Dialect
14:09:55,180  INFO LobCreatorBuilder:94 - HHH000423: Disabling contextual LOB creation as JDBC driver reported JDBC version [3] less than 4
14:09:55,182  WARN CachingRegionFactory:53 - CachingRegionFactory should be only used for testing.
14:09:55,185  INFO DriverManagerConnectionProviderImpl:162 - HHH000030: Cleaning up connection pool [jdbc:h2:mem:db1;DB_CLOSE_DELAY=-1;MVCC=TRUE]
14:09:55,186  INFO CustomRunner:139 - Test: testSimpleEntityWithSimpleComponentMapping
14:09:55,191  INFO DriverManagerConnectionProviderImpl:99 - HHH000402: Using Hibernate built-in connection pool (not for production use!)
14:09:55,191  INFO DriverManagerConnectionProviderImpl:135 - HHH000115: Hibernate connection pool size: 5
14:09:55,192  INFO DriverManagerConnectionProviderImpl:138 - HHH000006: Autocommit mode: false
14:09:55,192  INFO DriverManagerConnectionProviderImpl:153 - HHH000401: using driver [org.h2.Driver] at URL [jdbc:h2:mem:db1;DB_CLOSE_DELAY=-1;MVCC=TRUE]
14:09:55,192  INFO DriverManagerConnectionProviderImpl:158 - HHH000046: Connection properties: {user=sa}
14:09:55,198  INFO Dialect:103 - HHH000400: Using dialect: org.hibernate.dialect.H2Dialect
14:09:55,198  INFO LobCreatorBuilder:94 - HHH000423: Disabling contextual LOB creation as JDBC driver reported JDBC version [3] less than 4
14:09:55,203  WARN CachingRegionFactory:53 - CachingRegionFactory should be only used for testing.
14:09:55,210  INFO DriverManagerConnectionProviderImpl:162 - HHH000030: Cleaning up connection pool [jdbc:h2:mem:db1;DB_CLOSE_DELAY=-1;MVCC=TRUE]
14:09:55,211  INFO CustomRunner:139 - Test: testSimpleVersionedEntityMapping
14:09:55,217  INFO DriverManagerConnectionProviderImpl:99 - HHH000402: Using Hibernate built-in connection pool (not for production use!)
14:09:55,217  INFO DriverManagerConnectionProviderImpl:135 - HHH000115: Hibernate connection pool size: 5
14:09:55,217  INFO DriverManagerConnectionProviderImpl:138 - HHH000006: Autocommit mode: false
14:09:55,218  INFO DriverManagerConnectionProviderImpl:153 - HHH000401: using driver [org.h2.Driver] at URL [jdbc:h2:mem:db1;DB_CLOSE_DELAY=-1;MVCC=TRUE]
14:09:55,218  INFO DriverManagerConnectionProviderImpl:158 - HHH000046: Connection properties: {user=sa}
14:09:55,224  INFO Dialect:103 - HHH000400: Using dialect: org.hibernate.dialect.H2Dialect
14:09:55,225  INFO LobCreatorBuilder:94 - HHH000423: Disabling contextual LOB creation as JDBC driver reported JDBC version [3] less than 4
14:09:55,227  WARN CachingRegionFactory:53 - CachingRegionFactory should be only used for testing.
14:09:55,232  INFO DriverManagerConnectionProviderImpl:162 - HHH000030: Cleaning up connection pool [jdbc:h2:mem:db1;DB_CLOSE_DELAY=-1;MVCC=TRUE]
]]></system-out>
  <system-err><![CDATA[]]></system-err>
</testsuite>
