<?xml version="1.0" encoding="UTF-8"?>
<testsuite errors="0" failures="0" hostname="dhcp-10.15.208.168.stl.redhat.com" name="org.hibernate.test.annotations.persister.PersisterTest" tests="3" time="0.026" timestamp="2013-02-28T20:10:41">
  <properties />
  <testcase classname="org.hibernate.test.annotations.persister.PersisterTest" name="testCollectionPersisterSpecified" time="0.0" />
  <testcase classname="org.hibernate.test.annotations.persister.PersisterTest" name="testEntityEntityPersisterAndPersisterSpecified" time="0.0" />
  <testcase classname="org.hibernate.test.annotations.persister.PersisterTest" name="testEntityEntityPersisterSpecified" time="0.001" />
  <system-out><![CDATA[14:10:41,705  INFO CustomRunner:132 - BeforeClass: org.hibernate.test.annotations.persister.PersisterTest
14:10:41,710  INFO DriverManagerConnectionProviderImpl:99 - HHH000402: Using Hibernate built-in connection pool (not for production use!)
14:10:41,710  INFO DriverManagerConnectionProviderImpl:135 - HHH000115: Hibernate connection pool size: 5
14:10:41,710  INFO DriverManagerConnectionProviderImpl:138 - HHH000006: Autocommit mode: false
14:10:41,710  INFO DriverManagerConnectionProviderImpl:153 - HHH000401: using driver [org.h2.Driver] at URL [jdbc:h2:mem:db1;DB_CLOSE_DELAY=-1;MVCC=TRUE]
14:10:41,710  INFO DriverManagerConnectionProviderImpl:158 - HHH000046: Connection properties: {user=sa}
14:10:41,711  INFO Dialect:103 - HHH000400: Using dialect: org.hibernate.dialect.H2Dialect
14:10:41,712  INFO LobCreatorBuilder:94 - HHH000423: Disabling contextual LOB creation as JDBC driver reported JDBC version [3] less than 4
14:10:41,712  INFO TransactionFactoryInitiator:66 - HHH000399: Using default transaction strategy (direct JDBC transactions)
14:10:41,712  INFO ASTQueryTranslatorFactory:48 - HHH000397: Using ASTQueryTranslatorFactory
14:10:41,712  WARN CachingRegionFactory:58 - CachingRegionFactory should be only used for testing.
14:10:41,721  INFO SchemaExport:343 - HHH000227: Running hbm2ddl schema export
14:10:41,722 DEBUG SchemaExport:353 - Import file not found: /import.sql
14:10:41,722 DEBUG SQL:104 - 
    alter table Card 
        drop constraint FK1FEF304A722447
14:10:41,723 ERROR SchemaExport:425 - HHH000389: Unsuccessful: alter table Card drop constraint FK1FEF304A722447
14:10:41,723 ERROR SchemaExport:426 - Table "CARD" not found; SQL statement:

    alter table Card 
        drop constraint FK1FEF304A722447 [42102-145]
14:10:41,723 DEBUG SQL:104 - 
    drop table Card if exists
14:10:41,723 DEBUG SQL:104 - 
    drop table Deck if exists
14:10:41,723 DEBUG SQL:104 - 
    create table Card (
        id integer not null,
        deck_id integer,
        primary key (id)
    )
14:10:41,724 DEBUG SQL:104 - 
    create table Deck (
        id integer not null,
        primary key (id)
    )
14:10:41,724 DEBUG SQL:104 - 
    alter table Card 
        add constraint FK1FEF304A722447 
        foreign key (deck_id) 
        references Deck
14:10:41,725  INFO SchemaExport:405 - HHH000230: Schema export complete
14:10:41,725  WARN SessionFactoryImpl:1554 - HHH000008: JTASessionContext being used with JDBCTransactionFactory; auto-flush will not operate correctly with getCurrentSession()
14:10:41,725  INFO CustomRunner:139 - Test: testCollectionPersisterSpecified
14:10:41,726  INFO CustomRunner:139 - Test: testEntityEntityPersisterAndPersisterSpecified
14:10:41,727  INFO CustomRunner:139 - Test: testEntityEntityPersisterSpecified
14:10:41,728  INFO SchemaExport:343 - HHH000227: Running hbm2ddl schema export
14:10:41,729 DEBUG SchemaExport:353 - Import file not found: /import.sql
14:10:41,729 DEBUG SQL:104 - 
    alter table Card 
        drop constraint FK1FEF304A722447
14:10:41,729 DEBUG SQL:104 - 
    drop table Card if exists
14:10:41,729 DEBUG SQL:104 - 
    drop table Deck if exists
14:10:41,729  INFO SchemaExport:405 - HHH000230: Schema export complete
14:10:41,730  INFO DriverManagerConnectionProviderImpl:162 - HHH000030: Cleaning up connection pool [jdbc:h2:mem:db1;DB_CLOSE_DELAY=-1;MVCC=TRUE]
]]></system-out>
  <system-err><![CDATA[]]></system-err>
</testsuite>
