<?xml version="1.0" encoding="UTF-8"?>
<testsuite errors="0" failures="0" hostname="dhcp-10.15.208.168.stl.redhat.com" name="org.hibernate.test.annotations.SafeMappingTest" tests="1" time="0.004" timestamp="2013-02-28T20:10:06">
  <properties />
  <testcase classname="org.hibernate.test.annotations.SafeMappingTest" name="testDeclarativeMix" time="0.003" />
  <system-out><![CDATA[]]></system-out>
  <system-err><![CDATA[]]></system-err>
</testsuite>
