<?xml version="1.0" encoding="UTF-8"?>
<testsuite errors="0" failures="0" hostname="dhcp-10.15.208.168.stl.redhat.com" name="org.hibernate.test.onetoone.optional.OptionalOneToOneTest" tests="1" time="0.055" timestamp="2013-02-28T20:17:39">
  <properties />
  <testcase classname="org.hibernate.test.onetoone.optional.OptionalOneToOneTest" name="testOptionalOneToOneRetrieval" time="0.011" />
  <system-out><![CDATA[14:17:39,463  INFO CustomRunner:132 - BeforeClass: org.hibernate.test.onetoone.optional.OptionalOneToOneTest
14:17:39,464  INFO Configuration:706 - HHH000221: Reading mappings from resource: org/hibernate/test/onetoone/optional/Person.hbm.xml
14:17:39,473  INFO DriverManagerConnectionProviderImpl:99 - HHH000402: Using Hibernate built-in connection pool (not for production use!)
14:17:39,473  INFO DriverManagerConnectionProviderImpl:135 - HHH000115: Hibernate connection pool size: 5
14:17:39,473  INFO DriverManagerConnectionProviderImpl:138 - HHH000006: Autocommit mode: false
14:17:39,474  INFO DriverManagerConnectionProviderImpl:153 - HHH000401: using driver [org.h2.Driver] at URL [jdbc:h2:mem:db1;DB_CLOSE_DELAY=-1;MVCC=TRUE]
14:17:39,474  INFO DriverManagerConnectionProviderImpl:158 - HHH000046: Connection properties: {user=sa}
14:17:39,475  INFO Dialect:103 - HHH000400: Using dialect: org.hibernate.dialect.H2Dialect
14:17:39,475  INFO LobCreatorBuilder:94 - HHH000423: Disabling contextual LOB creation as JDBC driver reported JDBC version [3] less than 4
14:17:39,476  INFO TransactionFactoryInitiator:66 - HHH000399: Using default transaction strategy (direct JDBC transactions)
14:17:39,476  INFO ASTQueryTranslatorFactory:48 - HHH000397: Using ASTQueryTranslatorFactory
14:17:39,487  INFO SchemaExport:343 - HHH000227: Running hbm2ddl schema export
14:17:39,488 DEBUG SchemaExport:353 - Import file not found: /import.sql
14:17:39,488 DEBUG SQL:104 - 
    alter table Org 
        drop constraint FK136C454B542EC
14:17:39,488 ERROR SchemaExport:425 - HHH000389: Unsuccessful: alter table Org drop constraint FK136C454B542EC
14:17:39,488 ERROR SchemaExport:426 - Table "ORG" not found; SQL statement:

    alter table Org 
        drop constraint FK136C454B542EC [42102-145]
14:17:39,488 DEBUG SQL:104 - 
    alter table Person 
        drop constraint FK8E48877554B542EC
14:17:39,488 ERROR SchemaExport:425 - HHH000389: Unsuccessful: alter table Person drop constraint FK8E48877554B542EC
14:17:39,489 ERROR SchemaExport:426 - Table "PERSON" not found; SQL statement:

    alter table Person 
        drop constraint FK8E48877554B542EC [42102-145]
14:17:39,489 DEBUG SQL:104 - 
    drop table Address if exists
14:17:39,489 DEBUG SQL:104 - 
    drop table Entity if exists
14:17:39,489 DEBUG SQL:104 - 
    drop table Org if exists
14:17:39,489 DEBUG SQL:104 - 
    drop table Person if exists
14:17:39,489 DEBUG SQL:104 - 
    create table Address (
        entityName varchar(255) not null,
        street varchar(255),
        state varchar(255),
        zip varchar(255),
        primary key (entityName)
    )
14:17:39,490 DEBUG SQL:104 - 
    create table Entity (
        name varchar(255) not null,
        primary key (name)
    )
14:17:39,490 DEBUG SQL:104 - 
    create table Org (
        entityName varchar(255) not null,
        primary key (entityName)
    )
14:17:39,490 DEBUG SQL:104 - 
    create table Person (
        entityName varchar(255) not null,
        primary key (entityName)
    )
14:17:39,490 DEBUG SQL:104 - 
    alter table Org 
        add constraint FK136C454B542EC 
        foreign key (entityName) 
        references Entity
14:17:39,492 DEBUG SQL:104 - 
    alter table Person 
        add constraint FK8E48877554B542EC 
        foreign key (entityName) 
        references Entity
14:17:39,492  INFO SchemaExport:405 - HHH000230: Schema export complete
14:17:39,492  WARN SessionFactoryImpl:1554 - HHH000008: JTASessionContext being used with JDBCTransactionFactory; auto-flush will not operate correctly with getCurrentSession()
14:17:39,493  INFO CustomRunner:139 - Test: testOptionalOneToOneRetrieval
14:17:39,494 DEBUG SQL:104 - 
    insert 
    into
        Entity
        (name) 
    values
        (?)
14:17:39,494 DEBUG SQL:104 - 
    insert 
    into
        Person
        (entityName) 
    values
        (?)
14:17:39,495 DEBUG SQL:104 - 
    select
        person0_.entityName as name1_0_ 
    from
        Person person0_ 
    inner join
        Entity person0_1_ 
            on person0_.entityName=person0_1_.name 
    where
        person0_.entityName=?
14:17:39,495 DEBUG SQL:104 - 
    select
        address0_.entityName as entityName0_0_,
        address0_.street as street0_0_,
        address0_.state as state0_0_,
        address0_.zip as zip0_0_ 
    from
        Address address0_ 
    where
        address0_.entityName=?
14:17:39,503 DEBUG SQL:104 - 
    delete 
    from
        Person 
    where
        entityName=?
14:17:39,503 DEBUG SQL:104 - 
    delete 
    from
        Entity 
    where
        name=?
14:17:39,504  INFO SchemaExport:343 - HHH000227: Running hbm2ddl schema export
14:17:39,505 DEBUG SchemaExport:353 - Import file not found: /import.sql
14:17:39,505 DEBUG SQL:104 - 
    alter table Org 
        drop constraint FK136C454B542EC
14:17:39,505 DEBUG SQL:104 - 
    alter table Person 
        drop constraint FK8E48877554B542EC
14:17:39,505 DEBUG SQL:104 - 
    drop table Address if exists
14:17:39,515 DEBUG SQL:104 - 
    drop table Entity if exists
14:17:39,515 DEBUG SQL:104 - 
    drop table Org if exists
14:17:39,515 DEBUG SQL:104 - 
    drop table Person if exists
14:17:39,516  INFO SchemaExport:405 - HHH000230: Schema export complete
14:17:39,516  INFO DriverManagerConnectionProviderImpl:162 - HHH000030: Cleaning up connection pool [jdbc:h2:mem:db1;DB_CLOSE_DELAY=-1;MVCC=TRUE]
]]></system-out>
  <system-err><![CDATA[]]></system-err>
</testsuite>
