<?xml version="1.0" encoding="UTF-8"?>
<testsuite errors="0" failures="0" hostname="dhcp-10.15.208.168.stl.redhat.com" name="org.hibernate.test.annotations.enumerated.ormXml.OrmXmlEnumTypeTest" tests="1" time="0.078" timestamp="2013-02-28T20:10:25">
  <properties />
  <testcase classname="org.hibernate.test.annotations.enumerated.ormXml.OrmXmlEnumTypeTest" name="testOrmXmlDefinedEnumType" time="0.001" />
  <system-out><![CDATA[14:10:25,494  INFO CustomRunner:132 - BeforeClass: org.hibernate.test.annotations.enumerated.ormXml.OrmXmlEnumTypeTest
14:10:25,535  INFO DriverManagerConnectionProviderImpl:99 - HHH000402: Using Hibernate built-in connection pool (not for production use!)
14:10:25,535  INFO DriverManagerConnectionProviderImpl:135 - HHH000115: Hibernate connection pool size: 5
14:10:25,535  INFO DriverManagerConnectionProviderImpl:138 - HHH000006: Autocommit mode: false
14:10:25,535  INFO DriverManagerConnectionProviderImpl:153 - HHH000401: using driver [org.h2.Driver] at URL [jdbc:h2:mem:db1;DB_CLOSE_DELAY=-1;MVCC=TRUE]
14:10:25,535  INFO DriverManagerConnectionProviderImpl:158 - HHH000046: Connection properties: {user=sa}
14:10:25,537  INFO Dialect:103 - HHH000400: Using dialect: org.hibernate.dialect.H2Dialect
14:10:25,537  INFO LobCreatorBuilder:94 - HHH000423: Disabling contextual LOB creation as JDBC driver reported JDBC version [3] less than 4
14:10:25,538  INFO TransactionFactoryInitiator:66 - HHH000399: Using default transaction strategy (direct JDBC transactions)
14:10:25,538  INFO ASTQueryTranslatorFactory:48 - HHH000397: Using ASTQueryTranslatorFactory
14:10:25,539  WARN CachingRegionFactory:58 - CachingRegionFactory should be only used for testing.
14:10:25,565  INFO SchemaExport:343 - HHH000227: Running hbm2ddl schema export
14:10:25,566 DEBUG SchemaExport:353 - Import file not found: /import.sql
14:10:25,566 DEBUG SQL:104 - 
    drop table bookWithOrmEnum if exists
14:10:25,566 DEBUG SQL:104 - 
    create table bookWithOrmEnum (
        id bigint not null,
        bindingOrdinalEnum integer,
        bindingStringEnum VARCHAR(10),
        primary key (id)
    )
14:10:25,567  INFO SchemaExport:405 - HHH000230: Schema export complete
14:10:25,567  WARN SessionFactoryImpl:1554 - HHH000008: JTASessionContext being used with JDBCTransactionFactory; auto-flush will not operate correctly with getCurrentSession()
14:10:25,567  INFO CustomRunner:139 - Test: testOrmXmlDefinedEnumType
14:10:25,569  INFO SchemaExport:343 - HHH000227: Running hbm2ddl schema export
14:10:25,570 DEBUG SchemaExport:353 - Import file not found: /import.sql
14:10:25,570 DEBUG SQL:104 - 
    drop table bookWithOrmEnum if exists
14:10:25,570  INFO SchemaExport:405 - HHH000230: Schema export complete
14:10:25,571  INFO DriverManagerConnectionProviderImpl:162 - HHH000030: Cleaning up connection pool [jdbc:h2:mem:db1;DB_CLOSE_DELAY=-1;MVCC=TRUE]
]]></system-out>
  <system-err><![CDATA[]]></system-err>
</testsuite>
