<?xml version="1.0" encoding="UTF-8"?>
<testsuite errors="0" failures="0" hostname="dhcp-10.15.208.168.stl.redhat.com" name="org.hibernate.test.idbag.IdBagTest" tests="2" time="0.093" timestamp="2013-02-28T20:14:01">
  <properties />
  <testcase classname="org.hibernate.test.idbag.IdBagTest" name="testJoin" time="0.027" />
  <testcase classname="org.hibernate.test.idbag.IdBagTest" name="testUpdateIdBag" time="0.01" />
  <system-out><![CDATA[14:14:01,078  INFO CustomRunner:132 - BeforeClass: org.hibernate.test.idbag.IdBagTest
14:14:01,079  INFO Configuration:706 - HHH000221: Reading mappings from resource: org/hibernate/test/idbag/UserGroup.hbm.xml
14:14:01,086  INFO DriverManagerConnectionProviderImpl:99 - HHH000402: Using Hibernate built-in connection pool (not for production use!)
14:14:01,087  INFO DriverManagerConnectionProviderImpl:135 - HHH000115: Hibernate connection pool size: 5
14:14:01,087  INFO DriverManagerConnectionProviderImpl:138 - HHH000006: Autocommit mode: false
14:14:01,087  INFO DriverManagerConnectionProviderImpl:153 - HHH000401: using driver [org.h2.Driver] at URL [jdbc:h2:mem:db1;DB_CLOSE_DELAY=-1;MVCC=TRUE]
14:14:01,088  INFO DriverManagerConnectionProviderImpl:158 - HHH000046: Connection properties: {user=sa}
14:14:01,089  INFO Dialect:103 - HHH000400: Using dialect: org.hibernate.dialect.H2Dialect
14:14:01,090  INFO LobCreatorBuilder:94 - HHH000423: Disabling contextual LOB creation as JDBC driver reported JDBC version [3] less than 4
14:14:01,091  INFO TransactionFactoryInitiator:66 - HHH000399: Using default transaction strategy (direct JDBC transactions)
14:14:01,092  INFO ASTQueryTranslatorFactory:48 - HHH000397: Using ASTQueryTranslatorFactory
14:14:01,092  WARN CachingRegionFactory:58 - CachingRegionFactory should be only used for testing.
14:14:01,122  INFO SchemaExport:343 - HHH000227: Running hbm2ddl schema export
14:14:01,123 DEBUG SchemaExport:353 - Import file not found: /import.sql
14:14:01,123 DEBUG SQL:104 - 
    alter table "UserGroups" 
        drop constraint FKC120499F5FBF73D2
14:14:01,124 ERROR SchemaExport:425 - HHH000389: Unsuccessful: alter table "UserGroups" drop constraint FKC120499F5FBF73D2
14:14:01,124 ERROR SchemaExport:426 - Table "UserGroups" not found; SQL statement:

    alter table "UserGroups" 
        drop constraint FKC120499F5FBF73D2 [42102-145]
14:14:01,125 DEBUG SQL:104 - 
    alter table "UserGroups" 
        drop constraint FKC120499F5938F3B8
14:14:01,125 ERROR SchemaExport:425 - HHH000389: Unsuccessful: alter table "UserGroups" drop constraint FKC120499F5938F3B8
14:14:01,125 ERROR SchemaExport:426 - Table "UserGroups" not found; SQL statement:

    alter table "UserGroups" 
        drop constraint FKC120499F5938F3B8 [42102-145]
14:14:01,125 DEBUG SQL:104 - 
    drop table "Groups" if exists
14:14:01,125 DEBUG SQL:104 - 
    drop table "UserGroups" if exists
14:14:01,126 DEBUG SQL:104 - 
    drop table "Users" if exists
14:14:01,126 DEBUG SQL:104 - 
    create table "Groups" (
        name varchar(255) not null,
        primary key (name)
    )
14:14:01,126 DEBUG SQL:104 - 
    create table "UserGroups" (
        userName varchar(255) not null,
        groupName varchar(255) not null,
        userGroupId bigint not null,
        primary key (userGroupId)
    )
14:14:01,127 DEBUG SQL:104 - 
    create table "Users" (
        name varchar(255) not null,
        primary key (name)
    )
14:14:01,127 DEBUG SQL:104 - 
    alter table "UserGroups" 
        add constraint FKC120499F5FBF73D2 
        foreign key (groupName) 
        references "Groups"
14:14:01,128 DEBUG SQL:104 - 
    alter table "UserGroups" 
        add constraint FKC120499F5938F3B8 
        foreign key (userName) 
        references "Users"
14:14:01,128  INFO SchemaExport:405 - HHH000230: Schema export complete
14:14:01,128  WARN SessionFactoryImpl:1554 - HHH000008: JTASessionContext being used with JDBCTransactionFactory; auto-flush will not operate correctly with getCurrentSession()
14:14:01,129  INFO CustomRunner:139 - Test: testJoin
14:14:01,130 DEBUG QueryTranslatorImpl:265 - parse() - HQL: from org.hibernate.test.idbag.User u join u.groups g
14:14:01,131 DEBUG QueryTranslatorImpl:283 - --- HQL AST ---
 \-[QUERY] Node: 'query'
    \-[SELECT_FROM] Node: 'SELECT_FROM'
       \-[FROM] Node: 'from'
          +-[RANGE] Node: 'RANGE'
          |  +-[DOT] Node: '.'
          |  |  +-[DOT] Node: '.'
          |  |  |  +-[DOT] Node: '.'
          |  |  |  |  +-[DOT] Node: '.'
          |  |  |  |  |  +-[IDENT] Node: 'org'
          |  |  |  |  |  \-[IDENT] Node: 'hibernate'
          |  |  |  |  \-[IDENT] Node: 'test'
          |  |  |  \-[IDENT] Node: 'idbag'
          |  |  \-[IDENT] Node: 'User'
          |  \-[ALIAS] Node: 'u'
          \-[JOIN] Node: 'join'
             +-[DOT] Node: '.'
             |  +-[IDENT] Node: 'u'
             |  \-[IDENT] Node: 'groups'
             \-[ALIAS] Node: 'g'

14:14:01,131 DEBUG ErrorCounter:82 - throwQueryException() : no errors
14:14:01,132 DEBUG FromElement:157 - FromClause{level=1} : org.hibernate.test.idbag.User (u) -> user0_
14:14:01,132 DEBUG FromReferenceNode:74 - Resolved : u -> user0_.name
14:14:01,132 DEBUG DotNode:599 - getDataType() : groups -> org.hibernate.type.IdentifierBagType(org.hibernate.test.idbag.User.groups)
14:14:01,132 DEBUG FromElementFactory:385 - createManyToMany() : path = u.groups role = org.hibernate.test.idbag.User.groups associatedEntityName = org.hibernate.test.idbag.Group
14:14:01,132 DEBUG FromElement:157 - FromClause{level=1} : org.hibernate.test.idbag.Group (g) -> group2_
14:14:01,132 DEBUG FromClause:282 - addJoinByPathMap() : u.groups -> FromElement{explicit,not a collection join,not a fetch join,fetch non-lazy properties,classAlias=g,role=null,tableName="Groups",tableAlias=group2_,origin="Users" user0_,columns={user0_.name ,className=org.hibernate.test.idbag.Group}}
14:14:01,132 DEBUG DotNode:308 - dereferenceCollection() : Created new FROM element for u.groups : "UserGroups" group2_
14:14:01,133 DEBUG FromReferenceNode:74 - Resolved : u.groups -> .
14:14:01,133 DEBUG HqlSqlWalker:403 - createFromJoinElement() : -- join tree --
 \-[JOIN_FRAGMENT] FromElement: '"UserGroups" group2_' FromElement{explicit,not a collection join,not a fetch join,fetch non-lazy properties,classAlias=g,role=org.hibernate.test.idbag.User.groups,tableName="Groups",tableAlias=group2_,origin="Users" user0_,columns={user0_.name ,className=org.hibernate.test.idbag.Group}}

14:14:01,133 DEBUG HqlSqlWalker:629 - processQuery() :  ( SELECT ( FromClause{level=1} ( "Users" user0_ "UserGroups" group2_ ) ) )
14:14:01,133 DEBUG HqlSqlWalker:869 - Derived SELECT clause created.
14:14:01,133 DEBUG JoinProcessor:175 - Using FROM fragment ["Users" user0_]
14:14:01,133 DEBUG JoinProcessor:175 - Using FROM fragment [inner join "UserGroups" groups1_ on user0_.name=groups1_.userName inner join "Groups" group2_ on groups1_.groupName=group2_.name]
14:14:01,133 DEBUG QueryTranslatorImpl:252 - --- SQL AST ---
 \-[SELECT] QueryNode: 'SELECT'  querySpaces ("UserGroups","Groups","Users")
    +-[SELECT_CLAUSE] SelectClause: '{derived select clause}'
    |  +-[SELECT_EXPR] SelectExpressionImpl: 'user0_.name as name2_0_' {FromElement{explicit,not a collection join,not a fetch join,fetch non-lazy properties,classAlias=u,role=null,tableName="Users",tableAlias=user0_,origin=null,columns={,className=org.hibernate.test.idbag.User}}}
    |  \-[SELECT_EXPR] SelectExpressionImpl: 'group2_.name as name0_1_' {FromElement{explicit,not a collection join,not a fetch join,fetch non-lazy properties,classAlias=g,role=org.hibernate.test.idbag.User.groups,tableName="Groups",tableAlias=group2_,origin="Users" user0_,columns={user0_.name ,className=org.hibernate.test.idbag.Group}}}
    \-[FROM] FromClause: 'from' FromClause{level=1, fromElementCounter=2, fromElements=2, fromElementByClassAlias=[g, u], fromElementByTableAlias=[user0_, group2_], fromElementsByPath=[u.groups], collectionJoinFromElementsByPath=[], impliedElements=[]}
       \-[FROM_FRAGMENT] FromElement: '"Users" user0_' FromElement{explicit,not a collection join,not a fetch join,fetch non-lazy properties,classAlias=u,role=null,tableName="Users",tableAlias=user0_,origin=null,columns={,className=org.hibernate.test.idbag.User}}
          \-[JOIN_FRAGMENT] FromElement: 'inner join "UserGroups" groups1_ on user0_.name=groups1_.userName inner join "Groups" group2_ on groups1_.groupName=group2_.name' FromElement{explicit,not a collection join,not a fetch join,fetch non-lazy properties,classAlias=g,role=org.hibernate.test.idbag.User.groups,tableName="Groups",tableAlias=group2_,origin="Users" user0_,columns={user0_.name ,className=org.hibernate.test.idbag.Group}}

14:14:01,134 DEBUG ErrorCounter:82 - throwQueryException() : no errors
14:14:01,134 DEBUG QueryTranslatorImpl:235 - HQL: from org.hibernate.test.idbag.User u join u.groups g
14:14:01,134 DEBUG QueryTranslatorImpl:236 - SQL: select user0_.name as name2_0_, group2_.name as name0_1_ from "Users" user0_ inner join "UserGroups" groups1_ on user0_.name=groups1_.userName inner join "Groups" group2_ on groups1_.groupName=group2_.name
14:14:01,134 DEBUG ErrorCounter:82 - throwQueryException() : no errors
14:14:01,135 DEBUG SQL:104 - 
    insert 
    into
        "Users"
        (name) 
    values
        (?)
14:14:01,147 DEBUG SQL:104 - 
    insert 
    into
        "Groups"
        (name) 
    values
        (?)
14:14:01,147 DEBUG SQL:104 - 
    insert 
    into
        "Groups"
        (name) 
    values
        (?)
14:14:01,147 DEBUG SQL:104 - 
    select
        max(userGroupId) 
    from
        "UserGroups"
14:14:01,147 DEBUG SQL:104 - 
    insert 
    into
        "UserGroups"
        (userName, userGroupId, groupName) 
    values
        (?, ?, ?)
14:14:01,148 DEBUG SQL:104 - 
    insert 
    into
        "UserGroups"
        (userName, userGroupId, groupName) 
    values
        (?, ?, ?)
14:14:01,148 DEBUG SQL:104 - 
    select
        user0_.name as name2_0_,
        group2_.name as name0_1_ 
    from
        "Users" user0_ 
    inner join
        "UserGroups" groups1_ 
            on user0_.name=groups1_.userName 
    inner join
        "Groups" group2_ 
            on groups1_.groupName=group2_.name
14:14:01,148 DEBUG QueryTranslatorImpl:265 - parse() - HQL: from org.hibernate.test.idbag.User u join fetch u.groups
14:14:01,149 DEBUG QueryTranslatorImpl:283 - --- HQL AST ---
 \-[QUERY] Node: 'query'
    \-[SELECT_FROM] Node: 'SELECT_FROM'
       \-[FROM] Node: 'from'
          +-[RANGE] Node: 'RANGE'
          |  +-[DOT] Node: '.'
          |  |  +-[DOT] Node: '.'
          |  |  |  +-[DOT] Node: '.'
          |  |  |  |  +-[DOT] Node: '.'
          |  |  |  |  |  +-[IDENT] Node: 'org'
          |  |  |  |  |  \-[IDENT] Node: 'hibernate'
          |  |  |  |  \-[IDENT] Node: 'test'
          |  |  |  \-[IDENT] Node: 'idbag'
          |  |  \-[IDENT] Node: 'User'
          |  \-[ALIAS] Node: 'u'
          \-[JOIN] Node: 'join'
             +-[FETCH] Node: 'fetch'
             \-[DOT] Node: '.'
                +-[IDENT] Node: 'u'
                \-[IDENT] Node: 'groups'

14:14:01,150 DEBUG ErrorCounter:82 - throwQueryException() : no errors
14:14:01,150 DEBUG FromElement:157 - FromClause{level=1} : org.hibernate.test.idbag.User (u) -> user0_
14:14:01,150 DEBUG FromReferenceNode:74 - Resolved : u -> user0_.name
14:14:01,150 DEBUG DotNode:599 - getDataType() : groups -> org.hibernate.type.IdentifierBagType(org.hibernate.test.idbag.User.groups)
14:14:01,150 DEBUG FromElementFactory:385 - createManyToMany() : path = u.groups role = org.hibernate.test.idbag.User.groups associatedEntityName = org.hibernate.test.idbag.Group
14:14:01,150 DEBUG FromElement:157 - FromClause{level=1} : org.hibernate.test.idbag.Group (<no alias>) -> group2_
14:14:01,150 DEBUG FromClause:282 - addJoinByPathMap() : u.groups -> FromElement{explicit,not a collection join,not a fetch join,fetch non-lazy properties,classAlias=null,role=null,tableName="Groups",tableAlias=group2_,origin="Users" user0_,columns={user0_.name ,className=org.hibernate.test.idbag.Group}}
14:14:01,151 DEBUG DotNode:308 - dereferenceCollection() : Created new FROM element for u.groups : "UserGroups" group2_
14:14:01,151 DEBUG FromReferenceNode:74 - Resolved : u.groups -> .
14:14:01,151 DEBUG HqlSqlWalker:403 - createFromJoinElement() : -- join tree --
 \-[JOIN_FRAGMENT] FromElement: '"UserGroups" group2_' FromElement{explicit,not a collection join,fetch join,fetch non-lazy properties,classAlias=null,role=org.hibernate.test.idbag.User.groups,tableName="Groups",tableAlias=group2_,origin="Users" user0_,columns={user0_.name ,className=org.hibernate.test.idbag.Group}}

14:14:01,151 DEBUG HqlSqlWalker:629 - processQuery() :  ( SELECT ( FromClause{level=1} ( "Users" user0_ "UserGroups" group2_ ) ) )
14:14:01,151 DEBUG HqlSqlWalker:869 - Derived SELECT clause created.
14:14:01,151 DEBUG JoinProcessor:175 - Using FROM fragment ["Users" user0_]
14:14:01,151 DEBUG JoinProcessor:175 - Using FROM fragment [inner join "UserGroups" groups1_ on user0_.name=groups1_.userName inner join "Groups" group2_ on groups1_.groupName=group2_.name]
14:14:01,152 DEBUG QueryNode:101 - getOrderByClause() : Creating a new ORDER BY clause
14:14:01,152 DEBUG QueryTranslatorImpl:252 - --- SQL AST ---
 \-[SELECT] QueryNode: 'SELECT'  querySpaces ("UserGroups","Groups","Users")
    +-[SELECT_CLAUSE] SelectClause: '{derived select clause}'
    |  +-[SELECT_EXPR] SelectExpressionImpl: 'user0_.name as name2_0_' {FromElement{explicit,not a collection join,not a fetch join,fetch non-lazy properties,classAlias=u,role=null,tableName="Users",tableAlias=user0_,origin=null,columns={,className=org.hibernate.test.idbag.User}}}
    |  +-[SELECT_EXPR] SelectExpressionImpl: 'group2_.name as name0_1_' {FromElement{explicit,not a collection join,fetch join,fetch non-lazy properties,classAlias=null,role=org.hibernate.test.idbag.User.groups,tableName="Groups",tableAlias=group2_,origin="Users" user0_,columns={user0_.name ,className=org.hibernate.test.idbag.Group}}}
    |  \-[SQL_TOKEN] SqlFragment: 'groups1_.userName as userName2_0__, groups1_.groupName as groupName1_0__, groups1_.userGroupId as userGrou3_0__'
    +-[FROM] FromClause: 'from' FromClause{level=1, fromElementCounter=2, fromElements=2, fromElementByClassAlias=[u], fromElementByTableAlias=[user0_, group2_], fromElementsByPath=[u.groups], collectionJoinFromElementsByPath=[], impliedElements=[]}
    |  \-[FROM_FRAGMENT] FromElement: '"Users" user0_' FromElement{explicit,not a collection join,not a fetch join,fetch non-lazy properties,classAlias=u,role=null,tableName="Users",tableAlias=user0_,origin=null,columns={,className=org.hibernate.test.idbag.User}}
    |     \-[JOIN_FRAGMENT] FromElement: 'inner join "UserGroups" groups1_ on user0_.name=groups1_.userName inner join "Groups" group2_ on groups1_.groupName=group2_.name' FromElement{explicit,not a collection join,fetch join,fetch non-lazy properties,classAlias=null,role=org.hibernate.test.idbag.User.groups,tableName="Groups",tableAlias=group2_,origin="Users" user0_,columns={user0_.name ,className=org.hibernate.test.idbag.Group}}
    \-[ORDER] OrderByClause: 'ORDER'
       \-[SQL_TOKEN] SqlFragment: 'groups1_.groupName asc'

14:14:01,152 DEBUG ErrorCounter:82 - throwQueryException() : no errors
14:14:01,152 DEBUG QueryTranslatorImpl:235 - HQL: from org.hibernate.test.idbag.User u join fetch u.groups
14:14:01,152 DEBUG QueryTranslatorImpl:236 - SQL: select user0_.name as name2_0_, group2_.name as name0_1_, groups1_.userName as userName2_0__, groups1_.groupName as groupName1_0__, groups1_.userGroupId as userGrou3_0__ from "Users" user0_ inner join "UserGroups" groups1_ on user0_.name=groups1_.userName inner join "Groups" group2_ on groups1_.groupName=group2_.name order by groups1_.groupName asc
14:14:01,152 DEBUG ErrorCounter:82 - throwQueryException() : no errors
14:14:01,153 DEBUG SQL:104 - 
    select
        user0_.name as name2_0_,
        group2_.name as name0_1_,
        groups1_.userName as userName2_0__,
        groups1_.groupName as groupName1_0__,
        groups1_.userGroupId as userGrou3_0__ 
    from
        "Users" user0_ 
    inner join
        "UserGroups" groups1_ 
            on user0_.name=groups1_.userName 
    inner join
        "Groups" group2_ 
            on groups1_.groupName=group2_.name 
    order by
        groups1_.groupName asc
14:14:01,154 DEBUG SQL:104 - 
    delete 
    from
        "UserGroups" 
    where
        userName=?
14:14:01,155 DEBUG SQL:104 - 
    delete 
    from
        "Groups" 
    where
        name=?
14:14:01,155 DEBUG SQL:104 - 
    delete 
    from
        "Groups" 
    where
        name=?
14:14:01,155 DEBUG SQL:104 - 
    delete 
    from
        "Users" 
    where
        name=?
14:14:01,156  INFO CustomRunner:139 - Test: testUpdateIdBag
14:14:01,157 DEBUG SQL:104 - 
    insert 
    into
        "Users"
        (name) 
    values
        (?)
14:14:01,158 DEBUG SQL:104 - 
    insert 
    into
        "Groups"
        (name) 
    values
        (?)
14:14:01,158 DEBUG SQL:104 - 
    insert 
    into
        "Groups"
        (name) 
    values
        (?)
14:14:01,158 DEBUG SQL:104 - 
    insert 
    into
        "Groups"
        (name) 
    values
        (?)
14:14:01,158 DEBUG SQL:104 - 
    insert 
    into
        "Groups"
        (name) 
    values
        (?)
14:14:01,158 DEBUG SQL:104 - 
    insert 
    into
        "UserGroups"
        (userName, userGroupId, groupName) 
    values
        (?, ?, ?)
14:14:01,162 DEBUG SQL:104 - 
    select
        this_.name as name2_0_ 
    from
        "Users" this_
14:14:01,163 DEBUG SQL:104 - 
    select
        groups0_.userName as userName2_1_,
        groups0_.groupName as groupName1_1_,
        groups0_.userGroupId as userGrou3_1_,
        group1_.name as name0_0_ 
    from
        "UserGroups" groups0_ 
    inner join
        "Groups" group1_ 
            on groups0_.groupName=group1_.name 
    where
        groups0_.userName=? 
    order by
        groups0_.groupName asc
14:14:01,164 DEBUG SQL:104 - 
    select
        group0_.name as name0_0_ 
    from
        "Groups" group0_ 
    where
        group0_.name=?
14:14:01,164 DEBUG SQL:104 - 
    select
        group_.name 
    from
        "Groups" group_ 
    where
        group_.name=?
14:14:01,164 DEBUG SQL:104 - 
    select
        group0_.name as name0_0_ 
    from
        "Groups" group0_ 
    where
        group0_.name=?
14:14:01,165 DEBUG SQL:104 - 
    delete 
    from
        "UserGroups" 
    where
        userName=?
14:14:01,165 DEBUG SQL:104 - 
    delete 
    from
        "Groups" 
    where
        name=?
14:14:01,165 DEBUG SQL:104 - 
    delete 
    from
        "Groups" 
    where
        name=?
14:14:01,165 DEBUG SQL:104 - 
    delete 
    from
        "Groups" 
    where
        name=?
14:14:01,166 DEBUG SQL:104 - 
    delete 
    from
        "Groups" 
    where
        name=?
14:14:01,166 DEBUG SQL:104 - 
    delete 
    from
        "Users" 
    where
        name=?
14:14:01,166  INFO SchemaExport:343 - HHH000227: Running hbm2ddl schema export
14:14:01,167 DEBUG SchemaExport:353 - Import file not found: /import.sql
14:14:01,167 DEBUG SQL:104 - 
    alter table "UserGroups" 
        drop constraint FKC120499F5FBF73D2
14:14:01,167 DEBUG SQL:104 - 
    alter table "UserGroups" 
        drop constraint FKC120499F5938F3B8
14:14:01,167 DEBUG SQL:104 - 
    drop table "Groups" if exists
14:14:01,168 DEBUG SQL:104 - 
    drop table "UserGroups" if exists
14:14:01,168 DEBUG SQL:104 - 
    drop table "Users" if exists
14:14:01,168  INFO SchemaExport:405 - HHH000230: Schema export complete
14:14:01,168  INFO DriverManagerConnectionProviderImpl:162 - HHH000030: Cleaning up connection pool [jdbc:h2:mem:db1;DB_CLOSE_DELAY=-1;MVCC=TRUE]
]]></system-out>
  <system-err><![CDATA[]]></system-err>
</testsuite>
