<?xml version="1.0" encoding="UTF-8"?>
<testsuite errors="0" failures="0" hostname="dhcp-10.15.208.168.stl.redhat.com" name="org.hibernate.test.typeparameters.TypeParameterTest" tests="2" time="0.089" timestamp="2013-02-28T20:19:26">
  <properties />
  <testcase classname="org.hibernate.test.typeparameters.TypeParameterTest" name="testLoading" time="0.01" />
  <testcase classname="org.hibernate.test.typeparameters.TypeParameterTest" name="testSave" time="0.005" />
  <system-out><![CDATA[14:19:26,381  INFO CustomRunner:132 - BeforeClass: org.hibernate.test.typeparameters.TypeParameterTest
14:19:26,383  INFO Configuration:706 - HHH000221: Reading mappings from resource: org/hibernate/test/typeparameters/Typedef.hbm.xml
14:19:26,402  INFO Configuration:706 - HHH000221: Reading mappings from resource: org/hibernate/test/typeparameters/Widget.hbm.xml
14:19:26,440  INFO DriverManagerConnectionProviderImpl:99 - HHH000402: Using Hibernate built-in connection pool (not for production use!)
14:19:26,441  INFO DriverManagerConnectionProviderImpl:135 - HHH000115: Hibernate connection pool size: 5
14:19:26,441  INFO DriverManagerConnectionProviderImpl:138 - HHH000006: Autocommit mode: false
14:19:26,441  INFO DriverManagerConnectionProviderImpl:153 - HHH000401: using driver [org.h2.Driver] at URL [jdbc:h2:mem:db1;DB_CLOSE_DELAY=-1;MVCC=TRUE]
14:19:26,441  INFO DriverManagerConnectionProviderImpl:158 - HHH000046: Connection properties: {user=sa}
14:19:26,442  INFO Dialect:103 - HHH000400: Using dialect: org.hibernate.dialect.H2Dialect
14:19:26,443  INFO LobCreatorBuilder:94 - HHH000423: Disabling contextual LOB creation as JDBC driver reported JDBC version [3] less than 4
14:19:26,443  INFO TransactionFactoryInitiator:66 - HHH000399: Using default transaction strategy (direct JDBC transactions)
14:19:26,443  INFO ASTQueryTranslatorFactory:48 - HHH000397: Using ASTQueryTranslatorFactory
14:19:26,444  WARN CachingRegionFactory:58 - CachingRegionFactory should be only used for testing.
14:19:26,449  INFO SchemaExport:343 - HHH000227: Running hbm2ddl schema export
14:19:26,450 DEBUG SchemaExport:353 - Import file not found: /import.sql
14:19:26,450 DEBUG SQL:104 - 
    drop table STRANGE_TYPED_OBJECT if exists
14:19:26,451 DEBUG SQL:104 - 
    create table STRANGE_TYPED_OBJECT (
        ID integer not null,
        VALUE_ONE integer,
        VALUE_TWO integer,
        VALUE_THREE integer,
        VALUE_FOUR integer,
        string varchar(255),
        primary key (ID)
    )
14:19:26,451  INFO SchemaExport:405 - HHH000230: Schema export complete
14:19:26,451  WARN SessionFactoryImpl:1554 - HHH000008: JTASessionContext being used with JDBCTransactionFactory; auto-flush will not operate correctly with getCurrentSession()
14:19:26,452  INFO CustomRunner:139 - Test: testLoading
14:19:26,452 DEBUG SQL:104 - 
    select
        max(ID) 
    from
        STRANGE_TYPED_OBJECT
14:19:26,454 DEBUG SQL:104 - 
    insert 
    into
        STRANGE_TYPED_OBJECT
        (VALUE_ONE, VALUE_TWO, VALUE_THREE, VALUE_FOUR, string, ID) 
    values
        (?, ?, ?, ?, ?, ?)
14:19:26,454 DEBUG SQL:104 - 
    insert 
    into
        STRANGE_TYPED_OBJECT
        (VALUE_ONE, VALUE_TWO, VALUE_THREE, VALUE_FOUR, string, ID) 
    values
        (?, ?, ?, ?, ?, ?)
14:19:26,455 DEBUG QueryTranslatorImpl:265 - parse() - HQL: from org.hibernate.test.typeparameters.Widget o where o.string = :string
14:19:26,456 DEBUG QueryTranslatorImpl:283 - --- HQL AST ---
 \-[QUERY] Node: 'query'
    +-[SELECT_FROM] Node: 'SELECT_FROM'
    |  \-[FROM] Node: 'from'
    |     \-[RANGE] Node: 'RANGE'
    |        +-[DOT] Node: '.'
    |        |  +-[DOT] Node: '.'
    |        |  |  +-[DOT] Node: '.'
    |        |  |  |  +-[DOT] Node: '.'
    |        |  |  |  |  +-[IDENT] Node: 'org'
    |        |  |  |  |  \-[IDENT] Node: 'hibernate'
    |        |  |  |  \-[IDENT] Node: 'test'
    |        |  |  \-[IDENT] Node: 'typeparameters'
    |        |  \-[IDENT] Node: 'Widget'
    |        \-[ALIAS] Node: 'o'
    \-[WHERE] Node: 'where'
       \-[EQ] Node: '='
          +-[DOT] Node: '.'
          |  +-[IDENT] Node: 'o'
          |  \-[IDENT] Node: 'string'
          \-[COLON] Node: ':'
             \-[IDENT] Node: 'string'

14:19:26,456 DEBUG ErrorCounter:82 - throwQueryException() : no errors
14:19:26,456 DEBUG FromElement:157 - FromClause{level=1} : org.hibernate.test.typeparameters.Widget (o) -> widget0_
14:19:26,456 DEBUG FromReferenceNode:74 - Resolved : o -> widget0_.ID
14:19:26,456 DEBUG DotNode:599 - getDataType() : string -> org.hibernate.type.StringType@2dc8de40
14:19:26,456 DEBUG FromReferenceNode:74 - Resolved : o.string -> widget0_.string
14:19:26,457 DEBUG HqlSqlWalker:629 - processQuery() :  ( SELECT ( FromClause{level=1} STRANGE_TYPED_OBJECT widget0_ ) ( where ( = ( widget0_.string widget0_.ID string ) ? ) ) )
14:19:26,457 DEBUG HqlSqlWalker:869 - Derived SELECT clause created.
14:19:26,457 DEBUG JoinProcessor:175 - Using FROM fragment [STRANGE_TYPED_OBJECT widget0_]
14:19:26,457 DEBUG QueryTranslatorImpl:252 - --- SQL AST ---
 \-[SELECT] QueryNode: 'SELECT'  querySpaces (STRANGE_TYPED_OBJECT)
    +-[SELECT_CLAUSE] SelectClause: '{derived select clause}'
    |  +-[SELECT_EXPR] SelectExpressionImpl: 'widget0_.ID as ID0_' {FromElement{explicit,not a collection join,not a fetch join,fetch non-lazy properties,classAlias=o,role=null,tableName=STRANGE_TYPED_OBJECT,tableAlias=widget0_,origin=null,columns={,className=org.hibernate.test.typeparameters.Widget}}}
    |  \-[SQL_TOKEN] SqlFragment: 'widget0_.VALUE_ONE as VALUE2_0_, widget0_.VALUE_TWO as VALUE3_0_, widget0_.VALUE_THREE as VALUE4_0_, widget0_.VALUE_FOUR as VALUE5_0_, widget0_.string as string0_'
    +-[FROM] FromClause: 'from' FromClause{level=1, fromElementCounter=1, fromElements=1, fromElementByClassAlias=[o], fromElementByTableAlias=[widget0_], fromElementsByPath=[], collectionJoinFromElementsByPath=[], impliedElements=[]}
    |  \-[FROM_FRAGMENT] FromElement: 'STRANGE_TYPED_OBJECT widget0_' FromElement{explicit,not a collection join,not a fetch join,fetch non-lazy properties,classAlias=o,role=null,tableName=STRANGE_TYPED_OBJECT,tableAlias=widget0_,origin=null,columns={,className=org.hibernate.test.typeparameters.Widget}}
    \-[WHERE] SqlNode: 'where'
       \-[EQ] BinaryLogicOperatorNode: '='
          +-[DOT] DotNode: 'widget0_.string' {propertyName=string,dereferenceType=ALL,propertyPath=string,path=o.string,tableAlias=widget0_,className=org.hibernate.test.typeparameters.Widget,classAlias=o}
          |  +-[ALIAS_REF] IdentNode: 'widget0_.ID' {alias=o, className=org.hibernate.test.typeparameters.Widget, tableAlias=widget0_}
          |  \-[IDENT] IdentNode: 'string' {originalText=string}
          \-[NAMED_PARAM] ParameterNode: '?' {name=string, expectedType=org.hibernate.type.StringType@2dc8de40}

14:19:26,457 DEBUG ErrorCounter:82 - throwQueryException() : no errors
14:19:26,457 DEBUG QueryTranslatorImpl:235 - HQL: from org.hibernate.test.typeparameters.Widget o where o.string = :string
14:19:26,457 DEBUG QueryTranslatorImpl:236 - SQL: select widget0_.ID as ID0_, widget0_.VALUE_ONE as VALUE2_0_, widget0_.VALUE_TWO as VALUE3_0_, widget0_.VALUE_THREE as VALUE4_0_, widget0_.VALUE_FOUR as VALUE5_0_, widget0_.string as string0_ from STRANGE_TYPED_OBJECT widget0_ where widget0_.string=?
14:19:26,457 DEBUG ErrorCounter:82 - throwQueryException() : no errors
14:19:26,458 DEBUG SQL:104 - 
    select
        widget0_.ID as ID0_,
        widget0_.VALUE_ONE as VALUE2_0_,
        widget0_.VALUE_TWO as VALUE3_0_,
        widget0_.VALUE_THREE as VALUE4_0_,
        widget0_.VALUE_FOUR as VALUE5_0_,
        widget0_.string as string0_ 
    from
        STRANGE_TYPED_OBJECT widget0_ 
    where
        widget0_.string=?
14:19:26,459 DEBUG SQL:104 - 
    select
        widget0_.ID as ID0_,
        widget0_.VALUE_ONE as VALUE2_0_,
        widget0_.VALUE_TWO as VALUE3_0_,
        widget0_.VALUE_THREE as VALUE4_0_,
        widget0_.VALUE_FOUR as VALUE5_0_,
        widget0_.string as string0_ 
    from
        STRANGE_TYPED_OBJECT widget0_ 
    where
        widget0_.string=?
14:19:26,459 DEBUG QueryTranslatorImpl:265 - parse() - HQL: delete from org.hibernate.test.typeparameters.Widget
14:19:26,460 DEBUG QueryTranslatorImpl:283 - --- HQL AST ---
 \-[DELETE] Node: 'delete'
    \-[FROM] Node: 'FROM'
       \-[RANGE] Node: 'RANGE'
          \-[DOT] Node: '.'
             +-[DOT] Node: '.'
             |  +-[DOT] Node: '.'
             |  |  +-[DOT] Node: '.'
             |  |  |  +-[IDENT] Node: 'org'
             |  |  |  \-[IDENT] Node: 'hibernate'
             |  |  \-[IDENT] Node: 'test'
             |  \-[IDENT] Node: 'typeparameters'
             \-[IDENT] Node: 'Widget'

14:19:26,460 DEBUG ErrorCounter:82 - throwQueryException() : no errors
14:19:26,460 DEBUG FromElement:157 - FromClause{level=1} : org.hibernate.test.typeparameters.Widget (<no alias>) -> widget0_
14:19:26,460 DEBUG QueryTranslatorImpl:252 - --- SQL AST ---
 \-[DELETE] DeleteStatement: 'delete'  querySpaces (STRANGE_TYPED_OBJECT)
    \-[FROM] FromClause: 'FROM' FromClause{level=1, fromElementCounter=1, fromElements=1, fromElementByClassAlias=[], fromElementByTableAlias=[widget0_], fromElementsByPath=[], collectionJoinFromElementsByPath=[], impliedElements=[]}
       \-[FROM_FRAGMENT] FromElement: 'STRANGE_TYPED_OBJECT' FromElement{explicit,not a collection join,not a fetch join,fetch non-lazy properties,classAlias=null,role=null,tableName=STRANGE_TYPED_OBJECT,tableAlias=widget0_,origin=null,columns={,className=org.hibernate.test.typeparameters.Widget}}

14:19:26,461 DEBUG ErrorCounter:82 - throwQueryException() : no errors
14:19:26,461 DEBUG ErrorCounter:82 - throwQueryException() : no errors
14:19:26,461 DEBUG SQL:104 - 
    delete 
    from
        STRANGE_TYPED_OBJECT
14:19:26,462  INFO CustomRunner:139 - Test: testSave
14:19:26,463 DEBUG SQL:104 - 
    delete 
    from
        STRANGE_TYPED_OBJECT
14:19:26,464 DEBUG SQL:104 - 
    insert 
    into
        STRANGE_TYPED_OBJECT
        (VALUE_ONE, VALUE_TWO, VALUE_THREE, VALUE_FOUR, string, ID) 
    values
        (?, ?, ?, ?, ?, ?)
14:19:26,465 DEBUG SQL:104 - 
    SELECT
        * 
    FROM
        STRANGE_TYPED_OBJECT 
    WHERE
        ID=?
14:19:26,466 DEBUG SQL:104 - 
    delete 
    from
        STRANGE_TYPED_OBJECT
14:19:26,467  INFO SchemaExport:343 - HHH000227: Running hbm2ddl schema export
14:19:26,467 DEBUG SchemaExport:353 - Import file not found: /import.sql
14:19:26,468 DEBUG SQL:104 - 
    drop table STRANGE_TYPED_OBJECT if exists
14:19:26,468  INFO SchemaExport:405 - HHH000230: Schema export complete
14:19:26,468  INFO DriverManagerConnectionProviderImpl:162 - HHH000030: Cleaning up connection pool [jdbc:h2:mem:db1;DB_CLOSE_DELAY=-1;MVCC=TRUE]
]]></system-out>
  <system-err><![CDATA[]]></system-err>
</testsuite>
