<?xml version="1.0" encoding="UTF-8"?>
<testsuite errors="0" failures="0" hostname="dhcp-10.15.208.168.stl.redhat.com" name="org.hibernate.test.schemaupdate.MigrationTest" tests="1" time="0.245" timestamp="2013-02-28T20:19:16">
  <properties />
  <testcase classname="org.hibernate.test.schemaupdate.MigrationTest" name="testSimpleColumnAddition" time="0.244" />
  <system-out><![CDATA[14:19:16,068  INFO CustomRunner:132 - BeforeClass: org.hibernate.test.schemaupdate.MigrationTest
14:19:16,068  INFO CustomRunner:139 - Test: testSimpleColumnAddition
14:19:16,070  INFO Configuration:725 - HHH000221: Reading mappings from resource: org/hibernate/test/schemaupdate/1_Version.hbm.xml
14:19:16,075  INFO Dialect:103 - HHH000400: Using dialect: org.hibernate.dialect.H2Dialect
14:19:16,115  INFO SchemaExport:343 - HHH000227: Running hbm2ddl schema export
14:19:16,116 DEBUG SchemaExport:353 - Import file not found: /import.sql
14:19:16,117  INFO DriverManagerConnectionProviderImpl:99 - HHH000402: Using Hibernate built-in connection pool (not for production use!)
14:19:16,117  INFO DriverManagerConnectionProviderImpl:135 - HHH000115: Hibernate connection pool size: 5
14:19:16,117  INFO DriverManagerConnectionProviderImpl:138 - HHH000006: Autocommit mode: false
14:19:16,117  INFO DriverManagerConnectionProviderImpl:153 - HHH000401: using driver [org.h2.Driver] at URL [jdbc:h2:mem:db1;DB_CLOSE_DELAY=-1;MVCC=TRUE]
14:19:16,117  INFO DriverManagerConnectionProviderImpl:158 - HHH000046: Connection properties: {user=sa}
14:19:16,117 DEBUG SQL:104 - 
    drop table Version if exists
14:19:16,117 DEBUG SQL:104 - 
    drop table uid_table if exists
14:19:16,118  INFO DriverManagerConnectionProviderImpl:162 - HHH000030: Cleaning up connection pool [jdbc:h2:mem:db1;DB_CLOSE_DELAY=-1;MVCC=TRUE]
14:19:16,118  INFO SchemaExport:405 - HHH000230: Schema export complete
14:19:16,152  INFO DriverManagerConnectionProviderImpl:99 - HHH000402: Using Hibernate built-in connection pool (not for production use!)
14:19:16,153  INFO DriverManagerConnectionProviderImpl:135 - HHH000115: Hibernate connection pool size: 5
14:19:16,153  INFO DriverManagerConnectionProviderImpl:138 - HHH000006: Autocommit mode: false
14:19:16,153  INFO DriverManagerConnectionProviderImpl:153 - HHH000401: using driver [org.h2.Driver] at URL [jdbc:h2:mem:db1;DB_CLOSE_DELAY=-1;MVCC=TRUE]
14:19:16,154  INFO DriverManagerConnectionProviderImpl:158 - HHH000046: Connection properties: {user=sa}
14:19:16,154  INFO Dialect:103 - HHH000400: Using dialect: org.hibernate.dialect.H2Dialect
14:19:16,155  INFO LobCreatorBuilder:94 - HHH000423: Disabling contextual LOB creation as JDBC driver reported JDBC version [3] less than 4
14:19:16,155  INFO SchemaUpdate:182 - HHH000228: Running hbm2ddl schema update
14:19:16,155  INFO SchemaUpdate:193 - HHH000102: Fetching database metadata
14:19:16,188  INFO SchemaUpdate:205 - HHH000396: Updating schema
14:19:16,189  INFO DatabaseMetaData:120 - HHH000262: Table not found: Version
14:19:16,190  INFO DatabaseMetaData:120 - HHH000262: Table not found: Version
14:19:16,190  INFO DatabaseMetaData:120 - HHH000262: Table not found: uid_table

    create table Version (
        id bigint not null,
        description varchar(255),
        primary key (id)
    )
14:19:16,190 DEBUG SchemaUpdate:226 - create table Version (id bigint not null, description varchar(255), primary key (id))

    create table uid_table (
         next_hi_value_column integer 
    )
14:19:16,191 DEBUG SchemaUpdate:226 - create table uid_table ( next_hi_value_column integer )

    insert into uid_table values ( 0 )
14:19:16,191 DEBUG SchemaUpdate:226 - insert into uid_table values ( 0 )
14:19:16,191  INFO SchemaUpdate:240 - HHH000232: Schema update complete
14:19:16,191  INFO Configuration:725 - HHH000221: Reading mappings from resource: org/hibernate/test/schemaupdate/2_Version.hbm.xml
14:19:16,196  INFO SchemaUpdate:182 - HHH000228: Running hbm2ddl schema update
14:19:16,196  INFO SchemaUpdate:193 - HHH000102: Fetching database metadata
14:19:16,196  INFO SchemaUpdate:205 - HHH000396: Updating schema
14:19:16,250  INFO TableMetadata:65 - HHH000261: Table found: DB1.PUBLIC.VERSION
14:19:16,251  INFO TableMetadata:66 - HHH000037: Columns: [id, description]
14:19:16,251  INFO TableMetadata:68 - HHH000108: Foreign keys: []
14:19:16,251  INFO TableMetadata:69 - HHH000126: Indexes: [primary_key_3]
14:19:16,252  INFO TableMetadata:65 - HHH000261: Table found: DB1.PUBLIC.UID_TABLE
14:19:16,252  INFO TableMetadata:66 - HHH000037: Columns: [next_hi_value_column]
14:19:16,252  INFO TableMetadata:68 - HHH000108: Foreign keys: []
14:19:16,252  INFO TableMetadata:69 - HHH000126: Indexes: []

    alter table Version 
        add column name varchar(255)
14:19:16,252 DEBUG SchemaUpdate:226 - alter table Version add column name varchar(255)
14:19:16,311  INFO SchemaUpdate:240 - HHH000232: Schema update complete
14:19:16,311  INFO SchemaExport:343 - HHH000227: Running hbm2ddl schema export
14:19:16,312 DEBUG SchemaExport:353 - Import file not found: /import.sql
14:19:16,312 DEBUG SQL:104 - 
    drop table Version if exists
14:19:16,312 DEBUG SQL:104 - 
    drop table uid_table if exists
14:19:16,312  INFO SchemaExport:405 - HHH000230: Schema export complete
14:19:16,312  INFO DriverManagerConnectionProviderImpl:162 - HHH000030: Cleaning up connection pool [jdbc:h2:mem:db1;DB_CLOSE_DELAY=-1;MVCC=TRUE]
]]></system-out>
  <system-err><![CDATA[]]></system-err>
</testsuite>
