<?xml version="1.0" encoding="UTF-8"?>
<testsuite errors="0" failures="0" hostname="dhcp-10.15.208.168.stl.redhat.com" name="org.hibernate.test.cfg.ConfigurationSerializationTest" tests="1" time="2.762" timestamp="2013-02-28T20:11:51">
  <properties />
  <testcase classname="org.hibernate.test.cfg.ConfigurationSerializationTest" name="testConfigurationSerializability" time="2.731" />
  <system-out><![CDATA[14:11:51,069  INFO CustomRunner:132 - BeforeClass: org.hibernate.test.cfg.ConfigurationSerializationTest
14:11:51,069  INFO CustomRunner:139 - Test: testConfigurationSerializability
14:11:51,071  INFO Configuration:725 - HHH000221: Reading mappings from resource: org/hibernate/test/legacy/ABC.hbm.xml
14:11:51,099  INFO Configuration:725 - HHH000221: Reading mappings from resource: org/hibernate/test/legacy/ABCExtends.hbm.xml
14:11:51,110  INFO Configuration:725 - HHH000221: Reading mappings from resource: org/hibernate/test/legacy/Baz.hbm.xml
14:11:51,134  INFO Configuration:725 - HHH000221: Reading mappings from resource: org/hibernate/test/legacy/Blobber.hbm.xml
14:11:51,141  INFO Configuration:725 - HHH000221: Reading mappings from resource: org/hibernate/test/legacy/Broken.hbm.xml
14:11:51,152  INFO Configuration:725 - HHH000221: Reading mappings from resource: org/hibernate/test/legacy/Category.hbm.xml
14:11:51,162  INFO Configuration:725 - HHH000221: Reading mappings from resource: org/hibernate/test/legacy/Circular.hbm.xml
14:11:51,169  INFO Configuration:725 - HHH000221: Reading mappings from resource: org/hibernate/test/legacy/Commento.hbm.xml
14:11:51,177  INFO Configuration:725 - HHH000221: Reading mappings from resource: org/hibernate/test/legacy/ComponentNotNullMaster.hbm.xml
14:11:51,186  INFO Configuration:725 - HHH000221: Reading mappings from resource: org/hibernate/test/legacy/Componentizable.hbm.xml
14:11:51,193  INFO Configuration:725 - HHH000221: Reading mappings from resource: org/hibernate/test/legacy/Container.hbm.xml
14:11:51,204  INFO Configuration:725 - HHH000221: Reading mappings from resource: org/hibernate/test/legacy/Custom.hbm.xml
14:11:51,212  INFO Configuration:725 - HHH000221: Reading mappings from resource: org/hibernate/test/legacy/CustomSQL.hbm.xml
14:11:51,222  INFO Configuration:725 - HHH000221: Reading mappings from resource: org/hibernate/test/legacy/Eye.hbm.xml
14:11:51,230  INFO Configuration:725 - HHH000221: Reading mappings from resource: org/hibernate/test/legacy/Fee.hbm.xml
14:11:51,239  INFO Configuration:725 - HHH000221: Reading mappings from resource: org/hibernate/test/legacy/Fo.hbm.xml
14:11:51,246  INFO Configuration:725 - HHH000221: Reading mappings from resource: org/hibernate/test/legacy/FooBar.hbm.xml
14:11:51,266  INFO Configuration:725 - HHH000221: Reading mappings from resource: org/hibernate/test/legacy/Fum.hbm.xml
14:11:51,278  INFO Configuration:725 - HHH000221: Reading mappings from resource: org/hibernate/test/legacy/Fumm.hbm.xml
14:11:51,286  INFO Configuration:725 - HHH000221: Reading mappings from resource: org/hibernate/test/legacy/Glarch.hbm.xml
14:11:51,296  INFO Configuration:725 - HHH000221: Reading mappings from resource: org/hibernate/test/legacy/Holder.hbm.xml
14:11:51,304  INFO Configuration:725 - HHH000221: Reading mappings from resource: org/hibernate/test/legacy/IJ2.hbm.xml
14:11:51,313  INFO Configuration:725 - HHH000221: Reading mappings from resource: org/hibernate/test/legacy/Immutable.hbm.xml
14:11:51,319  INFO Configuration:725 - HHH000221: Reading mappings from resource: org/hibernate/test/legacy/Location.hbm.xml
14:11:51,326  INFO Configuration:725 - HHH000221: Reading mappings from resource: org/hibernate/test/legacy/Many.hbm.xml
14:11:51,337  INFO Configuration:725 - HHH000221: Reading mappings from resource: org/hibernate/test/legacy/Map.hbm.xml
14:11:51,345  INFO Configuration:725 - HHH000221: Reading mappings from resource: org/hibernate/test/legacy/Marelo.hbm.xml
14:11:51,354  INFO Configuration:725 - HHH000221: Reading mappings from resource: org/hibernate/test/legacy/MasterDetail.hbm.xml
14:11:51,364  INFO Configuration:725 - HHH000221: Reading mappings from resource: org/hibernate/test/legacy/Middle.hbm.xml
14:11:51,394  INFO Configuration:725 - HHH000221: Reading mappings from resource: org/hibernate/test/legacy/Multi.hbm.xml
14:11:51,404  INFO Configuration:725 - HHH000221: Reading mappings from resource: org/hibernate/test/legacy/MultiExtends.hbm.xml
14:11:51,422  INFO Configuration:725 - HHH000221: Reading mappings from resource: org/hibernate/test/legacy/Nameable.hbm.xml
14:11:51,429  INFO Configuration:725 - HHH000221: Reading mappings from resource: org/hibernate/test/legacy/One.hbm.xml
14:11:51,436  INFO Configuration:725 - HHH000221: Reading mappings from resource: org/hibernate/test/legacy/ParentChild.hbm.xml
14:11:51,444  INFO Configuration:725 - HHH000221: Reading mappings from resource: org/hibernate/test/legacy/Qux.hbm.xml
14:11:51,454  INFO Configuration:725 - HHH000221: Reading mappings from resource: org/hibernate/test/legacy/Simple.hbm.xml
14:11:51,463  INFO Configuration:725 - HHH000221: Reading mappings from resource: org/hibernate/test/legacy/SingleSeveral.hbm.xml
14:11:51,472  INFO Configuration:725 - HHH000221: Reading mappings from resource: org/hibernate/test/legacy/Stuff.hbm.xml
14:11:51,480  INFO Configuration:725 - HHH000221: Reading mappings from resource: org/hibernate/test/legacy/UpDown.hbm.xml
14:11:51,488  INFO Configuration:725 - HHH000221: Reading mappings from resource: org/hibernate/test/legacy/Vetoer.hbm.xml
14:11:51,496  INFO Configuration:725 - HHH000221: Reading mappings from resource: org/hibernate/test/legacy/WZ.hbm.xml
14:11:51,504  INFO Configuration:725 - HHH000221: Reading mappings from resource: org/hibernate/test/cfg/orm-serializable.xml
14:11:52,807  WARN RootClass:288 - HHH000038: Composite-id class does not override equals(): org.hibernate.test.legacy.Several
14:11:52,808  WARN RootClass:289 - HHH000039: Composite-id class does not override hashCode(): org.hibernate.test.legacy.Several
14:11:52,810  WARN RootClass:288 - HHH000038: Composite-id class does not override equals(): org.hibernate.test.legacy.Single
14:11:52,810  WARN RootClass:289 - HHH000039: Composite-id class does not override hashCode(): org.hibernate.test.legacy.Single
14:11:52,844  INFO DriverManagerConnectionProviderImpl:99 - HHH000402: Using Hibernate built-in connection pool (not for production use!)
14:11:52,845  INFO DriverManagerConnectionProviderImpl:135 - HHH000115: Hibernate connection pool size: 5
14:11:52,845  INFO DriverManagerConnectionProviderImpl:138 - HHH000006: Autocommit mode: false
14:11:52,845  INFO DriverManagerConnectionProviderImpl:153 - HHH000401: using driver [org.h2.Driver] at URL [jdbc:h2:mem:db1;DB_CLOSE_DELAY=-1;MVCC=TRUE]
14:11:52,845  INFO DriverManagerConnectionProviderImpl:158 - HHH000046: Connection properties: {user=sa}
14:11:52,846  INFO Dialect:103 - HHH000400: Using dialect: org.hibernate.dialect.H2Dialect
14:11:52,847  INFO LobCreatorBuilder:94 - HHH000423: Disabling contextual LOB creation as JDBC driver reported JDBC version [3] less than 4
14:11:52,847  INFO TransactionFactoryInitiator:66 - HHH000399: Using default transaction strategy (direct JDBC transactions)
14:11:52,848  INFO ASTQueryTranslatorFactory:48 - HHH000397: Using ASTQueryTranslatorFactory
14:11:52,848  WARN CachingRegionFactory:58 - CachingRegionFactory should be only used for testing.
14:11:53,764  WARN SessionFactoryImpl:1554 - HHH000008: JTASessionContext being used with JDBCTransactionFactory; auto-flush will not operate correctly with getCurrentSession()
14:11:53,773 DEBUG QueryTranslatorImpl:265 - parse() - HQL: 
		from 
			org.hibernate.test.legacy.Detail as d
	
14:11:53,796 DEBUG QueryTranslatorImpl:283 - --- HQL AST ---
 \-[QUERY] Node: 'query'
    \-[SELECT_FROM] Node: 'SELECT_FROM'
       \-[FROM] Node: 'from'
          \-[RANGE] Node: 'RANGE'
             +-[DOT] Node: '.'
             |  +-[DOT] Node: '.'
             |  |  +-[DOT] Node: '.'
             |  |  |  +-[DOT] Node: '.'
             |  |  |  |  +-[IDENT] Node: 'org'
             |  |  |  |  \-[IDENT] Node: 'hibernate'
             |  |  |  \-[IDENT] Node: 'test'
             |  |  \-[IDENT] Node: 'legacy'
             |  \-[IDENT] Node: 'Detail'
             \-[ALIAS] Node: 'd'

14:11:53,797 DEBUG ErrorCounter:82 - throwQueryException() : no errors
14:11:53,797 DEBUG FromElement:157 - FromClause{level=1} : org.hibernate.test.legacy.Detail (d) -> detail0_
14:11:53,798 DEBUG HqlSqlWalker:629 - processQuery() :  ( SELECT ( FromClause{level=1} Detail detail0_ ) )
14:11:53,798 DEBUG HqlSqlWalker:869 - Derived SELECT clause created.
14:11:53,798 DEBUG JoinProcessor:175 - Using FROM fragment [Detail detail0_]
14:11:53,799 DEBUG QueryTranslatorImpl:252 - --- SQL AST ---
 \-[SELECT] QueryNode: 'SELECT'  querySpaces (Detail)
    +-[SELECT_CLAUSE] SelectClause: '{derived select clause}'
    |  +-[SELECT_EXPR] SelectExpressionImpl: 'detail0_.detail_key_column as detail1_23_' {FromElement{explicit,not a collection join,not a fetch join,fetch non-lazy properties,classAlias=d,role=null,tableName=Detail,tableAlias=detail0_,origin=null,columns={,className=org.hibernate.test.legacy.Detail}}}
    |  \-[SQL_TOKEN] SqlFragment: 'detail0_.x as x23_, detail0_.i as i23_, detail0_.master_key as master4_23_'
    \-[FROM] FromClause: 'from' FromClause{level=1, fromElementCounter=1, fromElements=1, fromElementByClassAlias=[d], fromElementByTableAlias=[detail0_], fromElementsByPath=[], collectionJoinFromElementsByPath=[], impliedElements=[]}
       \-[FROM_FRAGMENT] FromElement: 'Detail detail0_' FromElement{explicit,not a collection join,not a fetch join,fetch non-lazy properties,classAlias=d,role=null,tableName=Detail,tableAlias=detail0_,origin=null,columns={,className=org.hibernate.test.legacy.Detail}}

14:11:53,799 DEBUG ErrorCounter:82 - throwQueryException() : no errors
14:11:53,799 DEBUG QueryTranslatorImpl:235 - HQL: 
		from 
			org.hibernate.test.legacy.Detail as d
	
14:11:53,800 DEBUG QueryTranslatorImpl:236 - SQL: select detail0_.detail_key_column as detail1_23_, detail0_.x as x23_, detail0_.i as i23_, detail0_.master_key as master4_23_ from Detail detail0_
14:11:53,800 DEBUG ErrorCounter:82 - throwQueryException() : no errors
14:11:53,801  INFO DriverManagerConnectionProviderImpl:162 - HHH000030: Cleaning up connection pool [jdbc:h2:mem:db1;DB_CLOSE_DELAY=-1;MVCC=TRUE]
]]></system-out>
  <system-err><![CDATA[]]></system-err>
</testsuite>
