<?xml version="1.0" encoding="UTF-8"?>
<testsuite errors="0" failures="0" hostname="dhcp-10.15.208.168.stl.redhat.com" name="org.hibernate.test.annotations.entity.NewCustomEntityMappingAnnotationsTest" tests="1" time="0.06" timestamp="2013-02-28T20:10:24">
  <properties />
  <testcase classname="org.hibernate.test.annotations.entity.NewCustomEntityMappingAnnotationsTest" name="testSameMappingValues" time="0.001" />
  <system-out><![CDATA[14:10:24,489  INFO CustomRunner:132 - BeforeClass: org.hibernate.test.annotations.entity.NewCustomEntityMappingAnnotationsTest
14:10:24,499  INFO DriverManagerConnectionProviderImpl:99 - HHH000402: Using Hibernate built-in connection pool (not for production use!)
14:10:24,499  INFO DriverManagerConnectionProviderImpl:135 - HHH000115: Hibernate connection pool size: 5
14:10:24,500  INFO DriverManagerConnectionProviderImpl:138 - HHH000006: Autocommit mode: false
14:10:24,500  INFO DriverManagerConnectionProviderImpl:153 - HHH000401: using driver [org.h2.Driver] at URL [jdbc:h2:mem:db1;DB_CLOSE_DELAY=-1;MVCC=TRUE]
14:10:24,500  INFO DriverManagerConnectionProviderImpl:158 - HHH000046: Connection properties: {user=sa}
14:10:24,501  INFO Dialect:103 - HHH000400: Using dialect: org.hibernate.dialect.H2Dialect
14:10:24,501  INFO LobCreatorBuilder:94 - HHH000423: Disabling contextual LOB creation as JDBC driver reported JDBC version [3] less than 4
14:10:24,502  INFO TransactionFactoryInitiator:66 - HHH000399: Using default transaction strategy (direct JDBC transactions)
14:10:24,502  INFO ASTQueryTranslatorFactory:48 - HHH000397: Using ASTQueryTranslatorFactory
14:10:24,502  WARN CachingRegionFactory:58 - CachingRegionFactory should be only used for testing.
14:10:24,527  INFO SchemaExport:343 - HHH000227: Running hbm2ddl schema export
14:10:24,529 DEBUG SchemaExport:353 - Import file not found: /import.sql
14:10:24,530 DEBUG SQL:104 - 
    alter table Forest_near 
        drop constraint FK337E16EADB495665
14:10:24,530 ERROR SchemaExport:425 - HHH000389: Unsuccessful: alter table Forest_near drop constraint FK337E16EADB495665
14:10:24,530 ERROR SchemaExport:426 - Table "FOREST_NEAR" not found; SQL statement:

    alter table Forest_near 
        drop constraint FK337E16EADB495665 [42102-145]
14:10:24,530 DEBUG SQL:104 - 
    drop table Forest if exists
14:10:24,531 DEBUG SQL:104 - 
    drop table Forest2 if exists
14:10:24,531 DEBUG SQL:104 - 
    drop table Forest_near if exists
14:10:24,531 DEBUG SQL:104 - 
    drop sequence hibernate_sequence
14:10:24,531 ERROR SchemaExport:425 - HHH000389: Unsuccessful: drop sequence hibernate_sequence
14:10:24,531 ERROR SchemaExport:426 - Sequence "HIBERNATE_SEQUENCE" not found; SQL statement:

    drop sequence hibernate_sequence [90036-145]
14:10:24,531 DEBUG SQL:104 - 
    create table Forest (
        id integer not null,
        bigText varchar(255),
        country blob,
        length bigint not null,
        longDescription longvarchar,
        name varchar(255),
        smallText varchar(255),
        primary key (id)
    )
14:10:24,532 DEBUG SQL:104 - 
    create table Forest2 (
        id integer not null,
        longDescription longvarchar,
        name varchar(255),
        primary key (id)
    )
14:10:24,532 DEBUG SQL:104 - 
    create table Forest_near (
        Forest_id integer not null,
        near blob
    )
14:10:24,533 DEBUG SQL:104 - 
    create index idx on Forest (name, length)
14:10:24,533 DEBUG SQL:104 - 
    alter table Forest_near 
        add constraint FK337E16EADB495665 
        foreign key (Forest_id) 
        references Forest
14:10:24,543 DEBUG SQL:104 - 
    create sequence hibernate_sequence start with 1 increment by 1
14:10:24,544  INFO SchemaExport:405 - HHH000230: Schema export complete
14:10:24,545  WARN SessionFactoryImpl:1554 - HHH000008: JTASessionContext being used with JDBCTransactionFactory; auto-flush will not operate correctly with getCurrentSession()
14:10:24,545  INFO CustomRunner:139 - Test: testSameMappingValues
14:10:24,546  INFO SchemaExport:343 - HHH000227: Running hbm2ddl schema export
14:10:24,546 DEBUG SchemaExport:353 - Import file not found: /import.sql
14:10:24,546 DEBUG SQL:104 - 
    alter table Forest_near 
        drop constraint FK337E16EADB495665
14:10:24,547 DEBUG SQL:104 - 
    drop table Forest if exists
14:10:24,547 DEBUG SQL:104 - 
    drop table Forest2 if exists
14:10:24,547 DEBUG SQL:104 - 
    drop table Forest_near if exists
14:10:24,548 DEBUG SQL:104 - 
    drop sequence hibernate_sequence
14:10:24,548  INFO SchemaExport:405 - HHH000230: Schema export complete
14:10:24,548  INFO DriverManagerConnectionProviderImpl:162 - HHH000030: Cleaning up connection pool [jdbc:h2:mem:db1;DB_CLOSE_DELAY=-1;MVCC=TRUE]
]]></system-out>
  <system-err><![CDATA[]]></system-err>
</testsuite>
