<?xml version="1.0" encoding="UTF-8"?>
<testsuite errors="0" failures="0" hostname="dhcp-10.15.208.168.stl.redhat.com" name="org.hibernate.test.jpa.naturalid.MutableNaturalIdTest" tests="2" time="0.082" timestamp="2013-02-28T20:14:51">
  <properties />
  <testcase classname="org.hibernate.test.jpa.naturalid.MutableNaturalIdTest" name="testInLineSynchWithIdentityColumn" time="0.002" />
  <testcase classname="org.hibernate.test.jpa.naturalid.MutableNaturalIdTest" name="testSimpleNaturalIdLoadAccessCacheWithUpdate" time="0.018" />
  <system-out><![CDATA[14:14:51,355  INFO CustomRunner:132 - BeforeClass: org.hibernate.test.jpa.naturalid.MutableNaturalIdTest
14:14:51,357  INFO Configuration:706 - HHH000221: Reading mappings from resource: org/hibernate/test/jpa/Part.hbm.xml
14:14:51,364  INFO Configuration:706 - HHH000221: Reading mappings from resource: org/hibernate/test/jpa/Item.hbm.xml
14:14:51,370  INFO Configuration:706 - HHH000221: Reading mappings from resource: org/hibernate/test/jpa/MyEntity.hbm.xml
14:14:51,382  INFO DriverManagerConnectionProviderImpl:99 - HHH000402: Using Hibernate built-in connection pool (not for production use!)
14:14:51,383  INFO DriverManagerConnectionProviderImpl:135 - HHH000115: Hibernate connection pool size: 5
14:14:51,383  INFO DriverManagerConnectionProviderImpl:138 - HHH000006: Autocommit mode: false
14:14:51,383  INFO DriverManagerConnectionProviderImpl:153 - HHH000401: using driver [org.h2.Driver] at URL [jdbc:h2:mem:db1;DB_CLOSE_DELAY=-1;MVCC=TRUE]
14:14:51,383  INFO DriverManagerConnectionProviderImpl:158 - HHH000046: Connection properties: {user=sa}
14:14:51,384  INFO Dialect:103 - HHH000400: Using dialect: org.hibernate.dialect.H2Dialect
14:14:51,385  INFO LobCreatorBuilder:94 - HHH000423: Disabling contextual LOB creation as JDBC driver reported JDBC version [3] less than 4
14:14:51,385  INFO TransactionFactoryInitiator:66 - HHH000399: Using default transaction strategy (direct JDBC transactions)
14:14:51,386  INFO ASTQueryTranslatorFactory:48 - HHH000397: Using ASTQueryTranslatorFactory
14:14:51,403  INFO SchemaExport:343 - HHH000227: Running hbm2ddl schema export
14:14:51,404 DEBUG SchemaExport:353 - Import file not found: /import.sql
14:14:51,405 DEBUG SQL:104 - 
    alter table EJB3_PART 
        drop constraint FKFD4B66FC2A89F363
14:14:51,405 ERROR SchemaExport:425 - HHH000389: Unsuccessful: alter table EJB3_PART drop constraint FKFD4B66FC2A89F363
14:14:51,405 ERROR SchemaExport:426 - Table "EJB3_PART" not found; SQL statement:

    alter table EJB3_PART 
        drop constraint FKFD4B66FC2A89F363 [42102-145]
14:14:51,405 DEBUG SQL:104 - 
    alter table JPA_MYENTITY 
        drop constraint FKE9D28493C4B8BDC8
14:14:51,406 ERROR SchemaExport:425 - HHH000389: Unsuccessful: alter table JPA_MYENTITY drop constraint FKE9D28493C4B8BDC8
14:14:51,406 ERROR SchemaExport:426 - Table "JPA_MYENTITY" not found; SQL statement:

    alter table JPA_MYENTITY 
        drop constraint FKE9D28493C4B8BDC8 [42102-145]
14:14:51,406 DEBUG SQL:104 - 
    drop table ClassWithIdentityColumn if exists
14:14:51,407 DEBUG SQL:104 - 
    drop table EJB3_ITEM if exists
14:14:51,407 DEBUG SQL:104 - 
    drop table EJB3_PART if exists
14:14:51,407 DEBUG SQL:104 - 
    drop table JPA_MYENTITY if exists
14:14:51,407 DEBUG SQL:104 - 
    drop table T_GROUP if exists
14:14:51,407 DEBUG SQL:104 - 
    create table ClassWithIdentityColumn (
        id bigint generated by default as identity,
        name varchar(255),
        primary key (id)
    )
14:14:51,408 DEBUG SQL:104 - 
    create table EJB3_ITEM (
        ITEM_ID bigint not null,
        VERS bigint not null,
        NAME varchar(255) not null,
        primary key (ITEM_ID)
    )
14:14:51,408 DEBUG SQL:104 - 
    create table EJB3_PART (
        PART_ID bigint not null,
        ITEM_ID bigint not null,
        NAME varchar(255) not null,
        STOCK_NUM varchar(255) not null,
        UNIT_PRICE decimal(19,2) not null,
        primary key (PART_ID)
    )
14:14:51,409 DEBUG SQL:104 - 
    create table JPA_MYENTITY (
        ID bigint not null,
        "TYPE" varchar(255) not null,
        name varchar(255),
        other bigint,
        someSubProperty varchar(255),
        primary key (ID)
    )
14:14:51,409 DEBUG SQL:104 - 
    create table T_GROUP (
        id integer not null,
        name varchar(255),
        primary key (id)
    )
14:14:51,410 DEBUG SQL:104 - 
    alter table ClassWithIdentityColumn 
        add constraint _UniqueKey unique (name)
14:14:51,410 DEBUG SQL:104 - 
    alter table EJB3_PART 
        add constraint FKFD4B66FC2A89F363 
        foreign key (ITEM_ID) 
        references EJB3_ITEM
14:14:51,410 DEBUG SQL:104 - 
    alter table JPA_MYENTITY 
        add constraint FKE9D28493C4B8BDC8 
        foreign key (other) 
        references JPA_MYENTITY
14:14:51,411 DEBUG SQL:104 - 
    alter table T_GROUP 
        add constraint _UniqueKey unique (name)
14:14:51,411 ERROR SchemaExport:425 - HHH000389: Unsuccessful: alter table T_GROUP add constraint _UniqueKey unique (name)
14:14:51,411 ERROR SchemaExport:426 - Constraint "_UNIQUEKEY" already exists; SQL statement:

    alter table T_GROUP 
        add constraint _UniqueKey unique (name) [90045-145]
14:14:51,412  INFO SchemaExport:405 - HHH000230: Schema export complete
14:14:51,412  WARN SessionFactoryImpl:1554 - HHH000008: JTASessionContext being used with JDBCTransactionFactory; auto-flush will not operate correctly with getCurrentSession()
14:14:51,412  INFO CustomRunner:139 - Test: testInLineSynchWithIdentityColumn
14:14:51,414 DEBUG SQL:104 - 
    insert 
    into
        ClassWithIdentityColumn
        (id, name) 
    values
        (null, ?)
14:14:51,415  INFO CustomRunner:139 - Test: testSimpleNaturalIdLoadAccessCacheWithUpdate
14:14:51,417 DEBUG SQL:104 - 
    insert 
    into
        T_GROUP
        (name, id) 
    values
        (?, ?)
14:14:51,417 DEBUG SQL:104 - 
    select
        group_.id as id4_ 
    from
        T_GROUP group_ 
    where
        group_.name=?
14:14:51,420 DEBUG SQL:104 - 
    select
        group0_.id as id4_0_,
        group0_.name as name4_0_ 
    from
        T_GROUP group0_ 
    where
        group0_.id=?
14:14:51,420 DEBUG SQL:104 - 
    update
        T_GROUP 
    set
        name=? 
    where
        id=?
14:14:51,421 DEBUG QueryTranslatorImpl:265 - parse() - HQL: delete org.hibernate.test.jpa.naturalid.Group
14:14:51,421 DEBUG HqlParser:347 - weakKeywords() : new LT(1) token - ["Group",<108> previously: <24>,line=1,col=41,possibleID=true]
14:14:51,422 DEBUG QueryTranslatorImpl:283 - --- HQL AST ---
 \-[DELETE] Node: 'delete'
    \-[FROM] Node: 'FROM'
       \-[RANGE] Node: 'RANGE'
          \-[DOT] Node: '.'
             +-[DOT] Node: '.'
             |  +-[DOT] Node: '.'
             |  |  +-[DOT] Node: '.'
             |  |  |  +-[DOT] Node: '.'
             |  |  |  |  +-[IDENT] Node: 'org'
             |  |  |  |  \-[IDENT] Node: 'hibernate'
             |  |  |  \-[IDENT] Node: 'test'
             |  |  \-[IDENT] Node: 'jpa'
             |  \-[IDENT] Node: 'naturalid'
             \-[IDENT] Node: 'Group'

14:14:51,431 DEBUG ErrorCounter:82 - throwQueryException() : no errors
14:14:51,431 DEBUG FromElement:157 - FromClause{level=1} : org.hibernate.test.jpa.naturalid.Group (<no alias>) -> group0_
14:14:51,432 DEBUG QueryTranslatorImpl:252 - --- SQL AST ---
 \-[DELETE] DeleteStatement: 'delete'  querySpaces (T_GROUP)
    \-[FROM] FromClause: 'FROM' FromClause{level=1, fromElementCounter=1, fromElements=1, fromElementByClassAlias=[], fromElementByTableAlias=[group0_], fromElementsByPath=[], collectionJoinFromElementsByPath=[], impliedElements=[]}
       \-[FROM_FRAGMENT] FromElement: 'T_GROUP' FromElement{explicit,not a collection join,not a fetch join,fetch non-lazy properties,classAlias=null,role=null,tableName=T_GROUP,tableAlias=group0_,origin=null,columns={,className=org.hibernate.test.jpa.naturalid.Group}}

14:14:51,432 DEBUG ErrorCounter:82 - throwQueryException() : no errors
14:14:51,432 DEBUG ErrorCounter:82 - throwQueryException() : no errors
14:14:51,432 DEBUG SQL:104 - 
    delete 
    from
        T_GROUP
14:14:51,433  INFO SchemaExport:343 - HHH000227: Running hbm2ddl schema export
14:14:51,433 DEBUG SchemaExport:353 - Import file not found: /import.sql
14:14:51,433 DEBUG SQL:104 - 
    alter table EJB3_PART 
        drop constraint FKFD4B66FC2A89F363
14:14:51,434 DEBUG SQL:104 - 
    alter table JPA_MYENTITY 
        drop constraint FKE9D28493C4B8BDC8
14:14:51,434 DEBUG SQL:104 - 
    drop table ClassWithIdentityColumn if exists
14:14:51,434 DEBUG SQL:104 - 
    drop table EJB3_ITEM if exists
14:14:51,434 DEBUG SQL:104 - 
    drop table EJB3_PART if exists
14:14:51,435 DEBUG SQL:104 - 
    drop table JPA_MYENTITY if exists
14:14:51,435 DEBUG SQL:104 - 
    drop table T_GROUP if exists
14:14:51,435  INFO SchemaExport:405 - HHH000230: Schema export complete
14:14:51,435  INFO DriverManagerConnectionProviderImpl:162 - HHH000030: Cleaning up connection pool [jdbc:h2:mem:db1;DB_CLOSE_DELAY=-1;MVCC=TRUE]
]]></system-out>
  <system-err><![CDATA[]]></system-err>
</testsuite>
