<?xml version="1.0" encoding="UTF-8"?>
<testsuite errors="0" failures="0" hostname="dhcp-10.15.208.168.stl.redhat.com" name="org.hibernate.test.annotations.polymorphism.PolymorphismTest" tests="1" time="0.132" timestamp="2013-02-28T20:10:41">
  <properties />
  <testcase classname="org.hibernate.test.annotations.polymorphism.PolymorphismTest" name="testPolymorphism" time="0.109" />
  <system-out><![CDATA[14:10:41,732  INFO CustomRunner:132 - BeforeClass: org.hibernate.test.annotations.polymorphism.PolymorphismTest
14:10:41,737  WARN EntityBinder:286 - HHH000081: @org.hibernate.annotations.Entity used on a non root entity: ignored for org.hibernate.test.annotations.polymorphism.SportCar
14:10:41,738  INFO DriverManagerConnectionProviderImpl:99 - HHH000402: Using Hibernate built-in connection pool (not for production use!)
14:10:41,738  INFO DriverManagerConnectionProviderImpl:135 - HHH000115: Hibernate connection pool size: 5
14:10:41,738  INFO DriverManagerConnectionProviderImpl:138 - HHH000006: Autocommit mode: false
14:10:41,739  INFO DriverManagerConnectionProviderImpl:153 - HHH000401: using driver [org.h2.Driver] at URL [jdbc:h2:mem:db1;DB_CLOSE_DELAY=-1;MVCC=TRUE]
14:10:41,739  INFO DriverManagerConnectionProviderImpl:158 - HHH000046: Connection properties: {user=sa}
14:10:41,740  INFO Dialect:103 - HHH000400: Using dialect: org.hibernate.dialect.H2Dialect
14:10:41,740  INFO LobCreatorBuilder:94 - HHH000423: Disabling contextual LOB creation as JDBC driver reported JDBC version [3] less than 4
14:10:41,741  INFO TransactionFactoryInitiator:66 - HHH000399: Using default transaction strategy (direct JDBC transactions)
14:10:41,741  INFO ASTQueryTranslatorFactory:48 - HHH000397: Using ASTQueryTranslatorFactory
14:10:41,741  WARN CachingRegionFactory:58 - CachingRegionFactory should be only used for testing.
14:10:41,744  INFO TableGenerator:414 - HHH000398: Explicit segment value for id generator [hibernate_sequences.sequence_name] suggested; using default [default]
14:10:41,748  INFO TableGenerator:414 - HHH000398: Explicit segment value for id generator [hibernate_sequences.sequence_name] suggested; using default [default]
14:10:41,749  INFO TableGenerator:414 - HHH000398: Explicit segment value for id generator [hibernate_sequences.sequence_name] suggested; using default [default]
14:10:41,749  INFO SchemaExport:343 - HHH000227: Running hbm2ddl schema export
14:10:41,749 DEBUG SchemaExport:353 - Import file not found: /import.sql
14:10:41,749 DEBUG SQL:104 - 
    drop table Car if exists
14:10:41,749 DEBUG SQL:104 - 
    drop table sport_car if exists
14:10:41,751 DEBUG SQL:104 - 
    drop table hibernate_sequences if exists
14:10:41,751 DEBUG SQL:104 - 
    create table Car (
        id integer not null,
        model varchar(255),
        primary key (id)
    )
14:10:41,751 DEBUG SQL:104 - 
    create table sport_car (
        id integer not null,
        model varchar(255),
        primary key (id)
    )
14:10:41,752 DEBUG SQL:104 - 
    create table hibernate_sequences (
         sequence_name varchar(255) not null ,
         next_val bigint,
        primary key ( sequence_name ) 
    ) 
14:10:41,752  INFO SchemaExport:405 - HHH000230: Schema export complete
14:10:41,752  INFO TableGenerator:414 - HHH000398: Explicit segment value for id generator [hibernate_sequences.sequence_name] suggested; using default [default]
14:10:41,752  INFO TableGenerator:414 - HHH000398: Explicit segment value for id generator [hibernate_sequences.sequence_name] suggested; using default [default]
14:10:41,753  WARN SessionFactoryImpl:1554 - HHH000008: JTASessionContext being used with JDBCTransactionFactory; auto-flush will not operate correctly with getCurrentSession()
14:10:41,753  INFO CustomRunner:139 - Test: testPolymorphism
14:10:41,760 DEBUG SQL:104 - 
    select
        tbl.next_val 
    from
        hibernate_sequences tbl 
    where
        tbl.sequence_name=? for update
            
14:10:41,825 DEBUG SQL:104 - 
    insert 
    into
        hibernate_sequences
        (sequence_name, next_val)  
    values
        (?,?)
14:10:41,826 DEBUG SQL:104 - 
    update
        hibernate_sequences 
    set
        next_val=?  
    where
        next_val=? 
        and sequence_name=?
14:10:41,826 DEBUG SQL:104 - 
    select
        tbl.next_val 
    from
        hibernate_sequences tbl 
    where
        tbl.sequence_name=? for update
            
14:10:41,826 DEBUG SQL:104 - 
    update
        hibernate_sequences 
    set
        next_val=?  
    where
        next_val=? 
        and sequence_name=?
14:10:41,827 DEBUG SQL:104 - 
    insert 
    into
        Car
        (model, id) 
    values
        (?, ?)
14:10:41,828 DEBUG SQL:104 - 
    insert 
    into
        sport_car
        (model, id) 
    values
        (?, ?)
14:10:41,828 DEBUG QueryTranslatorImpl:265 - parse() - HQL: select car from org.hibernate.test.annotations.polymorphism.Car car
14:10:41,829 DEBUG QueryTranslatorImpl:283 - --- HQL AST ---
 \-[QUERY] Node: 'query'
    \-[SELECT_FROM] Node: 'SELECT_FROM'
       +-[FROM] Node: 'from'
       |  \-[RANGE] Node: 'RANGE'
       |     +-[DOT] Node: '.'
       |     |  +-[DOT] Node: '.'
       |     |  |  +-[DOT] Node: '.'
       |     |  |  |  +-[DOT] Node: '.'
       |     |  |  |  |  +-[DOT] Node: '.'
       |     |  |  |  |  |  +-[IDENT] Node: 'org'
       |     |  |  |  |  |  \-[IDENT] Node: 'hibernate'
       |     |  |  |  |  \-[IDENT] Node: 'test'
       |     |  |  |  \-[IDENT] Node: 'annotations'
       |     |  |  \-[IDENT] Node: 'polymorphism'
       |     |  \-[IDENT] Node: 'Car'
       |     \-[ALIAS] Node: 'car'
       \-[SELECT] Node: 'select'
          \-[IDENT] Node: 'car'

14:10:41,847 DEBUG ErrorCounter:82 - throwQueryException() : no errors
14:10:41,847 DEBUG FromElement:157 - FromClause{level=1} : org.hibernate.test.annotations.polymorphism.Car (car) -> car0_
14:10:41,848 DEBUG FromReferenceNode:74 - Resolved : car -> car0_.id
14:10:41,848 DEBUG HqlSqlWalker:629 - processQuery() :  ( SELECT ( {select clause} car0_.id ) ( FromClause{level=1} ( select id, model, 0 as clazz_ from Car union all select id, model, 1 as clazz_ from sport_car ) car0_ ) )
14:10:41,848 DEBUG JoinProcessor:175 - Using FROM fragment [( select id, model, 0 as clazz_ from Car union all select id, model, 1 as clazz_ from sport_car ) car0_]
14:10:41,848 DEBUG QueryTranslatorImpl:252 - --- SQL AST ---
 \-[SELECT] QueryNode: 'SELECT'  querySpaces (Car,sport_car)
    +-[SELECT_CLAUSE] SelectClause: '{select clause}'
    |  +-[ALIAS_REF] IdentNode: 'car0_.id as id0_' {alias=car, className=org.hibernate.test.annotations.polymorphism.Car, tableAlias=car0_}
    |  \-[SQL_TOKEN] SqlFragment: 'car0_.model as model0_, car0_.clazz_ as clazz_'
    \-[FROM] FromClause: 'from' FromClause{level=1, fromElementCounter=1, fromElements=1, fromElementByClassAlias=[car], fromElementByTableAlias=[car0_], fromElementsByPath=[], collectionJoinFromElementsByPath=[], impliedElements=[]}
       \-[FROM_FRAGMENT] FromElement: '( select id, model, 0 as clazz_ from Car union all select id, model, 1 as clazz_ from sport_car ) car0_' FromElement{explicit,not a collection join,not a fetch join,fetch non-lazy properties,classAlias=car,role=null,tableName=( select id, model, 0 as clazz_ from Car union all select id, model, 1 as clazz_ from sport_car ),tableAlias=car0_,origin=null,columns={,className=org.hibernate.test.annotations.polymorphism.Car}}

14:10:41,848 DEBUG ErrorCounter:82 - throwQueryException() : no errors
14:10:41,848 DEBUG QueryTranslatorImpl:235 - HQL: select car from org.hibernate.test.annotations.polymorphism.Car car
14:10:41,848 DEBUG QueryTranslatorImpl:236 - SQL: select car0_.id as id0_, car0_.model as model0_, car0_.clazz_ as clazz_ from ( select id, model, 0 as clazz_ from Car union all select id, model, 1 as clazz_ from sport_car ) car0_
14:10:41,849 DEBUG ErrorCounter:82 - throwQueryException() : no errors
14:10:41,849 DEBUG SQL:104 - 
    select
        car0_.id as id0_,
        car0_.model as model0_,
        car0_.clazz_ as clazz_ 
    from
        ( select
            id,
            model,
            0 as clazz_ 
        from
            Car 
        union
        all select
            id,
            model,
            1 as clazz_ 
        from
            sport_car 
    ) car0_
14:10:41,861  WARN QuerySplitter:128 - HHH000183: no persistent classes found for query class: select count(m) from org.hibernate.test.annotations.polymorphism.MovingThing m
14:10:41,862  INFO SchemaExport:343 - HHH000227: Running hbm2ddl schema export
14:10:41,862 DEBUG SchemaExport:353 - Import file not found: /import.sql
14:10:41,862 DEBUG SQL:104 - 
    drop table Car if exists
14:10:41,863 DEBUG SQL:104 - 
    drop table sport_car if exists
14:10:41,863 DEBUG SQL:104 - 
    drop table hibernate_sequences if exists
14:10:41,863  INFO SchemaExport:405 - HHH000230: Schema export complete
14:10:41,863  INFO DriverManagerConnectionProviderImpl:162 - HHH000030: Cleaning up connection pool [jdbc:h2:mem:db1;DB_CLOSE_DELAY=-1;MVCC=TRUE]
]]></system-out>
  <system-err><![CDATA[]]></system-err>
</testsuite>
