<?xml version="1.0" encoding="UTF-8"?>
<testsuite errors="0" failures="0" hostname="dhcp-10.15.208.168.stl.redhat.com" name="org.hibernate.test.annotations.generics.GenericsTest" tests="1" time="0.29" timestamp="2013-02-28T20:10:27">
  <properties />
  <testcase classname="org.hibernate.test.annotations.generics.GenericsTest" name="testManyToOneGenerics" time="0.121" />
  <system-out><![CDATA[14:10:27,866  INFO CustomRunner:132 - BeforeClass: org.hibernate.test.annotations.generics.GenericsTest
14:10:27,881  INFO DriverManagerConnectionProviderImpl:99 - HHH000402: Using Hibernate built-in connection pool (not for production use!)
14:10:27,881  INFO DriverManagerConnectionProviderImpl:135 - HHH000115: Hibernate connection pool size: 5
14:10:27,881  INFO DriverManagerConnectionProviderImpl:138 - HHH000006: Autocommit mode: false
14:10:27,881  INFO DriverManagerConnectionProviderImpl:153 - HHH000401: using driver [org.h2.Driver] at URL [jdbc:h2:mem:db1;DB_CLOSE_DELAY=-1;MVCC=TRUE]
14:10:27,881  INFO DriverManagerConnectionProviderImpl:158 - HHH000046: Connection properties: {user=sa}
14:10:27,883  INFO Dialect:103 - HHH000400: Using dialect: org.hibernate.dialect.H2Dialect
14:10:27,883  INFO LobCreatorBuilder:94 - HHH000423: Disabling contextual LOB creation as JDBC driver reported JDBC version [3] less than 4
14:10:27,883  INFO TransactionFactoryInitiator:66 - HHH000399: Using default transaction strategy (direct JDBC transactions)
14:10:27,884  INFO ASTQueryTranslatorFactory:48 - HHH000397: Using ASTQueryTranslatorFactory
14:10:27,884  WARN CachingRegionFactory:58 - CachingRegionFactory should be only used for testing.
14:10:27,906  INFO SchemaExport:343 - HHH000227: Running hbm2ddl schema export
14:10:27,907 DEBUG SchemaExport:353 - Import file not found: /import.sql
14:10:27,907 DEBUG SQL:104 - 
    alter table Paper 
        drop constraint FK495216CBED8FBA0
14:10:27,907 ERROR SchemaExport:425 - HHH000389: Unsuccessful: alter table Paper drop constraint FK495216CBED8FBA0
14:10:27,907 ERROR SchemaExport:426 - Table "PAPER" not found; SQL statement:

    alter table Paper 
        drop constraint FK495216CBED8FBA0 [42102-145]
14:10:27,929 DEBUG SQL:104 - 
    alter table Paper 
        drop constraint FK495216CEFB1A60C
14:10:27,929 ERROR SchemaExport:425 - HHH000389: Unsuccessful: alter table Paper drop constraint FK495216CEFB1A60C
14:10:27,930 ERROR SchemaExport:426 - Table "PAPER" not found; SQL statement:

    alter table Paper 
        drop constraint FK495216CEFB1A60C [42102-145]
14:10:27,934 DEBUG SQL:104 - 
    alter table Paper 
        drop constraint FK495216CABB873D4
14:10:27,935 ERROR SchemaExport:425 - HHH000389: Unsuccessful: alter table Paper drop constraint FK495216CABB873D4
14:10:27,935 ERROR SchemaExport:426 - Table "PAPER" not found; SQL statement:

    alter table Paper 
        drop constraint FK495216CABB873D4 [42102-145]
14:10:27,935 DEBUG SQL:104 - 
    drop table Dummy if exists
14:10:27,935 DEBUG SQL:104 - 
    drop table Paper if exists
14:10:27,935 DEBUG SQL:104 - 
    drop table PaperType if exists
14:10:27,935 DEBUG SQL:104 - 
    drop table Price if exists
14:10:27,935 DEBUG SQL:104 - 
    drop table SomeGuy if exists
14:10:27,935 DEBUG SQL:104 - 
    drop table WildEntity if exists
14:10:27,941 DEBUG SQL:104 - 
    drop sequence hibernate_sequence
14:10:27,942 ERROR SchemaExport:425 - HHH000389: Unsuccessful: drop sequence hibernate_sequence
14:10:27,942 ERROR SchemaExport:426 - Sequence "HIBERNATE_SEQUENCE" not found; SQL statement:

    drop sequence hibernate_sequence [90036-145]
14:10:27,942 DEBUG SQL:104 - 
    create table Dummy (
        id bigint not null,
        primary key (id)
    )
14:10:27,943 DEBUG SQL:104 - 
    create table Paper (
        id integer not null,
        name varchar(255),
        value_id integer,
        owner_id integer,
        type_id integer,
        primary key (id)
    )
14:10:27,943 DEBUG SQL:104 - 
    create table PaperType (
        id integer not null,
        name varchar(255),
        primary key (id)
    )
14:10:27,943 DEBUG SQL:104 - 
    create table Price (
        id integer not null,
        amount double,
        currency varchar(255),
        primary key (id)
    )
14:10:27,989 DEBUG SQL:104 - 
    create table SomeGuy (
        id integer not null,
        primary key (id)
    )
14:10:27,989 DEBUG SQL:104 - 
    create table WildEntity (
        id integer not null,
        property varchar(255),
        primary key (id)
    )
14:10:27,991 DEBUG SQL:104 - 
    alter table Paper 
        add constraint FK495216CBED8FBA0 
        foreign key (value_id) 
        references Price
14:10:27,992 DEBUG SQL:104 - 
    alter table Paper 
        add constraint FK495216CEFB1A60C 
        foreign key (owner_id) 
        references SomeGuy
14:10:27,993 DEBUG SQL:104 - 
    alter table Paper 
        add constraint FK495216CABB873D4 
        foreign key (type_id) 
        references PaperType
14:10:27,993 DEBUG SQL:104 - 
    create sequence hibernate_sequence start with 1 increment by 1
14:10:27,993  INFO SchemaExport:405 - HHH000230: Schema export complete
14:10:27,994  WARN SessionFactoryImpl:1554 - HHH000008: JTASessionContext being used with JDBCTransactionFactory; auto-flush will not operate correctly with getCurrentSession()
14:10:27,996  INFO CustomRunner:139 - Test: testManyToOneGenerics
14:10:28,005 DEBUG SQL:104 - 
    call next value for hibernate_sequence
14:10:28,006 DEBUG SQL:104 - 
    call next value for hibernate_sequence
14:10:28,007 DEBUG SQL:104 - 
    call next value for hibernate_sequence
14:10:28,007 DEBUG SQL:104 - 
    call next value for hibernate_sequence
14:10:28,063 DEBUG SQL:104 - 
    insert 
    into
        PaperType
        (name, id) 
    values
        (?, ?)
14:10:28,063 DEBUG SQL:104 - 
    insert 
    into
        Price
        (amount, currency, id) 
    values
        (?, ?, ?)
14:10:28,064 DEBUG SQL:104 - 
    insert 
    into
        SomeGuy
        (id) 
    values
        (?)
14:10:28,065 DEBUG SQL:104 - 
    insert 
    into
        Paper
        (value_id, name, owner_id, type_id, id) 
    values
        (?, ?, ?, ?, ?)
14:10:28,066 DEBUG SQL:104 - 
    select
        paper0_.id as id1_3_,
        paper0_.value_id as value3_1_3_,
        paper0_.name as name1_3_,
        paper0_.owner_id as owner4_1_3_,
        paper0_.type_id as type5_1_3_,
        price1_.id as id3_0_,
        price1_.amount as amount3_0_,
        price1_.currency as currency3_0_,
        someguy2_.id as id4_1_,
        papertype3_.id as id2_2_,
        papertype3_.name as name2_2_ 
    from
        Paper paper0_ 
    left outer join
        Price price1_ 
            on paper0_.value_id=price1_.id 
    left outer join
        SomeGuy someguy2_ 
            on paper0_.owner_id=someguy2_.id 
    left outer join
        PaperType papertype3_ 
            on paper0_.type_id=papertype3_.id 
    where
        paper0_.id=?
14:10:28,077 DEBUG SQL:104 - 
    update
        Paper 
    set
        value_id=?,
        name=?,
        owner_id=?,
        type_id=? 
    where
        id=?
14:10:28,115 DEBUG SQL:104 - 
    delete 
    from
        PaperType 
    where
        id=?
14:10:28,116 DEBUG SQL:104 - 
    delete 
    from
        SomeGuy 
    where
        id=?
14:10:28,116 DEBUG SQL:104 - 
    delete 
    from
        Price 
    where
        id=?
14:10:28,116 DEBUG SQL:104 - 
    delete 
    from
        Paper 
    where
        id=?
14:10:28,117  INFO SchemaExport:343 - HHH000227: Running hbm2ddl schema export
14:10:28,118 DEBUG SchemaExport:353 - Import file not found: /import.sql
14:10:28,118 DEBUG SQL:104 - 
    alter table Paper 
        drop constraint FK495216CBED8FBA0
14:10:28,118 DEBUG SQL:104 - 
    alter table Paper 
        drop constraint FK495216CEFB1A60C
14:10:28,118 DEBUG SQL:104 - 
    alter table Paper 
        drop constraint FK495216CABB873D4
14:10:28,118 DEBUG SQL:104 - 
    drop table Dummy if exists
14:10:28,119 DEBUG SQL:104 - 
    drop table Paper if exists
14:10:28,153 DEBUG SQL:104 - 
    drop table PaperType if exists
14:10:28,154 DEBUG SQL:104 - 
    drop table Price if exists
14:10:28,154 DEBUG SQL:104 - 
    drop table SomeGuy if exists
14:10:28,154 DEBUG SQL:104 - 
    drop table WildEntity if exists
14:10:28,154 DEBUG SQL:104 - 
    drop sequence hibernate_sequence
14:10:28,154  INFO SchemaExport:405 - HHH000230: Schema export complete
14:10:28,155  INFO DriverManagerConnectionProviderImpl:162 - HHH000030: Cleaning up connection pool [jdbc:h2:mem:db1;DB_CLOSE_DELAY=-1;MVCC=TRUE]
]]></system-out>
  <system-err><![CDATA[]]></system-err>
</testsuite>
