<?xml version="1.0" encoding="UTF-8"?>
<testsuite errors="0" failures="0" hostname="dhcp-10.15.208.168.stl.redhat.com" name="org.hibernate.test.fetchprofiles.join.selfReferencing.JoinSelfReferentialFetchProfileTest" tests="1" time="0.033" timestamp="2013-02-28T20:12:26">
  <properties />
  <testcase classname="org.hibernate.test.fetchprofiles.join.selfReferencing.JoinSelfReferentialFetchProfileTest" name="testEnablingJoinFetchProfileAgainstSelfReferentialAssociation" time="0.002" />
  <system-out><![CDATA[14:12:26,941  INFO CustomRunner:132 - BeforeClass: org.hibernate.test.fetchprofiles.join.selfReferencing.JoinSelfReferentialFetchProfileTest
14:12:26,947  INFO DriverManagerConnectionProviderImpl:99 - HHH000402: Using Hibernate built-in connection pool (not for production use!)
14:12:26,947  INFO DriverManagerConnectionProviderImpl:135 - HHH000115: Hibernate connection pool size: 5
14:12:26,947  INFO DriverManagerConnectionProviderImpl:138 - HHH000006: Autocommit mode: false
14:12:26,948  INFO DriverManagerConnectionProviderImpl:153 - HHH000401: using driver [org.h2.Driver] at URL [jdbc:h2:mem:db1;DB_CLOSE_DELAY=-1;MVCC=TRUE]
14:12:26,948  INFO DriverManagerConnectionProviderImpl:158 - HHH000046: Connection properties: {user=sa}
14:12:26,949  INFO Dialect:103 - HHH000400: Using dialect: org.hibernate.dialect.H2Dialect
14:12:26,949  INFO LobCreatorBuilder:94 - HHH000423: Disabling contextual LOB creation as JDBC driver reported JDBC version [3] less than 4
14:12:26,950  INFO TransactionFactoryInitiator:66 - HHH000399: Using default transaction strategy (direct JDBC transactions)
14:12:26,950  INFO ASTQueryTranslatorFactory:48 - HHH000397: Using ASTQueryTranslatorFactory
14:12:26,950  WARN CachingRegionFactory:58 - CachingRegionFactory should be only used for testing.
14:12:26,957  INFO SchemaExport:343 - HHH000227: Running hbm2ddl schema export
14:12:26,958 DEBUG SchemaExport:353 - Import file not found: /import.sql
14:12:26,958 DEBUG SQL:104 - 
    alter table Employee 
        drop constraint FK4AFD4ACE89EDA191
14:12:26,958 ERROR SchemaExport:425 - HHH000389: Unsuccessful: alter table Employee drop constraint FK4AFD4ACE89EDA191
14:12:26,958 ERROR SchemaExport:426 - Table "EMPLOYEE" not found; SQL statement:

    alter table Employee 
        drop constraint FK4AFD4ACE89EDA191 [42102-145]
14:12:26,958 DEBUG SQL:104 - 
    drop table Employee if exists
14:12:26,958 DEBUG SQL:104 - 
    create table Employee (
        id bigint not null,
        manager_id bigint,
        primary key (id)
    )
14:12:26,959 DEBUG SQL:104 - 
    alter table Employee 
        add constraint FK4AFD4ACE89EDA191 
        foreign key (manager_id) 
        references Employee
14:12:26,960  INFO SchemaExport:405 - HHH000230: Schema export complete
14:12:26,961  WARN SessionFactoryImpl:1554 - HHH000008: JTASessionContext being used with JDBCTransactionFactory; auto-flush will not operate correctly with getCurrentSession()
14:12:26,961  INFO CustomRunner:139 - Test: testEnablingJoinFetchProfileAgainstSelfReferentialAssociation
14:12:26,962 DEBUG SQL:104 - 
    select
        this_.id as id0_1_,
        this_.manager_id as manager2_0_1_,
        employee2_.id as id0_0_,
        employee2_.manager_id as manager2_0_0_ 
    from
        Employee this_ 
    left outer join
        Employee employee2_ 
            on this_.manager_id=employee2_.id 
    where
        this_.manager_id is null
14:12:26,963  INFO SchemaExport:343 - HHH000227: Running hbm2ddl schema export
14:12:26,964 DEBUG SchemaExport:353 - Import file not found: /import.sql
14:12:26,964 DEBUG SQL:104 - 
    alter table Employee 
        drop constraint FK4AFD4ACE89EDA191
14:12:26,971 DEBUG SQL:104 - 
    drop table Employee if exists
14:12:26,971  INFO SchemaExport:405 - HHH000230: Schema export complete
14:12:26,971  INFO DriverManagerConnectionProviderImpl:162 - HHH000030: Cleaning up connection pool [jdbc:h2:mem:db1;DB_CLOSE_DELAY=-1;MVCC=TRUE]
]]></system-out>
  <system-err><![CDATA[]]></system-err>
</testsuite>
