<?xml version="1.0" encoding="UTF-8"?>
<testsuite errors="0" failures="0" hostname="dhcp-10.15.208.168.stl.redhat.com" name="org.hibernate.test.service.ClassLoaderServiceImplTest" tests="1" time="0.05" timestamp="2013-02-28T20:19:16">
  <properties />
  <testcase classname="org.hibernate.test.service.ClassLoaderServiceImplTest" name="testSystemClassLoaderNotOverriding" time="0.048" />
  <system-out><![CDATA[]]></system-out>
  <system-err><![CDATA[]]></system-err>
</testsuite>
