<?xml version="1.0" encoding="UTF-8"?>
<testsuite errors="0" failures="0" hostname="dhcp-10.15.208.168.stl.redhat.com" name="org.hibernate.test.idgen.enhanced.sequence.BasicSequenceTest" tests="2" time="0.041" timestamp="2013-02-28T20:14:01">
  <properties />
  <testcase classname="org.hibernate.test.idgen.enhanced.sequence.BasicSequenceTest" name="testNormalBoundary" time="0.005" />
  <testcase classname="org.hibernate.test.idgen.enhanced.sequence.BasicSequenceTest" name="testSequencePerEntity" time="0.003" />
  <system-out><![CDATA[14:14:01,540  INFO CustomRunner:132 - BeforeClass: org.hibernate.test.idgen.enhanced.sequence.BasicSequenceTest
14:14:01,542  INFO Configuration:706 - HHH000221: Reading mappings from resource: org/hibernate/test/idgen/enhanced/sequence/Basic.hbm.xml
14:14:01,548  INFO Configuration:706 - HHH000221: Reading mappings from resource: org/hibernate/test/idgen/enhanced/sequence/Dedicated.hbm.xml
14:14:01,553  INFO DriverManagerConnectionProviderImpl:99 - HHH000402: Using Hibernate built-in connection pool (not for production use!)
14:14:01,554  INFO DriverManagerConnectionProviderImpl:135 - HHH000115: Hibernate connection pool size: 5
14:14:01,554  INFO DriverManagerConnectionProviderImpl:138 - HHH000006: Autocommit mode: false
14:14:01,554  INFO DriverManagerConnectionProviderImpl:153 - HHH000401: using driver [org.h2.Driver] at URL [jdbc:h2:mem:db1;DB_CLOSE_DELAY=-1;MVCC=TRUE]
14:14:01,554  INFO DriverManagerConnectionProviderImpl:158 - HHH000046: Connection properties: {user=sa}
14:14:01,555  INFO Dialect:103 - HHH000400: Using dialect: org.hibernate.dialect.H2Dialect
14:14:01,556  INFO LobCreatorBuilder:94 - HHH000423: Disabling contextual LOB creation as JDBC driver reported JDBC version [3] less than 4
14:14:01,556  INFO TransactionFactoryInitiator:66 - HHH000399: Using default transaction strategy (direct JDBC transactions)
14:14:01,557  INFO ASTQueryTranslatorFactory:48 - HHH000397: Using ASTQueryTranslatorFactory
14:14:01,557  WARN CachingRegionFactory:58 - CachingRegionFactory should be only used for testing.
14:14:01,564  INFO SchemaExport:343 - HHH000227: Running hbm2ddl schema export
14:14:01,565 DEBUG SchemaExport:353 - Import file not found: /import.sql
14:14:01,565 DEBUG SQL:104 - 
    drop table ID_SEQ_BSC_ENTITY if exists
14:14:01,565 DEBUG SQL:104 - 
    drop sequence ID_SEQ_BSC_SEQ
14:14:01,566 ERROR SchemaExport:425 - HHH000389: Unsuccessful: drop sequence ID_SEQ_BSC_SEQ
14:14:01,566 ERROR SchemaExport:426 - Sequence "ID_SEQ_BSC_SEQ" not found; SQL statement:

    drop sequence ID_SEQ_BSC_SEQ [90036-145]
14:14:01,566 DEBUG SQL:104 - 
    drop sequence SpecialEntity_SEQ
14:14:01,566 ERROR SchemaExport:425 - HHH000389: Unsuccessful: drop sequence SpecialEntity_SEQ
14:14:01,566 ERROR SchemaExport:426 - Sequence "SPECIALENTITY_SEQ" not found; SQL statement:

    drop sequence SpecialEntity_SEQ [90036-145]
14:14:01,567 DEBUG SQL:104 - 
    create table ID_SEQ_BSC_ENTITY (
        ID bigint not null,
        name varchar(255),
        primary key (ID)
    )
14:14:01,567 DEBUG SQL:104 - 
    create sequence ID_SEQ_BSC_SEQ start with 1 increment by 1
14:14:01,567 DEBUG SQL:104 - 
    create sequence SpecialEntity_SEQ start with 1 increment by 1
14:14:01,567  INFO SchemaExport:405 - HHH000230: Schema export complete
14:14:01,568  WARN SessionFactoryImpl:1554 - HHH000008: JTASessionContext being used with JDBCTransactionFactory; auto-flush will not operate correctly with getCurrentSession()
14:14:01,568  INFO CustomRunner:139 - Test: testNormalBoundary
14:14:01,569 DEBUG SQL:104 - 
    call next value for ID_SEQ_BSC_SEQ
14:14:01,570 DEBUG SQL:104 - 
    call next value for ID_SEQ_BSC_SEQ
14:14:01,570 DEBUG SQL:104 - 
    call next value for ID_SEQ_BSC_SEQ
14:14:01,570 DEBUG SQL:104 - 
    call next value for ID_SEQ_BSC_SEQ
14:14:01,571 DEBUG SQL:104 - 
    call next value for ID_SEQ_BSC_SEQ
14:14:01,571 DEBUG SQL:104 - 
    insert 
    into
        ID_SEQ_BSC_ENTITY
        (name, ID) 
    values
        (?, ?)
14:14:01,571 DEBUG SQL:104 - 
    insert 
    into
        ID_SEQ_BSC_ENTITY
        (name, ID) 
    values
        (?, ?)
14:14:01,572 DEBUG SQL:104 - 
    insert 
    into
        ID_SEQ_BSC_ENTITY
        (name, ID) 
    values
        (?, ?)
14:14:01,572 DEBUG SQL:104 - 
    insert 
    into
        ID_SEQ_BSC_ENTITY
        (name, ID) 
    values
        (?, ?)
14:14:01,572 DEBUG SQL:104 - 
    insert 
    into
        ID_SEQ_BSC_ENTITY
        (name, ID) 
    values
        (?, ?)
14:14:01,572 DEBUG SQL:104 - 
    delete 
    from
        ID_SEQ_BSC_ENTITY 
    where
        ID=?
14:14:01,572 DEBUG SQL:104 - 
    delete 
    from
        ID_SEQ_BSC_ENTITY 
    where
        ID=?
14:14:01,573 DEBUG SQL:104 - 
    delete 
    from
        ID_SEQ_BSC_ENTITY 
    where
        ID=?
14:14:01,573 DEBUG SQL:104 - 
    delete 
    from
        ID_SEQ_BSC_ENTITY 
    where
        ID=?
14:14:01,573 DEBUG SQL:104 - 
    delete 
    from
        ID_SEQ_BSC_ENTITY 
    where
        ID=?
14:14:01,574  INFO CustomRunner:139 - Test: testSequencePerEntity
14:14:01,575 DEBUG SQL:104 - 
    call next value for SpecialEntity_SEQ
14:14:01,576 DEBUG SQL:104 - 
    call next value for SpecialEntity_SEQ
14:14:01,576 DEBUG SQL:104 - 
    insert 
    into
        ID_SEQ_BSC_ENTITY
        (name, ID) 
    values
        (?, ?)
14:14:01,576 DEBUG SQL:104 - 
    insert 
    into
        ID_SEQ_BSC_ENTITY
        (name, ID) 
    values
        (?, ?)
14:14:01,577  INFO SchemaExport:343 - HHH000227: Running hbm2ddl schema export
14:14:01,578 DEBUG SchemaExport:353 - Import file not found: /import.sql
14:14:01,578 DEBUG SQL:104 - 
    drop table ID_SEQ_BSC_ENTITY if exists
14:14:01,578 DEBUG SQL:104 - 
    drop sequence ID_SEQ_BSC_SEQ
14:14:01,578 DEBUG SQL:104 - 
    drop sequence SpecialEntity_SEQ
14:14:01,578  INFO SchemaExport:405 - HHH000230: Schema export complete
14:14:01,579  INFO DriverManagerConnectionProviderImpl:162 - HHH000030: Cleaning up connection pool [jdbc:h2:mem:db1;DB_CLOSE_DELAY=-1;MVCC=TRUE]
]]></system-out>
  <system-err><![CDATA[]]></system-err>
</testsuite>
