<?xml version="1.0" encoding="UTF-8"?>
<testsuite errors="0" failures="0" hostname="dhcp-10.15.208.168.stl.redhat.com" name="org.hibernate.test.querycache.CriteriaQueryCacheIgnoreResultTransformerTest" tests="58" time="10.565" timestamp="2013-02-28T20:17:48">
  <properties />
  <testcase classname="org.hibernate.test.querycache.CriteriaQueryCacheIgnoreResultTransformerTest" name="testAliasToBeanDtoLiteralArgList" time="0.043" />
  <testcase classname="org.hibernate.test.querycache.CriteriaQueryCacheIgnoreResultTransformerTest" name="testAliasToBeanDtoMultiArgList" time="0.052" />
  <testcase classname="org.hibernate.test.querycache.CriteriaQueryCacheIgnoreResultTransformerTest" name="testAliasToBeanDtoOneArgList" time="0.134" />
  <testcase classname="org.hibernate.test.querycache.CriteriaQueryCacheIgnoreResultTransformerTest" name="testAliasToBeanDtoWithNullAliasList" time="0.113" />
  <testcase classname="org.hibernate.test.querycache.CriteriaQueryCacheIgnoreResultTransformerTest" name="testAliasToEntityMapMultiAggregatedPropProjectionSingleResult" time="0.128" />
  <testcase classname="org.hibernate.test.querycache.CriteriaQueryCacheIgnoreResultTransformerTest" name="testAliasToEntityMapMultiProjectionList" time="0.138" />
  <testcase classname="org.hibernate.test.querycache.CriteriaQueryCacheIgnoreResultTransformerTest" name="testAliasToEntityMapMultiProjectionWithNullAliasList" time="0.139" />
  <testcase classname="org.hibernate.test.querycache.CriteriaQueryCacheIgnoreResultTransformerTest" name="testAliasToEntityMapNoProjectionMultiAndNullList" time="0.154" />
  <testcase classname="org.hibernate.test.querycache.CriteriaQueryCacheIgnoreResultTransformerTest" name="testAliasToEntityMapNoProjectionNullAndNonNullAliasList" time="0.206" />
  <testcase classname="org.hibernate.test.querycache.CriteriaQueryCacheIgnoreResultTransformerTest" name="testAliasToEntityMapOneProjectionList" time="0.122" />
  <testcase classname="org.hibernate.test.querycache.CriteriaQueryCacheIgnoreResultTransformerTest" name="testEntityWithAliasedJoinFetchedLazyOneToManySingleElementListHql" time="0.109" />
  <testcase classname="org.hibernate.test.querycache.CriteriaQueryCacheIgnoreResultTransformerTest" name="testEntityWithJoinFetchedLazyManyToOneList" time="0.762" />
  <testcase classname="org.hibernate.test.querycache.CriteriaQueryCacheIgnoreResultTransformerTest" name="testEntityWithJoinFetchedLazyManyToOneUsingProjectionList" time="0.116" />
  <testcase classname="org.hibernate.test.querycache.CriteriaQueryCacheIgnoreResultTransformerTest" name="testEntityWithJoinFetchedLazyOneToManyMultiAndNullElementList" time="0.75" />
  <testcase classname="org.hibernate.test.querycache.CriteriaQueryCacheIgnoreResultTransformerTest" name="testEntityWithJoinedLazyManyToOneListCriteria" time="0.489" />
  <testcase classname="org.hibernate.test.querycache.CriteriaQueryCacheIgnoreResultTransformerTest" name="testEntityWithJoinedLazyManyToOneListHql" time="0.237" />
  <testcase classname="org.hibernate.test.querycache.CriteriaQueryCacheIgnoreResultTransformerTest" name="testEntityWithJoinedLazyOneToManyMultiAndNullListCriteria" time="0.484" />
  <testcase classname="org.hibernate.test.querycache.CriteriaQueryCacheIgnoreResultTransformerTest" name="testEntityWithJoinedLazyOneToManyMultiAndNullListHql" time="0.326" />
  <testcase classname="org.hibernate.test.querycache.CriteriaQueryCacheIgnoreResultTransformerTest" name="testEntityWithJoinedLazyOneToManySingleElementListCriteria" time="0.571" />
  <testcase classname="org.hibernate.test.querycache.CriteriaQueryCacheIgnoreResultTransformerTest" name="testEntityWithJoinedLazyOneToManySingleElementListHql" time="0.214" />
  <testcase classname="org.hibernate.test.querycache.CriteriaQueryCacheIgnoreResultTransformerTest" name="testEntityWithLazyAssnList" time="0.151" />
  <testcase classname="org.hibernate.test.querycache.CriteriaQueryCacheIgnoreResultTransformerTest" name="testEntityWithLazyAssnUnique" time="0.119" />
  <testcase classname="org.hibernate.test.querycache.CriteriaQueryCacheIgnoreResultTransformerTest" name="testEntityWithNonLazyManyToOneList" time="0.141" />
  <testcase classname="org.hibernate.test.querycache.CriteriaQueryCacheIgnoreResultTransformerTest" name="testEntityWithNonLazyOneToManyUnique" time="0.133" />
  <testcase classname="org.hibernate.test.querycache.CriteriaQueryCacheIgnoreResultTransformerTest" name="testEntityWithSelectFetchedLazyOneToManySingleElementListCriteria" time="0.131" />
  <testcase classname="org.hibernate.test.querycache.CriteriaQueryCacheIgnoreResultTransformerTest" name="testEntityWithUnaliasedJoinFetchedLazyOneToManySingleElementList" time="0.203" />
  <testcase classname="org.hibernate.test.querycache.CriteriaQueryCacheIgnoreResultTransformerTest" name="testJoinWithFetchJoinListCriteria" time="0.144" />
  <testcase classname="org.hibernate.test.querycache.CriteriaQueryCacheIgnoreResultTransformerTest" name="testJoinWithFetchJoinListHql" time="0.121" />
  <testcase classname="org.hibernate.test.querycache.CriteriaQueryCacheIgnoreResultTransformerTest" name="testJoinWithFetchJoinWithAliasedJoinedAndOwnerProjectedListHql" time="0.15" />
  <testcase classname="org.hibernate.test.querycache.CriteriaQueryCacheIgnoreResultTransformerTest" name="testJoinWithFetchJoinWithOwnerAndAliasedJoinedProjectedListHql" time="0.091" />
  <testcase classname="org.hibernate.test.querycache.CriteriaQueryCacheIgnoreResultTransformerTest" name="testJoinWithFetchJoinWithOwnerAndPropProjectedList" time="0.117" />
  <testcase classname="org.hibernate.test.querycache.CriteriaQueryCacheIgnoreResultTransformerTest" name="testJoinWithFetchJoinWithPropAndOwnerProjectedList" time="0.128" />
  <testcase classname="org.hibernate.test.querycache.CriteriaQueryCacheIgnoreResultTransformerTest" name="testListElementsProjectionList" time="0.126" />
  <testcase classname="org.hibernate.test.querycache.CriteriaQueryCacheIgnoreResultTransformerTest" name="testMapElementsList" time="0.11" />
  <testcase classname="org.hibernate.test.querycache.CriteriaQueryCacheIgnoreResultTransformerTest" name="testMapEntryList" time="0.136" />
  <testcase classname="org.hibernate.test.querycache.CriteriaQueryCacheIgnoreResultTransformerTest" name="testMapKeyList" time="0.115" />
  <testcase classname="org.hibernate.test.querycache.CriteriaQueryCacheIgnoreResultTransformerTest" name="testMapValueList" time="0.119" />
  <testcase classname="org.hibernate.test.querycache.CriteriaQueryCacheIgnoreResultTransformerTest" name="testMultiAggregatedPropProjectionSingleResult" time="0.118" />
  <testcase classname="org.hibernate.test.querycache.CriteriaQueryCacheIgnoreResultTransformerTest" name="testMultiEntityProjectionAliasedList" time="0.159" />
  <testcase classname="org.hibernate.test.querycache.CriteriaQueryCacheIgnoreResultTransformerTest" name="testMultiEntityProjectionList" time="0.171" />
  <testcase classname="org.hibernate.test.querycache.CriteriaQueryCacheIgnoreResultTransformerTest" name="testMultiEntityProjectionUnique" time="0.124" />
  <testcase classname="org.hibernate.test.querycache.CriteriaQueryCacheIgnoreResultTransformerTest" name="testMultiProjectionListThenApplyAliasToBean" time="0.127" />
  <testcase classname="org.hibernate.test.querycache.CriteriaQueryCacheIgnoreResultTransformerTest" name="testMultiSelectAliasToEntityMapUsingAliasesWithFetchJoinList" time="0.111" />
  <testcase classname="org.hibernate.test.querycache.CriteriaQueryCacheIgnoreResultTransformerTest" name="testMultiSelectNewList" time="0.122" />
  <testcase classname="org.hibernate.test.querycache.CriteriaQueryCacheIgnoreResultTransformerTest" name="testMultiSelectNewListList" time="0.126" />
  <testcase classname="org.hibernate.test.querycache.CriteriaQueryCacheIgnoreResultTransformerTest" name="testMultiSelectNewMapUsingAliasesList" time="0.14" />
  <testcase classname="org.hibernate.test.querycache.CriteriaQueryCacheIgnoreResultTransformerTest" name="testMultiSelectNewMapUsingAliasesWithFetchJoinList" time="0.149" />
  <testcase classname="org.hibernate.test.querycache.CriteriaQueryCacheIgnoreResultTransformerTest" name="testMultiSelectNewWithLiteralList" time="0.12" />
  <testcase classname="org.hibernate.test.querycache.CriteriaQueryCacheIgnoreResultTransformerTest" name="testMultiSelectUsingImplicitJoinWithFetchJoinListHql" time="0.109" />
  <testcase classname="org.hibernate.test.querycache.CriteriaQueryCacheIgnoreResultTransformerTest" name="testOneEntityProjectionList" time="0.108" />
  <testcase classname="org.hibernate.test.querycache.CriteriaQueryCacheIgnoreResultTransformerTest" name="testOneEntityProjectionUnique" time="0.103" />
  <testcase classname="org.hibernate.test.querycache.CriteriaQueryCacheIgnoreResultTransformerTest" name="testOneNonEntityProjectionList" time="0.139" />
  <testcase classname="org.hibernate.test.querycache.CriteriaQueryCacheIgnoreResultTransformerTest" name="testOneNonEntityProjectionUnique" time="0.136" />
  <testcase classname="org.hibernate.test.querycache.CriteriaQueryCacheIgnoreResultTransformerTest" name="testOneSelectNewAliasesList" time="0.118" />
  <testcase classname="org.hibernate.test.querycache.CriteriaQueryCacheIgnoreResultTransformerTest" name="testOneSelectNewNoAliasesList" time="0.128" />
  <testcase classname="org.hibernate.test.querycache.CriteriaQueryCacheIgnoreResultTransformerTest" name="testSelectNewEntityConstructorList" time="0.125" />
  <testcase classname="org.hibernate.test.querycache.CriteriaQueryCacheIgnoreResultTransformerTest" name="testSelectNewMapUsingAliasesList" time="0.119" />
  <testcase classname="org.hibernate.test.querycache.CriteriaQueryCacheIgnoreResultTransformerTest" name="testSingleAggregatedPropProjectionSingleResult" time="0.124" />
  <system-out><![CDATA[14:17:48,308  INFO CustomRunner:132 - BeforeClass: org.hibernate.test.querycache.CriteriaQueryCacheIgnoreResultTransformerTest
14:17:48,310  INFO Configuration:706 - HHH000221: Reading mappings from resource: org/hibernate/test/querycache/Enrolment.hbm.xml
14:17:48,356  INFO DriverManagerConnectionProviderImpl:99 - HHH000402: Using Hibernate built-in connection pool (not for production use!)
14:17:48,356  INFO DriverManagerConnectionProviderImpl:135 - HHH000115: Hibernate connection pool size: 5
14:17:48,357  INFO DriverManagerConnectionProviderImpl:138 - HHH000006: Autocommit mode: false
14:17:48,357  INFO DriverManagerConnectionProviderImpl:153 - HHH000401: using driver [org.h2.Driver] at URL [jdbc:h2:mem:db1;DB_CLOSE_DELAY=-1;MVCC=TRUE]
14:17:48,357  INFO DriverManagerConnectionProviderImpl:158 - HHH000046: Connection properties: {user=sa}
14:17:48,358  INFO Dialect:103 - HHH000400: Using dialect: org.hibernate.dialect.H2Dialect
14:17:48,358  INFO LobCreatorBuilder:94 - HHH000423: Disabling contextual LOB creation as JDBC driver reported JDBC version [3] less than 4
14:17:48,359  INFO TransactionFactoryInitiator:66 - HHH000399: Using default transaction strategy (direct JDBC transactions)
14:17:48,359  INFO ASTQueryTranslatorFactory:48 - HHH000397: Using ASTQueryTranslatorFactory
14:17:48,360  WARN CachingRegionFactory:58 - CachingRegionFactory should be only used for testing.
14:17:48,360  INFO UpdateTimestampsCache:61 - HHH000250: Starting update timestamps cache at region: foo.org.hibernate.cache.spi.UpdateTimestampsCache
14:17:48,360  INFO StandardQueryCache:86 - HHH000248: Starting query cache at region: foo.org.hibernate.cache.internal.StandardQueryCache
14:17:48,377  INFO SchemaExport:343 - HHH000227: Running hbm2ddl schema export
14:17:48,379 DEBUG SchemaExport:353 - Import file not found: /import.sql
14:17:48,379 DEBUG SQL:104 - 
    alter table Address 
        drop constraint FK1ED033D47B5C59E1
14:17:48,379 ERROR SchemaExport:425 - HHH000389: Unsuccessful: alter table Address drop constraint FK1ED033D47B5C59E1
14:17:48,380 ERROR SchemaExport:426 - Table "ADDRESS" not found; SQL statement:

    alter table Address 
        drop constraint FK1ED033D47B5C59E1 [42102-145]
14:17:48,380 DEBUG SQL:104 - 
    alter table CourseMeeting 
        drop constraint FKC97EED80AEBBC201
14:17:48,380 ERROR SchemaExport:425 - HHH000389: Unsuccessful: alter table CourseMeeting drop constraint FKC97EED80AEBBC201
14:17:48,380 ERROR SchemaExport:426 - Table "COURSEMEETING" not found; SQL statement:

    alter table CourseMeeting 
        drop constraint FKC97EED80AEBBC201 [42102-145]
14:17:48,381 DEBUG SQL:104 - 
    alter table Enrolment 
        drop constraint FKEB4882C4EC5C133
14:17:48,381 ERROR SchemaExport:425 - HHH000389: Unsuccessful: alter table Enrolment drop constraint FKEB4882C4EC5C133
14:17:48,381 ERROR SchemaExport:426 - Table "ENROLMENT" not found; SQL statement:

    alter table Enrolment 
        drop constraint FKEB4882C4EC5C133 [42102-145]
14:17:48,381 DEBUG SQL:104 - 
    alter table Enrolment 
        drop constraint FKEB4882C4AEBBC201
14:17:48,381 ERROR SchemaExport:425 - HHH000389: Unsuccessful: alter table Enrolment drop constraint FKEB4882C4AEBBC201
14:17:48,382 ERROR SchemaExport:426 - Table "ENROLMENT" not found; SQL statement:

    alter table Enrolment 
        drop constraint FKEB4882C4AEBBC201 [42102-145]
14:17:48,382 DEBUG SQL:104 - 
    alter table Student 
        drop constraint FKF3371A1B5679E142
14:17:48,382 ERROR SchemaExport:425 - HHH000389: Unsuccessful: alter table Student drop constraint FKF3371A1B5679E142
14:17:48,382 ERROR SchemaExport:426 - Table "STUDENT" not found; SQL statement:

    alter table Student 
        drop constraint FKF3371A1B5679E142 [42102-145]
14:17:48,382 DEBUG SQL:104 - 
    alter table Student_secretCodes 
        drop constraint FKAF3CA7327B5C59E1
14:17:48,383 ERROR SchemaExport:425 - HHH000389: Unsuccessful: alter table Student_secretCodes drop constraint FKAF3CA7327B5C59E1
14:17:48,383 ERROR SchemaExport:426 - Table "STUDENT_SECRETCODES" not found; SQL statement:

    alter table Student_secretCodes 
        drop constraint FKAF3CA7327B5C59E1 [42102-145]
14:17:48,383 DEBUG SQL:104 - 
    drop table Address if exists
14:17:48,383 DEBUG SQL:104 - 
    drop table Course if exists
14:17:48,383 DEBUG SQL:104 - 
    drop table CourseMeeting if exists
14:17:48,384 DEBUG SQL:104 - 
    drop table Enrolment if exists
14:17:48,384 DEBUG SQL:104 - 
    drop table Student if exists
14:17:48,384 DEBUG SQL:104 - 
    drop table Student_secretCodes if exists
14:17:48,384 DEBUG SQL:104 - 
    create table Address (
        id bigint not null,
        addressType varchar(255),
        street varchar(255),
        city varchar(255),
        stateProvince varchar(255),
        postalCode varchar(255),
        country varchar(255),
        studentNumber bigint,
        primary key (id)
    )
14:17:48,385 DEBUG SQL:104 - 
    create table Course (
        courseCode varchar(255) not null,
        description varchar(255),
        primary key (courseCode)
    )
14:17:48,385 DEBUG SQL:104 - 
    create table CourseMeeting (
        courseCode varchar(255) not null,
        day varchar(255) not null,
        period integer not null,
        location varchar(255) not null,
        primary key (courseCode, day, period, location)
    )
14:17:48,386 DEBUG SQL:104 - 
    create table Enrolment (
        studentId bigint not null,
        courseCode varchar(255) not null,
        semester smallint not null,
        "year" smallint not null,
        primary key (studentId, courseCode)
    )
14:17:48,386 DEBUG SQL:104 - 
    create table Student (
        studentId bigint not null,
        name_first varchar(255) not null,
        name_middle varchar(255),
        name_last varchar(255) not null,
        preferredCourseCode varchar(255),
        primary key (studentId)
    )
14:17:48,386 DEBUG SQL:104 - 
    create table Student_secretCodes (
        studentNumber bigint not null,
        secretCode integer,
        i integer not null,
        primary key (studentNumber, i)
    )
14:17:48,387 DEBUG SQL:104 - 
    alter table Address 
        add constraint FK1ED033D47B5C59E1 
        foreign key (studentNumber) 
        references Student
14:17:48,387 DEBUG SQL:104 - 
    alter table CourseMeeting 
        add constraint FKC97EED80AEBBC201 
        foreign key (courseCode) 
        references Course
14:17:48,388 DEBUG SQL:104 - 
    alter table Enrolment 
        add constraint FKEB4882C4EC5C133 
        foreign key (studentId) 
        references Student
14:17:48,388 DEBUG SQL:104 - 
    alter table Enrolment 
        add constraint FKEB4882C4AEBBC201 
        foreign key (courseCode) 
        references Course
14:17:48,389 DEBUG SQL:104 - 
    alter table Student 
        add constraint FKF3371A1B5679E142 
        foreign key (preferredCourseCode) 
        references Course
14:17:48,389 DEBUG SQL:104 - 
    alter table Student_secretCodes 
        add constraint FKAF3CA7327B5C59E1 
        foreign key (studentNumber) 
        references Student
14:17:48,390  INFO SchemaExport:405 - HHH000230: Schema export complete
14:17:48,391  WARN SessionFactoryImpl:1554 - HHH000008: JTASessionContext being used with JDBCTransactionFactory; auto-flush will not operate correctly with getCurrentSession()
14:17:48,391  INFO CustomRunner:139 - Test: testAliasToBeanDtoLiteralArgList
14:17:48,394 DEBUG SQL:104 - 
    select
        coursemeet_.courseCode,
        coursemeet_.day,
        coursemeet_.period,
        coursemeet_.location 
    from
        CourseMeeting coursemeet_ 
    where
        coursemeet_.courseCode=? 
        and coursemeet_.day=? 
        and coursemeet_.period=? 
        and coursemeet_.location=?
14:17:48,394 DEBUG SQL:104 - 
    select
        coursemeet_.courseCode,
        coursemeet_.day,
        coursemeet_.period,
        coursemeet_.location 
    from
        CourseMeeting coursemeet_ 
    where
        coursemeet_.courseCode=? 
        and coursemeet_.day=? 
        and coursemeet_.period=? 
        and coursemeet_.location=?
14:17:48,395 DEBUG SQL:104 - 
    select
        max(id) 
    from
        Address
14:17:48,398 DEBUG SQL:104 - 
    insert 
    into
        Course
        (description, courseCode) 
    values
        (?, ?)
14:17:48,399 DEBUG BaseGeneralDataRegion:59 - Caching[foo.org.hibernate.cache.spi.UpdateTimestampsCache] : [Course] -> [5579090855522304]
14:17:48,400 DEBUG SQL:104 - 
    insert 
    into
        CourseMeeting
        (courseCode, day, period, location) 
    values
        (?, ?, ?, ?)
14:17:48,400 DEBUG BaseGeneralDataRegion:59 - Caching[foo.org.hibernate.cache.spi.UpdateTimestampsCache] : [CourseMeeting] -> [5579090855526400]
14:17:48,400 DEBUG SQL:104 - 
    insert 
    into
        CourseMeeting
        (courseCode, day, period, location) 
    values
        (?, ?, ?, ?)
14:17:48,400 DEBUG BaseGeneralDataRegion:59 - Caching[foo.org.hibernate.cache.spi.UpdateTimestampsCache] : [CourseMeeting] -> [5579090855526401]
14:17:48,400 DEBUG SQL:104 - 
    insert 
    into
        Student
        (name_first, name_middle, name_last, preferredCourseCode, studentId) 
    values
        (?, ?, ?, ?, ?)
14:17:48,401 DEBUG BaseGeneralDataRegion:59 - Caching[foo.org.hibernate.cache.spi.UpdateTimestampsCache] : [Student] -> [5579090855530496]
14:17:48,401 DEBUG SQL:104 - 
    insert 
    into
        Address
        (addressType, street, city, stateProvince, postalCode, country, studentNumber, id) 
    values
        (?, ?, ?, ?, ?, ?, ?, ?)
14:17:48,401 DEBUG BaseGeneralDataRegion:59 - Caching[foo.org.hibernate.cache.spi.UpdateTimestampsCache] : [Address] -> [5579090855530497]
14:17:48,401 DEBUG SQL:104 - 
    insert 
    into
        Address
        (addressType, street, city, stateProvince, postalCode, country, studentNumber, id) 
    values
        (?, ?, ?, ?, ?, ?, ?, ?)
14:17:48,401 DEBUG BaseGeneralDataRegion:59 - Caching[foo.org.hibernate.cache.spi.UpdateTimestampsCache] : [Address] -> [5579090855530498]
14:17:48,401 DEBUG SQL:104 - 
    insert 
    into
        Student
        (name_first, name_middle, name_last, preferredCourseCode, studentId) 
    values
        (?, ?, ?, ?, ?)
14:17:48,402 DEBUG BaseGeneralDataRegion:59 - Caching[foo.org.hibernate.cache.spi.UpdateTimestampsCache] : [Student] -> [5579090855534592]
14:17:48,402 DEBUG SQL:104 - 
    insert 
    into
        Enrolment
        (semester, "year", studentId, courseCode) 
    values
        (?, ?, ?, ?)
14:17:48,402 DEBUG BaseGeneralDataRegion:59 - Caching[foo.org.hibernate.cache.spi.UpdateTimestampsCache] : [Enrolment] -> [5579090855534593]
14:17:48,402 DEBUG SQL:104 - 
    insert 
    into
        Enrolment
        (semester, "year", studentId, courseCode) 
    values
        (?, ?, ?, ?)
14:17:48,402 DEBUG BaseGeneralDataRegion:59 - Caching[foo.org.hibernate.cache.spi.UpdateTimestampsCache] : [Enrolment] -> [5579090855534594]
14:17:48,402 DEBUG BaseGeneralDataRegion:59 - Caching[foo.org.hibernate.cache.spi.UpdateTimestampsCache] : [CourseMeeting] -> [5579090855534595]
14:17:48,403 DEBUG BaseGeneralDataRegion:59 - Caching[foo.org.hibernate.cache.spi.UpdateTimestampsCache] : [Enrolment] -> [5579090855538688]
14:17:48,403 DEBUG SQL:104 - 
    update
        Address 
    set
        studentNumber=?,
        addressType=? 
    where
        id=?
14:17:48,403 DEBUG SQL:104 - 
    update
        Address 
    set
        studentNumber=?,
        addressType=? 
    where
        id=?
14:17:48,403 DEBUG BaseGeneralDataRegion:59 - Caching[foo.org.hibernate.cache.spi.UpdateTimestampsCache] : [Address] -> [5579090855538689]
14:17:48,403 DEBUG SQL:104 - 
    insert 
    into
        Student_secretCodes
        (studentNumber, i, secretCode) 
    values
        (?, ?, ?)
14:17:48,403 DEBUG BaseGeneralDataRegion:59 - Caching[foo.org.hibernate.cache.spi.UpdateTimestampsCache] : [Student_secretCodes] -> [5579090855538690]
14:17:48,403 DEBUG BaseGeneralDataRegion:59 - Caching[foo.org.hibernate.cache.spi.UpdateTimestampsCache] : [Enrolment] -> [5579090855538691]
14:17:48,404 DEBUG BaseGeneralDataRegion:59 - Caching[foo.org.hibernate.cache.spi.UpdateTimestampsCache] : [Address] -> [5579090855542784]
14:17:48,404 DEBUG SQL:104 - 
    insert 
    into
        Student_secretCodes
        (studentNumber, i, secretCode) 
    values
        (?, ?, ?)
14:17:48,404 DEBUG SQL:104 - 
    insert 
    into
        Student_secretCodes
        (studentNumber, i, secretCode) 
    values
        (?, ?, ?)
14:17:48,404 DEBUG BaseGeneralDataRegion:59 - Caching[foo.org.hibernate.cache.spi.UpdateTimestampsCache] : [Student_secretCodes] -> [5579090855542785]
14:17:48,404 DEBUG BaseGeneralDataRegion:59 - Caching[foo.org.hibernate.cache.spi.UpdateTimestampsCache] : [Student] -> [5579090609782786]
14:17:48,404 DEBUG BaseGeneralDataRegion:59 - Caching[foo.org.hibernate.cache.spi.UpdateTimestampsCache] : [Course] -> [5579090609782786]
14:17:48,404 DEBUG BaseGeneralDataRegion:59 - Caching[foo.org.hibernate.cache.spi.UpdateTimestampsCache] : [Enrolment] -> [5579090609782786]
14:17:48,404 DEBUG BaseGeneralDataRegion:59 - Caching[foo.org.hibernate.cache.spi.UpdateTimestampsCache] : [Student_secretCodes] -> [5579090609782786]
14:17:48,405 DEBUG BaseGeneralDataRegion:59 - Caching[foo.org.hibernate.cache.spi.UpdateTimestampsCache] : [Address] -> [5579090609782786]
14:17:48,405 DEBUG BaseGeneralDataRegion:59 - Caching[foo.org.hibernate.cache.spi.UpdateTimestampsCache] : [CourseMeeting] -> [5579090609782786]
14:17:48,423 DEBUG SQL:104 - 
    select
        st1_.name_first as y0_,
        st1_.name_middle as y1_,
        st1_.name_last as y2_,
        'lame description' as courseDescription 
    from
        Enrolment this_ 
    inner join
        Student st1_ 
            on this_.studentId=st1_.studentId 
    inner join
        Course co2_ 
            on this_.courseCode=co2_.courseCode 
    order by
        this_.studentId asc
14:17:48,425 DEBUG SQL:104 - 
    select
        st1_.name_first as y0_,
        st1_.name_middle as y1_,
        st1_.name_last as y2_,
        'lame description' as courseDescription 
    from
        Enrolment this_ 
    inner join
        Student st1_ 
            on this_.studentId=st1_.studentId 
    inner join
        Course co2_ 
            on this_.courseCode=co2_.courseCode 
    order by
        this_.studentId asc
14:17:48,425 DEBUG SQL:104 - 
    select
        student_.studentId,
        student_.name_first as name2_4_,
        student_.name_middle as name3_4_,
        student_.name_last as name4_4_,
        student_.preferredCourseCode as preferre5_4_ 
    from
        Student student_ 
    where
        student_.studentId=?
14:17:48,426 DEBUG SQL:104 - 
    select
        enrolment_.studentId,
        enrolment_.courseCode,
        enrolment_.semester as semester3_,
        enrolment_."year" as year4_3_ 
    from
        Enrolment enrolment_ 
    where
        enrolment_.studentId=? 
        and enrolment_.courseCode=?
14:17:48,426 DEBUG SQL:104 - 
    select
        course_.courseCode,
        course_.description as descript2_1_ 
    from
        Course course_ 
    where
        course_.courseCode=?
14:17:48,426 DEBUG SQL:104 - 
    select
        student_.studentId,
        student_.name_first as name2_4_,
        student_.name_middle as name3_4_,
        student_.name_last as name4_4_,
        student_.preferredCourseCode as preferre5_4_ 
    from
        Student student_ 
    where
        student_.studentId=?
14:17:48,427 DEBUG SQL:104 - 
    select
        enrolment_.studentId,
        enrolment_.courseCode,
        enrolment_.semester as semester3_,
        enrolment_."year" as year4_3_ 
    from
        Enrolment enrolment_ 
    where
        enrolment_.studentId=? 
        and enrolment_.courseCode=?
14:17:48,427 DEBUG SQL:104 - 
    select
        coursemeet_.courseCode,
        coursemeet_.day,
        coursemeet_.period,
        coursemeet_.location 
    from
        CourseMeeting coursemeet_ 
    where
        coursemeet_.courseCode=? 
        and coursemeet_.day=? 
        and coursemeet_.period=? 
        and coursemeet_.location=?
14:17:48,428 DEBUG SQL:104 - 
    select
        coursemeet_.courseCode,
        coursemeet_.day,
        coursemeet_.period,
        coursemeet_.location 
    from
        CourseMeeting coursemeet_ 
    where
        coursemeet_.courseCode=? 
        and coursemeet_.day=? 
        and coursemeet_.period=? 
        and coursemeet_.location=?
14:17:48,428 DEBUG BaseGeneralDataRegion:59 - Caching[foo.org.hibernate.cache.spi.UpdateTimestampsCache] : [Enrolment] -> [5579090855641088]
14:17:48,429 DEBUG SQL:104 - 
    update
        Address 
    set
        studentNumber=null,
        addressType=null 
    where
        studentNumber=?
14:17:48,429 DEBUG BaseGeneralDataRegion:59 - Caching[foo.org.hibernate.cache.spi.UpdateTimestampsCache] : [Address] -> [5579090855645184]
14:17:48,429 DEBUG SQL:104 - 
    delete 
    from
        Student_secretCodes 
    where
        studentNumber=?
14:17:48,429 DEBUG BaseGeneralDataRegion:59 - Caching[foo.org.hibernate.cache.spi.UpdateTimestampsCache] : [Student_secretCodes] -> [5579090855645185]
14:17:48,429 DEBUG BaseGeneralDataRegion:59 - Caching[foo.org.hibernate.cache.spi.UpdateTimestampsCache] : [Enrolment] -> [5579090855645186]
14:17:48,429 DEBUG BaseGeneralDataRegion:59 - Caching[foo.org.hibernate.cache.spi.UpdateTimestampsCache] : [Address] -> [5579090855645187]
14:17:48,429 DEBUG SQL:104 - 
    delete 
    from
        Student_secretCodes 
    where
        studentNumber=?
14:17:48,430 DEBUG BaseGeneralDataRegion:59 - Caching[foo.org.hibernate.cache.spi.UpdateTimestampsCache] : [Student_secretCodes] -> [5579090855649280]
14:17:48,430 DEBUG BaseGeneralDataRegion:59 - Caching[foo.org.hibernate.cache.spi.UpdateTimestampsCache] : [CourseMeeting] -> [5579090855649281]
14:17:48,430 DEBUG SQL:104 - 
    delete 
    from
        Enrolment 
    where
        studentId=? 
        and courseCode=?
14:17:48,431 DEBUG BaseGeneralDataRegion:59 - Caching[foo.org.hibernate.cache.spi.UpdateTimestampsCache] : [Enrolment] -> [5579090855653376]
14:17:48,431 DEBUG SQL:104 - 
    delete 
    from
        Address 
    where
        id=?
14:17:48,431 DEBUG BaseGeneralDataRegion:59 - Caching[foo.org.hibernate.cache.spi.UpdateTimestampsCache] : [Address] -> [5579090855653377]
14:17:48,431 DEBUG SQL:104 - 
    delete 
    from
        Address 
    where
        id=?
14:17:48,431 DEBUG BaseGeneralDataRegion:59 - Caching[foo.org.hibernate.cache.spi.UpdateTimestampsCache] : [Address] -> [5579090855653378]
14:17:48,431 DEBUG SQL:104 - 
    delete 
    from
        Student 
    where
        studentId=?
14:17:48,431 DEBUG BaseGeneralDataRegion:59 - Caching[foo.org.hibernate.cache.spi.UpdateTimestampsCache] : [Student] -> [5579090855653379]
14:17:48,432 DEBUG SQL:104 - 
    delete 
    from
        Enrolment 
    where
        studentId=? 
        and courseCode=?
14:17:48,432 DEBUG BaseGeneralDataRegion:59 - Caching[foo.org.hibernate.cache.spi.UpdateTimestampsCache] : [Enrolment] -> [5579090855657472]
14:17:48,432 DEBUG SQL:104 - 
    delete 
    from
        Student 
    where
        studentId=?
14:17:48,432 DEBUG BaseGeneralDataRegion:59 - Caching[foo.org.hibernate.cache.spi.UpdateTimestampsCache] : [Student] -> [5579090855657473]
14:17:48,432 DEBUG SQL:104 - 
    delete 
    from
        CourseMeeting 
    where
        courseCode=? 
        and day=? 
        and period=? 
        and location=?
14:17:48,432 DEBUG BaseGeneralDataRegion:59 - Caching[foo.org.hibernate.cache.spi.UpdateTimestampsCache] : [CourseMeeting] -> [5579090855657474]
14:17:48,433 DEBUG SQL:104 - 
    delete 
    from
        CourseMeeting 
    where
        courseCode=? 
        and day=? 
        and period=? 
        and location=?
14:17:48,433 DEBUG BaseGeneralDataRegion:59 - Caching[foo.org.hibernate.cache.spi.UpdateTimestampsCache] : [CourseMeeting] -> [5579090855661568]
14:17:48,433 DEBUG SQL:104 - 
    delete 
    from
        Course 
    where
        courseCode=?
14:17:48,434 DEBUG BaseGeneralDataRegion:59 - Caching[foo.org.hibernate.cache.spi.UpdateTimestampsCache] : [Course] -> [5579090855665664]
14:17:48,434 DEBUG BaseGeneralDataRegion:59 - Caching[foo.org.hibernate.cache.spi.UpdateTimestampsCache] : [Student] -> [5579090609905665]
14:17:48,434 DEBUG BaseGeneralDataRegion:59 - Caching[foo.org.hibernate.cache.spi.UpdateTimestampsCache] : [Course] -> [5579090609905665]
14:17:48,434 DEBUG BaseGeneralDataRegion:59 - Caching[foo.org.hibernate.cache.spi.UpdateTimestampsCache] : [Enrolment] -> [5579090609905665]
14:17:48,434 DEBUG BaseGeneralDataRegion:59 - Caching[foo.org.hibernate.cache.spi.UpdateTimestampsCache] : [Student_secretCodes] -> [5579090609905665]
14:17:48,434 DEBUG BaseGeneralDataRegion:59 - Caching[foo.org.hibernate.cache.spi.UpdateTimestampsCache] : [Address] -> [5579090609905665]
14:17:48,434 DEBUG BaseGeneralDataRegion:59 - Caching[foo.org.hibernate.cache.spi.UpdateTimestampsCache] : [CourseMeeting] -> [5579090609905665]
14:17:48,435  INFO CustomRunner:139 - Test: testAliasToBeanDtoMultiArgList
14:17:48,452 DEBUG SQL:104 - 
    select
        coursemeet_.courseCode,
        coursemeet_.day,
        coursemeet_.period,
        coursemeet_.location 
    from
        CourseMeeting coursemeet_ 
    where
        coursemeet_.courseCode=? 
        and coursemeet_.day=? 
        and coursemeet_.period=? 
        and coursemeet_.location=?
14:17:48,453 DEBUG SQL:104 - 
    select
        coursemeet_.courseCode,
        coursemeet_.day,
        coursemeet_.period,
        coursemeet_.location 
    from
        CourseMeeting coursemeet_ 
    where
        coursemeet_.courseCode=? 
        and coursemeet_.day=? 
        and coursemeet_.period=? 
        and coursemeet_.location=?
14:17:48,454 DEBUG SQL:104 - 
    insert 
    into
        Course
        (description, courseCode) 
    values
        (?, ?)
14:17:48,454 DEBUG BaseGeneralDataRegion:59 - Caching[foo.org.hibernate.cache.spi.UpdateTimestampsCache] : [Course] -> [5579090855747584]
14:17:48,455 DEBUG SQL:104 - 
    insert 
    into
        CourseMeeting
        (courseCode, day, period, location) 
    values
        (?, ?, ?, ?)
14:17:48,455 DEBUG BaseGeneralDataRegion:59 - Caching[foo.org.hibernate.cache.spi.UpdateTimestampsCache] : [CourseMeeting] -> [5579090855751680]
14:17:48,455 DEBUG SQL:104 - 
    insert 
    into
        CourseMeeting
        (courseCode, day, period, location) 
    values
        (?, ?, ?, ?)
14:17:48,455 DEBUG BaseGeneralDataRegion:59 - Caching[foo.org.hibernate.cache.spi.UpdateTimestampsCache] : [CourseMeeting] -> [5579090855751681]
14:17:48,455 DEBUG SQL:104 - 
    insert 
    into
        Student
        (name_first, name_middle, name_last, preferredCourseCode, studentId) 
    values
        (?, ?, ?, ?, ?)
14:17:48,455 DEBUG BaseGeneralDataRegion:59 - Caching[foo.org.hibernate.cache.spi.UpdateTimestampsCache] : [Student] -> [5579090855751682]
14:17:48,455 DEBUG SQL:104 - 
    insert 
    into
        Address
        (addressType, street, city, stateProvince, postalCode, country, studentNumber, id) 
    values
        (?, ?, ?, ?, ?, ?, ?, ?)
14:17:48,456 DEBUG BaseGeneralDataRegion:59 - Caching[foo.org.hibernate.cache.spi.UpdateTimestampsCache] : [Address] -> [5579090855755776]
14:17:48,456 DEBUG SQL:104 - 
    insert 
    into
        Address
        (addressType, street, city, stateProvince, postalCode, country, studentNumber, id) 
    values
        (?, ?, ?, ?, ?, ?, ?, ?)
14:17:48,456 DEBUG BaseGeneralDataRegion:59 - Caching[foo.org.hibernate.cache.spi.UpdateTimestampsCache] : [Address] -> [5579090855755777]
14:17:48,456 DEBUG SQL:104 - 
    insert 
    into
        Student
        (name_first, name_middle, name_last, preferredCourseCode, studentId) 
    values
        (?, ?, ?, ?, ?)
14:17:48,465 DEBUG BaseGeneralDataRegion:59 - Caching[foo.org.hibernate.cache.spi.UpdateTimestampsCache] : [Student] -> [5579090855792640]
14:17:48,465 DEBUG SQL:104 - 
    insert 
    into
        Enrolment
        (semester, "year", studentId, courseCode) 
    values
        (?, ?, ?, ?)
14:17:48,466 DEBUG BaseGeneralDataRegion:59 - Caching[foo.org.hibernate.cache.spi.UpdateTimestampsCache] : [Enrolment] -> [5579090855796736]
14:17:48,466 DEBUG SQL:104 - 
    insert 
    into
        Enrolment
        (semester, "year", studentId, courseCode) 
    values
        (?, ?, ?, ?)
14:17:48,466 DEBUG BaseGeneralDataRegion:59 - Caching[foo.org.hibernate.cache.spi.UpdateTimestampsCache] : [Enrolment] -> [5579090855796737]
14:17:48,466 DEBUG BaseGeneralDataRegion:59 - Caching[foo.org.hibernate.cache.spi.UpdateTimestampsCache] : [CourseMeeting] -> [5579090855796738]
14:17:48,466 DEBUG BaseGeneralDataRegion:59 - Caching[foo.org.hibernate.cache.spi.UpdateTimestampsCache] : [Enrolment] -> [5579090855796739]
14:17:48,466 DEBUG SQL:104 - 
    update
        Address 
    set
        studentNumber=?,
        addressType=? 
    where
        id=?
14:17:48,467 DEBUG SQL:104 - 
    update
        Address 
    set
        studentNumber=?,
        addressType=? 
    where
        id=?
14:17:48,467 DEBUG BaseGeneralDataRegion:59 - Caching[foo.org.hibernate.cache.spi.UpdateTimestampsCache] : [Address] -> [5579090855800832]
14:17:48,467 DEBUG SQL:104 - 
    insert 
    into
        Student_secretCodes
        (studentNumber, i, secretCode) 
    values
        (?, ?, ?)
14:17:48,467 DEBUG BaseGeneralDataRegion:59 - Caching[foo.org.hibernate.cache.spi.UpdateTimestampsCache] : [Student_secretCodes] -> [5579090855800833]
14:17:48,467 DEBUG BaseGeneralDataRegion:59 - Caching[foo.org.hibernate.cache.spi.UpdateTimestampsCache] : [Enrolment] -> [5579090855800834]
14:17:48,467 DEBUG BaseGeneralDataRegion:59 - Caching[foo.org.hibernate.cache.spi.UpdateTimestampsCache] : [Address] -> [5579090855800835]
14:17:48,467 DEBUG SQL:104 - 
    insert 
    into
        Student_secretCodes
        (studentNumber, i, secretCode) 
    values
        (?, ?, ?)
14:17:48,468 DEBUG SQL:104 - 
    insert 
    into
        Student_secretCodes
        (studentNumber, i, secretCode) 
    values
        (?, ?, ?)
14:17:48,468 DEBUG BaseGeneralDataRegion:59 - Caching[foo.org.hibernate.cache.spi.UpdateTimestampsCache] : [Student_secretCodes] -> [5579090855804928]
14:17:48,468 DEBUG BaseGeneralDataRegion:59 - Caching[foo.org.hibernate.cache.spi.UpdateTimestampsCache] : [Student] -> [5579090610044929]
14:17:48,468 DEBUG BaseGeneralDataRegion:59 - Caching[foo.org.hibernate.cache.spi.UpdateTimestampsCache] : [Course] -> [5579090610044929]
14:17:48,468 DEBUG BaseGeneralDataRegion:59 - Caching[foo.org.hibernate.cache.spi.UpdateTimestampsCache] : [Enrolment] -> [5579090610044929]
14:17:48,468 DEBUG BaseGeneralDataRegion:59 - Caching[foo.org.hibernate.cache.spi.UpdateTimestampsCache] : [Student_secretCodes] -> [5579090610044929]
14:17:48,468 DEBUG BaseGeneralDataRegion:59 - Caching[foo.org.hibernate.cache.spi.UpdateTimestampsCache] : [Address] -> [5579090610044929]
14:17:48,468 DEBUG BaseGeneralDataRegion:59 - Caching[foo.org.hibernate.cache.spi.UpdateTimestampsCache] : [CourseMeeting] -> [5579090610044929]
14:17:48,469 DEBUG SQL:104 - 
    select
        st1_.name_first as y0_,
        st1_.name_middle as y1_,
        st1_.name_last as y2_,
        co2_.description as y3_ 
    from
        Enrolment this_ 
    inner join
        Student st1_ 
            on this_.studentId=st1_.studentId 
    inner join
        Course co2_ 
            on this_.courseCode=co2_.courseCode 
    order by
        this_.studentId asc
14:17:48,470 DEBUG SQL:104 - 
    select
        st1_.name_first as y0_,
        st1_.name_middle as y1_,
        st1_.name_last as y2_,
        co2_.description as y3_ 
    from
        Enrolment this_ 
    inner join
        Student st1_ 
            on this_.studentId=st1_.studentId 
    inner join
        Course co2_ 
            on this_.courseCode=co2_.courseCode 
    order by
        this_.studentId asc
14:17:48,471 DEBUG SQL:104 - 
    select
        student_.studentId,
        student_.name_first as name2_4_,
        student_.name_middle as name3_4_,
        student_.name_last as name4_4_,
        student_.preferredCourseCode as preferre5_4_ 
    from
        Student student_ 
    where
        student_.studentId=?
14:17:48,471 DEBUG SQL:104 - 
    select
        enrolment_.studentId,
        enrolment_.courseCode,
        enrolment_.semester as semester3_,
        enrolment_."year" as year4_3_ 
    from
        Enrolment enrolment_ 
    where
        enrolment_.studentId=? 
        and enrolment_.courseCode=?
14:17:48,472 DEBUG SQL:104 - 
    select
        course_.courseCode,
        course_.description as descript2_1_ 
    from
        Course course_ 
    where
        course_.courseCode=?
14:17:48,473 DEBUG SQL:104 - 
    select
        student_.studentId,
        student_.name_first as name2_4_,
        student_.name_middle as name3_4_,
        student_.name_last as name4_4_,
        student_.preferredCourseCode as preferre5_4_ 
    from
        Student student_ 
    where
        student_.studentId=?
14:17:48,475 DEBUG SQL:104 - 
    select
        enrolment_.studentId,
        enrolment_.courseCode,
        enrolment_.semester as semester3_,
        enrolment_."year" as year4_3_ 
    from
        Enrolment enrolment_ 
    where
        enrolment_.studentId=? 
        and enrolment_.courseCode=?
14:17:48,476 DEBUG SQL:104 - 
    select
        coursemeet_.courseCode,
        coursemeet_.day,
        coursemeet_.period,
        coursemeet_.location 
    from
        CourseMeeting coursemeet_ 
    where
        coursemeet_.courseCode=? 
        and coursemeet_.day=? 
        and coursemeet_.period=? 
        and coursemeet_.location=?
14:17:48,477 DEBUG SQL:104 - 
    select
        coursemeet_.courseCode,
        coursemeet_.day,
        coursemeet_.period,
        coursemeet_.location 
    from
        CourseMeeting coursemeet_ 
    where
        coursemeet_.courseCode=? 
        and coursemeet_.day=? 
        and coursemeet_.period=? 
        and coursemeet_.location=?
14:17:48,478 DEBUG BaseGeneralDataRegion:59 - Caching[foo.org.hibernate.cache.spi.UpdateTimestampsCache] : [Enrolment] -> [5579090855845888]
14:17:48,478 DEBUG SQL:104 - 
    update
        Address 
    set
        studentNumber=null,
        addressType=null 
    where
        studentNumber=?
14:17:48,478 DEBUG BaseGeneralDataRegion:59 - Caching[foo.org.hibernate.cache.spi.UpdateTimestampsCache] : [Address] -> [5579090855845889]
14:17:48,478 DEBUG SQL:104 - 
    delete 
    from
        Student_secretCodes 
    where
        studentNumber=?
14:17:48,479 DEBUG BaseGeneralDataRegion:59 - Caching[foo.org.hibernate.cache.spi.UpdateTimestampsCache] : [Student_secretCodes] -> [5579090855849984]
14:17:48,479 DEBUG BaseGeneralDataRegion:59 - Caching[foo.org.hibernate.cache.spi.UpdateTimestampsCache] : [Enrolment] -> [5579090855849985]
14:17:48,479 DEBUG BaseGeneralDataRegion:59 - Caching[foo.org.hibernate.cache.spi.UpdateTimestampsCache] : [Address] -> [5579090855849986]
14:17:48,479 DEBUG SQL:104 - 
    delete 
    from
        Student_secretCodes 
    where
        studentNumber=?
14:17:48,479 DEBUG BaseGeneralDataRegion:59 - Caching[foo.org.hibernate.cache.spi.UpdateTimestampsCache] : [Student_secretCodes] -> [5579090855849987]
14:17:48,479 DEBUG BaseGeneralDataRegion:59 - Caching[foo.org.hibernate.cache.spi.UpdateTimestampsCache] : [CourseMeeting] -> [5579090855849988]
14:17:48,479 DEBUG SQL:104 - 
    delete 
    from
        Enrolment 
    where
        studentId=? 
        and courseCode=?
14:17:48,480 DEBUG BaseGeneralDataRegion:59 - Caching[foo.org.hibernate.cache.spi.UpdateTimestampsCache] : [Enrolment] -> [5579090855854080]
14:17:48,480 DEBUG SQL:104 - 
    delete 
    from
        Address 
    where
        id=?
14:17:48,480 DEBUG BaseGeneralDataRegion:59 - Caching[foo.org.hibernate.cache.spi.UpdateTimestampsCache] : [Address] -> [5579090855854081]
14:17:48,480 DEBUG SQL:104 - 
    delete 
    from
        Address 
    where
        id=?
14:17:48,480 DEBUG BaseGeneralDataRegion:59 - Caching[foo.org.hibernate.cache.spi.UpdateTimestampsCache] : [Address] -> [5579090855854082]
14:17:48,480 DEBUG SQL:104 - 
    delete 
    from
        Student 
    where
        studentId=?
14:17:48,480 DEBUG BaseGeneralDataRegion:59 - Caching[foo.org.hibernate.cache.spi.UpdateTimestampsCache] : [Student] -> [5579090855854083]
14:17:48,480 DEBUG SQL:104 - 
    delete 
    from
        Enrolment 
    where
        studentId=? 
        and courseCode=?
14:17:48,481 DEBUG BaseGeneralDataRegion:59 - Caching[foo.org.hibernate.cache.spi.UpdateTimestampsCache] : [Enrolment] -> [5579090855858176]
14:17:48,481 DEBUG SQL:104 - 
    delete 
    from
        Student 
    where
        studentId=?
14:17:48,481 DEBUG BaseGeneralDataRegion:59 - Caching[foo.org.hibernate.cache.spi.UpdateTimestampsCache] : [Student] -> [5579090855858177]
14:17:48,481 DEBUG SQL:104 - 
    delete 
    from
        CourseMeeting 
    where
        courseCode=? 
        and day=? 
        and period=? 
        and location=?
14:17:48,481 DEBUG BaseGeneralDataRegion:59 - Caching[foo.org.hibernate.cache.spi.UpdateTimestampsCache] : [CourseMeeting] -> [5579090855858178]
14:17:48,481 DEBUG SQL:104 - 
    delete 
    from
        CourseMeeting 
    where
        courseCode=? 
        and day=? 
        and period=? 
        and location=?
14:17:48,486 DEBUG BaseGeneralDataRegion:59 - Caching[foo.org.hibernate.cache.spi.UpdateTimestampsCache] : [CourseMeeting] -> [5579090855878656]
14:17:48,486 DEBUG SQL:104 - 
    delete 
    from
        Course 
    where
        courseCode=?
14:17:48,486 DEBUG BaseGeneralDataRegion:59 - Caching[foo.org.hibernate.cache.spi.UpdateTimestampsCache] : [Course] -> [5579090855878657]
14:17:48,486 DEBUG BaseGeneralDataRegion:59 - Caching[foo.org.hibernate.cache.spi.UpdateTimestampsCache] : [Student] -> [5579090610118658]
14:17:48,487 DEBUG BaseGeneralDataRegion:59 - Caching[foo.org.hibernate.cache.spi.UpdateTimestampsCache] : [Course] -> [5579090610118658]
14:17:48,487 DEBUG BaseGeneralDataRegion:59 - Caching[foo.org.hibernate.cache.spi.UpdateTimestampsCache] : [Enrolment] -> [5579090610118658]
14:17:48,487 DEBUG BaseGeneralDataRegion:59 - Caching[foo.org.hibernate.cache.spi.UpdateTimestampsCache] : [Student_secretCodes] -> [5579090610118658]
14:17:48,487 DEBUG BaseGeneralDataRegion:59 - Caching[foo.org.hibernate.cache.spi.UpdateTimestampsCache] : [Address] -> [5579090610118658]
14:17:48,487 DEBUG BaseGeneralDataRegion:59 - Caching[foo.org.hibernate.cache.spi.UpdateTimestampsCache] : [CourseMeeting] -> [5579090610118658]
14:17:48,488  INFO CustomRunner:139 - Test: testAliasToBeanDtoOneArgList
14:17:48,490 DEBUG SQL:104 - 
    select
        coursemeet_.courseCode,
        coursemeet_.day,
        coursemeet_.period,
        coursemeet_.location 
    from
        CourseMeeting coursemeet_ 
    where
        coursemeet_.courseCode=? 
        and coursemeet_.day=? 
        and coursemeet_.period=? 
        and coursemeet_.location=?
14:17:48,496 DEBUG SQL:104 - 
    select
        coursemeet_.courseCode,
        coursemeet_.day,
        coursemeet_.period,
        coursemeet_.location 
    from
        CourseMeeting coursemeet_ 
    where
        coursemeet_.courseCode=? 
        and coursemeet_.day=? 
        and coursemeet_.period=? 
        and coursemeet_.location=?
14:17:48,497 DEBUG SQL:104 - 
    insert 
    into
        Course
        (description, courseCode) 
    values
        (?, ?)
14:17:48,498 DEBUG BaseGeneralDataRegion:59 - Caching[foo.org.hibernate.cache.spi.UpdateTimestampsCache] : [Course] -> [5579090855927808]
14:17:48,498 DEBUG SQL:104 - 
    insert 
    into
        CourseMeeting
        (courseCode, day, period, location) 
    values
        (?, ?, ?, ?)
14:17:48,506 DEBUG BaseGeneralDataRegion:59 - Caching[foo.org.hibernate.cache.spi.UpdateTimestampsCache] : [CourseMeeting] -> [5579090855960576]
14:17:48,506 DEBUG SQL:104 - 
    insert 
    into
        CourseMeeting
        (courseCode, day, period, location) 
    values
        (?, ?, ?, ?)
14:17:48,507 DEBUG BaseGeneralDataRegion:59 - Caching[foo.org.hibernate.cache.spi.UpdateTimestampsCache] : [CourseMeeting] -> [5579090855964672]
14:17:48,507 DEBUG SQL:104 - 
    insert 
    into
        Student
        (name_first, name_middle, name_last, preferredCourseCode, studentId) 
    values
        (?, ?, ?, ?, ?)
14:17:48,507 DEBUG BaseGeneralDataRegion:59 - Caching[foo.org.hibernate.cache.spi.UpdateTimestampsCache] : [Student] -> [5579090855964673]
14:17:48,507 DEBUG SQL:104 - 
    insert 
    into
        Address
        (addressType, street, city, stateProvince, postalCode, country, studentNumber, id) 
    values
        (?, ?, ?, ?, ?, ?, ?, ?)
14:17:48,507 DEBUG BaseGeneralDataRegion:59 - Caching[foo.org.hibernate.cache.spi.UpdateTimestampsCache] : [Address] -> [5579090855964674]
14:17:48,507 DEBUG SQL:104 - 
    insert 
    into
        Address
        (addressType, street, city, stateProvince, postalCode, country, studentNumber, id) 
    values
        (?, ?, ?, ?, ?, ?, ?, ?)
14:17:48,517 DEBUG BaseGeneralDataRegion:59 - Caching[foo.org.hibernate.cache.spi.UpdateTimestampsCache] : [Address] -> [5579090856005632]
14:17:48,518 DEBUG SQL:104 - 
    insert 
    into
        Student
        (name_first, name_middle, name_last, preferredCourseCode, studentId) 
    values
        (?, ?, ?, ?, ?)
14:17:48,518 DEBUG BaseGeneralDataRegion:59 - Caching[foo.org.hibernate.cache.spi.UpdateTimestampsCache] : [Student] -> [5579090856009728]
14:17:48,518 DEBUG SQL:104 - 
    insert 
    into
        Enrolment
        (semester, "year", studentId, courseCode) 
    values
        (?, ?, ?, ?)
14:17:48,518 DEBUG BaseGeneralDataRegion:59 - Caching[foo.org.hibernate.cache.spi.UpdateTimestampsCache] : [Enrolment] -> [5579090856009729]
14:17:48,518 DEBUG SQL:104 - 
    insert 
    into
        Enrolment
        (semester, "year", studentId, courseCode) 
    values
        (?, ?, ?, ?)
14:17:48,519 DEBUG BaseGeneralDataRegion:59 - Caching[foo.org.hibernate.cache.spi.UpdateTimestampsCache] : [Enrolment] -> [5579090856013824]
14:17:48,519 DEBUG BaseGeneralDataRegion:59 - Caching[foo.org.hibernate.cache.spi.UpdateTimestampsCache] : [CourseMeeting] -> [5579090856013825]
14:17:48,528 DEBUG BaseGeneralDataRegion:59 - Caching[foo.org.hibernate.cache.spi.UpdateTimestampsCache] : [Enrolment] -> [5579090856050688]
14:17:48,528 DEBUG SQL:104 - 
    update
        Address 
    set
        studentNumber=?,
        addressType=? 
    where
        id=?
14:17:48,528 DEBUG SQL:104 - 
    update
        Address 
    set
        studentNumber=?,
        addressType=? 
    where
        id=?
14:17:48,529 DEBUG BaseGeneralDataRegion:59 - Caching[foo.org.hibernate.cache.spi.UpdateTimestampsCache] : [Address] -> [5579090856050689]
14:17:48,529 DEBUG SQL:104 - 
    insert 
    into
        Student_secretCodes
        (studentNumber, i, secretCode) 
    values
        (?, ?, ?)
14:17:48,529 DEBUG BaseGeneralDataRegion:59 - Caching[foo.org.hibernate.cache.spi.UpdateTimestampsCache] : [Student_secretCodes] -> [5579090856054784]
14:17:48,529 DEBUG BaseGeneralDataRegion:59 - Caching[foo.org.hibernate.cache.spi.UpdateTimestampsCache] : [Enrolment] -> [5579090856054785]
14:17:48,529 DEBUG BaseGeneralDataRegion:59 - Caching[foo.org.hibernate.cache.spi.UpdateTimestampsCache] : [Address] -> [5579090856054786]
14:17:48,529 DEBUG SQL:104 - 
    insert 
    into
        Student_secretCodes
        (studentNumber, i, secretCode) 
    values
        (?, ?, ?)
14:17:48,542 DEBUG SQL:104 - 
    insert 
    into
        Student_secretCodes
        (studentNumber, i, secretCode) 
    values
        (?, ?, ?)
14:17:48,542 DEBUG BaseGeneralDataRegion:59 - Caching[foo.org.hibernate.cache.spi.UpdateTimestampsCache] : [Student_secretCodes] -> [5579090856108032]
14:17:48,542 DEBUG BaseGeneralDataRegion:59 - Caching[foo.org.hibernate.cache.spi.UpdateTimestampsCache] : [Student] -> [5579090610348033]
14:17:48,543 DEBUG BaseGeneralDataRegion:59 - Caching[foo.org.hibernate.cache.spi.UpdateTimestampsCache] : [Course] -> [5579090610348033]
14:17:48,543 DEBUG BaseGeneralDataRegion:59 - Caching[foo.org.hibernate.cache.spi.UpdateTimestampsCache] : [Enrolment] -> [5579090610348033]
14:17:48,543 DEBUG BaseGeneralDataRegion:59 - Caching[foo.org.hibernate.cache.spi.UpdateTimestampsCache] : [Student_secretCodes] -> [5579090610348033]
14:17:48,543 DEBUG BaseGeneralDataRegion:59 - Caching[foo.org.hibernate.cache.spi.UpdateTimestampsCache] : [Address] -> [5579090610348033]
14:17:48,543 DEBUG BaseGeneralDataRegion:59 - Caching[foo.org.hibernate.cache.spi.UpdateTimestampsCache] : [CourseMeeting] -> [5579090610348033]
14:17:48,543 DEBUG SQL:104 - 
    select
        st1_.name_first as y0_,
        st1_.name_middle as y1_,
        st1_.name_last as y2_ 
    from
        Enrolment this_ 
    inner join
        Student st1_ 
            on this_.studentId=st1_.studentId 
    inner join
        Course co2_ 
            on this_.courseCode=co2_.courseCode 
    order by
        st1_.studentId asc
14:17:48,544 DEBUG SQL:104 - 
    select
        st1_.name_first as y0_,
        st1_.name_middle as y1_,
        st1_.name_last as y2_ 
    from
        Enrolment this_ 
    inner join
        Student st1_ 
            on this_.studentId=st1_.studentId 
    inner join
        Course co2_ 
            on this_.courseCode=co2_.courseCode 
    order by
        st1_.studentId asc
14:17:48,545 DEBUG SQL:104 - 
    select
        student_.studentId,
        student_.name_first as name2_4_,
        student_.name_middle as name3_4_,
        student_.name_last as name4_4_,
        student_.preferredCourseCode as preferre5_4_ 
    from
        Student student_ 
    where
        student_.studentId=?
14:17:48,556 DEBUG SQL:104 - 
    select
        enrolment_.studentId,
        enrolment_.courseCode,
        enrolment_.semester as semester3_,
        enrolment_."year" as year4_3_ 
    from
        Enrolment enrolment_ 
    where
        enrolment_.studentId=? 
        and enrolment_.courseCode=?
14:17:48,556 DEBUG SQL:104 - 
    select
        course_.courseCode,
        course_.description as descript2_1_ 
    from
        Course course_ 
    where
        course_.courseCode=?
14:17:48,557 DEBUG SQL:104 - 
    select
        student_.studentId,
        student_.name_first as name2_4_,
        student_.name_middle as name3_4_,
        student_.name_last as name4_4_,
        student_.preferredCourseCode as preferre5_4_ 
    from
        Student student_ 
    where
        student_.studentId=?
14:17:48,566 DEBUG SQL:104 - 
    select
        enrolment_.studentId,
        enrolment_.courseCode,
        enrolment_.semester as semester3_,
        enrolment_."year" as year4_3_ 
    from
        Enrolment enrolment_ 
    where
        enrolment_.studentId=? 
        and enrolment_.courseCode=?
14:17:48,566 DEBUG SQL:104 - 
    select
        coursemeet_.courseCode,
        coursemeet_.day,
        coursemeet_.period,
        coursemeet_.location 
    from
        CourseMeeting coursemeet_ 
    where
        coursemeet_.courseCode=? 
        and coursemeet_.day=? 
        and coursemeet_.period=? 
        and coursemeet_.location=?
14:17:48,567 DEBUG SQL:104 - 
    select
        coursemeet_.courseCode,
        coursemeet_.day,
        coursemeet_.period,
        coursemeet_.location 
    from
        CourseMeeting coursemeet_ 
    where
        coursemeet_.courseCode=? 
        and coursemeet_.day=? 
        and coursemeet_.period=? 
        and coursemeet_.location=?
14:17:48,567 DEBUG BaseGeneralDataRegion:59 - Caching[foo.org.hibernate.cache.spi.UpdateTimestampsCache] : [Enrolment] -> [5579090856210432]
14:17:48,567 DEBUG SQL:104 - 
    update
        Address 
    set
        studentNumber=null,
        addressType=null 
    where
        studentNumber=?
14:17:48,589 DEBUG BaseGeneralDataRegion:59 - Caching[foo.org.hibernate.cache.spi.UpdateTimestampsCache] : [Address] -> [5579090856300544]
14:17:48,589 DEBUG SQL:104 - 
    delete 
    from
        Student_secretCodes 
    where
        studentNumber=?
14:17:48,590 DEBUG BaseGeneralDataRegion:59 - Caching[foo.org.hibernate.cache.spi.UpdateTimestampsCache] : [Student_secretCodes] -> [5579090856304640]
14:17:48,590 DEBUG BaseGeneralDataRegion:59 - Caching[foo.org.hibernate.cache.spi.UpdateTimestampsCache] : [Enrolment] -> [5579090856304641]
14:17:48,590 DEBUG BaseGeneralDataRegion:59 - Caching[foo.org.hibernate.cache.spi.UpdateTimestampsCache] : [Address] -> [5579090856304642]
14:17:48,590 DEBUG SQL:104 - 
    delete 
    from
        Student_secretCodes 
    where
        studentNumber=?
14:17:48,590 DEBUG BaseGeneralDataRegion:59 - Caching[foo.org.hibernate.cache.spi.UpdateTimestampsCache] : [Student_secretCodes] -> [5579090856304643]
14:17:48,590 DEBUG BaseGeneralDataRegion:59 - Caching[foo.org.hibernate.cache.spi.UpdateTimestampsCache] : [CourseMeeting] -> [5579090856304644]
14:17:48,590 DEBUG SQL:104 - 
    delete 
    from
        Enrolment 
    where
        studentId=? 
        and courseCode=?
14:17:48,591 DEBUG BaseGeneralDataRegion:59 - Caching[foo.org.hibernate.cache.spi.UpdateTimestampsCache] : [Enrolment] -> [5579090856308736]
14:17:48,591 DEBUG SQL:104 - 
    delete 
    from
        Address 
    where
        id=?
14:17:48,599 DEBUG BaseGeneralDataRegion:59 - Caching[foo.org.hibernate.cache.spi.UpdateTimestampsCache] : [Address] -> [5579090856341504]
14:17:48,599 DEBUG SQL:104 - 
    delete 
    from
        Address 
    where
        id=?
14:17:48,599 DEBUG BaseGeneralDataRegion:59 - Caching[foo.org.hibernate.cache.spi.UpdateTimestampsCache] : [Address] -> [5579090856341505]
14:17:48,600 DEBUG SQL:104 - 
    delete 
    from
        Student 
    where
        studentId=?
14:17:48,600 DEBUG BaseGeneralDataRegion:59 - Caching[foo.org.hibernate.cache.spi.UpdateTimestampsCache] : [Student] -> [5579090856345600]
14:17:48,600 DEBUG SQL:104 - 
    delete 
    from
        Enrolment 
    where
        studentId=? 
        and courseCode=?
14:17:48,600 DEBUG BaseGeneralDataRegion:59 - Caching[foo.org.hibernate.cache.spi.UpdateTimestampsCache] : [Enrolment] -> [5579090856345601]
14:17:48,600 DEBUG SQL:104 - 
    delete 
    from
        Student 
    where
        studentId=?
14:17:48,610 DEBUG BaseGeneralDataRegion:59 - Caching[foo.org.hibernate.cache.spi.UpdateTimestampsCache] : [Student] -> [5579090856386560]
14:17:48,610 DEBUG SQL:104 - 
    delete 
    from
        CourseMeeting 
    where
        courseCode=? 
        and day=? 
        and period=? 
        and location=?
14:17:48,611 DEBUG BaseGeneralDataRegion:59 - Caching[foo.org.hibernate.cache.spi.UpdateTimestampsCache] : [CourseMeeting] -> [5579090856390656]
14:17:48,611 DEBUG SQL:104 - 
    delete 
    from
        CourseMeeting 
    where
        courseCode=? 
        and day=? 
        and period=? 
        and location=?
14:17:48,611 DEBUG BaseGeneralDataRegion:59 - Caching[foo.org.hibernate.cache.spi.UpdateTimestampsCache] : [CourseMeeting] -> [5579090856390657]
14:17:48,611 DEBUG SQL:104 - 
    delete 
    from
        Course 
    where
        courseCode=?
14:17:48,611 DEBUG BaseGeneralDataRegion:59 - Caching[foo.org.hibernate.cache.spi.UpdateTimestampsCache] : [Course] -> [5579090856390658]
14:17:48,621 DEBUG BaseGeneralDataRegion:59 - Caching[foo.org.hibernate.cache.spi.UpdateTimestampsCache] : [Student] -> [5579090610671616]
14:17:48,621 DEBUG BaseGeneralDataRegion:59 - Caching[foo.org.hibernate.cache.spi.UpdateTimestampsCache] : [Course] -> [5579090610671616]
14:17:48,621 DEBUG BaseGeneralDataRegion:59 - Caching[foo.org.hibernate.cache.spi.UpdateTimestampsCache] : [Enrolment] -> [5579090610671616]
14:17:48,621 DEBUG BaseGeneralDataRegion:59 - Caching[foo.org.hibernate.cache.spi.UpdateTimestampsCache] : [Student_secretCodes] -> [5579090610671616]
14:17:48,621 DEBUG BaseGeneralDataRegion:59 - Caching[foo.org.hibernate.cache.spi.UpdateTimestampsCache] : [Address] -> [5579090610671616]
14:17:48,621 DEBUG BaseGeneralDataRegion:59 - Caching[foo.org.hibernate.cache.spi.UpdateTimestampsCache] : [CourseMeeting] -> [5579090610671616]
14:17:48,622  INFO CustomRunner:139 - Test: testAliasToBeanDtoWithNullAliasList
14:17:48,624 DEBUG SQL:104 - 
    select
        coursemeet_.courseCode,
        coursemeet_.day,
        coursemeet_.period,
        coursemeet_.location 
    from
        CourseMeeting coursemeet_ 
    where
        coursemeet_.courseCode=? 
        and coursemeet_.day=? 
        and coursemeet_.period=? 
        and coursemeet_.location=?
14:17:48,625 DEBUG SQL:104 - 
    select
        coursemeet_.courseCode,
        coursemeet_.day,
        coursemeet_.period,
        coursemeet_.location 
    from
        CourseMeeting coursemeet_ 
    where
        coursemeet_.courseCode=? 
        and coursemeet_.day=? 
        and coursemeet_.period=? 
        and coursemeet_.location=?
14:17:48,634 DEBUG SQL:104 - 
    insert 
    into
        Course
        (description, courseCode) 
    values
        (?, ?)
14:17:48,634 DEBUG BaseGeneralDataRegion:59 - Caching[foo.org.hibernate.cache.spi.UpdateTimestampsCache] : [Course] -> [5579090856484864]
14:17:48,634 DEBUG SQL:104 - 
    insert 
    into
        CourseMeeting
        (courseCode, day, period, location) 
    values
        (?, ?, ?, ?)
14:17:48,635 DEBUG BaseGeneralDataRegion:59 - Caching[foo.org.hibernate.cache.spi.UpdateTimestampsCache] : [CourseMeeting] -> [5579090856488960]
14:17:48,635 DEBUG SQL:104 - 
    insert 
    into
        CourseMeeting
        (courseCode, day, period, location) 
    values
        (?, ?, ?, ?)
14:17:48,635 DEBUG BaseGeneralDataRegion:59 - Caching[foo.org.hibernate.cache.spi.UpdateTimestampsCache] : [CourseMeeting] -> [5579090856488961]
14:17:48,635 DEBUG SQL:104 - 
    insert 
    into
        Student
        (name_first, name_middle, name_last, preferredCourseCode, studentId) 
    values
        (?, ?, ?, ?, ?)
14:17:48,643 DEBUG BaseGeneralDataRegion:59 - Caching[foo.org.hibernate.cache.spi.UpdateTimestampsCache] : [Student] -> [5579090856521728]
14:17:48,643 DEBUG SQL:104 - 
    insert 
    into
        Address
        (addressType, street, city, stateProvince, postalCode, country, studentNumber, id) 
    values
        (?, ?, ?, ?, ?, ?, ?, ?)
14:17:48,643 DEBUG BaseGeneralDataRegion:59 - Caching[foo.org.hibernate.cache.spi.UpdateTimestampsCache] : [Address] -> [5579090856521729]
14:17:48,643 DEBUG SQL:104 - 
    insert 
    into
        Address
        (addressType, street, city, stateProvince, postalCode, country, studentNumber, id) 
    values
        (?, ?, ?, ?, ?, ?, ?, ?)
14:17:48,644 DEBUG BaseGeneralDataRegion:59 - Caching[foo.org.hibernate.cache.spi.UpdateTimestampsCache] : [Address] -> [5579090856525824]
14:17:48,644 DEBUG SQL:104 - 
    insert 
    into
        Student
        (name_first, name_middle, name_last, preferredCourseCode, studentId) 
    values
        (?, ?, ?, ?, ?)
14:17:48,652 DEBUG BaseGeneralDataRegion:59 - Caching[foo.org.hibernate.cache.spi.UpdateTimestampsCache] : [Student] -> [5579090856558592]
14:17:48,653 DEBUG SQL:104 - 
    insert 
    into
        Enrolment
        (semester, "year", studentId, courseCode) 
    values
        (?, ?, ?, ?)
14:17:48,653 DEBUG BaseGeneralDataRegion:59 - Caching[foo.org.hibernate.cache.spi.UpdateTimestampsCache] : [Enrolment] -> [5579090856562688]
14:17:48,653 DEBUG SQL:104 - 
    insert 
    into
        Enrolment
        (semester, "year", studentId, courseCode) 
    values
        (?, ?, ?, ?)
14:17:48,653 DEBUG BaseGeneralDataRegion:59 - Caching[foo.org.hibernate.cache.spi.UpdateTimestampsCache] : [Enrolment] -> [5579090856562689]
14:17:48,653 DEBUG BaseGeneralDataRegion:59 - Caching[foo.org.hibernate.cache.spi.UpdateTimestampsCache] : [CourseMeeting] -> [5579090856562690]
14:17:48,653 DEBUG BaseGeneralDataRegion:59 - Caching[foo.org.hibernate.cache.spi.UpdateTimestampsCache] : [Enrolment] -> [5579090856562691]
14:17:48,654 DEBUG SQL:104 - 
    update
        Address 
    set
        studentNumber=?,
        addressType=? 
    where
        id=?
14:17:48,654 DEBUG SQL:104 - 
    update
        Address 
    set
        studentNumber=?,
        addressType=? 
    where
        id=?
14:17:48,663 DEBUG BaseGeneralDataRegion:59 - Caching[foo.org.hibernate.cache.spi.UpdateTimestampsCache] : [Address] -> [5579090856603648]
14:17:48,663 DEBUG SQL:104 - 
    insert 
    into
        Student_secretCodes
        (studentNumber, i, secretCode) 
    values
        (?, ?, ?)
14:17:48,664 DEBUG BaseGeneralDataRegion:59 - Caching[foo.org.hibernate.cache.spi.UpdateTimestampsCache] : [Student_secretCodes] -> [5579090856607744]
14:17:48,664 DEBUG BaseGeneralDataRegion:59 - Caching[foo.org.hibernate.cache.spi.UpdateTimestampsCache] : [Enrolment] -> [5579090856607745]
14:17:48,664 DEBUG BaseGeneralDataRegion:59 - Caching[foo.org.hibernate.cache.spi.UpdateTimestampsCache] : [Address] -> [5579090856607746]
14:17:48,664 DEBUG SQL:104 - 
    insert 
    into
        Student_secretCodes
        (studentNumber, i, secretCode) 
    values
        (?, ?, ?)
14:17:48,664 DEBUG SQL:104 - 
    insert 
    into
        Student_secretCodes
        (studentNumber, i, secretCode) 
    values
        (?, ?, ?)
14:17:48,673 DEBUG BaseGeneralDataRegion:59 - Caching[foo.org.hibernate.cache.spi.UpdateTimestampsCache] : [Student_secretCodes] -> [5579090856644608]
14:17:48,673 DEBUG BaseGeneralDataRegion:59 - Caching[foo.org.hibernate.cache.spi.UpdateTimestampsCache] : [Student] -> [5579090610884609]
14:17:48,673 DEBUG BaseGeneralDataRegion:59 - Caching[foo.org.hibernate.cache.spi.UpdateTimestampsCache] : [Course] -> [5579090610884609]
14:17:48,674 DEBUG BaseGeneralDataRegion:59 - Caching[foo.org.hibernate.cache.spi.UpdateTimestampsCache] : [Enrolment] -> [5579090610884609]
14:17:48,674 DEBUG BaseGeneralDataRegion:59 - Caching[foo.org.hibernate.cache.spi.UpdateTimestampsCache] : [Student_secretCodes] -> [5579090610884609]
14:17:48,674 DEBUG BaseGeneralDataRegion:59 - Caching[foo.org.hibernate.cache.spi.UpdateTimestampsCache] : [Address] -> [5579090610884609]
14:17:48,674 DEBUG BaseGeneralDataRegion:59 - Caching[foo.org.hibernate.cache.spi.UpdateTimestampsCache] : [CourseMeeting] -> [5579090610884609]
14:17:48,675 DEBUG SQL:104 - 
    select
        st1_.name_first as y0_,
        st1_.name_middle as y1_,
        st1_.name_last as y2_,
        st1_.studentId as y3_,
        co2_.description as y4_ 
    from
        Enrolment this_ 
    inner join
        Student st1_ 
            on this_.studentId=st1_.studentId 
    inner join
        Course co2_ 
            on this_.courseCode=co2_.courseCode 
    order by
        this_.studentId asc
14:17:48,676 DEBUG SQL:104 - 
    select
        st1_.name_first as y0_,
        st1_.name_middle as y1_,
        st1_.name_last as y2_,
        st1_.studentId as y3_,
        co2_.description as y4_ 
    from
        Enrolment this_ 
    inner join
        Student st1_ 
            on this_.studentId=st1_.studentId 
    inner join
        Course co2_ 
            on this_.courseCode=co2_.courseCode 
    order by
        this_.studentId asc
14:17:48,677 DEBUG SQL:104 - 
    select
        student_.studentId,
        student_.name_first as name2_4_,
        student_.name_middle as name3_4_,
        student_.name_last as name4_4_,
        student_.preferredCourseCode as preferre5_4_ 
    from
        Student student_ 
    where
        student_.studentId=?
14:17:48,677 DEBUG SQL:104 - 
    select
        enrolment_.studentId,
        enrolment_.courseCode,
        enrolment_.semester as semester3_,
        enrolment_."year" as year4_3_ 
    from
        Enrolment enrolment_ 
    where
        enrolment_.studentId=? 
        and enrolment_.courseCode=?
14:17:48,687 DEBUG SQL:104 - 
    select
        course_.courseCode,
        course_.description as descript2_1_ 
    from
        Course course_ 
    where
        course_.courseCode=?
14:17:48,687 DEBUG SQL:104 - 
    select
        student_.studentId,
        student_.name_first as name2_4_,
        student_.name_middle as name3_4_,
        student_.name_last as name4_4_,
        student_.preferredCourseCode as preferre5_4_ 
    from
        Student student_ 
    where
        student_.studentId=?
14:17:48,688 DEBUG SQL:104 - 
    select
        enrolment_.studentId,
        enrolment_.courseCode,
        enrolment_.semester as semester3_,
        enrolment_."year" as year4_3_ 
    from
        Enrolment enrolment_ 
    where
        enrolment_.studentId=? 
        and enrolment_.courseCode=?
14:17:48,697 DEBUG SQL:104 - 
    select
        coursemeet_.courseCode,
        coursemeet_.day,
        coursemeet_.period,
        coursemeet_.location 
    from
        CourseMeeting coursemeet_ 
    where
        coursemeet_.courseCode=? 
        and coursemeet_.day=? 
        and coursemeet_.period=? 
        and coursemeet_.location=?
14:17:48,697 DEBUG SQL:104 - 
    select
        coursemeet_.courseCode,
        coursemeet_.day,
        coursemeet_.period,
        coursemeet_.location 
    from
        CourseMeeting coursemeet_ 
    where
        coursemeet_.courseCode=? 
        and coursemeet_.day=? 
        and coursemeet_.period=? 
        and coursemeet_.location=?
14:17:48,698 DEBUG BaseGeneralDataRegion:59 - Caching[foo.org.hibernate.cache.spi.UpdateTimestampsCache] : [Enrolment] -> [5579090856747008]
14:17:48,698 DEBUG SQL:104 - 
    update
        Address 
    set
        studentNumber=null,
        addressType=null 
    where
        studentNumber=?
14:17:48,698 DEBUG BaseGeneralDataRegion:59 - Caching[foo.org.hibernate.cache.spi.UpdateTimestampsCache] : [Address] -> [5579090856747009]
14:17:48,699 DEBUG SQL:104 - 
    delete 
    from
        Student_secretCodes 
    where
        studentNumber=?
14:17:48,720 DEBUG BaseGeneralDataRegion:59 - Caching[foo.org.hibernate.cache.spi.UpdateTimestampsCache] : [Student_secretCodes] -> [5579090856837120]
14:17:48,721 DEBUG BaseGeneralDataRegion:59 - Caching[foo.org.hibernate.cache.spi.UpdateTimestampsCache] : [Enrolment] -> [5579090856841216]
14:17:48,721 DEBUG BaseGeneralDataRegion:59 - Caching[foo.org.hibernate.cache.spi.UpdateTimestampsCache] : [Address] -> [5579090856841217]
14:17:48,721 DEBUG SQL:104 - 
    delete 
    from
        Student_secretCodes 
    where
        studentNumber=?
14:17:48,721 DEBUG BaseGeneralDataRegion:59 - Caching[foo.org.hibernate.cache.spi.UpdateTimestampsCache] : [Student_secretCodes] -> [5579090856841218]
14:17:48,721 DEBUG BaseGeneralDataRegion:59 - Caching[foo.org.hibernate.cache.spi.UpdateTimestampsCache] : [CourseMeeting] -> [5579090856841219]
14:17:48,721 DEBUG SQL:104 - 
    delete 
    from
        Enrolment 
    where
        studentId=? 
        and courseCode=?
14:17:48,722 DEBUG BaseGeneralDataRegion:59 - Caching[foo.org.hibernate.cache.spi.UpdateTimestampsCache] : [Enrolment] -> [5579090856845312]
14:17:48,722 DEBUG SQL:104 - 
    delete 
    from
        Address 
    where
        id=?
14:17:48,722 DEBUG BaseGeneralDataRegion:59 - Caching[foo.org.hibernate.cache.spi.UpdateTimestampsCache] : [Address] -> [5579090856845313]
14:17:48,722 DEBUG SQL:104 - 
    delete 
    from
        Address 
    where
        id=?
14:17:48,732 DEBUG BaseGeneralDataRegion:59 - Caching[foo.org.hibernate.cache.spi.UpdateTimestampsCache] : [Address] -> [5579090856886272]
14:17:48,732 DEBUG SQL:104 - 
    delete 
    from
        Student 
    where
        studentId=?
14:17:48,733 DEBUG BaseGeneralDataRegion:59 - Caching[foo.org.hibernate.cache.spi.UpdateTimestampsCache] : [Student] -> [5579090856890368]
14:17:48,733 DEBUG SQL:104 - 
    delete 
    from
        Enrolment 
    where
        studentId=? 
        and courseCode=?
14:17:48,733 DEBUG BaseGeneralDataRegion:59 - Caching[foo.org.hibernate.cache.spi.UpdateTimestampsCache] : [Enrolment] -> [5579090856890369]
14:17:48,733 DEBUG SQL:104 - 
    delete 
    from
        Student 
    where
        studentId=?
14:17:48,733 DEBUG BaseGeneralDataRegion:59 - Caching[foo.org.hibernate.cache.spi.UpdateTimestampsCache] : [Student] -> [5579090856890370]
14:17:48,733 DEBUG SQL:104 - 
    delete 
    from
        CourseMeeting 
    where
        courseCode=? 
        and day=? 
        and period=? 
        and location=?
14:17:48,734 DEBUG BaseGeneralDataRegion:59 - Caching[foo.org.hibernate.cache.spi.UpdateTimestampsCache] : [CourseMeeting] -> [5579090856894464]
14:17:48,734 DEBUG SQL:104 - 
    delete 
    from
        CourseMeeting 
    where
        courseCode=? 
        and day=? 
        and period=? 
        and location=?
14:17:48,734 DEBUG BaseGeneralDataRegion:59 - Caching[foo.org.hibernate.cache.spi.UpdateTimestampsCache] : [CourseMeeting] -> [5579090856894465]
14:17:48,734 DEBUG SQL:104 - 
    delete 
    from
        Course 
    where
        courseCode=?
14:17:48,734 DEBUG BaseGeneralDataRegion:59 - Caching[foo.org.hibernate.cache.spi.UpdateTimestampsCache] : [Course] -> [5579090856894466]
14:17:48,734 DEBUG BaseGeneralDataRegion:59 - Caching[foo.org.hibernate.cache.spi.UpdateTimestampsCache] : [Student] -> [5579090611134467]
14:17:48,734 DEBUG BaseGeneralDataRegion:59 - Caching[foo.org.hibernate.cache.spi.UpdateTimestampsCache] : [Course] -> [5579090611134467]
14:17:48,735 DEBUG BaseGeneralDataRegion:59 - Caching[foo.org.hibernate.cache.spi.UpdateTimestampsCache] : [Enrolment] -> [5579090611134467]
14:17:48,735 DEBUG BaseGeneralDataRegion:59 - Caching[foo.org.hibernate.cache.spi.UpdateTimestampsCache] : [Student_secretCodes] -> [5579090611134467]
14:17:48,735 DEBUG BaseGeneralDataRegion:59 - Caching[foo.org.hibernate.cache.spi.UpdateTimestampsCache] : [Address] -> [5579090611134467]
14:17:48,735 DEBUG BaseGeneralDataRegion:59 - Caching[foo.org.hibernate.cache.spi.UpdateTimestampsCache] : [CourseMeeting] -> [5579090611134467]
14:17:48,736  INFO CustomRunner:139 - Test: testAliasToEntityMapMultiAggregatedPropProjectionSingleResult
14:17:48,738 DEBUG SQL:104 - 
    select
        coursemeet_.courseCode,
        coursemeet_.day,
        coursemeet_.period,
        coursemeet_.location 
    from
        CourseMeeting coursemeet_ 
    where
        coursemeet_.courseCode=? 
        and coursemeet_.day=? 
        and coursemeet_.period=? 
        and coursemeet_.location=?
14:17:48,753 DEBUG SQL:104 - 
    select
        coursemeet_.courseCode,
        coursemeet_.day,
        coursemeet_.period,
        coursemeet_.location 
    from
        CourseMeeting coursemeet_ 
    where
        coursemeet_.courseCode=? 
        and coursemeet_.day=? 
        and coursemeet_.period=? 
        and coursemeet_.location=?
14:17:48,755 DEBUG SQL:104 - 
    insert 
    into
        Course
        (description, courseCode) 
    values
        (?, ?)
14:17:48,755 DEBUG BaseGeneralDataRegion:59 - Caching[foo.org.hibernate.cache.spi.UpdateTimestampsCache] : [Course] -> [5579090856980480]
14:17:48,755 DEBUG SQL:104 - 
    insert 
    into
        CourseMeeting
        (courseCode, day, period, location) 
    values
        (?, ?, ?, ?)
14:17:48,755 DEBUG BaseGeneralDataRegion:59 - Caching[foo.org.hibernate.cache.spi.UpdateTimestampsCache] : [CourseMeeting] -> [5579090856980481]
14:17:48,755 DEBUG SQL:104 - 
    insert 
    into
        CourseMeeting
        (courseCode, day, period, location) 
    values
        (?, ?, ?, ?)
14:17:48,763 DEBUG BaseGeneralDataRegion:59 - Caching[foo.org.hibernate.cache.spi.UpdateTimestampsCache] : [CourseMeeting] -> [5579090857013248]
14:17:48,764 DEBUG SQL:104 - 
    insert 
    into
        Student
        (name_first, name_middle, name_last, preferredCourseCode, studentId) 
    values
        (?, ?, ?, ?, ?)
14:17:48,764 DEBUG BaseGeneralDataRegion:59 - Caching[foo.org.hibernate.cache.spi.UpdateTimestampsCache] : [Student] -> [5579090857017344]
14:17:48,764 DEBUG SQL:104 - 
    insert 
    into
        Address
        (addressType, street, city, stateProvince, postalCode, country, studentNumber, id) 
    values
        (?, ?, ?, ?, ?, ?, ?, ?)
14:17:48,764 DEBUG BaseGeneralDataRegion:59 - Caching[foo.org.hibernate.cache.spi.UpdateTimestampsCache] : [Address] -> [5579090857017345]
14:17:48,764 DEBUG SQL:104 - 
    insert 
    into
        Address
        (addressType, street, city, stateProvince, postalCode, country, studentNumber, id) 
    values
        (?, ?, ?, ?, ?, ?, ?, ?)
14:17:48,774 DEBUG BaseGeneralDataRegion:59 - Caching[foo.org.hibernate.cache.spi.UpdateTimestampsCache] : [Address] -> [5579090857058304]
14:17:48,774 DEBUG SQL:104 - 
    insert 
    into
        Student
        (name_first, name_middle, name_last, preferredCourseCode, studentId) 
    values
        (?, ?, ?, ?, ?)
14:17:48,774 DEBUG BaseGeneralDataRegion:59 - Caching[foo.org.hibernate.cache.spi.UpdateTimestampsCache] : [Student] -> [5579090857058305]
14:17:48,774 DEBUG SQL:104 - 
    insert 
    into
        Enrolment
        (semester, "year", studentId, courseCode) 
    values
        (?, ?, ?, ?)
14:17:48,775 DEBUG BaseGeneralDataRegion:59 - Caching[foo.org.hibernate.cache.spi.UpdateTimestampsCache] : [Enrolment] -> [5579090857062400]
14:17:48,775 DEBUG SQL:104 - 
    insert 
    into
        Enrolment
        (semester, "year", studentId, courseCode) 
    values
        (?, ?, ?, ?)
14:17:48,775 DEBUG BaseGeneralDataRegion:59 - Caching[foo.org.hibernate.cache.spi.UpdateTimestampsCache] : [Enrolment] -> [5579090857062401]
14:17:48,775 DEBUG BaseGeneralDataRegion:59 - Caching[foo.org.hibernate.cache.spi.UpdateTimestampsCache] : [CourseMeeting] -> [5579090857062402]
14:17:48,776 DEBUG BaseGeneralDataRegion:59 - Caching[foo.org.hibernate.cache.spi.UpdateTimestampsCache] : [Enrolment] -> [5579090857066496]
14:17:48,776 DEBUG SQL:104 - 
    update
        Address 
    set
        studentNumber=?,
        addressType=? 
    where
        id=?
14:17:48,786 DEBUG SQL:104 - 
    update
        Address 
    set
        studentNumber=?,
        addressType=? 
    where
        id=?
14:17:48,787 DEBUG BaseGeneralDataRegion:59 - Caching[foo.org.hibernate.cache.spi.UpdateTimestampsCache] : [Address] -> [5579090857111552]
14:17:48,787 DEBUG SQL:104 - 
    insert 
    into
        Student_secretCodes
        (studentNumber, i, secretCode) 
    values
        (?, ?, ?)
14:17:48,787 DEBUG BaseGeneralDataRegion:59 - Caching[foo.org.hibernate.cache.spi.UpdateTimestampsCache] : [Student_secretCodes] -> [5579090857111553]
14:17:48,787 DEBUG BaseGeneralDataRegion:59 - Caching[foo.org.hibernate.cache.spi.UpdateTimestampsCache] : [Enrolment] -> [5579090857111554]
14:17:48,787 DEBUG BaseGeneralDataRegion:59 - Caching[foo.org.hibernate.cache.spi.UpdateTimestampsCache] : [Address] -> [5579090857111555]
14:17:48,788 DEBUG SQL:104 - 
    insert 
    into
        Student_secretCodes
        (studentNumber, i, secretCode) 
    values
        (?, ?, ?)
14:17:48,797 DEBUG SQL:104 - 
    insert 
    into
        Student_secretCodes
        (studentNumber, i, secretCode) 
    values
        (?, ?, ?)
14:17:48,797 DEBUG BaseGeneralDataRegion:59 - Caching[foo.org.hibernate.cache.spi.UpdateTimestampsCache] : [Student_secretCodes] -> [5579090857152512]
14:17:48,797 DEBUG BaseGeneralDataRegion:59 - Caching[foo.org.hibernate.cache.spi.UpdateTimestampsCache] : [Student] -> [5579090611392513]
14:17:48,798 DEBUG BaseGeneralDataRegion:59 - Caching[foo.org.hibernate.cache.spi.UpdateTimestampsCache] : [Course] -> [5579090611392513]
14:17:48,798 DEBUG BaseGeneralDataRegion:59 - Caching[foo.org.hibernate.cache.spi.UpdateTimestampsCache] : [Enrolment] -> [5579090611392513]
14:17:48,798 DEBUG BaseGeneralDataRegion:59 - Caching[foo.org.hibernate.cache.spi.UpdateTimestampsCache] : [Student_secretCodes] -> [5579090611392513]
14:17:48,798 DEBUG BaseGeneralDataRegion:59 - Caching[foo.org.hibernate.cache.spi.UpdateTimestampsCache] : [Address] -> [5579090611392513]
14:17:48,798 DEBUG BaseGeneralDataRegion:59 - Caching[foo.org.hibernate.cache.spi.UpdateTimestampsCache] : [CourseMeeting] -> [5579090611392513]
14:17:48,798 DEBUG SQL:104 - 
    select
        min(this_.studentId) as y0_,
        max(this_.studentId) as y1_ 
    from
        Enrolment this_
14:17:48,799 DEBUG SQL:104 - 
    select
        min(this_.studentId) as y0_,
        max(this_.studentId) as y1_ 
    from
        Enrolment this_
14:17:48,800 DEBUG SQL:104 - 
    select
        student_.studentId,
        student_.name_first as name2_4_,
        student_.name_middle as name3_4_,
        student_.name_last as name4_4_,
        student_.preferredCourseCode as preferre5_4_ 
    from
        Student student_ 
    where
        student_.studentId=?
14:17:48,800 DEBUG SQL:104 - 
    select
        enrolment_.studentId,
        enrolment_.courseCode,
        enrolment_.semester as semester3_,
        enrolment_."year" as year4_3_ 
    from
        Enrolment enrolment_ 
    where
        enrolment_.studentId=? 
        and enrolment_.courseCode=?
14:17:48,800 DEBUG SQL:104 - 
    select
        course_.courseCode,
        course_.description as descript2_1_ 
    from
        Course course_ 
    where
        course_.courseCode=?
14:17:48,801 DEBUG SQL:104 - 
    select
        student_.studentId,
        student_.name_first as name2_4_,
        student_.name_middle as name3_4_,
        student_.name_last as name4_4_,
        student_.preferredCourseCode as preferre5_4_ 
    from
        Student student_ 
    where
        student_.studentId=?
14:17:48,811 DEBUG SQL:104 - 
    select
        enrolment_.studentId,
        enrolment_.courseCode,
        enrolment_.semester as semester3_,
        enrolment_."year" as year4_3_ 
    from
        Enrolment enrolment_ 
    where
        enrolment_.studentId=? 
        and enrolment_.courseCode=?
14:17:48,812 DEBUG SQL:104 - 
    select
        coursemeet_.courseCode,
        coursemeet_.day,
        coursemeet_.period,
        coursemeet_.location 
    from
        CourseMeeting coursemeet_ 
    where
        coursemeet_.courseCode=? 
        and coursemeet_.day=? 
        and coursemeet_.period=? 
        and coursemeet_.location=?
14:17:48,822 DEBUG SQL:104 - 
    select
        coursemeet_.courseCode,
        coursemeet_.day,
        coursemeet_.period,
        coursemeet_.location 
    from
        CourseMeeting coursemeet_ 
    where
        coursemeet_.courseCode=? 
        and coursemeet_.day=? 
        and coursemeet_.period=? 
        and coursemeet_.location=?
14:17:48,822 DEBUG BaseGeneralDataRegion:59 - Caching[foo.org.hibernate.cache.spi.UpdateTimestampsCache] : [Enrolment] -> [5579090857254912]
14:17:48,823 DEBUG SQL:104 - 
    update
        Address 
    set
        studentNumber=null,
        addressType=null 
    where
        studentNumber=?
14:17:48,823 DEBUG BaseGeneralDataRegion:59 - Caching[foo.org.hibernate.cache.spi.UpdateTimestampsCache] : [Address] -> [5579090857259008]
14:17:48,823 DEBUG SQL:104 - 
    delete 
    from
        Student_secretCodes 
    where
        studentNumber=?
14:17:48,823 DEBUG BaseGeneralDataRegion:59 - Caching[foo.org.hibernate.cache.spi.UpdateTimestampsCache] : [Student_secretCodes] -> [5579090857259009]
14:17:48,823 DEBUG BaseGeneralDataRegion:59 - Caching[foo.org.hibernate.cache.spi.UpdateTimestampsCache] : [Enrolment] -> [5579090857259010]
14:17:48,823 DEBUG BaseGeneralDataRegion:59 - Caching[foo.org.hibernate.cache.spi.UpdateTimestampsCache] : [Address] -> [5579090857259011]
14:17:48,823 DEBUG SQL:104 - 
    delete 
    from
        Student_secretCodes 
    where
        studentNumber=?
14:17:48,824 DEBUG BaseGeneralDataRegion:59 - Caching[foo.org.hibernate.cache.spi.UpdateTimestampsCache] : [Student_secretCodes] -> [5579090857263104]
14:17:48,824 DEBUG BaseGeneralDataRegion:59 - Caching[foo.org.hibernate.cache.spi.UpdateTimestampsCache] : [CourseMeeting] -> [5579090857263105]
14:17:48,824 DEBUG SQL:104 - 
    delete 
    from
        Enrolment 
    where
        studentId=? 
        and courseCode=?
14:17:48,843 DEBUG BaseGeneralDataRegion:59 - Caching[foo.org.hibernate.cache.spi.UpdateTimestampsCache] : [Enrolment] -> [5579090857340928]
14:17:48,843 DEBUG SQL:104 - 
    delete 
    from
        Address 
    where
        id=?
14:17:48,843 DEBUG BaseGeneralDataRegion:59 - Caching[foo.org.hibernate.cache.spi.UpdateTimestampsCache] : [Address] -> [5579090857340929]
14:17:48,843 DEBUG SQL:104 - 
    delete 
    from
        Address 
    where
        id=?
14:17:48,843 DEBUG BaseGeneralDataRegion:59 - Caching[foo.org.hibernate.cache.spi.UpdateTimestampsCache] : [Address] -> [5579090857340930]
14:17:48,844 DEBUG SQL:104 - 
    delete 
    from
        Student 
    where
        studentId=?
14:17:48,844 DEBUG BaseGeneralDataRegion:59 - Caching[foo.org.hibernate.cache.spi.UpdateTimestampsCache] : [Student] -> [5579090857345024]
14:17:48,844 DEBUG SQL:104 - 
    delete 
    from
        Enrolment 
    where
        studentId=? 
        and courseCode=?
14:17:48,853 DEBUG BaseGeneralDataRegion:59 - Caching[foo.org.hibernate.cache.spi.UpdateTimestampsCache] : [Enrolment] -> [5579090857381888]
14:17:48,853 DEBUG SQL:104 - 
    delete 
    from
        Student 
    where
        studentId=?
14:17:48,854 DEBUG BaseGeneralDataRegion:59 - Caching[foo.org.hibernate.cache.spi.UpdateTimestampsCache] : [Student] -> [5579090857385984]
14:17:48,854 DEBUG SQL:104 - 
    delete 
    from
        CourseMeeting 
    where
        courseCode=? 
        and day=? 
        and period=? 
        and location=?
14:17:48,854 DEBUG BaseGeneralDataRegion:59 - Caching[foo.org.hibernate.cache.spi.UpdateTimestampsCache] : [CourseMeeting] -> [5579090857385985]
14:17:48,854 DEBUG SQL:104 - 
    delete 
    from
        CourseMeeting 
    where
        courseCode=? 
        and day=? 
        and period=? 
        and location=?
14:17:48,862 DEBUG BaseGeneralDataRegion:59 - Caching[foo.org.hibernate.cache.spi.UpdateTimestampsCache] : [CourseMeeting] -> [5579090857418752]
14:17:48,863 DEBUG SQL:104 - 
    delete 
    from
        Course 
    where
        courseCode=?
14:17:48,863 DEBUG BaseGeneralDataRegion:59 - Caching[foo.org.hibernate.cache.spi.UpdateTimestampsCache] : [Course] -> [5579090857422848]
14:17:48,863 DEBUG BaseGeneralDataRegion:59 - Caching[foo.org.hibernate.cache.spi.UpdateTimestampsCache] : [Student] -> [5579090611662849]
14:17:48,863 DEBUG BaseGeneralDataRegion:59 - Caching[foo.org.hibernate.cache.spi.UpdateTimestampsCache] : [Course] -> [5579090611662849]
14:17:48,863 DEBUG BaseGeneralDataRegion:59 - Caching[foo.org.hibernate.cache.spi.UpdateTimestampsCache] : [Enrolment] -> [5579090611662849]
14:17:48,863 DEBUG BaseGeneralDataRegion:59 - Caching[foo.org.hibernate.cache.spi.UpdateTimestampsCache] : [Student_secretCodes] -> [5579090611662849]
14:17:48,863 DEBUG BaseGeneralDataRegion:59 - Caching[foo.org.hibernate.cache.spi.UpdateTimestampsCache] : [Address] -> [5579090611662849]
14:17:48,864 DEBUG BaseGeneralDataRegion:59 - Caching[foo.org.hibernate.cache.spi.UpdateTimestampsCache] : [CourseMeeting] -> [5579090611662849]
14:17:48,864  INFO CustomRunner:139 - Test: testAliasToEntityMapMultiProjectionList
14:17:48,866 DEBUG SQL:104 - 
    select
        coursemeet_.courseCode,
        coursemeet_.day,
        coursemeet_.period,
        coursemeet_.location 
    from
        CourseMeeting coursemeet_ 
    where
        coursemeet_.courseCode=? 
        and coursemeet_.day=? 
        and coursemeet_.period=? 
        and coursemeet_.location=?
14:17:48,873 DEBUG SQL:104 - 
    select
        coursemeet_.courseCode,
        coursemeet_.day,
        coursemeet_.period,
        coursemeet_.location 
    from
        CourseMeeting coursemeet_ 
    where
        coursemeet_.courseCode=? 
        and coursemeet_.day=? 
        and coursemeet_.period=? 
        and coursemeet_.location=?
14:17:48,874 DEBUG SQL:104 - 
    insert 
    into
        Course
        (description, courseCode) 
    values
        (?, ?)
14:17:48,874 DEBUG BaseGeneralDataRegion:59 - Caching[foo.org.hibernate.cache.spi.UpdateTimestampsCache] : [Course] -> [5579090857467904]
14:17:48,874 DEBUG SQL:104 - 
    insert 
    into
        CourseMeeting
        (courseCode, day, period, location) 
    values
        (?, ?, ?, ?)
14:17:48,875 DEBUG BaseGeneralDataRegion:59 - Caching[foo.org.hibernate.cache.spi.UpdateTimestampsCache] : [CourseMeeting] -> [5579090857472000]
14:17:48,875 DEBUG SQL:104 - 
    insert 
    into
        CourseMeeting
        (courseCode, day, period, location) 
    values
        (?, ?, ?, ?)
14:17:48,882 DEBUG BaseGeneralDataRegion:59 - Caching[foo.org.hibernate.cache.spi.UpdateTimestampsCache] : [CourseMeeting] -> [5579090857500672]
14:17:48,883 DEBUG SQL:104 - 
    insert 
    into
        Student
        (name_first, name_middle, name_last, preferredCourseCode, studentId) 
    values
        (?, ?, ?, ?, ?)
14:17:48,883 DEBUG BaseGeneralDataRegion:59 - Caching[foo.org.hibernate.cache.spi.UpdateTimestampsCache] : [Student] -> [5579090857504768]
14:17:48,883 DEBUG SQL:104 - 
    insert 
    into
        Address
        (addressType, street, city, stateProvince, postalCode, country, studentNumber, id) 
    values
        (?, ?, ?, ?, ?, ?, ?, ?)
14:17:48,883 DEBUG BaseGeneralDataRegion:59 - Caching[foo.org.hibernate.cache.spi.UpdateTimestampsCache] : [Address] -> [5579090857504769]
14:17:48,883 DEBUG SQL:104 - 
    insert 
    into
        Address
        (addressType, street, city, stateProvince, postalCode, country, studentNumber, id) 
    values
        (?, ?, ?, ?, ?, ?, ?, ?)
14:17:48,893 DEBUG BaseGeneralDataRegion:59 - Caching[foo.org.hibernate.cache.spi.UpdateTimestampsCache] : [Address] -> [5579090857545728]
14:17:48,893 DEBUG SQL:104 - 
    insert 
    into
        Student
        (name_first, name_middle, name_last, preferredCourseCode, studentId) 
    values
        (?, ?, ?, ?, ?)
14:17:48,893 DEBUG BaseGeneralDataRegion:59 - Caching[foo.org.hibernate.cache.spi.UpdateTimestampsCache] : [Student] -> [5579090857545729]
14:17:48,893 DEBUG SQL:104 - 
    insert 
    into
        Enrolment
        (semester, "year", studentId, courseCode) 
    values
        (?, ?, ?, ?)
14:17:48,893 DEBUG BaseGeneralDataRegion:59 - Caching[foo.org.hibernate.cache.spi.UpdateTimestampsCache] : [Enrolment] -> [5579090857545730]
14:17:48,893 DEBUG SQL:104 - 
    insert 
    into
        Enrolment
        (semester, "year", studentId, courseCode) 
    values
        (?, ?, ?, ?)
14:17:48,894 DEBUG BaseGeneralDataRegion:59 - Caching[foo.org.hibernate.cache.spi.UpdateTimestampsCache] : [Enrolment] -> [5579090857549824]
14:17:48,894 DEBUG BaseGeneralDataRegion:59 - Caching[foo.org.hibernate.cache.spi.UpdateTimestampsCache] : [CourseMeeting] -> [5579090857549825]
14:17:48,894 DEBUG BaseGeneralDataRegion:59 - Caching[foo.org.hibernate.cache.spi.UpdateTimestampsCache] : [Enrolment] -> [5579090857549826]
14:17:48,894 DEBUG SQL:104 - 
    update
        Address 
    set
        studentNumber=?,
        addressType=? 
    where
        id=?
14:17:48,902 DEBUG SQL:104 - 
    update
        Address 
    set
        studentNumber=?,
        addressType=? 
    where
        id=?
14:17:48,902 DEBUG BaseGeneralDataRegion:59 - Caching[foo.org.hibernate.cache.spi.UpdateTimestampsCache] : [Address] -> [5579090857582592]
14:17:48,903 DEBUG SQL:104 - 
    insert 
    into
        Student_secretCodes
        (studentNumber, i, secretCode) 
    values
        (?, ?, ?)
14:17:48,903 DEBUG BaseGeneralDataRegion:59 - Caching[foo.org.hibernate.cache.spi.UpdateTimestampsCache] : [Student_secretCodes] -> [5579090857586688]
14:17:48,903 DEBUG BaseGeneralDataRegion:59 - Caching[foo.org.hibernate.cache.spi.UpdateTimestampsCache] : [Enrolment] -> [5579090857586689]
14:17:48,903 DEBUG BaseGeneralDataRegion:59 - Caching[foo.org.hibernate.cache.spi.UpdateTimestampsCache] : [Address] -> [5579090857586690]
14:17:48,903 DEBUG SQL:104 - 
    insert 
    into
        Student_secretCodes
        (studentNumber, i, secretCode) 
    values
        (?, ?, ?)
14:17:48,912 DEBUG SQL:104 - 
    insert 
    into
        Student_secretCodes
        (studentNumber, i, secretCode) 
    values
        (?, ?, ?)
14:17:48,913 DEBUG BaseGeneralDataRegion:59 - Caching[foo.org.hibernate.cache.spi.UpdateTimestampsCache] : [Student_secretCodes] -> [5579090857627648]
14:17:48,913 DEBUG BaseGeneralDataRegion:59 - Caching[foo.org.hibernate.cache.spi.UpdateTimestampsCache] : [Student] -> [5579090611867649]
14:17:48,913 DEBUG BaseGeneralDataRegion:59 - Caching[foo.org.hibernate.cache.spi.UpdateTimestampsCache] : [Course] -> [5579090611867649]
14:17:48,913 DEBUG BaseGeneralDataRegion:59 - Caching[foo.org.hibernate.cache.spi.UpdateTimestampsCache] : [Enrolment] -> [5579090611867649]
14:17:48,913 DEBUG BaseGeneralDataRegion:59 - Caching[foo.org.hibernate.cache.spi.UpdateTimestampsCache] : [Student_secretCodes] -> [5579090611867649]
14:17:48,913 DEBUG BaseGeneralDataRegion:59 - Caching[foo.org.hibernate.cache.spi.UpdateTimestampsCache] : [Address] -> [5579090611867649]
14:17:48,913 DEBUG BaseGeneralDataRegion:59 - Caching[foo.org.hibernate.cache.spi.UpdateTimestampsCache] : [CourseMeeting] -> [5579090611867649]
14:17:48,914 DEBUG SQL:104 - 
    select
        this_.studentId as y0_,
        this_.semester as y1_,
        this_."year" as y2_,
        this_.courseCode as y3_ 
    from
        Enrolment this_ 
    order by
        this_.studentId asc
14:17:48,915 DEBUG SQL:104 - 
    select
        course0_.courseCode as courseCode1_0_,
        course0_.description as descript2_1_0_ 
    from
        Course course0_ 
    where
        course0_.courseCode=?
14:17:48,924 DEBUG SQL:104 - 
    select
        coursemeet0_.courseCode as courseCode1_1_,
        coursemeet0_.courseCode as courseCode2_1_,
        coursemeet0_.day as day2_1_,
        coursemeet0_.period as period2_1_,
        coursemeet0_.location as location2_1_,
        coursemeet0_.courseCode as courseCode2_0_,
        coursemeet0_.day as day2_0_,
        coursemeet0_.period as period2_0_,
        coursemeet0_.location as location2_0_ 
    from
        CourseMeeting coursemeet0_ 
    where
        coursemeet0_.courseCode=?
14:17:48,926 DEBUG SQL:104 - 
    select
        this_.studentId as y0_,
        this_.semester as y1_,
        this_."year" as y2_,
        this_.courseCode as y3_ 
    from
        Enrolment this_ 
    order by
        this_.studentId asc
14:17:48,926 DEBUG SQL:104 - 
    select
        course0_.courseCode as courseCode1_0_,
        course0_.description as descript2_1_0_ 
    from
        Course course0_ 
    where
        course0_.courseCode=?
14:17:48,926 DEBUG SQL:104 - 
    select
        coursemeet0_.courseCode as courseCode1_1_,
        coursemeet0_.courseCode as courseCode2_1_,
        coursemeet0_.day as day2_1_,
        coursemeet0_.period as period2_1_,
        coursemeet0_.location as location2_1_,
        coursemeet0_.courseCode as courseCode2_0_,
        coursemeet0_.day as day2_0_,
        coursemeet0_.period as period2_0_,
        coursemeet0_.location as location2_0_ 
    from
        CourseMeeting coursemeet0_ 
    where
        coursemeet0_.courseCode=?
14:17:48,928 DEBUG SQL:104 - 
    select
        student_.studentId,
        student_.name_first as name2_4_,
        student_.name_middle as name3_4_,
        student_.name_last as name4_4_,
        student_.preferredCourseCode as preferre5_4_ 
    from
        Student student_ 
    where
        student_.studentId=?
14:17:48,938 DEBUG SQL:104 - 
    select
        enrolment_.studentId,
        enrolment_.courseCode,
        enrolment_.semester as semester3_,
        enrolment_."year" as year4_3_ 
    from
        Enrolment enrolment_ 
    where
        enrolment_.studentId=? 
        and enrolment_.courseCode=?
14:17:48,938 DEBUG SQL:104 - 
    select
        course_.courseCode,
        course_.description as descript2_1_ 
    from
        Course course_ 
    where
        course_.courseCode=?
14:17:48,939 DEBUG SQL:104 - 
    select
        student_.studentId,
        student_.name_first as name2_4_,
        student_.name_middle as name3_4_,
        student_.name_last as name4_4_,
        student_.preferredCourseCode as preferre5_4_ 
    from
        Student student_ 
    where
        student_.studentId=?
14:17:48,949 DEBUG SQL:104 - 
    select
        enrolment_.studentId,
        enrolment_.courseCode,
        enrolment_.semester as semester3_,
        enrolment_."year" as year4_3_ 
    from
        Enrolment enrolment_ 
    where
        enrolment_.studentId=? 
        and enrolment_.courseCode=?
14:17:48,950 DEBUG SQL:104 - 
    select
        coursemeet_.courseCode,
        coursemeet_.day,
        coursemeet_.period,
        coursemeet_.location 
    from
        CourseMeeting coursemeet_ 
    where
        coursemeet_.courseCode=? 
        and coursemeet_.day=? 
        and coursemeet_.period=? 
        and coursemeet_.location=?
14:17:48,950 DEBUG SQL:104 - 
    select
        coursemeet_.courseCode,
        coursemeet_.day,
        coursemeet_.period,
        coursemeet_.location 
    from
        CourseMeeting coursemeet_ 
    where
        coursemeet_.courseCode=? 
        and coursemeet_.day=? 
        and coursemeet_.period=? 
        and coursemeet_.location=?
14:17:48,951 DEBUG BaseGeneralDataRegion:59 - Caching[foo.org.hibernate.cache.spi.UpdateTimestampsCache] : [Enrolment] -> [5579090857783296]
14:17:48,951 DEBUG SQL:104 - 
    update
        Address 
    set
        studentNumber=null,
        addressType=null 
    where
        studentNumber=?
14:17:48,974 DEBUG BaseGeneralDataRegion:59 - Caching[foo.org.hibernate.cache.spi.UpdateTimestampsCache] : [Address] -> [5579090857873408]
14:17:48,974 DEBUG SQL:104 - 
    delete 
    from
        Student_secretCodes 
    where
        studentNumber=?
14:17:48,974 DEBUG BaseGeneralDataRegion:59 - Caching[foo.org.hibernate.cache.spi.UpdateTimestampsCache] : [Student_secretCodes] -> [5579090857877504]
14:17:48,974 DEBUG BaseGeneralDataRegion:59 - Caching[foo.org.hibernate.cache.spi.UpdateTimestampsCache] : [Enrolment] -> [5579090857877505]
14:17:48,974 DEBUG BaseGeneralDataRegion:59 - Caching[foo.org.hibernate.cache.spi.UpdateTimestampsCache] : [Address] -> [5579090857877506]
14:17:48,974 DEBUG SQL:104 - 
    delete 
    from
        Student_secretCodes 
    where
        studentNumber=?
14:17:48,975 DEBUG BaseGeneralDataRegion:59 - Caching[foo.org.hibernate.cache.spi.UpdateTimestampsCache] : [Student_secretCodes] -> [5579090857881600]
14:17:48,975 DEBUG BaseGeneralDataRegion:59 - Caching[foo.org.hibernate.cache.spi.UpdateTimestampsCache] : [CourseMeeting] -> [5579090857881601]
14:17:48,975 DEBUG SQL:104 - 
    delete 
    from
        Enrolment 
    where
        studentId=? 
        and courseCode=?
14:17:48,975 DEBUG BaseGeneralDataRegion:59 - Caching[foo.org.hibernate.cache.spi.UpdateTimestampsCache] : [Enrolment] -> [5579090857881602]
14:17:48,975 DEBUG SQL:104 - 
    delete 
    from
        Address 
    where
        id=?
14:17:48,982 DEBUG BaseGeneralDataRegion:59 - Caching[foo.org.hibernate.cache.spi.UpdateTimestampsCache] : [Address] -> [5579090857910272]
14:17:48,982 DEBUG SQL:104 - 
    delete 
    from
        Address 
    where
        id=?
14:17:48,982 DEBUG BaseGeneralDataRegion:59 - Caching[foo.org.hibernate.cache.spi.UpdateTimestampsCache] : [Address] -> [5579090857910273]
14:17:48,982 DEBUG SQL:104 - 
    delete 
    from
        Student 
    where
        studentId=?
14:17:48,982 DEBUG BaseGeneralDataRegion:59 - Caching[foo.org.hibernate.cache.spi.UpdateTimestampsCache] : [Student] -> [5579090857910274]
14:17:48,983 DEBUG SQL:104 - 
    delete 
    from
        Enrolment 
    where
        studentId=? 
        and courseCode=?
14:17:48,983 DEBUG BaseGeneralDataRegion:59 - Caching[foo.org.hibernate.cache.spi.UpdateTimestampsCache] : [Enrolment] -> [5579090857914368]
14:17:48,983 DEBUG SQL:104 - 
    delete 
    from
        Student 
    where
        studentId=?
14:17:48,991 DEBUG BaseGeneralDataRegion:59 - Caching[foo.org.hibernate.cache.spi.UpdateTimestampsCache] : [Student] -> [5579090857947136]
14:17:48,992 DEBUG SQL:104 - 
    delete 
    from
        CourseMeeting 
    where
        courseCode=? 
        and day=? 
        and period=? 
        and location=?
14:17:48,992 DEBUG BaseGeneralDataRegion:59 - Caching[foo.org.hibernate.cache.spi.UpdateTimestampsCache] : [CourseMeeting] -> [5579090857951232]
14:17:48,992 DEBUG SQL:104 - 
    delete 
    from
        CourseMeeting 
    where
        courseCode=? 
        and day=? 
        and period=? 
        and location=?
14:17:48,992 DEBUG BaseGeneralDataRegion:59 - Caching[foo.org.hibernate.cache.spi.UpdateTimestampsCache] : [CourseMeeting] -> [5579090857951233]
14:17:48,992 DEBUG SQL:104 - 
    delete 
    from
        Course 
    where
        courseCode=?
14:17:49,002 DEBUG BaseGeneralDataRegion:59 - Caching[foo.org.hibernate.cache.spi.UpdateTimestampsCache] : [Course] -> [5579090857992192]
14:17:49,002 DEBUG BaseGeneralDataRegion:59 - Caching[foo.org.hibernate.cache.spi.UpdateTimestampsCache] : [Student] -> [5579090612232193]
14:17:49,003 DEBUG BaseGeneralDataRegion:59 - Caching[foo.org.hibernate.cache.spi.UpdateTimestampsCache] : [Course] -> [5579090612232193]
14:17:49,003 DEBUG BaseGeneralDataRegion:59 - Caching[foo.org.hibernate.cache.spi.UpdateTimestampsCache] : [Enrolment] -> [5579090612232193]
14:17:49,003 DEBUG BaseGeneralDataRegion:59 - Caching[foo.org.hibernate.cache.spi.UpdateTimestampsCache] : [Student_secretCodes] -> [5579090612232193]
14:17:49,003 DEBUG BaseGeneralDataRegion:59 - Caching[foo.org.hibernate.cache.spi.UpdateTimestampsCache] : [Address] -> [5579090612232193]
14:17:49,003 DEBUG BaseGeneralDataRegion:59 - Caching[foo.org.hibernate.cache.spi.UpdateTimestampsCache] : [CourseMeeting] -> [5579090612232193]
14:17:49,003  INFO CustomRunner:139 - Test: testAliasToEntityMapMultiProjectionWithNullAliasList
14:17:49,005 DEBUG SQL:104 - 
    select
        coursemeet_.courseCode,
        coursemeet_.day,
        coursemeet_.period,
        coursemeet_.location 
    from
        CourseMeeting coursemeet_ 
    where
        coursemeet_.courseCode=? 
        and coursemeet_.day=? 
        and coursemeet_.period=? 
        and coursemeet_.location=?
14:17:49,006 DEBUG SQL:104 - 
    select
        coursemeet_.courseCode,
        coursemeet_.day,
        coursemeet_.period,
        coursemeet_.location 
    from
        CourseMeeting coursemeet_ 
    where
        coursemeet_.courseCode=? 
        and coursemeet_.day=? 
        and coursemeet_.period=? 
        and coursemeet_.location=?
14:17:49,017 DEBUG SQL:104 - 
    insert 
    into
        Course
        (description, courseCode) 
    values
        (?, ?)
14:17:49,017 DEBUG BaseGeneralDataRegion:59 - Caching[foo.org.hibernate.cache.spi.UpdateTimestampsCache] : [Course] -> [5579090858053632]
14:17:49,017 DEBUG SQL:104 - 
    insert 
    into
        CourseMeeting
        (courseCode, day, period, location) 
    values
        (?, ?, ?, ?)
14:17:49,017 DEBUG BaseGeneralDataRegion:59 - Caching[foo.org.hibernate.cache.spi.UpdateTimestampsCache] : [CourseMeeting] -> [5579090858053633]
14:17:49,017 DEBUG SQL:104 - 
    insert 
    into
        CourseMeeting
        (courseCode, day, period, location) 
    values
        (?, ?, ?, ?)
14:17:49,018 DEBUG BaseGeneralDataRegion:59 - Caching[foo.org.hibernate.cache.spi.UpdateTimestampsCache] : [CourseMeeting] -> [5579090858057728]
14:17:49,026 DEBUG SQL:104 - 
    insert 
    into
        Student
        (name_first, name_middle, name_last, preferredCourseCode, studentId) 
    values
        (?, ?, ?, ?, ?)
14:17:49,026 DEBUG BaseGeneralDataRegion:59 - Caching[foo.org.hibernate.cache.spi.UpdateTimestampsCache] : [Student] -> [5579090858090496]
14:17:49,026 DEBUG SQL:104 - 
    insert 
    into
        Address
        (addressType, street, city, stateProvince, postalCode, country, studentNumber, id) 
    values
        (?, ?, ?, ?, ?, ?, ?, ?)
14:17:49,027 DEBUG BaseGeneralDataRegion:59 - Caching[foo.org.hibernate.cache.spi.UpdateTimestampsCache] : [Address] -> [5579090858094592]
14:17:49,027 DEBUG SQL:104 - 
    insert 
    into
        Address
        (addressType, street, city, stateProvince, postalCode, country, studentNumber, id) 
    values
        (?, ?, ?, ?, ?, ?, ?, ?)
14:17:49,027 DEBUG BaseGeneralDataRegion:59 - Caching[foo.org.hibernate.cache.spi.UpdateTimestampsCache] : [Address] -> [5579090858094593]
14:17:49,027 DEBUG SQL:104 - 
    insert 
    into
        Student
        (name_first, name_middle, name_last, preferredCourseCode, studentId) 
    values
        (?, ?, ?, ?, ?)
14:17:49,036 DEBUG BaseGeneralDataRegion:59 - Caching[foo.org.hibernate.cache.spi.UpdateTimestampsCache] : [Student] -> [5579090858127360]
14:17:49,036 DEBUG SQL:104 - 
    insert 
    into
        Enrolment
        (semester, "year", studentId, courseCode) 
    values
        (?, ?, ?, ?)
14:17:49,036 DEBUG BaseGeneralDataRegion:59 - Caching[foo.org.hibernate.cache.spi.UpdateTimestampsCache] : [Enrolment] -> [5579090858131456]
14:17:49,036 DEBUG SQL:104 - 
    insert 
    into
        Enrolment
        (semester, "year", studentId, courseCode) 
    values
        (?, ?, ?, ?)
14:17:49,036 DEBUG BaseGeneralDataRegion:59 - Caching[foo.org.hibernate.cache.spi.UpdateTimestampsCache] : [Enrolment] -> [5579090858131457]
14:17:49,036 DEBUG BaseGeneralDataRegion:59 - Caching[foo.org.hibernate.cache.spi.UpdateTimestampsCache] : [CourseMeeting] -> [5579090858131458]
14:17:49,037 DEBUG BaseGeneralDataRegion:59 - Caching[foo.org.hibernate.cache.spi.UpdateTimestampsCache] : [Enrolment] -> [5579090858135552]
14:17:49,037 DEBUG SQL:104 - 
    update
        Address 
    set
        studentNumber=?,
        addressType=? 
    where
        id=?
14:17:49,037 DEBUG SQL:104 - 
    update
        Address 
    set
        studentNumber=?,
        addressType=? 
    where
        id=?
14:17:49,046 DEBUG BaseGeneralDataRegion:59 - Caching[foo.org.hibernate.cache.spi.UpdateTimestampsCache] : [Address] -> [5579090858172416]
14:17:49,046 DEBUG SQL:104 - 
    insert 
    into
        Student_secretCodes
        (studentNumber, i, secretCode) 
    values
        (?, ?, ?)
14:17:49,046 DEBUG BaseGeneralDataRegion:59 - Caching[foo.org.hibernate.cache.spi.UpdateTimestampsCache] : [Student_secretCodes] -> [5579090858172417]
14:17:49,047 DEBUG BaseGeneralDataRegion:59 - Caching[foo.org.hibernate.cache.spi.UpdateTimestampsCache] : [Enrolment] -> [5579090858176512]
14:17:49,047 DEBUG BaseGeneralDataRegion:59 - Caching[foo.org.hibernate.cache.spi.UpdateTimestampsCache] : [Address] -> [5579090858176513]
14:17:49,047 DEBUG SQL:104 - 
    insert 
    into
        Student_secretCodes
        (studentNumber, i, secretCode) 
    values
        (?, ?, ?)
14:17:49,047 DEBUG SQL:104 - 
    insert 
    into
        Student_secretCodes
        (studentNumber, i, secretCode) 
    values
        (?, ?, ?)
14:17:49,056 DEBUG BaseGeneralDataRegion:59 - Caching[foo.org.hibernate.cache.spi.UpdateTimestampsCache] : [Student_secretCodes] -> [5579090858213376]
14:17:49,056 DEBUG BaseGeneralDataRegion:59 - Caching[foo.org.hibernate.cache.spi.UpdateTimestampsCache] : [Student] -> [5579090612453377]
14:17:49,057 DEBUG BaseGeneralDataRegion:59 - Caching[foo.org.hibernate.cache.spi.UpdateTimestampsCache] : [Course] -> [5579090612453377]
14:17:49,057 DEBUG BaseGeneralDataRegion:59 - Caching[foo.org.hibernate.cache.spi.UpdateTimestampsCache] : [Enrolment] -> [5579090612453377]
14:17:49,057 DEBUG BaseGeneralDataRegion:59 - Caching[foo.org.hibernate.cache.spi.UpdateTimestampsCache] : [Student_secretCodes] -> [5579090612453377]
14:17:49,057 DEBUG BaseGeneralDataRegion:59 - Caching[foo.org.hibernate.cache.spi.UpdateTimestampsCache] : [Address] -> [5579090612453377]
14:17:49,057 DEBUG BaseGeneralDataRegion:59 - Caching[foo.org.hibernate.cache.spi.UpdateTimestampsCache] : [CourseMeeting] -> [5579090612453377]
14:17:49,058 DEBUG SQL:104 - 
    select
        this_.studentId as y0_,
        this_.semester as y1_,
        this_."year" as y2_,
        this_.courseCode as y3_ 
    from
        Enrolment this_ 
    order by
        this_.studentId asc
14:17:49,058 DEBUG SQL:104 - 
    select
        course0_.courseCode as courseCode1_0_,
        course0_.description as descript2_1_0_ 
    from
        Course course0_ 
    where
        course0_.courseCode=?
14:17:49,059 DEBUG SQL:104 - 
    select
        coursemeet0_.courseCode as courseCode1_1_,
        coursemeet0_.courseCode as courseCode2_1_,
        coursemeet0_.day as day2_1_,
        coursemeet0_.period as period2_1_,
        coursemeet0_.location as location2_1_,
        coursemeet0_.courseCode as courseCode2_0_,
        coursemeet0_.day as day2_0_,
        coursemeet0_.period as period2_0_,
        coursemeet0_.location as location2_0_ 
    from
        CourseMeeting coursemeet0_ 
    where
        coursemeet0_.courseCode=?
14:17:49,060 DEBUG SQL:104 - 
    select
        this_.studentId as y0_,
        this_.semester as y1_,
        this_."year" as y2_,
        this_.courseCode as y3_ 
    from
        Enrolment this_ 
    order by
        this_.studentId asc
14:17:49,061 DEBUG SQL:104 - 
    select
        course0_.courseCode as courseCode1_0_,
        course0_.description as descript2_1_0_ 
    from
        Course course0_ 
    where
        course0_.courseCode=?
14:17:49,071 DEBUG SQL:104 - 
    select
        coursemeet0_.courseCode as courseCode1_1_,
        coursemeet0_.courseCode as courseCode2_1_,
        coursemeet0_.day as day2_1_,
        coursemeet0_.period as period2_1_,
        coursemeet0_.location as location2_1_,
        coursemeet0_.courseCode as courseCode2_0_,
        coursemeet0_.day as day2_0_,
        coursemeet0_.period as period2_0_,
        coursemeet0_.location as location2_0_ 
    from
        CourseMeeting coursemeet0_ 
    where
        coursemeet0_.courseCode=?
14:17:49,074 DEBUG SQL:104 - 
    select
        student_.studentId,
        student_.name_first as name2_4_,
        student_.name_middle as name3_4_,
        student_.name_last as name4_4_,
        student_.preferredCourseCode as preferre5_4_ 
    from
        Student student_ 
    where
        student_.studentId=?
14:17:49,074 DEBUG SQL:104 - 
    select
        enrolment_.studentId,
        enrolment_.courseCode,
        enrolment_.semester as semester3_,
        enrolment_."year" as year4_3_ 
    from
        Enrolment enrolment_ 
    where
        enrolment_.studentId=? 
        and enrolment_.courseCode=?
14:17:49,081 DEBUG SQL:104 - 
    select
        course_.courseCode,
        course_.description as descript2_1_ 
    from
        Course course_ 
    where
        course_.courseCode=?
14:17:49,081 DEBUG SQL:104 - 
    select
        student_.studentId,
        student_.name_first as name2_4_,
        student_.name_middle as name3_4_,
        student_.name_last as name4_4_,
        student_.preferredCourseCode as preferre5_4_ 
    from
        Student student_ 
    where
        student_.studentId=?
14:17:49,081 DEBUG SQL:104 - 
    select
        enrolment_.studentId,
        enrolment_.courseCode,
        enrolment_.semester as semester3_,
        enrolment_."year" as year4_3_ 
    from
        Enrolment enrolment_ 
    where
        enrolment_.studentId=? 
        and enrolment_.courseCode=?
14:17:49,082 DEBUG SQL:104 - 
    select
        coursemeet_.courseCode,
        coursemeet_.day,
        coursemeet_.period,
        coursemeet_.location 
    from
        CourseMeeting coursemeet_ 
    where
        coursemeet_.courseCode=? 
        and coursemeet_.day=? 
        and coursemeet_.period=? 
        and coursemeet_.location=?
14:17:49,104 DEBUG SQL:104 - 
    select
        coursemeet_.courseCode,
        coursemeet_.day,
        coursemeet_.period,
        coursemeet_.location 
    from
        CourseMeeting coursemeet_ 
    where
        coursemeet_.courseCode=? 
        and coursemeet_.day=? 
        and coursemeet_.period=? 
        and coursemeet_.location=?
14:17:49,105 DEBUG BaseGeneralDataRegion:59 - Caching[foo.org.hibernate.cache.spi.UpdateTimestampsCache] : [Enrolment] -> [5579090858414080]
14:17:49,105 DEBUG SQL:104 - 
    update
        Address 
    set
        studentNumber=null,
        addressType=null 
    where
        studentNumber=?
14:17:49,105 DEBUG BaseGeneralDataRegion:59 - Caching[foo.org.hibernate.cache.spi.UpdateTimestampsCache] : [Address] -> [5579090858414081]
14:17:49,105 DEBUG SQL:104 - 
    delete 
    from
        Student_secretCodes 
    where
        studentNumber=?
14:17:49,113 DEBUG BaseGeneralDataRegion:59 - Caching[foo.org.hibernate.cache.spi.UpdateTimestampsCache] : [Student_secretCodes] -> [5579090858446848]
14:17:49,114 DEBUG BaseGeneralDataRegion:59 - Caching[foo.org.hibernate.cache.spi.UpdateTimestampsCache] : [Enrolment] -> [5579090858450944]
14:17:49,114 DEBUG BaseGeneralDataRegion:59 - Caching[foo.org.hibernate.cache.spi.UpdateTimestampsCache] : [Address] -> [5579090858450945]
14:17:49,114 DEBUG SQL:104 - 
    delete 
    from
        Student_secretCodes 
    where
        studentNumber=?
14:17:49,114 DEBUG BaseGeneralDataRegion:59 - Caching[foo.org.hibernate.cache.spi.UpdateTimestampsCache] : [Student_secretCodes] -> [5579090858450946]
14:17:49,114 DEBUG BaseGeneralDataRegion:59 - Caching[foo.org.hibernate.cache.spi.UpdateTimestampsCache] : [CourseMeeting] -> [5579090858450947]
14:17:49,114 DEBUG SQL:104 - 
    delete 
    from
        Enrolment 
    where
        studentId=? 
        and courseCode=?
14:17:49,114 DEBUG BaseGeneralDataRegion:59 - Caching[foo.org.hibernate.cache.spi.UpdateTimestampsCache] : [Enrolment] -> [5579090858450948]
14:17:49,115 DEBUG SQL:104 - 
    delete 
    from
        Address 
    where
        id=?
14:17:49,115 DEBUG BaseGeneralDataRegion:59 - Caching[foo.org.hibernate.cache.spi.UpdateTimestampsCache] : [Address] -> [5579090858455040]
14:17:49,124 DEBUG SQL:104 - 
    delete 
    from
        Address 
    where
        id=?
14:17:49,124 DEBUG BaseGeneralDataRegion:59 - Caching[foo.org.hibernate.cache.spi.UpdateTimestampsCache] : [Address] -> [5579090858491904]
14:17:49,124 DEBUG SQL:104 - 
    delete 
    from
        Student 
    where
        studentId=?
14:17:49,124 DEBUG BaseGeneralDataRegion:59 - Caching[foo.org.hibernate.cache.spi.UpdateTimestampsCache] : [Student] -> [5579090858491905]
14:17:49,124 DEBUG SQL:104 - 
    delete 
    from
        Enrolment 
    where
        studentId=? 
        and courseCode=?
14:17:49,125 DEBUG BaseGeneralDataRegion:59 - Caching[foo.org.hibernate.cache.spi.UpdateTimestampsCache] : [Enrolment] -> [5579090858496000]
14:17:49,125 DEBUG SQL:104 - 
    delete 
    from
        Student 
    where
        studentId=?
14:17:49,125 DEBUG BaseGeneralDataRegion:59 - Caching[foo.org.hibernate.cache.spi.UpdateTimestampsCache] : [Student] -> [5579090858496001]
14:17:49,125 DEBUG SQL:104 - 
    delete 
    from
        CourseMeeting 
    where
        courseCode=? 
        and day=? 
        and period=? 
        and location=?
14:17:49,133 DEBUG BaseGeneralDataRegion:59 - Caching[foo.org.hibernate.cache.spi.UpdateTimestampsCache] : [CourseMeeting] -> [5579090858528768]
14:17:49,134 DEBUG SQL:104 - 
    delete 
    from
        CourseMeeting 
    where
        courseCode=? 
        and day=? 
        and period=? 
        and location=?
14:17:49,134 DEBUG BaseGeneralDataRegion:59 - Caching[foo.org.hibernate.cache.spi.UpdateTimestampsCache] : [CourseMeeting] -> [5579090858532864]
14:17:49,134 DEBUG SQL:104 - 
    delete 
    from
        Course 
    where
        courseCode=?
14:17:49,134 DEBUG BaseGeneralDataRegion:59 - Caching[foo.org.hibernate.cache.spi.UpdateTimestampsCache] : [Course] -> [5579090858532865]
14:17:49,134 DEBUG BaseGeneralDataRegion:59 - Caching[foo.org.hibernate.cache.spi.UpdateTimestampsCache] : [Student] -> [5579090612772866]
14:17:49,134 DEBUG BaseGeneralDataRegion:59 - Caching[foo.org.hibernate.cache.spi.UpdateTimestampsCache] : [Course] -> [5579090612772866]
14:17:49,134 DEBUG BaseGeneralDataRegion:59 - Caching[foo.org.hibernate.cache.spi.UpdateTimestampsCache] : [Enrolment] -> [5579090612772866]
14:17:49,135 DEBUG BaseGeneralDataRegion:59 - Caching[foo.org.hibernate.cache.spi.UpdateTimestampsCache] : [Student_secretCodes] -> [5579090612772866]
14:17:49,135 DEBUG BaseGeneralDataRegion:59 - Caching[foo.org.hibernate.cache.spi.UpdateTimestampsCache] : [Address] -> [5579090612772866]
14:17:49,143 DEBUG BaseGeneralDataRegion:59 - Caching[foo.org.hibernate.cache.spi.UpdateTimestampsCache] : [CourseMeeting] -> [5579090612772866]
14:17:49,143  INFO CustomRunner:139 - Test: testAliasToEntityMapNoProjectionMultiAndNullList
14:17:49,145 DEBUG SQL:104 - 
    select
        coursemeet_.courseCode,
        coursemeet_.day,
        coursemeet_.period,
        coursemeet_.location 
    from
        CourseMeeting coursemeet_ 
    where
        coursemeet_.courseCode=? 
        and coursemeet_.day=? 
        and coursemeet_.period=? 
        and coursemeet_.location=?
14:17:49,146 DEBUG SQL:104 - 
    select
        coursemeet_.courseCode,
        coursemeet_.day,
        coursemeet_.period,
        coursemeet_.location 
    from
        CourseMeeting coursemeet_ 
    where
        coursemeet_.courseCode=? 
        and coursemeet_.day=? 
        and coursemeet_.period=? 
        and coursemeet_.location=?
14:17:49,156 DEBUG SQL:104 - 
    insert 
    into
        Course
        (description, courseCode) 
    values
        (?, ?)
14:17:49,156 DEBUG BaseGeneralDataRegion:59 - Caching[foo.org.hibernate.cache.spi.UpdateTimestampsCache] : [Course] -> [5579090858622976]
14:17:49,156 DEBUG SQL:104 - 
    insert 
    into
        CourseMeeting
        (courseCode, day, period, location) 
    values
        (?, ?, ?, ?)
14:17:49,156 DEBUG BaseGeneralDataRegion:59 - Caching[foo.org.hibernate.cache.spi.UpdateTimestampsCache] : [CourseMeeting] -> [5579090858622977]
14:17:49,156 DEBUG SQL:104 - 
    insert 
    into
        CourseMeeting
        (courseCode, day, period, location) 
    values
        (?, ?, ?, ?)
14:17:49,157 DEBUG BaseGeneralDataRegion:59 - Caching[foo.org.hibernate.cache.spi.UpdateTimestampsCache] : [CourseMeeting] -> [5579090858627072]
14:17:49,157 DEBUG SQL:104 - 
    insert 
    into
        Student
        (name_first, name_middle, name_last, preferredCourseCode, studentId) 
    values
        (?, ?, ?, ?, ?)
14:17:49,164 DEBUG BaseGeneralDataRegion:59 - Caching[foo.org.hibernate.cache.spi.UpdateTimestampsCache] : [Student] -> [5579090858651648]
14:17:49,164 DEBUG SQL:104 - 
    insert 
    into
        Address
        (addressType, street, city, stateProvince, postalCode, country, studentNumber, id) 
    values
        (?, ?, ?, ?, ?, ?, ?, ?)
14:17:49,164 DEBUG BaseGeneralDataRegion:59 - Caching[foo.org.hibernate.cache.spi.UpdateTimestampsCache] : [Address] -> [5579090858655744]
14:17:49,164 DEBUG SQL:104 - 
    insert 
    into
        Address
        (addressType, street, city, stateProvince, postalCode, country, studentNumber, id) 
    values
        (?, ?, ?, ?, ?, ?, ?, ?)
14:17:49,164 DEBUG BaseGeneralDataRegion:59 - Caching[foo.org.hibernate.cache.spi.UpdateTimestampsCache] : [Address] -> [5579090858655745]
14:17:49,164 DEBUG SQL:104 - 
    insert 
    into
        Student
        (name_first, name_middle, name_last, preferredCourseCode, studentId) 
    values
        (?, ?, ?, ?, ?)
14:17:49,165 DEBUG BaseGeneralDataRegion:59 - Caching[foo.org.hibernate.cache.spi.UpdateTimestampsCache] : [Student] -> [5579090858655746]
14:17:49,165 DEBUG SQL:104 - 
    insert 
    into
        Enrolment
        (semester, "year", studentId, courseCode) 
    values
        (?, ?, ?, ?)
14:17:49,174 DEBUG BaseGeneralDataRegion:59 - Caching[foo.org.hibernate.cache.spi.UpdateTimestampsCache] : [Enrolment] -> [5579090858696704]
14:17:49,174 DEBUG SQL:104 - 
    insert 
    into
        Enrolment
        (semester, "year", studentId, courseCode) 
    values
        (?, ?, ?, ?)
14:17:49,174 DEBUG BaseGeneralDataRegion:59 - Caching[foo.org.hibernate.cache.spi.UpdateTimestampsCache] : [Enrolment] -> [5579090858696705]
14:17:49,174 DEBUG BaseGeneralDataRegion:59 - Caching[foo.org.hibernate.cache.spi.UpdateTimestampsCache] : [CourseMeeting] -> [5579090858696706]
14:17:49,174 DEBUG BaseGeneralDataRegion:59 - Caching[foo.org.hibernate.cache.spi.UpdateTimestampsCache] : [Enrolment] -> [5579090858696707]
14:17:49,175 DEBUG SQL:104 - 
    update
        Address 
    set
        studentNumber=?,
        addressType=? 
    where
        id=?
14:17:49,175 DEBUG SQL:104 - 
    update
        Address 
    set
        studentNumber=?,
        addressType=? 
    where
        id=?
14:17:49,185 DEBUG BaseGeneralDataRegion:59 - Caching[foo.org.hibernate.cache.spi.UpdateTimestampsCache] : [Address] -> [5579090858741760]
14:17:49,185 DEBUG SQL:104 - 
    insert 
    into
        Student_secretCodes
        (studentNumber, i, secretCode) 
    values
        (?, ?, ?)
14:17:49,185 DEBUG BaseGeneralDataRegion:59 - Caching[foo.org.hibernate.cache.spi.UpdateTimestampsCache] : [Student_secretCodes] -> [5579090858741761]
14:17:49,186 DEBUG BaseGeneralDataRegion:59 - Caching[foo.org.hibernate.cache.spi.UpdateTimestampsCache] : [Enrolment] -> [5579090858745856]
14:17:49,186 DEBUG BaseGeneralDataRegion:59 - Caching[foo.org.hibernate.cache.spi.UpdateTimestampsCache] : [Address] -> [5579090858745857]
14:17:49,186 DEBUG SQL:104 - 
    insert 
    into
        Student_secretCodes
        (studentNumber, i, secretCode) 
    values
        (?, ?, ?)
14:17:49,186 DEBUG SQL:104 - 
    insert 
    into
        Student_secretCodes
        (studentNumber, i, secretCode) 
    values
        (?, ?, ?)
14:17:49,186 DEBUG BaseGeneralDataRegion:59 - Caching[foo.org.hibernate.cache.spi.UpdateTimestampsCache] : [Student_secretCodes] -> [5579090858745858]
14:17:49,187 DEBUG BaseGeneralDataRegion:59 - Caching[foo.org.hibernate.cache.spi.UpdateTimestampsCache] : [Student] -> [5579090612989952]
14:17:49,187 DEBUG BaseGeneralDataRegion:59 - Caching[foo.org.hibernate.cache.spi.UpdateTimestampsCache] : [Course] -> [5579090612989952]
14:17:49,187 DEBUG BaseGeneralDataRegion:59 - Caching[foo.org.hibernate.cache.spi.UpdateTimestampsCache] : [Enrolment] -> [5579090612989952]
14:17:49,187 DEBUG BaseGeneralDataRegion:59 - Caching[foo.org.hibernate.cache.spi.UpdateTimestampsCache] : [Student_secretCodes] -> [5579090612989952]
14:17:49,187 DEBUG BaseGeneralDataRegion:59 - Caching[foo.org.hibernate.cache.spi.UpdateTimestampsCache] : [Address] -> [5579090612989952]
14:17:49,187 DEBUG BaseGeneralDataRegion:59 - Caching[foo.org.hibernate.cache.spi.UpdateTimestampsCache] : [CourseMeeting] -> [5579090612989952]
14:17:49,188 DEBUG SQL:104 - 
    select
        this_.studentId as studentId4_2_,
        this_.name_first as name2_4_2_,
        this_.name_middle as name3_4_2_,
        this_.name_last as name4_4_2_,
        this_.preferredCourseCode as preferre5_4_2_,
        a2_.studentNumber as studentN8_4_4_,
        a2_.id as id0_4_,
        a2_.addressType as addressT2_4_,
        a2_.id as id0_0_,
        a2_.addressType as addressT2_0_0_,
        a2_.street as street0_0_,
        a2_.city as city0_0_,
        a2_.stateProvince as statePro5_0_0_,
        a2_.postalCode as postalCode0_0_,
        a2_.country as country0_0_,
        a2_.studentNumber as studentN8_0_0_,
        p1_.courseCode as courseCode1_1_,
        p1_.description as descript2_1_1_ 
    from
        Student this_ 
    left outer join
        Address a2_ 
            on this_.studentId=a2_.studentNumber 
    left outer join
        Course p1_ 
            on this_.preferredCourseCode=p1_.courseCode 
    order by
        this_.studentId asc
14:17:49,197 DEBUG SQL:104 - 
    select
        secretcode0_.studentNumber as studentN1_4_0_,
        secretcode0_.secretCode as secretCode5_0_,
        secretcode0_.i as i0_ 
    from
        Student_secretCodes secretcode0_ 
    where
        secretcode0_.studentNumber=?
14:17:49,198 DEBUG SQL:104 - 
    select
        secretcode0_.studentNumber as studentN1_4_0_,
        secretcode0_.secretCode as secretCode5_0_,
        secretcode0_.i as i0_ 
    from
        Student_secretCodes secretcode0_ 
    where
        secretcode0_.studentNumber=?
14:17:49,198 DEBUG SQL:104 - 
    select
        coursemeet0_.courseCode as courseCode1_1_,
        coursemeet0_.courseCode as courseCode2_1_,
        coursemeet0_.day as day2_1_,
        coursemeet0_.period as period2_1_,
        coursemeet0_.location as location2_1_,
        coursemeet0_.courseCode as courseCode2_0_,
        coursemeet0_.day as day2_0_,
        coursemeet0_.period as period2_0_,
        coursemeet0_.location as location2_0_ 
    from
        CourseMeeting coursemeet0_ 
    where
        coursemeet0_.courseCode=?
14:17:49,210 DEBUG SQL:104 - 
    select
        this_.studentId as studentId4_2_,
        this_.name_first as name2_4_2_,
        this_.name_middle as name3_4_2_,
        this_.name_last as name4_4_2_,
        this_.preferredCourseCode as preferre5_4_2_,
        a2_.studentNumber as studentN8_4_4_,
        a2_.id as id0_4_,
        a2_.addressType as addressT2_4_,
        a2_.id as id0_0_,
        a2_.addressType as addressT2_0_0_,
        a2_.street as street0_0_,
        a2_.city as city0_0_,
        a2_.stateProvince as statePro5_0_0_,
        a2_.postalCode as postalCode0_0_,
        a2_.country as country0_0_,
        a2_.studentNumber as studentN8_0_0_,
        p1_.courseCode as courseCode1_1_,
        p1_.description as descript2_1_1_ 
    from
        Student this_ 
    left outer join
        Address a2_ 
            on this_.studentId=a2_.studentNumber 
    left outer join
        Course p1_ 
            on this_.preferredCourseCode=p1_.courseCode 
    order by
        this_.studentId asc
14:17:49,211 DEBUG SQL:104 - 
    select
        secretcode0_.studentNumber as studentN1_4_0_,
        secretcode0_.secretCode as secretCode5_0_,
        secretcode0_.i as i0_ 
    from
        Student_secretCodes secretcode0_ 
    where
        secretcode0_.studentNumber=?
14:17:49,212 DEBUG SQL:104 - 
    select
        secretcode0_.studentNumber as studentN1_4_0_,
        secretcode0_.secretCode as secretCode5_0_,
        secretcode0_.i as i0_ 
    from
        Student_secretCodes secretcode0_ 
    where
        secretcode0_.studentNumber=?
14:17:49,233 DEBUG SQL:104 - 
    select
        coursemeet0_.courseCode as courseCode1_1_,
        coursemeet0_.courseCode as courseCode2_1_,
        coursemeet0_.day as day2_1_,
        coursemeet0_.period as period2_1_,
        coursemeet0_.location as location2_1_,
        coursemeet0_.courseCode as courseCode2_0_,
        coursemeet0_.day as day2_0_,
        coursemeet0_.period as period2_0_,
        coursemeet0_.location as location2_0_ 
    from
        CourseMeeting coursemeet0_ 
    where
        coursemeet0_.courseCode=?
14:17:49,235 DEBUG SQL:104 - 
    select
        student_.studentId,
        student_.name_first as name2_4_,
        student_.name_middle as name3_4_,
        student_.name_last as name4_4_,
        student_.preferredCourseCode as preferre5_4_ 
    from
        Student student_ 
    where
        student_.studentId=?
14:17:49,235 DEBUG SQL:104 - 
    select
        enrolment_.studentId,
        enrolment_.courseCode,
        enrolment_.semester as semester3_,
        enrolment_."year" as year4_3_ 
    from
        Enrolment enrolment_ 
    where
        enrolment_.studentId=? 
        and enrolment_.courseCode=?
14:17:49,235 DEBUG SQL:104 - 
    select
        course_.courseCode,
        course_.description as descript2_1_ 
    from
        Course course_ 
    where
        course_.courseCode=?
14:17:49,236 DEBUG SQL:104 - 
    select
        student_.studentId,
        student_.name_first as name2_4_,
        student_.name_middle as name3_4_,
        student_.name_last as name4_4_,
        student_.preferredCourseCode as preferre5_4_ 
    from
        Student student_ 
    where
        student_.studentId=?
14:17:49,236 DEBUG SQL:104 - 
    select
        enrolment_.studentId,
        enrolment_.courseCode,
        enrolment_.semester as semester3_,
        enrolment_."year" as year4_3_ 
    from
        Enrolment enrolment_ 
    where
        enrolment_.studentId=? 
        and enrolment_.courseCode=?
14:17:49,256 DEBUG SQL:104 - 
    select
        coursemeet_.courseCode,
        coursemeet_.day,
        coursemeet_.period,
        coursemeet_.location 
    from
        CourseMeeting coursemeet_ 
    where
        coursemeet_.courseCode=? 
        and coursemeet_.day=? 
        and coursemeet_.period=? 
        and coursemeet_.location=?
14:17:49,256 DEBUG SQL:104 - 
    select
        coursemeet_.courseCode,
        coursemeet_.day,
        coursemeet_.period,
        coursemeet_.location 
    from
        CourseMeeting coursemeet_ 
    where
        coursemeet_.courseCode=? 
        and coursemeet_.day=? 
        and coursemeet_.period=? 
        and coursemeet_.location=?
14:17:49,257 DEBUG BaseGeneralDataRegion:59 - Caching[foo.org.hibernate.cache.spi.UpdateTimestampsCache] : [Enrolment] -> [5579090859036672]
14:17:49,257 DEBUG SQL:104 - 
    update
        Address 
    set
        studentNumber=null,
        addressType=null 
    where
        studentNumber=?
14:17:49,267 DEBUG BaseGeneralDataRegion:59 - Caching[foo.org.hibernate.cache.spi.UpdateTimestampsCache] : [Address] -> [5579090859077632]
14:17:49,267 DEBUG SQL:104 - 
    delete 
    from
        Student_secretCodes 
    where
        studentNumber=?
14:17:49,268 DEBUG BaseGeneralDataRegion:59 - Caching[foo.org.hibernate.cache.spi.UpdateTimestampsCache] : [Student_secretCodes] -> [5579090859081728]
14:17:49,268 DEBUG BaseGeneralDataRegion:59 - Caching[foo.org.hibernate.cache.spi.UpdateTimestampsCache] : [Enrolment] -> [5579090859081729]
14:17:49,268 DEBUG BaseGeneralDataRegion:59 - Caching[foo.org.hibernate.cache.spi.UpdateTimestampsCache] : [Address] -> [5579090859081730]
14:17:49,268 DEBUG SQL:104 - 
    delete 
    from
        Student_secretCodes 
    where
        studentNumber=?
14:17:49,268 DEBUG BaseGeneralDataRegion:59 - Caching[foo.org.hibernate.cache.spi.UpdateTimestampsCache] : [Student_secretCodes] -> [5579090859081731]
14:17:49,268 DEBUG BaseGeneralDataRegion:59 - Caching[foo.org.hibernate.cache.spi.UpdateTimestampsCache] : [CourseMeeting] -> [5579090859081732]
14:17:49,268 DEBUG SQL:104 - 
    delete 
    from
        Enrolment 
    where
        studentId=? 
        and courseCode=?
14:17:49,276 DEBUG BaseGeneralDataRegion:59 - Caching[foo.org.hibernate.cache.spi.UpdateTimestampsCache] : [Enrolment] -> [5579090859114496]
14:17:49,276 DEBUG SQL:104 - 
    delete 
    from
        Address 
    where
        id=?
14:17:49,277 DEBUG BaseGeneralDataRegion:59 - Caching[foo.org.hibernate.cache.spi.UpdateTimestampsCache] : [Address] -> [5579090859118592]
14:17:49,277 DEBUG SQL:104 - 
    delete 
    from
        Address 
    where
        id=?
14:17:49,277 DEBUG BaseGeneralDataRegion:59 - Caching[foo.org.hibernate.cache.spi.UpdateTimestampsCache] : [Address] -> [5579090859118593]
14:17:49,277 DEBUG SQL:104 - 
    delete 
    from
        Student 
    where
        studentId=?
14:17:49,277 DEBUG BaseGeneralDataRegion:59 - Caching[foo.org.hibernate.cache.spi.UpdateTimestampsCache] : [Student] -> [5579090859118594]
14:17:49,277 DEBUG SQL:104 - 
    delete 
    from
        Enrolment 
    where
        studentId=? 
        and courseCode=?
14:17:49,287 DEBUG BaseGeneralDataRegion:59 - Caching[foo.org.hibernate.cache.spi.UpdateTimestampsCache] : [Enrolment] -> [5579090859159552]
14:17:49,287 DEBUG SQL:104 - 
    delete 
    from
        Student 
    where
        studentId=?
14:17:49,288 DEBUG BaseGeneralDataRegion:59 - Caching[foo.org.hibernate.cache.spi.UpdateTimestampsCache] : [Student] -> [5579090859159553]
14:17:49,288 DEBUG SQL:104 - 
    delete 
    from
        CourseMeeting 
    where
        courseCode=? 
        and day=? 
        and period=? 
        and location=?
14:17:49,288 DEBUG BaseGeneralDataRegion:59 - Caching[foo.org.hibernate.cache.spi.UpdateTimestampsCache] : [CourseMeeting] -> [5579090859163648]
14:17:49,288 DEBUG SQL:104 - 
    delete 
    from
        CourseMeeting 
    where
        courseCode=? 
        and day=? 
        and period=? 
        and location=?
14:17:49,288 DEBUG BaseGeneralDataRegion:59 - Caching[foo.org.hibernate.cache.spi.UpdateTimestampsCache] : [CourseMeeting] -> [5579090859163649]
14:17:49,288 DEBUG SQL:104 - 
    delete 
    from
        Course 
    where
        courseCode=?
14:17:49,297 DEBUG BaseGeneralDataRegion:59 - Caching[foo.org.hibernate.cache.spi.UpdateTimestampsCache] : [Course] -> [5579090859200512]
14:17:49,297 DEBUG BaseGeneralDataRegion:59 - Caching[foo.org.hibernate.cache.spi.UpdateTimestampsCache] : [Student] -> [5579090613440513]
14:17:49,298 DEBUG BaseGeneralDataRegion:59 - Caching[foo.org.hibernate.cache.spi.UpdateTimestampsCache] : [Course] -> [5579090613440513]
14:17:49,298 DEBUG BaseGeneralDataRegion:59 - Caching[foo.org.hibernate.cache.spi.UpdateTimestampsCache] : [Enrolment] -> [5579090613440513]
14:17:49,298 DEBUG BaseGeneralDataRegion:59 - Caching[foo.org.hibernate.cache.spi.UpdateTimestampsCache] : [Student_secretCodes] -> [5579090613440513]
14:17:49,298 DEBUG BaseGeneralDataRegion:59 - Caching[foo.org.hibernate.cache.spi.UpdateTimestampsCache] : [Address] -> [5579090613440513]
14:17:49,298 DEBUG BaseGeneralDataRegion:59 - Caching[foo.org.hibernate.cache.spi.UpdateTimestampsCache] : [CourseMeeting] -> [5579090613440513]
14:17:49,299  INFO CustomRunner:139 - Test: testAliasToEntityMapNoProjectionNullAndNonNullAliasList
14:17:49,301 DEBUG SQL:104 - 
    select
        coursemeet_.courseCode,
        coursemeet_.day,
        coursemeet_.period,
        coursemeet_.location 
    from
        CourseMeeting coursemeet_ 
    where
        coursemeet_.courseCode=? 
        and coursemeet_.day=? 
        and coursemeet_.period=? 
        and coursemeet_.location=?
14:17:49,301 DEBUG SQL:104 - 
    select
        coursemeet_.courseCode,
        coursemeet_.day,
        coursemeet_.period,
        coursemeet_.location 
    from
        CourseMeeting coursemeet_ 
    where
        coursemeet_.courseCode=? 
        and coursemeet_.day=? 
        and coursemeet_.period=? 
        and coursemeet_.location=?
14:17:49,308 DEBUG SQL:104 - 
    insert 
    into
        Course
        (description, courseCode) 
    values
        (?, ?)
14:17:49,309 DEBUG BaseGeneralDataRegion:59 - Caching[foo.org.hibernate.cache.spi.UpdateTimestampsCache] : [Course] -> [5579090859249664]
14:17:49,309 DEBUG SQL:104 - 
    insert 
    into
        CourseMeeting
        (courseCode, day, period, location) 
    values
        (?, ?, ?, ?)
14:17:49,309 DEBUG BaseGeneralDataRegion:59 - Caching[foo.org.hibernate.cache.spi.UpdateTimestampsCache] : [CourseMeeting] -> [5579090859249665]
14:17:49,309 DEBUG SQL:104 - 
    insert 
    into
        CourseMeeting
        (courseCode, day, period, location) 
    values
        (?, ?, ?, ?)
14:17:49,319 DEBUG BaseGeneralDataRegion:59 - Caching[foo.org.hibernate.cache.spi.UpdateTimestampsCache] : [CourseMeeting] -> [5579090859290624]
14:17:49,319 DEBUG SQL:104 - 
    insert 
    into
        Student
        (name_first, name_middle, name_last, preferredCourseCode, studentId) 
    values
        (?, ?, ?, ?, ?)
14:17:49,320 DEBUG BaseGeneralDataRegion:59 - Caching[foo.org.hibernate.cache.spi.UpdateTimestampsCache] : [Student] -> [5579090859294720]
14:17:49,320 DEBUG SQL:104 - 
    insert 
    into
        Address
        (addressType, street, city, stateProvince, postalCode, country, studentNumber, id) 
    values
        (?, ?, ?, ?, ?, ?, ?, ?)
14:17:49,320 DEBUG BaseGeneralDataRegion:59 - Caching[foo.org.hibernate.cache.spi.UpdateTimestampsCache] : [Address] -> [5579090859294721]
14:17:49,320 DEBUG SQL:104 - 
    insert 
    into
        Address
        (addressType, street, city, stateProvince, postalCode, country, studentNumber, id) 
    values
        (?, ?, ?, ?, ?, ?, ?, ?)
14:17:49,320 DEBUG BaseGeneralDataRegion:59 - Caching[foo.org.hibernate.cache.spi.UpdateTimestampsCache] : [Address] -> [5579090859294722]
14:17:49,320 DEBUG SQL:104 - 
    insert 
    into
        Student
        (name_first, name_middle, name_last, preferredCourseCode, studentId) 
    values
        (?, ?, ?, ?, ?)
14:17:49,321 DEBUG BaseGeneralDataRegion:59 - Caching[foo.org.hibernate.cache.spi.UpdateTimestampsCache] : [Student] -> [5579090859294723]
14:17:49,321 DEBUG SQL:104 - 
    insert 
    into
        Enrolment
        (semester, "year", studentId, courseCode) 
    values
        (?, ?, ?, ?)
14:17:49,321 DEBUG BaseGeneralDataRegion:59 - Caching[foo.org.hibernate.cache.spi.UpdateTimestampsCache] : [Enrolment] -> [5579090859298816]
14:17:49,321 DEBUG SQL:104 - 
    insert 
    into
        Enrolment
        (semester, "year", studentId, courseCode) 
    values
        (?, ?, ?, ?)
14:17:49,321 DEBUG BaseGeneralDataRegion:59 - Caching[foo.org.hibernate.cache.spi.UpdateTimestampsCache] : [Enrolment] -> [5579090859298817]
14:17:49,321 DEBUG BaseGeneralDataRegion:59 - Caching[foo.org.hibernate.cache.spi.UpdateTimestampsCache] : [CourseMeeting] -> [5579090859298818]
14:17:49,321 DEBUG BaseGeneralDataRegion:59 - Caching[foo.org.hibernate.cache.spi.UpdateTimestampsCache] : [Enrolment] -> [5579090859298819]
14:17:49,321 DEBUG SQL:104 - 
    update
        Address 
    set
        studentNumber=?,
        addressType=? 
    where
        id=?
14:17:49,332 DEBUG SQL:104 - 
    update
        Address 
    set
        studentNumber=?,
        addressType=? 
    where
        id=?
14:17:49,332 DEBUG BaseGeneralDataRegion:59 - Caching[foo.org.hibernate.cache.spi.UpdateTimestampsCache] : [Address] -> [5579090859343872]
14:17:49,332 DEBUG SQL:104 - 
    insert 
    into
        Student_secretCodes
        (studentNumber, i, secretCode) 
    values
        (?, ?, ?)
14:17:49,332 DEBUG BaseGeneralDataRegion:59 - Caching[foo.org.hibernate.cache.spi.UpdateTimestampsCache] : [Student_secretCodes] -> [5579090859343873]
14:17:49,333 DEBUG BaseGeneralDataRegion:59 - Caching[foo.org.hibernate.cache.spi.UpdateTimestampsCache] : [Enrolment] -> [5579090859347968]
14:17:49,333 DEBUG BaseGeneralDataRegion:59 - Caching[foo.org.hibernate.cache.spi.UpdateTimestampsCache] : [Address] -> [5579090859347969]
14:17:49,333 DEBUG SQL:104 - 
    insert 
    into
        Student_secretCodes
        (studentNumber, i, secretCode) 
    values
        (?, ?, ?)
14:17:49,333 DEBUG SQL:104 - 
    insert 
    into
        Student_secretCodes
        (studentNumber, i, secretCode) 
    values
        (?, ?, ?)
14:17:49,396 DEBUG BaseGeneralDataRegion:59 - Caching[foo.org.hibernate.cache.spi.UpdateTimestampsCache] : [Student_secretCodes] -> [5579090859606016]
14:17:49,396 DEBUG BaseGeneralDataRegion:59 - Caching[foo.org.hibernate.cache.spi.UpdateTimestampsCache] : [Student] -> [5579090613846017]
14:17:49,396 DEBUG BaseGeneralDataRegion:59 - Caching[foo.org.hibernate.cache.spi.UpdateTimestampsCache] : [Course] -> [5579090613846017]
14:17:49,397 DEBUG BaseGeneralDataRegion:59 - Caching[foo.org.hibernate.cache.spi.UpdateTimestampsCache] : [Enrolment] -> [5579090613846017]
14:17:49,397 DEBUG BaseGeneralDataRegion:59 - Caching[foo.org.hibernate.cache.spi.UpdateTimestampsCache] : [Student_secretCodes] -> [5579090613846017]
14:17:49,397 DEBUG BaseGeneralDataRegion:59 - Caching[foo.org.hibernate.cache.spi.UpdateTimestampsCache] : [Address] -> [5579090613846017]
14:17:49,397 DEBUG BaseGeneralDataRegion:59 - Caching[foo.org.hibernate.cache.spi.UpdateTimestampsCache] : [CourseMeeting] -> [5579090613846017]
14:17:49,398 DEBUG SQL:104 - 
    select
        this_.studentId as studentId4_2_,
        this_.name_first as name2_4_2_,
        this_.name_middle as name3_4_2_,
        this_.name_last as name4_4_2_,
        this_.preferredCourseCode as preferre5_4_2_,
        a1_.studentNumber as studentN8_4_4_,
        a1_.id as id0_4_,
        a1_.addressType as addressT2_4_,
        a1_.id as id0_0_,
        a1_.addressType as addressT2_0_0_,
        a1_.street as street0_0_,
        a1_.city as city0_0_,
        a1_.stateProvince as statePro5_0_0_,
        a1_.postalCode as postalCode0_0_,
        a1_.country as country0_0_,
        a1_.studentNumber as studentN8_0_0_,
        course2_.courseCode as courseCode1_1_,
        course2_.description as descript2_1_1_ 
    from
        Student this_ 
    left outer join
        Address a1_ 
            on this_.studentId=a1_.studentNumber 
    inner join
        Course course2_ 
            on this_.preferredCourseCode=course2_.courseCode 
    order by
        this_.studentId asc
14:17:49,400 DEBUG SQL:104 - 
    select
        secretcode0_.studentNumber as studentN1_4_0_,
        secretcode0_.secretCode as secretCode5_0_,
        secretcode0_.i as i0_ 
    from
        Student_secretCodes secretcode0_ 
    where
        secretcode0_.studentNumber=?
14:17:49,417 DEBUG SQL:104 - 
    select
        coursemeet0_.courseCode as courseCode1_1_,
        coursemeet0_.courseCode as courseCode2_1_,
        coursemeet0_.day as day2_1_,
        coursemeet0_.period as period2_1_,
        coursemeet0_.location as location2_1_,
        coursemeet0_.courseCode as courseCode2_0_,
        coursemeet0_.day as day2_0_,
        coursemeet0_.period as period2_0_,
        coursemeet0_.location as location2_0_ 
    from
        CourseMeeting coursemeet0_ 
    where
        coursemeet0_.courseCode=?
14:17:49,419 DEBUG SQL:104 - 
    select
        this_.studentId as studentId4_2_,
        this_.name_first as name2_4_2_,
        this_.name_middle as name3_4_2_,
        this_.name_last as name4_4_2_,
        this_.preferredCourseCode as preferre5_4_2_,
        a1_.studentNumber as studentN8_4_4_,
        a1_.id as id0_4_,
        a1_.addressType as addressT2_4_,
        a1_.id as id0_0_,
        a1_.addressType as addressT2_0_0_,
        a1_.street as street0_0_,
        a1_.city as city0_0_,
        a1_.stateProvince as statePro5_0_0_,
        a1_.postalCode as postalCode0_0_,
        a1_.country as country0_0_,
        a1_.studentNumber as studentN8_0_0_,
        course2_.courseCode as courseCode1_1_,
        course2_.description as descript2_1_1_ 
    from
        Student this_ 
    left outer join
        Address a1_ 
            on this_.studentId=a1_.studentNumber 
    inner join
        Course course2_ 
            on this_.preferredCourseCode=course2_.courseCode 
    order by
        this_.studentId asc
14:17:49,429 DEBUG SQL:104 - 
    select
        secretcode0_.studentNumber as studentN1_4_0_,
        secretcode0_.secretCode as secretCode5_0_,
        secretcode0_.i as i0_ 
    from
        Student_secretCodes secretcode0_ 
    where
        secretcode0_.studentNumber=?
14:17:49,429 DEBUG SQL:104 - 
    select
        coursemeet0_.courseCode as courseCode1_1_,
        coursemeet0_.courseCode as courseCode2_1_,
        coursemeet0_.day as day2_1_,
        coursemeet0_.period as period2_1_,
        coursemeet0_.location as location2_1_,
        coursemeet0_.courseCode as courseCode2_0_,
        coursemeet0_.day as day2_0_,
        coursemeet0_.period as period2_0_,
        coursemeet0_.location as location2_0_ 
    from
        CourseMeeting coursemeet0_ 
    where
        coursemeet0_.courseCode=?
14:17:49,431 DEBUG SQL:104 - 
    select
        student_.studentId,
        student_.name_first as name2_4_,
        student_.name_middle as name3_4_,
        student_.name_last as name4_4_,
        student_.preferredCourseCode as preferre5_4_ 
    from
        Student student_ 
    where
        student_.studentId=?
14:17:49,431 DEBUG SQL:104 - 
    select
        enrolment_.studentId,
        enrolment_.courseCode,
        enrolment_.semester as semester3_,
        enrolment_."year" as year4_3_ 
    from
        Enrolment enrolment_ 
    where
        enrolment_.studentId=? 
        and enrolment_.courseCode=?
14:17:49,442 DEBUG SQL:104 - 
    select
        course_.courseCode,
        course_.description as descript2_1_ 
    from
        Course course_ 
    where
        course_.courseCode=?
14:17:49,443 DEBUG SQL:104 - 
    select
        student_.studentId,
        student_.name_first as name2_4_,
        student_.name_middle as name3_4_,
        student_.name_last as name4_4_,
        student_.preferredCourseCode as preferre5_4_ 
    from
        Student student_ 
    where
        student_.studentId=?
14:17:49,443 DEBUG SQL:104 - 
    select
        enrolment_.studentId,
        enrolment_.courseCode,
        enrolment_.semester as semester3_,
        enrolment_."year" as year4_3_ 
    from
        Enrolment enrolment_ 
    where
        enrolment_.studentId=? 
        and enrolment_.courseCode=?
14:17:49,453 DEBUG SQL:104 - 
    select
        coursemeet_.courseCode,
        coursemeet_.day,
        coursemeet_.period,
        coursemeet_.location 
    from
        CourseMeeting coursemeet_ 
    where
        coursemeet_.courseCode=? 
        and coursemeet_.day=? 
        and coursemeet_.period=? 
        and coursemeet_.location=?
14:17:49,453 DEBUG SQL:104 - 
    select
        coursemeet_.courseCode,
        coursemeet_.day,
        coursemeet_.period,
        coursemeet_.location 
    from
        CourseMeeting coursemeet_ 
    where
        coursemeet_.courseCode=? 
        and coursemeet_.day=? 
        and coursemeet_.period=? 
        and coursemeet_.location=?
14:17:49,454 DEBUG BaseGeneralDataRegion:59 - Caching[foo.org.hibernate.cache.spi.UpdateTimestampsCache] : [Enrolment] -> [5579090859843584]
14:17:49,454 DEBUG SQL:104 - 
    update
        Address 
    set
        studentNumber=null,
        addressType=null 
    where
        studentNumber=?
14:17:49,454 DEBUG BaseGeneralDataRegion:59 - Caching[foo.org.hibernate.cache.spi.UpdateTimestampsCache] : [Address] -> [5579090859843585]
14:17:49,454 DEBUG SQL:104 - 
    delete 
    from
        Student_secretCodes 
    where
        studentNumber=?
14:17:49,474 DEBUG BaseGeneralDataRegion:59 - Caching[foo.org.hibernate.cache.spi.UpdateTimestampsCache] : [Student_secretCodes] -> [5579090859925504]
14:17:49,475 DEBUG BaseGeneralDataRegion:59 - Caching[foo.org.hibernate.cache.spi.UpdateTimestampsCache] : [Enrolment] -> [5579090859929600]
14:17:49,475 DEBUG BaseGeneralDataRegion:59 - Caching[foo.org.hibernate.cache.spi.UpdateTimestampsCache] : [Address] -> [5579090859929601]
14:17:49,475 DEBUG SQL:104 - 
    delete 
    from
        Student_secretCodes 
    where
        studentNumber=?
14:17:49,475 DEBUG BaseGeneralDataRegion:59 - Caching[foo.org.hibernate.cache.spi.UpdateTimestampsCache] : [Student_secretCodes] -> [5579090859929602]
14:17:49,475 DEBUG BaseGeneralDataRegion:59 - Caching[foo.org.hibernate.cache.spi.UpdateTimestampsCache] : [CourseMeeting] -> [5579090859929603]
14:17:49,475 DEBUG SQL:104 - 
    delete 
    from
        Enrolment 
    where
        studentId=? 
        and courseCode=?
14:17:49,476 DEBUG BaseGeneralDataRegion:59 - Caching[foo.org.hibernate.cache.spi.UpdateTimestampsCache] : [Enrolment] -> [5579090859933696]
14:17:49,476 DEBUG SQL:104 - 
    delete 
    from
        Address 
    where
        id=?
14:17:49,476 DEBUG BaseGeneralDataRegion:59 - Caching[foo.org.hibernate.cache.spi.UpdateTimestampsCache] : [Address] -> [5579090859933697]
14:17:49,484 DEBUG SQL:104 - 
    delete 
    from
        Address 
    where
        id=?
14:17:49,484 DEBUG BaseGeneralDataRegion:59 - Caching[foo.org.hibernate.cache.spi.UpdateTimestampsCache] : [Address] -> [5579090859966464]
14:17:49,484 DEBUG SQL:104 - 
    delete 
    from
        Student 
    where
        studentId=?
14:17:49,484 DEBUG BaseGeneralDataRegion:59 - Caching[foo.org.hibernate.cache.spi.UpdateTimestampsCache] : [Student] -> [5579090859966465]
14:17:49,485 DEBUG SQL:104 - 
    delete 
    from
        Enrolment 
    where
        studentId=? 
        and courseCode=?
14:17:49,485 DEBUG BaseGeneralDataRegion:59 - Caching[foo.org.hibernate.cache.spi.UpdateTimestampsCache] : [Enrolment] -> [5579090859970560]
14:17:49,485 DEBUG SQL:104 - 
    delete 
    from
        Student 
    where
        studentId=?
14:17:49,485 DEBUG BaseGeneralDataRegion:59 - Caching[foo.org.hibernate.cache.spi.UpdateTimestampsCache] : [Student] -> [5579090859970561]
14:17:49,485 DEBUG SQL:104 - 
    delete 
    from
        CourseMeeting 
    where
        courseCode=? 
        and day=? 
        and period=? 
        and location=?
14:17:49,495 DEBUG BaseGeneralDataRegion:59 - Caching[foo.org.hibernate.cache.spi.UpdateTimestampsCache] : [CourseMeeting] -> [5579090860011520]
14:17:49,495 DEBUG SQL:104 - 
    delete 
    from
        CourseMeeting 
    where
        courseCode=? 
        and day=? 
        and period=? 
        and location=?
14:17:49,495 DEBUG BaseGeneralDataRegion:59 - Caching[foo.org.hibernate.cache.spi.UpdateTimestampsCache] : [CourseMeeting] -> [5579090860011521]
14:17:49,495 DEBUG SQL:104 - 
    delete 
    from
        Course 
    where
        courseCode=?
14:17:49,496 DEBUG BaseGeneralDataRegion:59 - Caching[foo.org.hibernate.cache.spi.UpdateTimestampsCache] : [Course] -> [5579090860015616]
14:17:49,496 DEBUG BaseGeneralDataRegion:59 - Caching[foo.org.hibernate.cache.spi.UpdateTimestampsCache] : [Student] -> [5579090614255617]
14:17:49,496 DEBUG BaseGeneralDataRegion:59 - Caching[foo.org.hibernate.cache.spi.UpdateTimestampsCache] : [Course] -> [5579090614255617]
14:17:49,496 DEBUG BaseGeneralDataRegion:59 - Caching[foo.org.hibernate.cache.spi.UpdateTimestampsCache] : [Enrolment] -> [5579090614255617]
14:17:49,496 DEBUG BaseGeneralDataRegion:59 - Caching[foo.org.hibernate.cache.spi.UpdateTimestampsCache] : [Student_secretCodes] -> [5579090614255617]
14:17:49,504 DEBUG BaseGeneralDataRegion:59 - Caching[foo.org.hibernate.cache.spi.UpdateTimestampsCache] : [Address] -> [5579090614255617]
14:17:49,505 DEBUG BaseGeneralDataRegion:59 - Caching[foo.org.hibernate.cache.spi.UpdateTimestampsCache] : [CourseMeeting] -> [5579090614255617]
14:17:49,505  INFO CustomRunner:139 - Test: testAliasToEntityMapOneProjectionList
14:17:49,507 DEBUG SQL:104 - 
    select
        coursemeet_.courseCode,
        coursemeet_.day,
        coursemeet_.period,
        coursemeet_.location 
    from
        CourseMeeting coursemeet_ 
    where
        coursemeet_.courseCode=? 
        and coursemeet_.day=? 
        and coursemeet_.period=? 
        and coursemeet_.location=?
14:17:49,508 DEBUG SQL:104 - 
    select
        coursemeet_.courseCode,
        coursemeet_.day,
        coursemeet_.period,
        coursemeet_.location 
    from
        CourseMeeting coursemeet_ 
    where
        coursemeet_.courseCode=? 
        and coursemeet_.day=? 
        and coursemeet_.period=? 
        and coursemeet_.location=?
14:17:49,517 DEBUG SQL:104 - 
    insert 
    into
        Course
        (description, courseCode) 
    values
        (?, ?)
14:17:49,517 DEBUG BaseGeneralDataRegion:59 - Caching[foo.org.hibernate.cache.spi.UpdateTimestampsCache] : [Course] -> [5579090860101632]
14:17:49,518 DEBUG SQL:104 - 
    insert 
    into
        CourseMeeting
        (courseCode, day, period, location) 
    values
        (?, ?, ?, ?)
14:17:49,518 DEBUG BaseGeneralDataRegion:59 - Caching[foo.org.hibernate.cache.spi.UpdateTimestampsCache] : [CourseMeeting] -> [5579090860105728]
14:17:49,518 DEBUG SQL:104 - 
    insert 
    into
        CourseMeeting
        (courseCode, day, period, location) 
    values
        (?, ?, ?, ?)
14:17:49,518 DEBUG BaseGeneralDataRegion:59 - Caching[foo.org.hibernate.cache.spi.UpdateTimestampsCache] : [CourseMeeting] -> [5579090860105729]
14:17:49,518 DEBUG SQL:104 - 
    insert 
    into
        Student
        (name_first, name_middle, name_last, preferredCourseCode, studentId) 
    values
        (?, ?, ?, ?, ?)
14:17:49,526 DEBUG BaseGeneralDataRegion:59 - Caching[foo.org.hibernate.cache.spi.UpdateTimestampsCache] : [Student] -> [5579090860138496]
14:17:49,526 DEBUG SQL:104 - 
    insert 
    into
        Address
        (addressType, street, city, stateProvince, postalCode, country, studentNumber, id) 
    values
        (?, ?, ?, ?, ?, ?, ?, ?)
14:17:49,527 DEBUG BaseGeneralDataRegion:59 - Caching[foo.org.hibernate.cache.spi.UpdateTimestampsCache] : [Address] -> [5579090860138497]
14:17:49,527 DEBUG SQL:104 - 
    insert 
    into
        Address
        (addressType, street, city, stateProvince, postalCode, country, studentNumber, id) 
    values
        (?, ?, ?, ?, ?, ?, ?, ?)
14:17:49,527 DEBUG BaseGeneralDataRegion:59 - Caching[foo.org.hibernate.cache.spi.UpdateTimestampsCache] : [Address] -> [5579090860142592]
14:17:49,527 DEBUG SQL:104 - 
    insert 
    into
        Student
        (name_first, name_middle, name_last, preferredCourseCode, studentId) 
    values
        (?, ?, ?, ?, ?)
14:17:49,527 DEBUG BaseGeneralDataRegion:59 - Caching[foo.org.hibernate.cache.spi.UpdateTimestampsCache] : [Student] -> [5579090860142593]
14:17:49,527 DEBUG SQL:104 - 
    insert 
    into
        Enrolment
        (semester, "year", studentId, courseCode) 
    values
        (?, ?, ?, ?)
14:17:49,536 DEBUG BaseGeneralDataRegion:59 - Caching[foo.org.hibernate.cache.spi.UpdateTimestampsCache] : [Enrolment] -> [5579090860179456]
14:17:49,537 DEBUG SQL:104 - 
    insert 
    into
        Enrolment
        (semester, "year", studentId, courseCode) 
    values
        (?, ?, ?, ?)
14:17:49,537 DEBUG BaseGeneralDataRegion:59 - Caching[foo.org.hibernate.cache.spi.UpdateTimestampsCache] : [Enrolment] -> [5579090860183552]
14:17:49,537 DEBUG BaseGeneralDataRegion:59 - Caching[foo.org.hibernate.cache.spi.UpdateTimestampsCache] : [CourseMeeting] -> [5579090860183553]
14:17:49,537 DEBUG BaseGeneralDataRegion:59 - Caching[foo.org.hibernate.cache.spi.UpdateTimestampsCache] : [Enrolment] -> [5579090860183554]
14:17:49,537 DEBUG SQL:104 - 
    update
        Address 
    set
        studentNumber=?,
        addressType=? 
    where
        id=?
14:17:49,537 DEBUG SQL:104 - 
    update
        Address 
    set
        studentNumber=?,
        addressType=? 
    where
        id=?
14:17:49,547 DEBUG BaseGeneralDataRegion:59 - Caching[foo.org.hibernate.cache.spi.UpdateTimestampsCache] : [Address] -> [5579090860224512]
14:17:49,547 DEBUG SQL:104 - 
    insert 
    into
        Student_secretCodes
        (studentNumber, i, secretCode) 
    values
        (?, ?, ?)
14:17:49,548 DEBUG BaseGeneralDataRegion:59 - Caching[foo.org.hibernate.cache.spi.UpdateTimestampsCache] : [Student_secretCodes] -> [5579090860228608]
14:17:49,548 DEBUG BaseGeneralDataRegion:59 - Caching[foo.org.hibernate.cache.spi.UpdateTimestampsCache] : [Enrolment] -> [5579090860228609]
14:17:49,548 DEBUG BaseGeneralDataRegion:59 - Caching[foo.org.hibernate.cache.spi.UpdateTimestampsCache] : [Address] -> [5579090860228610]
14:17:49,548 DEBUG SQL:104 - 
    insert 
    into
        Student_secretCodes
        (studentNumber, i, secretCode) 
    values
        (?, ?, ?)
14:17:49,548 DEBUG SQL:104 - 
    insert 
    into
        Student_secretCodes
        (studentNumber, i, secretCode) 
    values
        (?, ?, ?)
14:17:49,548 DEBUG BaseGeneralDataRegion:59 - Caching[foo.org.hibernate.cache.spi.UpdateTimestampsCache] : [Student_secretCodes] -> [5579090860228611]
14:17:49,549 DEBUG BaseGeneralDataRegion:59 - Caching[foo.org.hibernate.cache.spi.UpdateTimestampsCache] : [Student] -> [5579090614472704]
14:17:49,549 DEBUG BaseGeneralDataRegion:59 - Caching[foo.org.hibernate.cache.spi.UpdateTimestampsCache] : [Course] -> [5579090614472704]
14:17:49,549 DEBUG BaseGeneralDataRegion:59 - Caching[foo.org.hibernate.cache.spi.UpdateTimestampsCache] : [Enrolment] -> [5579090614472704]
14:17:49,566 DEBUG BaseGeneralDataRegion:59 - Caching[foo.org.hibernate.cache.spi.UpdateTimestampsCache] : [Student_secretCodes] -> [5579090614472704]
14:17:49,566 DEBUG BaseGeneralDataRegion:59 - Caching[foo.org.hibernate.cache.spi.UpdateTimestampsCache] : [Address] -> [5579090614472704]
14:17:49,566 DEBUG BaseGeneralDataRegion:59 - Caching[foo.org.hibernate.cache.spi.UpdateTimestampsCache] : [CourseMeeting] -> [5579090614472704]
14:17:49,567 DEBUG SQL:104 - 
    select
        this_.studentId as y0_ 
    from
        Enrolment this_ 
    order by
        this_.studentId asc
14:17:49,568 DEBUG SQL:104 - 
    select
        this_.studentId as y0_ 
    from
        Enrolment this_ 
    order by
        this_.studentId asc
14:17:49,568 DEBUG SQL:104 - 
    select
        student_.studentId,
        student_.name_first as name2_4_,
        student_.name_middle as name3_4_,
        student_.name_last as name4_4_,
        student_.preferredCourseCode as preferre5_4_ 
    from
        Student student_ 
    where
        student_.studentId=?
14:17:49,569 DEBUG SQL:104 - 
    select
        enrolment_.studentId,
        enrolment_.courseCode,
        enrolment_.semester as semester3_,
        enrolment_."year" as year4_3_ 
    from
        Enrolment enrolment_ 
    where
        enrolment_.studentId=? 
        and enrolment_.courseCode=?
14:17:49,569 DEBUG SQL:104 - 
    select
        course_.courseCode,
        course_.description as descript2_1_ 
    from
        Course course_ 
    where
        course_.courseCode=?
14:17:49,569 DEBUG SQL:104 - 
    select
        student_.studentId,
        student_.name_first as name2_4_,
        student_.name_middle as name3_4_,
        student_.name_last as name4_4_,
        student_.preferredCourseCode as preferre5_4_ 
    from
        Student student_ 
    where
        student_.studentId=?
14:17:49,569 DEBUG SQL:104 - 
    select
        enrolment_.studentId,
        enrolment_.courseCode,
        enrolment_.semester as semester3_,
        enrolment_."year" as year4_3_ 
    from
        Enrolment enrolment_ 
    where
        enrolment_.studentId=? 
        and enrolment_.courseCode=?
14:17:49,573 DEBUG SQL:104 - 
    select
        coursemeet_.courseCode,
        coursemeet_.day,
        coursemeet_.period,
        coursemeet_.location 
    from
        CourseMeeting coursemeet_ 
    where
        coursemeet_.courseCode=? 
        and coursemeet_.day=? 
        and coursemeet_.period=? 
        and coursemeet_.location=?
14:17:49,574 DEBUG SQL:104 - 
    select
        coursemeet_.courseCode,
        coursemeet_.day,
        coursemeet_.period,
        coursemeet_.location 
    from
        CourseMeeting coursemeet_ 
    where
        coursemeet_.courseCode=? 
        and coursemeet_.day=? 
        and coursemeet_.period=? 
        and coursemeet_.location=?
14:17:49,584 DEBUG BaseGeneralDataRegion:59 - Caching[foo.org.hibernate.cache.spi.UpdateTimestampsCache] : [Enrolment] -> [5579090860376064]
14:17:49,585 DEBUG SQL:104 - 
    update
        Address 
    set
        studentNumber=null,
        addressType=null 
    where
        studentNumber=?
14:17:49,585 DEBUG BaseGeneralDataRegion:59 - Caching[foo.org.hibernate.cache.spi.UpdateTimestampsCache] : [Address] -> [5579090860380160]
14:17:49,585 DEBUG SQL:104 - 
    delete 
    from
        Student_secretCodes 
    where
        studentNumber=?
14:17:49,585 DEBUG BaseGeneralDataRegion:59 - Caching[foo.org.hibernate.cache.spi.UpdateTimestampsCache] : [Student_secretCodes] -> [5579090860380161]
14:17:49,585 DEBUG BaseGeneralDataRegion:59 - Caching[foo.org.hibernate.cache.spi.UpdateTimestampsCache] : [Enrolment] -> [5579090860380162]
14:17:49,585 DEBUG BaseGeneralDataRegion:59 - Caching[foo.org.hibernate.cache.spi.UpdateTimestampsCache] : [Address] -> [5579090860380163]
14:17:49,585 DEBUG SQL:104 - 
    delete 
    from
        Student_secretCodes 
    where
        studentNumber=?
14:17:49,586 DEBUG BaseGeneralDataRegion:59 - Caching[foo.org.hibernate.cache.spi.UpdateTimestampsCache] : [Student_secretCodes] -> [5579090860384256]
14:17:49,586 DEBUG BaseGeneralDataRegion:59 - Caching[foo.org.hibernate.cache.spi.UpdateTimestampsCache] : [CourseMeeting] -> [5579090860384257]
14:17:49,586 DEBUG SQL:104 - 
    delete 
    from
        Enrolment 
    where
        studentId=? 
        and courseCode=?
14:17:49,586 DEBUG BaseGeneralDataRegion:59 - Caching[foo.org.hibernate.cache.spi.UpdateTimestampsCache] : [Enrolment] -> [5579090860384258]
14:17:49,586 DEBUG SQL:104 - 
    delete 
    from
        Address 
    where
        id=?
14:17:49,607 DEBUG BaseGeneralDataRegion:59 - Caching[foo.org.hibernate.cache.spi.UpdateTimestampsCache] : [Address] -> [5579090860470272]
14:17:49,607 DEBUG SQL:104 - 
    delete 
    from
        Address 
    where
        id=?
14:17:49,607 DEBUG BaseGeneralDataRegion:59 - Caching[foo.org.hibernate.cache.spi.UpdateTimestampsCache] : [Address] -> [5579090860470273]
14:17:49,607 DEBUG SQL:104 - 
    delete 
    from
        Student 
    where
        studentId=?
14:17:49,607 DEBUG BaseGeneralDataRegion:59 - Caching[foo.org.hibernate.cache.spi.UpdateTimestampsCache] : [Student] -> [5579090860470274]
14:17:49,607 DEBUG SQL:104 - 
    delete 
    from
        Enrolment 
    where
        studentId=? 
        and courseCode=?
14:17:49,608 DEBUG BaseGeneralDataRegion:59 - Caching[foo.org.hibernate.cache.spi.UpdateTimestampsCache] : [Enrolment] -> [5579090860474368]
14:17:49,608 DEBUG SQL:104 - 
    delete 
    from
        Student 
    where
        studentId=?
14:17:49,608 DEBUG BaseGeneralDataRegion:59 - Caching[foo.org.hibernate.cache.spi.UpdateTimestampsCache] : [Student] -> [5579090860474369]
14:17:49,617 DEBUG SQL:104 - 
    delete 
    from
        CourseMeeting 
    where
        courseCode=? 
        and day=? 
        and period=? 
        and location=?
14:17:49,617 DEBUG BaseGeneralDataRegion:59 - Caching[foo.org.hibernate.cache.spi.UpdateTimestampsCache] : [CourseMeeting] -> [5579090860511232]
14:17:49,617 DEBUG SQL:104 - 
    delete 
    from
        CourseMeeting 
    where
        courseCode=? 
        and day=? 
        and period=? 
        and location=?
14:17:49,617 DEBUG BaseGeneralDataRegion:59 - Caching[foo.org.hibernate.cache.spi.UpdateTimestampsCache] : [CourseMeeting] -> [5579090860511233]
14:17:49,617 DEBUG SQL:104 - 
    delete 
    from
        Course 
    where
        courseCode=?
14:17:49,618 DEBUG BaseGeneralDataRegion:59 - Caching[foo.org.hibernate.cache.spi.UpdateTimestampsCache] : [Course] -> [5579090860515328]
14:17:49,618 DEBUG BaseGeneralDataRegion:59 - Caching[foo.org.hibernate.cache.spi.UpdateTimestampsCache] : [Student] -> [5579090614755329]
14:17:49,618 DEBUG BaseGeneralDataRegion:59 - Caching[foo.org.hibernate.cache.spi.UpdateTimestampsCache] : [Course] -> [5579090614755329]
14:17:49,618 DEBUG BaseGeneralDataRegion:59 - Caching[foo.org.hibernate.cache.spi.UpdateTimestampsCache] : [Enrolment] -> [5579090614755329]
14:17:49,627 DEBUG BaseGeneralDataRegion:59 - Caching[foo.org.hibernate.cache.spi.UpdateTimestampsCache] : [Student_secretCodes] -> [5579090614755329]
14:17:49,627 DEBUG BaseGeneralDataRegion:59 - Caching[foo.org.hibernate.cache.spi.UpdateTimestampsCache] : [Address] -> [5579090614755329]
14:17:49,627 DEBUG BaseGeneralDataRegion:59 - Caching[foo.org.hibernate.cache.spi.UpdateTimestampsCache] : [CourseMeeting] -> [5579090614755329]
14:17:49,628  INFO CustomRunner:139 - Test: testEntityWithAliasedJoinFetchedLazyOneToManySingleElementListHql
14:17:49,630 DEBUG SQL:104 - 
    select
        coursemeet_.courseCode,
        coursemeet_.day,
        coursemeet_.period,
        coursemeet_.location 
    from
        CourseMeeting coursemeet_ 
    where
        coursemeet_.courseCode=? 
        and coursemeet_.day=? 
        and coursemeet_.period=? 
        and coursemeet_.location=?
14:17:49,630 DEBUG SQL:104 - 
    select
        coursemeet_.courseCode,
        coursemeet_.day,
        coursemeet_.period,
        coursemeet_.location 
    from
        CourseMeeting coursemeet_ 
    where
        coursemeet_.courseCode=? 
        and coursemeet_.day=? 
        and coursemeet_.period=? 
        and coursemeet_.location=?
14:17:49,638 DEBUG SQL:104 - 
    insert 
    into
        Course
        (description, courseCode) 
    values
        (?, ?)
14:17:49,638 DEBUG BaseGeneralDataRegion:59 - Caching[foo.org.hibernate.cache.spi.UpdateTimestampsCache] : [Course] -> [5579090860597248]
14:17:49,638 DEBUG SQL:104 - 
    insert 
    into
        CourseMeeting
        (courseCode, day, period, location) 
    values
        (?, ?, ?, ?)
14:17:49,639 DEBUG BaseGeneralDataRegion:59 - Caching[foo.org.hibernate.cache.spi.UpdateTimestampsCache] : [CourseMeeting] -> [5579090860601344]
14:17:49,639 DEBUG SQL:104 - 
    insert 
    into
        CourseMeeting
        (courseCode, day, period, location) 
    values
        (?, ?, ?, ?)
14:17:49,639 DEBUG BaseGeneralDataRegion:59 - Caching[foo.org.hibernate.cache.spi.UpdateTimestampsCache] : [CourseMeeting] -> [5579090860601345]
14:17:49,639 DEBUG SQL:104 - 
    insert 
    into
        Student
        (name_first, name_middle, name_last, preferredCourseCode, studentId) 
    values
        (?, ?, ?, ?, ?)
14:17:49,646 DEBUG BaseGeneralDataRegion:59 - Caching[foo.org.hibernate.cache.spi.UpdateTimestampsCache] : [Student] -> [5579090860630016]
14:17:49,647 DEBUG SQL:104 - 
    insert 
    into
        Address
        (addressType, street, city, stateProvince, postalCode, country, studentNumber, id) 
    values
        (?, ?, ?, ?, ?, ?, ?, ?)
14:17:49,647 DEBUG BaseGeneralDataRegion:59 - Caching[foo.org.hibernate.cache.spi.UpdateTimestampsCache] : [Address] -> [5579090860634112]
14:17:49,647 DEBUG SQL:104 - 
    insert 
    into
        Address
        (addressType, street, city, stateProvince, postalCode, country, studentNumber, id) 
    values
        (?, ?, ?, ?, ?, ?, ?, ?)
14:17:49,647 DEBUG BaseGeneralDataRegion:59 - Caching[foo.org.hibernate.cache.spi.UpdateTimestampsCache] : [Address] -> [5579090860634113]
14:17:49,647 DEBUG SQL:104 - 
    insert 
    into
        Student
        (name_first, name_middle, name_last, preferredCourseCode, studentId) 
    values
        (?, ?, ?, ?, ?)
14:17:49,648 DEBUG BaseGeneralDataRegion:59 - Caching[foo.org.hibernate.cache.spi.UpdateTimestampsCache] : [Student] -> [5579090860634114]
14:17:49,648 DEBUG SQL:104 - 
    insert 
    into
        Enrolment
        (semester, "year", studentId, courseCode) 
    values
        (?, ?, ?, ?)
14:17:49,657 DEBUG BaseGeneralDataRegion:59 - Caching[foo.org.hibernate.cache.spi.UpdateTimestampsCache] : [Enrolment] -> [5579090860675072]
14:17:49,657 DEBUG SQL:104 - 
    insert 
    into
        Enrolment
        (semester, "year", studentId, courseCode) 
    values
        (?, ?, ?, ?)
14:17:49,657 DEBUG BaseGeneralDataRegion:59 - Caching[foo.org.hibernate.cache.spi.UpdateTimestampsCache] : [Enrolment] -> [5579090860675073]
14:17:49,657 DEBUG BaseGeneralDataRegion:59 - Caching[foo.org.hibernate.cache.spi.UpdateTimestampsCache] : [CourseMeeting] -> [5579090860675074]
14:17:49,657 DEBUG BaseGeneralDataRegion:59 - Caching[foo.org.hibernate.cache.spi.UpdateTimestampsCache] : [Enrolment] -> [5579090860675075]
14:17:49,657 DEBUG SQL:104 - 
    update
        Address 
    set
        studentNumber=?,
        addressType=? 
    where
        id=?
14:17:49,658 DEBUG SQL:104 - 
    update
        Address 
    set
        studentNumber=?,
        addressType=? 
    where
        id=?
14:17:49,668 DEBUG BaseGeneralDataRegion:59 - Caching[foo.org.hibernate.cache.spi.UpdateTimestampsCache] : [Address] -> [5579090860720128]
14:17:49,668 DEBUG SQL:104 - 
    insert 
    into
        Student_secretCodes
        (studentNumber, i, secretCode) 
    values
        (?, ?, ?)
14:17:49,668 DEBUG BaseGeneralDataRegion:59 - Caching[foo.org.hibernate.cache.spi.UpdateTimestampsCache] : [Student_secretCodes] -> [5579090860720129]
14:17:49,668 DEBUG BaseGeneralDataRegion:59 - Caching[foo.org.hibernate.cache.spi.UpdateTimestampsCache] : [Enrolment] -> [5579090860720130]
14:17:49,668 DEBUG BaseGeneralDataRegion:59 - Caching[foo.org.hibernate.cache.spi.UpdateTimestampsCache] : [Address] -> [5579090860720131]
14:17:49,669 DEBUG SQL:104 - 
    insert 
    into
        Student_secretCodes
        (studentNumber, i, secretCode) 
    values
        (?, ?, ?)
14:17:49,669 DEBUG SQL:104 - 
    insert 
    into
        Student_secretCodes
        (studentNumber, i, secretCode) 
    values
        (?, ?, ?)
14:17:49,669 DEBUG BaseGeneralDataRegion:59 - Caching[foo.org.hibernate.cache.spi.UpdateTimestampsCache] : [Student_secretCodes] -> [5579090860724224]
14:17:49,669 DEBUG BaseGeneralDataRegion:59 - Caching[foo.org.hibernate.cache.spi.UpdateTimestampsCache] : [Student] -> [5579090614964225]
14:17:49,669 DEBUG BaseGeneralDataRegion:59 - Caching[foo.org.hibernate.cache.spi.UpdateTimestampsCache] : [Course] -> [5579090614964225]
14:17:49,678 DEBUG BaseGeneralDataRegion:59 - Caching[foo.org.hibernate.cache.spi.UpdateTimestampsCache] : [Enrolment] -> [5579090614964225]
14:17:49,678 DEBUG BaseGeneralDataRegion:59 - Caching[foo.org.hibernate.cache.spi.UpdateTimestampsCache] : [Student_secretCodes] -> [5579090614964225]
14:17:49,678 DEBUG BaseGeneralDataRegion:59 - Caching[foo.org.hibernate.cache.spi.UpdateTimestampsCache] : [Address] -> [5579090614964225]
14:17:49,678 DEBUG BaseGeneralDataRegion:59 - Caching[foo.org.hibernate.cache.spi.UpdateTimestampsCache] : [CourseMeeting] -> [5579090614964225]
14:17:49,678 DEBUG SQL:104 - 
    select
        student_.studentId,
        student_.name_first as name2_4_,
        student_.name_middle as name3_4_,
        student_.name_last as name4_4_,
        student_.preferredCourseCode as preferre5_4_ 
    from
        Student student_ 
    where
        student_.studentId=?
14:17:49,679 DEBUG SQL:104 - 
    select
        enrolment_.studentId,
        enrolment_.courseCode,
        enrolment_.semester as semester3_,
        enrolment_."year" as year4_3_ 
    from
        Enrolment enrolment_ 
    where
        enrolment_.studentId=? 
        and enrolment_.courseCode=?
14:17:49,679 DEBUG SQL:104 - 
    select
        course_.courseCode,
        course_.description as descript2_1_ 
    from
        Course course_ 
    where
        course_.courseCode=?
14:17:49,689 DEBUG SQL:104 - 
    select
        student_.studentId,
        student_.name_first as name2_4_,
        student_.name_middle as name3_4_,
        student_.name_last as name4_4_,
        student_.preferredCourseCode as preferre5_4_ 
    from
        Student student_ 
    where
        student_.studentId=?
14:17:49,690 DEBUG SQL:104 - 
    select
        enrolment_.studentId,
        enrolment_.courseCode,
        enrolment_.semester as semester3_,
        enrolment_."year" as year4_3_ 
    from
        Enrolment enrolment_ 
    where
        enrolment_.studentId=? 
        and enrolment_.courseCode=?
14:17:49,690 DEBUG SQL:104 - 
    select
        coursemeet_.courseCode,
        coursemeet_.day,
        coursemeet_.period,
        coursemeet_.location 
    from
        CourseMeeting coursemeet_ 
    where
        coursemeet_.courseCode=? 
        and coursemeet_.day=? 
        and coursemeet_.period=? 
        and coursemeet_.location=?
14:17:49,690 DEBUG SQL:104 - 
    select
        coursemeet_.courseCode,
        coursemeet_.day,
        coursemeet_.period,
        coursemeet_.location 
    from
        CourseMeeting coursemeet_ 
    where
        coursemeet_.courseCode=? 
        and coursemeet_.day=? 
        and coursemeet_.period=? 
        and coursemeet_.location=?
14:17:49,691 DEBUG BaseGeneralDataRegion:59 - Caching[foo.org.hibernate.cache.spi.UpdateTimestampsCache] : [Enrolment] -> [5579090860814336]
14:17:49,691 DEBUG SQL:104 - 
    update
        Address 
    set
        studentNumber=null,
        addressType=null 
    where
        studentNumber=?
14:17:49,701 DEBUG BaseGeneralDataRegion:59 - Caching[foo.org.hibernate.cache.spi.UpdateTimestampsCache] : [Address] -> [5579090860855296]
14:17:49,702 DEBUG SQL:104 - 
    delete 
    from
        Student_secretCodes 
    where
        studentNumber=?
14:17:49,702 DEBUG BaseGeneralDataRegion:59 - Caching[foo.org.hibernate.cache.spi.UpdateTimestampsCache] : [Student_secretCodes] -> [5579090860859392]
14:17:49,702 DEBUG BaseGeneralDataRegion:59 - Caching[foo.org.hibernate.cache.spi.UpdateTimestampsCache] : [Enrolment] -> [5579090860859393]
14:17:49,702 DEBUG BaseGeneralDataRegion:59 - Caching[foo.org.hibernate.cache.spi.UpdateTimestampsCache] : [Address] -> [5579090860859394]
14:17:49,702 DEBUG SQL:104 - 
    delete 
    from
        Student_secretCodes 
    where
        studentNumber=?
14:17:49,703 DEBUG BaseGeneralDataRegion:59 - Caching[foo.org.hibernate.cache.spi.UpdateTimestampsCache] : [Student_secretCodes] -> [5579090860863488]
14:17:49,703 DEBUG BaseGeneralDataRegion:59 - Caching[foo.org.hibernate.cache.spi.UpdateTimestampsCache] : [CourseMeeting] -> [5579090860863489]
14:17:49,703 DEBUG SQL:104 - 
    delete 
    from
        Enrolment 
    where
        studentId=? 
        and courseCode=?
14:17:49,703 DEBUG BaseGeneralDataRegion:59 - Caching[foo.org.hibernate.cache.spi.UpdateTimestampsCache] : [Enrolment] -> [5579090860863490]
14:17:49,703 DEBUG SQL:104 - 
    delete 
    from
        Address 
    where
        id=?
14:17:49,712 DEBUG BaseGeneralDataRegion:59 - Caching[foo.org.hibernate.cache.spi.UpdateTimestampsCache] : [Address] -> [5579090860900352]
14:17:49,712 DEBUG SQL:104 - 
    delete 
    from
        Address 
    where
        id=?
14:17:49,712 DEBUG BaseGeneralDataRegion:59 - Caching[foo.org.hibernate.cache.spi.UpdateTimestampsCache] : [Address] -> [5579090860900353]
14:17:49,712 DEBUG SQL:104 - 
    delete 
    from
        Student 
    where
        studentId=?
14:17:49,713 DEBUG BaseGeneralDataRegion:59 - Caching[foo.org.hibernate.cache.spi.UpdateTimestampsCache] : [Student] -> [5579090860904448]
14:17:49,713 DEBUG SQL:104 - 
    delete 
    from
        Enrolment 
    where
        studentId=? 
        and courseCode=?
14:17:49,713 DEBUG BaseGeneralDataRegion:59 - Caching[foo.org.hibernate.cache.spi.UpdateTimestampsCache] : [Enrolment] -> [5579090860904449]
14:17:49,713 DEBUG SQL:104 - 
    delete 
    from
        Student 
    where
        studentId=?
14:17:49,713 DEBUG BaseGeneralDataRegion:59 - Caching[foo.org.hibernate.cache.spi.UpdateTimestampsCache] : [Student] -> [5579090860904450]
14:17:49,713 DEBUG SQL:104 - 
    delete 
    from
        CourseMeeting 
    where
        courseCode=? 
        and day=? 
        and period=? 
        and location=?
14:17:49,714 DEBUG BaseGeneralDataRegion:59 - Caching[foo.org.hibernate.cache.spi.UpdateTimestampsCache] : [CourseMeeting] -> [5579090860908544]
14:17:49,714 DEBUG SQL:104 - 
    delete 
    from
        CourseMeeting 
    where
        courseCode=? 
        and day=? 
        and period=? 
        and location=?
14:17:49,736 DEBUG BaseGeneralDataRegion:59 - Caching[foo.org.hibernate.cache.spi.UpdateTimestampsCache] : [CourseMeeting] -> [5579090860998656]
14:17:49,736 DEBUG SQL:104 - 
    delete 
    from
        Course 
    where
        courseCode=?
14:17:49,736 DEBUG BaseGeneralDataRegion:59 - Caching[foo.org.hibernate.cache.spi.UpdateTimestampsCache] : [Course] -> [5579090860998657]
14:17:49,736 DEBUG BaseGeneralDataRegion:59 - Caching[foo.org.hibernate.cache.spi.UpdateTimestampsCache] : [Student] -> [5579090615238658]
14:17:49,736 DEBUG BaseGeneralDataRegion:59 - Caching[foo.org.hibernate.cache.spi.UpdateTimestampsCache] : [Course] -> [5579090615238658]
14:17:49,736 DEBUG BaseGeneralDataRegion:59 - Caching[foo.org.hibernate.cache.spi.UpdateTimestampsCache] : [Enrolment] -> [5579090615238658]
14:17:49,737 DEBUG BaseGeneralDataRegion:59 - Caching[foo.org.hibernate.cache.spi.UpdateTimestampsCache] : [Student_secretCodes] -> [5579090615238658]
14:17:49,737 DEBUG BaseGeneralDataRegion:59 - Caching[foo.org.hibernate.cache.spi.UpdateTimestampsCache] : [Address] -> [5579090615238658]
14:17:49,737 DEBUG BaseGeneralDataRegion:59 - Caching[foo.org.hibernate.cache.spi.UpdateTimestampsCache] : [CourseMeeting] -> [5579090615238658]
14:17:49,737  INFO CustomRunner:139 - Test: testEntityWithJoinFetchedLazyManyToOneList
14:17:49,739 DEBUG SQL:104 - 
    select
        coursemeet_.courseCode,
        coursemeet_.day,
        coursemeet_.period,
        coursemeet_.location 
    from
        CourseMeeting coursemeet_ 
    where
        coursemeet_.courseCode=? 
        and coursemeet_.day=? 
        and coursemeet_.period=? 
        and coursemeet_.location=?
14:17:49,746 DEBUG SQL:104 - 
    select
        coursemeet_.courseCode,
        coursemeet_.day,
        coursemeet_.period,
        coursemeet_.location 
    from
        CourseMeeting coursemeet_ 
    where
        coursemeet_.courseCode=? 
        and coursemeet_.day=? 
        and coursemeet_.period=? 
        and coursemeet_.location=?
14:17:49,747 DEBUG SQL:104 - 
    insert 
    into
        Course
        (description, courseCode) 
    values
        (?, ?)
14:17:49,747 DEBUG BaseGeneralDataRegion:59 - Caching[foo.org.hibernate.cache.spi.UpdateTimestampsCache] : [Course] -> [5579090861043712]
14:17:49,747 DEBUG SQL:104 - 
    insert 
    into
        CourseMeeting
        (courseCode, day, period, location) 
    values
        (?, ?, ?, ?)
14:17:49,748 DEBUG BaseGeneralDataRegion:59 - Caching[foo.org.hibernate.cache.spi.UpdateTimestampsCache] : [CourseMeeting] -> [5579090861047808]
14:17:49,748 DEBUG SQL:104 - 
    insert 
    into
        CourseMeeting
        (courseCode, day, period, location) 
    values
        (?, ?, ?, ?)
14:17:49,748 DEBUG BaseGeneralDataRegion:59 - Caching[foo.org.hibernate.cache.spi.UpdateTimestampsCache] : [CourseMeeting] -> [5579090861047809]
14:17:49,748 DEBUG SQL:104 - 
    insert 
    into
        Student
        (name_first, name_middle, name_last, preferredCourseCode, studentId) 
    values
        (?, ?, ?, ?, ?)
14:17:49,748 DEBUG BaseGeneralDataRegion:59 - Caching[foo.org.hibernate.cache.spi.UpdateTimestampsCache] : [Student] -> [5579090861047810]
14:17:49,748 DEBUG SQL:104 - 
    insert 
    into
        Address
        (addressType, street, city, stateProvince, postalCode, country, studentNumber, id) 
    values
        (?, ?, ?, ?, ?, ?, ?, ?)
14:17:49,749 DEBUG BaseGeneralDataRegion:59 - Caching[foo.org.hibernate.cache.spi.UpdateTimestampsCache] : [Address] -> [5579090861051904]
14:17:49,749 DEBUG SQL:104 - 
    insert 
    into
        Address
        (addressType, street, city, stateProvince, postalCode, country, studentNumber, id) 
    values
        (?, ?, ?, ?, ?, ?, ?, ?)
14:17:49,749 DEBUG BaseGeneralDataRegion:59 - Caching[foo.org.hibernate.cache.spi.UpdateTimestampsCache] : [Address] -> [5579090861051905]
14:17:49,749 DEBUG SQL:104 - 
    insert 
    into
        Student
        (name_first, name_middle, name_last, preferredCourseCode, studentId) 
    values
        (?, ?, ?, ?, ?)
14:17:49,769 DEBUG BaseGeneralDataRegion:59 - Caching[foo.org.hibernate.cache.spi.UpdateTimestampsCache] : [Student] -> [5579090861133824]
14:17:49,769 DEBUG SQL:104 - 
    insert 
    into
        Enrolment
        (semester, "year", studentId, courseCode) 
    values
        (?, ?, ?, ?)
14:17:49,769 DEBUG BaseGeneralDataRegion:59 - Caching[foo.org.hibernate.cache.spi.UpdateTimestampsCache] : [Enrolment] -> [5579090861133825]
14:17:49,769 DEBUG SQL:104 - 
    insert 
    into
        Enrolment
        (semester, "year", studentId, courseCode) 
    values
        (?, ?, ?, ?)
14:17:49,770 DEBUG BaseGeneralDataRegion:59 - Caching[foo.org.hibernate.cache.spi.UpdateTimestampsCache] : [Enrolment] -> [5579090861133826]
14:17:49,770 DEBUG BaseGeneralDataRegion:59 - Caching[foo.org.hibernate.cache.spi.UpdateTimestampsCache] : [CourseMeeting] -> [5579090861137920]
14:17:49,770 DEBUG BaseGeneralDataRegion:59 - Caching[foo.org.hibernate.cache.spi.UpdateTimestampsCache] : [Enrolment] -> [5579090861137921]
14:17:49,770 DEBUG SQL:104 - 
    update
        Address 
    set
        studentNumber=?,
        addressType=? 
    where
        id=?
14:17:49,770 DEBUG SQL:104 - 
    update
        Address 
    set
        studentNumber=?,
        addressType=? 
    where
        id=?
14:17:49,809 DEBUG BaseGeneralDataRegion:59 - Caching[foo.org.hibernate.cache.spi.UpdateTimestampsCache] : [Address] -> [5579090861297664]
14:17:49,810 DEBUG SQL:104 - 
    insert 
    into
        Student_secretCodes
        (studentNumber, i, secretCode) 
    values
        (?, ?, ?)
14:17:49,810 DEBUG BaseGeneralDataRegion:59 - Caching[foo.org.hibernate.cache.spi.UpdateTimestampsCache] : [Student_secretCodes] -> [5579090861301760]
14:17:49,810 DEBUG BaseGeneralDataRegion:59 - Caching[foo.org.hibernate.cache.spi.UpdateTimestampsCache] : [Enrolment] -> [5579090861301761]
14:17:49,810 DEBUG BaseGeneralDataRegion:59 - Caching[foo.org.hibernate.cache.spi.UpdateTimestampsCache] : [Address] -> [5579090861301762]
14:17:49,810 DEBUG SQL:104 - 
    insert 
    into
        Student_secretCodes
        (studentNumber, i, secretCode) 
    values
        (?, ?, ?)
14:17:49,810 DEBUG SQL:104 - 
    insert 
    into
        Student_secretCodes
        (studentNumber, i, secretCode) 
    values
        (?, ?, ?)
14:17:49,810 DEBUG BaseGeneralDataRegion:59 - Caching[foo.org.hibernate.cache.spi.UpdateTimestampsCache] : [Student_secretCodes] -> [5579090861301763]
14:17:49,811 DEBUG BaseGeneralDataRegion:59 - Caching[foo.org.hibernate.cache.spi.UpdateTimestampsCache] : [Student] -> [5579090615545856]
14:17:49,811 DEBUG BaseGeneralDataRegion:59 - Caching[foo.org.hibernate.cache.spi.UpdateTimestampsCache] : [Course] -> [5579090615545856]
14:17:49,811 DEBUG BaseGeneralDataRegion:59 - Caching[foo.org.hibernate.cache.spi.UpdateTimestampsCache] : [Enrolment] -> [5579090615545856]
14:17:49,811 DEBUG BaseGeneralDataRegion:59 - Caching[foo.org.hibernate.cache.spi.UpdateTimestampsCache] : [Student_secretCodes] -> [5579090615545856]
14:17:49,811 DEBUG BaseGeneralDataRegion:59 - Caching[foo.org.hibernate.cache.spi.UpdateTimestampsCache] : [Address] -> [5579090615545856]
14:17:49,811 DEBUG BaseGeneralDataRegion:59 - Caching[foo.org.hibernate.cache.spi.UpdateTimestampsCache] : [CourseMeeting] -> [5579090615545856]
14:17:49,812 DEBUG SQL:104 - 
    select
        this_.studentId as studentId4_1_,
        this_.name_first as name2_4_1_,
        this_.name_middle as name3_4_1_,
        this_.name_last as name4_4_1_,
        this_.preferredCourseCode as preferre5_4_1_,
        course2_.courseCode as courseCode1_0_,
        course2_.description as descript2_1_0_ 
    from
        Student this_ 
    left outer join
        Course course2_ 
            on this_.preferredCourseCode=course2_.courseCode 
    order by
        this_.studentId asc
14:17:49,813 DEBUG SQL:104 - 
    select
        secretcode0_.studentNumber as studentN1_4_0_,
        secretcode0_.secretCode as secretCode5_0_,
        secretcode0_.i as i0_ 
    from
        Student_secretCodes secretcode0_ 
    where
        secretcode0_.studentNumber=?
14:17:49,813 DEBUG SQL:104 - 
    select
        secretcode0_.studentNumber as studentN1_4_0_,
        secretcode0_.secretCode as secretCode5_0_,
        secretcode0_.i as i0_ 
    from
        Student_secretCodes secretcode0_ 
    where
        secretcode0_.studentNumber=?
14:17:49,813 DEBUG SQL:104 - 
    select
        coursemeet0_.courseCode as courseCode1_1_,
        coursemeet0_.courseCode as courseCode2_1_,
        coursemeet0_.day as day2_1_,
        coursemeet0_.period as period2_1_,
        coursemeet0_.location as location2_1_,
        coursemeet0_.courseCode as courseCode2_0_,
        coursemeet0_.day as day2_0_,
        coursemeet0_.period as period2_0_,
        coursemeet0_.location as location2_0_ 
    from
        CourseMeeting coursemeet0_ 
    where
        coursemeet0_.courseCode=?
14:17:49,814 DEBUG SQL:104 - 
    select
        this_.studentId as studentId4_1_,
        this_.name_first as name2_4_1_,
        this_.name_middle as name3_4_1_,
        this_.name_last as name4_4_1_,
        this_.preferredCourseCode as preferre5_4_1_,
        course2_.courseCode as courseCode1_0_,
        course2_.description as descript2_1_0_ 
    from
        Student this_ 
    left outer join
        Course course2_ 
            on this_.preferredCourseCode=course2_.courseCode 
    order by
        this_.studentId asc
14:17:49,815 DEBUG SQL:104 - 
    select
        secretcode0_.studentNumber as studentN1_4_0_,
        secretcode0_.secretCode as secretCode5_0_,
        secretcode0_.i as i0_ 
    from
        Student_secretCodes secretcode0_ 
    where
        secretcode0_.studentNumber=?
14:17:49,815 DEBUG SQL:104 - 
    select
        secretcode0_.studentNumber as studentN1_4_0_,
        secretcode0_.secretCode as secretCode5_0_,
        secretcode0_.i as i0_ 
    from
        Student_secretCodes secretcode0_ 
    where
        secretcode0_.studentNumber=?
14:17:49,815 DEBUG SQL:104 - 
    select
        coursemeet0_.courseCode as courseCode1_1_,
        coursemeet0_.courseCode as courseCode2_1_,
        coursemeet0_.day as day2_1_,
        coursemeet0_.period as period2_1_,
        coursemeet0_.location as location2_1_,
        coursemeet0_.courseCode as courseCode2_0_,
        coursemeet0_.day as day2_0_,
        coursemeet0_.period as period2_0_,
        coursemeet0_.location as location2_0_ 
    from
        CourseMeeting coursemeet0_ 
    where
        coursemeet0_.courseCode=?
14:17:49,816 DEBUG SQL:104 - 
    select
        student_.studentId,
        student_.name_first as name2_4_,
        student_.name_middle as name3_4_,
        student_.name_last as name4_4_,
        student_.preferredCourseCode as preferre5_4_ 
    from
        Student student_ 
    where
        student_.studentId=?
14:17:49,824 DEBUG SQL:104 - 
    select
        enrolment_.studentId,
        enrolment_.courseCode,
        enrolment_.semester as semester3_,
        enrolment_."year" as year4_3_ 
    from
        Enrolment enrolment_ 
    where
        enrolment_.studentId=? 
        and enrolment_.courseCode=?
14:17:49,824 DEBUG SQL:104 - 
    select
        course_.courseCode,
        course_.description as descript2_1_ 
    from
        Course course_ 
    where
        course_.courseCode=?
14:17:49,825 DEBUG SQL:104 - 
    select
        student_.studentId,
        student_.name_first as name2_4_,
        student_.name_middle as name3_4_,
        student_.name_last as name4_4_,
        student_.preferredCourseCode as preferre5_4_ 
    from
        Student student_ 
    where
        student_.studentId=?
14:17:49,836 DEBUG SQL:104 - 
    select
        enrolment_.studentId,
        enrolment_.courseCode,
        enrolment_.semester as semester3_,
        enrolment_."year" as year4_3_ 
    from
        Enrolment enrolment_ 
    where
        enrolment_.studentId=? 
        and enrolment_.courseCode=?
14:17:49,837 DEBUG SQL:104 - 
    select
        coursemeet_.courseCode,
        coursemeet_.day,
        coursemeet_.period,
        coursemeet_.location 
    from
        CourseMeeting coursemeet_ 
    where
        coursemeet_.courseCode=? 
        and coursemeet_.day=? 
        and coursemeet_.period=? 
        and coursemeet_.location=?
14:17:49,837 DEBUG SQL:104 - 
    select
        coursemeet_.courseCode,
        coursemeet_.day,
        coursemeet_.period,
        coursemeet_.location 
    from
        CourseMeeting coursemeet_ 
    where
        coursemeet_.courseCode=? 
        and coursemeet_.day=? 
        and coursemeet_.period=? 
        and coursemeet_.location=?
14:17:49,848 DEBUG BaseGeneralDataRegion:59 - Caching[foo.org.hibernate.cache.spi.UpdateTimestampsCache] : [Enrolment] -> [5579090861457408]
14:17:49,848 DEBUG SQL:104 - 
    update
        Address 
    set
        studentNumber=null,
        addressType=null 
    where
        studentNumber=?
14:17:49,848 DEBUG BaseGeneralDataRegion:59 - Caching[foo.org.hibernate.cache.spi.UpdateTimestampsCache] : [Address] -> [5579090861457409]
14:17:49,848 DEBUG SQL:104 - 
    delete 
    from
        Student_secretCodes 
    where
        studentNumber=?
14:17:49,848 DEBUG BaseGeneralDataRegion:59 - Caching[foo.org.hibernate.cache.spi.UpdateTimestampsCache] : [Student_secretCodes] -> [5579090861457410]
14:17:49,849 DEBUG BaseGeneralDataRegion:59 - Caching[foo.org.hibernate.cache.spi.UpdateTimestampsCache] : [Enrolment] -> [5579090861461504]
14:17:49,849 DEBUG BaseGeneralDataRegion:59 - Caching[foo.org.hibernate.cache.spi.UpdateTimestampsCache] : [Address] -> [5579090861461505]
14:17:49,849 DEBUG SQL:104 - 
    delete 
    from
        Student_secretCodes 
    where
        studentNumber=?
14:17:49,849 DEBUG BaseGeneralDataRegion:59 - Caching[foo.org.hibernate.cache.spi.UpdateTimestampsCache] : [Student_secretCodes] -> [5579090861461506]
14:17:49,849 DEBUG BaseGeneralDataRegion:59 - Caching[foo.org.hibernate.cache.spi.UpdateTimestampsCache] : [CourseMeeting] -> [5579090861461507]
14:17:49,849 DEBUG SQL:104 - 
    delete 
    from
        Enrolment 
    where
        studentId=? 
        and courseCode=?
14:17:49,849 DEBUG BaseGeneralDataRegion:59 - Caching[foo.org.hibernate.cache.spi.UpdateTimestampsCache] : [Enrolment] -> [5579090861461508]
14:17:49,849 DEBUG SQL:104 - 
    delete 
    from
        Address 
    where
        id=?
14:17:49,870 DEBUG BaseGeneralDataRegion:59 - Caching[foo.org.hibernate.cache.spi.UpdateTimestampsCache] : [Address] -> [5579090861547520]
14:17:49,870 DEBUG SQL:104 - 
    delete 
    from
        Address 
    where
        id=?
14:17:49,870 DEBUG BaseGeneralDataRegion:59 - Caching[foo.org.hibernate.cache.spi.UpdateTimestampsCache] : [Address] -> [5579090861547521]
14:17:49,870 DEBUG SQL:104 - 
    delete 
    from
        Student 
    where
        studentId=?
14:17:49,871 DEBUG BaseGeneralDataRegion:59 - Caching[foo.org.hibernate.cache.spi.UpdateTimestampsCache] : [Student] -> [5579090861551616]
14:17:49,871 DEBUG SQL:104 - 
    delete 
    from
        Enrolment 
    where
        studentId=? 
        and courseCode=?
14:17:49,871 DEBUG BaseGeneralDataRegion:59 - Caching[foo.org.hibernate.cache.spi.UpdateTimestampsCache] : [Enrolment] -> [5579090861551617]
14:17:49,871 DEBUG SQL:104 - 
    delete 
    from
        Student 
    where
        studentId=?
14:17:49,879 DEBUG BaseGeneralDataRegion:59 - Caching[foo.org.hibernate.cache.spi.UpdateTimestampsCache] : [Student] -> [5579090861584384]
14:17:49,880 DEBUG SQL:104 - 
    delete 
    from
        CourseMeeting 
    where
        courseCode=? 
        and day=? 
        and period=? 
        and location=?
14:17:49,880 DEBUG BaseGeneralDataRegion:59 - Caching[foo.org.hibernate.cache.spi.UpdateTimestampsCache] : [CourseMeeting] -> [5579090861588480]
14:17:49,880 DEBUG SQL:104 - 
    delete 
    from
        CourseMeeting 
    where
        courseCode=? 
        and day=? 
        and period=? 
        and location=?
14:17:49,880 DEBUG BaseGeneralDataRegion:59 - Caching[foo.org.hibernate.cache.spi.UpdateTimestampsCache] : [CourseMeeting] -> [5579090861588481]
14:17:49,880 DEBUG SQL:104 - 
    delete 
    from
        Course 
    where
        courseCode=?
14:17:49,881 DEBUG BaseGeneralDataRegion:59 - Caching[foo.org.hibernate.cache.spi.UpdateTimestampsCache] : [Course] -> [5579090861592576]
14:17:49,881 DEBUG BaseGeneralDataRegion:59 - Caching[foo.org.hibernate.cache.spi.UpdateTimestampsCache] : [Student] -> [5579090615832577]
14:17:49,890 DEBUG BaseGeneralDataRegion:59 - Caching[foo.org.hibernate.cache.spi.UpdateTimestampsCache] : [Course] -> [5579090615832577]
14:17:49,890 DEBUG BaseGeneralDataRegion:59 - Caching[foo.org.hibernate.cache.spi.UpdateTimestampsCache] : [Enrolment] -> [5579090615832577]
14:17:49,890 DEBUG BaseGeneralDataRegion:59 - Caching[foo.org.hibernate.cache.spi.UpdateTimestampsCache] : [Student_secretCodes] -> [5579090615832577]
14:17:49,890 DEBUG BaseGeneralDataRegion:59 - Caching[foo.org.hibernate.cache.spi.UpdateTimestampsCache] : [Address] -> [5579090615832577]
14:17:49,891 DEBUG BaseGeneralDataRegion:59 - Caching[foo.org.hibernate.cache.spi.UpdateTimestampsCache] : [CourseMeeting] -> [5579090615832577]
14:17:49,891 DEBUG SQL:104 - 
    select
        coursemeet_.courseCode,
        coursemeet_.day,
        coursemeet_.period,
        coursemeet_.location 
    from
        CourseMeeting coursemeet_ 
    where
        coursemeet_.courseCode=? 
        and coursemeet_.day=? 
        and coursemeet_.period=? 
        and coursemeet_.location=?
14:17:49,891 DEBUG SQL:104 - 
    select
        coursemeet_.courseCode,
        coursemeet_.day,
        coursemeet_.period,
        coursemeet_.location 
    from
        CourseMeeting coursemeet_ 
    where
        coursemeet_.courseCode=? 
        and coursemeet_.day=? 
        and coursemeet_.period=? 
        and coursemeet_.location=?
14:17:49,902 DEBUG SQL:104 - 
    insert 
    into
        Course
        (description, courseCode) 
    values
        (?, ?)
14:17:49,902 DEBUG BaseGeneralDataRegion:59 - Caching[foo.org.hibernate.cache.spi.UpdateTimestampsCache] : [Course] -> [5579090861678592]
14:17:49,902 DEBUG SQL:104 - 
    insert 
    into
        CourseMeeting
        (courseCode, day, period, location) 
    values
        (?, ?, ?, ?)
14:17:49,903 DEBUG BaseGeneralDataRegion:59 - Caching[foo.org.hibernate.cache.spi.UpdateTimestampsCache] : [CourseMeeting] -> [5579090861682688]
14:17:49,903 DEBUG SQL:104 - 
    insert 
    into
        CourseMeeting
        (courseCode, day, period, location) 
    values
        (?, ?, ?, ?)
14:17:49,903 DEBUG BaseGeneralDataRegion:59 - Caching[foo.org.hibernate.cache.spi.UpdateTimestampsCache] : [CourseMeeting] -> [5579090861682689]
14:17:49,903 DEBUG SQL:104 - 
    insert 
    into
        Student
        (name_first, name_middle, name_last, preferredCourseCode, studentId) 
    values
        (?, ?, ?, ?, ?)
14:17:49,932 DEBUG BaseGeneralDataRegion:59 - Caching[foo.org.hibernate.cache.spi.UpdateTimestampsCache] : [Student] -> [5579090861797376]
14:17:49,932 DEBUG SQL:104 - 
    insert 
    into
        Address
        (addressType, street, city, stateProvince, postalCode, country, studentNumber, id) 
    values
        (?, ?, ?, ?, ?, ?, ?, ?)
14:17:49,932 DEBUG BaseGeneralDataRegion:59 - Caching[foo.org.hibernate.cache.spi.UpdateTimestampsCache] : [Address] -> [5579090861801472]
14:17:49,932 DEBUG SQL:104 - 
    insert 
    into
        Address
        (addressType, street, city, stateProvince, postalCode, country, studentNumber, id) 
    values
        (?, ?, ?, ?, ?, ?, ?, ?)
14:17:49,933 DEBUG BaseGeneralDataRegion:59 - Caching[foo.org.hibernate.cache.spi.UpdateTimestampsCache] : [Address] -> [5579090861801473]
14:17:49,933 DEBUG SQL:104 - 
    insert 
    into
        Student
        (name_first, name_middle, name_last, preferredCourseCode, studentId) 
    values
        (?, ?, ?, ?, ?)
14:17:49,933 DEBUG BaseGeneralDataRegion:59 - Caching[foo.org.hibernate.cache.spi.UpdateTimestampsCache] : [Student] -> [5579090861805568]
14:17:49,933 DEBUG SQL:104 - 
    insert 
    into
        Enrolment
        (semester, "year", studentId, courseCode) 
    values
        (?, ?, ?, ?)
14:17:49,933 DEBUG BaseGeneralDataRegion:59 - Caching[foo.org.hibernate.cache.spi.UpdateTimestampsCache] : [Enrolment] -> [5579090861805569]
14:17:49,933 DEBUG SQL:104 - 
    insert 
    into
        Enrolment
        (semester, "year", studentId, courseCode) 
    values
        (?, ?, ?, ?)
14:17:49,933 DEBUG BaseGeneralDataRegion:59 - Caching[foo.org.hibernate.cache.spi.UpdateTimestampsCache] : [Enrolment] -> [5579090861805570]
14:17:49,934 DEBUG BaseGeneralDataRegion:59 - Caching[foo.org.hibernate.cache.spi.UpdateTimestampsCache] : [CourseMeeting] -> [5579090861809664]
14:17:49,934 DEBUG BaseGeneralDataRegion:59 - Caching[foo.org.hibernate.cache.spi.UpdateTimestampsCache] : [Enrolment] -> [5579090861809665]
14:17:49,934 DEBUG SQL:104 - 
    update
        Address 
    set
        studentNumber=?,
        addressType=? 
    where
        id=?
14:17:49,934 DEBUG SQL:104 - 
    update
        Address 
    set
        studentNumber=?,
        addressType=? 
    where
        id=?
14:17:49,934 DEBUG BaseGeneralDataRegion:59 - Caching[foo.org.hibernate.cache.spi.UpdateTimestampsCache] : [Address] -> [5579090861809666]
14:17:49,934 DEBUG SQL:104 - 
    insert 
    into
        Student_secretCodes
        (studentNumber, i, secretCode) 
    values
        (?, ?, ?)
14:17:49,934 DEBUG BaseGeneralDataRegion:59 - Caching[foo.org.hibernate.cache.spi.UpdateTimestampsCache] : [Student_secretCodes] -> [5579090861809667]
14:17:49,935 DEBUG BaseGeneralDataRegion:59 - Caching[foo.org.hibernate.cache.spi.UpdateTimestampsCache] : [Enrolment] -> [5579090861813760]
14:17:49,935 DEBUG BaseGeneralDataRegion:59 - Caching[foo.org.hibernate.cache.spi.UpdateTimestampsCache] : [Address] -> [5579090861813761]
14:17:49,935 DEBUG SQL:104 - 
    insert 
    into
        Student_secretCodes
        (studentNumber, i, secretCode) 
    values
        (?, ?, ?)
14:17:49,935 DEBUG SQL:104 - 
    insert 
    into
        Student_secretCodes
        (studentNumber, i, secretCode) 
    values
        (?, ?, ?)
14:17:49,935 DEBUG BaseGeneralDataRegion:59 - Caching[foo.org.hibernate.cache.spi.UpdateTimestampsCache] : [Student_secretCodes] -> [5579090861813762]
14:17:49,935 DEBUG BaseGeneralDataRegion:59 - Caching[foo.org.hibernate.cache.spi.UpdateTimestampsCache] : [Student] -> [5579090616053763]
14:17:49,935 DEBUG BaseGeneralDataRegion:59 - Caching[foo.org.hibernate.cache.spi.UpdateTimestampsCache] : [Course] -> [5579090616053763]
14:17:49,935 DEBUG BaseGeneralDataRegion:59 - Caching[foo.org.hibernate.cache.spi.UpdateTimestampsCache] : [Enrolment] -> [5579090616053763]
14:17:49,935 DEBUG BaseGeneralDataRegion:59 - Caching[foo.org.hibernate.cache.spi.UpdateTimestampsCache] : [Student_secretCodes] -> [5579090616053763]
14:17:49,936 DEBUG BaseGeneralDataRegion:59 - Caching[foo.org.hibernate.cache.spi.UpdateTimestampsCache] : [Address] -> [5579090616053763]
14:17:49,936 DEBUG BaseGeneralDataRegion:59 - Caching[foo.org.hibernate.cache.spi.UpdateTimestampsCache] : [CourseMeeting] -> [5579090616053763]
14:17:49,936 DEBUG SQL:104 - 
    select
        this_.studentId as studentId4_1_,
        this_.name_first as name2_4_1_,
        this_.name_middle as name3_4_1_,
        this_.name_last as name4_4_1_,
        this_.preferredCourseCode as preferre5_4_1_,
        pcourse1_.courseCode as courseCode1_0_,
        pcourse1_.description as descript2_1_0_ 
    from
        Student this_ 
    left outer join
        Course pcourse1_ 
            on this_.preferredCourseCode=pcourse1_.courseCode 
    order by
        this_.studentId asc
14:17:49,937 DEBUG SQL:104 - 
    select
        secretcode0_.studentNumber as studentN1_4_0_,
        secretcode0_.secretCode as secretCode5_0_,
        secretcode0_.i as i0_ 
    from
        Student_secretCodes secretcode0_ 
    where
        secretcode0_.studentNumber=?
14:17:49,942 DEBUG SQL:104 - 
    select
        secretcode0_.studentNumber as studentN1_4_0_,
        secretcode0_.secretCode as secretCode5_0_,
        secretcode0_.i as i0_ 
    from
        Student_secretCodes secretcode0_ 
    where
        secretcode0_.studentNumber=?
14:17:49,942 DEBUG SQL:104 - 
    select
        coursemeet0_.courseCode as courseCode1_1_,
        coursemeet0_.courseCode as courseCode2_1_,
        coursemeet0_.day as day2_1_,
        coursemeet0_.period as period2_1_,
        coursemeet0_.location as location2_1_,
        coursemeet0_.courseCode as courseCode2_0_,
        coursemeet0_.day as day2_0_,
        coursemeet0_.period as period2_0_,
        coursemeet0_.location as location2_0_ 
    from
        CourseMeeting coursemeet0_ 
    where
        coursemeet0_.courseCode=?
14:17:49,943 DEBUG SQL:104 - 
    select
        this_.studentId as studentId4_1_,
        this_.name_first as name2_4_1_,
        this_.name_middle as name3_4_1_,
        this_.name_last as name4_4_1_,
        this_.preferredCourseCode as preferre5_4_1_,
        pcourse1_.courseCode as courseCode1_0_,
        pcourse1_.description as descript2_1_0_ 
    from
        Student this_ 
    left outer join
        Course pcourse1_ 
            on this_.preferredCourseCode=pcourse1_.courseCode 
    order by
        this_.studentId asc
14:17:49,955 DEBUG SQL:104 - 
    select
        secretcode0_.studentNumber as studentN1_4_0_,
        secretcode0_.secretCode as secretCode5_0_,
        secretcode0_.i as i0_ 
    from
        Student_secretCodes secretcode0_ 
    where
        secretcode0_.studentNumber=?
14:17:49,955 DEBUG SQL:104 - 
    select
        secretcode0_.studentNumber as studentN1_4_0_,
        secretcode0_.secretCode as secretCode5_0_,
        secretcode0_.i as i0_ 
    from
        Student_secretCodes secretcode0_ 
    where
        secretcode0_.studentNumber=?
14:17:49,965 DEBUG SQL:104 - 
    select
        coursemeet0_.courseCode as courseCode1_1_,
        coursemeet0_.courseCode as courseCode2_1_,
        coursemeet0_.day as day2_1_,
        coursemeet0_.period as period2_1_,
        coursemeet0_.location as location2_1_,
        coursemeet0_.courseCode as courseCode2_0_,
        coursemeet0_.day as day2_0_,
        coursemeet0_.period as period2_0_,
        coursemeet0_.location as location2_0_ 
    from
        CourseMeeting coursemeet0_ 
    where
        coursemeet0_.courseCode=?
14:17:49,976 DEBUG SQL:104 - 
    select
        student_.studentId,
        student_.name_first as name2_4_,
        student_.name_middle as name3_4_,
        student_.name_last as name4_4_,
        student_.preferredCourseCode as preferre5_4_ 
    from
        Student student_ 
    where
        student_.studentId=?
14:17:49,977 DEBUG SQL:104 - 
    select
        enrolment_.studentId,
        enrolment_.courseCode,
        enrolment_.semester as semester3_,
        enrolment_."year" as year4_3_ 
    from
        Enrolment enrolment_ 
    where
        enrolment_.studentId=? 
        and enrolment_.courseCode=?
14:17:49,977 DEBUG SQL:104 - 
    select
        course_.courseCode,
        course_.description as descript2_1_ 
    from
        Course course_ 
    where
        course_.courseCode=?
14:17:49,986 DEBUG SQL:104 - 
    select
        student_.studentId,
        student_.name_first as name2_4_,
        student_.name_middle as name3_4_,
        student_.name_last as name4_4_,
        student_.preferredCourseCode as preferre5_4_ 
    from
        Student student_ 
    where
        student_.studentId=?
14:17:49,986 DEBUG SQL:104 - 
    select
        enrolment_.studentId,
        enrolment_.courseCode,
        enrolment_.semester as semester3_,
        enrolment_."year" as year4_3_ 
    from
        Enrolment enrolment_ 
    where
        enrolment_.studentId=? 
        and enrolment_.courseCode=?
14:17:49,987 DEBUG SQL:104 - 
    select
        coursemeet_.courseCode,
        coursemeet_.day,
        coursemeet_.period,
        coursemeet_.location 
    from
        CourseMeeting coursemeet_ 
    where
        coursemeet_.courseCode=? 
        and coursemeet_.day=? 
        and coursemeet_.period=? 
        and coursemeet_.location=?
14:17:49,996 DEBUG SQL:104 - 
    select
        coursemeet_.courseCode,
        coursemeet_.day,
        coursemeet_.period,
        coursemeet_.location 
    from
        CourseMeeting coursemeet_ 
    where
        coursemeet_.courseCode=? 
        and coursemeet_.day=? 
        and coursemeet_.period=? 
        and coursemeet_.location=?
14:17:49,997 DEBUG BaseGeneralDataRegion:59 - Caching[foo.org.hibernate.cache.spi.UpdateTimestampsCache] : [Enrolment] -> [5579090862067712]
14:17:49,997 DEBUG SQL:104 - 
    update
        Address 
    set
        studentNumber=null,
        addressType=null 
    where
        studentNumber=?
14:17:49,998 DEBUG BaseGeneralDataRegion:59 - Caching[foo.org.hibernate.cache.spi.UpdateTimestampsCache] : [Address] -> [5579090862071808]
14:17:50,006 DEBUG SQL:104 - 
    delete 
    from
        Student_secretCodes 
    where
        studentNumber=?
14:17:50,007 DEBUG BaseGeneralDataRegion:59 - Caching[foo.org.hibernate.cache.spi.UpdateTimestampsCache] : [Student_secretCodes] -> [5579090862108672]
14:17:50,007 DEBUG BaseGeneralDataRegion:59 - Caching[foo.org.hibernate.cache.spi.UpdateTimestampsCache] : [Enrolment] -> [5579090862108673]
14:17:50,007 DEBUG BaseGeneralDataRegion:59 - Caching[foo.org.hibernate.cache.spi.UpdateTimestampsCache] : [Address] -> [5579090862108674]
14:17:50,007 DEBUG SQL:104 - 
    delete 
    from
        Student_secretCodes 
    where
        studentNumber=?
14:17:50,007 DEBUG BaseGeneralDataRegion:59 - Caching[foo.org.hibernate.cache.spi.UpdateTimestampsCache] : [Student_secretCodes] -> [5579090862108675]
14:17:50,008 DEBUG BaseGeneralDataRegion:59 - Caching[foo.org.hibernate.cache.spi.UpdateTimestampsCache] : [CourseMeeting] -> [5579090862112768]
14:17:50,008 DEBUG SQL:104 - 
    delete 
    from
        Enrolment 
    where
        studentId=? 
        and courseCode=?
14:17:50,008 DEBUG BaseGeneralDataRegion:59 - Caching[foo.org.hibernate.cache.spi.UpdateTimestampsCache] : [Enrolment] -> [5579090862112769]
14:17:50,008 DEBUG SQL:104 - 
    delete 
    from
        Address 
    where
        id=?
14:17:50,017 DEBUG BaseGeneralDataRegion:59 - Caching[foo.org.hibernate.cache.spi.UpdateTimestampsCache] : [Address] -> [5579090862149632]
14:17:50,018 DEBUG SQL:104 - 
    delete 
    from
        Address 
    where
        id=?
14:17:50,018 DEBUG BaseGeneralDataRegion:59 - Caching[foo.org.hibernate.cache.spi.UpdateTimestampsCache] : [Address] -> [5579090862153728]
14:17:50,018 DEBUG SQL:104 - 
    delete 
    from
        Student 
    where
        studentId=?
14:17:50,018 DEBUG BaseGeneralDataRegion:59 - Caching[foo.org.hibernate.cache.spi.UpdateTimestampsCache] : [Student] -> [5579090862153729]
14:17:50,018 DEBUG SQL:104 - 
    delete 
    from
        Enrolment 
    where
        studentId=? 
        and courseCode=?
14:17:50,018 DEBUG BaseGeneralDataRegion:59 - Caching[foo.org.hibernate.cache.spi.UpdateTimestampsCache] : [Enrolment] -> [5579090862153730]
14:17:50,019 DEBUG SQL:104 - 
    delete 
    from
        Student 
    where
        studentId=?
14:17:50,027 DEBUG BaseGeneralDataRegion:59 - Caching[foo.org.hibernate.cache.spi.UpdateTimestampsCache] : [Student] -> [5579090862190592]
14:17:50,028 DEBUG SQL:104 - 
    delete 
    from
        CourseMeeting 
    where
        courseCode=? 
        and day=? 
        and period=? 
        and location=?
14:17:50,028 DEBUG BaseGeneralDataRegion:59 - Caching[foo.org.hibernate.cache.spi.UpdateTimestampsCache] : [CourseMeeting] -> [5579090862194688]
14:17:50,028 DEBUG SQL:104 - 
    delete 
    from
        CourseMeeting 
    where
        courseCode=? 
        and day=? 
        and period=? 
        and location=?
14:17:50,028 DEBUG BaseGeneralDataRegion:59 - Caching[foo.org.hibernate.cache.spi.UpdateTimestampsCache] : [CourseMeeting] -> [5579090862194689]
14:17:50,028 DEBUG SQL:104 - 
    delete 
    from
        Course 
    where
        courseCode=?
14:17:50,029 DEBUG BaseGeneralDataRegion:59 - Caching[foo.org.hibernate.cache.spi.UpdateTimestampsCache] : [Course] -> [5579090862198784]
14:17:50,029 DEBUG BaseGeneralDataRegion:59 - Caching[foo.org.hibernate.cache.spi.UpdateTimestampsCache] : [Student] -> [5579090616438785]
14:17:50,029 DEBUG BaseGeneralDataRegion:59 - Caching[foo.org.hibernate.cache.spi.UpdateTimestampsCache] : [Course] -> [5579090616438785]
14:17:50,039 DEBUG BaseGeneralDataRegion:59 - Caching[foo.org.hibernate.cache.spi.UpdateTimestampsCache] : [Enrolment] -> [5579090616438785]
14:17:50,039 DEBUG BaseGeneralDataRegion:59 - Caching[foo.org.hibernate.cache.spi.UpdateTimestampsCache] : [Student_secretCodes] -> [5579090616438785]
14:17:50,039 DEBUG BaseGeneralDataRegion:59 - Caching[foo.org.hibernate.cache.spi.UpdateTimestampsCache] : [Address] -> [5579090616438785]
14:17:50,039 DEBUG BaseGeneralDataRegion:59 - Caching[foo.org.hibernate.cache.spi.UpdateTimestampsCache] : [CourseMeeting] -> [5579090616438785]
14:17:50,040 DEBUG SQL:104 - 
    select
        coursemeet_.courseCode,
        coursemeet_.day,
        coursemeet_.period,
        coursemeet_.location 
    from
        CourseMeeting coursemeet_ 
    where
        coursemeet_.courseCode=? 
        and coursemeet_.day=? 
        and coursemeet_.period=? 
        and coursemeet_.location=?
14:17:50,040 DEBUG SQL:104 - 
    select
        coursemeet_.courseCode,
        coursemeet_.day,
        coursemeet_.period,
        coursemeet_.location 
    from
        CourseMeeting coursemeet_ 
    where
        coursemeet_.courseCode=? 
        and coursemeet_.day=? 
        and coursemeet_.period=? 
        and coursemeet_.location=?
14:17:50,050 DEBUG SQL:104 - 
    insert 
    into
        Course
        (description, courseCode) 
    values
        (?, ?)
14:17:50,050 DEBUG BaseGeneralDataRegion:59 - Caching[foo.org.hibernate.cache.spi.UpdateTimestampsCache] : [Course] -> [5579090862284800]
14:17:50,050 DEBUG SQL:104 - 
    insert 
    into
        CourseMeeting
        (courseCode, day, period, location) 
    values
        (?, ?, ?, ?)
14:17:50,050 DEBUG BaseGeneralDataRegion:59 - Caching[foo.org.hibernate.cache.spi.UpdateTimestampsCache] : [CourseMeeting] -> [5579090862284801]
14:17:50,050 DEBUG SQL:104 - 
    insert 
    into
        CourseMeeting
        (courseCode, day, period, location) 
    values
        (?, ?, ?, ?)
14:17:50,051 DEBUG BaseGeneralDataRegion:59 - Caching[foo.org.hibernate.cache.spi.UpdateTimestampsCache] : [CourseMeeting] -> [5579090862288896]
14:17:50,051 DEBUG SQL:104 - 
    insert 
    into
        Student
        (name_first, name_middle, name_last, preferredCourseCode, studentId) 
    values
        (?, ?, ?, ?, ?)
14:17:50,059 DEBUG BaseGeneralDataRegion:59 - Caching[foo.org.hibernate.cache.spi.UpdateTimestampsCache] : [Student] -> [5579090862321664]
14:17:50,060 DEBUG SQL:104 - 
    insert 
    into
        Address
        (addressType, street, city, stateProvince, postalCode, country, studentNumber, id) 
    values
        (?, ?, ?, ?, ?, ?, ?, ?)
14:17:50,060 DEBUG BaseGeneralDataRegion:59 - Caching[foo.org.hibernate.cache.spi.UpdateTimestampsCache] : [Address] -> [5579090862325760]
14:17:50,060 DEBUG SQL:104 - 
    insert 
    into
        Address
        (addressType, street, city, stateProvince, postalCode, country, studentNumber, id) 
    values
        (?, ?, ?, ?, ?, ?, ?, ?)
14:17:50,061 DEBUG BaseGeneralDataRegion:59 - Caching[foo.org.hibernate.cache.spi.UpdateTimestampsCache] : [Address] -> [5579090862329856]
14:17:50,061 DEBUG SQL:104 - 
    insert 
    into
        Student
        (name_first, name_middle, name_last, preferredCourseCode, studentId) 
    values
        (?, ?, ?, ?, ?)
14:17:50,061 DEBUG BaseGeneralDataRegion:59 - Caching[foo.org.hibernate.cache.spi.UpdateTimestampsCache] : [Student] -> [5579090862329857]
14:17:50,061 DEBUG SQL:104 - 
    insert 
    into
        Enrolment
        (semester, "year", studentId, courseCode) 
    values
        (?, ?, ?, ?)
14:17:50,061 DEBUG BaseGeneralDataRegion:59 - Caching[foo.org.hibernate.cache.spi.UpdateTimestampsCache] : [Enrolment] -> [5579090862329858]
14:17:50,061 DEBUG SQL:104 - 
    insert 
    into
        Enrolment
        (semester, "year", studentId, courseCode) 
    values
        (?, ?, ?, ?)
14:17:50,062 DEBUG BaseGeneralDataRegion:59 - Caching[foo.org.hibernate.cache.spi.UpdateTimestampsCache] : [Enrolment] -> [5579090862333952]
14:17:50,062 DEBUG BaseGeneralDataRegion:59 - Caching[foo.org.hibernate.cache.spi.UpdateTimestampsCache] : [CourseMeeting] -> [5579090862333953]
14:17:50,062 DEBUG BaseGeneralDataRegion:59 - Caching[foo.org.hibernate.cache.spi.UpdateTimestampsCache] : [Enrolment] -> [5579090862333954]
14:17:50,062 DEBUG SQL:104 - 
    update
        Address 
    set
        studentNumber=?,
        addressType=? 
    where
        id=?
14:17:50,062 DEBUG SQL:104 - 
    update
        Address 
    set
        studentNumber=?,
        addressType=? 
    where
        id=?
14:17:50,071 DEBUG BaseGeneralDataRegion:59 - Caching[foo.org.hibernate.cache.spi.UpdateTimestampsCache] : [Address] -> [5579090862370816]
14:17:50,071 DEBUG SQL:104 - 
    insert 
    into
        Student_secretCodes
        (studentNumber, i, secretCode) 
    values
        (?, ?, ?)
14:17:50,071 DEBUG BaseGeneralDataRegion:59 - Caching[foo.org.hibernate.cache.spi.UpdateTimestampsCache] : [Student_secretCodes] -> [5579090862370817]
14:17:50,071 DEBUG BaseGeneralDataRegion:59 - Caching[foo.org.hibernate.cache.spi.UpdateTimestampsCache] : [Enrolment] -> [5579090862370818]
14:17:50,071 DEBUG BaseGeneralDataRegion:59 - Caching[foo.org.hibernate.cache.spi.UpdateTimestampsCache] : [Address] -> [5579090862370819]
14:17:50,071 DEBUG SQL:104 - 
    insert 
    into
        Student_secretCodes
        (studentNumber, i, secretCode) 
    values
        (?, ?, ?)
14:17:50,072 DEBUG SQL:104 - 
    insert 
    into
        Student_secretCodes
        (studentNumber, i, secretCode) 
    values
        (?, ?, ?)
14:17:50,072 DEBUG BaseGeneralDataRegion:59 - Caching[foo.org.hibernate.cache.spi.UpdateTimestampsCache] : [Student_secretCodes] -> [5579090862374912]
14:17:50,072 DEBUG BaseGeneralDataRegion:59 - Caching[foo.org.hibernate.cache.spi.UpdateTimestampsCache] : [Student] -> [5579090616614913]
14:17:50,072 DEBUG BaseGeneralDataRegion:59 - Caching[foo.org.hibernate.cache.spi.UpdateTimestampsCache] : [Course] -> [5579090616614913]
14:17:50,072 DEBUG BaseGeneralDataRegion:59 - Caching[foo.org.hibernate.cache.spi.UpdateTimestampsCache] : [Enrolment] -> [5579090616614913]
14:17:50,083 DEBUG BaseGeneralDataRegion:59 - Caching[foo.org.hibernate.cache.spi.UpdateTimestampsCache] : [Student_secretCodes] -> [5579090616614913]
14:17:50,083 DEBUG BaseGeneralDataRegion:59 - Caching[foo.org.hibernate.cache.spi.UpdateTimestampsCache] : [Address] -> [5579090616614913]
14:17:50,083 DEBUG BaseGeneralDataRegion:59 - Caching[foo.org.hibernate.cache.spi.UpdateTimestampsCache] : [CourseMeeting] -> [5579090616614913]
14:17:50,084 DEBUG SQL:104 - 
    select
        this_.studentId as studentId4_1_,
        this_.name_first as name2_4_1_,
        this_.name_middle as name3_4_1_,
        this_.name_last as name4_4_1_,
        this_.preferredCourseCode as preferre5_4_1_,
        pcourse1_.courseCode as courseCode1_0_,
        pcourse1_.description as descript2_1_0_ 
    from
        Student this_ 
    left outer join
        Course pcourse1_ 
            on this_.preferredCourseCode=pcourse1_.courseCode 
    order by
        this_.studentId asc
14:17:50,085 DEBUG SQL:104 - 
    select
        secretcode0_.studentNumber as studentN1_4_0_,
        secretcode0_.secretCode as secretCode5_0_,
        secretcode0_.i as i0_ 
    from
        Student_secretCodes secretcode0_ 
    where
        secretcode0_.studentNumber=?
14:17:50,086 DEBUG SQL:104 - 
    select
        secretcode0_.studentNumber as studentN1_4_0_,
        secretcode0_.secretCode as secretCode5_0_,
        secretcode0_.i as i0_ 
    from
        Student_secretCodes secretcode0_ 
    where
        secretcode0_.studentNumber=?
14:17:50,094 DEBUG SQL:104 - 
    select
        coursemeet0_.courseCode as courseCode1_1_,
        coursemeet0_.courseCode as courseCode2_1_,
        coursemeet0_.day as day2_1_,
        coursemeet0_.period as period2_1_,
        coursemeet0_.location as location2_1_,
        coursemeet0_.courseCode as courseCode2_0_,
        coursemeet0_.day as day2_0_,
        coursemeet0_.period as period2_0_,
        coursemeet0_.location as location2_0_ 
    from
        CourseMeeting coursemeet0_ 
    where
        coursemeet0_.courseCode=?
14:17:50,106 DEBUG SQL:104 - 
    select
        this_.studentId as studentId4_1_,
        this_.name_first as name2_4_1_,
        this_.name_middle as name3_4_1_,
        this_.name_last as name4_4_1_,
        this_.preferredCourseCode as preferre5_4_1_,
        pcourse1_.courseCode as courseCode1_0_,
        pcourse1_.description as descript2_1_0_ 
    from
        Student this_ 
    left outer join
        Course pcourse1_ 
            on this_.preferredCourseCode=pcourse1_.courseCode 
    order by
        this_.studentId asc
14:17:50,106 DEBUG SQL:104 - 
    select
        secretcode0_.studentNumber as studentN1_4_0_,
        secretcode0_.secretCode as secretCode5_0_,
        secretcode0_.i as i0_ 
    from
        Student_secretCodes secretcode0_ 
    where
        secretcode0_.studentNumber=?
14:17:50,114 DEBUG SQL:104 - 
    select
        secretcode0_.studentNumber as studentN1_4_0_,
        secretcode0_.secretCode as secretCode5_0_,
        secretcode0_.i as i0_ 
    from
        Student_secretCodes secretcode0_ 
    where
        secretcode0_.studentNumber=?
14:17:50,115 DEBUG SQL:104 - 
    select
        coursemeet0_.courseCode as courseCode1_1_,
        coursemeet0_.courseCode as courseCode2_1_,
        coursemeet0_.day as day2_1_,
        coursemeet0_.period as period2_1_,
        coursemeet0_.location as location2_1_,
        coursemeet0_.courseCode as courseCode2_0_,
        coursemeet0_.day as day2_0_,
        coursemeet0_.period as period2_0_,
        coursemeet0_.location as location2_0_ 
    from
        CourseMeeting coursemeet0_ 
    where
        coursemeet0_.courseCode=?
14:17:50,116 DEBUG SQL:104 - 
    select
        student_.studentId,
        student_.name_first as name2_4_,
        student_.name_middle as name3_4_,
        student_.name_last as name4_4_,
        student_.preferredCourseCode as preferre5_4_ 
    from
        Student student_ 
    where
        student_.studentId=?
14:17:50,127 DEBUG SQL:104 - 
    select
        enrolment_.studentId,
        enrolment_.courseCode,
        enrolment_.semester as semester3_,
        enrolment_."year" as year4_3_ 
    from
        Enrolment enrolment_ 
    where
        enrolment_.studentId=? 
        and enrolment_.courseCode=?
14:17:50,128 DEBUG SQL:104 - 
    select
        course_.courseCode,
        course_.description as descript2_1_ 
    from
        Course course_ 
    where
        course_.courseCode=?
14:17:50,128 DEBUG SQL:104 - 
    select
        student_.studentId,
        student_.name_first as name2_4_,
        student_.name_middle as name3_4_,
        student_.name_last as name4_4_,
        student_.preferredCourseCode as preferre5_4_ 
    from
        Student student_ 
    where
        student_.studentId=?
14:17:50,138 DEBUG SQL:104 - 
    select
        enrolment_.studentId,
        enrolment_.courseCode,
        enrolment_.semester as semester3_,
        enrolment_."year" as year4_3_ 
    from
        Enrolment enrolment_ 
    where
        enrolment_.studentId=? 
        and enrolment_.courseCode=?
14:17:50,139 DEBUG SQL:104 - 
    select
        coursemeet_.courseCode,
        coursemeet_.day,
        coursemeet_.period,
        coursemeet_.location 
    from
        CourseMeeting coursemeet_ 
    where
        coursemeet_.courseCode=? 
        and coursemeet_.day=? 
        and coursemeet_.period=? 
        and coursemeet_.location=?
14:17:50,149 DEBUG SQL:104 - 
    select
        coursemeet_.courseCode,
        coursemeet_.day,
        coursemeet_.period,
        coursemeet_.location 
    from
        CourseMeeting coursemeet_ 
    where
        coursemeet_.courseCode=? 
        and coursemeet_.day=? 
        and coursemeet_.period=? 
        and coursemeet_.location=?
14:17:50,150 DEBUG BaseGeneralDataRegion:59 - Caching[foo.org.hibernate.cache.spi.UpdateTimestampsCache] : [Enrolment] -> [5579090862694400]
14:17:50,150 DEBUG SQL:104 - 
    update
        Address 
    set
        studentNumber=null,
        addressType=null 
    where
        studentNumber=?
14:17:50,150 DEBUG BaseGeneralDataRegion:59 - Caching[foo.org.hibernate.cache.spi.UpdateTimestampsCache] : [Address] -> [5579090862694401]
14:17:50,150 DEBUG SQL:104 - 
    delete 
    from
        Student_secretCodes 
    where
        studentNumber=?
14:17:50,150 DEBUG BaseGeneralDataRegion:59 - Caching[foo.org.hibernate.cache.spi.UpdateTimestampsCache] : [Student_secretCodes] -> [5579090862694402]
14:17:50,160 DEBUG BaseGeneralDataRegion:59 - Caching[foo.org.hibernate.cache.spi.UpdateTimestampsCache] : [Enrolment] -> [5579090862735360]
14:17:50,160 DEBUG BaseGeneralDataRegion:59 - Caching[foo.org.hibernate.cache.spi.UpdateTimestampsCache] : [Address] -> [5579090862735361]
14:17:50,160 DEBUG SQL:104 - 
    delete 
    from
        Student_secretCodes 
    where
        studentNumber=?
14:17:50,160 DEBUG BaseGeneralDataRegion:59 - Caching[foo.org.hibernate.cache.spi.UpdateTimestampsCache] : [Student_secretCodes] -> [5579090862735362]
14:17:50,160 DEBUG BaseGeneralDataRegion:59 - Caching[foo.org.hibernate.cache.spi.UpdateTimestampsCache] : [CourseMeeting] -> [5579090862735363]
14:17:50,161 DEBUG SQL:104 - 
    delete 
    from
        Enrolment 
    where
        studentId=? 
        and courseCode=?
14:17:50,161 DEBUG BaseGeneralDataRegion:59 - Caching[foo.org.hibernate.cache.spi.UpdateTimestampsCache] : [Enrolment] -> [5579090862739456]
14:17:50,161 DEBUG SQL:104 - 
    delete 
    from
        Address 
    where
        id=?
14:17:50,161 DEBUG BaseGeneralDataRegion:59 - Caching[foo.org.hibernate.cache.spi.UpdateTimestampsCache] : [Address] -> [5579090862739457]
14:17:50,161 DEBUG SQL:104 - 
    delete 
    from
        Address 
    where
        id=?
14:17:50,170 DEBUG BaseGeneralDataRegion:59 - Caching[foo.org.hibernate.cache.spi.UpdateTimestampsCache] : [Address] -> [5579090862776320]
14:17:50,170 DEBUG SQL:104 - 
    delete 
    from
        Student 
    where
        studentId=?
14:17:50,171 DEBUG BaseGeneralDataRegion:59 - Caching[foo.org.hibernate.cache.spi.UpdateTimestampsCache] : [Student] -> [5579090862780416]
14:17:50,171 DEBUG SQL:104 - 
    delete 
    from
        Enrolment 
    where
        studentId=? 
        and courseCode=?
14:17:50,171 DEBUG BaseGeneralDataRegion:59 - Caching[foo.org.hibernate.cache.spi.UpdateTimestampsCache] : [Enrolment] -> [5579090862780417]
14:17:50,171 DEBUG SQL:104 - 
    delete 
    from
        Student 
    where
        studentId=?
14:17:50,171 DEBUG BaseGeneralDataRegion:59 - Caching[foo.org.hibernate.cache.spi.UpdateTimestampsCache] : [Student] -> [5579090862780418]
14:17:50,171 DEBUG SQL:104 - 
    delete 
    from
        CourseMeeting 
    where
        courseCode=? 
        and day=? 
        and period=? 
        and location=?
14:17:50,181 DEBUG BaseGeneralDataRegion:59 - Caching[foo.org.hibernate.cache.spi.UpdateTimestampsCache] : [CourseMeeting] -> [5579090862821376]
14:17:50,181 DEBUG SQL:104 - 
    delete 
    from
        CourseMeeting 
    where
        courseCode=? 
        and day=? 
        and period=? 
        and location=?
14:17:50,182 DEBUG BaseGeneralDataRegion:59 - Caching[foo.org.hibernate.cache.spi.UpdateTimestampsCache] : [CourseMeeting] -> [5579090862825472]
14:17:50,182 DEBUG SQL:104 - 
    delete 
    from
        Course 
    where
        courseCode=?
14:17:50,182 DEBUG BaseGeneralDataRegion:59 - Caching[foo.org.hibernate.cache.spi.UpdateTimestampsCache] : [Course] -> [5579090862825473]
14:17:50,182 DEBUG BaseGeneralDataRegion:59 - Caching[foo.org.hibernate.cache.spi.UpdateTimestampsCache] : [Student] -> [5579090617065474]
14:17:50,182 DEBUG BaseGeneralDataRegion:59 - Caching[foo.org.hibernate.cache.spi.UpdateTimestampsCache] : [Course] -> [5579090617065474]
14:17:50,182 DEBUG BaseGeneralDataRegion:59 - Caching[foo.org.hibernate.cache.spi.UpdateTimestampsCache] : [Enrolment] -> [5579090617065474]
14:17:50,182 DEBUG BaseGeneralDataRegion:59 - Caching[foo.org.hibernate.cache.spi.UpdateTimestampsCache] : [Student_secretCodes] -> [5579090617065474]
14:17:50,183 DEBUG BaseGeneralDataRegion:59 - Caching[foo.org.hibernate.cache.spi.UpdateTimestampsCache] : [Address] -> [5579090617065474]
14:17:50,183 DEBUG BaseGeneralDataRegion:59 - Caching[foo.org.hibernate.cache.spi.UpdateTimestampsCache] : [CourseMeeting] -> [5579090617065474]
14:17:50,183 DEBUG SQL:104 - 
    select
        coursemeet_.courseCode,
        coursemeet_.day,
        coursemeet_.period,
        coursemeet_.location 
    from
        CourseMeeting coursemeet_ 
    where
        coursemeet_.courseCode=? 
        and coursemeet_.day=? 
        and coursemeet_.period=? 
        and coursemeet_.location=?
14:17:50,192 DEBUG SQL:104 - 
    select
        coursemeet_.courseCode,
        coursemeet_.day,
        coursemeet_.period,
        coursemeet_.location 
    from
        CourseMeeting coursemeet_ 
    where
        coursemeet_.courseCode=? 
        and coursemeet_.day=? 
        and coursemeet_.period=? 
        and coursemeet_.location=?
14:17:50,194 DEBUG SQL:104 - 
    insert 
    into
        Course
        (description, courseCode) 
    values
        (?, ?)
14:17:50,194 DEBUG BaseGeneralDataRegion:59 - Caching[foo.org.hibernate.cache.spi.UpdateTimestampsCache] : [Course] -> [5579090862874624]
14:17:50,194 DEBUG SQL:104 - 
    insert 
    into
        CourseMeeting
        (courseCode, day, period, location) 
    values
        (?, ?, ?, ?)
14:17:50,194 DEBUG BaseGeneralDataRegion:59 - Caching[foo.org.hibernate.cache.spi.UpdateTimestampsCache] : [CourseMeeting] -> [5579090862874625]
14:17:50,194 DEBUG SQL:104 - 
    insert 
    into
        CourseMeeting
        (courseCode, day, period, location) 
    values
        (?, ?, ?, ?)
14:17:50,195 DEBUG BaseGeneralDataRegion:59 - Caching[foo.org.hibernate.cache.spi.UpdateTimestampsCache] : [CourseMeeting] -> [5579090862874626]
14:17:50,195 DEBUG SQL:104 - 
    insert 
    into
        Student
        (name_first, name_middle, name_last, preferredCourseCode, studentId) 
    values
        (?, ?, ?, ?, ?)
14:17:50,195 DEBUG BaseGeneralDataRegion:59 - Caching[foo.org.hibernate.cache.spi.UpdateTimestampsCache] : [Student] -> [5579090862878720]
14:17:50,195 DEBUG SQL:104 - 
    insert 
    into
        Address
        (addressType, street, city, stateProvince, postalCode, country, studentNumber, id) 
    values
        (?, ?, ?, ?, ?, ?, ?, ?)
14:17:50,227 DEBUG BaseGeneralDataRegion:59 - Caching[foo.org.hibernate.cache.spi.UpdateTimestampsCache] : [Address] -> [5579090863009792]
14:17:50,228 DEBUG SQL:104 - 
    insert 
    into
        Address
        (addressType, street, city, stateProvince, postalCode, country, studentNumber, id) 
    values
        (?, ?, ?, ?, ?, ?, ?, ?)
14:17:50,228 DEBUG BaseGeneralDataRegion:59 - Caching[foo.org.hibernate.cache.spi.UpdateTimestampsCache] : [Address] -> [5579090863013888]
14:17:50,228 DEBUG SQL:104 - 
    insert 
    into
        Student
        (name_first, name_middle, name_last, preferredCourseCode, studentId) 
    values
        (?, ?, ?, ?, ?)
14:17:50,228 DEBUG BaseGeneralDataRegion:59 - Caching[foo.org.hibernate.cache.spi.UpdateTimestampsCache] : [Student] -> [5579090863013889]
14:17:50,229 DEBUG SQL:104 - 
    insert 
    into
        Enrolment
        (semester, "year", studentId, courseCode) 
    values
        (?, ?, ?, ?)
14:17:50,229 DEBUG BaseGeneralDataRegion:59 - Caching[foo.org.hibernate.cache.spi.UpdateTimestampsCache] : [Enrolment] -> [5579090863017984]
14:17:50,229 DEBUG SQL:104 - 
    insert 
    into
        Enrolment
        (semester, "year", studentId, courseCode) 
    values
        (?, ?, ?, ?)
14:17:50,240 DEBUG BaseGeneralDataRegion:59 - Caching[foo.org.hibernate.cache.spi.UpdateTimestampsCache] : [Enrolment] -> [5579090863063040]
14:17:50,240 DEBUG BaseGeneralDataRegion:59 - Caching[foo.org.hibernate.cache.spi.UpdateTimestampsCache] : [CourseMeeting] -> [5579090863063041]
14:17:50,240 DEBUG BaseGeneralDataRegion:59 - Caching[foo.org.hibernate.cache.spi.UpdateTimestampsCache] : [Enrolment] -> [5579090863063042]
14:17:50,240 DEBUG SQL:104 - 
    update
        Address 
    set
        studentNumber=?,
        addressType=? 
    where
        id=?
14:17:50,241 DEBUG SQL:104 - 
    update
        Address 
    set
        studentNumber=?,
        addressType=? 
    where
        id=?
14:17:50,241 DEBUG BaseGeneralDataRegion:59 - Caching[foo.org.hibernate.cache.spi.UpdateTimestampsCache] : [Address] -> [5579090863067136]
14:17:50,241 DEBUG SQL:104 - 
    insert 
    into
        Student_secretCodes
        (studentNumber, i, secretCode) 
    values
        (?, ?, ?)
14:17:50,249 DEBUG BaseGeneralDataRegion:59 - Caching[foo.org.hibernate.cache.spi.UpdateTimestampsCache] : [Student_secretCodes] -> [5579090863099904]
14:17:50,250 DEBUG BaseGeneralDataRegion:59 - Caching[foo.org.hibernate.cache.spi.UpdateTimestampsCache] : [Enrolment] -> [5579090863104000]
14:17:50,250 DEBUG BaseGeneralDataRegion:59 - Caching[foo.org.hibernate.cache.spi.UpdateTimestampsCache] : [Address] -> [5579090863104001]
14:17:50,250 DEBUG SQL:104 - 
    insert 
    into
        Student_secretCodes
        (studentNumber, i, secretCode) 
    values
        (?, ?, ?)
14:17:50,250 DEBUG SQL:104 - 
    insert 
    into
        Student_secretCodes
        (studentNumber, i, secretCode) 
    values
        (?, ?, ?)
14:17:50,259 DEBUG BaseGeneralDataRegion:59 - Caching[foo.org.hibernate.cache.spi.UpdateTimestampsCache] : [Student_secretCodes] -> [5579090863140864]
14:17:50,260 DEBUG BaseGeneralDataRegion:59 - Caching[foo.org.hibernate.cache.spi.UpdateTimestampsCache] : [Student] -> [5579090617384960]
14:17:50,260 DEBUG BaseGeneralDataRegion:59 - Caching[foo.org.hibernate.cache.spi.UpdateTimestampsCache] : [Course] -> [5579090617384960]
14:17:50,260 DEBUG BaseGeneralDataRegion:59 - Caching[foo.org.hibernate.cache.spi.UpdateTimestampsCache] : [Enrolment] -> [5579090617384960]
14:17:50,260 DEBUG BaseGeneralDataRegion:59 - Caching[foo.org.hibernate.cache.spi.UpdateTimestampsCache] : [Student_secretCodes] -> [5579090617384960]
14:17:50,260 DEBUG BaseGeneralDataRegion:59 - Caching[foo.org.hibernate.cache.spi.UpdateTimestampsCache] : [Address] -> [5579090617384960]
14:17:50,260 DEBUG BaseGeneralDataRegion:59 - Caching[foo.org.hibernate.cache.spi.UpdateTimestampsCache] : [CourseMeeting] -> [5579090617384960]
14:17:50,261 DEBUG SQL:104 - 
    select
        this_.studentId as studentId4_1_,
        this_.name_first as name2_4_1_,
        this_.name_middle as name3_4_1_,
        this_.name_last as name4_4_1_,
        this_.preferredCourseCode as preferre5_4_1_,
        pcourse1_.courseCode as courseCode1_0_,
        pcourse1_.description as descript2_1_0_ 
    from
        Student this_ 
    left outer join
        Course pcourse1_ 
            on this_.preferredCourseCode=pcourse1_.courseCode 
    order by
        this_.studentId asc
14:17:50,262 DEBUG SQL:104 - 
    select
        secretcode0_.studentNumber as studentN1_4_0_,
        secretcode0_.secretCode as secretCode5_0_,
        secretcode0_.i as i0_ 
    from
        Student_secretCodes secretcode0_ 
    where
        secretcode0_.studentNumber=?
14:17:50,270 DEBUG SQL:104 - 
    select
        secretcode0_.studentNumber as studentN1_4_0_,
        secretcode0_.secretCode as secretCode5_0_,
        secretcode0_.i as i0_ 
    from
        Student_secretCodes secretcode0_ 
    where
        secretcode0_.studentNumber=?
14:17:50,270 DEBUG SQL:104 - 
    select
        coursemeet0_.courseCode as courseCode1_1_,
        coursemeet0_.courseCode as courseCode2_1_,
        coursemeet0_.day as day2_1_,
        coursemeet0_.period as period2_1_,
        coursemeet0_.location as location2_1_,
        coursemeet0_.courseCode as courseCode2_0_,
        coursemeet0_.day as day2_0_,
        coursemeet0_.period as period2_0_,
        coursemeet0_.location as location2_0_ 
    from
        CourseMeeting coursemeet0_ 
    where
        coursemeet0_.courseCode=?
14:17:50,272 DEBUG SQL:104 - 
    select
        this_.studentId as studentId4_1_,
        this_.name_first as name2_4_1_,
        this_.name_middle as name3_4_1_,
        this_.name_last as name4_4_1_,
        this_.preferredCourseCode as preferre5_4_1_,
        pcourse1_.courseCode as courseCode1_0_,
        pcourse1_.description as descript2_1_0_ 
    from
        Student this_ 
    left outer join
        Course pcourse1_ 
            on this_.preferredCourseCode=pcourse1_.courseCode 
    order by
        this_.studentId asc
14:17:50,281 DEBUG SQL:104 - 
    select
        secretcode0_.studentNumber as studentN1_4_0_,
        secretcode0_.secretCode as secretCode5_0_,
        secretcode0_.i as i0_ 
    from
        Student_secretCodes secretcode0_ 
    where
        secretcode0_.studentNumber=?
14:17:50,281 DEBUG SQL:104 - 
    select
        secretcode0_.studentNumber as studentN1_4_0_,
        secretcode0_.secretCode as secretCode5_0_,
        secretcode0_.i as i0_ 
    from
        Student_secretCodes secretcode0_ 
    where
        secretcode0_.studentNumber=?
14:17:50,291 DEBUG SQL:104 - 
    select
        coursemeet0_.courseCode as courseCode1_1_,
        coursemeet0_.courseCode as courseCode2_1_,
        coursemeet0_.day as day2_1_,
        coursemeet0_.period as period2_1_,
        coursemeet0_.location as location2_1_,
        coursemeet0_.courseCode as courseCode2_0_,
        coursemeet0_.day as day2_0_,
        coursemeet0_.period as period2_0_,
        coursemeet0_.location as location2_0_ 
    from
        CourseMeeting coursemeet0_ 
    where
        coursemeet0_.courseCode=?
14:17:50,292 DEBUG SQL:104 - 
    select
        student_.studentId,
        student_.name_first as name2_4_,
        student_.name_middle as name3_4_,
        student_.name_last as name4_4_,
        student_.preferredCourseCode as preferre5_4_ 
    from
        Student student_ 
    where
        student_.studentId=?
14:17:50,293 DEBUG SQL:104 - 
    select
        enrolment_.studentId,
        enrolment_.courseCode,
        enrolment_.semester as semester3_,
        enrolment_."year" as year4_3_ 
    from
        Enrolment enrolment_ 
    where
        enrolment_.studentId=? 
        and enrolment_.courseCode=?
14:17:50,302 DEBUG SQL:104 - 
    select
        course_.courseCode,
        course_.description as descript2_1_ 
    from
        Course course_ 
    where
        course_.courseCode=?
14:17:50,302 DEBUG SQL:104 - 
    select
        student_.studentId,
        student_.name_first as name2_4_,
        student_.name_middle as name3_4_,
        student_.name_last as name4_4_,
        student_.preferredCourseCode as preferre5_4_ 
    from
        Student student_ 
    where
        student_.studentId=?
14:17:50,303 DEBUG SQL:104 - 
    select
        enrolment_.studentId,
        enrolment_.courseCode,
        enrolment_.semester as semester3_,
        enrolment_."year" as year4_3_ 
    from
        Enrolment enrolment_ 
    where
        enrolment_.studentId=? 
        and enrolment_.courseCode=?
14:17:50,312 DEBUG SQL:104 - 
    select
        coursemeet_.courseCode,
        coursemeet_.day,
        coursemeet_.period,
        coursemeet_.location 
    from
        CourseMeeting coursemeet_ 
    where
        coursemeet_.courseCode=? 
        and coursemeet_.day=? 
        and coursemeet_.period=? 
        and coursemeet_.location=?
14:17:50,312 DEBUG SQL:104 - 
    select
        coursemeet_.courseCode,
        coursemeet_.day,
        coursemeet_.period,
        coursemeet_.location 
    from
        CourseMeeting coursemeet_ 
    where
        coursemeet_.courseCode=? 
        and coursemeet_.day=? 
        and coursemeet_.period=? 
        and coursemeet_.location=?
14:17:50,323 DEBUG BaseGeneralDataRegion:59 - Caching[foo.org.hibernate.cache.spi.UpdateTimestampsCache] : [Enrolment] -> [5579090863403008]
14:17:50,323 DEBUG SQL:104 - 
    update
        Address 
    set
        studentNumber=null,
        addressType=null 
    where
        studentNumber=?
14:17:50,324 DEBUG BaseGeneralDataRegion:59 - Caching[foo.org.hibernate.cache.spi.UpdateTimestampsCache] : [Address] -> [5579090863407104]
14:17:50,324 DEBUG SQL:104 - 
    delete 
    from
        Student_secretCodes 
    where
        studentNumber=?
14:17:50,324 DEBUG BaseGeneralDataRegion:59 - Caching[foo.org.hibernate.cache.spi.UpdateTimestampsCache] : [Student_secretCodes] -> [5579090863407105]
14:17:50,324 DEBUG BaseGeneralDataRegion:59 - Caching[foo.org.hibernate.cache.spi.UpdateTimestampsCache] : [Enrolment] -> [5579090863407106]
14:17:50,324 DEBUG BaseGeneralDataRegion:59 - Caching[foo.org.hibernate.cache.spi.UpdateTimestampsCache] : [Address] -> [5579090863407107]
14:17:50,324 DEBUG SQL:104 - 
    delete 
    from
        Student_secretCodes 
    where
        studentNumber=?
14:17:50,325 DEBUG BaseGeneralDataRegion:59 - Caching[foo.org.hibernate.cache.spi.UpdateTimestampsCache] : [Student_secretCodes] -> [5579090863411200]
14:17:50,325 DEBUG BaseGeneralDataRegion:59 - Caching[foo.org.hibernate.cache.spi.UpdateTimestampsCache] : [CourseMeeting] -> [5579090863411201]
14:17:50,325 DEBUG SQL:104 - 
    delete 
    from
        Enrolment 
    where
        studentId=? 
        and courseCode=?
14:17:50,325 DEBUG BaseGeneralDataRegion:59 - Caching[foo.org.hibernate.cache.spi.UpdateTimestampsCache] : [Enrolment] -> [5579090863411202]
14:17:50,325 DEBUG SQL:104 - 
    delete 
    from
        Address 
    where
        id=?
14:17:50,325 DEBUG BaseGeneralDataRegion:59 - Caching[foo.org.hibernate.cache.spi.UpdateTimestampsCache] : [Address] -> [5579090863411203]
14:17:50,326 DEBUG SQL:104 - 
    delete 
    from
        Address 
    where
        id=?
14:17:50,326 DEBUG BaseGeneralDataRegion:59 - Caching[foo.org.hibernate.cache.spi.UpdateTimestampsCache] : [Address] -> [5579090863415296]
14:17:50,326 DEBUG SQL:104 - 
    delete 
    from
        Student 
    where
        studentId=?
14:17:50,336 DEBUG BaseGeneralDataRegion:59 - Caching[foo.org.hibernate.cache.spi.UpdateTimestampsCache] : [Student] -> [5579090863456256]
14:17:50,336 DEBUG SQL:104 - 
    delete 
    from
        Enrolment 
    where
        studentId=? 
        and courseCode=?
14:17:50,337 DEBUG BaseGeneralDataRegion:59 - Caching[foo.org.hibernate.cache.spi.UpdateTimestampsCache] : [Enrolment] -> [5579090863460352]
14:17:50,337 DEBUG SQL:104 - 
    delete 
    from
        Student 
    where
        studentId=?
14:17:50,337 DEBUG BaseGeneralDataRegion:59 - Caching[foo.org.hibernate.cache.spi.UpdateTimestampsCache] : [Student] -> [5579090863460353]
14:17:50,337 DEBUG SQL:104 - 
    delete 
    from
        CourseMeeting 
    where
        courseCode=? 
        and day=? 
        and period=? 
        and location=?
14:17:50,337 DEBUG BaseGeneralDataRegion:59 - Caching[foo.org.hibernate.cache.spi.UpdateTimestampsCache] : [CourseMeeting] -> [5579090863460354]
14:17:50,337 DEBUG SQL:104 - 
    delete 
    from
        CourseMeeting 
    where
        courseCode=? 
        and day=? 
        and period=? 
        and location=?
14:17:50,349 DEBUG BaseGeneralDataRegion:59 - Caching[foo.org.hibernate.cache.spi.UpdateTimestampsCache] : [CourseMeeting] -> [5579090863509504]
14:17:50,349 DEBUG SQL:104 - 
    delete 
    from
        Course 
    where
        courseCode=?
14:17:50,349 DEBUG BaseGeneralDataRegion:59 - Caching[foo.org.hibernate.cache.spi.UpdateTimestampsCache] : [Course] -> [5579090863509505]
14:17:50,349 DEBUG BaseGeneralDataRegion:59 - Caching[foo.org.hibernate.cache.spi.UpdateTimestampsCache] : [Student] -> [5579090617749506]
14:17:50,349 DEBUG BaseGeneralDataRegion:59 - Caching[foo.org.hibernate.cache.spi.UpdateTimestampsCache] : [Course] -> [5579090617749506]
14:17:50,349 DEBUG BaseGeneralDataRegion:59 - Caching[foo.org.hibernate.cache.spi.UpdateTimestampsCache] : [Enrolment] -> [5579090617749506]
14:17:50,349 DEBUG BaseGeneralDataRegion:59 - Caching[foo.org.hibernate.cache.spi.UpdateTimestampsCache] : [Student_secretCodes] -> [5579090617749506]
14:17:50,350 DEBUG BaseGeneralDataRegion:59 - Caching[foo.org.hibernate.cache.spi.UpdateTimestampsCache] : [Address] -> [5579090617749506]
14:17:50,350 DEBUG BaseGeneralDataRegion:59 - Caching[foo.org.hibernate.cache.spi.UpdateTimestampsCache] : [CourseMeeting] -> [5579090617749506]
14:17:50,350 DEBUG SQL:104 - 
    select
        coursemeet_.courseCode,
        coursemeet_.day,
        coursemeet_.period,
        coursemeet_.location 
    from
        CourseMeeting coursemeet_ 
    where
        coursemeet_.courseCode=? 
        and coursemeet_.day=? 
        and coursemeet_.period=? 
        and coursemeet_.location=?
14:17:50,359 DEBUG SQL:104 - 
    select
        coursemeet_.courseCode,
        coursemeet_.day,
        coursemeet_.period,
        coursemeet_.location 
    from
        CourseMeeting coursemeet_ 
    where
        coursemeet_.courseCode=? 
        and coursemeet_.day=? 
        and coursemeet_.period=? 
        and coursemeet_.location=?
14:17:50,370 DEBUG SQL:104 - 
    insert 
    into
        Course
        (description, courseCode) 
    values
        (?, ?)
14:17:50,370 DEBUG BaseGeneralDataRegion:59 - Caching[foo.org.hibernate.cache.spi.UpdateTimestampsCache] : [Course] -> [5579090863595520]
14:17:50,370 DEBUG SQL:104 - 
    insert 
    into
        CourseMeeting
        (courseCode, day, period, location) 
    values
        (?, ?, ?, ?)
14:17:50,371 DEBUG BaseGeneralDataRegion:59 - Caching[foo.org.hibernate.cache.spi.UpdateTimestampsCache] : [CourseMeeting] -> [5579090863599616]
14:17:50,371 DEBUG SQL:104 - 
    insert 
    into
        CourseMeeting
        (courseCode, day, period, location) 
    values
        (?, ?, ?, ?)
14:17:50,371 DEBUG BaseGeneralDataRegion:59 - Caching[foo.org.hibernate.cache.spi.UpdateTimestampsCache] : [CourseMeeting] -> [5579090863599617]
14:17:50,371 DEBUG SQL:104 - 
    insert 
    into
        Student
        (name_first, name_middle, name_last, preferredCourseCode, studentId) 
    values
        (?, ?, ?, ?, ?)
14:17:50,379 DEBUG BaseGeneralDataRegion:59 - Caching[foo.org.hibernate.cache.spi.UpdateTimestampsCache] : [Student] -> [5579090863632384]
14:17:50,380 DEBUG SQL:104 - 
    insert 
    into
        Address
        (addressType, street, city, stateProvince, postalCode, country, studentNumber, id) 
    values
        (?, ?, ?, ?, ?, ?, ?, ?)
14:17:50,380 DEBUG BaseGeneralDataRegion:59 - Caching[foo.org.hibernate.cache.spi.UpdateTimestampsCache] : [Address] -> [5579090863636480]
14:17:50,380 DEBUG SQL:104 - 
    insert 
    into
        Address
        (addressType, street, city, stateProvince, postalCode, country, studentNumber, id) 
    values
        (?, ?, ?, ?, ?, ?, ?, ?)
14:17:50,380 DEBUG BaseGeneralDataRegion:59 - Caching[foo.org.hibernate.cache.spi.UpdateTimestampsCache] : [Address] -> [5579090863636481]
14:17:50,380 DEBUG SQL:104 - 
    insert 
    into
        Student
        (name_first, name_middle, name_last, preferredCourseCode, studentId) 
    values
        (?, ?, ?, ?, ?)
14:17:50,381 DEBUG BaseGeneralDataRegion:59 - Caching[foo.org.hibernate.cache.spi.UpdateTimestampsCache] : [Student] -> [5579090863640576]
14:17:50,381 DEBUG SQL:104 - 
    insert 
    into
        Enrolment
        (semester, "year", studentId, courseCode) 
    values
        (?, ?, ?, ?)
14:17:50,389 DEBUG BaseGeneralDataRegion:59 - Caching[foo.org.hibernate.cache.spi.UpdateTimestampsCache] : [Enrolment] -> [5579090863673344]
14:17:50,390 DEBUG SQL:104 - 
    insert 
    into
        Enrolment
        (semester, "year", studentId, courseCode) 
    values
        (?, ?, ?, ?)
14:17:50,390 DEBUG BaseGeneralDataRegion:59 - Caching[foo.org.hibernate.cache.spi.UpdateTimestampsCache] : [Enrolment] -> [5579090863677440]
14:17:50,390 DEBUG BaseGeneralDataRegion:59 - Caching[foo.org.hibernate.cache.spi.UpdateTimestampsCache] : [CourseMeeting] -> [5579090863677441]
14:17:50,390 DEBUG BaseGeneralDataRegion:59 - Caching[foo.org.hibernate.cache.spi.UpdateTimestampsCache] : [Enrolment] -> [5579090863677442]
14:17:50,390 DEBUG SQL:104 - 
    update
        Address 
    set
        studentNumber=?,
        addressType=? 
    where
        id=?
14:17:50,390 DEBUG SQL:104 - 
    update
        Address 
    set
        studentNumber=?,
        addressType=? 
    where
        id=?
14:17:50,400 DEBUG BaseGeneralDataRegion:59 - Caching[foo.org.hibernate.cache.spi.UpdateTimestampsCache] : [Address] -> [5579090863718400]
14:17:50,401 DEBUG SQL:104 - 
    insert 
    into
        Student_secretCodes
        (studentNumber, i, secretCode) 
    values
        (?, ?, ?)
14:17:50,401 DEBUG BaseGeneralDataRegion:59 - Caching[foo.org.hibernate.cache.spi.UpdateTimestampsCache] : [Student_secretCodes] -> [5579090863722496]
14:17:50,401 DEBUG BaseGeneralDataRegion:59 - Caching[foo.org.hibernate.cache.spi.UpdateTimestampsCache] : [Enrolment] -> [5579090863722497]
14:17:50,401 DEBUG BaseGeneralDataRegion:59 - Caching[foo.org.hibernate.cache.spi.UpdateTimestampsCache] : [Address] -> [5579090863722498]
14:17:50,401 DEBUG SQL:104 - 
    insert 
    into
        Student_secretCodes
        (studentNumber, i, secretCode) 
    values
        (?, ?, ?)
14:17:50,401 DEBUG SQL:104 - 
    insert 
    into
        Student_secretCodes
        (studentNumber, i, secretCode) 
    values
        (?, ?, ?)
14:17:50,401 DEBUG BaseGeneralDataRegion:59 - Caching[foo.org.hibernate.cache.spi.UpdateTimestampsCache] : [Student_secretCodes] -> [5579090863722499]
14:17:50,402 DEBUG BaseGeneralDataRegion:59 - Caching[foo.org.hibernate.cache.spi.UpdateTimestampsCache] : [Student] -> [5579090617966592]
14:17:50,402 DEBUG BaseGeneralDataRegion:59 - Caching[foo.org.hibernate.cache.spi.UpdateTimestampsCache] : [Course] -> [5579090617966592]
14:17:50,402 DEBUG BaseGeneralDataRegion:59 - Caching[foo.org.hibernate.cache.spi.UpdateTimestampsCache] : [Enrolment] -> [5579090617966592]
14:17:50,411 DEBUG BaseGeneralDataRegion:59 - Caching[foo.org.hibernate.cache.spi.UpdateTimestampsCache] : [Student_secretCodes] -> [5579090617966592]
14:17:50,411 DEBUG BaseGeneralDataRegion:59 - Caching[foo.org.hibernate.cache.spi.UpdateTimestampsCache] : [Address] -> [5579090617966592]
14:17:50,411 DEBUG BaseGeneralDataRegion:59 - Caching[foo.org.hibernate.cache.spi.UpdateTimestampsCache] : [CourseMeeting] -> [5579090617966592]
14:17:50,412 DEBUG SQL:104 - 
    select
        this_.studentId as studentId4_1_,
        this_.name_first as name2_4_1_,
        this_.name_middle as name3_4_1_,
        this_.name_last as name4_4_1_,
        this_.preferredCourseCode as preferre5_4_1_,
        pcourse1_.courseCode as courseCode1_0_,
        pcourse1_.description as descript2_1_0_ 
    from
        Student this_ 
    left outer join
        Course pcourse1_ 
            on this_.preferredCourseCode=pcourse1_.courseCode 
    order by
        this_.studentId asc
14:17:50,412 DEBUG SQL:104 - 
    select
        secretcode0_.studentNumber as studentN1_4_0_,
        secretcode0_.secretCode as secretCode5_0_,
        secretcode0_.i as i0_ 
    from
        Student_secretCodes secretcode0_ 
    where
        secretcode0_.studentNumber=?
14:17:50,413 DEBUG SQL:104 - 
    select
        secretcode0_.studentNumber as studentN1_4_0_,
        secretcode0_.secretCode as secretCode5_0_,
        secretcode0_.i as i0_ 
    from
        Student_secretCodes secretcode0_ 
    where
        secretcode0_.studentNumber=?
14:17:50,421 DEBUG SQL:104 - 
    select
        coursemeet0_.courseCode as courseCode1_1_,
        coursemeet0_.courseCode as courseCode2_1_,
        coursemeet0_.day as day2_1_,
        coursemeet0_.period as period2_1_,
        coursemeet0_.location as location2_1_,
        coursemeet0_.courseCode as courseCode2_0_,
        coursemeet0_.day as day2_0_,
        coursemeet0_.period as period2_0_,
        coursemeet0_.location as location2_0_ 
    from
        CourseMeeting coursemeet0_ 
    where
        coursemeet0_.courseCode=?
14:17:50,423 DEBUG SQL:104 - 
    select
        this_.studentId as studentId4_1_,
        this_.name_first as name2_4_1_,
        this_.name_middle as name3_4_1_,
        this_.name_last as name4_4_1_,
        this_.preferredCourseCode as preferre5_4_1_,
        pcourse1_.courseCode as courseCode1_0_,
        pcourse1_.description as descript2_1_0_ 
    from
        Student this_ 
    left outer join
        Course pcourse1_ 
            on this_.preferredCourseCode=pcourse1_.courseCode 
    order by
        this_.studentId asc
14:17:50,432 DEBUG SQL:104 - 
    select
        secretcode0_.studentNumber as studentN1_4_0_,
        secretcode0_.secretCode as secretCode5_0_,
        secretcode0_.i as i0_ 
    from
        Student_secretCodes secretcode0_ 
    where
        secretcode0_.studentNumber=?
14:17:50,432 DEBUG SQL:104 - 
    select
        secretcode0_.studentNumber as studentN1_4_0_,
        secretcode0_.secretCode as secretCode5_0_,
        secretcode0_.i as i0_ 
    from
        Student_secretCodes secretcode0_ 
    where
        secretcode0_.studentNumber=?
14:17:50,433 DEBUG SQL:104 - 
    select
        coursemeet0_.courseCode as courseCode1_1_,
        coursemeet0_.courseCode as courseCode2_1_,
        coursemeet0_.day as day2_1_,
        coursemeet0_.period as period2_1_,
        coursemeet0_.location as location2_1_,
        coursemeet0_.courseCode as courseCode2_0_,
        coursemeet0_.day as day2_0_,
        coursemeet0_.period as period2_0_,
        coursemeet0_.location as location2_0_ 
    from
        CourseMeeting coursemeet0_ 
    where
        coursemeet0_.courseCode=?
14:17:50,443 DEBUG SQL:104 - 
    select
        student_.studentId,
        student_.name_first as name2_4_,
        student_.name_middle as name3_4_,
        student_.name_last as name4_4_,
        student_.preferredCourseCode as preferre5_4_ 
    from
        Student student_ 
    where
        student_.studentId=?
14:17:50,443 DEBUG SQL:104 - 
    select
        enrolment_.studentId,
        enrolment_.courseCode,
        enrolment_.semester as semester3_,
        enrolment_."year" as year4_3_ 
    from
        Enrolment enrolment_ 
    where
        enrolment_.studentId=? 
        and enrolment_.courseCode=?
14:17:50,453 DEBUG SQL:104 - 
    select
        course_.courseCode,
        course_.description as descript2_1_ 
    from
        Course course_ 
    where
        course_.courseCode=?
14:17:50,454 DEBUG SQL:104 - 
    select
        student_.studentId,
        student_.name_first as name2_4_,
        student_.name_middle as name3_4_,
        student_.name_last as name4_4_,
        student_.preferredCourseCode as preferre5_4_ 
    from
        Student student_ 
    where
        student_.studentId=?
14:17:50,454 DEBUG SQL:104 - 
    select
        enrolment_.studentId,
        enrolment_.courseCode,
        enrolment_.semester as semester3_,
        enrolment_."year" as year4_3_ 
    from
        Enrolment enrolment_ 
    where
        enrolment_.studentId=? 
        and enrolment_.courseCode=?
14:17:50,455 DEBUG SQL:104 - 
    select
        coursemeet_.courseCode,
        coursemeet_.day,
        coursemeet_.period,
        coursemeet_.location 
    from
        CourseMeeting coursemeet_ 
    where
        coursemeet_.courseCode=? 
        and coursemeet_.day=? 
        and coursemeet_.period=? 
        and coursemeet_.location=?
14:17:50,455 DEBUG SQL:104 - 
    select
        coursemeet_.courseCode,
        coursemeet_.day,
        coursemeet_.period,
        coursemeet_.location 
    from
        CourseMeeting coursemeet_ 
    where
        coursemeet_.courseCode=? 
        and coursemeet_.day=? 
        and coursemeet_.period=? 
        and coursemeet_.location=?
14:17:50,455 DEBUG BaseGeneralDataRegion:59 - Caching[foo.org.hibernate.cache.spi.UpdateTimestampsCache] : [Enrolment] -> [5579090863943680]
14:17:50,455 DEBUG SQL:104 - 
    update
        Address 
    set
        studentNumber=null,
        addressType=null 
    where
        studentNumber=?
14:17:50,465 DEBUG BaseGeneralDataRegion:59 - Caching[foo.org.hibernate.cache.spi.UpdateTimestampsCache] : [Address] -> [5579090863984640]
14:17:50,466 DEBUG SQL:104 - 
    delete 
    from
        Student_secretCodes 
    where
        studentNumber=?
14:17:50,466 DEBUG BaseGeneralDataRegion:59 - Caching[foo.org.hibernate.cache.spi.UpdateTimestampsCache] : [Student_secretCodes] -> [5579090863988736]
14:17:50,466 DEBUG BaseGeneralDataRegion:59 - Caching[foo.org.hibernate.cache.spi.UpdateTimestampsCache] : [Enrolment] -> [5579090863988737]
14:17:50,466 DEBUG BaseGeneralDataRegion:59 - Caching[foo.org.hibernate.cache.spi.UpdateTimestampsCache] : [Address] -> [5579090863988738]
14:17:50,466 DEBUG SQL:104 - 
    delete 
    from
        Student_secretCodes 
    where
        studentNumber=?
14:17:50,467 DEBUG BaseGeneralDataRegion:59 - Caching[foo.org.hibernate.cache.spi.UpdateTimestampsCache] : [Student_secretCodes] -> [5579090863992832]
14:17:50,467 DEBUG BaseGeneralDataRegion:59 - Caching[foo.org.hibernate.cache.spi.UpdateTimestampsCache] : [CourseMeeting] -> [5579090863992833]
14:17:50,467 DEBUG SQL:104 - 
    delete 
    from
        Enrolment 
    where
        studentId=? 
        and courseCode=?
14:17:50,477 DEBUG BaseGeneralDataRegion:59 - Caching[foo.org.hibernate.cache.spi.UpdateTimestampsCache] : [Enrolment] -> [5579090864033792]
14:17:50,477 DEBUG SQL:104 - 
    delete 
    from
        Address 
    where
        id=?
14:17:50,478 DEBUG BaseGeneralDataRegion:59 - Caching[foo.org.hibernate.cache.spi.UpdateTimestampsCache] : [Address] -> [5579090864037888]
14:17:50,478 DEBUG SQL:104 - 
    delete 
    from
        Address 
    where
        id=?
14:17:50,478 DEBUG BaseGeneralDataRegion:59 - Caching[foo.org.hibernate.cache.spi.UpdateTimestampsCache] : [Address] -> [5579090864037889]
14:17:50,478 DEBUG SQL:104 - 
    delete 
    from
        Student 
    where
        studentId=?
14:17:50,478 DEBUG BaseGeneralDataRegion:59 - Caching[foo.org.hibernate.cache.spi.UpdateTimestampsCache] : [Student] -> [5579090864037890]
14:17:50,478 DEBUG SQL:104 - 
    delete 
    from
        Enrolment 
    where
        studentId=? 
        and courseCode=?
14:17:50,486 DEBUG BaseGeneralDataRegion:59 - Caching[foo.org.hibernate.cache.spi.UpdateTimestampsCache] : [Enrolment] -> [5579090864070656]
14:17:50,486 DEBUG SQL:104 - 
    delete 
    from
        Student 
    where
        studentId=?
14:17:50,486 DEBUG BaseGeneralDataRegion:59 - Caching[foo.org.hibernate.cache.spi.UpdateTimestampsCache] : [Student] -> [5579090864070657]
14:17:50,487 DEBUG SQL:104 - 
    delete 
    from
        CourseMeeting 
    where
        courseCode=? 
        and day=? 
        and period=? 
        and location=?
14:17:50,497 DEBUG BaseGeneralDataRegion:59 - Caching[foo.org.hibernate.cache.spi.UpdateTimestampsCache] : [CourseMeeting] -> [5579090864115712]
14:17:50,497 DEBUG SQL:104 - 
    delete 
    from
        CourseMeeting 
    where
        courseCode=? 
        and day=? 
        and period=? 
        and location=?
14:17:50,497 DEBUG BaseGeneralDataRegion:59 - Caching[foo.org.hibernate.cache.spi.UpdateTimestampsCache] : [CourseMeeting] -> [5579090864115713]
14:17:50,498 DEBUG SQL:104 - 
    delete 
    from
        Course 
    where
        courseCode=?
14:17:50,498 DEBUG BaseGeneralDataRegion:59 - Caching[foo.org.hibernate.cache.spi.UpdateTimestampsCache] : [Course] -> [5579090864119808]
14:17:50,498 DEBUG BaseGeneralDataRegion:59 - Caching[foo.org.hibernate.cache.spi.UpdateTimestampsCache] : [Student] -> [5579090618359809]
14:17:50,498 DEBUG BaseGeneralDataRegion:59 - Caching[foo.org.hibernate.cache.spi.UpdateTimestampsCache] : [Course] -> [5579090618359809]
14:17:50,498 DEBUG BaseGeneralDataRegion:59 - Caching[foo.org.hibernate.cache.spi.UpdateTimestampsCache] : [Enrolment] -> [5579090618359809]
14:17:50,498 DEBUG BaseGeneralDataRegion:59 - Caching[foo.org.hibernate.cache.spi.UpdateTimestampsCache] : [Student_secretCodes] -> [5579090618359809]
14:17:50,498 DEBUG BaseGeneralDataRegion:59 - Caching[foo.org.hibernate.cache.spi.UpdateTimestampsCache] : [Address] -> [5579090618359809]
14:17:50,498 DEBUG BaseGeneralDataRegion:59 - Caching[foo.org.hibernate.cache.spi.UpdateTimestampsCache] : [CourseMeeting] -> [5579090618359809]
14:17:50,499  INFO CustomRunner:139 - Test: testEntityWithJoinFetchedLazyManyToOneUsingProjectionList
14:17:50,509 DEBUG SQL:104 - 
    select
        coursemeet_.courseCode,
        coursemeet_.day,
        coursemeet_.period,
        coursemeet_.location 
    from
        CourseMeeting coursemeet_ 
    where
        coursemeet_.courseCode=? 
        and coursemeet_.day=? 
        and coursemeet_.period=? 
        and coursemeet_.location=?
14:17:50,510 DEBUG SQL:104 - 
    select
        coursemeet_.courseCode,
        coursemeet_.day,
        coursemeet_.period,
        coursemeet_.location 
    from
        CourseMeeting coursemeet_ 
    where
        coursemeet_.courseCode=? 
        and coursemeet_.day=? 
        and coursemeet_.period=? 
        and coursemeet_.location=?
14:17:50,511 DEBUG SQL:104 - 
    insert 
    into
        Course
        (description, courseCode) 
    values
        (?, ?)
14:17:50,518 DEBUG BaseGeneralDataRegion:59 - Caching[foo.org.hibernate.cache.spi.UpdateTimestampsCache] : [Course] -> [5579090864201728]
14:17:50,518 DEBUG SQL:104 - 
    insert 
    into
        CourseMeeting
        (courseCode, day, period, location) 
    values
        (?, ?, ?, ?)
14:17:50,518 DEBUG BaseGeneralDataRegion:59 - Caching[foo.org.hibernate.cache.spi.UpdateTimestampsCache] : [CourseMeeting] -> [5579090864201729]
14:17:50,519 DEBUG SQL:104 - 
    insert 
    into
        CourseMeeting
        (courseCode, day, period, location) 
    values
        (?, ?, ?, ?)
14:17:50,519 DEBUG BaseGeneralDataRegion:59 - Caching[foo.org.hibernate.cache.spi.UpdateTimestampsCache] : [CourseMeeting] -> [5579090864205824]
14:17:50,519 DEBUG SQL:104 - 
    insert 
    into
        Student
        (name_first, name_middle, name_last, preferredCourseCode, studentId) 
    values
        (?, ?, ?, ?, ?)
14:17:50,519 DEBUG BaseGeneralDataRegion:59 - Caching[foo.org.hibernate.cache.spi.UpdateTimestampsCache] : [Student] -> [5579090864205825]
14:17:50,519 DEBUG SQL:104 - 
    insert 
    into
        Address
        (addressType, street, city, stateProvince, postalCode, country, studentNumber, id) 
    values
        (?, ?, ?, ?, ?, ?, ?, ?)
14:17:50,529 DEBUG BaseGeneralDataRegion:59 - Caching[foo.org.hibernate.cache.spi.UpdateTimestampsCache] : [Address] -> [5579090864246784]
14:17:50,529 DEBUG SQL:104 - 
    insert 
    into
        Address
        (addressType, street, city, stateProvince, postalCode, country, studentNumber, id) 
    values
        (?, ?, ?, ?, ?, ?, ?, ?)
14:17:50,529 DEBUG BaseGeneralDataRegion:59 - Caching[foo.org.hibernate.cache.spi.UpdateTimestampsCache] : [Address] -> [5579090864246785]
14:17:50,529 DEBUG SQL:104 - 
    insert 
    into
        Student
        (name_first, name_middle, name_last, preferredCourseCode, studentId) 
    values
        (?, ?, ?, ?, ?)
14:17:50,529 DEBUG BaseGeneralDataRegion:59 - Caching[foo.org.hibernate.cache.spi.UpdateTimestampsCache] : [Student] -> [5579090864246786]
14:17:50,530 DEBUG SQL:104 - 
    insert 
    into
        Enrolment
        (semester, "year", studentId, courseCode) 
    values
        (?, ?, ?, ?)
14:17:50,530 DEBUG BaseGeneralDataRegion:59 - Caching[foo.org.hibernate.cache.spi.UpdateTimestampsCache] : [Enrolment] -> [5579090864250880]
14:17:50,539 DEBUG SQL:104 - 
    insert 
    into
        Enrolment
        (semester, "year", studentId, courseCode) 
    values
        (?, ?, ?, ?)
14:17:50,540 DEBUG BaseGeneralDataRegion:59 - Caching[foo.org.hibernate.cache.spi.UpdateTimestampsCache] : [Enrolment] -> [5579090864291840]
14:17:50,540 DEBUG BaseGeneralDataRegion:59 - Caching[foo.org.hibernate.cache.spi.UpdateTimestampsCache] : [CourseMeeting] -> [5579090864291841]
14:17:50,540 DEBUG BaseGeneralDataRegion:59 - Caching[foo.org.hibernate.cache.spi.UpdateTimestampsCache] : [Enrolment] -> [5579090864291842]
14:17:50,540 DEBUG SQL:104 - 
    update
        Address 
    set
        studentNumber=?,
        addressType=? 
    where
        id=?
14:17:50,540 DEBUG SQL:104 - 
    update
        Address 
    set
        studentNumber=?,
        addressType=? 
    where
        id=?
14:17:50,541 DEBUG BaseGeneralDataRegion:59 - Caching[foo.org.hibernate.cache.spi.UpdateTimestampsCache] : [Address] -> [5579090864295936]
14:17:50,541 DEBUG SQL:104 - 
    insert 
    into
        Student_secretCodes
        (studentNumber, i, secretCode) 
    values
        (?, ?, ?)
14:17:50,549 DEBUG BaseGeneralDataRegion:59 - Caching[foo.org.hibernate.cache.spi.UpdateTimestampsCache] : [Student_secretCodes] -> [5579090864328704]
14:17:50,549 DEBUG BaseGeneralDataRegion:59 - Caching[foo.org.hibernate.cache.spi.UpdateTimestampsCache] : [Enrolment] -> [5579090864328705]
14:17:50,550 DEBUG BaseGeneralDataRegion:59 - Caching[foo.org.hibernate.cache.spi.UpdateTimestampsCache] : [Address] -> [5579090864332800]
14:17:50,550 DEBUG SQL:104 - 
    insert 
    into
        Student_secretCodes
        (studentNumber, i, secretCode) 
    values
        (?, ?, ?)
14:17:50,550 DEBUG SQL:104 - 
    insert 
    into
        Student_secretCodes
        (studentNumber, i, secretCode) 
    values
        (?, ?, ?)
14:17:50,550 DEBUG BaseGeneralDataRegion:59 - Caching[foo.org.hibernate.cache.spi.UpdateTimestampsCache] : [Student_secretCodes] -> [5579090864332801]
14:17:50,550 DEBUG BaseGeneralDataRegion:59 - Caching[foo.org.hibernate.cache.spi.UpdateTimestampsCache] : [Student] -> [5579090618572802]
14:17:50,550 DEBUG BaseGeneralDataRegion:59 - Caching[foo.org.hibernate.cache.spi.UpdateTimestampsCache] : [Course] -> [5579090618572802]
14:17:50,550 DEBUG BaseGeneralDataRegion:59 - Caching[foo.org.hibernate.cache.spi.UpdateTimestampsCache] : [Enrolment] -> [5579090618572802]
14:17:50,550 DEBUG BaseGeneralDataRegion:59 - Caching[foo.org.hibernate.cache.spi.UpdateTimestampsCache] : [Student_secretCodes] -> [5579090618572802]
14:17:50,551 DEBUG BaseGeneralDataRegion:59 - Caching[foo.org.hibernate.cache.spi.UpdateTimestampsCache] : [Address] -> [5579090618572802]
14:17:50,551 DEBUG BaseGeneralDataRegion:59 - Caching[foo.org.hibernate.cache.spi.UpdateTimestampsCache] : [CourseMeeting] -> [5579090618572802]
14:17:50,551 DEBUG SQL:104 - 
    select
        s1_.name_first as y0_,
        s1_.name_middle as y1_,
        s1_.name_last as y2_,
        this_.studentId as y3_ 
    from
        Enrolment this_ 
    left outer join
        Student s1_ 
            on this_.studentId=s1_.studentId 
    order by
        s1_.studentId asc
14:17:50,561 DEBUG SQL:104 - 
    select
        s1_.name_first as y0_,
        s1_.name_middle as y1_,
        s1_.name_last as y2_,
        this_.studentId as y3_ 
    from
        Enrolment this_ 
    left outer join
        Student s1_ 
            on this_.studentId=s1_.studentId 
    order by
        s1_.studentId asc
14:17:50,563 DEBUG SQL:104 - 
    select
        student_.studentId,
        student_.name_first as name2_4_,
        student_.name_middle as name3_4_,
        student_.name_last as name4_4_,
        student_.preferredCourseCode as preferre5_4_ 
    from
        Student student_ 
    where
        student_.studentId=?
14:17:50,571 DEBUG SQL:104 - 
    select
        enrolment_.studentId,
        enrolment_.courseCode,
        enrolment_.semester as semester3_,
        enrolment_."year" as year4_3_ 
    from
        Enrolment enrolment_ 
    where
        enrolment_.studentId=? 
        and enrolment_.courseCode=?
14:17:50,571 DEBUG SQL:104 - 
    select
        course_.courseCode,
        course_.description as descript2_1_ 
    from
        Course course_ 
    where
        course_.courseCode=?
14:17:50,571 DEBUG SQL:104 - 
    select
        student_.studentId,
        student_.name_first as name2_4_,
        student_.name_middle as name3_4_,
        student_.name_last as name4_4_,
        student_.preferredCourseCode as preferre5_4_ 
    from
        Student student_ 
    where
        student_.studentId=?
14:17:50,609 DEBUG SQL:104 - 
    select
        enrolment_.studentId,
        enrolment_.courseCode,
        enrolment_.semester as semester3_,
        enrolment_."year" as year4_3_ 
    from
        Enrolment enrolment_ 
    where
        enrolment_.studentId=? 
        and enrolment_.courseCode=?
14:17:50,609 DEBUG SQL:104 - 
    select
        coursemeet_.courseCode,
        coursemeet_.day,
        coursemeet_.period,
        coursemeet_.location 
    from
        CourseMeeting coursemeet_ 
    where
        coursemeet_.courseCode=? 
        and coursemeet_.day=? 
        and coursemeet_.period=? 
        and coursemeet_.location=?
14:17:50,610 DEBUG SQL:104 - 
    select
        coursemeet_.courseCode,
        coursemeet_.day,
        coursemeet_.period,
        coursemeet_.location 
    from
        CourseMeeting coursemeet_ 
    where
        coursemeet_.courseCode=? 
        and coursemeet_.day=? 
        and coursemeet_.period=? 
        and coursemeet_.location=?
14:17:50,610 DEBUG BaseGeneralDataRegion:59 - Caching[foo.org.hibernate.cache.spi.UpdateTimestampsCache] : [Enrolment] -> [5579090864578560]
14:17:50,610 DEBUG SQL:104 - 
    update
        Address 
    set
        studentNumber=null,
        addressType=null 
    where
        studentNumber=?
14:17:50,611 DEBUG BaseGeneralDataRegion:59 - Caching[foo.org.hibernate.cache.spi.UpdateTimestampsCache] : [Address] -> [5579090864582656]
14:17:50,611 DEBUG SQL:104 - 
    delete 
    from
        Student_secretCodes 
    where
        studentNumber=?
14:17:50,611 DEBUG BaseGeneralDataRegion:59 - Caching[foo.org.hibernate.cache.spi.UpdateTimestampsCache] : [Student_secretCodes] -> [5579090864582657]
14:17:50,611 DEBUG BaseGeneralDataRegion:59 - Caching[foo.org.hibernate.cache.spi.UpdateTimestampsCache] : [Enrolment] -> [5579090864582658]
14:17:50,611 DEBUG BaseGeneralDataRegion:59 - Caching[foo.org.hibernate.cache.spi.UpdateTimestampsCache] : [Address] -> [5579090864582659]
14:17:50,611 DEBUG SQL:104 - 
    delete 
    from
        Student_secretCodes 
    where
        studentNumber=?
14:17:50,611 DEBUG BaseGeneralDataRegion:59 - Caching[foo.org.hibernate.cache.spi.UpdateTimestampsCache] : [Student_secretCodes] -> [5579090864582660]
14:17:50,611 DEBUG BaseGeneralDataRegion:59 - Caching[foo.org.hibernate.cache.spi.UpdateTimestampsCache] : [CourseMeeting] -> [5579090864582661]
14:17:50,611 DEBUG SQL:104 - 
    delete 
    from
        Enrolment 
    where
        studentId=? 
        and courseCode=?
14:17:50,612 DEBUG BaseGeneralDataRegion:59 - Caching[foo.org.hibernate.cache.spi.UpdateTimestampsCache] : [Enrolment] -> [5579090864586752]
14:17:50,612 DEBUG SQL:104 - 
    delete 
    from
        Address 
    where
        id=?
14:17:50,612 DEBUG BaseGeneralDataRegion:59 - Caching[foo.org.hibernate.cache.spi.UpdateTimestampsCache] : [Address] -> [5579090864586753]
14:17:50,612 DEBUG SQL:104 - 
    delete 
    from
        Address 
    where
        id=?
14:17:50,612 DEBUG BaseGeneralDataRegion:59 - Caching[foo.org.hibernate.cache.spi.UpdateTimestampsCache] : [Address] -> [5579090864586754]
14:17:50,612 DEBUG SQL:104 - 
    delete 
    from
        Student 
    where
        studentId=?
14:17:50,612 DEBUG BaseGeneralDataRegion:59 - Caching[foo.org.hibernate.cache.spi.UpdateTimestampsCache] : [Student] -> [5579090864586755]
14:17:50,613 DEBUG SQL:104 - 
    delete 
    from
        Enrolment 
    where
        studentId=? 
        and courseCode=?
14:17:50,613 DEBUG BaseGeneralDataRegion:59 - Caching[foo.org.hibernate.cache.spi.UpdateTimestampsCache] : [Enrolment] -> [5579090864590848]
14:17:50,613 DEBUG SQL:104 - 
    delete 
    from
        Student 
    where
        studentId=?
14:17:50,613 DEBUG BaseGeneralDataRegion:59 - Caching[foo.org.hibernate.cache.spi.UpdateTimestampsCache] : [Student] -> [5579090864590849]
14:17:50,613 DEBUG SQL:104 - 
    delete 
    from
        CourseMeeting 
    where
        courseCode=? 
        and day=? 
        and period=? 
        and location=?
14:17:50,613 DEBUG BaseGeneralDataRegion:59 - Caching[foo.org.hibernate.cache.spi.UpdateTimestampsCache] : [CourseMeeting] -> [5579090864590850]
14:17:50,613 DEBUG SQL:104 - 
    delete 
    from
        CourseMeeting 
    where
        courseCode=? 
        and day=? 
        and period=? 
        and location=?
14:17:50,614 DEBUG BaseGeneralDataRegion:59 - Caching[foo.org.hibernate.cache.spi.UpdateTimestampsCache] : [CourseMeeting] -> [5579090864594944]
14:17:50,614 DEBUG SQL:104 - 
    delete 
    from
        Course 
    where
        courseCode=?
14:17:50,614 DEBUG BaseGeneralDataRegion:59 - Caching[foo.org.hibernate.cache.spi.UpdateTimestampsCache] : [Course] -> [5579090864594945]
14:17:50,614 DEBUG BaseGeneralDataRegion:59 - Caching[foo.org.hibernate.cache.spi.UpdateTimestampsCache] : [Student] -> [5579090618834946]
14:17:50,614 DEBUG BaseGeneralDataRegion:59 - Caching[foo.org.hibernate.cache.spi.UpdateTimestampsCache] : [Course] -> [5579090618834946]
14:17:50,614 DEBUG BaseGeneralDataRegion:59 - Caching[foo.org.hibernate.cache.spi.UpdateTimestampsCache] : [Enrolment] -> [5579090618834946]
14:17:50,614 DEBUG BaseGeneralDataRegion:59 - Caching[foo.org.hibernate.cache.spi.UpdateTimestampsCache] : [Student_secretCodes] -> [5579090618834946]
14:17:50,614 DEBUG BaseGeneralDataRegion:59 - Caching[foo.org.hibernate.cache.spi.UpdateTimestampsCache] : [Address] -> [5579090618834946]
14:17:50,614 DEBUG BaseGeneralDataRegion:59 - Caching[foo.org.hibernate.cache.spi.UpdateTimestampsCache] : [CourseMeeting] -> [5579090618834946]
14:17:50,615  INFO CustomRunner:139 - Test: testEntityWithJoinFetchedLazyOneToManyMultiAndNullElementList
14:17:50,640 DEBUG SQL:104 - 
    select
        coursemeet_.courseCode,
        coursemeet_.day,
        coursemeet_.period,
        coursemeet_.location 
    from
        CourseMeeting coursemeet_ 
    where
        coursemeet_.courseCode=? 
        and coursemeet_.day=? 
        and coursemeet_.period=? 
        and coursemeet_.location=?
14:17:50,641 DEBUG SQL:104 - 
    select
        coursemeet_.courseCode,
        coursemeet_.day,
        coursemeet_.period,
        coursemeet_.location 
    from
        CourseMeeting coursemeet_ 
    where
        coursemeet_.courseCode=? 
        and coursemeet_.day=? 
        and coursemeet_.period=? 
        and coursemeet_.location=?
14:17:50,642 DEBUG SQL:104 - 
    insert 
    into
        Course
        (description, courseCode) 
    values
        (?, ?)
14:17:50,648 DEBUG BaseGeneralDataRegion:59 - Caching[foo.org.hibernate.cache.spi.UpdateTimestampsCache] : [Course] -> [5579090864734208]
14:17:50,648 DEBUG SQL:104 - 
    insert 
    into
        CourseMeeting
        (courseCode, day, period, location) 
    values
        (?, ?, ?, ?)
14:17:50,648 DEBUG BaseGeneralDataRegion:59 - Caching[foo.org.hibernate.cache.spi.UpdateTimestampsCache] : [CourseMeeting] -> [5579090864734209]
14:17:50,649 DEBUG SQL:104 - 
    insert 
    into
        CourseMeeting
        (courseCode, day, period, location) 
    values
        (?, ?, ?, ?)
14:17:50,649 DEBUG BaseGeneralDataRegion:59 - Caching[foo.org.hibernate.cache.spi.UpdateTimestampsCache] : [CourseMeeting] -> [5579090864738304]
14:17:50,649 DEBUG SQL:104 - 
    insert 
    into
        Student
        (name_first, name_middle, name_last, preferredCourseCode, studentId) 
    values
        (?, ?, ?, ?, ?)
14:17:50,649 DEBUG BaseGeneralDataRegion:59 - Caching[foo.org.hibernate.cache.spi.UpdateTimestampsCache] : [Student] -> [5579090864738305]
14:17:50,649 DEBUG SQL:104 - 
    insert 
    into
        Address
        (addressType, street, city, stateProvince, postalCode, country, studentNumber, id) 
    values
        (?, ?, ?, ?, ?, ?, ?, ?)
14:17:50,658 DEBUG BaseGeneralDataRegion:59 - Caching[foo.org.hibernate.cache.spi.UpdateTimestampsCache] : [Address] -> [5579090864775168]
14:17:50,658 DEBUG SQL:104 - 
    insert 
    into
        Address
        (addressType, street, city, stateProvince, postalCode, country, studentNumber, id) 
    values
        (?, ?, ?, ?, ?, ?, ?, ?)
14:17:50,658 DEBUG BaseGeneralDataRegion:59 - Caching[foo.org.hibernate.cache.spi.UpdateTimestampsCache] : [Address] -> [5579090864775169]
14:17:50,658 DEBUG SQL:104 - 
    insert 
    into
        Student
        (name_first, name_middle, name_last, preferredCourseCode, studentId) 
    values
        (?, ?, ?, ?, ?)
14:17:50,659 DEBUG BaseGeneralDataRegion:59 - Caching[foo.org.hibernate.cache.spi.UpdateTimestampsCache] : [Student] -> [5579090864779264]
14:17:50,659 DEBUG SQL:104 - 
    insert 
    into
        Enrolment
        (semester, "year", studentId, courseCode) 
    values
        (?, ?, ?, ?)
14:17:50,666 DEBUG BaseGeneralDataRegion:59 - Caching[foo.org.hibernate.cache.spi.UpdateTimestampsCache] : [Enrolment] -> [5579090864807936]
14:17:50,667 DEBUG SQL:104 - 
    insert 
    into
        Enrolment
        (semester, "year", studentId, courseCode) 
    values
        (?, ?, ?, ?)
14:17:50,667 DEBUG BaseGeneralDataRegion:59 - Caching[foo.org.hibernate.cache.spi.UpdateTimestampsCache] : [Enrolment] -> [5579090864812032]
14:17:50,667 DEBUG BaseGeneralDataRegion:59 - Caching[foo.org.hibernate.cache.spi.UpdateTimestampsCache] : [CourseMeeting] -> [5579090864812033]
14:17:50,667 DEBUG BaseGeneralDataRegion:59 - Caching[foo.org.hibernate.cache.spi.UpdateTimestampsCache] : [Enrolment] -> [5579090864812034]
14:17:50,667 DEBUG SQL:104 - 
    update
        Address 
    set
        studentNumber=?,
        addressType=? 
    where
        id=?
14:17:50,667 DEBUG SQL:104 - 
    update
        Address 
    set
        studentNumber=?,
        addressType=? 
    where
        id=?
14:17:50,668 DEBUG BaseGeneralDataRegion:59 - Caching[foo.org.hibernate.cache.spi.UpdateTimestampsCache] : [Address] -> [5579090864816128]
14:17:50,668 DEBUG SQL:104 - 
    insert 
    into
        Student_secretCodes
        (studentNumber, i, secretCode) 
    values
        (?, ?, ?)
14:17:50,678 DEBUG BaseGeneralDataRegion:59 - Caching[foo.org.hibernate.cache.spi.UpdateTimestampsCache] : [Student_secretCodes] -> [5579090864857088]
14:17:50,678 DEBUG BaseGeneralDataRegion:59 - Caching[foo.org.hibernate.cache.spi.UpdateTimestampsCache] : [Enrolment] -> [5579090864857089]
14:17:50,678 DEBUG BaseGeneralDataRegion:59 - Caching[foo.org.hibernate.cache.spi.UpdateTimestampsCache] : [Address] -> [5579090864857090]
14:17:50,678 DEBUG SQL:104 - 
    insert 
    into
        Student_secretCodes
        (studentNumber, i, secretCode) 
    values
        (?, ?, ?)
14:17:50,679 DEBUG SQL:104 - 
    insert 
    into
        Student_secretCodes
        (studentNumber, i, secretCode) 
    values
        (?, ?, ?)
14:17:50,679 DEBUG BaseGeneralDataRegion:59 - Caching[foo.org.hibernate.cache.spi.UpdateTimestampsCache] : [Student_secretCodes] -> [5579090864861184]
14:17:50,679 DEBUG BaseGeneralDataRegion:59 - Caching[foo.org.hibernate.cache.spi.UpdateTimestampsCache] : [Student] -> [5579090619101185]
14:17:50,679 DEBUG BaseGeneralDataRegion:59 - Caching[foo.org.hibernate.cache.spi.UpdateTimestampsCache] : [Course] -> [5579090619101185]
14:17:50,679 DEBUG BaseGeneralDataRegion:59 - Caching[foo.org.hibernate.cache.spi.UpdateTimestampsCache] : [Enrolment] -> [5579090619101185]
14:17:50,679 DEBUG BaseGeneralDataRegion:59 - Caching[foo.org.hibernate.cache.spi.UpdateTimestampsCache] : [Student_secretCodes] -> [5579090619101185]
14:17:50,679 DEBUG BaseGeneralDataRegion:59 - Caching[foo.org.hibernate.cache.spi.UpdateTimestampsCache] : [Address] -> [5579090619101185]
14:17:50,679 DEBUG BaseGeneralDataRegion:59 - Caching[foo.org.hibernate.cache.spi.UpdateTimestampsCache] : [CourseMeeting] -> [5579090619101185]
14:17:50,680 DEBUG SQL:104 - 
    select
        this_.studentId as studentId4_1_,
        this_.name_first as name2_4_1_,
        this_.name_middle as name3_4_1_,
        this_.name_last as name4_4_1_,
        this_.preferredCourseCode as preferre5_4_1_,
        addresses2_.studentNumber as studentN8_4_3_,
        addresses2_.id as id0_3_,
        addresses2_.addressType as addressT2_3_,
        addresses2_.id as id0_0_,
        addresses2_.addressType as addressT2_0_0_,
        addresses2_.street as street0_0_,
        addresses2_.city as city0_0_,
        addresses2_.stateProvince as statePro5_0_0_,
        addresses2_.postalCode as postalCode0_0_,
        addresses2_.country as country0_0_,
        addresses2_.studentNumber as studentN8_0_0_ 
    from
        Student this_ 
    left outer join
        Address addresses2_ 
            on this_.studentId=addresses2_.studentNumber 
    order by
        this_.studentId asc
14:17:50,693 DEBUG SQL:104 - 
    select
        secretcode0_.studentNumber as studentN1_4_0_,
        secretcode0_.secretCode as secretCode5_0_,
        secretcode0_.i as i0_ 
    from
        Student_secretCodes secretcode0_ 
    where
        secretcode0_.studentNumber=?
14:17:50,702 DEBUG SQL:104 - 
    select
        secretcode0_.studentNumber as studentN1_4_0_,
        secretcode0_.secretCode as secretCode5_0_,
        secretcode0_.i as i0_ 
    from
        Student_secretCodes secretcode0_ 
    where
        secretcode0_.studentNumber=?
14:17:50,704 DEBUG SQL:104 - 
    select
        this_.studentId as studentId4_1_,
        this_.name_first as name2_4_1_,
        this_.name_middle as name3_4_1_,
        this_.name_last as name4_4_1_,
        this_.preferredCourseCode as preferre5_4_1_,
        addresses2_.studentNumber as studentN8_4_3_,
        addresses2_.id as id0_3_,
        addresses2_.addressType as addressT2_3_,
        addresses2_.id as id0_0_,
        addresses2_.addressType as addressT2_0_0_,
        addresses2_.street as street0_0_,
        addresses2_.city as city0_0_,
        addresses2_.stateProvince as statePro5_0_0_,
        addresses2_.postalCode as postalCode0_0_,
        addresses2_.country as country0_0_,
        addresses2_.studentNumber as studentN8_0_0_ 
    from
        Student this_ 
    left outer join
        Address addresses2_ 
            on this_.studentId=addresses2_.studentNumber 
    order by
        this_.studentId asc
14:17:50,705 DEBUG SQL:104 - 
    select
        secretcode0_.studentNumber as studentN1_4_0_,
        secretcode0_.secretCode as secretCode5_0_,
        secretcode0_.i as i0_ 
    from
        Student_secretCodes secretcode0_ 
    where
        secretcode0_.studentNumber=?
14:17:50,705 DEBUG SQL:104 - 
    select
        secretcode0_.studentNumber as studentN1_4_0_,
        secretcode0_.secretCode as secretCode5_0_,
        secretcode0_.i as i0_ 
    from
        Student_secretCodes secretcode0_ 
    where
        secretcode0_.studentNumber=?
14:17:50,706 DEBUG SQL:104 - 
    select
        student_.studentId,
        student_.name_first as name2_4_,
        student_.name_middle as name3_4_,
        student_.name_last as name4_4_,
        student_.preferredCourseCode as preferre5_4_ 
    from
        Student student_ 
    where
        student_.studentId=?
14:17:50,713 DEBUG SQL:104 - 
    select
        enrolment_.studentId,
        enrolment_.courseCode,
        enrolment_.semester as semester3_,
        enrolment_."year" as year4_3_ 
    from
        Enrolment enrolment_ 
    where
        enrolment_.studentId=? 
        and enrolment_.courseCode=?
14:17:50,714 DEBUG SQL:104 - 
    select
        course_.courseCode,
        course_.description as descript2_1_ 
    from
        Course course_ 
    where
        course_.courseCode=?
14:17:50,714 DEBUG SQL:104 - 
    select
        student_.studentId,
        student_.name_first as name2_4_,
        student_.name_middle as name3_4_,
        student_.name_last as name4_4_,
        student_.preferredCourseCode as preferre5_4_ 
    from
        Student student_ 
    where
        student_.studentId=?
14:17:50,723 DEBUG SQL:104 - 
    select
        enrolment_.studentId,
        enrolment_.courseCode,
        enrolment_.semester as semester3_,
        enrolment_."year" as year4_3_ 
    from
        Enrolment enrolment_ 
    where
        enrolment_.studentId=? 
        and enrolment_.courseCode=?
14:17:50,723 DEBUG SQL:104 - 
    select
        coursemeet_.courseCode,
        coursemeet_.day,
        coursemeet_.period,
        coursemeet_.location 
    from
        CourseMeeting coursemeet_ 
    where
        coursemeet_.courseCode=? 
        and coursemeet_.day=? 
        and coursemeet_.period=? 
        and coursemeet_.location=?
14:17:50,723 DEBUG SQL:104 - 
    select
        coursemeet_.courseCode,
        coursemeet_.day,
        coursemeet_.period,
        coursemeet_.location 
    from
        CourseMeeting coursemeet_ 
    where
        coursemeet_.courseCode=? 
        and coursemeet_.day=? 
        and coursemeet_.period=? 
        and coursemeet_.location=?
14:17:50,724 DEBUG BaseGeneralDataRegion:59 - Caching[foo.org.hibernate.cache.spi.UpdateTimestampsCache] : [Enrolment] -> [5579090865045504]
14:17:50,724 DEBUG SQL:104 - 
    update
        Address 
    set
        studentNumber=null,
        addressType=null 
    where
        studentNumber=?
14:17:50,746 DEBUG BaseGeneralDataRegion:59 - Caching[foo.org.hibernate.cache.spi.UpdateTimestampsCache] : [Address] -> [5579090865135616]
14:17:50,746 DEBUG SQL:104 - 
    delete 
    from
        Student_secretCodes 
    where
        studentNumber=?
14:17:50,746 DEBUG BaseGeneralDataRegion:59 - Caching[foo.org.hibernate.cache.spi.UpdateTimestampsCache] : [Student_secretCodes] -> [5579090865135617]
14:17:50,746 DEBUG BaseGeneralDataRegion:59 - Caching[foo.org.hibernate.cache.spi.UpdateTimestampsCache] : [Enrolment] -> [5579090865135618]
14:17:50,746 DEBUG BaseGeneralDataRegion:59 - Caching[foo.org.hibernate.cache.spi.UpdateTimestampsCache] : [Address] -> [5579090865135619]
14:17:50,747 DEBUG SQL:104 - 
    delete 
    from
        Student_secretCodes 
    where
        studentNumber=?
14:17:50,747 DEBUG BaseGeneralDataRegion:59 - Caching[foo.org.hibernate.cache.spi.UpdateTimestampsCache] : [Student_secretCodes] -> [5579090865139712]
14:17:50,747 DEBUG BaseGeneralDataRegion:59 - Caching[foo.org.hibernate.cache.spi.UpdateTimestampsCache] : [CourseMeeting] -> [5579090865139713]
14:17:50,747 DEBUG SQL:104 - 
    delete 
    from
        Enrolment 
    where
        studentId=? 
        and courseCode=?
14:17:50,756 DEBUG BaseGeneralDataRegion:59 - Caching[foo.org.hibernate.cache.spi.UpdateTimestampsCache] : [Enrolment] -> [5579090865176576]
14:17:50,757 DEBUG SQL:104 - 
    delete 
    from
        Address 
    where
        id=?
14:17:50,757 DEBUG BaseGeneralDataRegion:59 - Caching[foo.org.hibernate.cache.spi.UpdateTimestampsCache] : [Address] -> [5579090865180672]
14:17:50,757 DEBUG SQL:104 - 
    delete 
    from
        Address 
    where
        id=?
14:17:50,757 DEBUG BaseGeneralDataRegion:59 - Caching[foo.org.hibernate.cache.spi.UpdateTimestampsCache] : [Address] -> [5579090865180673]
14:17:50,757 DEBUG SQL:104 - 
    delete 
    from
        Student 
    where
        studentId=?
14:17:50,757 DEBUG BaseGeneralDataRegion:59 - Caching[foo.org.hibernate.cache.spi.UpdateTimestampsCache] : [Student] -> [5579090865180674]
14:17:50,758 DEBUG SQL:104 - 
    delete 
    from
        Enrolment 
    where
        studentId=? 
        and courseCode=?
14:17:50,767 DEBUG BaseGeneralDataRegion:59 - Caching[foo.org.hibernate.cache.spi.UpdateTimestampsCache] : [Enrolment] -> [5579090865221632]
14:17:50,768 DEBUG SQL:104 - 
    delete 
    from
        Student 
    where
        studentId=?
14:17:50,768 DEBUG BaseGeneralDataRegion:59 - Caching[foo.org.hibernate.cache.spi.UpdateTimestampsCache] : [Student] -> [5579090865225728]
14:17:50,768 DEBUG SQL:104 - 
    delete 
    from
        CourseMeeting 
    where
        courseCode=? 
        and day=? 
        and period=? 
        and location=?
14:17:50,768 DEBUG BaseGeneralDataRegion:59 - Caching[foo.org.hibernate.cache.spi.UpdateTimestampsCache] : [CourseMeeting] -> [5579090865225729]
14:17:50,768 DEBUG SQL:104 - 
    delete 
    from
        CourseMeeting 
    where
        courseCode=? 
        and day=? 
        and period=? 
        and location=?
14:17:50,768 DEBUG BaseGeneralDataRegion:59 - Caching[foo.org.hibernate.cache.spi.UpdateTimestampsCache] : [CourseMeeting] -> [5579090865225730]
14:17:50,769 DEBUG SQL:104 - 
    delete 
    from
        Course 
    where
        courseCode=?
14:17:50,777 DEBUG BaseGeneralDataRegion:59 - Caching[foo.org.hibernate.cache.spi.UpdateTimestampsCache] : [Course] -> [5579090865262592]
14:17:50,778 DEBUG BaseGeneralDataRegion:59 - Caching[foo.org.hibernate.cache.spi.UpdateTimestampsCache] : [Student] -> [5579090619506688]
14:17:50,778 DEBUG BaseGeneralDataRegion:59 - Caching[foo.org.hibernate.cache.spi.UpdateTimestampsCache] : [Course] -> [5579090619506688]
14:17:50,778 DEBUG BaseGeneralDataRegion:59 - Caching[foo.org.hibernate.cache.spi.UpdateTimestampsCache] : [Enrolment] -> [5579090619506688]
14:17:50,778 DEBUG BaseGeneralDataRegion:59 - Caching[foo.org.hibernate.cache.spi.UpdateTimestampsCache] : [Student_secretCodes] -> [5579090619506688]
14:17:50,778 DEBUG BaseGeneralDataRegion:59 - Caching[foo.org.hibernate.cache.spi.UpdateTimestampsCache] : [Address] -> [5579090619506688]
14:17:50,778 DEBUG BaseGeneralDataRegion:59 - Caching[foo.org.hibernate.cache.spi.UpdateTimestampsCache] : [CourseMeeting] -> [5579090619506688]
14:17:50,778 DEBUG SQL:104 - 
    select
        coursemeet_.courseCode,
        coursemeet_.day,
        coursemeet_.period,
        coursemeet_.location 
    from
        CourseMeeting coursemeet_ 
    where
        coursemeet_.courseCode=? 
        and coursemeet_.day=? 
        and coursemeet_.period=? 
        and coursemeet_.location=?
14:17:50,779 DEBUG SQL:104 - 
    select
        coursemeet_.courseCode,
        coursemeet_.day,
        coursemeet_.period,
        coursemeet_.location 
    from
        CourseMeeting coursemeet_ 
    where
        coursemeet_.courseCode=? 
        and coursemeet_.day=? 
        and coursemeet_.period=? 
        and coursemeet_.location=?
14:17:50,790 DEBUG SQL:104 - 
    insert 
    into
        Course
        (description, courseCode) 
    values
        (?, ?)
14:17:50,790 DEBUG BaseGeneralDataRegion:59 - Caching[foo.org.hibernate.cache.spi.UpdateTimestampsCache] : [Course] -> [5579090865315840]
14:17:50,790 DEBUG SQL:104 - 
    insert 
    into
        CourseMeeting
        (courseCode, day, period, location) 
    values
        (?, ?, ?, ?)
14:17:50,791 DEBUG BaseGeneralDataRegion:59 - Caching[foo.org.hibernate.cache.spi.UpdateTimestampsCache] : [CourseMeeting] -> [5579090865319936]
14:17:50,791 DEBUG SQL:104 - 
    insert 
    into
        CourseMeeting
        (courseCode, day, period, location) 
    values
        (?, ?, ?, ?)
14:17:50,798 DEBUG BaseGeneralDataRegion:59 - Caching[foo.org.hibernate.cache.spi.UpdateTimestampsCache] : [CourseMeeting] -> [5579090865348608]
14:17:50,799 DEBUG SQL:104 - 
    insert 
    into
        Student
        (name_first, name_middle, name_last, preferredCourseCode, studentId) 
    values
        (?, ?, ?, ?, ?)
14:17:50,799 DEBUG BaseGeneralDataRegion:59 - Caching[foo.org.hibernate.cache.spi.UpdateTimestampsCache] : [Student] -> [5579090865352704]
14:17:50,799 DEBUG SQL:104 - 
    insert 
    into
        Address
        (addressType, street, city, stateProvince, postalCode, country, studentNumber, id) 
    values
        (?, ?, ?, ?, ?, ?, ?, ?)
14:17:50,799 DEBUG BaseGeneralDataRegion:59 - Caching[foo.org.hibernate.cache.spi.UpdateTimestampsCache] : [Address] -> [5579090865352705]
14:17:50,799 DEBUG SQL:104 - 
    insert 
    into
        Address
        (addressType, street, city, stateProvince, postalCode, country, studentNumber, id) 
    values
        (?, ?, ?, ?, ?, ?, ?, ?)
14:17:50,800 DEBUG BaseGeneralDataRegion:59 - Caching[foo.org.hibernate.cache.spi.UpdateTimestampsCache] : [Address] -> [5579090865356800]
14:17:50,800 DEBUG SQL:104 - 
    insert 
    into
        Student
        (name_first, name_middle, name_last, preferredCourseCode, studentId) 
    values
        (?, ?, ?, ?, ?)
14:17:50,809 DEBUG BaseGeneralDataRegion:59 - Caching[foo.org.hibernate.cache.spi.UpdateTimestampsCache] : [Student] -> [5579090865393664]
14:17:50,809 DEBUG SQL:104 - 
    insert 
    into
        Enrolment
        (semester, "year", studentId, courseCode) 
    values
        (?, ?, ?, ?)
14:17:50,809 DEBUG BaseGeneralDataRegion:59 - Caching[foo.org.hibernate.cache.spi.UpdateTimestampsCache] : [Enrolment] -> [5579090865393665]
14:17:50,809 DEBUG SQL:104 - 
    insert 
    into
        Enrolment
        (semester, "year", studentId, courseCode) 
    values
        (?, ?, ?, ?)
14:17:50,810 DEBUG BaseGeneralDataRegion:59 - Caching[foo.org.hibernate.cache.spi.UpdateTimestampsCache] : [Enrolment] -> [5579090865397760]
14:17:50,810 DEBUG BaseGeneralDataRegion:59 - Caching[foo.org.hibernate.cache.spi.UpdateTimestampsCache] : [CourseMeeting] -> [5579090865397761]
14:17:50,810 DEBUG BaseGeneralDataRegion:59 - Caching[foo.org.hibernate.cache.spi.UpdateTimestampsCache] : [Enrolment] -> [5579090865397762]
14:17:50,810 DEBUG SQL:104 - 
    update
        Address 
    set
        studentNumber=?,
        addressType=? 
    where
        id=?
14:17:50,810 DEBUG SQL:104 - 
    update
        Address 
    set
        studentNumber=?,
        addressType=? 
    where
        id=?
14:17:50,820 DEBUG BaseGeneralDataRegion:59 - Caching[foo.org.hibernate.cache.spi.UpdateTimestampsCache] : [Address] -> [5579090865438720]
14:17:50,821 DEBUG SQL:104 - 
    insert 
    into
        Student_secretCodes
        (studentNumber, i, secretCode) 
    values
        (?, ?, ?)
14:17:50,821 DEBUG BaseGeneralDataRegion:59 - Caching[foo.org.hibernate.cache.spi.UpdateTimestampsCache] : [Student_secretCodes] -> [5579090865442816]
14:17:50,821 DEBUG BaseGeneralDataRegion:59 - Caching[foo.org.hibernate.cache.spi.UpdateTimestampsCache] : [Enrolment] -> [5579090865442817]
14:17:50,821 DEBUG BaseGeneralDataRegion:59 - Caching[foo.org.hibernate.cache.spi.UpdateTimestampsCache] : [Address] -> [5579090865442818]
14:17:50,821 DEBUG SQL:104 - 
    insert 
    into
        Student_secretCodes
        (studentNumber, i, secretCode) 
    values
        (?, ?, ?)
14:17:50,821 DEBUG SQL:104 - 
    insert 
    into
        Student_secretCodes
        (studentNumber, i, secretCode) 
    values
        (?, ?, ?)
14:17:50,830 DEBUG BaseGeneralDataRegion:59 - Caching[foo.org.hibernate.cache.spi.UpdateTimestampsCache] : [Student_secretCodes] -> [5579090865479680]
14:17:50,831 DEBUG BaseGeneralDataRegion:59 - Caching[foo.org.hibernate.cache.spi.UpdateTimestampsCache] : [Student] -> [5579090619723776]
14:17:50,831 DEBUG BaseGeneralDataRegion:59 - Caching[foo.org.hibernate.cache.spi.UpdateTimestampsCache] : [Course] -> [5579090619723776]
14:17:50,831 DEBUG BaseGeneralDataRegion:59 - Caching[foo.org.hibernate.cache.spi.UpdateTimestampsCache] : [Enrolment] -> [5579090619723776]
14:17:50,831 DEBUG BaseGeneralDataRegion:59 - Caching[foo.org.hibernate.cache.spi.UpdateTimestampsCache] : [Student_secretCodes] -> [5579090619723776]
14:17:50,831 DEBUG BaseGeneralDataRegion:59 - Caching[foo.org.hibernate.cache.spi.UpdateTimestampsCache] : [Address] -> [5579090619723776]
14:17:50,831 DEBUG BaseGeneralDataRegion:59 - Caching[foo.org.hibernate.cache.spi.UpdateTimestampsCache] : [CourseMeeting] -> [5579090619723776]
14:17:50,832 DEBUG SQL:104 - 
    select
        this_.studentId as studentId4_1_,
        this_.name_first as name2_4_1_,
        this_.name_middle as name3_4_1_,
        this_.name_last as name4_4_1_,
        this_.preferredCourseCode as preferre5_4_1_,
        a1_.studentNumber as studentN8_4_3_,
        a1_.id as id0_3_,
        a1_.addressType as addressT2_3_,
        a1_.id as id0_0_,
        a1_.addressType as addressT2_0_0_,
        a1_.street as street0_0_,
        a1_.city as city0_0_,
        a1_.stateProvince as statePro5_0_0_,
        a1_.postalCode as postalCode0_0_,
        a1_.country as country0_0_,
        a1_.studentNumber as studentN8_0_0_ 
    from
        Student this_ 
    left outer join
        Address a1_ 
            on this_.studentId=a1_.studentNumber 
    order by
        this_.studentId asc
14:17:50,833 DEBUG SQL:104 - 
    select
        secretcode0_.studentNumber as studentN1_4_0_,
        secretcode0_.secretCode as secretCode5_0_,
        secretcode0_.i as i0_ 
    from
        Student_secretCodes secretcode0_ 
    where
        secretcode0_.studentNumber=?
14:17:50,833 DEBUG SQL:104 - 
    select
        secretcode0_.studentNumber as studentN1_4_0_,
        secretcode0_.secretCode as secretCode5_0_,
        secretcode0_.i as i0_ 
    from
        Student_secretCodes secretcode0_ 
    where
        secretcode0_.studentNumber=?
14:17:50,834 DEBUG SQL:104 - 
    select
        this_.studentId as studentId4_1_,
        this_.name_first as name2_4_1_,
        this_.name_middle as name3_4_1_,
        this_.name_last as name4_4_1_,
        this_.preferredCourseCode as preferre5_4_1_,
        a1_.studentNumber as studentN8_4_3_,
        a1_.id as id0_3_,
        a1_.addressType as addressT2_3_,
        a1_.id as id0_0_,
        a1_.addressType as addressT2_0_0_,
        a1_.street as street0_0_,
        a1_.city as city0_0_,
        a1_.stateProvince as statePro5_0_0_,
        a1_.postalCode as postalCode0_0_,
        a1_.country as country0_0_,
        a1_.studentNumber as studentN8_0_0_ 
    from
        Student this_ 
    left outer join
        Address a1_ 
            on this_.studentId=a1_.studentNumber 
    order by
        this_.studentId asc
14:17:50,847 DEBUG SQL:104 - 
    select
        secretcode0_.studentNumber as studentN1_4_0_,
        secretcode0_.secretCode as secretCode5_0_,
        secretcode0_.i as i0_ 
    from
        Student_secretCodes secretcode0_ 
    where
        secretcode0_.studentNumber=?
14:17:50,848 DEBUG SQL:104 - 
    select
        secretcode0_.studentNumber as studentN1_4_0_,
        secretcode0_.secretCode as secretCode5_0_,
        secretcode0_.i as i0_ 
    from
        Student_secretCodes secretcode0_ 
    where
        secretcode0_.studentNumber=?
14:17:50,855 DEBUG SQL:104 - 
    select
        student_.studentId,
        student_.name_first as name2_4_,
        student_.name_middle as name3_4_,
        student_.name_last as name4_4_,
        student_.preferredCourseCode as preferre5_4_ 
    from
        Student student_ 
    where
        student_.studentId=?
14:17:50,856 DEBUG SQL:104 - 
    select
        enrolment_.studentId,
        enrolment_.courseCode,
        enrolment_.semester as semester3_,
        enrolment_."year" as year4_3_ 
    from
        Enrolment enrolment_ 
    where
        enrolment_.studentId=? 
        and enrolment_.courseCode=?
14:17:50,856 DEBUG SQL:104 - 
    select
        course_.courseCode,
        course_.description as descript2_1_ 
    from
        Course course_ 
    where
        course_.courseCode=?
14:17:50,857 DEBUG SQL:104 - 
    select
        student_.studentId,
        student_.name_first as name2_4_,
        student_.name_middle as name3_4_,
        student_.name_last as name4_4_,
        student_.preferredCourseCode as preferre5_4_ 
    from
        Student student_ 
    where
        student_.studentId=?
14:17:50,878 DEBUG SQL:104 - 
    select
        enrolment_.studentId,
        enrolment_.courseCode,
        enrolment_.semester as semester3_,
        enrolment_."year" as year4_3_ 
    from
        Enrolment enrolment_ 
    where
        enrolment_.studentId=? 
        and enrolment_.courseCode=?
14:17:50,879 DEBUG SQL:104 - 
    select
        coursemeet_.courseCode,
        coursemeet_.day,
        coursemeet_.period,
        coursemeet_.location 
    from
        CourseMeeting coursemeet_ 
    where
        coursemeet_.courseCode=? 
        and coursemeet_.day=? 
        and coursemeet_.period=? 
        and coursemeet_.location=?
14:17:50,879 DEBUG SQL:104 - 
    select
        coursemeet_.courseCode,
        coursemeet_.day,
        coursemeet_.period,
        coursemeet_.location 
    from
        CourseMeeting coursemeet_ 
    where
        coursemeet_.courseCode=? 
        and coursemeet_.day=? 
        and coursemeet_.period=? 
        and coursemeet_.location=?
14:17:50,888 DEBUG BaseGeneralDataRegion:59 - Caching[foo.org.hibernate.cache.spi.UpdateTimestampsCache] : [Enrolment] -> [5579090865717248]
14:17:50,888 DEBUG SQL:104 - 
    update
        Address 
    set
        studentNumber=null,
        addressType=null 
    where
        studentNumber=?
14:17:50,889 DEBUG BaseGeneralDataRegion:59 - Caching[foo.org.hibernate.cache.spi.UpdateTimestampsCache] : [Address] -> [5579090865721344]
14:17:50,889 DEBUG SQL:104 - 
    delete 
    from
        Student_secretCodes 
    where
        studentNumber=?
14:17:50,889 DEBUG BaseGeneralDataRegion:59 - Caching[foo.org.hibernate.cache.spi.UpdateTimestampsCache] : [Student_secretCodes] -> [5579090865721345]
14:17:50,889 DEBUG BaseGeneralDataRegion:59 - Caching[foo.org.hibernate.cache.spi.UpdateTimestampsCache] : [Enrolment] -> [5579090865721346]
14:17:50,889 DEBUG BaseGeneralDataRegion:59 - Caching[foo.org.hibernate.cache.spi.UpdateTimestampsCache] : [Address] -> [5579090865721347]
14:17:50,889 DEBUG SQL:104 - 
    delete 
    from
        Student_secretCodes 
    where
        studentNumber=?
14:17:50,899 DEBUG BaseGeneralDataRegion:59 - Caching[foo.org.hibernate.cache.spi.UpdateTimestampsCache] : [Student_secretCodes] -> [5579090865762304]
14:17:50,899 DEBUG BaseGeneralDataRegion:59 - Caching[foo.org.hibernate.cache.spi.UpdateTimestampsCache] : [CourseMeeting] -> [5579090865762305]
14:17:50,899 DEBUG SQL:104 - 
    delete 
    from
        Enrolment 
    where
        studentId=? 
        and courseCode=?
14:17:50,899 DEBUG BaseGeneralDataRegion:59 - Caching[foo.org.hibernate.cache.spi.UpdateTimestampsCache] : [Enrolment] -> [5579090865762306]
14:17:50,899 DEBUG SQL:104 - 
    delete 
    from
        Address 
    where
        id=?
14:17:50,900 DEBUG BaseGeneralDataRegion:59 - Caching[foo.org.hibernate.cache.spi.UpdateTimestampsCache] : [Address] -> [5579090865766400]
14:17:50,900 DEBUG SQL:104 - 
    delete 
    from
        Address 
    where
        id=?
14:17:50,900 DEBUG BaseGeneralDataRegion:59 - Caching[foo.org.hibernate.cache.spi.UpdateTimestampsCache] : [Address] -> [5579090865766401]
14:17:50,900 DEBUG SQL:104 - 
    delete 
    from
        Student 
    where
        studentId=?
14:17:50,909 DEBUG BaseGeneralDataRegion:59 - Caching[foo.org.hibernate.cache.spi.UpdateTimestampsCache] : [Student] -> [5579090865803264]
14:17:50,909 DEBUG SQL:104 - 
    delete 
    from
        Enrolment 
    where
        studentId=? 
        and courseCode=?
14:17:50,909 DEBUG BaseGeneralDataRegion:59 - Caching[foo.org.hibernate.cache.spi.UpdateTimestampsCache] : [Enrolment] -> [5579090865803265]
14:17:50,909 DEBUG SQL:104 - 
    delete 
    from
        Student 
    where
        studentId=?
14:17:50,909 DEBUG BaseGeneralDataRegion:59 - Caching[foo.org.hibernate.cache.spi.UpdateTimestampsCache] : [Student] -> [5579090865803266]
14:17:50,909 DEBUG SQL:104 - 
    delete 
    from
        CourseMeeting 
    where
        courseCode=? 
        and day=? 
        and period=? 
        and location=?
14:17:50,910 DEBUG BaseGeneralDataRegion:59 - Caching[foo.org.hibernate.cache.spi.UpdateTimestampsCache] : [CourseMeeting] -> [5579090865807360]
14:17:50,910 DEBUG SQL:104 - 
    delete 
    from
        CourseMeeting 
    where
        courseCode=? 
        and day=? 
        and period=? 
        and location=?
14:17:50,919 DEBUG BaseGeneralDataRegion:59 - Caching[foo.org.hibernate.cache.spi.UpdateTimestampsCache] : [CourseMeeting] -> [5579090865844224]
14:17:50,919 DEBUG SQL:104 - 
    delete 
    from
        Course 
    where
        courseCode=?
14:17:50,919 DEBUG BaseGeneralDataRegion:59 - Caching[foo.org.hibernate.cache.spi.UpdateTimestampsCache] : [Course] -> [5579090865844225]
14:17:50,920 DEBUG BaseGeneralDataRegion:59 - Caching[foo.org.hibernate.cache.spi.UpdateTimestampsCache] : [Student] -> [5579090620088320]
14:17:50,920 DEBUG BaseGeneralDataRegion:59 - Caching[foo.org.hibernate.cache.spi.UpdateTimestampsCache] : [Course] -> [5579090620088320]
14:17:50,920 DEBUG BaseGeneralDataRegion:59 - Caching[foo.org.hibernate.cache.spi.UpdateTimestampsCache] : [Enrolment] -> [5579090620088320]
14:17:50,920 DEBUG BaseGeneralDataRegion:59 - Caching[foo.org.hibernate.cache.spi.UpdateTimestampsCache] : [Student_secretCodes] -> [5579090620088320]
14:17:50,920 DEBUG BaseGeneralDataRegion:59 - Caching[foo.org.hibernate.cache.spi.UpdateTimestampsCache] : [Address] -> [5579090620088320]
14:17:50,920 DEBUG BaseGeneralDataRegion:59 - Caching[foo.org.hibernate.cache.spi.UpdateTimestampsCache] : [CourseMeeting] -> [5579090620088320]
14:17:50,920 DEBUG SQL:104 - 
    select
        coursemeet_.courseCode,
        coursemeet_.day,
        coursemeet_.period,
        coursemeet_.location 
    from
        CourseMeeting coursemeet_ 
    where
        coursemeet_.courseCode=? 
        and coursemeet_.day=? 
        and coursemeet_.period=? 
        and coursemeet_.location=?
14:17:50,929 DEBUG SQL:104 - 
    select
        coursemeet_.courseCode,
        coursemeet_.day,
        coursemeet_.period,
        coursemeet_.location 
    from
        CourseMeeting coursemeet_ 
    where
        coursemeet_.courseCode=? 
        and coursemeet_.day=? 
        and coursemeet_.period=? 
        and coursemeet_.location=?
14:17:50,930 DEBUG SQL:104 - 
    insert 
    into
        Course
        (description, courseCode) 
    values
        (?, ?)
14:17:50,931 DEBUG BaseGeneralDataRegion:59 - Caching[foo.org.hibernate.cache.spi.UpdateTimestampsCache] : [Course] -> [5579090865893376]
14:17:50,931 DEBUG SQL:104 - 
    insert 
    into
        CourseMeeting
        (courseCode, day, period, location) 
    values
        (?, ?, ?, ?)
14:17:50,939 DEBUG BaseGeneralDataRegion:59 - Caching[foo.org.hibernate.cache.spi.UpdateTimestampsCache] : [CourseMeeting] -> [5579090865926144]
14:17:50,940 DEBUG SQL:104 - 
    insert 
    into
        CourseMeeting
        (courseCode, day, period, location) 
    values
        (?, ?, ?, ?)
14:17:50,940 DEBUG BaseGeneralDataRegion:59 - Caching[foo.org.hibernate.cache.spi.UpdateTimestampsCache] : [CourseMeeting] -> [5579090865930240]
14:17:50,940 DEBUG SQL:104 - 
    insert 
    into
        Student
        (name_first, name_middle, name_last, preferredCourseCode, studentId) 
    values
        (?, ?, ?, ?, ?)
14:17:50,940 DEBUG BaseGeneralDataRegion:59 - Caching[foo.org.hibernate.cache.spi.UpdateTimestampsCache] : [Student] -> [5579090865930241]
14:17:50,940 DEBUG SQL:104 - 
    insert 
    into
        Address
        (addressType, street, city, stateProvince, postalCode, country, studentNumber, id) 
    values
        (?, ?, ?, ?, ?, ?, ?, ?)
14:17:50,940 DEBUG BaseGeneralDataRegion:59 - Caching[foo.org.hibernate.cache.spi.UpdateTimestampsCache] : [Address] -> [5579090865930242]
14:17:50,940 DEBUG SQL:104 - 
    insert 
    into
        Address
        (addressType, street, city, stateProvince, postalCode, country, studentNumber, id) 
    values
        (?, ?, ?, ?, ?, ?, ?, ?)
14:17:50,949 DEBUG BaseGeneralDataRegion:59 - Caching[foo.org.hibernate.cache.spi.UpdateTimestampsCache] : [Address] -> [5579090865967104]
14:17:50,949 DEBUG SQL:104 - 
    insert 
    into
        Student
        (name_first, name_middle, name_last, preferredCourseCode, studentId) 
    values
        (?, ?, ?, ?, ?)
14:17:50,950 DEBUG BaseGeneralDataRegion:59 - Caching[foo.org.hibernate.cache.spi.UpdateTimestampsCache] : [Student] -> [5579090865971200]
14:17:50,950 DEBUG SQL:104 - 
    insert 
    into
        Enrolment
        (semester, "year", studentId, courseCode) 
    values
        (?, ?, ?, ?)
14:17:50,950 DEBUG BaseGeneralDataRegion:59 - Caching[foo.org.hibernate.cache.spi.UpdateTimestampsCache] : [Enrolment] -> [5579090865971201]
14:17:50,950 DEBUG SQL:104 - 
    insert 
    into
        Enrolment
        (semester, "year", studentId, courseCode) 
    values
        (?, ?, ?, ?)
14:17:50,950 DEBUG BaseGeneralDataRegion:59 - Caching[foo.org.hibernate.cache.spi.UpdateTimestampsCache] : [Enrolment] -> [5579090865971202]
14:17:50,959 DEBUG BaseGeneralDataRegion:59 - Caching[foo.org.hibernate.cache.spi.UpdateTimestampsCache] : [CourseMeeting] -> [5579090866008064]
14:17:50,959 DEBUG BaseGeneralDataRegion:59 - Caching[foo.org.hibernate.cache.spi.UpdateTimestampsCache] : [Enrolment] -> [5579090866008065]
14:17:50,959 DEBUG SQL:104 - 
    update
        Address 
    set
        studentNumber=?,
        addressType=? 
    where
        id=?
14:17:50,960 DEBUG SQL:104 - 
    update
        Address 
    set
        studentNumber=?,
        addressType=? 
    where
        id=?
14:17:50,960 DEBUG BaseGeneralDataRegion:59 - Caching[foo.org.hibernate.cache.spi.UpdateTimestampsCache] : [Address] -> [5579090866012160]
14:17:50,960 DEBUG SQL:104 - 
    insert 
    into
        Student_secretCodes
        (studentNumber, i, secretCode) 
    values
        (?, ?, ?)
14:17:50,960 DEBUG BaseGeneralDataRegion:59 - Caching[foo.org.hibernate.cache.spi.UpdateTimestampsCache] : [Student_secretCodes] -> [5579090866012161]
14:17:50,960 DEBUG BaseGeneralDataRegion:59 - Caching[foo.org.hibernate.cache.spi.UpdateTimestampsCache] : [Enrolment] -> [5579090866012162]
14:17:50,960 DEBUG BaseGeneralDataRegion:59 - Caching[foo.org.hibernate.cache.spi.UpdateTimestampsCache] : [Address] -> [5579090866012163]
14:17:50,960 DEBUG SQL:104 - 
    insert 
    into
        Student_secretCodes
        (studentNumber, i, secretCode) 
    values
        (?, ?, ?)
14:17:50,961 DEBUG SQL:104 - 
    insert 
    into
        Student_secretCodes
        (studentNumber, i, secretCode) 
    values
        (?, ?, ?)
14:17:50,961 DEBUG BaseGeneralDataRegion:59 - Caching[foo.org.hibernate.cache.spi.UpdateTimestampsCache] : [Student_secretCodes] -> [5579090866016256]
14:17:50,961 DEBUG BaseGeneralDataRegion:59 - Caching[foo.org.hibernate.cache.spi.UpdateTimestampsCache] : [Student] -> [5579090620256257]
14:17:50,961 DEBUG BaseGeneralDataRegion:59 - Caching[foo.org.hibernate.cache.spi.UpdateTimestampsCache] : [Course] -> [5579090620256257]
14:17:50,961 DEBUG BaseGeneralDataRegion:59 - Caching[foo.org.hibernate.cache.spi.UpdateTimestampsCache] : [Enrolment] -> [5579090620256257]
14:17:50,961 DEBUG BaseGeneralDataRegion:59 - Caching[foo.org.hibernate.cache.spi.UpdateTimestampsCache] : [Student_secretCodes] -> [5579090620256257]
14:17:50,961 DEBUG BaseGeneralDataRegion:59 - Caching[foo.org.hibernate.cache.spi.UpdateTimestampsCache] : [Address] -> [5579090620256257]
14:17:50,961 DEBUG BaseGeneralDataRegion:59 - Caching[foo.org.hibernate.cache.spi.UpdateTimestampsCache] : [CourseMeeting] -> [5579090620256257]
14:17:50,962 DEBUG SQL:104 - 
    select
        this_.studentId as studentId4_1_,
        this_.name_first as name2_4_1_,
        this_.name_middle as name3_4_1_,
        this_.name_last as name4_4_1_,
        this_.preferredCourseCode as preferre5_4_1_,
        a1_.studentNumber as studentN8_4_3_,
        a1_.id as id0_3_,
        a1_.addressType as addressT2_3_,
        a1_.id as id0_0_,
        a1_.addressType as addressT2_0_0_,
        a1_.street as street0_0_,
        a1_.city as city0_0_,
        a1_.stateProvince as statePro5_0_0_,
        a1_.postalCode as postalCode0_0_,
        a1_.country as country0_0_,
        a1_.studentNumber as studentN8_0_0_ 
    from
        Student this_ 
    left outer join
        Address a1_ 
            on this_.studentId=a1_.studentNumber 
    order by
        this_.studentId asc
14:17:50,974 DEBUG SQL:104 - 
    select
        secretcode0_.studentNumber as studentN1_4_0_,
        secretcode0_.secretCode as secretCode5_0_,
        secretcode0_.i as i0_ 
    from
        Student_secretCodes secretcode0_ 
    where
        secretcode0_.studentNumber=?
14:17:50,975 DEBUG SQL:104 - 
    select
        secretcode0_.studentNumber as studentN1_4_0_,
        secretcode0_.secretCode as secretCode5_0_,
        secretcode0_.i as i0_ 
    from
        Student_secretCodes secretcode0_ 
    where
        secretcode0_.studentNumber=?
14:17:50,986 DEBUG SQL:104 - 
    select
        this_.studentId as studentId4_1_,
        this_.name_first as name2_4_1_,
        this_.name_middle as name3_4_1_,
        this_.name_last as name4_4_1_,
        this_.preferredCourseCode as preferre5_4_1_,
        a1_.studentNumber as studentN8_4_3_,
        a1_.id as id0_3_,
        a1_.addressType as addressT2_3_,
        a1_.id as id0_0_,
        a1_.addressType as addressT2_0_0_,
        a1_.street as street0_0_,
        a1_.city as city0_0_,
        a1_.stateProvince as statePro5_0_0_,
        a1_.postalCode as postalCode0_0_,
        a1_.country as country0_0_,
        a1_.studentNumber as studentN8_0_0_ 
    from
        Student this_ 
    left outer join
        Address a1_ 
            on this_.studentId=a1_.studentNumber 
    order by
        this_.studentId asc
14:17:50,987 DEBUG SQL:104 - 
    select
        secretcode0_.studentNumber as studentN1_4_0_,
        secretcode0_.secretCode as secretCode5_0_,
        secretcode0_.i as i0_ 
    from
        Student_secretCodes secretcode0_ 
    where
        secretcode0_.studentNumber=?
14:17:50,988 DEBUG SQL:104 - 
    select
        secretcode0_.studentNumber as studentN1_4_0_,
        secretcode0_.secretCode as secretCode5_0_,
        secretcode0_.i as i0_ 
    from
        Student_secretCodes secretcode0_ 
    where
        secretcode0_.studentNumber=?
14:17:51,011 DEBUG SQL:104 - 
    select
        student_.studentId,
        student_.name_first as name2_4_,
        student_.name_middle as name3_4_,
        student_.name_last as name4_4_,
        student_.preferredCourseCode as preferre5_4_ 
    from
        Student student_ 
    where
        student_.studentId=?
14:17:51,011 DEBUG SQL:104 - 
    select
        enrolment_.studentId,
        enrolment_.courseCode,
        enrolment_.semester as semester3_,
        enrolment_."year" as year4_3_ 
    from
        Enrolment enrolment_ 
    where
        enrolment_.studentId=? 
        and enrolment_.courseCode=?
14:17:51,011 DEBUG SQL:104 - 
    select
        course_.courseCode,
        course_.description as descript2_1_ 
    from
        Course course_ 
    where
        course_.courseCode=?
14:17:51,030 DEBUG SQL:104 - 
    select
        student_.studentId,
        student_.name_first as name2_4_,
        student_.name_middle as name3_4_,
        student_.name_last as name4_4_,
        student_.preferredCourseCode as preferre5_4_ 
    from
        Student student_ 
    where
        student_.studentId=?
14:17:51,030 DEBUG SQL:104 - 
    select
        enrolment_.studentId,
        enrolment_.courseCode,
        enrolment_.semester as semester3_,
        enrolment_."year" as year4_3_ 
    from
        Enrolment enrolment_ 
    where
        enrolment_.studentId=? 
        and enrolment_.courseCode=?
14:17:51,031 DEBUG SQL:104 - 
    select
        coursemeet_.courseCode,
        coursemeet_.day,
        coursemeet_.period,
        coursemeet_.location 
    from
        CourseMeeting coursemeet_ 
    where
        coursemeet_.courseCode=? 
        and coursemeet_.day=? 
        and coursemeet_.period=? 
        and coursemeet_.location=?
14:17:51,031 DEBUG SQL:104 - 
    select
        coursemeet_.courseCode,
        coursemeet_.day,
        coursemeet_.period,
        coursemeet_.location 
    from
        CourseMeeting coursemeet_ 
    where
        coursemeet_.courseCode=? 
        and coursemeet_.day=? 
        and coursemeet_.period=? 
        and coursemeet_.location=?
14:17:51,032 DEBUG BaseGeneralDataRegion:59 - Caching[foo.org.hibernate.cache.spi.UpdateTimestampsCache] : [Enrolment] -> [5579090866307072]
14:17:51,032 DEBUG SQL:104 - 
    update
        Address 
    set
        studentNumber=null,
        addressType=null 
    where
        studentNumber=?
14:17:51,032 DEBUG BaseGeneralDataRegion:59 - Caching[foo.org.hibernate.cache.spi.UpdateTimestampsCache] : [Address] -> [5579090866307073]
14:17:51,032 DEBUG SQL:104 - 
    delete 
    from
        Student_secretCodes 
    where
        studentNumber=?
14:17:51,033 DEBUG BaseGeneralDataRegion:59 - Caching[foo.org.hibernate.cache.spi.UpdateTimestampsCache] : [Student_secretCodes] -> [5579090866311168]
14:17:51,033 DEBUG BaseGeneralDataRegion:59 - Caching[foo.org.hibernate.cache.spi.UpdateTimestampsCache] : [Enrolment] -> [5579090866311169]
14:17:51,033 DEBUG BaseGeneralDataRegion:59 - Caching[foo.org.hibernate.cache.spi.UpdateTimestampsCache] : [Address] -> [5579090866311170]
14:17:51,033 DEBUG SQL:104 - 
    delete 
    from
        Student_secretCodes 
    where
        studentNumber=?
14:17:51,053 DEBUG BaseGeneralDataRegion:59 - Caching[foo.org.hibernate.cache.spi.UpdateTimestampsCache] : [Student_secretCodes] -> [5579090866393088]
14:17:51,053 DEBUG BaseGeneralDataRegion:59 - Caching[foo.org.hibernate.cache.spi.UpdateTimestampsCache] : [CourseMeeting] -> [5579090866393089]
14:17:51,053 DEBUG SQL:104 - 
    delete 
    from
        Enrolment 
    where
        studentId=? 
        and courseCode=?
14:17:51,054 DEBUG BaseGeneralDataRegion:59 - Caching[foo.org.hibernate.cache.spi.UpdateTimestampsCache] : [Enrolment] -> [5579090866397184]
14:17:51,054 DEBUG SQL:104 - 
    delete 
    from
        Address 
    where
        id=?
14:17:51,054 DEBUG BaseGeneralDataRegion:59 - Caching[foo.org.hibernate.cache.spi.UpdateTimestampsCache] : [Address] -> [5579090866397185]
14:17:51,054 DEBUG SQL:104 - 
    delete 
    from
        Address 
    where
        id=?
14:17:51,054 DEBUG BaseGeneralDataRegion:59 - Caching[foo.org.hibernate.cache.spi.UpdateTimestampsCache] : [Address] -> [5579090866397186]
14:17:51,054 DEBUG SQL:104 - 
    delete 
    from
        Student 
    where
        studentId=?
14:17:51,062 DEBUG BaseGeneralDataRegion:59 - Caching[foo.org.hibernate.cache.spi.UpdateTimestampsCache] : [Student] -> [5579090866429952]
14:17:51,063 DEBUG SQL:104 - 
    delete 
    from
        Enrolment 
    where
        studentId=? 
        and courseCode=?
14:17:51,063 DEBUG BaseGeneralDataRegion:59 - Caching[foo.org.hibernate.cache.spi.UpdateTimestampsCache] : [Enrolment] -> [5579090866434048]
14:17:51,063 DEBUG SQL:104 - 
    delete 
    from
        Student 
    where
        studentId=?
14:17:51,063 DEBUG BaseGeneralDataRegion:59 - Caching[foo.org.hibernate.cache.spi.UpdateTimestampsCache] : [Student] -> [5579090866434049]
14:17:51,063 DEBUG SQL:104 - 
    delete 
    from
        CourseMeeting 
    where
        courseCode=? 
        and day=? 
        and period=? 
        and location=?
14:17:51,063 DEBUG BaseGeneralDataRegion:59 - Caching[foo.org.hibernate.cache.spi.UpdateTimestampsCache] : [CourseMeeting] -> [5579090866434050]
14:17:51,064 DEBUG SQL:104 - 
    delete 
    from
        CourseMeeting 
    where
        courseCode=? 
        and day=? 
        and period=? 
        and location=?
14:17:51,073 DEBUG BaseGeneralDataRegion:59 - Caching[foo.org.hibernate.cache.spi.UpdateTimestampsCache] : [CourseMeeting] -> [5579090866475008]
14:17:51,073 DEBUG SQL:104 - 
    delete 
    from
        Course 
    where
        courseCode=?
14:17:51,074 DEBUG BaseGeneralDataRegion:59 - Caching[foo.org.hibernate.cache.spi.UpdateTimestampsCache] : [Course] -> [5579090866479104]
14:17:51,074 DEBUG BaseGeneralDataRegion:59 - Caching[foo.org.hibernate.cache.spi.UpdateTimestampsCache] : [Student] -> [5579090620719105]
14:17:51,074 DEBUG BaseGeneralDataRegion:59 - Caching[foo.org.hibernate.cache.spi.UpdateTimestampsCache] : [Course] -> [5579090620719105]
14:17:51,074 DEBUG BaseGeneralDataRegion:59 - Caching[foo.org.hibernate.cache.spi.UpdateTimestampsCache] : [Enrolment] -> [5579090620719105]
14:17:51,074 DEBUG BaseGeneralDataRegion:59 - Caching[foo.org.hibernate.cache.spi.UpdateTimestampsCache] : [Student_secretCodes] -> [5579090620719105]
14:17:51,074 DEBUG BaseGeneralDataRegion:59 - Caching[foo.org.hibernate.cache.spi.UpdateTimestampsCache] : [Address] -> [5579090620719105]
14:17:51,074 DEBUG BaseGeneralDataRegion:59 - Caching[foo.org.hibernate.cache.spi.UpdateTimestampsCache] : [CourseMeeting] -> [5579090620719105]
14:17:51,075 DEBUG SQL:104 - 
    select
        coursemeet_.courseCode,
        coursemeet_.day,
        coursemeet_.period,
        coursemeet_.location 
    from
        CourseMeeting coursemeet_ 
    where
        coursemeet_.courseCode=? 
        and coursemeet_.day=? 
        and coursemeet_.period=? 
        and coursemeet_.location=?
14:17:51,085 DEBUG SQL:104 - 
    select
        coursemeet_.courseCode,
        coursemeet_.day,
        coursemeet_.period,
        coursemeet_.location 
    from
        CourseMeeting coursemeet_ 
    where
        coursemeet_.courseCode=? 
        and coursemeet_.day=? 
        and coursemeet_.period=? 
        and coursemeet_.location=?
14:17:51,086 DEBUG SQL:104 - 
    insert 
    into
        Course
        (description, courseCode) 
    values
        (?, ?)
14:17:51,087 DEBUG BaseGeneralDataRegion:59 - Caching[foo.org.hibernate.cache.spi.UpdateTimestampsCache] : [Course] -> [5579090866532352]
14:17:51,087 DEBUG SQL:104 - 
    insert 
    into
        CourseMeeting
        (courseCode, day, period, location) 
    values
        (?, ?, ?, ?)
14:17:51,087 DEBUG BaseGeneralDataRegion:59 - Caching[foo.org.hibernate.cache.spi.UpdateTimestampsCache] : [CourseMeeting] -> [5579090866532353]
14:17:51,087 DEBUG SQL:104 - 
    insert 
    into
        CourseMeeting
        (courseCode, day, period, location) 
    values
        (?, ?, ?, ?)
14:17:51,087 DEBUG BaseGeneralDataRegion:59 - Caching[foo.org.hibernate.cache.spi.UpdateTimestampsCache] : [CourseMeeting] -> [5579090866532354]
14:17:51,088 DEBUG SQL:104 - 
    insert 
    into
        Student
        (name_first, name_middle, name_last, preferredCourseCode, studentId) 
    values
        (?, ?, ?, ?, ?)
14:17:51,088 DEBUG BaseGeneralDataRegion:59 - Caching[foo.org.hibernate.cache.spi.UpdateTimestampsCache] : [Student] -> [5579090866536448]
14:17:51,088 DEBUG SQL:104 - 
    insert 
    into
        Address
        (addressType, street, city, stateProvince, postalCode, country, studentNumber, id) 
    values
        (?, ?, ?, ?, ?, ?, ?, ?)
14:17:51,088 DEBUG BaseGeneralDataRegion:59 - Caching[foo.org.hibernate.cache.spi.UpdateTimestampsCache] : [Address] -> [5579090866536449]
14:17:51,088 DEBUG SQL:104 - 
    insert 
    into
        Address
        (addressType, street, city, stateProvince, postalCode, country, studentNumber, id) 
    values
        (?, ?, ?, ?, ?, ?, ?, ?)
14:17:51,100 DEBUG BaseGeneralDataRegion:59 - Caching[foo.org.hibernate.cache.spi.UpdateTimestampsCache] : [Address] -> [5579090866585600]
14:17:51,100 DEBUG SQL:104 - 
    insert 
    into
        Student
        (name_first, name_middle, name_last, preferredCourseCode, studentId) 
    values
        (?, ?, ?, ?, ?)
14:17:51,100 DEBUG BaseGeneralDataRegion:59 - Caching[foo.org.hibernate.cache.spi.UpdateTimestampsCache] : [Student] -> [5579090866585601]
14:17:51,100 DEBUG SQL:104 - 
    insert 
    into
        Enrolment
        (semester, "year", studentId, courseCode) 
    values
        (?, ?, ?, ?)
14:17:51,101 DEBUG BaseGeneralDataRegion:59 - Caching[foo.org.hibernate.cache.spi.UpdateTimestampsCache] : [Enrolment] -> [5579090866589696]
14:17:51,101 DEBUG SQL:104 - 
    insert 
    into
        Enrolment
        (semester, "year", studentId, courseCode) 
    values
        (?, ?, ?, ?)
14:17:51,101 DEBUG BaseGeneralDataRegion:59 - Caching[foo.org.hibernate.cache.spi.UpdateTimestampsCache] : [Enrolment] -> [5579090866589697]
14:17:51,101 DEBUG BaseGeneralDataRegion:59 - Caching[foo.org.hibernate.cache.spi.UpdateTimestampsCache] : [CourseMeeting] -> [5579090866589698]
14:17:51,101 DEBUG BaseGeneralDataRegion:59 - Caching[foo.org.hibernate.cache.spi.UpdateTimestampsCache] : [Enrolment] -> [5579090866589699]
14:17:51,109 DEBUG SQL:104 - 
    update
        Address 
    set
        studentNumber=?,
        addressType=? 
    where
        id=?
14:17:51,110 DEBUG SQL:104 - 
    update
        Address 
    set
        studentNumber=?,
        addressType=? 
    where
        id=?
14:17:51,111 DEBUG BaseGeneralDataRegion:59 - Caching[foo.org.hibernate.cache.spi.UpdateTimestampsCache] : [Address] -> [5579090866630656]
14:17:51,111 DEBUG SQL:104 - 
    insert 
    into
        Student_secretCodes
        (studentNumber, i, secretCode) 
    values
        (?, ?, ?)
14:17:51,111 DEBUG BaseGeneralDataRegion:59 - Caching[foo.org.hibernate.cache.spi.UpdateTimestampsCache] : [Student_secretCodes] -> [5579090866630657]
14:17:51,111 DEBUG BaseGeneralDataRegion:59 - Caching[foo.org.hibernate.cache.spi.UpdateTimestampsCache] : [Enrolment] -> [5579090866630658]
14:17:51,111 DEBUG BaseGeneralDataRegion:59 - Caching[foo.org.hibernate.cache.spi.UpdateTimestampsCache] : [Address] -> [5579090866630659]
14:17:51,112 DEBUG SQL:104 - 
    insert 
    into
        Student_secretCodes
        (studentNumber, i, secretCode) 
    values
        (?, ?, ?)
14:17:51,112 DEBUG SQL:104 - 
    insert 
    into
        Student_secretCodes
        (studentNumber, i, secretCode) 
    values
        (?, ?, ?)
14:17:51,112 DEBUG BaseGeneralDataRegion:59 - Caching[foo.org.hibernate.cache.spi.UpdateTimestampsCache] : [Student_secretCodes] -> [5579090866634752]
14:17:51,112 DEBUG BaseGeneralDataRegion:59 - Caching[foo.org.hibernate.cache.spi.UpdateTimestampsCache] : [Student] -> [5579090620874753]
14:17:51,112 DEBUG BaseGeneralDataRegion:59 - Caching[foo.org.hibernate.cache.spi.UpdateTimestampsCache] : [Course] -> [5579090620874753]
14:17:51,112 DEBUG BaseGeneralDataRegion:59 - Caching[foo.org.hibernate.cache.spi.UpdateTimestampsCache] : [Enrolment] -> [5579090620874753]
14:17:51,133 DEBUG BaseGeneralDataRegion:59 - Caching[foo.org.hibernate.cache.spi.UpdateTimestampsCache] : [Student_secretCodes] -> [5579090620874753]
14:17:51,133 DEBUG BaseGeneralDataRegion:59 - Caching[foo.org.hibernate.cache.spi.UpdateTimestampsCache] : [Address] -> [5579090620874753]
14:17:51,133 DEBUG BaseGeneralDataRegion:59 - Caching[foo.org.hibernate.cache.spi.UpdateTimestampsCache] : [CourseMeeting] -> [5579090620874753]
14:17:51,134 DEBUG SQL:104 - 
    select
        this_.studentId as studentId4_1_,
        this_.name_first as name2_4_1_,
        this_.name_middle as name3_4_1_,
        this_.name_last as name4_4_1_,
        this_.preferredCourseCode as preferre5_4_1_,
        a1_.studentNumber as studentN8_4_3_,
        a1_.id as id0_3_,
        a1_.addressType as addressT2_3_,
        a1_.id as id0_0_,
        a1_.addressType as addressT2_0_0_,
        a1_.street as street0_0_,
        a1_.city as city0_0_,
        a1_.stateProvince as statePro5_0_0_,
        a1_.postalCode as postalCode0_0_,
        a1_.country as country0_0_,
        a1_.studentNumber as studentN8_0_0_ 
    from
        Student this_ 
    left outer join
        Address a1_ 
            on this_.studentId=a1_.studentNumber 
    order by
        this_.studentId asc
14:17:51,135 DEBUG SQL:104 - 
    select
        secretcode0_.studentNumber as studentN1_4_0_,
        secretcode0_.secretCode as secretCode5_0_,
        secretcode0_.i as i0_ 
    from
        Student_secretCodes secretcode0_ 
    where
        secretcode0_.studentNumber=?
14:17:51,144 DEBUG SQL:104 - 
    select
        secretcode0_.studentNumber as studentN1_4_0_,
        secretcode0_.secretCode as secretCode5_0_,
        secretcode0_.i as i0_ 
    from
        Student_secretCodes secretcode0_ 
    where
        secretcode0_.studentNumber=?
14:17:51,145 DEBUG SQL:104 - 
    select
        this_.studentId as studentId4_1_,
        this_.name_first as name2_4_1_,
        this_.name_middle as name3_4_1_,
        this_.name_last as name4_4_1_,
        this_.preferredCourseCode as preferre5_4_1_,
        a1_.studentNumber as studentN8_4_3_,
        a1_.id as id0_3_,
        a1_.addressType as addressT2_3_,
        a1_.id as id0_0_,
        a1_.addressType as addressT2_0_0_,
        a1_.street as street0_0_,
        a1_.city as city0_0_,
        a1_.stateProvince as statePro5_0_0_,
        a1_.postalCode as postalCode0_0_,
        a1_.country as country0_0_,
        a1_.studentNumber as studentN8_0_0_ 
    from
        Student this_ 
    left outer join
        Address a1_ 
            on this_.studentId=a1_.studentNumber 
    order by
        this_.studentId asc
14:17:51,155 DEBUG SQL:104 - 
    select
        secretcode0_.studentNumber as studentN1_4_0_,
        secretcode0_.secretCode as secretCode5_0_,
        secretcode0_.i as i0_ 
    from
        Student_secretCodes secretcode0_ 
    where
        secretcode0_.studentNumber=?
14:17:51,155 DEBUG SQL:104 - 
    select
        secretcode0_.studentNumber as studentN1_4_0_,
        secretcode0_.secretCode as secretCode5_0_,
        secretcode0_.i as i0_ 
    from
        Student_secretCodes secretcode0_ 
    where
        secretcode0_.studentNumber=?
14:17:51,156 DEBUG SQL:104 - 
    select
        student_.studentId,
        student_.name_first as name2_4_,
        student_.name_middle as name3_4_,
        student_.name_last as name4_4_,
        student_.preferredCourseCode as preferre5_4_ 
    from
        Student student_ 
    where
        student_.studentId=?
14:17:51,165 DEBUG SQL:104 - 
    select
        enrolment_.studentId,
        enrolment_.courseCode,
        enrolment_.semester as semester3_,
        enrolment_."year" as year4_3_ 
    from
        Enrolment enrolment_ 
    where
        enrolment_.studentId=? 
        and enrolment_.courseCode=?
14:17:51,165 DEBUG SQL:104 - 
    select
        course_.courseCode,
        course_.description as descript2_1_ 
    from
        Course course_ 
    where
        course_.courseCode=?
14:17:51,166 DEBUG SQL:104 - 
    select
        student_.studentId,
        student_.name_first as name2_4_,
        student_.name_middle as name3_4_,
        student_.name_last as name4_4_,
        student_.preferredCourseCode as preferre5_4_ 
    from
        Student student_ 
    where
        student_.studentId=?
14:17:51,174 DEBUG SQL:104 - 
    select
        enrolment_.studentId,
        enrolment_.courseCode,
        enrolment_.semester as semester3_,
        enrolment_."year" as year4_3_ 
    from
        Enrolment enrolment_ 
    where
        enrolment_.studentId=? 
        and enrolment_.courseCode=?
14:17:51,175 DEBUG SQL:104 - 
    select
        coursemeet_.courseCode,
        coursemeet_.day,
        coursemeet_.period,
        coursemeet_.location 
    from
        CourseMeeting coursemeet_ 
    where
        coursemeet_.courseCode=? 
        and coursemeet_.day=? 
        and coursemeet_.period=? 
        and coursemeet_.location=?
14:17:51,184 DEBUG SQL:104 - 
    select
        coursemeet_.courseCode,
        coursemeet_.day,
        coursemeet_.period,
        coursemeet_.location 
    from
        CourseMeeting coursemeet_ 
    where
        coursemeet_.courseCode=? 
        and coursemeet_.day=? 
        and coursemeet_.period=? 
        and coursemeet_.location=?
14:17:51,185 DEBUG BaseGeneralDataRegion:59 - Caching[foo.org.hibernate.cache.spi.UpdateTimestampsCache] : [Enrolment] -> [5579090866933760]
14:17:51,185 DEBUG SQL:104 - 
    update
        Address 
    set
        studentNumber=null,
        addressType=null 
    where
        studentNumber=?
14:17:51,185 DEBUG BaseGeneralDataRegion:59 - Caching[foo.org.hibernate.cache.spi.UpdateTimestampsCache] : [Address] -> [5579090866933761]
14:17:51,185 DEBUG SQL:104 - 
    delete 
    from
        Student_secretCodes 
    where
        studentNumber=?
14:17:51,194 DEBUG BaseGeneralDataRegion:59 - Caching[foo.org.hibernate.cache.spi.UpdateTimestampsCache] : [Student_secretCodes] -> [5579090866970624]
14:17:51,194 DEBUG BaseGeneralDataRegion:59 - Caching[foo.org.hibernate.cache.spi.UpdateTimestampsCache] : [Enrolment] -> [5579090866970625]
14:17:51,194 DEBUG BaseGeneralDataRegion:59 - Caching[foo.org.hibernate.cache.spi.UpdateTimestampsCache] : [Address] -> [5579090866970626]
14:17:51,194 DEBUG SQL:104 - 
    delete 
    from
        Student_secretCodes 
    where
        studentNumber=?
14:17:51,194 DEBUG BaseGeneralDataRegion:59 - Caching[foo.org.hibernate.cache.spi.UpdateTimestampsCache] : [Student_secretCodes] -> [5579090866970627]
14:17:51,194 DEBUG BaseGeneralDataRegion:59 - Caching[foo.org.hibernate.cache.spi.UpdateTimestampsCache] : [CourseMeeting] -> [5579090866970628]
14:17:51,195 DEBUG SQL:104 - 
    delete 
    from
        Enrolment 
    where
        studentId=? 
        and courseCode=?
14:17:51,195 DEBUG BaseGeneralDataRegion:59 - Caching[foo.org.hibernate.cache.spi.UpdateTimestampsCache] : [Enrolment] -> [5579090866974720]
14:17:51,195 DEBUG SQL:104 - 
    delete 
    from
        Address 
    where
        id=?
14:17:51,195 DEBUG BaseGeneralDataRegion:59 - Caching[foo.org.hibernate.cache.spi.UpdateTimestampsCache] : [Address] -> [5579090866974721]
14:17:51,195 DEBUG SQL:104 - 
    delete 
    from
        Address 
    where
        id=?
14:17:51,204 DEBUG BaseGeneralDataRegion:59 - Caching[foo.org.hibernate.cache.spi.UpdateTimestampsCache] : [Address] -> [5579090867011584]
14:17:51,204 DEBUG SQL:104 - 
    delete 
    from
        Student 
    where
        studentId=?
14:17:51,204 DEBUG BaseGeneralDataRegion:59 - Caching[foo.org.hibernate.cache.spi.UpdateTimestampsCache] : [Student] -> [5579090867011585]
14:17:51,204 DEBUG SQL:104 - 
    delete 
    from
        Enrolment 
    where
        studentId=? 
        and courseCode=?
14:17:51,205 DEBUG BaseGeneralDataRegion:59 - Caching[foo.org.hibernate.cache.spi.UpdateTimestampsCache] : [Enrolment] -> [5579090867015680]
14:17:51,205 DEBUG SQL:104 - 
    delete 
    from
        Student 
    where
        studentId=?
14:17:51,205 DEBUG BaseGeneralDataRegion:59 - Caching[foo.org.hibernate.cache.spi.UpdateTimestampsCache] : [Student] -> [5579090867015681]
14:17:51,205 DEBUG SQL:104 - 
    delete 
    from
        CourseMeeting 
    where
        courseCode=? 
        and day=? 
        and period=? 
        and location=?
14:17:51,214 DEBUG BaseGeneralDataRegion:59 - Caching[foo.org.hibernate.cache.spi.UpdateTimestampsCache] : [CourseMeeting] -> [5579090867052544]
14:17:51,214 DEBUG SQL:104 - 
    delete 
    from
        CourseMeeting 
    where
        courseCode=? 
        and day=? 
        and period=? 
        and location=?
14:17:51,215 DEBUG BaseGeneralDataRegion:59 - Caching[foo.org.hibernate.cache.spi.UpdateTimestampsCache] : [CourseMeeting] -> [5579090867056640]
14:17:51,215 DEBUG SQL:104 - 
    delete 
    from
        Course 
    where
        courseCode=?
14:17:51,215 DEBUG BaseGeneralDataRegion:59 - Caching[foo.org.hibernate.cache.spi.UpdateTimestampsCache] : [Course] -> [5579090867056641]
14:17:51,215 DEBUG BaseGeneralDataRegion:59 - Caching[foo.org.hibernate.cache.spi.UpdateTimestampsCache] : [Student] -> [5579090621296642]
14:17:51,215 DEBUG BaseGeneralDataRegion:59 - Caching[foo.org.hibernate.cache.spi.UpdateTimestampsCache] : [Course] -> [5579090621296642]
14:17:51,215 DEBUG BaseGeneralDataRegion:59 - Caching[foo.org.hibernate.cache.spi.UpdateTimestampsCache] : [Enrolment] -> [5579090621296642]
14:17:51,215 DEBUG BaseGeneralDataRegion:59 - Caching[foo.org.hibernate.cache.spi.UpdateTimestampsCache] : [Student_secretCodes] -> [5579090621296642]
14:17:51,215 DEBUG BaseGeneralDataRegion:59 - Caching[foo.org.hibernate.cache.spi.UpdateTimestampsCache] : [Address] -> [5579090621296642]
14:17:51,215 DEBUG BaseGeneralDataRegion:59 - Caching[foo.org.hibernate.cache.spi.UpdateTimestampsCache] : [CourseMeeting] -> [5579090621296642]
14:17:51,216 DEBUG SQL:104 - 
    select
        coursemeet_.courseCode,
        coursemeet_.day,
        coursemeet_.period,
        coursemeet_.location 
    from
        CourseMeeting coursemeet_ 
    where
        coursemeet_.courseCode=? 
        and coursemeet_.day=? 
        and coursemeet_.period=? 
        and coursemeet_.location=?
14:17:51,216 DEBUG SQL:104 - 
    select
        coursemeet_.courseCode,
        coursemeet_.day,
        coursemeet_.period,
        coursemeet_.location 
    from
        CourseMeeting coursemeet_ 
    where
        coursemeet_.courseCode=? 
        and coursemeet_.day=? 
        and coursemeet_.period=? 
        and coursemeet_.location=?
14:17:51,217 DEBUG SQL:104 - 
    insert 
    into
        Course
        (description, courseCode) 
    values
        (?, ?)
14:17:51,227 DEBUG BaseGeneralDataRegion:59 - Caching[foo.org.hibernate.cache.spi.UpdateTimestampsCache] : [Course] -> [5579090867105792]
14:17:51,227 DEBUG SQL:104 - 
    insert 
    into
        CourseMeeting
        (courseCode, day, period, location) 
    values
        (?, ?, ?, ?)
14:17:51,227 DEBUG BaseGeneralDataRegion:59 - Caching[foo.org.hibernate.cache.spi.UpdateTimestampsCache] : [CourseMeeting] -> [5579090867105793]
14:17:51,227 DEBUG SQL:104 - 
    insert 
    into
        CourseMeeting
        (courseCode, day, period, location) 
    values
        (?, ?, ?, ?)
14:17:51,228 DEBUG BaseGeneralDataRegion:59 - Caching[foo.org.hibernate.cache.spi.UpdateTimestampsCache] : [CourseMeeting] -> [5579090867109888]
14:17:51,228 DEBUG SQL:104 - 
    insert 
    into
        Student
        (name_first, name_middle, name_last, preferredCourseCode, studentId) 
    values
        (?, ?, ?, ?, ?)
14:17:51,228 DEBUG BaseGeneralDataRegion:59 - Caching[foo.org.hibernate.cache.spi.UpdateTimestampsCache] : [Student] -> [5579090867109889]
14:17:51,228 DEBUG SQL:104 - 
    insert 
    into
        Address
        (addressType, street, city, stateProvince, postalCode, country, studentNumber, id) 
    values
        (?, ?, ?, ?, ?, ?, ?, ?)
14:17:51,238 DEBUG BaseGeneralDataRegion:59 - Caching[foo.org.hibernate.cache.spi.UpdateTimestampsCache] : [Address] -> [5579090867150848]
14:17:51,239 DEBUG SQL:104 - 
    insert 
    into
        Address
        (addressType, street, city, stateProvince, postalCode, country, studentNumber, id) 
    values
        (?, ?, ?, ?, ?, ?, ?, ?)
14:17:51,239 DEBUG BaseGeneralDataRegion:59 - Caching[foo.org.hibernate.cache.spi.UpdateTimestampsCache] : [Address] -> [5579090867154944]
14:17:51,239 DEBUG SQL:104 - 
    insert 
    into
        Student
        (name_first, name_middle, name_last, preferredCourseCode, studentId) 
    values
        (?, ?, ?, ?, ?)
14:17:51,239 DEBUG BaseGeneralDataRegion:59 - Caching[foo.org.hibernate.cache.spi.UpdateTimestampsCache] : [Student] -> [5579090867154945]
14:17:51,239 DEBUG SQL:104 - 
    insert 
    into
        Enrolment
        (semester, "year", studentId, courseCode) 
    values
        (?, ?, ?, ?)
14:17:51,240 DEBUG BaseGeneralDataRegion:59 - Caching[foo.org.hibernate.cache.spi.UpdateTimestampsCache] : [Enrolment] -> [5579090867159040]
14:17:51,240 DEBUG SQL:104 - 
    insert 
    into
        Enrolment
        (semester, "year", studentId, courseCode) 
    values
        (?, ?, ?, ?)
14:17:51,240 DEBUG BaseGeneralDataRegion:59 - Caching[foo.org.hibernate.cache.spi.UpdateTimestampsCache] : [Enrolment] -> [5579090867159041]
14:17:51,240 DEBUG BaseGeneralDataRegion:59 - Caching[foo.org.hibernate.cache.spi.UpdateTimestampsCache] : [CourseMeeting] -> [5579090867159042]
14:17:51,240 DEBUG BaseGeneralDataRegion:59 - Caching[foo.org.hibernate.cache.spi.UpdateTimestampsCache] : [Enrolment] -> [5579090867159043]
14:17:51,240 DEBUG SQL:104 - 
    update
        Address 
    set
        studentNumber=?,
        addressType=? 
    where
        id=?
14:17:51,262 DEBUG SQL:104 - 
    update
        Address 
    set
        studentNumber=?,
        addressType=? 
    where
        id=?
14:17:51,263 DEBUG BaseGeneralDataRegion:59 - Caching[foo.org.hibernate.cache.spi.UpdateTimestampsCache] : [Address] -> [5579090867253248]
14:17:51,263 DEBUG SQL:104 - 
    insert 
    into
        Student_secretCodes
        (studentNumber, i, secretCode) 
    values
        (?, ?, ?)
14:17:51,263 DEBUG BaseGeneralDataRegion:59 - Caching[foo.org.hibernate.cache.spi.UpdateTimestampsCache] : [Student_secretCodes] -> [5579090867253249]
14:17:51,263 DEBUG BaseGeneralDataRegion:59 - Caching[foo.org.hibernate.cache.spi.UpdateTimestampsCache] : [Enrolment] -> [5579090867253250]
14:17:51,263 DEBUG BaseGeneralDataRegion:59 - Caching[foo.org.hibernate.cache.spi.UpdateTimestampsCache] : [Address] -> [5579090867253251]
14:17:51,263 DEBUG SQL:104 - 
    insert 
    into
        Student_secretCodes
        (studentNumber, i, secretCode) 
    values
        (?, ?, ?)
14:17:51,263 DEBUG SQL:104 - 
    insert 
    into
        Student_secretCodes
        (studentNumber, i, secretCode) 
    values
        (?, ?, ?)
14:17:51,273 DEBUG BaseGeneralDataRegion:59 - Caching[foo.org.hibernate.cache.spi.UpdateTimestampsCache] : [Student_secretCodes] -> [5579090867294208]
14:17:51,273 DEBUG BaseGeneralDataRegion:59 - Caching[foo.org.hibernate.cache.spi.UpdateTimestampsCache] : [Student] -> [5579090621534209]
14:17:51,274 DEBUG BaseGeneralDataRegion:59 - Caching[foo.org.hibernate.cache.spi.UpdateTimestampsCache] : [Course] -> [5579090621534209]
14:17:51,274 DEBUG BaseGeneralDataRegion:59 - Caching[foo.org.hibernate.cache.spi.UpdateTimestampsCache] : [Enrolment] -> [5579090621534209]
14:17:51,274 DEBUG BaseGeneralDataRegion:59 - Caching[foo.org.hibernate.cache.spi.UpdateTimestampsCache] : [Student_secretCodes] -> [5579090621534209]
14:17:51,274 DEBUG BaseGeneralDataRegion:59 - Caching[foo.org.hibernate.cache.spi.UpdateTimestampsCache] : [Address] -> [5579090621534209]
14:17:51,274 DEBUG BaseGeneralDataRegion:59 - Caching[foo.org.hibernate.cache.spi.UpdateTimestampsCache] : [CourseMeeting] -> [5579090621534209]
14:17:51,275 DEBUG SQL:104 - 
    select
        this_.studentId as studentId4_1_,
        this_.name_first as name2_4_1_,
        this_.name_middle as name3_4_1_,
        this_.name_last as name4_4_1_,
        this_.preferredCourseCode as preferre5_4_1_,
        a1_.studentNumber as studentN8_4_3_,
        a1_.id as id0_3_,
        a1_.addressType as addressT2_3_,
        a1_.id as id0_0_,
        a1_.addressType as addressT2_0_0_,
        a1_.street as street0_0_,
        a1_.city as city0_0_,
        a1_.stateProvince as statePro5_0_0_,
        a1_.postalCode as postalCode0_0_,
        a1_.country as country0_0_,
        a1_.studentNumber as studentN8_0_0_ 
    from
        Student this_ 
    left outer join
        Address a1_ 
            on this_.studentId=a1_.studentNumber 
    order by
        this_.studentId asc
14:17:51,285 DEBUG SQL:104 - 
    select
        secretcode0_.studentNumber as studentN1_4_0_,
        secretcode0_.secretCode as secretCode5_0_,
        secretcode0_.i as i0_ 
    from
        Student_secretCodes secretcode0_ 
    where
        secretcode0_.studentNumber=?
14:17:51,286 DEBUG SQL:104 - 
    select
        secretcode0_.studentNumber as studentN1_4_0_,
        secretcode0_.secretCode as secretCode5_0_,
        secretcode0_.i as i0_ 
    from
        Student_secretCodes secretcode0_ 
    where
        secretcode0_.studentNumber=?
14:17:51,287 DEBUG SQL:104 - 
    select
        this_.studentId as studentId4_1_,
        this_.name_first as name2_4_1_,
        this_.name_middle as name3_4_1_,
        this_.name_last as name4_4_1_,
        this_.preferredCourseCode as preferre5_4_1_,
        a1_.studentNumber as studentN8_4_3_,
        a1_.id as id0_3_,
        a1_.addressType as addressT2_3_,
        a1_.id as id0_0_,
        a1_.addressType as addressT2_0_0_,
        a1_.street as street0_0_,
        a1_.city as city0_0_,
        a1_.stateProvince as statePro5_0_0_,
        a1_.postalCode as postalCode0_0_,
        a1_.country as country0_0_,
        a1_.studentNumber as studentN8_0_0_ 
    from
        Student this_ 
    left outer join
        Address a1_ 
            on this_.studentId=a1_.studentNumber 
    order by
        this_.studentId asc
14:17:51,297 DEBUG SQL:104 - 
    select
        secretcode0_.studentNumber as studentN1_4_0_,
        secretcode0_.secretCode as secretCode5_0_,
        secretcode0_.i as i0_ 
    from
        Student_secretCodes secretcode0_ 
    where
        secretcode0_.studentNumber=?
14:17:51,306 DEBUG SQL:104 - 
    select
        secretcode0_.studentNumber as studentN1_4_0_,
        secretcode0_.secretCode as secretCode5_0_,
        secretcode0_.i as i0_ 
    from
        Student_secretCodes secretcode0_ 
    where
        secretcode0_.studentNumber=?
14:17:51,307 DEBUG SQL:104 - 
    select
        student_.studentId,
        student_.name_first as name2_4_,
        student_.name_middle as name3_4_,
        student_.name_last as name4_4_,
        student_.preferredCourseCode as preferre5_4_ 
    from
        Student student_ 
    where
        student_.studentId=?
14:17:51,308 DEBUG SQL:104 - 
    select
        enrolment_.studentId,
        enrolment_.courseCode,
        enrolment_.semester as semester3_,
        enrolment_."year" as year4_3_ 
    from
        Enrolment enrolment_ 
    where
        enrolment_.studentId=? 
        and enrolment_.courseCode=?
14:17:51,318 DEBUG SQL:104 - 
    select
        course_.courseCode,
        course_.description as descript2_1_ 
    from
        Course course_ 
    where
        course_.courseCode=?
14:17:51,319 DEBUG SQL:104 - 
    select
        student_.studentId,
        student_.name_first as name2_4_,
        student_.name_middle as name3_4_,
        student_.name_last as name4_4_,
        student_.preferredCourseCode as preferre5_4_ 
    from
        Student student_ 
    where
        student_.studentId=?
14:17:51,319 DEBUG SQL:104 - 
    select
        enrolment_.studentId,
        enrolment_.courseCode,
        enrolment_.semester as semester3_,
        enrolment_."year" as year4_3_ 
    from
        Enrolment enrolment_ 
    where
        enrolment_.studentId=? 
        and enrolment_.courseCode=?
14:17:51,329 DEBUG SQL:104 - 
    select
        coursemeet_.courseCode,
        coursemeet_.day,
        coursemeet_.period,
        coursemeet_.location 
    from
        CourseMeeting coursemeet_ 
    where
        coursemeet_.courseCode=? 
        and coursemeet_.day=? 
        and coursemeet_.period=? 
        and coursemeet_.location=?
14:17:51,329 DEBUG SQL:104 - 
    select
        coursemeet_.courseCode,
        coursemeet_.day,
        coursemeet_.period,
        coursemeet_.location 
    from
        CourseMeeting coursemeet_ 
    where
        coursemeet_.courseCode=? 
        and coursemeet_.day=? 
        and coursemeet_.period=? 
        and coursemeet_.location=?
14:17:51,330 DEBUG BaseGeneralDataRegion:59 - Caching[foo.org.hibernate.cache.spi.UpdateTimestampsCache] : [Enrolment] -> [5579090867527680]
14:17:51,330 DEBUG SQL:104 - 
    update
        Address 
    set
        studentNumber=null,
        addressType=null 
    where
        studentNumber=?
14:17:51,339 DEBUG BaseGeneralDataRegion:59 - Caching[foo.org.hibernate.cache.spi.UpdateTimestampsCache] : [Address] -> [5579090867564544]
14:17:51,339 DEBUG SQL:104 - 
    delete 
    from
        Student_secretCodes 
    where
        studentNumber=?
14:17:51,339 DEBUG BaseGeneralDataRegion:59 - Caching[foo.org.hibernate.cache.spi.UpdateTimestampsCache] : [Student_secretCodes] -> [5579090867564545]
14:17:51,339 DEBUG BaseGeneralDataRegion:59 - Caching[foo.org.hibernate.cache.spi.UpdateTimestampsCache] : [Enrolment] -> [5579090867564546]
14:17:51,339 DEBUG BaseGeneralDataRegion:59 - Caching[foo.org.hibernate.cache.spi.UpdateTimestampsCache] : [Address] -> [5579090867564547]
14:17:51,340 DEBUG SQL:104 - 
    delete 
    from
        Student_secretCodes 
    where
        studentNumber=?
14:17:51,340 DEBUG BaseGeneralDataRegion:59 - Caching[foo.org.hibernate.cache.spi.UpdateTimestampsCache] : [Student_secretCodes] -> [5579090867568640]
14:17:51,340 DEBUG BaseGeneralDataRegion:59 - Caching[foo.org.hibernate.cache.spi.UpdateTimestampsCache] : [CourseMeeting] -> [5579090867568641]
14:17:51,340 DEBUG SQL:104 - 
    delete 
    from
        Enrolment 
    where
        studentId=? 
        and courseCode=?
14:17:51,340 DEBUG BaseGeneralDataRegion:59 - Caching[foo.org.hibernate.cache.spi.UpdateTimestampsCache] : [Enrolment] -> [5579090867568642]
14:17:51,341 DEBUG SQL:104 - 
    delete 
    from
        Address 
    where
        id=?
14:17:51,341 DEBUG BaseGeneralDataRegion:59 - Caching[foo.org.hibernate.cache.spi.UpdateTimestampsCache] : [Address] -> [5579090867572736]
14:17:51,341 DEBUG SQL:104 - 
    delete 
    from
        Address 
    where
        id=?
14:17:51,341 DEBUG BaseGeneralDataRegion:59 - Caching[foo.org.hibernate.cache.spi.UpdateTimestampsCache] : [Address] -> [5579090867572737]
14:17:51,341 DEBUG SQL:104 - 
    delete 
    from
        Student 
    where
        studentId=?
14:17:51,341 DEBUG BaseGeneralDataRegion:59 - Caching[foo.org.hibernate.cache.spi.UpdateTimestampsCache] : [Student] -> [5579090867572738]
14:17:51,341 DEBUG SQL:104 - 
    delete 
    from
        Enrolment 
    where
        studentId=? 
        and courseCode=?
14:17:51,342 DEBUG BaseGeneralDataRegion:59 - Caching[foo.org.hibernate.cache.spi.UpdateTimestampsCache] : [Enrolment] -> [5579090867576832]
14:17:51,353 DEBUG SQL:104 - 
    delete 
    from
        Student 
    where
        studentId=?
14:17:51,353 DEBUG BaseGeneralDataRegion:59 - Caching[foo.org.hibernate.cache.spi.UpdateTimestampsCache] : [Student] -> [5579090867621888]
14:17:51,353 DEBUG SQL:104 - 
    delete 
    from
        CourseMeeting 
    where
        courseCode=? 
        and day=? 
        and period=? 
        and location=?
14:17:51,354 DEBUG BaseGeneralDataRegion:59 - Caching[foo.org.hibernate.cache.spi.UpdateTimestampsCache] : [CourseMeeting] -> [5579090867625984]
14:17:51,354 DEBUG SQL:104 - 
    delete 
    from
        CourseMeeting 
    where
        courseCode=? 
        and day=? 
        and period=? 
        and location=?
14:17:51,354 DEBUG BaseGeneralDataRegion:59 - Caching[foo.org.hibernate.cache.spi.UpdateTimestampsCache] : [CourseMeeting] -> [5579090867625985]
14:17:51,354 DEBUG SQL:104 - 
    delete 
    from
        Course 
    where
        courseCode=?
14:17:51,364 DEBUG BaseGeneralDataRegion:59 - Caching[foo.org.hibernate.cache.spi.UpdateTimestampsCache] : [Course] -> [5579090867666944]
14:17:51,364 DEBUG BaseGeneralDataRegion:59 - Caching[foo.org.hibernate.cache.spi.UpdateTimestampsCache] : [Student] -> [5579090621906945]
14:17:51,365 DEBUG BaseGeneralDataRegion:59 - Caching[foo.org.hibernate.cache.spi.UpdateTimestampsCache] : [Course] -> [5579090621906945]
14:17:51,365 DEBUG BaseGeneralDataRegion:59 - Caching[foo.org.hibernate.cache.spi.UpdateTimestampsCache] : [Enrolment] -> [5579090621906945]
14:17:51,365 DEBUG BaseGeneralDataRegion:59 - Caching[foo.org.hibernate.cache.spi.UpdateTimestampsCache] : [Student_secretCodes] -> [5579090621906945]
14:17:51,365 DEBUG BaseGeneralDataRegion:59 - Caching[foo.org.hibernate.cache.spi.UpdateTimestampsCache] : [Address] -> [5579090621906945]
14:17:51,365 DEBUG BaseGeneralDataRegion:59 - Caching[foo.org.hibernate.cache.spi.UpdateTimestampsCache] : [CourseMeeting] -> [5579090621906945]
14:17:51,366  INFO CustomRunner:139 - Test: testEntityWithJoinedLazyManyToOneListCriteria
14:17:51,368 DEBUG SQL:104 - 
    select
        coursemeet_.courseCode,
        coursemeet_.day,
        coursemeet_.period,
        coursemeet_.location 
    from
        CourseMeeting coursemeet_ 
    where
        coursemeet_.courseCode=? 
        and coursemeet_.day=? 
        and coursemeet_.period=? 
        and coursemeet_.location=?
14:17:51,368 DEBUG SQL:104 - 
    select
        coursemeet_.courseCode,
        coursemeet_.day,
        coursemeet_.period,
        coursemeet_.location 
    from
        CourseMeeting coursemeet_ 
    where
        coursemeet_.courseCode=? 
        and coursemeet_.day=? 
        and coursemeet_.period=? 
        and coursemeet_.location=?
14:17:51,369 DEBUG SQL:104 - 
    insert 
    into
        Course
        (description, courseCode) 
    values
        (?, ?)
14:17:51,421 DEBUG BaseGeneralDataRegion:59 - Caching[foo.org.hibernate.cache.spi.UpdateTimestampsCache] : [Course] -> [5579090867900416]
14:17:51,421 DEBUG SQL:104 - 
    insert 
    into
        CourseMeeting
        (courseCode, day, period, location) 
    values
        (?, ?, ?, ?)
14:17:51,422 DEBUG BaseGeneralDataRegion:59 - Caching[foo.org.hibernate.cache.spi.UpdateTimestampsCache] : [CourseMeeting] -> [5579090867904512]
14:17:51,422 DEBUG SQL:104 - 
    insert 
    into
        CourseMeeting
        (courseCode, day, period, location) 
    values
        (?, ?, ?, ?)
14:17:51,422 DEBUG BaseGeneralDataRegion:59 - Caching[foo.org.hibernate.cache.spi.UpdateTimestampsCache] : [CourseMeeting] -> [5579090867904513]
14:17:51,422 DEBUG SQL:104 - 
    insert 
    into
        Student
        (name_first, name_middle, name_last, preferredCourseCode, studentId) 
    values
        (?, ?, ?, ?, ?)
14:17:51,422 DEBUG BaseGeneralDataRegion:59 - Caching[foo.org.hibernate.cache.spi.UpdateTimestampsCache] : [Student] -> [5579090867904514]
14:17:51,422 DEBUG SQL:104 - 
    insert 
    into
        Address
        (addressType, street, city, stateProvince, postalCode, country, studentNumber, id) 
    values
        (?, ?, ?, ?, ?, ?, ?, ?)
14:17:51,422 DEBUG BaseGeneralDataRegion:59 - Caching[foo.org.hibernate.cache.spi.UpdateTimestampsCache] : [Address] -> [5579090867904515]
14:17:51,423 DEBUG SQL:104 - 
    insert 
    into
        Address
        (addressType, street, city, stateProvince, postalCode, country, studentNumber, id) 
    values
        (?, ?, ?, ?, ?, ?, ?, ?)
14:17:51,423 DEBUG BaseGeneralDataRegion:59 - Caching[foo.org.hibernate.cache.spi.UpdateTimestampsCache] : [Address] -> [5579090867908608]
14:17:51,423 DEBUG SQL:104 - 
    insert 
    into
        Student
        (name_first, name_middle, name_last, preferredCourseCode, studentId) 
    values
        (?, ?, ?, ?, ?)
14:17:51,423 DEBUG BaseGeneralDataRegion:59 - Caching[foo.org.hibernate.cache.spi.UpdateTimestampsCache] : [Student] -> [5579090867908609]
14:17:51,423 DEBUG SQL:104 - 
    insert 
    into
        Enrolment
        (semester, "year", studentId, courseCode) 
    values
        (?, ?, ?, ?)
14:17:51,423 DEBUG BaseGeneralDataRegion:59 - Caching[foo.org.hibernate.cache.spi.UpdateTimestampsCache] : [Enrolment] -> [5579090867908610]
14:17:51,423 DEBUG SQL:104 - 
    insert 
    into
        Enrolment
        (semester, "year", studentId, courseCode) 
    values
        (?, ?, ?, ?)
14:17:51,424 DEBUG BaseGeneralDataRegion:59 - Caching[foo.org.hibernate.cache.spi.UpdateTimestampsCache] : [Enrolment] -> [5579090867912704]
14:17:51,424 DEBUG BaseGeneralDataRegion:59 - Caching[foo.org.hibernate.cache.spi.UpdateTimestampsCache] : [CourseMeeting] -> [5579090867912705]
14:17:51,424 DEBUG BaseGeneralDataRegion:59 - Caching[foo.org.hibernate.cache.spi.UpdateTimestampsCache] : [Enrolment] -> [5579090867912706]
14:17:51,424 DEBUG SQL:104 - 
    update
        Address 
    set
        studentNumber=?,
        addressType=? 
    where
        id=?
14:17:51,424 DEBUG SQL:104 - 
    update
        Address 
    set
        studentNumber=?,
        addressType=? 
    where
        id=?
14:17:51,424 DEBUG BaseGeneralDataRegion:59 - Caching[foo.org.hibernate.cache.spi.UpdateTimestampsCache] : [Address] -> [5579090867912707]
14:17:51,425 DEBUG SQL:104 - 
    insert 
    into
        Student_secretCodes
        (studentNumber, i, secretCode) 
    values
        (?, ?, ?)
14:17:51,425 DEBUG BaseGeneralDataRegion:59 - Caching[foo.org.hibernate.cache.spi.UpdateTimestampsCache] : [Student_secretCodes] -> [5579090867916800]
14:17:51,425 DEBUG BaseGeneralDataRegion:59 - Caching[foo.org.hibernate.cache.spi.UpdateTimestampsCache] : [Enrolment] -> [5579090867916801]
14:17:51,425 DEBUG BaseGeneralDataRegion:59 - Caching[foo.org.hibernate.cache.spi.UpdateTimestampsCache] : [Address] -> [5579090867916802]
14:17:51,425 DEBUG SQL:104 - 
    insert 
    into
        Student_secretCodes
        (studentNumber, i, secretCode) 
    values
        (?, ?, ?)
14:17:51,425 DEBUG SQL:104 - 
    insert 
    into
        Student_secretCodes
        (studentNumber, i, secretCode) 
    values
        (?, ?, ?)
14:17:51,425 DEBUG BaseGeneralDataRegion:59 - Caching[foo.org.hibernate.cache.spi.UpdateTimestampsCache] : [Student_secretCodes] -> [5579090867916803]
14:17:51,426 DEBUG BaseGeneralDataRegion:59 - Caching[foo.org.hibernate.cache.spi.UpdateTimestampsCache] : [Student] -> [5579090622160896]
14:17:51,426 DEBUG BaseGeneralDataRegion:59 - Caching[foo.org.hibernate.cache.spi.UpdateTimestampsCache] : [Course] -> [5579090622160896]
14:17:51,426 DEBUG BaseGeneralDataRegion:59 - Caching[foo.org.hibernate.cache.spi.UpdateTimestampsCache] : [Enrolment] -> [5579090622160896]
14:17:51,426 DEBUG BaseGeneralDataRegion:59 - Caching[foo.org.hibernate.cache.spi.UpdateTimestampsCache] : [Student_secretCodes] -> [5579090622160896]
14:17:51,426 DEBUG BaseGeneralDataRegion:59 - Caching[foo.org.hibernate.cache.spi.UpdateTimestampsCache] : [Address] -> [5579090622160896]
14:17:51,426 DEBUG BaseGeneralDataRegion:59 - Caching[foo.org.hibernate.cache.spi.UpdateTimestampsCache] : [CourseMeeting] -> [5579090622160896]
14:17:51,427 DEBUG SQL:104 - 
    select
        this_.studentId as studentId4_1_,
        this_.name_first as name2_4_1_,
        this_.name_middle as name3_4_1_,
        this_.name_last as name4_4_1_,
        this_.preferredCourseCode as preferre5_4_1_,
        course1_.courseCode as courseCode1_0_,
        course1_.description as descript2_1_0_ 
    from
        Student this_ 
    left outer join
        Course course1_ 
            on this_.preferredCourseCode=course1_.courseCode 
    order by
        this_.studentId asc
14:17:51,435 DEBUG SQL:104 - 
    select
        secretcode0_.studentNumber as studentN1_4_0_,
        secretcode0_.secretCode as secretCode5_0_,
        secretcode0_.i as i0_ 
    from
        Student_secretCodes secretcode0_ 
    where
        secretcode0_.studentNumber=?
14:17:51,436 DEBUG SQL:104 - 
    select
        secretcode0_.studentNumber as studentN1_4_0_,
        secretcode0_.secretCode as secretCode5_0_,
        secretcode0_.i as i0_ 
    from
        Student_secretCodes secretcode0_ 
    where
        secretcode0_.studentNumber=?
14:17:51,445 DEBUG SQL:104 - 
    select
        coursemeet0_.courseCode as courseCode1_1_,
        coursemeet0_.courseCode as courseCode2_1_,
        coursemeet0_.day as day2_1_,
        coursemeet0_.period as period2_1_,
        coursemeet0_.location as location2_1_,
        coursemeet0_.courseCode as courseCode2_0_,
        coursemeet0_.day as day2_0_,
        coursemeet0_.period as period2_0_,
        coursemeet0_.location as location2_0_ 
    from
        CourseMeeting coursemeet0_ 
    where
        coursemeet0_.courseCode=?
14:17:51,447 DEBUG SQL:104 - 
    select
        this_.studentId as studentId4_1_,
        this_.name_first as name2_4_1_,
        this_.name_middle as name3_4_1_,
        this_.name_last as name4_4_1_,
        this_.preferredCourseCode as preferre5_4_1_,
        course1_.courseCode as courseCode1_0_,
        course1_.description as descript2_1_0_ 
    from
        Student this_ 
    left outer join
        Course course1_ 
            on this_.preferredCourseCode=course1_.courseCode 
    order by
        this_.studentId asc
14:17:51,456 DEBUG SQL:104 - 
    select
        secretcode0_.studentNumber as studentN1_4_0_,
        secretcode0_.secretCode as secretCode5_0_,
        secretcode0_.i as i0_ 
    from
        Student_secretCodes secretcode0_ 
    where
        secretcode0_.studentNumber=?
14:17:51,456 DEBUG SQL:104 - 
    select
        secretcode0_.studentNumber as studentN1_4_0_,
        secretcode0_.secretCode as secretCode5_0_,
        secretcode0_.i as i0_ 
    from
        Student_secretCodes secretcode0_ 
    where
        secretcode0_.studentNumber=?
14:17:51,456 DEBUG SQL:104 - 
    select
        coursemeet0_.courseCode as courseCode1_1_,
        coursemeet0_.courseCode as courseCode2_1_,
        coursemeet0_.day as day2_1_,
        coursemeet0_.period as period2_1_,
        coursemeet0_.location as location2_1_,
        coursemeet0_.courseCode as courseCode2_0_,
        coursemeet0_.day as day2_0_,
        coursemeet0_.period as period2_0_,
        coursemeet0_.location as location2_0_ 
    from
        CourseMeeting coursemeet0_ 
    where
        coursemeet0_.courseCode=?
14:17:51,467 DEBUG SQL:104 - 
    select
        student_.studentId,
        student_.name_first as name2_4_,
        student_.name_middle as name3_4_,
        student_.name_last as name4_4_,
        student_.preferredCourseCode as preferre5_4_ 
    from
        Student student_ 
    where
        student_.studentId=?
14:17:51,468 DEBUG SQL:104 - 
    select
        enrolment_.studentId,
        enrolment_.courseCode,
        enrolment_.semester as semester3_,
        enrolment_."year" as year4_3_ 
    from
        Enrolment enrolment_ 
    where
        enrolment_.studentId=? 
        and enrolment_.courseCode=?
14:17:51,468 DEBUG SQL:104 - 
    select
        course_.courseCode,
        course_.description as descript2_1_ 
    from
        Course course_ 
    where
        course_.courseCode=?
14:17:51,468 DEBUG SQL:104 - 
    select
        student_.studentId,
        student_.name_first as name2_4_,
        student_.name_middle as name3_4_,
        student_.name_last as name4_4_,
        student_.preferredCourseCode as preferre5_4_ 
    from
        Student student_ 
    where
        student_.studentId=?
14:17:51,468 DEBUG SQL:104 - 
    select
        enrolment_.studentId,
        enrolment_.courseCode,
        enrolment_.semester as semester3_,
        enrolment_."year" as year4_3_ 
    from
        Enrolment enrolment_ 
    where
        enrolment_.studentId=? 
        and enrolment_.courseCode=?
14:17:51,469 DEBUG SQL:104 - 
    select
        coursemeet_.courseCode,
        coursemeet_.day,
        coursemeet_.period,
        coursemeet_.location 
    from
        CourseMeeting coursemeet_ 
    where
        coursemeet_.courseCode=? 
        and coursemeet_.day=? 
        and coursemeet_.period=? 
        and coursemeet_.location=?
14:17:51,481 DEBUG SQL:104 - 
    select
        coursemeet_.courseCode,
        coursemeet_.day,
        coursemeet_.period,
        coursemeet_.location 
    from
        CourseMeeting coursemeet_ 
    where
        coursemeet_.courseCode=? 
        and coursemeet_.day=? 
        and coursemeet_.period=? 
        and coursemeet_.location=?
14:17:51,481 DEBUG BaseGeneralDataRegion:59 - Caching[foo.org.hibernate.cache.spi.UpdateTimestampsCache] : [Enrolment] -> [5579090868146176]
14:17:51,482 DEBUG SQL:104 - 
    update
        Address 
    set
        studentNumber=null,
        addressType=null 
    where
        studentNumber=?
14:17:51,491 DEBUG BaseGeneralDataRegion:59 - Caching[foo.org.hibernate.cache.spi.UpdateTimestampsCache] : [Address] -> [5579090868187136]
14:17:51,492 DEBUG SQL:104 - 
    delete 
    from
        Student_secretCodes 
    where
        studentNumber=?
14:17:51,492 DEBUG BaseGeneralDataRegion:59 - Caching[foo.org.hibernate.cache.spi.UpdateTimestampsCache] : [Student_secretCodes] -> [5579090868191232]
14:17:51,492 DEBUG BaseGeneralDataRegion:59 - Caching[foo.org.hibernate.cache.spi.UpdateTimestampsCache] : [Enrolment] -> [5579090868191233]
14:17:51,492 DEBUG BaseGeneralDataRegion:59 - Caching[foo.org.hibernate.cache.spi.UpdateTimestampsCache] : [Address] -> [5579090868191234]
14:17:51,492 DEBUG SQL:104 - 
    delete 
    from
        Student_secretCodes 
    where
        studentNumber=?
14:17:51,492 DEBUG BaseGeneralDataRegion:59 - Caching[foo.org.hibernate.cache.spi.UpdateTimestampsCache] : [Student_secretCodes] -> [5579090868191235]
14:17:51,492 DEBUG BaseGeneralDataRegion:59 - Caching[foo.org.hibernate.cache.spi.UpdateTimestampsCache] : [CourseMeeting] -> [5579090868191236]
14:17:51,493 DEBUG SQL:104 - 
    delete 
    from
        Enrolment 
    where
        studentId=? 
        and courseCode=?
14:17:51,493 DEBUG BaseGeneralDataRegion:59 - Caching[foo.org.hibernate.cache.spi.UpdateTimestampsCache] : [Enrolment] -> [5579090868195328]
14:17:51,493 DEBUG SQL:104 - 
    delete 
    from
        Address 
    where
        id=?
14:17:51,493 DEBUG BaseGeneralDataRegion:59 - Caching[foo.org.hibernate.cache.spi.UpdateTimestampsCache] : [Address] -> [5579090868195329]
14:17:51,493 DEBUG SQL:104 - 
    delete 
    from
        Address 
    where
        id=?
14:17:51,493 DEBUG BaseGeneralDataRegion:59 - Caching[foo.org.hibernate.cache.spi.UpdateTimestampsCache] : [Address] -> [5579090868195330]
14:17:51,493 DEBUG SQL:104 - 
    delete 
    from
        Student 
    where
        studentId=?
14:17:51,515 DEBUG BaseGeneralDataRegion:59 - Caching[foo.org.hibernate.cache.spi.UpdateTimestampsCache] : [Student] -> [5579090868285440]
14:17:51,515 DEBUG SQL:104 - 
    delete 
    from
        Enrolment 
    where
        studentId=? 
        and courseCode=?
14:17:51,515 DEBUG BaseGeneralDataRegion:59 - Caching[foo.org.hibernate.cache.spi.UpdateTimestampsCache] : [Enrolment] -> [5579090868285441]
14:17:51,515 DEBUG SQL:104 - 
    delete 
    from
        Student 
    where
        studentId=?
14:17:51,516 DEBUG BaseGeneralDataRegion:59 - Caching[foo.org.hibernate.cache.spi.UpdateTimestampsCache] : [Student] -> [5579090868289536]
14:17:51,516 DEBUG SQL:104 - 
    delete 
    from
        CourseMeeting 
    where
        courseCode=? 
        and day=? 
        and period=? 
        and location=?
14:17:51,516 DEBUG BaseGeneralDataRegion:59 - Caching[foo.org.hibernate.cache.spi.UpdateTimestampsCache] : [CourseMeeting] -> [5579090868289537]
14:17:51,516 DEBUG SQL:104 - 
    delete 
    from
        CourseMeeting 
    where
        courseCode=? 
        and day=? 
        and period=? 
        and location=?
14:17:51,517 DEBUG BaseGeneralDataRegion:59 - Caching[foo.org.hibernate.cache.spi.UpdateTimestampsCache] : [CourseMeeting] -> [5579090868293632]
14:17:51,517 DEBUG SQL:104 - 
    delete 
    from
        Course 
    where
        courseCode=?
14:17:51,517 DEBUG BaseGeneralDataRegion:59 - Caching[foo.org.hibernate.cache.spi.UpdateTimestampsCache] : [Course] -> [5579090868293633]
14:17:51,517 DEBUG BaseGeneralDataRegion:59 - Caching[foo.org.hibernate.cache.spi.UpdateTimestampsCache] : [Student] -> [5579090622533634]
14:17:51,518 DEBUG BaseGeneralDataRegion:59 - Caching[foo.org.hibernate.cache.spi.UpdateTimestampsCache] : [Course] -> [5579090622533634]
14:17:51,518 DEBUG BaseGeneralDataRegion:59 - Caching[foo.org.hibernate.cache.spi.UpdateTimestampsCache] : [Enrolment] -> [5579090622533634]
14:17:51,518 DEBUG BaseGeneralDataRegion:59 - Caching[foo.org.hibernate.cache.spi.UpdateTimestampsCache] : [Student_secretCodes] -> [5579090622533634]
14:17:51,518 DEBUG BaseGeneralDataRegion:59 - Caching[foo.org.hibernate.cache.spi.UpdateTimestampsCache] : [Address] -> [5579090622533634]
14:17:51,518 DEBUG BaseGeneralDataRegion:59 - Caching[foo.org.hibernate.cache.spi.UpdateTimestampsCache] : [CourseMeeting] -> [5579090622533634]
14:17:51,518 DEBUG SQL:104 - 
    select
        coursemeet_.courseCode,
        coursemeet_.day,
        coursemeet_.period,
        coursemeet_.location 
    from
        CourseMeeting coursemeet_ 
    where
        coursemeet_.courseCode=? 
        and coursemeet_.day=? 
        and coursemeet_.period=? 
        and coursemeet_.location=?
14:17:51,519 DEBUG SQL:104 - 
    select
        coursemeet_.courseCode,
        coursemeet_.day,
        coursemeet_.period,
        coursemeet_.location 
    from
        CourseMeeting coursemeet_ 
    where
        coursemeet_.courseCode=? 
        and coursemeet_.day=? 
        and coursemeet_.period=? 
        and coursemeet_.location=?
14:17:51,541 DEBUG SQL:104 - 
    insert 
    into
        Course
        (description, courseCode) 
    values
        (?, ?)
14:17:51,542 DEBUG BaseGeneralDataRegion:59 - Caching[foo.org.hibernate.cache.spi.UpdateTimestampsCache] : [Course] -> [5579090868396032]
14:17:51,542 DEBUG SQL:104 - 
    insert 
    into
        CourseMeeting
        (courseCode, day, period, location) 
    values
        (?, ?, ?, ?)
14:17:51,542 DEBUG BaseGeneralDataRegion:59 - Caching[foo.org.hibernate.cache.spi.UpdateTimestampsCache] : [CourseMeeting] -> [5579090868396033]
14:17:51,542 DEBUG SQL:104 - 
    insert 
    into
        CourseMeeting
        (courseCode, day, period, location) 
    values
        (?, ?, ?, ?)
14:17:51,542 DEBUG BaseGeneralDataRegion:59 - Caching[foo.org.hibernate.cache.spi.UpdateTimestampsCache] : [CourseMeeting] -> [5579090868396034]
14:17:51,542 DEBUG SQL:104 - 
    insert 
    into
        Student
        (name_first, name_middle, name_last, preferredCourseCode, studentId) 
    values
        (?, ?, ?, ?, ?)
14:17:51,561 DEBUG BaseGeneralDataRegion:59 - Caching[foo.org.hibernate.cache.spi.UpdateTimestampsCache] : [Student] -> [5579090868473856]
14:17:51,562 DEBUG SQL:104 - 
    insert 
    into
        Address
        (addressType, street, city, stateProvince, postalCode, country, studentNumber, id) 
    values
        (?, ?, ?, ?, ?, ?, ?, ?)
14:17:51,562 DEBUG BaseGeneralDataRegion:59 - Caching[foo.org.hibernate.cache.spi.UpdateTimestampsCache] : [Address] -> [5579090868477952]
14:17:51,562 DEBUG SQL:104 - 
    insert 
    into
        Address
        (addressType, street, city, stateProvince, postalCode, country, studentNumber, id) 
    values
        (?, ?, ?, ?, ?, ?, ?, ?)
14:17:51,562 DEBUG BaseGeneralDataRegion:59 - Caching[foo.org.hibernate.cache.spi.UpdateTimestampsCache] : [Address] -> [5579090868477953]
14:17:51,563 DEBUG SQL:104 - 
    insert 
    into
        Student
        (name_first, name_middle, name_last, preferredCourseCode, studentId) 
    values
        (?, ?, ?, ?, ?)
14:17:51,563 DEBUG BaseGeneralDataRegion:59 - Caching[foo.org.hibernate.cache.spi.UpdateTimestampsCache] : [Student] -> [5579090868482048]
14:17:51,564 DEBUG SQL:104 - 
    insert 
    into
        Enrolment
        (semester, "year", studentId, courseCode) 
    values
        (?, ?, ?, ?)
14:17:51,565 DEBUG BaseGeneralDataRegion:59 - Caching[foo.org.hibernate.cache.spi.UpdateTimestampsCache] : [Enrolment] -> [5579090868490240]
14:17:51,565 DEBUG SQL:104 - 
    insert 
    into
        Enrolment
        (semester, "year", studentId, courseCode) 
    values
        (?, ?, ?, ?)
14:17:51,565 DEBUG BaseGeneralDataRegion:59 - Caching[foo.org.hibernate.cache.spi.UpdateTimestampsCache] : [Enrolment] -> [5579090868490241]
14:17:51,566 DEBUG BaseGeneralDataRegion:59 - Caching[foo.org.hibernate.cache.spi.UpdateTimestampsCache] : [CourseMeeting] -> [5579090868494336]
14:17:51,566 DEBUG BaseGeneralDataRegion:59 - Caching[foo.org.hibernate.cache.spi.UpdateTimestampsCache] : [Enrolment] -> [5579090868494337]
14:17:51,566 DEBUG SQL:104 - 
    update
        Address 
    set
        studentNumber=?,
        addressType=? 
    where
        id=?
14:17:51,566 DEBUG SQL:104 - 
    update
        Address 
    set
        studentNumber=?,
        addressType=? 
    where
        id=?
14:17:51,590 DEBUG BaseGeneralDataRegion:59 - Caching[foo.org.hibernate.cache.spi.UpdateTimestampsCache] : [Address] -> [5579090868592640]
14:17:51,590 DEBUG SQL:104 - 
    insert 
    into
        Student_secretCodes
        (studentNumber, i, secretCode) 
    values
        (?, ?, ?)
14:17:51,590 DEBUG BaseGeneralDataRegion:59 - Caching[foo.org.hibernate.cache.spi.UpdateTimestampsCache] : [Student_secretCodes] -> [5579090868592641]
14:17:51,590 DEBUG BaseGeneralDataRegion:59 - Caching[foo.org.hibernate.cache.spi.UpdateTimestampsCache] : [Enrolment] -> [5579090868592642]
14:17:51,590 DEBUG BaseGeneralDataRegion:59 - Caching[foo.org.hibernate.cache.spi.UpdateTimestampsCache] : [Address] -> [5579090868592643]
14:17:51,591 DEBUG SQL:104 - 
    insert 
    into
        Student_secretCodes
        (studentNumber, i, secretCode) 
    values
        (?, ?, ?)
14:17:51,591 DEBUG SQL:104 - 
    insert 
    into
        Student_secretCodes
        (studentNumber, i, secretCode) 
    values
        (?, ?, ?)
14:17:51,591 DEBUG BaseGeneralDataRegion:59 - Caching[foo.org.hibernate.cache.spi.UpdateTimestampsCache] : [Student_secretCodes] -> [5579090868596736]
14:17:51,594 DEBUG BaseGeneralDataRegion:59 - Caching[foo.org.hibernate.cache.spi.UpdateTimestampsCache] : [Student] -> [5579090622844928]
14:17:51,594 DEBUG BaseGeneralDataRegion:59 - Caching[foo.org.hibernate.cache.spi.UpdateTimestampsCache] : [Course] -> [5579090622844928]
14:17:51,594 DEBUG BaseGeneralDataRegion:59 - Caching[foo.org.hibernate.cache.spi.UpdateTimestampsCache] : [Enrolment] -> [5579090622844928]
14:17:51,594 DEBUG BaseGeneralDataRegion:59 - Caching[foo.org.hibernate.cache.spi.UpdateTimestampsCache] : [Student_secretCodes] -> [5579090622844928]
14:17:51,594 DEBUG BaseGeneralDataRegion:59 - Caching[foo.org.hibernate.cache.spi.UpdateTimestampsCache] : [Address] -> [5579090622844928]
14:17:51,594 DEBUG BaseGeneralDataRegion:59 - Caching[foo.org.hibernate.cache.spi.UpdateTimestampsCache] : [CourseMeeting] -> [5579090622844928]
14:17:51,595 DEBUG SQL:104 - 
    select
        this_.studentId as studentId4_1_,
        this_.name_first as name2_4_1_,
        this_.name_middle as name3_4_1_,
        this_.name_last as name4_4_1_,
        this_.preferredCourseCode as preferre5_4_1_,
        p1_.courseCode as courseCode1_0_,
        p1_.description as descript2_1_0_ 
    from
        Student this_ 
    left outer join
        Course p1_ 
            on this_.preferredCourseCode=p1_.courseCode 
    order by
        this_.studentId asc
14:17:51,595 DEBUG SQL:104 - 
    select
        secretcode0_.studentNumber as studentN1_4_0_,
        secretcode0_.secretCode as secretCode5_0_,
        secretcode0_.i as i0_ 
    from
        Student_secretCodes secretcode0_ 
    where
        secretcode0_.studentNumber=?
14:17:51,596 DEBUG SQL:104 - 
    select
        secretcode0_.studentNumber as studentN1_4_0_,
        secretcode0_.secretCode as secretCode5_0_,
        secretcode0_.i as i0_ 
    from
        Student_secretCodes secretcode0_ 
    where
        secretcode0_.studentNumber=?
14:17:51,596 DEBUG SQL:104 - 
    select
        coursemeet0_.courseCode as courseCode1_1_,
        coursemeet0_.courseCode as courseCode2_1_,
        coursemeet0_.day as day2_1_,
        coursemeet0_.period as period2_1_,
        coursemeet0_.location as location2_1_,
        coursemeet0_.courseCode as courseCode2_0_,
        coursemeet0_.day as day2_0_,
        coursemeet0_.period as period2_0_,
        coursemeet0_.location as location2_0_ 
    from
        CourseMeeting coursemeet0_ 
    where
        coursemeet0_.courseCode=?
14:17:51,597 DEBUG SQL:104 - 
    select
        this_.studentId as studentId4_1_,
        this_.name_first as name2_4_1_,
        this_.name_middle as name3_4_1_,
        this_.name_last as name4_4_1_,
        this_.preferredCourseCode as preferre5_4_1_,
        p1_.courseCode as courseCode1_0_,
        p1_.description as descript2_1_0_ 
    from
        Student this_ 
    left outer join
        Course p1_ 
            on this_.preferredCourseCode=p1_.courseCode 
    order by
        this_.studentId asc
14:17:51,614 DEBUG SQL:104 - 
    select
        secretcode0_.studentNumber as studentN1_4_0_,
        secretcode0_.secretCode as secretCode5_0_,
        secretcode0_.i as i0_ 
    from
        Student_secretCodes secretcode0_ 
    where
        secretcode0_.studentNumber=?
14:17:51,615 DEBUG SQL:104 - 
    select
        secretcode0_.studentNumber as studentN1_4_0_,
        secretcode0_.secretCode as secretCode5_0_,
        secretcode0_.i as i0_ 
    from
        Student_secretCodes secretcode0_ 
    where
        secretcode0_.studentNumber=?
14:17:51,615 DEBUG SQL:104 - 
    select
        coursemeet0_.courseCode as courseCode1_1_,
        coursemeet0_.courseCode as courseCode2_1_,
        coursemeet0_.day as day2_1_,
        coursemeet0_.period as period2_1_,
        coursemeet0_.location as location2_1_,
        coursemeet0_.courseCode as courseCode2_0_,
        coursemeet0_.day as day2_0_,
        coursemeet0_.period as period2_0_,
        coursemeet0_.location as location2_0_ 
    from
        CourseMeeting coursemeet0_ 
    where
        coursemeet0_.courseCode=?
14:17:51,629 DEBUG SQL:104 - 
    select
        student_.studentId,
        student_.name_first as name2_4_,
        student_.name_middle as name3_4_,
        student_.name_last as name4_4_,
        student_.preferredCourseCode as preferre5_4_ 
    from
        Student student_ 
    where
        student_.studentId=?
14:17:51,630 DEBUG SQL:104 - 
    select
        enrolment_.studentId,
        enrolment_.courseCode,
        enrolment_.semester as semester3_,
        enrolment_."year" as year4_3_ 
    from
        Enrolment enrolment_ 
    where
        enrolment_.studentId=? 
        and enrolment_.courseCode=?
14:17:51,637 DEBUG SQL:104 - 
    select
        course_.courseCode,
        course_.description as descript2_1_ 
    from
        Course course_ 
    where
        course_.courseCode=?
14:17:51,638 DEBUG SQL:104 - 
    select
        student_.studentId,
        student_.name_first as name2_4_,
        student_.name_middle as name3_4_,
        student_.name_last as name4_4_,
        student_.preferredCourseCode as preferre5_4_ 
    from
        Student student_ 
    where
        student_.studentId=?
14:17:51,654 DEBUG SQL:104 - 
    select
        enrolment_.studentId,
        enrolment_.courseCode,
        enrolment_.semester as semester3_,
        enrolment_."year" as year4_3_ 
    from
        Enrolment enrolment_ 
    where
        enrolment_.studentId=? 
        and enrolment_.courseCode=?
14:17:51,655 DEBUG SQL:104 - 
    select
        coursemeet_.courseCode,
        coursemeet_.day,
        coursemeet_.period,
        coursemeet_.location 
    from
        CourseMeeting coursemeet_ 
    where
        coursemeet_.courseCode=? 
        and coursemeet_.day=? 
        and coursemeet_.period=? 
        and coursemeet_.location=?
14:17:51,664 DEBUG SQL:104 - 
    select
        coursemeet_.courseCode,
        coursemeet_.day,
        coursemeet_.period,
        coursemeet_.location 
    from
        CourseMeeting coursemeet_ 
    where
        coursemeet_.courseCode=? 
        and coursemeet_.day=? 
        and coursemeet_.period=? 
        and coursemeet_.location=?
14:17:51,665 DEBUG BaseGeneralDataRegion:59 - Caching[foo.org.hibernate.cache.spi.UpdateTimestampsCache] : [Enrolment] -> [5579090868899840]
14:17:51,666 DEBUG SQL:104 - 
    update
        Address 
    set
        studentNumber=null,
        addressType=null 
    where
        studentNumber=?
14:17:51,666 DEBUG BaseGeneralDataRegion:59 - Caching[foo.org.hibernate.cache.spi.UpdateTimestampsCache] : [Address] -> [5579090868903936]
14:17:51,666 DEBUG SQL:104 - 
    delete 
    from
        Student_secretCodes 
    where
        studentNumber=?
14:17:51,676 DEBUG BaseGeneralDataRegion:59 - Caching[foo.org.hibernate.cache.spi.UpdateTimestampsCache] : [Student_secretCodes] -> [5579090868944896]
14:17:51,677 DEBUG BaseGeneralDataRegion:59 - Caching[foo.org.hibernate.cache.spi.UpdateTimestampsCache] : [Enrolment] -> [5579090868948992]
14:17:51,677 DEBUG BaseGeneralDataRegion:59 - Caching[foo.org.hibernate.cache.spi.UpdateTimestampsCache] : [Address] -> [5579090868948993]
14:17:51,677 DEBUG SQL:104 - 
    delete 
    from
        Student_secretCodes 
    where
        studentNumber=?
14:17:51,677 DEBUG BaseGeneralDataRegion:59 - Caching[foo.org.hibernate.cache.spi.UpdateTimestampsCache] : [Student_secretCodes] -> [5579090868948994]
14:17:51,677 DEBUG BaseGeneralDataRegion:59 - Caching[foo.org.hibernate.cache.spi.UpdateTimestampsCache] : [CourseMeeting] -> [5579090868948995]
14:17:51,677 DEBUG SQL:104 - 
    delete 
    from
        Enrolment 
    where
        studentId=? 
        and courseCode=?
14:17:51,678 DEBUG BaseGeneralDataRegion:59 - Caching[foo.org.hibernate.cache.spi.UpdateTimestampsCache] : [Enrolment] -> [5579090868953088]
14:17:51,678 DEBUG SQL:104 - 
    delete 
    from
        Address 
    where
        id=?
14:17:51,678 DEBUG BaseGeneralDataRegion:59 - Caching[foo.org.hibernate.cache.spi.UpdateTimestampsCache] : [Address] -> [5579090868953089]
14:17:51,678 DEBUG SQL:104 - 
    delete 
    from
        Address 
    where
        id=?
14:17:51,687 DEBUG BaseGeneralDataRegion:59 - Caching[foo.org.hibernate.cache.spi.UpdateTimestampsCache] : [Address] -> [5579090868989952]
14:17:51,687 DEBUG SQL:104 - 
    delete 
    from
        Student 
    where
        studentId=?
14:17:51,687 DEBUG BaseGeneralDataRegion:59 - Caching[foo.org.hibernate.cache.spi.UpdateTimestampsCache] : [Student] -> [5579090868989953]
14:17:51,688 DEBUG SQL:104 - 
    delete 
    from
        Enrolment 
    where
        studentId=? 
        and courseCode=?
14:17:51,688 DEBUG BaseGeneralDataRegion:59 - Caching[foo.org.hibernate.cache.spi.UpdateTimestampsCache] : [Enrolment] -> [5579090868994048]
14:17:51,688 DEBUG SQL:104 - 
    delete 
    from
        Student 
    where
        studentId=?
14:17:51,688 DEBUG BaseGeneralDataRegion:59 - Caching[foo.org.hibernate.cache.spi.UpdateTimestampsCache] : [Student] -> [5579090868994049]
14:17:51,688 DEBUG SQL:104 - 
    delete 
    from
        CourseMeeting 
    where
        courseCode=? 
        and day=? 
        and period=? 
        and location=?
14:17:51,698 DEBUG BaseGeneralDataRegion:59 - Caching[foo.org.hibernate.cache.spi.UpdateTimestampsCache] : [CourseMeeting] -> [5579090869035008]
14:17:51,698 DEBUG SQL:104 - 
    delete 
    from
        CourseMeeting 
    where
        courseCode=? 
        and day=? 
        and period=? 
        and location=?
14:17:51,698 DEBUG BaseGeneralDataRegion:59 - Caching[foo.org.hibernate.cache.spi.UpdateTimestampsCache] : [CourseMeeting] -> [5579090869035009]
14:17:51,698 DEBUG SQL:104 - 
    delete 
    from
        Course 
    where
        courseCode=?
14:17:51,699 DEBUG BaseGeneralDataRegion:59 - Caching[foo.org.hibernate.cache.spi.UpdateTimestampsCache] : [Course] -> [5579090869039104]
14:17:51,699 DEBUG BaseGeneralDataRegion:59 - Caching[foo.org.hibernate.cache.spi.UpdateTimestampsCache] : [Student] -> [5579090623279105]
14:17:51,699 DEBUG BaseGeneralDataRegion:59 - Caching[foo.org.hibernate.cache.spi.UpdateTimestampsCache] : [Course] -> [5579090623279105]
14:17:51,699 DEBUG BaseGeneralDataRegion:59 - Caching[foo.org.hibernate.cache.spi.UpdateTimestampsCache] : [Enrolment] -> [5579090623279105]
14:17:51,699 DEBUG BaseGeneralDataRegion:59 - Caching[foo.org.hibernate.cache.spi.UpdateTimestampsCache] : [Student_secretCodes] -> [5579090623279105]
14:17:51,699 DEBUG BaseGeneralDataRegion:59 - Caching[foo.org.hibernate.cache.spi.UpdateTimestampsCache] : [Address] -> [5579090623279105]
14:17:51,699 DEBUG BaseGeneralDataRegion:59 - Caching[foo.org.hibernate.cache.spi.UpdateTimestampsCache] : [CourseMeeting] -> [5579090623279105]
14:17:51,715 DEBUG SQL:104 - 
    select
        coursemeet_.courseCode,
        coursemeet_.day,
        coursemeet_.period,
        coursemeet_.location 
    from
        CourseMeeting coursemeet_ 
    where
        coursemeet_.courseCode=? 
        and coursemeet_.day=? 
        and coursemeet_.period=? 
        and coursemeet_.location=?
14:17:51,717 DEBUG SQL:104 - 
    select
        coursemeet_.courseCode,
        coursemeet_.day,
        coursemeet_.period,
        coursemeet_.location 
    from
        CourseMeeting coursemeet_ 
    where
        coursemeet_.courseCode=? 
        and coursemeet_.day=? 
        and coursemeet_.period=? 
        and coursemeet_.location=?
14:17:51,718 DEBUG SQL:104 - 
    insert 
    into
        Course
        (description, courseCode) 
    values
        (?, ?)
14:17:51,725 DEBUG BaseGeneralDataRegion:59 - Caching[foo.org.hibernate.cache.spi.UpdateTimestampsCache] : [Course] -> [5579090869145600]
14:17:51,725 DEBUG SQL:104 - 
    insert 
    into
        CourseMeeting
        (courseCode, day, period, location) 
    values
        (?, ?, ?, ?)
14:17:51,725 DEBUG BaseGeneralDataRegion:59 - Caching[foo.org.hibernate.cache.spi.UpdateTimestampsCache] : [CourseMeeting] -> [5579090869145601]
14:17:51,725 DEBUG SQL:104 - 
    insert 
    into
        CourseMeeting
        (courseCode, day, period, location) 
    values
        (?, ?, ?, ?)
14:17:51,726 DEBUG BaseGeneralDataRegion:59 - Caching[foo.org.hibernate.cache.spi.UpdateTimestampsCache] : [CourseMeeting] -> [5579090869149696]
14:17:51,726 DEBUG SQL:104 - 
    insert 
    into
        Student
        (name_first, name_middle, name_last, preferredCourseCode, studentId) 
    values
        (?, ?, ?, ?, ?)
14:17:51,726 DEBUG BaseGeneralDataRegion:59 - Caching[foo.org.hibernate.cache.spi.UpdateTimestampsCache] : [Student] -> [5579090869149697]
14:17:51,726 DEBUG SQL:104 - 
    insert 
    into
        Address
        (addressType, street, city, stateProvince, postalCode, country, studentNumber, id) 
    values
        (?, ?, ?, ?, ?, ?, ?, ?)
14:17:51,726 DEBUG BaseGeneralDataRegion:59 - Caching[foo.org.hibernate.cache.spi.UpdateTimestampsCache] : [Address] -> [5579090869149698]
14:17:51,726 DEBUG SQL:104 - 
    insert 
    into
        Address
        (addressType, street, city, stateProvince, postalCode, country, studentNumber, id) 
    values
        (?, ?, ?, ?, ?, ?, ?, ?)
14:17:51,727 DEBUG BaseGeneralDataRegion:59 - Caching[foo.org.hibernate.cache.spi.UpdateTimestampsCache] : [Address] -> [5579090869153792]
14:17:51,727 DEBUG SQL:104 - 
    insert 
    into
        Student
        (name_first, name_middle, name_last, preferredCourseCode, studentId) 
    values
        (?, ?, ?, ?, ?)
14:17:51,727 DEBUG BaseGeneralDataRegion:59 - Caching[foo.org.hibernate.cache.spi.UpdateTimestampsCache] : [Student] -> [5579090869153793]
14:17:51,727 DEBUG SQL:104 - 
    insert 
    into
        Enrolment
        (semester, "year", studentId, courseCode) 
    values
        (?, ?, ?, ?)
14:17:51,727 DEBUG BaseGeneralDataRegion:59 - Caching[foo.org.hibernate.cache.spi.UpdateTimestampsCache] : [Enrolment] -> [5579090869153794]
14:17:51,739 DEBUG SQL:104 - 
    insert 
    into
        Enrolment
        (semester, "year", studentId, courseCode) 
    values
        (?, ?, ?, ?)
14:17:51,739 DEBUG BaseGeneralDataRegion:59 - Caching[foo.org.hibernate.cache.spi.UpdateTimestampsCache] : [Enrolment] -> [5579090869202944]
14:17:51,739 DEBUG BaseGeneralDataRegion:59 - Caching[foo.org.hibernate.cache.spi.UpdateTimestampsCache] : [CourseMeeting] -> [5579090869202945]
14:17:51,740 DEBUG BaseGeneralDataRegion:59 - Caching[foo.org.hibernate.cache.spi.UpdateTimestampsCache] : [Enrolment] -> [5579090869207040]
14:17:51,740 DEBUG SQL:104 - 
    update
        Address 
    set
        studentNumber=?,
        addressType=? 
    where
        id=?
14:17:51,740 DEBUG SQL:104 - 
    update
        Address 
    set
        studentNumber=?,
        addressType=? 
    where
        id=?
14:17:51,740 DEBUG BaseGeneralDataRegion:59 - Caching[foo.org.hibernate.cache.spi.UpdateTimestampsCache] : [Address] -> [5579090869207041]
14:17:51,740 DEBUG SQL:104 - 
    insert 
    into
        Student_secretCodes
        (studentNumber, i, secretCode) 
    values
        (?, ?, ?)
14:17:51,749 DEBUG BaseGeneralDataRegion:59 - Caching[foo.org.hibernate.cache.spi.UpdateTimestampsCache] : [Student_secretCodes] -> [5579090869243904]
14:17:51,750 DEBUG BaseGeneralDataRegion:59 - Caching[foo.org.hibernate.cache.spi.UpdateTimestampsCache] : [Enrolment] -> [5579090869248000]
14:17:51,750 DEBUG BaseGeneralDataRegion:59 - Caching[foo.org.hibernate.cache.spi.UpdateTimestampsCache] : [Address] -> [5579090869248001]
14:17:51,750 DEBUG SQL:104 - 
    insert 
    into
        Student_secretCodes
        (studentNumber, i, secretCode) 
    values
        (?, ?, ?)
14:17:51,750 DEBUG SQL:104 - 
    insert 
    into
        Student_secretCodes
        (studentNumber, i, secretCode) 
    values
        (?, ?, ?)
14:17:51,750 DEBUG BaseGeneralDataRegion:59 - Caching[foo.org.hibernate.cache.spi.UpdateTimestampsCache] : [Student_secretCodes] -> [5579090869248002]
14:17:51,750 DEBUG BaseGeneralDataRegion:59 - Caching[foo.org.hibernate.cache.spi.UpdateTimestampsCache] : [Student] -> [5579090623488003]
14:17:51,751 DEBUG BaseGeneralDataRegion:59 - Caching[foo.org.hibernate.cache.spi.UpdateTimestampsCache] : [Course] -> [5579090623488003]
14:17:51,751 DEBUG BaseGeneralDataRegion:59 - Caching[foo.org.hibernate.cache.spi.UpdateTimestampsCache] : [Enrolment] -> [5579090623488003]
14:17:51,751 DEBUG BaseGeneralDataRegion:59 - Caching[foo.org.hibernate.cache.spi.UpdateTimestampsCache] : [Student_secretCodes] -> [5579090623488003]
14:17:51,751 DEBUG BaseGeneralDataRegion:59 - Caching[foo.org.hibernate.cache.spi.UpdateTimestampsCache] : [Address] -> [5579090623488003]
14:17:51,751 DEBUG BaseGeneralDataRegion:59 - Caching[foo.org.hibernate.cache.spi.UpdateTimestampsCache] : [CourseMeeting] -> [5579090623488003]
14:17:51,752 DEBUG SQL:104 - 
    select
        this_.studentId as studentId4_1_,
        this_.name_first as name2_4_1_,
        this_.name_middle as name3_4_1_,
        this_.name_last as name4_4_1_,
        this_.preferredCourseCode as preferre5_4_1_,
        p1_.courseCode as courseCode1_0_,
        p1_.description as descript2_1_0_ 
    from
        Student this_ 
    left outer join
        Course p1_ 
            on this_.preferredCourseCode=p1_.courseCode 
    order by
        this_.studentId asc
14:17:51,752 DEBUG SQL:104 - 
    select
        secretcode0_.studentNumber as studentN1_4_0_,
        secretcode0_.secretCode as secretCode5_0_,
        secretcode0_.i as i0_ 
    from
        Student_secretCodes secretcode0_ 
    where
        secretcode0_.studentNumber=?
14:17:51,773 DEBUG SQL:104 - 
    select
        secretcode0_.studentNumber as studentN1_4_0_,
        secretcode0_.secretCode as secretCode5_0_,
        secretcode0_.i as i0_ 
    from
        Student_secretCodes secretcode0_ 
    where
        secretcode0_.studentNumber=?
14:17:51,774 DEBUG SQL:104 - 
    select
        coursemeet0_.courseCode as courseCode1_1_,
        coursemeet0_.courseCode as courseCode2_1_,
        coursemeet0_.day as day2_1_,
        coursemeet0_.period as period2_1_,
        coursemeet0_.location as location2_1_,
        coursemeet0_.courseCode as courseCode2_0_,
        coursemeet0_.day as day2_0_,
        coursemeet0_.period as period2_0_,
        coursemeet0_.location as location2_0_ 
    from
        CourseMeeting coursemeet0_ 
    where
        coursemeet0_.courseCode=?
14:17:51,786 DEBUG SQL:104 - 
    select
        this_.studentId as studentId4_1_,
        this_.name_first as name2_4_1_,
        this_.name_middle as name3_4_1_,
        this_.name_last as name4_4_1_,
        this_.preferredCourseCode as preferre5_4_1_,
        p1_.courseCode as courseCode1_0_,
        p1_.description as descript2_1_0_ 
    from
        Student this_ 
    left outer join
        Course p1_ 
            on this_.preferredCourseCode=p1_.courseCode 
    order by
        this_.studentId asc
14:17:51,787 DEBUG SQL:104 - 
    select
        secretcode0_.studentNumber as studentN1_4_0_,
        secretcode0_.secretCode as secretCode5_0_,
        secretcode0_.i as i0_ 
    from
        Student_secretCodes secretcode0_ 
    where
        secretcode0_.studentNumber=?
14:17:51,787 DEBUG SQL:104 - 
    select
        secretcode0_.studentNumber as studentN1_4_0_,
        secretcode0_.secretCode as secretCode5_0_,
        secretcode0_.i as i0_ 
    from
        Student_secretCodes secretcode0_ 
    where
        secretcode0_.studentNumber=?
14:17:51,796 DEBUG SQL:104 - 
    select
        coursemeet0_.courseCode as courseCode1_1_,
        coursemeet0_.courseCode as courseCode2_1_,
        coursemeet0_.day as day2_1_,
        coursemeet0_.period as period2_1_,
        coursemeet0_.location as location2_1_,
        coursemeet0_.courseCode as courseCode2_0_,
        coursemeet0_.day as day2_0_,
        coursemeet0_.period as period2_0_,
        coursemeet0_.location as location2_0_ 
    from
        CourseMeeting coursemeet0_ 
    where
        coursemeet0_.courseCode=?
14:17:51,798 DEBUG SQL:104 - 
    select
        student_.studentId,
        student_.name_first as name2_4_,
        student_.name_middle as name3_4_,
        student_.name_last as name4_4_,
        student_.preferredCourseCode as preferre5_4_ 
    from
        Student student_ 
    where
        student_.studentId=?
14:17:51,809 DEBUG SQL:104 - 
    select
        enrolment_.studentId,
        enrolment_.courseCode,
        enrolment_.semester as semester3_,
        enrolment_."year" as year4_3_ 
    from
        Enrolment enrolment_ 
    where
        enrolment_.studentId=? 
        and enrolment_.courseCode=?
14:17:51,810 DEBUG SQL:104 - 
    select
        course_.courseCode,
        course_.description as descript2_1_ 
    from
        Course course_ 
    where
        course_.courseCode=?
14:17:51,810 DEBUG SQL:104 - 
    select
        student_.studentId,
        student_.name_first as name2_4_,
        student_.name_middle as name3_4_,
        student_.name_last as name4_4_,
        student_.preferredCourseCode as preferre5_4_ 
    from
        Student student_ 
    where
        student_.studentId=?
14:17:51,820 DEBUG SQL:104 - 
    select
        enrolment_.studentId,
        enrolment_.courseCode,
        enrolment_.semester as semester3_,
        enrolment_."year" as year4_3_ 
    from
        Enrolment enrolment_ 
    where
        enrolment_.studentId=? 
        and enrolment_.courseCode=?
14:17:51,821 DEBUG SQL:104 - 
    select
        coursemeet_.courseCode,
        coursemeet_.day,
        coursemeet_.period,
        coursemeet_.location 
    from
        CourseMeeting coursemeet_ 
    where
        coursemeet_.courseCode=? 
        and coursemeet_.day=? 
        and coursemeet_.period=? 
        and coursemeet_.location=?
14:17:51,821 DEBUG SQL:104 - 
    select
        coursemeet_.courseCode,
        coursemeet_.day,
        coursemeet_.period,
        coursemeet_.location 
    from
        CourseMeeting coursemeet_ 
    where
        coursemeet_.courseCode=? 
        and coursemeet_.day=? 
        and coursemeet_.period=? 
        and coursemeet_.location=?
14:17:51,831 DEBUG BaseGeneralDataRegion:59 - Caching[foo.org.hibernate.cache.spi.UpdateTimestampsCache] : [Enrolment] -> [5579090869579776]
14:17:51,831 DEBUG SQL:104 - 
    update
        Address 
    set
        studentNumber=null,
        addressType=null 
    where
        studentNumber=?
14:17:51,832 DEBUG BaseGeneralDataRegion:59 - Caching[foo.org.hibernate.cache.spi.UpdateTimestampsCache] : [Address] -> [5579090869583872]
14:17:51,832 DEBUG SQL:104 - 
    delete 
    from
        Student_secretCodes 
    where
        studentNumber=?
14:17:51,832 DEBUG BaseGeneralDataRegion:59 - Caching[foo.org.hibernate.cache.spi.UpdateTimestampsCache] : [Student_secretCodes] -> [5579090869583873]
14:17:51,832 DEBUG BaseGeneralDataRegion:59 - Caching[foo.org.hibernate.cache.spi.UpdateTimestampsCache] : [Enrolment] -> [5579090869583874]
14:17:51,832 DEBUG BaseGeneralDataRegion:59 - Caching[foo.org.hibernate.cache.spi.UpdateTimestampsCache] : [Address] -> [5579090869583875]
14:17:51,832 DEBUG SQL:104 - 
    delete 
    from
        Student_secretCodes 
    where
        studentNumber=?
14:17:51,841 DEBUG BaseGeneralDataRegion:59 - Caching[foo.org.hibernate.cache.spi.UpdateTimestampsCache] : [Student_secretCodes] -> [5579090869620736]
14:17:51,841 DEBUG BaseGeneralDataRegion:59 - Caching[foo.org.hibernate.cache.spi.UpdateTimestampsCache] : [CourseMeeting] -> [5579090869620737]
14:17:51,841 DEBUG SQL:104 - 
    delete 
    from
        Enrolment 
    where
        studentId=? 
        and courseCode=?
14:17:51,841 DEBUG BaseGeneralDataRegion:59 - Caching[foo.org.hibernate.cache.spi.UpdateTimestampsCache] : [Enrolment] -> [5579090869620738]
14:17:51,841 DEBUG SQL:104 - 
    delete 
    from
        Address 
    where
        id=?
14:17:51,842 DEBUG BaseGeneralDataRegion:59 - Caching[foo.org.hibernate.cache.spi.UpdateTimestampsCache] : [Address] -> [5579090869624832]
14:17:51,842 DEBUG SQL:104 - 
    delete 
    from
        Address 
    where
        id=?
14:17:51,842 DEBUG BaseGeneralDataRegion:59 - Caching[foo.org.hibernate.cache.spi.UpdateTimestampsCache] : [Address] -> [5579090869624833]
14:17:51,842 DEBUG SQL:104 - 
    delete 
    from
        Student 
    where
        studentId=?
14:17:51,852 DEBUG BaseGeneralDataRegion:59 - Caching[foo.org.hibernate.cache.spi.UpdateTimestampsCache] : [Student] -> [5579090869665792]
14:17:51,852 DEBUG SQL:104 - 
    delete 
    from
        Enrolment 
    where
        studentId=? 
        and courseCode=?
14:17:51,852 DEBUG BaseGeneralDataRegion:59 - Caching[foo.org.hibernate.cache.spi.UpdateTimestampsCache] : [Enrolment] -> [5579090869665793]
14:17:51,852 DEBUG SQL:104 - 
    delete 
    from
        Student 
    where
        studentId=?
14:17:51,853 DEBUG BaseGeneralDataRegion:59 - Caching[foo.org.hibernate.cache.spi.UpdateTimestampsCache] : [Student] -> [5579090869669888]
14:17:51,853 DEBUG SQL:104 - 
    delete 
    from
        CourseMeeting 
    where
        courseCode=? 
        and day=? 
        and period=? 
        and location=?
14:17:51,853 DEBUG BaseGeneralDataRegion:59 - Caching[foo.org.hibernate.cache.spi.UpdateTimestampsCache] : [CourseMeeting] -> [5579090869669889]
14:17:51,853 DEBUG SQL:104 - 
    delete 
    from
        CourseMeeting 
    where
        courseCode=? 
        and day=? 
        and period=? 
        and location=?
14:17:51,853 DEBUG BaseGeneralDataRegion:59 - Caching[foo.org.hibernate.cache.spi.UpdateTimestampsCache] : [CourseMeeting] -> [5579090869669890]
14:17:51,854 DEBUG SQL:104 - 
    delete 
    from
        Course 
    where
        courseCode=?
14:17:51,854 DEBUG BaseGeneralDataRegion:59 - Caching[foo.org.hibernate.cache.spi.UpdateTimestampsCache] : [Course] -> [5579090869673984]
14:17:51,854 DEBUG BaseGeneralDataRegion:59 - Caching[foo.org.hibernate.cache.spi.UpdateTimestampsCache] : [Student] -> [5579090623913985]
14:17:51,854 DEBUG BaseGeneralDataRegion:59 - Caching[foo.org.hibernate.cache.spi.UpdateTimestampsCache] : [Course] -> [5579090623913985]
14:17:51,854 DEBUG BaseGeneralDataRegion:59 - Caching[foo.org.hibernate.cache.spi.UpdateTimestampsCache] : [Enrolment] -> [5579090623913985]
14:17:51,854 DEBUG BaseGeneralDataRegion:59 - Caching[foo.org.hibernate.cache.spi.UpdateTimestampsCache] : [Student_secretCodes] -> [5579090623913985]
14:17:51,854 DEBUG BaseGeneralDataRegion:59 - Caching[foo.org.hibernate.cache.spi.UpdateTimestampsCache] : [Address] -> [5579090623913985]
14:17:51,854 DEBUG BaseGeneralDataRegion:59 - Caching[foo.org.hibernate.cache.spi.UpdateTimestampsCache] : [CourseMeeting] -> [5579090623913985]
14:17:51,855  INFO CustomRunner:139 - Test: testEntityWithJoinedLazyManyToOneListHql
14:17:51,857 DEBUG SQL:104 - 
    select
        coursemeet_.courseCode,
        coursemeet_.day,
        coursemeet_.period,
        coursemeet_.location 
    from
        CourseMeeting coursemeet_ 
    where
        coursemeet_.courseCode=? 
        and coursemeet_.day=? 
        and coursemeet_.period=? 
        and coursemeet_.location=?
14:17:51,865 DEBUG SQL:104 - 
    select
        coursemeet_.courseCode,
        coursemeet_.day,
        coursemeet_.period,
        coursemeet_.location 
    from
        CourseMeeting coursemeet_ 
    where
        coursemeet_.courseCode=? 
        and coursemeet_.day=? 
        and coursemeet_.period=? 
        and coursemeet_.location=?
14:17:51,866 DEBUG SQL:104 - 
    insert 
    into
        Course
        (description, courseCode) 
    values
        (?, ?)
14:17:51,866 DEBUG BaseGeneralDataRegion:59 - Caching[foo.org.hibernate.cache.spi.UpdateTimestampsCache] : [Course] -> [5579090869723136]
14:17:51,874 DEBUG SQL:104 - 
    insert 
    into
        CourseMeeting
        (courseCode, day, period, location) 
    values
        (?, ?, ?, ?)
14:17:51,875 DEBUG BaseGeneralDataRegion:59 - Caching[foo.org.hibernate.cache.spi.UpdateTimestampsCache] : [CourseMeeting] -> [5579090869760000]
14:17:51,875 DEBUG SQL:104 - 
    insert 
    into
        CourseMeeting
        (courseCode, day, period, location) 
    values
        (?, ?, ?, ?)
14:17:51,875 DEBUG BaseGeneralDataRegion:59 - Caching[foo.org.hibernate.cache.spi.UpdateTimestampsCache] : [CourseMeeting] -> [5579090869760001]
14:17:51,876 DEBUG SQL:104 - 
    insert 
    into
        Student
        (name_first, name_middle, name_last, preferredCourseCode, studentId) 
    values
        (?, ?, ?, ?, ?)
14:17:51,876 DEBUG BaseGeneralDataRegion:59 - Caching[foo.org.hibernate.cache.spi.UpdateTimestampsCache] : [Student] -> [5579090869764096]
14:17:51,876 DEBUG SQL:104 - 
    insert 
    into
        Address
        (addressType, street, city, stateProvince, postalCode, country, studentNumber, id) 
    values
        (?, ?, ?, ?, ?, ?, ?, ?)
14:17:51,876 DEBUG BaseGeneralDataRegion:59 - Caching[foo.org.hibernate.cache.spi.UpdateTimestampsCache] : [Address] -> [5579090869764097]
14:17:51,876 DEBUG SQL:104 - 
    insert 
    into
        Address
        (addressType, street, city, stateProvince, postalCode, country, studentNumber, id) 
    values
        (?, ?, ?, ?, ?, ?, ?, ?)
14:17:51,876 DEBUG BaseGeneralDataRegion:59 - Caching[foo.org.hibernate.cache.spi.UpdateTimestampsCache] : [Address] -> [5579090869764098]
14:17:51,876 DEBUG SQL:104 - 
    insert 
    into
        Student
        (name_first, name_middle, name_last, preferredCourseCode, studentId) 
    values
        (?, ?, ?, ?, ?)
14:17:51,899 DEBUG BaseGeneralDataRegion:59 - Caching[foo.org.hibernate.cache.spi.UpdateTimestampsCache] : [Student] -> [5579090869858304]
14:17:51,900 DEBUG SQL:104 - 
    insert 
    into
        Enrolment
        (semester, "year", studentId, courseCode) 
    values
        (?, ?, ?, ?)
14:17:51,900 DEBUG BaseGeneralDataRegion:59 - Caching[foo.org.hibernate.cache.spi.UpdateTimestampsCache] : [Enrolment] -> [5579090869862400]
14:17:51,900 DEBUG SQL:104 - 
    insert 
    into
        Enrolment
        (semester, "year", studentId, courseCode) 
    values
        (?, ?, ?, ?)
14:17:51,900 DEBUG BaseGeneralDataRegion:59 - Caching[foo.org.hibernate.cache.spi.UpdateTimestampsCache] : [Enrolment] -> [5579090869862401]
14:17:51,901 DEBUG BaseGeneralDataRegion:59 - Caching[foo.org.hibernate.cache.spi.UpdateTimestampsCache] : [CourseMeeting] -> [5579090869866496]
14:17:51,901 DEBUG BaseGeneralDataRegion:59 - Caching[foo.org.hibernate.cache.spi.UpdateTimestampsCache] : [Enrolment] -> [5579090869866497]
14:17:51,901 DEBUG SQL:104 - 
    update
        Address 
    set
        studentNumber=?,
        addressType=? 
    where
        id=?
14:17:51,901 DEBUG SQL:104 - 
    update
        Address 
    set
        studentNumber=?,
        addressType=? 
    where
        id=?
14:17:51,910 DEBUG BaseGeneralDataRegion:59 - Caching[foo.org.hibernate.cache.spi.UpdateTimestampsCache] : [Address] -> [5579090869903360]
14:17:51,911 DEBUG SQL:104 - 
    insert 
    into
        Student_secretCodes
        (studentNumber, i, secretCode) 
    values
        (?, ?, ?)
14:17:51,911 DEBUG BaseGeneralDataRegion:59 - Caching[foo.org.hibernate.cache.spi.UpdateTimestampsCache] : [Student_secretCodes] -> [5579090869907456]
14:17:51,911 DEBUG BaseGeneralDataRegion:59 - Caching[foo.org.hibernate.cache.spi.UpdateTimestampsCache] : [Enrolment] -> [5579090869907457]
14:17:51,911 DEBUG BaseGeneralDataRegion:59 - Caching[foo.org.hibernate.cache.spi.UpdateTimestampsCache] : [Address] -> [5579090869907458]
14:17:51,911 DEBUG SQL:104 - 
    insert 
    into
        Student_secretCodes
        (studentNumber, i, secretCode) 
    values
        (?, ?, ?)
14:17:51,911 DEBUG SQL:104 - 
    insert 
    into
        Student_secretCodes
        (studentNumber, i, secretCode) 
    values
        (?, ?, ?)
14:17:51,921 DEBUG BaseGeneralDataRegion:59 - Caching[foo.org.hibernate.cache.spi.UpdateTimestampsCache] : [Student_secretCodes] -> [5579090869948416]
14:17:51,921 DEBUG BaseGeneralDataRegion:59 - Caching[foo.org.hibernate.cache.spi.UpdateTimestampsCache] : [Student] -> [5579090624188417]
14:17:51,921 DEBUG BaseGeneralDataRegion:59 - Caching[foo.org.hibernate.cache.spi.UpdateTimestampsCache] : [Course] -> [5579090624188417]
14:17:51,921 DEBUG BaseGeneralDataRegion:59 - Caching[foo.org.hibernate.cache.spi.UpdateTimestampsCache] : [Enrolment] -> [5579090624188417]
14:17:51,921 DEBUG BaseGeneralDataRegion:59 - Caching[foo.org.hibernate.cache.spi.UpdateTimestampsCache] : [Student_secretCodes] -> [5579090624188417]
14:17:51,921 DEBUG BaseGeneralDataRegion:59 - Caching[foo.org.hibernate.cache.spi.UpdateTimestampsCache] : [Address] -> [5579090624188417]
14:17:51,922 DEBUG BaseGeneralDataRegion:59 - Caching[foo.org.hibernate.cache.spi.UpdateTimestampsCache] : [CourseMeeting] -> [5579090624188417]
14:17:51,922 DEBUG SQL:104 - 
    select
        student_.studentId,
        student_.name_first as name2_4_,
        student_.name_middle as name3_4_,
        student_.name_last as name4_4_,
        student_.preferredCourseCode as preferre5_4_ 
    from
        Student student_ 
    where
        student_.studentId=?
14:17:51,922 DEBUG SQL:104 - 
    select
        enrolment_.studentId,
        enrolment_.courseCode,
        enrolment_.semester as semester3_,
        enrolment_."year" as year4_3_ 
    from
        Enrolment enrolment_ 
    where
        enrolment_.studentId=? 
        and enrolment_.courseCode=?
14:17:51,931 DEBUG SQL:104 - 
    select
        course_.courseCode,
        course_.description as descript2_1_ 
    from
        Course course_ 
    where
        course_.courseCode=?
14:17:51,931 DEBUG SQL:104 - 
    select
        student_.studentId,
        student_.name_first as name2_4_,
        student_.name_middle as name3_4_,
        student_.name_last as name4_4_,
        student_.preferredCourseCode as preferre5_4_ 
    from
        Student student_ 
    where
        student_.studentId=?
14:17:51,931 DEBUG SQL:104 - 
    select
        enrolment_.studentId,
        enrolment_.courseCode,
        enrolment_.semester as semester3_,
        enrolment_."year" as year4_3_ 
    from
        Enrolment enrolment_ 
    where
        enrolment_.studentId=? 
        and enrolment_.courseCode=?
14:17:51,941 DEBUG SQL:104 - 
    select
        coursemeet_.courseCode,
        coursemeet_.day,
        coursemeet_.period,
        coursemeet_.location 
    from
        CourseMeeting coursemeet_ 
    where
        coursemeet_.courseCode=? 
        and coursemeet_.day=? 
        and coursemeet_.period=? 
        and coursemeet_.location=?
14:17:51,941 DEBUG SQL:104 - 
    select
        coursemeet_.courseCode,
        coursemeet_.day,
        coursemeet_.period,
        coursemeet_.location 
    from
        CourseMeeting coursemeet_ 
    where
        coursemeet_.courseCode=? 
        and coursemeet_.day=? 
        and coursemeet_.period=? 
        and coursemeet_.location=?
14:17:51,942 DEBUG BaseGeneralDataRegion:59 - Caching[foo.org.hibernate.cache.spi.UpdateTimestampsCache] : [Enrolment] -> [5579090870034432]
14:17:51,942 DEBUG SQL:104 - 
    update
        Address 
    set
        studentNumber=null,
        addressType=null 
    where
        studentNumber=?
14:17:51,950 DEBUG BaseGeneralDataRegion:59 - Caching[foo.org.hibernate.cache.spi.UpdateTimestampsCache] : [Address] -> [5579090870067200]
14:17:51,951 DEBUG SQL:104 - 
    delete 
    from
        Student_secretCodes 
    where
        studentNumber=?
14:17:51,951 DEBUG BaseGeneralDataRegion:59 - Caching[foo.org.hibernate.cache.spi.UpdateTimestampsCache] : [Student_secretCodes] -> [5579090870071296]
14:17:51,951 DEBUG BaseGeneralDataRegion:59 - Caching[foo.org.hibernate.cache.spi.UpdateTimestampsCache] : [Enrolment] -> [5579090870071297]
14:17:51,951 DEBUG BaseGeneralDataRegion:59 - Caching[foo.org.hibernate.cache.spi.UpdateTimestampsCache] : [Address] -> [5579090870071298]
14:17:51,951 DEBUG SQL:104 - 
    delete 
    from
        Student_secretCodes 
    where
        studentNumber=?
14:17:51,951 DEBUG BaseGeneralDataRegion:59 - Caching[foo.org.hibernate.cache.spi.UpdateTimestampsCache] : [Student_secretCodes] -> [5579090870071299]
14:17:51,951 DEBUG BaseGeneralDataRegion:59 - Caching[foo.org.hibernate.cache.spi.UpdateTimestampsCache] : [CourseMeeting] -> [5579090870071300]
14:17:51,952 DEBUG SQL:104 - 
    delete 
    from
        Enrolment 
    where
        studentId=? 
        and courseCode=?
14:17:51,961 DEBUG BaseGeneralDataRegion:59 - Caching[foo.org.hibernate.cache.spi.UpdateTimestampsCache] : [Enrolment] -> [5579090870112256]
14:17:51,961 DEBUG SQL:104 - 
    delete 
    from
        Address 
    where
        id=?
14:17:51,961 DEBUG BaseGeneralDataRegion:59 - Caching[foo.org.hibernate.cache.spi.UpdateTimestampsCache] : [Address] -> [5579090870112257]
14:17:51,961 DEBUG SQL:104 - 
    delete 
    from
        Address 
    where
        id=?
14:17:51,962 DEBUG BaseGeneralDataRegion:59 - Caching[foo.org.hibernate.cache.spi.UpdateTimestampsCache] : [Address] -> [5579090870116352]
14:17:51,962 DEBUG SQL:104 - 
    delete 
    from
        Student 
    where
        studentId=?
14:17:51,962 DEBUG BaseGeneralDataRegion:59 - Caching[foo.org.hibernate.cache.spi.UpdateTimestampsCache] : [Student] -> [5579090870116353]
14:17:51,962 DEBUG SQL:104 - 
    delete 
    from
        Enrolment 
    where
        studentId=? 
        and courseCode=?
14:17:51,962 DEBUG BaseGeneralDataRegion:59 - Caching[foo.org.hibernate.cache.spi.UpdateTimestampsCache] : [Enrolment] -> [5579090870116354]
14:17:51,971 DEBUG SQL:104 - 
    delete 
    from
        Student 
    where
        studentId=?
14:17:51,971 DEBUG BaseGeneralDataRegion:59 - Caching[foo.org.hibernate.cache.spi.UpdateTimestampsCache] : [Student] -> [5579090870153216]
14:17:51,972 DEBUG SQL:104 - 
    delete 
    from
        CourseMeeting 
    where
        courseCode=? 
        and day=? 
        and period=? 
        and location=?
14:17:51,972 DEBUG BaseGeneralDataRegion:59 - Caching[foo.org.hibernate.cache.spi.UpdateTimestampsCache] : [CourseMeeting] -> [5579090870157312]
14:17:51,972 DEBUG SQL:104 - 
    delete 
    from
        CourseMeeting 
    where
        courseCode=? 
        and day=? 
        and period=? 
        and location=?
14:17:51,972 DEBUG BaseGeneralDataRegion:59 - Caching[foo.org.hibernate.cache.spi.UpdateTimestampsCache] : [CourseMeeting] -> [5579090870157313]
14:17:51,972 DEBUG SQL:104 - 
    delete 
    from
        Course 
    where
        courseCode=?
14:17:51,981 DEBUG BaseGeneralDataRegion:59 - Caching[foo.org.hibernate.cache.spi.UpdateTimestampsCache] : [Course] -> [5579090870194176]
14:17:51,981 DEBUG BaseGeneralDataRegion:59 - Caching[foo.org.hibernate.cache.spi.UpdateTimestampsCache] : [Student] -> [5579090624434177]
14:17:51,982 DEBUG BaseGeneralDataRegion:59 - Caching[foo.org.hibernate.cache.spi.UpdateTimestampsCache] : [Course] -> [5579090624434177]
14:17:51,982 DEBUG BaseGeneralDataRegion:59 - Caching[foo.org.hibernate.cache.spi.UpdateTimestampsCache] : [Enrolment] -> [5579090624434177]
14:17:51,982 DEBUG BaseGeneralDataRegion:59 - Caching[foo.org.hibernate.cache.spi.UpdateTimestampsCache] : [Student_secretCodes] -> [5579090624434177]
14:17:51,982 DEBUG BaseGeneralDataRegion:59 - Caching[foo.org.hibernate.cache.spi.UpdateTimestampsCache] : [Address] -> [5579090624434177]
14:17:51,982 DEBUG BaseGeneralDataRegion:59 - Caching[foo.org.hibernate.cache.spi.UpdateTimestampsCache] : [CourseMeeting] -> [5579090624434177]
14:17:51,982 DEBUG SQL:104 - 
    select
        coursemeet_.courseCode,
        coursemeet_.day,
        coursemeet_.period,
        coursemeet_.location 
    from
        CourseMeeting coursemeet_ 
    where
        coursemeet_.courseCode=? 
        and coursemeet_.day=? 
        and coursemeet_.period=? 
        and coursemeet_.location=?
14:17:51,983 DEBUG SQL:104 - 
    select
        coursemeet_.courseCode,
        coursemeet_.day,
        coursemeet_.period,
        coursemeet_.location 
    from
        CourseMeeting coursemeet_ 
    where
        coursemeet_.courseCode=? 
        and coursemeet_.day=? 
        and coursemeet_.period=? 
        and coursemeet_.location=?
14:17:51,984 DEBUG SQL:104 - 
    insert 
    into
        Course
        (description, courseCode) 
    values
        (?, ?)
14:17:51,984 DEBUG BaseGeneralDataRegion:59 - Caching[foo.org.hibernate.cache.spi.UpdateTimestampsCache] : [Course] -> [5579090870206464]
14:17:51,984 DEBUG SQL:104 - 
    insert 
    into
        CourseMeeting
        (courseCode, day, period, location) 
    values
        (?, ?, ?, ?)
14:17:51,984 DEBUG BaseGeneralDataRegion:59 - Caching[foo.org.hibernate.cache.spi.UpdateTimestampsCache] : [CourseMeeting] -> [5579090870206465]
14:17:51,985 DEBUG SQL:104 - 
    insert 
    into
        CourseMeeting
        (courseCode, day, period, location) 
    values
        (?, ?, ?, ?)
14:17:51,995 DEBUG BaseGeneralDataRegion:59 - Caching[foo.org.hibernate.cache.spi.UpdateTimestampsCache] : [CourseMeeting] -> [5579090870251520]
14:17:51,995 DEBUG SQL:104 - 
    insert 
    into
        Student
        (name_first, name_middle, name_last, preferredCourseCode, studentId) 
    values
        (?, ?, ?, ?, ?)
14:17:51,995 DEBUG BaseGeneralDataRegion:59 - Caching[foo.org.hibernate.cache.spi.UpdateTimestampsCache] : [Student] -> [5579090870251521]
14:17:51,995 DEBUG SQL:104 - 
    insert 
    into
        Address
        (addressType, street, city, stateProvince, postalCode, country, studentNumber, id) 
    values
        (?, ?, ?, ?, ?, ?, ?, ?)
14:17:51,996 DEBUG BaseGeneralDataRegion:59 - Caching[foo.org.hibernate.cache.spi.UpdateTimestampsCache] : [Address] -> [5579090870255616]
14:17:51,996 DEBUG SQL:104 - 
    insert 
    into
        Address
        (addressType, street, city, stateProvince, postalCode, country, studentNumber, id) 
    values
        (?, ?, ?, ?, ?, ?, ?, ?)
14:17:51,996 DEBUG BaseGeneralDataRegion:59 - Caching[foo.org.hibernate.cache.spi.UpdateTimestampsCache] : [Address] -> [5579090870255617]
14:17:51,996 DEBUG SQL:104 - 
    insert 
    into
        Student
        (name_first, name_middle, name_last, preferredCourseCode, studentId) 
    values
        (?, ?, ?, ?, ?)
14:17:52,004 DEBUG BaseGeneralDataRegion:59 - Caching[foo.org.hibernate.cache.spi.UpdateTimestampsCache] : [Student] -> [5579090870288384]
14:17:52,004 DEBUG SQL:104 - 
    insert 
    into
        Enrolment
        (semester, "year", studentId, courseCode) 
    values
        (?, ?, ?, ?)
14:17:52,004 DEBUG BaseGeneralDataRegion:59 - Caching[foo.org.hibernate.cache.spi.UpdateTimestampsCache] : [Enrolment] -> [5579090870288385]
14:17:52,005 DEBUG SQL:104 - 
    insert 
    into
        Enrolment
        (semester, "year", studentId, courseCode) 
    values
        (?, ?, ?, ?)
14:17:52,005 DEBUG BaseGeneralDataRegion:59 - Caching[foo.org.hibernate.cache.spi.UpdateTimestampsCache] : [Enrolment] -> [5579090870292480]
14:17:52,005 DEBUG BaseGeneralDataRegion:59 - Caching[foo.org.hibernate.cache.spi.UpdateTimestampsCache] : [CourseMeeting] -> [5579090870292481]
14:17:52,005 DEBUG BaseGeneralDataRegion:59 - Caching[foo.org.hibernate.cache.spi.UpdateTimestampsCache] : [Enrolment] -> [5579090870292482]
14:17:52,005 DEBUG SQL:104 - 
    update
        Address 
    set
        studentNumber=?,
        addressType=? 
    where
        id=?
14:17:52,005 DEBUG SQL:104 - 
    update
        Address 
    set
        studentNumber=?,
        addressType=? 
    where
        id=?
14:17:52,006 DEBUG BaseGeneralDataRegion:59 - Caching[foo.org.hibernate.cache.spi.UpdateTimestampsCache] : [Address] -> [5579090870292483]
14:17:52,006 DEBUG SQL:104 - 
    insert 
    into
        Student_secretCodes
        (studentNumber, i, secretCode) 
    values
        (?, ?, ?)
14:17:52,006 DEBUG BaseGeneralDataRegion:59 - Caching[foo.org.hibernate.cache.spi.UpdateTimestampsCache] : [Student_secretCodes] -> [5579090870296576]
14:17:52,027 DEBUG BaseGeneralDataRegion:59 - Caching[foo.org.hibernate.cache.spi.UpdateTimestampsCache] : [Enrolment] -> [5579090870382592]
14:17:52,028 DEBUG BaseGeneralDataRegion:59 - Caching[foo.org.hibernate.cache.spi.UpdateTimestampsCache] : [Address] -> [5579090870382593]
14:17:52,028 DEBUG SQL:104 - 
    insert 
    into
        Student_secretCodes
        (studentNumber, i, secretCode) 
    values
        (?, ?, ?)
14:17:52,028 DEBUG SQL:104 - 
    insert 
    into
        Student_secretCodes
        (studentNumber, i, secretCode) 
    values
        (?, ?, ?)
14:17:52,028 DEBUG BaseGeneralDataRegion:59 - Caching[foo.org.hibernate.cache.spi.UpdateTimestampsCache] : [Student_secretCodes] -> [5579090870386688]
14:17:52,028 DEBUG BaseGeneralDataRegion:59 - Caching[foo.org.hibernate.cache.spi.UpdateTimestampsCache] : [Student] -> [5579090624626689]
14:17:52,028 DEBUG BaseGeneralDataRegion:59 - Caching[foo.org.hibernate.cache.spi.UpdateTimestampsCache] : [Course] -> [5579090624626689]
14:17:52,029 DEBUG BaseGeneralDataRegion:59 - Caching[foo.org.hibernate.cache.spi.UpdateTimestampsCache] : [Enrolment] -> [5579090624626689]
14:17:52,029 DEBUG BaseGeneralDataRegion:59 - Caching[foo.org.hibernate.cache.spi.UpdateTimestampsCache] : [Student_secretCodes] -> [5579090624626689]
14:17:52,029 DEBUG BaseGeneralDataRegion:59 - Caching[foo.org.hibernate.cache.spi.UpdateTimestampsCache] : [Address] -> [5579090624626689]
14:17:52,029 DEBUG BaseGeneralDataRegion:59 - Caching[foo.org.hibernate.cache.spi.UpdateTimestampsCache] : [CourseMeeting] -> [5579090624626689]
14:17:52,029 DEBUG SQL:104 - 
    select
        student_.studentId,
        student_.name_first as name2_4_,
        student_.name_middle as name3_4_,
        student_.name_last as name4_4_,
        student_.preferredCourseCode as preferre5_4_ 
    from
        Student student_ 
    where
        student_.studentId=?
14:17:52,038 DEBUG SQL:104 - 
    select
        enrolment_.studentId,
        enrolment_.courseCode,
        enrolment_.semester as semester3_,
        enrolment_."year" as year4_3_ 
    from
        Enrolment enrolment_ 
    where
        enrolment_.studentId=? 
        and enrolment_.courseCode=?
14:17:52,038 DEBUG SQL:104 - 
    select
        course_.courseCode,
        course_.description as descript2_1_ 
    from
        Course course_ 
    where
        course_.courseCode=?
14:17:52,039 DEBUG SQL:104 - 
    select
        student_.studentId,
        student_.name_first as name2_4_,
        student_.name_middle as name3_4_,
        student_.name_last as name4_4_,
        student_.preferredCourseCode as preferre5_4_ 
    from
        Student student_ 
    where
        student_.studentId=?
14:17:52,039 DEBUG SQL:104 - 
    select
        enrolment_.studentId,
        enrolment_.courseCode,
        enrolment_.semester as semester3_,
        enrolment_."year" as year4_3_ 
    from
        Enrolment enrolment_ 
    where
        enrolment_.studentId=? 
        and enrolment_.courseCode=?
14:17:52,039 DEBUG SQL:104 - 
    select
        coursemeet_.courseCode,
        coursemeet_.day,
        coursemeet_.period,
        coursemeet_.location 
    from
        CourseMeeting coursemeet_ 
    where
        coursemeet_.courseCode=? 
        and coursemeet_.day=? 
        and coursemeet_.period=? 
        and coursemeet_.location=?
14:17:52,039 DEBUG SQL:104 - 
    select
        coursemeet_.courseCode,
        coursemeet_.day,
        coursemeet_.period,
        coursemeet_.location 
    from
        CourseMeeting coursemeet_ 
    where
        coursemeet_.courseCode=? 
        and coursemeet_.day=? 
        and coursemeet_.period=? 
        and coursemeet_.location=?
14:17:52,040 DEBUG BaseGeneralDataRegion:59 - Caching[foo.org.hibernate.cache.spi.UpdateTimestampsCache] : [Enrolment] -> [5579090870435840]
14:17:52,040 DEBUG SQL:104 - 
    update
        Address 
    set
        studentNumber=null,
        addressType=null 
    where
        studentNumber=?
14:17:52,062 DEBUG BaseGeneralDataRegion:59 - Caching[foo.org.hibernate.cache.spi.UpdateTimestampsCache] : [Address] -> [5579090870525952]
14:17:52,062 DEBUG SQL:104 - 
    delete 
    from
        Student_secretCodes 
    where
        studentNumber=?
14:17:52,062 DEBUG BaseGeneralDataRegion:59 - Caching[foo.org.hibernate.cache.spi.UpdateTimestampsCache] : [Student_secretCodes] -> [5579090870525953]
14:17:52,062 DEBUG BaseGeneralDataRegion:59 - Caching[foo.org.hibernate.cache.spi.UpdateTimestampsCache] : [Enrolment] -> [5579090870525954]
14:17:52,062 DEBUG BaseGeneralDataRegion:59 - Caching[foo.org.hibernate.cache.spi.UpdateTimestampsCache] : [Address] -> [5579090870525955]
14:17:52,062 DEBUG SQL:104 - 
    delete 
    from
        Student_secretCodes 
    where
        studentNumber=?
14:17:52,063 DEBUG BaseGeneralDataRegion:59 - Caching[foo.org.hibernate.cache.spi.UpdateTimestampsCache] : [Student_secretCodes] -> [5579090870530048]
14:17:52,063 DEBUG BaseGeneralDataRegion:59 - Caching[foo.org.hibernate.cache.spi.UpdateTimestampsCache] : [CourseMeeting] -> [5579090870530049]
14:17:52,063 DEBUG SQL:104 - 
    delete 
    from
        Enrolment 
    where
        studentId=? 
        and courseCode=?
14:17:52,071 DEBUG BaseGeneralDataRegion:59 - Caching[foo.org.hibernate.cache.spi.UpdateTimestampsCache] : [Enrolment] -> [5579090870562816]
14:17:52,072 DEBUG SQL:104 - 
    delete 
    from
        Address 
    where
        id=?
14:17:52,072 DEBUG BaseGeneralDataRegion:59 - Caching[foo.org.hibernate.cache.spi.UpdateTimestampsCache] : [Address] -> [5579090870566912]
14:17:52,072 DEBUG SQL:104 - 
    delete 
    from
        Address 
    where
        id=?
14:17:52,072 DEBUG BaseGeneralDataRegion:59 - Caching[foo.org.hibernate.cache.spi.UpdateTimestampsCache] : [Address] -> [5579090870566913]
14:17:52,072 DEBUG SQL:104 - 
    delete 
    from
        Student 
    where
        studentId=?
14:17:52,072 DEBUG BaseGeneralDataRegion:59 - Caching[foo.org.hibernate.cache.spi.UpdateTimestampsCache] : [Student] -> [5579090870566914]
14:17:52,073 DEBUG SQL:104 - 
    delete 
    from
        Enrolment 
    where
        studentId=? 
        and courseCode=?
14:17:52,081 DEBUG BaseGeneralDataRegion:59 - Caching[foo.org.hibernate.cache.spi.UpdateTimestampsCache] : [Enrolment] -> [5579090870603776]
14:17:52,081 DEBUG SQL:104 - 
    delete 
    from
        Student 
    where
        studentId=?
14:17:52,082 DEBUG BaseGeneralDataRegion:59 - Caching[foo.org.hibernate.cache.spi.UpdateTimestampsCache] : [Student] -> [5579090870607872]
14:17:52,082 DEBUG SQL:104 - 
    delete 
    from
        CourseMeeting 
    where
        courseCode=? 
        and day=? 
        and period=? 
        and location=?
14:17:52,082 DEBUG BaseGeneralDataRegion:59 - Caching[foo.org.hibernate.cache.spi.UpdateTimestampsCache] : [CourseMeeting] -> [5579090870607873]
14:17:52,082 DEBUG SQL:104 - 
    delete 
    from
        CourseMeeting 
    where
        courseCode=? 
        and day=? 
        and period=? 
        and location=?
14:17:52,082 DEBUG BaseGeneralDataRegion:59 - Caching[foo.org.hibernate.cache.spi.UpdateTimestampsCache] : [CourseMeeting] -> [5579090870607874]
14:17:52,083 DEBUG SQL:104 - 
    delete 
    from
        Course 
    where
        courseCode=?
14:17:52,091 DEBUG BaseGeneralDataRegion:59 - Caching[foo.org.hibernate.cache.spi.UpdateTimestampsCache] : [Course] -> [5579090870644736]
14:17:52,091 DEBUG BaseGeneralDataRegion:59 - Caching[foo.org.hibernate.cache.spi.UpdateTimestampsCache] : [Student] -> [5579090624884737]
14:17:52,092 DEBUG BaseGeneralDataRegion:59 - Caching[foo.org.hibernate.cache.spi.UpdateTimestampsCache] : [Course] -> [5579090624884737]
14:17:52,092 DEBUG BaseGeneralDataRegion:59 - Caching[foo.org.hibernate.cache.spi.UpdateTimestampsCache] : [Enrolment] -> [5579090624884737]
14:17:52,092 DEBUG BaseGeneralDataRegion:59 - Caching[foo.org.hibernate.cache.spi.UpdateTimestampsCache] : [Student_secretCodes] -> [5579090624884737]
14:17:52,092 DEBUG BaseGeneralDataRegion:59 - Caching[foo.org.hibernate.cache.spi.UpdateTimestampsCache] : [Address] -> [5579090624884737]
14:17:52,092 DEBUG BaseGeneralDataRegion:59 - Caching[foo.org.hibernate.cache.spi.UpdateTimestampsCache] : [CourseMeeting] -> [5579090624884737]
14:17:52,092  INFO CustomRunner:139 - Test: testEntityWithJoinedLazyOneToManyMultiAndNullListCriteria
14:17:52,094 DEBUG SQL:104 - 
    select
        coursemeet_.courseCode,
        coursemeet_.day,
        coursemeet_.period,
        coursemeet_.location 
    from
        CourseMeeting coursemeet_ 
    where
        coursemeet_.courseCode=? 
        and coursemeet_.day=? 
        and coursemeet_.period=? 
        and coursemeet_.location=?
14:17:52,095 DEBUG SQL:104 - 
    select
        coursemeet_.courseCode,
        coursemeet_.day,
        coursemeet_.period,
        coursemeet_.location 
    from
        CourseMeeting coursemeet_ 
    where
        coursemeet_.courseCode=? 
        and coursemeet_.day=? 
        and coursemeet_.period=? 
        and coursemeet_.location=?
14:17:52,103 DEBUG SQL:104 - 
    insert 
    into
        Course
        (description, courseCode) 
    values
        (?, ?)
14:17:52,103 DEBUG BaseGeneralDataRegion:59 - Caching[foo.org.hibernate.cache.spi.UpdateTimestampsCache] : [Course] -> [5579090870693888]
14:17:52,103 DEBUG SQL:104 - 
    insert 
    into
        CourseMeeting
        (courseCode, day, period, location) 
    values
        (?, ?, ?, ?)
14:17:52,104 DEBUG BaseGeneralDataRegion:59 - Caching[foo.org.hibernate.cache.spi.UpdateTimestampsCache] : [CourseMeeting] -> [5579090870697984]
14:17:52,104 DEBUG SQL:104 - 
    insert 
    into
        CourseMeeting
        (courseCode, day, period, location) 
    values
        (?, ?, ?, ?)
14:17:52,112 DEBUG BaseGeneralDataRegion:59 - Caching[foo.org.hibernate.cache.spi.UpdateTimestampsCache] : [CourseMeeting] -> [5579090870730752]
14:17:52,112 DEBUG SQL:104 - 
    insert 
    into
        Student
        (name_first, name_middle, name_last, preferredCourseCode, studentId) 
    values
        (?, ?, ?, ?, ?)
14:17:52,112 DEBUG BaseGeneralDataRegion:59 - Caching[foo.org.hibernate.cache.spi.UpdateTimestampsCache] : [Student] -> [5579090870730753]
14:17:52,112 DEBUG SQL:104 - 
    insert 
    into
        Address
        (addressType, street, city, stateProvince, postalCode, country, studentNumber, id) 
    values
        (?, ?, ?, ?, ?, ?, ?, ?)
14:17:52,112 DEBUG BaseGeneralDataRegion:59 - Caching[foo.org.hibernate.cache.spi.UpdateTimestampsCache] : [Address] -> [5579090870730754]
14:17:52,113 DEBUG SQL:104 - 
    insert 
    into
        Address
        (addressType, street, city, stateProvince, postalCode, country, studentNumber, id) 
    values
        (?, ?, ?, ?, ?, ?, ?, ?)
14:17:52,113 DEBUG BaseGeneralDataRegion:59 - Caching[foo.org.hibernate.cache.spi.UpdateTimestampsCache] : [Address] -> [5579090870734848]
14:17:52,113 DEBUG SQL:104 - 
    insert 
    into
        Student
        (name_first, name_middle, name_last, preferredCourseCode, studentId) 
    values
        (?, ?, ?, ?, ?)
14:17:52,113 DEBUG BaseGeneralDataRegion:59 - Caching[foo.org.hibernate.cache.spi.UpdateTimestampsCache] : [Student] -> [5579090870734849]
14:17:52,113 DEBUG SQL:104 - 
    insert 
    into
        Enrolment
        (semester, "year", studentId, courseCode) 
    values
        (?, ?, ?, ?)
14:17:52,113 DEBUG BaseGeneralDataRegion:59 - Caching[foo.org.hibernate.cache.spi.UpdateTimestampsCache] : [Enrolment] -> [5579090870734850]
14:17:52,113 DEBUG SQL:104 - 
    insert 
    into
        Enrolment
        (semester, "year", studentId, courseCode) 
    values
        (?, ?, ?, ?)
14:17:52,114 DEBUG BaseGeneralDataRegion:59 - Caching[foo.org.hibernate.cache.spi.UpdateTimestampsCache] : [Enrolment] -> [5579090870738944]
14:17:52,114 DEBUG BaseGeneralDataRegion:59 - Caching[foo.org.hibernate.cache.spi.UpdateTimestampsCache] : [CourseMeeting] -> [5579090870738945]
14:17:52,114 DEBUG BaseGeneralDataRegion:59 - Caching[foo.org.hibernate.cache.spi.UpdateTimestampsCache] : [Enrolment] -> [5579090870738946]
14:17:52,114 DEBUG SQL:104 - 
    update
        Address 
    set
        studentNumber=?,
        addressType=? 
    where
        id=?
14:17:52,124 DEBUG SQL:104 - 
    update
        Address 
    set
        studentNumber=?,
        addressType=? 
    where
        id=?
14:17:52,125 DEBUG BaseGeneralDataRegion:59 - Caching[foo.org.hibernate.cache.spi.UpdateTimestampsCache] : [Address] -> [5579090870784000]
14:17:52,125 DEBUG SQL:104 - 
    insert 
    into
        Student_secretCodes
        (studentNumber, i, secretCode) 
    values
        (?, ?, ?)
14:17:52,125 DEBUG BaseGeneralDataRegion:59 - Caching[foo.org.hibernate.cache.spi.UpdateTimestampsCache] : [Student_secretCodes] -> [5579090870784001]
14:17:52,125 DEBUG BaseGeneralDataRegion:59 - Caching[foo.org.hibernate.cache.spi.UpdateTimestampsCache] : [Enrolment] -> [5579090870784002]
14:17:52,125 DEBUG BaseGeneralDataRegion:59 - Caching[foo.org.hibernate.cache.spi.UpdateTimestampsCache] : [Address] -> [5579090870784003]
14:17:52,126 DEBUG SQL:104 - 
    insert 
    into
        Student_secretCodes
        (studentNumber, i, secretCode) 
    values
        (?, ?, ?)
14:17:52,126 DEBUG SQL:104 - 
    insert 
    into
        Student_secretCodes
        (studentNumber, i, secretCode) 
    values
        (?, ?, ?)
14:17:52,134 DEBUG BaseGeneralDataRegion:59 - Caching[foo.org.hibernate.cache.spi.UpdateTimestampsCache] : [Student_secretCodes] -> [5579090870820864]
14:17:52,135 DEBUG BaseGeneralDataRegion:59 - Caching[foo.org.hibernate.cache.spi.UpdateTimestampsCache] : [Student] -> [5579090625064960]
14:17:52,135 DEBUG BaseGeneralDataRegion:59 - Caching[foo.org.hibernate.cache.spi.UpdateTimestampsCache] : [Course] -> [5579090625064960]
14:17:52,135 DEBUG BaseGeneralDataRegion:59 - Caching[foo.org.hibernate.cache.spi.UpdateTimestampsCache] : [Enrolment] -> [5579090625064960]
14:17:52,135 DEBUG BaseGeneralDataRegion:59 - Caching[foo.org.hibernate.cache.spi.UpdateTimestampsCache] : [Student_secretCodes] -> [5579090625064960]
14:17:52,135 DEBUG BaseGeneralDataRegion:59 - Caching[foo.org.hibernate.cache.spi.UpdateTimestampsCache] : [Address] -> [5579090625064960]
14:17:52,135 DEBUG BaseGeneralDataRegion:59 - Caching[foo.org.hibernate.cache.spi.UpdateTimestampsCache] : [CourseMeeting] -> [5579090625064960]
14:17:52,136 DEBUG SQL:104 - 
    select
        this_.studentId as studentId4_1_,
        this_.name_first as name2_4_1_,
        this_.name_middle as name3_4_1_,
        this_.name_last as name4_4_1_,
        this_.preferredCourseCode as preferre5_4_1_,
        address1_.studentNumber as studentN8_4_3_,
        address1_.id as id0_3_,
        address1_.addressType as addressT2_3_,
        address1_.id as id0_0_,
        address1_.addressType as addressT2_0_0_,
        address1_.street as street0_0_,
        address1_.city as city0_0_,
        address1_.stateProvince as statePro5_0_0_,
        address1_.postalCode as postalCode0_0_,
        address1_.country as country0_0_,
        address1_.studentNumber as studentN8_0_0_ 
    from
        Student this_ 
    left outer join
        Address address1_ 
            on this_.studentId=address1_.studentNumber 
    order by
        this_.studentId asc
14:17:52,137 DEBUG SQL:104 - 
    select
        secretcode0_.studentNumber as studentN1_4_0_,
        secretcode0_.secretCode as secretCode5_0_,
        secretcode0_.i as i0_ 
    from
        Student_secretCodes secretcode0_ 
    where
        secretcode0_.studentNumber=?
14:17:52,158 DEBUG SQL:104 - 
    select
        secretcode0_.studentNumber as studentN1_4_0_,
        secretcode0_.secretCode as secretCode5_0_,
        secretcode0_.i as i0_ 
    from
        Student_secretCodes secretcode0_ 
    where
        secretcode0_.studentNumber=?
14:17:52,160 DEBUG SQL:104 - 
    select
        this_.studentId as studentId4_1_,
        this_.name_first as name2_4_1_,
        this_.name_middle as name3_4_1_,
        this_.name_last as name4_4_1_,
        this_.preferredCourseCode as preferre5_4_1_,
        address1_.studentNumber as studentN8_4_3_,
        address1_.id as id0_3_,
        address1_.addressType as addressT2_3_,
        address1_.id as id0_0_,
        address1_.addressType as addressT2_0_0_,
        address1_.street as street0_0_,
        address1_.city as city0_0_,
        address1_.stateProvince as statePro5_0_0_,
        address1_.postalCode as postalCode0_0_,
        address1_.country as country0_0_,
        address1_.studentNumber as studentN8_0_0_ 
    from
        Student this_ 
    left outer join
        Address address1_ 
            on this_.studentId=address1_.studentNumber 
    order by
        this_.studentId asc
14:17:52,168 DEBUG SQL:104 - 
    select
        secretcode0_.studentNumber as studentN1_4_0_,
        secretcode0_.secretCode as secretCode5_0_,
        secretcode0_.i as i0_ 
    from
        Student_secretCodes secretcode0_ 
    where
        secretcode0_.studentNumber=?
14:17:52,168 DEBUG SQL:104 - 
    select
        secretcode0_.studentNumber as studentN1_4_0_,
        secretcode0_.secretCode as secretCode5_0_,
        secretcode0_.i as i0_ 
    from
        Student_secretCodes secretcode0_ 
    where
        secretcode0_.studentNumber=?
14:17:52,169 DEBUG SQL:104 - 
    select
        student_.studentId,
        student_.name_first as name2_4_,
        student_.name_middle as name3_4_,
        student_.name_last as name4_4_,
        student_.preferredCourseCode as preferre5_4_ 
    from
        Student student_ 
    where
        student_.studentId=?
14:17:52,178 DEBUG SQL:104 - 
    select
        enrolment_.studentId,
        enrolment_.courseCode,
        enrolment_.semester as semester3_,
        enrolment_."year" as year4_3_ 
    from
        Enrolment enrolment_ 
    where
        enrolment_.studentId=? 
        and enrolment_.courseCode=?
14:17:52,178 DEBUG SQL:104 - 
    select
        course_.courseCode,
        course_.description as descript2_1_ 
    from
        Course course_ 
    where
        course_.courseCode=?
14:17:52,179 DEBUG SQL:104 - 
    select
        student_.studentId,
        student_.name_first as name2_4_,
        student_.name_middle as name3_4_,
        student_.name_last as name4_4_,
        student_.preferredCourseCode as preferre5_4_ 
    from
        Student student_ 
    where
        student_.studentId=?
14:17:52,190 DEBUG SQL:104 - 
    select
        enrolment_.studentId,
        enrolment_.courseCode,
        enrolment_.semester as semester3_,
        enrolment_."year" as year4_3_ 
    from
        Enrolment enrolment_ 
    where
        enrolment_.studentId=? 
        and enrolment_.courseCode=?
14:17:52,191 DEBUG SQL:104 - 
    select
        coursemeet_.courseCode,
        coursemeet_.day,
        coursemeet_.period,
        coursemeet_.location 
    from
        CourseMeeting coursemeet_ 
    where
        coursemeet_.courseCode=? 
        and coursemeet_.day=? 
        and coursemeet_.period=? 
        and coursemeet_.location=?
14:17:52,191 DEBUG SQL:104 - 
    select
        coursemeet_.courseCode,
        coursemeet_.day,
        coursemeet_.period,
        coursemeet_.location 
    from
        CourseMeeting coursemeet_ 
    where
        coursemeet_.courseCode=? 
        and coursemeet_.day=? 
        and coursemeet_.period=? 
        and coursemeet_.location=?
14:17:52,203 DEBUG BaseGeneralDataRegion:59 - Caching[foo.org.hibernate.cache.spi.UpdateTimestampsCache] : [Enrolment] -> [5579090871103488]
14:17:52,203 DEBUG SQL:104 - 
    update
        Address 
    set
        studentNumber=null,
        addressType=null 
    where
        studentNumber=?
14:17:52,203 DEBUG BaseGeneralDataRegion:59 - Caching[foo.org.hibernate.cache.spi.UpdateTimestampsCache] : [Address] -> [5579090871103489]
14:17:52,203 DEBUG SQL:104 - 
    delete 
    from
        Student_secretCodes 
    where
        studentNumber=?
14:17:52,203 DEBUG BaseGeneralDataRegion:59 - Caching[foo.org.hibernate.cache.spi.UpdateTimestampsCache] : [Student_secretCodes] -> [5579090871103490]
14:17:52,204 DEBUG BaseGeneralDataRegion:59 - Caching[foo.org.hibernate.cache.spi.UpdateTimestampsCache] : [Enrolment] -> [5579090871107584]
14:17:52,204 DEBUG BaseGeneralDataRegion:59 - Caching[foo.org.hibernate.cache.spi.UpdateTimestampsCache] : [Address] -> [5579090871107585]
14:17:52,215 DEBUG SQL:104 - 
    delete 
    from
        Student_secretCodes 
    where
        studentNumber=?
14:17:52,215 DEBUG BaseGeneralDataRegion:59 - Caching[foo.org.hibernate.cache.spi.UpdateTimestampsCache] : [Student_secretCodes] -> [5579090871152640]
14:17:52,216 DEBUG BaseGeneralDataRegion:59 - Caching[foo.org.hibernate.cache.spi.UpdateTimestampsCache] : [CourseMeeting] -> [5579090871156736]
14:17:52,216 DEBUG SQL:104 - 
    delete 
    from
        Enrolment 
    where
        studentId=? 
        and courseCode=?
14:17:52,216 DEBUG BaseGeneralDataRegion:59 - Caching[foo.org.hibernate.cache.spi.UpdateTimestampsCache] : [Enrolment] -> [5579090871156737]
14:17:52,216 DEBUG SQL:104 - 
    delete 
    from
        Address 
    where
        id=?
14:17:52,216 DEBUG BaseGeneralDataRegion:59 - Caching[foo.org.hibernate.cache.spi.UpdateTimestampsCache] : [Address] -> [5579090871156738]
14:17:52,216 DEBUG SQL:104 - 
    delete 
    from
        Address 
    where
        id=?
14:17:52,216 DEBUG BaseGeneralDataRegion:59 - Caching[foo.org.hibernate.cache.spi.UpdateTimestampsCache] : [Address] -> [5579090871156739]
14:17:52,229 DEBUG SQL:104 - 
    delete 
    from
        Student 
    where
        studentId=?
14:17:52,230 DEBUG BaseGeneralDataRegion:59 - Caching[foo.org.hibernate.cache.spi.UpdateTimestampsCache] : [Student] -> [5579090871214080]
14:17:52,230 DEBUG SQL:104 - 
    delete 
    from
        Enrolment 
    where
        studentId=? 
        and courseCode=?
14:17:52,230 DEBUG BaseGeneralDataRegion:59 - Caching[foo.org.hibernate.cache.spi.UpdateTimestampsCache] : [Enrolment] -> [5579090871214081]
14:17:52,230 DEBUG SQL:104 - 
    delete 
    from
        Student 
    where
        studentId=?
14:17:52,230 DEBUG BaseGeneralDataRegion:59 - Caching[foo.org.hibernate.cache.spi.UpdateTimestampsCache] : [Student] -> [5579090871214082]
14:17:52,230 DEBUG SQL:104 - 
    delete 
    from
        CourseMeeting 
    where
        courseCode=? 
        and day=? 
        and period=? 
        and location=?
14:17:52,242 DEBUG BaseGeneralDataRegion:59 - Caching[foo.org.hibernate.cache.spi.UpdateTimestampsCache] : [CourseMeeting] -> [5579090871263232]
14:17:52,242 DEBUG SQL:104 - 
    delete 
    from
        CourseMeeting 
    where
        courseCode=? 
        and day=? 
        and period=? 
        and location=?
14:17:52,243 DEBUG BaseGeneralDataRegion:59 - Caching[foo.org.hibernate.cache.spi.UpdateTimestampsCache] : [CourseMeeting] -> [5579090871267328]
14:17:52,243 DEBUG SQL:104 - 
    delete 
    from
        Course 
    where
        courseCode=?
14:17:52,243 DEBUG BaseGeneralDataRegion:59 - Caching[foo.org.hibernate.cache.spi.UpdateTimestampsCache] : [Course] -> [5579090871267329]
14:17:52,243 DEBUG BaseGeneralDataRegion:59 - Caching[foo.org.hibernate.cache.spi.UpdateTimestampsCache] : [Student] -> [5579090625507330]
14:17:52,243 DEBUG BaseGeneralDataRegion:59 - Caching[foo.org.hibernate.cache.spi.UpdateTimestampsCache] : [Course] -> [5579090625507330]
14:17:52,243 DEBUG BaseGeneralDataRegion:59 - Caching[foo.org.hibernate.cache.spi.UpdateTimestampsCache] : [Enrolment] -> [5579090625507330]
14:17:52,243 DEBUG BaseGeneralDataRegion:59 - Caching[foo.org.hibernate.cache.spi.UpdateTimestampsCache] : [Student_secretCodes] -> [5579090625507330]
14:17:52,243 DEBUG BaseGeneralDataRegion:59 - Caching[foo.org.hibernate.cache.spi.UpdateTimestampsCache] : [Address] -> [5579090625507330]
14:17:52,243 DEBUG BaseGeneralDataRegion:59 - Caching[foo.org.hibernate.cache.spi.UpdateTimestampsCache] : [CourseMeeting] -> [5579090625507330]
14:17:52,244 DEBUG SQL:104 - 
    select
        coursemeet_.courseCode,
        coursemeet_.day,
        coursemeet_.period,
        coursemeet_.location 
    from
        CourseMeeting coursemeet_ 
    where
        coursemeet_.courseCode=? 
        and coursemeet_.day=? 
        and coursemeet_.period=? 
        and coursemeet_.location=?
14:17:52,244 DEBUG SQL:104 - 
    select
        coursemeet_.courseCode,
        coursemeet_.day,
        coursemeet_.period,
        coursemeet_.location 
    from
        CourseMeeting coursemeet_ 
    where
        coursemeet_.courseCode=? 
        and coursemeet_.day=? 
        and coursemeet_.period=? 
        and coursemeet_.location=?
14:17:52,245 DEBUG SQL:104 - 
    insert 
    into
        Course
        (description, courseCode) 
    values
        (?, ?)
14:17:52,245 DEBUG BaseGeneralDataRegion:59 - Caching[foo.org.hibernate.cache.spi.UpdateTimestampsCache] : [Course] -> [5579090871275520]
14:17:52,245 DEBUG SQL:104 - 
    insert 
    into
        CourseMeeting
        (courseCode, day, period, location) 
    values
        (?, ?, ?, ?)
14:17:52,260 DEBUG BaseGeneralDataRegion:59 - Caching[foo.org.hibernate.cache.spi.UpdateTimestampsCache] : [CourseMeeting] -> [5579090871336960]
14:17:52,261 DEBUG SQL:104 - 
    insert 
    into
        CourseMeeting
        (courseCode, day, period, location) 
    values
        (?, ?, ?, ?)
14:17:52,261 DEBUG BaseGeneralDataRegion:59 - Caching[foo.org.hibernate.cache.spi.UpdateTimestampsCache] : [CourseMeeting] -> [5579090871341056]
14:17:52,261 DEBUG SQL:104 - 
    insert 
    into
        Student
        (name_first, name_middle, name_last, preferredCourseCode, studentId) 
    values
        (?, ?, ?, ?, ?)
14:17:52,261 DEBUG BaseGeneralDataRegion:59 - Caching[foo.org.hibernate.cache.spi.UpdateTimestampsCache] : [Student] -> [5579090871341057]
14:17:52,261 DEBUG SQL:104 - 
    insert 
    into
        Address
        (addressType, street, city, stateProvince, postalCode, country, studentNumber, id) 
    values
        (?, ?, ?, ?, ?, ?, ?, ?)
14:17:52,276 DEBUG BaseGeneralDataRegion:59 - Caching[foo.org.hibernate.cache.spi.UpdateTimestampsCache] : [Address] -> [5579090871402496]
14:17:52,276 DEBUG SQL:104 - 
    insert 
    into
        Address
        (addressType, street, city, stateProvince, postalCode, country, studentNumber, id) 
    values
        (?, ?, ?, ?, ?, ?, ?, ?)
14:17:52,277 DEBUG BaseGeneralDataRegion:59 - Caching[foo.org.hibernate.cache.spi.UpdateTimestampsCache] : [Address] -> [5579090871406592]
14:17:52,277 DEBUG SQL:104 - 
    insert 
    into
        Student
        (name_first, name_middle, name_last, preferredCourseCode, studentId) 
    values
        (?, ?, ?, ?, ?)
14:17:52,277 DEBUG BaseGeneralDataRegion:59 - Caching[foo.org.hibernate.cache.spi.UpdateTimestampsCache] : [Student] -> [5579090871406593]
14:17:52,277 DEBUG SQL:104 - 
    insert 
    into
        Enrolment
        (semester, "year", studentId, courseCode) 
    values
        (?, ?, ?, ?)
14:17:52,277 DEBUG BaseGeneralDataRegion:59 - Caching[foo.org.hibernate.cache.spi.UpdateTimestampsCache] : [Enrolment] -> [5579090871406594]
14:17:52,278 DEBUG SQL:104 - 
    insert 
    into
        Enrolment
        (semester, "year", studentId, courseCode) 
    values
        (?, ?, ?, ?)
14:17:52,278 DEBUG BaseGeneralDataRegion:59 - Caching[foo.org.hibernate.cache.spi.UpdateTimestampsCache] : [Enrolment] -> [5579090871410688]
14:17:52,278 DEBUG BaseGeneralDataRegion:59 - Caching[foo.org.hibernate.cache.spi.UpdateTimestampsCache] : [CourseMeeting] -> [5579090871410689]
14:17:52,278 DEBUG BaseGeneralDataRegion:59 - Caching[foo.org.hibernate.cache.spi.UpdateTimestampsCache] : [Enrolment] -> [5579090871410690]
14:17:52,278 DEBUG SQL:104 - 
    update
        Address 
    set
        studentNumber=?,
        addressType=? 
    where
        id=?
14:17:52,278 DEBUG SQL:104 - 
    update
        Address 
    set
        studentNumber=?,
        addressType=? 
    where
        id=?
14:17:52,297 DEBUG BaseGeneralDataRegion:59 - Caching[foo.org.hibernate.cache.spi.UpdateTimestampsCache] : [Address] -> [5579090871488512]
14:17:52,298 DEBUG SQL:104 - 
    insert 
    into
        Student_secretCodes
        (studentNumber, i, secretCode) 
    values
        (?, ?, ?)
14:17:52,298 DEBUG BaseGeneralDataRegion:59 - Caching[foo.org.hibernate.cache.spi.UpdateTimestampsCache] : [Student_secretCodes] -> [5579090871492608]
14:17:52,298 DEBUG BaseGeneralDataRegion:59 - Caching[foo.org.hibernate.cache.spi.UpdateTimestampsCache] : [Enrolment] -> [5579090871492609]
14:17:52,298 DEBUG BaseGeneralDataRegion:59 - Caching[foo.org.hibernate.cache.spi.UpdateTimestampsCache] : [Address] -> [5579090871492610]
14:17:52,298 DEBUG SQL:104 - 
    insert 
    into
        Student_secretCodes
        (studentNumber, i, secretCode) 
    values
        (?, ?, ?)
14:17:52,298 DEBUG SQL:104 - 
    insert 
    into
        Student_secretCodes
        (studentNumber, i, secretCode) 
    values
        (?, ?, ?)
14:17:52,307 DEBUG BaseGeneralDataRegion:59 - Caching[foo.org.hibernate.cache.spi.UpdateTimestampsCache] : [Student_secretCodes] -> [5579090871529472]
14:17:52,308 DEBUG BaseGeneralDataRegion:59 - Caching[foo.org.hibernate.cache.spi.UpdateTimestampsCache] : [Student] -> [5579090625773568]
14:17:52,308 DEBUG BaseGeneralDataRegion:59 - Caching[foo.org.hibernate.cache.spi.UpdateTimestampsCache] : [Course] -> [5579090625773568]
14:17:52,308 DEBUG BaseGeneralDataRegion:59 - Caching[foo.org.hibernate.cache.spi.UpdateTimestampsCache] : [Enrolment] -> [5579090625773568]
14:17:52,308 DEBUG BaseGeneralDataRegion:59 - Caching[foo.org.hibernate.cache.spi.UpdateTimestampsCache] : [Student_secretCodes] -> [5579090625773568]
14:17:52,308 DEBUG BaseGeneralDataRegion:59 - Caching[foo.org.hibernate.cache.spi.UpdateTimestampsCache] : [Address] -> [5579090625773568]
14:17:52,308 DEBUG BaseGeneralDataRegion:59 - Caching[foo.org.hibernate.cache.spi.UpdateTimestampsCache] : [CourseMeeting] -> [5579090625773568]
14:17:52,309 DEBUG SQL:104 - 
    select
        this_.studentId as studentId4_1_,
        this_.name_first as name2_4_1_,
        this_.name_middle as name3_4_1_,
        this_.name_last as name4_4_1_,
        this_.preferredCourseCode as preferre5_4_1_,
        a1_.studentNumber as studentN8_4_3_,
        a1_.id as id0_3_,
        a1_.addressType as addressT2_3_,
        a1_.id as id0_0_,
        a1_.addressType as addressT2_0_0_,
        a1_.street as street0_0_,
        a1_.city as city0_0_,
        a1_.stateProvince as statePro5_0_0_,
        a1_.postalCode as postalCode0_0_,
        a1_.country as country0_0_,
        a1_.studentNumber as studentN8_0_0_ 
    from
        Student this_ 
    left outer join
        Address a1_ 
            on this_.studentId=a1_.studentNumber 
    order by
        this_.studentId asc
14:17:52,318 DEBUG SQL:104 - 
    select
        secretcode0_.studentNumber as studentN1_4_0_,
        secretcode0_.secretCode as secretCode5_0_,
        secretcode0_.i as i0_ 
    from
        Student_secretCodes secretcode0_ 
    where
        secretcode0_.studentNumber=?
14:17:52,319 DEBUG SQL:104 - 
    select
        secretcode0_.studentNumber as studentN1_4_0_,
        secretcode0_.secretCode as secretCode5_0_,
        secretcode0_.i as i0_ 
    from
        Student_secretCodes secretcode0_ 
    where
        secretcode0_.studentNumber=?
14:17:52,320 DEBUG SQL:104 - 
    select
        this_.studentId as studentId4_1_,
        this_.name_first as name2_4_1_,
        this_.name_middle as name3_4_1_,
        this_.name_last as name4_4_1_,
        this_.preferredCourseCode as preferre5_4_1_,
        a1_.studentNumber as studentN8_4_3_,
        a1_.id as id0_3_,
        a1_.addressType as addressT2_3_,
        a1_.id as id0_0_,
        a1_.addressType as addressT2_0_0_,
        a1_.street as street0_0_,
        a1_.city as city0_0_,
        a1_.stateProvince as statePro5_0_0_,
        a1_.postalCode as postalCode0_0_,
        a1_.country as country0_0_,
        a1_.studentNumber as studentN8_0_0_ 
    from
        Student this_ 
    left outer join
        Address a1_ 
            on this_.studentId=a1_.studentNumber 
    order by
        this_.studentId asc
14:17:52,330 DEBUG SQL:104 - 
    select
        secretcode0_.studentNumber as studentN1_4_0_,
        secretcode0_.secretCode as secretCode5_0_,
        secretcode0_.i as i0_ 
    from
        Student_secretCodes secretcode0_ 
    where
        secretcode0_.studentNumber=?
14:17:52,330 DEBUG SQL:104 - 
    select
        secretcode0_.studentNumber as studentN1_4_0_,
        secretcode0_.secretCode as secretCode5_0_,
        secretcode0_.i as i0_ 
    from
        Student_secretCodes secretcode0_ 
    where
        secretcode0_.studentNumber=?
14:17:52,340 DEBUG SQL:104 - 
    select
        student_.studentId,
        student_.name_first as name2_4_,
        student_.name_middle as name3_4_,
        student_.name_last as name4_4_,
        student_.preferredCourseCode as preferre5_4_ 
    from
        Student student_ 
    where
        student_.studentId=?
14:17:52,340 DEBUG SQL:104 - 
    select
        enrolment_.studentId,
        enrolment_.courseCode,
        enrolment_.semester as semester3_,
        enrolment_."year" as year4_3_ 
    from
        Enrolment enrolment_ 
    where
        enrolment_.studentId=? 
        and enrolment_.courseCode=?
14:17:52,340 DEBUG SQL:104 - 
    select
        course_.courseCode,
        course_.description as descript2_1_ 
    from
        Course course_ 
    where
        course_.courseCode=?
14:17:52,350 DEBUG SQL:104 - 
    select
        student_.studentId,
        student_.name_first as name2_4_,
        student_.name_middle as name3_4_,
        student_.name_last as name4_4_,
        student_.preferredCourseCode as preferre5_4_ 
    from
        Student student_ 
    where
        student_.studentId=?
14:17:52,351 DEBUG SQL:104 - 
    select
        enrolment_.studentId,
        enrolment_.courseCode,
        enrolment_.semester as semester3_,
        enrolment_."year" as year4_3_ 
    from
        Enrolment enrolment_ 
    where
        enrolment_.studentId=? 
        and enrolment_.courseCode=?
14:17:52,351 DEBUG SQL:104 - 
    select
        coursemeet_.courseCode,
        coursemeet_.day,
        coursemeet_.period,
        coursemeet_.location 
    from
        CourseMeeting coursemeet_ 
    where
        coursemeet_.courseCode=? 
        and coursemeet_.day=? 
        and coursemeet_.period=? 
        and coursemeet_.location=?
14:17:52,370 DEBUG SQL:104 - 
    select
        coursemeet_.courseCode,
        coursemeet_.day,
        coursemeet_.period,
        coursemeet_.location 
    from
        CourseMeeting coursemeet_ 
    where
        coursemeet_.courseCode=? 
        and coursemeet_.day=? 
        and coursemeet_.period=? 
        and coursemeet_.location=?
14:17:52,372 DEBUG BaseGeneralDataRegion:59 - Caching[foo.org.hibernate.cache.spi.UpdateTimestampsCache] : [Enrolment] -> [5579090871795712]
14:17:52,372 DEBUG SQL:104 - 
    update
        Address 
    set
        studentNumber=null,
        addressType=null 
    where
        studentNumber=?
14:17:52,373 DEBUG BaseGeneralDataRegion:59 - Caching[foo.org.hibernate.cache.spi.UpdateTimestampsCache] : [Address] -> [5579090871799808]
14:17:52,373 DEBUG SQL:104 - 
    delete 
    from
        Student_secretCodes 
    where
        studentNumber=?
14:17:52,373 DEBUG BaseGeneralDataRegion:59 - Caching[foo.org.hibernate.cache.spi.UpdateTimestampsCache] : [Student_secretCodes] -> [5579090871799809]
14:17:52,373 DEBUG BaseGeneralDataRegion:59 - Caching[foo.org.hibernate.cache.spi.UpdateTimestampsCache] : [Enrolment] -> [5579090871799810]
14:17:52,373 DEBUG BaseGeneralDataRegion:59 - Caching[foo.org.hibernate.cache.spi.UpdateTimestampsCache] : [Address] -> [5579090871799811]
14:17:52,373 DEBUG SQL:104 - 
    delete 
    from
        Student_secretCodes 
    where
        studentNumber=?
14:17:52,374 DEBUG BaseGeneralDataRegion:59 - Caching[foo.org.hibernate.cache.spi.UpdateTimestampsCache] : [Student_secretCodes] -> [5579090871803904]
14:17:52,374 DEBUG BaseGeneralDataRegion:59 - Caching[foo.org.hibernate.cache.spi.UpdateTimestampsCache] : [CourseMeeting] -> [5579090871803905]
14:17:52,374 DEBUG SQL:104 - 
    delete 
    from
        Enrolment 
    where
        studentId=? 
        and courseCode=?
14:17:52,374 DEBUG BaseGeneralDataRegion:59 - Caching[foo.org.hibernate.cache.spi.UpdateTimestampsCache] : [Enrolment] -> [5579090871803906]
14:17:52,374 DEBUG SQL:104 - 
    delete 
    from
        Address 
    where
        id=?
14:17:52,374 DEBUG BaseGeneralDataRegion:59 - Caching[foo.org.hibernate.cache.spi.UpdateTimestampsCache] : [Address] -> [5579090871803907]
14:17:52,374 DEBUG SQL:104 - 
    delete 
    from
        Address 
    where
        id=?
14:17:52,375 DEBUG BaseGeneralDataRegion:59 - Caching[foo.org.hibernate.cache.spi.UpdateTimestampsCache] : [Address] -> [5579090871808000]
14:17:52,375 DEBUG SQL:104 - 
    delete 
    from
        Student 
    where
        studentId=?
14:17:52,375 DEBUG BaseGeneralDataRegion:59 - Caching[foo.org.hibernate.cache.spi.UpdateTimestampsCache] : [Student] -> [5579090871808001]
14:17:52,375 DEBUG SQL:104 - 
    delete 
    from
        Enrolment 
    where
        studentId=? 
        and courseCode=?
14:17:52,375 DEBUG BaseGeneralDataRegion:59 - Caching[foo.org.hibernate.cache.spi.UpdateTimestampsCache] : [Enrolment] -> [5579090871808002]
14:17:52,375 DEBUG SQL:104 - 
    delete 
    from
        Student 
    where
        studentId=?
14:17:52,385 DEBUG BaseGeneralDataRegion:59 - Caching[foo.org.hibernate.cache.spi.UpdateTimestampsCache] : [Student] -> [5579090871848960]
14:17:52,385 DEBUG SQL:104 - 
    delete 
    from
        CourseMeeting 
    where
        courseCode=? 
        and day=? 
        and period=? 
        and location=?
14:17:52,386 DEBUG BaseGeneralDataRegion:59 - Caching[foo.org.hibernate.cache.spi.UpdateTimestampsCache] : [CourseMeeting] -> [5579090871853056]
14:17:52,386 DEBUG SQL:104 - 
    delete 
    from
        CourseMeeting 
    where
        courseCode=? 
        and day=? 
        and period=? 
        and location=?
14:17:52,386 DEBUG BaseGeneralDataRegion:59 - Caching[foo.org.hibernate.cache.spi.UpdateTimestampsCache] : [CourseMeeting] -> [5579090871853057]
14:17:52,386 DEBUG SQL:104 - 
    delete 
    from
        Course 
    where
        courseCode=?
14:17:52,386 DEBUG BaseGeneralDataRegion:59 - Caching[foo.org.hibernate.cache.spi.UpdateTimestampsCache] : [Course] -> [5579090871853058]
14:17:52,396 DEBUG BaseGeneralDataRegion:59 - Caching[foo.org.hibernate.cache.spi.UpdateTimestampsCache] : [Student] -> [5579090626134016]
14:17:52,396 DEBUG BaseGeneralDataRegion:59 - Caching[foo.org.hibernate.cache.spi.UpdateTimestampsCache] : [Course] -> [5579090626134016]
14:17:52,396 DEBUG BaseGeneralDataRegion:59 - Caching[foo.org.hibernate.cache.spi.UpdateTimestampsCache] : [Enrolment] -> [5579090626134016]
14:17:52,397 DEBUG BaseGeneralDataRegion:59 - Caching[foo.org.hibernate.cache.spi.UpdateTimestampsCache] : [Student_secretCodes] -> [5579090626134016]
14:17:52,397 DEBUG BaseGeneralDataRegion:59 - Caching[foo.org.hibernate.cache.spi.UpdateTimestampsCache] : [Address] -> [5579090626134016]
14:17:52,397 DEBUG BaseGeneralDataRegion:59 - Caching[foo.org.hibernate.cache.spi.UpdateTimestampsCache] : [CourseMeeting] -> [5579090626134016]
14:17:52,397 DEBUG SQL:104 - 
    select
        coursemeet_.courseCode,
        coursemeet_.day,
        coursemeet_.period,
        coursemeet_.location 
    from
        CourseMeeting coursemeet_ 
    where
        coursemeet_.courseCode=? 
        and coursemeet_.day=? 
        and coursemeet_.period=? 
        and coursemeet_.location=?
14:17:52,398 DEBUG SQL:104 - 
    select
        coursemeet_.courseCode,
        coursemeet_.day,
        coursemeet_.period,
        coursemeet_.location 
    from
        CourseMeeting coursemeet_ 
    where
        coursemeet_.courseCode=? 
        and coursemeet_.day=? 
        and coursemeet_.period=? 
        and coursemeet_.location=?
14:17:52,399 DEBUG SQL:104 - 
    insert 
    into
        Course
        (description, courseCode) 
    values
        (?, ?)
14:17:52,399 DEBUG BaseGeneralDataRegion:59 - Caching[foo.org.hibernate.cache.spi.UpdateTimestampsCache] : [Course] -> [5579090871906304]
14:17:52,399 DEBUG SQL:104 - 
    insert 
    into
        CourseMeeting
        (courseCode, day, period, location) 
    values
        (?, ?, ?, ?)
14:17:52,419 DEBUG BaseGeneralDataRegion:59 - Caching[foo.org.hibernate.cache.spi.UpdateTimestampsCache] : [CourseMeeting] -> [5579090871984128]
14:17:52,419 DEBUG SQL:104 - 
    insert 
    into
        CourseMeeting
        (courseCode, day, period, location) 
    values
        (?, ?, ?, ?)
14:17:52,419 DEBUG BaseGeneralDataRegion:59 - Caching[foo.org.hibernate.cache.spi.UpdateTimestampsCache] : [CourseMeeting] -> [5579090871988224]
14:17:52,419 DEBUG SQL:104 - 
    insert 
    into
        Student
        (name_first, name_middle, name_last, preferredCourseCode, studentId) 
    values
        (?, ?, ?, ?, ?)
14:17:52,420 DEBUG BaseGeneralDataRegion:59 - Caching[foo.org.hibernate.cache.spi.UpdateTimestampsCache] : [Student] -> [5579090871992320]
14:17:52,420 DEBUG SQL:104 - 
    insert 
    into
        Address
        (addressType, street, city, stateProvince, postalCode, country, studentNumber, id) 
    values
        (?, ?, ?, ?, ?, ?, ?, ?)
14:17:52,420 DEBUG BaseGeneralDataRegion:59 - Caching[foo.org.hibernate.cache.spi.UpdateTimestampsCache] : [Address] -> [5579090871992321]
14:17:52,420 DEBUG SQL:104 - 
    insert 
    into
        Address
        (addressType, street, city, stateProvince, postalCode, country, studentNumber, id) 
    values
        (?, ?, ?, ?, ?, ?, ?, ?)
14:17:52,430 DEBUG BaseGeneralDataRegion:59 - Caching[foo.org.hibernate.cache.spi.UpdateTimestampsCache] : [Address] -> [5579090872029184]
14:17:52,430 DEBUG SQL:104 - 
    insert 
    into
        Student
        (name_first, name_middle, name_last, preferredCourseCode, studentId) 
    values
        (?, ?, ?, ?, ?)
14:17:52,430 DEBUG BaseGeneralDataRegion:59 - Caching[foo.org.hibernate.cache.spi.UpdateTimestampsCache] : [Student] -> [5579090872033280]
14:17:52,430 DEBUG SQL:104 - 
    insert 
    into
        Enrolment
        (semester, "year", studentId, courseCode) 
    values
        (?, ?, ?, ?)
14:17:52,431 DEBUG BaseGeneralDataRegion:59 - Caching[foo.org.hibernate.cache.spi.UpdateTimestampsCache] : [Enrolment] -> [5579090872037376]
14:17:52,431 DEBUG SQL:104 - 
    insert 
    into
        Enrolment
        (semester, "year", studentId, courseCode) 
    values
        (?, ?, ?, ?)
14:17:52,431 DEBUG BaseGeneralDataRegion:59 - Caching[foo.org.hibernate.cache.spi.UpdateTimestampsCache] : [Enrolment] -> [5579090872037377]
14:17:52,431 DEBUG BaseGeneralDataRegion:59 - Caching[foo.org.hibernate.cache.spi.UpdateTimestampsCache] : [CourseMeeting] -> [5579090872037378]
14:17:52,440 DEBUG BaseGeneralDataRegion:59 - Caching[foo.org.hibernate.cache.spi.UpdateTimestampsCache] : [Enrolment] -> [5579090872074240]
14:17:52,440 DEBUG SQL:104 - 
    update
        Address 
    set
        studentNumber=?,
        addressType=? 
    where
        id=?
14:17:52,441 DEBUG SQL:104 - 
    update
        Address 
    set
        studentNumber=?,
        addressType=? 
    where
        id=?
14:17:52,441 DEBUG BaseGeneralDataRegion:59 - Caching[foo.org.hibernate.cache.spi.UpdateTimestampsCache] : [Address] -> [5579090872078336]
14:17:52,441 DEBUG SQL:104 - 
    insert 
    into
        Student_secretCodes
        (studentNumber, i, secretCode) 
    values
        (?, ?, ?)
14:17:52,441 DEBUG BaseGeneralDataRegion:59 - Caching[foo.org.hibernate.cache.spi.UpdateTimestampsCache] : [Student_secretCodes] -> [5579090872078337]
14:17:52,441 DEBUG BaseGeneralDataRegion:59 - Caching[foo.org.hibernate.cache.spi.UpdateTimestampsCache] : [Enrolment] -> [5579090872078338]
14:17:52,441 DEBUG BaseGeneralDataRegion:59 - Caching[foo.org.hibernate.cache.spi.UpdateTimestampsCache] : [Address] -> [5579090872078339]
14:17:52,442 DEBUG SQL:104 - 
    insert 
    into
        Student_secretCodes
        (studentNumber, i, secretCode) 
    values
        (?, ?, ?)
14:17:52,452 DEBUG SQL:104 - 
    insert 
    into
        Student_secretCodes
        (studentNumber, i, secretCode) 
    values
        (?, ?, ?)
14:17:52,452 DEBUG BaseGeneralDataRegion:59 - Caching[foo.org.hibernate.cache.spi.UpdateTimestampsCache] : [Student_secretCodes] -> [5579090872123392]
14:17:52,453 DEBUG BaseGeneralDataRegion:59 - Caching[foo.org.hibernate.cache.spi.UpdateTimestampsCache] : [Student] -> [5579090626367488]
14:17:52,453 DEBUG BaseGeneralDataRegion:59 - Caching[foo.org.hibernate.cache.spi.UpdateTimestampsCache] : [Course] -> [5579090626367488]
14:17:52,453 DEBUG BaseGeneralDataRegion:59 - Caching[foo.org.hibernate.cache.spi.UpdateTimestampsCache] : [Enrolment] -> [5579090626367488]
14:17:52,453 DEBUG BaseGeneralDataRegion:59 - Caching[foo.org.hibernate.cache.spi.UpdateTimestampsCache] : [Student_secretCodes] -> [5579090626367488]
14:17:52,453 DEBUG BaseGeneralDataRegion:59 - Caching[foo.org.hibernate.cache.spi.UpdateTimestampsCache] : [Address] -> [5579090626367488]
14:17:52,453 DEBUG BaseGeneralDataRegion:59 - Caching[foo.org.hibernate.cache.spi.UpdateTimestampsCache] : [CourseMeeting] -> [5579090626367488]
14:17:52,454 DEBUG SQL:104 - 
    select
        this_.studentId as studentId4_1_,
        this_.name_first as name2_4_1_,
        this_.name_middle as name3_4_1_,
        this_.name_last as name4_4_1_,
        this_.preferredCourseCode as preferre5_4_1_,
        a1_.studentNumber as studentN8_4_3_,
        a1_.id as id0_3_,
        a1_.addressType as addressT2_3_,
        a1_.id as id0_0_,
        a1_.addressType as addressT2_0_0_,
        a1_.street as street0_0_,
        a1_.city as city0_0_,
        a1_.stateProvince as statePro5_0_0_,
        a1_.postalCode as postalCode0_0_,
        a1_.country as country0_0_,
        a1_.studentNumber as studentN8_0_0_ 
    from
        Student this_ 
    left outer join
        Address a1_ 
            on this_.studentId=a1_.studentNumber 
    order by
        this_.studentId asc
14:17:52,465 DEBUG SQL:104 - 
    select
        secretcode0_.studentNumber as studentN1_4_0_,
        secretcode0_.secretCode as secretCode5_0_,
        secretcode0_.i as i0_ 
    from
        Student_secretCodes secretcode0_ 
    where
        secretcode0_.studentNumber=?
14:17:52,467 DEBUG SQL:104 - 
    select
        secretcode0_.studentNumber as studentN1_4_0_,
        secretcode0_.secretCode as secretCode5_0_,
        secretcode0_.i as i0_ 
    from
        Student_secretCodes secretcode0_ 
    where
        secretcode0_.studentNumber=?
14:17:52,478 DEBUG SQL:104 - 
    select
        this_.studentId as studentId4_1_,
        this_.name_first as name2_4_1_,
        this_.name_middle as name3_4_1_,
        this_.name_last as name4_4_1_,
        this_.preferredCourseCode as preferre5_4_1_,
        a1_.studentNumber as studentN8_4_3_,
        a1_.id as id0_3_,
        a1_.addressType as addressT2_3_,
        a1_.id as id0_0_,
        a1_.addressType as addressT2_0_0_,
        a1_.street as street0_0_,
        a1_.city as city0_0_,
        a1_.stateProvince as statePro5_0_0_,
        a1_.postalCode as postalCode0_0_,
        a1_.country as country0_0_,
        a1_.studentNumber as studentN8_0_0_ 
    from
        Student this_ 
    left outer join
        Address a1_ 
            on this_.studentId=a1_.studentNumber 
    order by
        this_.studentId asc
14:17:52,479 DEBUG SQL:104 - 
    select
        secretcode0_.studentNumber as studentN1_4_0_,
        secretcode0_.secretCode as secretCode5_0_,
        secretcode0_.i as i0_ 
    from
        Student_secretCodes secretcode0_ 
    where
        secretcode0_.studentNumber=?
14:17:52,490 DEBUG SQL:104 - 
    select
        secretcode0_.studentNumber as studentN1_4_0_,
        secretcode0_.secretCode as secretCode5_0_,
        secretcode0_.i as i0_ 
    from
        Student_secretCodes secretcode0_ 
    where
        secretcode0_.studentNumber=?
14:17:52,491 DEBUG SQL:104 - 
    select
        student_.studentId,
        student_.name_first as name2_4_,
        student_.name_middle as name3_4_,
        student_.name_last as name4_4_,
        student_.preferredCourseCode as preferre5_4_ 
    from
        Student student_ 
    where
        student_.studentId=?
14:17:52,491 DEBUG SQL:104 - 
    select
        enrolment_.studentId,
        enrolment_.courseCode,
        enrolment_.semester as semester3_,
        enrolment_."year" as year4_3_ 
    from
        Enrolment enrolment_ 
    where
        enrolment_.studentId=? 
        and enrolment_.courseCode=?
14:17:52,500 DEBUG SQL:104 - 
    select
        course_.courseCode,
        course_.description as descript2_1_ 
    from
        Course course_ 
    where
        course_.courseCode=?
14:17:52,501 DEBUG SQL:104 - 
    select
        student_.studentId,
        student_.name_first as name2_4_,
        student_.name_middle as name3_4_,
        student_.name_last as name4_4_,
        student_.preferredCourseCode as preferre5_4_ 
    from
        Student student_ 
    where
        student_.studentId=?
14:17:52,501 DEBUG SQL:104 - 
    select
        enrolment_.studentId,
        enrolment_.courseCode,
        enrolment_.semester as semester3_,
        enrolment_."year" as year4_3_ 
    from
        Enrolment enrolment_ 
    where
        enrolment_.studentId=? 
        and enrolment_.courseCode=?
14:17:52,502 DEBUG SQL:104 - 
    select
        coursemeet_.courseCode,
        coursemeet_.day,
        coursemeet_.period,
        coursemeet_.location 
    from
        CourseMeeting coursemeet_ 
    where
        coursemeet_.courseCode=? 
        and coursemeet_.day=? 
        and coursemeet_.period=? 
        and coursemeet_.location=?
14:17:52,502 DEBUG SQL:104 - 
    select
        coursemeet_.courseCode,
        coursemeet_.day,
        coursemeet_.period,
        coursemeet_.location 
    from
        CourseMeeting coursemeet_ 
    where
        coursemeet_.courseCode=? 
        and coursemeet_.day=? 
        and coursemeet_.period=? 
        and coursemeet_.location=?
14:17:52,517 DEBUG BaseGeneralDataRegion:59 - Caching[foo.org.hibernate.cache.spi.UpdateTimestampsCache] : [Enrolment] -> [5579090872389632]
14:17:52,517 DEBUG SQL:104 - 
    update
        Address 
    set
        studentNumber=null,
        addressType=null 
    where
        studentNumber=?
14:17:52,518 DEBUG BaseGeneralDataRegion:59 - Caching[foo.org.hibernate.cache.spi.UpdateTimestampsCache] : [Address] -> [5579090872393728]
14:17:52,518 DEBUG SQL:104 - 
    delete 
    from
        Student_secretCodes 
    where
        studentNumber=?
14:17:52,518 DEBUG BaseGeneralDataRegion:59 - Caching[foo.org.hibernate.cache.spi.UpdateTimestampsCache] : [Student_secretCodes] -> [5579090872393729]
14:17:52,518 DEBUG BaseGeneralDataRegion:59 - Caching[foo.org.hibernate.cache.spi.UpdateTimestampsCache] : [Enrolment] -> [5579090872393730]
14:17:52,518 DEBUG BaseGeneralDataRegion:59 - Caching[foo.org.hibernate.cache.spi.UpdateTimestampsCache] : [Address] -> [5579090872393731]
14:17:52,518 DEBUG SQL:104 - 
    delete 
    from
        Student_secretCodes 
    where
        studentNumber=?
14:17:52,518 DEBUG BaseGeneralDataRegion:59 - Caching[foo.org.hibernate.cache.spi.UpdateTimestampsCache] : [Student_secretCodes] -> [5579090872393732]
14:17:52,518 DEBUG BaseGeneralDataRegion:59 - Caching[foo.org.hibernate.cache.spi.UpdateTimestampsCache] : [CourseMeeting] -> [5579090872393733]
14:17:52,530 DEBUG SQL:104 - 
    delete 
    from
        Enrolment 
    where
        studentId=? 
        and courseCode=?
14:17:52,531 DEBUG BaseGeneralDataRegion:59 - Caching[foo.org.hibernate.cache.spi.UpdateTimestampsCache] : [Enrolment] -> [5579090872446976]
14:17:52,531 DEBUG SQL:104 - 
    delete 
    from
        Address 
    where
        id=?
14:17:52,531 DEBUG BaseGeneralDataRegion:59 - Caching[foo.org.hibernate.cache.spi.UpdateTimestampsCache] : [Address] -> [5579090872446977]
14:17:52,532 DEBUG SQL:104 - 
    delete 
    from
        Address 
    where
        id=?
14:17:52,532 DEBUG BaseGeneralDataRegion:59 - Caching[foo.org.hibernate.cache.spi.UpdateTimestampsCache] : [Address] -> [5579090872451072]
14:17:52,532 DEBUG SQL:104 - 
    delete 
    from
        Student 
    where
        studentId=?
14:17:52,532 DEBUG BaseGeneralDataRegion:59 - Caching[foo.org.hibernate.cache.spi.UpdateTimestampsCache] : [Student] -> [5579090872451073]
14:17:52,532 DEBUG SQL:104 - 
    delete 
    from
        Enrolment 
    where
        studentId=? 
        and courseCode=?
14:17:52,532 DEBUG BaseGeneralDataRegion:59 - Caching[foo.org.hibernate.cache.spi.UpdateTimestampsCache] : [Enrolment] -> [5579090872451074]
14:17:52,532 DEBUG SQL:104 - 
    delete 
    from
        Student 
    where
        studentId=?
14:17:52,533 DEBUG BaseGeneralDataRegion:59 - Caching[foo.org.hibernate.cache.spi.UpdateTimestampsCache] : [Student] -> [5579090872455168]
14:17:52,533 DEBUG SQL:104 - 
    delete 
    from
        CourseMeeting 
    where
        courseCode=? 
        and day=? 
        and period=? 
        and location=?
14:17:52,562 DEBUG BaseGeneralDataRegion:59 - Caching[foo.org.hibernate.cache.spi.UpdateTimestampsCache] : [CourseMeeting] -> [5579090872573952]
14:17:52,563 DEBUG SQL:104 - 
    delete 
    from
        CourseMeeting 
    where
        courseCode=? 
        and day=? 
        and period=? 
        and location=?
14:17:52,563 DEBUG BaseGeneralDataRegion:59 - Caching[foo.org.hibernate.cache.spi.UpdateTimestampsCache] : [CourseMeeting] -> [5579090872578048]
14:17:52,563 DEBUG SQL:104 - 
    delete 
    from
        Course 
    where
        courseCode=?
14:17:52,564 DEBUG BaseGeneralDataRegion:59 - Caching[foo.org.hibernate.cache.spi.UpdateTimestampsCache] : [Course] -> [5579090872582144]
14:17:52,564 DEBUG BaseGeneralDataRegion:59 - Caching[foo.org.hibernate.cache.spi.UpdateTimestampsCache] : [Student] -> [5579090626822145]
14:17:52,564 DEBUG BaseGeneralDataRegion:59 - Caching[foo.org.hibernate.cache.spi.UpdateTimestampsCache] : [Course] -> [5579090626822145]
14:17:52,564 DEBUG BaseGeneralDataRegion:59 - Caching[foo.org.hibernate.cache.spi.UpdateTimestampsCache] : [Enrolment] -> [5579090626822145]
14:17:52,564 DEBUG BaseGeneralDataRegion:59 - Caching[foo.org.hibernate.cache.spi.UpdateTimestampsCache] : [Student_secretCodes] -> [5579090626822145]
14:17:52,577 DEBUG BaseGeneralDataRegion:59 - Caching[foo.org.hibernate.cache.spi.UpdateTimestampsCache] : [Address] -> [5579090626822145]
14:17:52,577 DEBUG BaseGeneralDataRegion:59 - Caching[foo.org.hibernate.cache.spi.UpdateTimestampsCache] : [CourseMeeting] -> [5579090626822145]
14:17:52,577  INFO CustomRunner:139 - Test: testEntityWithJoinedLazyOneToManyMultiAndNullListHql
14:17:52,579 DEBUG SQL:104 - 
    select
        coursemeet_.courseCode,
        coursemeet_.day,
        coursemeet_.period,
        coursemeet_.location 
    from
        CourseMeeting coursemeet_ 
    where
        coursemeet_.courseCode=? 
        and coursemeet_.day=? 
        and coursemeet_.period=? 
        and coursemeet_.location=?
14:17:52,580 DEBUG SQL:104 - 
    select
        coursemeet_.courseCode,
        coursemeet_.day,
        coursemeet_.period,
        coursemeet_.location 
    from
        CourseMeeting coursemeet_ 
    where
        coursemeet_.courseCode=? 
        and coursemeet_.day=? 
        and coursemeet_.period=? 
        and coursemeet_.location=?
14:17:52,582 DEBUG SQL:104 - 
    insert 
    into
        Course
        (description, courseCode) 
    values
        (?, ?)
14:17:52,583 DEBUG BaseGeneralDataRegion:59 - Caching[foo.org.hibernate.cache.spi.UpdateTimestampsCache] : [Course] -> [5579090872659968]
14:17:52,583 DEBUG SQL:104 - 
    insert 
    into
        CourseMeeting
        (courseCode, day, period, location) 
    values
        (?, ?, ?, ?)
14:17:52,583 DEBUG BaseGeneralDataRegion:59 - Caching[foo.org.hibernate.cache.spi.UpdateTimestampsCache] : [CourseMeeting] -> [5579090872659969]
14:17:52,583 DEBUG SQL:104 - 
    insert 
    into
        CourseMeeting
        (courseCode, day, period, location) 
    values
        (?, ?, ?, ?)
14:17:52,583 DEBUG BaseGeneralDataRegion:59 - Caching[foo.org.hibernate.cache.spi.UpdateTimestampsCache] : [CourseMeeting] -> [5579090872659970]
14:17:52,583 DEBUG SQL:104 - 
    insert 
    into
        Student
        (name_first, name_middle, name_last, preferredCourseCode, studentId) 
    values
        (?, ?, ?, ?, ?)
14:17:52,584 DEBUG BaseGeneralDataRegion:59 - Caching[foo.org.hibernate.cache.spi.UpdateTimestampsCache] : [Student] -> [5579090872664064]
14:17:52,584 DEBUG SQL:104 - 
    insert 
    into
        Address
        (addressType, street, city, stateProvince, postalCode, country, studentNumber, id) 
    values
        (?, ?, ?, ?, ?, ?, ?, ?)
14:17:52,584 DEBUG BaseGeneralDataRegion:59 - Caching[foo.org.hibernate.cache.spi.UpdateTimestampsCache] : [Address] -> [5579090872664065]
14:17:52,584 DEBUG SQL:104 - 
    insert 
    into
        Address
        (addressType, street, city, stateProvince, postalCode, country, studentNumber, id) 
    values
        (?, ?, ?, ?, ?, ?, ?, ?)
14:17:52,625 DEBUG BaseGeneralDataRegion:59 - Caching[foo.org.hibernate.cache.spi.UpdateTimestampsCache] : [Address] -> [5579090872832000]
14:17:52,626 DEBUG SQL:104 - 
    insert 
    into
        Student
        (name_first, name_middle, name_last, preferredCourseCode, studentId) 
    values
        (?, ?, ?, ?, ?)
14:17:52,626 DEBUG BaseGeneralDataRegion:59 - Caching[foo.org.hibernate.cache.spi.UpdateTimestampsCache] : [Student] -> [5579090872836096]
14:17:52,626 DEBUG SQL:104 - 
    insert 
    into
        Enrolment
        (semester, "year", studentId, courseCode) 
    values
        (?, ?, ?, ?)
14:17:52,626 DEBUG BaseGeneralDataRegion:59 - Caching[foo.org.hibernate.cache.spi.UpdateTimestampsCache] : [Enrolment] -> [5579090872836097]
14:17:52,626 DEBUG SQL:104 - 
    insert 
    into
        Enrolment
        (semester, "year", studentId, courseCode) 
    values
        (?, ?, ?, ?)
14:17:52,627 DEBUG BaseGeneralDataRegion:59 - Caching[foo.org.hibernate.cache.spi.UpdateTimestampsCache] : [Enrolment] -> [5579090872840192]
14:17:52,627 DEBUG BaseGeneralDataRegion:59 - Caching[foo.org.hibernate.cache.spi.UpdateTimestampsCache] : [CourseMeeting] -> [5579090872840193]
14:17:52,627 DEBUG BaseGeneralDataRegion:59 - Caching[foo.org.hibernate.cache.spi.UpdateTimestampsCache] : [Enrolment] -> [5579090872840194]
14:17:52,627 DEBUG SQL:104 - 
    update
        Address 
    set
        studentNumber=?,
        addressType=? 
    where
        id=?
14:17:52,627 DEBUG SQL:104 - 
    update
        Address 
    set
        studentNumber=?,
        addressType=? 
    where
        id=?
14:17:52,627 DEBUG BaseGeneralDataRegion:59 - Caching[foo.org.hibernate.cache.spi.UpdateTimestampsCache] : [Address] -> [5579090872840195]
14:17:52,627 DEBUG SQL:104 - 
    insert 
    into
        Student_secretCodes
        (studentNumber, i, secretCode) 
    values
        (?, ?, ?)
14:17:52,628 DEBUG BaseGeneralDataRegion:59 - Caching[foo.org.hibernate.cache.spi.UpdateTimestampsCache] : [Student_secretCodes] -> [5579090872844288]
14:17:52,628 DEBUG BaseGeneralDataRegion:59 - Caching[foo.org.hibernate.cache.spi.UpdateTimestampsCache] : [Enrolment] -> [5579090872844289]
14:17:52,628 DEBUG BaseGeneralDataRegion:59 - Caching[foo.org.hibernate.cache.spi.UpdateTimestampsCache] : [Address] -> [5579090872844290]
14:17:52,628 DEBUG SQL:104 - 
    insert 
    into
        Student_secretCodes
        (studentNumber, i, secretCode) 
    values
        (?, ?, ?)
14:17:52,642 DEBUG SQL:104 - 
    insert 
    into
        Student_secretCodes
        (studentNumber, i, secretCode) 
    values
        (?, ?, ?)
14:17:52,643 DEBUG BaseGeneralDataRegion:59 - Caching[foo.org.hibernate.cache.spi.UpdateTimestampsCache] : [Student_secretCodes] -> [5579090872905728]
14:17:52,643 DEBUG BaseGeneralDataRegion:59 - Caching[foo.org.hibernate.cache.spi.UpdateTimestampsCache] : [Student] -> [5579090627145729]
14:17:52,643 DEBUG BaseGeneralDataRegion:59 - Caching[foo.org.hibernate.cache.spi.UpdateTimestampsCache] : [Course] -> [5579090627145729]
14:17:52,643 DEBUG BaseGeneralDataRegion:59 - Caching[foo.org.hibernate.cache.spi.UpdateTimestampsCache] : [Enrolment] -> [5579090627145729]
14:17:52,643 DEBUG BaseGeneralDataRegion:59 - Caching[foo.org.hibernate.cache.spi.UpdateTimestampsCache] : [Student_secretCodes] -> [5579090627145729]
14:17:52,643 DEBUG BaseGeneralDataRegion:59 - Caching[foo.org.hibernate.cache.spi.UpdateTimestampsCache] : [Address] -> [5579090627145729]
14:17:52,643 DEBUG BaseGeneralDataRegion:59 - Caching[foo.org.hibernate.cache.spi.UpdateTimestampsCache] : [CourseMeeting] -> [5579090627145729]
14:17:52,644 DEBUG SQL:104 - 
    select
        student_.studentId,
        student_.name_first as name2_4_,
        student_.name_middle as name3_4_,
        student_.name_last as name4_4_,
        student_.preferredCourseCode as preferre5_4_ 
    from
        Student student_ 
    where
        student_.studentId=?
14:17:52,655 DEBUG SQL:104 - 
    select
        enrolment_.studentId,
        enrolment_.courseCode,
        enrolment_.semester as semester3_,
        enrolment_."year" as year4_3_ 
    from
        Enrolment enrolment_ 
    where
        enrolment_.studentId=? 
        and enrolment_.courseCode=?
14:17:52,655 DEBUG SQL:104 - 
    select
        course_.courseCode,
        course_.description as descript2_1_ 
    from
        Course course_ 
    where
        course_.courseCode=?
14:17:52,656 DEBUG SQL:104 - 
    select
        student_.studentId,
        student_.name_first as name2_4_,
        student_.name_middle as name3_4_,
        student_.name_last as name4_4_,
        student_.preferredCourseCode as preferre5_4_ 
    from
        Student student_ 
    where
        student_.studentId=?
14:17:52,656 DEBUG SQL:104 - 
    select
        enrolment_.studentId,
        enrolment_.courseCode,
        enrolment_.semester as semester3_,
        enrolment_."year" as year4_3_ 
    from
        Enrolment enrolment_ 
    where
        enrolment_.studentId=? 
        and enrolment_.courseCode=?
14:17:52,656 DEBUG SQL:104 - 
    select
        coursemeet_.courseCode,
        coursemeet_.day,
        coursemeet_.period,
        coursemeet_.location 
    from
        CourseMeeting coursemeet_ 
    where
        coursemeet_.courseCode=? 
        and coursemeet_.day=? 
        and coursemeet_.period=? 
        and coursemeet_.location=?
14:17:52,715 DEBUG SQL:104 - 
    select
        coursemeet_.courseCode,
        coursemeet_.day,
        coursemeet_.period,
        coursemeet_.location 
    from
        CourseMeeting coursemeet_ 
    where
        coursemeet_.courseCode=? 
        and coursemeet_.day=? 
        and coursemeet_.period=? 
        and coursemeet_.location=?
14:17:52,716 DEBUG BaseGeneralDataRegion:59 - Caching[foo.org.hibernate.cache.spi.UpdateTimestampsCache] : [Enrolment] -> [5579090873204736]
14:17:52,716 DEBUG SQL:104 - 
    update
        Address 
    set
        studentNumber=null,
        addressType=null 
    where
        studentNumber=?
14:17:52,728 DEBUG BaseGeneralDataRegion:59 - Caching[foo.org.hibernate.cache.spi.UpdateTimestampsCache] : [Address] -> [5579090873253888]
14:17:52,728 DEBUG SQL:104 - 
    delete 
    from
        Student_secretCodes 
    where
        studentNumber=?
14:17:52,728 DEBUG BaseGeneralDataRegion:59 - Caching[foo.org.hibernate.cache.spi.UpdateTimestampsCache] : [Student_secretCodes] -> [5579090873253889]
14:17:52,728 DEBUG BaseGeneralDataRegion:59 - Caching[foo.org.hibernate.cache.spi.UpdateTimestampsCache] : [Enrolment] -> [5579090873253890]
14:17:52,728 DEBUG BaseGeneralDataRegion:59 - Caching[foo.org.hibernate.cache.spi.UpdateTimestampsCache] : [Address] -> [5579090873253891]
14:17:52,729 DEBUG SQL:104 - 
    delete 
    from
        Student_secretCodes 
    where
        studentNumber=?
14:17:52,729 DEBUG BaseGeneralDataRegion:59 - Caching[foo.org.hibernate.cache.spi.UpdateTimestampsCache] : [Student_secretCodes] -> [5579090873257984]
14:17:52,729 DEBUG BaseGeneralDataRegion:59 - Caching[foo.org.hibernate.cache.spi.UpdateTimestampsCache] : [CourseMeeting] -> [5579090873257985]
14:17:52,729 DEBUG SQL:104 - 
    delete 
    from
        Enrolment 
    where
        studentId=? 
        and courseCode=?
14:17:52,729 DEBUG BaseGeneralDataRegion:59 - Caching[foo.org.hibernate.cache.spi.UpdateTimestampsCache] : [Enrolment] -> [5579090873257986]
14:17:52,729 DEBUG SQL:104 - 
    delete 
    from
        Address 
    where
        id=?
14:17:52,739 DEBUG BaseGeneralDataRegion:59 - Caching[foo.org.hibernate.cache.spi.UpdateTimestampsCache] : [Address] -> [5579090873298944]
14:17:52,739 DEBUG SQL:104 - 
    delete 
    from
        Address 
    where
        id=?
14:17:52,740 DEBUG BaseGeneralDataRegion:59 - Caching[foo.org.hibernate.cache.spi.UpdateTimestampsCache] : [Address] -> [5579090873303040]
14:17:52,740 DEBUG SQL:104 - 
    delete 
    from
        Student 
    where
        studentId=?
14:17:52,740 DEBUG BaseGeneralDataRegion:59 - Caching[foo.org.hibernate.cache.spi.UpdateTimestampsCache] : [Student] -> [5579090873303041]
14:17:52,740 DEBUG SQL:104 - 
    delete 
    from
        Enrolment 
    where
        studentId=? 
        and courseCode=?
14:17:52,740 DEBUG BaseGeneralDataRegion:59 - Caching[foo.org.hibernate.cache.spi.UpdateTimestampsCache] : [Enrolment] -> [5579090873303042]
14:17:52,740 DEBUG SQL:104 - 
    delete 
    from
        Student 
    where
        studentId=?
14:17:52,809 DEBUG BaseGeneralDataRegion:59 - Caching[foo.org.hibernate.cache.spi.UpdateTimestampsCache] : [Student] -> [5579090873585664]
14:17:52,809 DEBUG SQL:104 - 
    delete 
    from
        CourseMeeting 
    where
        courseCode=? 
        and day=? 
        and period=? 
        and location=?
14:17:52,809 DEBUG BaseGeneralDataRegion:59 - Caching[foo.org.hibernate.cache.spi.UpdateTimestampsCache] : [CourseMeeting] -> [5579090873585665]
14:17:52,809 DEBUG SQL:104 - 
    delete 
    from
        CourseMeeting 
    where
        courseCode=? 
        and day=? 
        and period=? 
        and location=?
14:17:52,810 DEBUG BaseGeneralDataRegion:59 - Caching[foo.org.hibernate.cache.spi.UpdateTimestampsCache] : [CourseMeeting] -> [5579090873589760]
14:17:52,810 DEBUG SQL:104 - 
    delete 
    from
        Course 
    where
        courseCode=?
14:17:52,810 DEBUG BaseGeneralDataRegion:59 - Caching[foo.org.hibernate.cache.spi.UpdateTimestampsCache] : [Course] -> [5579090873589761]
14:17:52,810 DEBUG BaseGeneralDataRegion:59 - Caching[foo.org.hibernate.cache.spi.UpdateTimestampsCache] : [Student] -> [5579090627829762]
14:17:52,810 DEBUG BaseGeneralDataRegion:59 - Caching[foo.org.hibernate.cache.spi.UpdateTimestampsCache] : [Course] -> [5579090627829762]
14:17:52,810 DEBUG BaseGeneralDataRegion:59 - Caching[foo.org.hibernate.cache.spi.UpdateTimestampsCache] : [Enrolment] -> [5579090627829762]
14:17:52,811 DEBUG BaseGeneralDataRegion:59 - Caching[foo.org.hibernate.cache.spi.UpdateTimestampsCache] : [Student_secretCodes] -> [5579090627829762]
14:17:52,811 DEBUG BaseGeneralDataRegion:59 - Caching[foo.org.hibernate.cache.spi.UpdateTimestampsCache] : [Address] -> [5579090627829762]
14:17:52,811 DEBUG BaseGeneralDataRegion:59 - Caching[foo.org.hibernate.cache.spi.UpdateTimestampsCache] : [CourseMeeting] -> [5579090627829762]
14:17:52,811 DEBUG SQL:104 - 
    select
        coursemeet_.courseCode,
        coursemeet_.day,
        coursemeet_.period,
        coursemeet_.location 
    from
        CourseMeeting coursemeet_ 
    where
        coursemeet_.courseCode=? 
        and coursemeet_.day=? 
        and coursemeet_.period=? 
        and coursemeet_.location=?
14:17:52,812 DEBUG SQL:104 - 
    select
        coursemeet_.courseCode,
        coursemeet_.day,
        coursemeet_.period,
        coursemeet_.location 
    from
        CourseMeeting coursemeet_ 
    where
        coursemeet_.courseCode=? 
        and coursemeet_.day=? 
        and coursemeet_.period=? 
        and coursemeet_.location=?
14:17:52,813 DEBUG SQL:104 - 
    insert 
    into
        Course
        (description, courseCode) 
    values
        (?, ?)
14:17:52,813 DEBUG BaseGeneralDataRegion:59 - Caching[foo.org.hibernate.cache.spi.UpdateTimestampsCache] : [Course] -> [5579090873602048]
14:17:52,813 DEBUG SQL:104 - 
    insert 
    into
        CourseMeeting
        (courseCode, day, period, location) 
    values
        (?, ?, ?, ?)
14:17:52,814 DEBUG BaseGeneralDataRegion:59 - Caching[foo.org.hibernate.cache.spi.UpdateTimestampsCache] : [CourseMeeting] -> [5579090873606144]
14:17:52,814 DEBUG SQL:104 - 
    insert 
    into
        CourseMeeting
        (courseCode, day, period, location) 
    values
        (?, ?, ?, ?)
14:17:52,814 DEBUG BaseGeneralDataRegion:59 - Caching[foo.org.hibernate.cache.spi.UpdateTimestampsCache] : [CourseMeeting] -> [5579090873606145]
14:17:52,814 DEBUG SQL:104 - 
    insert 
    into
        Student
        (name_first, name_middle, name_last, preferredCourseCode, studentId) 
    values
        (?, ?, ?, ?, ?)
14:17:52,814 DEBUG BaseGeneralDataRegion:59 - Caching[foo.org.hibernate.cache.spi.UpdateTimestampsCache] : [Student] -> [5579090873606146]
14:17:52,814 DEBUG SQL:104 - 
    insert 
    into
        Address
        (addressType, street, city, stateProvince, postalCode, country, studentNumber, id) 
    values
        (?, ?, ?, ?, ?, ?, ?, ?)
14:17:52,815 DEBUG BaseGeneralDataRegion:59 - Caching[foo.org.hibernate.cache.spi.UpdateTimestampsCache] : [Address] -> [5579090873610240]
14:17:52,815 DEBUG SQL:104 - 
    insert 
    into
        Address
        (addressType, street, city, stateProvince, postalCode, country, studentNumber, id) 
    values
        (?, ?, ?, ?, ?, ?, ?, ?)
14:17:52,815 DEBUG BaseGeneralDataRegion:59 - Caching[foo.org.hibernate.cache.spi.UpdateTimestampsCache] : [Address] -> [5579090873610241]
14:17:52,815 DEBUG SQL:104 - 
    insert 
    into
        Student
        (name_first, name_middle, name_last, preferredCourseCode, studentId) 
    values
        (?, ?, ?, ?, ?)
14:17:52,815 DEBUG BaseGeneralDataRegion:59 - Caching[foo.org.hibernate.cache.spi.UpdateTimestampsCache] : [Student] -> [5579090873610242]
14:17:52,815 DEBUG SQL:104 - 
    insert 
    into
        Enrolment
        (semester, "year", studentId, courseCode) 
    values
        (?, ?, ?, ?)
14:17:52,815 DEBUG BaseGeneralDataRegion:59 - Caching[foo.org.hibernate.cache.spi.UpdateTimestampsCache] : [Enrolment] -> [5579090873610243]
14:17:52,816 DEBUG SQL:104 - 
    insert 
    into
        Enrolment
        (semester, "year", studentId, courseCode) 
    values
        (?, ?, ?, ?)
14:17:52,816 DEBUG BaseGeneralDataRegion:59 - Caching[foo.org.hibernate.cache.spi.UpdateTimestampsCache] : [Enrolment] -> [5579090873614336]
14:17:52,816 DEBUG BaseGeneralDataRegion:59 - Caching[foo.org.hibernate.cache.spi.UpdateTimestampsCache] : [CourseMeeting] -> [5579090873614337]
14:17:52,816 DEBUG BaseGeneralDataRegion:59 - Caching[foo.org.hibernate.cache.spi.UpdateTimestampsCache] : [Enrolment] -> [5579090873614338]
14:17:52,838 DEBUG SQL:104 - 
    update
        Address 
    set
        studentNumber=?,
        addressType=? 
    where
        id=?
14:17:52,839 DEBUG SQL:104 - 
    update
        Address 
    set
        studentNumber=?,
        addressType=? 
    where
        id=?
14:17:52,840 DEBUG BaseGeneralDataRegion:59 - Caching[foo.org.hibernate.cache.spi.UpdateTimestampsCache] : [Address] -> [5579090873712640]
14:17:52,840 DEBUG SQL:104 - 
    insert 
    into
        Student_secretCodes
        (studentNumber, i, secretCode) 
    values
        (?, ?, ?)
14:17:52,840 DEBUG BaseGeneralDataRegion:59 - Caching[foo.org.hibernate.cache.spi.UpdateTimestampsCache] : [Student_secretCodes] -> [5579090873712641]
14:17:52,840 DEBUG BaseGeneralDataRegion:59 - Caching[foo.org.hibernate.cache.spi.UpdateTimestampsCache] : [Enrolment] -> [5579090873712642]
14:17:52,840 DEBUG BaseGeneralDataRegion:59 - Caching[foo.org.hibernate.cache.spi.UpdateTimestampsCache] : [Address] -> [5579090873712643]
14:17:52,840 DEBUG SQL:104 - 
    insert 
    into
        Student_secretCodes
        (studentNumber, i, secretCode) 
    values
        (?, ?, ?)
14:17:52,840 DEBUG SQL:104 - 
    insert 
    into
        Student_secretCodes
        (studentNumber, i, secretCode) 
    values
        (?, ?, ?)
14:17:52,841 DEBUG BaseGeneralDataRegion:59 - Caching[foo.org.hibernate.cache.spi.UpdateTimestampsCache] : [Student_secretCodes] -> [5579090873716736]
14:17:52,841 DEBUG BaseGeneralDataRegion:59 - Caching[foo.org.hibernate.cache.spi.UpdateTimestampsCache] : [Student] -> [5579090627956737]
14:17:52,841 DEBUG BaseGeneralDataRegion:59 - Caching[foo.org.hibernate.cache.spi.UpdateTimestampsCache] : [Course] -> [5579090627956737]
14:17:52,841 DEBUG BaseGeneralDataRegion:59 - Caching[foo.org.hibernate.cache.spi.UpdateTimestampsCache] : [Enrolment] -> [5579090627956737]
14:17:52,841 DEBUG BaseGeneralDataRegion:59 - Caching[foo.org.hibernate.cache.spi.UpdateTimestampsCache] : [Student_secretCodes] -> [5579090627956737]
14:17:52,841 DEBUG BaseGeneralDataRegion:59 - Caching[foo.org.hibernate.cache.spi.UpdateTimestampsCache] : [Address] -> [5579090627956737]
14:17:52,841 DEBUG BaseGeneralDataRegion:59 - Caching[foo.org.hibernate.cache.spi.UpdateTimestampsCache] : [CourseMeeting] -> [5579090627956737]
14:17:52,841 DEBUG SQL:104 - 
    select
        student_.studentId,
        student_.name_first as name2_4_,
        student_.name_middle as name3_4_,
        student_.name_last as name4_4_,
        student_.preferredCourseCode as preferre5_4_ 
    from
        Student student_ 
    where
        student_.studentId=?
14:17:52,842 DEBUG SQL:104 - 
    select
        enrolment_.studentId,
        enrolment_.courseCode,
        enrolment_.semester as semester3_,
        enrolment_."year" as year4_3_ 
    from
        Enrolment enrolment_ 
    where
        enrolment_.studentId=? 
        and enrolment_.courseCode=?
14:17:52,842 DEBUG SQL:104 - 
    select
        course_.courseCode,
        course_.description as descript2_1_ 
    from
        Course course_ 
    where
        course_.courseCode=?
14:17:52,843 DEBUG SQL:104 - 
    select
        student_.studentId,
        student_.name_first as name2_4_,
        student_.name_middle as name3_4_,
        student_.name_last as name4_4_,
        student_.preferredCourseCode as preferre5_4_ 
    from
        Student student_ 
    where
        student_.studentId=?
14:17:52,852 DEBUG SQL:104 - 
    select
        enrolment_.studentId,
        enrolment_.courseCode,
        enrolment_.semester as semester3_,
        enrolment_."year" as year4_3_ 
    from
        Enrolment enrolment_ 
    where
        enrolment_.studentId=? 
        and enrolment_.courseCode=?
14:17:52,853 DEBUG SQL:104 - 
    select
        coursemeet_.courseCode,
        coursemeet_.day,
        coursemeet_.period,
        coursemeet_.location 
    from
        CourseMeeting coursemeet_ 
    where
        coursemeet_.courseCode=? 
        and coursemeet_.day=? 
        and coursemeet_.period=? 
        and coursemeet_.location=?
14:17:52,853 DEBUG SQL:104 - 
    select
        coursemeet_.courseCode,
        coursemeet_.day,
        coursemeet_.period,
        coursemeet_.location 
    from
        CourseMeeting coursemeet_ 
    where
        coursemeet_.courseCode=? 
        and coursemeet_.day=? 
        and coursemeet_.period=? 
        and coursemeet_.location=?
14:17:52,864 DEBUG BaseGeneralDataRegion:59 - Caching[foo.org.hibernate.cache.spi.UpdateTimestampsCache] : [Enrolment] -> [5579090873810944]
14:17:52,864 DEBUG SQL:104 - 
    update
        Address 
    set
        studentNumber=null,
        addressType=null 
    where
        studentNumber=?
14:17:52,864 DEBUG BaseGeneralDataRegion:59 - Caching[foo.org.hibernate.cache.spi.UpdateTimestampsCache] : [Address] -> [5579090873810945]
14:17:52,865 DEBUG SQL:104 - 
    delete 
    from
        Student_secretCodes 
    where
        studentNumber=?
14:17:52,865 DEBUG BaseGeneralDataRegion:59 - Caching[foo.org.hibernate.cache.spi.UpdateTimestampsCache] : [Student_secretCodes] -> [5579090873815040]
14:17:52,865 DEBUG BaseGeneralDataRegion:59 - Caching[foo.org.hibernate.cache.spi.UpdateTimestampsCache] : [Enrolment] -> [5579090873815041]
14:17:52,865 DEBUG BaseGeneralDataRegion:59 - Caching[foo.org.hibernate.cache.spi.UpdateTimestampsCache] : [Address] -> [5579090873815042]
14:17:52,865 DEBUG SQL:104 - 
    delete 
    from
        Student_secretCodes 
    where
        studentNumber=?
14:17:52,881 DEBUG BaseGeneralDataRegion:59 - Caching[foo.org.hibernate.cache.spi.UpdateTimestampsCache] : [Student_secretCodes] -> [5579090873880576]
14:17:52,881 DEBUG BaseGeneralDataRegion:59 - Caching[foo.org.hibernate.cache.spi.UpdateTimestampsCache] : [CourseMeeting] -> [5579090873880577]
14:17:52,882 DEBUG SQL:104 - 
    delete 
    from
        Enrolment 
    where
        studentId=? 
        and courseCode=?
14:17:52,882 DEBUG BaseGeneralDataRegion:59 - Caching[foo.org.hibernate.cache.spi.UpdateTimestampsCache] : [Enrolment] -> [5579090873884672]
14:17:52,882 DEBUG SQL:104 - 
    delete 
    from
        Address 
    where
        id=?
14:17:52,883 DEBUG BaseGeneralDataRegion:59 - Caching[foo.org.hibernate.cache.spi.UpdateTimestampsCache] : [Address] -> [5579090873888768]
14:17:52,883 DEBUG SQL:104 - 
    delete 
    from
        Address 
    where
        id=?
14:17:52,884 DEBUG BaseGeneralDataRegion:59 - Caching[foo.org.hibernate.cache.spi.UpdateTimestampsCache] : [Address] -> [5579090873892864]
14:17:52,884 DEBUG SQL:104 - 
    delete 
    from
        Student 
    where
        studentId=?
14:17:52,884 DEBUG BaseGeneralDataRegion:59 - Caching[foo.org.hibernate.cache.spi.UpdateTimestampsCache] : [Student] -> [5579090873892865]
14:17:52,884 DEBUG SQL:104 - 
    delete 
    from
        Enrolment 
    where
        studentId=? 
        and courseCode=?
14:17:52,885 DEBUG BaseGeneralDataRegion:59 - Caching[foo.org.hibernate.cache.spi.UpdateTimestampsCache] : [Enrolment] -> [5579090873896960]
14:17:52,885 DEBUG SQL:104 - 
    delete 
    from
        Student 
    where
        studentId=?
14:17:52,886 DEBUG BaseGeneralDataRegion:59 - Caching[foo.org.hibernate.cache.spi.UpdateTimestampsCache] : [Student] -> [5579090873901056]
14:17:52,886 DEBUG SQL:104 - 
    delete 
    from
        CourseMeeting 
    where
        courseCode=? 
        and day=? 
        and period=? 
        and location=?
14:17:52,886 DEBUG BaseGeneralDataRegion:59 - Caching[foo.org.hibernate.cache.spi.UpdateTimestampsCache] : [CourseMeeting] -> [5579090873901057]
14:17:52,887 DEBUG SQL:104 - 
    delete 
    from
        CourseMeeting 
    where
        courseCode=? 
        and day=? 
        and period=? 
        and location=?
14:17:52,902 DEBUG BaseGeneralDataRegion:59 - Caching[foo.org.hibernate.cache.spi.UpdateTimestampsCache] : [CourseMeeting] -> [5579090873966592]
14:17:52,902 DEBUG SQL:104 - 
    delete 
    from
        Course 
    where
        courseCode=?
14:17:52,903 DEBUG BaseGeneralDataRegion:59 - Caching[foo.org.hibernate.cache.spi.UpdateTimestampsCache] : [Course] -> [5579090873970688]
14:17:52,903 DEBUG BaseGeneralDataRegion:59 - Caching[foo.org.hibernate.cache.spi.UpdateTimestampsCache] : [Student] -> [5579090628210689]
14:17:52,903 DEBUG BaseGeneralDataRegion:59 - Caching[foo.org.hibernate.cache.spi.UpdateTimestampsCache] : [Course] -> [5579090628210689]
14:17:52,903 DEBUG BaseGeneralDataRegion:59 - Caching[foo.org.hibernate.cache.spi.UpdateTimestampsCache] : [Enrolment] -> [5579090628210689]
14:17:52,903 DEBUG BaseGeneralDataRegion:59 - Caching[foo.org.hibernate.cache.spi.UpdateTimestampsCache] : [Student_secretCodes] -> [5579090628210689]
14:17:52,904 DEBUG BaseGeneralDataRegion:59 - Caching[foo.org.hibernate.cache.spi.UpdateTimestampsCache] : [Address] -> [5579090628210689]
14:17:52,904 DEBUG BaseGeneralDataRegion:59 - Caching[foo.org.hibernate.cache.spi.UpdateTimestampsCache] : [CourseMeeting] -> [5579090628210689]
14:17:52,904  INFO CustomRunner:139 - Test: testEntityWithJoinedLazyOneToManySingleElementListCriteria
14:17:52,925 DEBUG SQL:104 - 
    select
        coursemeet_.courseCode,
        coursemeet_.day,
        coursemeet_.period,
        coursemeet_.location 
    from
        CourseMeeting coursemeet_ 
    where
        coursemeet_.courseCode=? 
        and coursemeet_.day=? 
        and coursemeet_.period=? 
        and coursemeet_.location=?
14:17:52,926 DEBUG SQL:104 - 
    select
        coursemeet_.courseCode,
        coursemeet_.day,
        coursemeet_.period,
        coursemeet_.location 
    from
        CourseMeeting coursemeet_ 
    where
        coursemeet_.courseCode=? 
        and coursemeet_.day=? 
        and coursemeet_.period=? 
        and coursemeet_.location=?
14:17:52,927 DEBUG SQL:104 - 
    insert 
    into
        Course
        (description, courseCode) 
    values
        (?, ?)
14:17:52,928 DEBUG BaseGeneralDataRegion:59 - Caching[foo.org.hibernate.cache.spi.UpdateTimestampsCache] : [Course] -> [5579090874068992]
14:17:52,928 DEBUG SQL:104 - 
    insert 
    into
        CourseMeeting
        (courseCode, day, period, location) 
    values
        (?, ?, ?, ?)
14:17:52,928 DEBUG BaseGeneralDataRegion:59 - Caching[foo.org.hibernate.cache.spi.UpdateTimestampsCache] : [CourseMeeting] -> [5579090874073088]
14:17:52,928 DEBUG SQL:104 - 
    insert 
    into
        CourseMeeting
        (courseCode, day, period, location) 
    values
        (?, ?, ?, ?)
14:17:52,928 DEBUG BaseGeneralDataRegion:59 - Caching[foo.org.hibernate.cache.spi.UpdateTimestampsCache] : [CourseMeeting] -> [5579090874073089]
14:17:52,928 DEBUG SQL:104 - 
    insert 
    into
        Student
        (name_first, name_middle, name_last, preferredCourseCode, studentId) 
    values
        (?, ?, ?, ?, ?)
14:17:52,954 DEBUG BaseGeneralDataRegion:59 - Caching[foo.org.hibernate.cache.spi.UpdateTimestampsCache] : [Student] -> [5579090874179584]
14:17:52,955 DEBUG SQL:104 - 
    insert 
    into
        Address
        (addressType, street, city, stateProvince, postalCode, country, studentNumber, id) 
    values
        (?, ?, ?, ?, ?, ?, ?, ?)
14:17:52,955 DEBUG BaseGeneralDataRegion:59 - Caching[foo.org.hibernate.cache.spi.UpdateTimestampsCache] : [Address] -> [5579090874183680]
14:17:52,955 DEBUG SQL:104 - 
    insert 
    into
        Address
        (addressType, street, city, stateProvince, postalCode, country, studentNumber, id) 
    values
        (?, ?, ?, ?, ?, ?, ?, ?)
14:17:52,955 DEBUG BaseGeneralDataRegion:59 - Caching[foo.org.hibernate.cache.spi.UpdateTimestampsCache] : [Address] -> [5579090874183681]
14:17:52,955 DEBUG SQL:104 - 
    insert 
    into
        Student
        (name_first, name_middle, name_last, preferredCourseCode, studentId) 
    values
        (?, ?, ?, ?, ?)
14:17:52,955 DEBUG BaseGeneralDataRegion:59 - Caching[foo.org.hibernate.cache.spi.UpdateTimestampsCache] : [Student] -> [5579090874183682]
14:17:52,967 DEBUG SQL:104 - 
    insert 
    into
        Enrolment
        (semester, "year", studentId, courseCode) 
    values
        (?, ?, ?, ?)
14:17:52,968 DEBUG BaseGeneralDataRegion:59 - Caching[foo.org.hibernate.cache.spi.UpdateTimestampsCache] : [Enrolment] -> [5579090874236928]
14:17:52,975 DEBUG SQL:104 - 
    insert 
    into
        Enrolment
        (semester, "year", studentId, courseCode) 
    values
        (?, ?, ?, ?)
14:17:52,975 DEBUG BaseGeneralDataRegion:59 - Caching[foo.org.hibernate.cache.spi.UpdateTimestampsCache] : [Enrolment] -> [5579090874265600]
14:17:52,975 DEBUG BaseGeneralDataRegion:59 - Caching[foo.org.hibernate.cache.spi.UpdateTimestampsCache] : [CourseMeeting] -> [5579090874265601]
14:17:52,976 DEBUG BaseGeneralDataRegion:59 - Caching[foo.org.hibernate.cache.spi.UpdateTimestampsCache] : [Enrolment] -> [5579090874269696]
14:17:52,976 DEBUG SQL:104 - 
    update
        Address 
    set
        studentNumber=?,
        addressType=? 
    where
        id=?
14:17:52,976 DEBUG SQL:104 - 
    update
        Address 
    set
        studentNumber=?,
        addressType=? 
    where
        id=?
14:17:52,980 DEBUG BaseGeneralDataRegion:59 - Caching[foo.org.hibernate.cache.spi.UpdateTimestampsCache] : [Address] -> [5579090874286080]
14:17:52,980 DEBUG SQL:104 - 
    insert 
    into
        Student_secretCodes
        (studentNumber, i, secretCode) 
    values
        (?, ?, ?)
14:17:52,981 DEBUG BaseGeneralDataRegion:59 - Caching[foo.org.hibernate.cache.spi.UpdateTimestampsCache] : [Student_secretCodes] -> [5579090874290176]
14:17:52,981 DEBUG BaseGeneralDataRegion:59 - Caching[foo.org.hibernate.cache.spi.UpdateTimestampsCache] : [Enrolment] -> [5579090874290177]
14:17:52,981 DEBUG BaseGeneralDataRegion:59 - Caching[foo.org.hibernate.cache.spi.UpdateTimestampsCache] : [Address] -> [5579090874290178]
14:17:52,983 DEBUG SQL:104 - 
    insert 
    into
        Student_secretCodes
        (studentNumber, i, secretCode) 
    values
        (?, ?, ?)
14:17:52,983 DEBUG SQL:104 - 
    insert 
    into
        Student_secretCodes
        (studentNumber, i, secretCode) 
    values
        (?, ?, ?)
14:17:52,995 DEBUG BaseGeneralDataRegion:59 - Caching[foo.org.hibernate.cache.spi.UpdateTimestampsCache] : [Student_secretCodes] -> [5579090874347520]
14:17:52,996 DEBUG BaseGeneralDataRegion:59 - Caching[foo.org.hibernate.cache.spi.UpdateTimestampsCache] : [Student] -> [5579090628591616]
14:17:52,996 DEBUG BaseGeneralDataRegion:59 - Caching[foo.org.hibernate.cache.spi.UpdateTimestampsCache] : [Course] -> [5579090628591616]
14:17:52,996 DEBUG BaseGeneralDataRegion:59 - Caching[foo.org.hibernate.cache.spi.UpdateTimestampsCache] : [Enrolment] -> [5579090628591616]
14:17:52,996 DEBUG BaseGeneralDataRegion:59 - Caching[foo.org.hibernate.cache.spi.UpdateTimestampsCache] : [Student_secretCodes] -> [5579090628591616]
14:17:52,997 DEBUG BaseGeneralDataRegion:59 - Caching[foo.org.hibernate.cache.spi.UpdateTimestampsCache] : [Address] -> [5579090628591616]
14:17:52,997 DEBUG BaseGeneralDataRegion:59 - Caching[foo.org.hibernate.cache.spi.UpdateTimestampsCache] : [CourseMeeting] -> [5579090628591616]
14:17:52,997 DEBUG SQL:104 - 
    select
        this_.studentId as studentId4_1_,
        this_.name_first as name2_4_1_,
        this_.name_middle as name3_4_1_,
        this_.name_last as name4_4_1_,
        this_.preferredCourseCode as preferre5_4_1_,
        enrolment1_.studentId as studentId4_3_,
        enrolment1_.studentId as studentId3_3_,
        enrolment1_.courseCode as courseCode3_3_,
        enrolment1_.studentId as studentId3_0_,
        enrolment1_.courseCode as courseCode3_0_,
        enrolment1_.semester as semester3_0_,
        enrolment1_."year" as year4_3_0_ 
    from
        Student this_ 
    left outer join
        Enrolment enrolment1_ 
            on this_.studentId=enrolment1_.studentId 
    order by
        this_.studentId asc
14:17:52,998 DEBUG SQL:104 - 
    select
        course0_.courseCode as courseCode1_0_,
        course0_.description as descript2_1_0_ 
    from
        Course course0_ 
    where
        course0_.courseCode=?
14:17:53,008 DEBUG SQL:104 - 
    select
        secretcode0_.studentNumber as studentN1_4_0_,
        secretcode0_.secretCode as secretCode5_0_,
        secretcode0_.i as i0_ 
    from
        Student_secretCodes secretcode0_ 
    where
        secretcode0_.studentNumber=?
14:17:53,009 DEBUG SQL:104 - 
    select
        secretcode0_.studentNumber as studentN1_4_0_,
        secretcode0_.secretCode as secretCode5_0_,
        secretcode0_.i as i0_ 
    from
        Student_secretCodes secretcode0_ 
    where
        secretcode0_.studentNumber=?
14:17:53,009 DEBUG SQL:104 - 
    select
        coursemeet0_.courseCode as courseCode1_1_,
        coursemeet0_.courseCode as courseCode2_1_,
        coursemeet0_.day as day2_1_,
        coursemeet0_.period as period2_1_,
        coursemeet0_.location as location2_1_,
        coursemeet0_.courseCode as courseCode2_0_,
        coursemeet0_.day as day2_0_,
        coursemeet0_.period as period2_0_,
        coursemeet0_.location as location2_0_ 
    from
        CourseMeeting coursemeet0_ 
    where
        coursemeet0_.courseCode=?
14:17:53,010 DEBUG SQL:104 - 
    select
        this_.studentId as studentId4_1_,
        this_.name_first as name2_4_1_,
        this_.name_middle as name3_4_1_,
        this_.name_last as name4_4_1_,
        this_.preferredCourseCode as preferre5_4_1_,
        enrolment1_.studentId as studentId4_3_,
        enrolment1_.studentId as studentId3_3_,
        enrolment1_.courseCode as courseCode3_3_,
        enrolment1_.studentId as studentId3_0_,
        enrolment1_.courseCode as courseCode3_0_,
        enrolment1_.semester as semester3_0_,
        enrolment1_."year" as year4_3_0_ 
    from
        Student this_ 
    left outer join
        Enrolment enrolment1_ 
            on this_.studentId=enrolment1_.studentId 
    order by
        this_.studentId asc
14:17:53,011 DEBUG SQL:104 - 
    select
        course0_.courseCode as courseCode1_0_,
        course0_.description as descript2_1_0_ 
    from
        Course course0_ 
    where
        course0_.courseCode=?
14:17:53,025 DEBUG SQL:104 - 
    select
        secretcode0_.studentNumber as studentN1_4_0_,
        secretcode0_.secretCode as secretCode5_0_,
        secretcode0_.i as i0_ 
    from
        Student_secretCodes secretcode0_ 
    where
        secretcode0_.studentNumber=?
14:17:53,025 DEBUG SQL:104 - 
    select
        secretcode0_.studentNumber as studentN1_4_0_,
        secretcode0_.secretCode as secretCode5_0_,
        secretcode0_.i as i0_ 
    from
        Student_secretCodes secretcode0_ 
    where
        secretcode0_.studentNumber=?
14:17:53,026 DEBUG SQL:104 - 
    select
        coursemeet0_.courseCode as courseCode1_1_,
        coursemeet0_.courseCode as courseCode2_1_,
        coursemeet0_.day as day2_1_,
        coursemeet0_.period as period2_1_,
        coursemeet0_.location as location2_1_,
        coursemeet0_.courseCode as courseCode2_0_,
        coursemeet0_.day as day2_0_,
        coursemeet0_.period as period2_0_,
        coursemeet0_.location as location2_0_ 
    from
        CourseMeeting coursemeet0_ 
    where
        coursemeet0_.courseCode=?
14:17:53,035 DEBUG SQL:104 - 
    select
        student_.studentId,
        student_.name_first as name2_4_,
        student_.name_middle as name3_4_,
        student_.name_last as name4_4_,
        student_.preferredCourseCode as preferre5_4_ 
    from
        Student student_ 
    where
        student_.studentId=?
14:17:53,035 DEBUG SQL:104 - 
    select
        enrolment_.studentId,
        enrolment_.courseCode,
        enrolment_.semester as semester3_,
        enrolment_."year" as year4_3_ 
    from
        Enrolment enrolment_ 
    where
        enrolment_.studentId=? 
        and enrolment_.courseCode=?
14:17:53,036 DEBUG SQL:104 - 
    select
        course_.courseCode,
        course_.description as descript2_1_ 
    from
        Course course_ 
    where
        course_.courseCode=?
14:17:53,036 DEBUG SQL:104 - 
    select
        student_.studentId,
        student_.name_first as name2_4_,
        student_.name_middle as name3_4_,
        student_.name_last as name4_4_,
        student_.preferredCourseCode as preferre5_4_ 
    from
        Student student_ 
    where
        student_.studentId=?
14:17:53,058 DEBUG SQL:104 - 
    select
        enrolment_.studentId,
        enrolment_.courseCode,
        enrolment_.semester as semester3_,
        enrolment_."year" as year4_3_ 
    from
        Enrolment enrolment_ 
    where
        enrolment_.studentId=? 
        and enrolment_.courseCode=?
14:17:53,059 DEBUG SQL:104 - 
    select
        coursemeet_.courseCode,
        coursemeet_.day,
        coursemeet_.period,
        coursemeet_.location 
    from
        CourseMeeting coursemeet_ 
    where
        coursemeet_.courseCode=? 
        and coursemeet_.day=? 
        and coursemeet_.period=? 
        and coursemeet_.location=?
14:17:53,072 DEBUG SQL:104 - 
    select
        coursemeet_.courseCode,
        coursemeet_.day,
        coursemeet_.period,
        coursemeet_.location 
    from
        CourseMeeting coursemeet_ 
    where
        coursemeet_.courseCode=? 
        and coursemeet_.day=? 
        and coursemeet_.period=? 
        and coursemeet_.location=?
14:17:53,073 DEBUG BaseGeneralDataRegion:59 - Caching[foo.org.hibernate.cache.spi.UpdateTimestampsCache] : [Enrolment] -> [5579090874667008]
14:17:53,073 DEBUG SQL:104 - 
    update
        Address 
    set
        studentNumber=null,
        addressType=null 
    where
        studentNumber=?
14:17:53,074 DEBUG BaseGeneralDataRegion:59 - Caching[foo.org.hibernate.cache.spi.UpdateTimestampsCache] : [Address] -> [5579090874671104]
14:17:53,074 DEBUG SQL:104 - 
    delete 
    from
        Student_secretCodes 
    where
        studentNumber=?
14:17:53,074 DEBUG BaseGeneralDataRegion:59 - Caching[foo.org.hibernate.cache.spi.UpdateTimestampsCache] : [Student_secretCodes] -> [5579090874671105]
14:17:53,086 DEBUG BaseGeneralDataRegion:59 - Caching[foo.org.hibernate.cache.spi.UpdateTimestampsCache] : [Enrolment] -> [5579090874720256]
14:17:53,086 DEBUG BaseGeneralDataRegion:59 - Caching[foo.org.hibernate.cache.spi.UpdateTimestampsCache] : [Address] -> [5579090874720257]
14:17:53,086 DEBUG SQL:104 - 
    delete 
    from
        Student_secretCodes 
    where
        studentNumber=?
14:17:53,087 DEBUG BaseGeneralDataRegion:59 - Caching[foo.org.hibernate.cache.spi.UpdateTimestampsCache] : [Student_secretCodes] -> [5579090874724352]
14:17:53,087 DEBUG BaseGeneralDataRegion:59 - Caching[foo.org.hibernate.cache.spi.UpdateTimestampsCache] : [CourseMeeting] -> [5579090874724353]
14:17:53,087 DEBUG SQL:104 - 
    delete 
    from
        Enrolment 
    where
        studentId=? 
        and courseCode=?
14:17:53,087 DEBUG BaseGeneralDataRegion:59 - Caching[foo.org.hibernate.cache.spi.UpdateTimestampsCache] : [Enrolment] -> [5579090874724354]
14:17:53,087 DEBUG SQL:104 - 
    delete 
    from
        Address 
    where
        id=?
14:17:53,087 DEBUG BaseGeneralDataRegion:59 - Caching[foo.org.hibernate.cache.spi.UpdateTimestampsCache] : [Address] -> [5579090874724355]
14:17:53,088 DEBUG SQL:104 - 
    delete 
    from
        Address 
    where
        id=?
14:17:53,097 DEBUG BaseGeneralDataRegion:59 - Caching[foo.org.hibernate.cache.spi.UpdateTimestampsCache] : [Address] -> [5579090874765312]
14:17:53,098 DEBUG SQL:104 - 
    delete 
    from
        Student 
    where
        studentId=?
14:17:53,098 DEBUG BaseGeneralDataRegion:59 - Caching[foo.org.hibernate.cache.spi.UpdateTimestampsCache] : [Student] -> [5579090874769408]
14:17:53,098 DEBUG SQL:104 - 
    delete 
    from
        Enrolment 
    where
        studentId=? 
        and courseCode=?
14:17:53,099 DEBUG BaseGeneralDataRegion:59 - Caching[foo.org.hibernate.cache.spi.UpdateTimestampsCache] : [Enrolment] -> [5579090874773504]
14:17:53,099 DEBUG SQL:104 - 
    delete 
    from
        Student 
    where
        studentId=?
14:17:53,099 DEBUG BaseGeneralDataRegion:59 - Caching[foo.org.hibernate.cache.spi.UpdateTimestampsCache] : [Student] -> [5579090874773505]
14:17:53,099 DEBUG SQL:104 - 
    delete 
    from
        CourseMeeting 
    where
        courseCode=? 
        and day=? 
        and period=? 
        and location=?
14:17:53,109 DEBUG BaseGeneralDataRegion:59 - Caching[foo.org.hibernate.cache.spi.UpdateTimestampsCache] : [CourseMeeting] -> [5579090874814464]
14:17:53,110 DEBUG SQL:104 - 
    delete 
    from
        CourseMeeting 
    where
        courseCode=? 
        and day=? 
        and period=? 
        and location=?
14:17:53,110 DEBUG BaseGeneralDataRegion:59 - Caching[foo.org.hibernate.cache.spi.UpdateTimestampsCache] : [CourseMeeting] -> [5579090874818560]
14:17:53,110 DEBUG SQL:104 - 
    delete 
    from
        Course 
    where
        courseCode=?
14:17:53,110 DEBUG BaseGeneralDataRegion:59 - Caching[foo.org.hibernate.cache.spi.UpdateTimestampsCache] : [Course] -> [5579090874818561]
14:17:53,111 DEBUG BaseGeneralDataRegion:59 - Caching[foo.org.hibernate.cache.spi.UpdateTimestampsCache] : [Student] -> [5579090629062656]
14:17:53,111 DEBUG BaseGeneralDataRegion:59 - Caching[foo.org.hibernate.cache.spi.UpdateTimestampsCache] : [Course] -> [5579090629062656]
14:17:53,111 DEBUG BaseGeneralDataRegion:59 - Caching[foo.org.hibernate.cache.spi.UpdateTimestampsCache] : [Enrolment] -> [5579090629062656]
14:17:53,111 DEBUG BaseGeneralDataRegion:59 - Caching[foo.org.hibernate.cache.spi.UpdateTimestampsCache] : [Student_secretCodes] -> [5579090629062656]
14:17:53,111 DEBUG BaseGeneralDataRegion:59 - Caching[foo.org.hibernate.cache.spi.UpdateTimestampsCache] : [Address] -> [5579090629062656]
14:17:53,111 DEBUG BaseGeneralDataRegion:59 - Caching[foo.org.hibernate.cache.spi.UpdateTimestampsCache] : [CourseMeeting] -> [5579090629062656]
14:17:53,111 DEBUG SQL:104 - 
    select
        coursemeet_.courseCode,
        coursemeet_.day,
        coursemeet_.period,
        coursemeet_.location 
    from
        CourseMeeting coursemeet_ 
    where
        coursemeet_.courseCode=? 
        and coursemeet_.day=? 
        and coursemeet_.period=? 
        and coursemeet_.location=?
14:17:53,122 DEBUG SQL:104 - 
    select
        coursemeet_.courseCode,
        coursemeet_.day,
        coursemeet_.period,
        coursemeet_.location 
    from
        CourseMeeting coursemeet_ 
    where
        coursemeet_.courseCode=? 
        and coursemeet_.day=? 
        and coursemeet_.period=? 
        and coursemeet_.location=?
14:17:53,123 DEBUG SQL:104 - 
    insert 
    into
        Course
        (description, courseCode) 
    values
        (?, ?)
14:17:53,133 DEBUG BaseGeneralDataRegion:59 - Caching[foo.org.hibernate.cache.spi.UpdateTimestampsCache] : [Course] -> [5579090874912768]
14:17:53,133 DEBUG SQL:104 - 
    insert 
    into
        CourseMeeting
        (courseCode, day, period, location) 
    values
        (?, ?, ?, ?)
14:17:53,133 DEBUG BaseGeneralDataRegion:59 - Caching[foo.org.hibernate.cache.spi.UpdateTimestampsCache] : [CourseMeeting] -> [5579090874912769]
14:17:53,133 DEBUG SQL:104 - 
    insert 
    into
        CourseMeeting
        (courseCode, day, period, location) 
    values
        (?, ?, ?, ?)
14:17:53,134 DEBUG BaseGeneralDataRegion:59 - Caching[foo.org.hibernate.cache.spi.UpdateTimestampsCache] : [CourseMeeting] -> [5579090874916864]
14:17:53,134 DEBUG SQL:104 - 
    insert 
    into
        Student
        (name_first, name_middle, name_last, preferredCourseCode, studentId) 
    values
        (?, ?, ?, ?, ?)
14:17:53,134 DEBUG BaseGeneralDataRegion:59 - Caching[foo.org.hibernate.cache.spi.UpdateTimestampsCache] : [Student] -> [5579090874916865]
14:17:53,134 DEBUG SQL:104 - 
    insert 
    into
        Address
        (addressType, street, city, stateProvince, postalCode, country, studentNumber, id) 
    values
        (?, ?, ?, ?, ?, ?, ?, ?)
14:17:53,144 DEBUG BaseGeneralDataRegion:59 - Caching[foo.org.hibernate.cache.spi.UpdateTimestampsCache] : [Address] -> [5579090874957824]
14:17:53,144 DEBUG SQL:104 - 
    insert 
    into
        Address
        (addressType, street, city, stateProvince, postalCode, country, studentNumber, id) 
    values
        (?, ?, ?, ?, ?, ?, ?, ?)
14:17:53,145 DEBUG BaseGeneralDataRegion:59 - Caching[foo.org.hibernate.cache.spi.UpdateTimestampsCache] : [Address] -> [5579090874961920]
14:17:53,145 DEBUG SQL:104 - 
    insert 
    into
        Student
        (name_first, name_middle, name_last, preferredCourseCode, studentId) 
    values
        (?, ?, ?, ?, ?)
14:17:53,145 DEBUG BaseGeneralDataRegion:59 - Caching[foo.org.hibernate.cache.spi.UpdateTimestampsCache] : [Student] -> [5579090874961921]
14:17:53,145 DEBUG SQL:104 - 
    insert 
    into
        Enrolment
        (semester, "year", studentId, courseCode) 
    values
        (?, ?, ?, ?)
14:17:53,145 DEBUG BaseGeneralDataRegion:59 - Caching[foo.org.hibernate.cache.spi.UpdateTimestampsCache] : [Enrolment] -> [5579090874961922]
14:17:53,145 DEBUG SQL:104 - 
    insert 
    into
        Enrolment
        (semester, "year", studentId, courseCode) 
    values
        (?, ?, ?, ?)
14:17:53,146 DEBUG BaseGeneralDataRegion:59 - Caching[foo.org.hibernate.cache.spi.UpdateTimestampsCache] : [Enrolment] -> [5579090874966016]
14:17:53,146 DEBUG BaseGeneralDataRegion:59 - Caching[foo.org.hibernate.cache.spi.UpdateTimestampsCache] : [CourseMeeting] -> [5579090874966017]
14:17:53,146 DEBUG BaseGeneralDataRegion:59 - Caching[foo.org.hibernate.cache.spi.UpdateTimestampsCache] : [Enrolment] -> [5579090874966018]
14:17:53,146 DEBUG SQL:104 - 
    update
        Address 
    set
        studentNumber=?,
        addressType=? 
    where
        id=?
14:17:53,146 DEBUG SQL:104 - 
    update
        Address 
    set
        studentNumber=?,
        addressType=? 
    where
        id=?
14:17:53,146 DEBUG BaseGeneralDataRegion:59 - Caching[foo.org.hibernate.cache.spi.UpdateTimestampsCache] : [Address] -> [5579090874966019]
14:17:53,146 DEBUG SQL:104 - 
    insert 
    into
        Student_secretCodes
        (studentNumber, i, secretCode) 
    values
        (?, ?, ?)
14:17:53,159 DEBUG BaseGeneralDataRegion:59 - Caching[foo.org.hibernate.cache.spi.UpdateTimestampsCache] : [Student_secretCodes] -> [5579090875019264]
14:17:53,160 DEBUG BaseGeneralDataRegion:59 - Caching[foo.org.hibernate.cache.spi.UpdateTimestampsCache] : [Enrolment] -> [5579090875023360]
14:17:53,160 DEBUG BaseGeneralDataRegion:59 - Caching[foo.org.hibernate.cache.spi.UpdateTimestampsCache] : [Address] -> [5579090875023361]
14:17:53,160 DEBUG SQL:104 - 
    insert 
    into
        Student_secretCodes
        (studentNumber, i, secretCode) 
    values
        (?, ?, ?)
14:17:53,160 DEBUG SQL:104 - 
    insert 
    into
        Student_secretCodes
        (studentNumber, i, secretCode) 
    values
        (?, ?, ?)
14:17:53,160 DEBUG BaseGeneralDataRegion:59 - Caching[foo.org.hibernate.cache.spi.UpdateTimestampsCache] : [Student_secretCodes] -> [5579090875023362]
14:17:53,161 DEBUG BaseGeneralDataRegion:59 - Caching[foo.org.hibernate.cache.spi.UpdateTimestampsCache] : [Student] -> [5579090629267456]
14:17:53,161 DEBUG BaseGeneralDataRegion:59 - Caching[foo.org.hibernate.cache.spi.UpdateTimestampsCache] : [Course] -> [5579090629267456]
14:17:53,161 DEBUG BaseGeneralDataRegion:59 - Caching[foo.org.hibernate.cache.spi.UpdateTimestampsCache] : [Enrolment] -> [5579090629267456]
14:17:53,161 DEBUG BaseGeneralDataRegion:59 - Caching[foo.org.hibernate.cache.spi.UpdateTimestampsCache] : [Student_secretCodes] -> [5579090629267456]
14:17:53,161 DEBUG BaseGeneralDataRegion:59 - Caching[foo.org.hibernate.cache.spi.UpdateTimestampsCache] : [Address] -> [5579090629267456]
14:17:53,161 DEBUG BaseGeneralDataRegion:59 - Caching[foo.org.hibernate.cache.spi.UpdateTimestampsCache] : [CourseMeeting] -> [5579090629267456]
14:17:53,162 DEBUG SQL:104 - 
    select
        this_.studentId as studentId4_1_,
        this_.name_first as name2_4_1_,
        this_.name_middle as name3_4_1_,
        this_.name_last as name4_4_1_,
        this_.preferredCourseCode as preferre5_4_1_,
        e1_.studentId as studentId4_3_,
        e1_.studentId as studentId3_3_,
        e1_.courseCode as courseCode3_3_,
        e1_.studentId as studentId3_0_,
        e1_.courseCode as courseCode3_0_,
        e1_.semester as semester3_0_,
        e1_."year" as year4_3_0_ 
    from
        Student this_ 
    left outer join
        Enrolment e1_ 
            on this_.studentId=e1_.studentId 
    order by
        this_.studentId asc
14:17:53,173 DEBUG SQL:104 - 
    select
        course0_.courseCode as courseCode1_0_,
        course0_.description as descript2_1_0_ 
    from
        Course course0_ 
    where
        course0_.courseCode=?
14:17:53,174 DEBUG SQL:104 - 
    select
        secretcode0_.studentNumber as studentN1_4_0_,
        secretcode0_.secretCode as secretCode5_0_,
        secretcode0_.i as i0_ 
    from
        Student_secretCodes secretcode0_ 
    where
        secretcode0_.studentNumber=?
14:17:53,174 DEBUG SQL:104 - 
    select
        secretcode0_.studentNumber as studentN1_4_0_,
        secretcode0_.secretCode as secretCode5_0_,
        secretcode0_.i as i0_ 
    from
        Student_secretCodes secretcode0_ 
    where
        secretcode0_.studentNumber=?
14:17:53,175 DEBUG SQL:104 - 
    select
        coursemeet0_.courseCode as courseCode1_1_,
        coursemeet0_.courseCode as courseCode2_1_,
        coursemeet0_.day as day2_1_,
        coursemeet0_.period as period2_1_,
        coursemeet0_.location as location2_1_,
        coursemeet0_.courseCode as courseCode2_0_,
        coursemeet0_.day as day2_0_,
        coursemeet0_.period as period2_0_,
        coursemeet0_.location as location2_0_ 
    from
        CourseMeeting coursemeet0_ 
    where
        coursemeet0_.courseCode=?
14:17:53,199 DEBUG SQL:104 - 
    select
        this_.studentId as studentId4_1_,
        this_.name_first as name2_4_1_,
        this_.name_middle as name3_4_1_,
        this_.name_last as name4_4_1_,
        this_.preferredCourseCode as preferre5_4_1_,
        e1_.studentId as studentId4_3_,
        e1_.studentId as studentId3_3_,
        e1_.courseCode as courseCode3_3_,
        e1_.studentId as studentId3_0_,
        e1_.courseCode as courseCode3_0_,
        e1_.semester as semester3_0_,
        e1_."year" as year4_3_0_ 
    from
        Student this_ 
    left outer join
        Enrolment e1_ 
            on this_.studentId=e1_.studentId 
    order by
        this_.studentId asc
14:17:53,201 DEBUG SQL:104 - 
    select
        course0_.courseCode as courseCode1_0_,
        course0_.description as descript2_1_0_ 
    from
        Course course0_ 
    where
        course0_.courseCode=?
14:17:53,202 DEBUG SQL:104 - 
    select
        secretcode0_.studentNumber as studentN1_4_0_,
        secretcode0_.secretCode as secretCode5_0_,
        secretcode0_.i as i0_ 
    from
        Student_secretCodes secretcode0_ 
    where
        secretcode0_.studentNumber=?
14:17:53,202 DEBUG SQL:104 - 
    select
        secretcode0_.studentNumber as studentN1_4_0_,
        secretcode0_.secretCode as secretCode5_0_,
        secretcode0_.i as i0_ 
    from
        Student_secretCodes secretcode0_ 
    where
        secretcode0_.studentNumber=?
14:17:53,202 DEBUG SQL:104 - 
    select
        coursemeet0_.courseCode as courseCode1_1_,
        coursemeet0_.courseCode as courseCode2_1_,
        coursemeet0_.day as day2_1_,
        coursemeet0_.period as period2_1_,
        coursemeet0_.location as location2_1_,
        coursemeet0_.courseCode as courseCode2_0_,
        coursemeet0_.day as day2_0_,
        coursemeet0_.period as period2_0_,
        coursemeet0_.location as location2_0_ 
    from
        CourseMeeting coursemeet0_ 
    where
        coursemeet0_.courseCode=?
14:17:53,228 DEBUG SQL:104 - 
    select
        student_.studentId,
        student_.name_first as name2_4_,
        student_.name_middle as name3_4_,
        student_.name_last as name4_4_,
        student_.preferredCourseCode as preferre5_4_ 
    from
        Student student_ 
    where
        student_.studentId=?
14:17:53,229 DEBUG SQL:104 - 
    select
        enrolment_.studentId,
        enrolment_.courseCode,
        enrolment_.semester as semester3_,
        enrolment_."year" as year4_3_ 
    from
        Enrolment enrolment_ 
    where
        enrolment_.studentId=? 
        and enrolment_.courseCode=?
14:17:53,229 DEBUG SQL:104 - 
    select
        course_.courseCode,
        course_.description as descript2_1_ 
    from
        Course course_ 
    where
        course_.courseCode=?
14:17:53,239 DEBUG SQL:104 - 
    select
        student_.studentId,
        student_.name_first as name2_4_,
        student_.name_middle as name3_4_,
        student_.name_last as name4_4_,
        student_.preferredCourseCode as preferre5_4_ 
    from
        Student student_ 
    where
        student_.studentId=?
14:17:53,240 DEBUG SQL:104 - 
    select
        enrolment_.studentId,
        enrolment_.courseCode,
        enrolment_.semester as semester3_,
        enrolment_."year" as year4_3_ 
    from
        Enrolment enrolment_ 
    where
        enrolment_.studentId=? 
        and enrolment_.courseCode=?
14:17:53,240 DEBUG SQL:104 - 
    select
        coursemeet_.courseCode,
        coursemeet_.day,
        coursemeet_.period,
        coursemeet_.location 
    from
        CourseMeeting coursemeet_ 
    where
        coursemeet_.courseCode=? 
        and coursemeet_.day=? 
        and coursemeet_.period=? 
        and coursemeet_.location=?
14:17:53,250 DEBUG SQL:104 - 
    select
        coursemeet_.courseCode,
        coursemeet_.day,
        coursemeet_.period,
        coursemeet_.location 
    from
        CourseMeeting coursemeet_ 
    where
        coursemeet_.courseCode=? 
        and coursemeet_.day=? 
        and coursemeet_.period=? 
        and coursemeet_.location=?
14:17:53,251 DEBUG BaseGeneralDataRegion:59 - Caching[foo.org.hibernate.cache.spi.UpdateTimestampsCache] : [Enrolment] -> [5579090875396096]
14:17:53,251 DEBUG SQL:104 - 
    update
        Address 
    set
        studentNumber=null,
        addressType=null 
    where
        studentNumber=?
14:17:53,251 DEBUG BaseGeneralDataRegion:59 - Caching[foo.org.hibernate.cache.spi.UpdateTimestampsCache] : [Address] -> [5579090875396097]
14:17:53,251 DEBUG SQL:104 - 
    delete 
    from
        Student_secretCodes 
    where
        studentNumber=?
14:17:53,260 DEBUG BaseGeneralDataRegion:59 - Caching[foo.org.hibernate.cache.spi.UpdateTimestampsCache] : [Student_secretCodes] -> [5579090875432960]
14:17:53,260 DEBUG BaseGeneralDataRegion:59 - Caching[foo.org.hibernate.cache.spi.UpdateTimestampsCache] : [Enrolment] -> [5579090875432961]
14:17:53,260 DEBUG BaseGeneralDataRegion:59 - Caching[foo.org.hibernate.cache.spi.UpdateTimestampsCache] : [Address] -> [5579090875432962]
14:17:53,260 DEBUG SQL:104 - 
    delete 
    from
        Student_secretCodes 
    where
        studentNumber=?
14:17:53,260 DEBUG BaseGeneralDataRegion:59 - Caching[foo.org.hibernate.cache.spi.UpdateTimestampsCache] : [Student_secretCodes] -> [5579090875432963]
14:17:53,260 DEBUG BaseGeneralDataRegion:59 - Caching[foo.org.hibernate.cache.spi.UpdateTimestampsCache] : [CourseMeeting] -> [5579090875432964]
14:17:53,260 DEBUG SQL:104 - 
    delete 
    from
        Enrolment 
    where
        studentId=? 
        and courseCode=?
14:17:53,261 DEBUG BaseGeneralDataRegion:59 - Caching[foo.org.hibernate.cache.spi.UpdateTimestampsCache] : [Enrolment] -> [5579090875437056]
14:17:53,261 DEBUG SQL:104 - 
    delete 
    from
        Address 
    where
        id=?
14:17:53,271 DEBUG BaseGeneralDataRegion:59 - Caching[foo.org.hibernate.cache.spi.UpdateTimestampsCache] : [Address] -> [5579090875478016]
14:17:53,271 DEBUG SQL:104 - 
    delete 
    from
        Address 
    where
        id=?
14:17:53,271 DEBUG BaseGeneralDataRegion:59 - Caching[foo.org.hibernate.cache.spi.UpdateTimestampsCache] : [Address] -> [5579090875478017]
14:17:53,271 DEBUG SQL:104 - 
    delete 
    from
        Student 
    where
        studentId=?
14:17:53,271 DEBUG BaseGeneralDataRegion:59 - Caching[foo.org.hibernate.cache.spi.UpdateTimestampsCache] : [Student] -> [5579090875478018]
14:17:53,271 DEBUG SQL:104 - 
    delete 
    from
        Enrolment 
    where
        studentId=? 
        and courseCode=?
14:17:53,272 DEBUG BaseGeneralDataRegion:59 - Caching[foo.org.hibernate.cache.spi.UpdateTimestampsCache] : [Enrolment] -> [5579090875482112]
14:17:53,272 DEBUG SQL:104 - 
    delete 
    from
        Student 
    where
        studentId=?
14:17:53,272 DEBUG BaseGeneralDataRegion:59 - Caching[foo.org.hibernate.cache.spi.UpdateTimestampsCache] : [Student] -> [5579090875482113]
14:17:53,281 DEBUG SQL:104 - 
    delete 
    from
        CourseMeeting 
    where
        courseCode=? 
        and day=? 
        and period=? 
        and location=?
14:17:53,281 DEBUG BaseGeneralDataRegion:59 - Caching[foo.org.hibernate.cache.spi.UpdateTimestampsCache] : [CourseMeeting] -> [5579090875518976]
14:17:53,282 DEBUG SQL:104 - 
    delete 
    from
        CourseMeeting 
    where
        courseCode=? 
        and day=? 
        and period=? 
        and location=?
14:17:53,282 DEBUG BaseGeneralDataRegion:59 - Caching[foo.org.hibernate.cache.spi.UpdateTimestampsCache] : [CourseMeeting] -> [5579090875523072]
14:17:53,282 DEBUG SQL:104 - 
    delete 
    from
        Course 
    where
        courseCode=?
14:17:53,282 DEBUG BaseGeneralDataRegion:59 - Caching[foo.org.hibernate.cache.spi.UpdateTimestampsCache] : [Course] -> [5579090875523073]
14:17:53,282 DEBUG BaseGeneralDataRegion:59 - Caching[foo.org.hibernate.cache.spi.UpdateTimestampsCache] : [Student] -> [5579090629763074]
14:17:53,282 DEBUG BaseGeneralDataRegion:59 - Caching[foo.org.hibernate.cache.spi.UpdateTimestampsCache] : [Course] -> [5579090629763074]
14:17:53,283 DEBUG BaseGeneralDataRegion:59 - Caching[foo.org.hibernate.cache.spi.UpdateTimestampsCache] : [Enrolment] -> [5579090629763074]
14:17:53,283 DEBUG BaseGeneralDataRegion:59 - Caching[foo.org.hibernate.cache.spi.UpdateTimestampsCache] : [Student_secretCodes] -> [5579090629763074]
14:17:53,283 DEBUG BaseGeneralDataRegion:59 - Caching[foo.org.hibernate.cache.spi.UpdateTimestampsCache] : [Address] -> [5579090629763074]
14:17:53,283 DEBUG BaseGeneralDataRegion:59 - Caching[foo.org.hibernate.cache.spi.UpdateTimestampsCache] : [CourseMeeting] -> [5579090629763074]
14:17:53,283 DEBUG SQL:104 - 
    select
        coursemeet_.courseCode,
        coursemeet_.day,
        coursemeet_.period,
        coursemeet_.location 
    from
        CourseMeeting coursemeet_ 
    where
        coursemeet_.courseCode=? 
        and coursemeet_.day=? 
        and coursemeet_.period=? 
        and coursemeet_.location=?
14:17:53,284 DEBUG SQL:104 - 
    select
        coursemeet_.courseCode,
        coursemeet_.day,
        coursemeet_.period,
        coursemeet_.location 
    from
        CourseMeeting coursemeet_ 
    where
        coursemeet_.courseCode=? 
        and coursemeet_.day=? 
        and coursemeet_.period=? 
        and coursemeet_.location=?
14:17:53,285 DEBUG SQL:104 - 
    insert 
    into
        Course
        (description, courseCode) 
    values
        (?, ?)
14:17:53,293 DEBUG BaseGeneralDataRegion:59 - Caching[foo.org.hibernate.cache.spi.UpdateTimestampsCache] : [Course] -> [5579090875568128]
14:17:53,293 DEBUG SQL:104 - 
    insert 
    into
        CourseMeeting
        (courseCode, day, period, location) 
    values
        (?, ?, ?, ?)
14:17:53,293 DEBUG BaseGeneralDataRegion:59 - Caching[foo.org.hibernate.cache.spi.UpdateTimestampsCache] : [CourseMeeting] -> [5579090875568129]
14:17:53,293 DEBUG SQL:104 - 
    insert 
    into
        CourseMeeting
        (courseCode, day, period, location) 
    values
        (?, ?, ?, ?)
14:17:53,293 DEBUG BaseGeneralDataRegion:59 - Caching[foo.org.hibernate.cache.spi.UpdateTimestampsCache] : [CourseMeeting] -> [5579090875568130]
14:17:53,294 DEBUG SQL:104 - 
    insert 
    into
        Student
        (name_first, name_middle, name_last, preferredCourseCode, studentId) 
    values
        (?, ?, ?, ?, ?)
14:17:53,303 DEBUG BaseGeneralDataRegion:59 - Caching[foo.org.hibernate.cache.spi.UpdateTimestampsCache] : [Student] -> [5579090875609088]
14:17:53,303 DEBUG SQL:104 - 
    insert 
    into
        Address
        (addressType, street, city, stateProvince, postalCode, country, studentNumber, id) 
    values
        (?, ?, ?, ?, ?, ?, ?, ?)
14:17:53,303 DEBUG BaseGeneralDataRegion:59 - Caching[foo.org.hibernate.cache.spi.UpdateTimestampsCache] : [Address] -> [5579090875609089]
14:17:53,303 DEBUG SQL:104 - 
    insert 
    into
        Address
        (addressType, street, city, stateProvince, postalCode, country, studentNumber, id) 
    values
        (?, ?, ?, ?, ?, ?, ?, ?)
14:17:53,303 DEBUG BaseGeneralDataRegion:59 - Caching[foo.org.hibernate.cache.spi.UpdateTimestampsCache] : [Address] -> [5579090875609090]
14:17:53,303 DEBUG SQL:104 - 
    insert 
    into
        Student
        (name_first, name_middle, name_last, preferredCourseCode, studentId) 
    values
        (?, ?, ?, ?, ?)
14:17:53,304 DEBUG BaseGeneralDataRegion:59 - Caching[foo.org.hibernate.cache.spi.UpdateTimestampsCache] : [Student] -> [5579090875613184]
14:17:53,304 DEBUG SQL:104 - 
    insert 
    into
        Enrolment
        (semester, "year", studentId, courseCode) 
    values
        (?, ?, ?, ?)
14:17:53,304 DEBUG BaseGeneralDataRegion:59 - Caching[foo.org.hibernate.cache.spi.UpdateTimestampsCache] : [Enrolment] -> [5579090875613185]
14:17:53,304 DEBUG SQL:104 - 
    insert 
    into
        Enrolment
        (semester, "year", studentId, courseCode) 
    values
        (?, ?, ?, ?)
14:17:53,304 DEBUG BaseGeneralDataRegion:59 - Caching[foo.org.hibernate.cache.spi.UpdateTimestampsCache] : [Enrolment] -> [5579090875613186]
14:17:53,304 DEBUG BaseGeneralDataRegion:59 - Caching[foo.org.hibernate.cache.spi.UpdateTimestampsCache] : [CourseMeeting] -> [5579090875613187]
14:17:53,304 DEBUG BaseGeneralDataRegion:59 - Caching[foo.org.hibernate.cache.spi.UpdateTimestampsCache] : [Enrolment] -> [5579090875613188]
14:17:53,305 DEBUG SQL:104 - 
    update
        Address 
    set
        studentNumber=?,
        addressType=? 
    where
        id=?
14:17:53,325 DEBUG SQL:104 - 
    update
        Address 
    set
        studentNumber=?,
        addressType=? 
    where
        id=?
14:17:53,325 DEBUG BaseGeneralDataRegion:59 - Caching[foo.org.hibernate.cache.spi.UpdateTimestampsCache] : [Address] -> [5579090875699200]
14:17:53,325 DEBUG SQL:104 - 
    insert 
    into
        Student_secretCodes
        (studentNumber, i, secretCode) 
    values
        (?, ?, ?)
14:17:53,325 DEBUG BaseGeneralDataRegion:59 - Caching[foo.org.hibernate.cache.spi.UpdateTimestampsCache] : [Student_secretCodes] -> [5579090875699201]
14:17:53,326 DEBUG BaseGeneralDataRegion:59 - Caching[foo.org.hibernate.cache.spi.UpdateTimestampsCache] : [Enrolment] -> [5579090875703296]
14:17:53,326 DEBUG BaseGeneralDataRegion:59 - Caching[foo.org.hibernate.cache.spi.UpdateTimestampsCache] : [Address] -> [5579090875703297]
14:17:53,326 DEBUG SQL:104 - 
    insert 
    into
        Student_secretCodes
        (studentNumber, i, secretCode) 
    values
        (?, ?, ?)
14:17:53,335 DEBUG SQL:104 - 
    insert 
    into
        Student_secretCodes
        (studentNumber, i, secretCode) 
    values
        (?, ?, ?)
14:17:53,335 DEBUG BaseGeneralDataRegion:59 - Caching[foo.org.hibernate.cache.spi.UpdateTimestampsCache] : [Student_secretCodes] -> [5579090875740160]
14:17:53,335 DEBUG BaseGeneralDataRegion:59 - Caching[foo.org.hibernate.cache.spi.UpdateTimestampsCache] : [Student] -> [5579090629980161]
14:17:53,335 DEBUG BaseGeneralDataRegion:59 - Caching[foo.org.hibernate.cache.spi.UpdateTimestampsCache] : [Course] -> [5579090629980161]
14:17:53,335 DEBUG BaseGeneralDataRegion:59 - Caching[foo.org.hibernate.cache.spi.UpdateTimestampsCache] : [Enrolment] -> [5579090629980161]
14:17:53,336 DEBUG BaseGeneralDataRegion:59 - Caching[foo.org.hibernate.cache.spi.UpdateTimestampsCache] : [Student_secretCodes] -> [5579090629980161]
14:17:53,336 DEBUG BaseGeneralDataRegion:59 - Caching[foo.org.hibernate.cache.spi.UpdateTimestampsCache] : [Address] -> [5579090629980161]
14:17:53,336 DEBUG BaseGeneralDataRegion:59 - Caching[foo.org.hibernate.cache.spi.UpdateTimestampsCache] : [CourseMeeting] -> [5579090629980161]
14:17:53,336 DEBUG SQL:104 - 
    select
        this_.studentId as studentId4_1_,
        this_.name_first as name2_4_1_,
        this_.name_middle as name3_4_1_,
        this_.name_last as name4_4_1_,
        this_.preferredCourseCode as preferre5_4_1_,
        e1_.studentId as studentId4_3_,
        e1_.studentId as studentId3_3_,
        e1_.courseCode as courseCode3_3_,
        e1_.studentId as studentId3_0_,
        e1_.courseCode as courseCode3_0_,
        e1_.semester as semester3_0_,
        e1_."year" as year4_3_0_ 
    from
        Student this_ 
    left outer join
        Enrolment e1_ 
            on this_.studentId=e1_.studentId 
    order by
        this_.studentId asc
14:17:53,345 DEBUG SQL:104 - 
    select
        course0_.courseCode as courseCode1_0_,
        course0_.description as descript2_1_0_ 
    from
        Course course0_ 
    where
        course0_.courseCode=?
14:17:53,346 DEBUG SQL:104 - 
    select
        secretcode0_.studentNumber as studentN1_4_0_,
        secretcode0_.secretCode as secretCode5_0_,
        secretcode0_.i as i0_ 
    from
        Student_secretCodes secretcode0_ 
    where
        secretcode0_.studentNumber=?
14:17:53,346 DEBUG SQL:104 - 
    select
        secretcode0_.studentNumber as studentN1_4_0_,
        secretcode0_.secretCode as secretCode5_0_,
        secretcode0_.i as i0_ 
    from
        Student_secretCodes secretcode0_ 
    where
        secretcode0_.studentNumber=?
14:17:53,356 DEBUG SQL:104 - 
    select
        coursemeet0_.courseCode as courseCode1_1_,
        coursemeet0_.courseCode as courseCode2_1_,
        coursemeet0_.day as day2_1_,
        coursemeet0_.period as period2_1_,
        coursemeet0_.location as location2_1_,
        coursemeet0_.courseCode as courseCode2_0_,
        coursemeet0_.day as day2_0_,
        coursemeet0_.period as period2_0_,
        coursemeet0_.location as location2_0_ 
    from
        CourseMeeting coursemeet0_ 
    where
        coursemeet0_.courseCode=?
14:17:53,357 DEBUG SQL:104 - 
    select
        this_.studentId as studentId4_1_,
        this_.name_first as name2_4_1_,
        this_.name_middle as name3_4_1_,
        this_.name_last as name4_4_1_,
        this_.preferredCourseCode as preferre5_4_1_,
        e1_.studentId as studentId4_3_,
        e1_.studentId as studentId3_3_,
        e1_.courseCode as courseCode3_3_,
        e1_.studentId as studentId3_0_,
        e1_.courseCode as courseCode3_0_,
        e1_.semester as semester3_0_,
        e1_."year" as year4_3_0_ 
    from
        Student this_ 
    left outer join
        Enrolment e1_ 
            on this_.studentId=e1_.studentId 
    order by
        this_.studentId asc
14:17:53,433 DEBUG SQL:104 - 
    select
        course0_.courseCode as courseCode1_0_,
        course0_.description as descript2_1_0_ 
    from
        Course course0_ 
    where
        course0_.courseCode=?
14:17:53,437 DEBUG SQL:104 - 
    select
        secretcode0_.studentNumber as studentN1_4_0_,
        secretcode0_.secretCode as secretCode5_0_,
        secretcode0_.i as i0_ 
    from
        Student_secretCodes secretcode0_ 
    where
        secretcode0_.studentNumber=?
14:17:53,437 DEBUG SQL:104 - 
    select
        secretcode0_.studentNumber as studentN1_4_0_,
        secretcode0_.secretCode as secretCode5_0_,
        secretcode0_.i as i0_ 
    from
        Student_secretCodes secretcode0_ 
    where
        secretcode0_.studentNumber=?
14:17:53,438 DEBUG SQL:104 - 
    select
        coursemeet0_.courseCode as courseCode1_1_,
        coursemeet0_.courseCode as courseCode2_1_,
        coursemeet0_.day as day2_1_,
        coursemeet0_.period as period2_1_,
        coursemeet0_.location as location2_1_,
        coursemeet0_.courseCode as courseCode2_0_,
        coursemeet0_.day as day2_0_,
        coursemeet0_.period as period2_0_,
        coursemeet0_.location as location2_0_ 
    from
        CourseMeeting coursemeet0_ 
    where
        coursemeet0_.courseCode=?
14:17:53,439 DEBUG SQL:104 - 
    select
        student_.studentId,
        student_.name_first as name2_4_,
        student_.name_middle as name3_4_,
        student_.name_last as name4_4_,
        student_.preferredCourseCode as preferre5_4_ 
    from
        Student student_ 
    where
        student_.studentId=?
14:17:53,439 DEBUG SQL:104 - 
    select
        enrolment_.studentId,
        enrolment_.courseCode,
        enrolment_.semester as semester3_,
        enrolment_."year" as year4_3_ 
    from
        Enrolment enrolment_ 
    where
        enrolment_.studentId=? 
        and enrolment_.courseCode=?
14:17:53,440 DEBUG SQL:104 - 
    select
        course_.courseCode,
        course_.description as descript2_1_ 
    from
        Course course_ 
    where
        course_.courseCode=?
14:17:53,440 DEBUG SQL:104 - 
    select
        student_.studentId,
        student_.name_first as name2_4_,
        student_.name_middle as name3_4_,
        student_.name_last as name4_4_,
        student_.preferredCourseCode as preferre5_4_ 
    from
        Student student_ 
    where
        student_.studentId=?
14:17:53,440 DEBUG SQL:104 - 
    select
        enrolment_.studentId,
        enrolment_.courseCode,
        enrolment_.semester as semester3_,
        enrolment_."year" as year4_3_ 
    from
        Enrolment enrolment_ 
    where
        enrolment_.studentId=? 
        and enrolment_.courseCode=?
14:17:53,441 DEBUG SQL:104 - 
    select
        coursemeet_.courseCode,
        coursemeet_.day,
        coursemeet_.period,
        coursemeet_.location 
    from
        CourseMeeting coursemeet_ 
    where
        coursemeet_.courseCode=? 
        and coursemeet_.day=? 
        and coursemeet_.period=? 
        and coursemeet_.location=?
14:17:53,441 DEBUG SQL:104 - 
    select
        coursemeet_.courseCode,
        coursemeet_.day,
        coursemeet_.period,
        coursemeet_.location 
    from
        CourseMeeting coursemeet_ 
    where
        coursemeet_.courseCode=? 
        and coursemeet_.day=? 
        and coursemeet_.period=? 
        and coursemeet_.location=?
14:17:53,442 DEBUG BaseGeneralDataRegion:59 - Caching[foo.org.hibernate.cache.spi.UpdateTimestampsCache] : [Enrolment] -> [5579090876178432]
14:17:53,442 DEBUG SQL:104 - 
    update
        Address 
    set
        studentNumber=null,
        addressType=null 
    where
        studentNumber=?
14:17:53,442 DEBUG BaseGeneralDataRegion:59 - Caching[foo.org.hibernate.cache.spi.UpdateTimestampsCache] : [Address] -> [5579090876178433]
14:17:53,442 DEBUG SQL:104 - 
    delete 
    from
        Student_secretCodes 
    where
        studentNumber=?
14:17:53,442 DEBUG BaseGeneralDataRegion:59 - Caching[foo.org.hibernate.cache.spi.UpdateTimestampsCache] : [Student_secretCodes] -> [5579090876178434]
14:17:53,443 DEBUG BaseGeneralDataRegion:59 - Caching[foo.org.hibernate.cache.spi.UpdateTimestampsCache] : [Enrolment] -> [5579090876182528]
14:17:53,443 DEBUG BaseGeneralDataRegion:59 - Caching[foo.org.hibernate.cache.spi.UpdateTimestampsCache] : [Address] -> [5579090876182529]
14:17:53,443 DEBUG SQL:104 - 
    delete 
    from
        Student_secretCodes 
    where
        studentNumber=?
14:17:53,443 DEBUG BaseGeneralDataRegion:59 - Caching[foo.org.hibernate.cache.spi.UpdateTimestampsCache] : [Student_secretCodes] -> [5579090876182530]
14:17:53,443 DEBUG BaseGeneralDataRegion:59 - Caching[foo.org.hibernate.cache.spi.UpdateTimestampsCache] : [CourseMeeting] -> [5579090876182531]
14:17:53,443 DEBUG SQL:104 - 
    delete 
    from
        Enrolment 
    where
        studentId=? 
        and courseCode=?
14:17:53,443 DEBUG BaseGeneralDataRegion:59 - Caching[foo.org.hibernate.cache.spi.UpdateTimestampsCache] : [Enrolment] -> [5579090876182532]
14:17:53,444 DEBUG SQL:104 - 
    delete 
    from
        Address 
    where
        id=?
14:17:53,444 DEBUG BaseGeneralDataRegion:59 - Caching[foo.org.hibernate.cache.spi.UpdateTimestampsCache] : [Address] -> [5579090876186624]
14:17:53,444 DEBUG SQL:104 - 
    delete 
    from
        Address 
    where
        id=?
14:17:53,444 DEBUG BaseGeneralDataRegion:59 - Caching[foo.org.hibernate.cache.spi.UpdateTimestampsCache] : [Address] -> [5579090876186625]
14:17:53,444 DEBUG SQL:104 - 
    delete 
    from
        Student 
    where
        studentId=?
14:17:53,450 DEBUG BaseGeneralDataRegion:59 - Caching[foo.org.hibernate.cache.spi.UpdateTimestampsCache] : [Student] -> [5579090876211200]
14:17:53,450 DEBUG SQL:104 - 
    delete 
    from
        Enrolment 
    where
        studentId=? 
        and courseCode=?
14:17:53,450 DEBUG BaseGeneralDataRegion:59 - Caching[foo.org.hibernate.cache.spi.UpdateTimestampsCache] : [Enrolment] -> [5579090876211201]
14:17:53,450 DEBUG SQL:104 - 
    delete 
    from
        Student 
    where
        studentId=?
14:17:53,450 DEBUG BaseGeneralDataRegion:59 - Caching[foo.org.hibernate.cache.spi.UpdateTimestampsCache] : [Student] -> [5579090876211202]
14:17:53,451 DEBUG SQL:104 - 
    delete 
    from
        CourseMeeting 
    where
        courseCode=? 
        and day=? 
        and period=? 
        and location=?
14:17:53,451 DEBUG BaseGeneralDataRegion:59 - Caching[foo.org.hibernate.cache.spi.UpdateTimestampsCache] : [CourseMeeting] -> [5579090876215296]
14:17:53,451 DEBUG SQL:104 - 
    delete 
    from
        CourseMeeting 
    where
        courseCode=? 
        and day=? 
        and period=? 
        and location=?
14:17:53,474 DEBUG BaseGeneralDataRegion:59 - Caching[foo.org.hibernate.cache.spi.UpdateTimestampsCache] : [CourseMeeting] -> [5579090876309504]
14:17:53,474 DEBUG SQL:104 - 
    delete 
    from
        Course 
    where
        courseCode=?
14:17:53,474 DEBUG BaseGeneralDataRegion:59 - Caching[foo.org.hibernate.cache.spi.UpdateTimestampsCache] : [Course] -> [5579090876309505]
14:17:53,474 DEBUG BaseGeneralDataRegion:59 - Caching[foo.org.hibernate.cache.spi.UpdateTimestampsCache] : [Student] -> [5579090630549506]
14:17:53,476 DEBUG BaseGeneralDataRegion:59 - Caching[foo.org.hibernate.cache.spi.UpdateTimestampsCache] : [Course] -> [5579090630549506]
14:17:53,476 DEBUG BaseGeneralDataRegion:59 - Caching[foo.org.hibernate.cache.spi.UpdateTimestampsCache] : [Enrolment] -> [5579090630549506]
14:17:53,476 DEBUG BaseGeneralDataRegion:59 - Caching[foo.org.hibernate.cache.spi.UpdateTimestampsCache] : [Student_secretCodes] -> [5579090630549506]
14:17:53,476 DEBUG BaseGeneralDataRegion:59 - Caching[foo.org.hibernate.cache.spi.UpdateTimestampsCache] : [Address] -> [5579090630549506]
14:17:53,476 DEBUG BaseGeneralDataRegion:59 - Caching[foo.org.hibernate.cache.spi.UpdateTimestampsCache] : [CourseMeeting] -> [5579090630549506]
14:17:53,476  INFO CustomRunner:139 - Test: testEntityWithJoinedLazyOneToManySingleElementListHql
14:17:53,479 DEBUG SQL:104 - 
    select
        coursemeet_.courseCode,
        coursemeet_.day,
        coursemeet_.period,
        coursemeet_.location 
    from
        CourseMeeting coursemeet_ 
    where
        coursemeet_.courseCode=? 
        and coursemeet_.day=? 
        and coursemeet_.period=? 
        and coursemeet_.location=?
14:17:53,479 DEBUG SQL:104 - 
    select
        coursemeet_.courseCode,
        coursemeet_.day,
        coursemeet_.period,
        coursemeet_.location 
    from
        CourseMeeting coursemeet_ 
    where
        coursemeet_.courseCode=? 
        and coursemeet_.day=? 
        and coursemeet_.period=? 
        and coursemeet_.location=?
14:17:53,480 DEBUG SQL:104 - 
    insert 
    into
        Course
        (description, courseCode) 
    values
        (?, ?)
14:17:53,480 DEBUG BaseGeneralDataRegion:59 - Caching[foo.org.hibernate.cache.spi.UpdateTimestampsCache] : [Course] -> [5579090876334080]
14:17:53,481 DEBUG SQL:104 - 
    insert 
    into
        CourseMeeting
        (courseCode, day, period, location) 
    values
        (?, ?, ?, ?)
14:17:53,481 DEBUG BaseGeneralDataRegion:59 - Caching[foo.org.hibernate.cache.spi.UpdateTimestampsCache] : [CourseMeeting] -> [5579090876338176]
14:17:53,481 DEBUG SQL:104 - 
    insert 
    into
        CourseMeeting
        (courseCode, day, period, location) 
    values
        (?, ?, ?, ?)
14:17:53,481 DEBUG BaseGeneralDataRegion:59 - Caching[foo.org.hibernate.cache.spi.UpdateTimestampsCache] : [CourseMeeting] -> [5579090876338177]
14:17:53,481 DEBUG SQL:104 - 
    insert 
    into
        Student
        (name_first, name_middle, name_last, preferredCourseCode, studentId) 
    values
        (?, ?, ?, ?, ?)
14:17:53,500 DEBUG BaseGeneralDataRegion:59 - Caching[foo.org.hibernate.cache.spi.UpdateTimestampsCache] : [Student] -> [5579090876416000]
14:17:53,500 DEBUG SQL:104 - 
    insert 
    into
        Address
        (addressType, street, city, stateProvince, postalCode, country, studentNumber, id) 
    values
        (?, ?, ?, ?, ?, ?, ?, ?)
14:17:53,500 DEBUG BaseGeneralDataRegion:59 - Caching[foo.org.hibernate.cache.spi.UpdateTimestampsCache] : [Address] -> [5579090876416001]
14:17:53,500 DEBUG SQL:104 - 
    insert 
    into
        Address
        (addressType, street, city, stateProvince, postalCode, country, studentNumber, id) 
    values
        (?, ?, ?, ?, ?, ?, ?, ?)
14:17:53,501 DEBUG BaseGeneralDataRegion:59 - Caching[foo.org.hibernate.cache.spi.UpdateTimestampsCache] : [Address] -> [5579090876420096]
14:17:53,501 DEBUG SQL:104 - 
    insert 
    into
        Student
        (name_first, name_middle, name_last, preferredCourseCode, studentId) 
    values
        (?, ?, ?, ?, ?)
14:17:53,501 DEBUG BaseGeneralDataRegion:59 - Caching[foo.org.hibernate.cache.spi.UpdateTimestampsCache] : [Student] -> [5579090876420097]
14:17:53,501 DEBUG SQL:104 - 
    insert 
    into
        Enrolment
        (semester, "year", studentId, courseCode) 
    values
        (?, ?, ?, ?)
14:17:53,511 DEBUG BaseGeneralDataRegion:59 - Caching[foo.org.hibernate.cache.spi.UpdateTimestampsCache] : [Enrolment] -> [5579090876461056]
14:17:53,511 DEBUG SQL:104 - 
    insert 
    into
        Enrolment
        (semester, "year", studentId, courseCode) 
    values
        (?, ?, ?, ?)
14:17:53,511 DEBUG BaseGeneralDataRegion:59 - Caching[foo.org.hibernate.cache.spi.UpdateTimestampsCache] : [Enrolment] -> [5579090876461057]
14:17:53,511 DEBUG BaseGeneralDataRegion:59 - Caching[foo.org.hibernate.cache.spi.UpdateTimestampsCache] : [CourseMeeting] -> [5579090876461058]
14:17:53,511 DEBUG BaseGeneralDataRegion:59 - Caching[foo.org.hibernate.cache.spi.UpdateTimestampsCache] : [Enrolment] -> [5579090876461059]
14:17:53,512 DEBUG SQL:104 - 
    update
        Address 
    set
        studentNumber=?,
        addressType=? 
    where
        id=?
14:17:53,512 DEBUG SQL:104 - 
    update
        Address 
    set
        studentNumber=?,
        addressType=? 
    where
        id=?
14:17:53,520 DEBUG BaseGeneralDataRegion:59 - Caching[foo.org.hibernate.cache.spi.UpdateTimestampsCache] : [Address] -> [5579090876497920]
14:17:53,521 DEBUG SQL:104 - 
    insert 
    into
        Student_secretCodes
        (studentNumber, i, secretCode) 
    values
        (?, ?, ?)
14:17:53,521 DEBUG BaseGeneralDataRegion:59 - Caching[foo.org.hibernate.cache.spi.UpdateTimestampsCache] : [Student_secretCodes] -> [5579090876502016]
14:17:53,521 DEBUG BaseGeneralDataRegion:59 - Caching[foo.org.hibernate.cache.spi.UpdateTimestampsCache] : [Enrolment] -> [5579090876502017]
14:17:53,521 DEBUG BaseGeneralDataRegion:59 - Caching[foo.org.hibernate.cache.spi.UpdateTimestampsCache] : [Address] -> [5579090876502018]
14:17:53,521 DEBUG SQL:104 - 
    insert 
    into
        Student_secretCodes
        (studentNumber, i, secretCode) 
    values
        (?, ?, ?)
14:17:53,521 DEBUG SQL:104 - 
    insert 
    into
        Student_secretCodes
        (studentNumber, i, secretCode) 
    values
        (?, ?, ?)
14:17:53,521 DEBUG BaseGeneralDataRegion:59 - Caching[foo.org.hibernate.cache.spi.UpdateTimestampsCache] : [Student_secretCodes] -> [5579090876502019]
14:17:53,522 DEBUG BaseGeneralDataRegion:59 - Caching[foo.org.hibernate.cache.spi.UpdateTimestampsCache] : [Student] -> [5579090630746112]
14:17:53,522 DEBUG BaseGeneralDataRegion:59 - Caching[foo.org.hibernate.cache.spi.UpdateTimestampsCache] : [Course] -> [5579090630746112]
14:17:53,531 DEBUG BaseGeneralDataRegion:59 - Caching[foo.org.hibernate.cache.spi.UpdateTimestampsCache] : [Enrolment] -> [5579090630746112]
14:17:53,531 DEBUG BaseGeneralDataRegion:59 - Caching[foo.org.hibernate.cache.spi.UpdateTimestampsCache] : [Student_secretCodes] -> [5579090630746112]
14:17:53,531 DEBUG BaseGeneralDataRegion:59 - Caching[foo.org.hibernate.cache.spi.UpdateTimestampsCache] : [Address] -> [5579090630746112]
14:17:53,531 DEBUG BaseGeneralDataRegion:59 - Caching[foo.org.hibernate.cache.spi.UpdateTimestampsCache] : [CourseMeeting] -> [5579090630746112]
14:17:53,532 DEBUG SQL:104 - 
    select
        student_.studentId,
        student_.name_first as name2_4_,
        student_.name_middle as name3_4_,
        student_.name_last as name4_4_,
        student_.preferredCourseCode as preferre5_4_ 
    from
        Student student_ 
    where
        student_.studentId=?
14:17:53,532 DEBUG SQL:104 - 
    select
        enrolment_.studentId,
        enrolment_.courseCode,
        enrolment_.semester as semester3_,
        enrolment_."year" as year4_3_ 
    from
        Enrolment enrolment_ 
    where
        enrolment_.studentId=? 
        and enrolment_.courseCode=?
14:17:53,533 DEBUG SQL:104 - 
    select
        course_.courseCode,
        course_.description as descript2_1_ 
    from
        Course course_ 
    where
        course_.courseCode=?
14:17:53,541 DEBUG SQL:104 - 
    select
        student_.studentId,
        student_.name_first as name2_4_,
        student_.name_middle as name3_4_,
        student_.name_last as name4_4_,
        student_.preferredCourseCode as preferre5_4_ 
    from
        Student student_ 
    where
        student_.studentId=?
14:17:53,542 DEBUG SQL:104 - 
    select
        enrolment_.studentId,
        enrolment_.courseCode,
        enrolment_.semester as semester3_,
        enrolment_."year" as year4_3_ 
    from
        Enrolment enrolment_ 
    where
        enrolment_.studentId=? 
        and enrolment_.courseCode=?
14:17:53,542 DEBUG SQL:104 - 
    select
        coursemeet_.courseCode,
        coursemeet_.day,
        coursemeet_.period,
        coursemeet_.location 
    from
        CourseMeeting coursemeet_ 
    where
        coursemeet_.courseCode=? 
        and coursemeet_.day=? 
        and coursemeet_.period=? 
        and coursemeet_.location=?
14:17:53,552 DEBUG SQL:104 - 
    select
        coursemeet_.courseCode,
        coursemeet_.day,
        coursemeet_.period,
        coursemeet_.location 
    from
        CourseMeeting coursemeet_ 
    where
        coursemeet_.courseCode=? 
        and coursemeet_.day=? 
        and coursemeet_.period=? 
        and coursemeet_.location=?
14:17:53,553 DEBUG BaseGeneralDataRegion:59 - Caching[foo.org.hibernate.cache.spi.UpdateTimestampsCache] : [Enrolment] -> [5579090876628992]
14:17:53,553 DEBUG SQL:104 - 
    update
        Address 
    set
        studentNumber=null,
        addressType=null 
    where
        studentNumber=?
14:17:53,561 DEBUG BaseGeneralDataRegion:59 - Caching[foo.org.hibernate.cache.spi.UpdateTimestampsCache] : [Address] -> [5579090876665856]
14:17:53,561 DEBUG SQL:104 - 
    delete 
    from
        Student_secretCodes 
    where
        studentNumber=?
14:17:53,561 DEBUG BaseGeneralDataRegion:59 - Caching[foo.org.hibernate.cache.spi.UpdateTimestampsCache] : [Student_secretCodes] -> [5579090876665857]
14:17:53,562 DEBUG BaseGeneralDataRegion:59 - Caching[foo.org.hibernate.cache.spi.UpdateTimestampsCache] : [Enrolment] -> [5579090876669952]
14:17:53,562 DEBUG BaseGeneralDataRegion:59 - Caching[foo.org.hibernate.cache.spi.UpdateTimestampsCache] : [Address] -> [5579090876669953]
14:17:53,562 DEBUG SQL:104 - 
    delete 
    from
        Student_secretCodes 
    where
        studentNumber=?
14:17:53,562 DEBUG BaseGeneralDataRegion:59 - Caching[foo.org.hibernate.cache.spi.UpdateTimestampsCache] : [Student_secretCodes] -> [5579090876669954]
14:17:53,562 DEBUG BaseGeneralDataRegion:59 - Caching[foo.org.hibernate.cache.spi.UpdateTimestampsCache] : [CourseMeeting] -> [5579090876669955]
14:17:53,562 DEBUG SQL:104 - 
    delete 
    from
        Enrolment 
    where
        studentId=? 
        and courseCode=?
14:17:53,562 DEBUG BaseGeneralDataRegion:59 - Caching[foo.org.hibernate.cache.spi.UpdateTimestampsCache] : [Enrolment] -> [5579090876669956]
14:17:53,562 DEBUG SQL:104 - 
    delete 
    from
        Address 
    where
        id=?
14:17:53,563 DEBUG BaseGeneralDataRegion:59 - Caching[foo.org.hibernate.cache.spi.UpdateTimestampsCache] : [Address] -> [5579090876674048]
14:17:53,563 DEBUG SQL:104 - 
    delete 
    from
        Address 
    where
        id=?
14:17:53,563 DEBUG BaseGeneralDataRegion:59 - Caching[foo.org.hibernate.cache.spi.UpdateTimestampsCache] : [Address] -> [5579090876674049]
14:17:53,563 DEBUG SQL:104 - 
    delete 
    from
        Student 
    where
        studentId=?
14:17:53,563 DEBUG BaseGeneralDataRegion:59 - Caching[foo.org.hibernate.cache.spi.UpdateTimestampsCache] : [Student] -> [5579090876674050]
14:17:53,563 DEBUG SQL:104 - 
    delete 
    from
        Enrolment 
    where
        studentId=? 
        and courseCode=?
14:17:53,563 DEBUG BaseGeneralDataRegion:59 - Caching[foo.org.hibernate.cache.spi.UpdateTimestampsCache] : [Enrolment] -> [5579090876674051]
14:17:53,564 DEBUG SQL:104 - 
    delete 
    from
        Student 
    where
        studentId=?
14:17:53,574 DEBUG BaseGeneralDataRegion:59 - Caching[foo.org.hibernate.cache.spi.UpdateTimestampsCache] : [Student] -> [5579090876719104]
14:17:53,575 DEBUG SQL:104 - 
    delete 
    from
        CourseMeeting 
    where
        courseCode=? 
        and day=? 
        and period=? 
        and location=?
14:17:53,575 DEBUG BaseGeneralDataRegion:59 - Caching[foo.org.hibernate.cache.spi.UpdateTimestampsCache] : [CourseMeeting] -> [5579090876723200]
14:17:53,575 DEBUG SQL:104 - 
    delete 
    from
        CourseMeeting 
    where
        courseCode=? 
        and day=? 
        and period=? 
        and location=?
14:17:53,575 DEBUG BaseGeneralDataRegion:59 - Caching[foo.org.hibernate.cache.spi.UpdateTimestampsCache] : [CourseMeeting] -> [5579090876723201]
14:17:53,575 DEBUG SQL:104 - 
    delete 
    from
        Course 
    where
        courseCode=?
14:17:53,575 DEBUG BaseGeneralDataRegion:59 - Caching[foo.org.hibernate.cache.spi.UpdateTimestampsCache] : [Course] -> [5579090876723202]
14:17:53,576 DEBUG BaseGeneralDataRegion:59 - Caching[foo.org.hibernate.cache.spi.UpdateTimestampsCache] : [Student] -> [5579090630967296]
14:17:53,585 DEBUG BaseGeneralDataRegion:59 - Caching[foo.org.hibernate.cache.spi.UpdateTimestampsCache] : [Course] -> [5579090630967296]
14:17:53,585 DEBUG BaseGeneralDataRegion:59 - Caching[foo.org.hibernate.cache.spi.UpdateTimestampsCache] : [Enrolment] -> [5579090630967296]
14:17:53,585 DEBUG BaseGeneralDataRegion:59 - Caching[foo.org.hibernate.cache.spi.UpdateTimestampsCache] : [Student_secretCodes] -> [5579090630967296]
14:17:53,586 DEBUG BaseGeneralDataRegion:59 - Caching[foo.org.hibernate.cache.spi.UpdateTimestampsCache] : [Address] -> [5579090630967296]
14:17:53,586 DEBUG BaseGeneralDataRegion:59 - Caching[foo.org.hibernate.cache.spi.UpdateTimestampsCache] : [CourseMeeting] -> [5579090630967296]
14:17:53,586 DEBUG SQL:104 - 
    select
        coursemeet_.courseCode,
        coursemeet_.day,
        coursemeet_.period,
        coursemeet_.location 
    from
        CourseMeeting coursemeet_ 
    where
        coursemeet_.courseCode=? 
        and coursemeet_.day=? 
        and coursemeet_.period=? 
        and coursemeet_.location=?
14:17:53,586 DEBUG SQL:104 - 
    select
        coursemeet_.courseCode,
        coursemeet_.day,
        coursemeet_.period,
        coursemeet_.location 
    from
        CourseMeeting coursemeet_ 
    where
        coursemeet_.courseCode=? 
        and coursemeet_.day=? 
        and coursemeet_.period=? 
        and coursemeet_.location=?
14:17:53,588 DEBUG SQL:104 - 
    insert 
    into
        Course
        (description, courseCode) 
    values
        (?, ?)
14:17:53,588 DEBUG BaseGeneralDataRegion:59 - Caching[foo.org.hibernate.cache.spi.UpdateTimestampsCache] : [Course] -> [5579090876776448]
14:17:53,588 DEBUG SQL:104 - 
    insert 
    into
        CourseMeeting
        (courseCode, day, period, location) 
    values
        (?, ?, ?, ?)
14:17:53,607 DEBUG BaseGeneralDataRegion:59 - Caching[foo.org.hibernate.cache.spi.UpdateTimestampsCache] : [CourseMeeting] -> [5579090876854272]
14:17:53,607 DEBUG SQL:104 - 
    insert 
    into
        CourseMeeting
        (courseCode, day, period, location) 
    values
        (?, ?, ?, ?)
14:17:53,608 DEBUG BaseGeneralDataRegion:59 - Caching[foo.org.hibernate.cache.spi.UpdateTimestampsCache] : [CourseMeeting] -> [5579090876858368]
14:17:53,608 DEBUG SQL:104 - 
    insert 
    into
        Student
        (name_first, name_middle, name_last, preferredCourseCode, studentId) 
    values
        (?, ?, ?, ?, ?)
14:17:53,608 DEBUG BaseGeneralDataRegion:59 - Caching[foo.org.hibernate.cache.spi.UpdateTimestampsCache] : [Student] -> [5579090876858369]
14:17:53,608 DEBUG SQL:104 - 
    insert 
    into
        Address
        (addressType, street, city, stateProvince, postalCode, country, studentNumber, id) 
    values
        (?, ?, ?, ?, ?, ?, ?, ?)
14:17:53,608 DEBUG BaseGeneralDataRegion:59 - Caching[foo.org.hibernate.cache.spi.UpdateTimestampsCache] : [Address] -> [5579090876858370]
14:17:53,608 DEBUG SQL:104 - 
    insert 
    into
        Address
        (addressType, street, city, stateProvince, postalCode, country, studentNumber, id) 
    values
        (?, ?, ?, ?, ?, ?, ?, ?)
14:17:53,617 DEBUG BaseGeneralDataRegion:59 - Caching[foo.org.hibernate.cache.spi.UpdateTimestampsCache] : [Address] -> [5579090876895232]
14:17:53,617 DEBUG SQL:104 - 
    insert 
    into
        Student
        (name_first, name_middle, name_last, preferredCourseCode, studentId) 
    values
        (?, ?, ?, ?, ?)
14:17:53,617 DEBUG BaseGeneralDataRegion:59 - Caching[foo.org.hibernate.cache.spi.UpdateTimestampsCache] : [Student] -> [5579090876895233]
14:17:53,618 DEBUG SQL:104 - 
    insert 
    into
        Enrolment
        (semester, "year", studentId, courseCode) 
    values
        (?, ?, ?, ?)
14:17:53,618 DEBUG BaseGeneralDataRegion:59 - Caching[foo.org.hibernate.cache.spi.UpdateTimestampsCache] : [Enrolment] -> [5579090876899328]
14:17:53,618 DEBUG SQL:104 - 
    insert 
    into
        Enrolment
        (semester, "year", studentId, courseCode) 
    values
        (?, ?, ?, ?)
14:17:53,618 DEBUG BaseGeneralDataRegion:59 - Caching[foo.org.hibernate.cache.spi.UpdateTimestampsCache] : [Enrolment] -> [5579090876899329]
14:17:53,618 DEBUG BaseGeneralDataRegion:59 - Caching[foo.org.hibernate.cache.spi.UpdateTimestampsCache] : [CourseMeeting] -> [5579090876899330]
14:17:53,626 DEBUG BaseGeneralDataRegion:59 - Caching[foo.org.hibernate.cache.spi.UpdateTimestampsCache] : [Enrolment] -> [5579090876932096]
14:17:53,626 DEBUG SQL:104 - 
    update
        Address 
    set
        studentNumber=?,
        addressType=? 
    where
        id=?
14:17:53,627 DEBUG SQL:104 - 
    update
        Address 
    set
        studentNumber=?,
        addressType=? 
    where
        id=?
14:17:53,627 DEBUG BaseGeneralDataRegion:59 - Caching[foo.org.hibernate.cache.spi.UpdateTimestampsCache] : [Address] -> [5579090876936192]
14:17:53,627 DEBUG SQL:104 - 
    insert 
    into
        Student_secretCodes
        (studentNumber, i, secretCode) 
    values
        (?, ?, ?)
14:17:53,627 DEBUG BaseGeneralDataRegion:59 - Caching[foo.org.hibernate.cache.spi.UpdateTimestampsCache] : [Student_secretCodes] -> [5579090876936193]
14:17:53,627 DEBUG BaseGeneralDataRegion:59 - Caching[foo.org.hibernate.cache.spi.UpdateTimestampsCache] : [Enrolment] -> [5579090876936194]
14:17:53,627 DEBUG BaseGeneralDataRegion:59 - Caching[foo.org.hibernate.cache.spi.UpdateTimestampsCache] : [Address] -> [5579090876936195]
14:17:53,628 DEBUG SQL:104 - 
    insert 
    into
        Student_secretCodes
        (studentNumber, i, secretCode) 
    values
        (?, ?, ?)
14:17:53,637 DEBUG SQL:104 - 
    insert 
    into
        Student_secretCodes
        (studentNumber, i, secretCode) 
    values
        (?, ?, ?)
14:17:53,637 DEBUG BaseGeneralDataRegion:59 - Caching[foo.org.hibernate.cache.spi.UpdateTimestampsCache] : [Student_secretCodes] -> [5579090876977152]
14:17:53,637 DEBUG BaseGeneralDataRegion:59 - Caching[foo.org.hibernate.cache.spi.UpdateTimestampsCache] : [Student] -> [5579090631217153]
14:17:53,637 DEBUG BaseGeneralDataRegion:59 - Caching[foo.org.hibernate.cache.spi.UpdateTimestampsCache] : [Course] -> [5579090631217153]
14:17:53,637 DEBUG BaseGeneralDataRegion:59 - Caching[foo.org.hibernate.cache.spi.UpdateTimestampsCache] : [Enrolment] -> [5579090631217153]
14:17:53,637 DEBUG BaseGeneralDataRegion:59 - Caching[foo.org.hibernate.cache.spi.UpdateTimestampsCache] : [Student_secretCodes] -> [5579090631217153]
14:17:53,637 DEBUG BaseGeneralDataRegion:59 - Caching[foo.org.hibernate.cache.spi.UpdateTimestampsCache] : [Address] -> [5579090631217153]
14:17:53,637 DEBUG BaseGeneralDataRegion:59 - Caching[foo.org.hibernate.cache.spi.UpdateTimestampsCache] : [CourseMeeting] -> [5579090631217153]
14:17:53,638 DEBUG SQL:104 - 
    select
        student_.studentId,
        student_.name_first as name2_4_,
        student_.name_middle as name3_4_,
        student_.name_last as name4_4_,
        student_.preferredCourseCode as preferre5_4_ 
    from
        Student student_ 
    where
        student_.studentId=?
14:17:53,648 DEBUG SQL:104 - 
    select
        enrolment_.studentId,
        enrolment_.courseCode,
        enrolment_.semester as semester3_,
        enrolment_."year" as year4_3_ 
    from
        Enrolment enrolment_ 
    where
        enrolment_.studentId=? 
        and enrolment_.courseCode=?
14:17:53,648 DEBUG SQL:104 - 
    select
        course_.courseCode,
        course_.description as descript2_1_ 
    from
        Course course_ 
    where
        course_.courseCode=?
14:17:53,649 DEBUG SQL:104 - 
    select
        student_.studentId,
        student_.name_first as name2_4_,
        student_.name_middle as name3_4_,
        student_.name_last as name4_4_,
        student_.preferredCourseCode as preferre5_4_ 
    from
        Student student_ 
    where
        student_.studentId=?
14:17:53,657 DEBUG SQL:104 - 
    select
        enrolment_.studentId,
        enrolment_.courseCode,
        enrolment_.semester as semester3_,
        enrolment_."year" as year4_3_ 
    from
        Enrolment enrolment_ 
    where
        enrolment_.studentId=? 
        and enrolment_.courseCode=?
14:17:53,658 DEBUG SQL:104 - 
    select
        coursemeet_.courseCode,
        coursemeet_.day,
        coursemeet_.period,
        coursemeet_.location 
    from
        CourseMeeting coursemeet_ 
    where
        coursemeet_.courseCode=? 
        and coursemeet_.day=? 
        and coursemeet_.period=? 
        and coursemeet_.location=?
14:17:53,658 DEBUG SQL:104 - 
    select
        coursemeet_.courseCode,
        coursemeet_.day,
        coursemeet_.period,
        coursemeet_.location 
    from
        CourseMeeting coursemeet_ 
    where
        coursemeet_.courseCode=? 
        and coursemeet_.day=? 
        and coursemeet_.period=? 
        and coursemeet_.location=?
14:17:53,668 DEBUG BaseGeneralDataRegion:59 - Caching[foo.org.hibernate.cache.spi.UpdateTimestampsCache] : [Enrolment] -> [5579090877100032]
14:17:53,668 DEBUG SQL:104 - 
    update
        Address 
    set
        studentNumber=null,
        addressType=null 
    where
        studentNumber=?
14:17:53,668 DEBUG BaseGeneralDataRegion:59 - Caching[foo.org.hibernate.cache.spi.UpdateTimestampsCache] : [Address] -> [5579090877104128]
14:17:53,668 DEBUG SQL:104 - 
    delete 
    from
        Student_secretCodes 
    where
        studentNumber=?
14:17:53,668 DEBUG BaseGeneralDataRegion:59 - Caching[foo.org.hibernate.cache.spi.UpdateTimestampsCache] : [Student_secretCodes] -> [5579090877104129]
14:17:53,668 DEBUG BaseGeneralDataRegion:59 - Caching[foo.org.hibernate.cache.spi.UpdateTimestampsCache] : [Enrolment] -> [5579090877104130]
14:17:53,669 DEBUG BaseGeneralDataRegion:59 - Caching[foo.org.hibernate.cache.spi.UpdateTimestampsCache] : [Address] -> [5579090877108224]
14:17:53,669 DEBUG SQL:104 - 
    delete 
    from
        Student_secretCodes 
    where
        studentNumber=?
14:17:53,678 DEBUG BaseGeneralDataRegion:59 - Caching[foo.org.hibernate.cache.spi.UpdateTimestampsCache] : [Student_secretCodes] -> [5579090877145088]
14:17:53,678 DEBUG BaseGeneralDataRegion:59 - Caching[foo.org.hibernate.cache.spi.UpdateTimestampsCache] : [CourseMeeting] -> [5579090877145089]
14:17:53,678 DEBUG SQL:104 - 
    delete 
    from
        Enrolment 
    where
        studentId=? 
        and courseCode=?
14:17:53,679 DEBUG BaseGeneralDataRegion:59 - Caching[foo.org.hibernate.cache.spi.UpdateTimestampsCache] : [Enrolment] -> [5579090877149184]
14:17:53,679 DEBUG SQL:104 - 
    delete 
    from
        Address 
    where
        id=?
14:17:53,679 DEBUG BaseGeneralDataRegion:59 - Caching[foo.org.hibernate.cache.spi.UpdateTimestampsCache] : [Address] -> [5579090877149185]
14:17:53,679 DEBUG SQL:104 - 
    delete 
    from
        Address 
    where
        id=?
14:17:53,679 DEBUG BaseGeneralDataRegion:59 - Caching[foo.org.hibernate.cache.spi.UpdateTimestampsCache] : [Address] -> [5579090877149186]
14:17:53,679 DEBUG SQL:104 - 
    delete 
    from
        Student 
    where
        studentId=?
14:17:53,689 DEBUG BaseGeneralDataRegion:59 - Caching[foo.org.hibernate.cache.spi.UpdateTimestampsCache] : [Student] -> [5579090877190144]
14:17:53,689 DEBUG SQL:104 - 
    delete 
    from
        Enrolment 
    where
        studentId=? 
        and courseCode=?
14:17:53,690 DEBUG BaseGeneralDataRegion:59 - Caching[foo.org.hibernate.cache.spi.UpdateTimestampsCache] : [Enrolment] -> [5579090877194240]
14:17:53,690 DEBUG SQL:104 - 
    delete 
    from
        Student 
    where
        studentId=?
14:17:53,690 DEBUG BaseGeneralDataRegion:59 - Caching[foo.org.hibernate.cache.spi.UpdateTimestampsCache] : [Student] -> [5579090877194241]
14:17:53,690 DEBUG SQL:104 - 
    delete 
    from
        CourseMeeting 
    where
        courseCode=? 
        and day=? 
        and period=? 
        and location=?
14:17:53,690 DEBUG BaseGeneralDataRegion:59 - Caching[foo.org.hibernate.cache.spi.UpdateTimestampsCache] : [CourseMeeting] -> [5579090877194242]
14:17:53,690 DEBUG SQL:104 - 
    delete 
    from
        CourseMeeting 
    where
        courseCode=? 
        and day=? 
        and period=? 
        and location=?
14:17:53,690 DEBUG BaseGeneralDataRegion:59 - Caching[foo.org.hibernate.cache.spi.UpdateTimestampsCache] : [CourseMeeting] -> [5579090877194243]
14:17:53,691 DEBUG SQL:104 - 
    delete 
    from
        Course 
    where
        courseCode=?
14:17:53,691 DEBUG BaseGeneralDataRegion:59 - Caching[foo.org.hibernate.cache.spi.UpdateTimestampsCache] : [Course] -> [5579090877198336]
14:17:53,691 DEBUG BaseGeneralDataRegion:59 - Caching[foo.org.hibernate.cache.spi.UpdateTimestampsCache] : [Student] -> [5579090631438337]
14:17:53,691 DEBUG BaseGeneralDataRegion:59 - Caching[foo.org.hibernate.cache.spi.UpdateTimestampsCache] : [Course] -> [5579090631438337]
14:17:53,691 DEBUG BaseGeneralDataRegion:59 - Caching[foo.org.hibernate.cache.spi.UpdateTimestampsCache] : [Enrolment] -> [5579090631438337]
14:17:53,691 DEBUG BaseGeneralDataRegion:59 - Caching[foo.org.hibernate.cache.spi.UpdateTimestampsCache] : [Student_secretCodes] -> [5579090631438337]
14:17:53,691 DEBUG BaseGeneralDataRegion:59 - Caching[foo.org.hibernate.cache.spi.UpdateTimestampsCache] : [Address] -> [5579090631438337]
14:17:53,691 DEBUG BaseGeneralDataRegion:59 - Caching[foo.org.hibernate.cache.spi.UpdateTimestampsCache] : [CourseMeeting] -> [5579090631438337]
14:17:53,692  INFO CustomRunner:139 - Test: testEntityWithLazyAssnList
14:17:53,711 DEBUG SQL:104 - 
    select
        coursemeet_.courseCode,
        coursemeet_.day,
        coursemeet_.period,
        coursemeet_.location 
    from
        CourseMeeting coursemeet_ 
    where
        coursemeet_.courseCode=? 
        and coursemeet_.day=? 
        and coursemeet_.period=? 
        and coursemeet_.location=?
14:17:53,712 DEBUG SQL:104 - 
    select
        coursemeet_.courseCode,
        coursemeet_.day,
        coursemeet_.period,
        coursemeet_.location 
    from
        CourseMeeting coursemeet_ 
    where
        coursemeet_.courseCode=? 
        and coursemeet_.day=? 
        and coursemeet_.period=? 
        and coursemeet_.location=?
14:17:53,713 DEBUG SQL:104 - 
    insert 
    into
        Course
        (description, courseCode) 
    values
        (?, ?)
14:17:53,713 DEBUG BaseGeneralDataRegion:59 - Caching[foo.org.hibernate.cache.spi.UpdateTimestampsCache] : [Course] -> [5579090877288448]
14:17:53,713 DEBUG SQL:104 - 
    insert 
    into
        CourseMeeting
        (courseCode, day, period, location) 
    values
        (?, ?, ?, ?)
14:17:53,713 DEBUG BaseGeneralDataRegion:59 - Caching[foo.org.hibernate.cache.spi.UpdateTimestampsCache] : [CourseMeeting] -> [5579090877288449]
14:17:53,714 DEBUG SQL:104 - 
    insert 
    into
        CourseMeeting
        (courseCode, day, period, location) 
    values
        (?, ?, ?, ?)
14:17:53,714 DEBUG BaseGeneralDataRegion:59 - Caching[foo.org.hibernate.cache.spi.UpdateTimestampsCache] : [CourseMeeting] -> [5579090877292544]
14:17:53,714 DEBUG SQL:104 - 
    insert 
    into
        Student
        (name_first, name_middle, name_last, preferredCourseCode, studentId) 
    values
        (?, ?, ?, ?, ?)
14:17:53,714 DEBUG BaseGeneralDataRegion:59 - Caching[foo.org.hibernate.cache.spi.UpdateTimestampsCache] : [Student] -> [5579090877292545]
14:17:53,714 DEBUG SQL:104 - 
    insert 
    into
        Address
        (addressType, street, city, stateProvince, postalCode, country, studentNumber, id) 
    values
        (?, ?, ?, ?, ?, ?, ?, ?)
14:17:53,714 DEBUG BaseGeneralDataRegion:59 - Caching[foo.org.hibernate.cache.spi.UpdateTimestampsCache] : [Address] -> [5579090877292546]
14:17:53,714 DEBUG SQL:104 - 
    insert 
    into
        Address
        (addressType, street, city, stateProvince, postalCode, country, studentNumber, id) 
    values
        (?, ?, ?, ?, ?, ?, ?, ?)
14:17:53,715 DEBUG BaseGeneralDataRegion:59 - Caching[foo.org.hibernate.cache.spi.UpdateTimestampsCache] : [Address] -> [5579090877296640]
14:17:53,715 DEBUG SQL:104 - 
    insert 
    into
        Student
        (name_first, name_middle, name_last, preferredCourseCode, studentId) 
    values
        (?, ?, ?, ?, ?)
14:17:53,715 DEBUG BaseGeneralDataRegion:59 - Caching[foo.org.hibernate.cache.spi.UpdateTimestampsCache] : [Student] -> [5579090877296641]
14:17:53,739 DEBUG SQL:104 - 
    insert 
    into
        Enrolment
        (semester, "year", studentId, courseCode) 
    values
        (?, ?, ?, ?)
14:17:53,740 DEBUG BaseGeneralDataRegion:59 - Caching[foo.org.hibernate.cache.spi.UpdateTimestampsCache] : [Enrolment] -> [5579090877399040]
14:17:53,740 DEBUG SQL:104 - 
    insert 
    into
        Enrolment
        (semester, "year", studentId, courseCode) 
    values
        (?, ?, ?, ?)
14:17:53,740 DEBUG BaseGeneralDataRegion:59 - Caching[foo.org.hibernate.cache.spi.UpdateTimestampsCache] : [Enrolment] -> [5579090877399041]
14:17:53,740 DEBUG BaseGeneralDataRegion:59 - Caching[foo.org.hibernate.cache.spi.UpdateTimestampsCache] : [CourseMeeting] -> [5579090877399042]
14:17:53,740 DEBUG BaseGeneralDataRegion:59 - Caching[foo.org.hibernate.cache.spi.UpdateTimestampsCache] : [Enrolment] -> [5579090877399043]
14:17:53,740 DEBUG SQL:104 - 
    update
        Address 
    set
        studentNumber=?,
        addressType=? 
    where
        id=?
14:17:53,741 DEBUG SQL:104 - 
    update
        Address 
    set
        studentNumber=?,
        addressType=? 
    where
        id=?
14:17:53,750 DEBUG BaseGeneralDataRegion:59 - Caching[foo.org.hibernate.cache.spi.UpdateTimestampsCache] : [Address] -> [5579090877440000]
14:17:53,751 DEBUG SQL:104 - 
    insert 
    into
        Student_secretCodes
        (studentNumber, i, secretCode) 
    values
        (?, ?, ?)
14:17:53,751 DEBUG BaseGeneralDataRegion:59 - Caching[foo.org.hibernate.cache.spi.UpdateTimestampsCache] : [Student_secretCodes] -> [5579090877444096]
14:17:53,751 DEBUG BaseGeneralDataRegion:59 - Caching[foo.org.hibernate.cache.spi.UpdateTimestampsCache] : [Enrolment] -> [5579090877444097]
14:17:53,751 DEBUG BaseGeneralDataRegion:59 - Caching[foo.org.hibernate.cache.spi.UpdateTimestampsCache] : [Address] -> [5579090877444098]
14:17:53,751 DEBUG SQL:104 - 
    insert 
    into
        Student_secretCodes
        (studentNumber, i, secretCode) 
    values
        (?, ?, ?)
14:17:53,751 DEBUG SQL:104 - 
    insert 
    into
        Student_secretCodes
        (studentNumber, i, secretCode) 
    values
        (?, ?, ?)
14:17:53,751 DEBUG BaseGeneralDataRegion:59 - Caching[foo.org.hibernate.cache.spi.UpdateTimestampsCache] : [Student_secretCodes] -> [5579090877444099]
14:17:53,760 DEBUG BaseGeneralDataRegion:59 - Caching[foo.org.hibernate.cache.spi.UpdateTimestampsCache] : [Student] -> [5579090631720960]
14:17:53,760 DEBUG BaseGeneralDataRegion:59 - Caching[foo.org.hibernate.cache.spi.UpdateTimestampsCache] : [Course] -> [5579090631720960]
14:17:53,760 DEBUG BaseGeneralDataRegion:59 - Caching[foo.org.hibernate.cache.spi.UpdateTimestampsCache] : [Enrolment] -> [5579090631720960]
14:17:53,760 DEBUG BaseGeneralDataRegion:59 - Caching[foo.org.hibernate.cache.spi.UpdateTimestampsCache] : [Student_secretCodes] -> [5579090631720960]
14:17:53,760 DEBUG BaseGeneralDataRegion:59 - Caching[foo.org.hibernate.cache.spi.UpdateTimestampsCache] : [Address] -> [5579090631720960]
14:17:53,760 DEBUG BaseGeneralDataRegion:59 - Caching[foo.org.hibernate.cache.spi.UpdateTimestampsCache] : [CourseMeeting] -> [5579090631720960]
14:17:53,761 DEBUG SQL:104 - 
    select
        this_.studentId as studentId4_0_,
        this_.name_first as name2_4_0_,
        this_.name_middle as name3_4_0_,
        this_.name_last as name4_4_0_,
        this_.preferredCourseCode as preferre5_4_0_ 
    from
        Student this_ 
    order by
        this_.studentId asc
14:17:53,762 DEBUG SQL:104 - 
    select
        secretcode0_.studentNumber as studentN1_4_0_,
        secretcode0_.secretCode as secretCode5_0_,
        secretcode0_.i as i0_ 
    from
        Student_secretCodes secretcode0_ 
    where
        secretcode0_.studentNumber=?
14:17:53,762 DEBUG SQL:104 - 
    select
        secretcode0_.studentNumber as studentN1_4_0_,
        secretcode0_.secretCode as secretCode5_0_,
        secretcode0_.i as i0_ 
    from
        Student_secretCodes secretcode0_ 
    where
        secretcode0_.studentNumber=?
14:17:53,775 DEBUG SQL:104 - 
    select
        this_.studentId as studentId4_0_,
        this_.name_first as name2_4_0_,
        this_.name_middle as name3_4_0_,
        this_.name_last as name4_4_0_,
        this_.preferredCourseCode as preferre5_4_0_ 
    from
        Student this_ 
    order by
        this_.studentId asc
14:17:53,775 DEBUG SQL:104 - 
    select
        secretcode0_.studentNumber as studentN1_4_0_,
        secretcode0_.secretCode as secretCode5_0_,
        secretcode0_.i as i0_ 
    from
        Student_secretCodes secretcode0_ 
    where
        secretcode0_.studentNumber=?
14:17:53,776 DEBUG SQL:104 - 
    select
        secretcode0_.studentNumber as studentN1_4_0_,
        secretcode0_.secretCode as secretCode5_0_,
        secretcode0_.i as i0_ 
    from
        Student_secretCodes secretcode0_ 
    where
        secretcode0_.studentNumber=?
14:17:53,781 DEBUG SQL:104 - 
    select
        student_.studentId,
        student_.name_first as name2_4_,
        student_.name_middle as name3_4_,
        student_.name_last as name4_4_,
        student_.preferredCourseCode as preferre5_4_ 
    from
        Student student_ 
    where
        student_.studentId=?
14:17:53,782 DEBUG SQL:104 - 
    select
        enrolment_.studentId,
        enrolment_.courseCode,
        enrolment_.semester as semester3_,
        enrolment_."year" as year4_3_ 
    from
        Enrolment enrolment_ 
    where
        enrolment_.studentId=? 
        and enrolment_.courseCode=?
14:17:53,782 DEBUG SQL:104 - 
    select
        course_.courseCode,
        course_.description as descript2_1_ 
    from
        Course course_ 
    where
        course_.courseCode=?
14:17:53,795 DEBUG SQL:104 - 
    select
        student_.studentId,
        student_.name_first as name2_4_,
        student_.name_middle as name3_4_,
        student_.name_last as name4_4_,
        student_.preferredCourseCode as preferre5_4_ 
    from
        Student student_ 
    where
        student_.studentId=?
14:17:53,796 DEBUG SQL:104 - 
    select
        enrolment_.studentId,
        enrolment_.courseCode,
        enrolment_.semester as semester3_,
        enrolment_."year" as year4_3_ 
    from
        Enrolment enrolment_ 
    where
        enrolment_.studentId=? 
        and enrolment_.courseCode=?
14:17:53,796 DEBUG SQL:104 - 
    select
        coursemeet_.courseCode,
        coursemeet_.day,
        coursemeet_.period,
        coursemeet_.location 
    from
        CourseMeeting coursemeet_ 
    where
        coursemeet_.courseCode=? 
        and coursemeet_.day=? 
        and coursemeet_.period=? 
        and coursemeet_.location=?
14:17:53,803 DEBUG SQL:104 - 
    select
        coursemeet_.courseCode,
        coursemeet_.day,
        coursemeet_.period,
        coursemeet_.location 
    from
        CourseMeeting coursemeet_ 
    where
        coursemeet_.courseCode=? 
        and coursemeet_.day=? 
        and coursemeet_.period=? 
        and coursemeet_.location=?
14:17:53,804 DEBUG BaseGeneralDataRegion:59 - Caching[foo.org.hibernate.cache.spi.UpdateTimestampsCache] : [Enrolment] -> [5579090877661184]
14:17:53,804 DEBUG SQL:104 - 
    update
        Address 
    set
        studentNumber=null,
        addressType=null 
    where
        studentNumber=?
14:17:53,817 DEBUG BaseGeneralDataRegion:59 - Caching[foo.org.hibernate.cache.spi.UpdateTimestampsCache] : [Address] -> [5579090877714432]
14:17:53,817 DEBUG SQL:104 - 
    delete 
    from
        Student_secretCodes 
    where
        studentNumber=?
14:17:53,818 DEBUG BaseGeneralDataRegion:59 - Caching[foo.org.hibernate.cache.spi.UpdateTimestampsCache] : [Student_secretCodes] -> [5579090877718528]
14:17:53,818 DEBUG BaseGeneralDataRegion:59 - Caching[foo.org.hibernate.cache.spi.UpdateTimestampsCache] : [Enrolment] -> [5579090877718529]
14:17:53,818 DEBUG BaseGeneralDataRegion:59 - Caching[foo.org.hibernate.cache.spi.UpdateTimestampsCache] : [Address] -> [5579090877718530]
14:17:53,818 DEBUG SQL:104 - 
    delete 
    from
        Student_secretCodes 
    where
        studentNumber=?
14:17:53,818 DEBUG BaseGeneralDataRegion:59 - Caching[foo.org.hibernate.cache.spi.UpdateTimestampsCache] : [Student_secretCodes] -> [5579090877718531]
14:17:53,818 DEBUG BaseGeneralDataRegion:59 - Caching[foo.org.hibernate.cache.spi.UpdateTimestampsCache] : [CourseMeeting] -> [5579090877718532]
14:17:53,818 DEBUG SQL:104 - 
    delete 
    from
        Enrolment 
    where
        studentId=? 
        and courseCode=?
14:17:53,819 DEBUG BaseGeneralDataRegion:59 - Caching[foo.org.hibernate.cache.spi.UpdateTimestampsCache] : [Enrolment] -> [5579090877722624]
14:17:53,819 DEBUG SQL:104 - 
    delete 
    from
        Address 
    where
        id=?
14:17:53,819 DEBUG BaseGeneralDataRegion:59 - Caching[foo.org.hibernate.cache.spi.UpdateTimestampsCache] : [Address] -> [5579090877722625]
14:17:53,819 DEBUG SQL:104 - 
    delete 
    from
        Address 
    where
        id=?
14:17:53,819 DEBUG BaseGeneralDataRegion:59 - Caching[foo.org.hibernate.cache.spi.UpdateTimestampsCache] : [Address] -> [5579090877722626]
14:17:53,819 DEBUG SQL:104 - 
    delete 
    from
        Student 
    where
        studentId=?
14:17:53,819 DEBUG BaseGeneralDataRegion:59 - Caching[foo.org.hibernate.cache.spi.UpdateTimestampsCache] : [Student] -> [5579090877722627]
14:17:53,820 DEBUG SQL:104 - 
    delete 
    from
        Enrolment 
    where
        studentId=? 
        and courseCode=?
14:17:53,820 DEBUG BaseGeneralDataRegion:59 - Caching[foo.org.hibernate.cache.spi.UpdateTimestampsCache] : [Enrolment] -> [5579090877726720]
14:17:53,820 DEBUG SQL:104 - 
    delete 
    from
        Student 
    where
        studentId=?
14:17:53,833 DEBUG BaseGeneralDataRegion:59 - Caching[foo.org.hibernate.cache.spi.UpdateTimestampsCache] : [Student] -> [5579090877779968]
14:17:53,834 DEBUG SQL:104 - 
    delete 
    from
        CourseMeeting 
    where
        courseCode=? 
        and day=? 
        and period=? 
        and location=?
14:17:53,834 DEBUG BaseGeneralDataRegion:59 - Caching[foo.org.hibernate.cache.spi.UpdateTimestampsCache] : [CourseMeeting] -> [5579090877784064]
14:17:53,834 DEBUG SQL:104 - 
    delete 
    from
        CourseMeeting 
    where
        courseCode=? 
        and day=? 
        and period=? 
        and location=?
14:17:53,834 DEBUG BaseGeneralDataRegion:59 - Caching[foo.org.hibernate.cache.spi.UpdateTimestampsCache] : [CourseMeeting] -> [5579090877784065]
14:17:53,834 DEBUG SQL:104 - 
    delete 
    from
        Course 
    where
        courseCode=?
14:17:53,835 DEBUG BaseGeneralDataRegion:59 - Caching[foo.org.hibernate.cache.spi.UpdateTimestampsCache] : [Course] -> [5579090877788160]
14:17:53,843 DEBUG BaseGeneralDataRegion:59 - Caching[foo.org.hibernate.cache.spi.UpdateTimestampsCache] : [Student] -> [5579090632060928]
14:17:53,843 DEBUG BaseGeneralDataRegion:59 - Caching[foo.org.hibernate.cache.spi.UpdateTimestampsCache] : [Course] -> [5579090632060928]
14:17:53,843 DEBUG BaseGeneralDataRegion:59 - Caching[foo.org.hibernate.cache.spi.UpdateTimestampsCache] : [Enrolment] -> [5579090632060928]
14:17:53,843 DEBUG BaseGeneralDataRegion:59 - Caching[foo.org.hibernate.cache.spi.UpdateTimestampsCache] : [Student_secretCodes] -> [5579090632060928]
14:17:53,843 DEBUG BaseGeneralDataRegion:59 - Caching[foo.org.hibernate.cache.spi.UpdateTimestampsCache] : [Address] -> [5579090632060928]
14:17:53,843 DEBUG BaseGeneralDataRegion:59 - Caching[foo.org.hibernate.cache.spi.UpdateTimestampsCache] : [CourseMeeting] -> [5579090632060928]
14:17:53,844  INFO CustomRunner:139 - Test: testEntityWithLazyAssnUnique
14:17:53,848 DEBUG SQL:104 - 
    select
        coursemeet_.courseCode,
        coursemeet_.day,
        coursemeet_.period,
        coursemeet_.location 
    from
        CourseMeeting coursemeet_ 
    where
        coursemeet_.courseCode=? 
        and coursemeet_.day=? 
        and coursemeet_.period=? 
        and coursemeet_.location=?
14:17:53,849 DEBUG SQL:104 - 
    select
        coursemeet_.courseCode,
        coursemeet_.day,
        coursemeet_.period,
        coursemeet_.location 
    from
        CourseMeeting coursemeet_ 
    where
        coursemeet_.courseCode=? 
        and coursemeet_.day=? 
        and coursemeet_.period=? 
        and coursemeet_.location=?
14:17:53,850 DEBUG SQL:104 - 
    insert 
    into
        Course
        (description, courseCode) 
    values
        (?, ?)
14:17:53,850 DEBUG BaseGeneralDataRegion:59 - Caching[foo.org.hibernate.cache.spi.UpdateTimestampsCache] : [Course] -> [5579090877849600]
14:17:53,850 DEBUG SQL:104 - 
    insert 
    into
        CourseMeeting
        (courseCode, day, period, location) 
    values
        (?, ?, ?, ?)
14:17:53,865 DEBUG BaseGeneralDataRegion:59 - Caching[foo.org.hibernate.cache.spi.UpdateTimestampsCache] : [CourseMeeting] -> [5579090877911040]
14:17:53,865 DEBUG SQL:104 - 
    insert 
    into
        CourseMeeting
        (courseCode, day, period, location) 
    values
        (?, ?, ?, ?)
14:17:53,866 DEBUG BaseGeneralDataRegion:59 - Caching[foo.org.hibernate.cache.spi.UpdateTimestampsCache] : [CourseMeeting] -> [5579090877915136]
14:17:53,866 DEBUG SQL:104 - 
    insert 
    into
        Student
        (name_first, name_middle, name_last, preferredCourseCode, studentId) 
    values
        (?, ?, ?, ?, ?)
14:17:53,866 DEBUG BaseGeneralDataRegion:59 - Caching[foo.org.hibernate.cache.spi.UpdateTimestampsCache] : [Student] -> [5579090877915137]
14:17:53,866 DEBUG SQL:104 - 
    insert 
    into
        Address
        (addressType, street, city, stateProvince, postalCode, country, studentNumber, id) 
    values
        (?, ?, ?, ?, ?, ?, ?, ?)
14:17:53,866 DEBUG BaseGeneralDataRegion:59 - Caching[foo.org.hibernate.cache.spi.UpdateTimestampsCache] : [Address] -> [5579090877915138]
14:17:53,875 DEBUG SQL:104 - 
    insert 
    into
        Address
        (addressType, street, city, stateProvince, postalCode, country, studentNumber, id) 
    values
        (?, ?, ?, ?, ?, ?, ?, ?)
14:17:53,876 DEBUG BaseGeneralDataRegion:59 - Caching[foo.org.hibernate.cache.spi.UpdateTimestampsCache] : [Address] -> [5579090877956096]
14:17:53,876 DEBUG SQL:104 - 
    insert 
    into
        Student
        (name_first, name_middle, name_last, preferredCourseCode, studentId) 
    values
        (?, ?, ?, ?, ?)
14:17:53,876 DEBUG BaseGeneralDataRegion:59 - Caching[foo.org.hibernate.cache.spi.UpdateTimestampsCache] : [Student] -> [5579090877956097]
14:17:53,876 DEBUG SQL:104 - 
    insert 
    into
        Enrolment
        (semester, "year", studentId, courseCode) 
    values
        (?, ?, ?, ?)
14:17:53,876 DEBUG BaseGeneralDataRegion:59 - Caching[foo.org.hibernate.cache.spi.UpdateTimestampsCache] : [Enrolment] -> [5579090877956098]
14:17:53,876 DEBUG SQL:104 - 
    insert 
    into
        Enrolment
        (semester, "year", studentId, courseCode) 
    values
        (?, ?, ?, ?)
14:17:53,885 DEBUG BaseGeneralDataRegion:59 - Caching[foo.org.hibernate.cache.spi.UpdateTimestampsCache] : [Enrolment] -> [5579090877992960]
14:17:53,886 DEBUG BaseGeneralDataRegion:59 - Caching[foo.org.hibernate.cache.spi.UpdateTimestampsCache] : [CourseMeeting] -> [5579090877997056]
14:17:53,886 DEBUG BaseGeneralDataRegion:59 - Caching[foo.org.hibernate.cache.spi.UpdateTimestampsCache] : [Enrolment] -> [5579090877997057]
14:17:53,886 DEBUG SQL:104 - 
    update
        Address 
    set
        studentNumber=?,
        addressType=? 
    where
        id=?
14:17:53,886 DEBUG SQL:104 - 
    update
        Address 
    set
        studentNumber=?,
        addressType=? 
    where
        id=?
14:17:53,886 DEBUG BaseGeneralDataRegion:59 - Caching[foo.org.hibernate.cache.spi.UpdateTimestampsCache] : [Address] -> [5579090877997058]
14:17:53,886 DEBUG SQL:104 - 
    insert 
    into
        Student_secretCodes
        (studentNumber, i, secretCode) 
    values
        (?, ?, ?)
14:17:53,887 DEBUG BaseGeneralDataRegion:59 - Caching[foo.org.hibernate.cache.spi.UpdateTimestampsCache] : [Student_secretCodes] -> [5579090878001152]
14:17:53,887 DEBUG BaseGeneralDataRegion:59 - Caching[foo.org.hibernate.cache.spi.UpdateTimestampsCache] : [Enrolment] -> [5579090878001153]
14:17:53,896 DEBUG BaseGeneralDataRegion:59 - Caching[foo.org.hibernate.cache.spi.UpdateTimestampsCache] : [Address] -> [5579090878038016]
14:17:53,897 DEBUG SQL:104 - 
    insert 
    into
        Student_secretCodes
        (studentNumber, i, secretCode) 
    values
        (?, ?, ?)
14:17:53,897 DEBUG SQL:104 - 
    insert 
    into
        Student_secretCodes
        (studentNumber, i, secretCode) 
    values
        (?, ?, ?)
14:17:53,897 DEBUG BaseGeneralDataRegion:59 - Caching[foo.org.hibernate.cache.spi.UpdateTimestampsCache] : [Student_secretCodes] -> [5579090878042112]
14:17:53,897 DEBUG BaseGeneralDataRegion:59 - Caching[foo.org.hibernate.cache.spi.UpdateTimestampsCache] : [Student] -> [5579090632282113]
14:17:53,897 DEBUG BaseGeneralDataRegion:59 - Caching[foo.org.hibernate.cache.spi.UpdateTimestampsCache] : [Course] -> [5579090632282113]
14:17:53,897 DEBUG BaseGeneralDataRegion:59 - Caching[foo.org.hibernate.cache.spi.UpdateTimestampsCache] : [Enrolment] -> [5579090632282113]
14:17:53,898 DEBUG BaseGeneralDataRegion:59 - Caching[foo.org.hibernate.cache.spi.UpdateTimestampsCache] : [Student_secretCodes] -> [5579090632282113]
14:17:53,898 DEBUG BaseGeneralDataRegion:59 - Caching[foo.org.hibernate.cache.spi.UpdateTimestampsCache] : [Address] -> [5579090632282113]
14:17:53,898 DEBUG BaseGeneralDataRegion:59 - Caching[foo.org.hibernate.cache.spi.UpdateTimestampsCache] : [CourseMeeting] -> [5579090632282113]
14:17:53,898 DEBUG SQL:104 - 
    select
        this_.studentId as studentId4_0_,
        this_.name_first as name2_4_0_,
        this_.name_middle as name3_4_0_,
        this_.name_last as name4_4_0_,
        this_.preferredCourseCode as preferre5_4_0_ 
    from
        Student this_ 
    where
        this_.studentId=?
14:17:53,908 DEBUG SQL:104 - 
    select
        secretcode0_.studentNumber as studentN1_4_0_,
        secretcode0_.secretCode as secretCode5_0_,
        secretcode0_.i as i0_ 
    from
        Student_secretCodes secretcode0_ 
    where
        secretcode0_.studentNumber=?
14:17:53,909 DEBUG SQL:104 - 
    select
        this_.studentId as studentId4_0_,
        this_.name_first as name2_4_0_,
        this_.name_middle as name3_4_0_,
        this_.name_last as name4_4_0_,
        this_.preferredCourseCode as preferre5_4_0_ 
    from
        Student this_ 
    where
        this_.studentId=?
14:17:53,909 DEBUG SQL:104 - 
    select
        secretcode0_.studentNumber as studentN1_4_0_,
        secretcode0_.secretCode as secretCode5_0_,
        secretcode0_.i as i0_ 
    from
        Student_secretCodes secretcode0_ 
    where
        secretcode0_.studentNumber=?
14:17:53,918 DEBUG SQL:104 - 
    select
        student_.studentId,
        student_.name_first as name2_4_,
        student_.name_middle as name3_4_,
        student_.name_last as name4_4_,
        student_.preferredCourseCode as preferre5_4_ 
    from
        Student student_ 
    where
        student_.studentId=?
14:17:53,918 DEBUG SQL:104 - 
    select
        enrolment_.studentId,
        enrolment_.courseCode,
        enrolment_.semester as semester3_,
        enrolment_."year" as year4_3_ 
    from
        Enrolment enrolment_ 
    where
        enrolment_.studentId=? 
        and enrolment_.courseCode=?
14:17:53,918 DEBUG SQL:104 - 
    select
        course_.courseCode,
        course_.description as descript2_1_ 
    from
        Course course_ 
    where
        course_.courseCode=?
14:17:53,927 DEBUG SQL:104 - 
    select
        student_.studentId,
        student_.name_first as name2_4_,
        student_.name_middle as name3_4_,
        student_.name_last as name4_4_,
        student_.preferredCourseCode as preferre5_4_ 
    from
        Student student_ 
    where
        student_.studentId=?
14:17:53,927 DEBUG SQL:104 - 
    select
        enrolment_.studentId,
        enrolment_.courseCode,
        enrolment_.semester as semester3_,
        enrolment_."year" as year4_3_ 
    from
        Enrolment enrolment_ 
    where
        enrolment_.studentId=? 
        and enrolment_.courseCode=?
14:17:53,928 DEBUG SQL:104 - 
    select
        coursemeet_.courseCode,
        coursemeet_.day,
        coursemeet_.period,
        coursemeet_.location 
    from
        CourseMeeting coursemeet_ 
    where
        coursemeet_.courseCode=? 
        and coursemeet_.day=? 
        and coursemeet_.period=? 
        and coursemeet_.location=?
14:17:53,937 DEBUG SQL:104 - 
    select
        coursemeet_.courseCode,
        coursemeet_.day,
        coursemeet_.period,
        coursemeet_.location 
    from
        CourseMeeting coursemeet_ 
    where
        coursemeet_.courseCode=? 
        and coursemeet_.day=? 
        and coursemeet_.period=? 
        and coursemeet_.location=?
14:17:53,938 DEBUG BaseGeneralDataRegion:59 - Caching[foo.org.hibernate.cache.spi.UpdateTimestampsCache] : [Enrolment] -> [5579090878210048]
14:17:53,938 DEBUG SQL:104 - 
    update
        Address 
    set
        studentNumber=null,
        addressType=null 
    where
        studentNumber=?
14:17:53,939 DEBUG BaseGeneralDataRegion:59 - Caching[foo.org.hibernate.cache.spi.UpdateTimestampsCache] : [Address] -> [5579090878214144]
14:17:53,939 DEBUG SQL:104 - 
    delete 
    from
        Student_secretCodes 
    where
        studentNumber=?
14:17:53,939 DEBUG BaseGeneralDataRegion:59 - Caching[foo.org.hibernate.cache.spi.UpdateTimestampsCache] : [Student_secretCodes] -> [5579090878214145]
14:17:53,939 DEBUG BaseGeneralDataRegion:59 - Caching[foo.org.hibernate.cache.spi.UpdateTimestampsCache] : [Enrolment] -> [5579090878214146]
14:17:53,939 DEBUG BaseGeneralDataRegion:59 - Caching[foo.org.hibernate.cache.spi.UpdateTimestampsCache] : [Address] -> [5579090878214147]
14:17:53,939 DEBUG SQL:104 - 
    delete 
    from
        Student_secretCodes 
    where
        studentNumber=?
14:17:53,939 DEBUG BaseGeneralDataRegion:59 - Caching[foo.org.hibernate.cache.spi.UpdateTimestampsCache] : [Student_secretCodes] -> [5579090878214148]
14:17:53,940 DEBUG BaseGeneralDataRegion:59 - Caching[foo.org.hibernate.cache.spi.UpdateTimestampsCache] : [CourseMeeting] -> [5579090878218240]
14:17:53,940 DEBUG SQL:104 - 
    delete 
    from
        Enrolment 
    where
        studentId=? 
        and courseCode=?
14:17:53,940 DEBUG BaseGeneralDataRegion:59 - Caching[foo.org.hibernate.cache.spi.UpdateTimestampsCache] : [Enrolment] -> [5579090878218241]
14:17:53,940 DEBUG SQL:104 - 
    delete 
    from
        Address 
    where
        id=?
14:17:53,940 DEBUG BaseGeneralDataRegion:59 - Caching[foo.org.hibernate.cache.spi.UpdateTimestampsCache] : [Address] -> [5579090878218242]
14:17:53,940 DEBUG SQL:104 - 
    delete 
    from
        Address 
    where
        id=?
14:17:53,940 DEBUG BaseGeneralDataRegion:59 - Caching[foo.org.hibernate.cache.spi.UpdateTimestampsCache] : [Address] -> [5579090878218243]
14:17:53,940 DEBUG SQL:104 - 
    delete 
    from
        Student 
    where
        studentId=?
14:17:53,951 DEBUG BaseGeneralDataRegion:59 - Caching[foo.org.hibernate.cache.spi.UpdateTimestampsCache] : [Student] -> [5579090878263296]
14:17:53,952 DEBUG SQL:104 - 
    delete 
    from
        Enrolment 
    where
        studentId=? 
        and courseCode=?
14:17:53,952 DEBUG BaseGeneralDataRegion:59 - Caching[foo.org.hibernate.cache.spi.UpdateTimestampsCache] : [Enrolment] -> [5579090878267392]
14:17:53,952 DEBUG SQL:104 - 
    delete 
    from
        Student 
    where
        studentId=?
14:17:53,952 DEBUG BaseGeneralDataRegion:59 - Caching[foo.org.hibernate.cache.spi.UpdateTimestampsCache] : [Student] -> [5579090878267393]
14:17:53,952 DEBUG SQL:104 - 
    delete 
    from
        CourseMeeting 
    where
        courseCode=? 
        and day=? 
        and period=? 
        and location=?
14:17:53,953 DEBUG BaseGeneralDataRegion:59 - Caching[foo.org.hibernate.cache.spi.UpdateTimestampsCache] : [CourseMeeting] -> [5579090878271488]
14:17:53,953 DEBUG SQL:104 - 
    delete 
    from
        CourseMeeting 
    where
        courseCode=? 
        and day=? 
        and period=? 
        and location=?
14:17:53,964 DEBUG BaseGeneralDataRegion:59 - Caching[foo.org.hibernate.cache.spi.UpdateTimestampsCache] : [CourseMeeting] -> [5579090878316544]
14:17:53,964 DEBUG SQL:104 - 
    delete 
    from
        Course 
    where
        courseCode=?
14:17:53,964 DEBUG BaseGeneralDataRegion:59 - Caching[foo.org.hibernate.cache.spi.UpdateTimestampsCache] : [Course] -> [5579090878316545]
14:17:53,964 DEBUG BaseGeneralDataRegion:59 - Caching[foo.org.hibernate.cache.spi.UpdateTimestampsCache] : [Student] -> [5579090632556546]
14:17:53,965 DEBUG BaseGeneralDataRegion:59 - Caching[foo.org.hibernate.cache.spi.UpdateTimestampsCache] : [Course] -> [5579090632556546]
14:17:53,965 DEBUG BaseGeneralDataRegion:59 - Caching[foo.org.hibernate.cache.spi.UpdateTimestampsCache] : [Enrolment] -> [5579090632556546]
14:17:53,965 DEBUG BaseGeneralDataRegion:59 - Caching[foo.org.hibernate.cache.spi.UpdateTimestampsCache] : [Student_secretCodes] -> [5579090632556546]
14:17:53,965 DEBUG BaseGeneralDataRegion:59 - Caching[foo.org.hibernate.cache.spi.UpdateTimestampsCache] : [Address] -> [5579090632556546]
14:17:53,965 DEBUG BaseGeneralDataRegion:59 - Caching[foo.org.hibernate.cache.spi.UpdateTimestampsCache] : [CourseMeeting] -> [5579090632556546]
14:17:53,965  INFO CustomRunner:139 - Test: testEntityWithNonLazyManyToOneList
14:17:53,967 DEBUG SQL:104 - 
    select
        coursemeet_.courseCode,
        coursemeet_.day,
        coursemeet_.period,
        coursemeet_.location 
    from
        CourseMeeting coursemeet_ 
    where
        coursemeet_.courseCode=? 
        and coursemeet_.day=? 
        and coursemeet_.period=? 
        and coursemeet_.location=?
14:17:53,974 DEBUG SQL:104 - 
    select
        coursemeet_.courseCode,
        coursemeet_.day,
        coursemeet_.period,
        coursemeet_.location 
    from
        CourseMeeting coursemeet_ 
    where
        coursemeet_.courseCode=? 
        and coursemeet_.day=? 
        and coursemeet_.period=? 
        and coursemeet_.location=?
14:17:53,975 DEBUG SQL:104 - 
    insert 
    into
        Course
        (description, courseCode) 
    values
        (?, ?)
14:17:53,975 DEBUG BaseGeneralDataRegion:59 - Caching[foo.org.hibernate.cache.spi.UpdateTimestampsCache] : [Course] -> [5579090878361600]
14:17:53,975 DEBUG SQL:104 - 
    insert 
    into
        CourseMeeting
        (courseCode, day, period, location) 
    values
        (?, ?, ?, ?)
14:17:53,975 DEBUG BaseGeneralDataRegion:59 - Caching[foo.org.hibernate.cache.spi.UpdateTimestampsCache] : [CourseMeeting] -> [5579090878361601]
14:17:53,976 DEBUG SQL:104 - 
    insert 
    into
        CourseMeeting
        (courseCode, day, period, location) 
    values
        (?, ?, ?, ?)
14:17:53,976 DEBUG BaseGeneralDataRegion:59 - Caching[foo.org.hibernate.cache.spi.UpdateTimestampsCache] : [CourseMeeting] -> [5579090878365696]
14:17:53,976 DEBUG SQL:104 - 
    insert 
    into
        Student
        (name_first, name_middle, name_last, preferredCourseCode, studentId) 
    values
        (?, ?, ?, ?, ?)
14:17:53,997 DEBUG BaseGeneralDataRegion:59 - Caching[foo.org.hibernate.cache.spi.UpdateTimestampsCache] : [Student] -> [5579090878451712]
14:17:53,997 DEBUG SQL:104 - 
    insert 
    into
        Address
        (addressType, street, city, stateProvince, postalCode, country, studentNumber, id) 
    values
        (?, ?, ?, ?, ?, ?, ?, ?)
14:17:53,997 DEBUG BaseGeneralDataRegion:59 - Caching[foo.org.hibernate.cache.spi.UpdateTimestampsCache] : [Address] -> [5579090878451713]
14:17:53,997 DEBUG SQL:104 - 
    insert 
    into
        Address
        (addressType, street, city, stateProvince, postalCode, country, studentNumber, id) 
    values
        (?, ?, ?, ?, ?, ?, ?, ?)
14:17:53,998 DEBUG BaseGeneralDataRegion:59 - Caching[foo.org.hibernate.cache.spi.UpdateTimestampsCache] : [Address] -> [5579090878455808]
14:17:53,998 DEBUG SQL:104 - 
    insert 
    into
        Student
        (name_first, name_middle, name_last, preferredCourseCode, studentId) 
    values
        (?, ?, ?, ?, ?)
14:17:54,007 DEBUG BaseGeneralDataRegion:59 - Caching[foo.org.hibernate.cache.spi.UpdateTimestampsCache] : [Student] -> [5579090878492672]
14:17:54,007 DEBUG SQL:104 - 
    insert 
    into
        Enrolment
        (semester, "year", studentId, courseCode) 
    values
        (?, ?, ?, ?)
14:17:54,007 DEBUG BaseGeneralDataRegion:59 - Caching[foo.org.hibernate.cache.spi.UpdateTimestampsCache] : [Enrolment] -> [5579090878492673]
14:17:54,007 DEBUG SQL:104 - 
    insert 
    into
        Enrolment
        (semester, "year", studentId, courseCode) 
    values
        (?, ?, ?, ?)
14:17:54,007 DEBUG BaseGeneralDataRegion:59 - Caching[foo.org.hibernate.cache.spi.UpdateTimestampsCache] : [Enrolment] -> [5579090878492674]
14:17:54,008 DEBUG BaseGeneralDataRegion:59 - Caching[foo.org.hibernate.cache.spi.UpdateTimestampsCache] : [CourseMeeting] -> [5579090878496768]
14:17:54,008 DEBUG BaseGeneralDataRegion:59 - Caching[foo.org.hibernate.cache.spi.UpdateTimestampsCache] : [Enrolment] -> [5579090878496769]
14:17:54,008 DEBUG SQL:104 - 
    update
        Address 
    set
        studentNumber=?,
        addressType=? 
    where
        id=?
14:17:54,008 DEBUG SQL:104 - 
    update
        Address 
    set
        studentNumber=?,
        addressType=? 
    where
        id=?
14:17:54,017 DEBUG BaseGeneralDataRegion:59 - Caching[foo.org.hibernate.cache.spi.UpdateTimestampsCache] : [Address] -> [5579090878533632]
14:17:54,018 DEBUG SQL:104 - 
    insert 
    into
        Student_secretCodes
        (studentNumber, i, secretCode) 
    values
        (?, ?, ?)
14:17:54,018 DEBUG BaseGeneralDataRegion:59 - Caching[foo.org.hibernate.cache.spi.UpdateTimestampsCache] : [Student_secretCodes] -> [5579090878537728]
14:17:54,018 DEBUG BaseGeneralDataRegion:59 - Caching[foo.org.hibernate.cache.spi.UpdateTimestampsCache] : [Enrolment] -> [5579090878537729]
14:17:54,018 DEBUG BaseGeneralDataRegion:59 - Caching[foo.org.hibernate.cache.spi.UpdateTimestampsCache] : [Address] -> [5579090878537730]
14:17:54,018 DEBUG SQL:104 - 
    insert 
    into
        Student_secretCodes
        (studentNumber, i, secretCode) 
    values
        (?, ?, ?)
14:17:54,018 DEBUG SQL:104 - 
    insert 
    into
        Student_secretCodes
        (studentNumber, i, secretCode) 
    values
        (?, ?, ?)
14:17:54,027 DEBUG BaseGeneralDataRegion:59 - Caching[foo.org.hibernate.cache.spi.UpdateTimestampsCache] : [Student_secretCodes] -> [5579090878574592]
14:17:54,027 DEBUG BaseGeneralDataRegion:59 - Caching[foo.org.hibernate.cache.spi.UpdateTimestampsCache] : [Student] -> [5579090632814593]
14:17:54,027 DEBUG BaseGeneralDataRegion:59 - Caching[foo.org.hibernate.cache.spi.UpdateTimestampsCache] : [Course] -> [5579090632814593]
14:17:54,027 DEBUG BaseGeneralDataRegion:59 - Caching[foo.org.hibernate.cache.spi.UpdateTimestampsCache] : [Enrolment] -> [5579090632814593]
14:17:54,028 DEBUG BaseGeneralDataRegion:59 - Caching[foo.org.hibernate.cache.spi.UpdateTimestampsCache] : [Student_secretCodes] -> [5579090632814593]
14:17:54,028 DEBUG BaseGeneralDataRegion:59 - Caching[foo.org.hibernate.cache.spi.UpdateTimestampsCache] : [Address] -> [5579090632814593]
14:17:54,028 DEBUG BaseGeneralDataRegion:59 - Caching[foo.org.hibernate.cache.spi.UpdateTimestampsCache] : [CourseMeeting] -> [5579090632814593]
14:17:54,028 DEBUG SQL:104 - 
    select
        this_.courseCode as courseCode2_0_,
        this_.day as day2_0_,
        this_.period as period2_0_,
        this_.location as location2_0_ 
    from
        CourseMeeting this_ 
    order by
        this_.day asc
14:17:54,029 DEBUG SQL:104 - 
    select
        course0_.courseCode as courseCode1_0_,
        course0_.description as descript2_1_0_ 
    from
        Course course0_ 
    where
        course0_.courseCode=?
14:17:54,029 DEBUG SQL:104 - 
    select
        coursemeet0_.courseCode as courseCode1_1_,
        coursemeet0_.courseCode as courseCode2_1_,
        coursemeet0_.day as day2_1_,
        coursemeet0_.period as period2_1_,
        coursemeet0_.location as location2_1_,
        coursemeet0_.courseCode as courseCode2_0_,
        coursemeet0_.day as day2_0_,
        coursemeet0_.period as period2_0_,
        coursemeet0_.location as location2_0_ 
    from
        CourseMeeting coursemeet0_ 
    where
        coursemeet0_.courseCode=?
14:17:54,039 DEBUG SQL:104 - 
    select
        this_.courseCode as courseCode2_0_,
        this_.day as day2_0_,
        this_.period as period2_0_,
        this_.location as location2_0_ 
    from
        CourseMeeting this_ 
    order by
        this_.day asc
14:17:54,039 DEBUG SQL:104 - 
    select
        course0_.courseCode as courseCode1_0_,
        course0_.description as descript2_1_0_ 
    from
        Course course0_ 
    where
        course0_.courseCode=?
14:17:54,039 DEBUG SQL:104 - 
    select
        coursemeet0_.courseCode as courseCode1_1_,
        coursemeet0_.courseCode as courseCode2_1_,
        coursemeet0_.day as day2_1_,
        coursemeet0_.period as period2_1_,
        coursemeet0_.location as location2_1_,
        coursemeet0_.courseCode as courseCode2_0_,
        coursemeet0_.day as day2_0_,
        coursemeet0_.period as period2_0_,
        coursemeet0_.location as location2_0_ 
    from
        CourseMeeting coursemeet0_ 
    where
        coursemeet0_.courseCode=?
14:17:54,060 DEBUG SQL:104 - 
    select
        student_.studentId,
        student_.name_first as name2_4_,
        student_.name_middle as name3_4_,
        student_.name_last as name4_4_,
        student_.preferredCourseCode as preferre5_4_ 
    from
        Student student_ 
    where
        student_.studentId=?
14:17:54,061 DEBUG SQL:104 - 
    select
        enrolment_.studentId,
        enrolment_.courseCode,
        enrolment_.semester as semester3_,
        enrolment_."year" as year4_3_ 
    from
        Enrolment enrolment_ 
    where
        enrolment_.studentId=? 
        and enrolment_.courseCode=?
14:17:54,070 DEBUG SQL:104 - 
    select
        course_.courseCode,
        course_.description as descript2_1_ 
    from
        Course course_ 
    where
        course_.courseCode=?
14:17:54,070 DEBUG SQL:104 - 
    select
        student_.studentId,
        student_.name_first as name2_4_,
        student_.name_middle as name3_4_,
        student_.name_last as name4_4_,
        student_.preferredCourseCode as preferre5_4_ 
    from
        Student student_ 
    where
        student_.studentId=?
14:17:54,071 DEBUG SQL:104 - 
    select
        enrolment_.studentId,
        enrolment_.courseCode,
        enrolment_.semester as semester3_,
        enrolment_."year" as year4_3_ 
    from
        Enrolment enrolment_ 
    where
        enrolment_.studentId=? 
        and enrolment_.courseCode=?
14:17:54,080 DEBUG SQL:104 - 
    select
        coursemeet_.courseCode,
        coursemeet_.day,
        coursemeet_.period,
        coursemeet_.location 
    from
        CourseMeeting coursemeet_ 
    where
        coursemeet_.courseCode=? 
        and coursemeet_.day=? 
        and coursemeet_.period=? 
        and coursemeet_.location=?
14:17:54,081 DEBUG SQL:104 - 
    select
        coursemeet_.courseCode,
        coursemeet_.day,
        coursemeet_.period,
        coursemeet_.location 
    from
        CourseMeeting coursemeet_ 
    where
        coursemeet_.courseCode=? 
        and coursemeet_.day=? 
        and coursemeet_.period=? 
        and coursemeet_.location=?
14:17:54,081 DEBUG BaseGeneralDataRegion:59 - Caching[foo.org.hibernate.cache.spi.UpdateTimestampsCache] : [Enrolment] -> [5579090878795776]
14:17:54,082 DEBUG SQL:104 - 
    update
        Address 
    set
        studentNumber=null,
        addressType=null 
    where
        studentNumber=?
14:17:54,082 DEBUG BaseGeneralDataRegion:59 - Caching[foo.org.hibernate.cache.spi.UpdateTimestampsCache] : [Address] -> [5579090878799872]
14:17:54,082 DEBUG SQL:104 - 
    delete 
    from
        Student_secretCodes 
    where
        studentNumber=?
14:17:54,082 DEBUG BaseGeneralDataRegion:59 - Caching[foo.org.hibernate.cache.spi.UpdateTimestampsCache] : [Student_secretCodes] -> [5579090878799873]
14:17:54,082 DEBUG BaseGeneralDataRegion:59 - Caching[foo.org.hibernate.cache.spi.UpdateTimestampsCache] : [Enrolment] -> [5579090878799874]
14:17:54,082 DEBUG BaseGeneralDataRegion:59 - Caching[foo.org.hibernate.cache.spi.UpdateTimestampsCache] : [Address] -> [5579090878799875]
14:17:54,082 DEBUG SQL:104 - 
    delete 
    from
        Student_secretCodes 
    where
        studentNumber=?
14:17:54,083 DEBUG BaseGeneralDataRegion:59 - Caching[foo.org.hibernate.cache.spi.UpdateTimestampsCache] : [Student_secretCodes] -> [5579090878803968]
14:17:54,083 DEBUG BaseGeneralDataRegion:59 - Caching[foo.org.hibernate.cache.spi.UpdateTimestampsCache] : [CourseMeeting] -> [5579090878803969]
14:17:54,083 DEBUG SQL:104 - 
    delete 
    from
        Enrolment 
    where
        studentId=? 
        and courseCode=?
14:17:54,094 DEBUG BaseGeneralDataRegion:59 - Caching[foo.org.hibernate.cache.spi.UpdateTimestampsCache] : [Enrolment] -> [5579090878849024]
14:17:54,094 DEBUG SQL:104 - 
    delete 
    from
        Address 
    where
        id=?
14:17:54,095 DEBUG BaseGeneralDataRegion:59 - Caching[foo.org.hibernate.cache.spi.UpdateTimestampsCache] : [Address] -> [5579090878853120]
14:17:54,095 DEBUG SQL:104 - 
    delete 
    from
        Address 
    where
        id=?
14:17:54,095 DEBUG BaseGeneralDataRegion:59 - Caching[foo.org.hibernate.cache.spi.UpdateTimestampsCache] : [Address] -> [5579090878853121]
14:17:54,095 DEBUG SQL:104 - 
    delete 
    from
        Student 
    where
        studentId=?
14:17:54,095 DEBUG BaseGeneralDataRegion:59 - Caching[foo.org.hibernate.cache.spi.UpdateTimestampsCache] : [Student] -> [5579090878853122]
14:17:54,095 DEBUG SQL:104 - 
    delete 
    from
        Enrolment 
    where
        studentId=? 
        and courseCode=?
14:17:54,105 DEBUG BaseGeneralDataRegion:59 - Caching[foo.org.hibernate.cache.spi.UpdateTimestampsCache] : [Enrolment] -> [5579090878894080]
14:17:54,105 DEBUG SQL:104 - 
    delete 
    from
        Student 
    where
        studentId=?
14:17:54,105 DEBUG BaseGeneralDataRegion:59 - Caching[foo.org.hibernate.cache.spi.UpdateTimestampsCache] : [Student] -> [5579090878894081]
14:17:54,105 DEBUG SQL:104 - 
    delete 
    from
        CourseMeeting 
    where
        courseCode=? 
        and day=? 
        and period=? 
        and location=?
14:17:54,106 DEBUG BaseGeneralDataRegion:59 - Caching[foo.org.hibernate.cache.spi.UpdateTimestampsCache] : [CourseMeeting] -> [5579090878898176]
14:17:54,106 DEBUG SQL:104 - 
    delete 
    from
        CourseMeeting 
    where
        courseCode=? 
        and day=? 
        and period=? 
        and location=?
14:17:54,106 DEBUG BaseGeneralDataRegion:59 - Caching[foo.org.hibernate.cache.spi.UpdateTimestampsCache] : [CourseMeeting] -> [5579090878898177]
14:17:54,106 DEBUG SQL:104 - 
    delete 
    from
        Course 
    where
        courseCode=?
14:17:54,106 DEBUG BaseGeneralDataRegion:59 - Caching[foo.org.hibernate.cache.spi.UpdateTimestampsCache] : [Course] -> [5579090878898178]
14:17:54,106 DEBUG BaseGeneralDataRegion:59 - Caching[foo.org.hibernate.cache.spi.UpdateTimestampsCache] : [Student] -> [5579090633138179]
14:17:54,106 DEBUG BaseGeneralDataRegion:59 - Caching[foo.org.hibernate.cache.spi.UpdateTimestampsCache] : [Course] -> [5579090633138179]
14:17:54,106 DEBUG BaseGeneralDataRegion:59 - Caching[foo.org.hibernate.cache.spi.UpdateTimestampsCache] : [Enrolment] -> [5579090633138179]
14:17:54,107 DEBUG BaseGeneralDataRegion:59 - Caching[foo.org.hibernate.cache.spi.UpdateTimestampsCache] : [Student_secretCodes] -> [5579090633138179]
14:17:54,107 DEBUG BaseGeneralDataRegion:59 - Caching[foo.org.hibernate.cache.spi.UpdateTimestampsCache] : [Address] -> [5579090633138179]
14:17:54,107 DEBUG BaseGeneralDataRegion:59 - Caching[foo.org.hibernate.cache.spi.UpdateTimestampsCache] : [CourseMeeting] -> [5579090633138179]
14:17:54,127  INFO CustomRunner:139 - Test: testEntityWithNonLazyOneToManyUnique
14:17:54,129 DEBUG SQL:104 - 
    select
        coursemeet_.courseCode,
        coursemeet_.day,
        coursemeet_.period,
        coursemeet_.location 
    from
        CourseMeeting coursemeet_ 
    where
        coursemeet_.courseCode=? 
        and coursemeet_.day=? 
        and coursemeet_.period=? 
        and coursemeet_.location=?
14:17:54,130 DEBUG SQL:104 - 
    select
        coursemeet_.courseCode,
        coursemeet_.day,
        coursemeet_.period,
        coursemeet_.location 
    from
        CourseMeeting coursemeet_ 
    where
        coursemeet_.courseCode=? 
        and coursemeet_.day=? 
        and coursemeet_.period=? 
        and coursemeet_.location=?
14:17:54,131 DEBUG SQL:104 - 
    insert 
    into
        Course
        (description, courseCode) 
    values
        (?, ?)
14:17:54,137 DEBUG BaseGeneralDataRegion:59 - Caching[foo.org.hibernate.cache.spi.UpdateTimestampsCache] : [Course] -> [5579090879025152]
14:17:54,137 DEBUG SQL:104 - 
    insert 
    into
        CourseMeeting
        (courseCode, day, period, location) 
    values
        (?, ?, ?, ?)
14:17:54,137 DEBUG BaseGeneralDataRegion:59 - Caching[foo.org.hibernate.cache.spi.UpdateTimestampsCache] : [CourseMeeting] -> [5579090879025153]
14:17:54,138 DEBUG SQL:104 - 
    insert 
    into
        CourseMeeting
        (courseCode, day, period, location) 
    values
        (?, ?, ?, ?)
14:17:54,138 DEBUG BaseGeneralDataRegion:59 - Caching[foo.org.hibernate.cache.spi.UpdateTimestampsCache] : [CourseMeeting] -> [5579090879029248]
14:17:54,138 DEBUG SQL:104 - 
    insert 
    into
        Student
        (name_first, name_middle, name_last, preferredCourseCode, studentId) 
    values
        (?, ?, ?, ?, ?)
14:17:54,138 DEBUG BaseGeneralDataRegion:59 - Caching[foo.org.hibernate.cache.spi.UpdateTimestampsCache] : [Student] -> [5579090879029249]
14:17:54,148 DEBUG SQL:104 - 
    insert 
    into
        Address
        (addressType, street, city, stateProvince, postalCode, country, studentNumber, id) 
    values
        (?, ?, ?, ?, ?, ?, ?, ?)
14:17:54,148 DEBUG BaseGeneralDataRegion:59 - Caching[foo.org.hibernate.cache.spi.UpdateTimestampsCache] : [Address] -> [5579090879070208]
14:17:54,148 DEBUG SQL:104 - 
    insert 
    into
        Address
        (addressType, street, city, stateProvince, postalCode, country, studentNumber, id) 
    values
        (?, ?, ?, ?, ?, ?, ?, ?)
14:17:54,148 DEBUG BaseGeneralDataRegion:59 - Caching[foo.org.hibernate.cache.spi.UpdateTimestampsCache] : [Address] -> [5579090879070209]
14:17:54,149 DEBUG SQL:104 - 
    insert 
    into
        Student
        (name_first, name_middle, name_last, preferredCourseCode, studentId) 
    values
        (?, ?, ?, ?, ?)
14:17:54,149 DEBUG BaseGeneralDataRegion:59 - Caching[foo.org.hibernate.cache.spi.UpdateTimestampsCache] : [Student] -> [5579090879074304]
14:17:54,149 DEBUG SQL:104 - 
    insert 
    into
        Enrolment
        (semester, "year", studentId, courseCode) 
    values
        (?, ?, ?, ?)
14:17:54,158 DEBUG BaseGeneralDataRegion:59 - Caching[foo.org.hibernate.cache.spi.UpdateTimestampsCache] : [Enrolment] -> [5579090879111168]
14:17:54,158 DEBUG SQL:104 - 
    insert 
    into
        Enrolment
        (semester, "year", studentId, courseCode) 
    values
        (?, ?, ?, ?)
14:17:54,158 DEBUG BaseGeneralDataRegion:59 - Caching[foo.org.hibernate.cache.spi.UpdateTimestampsCache] : [Enrolment] -> [5579090879111169]
14:17:54,158 DEBUG BaseGeneralDataRegion:59 - Caching[foo.org.hibernate.cache.spi.UpdateTimestampsCache] : [CourseMeeting] -> [5579090879111170]
14:17:54,158 DEBUG BaseGeneralDataRegion:59 - Caching[foo.org.hibernate.cache.spi.UpdateTimestampsCache] : [Enrolment] -> [5579090879111171]
14:17:54,158 DEBUG SQL:104 - 
    update
        Address 
    set
        studentNumber=?,
        addressType=? 
    where
        id=?
14:17:54,159 DEBUG SQL:104 - 
    update
        Address 
    set
        studentNumber=?,
        addressType=? 
    where
        id=?
14:17:54,159 DEBUG BaseGeneralDataRegion:59 - Caching[foo.org.hibernate.cache.spi.UpdateTimestampsCache] : [Address] -> [5579090879115264]
14:17:54,159 DEBUG SQL:104 - 
    insert 
    into
        Student_secretCodes
        (studentNumber, i, secretCode) 
    values
        (?, ?, ?)
14:17:54,168 DEBUG BaseGeneralDataRegion:59 - Caching[foo.org.hibernate.cache.spi.UpdateTimestampsCache] : [Student_secretCodes] -> [5579090879152128]
14:17:54,169 DEBUG BaseGeneralDataRegion:59 - Caching[foo.org.hibernate.cache.spi.UpdateTimestampsCache] : [Enrolment] -> [5579090879156224]
14:17:54,169 DEBUG BaseGeneralDataRegion:59 - Caching[foo.org.hibernate.cache.spi.UpdateTimestampsCache] : [Address] -> [5579090879156225]
14:17:54,169 DEBUG SQL:104 - 
    insert 
    into
        Student_secretCodes
        (studentNumber, i, secretCode) 
    values
        (?, ?, ?)
14:17:54,169 DEBUG SQL:104 - 
    insert 
    into
        Student_secretCodes
        (studentNumber, i, secretCode) 
    values
        (?, ?, ?)
14:17:54,170 DEBUG BaseGeneralDataRegion:59 - Caching[foo.org.hibernate.cache.spi.UpdateTimestampsCache] : [Student_secretCodes] -> [5579090879160320]
14:17:54,170 DEBUG BaseGeneralDataRegion:59 - Caching[foo.org.hibernate.cache.spi.UpdateTimestampsCache] : [Student] -> [5579090633400321]
14:17:54,170 DEBUG BaseGeneralDataRegion:59 - Caching[foo.org.hibernate.cache.spi.UpdateTimestampsCache] : [Course] -> [5579090633400321]
14:17:54,170 DEBUG BaseGeneralDataRegion:59 - Caching[foo.org.hibernate.cache.spi.UpdateTimestampsCache] : [Enrolment] -> [5579090633400321]
14:17:54,170 DEBUG BaseGeneralDataRegion:59 - Caching[foo.org.hibernate.cache.spi.UpdateTimestampsCache] : [Student_secretCodes] -> [5579090633400321]
14:17:54,170 DEBUG BaseGeneralDataRegion:59 - Caching[foo.org.hibernate.cache.spi.UpdateTimestampsCache] : [Address] -> [5579090633400321]
14:17:54,170 DEBUG BaseGeneralDataRegion:59 - Caching[foo.org.hibernate.cache.spi.UpdateTimestampsCache] : [CourseMeeting] -> [5579090633400321]
14:17:54,178 DEBUG SQL:104 - 
    select
        this_.courseCode as courseCode1_0_,
        this_.description as descript2_1_0_ 
    from
        Course this_
14:17:54,178 DEBUG SQL:104 - 
    select
        coursemeet0_.courseCode as courseCode1_1_,
        coursemeet0_.courseCode as courseCode2_1_,
        coursemeet0_.day as day2_1_,
        coursemeet0_.period as period2_1_,
        coursemeet0_.location as location2_1_,
        coursemeet0_.courseCode as courseCode2_0_,
        coursemeet0_.day as day2_0_,
        coursemeet0_.period as period2_0_,
        coursemeet0_.location as location2_0_ 
    from
        CourseMeeting coursemeet0_ 
    where
        coursemeet0_.courseCode=?
14:17:54,179 DEBUG SQL:104 - 
    select
        this_.courseCode as courseCode1_0_,
        this_.description as descript2_1_0_ 
    from
        Course this_
14:17:54,180 DEBUG SQL:104 - 
    select
        coursemeet0_.courseCode as courseCode1_1_,
        coursemeet0_.courseCode as courseCode2_1_,
        coursemeet0_.day as day2_1_,
        coursemeet0_.period as period2_1_,
        coursemeet0_.location as location2_1_,
        coursemeet0_.courseCode as courseCode2_0_,
        coursemeet0_.day as day2_0_,
        coursemeet0_.period as period2_0_,
        coursemeet0_.location as location2_0_ 
    from
        CourseMeeting coursemeet0_ 
    where
        coursemeet0_.courseCode=?
14:17:54,190 DEBUG SQL:104 - 
    select
        student_.studentId,
        student_.name_first as name2_4_,
        student_.name_middle as name3_4_,
        student_.name_last as name4_4_,
        student_.preferredCourseCode as preferre5_4_ 
    from
        Student student_ 
    where
        student_.studentId=?
14:17:54,190 DEBUG SQL:104 - 
    select
        enrolment_.studentId,
        enrolment_.courseCode,
        enrolment_.semester as semester3_,
        enrolment_."year" as year4_3_ 
    from
        Enrolment enrolment_ 
    where
        enrolment_.studentId=? 
        and enrolment_.courseCode=?
14:17:54,210 DEBUG SQL:104 - 
    select
        course_.courseCode,
        course_.description as descript2_1_ 
    from
        Course course_ 
    where
        course_.courseCode=?
14:17:54,211 DEBUG SQL:104 - 
    select
        student_.studentId,
        student_.name_first as name2_4_,
        student_.name_middle as name3_4_,
        student_.name_last as name4_4_,
        student_.preferredCourseCode as preferre5_4_ 
    from
        Student student_ 
    where
        student_.studentId=?
14:17:54,211 DEBUG SQL:104 - 
    select
        enrolment_.studentId,
        enrolment_.courseCode,
        enrolment_.semester as semester3_,
        enrolment_."year" as year4_3_ 
    from
        Enrolment enrolment_ 
    where
        enrolment_.studentId=? 
        and enrolment_.courseCode=?
14:17:54,212 DEBUG SQL:104 - 
    select
        coursemeet_.courseCode,
        coursemeet_.day,
        coursemeet_.period,
        coursemeet_.location 
    from
        CourseMeeting coursemeet_ 
    where
        coursemeet_.courseCode=? 
        and coursemeet_.day=? 
        and coursemeet_.period=? 
        and coursemeet_.location=?
14:17:54,212 DEBUG SQL:104 - 
    select
        coursemeet_.courseCode,
        coursemeet_.day,
        coursemeet_.period,
        coursemeet_.location 
    from
        CourseMeeting coursemeet_ 
    where
        coursemeet_.courseCode=? 
        and coursemeet_.day=? 
        and coursemeet_.period=? 
        and coursemeet_.location=?
14:17:54,225 DEBUG BaseGeneralDataRegion:59 - Caching[foo.org.hibernate.cache.spi.UpdateTimestampsCache] : [Enrolment] -> [5579090879385600]
14:17:54,225 DEBUG SQL:104 - 
    update
        Address 
    set
        studentNumber=null,
        addressType=null 
    where
        studentNumber=?
14:17:54,225 DEBUG BaseGeneralDataRegion:59 - Caching[foo.org.hibernate.cache.spi.UpdateTimestampsCache] : [Address] -> [5579090879385601]
14:17:54,225 DEBUG SQL:104 - 
    delete 
    from
        Student_secretCodes 
    where
        studentNumber=?
14:17:54,225 DEBUG BaseGeneralDataRegion:59 - Caching[foo.org.hibernate.cache.spi.UpdateTimestampsCache] : [Student_secretCodes] -> [5579090879385602]
14:17:54,226 DEBUG BaseGeneralDataRegion:59 - Caching[foo.org.hibernate.cache.spi.UpdateTimestampsCache] : [Enrolment] -> [5579090879389696]
14:17:54,226 DEBUG BaseGeneralDataRegion:59 - Caching[foo.org.hibernate.cache.spi.UpdateTimestampsCache] : [Address] -> [5579090879389697]
14:17:54,226 DEBUG SQL:104 - 
    delete 
    from
        Student_secretCodes 
    where
        studentNumber=?
14:17:54,226 DEBUG BaseGeneralDataRegion:59 - Caching[foo.org.hibernate.cache.spi.UpdateTimestampsCache] : [Student_secretCodes] -> [5579090879389698]
14:17:54,226 DEBUG BaseGeneralDataRegion:59 - Caching[foo.org.hibernate.cache.spi.UpdateTimestampsCache] : [CourseMeeting] -> [5579090879389699]
14:17:54,226 DEBUG SQL:104 - 
    delete 
    from
        Enrolment 
    where
        studentId=? 
        and courseCode=?
14:17:54,237 DEBUG BaseGeneralDataRegion:59 - Caching[foo.org.hibernate.cache.spi.UpdateTimestampsCache] : [Enrolment] -> [5579090879434752]
14:17:54,238 DEBUG SQL:104 - 
    delete 
    from
        Address 
    where
        id=?
14:17:54,238 DEBUG BaseGeneralDataRegion:59 - Caching[foo.org.hibernate.cache.spi.UpdateTimestampsCache] : [Address] -> [5579090879438848]
14:17:54,238 DEBUG SQL:104 - 
    delete 
    from
        Address 
    where
        id=?
14:17:54,238 DEBUG BaseGeneralDataRegion:59 - Caching[foo.org.hibernate.cache.spi.UpdateTimestampsCache] : [Address] -> [5579090879438849]
14:17:54,238 DEBUG SQL:104 - 
    delete 
    from
        Student 
    where
        studentId=?
14:17:54,238 DEBUG BaseGeneralDataRegion:59 - Caching[foo.org.hibernate.cache.spi.UpdateTimestampsCache] : [Student] -> [5579090879438850]
14:17:54,238 DEBUG SQL:104 - 
    delete 
    from
        Enrolment 
    where
        studentId=? 
        and courseCode=?
14:17:54,239 DEBUG BaseGeneralDataRegion:59 - Caching[foo.org.hibernate.cache.spi.UpdateTimestampsCache] : [Enrolment] -> [5579090879442944]
14:17:54,239 DEBUG SQL:104 - 
    delete 
    from
        Student 
    where
        studentId=?
14:17:54,239 DEBUG BaseGeneralDataRegion:59 - Caching[foo.org.hibernate.cache.spi.UpdateTimestampsCache] : [Student] -> [5579090879442945]
14:17:54,239 DEBUG SQL:104 - 
    delete 
    from
        CourseMeeting 
    where
        courseCode=? 
        and day=? 
        and period=? 
        and location=?
14:17:54,259 DEBUG BaseGeneralDataRegion:59 - Caching[foo.org.hibernate.cache.spi.UpdateTimestampsCache] : [CourseMeeting] -> [5579090879524864]
14:17:54,260 DEBUG SQL:104 - 
    delete 
    from
        CourseMeeting 
    where
        courseCode=? 
        and day=? 
        and period=? 
        and location=?
14:17:54,260 DEBUG BaseGeneralDataRegion:59 - Caching[foo.org.hibernate.cache.spi.UpdateTimestampsCache] : [CourseMeeting] -> [5579090879528960]
14:17:54,260 DEBUG SQL:104 - 
    delete 
    from
        Course 
    where
        courseCode=?
14:17:54,260 DEBUG BaseGeneralDataRegion:59 - Caching[foo.org.hibernate.cache.spi.UpdateTimestampsCache] : [Course] -> [5579090879528961]
14:17:54,261 DEBUG BaseGeneralDataRegion:59 - Caching[foo.org.hibernate.cache.spi.UpdateTimestampsCache] : [Student] -> [5579090633773056]
14:17:54,261 DEBUG BaseGeneralDataRegion:59 - Caching[foo.org.hibernate.cache.spi.UpdateTimestampsCache] : [Course] -> [5579090633773056]
14:17:54,261 DEBUG BaseGeneralDataRegion:59 - Caching[foo.org.hibernate.cache.spi.UpdateTimestampsCache] : [Enrolment] -> [5579090633773056]
14:17:54,261 DEBUG BaseGeneralDataRegion:59 - Caching[foo.org.hibernate.cache.spi.UpdateTimestampsCache] : [Student_secretCodes] -> [5579090633773056]
14:17:54,261 DEBUG BaseGeneralDataRegion:59 - Caching[foo.org.hibernate.cache.spi.UpdateTimestampsCache] : [Address] -> [5579090633773056]
14:17:54,261 DEBUG BaseGeneralDataRegion:59 - Caching[foo.org.hibernate.cache.spi.UpdateTimestampsCache] : [CourseMeeting] -> [5579090633773056]
14:17:54,270  INFO CustomRunner:139 - Test: testEntityWithSelectFetchedLazyOneToManySingleElementListCriteria
14:17:54,272 DEBUG SQL:104 - 
    select
        coursemeet_.courseCode,
        coursemeet_.day,
        coursemeet_.period,
        coursemeet_.location 
    from
        CourseMeeting coursemeet_ 
    where
        coursemeet_.courseCode=? 
        and coursemeet_.day=? 
        and coursemeet_.period=? 
        and coursemeet_.location=?
14:17:54,272 DEBUG SQL:104 - 
    select
        coursemeet_.courseCode,
        coursemeet_.day,
        coursemeet_.period,
        coursemeet_.location 
    from
        CourseMeeting coursemeet_ 
    where
        coursemeet_.courseCode=? 
        and coursemeet_.day=? 
        and coursemeet_.period=? 
        and coursemeet_.location=?
14:17:54,273 DEBUG SQL:104 - 
    insert 
    into
        Course
        (description, courseCode) 
    values
        (?, ?)
14:17:54,280 DEBUG BaseGeneralDataRegion:59 - Caching[foo.org.hibernate.cache.spi.UpdateTimestampsCache] : [Course] -> [5579090879610880]
14:17:54,280 DEBUG SQL:104 - 
    insert 
    into
        CourseMeeting
        (courseCode, day, period, location) 
    values
        (?, ?, ?, ?)
14:17:54,280 DEBUG BaseGeneralDataRegion:59 - Caching[foo.org.hibernate.cache.spi.UpdateTimestampsCache] : [CourseMeeting] -> [5579090879610881]
14:17:54,281 DEBUG SQL:104 - 
    insert 
    into
        CourseMeeting
        (courseCode, day, period, location) 
    values
        (?, ?, ?, ?)
14:17:54,281 DEBUG BaseGeneralDataRegion:59 - Caching[foo.org.hibernate.cache.spi.UpdateTimestampsCache] : [CourseMeeting] -> [5579090879614976]
14:17:54,281 DEBUG SQL:104 - 
    insert 
    into
        Student
        (name_first, name_middle, name_last, preferredCourseCode, studentId) 
    values
        (?, ?, ?, ?, ?)
14:17:54,281 DEBUG BaseGeneralDataRegion:59 - Caching[foo.org.hibernate.cache.spi.UpdateTimestampsCache] : [Student] -> [5579090879614977]
14:17:54,290 DEBUG SQL:104 - 
    insert 
    into
        Address
        (addressType, street, city, stateProvince, postalCode, country, studentNumber, id) 
    values
        (?, ?, ?, ?, ?, ?, ?, ?)
14:17:54,291 DEBUG BaseGeneralDataRegion:59 - Caching[foo.org.hibernate.cache.spi.UpdateTimestampsCache] : [Address] -> [5579090879655936]
14:17:54,291 DEBUG SQL:104 - 
    insert 
    into
        Address
        (addressType, street, city, stateProvince, postalCode, country, studentNumber, id) 
    values
        (?, ?, ?, ?, ?, ?, ?, ?)
14:17:54,291 DEBUG BaseGeneralDataRegion:59 - Caching[foo.org.hibernate.cache.spi.UpdateTimestampsCache] : [Address] -> [5579090879655937]
14:17:54,291 DEBUG SQL:104 - 
    insert 
    into
        Student
        (name_first, name_middle, name_last, preferredCourseCode, studentId) 
    values
        (?, ?, ?, ?, ?)
14:17:54,291 DEBUG BaseGeneralDataRegion:59 - Caching[foo.org.hibernate.cache.spi.UpdateTimestampsCache] : [Student] -> [5579090879655938]
14:17:54,291 DEBUG SQL:104 - 
    insert 
    into
        Enrolment
        (semester, "year", studentId, courseCode) 
    values
        (?, ?, ?, ?)
14:17:54,300 DEBUG BaseGeneralDataRegion:59 - Caching[foo.org.hibernate.cache.spi.UpdateTimestampsCache] : [Enrolment] -> [5579090879692800]
14:17:54,300 DEBUG SQL:104 - 
    insert 
    into
        Enrolment
        (semester, "year", studentId, courseCode) 
    values
        (?, ?, ?, ?)
14:17:54,300 DEBUG BaseGeneralDataRegion:59 - Caching[foo.org.hibernate.cache.spi.UpdateTimestampsCache] : [Enrolment] -> [5579090879692801]
14:17:54,300 DEBUG BaseGeneralDataRegion:59 - Caching[foo.org.hibernate.cache.spi.UpdateTimestampsCache] : [CourseMeeting] -> [5579090879692802]
14:17:54,301 DEBUG BaseGeneralDataRegion:59 - Caching[foo.org.hibernate.cache.spi.UpdateTimestampsCache] : [Enrolment] -> [5579090879696896]
14:17:54,301 DEBUG SQL:104 - 
    update
        Address 
    set
        studentNumber=?,
        addressType=? 
    where
        id=?
14:17:54,301 DEBUG SQL:104 - 
    update
        Address 
    set
        studentNumber=?,
        addressType=? 
    where
        id=?
14:17:54,301 DEBUG BaseGeneralDataRegion:59 - Caching[foo.org.hibernate.cache.spi.UpdateTimestampsCache] : [Address] -> [5579090879696897]
14:17:54,301 DEBUG SQL:104 - 
    insert 
    into
        Student_secretCodes
        (studentNumber, i, secretCode) 
    values
        (?, ?, ?)
14:17:54,311 DEBUG BaseGeneralDataRegion:59 - Caching[foo.org.hibernate.cache.spi.UpdateTimestampsCache] : [Student_secretCodes] -> [5579090879737856]
14:17:54,311 DEBUG BaseGeneralDataRegion:59 - Caching[foo.org.hibernate.cache.spi.UpdateTimestampsCache] : [Enrolment] -> [5579090879737857]
14:17:54,311 DEBUG BaseGeneralDataRegion:59 - Caching[foo.org.hibernate.cache.spi.UpdateTimestampsCache] : [Address] -> [5579090879737858]
14:17:54,311 DEBUG SQL:104 - 
    insert 
    into
        Student_secretCodes
        (studentNumber, i, secretCode) 
    values
        (?, ?, ?)
14:17:54,311 DEBUG SQL:104 - 
    insert 
    into
        Student_secretCodes
        (studentNumber, i, secretCode) 
    values
        (?, ?, ?)
14:17:54,311 DEBUG BaseGeneralDataRegion:59 - Caching[foo.org.hibernate.cache.spi.UpdateTimestampsCache] : [Student_secretCodes] -> [5579090879737859]
14:17:54,312 DEBUG BaseGeneralDataRegion:59 - Caching[foo.org.hibernate.cache.spi.UpdateTimestampsCache] : [Student] -> [5579090633981952]
14:17:54,312 DEBUG BaseGeneralDataRegion:59 - Caching[foo.org.hibernate.cache.spi.UpdateTimestampsCache] : [Course] -> [5579090633981952]
14:17:54,312 DEBUG BaseGeneralDataRegion:59 - Caching[foo.org.hibernate.cache.spi.UpdateTimestampsCache] : [Enrolment] -> [5579090633981952]
14:17:54,312 DEBUG BaseGeneralDataRegion:59 - Caching[foo.org.hibernate.cache.spi.UpdateTimestampsCache] : [Student_secretCodes] -> [5579090633981952]
14:17:54,312 DEBUG BaseGeneralDataRegion:59 - Caching[foo.org.hibernate.cache.spi.UpdateTimestampsCache] : [Address] -> [5579090633981952]
14:17:54,312 DEBUG BaseGeneralDataRegion:59 - Caching[foo.org.hibernate.cache.spi.UpdateTimestampsCache] : [CourseMeeting] -> [5579090633981952]
14:17:54,321 DEBUG SQL:104 - 
    select
        this_.studentId as studentId4_0_,
        this_.name_first as name2_4_0_,
        this_.name_middle as name3_4_0_,
        this_.name_last as name4_4_0_,
        this_.preferredCourseCode as preferre5_4_0_ 
    from
        Student this_ 
    order by
        this_.studentId asc
14:17:54,322 DEBUG SQL:104 - 
    select
        secretcode0_.studentNumber as studentN1_4_0_,
        secretcode0_.secretCode as secretCode5_0_,
        secretcode0_.i as i0_ 
    from
        Student_secretCodes secretcode0_ 
    where
        secretcode0_.studentNumber=?
14:17:54,322 DEBUG SQL:104 - 
    select
        secretcode0_.studentNumber as studentN1_4_0_,
        secretcode0_.secretCode as secretCode5_0_,
        secretcode0_.i as i0_ 
    from
        Student_secretCodes secretcode0_ 
    where
        secretcode0_.studentNumber=?
14:17:54,333 DEBUG SQL:104 - 
    select
        this_.studentId as studentId4_0_,
        this_.name_first as name2_4_0_,
        this_.name_middle as name3_4_0_,
        this_.name_last as name4_4_0_,
        this_.preferredCourseCode as preferre5_4_0_ 
    from
        Student this_ 
    order by
        this_.studentId asc
14:17:54,333 DEBUG SQL:104 - 
    select
        secretcode0_.studentNumber as studentN1_4_0_,
        secretcode0_.secretCode as secretCode5_0_,
        secretcode0_.i as i0_ 
    from
        Student_secretCodes secretcode0_ 
    where
        secretcode0_.studentNumber=?
14:17:54,334 DEBUG SQL:104 - 
    select
        secretcode0_.studentNumber as studentN1_4_0_,
        secretcode0_.secretCode as secretCode5_0_,
        secretcode0_.i as i0_ 
    from
        Student_secretCodes secretcode0_ 
    where
        secretcode0_.studentNumber=?
14:17:54,334 DEBUG SQL:104 - 
    select
        student_.studentId,
        student_.name_first as name2_4_,
        student_.name_middle as name3_4_,
        student_.name_last as name4_4_,
        student_.preferredCourseCode as preferre5_4_ 
    from
        Student student_ 
    where
        student_.studentId=?
14:17:54,335 DEBUG SQL:104 - 
    select
        enrolment_.studentId,
        enrolment_.courseCode,
        enrolment_.semester as semester3_,
        enrolment_."year" as year4_3_ 
    from
        Enrolment enrolment_ 
    where
        enrolment_.studentId=? 
        and enrolment_.courseCode=?
14:17:54,335 DEBUG SQL:104 - 
    select
        course_.courseCode,
        course_.description as descript2_1_ 
    from
        Course course_ 
    where
        course_.courseCode=?
14:17:54,335 DEBUG SQL:104 - 
    select
        student_.studentId,
        student_.name_first as name2_4_,
        student_.name_middle as name3_4_,
        student_.name_last as name4_4_,
        student_.preferredCourseCode as preferre5_4_ 
    from
        Student student_ 
    where
        student_.studentId=?
14:17:54,345 DEBUG SQL:104 - 
    select
        enrolment_.studentId,
        enrolment_.courseCode,
        enrolment_.semester as semester3_,
        enrolment_."year" as year4_3_ 
    from
        Enrolment enrolment_ 
    where
        enrolment_.studentId=? 
        and enrolment_.courseCode=?
14:17:54,345 DEBUG SQL:104 - 
    select
        coursemeet_.courseCode,
        coursemeet_.day,
        coursemeet_.period,
        coursemeet_.location 
    from
        CourseMeeting coursemeet_ 
    where
        coursemeet_.courseCode=? 
        and coursemeet_.day=? 
        and coursemeet_.period=? 
        and coursemeet_.location=?
14:17:54,355 DEBUG SQL:104 - 
    select
        coursemeet_.courseCode,
        coursemeet_.day,
        coursemeet_.period,
        coursemeet_.location 
    from
        CourseMeeting coursemeet_ 
    where
        coursemeet_.courseCode=? 
        and coursemeet_.day=? 
        and coursemeet_.period=? 
        and coursemeet_.location=?
14:17:54,356 DEBUG BaseGeneralDataRegion:59 - Caching[foo.org.hibernate.cache.spi.UpdateTimestampsCache] : [Enrolment] -> [5579090879922176]
14:17:54,356 DEBUG SQL:104 - 
    update
        Address 
    set
        studentNumber=null,
        addressType=null 
    where
        studentNumber=?
14:17:54,356 DEBUG BaseGeneralDataRegion:59 - Caching[foo.org.hibernate.cache.spi.UpdateTimestampsCache] : [Address] -> [5579090879922177]
14:17:54,356 DEBUG SQL:104 - 
    delete 
    from
        Student_secretCodes 
    where
        studentNumber=?
14:17:54,357 DEBUG BaseGeneralDataRegion:59 - Caching[foo.org.hibernate.cache.spi.UpdateTimestampsCache] : [Student_secretCodes] -> [5579090879926272]
14:17:54,357 DEBUG BaseGeneralDataRegion:59 - Caching[foo.org.hibernate.cache.spi.UpdateTimestampsCache] : [Enrolment] -> [5579090879926273]
14:17:54,357 DEBUG BaseGeneralDataRegion:59 - Caching[foo.org.hibernate.cache.spi.UpdateTimestampsCache] : [Address] -> [5579090879926274]
14:17:54,357 DEBUG SQL:104 - 
    delete 
    from
        Student_secretCodes 
    where
        studentNumber=?
14:17:54,357 DEBUG BaseGeneralDataRegion:59 - Caching[foo.org.hibernate.cache.spi.UpdateTimestampsCache] : [Student_secretCodes] -> [5579090879926275]
14:17:54,357 DEBUG BaseGeneralDataRegion:59 - Caching[foo.org.hibernate.cache.spi.UpdateTimestampsCache] : [CourseMeeting] -> [5579090879926276]
14:17:54,357 DEBUG SQL:104 - 
    delete 
    from
        Enrolment 
    where
        studentId=? 
        and courseCode=?
14:17:54,379 DEBUG BaseGeneralDataRegion:59 - Caching[foo.org.hibernate.cache.spi.UpdateTimestampsCache] : [Enrolment] -> [5579090880016384]
14:17:54,379 DEBUG SQL:104 - 
    delete 
    from
        Address 
    where
        id=?
14:17:54,379 DEBUG BaseGeneralDataRegion:59 - Caching[foo.org.hibernate.cache.spi.UpdateTimestampsCache] : [Address] -> [5579090880016385]
14:17:54,380 DEBUG SQL:104 - 
    delete 
    from
        Address 
    where
        id=?
14:17:54,380 DEBUG BaseGeneralDataRegion:59 - Caching[foo.org.hibernate.cache.spi.UpdateTimestampsCache] : [Address] -> [5579090880020480]
14:17:54,380 DEBUG SQL:104 - 
    delete 
    from
        Student 
    where
        studentId=?
14:17:54,380 DEBUG BaseGeneralDataRegion:59 - Caching[foo.org.hibernate.cache.spi.UpdateTimestampsCache] : [Student] -> [5579090880020481]
14:17:54,380 DEBUG SQL:104 - 
    delete 
    from
        Enrolment 
    where
        studentId=? 
        and courseCode=?
14:17:54,389 DEBUG BaseGeneralDataRegion:59 - Caching[foo.org.hibernate.cache.spi.UpdateTimestampsCache] : [Enrolment] -> [5579090880057344]
14:17:54,389 DEBUG SQL:104 - 
    delete 
    from
        Student 
    where
        studentId=?
14:17:54,390 DEBUG BaseGeneralDataRegion:59 - Caching[foo.org.hibernate.cache.spi.UpdateTimestampsCache] : [Student] -> [5579090880061440]
14:17:54,390 DEBUG SQL:104 - 
    delete 
    from
        CourseMeeting 
    where
        courseCode=? 
        and day=? 
        and period=? 
        and location=?
14:17:54,390 DEBUG BaseGeneralDataRegion:59 - Caching[foo.org.hibernate.cache.spi.UpdateTimestampsCache] : [CourseMeeting] -> [5579090880061441]
14:17:54,390 DEBUG SQL:104 - 
    delete 
    from
        CourseMeeting 
    where
        courseCode=? 
        and day=? 
        and period=? 
        and location=?
14:17:54,400 DEBUG BaseGeneralDataRegion:59 - Caching[foo.org.hibernate.cache.spi.UpdateTimestampsCache] : [CourseMeeting] -> [5579090880102400]
14:17:54,400 DEBUG SQL:104 - 
    delete 
    from
        Course 
    where
        courseCode=?
14:17:54,400 DEBUG BaseGeneralDataRegion:59 - Caching[foo.org.hibernate.cache.spi.UpdateTimestampsCache] : [Course] -> [5579090880102401]
14:17:54,400 DEBUG BaseGeneralDataRegion:59 - Caching[foo.org.hibernate.cache.spi.UpdateTimestampsCache] : [Student] -> [5579090634342402]
14:17:54,400 DEBUG BaseGeneralDataRegion:59 - Caching[foo.org.hibernate.cache.spi.UpdateTimestampsCache] : [Course] -> [5579090634342402]
14:17:54,401 DEBUG BaseGeneralDataRegion:59 - Caching[foo.org.hibernate.cache.spi.UpdateTimestampsCache] : [Enrolment] -> [5579090634342402]
14:17:54,401 DEBUG BaseGeneralDataRegion:59 - Caching[foo.org.hibernate.cache.spi.UpdateTimestampsCache] : [Student_secretCodes] -> [5579090634342402]
14:17:54,401 DEBUG BaseGeneralDataRegion:59 - Caching[foo.org.hibernate.cache.spi.UpdateTimestampsCache] : [Address] -> [5579090634342402]
14:17:54,401 DEBUG BaseGeneralDataRegion:59 - Caching[foo.org.hibernate.cache.spi.UpdateTimestampsCache] : [CourseMeeting] -> [5579090634342402]
14:17:54,401  INFO CustomRunner:139 - Test: testEntityWithUnaliasedJoinFetchedLazyOneToManySingleElementList
14:17:54,403 DEBUG SQL:104 - 
    select
        coursemeet_.courseCode,
        coursemeet_.day,
        coursemeet_.period,
        coursemeet_.location 
    from
        CourseMeeting coursemeet_ 
    where
        coursemeet_.courseCode=? 
        and coursemeet_.day=? 
        and coursemeet_.period=? 
        and coursemeet_.location=?
14:17:54,411 DEBUG SQL:104 - 
    select
        coursemeet_.courseCode,
        coursemeet_.day,
        coursemeet_.period,
        coursemeet_.location 
    from
        CourseMeeting coursemeet_ 
    where
        coursemeet_.courseCode=? 
        and coursemeet_.day=? 
        and coursemeet_.period=? 
        and coursemeet_.location=?
14:17:54,412 DEBUG SQL:104 - 
    insert 
    into
        Course
        (description, courseCode) 
    values
        (?, ?)
14:17:54,412 DEBUG BaseGeneralDataRegion:59 - Caching[foo.org.hibernate.cache.spi.UpdateTimestampsCache] : [Course] -> [5579090880151552]
14:17:54,412 DEBUG SQL:104 - 
    insert 
    into
        CourseMeeting
        (courseCode, day, period, location) 
    values
        (?, ?, ?, ?)
14:17:54,412 DEBUG BaseGeneralDataRegion:59 - Caching[foo.org.hibernate.cache.spi.UpdateTimestampsCache] : [CourseMeeting] -> [5579090880151553]
14:17:54,420 DEBUG SQL:104 - 
    insert 
    into
        CourseMeeting
        (courseCode, day, period, location) 
    values
        (?, ?, ?, ?)
14:17:54,420 DEBUG BaseGeneralDataRegion:59 - Caching[foo.org.hibernate.cache.spi.UpdateTimestampsCache] : [CourseMeeting] -> [5579090880184320]
14:17:54,421 DEBUG SQL:104 - 
    insert 
    into
        Student
        (name_first, name_middle, name_last, preferredCourseCode, studentId) 
    values
        (?, ?, ?, ?, ?)
14:17:54,421 DEBUG BaseGeneralDataRegion:59 - Caching[foo.org.hibernate.cache.spi.UpdateTimestampsCache] : [Student] -> [5579090880188416]
14:17:54,421 DEBUG SQL:104 - 
    insert 
    into
        Address
        (addressType, street, city, stateProvince, postalCode, country, studentNumber, id) 
    values
        (?, ?, ?, ?, ?, ?, ?, ?)
14:17:54,421 DEBUG BaseGeneralDataRegion:59 - Caching[foo.org.hibernate.cache.spi.UpdateTimestampsCache] : [Address] -> [5579090880188417]
14:17:54,421 DEBUG SQL:104 - 
    insert 
    into
        Address
        (addressType, street, city, stateProvince, postalCode, country, studentNumber, id) 
    values
        (?, ?, ?, ?, ?, ?, ?, ?)
14:17:54,431 DEBUG BaseGeneralDataRegion:59 - Caching[foo.org.hibernate.cache.spi.UpdateTimestampsCache] : [Address] -> [5579090880229376]
14:17:54,432 DEBUG SQL:104 - 
    insert 
    into
        Student
        (name_first, name_middle, name_last, preferredCourseCode, studentId) 
    values
        (?, ?, ?, ?, ?)
14:17:54,432 DEBUG BaseGeneralDataRegion:59 - Caching[foo.org.hibernate.cache.spi.UpdateTimestampsCache] : [Student] -> [5579090880233472]
14:17:54,432 DEBUG SQL:104 - 
    insert 
    into
        Enrolment
        (semester, "year", studentId, courseCode) 
    values
        (?, ?, ?, ?)
14:17:54,432 DEBUG BaseGeneralDataRegion:59 - Caching[foo.org.hibernate.cache.spi.UpdateTimestampsCache] : [Enrolment] -> [5579090880233473]
14:17:54,432 DEBUG SQL:104 - 
    insert 
    into
        Enrolment
        (semester, "year", studentId, courseCode) 
    values
        (?, ?, ?, ?)
14:17:54,432 DEBUG BaseGeneralDataRegion:59 - Caching[foo.org.hibernate.cache.spi.UpdateTimestampsCache] : [Enrolment] -> [5579090880233474]
14:17:54,433 DEBUG BaseGeneralDataRegion:59 - Caching[foo.org.hibernate.cache.spi.UpdateTimestampsCache] : [CourseMeeting] -> [5579090880237568]
14:17:54,433 DEBUG BaseGeneralDataRegion:59 - Caching[foo.org.hibernate.cache.spi.UpdateTimestampsCache] : [Enrolment] -> [5579090880237569]
14:17:54,433 DEBUG SQL:104 - 
    update
        Address 
    set
        studentNumber=?,
        addressType=? 
    where
        id=?
14:17:54,433 DEBUG SQL:104 - 
    update
        Address 
    set
        studentNumber=?,
        addressType=? 
    where
        id=?
14:17:54,433 DEBUG BaseGeneralDataRegion:59 - Caching[foo.org.hibernate.cache.spi.UpdateTimestampsCache] : [Address] -> [5579090880237570]
14:17:54,433 DEBUG SQL:104 - 
    insert 
    into
        Student_secretCodes
        (studentNumber, i, secretCode) 
    values
        (?, ?, ?)
14:17:54,433 DEBUG BaseGeneralDataRegion:59 - Caching[foo.org.hibernate.cache.spi.UpdateTimestampsCache] : [Student_secretCodes] -> [5579090880237571]
14:17:54,434 DEBUG BaseGeneralDataRegion:59 - Caching[foo.org.hibernate.cache.spi.UpdateTimestampsCache] : [Enrolment] -> [5579090880241664]
14:17:54,434 DEBUG BaseGeneralDataRegion:59 - Caching[foo.org.hibernate.cache.spi.UpdateTimestampsCache] : [Address] -> [5579090880241665]
14:17:54,434 DEBUG SQL:104 - 
    insert 
    into
        Student_secretCodes
        (studentNumber, i, secretCode) 
    values
        (?, ?, ?)
14:17:54,434 DEBUG SQL:104 - 
    insert 
    into
        Student_secretCodes
        (studentNumber, i, secretCode) 
    values
        (?, ?, ?)
14:17:54,434 DEBUG BaseGeneralDataRegion:59 - Caching[foo.org.hibernate.cache.spi.UpdateTimestampsCache] : [Student_secretCodes] -> [5579090880241666]
14:17:54,434 DEBUG BaseGeneralDataRegion:59 - Caching[foo.org.hibernate.cache.spi.UpdateTimestampsCache] : [Student] -> [5579090634481667]
14:17:54,434 DEBUG BaseGeneralDataRegion:59 - Caching[foo.org.hibernate.cache.spi.UpdateTimestampsCache] : [Course] -> [5579090634481667]
14:17:54,434 DEBUG BaseGeneralDataRegion:59 - Caching[foo.org.hibernate.cache.spi.UpdateTimestampsCache] : [Enrolment] -> [5579090634481667]
14:17:54,452 DEBUG BaseGeneralDataRegion:59 - Caching[foo.org.hibernate.cache.spi.UpdateTimestampsCache] : [Student_secretCodes] -> [5579090634481667]
14:17:54,452 DEBUG BaseGeneralDataRegion:59 - Caching[foo.org.hibernate.cache.spi.UpdateTimestampsCache] : [Address] -> [5579090634481667]
14:17:54,452 DEBUG BaseGeneralDataRegion:59 - Caching[foo.org.hibernate.cache.spi.UpdateTimestampsCache] : [CourseMeeting] -> [5579090634481667]
14:17:54,453 DEBUG SQL:104 - 
    select
        this_.studentId as studentId4_1_,
        this_.name_first as name2_4_1_,
        this_.name_middle as name3_4_1_,
        this_.name_last as name4_4_1_,
        this_.preferredCourseCode as preferre5_4_1_,
        enrolments2_.studentId as studentId4_3_,
        enrolments2_.studentId as studentId3_3_,
        enrolments2_.courseCode as courseCode3_3_,
        enrolments2_.studentId as studentId3_0_,
        enrolments2_.courseCode as courseCode3_0_,
        enrolments2_.semester as semester3_0_,
        enrolments2_."year" as year4_3_0_ 
    from
        Student this_ 
    left outer join
        Enrolment enrolments2_ 
            on this_.studentId=enrolments2_.studentId 
    order by
        this_.studentId asc
14:17:54,454 DEBUG SQL:104 - 
    select
        course0_.courseCode as courseCode1_0_,
        course0_.description as descript2_1_0_ 
    from
        Course course0_ 
    where
        course0_.courseCode=?
14:17:54,462 DEBUG SQL:104 - 
    select
        secretcode0_.studentNumber as studentN1_4_0_,
        secretcode0_.secretCode as secretCode5_0_,
        secretcode0_.i as i0_ 
    from
        Student_secretCodes secretcode0_ 
    where
        secretcode0_.studentNumber=?
14:17:54,463 DEBUG SQL:104 - 
    select
        secretcode0_.studentNumber as studentN1_4_0_,
        secretcode0_.secretCode as secretCode5_0_,
        secretcode0_.i as i0_ 
    from
        Student_secretCodes secretcode0_ 
    where
        secretcode0_.studentNumber=?
14:17:54,463 DEBUG SQL:104 - 
    select
        coursemeet0_.courseCode as courseCode1_1_,
        coursemeet0_.courseCode as courseCode2_1_,
        coursemeet0_.day as day2_1_,
        coursemeet0_.period as period2_1_,
        coursemeet0_.location as location2_1_,
        coursemeet0_.courseCode as courseCode2_0_,
        coursemeet0_.day as day2_0_,
        coursemeet0_.period as period2_0_,
        coursemeet0_.location as location2_0_ 
    from
        CourseMeeting coursemeet0_ 
    where
        coursemeet0_.courseCode=?
14:17:54,464 DEBUG SQL:104 - 
    select
        this_.studentId as studentId4_1_,
        this_.name_first as name2_4_1_,
        this_.name_middle as name3_4_1_,
        this_.name_last as name4_4_1_,
        this_.preferredCourseCode as preferre5_4_1_,
        enrolments2_.studentId as studentId4_3_,
        enrolments2_.studentId as studentId3_3_,
        enrolments2_.courseCode as courseCode3_3_,
        enrolments2_.studentId as studentId3_0_,
        enrolments2_.courseCode as courseCode3_0_,
        enrolments2_.semester as semester3_0_,
        enrolments2_."year" as year4_3_0_ 
    from
        Student this_ 
    left outer join
        Enrolment enrolments2_ 
            on this_.studentId=enrolments2_.studentId 
    order by
        this_.studentId asc
14:17:54,465 DEBUG SQL:104 - 
    select
        course0_.courseCode as courseCode1_0_,
        course0_.description as descript2_1_0_ 
    from
        Course course0_ 
    where
        course0_.courseCode=?
14:17:54,482 DEBUG SQL:104 - 
    select
        secretcode0_.studentNumber as studentN1_4_0_,
        secretcode0_.secretCode as secretCode5_0_,
        secretcode0_.i as i0_ 
    from
        Student_secretCodes secretcode0_ 
    where
        secretcode0_.studentNumber=?
14:17:54,487 DEBUG SQL:104 - 
    select
        secretcode0_.studentNumber as studentN1_4_0_,
        secretcode0_.secretCode as secretCode5_0_,
        secretcode0_.i as i0_ 
    from
        Student_secretCodes secretcode0_ 
    where
        secretcode0_.studentNumber=?
14:17:54,488 DEBUG SQL:104 - 
    select
        coursemeet0_.courseCode as courseCode1_1_,
        coursemeet0_.courseCode as courseCode2_1_,
        coursemeet0_.day as day2_1_,
        coursemeet0_.period as period2_1_,
        coursemeet0_.location as location2_1_,
        coursemeet0_.courseCode as courseCode2_0_,
        coursemeet0_.day as day2_0_,
        coursemeet0_.period as period2_0_,
        coursemeet0_.location as location2_0_ 
    from
        CourseMeeting coursemeet0_ 
    where
        coursemeet0_.courseCode=?
14:17:54,497 DEBUG SQL:104 - 
    select
        student_.studentId,
        student_.name_first as name2_4_,
        student_.name_middle as name3_4_,
        student_.name_last as name4_4_,
        student_.preferredCourseCode as preferre5_4_ 
    from
        Student student_ 
    where
        student_.studentId=?
14:17:54,497 DEBUG SQL:104 - 
    select
        enrolment_.studentId,
        enrolment_.courseCode,
        enrolment_.semester as semester3_,
        enrolment_."year" as year4_3_ 
    from
        Enrolment enrolment_ 
    where
        enrolment_.studentId=? 
        and enrolment_.courseCode=?
14:17:54,497 DEBUG SQL:104 - 
    select
        course_.courseCode,
        course_.description as descript2_1_ 
    from
        Course course_ 
    where
        course_.courseCode=?
14:17:54,498 DEBUG SQL:104 - 
    select
        student_.studentId,
        student_.name_first as name2_4_,
        student_.name_middle as name3_4_,
        student_.name_last as name4_4_,
        student_.preferredCourseCode as preferre5_4_ 
    from
        Student student_ 
    where
        student_.studentId=?
14:17:54,517 DEBUG SQL:104 - 
    select
        enrolment_.studentId,
        enrolment_.courseCode,
        enrolment_.semester as semester3_,
        enrolment_."year" as year4_3_ 
    from
        Enrolment enrolment_ 
    where
        enrolment_.studentId=? 
        and enrolment_.courseCode=?
14:17:54,518 DEBUG SQL:104 - 
    select
        coursemeet_.courseCode,
        coursemeet_.day,
        coursemeet_.period,
        coursemeet_.location 
    from
        CourseMeeting coursemeet_ 
    where
        coursemeet_.courseCode=? 
        and coursemeet_.day=? 
        and coursemeet_.period=? 
        and coursemeet_.location=?
14:17:54,518 DEBUG SQL:104 - 
    select
        coursemeet_.courseCode,
        coursemeet_.day,
        coursemeet_.period,
        coursemeet_.location 
    from
        CourseMeeting coursemeet_ 
    where
        coursemeet_.courseCode=? 
        and coursemeet_.day=? 
        and coursemeet_.period=? 
        and coursemeet_.location=?
14:17:54,529 DEBUG BaseGeneralDataRegion:59 - Caching[foo.org.hibernate.cache.spi.UpdateTimestampsCache] : [Enrolment] -> [5579090880630784]
14:17:54,529 DEBUG SQL:104 - 
    update
        Address 
    set
        studentNumber=null,
        addressType=null 
    where
        studentNumber=?
14:17:54,529 DEBUG BaseGeneralDataRegion:59 - Caching[foo.org.hibernate.cache.spi.UpdateTimestampsCache] : [Address] -> [5579090880630785]
14:17:54,529 DEBUG SQL:104 - 
    delete 
    from
        Student_secretCodes 
    where
        studentNumber=?
14:17:54,529 DEBUG BaseGeneralDataRegion:59 - Caching[foo.org.hibernate.cache.spi.UpdateTimestampsCache] : [Student_secretCodes] -> [5579090880630786]
14:17:54,530 DEBUG BaseGeneralDataRegion:59 - Caching[foo.org.hibernate.cache.spi.UpdateTimestampsCache] : [Enrolment] -> [5579090880634880]
14:17:54,530 DEBUG BaseGeneralDataRegion:59 - Caching[foo.org.hibernate.cache.spi.UpdateTimestampsCache] : [Address] -> [5579090880634881]
14:17:54,530 DEBUG SQL:104 - 
    delete 
    from
        Student_secretCodes 
    where
        studentNumber=?
14:17:54,539 DEBUG BaseGeneralDataRegion:59 - Caching[foo.org.hibernate.cache.spi.UpdateTimestampsCache] : [Student_secretCodes] -> [5579090880671744]
14:17:54,539 DEBUG BaseGeneralDataRegion:59 - Caching[foo.org.hibernate.cache.spi.UpdateTimestampsCache] : [CourseMeeting] -> [5579090880671745]
14:17:54,539 DEBUG SQL:104 - 
    delete 
    from
        Enrolment 
    where
        studentId=? 
        and courseCode=?
14:17:54,540 DEBUG BaseGeneralDataRegion:59 - Caching[foo.org.hibernate.cache.spi.UpdateTimestampsCache] : [Enrolment] -> [5579090880675840]
14:17:54,540 DEBUG SQL:104 - 
    delete 
    from
        Address 
    where
        id=?
14:17:54,540 DEBUG BaseGeneralDataRegion:59 - Caching[foo.org.hibernate.cache.spi.UpdateTimestampsCache] : [Address] -> [5579090880675841]
14:17:54,540 DEBUG SQL:104 - 
    delete 
    from
        Address 
    where
        id=?
14:17:54,540 DEBUG BaseGeneralDataRegion:59 - Caching[foo.org.hibernate.cache.spi.UpdateTimestampsCache] : [Address] -> [5579090880675842]
14:17:54,540 DEBUG SQL:104 - 
    delete 
    from
        Student 
    where
        studentId=?
14:17:54,550 DEBUG BaseGeneralDataRegion:59 - Caching[foo.org.hibernate.cache.spi.UpdateTimestampsCache] : [Student] -> [5579090880716800]
14:17:54,550 DEBUG SQL:104 - 
    delete 
    from
        Enrolment 
    where
        studentId=? 
        and courseCode=?
14:17:54,550 DEBUG BaseGeneralDataRegion:59 - Caching[foo.org.hibernate.cache.spi.UpdateTimestampsCache] : [Enrolment] -> [5579090880716801]
14:17:54,550 DEBUG SQL:104 - 
    delete 
    from
        Student 
    where
        studentId=?
14:17:54,550 DEBUG BaseGeneralDataRegion:59 - Caching[foo.org.hibernate.cache.spi.UpdateTimestampsCache] : [Student] -> [5579090880716802]
14:17:54,551 DEBUG SQL:104 - 
    delete 
    from
        CourseMeeting 
    where
        courseCode=? 
        and day=? 
        and period=? 
        and location=?
14:17:54,551 DEBUG BaseGeneralDataRegion:59 - Caching[foo.org.hibernate.cache.spi.UpdateTimestampsCache] : [CourseMeeting] -> [5579090880720896]
14:17:54,603 DEBUG SQL:104 - 
    delete 
    from
        CourseMeeting 
    where
        courseCode=? 
        and day=? 
        and period=? 
        and location=?
14:17:54,603 DEBUG BaseGeneralDataRegion:59 - Caching[foo.org.hibernate.cache.spi.UpdateTimestampsCache] : [CourseMeeting] -> [5579090880933888]
14:17:54,603 DEBUG SQL:104 - 
    delete 
    from
        Course 
    where
        courseCode=?
14:17:54,604 DEBUG BaseGeneralDataRegion:59 - Caching[foo.org.hibernate.cache.spi.UpdateTimestampsCache] : [Course] -> [5579090880937984]
14:17:54,604 DEBUG BaseGeneralDataRegion:59 - Caching[foo.org.hibernate.cache.spi.UpdateTimestampsCache] : [Student] -> [5579090635177985]
14:17:54,604 DEBUG BaseGeneralDataRegion:59 - Caching[foo.org.hibernate.cache.spi.UpdateTimestampsCache] : [Course] -> [5579090635177985]
14:17:54,604 DEBUG BaseGeneralDataRegion:59 - Caching[foo.org.hibernate.cache.spi.UpdateTimestampsCache] : [Enrolment] -> [5579090635177985]
14:17:54,605 DEBUG BaseGeneralDataRegion:59 - Caching[foo.org.hibernate.cache.spi.UpdateTimestampsCache] : [Student_secretCodes] -> [5579090635177985]
14:17:54,605 DEBUG BaseGeneralDataRegion:59 - Caching[foo.org.hibernate.cache.spi.UpdateTimestampsCache] : [Address] -> [5579090635177985]
14:17:54,605 DEBUG BaseGeneralDataRegion:59 - Caching[foo.org.hibernate.cache.spi.UpdateTimestampsCache] : [CourseMeeting] -> [5579090635177985]
14:17:54,605  INFO CustomRunner:139 - Test: testJoinWithFetchJoinListCriteria
14:17:54,607 DEBUG SQL:104 - 
    select
        coursemeet_.courseCode,
        coursemeet_.day,
        coursemeet_.period,
        coursemeet_.location 
    from
        CourseMeeting coursemeet_ 
    where
        coursemeet_.courseCode=? 
        and coursemeet_.day=? 
        and coursemeet_.period=? 
        and coursemeet_.location=?
14:17:54,608 DEBUG SQL:104 - 
    select
        coursemeet_.courseCode,
        coursemeet_.day,
        coursemeet_.period,
        coursemeet_.location 
    from
        CourseMeeting coursemeet_ 
    where
        coursemeet_.courseCode=? 
        and coursemeet_.day=? 
        and coursemeet_.period=? 
        and coursemeet_.location=?
14:17:54,608 DEBUG SQL:104 - 
    insert 
    into
        Course
        (description, courseCode) 
    values
        (?, ?)
14:17:54,609 DEBUG BaseGeneralDataRegion:59 - Caching[foo.org.hibernate.cache.spi.UpdateTimestampsCache] : [Course] -> [5579090880958464]
14:17:54,621 DEBUG SQL:104 - 
    insert 
    into
        CourseMeeting
        (courseCode, day, period, location) 
    values
        (?, ?, ?, ?)
14:17:54,622 DEBUG BaseGeneralDataRegion:59 - Caching[foo.org.hibernate.cache.spi.UpdateTimestampsCache] : [CourseMeeting] -> [5579090881011712]
14:17:54,622 DEBUG SQL:104 - 
    insert 
    into
        CourseMeeting
        (courseCode, day, period, location) 
    values
        (?, ?, ?, ?)
14:17:54,622 DEBUG BaseGeneralDataRegion:59 - Caching[foo.org.hibernate.cache.spi.UpdateTimestampsCache] : [CourseMeeting] -> [5579090881011713]
14:17:54,622 DEBUG SQL:104 - 
    insert 
    into
        Student
        (name_first, name_middle, name_last, preferredCourseCode, studentId) 
    values
        (?, ?, ?, ?, ?)
14:17:54,623 DEBUG BaseGeneralDataRegion:59 - Caching[foo.org.hibernate.cache.spi.UpdateTimestampsCache] : [Student] -> [5579090881015808]
14:17:54,623 DEBUG SQL:104 - 
    insert 
    into
        Address
        (addressType, street, city, stateProvince, postalCode, country, studentNumber, id) 
    values
        (?, ?, ?, ?, ?, ?, ?, ?)
14:17:54,631 DEBUG BaseGeneralDataRegion:59 - Caching[foo.org.hibernate.cache.spi.UpdateTimestampsCache] : [Address] -> [5579090881048576]
14:17:54,631 DEBUG SQL:104 - 
    insert 
    into
        Address
        (addressType, street, city, stateProvince, postalCode, country, studentNumber, id) 
    values
        (?, ?, ?, ?, ?, ?, ?, ?)
14:17:54,631 DEBUG BaseGeneralDataRegion:59 - Caching[foo.org.hibernate.cache.spi.UpdateTimestampsCache] : [Address] -> [5579090881048577]
14:17:54,631 DEBUG SQL:104 - 
    insert 
    into
        Student
        (name_first, name_middle, name_last, preferredCourseCode, studentId) 
    values
        (?, ?, ?, ?, ?)
14:17:54,632 DEBUG BaseGeneralDataRegion:59 - Caching[foo.org.hibernate.cache.spi.UpdateTimestampsCache] : [Student] -> [5579090881052672]
14:17:54,632 DEBUG SQL:104 - 
    insert 
    into
        Enrolment
        (semester, "year", studentId, courseCode) 
    values
        (?, ?, ?, ?)
14:17:54,632 DEBUG BaseGeneralDataRegion:59 - Caching[foo.org.hibernate.cache.spi.UpdateTimestampsCache] : [Enrolment] -> [5579090881052673]
14:17:54,632 DEBUG SQL:104 - 
    insert 
    into
        Enrolment
        (semester, "year", studentId, courseCode) 
    values
        (?, ?, ?, ?)
14:17:54,632 DEBUG BaseGeneralDataRegion:59 - Caching[foo.org.hibernate.cache.spi.UpdateTimestampsCache] : [Enrolment] -> [5579090881052674]
14:17:54,632 DEBUG BaseGeneralDataRegion:59 - Caching[foo.org.hibernate.cache.spi.UpdateTimestampsCache] : [CourseMeeting] -> [5579090881052675]
14:17:54,632 DEBUG BaseGeneralDataRegion:59 - Caching[foo.org.hibernate.cache.spi.UpdateTimestampsCache] : [Enrolment] -> [5579090881052676]
14:17:54,633 DEBUG SQL:104 - 
    update
        Address 
    set
        studentNumber=?,
        addressType=? 
    where
        id=?
14:17:54,652 DEBUG SQL:104 - 
    update
        Address 
    set
        studentNumber=?,
        addressType=? 
    where
        id=?
14:17:54,653 DEBUG BaseGeneralDataRegion:59 - Caching[foo.org.hibernate.cache.spi.UpdateTimestampsCache] : [Address] -> [5579090881138688]
14:17:54,653 DEBUG SQL:104 - 
    insert 
    into
        Student_secretCodes
        (studentNumber, i, secretCode) 
    values
        (?, ?, ?)
14:17:54,653 DEBUG BaseGeneralDataRegion:59 - Caching[foo.org.hibernate.cache.spi.UpdateTimestampsCache] : [Student_secretCodes] -> [5579090881138689]
14:17:54,653 DEBUG BaseGeneralDataRegion:59 - Caching[foo.org.hibernate.cache.spi.UpdateTimestampsCache] : [Enrolment] -> [5579090881138690]
14:17:54,653 DEBUG BaseGeneralDataRegion:59 - Caching[foo.org.hibernate.cache.spi.UpdateTimestampsCache] : [Address] -> [5579090881138691]
14:17:54,653 DEBUG SQL:104 - 
    insert 
    into
        Student_secretCodes
        (studentNumber, i, secretCode) 
    values
        (?, ?, ?)
14:17:54,654 DEBUG SQL:104 - 
    insert 
    into
        Student_secretCodes
        (studentNumber, i, secretCode) 
    values
        (?, ?, ?)
14:17:54,663 DEBUG BaseGeneralDataRegion:59 - Caching[foo.org.hibernate.cache.spi.UpdateTimestampsCache] : [Student_secretCodes] -> [5579090881179648]
14:17:54,663 DEBUG BaseGeneralDataRegion:59 - Caching[foo.org.hibernate.cache.spi.UpdateTimestampsCache] : [Student] -> [5579090635419649]
14:17:54,664 DEBUG BaseGeneralDataRegion:59 - Caching[foo.org.hibernate.cache.spi.UpdateTimestampsCache] : [Course] -> [5579090635419649]
14:17:54,664 DEBUG BaseGeneralDataRegion:59 - Caching[foo.org.hibernate.cache.spi.UpdateTimestampsCache] : [Enrolment] -> [5579090635419649]
14:17:54,664 DEBUG BaseGeneralDataRegion:59 - Caching[foo.org.hibernate.cache.spi.UpdateTimestampsCache] : [Student_secretCodes] -> [5579090635419649]
14:17:54,664 DEBUG BaseGeneralDataRegion:59 - Caching[foo.org.hibernate.cache.spi.UpdateTimestampsCache] : [Address] -> [5579090635419649]
14:17:54,664 DEBUG BaseGeneralDataRegion:59 - Caching[foo.org.hibernate.cache.spi.UpdateTimestampsCache] : [CourseMeeting] -> [5579090635419649]
14:17:54,665 DEBUG SQL:104 - 
    select
        this_.studentId as studentId4_2_,
        this_.name_first as name2_4_2_,
        this_.name_middle as name3_4_2_,
        this_.name_last as name4_4_2_,
        this_.preferredCourseCode as preferre5_4_2_,
        enrolments3_.studentId as studentId4_4_,
        enrolments3_.studentId as studentId3_4_,
        enrolments3_.courseCode as courseCode3_4_,
        enrolments3_.studentId as studentId3_0_,
        enrolments3_.courseCode as courseCode3_0_,
        enrolments3_.semester as semester3_0_,
        enrolments3_."year" as year4_3_0_,
        pc1_.courseCode as courseCode1_1_,
        pc1_.description as descript2_1_1_ 
    from
        Student this_ 
    left outer join
        Enrolment enrolments3_ 
            on this_.studentId=enrolments3_.studentId 
    left outer join
        Course pc1_ 
            on this_.preferredCourseCode=pc1_.courseCode 
    order by
        this_.studentId asc
14:17:54,674 DEBUG SQL:104 - 
    select
        secretcode0_.studentNumber as studentN1_4_0_,
        secretcode0_.secretCode as secretCode5_0_,
        secretcode0_.i as i0_ 
    from
        Student_secretCodes secretcode0_ 
    where
        secretcode0_.studentNumber=?
14:17:54,675 DEBUG SQL:104 - 
    select
        secretcode0_.studentNumber as studentN1_4_0_,
        secretcode0_.secretCode as secretCode5_0_,
        secretcode0_.i as i0_ 
    from
        Student_secretCodes secretcode0_ 
    where
        secretcode0_.studentNumber=?
14:17:54,675 DEBUG SQL:104 - 
    select
        coursemeet0_.courseCode as courseCode1_1_,
        coursemeet0_.courseCode as courseCode2_1_,
        coursemeet0_.day as day2_1_,
        coursemeet0_.period as period2_1_,
        coursemeet0_.location as location2_1_,
        coursemeet0_.courseCode as courseCode2_0_,
        coursemeet0_.day as day2_0_,
        coursemeet0_.period as period2_0_,
        coursemeet0_.location as location2_0_ 
    from
        CourseMeeting coursemeet0_ 
    where
        coursemeet0_.courseCode=?
14:17:54,686 DEBUG SQL:104 - 
    select
        this_.studentId as studentId4_2_,
        this_.name_first as name2_4_2_,
        this_.name_middle as name3_4_2_,
        this_.name_last as name4_4_2_,
        this_.preferredCourseCode as preferre5_4_2_,
        enrolments3_.studentId as studentId4_4_,
        enrolments3_.studentId as studentId3_4_,
        enrolments3_.courseCode as courseCode3_4_,
        enrolments3_.studentId as studentId3_0_,
        enrolments3_.courseCode as courseCode3_0_,
        enrolments3_.semester as semester3_0_,
        enrolments3_."year" as year4_3_0_,
        pc1_.courseCode as courseCode1_1_,
        pc1_.description as descript2_1_1_ 
    from
        Student this_ 
    left outer join
        Enrolment enrolments3_ 
            on this_.studentId=enrolments3_.studentId 
    left outer join
        Course pc1_ 
            on this_.preferredCourseCode=pc1_.courseCode 
    order by
        this_.studentId asc
14:17:54,695 DEBUG SQL:104 - 
    select
        secretcode0_.studentNumber as studentN1_4_0_,
        secretcode0_.secretCode as secretCode5_0_,
        secretcode0_.i as i0_ 
    from
        Student_secretCodes secretcode0_ 
    where
        secretcode0_.studentNumber=?
14:17:54,695 DEBUG SQL:104 - 
    select
        secretcode0_.studentNumber as studentN1_4_0_,
        secretcode0_.secretCode as secretCode5_0_,
        secretcode0_.i as i0_ 
    from
        Student_secretCodes secretcode0_ 
    where
        secretcode0_.studentNumber=?
14:17:54,696 DEBUG SQL:104 - 
    select
        coursemeet0_.courseCode as courseCode1_1_,
        coursemeet0_.courseCode as courseCode2_1_,
        coursemeet0_.day as day2_1_,
        coursemeet0_.period as period2_1_,
        coursemeet0_.location as location2_1_,
        coursemeet0_.courseCode as courseCode2_0_,
        coursemeet0_.day as day2_0_,
        coursemeet0_.period as period2_0_,
        coursemeet0_.location as location2_0_ 
    from
        CourseMeeting coursemeet0_ 
    where
        coursemeet0_.courseCode=?
14:17:54,706 DEBUG SQL:104 - 
    select
        student_.studentId,
        student_.name_first as name2_4_,
        student_.name_middle as name3_4_,
        student_.name_last as name4_4_,
        student_.preferredCourseCode as preferre5_4_ 
    from
        Student student_ 
    where
        student_.studentId=?
14:17:54,706 DEBUG SQL:104 - 
    select
        enrolment_.studentId,
        enrolment_.courseCode,
        enrolment_.semester as semester3_,
        enrolment_."year" as year4_3_ 
    from
        Enrolment enrolment_ 
    where
        enrolment_.studentId=? 
        and enrolment_.courseCode=?
14:17:54,706 DEBUG SQL:104 - 
    select
        course_.courseCode,
        course_.description as descript2_1_ 
    from
        Course course_ 
    where
        course_.courseCode=?
14:17:54,715 DEBUG SQL:104 - 
    select
        student_.studentId,
        student_.name_first as name2_4_,
        student_.name_middle as name3_4_,
        student_.name_last as name4_4_,
        student_.preferredCourseCode as preferre5_4_ 
    from
        Student student_ 
    where
        student_.studentId=?
14:17:54,715 DEBUG SQL:104 - 
    select
        enrolment_.studentId,
        enrolment_.courseCode,
        enrolment_.semester as semester3_,
        enrolment_."year" as year4_3_ 
    from
        Enrolment enrolment_ 
    where
        enrolment_.studentId=? 
        and enrolment_.courseCode=?
14:17:54,715 DEBUG SQL:104 - 
    select
        coursemeet_.courseCode,
        coursemeet_.day,
        coursemeet_.period,
        coursemeet_.location 
    from
        CourseMeeting coursemeet_ 
    where
        coursemeet_.courseCode=? 
        and coursemeet_.day=? 
        and coursemeet_.period=? 
        and coursemeet_.location=?
14:17:54,725 DEBUG SQL:104 - 
    select
        coursemeet_.courseCode,
        coursemeet_.day,
        coursemeet_.period,
        coursemeet_.location 
    from
        CourseMeeting coursemeet_ 
    where
        coursemeet_.courseCode=? 
        and coursemeet_.day=? 
        and coursemeet_.period=? 
        and coursemeet_.location=?
14:17:54,726 DEBUG BaseGeneralDataRegion:59 - Caching[foo.org.hibernate.cache.spi.UpdateTimestampsCache] : [Enrolment] -> [5579090881437696]
14:17:54,726 DEBUG SQL:104 - 
    update
        Address 
    set
        studentNumber=null,
        addressType=null 
    where
        studentNumber=?
14:17:54,726 DEBUG BaseGeneralDataRegion:59 - Caching[foo.org.hibernate.cache.spi.UpdateTimestampsCache] : [Address] -> [5579090881437697]
14:17:54,727 DEBUG SQL:104 - 
    delete 
    from
        Student_secretCodes 
    where
        studentNumber=?
14:17:54,727 DEBUG BaseGeneralDataRegion:59 - Caching[foo.org.hibernate.cache.spi.UpdateTimestampsCache] : [Student_secretCodes] -> [5579090881441792]
14:17:54,727 DEBUG BaseGeneralDataRegion:59 - Caching[foo.org.hibernate.cache.spi.UpdateTimestampsCache] : [Enrolment] -> [5579090881441793]
14:17:54,727 DEBUG BaseGeneralDataRegion:59 - Caching[foo.org.hibernate.cache.spi.UpdateTimestampsCache] : [Address] -> [5579090881441794]
14:17:54,727 DEBUG SQL:104 - 
    delete 
    from
        Student_secretCodes 
    where
        studentNumber=?
14:17:54,727 DEBUG BaseGeneralDataRegion:59 - Caching[foo.org.hibernate.cache.spi.UpdateTimestampsCache] : [Student_secretCodes] -> [5579090881441795]
14:17:54,727 DEBUG BaseGeneralDataRegion:59 - Caching[foo.org.hibernate.cache.spi.UpdateTimestampsCache] : [CourseMeeting] -> [5579090881441796]
14:17:54,727 DEBUG SQL:104 - 
    delete 
    from
        Enrolment 
    where
        studentId=? 
        and courseCode=?
14:17:54,728 DEBUG BaseGeneralDataRegion:59 - Caching[foo.org.hibernate.cache.spi.UpdateTimestampsCache] : [Enrolment] -> [5579090881445888]
14:17:54,738 DEBUG SQL:104 - 
    delete 
    from
        Address 
    where
        id=?
14:17:54,738 DEBUG BaseGeneralDataRegion:59 - Caching[foo.org.hibernate.cache.spi.UpdateTimestampsCache] : [Address] -> [5579090881486848]
14:17:54,738 DEBUG SQL:104 - 
    delete 
    from
        Address 
    where
        id=?
14:17:54,738 DEBUG BaseGeneralDataRegion:59 - Caching[foo.org.hibernate.cache.spi.UpdateTimestampsCache] : [Address] -> [5579090881486849]
14:17:54,738 DEBUG SQL:104 - 
    delete 
    from
        Student 
    where
        studentId=?
14:17:54,738 DEBUG BaseGeneralDataRegion:59 - Caching[foo.org.hibernate.cache.spi.UpdateTimestampsCache] : [Student] -> [5579090881486850]
14:17:54,739 DEBUG SQL:104 - 
    delete 
    from
        Enrolment 
    where
        studentId=? 
        and courseCode=?
14:17:54,739 DEBUG BaseGeneralDataRegion:59 - Caching[foo.org.hibernate.cache.spi.UpdateTimestampsCache] : [Enrolment] -> [5579090881490944]
14:17:54,739 DEBUG SQL:104 - 
    delete 
    from
        Student 
    where
        studentId=?
14:17:54,747 DEBUG BaseGeneralDataRegion:59 - Caching[foo.org.hibernate.cache.spi.UpdateTimestampsCache] : [Student] -> [5579090881523712]
14:17:54,747 DEBUG SQL:104 - 
    delete 
    from
        CourseMeeting 
    where
        courseCode=? 
        and day=? 
        and period=? 
        and location=?
14:17:54,748 DEBUG BaseGeneralDataRegion:59 - Caching[foo.org.hibernate.cache.spi.UpdateTimestampsCache] : [CourseMeeting] -> [5579090881527808]
14:17:54,748 DEBUG SQL:104 - 
    delete 
    from
        CourseMeeting 
    where
        courseCode=? 
        and day=? 
        and period=? 
        and location=?
14:17:54,748 DEBUG BaseGeneralDataRegion:59 - Caching[foo.org.hibernate.cache.spi.UpdateTimestampsCache] : [CourseMeeting] -> [5579090881527809]
14:17:54,748 DEBUG SQL:104 - 
    delete 
    from
        Course 
    where
        courseCode=?
14:17:54,748 DEBUG BaseGeneralDataRegion:59 - Caching[foo.org.hibernate.cache.spi.UpdateTimestampsCache] : [Course] -> [5579090881527810]
14:17:54,748 DEBUG BaseGeneralDataRegion:59 - Caching[foo.org.hibernate.cache.spi.UpdateTimestampsCache] : [Student] -> [5579090635767811]
14:17:54,748 DEBUG BaseGeneralDataRegion:59 - Caching[foo.org.hibernate.cache.spi.UpdateTimestampsCache] : [Course] -> [5579090635767811]
14:17:54,749 DEBUG BaseGeneralDataRegion:59 - Caching[foo.org.hibernate.cache.spi.UpdateTimestampsCache] : [Enrolment] -> [5579090635767811]
14:17:54,749 DEBUG BaseGeneralDataRegion:59 - Caching[foo.org.hibernate.cache.spi.UpdateTimestampsCache] : [Student_secretCodes] -> [5579090635767811]
14:17:54,749 DEBUG BaseGeneralDataRegion:59 - Caching[foo.org.hibernate.cache.spi.UpdateTimestampsCache] : [Address] -> [5579090635767811]
14:17:54,749 DEBUG BaseGeneralDataRegion:59 - Caching[foo.org.hibernate.cache.spi.UpdateTimestampsCache] : [CourseMeeting] -> [5579090635767811]
14:17:54,749  INFO CustomRunner:139 - Test: testJoinWithFetchJoinListHql
14:17:54,751 DEBUG SQL:104 - 
    select
        coursemeet_.courseCode,
        coursemeet_.day,
        coursemeet_.period,
        coursemeet_.location 
    from
        CourseMeeting coursemeet_ 
    where
        coursemeet_.courseCode=? 
        and coursemeet_.day=? 
        and coursemeet_.period=? 
        and coursemeet_.location=?
14:17:54,770 DEBUG SQL:104 - 
    select
        coursemeet_.courseCode,
        coursemeet_.day,
        coursemeet_.period,
        coursemeet_.location 
    from
        CourseMeeting coursemeet_ 
    where
        coursemeet_.courseCode=? 
        and coursemeet_.day=? 
        and coursemeet_.period=? 
        and coursemeet_.location=?
14:17:54,771 DEBUG SQL:104 - 
    insert 
    into
        Course
        (description, courseCode) 
    values
        (?, ?)
14:17:54,780 DEBUG BaseGeneralDataRegion:59 - Caching[foo.org.hibernate.cache.spi.UpdateTimestampsCache] : [Course] -> [5579090881658880]
14:17:54,780 DEBUG SQL:104 - 
    insert 
    into
        CourseMeeting
        (courseCode, day, period, location) 
    values
        (?, ?, ?, ?)
14:17:54,780 DEBUG BaseGeneralDataRegion:59 - Caching[foo.org.hibernate.cache.spi.UpdateTimestampsCache] : [CourseMeeting] -> [5579090881658881]
14:17:54,781 DEBUG SQL:104 - 
    insert 
    into
        CourseMeeting
        (courseCode, day, period, location) 
    values
        (?, ?, ?, ?)
14:17:54,781 DEBUG BaseGeneralDataRegion:59 - Caching[foo.org.hibernate.cache.spi.UpdateTimestampsCache] : [CourseMeeting] -> [5579090881662976]
14:17:54,781 DEBUG SQL:104 - 
    insert 
    into
        Student
        (name_first, name_middle, name_last, preferredCourseCode, studentId) 
    values
        (?, ?, ?, ?, ?)
14:17:54,781 DEBUG BaseGeneralDataRegion:59 - Caching[foo.org.hibernate.cache.spi.UpdateTimestampsCache] : [Student] -> [5579090881662977]
14:17:54,781 DEBUG SQL:104 - 
    insert 
    into
        Address
        (addressType, street, city, stateProvince, postalCode, country, studentNumber, id) 
    values
        (?, ?, ?, ?, ?, ?, ?, ?)
14:17:54,792 DEBUG BaseGeneralDataRegion:59 - Caching[foo.org.hibernate.cache.spi.UpdateTimestampsCache] : [Address] -> [5579090881708032]
14:17:54,792 DEBUG SQL:104 - 
    insert 
    into
        Address
        (addressType, street, city, stateProvince, postalCode, country, studentNumber, id) 
    values
        (?, ?, ?, ?, ?, ?, ?, ?)
14:17:54,792 DEBUG BaseGeneralDataRegion:59 - Caching[foo.org.hibernate.cache.spi.UpdateTimestampsCache] : [Address] -> [5579090881708033]
14:17:54,792 DEBUG SQL:104 - 
    insert 
    into
        Student
        (name_first, name_middle, name_last, preferredCourseCode, studentId) 
    values
        (?, ?, ?, ?, ?)
14:17:54,793 DEBUG BaseGeneralDataRegion:59 - Caching[foo.org.hibernate.cache.spi.UpdateTimestampsCache] : [Student] -> [5579090881712128]
14:17:54,793 DEBUG SQL:104 - 
    insert 
    into
        Enrolment
        (semester, "year", studentId, courseCode) 
    values
        (?, ?, ?, ?)
14:17:54,793 DEBUG BaseGeneralDataRegion:59 - Caching[foo.org.hibernate.cache.spi.UpdateTimestampsCache] : [Enrolment] -> [5579090881712129]
14:17:54,793 DEBUG SQL:104 - 
    insert 
    into
        Enrolment
        (semester, "year", studentId, courseCode) 
    values
        (?, ?, ?, ?)
14:17:54,804 DEBUG BaseGeneralDataRegion:59 - Caching[foo.org.hibernate.cache.spi.UpdateTimestampsCache] : [Enrolment] -> [5579090881757184]
14:17:54,804 DEBUG BaseGeneralDataRegion:59 - Caching[foo.org.hibernate.cache.spi.UpdateTimestampsCache] : [CourseMeeting] -> [5579090881757185]
14:17:54,804 DEBUG BaseGeneralDataRegion:59 - Caching[foo.org.hibernate.cache.spi.UpdateTimestampsCache] : [Enrolment] -> [5579090881757186]
14:17:54,804 DEBUG SQL:104 - 
    update
        Address 
    set
        studentNumber=?,
        addressType=? 
    where
        id=?
14:17:54,805 DEBUG SQL:104 - 
    update
        Address 
    set
        studentNumber=?,
        addressType=? 
    where
        id=?
14:17:54,805 DEBUG BaseGeneralDataRegion:59 - Caching[foo.org.hibernate.cache.spi.UpdateTimestampsCache] : [Address] -> [5579090881761280]
14:17:54,806 DEBUG SQL:104 - 
    insert 
    into
        Student_secretCodes
        (studentNumber, i, secretCode) 
    values
        (?, ?, ?)
14:17:54,816 DEBUG BaseGeneralDataRegion:59 - Caching[foo.org.hibernate.cache.spi.UpdateTimestampsCache] : [Student_secretCodes] -> [5579090881806336]
14:17:54,816 DEBUG BaseGeneralDataRegion:59 - Caching[foo.org.hibernate.cache.spi.UpdateTimestampsCache] : [Enrolment] -> [5579090881806337]
14:17:54,816 DEBUG BaseGeneralDataRegion:59 - Caching[foo.org.hibernate.cache.spi.UpdateTimestampsCache] : [Address] -> [5579090881806338]
14:17:54,817 DEBUG SQL:104 - 
    insert 
    into
        Student_secretCodes
        (studentNumber, i, secretCode) 
    values
        (?, ?, ?)
14:17:54,817 DEBUG SQL:104 - 
    insert 
    into
        Student_secretCodes
        (studentNumber, i, secretCode) 
    values
        (?, ?, ?)
14:17:54,817 DEBUG BaseGeneralDataRegion:59 - Caching[foo.org.hibernate.cache.spi.UpdateTimestampsCache] : [Student_secretCodes] -> [5579090881810432]
14:17:54,817 DEBUG BaseGeneralDataRegion:59 - Caching[foo.org.hibernate.cache.spi.UpdateTimestampsCache] : [Student] -> [5579090636050433]
14:17:54,817 DEBUG BaseGeneralDataRegion:59 - Caching[foo.org.hibernate.cache.spi.UpdateTimestampsCache] : [Course] -> [5579090636050433]
14:17:54,817 DEBUG BaseGeneralDataRegion:59 - Caching[foo.org.hibernate.cache.spi.UpdateTimestampsCache] : [Enrolment] -> [5579090636050433]
14:17:54,817 DEBUG BaseGeneralDataRegion:59 - Caching[foo.org.hibernate.cache.spi.UpdateTimestampsCache] : [Student_secretCodes] -> [5579090636050433]
14:17:54,817 DEBUG BaseGeneralDataRegion:59 - Caching[foo.org.hibernate.cache.spi.UpdateTimestampsCache] : [Address] -> [5579090636050433]
14:17:54,817 DEBUG BaseGeneralDataRegion:59 - Caching[foo.org.hibernate.cache.spi.UpdateTimestampsCache] : [CourseMeeting] -> [5579090636050433]
14:17:54,818 DEBUG SQL:104 - 
    select
        student_.studentId,
        student_.name_first as name2_4_,
        student_.name_middle as name3_4_,
        student_.name_last as name4_4_,
        student_.preferredCourseCode as preferre5_4_ 
    from
        Student student_ 
    where
        student_.studentId=?
14:17:54,827 DEBUG SQL:104 - 
    select
        enrolment_.studentId,
        enrolment_.courseCode,
        enrolment_.semester as semester3_,
        enrolment_."year" as year4_3_ 
    from
        Enrolment enrolment_ 
    where
        enrolment_.studentId=? 
        and enrolment_.courseCode=?
14:17:54,827 DEBUG SQL:104 - 
    select
        course_.courseCode,
        course_.description as descript2_1_ 
    from
        Course course_ 
    where
        course_.courseCode=?
14:17:54,828 DEBUG SQL:104 - 
    select
        student_.studentId,
        student_.name_first as name2_4_,
        student_.name_middle as name3_4_,
        student_.name_last as name4_4_,
        student_.preferredCourseCode as preferre5_4_ 
    from
        Student student_ 
    where
        student_.studentId=?
14:17:54,837 DEBUG SQL:104 - 
    select
        enrolment_.studentId,
        enrolment_.courseCode,
        enrolment_.semester as semester3_,
        enrolment_."year" as year4_3_ 
    from
        Enrolment enrolment_ 
    where
        enrolment_.studentId=? 
        and enrolment_.courseCode=?
14:17:54,837 DEBUG SQL:104 - 
    select
        coursemeet_.courseCode,
        coursemeet_.day,
        coursemeet_.period,
        coursemeet_.location 
    from
        CourseMeeting coursemeet_ 
    where
        coursemeet_.courseCode=? 
        and coursemeet_.day=? 
        and coursemeet_.period=? 
        and coursemeet_.location=?
14:17:54,847 DEBUG SQL:104 - 
    select
        coursemeet_.courseCode,
        coursemeet_.day,
        coursemeet_.period,
        coursemeet_.location 
    from
        CourseMeeting coursemeet_ 
    where
        coursemeet_.courseCode=? 
        and coursemeet_.day=? 
        and coursemeet_.period=? 
        and coursemeet_.location=?
14:17:54,848 DEBUG BaseGeneralDataRegion:59 - Caching[foo.org.hibernate.cache.spi.UpdateTimestampsCache] : [Enrolment] -> [5579090881937408]
14:17:54,848 DEBUG SQL:104 - 
    update
        Address 
    set
        studentNumber=null,
        addressType=null 
    where
        studentNumber=?
14:17:54,848 DEBUG BaseGeneralDataRegion:59 - Caching[foo.org.hibernate.cache.spi.UpdateTimestampsCache] : [Address] -> [5579090881937409]
14:17:54,848 DEBUG SQL:104 - 
    delete 
    from
        Student_secretCodes 
    where
        studentNumber=?
14:17:54,848 DEBUG BaseGeneralDataRegion:59 - Caching[foo.org.hibernate.cache.spi.UpdateTimestampsCache] : [Student_secretCodes] -> [5579090881937410]
14:17:54,848 DEBUG BaseGeneralDataRegion:59 - Caching[foo.org.hibernate.cache.spi.UpdateTimestampsCache] : [Enrolment] -> [5579090881937411]
14:17:54,849 DEBUG BaseGeneralDataRegion:59 - Caching[foo.org.hibernate.cache.spi.UpdateTimestampsCache] : [Address] -> [5579090881941504]
14:17:54,849 DEBUG SQL:104 - 
    delete 
    from
        Student_secretCodes 
    where
        studentNumber=?
14:17:54,849 DEBUG BaseGeneralDataRegion:59 - Caching[foo.org.hibernate.cache.spi.UpdateTimestampsCache] : [Student_secretCodes] -> [5579090881941505]
14:17:54,849 DEBUG BaseGeneralDataRegion:59 - Caching[foo.org.hibernate.cache.spi.UpdateTimestampsCache] : [CourseMeeting] -> [5579090881941506]
14:17:54,849 DEBUG SQL:104 - 
    delete 
    from
        Enrolment 
    where
        studentId=? 
        and courseCode=?
14:17:54,849 DEBUG BaseGeneralDataRegion:59 - Caching[foo.org.hibernate.cache.spi.UpdateTimestampsCache] : [Enrolment] -> [5579090881941507]
14:17:54,849 DEBUG SQL:104 - 
    delete 
    from
        Address 
    where
        id=?
14:17:54,850 DEBUG BaseGeneralDataRegion:59 - Caching[foo.org.hibernate.cache.spi.UpdateTimestampsCache] : [Address] -> [5579090881945600]
14:17:54,850 DEBUG SQL:104 - 
    delete 
    from
        Address 
    where
        id=?
14:17:54,859 DEBUG BaseGeneralDataRegion:59 - Caching[foo.org.hibernate.cache.spi.UpdateTimestampsCache] : [Address] -> [5579090881982464]
14:17:54,859 DEBUG SQL:104 - 
    delete 
    from
        Student 
    where
        studentId=?
14:17:54,859 DEBUG BaseGeneralDataRegion:59 - Caching[foo.org.hibernate.cache.spi.UpdateTimestampsCache] : [Student] -> [5579090881982465]
14:17:54,859 DEBUG SQL:104 - 
    delete 
    from
        Enrolment 
    where
        studentId=? 
        and courseCode=?
14:17:54,860 DEBUG BaseGeneralDataRegion:59 - Caching[foo.org.hibernate.cache.spi.UpdateTimestampsCache] : [Enrolment] -> [5579090881986560]
14:17:54,860 DEBUG SQL:104 - 
    delete 
    from
        Student 
    where
        studentId=?
14:17:54,860 DEBUG BaseGeneralDataRegion:59 - Caching[foo.org.hibernate.cache.spi.UpdateTimestampsCache] : [Student] -> [5579090881986561]
14:17:54,860 DEBUG SQL:104 - 
    delete 
    from
        CourseMeeting 
    where
        courseCode=? 
        and day=? 
        and period=? 
        and location=?
14:17:54,869 DEBUG BaseGeneralDataRegion:59 - Caching[foo.org.hibernate.cache.spi.UpdateTimestampsCache] : [CourseMeeting] -> [5579090882023424]
14:17:54,870 DEBUG SQL:104 - 
    delete 
    from
        CourseMeeting 
    where
        courseCode=? 
        and day=? 
        and period=? 
        and location=?
14:17:54,870 DEBUG BaseGeneralDataRegion:59 - Caching[foo.org.hibernate.cache.spi.UpdateTimestampsCache] : [CourseMeeting] -> [5579090882027520]
14:17:54,870 DEBUG SQL:104 - 
    delete 
    from
        Course 
    where
        courseCode=?
14:17:54,870 DEBUG BaseGeneralDataRegion:59 - Caching[foo.org.hibernate.cache.spi.UpdateTimestampsCache] : [Course] -> [5579090882027521]
14:17:54,870 DEBUG BaseGeneralDataRegion:59 - Caching[foo.org.hibernate.cache.spi.UpdateTimestampsCache] : [Student] -> [5579090636267522]
14:17:54,870 DEBUG BaseGeneralDataRegion:59 - Caching[foo.org.hibernate.cache.spi.UpdateTimestampsCache] : [Course] -> [5579090636267522]
14:17:54,870 DEBUG BaseGeneralDataRegion:59 - Caching[foo.org.hibernate.cache.spi.UpdateTimestampsCache] : [Enrolment] -> [5579090636267522]
14:17:54,871 DEBUG BaseGeneralDataRegion:59 - Caching[foo.org.hibernate.cache.spi.UpdateTimestampsCache] : [Student_secretCodes] -> [5579090636267522]
14:17:54,871 DEBUG BaseGeneralDataRegion:59 - Caching[foo.org.hibernate.cache.spi.UpdateTimestampsCache] : [Address] -> [5579090636267522]
14:17:54,871 DEBUG BaseGeneralDataRegion:59 - Caching[foo.org.hibernate.cache.spi.UpdateTimestampsCache] : [CourseMeeting] -> [5579090636267522]
14:17:54,871  INFO CustomRunner:139 - Test: testJoinWithFetchJoinWithAliasedJoinedAndOwnerProjectedListHql
14:17:54,873 DEBUG SQL:104 - 
    select
        coursemeet_.courseCode,
        coursemeet_.day,
        coursemeet_.period,
        coursemeet_.location 
    from
        CourseMeeting coursemeet_ 
    where
        coursemeet_.courseCode=? 
        and coursemeet_.day=? 
        and coursemeet_.period=? 
        and coursemeet_.location=?
14:17:54,874 DEBUG SQL:104 - 
    select
        coursemeet_.courseCode,
        coursemeet_.day,
        coursemeet_.period,
        coursemeet_.location 
    from
        CourseMeeting coursemeet_ 
    where
        coursemeet_.courseCode=? 
        and coursemeet_.day=? 
        and coursemeet_.period=? 
        and coursemeet_.location=?
14:17:54,895 DEBUG SQL:104 - 
    insert 
    into
        Course
        (description, courseCode) 
    values
        (?, ?)
14:17:54,895 DEBUG BaseGeneralDataRegion:59 - Caching[foo.org.hibernate.cache.spi.UpdateTimestampsCache] : [Course] -> [5579090882129920]
14:17:54,895 DEBUG SQL:104 - 
    insert 
    into
        CourseMeeting
        (courseCode, day, period, location) 
    values
        (?, ?, ?, ?)
14:17:54,896 DEBUG BaseGeneralDataRegion:59 - Caching[foo.org.hibernate.cache.spi.UpdateTimestampsCache] : [CourseMeeting] -> [5579090882134016]
14:17:54,896 DEBUG SQL:104 - 
    insert 
    into
        CourseMeeting
        (courseCode, day, period, location) 
    values
        (?, ?, ?, ?)
14:17:54,906 DEBUG BaseGeneralDataRegion:59 - Caching[foo.org.hibernate.cache.spi.UpdateTimestampsCache] : [CourseMeeting] -> [5579090882170880]
14:17:54,906 DEBUG SQL:104 - 
    insert 
    into
        Student
        (name_first, name_middle, name_last, preferredCourseCode, studentId) 
    values
        (?, ?, ?, ?, ?)
14:17:54,906 DEBUG BaseGeneralDataRegion:59 - Caching[foo.org.hibernate.cache.spi.UpdateTimestampsCache] : [Student] -> [5579090882174976]
14:17:54,906 DEBUG SQL:104 - 
    insert 
    into
        Address
        (addressType, street, city, stateProvince, postalCode, country, studentNumber, id) 
    values
        (?, ?, ?, ?, ?, ?, ?, ?)
14:17:54,906 DEBUG BaseGeneralDataRegion:59 - Caching[foo.org.hibernate.cache.spi.UpdateTimestampsCache] : [Address] -> [5579090882174977]
14:17:54,906 DEBUG SQL:104 - 
    insert 
    into
        Address
        (addressType, street, city, stateProvince, postalCode, country, studentNumber, id) 
    values
        (?, ?, ?, ?, ?, ?, ?, ?)
14:17:54,907 DEBUG BaseGeneralDataRegion:59 - Caching[foo.org.hibernate.cache.spi.UpdateTimestampsCache] : [Address] -> [5579090882179072]
14:17:54,907 DEBUG SQL:104 - 
    insert 
    into
        Student
        (name_first, name_middle, name_last, preferredCourseCode, studentId) 
    values
        (?, ?, ?, ?, ?)
14:17:54,916 DEBUG BaseGeneralDataRegion:59 - Caching[foo.org.hibernate.cache.spi.UpdateTimestampsCache] : [Student] -> [5579090882215936]
14:17:54,916 DEBUG SQL:104 - 
    insert 
    into
        Enrolment
        (semester, "year", studentId, courseCode) 
    values
        (?, ?, ?, ?)
14:17:54,916 DEBUG BaseGeneralDataRegion:59 - Caching[foo.org.hibernate.cache.spi.UpdateTimestampsCache] : [Enrolment] -> [5579090882215937]
14:17:54,917 DEBUG SQL:104 - 
    insert 
    into
        Enrolment
        (semester, "year", studentId, courseCode) 
    values
        (?, ?, ?, ?)
14:17:54,917 DEBUG BaseGeneralDataRegion:59 - Caching[foo.org.hibernate.cache.spi.UpdateTimestampsCache] : [Enrolment] -> [5579090882220032]
14:17:54,917 DEBUG BaseGeneralDataRegion:59 - Caching[foo.org.hibernate.cache.spi.UpdateTimestampsCache] : [CourseMeeting] -> [5579090882220033]
14:17:54,917 DEBUG BaseGeneralDataRegion:59 - Caching[foo.org.hibernate.cache.spi.UpdateTimestampsCache] : [Enrolment] -> [5579090882220034]
14:17:54,917 DEBUG SQL:104 - 
    update
        Address 
    set
        studentNumber=?,
        addressType=? 
    where
        id=?
14:17:54,926 DEBUG SQL:104 - 
    update
        Address 
    set
        studentNumber=?,
        addressType=? 
    where
        id=?
14:17:54,927 DEBUG BaseGeneralDataRegion:59 - Caching[foo.org.hibernate.cache.spi.UpdateTimestampsCache] : [Address] -> [5579090882260992]
14:17:54,927 DEBUG SQL:104 - 
    insert 
    into
        Student_secretCodes
        (studentNumber, i, secretCode) 
    values
        (?, ?, ?)
14:17:54,927 DEBUG BaseGeneralDataRegion:59 - Caching[foo.org.hibernate.cache.spi.UpdateTimestampsCache] : [Student_secretCodes] -> [5579090882260993]
14:17:54,927 DEBUG BaseGeneralDataRegion:59 - Caching[foo.org.hibernate.cache.spi.UpdateTimestampsCache] : [Enrolment] -> [5579090882260994]
14:17:54,927 DEBUG BaseGeneralDataRegion:59 - Caching[foo.org.hibernate.cache.spi.UpdateTimestampsCache] : [Address] -> [5579090882260995]
14:17:54,927 DEBUG SQL:104 - 
    insert 
    into
        Student_secretCodes
        (studentNumber, i, secretCode) 
    values
        (?, ?, ?)
14:17:54,928 DEBUG SQL:104 - 
    insert 
    into
        Student_secretCodes
        (studentNumber, i, secretCode) 
    values
        (?, ?, ?)
14:17:54,937 DEBUG BaseGeneralDataRegion:59 - Caching[foo.org.hibernate.cache.spi.UpdateTimestampsCache] : [Student_secretCodes] -> [5579090882301952]
14:17:54,937 DEBUG BaseGeneralDataRegion:59 - Caching[foo.org.hibernate.cache.spi.UpdateTimestampsCache] : [Student] -> [5579090636541953]
14:17:54,937 DEBUG BaseGeneralDataRegion:59 - Caching[foo.org.hibernate.cache.spi.UpdateTimestampsCache] : [Course] -> [5579090636541953]
14:17:54,937 DEBUG BaseGeneralDataRegion:59 - Caching[foo.org.hibernate.cache.spi.UpdateTimestampsCache] : [Enrolment] -> [5579090636541953]
14:17:54,937 DEBUG BaseGeneralDataRegion:59 - Caching[foo.org.hibernate.cache.spi.UpdateTimestampsCache] : [Student_secretCodes] -> [5579090636541953]
14:17:54,937 DEBUG BaseGeneralDataRegion:59 - Caching[foo.org.hibernate.cache.spi.UpdateTimestampsCache] : [Address] -> [5579090636541953]
14:17:54,937 DEBUG BaseGeneralDataRegion:59 - Caching[foo.org.hibernate.cache.spi.UpdateTimestampsCache] : [CourseMeeting] -> [5579090636541953]
14:17:54,938 DEBUG SQL:104 - 
    select
        student_.studentId,
        student_.name_first as name2_4_,
        student_.name_middle as name3_4_,
        student_.name_last as name4_4_,
        student_.preferredCourseCode as preferre5_4_ 
    from
        Student student_ 
    where
        student_.studentId=?
14:17:54,938 DEBUG SQL:104 - 
    select
        enrolment_.studentId,
        enrolment_.courseCode,
        enrolment_.semester as semester3_,
        enrolment_."year" as year4_3_ 
    from
        Enrolment enrolment_ 
    where
        enrolment_.studentId=? 
        and enrolment_.courseCode=?
14:17:54,948 DEBUG SQL:104 - 
    select
        course_.courseCode,
        course_.description as descript2_1_ 
    from
        Course course_ 
    where
        course_.courseCode=?
14:17:54,948 DEBUG SQL:104 - 
    select
        student_.studentId,
        student_.name_first as name2_4_,
        student_.name_middle as name3_4_,
        student_.name_last as name4_4_,
        student_.preferredCourseCode as preferre5_4_ 
    from
        Student student_ 
    where
        student_.studentId=?
14:17:54,948 DEBUG SQL:104 - 
    select
        enrolment_.studentId,
        enrolment_.courseCode,
        enrolment_.semester as semester3_,
        enrolment_."year" as year4_3_ 
    from
        Enrolment enrolment_ 
    where
        enrolment_.studentId=? 
        and enrolment_.courseCode=?
14:17:54,949 DEBUG SQL:104 - 
    select
        coursemeet_.courseCode,
        coursemeet_.day,
        coursemeet_.period,
        coursemeet_.location 
    from
        CourseMeeting coursemeet_ 
    where
        coursemeet_.courseCode=? 
        and coursemeet_.day=? 
        and coursemeet_.period=? 
        and coursemeet_.location=?
14:17:54,949 DEBUG SQL:104 - 
    select
        coursemeet_.courseCode,
        coursemeet_.day,
        coursemeet_.period,
        coursemeet_.location 
    from
        CourseMeeting coursemeet_ 
    where
        coursemeet_.courseCode=? 
        and coursemeet_.day=? 
        and coursemeet_.period=? 
        and coursemeet_.location=?
14:17:54,950 DEBUG BaseGeneralDataRegion:59 - Caching[foo.org.hibernate.cache.spi.UpdateTimestampsCache] : [Enrolment] -> [5579090882355200]
14:17:54,950 DEBUG SQL:104 - 
    update
        Address 
    set
        studentNumber=null,
        addressType=null 
    where
        studentNumber=?
14:17:54,950 DEBUG BaseGeneralDataRegion:59 - Caching[foo.org.hibernate.cache.spi.UpdateTimestampsCache] : [Address] -> [5579090882355201]
14:17:54,950 DEBUG SQL:104 - 
    delete 
    from
        Student_secretCodes 
    where
        studentNumber=?
14:17:54,971 DEBUG BaseGeneralDataRegion:59 - Caching[foo.org.hibernate.cache.spi.UpdateTimestampsCache] : [Student_secretCodes] -> [5579090882441216]
14:17:54,972 DEBUG BaseGeneralDataRegion:59 - Caching[foo.org.hibernate.cache.spi.UpdateTimestampsCache] : [Enrolment] -> [5579090882445312]
14:17:54,972 DEBUG BaseGeneralDataRegion:59 - Caching[foo.org.hibernate.cache.spi.UpdateTimestampsCache] : [Address] -> [5579090882445313]
14:17:54,973 DEBUG SQL:104 - 
    delete 
    from
        Student_secretCodes 
    where
        studentNumber=?
14:17:54,973 DEBUG BaseGeneralDataRegion:59 - Caching[foo.org.hibernate.cache.spi.UpdateTimestampsCache] : [Student_secretCodes] -> [5579090882449408]
14:17:54,973 DEBUG BaseGeneralDataRegion:59 - Caching[foo.org.hibernate.cache.spi.UpdateTimestampsCache] : [CourseMeeting] -> [5579090882449409]
14:17:54,973 DEBUG SQL:104 - 
    delete 
    from
        Enrolment 
    where
        studentId=? 
        and courseCode=?
14:17:54,973 DEBUG BaseGeneralDataRegion:59 - Caching[foo.org.hibernate.cache.spi.UpdateTimestampsCache] : [Enrolment] -> [5579090882449410]
14:17:54,973 DEBUG SQL:104 - 
    delete 
    from
        Address 
    where
        id=?
14:17:54,974 DEBUG BaseGeneralDataRegion:59 - Caching[foo.org.hibernate.cache.spi.UpdateTimestampsCache] : [Address] -> [5579090882449411]
14:17:54,974 DEBUG SQL:104 - 
    delete 
    from
        Address 
    where
        id=?
14:17:54,974 DEBUG BaseGeneralDataRegion:59 - Caching[foo.org.hibernate.cache.spi.UpdateTimestampsCache] : [Address] -> [5579090882453504]
14:17:54,974 DEBUG SQL:104 - 
    delete 
    from
        Student 
    where
        studentId=?
14:17:54,974 DEBUG BaseGeneralDataRegion:59 - Caching[foo.org.hibernate.cache.spi.UpdateTimestampsCache] : [Student] -> [5579090882453505]
14:17:54,974 DEBUG SQL:104 - 
    delete 
    from
        Enrolment 
    where
        studentId=? 
        and courseCode=?
14:17:54,974 DEBUG BaseGeneralDataRegion:59 - Caching[foo.org.hibernate.cache.spi.UpdateTimestampsCache] : [Enrolment] -> [5579090882453506]
14:17:54,974 DEBUG SQL:104 - 
    delete 
    from
        Student 
    where
        studentId=?
14:17:54,975 DEBUG BaseGeneralDataRegion:59 - Caching[foo.org.hibernate.cache.spi.UpdateTimestampsCache] : [Student] -> [5579090882457600]
14:17:54,975 DEBUG SQL:104 - 
    delete 
    from
        CourseMeeting 
    where
        courseCode=? 
        and day=? 
        and period=? 
        and location=?
14:17:54,985 DEBUG BaseGeneralDataRegion:59 - Caching[foo.org.hibernate.cache.spi.UpdateTimestampsCache] : [CourseMeeting] -> [5579090882498560]
14:17:54,985 DEBUG SQL:104 - 
    delete 
    from
        CourseMeeting 
    where
        courseCode=? 
        and day=? 
        and period=? 
        and location=?
14:17:54,985 DEBUG BaseGeneralDataRegion:59 - Caching[foo.org.hibernate.cache.spi.UpdateTimestampsCache] : [CourseMeeting] -> [5579090882498561]
14:17:54,985 DEBUG SQL:104 - 
    delete 
    from
        Course 
    where
        courseCode=?
14:17:54,986 DEBUG BaseGeneralDataRegion:59 - Caching[foo.org.hibernate.cache.spi.UpdateTimestampsCache] : [Course] -> [5579090882502656]
14:17:54,986 DEBUG BaseGeneralDataRegion:59 - Caching[foo.org.hibernate.cache.spi.UpdateTimestampsCache] : [Student] -> [5579090636742657]
14:17:54,986 DEBUG BaseGeneralDataRegion:59 - Caching[foo.org.hibernate.cache.spi.UpdateTimestampsCache] : [Course] -> [5579090636742657]
14:17:54,986 DEBUG BaseGeneralDataRegion:59 - Caching[foo.org.hibernate.cache.spi.UpdateTimestampsCache] : [Enrolment] -> [5579090636742657]
14:17:54,986 DEBUG BaseGeneralDataRegion:59 - Caching[foo.org.hibernate.cache.spi.UpdateTimestampsCache] : [Student_secretCodes] -> [5579090636742657]
14:17:54,986 DEBUG BaseGeneralDataRegion:59 - Caching[foo.org.hibernate.cache.spi.UpdateTimestampsCache] : [Address] -> [5579090636742657]
14:17:55,021 DEBUG BaseGeneralDataRegion:59 - Caching[foo.org.hibernate.cache.spi.UpdateTimestampsCache] : [CourseMeeting] -> [5579090636742657]
14:17:55,022  INFO CustomRunner:139 - Test: testJoinWithFetchJoinWithOwnerAndAliasedJoinedProjectedListHql
14:17:55,024 DEBUG SQL:104 - 
    select
        coursemeet_.courseCode,
        coursemeet_.day,
        coursemeet_.period,
        coursemeet_.location 
    from
        CourseMeeting coursemeet_ 
    where
        coursemeet_.courseCode=? 
        and coursemeet_.day=? 
        and coursemeet_.period=? 
        and coursemeet_.location=?
14:17:55,025 DEBUG SQL:104 - 
    select
        coursemeet_.courseCode,
        coursemeet_.day,
        coursemeet_.period,
        coursemeet_.location 
    from
        CourseMeeting coursemeet_ 
    where
        coursemeet_.courseCode=? 
        and coursemeet_.day=? 
        and coursemeet_.period=? 
        and coursemeet_.location=?
14:17:55,026 DEBUG SQL:104 - 
    insert 
    into
        Course
        (description, courseCode) 
    values
        (?, ?)
14:17:55,026 DEBUG BaseGeneralDataRegion:59 - Caching[foo.org.hibernate.cache.spi.UpdateTimestampsCache] : [Course] -> [5579090882666496]
14:17:55,026 DEBUG SQL:104 - 
    insert 
    into
        CourseMeeting
        (courseCode, day, period, location) 
    values
        (?, ?, ?, ?)
14:17:55,026 DEBUG BaseGeneralDataRegion:59 - Caching[foo.org.hibernate.cache.spi.UpdateTimestampsCache] : [CourseMeeting] -> [5579090882666497]
14:17:55,027 DEBUG SQL:104 - 
    insert 
    into
        CourseMeeting
        (courseCode, day, period, location) 
    values
        (?, ?, ?, ?)
14:17:55,027 DEBUG BaseGeneralDataRegion:59 - Caching[foo.org.hibernate.cache.spi.UpdateTimestampsCache] : [CourseMeeting] -> [5579090882670592]
14:17:55,027 DEBUG SQL:104 - 
    insert 
    into
        Student
        (name_first, name_middle, name_last, preferredCourseCode, studentId) 
    values
        (?, ?, ?, ?, ?)
14:17:55,027 DEBUG BaseGeneralDataRegion:59 - Caching[foo.org.hibernate.cache.spi.UpdateTimestampsCache] : [Student] -> [5579090882670593]
14:17:55,027 DEBUG SQL:104 - 
    insert 
    into
        Address
        (addressType, street, city, stateProvince, postalCode, country, studentNumber, id) 
    values
        (?, ?, ?, ?, ?, ?, ?, ?)
14:17:55,027 DEBUG BaseGeneralDataRegion:59 - Caching[foo.org.hibernate.cache.spi.UpdateTimestampsCache] : [Address] -> [5579090882670594]
14:17:55,027 DEBUG SQL:104 - 
    insert 
    into
        Address
        (addressType, street, city, stateProvince, postalCode, country, studentNumber, id) 
    values
        (?, ?, ?, ?, ?, ?, ?, ?)
14:17:55,033 DEBUG BaseGeneralDataRegion:59 - Caching[foo.org.hibernate.cache.spi.UpdateTimestampsCache] : [Address] -> [5579090882695168]
14:17:55,034 DEBUG SQL:104 - 
    insert 
    into
        Student
        (name_first, name_middle, name_last, preferredCourseCode, studentId) 
    values
        (?, ?, ?, ?, ?)
14:17:55,034 DEBUG BaseGeneralDataRegion:59 - Caching[foo.org.hibernate.cache.spi.UpdateTimestampsCache] : [Student] -> [5579090882699264]
14:17:55,034 DEBUG SQL:104 - 
    insert 
    into
        Enrolment
        (semester, "year", studentId, courseCode) 
    values
        (?, ?, ?, ?)
14:17:55,035 DEBUG BaseGeneralDataRegion:59 - Caching[foo.org.hibernate.cache.spi.UpdateTimestampsCache] : [Enrolment] -> [5579090882703360]
14:17:55,035 DEBUG SQL:104 - 
    insert 
    into
        Enrolment
        (semester, "year", studentId, courseCode) 
    values
        (?, ?, ?, ?)
14:17:55,035 DEBUG BaseGeneralDataRegion:59 - Caching[foo.org.hibernate.cache.spi.UpdateTimestampsCache] : [Enrolment] -> [5579090882703361]
14:17:55,036 DEBUG BaseGeneralDataRegion:59 - Caching[foo.org.hibernate.cache.spi.UpdateTimestampsCache] : [CourseMeeting] -> [5579090882707456]
14:17:55,036 DEBUG BaseGeneralDataRegion:59 - Caching[foo.org.hibernate.cache.spi.UpdateTimestampsCache] : [Enrolment] -> [5579090882707457]
14:17:55,036 DEBUG SQL:104 - 
    update
        Address 
    set
        studentNumber=?,
        addressType=? 
    where
        id=?
14:17:55,044 DEBUG SQL:104 - 
    update
        Address 
    set
        studentNumber=?,
        addressType=? 
    where
        id=?
14:17:55,044 DEBUG BaseGeneralDataRegion:59 - Caching[foo.org.hibernate.cache.spi.UpdateTimestampsCache] : [Address] -> [5579090882740224]
14:17:55,045 DEBUG SQL:104 - 
    insert 
    into
        Student_secretCodes
        (studentNumber, i, secretCode) 
    values
        (?, ?, ?)
14:17:55,045 DEBUG BaseGeneralDataRegion:59 - Caching[foo.org.hibernate.cache.spi.UpdateTimestampsCache] : [Student_secretCodes] -> [5579090882744320]
14:17:55,045 DEBUG BaseGeneralDataRegion:59 - Caching[foo.org.hibernate.cache.spi.UpdateTimestampsCache] : [Enrolment] -> [5579090882744321]
14:17:55,045 DEBUG BaseGeneralDataRegion:59 - Caching[foo.org.hibernate.cache.spi.UpdateTimestampsCache] : [Address] -> [5579090882744322]
14:17:55,045 DEBUG SQL:104 - 
    insert 
    into
        Student_secretCodes
        (studentNumber, i, secretCode) 
    values
        (?, ?, ?)
14:17:55,054 DEBUG SQL:104 - 
    insert 
    into
        Student_secretCodes
        (studentNumber, i, secretCode) 
    values
        (?, ?, ?)
14:17:55,055 DEBUG BaseGeneralDataRegion:59 - Caching[foo.org.hibernate.cache.spi.UpdateTimestampsCache] : [Student_secretCodes] -> [5579090882785280]
14:17:55,055 DEBUG BaseGeneralDataRegion:59 - Caching[foo.org.hibernate.cache.spi.UpdateTimestampsCache] : [Student] -> [5579090637025281]
14:17:55,055 DEBUG BaseGeneralDataRegion:59 - Caching[foo.org.hibernate.cache.spi.UpdateTimestampsCache] : [Course] -> [5579090637025281]
14:17:55,056 DEBUG BaseGeneralDataRegion:59 - Caching[foo.org.hibernate.cache.spi.UpdateTimestampsCache] : [Enrolment] -> [5579090637025281]
14:17:55,056 DEBUG BaseGeneralDataRegion:59 - Caching[foo.org.hibernate.cache.spi.UpdateTimestampsCache] : [Student_secretCodes] -> [5579090637025281]
14:17:55,056 DEBUG BaseGeneralDataRegion:59 - Caching[foo.org.hibernate.cache.spi.UpdateTimestampsCache] : [Address] -> [5579090637025281]
14:17:55,056 DEBUG BaseGeneralDataRegion:59 - Caching[foo.org.hibernate.cache.spi.UpdateTimestampsCache] : [CourseMeeting] -> [5579090637025281]
14:17:55,056 DEBUG SQL:104 - 
    select
        student_.studentId,
        student_.name_first as name2_4_,
        student_.name_middle as name3_4_,
        student_.name_last as name4_4_,
        student_.preferredCourseCode as preferre5_4_ 
    from
        Student student_ 
    where
        student_.studentId=?
14:17:55,057 DEBUG SQL:104 - 
    select
        enrolment_.studentId,
        enrolment_.courseCode,
        enrolment_.semester as semester3_,
        enrolment_."year" as year4_3_ 
    from
        Enrolment enrolment_ 
    where
        enrolment_.studentId=? 
        and enrolment_.courseCode=?
14:17:55,065 DEBUG SQL:104 - 
    select
        course_.courseCode,
        course_.description as descript2_1_ 
    from
        Course course_ 
    where
        course_.courseCode=?
14:17:55,066 DEBUG SQL:104 - 
    select
        student_.studentId,
        student_.name_first as name2_4_,
        student_.name_middle as name3_4_,
        student_.name_last as name4_4_,
        student_.preferredCourseCode as preferre5_4_ 
    from
        Student student_ 
    where
        student_.studentId=?
14:17:55,066 DEBUG SQL:104 - 
    select
        enrolment_.studentId,
        enrolment_.courseCode,
        enrolment_.semester as semester3_,
        enrolment_."year" as year4_3_ 
    from
        Enrolment enrolment_ 
    where
        enrolment_.studentId=? 
        and enrolment_.courseCode=?
14:17:55,076 DEBUG SQL:104 - 
    select
        coursemeet_.courseCode,
        coursemeet_.day,
        coursemeet_.period,
        coursemeet_.location 
    from
        CourseMeeting coursemeet_ 
    where
        coursemeet_.courseCode=? 
        and coursemeet_.day=? 
        and coursemeet_.period=? 
        and coursemeet_.location=?
14:17:55,077 DEBUG SQL:104 - 
    select
        coursemeet_.courseCode,
        coursemeet_.day,
        coursemeet_.period,
        coursemeet_.location 
    from
        CourseMeeting coursemeet_ 
    where
        coursemeet_.courseCode=? 
        and coursemeet_.day=? 
        and coursemeet_.period=? 
        and coursemeet_.location=?
14:17:55,087 DEBUG BaseGeneralDataRegion:59 - Caching[foo.org.hibernate.cache.spi.UpdateTimestampsCache] : [Enrolment] -> [5579090882916352]
14:17:55,087 DEBUG SQL:104 - 
    update
        Address 
    set
        studentNumber=null,
        addressType=null 
    where
        studentNumber=?
14:17:55,088 DEBUG BaseGeneralDataRegion:59 - Caching[foo.org.hibernate.cache.spi.UpdateTimestampsCache] : [Address] -> [5579090882920448]
14:17:55,088 DEBUG SQL:104 - 
    delete 
    from
        Student_secretCodes 
    where
        studentNumber=?
14:17:55,088 DEBUG BaseGeneralDataRegion:59 - Caching[foo.org.hibernate.cache.spi.UpdateTimestampsCache] : [Student_secretCodes] -> [5579090882920449]
14:17:55,088 DEBUG BaseGeneralDataRegion:59 - Caching[foo.org.hibernate.cache.spi.UpdateTimestampsCache] : [Enrolment] -> [5579090882920450]
14:17:55,088 DEBUG BaseGeneralDataRegion:59 - Caching[foo.org.hibernate.cache.spi.UpdateTimestampsCache] : [Address] -> [5579090882920451]
14:17:55,088 DEBUG SQL:104 - 
    delete 
    from
        Student_secretCodes 
    where
        studentNumber=?
14:17:55,097 DEBUG BaseGeneralDataRegion:59 - Caching[foo.org.hibernate.cache.spi.UpdateTimestampsCache] : [Student_secretCodes] -> [5579090882957312]
14:17:55,098 DEBUG BaseGeneralDataRegion:59 - Caching[foo.org.hibernate.cache.spi.UpdateTimestampsCache] : [CourseMeeting] -> [5579090882961408]
14:17:55,098 DEBUG SQL:104 - 
    delete 
    from
        Enrolment 
    where
        studentId=? 
        and courseCode=?
14:17:55,098 DEBUG BaseGeneralDataRegion:59 - Caching[foo.org.hibernate.cache.spi.UpdateTimestampsCache] : [Enrolment] -> [5579090882961409]
14:17:55,098 DEBUG SQL:104 - 
    delete 
    from
        Address 
    where
        id=?
14:17:55,098 DEBUG BaseGeneralDataRegion:59 - Caching[foo.org.hibernate.cache.spi.UpdateTimestampsCache] : [Address] -> [5579090882961410]
14:17:55,098 DEBUG SQL:104 - 
    delete 
    from
        Address 
    where
        id=?
14:17:55,098 DEBUG BaseGeneralDataRegion:59 - Caching[foo.org.hibernate.cache.spi.UpdateTimestampsCache] : [Address] -> [5579090882961411]
14:17:55,099 DEBUG SQL:104 - 
    delete 
    from
        Student 
    where
        studentId=?
14:17:55,099 DEBUG BaseGeneralDataRegion:59 - Caching[foo.org.hibernate.cache.spi.UpdateTimestampsCache] : [Student] -> [5579090882965504]
14:17:55,099 DEBUG SQL:104 - 
    delete 
    from
        Enrolment 
    where
        studentId=? 
        and courseCode=?
14:17:55,099 DEBUG BaseGeneralDataRegion:59 - Caching[foo.org.hibernate.cache.spi.UpdateTimestampsCache] : [Enrolment] -> [5579090882965505]
14:17:55,099 DEBUG SQL:104 - 
    delete 
    from
        Student 
    where
        studentId=?
14:17:55,099 DEBUG BaseGeneralDataRegion:59 - Caching[foo.org.hibernate.cache.spi.UpdateTimestampsCache] : [Student] -> [5579090882965506]
14:17:55,099 DEBUG SQL:104 - 
    delete 
    from
        CourseMeeting 
    where
        courseCode=? 
        and day=? 
        and period=? 
        and location=?
14:17:55,100 DEBUG BaseGeneralDataRegion:59 - Caching[foo.org.hibernate.cache.spi.UpdateTimestampsCache] : [CourseMeeting] -> [5579090882969600]
14:17:55,100 DEBUG SQL:104 - 
    delete 
    from
        CourseMeeting 
    where
        courseCode=? 
        and day=? 
        and period=? 
        and location=?
14:17:55,112 DEBUG BaseGeneralDataRegion:59 - Caching[foo.org.hibernate.cache.spi.UpdateTimestampsCache] : [CourseMeeting] -> [5579090883018752]
14:17:55,112 DEBUG SQL:104 - 
    delete 
    from
        Course 
    where
        courseCode=?
14:17:55,112 DEBUG BaseGeneralDataRegion:59 - Caching[foo.org.hibernate.cache.spi.UpdateTimestampsCache] : [Course] -> [5579090883018753]
14:17:55,112 DEBUG BaseGeneralDataRegion:59 - Caching[foo.org.hibernate.cache.spi.UpdateTimestampsCache] : [Student] -> [5579090637258754]
14:17:55,112 DEBUG BaseGeneralDataRegion:59 - Caching[foo.org.hibernate.cache.spi.UpdateTimestampsCache] : [Course] -> [5579090637258754]
14:17:55,112 DEBUG BaseGeneralDataRegion:59 - Caching[foo.org.hibernate.cache.spi.UpdateTimestampsCache] : [Enrolment] -> [5579090637258754]
14:17:55,113 DEBUG BaseGeneralDataRegion:59 - Caching[foo.org.hibernate.cache.spi.UpdateTimestampsCache] : [Student_secretCodes] -> [5579090637258754]
14:17:55,113 DEBUG BaseGeneralDataRegion:59 - Caching[foo.org.hibernate.cache.spi.UpdateTimestampsCache] : [Address] -> [5579090637258754]
14:17:55,113 DEBUG BaseGeneralDataRegion:59 - Caching[foo.org.hibernate.cache.spi.UpdateTimestampsCache] : [CourseMeeting] -> [5579090637258754]
14:17:55,113  INFO CustomRunner:139 - Test: testJoinWithFetchJoinWithOwnerAndPropProjectedList
14:17:55,115 DEBUG SQL:104 - 
    select
        coursemeet_.courseCode,
        coursemeet_.day,
        coursemeet_.period,
        coursemeet_.location 
    from
        CourseMeeting coursemeet_ 
    where
        coursemeet_.courseCode=? 
        and coursemeet_.day=? 
        and coursemeet_.period=? 
        and coursemeet_.location=?
14:17:55,123 DEBUG SQL:104 - 
    select
        coursemeet_.courseCode,
        coursemeet_.day,
        coursemeet_.period,
        coursemeet_.location 
    from
        CourseMeeting coursemeet_ 
    where
        coursemeet_.courseCode=? 
        and coursemeet_.day=? 
        and coursemeet_.period=? 
        and coursemeet_.location=?
14:17:55,124 DEBUG SQL:104 - 
    insert 
    into
        Course
        (description, courseCode) 
    values
        (?, ?)
14:17:55,124 DEBUG BaseGeneralDataRegion:59 - Caching[foo.org.hibernate.cache.spi.UpdateTimestampsCache] : [Course] -> [5579090883067904]
14:17:55,125 DEBUG SQL:104 - 
    insert 
    into
        CourseMeeting
        (courseCode, day, period, location) 
    values
        (?, ?, ?, ?)
14:17:55,125 DEBUG BaseGeneralDataRegion:59 - Caching[foo.org.hibernate.cache.spi.UpdateTimestampsCache] : [CourseMeeting] -> [5579090883072000]
14:17:55,125 DEBUG SQL:104 - 
    insert 
    into
        CourseMeeting
        (courseCode, day, period, location) 
    values
        (?, ?, ?, ?)
14:17:55,125 DEBUG BaseGeneralDataRegion:59 - Caching[foo.org.hibernate.cache.spi.UpdateTimestampsCache] : [CourseMeeting] -> [5579090883072001]
14:17:55,125 DEBUG SQL:104 - 
    insert 
    into
        Student
        (name_first, name_middle, name_last, preferredCourseCode, studentId) 
    values
        (?, ?, ?, ?, ?)
14:17:55,145 DEBUG BaseGeneralDataRegion:59 - Caching[foo.org.hibernate.cache.spi.UpdateTimestampsCache] : [Student] -> [5579090883153920]
14:17:55,145 DEBUG SQL:104 - 
    insert 
    into
        Address
        (addressType, street, city, stateProvince, postalCode, country, studentNumber, id) 
    values
        (?, ?, ?, ?, ?, ?, ?, ?)
14:17:55,145 DEBUG BaseGeneralDataRegion:59 - Caching[foo.org.hibernate.cache.spi.UpdateTimestampsCache] : [Address] -> [5579090883153921]
14:17:55,146 DEBUG SQL:104 - 
    insert 
    into
        Address
        (addressType, street, city, stateProvince, postalCode, country, studentNumber, id) 
    values
        (?, ?, ?, ?, ?, ?, ?, ?)
14:17:55,146 DEBUG BaseGeneralDataRegion:59 - Caching[foo.org.hibernate.cache.spi.UpdateTimestampsCache] : [Address] -> [5579090883158016]
14:17:55,146 DEBUG SQL:104 - 
    insert 
    into
        Student
        (name_first, name_middle, name_last, preferredCourseCode, studentId) 
    values
        (?, ?, ?, ?, ?)
14:17:55,146 DEBUG BaseGeneralDataRegion:59 - Caching[foo.org.hibernate.cache.spi.UpdateTimestampsCache] : [Student] -> [5579090883158017]
14:17:55,146 DEBUG SQL:104 - 
    insert 
    into
        Enrolment
        (semester, "year", studentId, courseCode) 
    values
        (?, ?, ?, ?)
14:17:55,156 DEBUG BaseGeneralDataRegion:59 - Caching[foo.org.hibernate.cache.spi.UpdateTimestampsCache] : [Enrolment] -> [5579090883198976]
14:17:55,156 DEBUG SQL:104 - 
    insert 
    into
        Enrolment
        (semester, "year", studentId, courseCode) 
    values
        (?, ?, ?, ?)
14:17:55,157 DEBUG BaseGeneralDataRegion:59 - Caching[foo.org.hibernate.cache.spi.UpdateTimestampsCache] : [Enrolment] -> [5579090883203072]
14:17:55,157 DEBUG BaseGeneralDataRegion:59 - Caching[foo.org.hibernate.cache.spi.UpdateTimestampsCache] : [CourseMeeting] -> [5579090883203073]
14:17:55,157 DEBUG BaseGeneralDataRegion:59 - Caching[foo.org.hibernate.cache.spi.UpdateTimestampsCache] : [Enrolment] -> [5579090883203074]
14:17:55,157 DEBUG SQL:104 - 
    update
        Address 
    set
        studentNumber=?,
        addressType=? 
    where
        id=?
14:17:55,157 DEBUG SQL:104 - 
    update
        Address 
    set
        studentNumber=?,
        addressType=? 
    where
        id=?
14:17:55,168 DEBUG BaseGeneralDataRegion:59 - Caching[foo.org.hibernate.cache.spi.UpdateTimestampsCache] : [Address] -> [5579090883248128]
14:17:55,168 DEBUG SQL:104 - 
    insert 
    into
        Student_secretCodes
        (studentNumber, i, secretCode) 
    values
        (?, ?, ?)
14:17:55,168 DEBUG BaseGeneralDataRegion:59 - Caching[foo.org.hibernate.cache.spi.UpdateTimestampsCache] : [Student_secretCodes] -> [5579090883248129]
14:17:55,168 DEBUG BaseGeneralDataRegion:59 - Caching[foo.org.hibernate.cache.spi.UpdateTimestampsCache] : [Enrolment] -> [5579090883248130]
14:17:55,169 DEBUG BaseGeneralDataRegion:59 - Caching[foo.org.hibernate.cache.spi.UpdateTimestampsCache] : [Address] -> [5579090883252224]
14:17:55,169 DEBUG SQL:104 - 
    insert 
    into
        Student_secretCodes
        (studentNumber, i, secretCode) 
    values
        (?, ?, ?)
14:17:55,169 DEBUG SQL:104 - 
    insert 
    into
        Student_secretCodes
        (studentNumber, i, secretCode) 
    values
        (?, ?, ?)
14:17:55,169 DEBUG BaseGeneralDataRegion:59 - Caching[foo.org.hibernate.cache.spi.UpdateTimestampsCache] : [Student_secretCodes] -> [5579090883252225]
14:17:55,169 DEBUG BaseGeneralDataRegion:59 - Caching[foo.org.hibernate.cache.spi.UpdateTimestampsCache] : [Student] -> [5579090637492226]
14:17:55,183 DEBUG BaseGeneralDataRegion:59 - Caching[foo.org.hibernate.cache.spi.UpdateTimestampsCache] : [Course] -> [5579090637492226]
14:17:55,183 DEBUG BaseGeneralDataRegion:59 - Caching[foo.org.hibernate.cache.spi.UpdateTimestampsCache] : [Enrolment] -> [5579090637492226]
14:17:55,183 DEBUG BaseGeneralDataRegion:59 - Caching[foo.org.hibernate.cache.spi.UpdateTimestampsCache] : [Student_secretCodes] -> [5579090637492226]
14:17:55,184 DEBUG BaseGeneralDataRegion:59 - Caching[foo.org.hibernate.cache.spi.UpdateTimestampsCache] : [Address] -> [5579090637492226]
14:17:55,184 DEBUG BaseGeneralDataRegion:59 - Caching[foo.org.hibernate.cache.spi.UpdateTimestampsCache] : [CourseMeeting] -> [5579090637492226]
14:17:55,184 DEBUG SQL:104 - 
    select
        student_.studentId,
        student_.name_first as name2_4_,
        student_.name_middle as name3_4_,
        student_.name_last as name4_4_,
        student_.preferredCourseCode as preferre5_4_ 
    from
        Student student_ 
    where
        student_.studentId=?
14:17:55,184 DEBUG SQL:104 - 
    select
        enrolment_.studentId,
        enrolment_.courseCode,
        enrolment_.semester as semester3_,
        enrolment_."year" as year4_3_ 
    from
        Enrolment enrolment_ 
    where
        enrolment_.studentId=? 
        and enrolment_.courseCode=?
14:17:55,185 DEBUG SQL:104 - 
    select
        course_.courseCode,
        course_.description as descript2_1_ 
    from
        Course course_ 
    where
        course_.courseCode=?
14:17:55,187 DEBUG SQL:104 - 
    select
        student_.studentId,
        student_.name_first as name2_4_,
        student_.name_middle as name3_4_,
        student_.name_last as name4_4_,
        student_.preferredCourseCode as preferre5_4_ 
    from
        Student student_ 
    where
        student_.studentId=?
14:17:55,188 DEBUG SQL:104 - 
    select
        enrolment_.studentId,
        enrolment_.courseCode,
        enrolment_.semester as semester3_,
        enrolment_."year" as year4_3_ 
    from
        Enrolment enrolment_ 
    where
        enrolment_.studentId=? 
        and enrolment_.courseCode=?
14:17:55,189 DEBUG SQL:104 - 
    select
        coursemeet_.courseCode,
        coursemeet_.day,
        coursemeet_.period,
        coursemeet_.location 
    from
        CourseMeeting coursemeet_ 
    where
        coursemeet_.courseCode=? 
        and coursemeet_.day=? 
        and coursemeet_.period=? 
        and coursemeet_.location=?
14:17:55,199 DEBUG SQL:104 - 
    select
        coursemeet_.courseCode,
        coursemeet_.day,
        coursemeet_.period,
        coursemeet_.location 
    from
        CourseMeeting coursemeet_ 
    where
        coursemeet_.courseCode=? 
        and coursemeet_.day=? 
        and coursemeet_.period=? 
        and coursemeet_.location=?
14:17:55,200 DEBUG BaseGeneralDataRegion:59 - Caching[foo.org.hibernate.cache.spi.UpdateTimestampsCache] : [Enrolment] -> [5579090883379200]
14:17:55,200 DEBUG SQL:104 - 
    update
        Address 
    set
        studentNumber=null,
        addressType=null 
    where
        studentNumber=?
14:17:55,209 DEBUG BaseGeneralDataRegion:59 - Caching[foo.org.hibernate.cache.spi.UpdateTimestampsCache] : [Address] -> [5579090883416064]
14:17:55,209 DEBUG SQL:104 - 
    delete 
    from
        Student_secretCodes 
    where
        studentNumber=?
14:17:55,210 DEBUG BaseGeneralDataRegion:59 - Caching[foo.org.hibernate.cache.spi.UpdateTimestampsCache] : [Student_secretCodes] -> [5579090883420160]
14:17:55,210 DEBUG BaseGeneralDataRegion:59 - Caching[foo.org.hibernate.cache.spi.UpdateTimestampsCache] : [Enrolment] -> [5579090883420161]
14:17:55,210 DEBUG BaseGeneralDataRegion:59 - Caching[foo.org.hibernate.cache.spi.UpdateTimestampsCache] : [Address] -> [5579090883420162]
14:17:55,210 DEBUG SQL:104 - 
    delete 
    from
        Student_secretCodes 
    where
        studentNumber=?
14:17:55,210 DEBUG BaseGeneralDataRegion:59 - Caching[foo.org.hibernate.cache.spi.UpdateTimestampsCache] : [Student_secretCodes] -> [5579090883420163]
14:17:55,210 DEBUG BaseGeneralDataRegion:59 - Caching[foo.org.hibernate.cache.spi.UpdateTimestampsCache] : [CourseMeeting] -> [5579090883420164]
14:17:55,210 DEBUG SQL:104 - 
    delete 
    from
        Enrolment 
    where
        studentId=? 
        and courseCode=?
14:17:55,211 DEBUG BaseGeneralDataRegion:59 - Caching[foo.org.hibernate.cache.spi.UpdateTimestampsCache] : [Enrolment] -> [5579090883424256]
14:17:55,211 DEBUG SQL:104 - 
    delete 
    from
        Address 
    where
        id=?
14:17:55,220 DEBUG BaseGeneralDataRegion:59 - Caching[foo.org.hibernate.cache.spi.UpdateTimestampsCache] : [Address] -> [5579090883461120]
14:17:55,220 DEBUG SQL:104 - 
    delete 
    from
        Address 
    where
        id=?
14:17:55,220 DEBUG BaseGeneralDataRegion:59 - Caching[foo.org.hibernate.cache.spi.UpdateTimestampsCache] : [Address] -> [5579090883461121]
14:17:55,220 DEBUG SQL:104 - 
    delete 
    from
        Student 
    where
        studentId=?
14:17:55,220 DEBUG BaseGeneralDataRegion:59 - Caching[foo.org.hibernate.cache.spi.UpdateTimestampsCache] : [Student] -> [5579090883461122]
14:17:55,220 DEBUG SQL:104 - 
    delete 
    from
        Enrolment 
    where
        studentId=? 
        and courseCode=?
14:17:55,221 DEBUG BaseGeneralDataRegion:59 - Caching[foo.org.hibernate.cache.spi.UpdateTimestampsCache] : [Enrolment] -> [5579090883461123]
14:17:55,221 DEBUG SQL:104 - 
    delete 
    from
        Student 
    where
        studentId=?
14:17:55,229 DEBUG BaseGeneralDataRegion:59 - Caching[foo.org.hibernate.cache.spi.UpdateTimestampsCache] : [Student] -> [5579090883497984]
14:17:55,230 DEBUG SQL:104 - 
    delete 
    from
        CourseMeeting 
    where
        courseCode=? 
        and day=? 
        and period=? 
        and location=?
14:17:55,230 DEBUG BaseGeneralDataRegion:59 - Caching[foo.org.hibernate.cache.spi.UpdateTimestampsCache] : [CourseMeeting] -> [5579090883502080]
14:17:55,230 DEBUG SQL:104 - 
    delete 
    from
        CourseMeeting 
    where
        courseCode=? 
        and day=? 
        and period=? 
        and location=?
14:17:55,230 DEBUG BaseGeneralDataRegion:59 - Caching[foo.org.hibernate.cache.spi.UpdateTimestampsCache] : [CourseMeeting] -> [5579090883502081]
14:17:55,230 DEBUG SQL:104 - 
    delete 
    from
        Course 
    where
        courseCode=?
14:17:55,230 DEBUG BaseGeneralDataRegion:59 - Caching[foo.org.hibernate.cache.spi.UpdateTimestampsCache] : [Course] -> [5579090883502082]
14:17:55,231 DEBUG BaseGeneralDataRegion:59 - Caching[foo.org.hibernate.cache.spi.UpdateTimestampsCache] : [Student] -> [5579090637746176]
14:17:55,231 DEBUG BaseGeneralDataRegion:59 - Caching[foo.org.hibernate.cache.spi.UpdateTimestampsCache] : [Course] -> [5579090637746176]
14:17:55,231 DEBUG BaseGeneralDataRegion:59 - Caching[foo.org.hibernate.cache.spi.UpdateTimestampsCache] : [Enrolment] -> [5579090637746176]
14:17:55,231 DEBUG BaseGeneralDataRegion:59 - Caching[foo.org.hibernate.cache.spi.UpdateTimestampsCache] : [Student_secretCodes] -> [5579090637746176]
14:17:55,231 DEBUG BaseGeneralDataRegion:59 - Caching[foo.org.hibernate.cache.spi.UpdateTimestampsCache] : [Address] -> [5579090637746176]
14:17:55,231 DEBUG BaseGeneralDataRegion:59 - Caching[foo.org.hibernate.cache.spi.UpdateTimestampsCache] : [CourseMeeting] -> [5579090637746176]
14:17:55,232  INFO CustomRunner:139 - Test: testJoinWithFetchJoinWithPropAndOwnerProjectedList
14:17:55,233 DEBUG SQL:104 - 
    select
        coursemeet_.courseCode,
        coursemeet_.day,
        coursemeet_.period,
        coursemeet_.location 
    from
        CourseMeeting coursemeet_ 
    where
        coursemeet_.courseCode=? 
        and coursemeet_.day=? 
        and coursemeet_.period=? 
        and coursemeet_.location=?
14:17:55,234 DEBUG SQL:104 - 
    select
        coursemeet_.courseCode,
        coursemeet_.day,
        coursemeet_.period,
        coursemeet_.location 
    from
        CourseMeeting coursemeet_ 
    where
        coursemeet_.courseCode=? 
        and coursemeet_.day=? 
        and coursemeet_.period=? 
        and coursemeet_.location=?
14:17:55,245 DEBUG SQL:104 - 
    insert 
    into
        Course
        (description, courseCode) 
    values
        (?, ?)
14:17:55,245 DEBUG BaseGeneralDataRegion:59 - Caching[foo.org.hibernate.cache.spi.UpdateTimestampsCache] : [Course] -> [5579090883563520]
14:17:55,245 DEBUG SQL:104 - 
    insert 
    into
        CourseMeeting
        (courseCode, day, period, location) 
    values
        (?, ?, ?, ?)
14:17:55,246 DEBUG BaseGeneralDataRegion:59 - Caching[foo.org.hibernate.cache.spi.UpdateTimestampsCache] : [CourseMeeting] -> [5579090883567616]
14:17:55,246 DEBUG SQL:104 - 
    insert 
    into
        CourseMeeting
        (courseCode, day, period, location) 
    values
        (?, ?, ?, ?)
14:17:55,246 DEBUG BaseGeneralDataRegion:59 - Caching[foo.org.hibernate.cache.spi.UpdateTimestampsCache] : [CourseMeeting] -> [5579090883567617]
14:17:55,255 DEBUG SQL:104 - 
    insert 
    into
        Student
        (name_first, name_middle, name_last, preferredCourseCode, studentId) 
    values
        (?, ?, ?, ?, ?)
14:17:55,256 DEBUG BaseGeneralDataRegion:59 - Caching[foo.org.hibernate.cache.spi.UpdateTimestampsCache] : [Student] -> [5579090883608576]
14:17:55,256 DEBUG SQL:104 - 
    insert 
    into
        Address
        (addressType, street, city, stateProvince, postalCode, country, studentNumber, id) 
    values
        (?, ?, ?, ?, ?, ?, ?, ?)
14:17:55,256 DEBUG BaseGeneralDataRegion:59 - Caching[foo.org.hibernate.cache.spi.UpdateTimestampsCache] : [Address] -> [5579090883608577]
14:17:55,256 DEBUG SQL:104 - 
    insert 
    into
        Address
        (addressType, street, city, stateProvince, postalCode, country, studentNumber, id) 
    values
        (?, ?, ?, ?, ?, ?, ?, ?)
14:17:55,257 DEBUG BaseGeneralDataRegion:59 - Caching[foo.org.hibernate.cache.spi.UpdateTimestampsCache] : [Address] -> [5579090883612672]
14:17:55,257 DEBUG SQL:104 - 
    insert 
    into
        Student
        (name_first, name_middle, name_last, preferredCourseCode, studentId) 
    values
        (?, ?, ?, ?, ?)
14:17:55,257 DEBUG BaseGeneralDataRegion:59 - Caching[foo.org.hibernate.cache.spi.UpdateTimestampsCache] : [Student] -> [5579090883612673]
14:17:55,257 DEBUG SQL:104 - 
    insert 
    into
        Enrolment
        (semester, "year", studentId, courseCode) 
    values
        (?, ?, ?, ?)
14:17:55,257 DEBUG BaseGeneralDataRegion:59 - Caching[foo.org.hibernate.cache.spi.UpdateTimestampsCache] : [Enrolment] -> [5579090883612674]
14:17:55,257 DEBUG SQL:104 - 
    insert 
    into
        Enrolment
        (semester, "year", studentId, courseCode) 
    values
        (?, ?, ?, ?)
14:17:55,279 DEBUG BaseGeneralDataRegion:59 - Caching[foo.org.hibernate.cache.spi.UpdateTimestampsCache] : [Enrolment] -> [5579090883702784]
14:17:55,280 DEBUG BaseGeneralDataRegion:59 - Caching[foo.org.hibernate.cache.spi.UpdateTimestampsCache] : [CourseMeeting] -> [5579090883706880]
14:17:55,280 DEBUG BaseGeneralDataRegion:59 - Caching[foo.org.hibernate.cache.spi.UpdateTimestampsCache] : [Enrolment] -> [5579090883706881]
14:17:55,280 DEBUG SQL:104 - 
    update
        Address 
    set
        studentNumber=?,
        addressType=? 
    where
        id=?
14:17:55,280 DEBUG SQL:104 - 
    update
        Address 
    set
        studentNumber=?,
        addressType=? 
    where
        id=?
14:17:55,280 DEBUG BaseGeneralDataRegion:59 - Caching[foo.org.hibernate.cache.spi.UpdateTimestampsCache] : [Address] -> [5579090883706882]
14:17:55,280 DEBUG SQL:104 - 
    insert 
    into
        Student_secretCodes
        (studentNumber, i, secretCode) 
    values
        (?, ?, ?)
14:17:55,281 DEBUG BaseGeneralDataRegion:59 - Caching[foo.org.hibernate.cache.spi.UpdateTimestampsCache] : [Student_secretCodes] -> [5579090883710976]
14:17:55,290 DEBUG BaseGeneralDataRegion:59 - Caching[foo.org.hibernate.cache.spi.UpdateTimestampsCache] : [Enrolment] -> [5579090883747840]
14:17:55,290 DEBUG BaseGeneralDataRegion:59 - Caching[foo.org.hibernate.cache.spi.UpdateTimestampsCache] : [Address] -> [5579090883747841]
14:17:55,290 DEBUG SQL:104 - 
    insert 
    into
        Student_secretCodes
        (studentNumber, i, secretCode) 
    values
        (?, ?, ?)
14:17:55,291 DEBUG SQL:104 - 
    insert 
    into
        Student_secretCodes
        (studentNumber, i, secretCode) 
    values
        (?, ?, ?)
14:17:55,291 DEBUG BaseGeneralDataRegion:59 - Caching[foo.org.hibernate.cache.spi.UpdateTimestampsCache] : [Student_secretCodes] -> [5579090883751936]
14:17:55,291 DEBUG BaseGeneralDataRegion:59 - Caching[foo.org.hibernate.cache.spi.UpdateTimestampsCache] : [Student] -> [5579090637991937]
14:17:55,291 DEBUG BaseGeneralDataRegion:59 - Caching[foo.org.hibernate.cache.spi.UpdateTimestampsCache] : [Course] -> [5579090637991937]
14:17:55,291 DEBUG BaseGeneralDataRegion:59 - Caching[foo.org.hibernate.cache.spi.UpdateTimestampsCache] : [Enrolment] -> [5579090637991937]
14:17:55,291 DEBUG BaseGeneralDataRegion:59 - Caching[foo.org.hibernate.cache.spi.UpdateTimestampsCache] : [Student_secretCodes] -> [5579090637991937]
14:17:55,291 DEBUG BaseGeneralDataRegion:59 - Caching[foo.org.hibernate.cache.spi.UpdateTimestampsCache] : [Address] -> [5579090637991937]
14:17:55,292 DEBUG BaseGeneralDataRegion:59 - Caching[foo.org.hibernate.cache.spi.UpdateTimestampsCache] : [CourseMeeting] -> [5579090637991937]
14:17:55,292 DEBUG SQL:104 - 
    select
        student_.studentId,
        student_.name_first as name2_4_,
        student_.name_middle as name3_4_,
        student_.name_last as name4_4_,
        student_.preferredCourseCode as preferre5_4_ 
    from
        Student student_ 
    where
        student_.studentId=?
14:17:55,302 DEBUG SQL:104 - 
    select
        enrolment_.studentId,
        enrolment_.courseCode,
        enrolment_.semester as semester3_,
        enrolment_."year" as year4_3_ 
    from
        Enrolment enrolment_ 
    where
        enrolment_.studentId=? 
        and enrolment_.courseCode=?
14:17:55,302 DEBUG SQL:104 - 
    select
        course_.courseCode,
        course_.description as descript2_1_ 
    from
        Course course_ 
    where
        course_.courseCode=?
14:17:55,303 DEBUG SQL:104 - 
    select
        student_.studentId,
        student_.name_first as name2_4_,
        student_.name_middle as name3_4_,
        student_.name_last as name4_4_,
        student_.preferredCourseCode as preferre5_4_ 
    from
        Student student_ 
    where
        student_.studentId=?
14:17:55,313 DEBUG SQL:104 - 
    select
        enrolment_.studentId,
        enrolment_.courseCode,
        enrolment_.semester as semester3_,
        enrolment_."year" as year4_3_ 
    from
        Enrolment enrolment_ 
    where
        enrolment_.studentId=? 
        and enrolment_.courseCode=?
14:17:55,314 DEBUG SQL:104 - 
    select
        coursemeet_.courseCode,
        coursemeet_.day,
        coursemeet_.period,
        coursemeet_.location 
    from
        CourseMeeting coursemeet_ 
    where
        coursemeet_.courseCode=? 
        and coursemeet_.day=? 
        and coursemeet_.period=? 
        and coursemeet_.location=?
14:17:55,315 DEBUG SQL:104 - 
    select
        coursemeet_.courseCode,
        coursemeet_.day,
        coursemeet_.period,
        coursemeet_.location 
    from
        CourseMeeting coursemeet_ 
    where
        coursemeet_.courseCode=? 
        and coursemeet_.day=? 
        and coursemeet_.period=? 
        and coursemeet_.location=?
14:17:55,324 DEBUG BaseGeneralDataRegion:59 - Caching[foo.org.hibernate.cache.spi.UpdateTimestampsCache] : [Enrolment] -> [5579090883887104]
14:17:55,324 DEBUG SQL:104 - 
    update
        Address 
    set
        studentNumber=null,
        addressType=null 
    where
        studentNumber=?
14:17:55,324 DEBUG BaseGeneralDataRegion:59 - Caching[foo.org.hibernate.cache.spi.UpdateTimestampsCache] : [Address] -> [5579090883887105]
14:17:55,324 DEBUG SQL:104 - 
    delete 
    from
        Student_secretCodes 
    where
        studentNumber=?
14:17:55,324 DEBUG BaseGeneralDataRegion:59 - Caching[foo.org.hibernate.cache.spi.UpdateTimestampsCache] : [Student_secretCodes] -> [5579090883887106]
14:17:55,325 DEBUG BaseGeneralDataRegion:59 - Caching[foo.org.hibernate.cache.spi.UpdateTimestampsCache] : [Enrolment] -> [5579090883891200]
14:17:55,325 DEBUG BaseGeneralDataRegion:59 - Caching[foo.org.hibernate.cache.spi.UpdateTimestampsCache] : [Address] -> [5579090883891201]
14:17:55,334 DEBUG SQL:104 - 
    delete 
    from
        Student_secretCodes 
    where
        studentNumber=?
14:17:55,335 DEBUG BaseGeneralDataRegion:59 - Caching[foo.org.hibernate.cache.spi.UpdateTimestampsCache] : [Student_secretCodes] -> [5579090883932160]
14:17:55,335 DEBUG BaseGeneralDataRegion:59 - Caching[foo.org.hibernate.cache.spi.UpdateTimestampsCache] : [CourseMeeting] -> [5579090883932161]
14:17:55,335 DEBUG SQL:104 - 
    delete 
    from
        Enrolment 
    where
        studentId=? 
        and courseCode=?
14:17:55,336 DEBUG BaseGeneralDataRegion:59 - Caching[foo.org.hibernate.cache.spi.UpdateTimestampsCache] : [Enrolment] -> [5579090883936256]
14:17:55,336 DEBUG SQL:104 - 
    delete 
    from
        Address 
    where
        id=?
14:17:55,336 DEBUG BaseGeneralDataRegion:59 - Caching[foo.org.hibernate.cache.spi.UpdateTimestampsCache] : [Address] -> [5579090883936257]
14:17:55,336 DEBUG SQL:104 - 
    delete 
    from
        Address 
    where
        id=?
14:17:55,337 DEBUG BaseGeneralDataRegion:59 - Caching[foo.org.hibernate.cache.spi.UpdateTimestampsCache] : [Address] -> [5579090883940352]
14:17:55,345 DEBUG SQL:104 - 
    delete 
    from
        Student 
    where
        studentId=?
14:17:55,345 DEBUG BaseGeneralDataRegion:59 - Caching[foo.org.hibernate.cache.spi.UpdateTimestampsCache] : [Student] -> [5579090883973120]
14:17:55,345 DEBUG SQL:104 - 
    delete 
    from
        Enrolment 
    where
        studentId=? 
        and courseCode=?
14:17:55,346 DEBUG BaseGeneralDataRegion:59 - Caching[foo.org.hibernate.cache.spi.UpdateTimestampsCache] : [Enrolment] -> [5579090883977216]
14:17:55,346 DEBUG SQL:104 - 
    delete 
    from
        Student 
    where
        studentId=?
14:17:55,346 DEBUG BaseGeneralDataRegion:59 - Caching[foo.org.hibernate.cache.spi.UpdateTimestampsCache] : [Student] -> [5579090883977217]
14:17:55,346 DEBUG SQL:104 - 
    delete 
    from
        CourseMeeting 
    where
        courseCode=? 
        and day=? 
        and period=? 
        and location=?
14:17:55,356 DEBUG BaseGeneralDataRegion:59 - Caching[foo.org.hibernate.cache.spi.UpdateTimestampsCache] : [CourseMeeting] -> [5579090884018176]
14:17:55,356 DEBUG SQL:104 - 
    delete 
    from
        CourseMeeting 
    where
        courseCode=? 
        and day=? 
        and period=? 
        and location=?
14:17:55,358 DEBUG BaseGeneralDataRegion:59 - Caching[foo.org.hibernate.cache.spi.UpdateTimestampsCache] : [CourseMeeting] -> [5579090884026368]
14:17:55,358 DEBUG SQL:104 - 
    delete 
    from
        Course 
    where
        courseCode=?
14:17:55,358 DEBUG BaseGeneralDataRegion:59 - Caching[foo.org.hibernate.cache.spi.UpdateTimestampsCache] : [Course] -> [5579090884026369]
14:17:55,358 DEBUG BaseGeneralDataRegion:59 - Caching[foo.org.hibernate.cache.spi.UpdateTimestampsCache] : [Student] -> [5579090638266370]
14:17:55,358 DEBUG BaseGeneralDataRegion:59 - Caching[foo.org.hibernate.cache.spi.UpdateTimestampsCache] : [Course] -> [5579090638266370]
14:17:55,358 DEBUG BaseGeneralDataRegion:59 - Caching[foo.org.hibernate.cache.spi.UpdateTimestampsCache] : [Enrolment] -> [5579090638266370]
14:17:55,358 DEBUG BaseGeneralDataRegion:59 - Caching[foo.org.hibernate.cache.spi.UpdateTimestampsCache] : [Student_secretCodes] -> [5579090638266370]
14:17:55,358 DEBUG BaseGeneralDataRegion:59 - Caching[foo.org.hibernate.cache.spi.UpdateTimestampsCache] : [Address] -> [5579090638266370]
14:17:55,359 DEBUG BaseGeneralDataRegion:59 - Caching[foo.org.hibernate.cache.spi.UpdateTimestampsCache] : [CourseMeeting] -> [5579090638266370]
14:17:55,362  INFO CustomRunner:139 - Test: testListElementsProjectionList
14:17:55,364 DEBUG SQL:104 - 
    select
        coursemeet_.courseCode,
        coursemeet_.day,
        coursemeet_.period,
        coursemeet_.location 
    from
        CourseMeeting coursemeet_ 
    where
        coursemeet_.courseCode=? 
        and coursemeet_.day=? 
        and coursemeet_.period=? 
        and coursemeet_.location=?
14:17:55,365 DEBUG SQL:104 - 
    select
        coursemeet_.courseCode,
        coursemeet_.day,
        coursemeet_.period,
        coursemeet_.location 
    from
        CourseMeeting coursemeet_ 
    where
        coursemeet_.courseCode=? 
        and coursemeet_.day=? 
        and coursemeet_.period=? 
        and coursemeet_.location=?
14:17:55,365 DEBUG SQL:104 - 
    insert 
    into
        Course
        (description, courseCode) 
    values
        (?, ?)
14:17:55,371 DEBUG BaseGeneralDataRegion:59 - Caching[foo.org.hibernate.cache.spi.UpdateTimestampsCache] : [Course] -> [5579090884079616]
14:17:55,371 DEBUG SQL:104 - 
    insert 
    into
        CourseMeeting
        (courseCode, day, period, location) 
    values
        (?, ?, ?, ?)
14:17:55,371 DEBUG BaseGeneralDataRegion:59 - Caching[foo.org.hibernate.cache.spi.UpdateTimestampsCache] : [CourseMeeting] -> [5579090884079617]
14:17:55,372 DEBUG SQL:104 - 
    insert 
    into
        CourseMeeting
        (courseCode, day, period, location) 
    values
        (?, ?, ?, ?)
14:17:55,372 DEBUG BaseGeneralDataRegion:59 - Caching[foo.org.hibernate.cache.spi.UpdateTimestampsCache] : [CourseMeeting] -> [5579090884083712]
14:17:55,372 DEBUG SQL:104 - 
    insert 
    into
        Student
        (name_first, name_middle, name_last, preferredCourseCode, studentId) 
    values
        (?, ?, ?, ?, ?)
14:17:55,372 DEBUG BaseGeneralDataRegion:59 - Caching[foo.org.hibernate.cache.spi.UpdateTimestampsCache] : [Student] -> [5579090884083713]
14:17:55,372 DEBUG SQL:104 - 
    insert 
    into
        Address
        (addressType, street, city, stateProvince, postalCode, country, studentNumber, id) 
    values
        (?, ?, ?, ?, ?, ?, ?, ?)
14:17:55,381 DEBUG BaseGeneralDataRegion:59 - Caching[foo.org.hibernate.cache.spi.UpdateTimestampsCache] : [Address] -> [5579090884120576]
14:17:55,381 DEBUG SQL:104 - 
    insert 
    into
        Address
        (addressType, street, city, stateProvince, postalCode, country, studentNumber, id) 
    values
        (?, ?, ?, ?, ?, ?, ?, ?)
14:17:55,381 DEBUG BaseGeneralDataRegion:59 - Caching[foo.org.hibernate.cache.spi.UpdateTimestampsCache] : [Address] -> [5579090884120577]
14:17:55,381 DEBUG SQL:104 - 
    insert 
    into
        Student
        (name_first, name_middle, name_last, preferredCourseCode, studentId) 
    values
        (?, ?, ?, ?, ?)
14:17:55,382 DEBUG BaseGeneralDataRegion:59 - Caching[foo.org.hibernate.cache.spi.UpdateTimestampsCache] : [Student] -> [5579090884124672]
14:17:55,382 DEBUG SQL:104 - 
    insert 
    into
        Enrolment
        (semester, "year", studentId, courseCode) 
    values
        (?, ?, ?, ?)
14:17:55,382 DEBUG BaseGeneralDataRegion:59 - Caching[foo.org.hibernate.cache.spi.UpdateTimestampsCache] : [Enrolment] -> [5579090884124673]
14:17:55,382 DEBUG SQL:104 - 
    insert 
    into
        Enrolment
        (semester, "year", studentId, courseCode) 
    values
        (?, ?, ?, ?)
14:17:55,382 DEBUG BaseGeneralDataRegion:59 - Caching[foo.org.hibernate.cache.spi.UpdateTimestampsCache] : [Enrolment] -> [5579090884124674]
14:17:55,382 DEBUG BaseGeneralDataRegion:59 - Caching[foo.org.hibernate.cache.spi.UpdateTimestampsCache] : [CourseMeeting] -> [5579090884124675]
14:17:55,383 DEBUG BaseGeneralDataRegion:59 - Caching[foo.org.hibernate.cache.spi.UpdateTimestampsCache] : [Enrolment] -> [5579090884128768]
14:17:55,383 DEBUG SQL:104 - 
    update
        Address 
    set
        studentNumber=?,
        addressType=? 
    where
        id=?
14:17:55,405 DEBUG SQL:104 - 
    update
        Address 
    set
        studentNumber=?,
        addressType=? 
    where
        id=?
14:17:55,405 DEBUG BaseGeneralDataRegion:59 - Caching[foo.org.hibernate.cache.spi.UpdateTimestampsCache] : [Address] -> [5579090884218880]
14:17:55,405 DEBUG SQL:104 - 
    insert 
    into
        Student_secretCodes
        (studentNumber, i, secretCode) 
    values
        (?, ?, ?)
14:17:55,406 DEBUG BaseGeneralDataRegion:59 - Caching[foo.org.hibernate.cache.spi.UpdateTimestampsCache] : [Student_secretCodes] -> [5579090884222976]
14:17:55,406 DEBUG BaseGeneralDataRegion:59 - Caching[foo.org.hibernate.cache.spi.UpdateTimestampsCache] : [Enrolment] -> [5579090884222977]
14:17:55,406 DEBUG BaseGeneralDataRegion:59 - Caching[foo.org.hibernate.cache.spi.UpdateTimestampsCache] : [Address] -> [5579090884222978]
14:17:55,406 DEBUG SQL:104 - 
    insert 
    into
        Student_secretCodes
        (studentNumber, i, secretCode) 
    values
        (?, ?, ?)
14:17:55,406 DEBUG SQL:104 - 
    insert 
    into
        Student_secretCodes
        (studentNumber, i, secretCode) 
    values
        (?, ?, ?)
14:17:55,406 DEBUG BaseGeneralDataRegion:59 - Caching[foo.org.hibernate.cache.spi.UpdateTimestampsCache] : [Student_secretCodes] -> [5579090884222979]
14:17:55,406 DEBUG BaseGeneralDataRegion:59 - Caching[foo.org.hibernate.cache.spi.UpdateTimestampsCache] : [Student] -> [5579090638462980]
14:17:55,407 DEBUG BaseGeneralDataRegion:59 - Caching[foo.org.hibernate.cache.spi.UpdateTimestampsCache] : [Course] -> [5579090638462980]
14:17:55,407 DEBUG BaseGeneralDataRegion:59 - Caching[foo.org.hibernate.cache.spi.UpdateTimestampsCache] : [Enrolment] -> [5579090638462980]
14:17:55,407 DEBUG BaseGeneralDataRegion:59 - Caching[foo.org.hibernate.cache.spi.UpdateTimestampsCache] : [Student_secretCodes] -> [5579090638462980]
14:17:55,407 DEBUG BaseGeneralDataRegion:59 - Caching[foo.org.hibernate.cache.spi.UpdateTimestampsCache] : [Address] -> [5579090638462980]
14:17:55,407 DEBUG BaseGeneralDataRegion:59 - Caching[foo.org.hibernate.cache.spi.UpdateTimestampsCache] : [CourseMeeting] -> [5579090638462980]
14:17:55,407 DEBUG SQL:104 - 
    select
        student_.studentId,
        student_.name_first as name2_4_,
        student_.name_middle as name3_4_,
        student_.name_last as name4_4_,
        student_.preferredCourseCode as preferre5_4_ 
    from
        Student student_ 
    where
        student_.studentId=?
14:17:55,407 DEBUG SQL:104 - 
    select
        enrolment_.studentId,
        enrolment_.courseCode,
        enrolment_.semester as semester3_,
        enrolment_."year" as year4_3_ 
    from
        Enrolment enrolment_ 
    where
        enrolment_.studentId=? 
        and enrolment_.courseCode=?
14:17:55,408 DEBUG SQL:104 - 
    select
        course_.courseCode,
        course_.description as descript2_1_ 
    from
        Course course_ 
    where
        course_.courseCode=?
14:17:55,408 DEBUG SQL:104 - 
    select
        student_.studentId,
        student_.name_first as name2_4_,
        student_.name_middle as name3_4_,
        student_.name_last as name4_4_,
        student_.preferredCourseCode as preferre5_4_ 
    from
        Student student_ 
    where
        student_.studentId=?
14:17:55,430 DEBUG SQL:104 - 
    select
        enrolment_.studentId,
        enrolment_.courseCode,
        enrolment_.semester as semester3_,
        enrolment_."year" as year4_3_ 
    from
        Enrolment enrolment_ 
    where
        enrolment_.studentId=? 
        and enrolment_.courseCode=?
14:17:55,430 DEBUG SQL:104 - 
    select
        coursemeet_.courseCode,
        coursemeet_.day,
        coursemeet_.period,
        coursemeet_.location 
    from
        CourseMeeting coursemeet_ 
    where
        coursemeet_.courseCode=? 
        and coursemeet_.day=? 
        and coursemeet_.period=? 
        and coursemeet_.location=?
14:17:55,446 DEBUG SQL:104 - 
    select
        coursemeet_.courseCode,
        coursemeet_.day,
        coursemeet_.period,
        coursemeet_.location 
    from
        CourseMeeting coursemeet_ 
    where
        coursemeet_.courseCode=? 
        and coursemeet_.day=? 
        and coursemeet_.period=? 
        and coursemeet_.location=?
14:17:55,446 DEBUG BaseGeneralDataRegion:59 - Caching[foo.org.hibernate.cache.spi.UpdateTimestampsCache] : [Enrolment] -> [5579090884386816]
14:17:55,447 DEBUG SQL:104 - 
    update
        Address 
    set
        studentNumber=null,
        addressType=null 
    where
        studentNumber=?
14:17:55,447 DEBUG BaseGeneralDataRegion:59 - Caching[foo.org.hibernate.cache.spi.UpdateTimestampsCache] : [Address] -> [5579090884390912]
14:17:55,447 DEBUG SQL:104 - 
    delete 
    from
        Student_secretCodes 
    where
        studentNumber=?
14:17:55,457 DEBUG BaseGeneralDataRegion:59 - Caching[foo.org.hibernate.cache.spi.UpdateTimestampsCache] : [Student_secretCodes] -> [5579090884431872]
14:17:55,457 DEBUG BaseGeneralDataRegion:59 - Caching[foo.org.hibernate.cache.spi.UpdateTimestampsCache] : [Enrolment] -> [5579090884431873]
14:17:55,457 DEBUG BaseGeneralDataRegion:59 - Caching[foo.org.hibernate.cache.spi.UpdateTimestampsCache] : [Address] -> [5579090884431874]
14:17:55,457 DEBUG SQL:104 - 
    delete 
    from
        Student_secretCodes 
    where
        studentNumber=?
14:17:55,457 DEBUG BaseGeneralDataRegion:59 - Caching[foo.org.hibernate.cache.spi.UpdateTimestampsCache] : [Student_secretCodes] -> [5579090884431875]
14:17:55,457 DEBUG BaseGeneralDataRegion:59 - Caching[foo.org.hibernate.cache.spi.UpdateTimestampsCache] : [CourseMeeting] -> [5579090884431876]
14:17:55,458 DEBUG SQL:104 - 
    delete 
    from
        Enrolment 
    where
        studentId=? 
        and courseCode=?
14:17:55,458 DEBUG BaseGeneralDataRegion:59 - Caching[foo.org.hibernate.cache.spi.UpdateTimestampsCache] : [Enrolment] -> [5579090884435968]
14:17:55,458 DEBUG SQL:104 - 
    delete 
    from
        Address 
    where
        id=?
14:17:55,458 DEBUG BaseGeneralDataRegion:59 - Caching[foo.org.hibernate.cache.spi.UpdateTimestampsCache] : [Address] -> [5579090884435969]
14:17:55,458 DEBUG SQL:104 - 
    delete 
    from
        Address 
    where
        id=?
14:17:55,475 DEBUG BaseGeneralDataRegion:59 - Caching[foo.org.hibernate.cache.spi.UpdateTimestampsCache] : [Address] -> [5579090884505600]
14:17:55,476 DEBUG SQL:104 - 
    delete 
    from
        Student 
    where
        studentId=?
14:17:55,476 DEBUG BaseGeneralDataRegion:59 - Caching[foo.org.hibernate.cache.spi.UpdateTimestampsCache] : [Student] -> [5579090884509696]
14:17:55,476 DEBUG SQL:104 - 
    delete 
    from
        Enrolment 
    where
        studentId=? 
        and courseCode=?
14:17:55,476 DEBUG BaseGeneralDataRegion:59 - Caching[foo.org.hibernate.cache.spi.UpdateTimestampsCache] : [Enrolment] -> [5579090884509697]
14:17:55,477 DEBUG SQL:104 - 
    delete 
    from
        Student 
    where
        studentId=?
14:17:55,477 DEBUG BaseGeneralDataRegion:59 - Caching[foo.org.hibernate.cache.spi.UpdateTimestampsCache] : [Student] -> [5579090884513792]
14:17:55,477 DEBUG SQL:104 - 
    delete 
    from
        CourseMeeting 
    where
        courseCode=? 
        and day=? 
        and period=? 
        and location=?
14:17:55,477 DEBUG BaseGeneralDataRegion:59 - Caching[foo.org.hibernate.cache.spi.UpdateTimestampsCache] : [CourseMeeting] -> [5579090884513793]
14:17:55,477 DEBUG SQL:104 - 
    delete 
    from
        CourseMeeting 
    where
        courseCode=? 
        and day=? 
        and period=? 
        and location=?
14:17:55,477 DEBUG BaseGeneralDataRegion:59 - Caching[foo.org.hibernate.cache.spi.UpdateTimestampsCache] : [CourseMeeting] -> [5579090884513794]
14:17:55,478 DEBUG SQL:104 - 
    delete 
    from
        Course 
    where
        courseCode=?
14:17:55,479 DEBUG BaseGeneralDataRegion:59 - Caching[foo.org.hibernate.cache.spi.UpdateTimestampsCache] : [Course] -> [5579090884521984]
14:17:55,479 DEBUG BaseGeneralDataRegion:59 - Caching[foo.org.hibernate.cache.spi.UpdateTimestampsCache] : [Student] -> [5579090638761985]
14:17:55,479 DEBUG BaseGeneralDataRegion:59 - Caching[foo.org.hibernate.cache.spi.UpdateTimestampsCache] : [Course] -> [5579090638761985]
14:17:55,479 DEBUG BaseGeneralDataRegion:59 - Caching[foo.org.hibernate.cache.spi.UpdateTimestampsCache] : [Enrolment] -> [5579090638761985]
14:17:55,479 DEBUG BaseGeneralDataRegion:59 - Caching[foo.org.hibernate.cache.spi.UpdateTimestampsCache] : [Student_secretCodes] -> [5579090638761985]
14:17:55,479 DEBUG BaseGeneralDataRegion:59 - Caching[foo.org.hibernate.cache.spi.UpdateTimestampsCache] : [Address] -> [5579090638761985]
14:17:55,479 DEBUG BaseGeneralDataRegion:59 - Caching[foo.org.hibernate.cache.spi.UpdateTimestampsCache] : [CourseMeeting] -> [5579090638761985]
14:17:55,488  INFO CustomRunner:139 - Test: testMapElementsList
14:17:55,509 DEBUG SQL:104 - 
    select
        coursemeet_.courseCode,
        coursemeet_.day,
        coursemeet_.period,
        coursemeet_.location 
    from
        CourseMeeting coursemeet_ 
    where
        coursemeet_.courseCode=? 
        and coursemeet_.day=? 
        and coursemeet_.period=? 
        and coursemeet_.location=?
14:17:55,509 DEBUG SQL:104 - 
    select
        coursemeet_.courseCode,
        coursemeet_.day,
        coursemeet_.period,
        coursemeet_.location 
    from
        CourseMeeting coursemeet_ 
    where
        coursemeet_.courseCode=? 
        and coursemeet_.day=? 
        and coursemeet_.period=? 
        and coursemeet_.location=?
14:17:55,510 DEBUG SQL:104 - 
    insert 
    into
        Course
        (description, courseCode) 
    values
        (?, ?)
14:17:55,513 DEBUG BaseGeneralDataRegion:59 - Caching[foo.org.hibernate.cache.spi.UpdateTimestampsCache] : [Course] -> [5579090884661248]
14:17:55,513 DEBUG SQL:104 - 
    insert 
    into
        CourseMeeting
        (courseCode, day, period, location) 
    values
        (?, ?, ?, ?)
14:17:55,513 DEBUG BaseGeneralDataRegion:59 - Caching[foo.org.hibernate.cache.spi.UpdateTimestampsCache] : [CourseMeeting] -> [5579090884661249]
14:17:55,513 DEBUG SQL:104 - 
    insert 
    into
        CourseMeeting
        (courseCode, day, period, location) 
    values
        (?, ?, ?, ?)
14:17:55,514 DEBUG BaseGeneralDataRegion:59 - Caching[foo.org.hibernate.cache.spi.UpdateTimestampsCache] : [CourseMeeting] -> [5579090884665344]
14:17:55,514 DEBUG SQL:104 - 
    insert 
    into
        Student
        (name_first, name_middle, name_last, preferredCourseCode, studentId) 
    values
        (?, ?, ?, ?, ?)
14:17:55,514 DEBUG BaseGeneralDataRegion:59 - Caching[foo.org.hibernate.cache.spi.UpdateTimestampsCache] : [Student] -> [5579090884665345]
14:17:55,514 DEBUG SQL:104 - 
    insert 
    into
        Address
        (addressType, street, city, stateProvince, postalCode, country, studentNumber, id) 
    values
        (?, ?, ?, ?, ?, ?, ?, ?)
14:17:55,514 DEBUG BaseGeneralDataRegion:59 - Caching[foo.org.hibernate.cache.spi.UpdateTimestampsCache] : [Address] -> [5579090884665346]
14:17:55,514 DEBUG SQL:104 - 
    insert 
    into
        Address
        (addressType, street, city, stateProvince, postalCode, country, studentNumber, id) 
    values
        (?, ?, ?, ?, ?, ?, ?, ?)
14:17:55,520 DEBUG BaseGeneralDataRegion:59 - Caching[foo.org.hibernate.cache.spi.UpdateTimestampsCache] : [Address] -> [5579090884689920]
14:17:55,520 DEBUG SQL:104 - 
    insert 
    into
        Student
        (name_first, name_middle, name_last, preferredCourseCode, studentId) 
    values
        (?, ?, ?, ?, ?)
14:17:55,520 DEBUG BaseGeneralDataRegion:59 - Caching[foo.org.hibernate.cache.spi.UpdateTimestampsCache] : [Student] -> [5579090884689921]
14:17:55,521 DEBUG SQL:104 - 
    insert 
    into
        Enrolment
        (semester, "year", studentId, courseCode) 
    values
        (?, ?, ?, ?)
14:17:55,521 DEBUG BaseGeneralDataRegion:59 - Caching[foo.org.hibernate.cache.spi.UpdateTimestampsCache] : [Enrolment] -> [5579090884694016]
14:17:55,521 DEBUG SQL:104 - 
    insert 
    into
        Enrolment
        (semester, "year", studentId, courseCode) 
    values
        (?, ?, ?, ?)
14:17:55,521 DEBUG BaseGeneralDataRegion:59 - Caching[foo.org.hibernate.cache.spi.UpdateTimestampsCache] : [Enrolment] -> [5579090884694017]
14:17:55,521 DEBUG BaseGeneralDataRegion:59 - Caching[foo.org.hibernate.cache.spi.UpdateTimestampsCache] : [CourseMeeting] -> [5579090884694018]
14:17:55,521 DEBUG BaseGeneralDataRegion:59 - Caching[foo.org.hibernate.cache.spi.UpdateTimestampsCache] : [Enrolment] -> [5579090884694019]
14:17:55,521 DEBUG SQL:104 - 
    update
        Address 
    set
        studentNumber=?,
        addressType=? 
    where
        id=?
14:17:55,531 DEBUG SQL:104 - 
    update
        Address 
    set
        studentNumber=?,
        addressType=? 
    where
        id=?
14:17:55,531 DEBUG BaseGeneralDataRegion:59 - Caching[foo.org.hibernate.cache.spi.UpdateTimestampsCache] : [Address] -> [5579090884734976]
14:17:55,531 DEBUG SQL:104 - 
    insert 
    into
        Student_secretCodes
        (studentNumber, i, secretCode) 
    values
        (?, ?, ?)
14:17:55,531 DEBUG BaseGeneralDataRegion:59 - Caching[foo.org.hibernate.cache.spi.UpdateTimestampsCache] : [Student_secretCodes] -> [5579090884734977]
14:17:55,531 DEBUG BaseGeneralDataRegion:59 - Caching[foo.org.hibernate.cache.spi.UpdateTimestampsCache] : [Enrolment] -> [5579090884734978]
14:17:55,532 DEBUG BaseGeneralDataRegion:59 - Caching[foo.org.hibernate.cache.spi.UpdateTimestampsCache] : [Address] -> [5579090884739072]
14:17:55,532 DEBUG SQL:104 - 
    insert 
    into
        Student_secretCodes
        (studentNumber, i, secretCode) 
    values
        (?, ?, ?)
14:17:55,541 DEBUG SQL:104 - 
    insert 
    into
        Student_secretCodes
        (studentNumber, i, secretCode) 
    values
        (?, ?, ?)
14:17:55,541 DEBUG BaseGeneralDataRegion:59 - Caching[foo.org.hibernate.cache.spi.UpdateTimestampsCache] : [Student_secretCodes] -> [5579090884775936]
14:17:55,541 DEBUG BaseGeneralDataRegion:59 - Caching[foo.org.hibernate.cache.spi.UpdateTimestampsCache] : [Student] -> [5579090639015937]
14:17:55,542 DEBUG BaseGeneralDataRegion:59 - Caching[foo.org.hibernate.cache.spi.UpdateTimestampsCache] : [Course] -> [5579090639015937]
14:17:55,542 DEBUG BaseGeneralDataRegion:59 - Caching[foo.org.hibernate.cache.spi.UpdateTimestampsCache] : [Enrolment] -> [5579090639015937]
14:17:55,542 DEBUG BaseGeneralDataRegion:59 - Caching[foo.org.hibernate.cache.spi.UpdateTimestampsCache] : [Student_secretCodes] -> [5579090639015937]
14:17:55,542 DEBUG BaseGeneralDataRegion:59 - Caching[foo.org.hibernate.cache.spi.UpdateTimestampsCache] : [Address] -> [5579090639015937]
14:17:55,542 DEBUG BaseGeneralDataRegion:59 - Caching[foo.org.hibernate.cache.spi.UpdateTimestampsCache] : [CourseMeeting] -> [5579090639015937]
14:17:55,542 DEBUG SQL:104 - 
    select
        student_.studentId,
        student_.name_first as name2_4_,
        student_.name_middle as name3_4_,
        student_.name_last as name4_4_,
        student_.preferredCourseCode as preferre5_4_ 
    from
        Student student_ 
    where
        student_.studentId=?
14:17:55,543 DEBUG SQL:104 - 
    select
        enrolment_.studentId,
        enrolment_.courseCode,
        enrolment_.semester as semester3_,
        enrolment_."year" as year4_3_ 
    from
        Enrolment enrolment_ 
    where
        enrolment_.studentId=? 
        and enrolment_.courseCode=?
14:17:55,552 DEBUG SQL:104 - 
    select
        course_.courseCode,
        course_.description as descript2_1_ 
    from
        Course course_ 
    where
        course_.courseCode=?
14:17:55,553 DEBUG SQL:104 - 
    select
        student_.studentId,
        student_.name_first as name2_4_,
        student_.name_middle as name3_4_,
        student_.name_last as name4_4_,
        student_.preferredCourseCode as preferre5_4_ 
    from
        Student student_ 
    where
        student_.studentId=?
14:17:55,553 DEBUG SQL:104 - 
    select
        enrolment_.studentId,
        enrolment_.courseCode,
        enrolment_.semester as semester3_,
        enrolment_."year" as year4_3_ 
    from
        Enrolment enrolment_ 
    where
        enrolment_.studentId=? 
        and enrolment_.courseCode=?
14:17:55,563 DEBUG SQL:104 - 
    select
        coursemeet_.courseCode,
        coursemeet_.day,
        coursemeet_.period,
        coursemeet_.location 
    from
        CourseMeeting coursemeet_ 
    where
        coursemeet_.courseCode=? 
        and coursemeet_.day=? 
        and coursemeet_.period=? 
        and coursemeet_.location=?
14:17:55,564 DEBUG SQL:104 - 
    select
        coursemeet_.courseCode,
        coursemeet_.day,
        coursemeet_.period,
        coursemeet_.location 
    from
        CourseMeeting coursemeet_ 
    where
        coursemeet_.courseCode=? 
        and coursemeet_.day=? 
        and coursemeet_.period=? 
        and coursemeet_.location=?
14:17:55,575 DEBUG BaseGeneralDataRegion:59 - Caching[foo.org.hibernate.cache.spi.UpdateTimestampsCache] : [Enrolment] -> [5579090884915200]
14:17:55,575 DEBUG SQL:104 - 
    update
        Address 
    set
        studentNumber=null,
        addressType=null 
    where
        studentNumber=?
14:17:55,576 DEBUG BaseGeneralDataRegion:59 - Caching[foo.org.hibernate.cache.spi.UpdateTimestampsCache] : [Address] -> [5579090884919296]
14:17:55,576 DEBUG SQL:104 - 
    delete 
    from
        Student_secretCodes 
    where
        studentNumber=?
14:17:55,576 DEBUG BaseGeneralDataRegion:59 - Caching[foo.org.hibernate.cache.spi.UpdateTimestampsCache] : [Student_secretCodes] -> [5579090884919297]
14:17:55,576 DEBUG BaseGeneralDataRegion:59 - Caching[foo.org.hibernate.cache.spi.UpdateTimestampsCache] : [Enrolment] -> [5579090884919298]
14:17:55,576 DEBUG BaseGeneralDataRegion:59 - Caching[foo.org.hibernate.cache.spi.UpdateTimestampsCache] : [Address] -> [5579090884919299]
14:17:55,576 DEBUG SQL:104 - 
    delete 
    from
        Student_secretCodes 
    where
        studentNumber=?
14:17:55,577 DEBUG BaseGeneralDataRegion:59 - Caching[foo.org.hibernate.cache.spi.UpdateTimestampsCache] : [Student_secretCodes] -> [5579090884923392]
14:17:55,585 DEBUG BaseGeneralDataRegion:59 - Caching[foo.org.hibernate.cache.spi.UpdateTimestampsCache] : [CourseMeeting] -> [5579090884956160]
14:17:55,585 DEBUG SQL:104 - 
    delete 
    from
        Enrolment 
    where
        studentId=? 
        and courseCode=?
14:17:55,585 DEBUG BaseGeneralDataRegion:59 - Caching[foo.org.hibernate.cache.spi.UpdateTimestampsCache] : [Enrolment] -> [5579090884956161]
14:17:55,585 DEBUG SQL:104 - 
    delete 
    from
        Address 
    where
        id=?
14:17:55,586 DEBUG BaseGeneralDataRegion:59 - Caching[foo.org.hibernate.cache.spi.UpdateTimestampsCache] : [Address] -> [5579090884960256]
14:17:55,586 DEBUG SQL:104 - 
    delete 
    from
        Address 
    where
        id=?
14:17:55,586 DEBUG BaseGeneralDataRegion:59 - Caching[foo.org.hibernate.cache.spi.UpdateTimestampsCache] : [Address] -> [5579090884960257]
14:17:55,586 DEBUG SQL:104 - 
    delete 
    from
        Student 
    where
        studentId=?
14:17:55,586 DEBUG BaseGeneralDataRegion:59 - Caching[foo.org.hibernate.cache.spi.UpdateTimestampsCache] : [Student] -> [5579090884960258]
14:17:55,596 DEBUG SQL:104 - 
    delete 
    from
        Enrolment 
    where
        studentId=? 
        and courseCode=?
14:17:55,596 DEBUG BaseGeneralDataRegion:59 - Caching[foo.org.hibernate.cache.spi.UpdateTimestampsCache] : [Enrolment] -> [5579090885001216]
14:17:55,596 DEBUG SQL:104 - 
    delete 
    from
        Student 
    where
        studentId=?
14:17:55,597 DEBUG BaseGeneralDataRegion:59 - Caching[foo.org.hibernate.cache.spi.UpdateTimestampsCache] : [Student] -> [5579090885005312]
14:17:55,597 DEBUG SQL:104 - 
    delete 
    from
        CourseMeeting 
    where
        courseCode=? 
        and day=? 
        and period=? 
        and location=?
14:17:55,597 DEBUG BaseGeneralDataRegion:59 - Caching[foo.org.hibernate.cache.spi.UpdateTimestampsCache] : [CourseMeeting] -> [5579090885005313]
14:17:55,597 DEBUG SQL:104 - 
    delete 
    from
        CourseMeeting 
    where
        courseCode=? 
        and day=? 
        and period=? 
        and location=?
14:17:55,597 DEBUG BaseGeneralDataRegion:59 - Caching[foo.org.hibernate.cache.spi.UpdateTimestampsCache] : [CourseMeeting] -> [5579090885005314]
14:17:55,597 DEBUG SQL:104 - 
    delete 
    from
        Course 
    where
        courseCode=?
14:17:55,598 DEBUG BaseGeneralDataRegion:59 - Caching[foo.org.hibernate.cache.spi.UpdateTimestampsCache] : [Course] -> [5579090885009408]
14:17:55,598 DEBUG BaseGeneralDataRegion:59 - Caching[foo.org.hibernate.cache.spi.UpdateTimestampsCache] : [Student] -> [5579090639249409]
14:17:55,598 DEBUG BaseGeneralDataRegion:59 - Caching[foo.org.hibernate.cache.spi.UpdateTimestampsCache] : [Course] -> [5579090639249409]
14:17:55,598 DEBUG BaseGeneralDataRegion:59 - Caching[foo.org.hibernate.cache.spi.UpdateTimestampsCache] : [Enrolment] -> [5579090639249409]
14:17:55,598 DEBUG BaseGeneralDataRegion:59 - Caching[foo.org.hibernate.cache.spi.UpdateTimestampsCache] : [Student_secretCodes] -> [5579090639249409]
14:17:55,598 DEBUG BaseGeneralDataRegion:59 - Caching[foo.org.hibernate.cache.spi.UpdateTimestampsCache] : [Address] -> [5579090639249409]
14:17:55,598 DEBUG BaseGeneralDataRegion:59 - Caching[foo.org.hibernate.cache.spi.UpdateTimestampsCache] : [CourseMeeting] -> [5579090639249409]
14:17:55,599  INFO CustomRunner:139 - Test: testMapEntryList
14:17:55,600 DEBUG SQL:104 - 
    select
        coursemeet_.courseCode,
        coursemeet_.day,
        coursemeet_.period,
        coursemeet_.location 
    from
        CourseMeeting coursemeet_ 
    where
        coursemeet_.courseCode=? 
        and coursemeet_.day=? 
        and coursemeet_.period=? 
        and coursemeet_.location=?
14:17:55,611 DEBUG SQL:104 - 
    select
        coursemeet_.courseCode,
        coursemeet_.day,
        coursemeet_.period,
        coursemeet_.location 
    from
        CourseMeeting coursemeet_ 
    where
        coursemeet_.courseCode=? 
        and coursemeet_.day=? 
        and coursemeet_.period=? 
        and coursemeet_.location=?
14:17:55,614 DEBUG SQL:104 - 
    insert 
    into
        Course
        (description, courseCode) 
    values
        (?, ?)
14:17:55,615 DEBUG BaseGeneralDataRegion:59 - Caching[foo.org.hibernate.cache.spi.UpdateTimestampsCache] : [Course] -> [5579090885079040]
14:17:55,615 DEBUG SQL:104 - 
    insert 
    into
        CourseMeeting
        (courseCode, day, period, location) 
    values
        (?, ?, ?, ?)
14:17:55,623 DEBUG BaseGeneralDataRegion:59 - Caching[foo.org.hibernate.cache.spi.UpdateTimestampsCache] : [CourseMeeting] -> [5579090885111808]
14:17:55,623 DEBUG SQL:104 - 
    insert 
    into
        CourseMeeting
        (courseCode, day, period, location) 
    values
        (?, ?, ?, ?)
14:17:55,623 DEBUG BaseGeneralDataRegion:59 - Caching[foo.org.hibernate.cache.spi.UpdateTimestampsCache] : [CourseMeeting] -> [5579090885111809]
14:17:55,623 DEBUG SQL:104 - 
    insert 
    into
        Student
        (name_first, name_middle, name_last, preferredCourseCode, studentId) 
    values
        (?, ?, ?, ?, ?)
14:17:55,623 DEBUG BaseGeneralDataRegion:59 - Caching[foo.org.hibernate.cache.spi.UpdateTimestampsCache] : [Student] -> [5579090885111810]
14:17:55,623 DEBUG SQL:104 - 
    insert 
    into
        Address
        (addressType, street, city, stateProvince, postalCode, country, studentNumber, id) 
    values
        (?, ?, ?, ?, ?, ?, ?, ?)
14:17:55,624 DEBUG BaseGeneralDataRegion:59 - Caching[foo.org.hibernate.cache.spi.UpdateTimestampsCache] : [Address] -> [5579090885115904]
14:17:55,624 DEBUG SQL:104 - 
    insert 
    into
        Address
        (addressType, street, city, stateProvince, postalCode, country, studentNumber, id) 
    values
        (?, ?, ?, ?, ?, ?, ?, ?)
14:17:55,624 DEBUG BaseGeneralDataRegion:59 - Caching[foo.org.hibernate.cache.spi.UpdateTimestampsCache] : [Address] -> [5579090885115905]
14:17:55,624 DEBUG SQL:104 - 
    insert 
    into
        Student
        (name_first, name_middle, name_last, preferredCourseCode, studentId) 
    values
        (?, ?, ?, ?, ?)
14:17:55,624 DEBUG BaseGeneralDataRegion:59 - Caching[foo.org.hibernate.cache.spi.UpdateTimestampsCache] : [Student] -> [5579090885115906]
14:17:55,624 DEBUG SQL:104 - 
    insert 
    into
        Enrolment
        (semester, "year", studentId, courseCode) 
    values
        (?, ?, ?, ?)
14:17:55,647 DEBUG BaseGeneralDataRegion:59 - Caching[foo.org.hibernate.cache.spi.UpdateTimestampsCache] : [Enrolment] -> [5579090885210112]
14:17:55,647 DEBUG SQL:104 - 
    insert 
    into
        Enrolment
        (semester, "year", studentId, courseCode) 
    values
        (?, ?, ?, ?)
14:17:55,647 DEBUG BaseGeneralDataRegion:59 - Caching[foo.org.hibernate.cache.spi.UpdateTimestampsCache] : [Enrolment] -> [5579090885210113]
14:17:55,647 DEBUG BaseGeneralDataRegion:59 - Caching[foo.org.hibernate.cache.spi.UpdateTimestampsCache] : [CourseMeeting] -> [5579090885210114]
14:17:55,647 DEBUG BaseGeneralDataRegion:59 - Caching[foo.org.hibernate.cache.spi.UpdateTimestampsCache] : [Enrolment] -> [5579090885210115]
14:17:55,647 DEBUG SQL:104 - 
    update
        Address 
    set
        studentNumber=?,
        addressType=? 
    where
        id=?
14:17:55,648 DEBUG SQL:104 - 
    update
        Address 
    set
        studentNumber=?,
        addressType=? 
    where
        id=?
14:17:55,656 DEBUG BaseGeneralDataRegion:59 - Caching[foo.org.hibernate.cache.spi.UpdateTimestampsCache] : [Address] -> [5579090885246976]
14:17:55,656 DEBUG SQL:104 - 
    insert 
    into
        Student_secretCodes
        (studentNumber, i, secretCode) 
    values
        (?, ?, ?)
14:17:55,657 DEBUG BaseGeneralDataRegion:59 - Caching[foo.org.hibernate.cache.spi.UpdateTimestampsCache] : [Student_secretCodes] -> [5579090885251072]
14:17:55,657 DEBUG BaseGeneralDataRegion:59 - Caching[foo.org.hibernate.cache.spi.UpdateTimestampsCache] : [Enrolment] -> [5579090885251073]
14:17:55,657 DEBUG BaseGeneralDataRegion:59 - Caching[foo.org.hibernate.cache.spi.UpdateTimestampsCache] : [Address] -> [5579090885251074]
14:17:55,657 DEBUG SQL:104 - 
    insert 
    into
        Student_secretCodes
        (studentNumber, i, secretCode) 
    values
        (?, ?, ?)
14:17:55,657 DEBUG SQL:104 - 
    insert 
    into
        Student_secretCodes
        (studentNumber, i, secretCode) 
    values
        (?, ?, ?)
14:17:55,657 DEBUG BaseGeneralDataRegion:59 - Caching[foo.org.hibernate.cache.spi.UpdateTimestampsCache] : [Student_secretCodes] -> [5579090885251075]
14:17:55,657 DEBUG BaseGeneralDataRegion:59 - Caching[foo.org.hibernate.cache.spi.UpdateTimestampsCache] : [Student] -> [5579090639491076]
14:17:55,658 DEBUG BaseGeneralDataRegion:59 - Caching[foo.org.hibernate.cache.spi.UpdateTimestampsCache] : [Course] -> [5579090639491076]
14:17:55,665 DEBUG BaseGeneralDataRegion:59 - Caching[foo.org.hibernate.cache.spi.UpdateTimestampsCache] : [Enrolment] -> [5579090639491076]
14:17:55,666 DEBUG BaseGeneralDataRegion:59 - Caching[foo.org.hibernate.cache.spi.UpdateTimestampsCache] : [Student_secretCodes] -> [5579090639491076]
14:17:55,666 DEBUG BaseGeneralDataRegion:59 - Caching[foo.org.hibernate.cache.spi.UpdateTimestampsCache] : [Address] -> [5579090639491076]
14:17:55,666 DEBUG BaseGeneralDataRegion:59 - Caching[foo.org.hibernate.cache.spi.UpdateTimestampsCache] : [CourseMeeting] -> [5579090639491076]
14:17:55,666 DEBUG SQL:104 - 
    select
        student_.studentId,
        student_.name_first as name2_4_,
        student_.name_middle as name3_4_,
        student_.name_last as name4_4_,
        student_.preferredCourseCode as preferre5_4_ 
    from
        Student student_ 
    where
        student_.studentId=?
14:17:55,667 DEBUG SQL:104 - 
    select
        enrolment_.studentId,
        enrolment_.courseCode,
        enrolment_.semester as semester3_,
        enrolment_."year" as year4_3_ 
    from
        Enrolment enrolment_ 
    where
        enrolment_.studentId=? 
        and enrolment_.courseCode=?
14:17:55,667 DEBUG SQL:104 - 
    select
        course_.courseCode,
        course_.description as descript2_1_ 
    from
        Course course_ 
    where
        course_.courseCode=?
14:17:55,676 DEBUG SQL:104 - 
    select
        student_.studentId,
        student_.name_first as name2_4_,
        student_.name_middle as name3_4_,
        student_.name_last as name4_4_,
        student_.preferredCourseCode as preferre5_4_ 
    from
        Student student_ 
    where
        student_.studentId=?
14:17:55,676 DEBUG SQL:104 - 
    select
        enrolment_.studentId,
        enrolment_.courseCode,
        enrolment_.semester as semester3_,
        enrolment_."year" as year4_3_ 
    from
        Enrolment enrolment_ 
    where
        enrolment_.studentId=? 
        and enrolment_.courseCode=?
14:17:55,677 DEBUG SQL:104 - 
    select
        coursemeet_.courseCode,
        coursemeet_.day,
        coursemeet_.period,
        coursemeet_.location 
    from
        CourseMeeting coursemeet_ 
    where
        coursemeet_.courseCode=? 
        and coursemeet_.day=? 
        and coursemeet_.period=? 
        and coursemeet_.location=?
14:17:55,686 DEBUG SQL:104 - 
    select
        coursemeet_.courseCode,
        coursemeet_.day,
        coursemeet_.period,
        coursemeet_.location 
    from
        CourseMeeting coursemeet_ 
    where
        coursemeet_.courseCode=? 
        and coursemeet_.day=? 
        and coursemeet_.period=? 
        and coursemeet_.location=?
14:17:55,687 DEBUG BaseGeneralDataRegion:59 - Caching[foo.org.hibernate.cache.spi.UpdateTimestampsCache] : [Enrolment] -> [5579090885373952]
14:17:55,687 DEBUG SQL:104 - 
    update
        Address 
    set
        studentNumber=null,
        addressType=null 
    where
        studentNumber=?
14:17:55,696 DEBUG BaseGeneralDataRegion:59 - Caching[foo.org.hibernate.cache.spi.UpdateTimestampsCache] : [Address] -> [5579090885410816]
14:17:55,696 DEBUG SQL:104 - 
    delete 
    from
        Student_secretCodes 
    where
        studentNumber=?
14:17:55,696 DEBUG BaseGeneralDataRegion:59 - Caching[foo.org.hibernate.cache.spi.UpdateTimestampsCache] : [Student_secretCodes] -> [5579090885410817]
14:17:55,697 DEBUG BaseGeneralDataRegion:59 - Caching[foo.org.hibernate.cache.spi.UpdateTimestampsCache] : [Enrolment] -> [5579090885414912]
14:17:55,697 DEBUG BaseGeneralDataRegion:59 - Caching[foo.org.hibernate.cache.spi.UpdateTimestampsCache] : [Address] -> [5579090885414913]
14:17:55,697 DEBUG SQL:104 - 
    delete 
    from
        Student_secretCodes 
    where
        studentNumber=?
14:17:55,697 DEBUG BaseGeneralDataRegion:59 - Caching[foo.org.hibernate.cache.spi.UpdateTimestampsCache] : [Student_secretCodes] -> [5579090885414914]
14:17:55,697 DEBUG BaseGeneralDataRegion:59 - Caching[foo.org.hibernate.cache.spi.UpdateTimestampsCache] : [CourseMeeting] -> [5579090885414915]
14:17:55,697 DEBUG SQL:104 - 
    delete 
    from
        Enrolment 
    where
        studentId=? 
        and courseCode=?
14:17:55,697 DEBUG BaseGeneralDataRegion:59 - Caching[foo.org.hibernate.cache.spi.UpdateTimestampsCache] : [Enrolment] -> [5579090885414916]
14:17:55,698 DEBUG SQL:104 - 
    delete 
    from
        Address 
    where
        id=?
14:17:55,707 DEBUG BaseGeneralDataRegion:59 - Caching[foo.org.hibernate.cache.spi.UpdateTimestampsCache] : [Address] -> [5579090885455872]
14:17:55,707 DEBUG SQL:104 - 
    delete 
    from
        Address 
    where
        id=?
14:17:55,707 DEBUG BaseGeneralDataRegion:59 - Caching[foo.org.hibernate.cache.spi.UpdateTimestampsCache] : [Address] -> [5579090885455873]
14:17:55,707 DEBUG SQL:104 - 
    delete 
    from
        Student 
    where
        studentId=?
14:17:55,707 DEBUG BaseGeneralDataRegion:59 - Caching[foo.org.hibernate.cache.spi.UpdateTimestampsCache] : [Student] -> [5579090885455874]
14:17:55,707 DEBUG SQL:104 - 
    delete 
    from
        Enrolment 
    where
        studentId=? 
        and courseCode=?
14:17:55,708 DEBUG BaseGeneralDataRegion:59 - Caching[foo.org.hibernate.cache.spi.UpdateTimestampsCache] : [Enrolment] -> [5579090885459968]
14:17:55,708 DEBUG SQL:104 - 
    delete 
    from
        Student 
    where
        studentId=?
14:17:55,716 DEBUG BaseGeneralDataRegion:59 - Caching[foo.org.hibernate.cache.spi.UpdateTimestampsCache] : [Student] -> [5579090885492736]
14:17:55,717 DEBUG SQL:104 - 
    delete 
    from
        CourseMeeting 
    where
        courseCode=? 
        and day=? 
        and period=? 
        and location=?
14:17:55,717 DEBUG BaseGeneralDataRegion:59 - Caching[foo.org.hibernate.cache.spi.UpdateTimestampsCache] : [CourseMeeting] -> [5579090885496832]
14:17:55,717 DEBUG SQL:104 - 
    delete 
    from
        CourseMeeting 
    where
        courseCode=? 
        and day=? 
        and period=? 
        and location=?
14:17:55,717 DEBUG BaseGeneralDataRegion:59 - Caching[foo.org.hibernate.cache.spi.UpdateTimestampsCache] : [CourseMeeting] -> [5579090885496833]
14:17:55,717 DEBUG SQL:104 - 
    delete 
    from
        Course 
    where
        courseCode=?
14:17:55,718 DEBUG BaseGeneralDataRegion:59 - Caching[foo.org.hibernate.cache.spi.UpdateTimestampsCache] : [Course] -> [5579090885500928]
14:17:55,734 DEBUG BaseGeneralDataRegion:59 - Caching[foo.org.hibernate.cache.spi.UpdateTimestampsCache] : [Student] -> [5579090639806464]
14:17:55,734 DEBUG BaseGeneralDataRegion:59 - Caching[foo.org.hibernate.cache.spi.UpdateTimestampsCache] : [Course] -> [5579090639806464]
14:17:55,734 DEBUG BaseGeneralDataRegion:59 - Caching[foo.org.hibernate.cache.spi.UpdateTimestampsCache] : [Enrolment] -> [5579090639806464]
14:17:55,734 DEBUG BaseGeneralDataRegion:59 - Caching[foo.org.hibernate.cache.spi.UpdateTimestampsCache] : [Student_secretCodes] -> [5579090639806464]
14:17:55,734 DEBUG BaseGeneralDataRegion:59 - Caching[foo.org.hibernate.cache.spi.UpdateTimestampsCache] : [Address] -> [5579090639806464]
14:17:55,734 DEBUG BaseGeneralDataRegion:59 - Caching[foo.org.hibernate.cache.spi.UpdateTimestampsCache] : [CourseMeeting] -> [5579090639806464]
14:17:55,735  INFO CustomRunner:139 - Test: testMapKeyList
14:17:55,744 DEBUG SQL:104 - 
    select
        coursemeet_.courseCode,
        coursemeet_.day,
        coursemeet_.period,
        coursemeet_.location 
    from
        CourseMeeting coursemeet_ 
    where
        coursemeet_.courseCode=? 
        and coursemeet_.day=? 
        and coursemeet_.period=? 
        and coursemeet_.location=?
14:17:55,745 DEBUG SQL:104 - 
    select
        coursemeet_.courseCode,
        coursemeet_.day,
        coursemeet_.period,
        coursemeet_.location 
    from
        CourseMeeting coursemeet_ 
    where
        coursemeet_.courseCode=? 
        and coursemeet_.day=? 
        and coursemeet_.period=? 
        and coursemeet_.location=?
14:17:55,746 DEBUG SQL:104 - 
    insert 
    into
        Course
        (description, courseCode) 
    values
        (?, ?)
14:17:55,746 DEBUG BaseGeneralDataRegion:59 - Caching[foo.org.hibernate.cache.spi.UpdateTimestampsCache] : [Course] -> [5579090885615616]
14:17:55,746 DEBUG SQL:104 - 
    insert 
    into
        CourseMeeting
        (courseCode, day, period, location) 
    values
        (?, ?, ?, ?)
14:17:55,747 DEBUG BaseGeneralDataRegion:59 - Caching[foo.org.hibernate.cache.spi.UpdateTimestampsCache] : [CourseMeeting] -> [5579090885619712]
14:17:55,747 DEBUG SQL:104 - 
    insert 
    into
        CourseMeeting
        (courseCode, day, period, location) 
    values
        (?, ?, ?, ?)
14:17:55,747 DEBUG BaseGeneralDataRegion:59 - Caching[foo.org.hibernate.cache.spi.UpdateTimestampsCache] : [CourseMeeting] -> [5579090885619713]
14:17:55,747 DEBUG SQL:104 - 
    insert 
    into
        Student
        (name_first, name_middle, name_last, preferredCourseCode, studentId) 
    values
        (?, ?, ?, ?, ?)
14:17:55,748 DEBUG BaseGeneralDataRegion:59 - Caching[foo.org.hibernate.cache.spi.UpdateTimestampsCache] : [Student] -> [5579090885623808]
14:17:55,748 DEBUG SQL:104 - 
    insert 
    into
        Address
        (addressType, street, city, stateProvince, postalCode, country, studentNumber, id) 
    values
        (?, ?, ?, ?, ?, ?, ?, ?)
14:17:55,748 DEBUG BaseGeneralDataRegion:59 - Caching[foo.org.hibernate.cache.spi.UpdateTimestampsCache] : [Address] -> [5579090885623809]
14:17:55,748 DEBUG SQL:104 - 
    insert 
    into
        Address
        (addressType, street, city, stateProvince, postalCode, country, studentNumber, id) 
    values
        (?, ?, ?, ?, ?, ?, ?, ?)
14:17:55,748 DEBUG BaseGeneralDataRegion:59 - Caching[foo.org.hibernate.cache.spi.UpdateTimestampsCache] : [Address] -> [5579090885623810]
14:17:55,749 DEBUG SQL:104 - 
    insert 
    into
        Student
        (name_first, name_middle, name_last, preferredCourseCode, studentId) 
    values
        (?, ?, ?, ?, ?)
14:17:55,756 DEBUG BaseGeneralDataRegion:59 - Caching[foo.org.hibernate.cache.spi.UpdateTimestampsCache] : [Student] -> [5579090885656576]
14:17:55,757 DEBUG SQL:104 - 
    insert 
    into
        Enrolment
        (semester, "year", studentId, courseCode) 
    values
        (?, ?, ?, ?)
14:17:55,757 DEBUG BaseGeneralDataRegion:59 - Caching[foo.org.hibernate.cache.spi.UpdateTimestampsCache] : [Enrolment] -> [5579090885660672]
14:17:55,757 DEBUG SQL:104 - 
    insert 
    into
        Enrolment
        (semester, "year", studentId, courseCode) 
    values
        (?, ?, ?, ?)
14:17:55,757 DEBUG BaseGeneralDataRegion:59 - Caching[foo.org.hibernate.cache.spi.UpdateTimestampsCache] : [Enrolment] -> [5579090885660673]
14:17:55,757 DEBUG BaseGeneralDataRegion:59 - Caching[foo.org.hibernate.cache.spi.UpdateTimestampsCache] : [CourseMeeting] -> [5579090885660674]
14:17:55,757 DEBUG BaseGeneralDataRegion:59 - Caching[foo.org.hibernate.cache.spi.UpdateTimestampsCache] : [Enrolment] -> [5579090885660675]
14:17:55,758 DEBUG SQL:104 - 
    update
        Address 
    set
        studentNumber=?,
        addressType=? 
    where
        id=?
14:17:55,758 DEBUG SQL:104 - 
    update
        Address 
    set
        studentNumber=?,
        addressType=? 
    where
        id=?
14:17:55,758 DEBUG BaseGeneralDataRegion:59 - Caching[foo.org.hibernate.cache.spi.UpdateTimestampsCache] : [Address] -> [5579090885664768]
14:17:55,758 DEBUG SQL:104 - 
    insert 
    into
        Student_secretCodes
        (studentNumber, i, secretCode) 
    values
        (?, ?, ?)
14:17:55,758 DEBUG BaseGeneralDataRegion:59 - Caching[foo.org.hibernate.cache.spi.UpdateTimestampsCache] : [Student_secretCodes] -> [5579090885664769]
14:17:55,758 DEBUG BaseGeneralDataRegion:59 - Caching[foo.org.hibernate.cache.spi.UpdateTimestampsCache] : [Enrolment] -> [5579090885664770]
14:17:55,758 DEBUG BaseGeneralDataRegion:59 - Caching[foo.org.hibernate.cache.spi.UpdateTimestampsCache] : [Address] -> [5579090885664771]
14:17:55,780 DEBUG SQL:104 - 
    insert 
    into
        Student_secretCodes
        (studentNumber, i, secretCode) 
    values
        (?, ?, ?)
14:17:55,780 DEBUG SQL:104 - 
    insert 
    into
        Student_secretCodes
        (studentNumber, i, secretCode) 
    values
        (?, ?, ?)
14:17:55,780 DEBUG BaseGeneralDataRegion:59 - Caching[foo.org.hibernate.cache.spi.UpdateTimestampsCache] : [Student_secretCodes] -> [5579090885754880]
14:17:55,781 DEBUG BaseGeneralDataRegion:59 - Caching[foo.org.hibernate.cache.spi.UpdateTimestampsCache] : [Student] -> [5579090639994881]
14:17:55,781 DEBUG BaseGeneralDataRegion:59 - Caching[foo.org.hibernate.cache.spi.UpdateTimestampsCache] : [Course] -> [5579090639994881]
14:17:55,781 DEBUG BaseGeneralDataRegion:59 - Caching[foo.org.hibernate.cache.spi.UpdateTimestampsCache] : [Enrolment] -> [5579090639994881]
14:17:55,781 DEBUG BaseGeneralDataRegion:59 - Caching[foo.org.hibernate.cache.spi.UpdateTimestampsCache] : [Student_secretCodes] -> [5579090639994881]
14:17:55,781 DEBUG BaseGeneralDataRegion:59 - Caching[foo.org.hibernate.cache.spi.UpdateTimestampsCache] : [Address] -> [5579090639994881]
14:17:55,781 DEBUG BaseGeneralDataRegion:59 - Caching[foo.org.hibernate.cache.spi.UpdateTimestampsCache] : [CourseMeeting] -> [5579090639994881]
14:17:55,782 DEBUG SQL:104 - 
    select
        a1_.addressType as y0_ 
    from
        Student this_ 
    inner join
        Address a1_ 
            on this_.studentId=a1_.studentNumber
14:17:55,792 DEBUG SQL:104 - 
    select
        a1_.addressType as y0_ 
    from
        Student this_ 
    inner join
        Address a1_ 
            on this_.studentId=a1_.studentNumber
14:17:55,792 DEBUG SQL:104 - 
    select
        student_.studentId,
        student_.name_first as name2_4_,
        student_.name_middle as name3_4_,
        student_.name_last as name4_4_,
        student_.preferredCourseCode as preferre5_4_ 
    from
        Student student_ 
    where
        student_.studentId=?
14:17:55,793 DEBUG SQL:104 - 
    select
        enrolment_.studentId,
        enrolment_.courseCode,
        enrolment_.semester as semester3_,
        enrolment_."year" as year4_3_ 
    from
        Enrolment enrolment_ 
    where
        enrolment_.studentId=? 
        and enrolment_.courseCode=?
14:17:55,793 DEBUG SQL:104 - 
    select
        course_.courseCode,
        course_.description as descript2_1_ 
    from
        Course course_ 
    where
        course_.courseCode=?
14:17:55,816 DEBUG SQL:104 - 
    select
        student_.studentId,
        student_.name_first as name2_4_,
        student_.name_middle as name3_4_,
        student_.name_last as name4_4_,
        student_.preferredCourseCode as preferre5_4_ 
    from
        Student student_ 
    where
        student_.studentId=?
14:17:55,817 DEBUG SQL:104 - 
    select
        enrolment_.studentId,
        enrolment_.courseCode,
        enrolment_.semester as semester3_,
        enrolment_."year" as year4_3_ 
    from
        Enrolment enrolment_ 
    where
        enrolment_.studentId=? 
        and enrolment_.courseCode=?
14:17:55,817 DEBUG SQL:104 - 
    select
        coursemeet_.courseCode,
        coursemeet_.day,
        coursemeet_.period,
        coursemeet_.location 
    from
        CourseMeeting coursemeet_ 
    where
        coursemeet_.courseCode=? 
        and coursemeet_.day=? 
        and coursemeet_.period=? 
        and coursemeet_.location=?
14:17:55,817 DEBUG SQL:104 - 
    select
        coursemeet_.courseCode,
        coursemeet_.day,
        coursemeet_.period,
        coursemeet_.location 
    from
        CourseMeeting coursemeet_ 
    where
        coursemeet_.courseCode=? 
        and coursemeet_.day=? 
        and coursemeet_.period=? 
        and coursemeet_.location=?
14:17:55,818 DEBUG BaseGeneralDataRegion:59 - Caching[foo.org.hibernate.cache.spi.UpdateTimestampsCache] : [Enrolment] -> [5579090885910528]
14:17:55,818 DEBUG SQL:104 - 
    update
        Address 
    set
        studentNumber=null,
        addressType=null 
    where
        studentNumber=?
14:17:55,818 DEBUG BaseGeneralDataRegion:59 - Caching[foo.org.hibernate.cache.spi.UpdateTimestampsCache] : [Address] -> [5579090885910529]
14:17:55,818 DEBUG SQL:104 - 
    delete 
    from
        Student_secretCodes 
    where
        studentNumber=?
14:17:55,818 DEBUG BaseGeneralDataRegion:59 - Caching[foo.org.hibernate.cache.spi.UpdateTimestampsCache] : [Student_secretCodes] -> [5579090885910530]
14:17:55,819 DEBUG BaseGeneralDataRegion:59 - Caching[foo.org.hibernate.cache.spi.UpdateTimestampsCache] : [Enrolment] -> [5579090885914624]
14:17:55,819 DEBUG BaseGeneralDataRegion:59 - Caching[foo.org.hibernate.cache.spi.UpdateTimestampsCache] : [Address] -> [5579090885914625]
14:17:55,819 DEBUG SQL:104 - 
    delete 
    from
        Student_secretCodes 
    where
        studentNumber=?
14:17:55,819 DEBUG BaseGeneralDataRegion:59 - Caching[foo.org.hibernate.cache.spi.UpdateTimestampsCache] : [Student_secretCodes] -> [5579090885914626]
14:17:55,819 DEBUG BaseGeneralDataRegion:59 - Caching[foo.org.hibernate.cache.spi.UpdateTimestampsCache] : [CourseMeeting] -> [5579090885914627]
14:17:55,819 DEBUG SQL:104 - 
    delete 
    from
        Enrolment 
    where
        studentId=? 
        and courseCode=?
14:17:55,819 DEBUG BaseGeneralDataRegion:59 - Caching[foo.org.hibernate.cache.spi.UpdateTimestampsCache] : [Enrolment] -> [5579090885914628]
14:17:55,819 DEBUG SQL:104 - 
    delete 
    from
        Address 
    where
        id=?
14:17:55,820 DEBUG BaseGeneralDataRegion:59 - Caching[foo.org.hibernate.cache.spi.UpdateTimestampsCache] : [Address] -> [5579090885918720]
14:17:55,820 DEBUG SQL:104 - 
    delete 
    from
        Address 
    where
        id=?
14:17:55,839 DEBUG BaseGeneralDataRegion:59 - Caching[foo.org.hibernate.cache.spi.UpdateTimestampsCache] : [Address] -> [5579090885996544]
14:17:55,839 DEBUG SQL:104 - 
    delete 
    from
        Student 
    where
        studentId=?
14:17:55,839 DEBUG BaseGeneralDataRegion:59 - Caching[foo.org.hibernate.cache.spi.UpdateTimestampsCache] : [Student] -> [5579090885996545]
14:17:55,840 DEBUG SQL:104 - 
    delete 
    from
        Enrolment 
    where
        studentId=? 
        and courseCode=?
14:17:55,840 DEBUG BaseGeneralDataRegion:59 - Caching[foo.org.hibernate.cache.spi.UpdateTimestampsCache] : [Enrolment] -> [5579090886000640]
14:17:55,840 DEBUG SQL:104 - 
    delete 
    from
        Student 
    where
        studentId=?
14:17:55,840 DEBUG BaseGeneralDataRegion:59 - Caching[foo.org.hibernate.cache.spi.UpdateTimestampsCache] : [Student] -> [5579090886000641]
14:17:55,840 DEBUG SQL:104 - 
    delete 
    from
        CourseMeeting 
    where
        courseCode=? 
        and day=? 
        and period=? 
        and location=?
14:17:55,848 DEBUG BaseGeneralDataRegion:59 - Caching[foo.org.hibernate.cache.spi.UpdateTimestampsCache] : [CourseMeeting] -> [5579090886033408]
14:17:55,848 DEBUG SQL:104 - 
    delete 
    from
        CourseMeeting 
    where
        courseCode=? 
        and day=? 
        and period=? 
        and location=?
14:17:55,849 DEBUG BaseGeneralDataRegion:59 - Caching[foo.org.hibernate.cache.spi.UpdateTimestampsCache] : [CourseMeeting] -> [5579090886037504]
14:17:55,849 DEBUG SQL:104 - 
    delete 
    from
        Course 
    where
        courseCode=?
14:17:55,849 DEBUG BaseGeneralDataRegion:59 - Caching[foo.org.hibernate.cache.spi.UpdateTimestampsCache] : [Course] -> [5579090886037505]
14:17:55,849 DEBUG BaseGeneralDataRegion:59 - Caching[foo.org.hibernate.cache.spi.UpdateTimestampsCache] : [Student] -> [5579090640277506]
14:17:55,849 DEBUG BaseGeneralDataRegion:59 - Caching[foo.org.hibernate.cache.spi.UpdateTimestampsCache] : [Course] -> [5579090640277506]
14:17:55,849 DEBUG BaseGeneralDataRegion:59 - Caching[foo.org.hibernate.cache.spi.UpdateTimestampsCache] : [Enrolment] -> [5579090640277506]
14:17:55,849 DEBUG BaseGeneralDataRegion:59 - Caching[foo.org.hibernate.cache.spi.UpdateTimestampsCache] : [Student_secretCodes] -> [5579090640277506]
14:17:55,849 DEBUG BaseGeneralDataRegion:59 - Caching[foo.org.hibernate.cache.spi.UpdateTimestampsCache] : [Address] -> [5579090640277506]
14:17:55,849 DEBUG BaseGeneralDataRegion:59 - Caching[foo.org.hibernate.cache.spi.UpdateTimestampsCache] : [CourseMeeting] -> [5579090640277506]
14:17:55,850  INFO CustomRunner:139 - Test: testMapValueList
14:17:55,860 DEBUG SQL:104 - 
    select
        coursemeet_.courseCode,
        coursemeet_.day,
        coursemeet_.period,
        coursemeet_.location 
    from
        CourseMeeting coursemeet_ 
    where
        coursemeet_.courseCode=? 
        and coursemeet_.day=? 
        and coursemeet_.period=? 
        and coursemeet_.location=?
14:17:55,860 DEBUG SQL:104 - 
    select
        coursemeet_.courseCode,
        coursemeet_.day,
        coursemeet_.period,
        coursemeet_.location 
    from
        CourseMeeting coursemeet_ 
    where
        coursemeet_.courseCode=? 
        and coursemeet_.day=? 
        and coursemeet_.period=? 
        and coursemeet_.location=?
14:17:55,861 DEBUG SQL:104 - 
    insert 
    into
        Course
        (description, courseCode) 
    values
        (?, ?)
14:17:55,862 DEBUG BaseGeneralDataRegion:59 - Caching[foo.org.hibernate.cache.spi.UpdateTimestampsCache] : [Course] -> [5579090886090752]
14:17:55,862 DEBUG SQL:104 - 
    insert 
    into
        CourseMeeting
        (courseCode, day, period, location) 
    values
        (?, ?, ?, ?)
14:17:55,862 DEBUG BaseGeneralDataRegion:59 - Caching[foo.org.hibernate.cache.spi.UpdateTimestampsCache] : [CourseMeeting] -> [5579090886090753]
14:17:55,862 DEBUG SQL:104 - 
    insert 
    into
        CourseMeeting
        (courseCode, day, period, location) 
    values
        (?, ?, ?, ?)
14:17:55,862 DEBUG BaseGeneralDataRegion:59 - Caching[foo.org.hibernate.cache.spi.UpdateTimestampsCache] : [CourseMeeting] -> [5579090886090754]
14:17:55,862 DEBUG SQL:104 - 
    insert 
    into
        Student
        (name_first, name_middle, name_last, preferredCourseCode, studentId) 
    values
        (?, ?, ?, ?, ?)
14:17:55,863 DEBUG BaseGeneralDataRegion:59 - Caching[foo.org.hibernate.cache.spi.UpdateTimestampsCache] : [Student] -> [5579090886094848]
14:17:55,863 DEBUG SQL:104 - 
    insert 
    into
        Address
        (addressType, street, city, stateProvince, postalCode, country, studentNumber, id) 
    values
        (?, ?, ?, ?, ?, ?, ?, ?)
14:17:55,874 DEBUG BaseGeneralDataRegion:59 - Caching[foo.org.hibernate.cache.spi.UpdateTimestampsCache] : [Address] -> [5579090886139904]
14:17:55,874 DEBUG SQL:104 - 
    insert 
    into
        Address
        (addressType, street, city, stateProvince, postalCode, country, studentNumber, id) 
    values
        (?, ?, ?, ?, ?, ?, ?, ?)
14:17:55,874 DEBUG BaseGeneralDataRegion:59 - Caching[foo.org.hibernate.cache.spi.UpdateTimestampsCache] : [Address] -> [5579090886139905]
14:17:55,874 DEBUG SQL:104 - 
    insert 
    into
        Student
        (name_first, name_middle, name_last, preferredCourseCode, studentId) 
    values
        (?, ?, ?, ?, ?)
14:17:55,874 DEBUG BaseGeneralDataRegion:59 - Caching[foo.org.hibernate.cache.spi.UpdateTimestampsCache] : [Student] -> [5579090886139906]
14:17:55,874 DEBUG SQL:104 - 
    insert 
    into
        Enrolment
        (semester, "year", studentId, courseCode) 
    values
        (?, ?, ?, ?)
14:17:55,875 DEBUG BaseGeneralDataRegion:59 - Caching[foo.org.hibernate.cache.spi.UpdateTimestampsCache] : [Enrolment] -> [5579090886144000]
14:17:55,883 DEBUG SQL:104 - 
    insert 
    into
        Enrolment
        (semester, "year", studentId, courseCode) 
    values
        (?, ?, ?, ?)
14:17:55,884 DEBUG BaseGeneralDataRegion:59 - Caching[foo.org.hibernate.cache.spi.UpdateTimestampsCache] : [Enrolment] -> [5579090886180864]
14:17:55,884 DEBUG BaseGeneralDataRegion:59 - Caching[foo.org.hibernate.cache.spi.UpdateTimestampsCache] : [CourseMeeting] -> [5579090886180865]
14:17:55,884 DEBUG BaseGeneralDataRegion:59 - Caching[foo.org.hibernate.cache.spi.UpdateTimestampsCache] : [Enrolment] -> [5579090886180866]
14:17:55,884 DEBUG SQL:104 - 
    update
        Address 
    set
        studentNumber=?,
        addressType=? 
    where
        id=?
14:17:55,884 DEBUG SQL:104 - 
    update
        Address 
    set
        studentNumber=?,
        addressType=? 
    where
        id=?
14:17:55,885 DEBUG BaseGeneralDataRegion:59 - Caching[foo.org.hibernate.cache.spi.UpdateTimestampsCache] : [Address] -> [5579090886184960]
14:17:55,885 DEBUG SQL:104 - 
    insert 
    into
        Student_secretCodes
        (studentNumber, i, secretCode) 
    values
        (?, ?, ?)
14:17:55,885 DEBUG BaseGeneralDataRegion:59 - Caching[foo.org.hibernate.cache.spi.UpdateTimestampsCache] : [Student_secretCodes] -> [5579090886184961]
14:17:55,885 DEBUG BaseGeneralDataRegion:59 - Caching[foo.org.hibernate.cache.spi.UpdateTimestampsCache] : [Enrolment] -> [5579090886184962]
14:17:55,885 DEBUG BaseGeneralDataRegion:59 - Caching[foo.org.hibernate.cache.spi.UpdateTimestampsCache] : [Address] -> [5579090886184963]
14:17:55,885 DEBUG SQL:104 - 
    insert 
    into
        Student_secretCodes
        (studentNumber, i, secretCode) 
    values
        (?, ?, ?)
14:17:55,905 DEBUG SQL:104 - 
    insert 
    into
        Student_secretCodes
        (studentNumber, i, secretCode) 
    values
        (?, ?, ?)
14:17:55,906 DEBUG BaseGeneralDataRegion:59 - Caching[foo.org.hibernate.cache.spi.UpdateTimestampsCache] : [Student_secretCodes] -> [5579090886266880]
14:17:55,906 DEBUG BaseGeneralDataRegion:59 - Caching[foo.org.hibernate.cache.spi.UpdateTimestampsCache] : [Student] -> [5579090640510976]
14:17:55,906 DEBUG BaseGeneralDataRegion:59 - Caching[foo.org.hibernate.cache.spi.UpdateTimestampsCache] : [Course] -> [5579090640510976]
14:17:55,906 DEBUG BaseGeneralDataRegion:59 - Caching[foo.org.hibernate.cache.spi.UpdateTimestampsCache] : [Enrolment] -> [5579090640510976]
14:17:55,906 DEBUG BaseGeneralDataRegion:59 - Caching[foo.org.hibernate.cache.spi.UpdateTimestampsCache] : [Student_secretCodes] -> [5579090640510976]
14:17:55,906 DEBUG BaseGeneralDataRegion:59 - Caching[foo.org.hibernate.cache.spi.UpdateTimestampsCache] : [Address] -> [5579090640510976]
14:17:55,906 DEBUG BaseGeneralDataRegion:59 - Caching[foo.org.hibernate.cache.spi.UpdateTimestampsCache] : [CourseMeeting] -> [5579090640510976]
14:17:55,906 DEBUG SQL:104 - 
    select
        student_.studentId,
        student_.name_first as name2_4_,
        student_.name_middle as name3_4_,
        student_.name_last as name4_4_,
        student_.preferredCourseCode as preferre5_4_ 
    from
        Student student_ 
    where
        student_.studentId=?
14:17:55,907 DEBUG SQL:104 - 
    select
        enrolment_.studentId,
        enrolment_.courseCode,
        enrolment_.semester as semester3_,
        enrolment_."year" as year4_3_ 
    from
        Enrolment enrolment_ 
    where
        enrolment_.studentId=? 
        and enrolment_.courseCode=?
14:17:55,915 DEBUG SQL:104 - 
    select
        course_.courseCode,
        course_.description as descript2_1_ 
    from
        Course course_ 
    where
        course_.courseCode=?
14:17:55,916 DEBUG SQL:104 - 
    select
        student_.studentId,
        student_.name_first as name2_4_,
        student_.name_middle as name3_4_,
        student_.name_last as name4_4_,
        student_.preferredCourseCode as preferre5_4_ 
    from
        Student student_ 
    where
        student_.studentId=?
14:17:55,916 DEBUG SQL:104 - 
    select
        enrolment_.studentId,
        enrolment_.courseCode,
        enrolment_.semester as semester3_,
        enrolment_."year" as year4_3_ 
    from
        Enrolment enrolment_ 
    where
        enrolment_.studentId=? 
        and enrolment_.courseCode=?
14:17:55,925 DEBUG SQL:104 - 
    select
        coursemeet_.courseCode,
        coursemeet_.day,
        coursemeet_.period,
        coursemeet_.location 
    from
        CourseMeeting coursemeet_ 
    where
        coursemeet_.courseCode=? 
        and coursemeet_.day=? 
        and coursemeet_.period=? 
        and coursemeet_.location=?
14:17:55,926 DEBUG SQL:104 - 
    select
        coursemeet_.courseCode,
        coursemeet_.day,
        coursemeet_.period,
        coursemeet_.location 
    from
        CourseMeeting coursemeet_ 
    where
        coursemeet_.courseCode=? 
        and coursemeet_.day=? 
        and coursemeet_.period=? 
        and coursemeet_.location=?
14:17:55,936 DEBUG BaseGeneralDataRegion:59 - Caching[foo.org.hibernate.cache.spi.UpdateTimestampsCache] : [Enrolment] -> [5579090886393856]
14:17:55,936 DEBUG SQL:104 - 
    update
        Address 
    set
        studentNumber=null,
        addressType=null 
    where
        studentNumber=?
14:17:55,936 DEBUG BaseGeneralDataRegion:59 - Caching[foo.org.hibernate.cache.spi.UpdateTimestampsCache] : [Address] -> [5579090886393857]
14:17:55,936 DEBUG SQL:104 - 
    delete 
    from
        Student_secretCodes 
    where
        studentNumber=?
14:17:55,936 DEBUG BaseGeneralDataRegion:59 - Caching[foo.org.hibernate.cache.spi.UpdateTimestampsCache] : [Student_secretCodes] -> [5579090886393858]
14:17:55,936 DEBUG BaseGeneralDataRegion:59 - Caching[foo.org.hibernate.cache.spi.UpdateTimestampsCache] : [Enrolment] -> [5579090886393859]
14:17:55,937 DEBUG BaseGeneralDataRegion:59 - Caching[foo.org.hibernate.cache.spi.UpdateTimestampsCache] : [Address] -> [5579090886397952]
14:17:55,937 DEBUG SQL:104 - 
    delete 
    from
        Student_secretCodes 
    where
        studentNumber=?
14:17:55,937 DEBUG BaseGeneralDataRegion:59 - Caching[foo.org.hibernate.cache.spi.UpdateTimestampsCache] : [Student_secretCodes] -> [5579090886397953]
14:17:55,937 DEBUG BaseGeneralDataRegion:59 - Caching[foo.org.hibernate.cache.spi.UpdateTimestampsCache] : [CourseMeeting] -> [5579090886397954]
14:17:55,937 DEBUG SQL:104 - 
    delete 
    from
        Enrolment 
    where
        studentId=? 
        and courseCode=?
14:17:55,946 DEBUG BaseGeneralDataRegion:59 - Caching[foo.org.hibernate.cache.spi.UpdateTimestampsCache] : [Enrolment] -> [5579090886434816]
14:17:55,946 DEBUG SQL:104 - 
    delete 
    from
        Address 
    where
        id=?
14:17:55,946 DEBUG BaseGeneralDataRegion:59 - Caching[foo.org.hibernate.cache.spi.UpdateTimestampsCache] : [Address] -> [5579090886434817]
14:17:55,946 DEBUG SQL:104 - 
    delete 
    from
        Address 
    where
        id=?
14:17:55,946 DEBUG BaseGeneralDataRegion:59 - Caching[foo.org.hibernate.cache.spi.UpdateTimestampsCache] : [Address] -> [5579090886434818]
14:17:55,946 DEBUG SQL:104 - 
    delete 
    from
        Student 
    where
        studentId=?
14:17:55,947 DEBUG BaseGeneralDataRegion:59 - Caching[foo.org.hibernate.cache.spi.UpdateTimestampsCache] : [Student] -> [5579090886438912]
14:17:55,947 DEBUG SQL:104 - 
    delete 
    from
        Enrolment 
    where
        studentId=? 
        and courseCode=?
14:17:55,956 DEBUG BaseGeneralDataRegion:59 - Caching[foo.org.hibernate.cache.spi.UpdateTimestampsCache] : [Enrolment] -> [5579090886475776]
14:17:55,956 DEBUG SQL:104 - 
    delete 
    from
        Student 
    where
        studentId=?
14:17:55,957 DEBUG BaseGeneralDataRegion:59 - Caching[foo.org.hibernate.cache.spi.UpdateTimestampsCache] : [Student] -> [5579090886479872]
14:17:55,957 DEBUG SQL:104 - 
    delete 
    from
        CourseMeeting 
    where
        courseCode=? 
        and day=? 
        and period=? 
        and location=?
14:17:55,957 DEBUG BaseGeneralDataRegion:59 - Caching[foo.org.hibernate.cache.spi.UpdateTimestampsCache] : [CourseMeeting] -> [5579090886479873]
14:17:55,957 DEBUG SQL:104 - 
    delete 
    from
        CourseMeeting 
    where
        courseCode=? 
        and day=? 
        and period=? 
        and location=?
14:17:55,968 DEBUG BaseGeneralDataRegion:59 - Caching[foo.org.hibernate.cache.spi.UpdateTimestampsCache] : [CourseMeeting] -> [5579090886524928]
14:17:55,968 DEBUG SQL:104 - 
    delete 
    from
        Course 
    where
        courseCode=?
14:17:55,968 DEBUG BaseGeneralDataRegion:59 - Caching[foo.org.hibernate.cache.spi.UpdateTimestampsCache] : [Course] -> [5579090886524929]
14:17:55,968 DEBUG BaseGeneralDataRegion:59 - Caching[foo.org.hibernate.cache.spi.UpdateTimestampsCache] : [Student] -> [5579090640764930]
14:17:55,968 DEBUG BaseGeneralDataRegion:59 - Caching[foo.org.hibernate.cache.spi.UpdateTimestampsCache] : [Course] -> [5579090640764930]
14:17:55,968 DEBUG BaseGeneralDataRegion:59 - Caching[foo.org.hibernate.cache.spi.UpdateTimestampsCache] : [Enrolment] -> [5579090640764930]
14:17:55,968 DEBUG BaseGeneralDataRegion:59 - Caching[foo.org.hibernate.cache.spi.UpdateTimestampsCache] : [Student_secretCodes] -> [5579090640764930]
14:17:55,969 DEBUG BaseGeneralDataRegion:59 - Caching[foo.org.hibernate.cache.spi.UpdateTimestampsCache] : [Address] -> [5579090640764930]
14:17:55,969 DEBUG BaseGeneralDataRegion:59 - Caching[foo.org.hibernate.cache.spi.UpdateTimestampsCache] : [CourseMeeting] -> [5579090640764930]
14:17:55,969  INFO CustomRunner:139 - Test: testMultiAggregatedPropProjectionSingleResult
14:17:55,979 DEBUG SQL:104 - 
    select
        coursemeet_.courseCode,
        coursemeet_.day,
        coursemeet_.period,
        coursemeet_.location 
    from
        CourseMeeting coursemeet_ 
    where
        coursemeet_.courseCode=? 
        and coursemeet_.day=? 
        and coursemeet_.period=? 
        and coursemeet_.location=?
14:17:55,980 DEBUG SQL:104 - 
    select
        coursemeet_.courseCode,
        coursemeet_.day,
        coursemeet_.period,
        coursemeet_.location 
    from
        CourseMeeting coursemeet_ 
    where
        coursemeet_.courseCode=? 
        and coursemeet_.day=? 
        and coursemeet_.period=? 
        and coursemeet_.location=?
14:17:55,981 DEBUG SQL:104 - 
    insert 
    into
        Course
        (description, courseCode) 
    values
        (?, ?)
14:17:55,981 DEBUG BaseGeneralDataRegion:59 - Caching[foo.org.hibernate.cache.spi.UpdateTimestampsCache] : [Course] -> [5579090886578176]
14:17:55,981 DEBUG SQL:104 - 
    insert 
    into
        CourseMeeting
        (courseCode, day, period, location) 
    values
        (?, ?, ?, ?)
14:17:55,981 DEBUG BaseGeneralDataRegion:59 - Caching[foo.org.hibernate.cache.spi.UpdateTimestampsCache] : [CourseMeeting] -> [5579090886578177]
14:17:55,987 DEBUG SQL:104 - 
    insert 
    into
        CourseMeeting
        (courseCode, day, period, location) 
    values
        (?, ?, ?, ?)
14:17:55,987 DEBUG BaseGeneralDataRegion:59 - Caching[foo.org.hibernate.cache.spi.UpdateTimestampsCache] : [CourseMeeting] -> [5579090886602752]
14:17:55,987 DEBUG SQL:104 - 
    insert 
    into
        Student
        (name_first, name_middle, name_last, preferredCourseCode, studentId) 
    values
        (?, ?, ?, ?, ?)
14:17:55,988 DEBUG BaseGeneralDataRegion:59 - Caching[foo.org.hibernate.cache.spi.UpdateTimestampsCache] : [Student] -> [5579090886606848]
14:17:55,988 DEBUG SQL:104 - 
    insert 
    into
        Address
        (addressType, street, city, stateProvince, postalCode, country, studentNumber, id) 
    values
        (?, ?, ?, ?, ?, ?, ?, ?)
14:17:55,988 DEBUG BaseGeneralDataRegion:59 - Caching[foo.org.hibernate.cache.spi.UpdateTimestampsCache] : [Address] -> [5579090886606849]
14:17:55,988 DEBUG SQL:104 - 
    insert 
    into
        Address
        (addressType, street, city, stateProvince, postalCode, country, studentNumber, id) 
    values
        (?, ?, ?, ?, ?, ?, ?, ?)
14:17:55,988 DEBUG BaseGeneralDataRegion:59 - Caching[foo.org.hibernate.cache.spi.UpdateTimestampsCache] : [Address] -> [5579090886606850]
14:17:55,988 DEBUG SQL:104 - 
    insert 
    into
        Student
        (name_first, name_middle, name_last, preferredCourseCode, studentId) 
    values
        (?, ?, ?, ?, ?)
14:17:55,989 DEBUG BaseGeneralDataRegion:59 - Caching[foo.org.hibernate.cache.spi.UpdateTimestampsCache] : [Student] -> [5579090886610944]
14:17:55,989 DEBUG SQL:104 - 
    insert 
    into
        Enrolment
        (semester, "year", studentId, courseCode) 
    values
        (?, ?, ?, ?)
14:17:55,989 DEBUG BaseGeneralDataRegion:59 - Caching[foo.org.hibernate.cache.spi.UpdateTimestampsCache] : [Enrolment] -> [5579090886610945]
14:17:55,989 DEBUG SQL:104 - 
    insert 
    into
        Enrolment
        (semester, "year", studentId, courseCode) 
    values
        (?, ?, ?, ?)
14:17:55,989 DEBUG BaseGeneralDataRegion:59 - Caching[foo.org.hibernate.cache.spi.UpdateTimestampsCache] : [Enrolment] -> [5579090886610946]
14:17:55,989 DEBUG BaseGeneralDataRegion:59 - Caching[foo.org.hibernate.cache.spi.UpdateTimestampsCache] : [CourseMeeting] -> [5579090886610947]
14:17:55,989 DEBUG BaseGeneralDataRegion:59 - Caching[foo.org.hibernate.cache.spi.UpdateTimestampsCache] : [Enrolment] -> [5579090886610948]
14:17:55,989 DEBUG SQL:104 - 
    update
        Address 
    set
        studentNumber=?,
        addressType=? 
    where
        id=?
14:17:56,000 DEBUG SQL:104 - 
    update
        Address 
    set
        studentNumber=?,
        addressType=? 
    where
        id=?
14:17:56,001 DEBUG BaseGeneralDataRegion:59 - Caching[foo.org.hibernate.cache.spi.UpdateTimestampsCache] : [Address] -> [5579090886660096]
14:17:56,001 DEBUG SQL:104 - 
    insert 
    into
        Student_secretCodes
        (studentNumber, i, secretCode) 
    values
        (?, ?, ?)
14:17:56,001 DEBUG BaseGeneralDataRegion:59 - Caching[foo.org.hibernate.cache.spi.UpdateTimestampsCache] : [Student_secretCodes] -> [5579090886660097]
14:17:56,001 DEBUG BaseGeneralDataRegion:59 - Caching[foo.org.hibernate.cache.spi.UpdateTimestampsCache] : [Enrolment] -> [5579090886660098]
14:17:56,001 DEBUG BaseGeneralDataRegion:59 - Caching[foo.org.hibernate.cache.spi.UpdateTimestampsCache] : [Address] -> [5579090886660099]
14:17:56,001 DEBUG SQL:104 - 
    insert 
    into
        Student_secretCodes
        (studentNumber, i, secretCode) 
    values
        (?, ?, ?)
14:17:56,010 DEBUG SQL:104 - 
    insert 
    into
        Student_secretCodes
        (studentNumber, i, secretCode) 
    values
        (?, ?, ?)
14:17:56,011 DEBUG BaseGeneralDataRegion:59 - Caching[foo.org.hibernate.cache.spi.UpdateTimestampsCache] : [Student_secretCodes] -> [5579090886701056]
14:17:56,011 DEBUG BaseGeneralDataRegion:59 - Caching[foo.org.hibernate.cache.spi.UpdateTimestampsCache] : [Student] -> [5579090640941057]
14:17:56,011 DEBUG BaseGeneralDataRegion:59 - Caching[foo.org.hibernate.cache.spi.UpdateTimestampsCache] : [Course] -> [5579090640941057]
14:17:56,011 DEBUG BaseGeneralDataRegion:59 - Caching[foo.org.hibernate.cache.spi.UpdateTimestampsCache] : [Enrolment] -> [5579090640941057]
14:17:56,011 DEBUG BaseGeneralDataRegion:59 - Caching[foo.org.hibernate.cache.spi.UpdateTimestampsCache] : [Student_secretCodes] -> [5579090640941057]
14:17:56,011 DEBUG BaseGeneralDataRegion:59 - Caching[foo.org.hibernate.cache.spi.UpdateTimestampsCache] : [Address] -> [5579090640941057]
14:17:56,011 DEBUG BaseGeneralDataRegion:59 - Caching[foo.org.hibernate.cache.spi.UpdateTimestampsCache] : [CourseMeeting] -> [5579090640941057]
14:17:56,012 DEBUG SQL:104 - 
    select
        min(this_.studentId) as y0_,
        max(this_.studentId) as y1_ 
    from
        Enrolment this_
14:17:56,013 DEBUG SQL:104 - 
    select
        min(this_.studentId) as y0_,
        max(this_.studentId) as y1_ 
    from
        Enrolment this_
14:17:56,013 DEBUG SQL:104 - 
    select
        student_.studentId,
        student_.name_first as name2_4_,
        student_.name_middle as name3_4_,
        student_.name_last as name4_4_,
        student_.preferredCourseCode as preferre5_4_ 
    from
        Student student_ 
    where
        student_.studentId=?
14:17:56,013 DEBUG SQL:104 - 
    select
        enrolment_.studentId,
        enrolment_.courseCode,
        enrolment_.semester as semester3_,
        enrolment_."year" as year4_3_ 
    from
        Enrolment enrolment_ 
    where
        enrolment_.studentId=? 
        and enrolment_.courseCode=?
14:17:56,034 DEBUG SQL:104 - 
    select
        course_.courseCode,
        course_.description as descript2_1_ 
    from
        Course course_ 
    where
        course_.courseCode=?
14:17:56,034 DEBUG SQL:104 - 
    select
        student_.studentId,
        student_.name_first as name2_4_,
        student_.name_middle as name3_4_,
        student_.name_last as name4_4_,
        student_.preferredCourseCode as preferre5_4_ 
    from
        Student student_ 
    where
        student_.studentId=?
14:17:56,034 DEBUG SQL:104 - 
    select
        enrolment_.studentId,
        enrolment_.courseCode,
        enrolment_.semester as semester3_,
        enrolment_."year" as year4_3_ 
    from
        Enrolment enrolment_ 
    where
        enrolment_.studentId=? 
        and enrolment_.courseCode=?
14:17:56,045 DEBUG SQL:104 - 
    select
        coursemeet_.courseCode,
        coursemeet_.day,
        coursemeet_.period,
        coursemeet_.location 
    from
        CourseMeeting coursemeet_ 
    where
        coursemeet_.courseCode=? 
        and coursemeet_.day=? 
        and coursemeet_.period=? 
        and coursemeet_.location=?
14:17:56,045 DEBUG SQL:104 - 
    select
        coursemeet_.courseCode,
        coursemeet_.day,
        coursemeet_.period,
        coursemeet_.location 
    from
        CourseMeeting coursemeet_ 
    where
        coursemeet_.courseCode=? 
        and coursemeet_.day=? 
        and coursemeet_.period=? 
        and coursemeet_.location=?
14:17:56,056 DEBUG BaseGeneralDataRegion:59 - Caching[foo.org.hibernate.cache.spi.UpdateTimestampsCache] : [Enrolment] -> [5579090886885376]
14:17:56,056 DEBUG SQL:104 - 
    update
        Address 
    set
        studentNumber=null,
        addressType=null 
    where
        studentNumber=?
14:17:56,056 DEBUG BaseGeneralDataRegion:59 - Caching[foo.org.hibernate.cache.spi.UpdateTimestampsCache] : [Address] -> [5579090886885377]
14:17:56,056 DEBUG SQL:104 - 
    delete 
    from
        Student_secretCodes 
    where
        studentNumber=?
14:17:56,057 DEBUG BaseGeneralDataRegion:59 - Caching[foo.org.hibernate.cache.spi.UpdateTimestampsCache] : [Student_secretCodes] -> [5579090886889472]
14:17:56,057 DEBUG BaseGeneralDataRegion:59 - Caching[foo.org.hibernate.cache.spi.UpdateTimestampsCache] : [Enrolment] -> [5579090886889473]
14:17:56,057 DEBUG BaseGeneralDataRegion:59 - Caching[foo.org.hibernate.cache.spi.UpdateTimestampsCache] : [Address] -> [5579090886889474]
14:17:56,057 DEBUG SQL:104 - 
    delete 
    from
        Student_secretCodes 
    where
        studentNumber=?
14:17:56,057 DEBUG BaseGeneralDataRegion:59 - Caching[foo.org.hibernate.cache.spi.UpdateTimestampsCache] : [Student_secretCodes] -> [5579090886889475]
14:17:56,057 DEBUG BaseGeneralDataRegion:59 - Caching[foo.org.hibernate.cache.spi.UpdateTimestampsCache] : [CourseMeeting] -> [5579090886889476]
14:17:56,057 DEBUG SQL:104 - 
    delete 
    from
        Enrolment 
    where
        studentId=? 
        and courseCode=?
14:17:56,065 DEBUG BaseGeneralDataRegion:59 - Caching[foo.org.hibernate.cache.spi.UpdateTimestampsCache] : [Enrolment] -> [5579090886922240]
14:17:56,065 DEBUG SQL:104 - 
    delete 
    from
        Address 
    where
        id=?
14:17:56,065 DEBUG BaseGeneralDataRegion:59 - Caching[foo.org.hibernate.cache.spi.UpdateTimestampsCache] : [Address] -> [5579090886922241]
14:17:56,066 DEBUG SQL:104 - 
    delete 
    from
        Address 
    where
        id=?
14:17:56,066 DEBUG BaseGeneralDataRegion:59 - Caching[foo.org.hibernate.cache.spi.UpdateTimestampsCache] : [Address] -> [5579090886926336]
14:17:56,066 DEBUG SQL:104 - 
    delete 
    from
        Student 
    where
        studentId=?
14:17:56,066 DEBUG BaseGeneralDataRegion:59 - Caching[foo.org.hibernate.cache.spi.UpdateTimestampsCache] : [Student] -> [5579090886926337]
14:17:56,066 DEBUG SQL:104 - 
    delete 
    from
        Enrolment 
    where
        studentId=? 
        and courseCode=?
14:17:56,075 DEBUG BaseGeneralDataRegion:59 - Caching[foo.org.hibernate.cache.spi.UpdateTimestampsCache] : [Enrolment] -> [5579090886963200]
14:17:56,075 DEBUG SQL:104 - 
    delete 
    from
        Student 
    where
        studentId=?
14:17:56,075 DEBUG BaseGeneralDataRegion:59 - Caching[foo.org.hibernate.cache.spi.UpdateTimestampsCache] : [Student] -> [5579090886963201]
14:17:56,075 DEBUG SQL:104 - 
    delete 
    from
        CourseMeeting 
    where
        courseCode=? 
        and day=? 
        and period=? 
        and location=?
14:17:56,076 DEBUG BaseGeneralDataRegion:59 - Caching[foo.org.hibernate.cache.spi.UpdateTimestampsCache] : [CourseMeeting] -> [5579090886967296]
14:17:56,076 DEBUG SQL:104 - 
    delete 
    from
        CourseMeeting 
    where
        courseCode=? 
        and day=? 
        and period=? 
        and location=?
14:17:56,085 DEBUG BaseGeneralDataRegion:59 - Caching[foo.org.hibernate.cache.spi.UpdateTimestampsCache] : [CourseMeeting] -> [5579090887004160]
14:17:56,085 DEBUG SQL:104 - 
    delete 
    from
        Course 
    where
        courseCode=?
14:17:56,086 DEBUG BaseGeneralDataRegion:59 - Caching[foo.org.hibernate.cache.spi.UpdateTimestampsCache] : [Course] -> [5579090887008256]
14:17:56,086 DEBUG BaseGeneralDataRegion:59 - Caching[foo.org.hibernate.cache.spi.UpdateTimestampsCache] : [Student] -> [5579090641248257]
14:17:56,086 DEBUG BaseGeneralDataRegion:59 - Caching[foo.org.hibernate.cache.spi.UpdateTimestampsCache] : [Course] -> [5579090641248257]
14:17:56,086 DEBUG BaseGeneralDataRegion:59 - Caching[foo.org.hibernate.cache.spi.UpdateTimestampsCache] : [Enrolment] -> [5579090641248257]
14:17:56,086 DEBUG BaseGeneralDataRegion:59 - Caching[foo.org.hibernate.cache.spi.UpdateTimestampsCache] : [Student_secretCodes] -> [5579090641248257]
14:17:56,086 DEBUG BaseGeneralDataRegion:59 - Caching[foo.org.hibernate.cache.spi.UpdateTimestampsCache] : [Address] -> [5579090641248257]
14:17:56,086 DEBUG BaseGeneralDataRegion:59 - Caching[foo.org.hibernate.cache.spi.UpdateTimestampsCache] : [CourseMeeting] -> [5579090641248257]
14:17:56,087  INFO CustomRunner:139 - Test: testMultiEntityProjectionAliasedList
14:17:56,114 DEBUG SQL:104 - 
    select
        coursemeet_.courseCode,
        coursemeet_.day,
        coursemeet_.period,
        coursemeet_.location 
    from
        CourseMeeting coursemeet_ 
    where
        coursemeet_.courseCode=? 
        and coursemeet_.day=? 
        and coursemeet_.period=? 
        and coursemeet_.location=?
14:17:56,115 DEBUG SQL:104 - 
    select
        coursemeet_.courseCode,
        coursemeet_.day,
        coursemeet_.period,
        coursemeet_.location 
    from
        CourseMeeting coursemeet_ 
    where
        coursemeet_.courseCode=? 
        and coursemeet_.day=? 
        and coursemeet_.period=? 
        and coursemeet_.location=?
14:17:56,116 DEBUG SQL:104 - 
    insert 
    into
        Course
        (description, courseCode) 
    values
        (?, ?)
14:17:56,116 DEBUG BaseGeneralDataRegion:59 - Caching[foo.org.hibernate.cache.spi.UpdateTimestampsCache] : [Course] -> [5579090887131136]
14:17:56,116 DEBUG SQL:104 - 
    insert 
    into
        CourseMeeting
        (courseCode, day, period, location) 
    values
        (?, ?, ?, ?)
14:17:56,116 DEBUG BaseGeneralDataRegion:59 - Caching[foo.org.hibernate.cache.spi.UpdateTimestampsCache] : [CourseMeeting] -> [5579090887131137]
14:17:56,116 DEBUG SQL:104 - 
    insert 
    into
        CourseMeeting
        (courseCode, day, period, location) 
    values
        (?, ?, ?, ?)
14:17:56,117 DEBUG BaseGeneralDataRegion:59 - Caching[foo.org.hibernate.cache.spi.UpdateTimestampsCache] : [CourseMeeting] -> [5579090887135232]
14:17:56,117 DEBUG SQL:104 - 
    insert 
    into
        Student
        (name_first, name_middle, name_last, preferredCourseCode, studentId) 
    values
        (?, ?, ?, ?, ?)
14:17:56,117 DEBUG BaseGeneralDataRegion:59 - Caching[foo.org.hibernate.cache.spi.UpdateTimestampsCache] : [Student] -> [5579090887135233]
14:17:56,117 DEBUG SQL:104 - 
    insert 
    into
        Address
        (addressType, street, city, stateProvince, postalCode, country, studentNumber, id) 
    values
        (?, ?, ?, ?, ?, ?, ?, ?)
14:17:56,117 DEBUG BaseGeneralDataRegion:59 - Caching[foo.org.hibernate.cache.spi.UpdateTimestampsCache] : [Address] -> [5579090887135234]
14:17:56,117 DEBUG SQL:104 - 
    insert 
    into
        Address
        (addressType, street, city, stateProvince, postalCode, country, studentNumber, id) 
    values
        (?, ?, ?, ?, ?, ?, ?, ?)
14:17:56,119 DEBUG BaseGeneralDataRegion:59 - Caching[foo.org.hibernate.cache.spi.UpdateTimestampsCache] : [Address] -> [5579090887143424]
14:17:56,119 DEBUG SQL:104 - 
    insert 
    into
        Student
        (name_first, name_middle, name_last, preferredCourseCode, studentId) 
    values
        (?, ?, ?, ?, ?)
14:17:56,119 DEBUG BaseGeneralDataRegion:59 - Caching[foo.org.hibernate.cache.spi.UpdateTimestampsCache] : [Student] -> [5579090887143425]
14:17:56,120 DEBUG SQL:104 - 
    insert 
    into
        Enrolment
        (semester, "year", studentId, courseCode) 
    values
        (?, ?, ?, ?)
14:17:56,120 DEBUG BaseGeneralDataRegion:59 - Caching[foo.org.hibernate.cache.spi.UpdateTimestampsCache] : [Enrolment] -> [5579090887147520]
14:17:56,120 DEBUG SQL:104 - 
    insert 
    into
        Enrolment
        (semester, "year", studentId, courseCode) 
    values
        (?, ?, ?, ?)
14:17:56,120 DEBUG BaseGeneralDataRegion:59 - Caching[foo.org.hibernate.cache.spi.UpdateTimestampsCache] : [Enrolment] -> [5579090887147521]
14:17:56,120 DEBUG BaseGeneralDataRegion:59 - Caching[foo.org.hibernate.cache.spi.UpdateTimestampsCache] : [CourseMeeting] -> [5579090887147522]
14:17:56,120 DEBUG BaseGeneralDataRegion:59 - Caching[foo.org.hibernate.cache.spi.UpdateTimestampsCache] : [Enrolment] -> [5579090887147523]
14:17:56,120 DEBUG SQL:104 - 
    update
        Address 
    set
        studentNumber=?,
        addressType=? 
    where
        id=?
14:17:56,121 DEBUG SQL:104 - 
    update
        Address 
    set
        studentNumber=?,
        addressType=? 
    where
        id=?
14:17:56,121 DEBUG BaseGeneralDataRegion:59 - Caching[foo.org.hibernate.cache.spi.UpdateTimestampsCache] : [Address] -> [5579090887151616]
14:17:56,121 DEBUG SQL:104 - 
    insert 
    into
        Student_secretCodes
        (studentNumber, i, secretCode) 
    values
        (?, ?, ?)
14:17:56,121 DEBUG BaseGeneralDataRegion:59 - Caching[foo.org.hibernate.cache.spi.UpdateTimestampsCache] : [Student_secretCodes] -> [5579090887151617]
14:17:56,121 DEBUG BaseGeneralDataRegion:59 - Caching[foo.org.hibernate.cache.spi.UpdateTimestampsCache] : [Enrolment] -> [5579090887151618]
14:17:56,121 DEBUG BaseGeneralDataRegion:59 - Caching[foo.org.hibernate.cache.spi.UpdateTimestampsCache] : [Address] -> [5579090887151619]
14:17:56,121 DEBUG SQL:104 - 
    insert 
    into
        Student_secretCodes
        (studentNumber, i, secretCode) 
    values
        (?, ?, ?)
14:17:56,132 DEBUG SQL:104 - 
    insert 
    into
        Student_secretCodes
        (studentNumber, i, secretCode) 
    values
        (?, ?, ?)
14:17:56,133 DEBUG BaseGeneralDataRegion:59 - Caching[foo.org.hibernate.cache.spi.UpdateTimestampsCache] : [Student_secretCodes] -> [5579090887200768]
14:17:56,133 DEBUG BaseGeneralDataRegion:59 - Caching[foo.org.hibernate.cache.spi.UpdateTimestampsCache] : [Student] -> [5579090641440769]
14:17:56,133 DEBUG BaseGeneralDataRegion:59 - Caching[foo.org.hibernate.cache.spi.UpdateTimestampsCache] : [Course] -> [5579090641440769]
14:17:56,133 DEBUG BaseGeneralDataRegion:59 - Caching[foo.org.hibernate.cache.spi.UpdateTimestampsCache] : [Enrolment] -> [5579090641440769]
14:17:56,133 DEBUG BaseGeneralDataRegion:59 - Caching[foo.org.hibernate.cache.spi.UpdateTimestampsCache] : [Student_secretCodes] -> [5579090641440769]
14:17:56,138 DEBUG BaseGeneralDataRegion:59 - Caching[foo.org.hibernate.cache.spi.UpdateTimestampsCache] : [Address] -> [5579090641440769]
14:17:56,138 DEBUG BaseGeneralDataRegion:59 - Caching[foo.org.hibernate.cache.spi.UpdateTimestampsCache] : [CourseMeeting] -> [5579090641440769]
14:17:56,139 DEBUG SQL:104 - 
    select
        this_.studentId as y0_,
        this_.semester as y1_,
        this_."year" as y2_,
        this_.courseCode as y3_ 
    from
        Enrolment this_ 
    order by
        this_.studentId asc
14:17:56,139 DEBUG SQL:104 - 
    select
        course0_.courseCode as courseCode1_0_,
        course0_.description as descript2_1_0_ 
    from
        Course course0_ 
    where
        course0_.courseCode=?
14:17:56,143 DEBUG SQL:104 - 
    select
        coursemeet0_.courseCode as courseCode1_1_,
        coursemeet0_.courseCode as courseCode2_1_,
        coursemeet0_.day as day2_1_,
        coursemeet0_.period as period2_1_,
        coursemeet0_.location as location2_1_,
        coursemeet0_.courseCode as courseCode2_0_,
        coursemeet0_.day as day2_0_,
        coursemeet0_.period as period2_0_,
        coursemeet0_.location as location2_0_ 
    from
        CourseMeeting coursemeet0_ 
    where
        coursemeet0_.courseCode=?
14:17:56,145 DEBUG SQL:104 - 
    select
        this_.studentId as y0_,
        this_.semester as y1_,
        this_."year" as y2_,
        this_.courseCode as y3_ 
    from
        Enrolment this_ 
    order by
        this_.studentId asc
14:17:56,146 DEBUG SQL:104 - 
    select
        course0_.courseCode as courseCode1_0_,
        course0_.description as descript2_1_0_ 
    from
        Course course0_ 
    where
        course0_.courseCode=?
14:17:56,147 DEBUG SQL:104 - 
    select
        coursemeet0_.courseCode as courseCode1_1_,
        coursemeet0_.courseCode as courseCode2_1_,
        coursemeet0_.day as day2_1_,
        coursemeet0_.period as period2_1_,
        coursemeet0_.location as location2_1_,
        coursemeet0_.courseCode as courseCode2_0_,
        coursemeet0_.day as day2_0_,
        coursemeet0_.period as period2_0_,
        coursemeet0_.location as location2_0_ 
    from
        CourseMeeting coursemeet0_ 
    where
        coursemeet0_.courseCode=?
14:17:56,169 DEBUG SQL:104 - 
    select
        student_.studentId,
        student_.name_first as name2_4_,
        student_.name_middle as name3_4_,
        student_.name_last as name4_4_,
        student_.preferredCourseCode as preferre5_4_ 
    from
        Student student_ 
    where
        student_.studentId=?
14:17:56,170 DEBUG SQL:104 - 
    select
        enrolment_.studentId,
        enrolment_.courseCode,
        enrolment_.semester as semester3_,
        enrolment_."year" as year4_3_ 
    from
        Enrolment enrolment_ 
    where
        enrolment_.studentId=? 
        and enrolment_.courseCode=?
14:17:56,170 DEBUG SQL:104 - 
    select
        course_.courseCode,
        course_.description as descript2_1_ 
    from
        Course course_ 
    where
        course_.courseCode=?
14:17:56,180 DEBUG SQL:104 - 
    select
        student_.studentId,
        student_.name_first as name2_4_,
        student_.name_middle as name3_4_,
        student_.name_last as name4_4_,
        student_.preferredCourseCode as preferre5_4_ 
    from
        Student student_ 
    where
        student_.studentId=?
14:17:56,180 DEBUG SQL:104 - 
    select
        enrolment_.studentId,
        enrolment_.courseCode,
        enrolment_.semester as semester3_,
        enrolment_."year" as year4_3_ 
    from
        Enrolment enrolment_ 
    where
        enrolment_.studentId=? 
        and enrolment_.courseCode=?
14:17:56,180 DEBUG SQL:104 - 
    select
        coursemeet_.courseCode,
        coursemeet_.day,
        coursemeet_.period,
        coursemeet_.location 
    from
        CourseMeeting coursemeet_ 
    where
        coursemeet_.courseCode=? 
        and coursemeet_.day=? 
        and coursemeet_.period=? 
        and coursemeet_.location=?
14:17:56,192 DEBUG SQL:104 - 
    select
        coursemeet_.courseCode,
        coursemeet_.day,
        coursemeet_.period,
        coursemeet_.location 
    from
        CourseMeeting coursemeet_ 
    where
        coursemeet_.courseCode=? 
        and coursemeet_.day=? 
        and coursemeet_.period=? 
        and coursemeet_.location=?
14:17:56,193 DEBUG BaseGeneralDataRegion:59 - Caching[foo.org.hibernate.cache.spi.UpdateTimestampsCache] : [Enrolment] -> [5579090887446528]
14:17:56,193 DEBUG SQL:104 - 
    update
        Address 
    set
        studentNumber=null,
        addressType=null 
    where
        studentNumber=?
14:17:56,219 DEBUG BaseGeneralDataRegion:59 - Caching[foo.org.hibernate.cache.spi.UpdateTimestampsCache] : [Address] -> [5579090887548928]
14:17:56,219 DEBUG SQL:104 - 
    delete 
    from
        Student_secretCodes 
    where
        studentNumber=?
14:17:56,219 DEBUG BaseGeneralDataRegion:59 - Caching[foo.org.hibernate.cache.spi.UpdateTimestampsCache] : [Student_secretCodes] -> [5579090887553024]
14:17:56,220 DEBUG BaseGeneralDataRegion:59 - Caching[foo.org.hibernate.cache.spi.UpdateTimestampsCache] : [Enrolment] -> [5579090887557120]
14:17:56,220 DEBUG BaseGeneralDataRegion:59 - Caching[foo.org.hibernate.cache.spi.UpdateTimestampsCache] : [Address] -> [5579090887557121]
14:17:56,220 DEBUG SQL:104 - 
    delete 
    from
        Student_secretCodes 
    where
        studentNumber=?
14:17:56,220 DEBUG BaseGeneralDataRegion:59 - Caching[foo.org.hibernate.cache.spi.UpdateTimestampsCache] : [Student_secretCodes] -> [5579090887557122]
14:17:56,221 DEBUG BaseGeneralDataRegion:59 - Caching[foo.org.hibernate.cache.spi.UpdateTimestampsCache] : [CourseMeeting] -> [5579090887561216]
14:17:56,222 DEBUG SQL:104 - 
    delete 
    from
        Enrolment 
    where
        studentId=? 
        and courseCode=?
14:17:56,222 DEBUG BaseGeneralDataRegion:59 - Caching[foo.org.hibernate.cache.spi.UpdateTimestampsCache] : [Enrolment] -> [5579090887565312]
14:17:56,232 DEBUG SQL:104 - 
    delete 
    from
        Address 
    where
        id=?
14:17:56,233 DEBUG BaseGeneralDataRegion:59 - Caching[foo.org.hibernate.cache.spi.UpdateTimestampsCache] : [Address] -> [5579090887610368]
14:17:56,233 DEBUG SQL:104 - 
    delete 
    from
        Address 
    where
        id=?
14:17:56,234 DEBUG BaseGeneralDataRegion:59 - Caching[foo.org.hibernate.cache.spi.UpdateTimestampsCache] : [Address] -> [5579090887614464]
14:17:56,234 DEBUG SQL:104 - 
    delete 
    from
        Student 
    where
        studentId=?
14:17:56,234 DEBUG BaseGeneralDataRegion:59 - Caching[foo.org.hibernate.cache.spi.UpdateTimestampsCache] : [Student] -> [5579090887614465]
14:17:56,234 DEBUG SQL:104 - 
    delete 
    from
        Enrolment 
    where
        studentId=? 
        and courseCode=?
14:17:56,234 DEBUG BaseGeneralDataRegion:59 - Caching[foo.org.hibernate.cache.spi.UpdateTimestampsCache] : [Enrolment] -> [5579090887614466]
14:17:56,234 DEBUG SQL:104 - 
    delete 
    from
        Student 
    where
        studentId=?
14:17:56,243 DEBUG BaseGeneralDataRegion:59 - Caching[foo.org.hibernate.cache.spi.UpdateTimestampsCache] : [Student] -> [5579090887651328]
14:17:56,243 DEBUG SQL:104 - 
    delete 
    from
        CourseMeeting 
    where
        courseCode=? 
        and day=? 
        and period=? 
        and location=?
14:17:56,244 DEBUG BaseGeneralDataRegion:59 - Caching[foo.org.hibernate.cache.spi.UpdateTimestampsCache] : [CourseMeeting] -> [5579090887655424]
14:17:56,244 DEBUG SQL:104 - 
    delete 
    from
        CourseMeeting 
    where
        courseCode=? 
        and day=? 
        and period=? 
        and location=?
14:17:56,244 DEBUG BaseGeneralDataRegion:59 - Caching[foo.org.hibernate.cache.spi.UpdateTimestampsCache] : [CourseMeeting] -> [5579090887655425]
14:17:56,245 DEBUG SQL:104 - 
    delete 
    from
        Course 
    where
        courseCode=?
14:17:56,245 DEBUG BaseGeneralDataRegion:59 - Caching[foo.org.hibernate.cache.spi.UpdateTimestampsCache] : [Course] -> [5579090887659520]
14:17:56,245 DEBUG BaseGeneralDataRegion:59 - Caching[foo.org.hibernate.cache.spi.UpdateTimestampsCache] : [Student] -> [5579090641899521]
14:17:56,245 DEBUG BaseGeneralDataRegion:59 - Caching[foo.org.hibernate.cache.spi.UpdateTimestampsCache] : [Course] -> [5579090641899521]
14:17:56,246 DEBUG BaseGeneralDataRegion:59 - Caching[foo.org.hibernate.cache.spi.UpdateTimestampsCache] : [Enrolment] -> [5579090641899521]
14:17:56,246 DEBUG BaseGeneralDataRegion:59 - Caching[foo.org.hibernate.cache.spi.UpdateTimestampsCache] : [Student_secretCodes] -> [5579090641899521]
14:17:56,246 DEBUG BaseGeneralDataRegion:59 - Caching[foo.org.hibernate.cache.spi.UpdateTimestampsCache] : [Address] -> [5579090641899521]
14:17:56,246 DEBUG BaseGeneralDataRegion:59 - Caching[foo.org.hibernate.cache.spi.UpdateTimestampsCache] : [CourseMeeting] -> [5579090641899521]
14:17:56,246  INFO CustomRunner:139 - Test: testMultiEntityProjectionList
14:17:56,248 DEBUG SQL:104 - 
    select
        coursemeet_.courseCode,
        coursemeet_.day,
        coursemeet_.period,
        coursemeet_.location 
    from
        CourseMeeting coursemeet_ 
    where
        coursemeet_.courseCode=? 
        and coursemeet_.day=? 
        and coursemeet_.period=? 
        and coursemeet_.location=?
14:17:56,249 DEBUG SQL:104 - 
    select
        coursemeet_.courseCode,
        coursemeet_.day,
        coursemeet_.period,
        coursemeet_.location 
    from
        CourseMeeting coursemeet_ 
    where
        coursemeet_.courseCode=? 
        and coursemeet_.day=? 
        and coursemeet_.period=? 
        and coursemeet_.location=?
14:17:56,258 DEBUG SQL:104 - 
    insert 
    into
        Course
        (description, courseCode) 
    values
        (?, ?)
14:17:56,259 DEBUG BaseGeneralDataRegion:59 - Caching[foo.org.hibernate.cache.spi.UpdateTimestampsCache] : [Course] -> [5579090887716864]
14:17:56,259 DEBUG SQL:104 - 
    insert 
    into
        CourseMeeting
        (courseCode, day, period, location) 
    values
        (?, ?, ?, ?)
14:17:56,259 DEBUG BaseGeneralDataRegion:59 - Caching[foo.org.hibernate.cache.spi.UpdateTimestampsCache] : [CourseMeeting] -> [5579090887716865]
14:17:56,259 DEBUG SQL:104 - 
    insert 
    into
        CourseMeeting
        (courseCode, day, period, location) 
    values
        (?, ?, ?, ?)
14:17:56,268 DEBUG BaseGeneralDataRegion:59 - Caching[foo.org.hibernate.cache.spi.UpdateTimestampsCache] : [CourseMeeting] -> [5579090887753728]
14:17:56,269 DEBUG SQL:104 - 
    insert 
    into
        Student
        (name_first, name_middle, name_last, preferredCourseCode, studentId) 
    values
        (?, ?, ?, ?, ?)
14:17:56,269 DEBUG BaseGeneralDataRegion:59 - Caching[foo.org.hibernate.cache.spi.UpdateTimestampsCache] : [Student] -> [5579090887757824]
14:17:56,269 DEBUG SQL:104 - 
    insert 
    into
        Address
        (addressType, street, city, stateProvince, postalCode, country, studentNumber, id) 
    values
        (?, ?, ?, ?, ?, ?, ?, ?)
14:17:56,269 DEBUG BaseGeneralDataRegion:59 - Caching[foo.org.hibernate.cache.spi.UpdateTimestampsCache] : [Address] -> [5579090887757825]
14:17:56,269 DEBUG SQL:104 - 
    insert 
    into
        Address
        (addressType, street, city, stateProvince, postalCode, country, studentNumber, id) 
    values
        (?, ?, ?, ?, ?, ?, ?, ?)
14:17:56,269 DEBUG BaseGeneralDataRegion:59 - Caching[foo.org.hibernate.cache.spi.UpdateTimestampsCache] : [Address] -> [5579090887757826]
14:17:56,269 DEBUG SQL:104 - 
    insert 
    into
        Student
        (name_first, name_middle, name_last, preferredCourseCode, studentId) 
    values
        (?, ?, ?, ?, ?)
14:17:56,270 DEBUG BaseGeneralDataRegion:59 - Caching[foo.org.hibernate.cache.spi.UpdateTimestampsCache] : [Student] -> [5579090887761920]
14:17:56,270 DEBUG SQL:104 - 
    insert 
    into
        Enrolment
        (semester, "year", studentId, courseCode) 
    values
        (?, ?, ?, ?)
14:17:56,270 DEBUG BaseGeneralDataRegion:59 - Caching[foo.org.hibernate.cache.spi.UpdateTimestampsCache] : [Enrolment] -> [5579090887761921]
14:17:56,270 DEBUG SQL:104 - 
    insert 
    into
        Enrolment
        (semester, "year", studentId, courseCode) 
    values
        (?, ?, ?, ?)
14:17:56,315 DEBUG BaseGeneralDataRegion:59 - Caching[foo.org.hibernate.cache.spi.UpdateTimestampsCache] : [Enrolment] -> [5579090887946240]
14:17:56,316 DEBUG BaseGeneralDataRegion:59 - Caching[foo.org.hibernate.cache.spi.UpdateTimestampsCache] : [CourseMeeting] -> [5579090887950336]
14:17:56,316 DEBUG BaseGeneralDataRegion:59 - Caching[foo.org.hibernate.cache.spi.UpdateTimestampsCache] : [Enrolment] -> [5579090887950337]
14:17:56,316 DEBUG SQL:104 - 
    update
        Address 
    set
        studentNumber=?,
        addressType=? 
    where
        id=?
14:17:56,318 DEBUG SQL:104 - 
    update
        Address 
    set
        studentNumber=?,
        addressType=? 
    where
        id=?
14:17:56,318 DEBUG BaseGeneralDataRegion:59 - Caching[foo.org.hibernate.cache.spi.UpdateTimestampsCache] : [Address] -> [5579090887958528]
14:17:56,318 DEBUG SQL:104 - 
    insert 
    into
        Student_secretCodes
        (studentNumber, i, secretCode) 
    values
        (?, ?, ?)
14:17:56,319 DEBUG BaseGeneralDataRegion:59 - Caching[foo.org.hibernate.cache.spi.UpdateTimestampsCache] : [Student_secretCodes] -> [5579090887962624]
14:17:56,319 DEBUG BaseGeneralDataRegion:59 - Caching[foo.org.hibernate.cache.spi.UpdateTimestampsCache] : [Enrolment] -> [5579090887962625]
14:17:56,319 DEBUG BaseGeneralDataRegion:59 - Caching[foo.org.hibernate.cache.spi.UpdateTimestampsCache] : [Address] -> [5579090887962626]
14:17:56,319 DEBUG SQL:104 - 
    insert 
    into
        Student_secretCodes
        (studentNumber, i, secretCode) 
    values
        (?, ?, ?)
14:17:56,319 DEBUG SQL:104 - 
    insert 
    into
        Student_secretCodes
        (studentNumber, i, secretCode) 
    values
        (?, ?, ?)
14:17:56,319 DEBUG BaseGeneralDataRegion:59 - Caching[foo.org.hibernate.cache.spi.UpdateTimestampsCache] : [Student_secretCodes] -> [5579090887962627]
14:17:56,319 DEBUG BaseGeneralDataRegion:59 - Caching[foo.org.hibernate.cache.spi.UpdateTimestampsCache] : [Student] -> [5579090642202628]
14:17:56,320 DEBUG BaseGeneralDataRegion:59 - Caching[foo.org.hibernate.cache.spi.UpdateTimestampsCache] : [Course] -> [5579090642202628]
14:17:56,320 DEBUG BaseGeneralDataRegion:59 - Caching[foo.org.hibernate.cache.spi.UpdateTimestampsCache] : [Enrolment] -> [5579090642202628]
14:17:56,320 DEBUG BaseGeneralDataRegion:59 - Caching[foo.org.hibernate.cache.spi.UpdateTimestampsCache] : [Student_secretCodes] -> [5579090642202628]
14:17:56,320 DEBUG BaseGeneralDataRegion:59 - Caching[foo.org.hibernate.cache.spi.UpdateTimestampsCache] : [Address] -> [5579090642202628]
14:17:56,320 DEBUG BaseGeneralDataRegion:59 - Caching[foo.org.hibernate.cache.spi.UpdateTimestampsCache] : [CourseMeeting] -> [5579090642202628]
14:17:56,320 DEBUG SQL:104 - 
    select
        this_.studentId as y0_,
        this_.semester as y1_,
        this_."year" as y2_,
        this_.courseCode as y3_ 
    from
        Enrolment this_ 
    order by
        this_.studentId asc
14:17:56,321 DEBUG SQL:104 - 
    select
        course0_.courseCode as courseCode1_0_,
        course0_.description as descript2_1_0_ 
    from
        Course course0_ 
    where
        course0_.courseCode=?
14:17:56,338 DEBUG SQL:104 - 
    select
        coursemeet0_.courseCode as courseCode1_1_,
        coursemeet0_.courseCode as courseCode2_1_,
        coursemeet0_.day as day2_1_,
        coursemeet0_.period as period2_1_,
        coursemeet0_.location as location2_1_,
        coursemeet0_.courseCode as courseCode2_0_,
        coursemeet0_.day as day2_0_,
        coursemeet0_.period as period2_0_,
        coursemeet0_.location as location2_0_ 
    from
        CourseMeeting coursemeet0_ 
    where
        coursemeet0_.courseCode=?
14:17:56,339 DEBUG SQL:104 - 
    select
        this_.studentId as y0_,
        this_.semester as y1_,
        this_."year" as y2_,
        this_.courseCode as y3_ 
    from
        Enrolment this_ 
    order by
        this_.studentId asc
14:17:56,340 DEBUG SQL:104 - 
    select
        course0_.courseCode as courseCode1_0_,
        course0_.description as descript2_1_0_ 
    from
        Course course0_ 
    where
        course0_.courseCode=?
14:17:56,349 DEBUG SQL:104 - 
    select
        coursemeet0_.courseCode as courseCode1_1_,
        coursemeet0_.courseCode as courseCode2_1_,
        coursemeet0_.day as day2_1_,
        coursemeet0_.period as period2_1_,
        coursemeet0_.location as location2_1_,
        coursemeet0_.courseCode as courseCode2_0_,
        coursemeet0_.day as day2_0_,
        coursemeet0_.period as period2_0_,
        coursemeet0_.location as location2_0_ 
    from
        CourseMeeting coursemeet0_ 
    where
        coursemeet0_.courseCode=?
14:17:56,351 DEBUG SQL:104 - 
    select
        student_.studentId,
        student_.name_first as name2_4_,
        student_.name_middle as name3_4_,
        student_.name_last as name4_4_,
        student_.preferredCourseCode as preferre5_4_ 
    from
        Student student_ 
    where
        student_.studentId=?
14:17:56,352 DEBUG SQL:104 - 
    select
        enrolment_.studentId,
        enrolment_.courseCode,
        enrolment_.semester as semester3_,
        enrolment_."year" as year4_3_ 
    from
        Enrolment enrolment_ 
    where
        enrolment_.studentId=? 
        and enrolment_.courseCode=?
14:17:56,360 DEBUG SQL:104 - 
    select
        course_.courseCode,
        course_.description as descript2_1_ 
    from
        Course course_ 
    where
        course_.courseCode=?
14:17:56,361 DEBUG SQL:104 - 
    select
        student_.studentId,
        student_.name_first as name2_4_,
        student_.name_middle as name3_4_,
        student_.name_last as name4_4_,
        student_.preferredCourseCode as preferre5_4_ 
    from
        Student student_ 
    where
        student_.studentId=?
14:17:56,361 DEBUG SQL:104 - 
    select
        enrolment_.studentId,
        enrolment_.courseCode,
        enrolment_.semester as semester3_,
        enrolment_."year" as year4_3_ 
    from
        Enrolment enrolment_ 
    where
        enrolment_.studentId=? 
        and enrolment_.courseCode=?
14:17:56,362 DEBUG SQL:104 - 
    select
        coursemeet_.courseCode,
        coursemeet_.day,
        coursemeet_.period,
        coursemeet_.location 
    from
        CourseMeeting coursemeet_ 
    where
        coursemeet_.courseCode=? 
        and coursemeet_.day=? 
        and coursemeet_.period=? 
        and coursemeet_.location=?
14:17:56,362 DEBUG SQL:104 - 
    select
        coursemeet_.courseCode,
        coursemeet_.day,
        coursemeet_.period,
        coursemeet_.location 
    from
        CourseMeeting coursemeet_ 
    where
        coursemeet_.courseCode=? 
        and coursemeet_.day=? 
        and coursemeet_.period=? 
        and coursemeet_.location=?
14:17:56,374 DEBUG BaseGeneralDataRegion:59 - Caching[foo.org.hibernate.cache.spi.UpdateTimestampsCache] : [Enrolment] -> [5579090888187904]
14:17:56,374 DEBUG SQL:104 - 
    update
        Address 
    set
        studentNumber=null,
        addressType=null 
    where
        studentNumber=?
14:17:56,375 DEBUG BaseGeneralDataRegion:59 - Caching[foo.org.hibernate.cache.spi.UpdateTimestampsCache] : [Address] -> [5579090888192000]
14:17:56,375 DEBUG SQL:104 - 
    delete 
    from
        Student_secretCodes 
    where
        studentNumber=?
14:17:56,375 DEBUG BaseGeneralDataRegion:59 - Caching[foo.org.hibernate.cache.spi.UpdateTimestampsCache] : [Student_secretCodes] -> [5579090888192001]
14:17:56,375 DEBUG BaseGeneralDataRegion:59 - Caching[foo.org.hibernate.cache.spi.UpdateTimestampsCache] : [Enrolment] -> [5579090888192002]
14:17:56,375 DEBUG BaseGeneralDataRegion:59 - Caching[foo.org.hibernate.cache.spi.UpdateTimestampsCache] : [Address] -> [5579090888192003]
14:17:56,375 DEBUG SQL:104 - 
    delete 
    from
        Student_secretCodes 
    where
        studentNumber=?
14:17:56,385 DEBUG BaseGeneralDataRegion:59 - Caching[foo.org.hibernate.cache.spi.UpdateTimestampsCache] : [Student_secretCodes] -> [5579090888232960]
14:17:56,385 DEBUG BaseGeneralDataRegion:59 - Caching[foo.org.hibernate.cache.spi.UpdateTimestampsCache] : [CourseMeeting] -> [5579090888232961]
14:17:56,385 DEBUG SQL:104 - 
    delete 
    from
        Enrolment 
    where
        studentId=? 
        and courseCode=?
14:17:56,386 DEBUG BaseGeneralDataRegion:59 - Caching[foo.org.hibernate.cache.spi.UpdateTimestampsCache] : [Enrolment] -> [5579090888237056]
14:17:56,386 DEBUG SQL:104 - 
    delete 
    from
        Address 
    where
        id=?
14:17:56,386 DEBUG BaseGeneralDataRegion:59 - Caching[foo.org.hibernate.cache.spi.UpdateTimestampsCache] : [Address] -> [5579090888237057]
14:17:56,386 DEBUG SQL:104 - 
    delete 
    from
        Address 
    where
        id=?
14:17:56,386 DEBUG BaseGeneralDataRegion:59 - Caching[foo.org.hibernate.cache.spi.UpdateTimestampsCache] : [Address] -> [5579090888237058]
14:17:56,386 DEBUG SQL:104 - 
    delete 
    from
        Student 
    where
        studentId=?
14:17:56,386 DEBUG BaseGeneralDataRegion:59 - Caching[foo.org.hibernate.cache.spi.UpdateTimestampsCache] : [Student] -> [5579090888237059]
14:17:56,387 DEBUG SQL:104 - 
    delete 
    from
        Enrolment 
    where
        studentId=? 
        and courseCode=?
14:17:56,387 DEBUG BaseGeneralDataRegion:59 - Caching[foo.org.hibernate.cache.spi.UpdateTimestampsCache] : [Enrolment] -> [5579090888241152]
14:17:56,387 DEBUG SQL:104 - 
    delete 
    from
        Student 
    where
        studentId=?
14:17:56,407 DEBUG BaseGeneralDataRegion:59 - Caching[foo.org.hibernate.cache.spi.UpdateTimestampsCache] : [Student] -> [5579090888323072]
14:17:56,407 DEBUG SQL:104 - 
    delete 
    from
        CourseMeeting 
    where
        courseCode=? 
        and day=? 
        and period=? 
        and location=?
14:17:56,408 DEBUG BaseGeneralDataRegion:59 - Caching[foo.org.hibernate.cache.spi.UpdateTimestampsCache] : [CourseMeeting] -> [5579090888327168]
14:17:56,408 DEBUG SQL:104 - 
    delete 
    from
        CourseMeeting 
    where
        courseCode=? 
        and day=? 
        and period=? 
        and location=?
14:17:56,408 DEBUG BaseGeneralDataRegion:59 - Caching[foo.org.hibernate.cache.spi.UpdateTimestampsCache] : [CourseMeeting] -> [5579090888327169]
14:17:56,408 DEBUG SQL:104 - 
    delete 
    from
        Course 
    where
        courseCode=?
14:17:56,408 DEBUG BaseGeneralDataRegion:59 - Caching[foo.org.hibernate.cache.spi.UpdateTimestampsCache] : [Course] -> [5579090888327170]
14:17:56,408 DEBUG BaseGeneralDataRegion:59 - Caching[foo.org.hibernate.cache.spi.UpdateTimestampsCache] : [Student] -> [5579090642567171]
14:17:56,409 DEBUG BaseGeneralDataRegion:59 - Caching[foo.org.hibernate.cache.spi.UpdateTimestampsCache] : [Course] -> [5579090642567171]
14:17:56,418 DEBUG BaseGeneralDataRegion:59 - Caching[foo.org.hibernate.cache.spi.UpdateTimestampsCache] : [Enrolment] -> [5579090642567171]
14:17:56,418 DEBUG BaseGeneralDataRegion:59 - Caching[foo.org.hibernate.cache.spi.UpdateTimestampsCache] : [Student_secretCodes] -> [5579090642567171]
14:17:56,418 DEBUG BaseGeneralDataRegion:59 - Caching[foo.org.hibernate.cache.spi.UpdateTimestampsCache] : [Address] -> [5579090642567171]
14:17:56,418 DEBUG BaseGeneralDataRegion:59 - Caching[foo.org.hibernate.cache.spi.UpdateTimestampsCache] : [CourseMeeting] -> [5579090642567171]
14:17:56,418  INFO CustomRunner:139 - Test: testMultiEntityProjectionUnique
14:17:56,420 DEBUG SQL:104 - 
    select
        coursemeet_.courseCode,
        coursemeet_.day,
        coursemeet_.period,
        coursemeet_.location 
    from
        CourseMeeting coursemeet_ 
    where
        coursemeet_.courseCode=? 
        and coursemeet_.day=? 
        and coursemeet_.period=? 
        and coursemeet_.location=?
14:17:56,421 DEBUG SQL:104 - 
    select
        coursemeet_.courseCode,
        coursemeet_.day,
        coursemeet_.period,
        coursemeet_.location 
    from
        CourseMeeting coursemeet_ 
    where
        coursemeet_.courseCode=? 
        and coursemeet_.day=? 
        and coursemeet_.period=? 
        and coursemeet_.location=?
14:17:56,428 DEBUG SQL:104 - 
    insert 
    into
        Course
        (description, courseCode) 
    values
        (?, ?)
14:17:56,429 DEBUG BaseGeneralDataRegion:59 - Caching[foo.org.hibernate.cache.spi.UpdateTimestampsCache] : [Course] -> [5579090888413184]
14:17:56,429 DEBUG SQL:104 - 
    insert 
    into
        CourseMeeting
        (courseCode, day, period, location) 
    values
        (?, ?, ?, ?)
14:17:56,429 DEBUG BaseGeneralDataRegion:59 - Caching[foo.org.hibernate.cache.spi.UpdateTimestampsCache] : [CourseMeeting] -> [5579090888413185]
14:17:56,429 DEBUG SQL:104 - 
    insert 
    into
        CourseMeeting
        (courseCode, day, period, location) 
    values
        (?, ?, ?, ?)
14:17:56,429 DEBUG BaseGeneralDataRegion:59 - Caching[foo.org.hibernate.cache.spi.UpdateTimestampsCache] : [CourseMeeting] -> [5579090888413186]
14:17:56,430 DEBUG SQL:104 - 
    insert 
    into
        Student
        (name_first, name_middle, name_last, preferredCourseCode, studentId) 
    values
        (?, ?, ?, ?, ?)
14:17:56,438 DEBUG BaseGeneralDataRegion:59 - Caching[foo.org.hibernate.cache.spi.UpdateTimestampsCache] : [Student] -> [5579090888450048]
14:17:56,438 DEBUG SQL:104 - 
    insert 
    into
        Address
        (addressType, street, city, stateProvince, postalCode, country, studentNumber, id) 
    values
        (?, ?, ?, ?, ?, ?, ?, ?)
14:17:56,438 DEBUG BaseGeneralDataRegion:59 - Caching[foo.org.hibernate.cache.spi.UpdateTimestampsCache] : [Address] -> [5579090888450049]
14:17:56,438 DEBUG SQL:104 - 
    insert 
    into
        Address
        (addressType, street, city, stateProvince, postalCode, country, studentNumber, id) 
    values
        (?, ?, ?, ?, ?, ?, ?, ?)
14:17:56,439 DEBUG BaseGeneralDataRegion:59 - Caching[foo.org.hibernate.cache.spi.UpdateTimestampsCache] : [Address] -> [5579090888450050]
14:17:56,439 DEBUG SQL:104 - 
    insert 
    into
        Student
        (name_first, name_middle, name_last, preferredCourseCode, studentId) 
    values
        (?, ?, ?, ?, ?)
14:17:56,439 DEBUG BaseGeneralDataRegion:59 - Caching[foo.org.hibernate.cache.spi.UpdateTimestampsCache] : [Student] -> [5579090888454144]
14:17:56,439 DEBUG SQL:104 - 
    insert 
    into
        Enrolment
        (semester, "year", studentId, courseCode) 
    values
        (?, ?, ?, ?)
14:17:56,449 DEBUG BaseGeneralDataRegion:59 - Caching[foo.org.hibernate.cache.spi.UpdateTimestampsCache] : [Enrolment] -> [5579090888495104]
14:17:56,449 DEBUG SQL:104 - 
    insert 
    into
        Enrolment
        (semester, "year", studentId, courseCode) 
    values
        (?, ?, ?, ?)
14:17:56,449 DEBUG BaseGeneralDataRegion:59 - Caching[foo.org.hibernate.cache.spi.UpdateTimestampsCache] : [Enrolment] -> [5579090888495105]
14:17:56,449 DEBUG BaseGeneralDataRegion:59 - Caching[foo.org.hibernate.cache.spi.UpdateTimestampsCache] : [CourseMeeting] -> [5579090888495106]
14:17:56,449 DEBUG BaseGeneralDataRegion:59 - Caching[foo.org.hibernate.cache.spi.UpdateTimestampsCache] : [Enrolment] -> [5579090888495107]
14:17:56,449 DEBUG SQL:104 - 
    update
        Address 
    set
        studentNumber=?,
        addressType=? 
    where
        id=?
14:17:56,450 DEBUG SQL:104 - 
    update
        Address 
    set
        studentNumber=?,
        addressType=? 
    where
        id=?
14:17:56,460 DEBUG BaseGeneralDataRegion:59 - Caching[foo.org.hibernate.cache.spi.UpdateTimestampsCache] : [Address] -> [5579090888540160]
14:17:56,460 DEBUG SQL:104 - 
    insert 
    into
        Student_secretCodes
        (studentNumber, i, secretCode) 
    values
        (?, ?, ?)
14:17:56,460 DEBUG BaseGeneralDataRegion:59 - Caching[foo.org.hibernate.cache.spi.UpdateTimestampsCache] : [Student_secretCodes] -> [5579090888540161]
14:17:56,460 DEBUG BaseGeneralDataRegion:59 - Caching[foo.org.hibernate.cache.spi.UpdateTimestampsCache] : [Enrolment] -> [5579090888540162]
14:17:56,460 DEBUG BaseGeneralDataRegion:59 - Caching[foo.org.hibernate.cache.spi.UpdateTimestampsCache] : [Address] -> [5579090888540163]
14:17:56,460 DEBUG SQL:104 - 
    insert 
    into
        Student_secretCodes
        (studentNumber, i, secretCode) 
    values
        (?, ?, ?)
14:17:56,460 DEBUG SQL:104 - 
    insert 
    into
        Student_secretCodes
        (studentNumber, i, secretCode) 
    values
        (?, ?, ?)
14:17:56,461 DEBUG BaseGeneralDataRegion:59 - Caching[foo.org.hibernate.cache.spi.UpdateTimestampsCache] : [Student_secretCodes] -> [5579090888544256]
14:17:56,461 DEBUG BaseGeneralDataRegion:59 - Caching[foo.org.hibernate.cache.spi.UpdateTimestampsCache] : [Student] -> [5579090642784257]
14:17:56,469 DEBUG BaseGeneralDataRegion:59 - Caching[foo.org.hibernate.cache.spi.UpdateTimestampsCache] : [Course] -> [5579090642784257]
14:17:56,469 DEBUG BaseGeneralDataRegion:59 - Caching[foo.org.hibernate.cache.spi.UpdateTimestampsCache] : [Enrolment] -> [5579090642784257]
14:17:56,469 DEBUG BaseGeneralDataRegion:59 - Caching[foo.org.hibernate.cache.spi.UpdateTimestampsCache] : [Student_secretCodes] -> [5579090642784257]
14:17:56,469 DEBUG BaseGeneralDataRegion:59 - Caching[foo.org.hibernate.cache.spi.UpdateTimestampsCache] : [Address] -> [5579090642784257]
14:17:56,469 DEBUG BaseGeneralDataRegion:59 - Caching[foo.org.hibernate.cache.spi.UpdateTimestampsCache] : [CourseMeeting] -> [5579090642784257]
14:17:56,470 DEBUG SQL:104 - 
    select
        this_.studentId as y0_,
        this_.semester as y1_,
        this_."year" as y2_,
        this_.courseCode as y3_ 
    from
        Enrolment this_ 
    where
        this_.studentId=?
14:17:56,470 DEBUG SQL:104 - 
    select
        course0_.courseCode as courseCode1_0_,
        course0_.description as descript2_1_0_ 
    from
        Course course0_ 
    where
        course0_.courseCode=?
14:17:56,471 DEBUG SQL:104 - 
    select
        coursemeet0_.courseCode as courseCode1_1_,
        coursemeet0_.courseCode as courseCode2_1_,
        coursemeet0_.day as day2_1_,
        coursemeet0_.period as period2_1_,
        coursemeet0_.location as location2_1_,
        coursemeet0_.courseCode as courseCode2_0_,
        coursemeet0_.day as day2_0_,
        coursemeet0_.period as period2_0_,
        coursemeet0_.location as location2_0_ 
    from
        CourseMeeting coursemeet0_ 
    where
        coursemeet0_.courseCode=?
14:17:56,480 DEBUG SQL:104 - 
    select
        this_.studentId as y0_,
        this_.semester as y1_,
        this_."year" as y2_,
        this_.courseCode as y3_ 
    from
        Enrolment this_ 
    where
        this_.studentId=?
14:17:56,480 DEBUG SQL:104 - 
    select
        course0_.courseCode as courseCode1_0_,
        course0_.description as descript2_1_0_ 
    from
        Course course0_ 
    where
        course0_.courseCode=?
14:17:56,480 DEBUG SQL:104 - 
    select
        coursemeet0_.courseCode as courseCode1_1_,
        coursemeet0_.courseCode as courseCode2_1_,
        coursemeet0_.day as day2_1_,
        coursemeet0_.period as period2_1_,
        coursemeet0_.location as location2_1_,
        coursemeet0_.courseCode as courseCode2_0_,
        coursemeet0_.day as day2_0_,
        coursemeet0_.period as period2_0_,
        coursemeet0_.location as location2_0_ 
    from
        CourseMeeting coursemeet0_ 
    where
        coursemeet0_.courseCode=?
14:17:56,492 DEBUG SQL:104 - 
    select
        student_.studentId,
        student_.name_first as name2_4_,
        student_.name_middle as name3_4_,
        student_.name_last as name4_4_,
        student_.preferredCourseCode as preferre5_4_ 
    from
        Student student_ 
    where
        student_.studentId=?
14:17:56,492 DEBUG SQL:104 - 
    select
        enrolment_.studentId,
        enrolment_.courseCode,
        enrolment_.semester as semester3_,
        enrolment_."year" as year4_3_ 
    from
        Enrolment enrolment_ 
    where
        enrolment_.studentId=? 
        and enrolment_.courseCode=?
14:17:56,492 DEBUG SQL:104 - 
    select
        course_.courseCode,
        course_.description as descript2_1_ 
    from
        Course course_ 
    where
        course_.courseCode=?
14:17:56,493 DEBUG SQL:104 - 
    select
        student_.studentId,
        student_.name_first as name2_4_,
        student_.name_middle as name3_4_,
        student_.name_last as name4_4_,
        student_.preferredCourseCode as preferre5_4_ 
    from
        Student student_ 
    where
        student_.studentId=?
14:17:56,493 DEBUG SQL:104 - 
    select
        enrolment_.studentId,
        enrolment_.courseCode,
        enrolment_.semester as semester3_,
        enrolment_."year" as year4_3_ 
    from
        Enrolment enrolment_ 
    where
        enrolment_.studentId=? 
        and enrolment_.courseCode=?
14:17:56,501 DEBUG SQL:104 - 
    select
        coursemeet_.courseCode,
        coursemeet_.day,
        coursemeet_.period,
        coursemeet_.location 
    from
        CourseMeeting coursemeet_ 
    where
        coursemeet_.courseCode=? 
        and coursemeet_.day=? 
        and coursemeet_.period=? 
        and coursemeet_.location=?
14:17:56,501 DEBUG SQL:104 - 
    select
        coursemeet_.courseCode,
        coursemeet_.day,
        coursemeet_.period,
        coursemeet_.location 
    from
        CourseMeeting coursemeet_ 
    where
        coursemeet_.courseCode=? 
        and coursemeet_.day=? 
        and coursemeet_.period=? 
        and coursemeet_.location=?
14:17:56,502 DEBUG BaseGeneralDataRegion:59 - Caching[foo.org.hibernate.cache.spi.UpdateTimestampsCache] : [Enrolment] -> [5579090888712192]
14:17:56,511 DEBUG SQL:104 - 
    update
        Address 
    set
        studentNumber=null,
        addressType=null 
    where
        studentNumber=?
14:17:56,511 DEBUG BaseGeneralDataRegion:59 - Caching[foo.org.hibernate.cache.spi.UpdateTimestampsCache] : [Address] -> [5579090888749056]
14:17:56,511 DEBUG SQL:104 - 
    delete 
    from
        Student_secretCodes 
    where
        studentNumber=?
14:17:56,511 DEBUG BaseGeneralDataRegion:59 - Caching[foo.org.hibernate.cache.spi.UpdateTimestampsCache] : [Student_secretCodes] -> [5579090888749057]
14:17:56,512 DEBUG BaseGeneralDataRegion:59 - Caching[foo.org.hibernate.cache.spi.UpdateTimestampsCache] : [Enrolment] -> [5579090888753152]
14:17:56,512 DEBUG BaseGeneralDataRegion:59 - Caching[foo.org.hibernate.cache.spi.UpdateTimestampsCache] : [Address] -> [5579090888753153]
14:17:56,512 DEBUG SQL:104 - 
    delete 
    from
        Student_secretCodes 
    where
        studentNumber=?
14:17:56,512 DEBUG BaseGeneralDataRegion:59 - Caching[foo.org.hibernate.cache.spi.UpdateTimestampsCache] : [Student_secretCodes] -> [5579090888753154]
14:17:56,512 DEBUG BaseGeneralDataRegion:59 - Caching[foo.org.hibernate.cache.spi.UpdateTimestampsCache] : [CourseMeeting] -> [5579090888753155]
14:17:56,512 DEBUG SQL:104 - 
    delete 
    from
        Enrolment 
    where
        studentId=? 
        and courseCode=?
14:17:56,512 DEBUG BaseGeneralDataRegion:59 - Caching[foo.org.hibernate.cache.spi.UpdateTimestampsCache] : [Enrolment] -> [5579090888753156]
14:17:56,512 DEBUG SQL:104 - 
    delete 
    from
        Address 
    where
        id=?
14:17:56,513 DEBUG BaseGeneralDataRegion:59 - Caching[foo.org.hibernate.cache.spi.UpdateTimestampsCache] : [Address] -> [5579090888757248]
14:17:56,513 DEBUG SQL:104 - 
    delete 
    from
        Address 
    where
        id=?
14:17:56,532 DEBUG BaseGeneralDataRegion:59 - Caching[foo.org.hibernate.cache.spi.UpdateTimestampsCache] : [Address] -> [5579090888835072]
14:17:56,532 DEBUG SQL:104 - 
    delete 
    from
        Student 
    where
        studentId=?
14:17:56,533 DEBUG BaseGeneralDataRegion:59 - Caching[foo.org.hibernate.cache.spi.UpdateTimestampsCache] : [Student] -> [5579090888839168]
14:17:56,533 DEBUG SQL:104 - 
    delete 
    from
        Enrolment 
    where
        studentId=? 
        and courseCode=?
14:17:56,533 DEBUG BaseGeneralDataRegion:59 - Caching[foo.org.hibernate.cache.spi.UpdateTimestampsCache] : [Enrolment] -> [5579090888839169]
14:17:56,533 DEBUG SQL:104 - 
    delete 
    from
        Student 
    where
        studentId=?
14:17:56,533 DEBUG BaseGeneralDataRegion:59 - Caching[foo.org.hibernate.cache.spi.UpdateTimestampsCache] : [Student] -> [5579090888839170]
14:17:56,533 DEBUG SQL:104 - 
    delete 
    from
        CourseMeeting 
    where
        courseCode=? 
        and day=? 
        and period=? 
        and location=?
14:17:56,542 DEBUG BaseGeneralDataRegion:59 - Caching[foo.org.hibernate.cache.spi.UpdateTimestampsCache] : [CourseMeeting] -> [5579090888876032]
14:17:56,542 DEBUG SQL:104 - 
    delete 
    from
        CourseMeeting 
    where
        courseCode=? 
        and day=? 
        and period=? 
        and location=?
14:17:56,542 DEBUG BaseGeneralDataRegion:59 - Caching[foo.org.hibernate.cache.spi.UpdateTimestampsCache] : [CourseMeeting] -> [5579090888876033]
14:17:56,542 DEBUG SQL:104 - 
    delete 
    from
        Course 
    where
        courseCode=?
14:17:56,543 DEBUG BaseGeneralDataRegion:59 - Caching[foo.org.hibernate.cache.spi.UpdateTimestampsCache] : [Course] -> [5579090888880128]
14:17:56,543 DEBUG BaseGeneralDataRegion:59 - Caching[foo.org.hibernate.cache.spi.UpdateTimestampsCache] : [Student] -> [5579090643120129]
14:17:56,543 DEBUG BaseGeneralDataRegion:59 - Caching[foo.org.hibernate.cache.spi.UpdateTimestampsCache] : [Course] -> [5579090643120129]
14:17:56,543 DEBUG BaseGeneralDataRegion:59 - Caching[foo.org.hibernate.cache.spi.UpdateTimestampsCache] : [Enrolment] -> [5579090643120129]
14:17:56,543 DEBUG BaseGeneralDataRegion:59 - Caching[foo.org.hibernate.cache.spi.UpdateTimestampsCache] : [Student_secretCodes] -> [5579090643120129]
14:17:56,543 DEBUG BaseGeneralDataRegion:59 - Caching[foo.org.hibernate.cache.spi.UpdateTimestampsCache] : [Address] -> [5579090643120129]
14:17:56,543 DEBUG BaseGeneralDataRegion:59 - Caching[foo.org.hibernate.cache.spi.UpdateTimestampsCache] : [CourseMeeting] -> [5579090643120129]
14:17:56,544  INFO CustomRunner:139 - Test: testMultiProjectionListThenApplyAliasToBean
14:17:56,571 DEBUG SQL:104 - 
    select
        coursemeet_.courseCode,
        coursemeet_.day,
        coursemeet_.period,
        coursemeet_.location 
    from
        CourseMeeting coursemeet_ 
    where
        coursemeet_.courseCode=? 
        and coursemeet_.day=? 
        and coursemeet_.period=? 
        and coursemeet_.location=?
14:17:56,572 DEBUG SQL:104 - 
    select
        coursemeet_.courseCode,
        coursemeet_.day,
        coursemeet_.period,
        coursemeet_.location 
    from
        CourseMeeting coursemeet_ 
    where
        coursemeet_.courseCode=? 
        and coursemeet_.day=? 
        and coursemeet_.period=? 
        and coursemeet_.location=?
14:17:56,573 DEBUG SQL:104 - 
    insert 
    into
        Course
        (description, courseCode) 
    values
        (?, ?)
14:17:56,573 DEBUG BaseGeneralDataRegion:59 - Caching[foo.org.hibernate.cache.spi.UpdateTimestampsCache] : [Course] -> [5579090889003008]
14:17:56,573 DEBUG SQL:104 - 
    insert 
    into
        CourseMeeting
        (courseCode, day, period, location) 
    values
        (?, ?, ?, ?)
14:17:56,573 DEBUG BaseGeneralDataRegion:59 - Caching[foo.org.hibernate.cache.spi.UpdateTimestampsCache] : [CourseMeeting] -> [5579090889003009]
14:17:56,574 DEBUG SQL:104 - 
    insert 
    into
        CourseMeeting
        (courseCode, day, period, location) 
    values
        (?, ?, ?, ?)
14:17:56,574 DEBUG BaseGeneralDataRegion:59 - Caching[foo.org.hibernate.cache.spi.UpdateTimestampsCache] : [CourseMeeting] -> [5579090889007104]
14:17:56,574 DEBUG SQL:104 - 
    insert 
    into
        Student
        (name_first, name_middle, name_last, preferredCourseCode, studentId) 
    values
        (?, ?, ?, ?, ?)
14:17:56,574 DEBUG BaseGeneralDataRegion:59 - Caching[foo.org.hibernate.cache.spi.UpdateTimestampsCache] : [Student] -> [5579090889007105]
14:17:56,574 DEBUG SQL:104 - 
    insert 
    into
        Address
        (addressType, street, city, stateProvince, postalCode, country, studentNumber, id) 
    values
        (?, ?, ?, ?, ?, ?, ?, ?)
14:17:56,575 DEBUG BaseGeneralDataRegion:59 - Caching[foo.org.hibernate.cache.spi.UpdateTimestampsCache] : [Address] -> [5579090889011200]
14:17:56,575 DEBUG SQL:104 - 
    insert 
    into
        Address
        (addressType, street, city, stateProvince, postalCode, country, studentNumber, id) 
    values
        (?, ?, ?, ?, ?, ?, ?, ?)
14:17:56,576 DEBUG BaseGeneralDataRegion:59 - Caching[foo.org.hibernate.cache.spi.UpdateTimestampsCache] : [Address] -> [5579090889011201]
14:17:56,576 DEBUG SQL:104 - 
    insert 
    into
        Student
        (name_first, name_middle, name_last, preferredCourseCode, studentId) 
    values
        (?, ?, ?, ?, ?)
14:17:56,576 DEBUG BaseGeneralDataRegion:59 - Caching[foo.org.hibernate.cache.spi.UpdateTimestampsCache] : [Student] -> [5579090889015296]
14:17:56,576 DEBUG SQL:104 - 
    insert 
    into
        Enrolment
        (semester, "year", studentId, courseCode) 
    values
        (?, ?, ?, ?)
14:17:56,583 DEBUG BaseGeneralDataRegion:59 - Caching[foo.org.hibernate.cache.spi.UpdateTimestampsCache] : [Enrolment] -> [5579090889043968]
14:17:56,583 DEBUG SQL:104 - 
    insert 
    into
        Enrolment
        (semester, "year", studentId, courseCode) 
    values
        (?, ?, ?, ?)
14:17:56,583 DEBUG BaseGeneralDataRegion:59 - Caching[foo.org.hibernate.cache.spi.UpdateTimestampsCache] : [Enrolment] -> [5579090889043969]
14:17:56,584 DEBUG BaseGeneralDataRegion:59 - Caching[foo.org.hibernate.cache.spi.UpdateTimestampsCache] : [CourseMeeting] -> [5579090889048064]
14:17:56,584 DEBUG BaseGeneralDataRegion:59 - Caching[foo.org.hibernate.cache.spi.UpdateTimestampsCache] : [Enrolment] -> [5579090889048065]
14:17:56,584 DEBUG SQL:104 - 
    update
        Address 
    set
        studentNumber=?,
        addressType=? 
    where
        id=?
14:17:56,584 DEBUG SQL:104 - 
    update
        Address 
    set
        studentNumber=?,
        addressType=? 
    where
        id=?
14:17:56,584 DEBUG BaseGeneralDataRegion:59 - Caching[foo.org.hibernate.cache.spi.UpdateTimestampsCache] : [Address] -> [5579090889048066]
14:17:56,584 DEBUG SQL:104 - 
    insert 
    into
        Student_secretCodes
        (studentNumber, i, secretCode) 
    values
        (?, ?, ?)
14:17:56,596 DEBUG BaseGeneralDataRegion:59 - Caching[foo.org.hibernate.cache.spi.UpdateTimestampsCache] : [Student_secretCodes] -> [5579090889097216]
14:17:56,596 DEBUG BaseGeneralDataRegion:59 - Caching[foo.org.hibernate.cache.spi.UpdateTimestampsCache] : [Enrolment] -> [5579090889097217]
14:17:56,596 DEBUG BaseGeneralDataRegion:59 - Caching[foo.org.hibernate.cache.spi.UpdateTimestampsCache] : [Address] -> [5579090889097218]
14:17:56,597 DEBUG SQL:104 - 
    insert 
    into
        Student_secretCodes
        (studentNumber, i, secretCode) 
    values
        (?, ?, ?)
14:17:56,597 DEBUG SQL:104 - 
    insert 
    into
        Student_secretCodes
        (studentNumber, i, secretCode) 
    values
        (?, ?, ?)
14:17:56,597 DEBUG BaseGeneralDataRegion:59 - Caching[foo.org.hibernate.cache.spi.UpdateTimestampsCache] : [Student_secretCodes] -> [5579090889101312]
14:17:56,597 DEBUG BaseGeneralDataRegion:59 - Caching[foo.org.hibernate.cache.spi.UpdateTimestampsCache] : [Student] -> [5579090643341313]
14:17:56,597 DEBUG BaseGeneralDataRegion:59 - Caching[foo.org.hibernate.cache.spi.UpdateTimestampsCache] : [Course] -> [5579090643341313]
14:17:56,597 DEBUG BaseGeneralDataRegion:59 - Caching[foo.org.hibernate.cache.spi.UpdateTimestampsCache] : [Enrolment] -> [5579090643341313]
14:17:56,597 DEBUG BaseGeneralDataRegion:59 - Caching[foo.org.hibernate.cache.spi.UpdateTimestampsCache] : [Student_secretCodes] -> [5579090643341313]
14:17:56,598 DEBUG BaseGeneralDataRegion:59 - Caching[foo.org.hibernate.cache.spi.UpdateTimestampsCache] : [Address] -> [5579090643341313]
14:17:56,598 DEBUG BaseGeneralDataRegion:59 - Caching[foo.org.hibernate.cache.spi.UpdateTimestampsCache] : [CourseMeeting] -> [5579090643341313]
14:17:56,598 DEBUG SQL:104 - 
    select
        st1_.name_first as y0_,
        st1_.name_middle as y1_,
        st1_.name_last as y2_,
        co2_.description as y3_ 
    from
        Enrolment this_ 
    inner join
        Student st1_ 
            on this_.studentId=st1_.studentId 
    inner join
        Course co2_ 
            on this_.courseCode=co2_.courseCode 
    order by
        this_.studentId asc
14:17:56,608 DEBUG SQL:104 - 
    select
        st1_.name_first as y0_,
        st1_.name_middle as y1_,
        st1_.name_last as y2_,
        co2_.description as y3_ 
    from
        Enrolment this_ 
    inner join
        Student st1_ 
            on this_.studentId=st1_.studentId 
    inner join
        Course co2_ 
            on this_.courseCode=co2_.courseCode 
    order by
        this_.studentId asc
14:17:56,618 DEBUG SQL:104 - 
    select
        student_.studentId,
        student_.name_first as name2_4_,
        student_.name_middle as name3_4_,
        student_.name_last as name4_4_,
        student_.preferredCourseCode as preferre5_4_ 
    from
        Student student_ 
    where
        student_.studentId=?
14:17:56,618 DEBUG SQL:104 - 
    select
        enrolment_.studentId,
        enrolment_.courseCode,
        enrolment_.semester as semester3_,
        enrolment_."year" as year4_3_ 
    from
        Enrolment enrolment_ 
    where
        enrolment_.studentId=? 
        and enrolment_.courseCode=?
14:17:56,618 DEBUG SQL:104 - 
    select
        course_.courseCode,
        course_.description as descript2_1_ 
    from
        Course course_ 
    where
        course_.courseCode=?
14:17:56,619 DEBUG SQL:104 - 
    select
        student_.studentId,
        student_.name_first as name2_4_,
        student_.name_middle as name3_4_,
        student_.name_last as name4_4_,
        student_.preferredCourseCode as preferre5_4_ 
    from
        Student student_ 
    where
        student_.studentId=?
14:17:56,619 DEBUG SQL:104 - 
    select
        enrolment_.studentId,
        enrolment_.courseCode,
        enrolment_.semester as semester3_,
        enrolment_."year" as year4_3_ 
    from
        Enrolment enrolment_ 
    where
        enrolment_.studentId=? 
        and enrolment_.courseCode=?
14:17:56,619 DEBUG SQL:104 - 
    select
        coursemeet_.courseCode,
        coursemeet_.day,
        coursemeet_.period,
        coursemeet_.location 
    from
        CourseMeeting coursemeet_ 
    where
        coursemeet_.courseCode=? 
        and coursemeet_.day=? 
        and coursemeet_.period=? 
        and coursemeet_.location=?
14:17:56,631 DEBUG SQL:104 - 
    select
        coursemeet_.courseCode,
        coursemeet_.day,
        coursemeet_.period,
        coursemeet_.location 
    from
        CourseMeeting coursemeet_ 
    where
        coursemeet_.courseCode=? 
        and coursemeet_.day=? 
        and coursemeet_.period=? 
        and coursemeet_.location=?
14:17:56,632 DEBUG BaseGeneralDataRegion:59 - Caching[foo.org.hibernate.cache.spi.UpdateTimestampsCache] : [Enrolment] -> [5579090889244672]
14:17:56,632 DEBUG SQL:104 - 
    update
        Address 
    set
        studentNumber=null,
        addressType=null 
    where
        studentNumber=?
14:17:56,632 DEBUG BaseGeneralDataRegion:59 - Caching[foo.org.hibernate.cache.spi.UpdateTimestampsCache] : [Address] -> [5579090889244673]
14:17:56,633 DEBUG SQL:104 - 
    delete 
    from
        Student_secretCodes 
    where
        studentNumber=?
14:17:56,647 DEBUG BaseGeneralDataRegion:59 - Caching[foo.org.hibernate.cache.spi.UpdateTimestampsCache] : [Student_secretCodes] -> [5579090889306112]
14:17:56,647 DEBUG BaseGeneralDataRegion:59 - Caching[foo.org.hibernate.cache.spi.UpdateTimestampsCache] : [Enrolment] -> [5579090889306113]
14:17:56,647 DEBUG BaseGeneralDataRegion:59 - Caching[foo.org.hibernate.cache.spi.UpdateTimestampsCache] : [Address] -> [5579090889306114]
14:17:56,647 DEBUG SQL:104 - 
    delete 
    from
        Student_secretCodes 
    where
        studentNumber=?
14:17:56,648 DEBUG BaseGeneralDataRegion:59 - Caching[foo.org.hibernate.cache.spi.UpdateTimestampsCache] : [Student_secretCodes] -> [5579090889310208]
14:17:56,648 DEBUG BaseGeneralDataRegion:59 - Caching[foo.org.hibernate.cache.spi.UpdateTimestampsCache] : [CourseMeeting] -> [5579090889310209]
14:17:56,648 DEBUG SQL:104 - 
    delete 
    from
        Enrolment 
    where
        studentId=? 
        and courseCode=?
14:17:56,648 DEBUG BaseGeneralDataRegion:59 - Caching[foo.org.hibernate.cache.spi.UpdateTimestampsCache] : [Enrolment] -> [5579090889310210]
14:17:56,648 DEBUG SQL:104 - 
    delete 
    from
        Address 
    where
        id=?
14:17:56,649 DEBUG BaseGeneralDataRegion:59 - Caching[foo.org.hibernate.cache.spi.UpdateTimestampsCache] : [Address] -> [5579090889314304]
14:17:56,649 DEBUG SQL:104 - 
    delete 
    from
        Address 
    where
        id=?
14:17:56,649 DEBUG BaseGeneralDataRegion:59 - Caching[foo.org.hibernate.cache.spi.UpdateTimestampsCache] : [Address] -> [5579090889314305]
14:17:56,649 DEBUG SQL:104 - 
    delete 
    from
        Student 
    where
        studentId=?
14:17:56,649 DEBUG BaseGeneralDataRegion:59 - Caching[foo.org.hibernate.cache.spi.UpdateTimestampsCache] : [Student] -> [5579090889314306]
14:17:56,649 DEBUG SQL:104 - 
    delete 
    from
        Enrolment 
    where
        studentId=? 
        and courseCode=?
14:17:56,667 DEBUG BaseGeneralDataRegion:59 - Caching[foo.org.hibernate.cache.spi.UpdateTimestampsCache] : [Enrolment] -> [5579090889388032]
14:17:56,667 DEBUG SQL:104 - 
    delete 
    from
        Student 
    where
        studentId=?
14:17:56,667 DEBUG BaseGeneralDataRegion:59 - Caching[foo.org.hibernate.cache.spi.UpdateTimestampsCache] : [Student] -> [5579090889388033]
14:17:56,667 DEBUG SQL:104 - 
    delete 
    from
        CourseMeeting 
    where
        courseCode=? 
        and day=? 
        and period=? 
        and location=?
14:17:56,667 DEBUG BaseGeneralDataRegion:59 - Caching[foo.org.hibernate.cache.spi.UpdateTimestampsCache] : [CourseMeeting] -> [5579090889388034]
14:17:56,668 DEBUG SQL:104 - 
    delete 
    from
        CourseMeeting 
    where
        courseCode=? 
        and day=? 
        and period=? 
        and location=?
14:17:56,677 DEBUG BaseGeneralDataRegion:59 - Caching[foo.org.hibernate.cache.spi.UpdateTimestampsCache] : [CourseMeeting] -> [5579090889428992]
14:17:56,678 DEBUG SQL:104 - 
    delete 
    from
        Course 
    where
        courseCode=?
14:17:56,678 DEBUG BaseGeneralDataRegion:59 - Caching[foo.org.hibernate.cache.spi.UpdateTimestampsCache] : [Course] -> [5579090889433088]
14:17:56,678 DEBUG BaseGeneralDataRegion:59 - Caching[foo.org.hibernate.cache.spi.UpdateTimestampsCache] : [Student] -> [5579090643673089]
14:17:56,678 DEBUG BaseGeneralDataRegion:59 - Caching[foo.org.hibernate.cache.spi.UpdateTimestampsCache] : [Course] -> [5579090643673089]
14:17:56,678 DEBUG BaseGeneralDataRegion:59 - Caching[foo.org.hibernate.cache.spi.UpdateTimestampsCache] : [Enrolment] -> [5579090643673089]
14:17:56,678 DEBUG BaseGeneralDataRegion:59 - Caching[foo.org.hibernate.cache.spi.UpdateTimestampsCache] : [Student_secretCodes] -> [5579090643673089]
14:17:56,678 DEBUG BaseGeneralDataRegion:59 - Caching[foo.org.hibernate.cache.spi.UpdateTimestampsCache] : [Address] -> [5579090643673089]
14:17:56,678 DEBUG BaseGeneralDataRegion:59 - Caching[foo.org.hibernate.cache.spi.UpdateTimestampsCache] : [CourseMeeting] -> [5579090643673089]
14:17:56,679  INFO CustomRunner:139 - Test: testMultiSelectAliasToEntityMapUsingAliasesWithFetchJoinList
14:17:56,699 DEBUG SQL:104 - 
    select
        coursemeet_.courseCode,
        coursemeet_.day,
        coursemeet_.period,
        coursemeet_.location 
    from
        CourseMeeting coursemeet_ 
    where
        coursemeet_.courseCode=? 
        and coursemeet_.day=? 
        and coursemeet_.period=? 
        and coursemeet_.location=?
14:17:56,699 DEBUG SQL:104 - 
    select
        coursemeet_.courseCode,
        coursemeet_.day,
        coursemeet_.period,
        coursemeet_.location 
    from
        CourseMeeting coursemeet_ 
    where
        coursemeet_.courseCode=? 
        and coursemeet_.day=? 
        and coursemeet_.period=? 
        and coursemeet_.location=?
14:17:56,700 DEBUG SQL:104 - 
    insert 
    into
        Course
        (description, courseCode) 
    values
        (?, ?)
14:17:56,701 DEBUG BaseGeneralDataRegion:59 - Caching[foo.org.hibernate.cache.spi.UpdateTimestampsCache] : [Course] -> [5579090889527296]
14:17:56,701 DEBUG SQL:104 - 
    insert 
    into
        CourseMeeting
        (courseCode, day, period, location) 
    values
        (?, ?, ?, ?)
14:17:56,701 DEBUG BaseGeneralDataRegion:59 - Caching[foo.org.hibernate.cache.spi.UpdateTimestampsCache] : [CourseMeeting] -> [5579090889527297]
14:17:56,701 DEBUG SQL:104 - 
    insert 
    into
        CourseMeeting
        (courseCode, day, period, location) 
    values
        (?, ?, ?, ?)
14:17:56,701 DEBUG BaseGeneralDataRegion:59 - Caching[foo.org.hibernate.cache.spi.UpdateTimestampsCache] : [CourseMeeting] -> [5579090889527298]
14:17:56,701 DEBUG SQL:104 - 
    insert 
    into
        Student
        (name_first, name_middle, name_last, preferredCourseCode, studentId) 
    values
        (?, ?, ?, ?, ?)
14:17:56,702 DEBUG BaseGeneralDataRegion:59 - Caching[foo.org.hibernate.cache.spi.UpdateTimestampsCache] : [Student] -> [5579090889531392]
14:17:56,702 DEBUG SQL:104 - 
    insert 
    into
        Address
        (addressType, street, city, stateProvince, postalCode, country, studentNumber, id) 
    values
        (?, ?, ?, ?, ?, ?, ?, ?)
14:17:56,702 DEBUG BaseGeneralDataRegion:59 - Caching[foo.org.hibernate.cache.spi.UpdateTimestampsCache] : [Address] -> [5579090889531393]
14:17:56,702 DEBUG SQL:104 - 
    insert 
    into
        Address
        (addressType, street, city, stateProvince, postalCode, country, studentNumber, id) 
    values
        (?, ?, ?, ?, ?, ?, ?, ?)
14:17:56,708 DEBUG BaseGeneralDataRegion:59 - Caching[foo.org.hibernate.cache.spi.UpdateTimestampsCache] : [Address] -> [5579090889555968]
14:17:56,708 DEBUG SQL:104 - 
    insert 
    into
        Student
        (name_first, name_middle, name_last, preferredCourseCode, studentId) 
    values
        (?, ?, ?, ?, ?)
14:17:56,709 DEBUG BaseGeneralDataRegion:59 - Caching[foo.org.hibernate.cache.spi.UpdateTimestampsCache] : [Student] -> [5579090889560064]
14:17:56,709 DEBUG SQL:104 - 
    insert 
    into
        Enrolment
        (semester, "year", studentId, courseCode) 
    values
        (?, ?, ?, ?)
14:17:56,709 DEBUG BaseGeneralDataRegion:59 - Caching[foo.org.hibernate.cache.spi.UpdateTimestampsCache] : [Enrolment] -> [5579090889560065]
14:17:56,709 DEBUG SQL:104 - 
    insert 
    into
        Enrolment
        (semester, "year", studentId, courseCode) 
    values
        (?, ?, ?, ?)
14:17:56,709 DEBUG BaseGeneralDataRegion:59 - Caching[foo.org.hibernate.cache.spi.UpdateTimestampsCache] : [Enrolment] -> [5579090889560066]
14:17:56,709 DEBUG BaseGeneralDataRegion:59 - Caching[foo.org.hibernate.cache.spi.UpdateTimestampsCache] : [CourseMeeting] -> [5579090889560067]
14:17:56,710 DEBUG BaseGeneralDataRegion:59 - Caching[foo.org.hibernate.cache.spi.UpdateTimestampsCache] : [Enrolment] -> [5579090889560068]
14:17:56,719 DEBUG SQL:104 - 
    update
        Address 
    set
        studentNumber=?,
        addressType=? 
    where
        id=?
14:17:56,719 DEBUG SQL:104 - 
    update
        Address 
    set
        studentNumber=?,
        addressType=? 
    where
        id=?
14:17:56,719 DEBUG BaseGeneralDataRegion:59 - Caching[foo.org.hibernate.cache.spi.UpdateTimestampsCache] : [Address] -> [5579090889601024]
14:17:56,720 DEBUG SQL:104 - 
    insert 
    into
        Student_secretCodes
        (studentNumber, i, secretCode) 
    values
        (?, ?, ?)
14:17:56,720 DEBUG BaseGeneralDataRegion:59 - Caching[foo.org.hibernate.cache.spi.UpdateTimestampsCache] : [Student_secretCodes] -> [5579090889605120]
14:17:56,720 DEBUG BaseGeneralDataRegion:59 - Caching[foo.org.hibernate.cache.spi.UpdateTimestampsCache] : [Enrolment] -> [5579090889605121]
14:17:56,720 DEBUG BaseGeneralDataRegion:59 - Caching[foo.org.hibernate.cache.spi.UpdateTimestampsCache] : [Address] -> [5579090889605122]
14:17:56,720 DEBUG SQL:104 - 
    insert 
    into
        Student_secretCodes
        (studentNumber, i, secretCode) 
    values
        (?, ?, ?)
14:17:56,730 DEBUG SQL:104 - 
    insert 
    into
        Student_secretCodes
        (studentNumber, i, secretCode) 
    values
        (?, ?, ?)
14:17:56,730 DEBUG BaseGeneralDataRegion:59 - Caching[foo.org.hibernate.cache.spi.UpdateTimestampsCache] : [Student_secretCodes] -> [5579090889646080]
14:17:56,730 DEBUG BaseGeneralDataRegion:59 - Caching[foo.org.hibernate.cache.spi.UpdateTimestampsCache] : [Student] -> [5579090643886081]
14:17:56,730 DEBUG BaseGeneralDataRegion:59 - Caching[foo.org.hibernate.cache.spi.UpdateTimestampsCache] : [Course] -> [5579090643886081]
14:17:56,730 DEBUG BaseGeneralDataRegion:59 - Caching[foo.org.hibernate.cache.spi.UpdateTimestampsCache] : [Enrolment] -> [5579090643886081]
14:17:56,731 DEBUG BaseGeneralDataRegion:59 - Caching[foo.org.hibernate.cache.spi.UpdateTimestampsCache] : [Student_secretCodes] -> [5579090643886081]
14:17:56,731 DEBUG BaseGeneralDataRegion:59 - Caching[foo.org.hibernate.cache.spi.UpdateTimestampsCache] : [Address] -> [5579090643886081]
14:17:56,731 DEBUG BaseGeneralDataRegion:59 - Caching[foo.org.hibernate.cache.spi.UpdateTimestampsCache] : [CourseMeeting] -> [5579090643886081]
14:17:56,731 DEBUG SQL:104 - 
    select
        student_.studentId,
        student_.name_first as name2_4_,
        student_.name_middle as name3_4_,
        student_.name_last as name4_4_,
        student_.preferredCourseCode as preferre5_4_ 
    from
        Student student_ 
    where
        student_.studentId=?
14:17:56,731 DEBUG SQL:104 - 
    select
        enrolment_.studentId,
        enrolment_.courseCode,
        enrolment_.semester as semester3_,
        enrolment_."year" as year4_3_ 
    from
        Enrolment enrolment_ 
    where
        enrolment_.studentId=? 
        and enrolment_.courseCode=?
14:17:56,741 DEBUG SQL:104 - 
    select
        course_.courseCode,
        course_.description as descript2_1_ 
    from
        Course course_ 
    where
        course_.courseCode=?
14:17:56,741 DEBUG SQL:104 - 
    select
        student_.studentId,
        student_.name_first as name2_4_,
        student_.name_middle as name3_4_,
        student_.name_last as name4_4_,
        student_.preferredCourseCode as preferre5_4_ 
    from
        Student student_ 
    where
        student_.studentId=?
14:17:56,741 DEBUG SQL:104 - 
    select
        enrolment_.studentId,
        enrolment_.courseCode,
        enrolment_.semester as semester3_,
        enrolment_."year" as year4_3_ 
    from
        Enrolment enrolment_ 
    where
        enrolment_.studentId=? 
        and enrolment_.courseCode=?
14:17:56,742 DEBUG SQL:104 - 
    select
        coursemeet_.courseCode,
        coursemeet_.day,
        coursemeet_.period,
        coursemeet_.location 
    from
        CourseMeeting coursemeet_ 
    where
        coursemeet_.courseCode=? 
        and coursemeet_.day=? 
        and coursemeet_.period=? 
        and coursemeet_.location=?
14:17:56,742 DEBUG SQL:104 - 
    select
        coursemeet_.courseCode,
        coursemeet_.day,
        coursemeet_.period,
        coursemeet_.location 
    from
        CourseMeeting coursemeet_ 
    where
        coursemeet_.courseCode=? 
        and coursemeet_.day=? 
        and coursemeet_.period=? 
        and coursemeet_.location=?
14:17:56,756 DEBUG BaseGeneralDataRegion:59 - Caching[foo.org.hibernate.cache.spi.UpdateTimestampsCache] : [Enrolment] -> [5579090889752576]
14:17:56,756 DEBUG SQL:104 - 
    update
        Address 
    set
        studentNumber=null,
        addressType=null 
    where
        studentNumber=?
14:17:56,756 DEBUG BaseGeneralDataRegion:59 - Caching[foo.org.hibernate.cache.spi.UpdateTimestampsCache] : [Address] -> [5579090889752577]
14:17:56,757 DEBUG SQL:104 - 
    delete 
    from
        Student_secretCodes 
    where
        studentNumber=?
14:17:56,757 DEBUG BaseGeneralDataRegion:59 - Caching[foo.org.hibernate.cache.spi.UpdateTimestampsCache] : [Student_secretCodes] -> [5579090889756672]
14:17:56,757 DEBUG BaseGeneralDataRegion:59 - Caching[foo.org.hibernate.cache.spi.UpdateTimestampsCache] : [Enrolment] -> [5579090889756673]
14:17:56,757 DEBUG BaseGeneralDataRegion:59 - Caching[foo.org.hibernate.cache.spi.UpdateTimestampsCache] : [Address] -> [5579090889756674]
14:17:56,757 DEBUG SQL:104 - 
    delete 
    from
        Student_secretCodes 
    where
        studentNumber=?
14:17:56,765 DEBUG BaseGeneralDataRegion:59 - Caching[foo.org.hibernate.cache.spi.UpdateTimestampsCache] : [Student_secretCodes] -> [5579090889789440]
14:17:56,766 DEBUG BaseGeneralDataRegion:59 - Caching[foo.org.hibernate.cache.spi.UpdateTimestampsCache] : [CourseMeeting] -> [5579090889793536]
14:17:56,766 DEBUG SQL:104 - 
    delete 
    from
        Enrolment 
    where
        studentId=? 
        and courseCode=?
14:17:56,766 DEBUG BaseGeneralDataRegion:59 - Caching[foo.org.hibernate.cache.spi.UpdateTimestampsCache] : [Enrolment] -> [5579090889793537]
14:17:56,766 DEBUG SQL:104 - 
    delete 
    from
        Address 
    where
        id=?
14:17:56,766 DEBUG BaseGeneralDataRegion:59 - Caching[foo.org.hibernate.cache.spi.UpdateTimestampsCache] : [Address] -> [5579090889793538]
14:17:56,766 DEBUG SQL:104 - 
    delete 
    from
        Address 
    where
        id=?
14:17:56,767 DEBUG BaseGeneralDataRegion:59 - Caching[foo.org.hibernate.cache.spi.UpdateTimestampsCache] : [Address] -> [5579090889797632]
14:17:56,767 DEBUG SQL:104 - 
    delete 
    from
        Student 
    where
        studentId=?
14:17:56,767 DEBUG BaseGeneralDataRegion:59 - Caching[foo.org.hibernate.cache.spi.UpdateTimestampsCache] : [Student] -> [5579090889797633]
14:17:56,767 DEBUG SQL:104 - 
    delete 
    from
        Enrolment 
    where
        studentId=? 
        and courseCode=?
14:17:56,767 DEBUG BaseGeneralDataRegion:59 - Caching[foo.org.hibernate.cache.spi.UpdateTimestampsCache] : [Enrolment] -> [5579090889797634]
14:17:56,767 DEBUG SQL:104 - 
    delete 
    from
        Student 
    where
        studentId=?
14:17:56,788 DEBUG BaseGeneralDataRegion:59 - Caching[foo.org.hibernate.cache.spi.UpdateTimestampsCache] : [Student] -> [5579090889883648]
14:17:56,788 DEBUG SQL:104 - 
    delete 
    from
        CourseMeeting 
    where
        courseCode=? 
        and day=? 
        and period=? 
        and location=?
14:17:56,789 DEBUG BaseGeneralDataRegion:59 - Caching[foo.org.hibernate.cache.spi.UpdateTimestampsCache] : [CourseMeeting] -> [5579090889887744]
14:17:56,789 DEBUG SQL:104 - 
    delete 
    from
        CourseMeeting 
    where
        courseCode=? 
        and day=? 
        and period=? 
        and location=?
14:17:56,789 DEBUG BaseGeneralDataRegion:59 - Caching[foo.org.hibernate.cache.spi.UpdateTimestampsCache] : [CourseMeeting] -> [5579090889887745]
14:17:56,789 DEBUG SQL:104 - 
    delete 
    from
        Course 
    where
        courseCode=?
14:17:56,789 DEBUG BaseGeneralDataRegion:59 - Caching[foo.org.hibernate.cache.spi.UpdateTimestampsCache] : [Course] -> [5579090889887746]
14:17:56,789 DEBUG BaseGeneralDataRegion:59 - Caching[foo.org.hibernate.cache.spi.UpdateTimestampsCache] : [Student] -> [5579090644127747]
14:17:56,790 DEBUG BaseGeneralDataRegion:59 - Caching[foo.org.hibernate.cache.spi.UpdateTimestampsCache] : [Course] -> [5579090644127747]
14:17:56,790 DEBUG BaseGeneralDataRegion:59 - Caching[foo.org.hibernate.cache.spi.UpdateTimestampsCache] : [Enrolment] -> [5579090644127747]
14:17:56,790 DEBUG BaseGeneralDataRegion:59 - Caching[foo.org.hibernate.cache.spi.UpdateTimestampsCache] : [Student_secretCodes] -> [5579090644127747]
14:17:56,790 DEBUG BaseGeneralDataRegion:59 - Caching[foo.org.hibernate.cache.spi.UpdateTimestampsCache] : [Address] -> [5579090644127747]
14:17:56,790 DEBUG BaseGeneralDataRegion:59 - Caching[foo.org.hibernate.cache.spi.UpdateTimestampsCache] : [CourseMeeting] -> [5579090644127747]
14:17:56,790  INFO CustomRunner:139 - Test: testMultiSelectNewList
14:17:56,792 DEBUG SQL:104 - 
    select
        coursemeet_.courseCode,
        coursemeet_.day,
        coursemeet_.period,
        coursemeet_.location 
    from
        CourseMeeting coursemeet_ 
    where
        coursemeet_.courseCode=? 
        and coursemeet_.day=? 
        and coursemeet_.period=? 
        and coursemeet_.location=?
14:17:56,793 DEBUG SQL:104 - 
    select
        coursemeet_.courseCode,
        coursemeet_.day,
        coursemeet_.period,
        coursemeet_.location 
    from
        CourseMeeting coursemeet_ 
    where
        coursemeet_.courseCode=? 
        and coursemeet_.day=? 
        and coursemeet_.period=? 
        and coursemeet_.location=?
14:17:56,794 DEBUG SQL:104 - 
    insert 
    into
        Course
        (description, courseCode) 
    values
        (?, ?)
14:17:56,794 DEBUG BaseGeneralDataRegion:59 - Caching[foo.org.hibernate.cache.spi.UpdateTimestampsCache] : [Course] -> [5579090889908224]
14:17:56,794 DEBUG SQL:104 - 
    insert 
    into
        CourseMeeting
        (courseCode, day, period, location) 
    values
        (?, ?, ?, ?)
14:17:56,811 DEBUG BaseGeneralDataRegion:59 - Caching[foo.org.hibernate.cache.spi.UpdateTimestampsCache] : [CourseMeeting] -> [5579090889977856]
14:17:56,811 DEBUG SQL:104 - 
    insert 
    into
        CourseMeeting
        (courseCode, day, period, location) 
    values
        (?, ?, ?, ?)
14:17:56,812 DEBUG BaseGeneralDataRegion:59 - Caching[foo.org.hibernate.cache.spi.UpdateTimestampsCache] : [CourseMeeting] -> [5579090889981952]
14:17:56,812 DEBUG SQL:104 - 
    insert 
    into
        Student
        (name_first, name_middle, name_last, preferredCourseCode, studentId) 
    values
        (?, ?, ?, ?, ?)
14:17:56,812 DEBUG BaseGeneralDataRegion:59 - Caching[foo.org.hibernate.cache.spi.UpdateTimestampsCache] : [Student] -> [5579090889981953]
14:17:56,812 DEBUG SQL:104 - 
    insert 
    into
        Address
        (addressType, street, city, stateProvince, postalCode, country, studentNumber, id) 
    values
        (?, ?, ?, ?, ?, ?, ?, ?)
14:17:56,812 DEBUG BaseGeneralDataRegion:59 - Caching[foo.org.hibernate.cache.spi.UpdateTimestampsCache] : [Address] -> [5579090889981954]
14:17:56,821 DEBUG SQL:104 - 
    insert 
    into
        Address
        (addressType, street, city, stateProvince, postalCode, country, studentNumber, id) 
    values
        (?, ?, ?, ?, ?, ?, ?, ?)
14:17:56,822 DEBUG BaseGeneralDataRegion:59 - Caching[foo.org.hibernate.cache.spi.UpdateTimestampsCache] : [Address] -> [5579090890022912]
14:17:56,822 DEBUG SQL:104 - 
    insert 
    into
        Student
        (name_first, name_middle, name_last, preferredCourseCode, studentId) 
    values
        (?, ?, ?, ?, ?)
14:17:56,822 DEBUG BaseGeneralDataRegion:59 - Caching[foo.org.hibernate.cache.spi.UpdateTimestampsCache] : [Student] -> [5579090890022913]
14:17:56,822 DEBUG SQL:104 - 
    insert 
    into
        Enrolment
        (semester, "year", studentId, courseCode) 
    values
        (?, ?, ?, ?)
14:17:56,822 DEBUG BaseGeneralDataRegion:59 - Caching[foo.org.hibernate.cache.spi.UpdateTimestampsCache] : [Enrolment] -> [5579090890022914]
14:17:56,822 DEBUG SQL:104 - 
    insert 
    into
        Enrolment
        (semester, "year", studentId, courseCode) 
    values
        (?, ?, ?, ?)
14:17:56,832 DEBUG BaseGeneralDataRegion:59 - Caching[foo.org.hibernate.cache.spi.UpdateTimestampsCache] : [Enrolment] -> [5579090890063872]
14:17:56,832 DEBUG BaseGeneralDataRegion:59 - Caching[foo.org.hibernate.cache.spi.UpdateTimestampsCache] : [CourseMeeting] -> [5579090890063873]
14:17:56,832 DEBUG BaseGeneralDataRegion:59 - Caching[foo.org.hibernate.cache.spi.UpdateTimestampsCache] : [Enrolment] -> [5579090890063874]
14:17:56,832 DEBUG SQL:104 - 
    update
        Address 
    set
        studentNumber=?,
        addressType=? 
    where
        id=?
14:17:56,832 DEBUG SQL:104 - 
    update
        Address 
    set
        studentNumber=?,
        addressType=? 
    where
        id=?
14:17:56,833 DEBUG BaseGeneralDataRegion:59 - Caching[foo.org.hibernate.cache.spi.UpdateTimestampsCache] : [Address] -> [5579090890067968]
14:17:56,833 DEBUG SQL:104 - 
    insert 
    into
        Student_secretCodes
        (studentNumber, i, secretCode) 
    values
        (?, ?, ?)
14:17:56,833 DEBUG BaseGeneralDataRegion:59 - Caching[foo.org.hibernate.cache.spi.UpdateTimestampsCache] : [Student_secretCodes] -> [5579090890067969]
14:17:56,833 DEBUG BaseGeneralDataRegion:59 - Caching[foo.org.hibernate.cache.spi.UpdateTimestampsCache] : [Enrolment] -> [5579090890067970]
14:17:56,842 DEBUG BaseGeneralDataRegion:59 - Caching[foo.org.hibernate.cache.spi.UpdateTimestampsCache] : [Address] -> [5579090890104832]
14:17:56,843 DEBUG SQL:104 - 
    insert 
    into
        Student_secretCodes
        (studentNumber, i, secretCode) 
    values
        (?, ?, ?)
14:17:56,843 DEBUG SQL:104 - 
    insert 
    into
        Student_secretCodes
        (studentNumber, i, secretCode) 
    values
        (?, ?, ?)
14:17:56,843 DEBUG BaseGeneralDataRegion:59 - Caching[foo.org.hibernate.cache.spi.UpdateTimestampsCache] : [Student_secretCodes] -> [5579090890108928]
14:17:56,843 DEBUG BaseGeneralDataRegion:59 - Caching[foo.org.hibernate.cache.spi.UpdateTimestampsCache] : [Student] -> [5579090644348929]
14:17:56,843 DEBUG BaseGeneralDataRegion:59 - Caching[foo.org.hibernate.cache.spi.UpdateTimestampsCache] : [Course] -> [5579090644348929]
14:17:56,843 DEBUG BaseGeneralDataRegion:59 - Caching[foo.org.hibernate.cache.spi.UpdateTimestampsCache] : [Enrolment] -> [5579090644348929]
14:17:56,844 DEBUG BaseGeneralDataRegion:59 - Caching[foo.org.hibernate.cache.spi.UpdateTimestampsCache] : [Student_secretCodes] -> [5579090644348929]
14:17:56,844 DEBUG BaseGeneralDataRegion:59 - Caching[foo.org.hibernate.cache.spi.UpdateTimestampsCache] : [Address] -> [5579090644348929]
14:17:56,844 DEBUG BaseGeneralDataRegion:59 - Caching[foo.org.hibernate.cache.spi.UpdateTimestampsCache] : [CourseMeeting] -> [5579090644348929]
14:17:56,844 DEBUG SQL:104 - 
    select
        this_.studentId as y0_,
        this_.name_first as y1_,
        this_.name_middle as y2_,
        this_.name_last as y3_ 
    from
        Student this_ 
    order by
        this_.studentId asc
14:17:56,854 DEBUG SQL:104 - 
    select
        this_.studentId as y0_,
        this_.name_first as y1_,
        this_.name_middle as y2_,
        this_.name_last as y3_ 
    from
        Student this_ 
    order by
        this_.studentId asc
14:17:56,855 DEBUG SQL:104 - 
    select
        student_.studentId,
        student_.name_first as name2_4_,
        student_.name_middle as name3_4_,
        student_.name_last as name4_4_,
        student_.preferredCourseCode as preferre5_4_ 
    from
        Student student_ 
    where
        student_.studentId=?
14:17:56,855 DEBUG SQL:104 - 
    select
        enrolment_.studentId,
        enrolment_.courseCode,
        enrolment_.semester as semester3_,
        enrolment_."year" as year4_3_ 
    from
        Enrolment enrolment_ 
    where
        enrolment_.studentId=? 
        and enrolment_.courseCode=?
14:17:56,866 DEBUG SQL:104 - 
    select
        course_.courseCode,
        course_.description as descript2_1_ 
    from
        Course course_ 
    where
        course_.courseCode=?
14:17:56,866 DEBUG SQL:104 - 
    select
        student_.studentId,
        student_.name_first as name2_4_,
        student_.name_middle as name3_4_,
        student_.name_last as name4_4_,
        student_.preferredCourseCode as preferre5_4_ 
    from
        Student student_ 
    where
        student_.studentId=?
14:17:56,867 DEBUG SQL:104 - 
    select
        enrolment_.studentId,
        enrolment_.courseCode,
        enrolment_.semester as semester3_,
        enrolment_."year" as year4_3_ 
    from
        Enrolment enrolment_ 
    where
        enrolment_.studentId=? 
        and enrolment_.courseCode=?
14:17:56,867 DEBUG SQL:104 - 
    select
        coursemeet_.courseCode,
        coursemeet_.day,
        coursemeet_.period,
        coursemeet_.location 
    from
        CourseMeeting coursemeet_ 
    where
        coursemeet_.courseCode=? 
        and coursemeet_.day=? 
        and coursemeet_.period=? 
        and coursemeet_.location=?
14:17:56,867 DEBUG SQL:104 - 
    select
        coursemeet_.courseCode,
        coursemeet_.day,
        coursemeet_.period,
        coursemeet_.location 
    from
        CourseMeeting coursemeet_ 
    where
        coursemeet_.courseCode=? 
        and coursemeet_.day=? 
        and coursemeet_.period=? 
        and coursemeet_.location=?
14:17:56,879 DEBUG BaseGeneralDataRegion:59 - Caching[foo.org.hibernate.cache.spi.UpdateTimestampsCache] : [Enrolment] -> [5579090890256384]
14:17:56,879 DEBUG SQL:104 - 
    update
        Address 
    set
        studentNumber=null,
        addressType=null 
    where
        studentNumber=?
14:17:56,880 DEBUG BaseGeneralDataRegion:59 - Caching[foo.org.hibernate.cache.spi.UpdateTimestampsCache] : [Address] -> [5579090890260480]
14:17:56,880 DEBUG SQL:104 - 
    delete 
    from
        Student_secretCodes 
    where
        studentNumber=?
14:17:56,880 DEBUG BaseGeneralDataRegion:59 - Caching[foo.org.hibernate.cache.spi.UpdateTimestampsCache] : [Student_secretCodes] -> [5579090890260481]
14:17:56,880 DEBUG BaseGeneralDataRegion:59 - Caching[foo.org.hibernate.cache.spi.UpdateTimestampsCache] : [Enrolment] -> [5579090890260482]
14:17:56,880 DEBUG BaseGeneralDataRegion:59 - Caching[foo.org.hibernate.cache.spi.UpdateTimestampsCache] : [Address] -> [5579090890260483]
14:17:56,880 DEBUG SQL:104 - 
    delete 
    from
        Student_secretCodes 
    where
        studentNumber=?
14:17:56,880 DEBUG BaseGeneralDataRegion:59 - Caching[foo.org.hibernate.cache.spi.UpdateTimestampsCache] : [Student_secretCodes] -> [5579090890260484]
14:17:56,881 DEBUG BaseGeneralDataRegion:59 - Caching[foo.org.hibernate.cache.spi.UpdateTimestampsCache] : [CourseMeeting] -> [5579090890264576]
14:17:56,881 DEBUG SQL:104 - 
    delete 
    from
        Enrolment 
    where
        studentId=? 
        and courseCode=?
14:17:56,889 DEBUG BaseGeneralDataRegion:59 - Caching[foo.org.hibernate.cache.spi.UpdateTimestampsCache] : [Enrolment] -> [5579090890297344]
14:17:56,890 DEBUG SQL:104 - 
    delete 
    from
        Address 
    where
        id=?
14:17:56,890 DEBUG BaseGeneralDataRegion:59 - Caching[foo.org.hibernate.cache.spi.UpdateTimestampsCache] : [Address] -> [5579090890301440]
14:17:56,890 DEBUG SQL:104 - 
    delete 
    from
        Address 
    where
        id=?
14:17:56,890 DEBUG BaseGeneralDataRegion:59 - Caching[foo.org.hibernate.cache.spi.UpdateTimestampsCache] : [Address] -> [5579090890301441]
14:17:56,890 DEBUG SQL:104 - 
    delete 
    from
        Student 
    where
        studentId=?
14:17:56,890 DEBUG BaseGeneralDataRegion:59 - Caching[foo.org.hibernate.cache.spi.UpdateTimestampsCache] : [Student] -> [5579090890301442]
14:17:56,890 DEBUG SQL:104 - 
    delete 
    from
        Enrolment 
    where
        studentId=? 
        and courseCode=?
14:17:56,891 DEBUG BaseGeneralDataRegion:59 - Caching[foo.org.hibernate.cache.spi.UpdateTimestampsCache] : [Enrolment] -> [5579090890305536]
14:17:56,891 DEBUG SQL:104 - 
    delete 
    from
        Student 
    where
        studentId=?
14:17:56,891 DEBUG BaseGeneralDataRegion:59 - Caching[foo.org.hibernate.cache.spi.UpdateTimestampsCache] : [Student] -> [5579090890305537]
14:17:56,891 DEBUG SQL:104 - 
    delete 
    from
        CourseMeeting 
    where
        courseCode=? 
        and day=? 
        and period=? 
        and location=?
14:17:56,912 DEBUG BaseGeneralDataRegion:59 - Caching[foo.org.hibernate.cache.spi.UpdateTimestampsCache] : [CourseMeeting] -> [5579090890391552]
14:17:56,912 DEBUG SQL:104 - 
    delete 
    from
        CourseMeeting 
    where
        courseCode=? 
        and day=? 
        and period=? 
        and location=?
14:17:56,912 DEBUG BaseGeneralDataRegion:59 - Caching[foo.org.hibernate.cache.spi.UpdateTimestampsCache] : [CourseMeeting] -> [5579090890391553]
14:17:56,912 DEBUG SQL:104 - 
    delete 
    from
        Course 
    where
        courseCode=?
14:17:56,913 DEBUG BaseGeneralDataRegion:59 - Caching[foo.org.hibernate.cache.spi.UpdateTimestampsCache] : [Course] -> [5579090890395648]
14:17:56,913 DEBUG BaseGeneralDataRegion:59 - Caching[foo.org.hibernate.cache.spi.UpdateTimestampsCache] : [Student] -> [5579090644635649]
14:17:56,913 DEBUG BaseGeneralDataRegion:59 - Caching[foo.org.hibernate.cache.spi.UpdateTimestampsCache] : [Course] -> [5579090644635649]
14:17:56,913 DEBUG BaseGeneralDataRegion:59 - Caching[foo.org.hibernate.cache.spi.UpdateTimestampsCache] : [Enrolment] -> [5579090644635649]
14:17:56,913 DEBUG BaseGeneralDataRegion:59 - Caching[foo.org.hibernate.cache.spi.UpdateTimestampsCache] : [Student_secretCodes] -> [5579090644635649]
14:17:56,913 DEBUG BaseGeneralDataRegion:59 - Caching[foo.org.hibernate.cache.spi.UpdateTimestampsCache] : [Address] -> [5579090644635649]
14:17:56,913 DEBUG BaseGeneralDataRegion:59 - Caching[foo.org.hibernate.cache.spi.UpdateTimestampsCache] : [CourseMeeting] -> [5579090644635649]
14:17:56,921  INFO CustomRunner:139 - Test: testMultiSelectNewListList
14:17:56,926 DEBUG SQL:104 - 
    select
        coursemeet_.courseCode,
        coursemeet_.day,
        coursemeet_.period,
        coursemeet_.location 
    from
        CourseMeeting coursemeet_ 
    where
        coursemeet_.courseCode=? 
        and coursemeet_.day=? 
        and coursemeet_.period=? 
        and coursemeet_.location=?
14:17:56,927 DEBUG SQL:104 - 
    select
        coursemeet_.courseCode,
        coursemeet_.day,
        coursemeet_.period,
        coursemeet_.location 
    from
        CourseMeeting coursemeet_ 
    where
        coursemeet_.courseCode=? 
        and coursemeet_.day=? 
        and coursemeet_.period=? 
        and coursemeet_.location=?
14:17:56,928 DEBUG SQL:104 - 
    insert 
    into
        Course
        (description, courseCode) 
    values
        (?, ?)
14:17:56,933 DEBUG BaseGeneralDataRegion:59 - Caching[foo.org.hibernate.cache.spi.UpdateTimestampsCache] : [Course] -> [5579090890477568]
14:17:56,933 DEBUG SQL:104 - 
    insert 
    into
        CourseMeeting
        (courseCode, day, period, location) 
    values
        (?, ?, ?, ?)
14:17:56,933 DEBUG BaseGeneralDataRegion:59 - Caching[foo.org.hibernate.cache.spi.UpdateTimestampsCache] : [CourseMeeting] -> [5579090890477569]
14:17:56,933 DEBUG SQL:104 - 
    insert 
    into
        CourseMeeting
        (courseCode, day, period, location) 
    values
        (?, ?, ?, ?)
14:17:56,933 DEBUG BaseGeneralDataRegion:59 - Caching[foo.org.hibernate.cache.spi.UpdateTimestampsCache] : [CourseMeeting] -> [5579090890477570]
14:17:56,934 DEBUG SQL:104 - 
    insert 
    into
        Student
        (name_first, name_middle, name_last, preferredCourseCode, studentId) 
    values
        (?, ?, ?, ?, ?)
14:17:56,934 DEBUG BaseGeneralDataRegion:59 - Caching[foo.org.hibernate.cache.spi.UpdateTimestampsCache] : [Student] -> [5579090890481664]
14:17:56,943 DEBUG SQL:104 - 
    insert 
    into
        Address
        (addressType, street, city, stateProvince, postalCode, country, studentNumber, id) 
    values
        (?, ?, ?, ?, ?, ?, ?, ?)
14:17:56,943 DEBUG BaseGeneralDataRegion:59 - Caching[foo.org.hibernate.cache.spi.UpdateTimestampsCache] : [Address] -> [5579090890518528]
14:17:56,944 DEBUG SQL:104 - 
    insert 
    into
        Address
        (addressType, street, city, stateProvince, postalCode, country, studentNumber, id) 
    values
        (?, ?, ?, ?, ?, ?, ?, ?)
14:17:56,944 DEBUG BaseGeneralDataRegion:59 - Caching[foo.org.hibernate.cache.spi.UpdateTimestampsCache] : [Address] -> [5579090890522624]
14:17:56,944 DEBUG SQL:104 - 
    insert 
    into
        Student
        (name_first, name_middle, name_last, preferredCourseCode, studentId) 
    values
        (?, ?, ?, ?, ?)
14:17:56,944 DEBUG BaseGeneralDataRegion:59 - Caching[foo.org.hibernate.cache.spi.UpdateTimestampsCache] : [Student] -> [5579090890522625]
14:17:56,944 DEBUG SQL:104 - 
    insert 
    into
        Enrolment
        (semester, "year", studentId, courseCode) 
    values
        (?, ?, ?, ?)
14:17:56,954 DEBUG BaseGeneralDataRegion:59 - Caching[foo.org.hibernate.cache.spi.UpdateTimestampsCache] : [Enrolment] -> [5579090890563584]
14:17:56,954 DEBUG SQL:104 - 
    insert 
    into
        Enrolment
        (semester, "year", studentId, courseCode) 
    values
        (?, ?, ?, ?)
14:17:56,954 DEBUG BaseGeneralDataRegion:59 - Caching[foo.org.hibernate.cache.spi.UpdateTimestampsCache] : [Enrolment] -> [5579090890563585]
14:17:56,954 DEBUG BaseGeneralDataRegion:59 - Caching[foo.org.hibernate.cache.spi.UpdateTimestampsCache] : [CourseMeeting] -> [5579090890563586]
14:17:56,955 DEBUG BaseGeneralDataRegion:59 - Caching[foo.org.hibernate.cache.spi.UpdateTimestampsCache] : [Enrolment] -> [5579090890563587]
14:17:56,955 DEBUG SQL:104 - 
    update
        Address 
    set
        studentNumber=?,
        addressType=? 
    where
        id=?
14:17:56,955 DEBUG SQL:104 - 
    update
        Address 
    set
        studentNumber=?,
        addressType=? 
    where
        id=?
14:17:56,955 DEBUG BaseGeneralDataRegion:59 - Caching[foo.org.hibernate.cache.spi.UpdateTimestampsCache] : [Address] -> [5579090890567680]
14:17:56,955 DEBUG SQL:104 - 
    insert 
    into
        Student_secretCodes
        (studentNumber, i, secretCode) 
    values
        (?, ?, ?)
14:17:56,965 DEBUG BaseGeneralDataRegion:59 - Caching[foo.org.hibernate.cache.spi.UpdateTimestampsCache] : [Student_secretCodes] -> [5579090890608640]
14:17:56,965 DEBUG BaseGeneralDataRegion:59 - Caching[foo.org.hibernate.cache.spi.UpdateTimestampsCache] : [Enrolment] -> [5579090890608641]
14:17:56,965 DEBUG BaseGeneralDataRegion:59 - Caching[foo.org.hibernate.cache.spi.UpdateTimestampsCache] : [Address] -> [5579090890608642]
14:17:56,965 DEBUG SQL:104 - 
    insert 
    into
        Student_secretCodes
        (studentNumber, i, secretCode) 
    values
        (?, ?, ?)
14:17:56,965 DEBUG SQL:104 - 
    insert 
    into
        Student_secretCodes
        (studentNumber, i, secretCode) 
    values
        (?, ?, ?)
14:17:56,965 DEBUG BaseGeneralDataRegion:59 - Caching[foo.org.hibernate.cache.spi.UpdateTimestampsCache] : [Student_secretCodes] -> [5579090890608643]
14:17:56,966 DEBUG BaseGeneralDataRegion:59 - Caching[foo.org.hibernate.cache.spi.UpdateTimestampsCache] : [Student] -> [5579090644852736]
14:17:56,966 DEBUG BaseGeneralDataRegion:59 - Caching[foo.org.hibernate.cache.spi.UpdateTimestampsCache] : [Course] -> [5579090644852736]
14:17:56,966 DEBUG BaseGeneralDataRegion:59 - Caching[foo.org.hibernate.cache.spi.UpdateTimestampsCache] : [Enrolment] -> [5579090644852736]
14:17:56,966 DEBUG BaseGeneralDataRegion:59 - Caching[foo.org.hibernate.cache.spi.UpdateTimestampsCache] : [Student_secretCodes] -> [5579090644852736]
14:17:56,966 DEBUG BaseGeneralDataRegion:59 - Caching[foo.org.hibernate.cache.spi.UpdateTimestampsCache] : [Address] -> [5579090644852736]
14:17:56,966 DEBUG BaseGeneralDataRegion:59 - Caching[foo.org.hibernate.cache.spi.UpdateTimestampsCache] : [CourseMeeting] -> [5579090644852736]
14:17:56,975 DEBUG SQL:104 - 
    select
        this_.studentId as y0_,
        this_.name_first as y1_,
        this_.name_middle as y2_,
        this_.name_last as y3_ 
    from
        Student this_ 
    order by
        this_.studentId asc
14:17:56,975 DEBUG SQL:104 - 
    select
        this_.studentId as y0_,
        this_.name_first as y1_,
        this_.name_middle as y2_,
        this_.name_last as y3_ 
    from
        Student this_ 
    order by
        this_.studentId asc
14:17:56,976 DEBUG SQL:104 - 
    select
        student_.studentId,
        student_.name_first as name2_4_,
        student_.name_middle as name3_4_,
        student_.name_last as name4_4_,
        student_.preferredCourseCode as preferre5_4_ 
    from
        Student student_ 
    where
        student_.studentId=?
14:17:56,984 DEBUG SQL:104 - 
    select
        enrolment_.studentId,
        enrolment_.courseCode,
        enrolment_.semester as semester3_,
        enrolment_."year" as year4_3_ 
    from
        Enrolment enrolment_ 
    where
        enrolment_.studentId=? 
        and enrolment_.courseCode=?
14:17:56,985 DEBUG SQL:104 - 
    select
        course_.courseCode,
        course_.description as descript2_1_ 
    from
        Course course_ 
    where
        course_.courseCode=?
14:17:56,985 DEBUG SQL:104 - 
    select
        student_.studentId,
        student_.name_first as name2_4_,
        student_.name_middle as name3_4_,
        student_.name_last as name4_4_,
        student_.preferredCourseCode as preferre5_4_ 
    from
        Student student_ 
    where
        student_.studentId=?
14:17:56,997 DEBUG SQL:104 - 
    select
        enrolment_.studentId,
        enrolment_.courseCode,
        enrolment_.semester as semester3_,
        enrolment_."year" as year4_3_ 
    from
        Enrolment enrolment_ 
    where
        enrolment_.studentId=? 
        and enrolment_.courseCode=?
14:17:56,998 DEBUG SQL:104 - 
    select
        coursemeet_.courseCode,
        coursemeet_.day,
        coursemeet_.period,
        coursemeet_.location 
    from
        CourseMeeting coursemeet_ 
    where
        coursemeet_.courseCode=? 
        and coursemeet_.day=? 
        and coursemeet_.period=? 
        and coursemeet_.location=?
14:17:56,998 DEBUG SQL:104 - 
    select
        coursemeet_.courseCode,
        coursemeet_.day,
        coursemeet_.period,
        coursemeet_.location 
    from
        CourseMeeting coursemeet_ 
    where
        coursemeet_.courseCode=? 
        and coursemeet_.day=? 
        and coursemeet_.period=? 
        and coursemeet_.location=?
14:17:56,998 DEBUG BaseGeneralDataRegion:59 - Caching[foo.org.hibernate.cache.spi.UpdateTimestampsCache] : [Enrolment] -> [5579090890743808]
14:17:56,999 DEBUG SQL:104 - 
    update
        Address 
    set
        studentNumber=null,
        addressType=null 
    where
        studentNumber=?
14:17:56,999 DEBUG BaseGeneralDataRegion:59 - Caching[foo.org.hibernate.cache.spi.UpdateTimestampsCache] : [Address] -> [5579090890747904]
14:17:56,999 DEBUG SQL:104 - 
    delete 
    from
        Student_secretCodes 
    where
        studentNumber=?
14:17:56,999 DEBUG BaseGeneralDataRegion:59 - Caching[foo.org.hibernate.cache.spi.UpdateTimestampsCache] : [Student_secretCodes] -> [5579090890747905]
14:17:56,999 DEBUG BaseGeneralDataRegion:59 - Caching[foo.org.hibernate.cache.spi.UpdateTimestampsCache] : [Enrolment] -> [5579090890747906]
14:17:56,999 DEBUG BaseGeneralDataRegion:59 - Caching[foo.org.hibernate.cache.spi.UpdateTimestampsCache] : [Address] -> [5579090890747907]
14:17:56,999 DEBUG SQL:104 - 
    delete 
    from
        Student_secretCodes 
    where
        studentNumber=?
14:17:57,011 DEBUG BaseGeneralDataRegion:59 - Caching[foo.org.hibernate.cache.spi.UpdateTimestampsCache] : [Student_secretCodes] -> [5579090890797056]
14:17:57,012 DEBUG BaseGeneralDataRegion:59 - Caching[foo.org.hibernate.cache.spi.UpdateTimestampsCache] : [CourseMeeting] -> [5579090890801152]
14:17:57,012 DEBUG SQL:104 - 
    delete 
    from
        Enrolment 
    where
        studentId=? 
        and courseCode=?
14:17:57,012 DEBUG BaseGeneralDataRegion:59 - Caching[foo.org.hibernate.cache.spi.UpdateTimestampsCache] : [Enrolment] -> [5579090890801153]
14:17:57,012 DEBUG SQL:104 - 
    delete 
    from
        Address 
    where
        id=?
14:17:57,012 DEBUG BaseGeneralDataRegion:59 - Caching[foo.org.hibernate.cache.spi.UpdateTimestampsCache] : [Address] -> [5579090890801154]
14:17:57,012 DEBUG SQL:104 - 
    delete 
    from
        Address 
    where
        id=?
14:17:57,013 DEBUG BaseGeneralDataRegion:59 - Caching[foo.org.hibernate.cache.spi.UpdateTimestampsCache] : [Address] -> [5579090890805248]
14:17:57,013 DEBUG SQL:104 - 
    delete 
    from
        Student 
    where
        studentId=?
14:17:57,022 DEBUG BaseGeneralDataRegion:59 - Caching[foo.org.hibernate.cache.spi.UpdateTimestampsCache] : [Student] -> [5579090890842112]
14:17:57,022 DEBUG SQL:104 - 
    delete 
    from
        Enrolment 
    where
        studentId=? 
        and courseCode=?
14:17:57,022 DEBUG BaseGeneralDataRegion:59 - Caching[foo.org.hibernate.cache.spi.UpdateTimestampsCache] : [Enrolment] -> [5579090890842113]
14:17:57,022 DEBUG SQL:104 - 
    delete 
    from
        Student 
    where
        studentId=?
14:17:57,023 DEBUG BaseGeneralDataRegion:59 - Caching[foo.org.hibernate.cache.spi.UpdateTimestampsCache] : [Student] -> [5579090890846208]
14:17:57,023 DEBUG SQL:104 - 
    delete 
    from
        CourseMeeting 
    where
        courseCode=? 
        and day=? 
        and period=? 
        and location=?
14:17:57,023 DEBUG BaseGeneralDataRegion:59 - Caching[foo.org.hibernate.cache.spi.UpdateTimestampsCache] : [CourseMeeting] -> [5579090890846209]
14:17:57,023 DEBUG SQL:104 - 
    delete 
    from
        CourseMeeting 
    where
        courseCode=? 
        and day=? 
        and period=? 
        and location=?
14:17:57,023 DEBUG BaseGeneralDataRegion:59 - Caching[foo.org.hibernate.cache.spi.UpdateTimestampsCache] : [CourseMeeting] -> [5579090890846210]
14:17:57,023 DEBUG SQL:104 - 
    delete 
    from
        Course 
    where
        courseCode=?
14:17:57,047 DEBUG BaseGeneralDataRegion:59 - Caching[foo.org.hibernate.cache.spi.UpdateTimestampsCache] : [Course] -> [5579090890944512]
14:17:57,048 DEBUG BaseGeneralDataRegion:59 - Caching[foo.org.hibernate.cache.spi.UpdateTimestampsCache] : [Student] -> [5579090645188608]
14:17:57,048 DEBUG BaseGeneralDataRegion:59 - Caching[foo.org.hibernate.cache.spi.UpdateTimestampsCache] : [Course] -> [5579090645188608]
14:17:57,048 DEBUG BaseGeneralDataRegion:59 - Caching[foo.org.hibernate.cache.spi.UpdateTimestampsCache] : [Enrolment] -> [5579090645188608]
14:17:57,048 DEBUG BaseGeneralDataRegion:59 - Caching[foo.org.hibernate.cache.spi.UpdateTimestampsCache] : [Student_secretCodes] -> [5579090645188608]
14:17:57,048 DEBUG BaseGeneralDataRegion:59 - Caching[foo.org.hibernate.cache.spi.UpdateTimestampsCache] : [Address] -> [5579090645188608]
14:17:57,048 DEBUG BaseGeneralDataRegion:59 - Caching[foo.org.hibernate.cache.spi.UpdateTimestampsCache] : [CourseMeeting] -> [5579090645188608]
14:17:57,048  INFO CustomRunner:139 - Test: testMultiSelectNewMapUsingAliasesList
14:17:57,050 DEBUG SQL:104 - 
    select
        coursemeet_.courseCode,
        coursemeet_.day,
        coursemeet_.period,
        coursemeet_.location 
    from
        CourseMeeting coursemeet_ 
    where
        coursemeet_.courseCode=? 
        and coursemeet_.day=? 
        and coursemeet_.period=? 
        and coursemeet_.location=?
14:17:57,051 DEBUG SQL:104 - 
    select
        coursemeet_.courseCode,
        coursemeet_.day,
        coursemeet_.period,
        coursemeet_.location 
    from
        CourseMeeting coursemeet_ 
    where
        coursemeet_.courseCode=? 
        and coursemeet_.day=? 
        and coursemeet_.period=? 
        and coursemeet_.location=?
14:17:57,057 DEBUG SQL:104 - 
    insert 
    into
        Course
        (description, courseCode) 
    values
        (?, ?)
14:17:57,058 DEBUG BaseGeneralDataRegion:59 - Caching[foo.org.hibernate.cache.spi.UpdateTimestampsCache] : [Course] -> [5579090890989568]
14:17:57,058 DEBUG SQL:104 - 
    insert 
    into
        CourseMeeting
        (courseCode, day, period, location) 
    values
        (?, ?, ?, ?)
14:17:57,058 DEBUG BaseGeneralDataRegion:59 - Caching[foo.org.hibernate.cache.spi.UpdateTimestampsCache] : [CourseMeeting] -> [5579090890989569]
14:17:57,058 DEBUG SQL:104 - 
    insert 
    into
        CourseMeeting
        (courseCode, day, period, location) 
    values
        (?, ?, ?, ?)
14:17:57,058 DEBUG BaseGeneralDataRegion:59 - Caching[foo.org.hibernate.cache.spi.UpdateTimestampsCache] : [CourseMeeting] -> [5579090890989570]
14:17:57,067 DEBUG SQL:104 - 
    insert 
    into
        Student
        (name_first, name_middle, name_last, preferredCourseCode, studentId) 
    values
        (?, ?, ?, ?, ?)
14:17:57,068 DEBUG BaseGeneralDataRegion:59 - Caching[foo.org.hibernate.cache.spi.UpdateTimestampsCache] : [Student] -> [5579090891030528]
14:17:57,068 DEBUG SQL:104 - 
    insert 
    into
        Address
        (addressType, street, city, stateProvince, postalCode, country, studentNumber, id) 
    values
        (?, ?, ?, ?, ?, ?, ?, ?)
14:17:57,068 DEBUG BaseGeneralDataRegion:59 - Caching[foo.org.hibernate.cache.spi.UpdateTimestampsCache] : [Address] -> [5579090891030529]
14:17:57,068 DEBUG SQL:104 - 
    insert 
    into
        Address
        (addressType, street, city, stateProvince, postalCode, country, studentNumber, id) 
    values
        (?, ?, ?, ?, ?, ?, ?, ?)
14:17:57,068 DEBUG BaseGeneralDataRegion:59 - Caching[foo.org.hibernate.cache.spi.UpdateTimestampsCache] : [Address] -> [5579090891030530]
14:17:57,069 DEBUG SQL:104 - 
    insert 
    into
        Student
        (name_first, name_middle, name_last, preferredCourseCode, studentId) 
    values
        (?, ?, ?, ?, ?)
14:17:57,078 DEBUG BaseGeneralDataRegion:59 - Caching[foo.org.hibernate.cache.spi.UpdateTimestampsCache] : [Student] -> [5579090891071488]
14:17:57,078 DEBUG SQL:104 - 
    insert 
    into
        Enrolment
        (semester, "year", studentId, courseCode) 
    values
        (?, ?, ?, ?)
14:17:57,079 DEBUG BaseGeneralDataRegion:59 - Caching[foo.org.hibernate.cache.spi.UpdateTimestampsCache] : [Enrolment] -> [5579090891075584]
14:17:57,079 DEBUG SQL:104 - 
    insert 
    into
        Enrolment
        (semester, "year", studentId, courseCode) 
    values
        (?, ?, ?, ?)
14:17:57,079 DEBUG BaseGeneralDataRegion:59 - Caching[foo.org.hibernate.cache.spi.UpdateTimestampsCache] : [Enrolment] -> [5579090891075585]
14:17:57,079 DEBUG BaseGeneralDataRegion:59 - Caching[foo.org.hibernate.cache.spi.UpdateTimestampsCache] : [CourseMeeting] -> [5579090891075586]
14:17:57,079 DEBUG BaseGeneralDataRegion:59 - Caching[foo.org.hibernate.cache.spi.UpdateTimestampsCache] : [Enrolment] -> [5579090891075587]
14:17:57,079 DEBUG SQL:104 - 
    update
        Address 
    set
        studentNumber=?,
        addressType=? 
    where
        id=?
14:17:57,079 DEBUG SQL:104 - 
    update
        Address 
    set
        studentNumber=?,
        addressType=? 
    where
        id=?
14:17:57,088 DEBUG BaseGeneralDataRegion:59 - Caching[foo.org.hibernate.cache.spi.UpdateTimestampsCache] : [Address] -> [5579090891112448]
14:17:57,088 DEBUG SQL:104 - 
    insert 
    into
        Student_secretCodes
        (studentNumber, i, secretCode) 
    values
        (?, ?, ?)
14:17:57,088 DEBUG BaseGeneralDataRegion:59 - Caching[foo.org.hibernate.cache.spi.UpdateTimestampsCache] : [Student_secretCodes] -> [5579090891112449]
14:17:57,088 DEBUG BaseGeneralDataRegion:59 - Caching[foo.org.hibernate.cache.spi.UpdateTimestampsCache] : [Enrolment] -> [5579090891112450]
14:17:57,088 DEBUG BaseGeneralDataRegion:59 - Caching[foo.org.hibernate.cache.spi.UpdateTimestampsCache] : [Address] -> [5579090891112451]
14:17:57,089 DEBUG SQL:104 - 
    insert 
    into
        Student_secretCodes
        (studentNumber, i, secretCode) 
    values
        (?, ?, ?)
14:17:57,089 DEBUG SQL:104 - 
    insert 
    into
        Student_secretCodes
        (studentNumber, i, secretCode) 
    values
        (?, ?, ?)
14:17:57,098 DEBUG BaseGeneralDataRegion:59 - Caching[foo.org.hibernate.cache.spi.UpdateTimestampsCache] : [Student_secretCodes] -> [5579090891153408]
14:17:57,098 DEBUG BaseGeneralDataRegion:59 - Caching[foo.org.hibernate.cache.spi.UpdateTimestampsCache] : [Student] -> [5579090645393409]
14:17:57,098 DEBUG BaseGeneralDataRegion:59 - Caching[foo.org.hibernate.cache.spi.UpdateTimestampsCache] : [Course] -> [5579090645393409]
14:17:57,098 DEBUG BaseGeneralDataRegion:59 - Caching[foo.org.hibernate.cache.spi.UpdateTimestampsCache] : [Enrolment] -> [5579090645393409]
14:17:57,099 DEBUG BaseGeneralDataRegion:59 - Caching[foo.org.hibernate.cache.spi.UpdateTimestampsCache] : [Student_secretCodes] -> [5579090645393409]
14:17:57,099 DEBUG BaseGeneralDataRegion:59 - Caching[foo.org.hibernate.cache.spi.UpdateTimestampsCache] : [Address] -> [5579090645393409]
14:17:57,099 DEBUG BaseGeneralDataRegion:59 - Caching[foo.org.hibernate.cache.spi.UpdateTimestampsCache] : [CourseMeeting] -> [5579090645393409]
14:17:57,099 DEBUG SQL:104 - 
    select
        this_.studentId as y0_,
        this_.name_first as y1_,
        this_.name_middle as y2_,
        this_.name_last as y3_ 
    from
        Student this_ 
    order by
        this_.studentId asc
14:17:57,100 DEBUG SQL:104 - 
    select
        this_.studentId as y0_,
        this_.name_first as y1_,
        this_.name_middle as y2_,
        this_.name_last as y3_ 
    from
        Student this_ 
    order by
        this_.studentId asc
14:17:57,100 DEBUG SQL:104 - 
    select
        student_.studentId,
        student_.name_first as name2_4_,
        student_.name_middle as name3_4_,
        student_.name_last as name4_4_,
        student_.preferredCourseCode as preferre5_4_ 
    from
        Student student_ 
    where
        student_.studentId=?
14:17:57,133 DEBUG SQL:104 - 
    select
        enrolment_.studentId,
        enrolment_.courseCode,
        enrolment_.semester as semester3_,
        enrolment_."year" as year4_3_ 
    from
        Enrolment enrolment_ 
    where
        enrolment_.studentId=? 
        and enrolment_.courseCode=?
14:17:57,133 DEBUG SQL:104 - 
    select
        course_.courseCode,
        course_.description as descript2_1_ 
    from
        Course course_ 
    where
        course_.courseCode=?
14:17:57,134 DEBUG SQL:104 - 
    select
        student_.studentId,
        student_.name_first as name2_4_,
        student_.name_middle as name3_4_,
        student_.name_last as name4_4_,
        student_.preferredCourseCode as preferre5_4_ 
    from
        Student student_ 
    where
        student_.studentId=?
14:17:57,134 DEBUG SQL:104 - 
    select
        enrolment_.studentId,
        enrolment_.courseCode,
        enrolment_.semester as semester3_,
        enrolment_."year" as year4_3_ 
    from
        Enrolment enrolment_ 
    where
        enrolment_.studentId=? 
        and enrolment_.courseCode=?
14:17:57,134 DEBUG SQL:104 - 
    select
        coursemeet_.courseCode,
        coursemeet_.day,
        coursemeet_.period,
        coursemeet_.location 
    from
        CourseMeeting coursemeet_ 
    where
        coursemeet_.courseCode=? 
        and coursemeet_.day=? 
        and coursemeet_.period=? 
        and coursemeet_.location=?
14:17:57,144 DEBUG SQL:104 - 
    select
        coursemeet_.courseCode,
        coursemeet_.day,
        coursemeet_.period,
        coursemeet_.location 
    from
        CourseMeeting coursemeet_ 
    where
        coursemeet_.courseCode=? 
        and coursemeet_.day=? 
        and coursemeet_.period=? 
        and coursemeet_.location=?
14:17:57,145 DEBUG BaseGeneralDataRegion:59 - Caching[foo.org.hibernate.cache.spi.UpdateTimestampsCache] : [Enrolment] -> [5579090891345920]
14:17:57,145 DEBUG SQL:104 - 
    update
        Address 
    set
        studentNumber=null,
        addressType=null 
    where
        studentNumber=?
14:17:57,146 DEBUG BaseGeneralDataRegion:59 - Caching[foo.org.hibernate.cache.spi.UpdateTimestampsCache] : [Address] -> [5579090891350016]
14:17:57,146 DEBUG SQL:104 - 
    delete 
    from
        Student_secretCodes 
    where
        studentNumber=?
14:17:57,155 DEBUG BaseGeneralDataRegion:59 - Caching[foo.org.hibernate.cache.spi.UpdateTimestampsCache] : [Student_secretCodes] -> [5579090891382784]
14:17:57,155 DEBUG BaseGeneralDataRegion:59 - Caching[foo.org.hibernate.cache.spi.UpdateTimestampsCache] : [Enrolment] -> [5579090891386880]
14:17:57,155 DEBUG BaseGeneralDataRegion:59 - Caching[foo.org.hibernate.cache.spi.UpdateTimestampsCache] : [Address] -> [5579090891386881]
14:17:57,155 DEBUG SQL:104 - 
    delete 
    from
        Student_secretCodes 
    where
        studentNumber=?
14:17:57,155 DEBUG BaseGeneralDataRegion:59 - Caching[foo.org.hibernate.cache.spi.UpdateTimestampsCache] : [Student_secretCodes] -> [5579090891386882]
14:17:57,155 DEBUG BaseGeneralDataRegion:59 - Caching[foo.org.hibernate.cache.spi.UpdateTimestampsCache] : [CourseMeeting] -> [5579090891386883]
14:17:57,155 DEBUG SQL:104 - 
    delete 
    from
        Enrolment 
    where
        studentId=? 
        and courseCode=?
14:17:57,156 DEBUG BaseGeneralDataRegion:59 - Caching[foo.org.hibernate.cache.spi.UpdateTimestampsCache] : [Enrolment] -> [5579090891390976]
14:17:57,156 DEBUG SQL:104 - 
    delete 
    from
        Address 
    where
        id=?
14:17:57,156 DEBUG BaseGeneralDataRegion:59 - Caching[foo.org.hibernate.cache.spi.UpdateTimestampsCache] : [Address] -> [5579090891390977]
14:17:57,156 DEBUG SQL:104 - 
    delete 
    from
        Address 
    where
        id=?
14:17:57,156 DEBUG BaseGeneralDataRegion:59 - Caching[foo.org.hibernate.cache.spi.UpdateTimestampsCache] : [Address] -> [5579090891390978]
14:17:57,156 DEBUG SQL:104 - 
    delete 
    from
        Student 
    where
        studentId=?
14:17:57,156 DEBUG BaseGeneralDataRegion:59 - Caching[foo.org.hibernate.cache.spi.UpdateTimestampsCache] : [Student] -> [5579090891390979]
14:17:57,157 DEBUG SQL:104 - 
    delete 
    from
        Enrolment 
    where
        studentId=? 
        and courseCode=?
14:17:57,178 DEBUG BaseGeneralDataRegion:59 - Caching[foo.org.hibernate.cache.spi.UpdateTimestampsCache] : [Enrolment] -> [5579090891481088]
14:17:57,179 DEBUG SQL:104 - 
    delete 
    from
        Student 
    where
        studentId=?
14:17:57,179 DEBUG BaseGeneralDataRegion:59 - Caching[foo.org.hibernate.cache.spi.UpdateTimestampsCache] : [Student] -> [5579090891485184]
14:17:57,179 DEBUG SQL:104 - 
    delete 
    from
        CourseMeeting 
    where
        courseCode=? 
        and day=? 
        and period=? 
        and location=?
14:17:57,179 DEBUG BaseGeneralDataRegion:59 - Caching[foo.org.hibernate.cache.spi.UpdateTimestampsCache] : [CourseMeeting] -> [5579090891485185]
14:17:57,179 DEBUG SQL:104 - 
    delete 
    from
        CourseMeeting 
    where
        courseCode=? 
        and day=? 
        and period=? 
        and location=?
14:17:57,188 DEBUG BaseGeneralDataRegion:59 - Caching[foo.org.hibernate.cache.spi.UpdateTimestampsCache] : [CourseMeeting] -> [5579090891522048]
14:17:57,188 DEBUG SQL:104 - 
    delete 
    from
        Course 
    where
        courseCode=?
14:17:57,189 DEBUG BaseGeneralDataRegion:59 - Caching[foo.org.hibernate.cache.spi.UpdateTimestampsCache] : [Course] -> [5579090891526144]
14:17:57,189 DEBUG BaseGeneralDataRegion:59 - Caching[foo.org.hibernate.cache.spi.UpdateTimestampsCache] : [Student] -> [5579090645766145]
14:17:57,189 DEBUG BaseGeneralDataRegion:59 - Caching[foo.org.hibernate.cache.spi.UpdateTimestampsCache] : [Course] -> [5579090645766145]
14:17:57,189 DEBUG BaseGeneralDataRegion:59 - Caching[foo.org.hibernate.cache.spi.UpdateTimestampsCache] : [Enrolment] -> [5579090645766145]
14:17:57,189 DEBUG BaseGeneralDataRegion:59 - Caching[foo.org.hibernate.cache.spi.UpdateTimestampsCache] : [Student_secretCodes] -> [5579090645766145]
14:17:57,189 DEBUG BaseGeneralDataRegion:59 - Caching[foo.org.hibernate.cache.spi.UpdateTimestampsCache] : [Address] -> [5579090645766145]
14:17:57,189 DEBUG BaseGeneralDataRegion:59 - Caching[foo.org.hibernate.cache.spi.UpdateTimestampsCache] : [CourseMeeting] -> [5579090645766145]
14:17:57,190  INFO CustomRunner:139 - Test: testMultiSelectNewMapUsingAliasesWithFetchJoinList
14:17:57,191 DEBUG SQL:104 - 
    select
        coursemeet_.courseCode,
        coursemeet_.day,
        coursemeet_.period,
        coursemeet_.location 
    from
        CourseMeeting coursemeet_ 
    where
        coursemeet_.courseCode=? 
        and coursemeet_.day=? 
        and coursemeet_.period=? 
        and coursemeet_.location=?
14:17:57,199 DEBUG SQL:104 - 
    select
        coursemeet_.courseCode,
        coursemeet_.day,
        coursemeet_.period,
        coursemeet_.location 
    from
        CourseMeeting coursemeet_ 
    where
        coursemeet_.courseCode=? 
        and coursemeet_.day=? 
        and coursemeet_.period=? 
        and coursemeet_.location=?
14:17:57,200 DEBUG SQL:104 - 
    insert 
    into
        Course
        (description, courseCode) 
    values
        (?, ?)
14:17:57,200 DEBUG BaseGeneralDataRegion:59 - Caching[foo.org.hibernate.cache.spi.UpdateTimestampsCache] : [Course] -> [5579090891571200]
14:17:57,200 DEBUG SQL:104 - 
    insert 
    into
        CourseMeeting
        (courseCode, day, period, location) 
    values
        (?, ?, ?, ?)
14:17:57,200 DEBUG BaseGeneralDataRegion:59 - Caching[foo.org.hibernate.cache.spi.UpdateTimestampsCache] : [CourseMeeting] -> [5579090891571201]
14:17:57,209 DEBUG SQL:104 - 
    insert 
    into
        CourseMeeting
        (courseCode, day, period, location) 
    values
        (?, ?, ?, ?)
14:17:57,209 DEBUG BaseGeneralDataRegion:59 - Caching[foo.org.hibernate.cache.spi.UpdateTimestampsCache] : [CourseMeeting] -> [5579090891608064]
14:17:57,209 DEBUG SQL:104 - 
    insert 
    into
        Student
        (name_first, name_middle, name_last, preferredCourseCode, studentId) 
    values
        (?, ?, ?, ?, ?)
14:17:57,210 DEBUG BaseGeneralDataRegion:59 - Caching[foo.org.hibernate.cache.spi.UpdateTimestampsCache] : [Student] -> [5579090891612160]
14:17:57,210 DEBUG SQL:104 - 
    insert 
    into
        Address
        (addressType, street, city, stateProvince, postalCode, country, studentNumber, id) 
    values
        (?, ?, ?, ?, ?, ?, ?, ?)
14:17:57,210 DEBUG BaseGeneralDataRegion:59 - Caching[foo.org.hibernate.cache.spi.UpdateTimestampsCache] : [Address] -> [5579090891612161]
14:17:57,210 DEBUG SQL:104 - 
    insert 
    into
        Address
        (addressType, street, city, stateProvince, postalCode, country, studentNumber, id) 
    values
        (?, ?, ?, ?, ?, ?, ?, ?)
14:17:57,219 DEBUG BaseGeneralDataRegion:59 - Caching[foo.org.hibernate.cache.spi.UpdateTimestampsCache] : [Address] -> [5579090891649024]
14:17:57,219 DEBUG SQL:104 - 
    insert 
    into
        Student
        (name_first, name_middle, name_last, preferredCourseCode, studentId) 
    values
        (?, ?, ?, ?, ?)
14:17:57,220 DEBUG BaseGeneralDataRegion:59 - Caching[foo.org.hibernate.cache.spi.UpdateTimestampsCache] : [Student] -> [5579090891653120]
14:17:57,220 DEBUG SQL:104 - 
    insert 
    into
        Enrolment
        (semester, "year", studentId, courseCode) 
    values
        (?, ?, ?, ?)
14:17:57,220 DEBUG BaseGeneralDataRegion:59 - Caching[foo.org.hibernate.cache.spi.UpdateTimestampsCache] : [Enrolment] -> [5579090891653121]
14:17:57,220 DEBUG SQL:104 - 
    insert 
    into
        Enrolment
        (semester, "year", studentId, courseCode) 
    values
        (?, ?, ?, ?)
14:17:57,220 DEBUG BaseGeneralDataRegion:59 - Caching[foo.org.hibernate.cache.spi.UpdateTimestampsCache] : [Enrolment] -> [5579090891653122]
14:17:57,220 DEBUG BaseGeneralDataRegion:59 - Caching[foo.org.hibernate.cache.spi.UpdateTimestampsCache] : [CourseMeeting] -> [5579090891653123]
14:17:57,220 DEBUG BaseGeneralDataRegion:59 - Caching[foo.org.hibernate.cache.spi.UpdateTimestampsCache] : [Enrolment] -> [5579090891653124]
14:17:57,221 DEBUG SQL:104 - 
    update
        Address 
    set
        studentNumber=?,
        addressType=? 
    where
        id=?
14:17:57,230 DEBUG SQL:104 - 
    update
        Address 
    set
        studentNumber=?,
        addressType=? 
    where
        id=?
14:17:57,230 DEBUG BaseGeneralDataRegion:59 - Caching[foo.org.hibernate.cache.spi.UpdateTimestampsCache] : [Address] -> [5579090891694080]
14:17:57,231 DEBUG SQL:104 - 
    insert 
    into
        Student_secretCodes
        (studentNumber, i, secretCode) 
    values
        (?, ?, ?)
14:17:57,231 DEBUG BaseGeneralDataRegion:59 - Caching[foo.org.hibernate.cache.spi.UpdateTimestampsCache] : [Student_secretCodes] -> [5579090891698176]
14:17:57,231 DEBUG BaseGeneralDataRegion:59 - Caching[foo.org.hibernate.cache.spi.UpdateTimestampsCache] : [Enrolment] -> [5579090891698177]
14:17:57,231 DEBUG BaseGeneralDataRegion:59 - Caching[foo.org.hibernate.cache.spi.UpdateTimestampsCache] : [Address] -> [5579090891698178]
14:17:57,231 DEBUG SQL:104 - 
    insert 
    into
        Student_secretCodes
        (studentNumber, i, secretCode) 
    values
        (?, ?, ?)
14:17:57,240 DEBUG SQL:104 - 
    insert 
    into
        Student_secretCodes
        (studentNumber, i, secretCode) 
    values
        (?, ?, ?)
14:17:57,240 DEBUG BaseGeneralDataRegion:59 - Caching[foo.org.hibernate.cache.spi.UpdateTimestampsCache] : [Student_secretCodes] -> [5579090891735040]
14:17:57,240 DEBUG BaseGeneralDataRegion:59 - Caching[foo.org.hibernate.cache.spi.UpdateTimestampsCache] : [Student] -> [5579090645975041]
14:17:57,240 DEBUG BaseGeneralDataRegion:59 - Caching[foo.org.hibernate.cache.spi.UpdateTimestampsCache] : [Course] -> [5579090645975041]
14:17:57,240 DEBUG BaseGeneralDataRegion:59 - Caching[foo.org.hibernate.cache.spi.UpdateTimestampsCache] : [Enrolment] -> [5579090645975041]
14:17:57,240 DEBUG BaseGeneralDataRegion:59 - Caching[foo.org.hibernate.cache.spi.UpdateTimestampsCache] : [Student_secretCodes] -> [5579090645975041]
14:17:57,240 DEBUG BaseGeneralDataRegion:59 - Caching[foo.org.hibernate.cache.spi.UpdateTimestampsCache] : [Address] -> [5579090645975041]
14:17:57,240 DEBUG BaseGeneralDataRegion:59 - Caching[foo.org.hibernate.cache.spi.UpdateTimestampsCache] : [CourseMeeting] -> [5579090645975041]
14:17:57,241 DEBUG SQL:104 - 
    select
        this_.studentId as studentId4_2_,
        this_.name_first as name2_4_2_,
        this_.name_middle as name3_4_2_,
        this_.name_last as name4_4_2_,
        this_.preferredCourseCode as preferre5_4_2_,
        enrolments3_.studentId as studentId4_4_,
        enrolments3_.studentId as studentId3_4_,
        enrolments3_.courseCode as courseCode3_4_,
        enrolments3_.studentId as studentId3_0_,
        enrolments3_.courseCode as courseCode3_0_,
        enrolments3_.semester as semester3_0_,
        enrolments3_."year" as year4_3_0_,
        pc1_.courseCode as courseCode1_1_,
        pc1_.description as descript2_1_1_ 
    from
        Student this_ 
    left outer join
        Enrolment enrolments3_ 
            on this_.studentId=enrolments3_.studentId 
    left outer join
        Course pc1_ 
            on this_.preferredCourseCode=pc1_.courseCode 
    order by
        this_.studentId asc
14:17:57,252 DEBUG SQL:104 - 
    select
        secretcode0_.studentNumber as studentN1_4_0_,
        secretcode0_.secretCode as secretCode5_0_,
        secretcode0_.i as i0_ 
    from
        Student_secretCodes secretcode0_ 
    where
        secretcode0_.studentNumber=?
14:17:57,252 DEBUG SQL:104 - 
    select
        secretcode0_.studentNumber as studentN1_4_0_,
        secretcode0_.secretCode as secretCode5_0_,
        secretcode0_.i as i0_ 
    from
        Student_secretCodes secretcode0_ 
    where
        secretcode0_.studentNumber=?
14:17:57,262 DEBUG SQL:104 - 
    select
        coursemeet0_.courseCode as courseCode1_1_,
        coursemeet0_.courseCode as courseCode2_1_,
        coursemeet0_.day as day2_1_,
        coursemeet0_.period as period2_1_,
        coursemeet0_.location as location2_1_,
        coursemeet0_.courseCode as courseCode2_0_,
        coursemeet0_.day as day2_0_,
        coursemeet0_.period as period2_0_,
        coursemeet0_.location as location2_0_ 
    from
        CourseMeeting coursemeet0_ 
    where
        coursemeet0_.courseCode=?
14:17:57,264 DEBUG SQL:104 - 
    select
        this_.studentId as studentId4_2_,
        this_.name_first as name2_4_2_,
        this_.name_middle as name3_4_2_,
        this_.name_last as name4_4_2_,
        this_.preferredCourseCode as preferre5_4_2_,
        enrolments3_.studentId as studentId4_4_,
        enrolments3_.studentId as studentId3_4_,
        enrolments3_.courseCode as courseCode3_4_,
        enrolments3_.studentId as studentId3_0_,
        enrolments3_.courseCode as courseCode3_0_,
        enrolments3_.semester as semester3_0_,
        enrolments3_."year" as year4_3_0_,
        pc1_.courseCode as courseCode1_1_,
        pc1_.description as descript2_1_1_ 
    from
        Student this_ 
    left outer join
        Enrolment enrolments3_ 
            on this_.studentId=enrolments3_.studentId 
    left outer join
        Course pc1_ 
            on this_.preferredCourseCode=pc1_.courseCode 
    order by
        this_.studentId asc
14:17:57,265 DEBUG SQL:104 - 
    select
        secretcode0_.studentNumber as studentN1_4_0_,
        secretcode0_.secretCode as secretCode5_0_,
        secretcode0_.i as i0_ 
    from
        Student_secretCodes secretcode0_ 
    where
        secretcode0_.studentNumber=?
14:17:57,265 DEBUG SQL:104 - 
    select
        secretcode0_.studentNumber as studentN1_4_0_,
        secretcode0_.secretCode as secretCode5_0_,
        secretcode0_.i as i0_ 
    from
        Student_secretCodes secretcode0_ 
    where
        secretcode0_.studentNumber=?
14:17:57,265 DEBUG SQL:104 - 
    select
        coursemeet0_.courseCode as courseCode1_1_,
        coursemeet0_.courseCode as courseCode2_1_,
        coursemeet0_.day as day2_1_,
        coursemeet0_.period as period2_1_,
        coursemeet0_.location as location2_1_,
        coursemeet0_.courseCode as courseCode2_0_,
        coursemeet0_.day as day2_0_,
        coursemeet0_.period as period2_0_,
        coursemeet0_.location as location2_0_ 
    from
        CourseMeeting coursemeet0_ 
    where
        coursemeet0_.courseCode=?
14:17:57,276 DEBUG SQL:104 - 
    select
        student_.studentId,
        student_.name_first as name2_4_,
        student_.name_middle as name3_4_,
        student_.name_last as name4_4_,
        student_.preferredCourseCode as preferre5_4_ 
    from
        Student student_ 
    where
        student_.studentId=?
14:17:57,276 DEBUG SQL:104 - 
    select
        enrolment_.studentId,
        enrolment_.courseCode,
        enrolment_.semester as semester3_,
        enrolment_."year" as year4_3_ 
    from
        Enrolment enrolment_ 
    where
        enrolment_.studentId=? 
        and enrolment_.courseCode=?
14:17:57,277 DEBUG SQL:104 - 
    select
        course_.courseCode,
        course_.description as descript2_1_ 
    from
        Course course_ 
    where
        course_.courseCode=?
14:17:57,287 DEBUG SQL:104 - 
    select
        student_.studentId,
        student_.name_first as name2_4_,
        student_.name_middle as name3_4_,
        student_.name_last as name4_4_,
        student_.preferredCourseCode as preferre5_4_ 
    from
        Student student_ 
    where
        student_.studentId=?
14:17:57,287 DEBUG SQL:104 - 
    select
        enrolment_.studentId,
        enrolment_.courseCode,
        enrolment_.semester as semester3_,
        enrolment_."year" as year4_3_ 
    from
        Enrolment enrolment_ 
    where
        enrolment_.studentId=? 
        and enrolment_.courseCode=?
14:17:57,287 DEBUG SQL:104 - 
    select
        coursemeet_.courseCode,
        coursemeet_.day,
        coursemeet_.period,
        coursemeet_.location 
    from
        CourseMeeting coursemeet_ 
    where
        coursemeet_.courseCode=? 
        and coursemeet_.day=? 
        and coursemeet_.period=? 
        and coursemeet_.location=?
14:17:57,298 DEBUG SQL:104 - 
    select
        coursemeet_.courseCode,
        coursemeet_.day,
        coursemeet_.period,
        coursemeet_.location 
    from
        CourseMeeting coursemeet_ 
    where
        coursemeet_.courseCode=? 
        and coursemeet_.day=? 
        and coursemeet_.period=? 
        and coursemeet_.location=?
14:17:57,308 DEBUG BaseGeneralDataRegion:59 - Caching[foo.org.hibernate.cache.spi.UpdateTimestampsCache] : [Enrolment] -> [5579090892013568]
14:17:57,308 DEBUG SQL:104 - 
    update
        Address 
    set
        studentNumber=null,
        addressType=null 
    where
        studentNumber=?
14:17:57,309 DEBUG BaseGeneralDataRegion:59 - Caching[foo.org.hibernate.cache.spi.UpdateTimestampsCache] : [Address] -> [5579090892017664]
14:17:57,309 DEBUG SQL:104 - 
    delete 
    from
        Student_secretCodes 
    where
        studentNumber=?
14:17:57,309 DEBUG BaseGeneralDataRegion:59 - Caching[foo.org.hibernate.cache.spi.UpdateTimestampsCache] : [Student_secretCodes] -> [5579090892017665]
14:17:57,309 DEBUG BaseGeneralDataRegion:59 - Caching[foo.org.hibernate.cache.spi.UpdateTimestampsCache] : [Enrolment] -> [5579090892017666]
14:17:57,309 DEBUG BaseGeneralDataRegion:59 - Caching[foo.org.hibernate.cache.spi.UpdateTimestampsCache] : [Address] -> [5579090892017667]
14:17:57,309 DEBUG SQL:104 - 
    delete 
    from
        Student_secretCodes 
    where
        studentNumber=?
14:17:57,309 DEBUG BaseGeneralDataRegion:59 - Caching[foo.org.hibernate.cache.spi.UpdateTimestampsCache] : [Student_secretCodes] -> [5579090892017668]
14:17:57,309 DEBUG BaseGeneralDataRegion:59 - Caching[foo.org.hibernate.cache.spi.UpdateTimestampsCache] : [CourseMeeting] -> [5579090892017669]
14:17:57,317 DEBUG SQL:104 - 
    delete 
    from
        Enrolment 
    where
        studentId=? 
        and courseCode=?
14:17:57,318 DEBUG BaseGeneralDataRegion:59 - Caching[foo.org.hibernate.cache.spi.UpdateTimestampsCache] : [Enrolment] -> [5579090892054528]
14:17:57,318 DEBUG SQL:104 - 
    delete 
    from
        Address 
    where
        id=?
14:17:57,318 DEBUG BaseGeneralDataRegion:59 - Caching[foo.org.hibernate.cache.spi.UpdateTimestampsCache] : [Address] -> [5579090892054529]
14:17:57,318 DEBUG SQL:104 - 
    delete 
    from
        Address 
    where
        id=?
14:17:57,318 DEBUG BaseGeneralDataRegion:59 - Caching[foo.org.hibernate.cache.spi.UpdateTimestampsCache] : [Address] -> [5579090892054530]
14:17:57,319 DEBUG SQL:104 - 
    delete 
    from
        Student 
    where
        studentId=?
14:17:57,319 DEBUG BaseGeneralDataRegion:59 - Caching[foo.org.hibernate.cache.spi.UpdateTimestampsCache] : [Student] -> [5579090892058624]
14:17:57,319 DEBUG SQL:104 - 
    delete 
    from
        Enrolment 
    where
        studentId=? 
        and courseCode=?
14:17:57,327 DEBUG BaseGeneralDataRegion:59 - Caching[foo.org.hibernate.cache.spi.UpdateTimestampsCache] : [Enrolment] -> [5579090892091392]
14:17:57,327 DEBUG SQL:104 - 
    delete 
    from
        Student 
    where
        studentId=?
14:17:57,327 DEBUG BaseGeneralDataRegion:59 - Caching[foo.org.hibernate.cache.spi.UpdateTimestampsCache] : [Student] -> [5579090892091393]
14:17:57,328 DEBUG SQL:104 - 
    delete 
    from
        CourseMeeting 
    where
        courseCode=? 
        and day=? 
        and period=? 
        and location=?
14:17:57,328 DEBUG BaseGeneralDataRegion:59 - Caching[foo.org.hibernate.cache.spi.UpdateTimestampsCache] : [CourseMeeting] -> [5579090892095488]
14:17:57,328 DEBUG SQL:104 - 
    delete 
    from
        CourseMeeting 
    where
        courseCode=? 
        and day=? 
        and period=? 
        and location=?
14:17:57,338 DEBUG BaseGeneralDataRegion:59 - Caching[foo.org.hibernate.cache.spi.UpdateTimestampsCache] : [CourseMeeting] -> [5579090892136448]
14:17:57,338 DEBUG SQL:104 - 
    delete 
    from
        Course 
    where
        courseCode=?
14:17:57,338 DEBUG BaseGeneralDataRegion:59 - Caching[foo.org.hibernate.cache.spi.UpdateTimestampsCache] : [Course] -> [5579090892136449]
14:17:57,338 DEBUG BaseGeneralDataRegion:59 - Caching[foo.org.hibernate.cache.spi.UpdateTimestampsCache] : [Student] -> [5579090646376450]
14:17:57,339 DEBUG BaseGeneralDataRegion:59 - Caching[foo.org.hibernate.cache.spi.UpdateTimestampsCache] : [Course] -> [5579090646376450]
14:17:57,339 DEBUG BaseGeneralDataRegion:59 - Caching[foo.org.hibernate.cache.spi.UpdateTimestampsCache] : [Enrolment] -> [5579090646376450]
14:17:57,339 DEBUG BaseGeneralDataRegion:59 - Caching[foo.org.hibernate.cache.spi.UpdateTimestampsCache] : [Student_secretCodes] -> [5579090646376450]
14:17:57,339 DEBUG BaseGeneralDataRegion:59 - Caching[foo.org.hibernate.cache.spi.UpdateTimestampsCache] : [Address] -> [5579090646376450]
14:17:57,339 DEBUG BaseGeneralDataRegion:59 - Caching[foo.org.hibernate.cache.spi.UpdateTimestampsCache] : [CourseMeeting] -> [5579090646376450]
14:17:57,339  INFO CustomRunner:139 - Test: testMultiSelectNewWithLiteralList
14:17:57,341 DEBUG SQL:104 - 
    select
        coursemeet_.courseCode,
        coursemeet_.day,
        coursemeet_.period,
        coursemeet_.location 
    from
        CourseMeeting coursemeet_ 
    where
        coursemeet_.courseCode=? 
        and coursemeet_.day=? 
        and coursemeet_.period=? 
        and coursemeet_.location=?
14:17:57,349 DEBUG SQL:104 - 
    select
        coursemeet_.courseCode,
        coursemeet_.day,
        coursemeet_.period,
        coursemeet_.location 
    from
        CourseMeeting coursemeet_ 
    where
        coursemeet_.courseCode=? 
        and coursemeet_.day=? 
        and coursemeet_.period=? 
        and coursemeet_.location=?
14:17:57,350 DEBUG SQL:104 - 
    insert 
    into
        Course
        (description, courseCode) 
    values
        (?, ?)
14:17:57,350 DEBUG BaseGeneralDataRegion:59 - Caching[foo.org.hibernate.cache.spi.UpdateTimestampsCache] : [Course] -> [5579090892185600]
14:17:57,350 DEBUG SQL:104 - 
    insert 
    into
        CourseMeeting
        (courseCode, day, period, location) 
    values
        (?, ?, ?, ?)
14:17:57,359 DEBUG BaseGeneralDataRegion:59 - Caching[foo.org.hibernate.cache.spi.UpdateTimestampsCache] : [CourseMeeting] -> [5579090892222464]
14:17:57,359 DEBUG SQL:104 - 
    insert 
    into
        CourseMeeting
        (courseCode, day, period, location) 
    values
        (?, ?, ?, ?)
14:17:57,360 DEBUG BaseGeneralDataRegion:59 - Caching[foo.org.hibernate.cache.spi.UpdateTimestampsCache] : [CourseMeeting] -> [5579090892226560]
14:17:57,360 DEBUG SQL:104 - 
    insert 
    into
        Student
        (name_first, name_middle, name_last, preferredCourseCode, studentId) 
    values
        (?, ?, ?, ?, ?)
14:17:57,360 DEBUG BaseGeneralDataRegion:59 - Caching[foo.org.hibernate.cache.spi.UpdateTimestampsCache] : [Student] -> [5579090892226561]
14:17:57,360 DEBUG SQL:104 - 
    insert 
    into
        Address
        (addressType, street, city, stateProvince, postalCode, country, studentNumber, id) 
    values
        (?, ?, ?, ?, ?, ?, ?, ?)
14:17:57,360 DEBUG BaseGeneralDataRegion:59 - Caching[foo.org.hibernate.cache.spi.UpdateTimestampsCache] : [Address] -> [5579090892226562]
14:17:57,360 DEBUG SQL:104 - 
    insert 
    into
        Address
        (addressType, street, city, stateProvince, postalCode, country, studentNumber, id) 
    values
        (?, ?, ?, ?, ?, ?, ?, ?)
14:17:57,369 DEBUG BaseGeneralDataRegion:59 - Caching[foo.org.hibernate.cache.spi.UpdateTimestampsCache] : [Address] -> [5579090892263424]
14:17:57,370 DEBUG SQL:104 - 
    insert 
    into
        Student
        (name_first, name_middle, name_last, preferredCourseCode, studentId) 
    values
        (?, ?, ?, ?, ?)
14:17:57,370 DEBUG BaseGeneralDataRegion:59 - Caching[foo.org.hibernate.cache.spi.UpdateTimestampsCache] : [Student] -> [5579090892267520]
14:17:57,370 DEBUG SQL:104 - 
    insert 
    into
        Enrolment
        (semester, "year", studentId, courseCode) 
    values
        (?, ?, ?, ?)
14:17:57,370 DEBUG BaseGeneralDataRegion:59 - Caching[foo.org.hibernate.cache.spi.UpdateTimestampsCache] : [Enrolment] -> [5579090892267521]
14:17:57,370 DEBUG SQL:104 - 
    insert 
    into
        Enrolment
        (semester, "year", studentId, courseCode) 
    values
        (?, ?, ?, ?)
14:17:57,371 DEBUG BaseGeneralDataRegion:59 - Caching[foo.org.hibernate.cache.spi.UpdateTimestampsCache] : [Enrolment] -> [5579090892271616]
14:17:57,371 DEBUG BaseGeneralDataRegion:59 - Caching[foo.org.hibernate.cache.spi.UpdateTimestampsCache] : [CourseMeeting] -> [5579090892271617]
14:17:57,371 DEBUG BaseGeneralDataRegion:59 - Caching[foo.org.hibernate.cache.spi.UpdateTimestampsCache] : [Enrolment] -> [5579090892271618]
14:17:57,380 DEBUG SQL:104 - 
    update
        Address 
    set
        studentNumber=?,
        addressType=? 
    where
        id=?
14:17:57,381 DEBUG SQL:104 - 
    update
        Address 
    set
        studentNumber=?,
        addressType=? 
    where
        id=?
14:17:57,381 DEBUG BaseGeneralDataRegion:59 - Caching[foo.org.hibernate.cache.spi.UpdateTimestampsCache] : [Address] -> [5579090892312576]
14:17:57,381 DEBUG SQL:104 - 
    insert 
    into
        Student_secretCodes
        (studentNumber, i, secretCode) 
    values
        (?, ?, ?)
14:17:57,381 DEBUG BaseGeneralDataRegion:59 - Caching[foo.org.hibernate.cache.spi.UpdateTimestampsCache] : [Student_secretCodes] -> [5579090892312577]
14:17:57,381 DEBUG BaseGeneralDataRegion:59 - Caching[foo.org.hibernate.cache.spi.UpdateTimestampsCache] : [Enrolment] -> [5579090892312578]
14:17:57,381 DEBUG BaseGeneralDataRegion:59 - Caching[foo.org.hibernate.cache.spi.UpdateTimestampsCache] : [Address] -> [5579090892312579]
14:17:57,381 DEBUG SQL:104 - 
    insert 
    into
        Student_secretCodes
        (studentNumber, i, secretCode) 
    values
        (?, ?, ?)
14:17:57,391 DEBUG SQL:104 - 
    insert 
    into
        Student_secretCodes
        (studentNumber, i, secretCode) 
    values
        (?, ?, ?)
14:17:57,391 DEBUG BaseGeneralDataRegion:59 - Caching[foo.org.hibernate.cache.spi.UpdateTimestampsCache] : [Student_secretCodes] -> [5579090892353536]
14:17:57,391 DEBUG BaseGeneralDataRegion:59 - Caching[foo.org.hibernate.cache.spi.UpdateTimestampsCache] : [Student] -> [5579090646593537]
14:17:57,391 DEBUG BaseGeneralDataRegion:59 - Caching[foo.org.hibernate.cache.spi.UpdateTimestampsCache] : [Course] -> [5579090646593537]
14:17:57,392 DEBUG BaseGeneralDataRegion:59 - Caching[foo.org.hibernate.cache.spi.UpdateTimestampsCache] : [Enrolment] -> [5579090646593537]
14:17:57,392 DEBUG BaseGeneralDataRegion:59 - Caching[foo.org.hibernate.cache.spi.UpdateTimestampsCache] : [Student_secretCodes] -> [5579090646593537]
14:17:57,392 DEBUG BaseGeneralDataRegion:59 - Caching[foo.org.hibernate.cache.spi.UpdateTimestampsCache] : [Address] -> [5579090646593537]
14:17:57,392 DEBUG BaseGeneralDataRegion:59 - Caching[foo.org.hibernate.cache.spi.UpdateTimestampsCache] : [CourseMeeting] -> [5579090646593537]
14:17:57,392 DEBUG SQL:104 - 
    select
        555 as studentNumber,
        this_.name_first as y1_,
        this_.name_middle as y2_,
        this_.name_last as y3_ 
    from
        Student this_ 
    order by
        this_.studentId asc
14:17:57,393 DEBUG SQL:104 - 
    select
        555 as studentNumber,
        this_.name_first as y1_,
        this_.name_middle as y2_,
        this_.name_last as y3_ 
    from
        Student this_ 
    order by
        this_.studentId asc
14:17:57,394 DEBUG SQL:104 - 
    select
        student_.studentId,
        student_.name_first as name2_4_,
        student_.name_middle as name3_4_,
        student_.name_last as name4_4_,
        student_.preferredCourseCode as preferre5_4_ 
    from
        Student student_ 
    where
        student_.studentId=?
14:17:57,394 DEBUG SQL:104 - 
    select
        enrolment_.studentId,
        enrolment_.courseCode,
        enrolment_.semester as semester3_,
        enrolment_."year" as year4_3_ 
    from
        Enrolment enrolment_ 
    where
        enrolment_.studentId=? 
        and enrolment_.courseCode=?
14:17:57,407 DEBUG SQL:104 - 
    select
        course_.courseCode,
        course_.description as descript2_1_ 
    from
        Course course_ 
    where
        course_.courseCode=?
14:17:57,408 DEBUG SQL:104 - 
    select
        student_.studentId,
        student_.name_first as name2_4_,
        student_.name_middle as name3_4_,
        student_.name_last as name4_4_,
        student_.preferredCourseCode as preferre5_4_ 
    from
        Student student_ 
    where
        student_.studentId=?
14:17:57,408 DEBUG SQL:104 - 
    select
        enrolment_.studentId,
        enrolment_.courseCode,
        enrolment_.semester as semester3_,
        enrolment_."year" as year4_3_ 
    from
        Enrolment enrolment_ 
    where
        enrolment_.studentId=? 
        and enrolment_.courseCode=?
14:17:57,425 DEBUG SQL:104 - 
    select
        coursemeet_.courseCode,
        coursemeet_.day,
        coursemeet_.period,
        coursemeet_.location 
    from
        CourseMeeting coursemeet_ 
    where
        coursemeet_.courseCode=? 
        and coursemeet_.day=? 
        and coursemeet_.period=? 
        and coursemeet_.location=?
14:17:57,425 DEBUG SQL:104 - 
    select
        coursemeet_.courseCode,
        coursemeet_.day,
        coursemeet_.period,
        coursemeet_.location 
    from
        CourseMeeting coursemeet_ 
    where
        coursemeet_.courseCode=? 
        and coursemeet_.day=? 
        and coursemeet_.period=? 
        and coursemeet_.location=?
14:17:57,426 DEBUG BaseGeneralDataRegion:59 - Caching[foo.org.hibernate.cache.spi.UpdateTimestampsCache] : [Enrolment] -> [5579090892496896]
14:17:57,426 DEBUG SQL:104 - 
    update
        Address 
    set
        studentNumber=null,
        addressType=null 
    where
        studentNumber=?
14:17:57,430 DEBUG BaseGeneralDataRegion:59 - Caching[foo.org.hibernate.cache.spi.UpdateTimestampsCache] : [Address] -> [5579090892513280]
14:17:57,430 DEBUG SQL:104 - 
    delete 
    from
        Student_secretCodes 
    where
        studentNumber=?
14:17:57,430 DEBUG BaseGeneralDataRegion:59 - Caching[foo.org.hibernate.cache.spi.UpdateTimestampsCache] : [Student_secretCodes] -> [5579090892513281]
14:17:57,430 DEBUG BaseGeneralDataRegion:59 - Caching[foo.org.hibernate.cache.spi.UpdateTimestampsCache] : [Enrolment] -> [5579090892513282]
14:17:57,431 DEBUG BaseGeneralDataRegion:59 - Caching[foo.org.hibernate.cache.spi.UpdateTimestampsCache] : [Address] -> [5579090892517376]
14:17:57,439 DEBUG SQL:104 - 
    delete 
    from
        Student_secretCodes 
    where
        studentNumber=?
14:17:57,440 DEBUG BaseGeneralDataRegion:59 - Caching[foo.org.hibernate.cache.spi.UpdateTimestampsCache] : [Student_secretCodes] -> [5579090892554240]
14:17:57,440 DEBUG BaseGeneralDataRegion:59 - Caching[foo.org.hibernate.cache.spi.UpdateTimestampsCache] : [CourseMeeting] -> [5579090892554241]
14:17:57,440 DEBUG SQL:104 - 
    delete 
    from
        Enrolment 
    where
        studentId=? 
        and courseCode=?
14:17:57,440 DEBUG BaseGeneralDataRegion:59 - Caching[foo.org.hibernate.cache.spi.UpdateTimestampsCache] : [Enrolment] -> [5579090892554242]
14:17:57,440 DEBUG SQL:104 - 
    delete 
    from
        Address 
    where
        id=?
14:17:57,440 DEBUG BaseGeneralDataRegion:59 - Caching[foo.org.hibernate.cache.spi.UpdateTimestampsCache] : [Address] -> [5579090892554243]
14:17:57,441 DEBUG SQL:104 - 
    delete 
    from
        Address 
    where
        id=?
14:17:57,441 DEBUG BaseGeneralDataRegion:59 - Caching[foo.org.hibernate.cache.spi.UpdateTimestampsCache] : [Address] -> [5579090892558336]
14:17:57,449 DEBUG SQL:104 - 
    delete 
    from
        Student 
    where
        studentId=?
14:17:57,449 DEBUG BaseGeneralDataRegion:59 - Caching[foo.org.hibernate.cache.spi.UpdateTimestampsCache] : [Student] -> [5579090892591104]
14:17:57,449 DEBUG SQL:104 - 
    delete 
    from
        Enrolment 
    where
        studentId=? 
        and courseCode=?
14:17:57,449 DEBUG BaseGeneralDataRegion:59 - Caching[foo.org.hibernate.cache.spi.UpdateTimestampsCache] : [Enrolment] -> [5579090892591105]
14:17:57,450 DEBUG SQL:104 - 
    delete 
    from
        Student 
    where
        studentId=?
14:17:57,450 DEBUG BaseGeneralDataRegion:59 - Caching[foo.org.hibernate.cache.spi.UpdateTimestampsCache] : [Student] -> [5579090892595200]
14:17:57,450 DEBUG SQL:104 - 
    delete 
    from
        CourseMeeting 
    where
        courseCode=? 
        and day=? 
        and period=? 
        and location=?
14:17:57,458 DEBUG BaseGeneralDataRegion:59 - Caching[foo.org.hibernate.cache.spi.UpdateTimestampsCache] : [CourseMeeting] -> [5579090892627968]
14:17:57,458 DEBUG SQL:104 - 
    delete 
    from
        CourseMeeting 
    where
        courseCode=? 
        and day=? 
        and period=? 
        and location=?
14:17:57,459 DEBUG BaseGeneralDataRegion:59 - Caching[foo.org.hibernate.cache.spi.UpdateTimestampsCache] : [CourseMeeting] -> [5579090892632064]
14:17:57,459 DEBUG SQL:104 - 
    delete 
    from
        Course 
    where
        courseCode=?
14:17:57,459 DEBUG BaseGeneralDataRegion:59 - Caching[foo.org.hibernate.cache.spi.UpdateTimestampsCache] : [Course] -> [5579090892632065]
14:17:57,459 DEBUG BaseGeneralDataRegion:59 - Caching[foo.org.hibernate.cache.spi.UpdateTimestampsCache] : [Student] -> [5579090646872066]
14:17:57,459 DEBUG BaseGeneralDataRegion:59 - Caching[foo.org.hibernate.cache.spi.UpdateTimestampsCache] : [Course] -> [5579090646872066]
14:17:57,459 DEBUG BaseGeneralDataRegion:59 - Caching[foo.org.hibernate.cache.spi.UpdateTimestampsCache] : [Enrolment] -> [5579090646872066]
14:17:57,459 DEBUG BaseGeneralDataRegion:59 - Caching[foo.org.hibernate.cache.spi.UpdateTimestampsCache] : [Student_secretCodes] -> [5579090646872066]
14:17:57,459 DEBUG BaseGeneralDataRegion:59 - Caching[foo.org.hibernate.cache.spi.UpdateTimestampsCache] : [Address] -> [5579090646872066]
14:17:57,459 DEBUG BaseGeneralDataRegion:59 - Caching[foo.org.hibernate.cache.spi.UpdateTimestampsCache] : [CourseMeeting] -> [5579090646872066]
14:17:57,460  INFO CustomRunner:139 - Test: testMultiSelectUsingImplicitJoinWithFetchJoinListHql
14:17:57,462 DEBUG SQL:104 - 
    select
        coursemeet_.courseCode,
        coursemeet_.day,
        coursemeet_.period,
        coursemeet_.location 
    from
        CourseMeeting coursemeet_ 
    where
        coursemeet_.courseCode=? 
        and coursemeet_.day=? 
        and coursemeet_.period=? 
        and coursemeet_.location=?
14:17:57,468 DEBUG SQL:104 - 
    select
        coursemeet_.courseCode,
        coursemeet_.day,
        coursemeet_.period,
        coursemeet_.location 
    from
        CourseMeeting coursemeet_ 
    where
        coursemeet_.courseCode=? 
        and coursemeet_.day=? 
        and coursemeet_.period=? 
        and coursemeet_.location=?
14:17:57,469 DEBUG SQL:104 - 
    insert 
    into
        Course
        (description, courseCode) 
    values
        (?, ?)
14:17:57,478 DEBUG BaseGeneralDataRegion:59 - Caching[foo.org.hibernate.cache.spi.UpdateTimestampsCache] : [Course] -> [5579090892709888]
14:17:57,478 DEBUG SQL:104 - 
    insert 
    into
        CourseMeeting
        (courseCode, day, period, location) 
    values
        (?, ?, ?, ?)
14:17:57,478 DEBUG BaseGeneralDataRegion:59 - Caching[foo.org.hibernate.cache.spi.UpdateTimestampsCache] : [CourseMeeting] -> [5579090892709889]
14:17:57,478 DEBUG SQL:104 - 
    insert 
    into
        CourseMeeting
        (courseCode, day, period, location) 
    values
        (?, ?, ?, ?)
14:17:57,479 DEBUG BaseGeneralDataRegion:59 - Caching[foo.org.hibernate.cache.spi.UpdateTimestampsCache] : [CourseMeeting] -> [5579090892713984]
14:17:57,479 DEBUG SQL:104 - 
    insert 
    into
        Student
        (name_first, name_middle, name_last, preferredCourseCode, studentId) 
    values
        (?, ?, ?, ?, ?)
14:17:57,479 DEBUG BaseGeneralDataRegion:59 - Caching[foo.org.hibernate.cache.spi.UpdateTimestampsCache] : [Student] -> [5579090892713985]
14:17:57,479 DEBUG SQL:104 - 
    insert 
    into
        Address
        (addressType, street, city, stateProvince, postalCode, country, studentNumber, id) 
    values
        (?, ?, ?, ?, ?, ?, ?, ?)
14:17:57,488 DEBUG BaseGeneralDataRegion:59 - Caching[foo.org.hibernate.cache.spi.UpdateTimestampsCache] : [Address] -> [5579090892750848]
14:17:57,488 DEBUG SQL:104 - 
    insert 
    into
        Address
        (addressType, street, city, stateProvince, postalCode, country, studentNumber, id) 
    values
        (?, ?, ?, ?, ?, ?, ?, ?)
14:17:57,489 DEBUG BaseGeneralDataRegion:59 - Caching[foo.org.hibernate.cache.spi.UpdateTimestampsCache] : [Address] -> [5579090892754944]
14:17:57,489 DEBUG SQL:104 - 
    insert 
    into
        Student
        (name_first, name_middle, name_last, preferredCourseCode, studentId) 
    values
        (?, ?, ?, ?, ?)
14:17:57,489 DEBUG BaseGeneralDataRegion:59 - Caching[foo.org.hibernate.cache.spi.UpdateTimestampsCache] : [Student] -> [5579090892754945]
14:17:57,489 DEBUG SQL:104 - 
    insert 
    into
        Enrolment
        (semester, "year", studentId, courseCode) 
    values
        (?, ?, ?, ?)
14:17:57,489 DEBUG BaseGeneralDataRegion:59 - Caching[foo.org.hibernate.cache.spi.UpdateTimestampsCache] : [Enrolment] -> [5579090892754946]
14:17:57,489 DEBUG SQL:104 - 
    insert 
    into
        Enrolment
        (semester, "year", studentId, courseCode) 
    values
        (?, ?, ?, ?)
14:17:57,499 DEBUG BaseGeneralDataRegion:59 - Caching[foo.org.hibernate.cache.spi.UpdateTimestampsCache] : [Enrolment] -> [5579090892795904]
14:17:57,499 DEBUG BaseGeneralDataRegion:59 - Caching[foo.org.hibernate.cache.spi.UpdateTimestampsCache] : [CourseMeeting] -> [5579090892795905]
14:17:57,499 DEBUG BaseGeneralDataRegion:59 - Caching[foo.org.hibernate.cache.spi.UpdateTimestampsCache] : [Enrolment] -> [5579090892795906]
14:17:57,499 DEBUG SQL:104 - 
    update
        Address 
    set
        studentNumber=?,
        addressType=? 
    where
        id=?
14:17:57,499 DEBUG SQL:104 - 
    update
        Address 
    set
        studentNumber=?,
        addressType=? 
    where
        id=?
14:17:57,500 DEBUG BaseGeneralDataRegion:59 - Caching[foo.org.hibernate.cache.spi.UpdateTimestampsCache] : [Address] -> [5579090892800000]
14:17:57,500 DEBUG SQL:104 - 
    insert 
    into
        Student_secretCodes
        (studentNumber, i, secretCode) 
    values
        (?, ?, ?)
14:17:57,508 DEBUG BaseGeneralDataRegion:59 - Caching[foo.org.hibernate.cache.spi.UpdateTimestampsCache] : [Student_secretCodes] -> [5579090892832768]
14:17:57,508 DEBUG BaseGeneralDataRegion:59 - Caching[foo.org.hibernate.cache.spi.UpdateTimestampsCache] : [Enrolment] -> [5579090892832769]
14:17:57,508 DEBUG BaseGeneralDataRegion:59 - Caching[foo.org.hibernate.cache.spi.UpdateTimestampsCache] : [Address] -> [5579090892832770]
14:17:57,508 DEBUG SQL:104 - 
    insert 
    into
        Student_secretCodes
        (studentNumber, i, secretCode) 
    values
        (?, ?, ?)
14:17:57,509 DEBUG SQL:104 - 
    insert 
    into
        Student_secretCodes
        (studentNumber, i, secretCode) 
    values
        (?, ?, ?)
14:17:57,509 DEBUG BaseGeneralDataRegion:59 - Caching[foo.org.hibernate.cache.spi.UpdateTimestampsCache] : [Student_secretCodes] -> [5579090892836864]
14:17:57,509 DEBUG BaseGeneralDataRegion:59 - Caching[foo.org.hibernate.cache.spi.UpdateTimestampsCache] : [Student] -> [5579090647076865]
14:17:57,509 DEBUG BaseGeneralDataRegion:59 - Caching[foo.org.hibernate.cache.spi.UpdateTimestampsCache] : [Course] -> [5579090647076865]
14:17:57,509 DEBUG BaseGeneralDataRegion:59 - Caching[foo.org.hibernate.cache.spi.UpdateTimestampsCache] : [Enrolment] -> [5579090647076865]
14:17:57,509 DEBUG BaseGeneralDataRegion:59 - Caching[foo.org.hibernate.cache.spi.UpdateTimestampsCache] : [Student_secretCodes] -> [5579090647076865]
14:17:57,509 DEBUG BaseGeneralDataRegion:59 - Caching[foo.org.hibernate.cache.spi.UpdateTimestampsCache] : [Address] -> [5579090647076865]
14:17:57,509 DEBUG BaseGeneralDataRegion:59 - Caching[foo.org.hibernate.cache.spi.UpdateTimestampsCache] : [CourseMeeting] -> [5579090647076865]
14:17:57,510 DEBUG SQL:104 - 
    select
        student_.studentId,
        student_.name_first as name2_4_,
        student_.name_middle as name3_4_,
        student_.name_last as name4_4_,
        student_.preferredCourseCode as preferre5_4_ 
    from
        Student student_ 
    where
        student_.studentId=?
14:17:57,518 DEBUG SQL:104 - 
    select
        enrolment_.studentId,
        enrolment_.courseCode,
        enrolment_.semester as semester3_,
        enrolment_."year" as year4_3_ 
    from
        Enrolment enrolment_ 
    where
        enrolment_.studentId=? 
        and enrolment_.courseCode=?
14:17:57,518 DEBUG SQL:104 - 
    select
        course_.courseCode,
        course_.description as descript2_1_ 
    from
        Course course_ 
    where
        course_.courseCode=?
14:17:57,519 DEBUG SQL:104 - 
    select
        student_.studentId,
        student_.name_first as name2_4_,
        student_.name_middle as name3_4_,
        student_.name_last as name4_4_,
        student_.preferredCourseCode as preferre5_4_ 
    from
        Student student_ 
    where
        student_.studentId=?
14:17:57,519 DEBUG SQL:104 - 
    select
        enrolment_.studentId,
        enrolment_.courseCode,
        enrolment_.semester as semester3_,
        enrolment_."year" as year4_3_ 
    from
        Enrolment enrolment_ 
    where
        enrolment_.studentId=? 
        and enrolment_.courseCode=?
14:17:57,519 DEBUG SQL:104 - 
    select
        coursemeet_.courseCode,
        coursemeet_.day,
        coursemeet_.period,
        coursemeet_.location 
    from
        CourseMeeting coursemeet_ 
    where
        coursemeet_.courseCode=? 
        and coursemeet_.day=? 
        and coursemeet_.period=? 
        and coursemeet_.location=?
14:17:57,529 DEBUG SQL:104 - 
    select
        coursemeet_.courseCode,
        coursemeet_.day,
        coursemeet_.period,
        coursemeet_.location 
    from
        CourseMeeting coursemeet_ 
    where
        coursemeet_.courseCode=? 
        and coursemeet_.day=? 
        and coursemeet_.period=? 
        and coursemeet_.location=?
14:17:57,529 DEBUG BaseGeneralDataRegion:59 - Caching[foo.org.hibernate.cache.spi.UpdateTimestampsCache] : [Enrolment] -> [5579090892918784]
14:17:57,530 DEBUG SQL:104 - 
    update
        Address 
    set
        studentNumber=null,
        addressType=null 
    where
        studentNumber=?
14:17:57,530 DEBUG BaseGeneralDataRegion:59 - Caching[foo.org.hibernate.cache.spi.UpdateTimestampsCache] : [Address] -> [5579090892922880]
14:17:57,530 DEBUG SQL:104 - 
    delete 
    from
        Student_secretCodes 
    where
        studentNumber=?
14:17:57,542 DEBUG BaseGeneralDataRegion:59 - Caching[foo.org.hibernate.cache.spi.UpdateTimestampsCache] : [Student_secretCodes] -> [5579090892972032]
14:17:57,542 DEBUG BaseGeneralDataRegion:59 - Caching[foo.org.hibernate.cache.spi.UpdateTimestampsCache] : [Enrolment] -> [5579090892972033]
14:17:57,542 DEBUG BaseGeneralDataRegion:59 - Caching[foo.org.hibernate.cache.spi.UpdateTimestampsCache] : [Address] -> [5579090892972034]
14:17:57,542 DEBUG SQL:104 - 
    delete 
    from
        Student_secretCodes 
    where
        studentNumber=?
14:17:57,542 DEBUG BaseGeneralDataRegion:59 - Caching[foo.org.hibernate.cache.spi.UpdateTimestampsCache] : [Student_secretCodes] -> [5579090892972035]
14:17:57,543 DEBUG BaseGeneralDataRegion:59 - Caching[foo.org.hibernate.cache.spi.UpdateTimestampsCache] : [CourseMeeting] -> [5579090892976128]
14:17:57,543 DEBUG SQL:104 - 
    delete 
    from
        Enrolment 
    where
        studentId=? 
        and courseCode=?
14:17:57,543 DEBUG BaseGeneralDataRegion:59 - Caching[foo.org.hibernate.cache.spi.UpdateTimestampsCache] : [Enrolment] -> [5579090892976129]
14:17:57,543 DEBUG SQL:104 - 
    delete 
    from
        Address 
    where
        id=?
14:17:57,543 DEBUG BaseGeneralDataRegion:59 - Caching[foo.org.hibernate.cache.spi.UpdateTimestampsCache] : [Address] -> [5579090892976130]
14:17:57,543 DEBUG SQL:104 - 
    delete 
    from
        Address 
    where
        id=?
14:17:57,549 DEBUG BaseGeneralDataRegion:59 - Caching[foo.org.hibernate.cache.spi.UpdateTimestampsCache] : [Address] -> [5579090893000704]
14:17:57,549 DEBUG SQL:104 - 
    delete 
    from
        Student 
    where
        studentId=?
14:17:57,549 DEBUG BaseGeneralDataRegion:59 - Caching[foo.org.hibernate.cache.spi.UpdateTimestampsCache] : [Student] -> [5579090893000705]
14:17:57,549 DEBUG SQL:104 - 
    delete 
    from
        Enrolment 
    where
        studentId=? 
        and courseCode=?
14:17:57,558 DEBUG BaseGeneralDataRegion:59 - Caching[foo.org.hibernate.cache.spi.UpdateTimestampsCache] : [Enrolment] -> [5579090893037568]
14:17:57,559 DEBUG SQL:104 - 
    delete 
    from
        Student 
    where
        studentId=?
14:17:57,559 DEBUG BaseGeneralDataRegion:59 - Caching[foo.org.hibernate.cache.spi.UpdateTimestampsCache] : [Student] -> [5579090893041664]
14:17:57,559 DEBUG SQL:104 - 
    delete 
    from
        CourseMeeting 
    where
        courseCode=? 
        and day=? 
        and period=? 
        and location=?
14:17:57,559 DEBUG BaseGeneralDataRegion:59 - Caching[foo.org.hibernate.cache.spi.UpdateTimestampsCache] : [CourseMeeting] -> [5579090893041665]
14:17:57,559 DEBUG SQL:104 - 
    delete 
    from
        CourseMeeting 
    where
        courseCode=? 
        and day=? 
        and period=? 
        and location=?
14:17:57,559 DEBUG BaseGeneralDataRegion:59 - Caching[foo.org.hibernate.cache.spi.UpdateTimestampsCache] : [CourseMeeting] -> [5579090893041666]
14:17:57,567 DEBUG SQL:104 - 
    delete 
    from
        Course 
    where
        courseCode=?
14:17:57,568 DEBUG BaseGeneralDataRegion:59 - Caching[foo.org.hibernate.cache.spi.UpdateTimestampsCache] : [Course] -> [5579090893078528]
14:17:57,568 DEBUG BaseGeneralDataRegion:59 - Caching[foo.org.hibernate.cache.spi.UpdateTimestampsCache] : [Student] -> [5579090647318529]
14:17:57,568 DEBUG BaseGeneralDataRegion:59 - Caching[foo.org.hibernate.cache.spi.UpdateTimestampsCache] : [Course] -> [5579090647318529]
14:17:57,568 DEBUG BaseGeneralDataRegion:59 - Caching[foo.org.hibernate.cache.spi.UpdateTimestampsCache] : [Enrolment] -> [5579090647318529]
14:17:57,568 DEBUG BaseGeneralDataRegion:59 - Caching[foo.org.hibernate.cache.spi.UpdateTimestampsCache] : [Student_secretCodes] -> [5579090647318529]
14:17:57,568 DEBUG BaseGeneralDataRegion:59 - Caching[foo.org.hibernate.cache.spi.UpdateTimestampsCache] : [Address] -> [5579090647318529]
14:17:57,568 DEBUG BaseGeneralDataRegion:59 - Caching[foo.org.hibernate.cache.spi.UpdateTimestampsCache] : [CourseMeeting] -> [5579090647318529]
14:17:57,569  INFO CustomRunner:139 - Test: testOneEntityProjectionList
14:17:57,588 DEBUG SQL:104 - 
    select
        coursemeet_.courseCode,
        coursemeet_.day,
        coursemeet_.period,
        coursemeet_.location 
    from
        CourseMeeting coursemeet_ 
    where
        coursemeet_.courseCode=? 
        and coursemeet_.day=? 
        and coursemeet_.period=? 
        and coursemeet_.location=?
14:17:57,589 DEBUG SQL:104 - 
    select
        coursemeet_.courseCode,
        coursemeet_.day,
        coursemeet_.period,
        coursemeet_.location 
    from
        CourseMeeting coursemeet_ 
    where
        coursemeet_.courseCode=? 
        and coursemeet_.day=? 
        and coursemeet_.period=? 
        and coursemeet_.location=?
14:17:57,590 DEBUG SQL:104 - 
    insert 
    into
        Course
        (description, courseCode) 
    values
        (?, ?)
14:17:57,590 DEBUG BaseGeneralDataRegion:59 - Caching[foo.org.hibernate.cache.spi.UpdateTimestampsCache] : [Course] -> [5579090893168640]
14:17:57,590 DEBUG SQL:104 - 
    insert 
    into
        CourseMeeting
        (courseCode, day, period, location) 
    values
        (?, ?, ?, ?)
14:17:57,591 DEBUG BaseGeneralDataRegion:59 - Caching[foo.org.hibernate.cache.spi.UpdateTimestampsCache] : [CourseMeeting] -> [5579090893172736]
14:17:57,591 DEBUG SQL:104 - 
    insert 
    into
        CourseMeeting
        (courseCode, day, period, location) 
    values
        (?, ?, ?, ?)
14:17:57,591 DEBUG BaseGeneralDataRegion:59 - Caching[foo.org.hibernate.cache.spi.UpdateTimestampsCache] : [CourseMeeting] -> [5579090893172737]
14:17:57,591 DEBUG SQL:104 - 
    insert 
    into
        Student
        (name_first, name_middle, name_last, preferredCourseCode, studentId) 
    values
        (?, ?, ?, ?, ?)
14:17:57,591 DEBUG BaseGeneralDataRegion:59 - Caching[foo.org.hibernate.cache.spi.UpdateTimestampsCache] : [Student] -> [5579090893172738]
14:17:57,591 DEBUG SQL:104 - 
    insert 
    into
        Address
        (addressType, street, city, stateProvince, postalCode, country, studentNumber, id) 
    values
        (?, ?, ?, ?, ?, ?, ?, ?)
14:17:57,591 DEBUG BaseGeneralDataRegion:59 - Caching[foo.org.hibernate.cache.spi.UpdateTimestampsCache] : [Address] -> [5579090893172739]
14:17:57,592 DEBUG SQL:104 - 
    insert 
    into
        Address
        (addressType, street, city, stateProvince, postalCode, country, studentNumber, id) 
    values
        (?, ?, ?, ?, ?, ?, ?, ?)
14:17:57,592 DEBUG BaseGeneralDataRegion:59 - Caching[foo.org.hibernate.cache.spi.UpdateTimestampsCache] : [Address] -> [5579090893176832]
14:17:57,592 DEBUG SQL:104 - 
    insert 
    into
        Student
        (name_first, name_middle, name_last, preferredCourseCode, studentId) 
    values
        (?, ?, ?, ?, ?)
14:17:57,595 DEBUG BaseGeneralDataRegion:59 - Caching[foo.org.hibernate.cache.spi.UpdateTimestampsCache] : [Student] -> [5579090893189120]
14:17:57,595 DEBUG SQL:104 - 
    insert 
    into
        Enrolment
        (semester, "year", studentId, courseCode) 
    values
        (?, ?, ?, ?)
14:17:57,596 DEBUG BaseGeneralDataRegion:59 - Caching[foo.org.hibernate.cache.spi.UpdateTimestampsCache] : [Enrolment] -> [5579090893193216]
14:17:57,596 DEBUG SQL:104 - 
    insert 
    into
        Enrolment
        (semester, "year", studentId, courseCode) 
    values
        (?, ?, ?, ?)
14:17:57,596 DEBUG BaseGeneralDataRegion:59 - Caching[foo.org.hibernate.cache.spi.UpdateTimestampsCache] : [Enrolment] -> [5579090893193217]
14:17:57,596 DEBUG BaseGeneralDataRegion:59 - Caching[foo.org.hibernate.cache.spi.UpdateTimestampsCache] : [CourseMeeting] -> [5579090893193218]
14:17:57,596 DEBUG BaseGeneralDataRegion:59 - Caching[foo.org.hibernate.cache.spi.UpdateTimestampsCache] : [Enrolment] -> [5579090893193219]
14:17:57,596 DEBUG SQL:104 - 
    update
        Address 
    set
        studentNumber=?,
        addressType=? 
    where
        id=?
14:17:57,605 DEBUG SQL:104 - 
    update
        Address 
    set
        studentNumber=?,
        addressType=? 
    where
        id=?
14:17:57,605 DEBUG BaseGeneralDataRegion:59 - Caching[foo.org.hibernate.cache.spi.UpdateTimestampsCache] : [Address] -> [5579090893230080]
14:17:57,605 DEBUG SQL:104 - 
    insert 
    into
        Student_secretCodes
        (studentNumber, i, secretCode) 
    values
        (?, ?, ?)
14:17:57,605 DEBUG BaseGeneralDataRegion:59 - Caching[foo.org.hibernate.cache.spi.UpdateTimestampsCache] : [Student_secretCodes] -> [5579090893230081]
14:17:57,605 DEBUG BaseGeneralDataRegion:59 - Caching[foo.org.hibernate.cache.spi.UpdateTimestampsCache] : [Enrolment] -> [5579090893230082]
14:17:57,605 DEBUG BaseGeneralDataRegion:59 - Caching[foo.org.hibernate.cache.spi.UpdateTimestampsCache] : [Address] -> [5579090893230083]
14:17:57,606 DEBUG SQL:104 - 
    insert 
    into
        Student_secretCodes
        (studentNumber, i, secretCode) 
    values
        (?, ?, ?)
14:17:57,614 DEBUG SQL:104 - 
    insert 
    into
        Student_secretCodes
        (studentNumber, i, secretCode) 
    values
        (?, ?, ?)
14:17:57,614 DEBUG BaseGeneralDataRegion:59 - Caching[foo.org.hibernate.cache.spi.UpdateTimestampsCache] : [Student_secretCodes] -> [5579090893266944]
14:17:57,614 DEBUG BaseGeneralDataRegion:59 - Caching[foo.org.hibernate.cache.spi.UpdateTimestampsCache] : [Student] -> [5579090647506945]
14:17:57,614 DEBUG BaseGeneralDataRegion:59 - Caching[foo.org.hibernate.cache.spi.UpdateTimestampsCache] : [Course] -> [5579090647506945]
14:17:57,614 DEBUG BaseGeneralDataRegion:59 - Caching[foo.org.hibernate.cache.spi.UpdateTimestampsCache] : [Enrolment] -> [5579090647506945]
14:17:57,614 DEBUG BaseGeneralDataRegion:59 - Caching[foo.org.hibernate.cache.spi.UpdateTimestampsCache] : [Student_secretCodes] -> [5579090647506945]
14:17:57,615 DEBUG BaseGeneralDataRegion:59 - Caching[foo.org.hibernate.cache.spi.UpdateTimestampsCache] : [Address] -> [5579090647506945]
14:17:57,615 DEBUG BaseGeneralDataRegion:59 - Caching[foo.org.hibernate.cache.spi.UpdateTimestampsCache] : [CourseMeeting] -> [5579090647506945]
14:17:57,615 DEBUG SQL:104 - 
    select
        this_.studentId as y0_ 
    from
        Enrolment this_ 
    order by
        this_.studentId asc
14:17:57,616 DEBUG SQL:104 - 
    select
        this_.studentId as y0_ 
    from
        Enrolment this_ 
    order by
        this_.studentId asc
14:17:57,616 DEBUG SQL:104 - 
    select
        student_.studentId,
        student_.name_first as name2_4_,
        student_.name_middle as name3_4_,
        student_.name_last as name4_4_,
        student_.preferredCourseCode as preferre5_4_ 
    from
        Student student_ 
    where
        student_.studentId=?
14:17:57,623 DEBUG SQL:104 - 
    select
        enrolment_.studentId,
        enrolment_.courseCode,
        enrolment_.semester as semester3_,
        enrolment_."year" as year4_3_ 
    from
        Enrolment enrolment_ 
    where
        enrolment_.studentId=? 
        and enrolment_.courseCode=?
14:17:57,623 DEBUG SQL:104 - 
    select
        course_.courseCode,
        course_.description as descript2_1_ 
    from
        Course course_ 
    where
        course_.courseCode=?
14:17:57,624 DEBUG SQL:104 - 
    select
        student_.studentId,
        student_.name_first as name2_4_,
        student_.name_middle as name3_4_,
        student_.name_last as name4_4_,
        student_.preferredCourseCode as preferre5_4_ 
    from
        Student student_ 
    where
        student_.studentId=?
14:17:57,633 DEBUG SQL:104 - 
    select
        enrolment_.studentId,
        enrolment_.courseCode,
        enrolment_.semester as semester3_,
        enrolment_."year" as year4_3_ 
    from
        Enrolment enrolment_ 
    where
        enrolment_.studentId=? 
        and enrolment_.courseCode=?
14:17:57,633 DEBUG SQL:104 - 
    select
        coursemeet_.courseCode,
        coursemeet_.day,
        coursemeet_.period,
        coursemeet_.location 
    from
        CourseMeeting coursemeet_ 
    where
        coursemeet_.courseCode=? 
        and coursemeet_.day=? 
        and coursemeet_.period=? 
        and coursemeet_.location=?
14:17:57,634 DEBUG SQL:104 - 
    select
        coursemeet_.courseCode,
        coursemeet_.day,
        coursemeet_.period,
        coursemeet_.location 
    from
        CourseMeeting coursemeet_ 
    where
        coursemeet_.courseCode=? 
        and coursemeet_.day=? 
        and coursemeet_.period=? 
        and coursemeet_.location=?
14:17:57,634 DEBUG BaseGeneralDataRegion:59 - Caching[foo.org.hibernate.cache.spi.UpdateTimestampsCache] : [Enrolment] -> [5579090893348864]
14:17:57,634 DEBUG SQL:104 - 
    update
        Address 
    set
        studentNumber=null,
        addressType=null 
    where
        studentNumber=?
14:17:57,635 DEBUG BaseGeneralDataRegion:59 - Caching[foo.org.hibernate.cache.spi.UpdateTimestampsCache] : [Address] -> [5579090893352960]
14:17:57,636 DEBUG SQL:104 - 
    delete 
    from
        Student_secretCodes 
    where
        studentNumber=?
14:17:57,644 DEBUG BaseGeneralDataRegion:59 - Caching[foo.org.hibernate.cache.spi.UpdateTimestampsCache] : [Student_secretCodes] -> [5579090893389824]
14:17:57,644 DEBUG BaseGeneralDataRegion:59 - Caching[foo.org.hibernate.cache.spi.UpdateTimestampsCache] : [Enrolment] -> [5579090893389825]
14:17:57,644 DEBUG BaseGeneralDataRegion:59 - Caching[foo.org.hibernate.cache.spi.UpdateTimestampsCache] : [Address] -> [5579090893389826]
14:17:57,644 DEBUG SQL:104 - 
    delete 
    from
        Student_secretCodes 
    where
        studentNumber=?
14:17:57,644 DEBUG BaseGeneralDataRegion:59 - Caching[foo.org.hibernate.cache.spi.UpdateTimestampsCache] : [Student_secretCodes] -> [5579090893389827]
14:17:57,644 DEBUG BaseGeneralDataRegion:59 - Caching[foo.org.hibernate.cache.spi.UpdateTimestampsCache] : [CourseMeeting] -> [5579090893389828]
14:17:57,644 DEBUG SQL:104 - 
    delete 
    from
        Enrolment 
    where
        studentId=? 
        and courseCode=?
14:17:57,645 DEBUG BaseGeneralDataRegion:59 - Caching[foo.org.hibernate.cache.spi.UpdateTimestampsCache] : [Enrolment] -> [5579090893393920]
14:17:57,645 DEBUG SQL:104 - 
    delete 
    from
        Address 
    where
        id=?
14:17:57,645 DEBUG BaseGeneralDataRegion:59 - Caching[foo.org.hibernate.cache.spi.UpdateTimestampsCache] : [Address] -> [5579090893393921]
14:17:57,645 DEBUG SQL:104 - 
    delete 
    from
        Address 
    where
        id=?
14:17:57,655 DEBUG BaseGeneralDataRegion:59 - Caching[foo.org.hibernate.cache.spi.UpdateTimestampsCache] : [Address] -> [5579090893434880]
14:17:57,655 DEBUG SQL:104 - 
    delete 
    from
        Student 
    where
        studentId=?
14:17:57,656 DEBUG BaseGeneralDataRegion:59 - Caching[foo.org.hibernate.cache.spi.UpdateTimestampsCache] : [Student] -> [5579090893438976]
14:17:57,656 DEBUG SQL:104 - 
    delete 
    from
        Enrolment 
    where
        studentId=? 
        and courseCode=?
14:17:57,656 DEBUG BaseGeneralDataRegion:59 - Caching[foo.org.hibernate.cache.spi.UpdateTimestampsCache] : [Enrolment] -> [5579090893438977]
14:17:57,656 DEBUG SQL:104 - 
    delete 
    from
        Student 
    where
        studentId=?
14:17:57,656 DEBUG BaseGeneralDataRegion:59 - Caching[foo.org.hibernate.cache.spi.UpdateTimestampsCache] : [Student] -> [5579090893438978]
14:17:57,656 DEBUG SQL:104 - 
    delete 
    from
        CourseMeeting 
    where
        courseCode=? 
        and day=? 
        and period=? 
        and location=?
14:17:57,664 DEBUG BaseGeneralDataRegion:59 - Caching[foo.org.hibernate.cache.spi.UpdateTimestampsCache] : [CourseMeeting] -> [5579090893471744]
14:17:57,664 DEBUG SQL:104 - 
    delete 
    from
        CourseMeeting 
    where
        courseCode=? 
        and day=? 
        and period=? 
        and location=?
14:17:57,675 DEBUG BaseGeneralDataRegion:59 - Caching[foo.org.hibernate.cache.spi.UpdateTimestampsCache] : [CourseMeeting] -> [5579090893516800]
14:17:57,676 DEBUG SQL:104 - 
    delete 
    from
        Course 
    where
        courseCode=?
14:17:57,676 DEBUG BaseGeneralDataRegion:59 - Caching[foo.org.hibernate.cache.spi.UpdateTimestampsCache] : [Course] -> [5579090893520896]
14:17:57,676 DEBUG BaseGeneralDataRegion:59 - Caching[foo.org.hibernate.cache.spi.UpdateTimestampsCache] : [Student] -> [5579090647760897]
14:17:57,676 DEBUG BaseGeneralDataRegion:59 - Caching[foo.org.hibernate.cache.spi.UpdateTimestampsCache] : [Course] -> [5579090647760897]
14:17:57,676 DEBUG BaseGeneralDataRegion:59 - Caching[foo.org.hibernate.cache.spi.UpdateTimestampsCache] : [Enrolment] -> [5579090647760897]
14:17:57,676 DEBUG BaseGeneralDataRegion:59 - Caching[foo.org.hibernate.cache.spi.UpdateTimestampsCache] : [Student_secretCodes] -> [5579090647760897]
14:17:57,677 DEBUG BaseGeneralDataRegion:59 - Caching[foo.org.hibernate.cache.spi.UpdateTimestampsCache] : [Address] -> [5579090647760897]
14:17:57,677 DEBUG BaseGeneralDataRegion:59 - Caching[foo.org.hibernate.cache.spi.UpdateTimestampsCache] : [CourseMeeting] -> [5579090647760897]
14:17:57,677  INFO CustomRunner:139 - Test: testOneEntityProjectionUnique
14:17:57,679 DEBUG SQL:104 - 
    select
        coursemeet_.courseCode,
        coursemeet_.day,
        coursemeet_.period,
        coursemeet_.location 
    from
        CourseMeeting coursemeet_ 
    where
        coursemeet_.courseCode=? 
        and coursemeet_.day=? 
        and coursemeet_.period=? 
        and coursemeet_.location=?
14:17:57,683 DEBUG SQL:104 - 
    select
        coursemeet_.courseCode,
        coursemeet_.day,
        coursemeet_.period,
        coursemeet_.location 
    from
        CourseMeeting coursemeet_ 
    where
        coursemeet_.courseCode=? 
        and coursemeet_.day=? 
        and coursemeet_.period=? 
        and coursemeet_.location=?
14:17:57,684 DEBUG SQL:104 - 
    insert 
    into
        Course
        (description, courseCode) 
    values
        (?, ?)
14:17:57,684 DEBUG BaseGeneralDataRegion:59 - Caching[foo.org.hibernate.cache.spi.UpdateTimestampsCache] : [Course] -> [5579090893553664]
14:17:57,684 DEBUG SQL:104 - 
    insert 
    into
        CourseMeeting
        (courseCode, day, period, location) 
    values
        (?, ?, ?, ?)
14:17:57,684 DEBUG BaseGeneralDataRegion:59 - Caching[foo.org.hibernate.cache.spi.UpdateTimestampsCache] : [CourseMeeting] -> [5579090893553665]
14:17:57,684 DEBUG SQL:104 - 
    insert 
    into
        CourseMeeting
        (courseCode, day, period, location) 
    values
        (?, ?, ?, ?)
14:17:57,692 DEBUG BaseGeneralDataRegion:59 - Caching[foo.org.hibernate.cache.spi.UpdateTimestampsCache] : [CourseMeeting] -> [5579090893586432]
14:17:57,692 DEBUG SQL:104 - 
    insert 
    into
        Student
        (name_first, name_middle, name_last, preferredCourseCode, studentId) 
    values
        (?, ?, ?, ?, ?)
14:17:57,692 DEBUG BaseGeneralDataRegion:59 - Caching[foo.org.hibernate.cache.spi.UpdateTimestampsCache] : [Student] -> [5579090893586433]
14:17:57,692 DEBUG SQL:104 - 
    insert 
    into
        Address
        (addressType, street, city, stateProvince, postalCode, country, studentNumber, id) 
    values
        (?, ?, ?, ?, ?, ?, ?, ?)
14:17:57,693 DEBUG BaseGeneralDataRegion:59 - Caching[foo.org.hibernate.cache.spi.UpdateTimestampsCache] : [Address] -> [5579090893590528]
14:17:57,693 DEBUG SQL:104 - 
    insert 
    into
        Address
        (addressType, street, city, stateProvince, postalCode, country, studentNumber, id) 
    values
        (?, ?, ?, ?, ?, ?, ?, ?)
14:17:57,701 DEBUG BaseGeneralDataRegion:59 - Caching[foo.org.hibernate.cache.spi.UpdateTimestampsCache] : [Address] -> [5579090893623296]
14:17:57,701 DEBUG SQL:104 - 
    insert 
    into
        Student
        (name_first, name_middle, name_last, preferredCourseCode, studentId) 
    values
        (?, ?, ?, ?, ?)
14:17:57,702 DEBUG BaseGeneralDataRegion:59 - Caching[foo.org.hibernate.cache.spi.UpdateTimestampsCache] : [Student] -> [5579090893627392]
14:17:57,702 DEBUG SQL:104 - 
    insert 
    into
        Enrolment
        (semester, "year", studentId, courseCode) 
    values
        (?, ?, ?, ?)
14:17:57,702 DEBUG BaseGeneralDataRegion:59 - Caching[foo.org.hibernate.cache.spi.UpdateTimestampsCache] : [Enrolment] -> [5579090893627393]
14:17:57,702 DEBUG SQL:104 - 
    insert 
    into
        Enrolment
        (semester, "year", studentId, courseCode) 
    values
        (?, ?, ?, ?)
14:17:57,702 DEBUG BaseGeneralDataRegion:59 - Caching[foo.org.hibernate.cache.spi.UpdateTimestampsCache] : [Enrolment] -> [5579090893627394]
14:17:57,702 DEBUG BaseGeneralDataRegion:59 - Caching[foo.org.hibernate.cache.spi.UpdateTimestampsCache] : [CourseMeeting] -> [5579090893627395]
14:17:57,702 DEBUG BaseGeneralDataRegion:59 - Caching[foo.org.hibernate.cache.spi.UpdateTimestampsCache] : [Enrolment] -> [5579090893627396]
14:17:57,703 DEBUG SQL:104 - 
    update
        Address 
    set
        studentNumber=?,
        addressType=? 
    where
        id=?
14:17:57,710 DEBUG SQL:104 - 
    update
        Address 
    set
        studentNumber=?,
        addressType=? 
    where
        id=?
14:17:57,711 DEBUG BaseGeneralDataRegion:59 - Caching[foo.org.hibernate.cache.spi.UpdateTimestampsCache] : [Address] -> [5579090893664256]
14:17:57,711 DEBUG SQL:104 - 
    insert 
    into
        Student_secretCodes
        (studentNumber, i, secretCode) 
    values
        (?, ?, ?)
14:17:57,711 DEBUG BaseGeneralDataRegion:59 - Caching[foo.org.hibernate.cache.spi.UpdateTimestampsCache] : [Student_secretCodes] -> [5579090893664257]
14:17:57,711 DEBUG BaseGeneralDataRegion:59 - Caching[foo.org.hibernate.cache.spi.UpdateTimestampsCache] : [Enrolment] -> [5579090893664258]
14:17:57,711 DEBUG BaseGeneralDataRegion:59 - Caching[foo.org.hibernate.cache.spi.UpdateTimestampsCache] : [Address] -> [5579090893664259]
14:17:57,711 DEBUG SQL:104 - 
    insert 
    into
        Student_secretCodes
        (studentNumber, i, secretCode) 
    values
        (?, ?, ?)
14:17:57,719 DEBUG SQL:104 - 
    insert 
    into
        Student_secretCodes
        (studentNumber, i, secretCode) 
    values
        (?, ?, ?)
14:17:57,719 DEBUG BaseGeneralDataRegion:59 - Caching[foo.org.hibernate.cache.spi.UpdateTimestampsCache] : [Student_secretCodes] -> [5579090893697024]
14:17:57,720 DEBUG BaseGeneralDataRegion:59 - Caching[foo.org.hibernate.cache.spi.UpdateTimestampsCache] : [Student] -> [5579090647941120]
14:17:57,720 DEBUG BaseGeneralDataRegion:59 - Caching[foo.org.hibernate.cache.spi.UpdateTimestampsCache] : [Course] -> [5579090647941120]
14:17:57,720 DEBUG BaseGeneralDataRegion:59 - Caching[foo.org.hibernate.cache.spi.UpdateTimestampsCache] : [Enrolment] -> [5579090647941120]
14:17:57,720 DEBUG BaseGeneralDataRegion:59 - Caching[foo.org.hibernate.cache.spi.UpdateTimestampsCache] : [Student_secretCodes] -> [5579090647941120]
14:17:57,720 DEBUG BaseGeneralDataRegion:59 - Caching[foo.org.hibernate.cache.spi.UpdateTimestampsCache] : [Address] -> [5579090647941120]
14:17:57,720 DEBUG BaseGeneralDataRegion:59 - Caching[foo.org.hibernate.cache.spi.UpdateTimestampsCache] : [CourseMeeting] -> [5579090647941120]
14:17:57,721 DEBUG SQL:104 - 
    select
        this_.studentId as y0_ 
    from
        Enrolment this_ 
    where
        this_.studentId=?
14:17:57,721 DEBUG SQL:104 - 
    select
        this_.studentId as y0_ 
    from
        Enrolment this_ 
    where
        this_.studentId=?
14:17:57,722 DEBUG SQL:104 - 
    select
        student_.studentId,
        student_.name_first as name2_4_,
        student_.name_middle as name3_4_,
        student_.name_last as name4_4_,
        student_.preferredCourseCode as preferre5_4_ 
    from
        Student student_ 
    where
        student_.studentId=?
14:17:57,729 DEBUG SQL:104 - 
    select
        enrolment_.studentId,
        enrolment_.courseCode,
        enrolment_.semester as semester3_,
        enrolment_."year" as year4_3_ 
    from
        Enrolment enrolment_ 
    where
        enrolment_.studentId=? 
        and enrolment_.courseCode=?
14:17:57,729 DEBUG SQL:104 - 
    select
        course_.courseCode,
        course_.description as descript2_1_ 
    from
        Course course_ 
    where
        course_.courseCode=?
14:17:57,730 DEBUG SQL:104 - 
    select
        student_.studentId,
        student_.name_first as name2_4_,
        student_.name_middle as name3_4_,
        student_.name_last as name4_4_,
        student_.preferredCourseCode as preferre5_4_ 
    from
        Student student_ 
    where
        student_.studentId=?
14:17:57,738 DEBUG SQL:104 - 
    select
        enrolment_.studentId,
        enrolment_.courseCode,
        enrolment_.semester as semester3_,
        enrolment_."year" as year4_3_ 
    from
        Enrolment enrolment_ 
    where
        enrolment_.studentId=? 
        and enrolment_.courseCode=?
14:17:57,738 DEBUG SQL:104 - 
    select
        coursemeet_.courseCode,
        coursemeet_.day,
        coursemeet_.period,
        coursemeet_.location 
    from
        CourseMeeting coursemeet_ 
    where
        coursemeet_.courseCode=? 
        and coursemeet_.day=? 
        and coursemeet_.period=? 
        and coursemeet_.location=?
14:17:57,748 DEBUG SQL:104 - 
    select
        coursemeet_.courseCode,
        coursemeet_.day,
        coursemeet_.period,
        coursemeet_.location 
    from
        CourseMeeting coursemeet_ 
    where
        coursemeet_.courseCode=? 
        and coursemeet_.day=? 
        and coursemeet_.period=? 
        and coursemeet_.location=?
14:17:57,748 DEBUG BaseGeneralDataRegion:59 - Caching[foo.org.hibernate.cache.spi.UpdateTimestampsCache] : [Enrolment] -> [5579090893815808]
14:17:57,749 DEBUG SQL:104 - 
    update
        Address 
    set
        studentNumber=null,
        addressType=null 
    where
        studentNumber=?
14:17:57,749 DEBUG BaseGeneralDataRegion:59 - Caching[foo.org.hibernate.cache.spi.UpdateTimestampsCache] : [Address] -> [5579090893819904]
14:17:57,749 DEBUG SQL:104 - 
    delete 
    from
        Student_secretCodes 
    where
        studentNumber=?
14:17:57,749 DEBUG BaseGeneralDataRegion:59 - Caching[foo.org.hibernate.cache.spi.UpdateTimestampsCache] : [Student_secretCodes] -> [5579090893819905]
14:17:57,749 DEBUG BaseGeneralDataRegion:59 - Caching[foo.org.hibernate.cache.spi.UpdateTimestampsCache] : [Enrolment] -> [5579090893819906]
14:17:57,749 DEBUG BaseGeneralDataRegion:59 - Caching[foo.org.hibernate.cache.spi.UpdateTimestampsCache] : [Address] -> [5579090893819907]
14:17:57,749 DEBUG SQL:104 - 
    delete 
    from
        Student_secretCodes 
    where
        studentNumber=?
14:17:57,750 DEBUG BaseGeneralDataRegion:59 - Caching[foo.org.hibernate.cache.spi.UpdateTimestampsCache] : [Student_secretCodes] -> [5579090893824000]
14:17:57,750 DEBUG BaseGeneralDataRegion:59 - Caching[foo.org.hibernate.cache.spi.UpdateTimestampsCache] : [CourseMeeting] -> [5579090893824001]
14:17:57,750 DEBUG SQL:104 - 
    delete 
    from
        Enrolment 
    where
        studentId=? 
        and courseCode=?
14:17:57,750 DEBUG BaseGeneralDataRegion:59 - Caching[foo.org.hibernate.cache.spi.UpdateTimestampsCache] : [Enrolment] -> [5579090893824002]
14:17:57,750 DEBUG SQL:104 - 
    delete 
    from
        Address 
    where
        id=?
14:17:57,750 DEBUG BaseGeneralDataRegion:59 - Caching[foo.org.hibernate.cache.spi.UpdateTimestampsCache] : [Address] -> [5579090893824003]
14:17:57,759 DEBUG SQL:104 - 
    delete 
    from
        Address 
    where
        id=?
14:17:57,759 DEBUG BaseGeneralDataRegion:59 - Caching[foo.org.hibernate.cache.spi.UpdateTimestampsCache] : [Address] -> [5579090893860864]
14:17:57,760 DEBUG SQL:104 - 
    delete 
    from
        Student 
    where
        studentId=?
14:17:57,760 DEBUG BaseGeneralDataRegion:59 - Caching[foo.org.hibernate.cache.spi.UpdateTimestampsCache] : [Student] -> [5579090893864960]
14:17:57,760 DEBUG SQL:104 - 
    delete 
    from
        Enrolment 
    where
        studentId=? 
        and courseCode=?
14:17:57,760 DEBUG BaseGeneralDataRegion:59 - Caching[foo.org.hibernate.cache.spi.UpdateTimestampsCache] : [Enrolment] -> [5579090893864961]
14:17:57,760 DEBUG SQL:104 - 
    delete 
    from
        Student 
    where
        studentId=?
14:17:57,760 DEBUG BaseGeneralDataRegion:59 - Caching[foo.org.hibernate.cache.spi.UpdateTimestampsCache] : [Student] -> [5579090893864962]
14:17:57,760 DEBUG SQL:104 - 
    delete 
    from
        CourseMeeting 
    where
        courseCode=? 
        and day=? 
        and period=? 
        and location=?
14:17:57,771 DEBUG BaseGeneralDataRegion:59 - Caching[foo.org.hibernate.cache.spi.UpdateTimestampsCache] : [CourseMeeting] -> [5579090893910016]
14:17:57,771 DEBUG SQL:104 - 
    delete 
    from
        CourseMeeting 
    where
        courseCode=? 
        and day=? 
        and period=? 
        and location=?
14:17:57,771 DEBUG BaseGeneralDataRegion:59 - Caching[foo.org.hibernate.cache.spi.UpdateTimestampsCache] : [CourseMeeting] -> [5579090893910017]
14:17:57,771 DEBUG SQL:104 - 
    delete 
    from
        Course 
    where
        courseCode=?
14:17:57,771 DEBUG BaseGeneralDataRegion:59 - Caching[foo.org.hibernate.cache.spi.UpdateTimestampsCache] : [Course] -> [5579090893910018]
14:17:57,771 DEBUG BaseGeneralDataRegion:59 - Caching[foo.org.hibernate.cache.spi.UpdateTimestampsCache] : [Student] -> [5579090648150019]
14:17:57,772 DEBUG BaseGeneralDataRegion:59 - Caching[foo.org.hibernate.cache.spi.UpdateTimestampsCache] : [Course] -> [5579090648150019]
14:17:57,772 DEBUG BaseGeneralDataRegion:59 - Caching[foo.org.hibernate.cache.spi.UpdateTimestampsCache] : [Enrolment] -> [5579090648150019]
14:17:57,772 DEBUG BaseGeneralDataRegion:59 - Caching[foo.org.hibernate.cache.spi.UpdateTimestampsCache] : [Student_secretCodes] -> [5579090648150019]
14:17:57,772 DEBUG BaseGeneralDataRegion:59 - Caching[foo.org.hibernate.cache.spi.UpdateTimestampsCache] : [Address] -> [5579090648150019]
14:17:57,779 DEBUG BaseGeneralDataRegion:59 - Caching[foo.org.hibernate.cache.spi.UpdateTimestampsCache] : [CourseMeeting] -> [5579090648150019]
14:17:57,780  INFO CustomRunner:139 - Test: testOneNonEntityProjectionList
14:17:57,786 DEBUG SQL:104 - 
    select
        coursemeet_.courseCode,
        coursemeet_.day,
        coursemeet_.period,
        coursemeet_.location 
    from
        CourseMeeting coursemeet_ 
    where
        coursemeet_.courseCode=? 
        and coursemeet_.day=? 
        and coursemeet_.period=? 
        and coursemeet_.location=?
14:17:57,789 DEBUG SQL:104 - 
    select
        coursemeet_.courseCode,
        coursemeet_.day,
        coursemeet_.period,
        coursemeet_.location 
    from
        CourseMeeting coursemeet_ 
    where
        coursemeet_.courseCode=? 
        and coursemeet_.day=? 
        and coursemeet_.period=? 
        and coursemeet_.location=?
14:17:57,790 DEBUG SQL:104 - 
    insert 
    into
        Course
        (description, courseCode) 
    values
        (?, ?)
14:17:57,791 DEBUG BaseGeneralDataRegion:59 - Caching[foo.org.hibernate.cache.spi.UpdateTimestampsCache] : [Course] -> [5579090893991936]
14:17:57,791 DEBUG SQL:104 - 
    insert 
    into
        CourseMeeting
        (courseCode, day, period, location) 
    values
        (?, ?, ?, ?)
14:17:57,869 DEBUG BaseGeneralDataRegion:59 - Caching[foo.org.hibernate.cache.spi.UpdateTimestampsCache] : [CourseMeeting] -> [5579090894311424]
14:17:57,870 DEBUG SQL:104 - 
    insert 
    into
        CourseMeeting
        (courseCode, day, period, location) 
    values
        (?, ?, ?, ?)
14:17:57,870 DEBUG BaseGeneralDataRegion:59 - Caching[foo.org.hibernate.cache.spi.UpdateTimestampsCache] : [CourseMeeting] -> [5579090894315520]
14:17:57,870 DEBUG SQL:104 - 
    insert 
    into
        Student
        (name_first, name_middle, name_last, preferredCourseCode, studentId) 
    values
        (?, ?, ?, ?, ?)
14:17:57,870 DEBUG BaseGeneralDataRegion:59 - Caching[foo.org.hibernate.cache.spi.UpdateTimestampsCache] : [Student] -> [5579090894315521]
14:17:57,870 DEBUG SQL:104 - 
    insert 
    into
        Address
        (addressType, street, city, stateProvince, postalCode, country, studentNumber, id) 
    values
        (?, ?, ?, ?, ?, ?, ?, ?)
14:17:57,871 DEBUG BaseGeneralDataRegion:59 - Caching[foo.org.hibernate.cache.spi.UpdateTimestampsCache] : [Address] -> [5579090894319616]
14:17:57,871 DEBUG SQL:104 - 
    insert 
    into
        Address
        (addressType, street, city, stateProvince, postalCode, country, studentNumber, id) 
    values
        (?, ?, ?, ?, ?, ?, ?, ?)
14:17:57,871 DEBUG BaseGeneralDataRegion:59 - Caching[foo.org.hibernate.cache.spi.UpdateTimestampsCache] : [Address] -> [5579090894319617]
14:17:57,871 DEBUG SQL:104 - 
    insert 
    into
        Student
        (name_first, name_middle, name_last, preferredCourseCode, studentId) 
    values
        (?, ?, ?, ?, ?)
14:17:57,871 DEBUG BaseGeneralDataRegion:59 - Caching[foo.org.hibernate.cache.spi.UpdateTimestampsCache] : [Student] -> [5579090894319618]
14:17:57,871 DEBUG SQL:104 - 
    insert 
    into
        Enrolment
        (semester, "year", studentId, courseCode) 
    values
        (?, ?, ?, ?)
14:17:57,872 DEBUG BaseGeneralDataRegion:59 - Caching[foo.org.hibernate.cache.spi.UpdateTimestampsCache] : [Enrolment] -> [5579090894323712]
14:17:57,872 DEBUG SQL:104 - 
    insert 
    into
        Enrolment
        (semester, "year", studentId, courseCode) 
    values
        (?, ?, ?, ?)
14:17:57,873 DEBUG BaseGeneralDataRegion:59 - Caching[foo.org.hibernate.cache.spi.UpdateTimestampsCache] : [Enrolment] -> [5579090894327808]
14:17:57,873 DEBUG BaseGeneralDataRegion:59 - Caching[foo.org.hibernate.cache.spi.UpdateTimestampsCache] : [CourseMeeting] -> [5579090894327809]
14:17:57,873 DEBUG BaseGeneralDataRegion:59 - Caching[foo.org.hibernate.cache.spi.UpdateTimestampsCache] : [Enrolment] -> [5579090894327810]
14:17:57,873 DEBUG SQL:104 - 
    update
        Address 
    set
        studentNumber=?,
        addressType=? 
    where
        id=?
14:17:57,874 DEBUG SQL:104 - 
    update
        Address 
    set
        studentNumber=?,
        addressType=? 
    where
        id=?
14:17:57,874 DEBUG BaseGeneralDataRegion:59 - Caching[foo.org.hibernate.cache.spi.UpdateTimestampsCache] : [Address] -> [5579090894331904]
14:17:57,874 DEBUG SQL:104 - 
    insert 
    into
        Student_secretCodes
        (studentNumber, i, secretCode) 
    values
        (?, ?, ?)
14:17:57,874 DEBUG BaseGeneralDataRegion:59 - Caching[foo.org.hibernate.cache.spi.UpdateTimestampsCache] : [Student_secretCodes] -> [5579090894331905]
14:17:57,874 DEBUG BaseGeneralDataRegion:59 - Caching[foo.org.hibernate.cache.spi.UpdateTimestampsCache] : [Enrolment] -> [5579090894331906]
14:17:57,874 DEBUG BaseGeneralDataRegion:59 - Caching[foo.org.hibernate.cache.spi.UpdateTimestampsCache] : [Address] -> [5579090894331907]
14:17:57,874 DEBUG SQL:104 - 
    insert 
    into
        Student_secretCodes
        (studentNumber, i, secretCode) 
    values
        (?, ?, ?)
14:17:57,875 DEBUG SQL:104 - 
    insert 
    into
        Student_secretCodes
        (studentNumber, i, secretCode) 
    values
        (?, ?, ?)
14:17:57,875 DEBUG BaseGeneralDataRegion:59 - Caching[foo.org.hibernate.cache.spi.UpdateTimestampsCache] : [Student_secretCodes] -> [5579090894336000]
14:17:57,875 DEBUG BaseGeneralDataRegion:59 - Caching[foo.org.hibernate.cache.spi.UpdateTimestampsCache] : [Student] -> [5579090648576001]
14:17:57,875 DEBUG BaseGeneralDataRegion:59 - Caching[foo.org.hibernate.cache.spi.UpdateTimestampsCache] : [Course] -> [5579090648576001]
14:17:57,875 DEBUG BaseGeneralDataRegion:59 - Caching[foo.org.hibernate.cache.spi.UpdateTimestampsCache] : [Enrolment] -> [5579090648576001]
14:17:57,875 DEBUG BaseGeneralDataRegion:59 - Caching[foo.org.hibernate.cache.spi.UpdateTimestampsCache] : [Student_secretCodes] -> [5579090648576001]
14:17:57,875 DEBUG BaseGeneralDataRegion:59 - Caching[foo.org.hibernate.cache.spi.UpdateTimestampsCache] : [Address] -> [5579090648576001]
14:17:57,876 DEBUG BaseGeneralDataRegion:59 - Caching[foo.org.hibernate.cache.spi.UpdateTimestampsCache] : [CourseMeeting] -> [5579090648576001]
14:17:57,876 DEBUG SQL:104 - 
    select
        this_.semester as y0_ 
    from
        Enrolment this_ 
    order by
        this_.studentId asc
14:17:57,877 DEBUG SQL:104 - 
    select
        this_.semester as y0_ 
    from
        Enrolment this_ 
    order by
        this_.studentId asc
14:17:57,877 DEBUG SQL:104 - 
    select
        student_.studentId,
        student_.name_first as name2_4_,
        student_.name_middle as name3_4_,
        student_.name_last as name4_4_,
        student_.preferredCourseCode as preferre5_4_ 
    from
        Student student_ 
    where
        student_.studentId=?
14:17:57,878 DEBUG SQL:104 - 
    select
        enrolment_.studentId,
        enrolment_.courseCode,
        enrolment_.semester as semester3_,
        enrolment_."year" as year4_3_ 
    from
        Enrolment enrolment_ 
    where
        enrolment_.studentId=? 
        and enrolment_.courseCode=?
14:17:57,878 DEBUG SQL:104 - 
    select
        course_.courseCode,
        course_.description as descript2_1_ 
    from
        Course course_ 
    where
        course_.courseCode=?
14:17:57,878 DEBUG SQL:104 - 
    select
        student_.studentId,
        student_.name_first as name2_4_,
        student_.name_middle as name3_4_,
        student_.name_last as name4_4_,
        student_.preferredCourseCode as preferre5_4_ 
    from
        Student student_ 
    where
        student_.studentId=?
14:17:57,879 DEBUG SQL:104 - 
    select
        enrolment_.studentId,
        enrolment_.courseCode,
        enrolment_.semester as semester3_,
        enrolment_."year" as year4_3_ 
    from
        Enrolment enrolment_ 
    where
        enrolment_.studentId=? 
        and enrolment_.courseCode=?
14:17:57,879 DEBUG SQL:104 - 
    select
        coursemeet_.courseCode,
        coursemeet_.day,
        coursemeet_.period,
        coursemeet_.location 
    from
        CourseMeeting coursemeet_ 
    where
        coursemeet_.courseCode=? 
        and coursemeet_.day=? 
        and coursemeet_.period=? 
        and coursemeet_.location=?
14:17:57,879 DEBUG SQL:104 - 
    select
        coursemeet_.courseCode,
        coursemeet_.day,
        coursemeet_.period,
        coursemeet_.location 
    from
        CourseMeeting coursemeet_ 
    where
        coursemeet_.courseCode=? 
        and coursemeet_.day=? 
        and coursemeet_.period=? 
        and coursemeet_.location=?
14:17:57,880 DEBUG BaseGeneralDataRegion:59 - Caching[foo.org.hibernate.cache.spi.UpdateTimestampsCache] : [Enrolment] -> [5579090894356480]
14:17:57,880 DEBUG SQL:104 - 
    update
        Address 
    set
        studentNumber=null,
        addressType=null 
    where
        studentNumber=?
14:17:57,880 DEBUG BaseGeneralDataRegion:59 - Caching[foo.org.hibernate.cache.spi.UpdateTimestampsCache] : [Address] -> [5579090894356481]
14:17:57,880 DEBUG SQL:104 - 
    delete 
    from
        Student_secretCodes 
    where
        studentNumber=?
14:17:57,880 DEBUG BaseGeneralDataRegion:59 - Caching[foo.org.hibernate.cache.spi.UpdateTimestampsCache] : [Student_secretCodes] -> [5579090894356482]
14:17:57,880 DEBUG BaseGeneralDataRegion:59 - Caching[foo.org.hibernate.cache.spi.UpdateTimestampsCache] : [Enrolment] -> [5579090894356483]
14:17:57,881 DEBUG BaseGeneralDataRegion:59 - Caching[foo.org.hibernate.cache.spi.UpdateTimestampsCache] : [Address] -> [5579090894360576]
14:17:57,881 DEBUG SQL:104 - 
    delete 
    from
        Student_secretCodes 
    where
        studentNumber=?
14:17:57,881 DEBUG BaseGeneralDataRegion:59 - Caching[foo.org.hibernate.cache.spi.UpdateTimestampsCache] : [Student_secretCodes] -> [5579090894360577]
14:17:57,881 DEBUG BaseGeneralDataRegion:59 - Caching[foo.org.hibernate.cache.spi.UpdateTimestampsCache] : [CourseMeeting] -> [5579090894360578]
14:17:57,881 DEBUG SQL:104 - 
    delete 
    from
        Enrolment 
    where
        studentId=? 
        and courseCode=?
14:17:57,881 DEBUG BaseGeneralDataRegion:59 - Caching[foo.org.hibernate.cache.spi.UpdateTimestampsCache] : [Enrolment] -> [5579090894360579]
14:17:57,881 DEBUG SQL:104 - 
    delete 
    from
        Address 
    where
        id=?
14:17:57,881 DEBUG BaseGeneralDataRegion:59 - Caching[foo.org.hibernate.cache.spi.UpdateTimestampsCache] : [Address] -> [5579090894360580]
14:17:57,882 DEBUG SQL:104 - 
    delete 
    from
        Address 
    where
        id=?
14:17:57,882 DEBUG BaseGeneralDataRegion:59 - Caching[foo.org.hibernate.cache.spi.UpdateTimestampsCache] : [Address] -> [5579090894364672]
14:17:57,882 DEBUG SQL:104 - 
    delete 
    from
        Student 
    where
        studentId=?
14:17:57,882 DEBUG BaseGeneralDataRegion:59 - Caching[foo.org.hibernate.cache.spi.UpdateTimestampsCache] : [Student] -> [5579090894364673]
14:17:57,882 DEBUG SQL:104 - 
    delete 
    from
        Enrolment 
    where
        studentId=? 
        and courseCode=?
14:17:57,908 DEBUG BaseGeneralDataRegion:59 - Caching[foo.org.hibernate.cache.spi.UpdateTimestampsCache] : [Enrolment] -> [5579090894471168]
14:17:57,908 DEBUG SQL:104 - 
    delete 
    from
        Student 
    where
        studentId=?
14:17:57,909 DEBUG BaseGeneralDataRegion:59 - Caching[foo.org.hibernate.cache.spi.UpdateTimestampsCache] : [Student] -> [5579090894475264]
14:17:57,909 DEBUG SQL:104 - 
    delete 
    from
        CourseMeeting 
    where
        courseCode=? 
        and day=? 
        and period=? 
        and location=?
14:17:57,909 DEBUG BaseGeneralDataRegion:59 - Caching[foo.org.hibernate.cache.spi.UpdateTimestampsCache] : [CourseMeeting] -> [5579090894475265]
14:17:57,909 DEBUG SQL:104 - 
    delete 
    from
        CourseMeeting 
    where
        courseCode=? 
        and day=? 
        and period=? 
        and location=?
14:17:57,919 DEBUG BaseGeneralDataRegion:59 - Caching[foo.org.hibernate.cache.spi.UpdateTimestampsCache] : [CourseMeeting] -> [5579090894516224]
14:17:57,919 DEBUG SQL:104 - 
    delete 
    from
        Course 
    where
        courseCode=?
14:17:57,919 DEBUG BaseGeneralDataRegion:59 - Caching[foo.org.hibernate.cache.spi.UpdateTimestampsCache] : [Course] -> [5579090894516225]
14:17:57,919 DEBUG BaseGeneralDataRegion:59 - Caching[foo.org.hibernate.cache.spi.UpdateTimestampsCache] : [Student] -> [5579090648756226]
14:17:57,920 DEBUG BaseGeneralDataRegion:59 - Caching[foo.org.hibernate.cache.spi.UpdateTimestampsCache] : [Course] -> [5579090648756226]
14:17:57,920 DEBUG BaseGeneralDataRegion:59 - Caching[foo.org.hibernate.cache.spi.UpdateTimestampsCache] : [Enrolment] -> [5579090648756226]
14:17:57,920 DEBUG BaseGeneralDataRegion:59 - Caching[foo.org.hibernate.cache.spi.UpdateTimestampsCache] : [Student_secretCodes] -> [5579090648756226]
14:17:57,920 DEBUG BaseGeneralDataRegion:59 - Caching[foo.org.hibernate.cache.spi.UpdateTimestampsCache] : [Address] -> [5579090648756226]
14:17:57,920 DEBUG BaseGeneralDataRegion:59 - Caching[foo.org.hibernate.cache.spi.UpdateTimestampsCache] : [CourseMeeting] -> [5579090648756226]
14:17:57,920  INFO CustomRunner:139 - Test: testOneNonEntityProjectionUnique
14:17:57,922 DEBUG SQL:104 - 
    select
        coursemeet_.courseCode,
        coursemeet_.day,
        coursemeet_.period,
        coursemeet_.location 
    from
        CourseMeeting coursemeet_ 
    where
        coursemeet_.courseCode=? 
        and coursemeet_.day=? 
        and coursemeet_.period=? 
        and coursemeet_.location=?
14:17:57,923 DEBUG SQL:104 - 
    select
        coursemeet_.courseCode,
        coursemeet_.day,
        coursemeet_.period,
        coursemeet_.location 
    from
        CourseMeeting coursemeet_ 
    where
        coursemeet_.courseCode=? 
        and coursemeet_.day=? 
        and coursemeet_.period=? 
        and coursemeet_.location=?
14:17:57,924 DEBUG SQL:104 - 
    insert 
    into
        Course
        (description, courseCode) 
    values
        (?, ?)
14:17:57,941 DEBUG BaseGeneralDataRegion:59 - Caching[foo.org.hibernate.cache.spi.UpdateTimestampsCache] : [Course] -> [5579090894606336]
14:17:57,941 DEBUG SQL:104 - 
    insert 
    into
        CourseMeeting
        (courseCode, day, period, location) 
    values
        (?, ?, ?, ?)
14:17:57,942 DEBUG BaseGeneralDataRegion:59 - Caching[foo.org.hibernate.cache.spi.UpdateTimestampsCache] : [CourseMeeting] -> [5579090894610432]
14:17:57,942 DEBUG SQL:104 - 
    insert 
    into
        CourseMeeting
        (courseCode, day, period, location) 
    values
        (?, ?, ?, ?)
14:17:57,942 DEBUG BaseGeneralDataRegion:59 - Caching[foo.org.hibernate.cache.spi.UpdateTimestampsCache] : [CourseMeeting] -> [5579090894610433]
14:17:57,942 DEBUG SQL:104 - 
    insert 
    into
        Student
        (name_first, name_middle, name_last, preferredCourseCode, studentId) 
    values
        (?, ?, ?, ?, ?)
14:17:57,942 DEBUG BaseGeneralDataRegion:59 - Caching[foo.org.hibernate.cache.spi.UpdateTimestampsCache] : [Student] -> [5579090894610434]
14:17:57,951 DEBUG SQL:104 - 
    insert 
    into
        Address
        (addressType, street, city, stateProvince, postalCode, country, studentNumber, id) 
    values
        (?, ?, ?, ?, ?, ?, ?, ?)
14:17:57,952 DEBUG BaseGeneralDataRegion:59 - Caching[foo.org.hibernate.cache.spi.UpdateTimestampsCache] : [Address] -> [5579090894647296]
14:17:57,952 DEBUG SQL:104 - 
    insert 
    into
        Address
        (addressType, street, city, stateProvince, postalCode, country, studentNumber, id) 
    values
        (?, ?, ?, ?, ?, ?, ?, ?)
14:17:57,952 DEBUG BaseGeneralDataRegion:59 - Caching[foo.org.hibernate.cache.spi.UpdateTimestampsCache] : [Address] -> [5579090894651392]
14:17:57,952 DEBUG SQL:104 - 
    insert 
    into
        Student
        (name_first, name_middle, name_last, preferredCourseCode, studentId) 
    values
        (?, ?, ?, ?, ?)
14:17:57,952 DEBUG BaseGeneralDataRegion:59 - Caching[foo.org.hibernate.cache.spi.UpdateTimestampsCache] : [Student] -> [5579090894651393]
14:17:57,952 DEBUG SQL:104 - 
    insert 
    into
        Enrolment
        (semester, "year", studentId, courseCode) 
    values
        (?, ?, ?, ?)
14:17:57,962 DEBUG BaseGeneralDataRegion:59 - Caching[foo.org.hibernate.cache.spi.UpdateTimestampsCache] : [Enrolment] -> [5579090894692352]
14:17:57,963 DEBUG SQL:104 - 
    insert 
    into
        Enrolment
        (semester, "year", studentId, courseCode) 
    values
        (?, ?, ?, ?)
14:17:57,963 DEBUG BaseGeneralDataRegion:59 - Caching[foo.org.hibernate.cache.spi.UpdateTimestampsCache] : [Enrolment] -> [5579090894696448]
14:17:57,963 DEBUG BaseGeneralDataRegion:59 - Caching[foo.org.hibernate.cache.spi.UpdateTimestampsCache] : [CourseMeeting] -> [5579090894696449]
14:17:57,963 DEBUG BaseGeneralDataRegion:59 - Caching[foo.org.hibernate.cache.spi.UpdateTimestampsCache] : [Enrolment] -> [5579090894696450]
14:17:57,963 DEBUG SQL:104 - 
    update
        Address 
    set
        studentNumber=?,
        addressType=? 
    where
        id=?
14:17:57,963 DEBUG SQL:104 - 
    update
        Address 
    set
        studentNumber=?,
        addressType=? 
    where
        id=?
14:17:57,964 DEBUG BaseGeneralDataRegion:59 - Caching[foo.org.hibernate.cache.spi.UpdateTimestampsCache] : [Address] -> [5579090894700544]
14:17:57,964 DEBUG SQL:104 - 
    insert 
    into
        Student_secretCodes
        (studentNumber, i, secretCode) 
    values
        (?, ?, ?)
14:17:57,978 DEBUG BaseGeneralDataRegion:59 - Caching[foo.org.hibernate.cache.spi.UpdateTimestampsCache] : [Student_secretCodes] -> [5579090894757888]
14:17:57,978 DEBUG BaseGeneralDataRegion:59 - Caching[foo.org.hibernate.cache.spi.UpdateTimestampsCache] : [Enrolment] -> [5579090894757889]
14:17:57,978 DEBUG BaseGeneralDataRegion:59 - Caching[foo.org.hibernate.cache.spi.UpdateTimestampsCache] : [Address] -> [5579090894757890]
14:17:57,979 DEBUG SQL:104 - 
    insert 
    into
        Student_secretCodes
        (studentNumber, i, secretCode) 
    values
        (?, ?, ?)
14:17:57,979 DEBUG SQL:104 - 
    insert 
    into
        Student_secretCodes
        (studentNumber, i, secretCode) 
    values
        (?, ?, ?)
14:17:57,979 DEBUG BaseGeneralDataRegion:59 - Caching[foo.org.hibernate.cache.spi.UpdateTimestampsCache] : [Student_secretCodes] -> [5579090894761984]
14:17:57,979 DEBUG BaseGeneralDataRegion:59 - Caching[foo.org.hibernate.cache.spi.UpdateTimestampsCache] : [Student] -> [5579090649001985]
14:17:57,979 DEBUG BaseGeneralDataRegion:59 - Caching[foo.org.hibernate.cache.spi.UpdateTimestampsCache] : [Course] -> [5579090649001985]
14:17:57,979 DEBUG BaseGeneralDataRegion:59 - Caching[foo.org.hibernate.cache.spi.UpdateTimestampsCache] : [Enrolment] -> [5579090649001985]
14:17:57,979 DEBUG BaseGeneralDataRegion:59 - Caching[foo.org.hibernate.cache.spi.UpdateTimestampsCache] : [Student_secretCodes] -> [5579090649001985]
14:17:57,979 DEBUG BaseGeneralDataRegion:59 - Caching[foo.org.hibernate.cache.spi.UpdateTimestampsCache] : [Address] -> [5579090649001985]
14:17:57,980 DEBUG BaseGeneralDataRegion:59 - Caching[foo.org.hibernate.cache.spi.UpdateTimestampsCache] : [CourseMeeting] -> [5579090649001985]
14:17:57,987 DEBUG SQL:104 - 
    select
        this_.semester as y0_ 
    from
        Enrolment this_ 
    where
        this_.studentId=?
14:17:57,988 DEBUG SQL:104 - 
    select
        this_.semester as y0_ 
    from
        Enrolment this_ 
    where
        this_.studentId=?
14:17:57,988 DEBUG SQL:104 - 
    select
        student_.studentId,
        student_.name_first as name2_4_,
        student_.name_middle as name3_4_,
        student_.name_last as name4_4_,
        student_.preferredCourseCode as preferre5_4_ 
    from
        Student student_ 
    where
        student_.studentId=?
14:17:57,989 DEBUG SQL:104 - 
    select
        enrolment_.studentId,
        enrolment_.courseCode,
        enrolment_.semester as semester3_,
        enrolment_."year" as year4_3_ 
    from
        Enrolment enrolment_ 
    where
        enrolment_.studentId=? 
        and enrolment_.courseCode=?
14:17:57,989 DEBUG SQL:104 - 
    select
        course_.courseCode,
        course_.description as descript2_1_ 
    from
        Course course_ 
    where
        course_.courseCode=?
14:17:57,989 DEBUG SQL:104 - 
    select
        student_.studentId,
        student_.name_first as name2_4_,
        student_.name_middle as name3_4_,
        student_.name_last as name4_4_,
        student_.preferredCourseCode as preferre5_4_ 
    from
        Student student_ 
    where
        student_.studentId=?
14:17:57,989 DEBUG SQL:104 - 
    select
        enrolment_.studentId,
        enrolment_.courseCode,
        enrolment_.semester as semester3_,
        enrolment_."year" as year4_3_ 
    from
        Enrolment enrolment_ 
    where
        enrolment_.studentId=? 
        and enrolment_.courseCode=?
14:17:58,002 DEBUG SQL:104 - 
    select
        coursemeet_.courseCode,
        coursemeet_.day,
        coursemeet_.period,
        coursemeet_.location 
    from
        CourseMeeting coursemeet_ 
    where
        coursemeet_.courseCode=? 
        and coursemeet_.day=? 
        and coursemeet_.period=? 
        and coursemeet_.location=?
14:17:58,003 DEBUG SQL:104 - 
    select
        coursemeet_.courseCode,
        coursemeet_.day,
        coursemeet_.period,
        coursemeet_.location 
    from
        CourseMeeting coursemeet_ 
    where
        coursemeet_.courseCode=? 
        and coursemeet_.day=? 
        and coursemeet_.period=? 
        and coursemeet_.location=?
14:17:58,013 DEBUG BaseGeneralDataRegion:59 - Caching[foo.org.hibernate.cache.spi.UpdateTimestampsCache] : [Enrolment] -> [5579090894901248]
14:17:58,013 DEBUG SQL:104 - 
    update
        Address 
    set
        studentNumber=null,
        addressType=null 
    where
        studentNumber=?
14:17:58,013 DEBUG BaseGeneralDataRegion:59 - Caching[foo.org.hibernate.cache.spi.UpdateTimestampsCache] : [Address] -> [5579090894901249]
14:17:58,013 DEBUG SQL:104 - 
    delete 
    from
        Student_secretCodes 
    where
        studentNumber=?
14:17:58,013 DEBUG BaseGeneralDataRegion:59 - Caching[foo.org.hibernate.cache.spi.UpdateTimestampsCache] : [Student_secretCodes] -> [5579090894901250]
14:17:58,014 DEBUG BaseGeneralDataRegion:59 - Caching[foo.org.hibernate.cache.spi.UpdateTimestampsCache] : [Enrolment] -> [5579090894905344]
14:17:58,014 DEBUG BaseGeneralDataRegion:59 - Caching[foo.org.hibernate.cache.spi.UpdateTimestampsCache] : [Address] -> [5579090894905345]
14:17:58,014 DEBUG SQL:104 - 
    delete 
    from
        Student_secretCodes 
    where
        studentNumber=?
14:17:58,014 DEBUG BaseGeneralDataRegion:59 - Caching[foo.org.hibernate.cache.spi.UpdateTimestampsCache] : [Student_secretCodes] -> [5579090894905346]
14:17:58,014 DEBUG BaseGeneralDataRegion:59 - Caching[foo.org.hibernate.cache.spi.UpdateTimestampsCache] : [CourseMeeting] -> [5579090894905347]
14:17:58,014 DEBUG SQL:104 - 
    delete 
    from
        Enrolment 
    where
        studentId=? 
        and courseCode=?
14:17:58,014 DEBUG BaseGeneralDataRegion:59 - Caching[foo.org.hibernate.cache.spi.UpdateTimestampsCache] : [Enrolment] -> [5579090894905348]
14:17:58,014 DEBUG SQL:104 - 
    delete 
    from
        Address 
    where
        id=?
14:17:58,015 DEBUG BaseGeneralDataRegion:59 - Caching[foo.org.hibernate.cache.spi.UpdateTimestampsCache] : [Address] -> [5579090894909440]
14:17:58,035 DEBUG SQL:104 - 
    delete 
    from
        Address 
    where
        id=?
14:17:58,036 DEBUG BaseGeneralDataRegion:59 - Caching[foo.org.hibernate.cache.spi.UpdateTimestampsCache] : [Address] -> [5579090894995456]
14:17:58,036 DEBUG SQL:104 - 
    delete 
    from
        Student 
    where
        studentId=?
14:17:58,036 DEBUG BaseGeneralDataRegion:59 - Caching[foo.org.hibernate.cache.spi.UpdateTimestampsCache] : [Student] -> [5579090894995457]
14:17:58,036 DEBUG SQL:104 - 
    delete 
    from
        Enrolment 
    where
        studentId=? 
        and courseCode=?
14:17:58,036 DEBUG BaseGeneralDataRegion:59 - Caching[foo.org.hibernate.cache.spi.UpdateTimestampsCache] : [Enrolment] -> [5579090894995458]
14:17:58,037 DEBUG SQL:104 - 
    delete 
    from
        Student 
    where
        studentId=?
14:17:58,037 DEBUG BaseGeneralDataRegion:59 - Caching[foo.org.hibernate.cache.spi.UpdateTimestampsCache] : [Student] -> [5579090894999552]
14:17:58,037 DEBUG SQL:104 - 
    delete 
    from
        CourseMeeting 
    where
        courseCode=? 
        and day=? 
        and period=? 
        and location=?
14:17:58,047 DEBUG BaseGeneralDataRegion:59 - Caching[foo.org.hibernate.cache.spi.UpdateTimestampsCache] : [CourseMeeting] -> [5579090895040512]
14:17:58,047 DEBUG SQL:104 - 
    delete 
    from
        CourseMeeting 
    where
        courseCode=? 
        and day=? 
        and period=? 
        and location=?
14:17:58,048 DEBUG BaseGeneralDataRegion:59 - Caching[foo.org.hibernate.cache.spi.UpdateTimestampsCache] : [CourseMeeting] -> [5579090895044608]
14:17:58,048 DEBUG SQL:104 - 
    delete 
    from
        Course 
    where
        courseCode=?
14:17:58,048 DEBUG BaseGeneralDataRegion:59 - Caching[foo.org.hibernate.cache.spi.UpdateTimestampsCache] : [Course] -> [5579090895044609]
14:17:58,048 DEBUG BaseGeneralDataRegion:59 - Caching[foo.org.hibernate.cache.spi.UpdateTimestampsCache] : [Student] -> [5579090649284610]
14:17:58,048 DEBUG BaseGeneralDataRegion:59 - Caching[foo.org.hibernate.cache.spi.UpdateTimestampsCache] : [Course] -> [5579090649284610]
14:17:58,048 DEBUG BaseGeneralDataRegion:59 - Caching[foo.org.hibernate.cache.spi.UpdateTimestampsCache] : [Enrolment] -> [5579090649284610]
14:17:58,048 DEBUG BaseGeneralDataRegion:59 - Caching[foo.org.hibernate.cache.spi.UpdateTimestampsCache] : [Student_secretCodes] -> [5579090649284610]
14:17:58,048 DEBUG BaseGeneralDataRegion:59 - Caching[foo.org.hibernate.cache.spi.UpdateTimestampsCache] : [Address] -> [5579090649284610]
14:17:58,056 DEBUG BaseGeneralDataRegion:59 - Caching[foo.org.hibernate.cache.spi.UpdateTimestampsCache] : [CourseMeeting] -> [5579090649284610]
14:17:58,057  INFO CustomRunner:139 - Test: testOneSelectNewAliasesList
14:17:58,059 DEBUG SQL:104 - 
    select
        coursemeet_.courseCode,
        coursemeet_.day,
        coursemeet_.period,
        coursemeet_.location 
    from
        CourseMeeting coursemeet_ 
    where
        coursemeet_.courseCode=? 
        and coursemeet_.day=? 
        and coursemeet_.period=? 
        and coursemeet_.location=?
14:17:58,059 DEBUG SQL:104 - 
    select
        coursemeet_.courseCode,
        coursemeet_.day,
        coursemeet_.period,
        coursemeet_.location 
    from
        CourseMeeting coursemeet_ 
    where
        coursemeet_.courseCode=? 
        and coursemeet_.day=? 
        and coursemeet_.period=? 
        and coursemeet_.location=?
14:17:58,068 DEBUG SQL:104 - 
    insert 
    into
        Course
        (description, courseCode) 
    values
        (?, ?)
14:17:58,069 DEBUG BaseGeneralDataRegion:59 - Caching[foo.org.hibernate.cache.spi.UpdateTimestampsCache] : [Course] -> [5579090895130624]
14:17:58,069 DEBUG SQL:104 - 
    insert 
    into
        CourseMeeting
        (courseCode, day, period, location) 
    values
        (?, ?, ?, ?)
14:17:58,069 DEBUG BaseGeneralDataRegion:59 - Caching[foo.org.hibernate.cache.spi.UpdateTimestampsCache] : [CourseMeeting] -> [5579090895130625]
14:17:58,069 DEBUG SQL:104 - 
    insert 
    into
        CourseMeeting
        (courseCode, day, period, location) 
    values
        (?, ?, ?, ?)
14:17:58,069 DEBUG BaseGeneralDataRegion:59 - Caching[foo.org.hibernate.cache.spi.UpdateTimestampsCache] : [CourseMeeting] -> [5579090895130626]
14:17:58,069 DEBUG SQL:104 - 
    insert 
    into
        Student
        (name_first, name_middle, name_last, preferredCourseCode, studentId) 
    values
        (?, ?, ?, ?, ?)
14:17:58,078 DEBUG BaseGeneralDataRegion:59 - Caching[foo.org.hibernate.cache.spi.UpdateTimestampsCache] : [Student] -> [5579090895167488]
14:17:58,078 DEBUG SQL:104 - 
    insert 
    into
        Address
        (addressType, street, city, stateProvince, postalCode, country, studentNumber, id) 
    values
        (?, ?, ?, ?, ?, ?, ?, ?)
14:17:58,078 DEBUG BaseGeneralDataRegion:59 - Caching[foo.org.hibernate.cache.spi.UpdateTimestampsCache] : [Address] -> [5579090895167489]
14:17:58,078 DEBUG SQL:104 - 
    insert 
    into
        Address
        (addressType, street, city, stateProvince, postalCode, country, studentNumber, id) 
    values
        (?, ?, ?, ?, ?, ?, ?, ?)
14:17:58,078 DEBUG BaseGeneralDataRegion:59 - Caching[foo.org.hibernate.cache.spi.UpdateTimestampsCache] : [Address] -> [5579090895167490]
14:17:58,078 DEBUG SQL:104 - 
    insert 
    into
        Student
        (name_first, name_middle, name_last, preferredCourseCode, studentId) 
    values
        (?, ?, ?, ?, ?)
14:17:58,079 DEBUG BaseGeneralDataRegion:59 - Caching[foo.org.hibernate.cache.spi.UpdateTimestampsCache] : [Student] -> [5579090895171584]
14:17:58,079 DEBUG SQL:104 - 
    insert 
    into
        Enrolment
        (semester, "year", studentId, courseCode) 
    values
        (?, ?, ?, ?)
14:17:58,087 DEBUG BaseGeneralDataRegion:59 - Caching[foo.org.hibernate.cache.spi.UpdateTimestampsCache] : [Enrolment] -> [5579090895204352]
14:17:58,087 DEBUG SQL:104 - 
    insert 
    into
        Enrolment
        (semester, "year", studentId, courseCode) 
    values
        (?, ?, ?, ?)
14:17:58,088 DEBUG BaseGeneralDataRegion:59 - Caching[foo.org.hibernate.cache.spi.UpdateTimestampsCache] : [Enrolment] -> [5579090895208448]
14:17:58,088 DEBUG BaseGeneralDataRegion:59 - Caching[foo.org.hibernate.cache.spi.UpdateTimestampsCache] : [CourseMeeting] -> [5579090895208449]
14:17:58,088 DEBUG BaseGeneralDataRegion:59 - Caching[foo.org.hibernate.cache.spi.UpdateTimestampsCache] : [Enrolment] -> [5579090895208450]
14:17:58,088 DEBUG SQL:104 - 
    update
        Address 
    set
        studentNumber=?,
        addressType=? 
    where
        id=?
14:17:58,088 DEBUG SQL:104 - 
    update
        Address 
    set
        studentNumber=?,
        addressType=? 
    where
        id=?
14:17:58,097 DEBUG BaseGeneralDataRegion:59 - Caching[foo.org.hibernate.cache.spi.UpdateTimestampsCache] : [Address] -> [5579090895245312]
14:17:58,097 DEBUG SQL:104 - 
    insert 
    into
        Student_secretCodes
        (studentNumber, i, secretCode) 
    values
        (?, ?, ?)
14:17:58,097 DEBUG BaseGeneralDataRegion:59 - Caching[foo.org.hibernate.cache.spi.UpdateTimestampsCache] : [Student_secretCodes] -> [5579090895245313]
14:17:58,097 DEBUG BaseGeneralDataRegion:59 - Caching[foo.org.hibernate.cache.spi.UpdateTimestampsCache] : [Enrolment] -> [5579090895245314]
14:17:58,098 DEBUG BaseGeneralDataRegion:59 - Caching[foo.org.hibernate.cache.spi.UpdateTimestampsCache] : [Address] -> [5579090895249408]
14:17:58,098 DEBUG SQL:104 - 
    insert 
    into
        Student_secretCodes
        (studentNumber, i, secretCode) 
    values
        (?, ?, ?)
14:17:58,098 DEBUG SQL:104 - 
    insert 
    into
        Student_secretCodes
        (studentNumber, i, secretCode) 
    values
        (?, ?, ?)
14:17:58,098 DEBUG BaseGeneralDataRegion:59 - Caching[foo.org.hibernate.cache.spi.UpdateTimestampsCache] : [Student_secretCodes] -> [5579090895249409]
14:17:58,098 DEBUG BaseGeneralDataRegion:59 - Caching[foo.org.hibernate.cache.spi.UpdateTimestampsCache] : [Student] -> [5579090649489410]
14:17:58,098 DEBUG BaseGeneralDataRegion:59 - Caching[foo.org.hibernate.cache.spi.UpdateTimestampsCache] : [Course] -> [5579090649489410]
14:17:58,098 DEBUG BaseGeneralDataRegion:59 - Caching[foo.org.hibernate.cache.spi.UpdateTimestampsCache] : [Enrolment] -> [5579090649489410]
14:17:58,098 DEBUG BaseGeneralDataRegion:59 - Caching[foo.org.hibernate.cache.spi.UpdateTimestampsCache] : [Student_secretCodes] -> [5579090649489410]
14:17:58,107 DEBUG BaseGeneralDataRegion:59 - Caching[foo.org.hibernate.cache.spi.UpdateTimestampsCache] : [Address] -> [5579090649489410]
14:17:58,107 DEBUG BaseGeneralDataRegion:59 - Caching[foo.org.hibernate.cache.spi.UpdateTimestampsCache] : [CourseMeeting] -> [5579090649489410]
14:17:58,108 DEBUG SQL:104 - 
    select
        this_.name_first as y0_,
        this_.name_middle as y1_,
        this_.name_last as y2_ 
    from
        Student this_ 
    order by
        this_.studentId asc
14:17:58,109 DEBUG SQL:104 - 
    select
        this_.name_first as y0_,
        this_.name_middle as y1_,
        this_.name_last as y2_ 
    from
        Student this_ 
    order by
        this_.studentId asc
14:17:58,109 DEBUG SQL:104 - 
    select
        student_.studentId,
        student_.name_first as name2_4_,
        student_.name_middle as name3_4_,
        student_.name_last as name4_4_,
        student_.preferredCourseCode as preferre5_4_ 
    from
        Student student_ 
    where
        student_.studentId=?
14:17:58,117 DEBUG SQL:104 - 
    select
        enrolment_.studentId,
        enrolment_.courseCode,
        enrolment_.semester as semester3_,
        enrolment_."year" as year4_3_ 
    from
        Enrolment enrolment_ 
    where
        enrolment_.studentId=? 
        and enrolment_.courseCode=?
14:17:58,118 DEBUG SQL:104 - 
    select
        course_.courseCode,
        course_.description as descript2_1_ 
    from
        Course course_ 
    where
        course_.courseCode=?
14:17:58,118 DEBUG SQL:104 - 
    select
        student_.studentId,
        student_.name_first as name2_4_,
        student_.name_middle as name3_4_,
        student_.name_last as name4_4_,
        student_.preferredCourseCode as preferre5_4_ 
    from
        Student student_ 
    where
        student_.studentId=?
14:17:58,119 DEBUG SQL:104 - 
    select
        enrolment_.studentId,
        enrolment_.courseCode,
        enrolment_.semester as semester3_,
        enrolment_."year" as year4_3_ 
    from
        Enrolment enrolment_ 
    where
        enrolment_.studentId=? 
        and enrolment_.courseCode=?
14:17:58,119 DEBUG SQL:104 - 
    select
        coursemeet_.courseCode,
        coursemeet_.day,
        coursemeet_.period,
        coursemeet_.location 
    from
        CourseMeeting coursemeet_ 
    where
        coursemeet_.courseCode=? 
        and coursemeet_.day=? 
        and coursemeet_.period=? 
        and coursemeet_.location=?
14:17:58,119 DEBUG SQL:104 - 
    select
        coursemeet_.courseCode,
        coursemeet_.day,
        coursemeet_.period,
        coursemeet_.location 
    from
        CourseMeeting coursemeet_ 
    where
        coursemeet_.courseCode=? 
        and coursemeet_.day=? 
        and coursemeet_.period=? 
        and coursemeet_.location=?
14:17:58,131 DEBUG BaseGeneralDataRegion:59 - Caching[foo.org.hibernate.cache.spi.UpdateTimestampsCache] : [Enrolment] -> [5579090895384576]
14:17:58,131 DEBUG SQL:104 - 
    update
        Address 
    set
        studentNumber=null,
        addressType=null 
    where
        studentNumber=?
14:17:58,132 DEBUG BaseGeneralDataRegion:59 - Caching[foo.org.hibernate.cache.spi.UpdateTimestampsCache] : [Address] -> [5579090895388672]
14:17:58,132 DEBUG SQL:104 - 
    delete 
    from
        Student_secretCodes 
    where
        studentNumber=?
14:17:58,132 DEBUG BaseGeneralDataRegion:59 - Caching[foo.org.hibernate.cache.spi.UpdateTimestampsCache] : [Student_secretCodes] -> [5579090895388673]
14:17:58,132 DEBUG BaseGeneralDataRegion:59 - Caching[foo.org.hibernate.cache.spi.UpdateTimestampsCache] : [Enrolment] -> [5579090895388674]
14:17:58,132 DEBUG BaseGeneralDataRegion:59 - Caching[foo.org.hibernate.cache.spi.UpdateTimestampsCache] : [Address] -> [5579090895388675]
14:17:58,132 DEBUG SQL:104 - 
    delete 
    from
        Student_secretCodes 
    where
        studentNumber=?
14:17:58,142 DEBUG BaseGeneralDataRegion:59 - Caching[foo.org.hibernate.cache.spi.UpdateTimestampsCache] : [Student_secretCodes] -> [5579090895429632]
14:17:58,142 DEBUG BaseGeneralDataRegion:59 - Caching[foo.org.hibernate.cache.spi.UpdateTimestampsCache] : [CourseMeeting] -> [5579090895429633]
14:17:58,142 DEBUG SQL:104 - 
    delete 
    from
        Enrolment 
    where
        studentId=? 
        and courseCode=?
14:17:58,142 DEBUG BaseGeneralDataRegion:59 - Caching[foo.org.hibernate.cache.spi.UpdateTimestampsCache] : [Enrolment] -> [5579090895429634]
14:17:58,142 DEBUG SQL:104 - 
    delete 
    from
        Address 
    where
        id=?
14:17:58,143 DEBUG BaseGeneralDataRegion:59 - Caching[foo.org.hibernate.cache.spi.UpdateTimestampsCache] : [Address] -> [5579090895433728]
14:17:58,143 DEBUG SQL:104 - 
    delete 
    from
        Address 
    where
        id=?
14:17:58,143 DEBUG BaseGeneralDataRegion:59 - Caching[foo.org.hibernate.cache.spi.UpdateTimestampsCache] : [Address] -> [5579090895433729]
14:17:58,143 DEBUG SQL:104 - 
    delete 
    from
        Student 
    where
        studentId=?
14:17:58,143 DEBUG BaseGeneralDataRegion:59 - Caching[foo.org.hibernate.cache.spi.UpdateTimestampsCache] : [Student] -> [5579090895433730]
14:17:58,143 DEBUG SQL:104 - 
    delete 
    from
        Enrolment 
    where
        studentId=? 
        and courseCode=?
14:17:58,143 DEBUG BaseGeneralDataRegion:59 - Caching[foo.org.hibernate.cache.spi.UpdateTimestampsCache] : [Enrolment] -> [5579090895433731]
14:17:58,144 DEBUG SQL:104 - 
    delete 
    from
        Student 
    where
        studentId=?
14:17:58,166 DEBUG BaseGeneralDataRegion:59 - Caching[foo.org.hibernate.cache.spi.UpdateTimestampsCache] : [Student] -> [5579090895527936]
14:17:58,166 DEBUG SQL:104 - 
    delete 
    from
        CourseMeeting 
    where
        courseCode=? 
        and day=? 
        and period=? 
        and location=?
14:17:58,166 DEBUG BaseGeneralDataRegion:59 - Caching[foo.org.hibernate.cache.spi.UpdateTimestampsCache] : [CourseMeeting] -> [5579090895527937]
14:17:58,166 DEBUG SQL:104 - 
    delete 
    from
        CourseMeeting 
    where
        courseCode=? 
        and day=? 
        and period=? 
        and location=?
14:17:58,167 DEBUG BaseGeneralDataRegion:59 - Caching[foo.org.hibernate.cache.spi.UpdateTimestampsCache] : [CourseMeeting] -> [5579090895532032]
14:17:58,167 DEBUG SQL:104 - 
    delete 
    from
        Course 
    where
        courseCode=?
14:17:58,174 DEBUG BaseGeneralDataRegion:59 - Caching[foo.org.hibernate.cache.spi.UpdateTimestampsCache] : [Course] -> [5579090895560704]
14:17:58,174 DEBUG BaseGeneralDataRegion:59 - Caching[foo.org.hibernate.cache.spi.UpdateTimestampsCache] : [Student] -> [5579090649800705]
14:17:58,175 DEBUG BaseGeneralDataRegion:59 - Caching[foo.org.hibernate.cache.spi.UpdateTimestampsCache] : [Course] -> [5579090649800705]
14:17:58,175 DEBUG BaseGeneralDataRegion:59 - Caching[foo.org.hibernate.cache.spi.UpdateTimestampsCache] : [Enrolment] -> [5579090649800705]
14:17:58,175 DEBUG BaseGeneralDataRegion:59 - Caching[foo.org.hibernate.cache.spi.UpdateTimestampsCache] : [Student_secretCodes] -> [5579090649800705]
14:17:58,175 DEBUG BaseGeneralDataRegion:59 - Caching[foo.org.hibernate.cache.spi.UpdateTimestampsCache] : [Address] -> [5579090649800705]
14:17:58,175 DEBUG BaseGeneralDataRegion:59 - Caching[foo.org.hibernate.cache.spi.UpdateTimestampsCache] : [CourseMeeting] -> [5579090649800705]
14:17:58,175  INFO CustomRunner:139 - Test: testOneSelectNewNoAliasesList
14:17:58,177 DEBUG SQL:104 - 
    select
        coursemeet_.courseCode,
        coursemeet_.day,
        coursemeet_.period,
        coursemeet_.location 
    from
        CourseMeeting coursemeet_ 
    where
        coursemeet_.courseCode=? 
        and coursemeet_.day=? 
        and coursemeet_.period=? 
        and coursemeet_.location=?
14:17:58,178 DEBUG SQL:104 - 
    select
        coursemeet_.courseCode,
        coursemeet_.day,
        coursemeet_.period,
        coursemeet_.location 
    from
        CourseMeeting coursemeet_ 
    where
        coursemeet_.courseCode=? 
        and coursemeet_.day=? 
        and coursemeet_.period=? 
        and coursemeet_.location=?
14:17:58,186 DEBUG SQL:104 - 
    insert 
    into
        Course
        (description, courseCode) 
    values
        (?, ?)
14:17:58,186 DEBUG BaseGeneralDataRegion:59 - Caching[foo.org.hibernate.cache.spi.UpdateTimestampsCache] : [Course] -> [5579090895609856]
14:17:58,187 DEBUG SQL:104 - 
    insert 
    into
        CourseMeeting
        (courseCode, day, period, location) 
    values
        (?, ?, ?, ?)
14:17:58,187 DEBUG BaseGeneralDataRegion:59 - Caching[foo.org.hibernate.cache.spi.UpdateTimestampsCache] : [CourseMeeting] -> [5579090895613952]
14:17:58,187 DEBUG SQL:104 - 
    insert 
    into
        CourseMeeting
        (courseCode, day, period, location) 
    values
        (?, ?, ?, ?)
14:17:58,187 DEBUG BaseGeneralDataRegion:59 - Caching[foo.org.hibernate.cache.spi.UpdateTimestampsCache] : [CourseMeeting] -> [5579090895613953]
14:17:58,196 DEBUG SQL:104 - 
    insert 
    into
        Student
        (name_first, name_middle, name_last, preferredCourseCode, studentId) 
    values
        (?, ?, ?, ?, ?)
14:17:58,197 DEBUG BaseGeneralDataRegion:59 - Caching[foo.org.hibernate.cache.spi.UpdateTimestampsCache] : [Student] -> [5579090895654912]
14:17:58,197 DEBUG SQL:104 - 
    insert 
    into
        Address
        (addressType, street, city, stateProvince, postalCode, country, studentNumber, id) 
    values
        (?, ?, ?, ?, ?, ?, ?, ?)
14:17:58,197 DEBUG BaseGeneralDataRegion:59 - Caching[foo.org.hibernate.cache.spi.UpdateTimestampsCache] : [Address] -> [5579090895654913]
14:17:58,198 DEBUG SQL:104 - 
    insert 
    into
        Address
        (addressType, street, city, stateProvince, postalCode, country, studentNumber, id) 
    values
        (?, ?, ?, ?, ?, ?, ?, ?)
14:17:58,198 DEBUG BaseGeneralDataRegion:59 - Caching[foo.org.hibernate.cache.spi.UpdateTimestampsCache] : [Address] -> [5579090895659008]
14:17:58,198 DEBUG SQL:104 - 
    insert 
    into
        Student
        (name_first, name_middle, name_last, preferredCourseCode, studentId) 
    values
        (?, ?, ?, ?, ?)
14:17:58,208 DEBUG BaseGeneralDataRegion:59 - Caching[foo.org.hibernate.cache.spi.UpdateTimestampsCache] : [Student] -> [5579090895699968]
14:17:58,209 DEBUG SQL:104 - 
    insert 
    into
        Enrolment
        (semester, "year", studentId, courseCode) 
    values
        (?, ?, ?, ?)
14:17:58,209 DEBUG BaseGeneralDataRegion:59 - Caching[foo.org.hibernate.cache.spi.UpdateTimestampsCache] : [Enrolment] -> [5579090895704064]
14:17:58,209 DEBUG SQL:104 - 
    insert 
    into
        Enrolment
        (semester, "year", studentId, courseCode) 
    values
        (?, ?, ?, ?)
14:17:58,210 DEBUG BaseGeneralDataRegion:59 - Caching[foo.org.hibernate.cache.spi.UpdateTimestampsCache] : [Enrolment] -> [5579090895708160]
14:17:58,210 DEBUG BaseGeneralDataRegion:59 - Caching[foo.org.hibernate.cache.spi.UpdateTimestampsCache] : [CourseMeeting] -> [5579090895708161]
14:17:58,210 DEBUG BaseGeneralDataRegion:59 - Caching[foo.org.hibernate.cache.spi.UpdateTimestampsCache] : [Enrolment] -> [5579090895708162]
14:17:58,210 DEBUG SQL:104 - 
    update
        Address 
    set
        studentNumber=?,
        addressType=? 
    where
        id=?
14:17:58,210 DEBUG SQL:104 - 
    update
        Address 
    set
        studentNumber=?,
        addressType=? 
    where
        id=?
14:17:58,219 DEBUG BaseGeneralDataRegion:59 - Caching[foo.org.hibernate.cache.spi.UpdateTimestampsCache] : [Address] -> [5579090895745024]
14:17:58,219 DEBUG SQL:104 - 
    insert 
    into
        Student_secretCodes
        (studentNumber, i, secretCode) 
    values
        (?, ?, ?)
14:17:58,219 DEBUG BaseGeneralDataRegion:59 - Caching[foo.org.hibernate.cache.spi.UpdateTimestampsCache] : [Student_secretCodes] -> [5579090895745025]
14:17:58,219 DEBUG BaseGeneralDataRegion:59 - Caching[foo.org.hibernate.cache.spi.UpdateTimestampsCache] : [Enrolment] -> [5579090895745026]
14:17:58,219 DEBUG BaseGeneralDataRegion:59 - Caching[foo.org.hibernate.cache.spi.UpdateTimestampsCache] : [Address] -> [5579090895745027]
14:17:58,220 DEBUG SQL:104 - 
    insert 
    into
        Student_secretCodes
        (studentNumber, i, secretCode) 
    values
        (?, ?, ?)
14:17:58,220 DEBUG SQL:104 - 
    insert 
    into
        Student_secretCodes
        (studentNumber, i, secretCode) 
    values
        (?, ?, ?)
14:17:58,230 DEBUG BaseGeneralDataRegion:59 - Caching[foo.org.hibernate.cache.spi.UpdateTimestampsCache] : [Student_secretCodes] -> [5579090895790080]
14:17:58,230 DEBUG BaseGeneralDataRegion:59 - Caching[foo.org.hibernate.cache.spi.UpdateTimestampsCache] : [Student] -> [5579090650030081]
14:17:58,230 DEBUG BaseGeneralDataRegion:59 - Caching[foo.org.hibernate.cache.spi.UpdateTimestampsCache] : [Course] -> [5579090650030081]
14:17:58,230 DEBUG BaseGeneralDataRegion:59 - Caching[foo.org.hibernate.cache.spi.UpdateTimestampsCache] : [Enrolment] -> [5579090650030081]
14:17:58,231 DEBUG BaseGeneralDataRegion:59 - Caching[foo.org.hibernate.cache.spi.UpdateTimestampsCache] : [Student_secretCodes] -> [5579090650030081]
14:17:58,231 DEBUG BaseGeneralDataRegion:59 - Caching[foo.org.hibernate.cache.spi.UpdateTimestampsCache] : [Address] -> [5579090650030081]
14:17:58,231 DEBUG BaseGeneralDataRegion:59 - Caching[foo.org.hibernate.cache.spi.UpdateTimestampsCache] : [CourseMeeting] -> [5579090650030081]
14:17:58,231 DEBUG SQL:104 - 
    select
        this_.name_first as y0_,
        this_.name_middle as y1_,
        this_.name_last as y2_ 
    from
        Student this_ 
    order by
        this_.studentId asc
14:17:58,232 DEBUG SQL:104 - 
    select
        this_.name_first as y0_,
        this_.name_middle as y1_,
        this_.name_last as y2_ 
    from
        Student this_ 
    order by
        this_.studentId asc
14:17:58,233 DEBUG SQL:104 - 
    select
        student_.studentId,
        student_.name_first as name2_4_,
        student_.name_middle as name3_4_,
        student_.name_last as name4_4_,
        student_.preferredCourseCode as preferre5_4_ 
    from
        Student student_ 
    where
        student_.studentId=?
14:17:58,242 DEBUG SQL:104 - 
    select
        enrolment_.studentId,
        enrolment_.courseCode,
        enrolment_.semester as semester3_,
        enrolment_."year" as year4_3_ 
    from
        Enrolment enrolment_ 
    where
        enrolment_.studentId=? 
        and enrolment_.courseCode=?
14:17:58,243 DEBUG SQL:104 - 
    select
        course_.courseCode,
        course_.description as descript2_1_ 
    from
        Course course_ 
    where
        course_.courseCode=?
14:17:58,243 DEBUG SQL:104 - 
    select
        student_.studentId,
        student_.name_first as name2_4_,
        student_.name_middle as name3_4_,
        student_.name_last as name4_4_,
        student_.preferredCourseCode as preferre5_4_ 
    from
        Student student_ 
    where
        student_.studentId=?
14:17:58,243 DEBUG SQL:104 - 
    select
        enrolment_.studentId,
        enrolment_.courseCode,
        enrolment_.semester as semester3_,
        enrolment_."year" as year4_3_ 
    from
        Enrolment enrolment_ 
    where
        enrolment_.studentId=? 
        and enrolment_.courseCode=?
14:17:58,244 DEBUG SQL:104 - 
    select
        coursemeet_.courseCode,
        coursemeet_.day,
        coursemeet_.period,
        coursemeet_.location 
    from
        CourseMeeting coursemeet_ 
    where
        coursemeet_.courseCode=? 
        and coursemeet_.day=? 
        and coursemeet_.period=? 
        and coursemeet_.location=?
14:17:58,256 DEBUG SQL:104 - 
    select
        coursemeet_.courseCode,
        coursemeet_.day,
        coursemeet_.period,
        coursemeet_.location 
    from
        CourseMeeting coursemeet_ 
    where
        coursemeet_.courseCode=? 
        and coursemeet_.day=? 
        and coursemeet_.period=? 
        and coursemeet_.location=?
14:17:58,257 DEBUG BaseGeneralDataRegion:59 - Caching[foo.org.hibernate.cache.spi.UpdateTimestampsCache] : [Enrolment] -> [5579090895900672]
14:17:58,257 DEBUG SQL:104 - 
    update
        Address 
    set
        studentNumber=null,
        addressType=null 
    where
        studentNumber=?
14:17:58,258 DEBUG BaseGeneralDataRegion:59 - Caching[foo.org.hibernate.cache.spi.UpdateTimestampsCache] : [Address] -> [5579090895904768]
14:17:58,258 DEBUG SQL:104 - 
    delete 
    from
        Student_secretCodes 
    where
        studentNumber=?
14:17:58,267 DEBUG BaseGeneralDataRegion:59 - Caching[foo.org.hibernate.cache.spi.UpdateTimestampsCache] : [Student_secretCodes] -> [5579090895941632]
14:17:58,267 DEBUG BaseGeneralDataRegion:59 - Caching[foo.org.hibernate.cache.spi.UpdateTimestampsCache] : [Enrolment] -> [5579090895941633]
14:17:58,268 DEBUG BaseGeneralDataRegion:59 - Caching[foo.org.hibernate.cache.spi.UpdateTimestampsCache] : [Address] -> [5579090895945728]
14:17:58,268 DEBUG SQL:104 - 
    delete 
    from
        Student_secretCodes 
    where
        studentNumber=?
14:17:58,268 DEBUG BaseGeneralDataRegion:59 - Caching[foo.org.hibernate.cache.spi.UpdateTimestampsCache] : [Student_secretCodes] -> [5579090895945729]
14:17:58,268 DEBUG BaseGeneralDataRegion:59 - Caching[foo.org.hibernate.cache.spi.UpdateTimestampsCache] : [CourseMeeting] -> [5579090895945730]
14:17:58,268 DEBUG SQL:104 - 
    delete 
    from
        Enrolment 
    where
        studentId=? 
        and courseCode=?
14:17:58,269 DEBUG BaseGeneralDataRegion:59 - Caching[foo.org.hibernate.cache.spi.UpdateTimestampsCache] : [Enrolment] -> [5579090895949824]
14:17:58,269 DEBUG SQL:104 - 
    delete 
    from
        Address 
    where
        id=?
14:17:58,269 DEBUG BaseGeneralDataRegion:59 - Caching[foo.org.hibernate.cache.spi.UpdateTimestampsCache] : [Address] -> [5579090895949825]
14:17:58,269 DEBUG SQL:104 - 
    delete 
    from
        Address 
    where
        id=?
14:17:58,269 DEBUG BaseGeneralDataRegion:59 - Caching[foo.org.hibernate.cache.spi.UpdateTimestampsCache] : [Address] -> [5579090895949826]
14:17:58,269 DEBUG SQL:104 - 
    delete 
    from
        Student 
    where
        studentId=?
14:17:58,269 DEBUG BaseGeneralDataRegion:59 - Caching[foo.org.hibernate.cache.spi.UpdateTimestampsCache] : [Student] -> [5579090895949827]
14:17:58,270 DEBUG SQL:104 - 
    delete 
    from
        Enrolment 
    where
        studentId=? 
        and courseCode=?
14:17:58,292 DEBUG BaseGeneralDataRegion:59 - Caching[foo.org.hibernate.cache.spi.UpdateTimestampsCache] : [Enrolment] -> [5579090896044032]
14:17:58,293 DEBUG SQL:104 - 
    delete 
    from
        Student 
    where
        studentId=?
14:17:58,293 DEBUG BaseGeneralDataRegion:59 - Caching[foo.org.hibernate.cache.spi.UpdateTimestampsCache] : [Student] -> [5579090896048128]
14:17:58,293 DEBUG SQL:104 - 
    delete 
    from
        CourseMeeting 
    where
        courseCode=? 
        and day=? 
        and period=? 
        and location=?
14:17:58,293 DEBUG BaseGeneralDataRegion:59 - Caching[foo.org.hibernate.cache.spi.UpdateTimestampsCache] : [CourseMeeting] -> [5579090896048129]
14:17:58,293 DEBUG SQL:104 - 
    delete 
    from
        CourseMeeting 
    where
        courseCode=? 
        and day=? 
        and period=? 
        and location=?
14:17:58,294 DEBUG BaseGeneralDataRegion:59 - Caching[foo.org.hibernate.cache.spi.UpdateTimestampsCache] : [CourseMeeting] -> [5579090896052224]
14:17:58,294 DEBUG SQL:104 - 
    delete 
    from
        Course 
    where
        courseCode=?
14:17:58,303 DEBUG BaseGeneralDataRegion:59 - Caching[foo.org.hibernate.cache.spi.UpdateTimestampsCache] : [Course] -> [5579090896089088]
14:17:58,303 DEBUG BaseGeneralDataRegion:59 - Caching[foo.org.hibernate.cache.spi.UpdateTimestampsCache] : [Student] -> [5579090650329089]
14:17:58,304 DEBUG BaseGeneralDataRegion:59 - Caching[foo.org.hibernate.cache.spi.UpdateTimestampsCache] : [Course] -> [5579090650329089]
14:17:58,304 DEBUG BaseGeneralDataRegion:59 - Caching[foo.org.hibernate.cache.spi.UpdateTimestampsCache] : [Enrolment] -> [5579090650329089]
14:17:58,304 DEBUG BaseGeneralDataRegion:59 - Caching[foo.org.hibernate.cache.spi.UpdateTimestampsCache] : [Student_secretCodes] -> [5579090650329089]
14:17:58,304 DEBUG BaseGeneralDataRegion:59 - Caching[foo.org.hibernate.cache.spi.UpdateTimestampsCache] : [Address] -> [5579090650329089]
14:17:58,304 DEBUG BaseGeneralDataRegion:59 - Caching[foo.org.hibernate.cache.spi.UpdateTimestampsCache] : [CourseMeeting] -> [5579090650329089]
14:17:58,304  INFO CustomRunner:139 - Test: testSelectNewEntityConstructorList
14:17:58,306 DEBUG SQL:104 - 
    select
        coursemeet_.courseCode,
        coursemeet_.day,
        coursemeet_.period,
        coursemeet_.location 
    from
        CourseMeeting coursemeet_ 
    where
        coursemeet_.courseCode=? 
        and coursemeet_.day=? 
        and coursemeet_.period=? 
        and coursemeet_.location=?
14:17:58,307 DEBUG SQL:104 - 
    select
        coursemeet_.courseCode,
        coursemeet_.day,
        coursemeet_.period,
        coursemeet_.location 
    from
        CourseMeeting coursemeet_ 
    where
        coursemeet_.courseCode=? 
        and coursemeet_.day=? 
        and coursemeet_.period=? 
        and coursemeet_.location=?
14:17:58,316 DEBUG SQL:104 - 
    insert 
    into
        Course
        (description, courseCode) 
    values
        (?, ?)
14:17:58,316 DEBUG BaseGeneralDataRegion:59 - Caching[foo.org.hibernate.cache.spi.UpdateTimestampsCache] : [Course] -> [5579090896142336]
14:17:58,316 DEBUG SQL:104 - 
    insert 
    into
        CourseMeeting
        (courseCode, day, period, location) 
    values
        (?, ?, ?, ?)
14:17:58,316 DEBUG BaseGeneralDataRegion:59 - Caching[foo.org.hibernate.cache.spi.UpdateTimestampsCache] : [CourseMeeting] -> [5579090896142337]
14:17:58,316 DEBUG SQL:104 - 
    insert 
    into
        CourseMeeting
        (courseCode, day, period, location) 
    values
        (?, ?, ?, ?)
14:17:58,325 DEBUG BaseGeneralDataRegion:59 - Caching[foo.org.hibernate.cache.spi.UpdateTimestampsCache] : [CourseMeeting] -> [5579090896179200]
14:17:58,326 DEBUG SQL:104 - 
    insert 
    into
        Student
        (name_first, name_middle, name_last, preferredCourseCode, studentId) 
    values
        (?, ?, ?, ?, ?)
14:17:58,326 DEBUG BaseGeneralDataRegion:59 - Caching[foo.org.hibernate.cache.spi.UpdateTimestampsCache] : [Student] -> [5579090896183296]
14:17:58,326 DEBUG SQL:104 - 
    insert 
    into
        Address
        (addressType, street, city, stateProvince, postalCode, country, studentNumber, id) 
    values
        (?, ?, ?, ?, ?, ?, ?, ?)
14:17:58,326 DEBUG BaseGeneralDataRegion:59 - Caching[foo.org.hibernate.cache.spi.UpdateTimestampsCache] : [Address] -> [5579090896183297]
14:17:58,326 DEBUG SQL:104 - 
    insert 
    into
        Address
        (addressType, street, city, stateProvince, postalCode, country, studentNumber, id) 
    values
        (?, ?, ?, ?, ?, ?, ?, ?)
14:17:58,326 DEBUG BaseGeneralDataRegion:59 - Caching[foo.org.hibernate.cache.spi.UpdateTimestampsCache] : [Address] -> [5579090896183298]
14:17:58,326 DEBUG SQL:104 - 
    insert 
    into
        Student
        (name_first, name_middle, name_last, preferredCourseCode, studentId) 
    values
        (?, ?, ?, ?, ?)
14:17:58,337 DEBUG BaseGeneralDataRegion:59 - Caching[foo.org.hibernate.cache.spi.UpdateTimestampsCache] : [Student] -> [5579090896228352]
14:17:58,337 DEBUG SQL:104 - 
    insert 
    into
        Enrolment
        (semester, "year", studentId, courseCode) 
    values
        (?, ?, ?, ?)
14:17:58,337 DEBUG BaseGeneralDataRegion:59 - Caching[foo.org.hibernate.cache.spi.UpdateTimestampsCache] : [Enrolment] -> [5579090896228353]
14:17:58,338 DEBUG SQL:104 - 
    insert 
    into
        Enrolment
        (semester, "year", studentId, courseCode) 
    values
        (?, ?, ?, ?)
14:17:58,338 DEBUG BaseGeneralDataRegion:59 - Caching[foo.org.hibernate.cache.spi.UpdateTimestampsCache] : [Enrolment] -> [5579090896232448]
14:17:58,338 DEBUG BaseGeneralDataRegion:59 - Caching[foo.org.hibernate.cache.spi.UpdateTimestampsCache] : [CourseMeeting] -> [5579090896232449]
14:17:58,338 DEBUG BaseGeneralDataRegion:59 - Caching[foo.org.hibernate.cache.spi.UpdateTimestampsCache] : [Enrolment] -> [5579090896232450]
14:17:58,339 DEBUG SQL:104 - 
    update
        Address 
    set
        studentNumber=?,
        addressType=? 
    where
        id=?
14:17:58,347 DEBUG SQL:104 - 
    update
        Address 
    set
        studentNumber=?,
        addressType=? 
    where
        id=?
14:17:58,347 DEBUG BaseGeneralDataRegion:59 - Caching[foo.org.hibernate.cache.spi.UpdateTimestampsCache] : [Address] -> [5579090896269312]
14:17:58,347 DEBUG SQL:104 - 
    insert 
    into
        Student_secretCodes
        (studentNumber, i, secretCode) 
    values
        (?, ?, ?)
14:17:58,347 DEBUG BaseGeneralDataRegion:59 - Caching[foo.org.hibernate.cache.spi.UpdateTimestampsCache] : [Student_secretCodes] -> [5579090896269313]
14:17:58,347 DEBUG BaseGeneralDataRegion:59 - Caching[foo.org.hibernate.cache.spi.UpdateTimestampsCache] : [Enrolment] -> [5579090896269314]
14:17:58,348 DEBUG BaseGeneralDataRegion:59 - Caching[foo.org.hibernate.cache.spi.UpdateTimestampsCache] : [Address] -> [5579090896273408]
14:17:58,348 DEBUG SQL:104 - 
    insert 
    into
        Student_secretCodes
        (studentNumber, i, secretCode) 
    values
        (?, ?, ?)
14:17:58,348 DEBUG SQL:104 - 
    insert 
    into
        Student_secretCodes
        (studentNumber, i, secretCode) 
    values
        (?, ?, ?)
14:17:58,348 DEBUG BaseGeneralDataRegion:59 - Caching[foo.org.hibernate.cache.spi.UpdateTimestampsCache] : [Student_secretCodes] -> [5579090896273409]
14:17:58,348 DEBUG BaseGeneralDataRegion:59 - Caching[foo.org.hibernate.cache.spi.UpdateTimestampsCache] : [Student] -> [5579090650513410]
14:17:58,348 DEBUG BaseGeneralDataRegion:59 - Caching[foo.org.hibernate.cache.spi.UpdateTimestampsCache] : [Course] -> [5579090650513410]
14:17:58,348 DEBUG BaseGeneralDataRegion:59 - Caching[foo.org.hibernate.cache.spi.UpdateTimestampsCache] : [Enrolment] -> [5579090650513410]
14:17:58,348 DEBUG BaseGeneralDataRegion:59 - Caching[foo.org.hibernate.cache.spi.UpdateTimestampsCache] : [Student_secretCodes] -> [5579090650513410]
14:17:58,349 DEBUG BaseGeneralDataRegion:59 - Caching[foo.org.hibernate.cache.spi.UpdateTimestampsCache] : [Address] -> [5579090650513410]
14:17:58,349 DEBUG BaseGeneralDataRegion:59 - Caching[foo.org.hibernate.cache.spi.UpdateTimestampsCache] : [CourseMeeting] -> [5579090650513410]
14:17:58,349 DEBUG SQL:104 - 
    select
        this_.studentId as y0_,
        this_.name_first as y1_,
        this_.name_middle as y2_,
        this_.name_last as y3_ 
    from
        Student this_ 
    order by
        this_.studentId asc
14:17:58,350 DEBUG SQL:104 - 
    select
        this_.studentId as y0_,
        this_.name_first as y1_,
        this_.name_middle as y2_,
        this_.name_last as y3_ 
    from
        Student this_ 
    order by
        this_.studentId asc
14:17:58,351 DEBUG SQL:104 - 
    select
        student_.studentId,
        student_.name_first as name2_4_,
        student_.name_middle as name3_4_,
        student_.name_last as name4_4_,
        student_.preferredCourseCode as preferre5_4_ 
    from
        Student student_ 
    where
        student_.studentId=?
14:17:58,372 DEBUG SQL:104 - 
    select
        enrolment_.studentId,
        enrolment_.courseCode,
        enrolment_.semester as semester3_,
        enrolment_."year" as year4_3_ 
    from
        Enrolment enrolment_ 
    where
        enrolment_.studentId=? 
        and enrolment_.courseCode=?
14:17:58,373 DEBUG SQL:104 - 
    select
        course_.courseCode,
        course_.description as descript2_1_ 
    from
        Course course_ 
    where
        course_.courseCode=?
14:17:58,373 DEBUG SQL:104 - 
    select
        student_.studentId,
        student_.name_first as name2_4_,
        student_.name_middle as name3_4_,
        student_.name_last as name4_4_,
        student_.preferredCourseCode as preferre5_4_ 
    from
        Student student_ 
    where
        student_.studentId=?
14:17:58,373 DEBUG SQL:104 - 
    select
        enrolment_.studentId,
        enrolment_.courseCode,
        enrolment_.semester as semester3_,
        enrolment_."year" as year4_3_ 
    from
        Enrolment enrolment_ 
    where
        enrolment_.studentId=? 
        and enrolment_.courseCode=?
14:17:58,374 DEBUG SQL:104 - 
    select
        coursemeet_.courseCode,
        coursemeet_.day,
        coursemeet_.period,
        coursemeet_.location 
    from
        CourseMeeting coursemeet_ 
    where
        coursemeet_.courseCode=? 
        and coursemeet_.day=? 
        and coursemeet_.period=? 
        and coursemeet_.location=?
14:17:58,374 DEBUG SQL:104 - 
    select
        coursemeet_.courseCode,
        coursemeet_.day,
        coursemeet_.period,
        coursemeet_.location 
    from
        CourseMeeting coursemeet_ 
    where
        coursemeet_.courseCode=? 
        and coursemeet_.day=? 
        and coursemeet_.period=? 
        and coursemeet_.location=?
14:17:58,386 DEBUG BaseGeneralDataRegion:59 - Caching[foo.org.hibernate.cache.spi.UpdateTimestampsCache] : [Enrolment] -> [5579090896429056]
14:17:58,386 DEBUG SQL:104 - 
    update
        Address 
    set
        studentNumber=null,
        addressType=null 
    where
        studentNumber=?
14:17:58,386 DEBUG BaseGeneralDataRegion:59 - Caching[foo.org.hibernate.cache.spi.UpdateTimestampsCache] : [Address] -> [5579090896429057]
14:17:58,387 DEBUG SQL:104 - 
    delete 
    from
        Student_secretCodes 
    where
        studentNumber=?
14:17:58,387 DEBUG BaseGeneralDataRegion:59 - Caching[foo.org.hibernate.cache.spi.UpdateTimestampsCache] : [Student_secretCodes] -> [5579090896433152]
14:17:58,387 DEBUG BaseGeneralDataRegion:59 - Caching[foo.org.hibernate.cache.spi.UpdateTimestampsCache] : [Enrolment] -> [5579090896433153]
14:17:58,387 DEBUG BaseGeneralDataRegion:59 - Caching[foo.org.hibernate.cache.spi.UpdateTimestampsCache] : [Address] -> [5579090896433154]
14:17:58,387 DEBUG SQL:104 - 
    delete 
    from
        Student_secretCodes 
    where
        studentNumber=?
14:17:58,395 DEBUG BaseGeneralDataRegion:59 - Caching[foo.org.hibernate.cache.spi.UpdateTimestampsCache] : [Student_secretCodes] -> [5579090896465920]
14:17:58,395 DEBUG BaseGeneralDataRegion:59 - Caching[foo.org.hibernate.cache.spi.UpdateTimestampsCache] : [CourseMeeting] -> [5579090896465921]
14:17:58,395 DEBUG SQL:104 - 
    delete 
    from
        Enrolment 
    where
        studentId=? 
        and courseCode=?
14:17:58,396 DEBUG BaseGeneralDataRegion:59 - Caching[foo.org.hibernate.cache.spi.UpdateTimestampsCache] : [Enrolment] -> [5579090896470016]
14:17:58,396 DEBUG SQL:104 - 
    delete 
    from
        Address 
    where
        id=?
14:17:58,396 DEBUG BaseGeneralDataRegion:59 - Caching[foo.org.hibernate.cache.spi.UpdateTimestampsCache] : [Address] -> [5579090896470017]
14:17:58,396 DEBUG SQL:104 - 
    delete 
    from
        Address 
    where
        id=?
14:17:58,396 DEBUG BaseGeneralDataRegion:59 - Caching[foo.org.hibernate.cache.spi.UpdateTimestampsCache] : [Address] -> [5579090896470018]
14:17:58,396 DEBUG SQL:104 - 
    delete 
    from
        Student 
    where
        studentId=?
14:17:58,397 DEBUG BaseGeneralDataRegion:59 - Caching[foo.org.hibernate.cache.spi.UpdateTimestampsCache] : [Student] -> [5579090896474112]
14:17:58,397 DEBUG SQL:104 - 
    delete 
    from
        Enrolment 
    where
        studentId=? 
        and courseCode=?
14:17:58,397 DEBUG BaseGeneralDataRegion:59 - Caching[foo.org.hibernate.cache.spi.UpdateTimestampsCache] : [Enrolment] -> [5579090896474113]
14:17:58,397 DEBUG SQL:104 - 
    delete 
    from
        Student 
    where
        studentId=?
14:17:58,419 DEBUG BaseGeneralDataRegion:59 - Caching[foo.org.hibernate.cache.spi.UpdateTimestampsCache] : [Student] -> [5579090896564224]
14:17:58,419 DEBUG SQL:104 - 
    delete 
    from
        CourseMeeting 
    where
        courseCode=? 
        and day=? 
        and period=? 
        and location=?
14:17:58,420 DEBUG BaseGeneralDataRegion:59 - Caching[foo.org.hibernate.cache.spi.UpdateTimestampsCache] : [CourseMeeting] -> [5579090896568320]
14:17:58,420 DEBUG SQL:104 - 
    delete 
    from
        CourseMeeting 
    where
        courseCode=? 
        and day=? 
        and period=? 
        and location=?
14:17:58,420 DEBUG BaseGeneralDataRegion:59 - Caching[foo.org.hibernate.cache.spi.UpdateTimestampsCache] : [CourseMeeting] -> [5579090896568321]
14:17:58,420 DEBUG SQL:104 - 
    delete 
    from
        Course 
    where
        courseCode=?
14:17:58,429 DEBUG BaseGeneralDataRegion:59 - Caching[foo.org.hibernate.cache.spi.UpdateTimestampsCache] : [Course] -> [5579090896605184]
14:17:58,429 DEBUG BaseGeneralDataRegion:59 - Caching[foo.org.hibernate.cache.spi.UpdateTimestampsCache] : [Student] -> [5579090650845185]
14:17:58,429 DEBUG BaseGeneralDataRegion:59 - Caching[foo.org.hibernate.cache.spi.UpdateTimestampsCache] : [Course] -> [5579090650845185]
14:17:58,429 DEBUG BaseGeneralDataRegion:59 - Caching[foo.org.hibernate.cache.spi.UpdateTimestampsCache] : [Enrolment] -> [5579090650845185]
14:17:58,429 DEBUG BaseGeneralDataRegion:59 - Caching[foo.org.hibernate.cache.spi.UpdateTimestampsCache] : [Student_secretCodes] -> [5579090650845185]
14:17:58,429 DEBUG BaseGeneralDataRegion:59 - Caching[foo.org.hibernate.cache.spi.UpdateTimestampsCache] : [Address] -> [5579090650845185]
14:17:58,429 DEBUG BaseGeneralDataRegion:59 - Caching[foo.org.hibernate.cache.spi.UpdateTimestampsCache] : [CourseMeeting] -> [5579090650845185]
14:17:58,430  INFO CustomRunner:139 - Test: testSelectNewMapUsingAliasesList
14:17:58,432 DEBUG SQL:104 - 
    select
        coursemeet_.courseCode,
        coursemeet_.day,
        coursemeet_.period,
        coursemeet_.location 
    from
        CourseMeeting coursemeet_ 
    where
        coursemeet_.courseCode=? 
        and coursemeet_.day=? 
        and coursemeet_.period=? 
        and coursemeet_.location=?
14:17:58,432 DEBUG SQL:104 - 
    select
        coursemeet_.courseCode,
        coursemeet_.day,
        coursemeet_.period,
        coursemeet_.location 
    from
        CourseMeeting coursemeet_ 
    where
        coursemeet_.courseCode=? 
        and coursemeet_.day=? 
        and coursemeet_.period=? 
        and coursemeet_.location=?
14:17:58,440 DEBUG SQL:104 - 
    insert 
    into
        Course
        (description, courseCode) 
    values
        (?, ?)
14:17:58,440 DEBUG BaseGeneralDataRegion:59 - Caching[foo.org.hibernate.cache.spi.UpdateTimestampsCache] : [Course] -> [5579090896650240]
14:17:58,440 DEBUG SQL:104 - 
    insert 
    into
        CourseMeeting
        (courseCode, day, period, location) 
    values
        (?, ?, ?, ?)
14:17:58,440 DEBUG BaseGeneralDataRegion:59 - Caching[foo.org.hibernate.cache.spi.UpdateTimestampsCache] : [CourseMeeting] -> [5579090896650241]
14:17:58,440 DEBUG SQL:104 - 
    insert 
    into
        CourseMeeting
        (courseCode, day, period, location) 
    values
        (?, ?, ?, ?)
14:17:58,441 DEBUG BaseGeneralDataRegion:59 - Caching[foo.org.hibernate.cache.spi.UpdateTimestampsCache] : [CourseMeeting] -> [5579090896654336]
14:17:58,449 DEBUG SQL:104 - 
    insert 
    into
        Student
        (name_first, name_middle, name_last, preferredCourseCode, studentId) 
    values
        (?, ?, ?, ?, ?)
14:17:58,450 DEBUG BaseGeneralDataRegion:59 - Caching[foo.org.hibernate.cache.spi.UpdateTimestampsCache] : [Student] -> [5579090896691200]
14:17:58,450 DEBUG SQL:104 - 
    insert 
    into
        Address
        (addressType, street, city, stateProvince, postalCode, country, studentNumber, id) 
    values
        (?, ?, ?, ?, ?, ?, ?, ?)
14:17:58,450 DEBUG BaseGeneralDataRegion:59 - Caching[foo.org.hibernate.cache.spi.UpdateTimestampsCache] : [Address] -> [5579090896691201]
14:17:58,450 DEBUG SQL:104 - 
    insert 
    into
        Address
        (addressType, street, city, stateProvince, postalCode, country, studentNumber, id) 
    values
        (?, ?, ?, ?, ?, ?, ?, ?)
14:17:58,450 DEBUG BaseGeneralDataRegion:59 - Caching[foo.org.hibernate.cache.spi.UpdateTimestampsCache] : [Address] -> [5579090896691202]
14:17:58,450 DEBUG SQL:104 - 
    insert 
    into
        Student
        (name_first, name_middle, name_last, preferredCourseCode, studentId) 
    values
        (?, ?, ?, ?, ?)
14:17:58,460 DEBUG BaseGeneralDataRegion:59 - Caching[foo.org.hibernate.cache.spi.UpdateTimestampsCache] : [Student] -> [5579090896732160]
14:17:58,460 DEBUG SQL:104 - 
    insert 
    into
        Enrolment
        (semester, "year", studentId, courseCode) 
    values
        (?, ?, ?, ?)
14:17:58,460 DEBUG BaseGeneralDataRegion:59 - Caching[foo.org.hibernate.cache.spi.UpdateTimestampsCache] : [Enrolment] -> [5579090896732161]
14:17:58,460 DEBUG SQL:104 - 
    insert 
    into
        Enrolment
        (semester, "year", studentId, courseCode) 
    values
        (?, ?, ?, ?)
14:17:58,461 DEBUG BaseGeneralDataRegion:59 - Caching[foo.org.hibernate.cache.spi.UpdateTimestampsCache] : [Enrolment] -> [5579090896736256]
14:17:58,461 DEBUG BaseGeneralDataRegion:59 - Caching[foo.org.hibernate.cache.spi.UpdateTimestampsCache] : [CourseMeeting] -> [5579090896736257]
14:17:58,461 DEBUG BaseGeneralDataRegion:59 - Caching[foo.org.hibernate.cache.spi.UpdateTimestampsCache] : [Enrolment] -> [5579090896736258]
14:17:58,461 DEBUG SQL:104 - 
    update
        Address 
    set
        studentNumber=?,
        addressType=? 
    where
        id=?
14:17:58,461 DEBUG SQL:104 - 
    update
        Address 
    set
        studentNumber=?,
        addressType=? 
    where
        id=?
14:17:58,468 DEBUG BaseGeneralDataRegion:59 - Caching[foo.org.hibernate.cache.spi.UpdateTimestampsCache] : [Address] -> [5579090896764928]
14:17:58,469 DEBUG SQL:104 - 
    insert 
    into
        Student_secretCodes
        (studentNumber, i, secretCode) 
    values
        (?, ?, ?)
14:17:58,469 DEBUG BaseGeneralDataRegion:59 - Caching[foo.org.hibernate.cache.spi.UpdateTimestampsCache] : [Student_secretCodes] -> [5579090896769024]
14:17:58,469 DEBUG BaseGeneralDataRegion:59 - Caching[foo.org.hibernate.cache.spi.UpdateTimestampsCache] : [Enrolment] -> [5579090896769025]
14:17:58,469 DEBUG BaseGeneralDataRegion:59 - Caching[foo.org.hibernate.cache.spi.UpdateTimestampsCache] : [Address] -> [5579090896769026]
14:17:58,469 DEBUG SQL:104 - 
    insert 
    into
        Student_secretCodes
        (studentNumber, i, secretCode) 
    values
        (?, ?, ?)
14:17:58,469 DEBUG SQL:104 - 
    insert 
    into
        Student_secretCodes
        (studentNumber, i, secretCode) 
    values
        (?, ?, ?)
14:17:58,478 DEBUG BaseGeneralDataRegion:59 - Caching[foo.org.hibernate.cache.spi.UpdateTimestampsCache] : [Student_secretCodes] -> [5579090896805888]
14:17:58,478 DEBUG BaseGeneralDataRegion:59 - Caching[foo.org.hibernate.cache.spi.UpdateTimestampsCache] : [Student] -> [5579090651045889]
14:17:58,478 DEBUG BaseGeneralDataRegion:59 - Caching[foo.org.hibernate.cache.spi.UpdateTimestampsCache] : [Course] -> [5579090651045889]
14:17:58,478 DEBUG BaseGeneralDataRegion:59 - Caching[foo.org.hibernate.cache.spi.UpdateTimestampsCache] : [Enrolment] -> [5579090651045889]
14:17:58,478 DEBUG BaseGeneralDataRegion:59 - Caching[foo.org.hibernate.cache.spi.UpdateTimestampsCache] : [Student_secretCodes] -> [5579090651045889]
14:17:58,478 DEBUG BaseGeneralDataRegion:59 - Caching[foo.org.hibernate.cache.spi.UpdateTimestampsCache] : [Address] -> [5579090651045889]
14:17:58,479 DEBUG BaseGeneralDataRegion:59 - Caching[foo.org.hibernate.cache.spi.UpdateTimestampsCache] : [CourseMeeting] -> [5579090651045889]
14:17:58,479 DEBUG SQL:104 - 
    select
        this_.studentId as y0_,
        this_.name_first as y1_,
        this_.name_middle as y2_,
        this_.name_last as y3_ 
    from
        Student this_ 
    order by
        this_.studentId asc
14:17:58,480 DEBUG SQL:104 - 
    select
        this_.studentId as y0_,
        this_.name_first as y1_,
        this_.name_middle as y2_,
        this_.name_last as y3_ 
    from
        Student this_ 
    order by
        this_.studentId asc
14:17:58,480 DEBUG SQL:104 - 
    select
        student_.studentId,
        student_.name_first as name2_4_,
        student_.name_middle as name3_4_,
        student_.name_last as name4_4_,
        student_.preferredCourseCode as preferre5_4_ 
    from
        Student student_ 
    where
        student_.studentId=?
14:17:58,488 DEBUG SQL:104 - 
    select
        enrolment_.studentId,
        enrolment_.courseCode,
        enrolment_.semester as semester3_,
        enrolment_."year" as year4_3_ 
    from
        Enrolment enrolment_ 
    where
        enrolment_.studentId=? 
        and enrolment_.courseCode=?
14:17:58,488 DEBUG SQL:104 - 
    select
        course_.courseCode,
        course_.description as descript2_1_ 
    from
        Course course_ 
    where
        course_.courseCode=?
14:17:58,489 DEBUG SQL:104 - 
    select
        student_.studentId,
        student_.name_first as name2_4_,
        student_.name_middle as name3_4_,
        student_.name_last as name4_4_,
        student_.preferredCourseCode as preferre5_4_ 
    from
        Student student_ 
    where
        student_.studentId=?
14:17:58,498 DEBUG SQL:104 - 
    select
        enrolment_.studentId,
        enrolment_.courseCode,
        enrolment_.semester as semester3_,
        enrolment_."year" as year4_3_ 
    from
        Enrolment enrolment_ 
    where
        enrolment_.studentId=? 
        and enrolment_.courseCode=?
14:17:58,499 DEBUG SQL:104 - 
    select
        coursemeet_.courseCode,
        coursemeet_.day,
        coursemeet_.period,
        coursemeet_.location 
    from
        CourseMeeting coursemeet_ 
    where
        coursemeet_.courseCode=? 
        and coursemeet_.day=? 
        and coursemeet_.period=? 
        and coursemeet_.location=?
14:17:58,499 DEBUG SQL:104 - 
    select
        coursemeet_.courseCode,
        coursemeet_.day,
        coursemeet_.period,
        coursemeet_.location 
    from
        CourseMeeting coursemeet_ 
    where
        coursemeet_.courseCode=? 
        and coursemeet_.day=? 
        and coursemeet_.period=? 
        and coursemeet_.location=?
14:17:58,499 DEBUG BaseGeneralDataRegion:59 - Caching[foo.org.hibernate.cache.spi.UpdateTimestampsCache] : [Enrolment] -> [5579090896891904]
14:17:58,500 DEBUG SQL:104 - 
    update
        Address 
    set
        studentNumber=null,
        addressType=null 
    where
        studentNumber=?
14:17:58,500 DEBUG BaseGeneralDataRegion:59 - Caching[foo.org.hibernate.cache.spi.UpdateTimestampsCache] : [Address] -> [5579090896896000]
14:17:58,500 DEBUG SQL:104 - 
    delete 
    from
        Student_secretCodes 
    where
        studentNumber=?
14:17:58,512 DEBUG BaseGeneralDataRegion:59 - Caching[foo.org.hibernate.cache.spi.UpdateTimestampsCache] : [Student_secretCodes] -> [5579090896945152]
14:17:58,512 DEBUG BaseGeneralDataRegion:59 - Caching[foo.org.hibernate.cache.spi.UpdateTimestampsCache] : [Enrolment] -> [5579090896945153]
14:17:58,512 DEBUG BaseGeneralDataRegion:59 - Caching[foo.org.hibernate.cache.spi.UpdateTimestampsCache] : [Address] -> [5579090896945154]
14:17:58,513 DEBUG SQL:104 - 
    delete 
    from
        Student_secretCodes 
    where
        studentNumber=?
14:17:58,513 DEBUG BaseGeneralDataRegion:59 - Caching[foo.org.hibernate.cache.spi.UpdateTimestampsCache] : [Student_secretCodes] -> [5579090896949248]
14:17:58,513 DEBUG BaseGeneralDataRegion:59 - Caching[foo.org.hibernate.cache.spi.UpdateTimestampsCache] : [CourseMeeting] -> [5579090896949249]
14:17:58,513 DEBUG SQL:104 - 
    delete 
    from
        Enrolment 
    where
        studentId=? 
        and courseCode=?
14:17:58,513 DEBUG BaseGeneralDataRegion:59 - Caching[foo.org.hibernate.cache.spi.UpdateTimestampsCache] : [Enrolment] -> [5579090896949250]
14:17:58,513 DEBUG SQL:104 - 
    delete 
    from
        Address 
    where
        id=?
14:17:58,513 DEBUG BaseGeneralDataRegion:59 - Caching[foo.org.hibernate.cache.spi.UpdateTimestampsCache] : [Address] -> [5579090896949251]
14:17:58,514 DEBUG SQL:104 - 
    delete 
    from
        Address 
    where
        id=?
14:17:58,522 DEBUG BaseGeneralDataRegion:59 - Caching[foo.org.hibernate.cache.spi.UpdateTimestampsCache] : [Address] -> [5579090896986112]
14:17:58,525 DEBUG SQL:104 - 
    delete 
    from
        Student 
    where
        studentId=?
14:17:58,526 DEBUG BaseGeneralDataRegion:59 - Caching[foo.org.hibernate.cache.spi.UpdateTimestampsCache] : [Student] -> [5579090897002496]
14:17:58,527 DEBUG SQL:104 - 
    delete 
    from
        Enrolment 
    where
        studentId=? 
        and courseCode=?
14:17:58,527 DEBUG BaseGeneralDataRegion:59 - Caching[foo.org.hibernate.cache.spi.UpdateTimestampsCache] : [Enrolment] -> [5579090897006592]
14:17:58,527 DEBUG SQL:104 - 
    delete 
    from
        Student 
    where
        studentId=?
14:17:58,527 DEBUG BaseGeneralDataRegion:59 - Caching[foo.org.hibernate.cache.spi.UpdateTimestampsCache] : [Student] -> [5579090897006593]
14:17:58,528 DEBUG SQL:104 - 
    delete 
    from
        CourseMeeting 
    where
        courseCode=? 
        and day=? 
        and period=? 
        and location=?
14:17:58,528 DEBUG BaseGeneralDataRegion:59 - Caching[foo.org.hibernate.cache.spi.UpdateTimestampsCache] : [CourseMeeting] -> [5579090897010688]
14:17:58,528 DEBUG SQL:104 - 
    delete 
    from
        CourseMeeting 
    where
        courseCode=? 
        and day=? 
        and period=? 
        and location=?
14:17:58,547 DEBUG BaseGeneralDataRegion:59 - Caching[foo.org.hibernate.cache.spi.UpdateTimestampsCache] : [CourseMeeting] -> [5579090897088512]
14:17:58,548 DEBUG SQL:104 - 
    delete 
    from
        Course 
    where
        courseCode=?
14:17:58,548 DEBUG BaseGeneralDataRegion:59 - Caching[foo.org.hibernate.cache.spi.UpdateTimestampsCache] : [Course] -> [5579090897092608]
14:17:58,548 DEBUG BaseGeneralDataRegion:59 - Caching[foo.org.hibernate.cache.spi.UpdateTimestampsCache] : [Student] -> [5579090651332609]
14:17:58,548 DEBUG BaseGeneralDataRegion:59 - Caching[foo.org.hibernate.cache.spi.UpdateTimestampsCache] : [Course] -> [5579090651332609]
14:17:58,548 DEBUG BaseGeneralDataRegion:59 - Caching[foo.org.hibernate.cache.spi.UpdateTimestampsCache] : [Enrolment] -> [5579090651332609]
14:17:58,548 DEBUG BaseGeneralDataRegion:59 - Caching[foo.org.hibernate.cache.spi.UpdateTimestampsCache] : [Student_secretCodes] -> [5579090651332609]
14:17:58,548 DEBUG BaseGeneralDataRegion:59 - Caching[foo.org.hibernate.cache.spi.UpdateTimestampsCache] : [Address] -> [5579090651332609]
14:17:58,548 DEBUG BaseGeneralDataRegion:59 - Caching[foo.org.hibernate.cache.spi.UpdateTimestampsCache] : [CourseMeeting] -> [5579090651332609]
14:17:58,549  INFO CustomRunner:139 - Test: testSingleAggregatedPropProjectionSingleResult
14:17:58,551 DEBUG SQL:104 - 
    select
        coursemeet_.courseCode,
        coursemeet_.day,
        coursemeet_.period,
        coursemeet_.location 
    from
        CourseMeeting coursemeet_ 
    where
        coursemeet_.courseCode=? 
        and coursemeet_.day=? 
        and coursemeet_.period=? 
        and coursemeet_.location=?
14:17:58,558 DEBUG SQL:104 - 
    select
        coursemeet_.courseCode,
        coursemeet_.day,
        coursemeet_.period,
        coursemeet_.location 
    from
        CourseMeeting coursemeet_ 
    where
        coursemeet_.courseCode=? 
        and coursemeet_.day=? 
        and coursemeet_.period=? 
        and coursemeet_.location=?
14:17:58,559 DEBUG SQL:104 - 
    insert 
    into
        Course
        (description, courseCode) 
    values
        (?, ?)
14:17:58,559 DEBUG BaseGeneralDataRegion:59 - Caching[foo.org.hibernate.cache.spi.UpdateTimestampsCache] : [Course] -> [5579090897137664]
14:17:58,559 DEBUG SQL:104 - 
    insert 
    into
        CourseMeeting
        (courseCode, day, period, location) 
    values
        (?, ?, ?, ?)
14:17:58,559 DEBUG BaseGeneralDataRegion:59 - Caching[foo.org.hibernate.cache.spi.UpdateTimestampsCache] : [CourseMeeting] -> [5579090897137665]
14:17:58,568 DEBUG SQL:104 - 
    insert 
    into
        CourseMeeting
        (courseCode, day, period, location) 
    values
        (?, ?, ?, ?)
14:17:58,569 DEBUG BaseGeneralDataRegion:59 - Caching[foo.org.hibernate.cache.spi.UpdateTimestampsCache] : [CourseMeeting] -> [5579090897178624]
14:17:58,569 DEBUG SQL:104 - 
    insert 
    into
        Student
        (name_first, name_middle, name_last, preferredCourseCode, studentId) 
    values
        (?, ?, ?, ?, ?)
14:17:58,569 DEBUG BaseGeneralDataRegion:59 - Caching[foo.org.hibernate.cache.spi.UpdateTimestampsCache] : [Student] -> [5579090897178625]
14:17:58,569 DEBUG SQL:104 - 
    insert 
    into
        Address
        (addressType, street, city, stateProvince, postalCode, country, studentNumber, id) 
    values
        (?, ?, ?, ?, ?, ?, ?, ?)
14:17:58,569 DEBUG BaseGeneralDataRegion:59 - Caching[foo.org.hibernate.cache.spi.UpdateTimestampsCache] : [Address] -> [5579090897178626]
14:17:58,570 DEBUG SQL:104 - 
    insert 
    into
        Address
        (addressType, street, city, stateProvince, postalCode, country, studentNumber, id) 
    values
        (?, ?, ?, ?, ?, ?, ?, ?)
14:17:58,578 DEBUG BaseGeneralDataRegion:59 - Caching[foo.org.hibernate.cache.spi.UpdateTimestampsCache] : [Address] -> [5579090897215488]
14:17:58,579 DEBUG SQL:104 - 
    insert 
    into
        Student
        (name_first, name_middle, name_last, preferredCourseCode, studentId) 
    values
        (?, ?, ?, ?, ?)
14:17:58,579 DEBUG BaseGeneralDataRegion:59 - Caching[foo.org.hibernate.cache.spi.UpdateTimestampsCache] : [Student] -> [5579090897219584]
14:17:58,579 DEBUG SQL:104 - 
    insert 
    into
        Enrolment
        (semester, "year", studentId, courseCode) 
    values
        (?, ?, ?, ?)
14:17:58,579 DEBUG BaseGeneralDataRegion:59 - Caching[foo.org.hibernate.cache.spi.UpdateTimestampsCache] : [Enrolment] -> [5579090897219585]
14:17:58,579 DEBUG SQL:104 - 
    insert 
    into
        Enrolment
        (semester, "year", studentId, courseCode) 
    values
        (?, ?, ?, ?)
14:17:58,580 DEBUG BaseGeneralDataRegion:59 - Caching[foo.org.hibernate.cache.spi.UpdateTimestampsCache] : [Enrolment] -> [5579090897223680]
14:17:58,580 DEBUG BaseGeneralDataRegion:59 - Caching[foo.org.hibernate.cache.spi.UpdateTimestampsCache] : [CourseMeeting] -> [5579090897223681]
14:17:58,580 DEBUG BaseGeneralDataRegion:59 - Caching[foo.org.hibernate.cache.spi.UpdateTimestampsCache] : [Enrolment] -> [5579090897223682]
14:17:58,580 DEBUG SQL:104 - 
    update
        Address 
    set
        studentNumber=?,
        addressType=? 
    where
        id=?
14:17:58,588 DEBUG SQL:104 - 
    update
        Address 
    set
        studentNumber=?,
        addressType=? 
    where
        id=?
14:17:58,589 DEBUG BaseGeneralDataRegion:59 - Caching[foo.org.hibernate.cache.spi.UpdateTimestampsCache] : [Address] -> [5579090897260544]
14:17:58,589 DEBUG SQL:104 - 
    insert 
    into
        Student_secretCodes
        (studentNumber, i, secretCode) 
    values
        (?, ?, ?)
14:17:58,589 DEBUG BaseGeneralDataRegion:59 - Caching[foo.org.hibernate.cache.spi.UpdateTimestampsCache] : [Student_secretCodes] -> [5579090897260545]
14:17:58,589 DEBUG BaseGeneralDataRegion:59 - Caching[foo.org.hibernate.cache.spi.UpdateTimestampsCache] : [Enrolment] -> [5579090897260546]
14:17:58,589 DEBUG BaseGeneralDataRegion:59 - Caching[foo.org.hibernate.cache.spi.UpdateTimestampsCache] : [Address] -> [5579090897260547]
14:17:58,589 DEBUG SQL:104 - 
    insert 
    into
        Student_secretCodes
        (studentNumber, i, secretCode) 
    values
        (?, ?, ?)
14:17:58,601 DEBUG SQL:104 - 
    insert 
    into
        Student_secretCodes
        (studentNumber, i, secretCode) 
    values
        (?, ?, ?)
14:17:58,602 DEBUG BaseGeneralDataRegion:59 - Caching[foo.org.hibernate.cache.spi.UpdateTimestampsCache] : [Student_secretCodes] -> [5579090897313792]
14:17:58,602 DEBUG BaseGeneralDataRegion:59 - Caching[foo.org.hibernate.cache.spi.UpdateTimestampsCache] : [Student] -> [5579090651553793]
14:17:58,602 DEBUG BaseGeneralDataRegion:59 - Caching[foo.org.hibernate.cache.spi.UpdateTimestampsCache] : [Course] -> [5579090651553793]
14:17:58,602 DEBUG BaseGeneralDataRegion:59 - Caching[foo.org.hibernate.cache.spi.UpdateTimestampsCache] : [Enrolment] -> [5579090651553793]
14:17:58,602 DEBUG BaseGeneralDataRegion:59 - Caching[foo.org.hibernate.cache.spi.UpdateTimestampsCache] : [Student_secretCodes] -> [5579090651553793]
14:17:58,602 DEBUG BaseGeneralDataRegion:59 - Caching[foo.org.hibernate.cache.spi.UpdateTimestampsCache] : [Address] -> [5579090651553793]
14:17:58,602 DEBUG BaseGeneralDataRegion:59 - Caching[foo.org.hibernate.cache.spi.UpdateTimestampsCache] : [CourseMeeting] -> [5579090651553793]
14:17:58,603 DEBUG SQL:104 - 
    select
        min(this_.studentId) as y0_ 
    from
        Enrolment this_
14:17:58,604 DEBUG SQL:104 - 
    select
        min(this_.studentId) as y0_ 
    from
        Enrolment this_
14:17:58,604 DEBUG SQL:104 - 
    select
        student_.studentId,
        student_.name_first as name2_4_,
        student_.name_middle as name3_4_,
        student_.name_last as name4_4_,
        student_.preferredCourseCode as preferre5_4_ 
    from
        Student student_ 
    where
        student_.studentId=?
14:17:58,614 DEBUG SQL:104 - 
    select
        enrolment_.studentId,
        enrolment_.courseCode,
        enrolment_.semester as semester3_,
        enrolment_."year" as year4_3_ 
    from
        Enrolment enrolment_ 
    where
        enrolment_.studentId=? 
        and enrolment_.courseCode=?
14:17:58,614 DEBUG SQL:104 - 
    select
        course_.courseCode,
        course_.description as descript2_1_ 
    from
        Course course_ 
    where
        course_.courseCode=?
14:17:58,615 DEBUG SQL:104 - 
    select
        student_.studentId,
        student_.name_first as name2_4_,
        student_.name_middle as name3_4_,
        student_.name_last as name4_4_,
        student_.preferredCourseCode as preferre5_4_ 
    from
        Student student_ 
    where
        student_.studentId=?
14:17:58,625 DEBUG SQL:104 - 
    select
        enrolment_.studentId,
        enrolment_.courseCode,
        enrolment_.semester as semester3_,
        enrolment_."year" as year4_3_ 
    from
        Enrolment enrolment_ 
    where
        enrolment_.studentId=? 
        and enrolment_.courseCode=?
14:17:58,625 DEBUG SQL:104 - 
    select
        coursemeet_.courseCode,
        coursemeet_.day,
        coursemeet_.period,
        coursemeet_.location 
    from
        CourseMeeting coursemeet_ 
    where
        coursemeet_.courseCode=? 
        and coursemeet_.day=? 
        and coursemeet_.period=? 
        and coursemeet_.location=?
14:17:58,626 DEBUG SQL:104 - 
    select
        coursemeet_.courseCode,
        coursemeet_.day,
        coursemeet_.period,
        coursemeet_.location 
    from
        CourseMeeting coursemeet_ 
    where
        coursemeet_.courseCode=? 
        and coursemeet_.day=? 
        and coursemeet_.period=? 
        and coursemeet_.location=?
14:17:58,626 DEBUG BaseGeneralDataRegion:59 - Caching[foo.org.hibernate.cache.spi.UpdateTimestampsCache] : [Enrolment] -> [5579090897412096]
14:17:58,627 DEBUG SQL:104 - 
    update
        Address 
    set
        studentNumber=null,
        addressType=null 
    where
        studentNumber=?
14:17:58,627 DEBUG BaseGeneralDataRegion:59 - Caching[foo.org.hibernate.cache.spi.UpdateTimestampsCache] : [Address] -> [5579090897416192]
14:17:58,627 DEBUG SQL:104 - 
    delete 
    from
        Student_secretCodes 
    where
        studentNumber=?
14:17:58,637 DEBUG BaseGeneralDataRegion:59 - Caching[foo.org.hibernate.cache.spi.UpdateTimestampsCache] : [Student_secretCodes] -> [5579090897457152]
14:17:58,637 DEBUG BaseGeneralDataRegion:59 - Caching[foo.org.hibernate.cache.spi.UpdateTimestampsCache] : [Enrolment] -> [5579090897457153]
14:17:58,637 DEBUG BaseGeneralDataRegion:59 - Caching[foo.org.hibernate.cache.spi.UpdateTimestampsCache] : [Address] -> [5579090897457154]
14:17:58,638 DEBUG SQL:104 - 
    delete 
    from
        Student_secretCodes 
    where
        studentNumber=?
14:17:58,638 DEBUG BaseGeneralDataRegion:59 - Caching[foo.org.hibernate.cache.spi.UpdateTimestampsCache] : [Student_secretCodes] -> [5579090897461248]
14:17:58,638 DEBUG BaseGeneralDataRegion:59 - Caching[foo.org.hibernate.cache.spi.UpdateTimestampsCache] : [CourseMeeting] -> [5579090897461249]
14:17:58,638 DEBUG SQL:104 - 
    delete 
    from
        Enrolment 
    where
        studentId=? 
        and courseCode=?
14:17:58,638 DEBUG BaseGeneralDataRegion:59 - Caching[foo.org.hibernate.cache.spi.UpdateTimestampsCache] : [Enrolment] -> [5579090897461250]
14:17:58,638 DEBUG SQL:104 - 
    delete 
    from
        Address 
    where
        id=?
14:17:58,639 DEBUG BaseGeneralDataRegion:59 - Caching[foo.org.hibernate.cache.spi.UpdateTimestampsCache] : [Address] -> [5579090897465344]
14:17:58,639 DEBUG SQL:104 - 
    delete 
    from
        Address 
    where
        id=?
14:17:58,648 DEBUG BaseGeneralDataRegion:59 - Caching[foo.org.hibernate.cache.spi.UpdateTimestampsCache] : [Address] -> [5579090897502208]
14:17:58,648 DEBUG SQL:104 - 
    delete 
    from
        Student 
    where
        studentId=?
14:17:58,648 DEBUG BaseGeneralDataRegion:59 - Caching[foo.org.hibernate.cache.spi.UpdateTimestampsCache] : [Student] -> [5579090897502209]
14:17:58,648 DEBUG SQL:104 - 
    delete 
    from
        Enrolment 
    where
        studentId=? 
        and courseCode=?
14:17:58,649 DEBUG BaseGeneralDataRegion:59 - Caching[foo.org.hibernate.cache.spi.UpdateTimestampsCache] : [Enrolment] -> [5579090897506304]
14:17:58,649 DEBUG SQL:104 - 
    delete 
    from
        Student 
    where
        studentId=?
14:17:58,649 DEBUG BaseGeneralDataRegion:59 - Caching[foo.org.hibernate.cache.spi.UpdateTimestampsCache] : [Student] -> [5579090897506305]
14:17:58,649 DEBUG SQL:104 - 
    delete 
    from
        CourseMeeting 
    where
        courseCode=? 
        and day=? 
        and period=? 
        and location=?
14:17:58,649 DEBUG BaseGeneralDataRegion:59 - Caching[foo.org.hibernate.cache.spi.UpdateTimestampsCache] : [CourseMeeting] -> [5579090897506306]
14:17:58,650 DEBUG SQL:104 - 
    delete 
    from
        CourseMeeting 
    where
        courseCode=? 
        and day=? 
        and period=? 
        and location=?
14:17:58,650 DEBUG BaseGeneralDataRegion:59 - Caching[foo.org.hibernate.cache.spi.UpdateTimestampsCache] : [CourseMeeting] -> [5579090897510400]
14:17:58,650 DEBUG SQL:104 - 
    delete 
    from
        Course 
    where
        courseCode=?
14:17:58,671 DEBUG BaseGeneralDataRegion:59 - Caching[foo.org.hibernate.cache.spi.UpdateTimestampsCache] : [Course] -> [5579090897596416]
14:17:58,672 DEBUG BaseGeneralDataRegion:59 - Caching[foo.org.hibernate.cache.spi.UpdateTimestampsCache] : [Student] -> [5579090651840512]
14:17:58,672 DEBUG BaseGeneralDataRegion:59 - Caching[foo.org.hibernate.cache.spi.UpdateTimestampsCache] : [Course] -> [5579090651840512]
14:17:58,672 DEBUG BaseGeneralDataRegion:59 - Caching[foo.org.hibernate.cache.spi.UpdateTimestampsCache] : [Enrolment] -> [5579090651840512]
14:17:58,672 DEBUG BaseGeneralDataRegion:59 - Caching[foo.org.hibernate.cache.spi.UpdateTimestampsCache] : [Student_secretCodes] -> [5579090651840512]
14:17:58,672 DEBUG BaseGeneralDataRegion:59 - Caching[foo.org.hibernate.cache.spi.UpdateTimestampsCache] : [Address] -> [5579090651840512]
14:17:58,672 DEBUG BaseGeneralDataRegion:59 - Caching[foo.org.hibernate.cache.spi.UpdateTimestampsCache] : [CourseMeeting] -> [5579090651840512]
14:17:58,673  INFO SchemaExport:343 - HHH000227: Running hbm2ddl schema export
14:17:58,673 DEBUG SchemaExport:353 - Import file not found: /import.sql
14:17:58,674 DEBUG SQL:104 - 
    alter table Address 
        drop constraint FK1ED033D47B5C59E1
14:17:58,674 DEBUG SQL:104 - 
    alter table CourseMeeting 
        drop constraint FKC97EED80AEBBC201
14:17:58,674 DEBUG SQL:104 - 
    alter table Enrolment 
        drop constraint FKEB4882C4EC5C133
14:17:58,674 DEBUG SQL:104 - 
    alter table Enrolment 
        drop constraint FKEB4882C4AEBBC201
14:17:58,674 DEBUG SQL:104 - 
    alter table Student 
        drop constraint FKF3371A1B5679E142
14:17:58,682 DEBUG SQL:104 - 
    alter table Student_secretCodes 
        drop constraint FKAF3CA7327B5C59E1
14:17:58,682 DEBUG SQL:104 - 
    drop table Address if exists
14:17:58,683 DEBUG SQL:104 - 
    drop table Course if exists
14:17:58,683 DEBUG SQL:104 - 
    drop table CourseMeeting if exists
14:17:58,683 DEBUG SQL:104 - 
    drop table Enrolment if exists
14:17:58,683 DEBUG SQL:104 - 
    drop table Student if exists
14:17:58,683 DEBUG SQL:104 - 
    drop table Student_secretCodes if exists
14:17:58,684  INFO SchemaExport:405 - HHH000230: Schema export complete
14:17:58,684  INFO DriverManagerConnectionProviderImpl:162 - HHH000030: Cleaning up connection pool [jdbc:h2:mem:db1;DB_CLOSE_DELAY=-1;MVCC=TRUE]
]]></system-out>
  <system-err><![CDATA[]]></system-err>
</testsuite>
