<?xml version="1.0" encoding="UTF-8"?>
<testsuite errors="0" failures="0" hostname="dhcp-10.15.208.168.stl.redhat.com" name="org.hibernate.test.ops.CreateTest" tests="6" time="0.231" timestamp="2013-02-28T20:17:39">
  <properties />
  <testcase classname="org.hibernate.test.ops.CreateTest" name="testBasic" time="0.007" />
  <testcase classname="org.hibernate.test.ops.CreateTest" name="testCreateException" time="0.01" />
  <testcase classname="org.hibernate.test.ops.CreateTest" name="testCreateExceptionWithGeneratedId" time="0.013" />
  <testcase classname="org.hibernate.test.ops.CreateTest" name="testCreateTree" time="0.012" />
  <testcase classname="org.hibernate.test.ops.CreateTest" name="testCreateTreeWithGeneratedId" time="0.021" />
  <testcase classname="org.hibernate.test.ops.CreateTest" name="testNoUpdatesOnCreateVersionedWithCollection" time="0.019" />
  <system-out><![CDATA[14:17:39,813  INFO CustomRunner:132 - BeforeClass: org.hibernate.test.ops.CreateTest
14:17:39,815  INFO Configuration:706 - HHH000221: Reading mappings from resource: org/hibernate/test/ops/Node.hbm.xml
14:17:39,822  INFO Configuration:706 - HHH000221: Reading mappings from resource: org/hibernate/test/ops/Employer.hbm.xml
14:17:39,827  INFO Configuration:706 - HHH000221: Reading mappings from resource: org/hibernate/test/ops/OptLockEntity.hbm.xml
14:17:39,832  INFO Configuration:706 - HHH000221: Reading mappings from resource: org/hibernate/test/ops/OneToOne.hbm.xml
14:17:39,838  INFO Configuration:706 - HHH000221: Reading mappings from resource: org/hibernate/test/ops/Competition.hbm.xml
14:17:39,850  INFO DriverManagerConnectionProviderImpl:99 - HHH000402: Using Hibernate built-in connection pool (not for production use!)
14:17:39,851  INFO DriverManagerConnectionProviderImpl:135 - HHH000115: Hibernate connection pool size: 5
14:17:39,851  INFO DriverManagerConnectionProviderImpl:138 - HHH000006: Autocommit mode: false
14:17:39,851  INFO DriverManagerConnectionProviderImpl:153 - HHH000401: using driver [org.h2.Driver] at URL [jdbc:h2:mem:db1;DB_CLOSE_DELAY=-1;MVCC=TRUE]
14:17:39,851  INFO DriverManagerConnectionProviderImpl:158 - HHH000046: Connection properties: {user=sa}
14:17:39,855  INFO Dialect:103 - HHH000400: Using dialect: org.hibernate.dialect.H2Dialect
14:17:39,855  INFO LobCreatorBuilder:94 - HHH000423: Disabling contextual LOB creation as JDBC driver reported JDBC version [3] less than 4
14:17:39,856  INFO TransactionFactoryInitiator:66 - HHH000399: Using default transaction strategy (direct JDBC transactions)
14:17:39,856  INFO ASTQueryTranslatorFactory:48 - HHH000397: Using ASTQueryTranslatorFactory
14:17:39,856  WARN CachingRegionFactory:58 - CachingRegionFactory should be only used for testing.
14:17:39,911  INFO SchemaExport:343 - HHH000227: Running hbm2ddl schema export
14:17:39,913 DEBUG SchemaExport:353 - Import file not found: /import.sql
14:17:39,913 DEBUG SQL:104 - 
    alter table COMPET_ION_OR 
        drop constraint FK1AAE64FBB455A2E1
14:17:39,914 ERROR SchemaExport:425 - HHH000389: Unsuccessful: alter table COMPET_ION_OR drop constraint FK1AAE64FBB455A2E1
14:17:39,914 ERROR SchemaExport:426 - Table "COMPET_ION_OR" not found; SQL statement:

    alter table COMPET_ION_OR 
        drop constraint FK1AAE64FBB455A2E1 [42102-145]
14:17:39,914 DEBUG SQL:104 - 
    alter table COMPET_ION_OR 
        drop constraint FK1AAE64FBCBFDF593
14:17:39,914 ERROR SchemaExport:425 - HHH000389: Unsuccessful: alter table COMPET_ION_OR drop constraint FK1AAE64FBCBFDF593
14:17:39,914 ERROR SchemaExport:426 - Table "COMPET_ION_OR" not found; SQL statement:

    alter table COMPET_ION_OR 
        drop constraint FK1AAE64FBCBFDF593 [42102-145]
14:17:39,914 DEBUG SQL:104 - 
    alter table EMPLOYER_EMPLOYEE 
        drop constraint FKDC9B93B2E831BD12
14:17:39,915 ERROR SchemaExport:425 - HHH000389: Unsuccessful: alter table EMPLOYER_EMPLOYEE drop constraint FKDC9B93B2E831BD12
14:17:39,915 ERROR SchemaExport:426 - Table "EMPLOYER_EMPLOYEE" not found; SQL statement:

    alter table EMPLOYER_EMPLOYEE 
        drop constraint FKDC9B93B2E831BD12 [42102-145]
14:17:39,915 DEBUG SQL:104 - 
    alter table EMPLOYER_EMPLOYEE 
        drop constraint FKDC9B93B2E837A5F2
14:17:39,915 ERROR SchemaExport:425 - HHH000389: Unsuccessful: alter table EMPLOYER_EMPLOYEE drop constraint FKDC9B93B2E837A5F2
14:17:39,915 ERROR SchemaExport:426 - Table "EMPLOYER_EMPLOYEE" not found; SQL statement:

    alter table EMPLOYER_EMPLOYEE 
        drop constraint FKDC9B93B2E837A5F2 [42102-145]
14:17:39,916 DEBUG SQL:104 - 
    alter table Node 
        drop constraint FK252222973190BE
14:17:39,916 ERROR SchemaExport:425 - HHH000389: Unsuccessful: alter table Node drop constraint FK252222973190BE
14:17:39,916 ERROR SchemaExport:426 - Table "NODE" not found; SQL statement:

    alter table Node 
        drop constraint FK252222973190BE [42102-145]
14:17:39,916 DEBUG SQL:104 - 
    alter table Node 
        drop constraint FK25222223B8C2EF
14:17:39,916 ERROR SchemaExport:425 - HHH000389: Unsuccessful: alter table Node drop constraint FK25222223B8C2EF
14:17:39,917 ERROR SchemaExport:426 - Table "NODE" not found; SQL statement:

    alter table Node 
        drop constraint FK25222223B8C2EF [42102-145]
14:17:39,917 DEBUG SQL:104 - 
    alter table NumberedNode 
        drop constraint FK667A9BEA3502F886
14:17:39,917 ERROR SchemaExport:425 - HHH000389: Unsuccessful: alter table NumberedNode drop constraint FK667A9BEA3502F886
14:17:39,917 ERROR SchemaExport:426 - Table "NUMBEREDNODE" not found; SQL statement:

    alter table NumberedNode 
        drop constraint FK667A9BEA3502F886 [42102-145]
14:17:39,917 DEBUG SQL:104 - 
    alter table OPS_ADDRESS 
        drop constraint FKCEA94F2739378637
14:17:39,918 ERROR SchemaExport:425 - HHH000389: Unsuccessful: alter table OPS_ADDRESS drop constraint FKCEA94F2739378637
14:17:39,918 ERROR SchemaExport:426 - Table "OPS_ADDRESS" not found; SQL statement:

    alter table OPS_ADDRESS 
        drop constraint FKCEA94F2739378637 [42102-145]
14:17:39,918 DEBUG SQL:104 - 
    alter table OPS_PERS_DETAIL 
        drop constraint FK2409C38D4DE84602
14:17:39,918 ERROR SchemaExport:425 - HHH000389: Unsuccessful: alter table OPS_PERS_DETAIL drop constraint FK2409C38D4DE84602
14:17:39,918 ERROR SchemaExport:426 - Table "OPS_PERS_DETAIL" not found; SQL statement:

    alter table OPS_PERS_DETAIL 
        drop constraint FK2409C38D4DE84602 [42102-145]
14:17:39,918 DEBUG SQL:104 - 
    alter table V_ENTITY 
        drop constraint FK145E7EC8408FD92
14:17:39,919 ERROR SchemaExport:425 - HHH000389: Unsuccessful: alter table V_ENTITY drop constraint FK145E7EC8408FD92
14:17:39,919 ERROR SchemaExport:426 - Table "V_ENTITY" not found; SQL statement:

    alter table V_ENTITY 
        drop constraint FK145E7EC8408FD92 [42102-145]
14:17:39,919 DEBUG SQL:104 - 
    drop table COMPET_ION_OR if exists
14:17:39,919 DEBUG SQL:104 - 
    drop table Competition if exists
14:17:39,919 DEBUG SQL:104 - 
    drop table Competitor if exists
14:17:39,919 DEBUG SQL:104 - 
    drop table EMPLOYER_EMPLOYEE if exists
14:17:39,919 DEBUG SQL:104 - 
    drop table Employee if exists
14:17:39,920 DEBUG SQL:104 - 
    drop table Employer if exists
14:17:39,920 DEBUG SQL:104 - 
    drop table Node if exists
14:17:39,920 DEBUG SQL:104 - 
    drop table NumberedNode if exists
14:17:39,920 DEBUG SQL:104 - 
    drop table OPS_ADDRESS if exists
14:17:39,920 DEBUG SQL:104 - 
    drop table OPS_PERSON if exists
14:17:39,920 DEBUG SQL:104 - 
    drop table OPS_PERS_DETAIL if exists
14:17:39,920 DEBUG SQL:104 - 
    drop table T_ENTITY if exists
14:17:39,921 DEBUG SQL:104 - 
    drop table V_ENTITY if exists
14:17:39,921 DEBUG SQL:104 - 
    create table COMPET_ION_OR (
        TION_ID integer not null,
        TOR_ID integer not null,
        INDEX_COL integer not null,
        primary key (TION_ID, INDEX_COL)
    )
14:17:39,921 DEBUG SQL:104 - 
    create table Competition (
        id integer generated by default as identity,
        primary key (id)
    )
14:17:39,922 DEBUG SQL:104 - 
    create table Competitor (
        id integer generated by default as identity,
        name varchar(255),
        primary key (id)
    )
14:17:39,922 DEBUG SQL:104 - 
    create table EMPLOYER_EMPLOYEE (
        EMPER_ID integer not null,
        EMPEE_ID integer not null
    )
14:17:39,922 DEBUG SQL:104 - 
    create table Employee (
        id integer generated by default as identity,
        primary key (id)
    )
14:17:39,922 DEBUG SQL:104 - 
    create table Employer (
        id integer generated by default as identity,
        vers integer not null,
        primary key (id)
    )
14:17:39,923 DEBUG SQL:104 - 
    create table Node (
        name varchar(255) not null,
        description varchar(255),
        parent varchar(255),
        created date not null,
        CASC_PARENT varchar(255),
        primary key (name)
    )
14:17:39,923 DEBUG SQL:104 - 
    create table NumberedNode (
        id bigint generated by default as identity,
        name varchar(255) not null,
        description varchar(255),
        created date not null,
        parent bigint,
        primary key (id)
    )
14:17:39,923 DEBUG SQL:104 - 
    create table OPS_ADDRESS (
        ID bigint not null,
        STREET varchar(255),
        CITY varchar(255),
        CTRY varchar(255),
        RESIDENT bigint,
        primary key (ID)
    )
14:17:39,924 DEBUG SQL:104 - 
    create table OPS_PERSON (
        ID bigint not null,
        NAME varchar(255),
        primary key (ID)
    )
14:17:39,924 DEBUG SQL:104 - 
    create table OPS_PERS_DETAIL (
        ID bigint not null,
        SOME_DETAIL varchar(255),
        primary key (ID)
    )
14:17:39,924 DEBUG SQL:104 - 
    create table T_ENTITY (
        ID varchar(255) not null,
        TS timestamp not null,
        NAME varchar(255),
        primary key (ID)
    )
14:17:39,925 DEBUG SQL:104 - 
    create table V_ENTITY (
        ID varchar(255) not null,
        VERS bigint not null,
        NAME varchar(255),
        parent varchar(255),
        primary key (ID)
    )
14:17:39,926 DEBUG SQL:104 - 
    alter table COMPET_ION_OR 
        add constraint FK1AAE64FBB455A2E1 
        foreign key (TOR_ID) 
        references Competitor
14:17:39,926 DEBUG SQL:104 - 
    alter table COMPET_ION_OR 
        add constraint FK1AAE64FBCBFDF593 
        foreign key (TION_ID) 
        references Competition
14:17:39,926 DEBUG SQL:104 - 
    alter table EMPLOYER_EMPLOYEE 
        add constraint FKDC9B93B2E831BD12 
        foreign key (EMPEE_ID) 
        references Employee
14:17:39,927 DEBUG SQL:104 - 
    alter table EMPLOYER_EMPLOYEE 
        add constraint FKDC9B93B2E837A5F2 
        foreign key (EMPER_ID) 
        references Employer
14:17:39,927 DEBUG SQL:104 - 
    alter table Node 
        add constraint FK252222973190BE 
        foreign key (parent) 
        references Node
14:17:39,928 DEBUG SQL:104 - 
    alter table Node 
        add constraint FK25222223B8C2EF 
        foreign key (CASC_PARENT) 
        references Node
14:17:39,928 DEBUG SQL:104 - 
    create index iname on NumberedNode (name)
14:17:39,928 DEBUG SQL:104 - 
    alter table NumberedNode 
        add constraint FK667A9BEA3502F886 
        foreign key (parent) 
        references NumberedNode
14:17:39,929 DEBUG SQL:104 - 
    alter table OPS_ADDRESS 
        add constraint FKCEA94F2739378637 
        foreign key (RESIDENT) 
        references OPS_PERSON
14:17:39,929 DEBUG SQL:104 - 
    alter table OPS_PERS_DETAIL 
        add constraint FK2409C38D4DE84602 
        foreign key (ID) 
        references OPS_PERSON
14:17:39,930 DEBUG SQL:104 - 
    alter table V_ENTITY 
        add constraint FK145E7EC8408FD92 
        foreign key (parent) 
        references V_ENTITY
14:17:39,930  INFO SchemaExport:405 - HHH000230: Schema export complete
14:17:39,931  WARN SessionFactoryImpl:1554 - HHH000008: JTASessionContext being used with JDBCTransactionFactory; auto-flush will not operate correctly with getCurrentSession()
14:17:39,931  INFO CustomRunner:139 - Test: testBasic
14:17:39,932 DEBUG SQL:104 - 
    insert 
    into
        Employee
        (id) 
    values
        (null)
14:17:39,933 DEBUG SQL:104 - 
    insert 
    into
        Employer
        (id, vers) 
    values
        (null, ?)
14:17:39,934 DEBUG SQL:104 - 
    insert 
    into
        EMPLOYER_EMPLOYEE
        (EMPER_ID, EMPEE_ID) 
    values
        (?, ?)
14:17:39,934 DEBUG SQL:104 - 
    select
        employer0_.id as id5_0_,
        employer0_.vers as vers5_0_ 
    from
        Employer employer0_ 
    where
        employer0_.id=?
14:17:39,935 DEBUG SQL:104 - 
    select
        employees0_.EMPER_ID as EMPER1_5_1_,
        employees0_.EMPEE_ID as EMPEE2_3_1_,
        employee1_.id as id4_0_ 
    from
        EMPLOYER_EMPLOYEE employees0_ 
    inner join
        Employee employee1_ 
            on employees0_.EMPEE_ID=employee1_.id 
    where
        employees0_.EMPER_ID=?
14:17:39,938  INFO CustomRunner:139 - Test: testCreateException
14:17:39,939 DEBUG SQL:104 - 
    insert 
    into
        Node
        (description, parent, created, name) 
    values
        (?, ?, ?, ?)
14:17:39,940 DEBUG SQL:104 - 
    insert 
    into
        Node
        (description, parent, created, name) 
    values
        (?, ?, ?, ?)
14:17:39,940  WARN SqlExceptionHelper:143 - SQL Error: 23001, SQLState: 23001
14:17:39,940 ERROR SqlExceptionHelper:144 - Unique index or primary key violation: "PRIMARY_KEY_24 ON PUBLIC.NODE(NAME)"; SQL statement:
insert into Node (description, parent, created, name) values (?, ?, ?, ?) [23001-145]
14:17:39,941  INFO AbstractBatchImpl:195 - HHH000010: On release of batch it still contained JDBC statements
14:17:39,942 DEBUG SQL:104 - 
    insert 
    into
        Node
        (description, parent, created, name) 
    values
        (?, ?, ?, ?)
14:17:39,947 DEBUG SQL:104 - 
    insert 
    into
        Node
        (description, parent, created, name) 
    values
        (?, ?, ?, ?)
14:17:39,948  WARN SqlExceptionHelper:143 - SQL Error: 23001, SQLState: 23001
14:17:39,948 ERROR SqlExceptionHelper:144 - Unique index or primary key violation: "PRIMARY_KEY_24 ON PUBLIC.NODE(NAME)"; SQL statement:
insert into Node (description, parent, created, name) values (?, ?, ?, ?) [23001-145]
14:17:39,948  INFO AbstractBatchImpl:195 - HHH000010: On release of batch it still contained JDBC statements
14:17:39,948  INFO CustomRunner:139 - Test: testCreateExceptionWithGeneratedId
14:17:39,960 DEBUG SQL:104 - 
    insert 
    into
        NumberedNode
        (id, name, description, created, parent) 
    values
        (null, ?, ?, ?, ?)
14:17:39,961 DEBUG SQL:104 - 
    insert 
    into
        NumberedNode
        (id, name, description, created, parent) 
    values
        (null, ?, ?, ?, ?)
14:17:39,962  INFO CustomRunner:139 - Test: testCreateTree
14:17:39,964 DEBUG SQL:104 - 
    insert 
    into
        Node
        (description, parent, created, name) 
    values
        (?, ?, ?, ?)
14:17:39,964 DEBUG SQL:104 - 
    insert 
    into
        Node
        (description, parent, created, name) 
    values
        (?, ?, ?, ?)
getting
14:17:39,965 DEBUG SQL:104 - 
    select
        node0_.name as name6_0_,
        node0_.description as descript2_6_0_,
        node0_.parent as parent6_0_,
        node0_.created as created6_0_ 
    from
        Node node0_ 
    where
        node0_.name=?
14:17:39,965 DEBUG SQL:104 - 
    select
        children0_.parent as parent6_1_,
        children0_.name as name6_1_,
        children0_.name as name6_0_,
        children0_.description as descript2_6_0_,
        children0_.parent as parent6_0_,
        children0_.created as created6_0_ 
    from
        Node children0_ 
    where
        children0_.parent=?
14:17:39,966 DEBUG SQL:104 - 
    select
        node_.name,
        node_.description as descript2_6_,
        node_.parent as parent6_,
        node_.created as created6_ 
    from
        Node node_ 
    where
        node_.name=?
14:17:39,967 DEBUG SQL:104 - 
    insert 
    into
        Node
        (description, parent, created, name) 
    values
        (?, ?, ?, ?)
14:17:39,975  INFO CustomRunner:139 - Test: testCreateTreeWithGeneratedId
14:17:39,976 DEBUG SQL:104 - 
    insert 
    into
        NumberedNode
        (id, name, description, created, parent) 
    values
        (null, ?, ?, ?, ?)
14:17:39,977 DEBUG SQL:104 - 
    insert 
    into
        NumberedNode
        (id, name, description, created, parent) 
    values
        (null, ?, ?, ?, ?)
14:17:39,978 DEBUG SQL:104 - 
    select
        numberedno0_.id as id7_0_,
        numberedno0_.name as name7_0_,
        numberedno0_.description as descript3_7_0_,
        numberedno0_.created as created7_0_,
        numberedno0_.parent as parent7_0_ 
    from
        NumberedNode numberedno0_ 
    where
        numberedno0_.id=?
14:17:39,979 DEBUG SQL:104 - 
    select
        children0_.parent as parent7_1_,
        children0_.id as id7_1_,
        children0_.id as id7_0_,
        children0_.name as name7_0_,
        children0_.description as descript3_7_0_,
        children0_.created as created7_0_,
        children0_.parent as parent7_0_ 
    from
        NumberedNode children0_ 
    where
        children0_.parent=?
14:17:39,979 DEBUG SQL:104 - 
    insert 
    into
        NumberedNode
        (id, name, description, created, parent) 
    values
        (null, ?, ?, ?, ?)
14:17:39,997  INFO CustomRunner:139 - Test: testNoUpdatesOnCreateVersionedWithCollection
14:17:39,998 DEBUG SQL:104 - 
    select
        versionede_.ID,
        versionede_.VERS as VERS12_,
        versionede_.NAME as NAME12_,
        versionede_.parent as parent12_ 
    from
        V_ENTITY versionede_ 
    where
        versionede_.ID=?
14:17:39,999 DEBUG SQL:104 - 
    insert 
    into
        V_ENTITY
        (VERS, NAME, parent, ID) 
    values
        (?, ?, ?, ?)
14:17:39,999 DEBUG SQL:104 - 
    insert 
    into
        V_ENTITY
        (VERS, NAME, parent, ID) 
    values
        (?, ?, ?, ?)
14:17:40,007 DEBUG SQL:104 - 
    select
        versionede_.ID,
        versionede_.VERS as VERS12_,
        versionede_.NAME as NAME12_,
        versionede_.parent as parent12_ 
    from
        V_ENTITY versionede_ 
    where
        versionede_.ID=?
14:17:40,007 DEBUG SQL:104 - 
    select
        versionede_.ID,
        versionede_.VERS as VERS12_,
        versionede_.NAME as NAME12_,
        versionede_.parent as parent12_ 
    from
        V_ENTITY versionede_ 
    where
        versionede_.ID=?
14:17:40,008 DEBUG SQL:104 - 
    delete 
    from
        V_ENTITY 
    where
        ID=? 
        and VERS=?
14:17:40,008 DEBUG SQL:104 - 
    delete 
    from
        V_ENTITY 
    where
        ID=? 
        and VERS=?
14:17:40,016  INFO SchemaExport:343 - HHH000227: Running hbm2ddl schema export
14:17:40,017 DEBUG SchemaExport:353 - Import file not found: /import.sql
14:17:40,017 DEBUG SQL:104 - 
    alter table COMPET_ION_OR 
        drop constraint FK1AAE64FBB455A2E1
14:17:40,017 DEBUG SQL:104 - 
    alter table COMPET_ION_OR 
        drop constraint FK1AAE64FBCBFDF593
14:17:40,018 DEBUG SQL:104 - 
    alter table EMPLOYER_EMPLOYEE 
        drop constraint FKDC9B93B2E831BD12
14:17:40,018 DEBUG SQL:104 - 
    alter table EMPLOYER_EMPLOYEE 
        drop constraint FKDC9B93B2E837A5F2
14:17:40,018 DEBUG SQL:104 - 
    alter table Node 
        drop constraint FK252222973190BE
14:17:40,018 DEBUG SQL:104 - 
    alter table Node 
        drop constraint FK25222223B8C2EF
14:17:40,018 DEBUG SQL:104 - 
    alter table NumberedNode 
        drop constraint FK667A9BEA3502F886
14:17:40,018 DEBUG SQL:104 - 
    alter table OPS_ADDRESS 
        drop constraint FKCEA94F2739378637
14:17:40,029 DEBUG SQL:104 - 
    alter table OPS_PERS_DETAIL 
        drop constraint FK2409C38D4DE84602
14:17:40,030 DEBUG SQL:104 - 
    alter table V_ENTITY 
        drop constraint FK145E7EC8408FD92
14:17:40,030 DEBUG SQL:104 - 
    drop table COMPET_ION_OR if exists
14:17:40,030 DEBUG SQL:104 - 
    drop table Competition if exists
14:17:40,030 DEBUG SQL:104 - 
    drop table Competitor if exists
14:17:40,031 DEBUG SQL:104 - 
    drop table EMPLOYER_EMPLOYEE if exists
14:17:40,031 DEBUG SQL:104 - 
    drop table Employee if exists
14:17:40,031 DEBUG SQL:104 - 
    drop table Employer if exists
14:17:40,031 DEBUG SQL:104 - 
    drop table Node if exists
14:17:40,031 DEBUG SQL:104 - 
    drop table NumberedNode if exists
14:17:40,032 DEBUG SQL:104 - 
    drop table OPS_ADDRESS if exists
14:17:40,032 DEBUG SQL:104 - 
    drop table OPS_PERSON if exists
14:17:40,032 DEBUG SQL:104 - 
    drop table OPS_PERS_DETAIL if exists
14:17:40,040 DEBUG SQL:104 - 
    drop table T_ENTITY if exists
14:17:40,040 DEBUG SQL:104 - 
    drop table V_ENTITY if exists
14:17:40,040  INFO SchemaExport:405 - HHH000230: Schema export complete
14:17:40,041  INFO DriverManagerConnectionProviderImpl:162 - HHH000030: Cleaning up connection pool [jdbc:h2:mem:db1;DB_CLOSE_DELAY=-1;MVCC=TRUE]
]]></system-out>
  <system-err><![CDATA[]]></system-err>
</testsuite>
