<?xml version="1.0" encoding="UTF-8"?>
<testsuite errors="0" failures="0" hostname="dhcp-10.15.208.168.stl.redhat.com" name="org.hibernate.test.typeoverride.TypeOverrideTest" tests="5" time="0.073" timestamp="2013-02-28T20:19:26">
  <properties />
  <testcase classname="org.hibernate.test.typeoverride.TypeOverrideTest" name="testDialectWithNonStandardSqlTypeDescriptor" time="0.001" />
  <testcase classname="org.hibernate.test.typeoverride.TypeOverrideTest" name="testInsert" time="0.005" />
  <testcase classname="org.hibernate.test.typeoverride.TypeOverrideTest" name="testNonStandardSqlTypeDescriptor" time="0.002" />
  <testcase classname="org.hibernate.test.typeoverride.TypeOverrideTest" name="testRegisteredFunction" time="0.003" />
  <testcase classname="org.hibernate.test.typeoverride.TypeOverrideTest" name="testStandardBasicSqlTypeDescriptor" time="0.0" />
  <system-out><![CDATA[14:19:26,342  INFO CustomRunner:132 - BeforeClass: org.hibernate.test.typeoverride.TypeOverrideTest
14:19:26,344  INFO BasicTypeRegistry:150 - HHH000270: Type registration [string] overrides previous : org.hibernate.type.StringType@2dc8de40
14:19:26,344  INFO BasicTypeRegistry:150 - HHH000270: Type registration [java.lang.String] overrides previous : org.hibernate.type.StringType@2dc8de40
14:19:26,345  INFO Configuration:706 - HHH000221: Reading mappings from resource: org/hibernate/test/typeoverride/Entity.hbm.xml
14:19:26,352  INFO DriverManagerConnectionProviderImpl:99 - HHH000402: Using Hibernate built-in connection pool (not for production use!)
14:19:26,352  INFO DriverManagerConnectionProviderImpl:135 - HHH000115: Hibernate connection pool size: 5
14:19:26,352  INFO DriverManagerConnectionProviderImpl:138 - HHH000006: Autocommit mode: false
14:19:26,352  INFO DriverManagerConnectionProviderImpl:153 - HHH000401: using driver [org.h2.Driver] at URL [jdbc:h2:mem:db1;DB_CLOSE_DELAY=-1;MVCC=TRUE]
14:19:26,353  INFO DriverManagerConnectionProviderImpl:158 - HHH000046: Connection properties: {user=sa}
14:19:26,354  INFO Dialect:103 - HHH000400: Using dialect: org.hibernate.dialect.H2Dialect
14:19:26,354  INFO LobCreatorBuilder:94 - HHH000423: Disabling contextual LOB creation as JDBC driver reported JDBC version [3] less than 4
14:19:26,355  INFO TransactionFactoryInitiator:66 - HHH000399: Using default transaction strategy (direct JDBC transactions)
14:19:26,355  INFO ASTQueryTranslatorFactory:48 - HHH000397: Using ASTQueryTranslatorFactory
14:19:26,355  WARN CachingRegionFactory:58 - CachingRegionFactory should be only used for testing.
14:19:26,360  INFO SchemaExport:343 - HHH000227: Running hbm2ddl schema export
14:19:26,361 DEBUG SchemaExport:353 - Import file not found: /import.sql
14:19:26,361 DEBUG SQL:104 - 
    drop table Entity if exists
14:19:26,361 DEBUG SQL:104 - 
    create table Entity (
        id bigint generated by default as identity,
        name varchar(255),
        primary key (id)
    )
14:19:26,362  INFO SchemaExport:405 - HHH000230: Schema export complete
14:19:26,362  WARN SessionFactoryImpl:1554 - HHH000008: JTASessionContext being used with JDBCTransactionFactory; auto-flush will not operate correctly with getCurrentSession()
14:19:26,362  INFO CustomRunner:139 - Test: testDialectWithNonStandardSqlTypeDescriptor
14:19:26,364  INFO Dialect:103 - HHH000400: Using dialect: org.hibernate.test.typeoverride.H2DialectOverridePrefixedVarcharSqlTypeDesc
14:19:26,364  INFO CustomRunner:139 - Test: testInsert
14:19:26,365 DEBUG SQL:104 - 
    insert 
    into
        Entity
        (id, name) 
    values
        (null, ?)
14:19:26,367 DEBUG SQL:104 - 
    select
        entity0_.id as id0_0_,
        entity0_.name as name0_0_ 
    from
        Entity entity0_ 
    where
        entity0_.id=?
14:19:26,369 DEBUG SQL:104 - 
    delete 
    from
        Entity 
    where
        id=?
14:19:26,370  INFO CustomRunner:139 - Test: testNonStandardSqlTypeDescriptor
14:19:26,372  INFO CustomRunner:139 - Test: testRegisteredFunction
14:19:26,373 DEBUG SQL:104 - 
    insert 
    into
        Entity
        (id, name) 
    values
        (null, ?)
14:19:26,374 DEBUG SQL:104 - 
    select
        entity0_.id as id0_0_,
        entity0_.name as name0_0_ 
    from
        Entity entity0_ 
    where
        entity0_.id=?
14:19:26,375 DEBUG SQL:104 - 
    delete 
    from
        Entity 
    where
        id=?
14:19:26,375  INFO CustomRunner:139 - Test: testStandardBasicSqlTypeDescriptor
14:19:26,376  INFO SchemaExport:343 - HHH000227: Running hbm2ddl schema export
14:19:26,377 DEBUG SchemaExport:353 - Import file not found: /import.sql
14:19:26,377 DEBUG SQL:104 - 
    drop table Entity if exists
14:19:26,377  INFO SchemaExport:405 - HHH000230: Schema export complete
14:19:26,377  INFO DriverManagerConnectionProviderImpl:162 - HHH000030: Cleaning up connection pool [jdbc:h2:mem:db1;DB_CLOSE_DELAY=-1;MVCC=TRUE]
]]></system-out>
  <system-err><![CDATA[]]></system-err>
</testsuite>
