<?xml version="1.0" encoding="UTF-8"?>
<testsuite errors="0" failures="0" hostname="dhcp-10.15.208.168.stl.redhat.com" name="org.hibernate.test.annotations.uniqueconstraint.UniqueConstraintValidationTest" tests="3" time="0.017" timestamp="2013-02-28T20:10:44">
  <properties />
  <testcase classname="org.hibernate.test.annotations.uniqueconstraint.UniqueConstraintValidationTest" name="testUniqueConstraintWithEmptyColumnName" time="0.003" />
  <testcase classname="org.hibernate.test.annotations.uniqueconstraint.UniqueConstraintValidationTest" name="testUniqueConstraintWithEmptyColumnNameList" time="0.01" />
  <testcase classname="org.hibernate.test.annotations.uniqueconstraint.UniqueConstraintValidationTest" name="testUniqueConstraintWithNotExistsColumnName" time="0.002" />
  <system-out><![CDATA[14:10:44,920  INFO CustomRunner:132 - BeforeClass: org.hibernate.test.annotations.uniqueconstraint.UniqueConstraintValidationTest
14:10:44,920  INFO CustomRunner:139 - Test: testUniqueConstraintWithEmptyColumnName
14:10:44,923  INFO CustomRunner:139 - Test: testUniqueConstraintWithEmptyColumnNameList
14:10:44,926  INFO DriverManagerConnectionProviderImpl:99 - HHH000402: Using Hibernate built-in connection pool (not for production use!)
14:10:44,926  INFO DriverManagerConnectionProviderImpl:135 - HHH000115: Hibernate connection pool size: 5
14:10:44,926  INFO DriverManagerConnectionProviderImpl:138 - HHH000006: Autocommit mode: false
14:10:44,926  INFO DriverManagerConnectionProviderImpl:153 - HHH000401: using driver [org.h2.Driver] at URL [jdbc:h2:mem:db1;DB_CLOSE_DELAY=-1;MVCC=TRUE]
14:10:44,926  INFO DriverManagerConnectionProviderImpl:158 - HHH000046: Connection properties: {user=sa}
14:10:44,927  INFO Dialect:103 - HHH000400: Using dialect: org.hibernate.dialect.H2Dialect
14:10:44,927  INFO LobCreatorBuilder:94 - HHH000423: Disabling contextual LOB creation as JDBC driver reported JDBC version [3] less than 4
14:10:44,928  INFO TransactionFactoryInitiator:66 - HHH000399: Using default transaction strategy (direct JDBC transactions)
14:10:44,928  INFO ASTQueryTranslatorFactory:48 - HHH000397: Using ASTQueryTranslatorFactory
14:10:44,928  WARN CachingRegionFactory:58 - CachingRegionFactory should be only used for testing.
14:10:44,933  WARN SessionFactoryImpl:1554 - HHH000008: JTASessionContext being used with JDBCTransactionFactory; auto-flush will not operate correctly with getCurrentSession()
14:10:44,933  INFO CustomRunner:139 - Test: testUniqueConstraintWithNotExistsColumnName
]]></system-out>
  <system-err><![CDATA[]]></system-err>
</testsuite>
