<?xml version="1.0" encoding="UTF-8"?>
<testsuite errors="0" failures="0" hostname="dhcp-10.15.208.168.stl.redhat.com" name="org.hibernate.test.annotations.strategy.StrategyTest" tests="1" time="0.022" timestamp="2013-02-28T20:10:44">
  <properties />
  <testcase classname="org.hibernate.test.annotations.strategy.StrategyTest" name="testComponentSafeStrategy" time="0.003" />
  <system-out><![CDATA[14:10:44,449  INFO CustomRunner:132 - BeforeClass: org.hibernate.test.annotations.strategy.StrategyTest
14:10:44,453  INFO DriverManagerConnectionProviderImpl:99 - HHH000402: Using Hibernate built-in connection pool (not for production use!)
14:10:44,454  INFO DriverManagerConnectionProviderImpl:135 - HHH000115: Hibernate connection pool size: 5
14:10:44,454  INFO DriverManagerConnectionProviderImpl:138 - HHH000006: Autocommit mode: false
14:10:44,454  INFO DriverManagerConnectionProviderImpl:153 - HHH000401: using driver [org.h2.Driver] at URL [jdbc:h2:mem:db1;DB_CLOSE_DELAY=-1;MVCC=TRUE]
14:10:44,454  INFO DriverManagerConnectionProviderImpl:158 - HHH000046: Connection properties: {user=sa}
14:10:44,455  INFO Dialect:103 - HHH000400: Using dialect: org.hibernate.dialect.H2Dialect
14:10:44,455  INFO LobCreatorBuilder:94 - HHH000423: Disabling contextual LOB creation as JDBC driver reported JDBC version [3] less than 4
14:10:44,456  INFO TransactionFactoryInitiator:66 - HHH000399: Using default transaction strategy (direct JDBC transactions)
14:10:44,456  INFO ASTQueryTranslatorFactory:48 - HHH000397: Using ASTQueryTranslatorFactory
14:10:44,456  WARN CachingRegionFactory:58 - CachingRegionFactory should be only used for testing.
14:10:44,463  INFO SchemaExport:343 - HHH000227: Running hbm2ddl schema export
14:10:44,463 DEBUG SchemaExport:353 - Import file not found: /import.sql
14:10:44,464 DEBUG SQL:104 - 
    drop table Storm if exists
14:10:44,464 DEBUG SQL:104 - 
    drop sequence hibernate_sequence
14:10:44,464 ERROR SchemaExport:425 - HHH000389: Unsuccessful: drop sequence hibernate_sequence
14:10:44,464 ERROR SchemaExport:426 - Sequence "HIBERNATE_SEQUENCE" not found; SQL statement:

    drop sequence hibernate_sequence [90036-145]
14:10:44,464 DEBUG SQL:104 - 
    create table Storm (
        id integer not null,
        end_city varchar(255),
        end_country varchar(255),
        start_city varchar(255),
        start_country varchar(255),
        stormname varchar(255),
        primary key (id)
    )
14:10:44,465 DEBUG SQL:104 - 
    alter table Storm 
        add constraint UK_Storm_1 unique (start_country, start_city)
14:10:44,465 DEBUG SQL:104 - 
    alter table Storm 
        add constraint uc_Storm_1 unique (stormname)
14:10:44,465 DEBUG SQL:104 - 
    create index storm_name_idx on Storm (stormname)
14:10:44,465 DEBUG SQL:104 - 
    create sequence hibernate_sequence start with 1 increment by 1
14:10:44,465  INFO SchemaExport:405 - HHH000230: Schema export complete
14:10:44,466  WARN SessionFactoryImpl:1554 - HHH000008: JTASessionContext being used with JDBCTransactionFactory; auto-flush will not operate correctly with getCurrentSession()
14:10:44,466  INFO CustomRunner:139 - Test: testComponentSafeStrategy
14:10:44,467 DEBUG SQL:104 - 
    call next value for hibernate_sequence
14:10:44,468 DEBUG SQL:104 - 
    insert 
    into
        Storm
        (end_city, end_country, start_city, start_country, stormname, id) 
    values
        (?, ?, ?, ?, ?, ?)
14:10:44,469  INFO SchemaExport:343 - HHH000227: Running hbm2ddl schema export
14:10:44,470 DEBUG SchemaExport:353 - Import file not found: /import.sql
14:10:44,470 DEBUG SQL:104 - 
    drop table Storm if exists
14:10:44,470 DEBUG SQL:104 - 
    drop sequence hibernate_sequence
14:10:44,470  INFO SchemaExport:405 - HHH000230: Schema export complete
14:10:44,470  INFO DriverManagerConnectionProviderImpl:162 - HHH000030: Cleaning up connection pool [jdbc:h2:mem:db1;DB_CLOSE_DELAY=-1;MVCC=TRUE]
]]></system-out>
  <system-err><![CDATA[]]></system-err>
</testsuite>
