<?xml version="1.0" encoding="UTF-8"?>
<testsuite errors="0" failures="0" hostname="dhcp-10.15.208.168.stl.redhat.com" name="org.hibernate.test.annotations.manytoone.referencedcolumnname.ManyToOneReferencedColumnNameTest" tests="1" time="0.065" timestamp="2013-02-28T20:10:37">
  <properties />
  <testcase classname="org.hibernate.test.annotations.manytoone.referencedcolumnname.ManyToOneReferencedColumnNameTest" name="testReoverableExceptionInFkOrdering" time="0.005" />
  <system-out><![CDATA[14:10:37,298  INFO CustomRunner:132 - BeforeClass: org.hibernate.test.annotations.manytoone.referencedcolumnname.ManyToOneReferencedColumnNameTest
14:10:37,321  INFO DriverManagerConnectionProviderImpl:99 - HHH000402: Using Hibernate built-in connection pool (not for production use!)
14:10:37,321  INFO DriverManagerConnectionProviderImpl:135 - HHH000115: Hibernate connection pool size: 5
14:10:37,321  INFO DriverManagerConnectionProviderImpl:138 - HHH000006: Autocommit mode: false
14:10:37,321  INFO DriverManagerConnectionProviderImpl:153 - HHH000401: using driver [org.h2.Driver] at URL [jdbc:h2:mem:db1;DB_CLOSE_DELAY=-1;MVCC=TRUE]
14:10:37,322  INFO DriverManagerConnectionProviderImpl:158 - HHH000046: Connection properties: {user=sa}
14:10:37,323  INFO Dialect:103 - HHH000400: Using dialect: org.hibernate.dialect.H2Dialect
14:10:37,323  INFO LobCreatorBuilder:94 - HHH000423: Disabling contextual LOB creation as JDBC driver reported JDBC version [3] less than 4
14:10:37,324  INFO TransactionFactoryInitiator:66 - HHH000399: Using default transaction strategy (direct JDBC transactions)
14:10:37,324  INFO ASTQueryTranslatorFactory:48 - HHH000397: Using ASTQueryTranslatorFactory
14:10:37,324  WARN CachingRegionFactory:58 - CachingRegionFactory should be only used for testing.
14:10:37,342  INFO SchemaExport:343 - HHH000227: Running hbm2ddl schema export
14:10:37,343 DEBUG SchemaExport:353 - Import file not found: /import.sql
14:10:37,343 DEBUG SQL:104 - 
    alter table WarehouseItem 
        drop constraint FKE54040567BD9552C
14:10:37,343 ERROR SchemaExport:425 - HHH000389: Unsuccessful: alter table WarehouseItem drop constraint FKE54040567BD9552C
14:10:37,343 ERROR SchemaExport:426 - Table "WAREHOUSEITEM" not found; SQL statement:

    alter table WarehouseItem 
        drop constraint FKE54040567BD9552C [42102-145]
14:10:37,344 DEBUG SQL:104 - 
    alter table WarehouseItem 
        drop constraint FKE54040563F22608C
14:10:37,344 ERROR SchemaExport:425 - HHH000389: Unsuccessful: alter table WarehouseItem drop constraint FKE54040563F22608C
14:10:37,344 ERROR SchemaExport:426 - Table "WAREHOUSEITEM" not found; SQL statement:

    alter table WarehouseItem 
        drop constraint FKE54040563F22608C [42102-145]
14:10:37,344 DEBUG SQL:104 - 
    alter table WarehouseItem 
        drop constraint FKE54040564A38C41
14:10:37,344 ERROR SchemaExport:425 - HHH000389: Unsuccessful: alter table WarehouseItem drop constraint FKE54040564A38C41
14:10:37,344 ERROR SchemaExport:426 - Table "WAREHOUSEITEM" not found; SQL statement:

    alter table WarehouseItem 
        drop constraint FKE54040564A38C41 [42102-145]
14:10:37,344 DEBUG SQL:104 - 
    alter table ZItemCost 
        drop constraint FK6A1147FA7BD9552C
14:10:37,344 ERROR SchemaExport:425 - HHH000389: Unsuccessful: alter table ZItemCost drop constraint FK6A1147FA7BD9552C
14:10:37,345 ERROR SchemaExport:426 - Table "ZITEMCOST" not found; SQL statement:

    alter table ZItemCost 
        drop constraint FK6A1147FA7BD9552C [42102-145]
14:10:37,345 DEBUG SQL:104 - 
    alter table ZItemCost 
        drop constraint FK6A1147FA3F22608C
14:10:37,345 ERROR SchemaExport:425 - HHH000389: Unsuccessful: alter table ZItemCost drop constraint FK6A1147FA3F22608C
14:10:37,345 ERROR SchemaExport:426 - Table "ZITEMCOST" not found; SQL statement:

    alter table ZItemCost 
        drop constraint FK6A1147FA3F22608C [42102-145]
14:10:37,345 DEBUG SQL:104 - 
    drop table Item if exists
14:10:37,345 DEBUG SQL:104 - 
    drop table Vendor if exists
14:10:37,345 DEBUG SQL:104 - 
    drop table WarehouseItem if exists
14:10:37,345 DEBUG SQL:104 - 
    drop table ZItemCost if exists
14:10:37,346 DEBUG SQL:104 - 
    create table Item (
        id integer generated by default as identity,
        version integer not null,
        primary key (id)
    )
14:10:37,346 DEBUG SQL:104 - 
    create table Vendor (
        id integer generated by default as identity,
        version integer not null,
        primary key (id)
    )
14:10:37,346 DEBUG SQL:104 - 
    create table WarehouseItem (
        id integer generated by default as identity,
        version integer not null,
        qtyInStock decimal(19,2),
        ITEM_ID integer not null,
        VENDOR_ID integer not null,
        primary key (id)
    )
14:10:37,347 DEBUG SQL:104 - 
    create table ZItemCost (
        id integer generated by default as identity,
        version integer not null,
        cost decimal(19,2),
        item_id integer,
        vendor_id integer,
        primary key (id)
    )
14:10:37,347 DEBUG SQL:104 - 
    alter table WarehouseItem 
        add constraint FKE54040567BD9552C 
        foreign key (ITEM_ID) 
        references Item
14:10:37,348 DEBUG SQL:104 - 
    alter table WarehouseItem 
        add constraint FKE54040563F22608C 
        foreign key (VENDOR_ID) 
        references Vendor
14:10:37,348 DEBUG SQL:104 - 
    alter table WarehouseItem 
        add constraint FKE54040564A38C41 
        foreign key (vendor_id, item_id) 
        references ZItemCost (vendor_id, item_id)
14:10:37,350 DEBUG SQL:104 - 
    alter table ZItemCost 
        add constraint UK_6A1147FA3D682139 unique (vendor_id, item_id)
14:10:37,350 DEBUG SQL:104 - 
    alter table ZItemCost 
        add constraint FK6A1147FA7BD9552C 
        foreign key (item_id) 
        references Item
14:10:37,351 DEBUG SQL:104 - 
    alter table ZItemCost 
        add constraint FK6A1147FA3F22608C 
        foreign key (vendor_id) 
        references Vendor
14:10:37,351  INFO SchemaExport:405 - HHH000230: Schema export complete
14:10:37,352  WARN SessionFactoryImpl:1554 - HHH000008: JTASessionContext being used with JDBCTransactionFactory; auto-flush will not operate correctly with getCurrentSession()
14:10:37,352  INFO CustomRunner:139 - Test: testReoverableExceptionInFkOrdering
14:10:37,354 DEBUG SQL:104 - 
    insert 
    into
        Item
        (id, version) 
    values
        (null, ?)
14:10:37,355 DEBUG SQL:104 - 
    insert 
    into
        Vendor
        (id, version) 
    values
        (null, ?)
14:10:37,355 DEBUG SQL:104 - 
    insert 
    into
        ZItemCost
        (id, version, cost, item_id, vendor_id) 
    values
        (null, ?, ?, ?, ?)
14:10:37,356 DEBUG SQL:104 - 
    insert 
    into
        WarehouseItem
        (id, version, ITEM_ID, qtyInStock, VENDOR_ID) 
    values
        (null, ?, ?, ?, ?)
14:10:37,358  INFO SchemaExport:343 - HHH000227: Running hbm2ddl schema export
14:10:37,358 DEBUG SchemaExport:353 - Import file not found: /import.sql
14:10:37,358 DEBUG SQL:104 - 
    alter table WarehouseItem 
        drop constraint FKE54040567BD9552C
14:10:37,359 DEBUG SQL:104 - 
    alter table WarehouseItem 
        drop constraint FKE54040563F22608C
14:10:37,359 DEBUG SQL:104 - 
    alter table WarehouseItem 
        drop constraint FKE54040564A38C41
14:10:37,359 DEBUG SQL:104 - 
    alter table ZItemCost 
        drop constraint FK6A1147FA7BD9552C
14:10:37,359 DEBUG SQL:104 - 
    alter table ZItemCost 
        drop constraint FK6A1147FA3F22608C
14:10:37,359 DEBUG SQL:104 - 
    drop table Item if exists
14:10:37,360 DEBUG SQL:104 - 
    drop table Vendor if exists
14:10:37,360 DEBUG SQL:104 - 
    drop table WarehouseItem if exists
14:10:37,360 DEBUG SQL:104 - 
    drop table ZItemCost if exists
14:10:37,360  INFO SchemaExport:405 - HHH000230: Schema export complete
14:10:37,360  INFO DriverManagerConnectionProviderImpl:162 - HHH000030: Cleaning up connection pool [jdbc:h2:mem:db1;DB_CLOSE_DELAY=-1;MVCC=TRUE]
]]></system-out>
  <system-err><![CDATA[]]></system-err>
</testsuite>
