<?xml version="1.0" encoding="UTF-8"?>
<testsuite errors="0" failures="0" hostname="dhcp-10.15.208.168.stl.redhat.com" name="org.hibernate.test.annotations.inheritance.joined.JoinedSubclassAndSecondaryTable" tests="1" time="0.071" timestamp="2013-02-28T20:10:32">
  <properties />
  <testcase classname="org.hibernate.test.annotations.inheritance.joined.JoinedSubclassAndSecondaryTable" name="testSecondaryTableAndJoined" time="0.027" />
  <system-out><![CDATA[14:10:32,048  INFO CustomRunner:132 - BeforeClass: org.hibernate.test.annotations.inheritance.joined.JoinedSubclassAndSecondaryTable
14:10:32,052  INFO DriverManagerConnectionProviderImpl:99 - HHH000402: Using Hibernate built-in connection pool (not for production use!)
14:10:32,053  INFO DriverManagerConnectionProviderImpl:135 - HHH000115: Hibernate connection pool size: 5
14:10:32,053  INFO DriverManagerConnectionProviderImpl:138 - HHH000006: Autocommit mode: false
14:10:32,053  INFO DriverManagerConnectionProviderImpl:153 - HHH000401: using driver [org.h2.Driver] at URL [jdbc:h2:mem:db1;DB_CLOSE_DELAY=-1;MVCC=TRUE]
14:10:32,053  INFO DriverManagerConnectionProviderImpl:158 - HHH000046: Connection properties: {user=sa}
14:10:32,055  INFO Dialect:103 - HHH000400: Using dialect: org.hibernate.dialect.H2Dialect
14:10:32,055  INFO LobCreatorBuilder:94 - HHH000423: Disabling contextual LOB creation as JDBC driver reported JDBC version [3] less than 4
14:10:32,056  INFO TransactionFactoryInitiator:66 - HHH000399: Using default transaction strategy (direct JDBC transactions)
14:10:32,056  INFO ASTQueryTranslatorFactory:48 - HHH000397: Using ASTQueryTranslatorFactory
14:10:32,056  WARN CachingRegionFactory:58 - CachingRegionFactory should be only used for testing.
14:10:32,069  INFO SchemaExport:343 - HHH000227: Running hbm2ddl schema export
14:10:32,070 DEBUG SchemaExport:353 - Import file not found: /import.sql
14:10:32,070 DEBUG SQL:104 - 
    alter table POOL_ADDRESS 
        drop constraint FK340482B15DB6F2F8
14:10:32,071 ERROR SchemaExport:425 - HHH000389: Unsuccessful: alter table POOL_ADDRESS drop constraint FK340482B15DB6F2F8
14:10:32,071 ERROR SchemaExport:426 - Table "POOL_ADDRESS" not found; SQL statement:

    alter table POOL_ADDRESS 
        drop constraint FK340482B15DB6F2F8 [42102-145]
14:10:32,071 DEBUG SQL:104 - 
    alter table SwimmingPool 
        drop constraint FKB6FF5CB95DB6F2F8
14:10:32,072 ERROR SchemaExport:425 - HHH000389: Unsuccessful: alter table SwimmingPool drop constraint FKB6FF5CB95DB6F2F8
14:10:32,072 ERROR SchemaExport:426 - Table "SWIMMINGPOOL" not found; SQL statement:

    alter table SwimmingPool 
        drop constraint FKB6FF5CB95DB6F2F8 [42102-145]
14:10:32,072 DEBUG SQL:104 - 
    drop table POOL_ADDRESS if exists
14:10:32,072 DEBUG SQL:104 - 
    drop table Pool if exists
14:10:32,072 DEBUG SQL:104 - 
    drop table SwimmingPool if exists
14:10:32,072 DEBUG SQL:104 - 
    drop sequence hibernate_sequence
14:10:32,072 ERROR SchemaExport:425 - HHH000389: Unsuccessful: drop sequence hibernate_sequence
14:10:32,073 ERROR SchemaExport:426 - Sequence "HIBERNATE_SEQUENCE" not found; SQL statement:

    drop sequence hibernate_sequence [90036-145]
14:10:32,073 DEBUG SQL:104 - 
    create table POOL_ADDRESS (
        address varchar(255),
        id integer not null,
        primary key (id)
    )
14:10:32,073 DEBUG SQL:104 - 
    create table Pool (
        id integer not null,
        primary key (id)
    )
14:10:32,074 DEBUG SQL:104 - 
    create table SwimmingPool (
        id integer not null,
        primary key (id)
    )
14:10:32,074 DEBUG SQL:104 - 
    alter table POOL_ADDRESS 
        add constraint FK340482B15DB6F2F8 
        foreign key (id) 
        references Pool
14:10:32,075 DEBUG SQL:104 - 
    alter table SwimmingPool 
        add constraint FKB6FF5CB95DB6F2F8 
        foreign key (id) 
        references Pool
14:10:32,076 DEBUG SQL:104 - 
    create sequence hibernate_sequence start with 1 increment by 1
14:10:32,076  INFO SchemaExport:405 - HHH000230: Schema export complete
14:10:32,077  WARN SessionFactoryImpl:1554 - HHH000008: JTASessionContext being used with JDBCTransactionFactory; auto-flush will not operate correctly with getCurrentSession()
14:10:32,077  INFO CustomRunner:139 - Test: testSecondaryTableAndJoined
14:10:32,078 DEBUG SQL:104 - 
    call next value for hibernate_sequence
14:10:32,079 DEBUG SQL:104 - 
    insert 
    into
        Pool
        (id) 
    values
        (?)
14:10:32,079 DEBUG SQL:104 - 
    insert 
    into
        SwimmingPool
        (id) 
    values
        (?)
14:10:32,092 DEBUG SQL:104 - 
    select
        count(*) 
    from
        POOL_ADDRESS
14:10:32,097 DEBUG SQL:104 - 
    select
        swimmingpo0_.id as id1_0_,
        swimmingpo0_2_.address as address0_0_ 
    from
        SwimmingPool swimmingpo0_ 
    inner join
        Pool swimmingpo0_1_ 
            on swimmingpo0_.id=swimmingpo0_1_.id 
    left outer join
        POOL_ADDRESS swimmingpo0_2_ 
            on swimmingpo0_.id=swimmingpo0_2_.id 
    where
        swimmingpo0_.id=?
14:10:32,098 DEBUG SQL:104 - 
    insert 
    into
        POOL_ADDRESS
        (address, id) 
    values
        (?, ?)
14:10:32,102 DEBUG SQL:104 - 
    select
        swimmingpo0_.id as id1_0_,
        swimmingpo0_2_.address as address0_0_ 
    from
        SwimmingPool swimmingpo0_ 
    inner join
        Pool swimmingpo0_1_ 
            on swimmingpo0_.id=swimmingpo0_1_.id 
    left outer join
        POOL_ADDRESS swimmingpo0_2_ 
            on swimmingpo0_.id=swimmingpo0_2_.id 
    where
        swimmingpo0_.id=?
14:10:32,103 DEBUG SQL:104 - 
    select
        count(*) 
    from
        POOL_ADDRESS
14:10:32,104  INFO SchemaExport:343 - HHH000227: Running hbm2ddl schema export
14:10:32,105 DEBUG SchemaExport:353 - Import file not found: /import.sql
14:10:32,105 DEBUG SQL:104 - 
    alter table POOL_ADDRESS 
        drop constraint FK340482B15DB6F2F8
14:10:32,105 DEBUG SQL:104 - 
    alter table SwimmingPool 
        drop constraint FKB6FF5CB95DB6F2F8
14:10:32,105 DEBUG SQL:104 - 
    drop table POOL_ADDRESS if exists
14:10:32,117 DEBUG SQL:104 - 
    drop table Pool if exists
14:10:32,117 DEBUG SQL:104 - 
    drop table SwimmingPool if exists
14:10:32,118 DEBUG SQL:104 - 
    drop sequence hibernate_sequence
14:10:32,118  INFO SchemaExport:405 - HHH000230: Schema export complete
14:10:32,118  INFO DriverManagerConnectionProviderImpl:162 - HHH000030: Cleaning up connection pool [jdbc:h2:mem:db1;DB_CLOSE_DELAY=-1;MVCC=TRUE]
]]></system-out>
  <system-err><![CDATA[]]></system-err>
</testsuite>
