<?xml version="1.0" encoding="UTF-8"?>
<testsuite errors="0" failures="0" hostname="dhcp-10.15.208.168.stl.redhat.com" name="org.hibernate.test.manytomany.ordered.OrderedManyToManyTest" tests="1" time="0.108" timestamp="2013-02-28T20:17:26">
  <properties />
  <testcase classname="org.hibernate.test.manytomany.ordered.OrderedManyToManyTest" name="testManyToManyOrdering" time="0.028" />
  <system-out><![CDATA[14:17:27,017  INFO CustomRunner:132 - BeforeClass: org.hibernate.test.manytomany.ordered.OrderedManyToManyTest
14:17:27,019  INFO Configuration:706 - HHH000221: Reading mappings from resource: org/hibernate/test/manytomany/ordered/UserGroup.hbm.xml
14:17:27,051  INFO DriverManagerConnectionProviderImpl:99 - HHH000402: Using Hibernate built-in connection pool (not for production use!)
14:17:27,052  INFO DriverManagerConnectionProviderImpl:135 - HHH000115: Hibernate connection pool size: 5
14:17:27,052  INFO DriverManagerConnectionProviderImpl:138 - HHH000006: Autocommit mode: false
14:17:27,052  INFO DriverManagerConnectionProviderImpl:153 - HHH000401: using driver [org.h2.Driver] at URL [jdbc:h2:mem:db1;DB_CLOSE_DELAY=-1;MVCC=TRUE]
14:17:27,052  INFO DriverManagerConnectionProviderImpl:158 - HHH000046: Connection properties: {user=sa}
14:17:27,054  INFO Dialect:103 - HHH000400: Using dialect: org.hibernate.dialect.H2Dialect
14:17:27,054  INFO LobCreatorBuilder:94 - HHH000423: Disabling contextual LOB creation as JDBC driver reported JDBC version [3] less than 4
14:17:27,054  INFO TransactionFactoryInitiator:66 - HHH000399: Using default transaction strategy (direct JDBC transactions)
14:17:27,055  INFO ASTQueryTranslatorFactory:48 - HHH000397: Using ASTQueryTranslatorFactory
14:17:27,063  INFO SchemaExport:343 - HHH000227: Running hbm2ddl schema export
14:17:27,063 DEBUG SchemaExport:353 - Import file not found: /import.sql
14:17:27,064 DEBUG SQL:104 - 
    alter table UserGroup 
        drop constraint FK8A5BE154D405C1FA
14:17:27,064 ERROR SchemaExport:425 - HHH000389: Unsuccessful: alter table UserGroup drop constraint FK8A5BE154D405C1FA
14:17:27,064 ERROR SchemaExport:426 - Table "USERGROUP" not found; SQL statement:

    alter table UserGroup 
        drop constraint FK8A5BE154D405C1FA [42102-145]
14:17:27,064 DEBUG SQL:104 - 
    alter table UserGroup 
        drop constraint FK8A5BE154BB0E713A
14:17:27,064 ERROR SchemaExport:425 - HHH000389: Unsuccessful: alter table UserGroup drop constraint FK8A5BE154BB0E713A
14:17:27,064 ERROR SchemaExport:426 - Table "USERGROUP" not found; SQL statement:

    alter table UserGroup 
        drop constraint FK8A5BE154BB0E713A [42102-145]
14:17:27,064 DEBUG SQL:104 - 
    drop table UserGroup if exists
14:17:27,065 DEBUG SQL:104 - 
    drop table "Group" if exists
14:17:27,065 DEBUG SQL:104 - 
    drop table "User" if exists
14:17:27,065 DEBUG SQL:104 - 
    create table UserGroup (
        USER_ID bigint not null,
        GROUP_ID bigint not null,
        primary key (USER_ID, GROUP_ID)
    )
14:17:27,065 DEBUG SQL:104 - 
    create table "Group" (
        ID bigint generated by default as identity,
        name varchar(255),
        description varchar(255),
        primary key (ID)
    )
14:17:27,066 DEBUG SQL:104 - 
    create table "User" (
        ID bigint generated by default as identity,
        NAME varchar(255),
        ORG varchar(255),
        primary key (ID)
    )
14:17:27,066 DEBUG SQL:104 - 
    alter table UserGroup 
        add constraint FK8A5BE154D405C1FA 
        foreign key (GROUP_ID) 
        references "Group"
14:17:27,066 DEBUG SQL:104 - 
    alter table UserGroup 
        add constraint FK8A5BE154BB0E713A 
        foreign key (USER_ID) 
        references "User"
14:17:27,067  INFO SchemaExport:405 - HHH000230: Schema export complete
14:17:27,067  WARN SessionFactoryImpl:1554 - HHH000008: JTASessionContext being used with JDBCTransactionFactory; auto-flush will not operate correctly with getCurrentSession()
14:17:27,068  INFO CustomRunner:139 - Test: testManyToManyOrdering
14:17:27,069 DEBUG SQL:104 - 
    insert 
    into
        "User"
        (ID, NAME, ORG) 
    values
        (null, ?, ?)
14:17:27,069 DEBUG SQL:104 - 
    insert 
    into
        "User"
        (ID, NAME, ORG) 
    values
        (null, ?, ?)
14:17:27,070 DEBUG SQL:104 - 
    insert 
    into
        "User"
        (ID, NAME, ORG) 
    values
        (null, ?, ?)
14:17:27,070 DEBUG SQL:104 - 
    insert 
    into
        "User"
        (ID, NAME, ORG) 
    values
        (null, ?, ?)
14:17:27,070 DEBUG SQL:104 - 
    insert 
    into
        "Group"
        (ID, name, description) 
    values
        (null, ?, ?)
14:17:27,071 DEBUG SQL:104 - 
    insert 
    into
        UserGroup
        (USER_ID, GROUP_ID) 
    values
        (?, ?)
14:17:27,071 DEBUG SQL:104 - 
    insert 
    into
        UserGroup
        (USER_ID, GROUP_ID) 
    values
        (?, ?)
14:17:27,071 DEBUG SQL:104 - 
    insert 
    into
        UserGroup
        (USER_ID, GROUP_ID) 
    values
        (?, ?)
14:17:27,071 DEBUG SQL:104 - 
    insert 
    into
        UserGroup
        (USER_ID, GROUP_ID) 
    values
        (?, ?)
14:17:27,072 DEBUG SQL:104 - 
    select
        group0_.ID as ID1_0_,
        group0_.name as name1_0_,
        group0_.description as descript3_1_0_ 
    from
        "Group" group0_ 
    where
        group0_.ID=?
14:17:27,072 DEBUG SQL:104 - 
    select
        users0_.GROUP_ID as GROUP2_1_1_,
        users0_.USER_ID as USER1_0_1_,
        user1_.ID as ID2_0_,
        user1_.NAME as NAME2_0_,
        user1_.ORG as ORG2_0_ 
    from
        UserGroup users0_ 
    inner join
        "User" user1_ 
            on users0_.USER_ID=user1_.ID 
    where
        users0_.GROUP_ID=? 
    order by
        user1_.NAME
14:17:27,073 DEBUG QueryTranslatorImpl:265 - parse() - HQL: from org.hibernate.test.manytomany.ordered.Group
14:17:27,074 DEBUG HqlParser:347 - weakKeywords() : new LT(1) token - ["Group",<108> previously: <24>,line=1,col=44,possibleID=true]
14:17:27,074 DEBUG QueryTranslatorImpl:283 - --- HQL AST ---
 \-[QUERY] Node: 'query'
    \-[SELECT_FROM] Node: 'SELECT_FROM'
       \-[FROM] Node: 'from'
          \-[RANGE] Node: 'RANGE'
             \-[DOT] Node: '.'
                +-[DOT] Node: '.'
                |  +-[DOT] Node: '.'
                |  |  +-[DOT] Node: '.'
                |  |  |  +-[DOT] Node: '.'
                |  |  |  |  +-[IDENT] Node: 'org'
                |  |  |  |  \-[IDENT] Node: 'hibernate'
                |  |  |  \-[IDENT] Node: 'test'
                |  |  \-[IDENT] Node: 'manytomany'
                |  \-[IDENT] Node: 'ordered'
                \-[IDENT] Node: 'Group'

14:17:27,074 DEBUG ErrorCounter:82 - throwQueryException() : no errors
14:17:27,075 DEBUG FromElement:157 - FromClause{level=1} : org.hibernate.test.manytomany.ordered.Group (<no alias>) -> group0_
14:17:27,075 DEBUG HqlSqlWalker:629 - processQuery() :  ( SELECT ( FromClause{level=1} "Group" group0_ ) )
14:17:27,075 DEBUG HqlSqlWalker:869 - Derived SELECT clause created.
14:17:27,075 DEBUG JoinProcessor:175 - Using FROM fragment ["Group" group0_]
14:17:27,075 DEBUG QueryTranslatorImpl:252 - --- SQL AST ---
 \-[SELECT] QueryNode: 'SELECT'  querySpaces ("Group")
    +-[SELECT_CLAUSE] SelectClause: '{derived select clause}'
    |  +-[SELECT_EXPR] SelectExpressionImpl: 'group0_.ID as ID1_' {FromElement{explicit,not a collection join,not a fetch join,fetch non-lazy properties,classAlias=null,role=null,tableName="Group",tableAlias=group0_,origin=null,columns={,className=org.hibernate.test.manytomany.ordered.Group}}}
    |  \-[SQL_TOKEN] SqlFragment: 'group0_.name as name1_, group0_.description as descript3_1_'
    \-[FROM] FromClause: 'from' FromClause{level=1, fromElementCounter=1, fromElements=1, fromElementByClassAlias=[], fromElementByTableAlias=[group0_], fromElementsByPath=[], collectionJoinFromElementsByPath=[], impliedElements=[]}
       \-[FROM_FRAGMENT] FromElement: '"Group" group0_' FromElement{explicit,not a collection join,not a fetch join,fetch non-lazy properties,classAlias=null,role=null,tableName="Group",tableAlias=group0_,origin=null,columns={,className=org.hibernate.test.manytomany.ordered.Group}}

14:17:27,075 DEBUG ErrorCounter:82 - throwQueryException() : no errors
14:17:27,075 DEBUG QueryTranslatorImpl:235 - HQL: from org.hibernate.test.manytomany.ordered.Group
14:17:27,075 DEBUG QueryTranslatorImpl:236 - SQL: select group0_.ID as ID1_, group0_.name as name1_, group0_.description as descript3_1_ from "Group" group0_
14:17:27,076 DEBUG ErrorCounter:82 - throwQueryException() : no errors
14:17:27,076 DEBUG SQL:104 - 
    select
        group0_.ID as ID1_,
        group0_.name as name1_,
        group0_.description as descript3_1_ 
    from
        "Group" group0_
14:17:27,076 DEBUG SQL:104 - 
    select
        users0_.GROUP_ID as GROUP2_1_1_,
        users0_.USER_ID as USER1_0_1_,
        user1_.ID as ID2_0_,
        user1_.NAME as NAME2_0_,
        user1_.ORG as ORG2_0_ 
    from
        UserGroup users0_ 
    inner join
        "User" user1_ 
            on users0_.USER_ID=user1_.ID 
    where
        users0_.GROUP_ID=? 
    order by
        user1_.NAME
14:17:27,081 DEBUG QueryTranslatorImpl:265 - parse() - HQL: from org.hibernate.test.manytomany.ordered.Group g inner join fetch g.users
14:17:27,081 DEBUG HqlParser:347 - weakKeywords() : new LT(1) token - ["Group",<108> previously: <24>,line=1,col=44,possibleID=true]
14:17:27,082 DEBUG QueryTranslatorImpl:283 - --- HQL AST ---
 \-[QUERY] Node: 'query'
    \-[SELECT_FROM] Node: 'SELECT_FROM'
       \-[FROM] Node: 'from'
          +-[RANGE] Node: 'RANGE'
          |  +-[DOT] Node: '.'
          |  |  +-[DOT] Node: '.'
          |  |  |  +-[DOT] Node: '.'
          |  |  |  |  +-[DOT] Node: '.'
          |  |  |  |  |  +-[DOT] Node: '.'
          |  |  |  |  |  |  +-[IDENT] Node: 'org'
          |  |  |  |  |  |  \-[IDENT] Node: 'hibernate'
          |  |  |  |  |  \-[IDENT] Node: 'test'
          |  |  |  |  \-[IDENT] Node: 'manytomany'
          |  |  |  \-[IDENT] Node: 'ordered'
          |  |  \-[IDENT] Node: 'Group'
          |  \-[ALIAS] Node: 'g'
          \-[JOIN] Node: 'join'
             +-[INNER] Node: 'inner'
             +-[FETCH] Node: 'fetch'
             \-[DOT] Node: '.'
                +-[IDENT] Node: 'g'
                \-[IDENT] Node: 'users'

14:17:27,082 DEBUG ErrorCounter:82 - throwQueryException() : no errors
14:17:27,082 DEBUG FromElement:157 - FromClause{level=1} : org.hibernate.test.manytomany.ordered.Group (g) -> group0_
14:17:27,082 DEBUG FromReferenceNode:74 - Resolved : g -> group0_.ID
14:17:27,083 DEBUG DotNode:599 - getDataType() : users -> org.hibernate.type.BagType(org.hibernate.test.manytomany.ordered.Group.users)
14:17:27,083 DEBUG FromElementFactory:385 - createManyToMany() : path = g.users role = org.hibernate.test.manytomany.ordered.Group.users associatedEntityName = org.hibernate.test.manytomany.ordered.User
14:17:27,083 DEBUG FromElement:157 - FromClause{level=1} : org.hibernate.test.manytomany.ordered.User (<no alias>) -> user2_
14:17:27,083 DEBUG FromClause:282 - addJoinByPathMap() : g.users -> FromElement{explicit,not a collection join,not a fetch join,fetch non-lazy properties,classAlias=null,role=null,tableName="User",tableAlias=user2_,origin="Group" group0_,columns={group0_.ID ,className=org.hibernate.test.manytomany.ordered.User}}
14:17:27,083 DEBUG DotNode:308 - dereferenceCollection() : Created new FROM element for g.users : UserGroup user2_
14:17:27,083 DEBUG FromReferenceNode:74 - Resolved : g.users -> .
14:17:27,083 DEBUG HqlSqlWalker:403 - createFromJoinElement() : -- join tree --
 \-[JOIN_FRAGMENT] FromElement: 'UserGroup user2_' FromElement{explicit,not a collection join,fetch join,fetch non-lazy properties,classAlias=null,role=org.hibernate.test.manytomany.ordered.Group.users,tableName="User",tableAlias=user2_,origin="Group" group0_,columns={group0_.ID ,className=org.hibernate.test.manytomany.ordered.User}}

14:17:27,083 DEBUG HqlSqlWalker:629 - processQuery() :  ( SELECT ( FromClause{level=1} ( "Group" group0_ UserGroup user2_ ) ) )
14:17:27,084 DEBUG HqlSqlWalker:869 - Derived SELECT clause created.
14:17:27,084 DEBUG JoinProcessor:175 - Using FROM fragment ["Group" group0_]
14:17:27,084 DEBUG JoinProcessor:175 - Using FROM fragment [inner join UserGroup users1_ on group0_.ID=users1_.GROUP_ID inner join "User" user2_ on users1_.USER_ID=user2_.ID]
14:17:27,084 DEBUG QueryNode:101 - getOrderByClause() : Creating a new ORDER BY clause
14:17:27,084 DEBUG QueryTranslatorImpl:252 - --- SQL AST ---
 \-[SELECT] QueryNode: 'SELECT'  querySpaces (UserGroup,"Group","User")
    +-[SELECT_CLAUSE] SelectClause: '{derived select clause}'
    |  +-[SELECT_EXPR] SelectExpressionImpl: 'group0_.ID as ID1_0_' {FromElement{explicit,not a collection join,not a fetch join,fetch non-lazy properties,classAlias=g,role=null,tableName="Group",tableAlias=group0_,origin=null,columns={,className=org.hibernate.test.manytomany.ordered.Group}}}
    |  +-[SELECT_EXPR] SelectExpressionImpl: 'user2_.ID as ID2_1_' {FromElement{explicit,not a collection join,fetch join,fetch non-lazy properties,classAlias=null,role=org.hibernate.test.manytomany.ordered.Group.users,tableName="User",tableAlias=user2_,origin="Group" group0_,columns={group0_.ID ,className=org.hibernate.test.manytomany.ordered.User}}}
    |  +-[SQL_TOKEN] SqlFragment: 'group0_.name as name1_0_, group0_.description as descript3_1_0_'
    |  +-[SQL_TOKEN] SqlFragment: 'user2_.NAME as NAME2_1_, user2_.ORG as ORG2_1_'
    |  \-[SQL_TOKEN] SqlFragment: 'users1_.GROUP_ID as GROUP2_1_0__, users1_.USER_ID as USER1_0_0__'
    +-[FROM] FromClause: 'from' FromClause{level=1, fromElementCounter=2, fromElements=2, fromElementByClassAlias=[g], fromElementByTableAlias=[user2_, group0_], fromElementsByPath=[g.users], collectionJoinFromElementsByPath=[], impliedElements=[]}
    |  \-[FROM_FRAGMENT] FromElement: '"Group" group0_' FromElement{explicit,not a collection join,not a fetch join,fetch non-lazy properties,classAlias=g,role=null,tableName="Group",tableAlias=group0_,origin=null,columns={,className=org.hibernate.test.manytomany.ordered.Group}}
    |     \-[JOIN_FRAGMENT] FromElement: 'inner join UserGroup users1_ on group0_.ID=users1_.GROUP_ID inner join "User" user2_ on users1_.USER_ID=user2_.ID' FromElement{explicit,not a collection join,fetch join,fetch non-lazy properties,classAlias=null,role=org.hibernate.test.manytomany.ordered.Group.users,tableName="User",tableAlias=user2_,origin="Group" group0_,columns={group0_.ID ,className=org.hibernate.test.manytomany.ordered.User}}
    \-[ORDER] OrderByClause: 'ORDER'
       \-[SQL_TOKEN] SqlFragment: 'user2_.NAME'

14:17:27,084 DEBUG ErrorCounter:82 - throwQueryException() : no errors
14:17:27,084 DEBUG QueryTranslatorImpl:235 - HQL: from org.hibernate.test.manytomany.ordered.Group g inner join fetch g.users
14:17:27,084 DEBUG QueryTranslatorImpl:236 - SQL: select group0_.ID as ID1_0_, user2_.ID as ID2_1_, group0_.name as name1_0_, group0_.description as descript3_1_0_, user2_.NAME as NAME2_1_, user2_.ORG as ORG2_1_, users1_.GROUP_ID as GROUP2_1_0__, users1_.USER_ID as USER1_0_0__ from "Group" group0_ inner join UserGroup users1_ on group0_.ID=users1_.GROUP_ID inner join "User" user2_ on users1_.USER_ID=user2_.ID order by user2_.NAME
14:17:27,085 DEBUG ErrorCounter:82 - throwQueryException() : no errors
14:17:27,085 DEBUG SQL:104 - 
    select
        group0_.ID as ID1_0_,
        user2_.ID as ID2_1_,
        group0_.name as name1_0_,
        group0_.description as descript3_1_0_,
        user2_.NAME as NAME2_1_,
        user2_.ORG as ORG2_1_,
        users1_.GROUP_ID as GROUP2_1_0__,
        users1_.USER_ID as USER1_0_0__ 
    from
        "Group" group0_ 
    inner join
        UserGroup users1_ 
            on group0_.ID=users1_.GROUP_ID 
    inner join
        "User" user2_ 
            on users1_.USER_ID=user2_.ID 
    order by
        user2_.NAME
14:17:27,089 DEBUG SQL:104 - 
    select
        this_.ID as ID1_1_,
        this_.name as name1_1_,
        this_.description as descript3_1_1_,
        users2_.GROUP_ID as GROUP2_1_3_,
        user3_.ID as USER1_0_3_,
        user3_.ID as ID2_0_,
        user3_.NAME as NAME2_0_,
        user3_.ORG as ORG2_0_ 
    from
        "Group" this_ 
    left outer join
        UserGroup users2_ 
            on this_.ID=users2_.GROUP_ID 
    left outer join
        "User" user3_ 
            on users2_.USER_ID=user3_.ID 
    order by
        user3_.NAME
14:17:27,092 DEBUG SQL:104 - 
    select
        this_.ID as ID1_0_,
        this_.name as name1_0_,
        this_.description as descript3_1_0_ 
    from
        "Group" this_
14:17:27,092 DEBUG SQL:104 - 
    select
        users0_.GROUP_ID as GROUP2_1_1_,
        users0_.USER_ID as USER1_0_1_,
        user1_.ID as ID2_0_,
        user1_.NAME as NAME2_0_,
        user1_.ORG as ORG2_0_ 
    from
        UserGroup users0_ 
    inner join
        "User" user1_ 
            on users0_.USER_ID=user1_.ID 
    where
        users0_.GROUP_ID=? 
    order by
        user1_.NAME
14:17:27,093 DEBUG SQL:104 - 
    delete 
    from
        UserGroup 
    where
        USER_ID=?
14:17:27,094 DEBUG SQL:104 - 
    delete 
    from
        UserGroup 
    where
        USER_ID=?
14:17:27,094 DEBUG SQL:104 - 
    delete 
    from
        UserGroup 
    where
        USER_ID=?
14:17:27,094 DEBUG SQL:104 - 
    delete 
    from
        UserGroup 
    where
        USER_ID=?
14:17:27,094 DEBUG SQL:104 - 
    delete 
    from
        "User" 
    where
        ID=?
14:17:27,094 DEBUG SQL:104 - 
    delete 
    from
        "User" 
    where
        ID=?
14:17:27,095 DEBUG SQL:104 - 
    delete 
    from
        "User" 
    where
        ID=?
14:17:27,095 DEBUG SQL:104 - 
    delete 
    from
        "User" 
    where
        ID=?
14:17:27,095 DEBUG SQL:104 - 
    delete 
    from
        "Group" 
    where
        ID=?
14:17:27,096  INFO SchemaExport:343 - HHH000227: Running hbm2ddl schema export
14:17:27,096 DEBUG SchemaExport:353 - Import file not found: /import.sql
14:17:27,097 DEBUG SQL:104 - 
    alter table UserGroup 
        drop constraint FK8A5BE154D405C1FA
14:17:27,097 DEBUG SQL:104 - 
    alter table UserGroup 
        drop constraint FK8A5BE154BB0E713A
14:17:27,097 DEBUG SQL:104 - 
    drop table UserGroup if exists
14:17:27,097 DEBUG SQL:104 - 
    drop table "Group" if exists
14:17:27,098 DEBUG SQL:104 - 
    drop table "User" if exists
14:17:27,098  INFO SchemaExport:405 - HHH000230: Schema export complete
14:17:27,098  INFO DriverManagerConnectionProviderImpl:162 - HHH000030: Cleaning up connection pool [jdbc:h2:mem:db1;DB_CLOSE_DELAY=-1;MVCC=TRUE]
]]></system-out>
  <system-err><![CDATA[]]></system-err>
</testsuite>
