<?xml version="1.0" encoding="UTF-8"?>
<testsuite errors="0" failures="0" hostname="dhcp-10.15.208.168.stl.redhat.com" name="org.hibernate.test.propertyref.inheritence.union.UnionSubclassPropertyRefTest" tests="1" time="0.128" timestamp="2013-02-28T20:17:47">
  <properties />
  <testcase classname="org.hibernate.test.propertyref.inheritence.union.UnionSubclassPropertyRefTest" name="testOneToOnePropertyRef" time="0.081" />
  <system-out><![CDATA[14:17:47,273  INFO CustomRunner:132 - BeforeClass: org.hibernate.test.propertyref.inheritence.union.UnionSubclassPropertyRefTest
14:17:47,275  INFO Configuration:706 - HHH000221: Reading mappings from resource: org/hibernate/test/propertyref/inheritence/union/Person.hbm.xml
14:17:47,282  INFO DriverManagerConnectionProviderImpl:99 - HHH000402: Using Hibernate built-in connection pool (not for production use!)
14:17:47,284  INFO DriverManagerConnectionProviderImpl:135 - HHH000115: Hibernate connection pool size: 5
14:17:47,284  INFO DriverManagerConnectionProviderImpl:138 - HHH000006: Autocommit mode: false
14:17:47,284  INFO DriverManagerConnectionProviderImpl:153 - HHH000401: using driver [org.h2.Driver] at URL [jdbc:h2:mem:db1;DB_CLOSE_DELAY=-1;MVCC=TRUE]
14:17:47,284  INFO DriverManagerConnectionProviderImpl:158 - HHH000046: Connection properties: {user=sa}
14:17:47,285  INFO Dialect:103 - HHH000400: Using dialect: org.hibernate.dialect.H2Dialect
14:17:47,286  INFO LobCreatorBuilder:94 - HHH000423: Disabling contextual LOB creation as JDBC driver reported JDBC version [3] less than 4
14:17:47,286  INFO TransactionFactoryInitiator:66 - HHH000399: Using default transaction strategy (direct JDBC transactions)
14:17:47,286  INFO ASTQueryTranslatorFactory:48 - HHH000397: Using ASTQueryTranslatorFactory
14:17:47,287  WARN CachingRegionFactory:58 - CachingRegionFactory should be only used for testing.
14:17:47,298  INFO SchemaExport:343 - HHH000227: Running hbm2ddl schema export
14:17:47,299 DEBUG SchemaExport:353 - Import file not found: /import.sql
14:17:47,299 DEBUG SQL:104 - 
    alter table U_SBCLS_PROPREF_ACCT 
        drop constraint FKBB2CA5014BC70F9
14:17:47,300 ERROR SchemaExport:425 - HHH000389: Unsuccessful: alter table U_SBCLS_PROPREF_ACCT drop constraint FKBB2CA5014BC70F9
14:17:47,300 ERROR SchemaExport:426 - Table "U_SBCLS_PROPREF_ACCT" not found; SQL statement:

    alter table U_SBCLS_PROPREF_ACCT 
        drop constraint FKBB2CA5014BC70F9 [42102-145]
14:17:47,300 DEBUG SQL:104 - 
    drop table U_SBCLS_PROPREF_ACCT if exists
14:17:47,300 DEBUG SQL:104 - 
    drop table U_SBCLS_PROPREF_CUST if exists
14:17:47,300 DEBUG SQL:104 - 
    drop table U_SBCLS_PROPREF_PERS if exists
14:17:47,300 DEBUG SQL:104 - 
    drop table hibernate_unique_key if exists
14:17:47,301 DEBUG SQL:104 - 
    create table U_SBCLS_PROPREF_ACCT (
        accountId varchar(32) not null,
        personId varchar(255) not null,
        customerPersonId varchar(255) not null,
        "type" char(255) not null,
        primary key (accountId)
    )
14:17:47,301 DEBUG SQL:104 - 
    create table U_SBCLS_PROPREF_CUST (
        id bigint not null,
        name varchar(100),
        personId varchar(8) not null,
        customerId varchar(8) not null,
        primary key (id)
    )
14:17:47,301 DEBUG SQL:104 - 
    create table U_SBCLS_PROPREF_PERS (
        id bigint not null,
        name varchar(100),
        personId varchar(8) not null,
        primary key (id)
    )
14:17:47,302 DEBUG SQL:104 - 
    alter table U_SBCLS_PROPREF_ACCT 
        add constraint uc_U_SBCLS_PROPREF_ACCT_1 unique (personId)
14:17:47,302 DEBUG SQL:104 - 
    alter table U_SBCLS_PROPREF_ACCT 
        add constraint uc_U_SBCLS_PROPREF_ACCT_2 unique (customerPersonId)
14:17:47,302 DEBUG SQL:104 - 
    alter table U_SBCLS_PROPREF_ACCT 
        add constraint FKBB2CA5014BC70F9 
        foreign key (customerPersonId) 
        references U_SBCLS_PROPREF_CUST (personId)
14:17:47,303 DEBUG SQL:104 - 
    alter table U_SBCLS_PROPREF_CUST 
        add constraint uc_U_SBCLS_PROPREF_CUST_1 unique (personId)
14:17:47,303 DEBUG SQL:104 - 
    alter table U_SBCLS_PROPREF_PERS 
        add constraint uc_U_SBCLS_PROPREF_PERS_1 unique (personId)
14:17:47,303 DEBUG SQL:104 - 
    alter table U_SBCLS_PROPREF_CUST 
        add constraint uc_U_SBCLS_PROPREF_CUST_2 unique (customerId)
14:17:47,303 DEBUG SQL:104 - 
    alter table U_SBCLS_PROPREF_PERS 
        add constraint uc_U_SBCLS_PROPREF_PERS_1 unique (personId)
14:17:47,304 ERROR SchemaExport:425 - HHH000389: Unsuccessful: alter table U_SBCLS_PROPREF_PERS add constraint uc_U_SBCLS_PROPREF_PERS_1 unique (personId)
14:17:47,304 ERROR SchemaExport:426 - Constraint "UC_U_SBCLS_PROPREF_PERS_1" already exists; SQL statement:

    alter table U_SBCLS_PROPREF_PERS 
        add constraint uc_U_SBCLS_PROPREF_PERS_1 unique (personId) [90045-145]
14:17:47,304 DEBUG SQL:104 - 
    create table hibernate_unique_key (
         next_hi integer 
    )
14:17:47,304 DEBUG SQL:104 - 
    insert into hibernate_unique_key values ( 0 )
14:17:47,304  INFO SchemaExport:405 - HHH000230: Schema export complete
14:17:47,305  WARN SessionFactoryImpl:1554 - HHH000008: JTASessionContext being used with JDBCTransactionFactory; auto-flush will not operate correctly with getCurrentSession()
14:17:47,305  INFO CustomRunner:139 - Test: testOneToOnePropertyRef
14:17:47,306 DEBUG SQL:104 - 
    select
        next_hi 
    from
        hibernate_unique_key for update
            
14:17:47,306 DEBUG SQL:104 - 
    update
        hibernate_unique_key 
    set
        next_hi = ? 
    where
        next_hi = ?
14:17:47,307 DEBUG SQL:104 - 
    insert 
    into
        U_SBCLS_PROPREF_CUST
        (name, personId, customerId, id) 
    values
        (?, ?, ?, ?)
14:17:47,308 DEBUG SQL:104 - 
    insert 
    into
        U_SBCLS_PROPREF_ACCT
        (personId, customerPersonId, "type", accountId) 
    values
        (?, ?, ?, ?)
14:17:47,308 DEBUG QueryTranslatorImpl:265 - parse() - HQL: from org.hibernate.test.propertyref.inheritence.union.Account acc join fetch acc.customer join fetch acc.person
14:17:47,308 DEBUG ErrorCounter:63 - Keyword  'union' is being interpreted as an identifier due to: expecting IDENT, found 'union'
14:17:47,310 DEBUG QueryTranslatorImpl:283 - --- HQL AST ---
 \-[QUERY] Node: 'query'
    \-[SELECT_FROM] Node: 'SELECT_FROM'
       \-[FROM] Node: 'from'
          +-[RANGE] Node: 'RANGE'
          |  +-[DOT] Node: '.'
          |  |  +-[DOT] Node: '.'
          |  |  |  +-[DOT] Node: '.'
          |  |  |  |  +-[DOT] Node: '.'
          |  |  |  |  |  +-[DOT] Node: '.'
          |  |  |  |  |  |  +-[DOT] Node: '.'
          |  |  |  |  |  |  |  +-[IDENT] Node: 'org'
          |  |  |  |  |  |  |  \-[IDENT] Node: 'hibernate'
          |  |  |  |  |  |  \-[IDENT] Node: 'test'
          |  |  |  |  |  \-[IDENT] Node: 'propertyref'
          |  |  |  |  \-[IDENT] Node: 'inheritence'
          |  |  |  \-[WEIRD_IDENT] Node: 'union'
          |  |  \-[IDENT] Node: 'Account'
          |  \-[ALIAS] Node: 'acc'
          +-[JOIN] Node: 'join'
          |  +-[FETCH] Node: 'fetch'
          |  \-[DOT] Node: '.'
          |     +-[IDENT] Node: 'acc'
          |     \-[IDENT] Node: 'customer'
          \-[JOIN] Node: 'join'
             +-[FETCH] Node: 'fetch'
             \-[DOT] Node: '.'
                +-[IDENT] Node: 'acc'
                \-[IDENT] Node: 'person'

14:17:47,320 DEBUG ErrorCounter:82 - throwQueryException() : no errors
14:17:47,320 DEBUG FromElement:157 - FromClause{level=1} : org.hibernate.test.propertyref.inheritence.union.Account (acc) -> account0_
14:17:47,329 DEBUG FromReferenceNode:74 - Resolved : acc -> account0_.accountId
14:17:47,329 DEBUG DotNode:599 - getDataType() : customer -> org.hibernate.type.ManyToOneType(org.hibernate.test.propertyref.inheritence.union.Customer)
14:17:47,330 DEBUG DotNode:389 - dereferenceEntityJoin() : generating join for customer in org.hibernate.test.propertyref.inheritence.union.Account (<no alias>) parent = [ {null} ]
14:17:47,330 DEBUG FromElement:157 - FromClause{level=1} : org.hibernate.test.propertyref.inheritence.union.Customer (<no alias>) -> customer1_
14:17:47,330 DEBUG FromClause:282 - addJoinByPathMap() : acc.customer -> FromElement{explicit,not a collection join,not a fetch join,fetch non-lazy properties,classAlias=null,role=null,tableName=U_SBCLS_PROPREF_CUST,tableAlias=customer1_,origin=U_SBCLS_PROPREF_ACCT account0_,columns={account0_.customerPersonId ,className=org.hibernate.test.propertyref.inheritence.union.Customer}}
14:17:47,330 DEBUG FromReferenceNode:74 - Resolved : acc.customer -> account0_.customerPersonId
14:17:47,330 DEBUG HqlSqlWalker:403 - createFromJoinElement() : -- join tree --
 \-[JOIN_FRAGMENT] FromElement: 'U_SBCLS_PROPREF_CUST customer1_' FromElement{explicit,not a collection join,fetch join,fetch non-lazy properties,classAlias=null,role=null,tableName=U_SBCLS_PROPREF_CUST,tableAlias=customer1_,origin=U_SBCLS_PROPREF_ACCT account0_,columns={account0_.customerPersonId ,className=org.hibernate.test.propertyref.inheritence.union.Customer}}

14:17:47,331 DEBUG FromReferenceNode:74 - Resolved : acc -> account0_.accountId
14:17:47,331 DEBUG DotNode:599 - getDataType() : person -> org.hibernate.type.ManyToOneType(org.hibernate.test.propertyref.inheritence.union.Person)
14:17:47,331 DEBUG DotNode:389 - dereferenceEntityJoin() : generating join for person in org.hibernate.test.propertyref.inheritence.union.Account (<no alias>) parent = [ {null} ]
14:17:47,331 DEBUG FromElement:157 - FromClause{level=1} : org.hibernate.test.propertyref.inheritence.union.Person (<no alias>) -> person2_
14:17:47,331 DEBUG FromClause:282 - addJoinByPathMap() : acc.person -> FromElement{explicit,not a collection join,not a fetch join,fetch non-lazy properties,classAlias=null,role=null,tableName=( select id, name, personId, null as customerId, 0 as clazz_ from U_SBCLS_PROPREF_PERS union all select id, name, personId, customerId, 1 as clazz_ from U_SBCLS_PROPREF_CUST ),tableAlias=person2_,origin=U_SBCLS_PROPREF_ACCT account0_,columns={account0_.personId ,className=org.hibernate.test.propertyref.inheritence.union.Person}}
14:17:47,332 DEBUG FromReferenceNode:74 - Resolved : acc.person -> account0_.personId
14:17:47,332 DEBUG HqlSqlWalker:403 - createFromJoinElement() : -- join tree --
 \-[JOIN_FRAGMENT] FromElement: '( select id, name, personId, null as customerId, 0 as clazz_ from U_SBCLS_PROPREF_PERS union all select id, name, personId, customerId, 1 as clazz_ from U_SBCLS_PROPREF_CUST ) person2_' FromElement{explicit,not a collection join,fetch join,fetch non-lazy properties,classAlias=null,role=null,tableName=( select id, name, personId, null as customerId, 0 as clazz_ from U_SBCLS_PROPREF_PERS union all select id, name, personId, customerId, 1 as clazz_ from U_SBCLS_PROPREF_CUST ),tableAlias=person2_,origin=U_SBCLS_PROPREF_ACCT account0_,columns={account0_.personId ,className=org.hibernate.test.propertyref.inheritence.union.Person}}

14:17:47,332 DEBUG HqlSqlWalker:629 - processQuery() :  ( SELECT ( FromClause{level=1} ( U_SBCLS_PROPREF_ACCT account0_ U_SBCLS_PROPREF_CUST customer1_ ( select id, name, personId, null as customerId, 0 as clazz_ from U_SBCLS_PROPREF_PERS union all select id, name, personId, customerId, 1 as clazz_ from U_SBCLS_PROPREF_CUST ) person2_ ) ) )
14:17:47,332 DEBUG HqlSqlWalker:869 - Derived SELECT clause created.
14:17:47,333 DEBUG JoinProcessor:175 - Using FROM fragment [U_SBCLS_PROPREF_ACCT account0_]
14:17:47,333 DEBUG JoinProcessor:175 - Using FROM fragment [inner join U_SBCLS_PROPREF_CUST customer1_ on account0_.customerPersonId=customer1_.personId]
14:17:47,333 DEBUG JoinProcessor:175 - Using FROM fragment [inner join ( select id, name, personId, null as customerId, 0 as clazz_ from U_SBCLS_PROPREF_PERS union all select id, name, personId, customerId, 1 as clazz_ from U_SBCLS_PROPREF_CUST ) person2_ on account0_.personId=person2_.personId]
14:17:47,334 DEBUG QueryTranslatorImpl:252 - --- SQL AST ---
 \-[SELECT] QueryNode: 'SELECT'  querySpaces (U_SBCLS_PROPREF_CUST,U_SBCLS_PROPREF_ACCT,U_SBCLS_PROPREF_PERS)
    +-[SELECT_CLAUSE] SelectClause: '{derived select clause}'
    |  +-[SELECT_EXPR] SelectExpressionImpl: 'account0_.accountId as accountId0_0_' {FromElement{explicit,not a collection join,not a fetch join,fetch non-lazy properties,classAlias=acc,role=null,tableName=U_SBCLS_PROPREF_ACCT,tableAlias=account0_,origin=null,columns={,className=org.hibernate.test.propertyref.inheritence.union.Account}}}
    |  +-[SELECT_EXPR] SelectExpressionImpl: 'customer1_.id as id2_1_' {FromElement{explicit,not a collection join,fetch join,fetch non-lazy properties,classAlias=null,role=null,tableName=U_SBCLS_PROPREF_CUST,tableAlias=customer1_,origin=U_SBCLS_PROPREF_ACCT account0_,columns={account0_.customerPersonId ,className=org.hibernate.test.propertyref.inheritence.union.Customer}}}
    |  +-[SELECT_EXPR] SelectExpressionImpl: 'person2_.id as id2_2_' {FromElement{explicit,not a collection join,fetch join,fetch non-lazy properties,classAlias=null,role=null,tableName=( select id, name, personId, null as customerId, 0 as clazz_ from U_SBCLS_PROPREF_PERS union all select id, name, personId, customerId, 1 as clazz_ from U_SBCLS_PROPREF_CUST ),tableAlias=person2_,origin=U_SBCLS_PROPREF_ACCT account0_,columns={account0_.personId ,className=org.hibernate.test.propertyref.inheritence.union.Person}}}
    |  +-[SQL_TOKEN] SqlFragment: 'account0_.personId as personId0_0_, account0_.customerPersonId as customer3_0_0_, account0_."type" as type4_0_0_'
    |  +-[SQL_TOKEN] SqlFragment: 'customer1_.name as name2_1_, customer1_.personId as personId2_1_, customer1_.customerId as customerId1_1_'
    |  \-[SQL_TOKEN] SqlFragment: 'person2_.name as name2_2_, person2_.personId as personId2_2_, person2_.customerId as customerId1_2_, person2_.clazz_ as clazz_2_'
    \-[FROM] FromClause: 'from' FromClause{level=1, fromElementCounter=3, fromElements=3, fromElementByClassAlias=[acc], fromElementByTableAlias=[person2_, customer1_, account0_], fromElementsByPath=[acc.person, acc.customer], collectionJoinFromElementsByPath=[], impliedElements=[]}
       \-[FROM_FRAGMENT] FromElement: 'U_SBCLS_PROPREF_ACCT account0_' FromElement{explicit,not a collection join,not a fetch join,fetch non-lazy properties,classAlias=acc,role=null,tableName=U_SBCLS_PROPREF_ACCT,tableAlias=account0_,origin=null,columns={,className=org.hibernate.test.propertyref.inheritence.union.Account}}
          +-[JOIN_FRAGMENT] FromElement: 'inner join U_SBCLS_PROPREF_CUST customer1_ on account0_.customerPersonId=customer1_.personId' FromElement{explicit,not a collection join,fetch join,fetch non-lazy properties,classAlias=null,role=null,tableName=U_SBCLS_PROPREF_CUST,tableAlias=customer1_,origin=U_SBCLS_PROPREF_ACCT account0_,columns={account0_.customerPersonId ,className=org.hibernate.test.propertyref.inheritence.union.Customer}}
          \-[JOIN_FRAGMENT] FromElement: 'inner join ( select id, name, personId, null as customerId, 0 as clazz_ from U_SBCLS_PROPREF_PERS union all select id, name, personId, customerId, 1 as clazz_ from U_SBCLS_PROPREF_CUST ) person2_ on account0_.personId=person2_.personId' FromElement{explicit,not a collection join,fetch join,fetch non-lazy properties,classAlias=null,role=null,tableName=( select id, name, personId, null as customerId, 0 as clazz_ from U_SBCLS_PROPREF_PERS union all select id, name, personId, customerId, 1 as clazz_ from U_SBCLS_PROPREF_CUST ),tableAlias=person2_,origin=U_SBCLS_PROPREF_ACCT account0_,columns={account0_.personId ,className=org.hibernate.test.propertyref.inheritence.union.Person}}

14:17:47,340 DEBUG ErrorCounter:82 - throwQueryException() : no errors
14:17:47,340 DEBUG QueryTranslatorImpl:235 - HQL: from org.hibernate.test.propertyref.inheritence.union.Account acc join fetch acc.customer join fetch acc.person
14:17:47,340 DEBUG QueryTranslatorImpl:236 - SQL: select account0_.accountId as accountId0_0_, customer1_.id as id2_1_, person2_.id as id2_2_, account0_.personId as personId0_0_, account0_.customerPersonId as customer3_0_0_, account0_."type" as type4_0_0_, customer1_.name as name2_1_, customer1_.personId as personId2_1_, customer1_.customerId as customerId1_1_, person2_.name as name2_2_, person2_.personId as personId2_2_, person2_.customerId as customerId1_2_, person2_.clazz_ as clazz_2_ from U_SBCLS_PROPREF_ACCT account0_ inner join U_SBCLS_PROPREF_CUST customer1_ on account0_.customerPersonId=customer1_.personId inner join ( select id, name, personId, null as customerId, 0 as clazz_ from U_SBCLS_PROPREF_PERS union all select id, name, personId, customerId, 1 as clazz_ from U_SBCLS_PROPREF_CUST ) person2_ on account0_.personId=person2_.personId
14:17:47,341 DEBUG ErrorCounter:82 - throwQueryException() : no errors
14:17:47,341 DEBUG SQL:104 - 
    select
        account0_.accountId as accountId0_0_,
        customer1_.id as id2_1_,
        person2_.id as id2_2_,
        account0_.personId as personId0_0_,
        account0_.customerPersonId as customer3_0_0_,
        account0_."type" as type4_0_0_,
        customer1_.name as name2_1_,
        customer1_.personId as personId2_1_,
        customer1_.customerId as customerId1_1_,
        person2_.name as name2_2_,
        person2_.personId as personId2_2_,
        person2_.customerId as customerId1_2_,
        person2_.clazz_ as clazz_2_ 
    from
        U_SBCLS_PROPREF_ACCT account0_ 
    inner join
        U_SBCLS_PROPREF_CUST customer1_ 
            on account0_.customerPersonId=customer1_.personId 
    inner join
        (
            select
                id,
                name,
                personId,
                null as customerId,
                0 as clazz_ 
            from
                U_SBCLS_PROPREF_PERS 
            union
            all select
                id,
                name,
                personId,
                customerId,
                1 as clazz_ 
            from
                U_SBCLS_PROPREF_CUST 
        ) person2_ 
            on account0_.personId=person2_.personId
14:17:47,353 DEBUG SQL:104 - 
    select
        person0_.id as id2_0_,
        person0_.name as name2_0_,
        person0_.personId as personId2_0_,
        person0_.customerId as customerId1_0_,
        person0_.clazz_ as clazz_0_ 
    from
        ( select
            id,
            name,
            personId,
            null as customerId,
            0 as clazz_ 
        from
            U_SBCLS_PROPREF_PERS 
        union
        all select
            id,
            name,
            personId,
            customerId,
            1 as clazz_ 
        from
            U_SBCLS_PROPREF_CUST 
    ) person0_ 
where
    person0_.personId=?
14:17:47,365 DEBUG QueryTranslatorImpl:265 - parse() - HQL: from org.hibernate.test.propertyref.inheritence.union.Customer
14:17:47,365 DEBUG ErrorCounter:63 - Keyword  'union' is being interpreted as an identifier due to: expecting IDENT, found 'union'
14:17:47,366 DEBUG QueryTranslatorImpl:283 - --- HQL AST ---
 \-[QUERY] Node: 'query'
    \-[SELECT_FROM] Node: 'SELECT_FROM'
       \-[FROM] Node: 'from'
          \-[RANGE] Node: 'RANGE'
             \-[DOT] Node: '.'
                +-[DOT] Node: '.'
                |  +-[DOT] Node: '.'
                |  |  +-[DOT] Node: '.'
                |  |  |  +-[DOT] Node: '.'
                |  |  |  |  +-[DOT] Node: '.'
                |  |  |  |  |  +-[IDENT] Node: 'org'
                |  |  |  |  |  \-[IDENT] Node: 'hibernate'
                |  |  |  |  \-[IDENT] Node: 'test'
                |  |  |  \-[IDENT] Node: 'propertyref'
                |  |  \-[IDENT] Node: 'inheritence'
                |  \-[WEIRD_IDENT] Node: 'union'
                \-[IDENT] Node: 'Customer'

14:17:47,375 DEBUG ErrorCounter:82 - throwQueryException() : no errors
14:17:47,376 DEBUG FromElement:157 - FromClause{level=1} : org.hibernate.test.propertyref.inheritence.union.Customer (<no alias>) -> customer0_
14:17:47,376 DEBUG HqlSqlWalker:629 - processQuery() :  ( SELECT ( FromClause{level=1} U_SBCLS_PROPREF_CUST customer0_ ) )
14:17:47,376 DEBUG HqlSqlWalker:869 - Derived SELECT clause created.
14:17:47,376 DEBUG JoinProcessor:175 - Using FROM fragment [U_SBCLS_PROPREF_CUST customer0_]
14:17:47,377 DEBUG QueryTranslatorImpl:252 - --- SQL AST ---
 \-[SELECT] QueryNode: 'SELECT'  querySpaces (U_SBCLS_PROPREF_CUST,U_SBCLS_PROPREF_PERS)
    +-[SELECT_CLAUSE] SelectClause: '{derived select clause}'
    |  +-[SELECT_EXPR] SelectExpressionImpl: 'customer0_.id as id2_' {FromElement{explicit,not a collection join,not a fetch join,fetch non-lazy properties,classAlias=null,role=null,tableName=U_SBCLS_PROPREF_CUST,tableAlias=customer0_,origin=null,columns={,className=org.hibernate.test.propertyref.inheritence.union.Customer}}}
    |  \-[SQL_TOKEN] SqlFragment: 'customer0_.name as name2_, customer0_.personId as personId2_, customer0_.customerId as customerId1_'
    \-[FROM] FromClause: 'from' FromClause{level=1, fromElementCounter=1, fromElements=1, fromElementByClassAlias=[], fromElementByTableAlias=[customer0_], fromElementsByPath=[], collectionJoinFromElementsByPath=[], impliedElements=[]}
       \-[FROM_FRAGMENT] FromElement: 'U_SBCLS_PROPREF_CUST customer0_' FromElement{explicit,not a collection join,not a fetch join,fetch non-lazy properties,classAlias=null,role=null,tableName=U_SBCLS_PROPREF_CUST,tableAlias=customer0_,origin=null,columns={,className=org.hibernate.test.propertyref.inheritence.union.Customer}}

14:17:47,377 DEBUG ErrorCounter:82 - throwQueryException() : no errors
14:17:47,384 DEBUG QueryTranslatorImpl:235 - HQL: from org.hibernate.test.propertyref.inheritence.union.Customer
14:17:47,384 DEBUG QueryTranslatorImpl:236 - SQL: select customer0_.id as id2_, customer0_.name as name2_, customer0_.personId as personId2_, customer0_.customerId as customerId1_ from U_SBCLS_PROPREF_CUST customer0_
14:17:47,384 DEBUG ErrorCounter:82 - throwQueryException() : no errors
14:17:47,384 DEBUG SQL:104 - 
    select
        customer0_.id as id2_,
        customer0_.name as name2_,
        customer0_.personId as personId2_,
        customer0_.customerId as customerId1_ 
    from
        U_SBCLS_PROPREF_CUST customer0_
14:17:47,385 DEBUG SQL:104 - 
    delete 
    from
        U_SBCLS_PROPREF_ACCT 
    where
        accountId=?
14:17:47,385 DEBUG SQL:104 - 
    delete 
    from
        U_SBCLS_PROPREF_CUST 
    where
        id=?
14:17:47,386  INFO SchemaExport:343 - HHH000227: Running hbm2ddl schema export
14:17:47,387 DEBUG SchemaExport:353 - Import file not found: /import.sql
14:17:47,387 DEBUG SQL:104 - 
    alter table U_SBCLS_PROPREF_ACCT 
        drop constraint FKBB2CA5014BC70F9
14:17:47,398 DEBUG SQL:104 - 
    drop table U_SBCLS_PROPREF_ACCT if exists
14:17:47,398 DEBUG SQL:104 - 
    drop table U_SBCLS_PROPREF_CUST if exists
14:17:47,398 DEBUG SQL:104 - 
    drop table U_SBCLS_PROPREF_PERS if exists
14:17:47,399 DEBUG SQL:104 - 
    drop table hibernate_unique_key if exists
14:17:47,399  INFO SchemaExport:405 - HHH000230: Schema export complete
14:17:47,399  INFO DriverManagerConnectionProviderImpl:162 - HHH000030: Cleaning up connection pool [jdbc:h2:mem:db1;DB_CLOSE_DELAY=-1;MVCC=TRUE]
]]></system-out>
  <system-err><![CDATA[]]></system-err>
</testsuite>
