<?xml version="1.0" encoding="UTF-8"?>
<testsuite errors="0" failures="0" hostname="dhcp-10.15.208.168.stl.redhat.com" name="org.hibernate.test.annotations.embedded.EmbeddedTest" tests="11" time="0.547" timestamp="2013-02-28T20:10:21">
  <properties />
  <testcase classname="org.hibernate.test.annotations.embedded.EmbeddedTest" name="testCompositeId" time="0.006" />
  <testcase classname="org.hibernate.test.annotations.embedded.EmbeddedTest" name="testDefaultCollectionTable" time="0.006" />
  <testcase classname="org.hibernate.test.annotations.embedded.EmbeddedTest" name="testDottedProperty" time="0.009" />
  <testcase classname="org.hibernate.test.annotations.embedded.EmbeddedTest" name="testEmbeddableInsideEmbeddable" time="0.002" />
  <testcase classname="org.hibernate.test.annotations.embedded.EmbeddedTest" name="testEmbeddedAndMultipleManyToOne" time="0.037" />
  <testcase classname="org.hibernate.test.annotations.embedded.EmbeddedTest" name="testEmbeddedAndOneToMany" time="0.044" />
  <testcase classname="org.hibernate.test.annotations.embedded.EmbeddedTest" name="testEmbeddedInSecondaryTable" time="0.022" />
  <testcase classname="org.hibernate.test.annotations.embedded.EmbeddedTest" name="testEmbeddedSuperclass" time="0.034" />
  <testcase classname="org.hibernate.test.annotations.embedded.EmbeddedTest" name="testManyToOneInsideComponent" time="0.041" />
  <testcase classname="org.hibernate.test.annotations.embedded.EmbeddedTest" name="testParent" time="0.064" />
  <testcase classname="org.hibernate.test.annotations.embedded.EmbeddedTest" name="testSimple" time="0.004" />
  <system-out><![CDATA[14:10:21,685  INFO CustomRunner:132 - BeforeClass: org.hibernate.test.annotations.embedded.EmbeddedTest
14:10:21,732  INFO DriverManagerConnectionProviderImpl:99 - HHH000402: Using Hibernate built-in connection pool (not for production use!)
14:10:21,732  INFO DriverManagerConnectionProviderImpl:135 - HHH000115: Hibernate connection pool size: 5
14:10:21,732  INFO DriverManagerConnectionProviderImpl:138 - HHH000006: Autocommit mode: false
14:10:21,733  INFO DriverManagerConnectionProviderImpl:153 - HHH000401: using driver [org.h2.Driver] at URL [jdbc:h2:mem:db1;DB_CLOSE_DELAY=-1;MVCC=TRUE]
14:10:21,733  INFO DriverManagerConnectionProviderImpl:158 - HHH000046: Connection properties: {user=sa}
14:10:21,734  INFO Dialect:103 - HHH000400: Using dialect: org.hibernate.dialect.H2Dialect
14:10:21,734  INFO LobCreatorBuilder:94 - HHH000423: Disabling contextual LOB creation as JDBC driver reported JDBC version [3] less than 4
14:10:21,735  INFO TransactionFactoryInitiator:66 - HHH000399: Using default transaction strategy (direct JDBC transactions)
14:10:21,735  INFO ASTQueryTranslatorFactory:48 - HHH000397: Using ASTQueryTranslatorFactory
14:10:21,735  WARN CachingRegionFactory:58 - CachingRegionFactory should be only used for testing.
14:10:21,851  INFO SchemaExport:343 - HHH000227: Running hbm2ddl schema export
14:10:21,852 DEBUG SchemaExport:353 - Import file not found: /import.sql
14:10:21,852 DEBUG SQL:104 - 
    alter table BookSummary 
        drop constraint FKF817445DEE7C6823
14:10:21,852 ERROR SchemaExport:425 - HHH000389: Unsuccessful: alter table BookSummary drop constraint FKF817445DEE7C6823
14:10:21,852 ERROR SchemaExport:426 - Table "BOOKSUMMARY" not found; SQL statement:

    alter table BookSummary 
        drop constraint FKF817445DEE7C6823 [42102-145]
14:10:21,852 DEBUG SQL:104 - 
    alter table InternetProvider 
        drop constraint FK216BA472A6406C18
14:10:21,853 ERROR SchemaExport:425 - HHH000389: Unsuccessful: alter table InternetProvider drop constraint FK216BA472A6406C18
14:10:21,853 ERROR SchemaExport:426 - Table "INTERNETPROVIDER" not found; SQL statement:

    alter table InternetProvider 
        drop constraint FK216BA472A6406C18 [42102-145]
14:10:21,853 DEBUG SQL:104 - 
    alter table InternetProvider 
        drop constraint FK216BA472E1C1DB76
14:10:21,853 ERROR SchemaExport:425 - HHH000389: Unsuccessful: alter table InternetProvider drop constraint FK216BA472E1C1DB76
14:10:21,853 ERROR SchemaExport:426 - Table "INTERNETPROVIDER" not found; SQL statement:

    alter table InternetProvider 
        drop constraint FK216BA472E1C1DB76 [42102-145]
14:10:21,853 DEBUG SQL:104 - 
    alter table Manager 
        drop constraint FK9501A78DAFB29DB5
14:10:21,854 ERROR SchemaExport:425 - HHH000389: Unsuccessful: alter table Manager drop constraint FK9501A78DAFB29DB5
14:10:21,854 ERROR SchemaExport:426 - Table "MANAGER" not found; SQL statement:

    alter table Manager 
        drop constraint FK9501A78DAFB29DB5 [42102-145]
14:10:21,854 DEBUG SQL:104 - 
    alter table PersonEmbed 
        drop constraint FK489A38646329DACA
14:10:21,854 ERROR SchemaExport:425 - HHH000389: Unsuccessful: alter table PersonEmbed drop constraint FK489A38646329DACA
14:10:21,854 ERROR SchemaExport:426 - Table "PERSONEMBED" not found; SQL statement:

    alter table PersonEmbed 
        drop constraint FK489A38646329DACA [42102-145]
14:10:21,854 DEBUG SQL:104 - 
    alter table WealthyPerson_legacyVacationHomes 
        drop constraint FKBBF0DCD06329DACA
14:10:21,855 ERROR SchemaExport:425 - HHH000389: Unsuccessful: alter table WealthyPerson_legacyVacationHomes drop constraint FKBBF0DCD06329DACA
14:10:21,855 ERROR SchemaExport:426 - Table "WEALTHYPERSON_LEGACYVACATIONHOMES" not found; SQL statement:

    alter table WealthyPerson_legacyVacationHomes 
        drop constraint FKBBF0DCD06329DACA [42102-145]
14:10:21,855 DEBUG SQL:104 - 
    alter table WealthyPerson_legacyVacationHomes 
        drop constraint FKBBF0DCD0C432B076
14:10:21,855 ERROR SchemaExport:425 - HHH000389: Unsuccessful: alter table WealthyPerson_legacyVacationHomes drop constraint FKBBF0DCD0C432B076
14:10:21,855 ERROR SchemaExport:426 - Table "WEALTHYPERSON_LEGACYVACATIONHOMES" not found; SQL statement:

    alter table WealthyPerson_legacyVacationHomes 
        drop constraint FKBBF0DCD0C432B076 [42102-145]
14:10:21,855 DEBUG SQL:104 - 
    alter table WealthyPerson_vacationHomes 
        drop constraint FKD649BB996329DACA
14:10:21,856 ERROR SchemaExport:425 - HHH000389: Unsuccessful: alter table WealthyPerson_vacationHomes drop constraint FKD649BB996329DACA
14:10:21,856 ERROR SchemaExport:426 - Table "WEALTHYPERSON_VACATIONHOMES" not found; SQL statement:

    alter table WealthyPerson_vacationHomes 
        drop constraint FKD649BB996329DACA [42102-145]
14:10:21,856 DEBUG SQL:104 - 
    alter table WealthyPerson_vacationHomes 
        drop constraint FKD649BB99C432B076
14:10:21,856 ERROR SchemaExport:425 - HHH000389: Unsuccessful: alter table WealthyPerson_vacationHomes drop constraint FKD649BB99C432B076
14:10:21,856 ERROR SchemaExport:426 - Table "WEALTHYPERSON_VACATIONHOMES" not found; SQL statement:

    alter table WealthyPerson_vacationHomes 
        drop constraint FKD649BB99C432B076 [42102-145]
14:10:21,856 DEBUG SQL:104 - 
    alter table WelPers_VacHomes 
        drop constraint FKA5F347E76329DACA
14:10:21,857 ERROR SchemaExport:425 - HHH000389: Unsuccessful: alter table WelPers_VacHomes drop constraint FKA5F347E76329DACA
14:10:21,857 ERROR SchemaExport:426 - Table "WELPERS_VACHOMES" not found; SQL statement:

    alter table WelPers_VacHomes 
        drop constraint FKA5F347E76329DACA [42102-145]
14:10:21,857 DEBUG SQL:104 - 
    alter table WelPers_VacHomes 
        drop constraint FKA5F347E7C432B076
14:10:21,857 ERROR SchemaExport:425 - HHH000389: Unsuccessful: alter table WelPers_VacHomes drop constraint FKA5F347E7C432B076
14:10:21,857 ERROR SchemaExport:426 - Table "WELPERS_VACHOMES" not found; SQL statement:

    alter table WelPers_VacHomes 
        drop constraint FKA5F347E7C432B076 [42102-145]
14:10:21,857 DEBUG SQL:104 - 
    drop table AddressType if exists
14:10:21,858 DEBUG SQL:104 - 
    drop table Book if exists
14:10:21,858 DEBUG SQL:104 - 
    drop table BookSummary if exists
14:10:21,858 DEBUG SQL:104 - 
    drop table CorpType if exists
14:10:21,858 DEBUG SQL:104 - 
    drop table FavoriteThings if exists
14:10:21,858 DEBUG SQL:104 - 
    drop table InternetProvider if exists
14:10:21,866 DEBUG SQL:104 - 
    drop table Manager if exists
14:10:21,866 DEBUG SQL:104 - 
    drop table Nationality if exists
14:10:21,867 DEBUG SQL:104 - 
    drop table PersonEmbed if exists
14:10:21,867 DEBUG SQL:104 - 
    drop table RegionalArticle if exists
14:10:21,867 DEBUG SQL:104 - 
    drop table SpreadDeal if exists
14:10:21,867 DEBUG SQL:104 - 
    drop table VanillaSwap if exists
14:10:21,867 DEBUG SQL:104 - 
    drop table WealthyPerson_legacyVacationHomes if exists
14:10:21,867 DEBUG SQL:104 - 
    drop table WealthyPerson_vacationHomes if exists
14:10:21,868 DEBUG SQL:104 - 
    drop table WelPers_VacHomes if exists
14:10:21,868 DEBUG SQL:104 - 
    drop sequence hibernate_sequence
14:10:21,868 ERROR SchemaExport:425 - HHH000389: Unsuccessful: drop sequence hibernate_sequence
14:10:21,868 ERROR SchemaExport:426 - Sequence "HIBERNATE_SEQUENCE" not found; SQL statement:

    drop sequence hibernate_sequence [90036-145]
14:10:21,868 DEBUG SQL:104 - 
    create table AddressType (
        id integer not null,
        name varchar(255),
        primary key (id)
    )
14:10:21,869 DEBUG SQL:104 - 
    create table Book (
        isbn varchar(255) not null,
        name varchar(255),
        primary key (isbn)
    )
14:10:21,870 DEBUG SQL:104 - 
    create table BookSummary (
        summ_size integer,
        text varchar(255),
        isbn varchar(255) not null,
        primary key (isbn)
    )
14:10:21,870 DEBUG SQL:104 - 
    create table CorpType (
        id integer not null,
        type varchar(255),
        primary key (id)
    )
14:10:21,870 DEBUG SQL:104 - 
    create table FavoriteThings (
        id integer not null,
        primary key (id)
    )
14:10:21,871 DEBUG SQL:104 - 
    create table InternetProvider (
        id integer not null,
        brandName varchar(255),
        country varchar(255),
        name varchar(255),
        CORP_ID integer,
        origin_fk integer,
        primary key (id)
    )
14:10:21,871 DEBUG SQL:104 - 
    create table Manager (
        id integer not null,
        name varchar(255),
        employer_id integer,
        primary key (id)
    )
14:10:21,872 DEBUG SQL:104 - 
    create table Nationality (
        id integer not null,
        name varchar(255),
        primary key (id)
    )
14:10:21,872 DEBUG SQL:104 - 
    create table PersonEmbed (
        DTYPE varchar(31) not null,
        id integer not null,
        address1 varchar(255),
        fld_city varchar(255),
        iso2 varchar(255),
        countryName varchar(255),
        bornIso2 varchar(255),
        bornCountryName varchar(255),
        name varchar(255),
        type_id integer,
        primary key (id)
    )
14:10:21,873 DEBUG SQL:104 - 
    create table RegionalArticle (
        iso2 varchar(255) not null,
        localUniqueKey varchar(255) not null,
        name varchar(255),
        primary key (iso2, localUniqueKey)
    )
14:10:21,875 DEBUG SQL:104 - 
    create table SpreadDeal (
        NOTONIALDEAL_ID varchar(255) not null,
        MEDIUM_FIXED_RATE double,
        MEDIUM_FIXED_FREQUENCY integer,
        MEDIUM_FLOAT_RATEINDEX integer,
        MEDIUM_FLOAT_RATESPREAD double,
        MEDIUM_FLOAT_FREQUENCY integer,
        MEDIUM_TENOR integer,
        notional double not null,
        rate double not null,
        FIXED_FREQENCY integer,
        rateIndex integer,
        rateSpread double not null,
        paymentFrequency integer,
        tenor integer not null,
        SHORT_FIXED_RATE double,
        SHORT_FIXED_FREQUENCY integer,
        SHORT_FLOAT_RATEINDEX integer,
        SHORT_FLOAT_RATESPREAD double,
        SHORT_FLOAT_FREQUENCY integer,
        SHORT_TENOR integer,
        primary key (NOTONIALDEAL_ID)
    )
14:10:21,876 DEBUG SQL:104 - 
    create table VanillaSwap (
        instrumentId varchar(255) not null,
        currency integer,
        rate double not null,
        FIXED_FREQENCY integer,
        rateIndex integer,
        rateSpread double not null,
        FLOAT_FREQUENCY integer,
        primary key (instrumentId)
    )
14:10:21,876 DEBUG SQL:104 - 
    create table WealthyPerson_legacyVacationHomes (
        WealthyPerson_id integer not null,
        address1 varchar(255),
        fld_city varchar(255),
        iso2 varchar(255),
        countryName varchar(255),
        type_id integer
    )
14:10:21,877 DEBUG SQL:104 - 
    create table WealthyPerson_vacationHomes (
        WealthyPerson_id integer not null,
        address1 varchar(255),
        fld_city varchar(255),
        iso2 varchar(255),
        countryName varchar(255),
        type_id integer
    )
14:10:21,877 DEBUG SQL:104 - 
    create table WelPers_VacHomes (
        WealthyPerson_id integer not null,
        address1 varchar(255),
        fld_city varchar(255),
        iso2 varchar(255),
        countryName varchar(255),
        type_id integer
    )
14:10:21,877 DEBUG SQL:104 - 
    create index idx_BookSummary_1 on BookSummary (summ_size asc, text desc)
14:10:21,878 DEBUG SQL:104 - 
    alter table BookSummary 
        add constraint FKF817445DEE7C6823 
        foreign key (isbn) 
        references Book
14:10:21,878 DEBUG SQL:104 - 
    alter table InternetProvider 
        add constraint FK216BA472A6406C18 
        foreign key (CORP_ID) 
        references CorpType
14:10:21,879 DEBUG SQL:104 - 
    alter table InternetProvider 
        add constraint FK216BA472E1C1DB76 
        foreign key (origin_fk) 
        references Nationality
14:10:21,880 DEBUG SQL:104 - 
    alter table Manager 
        add constraint FK9501A78DAFB29DB5 
        foreign key (employer_id) 
        references InternetProvider
14:10:21,881 DEBUG SQL:104 - 
    alter table PersonEmbed 
        add constraint FK489A38646329DACA 
        foreign key (type_id) 
        references AddressType
14:10:21,881 DEBUG SQL:104 - 
    alter table WealthyPerson_legacyVacationHomes 
        add constraint FKBBF0DCD06329DACA 
        foreign key (type_id) 
        references AddressType
14:10:21,884 DEBUG SQL:104 - 
    alter table WealthyPerson_legacyVacationHomes 
        add constraint FKBBF0DCD0C432B076 
        foreign key (WealthyPerson_id) 
        references PersonEmbed
14:10:21,885 DEBUG SQL:104 - 
    alter table WealthyPerson_vacationHomes 
        add constraint FKD649BB996329DACA 
        foreign key (type_id) 
        references AddressType
14:10:21,886 DEBUG SQL:104 - 
    alter table WealthyPerson_vacationHomes 
        add constraint FKD649BB99C432B076 
        foreign key (WealthyPerson_id) 
        references PersonEmbed
14:10:21,886 DEBUG SQL:104 - 
    create index idx_WelPers_VacHomes_1 on WelPers_VacHomes (countryName, type_id)
14:10:21,887 DEBUG SQL:104 - 
    alter table WelPers_VacHomes 
        add constraint FKA5F347E76329DACA 
        foreign key (type_id) 
        references AddressType
14:10:21,887 DEBUG SQL:104 - 
    alter table WelPers_VacHomes 
        add constraint FKA5F347E7C432B076 
        foreign key (WealthyPerson_id) 
        references PersonEmbed
14:10:21,888 DEBUG SQL:104 - 
    create sequence hibernate_sequence start with 1 increment by 1
14:10:21,888  INFO SchemaExport:405 - HHH000230: Schema export complete
14:10:21,890  WARN SessionFactoryImpl:1554 - HHH000008: JTASessionContext being used with JDBCTransactionFactory; auto-flush will not operate correctly with getCurrentSession()
14:10:21,890  INFO CustomRunner:139 - Test: testCompositeId
14:10:21,892 DEBUG SQL:104 - 
    insert 
    into
        RegionalArticle
        (name, iso2, localUniqueKey) 
    values
        (?, ?, ?)
14:10:21,893 DEBUG SQL:104 - 
    select
        regionalar0_.iso2 as iso1_9_0_,
        regionalar0_.localUniqueKey as localUni2_9_0_,
        regionalar0_.name as name9_0_ 
    from
        RegionalArticle regionalar0_ 
    where
        regionalar0_.iso2=? 
        and regionalar0_.localUniqueKey=?
14:10:21,896  INFO CustomRunner:139 - Test: testDefaultCollectionTable
14:10:21,897 DEBUG SQL:104 - 
    call next value for hibernate_sequence
14:10:21,900 DEBUG SQL:104 - 
    insert 
    into
        PersonEmbed
        (address1, fld_city, iso2, countryName, type_id, bornIso2, bornCountryName, name, DTYPE, id) 
    values
        (?, ?, ?, ?, ?, ?, ?, ?, 'WealthyPerson', ?)
14:10:21,901 DEBUG SQL:104 - 
    insert 
    into
        WealthyPerson_vacationHomes
        (WealthyPerson_id, address1, fld_city, iso2, countryName, type_id) 
    values
        (?, ?, ?, ?, ?, ?)
14:10:21,901 DEBUG SQL:104 - 
    select
        wealthyper0_.id as id8_1_,
        wealthyper0_.address1 as address3_8_1_,
        wealthyper0_.fld_city as fld4_8_1_,
        wealthyper0_.iso2 as iso5_8_1_,
        wealthyper0_.countryName as countryN6_8_1_,
        wealthyper0_.type_id as type10_8_1_,
        wealthyper0_.bornIso2 as bornIso7_8_1_,
        wealthyper0_.bornCountryName as bornCoun8_8_1_,
        wealthyper0_.name as name8_1_,
        addresstyp1_.id as id0_0_,
        addresstyp1_.name as name0_0_ 
    from
        PersonEmbed wealthyper0_ 
    left outer join
        AddressType addresstyp1_ 
            on wealthyper0_.type_id=addresstyp1_.id 
    where
        wealthyper0_.id=? 
        and wealthyper0_.DTYPE='WealthyPerson'
14:10:21,903  INFO CustomRunner:139 - Test: testDottedProperty
14:10:21,908 DEBUG SQL:104 - 
    insert 
    into
        SpreadDeal
        (MEDIUM_FIXED_RATE, MEDIUM_FIXED_FREQUENCY, MEDIUM_FLOAT_RATEINDEX, MEDIUM_FLOAT_RATESPREAD, MEDIUM_FLOAT_FREQUENCY, MEDIUM_TENOR, notional, rate, FIXED_FREQENCY, rateIndex, rateSpread, paymentFrequency, tenor, SHORT_FIXED_RATE, SHORT_FIXED_FREQUENCY, SHORT_FLOAT_RATEINDEX, SHORT_FLOAT_RATESPREAD, SHORT_FLOAT_FREQUENCY, SHORT_TENOR, NOTONIALDEAL_ID) 
    values
        (?, ?, ?, ?, ?, ?, ?, ?, ?, ?, ?, ?, ?, ?, ?, ?, ?, ?, ?, ?)
14:10:21,911 DEBUG SQL:104 - 
    select
        spreaddeal0_.NOTONIALDEAL_ID as NOTONIAL1_10_0_,
        spreaddeal0_.MEDIUM_FIXED_RATE as MEDIUM2_10_0_,
        spreaddeal0_.MEDIUM_FIXED_FREQUENCY as MEDIUM3_10_0_,
        spreaddeal0_.MEDIUM_FLOAT_RATEINDEX as MEDIUM4_10_0_,
        spreaddeal0_.MEDIUM_FLOAT_RATESPREAD as MEDIUM5_10_0_,
        spreaddeal0_.MEDIUM_FLOAT_FREQUENCY as MEDIUM6_10_0_,
        spreaddeal0_.MEDIUM_TENOR as MEDIUM7_10_0_,
        spreaddeal0_.notional as notional10_0_,
        spreaddeal0_.rate as rate10_0_,
        spreaddeal0_.FIXED_FREQENCY as FIXED10_10_0_,
        spreaddeal0_.rateIndex as rateIndex10_0_,
        spreaddeal0_.rateSpread as rateSpread10_0_,
        spreaddeal0_.paymentFrequency as payment13_10_0_,
        spreaddeal0_.tenor as tenor10_0_,
        spreaddeal0_.SHORT_FIXED_RATE as SHORT15_10_0_,
        spreaddeal0_.SHORT_FIXED_FREQUENCY as SHORT16_10_0_,
        spreaddeal0_.SHORT_FLOAT_RATEINDEX as SHORT17_10_0_,
        spreaddeal0_.SHORT_FLOAT_RATESPREAD as SHORT18_10_0_,
        spreaddeal0_.SHORT_FLOAT_FREQUENCY as SHORT19_10_0_,
        spreaddeal0_.SHORT_TENOR as SHORT20_10_0_ 
    from
        SpreadDeal spreaddeal0_ 
    where
        spreaddeal0_.NOTONIALDEAL_ID=?
14:10:21,912 DEBUG SQL:104 - 
    delete 
    from
        SpreadDeal 
    where
        NOTONIALDEAL_ID=?
14:10:21,914  INFO CustomRunner:139 - Test: testEmbeddableInsideEmbeddable
14:10:21,915 DEBUG SQL:104 - 
    insert 
    into
        FavoriteThings
        (id) 
    values
        (?)
14:10:21,916  INFO CustomRunner:139 - Test: testEmbeddedAndMultipleManyToOne
14:10:21,917 DEBUG SQL:104 - 
    call next value for hibernate_sequence
14:10:21,917 DEBUG SQL:104 - 
    call next value for hibernate_sequence
14:10:21,918 DEBUG SQL:104 - 
    call next value for hibernate_sequence
14:10:21,919 DEBUG SQL:104 - 
    insert 
    into
        CorpType
        (type, id) 
    values
        (?, ?)
14:10:21,919 DEBUG SQL:104 - 
    insert 
    into
        Nationality
        (name, id) 
    values
        (?, ?)
14:10:21,920 DEBUG SQL:104 - 
    insert 
    into
        InternetProvider
        (brandName, CORP_ID, country, name, origin_fk, id) 
    values
        (?, ?, ?, ?, ?, ?)
14:10:21,951 DEBUG SQL:104 - 
    select
        internetpr0_.id as id5_2_,
        internetpr0_.brandName as brandName5_2_,
        internetpr0_.CORP_ID as CORP5_5_2_,
        internetpr0_.country as country5_2_,
        internetpr0_.name as name5_2_,
        internetpr0_.origin_fk as origin6_5_2_,
        corptype1_.id as id3_0_,
        corptype1_.type as type3_0_,
        nationalit2_.id as id7_1_,
        nationalit2_.name as name7_1_ 
    from
        InternetProvider internetpr0_ 
    left outer join
        CorpType corptype1_ 
            on internetpr0_.CORP_ID=corptype1_.id 
    left outer join
        Nationality nationalit2_ 
            on internetpr0_.origin_fk=nationalit2_.id 
    where
        internetpr0_.id=?
14:10:21,953 DEBUG SQL:104 - 
    delete 
    from
        InternetProvider 
    where
        id=?
14:10:21,953 DEBUG SQL:104 - 
    delete 
    from
        CorpType 
    where
        id=?
14:10:21,954 DEBUG SQL:104 - 
    delete 
    from
        Nationality 
    where
        id=?
14:10:21,954  INFO CustomRunner:139 - Test: testEmbeddedAndOneToMany
14:10:21,955 DEBUG SQL:104 - 
    call next value for hibernate_sequence
14:10:21,957 DEBUG SQL:104 - 
    call next value for hibernate_sequence
14:10:21,957 DEBUG SQL:104 - 
    insert 
    into
        InternetProvider
        (brandName, CORP_ID, country, name, origin_fk, id) 
    values
        (?, ?, ?, ?, ?, ?)
14:10:21,958 DEBUG SQL:104 - 
    insert 
    into
        Manager
        (employer_id, name, id) 
    values
        (?, ?, ?)
14:10:21,960 DEBUG SQL:104 - 
    select
        internetpr0_.id as id5_2_,
        internetpr0_.brandName as brandName5_2_,
        internetpr0_.CORP_ID as CORP5_5_2_,
        internetpr0_.country as country5_2_,
        internetpr0_.name as name5_2_,
        internetpr0_.origin_fk as origin6_5_2_,
        corptype1_.id as id3_0_,
        corptype1_.type as type3_0_,
        nationalit2_.id as id7_1_,
        nationalit2_.name as name7_1_ 
    from
        InternetProvider internetpr0_ 
    left outer join
        CorpType corptype1_ 
            on internetpr0_.CORP_ID=corptype1_.id 
    left outer join
        Nationality nationalit2_ 
            on internetpr0_.origin_fk=nationalit2_.id 
    where
        internetpr0_.id=?
14:10:21,992 DEBUG SQL:104 - 
    select
        topmanagem0_.employer_id as employer3_5_1_,
        topmanagem0_.id as id6_1_,
        topmanagem0_.id as id6_0_,
        topmanagem0_.employer_id as employer3_6_0_,
        topmanagem0_.name as name6_0_ 
    from
        Manager topmanagem0_ 
    where
        topmanagem0_.employer_id=?
14:10:21,993 DEBUG SQL:104 - 
    delete 
    from
        Manager 
    where
        id=?
14:10:21,994 DEBUG SQL:104 - 
    delete 
    from
        InternetProvider 
    where
        id=?
14:10:22,010  INFO CustomRunner:139 - Test: testEmbeddedInSecondaryTable
14:10:22,013 DEBUG SQL:104 - 
    insert 
    into
        Book
        (name, isbn) 
    values
        (?, ?)
14:10:22,023 DEBUG SQL:104 - 
    insert 
    into
        BookSummary
        (summ_size, text, isbn) 
    values
        (?, ?, ?)
14:10:22,023 DEBUG SQL:104 - 
    select
        book0_.isbn as isbn1_0_,
        book0_.name as name1_0_,
        book0_1_.summ_size as summ1_2_0_,
        book0_1_.text as text2_0_ 
    from
        Book book0_ 
    left outer join
        BookSummary book0_1_ 
            on book0_.isbn=book0_1_.isbn 
    where
        book0_.isbn=?
14:10:22,024 DEBUG SQL:104 - 
    delete 
    from
        BookSummary 
    where
        isbn=?
14:10:22,024 DEBUG SQL:104 - 
    delete 
    from
        Book 
    where
        isbn=?
14:10:22,033  INFO CustomRunner:139 - Test: testEmbeddedSuperclass
14:10:22,035 DEBUG SQL:104 - 
    insert 
    into
        VanillaSwap
        (currency, rate, FIXED_FREQENCY, rateIndex, rateSpread, FLOAT_FREQUENCY, instrumentId) 
    values
        (?, ?, ?, ?, ?, ?, ?)
14:10:22,036 DEBUG SQL:104 - 
    select
        vanillaswa0_.instrumentId as instrume1_11_0_,
        vanillaswa0_.currency as currency11_0_,
        vanillaswa0_.rate as rate11_0_,
        vanillaswa0_.FIXED_FREQENCY as FIXED4_11_0_,
        vanillaswa0_.rateIndex as rateIndex11_0_,
        vanillaswa0_.rateSpread as rateSpread11_0_,
        vanillaswa0_.FLOAT_FREQUENCY as FLOAT7_11_0_ 
    from
        VanillaSwap vanillaswa0_ 
    where
        vanillaswa0_.instrumentId=?
14:10:22,038 DEBUG SQL:104 - 
    delete 
    from
        VanillaSwap 
    where
        instrumentId=?
14:10:22,068  INFO CustomRunner:139 - Test: testManyToOneInsideComponent
14:10:22,069 DEBUG SQL:104 - 
    call next value for hibernate_sequence
14:10:22,070 DEBUG SQL:104 - 
    call next value for hibernate_sequence
14:10:22,071 DEBUG SQL:104 - 
    insert 
    into
        AddressType
        (name, id) 
    values
        (?, ?)
14:10:22,071 DEBUG SQL:104 - 
    insert 
    into
        PersonEmbed
        (address1, fld_city, iso2, countryName, type_id, bornIso2, bornCountryName, name, DTYPE, id) 
    values
        (?, ?, ?, ?, ?, ?, ?, ?, 'Person', ?)
14:10:22,073 DEBUG QueryTranslatorImpl:265 - parse() - HQL: select p from org.hibernate.test.annotations.embedded.Person p where p.address.city = :city
14:10:22,074 DEBUG QueryTranslatorImpl:283 - --- HQL AST ---
 \-[QUERY] Node: 'query'
    +-[SELECT_FROM] Node: 'SELECT_FROM'
    |  +-[FROM] Node: 'from'
    |  |  \-[RANGE] Node: 'RANGE'
    |  |     +-[DOT] Node: '.'
    |  |     |  +-[DOT] Node: '.'
    |  |     |  |  +-[DOT] Node: '.'
    |  |     |  |  |  +-[DOT] Node: '.'
    |  |     |  |  |  |  +-[DOT] Node: '.'
    |  |     |  |  |  |  |  +-[IDENT] Node: 'org'
    |  |     |  |  |  |  |  \-[IDENT] Node: 'hibernate'
    |  |     |  |  |  |  \-[IDENT] Node: 'test'
    |  |     |  |  |  \-[IDENT] Node: 'annotations'
    |  |     |  |  \-[IDENT] Node: 'embedded'
    |  |     |  \-[IDENT] Node: 'Person'
    |  |     \-[ALIAS] Node: 'p'
    |  \-[SELECT] Node: 'select'
    |     \-[IDENT] Node: 'p'
    \-[WHERE] Node: 'where'
       \-[EQ] Node: '='
          +-[DOT] Node: '.'
          |  +-[DOT] Node: '.'
          |  |  +-[IDENT] Node: 'p'
          |  |  \-[IDENT] Node: 'address'
          |  \-[IDENT] Node: 'city'
          \-[COLON] Node: ':'
             \-[IDENT] Node: 'city'

14:10:22,088 DEBUG ErrorCounter:82 - throwQueryException() : no errors
14:10:22,088 DEBUG FromElement:157 - FromClause{level=1} : org.hibernate.test.annotations.embedded.Person (p) -> person0_
14:10:22,089 DEBUG FromReferenceNode:74 - Resolved : p -> person0_.id
14:10:22,089 DEBUG FromReferenceNode:74 - Resolved : p -> person0_.id
14:10:22,089 DEBUG DotNode:599 - getDataType() : address -> org.hibernate.type.ComponentType@338cdf54
14:10:22,099 DEBUG DotNode:585 - Unresolved property path is now 'address.city'
14:10:22,099 DEBUG FromReferenceNode:74 - Resolved : p.address -> person0_.fld_city
14:10:22,099 DEBUG DotNode:599 - getDataType() : address.city -> org.hibernate.type.StringType@2dc8de40
14:10:22,099 DEBUG FromReferenceNode:74 - Resolved : p.address.city -> person0_.fld_city
14:10:22,100 DEBUG HqlSqlWalker:629 - processQuery() :  ( SELECT ( {select clause} person0_.id ) ( FromClause{level=1} PersonEmbed person0_ ) ( where ( = ( person0_.fld_city ( person0_.fld_city person0_.id address ) city ) ? ) ) )
14:10:22,100 DEBUG JoinProcessor:175 - Using FROM fragment [PersonEmbed person0_]
14:10:22,100 DEBUG QueryTranslatorImpl:252 - --- SQL AST ---
 \-[SELECT] QueryNode: 'SELECT'  querySpaces (PersonEmbed)
    +-[SELECT_CLAUSE] SelectClause: '{select clause}'
    |  +-[ALIAS_REF] IdentNode: 'person0_.id as id8_' {alias=p, className=org.hibernate.test.annotations.embedded.Person, tableAlias=person0_}
    |  \-[SQL_TOKEN] SqlFragment: 'person0_.address1 as address3_8_, person0_.fld_city as fld4_8_, person0_.iso2 as iso5_8_, person0_.countryName as countryN6_8_, person0_.type_id as type10_8_, person0_.bornIso2 as bornIso7_8_, person0_.bornCountryName as bornCoun8_8_, person0_.name as name8_, person0_.DTYPE as DTYPE8_'
    +-[FROM] FromClause: 'from' FromClause{level=1, fromElementCounter=1, fromElements=1, fromElementByClassAlias=[p], fromElementByTableAlias=[person0_], fromElementsByPath=[], collectionJoinFromElementsByPath=[], impliedElements=[]}
    |  \-[FROM_FRAGMENT] FromElement: 'PersonEmbed person0_' FromElement{explicit,not a collection join,not a fetch join,fetch non-lazy properties,classAlias=p,role=null,tableName=PersonEmbed,tableAlias=person0_,origin=null,columns={,className=org.hibernate.test.annotations.embedded.Person}}
    \-[WHERE] SqlNode: 'where'
       \-[EQ] BinaryLogicOperatorNode: '='
          +-[DOT] DotNode: 'person0_.fld_city' {propertyName=city,dereferenceType=ALL,propertyPath=address.city,path=p.address.city,tableAlias=person0_,className=org.hibernate.test.annotations.embedded.Person,classAlias=p}
          |  +-[DOT] DotNode: 'person0_.fld_city' {propertyName=city,dereferenceType=2,propertyPath=address.city,path=p.address,tableAlias=person0_,className=org.hibernate.test.annotations.embedded.Person,classAlias=p}
          |  |  +-[ALIAS_REF] IdentNode: 'person0_.id' {alias=p, className=org.hibernate.test.annotations.embedded.Person, tableAlias=person0_}
          |  |  \-[IDENT] IdentNode: 'address' {originalText=address}
          |  \-[IDENT] IdentNode: 'city' {originalText=city}
          \-[NAMED_PARAM] ParameterNode: '?' {name=city, expectedType=org.hibernate.type.StringType@2dc8de40}

14:10:22,101 DEBUG ErrorCounter:82 - throwQueryException() : no errors
14:10:22,101 DEBUG QueryTranslatorImpl:235 - HQL: select p from org.hibernate.test.annotations.embedded.Person p where p.address.city = :city
14:10:22,101 DEBUG QueryTranslatorImpl:236 - SQL: select person0_.id as id8_, person0_.address1 as address3_8_, person0_.fld_city as fld4_8_, person0_.iso2 as iso5_8_, person0_.countryName as countryN6_8_, person0_.type_id as type10_8_, person0_.bornIso2 as bornIso7_8_, person0_.bornCountryName as bornCoun8_8_, person0_.name as name8_, person0_.DTYPE as DTYPE8_ from PersonEmbed person0_ where person0_.fld_city=?
14:10:22,102 DEBUG ErrorCounter:82 - throwQueryException() : no errors
14:10:22,102 DEBUG SQL:104 - 
    select
        person0_.id as id8_,
        person0_.address1 as address3_8_,
        person0_.fld_city as fld4_8_,
        person0_.iso2 as iso5_8_,
        person0_.countryName as countryN6_8_,
        person0_.type_id as type10_8_,
        person0_.bornIso2 as bornIso7_8_,
        person0_.bornCountryName as bornCoun8_8_,
        person0_.name as name8_,
        person0_.DTYPE as DTYPE8_ 
    from
        PersonEmbed person0_ 
    where
        person0_.fld_city=?
14:10:22,104 DEBUG SQL:104 - 
    select
        addresstyp0_.id as id0_0_,
        addresstyp0_.name as name0_0_ 
    from
        AddressType addresstyp0_ 
    where
        addresstyp0_.id=?
14:10:22,110  INFO CustomRunner:139 - Test: testParent
14:10:22,112 DEBUG SQL:104 - 
    insert 
    into
        Book
        (name, isbn) 
    values
        (?, ?)
14:10:22,113 DEBUG SQL:104 - 
    insert 
    into
        BookSummary
        (summ_size, text, isbn) 
    values
        (?, ?, ?)
14:10:22,161 DEBUG SQL:104 - 
    select
        book0_.isbn as isbn1_0_,
        book0_.name as name1_0_,
        book0_1_.summ_size as summ1_2_0_,
        book0_1_.text as text2_0_ 
    from
        Book book0_ 
    left outer join
        BookSummary book0_1_ 
            on book0_.isbn=book0_1_.isbn 
    where
        book0_.isbn=?
14:10:22,162 DEBUG SQL:104 - 
    delete 
    from
        BookSummary 
    where
        isbn=?
14:10:22,162 DEBUG SQL:104 - 
    delete 
    from
        Book 
    where
        isbn=?
14:10:22,175  INFO CustomRunner:139 - Test: testSimple
14:10:22,176 DEBUG SQL:104 - 
    call next value for hibernate_sequence
14:10:22,178 DEBUG SQL:104 - 
    insert 
    into
        PersonEmbed
        (address1, fld_city, iso2, countryName, type_id, bornIso2, bornCountryName, name, DTYPE, id) 
    values
        (?, ?, ?, ?, ?, ?, ?, ?, 'Person', ?)
14:10:22,179 DEBUG SQL:104 - 
    select
        person0_.id as id8_1_,
        person0_.address1 as address3_8_1_,
        person0_.fld_city as fld4_8_1_,
        person0_.iso2 as iso5_8_1_,
        person0_.countryName as countryN6_8_1_,
        person0_.type_id as type10_8_1_,
        person0_.bornIso2 as bornIso7_8_1_,
        person0_.bornCountryName as bornCoun8_8_1_,
        person0_.name as name8_1_,
        person0_.DTYPE as DTYPE8_1_,
        addresstyp1_.id as id0_0_,
        addresstyp1_.name as name0_0_ 
    from
        PersonEmbed person0_ 
    left outer join
        AddressType addresstyp1_ 
            on person0_.type_id=addresstyp1_.id 
    where
        person0_.id=?
14:10:22,180  INFO SchemaExport:343 - HHH000227: Running hbm2ddl schema export
14:10:22,181 DEBUG SchemaExport:353 - Import file not found: /import.sql
14:10:22,181 DEBUG SQL:104 - 
    alter table BookSummary 
        drop constraint FKF817445DEE7C6823
14:10:22,181 DEBUG SQL:104 - 
    alter table InternetProvider 
        drop constraint FK216BA472A6406C18
14:10:22,199 DEBUG SQL:104 - 
    alter table InternetProvider 
        drop constraint FK216BA472E1C1DB76
14:10:22,200 DEBUG SQL:104 - 
    alter table Manager 
        drop constraint FK9501A78DAFB29DB5
14:10:22,200 DEBUG SQL:104 - 
    alter table PersonEmbed 
        drop constraint FK489A38646329DACA
14:10:22,200 DEBUG SQL:104 - 
    alter table WealthyPerson_legacyVacationHomes 
        drop constraint FKBBF0DCD06329DACA
14:10:22,201 DEBUG SQL:104 - 
    alter table WealthyPerson_legacyVacationHomes 
        drop constraint FKBBF0DCD0C432B076
14:10:22,201 DEBUG SQL:104 - 
    alter table WealthyPerson_vacationHomes 
        drop constraint FKD649BB996329DACA
14:10:22,201 DEBUG SQL:104 - 
    alter table WealthyPerson_vacationHomes 
        drop constraint FKD649BB99C432B076
14:10:22,201 DEBUG SQL:104 - 
    alter table WelPers_VacHomes 
        drop constraint FKA5F347E76329DACA
14:10:22,202 DEBUG SQL:104 - 
    alter table WelPers_VacHomes 
        drop constraint FKA5F347E7C432B076
14:10:22,202 DEBUG SQL:104 - 
    drop table AddressType if exists
14:10:22,211 DEBUG SQL:104 - 
    drop table Book if exists
14:10:22,212 DEBUG SQL:104 - 
    drop table BookSummary if exists
14:10:22,212 DEBUG SQL:104 - 
    drop table CorpType if exists
14:10:22,213 DEBUG SQL:104 - 
    drop table FavoriteThings if exists
14:10:22,213 DEBUG SQL:104 - 
    drop table InternetProvider if exists
14:10:22,213 DEBUG SQL:104 - 
    drop table Manager if exists
14:10:22,214 DEBUG SQL:104 - 
    drop table Nationality if exists
14:10:22,214 DEBUG SQL:104 - 
    drop table PersonEmbed if exists
14:10:22,214 DEBUG SQL:104 - 
    drop table RegionalArticle if exists
14:10:22,215 DEBUG SQL:104 - 
    drop table SpreadDeal if exists
14:10:22,215 DEBUG SQL:104 - 
    drop table VanillaSwap if exists
14:10:22,215 DEBUG SQL:104 - 
    drop table WealthyPerson_legacyVacationHomes if exists
14:10:22,215 DEBUG SQL:104 - 
    drop table WealthyPerson_vacationHomes if exists
14:10:22,215 DEBUG SQL:104 - 
    drop table WelPers_VacHomes if exists
14:10:22,216 DEBUG SQL:104 - 
    drop sequence hibernate_sequence
14:10:22,223  INFO SchemaExport:405 - HHH000230: Schema export complete
14:10:22,223  INFO DriverManagerConnectionProviderImpl:162 - HHH000030: Cleaning up connection pool [jdbc:h2:mem:db1;DB_CLOSE_DELAY=-1;MVCC=TRUE]
]]></system-out>
  <system-err><![CDATA[]]></system-err>
</testsuite>
