<?xml version="1.0" encoding="UTF-8"?>
<testsuite errors="0" failures="0" hostname="dhcp-10.15.208.168.stl.redhat.com" name="org.hibernate.test.annotations.embeddables.nested.NestedEmbeddableMetadataTest" tests="1" time="0.007" timestamp="2013-02-28T20:10:21">
  <properties />
  <testcase classname="org.hibernate.test.annotations.embeddables.nested.NestedEmbeddableMetadataTest" name="testEnumTypeInterpretation" time="0.005" />
  <system-out><![CDATA[14:10:21,666  INFO CustomRunner:132 - BeforeClass: org.hibernate.test.annotations.embeddables.nested.NestedEmbeddableMetadataTest
14:10:21,667  INFO CustomRunner:139 - Test: testEnumTypeInterpretation
]]></system-out>
  <system-err><![CDATA[]]></system-err>
</testsuite>
