<?xml version="1.0" encoding="UTF-8"?>
<testsuite errors="0" failures="0" hostname="dhcp-10.15.208.168.stl.redhat.com" name="org.hibernate.metamodel.source.annotations.entity.EmbeddableBindingTest" tests="6" time="0.136" timestamp="2013-02-28T20:09:58">
  <properties />
  <testcase classname="org.hibernate.metamodel.source.annotations.entity.EmbeddableBindingTest" name="testAttributeOverrideInEmbeddable" time="0.024" />
  <testcase classname="org.hibernate.metamodel.source.annotations.entity.EmbeddableBindingTest" name="testEmbeddable" time="0.02" />
  <testcase classname="org.hibernate.metamodel.source.annotations.entity.EmbeddableBindingTest" name="testEmbeddableWithAttributeOverride" time="0.017" />
  <testcase classname="org.hibernate.metamodel.source.annotations.entity.EmbeddableBindingTest" name="testNestedEmbeddable" time="0.023" />
  <testcase classname="org.hibernate.metamodel.source.annotations.entity.EmbeddableBindingTest" name="testParentReferencingAttributeName" time="0.019" />
  <testcase classname="org.hibernate.metamodel.source.annotations.entity.EmbeddableBindingTest" name="testTargetAnnotationWithEmbeddable" time="0.019" />
  <system-out><![CDATA[14:09:58,389  INFO CustomRunner:132 - BeforeClass: org.hibernate.metamodel.source.annotations.entity.EmbeddableBindingTest
14:09:58,390  INFO CustomRunner:139 - Test: testAttributeOverrideInEmbeddable
14:09:58,394  INFO DriverManagerConnectionProviderImpl:99 - HHH000402: Using Hibernate built-in connection pool (not for production use!)
14:09:58,395  INFO DriverManagerConnectionProviderImpl:135 - HHH000115: Hibernate connection pool size: 5
14:09:58,395  INFO DriverManagerConnectionProviderImpl:138 - HHH000006: Autocommit mode: false
14:09:58,395  INFO DriverManagerConnectionProviderImpl:153 - HHH000401: using driver [org.h2.Driver] at URL [jdbc:h2:mem:db1;DB_CLOSE_DELAY=-1;MVCC=TRUE]
14:09:58,395  INFO DriverManagerConnectionProviderImpl:158 - HHH000046: Connection properties: {user=sa}
14:09:58,399  INFO Dialect:103 - HHH000400: Using dialect: org.hibernate.dialect.H2Dialect
14:09:58,399  INFO LobCreatorBuilder:94 - HHH000423: Disabling contextual LOB creation as JDBC driver reported JDBC version [3] less than 4
14:09:58,408  WARN CachingRegionFactory:53 - CachingRegionFactory should be only used for testing.
14:09:58,417  INFO CustomRunner:139 - Test: testEmbeddable
14:09:58,423  INFO DriverManagerConnectionProviderImpl:99 - HHH000402: Using Hibernate built-in connection pool (not for production use!)
14:09:58,423  INFO DriverManagerConnectionProviderImpl:135 - HHH000115: Hibernate connection pool size: 5
14:09:58,423  INFO DriverManagerConnectionProviderImpl:138 - HHH000006: Autocommit mode: false
14:09:58,424  INFO DriverManagerConnectionProviderImpl:153 - HHH000401: using driver [org.h2.Driver] at URL [jdbc:h2:mem:db1;DB_CLOSE_DELAY=-1;MVCC=TRUE]
14:09:58,424  INFO DriverManagerConnectionProviderImpl:158 - HHH000046: Connection properties: {user=sa}
14:09:58,427  INFO Dialect:103 - HHH000400: Using dialect: org.hibernate.dialect.H2Dialect
14:09:58,428  INFO LobCreatorBuilder:94 - HHH000423: Disabling contextual LOB creation as JDBC driver reported JDBC version [3] less than 4
14:09:58,430  WARN CachingRegionFactory:53 - CachingRegionFactory should be only used for testing.
14:09:58,438  INFO CustomRunner:139 - Test: testEmbeddableWithAttributeOverride
14:09:58,443  INFO DriverManagerConnectionProviderImpl:99 - HHH000402: Using Hibernate built-in connection pool (not for production use!)
14:09:58,444  INFO DriverManagerConnectionProviderImpl:135 - HHH000115: Hibernate connection pool size: 5
14:09:58,444  INFO DriverManagerConnectionProviderImpl:138 - HHH000006: Autocommit mode: false
14:09:58,444  INFO DriverManagerConnectionProviderImpl:153 - HHH000401: using driver [org.h2.Driver] at URL [jdbc:h2:mem:db1;DB_CLOSE_DELAY=-1;MVCC=TRUE]
14:09:58,444  INFO DriverManagerConnectionProviderImpl:158 - HHH000046: Connection properties: {user=sa}
14:09:58,448  INFO Dialect:103 - HHH000400: Using dialect: org.hibernate.dialect.H2Dialect
14:09:58,448  INFO LobCreatorBuilder:94 - HHH000423: Disabling contextual LOB creation as JDBC driver reported JDBC version [3] less than 4
14:09:58,451  WARN CachingRegionFactory:53 - CachingRegionFactory should be only used for testing.
14:09:58,455  INFO CustomRunner:139 - Test: testNestedEmbeddable
14:09:58,461  INFO DriverManagerConnectionProviderImpl:99 - HHH000402: Using Hibernate built-in connection pool (not for production use!)
14:09:58,461  INFO DriverManagerConnectionProviderImpl:135 - HHH000115: Hibernate connection pool size: 5
14:09:58,461  INFO DriverManagerConnectionProviderImpl:138 - HHH000006: Autocommit mode: false
14:09:58,462  INFO DriverManagerConnectionProviderImpl:153 - HHH000401: using driver [org.h2.Driver] at URL [jdbc:h2:mem:db1;DB_CLOSE_DELAY=-1;MVCC=TRUE]
14:09:58,462  INFO DriverManagerConnectionProviderImpl:158 - HHH000046: Connection properties: {user=sa}
14:09:58,465  INFO Dialect:103 - HHH000400: Using dialect: org.hibernate.dialect.H2Dialect
14:09:58,466  INFO LobCreatorBuilder:94 - HHH000423: Disabling contextual LOB creation as JDBC driver reported JDBC version [3] less than 4
14:09:58,469  WARN CachingRegionFactory:53 - CachingRegionFactory should be only used for testing.
14:09:58,480  INFO CustomRunner:139 - Test: testParentReferencingAttributeName
14:09:58,486  INFO DriverManagerConnectionProviderImpl:99 - HHH000402: Using Hibernate built-in connection pool (not for production use!)
14:09:58,486  INFO DriverManagerConnectionProviderImpl:135 - HHH000115: Hibernate connection pool size: 5
14:09:58,486  INFO DriverManagerConnectionProviderImpl:138 - HHH000006: Autocommit mode: false
14:09:58,487  INFO DriverManagerConnectionProviderImpl:153 - HHH000401: using driver [org.h2.Driver] at URL [jdbc:h2:mem:db1;DB_CLOSE_DELAY=-1;MVCC=TRUE]
14:09:58,487  INFO DriverManagerConnectionProviderImpl:158 - HHH000046: Connection properties: {user=sa}
14:09:58,490  INFO Dialect:103 - HHH000400: Using dialect: org.hibernate.dialect.H2Dialect
14:09:58,491  INFO LobCreatorBuilder:94 - HHH000423: Disabling contextual LOB creation as JDBC driver reported JDBC version [3] less than 4
14:09:58,494  WARN CachingRegionFactory:53 - CachingRegionFactory should be only used for testing.
14:09:58,500  INFO CustomRunner:139 - Test: testTargetAnnotationWithEmbeddable
14:09:58,506  INFO DriverManagerConnectionProviderImpl:99 - HHH000402: Using Hibernate built-in connection pool (not for production use!)
14:09:58,507  INFO DriverManagerConnectionProviderImpl:135 - HHH000115: Hibernate connection pool size: 5
14:09:58,507  INFO DriverManagerConnectionProviderImpl:138 - HHH000006: Autocommit mode: false
14:09:58,507  INFO DriverManagerConnectionProviderImpl:153 - HHH000401: using driver [org.h2.Driver] at URL [jdbc:h2:mem:db1;DB_CLOSE_DELAY=-1;MVCC=TRUE]
14:09:58,507  INFO DriverManagerConnectionProviderImpl:158 - HHH000046: Connection properties: {user=sa}
14:09:58,511  INFO Dialect:103 - HHH000400: Using dialect: org.hibernate.dialect.H2Dialect
14:09:58,511  INFO LobCreatorBuilder:94 - HHH000423: Disabling contextual LOB creation as JDBC driver reported JDBC version [3] less than 4
14:09:58,516  WARN CachingRegionFactory:53 - CachingRegionFactory should be only used for testing.
]]></system-out>
  <system-err><![CDATA[]]></system-err>
</testsuite>
