<?xml version="1.0" encoding="UTF-8"?>
<testsuite errors="0" failures="0" hostname="dhcp-10.15.208.168.stl.redhat.com" name="org.hibernate.test.annotations.idmanytoone.alphabetical.AlphabeticalManyToOneTest" tests="1" time="0.055" timestamp="2013-02-28T20:10:30">
  <properties />
  <testcase classname="org.hibernate.test.annotations.idmanytoone.alphabetical.AlphabeticalManyToOneTest" name="testAlphabeticalTest" time="0.001" />
  <system-out><![CDATA[14:10:30,449  INFO CustomRunner:132 - BeforeClass: org.hibernate.test.annotations.idmanytoone.alphabetical.AlphabeticalManyToOneTest
14:10:30,454  INFO DriverManagerConnectionProviderImpl:99 - HHH000402: Using Hibernate built-in connection pool (not for production use!)
14:10:30,454  INFO DriverManagerConnectionProviderImpl:135 - HHH000115: Hibernate connection pool size: 5
14:10:30,454  INFO DriverManagerConnectionProviderImpl:138 - HHH000006: Autocommit mode: false
14:10:30,454  INFO DriverManagerConnectionProviderImpl:153 - HHH000401: using driver [org.h2.Driver] at URL [jdbc:h2:mem:db1;DB_CLOSE_DELAY=-1;MVCC=TRUE]
14:10:30,454  INFO DriverManagerConnectionProviderImpl:158 - HHH000046: Connection properties: {user=sa}
14:10:30,456  INFO Dialect:103 - HHH000400: Using dialect: org.hibernate.dialect.H2Dialect
14:10:30,456  INFO LobCreatorBuilder:94 - HHH000423: Disabling contextual LOB creation as JDBC driver reported JDBC version [3] less than 4
14:10:30,456  INFO TransactionFactoryInitiator:66 - HHH000399: Using default transaction strategy (direct JDBC transactions)
14:10:30,457  INFO ASTQueryTranslatorFactory:48 - HHH000397: Using ASTQueryTranslatorFactory
14:10:30,457  WARN CachingRegionFactory:58 - CachingRegionFactory should be only used for testing.
14:10:30,474  INFO SchemaExport:343 - HHH000227: Running hbm2ddl schema export
14:10:30,475 DEBUG SchemaExport:353 - Import file not found: /import.sql
14:10:30,475 DEBUG SQL:104 - 
    alter table Acces 
        drop constraint FK3C278CF9F1A6D54
14:10:30,475 ERROR SchemaExport:425 - HHH000389: Unsuccessful: alter table Acces drop constraint FK3C278CF9F1A6D54
14:10:30,476 ERROR SchemaExport:426 - Table "ACCES" not found; SQL statement:

    alter table Acces 
        drop constraint FK3C278CF9F1A6D54 [42102-145]
14:10:30,476 DEBUG SQL:104 - 
    alter table Benefserv 
        drop constraint FKA2956C62B34B85C7
14:10:30,476 ERROR SchemaExport:425 - HHH000389: Unsuccessful: alter table Benefserv drop constraint FKA2956C62B34B85C7
14:10:30,476 ERROR SchemaExport:426 - Table "BENEFSERV" not found; SQL statement:

    alter table Benefserv 
        drop constraint FKA2956C62B34B85C7 [42102-145]
14:10:30,477 DEBUG SQL:104 - 
    alter table Droitacces 
        drop constraint FK7283CE03A4CF81C8
14:10:30,477 ERROR SchemaExport:425 - HHH000389: Unsuccessful: alter table Droitacces drop constraint FK7283CE03A4CF81C8
14:10:30,477 ERROR SchemaExport:426 - Table "DROITACCES" not found; SQL statement:

    alter table Droitacces 
        drop constraint FK7283CE03A4CF81C8 [42102-145]
14:10:30,477 DEBUG SQL:104 - 
    drop table Acces if exists
14:10:30,477 DEBUG SQL:104 - 
    drop table Benefserv if exists
14:10:30,477 DEBUG SQL:104 - 
    drop table Droitacces if exists
14:10:30,478 DEBUG SQL:104 - 
    drop table Service if exists
14:10:30,478 DEBUG SQL:104 - 
    create table Acces (
        idpk decimal(19,2) not null,
        idpkdracc_idpk decimal(19,2),
        primary key (idpk)
    )
14:10:30,478 DEBUG SQL:104 - 
    create table Benefserv (
        idpk decimal(19,2) not null,
        idpkser_idpk decimal(19,2),
        primary key (idpk)
    )
14:10:30,479 DEBUG SQL:104 - 
    create table Droitacces (
        idpk decimal(19,2) not null,
        idpkbenef_idpk decimal(19,2),
        primary key (idpk)
    )
14:10:30,479 DEBUG SQL:104 - 
    create table Service (
        idpk decimal(19,2) not null,
        primary key (idpk)
    )
14:10:30,479 DEBUG SQL:104 - 
    alter table Acces 
        add constraint FK3C278CF9F1A6D54 
        foreign key (idpkdracc_idpk) 
        references Droitacces
14:10:30,480 DEBUG SQL:104 - 
    alter table Benefserv 
        add constraint FKA2956C62B34B85C7 
        foreign key (idpkser_idpk) 
        references Service
14:10:30,481 DEBUG SQL:104 - 
    alter table Droitacces 
        add constraint FK7283CE03A4CF81C8 
        foreign key (idpkbenef_idpk) 
        references Benefserv
14:10:30,481  INFO SchemaExport:405 - HHH000230: Schema export complete
14:10:30,482  WARN SessionFactoryImpl:1554 - HHH000008: JTASessionContext being used with JDBCTransactionFactory; auto-flush will not operate correctly with getCurrentSession()
14:10:30,482  INFO CustomRunner:139 - Test: testAlphabeticalTest
14:10:30,483  INFO SchemaExport:343 - HHH000227: Running hbm2ddl schema export
14:10:30,500 DEBUG SchemaExport:353 - Import file not found: /import.sql
14:10:30,500 DEBUG SQL:104 - 
    alter table Acces 
        drop constraint FK3C278CF9F1A6D54
14:10:30,501 DEBUG SQL:104 - 
    alter table Benefserv 
        drop constraint FKA2956C62B34B85C7
14:10:30,501 DEBUG SQL:104 - 
    alter table Droitacces 
        drop constraint FK7283CE03A4CF81C8
14:10:30,501 DEBUG SQL:104 - 
    drop table Acces if exists
14:10:30,501 DEBUG SQL:104 - 
    drop table Benefserv if exists
14:10:30,501 DEBUG SQL:104 - 
    drop table Droitacces if exists
14:10:30,502 DEBUG SQL:104 - 
    drop table Service if exists
14:10:30,502  INFO SchemaExport:405 - HHH000230: Schema export complete
14:10:30,502  INFO DriverManagerConnectionProviderImpl:162 - HHH000030: Cleaning up connection pool [jdbc:h2:mem:db1;DB_CLOSE_DELAY=-1;MVCC=TRUE]
]]></system-out>
  <system-err><![CDATA[]]></system-err>
</testsuite>
