<?xml version="1.0" encoding="UTF-8"?>
<testsuite errors="0" failures="0" hostname="dhcp-10.15.208.168.stl.redhat.com" name="org.hibernate.test.annotations.collectionelement.embeddables.withcustomenumdef.TestBasicOps" tests="1" time="0.032" timestamp="2013-02-28T20:10:17">
  <properties />
  <testcase classname="org.hibernate.test.annotations.collectionelement.embeddables.withcustomenumdef.TestBasicOps" name="testLoadAndStore" time="0.005" />
  <system-out><![CDATA[14:10:17,314  INFO CustomRunner:132 - BeforeClass: org.hibernate.test.annotations.collectionelement.embeddables.withcustomenumdef.TestBasicOps
14:10:17,320  INFO DriverManagerConnectionProviderImpl:99 - HHH000402: Using Hibernate built-in connection pool (not for production use!)
14:10:17,320  INFO DriverManagerConnectionProviderImpl:135 - HHH000115: Hibernate connection pool size: 5
14:10:17,320  INFO DriverManagerConnectionProviderImpl:138 - HHH000006: Autocommit mode: false
14:10:17,321  INFO DriverManagerConnectionProviderImpl:153 - HHH000401: using driver [org.h2.Driver] at URL [jdbc:h2:mem:db1;DB_CLOSE_DELAY=-1;MVCC=TRUE]
14:10:17,321  INFO DriverManagerConnectionProviderImpl:158 - HHH000046: Connection properties: {user=sa}
14:10:17,322  INFO Dialect:103 - HHH000400: Using dialect: org.hibernate.dialect.H2Dialect
14:10:17,322  INFO LobCreatorBuilder:94 - HHH000423: Disabling contextual LOB creation as JDBC driver reported JDBC version [3] less than 4
14:10:17,323  INFO TransactionFactoryInitiator:66 - HHH000399: Using default transaction strategy (direct JDBC transactions)
14:10:17,323  INFO ASTQueryTranslatorFactory:48 - HHH000397: Using ASTQueryTranslatorFactory
14:10:17,323  WARN CachingRegionFactory:58 - CachingRegionFactory should be only used for testing.
14:10:17,332  INFO SchemaExport:343 - HHH000227: Running hbm2ddl schema export
14:10:17,333 DEBUG SchemaExport:353 - Import file not found: /import.sql
14:10:17,333 DEBUG SQL:104 - 
    alter table "Query_includedLocations" 
        drop constraint FKA4F1822B5DD05FE9
14:10:17,333 ERROR SchemaExport:425 - HHH000389: Unsuccessful: alter table "Query_includedLocations" drop constraint FKA4F1822B5DD05FE9
14:10:17,333 ERROR SchemaExport:426 - Table "Query_includedLocations" not found; SQL statement:

    alter table "Query_includedLocations" 
        drop constraint FKA4F1822B5DD05FE9 [42102-145]
14:10:17,333 DEBUG SQL:104 - 
    drop table "Query_includedLocations" if exists
14:10:17,334 DEBUG SQL:104 - 
    drop table "Query" if exists
14:10:17,334 DEBUG SQL:104 - 
    create table "Query_includedLocations" (
        "Query_id" bigint not null,
        name varchar(255),
        "type" varchar(255)
    )
14:10:17,335 DEBUG SQL:104 - 
    create table "Query" (
        id bigint not null,
        primary key (id)
    )
14:10:17,335 DEBUG SQL:104 - 
    alter table "Query_includedLocations" 
        add constraint FKA4F1822B5DD05FE9 
        foreign key ("Query_id") 
        references "Query"
14:10:17,336  INFO SchemaExport:405 - HHH000230: Schema export complete
14:10:17,336  WARN SessionFactoryImpl:1554 - HHH000008: JTASessionContext being used with JDBCTransactionFactory; auto-flush will not operate correctly with getCurrentSession()
14:10:17,337  INFO CustomRunner:139 - Test: testLoadAndStore
14:10:17,338 DEBUG SQL:104 - 
    select
        max(id) 
    from
        "Query"
14:10:17,339 DEBUG SQL:104 - 
    insert 
    into
        "Query"
        (id) 
    values
        (?)
14:10:17,340 DEBUG SQL:104 - 
    insert 
    into
        "Query_includedLocations"
        ("Query_id", name, "type") 
    values
        (?, ?, ?)
14:10:17,340 DEBUG SQL:104 - 
    select
        query0_.id as id1_0_,
        includedlo1_."Query_id" as Query1_1_2_,
        includedlo1_.name as name0_2_,
        includedlo1_."type" as type3_0_2_ 
    from
        "Query" query0_ 
    left outer join
        "Query_includedLocations" includedlo1_ 
            on query0_.id=includedlo1_."Query_id" 
    where
        query0_.id=?
14:10:17,341 DEBUG SQL:104 - 
    delete 
    from
        "Query_includedLocations" 
    where
        "Query_id"=?
14:10:17,342 DEBUG SQL:104 - 
    delete 
    from
        "Query" 
    where
        id=?
14:10:17,343  INFO SchemaExport:343 - HHH000227: Running hbm2ddl schema export
14:10:17,343 DEBUG SchemaExport:353 - Import file not found: /import.sql
14:10:17,343 DEBUG SQL:104 - 
    alter table "Query_includedLocations" 
        drop constraint FKA4F1822B5DD05FE9
14:10:17,344 DEBUG SQL:104 - 
    drop table "Query_includedLocations" if exists
14:10:17,344 DEBUG SQL:104 - 
    drop table "Query" if exists
14:10:17,344  INFO SchemaExport:405 - HHH000230: Schema export complete
14:10:17,344  INFO DriverManagerConnectionProviderImpl:162 - HHH000030: Cleaning up connection pool [jdbc:h2:mem:db1;DB_CLOSE_DELAY=-1;MVCC=TRUE]
]]></system-out>
  <system-err><![CDATA[]]></system-err>
</testsuite>
