<?xml version="1.0" encoding="UTF-8"?>
<testsuite errors="0" failures="0" hostname="dhcp-10.15.208.168.stl.redhat.com" name="org.hibernate.test.annotations.derivedidentities.e5.c.ForeignGeneratorViaMapsIdTest" tests="1" time="0.045" timestamp="2013-02-28T20:10:21">
  <properties />
  <testcase classname="org.hibernate.test.annotations.derivedidentities.e5.c.ForeignGeneratorViaMapsIdTest" name="testForeignGenerator" time="0.01" />
  <system-out><![CDATA[14:10:21,340  INFO CustomRunner:132 - BeforeClass: org.hibernate.test.annotations.derivedidentities.e5.c.ForeignGeneratorViaMapsIdTest
14:10:21,343  INFO DriverManagerConnectionProviderImpl:99 - HHH000402: Using Hibernate built-in connection pool (not for production use!)
14:10:21,344  INFO DriverManagerConnectionProviderImpl:135 - HHH000115: Hibernate connection pool size: 5
14:10:21,344  INFO DriverManagerConnectionProviderImpl:138 - HHH000006: Autocommit mode: false
14:10:21,344  INFO DriverManagerConnectionProviderImpl:153 - HHH000401: using driver [org.h2.Driver] at URL [jdbc:h2:mem:db1;DB_CLOSE_DELAY=-1;MVCC=TRUE]
14:10:21,344  INFO DriverManagerConnectionProviderImpl:158 - HHH000046: Connection properties: {user=sa}
14:10:21,345  INFO Dialect:103 - HHH000400: Using dialect: org.hibernate.dialect.H2Dialect
14:10:21,346  INFO LobCreatorBuilder:94 - HHH000423: Disabling contextual LOB creation as JDBC driver reported JDBC version [3] less than 4
14:10:21,346  INFO TransactionFactoryInitiator:66 - HHH000399: Using default transaction strategy (direct JDBC transactions)
14:10:21,346  INFO ASTQueryTranslatorFactory:48 - HHH000397: Using ASTQueryTranslatorFactory
14:10:21,347  WARN CachingRegionFactory:58 - CachingRegionFactory should be only used for testing.
14:10:21,356  INFO SchemaExport:343 - HHH000227: Running hbm2ddl schema export
14:10:21,356 DEBUG SchemaExport:353 - Import file not found: /import.sql
14:10:21,356 DEBUG SQL:104 - 
    alter table MedicalHistory 
        drop constraint FK306558E3E2CE3E3E
14:10:21,357 ERROR SchemaExport:425 - HHH000389: Unsuccessful: alter table MedicalHistory drop constraint FK306558E3E2CE3E3E
14:10:21,357 ERROR SchemaExport:426 - Table "MEDICALHISTORY" not found; SQL statement:

    alter table MedicalHistory 
        drop constraint FK306558E3E2CE3E3E [42102-145]
14:10:21,357 DEBUG SQL:104 - 
    drop table MedicalHistory if exists
14:10:21,357 DEBUG SQL:104 - 
    drop table Person if exists
14:10:21,357 DEBUG SQL:104 - 
    drop sequence hibernate_sequence
14:10:21,357 ERROR SchemaExport:425 - HHH000389: Unsuccessful: drop sequence hibernate_sequence
14:10:21,357 ERROR SchemaExport:426 - Sequence "HIBERNATE_SEQUENCE" not found; SQL statement:

    drop sequence hibernate_sequence [90036-145]
14:10:21,358 DEBUG SQL:104 - 
    create table MedicalHistory (
        patient_id integer not null,
        primary key (patient_id)
    )
14:10:21,358 DEBUG SQL:104 - 
    create table Person (
        id integer not null,
        primary key (id)
    )
14:10:21,358 DEBUG SQL:104 - 
    alter table MedicalHistory 
        add constraint FK306558E3E2CE3E3E 
        foreign key (patient_id) 
        references Person
14:10:21,370 DEBUG SQL:104 - 
    create sequence hibernate_sequence start with 1 increment by 1
14:10:21,371  INFO SchemaExport:405 - HHH000230: Schema export complete
14:10:21,371  WARN SessionFactoryImpl:1554 - HHH000008: JTASessionContext being used with JDBCTransactionFactory; auto-flush will not operate correctly with getCurrentSession()
14:10:21,372  INFO CustomRunner:139 - Test: testForeignGenerator
14:10:21,372 DEBUG SQL:104 - 
    call next value for hibernate_sequence
14:10:21,374 DEBUG SQL:104 - 
    insert 
    into
        Person
        (id) 
    values
        (?)
14:10:21,375 DEBUG SQL:104 - 
    insert 
    into
        MedicalHistory
        (patient_id) 
    values
        (?)
14:10:21,375 DEBUG SQL:104 - 
    select
        medicalhis0_.patient_id as patient1_0_0_ 
    from
        MedicalHistory medicalhis0_ 
    where
        medicalhis0_.patient_id=?
14:10:21,381 DEBUG SQL:104 - 
    select
        person0_.id as id1_0_ 
    from
        Person person0_ 
    where
        person0_.id=?
14:10:21,382  INFO SchemaExport:343 - HHH000227: Running hbm2ddl schema export
14:10:21,383 DEBUG SchemaExport:353 - Import file not found: /import.sql
14:10:21,383 DEBUG SQL:104 - 
    alter table MedicalHistory 
        drop constraint FK306558E3E2CE3E3E
14:10:21,383 DEBUG SQL:104 - 
    drop table MedicalHistory if exists
14:10:21,383 DEBUG SQL:104 - 
    drop table Person if exists
14:10:21,384 DEBUG SQL:104 - 
    drop sequence hibernate_sequence
14:10:21,384  INFO SchemaExport:405 - HHH000230: Schema export complete
14:10:21,384  INFO DriverManagerConnectionProviderImpl:162 - HHH000030: Cleaning up connection pool [jdbc:h2:mem:db1;DB_CLOSE_DELAY=-1;MVCC=TRUE]
]]></system-out>
  <system-err><![CDATA[]]></system-err>
</testsuite>
