<?xml version="1.0" encoding="UTF-8"?>
<testsuite errors="0" failures="0" hostname="dhcp-10.15.208.168.stl.redhat.com" name="org.hibernate.test.annotations.fkcircularity.FkCircularityTest" tests="2" time="0.068" timestamp="2013-02-28T20:10:27">
  <properties />
  <testcase classname="org.hibernate.test.annotations.fkcircularity.FkCircularityTest" name="testJoinedSublcassesInPK" time="0.034" />
  <testcase classname="org.hibernate.test.annotations.fkcircularity.FkCircularityTest" name="testDeepJoinedSuclassesHierachy" time="0.033" />
  <system-out><![CDATA[14:10:27,734  WARN RootClass:288 - HHH000038: Composite-id class does not override equals(): org.hibernate.test.annotations.fkcircularity.D_PK
14:10:27,735  WARN RootClass:289 - HHH000039: Composite-id class does not override hashCode(): org.hibernate.test.annotations.fkcircularity.D_PK
14:10:27,735  WARN RootClass:288 - HHH000038: Composite-id class does not override equals(): org.hibernate.test.annotations.fkcircularity.A_PK
14:10:27,735  WARN RootClass:289 - HHH000039: Composite-id class does not override hashCode(): org.hibernate.test.annotations.fkcircularity.A_PK
14:10:27,735  INFO DriverManagerConnectionProviderImpl:99 - HHH000402: Using Hibernate built-in connection pool (not for production use!)
14:10:27,736  INFO DriverManagerConnectionProviderImpl:135 - HHH000115: Hibernate connection pool size: 5
14:10:27,736  INFO DriverManagerConnectionProviderImpl:138 - HHH000006: Autocommit mode: false
14:10:27,736  INFO DriverManagerConnectionProviderImpl:153 - HHH000401: using driver [org.h2.Driver] at URL [jdbc:h2:mem:db1;DB_CLOSE_DELAY=-1;MVCC=TRUE]
14:10:27,736  INFO DriverManagerConnectionProviderImpl:158 - HHH000046: Connection properties: {user=sa}
14:10:27,738  INFO Dialect:103 - HHH000400: Using dialect: org.hibernate.dialect.H2Dialect
14:10:27,738  INFO LobCreatorBuilder:94 - HHH000423: Disabling contextual LOB creation as JDBC driver reported JDBC version [3] less than 4
14:10:27,738  INFO TransactionFactoryInitiator:66 - HHH000399: Using default transaction strategy (direct JDBC transactions)
14:10:27,739  INFO ASTQueryTranslatorFactory:48 - HHH000397: Using ASTQueryTranslatorFactory
14:10:27,739  WARN CachingRegionFactory:58 - CachingRegionFactory should be only used for testing.
14:10:27,761  WARN SessionFactoryImpl:1554 - HHH000008: JTASessionContext being used with JDBCTransactionFactory; auto-flush will not operate correctly with getCurrentSession()
14:10:27,761  INFO Dialect:103 - HHH000400: Using dialect: org.hibernate.dialect.SQLServerDialect
14:10:27,762  INFO DriverManagerConnectionProviderImpl:162 - HHH000030: Cleaning up connection pool [jdbc:h2:mem:db1;DB_CLOSE_DELAY=-1;MVCC=TRUE]
14:10:27,767  INFO DriverManagerConnectionProviderImpl:99 - HHH000402: Using Hibernate built-in connection pool (not for production use!)
14:10:27,767  INFO DriverManagerConnectionProviderImpl:135 - HHH000115: Hibernate connection pool size: 5
14:10:27,768  INFO DriverManagerConnectionProviderImpl:138 - HHH000006: Autocommit mode: false
14:10:27,771  INFO DriverManagerConnectionProviderImpl:153 - HHH000401: using driver [org.h2.Driver] at URL [jdbc:h2:mem:db1;DB_CLOSE_DELAY=-1;MVCC=TRUE]
14:10:27,772  INFO DriverManagerConnectionProviderImpl:158 - HHH000046: Connection properties: {user=sa}
14:10:27,773  INFO Dialect:103 - HHH000400: Using dialect: org.hibernate.dialect.H2Dialect
14:10:27,773  INFO LobCreatorBuilder:94 - HHH000423: Disabling contextual LOB creation as JDBC driver reported JDBC version [3] less than 4
14:10:27,774  INFO TransactionFactoryInitiator:66 - HHH000399: Using default transaction strategy (direct JDBC transactions)
14:10:27,775  INFO ASTQueryTranslatorFactory:48 - HHH000397: Using ASTQueryTranslatorFactory
14:10:27,775  WARN CachingRegionFactory:58 - CachingRegionFactory should be only used for testing.
14:10:27,793  WARN SessionFactoryImpl:1554 - HHH000008: JTASessionContext being used with JDBCTransactionFactory; auto-flush will not operate correctly with getCurrentSession()
14:10:27,794  INFO Dialect:103 - HHH000400: Using dialect: org.hibernate.dialect.HSQLDialect
14:10:27,795  INFO DriverManagerConnectionProviderImpl:162 - HHH000030: Cleaning up connection pool [jdbc:h2:mem:db1;DB_CLOSE_DELAY=-1;MVCC=TRUE]
]]></system-out>
  <system-err><![CDATA[]]></system-err>
</testsuite>
