<?xml version="1.0" encoding="UTF-8"?>
<testsuite errors="0" failures="0" hostname="dhcp-10.15.208.168.stl.redhat.com" name="org.hibernate.test.transaction.jta.ManagedDrivingTest" tests="1" time="0.015" timestamp="2013-02-28T20:19:25">
  <properties />
  <testcase classname="org.hibernate.test.transaction.jta.ManagedDrivingTest" name="testBasicUsage" time="0.011" />
  <system-out><![CDATA[14:19:25,918  INFO CustomRunner:132 - BeforeClass: org.hibernate.test.transaction.jta.ManagedDrivingTest
14:19:25,919  INFO CustomRunner:139 - Test: testBasicUsage
14:19:25,922  INFO ConnectionProviderInitiator:188 - HHH000130: Instantiating explicit connection provider: org.hibernate.testing.jta.JtaAwareConnectionProviderImpl
14:19:25,922  INFO DriverManagerConnectionProviderImpl:99 - HHH000402: Using Hibernate built-in connection pool (not for production use!)
14:19:25,922  INFO DriverManagerConnectionProviderImpl:135 - HHH000115: Hibernate connection pool size: 20
14:19:25,923  INFO DriverManagerConnectionProviderImpl:138 - HHH000006: Autocommit mode: false
14:19:25,923  INFO DriverManagerConnectionProviderImpl:153 - HHH000401: using driver [org.h2.Driver] at URL [jdbc:h2:mem:db1;DB_CLOSE_DELAY=-1;MVCC=TRUE]
14:19:25,923  INFO DriverManagerConnectionProviderImpl:158 - HHH000046: Connection properties: {user=sa, autocommit=false}
14:19:25,924  INFO Dialect:103 - HHH000400: Using dialect: org.hibernate.dialect.H2Dialect
14:19:25,925  INFO LobCreatorBuilder:94 - HHH000423: Disabling contextual LOB creation as JDBC driver reported JDBC version [3] less than 4
14:19:25,925  INFO ASTQueryTranslatorFactory:48 - HHH000397: Using ASTQueryTranslatorFactory
14:19:25,925  WARN CachingRegionFactory:58 - CachingRegionFactory should be only used for testing.
14:19:25,928 DEBUG SQL:104 - 
    drop table SANDBOX_JDBC_TST if exists
14:19:25,928 DEBUG SQL:104 - 
    create table SANDBOX_JDBC_TST ( ID integer, NAME varchar(100) )
14:19:25,929 DEBUG SQL:104 - 
    insert 
    into
        SANDBOX_JDBC_TST
        ( ID, NAME ) 
    values
        ( ?, ? )
14:19:25,929 DEBUG SQL:104 - 
    select
        * 
    from
        SANDBOX_JDBC_TST
14:19:25,929 DEBUG SQL:104 - 
    delete 
    from
        SANDBOX_JDBC_TST
14:19:25,929  INFO JdbcCoordinatorImpl:269 - HHH000106: Forcing container resource cleanup on transaction completion
14:19:25,930  INFO DriverManagerConnectionProviderImpl:162 - HHH000030: Cleaning up connection pool [jdbc:h2:mem:db1;DB_CLOSE_DELAY=-1;MVCC=TRUE]
]]></system-out>
  <system-err><![CDATA[]]></system-err>
</testsuite>
