<?xml version="1.0" encoding="UTF-8"?>
<testsuite errors="0" failures="0" hostname="dhcp-10.15.208.168.stl.redhat.com" name="org.hibernate.test.eviction.EvictionTest" tests="5" time="0.033" timestamp="2013-02-28T20:12:25">
  <properties />
  <testcase classname="org.hibernate.test.eviction.EvictionTest" name="testEvictingDetachedEntity" time="0.004" />
  <testcase classname="org.hibernate.test.eviction.EvictionTest" name="testEvictingNonEntity" time="0.0" />
  <testcase classname="org.hibernate.test.eviction.EvictionTest" name="testEvictingNull" time="0.0" />
  <testcase classname="org.hibernate.test.eviction.EvictionTest" name="testEvictingTransientEntity" time="0.0" />
  <testcase classname="org.hibernate.test.eviction.EvictionTest" name="testNormalUsage" time="0.003" />
  <system-out><![CDATA[14:12:25,769  INFO CustomRunner:132 - BeforeClass: org.hibernate.test.eviction.EvictionTest
14:12:25,773  INFO DriverManagerConnectionProviderImpl:99 - HHH000402: Using Hibernate built-in connection pool (not for production use!)
14:12:25,773  INFO DriverManagerConnectionProviderImpl:135 - HHH000115: Hibernate connection pool size: 5
14:12:25,774  INFO DriverManagerConnectionProviderImpl:138 - HHH000006: Autocommit mode: false
14:12:25,774  INFO DriverManagerConnectionProviderImpl:153 - HHH000401: using driver [org.h2.Driver] at URL [jdbc:h2:mem:db1;DB_CLOSE_DELAY=-1;MVCC=TRUE]
14:12:25,774  INFO DriverManagerConnectionProviderImpl:158 - HHH000046: Connection properties: {user=sa}
14:12:25,775  INFO Dialect:103 - HHH000400: Using dialect: org.hibernate.dialect.H2Dialect
14:12:25,775  INFO LobCreatorBuilder:94 - HHH000423: Disabling contextual LOB creation as JDBC driver reported JDBC version [3] less than 4
14:12:25,776  INFO TransactionFactoryInitiator:66 - HHH000399: Using default transaction strategy (direct JDBC transactions)
14:12:25,776  INFO ASTQueryTranslatorFactory:48 - HHH000397: Using ASTQueryTranslatorFactory
14:12:25,776  WARN CachingRegionFactory:58 - CachingRegionFactory should be only used for testing.
14:12:25,781  INFO SchemaExport:343 - HHH000227: Running hbm2ddl schema export
14:12:25,782 DEBUG SchemaExport:353 - Import file not found: /import.sql
14:12:25,782 DEBUG SQL:104 - 
    drop table IsolatedEvictableEntity if exists
14:12:25,782 DEBUG SQL:104 - 
    create table IsolatedEvictableEntity (
        id integer not null,
        name varchar(255),
        primary key (id)
    )
14:12:25,783  INFO SchemaExport:405 - HHH000230: Schema export complete
14:12:25,783  WARN SessionFactoryImpl:1554 - HHH000008: JTASessionContext being used with JDBCTransactionFactory; auto-flush will not operate correctly with getCurrentSession()
14:12:25,783  INFO CustomRunner:139 - Test: testEvictingDetachedEntity
14:12:25,785 DEBUG SQL:104 - 
    insert 
    into
        IsolatedEvictableEntity
        (name, id) 
    values
        (?, ?)
14:12:25,786 DEBUG SQL:104 - 
    select
        isolatedev0_.id as id0_0_,
        isolatedev0_.name as name0_0_ 
    from
        IsolatedEvictableEntity isolatedev0_ 
    where
        isolatedev0_.id=?
14:12:25,787 DEBUG SQL:104 - 
    select
        isolatedev_.id,
        isolatedev_.name as name0_ 
    from
        IsolatedEvictableEntity isolatedev_ 
    where
        isolatedev_.id=?
14:12:25,787 DEBUG SQL:104 - 
    delete 
    from
        IsolatedEvictableEntity 
    where
        id=?
14:12:25,787  INFO CustomRunner:139 - Test: testEvictingNonEntity
14:12:25,789  INFO CustomRunner:139 - Test: testEvictingNull
14:12:25,789  INFO CustomRunner:139 - Test: testEvictingTransientEntity
14:12:25,790  INFO CustomRunner:139 - Test: testNormalUsage
14:12:25,791 DEBUG SQL:104 - 
    insert 
    into
        IsolatedEvictableEntity
        (name, id) 
    values
        (?, ?)
14:12:25,791 DEBUG SQL:104 - 
    select
        isolatedev0_.id as id0_0_,
        isolatedev0_.name as name0_0_ 
    from
        IsolatedEvictableEntity isolatedev0_ 
    where
        isolatedev0_.id=?
14:12:25,792 DEBUG SQL:104 - 
    select
        isolatedev_.id,
        isolatedev_.name as name0_ 
    from
        IsolatedEvictableEntity isolatedev_ 
    where
        isolatedev_.id=?
14:12:25,792 DEBUG SQL:104 - 
    delete 
    from
        IsolatedEvictableEntity 
    where
        id=?
14:12:25,793  INFO SchemaExport:343 - HHH000227: Running hbm2ddl schema export
14:12:25,793 DEBUG SchemaExport:353 - Import file not found: /import.sql
14:12:25,799 DEBUG SQL:104 - 
    drop table IsolatedEvictableEntity if exists
14:12:25,800  INFO SchemaExport:405 - HHH000230: Schema export complete
14:12:25,800  INFO DriverManagerConnectionProviderImpl:162 - HHH000030: Cleaning up connection pool [jdbc:h2:mem:db1;DB_CLOSE_DELAY=-1;MVCC=TRUE]
]]></system-out>
  <system-err><![CDATA[]]></system-err>
</testsuite>
