<?xml version="1.0" encoding="UTF-8"?>
<testsuite errors="0" failures="0" hostname="dhcp-10.15.208.168.stl.redhat.com" name="org.hibernate.test.service.ServiceBootstrappingTest" tests="3" time="0.031" timestamp="2013-02-28T20:19:16">
  <properties />
  <testcase classname="org.hibernate.test.service.ServiceBootstrappingTest" name="testBasicBuild" time="0.003" />
  <testcase classname="org.hibernate.test.service.ServiceBootstrappingTest" name="testBuildWithLogging" time="0.003" />
  <testcase classname="org.hibernate.test.service.ServiceBootstrappingTest" name="testBuildWithServiceOverride" time="0.004" />
  <system-out><![CDATA[14:19:16,671  INFO CustomRunner:132 - BeforeClass: org.hibernate.test.service.ServiceBootstrappingTest
14:19:16,671  INFO CustomRunner:139 - Test: testBasicBuild
14:19:16,673  INFO DriverManagerConnectionProviderImpl:99 - HHH000402: Using Hibernate built-in connection pool (not for production use!)
14:19:16,673  INFO DriverManagerConnectionProviderImpl:135 - HHH000115: Hibernate connection pool size: 5
14:19:16,673  INFO DriverManagerConnectionProviderImpl:138 - HHH000006: Autocommit mode: false
14:19:16,673  INFO DriverManagerConnectionProviderImpl:153 - HHH000401: using driver [org.h2.Driver] at URL [jdbc:h2:mem:db1;DB_CLOSE_DELAY=-1;MVCC=TRUE]
14:19:16,674  INFO DriverManagerConnectionProviderImpl:158 - HHH000046: Connection properties: {user=sa, password=****}
14:19:16,675  INFO Dialect:103 - HHH000400: Using dialect: org.hibernate.dialect.H2Dialect
14:19:16,675  INFO LobCreatorBuilder:94 - HHH000423: Disabling contextual LOB creation as JDBC driver reported JDBC version [3] less than 4
14:19:16,675  INFO DriverManagerConnectionProviderImpl:162 - HHH000030: Cleaning up connection pool [jdbc:h2:mem:db1;DB_CLOSE_DELAY=-1;MVCC=TRUE]
14:19:16,675  INFO CustomRunner:139 - Test: testBuildWithLogging
14:19:16,677  INFO DriverManagerConnectionProviderImpl:99 - HHH000402: Using Hibernate built-in connection pool (not for production use!)
14:19:16,677  INFO DriverManagerConnectionProviderImpl:135 - HHH000115: Hibernate connection pool size: 5
14:19:16,677  INFO DriverManagerConnectionProviderImpl:138 - HHH000006: Autocommit mode: false
14:19:16,677  INFO DriverManagerConnectionProviderImpl:153 - HHH000401: using driver [org.h2.Driver] at URL [jdbc:h2:mem:db1;DB_CLOSE_DELAY=-1;MVCC=TRUE]
14:19:16,678  INFO DriverManagerConnectionProviderImpl:158 - HHH000046: Connection properties: {user=sa, password=****}
14:19:16,678  INFO Dialect:103 - HHH000400: Using dialect: org.hibernate.dialect.H2Dialect
14:19:16,679  INFO LobCreatorBuilder:94 - HHH000423: Disabling contextual LOB creation as JDBC driver reported JDBC version [3] less than 4
14:19:16,679  INFO DriverManagerConnectionProviderImpl:162 - HHH000030: Cleaning up connection pool [jdbc:h2:mem:db1;DB_CLOSE_DELAY=-1;MVCC=TRUE]
14:19:16,679  INFO CustomRunner:139 - Test: testBuildWithServiceOverride
14:19:16,680  INFO DriverManagerConnectionProviderImpl:99 - HHH000402: Using Hibernate built-in connection pool (not for production use!)
14:19:16,681  INFO DriverManagerConnectionProviderImpl:135 - HHH000115: Hibernate connection pool size: 5
14:19:16,681  INFO DriverManagerConnectionProviderImpl:138 - HHH000006: Autocommit mode: false
14:19:16,681  INFO DriverManagerConnectionProviderImpl:153 - HHH000401: using driver [org.h2.Driver] at URL [jdbc:h2:mem:db1;DB_CLOSE_DELAY=-1;MVCC=TRUE]
14:19:16,681  INFO DriverManagerConnectionProviderImpl:158 - HHH000046: Connection properties: {user=sa, password=****}
14:19:16,682  INFO Dialect:103 - HHH000400: Using dialect: org.hibernate.dialect.H2Dialect
14:19:16,682  INFO LobCreatorBuilder:94 - HHH000423: Disabling contextual LOB creation as JDBC driver reported JDBC version [3] less than 4
14:19:16,683  INFO Dialect:103 - HHH000400: Using dialect: org.hibernate.dialect.H2Dialect
14:19:16,683  INFO LobCreatorBuilder:85 - HHH000422: Disabling contextual LOB creation as connection was null
]]></system-out>
  <system-err><![CDATA[]]></system-err>
</testsuite>
