<?xml version="1.0" encoding="UTF-8"?>
<testsuite errors="0" failures="0" hostname="dhcp-10.15.208.168.stl.redhat.com" name="org.hibernate.test.ops.DeleteTest" tests="3" time="0.175" timestamp="2013-02-28T20:17:40">
  <properties />
  <testcase classname="org.hibernate.test.ops.DeleteTest" name="testDeleteVersionedWithCollectionNoUpdate" time="0.021" />
  <testcase classname="org.hibernate.test.ops.DeleteTest" name="testNoUpdateOnDelete" time="0.003" />
  <testcase classname="org.hibernate.test.ops.DeleteTest" name="testNoUpdateOnDeleteWithCollection" time="0.03" />
  <system-out><![CDATA[14:17:40,045  INFO CustomRunner:132 - BeforeClass: org.hibernate.test.ops.DeleteTest
14:17:40,047  INFO Configuration:706 - HHH000221: Reading mappings from resource: org/hibernate/test/ops/Node.hbm.xml
14:17:40,053  INFO Configuration:706 - HHH000221: Reading mappings from resource: org/hibernate/test/ops/Employer.hbm.xml
14:17:40,059  INFO Configuration:706 - HHH000221: Reading mappings from resource: org/hibernate/test/ops/OptLockEntity.hbm.xml
14:17:40,090  INFO Configuration:706 - HHH000221: Reading mappings from resource: org/hibernate/test/ops/OneToOne.hbm.xml
14:17:40,096  INFO Configuration:706 - HHH000221: Reading mappings from resource: org/hibernate/test/ops/Competition.hbm.xml
14:17:40,104  INFO DriverManagerConnectionProviderImpl:99 - HHH000402: Using Hibernate built-in connection pool (not for production use!)
14:17:40,105  INFO DriverManagerConnectionProviderImpl:135 - HHH000115: Hibernate connection pool size: 5
14:17:40,105  INFO DriverManagerConnectionProviderImpl:138 - HHH000006: Autocommit mode: false
14:17:40,105  INFO DriverManagerConnectionProviderImpl:153 - HHH000401: using driver [org.h2.Driver] at URL [jdbc:h2:mem:db1;DB_CLOSE_DELAY=-1;MVCC=TRUE]
14:17:40,105  INFO DriverManagerConnectionProviderImpl:158 - HHH000046: Connection properties: {user=sa}
14:17:40,106  INFO Dialect:103 - HHH000400: Using dialect: org.hibernate.dialect.H2Dialect
14:17:40,106  INFO LobCreatorBuilder:94 - HHH000423: Disabling contextual LOB creation as JDBC driver reported JDBC version [3] less than 4
14:17:40,107  INFO TransactionFactoryInitiator:66 - HHH000399: Using default transaction strategy (direct JDBC transactions)
14:17:40,107  INFO ASTQueryTranslatorFactory:48 - HHH000397: Using ASTQueryTranslatorFactory
14:17:40,107  WARN CachingRegionFactory:58 - CachingRegionFactory should be only used for testing.
14:17:40,120  INFO SchemaExport:343 - HHH000227: Running hbm2ddl schema export
14:17:40,121 DEBUG SchemaExport:353 - Import file not found: /import.sql
14:17:40,121 DEBUG SQL:104 - 
    alter table COMPET_ION_OR 
        drop constraint FK1AAE64FBB455A2E1
14:17:40,123 ERROR SchemaExport:425 - HHH000389: Unsuccessful: alter table COMPET_ION_OR drop constraint FK1AAE64FBB455A2E1
14:17:40,123 ERROR SchemaExport:426 - Table "COMPET_ION_OR" not found; SQL statement:

    alter table COMPET_ION_OR 
        drop constraint FK1AAE64FBB455A2E1 [42102-145]
14:17:40,123 DEBUG SQL:104 - 
    alter table COMPET_ION_OR 
        drop constraint FK1AAE64FBCBFDF593
14:17:40,124 ERROR SchemaExport:425 - HHH000389: Unsuccessful: alter table COMPET_ION_OR drop constraint FK1AAE64FBCBFDF593
14:17:40,124 ERROR SchemaExport:426 - Table "COMPET_ION_OR" not found; SQL statement:

    alter table COMPET_ION_OR 
        drop constraint FK1AAE64FBCBFDF593 [42102-145]
14:17:40,124 DEBUG SQL:104 - 
    alter table EMPLOYER_EMPLOYEE 
        drop constraint FKDC9B93B2E831BD12
14:17:40,124 ERROR SchemaExport:425 - HHH000389: Unsuccessful: alter table EMPLOYER_EMPLOYEE drop constraint FKDC9B93B2E831BD12
14:17:40,124 ERROR SchemaExport:426 - Table "EMPLOYER_EMPLOYEE" not found; SQL statement:

    alter table EMPLOYER_EMPLOYEE 
        drop constraint FKDC9B93B2E831BD12 [42102-145]
14:17:40,124 DEBUG SQL:104 - 
    alter table EMPLOYER_EMPLOYEE 
        drop constraint FKDC9B93B2E837A5F2
14:17:40,125 ERROR SchemaExport:425 - HHH000389: Unsuccessful: alter table EMPLOYER_EMPLOYEE drop constraint FKDC9B93B2E837A5F2
14:17:40,125 ERROR SchemaExport:426 - Table "EMPLOYER_EMPLOYEE" not found; SQL statement:

    alter table EMPLOYER_EMPLOYEE 
        drop constraint FKDC9B93B2E837A5F2 [42102-145]
14:17:40,125 DEBUG SQL:104 - 
    alter table Node 
        drop constraint FK252222973190BE
14:17:40,125 ERROR SchemaExport:425 - HHH000389: Unsuccessful: alter table Node drop constraint FK252222973190BE
14:17:40,125 ERROR SchemaExport:426 - Table "NODE" not found; SQL statement:

    alter table Node 
        drop constraint FK252222973190BE [42102-145]
14:17:40,125 DEBUG SQL:104 - 
    alter table Node 
        drop constraint FK25222223B8C2EF
14:17:40,125 ERROR SchemaExport:425 - HHH000389: Unsuccessful: alter table Node drop constraint FK25222223B8C2EF
14:17:40,126 ERROR SchemaExport:426 - Table "NODE" not found; SQL statement:

    alter table Node 
        drop constraint FK25222223B8C2EF [42102-145]
14:17:40,126 DEBUG SQL:104 - 
    alter table NumberedNode 
        drop constraint FK667A9BEA3502F886
14:17:40,126 ERROR SchemaExport:425 - HHH000389: Unsuccessful: alter table NumberedNode drop constraint FK667A9BEA3502F886
14:17:40,126 ERROR SchemaExport:426 - Table "NUMBEREDNODE" not found; SQL statement:

    alter table NumberedNode 
        drop constraint FK667A9BEA3502F886 [42102-145]
14:17:40,126 DEBUG SQL:104 - 
    alter table OPS_ADDRESS 
        drop constraint FKCEA94F2739378637
14:17:40,126 ERROR SchemaExport:425 - HHH000389: Unsuccessful: alter table OPS_ADDRESS drop constraint FKCEA94F2739378637
14:17:40,126 ERROR SchemaExport:426 - Table "OPS_ADDRESS" not found; SQL statement:

    alter table OPS_ADDRESS 
        drop constraint FKCEA94F2739378637 [42102-145]
14:17:40,127 DEBUG SQL:104 - 
    alter table OPS_PERS_DETAIL 
        drop constraint FK2409C38D4DE84602
14:17:40,127 ERROR SchemaExport:425 - HHH000389: Unsuccessful: alter table OPS_PERS_DETAIL drop constraint FK2409C38D4DE84602
14:17:40,127 ERROR SchemaExport:426 - Table "OPS_PERS_DETAIL" not found; SQL statement:

    alter table OPS_PERS_DETAIL 
        drop constraint FK2409C38D4DE84602 [42102-145]
14:17:40,127 DEBUG SQL:104 - 
    alter table V_ENTITY 
        drop constraint FK145E7EC8408FD92
14:17:40,127 ERROR SchemaExport:425 - HHH000389: Unsuccessful: alter table V_ENTITY drop constraint FK145E7EC8408FD92
14:17:40,127 ERROR SchemaExport:426 - Table "V_ENTITY" not found; SQL statement:

    alter table V_ENTITY 
        drop constraint FK145E7EC8408FD92 [42102-145]
14:17:40,127 DEBUG SQL:104 - 
    drop table COMPET_ION_OR if exists
14:17:40,128 DEBUG SQL:104 - 
    drop table Competition if exists
14:17:40,128 DEBUG SQL:104 - 
    drop table Competitor if exists
14:17:40,128 DEBUG SQL:104 - 
    drop table EMPLOYER_EMPLOYEE if exists
14:17:40,128 DEBUG SQL:104 - 
    drop table Employee if exists
14:17:40,128 DEBUG SQL:104 - 
    drop table Employer if exists
14:17:40,128 DEBUG SQL:104 - 
    drop table Node if exists
14:17:40,128 DEBUG SQL:104 - 
    drop table NumberedNode if exists
14:17:40,128 DEBUG SQL:104 - 
    drop table OPS_ADDRESS if exists
14:17:40,129 DEBUG SQL:104 - 
    drop table OPS_PERSON if exists
14:17:40,129 DEBUG SQL:104 - 
    drop table OPS_PERS_DETAIL if exists
14:17:40,129 DEBUG SQL:104 - 
    drop table T_ENTITY if exists
14:17:40,129 DEBUG SQL:104 - 
    drop table V_ENTITY if exists
14:17:40,129 DEBUG SQL:104 - 
    create table COMPET_ION_OR (
        TION_ID integer not null,
        TOR_ID integer not null,
        INDEX_COL integer not null,
        primary key (TION_ID, INDEX_COL)
    )
14:17:40,129 DEBUG SQL:104 - 
    create table Competition (
        id integer generated by default as identity,
        primary key (id)
    )
14:17:40,130 DEBUG SQL:104 - 
    create table Competitor (
        id integer generated by default as identity,
        name varchar(255),
        primary key (id)
    )
14:17:40,130 DEBUG SQL:104 - 
    create table EMPLOYER_EMPLOYEE (
        EMPER_ID integer not null,
        EMPEE_ID integer not null
    )
14:17:40,130 DEBUG SQL:104 - 
    create table Employee (
        id integer generated by default as identity,
        primary key (id)
    )
14:17:40,131 DEBUG SQL:104 - 
    create table Employer (
        id integer generated by default as identity,
        vers integer not null,
        primary key (id)
    )
14:17:40,131 DEBUG SQL:104 - 
    create table Node (
        name varchar(255) not null,
        description varchar(255),
        parent varchar(255),
        created date not null,
        CASC_PARENT varchar(255),
        primary key (name)
    )
14:17:40,131 DEBUG SQL:104 - 
    create table NumberedNode (
        id bigint generated by default as identity,
        name varchar(255) not null,
        description varchar(255),
        created date not null,
        parent bigint,
        primary key (id)
    )
14:17:40,131 DEBUG SQL:104 - 
    create table OPS_ADDRESS (
        ID bigint not null,
        STREET varchar(255),
        CITY varchar(255),
        CTRY varchar(255),
        RESIDENT bigint,
        primary key (ID)
    )
14:17:40,132 DEBUG SQL:104 - 
    create table OPS_PERSON (
        ID bigint not null,
        NAME varchar(255),
        primary key (ID)
    )
14:17:40,132 DEBUG SQL:104 - 
    create table OPS_PERS_DETAIL (
        ID bigint not null,
        SOME_DETAIL varchar(255),
        primary key (ID)
    )
14:17:40,132 DEBUG SQL:104 - 
    create table T_ENTITY (
        ID varchar(255) not null,
        TS timestamp not null,
        NAME varchar(255),
        primary key (ID)
    )
14:17:40,133 DEBUG SQL:104 - 
    create table V_ENTITY (
        ID varchar(255) not null,
        VERS bigint not null,
        NAME varchar(255),
        parent varchar(255),
        primary key (ID)
    )
14:17:40,133 DEBUG SQL:104 - 
    alter table COMPET_ION_OR 
        add constraint FK1AAE64FBB455A2E1 
        foreign key (TOR_ID) 
        references Competitor
14:17:40,133 DEBUG SQL:104 - 
    alter table COMPET_ION_OR 
        add constraint FK1AAE64FBCBFDF593 
        foreign key (TION_ID) 
        references Competition
14:17:40,134 DEBUG SQL:104 - 
    alter table EMPLOYER_EMPLOYEE 
        add constraint FKDC9B93B2E831BD12 
        foreign key (EMPEE_ID) 
        references Employee
14:17:40,134 DEBUG SQL:104 - 
    alter table EMPLOYER_EMPLOYEE 
        add constraint FKDC9B93B2E837A5F2 
        foreign key (EMPER_ID) 
        references Employer
14:17:40,135 DEBUG SQL:104 - 
    alter table Node 
        add constraint FK252222973190BE 
        foreign key (parent) 
        references Node
14:17:40,135 DEBUG SQL:104 - 
    alter table Node 
        add constraint FK25222223B8C2EF 
        foreign key (CASC_PARENT) 
        references Node
14:17:40,135 DEBUG SQL:104 - 
    create index iname on NumberedNode (name)
14:17:40,136 DEBUG SQL:104 - 
    alter table NumberedNode 
        add constraint FK667A9BEA3502F886 
        foreign key (parent) 
        references NumberedNode
14:17:40,136 DEBUG SQL:104 - 
    alter table OPS_ADDRESS 
        add constraint FKCEA94F2739378637 
        foreign key (RESIDENT) 
        references OPS_PERSON
14:17:40,138 DEBUG SQL:104 - 
    alter table OPS_PERS_DETAIL 
        add constraint FK2409C38D4DE84602 
        foreign key (ID) 
        references OPS_PERSON
14:17:40,139 DEBUG SQL:104 - 
    alter table V_ENTITY 
        add constraint FK145E7EC8408FD92 
        foreign key (parent) 
        references V_ENTITY
14:17:40,139  INFO SchemaExport:405 - HHH000230: Schema export complete
14:17:40,140  WARN SessionFactoryImpl:1554 - HHH000008: JTASessionContext being used with JDBCTransactionFactory; auto-flush will not operate correctly with getCurrentSession()
14:17:40,140  INFO CustomRunner:139 - Test: testDeleteVersionedWithCollectionNoUpdate
14:17:40,142 DEBUG SQL:104 - 
    select
        versionede_.ID,
        versionede_.VERS as VERS12_,
        versionede_.NAME as NAME12_,
        versionede_.parent as parent12_ 
    from
        V_ENTITY versionede_ 
    where
        versionede_.ID=?
14:17:40,144 DEBUG SQL:104 - 
    insert 
    into
        V_ENTITY
        (VERS, NAME, parent, ID) 
    values
        (?, ?, ?, ?)
14:17:40,149 DEBUG SQL:104 - 
    insert 
    into
        V_ENTITY
        (VERS, NAME, parent, ID) 
    values
        (?, ?, ?, ?)
14:17:40,150 DEBUG SQL:104 - 
    select
        versionede0_.ID as ID12_0_,
        versionede0_.VERS as VERS12_0_,
        versionede0_.NAME as NAME12_0_,
        versionede0_.parent as parent12_0_ 
    from
        V_ENTITY versionede0_ 
    where
        versionede0_.ID=?
14:17:40,150 DEBUG SQL:104 - 
    select
        children0_.parent as parent12_1_,
        children0_.ID as ID12_1_,
        children0_.ID as ID12_0_,
        children0_.VERS as VERS12_0_,
        children0_.NAME as NAME12_0_,
        children0_.parent as parent12_0_ 
    from
        V_ENTITY children0_ 
    where
        children0_.parent=?
14:17:40,159 DEBUG SQL:104 - 
    select
        children0_.parent as parent12_1_,
        children0_.ID as ID12_1_,
        children0_.ID as ID12_0_,
        children0_.VERS as VERS12_0_,
        children0_.NAME as NAME12_0_,
        children0_.parent as parent12_0_ 
    from
        V_ENTITY children0_ 
    where
        children0_.parent=?
14:17:40,160 DEBUG SQL:104 - 
    delete 
    from
        V_ENTITY 
    where
        ID=? 
        and VERS=?
14:17:40,160 DEBUG SQL:104 - 
    delete 
    from
        V_ENTITY 
    where
        ID=? 
        and VERS=?
14:17:40,161  INFO CustomRunner:139 - Test: testNoUpdateOnDelete
14:17:40,170 DEBUG SQL:104 - 
    insert 
    into
        Node
        (description, parent, created, name) 
    values
        (?, ?, ?, ?)
14:17:40,171 DEBUG SQL:104 - 
    select
        node_.name,
        node_.description as descript2_6_,
        node_.parent as parent6_,
        node_.created as created6_ 
    from
        Node node_ 
    where
        node_.name=?
14:17:40,171 DEBUG SQL:104 - 
    delete 
    from
        Node 
    where
        name=?
14:17:40,172  INFO CustomRunner:139 - Test: testNoUpdateOnDeleteWithCollection
14:17:40,173 DEBUG SQL:104 - 
    insert 
    into
        Node
        (description, parent, created, name) 
    values
        (?, ?, ?, ?)
14:17:40,179 DEBUG SQL:104 - 
    insert 
    into
        Node
        (description, parent, created, name) 
    values
        (?, ?, ?, ?)
14:17:40,180 DEBUG SQL:104 - 
    update
        Node 
    set
        CASC_PARENT=? 
    where
        name=?
14:17:40,180 DEBUG SQL:104 - 
    select
        node0_.name as name6_0_,
        node0_.description as descript2_6_0_,
        node0_.parent as parent6_0_,
        node0_.created as created6_0_ 
    from
        Node node0_ 
    where
        node0_.name=?
14:17:40,181 DEBUG SQL:104 - 
    select
        cascadingc0_.CASC_PARENT as CASC5_6_1_,
        cascadingc0_.name as name6_1_,
        cascadingc0_.name as name6_0_,
        cascadingc0_.description as descript2_6_0_,
        cascadingc0_.parent as parent6_0_,
        cascadingc0_.created as created6_0_ 
    from
        Node cascadingc0_ 
    where
        cascadingc0_.CASC_PARENT=?
14:17:40,191 DEBUG SQL:104 - 
    select
        cascadingc0_.CASC_PARENT as CASC5_6_1_,
        cascadingc0_.name as name6_1_,
        cascadingc0_.name as name6_0_,
        cascadingc0_.description as descript2_6_0_,
        cascadingc0_.parent as parent6_0_,
        cascadingc0_.created as created6_0_ 
    from
        Node cascadingc0_ 
    where
        cascadingc0_.CASC_PARENT=?
14:17:40,192 DEBUG SQL:104 - 
    update
        Node 
    set
        CASC_PARENT=null 
    where
        CASC_PARENT=?
14:17:40,192 DEBUG SQL:104 - 
    delete 
    from
        Node 
    where
        name=?
14:17:40,202 DEBUG SQL:104 - 
    delete 
    from
        Node 
    where
        name=?
14:17:40,203  INFO SchemaExport:343 - HHH000227: Running hbm2ddl schema export
14:17:40,203 DEBUG SchemaExport:353 - Import file not found: /import.sql
14:17:40,203 DEBUG SQL:104 - 
    alter table COMPET_ION_OR 
        drop constraint FK1AAE64FBB455A2E1
14:17:40,204 DEBUG SQL:104 - 
    alter table COMPET_ION_OR 
        drop constraint FK1AAE64FBCBFDF593
14:17:40,204 DEBUG SQL:104 - 
    alter table EMPLOYER_EMPLOYEE 
        drop constraint FKDC9B93B2E831BD12
14:17:40,204 DEBUG SQL:104 - 
    alter table EMPLOYER_EMPLOYEE 
        drop constraint FKDC9B93B2E837A5F2
14:17:40,204 DEBUG SQL:104 - 
    alter table Node 
        drop constraint FK252222973190BE
14:17:40,204 DEBUG SQL:104 - 
    alter table Node 
        drop constraint FK25222223B8C2EF
14:17:40,205 DEBUG SQL:104 - 
    alter table NumberedNode 
        drop constraint FK667A9BEA3502F886
14:17:40,205 DEBUG SQL:104 - 
    alter table OPS_ADDRESS 
        drop constraint FKCEA94F2739378637
14:17:40,205 DEBUG SQL:104 - 
    alter table OPS_PERS_DETAIL 
        drop constraint FK2409C38D4DE84602
14:17:40,205 DEBUG SQL:104 - 
    alter table V_ENTITY 
        drop constraint FK145E7EC8408FD92
14:17:40,205 DEBUG SQL:104 - 
    drop table COMPET_ION_OR if exists
14:17:40,206 DEBUG SQL:104 - 
    drop table Competition if exists
14:17:40,206 DEBUG SQL:104 - 
    drop table Competitor if exists
14:17:40,206 DEBUG SQL:104 - 
    drop table EMPLOYER_EMPLOYEE if exists
14:17:40,206 DEBUG SQL:104 - 
    drop table Employee if exists
14:17:40,207 DEBUG SQL:104 - 
    drop table Employer if exists
14:17:40,207 DEBUG SQL:104 - 
    drop table Node if exists
14:17:40,207 DEBUG SQL:104 - 
    drop table NumberedNode if exists
14:17:40,207 DEBUG SQL:104 - 
    drop table OPS_ADDRESS if exists
14:17:40,217 DEBUG SQL:104 - 
    drop table OPS_PERSON if exists
14:17:40,217 DEBUG SQL:104 - 
    drop table OPS_PERS_DETAIL if exists
14:17:40,217 DEBUG SQL:104 - 
    drop table T_ENTITY if exists
14:17:40,217 DEBUG SQL:104 - 
    drop table V_ENTITY if exists
14:17:40,218  INFO SchemaExport:405 - HHH000230: Schema export complete
14:17:40,218  INFO DriverManagerConnectionProviderImpl:162 - HHH000030: Cleaning up connection pool [jdbc:h2:mem:db1;DB_CLOSE_DELAY=-1;MVCC=TRUE]
]]></system-out>
  <system-err><![CDATA[]]></system-err>
</testsuite>
