<?xml version="1.0" encoding="UTF-8"?>
<testsuite errors="0" failures="0" hostname="dhcp-10.15.208.168.stl.redhat.com" name="org.hibernate.test.querycache.HqlQueryCacheNormalResultTransformerTest" tests="59" time="15.8" timestamp="2013-02-28T20:18:32">
  <properties />
  <testcase classname="org.hibernate.test.querycache.HqlQueryCacheNormalResultTransformerTest" name="testAliasToBeanDtoLiteralArgList" time="0.024" />
  <testcase classname="org.hibernate.test.querycache.HqlQueryCacheNormalResultTransformerTest" name="testAliasToBeanDtoMultiArgList" time="0.038" />
  <testcase classname="org.hibernate.test.querycache.HqlQueryCacheNormalResultTransformerTest" name="testAliasToBeanDtoOneArgList" time="0.136" />
  <testcase classname="org.hibernate.test.querycache.HqlQueryCacheNormalResultTransformerTest" name="testAliasToBeanDtoWithNullAliasList" time="0.133" />
  <testcase classname="org.hibernate.test.querycache.HqlQueryCacheNormalResultTransformerTest" name="testAliasToEntityMapMultiAggregatedPropProjectionSingleResult" time="0.152" />
  <testcase classname="org.hibernate.test.querycache.HqlQueryCacheNormalResultTransformerTest" name="testAliasToEntityMapMultiProjectionList" time="0.181" />
  <testcase classname="org.hibernate.test.querycache.HqlQueryCacheNormalResultTransformerTest" name="testAliasToEntityMapMultiProjectionWithNullAliasList" time="0.202" />
  <testcase classname="org.hibernate.test.querycache.HqlQueryCacheNormalResultTransformerTest" name="testAliasToEntityMapNoProjectionList" time="0.425" />
  <testcase classname="org.hibernate.test.querycache.HqlQueryCacheNormalResultTransformerTest" name="testAliasToEntityMapNoProjectionMultiAndNullList" time="0.05" />
  <testcase classname="org.hibernate.test.querycache.HqlQueryCacheNormalResultTransformerTest" name="testAliasToEntityMapNoProjectionNullAndNonNullAliasList" time="0.049" />
  <testcase classname="org.hibernate.test.querycache.HqlQueryCacheNormalResultTransformerTest" name="testAliasToEntityMapOneProjectionList" time="0.092" />
  <testcase classname="org.hibernate.test.querycache.HqlQueryCacheNormalResultTransformerTest" name="testEntityWithAliasedJoinFetchedLazyOneToManySingleElementListHql" time="0.173" />
  <testcase classname="org.hibernate.test.querycache.HqlQueryCacheNormalResultTransformerTest" name="testEntityWithJoinFetchedLazyManyToOneList" time="0.698" />
  <testcase classname="org.hibernate.test.querycache.HqlQueryCacheNormalResultTransformerTest" name="testEntityWithJoinFetchedLazyManyToOneUsingProjectionList" time="0.18" />
  <testcase classname="org.hibernate.test.querycache.HqlQueryCacheNormalResultTransformerTest" name="testEntityWithJoinFetchedLazyOneToManyMultiAndNullElementList" time="0.786" />
  <testcase classname="org.hibernate.test.querycache.HqlQueryCacheNormalResultTransformerTest" name="testEntityWithJoinedLazyManyToOneListCriteria" time="0.331" />
  <testcase classname="org.hibernate.test.querycache.HqlQueryCacheNormalResultTransformerTest" name="testEntityWithJoinedLazyManyToOneListHql" time="4.196" />
  <testcase classname="org.hibernate.test.querycache.HqlQueryCacheNormalResultTransformerTest" name="testEntityWithJoinedLazyOneToManyMultiAndNullListCriteria" time="0.346" />
  <testcase classname="org.hibernate.test.querycache.HqlQueryCacheNormalResultTransformerTest" name="testEntityWithJoinedLazyOneToManyMultiAndNullListHql" time="0.383" />
  <testcase classname="org.hibernate.test.querycache.HqlQueryCacheNormalResultTransformerTest" name="testEntityWithJoinedLazyOneToManySingleElementListCriteria" time="0.359" />
  <testcase classname="org.hibernate.test.querycache.HqlQueryCacheNormalResultTransformerTest" name="testEntityWithJoinedLazyOneToManySingleElementListHql" time="0.391" />
  <testcase classname="org.hibernate.test.querycache.HqlQueryCacheNormalResultTransformerTest" name="testEntityWithLazyAssnList" time="0.162" />
  <testcase classname="org.hibernate.test.querycache.HqlQueryCacheNormalResultTransformerTest" name="testEntityWithLazyAssnUnique" time="0.142" />
  <testcase classname="org.hibernate.test.querycache.HqlQueryCacheNormalResultTransformerTest" name="testEntityWithNonLazyManyToOneList" time="0.176" />
  <testcase classname="org.hibernate.test.querycache.HqlQueryCacheNormalResultTransformerTest" name="testEntityWithNonLazyOneToManyUnique" time="0.144" />
  <testcase classname="org.hibernate.test.querycache.HqlQueryCacheNormalResultTransformerTest" name="testEntityWithSelectFetchedLazyOneToManySingleElementListCriteria" time="0.125" />
  <testcase classname="org.hibernate.test.querycache.HqlQueryCacheNormalResultTransformerTest" name="testEntityWithUnaliasedJoinFetchedLazyOneToManySingleElementList" time="0.185" />
  <testcase classname="org.hibernate.test.querycache.HqlQueryCacheNormalResultTransformerTest" name="testJoinWithFetchJoinListCriteria" time="0.104" />
  <testcase classname="org.hibernate.test.querycache.HqlQueryCacheNormalResultTransformerTest" name="testJoinWithFetchJoinListHql" time="0.21" />
  <testcase classname="org.hibernate.test.querycache.HqlQueryCacheNormalResultTransformerTest" name="testJoinWithFetchJoinWithAliasedJoinedAndOwnerProjectedListHql" time="0.184" />
  <testcase classname="org.hibernate.test.querycache.HqlQueryCacheNormalResultTransformerTest" name="testJoinWithFetchJoinWithOwnerAndAliasedJoinedProjectedListHql" time="0.199" />
  <testcase classname="org.hibernate.test.querycache.HqlQueryCacheNormalResultTransformerTest" name="testJoinWithFetchJoinWithOwnerAndPropProjectedList" time="0.186" />
  <testcase classname="org.hibernate.test.querycache.HqlQueryCacheNormalResultTransformerTest" name="testJoinWithFetchJoinWithPropAndOwnerProjectedList" time="0.204" />
  <testcase classname="org.hibernate.test.querycache.HqlQueryCacheNormalResultTransformerTest" name="testListElementsProjectionList" time="0.137" />
  <testcase classname="org.hibernate.test.querycache.HqlQueryCacheNormalResultTransformerTest" name="testMapElementsList" time="0.145" />
  <testcase classname="org.hibernate.test.querycache.HqlQueryCacheNormalResultTransformerTest" name="testMapEntryList" time="0.161" />
  <testcase classname="org.hibernate.test.querycache.HqlQueryCacheNormalResultTransformerTest" name="testMapKeyList" time="0.133" />
  <testcase classname="org.hibernate.test.querycache.HqlQueryCacheNormalResultTransformerTest" name="testMapValueList" time="0.158" />
  <testcase classname="org.hibernate.test.querycache.HqlQueryCacheNormalResultTransformerTest" name="testMultiAggregatedPropProjectionSingleResult" time="0.132" />
  <testcase classname="org.hibernate.test.querycache.HqlQueryCacheNormalResultTransformerTest" name="testMultiEntityProjectionAliasedList" time="0.177" />
  <testcase classname="org.hibernate.test.querycache.HqlQueryCacheNormalResultTransformerTest" name="testMultiEntityProjectionList" time="0.193" />
  <testcase classname="org.hibernate.test.querycache.HqlQueryCacheNormalResultTransformerTest" name="testMultiEntityProjectionUnique" time="0.18" />
  <testcase classname="org.hibernate.test.querycache.HqlQueryCacheNormalResultTransformerTest" name="testMultiProjectionListThenApplyAliasToBean" time="0.147" />
  <testcase classname="org.hibernate.test.querycache.HqlQueryCacheNormalResultTransformerTest" name="testMultiSelectAliasToEntityMapUsingAliasesWithFetchJoinList" time="0.193" />
  <testcase classname="org.hibernate.test.querycache.HqlQueryCacheNormalResultTransformerTest" name="testMultiSelectNewList" time="0.154" />
  <testcase classname="org.hibernate.test.querycache.HqlQueryCacheNormalResultTransformerTest" name="testMultiSelectNewListList" time="0.148" />
  <testcase classname="org.hibernate.test.querycache.HqlQueryCacheNormalResultTransformerTest" name="testMultiSelectNewMapUsingAliasesList" time="0.152" />
  <testcase classname="org.hibernate.test.querycache.HqlQueryCacheNormalResultTransformerTest" name="testMultiSelectNewMapUsingAliasesWithFetchJoinList" time="0.158" />
  <testcase classname="org.hibernate.test.querycache.HqlQueryCacheNormalResultTransformerTest" name="testMultiSelectNewWithLiteralList" time="0.131" />
  <testcase classname="org.hibernate.test.querycache.HqlQueryCacheNormalResultTransformerTest" name="testMultiSelectUsingImplicitJoinWithFetchJoinListHql" time="0.171" />
  <testcase classname="org.hibernate.test.querycache.HqlQueryCacheNormalResultTransformerTest" name="testOneEntityProjectionList" time="0.162" />
  <testcase classname="org.hibernate.test.querycache.HqlQueryCacheNormalResultTransformerTest" name="testOneEntityProjectionUnique" time="0.134" />
  <testcase classname="org.hibernate.test.querycache.HqlQueryCacheNormalResultTransformerTest" name="testOneNonEntityProjectionList" time="0.146" />
  <testcase classname="org.hibernate.test.querycache.HqlQueryCacheNormalResultTransformerTest" name="testOneNonEntityProjectionUnique" time="0.143" />
  <testcase classname="org.hibernate.test.querycache.HqlQueryCacheNormalResultTransformerTest" name="testOneSelectNewAliasesList" time="0.139" />
  <testcase classname="org.hibernate.test.querycache.HqlQueryCacheNormalResultTransformerTest" name="testOneSelectNewNoAliasesList" time="0.146" />
  <testcase classname="org.hibernate.test.querycache.HqlQueryCacheNormalResultTransformerTest" name="testSelectNewEntityConstructorList" time="0.138" />
  <testcase classname="org.hibernate.test.querycache.HqlQueryCacheNormalResultTransformerTest" name="testSelectNewMapUsingAliasesList" time="0.156" />
  <testcase classname="org.hibernate.test.querycache.HqlQueryCacheNormalResultTransformerTest" name="testSingleAggregatedPropProjectionSingleResult" time="0.127" />
  <system-out><![CDATA[14:18:32,772  INFO CustomRunner:132 - BeforeClass: org.hibernate.test.querycache.HqlQueryCacheNormalResultTransformerTest
14:18:32,774  INFO Configuration:706 - HHH000221: Reading mappings from resource: org/hibernate/test/querycache/Enrolment.hbm.xml
14:18:32,781  INFO DriverManagerConnectionProviderImpl:99 - HHH000402: Using Hibernate built-in connection pool (not for production use!)
14:18:32,782  INFO DriverManagerConnectionProviderImpl:135 - HHH000115: Hibernate connection pool size: 5
14:18:32,782  INFO DriverManagerConnectionProviderImpl:138 - HHH000006: Autocommit mode: false
14:18:32,782  INFO DriverManagerConnectionProviderImpl:153 - HHH000401: using driver [org.h2.Driver] at URL [jdbc:h2:mem:db1;DB_CLOSE_DELAY=-1;MVCC=TRUE]
14:18:32,782  INFO DriverManagerConnectionProviderImpl:158 - HHH000046: Connection properties: {user=sa}
14:18:32,783  INFO Dialect:103 - HHH000400: Using dialect: org.hibernate.dialect.H2Dialect
14:18:32,784  INFO LobCreatorBuilder:94 - HHH000423: Disabling contextual LOB creation as JDBC driver reported JDBC version [3] less than 4
14:18:32,784  INFO TransactionFactoryInitiator:66 - HHH000399: Using default transaction strategy (direct JDBC transactions)
14:18:32,784  INFO ASTQueryTranslatorFactory:48 - HHH000397: Using ASTQueryTranslatorFactory
14:18:32,785  WARN CachingRegionFactory:58 - CachingRegionFactory should be only used for testing.
14:18:32,785  INFO UpdateTimestampsCache:61 - HHH000250: Starting update timestamps cache at region: foo.org.hibernate.cache.spi.UpdateTimestampsCache
14:18:32,785  INFO StandardQueryCache:86 - HHH000248: Starting query cache at region: foo.org.hibernate.cache.internal.StandardQueryCache
14:18:32,793  INFO SchemaExport:343 - HHH000227: Running hbm2ddl schema export
14:18:32,794 DEBUG SchemaExport:353 - Import file not found: /import.sql
14:18:32,794 DEBUG SQL:104 - 
    alter table Address 
        drop constraint FK1ED033D47B5C59E1
14:18:32,794 ERROR SchemaExport:425 - HHH000389: Unsuccessful: alter table Address drop constraint FK1ED033D47B5C59E1
14:18:32,795 ERROR SchemaExport:426 - Table "ADDRESS" not found; SQL statement:

    alter table Address 
        drop constraint FK1ED033D47B5C59E1 [42102-145]
14:18:32,795 DEBUG SQL:104 - 
    alter table CourseMeeting 
        drop constraint FKC97EED80AEBBC201
14:18:32,795 ERROR SchemaExport:425 - HHH000389: Unsuccessful: alter table CourseMeeting drop constraint FKC97EED80AEBBC201
14:18:32,795 ERROR SchemaExport:426 - Table "COURSEMEETING" not found; SQL statement:

    alter table CourseMeeting 
        drop constraint FKC97EED80AEBBC201 [42102-145]
14:18:32,795 DEBUG SQL:104 - 
    alter table Enrolment 
        drop constraint FKEB4882C4EC5C133
14:18:32,795 ERROR SchemaExport:425 - HHH000389: Unsuccessful: alter table Enrolment drop constraint FKEB4882C4EC5C133
14:18:32,795 ERROR SchemaExport:426 - Table "ENROLMENT" not found; SQL statement:

    alter table Enrolment 
        drop constraint FKEB4882C4EC5C133 [42102-145]
14:18:32,796 DEBUG SQL:104 - 
    alter table Enrolment 
        drop constraint FKEB4882C4AEBBC201
14:18:32,796 ERROR SchemaExport:425 - HHH000389: Unsuccessful: alter table Enrolment drop constraint FKEB4882C4AEBBC201
14:18:32,796 ERROR SchemaExport:426 - Table "ENROLMENT" not found; SQL statement:

    alter table Enrolment 
        drop constraint FKEB4882C4AEBBC201 [42102-145]
14:18:32,796 DEBUG SQL:104 - 
    alter table Student 
        drop constraint FKF3371A1B5679E142
14:18:32,796 ERROR SchemaExport:425 - HHH000389: Unsuccessful: alter table Student drop constraint FKF3371A1B5679E142
14:18:32,796 ERROR SchemaExport:426 - Table "STUDENT" not found; SQL statement:

    alter table Student 
        drop constraint FKF3371A1B5679E142 [42102-145]
14:18:32,796 DEBUG SQL:104 - 
    alter table Student_secretCodes 
        drop constraint FKAF3CA7327B5C59E1
14:18:32,797 ERROR SchemaExport:425 - HHH000389: Unsuccessful: alter table Student_secretCodes drop constraint FKAF3CA7327B5C59E1
14:18:32,797 ERROR SchemaExport:426 - Table "STUDENT_SECRETCODES" not found; SQL statement:

    alter table Student_secretCodes 
        drop constraint FKAF3CA7327B5C59E1 [42102-145]
14:18:32,797 DEBUG SQL:104 - 
    drop table Address if exists
14:18:32,797 DEBUG SQL:104 - 
    drop table Course if exists
14:18:32,797 DEBUG SQL:104 - 
    drop table CourseMeeting if exists
14:18:32,797 DEBUG SQL:104 - 
    drop table Enrolment if exists
14:18:32,798 DEBUG SQL:104 - 
    drop table Student if exists
14:18:32,798 DEBUG SQL:104 - 
    drop table Student_secretCodes if exists
14:18:32,798 DEBUG SQL:104 - 
    create table Address (
        id bigint not null,
        addressType varchar(255),
        street varchar(255),
        city varchar(255),
        stateProvince varchar(255),
        postalCode varchar(255),
        country varchar(255),
        studentNumber bigint,
        primary key (id)
    )
14:18:32,798 DEBUG SQL:104 - 
    create table Course (
        courseCode varchar(255) not null,
        description varchar(255),
        primary key (courseCode)
    )
14:18:32,805 DEBUG SQL:104 - 
    create table CourseMeeting (
        courseCode varchar(255) not null,
        day varchar(255) not null,
        period integer not null,
        location varchar(255) not null,
        primary key (courseCode, day, period, location)
    )
14:18:32,807 DEBUG SQL:104 - 
    create table Enrolment (
        studentId bigint not null,
        courseCode varchar(255) not null,
        semester smallint not null,
        "year" smallint not null,
        primary key (studentId, courseCode)
    )
14:18:32,808 DEBUG SQL:104 - 
    create table Student (
        studentId bigint not null,
        name_first varchar(255) not null,
        name_middle varchar(255),
        name_last varchar(255) not null,
        preferredCourseCode varchar(255),
        primary key (studentId)
    )
14:18:32,808 DEBUG SQL:104 - 
    create table Student_secretCodes (
        studentNumber bigint not null,
        secretCode integer,
        i integer not null,
        primary key (studentNumber, i)
    )
14:18:32,809 DEBUG SQL:104 - 
    alter table Address 
        add constraint FK1ED033D47B5C59E1 
        foreign key (studentNumber) 
        references Student
14:18:32,809 DEBUG SQL:104 - 
    alter table CourseMeeting 
        add constraint FKC97EED80AEBBC201 
        foreign key (courseCode) 
        references Course
14:18:32,810 DEBUG SQL:104 - 
    alter table Enrolment 
        add constraint FKEB4882C4EC5C133 
        foreign key (studentId) 
        references Student
14:18:32,810 DEBUG SQL:104 - 
    alter table Enrolment 
        add constraint FKEB4882C4AEBBC201 
        foreign key (courseCode) 
        references Course
14:18:32,811 DEBUG SQL:104 - 
    alter table Student 
        add constraint FKF3371A1B5679E142 
        foreign key (preferredCourseCode) 
        references Course
14:18:32,811 DEBUG SQL:104 - 
    alter table Student_secretCodes 
        add constraint FKAF3CA7327B5C59E1 
        foreign key (studentNumber) 
        references Student
14:18:32,812  INFO SchemaExport:405 - HHH000230: Schema export complete
14:18:32,812  WARN SessionFactoryImpl:1554 - HHH000008: JTASessionContext being used with JDBCTransactionFactory; auto-flush will not operate correctly with getCurrentSession()
14:18:32,813  INFO CustomRunner:139 - Test: testAliasToBeanDtoLiteralArgList
14:18:32,814 DEBUG SQL:104 - 
    select
        coursemeet_.courseCode,
        coursemeet_.day,
        coursemeet_.period,
        coursemeet_.location 
    from
        CourseMeeting coursemeet_ 
    where
        coursemeet_.courseCode=? 
        and coursemeet_.day=? 
        and coursemeet_.period=? 
        and coursemeet_.location=?
14:18:32,814 DEBUG SQL:104 - 
    select
        coursemeet_.courseCode,
        coursemeet_.day,
        coursemeet_.period,
        coursemeet_.location 
    from
        CourseMeeting coursemeet_ 
    where
        coursemeet_.courseCode=? 
        and coursemeet_.day=? 
        and coursemeet_.period=? 
        and coursemeet_.location=?
14:18:32,815 DEBUG SQL:104 - 
    select
        max(id) 
    from
        Address
14:18:32,815 DEBUG SQL:104 - 
    insert 
    into
        Course
        (description, courseCode) 
    values
        (?, ?)
14:18:32,816 DEBUG BaseGeneralDataRegion:59 - Caching[foo.org.hibernate.cache.spi.UpdateTimestampsCache] : [Course] -> [5579091037454336]
14:18:32,816 DEBUG SQL:104 - 
    insert 
    into
        CourseMeeting
        (courseCode, day, period, location) 
    values
        (?, ?, ?, ?)
14:18:32,816 DEBUG BaseGeneralDataRegion:59 - Caching[foo.org.hibernate.cache.spi.UpdateTimestampsCache] : [CourseMeeting] -> [5579091037454337]
14:18:32,816 DEBUG SQL:104 - 
    insert 
    into
        CourseMeeting
        (courseCode, day, period, location) 
    values
        (?, ?, ?, ?)
14:18:32,816 DEBUG BaseGeneralDataRegion:59 - Caching[foo.org.hibernate.cache.spi.UpdateTimestampsCache] : [CourseMeeting] -> [5579091037454338]
14:18:32,817 DEBUG SQL:104 - 
    insert 
    into
        Student
        (name_first, name_middle, name_last, preferredCourseCode, studentId) 
    values
        (?, ?, ?, ?, ?)
14:18:32,817 DEBUG BaseGeneralDataRegion:59 - Caching[foo.org.hibernate.cache.spi.UpdateTimestampsCache] : [Student] -> [5579091037458432]
14:18:32,817 DEBUG SQL:104 - 
    insert 
    into
        Address
        (addressType, street, city, stateProvince, postalCode, country, studentNumber, id) 
    values
        (?, ?, ?, ?, ?, ?, ?, ?)
14:18:32,817 DEBUG BaseGeneralDataRegion:59 - Caching[foo.org.hibernate.cache.spi.UpdateTimestampsCache] : [Address] -> [5579091037458433]
14:18:32,817 DEBUG SQL:104 - 
    insert 
    into
        Address
        (addressType, street, city, stateProvince, postalCode, country, studentNumber, id) 
    values
        (?, ?, ?, ?, ?, ?, ?, ?)
14:18:32,817 DEBUG BaseGeneralDataRegion:59 - Caching[foo.org.hibernate.cache.spi.UpdateTimestampsCache] : [Address] -> [5579091037458434]
14:18:32,818 DEBUG SQL:104 - 
    insert 
    into
        Student
        (name_first, name_middle, name_last, preferredCourseCode, studentId) 
    values
        (?, ?, ?, ?, ?)
14:18:32,818 DEBUG BaseGeneralDataRegion:59 - Caching[foo.org.hibernate.cache.spi.UpdateTimestampsCache] : [Student] -> [5579091037462528]
14:18:32,818 DEBUG SQL:104 - 
    insert 
    into
        Enrolment
        (semester, "year", studentId, courseCode) 
    values
        (?, ?, ?, ?)
14:18:32,818 DEBUG BaseGeneralDataRegion:59 - Caching[foo.org.hibernate.cache.spi.UpdateTimestampsCache] : [Enrolment] -> [5579091037462529]
14:18:32,818 DEBUG SQL:104 - 
    insert 
    into
        Enrolment
        (semester, "year", studentId, courseCode) 
    values
        (?, ?, ?, ?)
14:18:32,818 DEBUG BaseGeneralDataRegion:59 - Caching[foo.org.hibernate.cache.spi.UpdateTimestampsCache] : [Enrolment] -> [5579091037462530]
14:18:32,819 DEBUG BaseGeneralDataRegion:59 - Caching[foo.org.hibernate.cache.spi.UpdateTimestampsCache] : [CourseMeeting] -> [5579091037466624]
14:18:32,819 DEBUG BaseGeneralDataRegion:59 - Caching[foo.org.hibernate.cache.spi.UpdateTimestampsCache] : [Enrolment] -> [5579091037466625]
14:18:32,819 DEBUG SQL:104 - 
    update
        Address 
    set
        studentNumber=?,
        addressType=? 
    where
        id=?
14:18:32,819 DEBUG SQL:104 - 
    update
        Address 
    set
        studentNumber=?,
        addressType=? 
    where
        id=?
14:18:32,819 DEBUG BaseGeneralDataRegion:59 - Caching[foo.org.hibernate.cache.spi.UpdateTimestampsCache] : [Address] -> [5579091037466626]
14:18:32,819 DEBUG SQL:104 - 
    insert 
    into
        Student_secretCodes
        (studentNumber, i, secretCode) 
    values
        (?, ?, ?)
14:18:32,819 DEBUG BaseGeneralDataRegion:59 - Caching[foo.org.hibernate.cache.spi.UpdateTimestampsCache] : [Student_secretCodes] -> [5579091037466627]
14:18:32,820 DEBUG BaseGeneralDataRegion:59 - Caching[foo.org.hibernate.cache.spi.UpdateTimestampsCache] : [Enrolment] -> [5579091037470720]
14:18:32,820 DEBUG BaseGeneralDataRegion:59 - Caching[foo.org.hibernate.cache.spi.UpdateTimestampsCache] : [Address] -> [5579091037470721]
14:18:32,820 DEBUG SQL:104 - 
    insert 
    into
        Student_secretCodes
        (studentNumber, i, secretCode) 
    values
        (?, ?, ?)
14:18:32,820 DEBUG SQL:104 - 
    insert 
    into
        Student_secretCodes
        (studentNumber, i, secretCode) 
    values
        (?, ?, ?)
14:18:32,820 DEBUG BaseGeneralDataRegion:59 - Caching[foo.org.hibernate.cache.spi.UpdateTimestampsCache] : [Student_secretCodes] -> [5579091037470722]
14:18:32,820 DEBUG BaseGeneralDataRegion:59 - Caching[foo.org.hibernate.cache.spi.UpdateTimestampsCache] : [Student] -> [5579090791710723]
14:18:32,820 DEBUG BaseGeneralDataRegion:59 - Caching[foo.org.hibernate.cache.spi.UpdateTimestampsCache] : [Course] -> [5579090791710723]
14:18:32,820 DEBUG BaseGeneralDataRegion:59 - Caching[foo.org.hibernate.cache.spi.UpdateTimestampsCache] : [Enrolment] -> [5579090791710723]
14:18:32,820 DEBUG BaseGeneralDataRegion:59 - Caching[foo.org.hibernate.cache.spi.UpdateTimestampsCache] : [Student_secretCodes] -> [5579090791710723]
14:18:32,821 DEBUG BaseGeneralDataRegion:59 - Caching[foo.org.hibernate.cache.spi.UpdateTimestampsCache] : [Address] -> [5579090791710723]
14:18:32,821 DEBUG BaseGeneralDataRegion:59 - Caching[foo.org.hibernate.cache.spi.UpdateTimestampsCache] : [CourseMeeting] -> [5579090791710723]
14:18:32,821 DEBUG QueryTranslatorImpl:265 - parse() - HQL: select st.name as studentName, 'lame description' as courseDescription from org.hibernate.test.querycache.Enrolment e join e.student st join e.course co order by e.studentNumber
14:18:32,823 DEBUG QueryTranslatorImpl:283 - --- HQL AST ---
 \-[QUERY] Node: 'query'
    +-[SELECT_FROM] Node: 'SELECT_FROM'
    |  +-[FROM] Node: 'from'
    |  |  +-[RANGE] Node: 'RANGE'
    |  |  |  +-[DOT] Node: '.'
    |  |  |  |  +-[DOT] Node: '.'
    |  |  |  |  |  +-[DOT] Node: '.'
    |  |  |  |  |  |  +-[DOT] Node: '.'
    |  |  |  |  |  |  |  +-[IDENT] Node: 'org'
    |  |  |  |  |  |  |  \-[IDENT] Node: 'hibernate'
    |  |  |  |  |  |  \-[IDENT] Node: 'test'
    |  |  |  |  |  \-[IDENT] Node: 'querycache'
    |  |  |  |  \-[IDENT] Node: 'Enrolment'
    |  |  |  \-[ALIAS] Node: 'e'
    |  |  +-[JOIN] Node: 'join'
    |  |  |  +-[DOT] Node: '.'
    |  |  |  |  +-[IDENT] Node: 'e'
    |  |  |  |  \-[IDENT] Node: 'student'
    |  |  |  \-[ALIAS] Node: 'st'
    |  |  \-[JOIN] Node: 'join'
    |  |     +-[DOT] Node: '.'
    |  |     |  +-[IDENT] Node: 'e'
    |  |     |  \-[IDENT] Node: 'course'
    |  |     \-[ALIAS] Node: 'co'
    |  \-[SELECT] Node: 'select'
    |     +-[AS] Node: 'as'
    |     |  +-[DOT] Node: '.'
    |     |  |  +-[IDENT] Node: 'st'
    |     |  |  \-[IDENT] Node: 'name'
    |     |  \-[IDENT] Node: 'studentName'
    |     \-[AS] Node: 'as'
    |        +-[QUOTED_STRING] Node: ''lame description''
    |        \-[IDENT] Node: 'courseDescription'
    \-[ORDER] Node: 'order'
       \-[DOT] Node: '.'
          +-[IDENT] Node: 'e'
          \-[IDENT] Node: 'studentNumber'

14:18:32,823 DEBUG ErrorCounter:82 - throwQueryException() : no errors
14:18:32,823 DEBUG FromElement:157 - FromClause{level=1} : org.hibernate.test.querycache.Enrolment (e) -> enrolment0_
14:18:32,823 DEBUG FromReferenceNode:74 - Resolved : e -> (enrolment0_.studentId, enrolment0_.courseCode)
14:18:32,823 DEBUG DotNode:599 - getDataType() : student -> org.hibernate.type.ManyToOneType(org.hibernate.test.querycache.Student)
14:18:32,824 DEBUG DotNode:389 - dereferenceEntityJoin() : generating join for student in org.hibernate.test.querycache.Enrolment (st) parent = [ {null} ]
14:18:32,824 DEBUG FromElement:157 - FromClause{level=1} : org.hibernate.test.querycache.Student (st) -> student1_
14:18:32,824 DEBUG FromClause:282 - addJoinByPathMap() : e.student -> FromElement{explicit,not a collection join,not a fetch join,fetch non-lazy properties,classAlias=st,role=null,tableName=Student,tableAlias=student1_,origin=Enrolment enrolment0_,columns={enrolment0_.studentId ,className=org.hibernate.test.querycache.Student}}
14:18:32,824 DEBUG FromReferenceNode:74 - Resolved : e.student -> enrolment0_.studentId
14:18:32,824 DEBUG HqlSqlWalker:403 - createFromJoinElement() : -- join tree --
 \-[JOIN_FRAGMENT] FromElement: 'Student student1_' FromElement{explicit,not a collection join,not a fetch join,fetch non-lazy properties,classAlias=st,role=null,tableName=Student,tableAlias=student1_,origin=Enrolment enrolment0_,columns={enrolment0_.studentId ,className=org.hibernate.test.querycache.Student}}

14:18:32,824 DEBUG FromReferenceNode:74 - Resolved : e -> (enrolment0_.studentId, enrolment0_.courseCode)
14:18:32,824 DEBUG DotNode:599 - getDataType() : course -> org.hibernate.type.ManyToOneType(org.hibernate.test.querycache.Course)
14:18:32,825 DEBUG DotNode:389 - dereferenceEntityJoin() : generating join for course in org.hibernate.test.querycache.Enrolment (co) parent = [ {null} ]
14:18:32,825 DEBUG FromElement:157 - FromClause{level=1} : org.hibernate.test.querycache.Course (co) -> course2_
14:18:32,825 DEBUG FromClause:282 - addJoinByPathMap() : e.course -> FromElement{explicit,not a collection join,not a fetch join,fetch non-lazy properties,classAlias=co,role=null,tableName=Course,tableAlias=course2_,origin=Enrolment enrolment0_,columns={enrolment0_.courseCode ,className=org.hibernate.test.querycache.Course}}
14:18:32,825 DEBUG FromReferenceNode:74 - Resolved : e.course -> enrolment0_.courseCode
14:18:32,825 DEBUG HqlSqlWalker:403 - createFromJoinElement() : -- join tree --
 \-[JOIN_FRAGMENT] FromElement: 'Course course2_' FromElement{explicit,not a collection join,not a fetch join,fetch non-lazy properties,classAlias=co,role=null,tableName=Course,tableAlias=course2_,origin=Enrolment enrolment0_,columns={enrolment0_.courseCode ,className=org.hibernate.test.querycache.Course}}

14:18:32,825 DEBUG FromReferenceNode:74 - Resolved : st -> student1_.studentId
14:18:32,825 DEBUG DotNode:599 - getDataType() : name -> org.hibernate.type.ComponentType@61afe90f
14:18:32,826 DEBUG DotNode:588 - Terminal propertyPath = [name]
14:18:32,826 DEBUG FromReferenceNode:74 - Resolved : st.name -> student1_.name_first, student1_.name_middle, student1_.name_last
14:18:32,826 DEBUG FromReferenceNode:74 - Resolved : e -> enrolment0_.studentId, enrolment0_.courseCode
14:18:32,826 DEBUG DotNode:599 - getDataType() : studentNumber -> org.hibernate.type.LongType@4bf3f9d
14:18:32,826 DEBUG FromReferenceNode:74 - Resolved : e.studentNumber -> enrolment0_.studentId
14:18:32,826 DEBUG HqlSqlWalker:629 - processQuery() :  ( SELECT ( {select clause} ( student1_.name_first, student1_.name_middle, student1_.name_last student1_.studentId name ) 'lame description' ) ( FromClause{level=1} ( Enrolment enrolment0_ Student student1_ Course course2_ ) ) ( order ( enrolment0_.studentId enrolment0_.studentId, enrolment0_.courseCode studentNumber ) ) )
14:18:32,826 DEBUG JoinProcessor:175 - Using FROM fragment [Enrolment enrolment0_]
14:18:32,826 DEBUG JoinProcessor:175 - Using FROM fragment [inner join Student student1_ on enrolment0_.studentId=student1_.studentId]
14:18:32,827 DEBUG JoinProcessor:175 - Using FROM fragment [inner join Course course2_ on enrolment0_.courseCode=course2_.courseCode]
14:18:32,827 DEBUG QueryTranslatorImpl:252 - --- SQL AST ---
 \-[SELECT] QueryNode: 'SELECT'  querySpaces (Student,Course,Enrolment)
    +-[SELECT_CLAUSE] SelectClause: '{select clause}'
    |  +-[DOT] DotNode: 'student1_.name_first' {propertyName=name,dereferenceType=2,propertyPath=name,path=st.name,tableAlias=student1_,className=org.hibernate.test.querycache.Student,classAlias=st}
    |  |  +-[ALIAS_REF] IdentNode: 'student1_.studentId' {alias=st, className=org.hibernate.test.querycache.Student, tableAlias=student1_}
    |  |  \-[IDENT] IdentNode: 'name' {originalText=name}
    |  +-[SELECT_COLUMNS] SqlNode: ' as col_0_0_'
    |  +-[SQL_TOKEN] SqlFragment: 'student1_.name_middle'
    |  +-[SELECT_COLUMNS] SqlNode: ' as col_0_1_'
    |  +-[SQL_TOKEN] SqlFragment: 'student1_.name_last'
    |  +-[SELECT_COLUMNS] SqlNode: ' as col_0_2_'
    |  +-[QUOTED_STRING] LiteralNode: ''lame description''
    |  \-[SELECT_COLUMNS] SqlNode: ' as col_1_0_'
    +-[FROM] FromClause: 'from' FromClause{level=1, fromElementCounter=3, fromElements=3, fromElementByClassAlias=[co, e, st], fromElementByTableAlias=[student1_, enrolment0_, course2_], fromElementsByPath=[e.course, e.student], collectionJoinFromElementsByPath=[], impliedElements=[]}
    |  \-[FROM_FRAGMENT] FromElement: 'Enrolment enrolment0_' FromElement{explicit,not a collection join,not a fetch join,fetch non-lazy properties,classAlias=e,role=null,tableName=Enrolment,tableAlias=enrolment0_,origin=null,columns={,className=org.hibernate.test.querycache.Enrolment}}
    |     +-[JOIN_FRAGMENT] FromElement: 'inner join Student student1_ on enrolment0_.studentId=student1_.studentId' FromElement{explicit,not a collection join,not a fetch join,fetch non-lazy properties,classAlias=st,role=null,tableName=Student,tableAlias=student1_,origin=Enrolment enrolment0_,columns={enrolment0_.studentId ,className=org.hibernate.test.querycache.Student}}
    |     \-[JOIN_FRAGMENT] FromElement: 'inner join Course course2_ on enrolment0_.courseCode=course2_.courseCode' FromElement{explicit,not a collection join,not a fetch join,fetch non-lazy properties,classAlias=co,role=null,tableName=Course,tableAlias=course2_,origin=Enrolment enrolment0_,columns={enrolment0_.courseCode ,className=org.hibernate.test.querycache.Course}}
    \-[ORDER] OrderByClause: 'order'
       \-[DOT] DotNode: 'enrolment0_.studentId' {propertyName=studentNumber,dereferenceType=ALL,propertyPath=studentNumber,path=e.studentNumber,tableAlias=enrolment0_,className=org.hibernate.test.querycache.Enrolment,classAlias=e}
          +-[ALIAS_REF] IdentNode: 'enrolment0_.studentId, enrolment0_.courseCode' {alias=e, className=org.hibernate.test.querycache.Enrolment, tableAlias=enrolment0_}
          \-[IDENT] IdentNode: 'studentNumber' {originalText=studentNumber}

14:18:32,827 DEBUG ErrorCounter:82 - throwQueryException() : no errors
14:18:32,827 DEBUG QueryTranslatorImpl:235 - HQL: select st.name as studentName, 'lame description' as courseDescription from org.hibernate.test.querycache.Enrolment e join e.student st join e.course co order by e.studentNumber
14:18:32,827 DEBUG QueryTranslatorImpl:236 - SQL: select student1_.name_first as col_0_0_, student1_.name_middle as col_0_1_, student1_.name_last as col_0_2_, 'lame description' as col_1_0_ from Enrolment enrolment0_ inner join Student student1_ on enrolment0_.studentId=student1_.studentId inner join Course course2_ on enrolment0_.courseCode=course2_.courseCode order by enrolment0_.studentId
14:18:32,827 DEBUG ErrorCounter:82 - throwQueryException() : no errors
14:18:32,828 DEBUG BaseGeneralDataRegion:46 - Cache[foo.org.hibernate.cache.internal.StandardQueryCache] lookup : key[sql: select student1_.name_first as col_0_0_, student1_.name_middle as col_0_1_, student1_.name_last as col_0_2_, 'lame description' as col_1_0_ from Enrolment enrolment0_ inner join Student student1_ on enrolment0_.studentId=student1_.studentId inner join Course course2_ on enrolment0_.courseCode=course2_.courseCode order by enrolment0_.studentId; parameters: ; named parameters: {}; transformer: org.hibernate.transform.CacheableResultTransformer@1406bf]
14:18:32,828 DEBUG SQL:104 - 
    select
        student1_.name_first as col_0_0_,
        student1_.name_middle as col_0_1_,
        student1_.name_last as col_0_2_,
        'lame description' as col_1_0_ 
    from
        Enrolment enrolment0_ 
    inner join
        Student student1_ 
            on enrolment0_.studentId=student1_.studentId 
    inner join
        Course course2_ 
            on enrolment0_.courseCode=course2_.courseCode 
    order by
        enrolment0_.studentId
14:18:32,828 DEBUG BaseGeneralDataRegion:59 - Caching[foo.org.hibernate.cache.internal.StandardQueryCache] : [sql: select student1_.name_first as col_0_0_, student1_.name_middle as col_0_1_, student1_.name_last as col_0_2_, 'lame description' as col_1_0_ from Enrolment enrolment0_ inner join Student student1_ on enrolment0_.studentId=student1_.studentId inner join Course course2_ on enrolment0_.courseCode=course2_.courseCode order by enrolment0_.studentId; parameters: ; named parameters: {}; transformer: org.hibernate.transform.CacheableResultTransformer@1406bf] -> [[5579090791743488, [Ljava.io.Serializable;@23bbdec, [Ljava.io.Serializable;@2031d219]]
14:18:32,829 DEBUG BaseGeneralDataRegion:46 - Cache[foo.org.hibernate.cache.internal.StandardQueryCache] lookup : key[sql: select student1_.name_first as col_0_0_, student1_.name_middle as col_0_1_, student1_.name_last as col_0_2_, 'lame description' as col_1_0_ from Enrolment enrolment0_ inner join Student student1_ on enrolment0_.studentId=student1_.studentId inner join Course course2_ on enrolment0_.courseCode=course2_.courseCode order by enrolment0_.studentId; parameters: ; named parameters: {}; transformer: org.hibernate.transform.CacheableResultTransformer@1406bf]
14:18:32,829 DEBUG BaseGeneralDataRegion:52 - Cache[foo.org.hibernate.cache.internal.StandardQueryCache] hit: sql: select student1_.name_first as col_0_0_, student1_.name_middle as col_0_1_, student1_.name_last as col_0_2_, 'lame description' as col_1_0_ from Enrolment enrolment0_ inner join Student student1_ on enrolment0_.studentId=student1_.studentId inner join Course course2_ on enrolment0_.courseCode=course2_.courseCode order by enrolment0_.studentId; parameters: ; named parameters: {}; transformer: org.hibernate.transform.CacheableResultTransformer@1406bf
14:18:32,829 DEBUG BaseGeneralDataRegion:46 - Cache[foo.org.hibernate.cache.spi.UpdateTimestampsCache] lookup : key[Student]
14:18:32,829 DEBUG BaseGeneralDataRegion:52 - Cache[foo.org.hibernate.cache.spi.UpdateTimestampsCache] hit: Student
14:18:32,829 DEBUG BaseGeneralDataRegion:46 - Cache[foo.org.hibernate.cache.spi.UpdateTimestampsCache] lookup : key[Course]
14:18:32,830 DEBUG BaseGeneralDataRegion:52 - Cache[foo.org.hibernate.cache.spi.UpdateTimestampsCache] hit: Course
14:18:32,830 DEBUG BaseGeneralDataRegion:46 - Cache[foo.org.hibernate.cache.spi.UpdateTimestampsCache] lookup : key[Enrolment]
14:18:32,830 DEBUG BaseGeneralDataRegion:52 - Cache[foo.org.hibernate.cache.spi.UpdateTimestampsCache] hit: Enrolment
14:18:32,830 DEBUG SQL:104 - 
    select
        student_.studentId,
        student_.name_first as name2_4_,
        student_.name_middle as name3_4_,
        student_.name_last as name4_4_,
        student_.preferredCourseCode as preferre5_4_ 
    from
        Student student_ 
    where
        student_.studentId=?
14:18:32,830 DEBUG SQL:104 - 
    select
        enrolment_.studentId,
        enrolment_.courseCode,
        enrolment_.semester as semester3_,
        enrolment_."year" as year4_3_ 
    from
        Enrolment enrolment_ 
    where
        enrolment_.studentId=? 
        and enrolment_.courseCode=?
14:18:32,831 DEBUG SQL:104 - 
    select
        course_.courseCode,
        course_.description as descript2_1_ 
    from
        Course course_ 
    where
        course_.courseCode=?
14:18:32,831 DEBUG SQL:104 - 
    select
        student_.studentId,
        student_.name_first as name2_4_,
        student_.name_middle as name3_4_,
        student_.name_last as name4_4_,
        student_.preferredCourseCode as preferre5_4_ 
    from
        Student student_ 
    where
        student_.studentId=?
14:18:32,831 DEBUG SQL:104 - 
    select
        enrolment_.studentId,
        enrolment_.courseCode,
        enrolment_.semester as semester3_,
        enrolment_."year" as year4_3_ 
    from
        Enrolment enrolment_ 
    where
        enrolment_.studentId=? 
        and enrolment_.courseCode=?
14:18:32,831 DEBUG SQL:104 - 
    select
        coursemeet_.courseCode,
        coursemeet_.day,
        coursemeet_.period,
        coursemeet_.location 
    from
        CourseMeeting coursemeet_ 
    where
        coursemeet_.courseCode=? 
        and coursemeet_.day=? 
        and coursemeet_.period=? 
        and coursemeet_.location=?
14:18:32,832 DEBUG SQL:104 - 
    select
        coursemeet_.courseCode,
        coursemeet_.day,
        coursemeet_.period,
        coursemeet_.location 
    from
        CourseMeeting coursemeet_ 
    where
        coursemeet_.courseCode=? 
        and coursemeet_.day=? 
        and coursemeet_.period=? 
        and coursemeet_.location=?
14:18:32,832 DEBUG BaseGeneralDataRegion:59 - Caching[foo.org.hibernate.cache.spi.UpdateTimestampsCache] : [Enrolment] -> [5579091037519872]
14:18:32,832 DEBUG SQL:104 - 
    update
        Address 
    set
        studentNumber=null,
        addressType=null 
    where
        studentNumber=?
14:18:32,832 DEBUG BaseGeneralDataRegion:59 - Caching[foo.org.hibernate.cache.spi.UpdateTimestampsCache] : [Address] -> [5579091037519873]
14:18:32,833 DEBUG SQL:104 - 
    delete 
    from
        Student_secretCodes 
    where
        studentNumber=?
14:18:32,833 DEBUG BaseGeneralDataRegion:59 - Caching[foo.org.hibernate.cache.spi.UpdateTimestampsCache] : [Student_secretCodes] -> [5579091037523968]
14:18:32,833 DEBUG BaseGeneralDataRegion:59 - Caching[foo.org.hibernate.cache.spi.UpdateTimestampsCache] : [Enrolment] -> [5579091037523969]
14:18:32,833 DEBUG BaseGeneralDataRegion:59 - Caching[foo.org.hibernate.cache.spi.UpdateTimestampsCache] : [Address] -> [5579091037523970]
14:18:32,833 DEBUG SQL:104 - 
    delete 
    from
        Student_secretCodes 
    where
        studentNumber=?
14:18:32,833 DEBUG BaseGeneralDataRegion:59 - Caching[foo.org.hibernate.cache.spi.UpdateTimestampsCache] : [Student_secretCodes] -> [5579091037523971]
14:18:32,833 DEBUG BaseGeneralDataRegion:59 - Caching[foo.org.hibernate.cache.spi.UpdateTimestampsCache] : [CourseMeeting] -> [5579091037523972]
14:18:32,833 DEBUG SQL:104 - 
    delete 
    from
        Enrolment 
    where
        studentId=? 
        and courseCode=?
14:18:32,834 DEBUG BaseGeneralDataRegion:59 - Caching[foo.org.hibernate.cache.spi.UpdateTimestampsCache] : [Enrolment] -> [5579091037528064]
14:18:32,834 DEBUG SQL:104 - 
    delete 
    from
        Address 
    where
        id=?
14:18:32,834 DEBUG BaseGeneralDataRegion:59 - Caching[foo.org.hibernate.cache.spi.UpdateTimestampsCache] : [Address] -> [5579091037528065]
14:18:32,834 DEBUG SQL:104 - 
    delete 
    from
        Address 
    where
        id=?
14:18:32,834 DEBUG BaseGeneralDataRegion:59 - Caching[foo.org.hibernate.cache.spi.UpdateTimestampsCache] : [Address] -> [5579091037528066]
14:18:32,834 DEBUG SQL:104 - 
    delete 
    from
        Student 
    where
        studentId=?
14:18:32,834 DEBUG BaseGeneralDataRegion:59 - Caching[foo.org.hibernate.cache.spi.UpdateTimestampsCache] : [Student] -> [5579091037528067]
14:18:32,835 DEBUG SQL:104 - 
    delete 
    from
        Enrolment 
    where
        studentId=? 
        and courseCode=?
14:18:32,835 DEBUG BaseGeneralDataRegion:59 - Caching[foo.org.hibernate.cache.spi.UpdateTimestampsCache] : [Enrolment] -> [5579091037532160]
14:18:32,835 DEBUG SQL:104 - 
    delete 
    from
        Student 
    where
        studentId=?
14:18:32,835 DEBUG BaseGeneralDataRegion:59 - Caching[foo.org.hibernate.cache.spi.UpdateTimestampsCache] : [Student] -> [5579091037532161]
14:18:32,835 DEBUG SQL:104 - 
    delete 
    from
        CourseMeeting 
    where
        courseCode=? 
        and day=? 
        and period=? 
        and location=?
14:18:32,835 DEBUG BaseGeneralDataRegion:59 - Caching[foo.org.hibernate.cache.spi.UpdateTimestampsCache] : [CourseMeeting] -> [5579091037532162]
14:18:32,835 DEBUG SQL:104 - 
    delete 
    from
        CourseMeeting 
    where
        courseCode=? 
        and day=? 
        and period=? 
        and location=?
14:18:32,836 DEBUG BaseGeneralDataRegion:59 - Caching[foo.org.hibernate.cache.spi.UpdateTimestampsCache] : [CourseMeeting] -> [5579091037536256]
14:18:32,836 DEBUG SQL:104 - 
    delete 
    from
        Course 
    where
        courseCode=?
14:18:32,836 DEBUG BaseGeneralDataRegion:59 - Caching[foo.org.hibernate.cache.spi.UpdateTimestampsCache] : [Course] -> [5579091037536257]
14:18:32,836 DEBUG BaseGeneralDataRegion:59 - Caching[foo.org.hibernate.cache.spi.UpdateTimestampsCache] : [Student] -> [5579090791776258]
14:18:32,836 DEBUG BaseGeneralDataRegion:59 - Caching[foo.org.hibernate.cache.spi.UpdateTimestampsCache] : [Course] -> [5579090791776258]
14:18:32,836 DEBUG BaseGeneralDataRegion:59 - Caching[foo.org.hibernate.cache.spi.UpdateTimestampsCache] : [Enrolment] -> [5579090791776258]
14:18:32,836 DEBUG BaseGeneralDataRegion:59 - Caching[foo.org.hibernate.cache.spi.UpdateTimestampsCache] : [Student_secretCodes] -> [5579090791776258]
14:18:32,836 DEBUG BaseGeneralDataRegion:59 - Caching[foo.org.hibernate.cache.spi.UpdateTimestampsCache] : [Address] -> [5579090791776258]
14:18:32,837 DEBUG BaseGeneralDataRegion:59 - Caching[foo.org.hibernate.cache.spi.UpdateTimestampsCache] : [CourseMeeting] -> [5579090791776258]
14:18:32,837  INFO CustomRunner:139 - Test: testAliasToBeanDtoMultiArgList
14:18:32,838 DEBUG SQL:104 - 
    select
        coursemeet_.courseCode,
        coursemeet_.day,
        coursemeet_.period,
        coursemeet_.location 
    from
        CourseMeeting coursemeet_ 
    where
        coursemeet_.courseCode=? 
        and coursemeet_.day=? 
        and coursemeet_.period=? 
        and coursemeet_.location=?
14:18:32,838 DEBUG SQL:104 - 
    select
        coursemeet_.courseCode,
        coursemeet_.day,
        coursemeet_.period,
        coursemeet_.location 
    from
        CourseMeeting coursemeet_ 
    where
        coursemeet_.courseCode=? 
        and coursemeet_.day=? 
        and coursemeet_.period=? 
        and coursemeet_.location=?
14:18:32,839 DEBUG SQL:104 - 
    insert 
    into
        Course
        (description, courseCode) 
    values
        (?, ?)
14:18:32,840 DEBUG BaseGeneralDataRegion:59 - Caching[foo.org.hibernate.cache.spi.UpdateTimestampsCache] : [Course] -> [5579091037552640]
14:18:32,840 DEBUG SQL:104 - 
    insert 
    into
        CourseMeeting
        (courseCode, day, period, location) 
    values
        (?, ?, ?, ?)
14:18:32,840 DEBUG BaseGeneralDataRegion:59 - Caching[foo.org.hibernate.cache.spi.UpdateTimestampsCache] : [CourseMeeting] -> [5579091037552641]
14:18:32,840 DEBUG SQL:104 - 
    insert 
    into
        CourseMeeting
        (courseCode, day, period, location) 
    values
        (?, ?, ?, ?)
14:18:32,840 DEBUG BaseGeneralDataRegion:59 - Caching[foo.org.hibernate.cache.spi.UpdateTimestampsCache] : [CourseMeeting] -> [5579091037552642]
14:18:32,840 DEBUG SQL:104 - 
    insert 
    into
        Student
        (name_first, name_middle, name_last, preferredCourseCode, studentId) 
    values
        (?, ?, ?, ?, ?)
14:18:32,840 DEBUG BaseGeneralDataRegion:59 - Caching[foo.org.hibernate.cache.spi.UpdateTimestampsCache] : [Student] -> [5579091037552643]
14:18:32,841 DEBUG SQL:104 - 
    insert 
    into
        Address
        (addressType, street, city, stateProvince, postalCode, country, studentNumber, id) 
    values
        (?, ?, ?, ?, ?, ?, ?, ?)
14:18:32,841 DEBUG BaseGeneralDataRegion:59 - Caching[foo.org.hibernate.cache.spi.UpdateTimestampsCache] : [Address] -> [5579091037556736]
14:18:32,841 DEBUG SQL:104 - 
    insert 
    into
        Address
        (addressType, street, city, stateProvince, postalCode, country, studentNumber, id) 
    values
        (?, ?, ?, ?, ?, ?, ?, ?)
14:18:32,841 DEBUG BaseGeneralDataRegion:59 - Caching[foo.org.hibernate.cache.spi.UpdateTimestampsCache] : [Address] -> [5579091037556737]
14:18:32,841 DEBUG SQL:104 - 
    insert 
    into
        Student
        (name_first, name_middle, name_last, preferredCourseCode, studentId) 
    values
        (?, ?, ?, ?, ?)
14:18:32,841 DEBUG BaseGeneralDataRegion:59 - Caching[foo.org.hibernate.cache.spi.UpdateTimestampsCache] : [Student] -> [5579091037556738]
14:18:32,841 DEBUG SQL:104 - 
    insert 
    into
        Enrolment
        (semester, "year", studentId, courseCode) 
    values
        (?, ?, ?, ?)
14:18:32,842 DEBUG BaseGeneralDataRegion:59 - Caching[foo.org.hibernate.cache.spi.UpdateTimestampsCache] : [Enrolment] -> [5579091037560832]
14:18:32,842 DEBUG SQL:104 - 
    insert 
    into
        Enrolment
        (semester, "year", studentId, courseCode) 
    values
        (?, ?, ?, ?)
14:18:32,842 DEBUG BaseGeneralDataRegion:59 - Caching[foo.org.hibernate.cache.spi.UpdateTimestampsCache] : [Enrolment] -> [5579091037560833]
14:18:32,842 DEBUG BaseGeneralDataRegion:59 - Caching[foo.org.hibernate.cache.spi.UpdateTimestampsCache] : [CourseMeeting] -> [5579091037560834]
14:18:32,842 DEBUG BaseGeneralDataRegion:59 - Caching[foo.org.hibernate.cache.spi.UpdateTimestampsCache] : [Enrolment] -> [5579091037560835]
14:18:32,842 DEBUG SQL:104 - 
    update
        Address 
    set
        studentNumber=?,
        addressType=? 
    where
        id=?
14:18:32,842 DEBUG SQL:104 - 
    update
        Address 
    set
        studentNumber=?,
        addressType=? 
    where
        id=?
14:18:32,843 DEBUG BaseGeneralDataRegion:59 - Caching[foo.org.hibernate.cache.spi.UpdateTimestampsCache] : [Address] -> [5579091037564928]
14:18:32,843 DEBUG SQL:104 - 
    insert 
    into
        Student_secretCodes
        (studentNumber, i, secretCode) 
    values
        (?, ?, ?)
14:18:32,843 DEBUG BaseGeneralDataRegion:59 - Caching[foo.org.hibernate.cache.spi.UpdateTimestampsCache] : [Student_secretCodes] -> [5579091037564929]
14:18:32,843 DEBUG BaseGeneralDataRegion:59 - Caching[foo.org.hibernate.cache.spi.UpdateTimestampsCache] : [Enrolment] -> [5579091037564930]
14:18:32,843 DEBUG BaseGeneralDataRegion:59 - Caching[foo.org.hibernate.cache.spi.UpdateTimestampsCache] : [Address] -> [5579091037564931]
14:18:32,843 DEBUG SQL:104 - 
    insert 
    into
        Student_secretCodes
        (studentNumber, i, secretCode) 
    values
        (?, ?, ?)
14:18:32,844 DEBUG SQL:104 - 
    insert 
    into
        Student_secretCodes
        (studentNumber, i, secretCode) 
    values
        (?, ?, ?)
14:18:32,844 DEBUG BaseGeneralDataRegion:59 - Caching[foo.org.hibernate.cache.spi.UpdateTimestampsCache] : [Student_secretCodes] -> [5579091037569024]
14:18:32,844 DEBUG BaseGeneralDataRegion:59 - Caching[foo.org.hibernate.cache.spi.UpdateTimestampsCache] : [Student] -> [5579090791809025]
14:18:32,844 DEBUG BaseGeneralDataRegion:59 - Caching[foo.org.hibernate.cache.spi.UpdateTimestampsCache] : [Course] -> [5579090791809025]
14:18:32,844 DEBUG BaseGeneralDataRegion:59 - Caching[foo.org.hibernate.cache.spi.UpdateTimestampsCache] : [Enrolment] -> [5579090791809025]
14:18:32,844 DEBUG BaseGeneralDataRegion:59 - Caching[foo.org.hibernate.cache.spi.UpdateTimestampsCache] : [Student_secretCodes] -> [5579090791809025]
14:18:32,844 DEBUG BaseGeneralDataRegion:59 - Caching[foo.org.hibernate.cache.spi.UpdateTimestampsCache] : [Address] -> [5579090791809025]
14:18:32,844 DEBUG BaseGeneralDataRegion:59 - Caching[foo.org.hibernate.cache.spi.UpdateTimestampsCache] : [CourseMeeting] -> [5579090791809025]
14:18:32,845 DEBUG QueryTranslatorImpl:265 - parse() - HQL: select st.name as studentName, co.description as courseDescription from org.hibernate.test.querycache.Enrolment e join e.student st join e.course co order by e.studentNumber
14:18:32,847 DEBUG QueryTranslatorImpl:283 - --- HQL AST ---
 \-[QUERY] Node: 'query'
    +-[SELECT_FROM] Node: 'SELECT_FROM'
    |  +-[FROM] Node: 'from'
    |  |  +-[RANGE] Node: 'RANGE'
    |  |  |  +-[DOT] Node: '.'
    |  |  |  |  +-[DOT] Node: '.'
    |  |  |  |  |  +-[DOT] Node: '.'
    |  |  |  |  |  |  +-[DOT] Node: '.'
    |  |  |  |  |  |  |  +-[IDENT] Node: 'org'
    |  |  |  |  |  |  |  \-[IDENT] Node: 'hibernate'
    |  |  |  |  |  |  \-[IDENT] Node: 'test'
    |  |  |  |  |  \-[IDENT] Node: 'querycache'
    |  |  |  |  \-[IDENT] Node: 'Enrolment'
    |  |  |  \-[ALIAS] Node: 'e'
    |  |  +-[JOIN] Node: 'join'
    |  |  |  +-[DOT] Node: '.'
    |  |  |  |  +-[IDENT] Node: 'e'
    |  |  |  |  \-[IDENT] Node: 'student'
    |  |  |  \-[ALIAS] Node: 'st'
    |  |  \-[JOIN] Node: 'join'
    |  |     +-[DOT] Node: '.'
    |  |     |  +-[IDENT] Node: 'e'
    |  |     |  \-[IDENT] Node: 'course'
    |  |     \-[ALIAS] Node: 'co'
    |  \-[SELECT] Node: 'select'
    |     +-[AS] Node: 'as'
    |     |  +-[DOT] Node: '.'
    |     |  |  +-[IDENT] Node: 'st'
    |     |  |  \-[IDENT] Node: 'name'
    |     |  \-[IDENT] Node: 'studentName'
    |     \-[AS] Node: 'as'
    |        +-[DOT] Node: '.'
    |        |  +-[IDENT] Node: 'co'
    |        |  \-[IDENT] Node: 'description'
    |        \-[IDENT] Node: 'courseDescription'
    \-[ORDER] Node: 'order'
       \-[DOT] Node: '.'
          +-[IDENT] Node: 'e'
          \-[IDENT] Node: 'studentNumber'

14:18:32,847 DEBUG ErrorCounter:82 - throwQueryException() : no errors
14:18:32,847 DEBUG FromElement:157 - FromClause{level=1} : org.hibernate.test.querycache.Enrolment (e) -> enrolment0_
14:18:32,847 DEBUG FromReferenceNode:74 - Resolved : e -> (enrolment0_.studentId, enrolment0_.courseCode)
14:18:32,847 DEBUG DotNode:599 - getDataType() : student -> org.hibernate.type.ManyToOneType(org.hibernate.test.querycache.Student)
14:18:32,848 DEBUG DotNode:389 - dereferenceEntityJoin() : generating join for student in org.hibernate.test.querycache.Enrolment (st) parent = [ {null} ]
14:18:32,848 DEBUG FromElement:157 - FromClause{level=1} : org.hibernate.test.querycache.Student (st) -> student1_
14:18:32,848 DEBUG FromClause:282 - addJoinByPathMap() : e.student -> FromElement{explicit,not a collection join,not a fetch join,fetch non-lazy properties,classAlias=st,role=null,tableName=Student,tableAlias=student1_,origin=Enrolment enrolment0_,columns={enrolment0_.studentId ,className=org.hibernate.test.querycache.Student}}
14:18:32,848 DEBUG FromReferenceNode:74 - Resolved : e.student -> enrolment0_.studentId
14:18:32,848 DEBUG HqlSqlWalker:403 - createFromJoinElement() : -- join tree --
 \-[JOIN_FRAGMENT] FromElement: 'Student student1_' FromElement{explicit,not a collection join,not a fetch join,fetch non-lazy properties,classAlias=st,role=null,tableName=Student,tableAlias=student1_,origin=Enrolment enrolment0_,columns={enrolment0_.studentId ,className=org.hibernate.test.querycache.Student}}

14:18:32,848 DEBUG FromReferenceNode:74 - Resolved : e -> (enrolment0_.studentId, enrolment0_.courseCode)
14:18:32,848 DEBUG DotNode:599 - getDataType() : course -> org.hibernate.type.ManyToOneType(org.hibernate.test.querycache.Course)
14:18:32,849 DEBUG DotNode:389 - dereferenceEntityJoin() : generating join for course in org.hibernate.test.querycache.Enrolment (co) parent = [ {null} ]
14:18:32,849 DEBUG FromElement:157 - FromClause{level=1} : org.hibernate.test.querycache.Course (co) -> course2_
14:18:32,849 DEBUG FromClause:282 - addJoinByPathMap() : e.course -> FromElement{explicit,not a collection join,not a fetch join,fetch non-lazy properties,classAlias=co,role=null,tableName=Course,tableAlias=course2_,origin=Enrolment enrolment0_,columns={enrolment0_.courseCode ,className=org.hibernate.test.querycache.Course}}
14:18:32,849 DEBUG FromReferenceNode:74 - Resolved : e.course -> enrolment0_.courseCode
14:18:32,849 DEBUG HqlSqlWalker:403 - createFromJoinElement() : -- join tree --
 \-[JOIN_FRAGMENT] FromElement: 'Course course2_' FromElement{explicit,not a collection join,not a fetch join,fetch non-lazy properties,classAlias=co,role=null,tableName=Course,tableAlias=course2_,origin=Enrolment enrolment0_,columns={enrolment0_.courseCode ,className=org.hibernate.test.querycache.Course}}

14:18:32,849 DEBUG FromReferenceNode:74 - Resolved : st -> student1_.studentId
14:18:32,849 DEBUG DotNode:599 - getDataType() : name -> org.hibernate.type.ComponentType@61afe90f
14:18:32,849 DEBUG DotNode:588 - Terminal propertyPath = [name]
14:18:32,850 DEBUG FromReferenceNode:74 - Resolved : st.name -> student1_.name_first, student1_.name_middle, student1_.name_last
14:18:32,850 DEBUG FromReferenceNode:74 - Resolved : co -> course2_.courseCode
14:18:32,850 DEBUG DotNode:599 - getDataType() : description -> org.hibernate.type.StringType@2dc8de40
14:18:32,850 DEBUG FromReferenceNode:74 - Resolved : co.description -> course2_.description
14:18:32,850 DEBUG FromReferenceNode:74 - Resolved : e -> enrolment0_.studentId, enrolment0_.courseCode
14:18:32,850 DEBUG DotNode:599 - getDataType() : studentNumber -> org.hibernate.type.LongType@4bf3f9d
14:18:32,850 DEBUG FromReferenceNode:74 - Resolved : e.studentNumber -> enrolment0_.studentId
14:18:32,850 DEBUG HqlSqlWalker:629 - processQuery() :  ( SELECT ( {select clause} ( student1_.name_first, student1_.name_middle, student1_.name_last student1_.studentId name ) ( course2_.description course2_.courseCode description ) ) ( FromClause{level=1} ( Enrolment enrolment0_ Student student1_ Course course2_ ) ) ( order ( enrolment0_.studentId enrolment0_.studentId, enrolment0_.courseCode studentNumber ) ) )
14:18:32,851 DEBUG JoinProcessor:175 - Using FROM fragment [Enrolment enrolment0_]
14:18:32,851 DEBUG JoinProcessor:175 - Using FROM fragment [inner join Student student1_ on enrolment0_.studentId=student1_.studentId]
14:18:32,851 DEBUG JoinProcessor:175 - Using FROM fragment [inner join Course course2_ on enrolment0_.courseCode=course2_.courseCode]
14:18:32,851 DEBUG QueryTranslatorImpl:252 - --- SQL AST ---
 \-[SELECT] QueryNode: 'SELECT'  querySpaces (Student,Course,Enrolment)
    +-[SELECT_CLAUSE] SelectClause: '{select clause}'
    |  +-[DOT] DotNode: 'student1_.name_first' {propertyName=name,dereferenceType=2,propertyPath=name,path=st.name,tableAlias=student1_,className=org.hibernate.test.querycache.Student,classAlias=st}
    |  |  +-[ALIAS_REF] IdentNode: 'student1_.studentId' {alias=st, className=org.hibernate.test.querycache.Student, tableAlias=student1_}
    |  |  \-[IDENT] IdentNode: 'name' {originalText=name}
    |  +-[SELECT_COLUMNS] SqlNode: ' as col_0_0_'
    |  +-[SQL_TOKEN] SqlFragment: 'student1_.name_middle'
    |  +-[SELECT_COLUMNS] SqlNode: ' as col_0_1_'
    |  +-[SQL_TOKEN] SqlFragment: 'student1_.name_last'
    |  +-[SELECT_COLUMNS] SqlNode: ' as col_0_2_'
    |  +-[DOT] DotNode: 'course2_.description' {propertyName=description,dereferenceType=ALL,propertyPath=description,path=co.description,tableAlias=course2_,className=org.hibernate.test.querycache.Course,classAlias=co}
    |  |  +-[ALIAS_REF] IdentNode: 'course2_.courseCode' {alias=co, className=org.hibernate.test.querycache.Course, tableAlias=course2_}
    |  |  \-[IDENT] IdentNode: 'description' {originalText=description}
    |  \-[SELECT_COLUMNS] SqlNode: ' as col_1_0_'
    +-[FROM] FromClause: 'from' FromClause{level=1, fromElementCounter=3, fromElements=3, fromElementByClassAlias=[co, e, st], fromElementByTableAlias=[student1_, enrolment0_, course2_], fromElementsByPath=[e.course, e.student], collectionJoinFromElementsByPath=[], impliedElements=[]}
    |  \-[FROM_FRAGMENT] FromElement: 'Enrolment enrolment0_' FromElement{explicit,not a collection join,not a fetch join,fetch non-lazy properties,classAlias=e,role=null,tableName=Enrolment,tableAlias=enrolment0_,origin=null,columns={,className=org.hibernate.test.querycache.Enrolment}}
    |     +-[JOIN_FRAGMENT] FromElement: 'inner join Student student1_ on enrolment0_.studentId=student1_.studentId' FromElement{explicit,not a collection join,not a fetch join,fetch non-lazy properties,classAlias=st,role=null,tableName=Student,tableAlias=student1_,origin=Enrolment enrolment0_,columns={enrolment0_.studentId ,className=org.hibernate.test.querycache.Student}}
    |     \-[JOIN_FRAGMENT] FromElement: 'inner join Course course2_ on enrolment0_.courseCode=course2_.courseCode' FromElement{explicit,not a collection join,not a fetch join,fetch non-lazy properties,classAlias=co,role=null,tableName=Course,tableAlias=course2_,origin=Enrolment enrolment0_,columns={enrolment0_.courseCode ,className=org.hibernate.test.querycache.Course}}
    \-[ORDER] OrderByClause: 'order'
       \-[DOT] DotNode: 'enrolment0_.studentId' {propertyName=studentNumber,dereferenceType=ALL,propertyPath=studentNumber,path=e.studentNumber,tableAlias=enrolment0_,className=org.hibernate.test.querycache.Enrolment,classAlias=e}
          +-[ALIAS_REF] IdentNode: 'enrolment0_.studentId, enrolment0_.courseCode' {alias=e, className=org.hibernate.test.querycache.Enrolment, tableAlias=enrolment0_}
          \-[IDENT] IdentNode: 'studentNumber' {originalText=studentNumber}

14:18:32,851 DEBUG ErrorCounter:82 - throwQueryException() : no errors
14:18:32,852 DEBUG QueryTranslatorImpl:235 - HQL: select st.name as studentName, co.description as courseDescription from org.hibernate.test.querycache.Enrolment e join e.student st join e.course co order by e.studentNumber
14:18:32,852 DEBUG QueryTranslatorImpl:236 - SQL: select student1_.name_first as col_0_0_, student1_.name_middle as col_0_1_, student1_.name_last as col_0_2_, course2_.description as col_1_0_ from Enrolment enrolment0_ inner join Student student1_ on enrolment0_.studentId=student1_.studentId inner join Course course2_ on enrolment0_.courseCode=course2_.courseCode order by enrolment0_.studentId
14:18:32,852 DEBUG ErrorCounter:82 - throwQueryException() : no errors
14:18:32,852 DEBUG BaseGeneralDataRegion:46 - Cache[foo.org.hibernate.cache.internal.StandardQueryCache] lookup : key[sql: select student1_.name_first as col_0_0_, student1_.name_middle as col_0_1_, student1_.name_last as col_0_2_, course2_.description as col_1_0_ from Enrolment enrolment0_ inner join Student student1_ on enrolment0_.studentId=student1_.studentId inner join Course course2_ on enrolment0_.courseCode=course2_.courseCode order by enrolment0_.studentId; parameters: ; named parameters: {}; transformer: org.hibernate.transform.CacheableResultTransformer@1406bf]
14:18:32,852 DEBUG SQL:104 - 
    select
        student1_.name_first as col_0_0_,
        student1_.name_middle as col_0_1_,
        student1_.name_last as col_0_2_,
        course2_.description as col_1_0_ 
    from
        Enrolment enrolment0_ 
    inner join
        Student student1_ 
            on enrolment0_.studentId=student1_.studentId 
    inner join
        Course course2_ 
            on enrolment0_.courseCode=course2_.courseCode 
    order by
        enrolment0_.studentId
14:18:32,853 DEBUG BaseGeneralDataRegion:59 - Caching[foo.org.hibernate.cache.internal.StandardQueryCache] : [sql: select student1_.name_first as col_0_0_, student1_.name_middle as col_0_1_, student1_.name_last as col_0_2_, course2_.description as col_1_0_ from Enrolment enrolment0_ inner join Student student1_ on enrolment0_.studentId=student1_.studentId inner join Course course2_ on enrolment0_.courseCode=course2_.courseCode order by enrolment0_.studentId; parameters: ; named parameters: {}; transformer: org.hibernate.transform.CacheableResultTransformer@1406bf] -> [[5579090791845888, [Ljava.io.Serializable;@4c0318b5, [Ljava.io.Serializable;@5f4b3a0f]]
14:18:32,853 DEBUG BaseGeneralDataRegion:46 - Cache[foo.org.hibernate.cache.internal.StandardQueryCache] lookup : key[sql: select student1_.name_first as col_0_0_, student1_.name_middle as col_0_1_, student1_.name_last as col_0_2_, course2_.description as col_1_0_ from Enrolment enrolment0_ inner join Student student1_ on enrolment0_.studentId=student1_.studentId inner join Course course2_ on enrolment0_.courseCode=course2_.courseCode order by enrolment0_.studentId; parameters: ; named parameters: {}; transformer: org.hibernate.transform.CacheableResultTransformer@1406bf]
14:18:32,853 DEBUG BaseGeneralDataRegion:52 - Cache[foo.org.hibernate.cache.internal.StandardQueryCache] hit: sql: select student1_.name_first as col_0_0_, student1_.name_middle as col_0_1_, student1_.name_last as col_0_2_, course2_.description as col_1_0_ from Enrolment enrolment0_ inner join Student student1_ on enrolment0_.studentId=student1_.studentId inner join Course course2_ on enrolment0_.courseCode=course2_.courseCode order by enrolment0_.studentId; parameters: ; named parameters: {}; transformer: org.hibernate.transform.CacheableResultTransformer@1406bf
14:18:32,853 DEBUG BaseGeneralDataRegion:46 - Cache[foo.org.hibernate.cache.spi.UpdateTimestampsCache] lookup : key[Student]
14:18:32,853 DEBUG BaseGeneralDataRegion:52 - Cache[foo.org.hibernate.cache.spi.UpdateTimestampsCache] hit: Student
14:18:32,853 DEBUG BaseGeneralDataRegion:46 - Cache[foo.org.hibernate.cache.spi.UpdateTimestampsCache] lookup : key[Course]
14:18:32,854 DEBUG BaseGeneralDataRegion:52 - Cache[foo.org.hibernate.cache.spi.UpdateTimestampsCache] hit: Course
14:18:32,854 DEBUG BaseGeneralDataRegion:46 - Cache[foo.org.hibernate.cache.spi.UpdateTimestampsCache] lookup : key[Enrolment]
14:18:32,854 DEBUG BaseGeneralDataRegion:52 - Cache[foo.org.hibernate.cache.spi.UpdateTimestampsCache] hit: Enrolment
14:18:32,854 DEBUG SQL:104 - 
    select
        student_.studentId,
        student_.name_first as name2_4_,
        student_.name_middle as name3_4_,
        student_.name_last as name4_4_,
        student_.preferredCourseCode as preferre5_4_ 
    from
        Student student_ 
    where
        student_.studentId=?
14:18:32,854 DEBUG SQL:104 - 
    select
        enrolment_.studentId,
        enrolment_.courseCode,
        enrolment_.semester as semester3_,
        enrolment_."year" as year4_3_ 
    from
        Enrolment enrolment_ 
    where
        enrolment_.studentId=? 
        and enrolment_.courseCode=?
14:18:32,855 DEBUG SQL:104 - 
    select
        course_.courseCode,
        course_.description as descript2_1_ 
    from
        Course course_ 
    where
        course_.courseCode=?
14:18:32,855 DEBUG SQL:104 - 
    select
        student_.studentId,
        student_.name_first as name2_4_,
        student_.name_middle as name3_4_,
        student_.name_last as name4_4_,
        student_.preferredCourseCode as preferre5_4_ 
    from
        Student student_ 
    where
        student_.studentId=?
14:18:32,855 DEBUG SQL:104 - 
    select
        enrolment_.studentId,
        enrolment_.courseCode,
        enrolment_.semester as semester3_,
        enrolment_."year" as year4_3_ 
    from
        Enrolment enrolment_ 
    where
        enrolment_.studentId=? 
        and enrolment_.courseCode=?
14:18:32,855 DEBUG SQL:104 - 
    select
        coursemeet_.courseCode,
        coursemeet_.day,
        coursemeet_.period,
        coursemeet_.location 
    from
        CourseMeeting coursemeet_ 
    where
        coursemeet_.courseCode=? 
        and coursemeet_.day=? 
        and coursemeet_.period=? 
        and coursemeet_.location=?
14:18:32,856 DEBUG SQL:104 - 
    select
        coursemeet_.courseCode,
        coursemeet_.day,
        coursemeet_.period,
        coursemeet_.location 
    from
        CourseMeeting coursemeet_ 
    where
        coursemeet_.courseCode=? 
        and coursemeet_.day=? 
        and coursemeet_.period=? 
        and coursemeet_.location=?
14:18:32,856 DEBUG BaseGeneralDataRegion:59 - Caching[foo.org.hibernate.cache.spi.UpdateTimestampsCache] : [Enrolment] -> [5579091037618176]
14:18:32,856 DEBUG SQL:104 - 
    update
        Address 
    set
        studentNumber=null,
        addressType=null 
    where
        studentNumber=?
14:18:32,856 DEBUG BaseGeneralDataRegion:59 - Caching[foo.org.hibernate.cache.spi.UpdateTimestampsCache] : [Address] -> [5579091037618177]
14:18:32,857 DEBUG SQL:104 - 
    delete 
    from
        Student_secretCodes 
    where
        studentNumber=?
14:18:32,857 DEBUG BaseGeneralDataRegion:59 - Caching[foo.org.hibernate.cache.spi.UpdateTimestampsCache] : [Student_secretCodes] -> [5579091037622272]
14:18:32,857 DEBUG BaseGeneralDataRegion:59 - Caching[foo.org.hibernate.cache.spi.UpdateTimestampsCache] : [Enrolment] -> [5579091037622273]
14:18:32,857 DEBUG BaseGeneralDataRegion:59 - Caching[foo.org.hibernate.cache.spi.UpdateTimestampsCache] : [Address] -> [5579091037622274]
14:18:32,857 DEBUG SQL:104 - 
    delete 
    from
        Student_secretCodes 
    where
        studentNumber=?
14:18:32,857 DEBUG BaseGeneralDataRegion:59 - Caching[foo.org.hibernate.cache.spi.UpdateTimestampsCache] : [Student_secretCodes] -> [5579091037622275]
14:18:32,857 DEBUG BaseGeneralDataRegion:59 - Caching[foo.org.hibernate.cache.spi.UpdateTimestampsCache] : [CourseMeeting] -> [5579091037622276]
14:18:32,857 DEBUG SQL:104 - 
    delete 
    from
        Enrolment 
    where
        studentId=? 
        and courseCode=?
14:18:32,858 DEBUG BaseGeneralDataRegion:59 - Caching[foo.org.hibernate.cache.spi.UpdateTimestampsCache] : [Enrolment] -> [5579091037626368]
14:18:32,858 DEBUG SQL:104 - 
    delete 
    from
        Address 
    where
        id=?
14:18:32,858 DEBUG BaseGeneralDataRegion:59 - Caching[foo.org.hibernate.cache.spi.UpdateTimestampsCache] : [Address] -> [5579091037626369]
14:18:32,858 DEBUG SQL:104 - 
    delete 
    from
        Address 
    where
        id=?
14:18:32,858 DEBUG BaseGeneralDataRegion:59 - Caching[foo.org.hibernate.cache.spi.UpdateTimestampsCache] : [Address] -> [5579091037626370]
14:18:32,858 DEBUG SQL:104 - 
    delete 
    from
        Student 
    where
        studentId=?
14:18:32,858 DEBUG BaseGeneralDataRegion:59 - Caching[foo.org.hibernate.cache.spi.UpdateTimestampsCache] : [Student] -> [5579091037626371]
14:18:32,858 DEBUG SQL:104 - 
    delete 
    from
        Enrolment 
    where
        studentId=? 
        and courseCode=?
14:18:32,859 DEBUG BaseGeneralDataRegion:59 - Caching[foo.org.hibernate.cache.spi.UpdateTimestampsCache] : [Enrolment] -> [5579091037630464]
14:18:32,859 DEBUG SQL:104 - 
    delete 
    from
        Student 
    where
        studentId=?
14:18:32,859 DEBUG BaseGeneralDataRegion:59 - Caching[foo.org.hibernate.cache.spi.UpdateTimestampsCache] : [Student] -> [5579091037630465]
14:18:32,859 DEBUG SQL:104 - 
    delete 
    from
        CourseMeeting 
    where
        courseCode=? 
        and day=? 
        and period=? 
        and location=?
14:18:32,859 DEBUG BaseGeneralDataRegion:59 - Caching[foo.org.hibernate.cache.spi.UpdateTimestampsCache] : [CourseMeeting] -> [5579091037630466]
14:18:32,859 DEBUG SQL:104 - 
    delete 
    from
        CourseMeeting 
    where
        courseCode=? 
        and day=? 
        and period=? 
        and location=?
14:18:32,859 DEBUG BaseGeneralDataRegion:59 - Caching[foo.org.hibernate.cache.spi.UpdateTimestampsCache] : [CourseMeeting] -> [5579091037630467]
14:18:32,860 DEBUG SQL:104 - 
    delete 
    from
        Course 
    where
        courseCode=?
14:18:32,874 DEBUG BaseGeneralDataRegion:59 - Caching[foo.org.hibernate.cache.spi.UpdateTimestampsCache] : [Course] -> [5579091037691904]
14:18:32,875 DEBUG BaseGeneralDataRegion:59 - Caching[foo.org.hibernate.cache.spi.UpdateTimestampsCache] : [Student] -> [5579090791936000]
14:18:32,875 DEBUG BaseGeneralDataRegion:59 - Caching[foo.org.hibernate.cache.spi.UpdateTimestampsCache] : [Course] -> [5579090791936000]
14:18:32,875 DEBUG BaseGeneralDataRegion:59 - Caching[foo.org.hibernate.cache.spi.UpdateTimestampsCache] : [Enrolment] -> [5579090791936000]
14:18:32,875 DEBUG BaseGeneralDataRegion:59 - Caching[foo.org.hibernate.cache.spi.UpdateTimestampsCache] : [Student_secretCodes] -> [5579090791936000]
14:18:32,875 DEBUG BaseGeneralDataRegion:59 - Caching[foo.org.hibernate.cache.spi.UpdateTimestampsCache] : [Address] -> [5579090791936000]
14:18:32,875 DEBUG BaseGeneralDataRegion:59 - Caching[foo.org.hibernate.cache.spi.UpdateTimestampsCache] : [CourseMeeting] -> [5579090791936000]
14:18:32,876  INFO CustomRunner:139 - Test: testAliasToBeanDtoOneArgList
14:18:32,877 DEBUG SQL:104 - 
    select
        coursemeet_.courseCode,
        coursemeet_.day,
        coursemeet_.period,
        coursemeet_.location 
    from
        CourseMeeting coursemeet_ 
    where
        coursemeet_.courseCode=? 
        and coursemeet_.day=? 
        and coursemeet_.period=? 
        and coursemeet_.location=?
14:18:32,877 DEBUG SQL:104 - 
    select
        coursemeet_.courseCode,
        coursemeet_.day,
        coursemeet_.period,
        coursemeet_.location 
    from
        CourseMeeting coursemeet_ 
    where
        coursemeet_.courseCode=? 
        and coursemeet_.day=? 
        and coursemeet_.period=? 
        and coursemeet_.location=?
14:18:32,885 DEBUG SQL:104 - 
    insert 
    into
        Course
        (description, courseCode) 
    values
        (?, ?)
14:18:32,886 DEBUG BaseGeneralDataRegion:59 - Caching[foo.org.hibernate.cache.spi.UpdateTimestampsCache] : [Course] -> [5579091037741056]
14:18:32,886 DEBUG SQL:104 - 
    insert 
    into
        CourseMeeting
        (courseCode, day, period, location) 
    values
        (?, ?, ?, ?)
14:18:32,886 DEBUG BaseGeneralDataRegion:59 - Caching[foo.org.hibernate.cache.spi.UpdateTimestampsCache] : [CourseMeeting] -> [5579091037741057]
14:18:32,886 DEBUG SQL:104 - 
    insert 
    into
        CourseMeeting
        (courseCode, day, period, location) 
    values
        (?, ?, ?, ?)
14:18:32,894 DEBUG BaseGeneralDataRegion:59 - Caching[foo.org.hibernate.cache.spi.UpdateTimestampsCache] : [CourseMeeting] -> [5579091037773824]
14:18:32,894 DEBUG SQL:104 - 
    insert 
    into
        Student
        (name_first, name_middle, name_last, preferredCourseCode, studentId) 
    values
        (?, ?, ?, ?, ?)
14:18:32,895 DEBUG BaseGeneralDataRegion:59 - Caching[foo.org.hibernate.cache.spi.UpdateTimestampsCache] : [Student] -> [5579091037777920]
14:18:32,895 DEBUG SQL:104 - 
    insert 
    into
        Address
        (addressType, street, city, stateProvince, postalCode, country, studentNumber, id) 
    values
        (?, ?, ?, ?, ?, ?, ?, ?)
14:18:32,895 DEBUG BaseGeneralDataRegion:59 - Caching[foo.org.hibernate.cache.spi.UpdateTimestampsCache] : [Address] -> [5579091037777921]
14:18:32,895 DEBUG SQL:104 - 
    insert 
    into
        Address
        (addressType, street, city, stateProvince, postalCode, country, studentNumber, id) 
    values
        (?, ?, ?, ?, ?, ?, ?, ?)
14:18:32,895 DEBUG BaseGeneralDataRegion:59 - Caching[foo.org.hibernate.cache.spi.UpdateTimestampsCache] : [Address] -> [5579091037777922]
14:18:32,895 DEBUG SQL:104 - 
    insert 
    into
        Student
        (name_first, name_middle, name_last, preferredCourseCode, studentId) 
    values
        (?, ?, ?, ?, ?)
14:18:32,904 DEBUG BaseGeneralDataRegion:59 - Caching[foo.org.hibernate.cache.spi.UpdateTimestampsCache] : [Student] -> [5579091037814784]
14:18:32,905 DEBUG SQL:104 - 
    insert 
    into
        Enrolment
        (semester, "year", studentId, courseCode) 
    values
        (?, ?, ?, ?)
14:18:32,905 DEBUG BaseGeneralDataRegion:59 - Caching[foo.org.hibernate.cache.spi.UpdateTimestampsCache] : [Enrolment] -> [5579091037818880]
14:18:32,905 DEBUG SQL:104 - 
    insert 
    into
        Enrolment
        (semester, "year", studentId, courseCode) 
    values
        (?, ?, ?, ?)
14:18:32,905 DEBUG BaseGeneralDataRegion:59 - Caching[foo.org.hibernate.cache.spi.UpdateTimestampsCache] : [Enrolment] -> [5579091037818881]
14:18:32,905 DEBUG BaseGeneralDataRegion:59 - Caching[foo.org.hibernate.cache.spi.UpdateTimestampsCache] : [CourseMeeting] -> [5579091037818882]
14:18:32,905 DEBUG BaseGeneralDataRegion:59 - Caching[foo.org.hibernate.cache.spi.UpdateTimestampsCache] : [Enrolment] -> [5579091037818883]
14:18:32,905 DEBUG SQL:104 - 
    update
        Address 
    set
        studentNumber=?,
        addressType=? 
    where
        id=?
14:18:32,914 DEBUG SQL:104 - 
    update
        Address 
    set
        studentNumber=?,
        addressType=? 
    where
        id=?
14:18:32,915 DEBUG BaseGeneralDataRegion:59 - Caching[foo.org.hibernate.cache.spi.UpdateTimestampsCache] : [Address] -> [5579091037859840]
14:18:32,915 DEBUG SQL:104 - 
    insert 
    into
        Student_secretCodes
        (studentNumber, i, secretCode) 
    values
        (?, ?, ?)
14:18:32,915 DEBUG BaseGeneralDataRegion:59 - Caching[foo.org.hibernate.cache.spi.UpdateTimestampsCache] : [Student_secretCodes] -> [5579091037859841]
14:18:32,915 DEBUG BaseGeneralDataRegion:59 - Caching[foo.org.hibernate.cache.spi.UpdateTimestampsCache] : [Enrolment] -> [5579091037859842]
14:18:32,915 DEBUG BaseGeneralDataRegion:59 - Caching[foo.org.hibernate.cache.spi.UpdateTimestampsCache] : [Address] -> [5579091037859843]
14:18:32,915 DEBUG SQL:104 - 
    insert 
    into
        Student_secretCodes
        (studentNumber, i, secretCode) 
    values
        (?, ?, ?)
14:18:32,915 DEBUG SQL:104 - 
    insert 
    into
        Student_secretCodes
        (studentNumber, i, secretCode) 
    values
        (?, ?, ?)
14:18:32,916 DEBUG BaseGeneralDataRegion:59 - Caching[foo.org.hibernate.cache.spi.UpdateTimestampsCache] : [Student_secretCodes] -> [5579091037863936]
14:18:32,916 DEBUG BaseGeneralDataRegion:59 - Caching[foo.org.hibernate.cache.spi.UpdateTimestampsCache] : [Student] -> [5579090792103937]
14:18:32,916 DEBUG BaseGeneralDataRegion:59 - Caching[foo.org.hibernate.cache.spi.UpdateTimestampsCache] : [Course] -> [5579090792103937]
14:18:32,916 DEBUG BaseGeneralDataRegion:59 - Caching[foo.org.hibernate.cache.spi.UpdateTimestampsCache] : [Enrolment] -> [5579090792103937]
14:18:32,916 DEBUG BaseGeneralDataRegion:59 - Caching[foo.org.hibernate.cache.spi.UpdateTimestampsCache] : [Student_secretCodes] -> [5579090792103937]
14:18:32,916 DEBUG BaseGeneralDataRegion:59 - Caching[foo.org.hibernate.cache.spi.UpdateTimestampsCache] : [Address] -> [5579090792103937]
14:18:32,916 DEBUG BaseGeneralDataRegion:59 - Caching[foo.org.hibernate.cache.spi.UpdateTimestampsCache] : [CourseMeeting] -> [5579090792103937]
14:18:32,917 DEBUG QueryTranslatorImpl:265 - parse() - HQL: select st.name as studentName from org.hibernate.test.querycache.Student st order by st.studentNumber
14:18:32,918 DEBUG QueryTranslatorImpl:283 - --- HQL AST ---
 \-[QUERY] Node: 'query'
    +-[SELECT_FROM] Node: 'SELECT_FROM'
    |  +-[FROM] Node: 'from'
    |  |  \-[RANGE] Node: 'RANGE'
    |  |     +-[DOT] Node: '.'
    |  |     |  +-[DOT] Node: '.'
    |  |     |  |  +-[DOT] Node: '.'
    |  |     |  |  |  +-[DOT] Node: '.'
    |  |     |  |  |  |  +-[IDENT] Node: 'org'
    |  |     |  |  |  |  \-[IDENT] Node: 'hibernate'
    |  |     |  |  |  \-[IDENT] Node: 'test'
    |  |     |  |  \-[IDENT] Node: 'querycache'
    |  |     |  \-[IDENT] Node: 'Student'
    |  |     \-[ALIAS] Node: 'st'
    |  \-[SELECT] Node: 'select'
    |     \-[AS] Node: 'as'
    |        +-[DOT] Node: '.'
    |        |  +-[IDENT] Node: 'st'
    |        |  \-[IDENT] Node: 'name'
    |        \-[IDENT] Node: 'studentName'
    \-[ORDER] Node: 'order'
       \-[DOT] Node: '.'
          +-[IDENT] Node: 'st'
          \-[IDENT] Node: 'studentNumber'

14:18:32,928 DEBUG ErrorCounter:82 - throwQueryException() : no errors
14:18:32,929 DEBUG FromElement:157 - FromClause{level=1} : org.hibernate.test.querycache.Student (st) -> student0_
14:18:32,929 DEBUG FromReferenceNode:74 - Resolved : st -> student0_.studentId
14:18:32,929 DEBUG DotNode:599 - getDataType() : name -> org.hibernate.type.ComponentType@61afe90f
14:18:32,929 DEBUG DotNode:588 - Terminal propertyPath = [name]
14:18:32,929 DEBUG FromReferenceNode:74 - Resolved : st.name -> student0_.name_first, student0_.name_middle, student0_.name_last
14:18:32,929 DEBUG FromReferenceNode:74 - Resolved : st -> student0_.studentId
14:18:32,929 DEBUG DotNode:599 - getDataType() : studentNumber -> org.hibernate.type.LongType@4bf3f9d
14:18:32,929 DEBUG FromReferenceNode:74 - Resolved : st.studentNumber -> student0_.studentId
14:18:32,930 DEBUG HqlSqlWalker:629 - processQuery() :  ( SELECT ( {select clause} ( student0_.name_first, student0_.name_middle, student0_.name_last student0_.studentId name ) ) ( FromClause{level=1} Student student0_ ) ( order ( student0_.studentId student0_.studentId studentNumber ) ) )
14:18:32,930 DEBUG JoinProcessor:175 - Using FROM fragment [Student student0_]
14:18:32,930 DEBUG QueryTranslatorImpl:252 - --- SQL AST ---
 \-[SELECT] QueryNode: 'SELECT'  querySpaces (Student)
    +-[SELECT_CLAUSE] SelectClause: '{select clause}'
    |  +-[DOT] DotNode: 'student0_.name_first' {propertyName=name,dereferenceType=2,propertyPath=name,path=st.name,tableAlias=student0_,className=org.hibernate.test.querycache.Student,classAlias=st}
    |  |  +-[ALIAS_REF] IdentNode: 'student0_.studentId' {alias=st, className=org.hibernate.test.querycache.Student, tableAlias=student0_}
    |  |  \-[IDENT] IdentNode: 'name' {originalText=name}
    |  +-[SELECT_COLUMNS] SqlNode: ' as col_0_0_'
    |  +-[SQL_TOKEN] SqlFragment: 'student0_.name_middle'
    |  +-[SELECT_COLUMNS] SqlNode: ' as col_0_1_'
    |  +-[SQL_TOKEN] SqlFragment: 'student0_.name_last'
    |  \-[SELECT_COLUMNS] SqlNode: ' as col_0_2_'
    +-[FROM] FromClause: 'from' FromClause{level=1, fromElementCounter=1, fromElements=1, fromElementByClassAlias=[st], fromElementByTableAlias=[student0_], fromElementsByPath=[], collectionJoinFromElementsByPath=[], impliedElements=[]}
    |  \-[FROM_FRAGMENT] FromElement: 'Student student0_' FromElement{explicit,not a collection join,not a fetch join,fetch non-lazy properties,classAlias=st,role=null,tableName=Student,tableAlias=student0_,origin=null,columns={,className=org.hibernate.test.querycache.Student}}
    \-[ORDER] OrderByClause: 'order'
       \-[DOT] DotNode: 'student0_.studentId' {propertyName=studentNumber,dereferenceType=ALL,propertyPath=studentNumber,path=st.studentNumber,tableAlias=student0_,className=org.hibernate.test.querycache.Student,classAlias=st}
          +-[ALIAS_REF] IdentNode: 'student0_.studentId' {alias=st, className=org.hibernate.test.querycache.Student, tableAlias=student0_}
          \-[IDENT] IdentNode: 'studentNumber' {originalText=studentNumber}

14:18:32,938 DEBUG ErrorCounter:82 - throwQueryException() : no errors
14:18:32,938 DEBUG QueryTranslatorImpl:235 - HQL: select st.name as studentName from org.hibernate.test.querycache.Student st order by st.studentNumber
14:18:32,938 DEBUG QueryTranslatorImpl:236 - SQL: select student0_.name_first as col_0_0_, student0_.name_middle as col_0_1_, student0_.name_last as col_0_2_ from Student student0_ order by student0_.studentId
14:18:32,939 DEBUG ErrorCounter:82 - throwQueryException() : no errors
14:18:32,939 DEBUG BaseGeneralDataRegion:46 - Cache[foo.org.hibernate.cache.internal.StandardQueryCache] lookup : key[sql: select student0_.name_first as col_0_0_, student0_.name_middle as col_0_1_, student0_.name_last as col_0_2_ from Student student0_ order by student0_.studentId; parameters: ; named parameters: {}; transformer: org.hibernate.transform.CacheableResultTransformer@110f2]
14:18:32,939 DEBUG SQL:104 - 
    select
        student0_.name_first as col_0_0_,
        student0_.name_middle as col_0_1_,
        student0_.name_last as col_0_2_ 
    from
        Student student0_ 
    order by
        student0_.studentId
14:18:32,939 DEBUG BaseGeneralDataRegion:59 - Caching[foo.org.hibernate.cache.internal.StandardQueryCache] : [sql: select student0_.name_first as col_0_0_, student0_.name_middle as col_0_1_, student0_.name_last as col_0_2_ from Student student0_ order by student0_.studentId; parameters: ; named parameters: {}; transformer: org.hibernate.transform.CacheableResultTransformer@110f2] -> [[5579090792198144, [Ljava.lang.Object;@1f31df12, [Ljava.lang.Object;@32c26be]]
14:18:32,940 DEBUG BaseGeneralDataRegion:46 - Cache[foo.org.hibernate.cache.internal.StandardQueryCache] lookup : key[sql: select student0_.name_first as col_0_0_, student0_.name_middle as col_0_1_, student0_.name_last as col_0_2_ from Student student0_ order by student0_.studentId; parameters: ; named parameters: {}; transformer: org.hibernate.transform.CacheableResultTransformer@110f2]
14:18:32,940 DEBUG BaseGeneralDataRegion:52 - Cache[foo.org.hibernate.cache.internal.StandardQueryCache] hit: sql: select student0_.name_first as col_0_0_, student0_.name_middle as col_0_1_, student0_.name_last as col_0_2_ from Student student0_ order by student0_.studentId; parameters: ; named parameters: {}; transformer: org.hibernate.transform.CacheableResultTransformer@110f2
14:18:32,940 DEBUG BaseGeneralDataRegion:46 - Cache[foo.org.hibernate.cache.spi.UpdateTimestampsCache] lookup : key[Student]
14:18:32,940 DEBUG BaseGeneralDataRegion:52 - Cache[foo.org.hibernate.cache.spi.UpdateTimestampsCache] hit: Student
14:18:32,940 DEBUG SQL:104 - 
    select
        student_.studentId,
        student_.name_first as name2_4_,
        student_.name_middle as name3_4_,
        student_.name_last as name4_4_,
        student_.preferredCourseCode as preferre5_4_ 
    from
        Student student_ 
    where
        student_.studentId=?
14:18:32,941 DEBUG SQL:104 - 
    select
        enrolment_.studentId,
        enrolment_.courseCode,
        enrolment_.semester as semester3_,
        enrolment_."year" as year4_3_ 
    from
        Enrolment enrolment_ 
    where
        enrolment_.studentId=? 
        and enrolment_.courseCode=?
14:18:32,958 DEBUG SQL:104 - 
    select
        course_.courseCode,
        course_.description as descript2_1_ 
    from
        Course course_ 
    where
        course_.courseCode=?
14:18:32,959 DEBUG SQL:104 - 
    select
        student_.studentId,
        student_.name_first as name2_4_,
        student_.name_middle as name3_4_,
        student_.name_last as name4_4_,
        student_.preferredCourseCode as preferre5_4_ 
    from
        Student student_ 
    where
        student_.studentId=?
14:18:32,959 DEBUG SQL:104 - 
    select
        enrolment_.studentId,
        enrolment_.courseCode,
        enrolment_.semester as semester3_,
        enrolment_."year" as year4_3_ 
    from
        Enrolment enrolment_ 
    where
        enrolment_.studentId=? 
        and enrolment_.courseCode=?
14:18:32,969 DEBUG SQL:104 - 
    select
        coursemeet_.courseCode,
        coursemeet_.day,
        coursemeet_.period,
        coursemeet_.location 
    from
        CourseMeeting coursemeet_ 
    where
        coursemeet_.courseCode=? 
        and coursemeet_.day=? 
        and coursemeet_.period=? 
        and coursemeet_.location=?
14:18:32,969 DEBUG SQL:104 - 
    select
        coursemeet_.courseCode,
        coursemeet_.day,
        coursemeet_.period,
        coursemeet_.location 
    from
        CourseMeeting coursemeet_ 
    where
        coursemeet_.courseCode=? 
        and coursemeet_.day=? 
        and coursemeet_.period=? 
        and coursemeet_.location=?
14:18:32,980 DEBUG BaseGeneralDataRegion:59 - Caching[foo.org.hibernate.cache.spi.UpdateTimestampsCache] : [Enrolment] -> [5579091038126080]
14:18:32,981 DEBUG SQL:104 - 
    update
        Address 
    set
        studentNumber=null,
        addressType=null 
    where
        studentNumber=?
14:18:32,981 DEBUG BaseGeneralDataRegion:59 - Caching[foo.org.hibernate.cache.spi.UpdateTimestampsCache] : [Address] -> [5579091038130176]
14:18:32,981 DEBUG SQL:104 - 
    delete 
    from
        Student_secretCodes 
    where
        studentNumber=?
14:18:32,981 DEBUG BaseGeneralDataRegion:59 - Caching[foo.org.hibernate.cache.spi.UpdateTimestampsCache] : [Student_secretCodes] -> [5579091038130177]
14:18:32,981 DEBUG BaseGeneralDataRegion:59 - Caching[foo.org.hibernate.cache.spi.UpdateTimestampsCache] : [Enrolment] -> [5579091038130178]
14:18:32,982 DEBUG BaseGeneralDataRegion:59 - Caching[foo.org.hibernate.cache.spi.UpdateTimestampsCache] : [Address] -> [5579091038130179]
14:18:32,982 DEBUG SQL:104 - 
    delete 
    from
        Student_secretCodes 
    where
        studentNumber=?
14:18:32,990 DEBUG BaseGeneralDataRegion:59 - Caching[foo.org.hibernate.cache.spi.UpdateTimestampsCache] : [Student_secretCodes] -> [5579091038167040]
14:18:32,990 DEBUG BaseGeneralDataRegion:59 - Caching[foo.org.hibernate.cache.spi.UpdateTimestampsCache] : [CourseMeeting] -> [5579091038167041]
14:18:32,991 DEBUG SQL:104 - 
    delete 
    from
        Enrolment 
    where
        studentId=? 
        and courseCode=?
14:18:32,991 DEBUG BaseGeneralDataRegion:59 - Caching[foo.org.hibernate.cache.spi.UpdateTimestampsCache] : [Enrolment] -> [5579091038171136]
14:18:32,991 DEBUG SQL:104 - 
    delete 
    from
        Address 
    where
        id=?
14:18:32,991 DEBUG BaseGeneralDataRegion:59 - Caching[foo.org.hibernate.cache.spi.UpdateTimestampsCache] : [Address] -> [5579091038171137]
14:18:32,991 DEBUG SQL:104 - 
    delete 
    from
        Address 
    where
        id=?
14:18:32,991 DEBUG BaseGeneralDataRegion:59 - Caching[foo.org.hibernate.cache.spi.UpdateTimestampsCache] : [Address] -> [5579091038171138]
14:18:32,991 DEBUG SQL:104 - 
    delete 
    from
        Student 
    where
        studentId=?
14:18:33,001 DEBUG BaseGeneralDataRegion:59 - Caching[foo.org.hibernate.cache.spi.UpdateTimestampsCache] : [Student] -> [5579091038212096]
14:18:33,001 DEBUG SQL:104 - 
    delete 
    from
        Enrolment 
    where
        studentId=? 
        and courseCode=?
14:18:33,001 DEBUG BaseGeneralDataRegion:59 - Caching[foo.org.hibernate.cache.spi.UpdateTimestampsCache] : [Enrolment] -> [5579091038212097]
14:18:33,001 DEBUG SQL:104 - 
    delete 
    from
        Student 
    where
        studentId=?
14:18:33,001 DEBUG BaseGeneralDataRegion:59 - Caching[foo.org.hibernate.cache.spi.UpdateTimestampsCache] : [Student] -> [5579091038212098]
14:18:33,002 DEBUG SQL:104 - 
    delete 
    from
        CourseMeeting 
    where
        courseCode=? 
        and day=? 
        and period=? 
        and location=?
14:18:33,002 DEBUG BaseGeneralDataRegion:59 - Caching[foo.org.hibernate.cache.spi.UpdateTimestampsCache] : [CourseMeeting] -> [5579091038216192]
14:18:33,002 DEBUG SQL:104 - 
    delete 
    from
        CourseMeeting 
    where
        courseCode=? 
        and day=? 
        and period=? 
        and location=?
14:18:33,011 DEBUG BaseGeneralDataRegion:59 - Caching[foo.org.hibernate.cache.spi.UpdateTimestampsCache] : [CourseMeeting] -> [5579091038253056]
14:18:33,011 DEBUG SQL:104 - 
    delete 
    from
        Course 
    where
        courseCode=?
14:18:33,011 DEBUG BaseGeneralDataRegion:59 - Caching[foo.org.hibernate.cache.spi.UpdateTimestampsCache] : [Course] -> [5579091038253057]
14:18:33,011 DEBUG BaseGeneralDataRegion:59 - Caching[foo.org.hibernate.cache.spi.UpdateTimestampsCache] : [Student] -> [5579090792493058]
14:18:33,011 DEBUG BaseGeneralDataRegion:59 - Caching[foo.org.hibernate.cache.spi.UpdateTimestampsCache] : [Course] -> [5579090792493058]
14:18:33,011 DEBUG BaseGeneralDataRegion:59 - Caching[foo.org.hibernate.cache.spi.UpdateTimestampsCache] : [Enrolment] -> [5579090792493058]
14:18:33,012 DEBUG BaseGeneralDataRegion:59 - Caching[foo.org.hibernate.cache.spi.UpdateTimestampsCache] : [Student_secretCodes] -> [5579090792493058]
14:18:33,012 DEBUG BaseGeneralDataRegion:59 - Caching[foo.org.hibernate.cache.spi.UpdateTimestampsCache] : [Address] -> [5579090792493058]
14:18:33,012 DEBUG BaseGeneralDataRegion:59 - Caching[foo.org.hibernate.cache.spi.UpdateTimestampsCache] : [CourseMeeting] -> [5579090792493058]
14:18:33,012  INFO CustomRunner:139 - Test: testAliasToBeanDtoWithNullAliasList
14:18:33,013 DEBUG SQL:104 - 
    select
        coursemeet_.courseCode,
        coursemeet_.day,
        coursemeet_.period,
        coursemeet_.location 
    from
        CourseMeeting coursemeet_ 
    where
        coursemeet_.courseCode=? 
        and coursemeet_.day=? 
        and coursemeet_.period=? 
        and coursemeet_.location=?
14:18:33,021 DEBUG SQL:104 - 
    select
        coursemeet_.courseCode,
        coursemeet_.day,
        coursemeet_.period,
        coursemeet_.location 
    from
        CourseMeeting coursemeet_ 
    where
        coursemeet_.courseCode=? 
        and coursemeet_.day=? 
        and coursemeet_.period=? 
        and coursemeet_.location=?
14:18:33,022 DEBUG SQL:104 - 
    insert 
    into
        Course
        (description, courseCode) 
    values
        (?, ?)
14:18:33,023 DEBUG BaseGeneralDataRegion:59 - Caching[foo.org.hibernate.cache.spi.UpdateTimestampsCache] : [Course] -> [5579091038302208]
14:18:33,023 DEBUG SQL:104 - 
    insert 
    into
        CourseMeeting
        (courseCode, day, period, location) 
    values
        (?, ?, ?, ?)
14:18:33,031 DEBUG BaseGeneralDataRegion:59 - Caching[foo.org.hibernate.cache.spi.UpdateTimestampsCache] : [CourseMeeting] -> [5579091038334976]
14:18:33,031 DEBUG SQL:104 - 
    insert 
    into
        CourseMeeting
        (courseCode, day, period, location) 
    values
        (?, ?, ?, ?)
14:18:33,032 DEBUG BaseGeneralDataRegion:59 - Caching[foo.org.hibernate.cache.spi.UpdateTimestampsCache] : [CourseMeeting] -> [5579091038339072]
14:18:33,032 DEBUG SQL:104 - 
    insert 
    into
        Student
        (name_first, name_middle, name_last, preferredCourseCode, studentId) 
    values
        (?, ?, ?, ?, ?)
14:18:33,032 DEBUG BaseGeneralDataRegion:59 - Caching[foo.org.hibernate.cache.spi.UpdateTimestampsCache] : [Student] -> [5579091038339073]
14:18:33,032 DEBUG SQL:104 - 
    insert 
    into
        Address
        (addressType, street, city, stateProvince, postalCode, country, studentNumber, id) 
    values
        (?, ?, ?, ?, ?, ?, ?, ?)
14:18:33,032 DEBUG BaseGeneralDataRegion:59 - Caching[foo.org.hibernate.cache.spi.UpdateTimestampsCache] : [Address] -> [5579091038339074]
14:18:33,032 DEBUG SQL:104 - 
    insert 
    into
        Address
        (addressType, street, city, stateProvince, postalCode, country, studentNumber, id) 
    values
        (?, ?, ?, ?, ?, ?, ?, ?)
14:18:33,041 DEBUG BaseGeneralDataRegion:59 - Caching[foo.org.hibernate.cache.spi.UpdateTimestampsCache] : [Address] -> [5579091038375936]
14:18:33,041 DEBUG SQL:104 - 
    insert 
    into
        Student
        (name_first, name_middle, name_last, preferredCourseCode, studentId) 
    values
        (?, ?, ?, ?, ?)
14:18:33,041 DEBUG BaseGeneralDataRegion:59 - Caching[foo.org.hibernate.cache.spi.UpdateTimestampsCache] : [Student] -> [5579091038375937]
14:18:33,042 DEBUG SQL:104 - 
    insert 
    into
        Enrolment
        (semester, "year", studentId, courseCode) 
    values
        (?, ?, ?, ?)
14:18:33,042 DEBUG BaseGeneralDataRegion:59 - Caching[foo.org.hibernate.cache.spi.UpdateTimestampsCache] : [Enrolment] -> [5579091038380032]
14:18:33,042 DEBUG SQL:104 - 
    insert 
    into
        Enrolment
        (semester, "year", studentId, courseCode) 
    values
        (?, ?, ?, ?)
14:18:33,042 DEBUG BaseGeneralDataRegion:59 - Caching[foo.org.hibernate.cache.spi.UpdateTimestampsCache] : [Enrolment] -> [5579091038380033]
14:18:33,042 DEBUG BaseGeneralDataRegion:59 - Caching[foo.org.hibernate.cache.spi.UpdateTimestampsCache] : [CourseMeeting] -> [5579091038380034]
14:18:33,042 DEBUG BaseGeneralDataRegion:59 - Caching[foo.org.hibernate.cache.spi.UpdateTimestampsCache] : [Enrolment] -> [5579091038380035]
14:18:33,042 DEBUG SQL:104 - 
    update
        Address 
    set
        studentNumber=?,
        addressType=? 
    where
        id=?
14:18:33,043 DEBUG SQL:104 - 
    update
        Address 
    set
        studentNumber=?,
        addressType=? 
    where
        id=?
14:18:33,043 DEBUG BaseGeneralDataRegion:59 - Caching[foo.org.hibernate.cache.spi.UpdateTimestampsCache] : [Address] -> [5579091038384128]
14:18:33,043 DEBUG SQL:104 - 
    insert 
    into
        Student_secretCodes
        (studentNumber, i, secretCode) 
    values
        (?, ?, ?)
14:18:33,043 DEBUG BaseGeneralDataRegion:59 - Caching[foo.org.hibernate.cache.spi.UpdateTimestampsCache] : [Student_secretCodes] -> [5579091038384129]
14:18:33,043 DEBUG BaseGeneralDataRegion:59 - Caching[foo.org.hibernate.cache.spi.UpdateTimestampsCache] : [Enrolment] -> [5579091038384130]
14:18:33,043 DEBUG BaseGeneralDataRegion:59 - Caching[foo.org.hibernate.cache.spi.UpdateTimestampsCache] : [Address] -> [5579091038384131]
14:18:33,055 DEBUG SQL:104 - 
    insert 
    into
        Student_secretCodes
        (studentNumber, i, secretCode) 
    values
        (?, ?, ?)
14:18:33,056 DEBUG SQL:104 - 
    insert 
    into
        Student_secretCodes
        (studentNumber, i, secretCode) 
    values
        (?, ?, ?)
14:18:33,056 DEBUG BaseGeneralDataRegion:59 - Caching[foo.org.hibernate.cache.spi.UpdateTimestampsCache] : [Student_secretCodes] -> [5579091038437376]
14:18:33,056 DEBUG BaseGeneralDataRegion:59 - Caching[foo.org.hibernate.cache.spi.UpdateTimestampsCache] : [Student] -> [5579090792677377]
14:18:33,056 DEBUG BaseGeneralDataRegion:59 - Caching[foo.org.hibernate.cache.spi.UpdateTimestampsCache] : [Course] -> [5579090792677377]
14:18:33,056 DEBUG BaseGeneralDataRegion:59 - Caching[foo.org.hibernate.cache.spi.UpdateTimestampsCache] : [Enrolment] -> [5579090792677377]
14:18:33,056 DEBUG BaseGeneralDataRegion:59 - Caching[foo.org.hibernate.cache.spi.UpdateTimestampsCache] : [Student_secretCodes] -> [5579090792677377]
14:18:33,056 DEBUG BaseGeneralDataRegion:59 - Caching[foo.org.hibernate.cache.spi.UpdateTimestampsCache] : [Address] -> [5579090792677377]
14:18:33,057 DEBUG BaseGeneralDataRegion:59 - Caching[foo.org.hibernate.cache.spi.UpdateTimestampsCache] : [CourseMeeting] -> [5579090792677377]
14:18:33,057 DEBUG BaseGeneralDataRegion:46 - Cache[foo.org.hibernate.cache.internal.StandardQueryCache] lookup : key[sql: select student1_.name_first as col_0_0_, student1_.name_middle as col_0_1_, student1_.name_last as col_0_2_, course2_.description as col_1_0_ from Enrolment enrolment0_ inner join Student student1_ on enrolment0_.studentId=student1_.studentId inner join Course course2_ on enrolment0_.courseCode=course2_.courseCode order by enrolment0_.studentId; parameters: ; named parameters: {}; transformer: org.hibernate.transform.CacheableResultTransformer@1406bf]
14:18:33,057 DEBUG BaseGeneralDataRegion:52 - Cache[foo.org.hibernate.cache.internal.StandardQueryCache] hit: sql: select student1_.name_first as col_0_0_, student1_.name_middle as col_0_1_, student1_.name_last as col_0_2_, course2_.description as col_1_0_ from Enrolment enrolment0_ inner join Student student1_ on enrolment0_.studentId=student1_.studentId inner join Course course2_ on enrolment0_.courseCode=course2_.courseCode order by enrolment0_.studentId; parameters: ; named parameters: {}; transformer: org.hibernate.transform.CacheableResultTransformer@1406bf
14:18:33,057 DEBUG BaseGeneralDataRegion:46 - Cache[foo.org.hibernate.cache.spi.UpdateTimestampsCache] lookup : key[Student]
14:18:33,057 DEBUG BaseGeneralDataRegion:52 - Cache[foo.org.hibernate.cache.spi.UpdateTimestampsCache] hit: Student
14:18:33,057 DEBUG SQL:104 - 
    select
        student1_.name_first as col_0_0_,
        student1_.name_middle as col_0_1_,
        student1_.name_last as col_0_2_,
        course2_.description as col_1_0_ 
    from
        Enrolment enrolment0_ 
    inner join
        Student student1_ 
            on enrolment0_.studentId=student1_.studentId 
    inner join
        Course course2_ 
            on enrolment0_.courseCode=course2_.courseCode 
    order by
        enrolment0_.studentId
14:18:33,071 DEBUG BaseGeneralDataRegion:59 - Caching[foo.org.hibernate.cache.internal.StandardQueryCache] : [sql: select student1_.name_first as col_0_0_, student1_.name_middle as col_0_1_, student1_.name_last as col_0_2_, course2_.description as col_1_0_ from Enrolment enrolment0_ inner join Student student1_ on enrolment0_.studentId=student1_.studentId inner join Course course2_ on enrolment0_.courseCode=course2_.courseCode order by enrolment0_.studentId; parameters: ; named parameters: {}; transformer: org.hibernate.transform.CacheableResultTransformer@1406bf] -> [[5579090792738816, [Ljava.io.Serializable;@185c9bac, [Ljava.io.Serializable;@67f045b2]]
14:18:33,072 DEBUG BaseGeneralDataRegion:46 - Cache[foo.org.hibernate.cache.internal.StandardQueryCache] lookup : key[sql: select student1_.name_first as col_0_0_, student1_.name_middle as col_0_1_, student1_.name_last as col_0_2_, course2_.description as col_1_0_ from Enrolment enrolment0_ inner join Student student1_ on enrolment0_.studentId=student1_.studentId inner join Course course2_ on enrolment0_.courseCode=course2_.courseCode order by enrolment0_.studentId; parameters: ; named parameters: {}; transformer: org.hibernate.transform.CacheableResultTransformer@1406bf]
14:18:33,072 DEBUG BaseGeneralDataRegion:52 - Cache[foo.org.hibernate.cache.internal.StandardQueryCache] hit: sql: select student1_.name_first as col_0_0_, student1_.name_middle as col_0_1_, student1_.name_last as col_0_2_, course2_.description as col_1_0_ from Enrolment enrolment0_ inner join Student student1_ on enrolment0_.studentId=student1_.studentId inner join Course course2_ on enrolment0_.courseCode=course2_.courseCode order by enrolment0_.studentId; parameters: ; named parameters: {}; transformer: org.hibernate.transform.CacheableResultTransformer@1406bf
14:18:33,072 DEBUG BaseGeneralDataRegion:46 - Cache[foo.org.hibernate.cache.spi.UpdateTimestampsCache] lookup : key[Student]
14:18:33,072 DEBUG BaseGeneralDataRegion:52 - Cache[foo.org.hibernate.cache.spi.UpdateTimestampsCache] hit: Student
14:18:33,072 DEBUG BaseGeneralDataRegion:46 - Cache[foo.org.hibernate.cache.spi.UpdateTimestampsCache] lookup : key[Course]
14:18:33,072 DEBUG BaseGeneralDataRegion:52 - Cache[foo.org.hibernate.cache.spi.UpdateTimestampsCache] hit: Course
14:18:33,072 DEBUG BaseGeneralDataRegion:46 - Cache[foo.org.hibernate.cache.spi.UpdateTimestampsCache] lookup : key[Enrolment]
14:18:33,073 DEBUG BaseGeneralDataRegion:52 - Cache[foo.org.hibernate.cache.spi.UpdateTimestampsCache] hit: Enrolment
14:18:33,073 DEBUG SQL:104 - 
    select
        student_.studentId,
        student_.name_first as name2_4_,
        student_.name_middle as name3_4_,
        student_.name_last as name4_4_,
        student_.preferredCourseCode as preferre5_4_ 
    from
        Student student_ 
    where
        student_.studentId=?
14:18:33,073 DEBUG SQL:104 - 
    select
        enrolment_.studentId,
        enrolment_.courseCode,
        enrolment_.semester as semester3_,
        enrolment_."year" as year4_3_ 
    from
        Enrolment enrolment_ 
    where
        enrolment_.studentId=? 
        and enrolment_.courseCode=?
14:18:33,093 DEBUG SQL:104 - 
    select
        course_.courseCode,
        course_.description as descript2_1_ 
    from
        Course course_ 
    where
        course_.courseCode=?
14:18:33,094 DEBUG SQL:104 - 
    select
        student_.studentId,
        student_.name_first as name2_4_,
        student_.name_middle as name3_4_,
        student_.name_last as name4_4_,
        student_.preferredCourseCode as preferre5_4_ 
    from
        Student student_ 
    where
        student_.studentId=?
14:18:33,094 DEBUG SQL:104 - 
    select
        enrolment_.studentId,
        enrolment_.courseCode,
        enrolment_.semester as semester3_,
        enrolment_."year" as year4_3_ 
    from
        Enrolment enrolment_ 
    where
        enrolment_.studentId=? 
        and enrolment_.courseCode=?
14:18:33,103 DEBUG SQL:104 - 
    select
        coursemeet_.courseCode,
        coursemeet_.day,
        coursemeet_.period,
        coursemeet_.location 
    from
        CourseMeeting coursemeet_ 
    where
        coursemeet_.courseCode=? 
        and coursemeet_.day=? 
        and coursemeet_.period=? 
        and coursemeet_.location=?
14:18:33,103 DEBUG SQL:104 - 
    select
        coursemeet_.courseCode,
        coursemeet_.day,
        coursemeet_.period,
        coursemeet_.location 
    from
        CourseMeeting coursemeet_ 
    where
        coursemeet_.courseCode=? 
        and coursemeet_.day=? 
        and coursemeet_.period=? 
        and coursemeet_.location=?
14:18:33,112 DEBUG BaseGeneralDataRegion:59 - Caching[foo.org.hibernate.cache.spi.UpdateTimestampsCache] : [Enrolment] -> [5579091038666752]
14:18:33,113 DEBUG SQL:104 - 
    update
        Address 
    set
        studentNumber=null,
        addressType=null 
    where
        studentNumber=?
14:18:33,113 DEBUG BaseGeneralDataRegion:59 - Caching[foo.org.hibernate.cache.spi.UpdateTimestampsCache] : [Address] -> [5579091038670848]
14:18:33,113 DEBUG SQL:104 - 
    delete 
    from
        Student_secretCodes 
    where
        studentNumber=?
14:18:33,113 DEBUG BaseGeneralDataRegion:59 - Caching[foo.org.hibernate.cache.spi.UpdateTimestampsCache] : [Student_secretCodes] -> [5579091038670849]
14:18:33,113 DEBUG BaseGeneralDataRegion:59 - Caching[foo.org.hibernate.cache.spi.UpdateTimestampsCache] : [Enrolment] -> [5579091038670850]
14:18:33,114 DEBUG BaseGeneralDataRegion:59 - Caching[foo.org.hibernate.cache.spi.UpdateTimestampsCache] : [Address] -> [5579091038674944]
14:18:33,114 DEBUG SQL:104 - 
    delete 
    from
        Student_secretCodes 
    where
        studentNumber=?
14:18:33,114 DEBUG BaseGeneralDataRegion:59 - Caching[foo.org.hibernate.cache.spi.UpdateTimestampsCache] : [Student_secretCodes] -> [5579091038674945]
14:18:33,114 DEBUG BaseGeneralDataRegion:59 - Caching[foo.org.hibernate.cache.spi.UpdateTimestampsCache] : [CourseMeeting] -> [5579091038674946]
14:18:33,114 DEBUG SQL:104 - 
    delete 
    from
        Enrolment 
    where
        studentId=? 
        and courseCode=?
14:18:33,124 DEBUG BaseGeneralDataRegion:59 - Caching[foo.org.hibernate.cache.spi.UpdateTimestampsCache] : [Enrolment] -> [5579091038711808]
14:18:33,124 DEBUG SQL:104 - 
    delete 
    from
        Address 
    where
        id=?
14:18:33,124 DEBUG BaseGeneralDataRegion:59 - Caching[foo.org.hibernate.cache.spi.UpdateTimestampsCache] : [Address] -> [5579091038715904]
14:18:33,124 DEBUG SQL:104 - 
    delete 
    from
        Address 
    where
        id=?
14:18:33,124 DEBUG BaseGeneralDataRegion:59 - Caching[foo.org.hibernate.cache.spi.UpdateTimestampsCache] : [Address] -> [5579091038715905]
14:18:33,124 DEBUG SQL:104 - 
    delete 
    from
        Student 
    where
        studentId=?
14:18:33,125 DEBUG BaseGeneralDataRegion:59 - Caching[foo.org.hibernate.cache.spi.UpdateTimestampsCache] : [Student] -> [5579091038720000]
14:18:33,125 DEBUG SQL:104 - 
    delete 
    from
        Enrolment 
    where
        studentId=? 
        and courseCode=?
14:18:33,134 DEBUG BaseGeneralDataRegion:59 - Caching[foo.org.hibernate.cache.spi.UpdateTimestampsCache] : [Enrolment] -> [5579091038756864]
14:18:33,134 DEBUG SQL:104 - 
    delete 
    from
        Student 
    where
        studentId=?
14:18:33,134 DEBUG BaseGeneralDataRegion:59 - Caching[foo.org.hibernate.cache.spi.UpdateTimestampsCache] : [Student] -> [5579091038756865]
14:18:33,135 DEBUG SQL:104 - 
    delete 
    from
        CourseMeeting 
    where
        courseCode=? 
        and day=? 
        and period=? 
        and location=?
14:18:33,135 DEBUG BaseGeneralDataRegion:59 - Caching[foo.org.hibernate.cache.spi.UpdateTimestampsCache] : [CourseMeeting] -> [5579091038760960]
14:18:33,135 DEBUG SQL:104 - 
    delete 
    from
        CourseMeeting 
    where
        courseCode=? 
        and day=? 
        and period=? 
        and location=?
14:18:33,144 DEBUG BaseGeneralDataRegion:59 - Caching[foo.org.hibernate.cache.spi.UpdateTimestampsCache] : [CourseMeeting] -> [5579091038797824]
14:18:33,145 DEBUG SQL:104 - 
    delete 
    from
        Course 
    where
        courseCode=?
14:18:33,145 DEBUG BaseGeneralDataRegion:59 - Caching[foo.org.hibernate.cache.spi.UpdateTimestampsCache] : [Course] -> [5579091038801920]
14:18:33,145 DEBUG BaseGeneralDataRegion:59 - Caching[foo.org.hibernate.cache.spi.UpdateTimestampsCache] : [Student] -> [5579090793041921]
14:18:33,145 DEBUG BaseGeneralDataRegion:59 - Caching[foo.org.hibernate.cache.spi.UpdateTimestampsCache] : [Course] -> [5579090793041921]
14:18:33,145 DEBUG BaseGeneralDataRegion:59 - Caching[foo.org.hibernate.cache.spi.UpdateTimestampsCache] : [Enrolment] -> [5579090793041921]
14:18:33,145 DEBUG BaseGeneralDataRegion:59 - Caching[foo.org.hibernate.cache.spi.UpdateTimestampsCache] : [Student_secretCodes] -> [5579090793041921]
14:18:33,145 DEBUG BaseGeneralDataRegion:59 - Caching[foo.org.hibernate.cache.spi.UpdateTimestampsCache] : [Address] -> [5579090793041921]
14:18:33,145 DEBUG BaseGeneralDataRegion:59 - Caching[foo.org.hibernate.cache.spi.UpdateTimestampsCache] : [CourseMeeting] -> [5579090793041921]
14:18:33,146  INFO CustomRunner:139 - Test: testAliasToEntityMapMultiAggregatedPropProjectionSingleResult
14:18:33,147 DEBUG SQL:104 - 
    select
        coursemeet_.courseCode,
        coursemeet_.day,
        coursemeet_.period,
        coursemeet_.location 
    from
        CourseMeeting coursemeet_ 
    where
        coursemeet_.courseCode=? 
        and coursemeet_.day=? 
        and coursemeet_.period=? 
        and coursemeet_.location=?
14:18:33,181 DEBUG SQL:104 - 
    select
        coursemeet_.courseCode,
        coursemeet_.day,
        coursemeet_.period,
        coursemeet_.location 
    from
        CourseMeeting coursemeet_ 
    where
        coursemeet_.courseCode=? 
        and coursemeet_.day=? 
        and coursemeet_.period=? 
        and coursemeet_.location=?
14:18:33,182 DEBUG SQL:104 - 
    insert 
    into
        Course
        (description, courseCode) 
    values
        (?, ?)
14:18:33,182 DEBUG BaseGeneralDataRegion:59 - Caching[foo.org.hibernate.cache.spi.UpdateTimestampsCache] : [Course] -> [5579091038953472]
14:18:33,182 DEBUG SQL:104 - 
    insert 
    into
        CourseMeeting
        (courseCode, day, period, location) 
    values
        (?, ?, ?, ?)
14:18:33,183 DEBUG BaseGeneralDataRegion:59 - Caching[foo.org.hibernate.cache.spi.UpdateTimestampsCache] : [CourseMeeting] -> [5579091038957568]
14:18:33,183 DEBUG SQL:104 - 
    insert 
    into
        CourseMeeting
        (courseCode, day, period, location) 
    values
        (?, ?, ?, ?)
14:18:33,183 DEBUG BaseGeneralDataRegion:59 - Caching[foo.org.hibernate.cache.spi.UpdateTimestampsCache] : [CourseMeeting] -> [5579091038957569]
14:18:33,183 DEBUG SQL:104 - 
    insert 
    into
        Student
        (name_first, name_middle, name_last, preferredCourseCode, studentId) 
    values
        (?, ?, ?, ?, ?)
14:18:33,183 DEBUG BaseGeneralDataRegion:59 - Caching[foo.org.hibernate.cache.spi.UpdateTimestampsCache] : [Student] -> [5579091038957570]
14:18:33,183 DEBUG SQL:104 - 
    insert 
    into
        Address
        (addressType, street, city, stateProvince, postalCode, country, studentNumber, id) 
    values
        (?, ?, ?, ?, ?, ?, ?, ?)
14:18:33,184 DEBUG BaseGeneralDataRegion:59 - Caching[foo.org.hibernate.cache.spi.UpdateTimestampsCache] : [Address] -> [5579091038957571]
14:18:33,184 DEBUG SQL:104 - 
    insert 
    into
        Address
        (addressType, street, city, stateProvince, postalCode, country, studentNumber, id) 
    values
        (?, ?, ?, ?, ?, ?, ?, ?)
14:18:33,184 DEBUG BaseGeneralDataRegion:59 - Caching[foo.org.hibernate.cache.spi.UpdateTimestampsCache] : [Address] -> [5579091038961664]
14:18:33,184 DEBUG SQL:104 - 
    insert 
    into
        Student
        (name_first, name_middle, name_last, preferredCourseCode, studentId) 
    values
        (?, ?, ?, ?, ?)
14:18:33,184 DEBUG BaseGeneralDataRegion:59 - Caching[foo.org.hibernate.cache.spi.UpdateTimestampsCache] : [Student] -> [5579091038961665]
14:18:33,184 DEBUG SQL:104 - 
    insert 
    into
        Enrolment
        (semester, "year", studentId, courseCode) 
    values
        (?, ?, ?, ?)
14:18:33,184 DEBUG BaseGeneralDataRegion:59 - Caching[foo.org.hibernate.cache.spi.UpdateTimestampsCache] : [Enrolment] -> [5579091038961666]
14:18:33,184 DEBUG SQL:104 - 
    insert 
    into
        Enrolment
        (semester, "year", studentId, courseCode) 
    values
        (?, ?, ?, ?)
14:18:33,185 DEBUG BaseGeneralDataRegion:59 - Caching[foo.org.hibernate.cache.spi.UpdateTimestampsCache] : [Enrolment] -> [5579091038965760]
14:18:33,185 DEBUG BaseGeneralDataRegion:59 - Caching[foo.org.hibernate.cache.spi.UpdateTimestampsCache] : [CourseMeeting] -> [5579091038965761]
14:18:33,185 DEBUG BaseGeneralDataRegion:59 - Caching[foo.org.hibernate.cache.spi.UpdateTimestampsCache] : [Enrolment] -> [5579091038965762]
14:18:33,185 DEBUG SQL:104 - 
    update
        Address 
    set
        studentNumber=?,
        addressType=? 
    where
        id=?
14:18:33,185 DEBUG SQL:104 - 
    update
        Address 
    set
        studentNumber=?,
        addressType=? 
    where
        id=?
14:18:33,185 DEBUG BaseGeneralDataRegion:59 - Caching[foo.org.hibernate.cache.spi.UpdateTimestampsCache] : [Address] -> [5579091038965763]
14:18:33,185 DEBUG SQL:104 - 
    insert 
    into
        Student_secretCodes
        (studentNumber, i, secretCode) 
    values
        (?, ?, ?)
14:18:33,186 DEBUG BaseGeneralDataRegion:59 - Caching[foo.org.hibernate.cache.spi.UpdateTimestampsCache] : [Student_secretCodes] -> [5579091038969856]
14:18:33,186 DEBUG BaseGeneralDataRegion:59 - Caching[foo.org.hibernate.cache.spi.UpdateTimestampsCache] : [Enrolment] -> [5579091038969857]
14:18:33,186 DEBUG BaseGeneralDataRegion:59 - Caching[foo.org.hibernate.cache.spi.UpdateTimestampsCache] : [Address] -> [5579091038969858]
14:18:33,186 DEBUG SQL:104 - 
    insert 
    into
        Student_secretCodes
        (studentNumber, i, secretCode) 
    values
        (?, ?, ?)
14:18:33,190 DEBUG SQL:104 - 
    insert 
    into
        Student_secretCodes
        (studentNumber, i, secretCode) 
    values
        (?, ?, ?)
14:18:33,190 DEBUG BaseGeneralDataRegion:59 - Caching[foo.org.hibernate.cache.spi.UpdateTimestampsCache] : [Student_secretCodes] -> [5579091038986240]
14:18:33,191 DEBUG BaseGeneralDataRegion:59 - Caching[foo.org.hibernate.cache.spi.UpdateTimestampsCache] : [Student] -> [5579090793230336]
14:18:33,191 DEBUG BaseGeneralDataRegion:59 - Caching[foo.org.hibernate.cache.spi.UpdateTimestampsCache] : [Course] -> [5579090793230336]
14:18:33,191 DEBUG BaseGeneralDataRegion:59 - Caching[foo.org.hibernate.cache.spi.UpdateTimestampsCache] : [Enrolment] -> [5579090793230336]
14:18:33,191 DEBUG BaseGeneralDataRegion:59 - Caching[foo.org.hibernate.cache.spi.UpdateTimestampsCache] : [Student_secretCodes] -> [5579090793230336]
14:18:33,191 DEBUG BaseGeneralDataRegion:59 - Caching[foo.org.hibernate.cache.spi.UpdateTimestampsCache] : [Address] -> [5579090793230336]
14:18:33,191 DEBUG BaseGeneralDataRegion:59 - Caching[foo.org.hibernate.cache.spi.UpdateTimestampsCache] : [CourseMeeting] -> [5579090793230336]
14:18:33,191 DEBUG QueryTranslatorImpl:265 - parse() - HQL: select min( e.studentNumber ) as minStudentNumber, max( e.studentNumber ) as maxStudentNumber from org.hibernate.test.querycache.Enrolment e
14:18:33,193 DEBUG QueryTranslatorImpl:283 - --- HQL AST ---
 \-[QUERY] Node: 'query'
    \-[SELECT_FROM] Node: 'SELECT_FROM'
       +-[FROM] Node: 'from'
       |  \-[RANGE] Node: 'RANGE'
       |     +-[DOT] Node: '.'
       |     |  +-[DOT] Node: '.'
       |     |  |  +-[DOT] Node: '.'
       |     |  |  |  +-[DOT] Node: '.'
       |     |  |  |  |  +-[IDENT] Node: 'org'
       |     |  |  |  |  \-[IDENT] Node: 'hibernate'
       |     |  |  |  \-[IDENT] Node: 'test'
       |     |  |  \-[IDENT] Node: 'querycache'
       |     |  \-[IDENT] Node: 'Enrolment'
       |     \-[ALIAS] Node: 'e'
       \-[SELECT] Node: 'select'
          +-[AS] Node: 'as'
          |  +-[AGGREGATE] Node: 'min'
          |  |  \-[DOT] Node: '.'
          |  |     +-[IDENT] Node: 'e'
          |  |     \-[IDENT] Node: 'studentNumber'
          |  \-[IDENT] Node: 'minStudentNumber'
          \-[AS] Node: 'as'
             +-[AGGREGATE] Node: 'max'
             |  \-[DOT] Node: '.'
             |     +-[IDENT] Node: 'e'
             |     \-[IDENT] Node: 'studentNumber'
             \-[IDENT] Node: 'maxStudentNumber'

14:18:33,215 DEBUG ErrorCounter:82 - throwQueryException() : no errors
14:18:33,216 DEBUG FromElement:157 - FromClause{level=1} : org.hibernate.test.querycache.Enrolment (e) -> enrolment0_
14:18:33,216 DEBUG FromReferenceNode:74 - Resolved : e -> (enrolment0_.studentId, enrolment0_.courseCode)
14:18:33,216 DEBUG DotNode:599 - getDataType() : studentNumber -> org.hibernate.type.LongType@4bf3f9d
14:18:33,216 DEBUG FromReferenceNode:74 - Resolved : e.studentNumber -> enrolment0_.studentId
14:18:33,216 DEBUG FromReferenceNode:74 - Resolved : e -> (enrolment0_.studentId, enrolment0_.courseCode)
14:18:33,216 DEBUG DotNode:599 - getDataType() : studentNumber -> org.hibernate.type.LongType@4bf3f9d
14:18:33,216 DEBUG FromReferenceNode:74 - Resolved : e.studentNumber -> enrolment0_.studentId
14:18:33,217 DEBUG HqlSqlWalker:629 - processQuery() :  ( SELECT ( {select clause} ( min ( enrolment0_.studentId (enrolment0_.studentId, enrolment0_.courseCode) studentNumber ) ) ( max ( enrolment0_.studentId (enrolment0_.studentId, enrolment0_.courseCode) studentNumber ) ) ) ( FromClause{level=1} Enrolment enrolment0_ ) )
14:18:33,217 DEBUG JoinProcessor:175 - Using FROM fragment [Enrolment enrolment0_]
14:18:33,217 DEBUG QueryTranslatorImpl:252 - --- SQL AST ---
 \-[SELECT] QueryNode: 'SELECT'  querySpaces (Enrolment)
    +-[SELECT_CLAUSE] SelectClause: '{select clause}'
    |  +-[AGGREGATE] AggregateNode: 'min'
    |  |  \-[DOT] DotNode: 'enrolment0_.studentId' {propertyName=studentNumber,dereferenceType=ALL,propertyPath=studentNumber,path=e.studentNumber,tableAlias=enrolment0_,className=org.hibernate.test.querycache.Enrolment,classAlias=e}
    |  |     +-[ALIAS_REF] IdentNode: '(enrolment0_.studentId, enrolment0_.courseCode)' {alias=e, className=org.hibernate.test.querycache.Enrolment, tableAlias=enrolment0_}
    |  |     \-[IDENT] IdentNode: 'studentNumber' {originalText=studentNumber}
    |  +-[SELECT_COLUMNS] SqlNode: ' as col_0_0_'
    |  +-[AGGREGATE] AggregateNode: 'max'
    |  |  \-[DOT] DotNode: 'enrolment0_.studentId' {propertyName=studentNumber,dereferenceType=ALL,propertyPath=studentNumber,path=e.studentNumber,tableAlias=enrolment0_,className=org.hibernate.test.querycache.Enrolment,classAlias=e}
    |  |     +-[ALIAS_REF] IdentNode: '(enrolment0_.studentId, enrolment0_.courseCode)' {alias=e, className=org.hibernate.test.querycache.Enrolment, tableAlias=enrolment0_}
    |  |     \-[IDENT] IdentNode: 'studentNumber' {originalText=studentNumber}
    |  \-[SELECT_COLUMNS] SqlNode: ' as col_1_0_'
    \-[FROM] FromClause: 'from' FromClause{level=1, fromElementCounter=1, fromElements=1, fromElementByClassAlias=[e], fromElementByTableAlias=[enrolment0_], fromElementsByPath=[], collectionJoinFromElementsByPath=[], impliedElements=[]}
       \-[FROM_FRAGMENT] FromElement: 'Enrolment enrolment0_' FromElement{explicit,not a collection join,not a fetch join,fetch non-lazy properties,classAlias=e,role=null,tableName=Enrolment,tableAlias=enrolment0_,origin=null,columns={,className=org.hibernate.test.querycache.Enrolment}}

14:18:33,217 DEBUG ErrorCounter:82 - throwQueryException() : no errors
14:18:33,217 DEBUG QueryTranslatorImpl:235 - HQL: select min( e.studentNumber ) as minStudentNumber, max( e.studentNumber ) as maxStudentNumber from org.hibernate.test.querycache.Enrolment e
14:18:33,217 DEBUG QueryTranslatorImpl:236 - SQL: select min(enrolment0_.studentId) as col_0_0_, max(enrolment0_.studentId) as col_1_0_ from Enrolment enrolment0_
14:18:33,225 DEBUG ErrorCounter:82 - throwQueryException() : no errors
14:18:33,226 DEBUG BaseGeneralDataRegion:46 - Cache[foo.org.hibernate.cache.internal.StandardQueryCache] lookup : key[sql: select min(enrolment0_.studentId) as col_0_0_, max(enrolment0_.studentId) as col_1_0_ from Enrolment enrolment0_; parameters: ; named parameters: {}; transformer: org.hibernate.transform.CacheableResultTransformer@1406bf]
14:18:33,226 DEBUG SQL:104 - 
    select
        min(enrolment0_.studentId) as col_0_0_,
        max(enrolment0_.studentId) as col_1_0_ 
    from
        Enrolment enrolment0_
14:18:33,226 DEBUG BaseGeneralDataRegion:59 - Caching[foo.org.hibernate.cache.internal.StandardQueryCache] : [sql: select min(enrolment0_.studentId) as col_0_0_, max(enrolment0_.studentId) as col_1_0_ from Enrolment enrolment0_; parameters: ; named parameters: {}; transformer: org.hibernate.transform.CacheableResultTransformer@1406bf] -> [[5579090793373696, [Ljava.io.Serializable;@37254ef1]]
14:18:33,227 DEBUG BaseGeneralDataRegion:46 - Cache[foo.org.hibernate.cache.internal.StandardQueryCache] lookup : key[sql: select min(enrolment0_.studentId) as col_0_0_, max(enrolment0_.studentId) as col_1_0_ from Enrolment enrolment0_; parameters: ; named parameters: {}; transformer: org.hibernate.transform.CacheableResultTransformer@1406bf]
14:18:33,227 DEBUG BaseGeneralDataRegion:52 - Cache[foo.org.hibernate.cache.internal.StandardQueryCache] hit: sql: select min(enrolment0_.studentId) as col_0_0_, max(enrolment0_.studentId) as col_1_0_ from Enrolment enrolment0_; parameters: ; named parameters: {}; transformer: org.hibernate.transform.CacheableResultTransformer@1406bf
14:18:33,227 DEBUG BaseGeneralDataRegion:46 - Cache[foo.org.hibernate.cache.spi.UpdateTimestampsCache] lookup : key[Enrolment]
14:18:33,227 DEBUG BaseGeneralDataRegion:52 - Cache[foo.org.hibernate.cache.spi.UpdateTimestampsCache] hit: Enrolment
14:18:33,227 DEBUG SQL:104 - 
    select
        student_.studentId,
        student_.name_first as name2_4_,
        student_.name_middle as name3_4_,
        student_.name_last as name4_4_,
        student_.preferredCourseCode as preferre5_4_ 
    from
        Student student_ 
    where
        student_.studentId=?
14:18:33,229 DEBUG SQL:104 - 
    select
        enrolment_.studentId,
        enrolment_.courseCode,
        enrolment_.semester as semester3_,
        enrolment_."year" as year4_3_ 
    from
        Enrolment enrolment_ 
    where
        enrolment_.studentId=? 
        and enrolment_.courseCode=?
14:18:33,238 DEBUG SQL:104 - 
    select
        course_.courseCode,
        course_.description as descript2_1_ 
    from
        Course course_ 
    where
        course_.courseCode=?
14:18:33,238 DEBUG SQL:104 - 
    select
        student_.studentId,
        student_.name_first as name2_4_,
        student_.name_middle as name3_4_,
        student_.name_last as name4_4_,
        student_.preferredCourseCode as preferre5_4_ 
    from
        Student student_ 
    where
        student_.studentId=?
14:18:33,238 DEBUG SQL:104 - 
    select
        enrolment_.studentId,
        enrolment_.courseCode,
        enrolment_.semester as semester3_,
        enrolment_."year" as year4_3_ 
    from
        Enrolment enrolment_ 
    where
        enrolment_.studentId=? 
        and enrolment_.courseCode=?
14:18:33,247 DEBUG SQL:104 - 
    select
        coursemeet_.courseCode,
        coursemeet_.day,
        coursemeet_.period,
        coursemeet_.location 
    from
        CourseMeeting coursemeet_ 
    where
        coursemeet_.courseCode=? 
        and coursemeet_.day=? 
        and coursemeet_.period=? 
        and coursemeet_.location=?
14:18:33,247 DEBUG SQL:104 - 
    select
        coursemeet_.courseCode,
        coursemeet_.day,
        coursemeet_.period,
        coursemeet_.location 
    from
        CourseMeeting coursemeet_ 
    where
        coursemeet_.courseCode=? 
        and coursemeet_.day=? 
        and coursemeet_.period=? 
        and coursemeet_.location=?
14:18:33,258 DEBUG BaseGeneralDataRegion:59 - Caching[foo.org.hibernate.cache.spi.UpdateTimestampsCache] : [Enrolment] -> [5579091039264768]
14:18:33,258 DEBUG SQL:104 - 
    update
        Address 
    set
        studentNumber=null,
        addressType=null 
    where
        studentNumber=?
14:18:33,259 DEBUG BaseGeneralDataRegion:59 - Caching[foo.org.hibernate.cache.spi.UpdateTimestampsCache] : [Address] -> [5579091039268864]
14:18:33,259 DEBUG SQL:104 - 
    delete 
    from
        Student_secretCodes 
    where
        studentNumber=?
14:18:33,259 DEBUG BaseGeneralDataRegion:59 - Caching[foo.org.hibernate.cache.spi.UpdateTimestampsCache] : [Student_secretCodes] -> [5579091039268865]
14:18:33,259 DEBUG BaseGeneralDataRegion:59 - Caching[foo.org.hibernate.cache.spi.UpdateTimestampsCache] : [Enrolment] -> [5579091039268866]
14:18:33,259 DEBUG BaseGeneralDataRegion:59 - Caching[foo.org.hibernate.cache.spi.UpdateTimestampsCache] : [Address] -> [5579091039268867]
14:18:33,259 DEBUG SQL:104 - 
    delete 
    from
        Student_secretCodes 
    where
        studentNumber=?
14:18:33,259 DEBUG BaseGeneralDataRegion:59 - Caching[foo.org.hibernate.cache.spi.UpdateTimestampsCache] : [Student_secretCodes] -> [5579091039268868]
14:18:33,267 DEBUG BaseGeneralDataRegion:59 - Caching[foo.org.hibernate.cache.spi.UpdateTimestampsCache] : [CourseMeeting] -> [5579091039301632]
14:18:33,268 DEBUG SQL:104 - 
    delete 
    from
        Enrolment 
    where
        studentId=? 
        and courseCode=?
14:18:33,269 DEBUG BaseGeneralDataRegion:59 - Caching[foo.org.hibernate.cache.spi.UpdateTimestampsCache] : [Enrolment] -> [5579091039309824]
14:18:33,269 DEBUG SQL:104 - 
    delete 
    from
        Address 
    where
        id=?
14:18:33,269 DEBUG BaseGeneralDataRegion:59 - Caching[foo.org.hibernate.cache.spi.UpdateTimestampsCache] : [Address] -> [5579091039309825]
14:18:33,269 DEBUG SQL:104 - 
    delete 
    from
        Address 
    where
        id=?
14:18:33,269 DEBUG BaseGeneralDataRegion:59 - Caching[foo.org.hibernate.cache.spi.UpdateTimestampsCache] : [Address] -> [5579091039309826]
14:18:33,269 DEBUG SQL:104 - 
    delete 
    from
        Student 
    where
        studentId=?
14:18:33,269 DEBUG BaseGeneralDataRegion:59 - Caching[foo.org.hibernate.cache.spi.UpdateTimestampsCache] : [Student] -> [5579091039309827]
14:18:33,269 DEBUG SQL:104 - 
    delete 
    from
        Enrolment 
    where
        studentId=? 
        and courseCode=?
14:18:33,270 DEBUG BaseGeneralDataRegion:59 - Caching[foo.org.hibernate.cache.spi.UpdateTimestampsCache] : [Enrolment] -> [5579091039313920]
14:18:33,270 DEBUG SQL:104 - 
    delete 
    from
        Student 
    where
        studentId=?
14:18:33,270 DEBUG BaseGeneralDataRegion:59 - Caching[foo.org.hibernate.cache.spi.UpdateTimestampsCache] : [Student] -> [5579091039313921]
14:18:33,270 DEBUG SQL:104 - 
    delete 
    from
        CourseMeeting 
    where
        courseCode=? 
        and day=? 
        and period=? 
        and location=?
14:18:33,270 DEBUG BaseGeneralDataRegion:59 - Caching[foo.org.hibernate.cache.spi.UpdateTimestampsCache] : [CourseMeeting] -> [5579091039313922]
14:18:33,270 DEBUG SQL:104 - 
    delete 
    from
        CourseMeeting 
    where
        courseCode=? 
        and day=? 
        and period=? 
        and location=?
14:18:33,270 DEBUG BaseGeneralDataRegion:59 - Caching[foo.org.hibernate.cache.spi.UpdateTimestampsCache] : [CourseMeeting] -> [5579091039313923]
14:18:33,271 DEBUG SQL:104 - 
    delete 
    from
        Course 
    where
        courseCode=?
14:18:33,271 DEBUG BaseGeneralDataRegion:59 - Caching[foo.org.hibernate.cache.spi.UpdateTimestampsCache] : [Course] -> [5579091039318016]
14:18:33,271 DEBUG BaseGeneralDataRegion:59 - Caching[foo.org.hibernate.cache.spi.UpdateTimestampsCache] : [Student] -> [5579090793558017]
14:18:33,271 DEBUG BaseGeneralDataRegion:59 - Caching[foo.org.hibernate.cache.spi.UpdateTimestampsCache] : [Course] -> [5579090793558017]
14:18:33,297 DEBUG BaseGeneralDataRegion:59 - Caching[foo.org.hibernate.cache.spi.UpdateTimestampsCache] : [Enrolment] -> [5579090793558017]
14:18:33,297 DEBUG BaseGeneralDataRegion:59 - Caching[foo.org.hibernate.cache.spi.UpdateTimestampsCache] : [Student_secretCodes] -> [5579090793558017]
14:18:33,297 DEBUG BaseGeneralDataRegion:59 - Caching[foo.org.hibernate.cache.spi.UpdateTimestampsCache] : [Address] -> [5579090793558017]
14:18:33,298 DEBUG BaseGeneralDataRegion:59 - Caching[foo.org.hibernate.cache.spi.UpdateTimestampsCache] : [CourseMeeting] -> [5579090793558017]
14:18:33,298  INFO CustomRunner:139 - Test: testAliasToEntityMapMultiProjectionList
14:18:33,299 DEBUG SQL:104 - 
    select
        coursemeet_.courseCode,
        coursemeet_.day,
        coursemeet_.period,
        coursemeet_.location 
    from
        CourseMeeting coursemeet_ 
    where
        coursemeet_.courseCode=? 
        and coursemeet_.day=? 
        and coursemeet_.period=? 
        and coursemeet_.location=?
14:18:33,300 DEBUG SQL:104 - 
    select
        coursemeet_.courseCode,
        coursemeet_.day,
        coursemeet_.period,
        coursemeet_.location 
    from
        CourseMeeting coursemeet_ 
    where
        coursemeet_.courseCode=? 
        and coursemeet_.day=? 
        and coursemeet_.period=? 
        and coursemeet_.location=?
14:18:33,301 DEBUG SQL:104 - 
    insert 
    into
        Course
        (description, courseCode) 
    values
        (?, ?)
14:18:33,301 DEBUG BaseGeneralDataRegion:59 - Caching[foo.org.hibernate.cache.spi.UpdateTimestampsCache] : [Course] -> [5579091039440896]
14:18:33,301 DEBUG SQL:104 - 
    insert 
    into
        CourseMeeting
        (courseCode, day, period, location) 
    values
        (?, ?, ?, ?)
14:18:33,302 DEBUG BaseGeneralDataRegion:59 - Caching[foo.org.hibernate.cache.spi.UpdateTimestampsCache] : [CourseMeeting] -> [5579091039444992]
14:18:33,302 DEBUG SQL:104 - 
    insert 
    into
        CourseMeeting
        (courseCode, day, period, location) 
    values
        (?, ?, ?, ?)
14:18:33,302 DEBUG BaseGeneralDataRegion:59 - Caching[foo.org.hibernate.cache.spi.UpdateTimestampsCache] : [CourseMeeting] -> [5579091039444993]
14:18:33,302 DEBUG SQL:104 - 
    insert 
    into
        Student
        (name_first, name_middle, name_last, preferredCourseCode, studentId) 
    values
        (?, ?, ?, ?, ?)
14:18:33,315 DEBUG BaseGeneralDataRegion:59 - Caching[foo.org.hibernate.cache.spi.UpdateTimestampsCache] : [Student] -> [5579091039494144]
14:18:33,315 DEBUG SQL:104 - 
    insert 
    into
        Address
        (addressType, street, city, stateProvince, postalCode, country, studentNumber, id) 
    values
        (?, ?, ?, ?, ?, ?, ?, ?)
14:18:33,315 DEBUG BaseGeneralDataRegion:59 - Caching[foo.org.hibernate.cache.spi.UpdateTimestampsCache] : [Address] -> [5579091039498240]
14:18:33,315 DEBUG SQL:104 - 
    insert 
    into
        Address
        (addressType, street, city, stateProvince, postalCode, country, studentNumber, id) 
    values
        (?, ?, ?, ?, ?, ?, ?, ?)
14:18:33,315 DEBUG BaseGeneralDataRegion:59 - Caching[foo.org.hibernate.cache.spi.UpdateTimestampsCache] : [Address] -> [5579091039498241]
14:18:33,315 DEBUG SQL:104 - 
    insert 
    into
        Student
        (name_first, name_middle, name_last, preferredCourseCode, studentId) 
    values
        (?, ?, ?, ?, ?)
14:18:33,316 DEBUG BaseGeneralDataRegion:59 - Caching[foo.org.hibernate.cache.spi.UpdateTimestampsCache] : [Student] -> [5579091039502336]
14:18:33,316 DEBUG SQL:104 - 
    insert 
    into
        Enrolment
        (semester, "year", studentId, courseCode) 
    values
        (?, ?, ?, ?)
14:18:33,325 DEBUG BaseGeneralDataRegion:59 - Caching[foo.org.hibernate.cache.spi.UpdateTimestampsCache] : [Enrolment] -> [5579091039539200]
14:18:33,325 DEBUG SQL:104 - 
    insert 
    into
        Enrolment
        (semester, "year", studentId, courseCode) 
    values
        (?, ?, ?, ?)
14:18:33,326 DEBUG BaseGeneralDataRegion:59 - Caching[foo.org.hibernate.cache.spi.UpdateTimestampsCache] : [Enrolment] -> [5579091039543296]
14:18:33,326 DEBUG BaseGeneralDataRegion:59 - Caching[foo.org.hibernate.cache.spi.UpdateTimestampsCache] : [CourseMeeting] -> [5579091039543297]
14:18:33,326 DEBUG BaseGeneralDataRegion:59 - Caching[foo.org.hibernate.cache.spi.UpdateTimestampsCache] : [Enrolment] -> [5579091039543298]
14:18:33,326 DEBUG SQL:104 - 
    update
        Address 
    set
        studentNumber=?,
        addressType=? 
    where
        id=?
14:18:33,326 DEBUG SQL:104 - 
    update
        Address 
    set
        studentNumber=?,
        addressType=? 
    where
        id=?
14:18:33,326 DEBUG BaseGeneralDataRegion:59 - Caching[foo.org.hibernate.cache.spi.UpdateTimestampsCache] : [Address] -> [5579091039543299]
14:18:33,327 DEBUG SQL:104 - 
    insert 
    into
        Student_secretCodes
        (studentNumber, i, secretCode) 
    values
        (?, ?, ?)
14:18:33,327 DEBUG BaseGeneralDataRegion:59 - Caching[foo.org.hibernate.cache.spi.UpdateTimestampsCache] : [Student_secretCodes] -> [5579091039547392]
14:18:33,327 DEBUG BaseGeneralDataRegion:59 - Caching[foo.org.hibernate.cache.spi.UpdateTimestampsCache] : [Enrolment] -> [5579091039547393]
14:18:33,327 DEBUG BaseGeneralDataRegion:59 - Caching[foo.org.hibernate.cache.spi.UpdateTimestampsCache] : [Address] -> [5579091039547394]
14:18:33,327 DEBUG SQL:104 - 
    insert 
    into
        Student_secretCodes
        (studentNumber, i, secretCode) 
    values
        (?, ?, ?)
14:18:33,346 DEBUG SQL:104 - 
    insert 
    into
        Student_secretCodes
        (studentNumber, i, secretCode) 
    values
        (?, ?, ?)
14:18:33,346 DEBUG BaseGeneralDataRegion:59 - Caching[foo.org.hibernate.cache.spi.UpdateTimestampsCache] : [Student_secretCodes] -> [5579091039625216]
14:18:33,347 DEBUG BaseGeneralDataRegion:59 - Caching[foo.org.hibernate.cache.spi.UpdateTimestampsCache] : [Student] -> [5579090793869312]
14:18:33,347 DEBUG BaseGeneralDataRegion:59 - Caching[foo.org.hibernate.cache.spi.UpdateTimestampsCache] : [Course] -> [5579090793869312]
14:18:33,347 DEBUG BaseGeneralDataRegion:59 - Caching[foo.org.hibernate.cache.spi.UpdateTimestampsCache] : [Enrolment] -> [5579090793869312]
14:18:33,347 DEBUG BaseGeneralDataRegion:59 - Caching[foo.org.hibernate.cache.spi.UpdateTimestampsCache] : [Student_secretCodes] -> [5579090793869312]
14:18:33,347 DEBUG BaseGeneralDataRegion:59 - Caching[foo.org.hibernate.cache.spi.UpdateTimestampsCache] : [Address] -> [5579090793869312]
14:18:33,347 DEBUG BaseGeneralDataRegion:59 - Caching[foo.org.hibernate.cache.spi.UpdateTimestampsCache] : [CourseMeeting] -> [5579090793869312]
14:18:33,347 DEBUG QueryTranslatorImpl:265 - parse() - HQL: select e.student as student, e.semester as semester, e.year as year, e.course as course from org.hibernate.test.querycache.Enrolment e order by e.studentNumber
14:18:33,349 DEBUG QueryTranslatorImpl:283 - --- HQL AST ---
 \-[QUERY] Node: 'query'
    +-[SELECT_FROM] Node: 'SELECT_FROM'
    |  +-[FROM] Node: 'from'
    |  |  \-[RANGE] Node: 'RANGE'
    |  |     +-[DOT] Node: '.'
    |  |     |  +-[DOT] Node: '.'
    |  |     |  |  +-[DOT] Node: '.'
    |  |     |  |  |  +-[DOT] Node: '.'
    |  |     |  |  |  |  +-[IDENT] Node: 'org'
    |  |     |  |  |  |  \-[IDENT] Node: 'hibernate'
    |  |     |  |  |  \-[IDENT] Node: 'test'
    |  |     |  |  \-[IDENT] Node: 'querycache'
    |  |     |  \-[IDENT] Node: 'Enrolment'
    |  |     \-[ALIAS] Node: 'e'
    |  \-[SELECT] Node: 'select'
    |     +-[AS] Node: 'as'
    |     |  +-[DOT] Node: '.'
    |     |  |  +-[IDENT] Node: 'e'
    |     |  |  \-[IDENT] Node: 'student'
    |     |  \-[IDENT] Node: 'student'
    |     +-[AS] Node: 'as'
    |     |  +-[DOT] Node: '.'
    |     |  |  +-[IDENT] Node: 'e'
    |     |  |  \-[IDENT] Node: 'semester'
    |     |  \-[IDENT] Node: 'semester'
    |     +-[AS] Node: 'as'
    |     |  +-[DOT] Node: '.'
    |     |  |  +-[IDENT] Node: 'e'
    |     |  |  \-[IDENT] Node: 'year'
    |     |  \-[IDENT] Node: 'year'
    |     \-[AS] Node: 'as'
    |        +-[DOT] Node: '.'
    |        |  +-[IDENT] Node: 'e'
    |        |  \-[IDENT] Node: 'course'
    |        \-[IDENT] Node: 'course'
    \-[ORDER] Node: 'order'
       \-[DOT] Node: '.'
          +-[IDENT] Node: 'e'
          \-[IDENT] Node: 'studentNumber'

14:18:33,366 DEBUG ErrorCounter:82 - throwQueryException() : no errors
14:18:33,367 DEBUG FromElement:157 - FromClause{level=1} : org.hibernate.test.querycache.Enrolment (e) -> enrolment0_
14:18:33,367 DEBUG FromReferenceNode:74 - Resolved : e -> (enrolment0_.studentId, enrolment0_.courseCode)
14:18:33,367 DEBUG DotNode:599 - getDataType() : student -> org.hibernate.type.ManyToOneType(org.hibernate.test.querycache.Student)
14:18:33,367 DEBUG DotNode:389 - dereferenceEntityJoin() : generating join for student in org.hibernate.test.querycache.Enrolment (<no alias>) parent = [ {null} ]
14:18:33,368 DEBUG FromElement:157 - FromClause{level=1} : org.hibernate.test.querycache.Student (<no alias>) -> student1_
14:18:33,368 DEBUG FromClause:282 - addJoinByPathMap() : e.student -> FromElement{explicit,not a collection join,not a fetch join,fetch non-lazy properties,classAlias=null,role=null,tableName=Student,tableAlias=student1_,origin=Enrolment enrolment0_,columns={enrolment0_.studentId ,className=org.hibernate.test.querycache.Student}}
14:18:33,368 DEBUG FromReferenceNode:74 - Resolved : e.student -> enrolment0_.studentId
14:18:33,368 DEBUG FromReferenceNode:74 - Resolved : e -> (enrolment0_.studentId, enrolment0_.courseCode)
14:18:33,368 DEBUG DotNode:599 - getDataType() : semester -> org.hibernate.type.ShortType@491168d6
14:18:33,368 DEBUG FromReferenceNode:74 - Resolved : e.semester -> enrolment0_.semester
14:18:33,368 DEBUG FromReferenceNode:74 - Resolved : e -> (enrolment0_.studentId, enrolment0_.courseCode)
14:18:33,368 DEBUG DotNode:599 - getDataType() : year -> org.hibernate.type.ShortType@491168d6
14:18:33,369 DEBUG FromReferenceNode:74 - Resolved : e.year -> enrolment0_."year"
14:18:33,369 DEBUG FromReferenceNode:74 - Resolved : e -> (enrolment0_.studentId, enrolment0_.courseCode)
14:18:33,369 DEBUG DotNode:599 - getDataType() : course -> org.hibernate.type.ManyToOneType(org.hibernate.test.querycache.Course)
14:18:33,369 DEBUG DotNode:389 - dereferenceEntityJoin() : generating join for course in org.hibernate.test.querycache.Enrolment (<no alias>) parent = [ {null} ]
14:18:33,369 DEBUG FromElement:157 - FromClause{level=1} : org.hibernate.test.querycache.Course (<no alias>) -> course2_
14:18:33,369 DEBUG FromClause:282 - addJoinByPathMap() : e.course -> FromElement{explicit,not a collection join,not a fetch join,fetch non-lazy properties,classAlias=null,role=null,tableName=Course,tableAlias=course2_,origin=Enrolment enrolment0_,columns={enrolment0_.courseCode ,className=org.hibernate.test.querycache.Course}}
14:18:33,369 DEBUG FromReferenceNode:74 - Resolved : e.course -> enrolment0_.courseCode
14:18:33,370 DEBUG FromReferenceNode:74 - Resolved : e -> enrolment0_.studentId, enrolment0_.courseCode
14:18:33,370 DEBUG DotNode:599 - getDataType() : studentNumber -> org.hibernate.type.LongType@4bf3f9d
14:18:33,370 DEBUG FromReferenceNode:74 - Resolved : e.studentNumber -> enrolment0_.studentId
14:18:33,370 DEBUG HqlSqlWalker:629 - processQuery() :  ( SELECT ( {select clause} ( enrolment0_.studentId (enrolment0_.studentId, enrolment0_.courseCode) student ) ( enrolment0_.semester (enrolment0_.studentId, enrolment0_.courseCode) semester ) ( enrolment0_."year" (enrolment0_.studentId, enrolment0_.courseCode) year ) ( enrolment0_.courseCode (enrolment0_.studentId, enrolment0_.courseCode) course ) ) ( FromClause{level=1} ( Enrolment enrolment0_ Student student1_ Course course2_ ) ) ( order ( enrolment0_.studentId enrolment0_.studentId, enrolment0_.courseCode studentNumber ) ) )
14:18:33,378 DEBUG JoinProcessor:175 - Using FROM fragment [Enrolment enrolment0_]
14:18:33,378 DEBUG JoinProcessor:175 - Using FROM fragment [inner join Student student1_ on enrolment0_.studentId=student1_.studentId]
14:18:33,379 DEBUG JoinProcessor:175 - Using FROM fragment [inner join Course course2_ on enrolment0_.courseCode=course2_.courseCode]
14:18:33,379 DEBUG QueryTranslatorImpl:252 - --- SQL AST ---
 \-[SELECT] QueryNode: 'SELECT'  querySpaces (Student,Course,Enrolment)
    +-[SELECT_CLAUSE] SelectClause: '{select clause}'
    |  +-[DOT] DotNode: 'enrolment0_.studentId' {propertyName=student,dereferenceType=EOF,propertyPath=student,path=e.student,tableAlias=student1_,className=org.hibernate.test.querycache.Student,classAlias=null}
    |  |  +-[ALIAS_REF] IdentNode: '(enrolment0_.studentId, enrolment0_.courseCode)' {alias=e, className=org.hibernate.test.querycache.Enrolment, tableAlias=enrolment0_}
    |  |  \-[IDENT] IdentNode: 'student' {originalText=student}
    |  +-[SELECT_COLUMNS] SqlNode: ' as col_0_0_'
    |  +-[DOT] DotNode: 'enrolment0_.semester' {propertyName=semester,dereferenceType=ALL,propertyPath=semester,path=e.semester,tableAlias=enrolment0_,className=org.hibernate.test.querycache.Enrolment,classAlias=e}
    |  |  +-[ALIAS_REF] IdentNode: '(enrolment0_.studentId, enrolment0_.courseCode)' {alias=e, className=org.hibernate.test.querycache.Enrolment, tableAlias=enrolment0_}
    |  |  \-[IDENT] IdentNode: 'semester' {originalText=semester}
    |  +-[SELECT_COLUMNS] SqlNode: ' as col_1_0_'
    |  +-[DOT] DotNode: 'enrolment0_."year"' {propertyName=year,dereferenceType=ALL,propertyPath=year,path=e.year,tableAlias=enrolment0_,className=org.hibernate.test.querycache.Enrolment,classAlias=e}
    |  |  +-[ALIAS_REF] IdentNode: '(enrolment0_.studentId, enrolment0_.courseCode)' {alias=e, className=org.hibernate.test.querycache.Enrolment, tableAlias=enrolment0_}
    |  |  \-[IDENT] IdentNode: 'year' {originalText=year}
    |  +-[SELECT_COLUMNS] SqlNode: ' as col_2_0_'
    |  +-[DOT] DotNode: 'enrolment0_.courseCode' {propertyName=course,dereferenceType=EOF,propertyPath=course,path=e.course,tableAlias=course2_,className=org.hibernate.test.querycache.Course,classAlias=null}
    |  |  +-[ALIAS_REF] IdentNode: '(enrolment0_.studentId, enrolment0_.courseCode)' {alias=e, className=org.hibernate.test.querycache.Enrolment, tableAlias=enrolment0_}
    |  |  \-[IDENT] IdentNode: 'course' {originalText=course}
    |  +-[SELECT_COLUMNS] SqlNode: ' as col_3_0_'
    |  +-[SQL_TOKEN] SqlFragment: 'student1_.studentId as studentId4_0_'
    |  +-[SQL_TOKEN] SqlFragment: 'course2_.courseCode as courseCode1_1_'
    |  +-[SQL_TOKEN] SqlFragment: 'student1_.name_first as name2_4_0_, student1_.name_middle as name3_4_0_, student1_.name_last as name4_4_0_, student1_.preferredCourseCode as preferre5_4_0_'
    |  \-[SQL_TOKEN] SqlFragment: 'course2_.description as descript2_1_1_'
    +-[FROM] FromClause: 'from' FromClause{level=1, fromElementCounter=3, fromElements=3, fromElementByClassAlias=[e], fromElementByTableAlias=[student1_, enrolment0_, course2_], fromElementsByPath=[e.course, e.student], collectionJoinFromElementsByPath=[], impliedElements=[]}
    |  \-[FROM_FRAGMENT] FromElement: 'Enrolment enrolment0_' FromElement{explicit,not a collection join,not a fetch join,fetch non-lazy properties,classAlias=e,role=null,tableName=Enrolment,tableAlias=enrolment0_,origin=null,columns={,className=org.hibernate.test.querycache.Enrolment}}
    |     +-[JOIN_FRAGMENT] FromElement: 'inner join Student student1_ on enrolment0_.studentId=student1_.studentId' FromElement{explicit,not a collection join,not a fetch join,fetch non-lazy properties,classAlias=null,role=null,tableName=Student,tableAlias=student1_,origin=Enrolment enrolment0_,columns={enrolment0_.studentId ,className=org.hibernate.test.querycache.Student}}
    |     \-[JOIN_FRAGMENT] FromElement: 'inner join Course course2_ on enrolment0_.courseCode=course2_.courseCode' FromElement{explicit,not a collection join,not a fetch join,fetch non-lazy properties,classAlias=null,role=null,tableName=Course,tableAlias=course2_,origin=Enrolment enrolment0_,columns={enrolment0_.courseCode ,className=org.hibernate.test.querycache.Course}}
    \-[ORDER] OrderByClause: 'order'
       \-[DOT] DotNode: 'enrolment0_.studentId' {propertyName=studentNumber,dereferenceType=ALL,propertyPath=studentNumber,path=e.studentNumber,tableAlias=enrolment0_,className=org.hibernate.test.querycache.Enrolment,classAlias=e}
          +-[ALIAS_REF] IdentNode: 'enrolment0_.studentId, enrolment0_.courseCode' {alias=e, className=org.hibernate.test.querycache.Enrolment, tableAlias=enrolment0_}
          \-[IDENT] IdentNode: 'studentNumber' {originalText=studentNumber}

14:18:33,389 DEBUG ErrorCounter:82 - throwQueryException() : no errors
14:18:33,389 DEBUG QueryTranslatorImpl:235 - HQL: select e.student as student, e.semester as semester, e.year as year, e.course as course from org.hibernate.test.querycache.Enrolment e order by e.studentNumber
14:18:33,389 DEBUG QueryTranslatorImpl:236 - SQL: select enrolment0_.studentId as col_0_0_, enrolment0_.semester as col_1_0_, enrolment0_."year" as col_2_0_, enrolment0_.courseCode as col_3_0_, student1_.studentId as studentId4_0_, course2_.courseCode as courseCode1_1_, student1_.name_first as name2_4_0_, student1_.name_middle as name3_4_0_, student1_.name_last as name4_4_0_, student1_.preferredCourseCode as preferre5_4_0_, course2_.description as descript2_1_1_ from Enrolment enrolment0_ inner join Student student1_ on enrolment0_.studentId=student1_.studentId inner join Course course2_ on enrolment0_.courseCode=course2_.courseCode order by enrolment0_.studentId
14:18:33,389 DEBUG ErrorCounter:82 - throwQueryException() : no errors
14:18:33,390 DEBUG BaseGeneralDataRegion:46 - Cache[foo.org.hibernate.cache.internal.StandardQueryCache] lookup : key[sql: select enrolment0_.studentId as col_0_0_, enrolment0_.semester as col_1_0_, enrolment0_."year" as col_2_0_, enrolment0_.courseCode as col_3_0_, student1_.studentId as studentId4_0_, course2_.courseCode as courseCode1_1_, student1_.name_first as name2_4_0_, student1_.name_middle as name3_4_0_, student1_.name_last as name4_4_0_, student1_.preferredCourseCode as preferre5_4_0_, course2_.description as descript2_1_1_ from Enrolment enrolment0_ inner join Student student1_ on enrolment0_.studentId=student1_.studentId inner join Course course2_ on enrolment0_.courseCode=course2_.courseCode order by enrolment0_.studentId; parameters: ; named parameters: {}; transformer: org.hibernate.transform.CacheableResultTransformer@47bbf55f]
14:18:33,390 DEBUG SQL:104 - 
    select
        enrolment0_.studentId as col_0_0_,
        enrolment0_.semester as col_1_0_,
        enrolment0_."year" as col_2_0_,
        enrolment0_.courseCode as col_3_0_,
        student1_.studentId as studentId4_0_,
        course2_.courseCode as courseCode1_1_,
        student1_.name_first as name2_4_0_,
        student1_.name_middle as name3_4_0_,
        student1_.name_last as name4_4_0_,
        student1_.preferredCourseCode as preferre5_4_0_,
        course2_.description as descript2_1_1_ 
    from
        Enrolment enrolment0_ 
    inner join
        Student student1_ 
            on enrolment0_.studentId=student1_.studentId 
    inner join
        Course course2_ 
            on enrolment0_.courseCode=course2_.courseCode 
    order by
        enrolment0_.studentId
14:18:33,399 DEBUG SQL:104 - 
    select
        secretcode0_.studentNumber as studentN1_4_0_,
        secretcode0_.secretCode as secretCode5_0_,
        secretcode0_.i as i0_ 
    from
        Student_secretCodes secretcode0_ 
    where
        secretcode0_.studentNumber=?
14:18:33,399 DEBUG SQL:104 - 
    select
        coursemeet0_.courseCode as courseCode1_1_,
        coursemeet0_.courseCode as courseCode2_1_,
        coursemeet0_.day as day2_1_,
        coursemeet0_.period as period2_1_,
        coursemeet0_.location as location2_1_,
        coursemeet0_.courseCode as courseCode2_0_,
        coursemeet0_.day as day2_0_,
        coursemeet0_.period as period2_0_,
        coursemeet0_.location as location2_0_ 
    from
        CourseMeeting coursemeet0_ 
    where
        coursemeet0_.courseCode=?
14:18:33,400 DEBUG SQL:104 - 
    select
        secretcode0_.studentNumber as studentN1_4_0_,
        secretcode0_.secretCode as secretCode5_0_,
        secretcode0_.i as i0_ 
    from
        Student_secretCodes secretcode0_ 
    where
        secretcode0_.studentNumber=?
14:18:33,409 DEBUG BaseGeneralDataRegion:59 - Caching[foo.org.hibernate.cache.internal.StandardQueryCache] : [sql: select enrolment0_.studentId as col_0_0_, enrolment0_.semester as col_1_0_, enrolment0_."year" as col_2_0_, enrolment0_.courseCode as col_3_0_, student1_.studentId as studentId4_0_, course2_.courseCode as courseCode1_1_, student1_.name_first as name2_4_0_, student1_.name_middle as name3_4_0_, student1_.name_last as name4_4_0_, student1_.preferredCourseCode as preferre5_4_0_, course2_.description as descript2_1_1_ from Enrolment enrolment0_ inner join Student student1_ on enrolment0_.studentId=student1_.studentId inner join Course course2_ on enrolment0_.courseCode=course2_.courseCode order by enrolment0_.studentId; parameters: ; named parameters: {}; transformer: org.hibernate.transform.CacheableResultTransformer@47bbf55f] -> [[5579090794119168, [Ljava.io.Serializable;@159914cc, [Ljava.io.Serializable;@75246827]]
14:18:33,410 DEBUG BaseGeneralDataRegion:46 - Cache[foo.org.hibernate.cache.internal.StandardQueryCache] lookup : key[sql: select enrolment0_.studentId as col_0_0_, enrolment0_.semester as col_1_0_, enrolment0_."year" as col_2_0_, enrolment0_.courseCode as col_3_0_, student1_.studentId as studentId4_0_, course2_.courseCode as courseCode1_1_, student1_.name_first as name2_4_0_, student1_.name_middle as name3_4_0_, student1_.name_last as name4_4_0_, student1_.preferredCourseCode as preferre5_4_0_, course2_.description as descript2_1_1_ from Enrolment enrolment0_ inner join Student student1_ on enrolment0_.studentId=student1_.studentId inner join Course course2_ on enrolment0_.courseCode=course2_.courseCode order by enrolment0_.studentId; parameters: ; named parameters: {}; transformer: org.hibernate.transform.CacheableResultTransformer@47bbf55f]
14:18:33,410 DEBUG BaseGeneralDataRegion:52 - Cache[foo.org.hibernate.cache.internal.StandardQueryCache] hit: sql: select enrolment0_.studentId as col_0_0_, enrolment0_.semester as col_1_0_, enrolment0_."year" as col_2_0_, enrolment0_.courseCode as col_3_0_, student1_.studentId as studentId4_0_, course2_.courseCode as courseCode1_1_, student1_.name_first as name2_4_0_, student1_.name_middle as name3_4_0_, student1_.name_last as name4_4_0_, student1_.preferredCourseCode as preferre5_4_0_, course2_.description as descript2_1_1_ from Enrolment enrolment0_ inner join Student student1_ on enrolment0_.studentId=student1_.studentId inner join Course course2_ on enrolment0_.courseCode=course2_.courseCode order by enrolment0_.studentId; parameters: ; named parameters: {}; transformer: org.hibernate.transform.CacheableResultTransformer@47bbf55f
14:18:33,410 DEBUG BaseGeneralDataRegion:46 - Cache[foo.org.hibernate.cache.spi.UpdateTimestampsCache] lookup : key[Student]
14:18:33,410 DEBUG BaseGeneralDataRegion:52 - Cache[foo.org.hibernate.cache.spi.UpdateTimestampsCache] hit: Student
14:18:33,410 DEBUG BaseGeneralDataRegion:46 - Cache[foo.org.hibernate.cache.spi.UpdateTimestampsCache] lookup : key[Course]
14:18:33,410 DEBUG BaseGeneralDataRegion:52 - Cache[foo.org.hibernate.cache.spi.UpdateTimestampsCache] hit: Course
14:18:33,410 DEBUG BaseGeneralDataRegion:46 - Cache[foo.org.hibernate.cache.spi.UpdateTimestampsCache] lookup : key[Enrolment]
14:18:33,410 DEBUG BaseGeneralDataRegion:52 - Cache[foo.org.hibernate.cache.spi.UpdateTimestampsCache] hit: Enrolment
14:18:33,410 DEBUG SQL:104 - 
    select
        course0_.courseCode as courseCode1_0_,
        course0_.description as descript2_1_0_ 
    from
        Course course0_ 
    where
        course0_.courseCode=?
14:18:33,411 DEBUG SQL:104 - 
    select
        coursemeet0_.courseCode as courseCode1_1_,
        coursemeet0_.courseCode as courseCode2_1_,
        coursemeet0_.day as day2_1_,
        coursemeet0_.period as period2_1_,
        coursemeet0_.location as location2_1_,
        coursemeet0_.courseCode as courseCode2_0_,
        coursemeet0_.day as day2_0_,
        coursemeet0_.period as period2_0_,
        coursemeet0_.location as location2_0_ 
    from
        CourseMeeting coursemeet0_ 
    where
        coursemeet0_.courseCode=?
14:18:33,420 DEBUG SQL:104 - 
    select
        student_.studentId,
        student_.name_first as name2_4_,
        student_.name_middle as name3_4_,
        student_.name_last as name4_4_,
        student_.preferredCourseCode as preferre5_4_ 
    from
        Student student_ 
    where
        student_.studentId=?
14:18:33,421 DEBUG SQL:104 - 
    select
        enrolment_.studentId,
        enrolment_.courseCode,
        enrolment_.semester as semester3_,
        enrolment_."year" as year4_3_ 
    from
        Enrolment enrolment_ 
    where
        enrolment_.studentId=? 
        and enrolment_.courseCode=?
14:18:33,421 DEBUG SQL:104 - 
    select
        course_.courseCode,
        course_.description as descript2_1_ 
    from
        Course course_ 
    where
        course_.courseCode=?
14:18:33,421 DEBUG SQL:104 - 
    select
        student_.studentId,
        student_.name_first as name2_4_,
        student_.name_middle as name3_4_,
        student_.name_last as name4_4_,
        student_.preferredCourseCode as preferre5_4_ 
    from
        Student student_ 
    where
        student_.studentId=?
14:18:33,422 DEBUG SQL:104 - 
    select
        enrolment_.studentId,
        enrolment_.courseCode,
        enrolment_.semester as semester3_,
        enrolment_."year" as year4_3_ 
    from
        Enrolment enrolment_ 
    where
        enrolment_.studentId=? 
        and enrolment_.courseCode=?
14:18:33,433 DEBUG SQL:104 - 
    select
        coursemeet_.courseCode,
        coursemeet_.day,
        coursemeet_.period,
        coursemeet_.location 
    from
        CourseMeeting coursemeet_ 
    where
        coursemeet_.courseCode=? 
        and coursemeet_.day=? 
        and coursemeet_.period=? 
        and coursemeet_.location=?
14:18:33,434 DEBUG SQL:104 - 
    select
        coursemeet_.courseCode,
        coursemeet_.day,
        coursemeet_.period,
        coursemeet_.location 
    from
        CourseMeeting coursemeet_ 
    where
        coursemeet_.courseCode=? 
        and coursemeet_.day=? 
        and coursemeet_.period=? 
        and coursemeet_.location=?
14:18:33,434 DEBUG BaseGeneralDataRegion:59 - Caching[foo.org.hibernate.cache.spi.UpdateTimestampsCache] : [Enrolment] -> [5579091039985664]
14:18:33,434 DEBUG SQL:104 - 
    update
        Address 
    set
        studentNumber=null,
        addressType=null 
    where
        studentNumber=?
14:18:33,443 DEBUG BaseGeneralDataRegion:59 - Caching[foo.org.hibernate.cache.spi.UpdateTimestampsCache] : [Address] -> [5579091040022528]
14:18:33,444 DEBUG SQL:104 - 
    delete 
    from
        Student_secretCodes 
    where
        studentNumber=?
14:18:33,444 DEBUG BaseGeneralDataRegion:59 - Caching[foo.org.hibernate.cache.spi.UpdateTimestampsCache] : [Student_secretCodes] -> [5579091040026624]
14:18:33,444 DEBUG BaseGeneralDataRegion:59 - Caching[foo.org.hibernate.cache.spi.UpdateTimestampsCache] : [Enrolment] -> [5579091040026625]
14:18:33,444 DEBUG BaseGeneralDataRegion:59 - Caching[foo.org.hibernate.cache.spi.UpdateTimestampsCache] : [Address] -> [5579091040026626]
14:18:33,444 DEBUG SQL:104 - 
    delete 
    from
        Student_secretCodes 
    where
        studentNumber=?
14:18:33,444 DEBUG BaseGeneralDataRegion:59 - Caching[foo.org.hibernate.cache.spi.UpdateTimestampsCache] : [Student_secretCodes] -> [5579091040026627]
14:18:33,444 DEBUG BaseGeneralDataRegion:59 - Caching[foo.org.hibernate.cache.spi.UpdateTimestampsCache] : [CourseMeeting] -> [5579091040026628]
14:18:33,444 DEBUG SQL:104 - 
    delete 
    from
        Enrolment 
    where
        studentId=? 
        and courseCode=?
14:18:33,445 DEBUG BaseGeneralDataRegion:59 - Caching[foo.org.hibernate.cache.spi.UpdateTimestampsCache] : [Enrolment] -> [5579091040030720]
14:18:33,445 DEBUG SQL:104 - 
    delete 
    from
        Address 
    where
        id=?
14:18:33,445 DEBUG BaseGeneralDataRegion:59 - Caching[foo.org.hibernate.cache.spi.UpdateTimestampsCache] : [Address] -> [5579091040030721]
14:18:33,445 DEBUG SQL:104 - 
    delete 
    from
        Address 
    where
        id=?
14:18:33,445 DEBUG BaseGeneralDataRegion:59 - Caching[foo.org.hibernate.cache.spi.UpdateTimestampsCache] : [Address] -> [5579091040030722]
14:18:33,445 DEBUG SQL:104 - 
    delete 
    from
        Student 
    where
        studentId=?
14:18:33,468 DEBUG BaseGeneralDataRegion:59 - Caching[foo.org.hibernate.cache.spi.UpdateTimestampsCache] : [Student] -> [5579091040124928]
14:18:33,468 DEBUG SQL:104 - 
    delete 
    from
        Enrolment 
    where
        studentId=? 
        and courseCode=?
14:18:33,469 DEBUG BaseGeneralDataRegion:59 - Caching[foo.org.hibernate.cache.spi.UpdateTimestampsCache] : [Enrolment] -> [5579091040129024]
14:18:33,469 DEBUG SQL:104 - 
    delete 
    from
        Student 
    where
        studentId=?
14:18:33,469 DEBUG BaseGeneralDataRegion:59 - Caching[foo.org.hibernate.cache.spi.UpdateTimestampsCache] : [Student] -> [5579091040129025]
14:18:33,469 DEBUG SQL:104 - 
    delete 
    from
        CourseMeeting 
    where
        courseCode=? 
        and day=? 
        and period=? 
        and location=?
14:18:33,478 DEBUG BaseGeneralDataRegion:59 - Caching[foo.org.hibernate.cache.spi.UpdateTimestampsCache] : [CourseMeeting] -> [5579091040165888]
14:18:33,478 DEBUG SQL:104 - 
    delete 
    from
        CourseMeeting 
    where
        courseCode=? 
        and day=? 
        and period=? 
        and location=?
14:18:33,479 DEBUG BaseGeneralDataRegion:59 - Caching[foo.org.hibernate.cache.spi.UpdateTimestampsCache] : [CourseMeeting] -> [5579091040169984]
14:18:33,479 DEBUG SQL:104 - 
    delete 
    from
        Course 
    where
        courseCode=?
14:18:33,479 DEBUG BaseGeneralDataRegion:59 - Caching[foo.org.hibernate.cache.spi.UpdateTimestampsCache] : [Course] -> [5579091040169985]
14:18:33,479 DEBUG BaseGeneralDataRegion:59 - Caching[foo.org.hibernate.cache.spi.UpdateTimestampsCache] : [Student] -> [5579090794409986]
14:18:33,479 DEBUG BaseGeneralDataRegion:59 - Caching[foo.org.hibernate.cache.spi.UpdateTimestampsCache] : [Course] -> [5579090794409986]
14:18:33,479 DEBUG BaseGeneralDataRegion:59 - Caching[foo.org.hibernate.cache.spi.UpdateTimestampsCache] : [Enrolment] -> [5579090794409986]
14:18:33,479 DEBUG BaseGeneralDataRegion:59 - Caching[foo.org.hibernate.cache.spi.UpdateTimestampsCache] : [Student_secretCodes] -> [5579090794409986]
14:18:33,479 DEBUG BaseGeneralDataRegion:59 - Caching[foo.org.hibernate.cache.spi.UpdateTimestampsCache] : [Address] -> [5579090794409986]
14:18:33,479 DEBUG BaseGeneralDataRegion:59 - Caching[foo.org.hibernate.cache.spi.UpdateTimestampsCache] : [CourseMeeting] -> [5579090794409986]
14:18:33,480  INFO CustomRunner:139 - Test: testAliasToEntityMapMultiProjectionWithNullAliasList
14:18:33,481 DEBUG SQL:104 - 
    select
        coursemeet_.courseCode,
        coursemeet_.day,
        coursemeet_.period,
        coursemeet_.location 
    from
        CourseMeeting coursemeet_ 
    where
        coursemeet_.courseCode=? 
        and coursemeet_.day=? 
        and coursemeet_.period=? 
        and coursemeet_.location=?
14:18:33,490 DEBUG SQL:104 - 
    select
        coursemeet_.courseCode,
        coursemeet_.day,
        coursemeet_.period,
        coursemeet_.location 
    from
        CourseMeeting coursemeet_ 
    where
        coursemeet_.courseCode=? 
        and coursemeet_.day=? 
        and coursemeet_.period=? 
        and coursemeet_.location=?
14:18:33,514 DEBUG SQL:104 - 
    insert 
    into
        Course
        (description, courseCode) 
    values
        (?, ?)
14:18:33,515 DEBUG BaseGeneralDataRegion:59 - Caching[foo.org.hibernate.cache.spi.UpdateTimestampsCache] : [Course] -> [5579091040317440]
14:18:33,515 DEBUG SQL:104 - 
    insert 
    into
        CourseMeeting
        (courseCode, day, period, location) 
    values
        (?, ?, ?, ?)
14:18:33,515 DEBUG BaseGeneralDataRegion:59 - Caching[foo.org.hibernate.cache.spi.UpdateTimestampsCache] : [CourseMeeting] -> [5579091040317441]
14:18:33,515 DEBUG SQL:104 - 
    insert 
    into
        CourseMeeting
        (courseCode, day, period, location) 
    values
        (?, ?, ?, ?)
14:18:33,516 DEBUG BaseGeneralDataRegion:59 - Caching[foo.org.hibernate.cache.spi.UpdateTimestampsCache] : [CourseMeeting] -> [5579091040321536]
14:18:33,516 DEBUG SQL:104 - 
    insert 
    into
        Student
        (name_first, name_middle, name_last, preferredCourseCode, studentId) 
    values
        (?, ?, ?, ?, ?)
14:18:33,516 DEBUG BaseGeneralDataRegion:59 - Caching[foo.org.hibernate.cache.spi.UpdateTimestampsCache] : [Student] -> [5579091040321537]
14:18:33,516 DEBUG SQL:104 - 
    insert 
    into
        Address
        (addressType, street, city, stateProvince, postalCode, country, studentNumber, id) 
    values
        (?, ?, ?, ?, ?, ?, ?, ?)
14:18:33,516 DEBUG BaseGeneralDataRegion:59 - Caching[foo.org.hibernate.cache.spi.UpdateTimestampsCache] : [Address] -> [5579091040321538]
14:18:33,516 DEBUG SQL:104 - 
    insert 
    into
        Address
        (addressType, street, city, stateProvince, postalCode, country, studentNumber, id) 
    values
        (?, ?, ?, ?, ?, ?, ?, ?)
14:18:33,516 DEBUG BaseGeneralDataRegion:59 - Caching[foo.org.hibernate.cache.spi.UpdateTimestampsCache] : [Address] -> [5579091040321539]
14:18:33,517 DEBUG SQL:104 - 
    insert 
    into
        Student
        (name_first, name_middle, name_last, preferredCourseCode, studentId) 
    values
        (?, ?, ?, ?, ?)
14:18:33,517 DEBUG BaseGeneralDataRegion:59 - Caching[foo.org.hibernate.cache.spi.UpdateTimestampsCache] : [Student] -> [5579091040325632]
14:18:33,517 DEBUG SQL:104 - 
    insert 
    into
        Enrolment
        (semester, "year", studentId, courseCode) 
    values
        (?, ?, ?, ?)
14:18:33,542 DEBUG BaseGeneralDataRegion:59 - Caching[foo.org.hibernate.cache.spi.UpdateTimestampsCache] : [Enrolment] -> [5579091040428032]
14:18:33,543 DEBUG SQL:104 - 
    insert 
    into
        Enrolment
        (semester, "year", studentId, courseCode) 
    values
        (?, ?, ?, ?)
14:18:33,543 DEBUG BaseGeneralDataRegion:59 - Caching[foo.org.hibernate.cache.spi.UpdateTimestampsCache] : [Enrolment] -> [5579091040432128]
14:18:33,543 DEBUG BaseGeneralDataRegion:59 - Caching[foo.org.hibernate.cache.spi.UpdateTimestampsCache] : [CourseMeeting] -> [5579091040432129]
14:18:33,543 DEBUG BaseGeneralDataRegion:59 - Caching[foo.org.hibernate.cache.spi.UpdateTimestampsCache] : [Enrolment] -> [5579091040432130]
14:18:33,543 DEBUG SQL:104 - 
    update
        Address 
    set
        studentNumber=?,
        addressType=? 
    where
        id=?
14:18:33,544 DEBUG SQL:104 - 
    update
        Address 
    set
        studentNumber=?,
        addressType=? 
    where
        id=?
14:18:33,544 DEBUG BaseGeneralDataRegion:59 - Caching[foo.org.hibernate.cache.spi.UpdateTimestampsCache] : [Address] -> [5579091040436224]
14:18:33,544 DEBUG SQL:104 - 
    insert 
    into
        Student_secretCodes
        (studentNumber, i, secretCode) 
    values
        (?, ?, ?)
14:18:33,544 DEBUG BaseGeneralDataRegion:59 - Caching[foo.org.hibernate.cache.spi.UpdateTimestampsCache] : [Student_secretCodes] -> [5579091040436225]
14:18:33,544 DEBUG BaseGeneralDataRegion:59 - Caching[foo.org.hibernate.cache.spi.UpdateTimestampsCache] : [Enrolment] -> [5579091040436226]
14:18:33,544 DEBUG BaseGeneralDataRegion:59 - Caching[foo.org.hibernate.cache.spi.UpdateTimestampsCache] : [Address] -> [5579091040436227]
14:18:33,544 DEBUG SQL:104 - 
    insert 
    into
        Student_secretCodes
        (studentNumber, i, secretCode) 
    values
        (?, ?, ?)
14:18:33,545 DEBUG SQL:104 - 
    insert 
    into
        Student_secretCodes
        (studentNumber, i, secretCode) 
    values
        (?, ?, ?)
14:18:33,545 DEBUG BaseGeneralDataRegion:59 - Caching[foo.org.hibernate.cache.spi.UpdateTimestampsCache] : [Student_secretCodes] -> [5579091040440320]
14:18:33,545 DEBUG BaseGeneralDataRegion:59 - Caching[foo.org.hibernate.cache.spi.UpdateTimestampsCache] : [Student] -> [5579090794680321]
14:18:33,545 DEBUG BaseGeneralDataRegion:59 - Caching[foo.org.hibernate.cache.spi.UpdateTimestampsCache] : [Course] -> [5579090794680321]
14:18:33,545 DEBUG BaseGeneralDataRegion:59 - Caching[foo.org.hibernate.cache.spi.UpdateTimestampsCache] : [Enrolment] -> [5579090794680321]
14:18:33,545 DEBUG BaseGeneralDataRegion:59 - Caching[foo.org.hibernate.cache.spi.UpdateTimestampsCache] : [Student_secretCodes] -> [5579090794680321]
14:18:33,545 DEBUG BaseGeneralDataRegion:59 - Caching[foo.org.hibernate.cache.spi.UpdateTimestampsCache] : [Address] -> [5579090794680321]
14:18:33,545 DEBUG BaseGeneralDataRegion:59 - Caching[foo.org.hibernate.cache.spi.UpdateTimestampsCache] : [CourseMeeting] -> [5579090794680321]
14:18:33,546 DEBUG QueryTranslatorImpl:265 - parse() - HQL: select e.student as student, e.semester, e.year, e.course as course from org.hibernate.test.querycache.Enrolment e order by e.studentNumber
14:18:33,557 DEBUG QueryTranslatorImpl:283 - --- HQL AST ---
 \-[QUERY] Node: 'query'
    +-[SELECT_FROM] Node: 'SELECT_FROM'
    |  +-[FROM] Node: 'from'
    |  |  \-[RANGE] Node: 'RANGE'
    |  |     +-[DOT] Node: '.'
    |  |     |  +-[DOT] Node: '.'
    |  |     |  |  +-[DOT] Node: '.'
    |  |     |  |  |  +-[DOT] Node: '.'
    |  |     |  |  |  |  +-[IDENT] Node: 'org'
    |  |     |  |  |  |  \-[IDENT] Node: 'hibernate'
    |  |     |  |  |  \-[IDENT] Node: 'test'
    |  |     |  |  \-[IDENT] Node: 'querycache'
    |  |     |  \-[IDENT] Node: 'Enrolment'
    |  |     \-[ALIAS] Node: 'e'
    |  \-[SELECT] Node: 'select'
    |     +-[AS] Node: 'as'
    |     |  +-[DOT] Node: '.'
    |     |  |  +-[IDENT] Node: 'e'
    |     |  |  \-[IDENT] Node: 'student'
    |     |  \-[IDENT] Node: 'student'
    |     +-[DOT] Node: '.'
    |     |  +-[IDENT] Node: 'e'
    |     |  \-[IDENT] Node: 'semester'
    |     +-[DOT] Node: '.'
    |     |  +-[IDENT] Node: 'e'
    |     |  \-[IDENT] Node: 'year'
    |     \-[AS] Node: 'as'
    |        +-[DOT] Node: '.'
    |        |  +-[IDENT] Node: 'e'
    |        |  \-[IDENT] Node: 'course'
    |        \-[IDENT] Node: 'course'
    \-[ORDER] Node: 'order'
       \-[DOT] Node: '.'
          +-[IDENT] Node: 'e'
          \-[IDENT] Node: 'studentNumber'

14:18:33,559 DEBUG ErrorCounter:82 - throwQueryException() : no errors
14:18:33,559 DEBUG FromElement:157 - FromClause{level=1} : org.hibernate.test.querycache.Enrolment (e) -> enrolment0_
14:18:33,559 DEBUG FromReferenceNode:74 - Resolved : e -> (enrolment0_.studentId, enrolment0_.courseCode)
14:18:33,559 DEBUG DotNode:599 - getDataType() : student -> org.hibernate.type.ManyToOneType(org.hibernate.test.querycache.Student)
14:18:33,560 DEBUG DotNode:389 - dereferenceEntityJoin() : generating join for student in org.hibernate.test.querycache.Enrolment (<no alias>) parent = [ {null} ]
14:18:33,560 DEBUG FromElement:157 - FromClause{level=1} : org.hibernate.test.querycache.Student (<no alias>) -> student1_
14:18:33,560 DEBUG FromClause:282 - addJoinByPathMap() : e.student -> FromElement{explicit,not a collection join,not a fetch join,fetch non-lazy properties,classAlias=null,role=null,tableName=Student,tableAlias=student1_,origin=Enrolment enrolment0_,columns={enrolment0_.studentId ,className=org.hibernate.test.querycache.Student}}
14:18:33,560 DEBUG FromReferenceNode:74 - Resolved : e.student -> enrolment0_.studentId
14:18:33,560 DEBUG FromReferenceNode:74 - Resolved : e -> (enrolment0_.studentId, enrolment0_.courseCode)
14:18:33,560 DEBUG DotNode:599 - getDataType() : semester -> org.hibernate.type.ShortType@491168d6
14:18:33,560 DEBUG FromReferenceNode:74 - Resolved : e.semester -> enrolment0_.semester
14:18:33,560 DEBUG FromReferenceNode:74 - Resolved : e -> (enrolment0_.studentId, enrolment0_.courseCode)
14:18:33,561 DEBUG DotNode:599 - getDataType() : year -> org.hibernate.type.ShortType@491168d6
14:18:33,561 DEBUG FromReferenceNode:74 - Resolved : e.year -> enrolment0_."year"
14:18:33,561 DEBUG FromReferenceNode:74 - Resolved : e -> (enrolment0_.studentId, enrolment0_.courseCode)
14:18:33,561 DEBUG DotNode:599 - getDataType() : course -> org.hibernate.type.ManyToOneType(org.hibernate.test.querycache.Course)
14:18:33,561 DEBUG DotNode:389 - dereferenceEntityJoin() : generating join for course in org.hibernate.test.querycache.Enrolment (<no alias>) parent = [ {null} ]
14:18:33,561 DEBUG FromElement:157 - FromClause{level=1} : org.hibernate.test.querycache.Course (<no alias>) -> course2_
14:18:33,561 DEBUG FromClause:282 - addJoinByPathMap() : e.course -> FromElement{explicit,not a collection join,not a fetch join,fetch non-lazy properties,classAlias=null,role=null,tableName=Course,tableAlias=course2_,origin=Enrolment enrolment0_,columns={enrolment0_.courseCode ,className=org.hibernate.test.querycache.Course}}
14:18:33,561 DEBUG FromReferenceNode:74 - Resolved : e.course -> enrolment0_.courseCode
14:18:33,562 DEBUG FromReferenceNode:74 - Resolved : e -> enrolment0_.studentId, enrolment0_.courseCode
14:18:33,562 DEBUG DotNode:599 - getDataType() : studentNumber -> org.hibernate.type.LongType@4bf3f9d
14:18:33,562 DEBUG FromReferenceNode:74 - Resolved : e.studentNumber -> enrolment0_.studentId
14:18:33,568 DEBUG HqlSqlWalker:629 - processQuery() :  ( SELECT ( {select clause} ( enrolment0_.studentId (enrolment0_.studentId, enrolment0_.courseCode) student ) ( enrolment0_.semester (enrolment0_.studentId, enrolment0_.courseCode) semester ) ( enrolment0_."year" (enrolment0_.studentId, enrolment0_.courseCode) year ) ( enrolment0_.courseCode (enrolment0_.studentId, enrolment0_.courseCode) course ) ) ( FromClause{level=1} ( Enrolment enrolment0_ Student student1_ Course course2_ ) ) ( order ( enrolment0_.studentId enrolment0_.studentId, enrolment0_.courseCode studentNumber ) ) )
14:18:33,569 DEBUG JoinProcessor:175 - Using FROM fragment [Enrolment enrolment0_]
14:18:33,569 DEBUG JoinProcessor:175 - Using FROM fragment [inner join Student student1_ on enrolment0_.studentId=student1_.studentId]
14:18:33,569 DEBUG JoinProcessor:175 - Using FROM fragment [inner join Course course2_ on enrolment0_.courseCode=course2_.courseCode]
14:18:33,570 DEBUG QueryTranslatorImpl:252 - --- SQL AST ---
 \-[SELECT] QueryNode: 'SELECT'  querySpaces (Student,Course,Enrolment)
    +-[SELECT_CLAUSE] SelectClause: '{select clause}'
    |  +-[DOT] DotNode: 'enrolment0_.studentId' {propertyName=student,dereferenceType=EOF,propertyPath=student,path=e.student,tableAlias=student1_,className=org.hibernate.test.querycache.Student,classAlias=null}
    |  |  +-[ALIAS_REF] IdentNode: '(enrolment0_.studentId, enrolment0_.courseCode)' {alias=e, className=org.hibernate.test.querycache.Enrolment, tableAlias=enrolment0_}
    |  |  \-[IDENT] IdentNode: 'student' {originalText=student}
    |  +-[SELECT_COLUMNS] SqlNode: ' as col_0_0_'
    |  +-[DOT] DotNode: 'enrolment0_.semester' {propertyName=semester,dereferenceType=ALL,propertyPath=semester,path=e.semester,tableAlias=enrolment0_,className=org.hibernate.test.querycache.Enrolment,classAlias=e}
    |  |  +-[ALIAS_REF] IdentNode: '(enrolment0_.studentId, enrolment0_.courseCode)' {alias=e, className=org.hibernate.test.querycache.Enrolment, tableAlias=enrolment0_}
    |  |  \-[IDENT] IdentNode: 'semester' {originalText=semester}
    |  +-[SELECT_COLUMNS] SqlNode: ' as col_1_0_'
    |  +-[DOT] DotNode: 'enrolment0_."year"' {propertyName=year,dereferenceType=ALL,propertyPath=year,path=e.year,tableAlias=enrolment0_,className=org.hibernate.test.querycache.Enrolment,classAlias=e}
    |  |  +-[ALIAS_REF] IdentNode: '(enrolment0_.studentId, enrolment0_.courseCode)' {alias=e, className=org.hibernate.test.querycache.Enrolment, tableAlias=enrolment0_}
    |  |  \-[IDENT] IdentNode: 'year' {originalText=year}
    |  +-[SELECT_COLUMNS] SqlNode: ' as col_2_0_'
    |  +-[DOT] DotNode: 'enrolment0_.courseCode' {propertyName=course,dereferenceType=EOF,propertyPath=course,path=e.course,tableAlias=course2_,className=org.hibernate.test.querycache.Course,classAlias=null}
    |  |  +-[ALIAS_REF] IdentNode: '(enrolment0_.studentId, enrolment0_.courseCode)' {alias=e, className=org.hibernate.test.querycache.Enrolment, tableAlias=enrolment0_}
    |  |  \-[IDENT] IdentNode: 'course' {originalText=course}
    |  +-[SELECT_COLUMNS] SqlNode: ' as col_3_0_'
    |  +-[SQL_TOKEN] SqlFragment: 'student1_.studentId as studentId4_0_'
    |  +-[SQL_TOKEN] SqlFragment: 'course2_.courseCode as courseCode1_1_'
    |  +-[SQL_TOKEN] SqlFragment: 'student1_.name_first as name2_4_0_, student1_.name_middle as name3_4_0_, student1_.name_last as name4_4_0_, student1_.preferredCourseCode as preferre5_4_0_'
    |  \-[SQL_TOKEN] SqlFragment: 'course2_.description as descript2_1_1_'
    +-[FROM] FromClause: 'from' FromClause{level=1, fromElementCounter=3, fromElements=3, fromElementByClassAlias=[e], fromElementByTableAlias=[student1_, enrolment0_, course2_], fromElementsByPath=[e.course, e.student], collectionJoinFromElementsByPath=[], impliedElements=[]}
    |  \-[FROM_FRAGMENT] FromElement: 'Enrolment enrolment0_' FromElement{explicit,not a collection join,not a fetch join,fetch non-lazy properties,classAlias=e,role=null,tableName=Enrolment,tableAlias=enrolment0_,origin=null,columns={,className=org.hibernate.test.querycache.Enrolment}}
    |     +-[JOIN_FRAGMENT] FromElement: 'inner join Student student1_ on enrolment0_.studentId=student1_.studentId' FromElement{explicit,not a collection join,not a fetch join,fetch non-lazy properties,classAlias=null,role=null,tableName=Student,tableAlias=student1_,origin=Enrolment enrolment0_,columns={enrolment0_.studentId ,className=org.hibernate.test.querycache.Student}}
    |     \-[JOIN_FRAGMENT] FromElement: 'inner join Course course2_ on enrolment0_.courseCode=course2_.courseCode' FromElement{explicit,not a collection join,not a fetch join,fetch non-lazy properties,classAlias=null,role=null,tableName=Course,tableAlias=course2_,origin=Enrolment enrolment0_,columns={enrolment0_.courseCode ,className=org.hibernate.test.querycache.Course}}
    \-[ORDER] OrderByClause: 'order'
       \-[DOT] DotNode: 'enrolment0_.studentId' {propertyName=studentNumber,dereferenceType=ALL,propertyPath=studentNumber,path=e.studentNumber,tableAlias=enrolment0_,className=org.hibernate.test.querycache.Enrolment,classAlias=e}
          +-[ALIAS_REF] IdentNode: 'enrolment0_.studentId, enrolment0_.courseCode' {alias=e, className=org.hibernate.test.querycache.Enrolment, tableAlias=enrolment0_}
          \-[IDENT] IdentNode: 'studentNumber' {originalText=studentNumber}

14:18:33,579 DEBUG ErrorCounter:82 - throwQueryException() : no errors
14:18:33,580 DEBUG QueryTranslatorImpl:235 - HQL: select e.student as student, e.semester, e.year, e.course as course from org.hibernate.test.querycache.Enrolment e order by e.studentNumber
14:18:33,580 DEBUG QueryTranslatorImpl:236 - SQL: select enrolment0_.studentId as col_0_0_, enrolment0_.semester as col_1_0_, enrolment0_."year" as col_2_0_, enrolment0_.courseCode as col_3_0_, student1_.studentId as studentId4_0_, course2_.courseCode as courseCode1_1_, student1_.name_first as name2_4_0_, student1_.name_middle as name3_4_0_, student1_.name_last as name4_4_0_, student1_.preferredCourseCode as preferre5_4_0_, course2_.description as descript2_1_1_ from Enrolment enrolment0_ inner join Student student1_ on enrolment0_.studentId=student1_.studentId inner join Course course2_ on enrolment0_.courseCode=course2_.courseCode order by enrolment0_.studentId
14:18:33,580 DEBUG ErrorCounter:82 - throwQueryException() : no errors
14:18:33,581 DEBUG BaseGeneralDataRegion:46 - Cache[foo.org.hibernate.cache.internal.StandardQueryCache] lookup : key[sql: select enrolment0_.studentId as col_0_0_, enrolment0_.semester as col_1_0_, enrolment0_."year" as col_2_0_, enrolment0_.courseCode as col_3_0_, student1_.studentId as studentId4_0_, course2_.courseCode as courseCode1_1_, student1_.name_first as name2_4_0_, student1_.name_middle as name3_4_0_, student1_.name_last as name4_4_0_, student1_.preferredCourseCode as preferre5_4_0_, course2_.description as descript2_1_1_ from Enrolment enrolment0_ inner join Student student1_ on enrolment0_.studentId=student1_.studentId inner join Course course2_ on enrolment0_.courseCode=course2_.courseCode order by enrolment0_.studentId; parameters: ; named parameters: {}; transformer: org.hibernate.transform.CacheableResultTransformer@47bbf55f]
14:18:33,581 DEBUG BaseGeneralDataRegion:52 - Cache[foo.org.hibernate.cache.internal.StandardQueryCache] hit: sql: select enrolment0_.studentId as col_0_0_, enrolment0_.semester as col_1_0_, enrolment0_."year" as col_2_0_, enrolment0_.courseCode as col_3_0_, student1_.studentId as studentId4_0_, course2_.courseCode as courseCode1_1_, student1_.name_first as name2_4_0_, student1_.name_middle as name3_4_0_, student1_.name_last as name4_4_0_, student1_.preferredCourseCode as preferre5_4_0_, course2_.description as descript2_1_1_ from Enrolment enrolment0_ inner join Student student1_ on enrolment0_.studentId=student1_.studentId inner join Course course2_ on enrolment0_.courseCode=course2_.courseCode order by enrolment0_.studentId; parameters: ; named parameters: {}; transformer: org.hibernate.transform.CacheableResultTransformer@47bbf55f
14:18:33,581 DEBUG BaseGeneralDataRegion:46 - Cache[foo.org.hibernate.cache.spi.UpdateTimestampsCache] lookup : key[Student]
14:18:33,581 DEBUG BaseGeneralDataRegion:52 - Cache[foo.org.hibernate.cache.spi.UpdateTimestampsCache] hit: Student
14:18:33,581 DEBUG SQL:104 - 
    select
        enrolment0_.studentId as col_0_0_,
        enrolment0_.semester as col_1_0_,
        enrolment0_."year" as col_2_0_,
        enrolment0_.courseCode as col_3_0_,
        student1_.studentId as studentId4_0_,
        course2_.courseCode as courseCode1_1_,
        student1_.name_first as name2_4_0_,
        student1_.name_middle as name3_4_0_,
        student1_.name_last as name4_4_0_,
        student1_.preferredCourseCode as preferre5_4_0_,
        course2_.description as descript2_1_1_ 
    from
        Enrolment enrolment0_ 
    inner join
        Student student1_ 
            on enrolment0_.studentId=student1_.studentId 
    inner join
        Course course2_ 
            on enrolment0_.courseCode=course2_.courseCode 
    order by
        enrolment0_.studentId
14:18:33,583 DEBUG SQL:104 - 
    select
        secretcode0_.studentNumber as studentN1_4_0_,
        secretcode0_.secretCode as secretCode5_0_,
        secretcode0_.i as i0_ 
    from
        Student_secretCodes secretcode0_ 
    where
        secretcode0_.studentNumber=?
14:18:33,605 DEBUG SQL:104 - 
    select
        coursemeet0_.courseCode as courseCode1_1_,
        coursemeet0_.courseCode as courseCode2_1_,
        coursemeet0_.day as day2_1_,
        coursemeet0_.period as period2_1_,
        coursemeet0_.location as location2_1_,
        coursemeet0_.courseCode as courseCode2_0_,
        coursemeet0_.day as day2_0_,
        coursemeet0_.period as period2_0_,
        coursemeet0_.location as location2_0_ 
    from
        CourseMeeting coursemeet0_ 
    where
        coursemeet0_.courseCode=?
14:18:33,605 DEBUG SQL:104 - 
    select
        secretcode0_.studentNumber as studentN1_4_0_,
        secretcode0_.secretCode as secretCode5_0_,
        secretcode0_.i as i0_ 
    from
        Student_secretCodes secretcode0_ 
    where
        secretcode0_.studentNumber=?
14:18:33,606 DEBUG BaseGeneralDataRegion:59 - Caching[foo.org.hibernate.cache.internal.StandardQueryCache] : [sql: select enrolment0_.studentId as col_0_0_, enrolment0_.semester as col_1_0_, enrolment0_."year" as col_2_0_, enrolment0_.courseCode as col_3_0_, student1_.studentId as studentId4_0_, course2_.courseCode as courseCode1_1_, student1_.name_first as name2_4_0_, student1_.name_middle as name3_4_0_, student1_.name_last as name4_4_0_, student1_.preferredCourseCode as preferre5_4_0_, course2_.description as descript2_1_1_ from Enrolment enrolment0_ inner join Student student1_ on enrolment0_.studentId=student1_.studentId inner join Course course2_ on enrolment0_.courseCode=course2_.courseCode order by enrolment0_.studentId; parameters: ; named parameters: {}; transformer: org.hibernate.transform.CacheableResultTransformer@47bbf55f] -> [[5579090794930176, [Ljava.io.Serializable;@624c4832, [Ljava.io.Serializable;@7e17fd08]]
14:18:33,606 DEBUG BaseGeneralDataRegion:46 - Cache[foo.org.hibernate.cache.internal.StandardQueryCache] lookup : key[sql: select enrolment0_.studentId as col_0_0_, enrolment0_.semester as col_1_0_, enrolment0_."year" as col_2_0_, enrolment0_.courseCode as col_3_0_, student1_.studentId as studentId4_0_, course2_.courseCode as courseCode1_1_, student1_.name_first as name2_4_0_, student1_.name_middle as name3_4_0_, student1_.name_last as name4_4_0_, student1_.preferredCourseCode as preferre5_4_0_, course2_.description as descript2_1_1_ from Enrolment enrolment0_ inner join Student student1_ on enrolment0_.studentId=student1_.studentId inner join Course course2_ on enrolment0_.courseCode=course2_.courseCode order by enrolment0_.studentId; parameters: ; named parameters: {}; transformer: org.hibernate.transform.CacheableResultTransformer@47bbf55f]
14:18:33,606 DEBUG BaseGeneralDataRegion:52 - Cache[foo.org.hibernate.cache.internal.StandardQueryCache] hit: sql: select enrolment0_.studentId as col_0_0_, enrolment0_.semester as col_1_0_, enrolment0_."year" as col_2_0_, enrolment0_.courseCode as col_3_0_, student1_.studentId as studentId4_0_, course2_.courseCode as courseCode1_1_, student1_.name_first as name2_4_0_, student1_.name_middle as name3_4_0_, student1_.name_last as name4_4_0_, student1_.preferredCourseCode as preferre5_4_0_, course2_.description as descript2_1_1_ from Enrolment enrolment0_ inner join Student student1_ on enrolment0_.studentId=student1_.studentId inner join Course course2_ on enrolment0_.courseCode=course2_.courseCode order by enrolment0_.studentId; parameters: ; named parameters: {}; transformer: org.hibernate.transform.CacheableResultTransformer@47bbf55f
14:18:33,606 DEBUG BaseGeneralDataRegion:46 - Cache[foo.org.hibernate.cache.spi.UpdateTimestampsCache] lookup : key[Student]
14:18:33,607 DEBUG BaseGeneralDataRegion:52 - Cache[foo.org.hibernate.cache.spi.UpdateTimestampsCache] hit: Student
14:18:33,614 DEBUG BaseGeneralDataRegion:46 - Cache[foo.org.hibernate.cache.spi.UpdateTimestampsCache] lookup : key[Course]
14:18:33,614 DEBUG BaseGeneralDataRegion:52 - Cache[foo.org.hibernate.cache.spi.UpdateTimestampsCache] hit: Course
14:18:33,614 DEBUG BaseGeneralDataRegion:46 - Cache[foo.org.hibernate.cache.spi.UpdateTimestampsCache] lookup : key[Enrolment]
14:18:33,614 DEBUG BaseGeneralDataRegion:52 - Cache[foo.org.hibernate.cache.spi.UpdateTimestampsCache] hit: Enrolment
14:18:33,615 DEBUG SQL:104 - 
    select
        course0_.courseCode as courseCode1_0_,
        course0_.description as descript2_1_0_ 
    from
        Course course0_ 
    where
        course0_.courseCode=?
14:18:33,615 DEBUG SQL:104 - 
    select
        coursemeet0_.courseCode as courseCode1_1_,
        coursemeet0_.courseCode as courseCode2_1_,
        coursemeet0_.day as day2_1_,
        coursemeet0_.period as period2_1_,
        coursemeet0_.location as location2_1_,
        coursemeet0_.courseCode as courseCode2_0_,
        coursemeet0_.day as day2_0_,
        coursemeet0_.period as period2_0_,
        coursemeet0_.location as location2_0_ 
    from
        CourseMeeting coursemeet0_ 
    where
        coursemeet0_.courseCode=?
14:18:33,616 DEBUG SQL:104 - 
    select
        student_.studentId,
        student_.name_first as name2_4_,
        student_.name_middle as name3_4_,
        student_.name_last as name4_4_,
        student_.preferredCourseCode as preferre5_4_ 
    from
        Student student_ 
    where
        student_.studentId=?
14:18:33,627 DEBUG SQL:104 - 
    select
        enrolment_.studentId,
        enrolment_.courseCode,
        enrolment_.semester as semester3_,
        enrolment_."year" as year4_3_ 
    from
        Enrolment enrolment_ 
    where
        enrolment_.studentId=? 
        and enrolment_.courseCode=?
14:18:33,627 DEBUG SQL:104 - 
    select
        course_.courseCode,
        course_.description as descript2_1_ 
    from
        Course course_ 
    where
        course_.courseCode=?
14:18:33,628 DEBUG SQL:104 - 
    select
        student_.studentId,
        student_.name_first as name2_4_,
        student_.name_middle as name3_4_,
        student_.name_last as name4_4_,
        student_.preferredCourseCode as preferre5_4_ 
    from
        Student student_ 
    where
        student_.studentId=?
14:18:33,638 DEBUG SQL:104 - 
    select
        enrolment_.studentId,
        enrolment_.courseCode,
        enrolment_.semester as semester3_,
        enrolment_."year" as year4_3_ 
    from
        Enrolment enrolment_ 
    where
        enrolment_.studentId=? 
        and enrolment_.courseCode=?
14:18:33,638 DEBUG SQL:104 - 
    select
        coursemeet_.courseCode,
        coursemeet_.day,
        coursemeet_.period,
        coursemeet_.location 
    from
        CourseMeeting coursemeet_ 
    where
        coursemeet_.courseCode=? 
        and coursemeet_.day=? 
        and coursemeet_.period=? 
        and coursemeet_.location=?
14:18:33,648 DEBUG SQL:104 - 
    select
        coursemeet_.courseCode,
        coursemeet_.day,
        coursemeet_.period,
        coursemeet_.location 
    from
        CourseMeeting coursemeet_ 
    where
        coursemeet_.courseCode=? 
        and coursemeet_.day=? 
        and coursemeet_.period=? 
        and coursemeet_.location=?
14:18:33,648 DEBUG BaseGeneralDataRegion:59 - Caching[foo.org.hibernate.cache.spi.UpdateTimestampsCache] : [Enrolment] -> [5579091040862208]
14:18:33,649 DEBUG SQL:104 - 
    update
        Address 
    set
        studentNumber=null,
        addressType=null 
    where
        studentNumber=?
14:18:33,649 DEBUG BaseGeneralDataRegion:59 - Caching[foo.org.hibernate.cache.spi.UpdateTimestampsCache] : [Address] -> [5579091040866304]
14:18:33,649 DEBUG SQL:104 - 
    delete 
    from
        Student_secretCodes 
    where
        studentNumber=?
14:18:33,657 DEBUG BaseGeneralDataRegion:59 - Caching[foo.org.hibernate.cache.spi.UpdateTimestampsCache] : [Student_secretCodes] -> [5579091040899072]
14:18:33,657 DEBUG BaseGeneralDataRegion:59 - Caching[foo.org.hibernate.cache.spi.UpdateTimestampsCache] : [Enrolment] -> [5579091040899073]
14:18:33,657 DEBUG BaseGeneralDataRegion:59 - Caching[foo.org.hibernate.cache.spi.UpdateTimestampsCache] : [Address] -> [5579091040899074]
14:18:33,657 DEBUG SQL:104 - 
    delete 
    from
        Student_secretCodes 
    where
        studentNumber=?
14:18:33,658 DEBUG BaseGeneralDataRegion:59 - Caching[foo.org.hibernate.cache.spi.UpdateTimestampsCache] : [Student_secretCodes] -> [5579091040903168]
14:18:33,658 DEBUG BaseGeneralDataRegion:59 - Caching[foo.org.hibernate.cache.spi.UpdateTimestampsCache] : [CourseMeeting] -> [5579091040903169]
14:18:33,658 DEBUG SQL:104 - 
    delete 
    from
        Enrolment 
    where
        studentId=? 
        and courseCode=?
14:18:33,658 DEBUG BaseGeneralDataRegion:59 - Caching[foo.org.hibernate.cache.spi.UpdateTimestampsCache] : [Enrolment] -> [5579091040903170]
14:18:33,658 DEBUG SQL:104 - 
    delete 
    from
        Address 
    where
        id=?
14:18:33,658 DEBUG BaseGeneralDataRegion:59 - Caching[foo.org.hibernate.cache.spi.UpdateTimestampsCache] : [Address] -> [5579091040903171]
14:18:33,659 DEBUG SQL:104 - 
    delete 
    from
        Address 
    where
        id=?
14:18:33,668 DEBUG BaseGeneralDataRegion:59 - Caching[foo.org.hibernate.cache.spi.UpdateTimestampsCache] : [Address] -> [5579091040944128]
14:18:33,668 DEBUG SQL:104 - 
    delete 
    from
        Student 
    where
        studentId=?
14:18:33,668 DEBUG BaseGeneralDataRegion:59 - Caching[foo.org.hibernate.cache.spi.UpdateTimestampsCache] : [Student] -> [5579091040944129]
14:18:33,668 DEBUG SQL:104 - 
    delete 
    from
        Enrolment 
    where
        studentId=? 
        and courseCode=?
14:18:33,669 DEBUG BaseGeneralDataRegion:59 - Caching[foo.org.hibernate.cache.spi.UpdateTimestampsCache] : [Enrolment] -> [5579091040948224]
14:18:33,669 DEBUG SQL:104 - 
    delete 
    from
        Student 
    where
        studentId=?
14:18:33,669 DEBUG BaseGeneralDataRegion:59 - Caching[foo.org.hibernate.cache.spi.UpdateTimestampsCache] : [Student] -> [5579091040948225]
14:18:33,669 DEBUG SQL:104 - 
    delete 
    from
        CourseMeeting 
    where
        courseCode=? 
        and day=? 
        and period=? 
        and location=?
14:18:33,679 DEBUG BaseGeneralDataRegion:59 - Caching[foo.org.hibernate.cache.spi.UpdateTimestampsCache] : [CourseMeeting] -> [5579091040989184]
14:18:33,679 DEBUG SQL:104 - 
    delete 
    from
        CourseMeeting 
    where
        courseCode=? 
        and day=? 
        and period=? 
        and location=?
14:18:33,679 DEBUG BaseGeneralDataRegion:59 - Caching[foo.org.hibernate.cache.spi.UpdateTimestampsCache] : [CourseMeeting] -> [5579091040989185]
14:18:33,679 DEBUG SQL:104 - 
    delete 
    from
        Course 
    where
        courseCode=?
14:18:33,681 DEBUG BaseGeneralDataRegion:59 - Caching[foo.org.hibernate.cache.spi.UpdateTimestampsCache] : [Course] -> [5579091040997376]
14:18:33,681 DEBUG BaseGeneralDataRegion:59 - Caching[foo.org.hibernate.cache.spi.UpdateTimestampsCache] : [Student] -> [5579090795237377]
14:18:33,681 DEBUG BaseGeneralDataRegion:59 - Caching[foo.org.hibernate.cache.spi.UpdateTimestampsCache] : [Course] -> [5579090795237377]
14:18:33,681 DEBUG BaseGeneralDataRegion:59 - Caching[foo.org.hibernate.cache.spi.UpdateTimestampsCache] : [Enrolment] -> [5579090795237377]
14:18:33,681 DEBUG BaseGeneralDataRegion:59 - Caching[foo.org.hibernate.cache.spi.UpdateTimestampsCache] : [Student_secretCodes] -> [5579090795237377]
14:18:33,681 DEBUG BaseGeneralDataRegion:59 - Caching[foo.org.hibernate.cache.spi.UpdateTimestampsCache] : [Address] -> [5579090795237377]
14:18:33,681 DEBUG BaseGeneralDataRegion:59 - Caching[foo.org.hibernate.cache.spi.UpdateTimestampsCache] : [CourseMeeting] -> [5579090795237377]
14:18:33,682  INFO CustomRunner:139 - Test: testAliasToEntityMapNoProjectionList
14:18:33,683 DEBUG SQL:104 - 
    select
        coursemeet_.courseCode,
        coursemeet_.day,
        coursemeet_.period,
        coursemeet_.location 
    from
        CourseMeeting coursemeet_ 
    where
        coursemeet_.courseCode=? 
        and coursemeet_.day=? 
        and coursemeet_.period=? 
        and coursemeet_.location=?
14:18:33,684 DEBUG SQL:104 - 
    select
        coursemeet_.courseCode,
        coursemeet_.day,
        coursemeet_.period,
        coursemeet_.location 
    from
        CourseMeeting coursemeet_ 
    where
        coursemeet_.courseCode=? 
        and coursemeet_.day=? 
        and coursemeet_.period=? 
        and coursemeet_.location=?
14:18:33,746 DEBUG SQL:104 - 
    insert 
    into
        Course
        (description, courseCode) 
    values
        (?, ?)
14:18:33,746 DEBUG BaseGeneralDataRegion:59 - Caching[foo.org.hibernate.cache.spi.UpdateTimestampsCache] : [Course] -> [5579091041263616]
14:18:33,746 DEBUG SQL:104 - 
    insert 
    into
        CourseMeeting
        (courseCode, day, period, location) 
    values
        (?, ?, ?, ?)
14:18:33,747 DEBUG BaseGeneralDataRegion:59 - Caching[foo.org.hibernate.cache.spi.UpdateTimestampsCache] : [CourseMeeting] -> [5579091041267712]
14:18:33,747 DEBUG SQL:104 - 
    insert 
    into
        CourseMeeting
        (courseCode, day, period, location) 
    values
        (?, ?, ?, ?)
14:18:33,747 DEBUG BaseGeneralDataRegion:59 - Caching[foo.org.hibernate.cache.spi.UpdateTimestampsCache] : [CourseMeeting] -> [5579091041267713]
14:18:33,747 DEBUG SQL:104 - 
    insert 
    into
        Student
        (name_first, name_middle, name_last, preferredCourseCode, studentId) 
    values
        (?, ?, ?, ?, ?)
14:18:33,747 DEBUG BaseGeneralDataRegion:59 - Caching[foo.org.hibernate.cache.spi.UpdateTimestampsCache] : [Student] -> [5579091041267714]
14:18:33,747 DEBUG SQL:104 - 
    insert 
    into
        Address
        (addressType, street, city, stateProvince, postalCode, country, studentNumber, id) 
    values
        (?, ?, ?, ?, ?, ?, ?, ?)
14:18:33,747 DEBUG BaseGeneralDataRegion:59 - Caching[foo.org.hibernate.cache.spi.UpdateTimestampsCache] : [Address] -> [5579091041267715]
14:18:33,748 DEBUG SQL:104 - 
    insert 
    into
        Address
        (addressType, street, city, stateProvince, postalCode, country, studentNumber, id) 
    values
        (?, ?, ?, ?, ?, ?, ?, ?)
14:18:33,748 DEBUG BaseGeneralDataRegion:59 - Caching[foo.org.hibernate.cache.spi.UpdateTimestampsCache] : [Address] -> [5579091041271808]
14:18:33,748 DEBUG SQL:104 - 
    insert 
    into
        Student
        (name_first, name_middle, name_last, preferredCourseCode, studentId) 
    values
        (?, ?, ?, ?, ?)
14:18:33,748 DEBUG BaseGeneralDataRegion:59 - Caching[foo.org.hibernate.cache.spi.UpdateTimestampsCache] : [Student] -> [5579091041271809]
14:18:33,748 DEBUG SQL:104 - 
    insert 
    into
        Enrolment
        (semester, "year", studentId, courseCode) 
    values
        (?, ?, ?, ?)
14:18:33,748 DEBUG BaseGeneralDataRegion:59 - Caching[foo.org.hibernate.cache.spi.UpdateTimestampsCache] : [Enrolment] -> [5579091041271810]
14:18:33,748 DEBUG SQL:104 - 
    insert 
    into
        Enrolment
        (semester, "year", studentId, courseCode) 
    values
        (?, ?, ?, ?)
14:18:33,749 DEBUG BaseGeneralDataRegion:59 - Caching[foo.org.hibernate.cache.spi.UpdateTimestampsCache] : [Enrolment] -> [5579091041275904]
14:18:33,749 DEBUG BaseGeneralDataRegion:59 - Caching[foo.org.hibernate.cache.spi.UpdateTimestampsCache] : [CourseMeeting] -> [5579091041275905]
14:18:33,749 DEBUG BaseGeneralDataRegion:59 - Caching[foo.org.hibernate.cache.spi.UpdateTimestampsCache] : [Enrolment] -> [5579091041275906]
14:18:33,749 DEBUG SQL:104 - 
    update
        Address 
    set
        studentNumber=?,
        addressType=? 
    where
        id=?
14:18:33,749 DEBUG SQL:104 - 
    update
        Address 
    set
        studentNumber=?,
        addressType=? 
    where
        id=?
14:18:33,749 DEBUG BaseGeneralDataRegion:59 - Caching[foo.org.hibernate.cache.spi.UpdateTimestampsCache] : [Address] -> [5579091041275907]
14:18:33,749 DEBUG SQL:104 - 
    insert 
    into
        Student_secretCodes
        (studentNumber, i, secretCode) 
    values
        (?, ?, ?)
14:18:33,750 DEBUG BaseGeneralDataRegion:59 - Caching[foo.org.hibernate.cache.spi.UpdateTimestampsCache] : [Student_secretCodes] -> [5579091041280000]
14:18:33,750 DEBUG BaseGeneralDataRegion:59 - Caching[foo.org.hibernate.cache.spi.UpdateTimestampsCache] : [Enrolment] -> [5579091041280001]
14:18:33,750 DEBUG BaseGeneralDataRegion:59 - Caching[foo.org.hibernate.cache.spi.UpdateTimestampsCache] : [Address] -> [5579091041280002]
14:18:33,750 DEBUG SQL:104 - 
    insert 
    into
        Student_secretCodes
        (studentNumber, i, secretCode) 
    values
        (?, ?, ?)
14:18:33,750 DEBUG SQL:104 - 
    insert 
    into
        Student_secretCodes
        (studentNumber, i, secretCode) 
    values
        (?, ?, ?)
14:18:33,750 DEBUG BaseGeneralDataRegion:59 - Caching[foo.org.hibernate.cache.spi.UpdateTimestampsCache] : [Student_secretCodes] -> [5579091041280003]
14:18:33,750 DEBUG BaseGeneralDataRegion:59 - Caching[foo.org.hibernate.cache.spi.UpdateTimestampsCache] : [Student] -> [5579090795520004]
14:18:33,750 DEBUG BaseGeneralDataRegion:59 - Caching[foo.org.hibernate.cache.spi.UpdateTimestampsCache] : [Course] -> [5579090795520004]
14:18:33,751 DEBUG BaseGeneralDataRegion:59 - Caching[foo.org.hibernate.cache.spi.UpdateTimestampsCache] : [Enrolment] -> [5579090795520004]
14:18:33,751 DEBUG BaseGeneralDataRegion:59 - Caching[foo.org.hibernate.cache.spi.UpdateTimestampsCache] : [Student_secretCodes] -> [5579090795520004]
14:18:33,751 DEBUG BaseGeneralDataRegion:59 - Caching[foo.org.hibernate.cache.spi.UpdateTimestampsCache] : [Address] -> [5579090795520004]
14:18:33,751 DEBUG BaseGeneralDataRegion:59 - Caching[foo.org.hibernate.cache.spi.UpdateTimestampsCache] : [CourseMeeting] -> [5579090795520004]
14:18:33,751 DEBUG QueryTranslatorImpl:265 - parse() - HQL: from org.hibernate.test.querycache.Student s left join s.enrolments e left join e.course c order by s.studentNumber
14:18:33,753 DEBUG QueryTranslatorImpl:283 - --- HQL AST ---
 \-[QUERY] Node: 'query'
    +-[SELECT_FROM] Node: 'SELECT_FROM'
    |  \-[FROM] Node: 'from'
    |     +-[RANGE] Node: 'RANGE'
    |     |  +-[DOT] Node: '.'
    |     |  |  +-[DOT] Node: '.'
    |     |  |  |  +-[DOT] Node: '.'
    |     |  |  |  |  +-[DOT] Node: '.'
    |     |  |  |  |  |  +-[IDENT] Node: 'org'
    |     |  |  |  |  |  \-[IDENT] Node: 'hibernate'
    |     |  |  |  |  \-[IDENT] Node: 'test'
    |     |  |  |  \-[IDENT] Node: 'querycache'
    |     |  |  \-[IDENT] Node: 'Student'
    |     |  \-[ALIAS] Node: 's'
    |     +-[JOIN] Node: 'join'
    |     |  +-[LEFT] Node: 'left'
    |     |  +-[DOT] Node: '.'
    |     |  |  +-[IDENT] Node: 's'
    |     |  |  \-[IDENT] Node: 'enrolments'
    |     |  \-[ALIAS] Node: 'e'
    |     \-[JOIN] Node: 'join'
    |        +-[LEFT] Node: 'left'
    |        +-[DOT] Node: '.'
    |        |  +-[IDENT] Node: 'e'
    |        |  \-[IDENT] Node: 'course'
    |        \-[ALIAS] Node: 'c'
    \-[ORDER] Node: 'order'
       \-[DOT] Node: '.'
          +-[IDENT] Node: 's'
          \-[IDENT] Node: 'studentNumber'

14:18:33,766 DEBUG ErrorCounter:82 - throwQueryException() : no errors
14:18:33,767 DEBUG FromElement:157 - FromClause{level=1} : org.hibernate.test.querycache.Student (s) -> student0_
14:18:33,767 DEBUG FromReferenceNode:74 - Resolved : s -> student0_.studentId
14:18:33,767 DEBUG DotNode:599 - getDataType() : enrolments -> org.hibernate.type.SetType(org.hibernate.test.querycache.Student.enrolments)
14:18:33,767 DEBUG FromElementFactory:376 - createEntityAssociation() : One to many - path = s.enrolments role = org.hibernate.test.querycache.Student.enrolments associatedEntityName = org.hibernate.test.querycache.Enrolment
14:18:33,768 DEBUG FromElement:157 - FromClause{level=1} : org.hibernate.test.querycache.Enrolment (e) -> enrolments1_
14:18:33,768 DEBUG FromClause:282 - addJoinByPathMap() : s.enrolments -> FromElement{explicit,not a collection join,not a fetch join,fetch non-lazy properties,classAlias=e,role=null,tableName=Enrolment,tableAlias=enrolments1_,origin=Student student0_,columns={student0_.studentId ,className=org.hibernate.test.querycache.Enrolment}}
14:18:33,768 DEBUG DotNode:308 - dereferenceCollection() : Created new FROM element for s.enrolments : Enrolment enrolments1_
14:18:33,768 DEBUG FromReferenceNode:74 - Resolved : s.enrolments -> .
14:18:33,768 DEBUG HqlSqlWalker:403 - createFromJoinElement() : -- join tree --
 \-[JOIN_FRAGMENT] FromElement: 'Enrolment enrolments1_' FromElement{explicit,not a collection join,not a fetch join,fetch non-lazy properties,classAlias=e,role=org.hibernate.test.querycache.Student.enrolments,tableName=Enrolment,tableAlias=enrolments1_,origin=Student student0_,columns={student0_.studentId ,className=org.hibernate.test.querycache.Enrolment}}

14:18:33,769 DEBUG FromReferenceNode:74 - Resolved : e -> (enrolments1_.studentId, enrolments1_.courseCode)
14:18:33,769 DEBUG DotNode:599 - getDataType() : course -> org.hibernate.type.ManyToOneType(org.hibernate.test.querycache.Course)
14:18:33,769 DEBUG DotNode:389 - dereferenceEntityJoin() : generating join for course in org.hibernate.test.querycache.Enrolment (c) parent = [ {null} ]
14:18:33,769 DEBUG FromElement:157 - FromClause{level=1} : org.hibernate.test.querycache.Course (c) -> course2_
14:18:33,769 DEBUG FromClause:282 - addJoinByPathMap() : e.course -> FromElement{explicit,not a collection join,not a fetch join,fetch non-lazy properties,classAlias=c,role=null,tableName=Course,tableAlias=course2_,origin=Enrolment enrolments1_,columns={enrolments1_.courseCode ,className=org.hibernate.test.querycache.Course}}
14:18:33,770 DEBUG FromReferenceNode:74 - Resolved : e.course -> enrolments1_.courseCode
14:18:33,770 DEBUG HqlSqlWalker:403 - createFromJoinElement() : -- join tree --
 \-[JOIN_FRAGMENT] FromElement: 'Course course2_' FromElement{explicit,not a collection join,not a fetch join,fetch non-lazy properties,classAlias=c,role=null,tableName=Course,tableAlias=course2_,origin=Enrolment enrolments1_,columns={enrolments1_.courseCode ,className=org.hibernate.test.querycache.Course}}

14:18:33,770 DEBUG FromReferenceNode:74 - Resolved : s -> student0_.studentId
14:18:33,770 DEBUG DotNode:599 - getDataType() : studentNumber -> org.hibernate.type.LongType@4bf3f9d
14:18:33,770 DEBUG FromReferenceNode:74 - Resolved : s.studentNumber -> student0_.studentId
14:18:33,771 DEBUG HqlSqlWalker:629 - processQuery() :  ( SELECT ( FromClause{level=1} ( Student student0_ ( Enrolment enrolments1_ Course course2_ ) ) ) ( order ( student0_.studentId student0_.studentId studentNumber ) ) )
14:18:33,771 DEBUG HqlSqlWalker:869 - Derived SELECT clause created.
14:18:33,771 DEBUG JoinProcessor:175 - Using FROM fragment [Student student0_]
14:18:33,771 DEBUG JoinProcessor:175 - Using FROM fragment [left outer join Enrolment enrolments1_ on student0_.studentId=enrolments1_.studentId]
14:18:33,771 DEBUG JoinProcessor:175 - Using FROM fragment [left outer join Course course2_ on enrolments1_.courseCode=course2_.courseCode]
14:18:33,772 DEBUG QueryTranslatorImpl:252 - --- SQL AST ---
 \-[SELECT] QueryNode: 'SELECT'  querySpaces (Student,Course,Enrolment)
    +-[SELECT_CLAUSE] SelectClause: '{derived select clause}'
    |  +-[SELECT_EXPR] SelectExpressionImpl: 'student0_.studentId as studentId4_0_' {FromElement{explicit,not a collection join,not a fetch join,fetch non-lazy properties,classAlias=s,role=null,tableName=Student,tableAlias=student0_,origin=null,columns={,className=org.hibernate.test.querycache.Student}}}
    |  +-[SELECT_EXPR] SelectExpressionImpl: 'enrolments1_.studentId as studentId3_1_, enrolments1_.courseCode as courseCode3_1_' {FromElement{explicit,not a collection join,not a fetch join,fetch non-lazy properties,classAlias=e,role=org.hibernate.test.querycache.Student.enrolments,tableName=Enrolment,tableAlias=enrolments1_,origin=Student student0_,columns={student0_.studentId ,className=org.hibernate.test.querycache.Enrolment}}}
    |  +-[SELECT_EXPR] SelectExpressionImpl: 'course2_.courseCode as courseCode1_2_' {FromElement{explicit,not a collection join,not a fetch join,fetch non-lazy properties,classAlias=c,role=null,tableName=Course,tableAlias=course2_,origin=left outer join Enrolment enrolments1_ on student0_.studentId=enrolments1_.studentId,columns={enrolments1_.courseCode ,className=org.hibernate.test.querycache.Course}}}
    |  +-[SQL_TOKEN] SqlFragment: 'student0_.name_first as name2_4_0_, student0_.name_middle as name3_4_0_, student0_.name_last as name4_4_0_, student0_.preferredCourseCode as preferre5_4_0_'
    |  +-[SQL_TOKEN] SqlFragment: 'enrolments1_.semester as semester3_1_, enrolments1_."year" as year4_3_1_'
    |  \-[SQL_TOKEN] SqlFragment: 'course2_.description as descript2_1_2_'
    +-[FROM] FromClause: 'from' FromClause{level=1, fromElementCounter=3, fromElements=3, fromElementByClassAlias=[e, s, c], fromElementByTableAlias=[student0_, course2_, enrolments1_], fromElementsByPath=[e.course, s.enrolments], collectionJoinFromElementsByPath=[], impliedElements=[]}
    |  \-[FROM_FRAGMENT] FromElement: 'Student student0_' FromElement{explicit,not a collection join,not a fetch join,fetch non-lazy properties,classAlias=s,role=null,tableName=Student,tableAlias=student0_,origin=null,columns={,className=org.hibernate.test.querycache.Student}}
    |     \-[JOIN_FRAGMENT] FromElement: 'left outer join Enrolment enrolments1_ on student0_.studentId=enrolments1_.studentId' FromElement{explicit,not a collection join,not a fetch join,fetch non-lazy properties,classAlias=e,role=org.hibernate.test.querycache.Student.enrolments,tableName=Enrolment,tableAlias=enrolments1_,origin=Student student0_,columns={student0_.studentId ,className=org.hibernate.test.querycache.Enrolment}}
    |        \-[JOIN_FRAGMENT] FromElement: 'left outer join Course course2_ on enrolments1_.courseCode=course2_.courseCode' FromElement{explicit,not a collection join,not a fetch join,fetch non-lazy properties,classAlias=c,role=null,tableName=Course,tableAlias=course2_,origin=left outer join Enrolment enrolments1_ on student0_.studentId=enrolments1_.studentId,columns={enrolments1_.courseCode ,className=org.hibernate.test.querycache.Course}}
    \-[ORDER] OrderByClause: 'order'
       \-[DOT] DotNode: 'student0_.studentId' {propertyName=studentNumber,dereferenceType=ALL,propertyPath=studentNumber,path=s.studentNumber,tableAlias=student0_,className=org.hibernate.test.querycache.Student,classAlias=s}
          +-[ALIAS_REF] IdentNode: 'student0_.studentId' {alias=s, className=org.hibernate.test.querycache.Student, tableAlias=student0_}
          \-[IDENT] IdentNode: 'studentNumber' {originalText=studentNumber}

14:18:33,801 DEBUG ErrorCounter:82 - throwQueryException() : no errors
14:18:33,802 DEBUG QueryTranslatorImpl:235 - HQL: from org.hibernate.test.querycache.Student s left join s.enrolments e left join e.course c order by s.studentNumber
14:18:33,802 DEBUG QueryTranslatorImpl:236 - SQL: select student0_.studentId as studentId4_0_, enrolments1_.studentId as studentId3_1_, enrolments1_.courseCode as courseCode3_1_, course2_.courseCode as courseCode1_2_, student0_.name_first as name2_4_0_, student0_.name_middle as name3_4_0_, student0_.name_last as name4_4_0_, student0_.preferredCourseCode as preferre5_4_0_, enrolments1_.semester as semester3_1_, enrolments1_."year" as year4_3_1_, course2_.description as descript2_1_2_ from Student student0_ left outer join Enrolment enrolments1_ on student0_.studentId=enrolments1_.studentId left outer join Course course2_ on enrolments1_.courseCode=course2_.courseCode order by student0_.studentId
14:18:33,802 DEBUG ErrorCounter:82 - throwQueryException() : no errors
14:18:33,803  INFO FailureExpectedHandler:73 - Ignoring expected failure [{}] : {}
14:18:33,804  INFO Configuration:706 - HHH000221: Reading mappings from resource: org/hibernate/test/querycache/Enrolment.hbm.xml
14:18:33,812  INFO DriverManagerConnectionProviderImpl:99 - HHH000402: Using Hibernate built-in connection pool (not for production use!)
14:18:34,080  INFO DriverManagerConnectionProviderImpl:135 - HHH000115: Hibernate connection pool size: 5
14:18:34,081  INFO DriverManagerConnectionProviderImpl:138 - HHH000006: Autocommit mode: false
14:18:34,081  INFO DriverManagerConnectionProviderImpl:153 - HHH000401: using driver [org.h2.Driver] at URL [jdbc:h2:mem:db1;DB_CLOSE_DELAY=-1;MVCC=TRUE]
14:18:34,082  INFO DriverManagerConnectionProviderImpl:158 - HHH000046: Connection properties: {user=sa}
14:18:34,083  INFO Dialect:103 - HHH000400: Using dialect: org.hibernate.dialect.H2Dialect
14:18:34,083  INFO LobCreatorBuilder:94 - HHH000423: Disabling contextual LOB creation as JDBC driver reported JDBC version [3] less than 4
14:18:34,084  INFO TransactionFactoryInitiator:66 - HHH000399: Using default transaction strategy (direct JDBC transactions)
14:18:34,084  INFO ASTQueryTranslatorFactory:48 - HHH000397: Using ASTQueryTranslatorFactory
14:18:34,084  WARN CachingRegionFactory:58 - CachingRegionFactory should be only used for testing.
14:18:34,084  INFO UpdateTimestampsCache:61 - HHH000250: Starting update timestamps cache at region: foo.org.hibernate.cache.spi.UpdateTimestampsCache
14:18:34,084  INFO StandardQueryCache:86 - HHH000248: Starting query cache at region: foo.org.hibernate.cache.internal.StandardQueryCache
14:18:34,094  INFO SchemaExport:343 - HHH000227: Running hbm2ddl schema export
14:18:34,095 DEBUG SchemaExport:353 - Import file not found: /import.sql
14:18:34,099 DEBUG SQL:104 - 
    alter table Address 
        drop constraint FK1ED033D47B5C59E1
14:18:34,099 DEBUG SQL:104 - 
    alter table CourseMeeting 
        drop constraint FKC97EED80AEBBC201
14:18:34,099 DEBUG SQL:104 - 
    alter table Enrolment 
        drop constraint FKEB4882C4EC5C133
14:18:34,099 DEBUG SQL:104 - 
    alter table Enrolment 
        drop constraint FKEB4882C4AEBBC201
14:18:34,100 DEBUG SQL:104 - 
    alter table Student 
        drop constraint FKF3371A1B5679E142
14:18:34,100 DEBUG SQL:104 - 
    alter table Student_secretCodes 
        drop constraint FKAF3CA7327B5C59E1
14:18:34,100 DEBUG SQL:104 - 
    drop table Address if exists
14:18:34,100 DEBUG SQL:104 - 
    drop table Course if exists
14:18:34,101 DEBUG SQL:104 - 
    drop table CourseMeeting if exists
14:18:34,101 DEBUG SQL:104 - 
    drop table Enrolment if exists
14:18:34,101 DEBUG SQL:104 - 
    drop table Student if exists
14:18:34,101 DEBUG SQL:104 - 
    drop table Student_secretCodes if exists
14:18:34,102 DEBUG SQL:104 - 
    create table Address (
        id bigint not null,
        addressType varchar(255),
        street varchar(255),
        city varchar(255),
        stateProvince varchar(255),
        postalCode varchar(255),
        country varchar(255),
        studentNumber bigint,
        primary key (id)
    )
14:18:34,102 DEBUG SQL:104 - 
    create table Course (
        courseCode varchar(255) not null,
        description varchar(255),
        primary key (courseCode)
    )
14:18:34,102 DEBUG SQL:104 - 
    create table CourseMeeting (
        courseCode varchar(255) not null,
        day varchar(255) not null,
        period integer not null,
        location varchar(255) not null,
        primary key (courseCode, day, period, location)
    )
14:18:34,103 DEBUG SQL:104 - 
    create table Enrolment (
        studentId bigint not null,
        courseCode varchar(255) not null,
        semester smallint not null,
        "year" smallint not null,
        primary key (studentId, courseCode)
    )
14:18:34,103 DEBUG SQL:104 - 
    create table Student (
        studentId bigint not null,
        name_first varchar(255) not null,
        name_middle varchar(255),
        name_last varchar(255) not null,
        preferredCourseCode varchar(255),
        primary key (studentId)
    )
14:18:34,103 DEBUG SQL:104 - 
    create table Student_secretCodes (
        studentNumber bigint not null,
        secretCode integer,
        i integer not null,
        primary key (studentNumber, i)
    )
14:18:34,103 DEBUG SQL:104 - 
    alter table Address 
        add constraint FK1ED033D47B5C59E1 
        foreign key (studentNumber) 
        references Student
14:18:34,104 DEBUG SQL:104 - 
    alter table CourseMeeting 
        add constraint FKC97EED80AEBBC201 
        foreign key (courseCode) 
        references Course
14:18:34,104 DEBUG SQL:104 - 
    alter table Enrolment 
        add constraint FKEB4882C4EC5C133 
        foreign key (studentId) 
        references Student
14:18:34,105 DEBUG SQL:104 - 
    alter table Enrolment 
        add constraint FKEB4882C4AEBBC201 
        foreign key (courseCode) 
        references Course
14:18:34,105 DEBUG SQL:104 - 
    alter table Student 
        add constraint FKF3371A1B5679E142 
        foreign key (preferredCourseCode) 
        references Course
14:18:34,106 DEBUG SQL:104 - 
    alter table Student_secretCodes 
        add constraint FKAF3CA7327B5C59E1 
        foreign key (studentNumber) 
        references Student
14:18:34,106  INFO SchemaExport:405 - HHH000230: Schema export complete
14:18:34,107  WARN SessionFactoryImpl:1554 - HHH000008: JTASessionContext being used with JDBCTransactionFactory; auto-flush will not operate correctly with getCurrentSession()
14:18:34,107  INFO CustomRunner:139 - Test: testAliasToEntityMapNoProjectionMultiAndNullList
14:18:34,108 DEBUG SQL:104 - 
    select
        coursemeet_.courseCode,
        coursemeet_.day,
        coursemeet_.period,
        coursemeet_.location 
    from
        CourseMeeting coursemeet_ 
    where
        coursemeet_.courseCode=? 
        and coursemeet_.day=? 
        and coursemeet_.period=? 
        and coursemeet_.location=?
14:18:34,109 DEBUG SQL:104 - 
    select
        coursemeet_.courseCode,
        coursemeet_.day,
        coursemeet_.period,
        coursemeet_.location 
    from
        CourseMeeting coursemeet_ 
    where
        coursemeet_.courseCode=? 
        and coursemeet_.day=? 
        and coursemeet_.period=? 
        and coursemeet_.location=?
14:18:34,109 DEBUG SQL:104 - 
    select
        max(id) 
    from
        Address
14:18:34,110 DEBUG SQL:104 - 
    insert 
    into
        Course
        (description, courseCode) 
    values
        (?, ?)
14:18:34,110 DEBUG BaseGeneralDataRegion:59 - Caching[foo.org.hibernate.cache.spi.UpdateTimestampsCache] : [Course] -> [5579091042754560]
14:18:34,111 DEBUG SQL:104 - 
    insert 
    into
        CourseMeeting
        (courseCode, day, period, location) 
    values
        (?, ?, ?, ?)
14:18:34,111 DEBUG BaseGeneralDataRegion:59 - Caching[foo.org.hibernate.cache.spi.UpdateTimestampsCache] : [CourseMeeting] -> [5579091042758656]
14:18:34,111 DEBUG SQL:104 - 
    insert 
    into
        CourseMeeting
        (courseCode, day, period, location) 
    values
        (?, ?, ?, ?)
14:18:34,111 DEBUG BaseGeneralDataRegion:59 - Caching[foo.org.hibernate.cache.spi.UpdateTimestampsCache] : [CourseMeeting] -> [5579091042758657]
14:18:34,111 DEBUG SQL:104 - 
    insert 
    into
        Student
        (name_first, name_middle, name_last, preferredCourseCode, studentId) 
    values
        (?, ?, ?, ?, ?)
14:18:34,111 DEBUG BaseGeneralDataRegion:59 - Caching[foo.org.hibernate.cache.spi.UpdateTimestampsCache] : [Student] -> [5579091042758658]
14:18:34,112 DEBUG SQL:104 - 
    insert 
    into
        Address
        (addressType, street, city, stateProvince, postalCode, country, studentNumber, id) 
    values
        (?, ?, ?, ?, ?, ?, ?, ?)
14:18:34,112 DEBUG BaseGeneralDataRegion:59 - Caching[foo.org.hibernate.cache.spi.UpdateTimestampsCache] : [Address] -> [5579091042762752]
14:18:34,112 DEBUG SQL:104 - 
    insert 
    into
        Address
        (addressType, street, city, stateProvince, postalCode, country, studentNumber, id) 
    values
        (?, ?, ?, ?, ?, ?, ?, ?)
14:18:34,112 DEBUG BaseGeneralDataRegion:59 - Caching[foo.org.hibernate.cache.spi.UpdateTimestampsCache] : [Address] -> [5579091042762753]
14:18:34,112 DEBUG SQL:104 - 
    insert 
    into
        Student
        (name_first, name_middle, name_last, preferredCourseCode, studentId) 
    values
        (?, ?, ?, ?, ?)
14:18:34,112 DEBUG BaseGeneralDataRegion:59 - Caching[foo.org.hibernate.cache.spi.UpdateTimestampsCache] : [Student] -> [5579091042762754]
14:18:34,113 DEBUG SQL:104 - 
    insert 
    into
        Enrolment
        (semester, "year", studentId, courseCode) 
    values
        (?, ?, ?, ?)
14:18:34,113 DEBUG BaseGeneralDataRegion:59 - Caching[foo.org.hibernate.cache.spi.UpdateTimestampsCache] : [Enrolment] -> [5579091042766848]
14:18:34,113 DEBUG SQL:104 - 
    insert 
    into
        Enrolment
        (semester, "year", studentId, courseCode) 
    values
        (?, ?, ?, ?)
14:18:34,113 DEBUG BaseGeneralDataRegion:59 - Caching[foo.org.hibernate.cache.spi.UpdateTimestampsCache] : [Enrolment] -> [5579091042766849]
14:18:34,113 DEBUG BaseGeneralDataRegion:59 - Caching[foo.org.hibernate.cache.spi.UpdateTimestampsCache] : [CourseMeeting] -> [5579091042766850]
14:18:34,113 DEBUG BaseGeneralDataRegion:59 - Caching[foo.org.hibernate.cache.spi.UpdateTimestampsCache] : [Enrolment] -> [5579091042766851]
14:18:34,113 DEBUG SQL:104 - 
    update
        Address 
    set
        studentNumber=?,
        addressType=? 
    where
        id=?
14:18:34,114 DEBUG SQL:104 - 
    update
        Address 
    set
        studentNumber=?,
        addressType=? 
    where
        id=?
14:18:34,114 DEBUG BaseGeneralDataRegion:59 - Caching[foo.org.hibernate.cache.spi.UpdateTimestampsCache] : [Address] -> [5579091042770944]
14:18:34,114 DEBUG SQL:104 - 
    insert 
    into
        Student_secretCodes
        (studentNumber, i, secretCode) 
    values
        (?, ?, ?)
14:18:34,114 DEBUG BaseGeneralDataRegion:59 - Caching[foo.org.hibernate.cache.spi.UpdateTimestampsCache] : [Student_secretCodes] -> [5579091042770945]
14:18:34,114 DEBUG BaseGeneralDataRegion:59 - Caching[foo.org.hibernate.cache.spi.UpdateTimestampsCache] : [Enrolment] -> [5579091042770946]
14:18:34,114 DEBUG BaseGeneralDataRegion:59 - Caching[foo.org.hibernate.cache.spi.UpdateTimestampsCache] : [Address] -> [5579091042770947]
14:18:34,114 DEBUG SQL:104 - 
    insert 
    into
        Student_secretCodes
        (studentNumber, i, secretCode) 
    values
        (?, ?, ?)
14:18:34,115 DEBUG SQL:104 - 
    insert 
    into
        Student_secretCodes
        (studentNumber, i, secretCode) 
    values
        (?, ?, ?)
14:18:34,115 DEBUG BaseGeneralDataRegion:59 - Caching[foo.org.hibernate.cache.spi.UpdateTimestampsCache] : [Student_secretCodes] -> [5579091042775040]
14:18:34,115 DEBUG BaseGeneralDataRegion:59 - Caching[foo.org.hibernate.cache.spi.UpdateTimestampsCache] : [Student] -> [5579090797015041]
14:18:34,115 DEBUG BaseGeneralDataRegion:59 - Caching[foo.org.hibernate.cache.spi.UpdateTimestampsCache] : [Course] -> [5579090797015041]
14:18:34,115 DEBUG BaseGeneralDataRegion:59 - Caching[foo.org.hibernate.cache.spi.UpdateTimestampsCache] : [Enrolment] -> [5579090797015041]
14:18:34,115 DEBUG BaseGeneralDataRegion:59 - Caching[foo.org.hibernate.cache.spi.UpdateTimestampsCache] : [Student_secretCodes] -> [5579090797015041]
14:18:34,115 DEBUG BaseGeneralDataRegion:59 - Caching[foo.org.hibernate.cache.spi.UpdateTimestampsCache] : [Address] -> [5579090797015041]
14:18:34,115 DEBUG BaseGeneralDataRegion:59 - Caching[foo.org.hibernate.cache.spi.UpdateTimestampsCache] : [CourseMeeting] -> [5579090797015041]
14:18:34,116 DEBUG QueryTranslatorImpl:265 - parse() - HQL: from org.hibernate.test.querycache.Student s left join s.preferredCourse p left join s.addresses a order by s.studentNumber
14:18:34,117 DEBUG QueryTranslatorImpl:283 - --- HQL AST ---
 \-[QUERY] Node: 'query'
    +-[SELECT_FROM] Node: 'SELECT_FROM'
    |  \-[FROM] Node: 'from'
    |     +-[RANGE] Node: 'RANGE'
    |     |  +-[DOT] Node: '.'
    |     |  |  +-[DOT] Node: '.'
    |     |  |  |  +-[DOT] Node: '.'
    |     |  |  |  |  +-[DOT] Node: '.'
    |     |  |  |  |  |  +-[IDENT] Node: 'org'
    |     |  |  |  |  |  \-[IDENT] Node: 'hibernate'
    |     |  |  |  |  \-[IDENT] Node: 'test'
    |     |  |  |  \-[IDENT] Node: 'querycache'
    |     |  |  \-[IDENT] Node: 'Student'
    |     |  \-[ALIAS] Node: 's'
    |     +-[JOIN] Node: 'join'
    |     |  +-[LEFT] Node: 'left'
    |     |  +-[DOT] Node: '.'
    |     |  |  +-[IDENT] Node: 's'
    |     |  |  \-[IDENT] Node: 'preferredCourse'
    |     |  \-[ALIAS] Node: 'p'
    |     \-[JOIN] Node: 'join'
    |        +-[LEFT] Node: 'left'
    |        +-[DOT] Node: '.'
    |        |  +-[IDENT] Node: 's'
    |        |  \-[IDENT] Node: 'addresses'
    |        \-[ALIAS] Node: 'a'
    \-[ORDER] Node: 'order'
       \-[DOT] Node: '.'
          +-[IDENT] Node: 's'
          \-[IDENT] Node: 'studentNumber'

14:18:34,117 DEBUG ErrorCounter:82 - throwQueryException() : no errors
14:18:34,118 DEBUG FromElement:157 - FromClause{level=1} : org.hibernate.test.querycache.Student (s) -> student0_
14:18:34,118 DEBUG FromReferenceNode:74 - Resolved : s -> student0_.studentId
14:18:34,119 DEBUG DotNode:599 - getDataType() : preferredCourse -> org.hibernate.type.ManyToOneType(org.hibernate.test.querycache.Course)
14:18:34,119 DEBUG DotNode:389 - dereferenceEntityJoin() : generating join for preferredCourse in org.hibernate.test.querycache.Student (p) parent = [ {null} ]
14:18:34,119 DEBUG FromElement:157 - FromClause{level=1} : org.hibernate.test.querycache.Course (p) -> course1_
14:18:34,119 DEBUG FromClause:282 - addJoinByPathMap() : s.preferredCourse -> FromElement{explicit,not a collection join,not a fetch join,fetch non-lazy properties,classAlias=p,role=null,tableName=Course,tableAlias=course1_,origin=Student student0_,columns={student0_.preferredCourseCode ,className=org.hibernate.test.querycache.Course}}
14:18:34,119 DEBUG FromReferenceNode:74 - Resolved : s.preferredCourse -> student0_.preferredCourseCode
14:18:34,120 DEBUG HqlSqlWalker:403 - createFromJoinElement() : -- join tree --
 \-[JOIN_FRAGMENT] FromElement: 'Course course1_' FromElement{explicit,not a collection join,not a fetch join,fetch non-lazy properties,classAlias=p,role=null,tableName=Course,tableAlias=course1_,origin=Student student0_,columns={student0_.preferredCourseCode ,className=org.hibernate.test.querycache.Course}}

14:18:34,120 DEBUG FromReferenceNode:74 - Resolved : s -> student0_.studentId
14:18:34,120 DEBUG DotNode:599 - getDataType() : addresses -> org.hibernate.type.MapType(org.hibernate.test.querycache.Student.addresses)
14:18:34,120 DEBUG FromElementFactory:376 - createEntityAssociation() : One to many - path = s.addresses role = org.hibernate.test.querycache.Student.addresses associatedEntityName = org.hibernate.test.querycache.Address
14:18:34,120 DEBUG FromElement:157 - FromClause{level=1} : org.hibernate.test.querycache.Address (a) -> addresses2_
14:18:34,120 DEBUG FromClause:282 - addJoinByPathMap() : s.addresses -> FromElement{explicit,not a collection join,not a fetch join,fetch non-lazy properties,classAlias=a,role=null,tableName=Address,tableAlias=addresses2_,origin=Student student0_,columns={student0_.studentId ,className=org.hibernate.test.querycache.Address}}
14:18:34,121 DEBUG DotNode:308 - dereferenceCollection() : Created new FROM element for s.addresses : Address addresses2_
14:18:34,121 DEBUG FromReferenceNode:74 - Resolved : s.addresses -> .
14:18:34,121 DEBUG HqlSqlWalker:403 - createFromJoinElement() : -- join tree --
 \-[JOIN_FRAGMENT] FromElement: 'Address addresses2_' FromElement{explicit,not a collection join,not a fetch join,fetch non-lazy properties,classAlias=a,role=org.hibernate.test.querycache.Student.addresses,tableName=Address,tableAlias=addresses2_,origin=Student student0_,columns={student0_.studentId ,className=org.hibernate.test.querycache.Address}}

14:18:34,121 DEBUG FromReferenceNode:74 - Resolved : s -> student0_.studentId
14:18:34,121 DEBUG DotNode:599 - getDataType() : studentNumber -> org.hibernate.type.LongType@4bf3f9d
14:18:34,121 DEBUG FromReferenceNode:74 - Resolved : s.studentNumber -> student0_.studentId
14:18:34,121 DEBUG HqlSqlWalker:629 - processQuery() :  ( SELECT ( FromClause{level=1} ( Student student0_ Course course1_ Address addresses2_ ) ) ( order ( student0_.studentId student0_.studentId studentNumber ) ) )
14:18:34,122 DEBUG HqlSqlWalker:869 - Derived SELECT clause created.
14:18:34,122 DEBUG JoinProcessor:175 - Using FROM fragment [Student student0_]
14:18:34,122 DEBUG JoinProcessor:175 - Using FROM fragment [left outer join Course course1_ on student0_.preferredCourseCode=course1_.courseCode]
14:18:34,122 DEBUG JoinProcessor:175 - Using FROM fragment [left outer join Address addresses2_ on student0_.studentId=addresses2_.studentNumber]
14:18:34,122 DEBUG QueryTranslatorImpl:252 - --- SQL AST ---
 \-[SELECT] QueryNode: 'SELECT'  querySpaces (Student,Course,Address)
    +-[SELECT_CLAUSE] SelectClause: '{derived select clause}'
    |  +-[SELECT_EXPR] SelectExpressionImpl: 'student0_.studentId as studentId4_0_' {FromElement{explicit,not a collection join,not a fetch join,fetch non-lazy properties,classAlias=s,role=null,tableName=Student,tableAlias=student0_,origin=null,columns={,className=org.hibernate.test.querycache.Student}}}
    |  +-[SELECT_EXPR] SelectExpressionImpl: 'course1_.courseCode as courseCode1_1_' {FromElement{explicit,not a collection join,not a fetch join,fetch non-lazy properties,classAlias=p,role=null,tableName=Course,tableAlias=course1_,origin=Student student0_,columns={student0_.preferredCourseCode ,className=org.hibernate.test.querycache.Course}}}
    |  +-[SELECT_EXPR] SelectExpressionImpl: 'addresses2_.id as id0_2_' {FromElement{explicit,not a collection join,not a fetch join,fetch non-lazy properties,classAlias=a,role=org.hibernate.test.querycache.Student.addresses,tableName=Address,tableAlias=addresses2_,origin=Student student0_,columns={student0_.studentId ,className=org.hibernate.test.querycache.Address}}}
    |  +-[SQL_TOKEN] SqlFragment: 'student0_.name_first as name2_4_0_, student0_.name_middle as name3_4_0_, student0_.name_last as name4_4_0_, student0_.preferredCourseCode as preferre5_4_0_'
    |  +-[SQL_TOKEN] SqlFragment: 'course1_.description as descript2_1_1_'
    |  \-[SQL_TOKEN] SqlFragment: 'addresses2_.addressType as addressT2_0_2_, addresses2_.street as street0_2_, addresses2_.city as city0_2_, addresses2_.stateProvince as statePro5_0_2_, addresses2_.postalCode as postalCode0_2_, addresses2_.country as country0_2_, addresses2_.studentNumber as studentN8_0_2_'
    +-[FROM] FromClause: 'from' FromClause{level=1, fromElementCounter=3, fromElements=3, fromElementByClassAlias=[s, a, p], fromElementByTableAlias=[student0_, course1_, addresses2_], fromElementsByPath=[s.addresses, s.preferredCourse], collectionJoinFromElementsByPath=[], impliedElements=[]}
    |  \-[FROM_FRAGMENT] FromElement: 'Student student0_' FromElement{explicit,not a collection join,not a fetch join,fetch non-lazy properties,classAlias=s,role=null,tableName=Student,tableAlias=student0_,origin=null,columns={,className=org.hibernate.test.querycache.Student}}
    |     +-[JOIN_FRAGMENT] FromElement: 'left outer join Course course1_ on student0_.preferredCourseCode=course1_.courseCode' FromElement{explicit,not a collection join,not a fetch join,fetch non-lazy properties,classAlias=p,role=null,tableName=Course,tableAlias=course1_,origin=Student student0_,columns={student0_.preferredCourseCode ,className=org.hibernate.test.querycache.Course}}
    |     \-[JOIN_FRAGMENT] FromElement: 'left outer join Address addresses2_ on student0_.studentId=addresses2_.studentNumber' FromElement{explicit,not a collection join,not a fetch join,fetch non-lazy properties,classAlias=a,role=org.hibernate.test.querycache.Student.addresses,tableName=Address,tableAlias=addresses2_,origin=Student student0_,columns={student0_.studentId ,className=org.hibernate.test.querycache.Address}}
    \-[ORDER] OrderByClause: 'order'
       \-[DOT] DotNode: 'student0_.studentId' {propertyName=studentNumber,dereferenceType=ALL,propertyPath=studentNumber,path=s.studentNumber,tableAlias=student0_,className=org.hibernate.test.querycache.Student,classAlias=s}
          +-[ALIAS_REF] IdentNode: 'student0_.studentId' {alias=s, className=org.hibernate.test.querycache.Student, tableAlias=student0_}
          \-[IDENT] IdentNode: 'studentNumber' {originalText=studentNumber}

14:18:34,122 DEBUG ErrorCounter:82 - throwQueryException() : no errors
14:18:34,123 DEBUG QueryTranslatorImpl:235 - HQL: from org.hibernate.test.querycache.Student s left join s.preferredCourse p left join s.addresses a order by s.studentNumber
14:18:34,123 DEBUG QueryTranslatorImpl:236 - SQL: select student0_.studentId as studentId4_0_, course1_.courseCode as courseCode1_1_, addresses2_.id as id0_2_, student0_.name_first as name2_4_0_, student0_.name_middle as name3_4_0_, student0_.name_last as name4_4_0_, student0_.preferredCourseCode as preferre5_4_0_, course1_.description as descript2_1_1_, addresses2_.addressType as addressT2_0_2_, addresses2_.street as street0_2_, addresses2_.city as city0_2_, addresses2_.stateProvince as statePro5_0_2_, addresses2_.postalCode as postalCode0_2_, addresses2_.country as country0_2_, addresses2_.studentNumber as studentN8_0_2_ from Student student0_ left outer join Course course1_ on student0_.preferredCourseCode=course1_.courseCode left outer join Address addresses2_ on student0_.studentId=addresses2_.studentNumber order by student0_.studentId
14:18:34,123 DEBUG ErrorCounter:82 - throwQueryException() : no errors
14:18:34,123  INFO FailureExpectedHandler:73 - Ignoring expected failure [{}] : {}
14:18:34,125  INFO Configuration:706 - HHH000221: Reading mappings from resource: org/hibernate/test/querycache/Enrolment.hbm.xml
14:18:34,134  INFO DriverManagerConnectionProviderImpl:99 - HHH000402: Using Hibernate built-in connection pool (not for production use!)
14:18:34,134  INFO DriverManagerConnectionProviderImpl:135 - HHH000115: Hibernate connection pool size: 5
14:18:34,134  INFO DriverManagerConnectionProviderImpl:138 - HHH000006: Autocommit mode: false
14:18:34,135  INFO DriverManagerConnectionProviderImpl:153 - HHH000401: using driver [org.h2.Driver] at URL [jdbc:h2:mem:db1;DB_CLOSE_DELAY=-1;MVCC=TRUE]
14:18:34,135  INFO DriverManagerConnectionProviderImpl:158 - HHH000046: Connection properties: {user=sa}
14:18:34,136  INFO Dialect:103 - HHH000400: Using dialect: org.hibernate.dialect.H2Dialect
14:18:34,136  INFO LobCreatorBuilder:94 - HHH000423: Disabling contextual LOB creation as JDBC driver reported JDBC version [3] less than 4
14:18:34,137  INFO TransactionFactoryInitiator:66 - HHH000399: Using default transaction strategy (direct JDBC transactions)
14:18:34,137  INFO ASTQueryTranslatorFactory:48 - HHH000397: Using ASTQueryTranslatorFactory
14:18:34,138  WARN CachingRegionFactory:58 - CachingRegionFactory should be only used for testing.
14:18:34,138  INFO UpdateTimestampsCache:61 - HHH000250: Starting update timestamps cache at region: foo.org.hibernate.cache.spi.UpdateTimestampsCache
14:18:34,138  INFO StandardQueryCache:86 - HHH000248: Starting query cache at region: foo.org.hibernate.cache.internal.StandardQueryCache
14:18:34,148  INFO SchemaExport:343 - HHH000227: Running hbm2ddl schema export
14:18:34,148 DEBUG SchemaExport:353 - Import file not found: /import.sql
14:18:34,149 DEBUG SQL:104 - 
    alter table Address 
        drop constraint FK1ED033D47B5C59E1
14:18:34,149 DEBUG SQL:104 - 
    alter table CourseMeeting 
        drop constraint FKC97EED80AEBBC201
14:18:34,149 DEBUG SQL:104 - 
    alter table Enrolment 
        drop constraint FKEB4882C4EC5C133
14:18:34,149 DEBUG SQL:104 - 
    alter table Enrolment 
        drop constraint FKEB4882C4AEBBC201
14:18:34,150 DEBUG SQL:104 - 
    alter table Student 
        drop constraint FKF3371A1B5679E142
14:18:34,150 DEBUG SQL:104 - 
    alter table Student_secretCodes 
        drop constraint FKAF3CA7327B5C59E1
14:18:34,150 DEBUG SQL:104 - 
    drop table Address if exists
14:18:34,150 DEBUG SQL:104 - 
    drop table Course if exists
14:18:34,151 DEBUG SQL:104 - 
    drop table CourseMeeting if exists
14:18:34,151 DEBUG SQL:104 - 
    drop table Enrolment if exists
14:18:34,151 DEBUG SQL:104 - 
    drop table Student if exists
14:18:34,151 DEBUG SQL:104 - 
    drop table Student_secretCodes if exists
14:18:34,152 DEBUG SQL:104 - 
    create table Address (
        id bigint not null,
        addressType varchar(255),
        street varchar(255),
        city varchar(255),
        stateProvince varchar(255),
        postalCode varchar(255),
        country varchar(255),
        studentNumber bigint,
        primary key (id)
    )
14:18:34,152 DEBUG SQL:104 - 
    create table Course (
        courseCode varchar(255) not null,
        description varchar(255),
        primary key (courseCode)
    )
14:18:34,152 DEBUG SQL:104 - 
    create table CourseMeeting (
        courseCode varchar(255) not null,
        day varchar(255) not null,
        period integer not null,
        location varchar(255) not null,
        primary key (courseCode, day, period, location)
    )
14:18:34,153 DEBUG SQL:104 - 
    create table Enrolment (
        studentId bigint not null,
        courseCode varchar(255) not null,
        semester smallint not null,
        "year" smallint not null,
        primary key (studentId, courseCode)
    )
14:18:34,153 DEBUG SQL:104 - 
    create table Student (
        studentId bigint not null,
        name_first varchar(255) not null,
        name_middle varchar(255),
        name_last varchar(255) not null,
        preferredCourseCode varchar(255),
        primary key (studentId)
    )
14:18:34,153 DEBUG SQL:104 - 
    create table Student_secretCodes (
        studentNumber bigint not null,
        secretCode integer,
        i integer not null,
        primary key (studentNumber, i)
    )
14:18:34,154 DEBUG SQL:104 - 
    alter table Address 
        add constraint FK1ED033D47B5C59E1 
        foreign key (studentNumber) 
        references Student
14:18:34,154 DEBUG SQL:104 - 
    alter table CourseMeeting 
        add constraint FKC97EED80AEBBC201 
        foreign key (courseCode) 
        references Course
14:18:34,155 DEBUG SQL:104 - 
    alter table Enrolment 
        add constraint FKEB4882C4EC5C133 
        foreign key (studentId) 
        references Student
14:18:34,155 DEBUG SQL:104 - 
    alter table Enrolment 
        add constraint FKEB4882C4AEBBC201 
        foreign key (courseCode) 
        references Course
14:18:34,156 DEBUG SQL:104 - 
    alter table Student 
        add constraint FKF3371A1B5679E142 
        foreign key (preferredCourseCode) 
        references Course
14:18:34,156 DEBUG SQL:104 - 
    alter table Student_secretCodes 
        add constraint FKAF3CA7327B5C59E1 
        foreign key (studentNumber) 
        references Student
14:18:34,157  INFO SchemaExport:405 - HHH000230: Schema export complete
14:18:34,157  WARN SessionFactoryImpl:1554 - HHH000008: JTASessionContext being used with JDBCTransactionFactory; auto-flush will not operate correctly with getCurrentSession()
14:18:34,158  INFO CustomRunner:139 - Test: testAliasToEntityMapNoProjectionNullAndNonNullAliasList
14:18:34,159 DEBUG SQL:104 - 
    select
        coursemeet_.courseCode,
        coursemeet_.day,
        coursemeet_.period,
        coursemeet_.location 
    from
        CourseMeeting coursemeet_ 
    where
        coursemeet_.courseCode=? 
        and coursemeet_.day=? 
        and coursemeet_.period=? 
        and coursemeet_.location=?
14:18:34,159 DEBUG SQL:104 - 
    select
        coursemeet_.courseCode,
        coursemeet_.day,
        coursemeet_.period,
        coursemeet_.location 
    from
        CourseMeeting coursemeet_ 
    where
        coursemeet_.courseCode=? 
        and coursemeet_.day=? 
        and coursemeet_.period=? 
        and coursemeet_.location=?
14:18:34,160 DEBUG SQL:104 - 
    select
        max(id) 
    from
        Address
14:18:34,160 DEBUG SQL:104 - 
    insert 
    into
        Course
        (description, courseCode) 
    values
        (?, ?)
14:18:34,161 DEBUG BaseGeneralDataRegion:59 - Caching[foo.org.hibernate.cache.spi.UpdateTimestampsCache] : [Course] -> [5579091042963456]
14:18:34,161 DEBUG SQL:104 - 
    insert 
    into
        CourseMeeting
        (courseCode, day, period, location) 
    values
        (?, ?, ?, ?)
14:18:34,161 DEBUG BaseGeneralDataRegion:59 - Caching[foo.org.hibernate.cache.spi.UpdateTimestampsCache] : [CourseMeeting] -> [5579091042963457]
14:18:34,161 DEBUG SQL:104 - 
    insert 
    into
        CourseMeeting
        (courseCode, day, period, location) 
    values
        (?, ?, ?, ?)
14:18:34,161 DEBUG BaseGeneralDataRegion:59 - Caching[foo.org.hibernate.cache.spi.UpdateTimestampsCache] : [CourseMeeting] -> [5579091042963458]
14:18:34,162 DEBUG SQL:104 - 
    insert 
    into
        Student
        (name_first, name_middle, name_last, preferredCourseCode, studentId) 
    values
        (?, ?, ?, ?, ?)
14:18:34,162 DEBUG BaseGeneralDataRegion:59 - Caching[foo.org.hibernate.cache.spi.UpdateTimestampsCache] : [Student] -> [5579091042967552]
14:18:34,162 DEBUG SQL:104 - 
    insert 
    into
        Address
        (addressType, street, city, stateProvince, postalCode, country, studentNumber, id) 
    values
        (?, ?, ?, ?, ?, ?, ?, ?)
14:18:34,162 DEBUG BaseGeneralDataRegion:59 - Caching[foo.org.hibernate.cache.spi.UpdateTimestampsCache] : [Address] -> [5579091042967553]
14:18:34,162 DEBUG SQL:104 - 
    insert 
    into
        Address
        (addressType, street, city, stateProvince, postalCode, country, studentNumber, id) 
    values
        (?, ?, ?, ?, ?, ?, ?, ?)
14:18:34,162 DEBUG BaseGeneralDataRegion:59 - Caching[foo.org.hibernate.cache.spi.UpdateTimestampsCache] : [Address] -> [5579091042967554]
14:18:34,163 DEBUG SQL:104 - 
    insert 
    into
        Student
        (name_first, name_middle, name_last, preferredCourseCode, studentId) 
    values
        (?, ?, ?, ?, ?)
14:18:34,163 DEBUG BaseGeneralDataRegion:59 - Caching[foo.org.hibernate.cache.spi.UpdateTimestampsCache] : [Student] -> [5579091042971648]
14:18:34,163 DEBUG SQL:104 - 
    insert 
    into
        Enrolment
        (semester, "year", studentId, courseCode) 
    values
        (?, ?, ?, ?)
14:18:34,163 DEBUG BaseGeneralDataRegion:59 - Caching[foo.org.hibernate.cache.spi.UpdateTimestampsCache] : [Enrolment] -> [5579091042971649]
14:18:34,163 DEBUG SQL:104 - 
    insert 
    into
        Enrolment
        (semester, "year", studentId, courseCode) 
    values
        (?, ?, ?, ?)
14:18:34,163 DEBUG BaseGeneralDataRegion:59 - Caching[foo.org.hibernate.cache.spi.UpdateTimestampsCache] : [Enrolment] -> [5579091042971650]
14:18:34,164 DEBUG BaseGeneralDataRegion:59 - Caching[foo.org.hibernate.cache.spi.UpdateTimestampsCache] : [CourseMeeting] -> [5579091042975744]
14:18:34,164 DEBUG BaseGeneralDataRegion:59 - Caching[foo.org.hibernate.cache.spi.UpdateTimestampsCache] : [Enrolment] -> [5579091042975745]
14:18:34,164 DEBUG SQL:104 - 
    update
        Address 
    set
        studentNumber=?,
        addressType=? 
    where
        id=?
14:18:34,164 DEBUG SQL:104 - 
    update
        Address 
    set
        studentNumber=?,
        addressType=? 
    where
        id=?
14:18:34,164 DEBUG BaseGeneralDataRegion:59 - Caching[foo.org.hibernate.cache.spi.UpdateTimestampsCache] : [Address] -> [5579091042975746]
14:18:34,164 DEBUG SQL:104 - 
    insert 
    into
        Student_secretCodes
        (studentNumber, i, secretCode) 
    values
        (?, ?, ?)
14:18:34,164 DEBUG BaseGeneralDataRegion:59 - Caching[foo.org.hibernate.cache.spi.UpdateTimestampsCache] : [Student_secretCodes] -> [5579091042975747]
14:18:34,164 DEBUG BaseGeneralDataRegion:59 - Caching[foo.org.hibernate.cache.spi.UpdateTimestampsCache] : [Enrolment] -> [5579091042975748]
14:18:34,165 DEBUG BaseGeneralDataRegion:59 - Caching[foo.org.hibernate.cache.spi.UpdateTimestampsCache] : [Address] -> [5579091042979840]
14:18:34,165 DEBUG SQL:104 - 
    insert 
    into
        Student_secretCodes
        (studentNumber, i, secretCode) 
    values
        (?, ?, ?)
14:18:34,165 DEBUG SQL:104 - 
    insert 
    into
        Student_secretCodes
        (studentNumber, i, secretCode) 
    values
        (?, ?, ?)
14:18:34,165 DEBUG BaseGeneralDataRegion:59 - Caching[foo.org.hibernate.cache.spi.UpdateTimestampsCache] : [Student_secretCodes] -> [5579091042979841]
14:18:34,165 DEBUG BaseGeneralDataRegion:59 - Caching[foo.org.hibernate.cache.spi.UpdateTimestampsCache] : [Student] -> [5579090797219842]
14:18:34,165 DEBUG BaseGeneralDataRegion:59 - Caching[foo.org.hibernate.cache.spi.UpdateTimestampsCache] : [Course] -> [5579090797219842]
14:18:34,165 DEBUG BaseGeneralDataRegion:59 - Caching[foo.org.hibernate.cache.spi.UpdateTimestampsCache] : [Enrolment] -> [5579090797219842]
14:18:34,165 DEBUG BaseGeneralDataRegion:59 - Caching[foo.org.hibernate.cache.spi.UpdateTimestampsCache] : [Student_secretCodes] -> [5579090797219842]
14:18:34,166 DEBUG BaseGeneralDataRegion:59 - Caching[foo.org.hibernate.cache.spi.UpdateTimestampsCache] : [Address] -> [5579090797219842]
14:18:34,166 DEBUG BaseGeneralDataRegion:59 - Caching[foo.org.hibernate.cache.spi.UpdateTimestampsCache] : [CourseMeeting] -> [5579090797219842]
14:18:34,166 DEBUG QueryTranslatorImpl:265 - parse() - HQL: from org.hibernate.test.querycache.Student s left join s.addresses a left join s.preferredCourse order by s.studentNumber
14:18:34,167 DEBUG QueryTranslatorImpl:283 - --- HQL AST ---
 \-[QUERY] Node: 'query'
    +-[SELECT_FROM] Node: 'SELECT_FROM'
    |  \-[FROM] Node: 'from'
    |     +-[RANGE] Node: 'RANGE'
    |     |  +-[DOT] Node: '.'
    |     |  |  +-[DOT] Node: '.'
    |     |  |  |  +-[DOT] Node: '.'
    |     |  |  |  |  +-[DOT] Node: '.'
    |     |  |  |  |  |  +-[IDENT] Node: 'org'
    |     |  |  |  |  |  \-[IDENT] Node: 'hibernate'
    |     |  |  |  |  \-[IDENT] Node: 'test'
    |     |  |  |  \-[IDENT] Node: 'querycache'
    |     |  |  \-[IDENT] Node: 'Student'
    |     |  \-[ALIAS] Node: 's'
    |     +-[JOIN] Node: 'join'
    |     |  +-[LEFT] Node: 'left'
    |     |  +-[DOT] Node: '.'
    |     |  |  +-[IDENT] Node: 's'
    |     |  |  \-[IDENT] Node: 'addresses'
    |     |  \-[ALIAS] Node: 'a'
    |     \-[JOIN] Node: 'join'
    |        +-[LEFT] Node: 'left'
    |        \-[DOT] Node: '.'
    |           +-[IDENT] Node: 's'
    |           \-[IDENT] Node: 'preferredCourse'
    \-[ORDER] Node: 'order'
       \-[DOT] Node: '.'
          +-[IDENT] Node: 's'
          \-[IDENT] Node: 'studentNumber'

14:18:34,168 DEBUG ErrorCounter:82 - throwQueryException() : no errors
14:18:34,168 DEBUG FromElement:157 - FromClause{level=1} : org.hibernate.test.querycache.Student (s) -> student0_
14:18:34,168 DEBUG FromReferenceNode:74 - Resolved : s -> student0_.studentId
14:18:34,169 DEBUG DotNode:599 - getDataType() : addresses -> org.hibernate.type.MapType(org.hibernate.test.querycache.Student.addresses)
14:18:34,169 DEBUG FromElementFactory:376 - createEntityAssociation() : One to many - path = s.addresses role = org.hibernate.test.querycache.Student.addresses associatedEntityName = org.hibernate.test.querycache.Address
14:18:34,169 DEBUG FromElement:157 - FromClause{level=1} : org.hibernate.test.querycache.Address (a) -> addresses1_
14:18:34,169 DEBUG FromClause:282 - addJoinByPathMap() : s.addresses -> FromElement{explicit,not a collection join,not a fetch join,fetch non-lazy properties,classAlias=a,role=null,tableName=Address,tableAlias=addresses1_,origin=Student student0_,columns={student0_.studentId ,className=org.hibernate.test.querycache.Address}}
14:18:34,169 DEBUG DotNode:308 - dereferenceCollection() : Created new FROM element for s.addresses : Address addresses1_
14:18:34,169 DEBUG FromReferenceNode:74 - Resolved : s.addresses -> .
14:18:34,170 DEBUG HqlSqlWalker:403 - createFromJoinElement() : -- join tree --
 \-[JOIN_FRAGMENT] FromElement: 'Address addresses1_' FromElement{explicit,not a collection join,not a fetch join,fetch non-lazy properties,classAlias=a,role=org.hibernate.test.querycache.Student.addresses,tableName=Address,tableAlias=addresses1_,origin=Student student0_,columns={student0_.studentId ,className=org.hibernate.test.querycache.Address}}

14:18:34,170 DEBUG FromReferenceNode:74 - Resolved : s -> student0_.studentId
14:18:34,170 DEBUG DotNode:599 - getDataType() : preferredCourse -> org.hibernate.type.ManyToOneType(org.hibernate.test.querycache.Course)
14:18:34,170 DEBUG DotNode:389 - dereferenceEntityJoin() : generating join for preferredCourse in org.hibernate.test.querycache.Student (<no alias>) parent = [ {null} ]
14:18:34,170 DEBUG FromElement:157 - FromClause{level=1} : org.hibernate.test.querycache.Course (<no alias>) -> course2_
14:18:34,171 DEBUG FromClause:282 - addJoinByPathMap() : s.preferredCourse -> FromElement{explicit,not a collection join,not a fetch join,fetch non-lazy properties,classAlias=null,role=null,tableName=Course,tableAlias=course2_,origin=Student student0_,columns={student0_.preferredCourseCode ,className=org.hibernate.test.querycache.Course}}
14:18:34,171 DEBUG FromReferenceNode:74 - Resolved : s.preferredCourse -> student0_.preferredCourseCode
14:18:34,171 DEBUG HqlSqlWalker:403 - createFromJoinElement() : -- join tree --
 \-[JOIN_FRAGMENT] FromElement: 'Course course2_' FromElement{explicit,not a collection join,not a fetch join,fetch non-lazy properties,classAlias=null,role=null,tableName=Course,tableAlias=course2_,origin=Student student0_,columns={student0_.preferredCourseCode ,className=org.hibernate.test.querycache.Course}}

14:18:34,171 DEBUG FromReferenceNode:74 - Resolved : s -> student0_.studentId
14:18:34,171 DEBUG DotNode:599 - getDataType() : studentNumber -> org.hibernate.type.LongType@4bf3f9d
14:18:34,171 DEBUG FromReferenceNode:74 - Resolved : s.studentNumber -> student0_.studentId
14:18:34,172 DEBUG HqlSqlWalker:629 - processQuery() :  ( SELECT ( FromClause{level=1} ( Student student0_ Address addresses1_ Course course2_ ) ) ( order ( student0_.studentId student0_.studentId studentNumber ) ) )
14:18:34,172 DEBUG HqlSqlWalker:869 - Derived SELECT clause created.
14:18:34,172 DEBUG JoinProcessor:175 - Using FROM fragment [Student student0_]
14:18:34,172 DEBUG JoinProcessor:175 - Using FROM fragment [left outer join Address addresses1_ on student0_.studentId=addresses1_.studentNumber]
14:18:34,172 DEBUG JoinProcessor:175 - Using FROM fragment [left outer join Course course2_ on student0_.preferredCourseCode=course2_.courseCode]
14:18:34,173 DEBUG QueryTranslatorImpl:252 - --- SQL AST ---
 \-[SELECT] QueryNode: 'SELECT'  querySpaces (Student,Course,Address)
    +-[SELECT_CLAUSE] SelectClause: '{derived select clause}'
    |  +-[SELECT_EXPR] SelectExpressionImpl: 'student0_.studentId as studentId4_0_' {FromElement{explicit,not a collection join,not a fetch join,fetch non-lazy properties,classAlias=s,role=null,tableName=Student,tableAlias=student0_,origin=null,columns={,className=org.hibernate.test.querycache.Student}}}
    |  +-[SELECT_EXPR] SelectExpressionImpl: 'addresses1_.id as id0_1_' {FromElement{explicit,not a collection join,not a fetch join,fetch non-lazy properties,classAlias=a,role=org.hibernate.test.querycache.Student.addresses,tableName=Address,tableAlias=addresses1_,origin=Student student0_,columns={student0_.studentId ,className=org.hibernate.test.querycache.Address}}}
    |  +-[SELECT_EXPR] SelectExpressionImpl: 'course2_.courseCode as courseCode1_2_' {FromElement{explicit,not a collection join,not a fetch join,fetch non-lazy properties,classAlias=null,role=null,tableName=Course,tableAlias=course2_,origin=Student student0_,columns={student0_.preferredCourseCode ,className=org.hibernate.test.querycache.Course}}}
    |  +-[SQL_TOKEN] SqlFragment: 'student0_.name_first as name2_4_0_, student0_.name_middle as name3_4_0_, student0_.name_last as name4_4_0_, student0_.preferredCourseCode as preferre5_4_0_'
    |  +-[SQL_TOKEN] SqlFragment: 'addresses1_.addressType as addressT2_0_1_, addresses1_.street as street0_1_, addresses1_.city as city0_1_, addresses1_.stateProvince as statePro5_0_1_, addresses1_.postalCode as postalCode0_1_, addresses1_.country as country0_1_, addresses1_.studentNumber as studentN8_0_1_'
    |  \-[SQL_TOKEN] SqlFragment: 'course2_.description as descript2_1_2_'
    +-[FROM] FromClause: 'from' FromClause{level=1, fromElementCounter=3, fromElements=3, fromElementByClassAlias=[s, a], fromElementByTableAlias=[student0_, course2_, addresses1_], fromElementsByPath=[s.addresses, s.preferredCourse], collectionJoinFromElementsByPath=[], impliedElements=[]}
    |  \-[FROM_FRAGMENT] FromElement: 'Student student0_' FromElement{explicit,not a collection join,not a fetch join,fetch non-lazy properties,classAlias=s,role=null,tableName=Student,tableAlias=student0_,origin=null,columns={,className=org.hibernate.test.querycache.Student}}
    |     +-[JOIN_FRAGMENT] FromElement: 'left outer join Address addresses1_ on student0_.studentId=addresses1_.studentNumber' FromElement{explicit,not a collection join,not a fetch join,fetch non-lazy properties,classAlias=a,role=org.hibernate.test.querycache.Student.addresses,tableName=Address,tableAlias=addresses1_,origin=Student student0_,columns={student0_.studentId ,className=org.hibernate.test.querycache.Address}}
    |     \-[JOIN_FRAGMENT] FromElement: 'left outer join Course course2_ on student0_.preferredCourseCode=course2_.courseCode' FromElement{explicit,not a collection join,not a fetch join,fetch non-lazy properties,classAlias=null,role=null,tableName=Course,tableAlias=course2_,origin=Student student0_,columns={student0_.preferredCourseCode ,className=org.hibernate.test.querycache.Course}}
    \-[ORDER] OrderByClause: 'order'
       \-[DOT] DotNode: 'student0_.studentId' {propertyName=studentNumber,dereferenceType=ALL,propertyPath=studentNumber,path=s.studentNumber,tableAlias=student0_,className=org.hibernate.test.querycache.Student,classAlias=s}
          +-[ALIAS_REF] IdentNode: 'student0_.studentId' {alias=s, className=org.hibernate.test.querycache.Student, tableAlias=student0_}
          \-[IDENT] IdentNode: 'studentNumber' {originalText=studentNumber}

14:18:34,173 DEBUG ErrorCounter:82 - throwQueryException() : no errors
14:18:34,173 DEBUG QueryTranslatorImpl:235 - HQL: from org.hibernate.test.querycache.Student s left join s.addresses a left join s.preferredCourse order by s.studentNumber
14:18:34,173 DEBUG QueryTranslatorImpl:236 - SQL: select student0_.studentId as studentId4_0_, addresses1_.id as id0_1_, course2_.courseCode as courseCode1_2_, student0_.name_first as name2_4_0_, student0_.name_middle as name3_4_0_, student0_.name_last as name4_4_0_, student0_.preferredCourseCode as preferre5_4_0_, addresses1_.addressType as addressT2_0_1_, addresses1_.street as street0_1_, addresses1_.city as city0_1_, addresses1_.stateProvince as statePro5_0_1_, addresses1_.postalCode as postalCode0_1_, addresses1_.country as country0_1_, addresses1_.studentNumber as studentN8_0_1_, course2_.description as descript2_1_2_ from Student student0_ left outer join Address addresses1_ on student0_.studentId=addresses1_.studentNumber left outer join Course course2_ on student0_.preferredCourseCode=course2_.courseCode order by student0_.studentId
14:18:34,173 DEBUG ErrorCounter:82 - throwQueryException() : no errors
14:18:34,174  INFO FailureExpectedHandler:73 - Ignoring expected failure [{}] : {}
14:18:34,176  INFO Configuration:706 - HHH000221: Reading mappings from resource: org/hibernate/test/querycache/Enrolment.hbm.xml
14:18:34,183  INFO DriverManagerConnectionProviderImpl:99 - HHH000402: Using Hibernate built-in connection pool (not for production use!)
14:18:34,184  INFO DriverManagerConnectionProviderImpl:135 - HHH000115: Hibernate connection pool size: 5
14:18:34,184  INFO DriverManagerConnectionProviderImpl:138 - HHH000006: Autocommit mode: false
14:18:34,184  INFO DriverManagerConnectionProviderImpl:153 - HHH000401: using driver [org.h2.Driver] at URL [jdbc:h2:mem:db1;DB_CLOSE_DELAY=-1;MVCC=TRUE]
14:18:34,184  INFO DriverManagerConnectionProviderImpl:158 - HHH000046: Connection properties: {user=sa}
14:18:34,185  INFO Dialect:103 - HHH000400: Using dialect: org.hibernate.dialect.H2Dialect
14:18:34,185  INFO LobCreatorBuilder:94 - HHH000423: Disabling contextual LOB creation as JDBC driver reported JDBC version [3] less than 4
14:18:34,186  INFO TransactionFactoryInitiator:66 - HHH000399: Using default transaction strategy (direct JDBC transactions)
14:18:34,186  INFO ASTQueryTranslatorFactory:48 - HHH000397: Using ASTQueryTranslatorFactory
14:18:34,186  WARN CachingRegionFactory:58 - CachingRegionFactory should be only used for testing.
14:18:34,187  INFO UpdateTimestampsCache:61 - HHH000250: Starting update timestamps cache at region: foo.org.hibernate.cache.spi.UpdateTimestampsCache
14:18:34,187  INFO StandardQueryCache:86 - HHH000248: Starting query cache at region: foo.org.hibernate.cache.internal.StandardQueryCache
14:18:34,197  INFO SchemaExport:343 - HHH000227: Running hbm2ddl schema export
14:18:34,198 DEBUG SchemaExport:353 - Import file not found: /import.sql
14:18:34,198 DEBUG SQL:104 - 
    alter table Address 
        drop constraint FK1ED033D47B5C59E1
14:18:34,198 DEBUG SQL:104 - 
    alter table CourseMeeting 
        drop constraint FKC97EED80AEBBC201
14:18:34,198 DEBUG SQL:104 - 
    alter table Enrolment 
        drop constraint FKEB4882C4EC5C133
14:18:34,199 DEBUG SQL:104 - 
    alter table Enrolment 
        drop constraint FKEB4882C4AEBBC201
14:18:34,199 DEBUG SQL:104 - 
    alter table Student 
        drop constraint FKF3371A1B5679E142
14:18:34,199 DEBUG SQL:104 - 
    alter table Student_secretCodes 
        drop constraint FKAF3CA7327B5C59E1
14:18:34,199 DEBUG SQL:104 - 
    drop table Address if exists
14:18:34,200 DEBUG SQL:104 - 
    drop table Course if exists
14:18:34,200 DEBUG SQL:104 - 
    drop table CourseMeeting if exists
14:18:34,200 DEBUG SQL:104 - 
    drop table Enrolment if exists
14:18:34,200 DEBUG SQL:104 - 
    drop table Student if exists
14:18:34,201 DEBUG SQL:104 - 
    drop table Student_secretCodes if exists
14:18:34,201 DEBUG SQL:104 - 
    create table Address (
        id bigint not null,
        addressType varchar(255),
        street varchar(255),
        city varchar(255),
        stateProvince varchar(255),
        postalCode varchar(255),
        country varchar(255),
        studentNumber bigint,
        primary key (id)
    )
14:18:34,201 DEBUG SQL:104 - 
    create table Course (
        courseCode varchar(255) not null,
        description varchar(255),
        primary key (courseCode)
    )
14:18:34,202 DEBUG SQL:104 - 
    create table CourseMeeting (
        courseCode varchar(255) not null,
        day varchar(255) not null,
        period integer not null,
        location varchar(255) not null,
        primary key (courseCode, day, period, location)
    )
14:18:34,202 DEBUG SQL:104 - 
    create table Enrolment (
        studentId bigint not null,
        courseCode varchar(255) not null,
        semester smallint not null,
        "year" smallint not null,
        primary key (studentId, courseCode)
    )
14:18:34,203 DEBUG SQL:104 - 
    create table Student (
        studentId bigint not null,
        name_first varchar(255) not null,
        name_middle varchar(255),
        name_last varchar(255) not null,
        preferredCourseCode varchar(255),
        primary key (studentId)
    )
14:18:34,203 DEBUG SQL:104 - 
    create table Student_secretCodes (
        studentNumber bigint not null,
        secretCode integer,
        i integer not null,
        primary key (studentNumber, i)
    )
14:18:34,204 DEBUG SQL:104 - 
    alter table Address 
        add constraint FK1ED033D47B5C59E1 
        foreign key (studentNumber) 
        references Student
14:18:34,204 DEBUG SQL:104 - 
    alter table CourseMeeting 
        add constraint FKC97EED80AEBBC201 
        foreign key (courseCode) 
        references Course
14:18:34,205 DEBUG SQL:104 - 
    alter table Enrolment 
        add constraint FKEB4882C4EC5C133 
        foreign key (studentId) 
        references Student
14:18:34,205 DEBUG SQL:104 - 
    alter table Enrolment 
        add constraint FKEB4882C4AEBBC201 
        foreign key (courseCode) 
        references Course
14:18:34,205 DEBUG SQL:104 - 
    alter table Student 
        add constraint FKF3371A1B5679E142 
        foreign key (preferredCourseCode) 
        references Course
14:18:34,206 DEBUG SQL:104 - 
    alter table Student_secretCodes 
        add constraint FKAF3CA7327B5C59E1 
        foreign key (studentNumber) 
        references Student
14:18:34,206  INFO SchemaExport:405 - HHH000230: Schema export complete
14:18:34,207  WARN SessionFactoryImpl:1554 - HHH000008: JTASessionContext being used with JDBCTransactionFactory; auto-flush will not operate correctly with getCurrentSession()
14:18:34,207  INFO CustomRunner:139 - Test: testAliasToEntityMapOneProjectionList
14:18:34,208 DEBUG SQL:104 - 
    select
        coursemeet_.courseCode,
        coursemeet_.day,
        coursemeet_.period,
        coursemeet_.location 
    from
        CourseMeeting coursemeet_ 
    where
        coursemeet_.courseCode=? 
        and coursemeet_.day=? 
        and coursemeet_.period=? 
        and coursemeet_.location=?
14:18:34,209 DEBUG SQL:104 - 
    select
        coursemeet_.courseCode,
        coursemeet_.day,
        coursemeet_.period,
        coursemeet_.location 
    from
        CourseMeeting coursemeet_ 
    where
        coursemeet_.courseCode=? 
        and coursemeet_.day=? 
        and coursemeet_.period=? 
        and coursemeet_.location=?
14:18:34,209 DEBUG SQL:104 - 
    select
        max(id) 
    from
        Address
14:18:34,210 DEBUG SQL:104 - 
    insert 
    into
        Course
        (description, courseCode) 
    values
        (?, ?)
14:18:34,210 DEBUG BaseGeneralDataRegion:59 - Caching[foo.org.hibernate.cache.spi.UpdateTimestampsCache] : [Course] -> [5579091043164160]
14:18:34,210 DEBUG SQL:104 - 
    insert 
    into
        CourseMeeting
        (courseCode, day, period, location) 
    values
        (?, ?, ?, ?)
14:18:34,211 DEBUG BaseGeneralDataRegion:59 - Caching[foo.org.hibernate.cache.spi.UpdateTimestampsCache] : [CourseMeeting] -> [5579091043168256]
14:18:34,211 DEBUG SQL:104 - 
    insert 
    into
        CourseMeeting
        (courseCode, day, period, location) 
    values
        (?, ?, ?, ?)
14:18:34,211 DEBUG BaseGeneralDataRegion:59 - Caching[foo.org.hibernate.cache.spi.UpdateTimestampsCache] : [CourseMeeting] -> [5579091043168257]
14:18:34,211 DEBUG SQL:104 - 
    insert 
    into
        Student
        (name_first, name_middle, name_last, preferredCourseCode, studentId) 
    values
        (?, ?, ?, ?, ?)
14:18:34,211 DEBUG BaseGeneralDataRegion:59 - Caching[foo.org.hibernate.cache.spi.UpdateTimestampsCache] : [Student] -> [5579091043168258]
14:18:34,211 DEBUG SQL:104 - 
    insert 
    into
        Address
        (addressType, street, city, stateProvince, postalCode, country, studentNumber, id) 
    values
        (?, ?, ?, ?, ?, ?, ?, ?)
14:18:34,212 DEBUG BaseGeneralDataRegion:59 - Caching[foo.org.hibernate.cache.spi.UpdateTimestampsCache] : [Address] -> [5579091043172352]
14:18:34,212 DEBUG SQL:104 - 
    insert 
    into
        Address
        (addressType, street, city, stateProvince, postalCode, country, studentNumber, id) 
    values
        (?, ?, ?, ?, ?, ?, ?, ?)
14:18:34,212 DEBUG BaseGeneralDataRegion:59 - Caching[foo.org.hibernate.cache.spi.UpdateTimestampsCache] : [Address] -> [5579091043172353]
14:18:34,212 DEBUG SQL:104 - 
    insert 
    into
        Student
        (name_first, name_middle, name_last, preferredCourseCode, studentId) 
    values
        (?, ?, ?, ?, ?)
14:18:34,212 DEBUG BaseGeneralDataRegion:59 - Caching[foo.org.hibernate.cache.spi.UpdateTimestampsCache] : [Student] -> [5579091043172354]
14:18:34,212 DEBUG SQL:104 - 
    insert 
    into
        Enrolment
        (semester, "year", studentId, courseCode) 
    values
        (?, ?, ?, ?)
14:18:34,213 DEBUG BaseGeneralDataRegion:59 - Caching[foo.org.hibernate.cache.spi.UpdateTimestampsCache] : [Enrolment] -> [5579091043176448]
14:18:34,213 DEBUG SQL:104 - 
    insert 
    into
        Enrolment
        (semester, "year", studentId, courseCode) 
    values
        (?, ?, ?, ?)
14:18:34,213 DEBUG BaseGeneralDataRegion:59 - Caching[foo.org.hibernate.cache.spi.UpdateTimestampsCache] : [Enrolment] -> [5579091043176449]
14:18:34,213 DEBUG BaseGeneralDataRegion:59 - Caching[foo.org.hibernate.cache.spi.UpdateTimestampsCache] : [CourseMeeting] -> [5579091043176450]
14:18:34,213 DEBUG BaseGeneralDataRegion:59 - Caching[foo.org.hibernate.cache.spi.UpdateTimestampsCache] : [Enrolment] -> [5579091043176451]
14:18:34,213 DEBUG SQL:104 - 
    update
        Address 
    set
        studentNumber=?,
        addressType=? 
    where
        id=?
14:18:34,213 DEBUG SQL:104 - 
    update
        Address 
    set
        studentNumber=?,
        addressType=? 
    where
        id=?
14:18:34,214 DEBUG BaseGeneralDataRegion:59 - Caching[foo.org.hibernate.cache.spi.UpdateTimestampsCache] : [Address] -> [5579091043180544]
14:18:34,214 DEBUG SQL:104 - 
    insert 
    into
        Student_secretCodes
        (studentNumber, i, secretCode) 
    values
        (?, ?, ?)
14:18:34,214 DEBUG BaseGeneralDataRegion:59 - Caching[foo.org.hibernate.cache.spi.UpdateTimestampsCache] : [Student_secretCodes] -> [5579091043180545]
14:18:34,214 DEBUG BaseGeneralDataRegion:59 - Caching[foo.org.hibernate.cache.spi.UpdateTimestampsCache] : [Enrolment] -> [5579091043180546]
14:18:34,214 DEBUG BaseGeneralDataRegion:59 - Caching[foo.org.hibernate.cache.spi.UpdateTimestampsCache] : [Address] -> [5579091043180547]
14:18:34,214 DEBUG SQL:104 - 
    insert 
    into
        Student_secretCodes
        (studentNumber, i, secretCode) 
    values
        (?, ?, ?)
14:18:34,214 DEBUG SQL:104 - 
    insert 
    into
        Student_secretCodes
        (studentNumber, i, secretCode) 
    values
        (?, ?, ?)
14:18:34,214 DEBUG BaseGeneralDataRegion:59 - Caching[foo.org.hibernate.cache.spi.UpdateTimestampsCache] : [Student_secretCodes] -> [5579091043180548]
14:18:34,215 DEBUG BaseGeneralDataRegion:59 - Caching[foo.org.hibernate.cache.spi.UpdateTimestampsCache] : [Student] -> [5579090797424640]
14:18:34,215 DEBUG BaseGeneralDataRegion:59 - Caching[foo.org.hibernate.cache.spi.UpdateTimestampsCache] : [Course] -> [5579090797424640]
14:18:34,215 DEBUG BaseGeneralDataRegion:59 - Caching[foo.org.hibernate.cache.spi.UpdateTimestampsCache] : [Enrolment] -> [5579090797424640]
14:18:34,215 DEBUG BaseGeneralDataRegion:59 - Caching[foo.org.hibernate.cache.spi.UpdateTimestampsCache] : [Student_secretCodes] -> [5579090797424640]
14:18:34,215 DEBUG BaseGeneralDataRegion:59 - Caching[foo.org.hibernate.cache.spi.UpdateTimestampsCache] : [Address] -> [5579090797424640]
14:18:34,215 DEBUG BaseGeneralDataRegion:59 - Caching[foo.org.hibernate.cache.spi.UpdateTimestampsCache] : [CourseMeeting] -> [5579090797424640]
14:18:34,215 DEBUG QueryTranslatorImpl:265 - parse() - HQL: select e.student as student from org.hibernate.test.querycache.Enrolment e order by e.studentNumber
14:18:34,217 DEBUG QueryTranslatorImpl:283 - --- HQL AST ---
 \-[QUERY] Node: 'query'
    +-[SELECT_FROM] Node: 'SELECT_FROM'
    |  +-[FROM] Node: 'from'
    |  |  \-[RANGE] Node: 'RANGE'
    |  |     +-[DOT] Node: '.'
    |  |     |  +-[DOT] Node: '.'
    |  |     |  |  +-[DOT] Node: '.'
    |  |     |  |  |  +-[DOT] Node: '.'
    |  |     |  |  |  |  +-[IDENT] Node: 'org'
    |  |     |  |  |  |  \-[IDENT] Node: 'hibernate'
    |  |     |  |  |  \-[IDENT] Node: 'test'
    |  |     |  |  \-[IDENT] Node: 'querycache'
    |  |     |  \-[IDENT] Node: 'Enrolment'
    |  |     \-[ALIAS] Node: 'e'
    |  \-[SELECT] Node: 'select'
    |     \-[AS] Node: 'as'
    |        +-[DOT] Node: '.'
    |        |  +-[IDENT] Node: 'e'
    |        |  \-[IDENT] Node: 'student'
    |        \-[IDENT] Node: 'student'
    \-[ORDER] Node: 'order'
       \-[DOT] Node: '.'
          +-[IDENT] Node: 'e'
          \-[IDENT] Node: 'studentNumber'

14:18:34,217 DEBUG ErrorCounter:82 - throwQueryException() : no errors
14:18:34,217 DEBUG FromElement:157 - FromClause{level=1} : org.hibernate.test.querycache.Enrolment (e) -> enrolment0_
14:18:34,217 DEBUG FromReferenceNode:74 - Resolved : e -> (enrolment0_.studentId, enrolment0_.courseCode)
14:18:34,217 DEBUG DotNode:599 - getDataType() : student -> org.hibernate.type.ManyToOneType(org.hibernate.test.querycache.Student)
14:18:34,218 DEBUG DotNode:389 - dereferenceEntityJoin() : generating join for student in org.hibernate.test.querycache.Enrolment (<no alias>) parent = [ {null} ]
14:18:34,218 DEBUG FromElement:157 - FromClause{level=1} : org.hibernate.test.querycache.Student (<no alias>) -> student1_
14:18:34,218 DEBUG FromClause:282 - addJoinByPathMap() : e.student -> FromElement{explicit,not a collection join,not a fetch join,fetch non-lazy properties,classAlias=null,role=null,tableName=Student,tableAlias=student1_,origin=Enrolment enrolment0_,columns={enrolment0_.studentId ,className=org.hibernate.test.querycache.Student}}
14:18:34,218 DEBUG FromReferenceNode:74 - Resolved : e.student -> enrolment0_.studentId
14:18:34,218 DEBUG FromReferenceNode:74 - Resolved : e -> enrolment0_.studentId, enrolment0_.courseCode
14:18:34,218 DEBUG DotNode:599 - getDataType() : studentNumber -> org.hibernate.type.LongType@4bf3f9d
14:18:34,218 DEBUG FromReferenceNode:74 - Resolved : e.studentNumber -> enrolment0_.studentId
14:18:34,218 DEBUG HqlSqlWalker:629 - processQuery() :  ( SELECT ( {select clause} ( enrolment0_.studentId (enrolment0_.studentId, enrolment0_.courseCode) student ) ) ( FromClause{level=1} ( Enrolment enrolment0_ Student student1_ ) ) ( order ( enrolment0_.studentId enrolment0_.studentId, enrolment0_.courseCode studentNumber ) ) )
14:18:34,219 DEBUG JoinProcessor:175 - Using FROM fragment [Enrolment enrolment0_]
14:18:34,219 DEBUG JoinProcessor:175 - Using FROM fragment [inner join Student student1_ on enrolment0_.studentId=student1_.studentId]
14:18:34,219 DEBUG QueryTranslatorImpl:252 - --- SQL AST ---
 \-[SELECT] QueryNode: 'SELECT'  querySpaces (Student,Enrolment)
    +-[SELECT_CLAUSE] SelectClause: '{select clause}'
    |  +-[DOT] DotNode: 'student1_.studentId as studentId4_' {propertyName=student,dereferenceType=EOF,propertyPath=student,path=e.student,tableAlias=student1_,className=org.hibernate.test.querycache.Student,classAlias=null}
    |  |  +-[ALIAS_REF] IdentNode: '(enrolment0_.studentId, enrolment0_.courseCode)' {alias=e, className=org.hibernate.test.querycache.Enrolment, tableAlias=enrolment0_}
    |  |  \-[IDENT] IdentNode: 'student' {originalText=student}
    |  \-[SQL_TOKEN] SqlFragment: 'student1_.name_first as name2_4_, student1_.name_middle as name3_4_, student1_.name_last as name4_4_, student1_.preferredCourseCode as preferre5_4_'
    +-[FROM] FromClause: 'from' FromClause{level=1, fromElementCounter=2, fromElements=2, fromElementByClassAlias=[e], fromElementByTableAlias=[student1_, enrolment0_], fromElementsByPath=[e.student], collectionJoinFromElementsByPath=[], impliedElements=[]}
    |  \-[FROM_FRAGMENT] FromElement: 'Enrolment enrolment0_' FromElement{explicit,not a collection join,not a fetch join,fetch non-lazy properties,classAlias=e,role=null,tableName=Enrolment,tableAlias=enrolment0_,origin=null,columns={,className=org.hibernate.test.querycache.Enrolment}}
    |     \-[JOIN_FRAGMENT] FromElement: 'inner join Student student1_ on enrolment0_.studentId=student1_.studentId' FromElement{explicit,not a collection join,not a fetch join,fetch non-lazy properties,classAlias=null,role=null,tableName=Student,tableAlias=student1_,origin=Enrolment enrolment0_,columns={enrolment0_.studentId ,className=org.hibernate.test.querycache.Student}}
    \-[ORDER] OrderByClause: 'order'
       \-[DOT] DotNode: 'enrolment0_.studentId' {propertyName=studentNumber,dereferenceType=ALL,propertyPath=studentNumber,path=e.studentNumber,tableAlias=enrolment0_,className=org.hibernate.test.querycache.Enrolment,classAlias=e}
          +-[ALIAS_REF] IdentNode: 'enrolment0_.studentId, enrolment0_.courseCode' {alias=e, className=org.hibernate.test.querycache.Enrolment, tableAlias=enrolment0_}
          \-[IDENT] IdentNode: 'studentNumber' {originalText=studentNumber}

14:18:34,223 DEBUG ErrorCounter:82 - throwQueryException() : no errors
14:18:34,223 DEBUG QueryTranslatorImpl:235 - HQL: select e.student as student from org.hibernate.test.querycache.Enrolment e order by e.studentNumber
14:18:34,223 DEBUG QueryTranslatorImpl:236 - SQL: select student1_.studentId as studentId4_, student1_.name_first as name2_4_, student1_.name_middle as name3_4_, student1_.name_last as name4_4_, student1_.preferredCourseCode as preferre5_4_ from Enrolment enrolment0_ inner join Student student1_ on enrolment0_.studentId=student1_.studentId order by enrolment0_.studentId
14:18:34,223 DEBUG ErrorCounter:82 - throwQueryException() : no errors
14:18:34,223 DEBUG BaseGeneralDataRegion:46 - Cache[foo.org.hibernate.cache.internal.StandardQueryCache] lookup : key[sql: select student1_.studentId as studentId4_, student1_.name_first as name2_4_, student1_.name_middle as name3_4_, student1_.name_last as name4_4_, student1_.preferredCourseCode as preferre5_4_ from Enrolment enrolment0_ inner join Student student1_ on enrolment0_.studentId=student1_.studentId order by enrolment0_.studentId; parameters: ; named parameters: {}; transformer: org.hibernate.transform.CacheableResultTransformer@110f2]
14:18:34,224 DEBUG SQL:104 - 
    select
        student1_.studentId as studentId4_,
        student1_.name_first as name2_4_,
        student1_.name_middle as name3_4_,
        student1_.name_last as name4_4_,
        student1_.preferredCourseCode as preferre5_4_ 
    from
        Enrolment enrolment0_ 
    inner join
        Student student1_ 
            on enrolment0_.studentId=student1_.studentId 
    order by
        enrolment0_.studentId
14:18:34,225 DEBUG SQL:104 - 
    select
        secretcode0_.studentNumber as studentN1_4_0_,
        secretcode0_.secretCode as secretCode5_0_,
        secretcode0_.i as i0_ 
    from
        Student_secretCodes secretcode0_ 
    where
        secretcode0_.studentNumber=?
14:18:34,226 DEBUG SQL:104 - 
    select
        secretcode0_.studentNumber as studentN1_4_0_,
        secretcode0_.secretCode as secretCode5_0_,
        secretcode0_.i as i0_ 
    from
        Student_secretCodes secretcode0_ 
    where
        secretcode0_.studentNumber=?
14:18:34,226 DEBUG BaseGeneralDataRegion:59 - Caching[foo.org.hibernate.cache.internal.StandardQueryCache] : [sql: select student1_.studentId as studentId4_, student1_.name_first as name2_4_, student1_.name_middle as name3_4_, student1_.name_last as name4_4_, student1_.preferredCourseCode as preferre5_4_ from Enrolment enrolment0_ inner join Student student1_ on enrolment0_.studentId=student1_.studentId order by enrolment0_.studentId; parameters: ; named parameters: {}; transformer: org.hibernate.transform.CacheableResultTransformer@110f2] -> [[5579090797469696, 111, 999]]
14:18:34,227 DEBUG BaseGeneralDataRegion:46 - Cache[foo.org.hibernate.cache.internal.StandardQueryCache] lookup : key[sql: select student1_.studentId as studentId4_, student1_.name_first as name2_4_, student1_.name_middle as name3_4_, student1_.name_last as name4_4_, student1_.preferredCourseCode as preferre5_4_ from Enrolment enrolment0_ inner join Student student1_ on enrolment0_.studentId=student1_.studentId order by enrolment0_.studentId; parameters: ; named parameters: {}; transformer: org.hibernate.transform.CacheableResultTransformer@110f2]
14:18:34,227 DEBUG BaseGeneralDataRegion:52 - Cache[foo.org.hibernate.cache.internal.StandardQueryCache] hit: sql: select student1_.studentId as studentId4_, student1_.name_first as name2_4_, student1_.name_middle as name3_4_, student1_.name_last as name4_4_, student1_.preferredCourseCode as preferre5_4_ from Enrolment enrolment0_ inner join Student student1_ on enrolment0_.studentId=student1_.studentId order by enrolment0_.studentId; parameters: ; named parameters: {}; transformer: org.hibernate.transform.CacheableResultTransformer@110f2
14:18:34,227 DEBUG BaseGeneralDataRegion:46 - Cache[foo.org.hibernate.cache.spi.UpdateTimestampsCache] lookup : key[Student]
14:18:34,251 DEBUG BaseGeneralDataRegion:52 - Cache[foo.org.hibernate.cache.spi.UpdateTimestampsCache] hit: Student
14:18:34,251 DEBUG BaseGeneralDataRegion:46 - Cache[foo.org.hibernate.cache.spi.UpdateTimestampsCache] lookup : key[Enrolment]
14:18:34,251 DEBUG BaseGeneralDataRegion:52 - Cache[foo.org.hibernate.cache.spi.UpdateTimestampsCache] hit: Enrolment
14:18:34,252 DEBUG SQL:104 - 
    select
        student_.studentId,
        student_.name_first as name2_4_,
        student_.name_middle as name3_4_,
        student_.name_last as name4_4_,
        student_.preferredCourseCode as preferre5_4_ 
    from
        Student student_ 
    where
        student_.studentId=?
14:18:34,253 DEBUG SQL:104 - 
    select
        enrolment_.studentId,
        enrolment_.courseCode,
        enrolment_.semester as semester3_,
        enrolment_."year" as year4_3_ 
    from
        Enrolment enrolment_ 
    where
        enrolment_.studentId=? 
        and enrolment_.courseCode=?
14:18:34,254 DEBUG SQL:104 - 
    select
        course_.courseCode,
        course_.description as descript2_1_ 
    from
        Course course_ 
    where
        course_.courseCode=?
14:18:34,267 DEBUG SQL:104 - 
    select
        student_.studentId,
        student_.name_first as name2_4_,
        student_.name_middle as name3_4_,
        student_.name_last as name4_4_,
        student_.preferredCourseCode as preferre5_4_ 
    from
        Student student_ 
    where
        student_.studentId=?
14:18:34,267 DEBUG SQL:104 - 
    select
        enrolment_.studentId,
        enrolment_.courseCode,
        enrolment_.semester as semester3_,
        enrolment_."year" as year4_3_ 
    from
        Enrolment enrolment_ 
    where
        enrolment_.studentId=? 
        and enrolment_.courseCode=?
14:18:34,276 DEBUG SQL:104 - 
    select
        coursemeet_.courseCode,
        coursemeet_.day,
        coursemeet_.period,
        coursemeet_.location 
    from
        CourseMeeting coursemeet_ 
    where
        coursemeet_.courseCode=? 
        and coursemeet_.day=? 
        and coursemeet_.period=? 
        and coursemeet_.location=?
14:18:34,276 DEBUG SQL:104 - 
    select
        coursemeet_.courseCode,
        coursemeet_.day,
        coursemeet_.period,
        coursemeet_.location 
    from
        CourseMeeting coursemeet_ 
    where
        coursemeet_.courseCode=? 
        and coursemeet_.day=? 
        and coursemeet_.period=? 
        and coursemeet_.location=?
14:18:34,276 DEBUG BaseGeneralDataRegion:59 - Caching[foo.org.hibernate.cache.spi.UpdateTimestampsCache] : [Enrolment] -> [5579091043434496]
14:18:34,277 DEBUG SQL:104 - 
    update
        Address 
    set
        studentNumber=null,
        addressType=null 
    where
        studentNumber=?
14:18:34,286 DEBUG BaseGeneralDataRegion:59 - Caching[foo.org.hibernate.cache.spi.UpdateTimestampsCache] : [Address] -> [5579091043475456]
14:18:34,286 DEBUG SQL:104 - 
    delete 
    from
        Student_secretCodes 
    where
        studentNumber=?
14:18:34,287 DEBUG BaseGeneralDataRegion:59 - Caching[foo.org.hibernate.cache.spi.UpdateTimestampsCache] : [Student_secretCodes] -> [5579091043479552]
14:18:34,287 DEBUG BaseGeneralDataRegion:59 - Caching[foo.org.hibernate.cache.spi.UpdateTimestampsCache] : [Enrolment] -> [5579091043479553]
14:18:34,287 DEBUG BaseGeneralDataRegion:59 - Caching[foo.org.hibernate.cache.spi.UpdateTimestampsCache] : [Address] -> [5579091043479554]
14:18:34,287 DEBUG SQL:104 - 
    delete 
    from
        Student_secretCodes 
    where
        studentNumber=?
14:18:34,287 DEBUG BaseGeneralDataRegion:59 - Caching[foo.org.hibernate.cache.spi.UpdateTimestampsCache] : [Student_secretCodes] -> [5579091043479555]
14:18:34,287 DEBUG BaseGeneralDataRegion:59 - Caching[foo.org.hibernate.cache.spi.UpdateTimestampsCache] : [CourseMeeting] -> [5579091043479556]
14:18:34,287 DEBUG SQL:104 - 
    delete 
    from
        Enrolment 
    where
        studentId=? 
        and courseCode=?
14:18:34,296 DEBUG BaseGeneralDataRegion:59 - Caching[foo.org.hibernate.cache.spi.UpdateTimestampsCache] : [Enrolment] -> [5579091043516416]
14:18:34,297 DEBUG SQL:104 - 
    delete 
    from
        Address 
    where
        id=?
14:18:34,297 DEBUG BaseGeneralDataRegion:59 - Caching[foo.org.hibernate.cache.spi.UpdateTimestampsCache] : [Address] -> [5579091043520512]
14:18:34,297 DEBUG SQL:104 - 
    delete 
    from
        Address 
    where
        id=?
14:18:34,297 DEBUG BaseGeneralDataRegion:59 - Caching[foo.org.hibernate.cache.spi.UpdateTimestampsCache] : [Address] -> [5579091043520513]
14:18:34,297 DEBUG SQL:104 - 
    delete 
    from
        Student 
    where
        studentId=?
14:18:34,298 DEBUG BaseGeneralDataRegion:59 - Caching[foo.org.hibernate.cache.spi.UpdateTimestampsCache] : [Student] -> [5579091043524608]
14:18:34,298 DEBUG SQL:104 - 
    delete 
    from
        Enrolment 
    where
        studentId=? 
        and courseCode=?
14:18:34,298 DEBUG BaseGeneralDataRegion:59 - Caching[foo.org.hibernate.cache.spi.UpdateTimestampsCache] : [Enrolment] -> [5579091043524609]
14:18:34,298 DEBUG SQL:104 - 
    delete 
    from
        Student 
    where
        studentId=?
14:18:34,298 DEBUG BaseGeneralDataRegion:59 - Caching[foo.org.hibernate.cache.spi.UpdateTimestampsCache] : [Student] -> [5579091043524610]
14:18:34,299 DEBUG SQL:104 - 
    delete 
    from
        CourseMeeting 
    where
        courseCode=? 
        and day=? 
        and period=? 
        and location=?
14:18:34,299 DEBUG BaseGeneralDataRegion:59 - Caching[foo.org.hibernate.cache.spi.UpdateTimestampsCache] : [CourseMeeting] -> [5579091043528704]
14:18:34,299 DEBUG SQL:104 - 
    delete 
    from
        CourseMeeting 
    where
        courseCode=? 
        and day=? 
        and period=? 
        and location=?
14:18:34,299 DEBUG BaseGeneralDataRegion:59 - Caching[foo.org.hibernate.cache.spi.UpdateTimestampsCache] : [CourseMeeting] -> [5579091043528705]
14:18:34,299 DEBUG SQL:104 - 
    delete 
    from
        Course 
    where
        courseCode=?
14:18:34,300 DEBUG BaseGeneralDataRegion:59 - Caching[foo.org.hibernate.cache.spi.UpdateTimestampsCache] : [Course] -> [5579091043532800]
14:18:34,300 DEBUG BaseGeneralDataRegion:59 - Caching[foo.org.hibernate.cache.spi.UpdateTimestampsCache] : [Student] -> [5579090797772801]
14:18:34,300 DEBUG BaseGeneralDataRegion:59 - Caching[foo.org.hibernate.cache.spi.UpdateTimestampsCache] : [Course] -> [5579090797772801]
14:18:34,300 DEBUG BaseGeneralDataRegion:59 - Caching[foo.org.hibernate.cache.spi.UpdateTimestampsCache] : [Enrolment] -> [5579090797772801]
14:18:34,300 DEBUG BaseGeneralDataRegion:59 - Caching[foo.org.hibernate.cache.spi.UpdateTimestampsCache] : [Student_secretCodes] -> [5579090797772801]
14:18:34,300 DEBUG BaseGeneralDataRegion:59 - Caching[foo.org.hibernate.cache.spi.UpdateTimestampsCache] : [Address] -> [5579090797772801]
14:18:34,300 DEBUG BaseGeneralDataRegion:59 - Caching[foo.org.hibernate.cache.spi.UpdateTimestampsCache] : [CourseMeeting] -> [5579090797772801]
14:18:34,301  INFO CustomRunner:139 - Test: testEntityWithAliasedJoinFetchedLazyOneToManySingleElementListHql
14:18:34,323 DEBUG SQL:104 - 
    select
        coursemeet_.courseCode,
        coursemeet_.day,
        coursemeet_.period,
        coursemeet_.location 
    from
        CourseMeeting coursemeet_ 
    where
        coursemeet_.courseCode=? 
        and coursemeet_.day=? 
        and coursemeet_.period=? 
        and coursemeet_.location=?
14:18:34,323 DEBUG SQL:104 - 
    select
        coursemeet_.courseCode,
        coursemeet_.day,
        coursemeet_.period,
        coursemeet_.location 
    from
        CourseMeeting coursemeet_ 
    where
        coursemeet_.courseCode=? 
        and coursemeet_.day=? 
        and coursemeet_.period=? 
        and coursemeet_.location=?
14:18:34,324 DEBUG SQL:104 - 
    insert 
    into
        Course
        (description, courseCode) 
    values
        (?, ?)
14:18:34,324 DEBUG BaseGeneralDataRegion:59 - Caching[foo.org.hibernate.cache.spi.UpdateTimestampsCache] : [Course] -> [5579091043631104]
14:18:34,325 DEBUG SQL:104 - 
    insert 
    into
        CourseMeeting
        (courseCode, day, period, location) 
    values
        (?, ?, ?, ?)
14:18:34,325 DEBUG BaseGeneralDataRegion:59 - Caching[foo.org.hibernate.cache.spi.UpdateTimestampsCache] : [CourseMeeting] -> [5579091043635200]
14:18:34,325 DEBUG SQL:104 - 
    insert 
    into
        CourseMeeting
        (courseCode, day, period, location) 
    values
        (?, ?, ?, ?)
14:18:34,325 DEBUG BaseGeneralDataRegion:59 - Caching[foo.org.hibernate.cache.spi.UpdateTimestampsCache] : [CourseMeeting] -> [5579091043635201]
14:18:34,325 DEBUG SQL:104 - 
    insert 
    into
        Student
        (name_first, name_middle, name_last, preferredCourseCode, studentId) 
    values
        (?, ?, ?, ?, ?)
14:18:34,325 DEBUG BaseGeneralDataRegion:59 - Caching[foo.org.hibernate.cache.spi.UpdateTimestampsCache] : [Student] -> [5579091043635202]
14:18:34,325 DEBUG SQL:104 - 
    insert 
    into
        Address
        (addressType, street, city, stateProvince, postalCode, country, studentNumber, id) 
    values
        (?, ?, ?, ?, ?, ?, ?, ?)
14:18:34,335 DEBUG BaseGeneralDataRegion:59 - Caching[foo.org.hibernate.cache.spi.UpdateTimestampsCache] : [Address] -> [5579091043676160]
14:18:34,336 DEBUG SQL:104 - 
    insert 
    into
        Address
        (addressType, street, city, stateProvince, postalCode, country, studentNumber, id) 
    values
        (?, ?, ?, ?, ?, ?, ?, ?)
14:18:34,336 DEBUG BaseGeneralDataRegion:59 - Caching[foo.org.hibernate.cache.spi.UpdateTimestampsCache] : [Address] -> [5579091043680256]
14:18:34,337 DEBUG SQL:104 - 
    insert 
    into
        Student
        (name_first, name_middle, name_last, preferredCourseCode, studentId) 
    values
        (?, ?, ?, ?, ?)
14:18:34,337 DEBUG BaseGeneralDataRegion:59 - Caching[foo.org.hibernate.cache.spi.UpdateTimestampsCache] : [Student] -> [5579091043684352]
14:18:34,337 DEBUG SQL:104 - 
    insert 
    into
        Enrolment
        (semester, "year", studentId, courseCode) 
    values
        (?, ?, ?, ?)
14:18:34,346 DEBUG BaseGeneralDataRegion:59 - Caching[foo.org.hibernate.cache.spi.UpdateTimestampsCache] : [Enrolment] -> [5579091043721216]
14:18:34,347 DEBUG SQL:104 - 
    insert 
    into
        Enrolment
        (semester, "year", studentId, courseCode) 
    values
        (?, ?, ?, ?)
14:18:34,347 DEBUG BaseGeneralDataRegion:59 - Caching[foo.org.hibernate.cache.spi.UpdateTimestampsCache] : [Enrolment] -> [5579091043725312]
14:18:34,347 DEBUG BaseGeneralDataRegion:59 - Caching[foo.org.hibernate.cache.spi.UpdateTimestampsCache] : [CourseMeeting] -> [5579091043725313]
14:18:34,348 DEBUG BaseGeneralDataRegion:59 - Caching[foo.org.hibernate.cache.spi.UpdateTimestampsCache] : [Enrolment] -> [5579091043729408]
14:18:34,348 DEBUG SQL:104 - 
    update
        Address 
    set
        studentNumber=?,
        addressType=? 
    where
        id=?
14:18:34,348 DEBUG SQL:104 - 
    update
        Address 
    set
        studentNumber=?,
        addressType=? 
    where
        id=?
14:18:34,349 DEBUG BaseGeneralDataRegion:59 - Caching[foo.org.hibernate.cache.spi.UpdateTimestampsCache] : [Address] -> [5579091043733504]
14:18:34,349 DEBUG SQL:104 - 
    insert 
    into
        Student_secretCodes
        (studentNumber, i, secretCode) 
    values
        (?, ?, ?)
14:18:34,349 DEBUG BaseGeneralDataRegion:59 - Caching[foo.org.hibernate.cache.spi.UpdateTimestampsCache] : [Student_secretCodes] -> [5579091043733505]
14:18:34,349 DEBUG BaseGeneralDataRegion:59 - Caching[foo.org.hibernate.cache.spi.UpdateTimestampsCache] : [Enrolment] -> [5579091043733506]
14:18:34,349 DEBUG BaseGeneralDataRegion:59 - Caching[foo.org.hibernate.cache.spi.UpdateTimestampsCache] : [Address] -> [5579091043733507]
14:18:34,349 DEBUG SQL:104 - 
    insert 
    into
        Student_secretCodes
        (studentNumber, i, secretCode) 
    values
        (?, ?, ?)
14:18:34,370 DEBUG SQL:104 - 
    insert 
    into
        Student_secretCodes
        (studentNumber, i, secretCode) 
    values
        (?, ?, ?)
14:18:34,371 DEBUG BaseGeneralDataRegion:59 - Caching[foo.org.hibernate.cache.spi.UpdateTimestampsCache] : [Student_secretCodes] -> [5579091043823616]
14:18:34,371 DEBUG BaseGeneralDataRegion:59 - Caching[foo.org.hibernate.cache.spi.UpdateTimestampsCache] : [Student] -> [5579090798063617]
14:18:34,371 DEBUG BaseGeneralDataRegion:59 - Caching[foo.org.hibernate.cache.spi.UpdateTimestampsCache] : [Course] -> [5579090798063617]
14:18:34,371 DEBUG BaseGeneralDataRegion:59 - Caching[foo.org.hibernate.cache.spi.UpdateTimestampsCache] : [Enrolment] -> [5579090798063617]
14:18:34,371 DEBUG BaseGeneralDataRegion:59 - Caching[foo.org.hibernate.cache.spi.UpdateTimestampsCache] : [Student_secretCodes] -> [5579090798063617]
14:18:34,371 DEBUG BaseGeneralDataRegion:59 - Caching[foo.org.hibernate.cache.spi.UpdateTimestampsCache] : [Address] -> [5579090798063617]
14:18:34,371 DEBUG BaseGeneralDataRegion:59 - Caching[foo.org.hibernate.cache.spi.UpdateTimestampsCache] : [CourseMeeting] -> [5579090798063617]
14:18:34,372 DEBUG QueryTranslatorImpl:265 - parse() - HQL: from org.hibernate.test.querycache.Student s left join fetch s.enrolments e order by s.studentNumber
14:18:34,373 DEBUG QueryTranslatorImpl:283 - --- HQL AST ---
 \-[QUERY] Node: 'query'
    +-[SELECT_FROM] Node: 'SELECT_FROM'
    |  \-[FROM] Node: 'from'
    |     +-[RANGE] Node: 'RANGE'
    |     |  +-[DOT] Node: '.'
    |     |  |  +-[DOT] Node: '.'
    |     |  |  |  +-[DOT] Node: '.'
    |     |  |  |  |  +-[DOT] Node: '.'
    |     |  |  |  |  |  +-[IDENT] Node: 'org'
    |     |  |  |  |  |  \-[IDENT] Node: 'hibernate'
    |     |  |  |  |  \-[IDENT] Node: 'test'
    |     |  |  |  \-[IDENT] Node: 'querycache'
    |     |  |  \-[IDENT] Node: 'Student'
    |     |  \-[ALIAS] Node: 's'
    |     \-[JOIN] Node: 'join'
    |        +-[LEFT] Node: 'left'
    |        +-[FETCH] Node: 'fetch'
    |        +-[DOT] Node: '.'
    |        |  +-[IDENT] Node: 's'
    |        |  \-[IDENT] Node: 'enrolments'
    |        \-[ALIAS] Node: 'e'
    \-[ORDER] Node: 'order'
       \-[DOT] Node: '.'
          +-[IDENT] Node: 's'
          \-[IDENT] Node: 'studentNumber'

14:18:34,378 DEBUG ErrorCounter:82 - throwQueryException() : no errors
14:18:34,379 DEBUG FromElement:157 - FromClause{level=1} : org.hibernate.test.querycache.Student (s) -> student0_
14:18:34,379 DEBUG FromReferenceNode:74 - Resolved : s -> student0_.studentId
14:18:34,379 DEBUG DotNode:599 - getDataType() : enrolments -> org.hibernate.type.SetType(org.hibernate.test.querycache.Student.enrolments)
14:18:34,379 DEBUG FromElementFactory:376 - createEntityAssociation() : One to many - path = s.enrolments role = org.hibernate.test.querycache.Student.enrolments associatedEntityName = org.hibernate.test.querycache.Enrolment
14:18:34,379 DEBUG FromElement:157 - FromClause{level=1} : org.hibernate.test.querycache.Enrolment (e) -> enrolments1_
14:18:34,379 DEBUG FromClause:282 - addJoinByPathMap() : s.enrolments -> FromElement{explicit,not a collection join,not a fetch join,fetch non-lazy properties,classAlias=e,role=null,tableName=Enrolment,tableAlias=enrolments1_,origin=Student student0_,columns={student0_.studentId ,className=org.hibernate.test.querycache.Enrolment}}
14:18:34,380 DEBUG DotNode:308 - dereferenceCollection() : Created new FROM element for s.enrolments : Enrolment enrolments1_
14:18:34,380 DEBUG FromReferenceNode:74 - Resolved : s.enrolments -> .
14:18:34,380 DEBUG HqlSqlWalker:403 - createFromJoinElement() : -- join tree --
 \-[JOIN_FRAGMENT] FromElement: 'Enrolment enrolments1_' FromElement{explicit,not a collection join,fetch join,fetch non-lazy properties,classAlias=e,role=org.hibernate.test.querycache.Student.enrolments,tableName=Enrolment,tableAlias=enrolments1_,origin=Student student0_,columns={student0_.studentId ,className=org.hibernate.test.querycache.Enrolment}}

14:18:34,380 DEBUG FromReferenceNode:74 - Resolved : s -> student0_.studentId
14:18:34,380 DEBUG DotNode:599 - getDataType() : studentNumber -> org.hibernate.type.LongType@4bf3f9d
14:18:34,380 DEBUG FromReferenceNode:74 - Resolved : s.studentNumber -> student0_.studentId
14:18:34,380 DEBUG HqlSqlWalker:629 - processQuery() :  ( SELECT ( FromClause{level=1} ( Student student0_ Enrolment enrolments1_ ) ) ( order ( student0_.studentId student0_.studentId studentNumber ) ) )
14:18:34,381 DEBUG HqlSqlWalker:869 - Derived SELECT clause created.
14:18:34,389 DEBUG JoinProcessor:175 - Using FROM fragment [Student student0_]
14:18:34,389 DEBUG JoinProcessor:175 - Using FROM fragment [left outer join Enrolment enrolments1_ on student0_.studentId=enrolments1_.studentId]
14:18:34,390 DEBUG QueryTranslatorImpl:252 - --- SQL AST ---
 \-[SELECT] QueryNode: 'SELECT'  querySpaces (Student,Enrolment)
    +-[SELECT_CLAUSE] SelectClause: '{derived select clause}'
    |  +-[SELECT_EXPR] SelectExpressionImpl: 'student0_.studentId as studentId4_0_' {FromElement{explicit,not a collection join,not a fetch join,fetch non-lazy properties,classAlias=s,role=null,tableName=Student,tableAlias=student0_,origin=null,columns={,className=org.hibernate.test.querycache.Student}}}
    |  +-[SELECT_EXPR] SelectExpressionImpl: 'enrolments1_.studentId as studentId3_1_, enrolments1_.courseCode as courseCode3_1_' {FromElement{explicit,not a collection join,fetch join,fetch non-lazy properties,classAlias=e,role=org.hibernate.test.querycache.Student.enrolments,tableName=Enrolment,tableAlias=enrolments1_,origin=Student student0_,columns={student0_.studentId ,className=org.hibernate.test.querycache.Enrolment}}}
    |  +-[SQL_TOKEN] SqlFragment: 'student0_.name_first as name2_4_0_, student0_.name_middle as name3_4_0_, student0_.name_last as name4_4_0_, student0_.preferredCourseCode as preferre5_4_0_'
    |  +-[SQL_TOKEN] SqlFragment: 'enrolments1_.semester as semester3_1_, enrolments1_."year" as year4_3_1_'
    |  \-[SQL_TOKEN] SqlFragment: 'enrolments1_.studentId as studentId4_0__, enrolments1_.studentId as studentId3_0__, enrolments1_.courseCode as courseCode3_0__'
    +-[FROM] FromClause: 'from' FromClause{level=1, fromElementCounter=2, fromElements=2, fromElementByClassAlias=[e, s], fromElementByTableAlias=[student0_, enrolments1_], fromElementsByPath=[s.enrolments], collectionJoinFromElementsByPath=[], impliedElements=[]}
    |  \-[FROM_FRAGMENT] FromElement: 'Student student0_' FromElement{explicit,not a collection join,not a fetch join,fetch non-lazy properties,classAlias=s,role=null,tableName=Student,tableAlias=student0_,origin=null,columns={,className=org.hibernate.test.querycache.Student}}
    |     \-[JOIN_FRAGMENT] FromElement: 'left outer join Enrolment enrolments1_ on student0_.studentId=enrolments1_.studentId' FromElement{explicit,not a collection join,fetch join,fetch non-lazy properties,classAlias=e,role=org.hibernate.test.querycache.Student.enrolments,tableName=Enrolment,tableAlias=enrolments1_,origin=Student student0_,columns={student0_.studentId ,className=org.hibernate.test.querycache.Enrolment}}
    \-[ORDER] OrderByClause: 'order'
       \-[DOT] DotNode: 'student0_.studentId' {propertyName=studentNumber,dereferenceType=ALL,propertyPath=studentNumber,path=s.studentNumber,tableAlias=student0_,className=org.hibernate.test.querycache.Student,classAlias=s}
          +-[ALIAS_REF] IdentNode: 'student0_.studentId' {alias=s, className=org.hibernate.test.querycache.Student, tableAlias=student0_}
          \-[IDENT] IdentNode: 'studentNumber' {originalText=studentNumber}

14:18:34,390 DEBUG ErrorCounter:82 - throwQueryException() : no errors
14:18:34,390 DEBUG QueryTranslatorImpl:235 - HQL: from org.hibernate.test.querycache.Student s left join fetch s.enrolments e order by s.studentNumber
14:18:34,390 DEBUG QueryTranslatorImpl:236 - SQL: select student0_.studentId as studentId4_0_, enrolments1_.studentId as studentId3_1_, enrolments1_.courseCode as courseCode3_1_, student0_.name_first as name2_4_0_, student0_.name_middle as name3_4_0_, student0_.name_last as name4_4_0_, student0_.preferredCourseCode as preferre5_4_0_, enrolments1_.semester as semester3_1_, enrolments1_."year" as year4_3_1_, enrolments1_.studentId as studentId4_0__, enrolments1_.studentId as studentId3_0__, enrolments1_.courseCode as courseCode3_0__ from Student student0_ left outer join Enrolment enrolments1_ on student0_.studentId=enrolments1_.studentId order by student0_.studentId
14:18:34,390 DEBUG ErrorCounter:82 - throwQueryException() : no errors
14:18:34,390 DEBUG BaseGeneralDataRegion:46 - Cache[foo.org.hibernate.cache.internal.StandardQueryCache] lookup : key[sql: select student0_.studentId as studentId4_0_, enrolments1_.studentId as studentId3_1_, enrolments1_.courseCode as courseCode3_1_, student0_.name_first as name2_4_0_, student0_.name_middle as name3_4_0_, student0_.name_last as name4_4_0_, student0_.preferredCourseCode as preferre5_4_0_, enrolments1_.semester as semester3_1_, enrolments1_."year" as year4_3_1_, enrolments1_.studentId as studentId4_0__, enrolments1_.studentId as studentId3_0__, enrolments1_.courseCode as courseCode3_0__ from Student student0_ left outer join Enrolment enrolments1_ on student0_.studentId=enrolments1_.studentId order by student0_.studentId; parameters: ; named parameters: {}; transformer: org.hibernate.transform.CacheableResultTransformer@138f59]
14:18:34,391 DEBUG SQL:104 - 
    select
        student0_.studentId as studentId4_0_,
        enrolments1_.studentId as studentId3_1_,
        enrolments1_.courseCode as courseCode3_1_,
        student0_.name_first as name2_4_0_,
        student0_.name_middle as name3_4_0_,
        student0_.name_last as name4_4_0_,
        student0_.preferredCourseCode as preferre5_4_0_,
        enrolments1_.semester as semester3_1_,
        enrolments1_."year" as year4_3_1_,
        enrolments1_.studentId as studentId4_0__,
        enrolments1_.studentId as studentId3_0__,
        enrolments1_.courseCode as courseCode3_0__ 
    from
        Student student0_ 
    left outer join
        Enrolment enrolments1_ 
            on student0_.studentId=enrolments1_.studentId 
    order by
        student0_.studentId
14:18:34,399 DEBUG SQL:104 - 
    select
        course0_.courseCode as courseCode1_0_,
        course0_.description as descript2_1_0_ 
    from
        Course course0_ 
    where
        course0_.courseCode=?
14:18:34,400 DEBUG SQL:104 - 
    select
        secretcode0_.studentNumber as studentN1_4_0_,
        secretcode0_.secretCode as secretCode5_0_,
        secretcode0_.i as i0_ 
    from
        Student_secretCodes secretcode0_ 
    where
        secretcode0_.studentNumber=?
14:18:34,410 DEBUG SQL:104 - 
    select
        coursemeet0_.courseCode as courseCode1_1_,
        coursemeet0_.courseCode as courseCode2_1_,
        coursemeet0_.day as day2_1_,
        coursemeet0_.period as period2_1_,
        coursemeet0_.location as location2_1_,
        coursemeet0_.courseCode as courseCode2_0_,
        coursemeet0_.day as day2_0_,
        coursemeet0_.period as period2_0_,
        coursemeet0_.location as location2_0_ 
    from
        CourseMeeting coursemeet0_ 
    where
        coursemeet0_.courseCode=?
14:18:34,411 DEBUG SQL:104 - 
    select
        secretcode0_.studentNumber as studentN1_4_0_,
        secretcode0_.secretCode as secretCode5_0_,
        secretcode0_.i as i0_ 
    from
        Student_secretCodes secretcode0_ 
    where
        secretcode0_.studentNumber=?
14:18:34,420 DEBUG BaseGeneralDataRegion:59 - Caching[foo.org.hibernate.cache.internal.StandardQueryCache] : [sql: select student0_.studentId as studentId4_0_, enrolments1_.studentId as studentId3_1_, enrolments1_.courseCode as courseCode3_1_, student0_.name_first as name2_4_0_, student0_.name_middle as name3_4_0_, student0_.name_last as name4_4_0_, student0_.preferredCourseCode as preferre5_4_0_, enrolments1_.semester as semester3_1_, enrolments1_."year" as year4_3_1_, enrolments1_.studentId as studentId4_0__, enrolments1_.studentId as studentId3_0__, enrolments1_.courseCode as courseCode3_0__ from Student student0_ left outer join Enrolment enrolments1_ on student0_.studentId=enrolments1_.studentId order by student0_.studentId; parameters: ; named parameters: {}; transformer: org.hibernate.transform.CacheableResultTransformer@138f59] -> [[5579090798264320, 111, 999]]
14:18:34,420 DEBUG BaseGeneralDataRegion:46 - Cache[foo.org.hibernate.cache.internal.StandardQueryCache] lookup : key[sql: select student0_.studentId as studentId4_0_, enrolments1_.studentId as studentId3_1_, enrolments1_.courseCode as courseCode3_1_, student0_.name_first as name2_4_0_, student0_.name_middle as name3_4_0_, student0_.name_last as name4_4_0_, student0_.preferredCourseCode as preferre5_4_0_, enrolments1_.semester as semester3_1_, enrolments1_."year" as year4_3_1_, enrolments1_.studentId as studentId4_0__, enrolments1_.studentId as studentId3_0__, enrolments1_.courseCode as courseCode3_0__ from Student student0_ left outer join Enrolment enrolments1_ on student0_.studentId=enrolments1_.studentId order by student0_.studentId; parameters: ; named parameters: {}; transformer: org.hibernate.transform.CacheableResultTransformer@138f59]
14:18:34,421 DEBUG BaseGeneralDataRegion:52 - Cache[foo.org.hibernate.cache.internal.StandardQueryCache] hit: sql: select student0_.studentId as studentId4_0_, enrolments1_.studentId as studentId3_1_, enrolments1_.courseCode as courseCode3_1_, student0_.name_first as name2_4_0_, student0_.name_middle as name3_4_0_, student0_.name_last as name4_4_0_, student0_.preferredCourseCode as preferre5_4_0_, enrolments1_.semester as semester3_1_, enrolments1_."year" as year4_3_1_, enrolments1_.studentId as studentId4_0__, enrolments1_.studentId as studentId3_0__, enrolments1_.courseCode as courseCode3_0__ from Student student0_ left outer join Enrolment enrolments1_ on student0_.studentId=enrolments1_.studentId order by student0_.studentId; parameters: ; named parameters: {}; transformer: org.hibernate.transform.CacheableResultTransformer@138f59
14:18:34,421 DEBUG BaseGeneralDataRegion:46 - Cache[foo.org.hibernate.cache.spi.UpdateTimestampsCache] lookup : key[Student]
14:18:34,421 DEBUG BaseGeneralDataRegion:52 - Cache[foo.org.hibernate.cache.spi.UpdateTimestampsCache] hit: Student
14:18:34,421 DEBUG BaseGeneralDataRegion:46 - Cache[foo.org.hibernate.cache.spi.UpdateTimestampsCache] lookup : key[Enrolment]
14:18:34,421 DEBUG BaseGeneralDataRegion:52 - Cache[foo.org.hibernate.cache.spi.UpdateTimestampsCache] hit: Enrolment
14:18:34,421 DEBUG SQL:104 - 
    select
        student0_.studentId as studentId4_0_,
        student0_.name_first as name2_4_0_,
        student0_.name_middle as name3_4_0_,
        student0_.name_last as name4_4_0_,
        student0_.preferredCourseCode as preferre5_4_0_ 
    from
        Student student0_ 
    where
        student0_.studentId=?
14:18:34,422 DEBUG SQL:104 - 
    select
        secretcode0_.studentNumber as studentN1_4_0_,
        secretcode0_.secretCode as secretCode5_0_,
        secretcode0_.i as i0_ 
    from
        Student_secretCodes secretcode0_ 
    where
        secretcode0_.studentNumber=?
14:18:34,422 DEBUG SQL:104 - 
    select
        student0_.studentId as studentId4_0_,
        student0_.name_first as name2_4_0_,
        student0_.name_middle as name3_4_0_,
        student0_.name_last as name4_4_0_,
        student0_.preferredCourseCode as preferre5_4_0_ 
    from
        Student student0_ 
    where
        student0_.studentId=?
14:18:34,428 DEBUG SQL:104 - 
    select
        secretcode0_.studentNumber as studentN1_4_0_,
        secretcode0_.secretCode as secretCode5_0_,
        secretcode0_.i as i0_ 
    from
        Student_secretCodes secretcode0_ 
    where
        secretcode0_.studentNumber=?
14:18:34,429 DEBUG SQL:104 - 
    select
        student_.studentId,
        student_.name_first as name2_4_,
        student_.name_middle as name3_4_,
        student_.name_last as name4_4_,
        student_.preferredCourseCode as preferre5_4_ 
    from
        Student student_ 
    where
        student_.studentId=?
14:18:34,430 DEBUG SQL:104 - 
    select
        enrolment_.studentId,
        enrolment_.courseCode,
        enrolment_.semester as semester3_,
        enrolment_."year" as year4_3_ 
    from
        Enrolment enrolment_ 
    where
        enrolment_.studentId=? 
        and enrolment_.courseCode=?
14:18:34,438 DEBUG SQL:104 - 
    select
        course_.courseCode,
        course_.description as descript2_1_ 
    from
        Course course_ 
    where
        course_.courseCode=?
14:18:34,438 DEBUG SQL:104 - 
    select
        student_.studentId,
        student_.name_first as name2_4_,
        student_.name_middle as name3_4_,
        student_.name_last as name4_4_,
        student_.preferredCourseCode as preferre5_4_ 
    from
        Student student_ 
    where
        student_.studentId=?
14:18:34,438 DEBUG SQL:104 - 
    select
        enrolment_.studentId,
        enrolment_.courseCode,
        enrolment_.semester as semester3_,
        enrolment_."year" as year4_3_ 
    from
        Enrolment enrolment_ 
    where
        enrolment_.studentId=? 
        and enrolment_.courseCode=?
14:18:34,447 DEBUG SQL:104 - 
    select
        coursemeet_.courseCode,
        coursemeet_.day,
        coursemeet_.period,
        coursemeet_.location 
    from
        CourseMeeting coursemeet_ 
    where
        coursemeet_.courseCode=? 
        and coursemeet_.day=? 
        and coursemeet_.period=? 
        and coursemeet_.location=?
14:18:34,448 DEBUG SQL:104 - 
    select
        coursemeet_.courseCode,
        coursemeet_.day,
        coursemeet_.period,
        coursemeet_.location 
    from
        CourseMeeting coursemeet_ 
    where
        coursemeet_.courseCode=? 
        and coursemeet_.day=? 
        and coursemeet_.period=? 
        and coursemeet_.location=?
14:18:34,448 DEBUG BaseGeneralDataRegion:59 - Caching[foo.org.hibernate.cache.spi.UpdateTimestampsCache] : [Enrolment] -> [5579091044139008]
14:18:34,448 DEBUG SQL:104 - 
    update
        Address 
    set
        studentNumber=null,
        addressType=null 
    where
        studentNumber=?
14:18:34,449 DEBUG BaseGeneralDataRegion:59 - Caching[foo.org.hibernate.cache.spi.UpdateTimestampsCache] : [Address] -> [5579091044143104]
14:18:34,449 DEBUG SQL:104 - 
    delete 
    from
        Student_secretCodes 
    where
        studentNumber=?
14:18:34,449 DEBUG BaseGeneralDataRegion:59 - Caching[foo.org.hibernate.cache.spi.UpdateTimestampsCache] : [Student_secretCodes] -> [5579091044143105]
14:18:34,449 DEBUG BaseGeneralDataRegion:59 - Caching[foo.org.hibernate.cache.spi.UpdateTimestampsCache] : [Enrolment] -> [5579091044143106]
14:18:34,449 DEBUG BaseGeneralDataRegion:59 - Caching[foo.org.hibernate.cache.spi.UpdateTimestampsCache] : [Address] -> [5579091044143107]
14:18:34,449 DEBUG SQL:104 - 
    delete 
    from
        Student_secretCodes 
    where
        studentNumber=?
14:18:34,462 DEBUG BaseGeneralDataRegion:59 - Caching[foo.org.hibernate.cache.spi.UpdateTimestampsCache] : [Student_secretCodes] -> [5579091044196352]
14:18:34,462 DEBUG BaseGeneralDataRegion:59 - Caching[foo.org.hibernate.cache.spi.UpdateTimestampsCache] : [CourseMeeting] -> [5579091044196353]
14:18:34,462 DEBUG SQL:104 - 
    delete 
    from
        Enrolment 
    where
        studentId=? 
        and courseCode=?
14:18:34,462 DEBUG BaseGeneralDataRegion:59 - Caching[foo.org.hibernate.cache.spi.UpdateTimestampsCache] : [Enrolment] -> [5579091044196354]
14:18:34,462 DEBUG SQL:104 - 
    delete 
    from
        Address 
    where
        id=?
14:18:34,462 DEBUG BaseGeneralDataRegion:59 - Caching[foo.org.hibernate.cache.spi.UpdateTimestampsCache] : [Address] -> [5579091044196355]
14:18:34,463 DEBUG SQL:104 - 
    delete 
    from
        Address 
    where
        id=?
14:18:34,463 DEBUG BaseGeneralDataRegion:59 - Caching[foo.org.hibernate.cache.spi.UpdateTimestampsCache] : [Address] -> [5579091044200448]
14:18:34,463 DEBUG SQL:104 - 
    delete 
    from
        Student 
    where
        studentId=?
14:18:34,472 DEBUG BaseGeneralDataRegion:59 - Caching[foo.org.hibernate.cache.spi.UpdateTimestampsCache] : [Student] -> [5579091044237312]
14:18:34,472 DEBUG SQL:104 - 
    delete 
    from
        Enrolment 
    where
        studentId=? 
        and courseCode=?
14:18:34,472 DEBUG BaseGeneralDataRegion:59 - Caching[foo.org.hibernate.cache.spi.UpdateTimestampsCache] : [Enrolment] -> [5579091044237313]
14:18:34,473 DEBUG SQL:104 - 
    delete 
    from
        Student 
    where
        studentId=?
14:18:34,473 DEBUG BaseGeneralDataRegion:59 - Caching[foo.org.hibernate.cache.spi.UpdateTimestampsCache] : [Student] -> [5579091044241408]
14:18:34,473 DEBUG SQL:104 - 
    delete 
    from
        CourseMeeting 
    where
        courseCode=? 
        and day=? 
        and period=? 
        and location=?
14:18:34,473 DEBUG BaseGeneralDataRegion:59 - Caching[foo.org.hibernate.cache.spi.UpdateTimestampsCache] : [CourseMeeting] -> [5579091044241409]
14:18:34,473 DEBUG SQL:104 - 
    delete 
    from
        CourseMeeting 
    where
        courseCode=? 
        and day=? 
        and period=? 
        and location=?
14:18:34,473 DEBUG BaseGeneralDataRegion:59 - Caching[foo.org.hibernate.cache.spi.UpdateTimestampsCache] : [CourseMeeting] -> [5579091044241410]
14:18:34,473 DEBUG SQL:104 - 
    delete 
    from
        Course 
    where
        courseCode=?
14:18:34,474 DEBUG BaseGeneralDataRegion:59 - Caching[foo.org.hibernate.cache.spi.UpdateTimestampsCache] : [Course] -> [5579091044245504]
14:18:34,474 DEBUG BaseGeneralDataRegion:59 - Caching[foo.org.hibernate.cache.spi.UpdateTimestampsCache] : [Student] -> [5579090798485505]
14:18:34,494 DEBUG BaseGeneralDataRegion:59 - Caching[foo.org.hibernate.cache.spi.UpdateTimestampsCache] : [Course] -> [5579090798485505]
14:18:34,494 DEBUG BaseGeneralDataRegion:59 - Caching[foo.org.hibernate.cache.spi.UpdateTimestampsCache] : [Enrolment] -> [5579090798485505]
14:18:34,495 DEBUG BaseGeneralDataRegion:59 - Caching[foo.org.hibernate.cache.spi.UpdateTimestampsCache] : [Student_secretCodes] -> [5579090798485505]
14:18:34,495 DEBUG BaseGeneralDataRegion:59 - Caching[foo.org.hibernate.cache.spi.UpdateTimestampsCache] : [Address] -> [5579090798485505]
14:18:34,495 DEBUG BaseGeneralDataRegion:59 - Caching[foo.org.hibernate.cache.spi.UpdateTimestampsCache] : [CourseMeeting] -> [5579090798485505]
14:18:34,495  INFO CustomRunner:139 - Test: testEntityWithJoinFetchedLazyManyToOneList
14:18:34,496 DEBUG SQL:104 - 
    select
        coursemeet_.courseCode,
        coursemeet_.day,
        coursemeet_.period,
        coursemeet_.location 
    from
        CourseMeeting coursemeet_ 
    where
        coursemeet_.courseCode=? 
        and coursemeet_.day=? 
        and coursemeet_.period=? 
        and coursemeet_.location=?
14:18:34,497 DEBUG SQL:104 - 
    select
        coursemeet_.courseCode,
        coursemeet_.day,
        coursemeet_.period,
        coursemeet_.location 
    from
        CourseMeeting coursemeet_ 
    where
        coursemeet_.courseCode=? 
        and coursemeet_.day=? 
        and coursemeet_.period=? 
        and coursemeet_.location=?
14:18:34,505 DEBUG SQL:104 - 
    insert 
    into
        Course
        (description, courseCode) 
    values
        (?, ?)
14:18:34,505 DEBUG BaseGeneralDataRegion:59 - Caching[foo.org.hibernate.cache.spi.UpdateTimestampsCache] : [Course] -> [5579091044372480]
14:18:34,506 DEBUG SQL:104 - 
    insert 
    into
        CourseMeeting
        (courseCode, day, period, location) 
    values
        (?, ?, ?, ?)
14:18:34,506 DEBUG BaseGeneralDataRegion:59 - Caching[foo.org.hibernate.cache.spi.UpdateTimestampsCache] : [CourseMeeting] -> [5579091044376576]
14:18:34,506 DEBUG SQL:104 - 
    insert 
    into
        CourseMeeting
        (courseCode, day, period, location) 
    values
        (?, ?, ?, ?)
14:18:34,506 DEBUG BaseGeneralDataRegion:59 - Caching[foo.org.hibernate.cache.spi.UpdateTimestampsCache] : [CourseMeeting] -> [5579091044376577]
14:18:34,514 DEBUG SQL:104 - 
    insert 
    into
        Student
        (name_first, name_middle, name_last, preferredCourseCode, studentId) 
    values
        (?, ?, ?, ?, ?)
14:18:34,515 DEBUG BaseGeneralDataRegion:59 - Caching[foo.org.hibernate.cache.spi.UpdateTimestampsCache] : [Student] -> [5579091044413440]
14:18:34,515 DEBUG SQL:104 - 
    insert 
    into
        Address
        (addressType, street, city, stateProvince, postalCode, country, studentNumber, id) 
    values
        (?, ?, ?, ?, ?, ?, ?, ?)
14:18:34,515 DEBUG BaseGeneralDataRegion:59 - Caching[foo.org.hibernate.cache.spi.UpdateTimestampsCache] : [Address] -> [5579091044413441]
14:18:34,515 DEBUG SQL:104 - 
    insert 
    into
        Address
        (addressType, street, city, stateProvince, postalCode, country, studentNumber, id) 
    values
        (?, ?, ?, ?, ?, ?, ?, ?)
14:18:34,516 DEBUG BaseGeneralDataRegion:59 - Caching[foo.org.hibernate.cache.spi.UpdateTimestampsCache] : [Address] -> [5579091044417536]
14:18:34,516 DEBUG SQL:104 - 
    insert 
    into
        Student
        (name_first, name_middle, name_last, preferredCourseCode, studentId) 
    values
        (?, ?, ?, ?, ?)
14:18:34,526 DEBUG BaseGeneralDataRegion:59 - Caching[foo.org.hibernate.cache.spi.UpdateTimestampsCache] : [Student] -> [5579091044458496]
14:18:34,526 DEBUG SQL:104 - 
    insert 
    into
        Enrolment
        (semester, "year", studentId, courseCode) 
    values
        (?, ?, ?, ?)
14:18:34,526 DEBUG BaseGeneralDataRegion:59 - Caching[foo.org.hibernate.cache.spi.UpdateTimestampsCache] : [Enrolment] -> [5579091044458497]
14:18:34,527 DEBUG SQL:104 - 
    insert 
    into
        Enrolment
        (semester, "year", studentId, courseCode) 
    values
        (?, ?, ?, ?)
14:18:34,527 DEBUG BaseGeneralDataRegion:59 - Caching[foo.org.hibernate.cache.spi.UpdateTimestampsCache] : [Enrolment] -> [5579091044462592]
14:18:34,527 DEBUG BaseGeneralDataRegion:59 - Caching[foo.org.hibernate.cache.spi.UpdateTimestampsCache] : [CourseMeeting] -> [5579091044462593]
14:18:34,527 DEBUG BaseGeneralDataRegion:59 - Caching[foo.org.hibernate.cache.spi.UpdateTimestampsCache] : [Enrolment] -> [5579091044462594]
14:18:34,527 DEBUG SQL:104 - 
    update
        Address 
    set
        studentNumber=?,
        addressType=? 
    where
        id=?
14:18:34,536 DEBUG SQL:104 - 
    update
        Address 
    set
        studentNumber=?,
        addressType=? 
    where
        id=?
14:18:34,536 DEBUG BaseGeneralDataRegion:59 - Caching[foo.org.hibernate.cache.spi.UpdateTimestampsCache] : [Address] -> [5579091044499456]
14:18:34,536 DEBUG SQL:104 - 
    insert 
    into
        Student_secretCodes
        (studentNumber, i, secretCode) 
    values
        (?, ?, ?)
14:18:34,536 DEBUG BaseGeneralDataRegion:59 - Caching[foo.org.hibernate.cache.spi.UpdateTimestampsCache] : [Student_secretCodes] -> [5579091044499457]
14:18:34,536 DEBUG BaseGeneralDataRegion:59 - Caching[foo.org.hibernate.cache.spi.UpdateTimestampsCache] : [Enrolment] -> [5579091044499458]
14:18:34,537 DEBUG BaseGeneralDataRegion:59 - Caching[foo.org.hibernate.cache.spi.UpdateTimestampsCache] : [Address] -> [5579091044503552]
14:18:34,537 DEBUG SQL:104 - 
    insert 
    into
        Student_secretCodes
        (studentNumber, i, secretCode) 
    values
        (?, ?, ?)
14:18:34,537 DEBUG SQL:104 - 
    insert 
    into
        Student_secretCodes
        (studentNumber, i, secretCode) 
    values
        (?, ?, ?)
14:18:34,545 DEBUG BaseGeneralDataRegion:59 - Caching[foo.org.hibernate.cache.spi.UpdateTimestampsCache] : [Student_secretCodes] -> [5579091044536320]
14:18:34,546 DEBUG BaseGeneralDataRegion:59 - Caching[foo.org.hibernate.cache.spi.UpdateTimestampsCache] : [Student] -> [5579090798780416]
14:18:34,546 DEBUG BaseGeneralDataRegion:59 - Caching[foo.org.hibernate.cache.spi.UpdateTimestampsCache] : [Course] -> [5579090798780416]
14:18:34,546 DEBUG BaseGeneralDataRegion:59 - Caching[foo.org.hibernate.cache.spi.UpdateTimestampsCache] : [Enrolment] -> [5579090798780416]
14:18:34,546 DEBUG BaseGeneralDataRegion:59 - Caching[foo.org.hibernate.cache.spi.UpdateTimestampsCache] : [Student_secretCodes] -> [5579090798780416]
14:18:34,546 DEBUG BaseGeneralDataRegion:59 - Caching[foo.org.hibernate.cache.spi.UpdateTimestampsCache] : [Address] -> [5579090798780416]
14:18:34,546 DEBUG BaseGeneralDataRegion:59 - Caching[foo.org.hibernate.cache.spi.UpdateTimestampsCache] : [CourseMeeting] -> [5579090798780416]
14:18:34,546 DEBUG QueryTranslatorImpl:265 - parse() - HQL: from org.hibernate.test.querycache.Student s left join fetch s.preferredCourse order by s.studentNumber
14:18:34,548 DEBUG QueryTranslatorImpl:283 - --- HQL AST ---
 \-[QUERY] Node: 'query'
    +-[SELECT_FROM] Node: 'SELECT_FROM'
    |  \-[FROM] Node: 'from'
    |     +-[RANGE] Node: 'RANGE'
    |     |  +-[DOT] Node: '.'
    |     |  |  +-[DOT] Node: '.'
    |     |  |  |  +-[DOT] Node: '.'
    |     |  |  |  |  +-[DOT] Node: '.'
    |     |  |  |  |  |  +-[IDENT] Node: 'org'
    |     |  |  |  |  |  \-[IDENT] Node: 'hibernate'
    |     |  |  |  |  \-[IDENT] Node: 'test'
    |     |  |  |  \-[IDENT] Node: 'querycache'
    |     |  |  \-[IDENT] Node: 'Student'
    |     |  \-[ALIAS] Node: 's'
    |     \-[JOIN] Node: 'join'
    |        +-[LEFT] Node: 'left'
    |        +-[FETCH] Node: 'fetch'
    |        \-[DOT] Node: '.'
    |           +-[IDENT] Node: 's'
    |           \-[IDENT] Node: 'preferredCourse'
    \-[ORDER] Node: 'order'
       \-[DOT] Node: '.'
          +-[IDENT] Node: 's'
          \-[IDENT] Node: 'studentNumber'

14:18:34,556 DEBUG ErrorCounter:82 - throwQueryException() : no errors
14:18:34,556 DEBUG FromElement:157 - FromClause{level=1} : org.hibernate.test.querycache.Student (s) -> student0_
14:18:34,556 DEBUG FromReferenceNode:74 - Resolved : s -> student0_.studentId
14:18:34,556 DEBUG DotNode:599 - getDataType() : preferredCourse -> org.hibernate.type.ManyToOneType(org.hibernate.test.querycache.Course)
14:18:34,556 DEBUG DotNode:389 - dereferenceEntityJoin() : generating join for preferredCourse in org.hibernate.test.querycache.Student (<no alias>) parent = [ {null} ]
14:18:34,556 DEBUG FromElement:157 - FromClause{level=1} : org.hibernate.test.querycache.Course (<no alias>) -> course1_
14:18:34,557 DEBUG FromClause:282 - addJoinByPathMap() : s.preferredCourse -> FromElement{explicit,not a collection join,not a fetch join,fetch non-lazy properties,classAlias=null,role=null,tableName=Course,tableAlias=course1_,origin=Student student0_,columns={student0_.preferredCourseCode ,className=org.hibernate.test.querycache.Course}}
14:18:34,557 DEBUG FromReferenceNode:74 - Resolved : s.preferredCourse -> student0_.preferredCourseCode
14:18:34,557 DEBUG HqlSqlWalker:403 - createFromJoinElement() : -- join tree --
 \-[JOIN_FRAGMENT] FromElement: 'Course course1_' FromElement{explicit,not a collection join,fetch join,fetch non-lazy properties,classAlias=null,role=null,tableName=Course,tableAlias=course1_,origin=Student student0_,columns={student0_.preferredCourseCode ,className=org.hibernate.test.querycache.Course}}

14:18:34,557 DEBUG FromReferenceNode:74 - Resolved : s -> student0_.studentId
14:18:34,557 DEBUG DotNode:599 - getDataType() : studentNumber -> org.hibernate.type.LongType@4bf3f9d
14:18:34,557 DEBUG FromReferenceNode:74 - Resolved : s.studentNumber -> student0_.studentId
14:18:34,557 DEBUG HqlSqlWalker:629 - processQuery() :  ( SELECT ( FromClause{level=1} ( Student student0_ Course course1_ ) ) ( order ( student0_.studentId student0_.studentId studentNumber ) ) )
14:18:34,558 DEBUG HqlSqlWalker:869 - Derived SELECT clause created.
14:18:34,558 DEBUG JoinProcessor:175 - Using FROM fragment [Student student0_]
14:18:34,558 DEBUG JoinProcessor:175 - Using FROM fragment [left outer join Course course1_ on student0_.preferredCourseCode=course1_.courseCode]
14:18:34,558 DEBUG QueryTranslatorImpl:252 - --- SQL AST ---
 \-[SELECT] QueryNode: 'SELECT'  querySpaces (Student,Course)
    +-[SELECT_CLAUSE] SelectClause: '{derived select clause}'
    |  +-[SELECT_EXPR] SelectExpressionImpl: 'student0_.studentId as studentId4_0_' {FromElement{explicit,not a collection join,not a fetch join,fetch non-lazy properties,classAlias=s,role=null,tableName=Student,tableAlias=student0_,origin=null,columns={,className=org.hibernate.test.querycache.Student}}}
    |  +-[SELECT_EXPR] SelectExpressionImpl: 'course1_.courseCode as courseCode1_1_' {FromElement{explicit,not a collection join,fetch join,fetch non-lazy properties,classAlias=null,role=null,tableName=Course,tableAlias=course1_,origin=Student student0_,columns={student0_.preferredCourseCode ,className=org.hibernate.test.querycache.Course}}}
    |  +-[SQL_TOKEN] SqlFragment: 'student0_.name_first as name2_4_0_, student0_.name_middle as name3_4_0_, student0_.name_last as name4_4_0_, student0_.preferredCourseCode as preferre5_4_0_'
    |  \-[SQL_TOKEN] SqlFragment: 'course1_.description as descript2_1_1_'
    +-[FROM] FromClause: 'from' FromClause{level=1, fromElementCounter=2, fromElements=2, fromElementByClassAlias=[s], fromElementByTableAlias=[student0_, course1_], fromElementsByPath=[s.preferredCourse], collectionJoinFromElementsByPath=[], impliedElements=[]}
    |  \-[FROM_FRAGMENT] FromElement: 'Student student0_' FromElement{explicit,not a collection join,not a fetch join,fetch non-lazy properties,classAlias=s,role=null,tableName=Student,tableAlias=student0_,origin=null,columns={,className=org.hibernate.test.querycache.Student}}
    |     \-[JOIN_FRAGMENT] FromElement: 'left outer join Course course1_ on student0_.preferredCourseCode=course1_.courseCode' FromElement{explicit,not a collection join,fetch join,fetch non-lazy properties,classAlias=null,role=null,tableName=Course,tableAlias=course1_,origin=Student student0_,columns={student0_.preferredCourseCode ,className=org.hibernate.test.querycache.Course}}
    \-[ORDER] OrderByClause: 'order'
       \-[DOT] DotNode: 'student0_.studentId' {propertyName=studentNumber,dereferenceType=ALL,propertyPath=studentNumber,path=s.studentNumber,tableAlias=student0_,className=org.hibernate.test.querycache.Student,classAlias=s}
          +-[ALIAS_REF] IdentNode: 'student0_.studentId' {alias=s, className=org.hibernate.test.querycache.Student, tableAlias=student0_}
          \-[IDENT] IdentNode: 'studentNumber' {originalText=studentNumber}

14:18:34,565 DEBUG ErrorCounter:82 - throwQueryException() : no errors
14:18:34,566 DEBUG QueryTranslatorImpl:235 - HQL: from org.hibernate.test.querycache.Student s left join fetch s.preferredCourse order by s.studentNumber
14:18:34,566 DEBUG QueryTranslatorImpl:236 - SQL: select student0_.studentId as studentId4_0_, course1_.courseCode as courseCode1_1_, student0_.name_first as name2_4_0_, student0_.name_middle as name3_4_0_, student0_.name_last as name4_4_0_, student0_.preferredCourseCode as preferre5_4_0_, course1_.description as descript2_1_1_ from Student student0_ left outer join Course course1_ on student0_.preferredCourseCode=course1_.courseCode order by student0_.studentId
14:18:34,566 DEBUG ErrorCounter:82 - throwQueryException() : no errors
14:18:34,566 DEBUG BaseGeneralDataRegion:46 - Cache[foo.org.hibernate.cache.internal.StandardQueryCache] lookup : key[sql: select student0_.studentId as studentId4_0_, course1_.courseCode as courseCode1_1_, student0_.name_first as name2_4_0_, student0_.name_middle as name3_4_0_, student0_.name_last as name4_4_0_, student0_.preferredCourseCode as preferre5_4_0_, course1_.description as descript2_1_1_ from Student student0_ left outer join Course course1_ on student0_.preferredCourseCode=course1_.courseCode order by student0_.studentId; parameters: ; named parameters: {}; transformer: org.hibernate.transform.CacheableResultTransformer@138f59]
14:18:34,566 DEBUG SQL:104 - 
    select
        student0_.studentId as studentId4_0_,
        course1_.courseCode as courseCode1_1_,
        student0_.name_first as name2_4_0_,
        student0_.name_middle as name3_4_0_,
        student0_.name_last as name4_4_0_,
        student0_.preferredCourseCode as preferre5_4_0_,
        course1_.description as descript2_1_1_ 
    from
        Student student0_ 
    left outer join
        Course course1_ 
            on student0_.preferredCourseCode=course1_.courseCode 
    order by
        student0_.studentId
14:18:34,577 DEBUG SQL:104 - 
    select
        secretcode0_.studentNumber as studentN1_4_0_,
        secretcode0_.secretCode as secretCode5_0_,
        secretcode0_.i as i0_ 
    from
        Student_secretCodes secretcode0_ 
    where
        secretcode0_.studentNumber=?
14:18:34,578 DEBUG SQL:104 - 
    select
        coursemeet0_.courseCode as courseCode1_1_,
        coursemeet0_.courseCode as courseCode2_1_,
        coursemeet0_.day as day2_1_,
        coursemeet0_.period as period2_1_,
        coursemeet0_.location as location2_1_,
        coursemeet0_.courseCode as courseCode2_0_,
        coursemeet0_.day as day2_0_,
        coursemeet0_.period as period2_0_,
        coursemeet0_.location as location2_0_ 
    from
        CourseMeeting coursemeet0_ 
    where
        coursemeet0_.courseCode=?
14:18:34,578 DEBUG SQL:104 - 
    select
        secretcode0_.studentNumber as studentN1_4_0_,
        secretcode0_.secretCode as secretCode5_0_,
        secretcode0_.i as i0_ 
    from
        Student_secretCodes secretcode0_ 
    where
        secretcode0_.studentNumber=?
14:18:34,579 DEBUG BaseGeneralDataRegion:59 - Caching[foo.org.hibernate.cache.internal.StandardQueryCache] : [sql: select student0_.studentId as studentId4_0_, course1_.courseCode as courseCode1_1_, student0_.name_first as name2_4_0_, student0_.name_middle as name3_4_0_, student0_.name_last as name4_4_0_, student0_.preferredCourseCode as preferre5_4_0_, course1_.description as descript2_1_1_ from Student student0_ left outer join Course course1_ on student0_.preferredCourseCode=course1_.courseCode order by student0_.studentId; parameters: ; named parameters: {}; transformer: org.hibernate.transform.CacheableResultTransformer@138f59] -> [[5579090798915584, 111, 999]]
14:18:34,579 DEBUG BaseGeneralDataRegion:46 - Cache[foo.org.hibernate.cache.internal.StandardQueryCache] lookup : key[sql: select student0_.studentId as studentId4_0_, course1_.courseCode as courseCode1_1_, student0_.name_first as name2_4_0_, student0_.name_middle as name3_4_0_, student0_.name_last as name4_4_0_, student0_.preferredCourseCode as preferre5_4_0_, course1_.description as descript2_1_1_ from Student student0_ left outer join Course course1_ on student0_.preferredCourseCode=course1_.courseCode order by student0_.studentId; parameters: ; named parameters: {}; transformer: org.hibernate.transform.CacheableResultTransformer@138f59]
14:18:34,579 DEBUG BaseGeneralDataRegion:52 - Cache[foo.org.hibernate.cache.internal.StandardQueryCache] hit: sql: select student0_.studentId as studentId4_0_, course1_.courseCode as courseCode1_1_, student0_.name_first as name2_4_0_, student0_.name_middle as name3_4_0_, student0_.name_last as name4_4_0_, student0_.preferredCourseCode as preferre5_4_0_, course1_.description as descript2_1_1_ from Student student0_ left outer join Course course1_ on student0_.preferredCourseCode=course1_.courseCode order by student0_.studentId; parameters: ; named parameters: {}; transformer: org.hibernate.transform.CacheableResultTransformer@138f59
14:18:34,579 DEBUG BaseGeneralDataRegion:46 - Cache[foo.org.hibernate.cache.spi.UpdateTimestampsCache] lookup : key[Student]
14:18:34,580 DEBUG BaseGeneralDataRegion:52 - Cache[foo.org.hibernate.cache.spi.UpdateTimestampsCache] hit: Student
14:18:34,580 DEBUG BaseGeneralDataRegion:46 - Cache[foo.org.hibernate.cache.spi.UpdateTimestampsCache] lookup : key[Course]
14:18:34,580 DEBUG BaseGeneralDataRegion:52 - Cache[foo.org.hibernate.cache.spi.UpdateTimestampsCache] hit: Course
14:18:34,580 DEBUG SQL:104 - 
    select
        student0_.studentId as studentId4_0_,
        student0_.name_first as name2_4_0_,
        student0_.name_middle as name3_4_0_,
        student0_.name_last as name4_4_0_,
        student0_.preferredCourseCode as preferre5_4_0_ 
    from
        Student student0_ 
    where
        student0_.studentId=?
14:18:34,580 DEBUG SQL:104 - 
    select
        secretcode0_.studentNumber as studentN1_4_0_,
        secretcode0_.secretCode as secretCode5_0_,
        secretcode0_.i as i0_ 
    from
        Student_secretCodes secretcode0_ 
    where
        secretcode0_.studentNumber=?
14:18:34,589 DEBUG SQL:104 - 
    select
        student0_.studentId as studentId4_0_,
        student0_.name_first as name2_4_0_,
        student0_.name_middle as name3_4_0_,
        student0_.name_last as name4_4_0_,
        student0_.preferredCourseCode as preferre5_4_0_ 
    from
        Student student0_ 
    where
        student0_.studentId=?
14:18:34,590 DEBUG SQL:104 - 
    select
        secretcode0_.studentNumber as studentN1_4_0_,
        secretcode0_.secretCode as secretCode5_0_,
        secretcode0_.i as i0_ 
    from
        Student_secretCodes secretcode0_ 
    where
        secretcode0_.studentNumber=?
14:18:34,590 DEBUG SQL:104 - 
    select
        student_.studentId,
        student_.name_first as name2_4_,
        student_.name_middle as name3_4_,
        student_.name_last as name4_4_,
        student_.preferredCourseCode as preferre5_4_ 
    from
        Student student_ 
    where
        student_.studentId=?
14:18:34,599 DEBUG SQL:104 - 
    select
        enrolment_.studentId,
        enrolment_.courseCode,
        enrolment_.semester as semester3_,
        enrolment_."year" as year4_3_ 
    from
        Enrolment enrolment_ 
    where
        enrolment_.studentId=? 
        and enrolment_.courseCode=?
14:18:34,599 DEBUG SQL:104 - 
    select
        course_.courseCode,
        course_.description as descript2_1_ 
    from
        Course course_ 
    where
        course_.courseCode=?
14:18:34,600 DEBUG SQL:104 - 
    select
        student_.studentId,
        student_.name_first as name2_4_,
        student_.name_middle as name3_4_,
        student_.name_last as name4_4_,
        student_.preferredCourseCode as preferre5_4_ 
    from
        Student student_ 
    where
        student_.studentId=?
14:18:34,600 DEBUG SQL:104 - 
    select
        enrolment_.studentId,
        enrolment_.courseCode,
        enrolment_.semester as semester3_,
        enrolment_."year" as year4_3_ 
    from
        Enrolment enrolment_ 
    where
        enrolment_.studentId=? 
        and enrolment_.courseCode=?
14:18:34,600 DEBUG SQL:104 - 
    select
        coursemeet_.courseCode,
        coursemeet_.day,
        coursemeet_.period,
        coursemeet_.location 
    from
        CourseMeeting coursemeet_ 
    where
        coursemeet_.courseCode=? 
        and coursemeet_.day=? 
        and coursemeet_.period=? 
        and coursemeet_.location=?
14:18:34,622 DEBUG SQL:104 - 
    select
        coursemeet_.courseCode,
        coursemeet_.day,
        coursemeet_.period,
        coursemeet_.location 
    from
        CourseMeeting coursemeet_ 
    where
        coursemeet_.courseCode=? 
        and coursemeet_.day=? 
        and coursemeet_.period=? 
        and coursemeet_.location=?
14:18:34,622 DEBUG BaseGeneralDataRegion:59 - Caching[foo.org.hibernate.cache.spi.UpdateTimestampsCache] : [Enrolment] -> [5579091044851712]
14:18:34,623 DEBUG SQL:104 - 
    update
        Address 
    set
        studentNumber=null,
        addressType=null 
    where
        studentNumber=?
14:18:34,632 DEBUG BaseGeneralDataRegion:59 - Caching[foo.org.hibernate.cache.spi.UpdateTimestampsCache] : [Address] -> [5579091044892672]
14:18:34,632 DEBUG SQL:104 - 
    delete 
    from
        Student_secretCodes 
    where
        studentNumber=?
14:18:34,633 DEBUG BaseGeneralDataRegion:59 - Caching[foo.org.hibernate.cache.spi.UpdateTimestampsCache] : [Student_secretCodes] -> [5579091044896768]
14:18:34,633 DEBUG BaseGeneralDataRegion:59 - Caching[foo.org.hibernate.cache.spi.UpdateTimestampsCache] : [Enrolment] -> [5579091044896769]
14:18:34,633 DEBUG BaseGeneralDataRegion:59 - Caching[foo.org.hibernate.cache.spi.UpdateTimestampsCache] : [Address] -> [5579091044896770]
14:18:34,633 DEBUG SQL:104 - 
    delete 
    from
        Student_secretCodes 
    where
        studentNumber=?
14:18:34,633 DEBUG BaseGeneralDataRegion:59 - Caching[foo.org.hibernate.cache.spi.UpdateTimestampsCache] : [Student_secretCodes] -> [5579091044896771]
14:18:34,633 DEBUG BaseGeneralDataRegion:59 - Caching[foo.org.hibernate.cache.spi.UpdateTimestampsCache] : [CourseMeeting] -> [5579091044896772]
14:18:34,633 DEBUG SQL:104 - 
    delete 
    from
        Enrolment 
    where
        studentId=? 
        and courseCode=?
14:18:34,633 DEBUG BaseGeneralDataRegion:59 - Caching[foo.org.hibernate.cache.spi.UpdateTimestampsCache] : [Enrolment] -> [5579091044896773]
14:18:34,642 DEBUG SQL:104 - 
    delete 
    from
        Address 
    where
        id=?
14:18:34,643 DEBUG BaseGeneralDataRegion:59 - Caching[foo.org.hibernate.cache.spi.UpdateTimestampsCache] : [Address] -> [5579091044937728]
14:18:34,643 DEBUG SQL:104 - 
    delete 
    from
        Address 
    where
        id=?
14:18:34,643 DEBUG BaseGeneralDataRegion:59 - Caching[foo.org.hibernate.cache.spi.UpdateTimestampsCache] : [Address] -> [5579091044937729]
14:18:34,643 DEBUG SQL:104 - 
    delete 
    from
        Student 
    where
        studentId=?
14:18:34,643 DEBUG BaseGeneralDataRegion:59 - Caching[foo.org.hibernate.cache.spi.UpdateTimestampsCache] : [Student] -> [5579091044937730]
14:18:34,643 DEBUG SQL:104 - 
    delete 
    from
        Enrolment 
    where
        studentId=? 
        and courseCode=?
14:18:34,643 DEBUG BaseGeneralDataRegion:59 - Caching[foo.org.hibernate.cache.spi.UpdateTimestampsCache] : [Enrolment] -> [5579091044937731]
14:18:34,652 DEBUG SQL:104 - 
    delete 
    from
        Student 
    where
        studentId=?
14:18:34,652 DEBUG BaseGeneralDataRegion:59 - Caching[foo.org.hibernate.cache.spi.UpdateTimestampsCache] : [Student] -> [5579091044974592]
14:18:34,653 DEBUG SQL:104 - 
    delete 
    from
        CourseMeeting 
    where
        courseCode=? 
        and day=? 
        and period=? 
        and location=?
14:18:34,653 DEBUG BaseGeneralDataRegion:59 - Caching[foo.org.hibernate.cache.spi.UpdateTimestampsCache] : [CourseMeeting] -> [5579091044978688]
14:18:34,653 DEBUG SQL:104 - 
    delete 
    from
        CourseMeeting 
    where
        courseCode=? 
        and day=? 
        and period=? 
        and location=?
14:18:34,653 DEBUG BaseGeneralDataRegion:59 - Caching[foo.org.hibernate.cache.spi.UpdateTimestampsCache] : [CourseMeeting] -> [5579091044978689]
14:18:34,653 DEBUG SQL:104 - 
    delete 
    from
        Course 
    where
        courseCode=?
14:18:34,663 DEBUG BaseGeneralDataRegion:59 - Caching[foo.org.hibernate.cache.spi.UpdateTimestampsCache] : [Course] -> [5579091045019648]
14:18:34,663 DEBUG BaseGeneralDataRegion:59 - Caching[foo.org.hibernate.cache.spi.UpdateTimestampsCache] : [Student] -> [5579090799259649]
14:18:34,663 DEBUG BaseGeneralDataRegion:59 - Caching[foo.org.hibernate.cache.spi.UpdateTimestampsCache] : [Course] -> [5579090799259649]
14:18:34,663 DEBUG BaseGeneralDataRegion:59 - Caching[foo.org.hibernate.cache.spi.UpdateTimestampsCache] : [Enrolment] -> [5579090799259649]
14:18:34,663 DEBUG BaseGeneralDataRegion:59 - Caching[foo.org.hibernate.cache.spi.UpdateTimestampsCache] : [Student_secretCodes] -> [5579090799259649]
14:18:34,663 DEBUG BaseGeneralDataRegion:59 - Caching[foo.org.hibernate.cache.spi.UpdateTimestampsCache] : [Address] -> [5579090799259649]
14:18:34,663 DEBUG BaseGeneralDataRegion:59 - Caching[foo.org.hibernate.cache.spi.UpdateTimestampsCache] : [CourseMeeting] -> [5579090799259649]
14:18:34,664 DEBUG SQL:104 - 
    select
        coursemeet_.courseCode,
        coursemeet_.day,
        coursemeet_.period,
        coursemeet_.location 
    from
        CourseMeeting coursemeet_ 
    where
        coursemeet_.courseCode=? 
        and coursemeet_.day=? 
        and coursemeet_.period=? 
        and coursemeet_.location=?
14:18:34,664 DEBUG SQL:104 - 
    select
        coursemeet_.courseCode,
        coursemeet_.day,
        coursemeet_.period,
        coursemeet_.location 
    from
        CourseMeeting coursemeet_ 
    where
        coursemeet_.courseCode=? 
        and coursemeet_.day=? 
        and coursemeet_.period=? 
        and coursemeet_.location=?
14:18:34,673 DEBUG SQL:104 - 
    insert 
    into
        Course
        (description, courseCode) 
    values
        (?, ?)
14:18:34,674 DEBUG BaseGeneralDataRegion:59 - Caching[foo.org.hibernate.cache.spi.UpdateTimestampsCache] : [Course] -> [5579091045064704]
14:18:34,674 DEBUG SQL:104 - 
    insert 
    into
        CourseMeeting
        (courseCode, day, period, location) 
    values
        (?, ?, ?, ?)
14:18:34,674 DEBUG BaseGeneralDataRegion:59 - Caching[foo.org.hibernate.cache.spi.UpdateTimestampsCache] : [CourseMeeting] -> [5579091045064705]
14:18:34,674 DEBUG SQL:104 - 
    insert 
    into
        CourseMeeting
        (courseCode, day, period, location) 
    values
        (?, ?, ?, ?)
14:18:34,683 DEBUG BaseGeneralDataRegion:59 - Caching[foo.org.hibernate.cache.spi.UpdateTimestampsCache] : [CourseMeeting] -> [5579091045101568]
14:18:34,683 DEBUG SQL:104 - 
    insert 
    into
        Student
        (name_first, name_middle, name_last, preferredCourseCode, studentId) 
    values
        (?, ?, ?, ?, ?)
14:18:34,683 DEBUG BaseGeneralDataRegion:59 - Caching[foo.org.hibernate.cache.spi.UpdateTimestampsCache] : [Student] -> [5579091045101569]
14:18:34,683 DEBUG SQL:104 - 
    insert 
    into
        Address
        (addressType, street, city, stateProvince, postalCode, country, studentNumber, id) 
    values
        (?, ?, ?, ?, ?, ?, ?, ?)
14:18:34,684 DEBUG BaseGeneralDataRegion:59 - Caching[foo.org.hibernate.cache.spi.UpdateTimestampsCache] : [Address] -> [5579091045105664]
14:18:34,684 DEBUG SQL:104 - 
    insert 
    into
        Address
        (addressType, street, city, stateProvince, postalCode, country, studentNumber, id) 
    values
        (?, ?, ?, ?, ?, ?, ?, ?)
14:18:34,684 DEBUG BaseGeneralDataRegion:59 - Caching[foo.org.hibernate.cache.spi.UpdateTimestampsCache] : [Address] -> [5579091045105665]
14:18:34,684 DEBUG SQL:104 - 
    insert 
    into
        Student
        (name_first, name_middle, name_last, preferredCourseCode, studentId) 
    values
        (?, ?, ?, ?, ?)
14:18:34,693 DEBUG BaseGeneralDataRegion:59 - Caching[foo.org.hibernate.cache.spi.UpdateTimestampsCache] : [Student] -> [5579091045142528]
14:18:34,693 DEBUG SQL:104 - 
    insert 
    into
        Enrolment
        (semester, "year", studentId, courseCode) 
    values
        (?, ?, ?, ?)
14:18:34,694 DEBUG BaseGeneralDataRegion:59 - Caching[foo.org.hibernate.cache.spi.UpdateTimestampsCache] : [Enrolment] -> [5579091045146624]
14:18:34,694 DEBUG SQL:104 - 
    insert 
    into
        Enrolment
        (semester, "year", studentId, courseCode) 
    values
        (?, ?, ?, ?)
14:18:34,694 DEBUG BaseGeneralDataRegion:59 - Caching[foo.org.hibernate.cache.spi.UpdateTimestampsCache] : [Enrolment] -> [5579091045146625]
14:18:34,694 DEBUG BaseGeneralDataRegion:59 - Caching[foo.org.hibernate.cache.spi.UpdateTimestampsCache] : [CourseMeeting] -> [5579091045146626]
14:18:34,694 DEBUG BaseGeneralDataRegion:59 - Caching[foo.org.hibernate.cache.spi.UpdateTimestampsCache] : [Enrolment] -> [5579091045146627]
14:18:34,694 DEBUG SQL:104 - 
    update
        Address 
    set
        studentNumber=?,
        addressType=? 
    where
        id=?
14:18:34,702 DEBUG SQL:104 - 
    update
        Address 
    set
        studentNumber=?,
        addressType=? 
    where
        id=?
14:18:34,702 DEBUG BaseGeneralDataRegion:59 - Caching[foo.org.hibernate.cache.spi.UpdateTimestampsCache] : [Address] -> [5579091045179392]
14:18:34,703 DEBUG SQL:104 - 
    insert 
    into
        Student_secretCodes
        (studentNumber, i, secretCode) 
    values
        (?, ?, ?)
14:18:34,703 DEBUG BaseGeneralDataRegion:59 - Caching[foo.org.hibernate.cache.spi.UpdateTimestampsCache] : [Student_secretCodes] -> [5579091045183488]
14:18:34,703 DEBUG BaseGeneralDataRegion:59 - Caching[foo.org.hibernate.cache.spi.UpdateTimestampsCache] : [Enrolment] -> [5579091045183489]
14:18:34,703 DEBUG BaseGeneralDataRegion:59 - Caching[foo.org.hibernate.cache.spi.UpdateTimestampsCache] : [Address] -> [5579091045183490]
14:18:34,703 DEBUG SQL:104 - 
    insert 
    into
        Student_secretCodes
        (studentNumber, i, secretCode) 
    values
        (?, ?, ?)
14:18:34,703 DEBUG SQL:104 - 
    insert 
    into
        Student_secretCodes
        (studentNumber, i, secretCode) 
    values
        (?, ?, ?)
14:18:34,703 DEBUG BaseGeneralDataRegion:59 - Caching[foo.org.hibernate.cache.spi.UpdateTimestampsCache] : [Student_secretCodes] -> [5579091045183491]
14:18:34,704 DEBUG BaseGeneralDataRegion:59 - Caching[foo.org.hibernate.cache.spi.UpdateTimestampsCache] : [Student] -> [5579090799427584]
14:18:34,704 DEBUG BaseGeneralDataRegion:59 - Caching[foo.org.hibernate.cache.spi.UpdateTimestampsCache] : [Course] -> [5579090799427584]
14:18:34,704 DEBUG BaseGeneralDataRegion:59 - Caching[foo.org.hibernate.cache.spi.UpdateTimestampsCache] : [Enrolment] -> [5579090799427584]
14:18:34,704 DEBUG BaseGeneralDataRegion:59 - Caching[foo.org.hibernate.cache.spi.UpdateTimestampsCache] : [Student_secretCodes] -> [5579090799427584]
14:18:34,704 DEBUG BaseGeneralDataRegion:59 - Caching[foo.org.hibernate.cache.spi.UpdateTimestampsCache] : [Address] -> [5579090799427584]
14:18:34,704 DEBUG BaseGeneralDataRegion:59 - Caching[foo.org.hibernate.cache.spi.UpdateTimestampsCache] : [CourseMeeting] -> [5579090799427584]
14:18:34,704 DEBUG QueryTranslatorImpl:265 - parse() - HQL: from org.hibernate.test.querycache.Student s left join fetch s.preferredCourse pCourse order by s.studentNumber
14:18:34,706 DEBUG QueryTranslatorImpl:283 - --- HQL AST ---
 \-[QUERY] Node: 'query'
    +-[SELECT_FROM] Node: 'SELECT_FROM'
    |  \-[FROM] Node: 'from'
    |     +-[RANGE] Node: 'RANGE'
    |     |  +-[DOT] Node: '.'
    |     |  |  +-[DOT] Node: '.'
    |     |  |  |  +-[DOT] Node: '.'
    |     |  |  |  |  +-[DOT] Node: '.'
    |     |  |  |  |  |  +-[IDENT] Node: 'org'
    |     |  |  |  |  |  \-[IDENT] Node: 'hibernate'
    |     |  |  |  |  \-[IDENT] Node: 'test'
    |     |  |  |  \-[IDENT] Node: 'querycache'
    |     |  |  \-[IDENT] Node: 'Student'
    |     |  \-[ALIAS] Node: 's'
    |     \-[JOIN] Node: 'join'
    |        +-[LEFT] Node: 'left'
    |        +-[FETCH] Node: 'fetch'
    |        +-[DOT] Node: '.'
    |        |  +-[IDENT] Node: 's'
    |        |  \-[IDENT] Node: 'preferredCourse'
    |        \-[ALIAS] Node: 'pCourse'
    \-[ORDER] Node: 'order'
       \-[DOT] Node: '.'
          +-[IDENT] Node: 's'
          \-[IDENT] Node: 'studentNumber'

14:18:34,715 DEBUG ErrorCounter:82 - throwQueryException() : no errors
14:18:34,716 DEBUG FromElement:157 - FromClause{level=1} : org.hibernate.test.querycache.Student (s) -> student0_
14:18:34,716 DEBUG FromReferenceNode:74 - Resolved : s -> student0_.studentId
14:18:34,716 DEBUG DotNode:599 - getDataType() : preferredCourse -> org.hibernate.type.ManyToOneType(org.hibernate.test.querycache.Course)
14:18:34,716 DEBUG DotNode:389 - dereferenceEntityJoin() : generating join for preferredCourse in org.hibernate.test.querycache.Student (pCourse) parent = [ {null} ]
14:18:34,716 DEBUG FromElement:157 - FromClause{level=1} : org.hibernate.test.querycache.Course (pCourse) -> course1_
14:18:34,717 DEBUG FromClause:282 - addJoinByPathMap() : s.preferredCourse -> FromElement{explicit,not a collection join,not a fetch join,fetch non-lazy properties,classAlias=pCourse,role=null,tableName=Course,tableAlias=course1_,origin=Student student0_,columns={student0_.preferredCourseCode ,className=org.hibernate.test.querycache.Course}}
14:18:34,717 DEBUG FromReferenceNode:74 - Resolved : s.preferredCourse -> student0_.preferredCourseCode
14:18:34,717 DEBUG HqlSqlWalker:403 - createFromJoinElement() : -- join tree --
 \-[JOIN_FRAGMENT] FromElement: 'Course course1_' FromElement{explicit,not a collection join,fetch join,fetch non-lazy properties,classAlias=pCourse,role=null,tableName=Course,tableAlias=course1_,origin=Student student0_,columns={student0_.preferredCourseCode ,className=org.hibernate.test.querycache.Course}}

14:18:34,717 DEBUG FromReferenceNode:74 - Resolved : s -> student0_.studentId
14:18:34,717 DEBUG DotNode:599 - getDataType() : studentNumber -> org.hibernate.type.LongType@4bf3f9d
14:18:34,717 DEBUG FromReferenceNode:74 - Resolved : s.studentNumber -> student0_.studentId
14:18:34,717 DEBUG HqlSqlWalker:629 - processQuery() :  ( SELECT ( FromClause{level=1} ( Student student0_ Course course1_ ) ) ( order ( student0_.studentId student0_.studentId studentNumber ) ) )
14:18:34,718 DEBUG HqlSqlWalker:869 - Derived SELECT clause created.
14:18:34,718 DEBUG JoinProcessor:175 - Using FROM fragment [Student student0_]
14:18:34,725 DEBUG JoinProcessor:175 - Using FROM fragment [left outer join Course course1_ on student0_.preferredCourseCode=course1_.courseCode]
14:18:34,726 DEBUG QueryTranslatorImpl:252 - --- SQL AST ---
 \-[SELECT] QueryNode: 'SELECT'  querySpaces (Student,Course)
    +-[SELECT_CLAUSE] SelectClause: '{derived select clause}'
    |  +-[SELECT_EXPR] SelectExpressionImpl: 'student0_.studentId as studentId4_0_' {FromElement{explicit,not a collection join,not a fetch join,fetch non-lazy properties,classAlias=s,role=null,tableName=Student,tableAlias=student0_,origin=null,columns={,className=org.hibernate.test.querycache.Student}}}
    |  +-[SELECT_EXPR] SelectExpressionImpl: 'course1_.courseCode as courseCode1_1_' {FromElement{explicit,not a collection join,fetch join,fetch non-lazy properties,classAlias=pCourse,role=null,tableName=Course,tableAlias=course1_,origin=Student student0_,columns={student0_.preferredCourseCode ,className=org.hibernate.test.querycache.Course}}}
    |  +-[SQL_TOKEN] SqlFragment: 'student0_.name_first as name2_4_0_, student0_.name_middle as name3_4_0_, student0_.name_last as name4_4_0_, student0_.preferredCourseCode as preferre5_4_0_'
    |  \-[SQL_TOKEN] SqlFragment: 'course1_.description as descript2_1_1_'
    +-[FROM] FromClause: 'from' FromClause{level=1, fromElementCounter=2, fromElements=2, fromElementByClassAlias=[s, pCourse], fromElementByTableAlias=[student0_, course1_], fromElementsByPath=[s.preferredCourse], collectionJoinFromElementsByPath=[], impliedElements=[]}
    |  \-[FROM_FRAGMENT] FromElement: 'Student student0_' FromElement{explicit,not a collection join,not a fetch join,fetch non-lazy properties,classAlias=s,role=null,tableName=Student,tableAlias=student0_,origin=null,columns={,className=org.hibernate.test.querycache.Student}}
    |     \-[JOIN_FRAGMENT] FromElement: 'left outer join Course course1_ on student0_.preferredCourseCode=course1_.courseCode' FromElement{explicit,not a collection join,fetch join,fetch non-lazy properties,classAlias=pCourse,role=null,tableName=Course,tableAlias=course1_,origin=Student student0_,columns={student0_.preferredCourseCode ,className=org.hibernate.test.querycache.Course}}
    \-[ORDER] OrderByClause: 'order'
       \-[DOT] DotNode: 'student0_.studentId' {propertyName=studentNumber,dereferenceType=ALL,propertyPath=studentNumber,path=s.studentNumber,tableAlias=student0_,className=org.hibernate.test.querycache.Student,classAlias=s}
          +-[ALIAS_REF] IdentNode: 'student0_.studentId' {alias=s, className=org.hibernate.test.querycache.Student, tableAlias=student0_}
          \-[IDENT] IdentNode: 'studentNumber' {originalText=studentNumber}

14:18:34,726 DEBUG ErrorCounter:82 - throwQueryException() : no errors
14:18:34,726 DEBUG QueryTranslatorImpl:235 - HQL: from org.hibernate.test.querycache.Student s left join fetch s.preferredCourse pCourse order by s.studentNumber
14:18:34,726 DEBUG QueryTranslatorImpl:236 - SQL: select student0_.studentId as studentId4_0_, course1_.courseCode as courseCode1_1_, student0_.name_first as name2_4_0_, student0_.name_middle as name3_4_0_, student0_.name_last as name4_4_0_, student0_.preferredCourseCode as preferre5_4_0_, course1_.description as descript2_1_1_ from Student student0_ left outer join Course course1_ on student0_.preferredCourseCode=course1_.courseCode order by student0_.studentId
14:18:34,726 DEBUG ErrorCounter:82 - throwQueryException() : no errors
14:18:34,727 DEBUG BaseGeneralDataRegion:46 - Cache[foo.org.hibernate.cache.internal.StandardQueryCache] lookup : key[sql: select student0_.studentId as studentId4_0_, course1_.courseCode as courseCode1_1_, student0_.name_first as name2_4_0_, student0_.name_middle as name3_4_0_, student0_.name_last as name4_4_0_, student0_.preferredCourseCode as preferre5_4_0_, course1_.description as descript2_1_1_ from Student student0_ left outer join Course course1_ on student0_.preferredCourseCode=course1_.courseCode order by student0_.studentId; parameters: ; named parameters: {}; transformer: org.hibernate.transform.CacheableResultTransformer@138f59]
14:18:34,727 DEBUG BaseGeneralDataRegion:52 - Cache[foo.org.hibernate.cache.internal.StandardQueryCache] hit: sql: select student0_.studentId as studentId4_0_, course1_.courseCode as courseCode1_1_, student0_.name_first as name2_4_0_, student0_.name_middle as name3_4_0_, student0_.name_last as name4_4_0_, student0_.preferredCourseCode as preferre5_4_0_, course1_.description as descript2_1_1_ from Student student0_ left outer join Course course1_ on student0_.preferredCourseCode=course1_.courseCode order by student0_.studentId; parameters: ; named parameters: {}; transformer: org.hibernate.transform.CacheableResultTransformer@138f59
14:18:34,727 DEBUG BaseGeneralDataRegion:46 - Cache[foo.org.hibernate.cache.spi.UpdateTimestampsCache] lookup : key[Student]
14:18:34,727 DEBUG BaseGeneralDataRegion:52 - Cache[foo.org.hibernate.cache.spi.UpdateTimestampsCache] hit: Student
14:18:34,727 DEBUG SQL:104 - 
    select
        student0_.studentId as studentId4_0_,
        course1_.courseCode as courseCode1_1_,
        student0_.name_first as name2_4_0_,
        student0_.name_middle as name3_4_0_,
        student0_.name_last as name4_4_0_,
        student0_.preferredCourseCode as preferre5_4_0_,
        course1_.description as descript2_1_1_ 
    from
        Student student0_ 
    left outer join
        Course course1_ 
            on student0_.preferredCourseCode=course1_.courseCode 
    order by
        student0_.studentId
14:18:34,728 DEBUG SQL:104 - 
    select
        secretcode0_.studentNumber as studentN1_4_0_,
        secretcode0_.secretCode as secretCode5_0_,
        secretcode0_.i as i0_ 
    from
        Student_secretCodes secretcode0_ 
    where
        secretcode0_.studentNumber=?
14:18:34,751 DEBUG SQL:104 - 
    select
        coursemeet0_.courseCode as courseCode1_1_,
        coursemeet0_.courseCode as courseCode2_1_,
        coursemeet0_.day as day2_1_,
        coursemeet0_.period as period2_1_,
        coursemeet0_.location as location2_1_,
        coursemeet0_.courseCode as courseCode2_0_,
        coursemeet0_.day as day2_0_,
        coursemeet0_.period as period2_0_,
        coursemeet0_.location as location2_0_ 
    from
        CourseMeeting coursemeet0_ 
    where
        coursemeet0_.courseCode=?
14:18:34,752 DEBUG SQL:104 - 
    select
        secretcode0_.studentNumber as studentN1_4_0_,
        secretcode0_.secretCode as secretCode5_0_,
        secretcode0_.i as i0_ 
    from
        Student_secretCodes secretcode0_ 
    where
        secretcode0_.studentNumber=?
14:18:34,752 DEBUG BaseGeneralDataRegion:59 - Caching[foo.org.hibernate.cache.internal.StandardQueryCache] : [sql: select student0_.studentId as studentId4_0_, course1_.courseCode as courseCode1_1_, student0_.name_first as name2_4_0_, student0_.name_middle as name3_4_0_, student0_.name_last as name4_4_0_, student0_.preferredCourseCode as preferre5_4_0_, course1_.description as descript2_1_1_ from Student student0_ left outer join Course course1_ on student0_.preferredCourseCode=course1_.courseCode order by student0_.studentId; parameters: ; named parameters: {}; transformer: org.hibernate.transform.CacheableResultTransformer@138f59] -> [[5579090799624192, 111, 999]]
14:18:34,753 DEBUG BaseGeneralDataRegion:46 - Cache[foo.org.hibernate.cache.internal.StandardQueryCache] lookup : key[sql: select student0_.studentId as studentId4_0_, course1_.courseCode as courseCode1_1_, student0_.name_first as name2_4_0_, student0_.name_middle as name3_4_0_, student0_.name_last as name4_4_0_, student0_.preferredCourseCode as preferre5_4_0_, course1_.description as descript2_1_1_ from Student student0_ left outer join Course course1_ on student0_.preferredCourseCode=course1_.courseCode order by student0_.studentId; parameters: ; named parameters: {}; transformer: org.hibernate.transform.CacheableResultTransformer@138f59]
14:18:34,753 DEBUG BaseGeneralDataRegion:52 - Cache[foo.org.hibernate.cache.internal.StandardQueryCache] hit: sql: select student0_.studentId as studentId4_0_, course1_.courseCode as courseCode1_1_, student0_.name_first as name2_4_0_, student0_.name_middle as name3_4_0_, student0_.name_last as name4_4_0_, student0_.preferredCourseCode as preferre5_4_0_, course1_.description as descript2_1_1_ from Student student0_ left outer join Course course1_ on student0_.preferredCourseCode=course1_.courseCode order by student0_.studentId; parameters: ; named parameters: {}; transformer: org.hibernate.transform.CacheableResultTransformer@138f59
14:18:34,753 DEBUG BaseGeneralDataRegion:46 - Cache[foo.org.hibernate.cache.spi.UpdateTimestampsCache] lookup : key[Student]
14:18:34,753 DEBUG BaseGeneralDataRegion:52 - Cache[foo.org.hibernate.cache.spi.UpdateTimestampsCache] hit: Student
14:18:34,753 DEBUG BaseGeneralDataRegion:46 - Cache[foo.org.hibernate.cache.spi.UpdateTimestampsCache] lookup : key[Course]
14:18:34,753 DEBUG BaseGeneralDataRegion:52 - Cache[foo.org.hibernate.cache.spi.UpdateTimestampsCache] hit: Course
14:18:34,754 DEBUG SQL:104 - 
    select
        student0_.studentId as studentId4_0_,
        student0_.name_first as name2_4_0_,
        student0_.name_middle as name3_4_0_,
        student0_.name_last as name4_4_0_,
        student0_.preferredCourseCode as preferre5_4_0_ 
    from
        Student student0_ 
    where
        student0_.studentId=?
14:18:34,754 DEBUG SQL:104 - 
    select
        secretcode0_.studentNumber as studentN1_4_0_,
        secretcode0_.secretCode as secretCode5_0_,
        secretcode0_.i as i0_ 
    from
        Student_secretCodes secretcode0_ 
    where
        secretcode0_.studentNumber=?
14:18:34,755 DEBUG SQL:104 - 
    select
        student0_.studentId as studentId4_0_,
        student0_.name_first as name2_4_0_,
        student0_.name_middle as name3_4_0_,
        student0_.name_last as name4_4_0_,
        student0_.preferredCourseCode as preferre5_4_0_ 
    from
        Student student0_ 
    where
        student0_.studentId=?
14:18:34,755 DEBUG SQL:104 - 
    select
        secretcode0_.studentNumber as studentN1_4_0_,
        secretcode0_.secretCode as secretCode5_0_,
        secretcode0_.i as i0_ 
    from
        Student_secretCodes secretcode0_ 
    where
        secretcode0_.studentNumber=?
14:18:34,781 DEBUG SQL:104 - 
    select
        student_.studentId,
        student_.name_first as name2_4_,
        student_.name_middle as name3_4_,
        student_.name_last as name4_4_,
        student_.preferredCourseCode as preferre5_4_ 
    from
        Student student_ 
    where
        student_.studentId=?
14:18:34,781 DEBUG SQL:104 - 
    select
        enrolment_.studentId,
        enrolment_.courseCode,
        enrolment_.semester as semester3_,
        enrolment_."year" as year4_3_ 
    from
        Enrolment enrolment_ 
    where
        enrolment_.studentId=? 
        and enrolment_.courseCode=?
14:18:34,782 DEBUG SQL:104 - 
    select
        course_.courseCode,
        course_.description as descript2_1_ 
    from
        Course course_ 
    where
        course_.courseCode=?
14:18:34,791 DEBUG SQL:104 - 
    select
        student_.studentId,
        student_.name_first as name2_4_,
        student_.name_middle as name3_4_,
        student_.name_last as name4_4_,
        student_.preferredCourseCode as preferre5_4_ 
    from
        Student student_ 
    where
        student_.studentId=?
14:18:34,791 DEBUG SQL:104 - 
    select
        enrolment_.studentId,
        enrolment_.courseCode,
        enrolment_.semester as semester3_,
        enrolment_."year" as year4_3_ 
    from
        Enrolment enrolment_ 
    where
        enrolment_.studentId=? 
        and enrolment_.courseCode=?
14:18:34,792 DEBUG SQL:104 - 
    select
        coursemeet_.courseCode,
        coursemeet_.day,
        coursemeet_.period,
        coursemeet_.location 
    from
        CourseMeeting coursemeet_ 
    where
        coursemeet_.courseCode=? 
        and coursemeet_.day=? 
        and coursemeet_.period=? 
        and coursemeet_.location=?
14:18:34,814 DEBUG SQL:104 - 
    select
        coursemeet_.courseCode,
        coursemeet_.day,
        coursemeet_.period,
        coursemeet_.location 
    from
        CourseMeeting coursemeet_ 
    where
        coursemeet_.courseCode=? 
        and coursemeet_.day=? 
        and coursemeet_.period=? 
        and coursemeet_.location=?
14:18:34,815 DEBUG BaseGeneralDataRegion:59 - Caching[foo.org.hibernate.cache.spi.UpdateTimestampsCache] : [Enrolment] -> [5579091045642240]
14:18:34,815 DEBUG SQL:104 - 
    update
        Address 
    set
        studentNumber=null,
        addressType=null 
    where
        studentNumber=?
14:18:34,815 DEBUG BaseGeneralDataRegion:59 - Caching[foo.org.hibernate.cache.spi.UpdateTimestampsCache] : [Address] -> [5579091045642241]
14:18:34,815 DEBUG SQL:104 - 
    delete 
    from
        Student_secretCodes 
    where
        studentNumber=?
14:18:34,815 DEBUG BaseGeneralDataRegion:59 - Caching[foo.org.hibernate.cache.spi.UpdateTimestampsCache] : [Student_secretCodes] -> [5579091045642242]
14:18:34,816 DEBUG BaseGeneralDataRegion:59 - Caching[foo.org.hibernate.cache.spi.UpdateTimestampsCache] : [Enrolment] -> [5579091045646336]
14:18:34,816 DEBUG BaseGeneralDataRegion:59 - Caching[foo.org.hibernate.cache.spi.UpdateTimestampsCache] : [Address] -> [5579091045646337]
14:18:34,816 DEBUG SQL:104 - 
    delete 
    from
        Student_secretCodes 
    where
        studentNumber=?
14:18:34,816 DEBUG BaseGeneralDataRegion:59 - Caching[foo.org.hibernate.cache.spi.UpdateTimestampsCache] : [Student_secretCodes] -> [5579091045646338]
14:18:34,816 DEBUG BaseGeneralDataRegion:59 - Caching[foo.org.hibernate.cache.spi.UpdateTimestampsCache] : [CourseMeeting] -> [5579091045646339]
14:18:34,816 DEBUG SQL:104 - 
    delete 
    from
        Enrolment 
    where
        studentId=? 
        and courseCode=?
14:18:34,816 DEBUG BaseGeneralDataRegion:59 - Caching[foo.org.hibernate.cache.spi.UpdateTimestampsCache] : [Enrolment] -> [5579091045646340]
14:18:34,816 DEBUG SQL:104 - 
    delete 
    from
        Address 
    where
        id=?
14:18:34,817 DEBUG BaseGeneralDataRegion:59 - Caching[foo.org.hibernate.cache.spi.UpdateTimestampsCache] : [Address] -> [5579091045650432]
14:18:34,817 DEBUG SQL:104 - 
    delete 
    from
        Address 
    where
        id=?
14:18:34,817 DEBUG BaseGeneralDataRegion:59 - Caching[foo.org.hibernate.cache.spi.UpdateTimestampsCache] : [Address] -> [5579091045650433]
14:18:34,817 DEBUG SQL:104 - 
    delete 
    from
        Student 
    where
        studentId=?
14:18:34,817 DEBUG BaseGeneralDataRegion:59 - Caching[foo.org.hibernate.cache.spi.UpdateTimestampsCache] : [Student] -> [5579091045650434]
14:18:34,817 DEBUG SQL:104 - 
    delete 
    from
        Enrolment 
    where
        studentId=? 
        and courseCode=?
14:18:34,817 DEBUG BaseGeneralDataRegion:59 - Caching[foo.org.hibernate.cache.spi.UpdateTimestampsCache] : [Enrolment] -> [5579091045650435]
14:18:34,818 DEBUG SQL:104 - 
    delete 
    from
        Student 
    where
        studentId=?
14:18:34,818 DEBUG BaseGeneralDataRegion:59 - Caching[foo.org.hibernate.cache.spi.UpdateTimestampsCache] : [Student] -> [5579091045654528]
14:18:34,818 DEBUG SQL:104 - 
    delete 
    from
        CourseMeeting 
    where
        courseCode=? 
        and day=? 
        and period=? 
        and location=?
14:18:34,833 DEBUG BaseGeneralDataRegion:59 - Caching[foo.org.hibernate.cache.spi.UpdateTimestampsCache] : [CourseMeeting] -> [5579091045715968]
14:18:34,833 DEBUG SQL:104 - 
    delete 
    from
        CourseMeeting 
    where
        courseCode=? 
        and day=? 
        and period=? 
        and location=?
14:18:34,834 DEBUG BaseGeneralDataRegion:59 - Caching[foo.org.hibernate.cache.spi.UpdateTimestampsCache] : [CourseMeeting] -> [5579091045720064]
14:18:34,834 DEBUG SQL:104 - 
    delete 
    from
        Course 
    where
        courseCode=?
14:18:34,834 DEBUG BaseGeneralDataRegion:59 - Caching[foo.org.hibernate.cache.spi.UpdateTimestampsCache] : [Course] -> [5579091045720065]
14:18:34,834 DEBUG BaseGeneralDataRegion:59 - Caching[foo.org.hibernate.cache.spi.UpdateTimestampsCache] : [Student] -> [5579090799960066]
14:18:34,834 DEBUG BaseGeneralDataRegion:59 - Caching[foo.org.hibernate.cache.spi.UpdateTimestampsCache] : [Course] -> [5579090799960066]
14:18:34,834 DEBUG BaseGeneralDataRegion:59 - Caching[foo.org.hibernate.cache.spi.UpdateTimestampsCache] : [Enrolment] -> [5579090799960066]
14:18:34,834 DEBUG BaseGeneralDataRegion:59 - Caching[foo.org.hibernate.cache.spi.UpdateTimestampsCache] : [Student_secretCodes] -> [5579090799960066]
14:18:34,834 DEBUG BaseGeneralDataRegion:59 - Caching[foo.org.hibernate.cache.spi.UpdateTimestampsCache] : [Address] -> [5579090799960066]
14:18:34,835 DEBUG BaseGeneralDataRegion:59 - Caching[foo.org.hibernate.cache.spi.UpdateTimestampsCache] : [CourseMeeting] -> [5579090799960066]
14:18:34,835 DEBUG SQL:104 - 
    select
        coursemeet_.courseCode,
        coursemeet_.day,
        coursemeet_.period,
        coursemeet_.location 
    from
        CourseMeeting coursemeet_ 
    where
        coursemeet_.courseCode=? 
        and coursemeet_.day=? 
        and coursemeet_.period=? 
        and coursemeet_.location=?
14:18:34,849 DEBUG SQL:104 - 
    select
        coursemeet_.courseCode,
        coursemeet_.day,
        coursemeet_.period,
        coursemeet_.location 
    from
        CourseMeeting coursemeet_ 
    where
        coursemeet_.courseCode=? 
        and coursemeet_.day=? 
        and coursemeet_.period=? 
        and coursemeet_.location=?
14:18:34,850 DEBUG SQL:104 - 
    insert 
    into
        Course
        (description, courseCode) 
    values
        (?, ?)
14:18:34,859 DEBUG BaseGeneralDataRegion:59 - Caching[foo.org.hibernate.cache.spi.UpdateTimestampsCache] : [Course] -> [5579091045818368]
14:18:34,860 DEBUG SQL:104 - 
    insert 
    into
        CourseMeeting
        (courseCode, day, period, location) 
    values
        (?, ?, ?, ?)
14:18:34,860 DEBUG BaseGeneralDataRegion:59 - Caching[foo.org.hibernate.cache.spi.UpdateTimestampsCache] : [CourseMeeting] -> [5579091045826560]
14:18:34,860 DEBUG SQL:104 - 
    insert 
    into
        CourseMeeting
        (courseCode, day, period, location) 
    values
        (?, ?, ?, ?)
14:18:34,860 DEBUG BaseGeneralDataRegion:59 - Caching[foo.org.hibernate.cache.spi.UpdateTimestampsCache] : [CourseMeeting] -> [5579091045826561]
14:18:34,860 DEBUG SQL:104 - 
    insert 
    into
        Student
        (name_first, name_middle, name_last, preferredCourseCode, studentId) 
    values
        (?, ?, ?, ?, ?)
14:18:34,860 DEBUG BaseGeneralDataRegion:59 - Caching[foo.org.hibernate.cache.spi.UpdateTimestampsCache] : [Student] -> [5579091045826562]
14:18:34,861 DEBUG SQL:104 - 
    insert 
    into
        Address
        (addressType, street, city, stateProvince, postalCode, country, studentNumber, id) 
    values
        (?, ?, ?, ?, ?, ?, ?, ?)
14:18:34,861 DEBUG BaseGeneralDataRegion:59 - Caching[foo.org.hibernate.cache.spi.UpdateTimestampsCache] : [Address] -> [5579091045830656]
14:18:34,861 DEBUG SQL:104 - 
    insert 
    into
        Address
        (addressType, street, city, stateProvince, postalCode, country, studentNumber, id) 
    values
        (?, ?, ?, ?, ?, ?, ?, ?)
14:18:34,861 DEBUG BaseGeneralDataRegion:59 - Caching[foo.org.hibernate.cache.spi.UpdateTimestampsCache] : [Address] -> [5579091045830657]
14:18:34,861 DEBUG SQL:104 - 
    insert 
    into
        Student
        (name_first, name_middle, name_last, preferredCourseCode, studentId) 
    values
        (?, ?, ?, ?, ?)
14:18:34,884 DEBUG BaseGeneralDataRegion:59 - Caching[foo.org.hibernate.cache.spi.UpdateTimestampsCache] : [Student] -> [5579091045924864]
14:18:34,884 DEBUG SQL:104 - 
    insert 
    into
        Enrolment
        (semester, "year", studentId, courseCode) 
    values
        (?, ?, ?, ?)
14:18:34,884 DEBUG BaseGeneralDataRegion:59 - Caching[foo.org.hibernate.cache.spi.UpdateTimestampsCache] : [Enrolment] -> [5579091045924865]
14:18:34,884 DEBUG SQL:104 - 
    insert 
    into
        Enrolment
        (semester, "year", studentId, courseCode) 
    values
        (?, ?, ?, ?)
14:18:34,885 DEBUG BaseGeneralDataRegion:59 - Caching[foo.org.hibernate.cache.spi.UpdateTimestampsCache] : [Enrolment] -> [5579091045928960]
14:18:34,885 DEBUG BaseGeneralDataRegion:59 - Caching[foo.org.hibernate.cache.spi.UpdateTimestampsCache] : [CourseMeeting] -> [5579091045928961]
14:18:34,885 DEBUG BaseGeneralDataRegion:59 - Caching[foo.org.hibernate.cache.spi.UpdateTimestampsCache] : [Enrolment] -> [5579091045928962]
14:18:34,885 DEBUG SQL:104 - 
    update
        Address 
    set
        studentNumber=?,
        addressType=? 
    where
        id=?
14:18:34,893 DEBUG SQL:104 - 
    update
        Address 
    set
        studentNumber=?,
        addressType=? 
    where
        id=?
14:18:34,894 DEBUG BaseGeneralDataRegion:59 - Caching[foo.org.hibernate.cache.spi.UpdateTimestampsCache] : [Address] -> [5579091045965824]
14:18:34,894 DEBUG SQL:104 - 
    insert 
    into
        Student_secretCodes
        (studentNumber, i, secretCode) 
    values
        (?, ?, ?)
14:18:34,894 DEBUG BaseGeneralDataRegion:59 - Caching[foo.org.hibernate.cache.spi.UpdateTimestampsCache] : [Student_secretCodes] -> [5579091045965825]
14:18:34,894 DEBUG BaseGeneralDataRegion:59 - Caching[foo.org.hibernate.cache.spi.UpdateTimestampsCache] : [Enrolment] -> [5579091045965826]
14:18:34,894 DEBUG BaseGeneralDataRegion:59 - Caching[foo.org.hibernate.cache.spi.UpdateTimestampsCache] : [Address] -> [5579091045965827]
14:18:34,894 DEBUG SQL:104 - 
    insert 
    into
        Student_secretCodes
        (studentNumber, i, secretCode) 
    values
        (?, ?, ?)
14:18:34,904 DEBUG SQL:104 - 
    insert 
    into
        Student_secretCodes
        (studentNumber, i, secretCode) 
    values
        (?, ?, ?)
14:18:34,904 DEBUG BaseGeneralDataRegion:59 - Caching[foo.org.hibernate.cache.spi.UpdateTimestampsCache] : [Student_secretCodes] -> [5579091046006784]
14:18:34,904 DEBUG BaseGeneralDataRegion:59 - Caching[foo.org.hibernate.cache.spi.UpdateTimestampsCache] : [Student] -> [5579090800246785]
14:18:34,904 DEBUG BaseGeneralDataRegion:59 - Caching[foo.org.hibernate.cache.spi.UpdateTimestampsCache] : [Course] -> [5579090800246785]
14:18:34,904 DEBUG BaseGeneralDataRegion:59 - Caching[foo.org.hibernate.cache.spi.UpdateTimestampsCache] : [Enrolment] -> [5579090800246785]
14:18:34,905 DEBUG BaseGeneralDataRegion:59 - Caching[foo.org.hibernate.cache.spi.UpdateTimestampsCache] : [Student_secretCodes] -> [5579090800246785]
14:18:34,905 DEBUG BaseGeneralDataRegion:59 - Caching[foo.org.hibernate.cache.spi.UpdateTimestampsCache] : [Address] -> [5579090800246785]
14:18:34,905 DEBUG BaseGeneralDataRegion:59 - Caching[foo.org.hibernate.cache.spi.UpdateTimestampsCache] : [CourseMeeting] -> [5579090800246785]
14:18:34,905 DEBUG SQL:104 - 
    select
        student_.studentId,
        student_.name_first as name2_4_,
        student_.name_middle as name3_4_,
        student_.name_last as name4_4_,
        student_.preferredCourseCode as preferre5_4_ 
    from
        Student student_ 
    where
        student_.studentId=?
14:18:34,905 DEBUG SQL:104 - 
    select
        enrolment_.studentId,
        enrolment_.courseCode,
        enrolment_.semester as semester3_,
        enrolment_."year" as year4_3_ 
    from
        Enrolment enrolment_ 
    where
        enrolment_.studentId=? 
        and enrolment_.courseCode=?
14:18:34,915 DEBUG SQL:104 - 
    select
        course_.courseCode,
        course_.description as descript2_1_ 
    from
        Course course_ 
    where
        course_.courseCode=?
14:18:34,915 DEBUG SQL:104 - 
    select
        student_.studentId,
        student_.name_first as name2_4_,
        student_.name_middle as name3_4_,
        student_.name_last as name4_4_,
        student_.preferredCourseCode as preferre5_4_ 
    from
        Student student_ 
    where
        student_.studentId=?
14:18:34,915 DEBUG SQL:104 - 
    select
        enrolment_.studentId,
        enrolment_.courseCode,
        enrolment_.semester as semester3_,
        enrolment_."year" as year4_3_ 
    from
        Enrolment enrolment_ 
    where
        enrolment_.studentId=? 
        and enrolment_.courseCode=?
14:18:34,924 DEBUG SQL:104 - 
    select
        coursemeet_.courseCode,
        coursemeet_.day,
        coursemeet_.period,
        coursemeet_.location 
    from
        CourseMeeting coursemeet_ 
    where
        coursemeet_.courseCode=? 
        and coursemeet_.day=? 
        and coursemeet_.period=? 
        and coursemeet_.location=?
14:18:34,924 DEBUG SQL:104 - 
    select
        coursemeet_.courseCode,
        coursemeet_.day,
        coursemeet_.period,
        coursemeet_.location 
    from
        CourseMeeting coursemeet_ 
    where
        coursemeet_.courseCode=? 
        and coursemeet_.day=? 
        and coursemeet_.period=? 
        and coursemeet_.location=?
14:18:34,935 DEBUG BaseGeneralDataRegion:59 - Caching[foo.org.hibernate.cache.spi.UpdateTimestampsCache] : [Enrolment] -> [5579091046133760]
14:18:34,935 DEBUG SQL:104 - 
    update
        Address 
    set
        studentNumber=null,
        addressType=null 
    where
        studentNumber=?
14:18:34,935 DEBUG BaseGeneralDataRegion:59 - Caching[foo.org.hibernate.cache.spi.UpdateTimestampsCache] : [Address] -> [5579091046133761]
14:18:34,935 DEBUG SQL:104 - 
    delete 
    from
        Student_secretCodes 
    where
        studentNumber=?
14:18:34,935 DEBUG BaseGeneralDataRegion:59 - Caching[foo.org.hibernate.cache.spi.UpdateTimestampsCache] : [Student_secretCodes] -> [5579091046133762]
14:18:34,935 DEBUG BaseGeneralDataRegion:59 - Caching[foo.org.hibernate.cache.spi.UpdateTimestampsCache] : [Enrolment] -> [5579091046133763]
14:18:34,936 DEBUG BaseGeneralDataRegion:59 - Caching[foo.org.hibernate.cache.spi.UpdateTimestampsCache] : [Address] -> [5579091046137856]
14:18:34,936 DEBUG SQL:104 - 
    delete 
    from
        Student_secretCodes 
    where
        studentNumber=?
14:18:34,936 DEBUG BaseGeneralDataRegion:59 - Caching[foo.org.hibernate.cache.spi.UpdateTimestampsCache] : [Student_secretCodes] -> [5579091046137857]
14:18:34,936 DEBUG BaseGeneralDataRegion:59 - Caching[foo.org.hibernate.cache.spi.UpdateTimestampsCache] : [CourseMeeting] -> [5579091046137858]
14:18:34,936 DEBUG SQL:104 - 
    delete 
    from
        Enrolment 
    where
        studentId=? 
        and courseCode=?
14:18:34,944 DEBUG BaseGeneralDataRegion:59 - Caching[foo.org.hibernate.cache.spi.UpdateTimestampsCache] : [Enrolment] -> [5579091046170624]
14:18:34,945 DEBUG SQL:104 - 
    delete 
    from
        Address 
    where
        id=?
14:18:34,945 DEBUG BaseGeneralDataRegion:59 - Caching[foo.org.hibernate.cache.spi.UpdateTimestampsCache] : [Address] -> [5579091046174720]
14:18:34,945 DEBUG SQL:104 - 
    delete 
    from
        Address 
    where
        id=?
14:18:34,945 DEBUG BaseGeneralDataRegion:59 - Caching[foo.org.hibernate.cache.spi.UpdateTimestampsCache] : [Address] -> [5579091046174721]
14:18:34,945 DEBUG SQL:104 - 
    delete 
    from
        Student 
    where
        studentId=?
14:18:34,945 DEBUG BaseGeneralDataRegion:59 - Caching[foo.org.hibernate.cache.spi.UpdateTimestampsCache] : [Student] -> [5579091046174722]
14:18:34,945 DEBUG SQL:104 - 
    delete 
    from
        Enrolment 
    where
        studentId=? 
        and courseCode=?
14:18:34,954 DEBUG BaseGeneralDataRegion:59 - Caching[foo.org.hibernate.cache.spi.UpdateTimestampsCache] : [Enrolment] -> [5579091046211584]
14:18:34,954 DEBUG SQL:104 - 
    delete 
    from
        Student 
    where
        studentId=?
14:18:34,955 DEBUG BaseGeneralDataRegion:59 - Caching[foo.org.hibernate.cache.spi.UpdateTimestampsCache] : [Student] -> [5579091046211585]
14:18:34,955 DEBUG SQL:104 - 
    delete 
    from
        CourseMeeting 
    where
        courseCode=? 
        and day=? 
        and period=? 
        and location=?
14:18:34,955 DEBUG BaseGeneralDataRegion:59 - Caching[foo.org.hibernate.cache.spi.UpdateTimestampsCache] : [CourseMeeting] -> [5579091046215680]
14:18:34,955 DEBUG SQL:104 - 
    delete 
    from
        CourseMeeting 
    where
        courseCode=? 
        and day=? 
        and period=? 
        and location=?
14:18:34,965 DEBUG BaseGeneralDataRegion:59 - Caching[foo.org.hibernate.cache.spi.UpdateTimestampsCache] : [CourseMeeting] -> [5579091046256640]
14:18:34,966 DEBUG SQL:104 - 
    delete 
    from
        Course 
    where
        courseCode=?
14:18:34,966 DEBUG BaseGeneralDataRegion:59 - Caching[foo.org.hibernate.cache.spi.UpdateTimestampsCache] : [Course] -> [5579091046260736]
14:18:34,966 DEBUG BaseGeneralDataRegion:59 - Caching[foo.org.hibernate.cache.spi.UpdateTimestampsCache] : [Student] -> [5579090800500737]
14:18:34,966 DEBUG BaseGeneralDataRegion:59 - Caching[foo.org.hibernate.cache.spi.UpdateTimestampsCache] : [Course] -> [5579090800500737]
14:18:34,966 DEBUG BaseGeneralDataRegion:59 - Caching[foo.org.hibernate.cache.spi.UpdateTimestampsCache] : [Enrolment] -> [5579090800500737]
14:18:34,966 DEBUG BaseGeneralDataRegion:59 - Caching[foo.org.hibernate.cache.spi.UpdateTimestampsCache] : [Student_secretCodes] -> [5579090800500737]
14:18:34,966 DEBUG BaseGeneralDataRegion:59 - Caching[foo.org.hibernate.cache.spi.UpdateTimestampsCache] : [Address] -> [5579090800500737]
14:18:34,966 DEBUG BaseGeneralDataRegion:59 - Caching[foo.org.hibernate.cache.spi.UpdateTimestampsCache] : [CourseMeeting] -> [5579090800500737]
14:18:34,967 DEBUG SQL:104 - 
    select
        coursemeet_.courseCode,
        coursemeet_.day,
        coursemeet_.period,
        coursemeet_.location 
    from
        CourseMeeting coursemeet_ 
    where
        coursemeet_.courseCode=? 
        and coursemeet_.day=? 
        and coursemeet_.period=? 
        and coursemeet_.location=?
14:18:34,967 DEBUG SQL:104 - 
    select
        coursemeet_.courseCode,
        coursemeet_.day,
        coursemeet_.period,
        coursemeet_.location 
    from
        CourseMeeting coursemeet_ 
    where
        coursemeet_.courseCode=? 
        and coursemeet_.day=? 
        and coursemeet_.period=? 
        and coursemeet_.location=?
14:18:34,968 DEBUG SQL:104 - 
    insert 
    into
        Course
        (description, courseCode) 
    values
        (?, ?)
14:18:34,968 DEBUG BaseGeneralDataRegion:59 - Caching[foo.org.hibernate.cache.spi.UpdateTimestampsCache] : [Course] -> [5579091046268928]
14:18:34,968 DEBUG SQL:104 - 
    insert 
    into
        CourseMeeting
        (courseCode, day, period, location) 
    values
        (?, ?, ?, ?)
14:18:34,968 DEBUG BaseGeneralDataRegion:59 - Caching[foo.org.hibernate.cache.spi.UpdateTimestampsCache] : [CourseMeeting] -> [5579091046268929]
14:18:34,968 DEBUG SQL:104 - 
    insert 
    into
        CourseMeeting
        (courseCode, day, period, location) 
    values
        (?, ?, ?, ?)
14:18:34,978 DEBUG BaseGeneralDataRegion:59 - Caching[foo.org.hibernate.cache.spi.UpdateTimestampsCache] : [CourseMeeting] -> [5579091046309888]
14:18:34,978 DEBUG SQL:104 - 
    insert 
    into
        Student
        (name_first, name_middle, name_last, preferredCourseCode, studentId) 
    values
        (?, ?, ?, ?, ?)
14:18:34,978 DEBUG BaseGeneralDataRegion:59 - Caching[foo.org.hibernate.cache.spi.UpdateTimestampsCache] : [Student] -> [5579091046309889]
14:18:34,978 DEBUG SQL:104 - 
    insert 
    into
        Address
        (addressType, street, city, stateProvince, postalCode, country, studentNumber, id) 
    values
        (?, ?, ?, ?, ?, ?, ?, ?)
14:18:34,978 DEBUG BaseGeneralDataRegion:59 - Caching[foo.org.hibernate.cache.spi.UpdateTimestampsCache] : [Address] -> [5579091046309890]
14:18:34,979 DEBUG SQL:104 - 
    insert 
    into
        Address
        (addressType, street, city, stateProvince, postalCode, country, studentNumber, id) 
    values
        (?, ?, ?, ?, ?, ?, ?, ?)
14:18:34,979 DEBUG BaseGeneralDataRegion:59 - Caching[foo.org.hibernate.cache.spi.UpdateTimestampsCache] : [Address] -> [5579091046313984]
14:18:34,988 DEBUG SQL:104 - 
    insert 
    into
        Student
        (name_first, name_middle, name_last, preferredCourseCode, studentId) 
    values
        (?, ?, ?, ?, ?)
14:18:34,988 DEBUG BaseGeneralDataRegion:59 - Caching[foo.org.hibernate.cache.spi.UpdateTimestampsCache] : [Student] -> [5579091046350848]
14:18:34,988 DEBUG SQL:104 - 
    insert 
    into
        Enrolment
        (semester, "year", studentId, courseCode) 
    values
        (?, ?, ?, ?)
14:18:34,988 DEBUG BaseGeneralDataRegion:59 - Caching[foo.org.hibernate.cache.spi.UpdateTimestampsCache] : [Enrolment] -> [5579091046350849]
14:18:34,989 DEBUG SQL:104 - 
    insert 
    into
        Enrolment
        (semester, "year", studentId, courseCode) 
    values
        (?, ?, ?, ?)
14:18:34,989 DEBUG BaseGeneralDataRegion:59 - Caching[foo.org.hibernate.cache.spi.UpdateTimestampsCache] : [Enrolment] -> [5579091046354944]
14:18:34,989 DEBUG BaseGeneralDataRegion:59 - Caching[foo.org.hibernate.cache.spi.UpdateTimestampsCache] : [CourseMeeting] -> [5579091046354945]
14:18:34,989 DEBUG BaseGeneralDataRegion:59 - Caching[foo.org.hibernate.cache.spi.UpdateTimestampsCache] : [Enrolment] -> [5579091046354946]
14:18:34,989 DEBUG SQL:104 - 
    update
        Address 
    set
        studentNumber=?,
        addressType=? 
    where
        id=?
14:18:34,989 DEBUG SQL:104 - 
    update
        Address 
    set
        studentNumber=?,
        addressType=? 
    where
        id=?
14:18:34,989 DEBUG BaseGeneralDataRegion:59 - Caching[foo.org.hibernate.cache.spi.UpdateTimestampsCache] : [Address] -> [5579091046354947]
14:18:34,990 DEBUG SQL:104 - 
    insert 
    into
        Student_secretCodes
        (studentNumber, i, secretCode) 
    values
        (?, ?, ?)
14:18:35,010 DEBUG BaseGeneralDataRegion:59 - Caching[foo.org.hibernate.cache.spi.UpdateTimestampsCache] : [Student_secretCodes] -> [5579091046440960]
14:18:35,011 DEBUG BaseGeneralDataRegion:59 - Caching[foo.org.hibernate.cache.spi.UpdateTimestampsCache] : [Enrolment] -> [5579091046445056]
14:18:35,011 DEBUG BaseGeneralDataRegion:59 - Caching[foo.org.hibernate.cache.spi.UpdateTimestampsCache] : [Address] -> [5579091046445057]
14:18:35,011 DEBUG SQL:104 - 
    insert 
    into
        Student_secretCodes
        (studentNumber, i, secretCode) 
    values
        (?, ?, ?)
14:18:35,011 DEBUG SQL:104 - 
    insert 
    into
        Student_secretCodes
        (studentNumber, i, secretCode) 
    values
        (?, ?, ?)
14:18:35,011 DEBUG BaseGeneralDataRegion:59 - Caching[foo.org.hibernate.cache.spi.UpdateTimestampsCache] : [Student_secretCodes] -> [5579091046445058]
14:18:35,012 DEBUG BaseGeneralDataRegion:59 - Caching[foo.org.hibernate.cache.spi.UpdateTimestampsCache] : [Student] -> [5579090800689152]
14:18:35,012 DEBUG BaseGeneralDataRegion:59 - Caching[foo.org.hibernate.cache.spi.UpdateTimestampsCache] : [Course] -> [5579090800689152]
14:18:35,012 DEBUG BaseGeneralDataRegion:59 - Caching[foo.org.hibernate.cache.spi.UpdateTimestampsCache] : [Enrolment] -> [5579090800689152]
14:18:35,012 DEBUG BaseGeneralDataRegion:59 - Caching[foo.org.hibernate.cache.spi.UpdateTimestampsCache] : [Student_secretCodes] -> [5579090800689152]
14:18:35,012 DEBUG BaseGeneralDataRegion:59 - Caching[foo.org.hibernate.cache.spi.UpdateTimestampsCache] : [Address] -> [5579090800689152]
14:18:35,012 DEBUG BaseGeneralDataRegion:59 - Caching[foo.org.hibernate.cache.spi.UpdateTimestampsCache] : [CourseMeeting] -> [5579090800689152]
14:18:35,020 DEBUG SQL:104 - 
    select
        student_.studentId,
        student_.name_first as name2_4_,
        student_.name_middle as name3_4_,
        student_.name_last as name4_4_,
        student_.preferredCourseCode as preferre5_4_ 
    from
        Student student_ 
    where
        student_.studentId=?
14:18:35,021 DEBUG SQL:104 - 
    select
        enrolment_.studentId,
        enrolment_.courseCode,
        enrolment_.semester as semester3_,
        enrolment_."year" as year4_3_ 
    from
        Enrolment enrolment_ 
    where
        enrolment_.studentId=? 
        and enrolment_.courseCode=?
14:18:35,021 DEBUG SQL:104 - 
    select
        course_.courseCode,
        course_.description as descript2_1_ 
    from
        Course course_ 
    where
        course_.courseCode=?
14:18:35,031 DEBUG SQL:104 - 
    select
        student_.studentId,
        student_.name_first as name2_4_,
        student_.name_middle as name3_4_,
        student_.name_last as name4_4_,
        student_.preferredCourseCode as preferre5_4_ 
    from
        Student student_ 
    where
        student_.studentId=?
14:18:35,031 DEBUG SQL:104 - 
    select
        enrolment_.studentId,
        enrolment_.courseCode,
        enrolment_.semester as semester3_,
        enrolment_."year" as year4_3_ 
    from
        Enrolment enrolment_ 
    where
        enrolment_.studentId=? 
        and enrolment_.courseCode=?
14:18:35,031 DEBUG SQL:104 - 
    select
        coursemeet_.courseCode,
        coursemeet_.day,
        coursemeet_.period,
        coursemeet_.location 
    from
        CourseMeeting coursemeet_ 
    where
        coursemeet_.courseCode=? 
        and coursemeet_.day=? 
        and coursemeet_.period=? 
        and coursemeet_.location=?
14:18:35,041 DEBUG SQL:104 - 
    select
        coursemeet_.courseCode,
        coursemeet_.day,
        coursemeet_.period,
        coursemeet_.location 
    from
        CourseMeeting coursemeet_ 
    where
        coursemeet_.courseCode=? 
        and coursemeet_.day=? 
        and coursemeet_.period=? 
        and coursemeet_.location=?
14:18:35,042 DEBUG BaseGeneralDataRegion:59 - Caching[foo.org.hibernate.cache.spi.UpdateTimestampsCache] : [Enrolment] -> [5579091046572032]
14:18:35,042 DEBUG SQL:104 - 
    update
        Address 
    set
        studentNumber=null,
        addressType=null 
    where
        studentNumber=?
14:18:35,051 DEBUG BaseGeneralDataRegion:59 - Caching[foo.org.hibernate.cache.spi.UpdateTimestampsCache] : [Address] -> [5579091046608896]
14:18:35,051 DEBUG SQL:104 - 
    delete 
    from
        Student_secretCodes 
    where
        studentNumber=?
14:18:35,052 DEBUG BaseGeneralDataRegion:59 - Caching[foo.org.hibernate.cache.spi.UpdateTimestampsCache] : [Student_secretCodes] -> [5579091046612992]
14:18:35,052 DEBUG BaseGeneralDataRegion:59 - Caching[foo.org.hibernate.cache.spi.UpdateTimestampsCache] : [Enrolment] -> [5579091046612993]
14:18:35,052 DEBUG BaseGeneralDataRegion:59 - Caching[foo.org.hibernate.cache.spi.UpdateTimestampsCache] : [Address] -> [5579091046612994]
14:18:35,052 DEBUG SQL:104 - 
    delete 
    from
        Student_secretCodes 
    where
        studentNumber=?
14:18:35,052 DEBUG BaseGeneralDataRegion:59 - Caching[foo.org.hibernate.cache.spi.UpdateTimestampsCache] : [Student_secretCodes] -> [5579091046612995]
14:18:35,052 DEBUG BaseGeneralDataRegion:59 - Caching[foo.org.hibernate.cache.spi.UpdateTimestampsCache] : [CourseMeeting] -> [5579091046612996]
14:18:35,052 DEBUG SQL:104 - 
    delete 
    from
        Enrolment 
    where
        studentId=? 
        and courseCode=?
14:18:35,053 DEBUG BaseGeneralDataRegion:59 - Caching[foo.org.hibernate.cache.spi.UpdateTimestampsCache] : [Enrolment] -> [5579091046617088]
14:18:35,061 DEBUG SQL:104 - 
    delete 
    from
        Address 
    where
        id=?
14:18:35,062 DEBUG BaseGeneralDataRegion:59 - Caching[foo.org.hibernate.cache.spi.UpdateTimestampsCache] : [Address] -> [5579091046653952]
14:18:35,062 DEBUG SQL:104 - 
    delete 
    from
        Address 
    where
        id=?
14:18:35,062 DEBUG BaseGeneralDataRegion:59 - Caching[foo.org.hibernate.cache.spi.UpdateTimestampsCache] : [Address] -> [5579091046653953]
14:18:35,062 DEBUG SQL:104 - 
    delete 
    from
        Student 
    where
        studentId=?
14:18:35,062 DEBUG BaseGeneralDataRegion:59 - Caching[foo.org.hibernate.cache.spi.UpdateTimestampsCache] : [Student] -> [5579091046653954]
14:18:35,062 DEBUG SQL:104 - 
    delete 
    from
        Enrolment 
    where
        studentId=? 
        and courseCode=?
14:18:35,063 DEBUG BaseGeneralDataRegion:59 - Caching[foo.org.hibernate.cache.spi.UpdateTimestampsCache] : [Enrolment] -> [5579091046658048]
14:18:35,063 DEBUG SQL:104 - 
    delete 
    from
        Student 
    where
        studentId=?
14:18:35,071 DEBUG BaseGeneralDataRegion:59 - Caching[foo.org.hibernate.cache.spi.UpdateTimestampsCache] : [Student] -> [5579091046690816]
14:18:35,072 DEBUG SQL:104 - 
    delete 
    from
        CourseMeeting 
    where
        courseCode=? 
        and day=? 
        and period=? 
        and location=?
14:18:35,072 DEBUG BaseGeneralDataRegion:59 - Caching[foo.org.hibernate.cache.spi.UpdateTimestampsCache] : [CourseMeeting] -> [5579091046694912]
14:18:35,072 DEBUG SQL:104 - 
    delete 
    from
        CourseMeeting 
    where
        courseCode=? 
        and day=? 
        and period=? 
        and location=?
14:18:35,072 DEBUG BaseGeneralDataRegion:59 - Caching[foo.org.hibernate.cache.spi.UpdateTimestampsCache] : [CourseMeeting] -> [5579091046694913]
14:18:35,072 DEBUG SQL:104 - 
    delete 
    from
        Course 
    where
        courseCode=?
14:18:35,081 DEBUG BaseGeneralDataRegion:59 - Caching[foo.org.hibernate.cache.spi.UpdateTimestampsCache] : [Course] -> [5579091046731776]
14:18:35,081 DEBUG BaseGeneralDataRegion:59 - Caching[foo.org.hibernate.cache.spi.UpdateTimestampsCache] : [Student] -> [5579090800971777]
14:18:35,081 DEBUG BaseGeneralDataRegion:59 - Caching[foo.org.hibernate.cache.spi.UpdateTimestampsCache] : [Course] -> [5579090800971777]
14:18:35,081 DEBUG BaseGeneralDataRegion:59 - Caching[foo.org.hibernate.cache.spi.UpdateTimestampsCache] : [Enrolment] -> [5579090800971777]
14:18:35,081 DEBUG BaseGeneralDataRegion:59 - Caching[foo.org.hibernate.cache.spi.UpdateTimestampsCache] : [Student_secretCodes] -> [5579090800971777]
14:18:35,082 DEBUG BaseGeneralDataRegion:59 - Caching[foo.org.hibernate.cache.spi.UpdateTimestampsCache] : [Address] -> [5579090800971777]
14:18:35,082 DEBUG BaseGeneralDataRegion:59 - Caching[foo.org.hibernate.cache.spi.UpdateTimestampsCache] : [CourseMeeting] -> [5579090800971777]
14:18:35,082 DEBUG SQL:104 - 
    select
        coursemeet_.courseCode,
        coursemeet_.day,
        coursemeet_.period,
        coursemeet_.location 
    from
        CourseMeeting coursemeet_ 
    where
        coursemeet_.courseCode=? 
        and coursemeet_.day=? 
        and coursemeet_.period=? 
        and coursemeet_.location=?
14:18:35,082 DEBUG SQL:104 - 
    select
        coursemeet_.courseCode,
        coursemeet_.day,
        coursemeet_.period,
        coursemeet_.location 
    from
        CourseMeeting coursemeet_ 
    where
        coursemeet_.courseCode=? 
        and coursemeet_.day=? 
        and coursemeet_.period=? 
        and coursemeet_.location=?
14:18:35,091 DEBUG SQL:104 - 
    insert 
    into
        Course
        (description, courseCode) 
    values
        (?, ?)
14:18:35,092 DEBUG BaseGeneralDataRegion:59 - Caching[foo.org.hibernate.cache.spi.UpdateTimestampsCache] : [Course] -> [5579091046776832]
14:18:35,092 DEBUG SQL:104 - 
    insert 
    into
        CourseMeeting
        (courseCode, day, period, location) 
    values
        (?, ?, ?, ?)
14:18:35,092 DEBUG BaseGeneralDataRegion:59 - Caching[foo.org.hibernate.cache.spi.UpdateTimestampsCache] : [CourseMeeting] -> [5579091046776833]
14:18:35,092 DEBUG SQL:104 - 
    insert 
    into
        CourseMeeting
        (courseCode, day, period, location) 
    values
        (?, ?, ?, ?)
14:18:35,092 DEBUG BaseGeneralDataRegion:59 - Caching[foo.org.hibernate.cache.spi.UpdateTimestampsCache] : [CourseMeeting] -> [5579091046776834]
14:18:35,092 DEBUG SQL:104 - 
    insert 
    into
        Student
        (name_first, name_middle, name_last, preferredCourseCode, studentId) 
    values
        (?, ?, ?, ?, ?)
14:18:35,093 DEBUG BaseGeneralDataRegion:59 - Caching[foo.org.hibernate.cache.spi.UpdateTimestampsCache] : [Student] -> [5579091046780928]
14:18:35,093 DEBUG SQL:104 - 
    insert 
    into
        Address
        (addressType, street, city, stateProvince, postalCode, country, studentNumber, id) 
    values
        (?, ?, ?, ?, ?, ?, ?, ?)
14:18:35,093 DEBUG BaseGeneralDataRegion:59 - Caching[foo.org.hibernate.cache.spi.UpdateTimestampsCache] : [Address] -> [5579091046780929]
14:18:35,093 DEBUG SQL:104 - 
    insert 
    into
        Address
        (addressType, street, city, stateProvince, postalCode, country, studentNumber, id) 
    values
        (?, ?, ?, ?, ?, ?, ?, ?)
14:18:35,093 DEBUG BaseGeneralDataRegion:59 - Caching[foo.org.hibernate.cache.spi.UpdateTimestampsCache] : [Address] -> [5579091046780930]
14:18:35,093 DEBUG SQL:104 - 
    insert 
    into
        Student
        (name_first, name_middle, name_last, preferredCourseCode, studentId) 
    values
        (?, ?, ?, ?, ?)
14:18:35,093 DEBUG BaseGeneralDataRegion:59 - Caching[foo.org.hibernate.cache.spi.UpdateTimestampsCache] : [Student] -> [5579091046780931]
14:18:35,103 DEBUG SQL:104 - 
    insert 
    into
        Enrolment
        (semester, "year", studentId, courseCode) 
    values
        (?, ?, ?, ?)
14:18:35,104 DEBUG BaseGeneralDataRegion:59 - Caching[foo.org.hibernate.cache.spi.UpdateTimestampsCache] : [Enrolment] -> [5579091046825984]
14:18:35,104 DEBUG SQL:104 - 
    insert 
    into
        Enrolment
        (semester, "year", studentId, courseCode) 
    values
        (?, ?, ?, ?)
14:18:35,104 DEBUG BaseGeneralDataRegion:59 - Caching[foo.org.hibernate.cache.spi.UpdateTimestampsCache] : [Enrolment] -> [5579091046825985]
14:18:35,104 DEBUG BaseGeneralDataRegion:59 - Caching[foo.org.hibernate.cache.spi.UpdateTimestampsCache] : [CourseMeeting] -> [5579091046825986]
14:18:35,104 DEBUG BaseGeneralDataRegion:59 - Caching[foo.org.hibernate.cache.spi.UpdateTimestampsCache] : [Enrolment] -> [5579091046825987]
14:18:35,105 DEBUG SQL:104 - 
    update
        Address 
    set
        studentNumber=?,
        addressType=? 
    where
        id=?
14:18:35,105 DEBUG SQL:104 - 
    update
        Address 
    set
        studentNumber=?,
        addressType=? 
    where
        id=?
14:18:35,114 DEBUG BaseGeneralDataRegion:59 - Caching[foo.org.hibernate.cache.spi.UpdateTimestampsCache] : [Address] -> [5579091046866944]
14:18:35,115 DEBUG SQL:104 - 
    insert 
    into
        Student_secretCodes
        (studentNumber, i, secretCode) 
    values
        (?, ?, ?)
14:18:35,115 DEBUG BaseGeneralDataRegion:59 - Caching[foo.org.hibernate.cache.spi.UpdateTimestampsCache] : [Student_secretCodes] -> [5579091046871040]
14:18:35,115 DEBUG BaseGeneralDataRegion:59 - Caching[foo.org.hibernate.cache.spi.UpdateTimestampsCache] : [Enrolment] -> [5579091046871041]
14:18:35,115 DEBUG BaseGeneralDataRegion:59 - Caching[foo.org.hibernate.cache.spi.UpdateTimestampsCache] : [Address] -> [5579091046871042]
14:18:35,115 DEBUG SQL:104 - 
    insert 
    into
        Student_secretCodes
        (studentNumber, i, secretCode) 
    values
        (?, ?, ?)
14:18:35,115 DEBUG SQL:104 - 
    insert 
    into
        Student_secretCodes
        (studentNumber, i, secretCode) 
    values
        (?, ?, ?)
14:18:35,116 DEBUG BaseGeneralDataRegion:59 - Caching[foo.org.hibernate.cache.spi.UpdateTimestampsCache] : [Student_secretCodes] -> [5579091046875136]
14:18:35,116 DEBUG BaseGeneralDataRegion:59 - Caching[foo.org.hibernate.cache.spi.UpdateTimestampsCache] : [Student] -> [5579090801115137]
14:18:35,116 DEBUG BaseGeneralDataRegion:59 - Caching[foo.org.hibernate.cache.spi.UpdateTimestampsCache] : [Course] -> [5579090801115137]
14:18:35,116 DEBUG BaseGeneralDataRegion:59 - Caching[foo.org.hibernate.cache.spi.UpdateTimestampsCache] : [Enrolment] -> [5579090801115137]
14:18:35,116 DEBUG BaseGeneralDataRegion:59 - Caching[foo.org.hibernate.cache.spi.UpdateTimestampsCache] : [Student_secretCodes] -> [5579090801115137]
14:18:35,116 DEBUG BaseGeneralDataRegion:59 - Caching[foo.org.hibernate.cache.spi.UpdateTimestampsCache] : [Address] -> [5579090801115137]
14:18:35,116 DEBUG BaseGeneralDataRegion:59 - Caching[foo.org.hibernate.cache.spi.UpdateTimestampsCache] : [CourseMeeting] -> [5579090801115137]
14:18:35,117 DEBUG SQL:104 - 
    select
        student_.studentId,
        student_.name_first as name2_4_,
        student_.name_middle as name3_4_,
        student_.name_last as name4_4_,
        student_.preferredCourseCode as preferre5_4_ 
    from
        Student student_ 
    where
        student_.studentId=?
14:18:35,138 DEBUG SQL:104 - 
    select
        enrolment_.studentId,
        enrolment_.courseCode,
        enrolment_.semester as semester3_,
        enrolment_."year" as year4_3_ 
    from
        Enrolment enrolment_ 
    where
        enrolment_.studentId=? 
        and enrolment_.courseCode=?
14:18:35,138 DEBUG SQL:104 - 
    select
        course_.courseCode,
        course_.description as descript2_1_ 
    from
        Course course_ 
    where
        course_.courseCode=?
14:18:35,139 DEBUG SQL:104 - 
    select
        student_.studentId,
        student_.name_first as name2_4_,
        student_.name_middle as name3_4_,
        student_.name_last as name4_4_,
        student_.preferredCourseCode as preferre5_4_ 
    from
        Student student_ 
    where
        student_.studentId=?
14:18:35,149 DEBUG SQL:104 - 
    select
        enrolment_.studentId,
        enrolment_.courseCode,
        enrolment_.semester as semester3_,
        enrolment_."year" as year4_3_ 
    from
        Enrolment enrolment_ 
    where
        enrolment_.studentId=? 
        and enrolment_.courseCode=?
14:18:35,149 DEBUG SQL:104 - 
    select
        coursemeet_.courseCode,
        coursemeet_.day,
        coursemeet_.period,
        coursemeet_.location 
    from
        CourseMeeting coursemeet_ 
    where
        coursemeet_.courseCode=? 
        and coursemeet_.day=? 
        and coursemeet_.period=? 
        and coursemeet_.location=?
14:18:35,150 DEBUG SQL:104 - 
    select
        coursemeet_.courseCode,
        coursemeet_.day,
        coursemeet_.period,
        coursemeet_.location 
    from
        CourseMeeting coursemeet_ 
    where
        coursemeet_.courseCode=? 
        and coursemeet_.day=? 
        and coursemeet_.period=? 
        and coursemeet_.location=?
14:18:35,160 DEBUG BaseGeneralDataRegion:59 - Caching[foo.org.hibernate.cache.spi.UpdateTimestampsCache] : [Enrolment] -> [5579091047055360]
14:18:35,160 DEBUG SQL:104 - 
    update
        Address 
    set
        studentNumber=null,
        addressType=null 
    where
        studentNumber=?
14:18:35,161 DEBUG BaseGeneralDataRegion:59 - Caching[foo.org.hibernate.cache.spi.UpdateTimestampsCache] : [Address] -> [5579091047059456]
14:18:35,161 DEBUG SQL:104 - 
    delete 
    from
        Student_secretCodes 
    where
        studentNumber=?
14:18:35,161 DEBUG BaseGeneralDataRegion:59 - Caching[foo.org.hibernate.cache.spi.UpdateTimestampsCache] : [Student_secretCodes] -> [5579091047059457]
14:18:35,161 DEBUG BaseGeneralDataRegion:59 - Caching[foo.org.hibernate.cache.spi.UpdateTimestampsCache] : [Enrolment] -> [5579091047059458]
14:18:35,161 DEBUG BaseGeneralDataRegion:59 - Caching[foo.org.hibernate.cache.spi.UpdateTimestampsCache] : [Address] -> [5579091047059459]
14:18:35,161 DEBUG SQL:104 - 
    delete 
    from
        Student_secretCodes 
    where
        studentNumber=?
14:18:35,171 DEBUG BaseGeneralDataRegion:59 - Caching[foo.org.hibernate.cache.spi.UpdateTimestampsCache] : [Student_secretCodes] -> [5579091047100416]
14:18:35,171 DEBUG BaseGeneralDataRegion:59 - Caching[foo.org.hibernate.cache.spi.UpdateTimestampsCache] : [CourseMeeting] -> [5579091047100417]
14:18:35,171 DEBUG SQL:104 - 
    delete 
    from
        Enrolment 
    where
        studentId=? 
        and courseCode=?
14:18:35,172 DEBUG BaseGeneralDataRegion:59 - Caching[foo.org.hibernate.cache.spi.UpdateTimestampsCache] : [Enrolment] -> [5579091047104512]
14:18:35,172 DEBUG SQL:104 - 
    delete 
    from
        Address 
    where
        id=?
14:18:35,172 DEBUG BaseGeneralDataRegion:59 - Caching[foo.org.hibernate.cache.spi.UpdateTimestampsCache] : [Address] -> [5579091047104513]
14:18:35,172 DEBUG SQL:104 - 
    delete 
    from
        Address 
    where
        id=?
14:18:35,172 DEBUG BaseGeneralDataRegion:59 - Caching[foo.org.hibernate.cache.spi.UpdateTimestampsCache] : [Address] -> [5579091047104514]
14:18:35,172 DEBUG SQL:104 - 
    delete 
    from
        Student 
    where
        studentId=?
14:18:35,182 DEBUG BaseGeneralDataRegion:59 - Caching[foo.org.hibernate.cache.spi.UpdateTimestampsCache] : [Student] -> [5579091047145472]
14:18:35,182 DEBUG SQL:104 - 
    delete 
    from
        Enrolment 
    where
        studentId=? 
        and courseCode=?
14:18:35,182 DEBUG BaseGeneralDataRegion:59 - Caching[foo.org.hibernate.cache.spi.UpdateTimestampsCache] : [Enrolment] -> [5579091047145473]
14:18:35,183 DEBUG SQL:104 - 
    delete 
    from
        Student 
    where
        studentId=?
14:18:35,183 DEBUG BaseGeneralDataRegion:59 - Caching[foo.org.hibernate.cache.spi.UpdateTimestampsCache] : [Student] -> [5579091047149568]
14:18:35,183 DEBUG SQL:104 - 
    delete 
    from
        CourseMeeting 
    where
        courseCode=? 
        and day=? 
        and period=? 
        and location=?
14:18:35,193 DEBUG BaseGeneralDataRegion:59 - Caching[foo.org.hibernate.cache.spi.UpdateTimestampsCache] : [CourseMeeting] -> [5579091047190528]
14:18:35,193 DEBUG SQL:104 - 
    delete 
    from
        CourseMeeting 
    where
        courseCode=? 
        and day=? 
        and period=? 
        and location=?
14:18:35,193 DEBUG BaseGeneralDataRegion:59 - Caching[foo.org.hibernate.cache.spi.UpdateTimestampsCache] : [CourseMeeting] -> [5579091047190529]
14:18:35,193 DEBUG SQL:104 - 
    delete 
    from
        Course 
    where
        courseCode=?
14:18:35,193 DEBUG BaseGeneralDataRegion:59 - Caching[foo.org.hibernate.cache.spi.UpdateTimestampsCache] : [Course] -> [5579091047190530]
14:18:35,194 DEBUG BaseGeneralDataRegion:59 - Caching[foo.org.hibernate.cache.spi.UpdateTimestampsCache] : [Student] -> [5579090801434624]
14:18:35,194 DEBUG BaseGeneralDataRegion:59 - Caching[foo.org.hibernate.cache.spi.UpdateTimestampsCache] : [Course] -> [5579090801434624]
14:18:35,194 DEBUG BaseGeneralDataRegion:59 - Caching[foo.org.hibernate.cache.spi.UpdateTimestampsCache] : [Enrolment] -> [5579090801434624]
14:18:35,194 DEBUG BaseGeneralDataRegion:59 - Caching[foo.org.hibernate.cache.spi.UpdateTimestampsCache] : [Student_secretCodes] -> [5579090801434624]
14:18:35,194 DEBUG BaseGeneralDataRegion:59 - Caching[foo.org.hibernate.cache.spi.UpdateTimestampsCache] : [Address] -> [5579090801434624]
14:18:35,194 DEBUG BaseGeneralDataRegion:59 - Caching[foo.org.hibernate.cache.spi.UpdateTimestampsCache] : [CourseMeeting] -> [5579090801434624]
14:18:35,195  INFO CustomRunner:139 - Test: testEntityWithJoinFetchedLazyManyToOneUsingProjectionList
14:18:35,195 DEBUG SQL:104 - 
    select
        coursemeet_.courseCode,
        coursemeet_.day,
        coursemeet_.period,
        coursemeet_.location 
    from
        CourseMeeting coursemeet_ 
    where
        coursemeet_.courseCode=? 
        and coursemeet_.day=? 
        and coursemeet_.period=? 
        and coursemeet_.location=?
14:18:35,206 DEBUG SQL:104 - 
    select
        coursemeet_.courseCode,
        coursemeet_.day,
        coursemeet_.period,
        coursemeet_.location 
    from
        CourseMeeting coursemeet_ 
    where
        coursemeet_.courseCode=? 
        and coursemeet_.day=? 
        and coursemeet_.period=? 
        and coursemeet_.location=?
14:18:35,207 DEBUG SQL:104 - 
    insert 
    into
        Course
        (description, courseCode) 
    values
        (?, ?)
14:18:35,207 DEBUG BaseGeneralDataRegion:59 - Caching[foo.org.hibernate.cache.spi.UpdateTimestampsCache] : [Course] -> [5579091047247872]
14:18:35,220 DEBUG SQL:104 - 
    insert 
    into
        CourseMeeting
        (courseCode, day, period, location) 
    values
        (?, ?, ?, ?)
14:18:35,221 DEBUG BaseGeneralDataRegion:59 - Caching[foo.org.hibernate.cache.spi.UpdateTimestampsCache] : [CourseMeeting] -> [5579091047305216]
14:18:35,221 DEBUG SQL:104 - 
    insert 
    into
        CourseMeeting
        (courseCode, day, period, location) 
    values
        (?, ?, ?, ?)
14:18:35,221 DEBUG BaseGeneralDataRegion:59 - Caching[foo.org.hibernate.cache.spi.UpdateTimestampsCache] : [CourseMeeting] -> [5579091047305217]
14:18:35,221 DEBUG SQL:104 - 
    insert 
    into
        Student
        (name_first, name_middle, name_last, preferredCourseCode, studentId) 
    values
        (?, ?, ?, ?, ?)
14:18:35,221 DEBUG BaseGeneralDataRegion:59 - Caching[foo.org.hibernate.cache.spi.UpdateTimestampsCache] : [Student] -> [5579091047305218]
14:18:35,222 DEBUG SQL:104 - 
    insert 
    into
        Address
        (addressType, street, city, stateProvince, postalCode, country, studentNumber, id) 
    values
        (?, ?, ?, ?, ?, ?, ?, ?)
14:18:35,222 DEBUG BaseGeneralDataRegion:59 - Caching[foo.org.hibernate.cache.spi.UpdateTimestampsCache] : [Address] -> [5579091047309312]
14:18:35,222 DEBUG SQL:104 - 
    insert 
    into
        Address
        (addressType, street, city, stateProvince, postalCode, country, studentNumber, id) 
    values
        (?, ?, ?, ?, ?, ?, ?, ?)
14:18:35,222 DEBUG BaseGeneralDataRegion:59 - Caching[foo.org.hibernate.cache.spi.UpdateTimestampsCache] : [Address] -> [5579091047309313]
14:18:35,222 DEBUG SQL:104 - 
    insert 
    into
        Student
        (name_first, name_middle, name_last, preferredCourseCode, studentId) 
    values
        (?, ?, ?, ?, ?)
14:18:35,222 DEBUG BaseGeneralDataRegion:59 - Caching[foo.org.hibernate.cache.spi.UpdateTimestampsCache] : [Student] -> [5579091047309314]
14:18:35,222 DEBUG SQL:104 - 
    insert 
    into
        Enrolment
        (semester, "year", studentId, courseCode) 
    values
        (?, ?, ?, ?)
14:18:35,223 DEBUG BaseGeneralDataRegion:59 - Caching[foo.org.hibernate.cache.spi.UpdateTimestampsCache] : [Enrolment] -> [5579091047313408]
14:18:35,223 DEBUG SQL:104 - 
    insert 
    into
        Enrolment
        (semester, "year", studentId, courseCode) 
    values
        (?, ?, ?, ?)
14:18:35,231 DEBUG BaseGeneralDataRegion:59 - Caching[foo.org.hibernate.cache.spi.UpdateTimestampsCache] : [Enrolment] -> [5579091047346176]
14:18:35,232 DEBUG BaseGeneralDataRegion:59 - Caching[foo.org.hibernate.cache.spi.UpdateTimestampsCache] : [CourseMeeting] -> [5579091047350272]
14:18:35,232 DEBUG BaseGeneralDataRegion:59 - Caching[foo.org.hibernate.cache.spi.UpdateTimestampsCache] : [Enrolment] -> [5579091047350273]
14:18:35,232 DEBUG SQL:104 - 
    update
        Address 
    set
        studentNumber=?,
        addressType=? 
    where
        id=?
14:18:35,232 DEBUG SQL:104 - 
    update
        Address 
    set
        studentNumber=?,
        addressType=? 
    where
        id=?
14:18:35,233 DEBUG BaseGeneralDataRegion:59 - Caching[foo.org.hibernate.cache.spi.UpdateTimestampsCache] : [Address] -> [5579091047354368]
14:18:35,233 DEBUG SQL:104 - 
    insert 
    into
        Student_secretCodes
        (studentNumber, i, secretCode) 
    values
        (?, ?, ?)
14:18:35,241 DEBUG BaseGeneralDataRegion:59 - Caching[foo.org.hibernate.cache.spi.UpdateTimestampsCache] : [Student_secretCodes] -> [5579091047387136]
14:18:35,242 DEBUG BaseGeneralDataRegion:59 - Caching[foo.org.hibernate.cache.spi.UpdateTimestampsCache] : [Enrolment] -> [5579091047391232]
14:18:35,242 DEBUG BaseGeneralDataRegion:59 - Caching[foo.org.hibernate.cache.spi.UpdateTimestampsCache] : [Address] -> [5579091047391233]
14:18:35,242 DEBUG SQL:104 - 
    insert 
    into
        Student_secretCodes
        (studentNumber, i, secretCode) 
    values
        (?, ?, ?)
14:18:35,242 DEBUG SQL:104 - 
    insert 
    into
        Student_secretCodes
        (studentNumber, i, secretCode) 
    values
        (?, ?, ?)
14:18:35,242 DEBUG BaseGeneralDataRegion:59 - Caching[foo.org.hibernate.cache.spi.UpdateTimestampsCache] : [Student_secretCodes] -> [5579091047391234]
14:18:35,243 DEBUG BaseGeneralDataRegion:59 - Caching[foo.org.hibernate.cache.spi.UpdateTimestampsCache] : [Student] -> [5579090801635328]
14:18:35,243 DEBUG BaseGeneralDataRegion:59 - Caching[foo.org.hibernate.cache.spi.UpdateTimestampsCache] : [Course] -> [5579090801635328]
14:18:35,243 DEBUG BaseGeneralDataRegion:59 - Caching[foo.org.hibernate.cache.spi.UpdateTimestampsCache] : [Enrolment] -> [5579090801635328]
14:18:35,244 DEBUG BaseGeneralDataRegion:59 - Caching[foo.org.hibernate.cache.spi.UpdateTimestampsCache] : [Student_secretCodes] -> [5579090801635328]
14:18:35,244 DEBUG BaseGeneralDataRegion:59 - Caching[foo.org.hibernate.cache.spi.UpdateTimestampsCache] : [Address] -> [5579090801635328]
14:18:35,244 DEBUG BaseGeneralDataRegion:59 - Caching[foo.org.hibernate.cache.spi.UpdateTimestampsCache] : [CourseMeeting] -> [5579090801635328]
14:18:35,244 DEBUG QueryTranslatorImpl:265 - parse() - HQL: select s.name, s from org.hibernate.test.querycache.Enrolment e left join e.student s left join fetch s.preferredCourse order by s.studentNumber
14:18:35,246 DEBUG QueryTranslatorImpl:283 - --- HQL AST ---
 \-[QUERY] Node: 'query'
    +-[SELECT_FROM] Node: 'SELECT_FROM'
    |  +-[FROM] Node: 'from'
    |  |  +-[RANGE] Node: 'RANGE'
    |  |  |  +-[DOT] Node: '.'
    |  |  |  |  +-[DOT] Node: '.'
    |  |  |  |  |  +-[DOT] Node: '.'
    |  |  |  |  |  |  +-[DOT] Node: '.'
    |  |  |  |  |  |  |  +-[IDENT] Node: 'org'
    |  |  |  |  |  |  |  \-[IDENT] Node: 'hibernate'
    |  |  |  |  |  |  \-[IDENT] Node: 'test'
    |  |  |  |  |  \-[IDENT] Node: 'querycache'
    |  |  |  |  \-[IDENT] Node: 'Enrolment'
    |  |  |  \-[ALIAS] Node: 'e'
    |  |  +-[JOIN] Node: 'join'
    |  |  |  +-[LEFT] Node: 'left'
    |  |  |  +-[DOT] Node: '.'
    |  |  |  |  +-[IDENT] Node: 'e'
    |  |  |  |  \-[IDENT] Node: 'student'
    |  |  |  \-[ALIAS] Node: 's'
    |  |  \-[JOIN] Node: 'join'
    |  |     +-[LEFT] Node: 'left'
    |  |     +-[FETCH] Node: 'fetch'
    |  |     \-[DOT] Node: '.'
    |  |        +-[IDENT] Node: 's'
    |  |        \-[IDENT] Node: 'preferredCourse'
    |  \-[SELECT] Node: 'select'
    |     +-[DOT] Node: '.'
    |     |  +-[IDENT] Node: 's'
    |     |  \-[IDENT] Node: 'name'
    |     \-[IDENT] Node: 's'
    \-[ORDER] Node: 'order'
       \-[DOT] Node: '.'
          +-[IDENT] Node: 's'
          \-[IDENT] Node: 'studentNumber'

14:18:35,266 DEBUG ErrorCounter:82 - throwQueryException() : no errors
14:18:35,266 DEBUG FromElement:157 - FromClause{level=1} : org.hibernate.test.querycache.Enrolment (e) -> enrolment0_
14:18:35,266 DEBUG FromReferenceNode:74 - Resolved : e -> (enrolment0_.studentId, enrolment0_.courseCode)
14:18:35,267 DEBUG DotNode:599 - getDataType() : student -> org.hibernate.type.ManyToOneType(org.hibernate.test.querycache.Student)
14:18:35,267 DEBUG DotNode:389 - dereferenceEntityJoin() : generating join for student in org.hibernate.test.querycache.Enrolment (s) parent = [ {null} ]
14:18:35,267 DEBUG FromElement:157 - FromClause{level=1} : org.hibernate.test.querycache.Student (s) -> student1_
14:18:35,267 DEBUG FromClause:282 - addJoinByPathMap() : e.student -> FromElement{explicit,not a collection join,not a fetch join,fetch non-lazy properties,classAlias=s,role=null,tableName=Student,tableAlias=student1_,origin=Enrolment enrolment0_,columns={enrolment0_.studentId ,className=org.hibernate.test.querycache.Student}}
14:18:35,267 DEBUG FromReferenceNode:74 - Resolved : e.student -> enrolment0_.studentId
14:18:35,268 DEBUG HqlSqlWalker:403 - createFromJoinElement() : -- join tree --
 \-[JOIN_FRAGMENT] FromElement: 'Student student1_' FromElement{explicit,not a collection join,not a fetch join,fetch non-lazy properties,classAlias=s,role=null,tableName=Student,tableAlias=student1_,origin=Enrolment enrolment0_,columns={enrolment0_.studentId ,className=org.hibernate.test.querycache.Student}}

14:18:35,268 DEBUG FromReferenceNode:74 - Resolved : s -> student1_.studentId
14:18:35,268 DEBUG DotNode:599 - getDataType() : preferredCourse -> org.hibernate.type.ManyToOneType(org.hibernate.test.querycache.Course)
14:18:35,277 DEBUG DotNode:389 - dereferenceEntityJoin() : generating join for preferredCourse in org.hibernate.test.querycache.Student (<no alias>) parent = [ {null} ]
14:18:35,277 DEBUG FromElement:157 - FromClause{level=1} : org.hibernate.test.querycache.Course (<no alias>) -> course2_
14:18:35,277 DEBUG FromClause:282 - addJoinByPathMap() : s.preferredCourse -> FromElement{explicit,not a collection join,not a fetch join,fetch non-lazy properties,classAlias=null,role=null,tableName=Course,tableAlias=course2_,origin=Student student1_,columns={student1_.preferredCourseCode ,className=org.hibernate.test.querycache.Course}}
14:18:35,278 DEBUG FromReferenceNode:74 - Resolved : s.preferredCourse -> student1_.preferredCourseCode
14:18:35,278 DEBUG HqlSqlWalker:403 - createFromJoinElement() : -- join tree --
 \-[JOIN_FRAGMENT] FromElement: 'Course course2_' FromElement{explicit,not a collection join,fetch join,fetch non-lazy properties,classAlias=null,role=null,tableName=Course,tableAlias=course2_,origin=Student student1_,columns={student1_.preferredCourseCode ,className=org.hibernate.test.querycache.Course}}

14:18:35,278 DEBUG FromReferenceNode:74 - Resolved : s -> student1_.studentId
14:18:35,278 DEBUG DotNode:599 - getDataType() : name -> org.hibernate.type.ComponentType@2b5b5cbc
14:18:35,278 DEBUG DotNode:588 - Terminal propertyPath = [name]
14:18:35,278 DEBUG FromReferenceNode:74 - Resolved : s.name -> student1_.name_first, student1_.name_middle, student1_.name_last
14:18:35,279 DEBUG FromReferenceNode:74 - Resolved : s -> student1_.studentId
14:18:35,279 DEBUG FromReferenceNode:74 - Resolved : s -> student1_.studentId
14:18:35,279 DEBUG DotNode:599 - getDataType() : studentNumber -> org.hibernate.type.LongType@4bf3f9d
14:18:35,279 DEBUG FromReferenceNode:74 - Resolved : s.studentNumber -> student1_.studentId
14:18:35,279 DEBUG HqlSqlWalker:629 - processQuery() :  ( SELECT ( {select clause} ( student1_.name_first, student1_.name_middle, student1_.name_last student1_.studentId name ) student1_.studentId ) ( FromClause{level=1} ( Enrolment enrolment0_ ( Student student1_ Course course2_ ) ) ) ( order ( student1_.studentId student1_.studentId studentNumber ) ) )
14:18:35,279 DEBUG JoinProcessor:175 - Using FROM fragment [Enrolment enrolment0_]
14:18:35,280 DEBUG JoinProcessor:175 - Using FROM fragment [left outer join Student student1_ on enrolment0_.studentId=student1_.studentId]
14:18:35,280 DEBUG JoinProcessor:175 - Using FROM fragment [left outer join Course course2_ on student1_.preferredCourseCode=course2_.courseCode]
14:18:35,280 DEBUG QueryTranslatorImpl:252 - --- SQL AST ---
 \-[SELECT] QueryNode: 'SELECT'  querySpaces (Student,Course,Enrolment)
    +-[SELECT_CLAUSE] SelectClause: '{select clause}'
    |  +-[DOT] DotNode: 'student1_.name_first' {propertyName=name,dereferenceType=2,propertyPath=name,path=s.name,tableAlias=student1_,className=org.hibernate.test.querycache.Student,classAlias=s}
    |  |  +-[ALIAS_REF] IdentNode: 'student1_.studentId' {alias=s, className=org.hibernate.test.querycache.Student, tableAlias=student1_}
    |  |  \-[IDENT] IdentNode: 'name' {originalText=name}
    |  +-[SELECT_COLUMNS] SqlNode: ' as col_0_0_'
    |  +-[SQL_TOKEN] SqlFragment: 'student1_.name_middle'
    |  +-[SELECT_COLUMNS] SqlNode: ' as col_0_1_'
    |  +-[SQL_TOKEN] SqlFragment: 'student1_.name_last'
    |  +-[SELECT_COLUMNS] SqlNode: ' as col_0_2_'
    |  +-[ALIAS_REF] IdentNode: 'student1_.studentId as col_1_0_' {alias=s, className=org.hibernate.test.querycache.Student, tableAlias=student1_}
    |  +-[SELECT_EXPR] SelectExpressionImpl: 'course2_.courseCode as courseCode1_2_' {FromElement{explicit,not a collection join,fetch join,fetch non-lazy properties,classAlias=null,role=null,tableName=Course,tableAlias=course2_,origin=left outer join Student student1_ on enrolment0_.studentId=student1_.studentId,columns={student1_.preferredCourseCode ,className=org.hibernate.test.querycache.Course}}}
    |  +-[SQL_TOKEN] SqlFragment: 'student1_.studentId as studentId4_0_'
    |  +-[SQL_TOKEN] SqlFragment: 'course2_.courseCode as courseCode1_1_'
    |  +-[SQL_TOKEN] SqlFragment: 'student1_.name_first as name2_4_0_, student1_.name_middle as name3_4_0_, student1_.name_last as name4_4_0_, student1_.preferredCourseCode as preferre5_4_0_'
    |  \-[SQL_TOKEN] SqlFragment: 'course2_.description as descript2_1_1_'
    +-[FROM] FromClause: 'from' FromClause{level=1, fromElementCounter=3, fromElements=3, fromElementByClassAlias=[e, s], fromElementByTableAlias=[student1_, enrolment0_, course2_], fromElementsByPath=[e.student, s.preferredCourse], collectionJoinFromElementsByPath=[], impliedElements=[]}
    |  \-[FROM_FRAGMENT] FromElement: 'Enrolment enrolment0_' FromElement{explicit,not a collection join,not a fetch join,fetch non-lazy properties,classAlias=e,role=null,tableName=Enrolment,tableAlias=enrolment0_,origin=null,columns={,className=org.hibernate.test.querycache.Enrolment}}
    |     \-[JOIN_FRAGMENT] FromElement: 'left outer join Student student1_ on enrolment0_.studentId=student1_.studentId' FromElement{explicit,not a collection join,not a fetch join,fetch non-lazy properties,classAlias=s,role=null,tableName=Student,tableAlias=student1_,origin=Enrolment enrolment0_,columns={enrolment0_.studentId ,className=org.hibernate.test.querycache.Student}}
    |        \-[JOIN_FRAGMENT] FromElement: 'left outer join Course course2_ on student1_.preferredCourseCode=course2_.courseCode' FromElement{explicit,not a collection join,fetch join,fetch non-lazy properties,classAlias=null,role=null,tableName=Course,tableAlias=course2_,origin=left outer join Student student1_ on enrolment0_.studentId=student1_.studentId,columns={student1_.preferredCourseCode ,className=org.hibernate.test.querycache.Course}}
    \-[ORDER] OrderByClause: 'order'
       \-[DOT] DotNode: 'student1_.studentId' {propertyName=studentNumber,dereferenceType=ALL,propertyPath=studentNumber,path=s.studentNumber,tableAlias=student1_,className=org.hibernate.test.querycache.Student,classAlias=s}
          +-[ALIAS_REF] IdentNode: 'student1_.studentId' {alias=s, className=org.hibernate.test.querycache.Student, tableAlias=student1_}
          \-[IDENT] IdentNode: 'studentNumber' {originalText=studentNumber}

14:18:35,280 DEBUG ErrorCounter:82 - throwQueryException() : no errors
14:18:35,280 DEBUG QueryTranslatorImpl:235 - HQL: select s.name, s from org.hibernate.test.querycache.Enrolment e left join e.student s left join fetch s.preferredCourse order by s.studentNumber
14:18:35,281 DEBUG QueryTranslatorImpl:236 - SQL: select student1_.name_first as col_0_0_, student1_.name_middle as col_0_1_, student1_.name_last as col_0_2_, student1_.studentId as col_1_0_, course2_.courseCode as courseCode1_2_, student1_.studentId as studentId4_0_, course2_.courseCode as courseCode1_1_, student1_.name_first as name2_4_0_, student1_.name_middle as name3_4_0_, student1_.name_last as name4_4_0_, student1_.preferredCourseCode as preferre5_4_0_, course2_.description as descript2_1_1_ from Enrolment enrolment0_ left outer join Student student1_ on enrolment0_.studentId=student1_.studentId left outer join Course course2_ on student1_.preferredCourseCode=course2_.courseCode order by student1_.studentId
14:18:35,281 DEBUG ErrorCounter:82 - throwQueryException() : no errors
14:18:35,281 DEBUG BaseGeneralDataRegion:46 - Cache[foo.org.hibernate.cache.internal.StandardQueryCache] lookup : key[sql: select student1_.name_first as col_0_0_, student1_.name_middle as col_0_1_, student1_.name_last as col_0_2_, student1_.studentId as col_1_0_, course2_.courseCode as courseCode1_2_, student1_.studentId as studentId4_0_, course2_.courseCode as courseCode1_1_, student1_.name_first as name2_4_0_, student1_.name_middle as name3_4_0_, student1_.name_last as name4_4_0_, student1_.preferredCourseCode as preferre5_4_0_, course2_.description as descript2_1_1_ from Enrolment enrolment0_ left outer join Student student1_ on enrolment0_.studentId=student1_.studentId left outer join Course course2_ on student1_.preferredCourseCode=course2_.courseCode order by student1_.studentId; parameters: ; named parameters: {}; transformer: org.hibernate.transform.CacheableResultTransformer@1406bf]
14:18:35,281 DEBUG SQL:104 - 
    select
        student1_.name_first as col_0_0_,
        student1_.name_middle as col_0_1_,
        student1_.name_last as col_0_2_,
        student1_.studentId as col_1_0_,
        course2_.courseCode as courseCode1_2_,
        student1_.studentId as studentId4_0_,
        course2_.courseCode as courseCode1_1_,
        student1_.name_first as name2_4_0_,
        student1_.name_middle as name3_4_0_,
        student1_.name_last as name4_4_0_,
        student1_.preferredCourseCode as preferre5_4_0_,
        course2_.description as descript2_1_1_ 
    from
        Enrolment enrolment0_ 
    left outer join
        Student student1_ 
            on enrolment0_.studentId=student1_.studentId 
    left outer join
        Course course2_ 
            on student1_.preferredCourseCode=course2_.courseCode 
    order by
        student1_.studentId
14:18:35,301 DEBUG SQL:104 - 
    select
        secretcode0_.studentNumber as studentN1_4_0_,
        secretcode0_.secretCode as secretCode5_0_,
        secretcode0_.i as i0_ 
    from
        Student_secretCodes secretcode0_ 
    where
        secretcode0_.studentNumber=?
14:18:35,302 DEBUG SQL:104 - 
    select
        coursemeet0_.courseCode as courseCode1_1_,
        coursemeet0_.courseCode as courseCode2_1_,
        coursemeet0_.day as day2_1_,
        coursemeet0_.period as period2_1_,
        coursemeet0_.location as location2_1_,
        coursemeet0_.courseCode as courseCode2_0_,
        coursemeet0_.day as day2_0_,
        coursemeet0_.period as period2_0_,
        coursemeet0_.location as location2_0_ 
    from
        CourseMeeting coursemeet0_ 
    where
        coursemeet0_.courseCode=?
14:18:35,302 DEBUG SQL:104 - 
    select
        secretcode0_.studentNumber as studentN1_4_0_,
        secretcode0_.secretCode as secretCode5_0_,
        secretcode0_.i as i0_ 
    from
        Student_secretCodes secretcode0_ 
    where
        secretcode0_.studentNumber=?
14:18:35,310 DEBUG BaseGeneralDataRegion:59 - Caching[foo.org.hibernate.cache.internal.StandardQueryCache] : [sql: select student1_.name_first as col_0_0_, student1_.name_middle as col_0_1_, student1_.name_last as col_0_2_, student1_.studentId as col_1_0_, course2_.courseCode as courseCode1_2_, student1_.studentId as studentId4_0_, course2_.courseCode as courseCode1_1_, student1_.name_first as name2_4_0_, student1_.name_middle as name3_4_0_, student1_.name_last as name4_4_0_, student1_.preferredCourseCode as preferre5_4_0_, course2_.description as descript2_1_1_ from Enrolment enrolment0_ left outer join Student student1_ on enrolment0_.studentId=student1_.studentId left outer join Course course2_ on student1_.preferredCourseCode=course2_.courseCode order by student1_.studentId; parameters: ; named parameters: {}; transformer: org.hibernate.transform.CacheableResultTransformer@1406bf] -> [[5579090801909760, [Ljava.io.Serializable;@5f0ec001, [Ljava.io.Serializable;@415fb268]]
14:18:35,311 DEBUG BaseGeneralDataRegion:46 - Cache[foo.org.hibernate.cache.internal.StandardQueryCache] lookup : key[sql: select student1_.name_first as col_0_0_, student1_.name_middle as col_0_1_, student1_.name_last as col_0_2_, student1_.studentId as col_1_0_, course2_.courseCode as courseCode1_2_, student1_.studentId as studentId4_0_, course2_.courseCode as courseCode1_1_, student1_.name_first as name2_4_0_, student1_.name_middle as name3_4_0_, student1_.name_last as name4_4_0_, student1_.preferredCourseCode as preferre5_4_0_, course2_.description as descript2_1_1_ from Enrolment enrolment0_ left outer join Student student1_ on enrolment0_.studentId=student1_.studentId left outer join Course course2_ on student1_.preferredCourseCode=course2_.courseCode order by student1_.studentId; parameters: ; named parameters: {}; transformer: org.hibernate.transform.CacheableResultTransformer@1406bf]
14:18:35,311 DEBUG BaseGeneralDataRegion:52 - Cache[foo.org.hibernate.cache.internal.StandardQueryCache] hit: sql: select student1_.name_first as col_0_0_, student1_.name_middle as col_0_1_, student1_.name_last as col_0_2_, student1_.studentId as col_1_0_, course2_.courseCode as courseCode1_2_, student1_.studentId as studentId4_0_, course2_.courseCode as courseCode1_1_, student1_.name_first as name2_4_0_, student1_.name_middle as name3_4_0_, student1_.name_last as name4_4_0_, student1_.preferredCourseCode as preferre5_4_0_, course2_.description as descript2_1_1_ from Enrolment enrolment0_ left outer join Student student1_ on enrolment0_.studentId=student1_.studentId left outer join Course course2_ on student1_.preferredCourseCode=course2_.courseCode order by student1_.studentId; parameters: ; named parameters: {}; transformer: org.hibernate.transform.CacheableResultTransformer@1406bf
14:18:35,311 DEBUG BaseGeneralDataRegion:46 - Cache[foo.org.hibernate.cache.spi.UpdateTimestampsCache] lookup : key[Student]
14:18:35,311 DEBUG BaseGeneralDataRegion:52 - Cache[foo.org.hibernate.cache.spi.UpdateTimestampsCache] hit: Student
14:18:35,312 DEBUG BaseGeneralDataRegion:46 - Cache[foo.org.hibernate.cache.spi.UpdateTimestampsCache] lookup : key[Course]
14:18:35,312 DEBUG BaseGeneralDataRegion:52 - Cache[foo.org.hibernate.cache.spi.UpdateTimestampsCache] hit: Course
14:18:35,312 DEBUG BaseGeneralDataRegion:46 - Cache[foo.org.hibernate.cache.spi.UpdateTimestampsCache] lookup : key[Enrolment]
14:18:35,312 DEBUG BaseGeneralDataRegion:52 - Cache[foo.org.hibernate.cache.spi.UpdateTimestampsCache] hit: Enrolment
14:18:35,312 DEBUG SQL:104 - 
    select
        student_.studentId,
        student_.name_first as name2_4_,
        student_.name_middle as name3_4_,
        student_.name_last as name4_4_,
        student_.preferredCourseCode as preferre5_4_ 
    from
        Student student_ 
    where
        student_.studentId=?
14:18:35,313 DEBUG SQL:104 - 
    select
        enrolment_.studentId,
        enrolment_.courseCode,
        enrolment_.semester as semester3_,
        enrolment_."year" as year4_3_ 
    from
        Enrolment enrolment_ 
    where
        enrolment_.studentId=? 
        and enrolment_.courseCode=?
14:18:35,322 DEBUG SQL:104 - 
    select
        course_.courseCode,
        course_.description as descript2_1_ 
    from
        Course course_ 
    where
        course_.courseCode=?
14:18:35,322 DEBUG SQL:104 - 
    select
        student_.studentId,
        student_.name_first as name2_4_,
        student_.name_middle as name3_4_,
        student_.name_last as name4_4_,
        student_.preferredCourseCode as preferre5_4_ 
    from
        Student student_ 
    where
        student_.studentId=?
14:18:35,323 DEBUG SQL:104 - 
    select
        enrolment_.studentId,
        enrolment_.courseCode,
        enrolment_.semester as semester3_,
        enrolment_."year" as year4_3_ 
    from
        Enrolment enrolment_ 
    where
        enrolment_.studentId=? 
        and enrolment_.courseCode=?
14:18:35,332 DEBUG SQL:104 - 
    select
        coursemeet_.courseCode,
        coursemeet_.day,
        coursemeet_.period,
        coursemeet_.location 
    from
        CourseMeeting coursemeet_ 
    where
        coursemeet_.courseCode=? 
        and coursemeet_.day=? 
        and coursemeet_.period=? 
        and coursemeet_.location=?
14:18:35,332 DEBUG SQL:104 - 
    select
        coursemeet_.courseCode,
        coursemeet_.day,
        coursemeet_.period,
        coursemeet_.location 
    from
        CourseMeeting coursemeet_ 
    where
        coursemeet_.courseCode=? 
        and coursemeet_.day=? 
        and coursemeet_.period=? 
        and coursemeet_.location=?
14:18:35,342 DEBUG BaseGeneralDataRegion:59 - Caching[foo.org.hibernate.cache.spi.UpdateTimestampsCache] : [Enrolment] -> [5579091047800832]
14:18:35,342 DEBUG SQL:104 - 
    update
        Address 
    set
        studentNumber=null,
        addressType=null 
    where
        studentNumber=?
14:18:35,342 DEBUG BaseGeneralDataRegion:59 - Caching[foo.org.hibernate.cache.spi.UpdateTimestampsCache] : [Address] -> [5579091047800833]
14:18:35,342 DEBUG SQL:104 - 
    delete 
    from
        Student_secretCodes 
    where
        studentNumber=?
14:18:35,343 DEBUG BaseGeneralDataRegion:59 - Caching[foo.org.hibernate.cache.spi.UpdateTimestampsCache] : [Student_secretCodes] -> [5579091047804928]
14:18:35,343 DEBUG BaseGeneralDataRegion:59 - Caching[foo.org.hibernate.cache.spi.UpdateTimestampsCache] : [Enrolment] -> [5579091047804929]
14:18:35,343 DEBUG BaseGeneralDataRegion:59 - Caching[foo.org.hibernate.cache.spi.UpdateTimestampsCache] : [Address] -> [5579091047804930]
14:18:35,343 DEBUG SQL:104 - 
    delete 
    from
        Student_secretCodes 
    where
        studentNumber=?
14:18:35,343 DEBUG BaseGeneralDataRegion:59 - Caching[foo.org.hibernate.cache.spi.UpdateTimestampsCache] : [Student_secretCodes] -> [5579091047804931]
14:18:35,343 DEBUG BaseGeneralDataRegion:59 - Caching[foo.org.hibernate.cache.spi.UpdateTimestampsCache] : [CourseMeeting] -> [5579091047804932]
14:18:35,344 DEBUG SQL:104 - 
    delete 
    from
        Enrolment 
    where
        studentId=? 
        and courseCode=?
14:18:35,344 DEBUG BaseGeneralDataRegion:59 - Caching[foo.org.hibernate.cache.spi.UpdateTimestampsCache] : [Enrolment] -> [5579091047809024]
14:18:35,344 DEBUG SQL:104 - 
    delete 
    from
        Address 
    where
        id=?
14:18:35,344 DEBUG BaseGeneralDataRegion:59 - Caching[foo.org.hibernate.cache.spi.UpdateTimestampsCache] : [Address] -> [5579091047809025]
14:18:35,344 DEBUG SQL:104 - 
    delete 
    from
        Address 
    where
        id=?
14:18:35,344 DEBUG BaseGeneralDataRegion:59 - Caching[foo.org.hibernate.cache.spi.UpdateTimestampsCache] : [Address] -> [5579091047809026]
14:18:35,345 DEBUG SQL:104 - 
    delete 
    from
        Student 
    where
        studentId=?
14:18:35,345 DEBUG BaseGeneralDataRegion:59 - Caching[foo.org.hibernate.cache.spi.UpdateTimestampsCache] : [Student] -> [5579091047813120]
14:18:35,345 DEBUG SQL:104 - 
    delete 
    from
        Enrolment 
    where
        studentId=? 
        and courseCode=?
14:18:35,356 DEBUG BaseGeneralDataRegion:59 - Caching[foo.org.hibernate.cache.spi.UpdateTimestampsCache] : [Enrolment] -> [5579091047858176]
14:18:35,357 DEBUG SQL:104 - 
    delete 
    from
        Student 
    where
        studentId=?
14:18:35,357 DEBUG BaseGeneralDataRegion:59 - Caching[foo.org.hibernate.cache.spi.UpdateTimestampsCache] : [Student] -> [5579091047862272]
14:18:35,357 DEBUG SQL:104 - 
    delete 
    from
        CourseMeeting 
    where
        courseCode=? 
        and day=? 
        and period=? 
        and location=?
14:18:35,357 DEBUG BaseGeneralDataRegion:59 - Caching[foo.org.hibernate.cache.spi.UpdateTimestampsCache] : [CourseMeeting] -> [5579091047862273]
14:18:35,357 DEBUG SQL:104 - 
    delete 
    from
        CourseMeeting 
    where
        courseCode=? 
        and day=? 
        and period=? 
        and location=?
14:18:35,373 DEBUG BaseGeneralDataRegion:59 - Caching[foo.org.hibernate.cache.spi.UpdateTimestampsCache] : [CourseMeeting] -> [5579091047927808]
14:18:35,374 DEBUG SQL:104 - 
    delete 
    from
        Course 
    where
        courseCode=?
14:18:35,374 DEBUG BaseGeneralDataRegion:59 - Caching[foo.org.hibernate.cache.spi.UpdateTimestampsCache] : [Course] -> [5579091047931904]
14:18:35,374 DEBUG BaseGeneralDataRegion:59 - Caching[foo.org.hibernate.cache.spi.UpdateTimestampsCache] : [Student] -> [5579090802171905]
14:18:35,374 DEBUG BaseGeneralDataRegion:59 - Caching[foo.org.hibernate.cache.spi.UpdateTimestampsCache] : [Course] -> [5579090802171905]
14:18:35,374 DEBUG BaseGeneralDataRegion:59 - Caching[foo.org.hibernate.cache.spi.UpdateTimestampsCache] : [Enrolment] -> [5579090802171905]
14:18:35,374 DEBUG BaseGeneralDataRegion:59 - Caching[foo.org.hibernate.cache.spi.UpdateTimestampsCache] : [Student_secretCodes] -> [5579090802171905]
14:18:35,374 DEBUG BaseGeneralDataRegion:59 - Caching[foo.org.hibernate.cache.spi.UpdateTimestampsCache] : [Address] -> [5579090802171905]
14:18:35,374 DEBUG BaseGeneralDataRegion:59 - Caching[foo.org.hibernate.cache.spi.UpdateTimestampsCache] : [CourseMeeting] -> [5579090802171905]
14:18:35,375  INFO CustomRunner:139 - Test: testEntityWithJoinFetchedLazyOneToManyMultiAndNullElementList
14:18:35,376 DEBUG SQL:104 - 
    select
        coursemeet_.courseCode,
        coursemeet_.day,
        coursemeet_.period,
        coursemeet_.location 
    from
        CourseMeeting coursemeet_ 
    where
        coursemeet_.courseCode=? 
        and coursemeet_.day=? 
        and coursemeet_.period=? 
        and coursemeet_.location=?
14:18:35,376 DEBUG SQL:104 - 
    select
        coursemeet_.courseCode,
        coursemeet_.day,
        coursemeet_.period,
        coursemeet_.location 
    from
        CourseMeeting coursemeet_ 
    where
        coursemeet_.courseCode=? 
        and coursemeet_.day=? 
        and coursemeet_.period=? 
        and coursemeet_.location=?
14:18:35,377 DEBUG SQL:104 - 
    insert 
    into
        Course
        (description, courseCode) 
    values
        (?, ?)
14:18:35,394 DEBUG BaseGeneralDataRegion:59 - Caching[foo.org.hibernate.cache.spi.UpdateTimestampsCache] : [Course] -> [5579091048013824]
14:18:35,394 DEBUG SQL:104 - 
    insert 
    into
        CourseMeeting
        (courseCode, day, period, location) 
    values
        (?, ?, ?, ?)
14:18:35,395 DEBUG BaseGeneralDataRegion:59 - Caching[foo.org.hibernate.cache.spi.UpdateTimestampsCache] : [CourseMeeting] -> [5579091048017920]
14:18:35,395 DEBUG SQL:104 - 
    insert 
    into
        CourseMeeting
        (courseCode, day, period, location) 
    values
        (?, ?, ?, ?)
14:18:35,395 DEBUG BaseGeneralDataRegion:59 - Caching[foo.org.hibernate.cache.spi.UpdateTimestampsCache] : [CourseMeeting] -> [5579091048017921]
14:18:35,395 DEBUG SQL:104 - 
    insert 
    into
        Student
        (name_first, name_middle, name_last, preferredCourseCode, studentId) 
    values
        (?, ?, ?, ?, ?)
14:18:35,404 DEBUG BaseGeneralDataRegion:59 - Caching[foo.org.hibernate.cache.spi.UpdateTimestampsCache] : [Student] -> [5579091048054784]
14:18:35,404 DEBUG SQL:104 - 
    insert 
    into
        Address
        (addressType, street, city, stateProvince, postalCode, country, studentNumber, id) 
    values
        (?, ?, ?, ?, ?, ?, ?, ?)
14:18:35,405 DEBUG BaseGeneralDataRegion:59 - Caching[foo.org.hibernate.cache.spi.UpdateTimestampsCache] : [Address] -> [5579091048058880]
14:18:35,405 DEBUG SQL:104 - 
    insert 
    into
        Address
        (addressType, street, city, stateProvince, postalCode, country, studentNumber, id) 
    values
        (?, ?, ?, ?, ?, ?, ?, ?)
14:18:35,405 DEBUG BaseGeneralDataRegion:59 - Caching[foo.org.hibernate.cache.spi.UpdateTimestampsCache] : [Address] -> [5579091048058881]
14:18:35,405 DEBUG SQL:104 - 
    insert 
    into
        Student
        (name_first, name_middle, name_last, preferredCourseCode, studentId) 
    values
        (?, ?, ?, ?, ?)
14:18:35,405 DEBUG BaseGeneralDataRegion:59 - Caching[foo.org.hibernate.cache.spi.UpdateTimestampsCache] : [Student] -> [5579091048058882]
14:18:35,405 DEBUG SQL:104 - 
    insert 
    into
        Enrolment
        (semester, "year", studentId, courseCode) 
    values
        (?, ?, ?, ?)
14:18:35,415 DEBUG BaseGeneralDataRegion:59 - Caching[foo.org.hibernate.cache.spi.UpdateTimestampsCache] : [Enrolment] -> [5579091048099840]
14:18:35,415 DEBUG SQL:104 - 
    insert 
    into
        Enrolment
        (semester, "year", studentId, courseCode) 
    values
        (?, ?, ?, ?)
14:18:35,416 DEBUG BaseGeneralDataRegion:59 - Caching[foo.org.hibernate.cache.spi.UpdateTimestampsCache] : [Enrolment] -> [5579091048103936]
14:18:35,416 DEBUG BaseGeneralDataRegion:59 - Caching[foo.org.hibernate.cache.spi.UpdateTimestampsCache] : [CourseMeeting] -> [5579091048103937]
14:18:35,416 DEBUG BaseGeneralDataRegion:59 - Caching[foo.org.hibernate.cache.spi.UpdateTimestampsCache] : [Enrolment] -> [5579091048103938]
14:18:35,416 DEBUG SQL:104 - 
    update
        Address 
    set
        studentNumber=?,
        addressType=? 
    where
        id=?
14:18:35,416 DEBUG SQL:104 - 
    update
        Address 
    set
        studentNumber=?,
        addressType=? 
    where
        id=?
14:18:35,416 DEBUG BaseGeneralDataRegion:59 - Caching[foo.org.hibernate.cache.spi.UpdateTimestampsCache] : [Address] -> [5579091048103939]
14:18:35,425 DEBUG SQL:104 - 
    insert 
    into
        Student_secretCodes
        (studentNumber, i, secretCode) 
    values
        (?, ?, ?)
14:18:35,426 DEBUG BaseGeneralDataRegion:59 - Caching[foo.org.hibernate.cache.spi.UpdateTimestampsCache] : [Student_secretCodes] -> [5579091048144896]
14:18:35,426 DEBUG BaseGeneralDataRegion:59 - Caching[foo.org.hibernate.cache.spi.UpdateTimestampsCache] : [Enrolment] -> [5579091048144897]
14:18:35,426 DEBUG BaseGeneralDataRegion:59 - Caching[foo.org.hibernate.cache.spi.UpdateTimestampsCache] : [Address] -> [5579091048144898]
14:18:35,426 DEBUG SQL:104 - 
    insert 
    into
        Student_secretCodes
        (studentNumber, i, secretCode) 
    values
        (?, ?, ?)
14:18:35,426 DEBUG SQL:104 - 
    insert 
    into
        Student_secretCodes
        (studentNumber, i, secretCode) 
    values
        (?, ?, ?)
14:18:35,427 DEBUG BaseGeneralDataRegion:59 - Caching[foo.org.hibernate.cache.spi.UpdateTimestampsCache] : [Student_secretCodes] -> [5579091048148992]
14:18:35,427 DEBUG BaseGeneralDataRegion:59 - Caching[foo.org.hibernate.cache.spi.UpdateTimestampsCache] : [Student] -> [5579090802388993]
14:18:35,427 DEBUG BaseGeneralDataRegion:59 - Caching[foo.org.hibernate.cache.spi.UpdateTimestampsCache] : [Course] -> [5579090802388993]
14:18:35,427 DEBUG BaseGeneralDataRegion:59 - Caching[foo.org.hibernate.cache.spi.UpdateTimestampsCache] : [Enrolment] -> [5579090802388993]
14:18:35,427 DEBUG BaseGeneralDataRegion:59 - Caching[foo.org.hibernate.cache.spi.UpdateTimestampsCache] : [Student_secretCodes] -> [5579090802388993]
14:18:35,427 DEBUG BaseGeneralDataRegion:59 - Caching[foo.org.hibernate.cache.spi.UpdateTimestampsCache] : [Address] -> [5579090802388993]
14:18:35,437 DEBUG BaseGeneralDataRegion:59 - Caching[foo.org.hibernate.cache.spi.UpdateTimestampsCache] : [CourseMeeting] -> [5579090802388993]
14:18:35,437 DEBUG QueryTranslatorImpl:265 - parse() - HQL: from org.hibernate.test.querycache.Student s left join fetch s.addresses order by s.studentNumber
14:18:35,438 DEBUG QueryTranslatorImpl:283 - --- HQL AST ---
 \-[QUERY] Node: 'query'
    +-[SELECT_FROM] Node: 'SELECT_FROM'
    |  \-[FROM] Node: 'from'
    |     +-[RANGE] Node: 'RANGE'
    |     |  +-[DOT] Node: '.'
    |     |  |  +-[DOT] Node: '.'
    |     |  |  |  +-[DOT] Node: '.'
    |     |  |  |  |  +-[DOT] Node: '.'
    |     |  |  |  |  |  +-[IDENT] Node: 'org'
    |     |  |  |  |  |  \-[IDENT] Node: 'hibernate'
    |     |  |  |  |  \-[IDENT] Node: 'test'
    |     |  |  |  \-[IDENT] Node: 'querycache'
    |     |  |  \-[IDENT] Node: 'Student'
    |     |  \-[ALIAS] Node: 's'
    |     \-[JOIN] Node: 'join'
    |        +-[LEFT] Node: 'left'
    |        +-[FETCH] Node: 'fetch'
    |        \-[DOT] Node: '.'
    |           +-[IDENT] Node: 's'
    |           \-[IDENT] Node: 'addresses'
    \-[ORDER] Node: 'order'
       \-[DOT] Node: '.'
          +-[IDENT] Node: 's'
          \-[IDENT] Node: 'studentNumber'

14:18:35,439 DEBUG ErrorCounter:82 - throwQueryException() : no errors
14:18:35,439 DEBUG FromElement:157 - FromClause{level=1} : org.hibernate.test.querycache.Student (s) -> student0_
14:18:35,448 DEBUG FromReferenceNode:74 - Resolved : s -> student0_.studentId
14:18:35,448 DEBUG DotNode:599 - getDataType() : addresses -> org.hibernate.type.MapType(org.hibernate.test.querycache.Student.addresses)
14:18:35,448 DEBUG FromElementFactory:376 - createEntityAssociation() : One to many - path = s.addresses role = org.hibernate.test.querycache.Student.addresses associatedEntityName = org.hibernate.test.querycache.Address
14:18:35,448 DEBUG FromElement:157 - FromClause{level=1} : org.hibernate.test.querycache.Address (<no alias>) -> addresses1_
14:18:35,449 DEBUG FromClause:282 - addJoinByPathMap() : s.addresses -> FromElement{explicit,not a collection join,not a fetch join,fetch non-lazy properties,classAlias=null,role=null,tableName=Address,tableAlias=addresses1_,origin=Student student0_,columns={student0_.studentId ,className=org.hibernate.test.querycache.Address}}
14:18:35,449 DEBUG DotNode:308 - dereferenceCollection() : Created new FROM element for s.addresses : Address addresses1_
14:18:35,449 DEBUG FromReferenceNode:74 - Resolved : s.addresses -> .
14:18:35,449 DEBUG HqlSqlWalker:403 - createFromJoinElement() : -- join tree --
 \-[JOIN_FRAGMENT] FromElement: 'Address addresses1_' FromElement{explicit,not a collection join,fetch join,fetch non-lazy properties,classAlias=null,role=org.hibernate.test.querycache.Student.addresses,tableName=Address,tableAlias=addresses1_,origin=Student student0_,columns={student0_.studentId ,className=org.hibernate.test.querycache.Address}}

14:18:35,450 DEBUG FromReferenceNode:74 - Resolved : s -> student0_.studentId
14:18:35,450 DEBUG DotNode:599 - getDataType() : studentNumber -> org.hibernate.type.LongType@4bf3f9d
14:18:35,450 DEBUG FromReferenceNode:74 - Resolved : s.studentNumber -> student0_.studentId
14:18:35,450 DEBUG HqlSqlWalker:629 - processQuery() :  ( SELECT ( FromClause{level=1} ( Student student0_ Address addresses1_ ) ) ( order ( student0_.studentId student0_.studentId studentNumber ) ) )
14:18:35,450 DEBUG HqlSqlWalker:869 - Derived SELECT clause created.
14:18:35,450 DEBUG JoinProcessor:175 - Using FROM fragment [Student student0_]
14:18:35,451 DEBUG JoinProcessor:175 - Using FROM fragment [left outer join Address addresses1_ on student0_.studentId=addresses1_.studentNumber]
14:18:35,451 DEBUG QueryTranslatorImpl:252 - --- SQL AST ---
 \-[SELECT] QueryNode: 'SELECT'  querySpaces (Student,Address)
    +-[SELECT_CLAUSE] SelectClause: '{derived select clause}'
    |  +-[SELECT_EXPR] SelectExpressionImpl: 'student0_.studentId as studentId4_0_' {FromElement{explicit,not a collection join,not a fetch join,fetch non-lazy properties,classAlias=s,role=null,tableName=Student,tableAlias=student0_,origin=null,columns={,className=org.hibernate.test.querycache.Student}}}
    |  +-[SELECT_EXPR] SelectExpressionImpl: 'addresses1_.id as id0_1_' {FromElement{explicit,not a collection join,fetch join,fetch non-lazy properties,classAlias=null,role=org.hibernate.test.querycache.Student.addresses,tableName=Address,tableAlias=addresses1_,origin=Student student0_,columns={student0_.studentId ,className=org.hibernate.test.querycache.Address}}}
    |  +-[SQL_TOKEN] SqlFragment: 'student0_.name_first as name2_4_0_, student0_.name_middle as name3_4_0_, student0_.name_last as name4_4_0_, student0_.preferredCourseCode as preferre5_4_0_'
    |  +-[SQL_TOKEN] SqlFragment: 'addresses1_.addressType as addressT2_0_1_, addresses1_.street as street0_1_, addresses1_.city as city0_1_, addresses1_.stateProvince as statePro5_0_1_, addresses1_.postalCode as postalCode0_1_, addresses1_.country as country0_1_, addresses1_.studentNumber as studentN8_0_1_'
    |  \-[SQL_TOKEN] SqlFragment: 'addresses1_.studentNumber as studentN8_4_0__, addresses1_.id as id0_0__, addresses1_.addressType as addressT2_0__'
    +-[FROM] FromClause: 'from' FromClause{level=1, fromElementCounter=2, fromElements=2, fromElementByClassAlias=[s], fromElementByTableAlias=[student0_, addresses1_], fromElementsByPath=[s.addresses], collectionJoinFromElementsByPath=[], impliedElements=[]}
    |  \-[FROM_FRAGMENT] FromElement: 'Student student0_' FromElement{explicit,not a collection join,not a fetch join,fetch non-lazy properties,classAlias=s,role=null,tableName=Student,tableAlias=student0_,origin=null,columns={,className=org.hibernate.test.querycache.Student}}
    |     \-[JOIN_FRAGMENT] FromElement: 'left outer join Address addresses1_ on student0_.studentId=addresses1_.studentNumber' FromElement{explicit,not a collection join,fetch join,fetch non-lazy properties,classAlias=null,role=org.hibernate.test.querycache.Student.addresses,tableName=Address,tableAlias=addresses1_,origin=Student student0_,columns={student0_.studentId ,className=org.hibernate.test.querycache.Address}}
    \-[ORDER] OrderByClause: 'order'
       \-[DOT] DotNode: 'student0_.studentId' {propertyName=studentNumber,dereferenceType=ALL,propertyPath=studentNumber,path=s.studentNumber,tableAlias=student0_,className=org.hibernate.test.querycache.Student,classAlias=s}
          +-[ALIAS_REF] IdentNode: 'student0_.studentId' {alias=s, className=org.hibernate.test.querycache.Student, tableAlias=student0_}
          \-[IDENT] IdentNode: 'studentNumber' {originalText=studentNumber}

14:18:35,458 DEBUG ErrorCounter:82 - throwQueryException() : no errors
14:18:35,459 DEBUG QueryTranslatorImpl:235 - HQL: from org.hibernate.test.querycache.Student s left join fetch s.addresses order by s.studentNumber
14:18:35,459 DEBUG QueryTranslatorImpl:236 - SQL: select student0_.studentId as studentId4_0_, addresses1_.id as id0_1_, student0_.name_first as name2_4_0_, student0_.name_middle as name3_4_0_, student0_.name_last as name4_4_0_, student0_.preferredCourseCode as preferre5_4_0_, addresses1_.addressType as addressT2_0_1_, addresses1_.street as street0_1_, addresses1_.city as city0_1_, addresses1_.stateProvince as statePro5_0_1_, addresses1_.postalCode as postalCode0_1_, addresses1_.country as country0_1_, addresses1_.studentNumber as studentN8_0_1_, addresses1_.studentNumber as studentN8_4_0__, addresses1_.id as id0_0__, addresses1_.addressType as addressT2_0__ from Student student0_ left outer join Address addresses1_ on student0_.studentId=addresses1_.studentNumber order by student0_.studentId
14:18:35,459 DEBUG ErrorCounter:82 - throwQueryException() : no errors
14:18:35,459 DEBUG BaseGeneralDataRegion:46 - Cache[foo.org.hibernate.cache.internal.StandardQueryCache] lookup : key[sql: select student0_.studentId as studentId4_0_, addresses1_.id as id0_1_, student0_.name_first as name2_4_0_, student0_.name_middle as name3_4_0_, student0_.name_last as name4_4_0_, student0_.preferredCourseCode as preferre5_4_0_, addresses1_.addressType as addressT2_0_1_, addresses1_.street as street0_1_, addresses1_.city as city0_1_, addresses1_.stateProvince as statePro5_0_1_, addresses1_.postalCode as postalCode0_1_, addresses1_.country as country0_1_, addresses1_.studentNumber as studentN8_0_1_, addresses1_.studentNumber as studentN8_4_0__, addresses1_.id as id0_0__, addresses1_.addressType as addressT2_0__ from Student student0_ left outer join Address addresses1_ on student0_.studentId=addresses1_.studentNumber order by student0_.studentId; parameters: ; named parameters: {}; transformer: org.hibernate.transform.CacheableResultTransformer@138f59]
14:18:35,460 DEBUG SQL:104 - 
    select
        student0_.studentId as studentId4_0_,
        addresses1_.id as id0_1_,
        student0_.name_first as name2_4_0_,
        student0_.name_middle as name3_4_0_,
        student0_.name_last as name4_4_0_,
        student0_.preferredCourseCode as preferre5_4_0_,
        addresses1_.addressType as addressT2_0_1_,
        addresses1_.street as street0_1_,
        addresses1_.city as city0_1_,
        addresses1_.stateProvince as statePro5_0_1_,
        addresses1_.postalCode as postalCode0_1_,
        addresses1_.country as country0_1_,
        addresses1_.studentNumber as studentN8_0_1_,
        addresses1_.studentNumber as studentN8_4_0__,
        addresses1_.id as id0_0__,
        addresses1_.addressType as addressT2_0__ 
    from
        Student student0_ 
    left outer join
        Address addresses1_ 
            on student0_.studentId=addresses1_.studentNumber 
    order by
        student0_.studentId
14:18:35,470 DEBUG SQL:104 - 
    select
        secretcode0_.studentNumber as studentN1_4_0_,
        secretcode0_.secretCode as secretCode5_0_,
        secretcode0_.i as i0_ 
    from
        Student_secretCodes secretcode0_ 
    where
        secretcode0_.studentNumber=?
14:18:35,471 DEBUG SQL:104 - 
    select
        secretcode0_.studentNumber as studentN1_4_0_,
        secretcode0_.secretCode as secretCode5_0_,
        secretcode0_.i as i0_ 
    from
        Student_secretCodes secretcode0_ 
    where
        secretcode0_.studentNumber=?
14:18:35,472 DEBUG BaseGeneralDataRegion:59 - Caching[foo.org.hibernate.cache.internal.StandardQueryCache] : [sql: select student0_.studentId as studentId4_0_, addresses1_.id as id0_1_, student0_.name_first as name2_4_0_, student0_.name_middle as name3_4_0_, student0_.name_last as name4_4_0_, student0_.preferredCourseCode as preferre5_4_0_, addresses1_.addressType as addressT2_0_1_, addresses1_.street as street0_1_, addresses1_.city as city0_1_, addresses1_.stateProvince as statePro5_0_1_, addresses1_.postalCode as postalCode0_1_, addresses1_.country as country0_1_, addresses1_.studentNumber as studentN8_0_1_, addresses1_.studentNumber as studentN8_4_0__, addresses1_.id as id0_0__, addresses1_.addressType as addressT2_0__ from Student student0_ left outer join Address addresses1_ on student0_.studentId=addresses1_.studentNumber order by student0_.studentId; parameters: ; named parameters: {}; transformer: org.hibernate.transform.CacheableResultTransformer@138f59] -> [[5579090802573312, 111, 111, 999]]
14:18:35,473 DEBUG BaseGeneralDataRegion:46 - Cache[foo.org.hibernate.cache.internal.StandardQueryCache] lookup : key[sql: select student0_.studentId as studentId4_0_, addresses1_.id as id0_1_, student0_.name_first as name2_4_0_, student0_.name_middle as name3_4_0_, student0_.name_last as name4_4_0_, student0_.preferredCourseCode as preferre5_4_0_, addresses1_.addressType as addressT2_0_1_, addresses1_.street as street0_1_, addresses1_.city as city0_1_, addresses1_.stateProvince as statePro5_0_1_, addresses1_.postalCode as postalCode0_1_, addresses1_.country as country0_1_, addresses1_.studentNumber as studentN8_0_1_, addresses1_.studentNumber as studentN8_4_0__, addresses1_.id as id0_0__, addresses1_.addressType as addressT2_0__ from Student student0_ left outer join Address addresses1_ on student0_.studentId=addresses1_.studentNumber order by student0_.studentId; parameters: ; named parameters: {}; transformer: org.hibernate.transform.CacheableResultTransformer@138f59]
14:18:35,473 DEBUG BaseGeneralDataRegion:52 - Cache[foo.org.hibernate.cache.internal.StandardQueryCache] hit: sql: select student0_.studentId as studentId4_0_, addresses1_.id as id0_1_, student0_.name_first as name2_4_0_, student0_.name_middle as name3_4_0_, student0_.name_last as name4_4_0_, student0_.preferredCourseCode as preferre5_4_0_, addresses1_.addressType as addressT2_0_1_, addresses1_.street as street0_1_, addresses1_.city as city0_1_, addresses1_.stateProvince as statePro5_0_1_, addresses1_.postalCode as postalCode0_1_, addresses1_.country as country0_1_, addresses1_.studentNumber as studentN8_0_1_, addresses1_.studentNumber as studentN8_4_0__, addresses1_.id as id0_0__, addresses1_.addressType as addressT2_0__ from Student student0_ left outer join Address addresses1_ on student0_.studentId=addresses1_.studentNumber order by student0_.studentId; parameters: ; named parameters: {}; transformer: org.hibernate.transform.CacheableResultTransformer@138f59
14:18:35,473 DEBUG BaseGeneralDataRegion:46 - Cache[foo.org.hibernate.cache.spi.UpdateTimestampsCache] lookup : key[Student]
14:18:35,474 DEBUG BaseGeneralDataRegion:52 - Cache[foo.org.hibernate.cache.spi.UpdateTimestampsCache] hit: Student
14:18:35,474 DEBUG BaseGeneralDataRegion:46 - Cache[foo.org.hibernate.cache.spi.UpdateTimestampsCache] lookup : key[Address]
14:18:35,474 DEBUG BaseGeneralDataRegion:52 - Cache[foo.org.hibernate.cache.spi.UpdateTimestampsCache] hit: Address
14:18:35,474 DEBUG SQL:104 - 
    select
        student0_.studentId as studentId4_0_,
        student0_.name_first as name2_4_0_,
        student0_.name_middle as name3_4_0_,
        student0_.name_last as name4_4_0_,
        student0_.preferredCourseCode as preferre5_4_0_ 
    from
        Student student0_ 
    where
        student0_.studentId=?
14:18:35,475 DEBUG SQL:104 - 
    select
        secretcode0_.studentNumber as studentN1_4_0_,
        secretcode0_.secretCode as secretCode5_0_,
        secretcode0_.i as i0_ 
    from
        Student_secretCodes secretcode0_ 
    where
        secretcode0_.studentNumber=?
14:18:35,476 DEBUG SQL:104 - 
    select
        student0_.studentId as studentId4_0_,
        student0_.name_first as name2_4_0_,
        student0_.name_middle as name3_4_0_,
        student0_.name_last as name4_4_0_,
        student0_.preferredCourseCode as preferre5_4_0_ 
    from
        Student student0_ 
    where
        student0_.studentId=?
14:18:35,477 DEBUG SQL:104 - 
    select
        secretcode0_.studentNumber as studentN1_4_0_,
        secretcode0_.secretCode as secretCode5_0_,
        secretcode0_.i as i0_ 
    from
        Student_secretCodes secretcode0_ 
    where
        secretcode0_.studentNumber=?
14:18:35,484 DEBUG SQL:104 - 
    select
        student_.studentId,
        student_.name_first as name2_4_,
        student_.name_middle as name3_4_,
        student_.name_last as name4_4_,
        student_.preferredCourseCode as preferre5_4_ 
    from
        Student student_ 
    where
        student_.studentId=?
14:18:35,498 DEBUG SQL:104 - 
    select
        enrolment_.studentId,
        enrolment_.courseCode,
        enrolment_.semester as semester3_,
        enrolment_."year" as year4_3_ 
    from
        Enrolment enrolment_ 
    where
        enrolment_.studentId=? 
        and enrolment_.courseCode=?
14:18:35,499 DEBUG SQL:104 - 
    select
        course_.courseCode,
        course_.description as descript2_1_ 
    from
        Course course_ 
    where
        course_.courseCode=?
14:18:35,499 DEBUG SQL:104 - 
    select
        student_.studentId,
        student_.name_first as name2_4_,
        student_.name_middle as name3_4_,
        student_.name_last as name4_4_,
        student_.preferredCourseCode as preferre5_4_ 
    from
        Student student_ 
    where
        student_.studentId=?
14:18:35,499 DEBUG SQL:104 - 
    select
        enrolment_.studentId,
        enrolment_.courseCode,
        enrolment_.semester as semester3_,
        enrolment_."year" as year4_3_ 
    from
        Enrolment enrolment_ 
    where
        enrolment_.studentId=? 
        and enrolment_.courseCode=?
14:18:35,500 DEBUG SQL:104 - 
    select
        coursemeet_.courseCode,
        coursemeet_.day,
        coursemeet_.period,
        coursemeet_.location 
    from
        CourseMeeting coursemeet_ 
    where
        coursemeet_.courseCode=? 
        and coursemeet_.day=? 
        and coursemeet_.period=? 
        and coursemeet_.location=?
14:18:35,500 DEBUG SQL:104 - 
    select
        coursemeet_.courseCode,
        coursemeet_.day,
        coursemeet_.period,
        coursemeet_.location 
    from
        CourseMeeting coursemeet_ 
    where
        coursemeet_.courseCode=? 
        and coursemeet_.day=? 
        and coursemeet_.period=? 
        and coursemeet_.location=?
14:18:35,562 DEBUG BaseGeneralDataRegion:59 - Caching[foo.org.hibernate.cache.spi.UpdateTimestampsCache] : [Enrolment] -> [5579091048701952]
14:18:35,563 DEBUG SQL:104 - 
    update
        Address 
    set
        studentNumber=null,
        addressType=null 
    where
        studentNumber=?
14:18:35,563 DEBUG BaseGeneralDataRegion:59 - Caching[foo.org.hibernate.cache.spi.UpdateTimestampsCache] : [Address] -> [5579091048706048]
14:18:35,563 DEBUG SQL:104 - 
    delete 
    from
        Student_secretCodes 
    where
        studentNumber=?
14:18:35,563 DEBUG BaseGeneralDataRegion:59 - Caching[foo.org.hibernate.cache.spi.UpdateTimestampsCache] : [Student_secretCodes] -> [5579091048706049]
14:18:35,563 DEBUG BaseGeneralDataRegion:59 - Caching[foo.org.hibernate.cache.spi.UpdateTimestampsCache] : [Enrolment] -> [5579091048706050]
14:18:35,564 DEBUG BaseGeneralDataRegion:59 - Caching[foo.org.hibernate.cache.spi.UpdateTimestampsCache] : [Address] -> [5579091048710144]
14:18:35,564 DEBUG SQL:104 - 
    delete 
    from
        Student_secretCodes 
    where
        studentNumber=?
14:18:35,571 DEBUG BaseGeneralDataRegion:59 - Caching[foo.org.hibernate.cache.spi.UpdateTimestampsCache] : [Student_secretCodes] -> [5579091048738816]
14:18:35,571 DEBUG BaseGeneralDataRegion:59 - Caching[foo.org.hibernate.cache.spi.UpdateTimestampsCache] : [CourseMeeting] -> [5579091048738817]
14:18:35,571 DEBUG SQL:104 - 
    delete 
    from
        Enrolment 
    where
        studentId=? 
        and courseCode=?
14:18:35,571 DEBUG BaseGeneralDataRegion:59 - Caching[foo.org.hibernate.cache.spi.UpdateTimestampsCache] : [Enrolment] -> [5579091048738818]
14:18:35,572 DEBUG SQL:104 - 
    delete 
    from
        Address 
    where
        id=?
14:18:35,572 DEBUG BaseGeneralDataRegion:59 - Caching[foo.org.hibernate.cache.spi.UpdateTimestampsCache] : [Address] -> [5579091048742912]
14:18:35,572 DEBUG SQL:104 - 
    delete 
    from
        Address 
    where
        id=?
14:18:35,572 DEBUG BaseGeneralDataRegion:59 - Caching[foo.org.hibernate.cache.spi.UpdateTimestampsCache] : [Address] -> [5579091048742913]
14:18:35,580 DEBUG SQL:104 - 
    delete 
    from
        Student 
    where
        studentId=?
14:18:35,581 DEBUG BaseGeneralDataRegion:59 - Caching[foo.org.hibernate.cache.spi.UpdateTimestampsCache] : [Student] -> [5579091048779776]
14:18:35,581 DEBUG SQL:104 - 
    delete 
    from
        Enrolment 
    where
        studentId=? 
        and courseCode=?
14:18:35,581 DEBUG BaseGeneralDataRegion:59 - Caching[foo.org.hibernate.cache.spi.UpdateTimestampsCache] : [Enrolment] -> [5579091048779777]
14:18:35,581 DEBUG SQL:104 - 
    delete 
    from
        Student 
    where
        studentId=?
14:18:35,582 DEBUG BaseGeneralDataRegion:59 - Caching[foo.org.hibernate.cache.spi.UpdateTimestampsCache] : [Student] -> [5579091048783872]
14:18:35,582 DEBUG SQL:104 - 
    delete 
    from
        CourseMeeting 
    where
        courseCode=? 
        and day=? 
        and period=? 
        and location=?
14:18:35,592 DEBUG BaseGeneralDataRegion:59 - Caching[foo.org.hibernate.cache.spi.UpdateTimestampsCache] : [CourseMeeting] -> [5579091048824832]
14:18:35,593 DEBUG SQL:104 - 
    delete 
    from
        CourseMeeting 
    where
        courseCode=? 
        and day=? 
        and period=? 
        and location=?
14:18:35,593 DEBUG BaseGeneralDataRegion:59 - Caching[foo.org.hibernate.cache.spi.UpdateTimestampsCache] : [CourseMeeting] -> [5579091048828928]
14:18:35,593 DEBUG SQL:104 - 
    delete 
    from
        Course 
    where
        courseCode=?
14:18:35,593 DEBUG BaseGeneralDataRegion:59 - Caching[foo.org.hibernate.cache.spi.UpdateTimestampsCache] : [Course] -> [5579091048828929]
14:18:35,594 DEBUG BaseGeneralDataRegion:59 - Caching[foo.org.hibernate.cache.spi.UpdateTimestampsCache] : [Student] -> [5579090803073024]
14:18:35,594 DEBUG BaseGeneralDataRegion:59 - Caching[foo.org.hibernate.cache.spi.UpdateTimestampsCache] : [Course] -> [5579090803073024]
14:18:35,594 DEBUG BaseGeneralDataRegion:59 - Caching[foo.org.hibernate.cache.spi.UpdateTimestampsCache] : [Enrolment] -> [5579090803073024]
14:18:35,594 DEBUG BaseGeneralDataRegion:59 - Caching[foo.org.hibernate.cache.spi.UpdateTimestampsCache] : [Student_secretCodes] -> [5579090803073024]
14:18:35,594 DEBUG BaseGeneralDataRegion:59 - Caching[foo.org.hibernate.cache.spi.UpdateTimestampsCache] : [Address] -> [5579090803073024]
14:18:35,594 DEBUG BaseGeneralDataRegion:59 - Caching[foo.org.hibernate.cache.spi.UpdateTimestampsCache] : [CourseMeeting] -> [5579090803073024]
14:18:35,595 DEBUG SQL:104 - 
    select
        coursemeet_.courseCode,
        coursemeet_.day,
        coursemeet_.period,
        coursemeet_.location 
    from
        CourseMeeting coursemeet_ 
    where
        coursemeet_.courseCode=? 
        and coursemeet_.day=? 
        and coursemeet_.period=? 
        and coursemeet_.location=?
14:18:35,595 DEBUG SQL:104 - 
    select
        coursemeet_.courseCode,
        coursemeet_.day,
        coursemeet_.period,
        coursemeet_.location 
    from
        CourseMeeting coursemeet_ 
    where
        coursemeet_.courseCode=? 
        and coursemeet_.day=? 
        and coursemeet_.period=? 
        and coursemeet_.location=?
14:18:35,596 DEBUG SQL:104 - 
    insert 
    into
        Course
        (description, courseCode) 
    values
        (?, ?)
14:18:35,616 DEBUG BaseGeneralDataRegion:59 - Caching[foo.org.hibernate.cache.spi.UpdateTimestampsCache] : [Course] -> [5579091048923136]
14:18:35,617 DEBUG SQL:104 - 
    insert 
    into
        CourseMeeting
        (courseCode, day, period, location) 
    values
        (?, ?, ?, ?)
14:18:35,617 DEBUG BaseGeneralDataRegion:59 - Caching[foo.org.hibernate.cache.spi.UpdateTimestampsCache] : [CourseMeeting] -> [5579091048927232]
14:18:35,617 DEBUG SQL:104 - 
    insert 
    into
        CourseMeeting
        (courseCode, day, period, location) 
    values
        (?, ?, ?, ?)
14:18:35,617 DEBUG BaseGeneralDataRegion:59 - Caching[foo.org.hibernate.cache.spi.UpdateTimestampsCache] : [CourseMeeting] -> [5579091048927233]
14:18:35,618 DEBUG SQL:104 - 
    insert 
    into
        Student
        (name_first, name_middle, name_last, preferredCourseCode, studentId) 
    values
        (?, ?, ?, ?, ?)
14:18:35,618 DEBUG BaseGeneralDataRegion:59 - Caching[foo.org.hibernate.cache.spi.UpdateTimestampsCache] : [Student] -> [5579091048931328]
14:18:35,618 DEBUG SQL:104 - 
    insert 
    into
        Address
        (addressType, street, city, stateProvince, postalCode, country, studentNumber, id) 
    values
        (?, ?, ?, ?, ?, ?, ?, ?)
14:18:35,627 DEBUG BaseGeneralDataRegion:59 - Caching[foo.org.hibernate.cache.spi.UpdateTimestampsCache] : [Address] -> [5579091048968192]
14:18:35,627 DEBUG SQL:104 - 
    insert 
    into
        Address
        (addressType, street, city, stateProvince, postalCode, country, studentNumber, id) 
    values
        (?, ?, ?, ?, ?, ?, ?, ?)
14:18:35,627 DEBUG BaseGeneralDataRegion:59 - Caching[foo.org.hibernate.cache.spi.UpdateTimestampsCache] : [Address] -> [5579091048968193]
14:18:35,627 DEBUG SQL:104 - 
    insert 
    into
        Student
        (name_first, name_middle, name_last, preferredCourseCode, studentId) 
    values
        (?, ?, ?, ?, ?)
14:18:35,627 DEBUG BaseGeneralDataRegion:59 - Caching[foo.org.hibernate.cache.spi.UpdateTimestampsCache] : [Student] -> [5579091048968194]
14:18:35,628 DEBUG SQL:104 - 
    insert 
    into
        Enrolment
        (semester, "year", studentId, courseCode) 
    values
        (?, ?, ?, ?)
14:18:35,628 DEBUG BaseGeneralDataRegion:59 - Caching[foo.org.hibernate.cache.spi.UpdateTimestampsCache] : [Enrolment] -> [5579091048972288]
14:18:35,628 DEBUG SQL:104 - 
    insert 
    into
        Enrolment
        (semester, "year", studentId, courseCode) 
    values
        (?, ?, ?, ?)
14:18:35,628 DEBUG BaseGeneralDataRegion:59 - Caching[foo.org.hibernate.cache.spi.UpdateTimestampsCache] : [Enrolment] -> [5579091048972289]
14:18:35,628 DEBUG BaseGeneralDataRegion:59 - Caching[foo.org.hibernate.cache.spi.UpdateTimestampsCache] : [CourseMeeting] -> [5579091048972290]
14:18:35,628 DEBUG BaseGeneralDataRegion:59 - Caching[foo.org.hibernate.cache.spi.UpdateTimestampsCache] : [Enrolment] -> [5579091048972291]
14:18:35,628 DEBUG SQL:104 - 
    update
        Address 
    set
        studentNumber=?,
        addressType=? 
    where
        id=?
14:18:35,653 DEBUG SQL:104 - 
    update
        Address 
    set
        studentNumber=?,
        addressType=? 
    where
        id=?
14:18:35,654 DEBUG BaseGeneralDataRegion:59 - Caching[foo.org.hibernate.cache.spi.UpdateTimestampsCache] : [Address] -> [5579091049078784]
14:18:35,654 DEBUG SQL:104 - 
    insert 
    into
        Student_secretCodes
        (studentNumber, i, secretCode) 
    values
        (?, ?, ?)
14:18:35,654 DEBUG BaseGeneralDataRegion:59 - Caching[foo.org.hibernate.cache.spi.UpdateTimestampsCache] : [Student_secretCodes] -> [5579091049078785]
14:18:35,654 DEBUG BaseGeneralDataRegion:59 - Caching[foo.org.hibernate.cache.spi.UpdateTimestampsCache] : [Enrolment] -> [5579091049078786]
14:18:35,654 DEBUG BaseGeneralDataRegion:59 - Caching[foo.org.hibernate.cache.spi.UpdateTimestampsCache] : [Address] -> [5579091049078787]
14:18:35,654 DEBUG SQL:104 - 
    insert 
    into
        Student_secretCodes
        (studentNumber, i, secretCode) 
    values
        (?, ?, ?)
14:18:35,665 DEBUG SQL:104 - 
    insert 
    into
        Student_secretCodes
        (studentNumber, i, secretCode) 
    values
        (?, ?, ?)
14:18:35,666 DEBUG BaseGeneralDataRegion:59 - Caching[foo.org.hibernate.cache.spi.UpdateTimestampsCache] : [Student_secretCodes] -> [5579091049127936]
14:18:35,666 DEBUG BaseGeneralDataRegion:59 - Caching[foo.org.hibernate.cache.spi.UpdateTimestampsCache] : [Student] -> [5579090803367937]
14:18:35,666 DEBUG BaseGeneralDataRegion:59 - Caching[foo.org.hibernate.cache.spi.UpdateTimestampsCache] : [Course] -> [5579090803367937]
14:18:35,666 DEBUG BaseGeneralDataRegion:59 - Caching[foo.org.hibernate.cache.spi.UpdateTimestampsCache] : [Enrolment] -> [5579090803367937]
14:18:35,666 DEBUG BaseGeneralDataRegion:59 - Caching[foo.org.hibernate.cache.spi.UpdateTimestampsCache] : [Student_secretCodes] -> [5579090803367937]
14:18:35,666 DEBUG BaseGeneralDataRegion:59 - Caching[foo.org.hibernate.cache.spi.UpdateTimestampsCache] : [Address] -> [5579090803367937]
14:18:35,667 DEBUG BaseGeneralDataRegion:59 - Caching[foo.org.hibernate.cache.spi.UpdateTimestampsCache] : [CourseMeeting] -> [5579090803367937]
14:18:35,667 DEBUG QueryTranslatorImpl:265 - parse() - HQL: from org.hibernate.test.querycache.Student s left join fetch s.addresses a order by s.studentNumber
14:18:35,668 DEBUG QueryTranslatorImpl:283 - --- HQL AST ---
 \-[QUERY] Node: 'query'
    +-[SELECT_FROM] Node: 'SELECT_FROM'
    |  \-[FROM] Node: 'from'
    |     +-[RANGE] Node: 'RANGE'
    |     |  +-[DOT] Node: '.'
    |     |  |  +-[DOT] Node: '.'
    |     |  |  |  +-[DOT] Node: '.'
    |     |  |  |  |  +-[DOT] Node: '.'
    |     |  |  |  |  |  +-[IDENT] Node: 'org'
    |     |  |  |  |  |  \-[IDENT] Node: 'hibernate'
    |     |  |  |  |  \-[IDENT] Node: 'test'
    |     |  |  |  \-[IDENT] Node: 'querycache'
    |     |  |  \-[IDENT] Node: 'Student'
    |     |  \-[ALIAS] Node: 's'
    |     \-[JOIN] Node: 'join'
    |        +-[LEFT] Node: 'left'
    |        +-[FETCH] Node: 'fetch'
    |        +-[DOT] Node: '.'
    |        |  +-[IDENT] Node: 's'
    |        |  \-[IDENT] Node: 'addresses'
    |        \-[ALIAS] Node: 'a'
    \-[ORDER] Node: 'order'
       \-[DOT] Node: '.'
          +-[IDENT] Node: 's'
          \-[IDENT] Node: 'studentNumber'

14:18:35,681 DEBUG ErrorCounter:82 - throwQueryException() : no errors
14:18:35,681 DEBUG FromElement:157 - FromClause{level=1} : org.hibernate.test.querycache.Student (s) -> student0_
14:18:35,681 DEBUG FromReferenceNode:74 - Resolved : s -> student0_.studentId
14:18:35,682 DEBUG DotNode:599 - getDataType() : addresses -> org.hibernate.type.MapType(org.hibernate.test.querycache.Student.addresses)
14:18:35,682 DEBUG FromElementFactory:376 - createEntityAssociation() : One to many - path = s.addresses role = org.hibernate.test.querycache.Student.addresses associatedEntityName = org.hibernate.test.querycache.Address
14:18:35,682 DEBUG FromElement:157 - FromClause{level=1} : org.hibernate.test.querycache.Address (a) -> addresses1_
14:18:35,682 DEBUG FromClause:282 - addJoinByPathMap() : s.addresses -> FromElement{explicit,not a collection join,not a fetch join,fetch non-lazy properties,classAlias=a,role=null,tableName=Address,tableAlias=addresses1_,origin=Student student0_,columns={student0_.studentId ,className=org.hibernate.test.querycache.Address}}
14:18:35,682 DEBUG DotNode:308 - dereferenceCollection() : Created new FROM element for s.addresses : Address addresses1_
14:18:35,682 DEBUG FromReferenceNode:74 - Resolved : s.addresses -> .
14:18:35,683 DEBUG HqlSqlWalker:403 - createFromJoinElement() : -- join tree --
 \-[JOIN_FRAGMENT] FromElement: 'Address addresses1_' FromElement{explicit,not a collection join,fetch join,fetch non-lazy properties,classAlias=a,role=org.hibernate.test.querycache.Student.addresses,tableName=Address,tableAlias=addresses1_,origin=Student student0_,columns={student0_.studentId ,className=org.hibernate.test.querycache.Address}}

14:18:35,683 DEBUG FromReferenceNode:74 - Resolved : s -> student0_.studentId
14:18:35,683 DEBUG DotNode:599 - getDataType() : studentNumber -> org.hibernate.type.LongType@4bf3f9d
14:18:35,683 DEBUG FromReferenceNode:74 - Resolved : s.studentNumber -> student0_.studentId
14:18:35,692 DEBUG HqlSqlWalker:629 - processQuery() :  ( SELECT ( FromClause{level=1} ( Student student0_ Address addresses1_ ) ) ( order ( student0_.studentId student0_.studentId studentNumber ) ) )
14:18:35,692 DEBUG HqlSqlWalker:869 - Derived SELECT clause created.
14:18:35,693 DEBUG JoinProcessor:175 - Using FROM fragment [Student student0_]
14:18:35,693 DEBUG JoinProcessor:175 - Using FROM fragment [left outer join Address addresses1_ on student0_.studentId=addresses1_.studentNumber]
14:18:35,693 DEBUG QueryTranslatorImpl:252 - --- SQL AST ---
 \-[SELECT] QueryNode: 'SELECT'  querySpaces (Student,Address)
    +-[SELECT_CLAUSE] SelectClause: '{derived select clause}'
    |  +-[SELECT_EXPR] SelectExpressionImpl: 'student0_.studentId as studentId4_0_' {FromElement{explicit,not a collection join,not a fetch join,fetch non-lazy properties,classAlias=s,role=null,tableName=Student,tableAlias=student0_,origin=null,columns={,className=org.hibernate.test.querycache.Student}}}
    |  +-[SELECT_EXPR] SelectExpressionImpl: 'addresses1_.id as id0_1_' {FromElement{explicit,not a collection join,fetch join,fetch non-lazy properties,classAlias=a,role=org.hibernate.test.querycache.Student.addresses,tableName=Address,tableAlias=addresses1_,origin=Student student0_,columns={student0_.studentId ,className=org.hibernate.test.querycache.Address}}}
    |  +-[SQL_TOKEN] SqlFragment: 'student0_.name_first as name2_4_0_, student0_.name_middle as name3_4_0_, student0_.name_last as name4_4_0_, student0_.preferredCourseCode as preferre5_4_0_'
    |  +-[SQL_TOKEN] SqlFragment: 'addresses1_.addressType as addressT2_0_1_, addresses1_.street as street0_1_, addresses1_.city as city0_1_, addresses1_.stateProvince as statePro5_0_1_, addresses1_.postalCode as postalCode0_1_, addresses1_.country as country0_1_, addresses1_.studentNumber as studentN8_0_1_'
    |  \-[SQL_TOKEN] SqlFragment: 'addresses1_.studentNumber as studentN8_4_0__, addresses1_.id as id0_0__, addresses1_.addressType as addressT2_0__'
    +-[FROM] FromClause: 'from' FromClause{level=1, fromElementCounter=2, fromElements=2, fromElementByClassAlias=[s, a], fromElementByTableAlias=[student0_, addresses1_], fromElementsByPath=[s.addresses], collectionJoinFromElementsByPath=[], impliedElements=[]}
    |  \-[FROM_FRAGMENT] FromElement: 'Student student0_' FromElement{explicit,not a collection join,not a fetch join,fetch non-lazy properties,classAlias=s,role=null,tableName=Student,tableAlias=student0_,origin=null,columns={,className=org.hibernate.test.querycache.Student}}
    |     \-[JOIN_FRAGMENT] FromElement: 'left outer join Address addresses1_ on student0_.studentId=addresses1_.studentNumber' FromElement{explicit,not a collection join,fetch join,fetch non-lazy properties,classAlias=a,role=org.hibernate.test.querycache.Student.addresses,tableName=Address,tableAlias=addresses1_,origin=Student student0_,columns={student0_.studentId ,className=org.hibernate.test.querycache.Address}}
    \-[ORDER] OrderByClause: 'order'
       \-[DOT] DotNode: 'student0_.studentId' {propertyName=studentNumber,dereferenceType=ALL,propertyPath=studentNumber,path=s.studentNumber,tableAlias=student0_,className=org.hibernate.test.querycache.Student,classAlias=s}
          +-[ALIAS_REF] IdentNode: 'student0_.studentId' {alias=s, className=org.hibernate.test.querycache.Student, tableAlias=student0_}
          \-[IDENT] IdentNode: 'studentNumber' {originalText=studentNumber}

14:18:35,693 DEBUG ErrorCounter:82 - throwQueryException() : no errors
14:18:35,693 DEBUG QueryTranslatorImpl:235 - HQL: from org.hibernate.test.querycache.Student s left join fetch s.addresses a order by s.studentNumber
14:18:35,694 DEBUG QueryTranslatorImpl:236 - SQL: select student0_.studentId as studentId4_0_, addresses1_.id as id0_1_, student0_.name_first as name2_4_0_, student0_.name_middle as name3_4_0_, student0_.name_last as name4_4_0_, student0_.preferredCourseCode as preferre5_4_0_, addresses1_.addressType as addressT2_0_1_, addresses1_.street as street0_1_, addresses1_.city as city0_1_, addresses1_.stateProvince as statePro5_0_1_, addresses1_.postalCode as postalCode0_1_, addresses1_.country as country0_1_, addresses1_.studentNumber as studentN8_0_1_, addresses1_.studentNumber as studentN8_4_0__, addresses1_.id as id0_0__, addresses1_.addressType as addressT2_0__ from Student student0_ left outer join Address addresses1_ on student0_.studentId=addresses1_.studentNumber order by student0_.studentId
14:18:35,694 DEBUG ErrorCounter:82 - throwQueryException() : no errors
14:18:35,694 DEBUG BaseGeneralDataRegion:46 - Cache[foo.org.hibernate.cache.internal.StandardQueryCache] lookup : key[sql: select student0_.studentId as studentId4_0_, addresses1_.id as id0_1_, student0_.name_first as name2_4_0_, student0_.name_middle as name3_4_0_, student0_.name_last as name4_4_0_, student0_.preferredCourseCode as preferre5_4_0_, addresses1_.addressType as addressT2_0_1_, addresses1_.street as street0_1_, addresses1_.city as city0_1_, addresses1_.stateProvince as statePro5_0_1_, addresses1_.postalCode as postalCode0_1_, addresses1_.country as country0_1_, addresses1_.studentNumber as studentN8_0_1_, addresses1_.studentNumber as studentN8_4_0__, addresses1_.id as id0_0__, addresses1_.addressType as addressT2_0__ from Student student0_ left outer join Address addresses1_ on student0_.studentId=addresses1_.studentNumber order by student0_.studentId; parameters: ; named parameters: {}; transformer: org.hibernate.transform.CacheableResultTransformer@138f59]
14:18:35,694 DEBUG BaseGeneralDataRegion:52 - Cache[foo.org.hibernate.cache.internal.StandardQueryCache] hit: sql: select student0_.studentId as studentId4_0_, addresses1_.id as id0_1_, student0_.name_first as name2_4_0_, student0_.name_middle as name3_4_0_, student0_.name_last as name4_4_0_, student0_.preferredCourseCode as preferre5_4_0_, addresses1_.addressType as addressT2_0_1_, addresses1_.street as street0_1_, addresses1_.city as city0_1_, addresses1_.stateProvince as statePro5_0_1_, addresses1_.postalCode as postalCode0_1_, addresses1_.country as country0_1_, addresses1_.studentNumber as studentN8_0_1_, addresses1_.studentNumber as studentN8_4_0__, addresses1_.id as id0_0__, addresses1_.addressType as addressT2_0__ from Student student0_ left outer join Address addresses1_ on student0_.studentId=addresses1_.studentNumber order by student0_.studentId; parameters: ; named parameters: {}; transformer: org.hibernate.transform.CacheableResultTransformer@138f59
14:18:35,694 DEBUG BaseGeneralDataRegion:46 - Cache[foo.org.hibernate.cache.spi.UpdateTimestampsCache] lookup : key[Student]
14:18:35,694 DEBUG BaseGeneralDataRegion:52 - Cache[foo.org.hibernate.cache.spi.UpdateTimestampsCache] hit: Student
14:18:35,695 DEBUG SQL:104 - 
    select
        student0_.studentId as studentId4_0_,
        addresses1_.id as id0_1_,
        student0_.name_first as name2_4_0_,
        student0_.name_middle as name3_4_0_,
        student0_.name_last as name4_4_0_,
        student0_.preferredCourseCode as preferre5_4_0_,
        addresses1_.addressType as addressT2_0_1_,
        addresses1_.street as street0_1_,
        addresses1_.city as city0_1_,
        addresses1_.stateProvince as statePro5_0_1_,
        addresses1_.postalCode as postalCode0_1_,
        addresses1_.country as country0_1_,
        addresses1_.studentNumber as studentN8_0_1_,
        addresses1_.studentNumber as studentN8_4_0__,
        addresses1_.id as id0_0__,
        addresses1_.addressType as addressT2_0__ 
    from
        Student student0_ 
    left outer join
        Address addresses1_ 
            on student0_.studentId=addresses1_.studentNumber 
    order by
        student0_.studentId
14:18:35,703 DEBUG SQL:104 - 
    select
        secretcode0_.studentNumber as studentN1_4_0_,
        secretcode0_.secretCode as secretCode5_0_,
        secretcode0_.i as i0_ 
    from
        Student_secretCodes secretcode0_ 
    where
        secretcode0_.studentNumber=?
14:18:35,718 DEBUG SQL:104 - 
    select
        secretcode0_.studentNumber as studentN1_4_0_,
        secretcode0_.secretCode as secretCode5_0_,
        secretcode0_.i as i0_ 
    from
        Student_secretCodes secretcode0_ 
    where
        secretcode0_.studentNumber=?
14:18:35,719 DEBUG BaseGeneralDataRegion:59 - Caching[foo.org.hibernate.cache.internal.StandardQueryCache] : [sql: select student0_.studentId as studentId4_0_, addresses1_.id as id0_1_, student0_.name_first as name2_4_0_, student0_.name_middle as name3_4_0_, student0_.name_last as name4_4_0_, student0_.preferredCourseCode as preferre5_4_0_, addresses1_.addressType as addressT2_0_1_, addresses1_.street as street0_1_, addresses1_.city as city0_1_, addresses1_.stateProvince as statePro5_0_1_, addresses1_.postalCode as postalCode0_1_, addresses1_.country as country0_1_, addresses1_.studentNumber as studentN8_0_1_, addresses1_.studentNumber as studentN8_4_0__, addresses1_.id as id0_0__, addresses1_.addressType as addressT2_0__ from Student student0_ left outer join Address addresses1_ on student0_.studentId=addresses1_.studentNumber order by student0_.studentId; parameters: ; named parameters: {}; transformer: org.hibernate.transform.CacheableResultTransformer@138f59] -> [[5579090803585024, 111, 111, 999]]
14:18:35,720 DEBUG BaseGeneralDataRegion:46 - Cache[foo.org.hibernate.cache.internal.StandardQueryCache] lookup : key[sql: select student0_.studentId as studentId4_0_, addresses1_.id as id0_1_, student0_.name_first as name2_4_0_, student0_.name_middle as name3_4_0_, student0_.name_last as name4_4_0_, student0_.preferredCourseCode as preferre5_4_0_, addresses1_.addressType as addressT2_0_1_, addresses1_.street as street0_1_, addresses1_.city as city0_1_, addresses1_.stateProvince as statePro5_0_1_, addresses1_.postalCode as postalCode0_1_, addresses1_.country as country0_1_, addresses1_.studentNumber as studentN8_0_1_, addresses1_.studentNumber as studentN8_4_0__, addresses1_.id as id0_0__, addresses1_.addressType as addressT2_0__ from Student student0_ left outer join Address addresses1_ on student0_.studentId=addresses1_.studentNumber order by student0_.studentId; parameters: ; named parameters: {}; transformer: org.hibernate.transform.CacheableResultTransformer@138f59]
14:18:35,720 DEBUG BaseGeneralDataRegion:52 - Cache[foo.org.hibernate.cache.internal.StandardQueryCache] hit: sql: select student0_.studentId as studentId4_0_, addresses1_.id as id0_1_, student0_.name_first as name2_4_0_, student0_.name_middle as name3_4_0_, student0_.name_last as name4_4_0_, student0_.preferredCourseCode as preferre5_4_0_, addresses1_.addressType as addressT2_0_1_, addresses1_.street as street0_1_, addresses1_.city as city0_1_, addresses1_.stateProvince as statePro5_0_1_, addresses1_.postalCode as postalCode0_1_, addresses1_.country as country0_1_, addresses1_.studentNumber as studentN8_0_1_, addresses1_.studentNumber as studentN8_4_0__, addresses1_.id as id0_0__, addresses1_.addressType as addressT2_0__ from Student student0_ left outer join Address addresses1_ on student0_.studentId=addresses1_.studentNumber order by student0_.studentId; parameters: ; named parameters: {}; transformer: org.hibernate.transform.CacheableResultTransformer@138f59
14:18:35,720 DEBUG BaseGeneralDataRegion:46 - Cache[foo.org.hibernate.cache.spi.UpdateTimestampsCache] lookup : key[Student]
14:18:35,720 DEBUG BaseGeneralDataRegion:52 - Cache[foo.org.hibernate.cache.spi.UpdateTimestampsCache] hit: Student
14:18:35,720 DEBUG BaseGeneralDataRegion:46 - Cache[foo.org.hibernate.cache.spi.UpdateTimestampsCache] lookup : key[Address]
14:18:35,720 DEBUG BaseGeneralDataRegion:52 - Cache[foo.org.hibernate.cache.spi.UpdateTimestampsCache] hit: Address
14:18:35,720 DEBUG SQL:104 - 
    select
        student0_.studentId as studentId4_0_,
        student0_.name_first as name2_4_0_,
        student0_.name_middle as name3_4_0_,
        student0_.name_last as name4_4_0_,
        student0_.preferredCourseCode as preferre5_4_0_ 
    from
        Student student0_ 
    where
        student0_.studentId=?
14:18:35,721 DEBUG SQL:104 - 
    select
        secretcode0_.studentNumber as studentN1_4_0_,
        secretcode0_.secretCode as secretCode5_0_,
        secretcode0_.i as i0_ 
    from
        Student_secretCodes secretcode0_ 
    where
        secretcode0_.studentNumber=?
14:18:35,721 DEBUG SQL:104 - 
    select
        student0_.studentId as studentId4_0_,
        student0_.name_first as name2_4_0_,
        student0_.name_middle as name3_4_0_,
        student0_.name_last as name4_4_0_,
        student0_.preferredCourseCode as preferre5_4_0_ 
    from
        Student student0_ 
    where
        student0_.studentId=?
14:18:35,722 DEBUG SQL:104 - 
    select
        secretcode0_.studentNumber as studentN1_4_0_,
        secretcode0_.secretCode as secretCode5_0_,
        secretcode0_.i as i0_ 
    from
        Student_secretCodes secretcode0_ 
    where
        secretcode0_.studentNumber=?
14:18:35,722 DEBUG SQL:104 - 
    select
        student_.studentId,
        student_.name_first as name2_4_,
        student_.name_middle as name3_4_,
        student_.name_last as name4_4_,
        student_.preferredCourseCode as preferre5_4_ 
    from
        Student student_ 
    where
        student_.studentId=?
14:18:35,731 DEBUG SQL:104 - 
    select
        enrolment_.studentId,
        enrolment_.courseCode,
        enrolment_.semester as semester3_,
        enrolment_."year" as year4_3_ 
    from
        Enrolment enrolment_ 
    where
        enrolment_.studentId=? 
        and enrolment_.courseCode=?
14:18:35,732 DEBUG SQL:104 - 
    select
        course_.courseCode,
        course_.description as descript2_1_ 
    from
        Course course_ 
    where
        course_.courseCode=?
14:18:35,732 DEBUG SQL:104 - 
    select
        student_.studentId,
        student_.name_first as name2_4_,
        student_.name_middle as name3_4_,
        student_.name_last as name4_4_,
        student_.preferredCourseCode as preferre5_4_ 
    from
        Student student_ 
    where
        student_.studentId=?
14:18:35,742 DEBUG SQL:104 - 
    select
        enrolment_.studentId,
        enrolment_.courseCode,
        enrolment_.semester as semester3_,
        enrolment_."year" as year4_3_ 
    from
        Enrolment enrolment_ 
    where
        enrolment_.studentId=? 
        and enrolment_.courseCode=?
14:18:35,742 DEBUG SQL:104 - 
    select
        coursemeet_.courseCode,
        coursemeet_.day,
        coursemeet_.period,
        coursemeet_.location 
    from
        CourseMeeting coursemeet_ 
    where
        coursemeet_.courseCode=? 
        and coursemeet_.day=? 
        and coursemeet_.period=? 
        and coursemeet_.location=?
14:18:35,742 DEBUG SQL:104 - 
    select
        coursemeet_.courseCode,
        coursemeet_.day,
        coursemeet_.period,
        coursemeet_.location 
    from
        CourseMeeting coursemeet_ 
    where
        coursemeet_.courseCode=? 
        and coursemeet_.day=? 
        and coursemeet_.period=? 
        and coursemeet_.location=?
14:18:35,766 DEBUG BaseGeneralDataRegion:59 - Caching[foo.org.hibernate.cache.spi.UpdateTimestampsCache] : [Enrolment] -> [5579091049537536]
14:18:35,766 DEBUG SQL:104 - 
    update
        Address 
    set
        studentNumber=null,
        addressType=null 
    where
        studentNumber=?
14:18:35,766 DEBUG BaseGeneralDataRegion:59 - Caching[foo.org.hibernate.cache.spi.UpdateTimestampsCache] : [Address] -> [5579091049537537]
14:18:35,766 DEBUG SQL:104 - 
    delete 
    from
        Student_secretCodes 
    where
        studentNumber=?
14:18:35,767 DEBUG BaseGeneralDataRegion:59 - Caching[foo.org.hibernate.cache.spi.UpdateTimestampsCache] : [Student_secretCodes] -> [5579091049541632]
14:18:35,767 DEBUG BaseGeneralDataRegion:59 - Caching[foo.org.hibernate.cache.spi.UpdateTimestampsCache] : [Enrolment] -> [5579091049541633]
14:18:35,767 DEBUG BaseGeneralDataRegion:59 - Caching[foo.org.hibernate.cache.spi.UpdateTimestampsCache] : [Address] -> [5579091049541634]
14:18:35,767 DEBUG SQL:104 - 
    delete 
    from
        Student_secretCodes 
    where
        studentNumber=?
14:18:35,767 DEBUG BaseGeneralDataRegion:59 - Caching[foo.org.hibernate.cache.spi.UpdateTimestampsCache] : [Student_secretCodes] -> [5579091049541635]
14:18:35,767 DEBUG BaseGeneralDataRegion:59 - Caching[foo.org.hibernate.cache.spi.UpdateTimestampsCache] : [CourseMeeting] -> [5579091049541636]
14:18:35,767 DEBUG SQL:104 - 
    delete 
    from
        Enrolment 
    where
        studentId=? 
        and courseCode=?
14:18:35,775 DEBUG BaseGeneralDataRegion:59 - Caching[foo.org.hibernate.cache.spi.UpdateTimestampsCache] : [Enrolment] -> [5579091049574400]
14:18:35,775 DEBUG SQL:104 - 
    delete 
    from
        Address 
    where
        id=?
14:18:35,775 DEBUG BaseGeneralDataRegion:59 - Caching[foo.org.hibernate.cache.spi.UpdateTimestampsCache] : [Address] -> [5579091049574401]
14:18:35,775 DEBUG SQL:104 - 
    delete 
    from
        Address 
    where
        id=?
14:18:35,776 DEBUG BaseGeneralDataRegion:59 - Caching[foo.org.hibernate.cache.spi.UpdateTimestampsCache] : [Address] -> [5579091049578496]
14:18:35,776 DEBUG SQL:104 - 
    delete 
    from
        Student 
    where
        studentId=?
14:18:35,776 DEBUG BaseGeneralDataRegion:59 - Caching[foo.org.hibernate.cache.spi.UpdateTimestampsCache] : [Student] -> [5579091049578497]
14:18:35,776 DEBUG SQL:104 - 
    delete 
    from
        Enrolment 
    where
        studentId=? 
        and courseCode=?
14:18:35,785 DEBUG BaseGeneralDataRegion:59 - Caching[foo.org.hibernate.cache.spi.UpdateTimestampsCache] : [Enrolment] -> [5579091049615360]
14:18:35,786 DEBUG SQL:104 - 
    delete 
    from
        Student 
    where
        studentId=?
14:18:35,786 DEBUG BaseGeneralDataRegion:59 - Caching[foo.org.hibernate.cache.spi.UpdateTimestampsCache] : [Student] -> [5579091049619456]
14:18:35,786 DEBUG SQL:104 - 
    delete 
    from
        CourseMeeting 
    where
        courseCode=? 
        and day=? 
        and period=? 
        and location=?
14:18:35,786 DEBUG BaseGeneralDataRegion:59 - Caching[foo.org.hibernate.cache.spi.UpdateTimestampsCache] : [CourseMeeting] -> [5579091049619457]
14:18:35,786 DEBUG SQL:104 - 
    delete 
    from
        CourseMeeting 
    where
        courseCode=? 
        and day=? 
        and period=? 
        and location=?
14:18:35,796 DEBUG BaseGeneralDataRegion:59 - Caching[foo.org.hibernate.cache.spi.UpdateTimestampsCache] : [CourseMeeting] -> [5579091049660416]
14:18:35,796 DEBUG SQL:104 - 
    delete 
    from
        Course 
    where
        courseCode=?
14:18:35,796 DEBUG BaseGeneralDataRegion:59 - Caching[foo.org.hibernate.cache.spi.UpdateTimestampsCache] : [Course] -> [5579091049660417]
14:18:35,796 DEBUG BaseGeneralDataRegion:59 - Caching[foo.org.hibernate.cache.spi.UpdateTimestampsCache] : [Student] -> [5579090803900418]
14:18:35,796 DEBUG BaseGeneralDataRegion:59 - Caching[foo.org.hibernate.cache.spi.UpdateTimestampsCache] : [Course] -> [5579090803900418]
14:18:35,796 DEBUG BaseGeneralDataRegion:59 - Caching[foo.org.hibernate.cache.spi.UpdateTimestampsCache] : [Enrolment] -> [5579090803900418]
14:18:35,797 DEBUG BaseGeneralDataRegion:59 - Caching[foo.org.hibernate.cache.spi.UpdateTimestampsCache] : [Student_secretCodes] -> [5579090803900418]
14:18:35,797 DEBUG BaseGeneralDataRegion:59 - Caching[foo.org.hibernate.cache.spi.UpdateTimestampsCache] : [Address] -> [5579090803900418]
14:18:35,797 DEBUG BaseGeneralDataRegion:59 - Caching[foo.org.hibernate.cache.spi.UpdateTimestampsCache] : [CourseMeeting] -> [5579090803900418]
14:18:35,797 DEBUG SQL:104 - 
    select
        coursemeet_.courseCode,
        coursemeet_.day,
        coursemeet_.period,
        coursemeet_.location 
    from
        CourseMeeting coursemeet_ 
    where
        coursemeet_.courseCode=? 
        and coursemeet_.day=? 
        and coursemeet_.period=? 
        and coursemeet_.location=?
14:18:35,807 DEBUG SQL:104 - 
    select
        coursemeet_.courseCode,
        coursemeet_.day,
        coursemeet_.period,
        coursemeet_.location 
    from
        CourseMeeting coursemeet_ 
    where
        coursemeet_.courseCode=? 
        and coursemeet_.day=? 
        and coursemeet_.period=? 
        and coursemeet_.location=?
14:18:35,808 DEBUG SQL:104 - 
    insert 
    into
        Course
        (description, courseCode) 
    values
        (?, ?)
14:18:35,808 DEBUG BaseGeneralDataRegion:59 - Caching[foo.org.hibernate.cache.spi.UpdateTimestampsCache] : [Course] -> [5579091049709568]
14:18:35,808 DEBUG SQL:104 - 
    insert 
    into
        CourseMeeting
        (courseCode, day, period, location) 
    values
        (?, ?, ?, ?)
14:18:35,817 DEBUG BaseGeneralDataRegion:59 - Caching[foo.org.hibernate.cache.spi.UpdateTimestampsCache] : [CourseMeeting] -> [5579091049746432]
14:18:35,818 DEBUG SQL:104 - 
    insert 
    into
        CourseMeeting
        (courseCode, day, period, location) 
    values
        (?, ?, ?, ?)
14:18:35,818 DEBUG BaseGeneralDataRegion:59 - Caching[foo.org.hibernate.cache.spi.UpdateTimestampsCache] : [CourseMeeting] -> [5579091049750528]
14:18:35,818 DEBUG SQL:104 - 
    insert 
    into
        Student
        (name_first, name_middle, name_last, preferredCourseCode, studentId) 
    values
        (?, ?, ?, ?, ?)
14:18:35,818 DEBUG BaseGeneralDataRegion:59 - Caching[foo.org.hibernate.cache.spi.UpdateTimestampsCache] : [Student] -> [5579091049750529]
14:18:35,818 DEBUG SQL:104 - 
    insert 
    into
        Address
        (addressType, street, city, stateProvince, postalCode, country, studentNumber, id) 
    values
        (?, ?, ?, ?, ?, ?, ?, ?)
14:18:35,819 DEBUG BaseGeneralDataRegion:59 - Caching[foo.org.hibernate.cache.spi.UpdateTimestampsCache] : [Address] -> [5579091049754624]
14:18:35,819 DEBUG SQL:104 - 
    insert 
    into
        Address
        (addressType, street, city, stateProvince, postalCode, country, studentNumber, id) 
    values
        (?, ?, ?, ?, ?, ?, ?, ?)
14:18:35,827 DEBUG BaseGeneralDataRegion:59 - Caching[foo.org.hibernate.cache.spi.UpdateTimestampsCache] : [Address] -> [5579091049787392]
14:18:35,828 DEBUG SQL:104 - 
    insert 
    into
        Student
        (name_first, name_middle, name_last, preferredCourseCode, studentId) 
    values
        (?, ?, ?, ?, ?)
14:18:35,828 DEBUG BaseGeneralDataRegion:59 - Caching[foo.org.hibernate.cache.spi.UpdateTimestampsCache] : [Student] -> [5579091049791488]
14:18:35,828 DEBUG SQL:104 - 
    insert 
    into
        Enrolment
        (semester, "year", studentId, courseCode) 
    values
        (?, ?, ?, ?)
14:18:35,828 DEBUG BaseGeneralDataRegion:59 - Caching[foo.org.hibernate.cache.spi.UpdateTimestampsCache] : [Enrolment] -> [5579091049791489]
14:18:35,828 DEBUG SQL:104 - 
    insert 
    into
        Enrolment
        (semester, "year", studentId, courseCode) 
    values
        (?, ?, ?, ?)
14:18:35,837 DEBUG BaseGeneralDataRegion:59 - Caching[foo.org.hibernate.cache.spi.UpdateTimestampsCache] : [Enrolment] -> [5579091049828352]
14:18:35,837 DEBUG BaseGeneralDataRegion:59 - Caching[foo.org.hibernate.cache.spi.UpdateTimestampsCache] : [CourseMeeting] -> [5579091049828353]
14:18:35,837 DEBUG BaseGeneralDataRegion:59 - Caching[foo.org.hibernate.cache.spi.UpdateTimestampsCache] : [Enrolment] -> [5579091049828354]
14:18:35,837 DEBUG SQL:104 - 
    update
        Address 
    set
        studentNumber=?,
        addressType=? 
    where
        id=?
14:18:35,838 DEBUG SQL:104 - 
    update
        Address 
    set
        studentNumber=?,
        addressType=? 
    where
        id=?
14:18:35,838 DEBUG BaseGeneralDataRegion:59 - Caching[foo.org.hibernate.cache.spi.UpdateTimestampsCache] : [Address] -> [5579091049832448]
14:18:35,838 DEBUG SQL:104 - 
    insert 
    into
        Student_secretCodes
        (studentNumber, i, secretCode) 
    values
        (?, ?, ?)
14:18:35,838 DEBUG BaseGeneralDataRegion:59 - Caching[foo.org.hibernate.cache.spi.UpdateTimestampsCache] : [Student_secretCodes] -> [5579091049832449]
14:18:35,839 DEBUG BaseGeneralDataRegion:59 - Caching[foo.org.hibernate.cache.spi.UpdateTimestampsCache] : [Enrolment] -> [5579091049836544]
14:18:35,839 DEBUG BaseGeneralDataRegion:59 - Caching[foo.org.hibernate.cache.spi.UpdateTimestampsCache] : [Address] -> [5579091049836545]
14:18:35,839 DEBUG SQL:104 - 
    insert 
    into
        Student_secretCodes
        (studentNumber, i, secretCode) 
    values
        (?, ?, ?)
14:18:35,839 DEBUG SQL:104 - 
    insert 
    into
        Student_secretCodes
        (studentNumber, i, secretCode) 
    values
        (?, ?, ?)
14:18:35,839 DEBUG BaseGeneralDataRegion:59 - Caching[foo.org.hibernate.cache.spi.UpdateTimestampsCache] : [Student_secretCodes] -> [5579091049836546]
14:18:35,839 DEBUG BaseGeneralDataRegion:59 - Caching[foo.org.hibernate.cache.spi.UpdateTimestampsCache] : [Student] -> [5579090804076547]
14:18:35,839 DEBUG BaseGeneralDataRegion:59 - Caching[foo.org.hibernate.cache.spi.UpdateTimestampsCache] : [Course] -> [5579090804076547]
14:18:35,840 DEBUG BaseGeneralDataRegion:59 - Caching[foo.org.hibernate.cache.spi.UpdateTimestampsCache] : [Enrolment] -> [5579090804076547]
14:18:35,840 DEBUG BaseGeneralDataRegion:59 - Caching[foo.org.hibernate.cache.spi.UpdateTimestampsCache] : [Student_secretCodes] -> [5579090804076547]
14:18:35,840 DEBUG BaseGeneralDataRegion:59 - Caching[foo.org.hibernate.cache.spi.UpdateTimestampsCache] : [Address] -> [5579090804076547]
14:18:35,840 DEBUG BaseGeneralDataRegion:59 - Caching[foo.org.hibernate.cache.spi.UpdateTimestampsCache] : [CourseMeeting] -> [5579090804076547]
14:18:35,840 DEBUG SQL:104 - 
    select
        student_.studentId,
        student_.name_first as name2_4_,
        student_.name_middle as name3_4_,
        student_.name_last as name4_4_,
        student_.preferredCourseCode as preferre5_4_ 
    from
        Student student_ 
    where
        student_.studentId=?
14:18:35,852 DEBUG SQL:104 - 
    select
        enrolment_.studentId,
        enrolment_.courseCode,
        enrolment_.semester as semester3_,
        enrolment_."year" as year4_3_ 
    from
        Enrolment enrolment_ 
    where
        enrolment_.studentId=? 
        and enrolment_.courseCode=?
14:18:35,852 DEBUG SQL:104 - 
    select
        course_.courseCode,
        course_.description as descript2_1_ 
    from
        Course course_ 
    where
        course_.courseCode=?
14:18:35,852 DEBUG SQL:104 - 
    select
        student_.studentId,
        student_.name_first as name2_4_,
        student_.name_middle as name3_4_,
        student_.name_last as name4_4_,
        student_.preferredCourseCode as preferre5_4_ 
    from
        Student student_ 
    where
        student_.studentId=?
14:18:35,862 DEBUG SQL:104 - 
    select
        enrolment_.studentId,
        enrolment_.courseCode,
        enrolment_.semester as semester3_,
        enrolment_."year" as year4_3_ 
    from
        Enrolment enrolment_ 
    where
        enrolment_.studentId=? 
        and enrolment_.courseCode=?
14:18:35,863 DEBUG SQL:104 - 
    select
        coursemeet_.courseCode,
        coursemeet_.day,
        coursemeet_.period,
        coursemeet_.location 
    from
        CourseMeeting coursemeet_ 
    where
        coursemeet_.courseCode=? 
        and coursemeet_.day=? 
        and coursemeet_.period=? 
        and coursemeet_.location=?
14:18:35,863 DEBUG SQL:104 - 
    select
        coursemeet_.courseCode,
        coursemeet_.day,
        coursemeet_.period,
        coursemeet_.location 
    from
        CourseMeeting coursemeet_ 
    where
        coursemeet_.courseCode=? 
        and coursemeet_.day=? 
        and coursemeet_.period=? 
        and coursemeet_.location=?
14:18:35,865 DEBUG BaseGeneralDataRegion:59 - Caching[foo.org.hibernate.cache.spi.UpdateTimestampsCache] : [Enrolment] -> [5579091049943040]
14:18:35,865 DEBUG SQL:104 - 
    update
        Address 
    set
        studentNumber=null,
        addressType=null 
    where
        studentNumber=?
14:18:35,888 DEBUG BaseGeneralDataRegion:59 - Caching[foo.org.hibernate.cache.spi.UpdateTimestampsCache] : [Address] -> [5579091050033152]
14:18:35,888 DEBUG SQL:104 - 
    delete 
    from
        Student_secretCodes 
    where
        studentNumber=?
14:18:35,888 DEBUG BaseGeneralDataRegion:59 - Caching[foo.org.hibernate.cache.spi.UpdateTimestampsCache] : [Student_secretCodes] -> [5579091050037248]
14:18:35,888 DEBUG BaseGeneralDataRegion:59 - Caching[foo.org.hibernate.cache.spi.UpdateTimestampsCache] : [Enrolment] -> [5579091050037249]
14:18:35,888 DEBUG BaseGeneralDataRegion:59 - Caching[foo.org.hibernate.cache.spi.UpdateTimestampsCache] : [Address] -> [5579091050037250]
14:18:35,888 DEBUG SQL:104 - 
    delete 
    from
        Student_secretCodes 
    where
        studentNumber=?
14:18:35,889 DEBUG BaseGeneralDataRegion:59 - Caching[foo.org.hibernate.cache.spi.UpdateTimestampsCache] : [Student_secretCodes] -> [5579091050041344]
14:18:35,889 DEBUG BaseGeneralDataRegion:59 - Caching[foo.org.hibernate.cache.spi.UpdateTimestampsCache] : [CourseMeeting] -> [5579091050041345]
14:18:35,889 DEBUG SQL:104 - 
    delete 
    from
        Enrolment 
    where
        studentId=? 
        and courseCode=?
14:18:35,889 DEBUG BaseGeneralDataRegion:59 - Caching[foo.org.hibernate.cache.spi.UpdateTimestampsCache] : [Enrolment] -> [5579091050041346]
14:18:35,889 DEBUG SQL:104 - 
    delete 
    from
        Address 
    where
        id=?
14:18:35,890 DEBUG BaseGeneralDataRegion:59 - Caching[foo.org.hibernate.cache.spi.UpdateTimestampsCache] : [Address] -> [5579091050045440]
14:18:35,890 DEBUG SQL:104 - 
    delete 
    from
        Address 
    where
        id=?
14:18:35,890 DEBUG BaseGeneralDataRegion:59 - Caching[foo.org.hibernate.cache.spi.UpdateTimestampsCache] : [Address] -> [5579091050045441]
14:18:35,890 DEBUG SQL:104 - 
    delete 
    from
        Student 
    where
        studentId=?
14:18:35,890 DEBUG BaseGeneralDataRegion:59 - Caching[foo.org.hibernate.cache.spi.UpdateTimestampsCache] : [Student] -> [5579091050045442]
14:18:35,890 DEBUG SQL:104 - 
    delete 
    from
        Enrolment 
    where
        studentId=? 
        and courseCode=?
14:18:35,891 DEBUG BaseGeneralDataRegion:59 - Caching[foo.org.hibernate.cache.spi.UpdateTimestampsCache] : [Enrolment] -> [5579091050049536]
14:18:35,891 DEBUG SQL:104 - 
    delete 
    from
        Student 
    where
        studentId=?
14:18:35,891 DEBUG BaseGeneralDataRegion:59 - Caching[foo.org.hibernate.cache.spi.UpdateTimestampsCache] : [Student] -> [5579091050049537]
14:18:35,891 DEBUG SQL:104 - 
    delete 
    from
        CourseMeeting 
    where
        courseCode=? 
        and day=? 
        and period=? 
        and location=?
14:18:35,909 DEBUG BaseGeneralDataRegion:59 - Caching[foo.org.hibernate.cache.spi.UpdateTimestampsCache] : [CourseMeeting] -> [5579091050123264]
14:18:35,910 DEBUG SQL:104 - 
    delete 
    from
        CourseMeeting 
    where
        courseCode=? 
        and day=? 
        and period=? 
        and location=?
14:18:35,910 DEBUG BaseGeneralDataRegion:59 - Caching[foo.org.hibernate.cache.spi.UpdateTimestampsCache] : [CourseMeeting] -> [5579091050127360]
14:18:35,910 DEBUG SQL:104 - 
    delete 
    from
        Course 
    where
        courseCode=?
14:18:35,910 DEBUG BaseGeneralDataRegion:59 - Caching[foo.org.hibernate.cache.spi.UpdateTimestampsCache] : [Course] -> [5579091050127361]
14:18:35,910 DEBUG BaseGeneralDataRegion:59 - Caching[foo.org.hibernate.cache.spi.UpdateTimestampsCache] : [Student] -> [5579090804367362]
14:18:35,911 DEBUG BaseGeneralDataRegion:59 - Caching[foo.org.hibernate.cache.spi.UpdateTimestampsCache] : [Course] -> [5579090804367362]
14:18:35,911 DEBUG BaseGeneralDataRegion:59 - Caching[foo.org.hibernate.cache.spi.UpdateTimestampsCache] : [Enrolment] -> [5579090804367362]
14:18:35,911 DEBUG BaseGeneralDataRegion:59 - Caching[foo.org.hibernate.cache.spi.UpdateTimestampsCache] : [Student_secretCodes] -> [5579090804367362]
14:18:35,911 DEBUG BaseGeneralDataRegion:59 - Caching[foo.org.hibernate.cache.spi.UpdateTimestampsCache] : [Address] -> [5579090804367362]
14:18:35,911 DEBUG BaseGeneralDataRegion:59 - Caching[foo.org.hibernate.cache.spi.UpdateTimestampsCache] : [CourseMeeting] -> [5579090804367362]
14:18:35,911 DEBUG SQL:104 - 
    select
        coursemeet_.courseCode,
        coursemeet_.day,
        coursemeet_.period,
        coursemeet_.location 
    from
        CourseMeeting coursemeet_ 
    where
        coursemeet_.courseCode=? 
        and coursemeet_.day=? 
        and coursemeet_.period=? 
        and coursemeet_.location=?
14:18:35,920 DEBUG SQL:104 - 
    select
        coursemeet_.courseCode,
        coursemeet_.day,
        coursemeet_.period,
        coursemeet_.location 
    from
        CourseMeeting coursemeet_ 
    where
        coursemeet_.courseCode=? 
        and coursemeet_.day=? 
        and coursemeet_.period=? 
        and coursemeet_.location=?
14:18:35,921 DEBUG SQL:104 - 
    insert 
    into
        Course
        (description, courseCode) 
    values
        (?, ?)
14:18:35,921 DEBUG BaseGeneralDataRegion:59 - Caching[foo.org.hibernate.cache.spi.UpdateTimestampsCache] : [Course] -> [5579091050172416]
14:18:35,922 DEBUG SQL:104 - 
    insert 
    into
        CourseMeeting
        (courseCode, day, period, location) 
    values
        (?, ?, ?, ?)
14:18:35,940 DEBUG BaseGeneralDataRegion:59 - Caching[foo.org.hibernate.cache.spi.UpdateTimestampsCache] : [CourseMeeting] -> [5579091050250240]
14:18:35,940 DEBUG SQL:104 - 
    insert 
    into
        CourseMeeting
        (courseCode, day, period, location) 
    values
        (?, ?, ?, ?)
14:18:35,940 DEBUG BaseGeneralDataRegion:59 - Caching[foo.org.hibernate.cache.spi.UpdateTimestampsCache] : [CourseMeeting] -> [5579091050250241]
14:18:35,941 DEBUG SQL:104 - 
    insert 
    into
        Student
        (name_first, name_middle, name_last, preferredCourseCode, studentId) 
    values
        (?, ?, ?, ?, ?)
14:18:35,941 DEBUG BaseGeneralDataRegion:59 - Caching[foo.org.hibernate.cache.spi.UpdateTimestampsCache] : [Student] -> [5579091050254336]
14:18:35,941 DEBUG SQL:104 - 
    insert 
    into
        Address
        (addressType, street, city, stateProvince, postalCode, country, studentNumber, id) 
    values
        (?, ?, ?, ?, ?, ?, ?, ?)
14:18:35,941 DEBUG BaseGeneralDataRegion:59 - Caching[foo.org.hibernate.cache.spi.UpdateTimestampsCache] : [Address] -> [5579091050254337]
14:18:35,950 DEBUG SQL:104 - 
    insert 
    into
        Address
        (addressType, street, city, stateProvince, postalCode, country, studentNumber, id) 
    values
        (?, ?, ?, ?, ?, ?, ?, ?)
14:18:35,950 DEBUG BaseGeneralDataRegion:59 - Caching[foo.org.hibernate.cache.spi.UpdateTimestampsCache] : [Address] -> [5579091050291200]
14:18:35,951 DEBUG SQL:104 - 
    insert 
    into
        Student
        (name_first, name_middle, name_last, preferredCourseCode, studentId) 
    values
        (?, ?, ?, ?, ?)
14:18:35,951 DEBUG BaseGeneralDataRegion:59 - Caching[foo.org.hibernate.cache.spi.UpdateTimestampsCache] : [Student] -> [5579091050295296]
14:18:35,951 DEBUG SQL:104 - 
    insert 
    into
        Enrolment
        (semester, "year", studentId, courseCode) 
    values
        (?, ?, ?, ?)
14:18:35,951 DEBUG BaseGeneralDataRegion:59 - Caching[foo.org.hibernate.cache.spi.UpdateTimestampsCache] : [Enrolment] -> [5579091050295297]
14:18:35,951 DEBUG SQL:104 - 
    insert 
    into
        Enrolment
        (semester, "year", studentId, courseCode) 
    values
        (?, ?, ?, ?)
14:18:35,960 DEBUG BaseGeneralDataRegion:59 - Caching[foo.org.hibernate.cache.spi.UpdateTimestampsCache] : [Enrolment] -> [5579091050332160]
14:18:35,961 DEBUG BaseGeneralDataRegion:59 - Caching[foo.org.hibernate.cache.spi.UpdateTimestampsCache] : [CourseMeeting] -> [5579091050336256]
14:18:35,961 DEBUG BaseGeneralDataRegion:59 - Caching[foo.org.hibernate.cache.spi.UpdateTimestampsCache] : [Enrolment] -> [5579091050336257]
14:18:35,961 DEBUG SQL:104 - 
    update
        Address 
    set
        studentNumber=?,
        addressType=? 
    where
        id=?
14:18:35,961 DEBUG SQL:104 - 
    update
        Address 
    set
        studentNumber=?,
        addressType=? 
    where
        id=?
14:18:35,961 DEBUG BaseGeneralDataRegion:59 - Caching[foo.org.hibernate.cache.spi.UpdateTimestampsCache] : [Address] -> [5579091050336258]
14:18:35,962 DEBUG SQL:104 - 
    insert 
    into
        Student_secretCodes
        (studentNumber, i, secretCode) 
    values
        (?, ?, ?)
14:18:35,962 DEBUG BaseGeneralDataRegion:59 - Caching[foo.org.hibernate.cache.spi.UpdateTimestampsCache] : [Student_secretCodes] -> [5579091050340352]
14:18:35,962 DEBUG BaseGeneralDataRegion:59 - Caching[foo.org.hibernate.cache.spi.UpdateTimestampsCache] : [Enrolment] -> [5579091050340353]
14:18:35,962 DEBUG BaseGeneralDataRegion:59 - Caching[foo.org.hibernate.cache.spi.UpdateTimestampsCache] : [Address] -> [5579091050340354]
14:18:35,962 DEBUG SQL:104 - 
    insert 
    into
        Student_secretCodes
        (studentNumber, i, secretCode) 
    values
        (?, ?, ?)
14:18:35,962 DEBUG SQL:104 - 
    insert 
    into
        Student_secretCodes
        (studentNumber, i, secretCode) 
    values
        (?, ?, ?)
14:18:35,963 DEBUG BaseGeneralDataRegion:59 - Caching[foo.org.hibernate.cache.spi.UpdateTimestampsCache] : [Student_secretCodes] -> [5579091050344448]
14:18:35,963 DEBUG BaseGeneralDataRegion:59 - Caching[foo.org.hibernate.cache.spi.UpdateTimestampsCache] : [Student] -> [5579090804584449]
14:18:35,963 DEBUG BaseGeneralDataRegion:59 - Caching[foo.org.hibernate.cache.spi.UpdateTimestampsCache] : [Course] -> [5579090804584449]
14:18:35,963 DEBUG BaseGeneralDataRegion:59 - Caching[foo.org.hibernate.cache.spi.UpdateTimestampsCache] : [Enrolment] -> [5579090804584449]
14:18:35,963 DEBUG BaseGeneralDataRegion:59 - Caching[foo.org.hibernate.cache.spi.UpdateTimestampsCache] : [Student_secretCodes] -> [5579090804584449]
14:18:35,963 DEBUG BaseGeneralDataRegion:59 - Caching[foo.org.hibernate.cache.spi.UpdateTimestampsCache] : [Address] -> [5579090804584449]
14:18:35,963 DEBUG BaseGeneralDataRegion:59 - Caching[foo.org.hibernate.cache.spi.UpdateTimestampsCache] : [CourseMeeting] -> [5579090804584449]
14:18:35,964 DEBUG SQL:104 - 
    select
        student_.studentId,
        student_.name_first as name2_4_,
        student_.name_middle as name3_4_,
        student_.name_last as name4_4_,
        student_.preferredCourseCode as preferre5_4_ 
    from
        Student student_ 
    where
        student_.studentId=?
14:18:35,974 DEBUG SQL:104 - 
    select
        enrolment_.studentId,
        enrolment_.courseCode,
        enrolment_.semester as semester3_,
        enrolment_."year" as year4_3_ 
    from
        Enrolment enrolment_ 
    where
        enrolment_.studentId=? 
        and enrolment_.courseCode=?
14:18:35,975 DEBUG SQL:104 - 
    select
        course_.courseCode,
        course_.description as descript2_1_ 
    from
        Course course_ 
    where
        course_.courseCode=?
14:18:35,975 DEBUG SQL:104 - 
    select
        student_.studentId,
        student_.name_first as name2_4_,
        student_.name_middle as name3_4_,
        student_.name_last as name4_4_,
        student_.preferredCourseCode as preferre5_4_ 
    from
        Student student_ 
    where
        student_.studentId=?
14:18:35,985 DEBUG SQL:104 - 
    select
        enrolment_.studentId,
        enrolment_.courseCode,
        enrolment_.semester as semester3_,
        enrolment_."year" as year4_3_ 
    from
        Enrolment enrolment_ 
    where
        enrolment_.studentId=? 
        and enrolment_.courseCode=?
14:18:35,985 DEBUG SQL:104 - 
    select
        coursemeet_.courseCode,
        coursemeet_.day,
        coursemeet_.period,
        coursemeet_.location 
    from
        CourseMeeting coursemeet_ 
    where
        coursemeet_.courseCode=? 
        and coursemeet_.day=? 
        and coursemeet_.period=? 
        and coursemeet_.location=?
14:18:35,986 DEBUG SQL:104 - 
    select
        coursemeet_.courseCode,
        coursemeet_.day,
        coursemeet_.period,
        coursemeet_.location 
    from
        CourseMeeting coursemeet_ 
    where
        coursemeet_.courseCode=? 
        and coursemeet_.day=? 
        and coursemeet_.period=? 
        and coursemeet_.location=?
14:18:36,009 DEBUG BaseGeneralDataRegion:59 - Caching[foo.org.hibernate.cache.spi.UpdateTimestampsCache] : [Enrolment] -> [5579091050532864]
14:18:36,010 DEBUG SQL:104 - 
    update
        Address 
    set
        studentNumber=null,
        addressType=null 
    where
        studentNumber=?
14:18:36,010 DEBUG BaseGeneralDataRegion:59 - Caching[foo.org.hibernate.cache.spi.UpdateTimestampsCache] : [Address] -> [5579091050536960]
14:18:36,010 DEBUG SQL:104 - 
    delete 
    from
        Student_secretCodes 
    where
        studentNumber=?
14:18:36,010 DEBUG BaseGeneralDataRegion:59 - Caching[foo.org.hibernate.cache.spi.UpdateTimestampsCache] : [Student_secretCodes] -> [5579091050536961]
14:18:36,011 DEBUG BaseGeneralDataRegion:59 - Caching[foo.org.hibernate.cache.spi.UpdateTimestampsCache] : [Enrolment] -> [5579091050541056]
14:18:36,011 DEBUG BaseGeneralDataRegion:59 - Caching[foo.org.hibernate.cache.spi.UpdateTimestampsCache] : [Address] -> [5579091050541057]
14:18:36,011 DEBUG SQL:104 - 
    delete 
    from
        Student_secretCodes 
    where
        studentNumber=?
14:18:36,020 DEBUG BaseGeneralDataRegion:59 - Caching[foo.org.hibernate.cache.spi.UpdateTimestampsCache] : [Student_secretCodes] -> [5579091050577920]
14:18:36,021 DEBUG BaseGeneralDataRegion:59 - Caching[foo.org.hibernate.cache.spi.UpdateTimestampsCache] : [CourseMeeting] -> [5579091050582016]
14:18:36,021 DEBUG SQL:104 - 
    delete 
    from
        Enrolment 
    where
        studentId=? 
        and courseCode=?
14:18:36,021 DEBUG BaseGeneralDataRegion:59 - Caching[foo.org.hibernate.cache.spi.UpdateTimestampsCache] : [Enrolment] -> [5579091050582017]
14:18:36,021 DEBUG SQL:104 - 
    delete 
    from
        Address 
    where
        id=?
14:18:36,021 DEBUG BaseGeneralDataRegion:59 - Caching[foo.org.hibernate.cache.spi.UpdateTimestampsCache] : [Address] -> [5579091050582018]
14:18:36,021 DEBUG SQL:104 - 
    delete 
    from
        Address 
    where
        id=?
14:18:36,022 DEBUG BaseGeneralDataRegion:59 - Caching[foo.org.hibernate.cache.spi.UpdateTimestampsCache] : [Address] -> [5579091050586112]
14:18:36,022 DEBUG SQL:104 - 
    delete 
    from
        Student 
    where
        studentId=?
14:18:36,030 DEBUG BaseGeneralDataRegion:59 - Caching[foo.org.hibernate.cache.spi.UpdateTimestampsCache] : [Student] -> [5579091050618880]
14:18:36,031 DEBUG SQL:104 - 
    delete 
    from
        Enrolment 
    where
        studentId=? 
        and courseCode=?
14:18:36,031 DEBUG BaseGeneralDataRegion:59 - Caching[foo.org.hibernate.cache.spi.UpdateTimestampsCache] : [Enrolment] -> [5579091050622976]
14:18:36,031 DEBUG SQL:104 - 
    delete 
    from
        Student 
    where
        studentId=?
14:18:36,031 DEBUG BaseGeneralDataRegion:59 - Caching[foo.org.hibernate.cache.spi.UpdateTimestampsCache] : [Student] -> [5579091050622977]
14:18:36,032 DEBUG SQL:104 - 
    delete 
    from
        CourseMeeting 
    where
        courseCode=? 
        and day=? 
        and period=? 
        and location=?
14:18:36,032 DEBUG BaseGeneralDataRegion:59 - Caching[foo.org.hibernate.cache.spi.UpdateTimestampsCache] : [CourseMeeting] -> [5579091050627072]
14:18:36,032 DEBUG SQL:104 - 
    delete 
    from
        CourseMeeting 
    where
        courseCode=? 
        and day=? 
        and period=? 
        and location=?
14:18:36,039 DEBUG BaseGeneralDataRegion:59 - Caching[foo.org.hibernate.cache.spi.UpdateTimestampsCache] : [CourseMeeting] -> [5579091050655744]
14:18:36,040 DEBUG SQL:104 - 
    delete 
    from
        Course 
    where
        courseCode=?
14:18:36,040 DEBUG BaseGeneralDataRegion:59 - Caching[foo.org.hibernate.cache.spi.UpdateTimestampsCache] : [Course] -> [5579091050659840]
14:18:36,040 DEBUG BaseGeneralDataRegion:59 - Caching[foo.org.hibernate.cache.spi.UpdateTimestampsCache] : [Student] -> [5579090804899841]
14:18:36,040 DEBUG BaseGeneralDataRegion:59 - Caching[foo.org.hibernate.cache.spi.UpdateTimestampsCache] : [Course] -> [5579090804899841]
14:18:36,040 DEBUG BaseGeneralDataRegion:59 - Caching[foo.org.hibernate.cache.spi.UpdateTimestampsCache] : [Enrolment] -> [5579090804899841]
14:18:36,040 DEBUG BaseGeneralDataRegion:59 - Caching[foo.org.hibernate.cache.spi.UpdateTimestampsCache] : [Student_secretCodes] -> [5579090804899841]
14:18:36,040 DEBUG BaseGeneralDataRegion:59 - Caching[foo.org.hibernate.cache.spi.UpdateTimestampsCache] : [Address] -> [5579090804899841]
14:18:36,041 DEBUG BaseGeneralDataRegion:59 - Caching[foo.org.hibernate.cache.spi.UpdateTimestampsCache] : [CourseMeeting] -> [5579090804899841]
14:18:36,041 DEBUG SQL:104 - 
    select
        coursemeet_.courseCode,
        coursemeet_.day,
        coursemeet_.period,
        coursemeet_.location 
    from
        CourseMeeting coursemeet_ 
    where
        coursemeet_.courseCode=? 
        and coursemeet_.day=? 
        and coursemeet_.period=? 
        and coursemeet_.location=?
14:18:36,049 DEBUG SQL:104 - 
    select
        coursemeet_.courseCode,
        coursemeet_.day,
        coursemeet_.period,
        coursemeet_.location 
    from
        CourseMeeting coursemeet_ 
    where
        coursemeet_.courseCode=? 
        and coursemeet_.day=? 
        and coursemeet_.period=? 
        and coursemeet_.location=?
14:18:36,050 DEBUG SQL:104 - 
    insert 
    into
        Course
        (description, courseCode) 
    values
        (?, ?)
14:18:36,050 DEBUG BaseGeneralDataRegion:59 - Caching[foo.org.hibernate.cache.spi.UpdateTimestampsCache] : [Course] -> [5579091050700800]
14:18:36,051 DEBUG SQL:104 - 
    insert 
    into
        CourseMeeting
        (courseCode, day, period, location) 
    values
        (?, ?, ?, ?)
14:18:36,051 DEBUG BaseGeneralDataRegion:59 - Caching[foo.org.hibernate.cache.spi.UpdateTimestampsCache] : [CourseMeeting] -> [5579091050704896]
14:18:36,062 DEBUG SQL:104 - 
    insert 
    into
        CourseMeeting
        (courseCode, day, period, location) 
    values
        (?, ?, ?, ?)
14:18:36,063 DEBUG BaseGeneralDataRegion:59 - Caching[foo.org.hibernate.cache.spi.UpdateTimestampsCache] : [CourseMeeting] -> [5579091050749952]
14:18:36,063 DEBUG SQL:104 - 
    insert 
    into
        Student
        (name_first, name_middle, name_last, preferredCourseCode, studentId) 
    values
        (?, ?, ?, ?, ?)
14:18:36,063 DEBUG BaseGeneralDataRegion:59 - Caching[foo.org.hibernate.cache.spi.UpdateTimestampsCache] : [Student] -> [5579091050754048]
14:18:36,063 DEBUG SQL:104 - 
    insert 
    into
        Address
        (addressType, street, city, stateProvince, postalCode, country, studentNumber, id) 
    values
        (?, ?, ?, ?, ?, ?, ?, ?)
14:18:36,063 DEBUG BaseGeneralDataRegion:59 - Caching[foo.org.hibernate.cache.spi.UpdateTimestampsCache] : [Address] -> [5579091050754049]
14:18:36,063 DEBUG SQL:104 - 
    insert 
    into
        Address
        (addressType, street, city, stateProvince, postalCode, country, studentNumber, id) 
    values
        (?, ?, ?, ?, ?, ?, ?, ?)
14:18:36,073 DEBUG BaseGeneralDataRegion:59 - Caching[foo.org.hibernate.cache.spi.UpdateTimestampsCache] : [Address] -> [5579091050795008]
14:18:36,074 DEBUG SQL:104 - 
    insert 
    into
        Student
        (name_first, name_middle, name_last, preferredCourseCode, studentId) 
    values
        (?, ?, ?, ?, ?)
14:18:36,074 DEBUG BaseGeneralDataRegion:59 - Caching[foo.org.hibernate.cache.spi.UpdateTimestampsCache] : [Student] -> [5579091050799104]
14:18:36,074 DEBUG SQL:104 - 
    insert 
    into
        Enrolment
        (semester, "year", studentId, courseCode) 
    values
        (?, ?, ?, ?)
14:18:36,074 DEBUG BaseGeneralDataRegion:59 - Caching[foo.org.hibernate.cache.spi.UpdateTimestampsCache] : [Enrolment] -> [5579091050799105]
14:18:36,074 DEBUG SQL:104 - 
    insert 
    into
        Enrolment
        (semester, "year", studentId, courseCode) 
    values
        (?, ?, ?, ?)
14:18:36,075 DEBUG BaseGeneralDataRegion:59 - Caching[foo.org.hibernate.cache.spi.UpdateTimestampsCache] : [Enrolment] -> [5579091050803200]
14:18:36,075 DEBUG BaseGeneralDataRegion:59 - Caching[foo.org.hibernate.cache.spi.UpdateTimestampsCache] : [CourseMeeting] -> [5579091050803201]
14:18:36,075 DEBUG BaseGeneralDataRegion:59 - Caching[foo.org.hibernate.cache.spi.UpdateTimestampsCache] : [Enrolment] -> [5579091050803202]
14:18:36,075 DEBUG SQL:104 - 
    update
        Address 
    set
        studentNumber=?,
        addressType=? 
    where
        id=?
14:18:36,084 DEBUG SQL:104 - 
    update
        Address 
    set
        studentNumber=?,
        addressType=? 
    where
        id=?
14:18:36,084 DEBUG BaseGeneralDataRegion:59 - Caching[foo.org.hibernate.cache.spi.UpdateTimestampsCache] : [Address] -> [5579091050840064]
14:18:36,084 DEBUG SQL:104 - 
    insert 
    into
        Student_secretCodes
        (studentNumber, i, secretCode) 
    values
        (?, ?, ?)
14:18:36,084 DEBUG BaseGeneralDataRegion:59 - Caching[foo.org.hibernate.cache.spi.UpdateTimestampsCache] : [Student_secretCodes] -> [5579091050840065]
14:18:36,085 DEBUG BaseGeneralDataRegion:59 - Caching[foo.org.hibernate.cache.spi.UpdateTimestampsCache] : [Enrolment] -> [5579091050844160]
14:18:36,085 DEBUG BaseGeneralDataRegion:59 - Caching[foo.org.hibernate.cache.spi.UpdateTimestampsCache] : [Address] -> [5579091050844161]
14:18:36,085 DEBUG SQL:104 - 
    insert 
    into
        Student_secretCodes
        (studentNumber, i, secretCode) 
    values
        (?, ?, ?)
14:18:36,095 DEBUG SQL:104 - 
    insert 
    into
        Student_secretCodes
        (studentNumber, i, secretCode) 
    values
        (?, ?, ?)
14:18:36,095 DEBUG BaseGeneralDataRegion:59 - Caching[foo.org.hibernate.cache.spi.UpdateTimestampsCache] : [Student_secretCodes] -> [5579091050885120]
14:18:36,096 DEBUG BaseGeneralDataRegion:59 - Caching[foo.org.hibernate.cache.spi.UpdateTimestampsCache] : [Student] -> [5579090805129216]
14:18:36,096 DEBUG BaseGeneralDataRegion:59 - Caching[foo.org.hibernate.cache.spi.UpdateTimestampsCache] : [Course] -> [5579090805129216]
14:18:36,096 DEBUG BaseGeneralDataRegion:59 - Caching[foo.org.hibernate.cache.spi.UpdateTimestampsCache] : [Enrolment] -> [5579090805129216]
14:18:36,096 DEBUG BaseGeneralDataRegion:59 - Caching[foo.org.hibernate.cache.spi.UpdateTimestampsCache] : [Student_secretCodes] -> [5579090805129216]
14:18:36,096 DEBUG BaseGeneralDataRegion:59 - Caching[foo.org.hibernate.cache.spi.UpdateTimestampsCache] : [Address] -> [5579090805129216]
14:18:36,096 DEBUG BaseGeneralDataRegion:59 - Caching[foo.org.hibernate.cache.spi.UpdateTimestampsCache] : [CourseMeeting] -> [5579090805129216]
14:18:36,096 DEBUG SQL:104 - 
    select
        student_.studentId,
        student_.name_first as name2_4_,
        student_.name_middle as name3_4_,
        student_.name_last as name4_4_,
        student_.preferredCourseCode as preferre5_4_ 
    from
        Student student_ 
    where
        student_.studentId=?
14:18:36,097 DEBUG SQL:104 - 
    select
        enrolment_.studentId,
        enrolment_.courseCode,
        enrolment_.semester as semester3_,
        enrolment_."year" as year4_3_ 
    from
        Enrolment enrolment_ 
    where
        enrolment_.studentId=? 
        and enrolment_.courseCode=?
14:18:36,097 DEBUG SQL:104 - 
    select
        course_.courseCode,
        course_.description as descript2_1_ 
    from
        Course course_ 
    where
        course_.courseCode=?
14:18:36,097 DEBUG SQL:104 - 
    select
        student_.studentId,
        student_.name_first as name2_4_,
        student_.name_middle as name3_4_,
        student_.name_last as name4_4_,
        student_.preferredCourseCode as preferre5_4_ 
    from
        Student student_ 
    where
        student_.studentId=?
14:18:36,098 DEBUG SQL:104 - 
    select
        enrolment_.studentId,
        enrolment_.courseCode,
        enrolment_.semester as semester3_,
        enrolment_."year" as year4_3_ 
    from
        Enrolment enrolment_ 
    where
        enrolment_.studentId=? 
        and enrolment_.courseCode=?
14:18:36,107 DEBUG SQL:104 - 
    select
        coursemeet_.courseCode,
        coursemeet_.day,
        coursemeet_.period,
        coursemeet_.location 
    from
        CourseMeeting coursemeet_ 
    where
        coursemeet_.courseCode=? 
        and coursemeet_.day=? 
        and coursemeet_.period=? 
        and coursemeet_.location=?
14:18:36,108 DEBUG SQL:104 - 
    select
        coursemeet_.courseCode,
        coursemeet_.day,
        coursemeet_.period,
        coursemeet_.location 
    from
        CourseMeeting coursemeet_ 
    where
        coursemeet_.courseCode=? 
        and coursemeet_.day=? 
        and coursemeet_.period=? 
        and coursemeet_.location=?
14:18:36,117 DEBUG BaseGeneralDataRegion:59 - Caching[foo.org.hibernate.cache.spi.UpdateTimestampsCache] : [Enrolment] -> [5579091050975232]
14:18:36,118 DEBUG SQL:104 - 
    update
        Address 
    set
        studentNumber=null,
        addressType=null 
    where
        studentNumber=?
14:18:36,118 DEBUG BaseGeneralDataRegion:59 - Caching[foo.org.hibernate.cache.spi.UpdateTimestampsCache] : [Address] -> [5579091050979328]
14:18:36,118 DEBUG SQL:104 - 
    delete 
    from
        Student_secretCodes 
    where
        studentNumber=?
14:18:36,118 DEBUG BaseGeneralDataRegion:59 - Caching[foo.org.hibernate.cache.spi.UpdateTimestampsCache] : [Student_secretCodes] -> [5579091050979329]
14:18:36,118 DEBUG BaseGeneralDataRegion:59 - Caching[foo.org.hibernate.cache.spi.UpdateTimestampsCache] : [Enrolment] -> [5579091050979330]
14:18:36,118 DEBUG BaseGeneralDataRegion:59 - Caching[foo.org.hibernate.cache.spi.UpdateTimestampsCache] : [Address] -> [5579091050979331]
14:18:36,119 DEBUG SQL:104 - 
    delete 
    from
        Student_secretCodes 
    where
        studentNumber=?
14:18:36,119 DEBUG BaseGeneralDataRegion:59 - Caching[foo.org.hibernate.cache.spi.UpdateTimestampsCache] : [Student_secretCodes] -> [5579091050983424]
14:18:36,119 DEBUG BaseGeneralDataRegion:59 - Caching[foo.org.hibernate.cache.spi.UpdateTimestampsCache] : [CourseMeeting] -> [5579091050983425]
14:18:36,119 DEBUG SQL:104 - 
    delete 
    from
        Enrolment 
    where
        studentId=? 
        and courseCode=?
14:18:36,119 DEBUG BaseGeneralDataRegion:59 - Caching[foo.org.hibernate.cache.spi.UpdateTimestampsCache] : [Enrolment] -> [5579091050983426]
14:18:36,119 DEBUG SQL:104 - 
    delete 
    from
        Address 
    where
        id=?
14:18:36,140 DEBUG BaseGeneralDataRegion:59 - Caching[foo.org.hibernate.cache.spi.UpdateTimestampsCache] : [Address] -> [5579091051069440]
14:18:36,141 DEBUG SQL:104 - 
    delete 
    from
        Address 
    where
        id=?
14:18:36,141 DEBUG BaseGeneralDataRegion:59 - Caching[foo.org.hibernate.cache.spi.UpdateTimestampsCache] : [Address] -> [5579091051073536]
14:18:36,141 DEBUG SQL:104 - 
    delete 
    from
        Student 
    where
        studentId=?
14:18:36,141 DEBUG BaseGeneralDataRegion:59 - Caching[foo.org.hibernate.cache.spi.UpdateTimestampsCache] : [Student] -> [5579091051073537]
14:18:36,141 DEBUG SQL:104 - 
    delete 
    from
        Enrolment 
    where
        studentId=? 
        and courseCode=?
14:18:36,141 DEBUG BaseGeneralDataRegion:59 - Caching[foo.org.hibernate.cache.spi.UpdateTimestampsCache] : [Enrolment] -> [5579091051073538]
14:18:36,141 DEBUG SQL:104 - 
    delete 
    from
        Student 
    where
        studentId=?
14:18:36,150 DEBUG BaseGeneralDataRegion:59 - Caching[foo.org.hibernate.cache.spi.UpdateTimestampsCache] : [Student] -> [5579091051110400]
14:18:36,151 DEBUG SQL:104 - 
    delete 
    from
        CourseMeeting 
    where
        courseCode=? 
        and day=? 
        and period=? 
        and location=?
14:18:36,151 DEBUG BaseGeneralDataRegion:59 - Caching[foo.org.hibernate.cache.spi.UpdateTimestampsCache] : [CourseMeeting] -> [5579091051114496]
14:18:36,151 DEBUG SQL:104 - 
    delete 
    from
        CourseMeeting 
    where
        courseCode=? 
        and day=? 
        and period=? 
        and location=?
14:18:36,151 DEBUG BaseGeneralDataRegion:59 - Caching[foo.org.hibernate.cache.spi.UpdateTimestampsCache] : [CourseMeeting] -> [5579091051114497]
14:18:36,151 DEBUG SQL:104 - 
    delete 
    from
        Course 
    where
        courseCode=?
14:18:36,152 DEBUG BaseGeneralDataRegion:59 - Caching[foo.org.hibernate.cache.spi.UpdateTimestampsCache] : [Course] -> [5579091051118592]
14:18:36,152 DEBUG BaseGeneralDataRegion:59 - Caching[foo.org.hibernate.cache.spi.UpdateTimestampsCache] : [Student] -> [5579090805358593]
14:18:36,152 DEBUG BaseGeneralDataRegion:59 - Caching[foo.org.hibernate.cache.spi.UpdateTimestampsCache] : [Course] -> [5579090805358593]
14:18:36,161 DEBUG BaseGeneralDataRegion:59 - Caching[foo.org.hibernate.cache.spi.UpdateTimestampsCache] : [Enrolment] -> [5579090805358593]
14:18:36,161 DEBUG BaseGeneralDataRegion:59 - Caching[foo.org.hibernate.cache.spi.UpdateTimestampsCache] : [Student_secretCodes] -> [5579090805358593]
14:18:36,161 DEBUG BaseGeneralDataRegion:59 - Caching[foo.org.hibernate.cache.spi.UpdateTimestampsCache] : [Address] -> [5579090805358593]
14:18:36,161 DEBUG BaseGeneralDataRegion:59 - Caching[foo.org.hibernate.cache.spi.UpdateTimestampsCache] : [CourseMeeting] -> [5579090805358593]
14:18:36,161  INFO CustomRunner:139 - Test: testEntityWithJoinedLazyManyToOneListCriteria
14:18:36,162 DEBUG SQL:104 - 
    select
        coursemeet_.courseCode,
        coursemeet_.day,
        coursemeet_.period,
        coursemeet_.location 
    from
        CourseMeeting coursemeet_ 
    where
        coursemeet_.courseCode=? 
        and coursemeet_.day=? 
        and coursemeet_.period=? 
        and coursemeet_.location=?
14:18:36,163 DEBUG SQL:104 - 
    select
        coursemeet_.courseCode,
        coursemeet_.day,
        coursemeet_.period,
        coursemeet_.location 
    from
        CourseMeeting coursemeet_ 
    where
        coursemeet_.courseCode=? 
        and coursemeet_.day=? 
        and coursemeet_.period=? 
        and coursemeet_.location=?
14:18:36,173 DEBUG SQL:104 - 
    insert 
    into
        Course
        (description, courseCode) 
    values
        (?, ?)
14:18:36,173 DEBUG BaseGeneralDataRegion:59 - Caching[foo.org.hibernate.cache.spi.UpdateTimestampsCache] : [Course] -> [5579091051204608]
14:18:36,173 DEBUG SQL:104 - 
    insert 
    into
        CourseMeeting
        (courseCode, day, period, location) 
    values
        (?, ?, ?, ?)
14:18:36,174 DEBUG BaseGeneralDataRegion:59 - Caching[foo.org.hibernate.cache.spi.UpdateTimestampsCache] : [CourseMeeting] -> [5579091051208704]
14:18:36,174 DEBUG SQL:104 - 
    insert 
    into
        CourseMeeting
        (courseCode, day, period, location) 
    values
        (?, ?, ?, ?)
14:18:36,174 DEBUG BaseGeneralDataRegion:59 - Caching[foo.org.hibernate.cache.spi.UpdateTimestampsCache] : [CourseMeeting] -> [5579091051208705]
14:18:36,174 DEBUG SQL:104 - 
    insert 
    into
        Student
        (name_first, name_middle, name_last, preferredCourseCode, studentId) 
    values
        (?, ?, ?, ?, ?)
14:18:36,182 DEBUG BaseGeneralDataRegion:59 - Caching[foo.org.hibernate.cache.spi.UpdateTimestampsCache] : [Student] -> [5579091051241472]
14:18:36,183 DEBUG SQL:104 - 
    insert 
    into
        Address
        (addressType, street, city, stateProvince, postalCode, country, studentNumber, id) 
    values
        (?, ?, ?, ?, ?, ?, ?, ?)
14:18:36,183 DEBUG BaseGeneralDataRegion:59 - Caching[foo.org.hibernate.cache.spi.UpdateTimestampsCache] : [Address] -> [5579091051245568]
14:18:36,183 DEBUG SQL:104 - 
    insert 
    into
        Address
        (addressType, street, city, stateProvince, postalCode, country, studentNumber, id) 
    values
        (?, ?, ?, ?, ?, ?, ?, ?)
14:18:36,183 DEBUG BaseGeneralDataRegion:59 - Caching[foo.org.hibernate.cache.spi.UpdateTimestampsCache] : [Address] -> [5579091051245569]
14:18:36,183 DEBUG SQL:104 - 
    insert 
    into
        Student
        (name_first, name_middle, name_last, preferredCourseCode, studentId) 
    values
        (?, ?, ?, ?, ?)
14:18:36,183 DEBUG BaseGeneralDataRegion:59 - Caching[foo.org.hibernate.cache.spi.UpdateTimestampsCache] : [Student] -> [5579091051245570]
14:18:36,183 DEBUG SQL:104 - 
    insert 
    into
        Enrolment
        (semester, "year", studentId, courseCode) 
    values
        (?, ?, ?, ?)
14:18:36,193 DEBUG BaseGeneralDataRegion:59 - Caching[foo.org.hibernate.cache.spi.UpdateTimestampsCache] : [Enrolment] -> [5579091051286528]
14:18:36,193 DEBUG SQL:104 - 
    insert 
    into
        Enrolment
        (semester, "year", studentId, courseCode) 
    values
        (?, ?, ?, ?)
14:18:36,193 DEBUG BaseGeneralDataRegion:59 - Caching[foo.org.hibernate.cache.spi.UpdateTimestampsCache] : [Enrolment] -> [5579091051286529]
14:18:36,194 DEBUG BaseGeneralDataRegion:59 - Caching[foo.org.hibernate.cache.spi.UpdateTimestampsCache] : [CourseMeeting] -> [5579091051290624]
14:18:36,194 DEBUG BaseGeneralDataRegion:59 - Caching[foo.org.hibernate.cache.spi.UpdateTimestampsCache] : [Enrolment] -> [5579091051290625]
14:18:36,194 DEBUG SQL:104 - 
    update
        Address 
    set
        studentNumber=?,
        addressType=? 
    where
        id=?
14:18:36,194 DEBUG SQL:104 - 
    update
        Address 
    set
        studentNumber=?,
        addressType=? 
    where
        id=?
14:18:36,204 DEBUG BaseGeneralDataRegion:59 - Caching[foo.org.hibernate.cache.spi.UpdateTimestampsCache] : [Address] -> [5579091051331584]
14:18:36,204 DEBUG SQL:104 - 
    insert 
    into
        Student_secretCodes
        (studentNumber, i, secretCode) 
    values
        (?, ?, ?)
14:18:36,204 DEBUG BaseGeneralDataRegion:59 - Caching[foo.org.hibernate.cache.spi.UpdateTimestampsCache] : [Student_secretCodes] -> [5579091051331585]
14:18:36,204 DEBUG BaseGeneralDataRegion:59 - Caching[foo.org.hibernate.cache.spi.UpdateTimestampsCache] : [Enrolment] -> [5579091051331586]
14:18:36,205 DEBUG BaseGeneralDataRegion:59 - Caching[foo.org.hibernate.cache.spi.UpdateTimestampsCache] : [Address] -> [5579091051335680]
14:18:36,205 DEBUG SQL:104 - 
    insert 
    into
        Student_secretCodes
        (studentNumber, i, secretCode) 
    values
        (?, ?, ?)
14:18:36,205 DEBUG SQL:104 - 
    insert 
    into
        Student_secretCodes
        (studentNumber, i, secretCode) 
    values
        (?, ?, ?)
14:18:36,205 DEBUG BaseGeneralDataRegion:59 - Caching[foo.org.hibernate.cache.spi.UpdateTimestampsCache] : [Student_secretCodes] -> [5579091051335681]
14:18:36,205 DEBUG BaseGeneralDataRegion:59 - Caching[foo.org.hibernate.cache.spi.UpdateTimestampsCache] : [Student] -> [5579090805575682]
14:18:36,214 DEBUG BaseGeneralDataRegion:59 - Caching[foo.org.hibernate.cache.spi.UpdateTimestampsCache] : [Course] -> [5579090805575682]
14:18:36,215 DEBUG BaseGeneralDataRegion:59 - Caching[foo.org.hibernate.cache.spi.UpdateTimestampsCache] : [Enrolment] -> [5579090805575682]
14:18:36,215 DEBUG BaseGeneralDataRegion:59 - Caching[foo.org.hibernate.cache.spi.UpdateTimestampsCache] : [Student_secretCodes] -> [5579090805575682]
14:18:36,215 DEBUG BaseGeneralDataRegion:59 - Caching[foo.org.hibernate.cache.spi.UpdateTimestampsCache] : [Address] -> [5579090805575682]
14:18:36,215 DEBUG BaseGeneralDataRegion:59 - Caching[foo.org.hibernate.cache.spi.UpdateTimestampsCache] : [CourseMeeting] -> [5579090805575682]
14:18:36,215 DEBUG SQL:104 - 
    select
        student_.studentId,
        student_.name_first as name2_4_,
        student_.name_middle as name3_4_,
        student_.name_last as name4_4_,
        student_.preferredCourseCode as preferre5_4_ 
    from
        Student student_ 
    where
        student_.studentId=?
14:18:36,216 DEBUG SQL:104 - 
    select
        enrolment_.studentId,
        enrolment_.courseCode,
        enrolment_.semester as semester3_,
        enrolment_."year" as year4_3_ 
    from
        Enrolment enrolment_ 
    where
        enrolment_.studentId=? 
        and enrolment_.courseCode=?
14:18:36,216 DEBUG SQL:104 - 
    select
        course_.courseCode,
        course_.description as descript2_1_ 
    from
        Course course_ 
    where
        course_.courseCode=?
14:18:36,226 DEBUG SQL:104 - 
    select
        student_.studentId,
        student_.name_first as name2_4_,
        student_.name_middle as name3_4_,
        student_.name_last as name4_4_,
        student_.preferredCourseCode as preferre5_4_ 
    from
        Student student_ 
    where
        student_.studentId=?
14:18:36,226 DEBUG SQL:104 - 
    select
        enrolment_.studentId,
        enrolment_.courseCode,
        enrolment_.semester as semester3_,
        enrolment_."year" as year4_3_ 
    from
        Enrolment enrolment_ 
    where
        enrolment_.studentId=? 
        and enrolment_.courseCode=?
14:18:36,227 DEBUG SQL:104 - 
    select
        coursemeet_.courseCode,
        coursemeet_.day,
        coursemeet_.period,
        coursemeet_.location 
    from
        CourseMeeting coursemeet_ 
    where
        coursemeet_.courseCode=? 
        and coursemeet_.day=? 
        and coursemeet_.period=? 
        and coursemeet_.location=?
14:18:36,227 DEBUG SQL:104 - 
    select
        coursemeet_.courseCode,
        coursemeet_.day,
        coursemeet_.period,
        coursemeet_.location 
    from
        CourseMeeting coursemeet_ 
    where
        coursemeet_.courseCode=? 
        and coursemeet_.day=? 
        and coursemeet_.period=? 
        and coursemeet_.location=?
14:18:36,227 DEBUG BaseGeneralDataRegion:59 - Caching[foo.org.hibernate.cache.spi.UpdateTimestampsCache] : [Enrolment] -> [5579091051425792]
14:18:36,227 DEBUG SQL:104 - 
    update
        Address 
    set
        studentNumber=null,
        addressType=null 
    where
        studentNumber=?
14:18:36,238 DEBUG BaseGeneralDataRegion:59 - Caching[foo.org.hibernate.cache.spi.UpdateTimestampsCache] : [Address] -> [5579091051470848]
14:18:36,239 DEBUG SQL:104 - 
    delete 
    from
        Student_secretCodes 
    where
        studentNumber=?
14:18:36,239 DEBUG BaseGeneralDataRegion:59 - Caching[foo.org.hibernate.cache.spi.UpdateTimestampsCache] : [Student_secretCodes] -> [5579091051474944]
14:18:36,239 DEBUG BaseGeneralDataRegion:59 - Caching[foo.org.hibernate.cache.spi.UpdateTimestampsCache] : [Enrolment] -> [5579091051474945]
14:18:36,239 DEBUG BaseGeneralDataRegion:59 - Caching[foo.org.hibernate.cache.spi.UpdateTimestampsCache] : [Address] -> [5579091051474946]
14:18:36,239 DEBUG SQL:104 - 
    delete 
    from
        Student_secretCodes 
    where
        studentNumber=?
14:18:36,239 DEBUG BaseGeneralDataRegion:59 - Caching[foo.org.hibernate.cache.spi.UpdateTimestampsCache] : [Student_secretCodes] -> [5579091051474947]
14:18:36,239 DEBUG BaseGeneralDataRegion:59 - Caching[foo.org.hibernate.cache.spi.UpdateTimestampsCache] : [CourseMeeting] -> [5579091051474948]
14:18:36,239 DEBUG SQL:104 - 
    delete 
    from
        Enrolment 
    where
        studentId=? 
        and courseCode=?
14:18:36,240 DEBUG BaseGeneralDataRegion:59 - Caching[foo.org.hibernate.cache.spi.UpdateTimestampsCache] : [Enrolment] -> [5579091051479040]
14:18:36,240 DEBUG SQL:104 - 
    delete 
    from
        Address 
    where
        id=?
14:18:36,249 DEBUG BaseGeneralDataRegion:59 - Caching[foo.org.hibernate.cache.spi.UpdateTimestampsCache] : [Address] -> [5579091051515904]
14:18:36,249 DEBUG SQL:104 - 
    delete 
    from
        Address 
    where
        id=?
14:18:36,250 DEBUG BaseGeneralDataRegion:59 - Caching[foo.org.hibernate.cache.spi.UpdateTimestampsCache] : [Address] -> [5579091051520000]
14:18:36,250 DEBUG SQL:104 - 
    delete 
    from
        Student 
    where
        studentId=?
14:18:36,250 DEBUG BaseGeneralDataRegion:59 - Caching[foo.org.hibernate.cache.spi.UpdateTimestampsCache] : [Student] -> [5579091051520001]
14:18:36,250 DEBUG SQL:104 - 
    delete 
    from
        Enrolment 
    where
        studentId=? 
        and courseCode=?
14:18:36,250 DEBUG BaseGeneralDataRegion:59 - Caching[foo.org.hibernate.cache.spi.UpdateTimestampsCache] : [Enrolment] -> [5579091051520002]
14:18:36,250 DEBUG SQL:104 - 
    delete 
    from
        Student 
    where
        studentId=?
14:18:36,251 DEBUG BaseGeneralDataRegion:59 - Caching[foo.org.hibernate.cache.spi.UpdateTimestampsCache] : [Student] -> [5579091051524096]
14:18:36,251 DEBUG SQL:104 - 
    delete 
    from
        CourseMeeting 
    where
        courseCode=? 
        and day=? 
        and period=? 
        and location=?
14:18:36,251 DEBUG BaseGeneralDataRegion:59 - Caching[foo.org.hibernate.cache.spi.UpdateTimestampsCache] : [CourseMeeting] -> [5579091051524097]
14:18:36,251 DEBUG SQL:104 - 
    delete 
    from
        CourseMeeting 
    where
        courseCode=? 
        and day=? 
        and period=? 
        and location=?
14:18:36,270 DEBUG BaseGeneralDataRegion:59 - Caching[foo.org.hibernate.cache.spi.UpdateTimestampsCache] : [CourseMeeting] -> [5579091051601920]
14:18:36,270 DEBUG SQL:104 - 
    delete 
    from
        Course 
    where
        courseCode=?
14:18:36,270 DEBUG BaseGeneralDataRegion:59 - Caching[foo.org.hibernate.cache.spi.UpdateTimestampsCache] : [Course] -> [5579091051601921]
14:18:36,272 DEBUG BaseGeneralDataRegion:59 - Caching[foo.org.hibernate.cache.spi.UpdateTimestampsCache] : [Student] -> [5579090805850112]
14:18:36,272 DEBUG BaseGeneralDataRegion:59 - Caching[foo.org.hibernate.cache.spi.UpdateTimestampsCache] : [Course] -> [5579090805850112]
14:18:36,272 DEBUG BaseGeneralDataRegion:59 - Caching[foo.org.hibernate.cache.spi.UpdateTimestampsCache] : [Enrolment] -> [5579090805850112]
14:18:36,272 DEBUG BaseGeneralDataRegion:59 - Caching[foo.org.hibernate.cache.spi.UpdateTimestampsCache] : [Student_secretCodes] -> [5579090805850112]
14:18:36,272 DEBUG BaseGeneralDataRegion:59 - Caching[foo.org.hibernate.cache.spi.UpdateTimestampsCache] : [Address] -> [5579090805850112]
14:18:36,272 DEBUG BaseGeneralDataRegion:59 - Caching[foo.org.hibernate.cache.spi.UpdateTimestampsCache] : [CourseMeeting] -> [5579090805850112]
14:18:36,273 DEBUG SQL:104 - 
    select
        coursemeet_.courseCode,
        coursemeet_.day,
        coursemeet_.period,
        coursemeet_.location 
    from
        CourseMeeting coursemeet_ 
    where
        coursemeet_.courseCode=? 
        and coursemeet_.day=? 
        and coursemeet_.period=? 
        and coursemeet_.location=?
14:18:36,282 DEBUG SQL:104 - 
    select
        coursemeet_.courseCode,
        coursemeet_.day,
        coursemeet_.period,
        coursemeet_.location 
    from
        CourseMeeting coursemeet_ 
    where
        coursemeet_.courseCode=? 
        and coursemeet_.day=? 
        and coursemeet_.period=? 
        and coursemeet_.location=?
14:18:36,283 DEBUG SQL:104 - 
    insert 
    into
        Course
        (description, courseCode) 
    values
        (?, ?)
14:18:36,283 DEBUG BaseGeneralDataRegion:59 - Caching[foo.org.hibernate.cache.spi.UpdateTimestampsCache] : [Course] -> [5579091051655168]
14:18:36,283 DEBUG SQL:104 - 
    insert 
    into
        CourseMeeting
        (courseCode, day, period, location) 
    values
        (?, ?, ?, ?)
14:18:36,293 DEBUG BaseGeneralDataRegion:59 - Caching[foo.org.hibernate.cache.spi.UpdateTimestampsCache] : [CourseMeeting] -> [5579091051696128]
14:18:36,293 DEBUG SQL:104 - 
    insert 
    into
        CourseMeeting
        (courseCode, day, period, location) 
    values
        (?, ?, ?, ?)
14:18:36,293 DEBUG BaseGeneralDataRegion:59 - Caching[foo.org.hibernate.cache.spi.UpdateTimestampsCache] : [CourseMeeting] -> [5579091051696129]
14:18:36,293 DEBUG SQL:104 - 
    insert 
    into
        Student
        (name_first, name_middle, name_last, preferredCourseCode, studentId) 
    values
        (?, ?, ?, ?, ?)
14:18:36,293 DEBUG BaseGeneralDataRegion:59 - Caching[foo.org.hibernate.cache.spi.UpdateTimestampsCache] : [Student] -> [5579091051696130]
14:18:36,293 DEBUG SQL:104 - 
    insert 
    into
        Address
        (addressType, street, city, stateProvince, postalCode, country, studentNumber, id) 
    values
        (?, ?, ?, ?, ?, ?, ?, ?)
14:18:36,294 DEBUG BaseGeneralDataRegion:59 - Caching[foo.org.hibernate.cache.spi.UpdateTimestampsCache] : [Address] -> [5579091051700224]
14:18:36,294 DEBUG SQL:104 - 
    insert 
    into
        Address
        (addressType, street, city, stateProvince, postalCode, country, studentNumber, id) 
    values
        (?, ?, ?, ?, ?, ?, ?, ?)
14:18:36,302 DEBUG BaseGeneralDataRegion:59 - Caching[foo.org.hibernate.cache.spi.UpdateTimestampsCache] : [Address] -> [5579091051732992]
14:18:36,303 DEBUG SQL:104 - 
    insert 
    into
        Student
        (name_first, name_middle, name_last, preferredCourseCode, studentId) 
    values
        (?, ?, ?, ?, ?)
14:18:36,303 DEBUG BaseGeneralDataRegion:59 - Caching[foo.org.hibernate.cache.spi.UpdateTimestampsCache] : [Student] -> [5579091051737088]
14:18:36,303 DEBUG SQL:104 - 
    insert 
    into
        Enrolment
        (semester, "year", studentId, courseCode) 
    values
        (?, ?, ?, ?)
14:18:36,303 DEBUG BaseGeneralDataRegion:59 - Caching[foo.org.hibernate.cache.spi.UpdateTimestampsCache] : [Enrolment] -> [5579091051737089]
14:18:36,303 DEBUG SQL:104 - 
    insert 
    into
        Enrolment
        (semester, "year", studentId, courseCode) 
    values
        (?, ?, ?, ?)
14:18:36,304 DEBUG BaseGeneralDataRegion:59 - Caching[foo.org.hibernate.cache.spi.UpdateTimestampsCache] : [Enrolment] -> [5579091051741184]
14:18:36,304 DEBUG BaseGeneralDataRegion:59 - Caching[foo.org.hibernate.cache.spi.UpdateTimestampsCache] : [CourseMeeting] -> [5579091051741185]
14:18:36,313 DEBUG BaseGeneralDataRegion:59 - Caching[foo.org.hibernate.cache.spi.UpdateTimestampsCache] : [Enrolment] -> [5579091051778048]
14:18:36,313 DEBUG SQL:104 - 
    update
        Address 
    set
        studentNumber=?,
        addressType=? 
    where
        id=?
14:18:36,313 DEBUG SQL:104 - 
    update
        Address 
    set
        studentNumber=?,
        addressType=? 
    where
        id=?
14:18:36,313 DEBUG BaseGeneralDataRegion:59 - Caching[foo.org.hibernate.cache.spi.UpdateTimestampsCache] : [Address] -> [5579091051778049]
14:18:36,313 DEBUG SQL:104 - 
    insert 
    into
        Student_secretCodes
        (studentNumber, i, secretCode) 
    values
        (?, ?, ?)
14:18:36,314 DEBUG BaseGeneralDataRegion:59 - Caching[foo.org.hibernate.cache.spi.UpdateTimestampsCache] : [Student_secretCodes] -> [5579091051782144]
14:18:36,314 DEBUG BaseGeneralDataRegion:59 - Caching[foo.org.hibernate.cache.spi.UpdateTimestampsCache] : [Enrolment] -> [5579091051782145]
14:18:36,314 DEBUG BaseGeneralDataRegion:59 - Caching[foo.org.hibernate.cache.spi.UpdateTimestampsCache] : [Address] -> [5579091051782146]
14:18:36,314 DEBUG SQL:104 - 
    insert 
    into
        Student_secretCodes
        (studentNumber, i, secretCode) 
    values
        (?, ?, ?)
14:18:36,323 DEBUG SQL:104 - 
    insert 
    into
        Student_secretCodes
        (studentNumber, i, secretCode) 
    values
        (?, ?, ?)
14:18:36,324 DEBUG BaseGeneralDataRegion:59 - Caching[foo.org.hibernate.cache.spi.UpdateTimestampsCache] : [Student_secretCodes] -> [5579091051819008]
14:18:36,324 DEBUG BaseGeneralDataRegion:59 - Caching[foo.org.hibernate.cache.spi.UpdateTimestampsCache] : [Student] -> [5579090806063104]
14:18:36,324 DEBUG BaseGeneralDataRegion:59 - Caching[foo.org.hibernate.cache.spi.UpdateTimestampsCache] : [Course] -> [5579090806063104]
14:18:36,324 DEBUG BaseGeneralDataRegion:59 - Caching[foo.org.hibernate.cache.spi.UpdateTimestampsCache] : [Enrolment] -> [5579090806063104]
14:18:36,324 DEBUG BaseGeneralDataRegion:59 - Caching[foo.org.hibernate.cache.spi.UpdateTimestampsCache] : [Student_secretCodes] -> [5579090806063104]
14:18:36,324 DEBUG BaseGeneralDataRegion:59 - Caching[foo.org.hibernate.cache.spi.UpdateTimestampsCache] : [Address] -> [5579090806063104]
14:18:36,324 DEBUG BaseGeneralDataRegion:59 - Caching[foo.org.hibernate.cache.spi.UpdateTimestampsCache] : [CourseMeeting] -> [5579090806063104]
14:18:36,324 DEBUG SQL:104 - 
    select
        student_.studentId,
        student_.name_first as name2_4_,
        student_.name_middle as name3_4_,
        student_.name_last as name4_4_,
        student_.preferredCourseCode as preferre5_4_ 
    from
        Student student_ 
    where
        student_.studentId=?
14:18:36,335 DEBUG SQL:104 - 
    select
        enrolment_.studentId,
        enrolment_.courseCode,
        enrolment_.semester as semester3_,
        enrolment_."year" as year4_3_ 
    from
        Enrolment enrolment_ 
    where
        enrolment_.studentId=? 
        and enrolment_.courseCode=?
14:18:36,335 DEBUG SQL:104 - 
    select
        course_.courseCode,
        course_.description as descript2_1_ 
    from
        Course course_ 
    where
        course_.courseCode=?
14:18:36,336 DEBUG SQL:104 - 
    select
        student_.studentId,
        student_.name_first as name2_4_,
        student_.name_middle as name3_4_,
        student_.name_last as name4_4_,
        student_.preferredCourseCode as preferre5_4_ 
    from
        Student student_ 
    where
        student_.studentId=?
14:18:36,336 DEBUG SQL:104 - 
    select
        enrolment_.studentId,
        enrolment_.courseCode,
        enrolment_.semester as semester3_,
        enrolment_."year" as year4_3_ 
    from
        Enrolment enrolment_ 
    where
        enrolment_.studentId=? 
        and enrolment_.courseCode=?
14:18:36,336 DEBUG SQL:104 - 
    select
        coursemeet_.courseCode,
        coursemeet_.day,
        coursemeet_.period,
        coursemeet_.location 
    from
        CourseMeeting coursemeet_ 
    where
        coursemeet_.courseCode=? 
        and coursemeet_.day=? 
        and coursemeet_.period=? 
        and coursemeet_.location=?
14:18:36,337 DEBUG SQL:104 - 
    select
        coursemeet_.courseCode,
        coursemeet_.day,
        coursemeet_.period,
        coursemeet_.location 
    from
        CourseMeeting coursemeet_ 
    where
        coursemeet_.courseCode=? 
        and coursemeet_.day=? 
        and coursemeet_.period=? 
        and coursemeet_.location=?
14:18:36,337 DEBUG BaseGeneralDataRegion:59 - Caching[foo.org.hibernate.cache.spi.UpdateTimestampsCache] : [Enrolment] -> [5579091051876352]
14:18:36,337 DEBUG SQL:104 - 
    update
        Address 
    set
        studentNumber=null,
        addressType=null 
    where
        studentNumber=?
14:18:36,348 DEBUG BaseGeneralDataRegion:59 - Caching[foo.org.hibernate.cache.spi.UpdateTimestampsCache] : [Address] -> [5579091051921408]
14:18:36,348 DEBUG SQL:104 - 
    delete 
    from
        Student_secretCodes 
    where
        studentNumber=?
14:18:36,348 DEBUG BaseGeneralDataRegion:59 - Caching[foo.org.hibernate.cache.spi.UpdateTimestampsCache] : [Student_secretCodes] -> [5579091051921409]
14:18:36,348 DEBUG BaseGeneralDataRegion:59 - Caching[foo.org.hibernate.cache.spi.UpdateTimestampsCache] : [Enrolment] -> [5579091051921410]
14:18:36,348 DEBUG BaseGeneralDataRegion:59 - Caching[foo.org.hibernate.cache.spi.UpdateTimestampsCache] : [Address] -> [5579091051921411]
14:18:36,349 DEBUG SQL:104 - 
    delete 
    from
        Student_secretCodes 
    where
        studentNumber=?
14:18:36,349 DEBUG BaseGeneralDataRegion:59 - Caching[foo.org.hibernate.cache.spi.UpdateTimestampsCache] : [Student_secretCodes] -> [5579091051925504]
14:18:36,349 DEBUG BaseGeneralDataRegion:59 - Caching[foo.org.hibernate.cache.spi.UpdateTimestampsCache] : [CourseMeeting] -> [5579091051925505]
14:18:36,349 DEBUG SQL:104 - 
    delete 
    from
        Enrolment 
    where
        studentId=? 
        and courseCode=?
14:18:36,349 DEBUG BaseGeneralDataRegion:59 - Caching[foo.org.hibernate.cache.spi.UpdateTimestampsCache] : [Enrolment] -> [5579091051925506]
14:18:36,349 DEBUG SQL:104 - 
    delete 
    from
        Address 
    where
        id=?
14:18:36,360 DEBUG BaseGeneralDataRegion:59 - Caching[foo.org.hibernate.cache.spi.UpdateTimestampsCache] : [Address] -> [5579091051970560]
14:18:36,360 DEBUG SQL:104 - 
    delete 
    from
        Address 
    where
        id=?
14:18:36,361 DEBUG BaseGeneralDataRegion:59 - Caching[foo.org.hibernate.cache.spi.UpdateTimestampsCache] : [Address] -> [5579091051974656]
14:18:36,361 DEBUG SQL:104 - 
    delete 
    from
        Student 
    where
        studentId=?
14:18:36,361 DEBUG BaseGeneralDataRegion:59 - Caching[foo.org.hibernate.cache.spi.UpdateTimestampsCache] : [Student] -> [5579091051974657]
14:18:36,361 DEBUG SQL:104 - 
    delete 
    from
        Enrolment 
    where
        studentId=? 
        and courseCode=?
14:18:36,361 DEBUG BaseGeneralDataRegion:59 - Caching[foo.org.hibernate.cache.spi.UpdateTimestampsCache] : [Enrolment] -> [5579091051974658]
14:18:36,361 DEBUG SQL:104 - 
    delete 
    from
        Student 
    where
        studentId=?
14:18:36,372 DEBUG BaseGeneralDataRegion:59 - Caching[foo.org.hibernate.cache.spi.UpdateTimestampsCache] : [Student] -> [5579091052019712]
14:18:36,372 DEBUG SQL:104 - 
    delete 
    from
        CourseMeeting 
    where
        courseCode=? 
        and day=? 
        and period=? 
        and location=?
14:18:36,372 DEBUG BaseGeneralDataRegion:59 - Caching[foo.org.hibernate.cache.spi.UpdateTimestampsCache] : [CourseMeeting] -> [5579091052019713]
14:18:36,372 DEBUG SQL:104 - 
    delete 
    from
        CourseMeeting 
    where
        courseCode=? 
        and day=? 
        and period=? 
        and location=?
14:18:36,372 DEBUG BaseGeneralDataRegion:59 - Caching[foo.org.hibernate.cache.spi.UpdateTimestampsCache] : [CourseMeeting] -> [5579091052019714]
14:18:36,372 DEBUG SQL:104 - 
    delete 
    from
        Course 
    where
        courseCode=?
14:18:36,373 DEBUG BaseGeneralDataRegion:59 - Caching[foo.org.hibernate.cache.spi.UpdateTimestampsCache] : [Course] -> [5579091052023808]
14:18:36,373 DEBUG BaseGeneralDataRegion:59 - Caching[foo.org.hibernate.cache.spi.UpdateTimestampsCache] : [Student] -> [5579090806263809]
14:18:36,373 DEBUG BaseGeneralDataRegion:59 - Caching[foo.org.hibernate.cache.spi.UpdateTimestampsCache] : [Course] -> [5579090806263809]
14:18:36,373 DEBUG BaseGeneralDataRegion:59 - Caching[foo.org.hibernate.cache.spi.UpdateTimestampsCache] : [Enrolment] -> [5579090806263809]
14:18:36,373 DEBUG BaseGeneralDataRegion:59 - Caching[foo.org.hibernate.cache.spi.UpdateTimestampsCache] : [Student_secretCodes] -> [5579090806263809]
14:18:36,373 DEBUG BaseGeneralDataRegion:59 - Caching[foo.org.hibernate.cache.spi.UpdateTimestampsCache] : [Address] -> [5579090806263809]
14:18:36,373 DEBUG BaseGeneralDataRegion:59 - Caching[foo.org.hibernate.cache.spi.UpdateTimestampsCache] : [CourseMeeting] -> [5579090806263809]
14:18:36,374 DEBUG SQL:104 - 
    select
        coursemeet_.courseCode,
        coursemeet_.day,
        coursemeet_.period,
        coursemeet_.location 
    from
        CourseMeeting coursemeet_ 
    where
        coursemeet_.courseCode=? 
        and coursemeet_.day=? 
        and coursemeet_.period=? 
        and coursemeet_.location=?
14:18:36,393 DEBUG SQL:104 - 
    select
        coursemeet_.courseCode,
        coursemeet_.day,
        coursemeet_.period,
        coursemeet_.location 
    from
        CourseMeeting coursemeet_ 
    where
        coursemeet_.courseCode=? 
        and coursemeet_.day=? 
        and coursemeet_.period=? 
        and coursemeet_.location=?
14:18:36,394 DEBUG SQL:104 - 
    insert 
    into
        Course
        (description, courseCode) 
    values
        (?, ?)
14:18:36,394 DEBUG BaseGeneralDataRegion:59 - Caching[foo.org.hibernate.cache.spi.UpdateTimestampsCache] : [Course] -> [5579091052109824]
14:18:36,394 DEBUG SQL:104 - 
    insert 
    into
        CourseMeeting
        (courseCode, day, period, location) 
    values
        (?, ?, ?, ?)
14:18:36,404 DEBUG BaseGeneralDataRegion:59 - Caching[foo.org.hibernate.cache.spi.UpdateTimestampsCache] : [CourseMeeting] -> [5579091052150784]
14:18:36,404 DEBUG SQL:104 - 
    insert 
    into
        CourseMeeting
        (courseCode, day, period, location) 
    values
        (?, ?, ?, ?)
14:18:36,404 DEBUG BaseGeneralDataRegion:59 - Caching[foo.org.hibernate.cache.spi.UpdateTimestampsCache] : [CourseMeeting] -> [5579091052150785]
14:18:36,404 DEBUG SQL:104 - 
    insert 
    into
        Student
        (name_first, name_middle, name_last, preferredCourseCode, studentId) 
    values
        (?, ?, ?, ?, ?)
14:18:36,405 DEBUG BaseGeneralDataRegion:59 - Caching[foo.org.hibernate.cache.spi.UpdateTimestampsCache] : [Student] -> [5579091052154880]
14:18:36,405 DEBUG SQL:104 - 
    insert 
    into
        Address
        (addressType, street, city, stateProvince, postalCode, country, studentNumber, id) 
    values
        (?, ?, ?, ?, ?, ?, ?, ?)
14:18:36,405 DEBUG BaseGeneralDataRegion:59 - Caching[foo.org.hibernate.cache.spi.UpdateTimestampsCache] : [Address] -> [5579091052154881]
14:18:36,405 DEBUG SQL:104 - 
    insert 
    into
        Address
        (addressType, street, city, stateProvince, postalCode, country, studentNumber, id) 
    values
        (?, ?, ?, ?, ?, ?, ?, ?)
14:18:36,417 DEBUG BaseGeneralDataRegion:59 - Caching[foo.org.hibernate.cache.spi.UpdateTimestampsCache] : [Address] -> [5579091052204032]
14:18:36,417 DEBUG SQL:104 - 
    insert 
    into
        Student
        (name_first, name_middle, name_last, preferredCourseCode, studentId) 
    values
        (?, ?, ?, ?, ?)
14:18:36,417 DEBUG BaseGeneralDataRegion:59 - Caching[foo.org.hibernate.cache.spi.UpdateTimestampsCache] : [Student] -> [5579091052204033]
14:18:36,418 DEBUG SQL:104 - 
    insert 
    into
        Enrolment
        (semester, "year", studentId, courseCode) 
    values
        (?, ?, ?, ?)
14:18:36,418 DEBUG BaseGeneralDataRegion:59 - Caching[foo.org.hibernate.cache.spi.UpdateTimestampsCache] : [Enrolment] -> [5579091052208128]
14:18:36,418 DEBUG SQL:104 - 
    insert 
    into
        Enrolment
        (semester, "year", studentId, courseCode) 
    values
        (?, ?, ?, ?)
14:18:36,426 DEBUG BaseGeneralDataRegion:59 - Caching[foo.org.hibernate.cache.spi.UpdateTimestampsCache] : [Enrolment] -> [5579091052240896]
14:18:36,426 DEBUG BaseGeneralDataRegion:59 - Caching[foo.org.hibernate.cache.spi.UpdateTimestampsCache] : [CourseMeeting] -> [5579091052240897]
14:18:36,427 DEBUG BaseGeneralDataRegion:59 - Caching[foo.org.hibernate.cache.spi.UpdateTimestampsCache] : [Enrolment] -> [5579091052244992]
14:18:36,427 DEBUG SQL:104 - 
    update
        Address 
    set
        studentNumber=?,
        addressType=? 
    where
        id=?
14:18:36,427 DEBUG SQL:104 - 
    update
        Address 
    set
        studentNumber=?,
        addressType=? 
    where
        id=?
14:18:36,427 DEBUG BaseGeneralDataRegion:59 - Caching[foo.org.hibernate.cache.spi.UpdateTimestampsCache] : [Address] -> [5579091052244993]
14:18:36,427 DEBUG SQL:104 - 
    insert 
    into
        Student_secretCodes
        (studentNumber, i, secretCode) 
    values
        (?, ?, ?)
14:18:36,427 DEBUG BaseGeneralDataRegion:59 - Caching[foo.org.hibernate.cache.spi.UpdateTimestampsCache] : [Student_secretCodes] -> [5579091052244994]
14:18:36,428 DEBUG BaseGeneralDataRegion:59 - Caching[foo.org.hibernate.cache.spi.UpdateTimestampsCache] : [Enrolment] -> [5579091052249088]
14:18:36,428 DEBUG BaseGeneralDataRegion:59 - Caching[foo.org.hibernate.cache.spi.UpdateTimestampsCache] : [Address] -> [5579091052249089]
14:18:36,437 DEBUG SQL:104 - 
    insert 
    into
        Student_secretCodes
        (studentNumber, i, secretCode) 
    values
        (?, ?, ?)
14:18:36,437 DEBUG SQL:104 - 
    insert 
    into
        Student_secretCodes
        (studentNumber, i, secretCode) 
    values
        (?, ?, ?)
14:18:36,437 DEBUG BaseGeneralDataRegion:59 - Caching[foo.org.hibernate.cache.spi.UpdateTimestampsCache] : [Student_secretCodes] -> [5579091052285952]
14:18:36,437 DEBUG BaseGeneralDataRegion:59 - Caching[foo.org.hibernate.cache.spi.UpdateTimestampsCache] : [Student] -> [5579090806525953]
14:18:36,437 DEBUG BaseGeneralDataRegion:59 - Caching[foo.org.hibernate.cache.spi.UpdateTimestampsCache] : [Course] -> [5579090806525953]
14:18:36,438 DEBUG BaseGeneralDataRegion:59 - Caching[foo.org.hibernate.cache.spi.UpdateTimestampsCache] : [Enrolment] -> [5579090806525953]
14:18:36,438 DEBUG BaseGeneralDataRegion:59 - Caching[foo.org.hibernate.cache.spi.UpdateTimestampsCache] : [Student_secretCodes] -> [5579090806525953]
14:18:36,438 DEBUG BaseGeneralDataRegion:59 - Caching[foo.org.hibernate.cache.spi.UpdateTimestampsCache] : [Address] -> [5579090806525953]
14:18:36,438 DEBUG BaseGeneralDataRegion:59 - Caching[foo.org.hibernate.cache.spi.UpdateTimestampsCache] : [CourseMeeting] -> [5579090806525953]
14:18:36,438 DEBUG SQL:104 - 
    select
        student_.studentId,
        student_.name_first as name2_4_,
        student_.name_middle as name3_4_,
        student_.name_last as name4_4_,
        student_.preferredCourseCode as preferre5_4_ 
    from
        Student student_ 
    where
        student_.studentId=?
14:18:36,447 DEBUG SQL:104 - 
    select
        enrolment_.studentId,
        enrolment_.courseCode,
        enrolment_.semester as semester3_,
        enrolment_."year" as year4_3_ 
    from
        Enrolment enrolment_ 
    where
        enrolment_.studentId=? 
        and enrolment_.courseCode=?
14:18:36,448 DEBUG SQL:104 - 
    select
        course_.courseCode,
        course_.description as descript2_1_ 
    from
        Course course_ 
    where
        course_.courseCode=?
14:18:36,448 DEBUG SQL:104 - 
    select
        student_.studentId,
        student_.name_first as name2_4_,
        student_.name_middle as name3_4_,
        student_.name_last as name4_4_,
        student_.preferredCourseCode as preferre5_4_ 
    from
        Student student_ 
    where
        student_.studentId=?
14:18:36,456 DEBUG SQL:104 - 
    select
        enrolment_.studentId,
        enrolment_.courseCode,
        enrolment_.semester as semester3_,
        enrolment_."year" as year4_3_ 
    from
        Enrolment enrolment_ 
    where
        enrolment_.studentId=? 
        and enrolment_.courseCode=?
14:18:36,457 DEBUG SQL:104 - 
    select
        coursemeet_.courseCode,
        coursemeet_.day,
        coursemeet_.period,
        coursemeet_.location 
    from
        CourseMeeting coursemeet_ 
    where
        coursemeet_.courseCode=? 
        and coursemeet_.day=? 
        and coursemeet_.period=? 
        and coursemeet_.location=?
14:18:36,457 DEBUG SQL:104 - 
    select
        coursemeet_.courseCode,
        coursemeet_.day,
        coursemeet_.period,
        coursemeet_.location 
    from
        CourseMeeting coursemeet_ 
    where
        coursemeet_.courseCode=? 
        and coursemeet_.day=? 
        and coursemeet_.period=? 
        and coursemeet_.location=?
14:18:36,467 DEBUG BaseGeneralDataRegion:59 - Caching[foo.org.hibernate.cache.spi.UpdateTimestampsCache] : [Enrolment] -> [5579091052408832]
14:18:36,467 DEBUG SQL:104 - 
    update
        Address 
    set
        studentNumber=null,
        addressType=null 
    where
        studentNumber=?
14:18:36,468 DEBUG BaseGeneralDataRegion:59 - Caching[foo.org.hibernate.cache.spi.UpdateTimestampsCache] : [Address] -> [5579091052412928]
14:18:36,468 DEBUG SQL:104 - 
    delete 
    from
        Student_secretCodes 
    where
        studentNumber=?
14:18:36,468 DEBUG BaseGeneralDataRegion:59 - Caching[foo.org.hibernate.cache.spi.UpdateTimestampsCache] : [Student_secretCodes] -> [5579091052412929]
14:18:36,468 DEBUG BaseGeneralDataRegion:59 - Caching[foo.org.hibernate.cache.spi.UpdateTimestampsCache] : [Enrolment] -> [5579091052412930]
14:18:36,468 DEBUG BaseGeneralDataRegion:59 - Caching[foo.org.hibernate.cache.spi.UpdateTimestampsCache] : [Address] -> [5579091052412931]
14:18:36,468 DEBUG SQL:104 - 
    delete 
    from
        Student_secretCodes 
    where
        studentNumber=?
14:18:36,478 DEBUG BaseGeneralDataRegion:59 - Caching[foo.org.hibernate.cache.spi.UpdateTimestampsCache] : [Student_secretCodes] -> [5579091052453888]
14:18:36,478 DEBUG BaseGeneralDataRegion:59 - Caching[foo.org.hibernate.cache.spi.UpdateTimestampsCache] : [CourseMeeting] -> [5579091052453889]
14:18:36,478 DEBUG SQL:104 - 
    delete 
    from
        Enrolment 
    where
        studentId=? 
        and courseCode=?
14:18:36,478 DEBUG BaseGeneralDataRegion:59 - Caching[foo.org.hibernate.cache.spi.UpdateTimestampsCache] : [Enrolment] -> [5579091052453890]
14:18:36,478 DEBUG SQL:104 - 
    delete 
    from
        Address 
    where
        id=?
14:18:36,479 DEBUG BaseGeneralDataRegion:59 - Caching[foo.org.hibernate.cache.spi.UpdateTimestampsCache] : [Address] -> [5579091052457984]
14:18:36,479 DEBUG SQL:104 - 
    delete 
    from
        Address 
    where
        id=?
14:18:36,479 DEBUG BaseGeneralDataRegion:59 - Caching[foo.org.hibernate.cache.spi.UpdateTimestampsCache] : [Address] -> [5579091052457985]
14:18:36,479 DEBUG SQL:104 - 
    delete 
    from
        Student 
    where
        studentId=?
14:18:36,479 DEBUG BaseGeneralDataRegion:59 - Caching[foo.org.hibernate.cache.spi.UpdateTimestampsCache] : [Student] -> [5579091052457986]
14:18:36,479 DEBUG SQL:104 - 
    delete 
    from
        Enrolment 
    where
        studentId=? 
        and courseCode=?
14:18:36,479 DEBUG BaseGeneralDataRegion:59 - Caching[foo.org.hibernate.cache.spi.UpdateTimestampsCache] : [Enrolment] -> [5579091052457987]
14:18:36,480 DEBUG SQL:104 - 
    delete 
    from
        Student 
    where
        studentId=?
14:18:36,480 DEBUG BaseGeneralDataRegion:59 - Caching[foo.org.hibernate.cache.spi.UpdateTimestampsCache] : [Student] -> [5579091052462080]
14:18:36,480 DEBUG SQL:104 - 
    delete 
    from
        CourseMeeting 
    where
        courseCode=? 
        and day=? 
        and period=? 
        and location=?
14:18:36,491 DEBUG BaseGeneralDataRegion:59 - Caching[foo.org.hibernate.cache.spi.UpdateTimestampsCache] : [CourseMeeting] -> [5579091052507136]
14:18:36,492 DEBUG SQL:104 - 
    delete 
    from
        CourseMeeting 
    where
        courseCode=? 
        and day=? 
        and period=? 
        and location=?
14:18:36,492 DEBUG BaseGeneralDataRegion:59 - Caching[foo.org.hibernate.cache.spi.UpdateTimestampsCache] : [CourseMeeting] -> [5579091052511232]
14:18:36,492 DEBUG SQL:104 - 
    delete 
    from
        Course 
    where
        courseCode=?
14:18:36,492 DEBUG BaseGeneralDataRegion:59 - Caching[foo.org.hibernate.cache.spi.UpdateTimestampsCache] : [Course] -> [5579091052511233]
14:18:36,493 DEBUG BaseGeneralDataRegion:59 - Caching[foo.org.hibernate.cache.spi.UpdateTimestampsCache] : [Student] -> [5579090806751234]
14:18:36,493 DEBUG BaseGeneralDataRegion:59 - Caching[foo.org.hibernate.cache.spi.UpdateTimestampsCache] : [Course] -> [5579090806751234]
14:18:36,493 DEBUG BaseGeneralDataRegion:59 - Caching[foo.org.hibernate.cache.spi.UpdateTimestampsCache] : [Enrolment] -> [5579090806751234]
14:18:36,493 DEBUG BaseGeneralDataRegion:59 - Caching[foo.org.hibernate.cache.spi.UpdateTimestampsCache] : [Student_secretCodes] -> [5579090806751234]
14:18:36,493 DEBUG BaseGeneralDataRegion:59 - Caching[foo.org.hibernate.cache.spi.UpdateTimestampsCache] : [Address] -> [5579090806751234]
14:18:36,493 DEBUG BaseGeneralDataRegion:59 - Caching[foo.org.hibernate.cache.spi.UpdateTimestampsCache] : [CourseMeeting] -> [5579090806751234]
14:18:36,493  INFO CustomRunner:139 - Test: testEntityWithJoinedLazyManyToOneListHql
14:18:36,638 DEBUG SQL:104 - 
    select
        coursemeet_.courseCode,
        coursemeet_.day,
        coursemeet_.period,
        coursemeet_.location 
    from
        CourseMeeting coursemeet_ 
    where
        coursemeet_.courseCode=? 
        and coursemeet_.day=? 
        and coursemeet_.period=? 
        and coursemeet_.location=?
14:18:36,942 DEBUG SQL:104 - 
    select
        coursemeet_.courseCode,
        coursemeet_.day,
        coursemeet_.period,
        coursemeet_.location 
    from
        CourseMeeting coursemeet_ 
    where
        coursemeet_.courseCode=? 
        and coursemeet_.day=? 
        and coursemeet_.period=? 
        and coursemeet_.location=?
14:18:37,405 DEBUG SQL:104 - 
    insert 
    into
        Course
        (description, courseCode) 
    values
        (?, ?)
14:18:37,406 DEBUG BaseGeneralDataRegion:59 - Caching[foo.org.hibernate.cache.spi.UpdateTimestampsCache] : [Course] -> [5579091056254976]
14:18:37,406 DEBUG SQL:104 - 
    insert 
    into
        CourseMeeting
        (courseCode, day, period, location) 
    values
        (?, ?, ?, ?)
14:18:37,406 DEBUG BaseGeneralDataRegion:59 - Caching[foo.org.hibernate.cache.spi.UpdateTimestampsCache] : [CourseMeeting] -> [5579091056254977]
14:18:37,406 DEBUG SQL:104 - 
    insert 
    into
        CourseMeeting
        (courseCode, day, period, location) 
    values
        (?, ?, ?, ?)
14:18:37,407 DEBUG BaseGeneralDataRegion:59 - Caching[foo.org.hibernate.cache.spi.UpdateTimestampsCache] : [CourseMeeting] -> [5579091056259072]
14:18:37,407 DEBUG SQL:104 - 
    insert 
    into
        Student
        (name_first, name_middle, name_last, preferredCourseCode, studentId) 
    values
        (?, ?, ?, ?, ?)
14:18:37,407 DEBUG BaseGeneralDataRegion:59 - Caching[foo.org.hibernate.cache.spi.UpdateTimestampsCache] : [Student] -> [5579091056259073]
14:18:37,407 DEBUG SQL:104 - 
    insert 
    into
        Address
        (addressType, street, city, stateProvince, postalCode, country, studentNumber, id) 
    values
        (?, ?, ?, ?, ?, ?, ?, ?)
14:18:37,565 DEBUG BaseGeneralDataRegion:59 - Caching[foo.org.hibernate.cache.spi.UpdateTimestampsCache] : [Address] -> [5579091056771072]
14:18:37,566 DEBUG SQL:104 - 
    insert 
    into
        Address
        (addressType, street, city, stateProvince, postalCode, country, studentNumber, id) 
    values
        (?, ?, ?, ?, ?, ?, ?, ?)
14:18:37,712 DEBUG BaseGeneralDataRegion:59 - Caching[foo.org.hibernate.cache.spi.UpdateTimestampsCache] : [Address] -> [5579091057508352]
14:18:37,713 DEBUG SQL:104 - 
    insert 
    into
        Student
        (name_first, name_middle, name_last, preferredCourseCode, studentId) 
    values
        (?, ?, ?, ?, ?)
14:18:37,934 DEBUG BaseGeneralDataRegion:59 - Caching[foo.org.hibernate.cache.spi.UpdateTimestampsCache] : [Student] -> [5579091058171904]
14:18:38,181 DEBUG SQL:104 - 
    insert 
    into
        Enrolment
        (semester, "year", studentId, courseCode) 
    values
        (?, ?, ?, ?)
14:18:38,322 DEBUG BaseGeneralDataRegion:59 - Caching[foo.org.hibernate.cache.spi.UpdateTimestampsCache] : [Enrolment] -> [5579091060006912]
14:18:38,366 DEBUG SQL:104 - 
    insert 
    into
        Enrolment
        (semester, "year", studentId, courseCode) 
    values
        (?, ?, ?, ?)
14:18:38,487 DEBUG BaseGeneralDataRegion:59 - Caching[foo.org.hibernate.cache.spi.UpdateTimestampsCache] : [Enrolment] -> [5579091060682752]
14:18:38,636 DEBUG BaseGeneralDataRegion:59 - Caching[foo.org.hibernate.cache.spi.UpdateTimestampsCache] : [CourseMeeting] -> [5579091061293056]
14:18:38,638 DEBUG BaseGeneralDataRegion:59 - Caching[foo.org.hibernate.cache.spi.UpdateTimestampsCache] : [Enrolment] -> [5579091061301248]
14:18:38,860 DEBUG SQL:104 - 
    update
        Address 
    set
        studentNumber=?,
        addressType=? 
    where
        id=?
14:18:39,058 DEBUG SQL:104 - 
    update
        Address 
    set
        studentNumber=?,
        addressType=? 
    where
        id=?
14:18:39,195 DEBUG BaseGeneralDataRegion:59 - Caching[foo.org.hibernate.cache.spi.UpdateTimestampsCache] : [Address] -> [5579091063582720]
14:18:39,196 DEBUG SQL:104 - 
    insert 
    into
        Student_secretCodes
        (studentNumber, i, secretCode) 
    values
        (?, ?, ?)
14:18:39,405 DEBUG BaseGeneralDataRegion:59 - Caching[foo.org.hibernate.cache.spi.UpdateTimestampsCache] : [Student_secretCodes] -> [5579091064442880]
14:18:39,405 DEBUG BaseGeneralDataRegion:59 - Caching[foo.org.hibernate.cache.spi.UpdateTimestampsCache] : [Enrolment] -> [5579091064442881]
14:18:39,405 DEBUG BaseGeneralDataRegion:59 - Caching[foo.org.hibernate.cache.spi.UpdateTimestampsCache] : [Address] -> [5579091064442882]
14:18:39,459 DEBUG SQL:104 - 
    insert 
    into
        Student_secretCodes
        (studentNumber, i, secretCode) 
    values
        (?, ?, ?)
14:18:39,460 DEBUG SQL:104 - 
    insert 
    into
        Student_secretCodes
        (studentNumber, i, secretCode) 
    values
        (?, ?, ?)
14:18:39,545 DEBUG BaseGeneralDataRegion:59 - Caching[foo.org.hibernate.cache.spi.UpdateTimestampsCache] : [Student_secretCodes] -> [5579091065016320]
14:18:39,546 DEBUG BaseGeneralDataRegion:59 - Caching[foo.org.hibernate.cache.spi.UpdateTimestampsCache] : [Student] -> [5579090819260416]
14:18:39,609 DEBUG BaseGeneralDataRegion:59 - Caching[foo.org.hibernate.cache.spi.UpdateTimestampsCache] : [Course] -> [5579090819260416]
14:18:39,610 DEBUG BaseGeneralDataRegion:59 - Caching[foo.org.hibernate.cache.spi.UpdateTimestampsCache] : [Enrolment] -> [5579090819260416]
14:18:39,610 DEBUG BaseGeneralDataRegion:59 - Caching[foo.org.hibernate.cache.spi.UpdateTimestampsCache] : [Student_secretCodes] -> [5579090819260416]
14:18:39,610 DEBUG BaseGeneralDataRegion:59 - Caching[foo.org.hibernate.cache.spi.UpdateTimestampsCache] : [Address] -> [5579090819260416]
14:18:39,610 DEBUG BaseGeneralDataRegion:59 - Caching[foo.org.hibernate.cache.spi.UpdateTimestampsCache] : [CourseMeeting] -> [5579090819260416]
14:18:39,876 DEBUG QueryTranslatorImpl:265 - parse() - HQL: from org.hibernate.test.querycache.Student s left join s.preferredCourse order by s.studentNumber
14:18:39,974 DEBUG QueryTranslatorImpl:283 - --- HQL AST ---
 \-[QUERY] Node: 'query'
    +-[SELECT_FROM] Node: 'SELECT_FROM'
    |  \-[FROM] Node: 'from'
    |     +-[RANGE] Node: 'RANGE'
    |     |  +-[DOT] Node: '.'
    |     |  |  +-[DOT] Node: '.'
    |     |  |  |  +-[DOT] Node: '.'
    |     |  |  |  |  +-[DOT] Node: '.'
    |     |  |  |  |  |  +-[IDENT] Node: 'org'
    |     |  |  |  |  |  \-[IDENT] Node: 'hibernate'
    |     |  |  |  |  \-[IDENT] Node: 'test'
    |     |  |  |  \-[IDENT] Node: 'querycache'
    |     |  |  \-[IDENT] Node: 'Student'
    |     |  \-[ALIAS] Node: 's'
    |     \-[JOIN] Node: 'join'
    |        +-[LEFT] Node: 'left'
    |        \-[DOT] Node: '.'
    |           +-[IDENT] Node: 's'
    |           \-[IDENT] Node: 'preferredCourse'
    \-[ORDER] Node: 'order'
       \-[DOT] Node: '.'
          +-[IDENT] Node: 's'
          \-[IDENT] Node: 'studentNumber'

14:18:39,975 DEBUG ErrorCounter:82 - throwQueryException() : no errors
14:18:39,975 DEBUG FromElement:157 - FromClause{level=1} : org.hibernate.test.querycache.Student (s) -> student0_
14:18:39,975 DEBUG FromReferenceNode:74 - Resolved : s -> student0_.studentId
14:18:39,975 DEBUG DotNode:599 - getDataType() : preferredCourse -> org.hibernate.type.ManyToOneType(org.hibernate.test.querycache.Course)
14:18:40,459 DEBUG DotNode:389 - dereferenceEntityJoin() : generating join for preferredCourse in org.hibernate.test.querycache.Student (<no alias>) parent = [ {null} ]
14:18:40,459 DEBUG FromElement:157 - FromClause{level=1} : org.hibernate.test.querycache.Course (<no alias>) -> course1_
14:18:40,459 DEBUG FromClause:282 - addJoinByPathMap() : s.preferredCourse -> FromElement{explicit,not a collection join,not a fetch join,fetch non-lazy properties,classAlias=null,role=null,tableName=Course,tableAlias=course1_,origin=Student student0_,columns={student0_.preferredCourseCode ,className=org.hibernate.test.querycache.Course}}
14:18:40,459 DEBUG FromReferenceNode:74 - Resolved : s.preferredCourse -> student0_.preferredCourseCode
14:18:40,460 DEBUG HqlSqlWalker:403 - createFromJoinElement() : -- join tree --
 \-[JOIN_FRAGMENT] FromElement: 'Course course1_' FromElement{explicit,not a collection join,not a fetch join,fetch non-lazy properties,classAlias=null,role=null,tableName=Course,tableAlias=course1_,origin=Student student0_,columns={student0_.preferredCourseCode ,className=org.hibernate.test.querycache.Course}}

14:18:40,460 DEBUG FromReferenceNode:74 - Resolved : s -> student0_.studentId
14:18:40,460 DEBUG DotNode:599 - getDataType() : studentNumber -> org.hibernate.type.LongType@4bf3f9d
14:18:40,460 DEBUG FromReferenceNode:74 - Resolved : s.studentNumber -> student0_.studentId
14:18:40,460 DEBUG HqlSqlWalker:629 - processQuery() :  ( SELECT ( FromClause{level=1} ( Student student0_ Course course1_ ) ) ( order ( student0_.studentId student0_.studentId studentNumber ) ) )
14:18:40,460 DEBUG HqlSqlWalker:869 - Derived SELECT clause created.
14:18:40,460 DEBUG JoinProcessor:175 - Using FROM fragment [Student student0_]
14:18:40,461 DEBUG JoinProcessor:175 - Using FROM fragment [left outer join Course course1_ on student0_.preferredCourseCode=course1_.courseCode]
14:18:40,461 DEBUG QueryTranslatorImpl:252 - --- SQL AST ---
 \-[SELECT] QueryNode: 'SELECT'  querySpaces (Student,Course)
    +-[SELECT_CLAUSE] SelectClause: '{derived select clause}'
    |  +-[SELECT_EXPR] SelectExpressionImpl: 'student0_.studentId as studentId4_0_' {FromElement{explicit,not a collection join,not a fetch join,fetch non-lazy properties,classAlias=s,role=null,tableName=Student,tableAlias=student0_,origin=null,columns={,className=org.hibernate.test.querycache.Student}}}
    |  +-[SELECT_EXPR] SelectExpressionImpl: 'course1_.courseCode as courseCode1_1_' {FromElement{explicit,not a collection join,not a fetch join,fetch non-lazy properties,classAlias=null,role=null,tableName=Course,tableAlias=course1_,origin=Student student0_,columns={student0_.preferredCourseCode ,className=org.hibernate.test.querycache.Course}}}
    |  +-[SQL_TOKEN] SqlFragment: 'student0_.name_first as name2_4_0_, student0_.name_middle as name3_4_0_, student0_.name_last as name4_4_0_, student0_.preferredCourseCode as preferre5_4_0_'
    |  \-[SQL_TOKEN] SqlFragment: 'course1_.description as descript2_1_1_'
    +-[FROM] FromClause: 'from' FromClause{level=1, fromElementCounter=2, fromElements=2, fromElementByClassAlias=[s], fromElementByTableAlias=[student0_, course1_], fromElementsByPath=[s.preferredCourse], collectionJoinFromElementsByPath=[], impliedElements=[]}
    |  \-[FROM_FRAGMENT] FromElement: 'Student student0_' FromElement{explicit,not a collection join,not a fetch join,fetch non-lazy properties,classAlias=s,role=null,tableName=Student,tableAlias=student0_,origin=null,columns={,className=org.hibernate.test.querycache.Student}}
    |     \-[JOIN_FRAGMENT] FromElement: 'left outer join Course course1_ on student0_.preferredCourseCode=course1_.courseCode' FromElement{explicit,not a collection join,not a fetch join,fetch non-lazy properties,classAlias=null,role=null,tableName=Course,tableAlias=course1_,origin=Student student0_,columns={student0_.preferredCourseCode ,className=org.hibernate.test.querycache.Course}}
    \-[ORDER] OrderByClause: 'order'
       \-[DOT] DotNode: 'student0_.studentId' {propertyName=studentNumber,dereferenceType=ALL,propertyPath=studentNumber,path=s.studentNumber,tableAlias=student0_,className=org.hibernate.test.querycache.Student,classAlias=s}
          +-[ALIAS_REF] IdentNode: 'student0_.studentId' {alias=s, className=org.hibernate.test.querycache.Student, tableAlias=student0_}
          \-[IDENT] IdentNode: 'studentNumber' {originalText=studentNumber}

14:18:40,461 DEBUG ErrorCounter:82 - throwQueryException() : no errors
14:18:40,461 DEBUG QueryTranslatorImpl:235 - HQL: from org.hibernate.test.querycache.Student s left join s.preferredCourse order by s.studentNumber
14:18:40,461 DEBUG QueryTranslatorImpl:236 - SQL: select student0_.studentId as studentId4_0_, course1_.courseCode as courseCode1_1_, student0_.name_first as name2_4_0_, student0_.name_middle as name3_4_0_, student0_.name_last as name4_4_0_, student0_.preferredCourseCode as preferre5_4_0_, course1_.description as descript2_1_1_ from Student student0_ left outer join Course course1_ on student0_.preferredCourseCode=course1_.courseCode order by student0_.studentId
14:18:40,461 DEBUG ErrorCounter:82 - throwQueryException() : no errors
14:18:40,462 DEBUG BaseGeneralDataRegion:46 - Cache[foo.org.hibernate.cache.internal.StandardQueryCache] lookup : key[sql: select student0_.studentId as studentId4_0_, course1_.courseCode as courseCode1_1_, student0_.name_first as name2_4_0_, student0_.name_middle as name3_4_0_, student0_.name_last as name4_4_0_, student0_.preferredCourseCode as preferre5_4_0_, course1_.description as descript2_1_1_ from Student student0_ left outer join Course course1_ on student0_.preferredCourseCode=course1_.courseCode order by student0_.studentId; parameters: ; named parameters: {}; transformer: org.hibernate.transform.CacheableResultTransformer@1406bf]
14:18:40,462 DEBUG SQL:104 - 
    select
        student0_.studentId as studentId4_0_,
        course1_.courseCode as courseCode1_1_,
        student0_.name_first as name2_4_0_,
        student0_.name_middle as name3_4_0_,
        student0_.name_last as name4_4_0_,
        student0_.preferredCourseCode as preferre5_4_0_,
        course1_.description as descript2_1_1_ 
    from
        Student student0_ 
    left outer join
        Course course1_ 
            on student0_.preferredCourseCode=course1_.courseCode 
    order by
        student0_.studentId
14:18:40,462 DEBUG SQL:104 - 
    select
        secretcode0_.studentNumber as studentN1_4_0_,
        secretcode0_.secretCode as secretCode5_0_,
        secretcode0_.i as i0_ 
    from
        Student_secretCodes secretcode0_ 
    where
        secretcode0_.studentNumber=?
14:18:40,463 DEBUG SQL:104 - 
    select
        coursemeet0_.courseCode as courseCode1_1_,
        coursemeet0_.courseCode as courseCode2_1_,
        coursemeet0_.day as day2_1_,
        coursemeet0_.period as period2_1_,
        coursemeet0_.location as location2_1_,
        coursemeet0_.courseCode as courseCode2_0_,
        coursemeet0_.day as day2_0_,
        coursemeet0_.period as period2_0_,
        coursemeet0_.location as location2_0_ 
    from
        CourseMeeting coursemeet0_ 
    where
        coursemeet0_.courseCode=?
14:18:40,463 DEBUG SQL:104 - 
    select
        secretcode0_.studentNumber as studentN1_4_0_,
        secretcode0_.secretCode as secretCode5_0_,
        secretcode0_.i as i0_ 
    from
        Student_secretCodes secretcode0_ 
    where
        secretcode0_.studentNumber=?
14:18:40,463 DEBUG BaseGeneralDataRegion:59 - Caching[foo.org.hibernate.cache.internal.StandardQueryCache] : [sql: select student0_.studentId as studentId4_0_, course1_.courseCode as courseCode1_1_, student0_.name_first as name2_4_0_, student0_.name_middle as name3_4_0_, student0_.name_last as name4_4_0_, student0_.preferredCourseCode as preferre5_4_0_, course1_.description as descript2_1_1_ from Student student0_ left outer join Course course1_ on student0_.preferredCourseCode=course1_.courseCode order by student0_.studentId; parameters: ; named parameters: {}; transformer: org.hibernate.transform.CacheableResultTransformer@1406bf] -> [[5579090823016448, [Ljava.io.Serializable;@16ea97ef, [Ljava.io.Serializable;@39cd7aa]]
14:18:40,464 DEBUG BaseGeneralDataRegion:46 - Cache[foo.org.hibernate.cache.internal.StandardQueryCache] lookup : key[sql: select student0_.studentId as studentId4_0_, course1_.courseCode as courseCode1_1_, student0_.name_first as name2_4_0_, student0_.name_middle as name3_4_0_, student0_.name_last as name4_4_0_, student0_.preferredCourseCode as preferre5_4_0_, course1_.description as descript2_1_1_ from Student student0_ left outer join Course course1_ on student0_.preferredCourseCode=course1_.courseCode order by student0_.studentId; parameters: ; named parameters: {}; transformer: org.hibernate.transform.CacheableResultTransformer@1406bf]
14:18:40,464 DEBUG BaseGeneralDataRegion:52 - Cache[foo.org.hibernate.cache.internal.StandardQueryCache] hit: sql: select student0_.studentId as studentId4_0_, course1_.courseCode as courseCode1_1_, student0_.name_first as name2_4_0_, student0_.name_middle as name3_4_0_, student0_.name_last as name4_4_0_, student0_.preferredCourseCode as preferre5_4_0_, course1_.description as descript2_1_1_ from Student student0_ left outer join Course course1_ on student0_.preferredCourseCode=course1_.courseCode order by student0_.studentId; parameters: ; named parameters: {}; transformer: org.hibernate.transform.CacheableResultTransformer@1406bf
14:18:40,464 DEBUG BaseGeneralDataRegion:46 - Cache[foo.org.hibernate.cache.spi.UpdateTimestampsCache] lookup : key[Student]
14:18:40,464 DEBUG BaseGeneralDataRegion:52 - Cache[foo.org.hibernate.cache.spi.UpdateTimestampsCache] hit: Student
14:18:40,464 DEBUG BaseGeneralDataRegion:46 - Cache[foo.org.hibernate.cache.spi.UpdateTimestampsCache] lookup : key[Course]
14:18:40,464 DEBUG BaseGeneralDataRegion:52 - Cache[foo.org.hibernate.cache.spi.UpdateTimestampsCache] hit: Course
14:18:40,465 DEBUG SQL:104 - 
    select
        student0_.studentId as studentId4_0_,
        student0_.name_first as name2_4_0_,
        student0_.name_middle as name3_4_0_,
        student0_.name_last as name4_4_0_,
        student0_.preferredCourseCode as preferre5_4_0_ 
    from
        Student student0_ 
    where
        student0_.studentId=?
14:18:40,465 DEBUG SQL:104 - 
    select
        secretcode0_.studentNumber as studentN1_4_0_,
        secretcode0_.secretCode as secretCode5_0_,
        secretcode0_.i as i0_ 
    from
        Student_secretCodes secretcode0_ 
    where
        secretcode0_.studentNumber=?
14:18:40,465 DEBUG SQL:104 - 
    select
        course0_.courseCode as courseCode1_0_,
        course0_.description as descript2_1_0_ 
    from
        Course course0_ 
    where
        course0_.courseCode=?
14:18:40,466 DEBUG SQL:104 - 
    select
        coursemeet0_.courseCode as courseCode1_1_,
        coursemeet0_.courseCode as courseCode2_1_,
        coursemeet0_.day as day2_1_,
        coursemeet0_.period as period2_1_,
        coursemeet0_.location as location2_1_,
        coursemeet0_.courseCode as courseCode2_0_,
        coursemeet0_.day as day2_0_,
        coursemeet0_.period as period2_0_,
        coursemeet0_.location as location2_0_ 
    from
        CourseMeeting coursemeet0_ 
    where
        coursemeet0_.courseCode=?
14:18:40,490 DEBUG SQL:104 - 
    select
        student0_.studentId as studentId4_0_,
        student0_.name_first as name2_4_0_,
        student0_.name_middle as name3_4_0_,
        student0_.name_last as name4_4_0_,
        student0_.preferredCourseCode as preferre5_4_0_ 
    from
        Student student0_ 
    where
        student0_.studentId=?
14:18:40,490 DEBUG SQL:104 - 
    select
        secretcode0_.studentNumber as studentN1_4_0_,
        secretcode0_.secretCode as secretCode5_0_,
        secretcode0_.i as i0_ 
    from
        Student_secretCodes secretcode0_ 
    where
        secretcode0_.studentNumber=?
14:18:40,491 DEBUG SQL:104 - 
    select
        student_.studentId,
        student_.name_first as name2_4_,
        student_.name_middle as name3_4_,
        student_.name_last as name4_4_,
        student_.preferredCourseCode as preferre5_4_ 
    from
        Student student_ 
    where
        student_.studentId=?
14:18:40,492 DEBUG SQL:104 - 
    select
        enrolment_.studentId,
        enrolment_.courseCode,
        enrolment_.semester as semester3_,
        enrolment_."year" as year4_3_ 
    from
        Enrolment enrolment_ 
    where
        enrolment_.studentId=? 
        and enrolment_.courseCode=?
14:18:40,497 DEBUG SQL:104 - 
    select
        course_.courseCode,
        course_.description as descript2_1_ 
    from
        Course course_ 
    where
        course_.courseCode=?
14:18:40,497 DEBUG SQL:104 - 
    select
        student_.studentId,
        student_.name_first as name2_4_,
        student_.name_middle as name3_4_,
        student_.name_last as name4_4_,
        student_.preferredCourseCode as preferre5_4_ 
    from
        Student student_ 
    where
        student_.studentId=?
14:18:40,498 DEBUG SQL:104 - 
    select
        enrolment_.studentId,
        enrolment_.courseCode,
        enrolment_.semester as semester3_,
        enrolment_."year" as year4_3_ 
    from
        Enrolment enrolment_ 
    where
        enrolment_.studentId=? 
        and enrolment_.courseCode=?
14:18:40,498 DEBUG SQL:104 - 
    select
        coursemeet_.courseCode,
        coursemeet_.day,
        coursemeet_.period,
        coursemeet_.location 
    from
        CourseMeeting coursemeet_ 
    where
        coursemeet_.courseCode=? 
        and coursemeet_.day=? 
        and coursemeet_.period=? 
        and coursemeet_.location=?
14:18:40,499 DEBUG SQL:104 - 
    select
        coursemeet_.courseCode,
        coursemeet_.day,
        coursemeet_.period,
        coursemeet_.location 
    from
        CourseMeeting coursemeet_ 
    where
        coursemeet_.courseCode=? 
        and coursemeet_.day=? 
        and coursemeet_.period=? 
        and coursemeet_.location=?
14:18:40,499 DEBUG BaseGeneralDataRegion:59 - Caching[foo.org.hibernate.cache.spi.UpdateTimestampsCache] : [Enrolment] -> [5579091068923904]
14:18:40,499 DEBUG SQL:104 - 
    update
        Address 
    set
        studentNumber=null,
        addressType=null 
    where
        studentNumber=?
14:18:40,500 DEBUG BaseGeneralDataRegion:59 - Caching[foo.org.hibernate.cache.spi.UpdateTimestampsCache] : [Address] -> [5579091068928000]
14:18:40,500 DEBUG SQL:104 - 
    delete 
    from
        Student_secretCodes 
    where
        studentNumber=?
14:18:40,500 DEBUG BaseGeneralDataRegion:59 - Caching[foo.org.hibernate.cache.spi.UpdateTimestampsCache] : [Student_secretCodes] -> [5579091068928001]
14:18:40,500 DEBUG BaseGeneralDataRegion:59 - Caching[foo.org.hibernate.cache.spi.UpdateTimestampsCache] : [Enrolment] -> [5579091068928002]
14:18:40,500 DEBUG BaseGeneralDataRegion:59 - Caching[foo.org.hibernate.cache.spi.UpdateTimestampsCache] : [Address] -> [5579091068928003]
14:18:40,500 DEBUG SQL:104 - 
    delete 
    from
        Student_secretCodes 
    where
        studentNumber=?
14:18:40,500 DEBUG BaseGeneralDataRegion:59 - Caching[foo.org.hibernate.cache.spi.UpdateTimestampsCache] : [Student_secretCodes] -> [5579091068928004]
14:18:40,501 DEBUG BaseGeneralDataRegion:59 - Caching[foo.org.hibernate.cache.spi.UpdateTimestampsCache] : [CourseMeeting] -> [5579091068932096]
14:18:40,501 DEBUG SQL:104 - 
    delete 
    from
        Enrolment 
    where
        studentId=? 
        and courseCode=?
14:18:40,501 DEBUG BaseGeneralDataRegion:59 - Caching[foo.org.hibernate.cache.spi.UpdateTimestampsCache] : [Enrolment] -> [5579091068932097]
14:18:40,501 DEBUG SQL:104 - 
    delete 
    from
        Address 
    where
        id=?
14:18:40,501 DEBUG BaseGeneralDataRegion:59 - Caching[foo.org.hibernate.cache.spi.UpdateTimestampsCache] : [Address] -> [5579091068932098]
14:18:40,501 DEBUG SQL:104 - 
    delete 
    from
        Address 
    where
        id=?
14:18:40,501 DEBUG BaseGeneralDataRegion:59 - Caching[foo.org.hibernate.cache.spi.UpdateTimestampsCache] : [Address] -> [5579091068932099]
14:18:40,502 DEBUG SQL:104 - 
    delete 
    from
        Student 
    where
        studentId=?
14:18:40,502 DEBUG BaseGeneralDataRegion:59 - Caching[foo.org.hibernate.cache.spi.UpdateTimestampsCache] : [Student] -> [5579091068936192]
14:18:40,502 DEBUG SQL:104 - 
    delete 
    from
        Enrolment 
    where
        studentId=? 
        and courseCode=?
14:18:40,502 DEBUG BaseGeneralDataRegion:59 - Caching[foo.org.hibernate.cache.spi.UpdateTimestampsCache] : [Enrolment] -> [5579091068936193]
14:18:40,502 DEBUG SQL:104 - 
    delete 
    from
        Student 
    where
        studentId=?
14:18:40,503 DEBUG BaseGeneralDataRegion:59 - Caching[foo.org.hibernate.cache.spi.UpdateTimestampsCache] : [Student] -> [5579091068940288]
14:18:40,503 DEBUG SQL:104 - 
    delete 
    from
        CourseMeeting 
    where
        courseCode=? 
        and day=? 
        and period=? 
        and location=?
14:18:40,503 DEBUG BaseGeneralDataRegion:59 - Caching[foo.org.hibernate.cache.spi.UpdateTimestampsCache] : [CourseMeeting] -> [5579091068940289]
14:18:40,503 DEBUG SQL:104 - 
    delete 
    from
        CourseMeeting 
    where
        courseCode=? 
        and day=? 
        and period=? 
        and location=?
14:18:40,503 DEBUG BaseGeneralDataRegion:59 - Caching[foo.org.hibernate.cache.spi.UpdateTimestampsCache] : [CourseMeeting] -> [5579091068940290]
14:18:40,503 DEBUG SQL:104 - 
    delete 
    from
        Course 
    where
        courseCode=?
14:18:40,504 DEBUG BaseGeneralDataRegion:59 - Caching[foo.org.hibernate.cache.spi.UpdateTimestampsCache] : [Course] -> [5579091068944384]
14:18:40,504 DEBUG BaseGeneralDataRegion:59 - Caching[foo.org.hibernate.cache.spi.UpdateTimestampsCache] : [Student] -> [5579090823184385]
14:18:40,504 DEBUG BaseGeneralDataRegion:59 - Caching[foo.org.hibernate.cache.spi.UpdateTimestampsCache] : [Course] -> [5579090823184385]
14:18:40,504 DEBUG BaseGeneralDataRegion:59 - Caching[foo.org.hibernate.cache.spi.UpdateTimestampsCache] : [Enrolment] -> [5579090823184385]
14:18:40,504 DEBUG BaseGeneralDataRegion:59 - Caching[foo.org.hibernate.cache.spi.UpdateTimestampsCache] : [Student_secretCodes] -> [5579090823184385]
14:18:40,504 DEBUG BaseGeneralDataRegion:59 - Caching[foo.org.hibernate.cache.spi.UpdateTimestampsCache] : [Address] -> [5579090823184385]
14:18:40,504 DEBUG BaseGeneralDataRegion:59 - Caching[foo.org.hibernate.cache.spi.UpdateTimestampsCache] : [CourseMeeting] -> [5579090823184385]
14:18:40,505 DEBUG SQL:104 - 
    select
        coursemeet_.courseCode,
        coursemeet_.day,
        coursemeet_.period,
        coursemeet_.location 
    from
        CourseMeeting coursemeet_ 
    where
        coursemeet_.courseCode=? 
        and coursemeet_.day=? 
        and coursemeet_.period=? 
        and coursemeet_.location=?
14:18:40,505 DEBUG SQL:104 - 
    select
        coursemeet_.courseCode,
        coursemeet_.day,
        coursemeet_.period,
        coursemeet_.location 
    from
        CourseMeeting coursemeet_ 
    where
        coursemeet_.courseCode=? 
        and coursemeet_.day=? 
        and coursemeet_.period=? 
        and coursemeet_.location=?
14:18:40,506 DEBUG SQL:104 - 
    insert 
    into
        Course
        (description, courseCode) 
    values
        (?, ?)
14:18:40,531 DEBUG BaseGeneralDataRegion:59 - Caching[foo.org.hibernate.cache.spi.UpdateTimestampsCache] : [Course] -> [5579091069054976]
14:18:40,532 DEBUG SQL:104 - 
    insert 
    into
        CourseMeeting
        (courseCode, day, period, location) 
    values
        (?, ?, ?, ?)
14:18:40,532 DEBUG BaseGeneralDataRegion:59 - Caching[foo.org.hibernate.cache.spi.UpdateTimestampsCache] : [CourseMeeting] -> [5579091069059072]
14:18:40,532 DEBUG SQL:104 - 
    insert 
    into
        CourseMeeting
        (courseCode, day, period, location) 
    values
        (?, ?, ?, ?)
14:18:40,532 DEBUG BaseGeneralDataRegion:59 - Caching[foo.org.hibernate.cache.spi.UpdateTimestampsCache] : [CourseMeeting] -> [5579091069059073]
14:18:40,533 DEBUG SQL:104 - 
    insert 
    into
        Student
        (name_first, name_middle, name_last, preferredCourseCode, studentId) 
    values
        (?, ?, ?, ?, ?)
14:18:40,533 DEBUG BaseGeneralDataRegion:59 - Caching[foo.org.hibernate.cache.spi.UpdateTimestampsCache] : [Student] -> [5579091069063168]
14:18:40,533 DEBUG SQL:104 - 
    insert 
    into
        Address
        (addressType, street, city, stateProvince, postalCode, country, studentNumber, id) 
    values
        (?, ?, ?, ?, ?, ?, ?, ?)
14:18:40,533 DEBUG BaseGeneralDataRegion:59 - Caching[foo.org.hibernate.cache.spi.UpdateTimestampsCache] : [Address] -> [5579091069063169]
14:18:40,533 DEBUG SQL:104 - 
    insert 
    into
        Address
        (addressType, street, city, stateProvince, postalCode, country, studentNumber, id) 
    values
        (?, ?, ?, ?, ?, ?, ?, ?)
14:18:40,533 DEBUG BaseGeneralDataRegion:59 - Caching[foo.org.hibernate.cache.spi.UpdateTimestampsCache] : [Address] -> [5579091069063170]
14:18:40,534 DEBUG SQL:104 - 
    insert 
    into
        Student
        (name_first, name_middle, name_last, preferredCourseCode, studentId) 
    values
        (?, ?, ?, ?, ?)
14:18:40,534 DEBUG BaseGeneralDataRegion:59 - Caching[foo.org.hibernate.cache.spi.UpdateTimestampsCache] : [Student] -> [5579091069067264]
14:18:40,534 DEBUG SQL:104 - 
    insert 
    into
        Enrolment
        (semester, "year", studentId, courseCode) 
    values
        (?, ?, ?, ?)
14:18:40,534 DEBUG BaseGeneralDataRegion:59 - Caching[foo.org.hibernate.cache.spi.UpdateTimestampsCache] : [Enrolment] -> [5579091069067265]
14:18:40,534 DEBUG SQL:104 - 
    insert 
    into
        Enrolment
        (semester, "year", studentId, courseCode) 
    values
        (?, ?, ?, ?)
14:18:40,534 DEBUG BaseGeneralDataRegion:59 - Caching[foo.org.hibernate.cache.spi.UpdateTimestampsCache] : [Enrolment] -> [5579091069067266]
14:18:40,535 DEBUG BaseGeneralDataRegion:59 - Caching[foo.org.hibernate.cache.spi.UpdateTimestampsCache] : [CourseMeeting] -> [5579091069071360]
14:18:40,535 DEBUG BaseGeneralDataRegion:59 - Caching[foo.org.hibernate.cache.spi.UpdateTimestampsCache] : [Enrolment] -> [5579091069071361]
14:18:40,535 DEBUG SQL:104 - 
    update
        Address 
    set
        studentNumber=?,
        addressType=? 
    where
        id=?
14:18:40,545 DEBUG SQL:104 - 
    update
        Address 
    set
        studentNumber=?,
        addressType=? 
    where
        id=?
14:18:40,545 DEBUG BaseGeneralDataRegion:59 - Caching[foo.org.hibernate.cache.spi.UpdateTimestampsCache] : [Address] -> [5579091069112320]
14:18:40,545 DEBUG SQL:104 - 
    insert 
    into
        Student_secretCodes
        (studentNumber, i, secretCode) 
    values
        (?, ?, ?)
14:18:40,545 DEBUG BaseGeneralDataRegion:59 - Caching[foo.org.hibernate.cache.spi.UpdateTimestampsCache] : [Student_secretCodes] -> [5579091069112321]
14:18:40,546 DEBUG BaseGeneralDataRegion:59 - Caching[foo.org.hibernate.cache.spi.UpdateTimestampsCache] : [Enrolment] -> [5579091069116416]
14:18:40,546 DEBUG BaseGeneralDataRegion:59 - Caching[foo.org.hibernate.cache.spi.UpdateTimestampsCache] : [Address] -> [5579091069116417]
14:18:40,546 DEBUG SQL:104 - 
    insert 
    into
        Student_secretCodes
        (studentNumber, i, secretCode) 
    values
        (?, ?, ?)
14:18:40,554 DEBUG SQL:104 - 
    insert 
    into
        Student_secretCodes
        (studentNumber, i, secretCode) 
    values
        (?, ?, ?)
14:18:40,554 DEBUG BaseGeneralDataRegion:59 - Caching[foo.org.hibernate.cache.spi.UpdateTimestampsCache] : [Student_secretCodes] -> [5579091069149184]
14:18:40,554 DEBUG BaseGeneralDataRegion:59 - Caching[foo.org.hibernate.cache.spi.UpdateTimestampsCache] : [Student] -> [5579090823389185]
14:18:40,554 DEBUG BaseGeneralDataRegion:59 - Caching[foo.org.hibernate.cache.spi.UpdateTimestampsCache] : [Course] -> [5579090823389185]
14:18:40,554 DEBUG BaseGeneralDataRegion:59 - Caching[foo.org.hibernate.cache.spi.UpdateTimestampsCache] : [Enrolment] -> [5579090823389185]
14:18:40,555 DEBUG BaseGeneralDataRegion:59 - Caching[foo.org.hibernate.cache.spi.UpdateTimestampsCache] : [Student_secretCodes] -> [5579090823389185]
14:18:40,555 DEBUG BaseGeneralDataRegion:59 - Caching[foo.org.hibernate.cache.spi.UpdateTimestampsCache] : [Address] -> [5579090823389185]
14:18:40,555 DEBUG BaseGeneralDataRegion:59 - Caching[foo.org.hibernate.cache.spi.UpdateTimestampsCache] : [CourseMeeting] -> [5579090823389185]
14:18:40,555 DEBUG QueryTranslatorImpl:265 - parse() - HQL: from org.hibernate.test.querycache.Student s left join s.preferredCourse p order by s.studentNumber
14:18:40,556 DEBUG QueryTranslatorImpl:283 - --- HQL AST ---
 \-[QUERY] Node: 'query'
    +-[SELECT_FROM] Node: 'SELECT_FROM'
    |  \-[FROM] Node: 'from'
    |     +-[RANGE] Node: 'RANGE'
    |     |  +-[DOT] Node: '.'
    |     |  |  +-[DOT] Node: '.'
    |     |  |  |  +-[DOT] Node: '.'
    |     |  |  |  |  +-[DOT] Node: '.'
    |     |  |  |  |  |  +-[IDENT] Node: 'org'
    |     |  |  |  |  |  \-[IDENT] Node: 'hibernate'
    |     |  |  |  |  \-[IDENT] Node: 'test'
    |     |  |  |  \-[IDENT] Node: 'querycache'
    |     |  |  \-[IDENT] Node: 'Student'
    |     |  \-[ALIAS] Node: 's'
    |     \-[JOIN] Node: 'join'
    |        +-[LEFT] Node: 'left'
    |        +-[DOT] Node: '.'
    |        |  +-[IDENT] Node: 's'
    |        |  \-[IDENT] Node: 'preferredCourse'
    |        \-[ALIAS] Node: 'p'
    \-[ORDER] Node: 'order'
       \-[DOT] Node: '.'
          +-[IDENT] Node: 's'
          \-[IDENT] Node: 'studentNumber'

14:18:40,564 DEBUG ErrorCounter:82 - throwQueryException() : no errors
14:18:40,564 DEBUG FromElement:157 - FromClause{level=1} : org.hibernate.test.querycache.Student (s) -> student0_
14:18:40,565 DEBUG FromReferenceNode:74 - Resolved : s -> student0_.studentId
14:18:40,565 DEBUG DotNode:599 - getDataType() : preferredCourse -> org.hibernate.type.ManyToOneType(org.hibernate.test.querycache.Course)
14:18:40,565 DEBUG DotNode:389 - dereferenceEntityJoin() : generating join for preferredCourse in org.hibernate.test.querycache.Student (p) parent = [ {null} ]
14:18:40,565 DEBUG FromElement:157 - FromClause{level=1} : org.hibernate.test.querycache.Course (p) -> course1_
14:18:40,565 DEBUG FromClause:282 - addJoinByPathMap() : s.preferredCourse -> FromElement{explicit,not a collection join,not a fetch join,fetch non-lazy properties,classAlias=p,role=null,tableName=Course,tableAlias=course1_,origin=Student student0_,columns={student0_.preferredCourseCode ,className=org.hibernate.test.querycache.Course}}
14:18:40,565 DEBUG FromReferenceNode:74 - Resolved : s.preferredCourse -> student0_.preferredCourseCode
14:18:40,565 DEBUG HqlSqlWalker:403 - createFromJoinElement() : -- join tree --
 \-[JOIN_FRAGMENT] FromElement: 'Course course1_' FromElement{explicit,not a collection join,not a fetch join,fetch non-lazy properties,classAlias=p,role=null,tableName=Course,tableAlias=course1_,origin=Student student0_,columns={student0_.preferredCourseCode ,className=org.hibernate.test.querycache.Course}}

14:18:40,566 DEBUG FromReferenceNode:74 - Resolved : s -> student0_.studentId
14:18:40,566 DEBUG DotNode:599 - getDataType() : studentNumber -> org.hibernate.type.LongType@4bf3f9d
14:18:40,566 DEBUG FromReferenceNode:74 - Resolved : s.studentNumber -> student0_.studentId
14:18:40,566 DEBUG HqlSqlWalker:629 - processQuery() :  ( SELECT ( FromClause{level=1} ( Student student0_ Course course1_ ) ) ( order ( student0_.studentId student0_.studentId studentNumber ) ) )
14:18:40,566 DEBUG HqlSqlWalker:869 - Derived SELECT clause created.
14:18:40,566 DEBUG JoinProcessor:175 - Using FROM fragment [Student student0_]
14:18:40,566 DEBUG JoinProcessor:175 - Using FROM fragment [left outer join Course course1_ on student0_.preferredCourseCode=course1_.courseCode]
14:18:40,574 DEBUG QueryTranslatorImpl:252 - --- SQL AST ---
 \-[SELECT] QueryNode: 'SELECT'  querySpaces (Student,Course)
    +-[SELECT_CLAUSE] SelectClause: '{derived select clause}'
    |  +-[SELECT_EXPR] SelectExpressionImpl: 'student0_.studentId as studentId4_0_' {FromElement{explicit,not a collection join,not a fetch join,fetch non-lazy properties,classAlias=s,role=null,tableName=Student,tableAlias=student0_,origin=null,columns={,className=org.hibernate.test.querycache.Student}}}
    |  +-[SELECT_EXPR] SelectExpressionImpl: 'course1_.courseCode as courseCode1_1_' {FromElement{explicit,not a collection join,not a fetch join,fetch non-lazy properties,classAlias=p,role=null,tableName=Course,tableAlias=course1_,origin=Student student0_,columns={student0_.preferredCourseCode ,className=org.hibernate.test.querycache.Course}}}
    |  +-[SQL_TOKEN] SqlFragment: 'student0_.name_first as name2_4_0_, student0_.name_middle as name3_4_0_, student0_.name_last as name4_4_0_, student0_.preferredCourseCode as preferre5_4_0_'
    |  \-[SQL_TOKEN] SqlFragment: 'course1_.description as descript2_1_1_'
    +-[FROM] FromClause: 'from' FromClause{level=1, fromElementCounter=2, fromElements=2, fromElementByClassAlias=[s, p], fromElementByTableAlias=[student0_, course1_], fromElementsByPath=[s.preferredCourse], collectionJoinFromElementsByPath=[], impliedElements=[]}
    |  \-[FROM_FRAGMENT] FromElement: 'Student student0_' FromElement{explicit,not a collection join,not a fetch join,fetch non-lazy properties,classAlias=s,role=null,tableName=Student,tableAlias=student0_,origin=null,columns={,className=org.hibernate.test.querycache.Student}}
    |     \-[JOIN_FRAGMENT] FromElement: 'left outer join Course course1_ on student0_.preferredCourseCode=course1_.courseCode' FromElement{explicit,not a collection join,not a fetch join,fetch non-lazy properties,classAlias=p,role=null,tableName=Course,tableAlias=course1_,origin=Student student0_,columns={student0_.preferredCourseCode ,className=org.hibernate.test.querycache.Course}}
    \-[ORDER] OrderByClause: 'order'
       \-[DOT] DotNode: 'student0_.studentId' {propertyName=studentNumber,dereferenceType=ALL,propertyPath=studentNumber,path=s.studentNumber,tableAlias=student0_,className=org.hibernate.test.querycache.Student,classAlias=s}
          +-[ALIAS_REF] IdentNode: 'student0_.studentId' {alias=s, className=org.hibernate.test.querycache.Student, tableAlias=student0_}
          \-[IDENT] IdentNode: 'studentNumber' {originalText=studentNumber}

14:18:40,586 DEBUG ErrorCounter:82 - throwQueryException() : no errors
14:18:40,586 DEBUG QueryTranslatorImpl:235 - HQL: from org.hibernate.test.querycache.Student s left join s.preferredCourse p order by s.studentNumber
14:18:40,586 DEBUG QueryTranslatorImpl:236 - SQL: select student0_.studentId as studentId4_0_, course1_.courseCode as courseCode1_1_, student0_.name_first as name2_4_0_, student0_.name_middle as name3_4_0_, student0_.name_last as name4_4_0_, student0_.preferredCourseCode as preferre5_4_0_, course1_.description as descript2_1_1_ from Student student0_ left outer join Course course1_ on student0_.preferredCourseCode=course1_.courseCode order by student0_.studentId
14:18:40,586 DEBUG ErrorCounter:82 - throwQueryException() : no errors
14:18:40,587 DEBUG BaseGeneralDataRegion:46 - Cache[foo.org.hibernate.cache.internal.StandardQueryCache] lookup : key[sql: select student0_.studentId as studentId4_0_, course1_.courseCode as courseCode1_1_, student0_.name_first as name2_4_0_, student0_.name_middle as name3_4_0_, student0_.name_last as name4_4_0_, student0_.preferredCourseCode as preferre5_4_0_, course1_.description as descript2_1_1_ from Student student0_ left outer join Course course1_ on student0_.preferredCourseCode=course1_.courseCode order by student0_.studentId; parameters: ; named parameters: {}; transformer: org.hibernate.transform.CacheableResultTransformer@1406bf]
14:18:40,587 DEBUG BaseGeneralDataRegion:52 - Cache[foo.org.hibernate.cache.internal.StandardQueryCache] hit: sql: select student0_.studentId as studentId4_0_, course1_.courseCode as courseCode1_1_, student0_.name_first as name2_4_0_, student0_.name_middle as name3_4_0_, student0_.name_last as name4_4_0_, student0_.preferredCourseCode as preferre5_4_0_, course1_.description as descript2_1_1_ from Student student0_ left outer join Course course1_ on student0_.preferredCourseCode=course1_.courseCode order by student0_.studentId; parameters: ; named parameters: {}; transformer: org.hibernate.transform.CacheableResultTransformer@1406bf
14:18:40,587 DEBUG BaseGeneralDataRegion:46 - Cache[foo.org.hibernate.cache.spi.UpdateTimestampsCache] lookup : key[Student]
14:18:40,587 DEBUG BaseGeneralDataRegion:52 - Cache[foo.org.hibernate.cache.spi.UpdateTimestampsCache] hit: Student
14:18:40,587 DEBUG SQL:104 - 
    select
        student0_.studentId as studentId4_0_,
        course1_.courseCode as courseCode1_1_,
        student0_.name_first as name2_4_0_,
        student0_.name_middle as name3_4_0_,
        student0_.name_last as name4_4_0_,
        student0_.preferredCourseCode as preferre5_4_0_,
        course1_.description as descript2_1_1_ 
    from
        Student student0_ 
    left outer join
        Course course1_ 
            on student0_.preferredCourseCode=course1_.courseCode 
    order by
        student0_.studentId
14:18:40,588 DEBUG SQL:104 - 
    select
        secretcode0_.studentNumber as studentN1_4_0_,
        secretcode0_.secretCode as secretCode5_0_,
        secretcode0_.i as i0_ 
    from
        Student_secretCodes secretcode0_ 
    where
        secretcode0_.studentNumber=?
14:18:40,588 DEBUG SQL:104 - 
    select
        coursemeet0_.courseCode as courseCode1_1_,
        coursemeet0_.courseCode as courseCode2_1_,
        coursemeet0_.day as day2_1_,
        coursemeet0_.period as period2_1_,
        coursemeet0_.location as location2_1_,
        coursemeet0_.courseCode as courseCode2_0_,
        coursemeet0_.day as day2_0_,
        coursemeet0_.period as period2_0_,
        coursemeet0_.location as location2_0_ 
    from
        CourseMeeting coursemeet0_ 
    where
        coursemeet0_.courseCode=?
14:18:40,589 DEBUG SQL:104 - 
    select
        secretcode0_.studentNumber as studentN1_4_0_,
        secretcode0_.secretCode as secretCode5_0_,
        secretcode0_.i as i0_ 
    from
        Student_secretCodes secretcode0_ 
    where
        secretcode0_.studentNumber=?
14:18:40,589 DEBUG BaseGeneralDataRegion:59 - Caching[foo.org.hibernate.cache.internal.StandardQueryCache] : [sql: select student0_.studentId as studentId4_0_, course1_.courseCode as courseCode1_1_, student0_.name_first as name2_4_0_, student0_.name_middle as name3_4_0_, student0_.name_last as name4_4_0_, student0_.preferredCourseCode as preferre5_4_0_, course1_.description as descript2_1_1_ from Student student0_ left outer join Course course1_ on student0_.preferredCourseCode=course1_.courseCode order by student0_.studentId; parameters: ; named parameters: {}; transformer: org.hibernate.transform.CacheableResultTransformer@1406bf] -> [[5579090823532544, [Ljava.io.Serializable;@3cbe307b, [Ljava.io.Serializable;@6a60fa64]]
14:18:40,590 DEBUG BaseGeneralDataRegion:46 - Cache[foo.org.hibernate.cache.internal.StandardQueryCache] lookup : key[sql: select student0_.studentId as studentId4_0_, course1_.courseCode as courseCode1_1_, student0_.name_first as name2_4_0_, student0_.name_middle as name3_4_0_, student0_.name_last as name4_4_0_, student0_.preferredCourseCode as preferre5_4_0_, course1_.description as descript2_1_1_ from Student student0_ left outer join Course course1_ on student0_.preferredCourseCode=course1_.courseCode order by student0_.studentId; parameters: ; named parameters: {}; transformer: org.hibernate.transform.CacheableResultTransformer@1406bf]
14:18:40,590 DEBUG BaseGeneralDataRegion:52 - Cache[foo.org.hibernate.cache.internal.StandardQueryCache] hit: sql: select student0_.studentId as studentId4_0_, course1_.courseCode as courseCode1_1_, student0_.name_first as name2_4_0_, student0_.name_middle as name3_4_0_, student0_.name_last as name4_4_0_, student0_.preferredCourseCode as preferre5_4_0_, course1_.description as descript2_1_1_ from Student student0_ left outer join Course course1_ on student0_.preferredCourseCode=course1_.courseCode order by student0_.studentId; parameters: ; named parameters: {}; transformer: org.hibernate.transform.CacheableResultTransformer@1406bf
14:18:40,590 DEBUG BaseGeneralDataRegion:46 - Cache[foo.org.hibernate.cache.spi.UpdateTimestampsCache] lookup : key[Student]
14:18:40,590 DEBUG BaseGeneralDataRegion:52 - Cache[foo.org.hibernate.cache.spi.UpdateTimestampsCache] hit: Student
14:18:40,590 DEBUG BaseGeneralDataRegion:46 - Cache[foo.org.hibernate.cache.spi.UpdateTimestampsCache] lookup : key[Course]
14:18:40,591 DEBUG BaseGeneralDataRegion:52 - Cache[foo.org.hibernate.cache.spi.UpdateTimestampsCache] hit: Course
14:18:40,591 DEBUG SQL:104 - 
    select
        student0_.studentId as studentId4_0_,
        student0_.name_first as name2_4_0_,
        student0_.name_middle as name3_4_0_,
        student0_.name_last as name4_4_0_,
        student0_.preferredCourseCode as preferre5_4_0_ 
    from
        Student student0_ 
    where
        student0_.studentId=?
14:18:40,598 DEBUG SQL:104 - 
    select
        secretcode0_.studentNumber as studentN1_4_0_,
        secretcode0_.secretCode as secretCode5_0_,
        secretcode0_.i as i0_ 
    from
        Student_secretCodes secretcode0_ 
    where
        secretcode0_.studentNumber=?
14:18:40,599 DEBUG SQL:104 - 
    select
        course0_.courseCode as courseCode1_0_,
        course0_.description as descript2_1_0_ 
    from
        Course course0_ 
    where
        course0_.courseCode=?
14:18:40,599 DEBUG SQL:104 - 
    select
        coursemeet0_.courseCode as courseCode1_1_,
        coursemeet0_.courseCode as courseCode2_1_,
        coursemeet0_.day as day2_1_,
        coursemeet0_.period as period2_1_,
        coursemeet0_.location as location2_1_,
        coursemeet0_.courseCode as courseCode2_0_,
        coursemeet0_.day as day2_0_,
        coursemeet0_.period as period2_0_,
        coursemeet0_.location as location2_0_ 
    from
        CourseMeeting coursemeet0_ 
    where
        coursemeet0_.courseCode=?
14:18:40,608 DEBUG SQL:104 - 
    select
        student0_.studentId as studentId4_0_,
        student0_.name_first as name2_4_0_,
        student0_.name_middle as name3_4_0_,
        student0_.name_last as name4_4_0_,
        student0_.preferredCourseCode as preferre5_4_0_ 
    from
        Student student0_ 
    where
        student0_.studentId=?
14:18:40,609 DEBUG SQL:104 - 
    select
        secretcode0_.studentNumber as studentN1_4_0_,
        secretcode0_.secretCode as secretCode5_0_,
        secretcode0_.i as i0_ 
    from
        Student_secretCodes secretcode0_ 
    where
        secretcode0_.studentNumber=?
14:18:40,609 DEBUG SQL:104 - 
    select
        student_.studentId,
        student_.name_first as name2_4_,
        student_.name_middle as name3_4_,
        student_.name_last as name4_4_,
        student_.preferredCourseCode as preferre5_4_ 
    from
        Student student_ 
    where
        student_.studentId=?
14:18:40,610 DEBUG SQL:104 - 
    select
        enrolment_.studentId,
        enrolment_.courseCode,
        enrolment_.semester as semester3_,
        enrolment_."year" as year4_3_ 
    from
        Enrolment enrolment_ 
    where
        enrolment_.studentId=? 
        and enrolment_.courseCode=?
14:18:40,610 DEBUG SQL:104 - 
    select
        course_.courseCode,
        course_.description as descript2_1_ 
    from
        Course course_ 
    where
        course_.courseCode=?
14:18:40,631 DEBUG SQL:104 - 
    select
        student_.studentId,
        student_.name_first as name2_4_,
        student_.name_middle as name3_4_,
        student_.name_last as name4_4_,
        student_.preferredCourseCode as preferre5_4_ 
    from
        Student student_ 
    where
        student_.studentId=?
14:18:40,632 DEBUG SQL:104 - 
    select
        enrolment_.studentId,
        enrolment_.courseCode,
        enrolment_.semester as semester3_,
        enrolment_."year" as year4_3_ 
    from
        Enrolment enrolment_ 
    where
        enrolment_.studentId=? 
        and enrolment_.courseCode=?
14:18:40,632 DEBUG SQL:104 - 
    select
        coursemeet_.courseCode,
        coursemeet_.day,
        coursemeet_.period,
        coursemeet_.location 
    from
        CourseMeeting coursemeet_ 
    where
        coursemeet_.courseCode=? 
        and coursemeet_.day=? 
        and coursemeet_.period=? 
        and coursemeet_.location=?
14:18:40,644 DEBUG SQL:104 - 
    select
        coursemeet_.courseCode,
        coursemeet_.day,
        coursemeet_.period,
        coursemeet_.location 
    from
        CourseMeeting coursemeet_ 
    where
        coursemeet_.courseCode=? 
        and coursemeet_.day=? 
        and coursemeet_.period=? 
        and coursemeet_.location=?
14:18:40,645 DEBUG BaseGeneralDataRegion:59 - Caching[foo.org.hibernate.cache.spi.UpdateTimestampsCache] : [Enrolment] -> [5579091069521920]
14:18:40,645 DEBUG SQL:104 - 
    update
        Address 
    set
        studentNumber=null,
        addressType=null 
    where
        studentNumber=?
14:18:40,658 DEBUG BaseGeneralDataRegion:59 - Caching[foo.org.hibernate.cache.spi.UpdateTimestampsCache] : [Address] -> [5579091069575168]
14:18:40,659 DEBUG SQL:104 - 
    delete 
    from
        Student_secretCodes 
    where
        studentNumber=?
14:18:40,659 DEBUG BaseGeneralDataRegion:59 - Caching[foo.org.hibernate.cache.spi.UpdateTimestampsCache] : [Student_secretCodes] -> [5579091069579264]
14:18:40,659 DEBUG BaseGeneralDataRegion:59 - Caching[foo.org.hibernate.cache.spi.UpdateTimestampsCache] : [Enrolment] -> [5579091069579265]
14:18:40,659 DEBUG BaseGeneralDataRegion:59 - Caching[foo.org.hibernate.cache.spi.UpdateTimestampsCache] : [Address] -> [5579091069579266]
14:18:40,659 DEBUG SQL:104 - 
    delete 
    from
        Student_secretCodes 
    where
        studentNumber=?
14:18:40,659 DEBUG BaseGeneralDataRegion:59 - Caching[foo.org.hibernate.cache.spi.UpdateTimestampsCache] : [Student_secretCodes] -> [5579091069579267]
14:18:40,659 DEBUG BaseGeneralDataRegion:59 - Caching[foo.org.hibernate.cache.spi.UpdateTimestampsCache] : [CourseMeeting] -> [5579091069579268]
14:18:40,660 DEBUG SQL:104 - 
    delete 
    from
        Enrolment 
    where
        studentId=? 
        and courseCode=?
14:18:40,668 DEBUG BaseGeneralDataRegion:59 - Caching[foo.org.hibernate.cache.spi.UpdateTimestampsCache] : [Enrolment] -> [5579091069616128]
14:18:40,668 DEBUG SQL:104 - 
    delete 
    from
        Address 
    where
        id=?
14:18:40,668 DEBUG BaseGeneralDataRegion:59 - Caching[foo.org.hibernate.cache.spi.UpdateTimestampsCache] : [Address] -> [5579091069616129]
14:18:40,669 DEBUG SQL:104 - 
    delete 
    from
        Address 
    where
        id=?
14:18:40,669 DEBUG BaseGeneralDataRegion:59 - Caching[foo.org.hibernate.cache.spi.UpdateTimestampsCache] : [Address] -> [5579091069620224]
14:18:40,669 DEBUG SQL:104 - 
    delete 
    from
        Student 
    where
        studentId=?
14:18:40,669 DEBUG BaseGeneralDataRegion:59 - Caching[foo.org.hibernate.cache.spi.UpdateTimestampsCache] : [Student] -> [5579091069620225]
14:18:40,669 DEBUG SQL:104 - 
    delete 
    from
        Enrolment 
    where
        studentId=? 
        and courseCode=?
14:18:40,677 DEBUG BaseGeneralDataRegion:59 - Caching[foo.org.hibernate.cache.spi.UpdateTimestampsCache] : [Enrolment] -> [5579091069652992]
14:18:40,678 DEBUG SQL:104 - 
    delete 
    from
        Student 
    where
        studentId=?
14:18:40,678 DEBUG BaseGeneralDataRegion:59 - Caching[foo.org.hibernate.cache.spi.UpdateTimestampsCache] : [Student] -> [5579091069657088]
14:18:40,678 DEBUG SQL:104 - 
    delete 
    from
        CourseMeeting 
    where
        courseCode=? 
        and day=? 
        and period=? 
        and location=?
14:18:40,678 DEBUG BaseGeneralDataRegion:59 - Caching[foo.org.hibernate.cache.spi.UpdateTimestampsCache] : [CourseMeeting] -> [5579091069657089]
14:18:40,678 DEBUG SQL:104 - 
    delete 
    from
        CourseMeeting 
    where
        courseCode=? 
        and day=? 
        and period=? 
        and location=?
14:18:40,689 DEBUG BaseGeneralDataRegion:59 - Caching[foo.org.hibernate.cache.spi.UpdateTimestampsCache] : [CourseMeeting] -> [5579091069702144]
14:18:40,689 DEBUG SQL:104 - 
    delete 
    from
        Course 
    where
        courseCode=?
14:18:40,690 DEBUG BaseGeneralDataRegion:59 - Caching[foo.org.hibernate.cache.spi.UpdateTimestampsCache] : [Course] -> [5579091069706240]
14:18:40,690 DEBUG BaseGeneralDataRegion:59 - Caching[foo.org.hibernate.cache.spi.UpdateTimestampsCache] : [Student] -> [5579090823946241]
14:18:40,690 DEBUG BaseGeneralDataRegion:59 - Caching[foo.org.hibernate.cache.spi.UpdateTimestampsCache] : [Course] -> [5579090823946241]
14:18:40,690 DEBUG BaseGeneralDataRegion:59 - Caching[foo.org.hibernate.cache.spi.UpdateTimestampsCache] : [Enrolment] -> [5579090823946241]
14:18:40,690 DEBUG BaseGeneralDataRegion:59 - Caching[foo.org.hibernate.cache.spi.UpdateTimestampsCache] : [Student_secretCodes] -> [5579090823946241]
14:18:40,690 DEBUG BaseGeneralDataRegion:59 - Caching[foo.org.hibernate.cache.spi.UpdateTimestampsCache] : [Address] -> [5579090823946241]
14:18:40,690 DEBUG BaseGeneralDataRegion:59 - Caching[foo.org.hibernate.cache.spi.UpdateTimestampsCache] : [CourseMeeting] -> [5579090823946241]
14:18:40,691  INFO CustomRunner:139 - Test: testEntityWithJoinedLazyOneToManyMultiAndNullListCriteria
14:18:40,692 DEBUG SQL:104 - 
    select
        coursemeet_.courseCode,
        coursemeet_.day,
        coursemeet_.period,
        coursemeet_.location 
    from
        CourseMeeting coursemeet_ 
    where
        coursemeet_.courseCode=? 
        and coursemeet_.day=? 
        and coursemeet_.period=? 
        and coursemeet_.location=?
14:18:40,702 DEBUG SQL:104 - 
    select
        coursemeet_.courseCode,
        coursemeet_.day,
        coursemeet_.period,
        coursemeet_.location 
    from
        CourseMeeting coursemeet_ 
    where
        coursemeet_.courseCode=? 
        and coursemeet_.day=? 
        and coursemeet_.period=? 
        and coursemeet_.location=?
14:18:40,703 DEBUG SQL:104 - 
    insert 
    into
        Course
        (description, courseCode) 
    values
        (?, ?)
14:18:40,704 DEBUG BaseGeneralDataRegion:59 - Caching[foo.org.hibernate.cache.spi.UpdateTimestampsCache] : [Course] -> [5579091069763584]
14:18:40,704 DEBUG SQL:104 - 
    insert 
    into
        CourseMeeting
        (courseCode, day, period, location) 
    values
        (?, ?, ?, ?)
14:18:40,711 DEBUG BaseGeneralDataRegion:59 - Caching[foo.org.hibernate.cache.spi.UpdateTimestampsCache] : [CourseMeeting] -> [5579091069792256]
14:18:40,712 DEBUG SQL:104 - 
    insert 
    into
        CourseMeeting
        (courseCode, day, period, location) 
    values
        (?, ?, ?, ?)
14:18:40,712 DEBUG BaseGeneralDataRegion:59 - Caching[foo.org.hibernate.cache.spi.UpdateTimestampsCache] : [CourseMeeting] -> [5579091069796352]
14:18:40,713 DEBUG SQL:104 - 
    insert 
    into
        Student
        (name_first, name_middle, name_last, preferredCourseCode, studentId) 
    values
        (?, ?, ?, ?, ?)
14:18:40,713 DEBUG BaseGeneralDataRegion:59 - Caching[foo.org.hibernate.cache.spi.UpdateTimestampsCache] : [Student] -> [5579091069800448]
14:18:40,713 DEBUG SQL:104 - 
    insert 
    into
        Address
        (addressType, street, city, stateProvince, postalCode, country, studentNumber, id) 
    values
        (?, ?, ?, ?, ?, ?, ?, ?)
14:18:40,714 DEBUG BaseGeneralDataRegion:59 - Caching[foo.org.hibernate.cache.spi.UpdateTimestampsCache] : [Address] -> [5579091069804544]
14:18:40,714 DEBUG SQL:104 - 
    insert 
    into
        Address
        (addressType, street, city, stateProvince, postalCode, country, studentNumber, id) 
    values
        (?, ?, ?, ?, ?, ?, ?, ?)
14:18:40,715 DEBUG BaseGeneralDataRegion:59 - Caching[foo.org.hibernate.cache.spi.UpdateTimestampsCache] : [Address] -> [5579091069808640]
14:18:40,715 DEBUG SQL:104 - 
    insert 
    into
        Student
        (name_first, name_middle, name_last, preferredCourseCode, studentId) 
    values
        (?, ?, ?, ?, ?)
14:18:40,715 DEBUG BaseGeneralDataRegion:59 - Caching[foo.org.hibernate.cache.spi.UpdateTimestampsCache] : [Student] -> [5579091069808641]
14:18:40,716 DEBUG SQL:104 - 
    insert 
    into
        Enrolment
        (semester, "year", studentId, courseCode) 
    values
        (?, ?, ?, ?)
14:18:40,716 DEBUG BaseGeneralDataRegion:59 - Caching[foo.org.hibernate.cache.spi.UpdateTimestampsCache] : [Enrolment] -> [5579091069812736]
14:18:40,717 DEBUG SQL:104 - 
    insert 
    into
        Enrolment
        (semester, "year", studentId, courseCode) 
    values
        (?, ?, ?, ?)
14:18:40,717 DEBUG BaseGeneralDataRegion:59 - Caching[foo.org.hibernate.cache.spi.UpdateTimestampsCache] : [Enrolment] -> [5579091069816832]
14:18:40,717 DEBUG BaseGeneralDataRegion:59 - Caching[foo.org.hibernate.cache.spi.UpdateTimestampsCache] : [CourseMeeting] -> [5579091069816833]
14:18:40,717 DEBUG BaseGeneralDataRegion:59 - Caching[foo.org.hibernate.cache.spi.UpdateTimestampsCache] : [Enrolment] -> [5579091069816834]
14:18:40,718 DEBUG SQL:104 - 
    update
        Address 
    set
        studentNumber=?,
        addressType=? 
    where
        id=?
14:18:40,724 DEBUG SQL:104 - 
    update
        Address 
    set
        studentNumber=?,
        addressType=? 
    where
        id=?
14:18:40,725 DEBUG BaseGeneralDataRegion:59 - Caching[foo.org.hibernate.cache.spi.UpdateTimestampsCache] : [Address] -> [5579091069849600]
14:18:40,725 DEBUG SQL:104 - 
    insert 
    into
        Student_secretCodes
        (studentNumber, i, secretCode) 
    values
        (?, ?, ?)
14:18:40,726 DEBUG BaseGeneralDataRegion:59 - Caching[foo.org.hibernate.cache.spi.UpdateTimestampsCache] : [Student_secretCodes] -> [5579091069853696]
14:18:40,726 DEBUG BaseGeneralDataRegion:59 - Caching[foo.org.hibernate.cache.spi.UpdateTimestampsCache] : [Enrolment] -> [5579091069853697]
14:18:40,726 DEBUG BaseGeneralDataRegion:59 - Caching[foo.org.hibernate.cache.spi.UpdateTimestampsCache] : [Address] -> [5579091069853698]
14:18:40,726 DEBUG SQL:104 - 
    insert 
    into
        Student_secretCodes
        (studentNumber, i, secretCode) 
    values
        (?, ?, ?)
14:18:40,734 DEBUG SQL:104 - 
    insert 
    into
        Student_secretCodes
        (studentNumber, i, secretCode) 
    values
        (?, ?, ?)
14:18:40,735 DEBUG BaseGeneralDataRegion:59 - Caching[foo.org.hibernate.cache.spi.UpdateTimestampsCache] : [Student_secretCodes] -> [5579091069890560]
14:18:40,735 DEBUG BaseGeneralDataRegion:59 - Caching[foo.org.hibernate.cache.spi.UpdateTimestampsCache] : [Student] -> [5579090824130561]
14:18:40,735 DEBUG BaseGeneralDataRegion:59 - Caching[foo.org.hibernate.cache.spi.UpdateTimestampsCache] : [Course] -> [5579090824130561]
14:18:40,736 DEBUG BaseGeneralDataRegion:59 - Caching[foo.org.hibernate.cache.spi.UpdateTimestampsCache] : [Enrolment] -> [5579090824130561]
14:18:40,736 DEBUG BaseGeneralDataRegion:59 - Caching[foo.org.hibernate.cache.spi.UpdateTimestampsCache] : [Student_secretCodes] -> [5579090824130561]
14:18:40,736 DEBUG BaseGeneralDataRegion:59 - Caching[foo.org.hibernate.cache.spi.UpdateTimestampsCache] : [Address] -> [5579090824130561]
14:18:40,736 DEBUG BaseGeneralDataRegion:59 - Caching[foo.org.hibernate.cache.spi.UpdateTimestampsCache] : [CourseMeeting] -> [5579090824130561]
14:18:40,737 DEBUG SQL:104 - 
    select
        student_.studentId,
        student_.name_first as name2_4_,
        student_.name_middle as name3_4_,
        student_.name_last as name4_4_,
        student_.preferredCourseCode as preferre5_4_ 
    from
        Student student_ 
    where
        student_.studentId=?
14:18:40,738 DEBUG SQL:104 - 
    select
        enrolment_.studentId,
        enrolment_.courseCode,
        enrolment_.semester as semester3_,
        enrolment_."year" as year4_3_ 
    from
        Enrolment enrolment_ 
    where
        enrolment_.studentId=? 
        and enrolment_.courseCode=?
14:18:40,738 DEBUG SQL:104 - 
    select
        course_.courseCode,
        course_.description as descript2_1_ 
    from
        Course course_ 
    where
        course_.courseCode=?
14:18:40,759 DEBUG SQL:104 - 
    select
        student_.studentId,
        student_.name_first as name2_4_,
        student_.name_middle as name3_4_,
        student_.name_last as name4_4_,
        student_.preferredCourseCode as preferre5_4_ 
    from
        Student student_ 
    where
        student_.studentId=?
14:18:40,760 DEBUG SQL:104 - 
    select
        enrolment_.studentId,
        enrolment_.courseCode,
        enrolment_.semester as semester3_,
        enrolment_."year" as year4_3_ 
    from
        Enrolment enrolment_ 
    where
        enrolment_.studentId=? 
        and enrolment_.courseCode=?
14:18:40,760 DEBUG SQL:104 - 
    select
        coursemeet_.courseCode,
        coursemeet_.day,
        coursemeet_.period,
        coursemeet_.location 
    from
        CourseMeeting coursemeet_ 
    where
        coursemeet_.courseCode=? 
        and coursemeet_.day=? 
        and coursemeet_.period=? 
        and coursemeet_.location=?
14:18:40,770 DEBUG SQL:104 - 
    select
        coursemeet_.courseCode,
        coursemeet_.day,
        coursemeet_.period,
        coursemeet_.location 
    from
        CourseMeeting coursemeet_ 
    where
        coursemeet_.courseCode=? 
        and coursemeet_.day=? 
        and coursemeet_.period=? 
        and coursemeet_.location=?
14:18:40,770 DEBUG BaseGeneralDataRegion:59 - Caching[foo.org.hibernate.cache.spi.UpdateTimestampsCache] : [Enrolment] -> [5579091070033920]
14:18:40,770 DEBUG SQL:104 - 
    update
        Address 
    set
        studentNumber=null,
        addressType=null 
    where
        studentNumber=?
14:18:40,771 DEBUG BaseGeneralDataRegion:59 - Caching[foo.org.hibernate.cache.spi.UpdateTimestampsCache] : [Address] -> [5579091070038016]
14:18:40,771 DEBUG SQL:104 - 
    delete 
    from
        Student_secretCodes 
    where
        studentNumber=?
14:18:40,780 DEBUG BaseGeneralDataRegion:59 - Caching[foo.org.hibernate.cache.spi.UpdateTimestampsCache] : [Student_secretCodes] -> [5579091070074880]
14:18:40,780 DEBUG BaseGeneralDataRegion:59 - Caching[foo.org.hibernate.cache.spi.UpdateTimestampsCache] : [Enrolment] -> [5579091070074881]
14:18:40,780 DEBUG BaseGeneralDataRegion:59 - Caching[foo.org.hibernate.cache.spi.UpdateTimestampsCache] : [Address] -> [5579091070074882]
14:18:40,780 DEBUG SQL:104 - 
    delete 
    from
        Student_secretCodes 
    where
        studentNumber=?
14:18:40,780 DEBUG BaseGeneralDataRegion:59 - Caching[foo.org.hibernate.cache.spi.UpdateTimestampsCache] : [Student_secretCodes] -> [5579091070074883]
14:18:40,781 DEBUG BaseGeneralDataRegion:59 - Caching[foo.org.hibernate.cache.spi.UpdateTimestampsCache] : [CourseMeeting] -> [5579091070078976]
14:18:40,781 DEBUG SQL:104 - 
    delete 
    from
        Enrolment 
    where
        studentId=? 
        and courseCode=?
14:18:40,781 DEBUG BaseGeneralDataRegion:59 - Caching[foo.org.hibernate.cache.spi.UpdateTimestampsCache] : [Enrolment] -> [5579091070078977]
14:18:40,781 DEBUG SQL:104 - 
    delete 
    from
        Address 
    where
        id=?
14:18:40,789 DEBUG BaseGeneralDataRegion:59 - Caching[foo.org.hibernate.cache.spi.UpdateTimestampsCache] : [Address] -> [5579091070111744]
14:18:40,790 DEBUG SQL:104 - 
    delete 
    from
        Address 
    where
        id=?
14:18:40,790 DEBUG BaseGeneralDataRegion:59 - Caching[foo.org.hibernate.cache.spi.UpdateTimestampsCache] : [Address] -> [5579091070115840]
14:18:40,790 DEBUG SQL:104 - 
    delete 
    from
        Student 
    where
        studentId=?
14:18:40,790 DEBUG BaseGeneralDataRegion:59 - Caching[foo.org.hibernate.cache.spi.UpdateTimestampsCache] : [Student] -> [5579091070115841]
14:18:40,790 DEBUG SQL:104 - 
    delete 
    from
        Enrolment 
    where
        studentId=? 
        and courseCode=?
14:18:40,790 DEBUG BaseGeneralDataRegion:59 - Caching[foo.org.hibernate.cache.spi.UpdateTimestampsCache] : [Enrolment] -> [5579091070115842]
14:18:40,790 DEBUG SQL:104 - 
    delete 
    from
        Student 
    where
        studentId=?
14:18:40,799 DEBUG BaseGeneralDataRegion:59 - Caching[foo.org.hibernate.cache.spi.UpdateTimestampsCache] : [Student] -> [5579091070152704]
14:18:40,800 DEBUG SQL:104 - 
    delete 
    from
        CourseMeeting 
    where
        courseCode=? 
        and day=? 
        and period=? 
        and location=?
14:18:40,800 DEBUG BaseGeneralDataRegion:59 - Caching[foo.org.hibernate.cache.spi.UpdateTimestampsCache] : [CourseMeeting] -> [5579091070156800]
14:18:40,800 DEBUG SQL:104 - 
    delete 
    from
        CourseMeeting 
    where
        courseCode=? 
        and day=? 
        and period=? 
        and location=?
14:18:40,800 DEBUG BaseGeneralDataRegion:59 - Caching[foo.org.hibernate.cache.spi.UpdateTimestampsCache] : [CourseMeeting] -> [5579091070156801]
14:18:40,800 DEBUG SQL:104 - 
    delete 
    from
        Course 
    where
        courseCode=?
14:18:40,801 DEBUG BaseGeneralDataRegion:59 - Caching[foo.org.hibernate.cache.spi.UpdateTimestampsCache] : [Course] -> [5579091070160896]
14:18:40,801 DEBUG BaseGeneralDataRegion:59 - Caching[foo.org.hibernate.cache.spi.UpdateTimestampsCache] : [Student] -> [5579090824400897]
14:18:40,801 DEBUG BaseGeneralDataRegion:59 - Caching[foo.org.hibernate.cache.spi.UpdateTimestampsCache] : [Course] -> [5579090824400897]
14:18:40,801 DEBUG BaseGeneralDataRegion:59 - Caching[foo.org.hibernate.cache.spi.UpdateTimestampsCache] : [Enrolment] -> [5579090824400897]
14:18:40,808 DEBUG BaseGeneralDataRegion:59 - Caching[foo.org.hibernate.cache.spi.UpdateTimestampsCache] : [Student_secretCodes] -> [5579090824400897]
14:18:40,809 DEBUG BaseGeneralDataRegion:59 - Caching[foo.org.hibernate.cache.spi.UpdateTimestampsCache] : [Address] -> [5579090824400897]
14:18:40,809 DEBUG BaseGeneralDataRegion:59 - Caching[foo.org.hibernate.cache.spi.UpdateTimestampsCache] : [CourseMeeting] -> [5579090824400897]
14:18:40,809 DEBUG SQL:104 - 
    select
        coursemeet_.courseCode,
        coursemeet_.day,
        coursemeet_.period,
        coursemeet_.location 
    from
        CourseMeeting coursemeet_ 
    where
        coursemeet_.courseCode=? 
        and coursemeet_.day=? 
        and coursemeet_.period=? 
        and coursemeet_.location=?
14:18:40,810 DEBUG SQL:104 - 
    select
        coursemeet_.courseCode,
        coursemeet_.day,
        coursemeet_.period,
        coursemeet_.location 
    from
        CourseMeeting coursemeet_ 
    where
        coursemeet_.courseCode=? 
        and coursemeet_.day=? 
        and coursemeet_.period=? 
        and coursemeet_.location=?
14:18:40,810 DEBUG SQL:104 - 
    insert 
    into
        Course
        (description, courseCode) 
    values
        (?, ?)
14:18:40,837 DEBUG BaseGeneralDataRegion:59 - Caching[foo.org.hibernate.cache.spi.UpdateTimestampsCache] : [Course] -> [5579091070308352]
14:18:40,837 DEBUG SQL:104 - 
    insert 
    into
        CourseMeeting
        (courseCode, day, period, location) 
    values
        (?, ?, ?, ?)
14:18:40,837 DEBUG BaseGeneralDataRegion:59 - Caching[foo.org.hibernate.cache.spi.UpdateTimestampsCache] : [CourseMeeting] -> [5579091070308353]
14:18:40,837 DEBUG SQL:104 - 
    insert 
    into
        CourseMeeting
        (courseCode, day, period, location) 
    values
        (?, ?, ?, ?)
14:18:40,837 DEBUG BaseGeneralDataRegion:59 - Caching[foo.org.hibernate.cache.spi.UpdateTimestampsCache] : [CourseMeeting] -> [5579091070308354]
14:18:40,838 DEBUG SQL:104 - 
    insert 
    into
        Student
        (name_first, name_middle, name_last, preferredCourseCode, studentId) 
    values
        (?, ?, ?, ?, ?)
14:18:40,838 DEBUG BaseGeneralDataRegion:59 - Caching[foo.org.hibernate.cache.spi.UpdateTimestampsCache] : [Student] -> [5579091070312448]
14:18:40,838 DEBUG SQL:104 - 
    insert 
    into
        Address
        (addressType, street, city, stateProvince, postalCode, country, studentNumber, id) 
    values
        (?, ?, ?, ?, ?, ?, ?, ?)
14:18:40,838 DEBUG BaseGeneralDataRegion:59 - Caching[foo.org.hibernate.cache.spi.UpdateTimestampsCache] : [Address] -> [5579091070312449]
14:18:40,838 DEBUG SQL:104 - 
    insert 
    into
        Address
        (addressType, street, city, stateProvince, postalCode, country, studentNumber, id) 
    values
        (?, ?, ?, ?, ?, ?, ?, ?)
14:18:40,838 DEBUG BaseGeneralDataRegion:59 - Caching[foo.org.hibernate.cache.spi.UpdateTimestampsCache] : [Address] -> [5579091070312450]
14:18:40,838 DEBUG SQL:104 - 
    insert 
    into
        Student
        (name_first, name_middle, name_last, preferredCourseCode, studentId) 
    values
        (?, ?, ?, ?, ?)
14:18:40,839 DEBUG BaseGeneralDataRegion:59 - Caching[foo.org.hibernate.cache.spi.UpdateTimestampsCache] : [Student] -> [5579091070316544]
14:18:40,839 DEBUG SQL:104 - 
    insert 
    into
        Enrolment
        (semester, "year", studentId, courseCode) 
    values
        (?, ?, ?, ?)
14:18:40,839 DEBUG BaseGeneralDataRegion:59 - Caching[foo.org.hibernate.cache.spi.UpdateTimestampsCache] : [Enrolment] -> [5579091070316545]
14:18:40,839 DEBUG SQL:104 - 
    insert 
    into
        Enrolment
        (semester, "year", studentId, courseCode) 
    values
        (?, ?, ?, ?)
14:18:40,839 DEBUG BaseGeneralDataRegion:59 - Caching[foo.org.hibernate.cache.spi.UpdateTimestampsCache] : [Enrolment] -> [5579091070316546]
14:18:40,839 DEBUG BaseGeneralDataRegion:59 - Caching[foo.org.hibernate.cache.spi.UpdateTimestampsCache] : [CourseMeeting] -> [5579091070316547]
14:18:40,839 DEBUG BaseGeneralDataRegion:59 - Caching[foo.org.hibernate.cache.spi.UpdateTimestampsCache] : [Enrolment] -> [5579091070316548]
14:18:40,840 DEBUG SQL:104 - 
    update
        Address 
    set
        studentNumber=?,
        addressType=? 
    where
        id=?
14:18:40,840 DEBUG SQL:104 - 
    update
        Address 
    set
        studentNumber=?,
        addressType=? 
    where
        id=?
14:18:40,840 DEBUG BaseGeneralDataRegion:59 - Caching[foo.org.hibernate.cache.spi.UpdateTimestampsCache] : [Address] -> [5579091070320640]
14:18:40,840 DEBUG SQL:104 - 
    insert 
    into
        Student_secretCodes
        (studentNumber, i, secretCode) 
    values
        (?, ?, ?)
14:18:40,840 DEBUG BaseGeneralDataRegion:59 - Caching[foo.org.hibernate.cache.spi.UpdateTimestampsCache] : [Student_secretCodes] -> [5579091070320641]
14:18:40,840 DEBUG BaseGeneralDataRegion:59 - Caching[foo.org.hibernate.cache.spi.UpdateTimestampsCache] : [Enrolment] -> [5579091070320642]
14:18:40,840 DEBUG BaseGeneralDataRegion:59 - Caching[foo.org.hibernate.cache.spi.UpdateTimestampsCache] : [Address] -> [5579091070320643]
14:18:40,840 DEBUG SQL:104 - 
    insert 
    into
        Student_secretCodes
        (studentNumber, i, secretCode) 
    values
        (?, ?, ?)
14:18:40,841 DEBUG SQL:104 - 
    insert 
    into
        Student_secretCodes
        (studentNumber, i, secretCode) 
    values
        (?, ?, ?)
14:18:40,841 DEBUG BaseGeneralDataRegion:59 - Caching[foo.org.hibernate.cache.spi.UpdateTimestampsCache] : [Student_secretCodes] -> [5579091070324736]
14:18:40,841 DEBUG BaseGeneralDataRegion:59 - Caching[foo.org.hibernate.cache.spi.UpdateTimestampsCache] : [Student] -> [5579090824564737]
14:18:40,841 DEBUG BaseGeneralDataRegion:59 - Caching[foo.org.hibernate.cache.spi.UpdateTimestampsCache] : [Course] -> [5579090824564737]
14:18:40,841 DEBUG BaseGeneralDataRegion:59 - Caching[foo.org.hibernate.cache.spi.UpdateTimestampsCache] : [Enrolment] -> [5579090824564737]
14:18:40,841 DEBUG BaseGeneralDataRegion:59 - Caching[foo.org.hibernate.cache.spi.UpdateTimestampsCache] : [Student_secretCodes] -> [5579090824564737]
14:18:40,850 DEBUG BaseGeneralDataRegion:59 - Caching[foo.org.hibernate.cache.spi.UpdateTimestampsCache] : [Address] -> [5579090824564737]
14:18:40,850 DEBUG BaseGeneralDataRegion:59 - Caching[foo.org.hibernate.cache.spi.UpdateTimestampsCache] : [CourseMeeting] -> [5579090824564737]
14:18:40,851 DEBUG SQL:104 - 
    select
        student_.studentId,
        student_.name_first as name2_4_,
        student_.name_middle as name3_4_,
        student_.name_last as name4_4_,
        student_.preferredCourseCode as preferre5_4_ 
    from
        Student student_ 
    where
        student_.studentId=?
14:18:40,851 DEBUG SQL:104 - 
    select
        enrolment_.studentId,
        enrolment_.courseCode,
        enrolment_.semester as semester3_,
        enrolment_."year" as year4_3_ 
    from
        Enrolment enrolment_ 
    where
        enrolment_.studentId=? 
        and enrolment_.courseCode=?
14:18:40,852 DEBUG SQL:104 - 
    select
        course_.courseCode,
        course_.description as descript2_1_ 
    from
        Course course_ 
    where
        course_.courseCode=?
14:18:40,863 DEBUG SQL:104 - 
    select
        student_.studentId,
        student_.name_first as name2_4_,
        student_.name_middle as name3_4_,
        student_.name_last as name4_4_,
        student_.preferredCourseCode as preferre5_4_ 
    from
        Student student_ 
    where
        student_.studentId=?
14:18:40,864 DEBUG SQL:104 - 
    select
        enrolment_.studentId,
        enrolment_.courseCode,
        enrolment_.semester as semester3_,
        enrolment_."year" as year4_3_ 
    from
        Enrolment enrolment_ 
    where
        enrolment_.studentId=? 
        and enrolment_.courseCode=?
14:18:40,864 DEBUG SQL:104 - 
    select
        coursemeet_.courseCode,
        coursemeet_.day,
        coursemeet_.period,
        coursemeet_.location 
    from
        CourseMeeting coursemeet_ 
    where
        coursemeet_.courseCode=? 
        and coursemeet_.day=? 
        and coursemeet_.period=? 
        and coursemeet_.location=?
14:18:40,872 DEBUG SQL:104 - 
    select
        coursemeet_.courseCode,
        coursemeet_.day,
        coursemeet_.period,
        coursemeet_.location 
    from
        CourseMeeting coursemeet_ 
    where
        coursemeet_.courseCode=? 
        and coursemeet_.day=? 
        and coursemeet_.period=? 
        and coursemeet_.location=?
14:18:40,882 DEBUG BaseGeneralDataRegion:59 - Caching[foo.org.hibernate.cache.spi.UpdateTimestampsCache] : [Enrolment] -> [5579091070492672]
14:18:40,882 DEBUG SQL:104 - 
    update
        Address 
    set
        studentNumber=null,
        addressType=null 
    where
        studentNumber=?
14:18:40,882 DEBUG BaseGeneralDataRegion:59 - Caching[foo.org.hibernate.cache.spi.UpdateTimestampsCache] : [Address] -> [5579091070492673]
14:18:40,883 DEBUG SQL:104 - 
    delete 
    from
        Student_secretCodes 
    where
        studentNumber=?
14:18:40,883 DEBUG BaseGeneralDataRegion:59 - Caching[foo.org.hibernate.cache.spi.UpdateTimestampsCache] : [Student_secretCodes] -> [5579091070496768]
14:18:40,883 DEBUG BaseGeneralDataRegion:59 - Caching[foo.org.hibernate.cache.spi.UpdateTimestampsCache] : [Enrolment] -> [5579091070496769]
14:18:40,883 DEBUG BaseGeneralDataRegion:59 - Caching[foo.org.hibernate.cache.spi.UpdateTimestampsCache] : [Address] -> [5579091070496770]
14:18:40,890 DEBUG SQL:104 - 
    delete 
    from
        Student_secretCodes 
    where
        studentNumber=?
14:18:40,891 DEBUG BaseGeneralDataRegion:59 - Caching[foo.org.hibernate.cache.spi.UpdateTimestampsCache] : [Student_secretCodes] -> [5579091070529536]
14:18:40,891 DEBUG BaseGeneralDataRegion:59 - Caching[foo.org.hibernate.cache.spi.UpdateTimestampsCache] : [CourseMeeting] -> [5579091070529537]
14:18:40,891 DEBUG SQL:104 - 
    delete 
    from
        Enrolment 
    where
        studentId=? 
        and courseCode=?
14:18:40,891 DEBUG BaseGeneralDataRegion:59 - Caching[foo.org.hibernate.cache.spi.UpdateTimestampsCache] : [Enrolment] -> [5579091070529538]
14:18:40,891 DEBUG SQL:104 - 
    delete 
    from
        Address 
    where
        id=?
14:18:40,891 DEBUG BaseGeneralDataRegion:59 - Caching[foo.org.hibernate.cache.spi.UpdateTimestampsCache] : [Address] -> [5579091070529539]
14:18:40,892 DEBUG SQL:104 - 
    delete 
    from
        Address 
    where
        id=?
14:18:40,892 DEBUG BaseGeneralDataRegion:59 - Caching[foo.org.hibernate.cache.spi.UpdateTimestampsCache] : [Address] -> [5579091070533632]
14:18:40,907 DEBUG SQL:104 - 
    delete 
    from
        Student 
    where
        studentId=?
14:18:40,907 DEBUG BaseGeneralDataRegion:59 - Caching[foo.org.hibernate.cache.spi.UpdateTimestampsCache] : [Student] -> [5579091070595072]
14:18:40,907 DEBUG SQL:104 - 
    delete 
    from
        Enrolment 
    where
        studentId=? 
        and courseCode=?
14:18:40,908 DEBUG BaseGeneralDataRegion:59 - Caching[foo.org.hibernate.cache.spi.UpdateTimestampsCache] : [Enrolment] -> [5579091070599168]
14:18:40,908 DEBUG SQL:104 - 
    delete 
    from
        Student 
    where
        studentId=?
14:18:40,908 DEBUG BaseGeneralDataRegion:59 - Caching[foo.org.hibernate.cache.spi.UpdateTimestampsCache] : [Student] -> [5579091070599169]
14:18:40,908 DEBUG SQL:104 - 
    delete 
    from
        CourseMeeting 
    where
        courseCode=? 
        and day=? 
        and period=? 
        and location=?
14:18:40,916 DEBUG BaseGeneralDataRegion:59 - Caching[foo.org.hibernate.cache.spi.UpdateTimestampsCache] : [CourseMeeting] -> [5579091070631936]
14:18:40,917 DEBUG SQL:104 - 
    delete 
    from
        CourseMeeting 
    where
        courseCode=? 
        and day=? 
        and period=? 
        and location=?
14:18:40,917 DEBUG BaseGeneralDataRegion:59 - Caching[foo.org.hibernate.cache.spi.UpdateTimestampsCache] : [CourseMeeting] -> [5579091070636032]
14:18:40,917 DEBUG SQL:104 - 
    delete 
    from
        Course 
    where
        courseCode=?
14:18:40,917 DEBUG BaseGeneralDataRegion:59 - Caching[foo.org.hibernate.cache.spi.UpdateTimestampsCache] : [Course] -> [5579091070636033]
14:18:40,917 DEBUG BaseGeneralDataRegion:59 - Caching[foo.org.hibernate.cache.spi.UpdateTimestampsCache] : [Student] -> [5579090824876034]
14:18:40,917 DEBUG BaseGeneralDataRegion:59 - Caching[foo.org.hibernate.cache.spi.UpdateTimestampsCache] : [Course] -> [5579090824876034]
14:18:40,917 DEBUG BaseGeneralDataRegion:59 - Caching[foo.org.hibernate.cache.spi.UpdateTimestampsCache] : [Enrolment] -> [5579090824876034]
14:18:40,918 DEBUG BaseGeneralDataRegion:59 - Caching[foo.org.hibernate.cache.spi.UpdateTimestampsCache] : [Student_secretCodes] -> [5579090824876034]
14:18:40,918 DEBUG BaseGeneralDataRegion:59 - Caching[foo.org.hibernate.cache.spi.UpdateTimestampsCache] : [Address] -> [5579090824876034]
14:18:40,918 DEBUG BaseGeneralDataRegion:59 - Caching[foo.org.hibernate.cache.spi.UpdateTimestampsCache] : [CourseMeeting] -> [5579090824876034]
14:18:40,918 DEBUG SQL:104 - 
    select
        coursemeet_.courseCode,
        coursemeet_.day,
        coursemeet_.period,
        coursemeet_.location 
    from
        CourseMeeting coursemeet_ 
    where
        coursemeet_.courseCode=? 
        and coursemeet_.day=? 
        and coursemeet_.period=? 
        and coursemeet_.location=?
14:18:40,926 DEBUG SQL:104 - 
    select
        coursemeet_.courseCode,
        coursemeet_.day,
        coursemeet_.period,
        coursemeet_.location 
    from
        CourseMeeting coursemeet_ 
    where
        coursemeet_.courseCode=? 
        and coursemeet_.day=? 
        and coursemeet_.period=? 
        and coursemeet_.location=?
14:18:40,927 DEBUG SQL:104 - 
    insert 
    into
        Course
        (description, courseCode) 
    values
        (?, ?)
14:18:40,927 DEBUG BaseGeneralDataRegion:59 - Caching[foo.org.hibernate.cache.spi.UpdateTimestampsCache] : [Course] -> [5579091070676992]
14:18:40,927 DEBUG SQL:104 - 
    insert 
    into
        CourseMeeting
        (courseCode, day, period, location) 
    values
        (?, ?, ?, ?)
14:18:40,936 DEBUG BaseGeneralDataRegion:59 - Caching[foo.org.hibernate.cache.spi.UpdateTimestampsCache] : [CourseMeeting] -> [5579091070713856]
14:18:40,936 DEBUG SQL:104 - 
    insert 
    into
        CourseMeeting
        (courseCode, day, period, location) 
    values
        (?, ?, ?, ?)
14:18:40,936 DEBUG BaseGeneralDataRegion:59 - Caching[foo.org.hibernate.cache.spi.UpdateTimestampsCache] : [CourseMeeting] -> [5579091070713857]
14:18:40,936 DEBUG SQL:104 - 
    insert 
    into
        Student
        (name_first, name_middle, name_last, preferredCourseCode, studentId) 
    values
        (?, ?, ?, ?, ?)
14:18:40,936 DEBUG BaseGeneralDataRegion:59 - Caching[foo.org.hibernate.cache.spi.UpdateTimestampsCache] : [Student] -> [5579091070713858]
14:18:40,937 DEBUG SQL:104 - 
    insert 
    into
        Address
        (addressType, street, city, stateProvince, postalCode, country, studentNumber, id) 
    values
        (?, ?, ?, ?, ?, ?, ?, ?)
14:18:40,937 DEBUG BaseGeneralDataRegion:59 - Caching[foo.org.hibernate.cache.spi.UpdateTimestampsCache] : [Address] -> [5579091070717952]
14:18:40,945 DEBUG SQL:104 - 
    insert 
    into
        Address
        (addressType, street, city, stateProvince, postalCode, country, studentNumber, id) 
    values
        (?, ?, ?, ?, ?, ?, ?, ?)
14:18:40,946 DEBUG BaseGeneralDataRegion:59 - Caching[foo.org.hibernate.cache.spi.UpdateTimestampsCache] : [Address] -> [5579091070754816]
14:18:40,946 DEBUG SQL:104 - 
    insert 
    into
        Student
        (name_first, name_middle, name_last, preferredCourseCode, studentId) 
    values
        (?, ?, ?, ?, ?)
14:18:40,946 DEBUG BaseGeneralDataRegion:59 - Caching[foo.org.hibernate.cache.spi.UpdateTimestampsCache] : [Student] -> [5579091070754817]
14:18:40,946 DEBUG SQL:104 - 
    insert 
    into
        Enrolment
        (semester, "year", studentId, courseCode) 
    values
        (?, ?, ?, ?)
14:18:40,946 DEBUG BaseGeneralDataRegion:59 - Caching[foo.org.hibernate.cache.spi.UpdateTimestampsCache] : [Enrolment] -> [5579091070754818]
14:18:40,946 DEBUG SQL:104 - 
    insert 
    into
        Enrolment
        (semester, "year", studentId, courseCode) 
    values
        (?, ?, ?, ?)
14:18:40,956 DEBUG BaseGeneralDataRegion:59 - Caching[foo.org.hibernate.cache.spi.UpdateTimestampsCache] : [Enrolment] -> [5579091070795776]
14:18:40,956 DEBUG BaseGeneralDataRegion:59 - Caching[foo.org.hibernate.cache.spi.UpdateTimestampsCache] : [CourseMeeting] -> [5579091070795777]
14:18:40,956 DEBUG BaseGeneralDataRegion:59 - Caching[foo.org.hibernate.cache.spi.UpdateTimestampsCache] : [Enrolment] -> [5579091070795778]
14:18:40,956 DEBUG SQL:104 - 
    update
        Address 
    set
        studentNumber=?,
        addressType=? 
    where
        id=?
14:18:40,957 DEBUG SQL:104 - 
    update
        Address 
    set
        studentNumber=?,
        addressType=? 
    where
        id=?
14:18:40,957 DEBUG BaseGeneralDataRegion:59 - Caching[foo.org.hibernate.cache.spi.UpdateTimestampsCache] : [Address] -> [5579091070799872]
14:18:40,957 DEBUG SQL:104 - 
    insert 
    into
        Student_secretCodes
        (studentNumber, i, secretCode) 
    values
        (?, ?, ?)
14:18:40,957 DEBUG BaseGeneralDataRegion:59 - Caching[foo.org.hibernate.cache.spi.UpdateTimestampsCache] : [Student_secretCodes] -> [5579091070799873]
14:18:40,957 DEBUG BaseGeneralDataRegion:59 - Caching[foo.org.hibernate.cache.spi.UpdateTimestampsCache] : [Enrolment] -> [5579091070799874]
14:18:40,957 DEBUG BaseGeneralDataRegion:59 - Caching[foo.org.hibernate.cache.spi.UpdateTimestampsCache] : [Address] -> [5579091070799875]
14:18:40,957 DEBUG SQL:104 - 
    insert 
    into
        Student_secretCodes
        (studentNumber, i, secretCode) 
    values
        (?, ?, ?)
14:18:40,958 DEBUG SQL:104 - 
    insert 
    into
        Student_secretCodes
        (studentNumber, i, secretCode) 
    values
        (?, ?, ?)
14:18:40,958 DEBUG BaseGeneralDataRegion:59 - Caching[foo.org.hibernate.cache.spi.UpdateTimestampsCache] : [Student_secretCodes] -> [5579091070803968]
14:18:40,958 DEBUG BaseGeneralDataRegion:59 - Caching[foo.org.hibernate.cache.spi.UpdateTimestampsCache] : [Student] -> [5579090825043969]
14:18:40,958 DEBUG BaseGeneralDataRegion:59 - Caching[foo.org.hibernate.cache.spi.UpdateTimestampsCache] : [Course] -> [5579090825043969]
14:18:40,958 DEBUG BaseGeneralDataRegion:59 - Caching[foo.org.hibernate.cache.spi.UpdateTimestampsCache] : [Enrolment] -> [5579090825043969]
14:18:40,958 DEBUG BaseGeneralDataRegion:59 - Caching[foo.org.hibernate.cache.spi.UpdateTimestampsCache] : [Student_secretCodes] -> [5579090825043969]
14:18:40,958 DEBUG BaseGeneralDataRegion:59 - Caching[foo.org.hibernate.cache.spi.UpdateTimestampsCache] : [Address] -> [5579090825043969]
14:18:40,958 DEBUG BaseGeneralDataRegion:59 - Caching[foo.org.hibernate.cache.spi.UpdateTimestampsCache] : [CourseMeeting] -> [5579090825043969]
14:18:40,959 DEBUG SQL:104 - 
    select
        student_.studentId,
        student_.name_first as name2_4_,
        student_.name_middle as name3_4_,
        student_.name_last as name4_4_,
        student_.preferredCourseCode as preferre5_4_ 
    from
        Student student_ 
    where
        student_.studentId=?
14:18:40,970 DEBUG SQL:104 - 
    select
        enrolment_.studentId,
        enrolment_.courseCode,
        enrolment_.semester as semester3_,
        enrolment_."year" as year4_3_ 
    from
        Enrolment enrolment_ 
    where
        enrolment_.studentId=? 
        and enrolment_.courseCode=?
14:18:40,971 DEBUG SQL:104 - 
    select
        course_.courseCode,
        course_.description as descript2_1_ 
    from
        Course course_ 
    where
        course_.courseCode=?
14:18:40,971 DEBUG SQL:104 - 
    select
        student_.studentId,
        student_.name_first as name2_4_,
        student_.name_middle as name3_4_,
        student_.name_last as name4_4_,
        student_.preferredCourseCode as preferre5_4_ 
    from
        Student student_ 
    where
        student_.studentId=?
14:18:40,982 DEBUG SQL:104 - 
    select
        enrolment_.studentId,
        enrolment_.courseCode,
        enrolment_.semester as semester3_,
        enrolment_."year" as year4_3_ 
    from
        Enrolment enrolment_ 
    where
        enrolment_.studentId=? 
        and enrolment_.courseCode=?
14:18:40,983 DEBUG SQL:104 - 
    select
        coursemeet_.courseCode,
        coursemeet_.day,
        coursemeet_.period,
        coursemeet_.location 
    from
        CourseMeeting coursemeet_ 
    where
        coursemeet_.courseCode=? 
        and coursemeet_.day=? 
        and coursemeet_.period=? 
        and coursemeet_.location=?
14:18:40,983 DEBUG SQL:104 - 
    select
        coursemeet_.courseCode,
        coursemeet_.day,
        coursemeet_.period,
        coursemeet_.location 
    from
        CourseMeeting coursemeet_ 
    where
        coursemeet_.courseCode=? 
        and coursemeet_.day=? 
        and coursemeet_.period=? 
        and coursemeet_.location=?
14:18:40,993 DEBUG BaseGeneralDataRegion:59 - Caching[foo.org.hibernate.cache.spi.UpdateTimestampsCache] : [Enrolment] -> [5579091070947328]
14:18:40,993 DEBUG SQL:104 - 
    update
        Address 
    set
        studentNumber=null,
        addressType=null 
    where
        studentNumber=?
14:18:41,003 DEBUG BaseGeneralDataRegion:59 - Caching[foo.org.hibernate.cache.spi.UpdateTimestampsCache] : [Address] -> [5579091070988288]
14:18:41,003 DEBUG SQL:104 - 
    delete 
    from
        Student_secretCodes 
    where
        studentNumber=?
14:18:41,003 DEBUG BaseGeneralDataRegion:59 - Caching[foo.org.hibernate.cache.spi.UpdateTimestampsCache] : [Student_secretCodes] -> [5579091070988289]
14:18:41,004 DEBUG BaseGeneralDataRegion:59 - Caching[foo.org.hibernate.cache.spi.UpdateTimestampsCache] : [Enrolment] -> [5579091070992384]
14:18:41,004 DEBUG BaseGeneralDataRegion:59 - Caching[foo.org.hibernate.cache.spi.UpdateTimestampsCache] : [Address] -> [5579091070992385]
14:18:41,004 DEBUG SQL:104 - 
    delete 
    from
        Student_secretCodes 
    where
        studentNumber=?
14:18:41,004 DEBUG BaseGeneralDataRegion:59 - Caching[foo.org.hibernate.cache.spi.UpdateTimestampsCache] : [Student_secretCodes] -> [5579091070992386]
14:18:41,004 DEBUG BaseGeneralDataRegion:59 - Caching[foo.org.hibernate.cache.spi.UpdateTimestampsCache] : [CourseMeeting] -> [5579091070992387]
14:18:41,004 DEBUG SQL:104 - 
    delete 
    from
        Enrolment 
    where
        studentId=? 
        and courseCode=?
14:18:41,004 DEBUG BaseGeneralDataRegion:59 - Caching[foo.org.hibernate.cache.spi.UpdateTimestampsCache] : [Enrolment] -> [5579091070992388]
14:18:41,017 DEBUG SQL:104 - 
    delete 
    from
        Address 
    where
        id=?
14:18:41,017 DEBUG BaseGeneralDataRegion:59 - Caching[foo.org.hibernate.cache.spi.UpdateTimestampsCache] : [Address] -> [5579091071045632]
14:18:41,017 DEBUG SQL:104 - 
    delete 
    from
        Address 
    where
        id=?
14:18:41,018 DEBUG BaseGeneralDataRegion:59 - Caching[foo.org.hibernate.cache.spi.UpdateTimestampsCache] : [Address] -> [5579091071049728]
14:18:41,018 DEBUG SQL:104 - 
    delete 
    from
        Student 
    where
        studentId=?
14:18:41,018 DEBUG BaseGeneralDataRegion:59 - Caching[foo.org.hibernate.cache.spi.UpdateTimestampsCache] : [Student] -> [5579091071049729]
14:18:41,018 DEBUG SQL:104 - 
    delete 
    from
        Enrolment 
    where
        studentId=? 
        and courseCode=?
14:18:41,018 DEBUG BaseGeneralDataRegion:59 - Caching[foo.org.hibernate.cache.spi.UpdateTimestampsCache] : [Enrolment] -> [5579091071049730]
14:18:41,018 DEBUG SQL:104 - 
    delete 
    from
        Student 
    where
        studentId=?
14:18:41,027 DEBUG BaseGeneralDataRegion:59 - Caching[foo.org.hibernate.cache.spi.UpdateTimestampsCache] : [Student] -> [5579091071086592]
14:18:41,027 DEBUG SQL:104 - 
    delete 
    from
        CourseMeeting 
    where
        courseCode=? 
        and day=? 
        and period=? 
        and location=?
14:18:41,027 DEBUG BaseGeneralDataRegion:59 - Caching[foo.org.hibernate.cache.spi.UpdateTimestampsCache] : [CourseMeeting] -> [5579091071086593]
14:18:41,028 DEBUG SQL:104 - 
    delete 
    from
        CourseMeeting 
    where
        courseCode=? 
        and day=? 
        and period=? 
        and location=?
14:18:41,028 DEBUG BaseGeneralDataRegion:59 - Caching[foo.org.hibernate.cache.spi.UpdateTimestampsCache] : [CourseMeeting] -> [5579091071090688]
14:18:41,028 DEBUG SQL:104 - 
    delete 
    from
        Course 
    where
        courseCode=?
14:18:41,036 DEBUG BaseGeneralDataRegion:59 - Caching[foo.org.hibernate.cache.spi.UpdateTimestampsCache] : [Course] -> [5579091071123456]
14:18:41,037 DEBUG BaseGeneralDataRegion:59 - Caching[foo.org.hibernate.cache.spi.UpdateTimestampsCache] : [Student] -> [5579090825367552]
14:18:41,037 DEBUG BaseGeneralDataRegion:59 - Caching[foo.org.hibernate.cache.spi.UpdateTimestampsCache] : [Course] -> [5579090825367552]
14:18:41,037 DEBUG BaseGeneralDataRegion:59 - Caching[foo.org.hibernate.cache.spi.UpdateTimestampsCache] : [Enrolment] -> [5579090825367552]
14:18:41,037 DEBUG BaseGeneralDataRegion:59 - Caching[foo.org.hibernate.cache.spi.UpdateTimestampsCache] : [Student_secretCodes] -> [5579090825367552]
14:18:41,037 DEBUG BaseGeneralDataRegion:59 - Caching[foo.org.hibernate.cache.spi.UpdateTimestampsCache] : [Address] -> [5579090825367552]
14:18:41,037 DEBUG BaseGeneralDataRegion:59 - Caching[foo.org.hibernate.cache.spi.UpdateTimestampsCache] : [CourseMeeting] -> [5579090825367552]
14:18:41,037  INFO CustomRunner:139 - Test: testEntityWithJoinedLazyOneToManyMultiAndNullListHql
14:18:41,038 DEBUG SQL:104 - 
    select
        coursemeet_.courseCode,
        coursemeet_.day,
        coursemeet_.period,
        coursemeet_.location 
    from
        CourseMeeting coursemeet_ 
    where
        coursemeet_.courseCode=? 
        and coursemeet_.day=? 
        and coursemeet_.period=? 
        and coursemeet_.location=?
14:18:41,039 DEBUG SQL:104 - 
    select
        coursemeet_.courseCode,
        coursemeet_.day,
        coursemeet_.period,
        coursemeet_.location 
    from
        CourseMeeting coursemeet_ 
    where
        coursemeet_.courseCode=? 
        and coursemeet_.day=? 
        and coursemeet_.period=? 
        and coursemeet_.location=?
14:18:41,049 DEBUG SQL:104 - 
    insert 
    into
        Course
        (description, courseCode) 
    values
        (?, ?)
14:18:41,049 DEBUG BaseGeneralDataRegion:59 - Caching[foo.org.hibernate.cache.spi.UpdateTimestampsCache] : [Course] -> [5579091071176704]
14:18:41,049 DEBUG SQL:104 - 
    insert 
    into
        CourseMeeting
        (courseCode, day, period, location) 
    values
        (?, ?, ?, ?)
14:18:41,050 DEBUG BaseGeneralDataRegion:59 - Caching[foo.org.hibernate.cache.spi.UpdateTimestampsCache] : [CourseMeeting] -> [5579091071180800]
14:18:41,050 DEBUG SQL:104 - 
    insert 
    into
        CourseMeeting
        (courseCode, day, period, location) 
    values
        (?, ?, ?, ?)
14:18:41,058 DEBUG BaseGeneralDataRegion:59 - Caching[foo.org.hibernate.cache.spi.UpdateTimestampsCache] : [CourseMeeting] -> [5579091071213568]
14:18:41,058 DEBUG SQL:104 - 
    insert 
    into
        Student
        (name_first, name_middle, name_last, preferredCourseCode, studentId) 
    values
        (?, ?, ?, ?, ?)
14:18:41,059 DEBUG BaseGeneralDataRegion:59 - Caching[foo.org.hibernate.cache.spi.UpdateTimestampsCache] : [Student] -> [5579091071217664]
14:18:41,059 DEBUG SQL:104 - 
    insert 
    into
        Address
        (addressType, street, city, stateProvince, postalCode, country, studentNumber, id) 
    values
        (?, ?, ?, ?, ?, ?, ?, ?)
14:18:41,059 DEBUG BaseGeneralDataRegion:59 - Caching[foo.org.hibernate.cache.spi.UpdateTimestampsCache] : [Address] -> [5579091071217665]
14:18:41,059 DEBUG SQL:104 - 
    insert 
    into
        Address
        (addressType, street, city, stateProvince, postalCode, country, studentNumber, id) 
    values
        (?, ?, ?, ?, ?, ?, ?, ?)
14:18:41,059 DEBUG BaseGeneralDataRegion:59 - Caching[foo.org.hibernate.cache.spi.UpdateTimestampsCache] : [Address] -> [5579091071217666]
14:18:41,059 DEBUG SQL:104 - 
    insert 
    into
        Student
        (name_first, name_middle, name_last, preferredCourseCode, studentId) 
    values
        (?, ?, ?, ?, ?)
14:18:41,070 DEBUG BaseGeneralDataRegion:59 - Caching[foo.org.hibernate.cache.spi.UpdateTimestampsCache] : [Student] -> [5579091071262720]
14:18:41,071 DEBUG SQL:104 - 
    insert 
    into
        Enrolment
        (semester, "year", studentId, courseCode) 
    values
        (?, ?, ?, ?)
14:18:41,071 DEBUG BaseGeneralDataRegion:59 - Caching[foo.org.hibernate.cache.spi.UpdateTimestampsCache] : [Enrolment] -> [5579091071266816]
14:18:41,071 DEBUG SQL:104 - 
    insert 
    into
        Enrolment
        (semester, "year", studentId, courseCode) 
    values
        (?, ?, ?, ?)
14:18:41,071 DEBUG BaseGeneralDataRegion:59 - Caching[foo.org.hibernate.cache.spi.UpdateTimestampsCache] : [Enrolment] -> [5579091071266817]
14:18:41,071 DEBUG BaseGeneralDataRegion:59 - Caching[foo.org.hibernate.cache.spi.UpdateTimestampsCache] : [CourseMeeting] -> [5579091071266818]
14:18:41,071 DEBUG BaseGeneralDataRegion:59 - Caching[foo.org.hibernate.cache.spi.UpdateTimestampsCache] : [Enrolment] -> [5579091071266819]
14:18:41,072 DEBUG SQL:104 - 
    update
        Address 
    set
        studentNumber=?,
        addressType=? 
    where
        id=?
14:18:41,086 DEBUG SQL:104 - 
    update
        Address 
    set
        studentNumber=?,
        addressType=? 
    where
        id=?
14:18:41,086 DEBUG BaseGeneralDataRegion:59 - Caching[foo.org.hibernate.cache.spi.UpdateTimestampsCache] : [Address] -> [5579091071328256]
14:18:41,087 DEBUG SQL:104 - 
    insert 
    into
        Student_secretCodes
        (studentNumber, i, secretCode) 
    values
        (?, ?, ?)
14:18:41,087 DEBUG BaseGeneralDataRegion:59 - Caching[foo.org.hibernate.cache.spi.UpdateTimestampsCache] : [Student_secretCodes] -> [5579091071332352]
14:18:41,087 DEBUG BaseGeneralDataRegion:59 - Caching[foo.org.hibernate.cache.spi.UpdateTimestampsCache] : [Enrolment] -> [5579091071332353]
14:18:41,087 DEBUG BaseGeneralDataRegion:59 - Caching[foo.org.hibernate.cache.spi.UpdateTimestampsCache] : [Address] -> [5579091071332354]
14:18:41,087 DEBUG SQL:104 - 
    insert 
    into
        Student_secretCodes
        (studentNumber, i, secretCode) 
    values
        (?, ?, ?)
14:18:41,087 DEBUG SQL:104 - 
    insert 
    into
        Student_secretCodes
        (studentNumber, i, secretCode) 
    values
        (?, ?, ?)
14:18:41,087 DEBUG BaseGeneralDataRegion:59 - Caching[foo.org.hibernate.cache.spi.UpdateTimestampsCache] : [Student_secretCodes] -> [5579091071332355]
14:18:41,088 DEBUG BaseGeneralDataRegion:59 - Caching[foo.org.hibernate.cache.spi.UpdateTimestampsCache] : [Student] -> [5579090825576448]
14:18:41,088 DEBUG BaseGeneralDataRegion:59 - Caching[foo.org.hibernate.cache.spi.UpdateTimestampsCache] : [Course] -> [5579090825576448]
14:18:41,088 DEBUG BaseGeneralDataRegion:59 - Caching[foo.org.hibernate.cache.spi.UpdateTimestampsCache] : [Enrolment] -> [5579090825576448]
14:18:41,088 DEBUG BaseGeneralDataRegion:59 - Caching[foo.org.hibernate.cache.spi.UpdateTimestampsCache] : [Student_secretCodes] -> [5579090825576448]
14:18:41,088 DEBUG BaseGeneralDataRegion:59 - Caching[foo.org.hibernate.cache.spi.UpdateTimestampsCache] : [Address] -> [5579090825576448]
14:18:41,088 DEBUG BaseGeneralDataRegion:59 - Caching[foo.org.hibernate.cache.spi.UpdateTimestampsCache] : [CourseMeeting] -> [5579090825576448]
14:18:41,088 DEBUG QueryTranslatorImpl:265 - parse() - HQL: from org.hibernate.test.querycache.Student s left join s.addresses order by s.studentNumber
14:18:41,090 DEBUG QueryTranslatorImpl:283 - --- HQL AST ---
 \-[QUERY] Node: 'query'
    +-[SELECT_FROM] Node: 'SELECT_FROM'
    |  \-[FROM] Node: 'from'
    |     +-[RANGE] Node: 'RANGE'
    |     |  +-[DOT] Node: '.'
    |     |  |  +-[DOT] Node: '.'
    |     |  |  |  +-[DOT] Node: '.'
    |     |  |  |  |  +-[DOT] Node: '.'
    |     |  |  |  |  |  +-[IDENT] Node: 'org'
    |     |  |  |  |  |  \-[IDENT] Node: 'hibernate'
    |     |  |  |  |  \-[IDENT] Node: 'test'
    |     |  |  |  \-[IDENT] Node: 'querycache'
    |     |  |  \-[IDENT] Node: 'Student'
    |     |  \-[ALIAS] Node: 's'
    |     \-[JOIN] Node: 'join'
    |        +-[LEFT] Node: 'left'
    |        \-[DOT] Node: '.'
    |           +-[IDENT] Node: 's'
    |           \-[IDENT] Node: 'addresses'
    \-[ORDER] Node: 'order'
       \-[DOT] Node: '.'
          +-[IDENT] Node: 's'
          \-[IDENT] Node: 'studentNumber'

14:18:41,097 DEBUG ErrorCounter:82 - throwQueryException() : no errors
14:18:41,098 DEBUG FromElement:157 - FromClause{level=1} : org.hibernate.test.querycache.Student (s) -> student0_
14:18:41,098 DEBUG FromReferenceNode:74 - Resolved : s -> student0_.studentId
14:18:41,098 DEBUG DotNode:599 - getDataType() : addresses -> org.hibernate.type.MapType(org.hibernate.test.querycache.Student.addresses)
14:18:41,098 DEBUG FromElementFactory:376 - createEntityAssociation() : One to many - path = s.addresses role = org.hibernate.test.querycache.Student.addresses associatedEntityName = org.hibernate.test.querycache.Address
14:18:41,098 DEBUG FromElement:157 - FromClause{level=1} : org.hibernate.test.querycache.Address (<no alias>) -> addresses1_
14:18:41,098 DEBUG FromClause:282 - addJoinByPathMap() : s.addresses -> FromElement{explicit,not a collection join,not a fetch join,fetch non-lazy properties,classAlias=null,role=null,tableName=Address,tableAlias=addresses1_,origin=Student student0_,columns={student0_.studentId ,className=org.hibernate.test.querycache.Address}}
14:18:41,099 DEBUG DotNode:308 - dereferenceCollection() : Created new FROM element for s.addresses : Address addresses1_
14:18:41,099 DEBUG FromReferenceNode:74 - Resolved : s.addresses -> .
14:18:41,099 DEBUG HqlSqlWalker:403 - createFromJoinElement() : -- join tree --
 \-[JOIN_FRAGMENT] FromElement: 'Address addresses1_' FromElement{explicit,not a collection join,not a fetch join,fetch non-lazy properties,classAlias=null,role=org.hibernate.test.querycache.Student.addresses,tableName=Address,tableAlias=addresses1_,origin=Student student0_,columns={student0_.studentId ,className=org.hibernate.test.querycache.Address}}

14:18:41,099 DEBUG FromReferenceNode:74 - Resolved : s -> student0_.studentId
14:18:41,099 DEBUG DotNode:599 - getDataType() : studentNumber -> org.hibernate.type.LongType@4bf3f9d
14:18:41,099 DEBUG FromReferenceNode:74 - Resolved : s.studentNumber -> student0_.studentId
14:18:41,099 DEBUG HqlSqlWalker:629 - processQuery() :  ( SELECT ( FromClause{level=1} ( Student student0_ Address addresses1_ ) ) ( order ( student0_.studentId student0_.studentId studentNumber ) ) )
14:18:41,100 DEBUG HqlSqlWalker:869 - Derived SELECT clause created.
14:18:41,100 DEBUG JoinProcessor:175 - Using FROM fragment [Student student0_]
14:18:41,100 DEBUG JoinProcessor:175 - Using FROM fragment [left outer join Address addresses1_ on student0_.studentId=addresses1_.studentNumber]
14:18:41,100 DEBUG QueryTranslatorImpl:252 - --- SQL AST ---
 \-[SELECT] QueryNode: 'SELECT'  querySpaces (Student,Address)
    +-[SELECT_CLAUSE] SelectClause: '{derived select clause}'
    |  +-[SELECT_EXPR] SelectExpressionImpl: 'student0_.studentId as studentId4_0_' {FromElement{explicit,not a collection join,not a fetch join,fetch non-lazy properties,classAlias=s,role=null,tableName=Student,tableAlias=student0_,origin=null,columns={,className=org.hibernate.test.querycache.Student}}}
    |  +-[SELECT_EXPR] SelectExpressionImpl: 'addresses1_.id as id0_1_' {FromElement{explicit,not a collection join,not a fetch join,fetch non-lazy properties,classAlias=null,role=org.hibernate.test.querycache.Student.addresses,tableName=Address,tableAlias=addresses1_,origin=Student student0_,columns={student0_.studentId ,className=org.hibernate.test.querycache.Address}}}
    |  +-[SQL_TOKEN] SqlFragment: 'student0_.name_first as name2_4_0_, student0_.name_middle as name3_4_0_, student0_.name_last as name4_4_0_, student0_.preferredCourseCode as preferre5_4_0_'
    |  \-[SQL_TOKEN] SqlFragment: 'addresses1_.addressType as addressT2_0_1_, addresses1_.street as street0_1_, addresses1_.city as city0_1_, addresses1_.stateProvince as statePro5_0_1_, addresses1_.postalCode as postalCode0_1_, addresses1_.country as country0_1_, addresses1_.studentNumber as studentN8_0_1_'
    +-[FROM] FromClause: 'from' FromClause{level=1, fromElementCounter=2, fromElements=2, fromElementByClassAlias=[s], fromElementByTableAlias=[student0_, addresses1_], fromElementsByPath=[s.addresses], collectionJoinFromElementsByPath=[], impliedElements=[]}
    |  \-[FROM_FRAGMENT] FromElement: 'Student student0_' FromElement{explicit,not a collection join,not a fetch join,fetch non-lazy properties,classAlias=s,role=null,tableName=Student,tableAlias=student0_,origin=null,columns={,className=org.hibernate.test.querycache.Student}}
    |     \-[JOIN_FRAGMENT] FromElement: 'left outer join Address addresses1_ on student0_.studentId=addresses1_.studentNumber' FromElement{explicit,not a collection join,not a fetch join,fetch non-lazy properties,classAlias=null,role=org.hibernate.test.querycache.Student.addresses,tableName=Address,tableAlias=addresses1_,origin=Student student0_,columns={student0_.studentId ,className=org.hibernate.test.querycache.Address}}
    \-[ORDER] OrderByClause: 'order'
       \-[DOT] DotNode: 'student0_.studentId' {propertyName=studentNumber,dereferenceType=ALL,propertyPath=studentNumber,path=s.studentNumber,tableAlias=student0_,className=org.hibernate.test.querycache.Student,classAlias=s}
          +-[ALIAS_REF] IdentNode: 'student0_.studentId' {alias=s, className=org.hibernate.test.querycache.Student, tableAlias=student0_}
          \-[IDENT] IdentNode: 'studentNumber' {originalText=studentNumber}

14:18:41,110 DEBUG ErrorCounter:82 - throwQueryException() : no errors
14:18:41,111 DEBUG QueryTranslatorImpl:235 - HQL: from org.hibernate.test.querycache.Student s left join s.addresses order by s.studentNumber
14:18:41,111 DEBUG QueryTranslatorImpl:236 - SQL: select student0_.studentId as studentId4_0_, addresses1_.id as id0_1_, student0_.name_first as name2_4_0_, student0_.name_middle as name3_4_0_, student0_.name_last as name4_4_0_, student0_.preferredCourseCode as preferre5_4_0_, addresses1_.addressType as addressT2_0_1_, addresses1_.street as street0_1_, addresses1_.city as city0_1_, addresses1_.stateProvince as statePro5_0_1_, addresses1_.postalCode as postalCode0_1_, addresses1_.country as country0_1_, addresses1_.studentNumber as studentN8_0_1_ from Student student0_ left outer join Address addresses1_ on student0_.studentId=addresses1_.studentNumber order by student0_.studentId
14:18:41,111 DEBUG ErrorCounter:82 - throwQueryException() : no errors
14:18:41,111 DEBUG BaseGeneralDataRegion:46 - Cache[foo.org.hibernate.cache.internal.StandardQueryCache] lookup : key[sql: select student0_.studentId as studentId4_0_, addresses1_.id as id0_1_, student0_.name_first as name2_4_0_, student0_.name_middle as name3_4_0_, student0_.name_last as name4_4_0_, student0_.preferredCourseCode as preferre5_4_0_, addresses1_.addressType as addressT2_0_1_, addresses1_.street as street0_1_, addresses1_.city as city0_1_, addresses1_.stateProvince as statePro5_0_1_, addresses1_.postalCode as postalCode0_1_, addresses1_.country as country0_1_, addresses1_.studentNumber as studentN8_0_1_ from Student student0_ left outer join Address addresses1_ on student0_.studentId=addresses1_.studentNumber order by student0_.studentId; parameters: ; named parameters: {}; transformer: org.hibernate.transform.CacheableResultTransformer@1406bf]
14:18:41,111 DEBUG SQL:104 - 
    select
        student0_.studentId as studentId4_0_,
        addresses1_.id as id0_1_,
        student0_.name_first as name2_4_0_,
        student0_.name_middle as name3_4_0_,
        student0_.name_last as name4_4_0_,
        student0_.preferredCourseCode as preferre5_4_0_,
        addresses1_.addressType as addressT2_0_1_,
        addresses1_.street as street0_1_,
        addresses1_.city as city0_1_,
        addresses1_.stateProvince as statePro5_0_1_,
        addresses1_.postalCode as postalCode0_1_,
        addresses1_.country as country0_1_,
        addresses1_.studentNumber as studentN8_0_1_ 
    from
        Student student0_ 
    left outer join
        Address addresses1_ 
            on student0_.studentId=addresses1_.studentNumber 
    order by
        student0_.studentId
14:18:41,120 DEBUG SQL:104 - 
    select
        secretcode0_.studentNumber as studentN1_4_0_,
        secretcode0_.secretCode as secretCode5_0_,
        secretcode0_.i as i0_ 
    from
        Student_secretCodes secretcode0_ 
    where
        secretcode0_.studentNumber=?
14:18:41,130 DEBUG SQL:104 - 
    select
        secretcode0_.studentNumber as studentN1_4_0_,
        secretcode0_.secretCode as secretCode5_0_,
        secretcode0_.i as i0_ 
    from
        Student_secretCodes secretcode0_ 
    where
        secretcode0_.studentNumber=?
14:18:41,130 DEBUG BaseGeneralDataRegion:59 - Caching[foo.org.hibernate.cache.internal.StandardQueryCache] : [sql: select student0_.studentId as studentId4_0_, addresses1_.id as id0_1_, student0_.name_first as name2_4_0_, student0_.name_middle as name3_4_0_, student0_.name_last as name4_4_0_, student0_.preferredCourseCode as preferre5_4_0_, addresses1_.addressType as addressT2_0_1_, addresses1_.street as street0_1_, addresses1_.city as city0_1_, addresses1_.stateProvince as statePro5_0_1_, addresses1_.postalCode as postalCode0_1_, addresses1_.country as country0_1_, addresses1_.studentNumber as studentN8_0_1_ from Student student0_ left outer join Address addresses1_ on student0_.studentId=addresses1_.studentNumber order by student0_.studentId; parameters: ; named parameters: {}; transformer: org.hibernate.transform.CacheableResultTransformer@1406bf] -> [[5579090825748480, [Ljava.io.Serializable;@6dda9b7a, [Ljava.io.Serializable;@2b159eee, [Ljava.io.Serializable;@1875315b]]
14:18:41,131 DEBUG BaseGeneralDataRegion:46 - Cache[foo.org.hibernate.cache.internal.StandardQueryCache] lookup : key[sql: select student0_.studentId as studentId4_0_, addresses1_.id as id0_1_, student0_.name_first as name2_4_0_, student0_.name_middle as name3_4_0_, student0_.name_last as name4_4_0_, student0_.preferredCourseCode as preferre5_4_0_, addresses1_.addressType as addressT2_0_1_, addresses1_.street as street0_1_, addresses1_.city as city0_1_, addresses1_.stateProvince as statePro5_0_1_, addresses1_.postalCode as postalCode0_1_, addresses1_.country as country0_1_, addresses1_.studentNumber as studentN8_0_1_ from Student student0_ left outer join Address addresses1_ on student0_.studentId=addresses1_.studentNumber order by student0_.studentId; parameters: ; named parameters: {}; transformer: org.hibernate.transform.CacheableResultTransformer@1406bf]
14:18:41,131 DEBUG BaseGeneralDataRegion:52 - Cache[foo.org.hibernate.cache.internal.StandardQueryCache] hit: sql: select student0_.studentId as studentId4_0_, addresses1_.id as id0_1_, student0_.name_first as name2_4_0_, student0_.name_middle as name3_4_0_, student0_.name_last as name4_4_0_, student0_.preferredCourseCode as preferre5_4_0_, addresses1_.addressType as addressT2_0_1_, addresses1_.street as street0_1_, addresses1_.city as city0_1_, addresses1_.stateProvince as statePro5_0_1_, addresses1_.postalCode as postalCode0_1_, addresses1_.country as country0_1_, addresses1_.studentNumber as studentN8_0_1_ from Student student0_ left outer join Address addresses1_ on student0_.studentId=addresses1_.studentNumber order by student0_.studentId; parameters: ; named parameters: {}; transformer: org.hibernate.transform.CacheableResultTransformer@1406bf
14:18:41,131 DEBUG BaseGeneralDataRegion:46 - Cache[foo.org.hibernate.cache.spi.UpdateTimestampsCache] lookup : key[Student]
14:18:41,131 DEBUG BaseGeneralDataRegion:52 - Cache[foo.org.hibernate.cache.spi.UpdateTimestampsCache] hit: Student
14:18:41,131 DEBUG BaseGeneralDataRegion:46 - Cache[foo.org.hibernate.cache.spi.UpdateTimestampsCache] lookup : key[Address]
14:18:41,131 DEBUG BaseGeneralDataRegion:52 - Cache[foo.org.hibernate.cache.spi.UpdateTimestampsCache] hit: Address
14:18:41,131 DEBUG SQL:104 - 
    select
        student0_.studentId as studentId4_0_,
        student0_.name_first as name2_4_0_,
        student0_.name_middle as name3_4_0_,
        student0_.name_last as name4_4_0_,
        student0_.preferredCourseCode as preferre5_4_0_ 
    from
        Student student0_ 
    where
        student0_.studentId=?
14:18:41,132 DEBUG SQL:104 - 
    select
        secretcode0_.studentNumber as studentN1_4_0_,
        secretcode0_.secretCode as secretCode5_0_,
        secretcode0_.i as i0_ 
    from
        Student_secretCodes secretcode0_ 
    where
        secretcode0_.studentNumber=?
14:18:41,140 DEBUG SQL:104 - 
    select
        address0_.id as id0_0_,
        address0_.addressType as addressT2_0_0_,
        address0_.street as street0_0_,
        address0_.city as city0_0_,
        address0_.stateProvince as statePro5_0_0_,
        address0_.postalCode as postalCode0_0_,
        address0_.country as country0_0_,
        address0_.studentNumber as studentN8_0_0_ 
    from
        Address address0_ 
    where
        address0_.id=?
14:18:41,140 DEBUG SQL:104 - 
    select
        address0_.id as id0_0_,
        address0_.addressType as addressT2_0_0_,
        address0_.street as street0_0_,
        address0_.city as city0_0_,
        address0_.stateProvince as statePro5_0_0_,
        address0_.postalCode as postalCode0_0_,
        address0_.country as country0_0_,
        address0_.studentNumber as studentN8_0_0_ 
    from
        Address address0_ 
    where
        address0_.id=?
14:18:41,150 DEBUG SQL:104 - 
    select
        student0_.studentId as studentId4_0_,
        student0_.name_first as name2_4_0_,
        student0_.name_middle as name3_4_0_,
        student0_.name_last as name4_4_0_,
        student0_.preferredCourseCode as preferre5_4_0_ 
    from
        Student student0_ 
    where
        student0_.studentId=?
14:18:41,150 DEBUG SQL:104 - 
    select
        secretcode0_.studentNumber as studentN1_4_0_,
        secretcode0_.secretCode as secretCode5_0_,
        secretcode0_.i as i0_ 
    from
        Student_secretCodes secretcode0_ 
    where
        secretcode0_.studentNumber=?
14:18:41,151 DEBUG SQL:104 - 
    select
        student_.studentId,
        student_.name_first as name2_4_,
        student_.name_middle as name3_4_,
        student_.name_last as name4_4_,
        student_.preferredCourseCode as preferre5_4_ 
    from
        Student student_ 
    where
        student_.studentId=?
14:18:41,163 DEBUG SQL:104 - 
    select
        enrolment_.studentId,
        enrolment_.courseCode,
        enrolment_.semester as semester3_,
        enrolment_."year" as year4_3_ 
    from
        Enrolment enrolment_ 
    where
        enrolment_.studentId=? 
        and enrolment_.courseCode=?
14:18:41,163 DEBUG SQL:104 - 
    select
        course_.courseCode,
        course_.description as descript2_1_ 
    from
        Course course_ 
    where
        course_.courseCode=?
14:18:41,164 DEBUG SQL:104 - 
    select
        student_.studentId,
        student_.name_first as name2_4_,
        student_.name_middle as name3_4_,
        student_.name_last as name4_4_,
        student_.preferredCourseCode as preferre5_4_ 
    from
        Student student_ 
    where
        student_.studentId=?
14:18:41,173 DEBUG SQL:104 - 
    select
        enrolment_.studentId,
        enrolment_.courseCode,
        enrolment_.semester as semester3_,
        enrolment_."year" as year4_3_ 
    from
        Enrolment enrolment_ 
    where
        enrolment_.studentId=? 
        and enrolment_.courseCode=?
14:18:41,174 DEBUG SQL:104 - 
    select
        coursemeet_.courseCode,
        coursemeet_.day,
        coursemeet_.period,
        coursemeet_.location 
    from
        CourseMeeting coursemeet_ 
    where
        coursemeet_.courseCode=? 
        and coursemeet_.day=? 
        and coursemeet_.period=? 
        and coursemeet_.location=?
14:18:41,183 DEBUG SQL:104 - 
    select
        coursemeet_.courseCode,
        coursemeet_.day,
        coursemeet_.period,
        coursemeet_.location 
    from
        CourseMeeting coursemeet_ 
    where
        coursemeet_.courseCode=? 
        and coursemeet_.day=? 
        and coursemeet_.period=? 
        and coursemeet_.location=?
14:18:41,183 DEBUG BaseGeneralDataRegion:59 - Caching[foo.org.hibernate.cache.spi.UpdateTimestampsCache] : [Enrolment] -> [5579091071725568]
14:18:41,184 DEBUG SQL:104 - 
    update
        Address 
    set
        studentNumber=null,
        addressType=null 
    where
        studentNumber=?
14:18:41,184 DEBUG BaseGeneralDataRegion:59 - Caching[foo.org.hibernate.cache.spi.UpdateTimestampsCache] : [Address] -> [5579091071729664]
14:18:41,184 DEBUG SQL:104 - 
    delete 
    from
        Student_secretCodes 
    where
        studentNumber=?
14:18:41,184 DEBUG BaseGeneralDataRegion:59 - Caching[foo.org.hibernate.cache.spi.UpdateTimestampsCache] : [Student_secretCodes] -> [5579091071729665]
14:18:41,193 DEBUG BaseGeneralDataRegion:59 - Caching[foo.org.hibernate.cache.spi.UpdateTimestampsCache] : [Enrolment] -> [5579091071766528]
14:18:41,193 DEBUG BaseGeneralDataRegion:59 - Caching[foo.org.hibernate.cache.spi.UpdateTimestampsCache] : [Address] -> [5579091071766529]
14:18:41,193 DEBUG SQL:104 - 
    delete 
    from
        Student_secretCodes 
    where
        studentNumber=?
14:18:41,193 DEBUG BaseGeneralDataRegion:59 - Caching[foo.org.hibernate.cache.spi.UpdateTimestampsCache] : [Student_secretCodes] -> [5579091071766530]
14:18:41,193 DEBUG BaseGeneralDataRegion:59 - Caching[foo.org.hibernate.cache.spi.UpdateTimestampsCache] : [CourseMeeting] -> [5579091071766531]
14:18:41,194 DEBUG SQL:104 - 
    delete 
    from
        Enrolment 
    where
        studentId=? 
        and courseCode=?
14:18:41,194 DEBUG BaseGeneralDataRegion:59 - Caching[foo.org.hibernate.cache.spi.UpdateTimestampsCache] : [Enrolment] -> [5579091071770624]
14:18:41,194 DEBUG SQL:104 - 
    delete 
    from
        Address 
    where
        id=?
14:18:41,194 DEBUG BaseGeneralDataRegion:59 - Caching[foo.org.hibernate.cache.spi.UpdateTimestampsCache] : [Address] -> [5579091071770625]
14:18:41,194 DEBUG SQL:104 - 
    delete 
    from
        Address 
    where
        id=?
14:18:41,203 DEBUG BaseGeneralDataRegion:59 - Caching[foo.org.hibernate.cache.spi.UpdateTimestampsCache] : [Address] -> [5579091071807488]
14:18:41,203 DEBUG SQL:104 - 
    delete 
    from
        Student 
    where
        studentId=?
14:18:41,203 DEBUG BaseGeneralDataRegion:59 - Caching[foo.org.hibernate.cache.spi.UpdateTimestampsCache] : [Student] -> [5579091071807489]
14:18:41,203 DEBUG SQL:104 - 
    delete 
    from
        Enrolment 
    where
        studentId=? 
        and courseCode=?
14:18:41,204 DEBUG BaseGeneralDataRegion:59 - Caching[foo.org.hibernate.cache.spi.UpdateTimestampsCache] : [Enrolment] -> [5579091071811584]
14:18:41,204 DEBUG SQL:104 - 
    delete 
    from
        Student 
    where
        studentId=?
14:18:41,204 DEBUG BaseGeneralDataRegion:59 - Caching[foo.org.hibernate.cache.spi.UpdateTimestampsCache] : [Student] -> [5579091071811585]
14:18:41,204 DEBUG SQL:104 - 
    delete 
    from
        CourseMeeting 
    where
        courseCode=? 
        and day=? 
        and period=? 
        and location=?
14:18:41,213 DEBUG BaseGeneralDataRegion:59 - Caching[foo.org.hibernate.cache.spi.UpdateTimestampsCache] : [CourseMeeting] -> [5579091071848448]
14:18:41,213 DEBUG SQL:104 - 
    delete 
    from
        CourseMeeting 
    where
        courseCode=? 
        and day=? 
        and period=? 
        and location=?
14:18:41,213 DEBUG BaseGeneralDataRegion:59 - Caching[foo.org.hibernate.cache.spi.UpdateTimestampsCache] : [CourseMeeting] -> [5579091071848449]
14:18:41,213 DEBUG SQL:104 - 
    delete 
    from
        Course 
    where
        courseCode=?
14:18:41,214 DEBUG BaseGeneralDataRegion:59 - Caching[foo.org.hibernate.cache.spi.UpdateTimestampsCache] : [Course] -> [5579091071852544]
14:18:41,214 DEBUG BaseGeneralDataRegion:59 - Caching[foo.org.hibernate.cache.spi.UpdateTimestampsCache] : [Student] -> [5579090826092545]
14:18:41,214 DEBUG BaseGeneralDataRegion:59 - Caching[foo.org.hibernate.cache.spi.UpdateTimestampsCache] : [Course] -> [5579090826092545]
14:18:41,214 DEBUG BaseGeneralDataRegion:59 - Caching[foo.org.hibernate.cache.spi.UpdateTimestampsCache] : [Enrolment] -> [5579090826092545]
14:18:41,214 DEBUG BaseGeneralDataRegion:59 - Caching[foo.org.hibernate.cache.spi.UpdateTimestampsCache] : [Student_secretCodes] -> [5579090826092545]
14:18:41,214 DEBUG BaseGeneralDataRegion:59 - Caching[foo.org.hibernate.cache.spi.UpdateTimestampsCache] : [Address] -> [5579090826092545]
14:18:41,214 DEBUG BaseGeneralDataRegion:59 - Caching[foo.org.hibernate.cache.spi.UpdateTimestampsCache] : [CourseMeeting] -> [5579090826092545]
14:18:41,215 DEBUG SQL:104 - 
    select
        coursemeet_.courseCode,
        coursemeet_.day,
        coursemeet_.period,
        coursemeet_.location 
    from
        CourseMeeting coursemeet_ 
    where
        coursemeet_.courseCode=? 
        and coursemeet_.day=? 
        and coursemeet_.period=? 
        and coursemeet_.location=?
14:18:41,215 DEBUG SQL:104 - 
    select
        coursemeet_.courseCode,
        coursemeet_.day,
        coursemeet_.period,
        coursemeet_.location 
    from
        CourseMeeting coursemeet_ 
    where
        coursemeet_.courseCode=? 
        and coursemeet_.day=? 
        and coursemeet_.period=? 
        and coursemeet_.location=?
14:18:41,216 DEBUG SQL:104 - 
    insert 
    into
        Course
        (description, courseCode) 
    values
        (?, ?)
14:18:41,229 DEBUG BaseGeneralDataRegion:59 - Caching[foo.org.hibernate.cache.spi.UpdateTimestampsCache] : [Course] -> [5579091071913984]
14:18:41,229 DEBUG SQL:104 - 
    insert 
    into
        CourseMeeting
        (courseCode, day, period, location) 
    values
        (?, ?, ?, ?)
14:18:41,229 DEBUG BaseGeneralDataRegion:59 - Caching[foo.org.hibernate.cache.spi.UpdateTimestampsCache] : [CourseMeeting] -> [5579091071913985]
14:18:41,229 DEBUG SQL:104 - 
    insert 
    into
        CourseMeeting
        (courseCode, day, period, location) 
    values
        (?, ?, ?, ?)
14:18:41,230 DEBUG BaseGeneralDataRegion:59 - Caching[foo.org.hibernate.cache.spi.UpdateTimestampsCache] : [CourseMeeting] -> [5579091071913986]
14:18:41,230 DEBUG SQL:104 - 
    insert 
    into
        Student
        (name_first, name_middle, name_last, preferredCourseCode, studentId) 
    values
        (?, ?, ?, ?, ?)
14:18:41,230 DEBUG BaseGeneralDataRegion:59 - Caching[foo.org.hibernate.cache.spi.UpdateTimestampsCache] : [Student] -> [5579091071918080]
14:18:41,230 DEBUG SQL:104 - 
    insert 
    into
        Address
        (addressType, street, city, stateProvince, postalCode, country, studentNumber, id) 
    values
        (?, ?, ?, ?, ?, ?, ?, ?)
14:18:41,242 DEBUG BaseGeneralDataRegion:59 - Caching[foo.org.hibernate.cache.spi.UpdateTimestampsCache] : [Address] -> [5579091071967232]
14:18:41,242 DEBUG SQL:104 - 
    insert 
    into
        Address
        (addressType, street, city, stateProvince, postalCode, country, studentNumber, id) 
    values
        (?, ?, ?, ?, ?, ?, ?, ?)
14:18:41,242 DEBUG BaseGeneralDataRegion:59 - Caching[foo.org.hibernate.cache.spi.UpdateTimestampsCache] : [Address] -> [5579091071967233]
14:18:41,242 DEBUG SQL:104 - 
    insert 
    into
        Student
        (name_first, name_middle, name_last, preferredCourseCode, studentId) 
    values
        (?, ?, ?, ?, ?)
14:18:41,243 DEBUG BaseGeneralDataRegion:59 - Caching[foo.org.hibernate.cache.spi.UpdateTimestampsCache] : [Student] -> [5579091071971328]
14:18:41,243 DEBUG SQL:104 - 
    insert 
    into
        Enrolment
        (semester, "year", studentId, courseCode) 
    values
        (?, ?, ?, ?)
14:18:41,243 DEBUG BaseGeneralDataRegion:59 - Caching[foo.org.hibernate.cache.spi.UpdateTimestampsCache] : [Enrolment] -> [5579091071971329]
14:18:41,243 DEBUG SQL:104 - 
    insert 
    into
        Enrolment
        (semester, "year", studentId, courseCode) 
    values
        (?, ?, ?, ?)
14:18:41,251 DEBUG BaseGeneralDataRegion:59 - Caching[foo.org.hibernate.cache.spi.UpdateTimestampsCache] : [Enrolment] -> [5579091072004096]
14:18:41,251 DEBUG BaseGeneralDataRegion:59 - Caching[foo.org.hibernate.cache.spi.UpdateTimestampsCache] : [CourseMeeting] -> [5579091072004097]
14:18:41,251 DEBUG BaseGeneralDataRegion:59 - Caching[foo.org.hibernate.cache.spi.UpdateTimestampsCache] : [Enrolment] -> [5579091072004098]
14:18:41,251 DEBUG SQL:104 - 
    update
        Address 
    set
        studentNumber=?,
        addressType=? 
    where
        id=?
14:18:41,262 DEBUG SQL:104 - 
    update
        Address 
    set
        studentNumber=?,
        addressType=? 
    where
        id=?
14:18:41,262 DEBUG BaseGeneralDataRegion:59 - Caching[foo.org.hibernate.cache.spi.UpdateTimestampsCache] : [Address] -> [5579091072049152]
14:18:41,262 DEBUG SQL:104 - 
    insert 
    into
        Student_secretCodes
        (studentNumber, i, secretCode) 
    values
        (?, ?, ?)
14:18:41,263 DEBUG BaseGeneralDataRegion:59 - Caching[foo.org.hibernate.cache.spi.UpdateTimestampsCache] : [Student_secretCodes] -> [5579091072053248]
14:18:41,263 DEBUG BaseGeneralDataRegion:59 - Caching[foo.org.hibernate.cache.spi.UpdateTimestampsCache] : [Enrolment] -> [5579091072053249]
14:18:41,263 DEBUG BaseGeneralDataRegion:59 - Caching[foo.org.hibernate.cache.spi.UpdateTimestampsCache] : [Address] -> [5579091072053250]
14:18:41,263 DEBUG SQL:104 - 
    insert 
    into
        Student_secretCodes
        (studentNumber, i, secretCode) 
    values
        (?, ?, ?)
14:18:41,263 DEBUG SQL:104 - 
    insert 
    into
        Student_secretCodes
        (studentNumber, i, secretCode) 
    values
        (?, ?, ?)
14:18:41,272 DEBUG BaseGeneralDataRegion:59 - Caching[foo.org.hibernate.cache.spi.UpdateTimestampsCache] : [Student_secretCodes] -> [5579091072090112]
14:18:41,272 DEBUG BaseGeneralDataRegion:59 - Caching[foo.org.hibernate.cache.spi.UpdateTimestampsCache] : [Student] -> [5579090826330113]
14:18:41,272 DEBUG BaseGeneralDataRegion:59 - Caching[foo.org.hibernate.cache.spi.UpdateTimestampsCache] : [Course] -> [5579090826330113]
14:18:41,272 DEBUG BaseGeneralDataRegion:59 - Caching[foo.org.hibernate.cache.spi.UpdateTimestampsCache] : [Enrolment] -> [5579090826330113]
14:18:41,273 DEBUG BaseGeneralDataRegion:59 - Caching[foo.org.hibernate.cache.spi.UpdateTimestampsCache] : [Student_secretCodes] -> [5579090826330113]
14:18:41,273 DEBUG BaseGeneralDataRegion:59 - Caching[foo.org.hibernate.cache.spi.UpdateTimestampsCache] : [Address] -> [5579090826330113]
14:18:41,273 DEBUG BaseGeneralDataRegion:59 - Caching[foo.org.hibernate.cache.spi.UpdateTimestampsCache] : [CourseMeeting] -> [5579090826330113]
14:18:41,273 DEBUG QueryTranslatorImpl:265 - parse() - HQL: from org.hibernate.test.querycache.Student s left join s.addresses a order by s.studentNumber
14:18:41,275 DEBUG QueryTranslatorImpl:283 - --- HQL AST ---
 \-[QUERY] Node: 'query'
    +-[SELECT_FROM] Node: 'SELECT_FROM'
    |  \-[FROM] Node: 'from'
    |     +-[RANGE] Node: 'RANGE'
    |     |  +-[DOT] Node: '.'
    |     |  |  +-[DOT] Node: '.'
    |     |  |  |  +-[DOT] Node: '.'
    |     |  |  |  |  +-[DOT] Node: '.'
    |     |  |  |  |  |  +-[IDENT] Node: 'org'
    |     |  |  |  |  |  \-[IDENT] Node: 'hibernate'
    |     |  |  |  |  \-[IDENT] Node: 'test'
    |     |  |  |  \-[IDENT] Node: 'querycache'
    |     |  |  \-[IDENT] Node: 'Student'
    |     |  \-[ALIAS] Node: 's'
    |     \-[JOIN] Node: 'join'
    |        +-[LEFT] Node: 'left'
    |        +-[DOT] Node: '.'
    |        |  +-[IDENT] Node: 's'
    |        |  \-[IDENT] Node: 'addresses'
    |        \-[ALIAS] Node: 'a'
    \-[ORDER] Node: 'order'
       \-[DOT] Node: '.'
          +-[IDENT] Node: 's'
          \-[IDENT] Node: 'studentNumber'

14:18:41,287 DEBUG ErrorCounter:82 - throwQueryException() : no errors
14:18:41,287 DEBUG FromElement:157 - FromClause{level=1} : org.hibernate.test.querycache.Student (s) -> student0_
14:18:41,287 DEBUG FromReferenceNode:74 - Resolved : s -> student0_.studentId
14:18:41,288 DEBUG DotNode:599 - getDataType() : addresses -> org.hibernate.type.MapType(org.hibernate.test.querycache.Student.addresses)
14:18:41,288 DEBUG FromElementFactory:376 - createEntityAssociation() : One to many - path = s.addresses role = org.hibernate.test.querycache.Student.addresses associatedEntityName = org.hibernate.test.querycache.Address
14:18:41,288 DEBUG FromElement:157 - FromClause{level=1} : org.hibernate.test.querycache.Address (a) -> addresses1_
14:18:41,288 DEBUG FromClause:282 - addJoinByPathMap() : s.addresses -> FromElement{explicit,not a collection join,not a fetch join,fetch non-lazy properties,classAlias=a,role=null,tableName=Address,tableAlias=addresses1_,origin=Student student0_,columns={student0_.studentId ,className=org.hibernate.test.querycache.Address}}
14:18:41,288 DEBUG DotNode:308 - dereferenceCollection() : Created new FROM element for s.addresses : Address addresses1_
14:18:41,288 DEBUG FromReferenceNode:74 - Resolved : s.addresses -> .
14:18:41,288 DEBUG HqlSqlWalker:403 - createFromJoinElement() : -- join tree --
 \-[JOIN_FRAGMENT] FromElement: 'Address addresses1_' FromElement{explicit,not a collection join,not a fetch join,fetch non-lazy properties,classAlias=a,role=org.hibernate.test.querycache.Student.addresses,tableName=Address,tableAlias=addresses1_,origin=Student student0_,columns={student0_.studentId ,className=org.hibernate.test.querycache.Address}}

14:18:41,289 DEBUG FromReferenceNode:74 - Resolved : s -> student0_.studentId
14:18:41,289 DEBUG DotNode:599 - getDataType() : studentNumber -> org.hibernate.type.LongType@4bf3f9d
14:18:41,289 DEBUG FromReferenceNode:74 - Resolved : s.studentNumber -> student0_.studentId
14:18:41,289 DEBUG HqlSqlWalker:629 - processQuery() :  ( SELECT ( FromClause{level=1} ( Student student0_ Address addresses1_ ) ) ( order ( student0_.studentId student0_.studentId studentNumber ) ) )
14:18:41,289 DEBUG HqlSqlWalker:869 - Derived SELECT clause created.
14:18:41,289 DEBUG JoinProcessor:175 - Using FROM fragment [Student student0_]
14:18:41,289 DEBUG JoinProcessor:175 - Using FROM fragment [left outer join Address addresses1_ on student0_.studentId=addresses1_.studentNumber]
14:18:41,290 DEBUG QueryTranslatorImpl:252 - --- SQL AST ---
 \-[SELECT] QueryNode: 'SELECT'  querySpaces (Student,Address)
    +-[SELECT_CLAUSE] SelectClause: '{derived select clause}'
    |  +-[SELECT_EXPR] SelectExpressionImpl: 'student0_.studentId as studentId4_0_' {FromElement{explicit,not a collection join,not a fetch join,fetch non-lazy properties,classAlias=s,role=null,tableName=Student,tableAlias=student0_,origin=null,columns={,className=org.hibernate.test.querycache.Student}}}
    |  +-[SELECT_EXPR] SelectExpressionImpl: 'addresses1_.id as id0_1_' {FromElement{explicit,not a collection join,not a fetch join,fetch non-lazy properties,classAlias=a,role=org.hibernate.test.querycache.Student.addresses,tableName=Address,tableAlias=addresses1_,origin=Student student0_,columns={student0_.studentId ,className=org.hibernate.test.querycache.Address}}}
    |  +-[SQL_TOKEN] SqlFragment: 'student0_.name_first as name2_4_0_, student0_.name_middle as name3_4_0_, student0_.name_last as name4_4_0_, student0_.preferredCourseCode as preferre5_4_0_'
    |  \-[SQL_TOKEN] SqlFragment: 'addresses1_.addressType as addressT2_0_1_, addresses1_.street as street0_1_, addresses1_.city as city0_1_, addresses1_.stateProvince as statePro5_0_1_, addresses1_.postalCode as postalCode0_1_, addresses1_.country as country0_1_, addresses1_.studentNumber as studentN8_0_1_'
    +-[FROM] FromClause: 'from' FromClause{level=1, fromElementCounter=2, fromElements=2, fromElementByClassAlias=[s, a], fromElementByTableAlias=[student0_, addresses1_], fromElementsByPath=[s.addresses], collectionJoinFromElementsByPath=[], impliedElements=[]}
    |  \-[FROM_FRAGMENT] FromElement: 'Student student0_' FromElement{explicit,not a collection join,not a fetch join,fetch non-lazy properties,classAlias=s,role=null,tableName=Student,tableAlias=student0_,origin=null,columns={,className=org.hibernate.test.querycache.Student}}
    |     \-[JOIN_FRAGMENT] FromElement: 'left outer join Address addresses1_ on student0_.studentId=addresses1_.studentNumber' FromElement{explicit,not a collection join,not a fetch join,fetch non-lazy properties,classAlias=a,role=org.hibernate.test.querycache.Student.addresses,tableName=Address,tableAlias=addresses1_,origin=Student student0_,columns={student0_.studentId ,className=org.hibernate.test.querycache.Address}}
    \-[ORDER] OrderByClause: 'order'
       \-[DOT] DotNode: 'student0_.studentId' {propertyName=studentNumber,dereferenceType=ALL,propertyPath=studentNumber,path=s.studentNumber,tableAlias=student0_,className=org.hibernate.test.querycache.Student,classAlias=s}
          +-[ALIAS_REF] IdentNode: 'student0_.studentId' {alias=s, className=org.hibernate.test.querycache.Student, tableAlias=student0_}
          \-[IDENT] IdentNode: 'studentNumber' {originalText=studentNumber}

14:18:41,305 DEBUG ErrorCounter:82 - throwQueryException() : no errors
14:18:41,306 DEBUG QueryTranslatorImpl:235 - HQL: from org.hibernate.test.querycache.Student s left join s.addresses a order by s.studentNumber
14:18:41,306 DEBUG QueryTranslatorImpl:236 - SQL: select student0_.studentId as studentId4_0_, addresses1_.id as id0_1_, student0_.name_first as name2_4_0_, student0_.name_middle as name3_4_0_, student0_.name_last as name4_4_0_, student0_.preferredCourseCode as preferre5_4_0_, addresses1_.addressType as addressT2_0_1_, addresses1_.street as street0_1_, addresses1_.city as city0_1_, addresses1_.stateProvince as statePro5_0_1_, addresses1_.postalCode as postalCode0_1_, addresses1_.country as country0_1_, addresses1_.studentNumber as studentN8_0_1_ from Student student0_ left outer join Address addresses1_ on student0_.studentId=addresses1_.studentNumber order by student0_.studentId
14:18:41,306 DEBUG ErrorCounter:82 - throwQueryException() : no errors
14:18:41,307 DEBUG BaseGeneralDataRegion:46 - Cache[foo.org.hibernate.cache.internal.StandardQueryCache] lookup : key[sql: select student0_.studentId as studentId4_0_, addresses1_.id as id0_1_, student0_.name_first as name2_4_0_, student0_.name_middle as name3_4_0_, student0_.name_last as name4_4_0_, student0_.preferredCourseCode as preferre5_4_0_, addresses1_.addressType as addressT2_0_1_, addresses1_.street as street0_1_, addresses1_.city as city0_1_, addresses1_.stateProvince as statePro5_0_1_, addresses1_.postalCode as postalCode0_1_, addresses1_.country as country0_1_, addresses1_.studentNumber as studentN8_0_1_ from Student student0_ left outer join Address addresses1_ on student0_.studentId=addresses1_.studentNumber order by student0_.studentId; parameters: ; named parameters: {}; transformer: org.hibernate.transform.CacheableResultTransformer@1406bf]
14:18:41,307 DEBUG BaseGeneralDataRegion:52 - Cache[foo.org.hibernate.cache.internal.StandardQueryCache] hit: sql: select student0_.studentId as studentId4_0_, addresses1_.id as id0_1_, student0_.name_first as name2_4_0_, student0_.name_middle as name3_4_0_, student0_.name_last as name4_4_0_, student0_.preferredCourseCode as preferre5_4_0_, addresses1_.addressType as addressT2_0_1_, addresses1_.street as street0_1_, addresses1_.city as city0_1_, addresses1_.stateProvince as statePro5_0_1_, addresses1_.postalCode as postalCode0_1_, addresses1_.country as country0_1_, addresses1_.studentNumber as studentN8_0_1_ from Student student0_ left outer join Address addresses1_ on student0_.studentId=addresses1_.studentNumber order by student0_.studentId; parameters: ; named parameters: {}; transformer: org.hibernate.transform.CacheableResultTransformer@1406bf
14:18:41,307 DEBUG BaseGeneralDataRegion:46 - Cache[foo.org.hibernate.cache.spi.UpdateTimestampsCache] lookup : key[Student]
14:18:41,307 DEBUG BaseGeneralDataRegion:52 - Cache[foo.org.hibernate.cache.spi.UpdateTimestampsCache] hit: Student
14:18:41,307 DEBUG SQL:104 - 
    select
        student0_.studentId as studentId4_0_,
        addresses1_.id as id0_1_,
        student0_.name_first as name2_4_0_,
        student0_.name_middle as name3_4_0_,
        student0_.name_last as name4_4_0_,
        student0_.preferredCourseCode as preferre5_4_0_,
        addresses1_.addressType as addressT2_0_1_,
        addresses1_.street as street0_1_,
        addresses1_.city as city0_1_,
        addresses1_.stateProvince as statePro5_0_1_,
        addresses1_.postalCode as postalCode0_1_,
        addresses1_.country as country0_1_,
        addresses1_.studentNumber as studentN8_0_1_ 
    from
        Student student0_ 
    left outer join
        Address addresses1_ 
            on student0_.studentId=addresses1_.studentNumber 
    order by
        student0_.studentId
14:18:41,316 DEBUG SQL:104 - 
    select
        secretcode0_.studentNumber as studentN1_4_0_,
        secretcode0_.secretCode as secretCode5_0_,
        secretcode0_.i as i0_ 
    from
        Student_secretCodes secretcode0_ 
    where
        secretcode0_.studentNumber=?
14:18:41,317 DEBUG SQL:104 - 
    select
        secretcode0_.studentNumber as studentN1_4_0_,
        secretcode0_.secretCode as secretCode5_0_,
        secretcode0_.i as i0_ 
    from
        Student_secretCodes secretcode0_ 
    where
        secretcode0_.studentNumber=?
14:18:41,317 DEBUG BaseGeneralDataRegion:59 - Caching[foo.org.hibernate.cache.internal.StandardQueryCache] : [sql: select student0_.studentId as studentId4_0_, addresses1_.id as id0_1_, student0_.name_first as name2_4_0_, student0_.name_middle as name3_4_0_, student0_.name_last as name4_4_0_, student0_.preferredCourseCode as preferre5_4_0_, addresses1_.addressType as addressT2_0_1_, addresses1_.street as street0_1_, addresses1_.city as city0_1_, addresses1_.stateProvince as statePro5_0_1_, addresses1_.postalCode as postalCode0_1_, addresses1_.country as country0_1_, addresses1_.studentNumber as studentN8_0_1_ from Student student0_ left outer join Address addresses1_ on student0_.studentId=addresses1_.studentNumber order by student0_.studentId; parameters: ; named parameters: {}; transformer: org.hibernate.transform.CacheableResultTransformer@1406bf] -> [[5579090826514432, [Ljava.io.Serializable;@df7b877, [Ljava.io.Serializable;@26f93cb, [Ljava.io.Serializable;@6b4ff5ac]]
14:18:41,329 DEBUG BaseGeneralDataRegion:46 - Cache[foo.org.hibernate.cache.internal.StandardQueryCache] lookup : key[sql: select student0_.studentId as studentId4_0_, addresses1_.id as id0_1_, student0_.name_first as name2_4_0_, student0_.name_middle as name3_4_0_, student0_.name_last as name4_4_0_, student0_.preferredCourseCode as preferre5_4_0_, addresses1_.addressType as addressT2_0_1_, addresses1_.street as street0_1_, addresses1_.city as city0_1_, addresses1_.stateProvince as statePro5_0_1_, addresses1_.postalCode as postalCode0_1_, addresses1_.country as country0_1_, addresses1_.studentNumber as studentN8_0_1_ from Student student0_ left outer join Address addresses1_ on student0_.studentId=addresses1_.studentNumber order by student0_.studentId; parameters: ; named parameters: {}; transformer: org.hibernate.transform.CacheableResultTransformer@1406bf]
14:18:41,329 DEBUG BaseGeneralDataRegion:52 - Cache[foo.org.hibernate.cache.internal.StandardQueryCache] hit: sql: select student0_.studentId as studentId4_0_, addresses1_.id as id0_1_, student0_.name_first as name2_4_0_, student0_.name_middle as name3_4_0_, student0_.name_last as name4_4_0_, student0_.preferredCourseCode as preferre5_4_0_, addresses1_.addressType as addressT2_0_1_, addresses1_.street as street0_1_, addresses1_.city as city0_1_, addresses1_.stateProvince as statePro5_0_1_, addresses1_.postalCode as postalCode0_1_, addresses1_.country as country0_1_, addresses1_.studentNumber as studentN8_0_1_ from Student student0_ left outer join Address addresses1_ on student0_.studentId=addresses1_.studentNumber order by student0_.studentId; parameters: ; named parameters: {}; transformer: org.hibernate.transform.CacheableResultTransformer@1406bf
14:18:41,329 DEBUG BaseGeneralDataRegion:46 - Cache[foo.org.hibernate.cache.spi.UpdateTimestampsCache] lookup : key[Student]
14:18:41,329 DEBUG BaseGeneralDataRegion:52 - Cache[foo.org.hibernate.cache.spi.UpdateTimestampsCache] hit: Student
14:18:41,330 DEBUG BaseGeneralDataRegion:46 - Cache[foo.org.hibernate.cache.spi.UpdateTimestampsCache] lookup : key[Address]
14:18:41,330 DEBUG BaseGeneralDataRegion:52 - Cache[foo.org.hibernate.cache.spi.UpdateTimestampsCache] hit: Address
14:18:41,330 DEBUG SQL:104 - 
    select
        student0_.studentId as studentId4_0_,
        student0_.name_first as name2_4_0_,
        student0_.name_middle as name3_4_0_,
        student0_.name_last as name4_4_0_,
        student0_.preferredCourseCode as preferre5_4_0_ 
    from
        Student student0_ 
    where
        student0_.studentId=?
14:18:41,331 DEBUG SQL:104 - 
    select
        secretcode0_.studentNumber as studentN1_4_0_,
        secretcode0_.secretCode as secretCode5_0_,
        secretcode0_.i as i0_ 
    from
        Student_secretCodes secretcode0_ 
    where
        secretcode0_.studentNumber=?
14:18:41,331 DEBUG SQL:104 - 
    select
        address0_.id as id0_0_,
        address0_.addressType as addressT2_0_0_,
        address0_.street as street0_0_,
        address0_.city as city0_0_,
        address0_.stateProvince as statePro5_0_0_,
        address0_.postalCode as postalCode0_0_,
        address0_.country as country0_0_,
        address0_.studentNumber as studentN8_0_0_ 
    from
        Address address0_ 
    where
        address0_.id=?
14:18:41,341 DEBUG SQL:104 - 
    select
        address0_.id as id0_0_,
        address0_.addressType as addressT2_0_0_,
        address0_.street as street0_0_,
        address0_.city as city0_0_,
        address0_.stateProvince as statePro5_0_0_,
        address0_.postalCode as postalCode0_0_,
        address0_.country as country0_0_,
        address0_.studentNumber as studentN8_0_0_ 
    from
        Address address0_ 
    where
        address0_.id=?
14:18:41,341 DEBUG SQL:104 - 
    select
        student0_.studentId as studentId4_0_,
        student0_.name_first as name2_4_0_,
        student0_.name_middle as name3_4_0_,
        student0_.name_last as name4_4_0_,
        student0_.preferredCourseCode as preferre5_4_0_ 
    from
        Student student0_ 
    where
        student0_.studentId=?
14:18:41,342 DEBUG SQL:104 - 
    select
        secretcode0_.studentNumber as studentN1_4_0_,
        secretcode0_.secretCode as secretCode5_0_,
        secretcode0_.i as i0_ 
    from
        Student_secretCodes secretcode0_ 
    where
        secretcode0_.studentNumber=?
14:18:41,343 DEBUG SQL:104 - 
    select
        student_.studentId,
        student_.name_first as name2_4_,
        student_.name_middle as name3_4_,
        student_.name_last as name4_4_,
        student_.preferredCourseCode as preferre5_4_ 
    from
        Student student_ 
    where
        student_.studentId=?
14:18:41,343 DEBUG SQL:104 - 
    select
        enrolment_.studentId,
        enrolment_.courseCode,
        enrolment_.semester as semester3_,
        enrolment_."year" as year4_3_ 
    from
        Enrolment enrolment_ 
    where
        enrolment_.studentId=? 
        and enrolment_.courseCode=?
14:18:41,353 DEBUG SQL:104 - 
    select
        course_.courseCode,
        course_.description as descript2_1_ 
    from
        Course course_ 
    where
        course_.courseCode=?
14:18:41,354 DEBUG SQL:104 - 
    select
        student_.studentId,
        student_.name_first as name2_4_,
        student_.name_middle as name3_4_,
        student_.name_last as name4_4_,
        student_.preferredCourseCode as preferre5_4_ 
    from
        Student student_ 
    where
        student_.studentId=?
14:18:41,354 DEBUG SQL:104 - 
    select
        enrolment_.studentId,
        enrolment_.courseCode,
        enrolment_.semester as semester3_,
        enrolment_."year" as year4_3_ 
    from
        Enrolment enrolment_ 
    where
        enrolment_.studentId=? 
        and enrolment_.courseCode=?
14:18:41,367 DEBUG SQL:104 - 
    select
        coursemeet_.courseCode,
        coursemeet_.day,
        coursemeet_.period,
        coursemeet_.location 
    from
        CourseMeeting coursemeet_ 
    where
        coursemeet_.courseCode=? 
        and coursemeet_.day=? 
        and coursemeet_.period=? 
        and coursemeet_.location=?
14:18:41,367 DEBUG SQL:104 - 
    select
        coursemeet_.courseCode,
        coursemeet_.day,
        coursemeet_.period,
        coursemeet_.location 
    from
        CourseMeeting coursemeet_ 
    where
        coursemeet_.courseCode=? 
        and coursemeet_.day=? 
        and coursemeet_.period=? 
        and coursemeet_.location=?
14:18:41,377 DEBUG BaseGeneralDataRegion:59 - Caching[foo.org.hibernate.cache.spi.UpdateTimestampsCache] : [Enrolment] -> [5579091072520192]
14:18:41,377 DEBUG SQL:104 - 
    update
        Address 
    set
        studentNumber=null,
        addressType=null 
    where
        studentNumber=?
14:18:41,378 DEBUG BaseGeneralDataRegion:59 - Caching[foo.org.hibernate.cache.spi.UpdateTimestampsCache] : [Address] -> [5579091072524288]
14:18:41,378 DEBUG SQL:104 - 
    delete 
    from
        Student_secretCodes 
    where
        studentNumber=?
14:18:41,387 DEBUG BaseGeneralDataRegion:59 - Caching[foo.org.hibernate.cache.spi.UpdateTimestampsCache] : [Student_secretCodes] -> [5579091072561152]
14:18:41,388 DEBUG BaseGeneralDataRegion:59 - Caching[foo.org.hibernate.cache.spi.UpdateTimestampsCache] : [Enrolment] -> [5579091072565248]
14:18:41,388 DEBUG BaseGeneralDataRegion:59 - Caching[foo.org.hibernate.cache.spi.UpdateTimestampsCache] : [Address] -> [5579091072565249]
14:18:41,388 DEBUG SQL:104 - 
    delete 
    from
        Student_secretCodes 
    where
        studentNumber=?
14:18:41,388 DEBUG BaseGeneralDataRegion:59 - Caching[foo.org.hibernate.cache.spi.UpdateTimestampsCache] : [Student_secretCodes] -> [5579091072565250]
14:18:41,388 DEBUG BaseGeneralDataRegion:59 - Caching[foo.org.hibernate.cache.spi.UpdateTimestampsCache] : [CourseMeeting] -> [5579091072565251]
14:18:41,388 DEBUG SQL:104 - 
    delete 
    from
        Enrolment 
    where
        studentId=? 
        and courseCode=?
14:18:41,389 DEBUG BaseGeneralDataRegion:59 - Caching[foo.org.hibernate.cache.spi.UpdateTimestampsCache] : [Enrolment] -> [5579091072569344]
14:18:41,389 DEBUG SQL:104 - 
    delete 
    from
        Address 
    where
        id=?
14:18:41,389 DEBUG BaseGeneralDataRegion:59 - Caching[foo.org.hibernate.cache.spi.UpdateTimestampsCache] : [Address] -> [5579091072569345]
14:18:41,398 DEBUG SQL:104 - 
    delete 
    from
        Address 
    where
        id=?
14:18:41,399 DEBUG BaseGeneralDataRegion:59 - Caching[foo.org.hibernate.cache.spi.UpdateTimestampsCache] : [Address] -> [5579091072606208]
14:18:41,399 DEBUG SQL:104 - 
    delete 
    from
        Student 
    where
        studentId=?
14:18:41,399 DEBUG BaseGeneralDataRegion:59 - Caching[foo.org.hibernate.cache.spi.UpdateTimestampsCache] : [Student] -> [5579091072610304]
14:18:41,399 DEBUG SQL:104 - 
    delete 
    from
        Enrolment 
    where
        studentId=? 
        and courseCode=?
14:18:41,399 DEBUG BaseGeneralDataRegion:59 - Caching[foo.org.hibernate.cache.spi.UpdateTimestampsCache] : [Enrolment] -> [5579091072610305]
14:18:41,399 DEBUG SQL:104 - 
    delete 
    from
        Student 
    where
        studentId=?
14:18:41,399 DEBUG BaseGeneralDataRegion:59 - Caching[foo.org.hibernate.cache.spi.UpdateTimestampsCache] : [Student] -> [5579091072610306]
14:18:41,409 DEBUG SQL:104 - 
    delete 
    from
        CourseMeeting 
    where
        courseCode=? 
        and day=? 
        and period=? 
        and location=?
14:18:41,410 DEBUG BaseGeneralDataRegion:59 - Caching[foo.org.hibernate.cache.spi.UpdateTimestampsCache] : [CourseMeeting] -> [5579091072655360]
14:18:41,410 DEBUG SQL:104 - 
    delete 
    from
        CourseMeeting 
    where
        courseCode=? 
        and day=? 
        and period=? 
        and location=?
14:18:41,410 DEBUG BaseGeneralDataRegion:59 - Caching[foo.org.hibernate.cache.spi.UpdateTimestampsCache] : [CourseMeeting] -> [5579091072655361]
14:18:41,410 DEBUG SQL:104 - 
    delete 
    from
        Course 
    where
        courseCode=?
14:18:41,411 DEBUG BaseGeneralDataRegion:59 - Caching[foo.org.hibernate.cache.spi.UpdateTimestampsCache] : [Course] -> [5579091072655362]
14:18:41,420 DEBUG BaseGeneralDataRegion:59 - Caching[foo.org.hibernate.cache.spi.UpdateTimestampsCache] : [Student] -> [5579090826936320]
14:18:41,420 DEBUG BaseGeneralDataRegion:59 - Caching[foo.org.hibernate.cache.spi.UpdateTimestampsCache] : [Course] -> [5579090826936320]
14:18:41,420 DEBUG BaseGeneralDataRegion:59 - Caching[foo.org.hibernate.cache.spi.UpdateTimestampsCache] : [Enrolment] -> [5579090826936320]
14:18:41,420 DEBUG BaseGeneralDataRegion:59 - Caching[foo.org.hibernate.cache.spi.UpdateTimestampsCache] : [Student_secretCodes] -> [5579090826936320]
14:18:41,420 DEBUG BaseGeneralDataRegion:59 - Caching[foo.org.hibernate.cache.spi.UpdateTimestampsCache] : [Address] -> [5579090826936320]
14:18:41,421 DEBUG BaseGeneralDataRegion:59 - Caching[foo.org.hibernate.cache.spi.UpdateTimestampsCache] : [CourseMeeting] -> [5579090826936320]
14:18:41,421  INFO CustomRunner:139 - Test: testEntityWithJoinedLazyOneToManySingleElementListCriteria
14:18:41,422 DEBUG SQL:104 - 
    select
        coursemeet_.courseCode,
        coursemeet_.day,
        coursemeet_.period,
        coursemeet_.location 
    from
        CourseMeeting coursemeet_ 
    where
        coursemeet_.courseCode=? 
        and coursemeet_.day=? 
        and coursemeet_.period=? 
        and coursemeet_.location=?
14:18:41,422 DEBUG SQL:104 - 
    select
        coursemeet_.courseCode,
        coursemeet_.day,
        coursemeet_.period,
        coursemeet_.location 
    from
        CourseMeeting coursemeet_ 
    where
        coursemeet_.courseCode=? 
        and coursemeet_.day=? 
        and coursemeet_.period=? 
        and coursemeet_.location=?
14:18:41,430 DEBUG SQL:104 - 
    insert 
    into
        Course
        (description, courseCode) 
    values
        (?, ?)
14:18:41,431 DEBUG BaseGeneralDataRegion:59 - Caching[foo.org.hibernate.cache.spi.UpdateTimestampsCache] : [Course] -> [5579091072741376]
14:18:41,431 DEBUG SQL:104 - 
    insert 
    into
        CourseMeeting
        (courseCode, day, period, location) 
    values
        (?, ?, ?, ?)
14:18:41,432 DEBUG BaseGeneralDataRegion:59 - Caching[foo.org.hibernate.cache.spi.UpdateTimestampsCache] : [CourseMeeting] -> [5579091072745472]
14:18:41,432 DEBUG SQL:104 - 
    insert 
    into
        CourseMeeting
        (courseCode, day, period, location) 
    values
        (?, ?, ?, ?)
14:18:41,440 DEBUG BaseGeneralDataRegion:59 - Caching[foo.org.hibernate.cache.spi.UpdateTimestampsCache] : [CourseMeeting] -> [5579091072778240]
14:18:41,441 DEBUG SQL:104 - 
    insert 
    into
        Student
        (name_first, name_middle, name_last, preferredCourseCode, studentId) 
    values
        (?, ?, ?, ?, ?)
14:18:41,441 DEBUG BaseGeneralDataRegion:59 - Caching[foo.org.hibernate.cache.spi.UpdateTimestampsCache] : [Student] -> [5579091072782336]
14:18:41,441 DEBUG SQL:104 - 
    insert 
    into
        Address
        (addressType, street, city, stateProvince, postalCode, country, studentNumber, id) 
    values
        (?, ?, ?, ?, ?, ?, ?, ?)
14:18:41,441 DEBUG BaseGeneralDataRegion:59 - Caching[foo.org.hibernate.cache.spi.UpdateTimestampsCache] : [Address] -> [5579091072782337]
14:18:41,441 DEBUG SQL:104 - 
    insert 
    into
        Address
        (addressType, street, city, stateProvince, postalCode, country, studentNumber, id) 
    values
        (?, ?, ?, ?, ?, ?, ?, ?)
14:18:41,442 DEBUG BaseGeneralDataRegion:59 - Caching[foo.org.hibernate.cache.spi.UpdateTimestampsCache] : [Address] -> [5579091072786432]
14:18:41,442 DEBUG SQL:104 - 
    insert 
    into
        Student
        (name_first, name_middle, name_last, preferredCourseCode, studentId) 
    values
        (?, ?, ?, ?, ?)
14:18:41,449 DEBUG BaseGeneralDataRegion:59 - Caching[foo.org.hibernate.cache.spi.UpdateTimestampsCache] : [Student] -> [5579091072815104]
14:18:41,449 DEBUG SQL:104 - 
    insert 
    into
        Enrolment
        (semester, "year", studentId, courseCode) 
    values
        (?, ?, ?, ?)
14:18:41,450 DEBUG BaseGeneralDataRegion:59 - Caching[foo.org.hibernate.cache.spi.UpdateTimestampsCache] : [Enrolment] -> [5579091072819200]
14:18:41,450 DEBUG SQL:104 - 
    insert 
    into
        Enrolment
        (semester, "year", studentId, courseCode) 
    values
        (?, ?, ?, ?)
14:18:41,451 DEBUG BaseGeneralDataRegion:59 - Caching[foo.org.hibernate.cache.spi.UpdateTimestampsCache] : [Enrolment] -> [5579091072819201]
14:18:41,451 DEBUG BaseGeneralDataRegion:59 - Caching[foo.org.hibernate.cache.spi.UpdateTimestampsCache] : [CourseMeeting] -> [5579091072823296]
14:18:41,451 DEBUG BaseGeneralDataRegion:59 - Caching[foo.org.hibernate.cache.spi.UpdateTimestampsCache] : [Enrolment] -> [5579091072823297]
14:18:41,451 DEBUG SQL:104 - 
    update
        Address 
    set
        studentNumber=?,
        addressType=? 
    where
        id=?
14:18:41,460 DEBUG SQL:104 - 
    update
        Address 
    set
        studentNumber=?,
        addressType=? 
    where
        id=?
14:18:41,461 DEBUG BaseGeneralDataRegion:59 - Caching[foo.org.hibernate.cache.spi.UpdateTimestampsCache] : [Address] -> [5579091072864256]
14:18:41,461 DEBUG SQL:104 - 
    insert 
    into
        Student_secretCodes
        (studentNumber, i, secretCode) 
    values
        (?, ?, ?)
14:18:41,461 DEBUG BaseGeneralDataRegion:59 - Caching[foo.org.hibernate.cache.spi.UpdateTimestampsCache] : [Student_secretCodes] -> [5579091072864257]
14:18:41,461 DEBUG BaseGeneralDataRegion:59 - Caching[foo.org.hibernate.cache.spi.UpdateTimestampsCache] : [Enrolment] -> [5579091072864258]
14:18:41,461 DEBUG BaseGeneralDataRegion:59 - Caching[foo.org.hibernate.cache.spi.UpdateTimestampsCache] : [Address] -> [5579091072864259]
14:18:41,461 DEBUG SQL:104 - 
    insert 
    into
        Student_secretCodes
        (studentNumber, i, secretCode) 
    values
        (?, ?, ?)
14:18:41,462 DEBUG SQL:104 - 
    insert 
    into
        Student_secretCodes
        (studentNumber, i, secretCode) 
    values
        (?, ?, ?)
14:18:41,462 DEBUG BaseGeneralDataRegion:59 - Caching[foo.org.hibernate.cache.spi.UpdateTimestampsCache] : [Student_secretCodes] -> [5579091072868352]
14:18:41,462 DEBUG BaseGeneralDataRegion:59 - Caching[foo.org.hibernate.cache.spi.UpdateTimestampsCache] : [Student] -> [5579090827108353]
14:18:41,462 DEBUG BaseGeneralDataRegion:59 - Caching[foo.org.hibernate.cache.spi.UpdateTimestampsCache] : [Course] -> [5579090827108353]
14:18:41,462 DEBUG BaseGeneralDataRegion:59 - Caching[foo.org.hibernate.cache.spi.UpdateTimestampsCache] : [Enrolment] -> [5579090827108353]
14:18:41,462 DEBUG BaseGeneralDataRegion:59 - Caching[foo.org.hibernate.cache.spi.UpdateTimestampsCache] : [Student_secretCodes] -> [5579090827108353]
14:18:41,462 DEBUG BaseGeneralDataRegion:59 - Caching[foo.org.hibernate.cache.spi.UpdateTimestampsCache] : [Address] -> [5579090827108353]
14:18:41,462 DEBUG BaseGeneralDataRegion:59 - Caching[foo.org.hibernate.cache.spi.UpdateTimestampsCache] : [CourseMeeting] -> [5579090827108353]
14:18:41,463 DEBUG SQL:104 - 
    select
        student_.studentId,
        student_.name_first as name2_4_,
        student_.name_middle as name3_4_,
        student_.name_last as name4_4_,
        student_.preferredCourseCode as preferre5_4_ 
    from
        Student student_ 
    where
        student_.studentId=?
14:18:41,463 DEBUG SQL:104 - 
    select
        enrolment_.studentId,
        enrolment_.courseCode,
        enrolment_.semester as semester3_,
        enrolment_."year" as year4_3_ 
    from
        Enrolment enrolment_ 
    where
        enrolment_.studentId=? 
        and enrolment_.courseCode=?
14:18:41,474 DEBUG SQL:104 - 
    select
        course_.courseCode,
        course_.description as descript2_1_ 
    from
        Course course_ 
    where
        course_.courseCode=?
14:18:41,475 DEBUG SQL:104 - 
    select
        student_.studentId,
        student_.name_first as name2_4_,
        student_.name_middle as name3_4_,
        student_.name_last as name4_4_,
        student_.preferredCourseCode as preferre5_4_ 
    from
        Student student_ 
    where
        student_.studentId=?
14:18:41,475 DEBUG SQL:104 - 
    select
        enrolment_.studentId,
        enrolment_.courseCode,
        enrolment_.semester as semester3_,
        enrolment_."year" as year4_3_ 
    from
        Enrolment enrolment_ 
    where
        enrolment_.studentId=? 
        and enrolment_.courseCode=?
14:18:41,485 DEBUG SQL:104 - 
    select
        coursemeet_.courseCode,
        coursemeet_.day,
        coursemeet_.period,
        coursemeet_.location 
    from
        CourseMeeting coursemeet_ 
    where
        coursemeet_.courseCode=? 
        and coursemeet_.day=? 
        and coursemeet_.period=? 
        and coursemeet_.location=?
14:18:41,486 DEBUG SQL:104 - 
    select
        coursemeet_.courseCode,
        coursemeet_.day,
        coursemeet_.period,
        coursemeet_.location 
    from
        CourseMeeting coursemeet_ 
    where
        coursemeet_.courseCode=? 
        and coursemeet_.day=? 
        and coursemeet_.period=? 
        and coursemeet_.location=?
14:18:41,487 DEBUG BaseGeneralDataRegion:59 - Caching[foo.org.hibernate.cache.spi.UpdateTimestampsCache] : [Enrolment] -> [5579091072970752]
14:18:41,487 DEBUG SQL:104 - 
    update
        Address 
    set
        studentNumber=null,
        addressType=null 
    where
        studentNumber=?
14:18:41,487 DEBUG BaseGeneralDataRegion:59 - Caching[foo.org.hibernate.cache.spi.UpdateTimestampsCache] : [Address] -> [5579091072970753]
14:18:41,487 DEBUG SQL:104 - 
    delete 
    from
        Student_secretCodes 
    where
        studentNumber=?
14:18:41,487 DEBUG BaseGeneralDataRegion:59 - Caching[foo.org.hibernate.cache.spi.UpdateTimestampsCache] : [Student_secretCodes] -> [5579091072970754]
14:18:41,488 DEBUG BaseGeneralDataRegion:59 - Caching[foo.org.hibernate.cache.spi.UpdateTimestampsCache] : [Enrolment] -> [5579091072974848]
14:18:41,510 DEBUG BaseGeneralDataRegion:59 - Caching[foo.org.hibernate.cache.spi.UpdateTimestampsCache] : [Address] -> [5579091073064960]
14:18:41,510 DEBUG SQL:104 - 
    delete 
    from
        Student_secretCodes 
    where
        studentNumber=?
14:18:41,510 DEBUG BaseGeneralDataRegion:59 - Caching[foo.org.hibernate.cache.spi.UpdateTimestampsCache] : [Student_secretCodes] -> [5579091073064961]
14:18:41,510 DEBUG BaseGeneralDataRegion:59 - Caching[foo.org.hibernate.cache.spi.UpdateTimestampsCache] : [CourseMeeting] -> [5579091073064962]
14:18:41,511 DEBUG SQL:104 - 
    delete 
    from
        Enrolment 
    where
        studentId=? 
        and courseCode=?
14:18:41,511 DEBUG BaseGeneralDataRegion:59 - Caching[foo.org.hibernate.cache.spi.UpdateTimestampsCache] : [Enrolment] -> [5579091073069056]
14:18:41,511 DEBUG SQL:104 - 
    delete 
    from
        Address 
    where
        id=?
14:18:41,511 DEBUG BaseGeneralDataRegion:59 - Caching[foo.org.hibernate.cache.spi.UpdateTimestampsCache] : [Address] -> [5579091073069057]
14:18:41,511 DEBUG SQL:104 - 
    delete 
    from
        Address 
    where
        id=?
14:18:41,520 DEBUG BaseGeneralDataRegion:59 - Caching[foo.org.hibernate.cache.spi.UpdateTimestampsCache] : [Address] -> [5579091073105920]
14:18:41,520 DEBUG SQL:104 - 
    delete 
    from
        Student 
    where
        studentId=?
14:18:41,520 DEBUG BaseGeneralDataRegion:59 - Caching[foo.org.hibernate.cache.spi.UpdateTimestampsCache] : [Student] -> [5579091073105921]
14:18:41,520 DEBUG SQL:104 - 
    delete 
    from
        Enrolment 
    where
        studentId=? 
        and courseCode=?
14:18:41,520 DEBUG BaseGeneralDataRegion:59 - Caching[foo.org.hibernate.cache.spi.UpdateTimestampsCache] : [Enrolment] -> [5579091073105922]
14:18:41,520 DEBUG SQL:104 - 
    delete 
    from
        Student 
    where
        studentId=?
14:18:41,521 DEBUG BaseGeneralDataRegion:59 - Caching[foo.org.hibernate.cache.spi.UpdateTimestampsCache] : [Student] -> [5579091073110016]
14:18:41,521 DEBUG SQL:104 - 
    delete 
    from
        CourseMeeting 
    where
        courseCode=? 
        and day=? 
        and period=? 
        and location=?
14:18:41,529 DEBUG BaseGeneralDataRegion:59 - Caching[foo.org.hibernate.cache.spi.UpdateTimestampsCache] : [CourseMeeting] -> [5579091073142784]
14:18:41,530 DEBUG SQL:104 - 
    delete 
    from
        CourseMeeting 
    where
        courseCode=? 
        and day=? 
        and period=? 
        and location=?
14:18:41,530 DEBUG BaseGeneralDataRegion:59 - Caching[foo.org.hibernate.cache.spi.UpdateTimestampsCache] : [CourseMeeting] -> [5579091073146880]
14:18:41,530 DEBUG SQL:104 - 
    delete 
    from
        Course 
    where
        courseCode=?
14:18:41,530 DEBUG BaseGeneralDataRegion:59 - Caching[foo.org.hibernate.cache.spi.UpdateTimestampsCache] : [Course] -> [5579091073146881]
14:18:41,530 DEBUG BaseGeneralDataRegion:59 - Caching[foo.org.hibernate.cache.spi.UpdateTimestampsCache] : [Student] -> [5579090827386882]
14:18:41,530 DEBUG BaseGeneralDataRegion:59 - Caching[foo.org.hibernate.cache.spi.UpdateTimestampsCache] : [Course] -> [5579090827386882]
14:18:41,530 DEBUG BaseGeneralDataRegion:59 - Caching[foo.org.hibernate.cache.spi.UpdateTimestampsCache] : [Enrolment] -> [5579090827386882]
14:18:41,530 DEBUG BaseGeneralDataRegion:59 - Caching[foo.org.hibernate.cache.spi.UpdateTimestampsCache] : [Student_secretCodes] -> [5579090827386882]
14:18:41,531 DEBUG BaseGeneralDataRegion:59 - Caching[foo.org.hibernate.cache.spi.UpdateTimestampsCache] : [Address] -> [5579090827386882]
14:18:41,531 DEBUG BaseGeneralDataRegion:59 - Caching[foo.org.hibernate.cache.spi.UpdateTimestampsCache] : [CourseMeeting] -> [5579090827386882]
14:18:41,531 DEBUG SQL:104 - 
    select
        coursemeet_.courseCode,
        coursemeet_.day,
        coursemeet_.period,
        coursemeet_.location 
    from
        CourseMeeting coursemeet_ 
    where
        coursemeet_.courseCode=? 
        and coursemeet_.day=? 
        and coursemeet_.period=? 
        and coursemeet_.location=?
14:18:41,539 DEBUG SQL:104 - 
    select
        coursemeet_.courseCode,
        coursemeet_.day,
        coursemeet_.period,
        coursemeet_.location 
    from
        CourseMeeting coursemeet_ 
    where
        coursemeet_.courseCode=? 
        and coursemeet_.day=? 
        and coursemeet_.period=? 
        and coursemeet_.location=?
14:18:41,540 DEBUG SQL:104 - 
    insert 
    into
        Course
        (description, courseCode) 
    values
        (?, ?)
14:18:41,549 DEBUG BaseGeneralDataRegion:59 - Caching[foo.org.hibernate.cache.spi.UpdateTimestampsCache] : [Course] -> [5579091073224704]
14:18:41,549 DEBUG SQL:104 - 
    insert 
    into
        CourseMeeting
        (courseCode, day, period, location) 
    values
        (?, ?, ?, ?)
14:18:41,549 DEBUG BaseGeneralDataRegion:59 - Caching[foo.org.hibernate.cache.spi.UpdateTimestampsCache] : [CourseMeeting] -> [5579091073224705]
14:18:41,550 DEBUG SQL:104 - 
    insert 
    into
        CourseMeeting
        (courseCode, day, period, location) 
    values
        (?, ?, ?, ?)
14:18:41,550 DEBUG BaseGeneralDataRegion:59 - Caching[foo.org.hibernate.cache.spi.UpdateTimestampsCache] : [CourseMeeting] -> [5579091073228800]
14:18:41,550 DEBUG SQL:104 - 
    insert 
    into
        Student
        (name_first, name_middle, name_last, preferredCourseCode, studentId) 
    values
        (?, ?, ?, ?, ?)
14:18:41,550 DEBUG BaseGeneralDataRegion:59 - Caching[foo.org.hibernate.cache.spi.UpdateTimestampsCache] : [Student] -> [5579091073228801]
14:18:41,550 DEBUG SQL:104 - 
    insert 
    into
        Address
        (addressType, street, city, stateProvince, postalCode, country, studentNumber, id) 
    values
        (?, ?, ?, ?, ?, ?, ?, ?)
14:18:41,567 DEBUG BaseGeneralDataRegion:59 - Caching[foo.org.hibernate.cache.spi.UpdateTimestampsCache] : [Address] -> [5579091073298432]
14:18:41,567 DEBUG SQL:104 - 
    insert 
    into
        Address
        (addressType, street, city, stateProvince, postalCode, country, studentNumber, id) 
    values
        (?, ?, ?, ?, ?, ?, ?, ?)
14:18:41,567 DEBUG BaseGeneralDataRegion:59 - Caching[foo.org.hibernate.cache.spi.UpdateTimestampsCache] : [Address] -> [5579091073298433]
14:18:41,568 DEBUG SQL:104 - 
    insert 
    into
        Student
        (name_first, name_middle, name_last, preferredCourseCode, studentId) 
    values
        (?, ?, ?, ?, ?)
14:18:41,568 DEBUG BaseGeneralDataRegion:59 - Caching[foo.org.hibernate.cache.spi.UpdateTimestampsCache] : [Student] -> [5579091073302528]
14:18:41,568 DEBUG SQL:104 - 
    insert 
    into
        Enrolment
        (semester, "year", studentId, courseCode) 
    values
        (?, ?, ?, ?)
14:18:41,568 DEBUG BaseGeneralDataRegion:59 - Caching[foo.org.hibernate.cache.spi.UpdateTimestampsCache] : [Enrolment] -> [5579091073302529]
14:18:41,568 DEBUG SQL:104 - 
    insert 
    into
        Enrolment
        (semester, "year", studentId, courseCode) 
    values
        (?, ?, ?, ?)
14:18:41,570 DEBUG BaseGeneralDataRegion:59 - Caching[foo.org.hibernate.cache.spi.UpdateTimestampsCache] : [Enrolment] -> [5579091073310720]
14:18:41,570 DEBUG BaseGeneralDataRegion:59 - Caching[foo.org.hibernate.cache.spi.UpdateTimestampsCache] : [CourseMeeting] -> [5579091073310721]
14:18:41,570 DEBUG BaseGeneralDataRegion:59 - Caching[foo.org.hibernate.cache.spi.UpdateTimestampsCache] : [Enrolment] -> [5579091073310722]
14:18:41,570 DEBUG SQL:104 - 
    update
        Address 
    set
        studentNumber=?,
        addressType=? 
    where
        id=?
14:18:41,570 DEBUG SQL:104 - 
    update
        Address 
    set
        studentNumber=?,
        addressType=? 
    where
        id=?
14:18:41,570 DEBUG BaseGeneralDataRegion:59 - Caching[foo.org.hibernate.cache.spi.UpdateTimestampsCache] : [Address] -> [5579091073310723]
14:18:41,570 DEBUG SQL:104 - 
    insert 
    into
        Student_secretCodes
        (studentNumber, i, secretCode) 
    values
        (?, ?, ?)
14:18:41,579 DEBUG BaseGeneralDataRegion:59 - Caching[foo.org.hibernate.cache.spi.UpdateTimestampsCache] : [Student_secretCodes] -> [5579091073347584]
14:18:41,580 DEBUG BaseGeneralDataRegion:59 - Caching[foo.org.hibernate.cache.spi.UpdateTimestampsCache] : [Enrolment] -> [5579091073351680]
14:18:41,580 DEBUG BaseGeneralDataRegion:59 - Caching[foo.org.hibernate.cache.spi.UpdateTimestampsCache] : [Address] -> [5579091073351681]
14:18:41,580 DEBUG SQL:104 - 
    insert 
    into
        Student_secretCodes
        (studentNumber, i, secretCode) 
    values
        (?, ?, ?)
14:18:41,580 DEBUG SQL:104 - 
    insert 
    into
        Student_secretCodes
        (studentNumber, i, secretCode) 
    values
        (?, ?, ?)
14:18:41,580 DEBUG BaseGeneralDataRegion:59 - Caching[foo.org.hibernate.cache.spi.UpdateTimestampsCache] : [Student_secretCodes] -> [5579091073351682]
14:18:41,580 DEBUG BaseGeneralDataRegion:59 - Caching[foo.org.hibernate.cache.spi.UpdateTimestampsCache] : [Student] -> [5579090827591683]
14:18:41,581 DEBUG BaseGeneralDataRegion:59 - Caching[foo.org.hibernate.cache.spi.UpdateTimestampsCache] : [Course] -> [5579090827591683]
14:18:41,581 DEBUG BaseGeneralDataRegion:59 - Caching[foo.org.hibernate.cache.spi.UpdateTimestampsCache] : [Enrolment] -> [5579090827591683]
14:18:41,581 DEBUG BaseGeneralDataRegion:59 - Caching[foo.org.hibernate.cache.spi.UpdateTimestampsCache] : [Student_secretCodes] -> [5579090827591683]
14:18:41,581 DEBUG BaseGeneralDataRegion:59 - Caching[foo.org.hibernate.cache.spi.UpdateTimestampsCache] : [Address] -> [5579090827591683]
14:18:41,581 DEBUG BaseGeneralDataRegion:59 - Caching[foo.org.hibernate.cache.spi.UpdateTimestampsCache] : [CourseMeeting] -> [5579090827591683]
14:18:41,581 DEBUG SQL:104 - 
    select
        student_.studentId,
        student_.name_first as name2_4_,
        student_.name_middle as name3_4_,
        student_.name_last as name4_4_,
        student_.preferredCourseCode as preferre5_4_ 
    from
        Student student_ 
    where
        student_.studentId=?
14:18:41,590 DEBUG SQL:104 - 
    select
        enrolment_.studentId,
        enrolment_.courseCode,
        enrolment_.semester as semester3_,
        enrolment_."year" as year4_3_ 
    from
        Enrolment enrolment_ 
    where
        enrolment_.studentId=? 
        and enrolment_.courseCode=?
14:18:41,590 DEBUG SQL:104 - 
    select
        course_.courseCode,
        course_.description as descript2_1_ 
    from
        Course course_ 
    where
        course_.courseCode=?
14:18:41,590 DEBUG SQL:104 - 
    select
        student_.studentId,
        student_.name_first as name2_4_,
        student_.name_middle as name3_4_,
        student_.name_last as name4_4_,
        student_.preferredCourseCode as preferre5_4_ 
    from
        Student student_ 
    where
        student_.studentId=?
14:18:41,591 DEBUG SQL:104 - 
    select
        enrolment_.studentId,
        enrolment_.courseCode,
        enrolment_.semester as semester3_,
        enrolment_."year" as year4_3_ 
    from
        Enrolment enrolment_ 
    where
        enrolment_.studentId=? 
        and enrolment_.courseCode=?
14:18:41,591 DEBUG SQL:104 - 
    select
        coursemeet_.courseCode,
        coursemeet_.day,
        coursemeet_.period,
        coursemeet_.location 
    from
        CourseMeeting coursemeet_ 
    where
        coursemeet_.courseCode=? 
        and coursemeet_.day=? 
        and coursemeet_.period=? 
        and coursemeet_.location=?
14:18:41,602 DEBUG SQL:104 - 
    select
        coursemeet_.courseCode,
        coursemeet_.day,
        coursemeet_.period,
        coursemeet_.location 
    from
        CourseMeeting coursemeet_ 
    where
        coursemeet_.courseCode=? 
        and coursemeet_.day=? 
        and coursemeet_.period=? 
        and coursemeet_.location=?
14:18:41,603 DEBUG BaseGeneralDataRegion:59 - Caching[foo.org.hibernate.cache.spi.UpdateTimestampsCache] : [Enrolment] -> [5579091073445888]
14:18:41,603 DEBUG SQL:104 - 
    update
        Address 
    set
        studentNumber=null,
        addressType=null 
    where
        studentNumber=?
14:18:41,612 DEBUG BaseGeneralDataRegion:59 - Caching[foo.org.hibernate.cache.spi.UpdateTimestampsCache] : [Address] -> [5579091073482752]
14:18:41,612 DEBUG SQL:104 - 
    delete 
    from
        Student_secretCodes 
    where
        studentNumber=?
14:18:41,612 DEBUG BaseGeneralDataRegion:59 - Caching[foo.org.hibernate.cache.spi.UpdateTimestampsCache] : [Student_secretCodes] -> [5579091073482753]
14:18:41,612 DEBUG BaseGeneralDataRegion:59 - Caching[foo.org.hibernate.cache.spi.UpdateTimestampsCache] : [Enrolment] -> [5579091073482754]
14:18:41,612 DEBUG BaseGeneralDataRegion:59 - Caching[foo.org.hibernate.cache.spi.UpdateTimestampsCache] : [Address] -> [5579091073482755]
14:18:41,613 DEBUG SQL:104 - 
    delete 
    from
        Student_secretCodes 
    where
        studentNumber=?
14:18:41,613 DEBUG BaseGeneralDataRegion:59 - Caching[foo.org.hibernate.cache.spi.UpdateTimestampsCache] : [Student_secretCodes] -> [5579091073486848]
14:18:41,613 DEBUG BaseGeneralDataRegion:59 - Caching[foo.org.hibernate.cache.spi.UpdateTimestampsCache] : [CourseMeeting] -> [5579091073486849]
14:18:41,613 DEBUG SQL:104 - 
    delete 
    from
        Enrolment 
    where
        studentId=? 
        and courseCode=?
14:18:41,613 DEBUG BaseGeneralDataRegion:59 - Caching[foo.org.hibernate.cache.spi.UpdateTimestampsCache] : [Enrolment] -> [5579091073486850]
14:18:41,613 DEBUG SQL:104 - 
    delete 
    from
        Address 
    where
        id=?
14:18:41,613 DEBUG BaseGeneralDataRegion:59 - Caching[foo.org.hibernate.cache.spi.UpdateTimestampsCache] : [Address] -> [5579091073486851]
14:18:41,614 DEBUG SQL:104 - 
    delete 
    from
        Address 
    where
        id=?
14:18:41,614 DEBUG BaseGeneralDataRegion:59 - Caching[foo.org.hibernate.cache.spi.UpdateTimestampsCache] : [Address] -> [5579091073490944]
14:18:41,614 DEBUG SQL:104 - 
    delete 
    from
        Student 
    where
        studentId=?
14:18:41,650 DEBUG BaseGeneralDataRegion:59 - Caching[foo.org.hibernate.cache.spi.UpdateTimestampsCache] : [Student] -> [5579091073638400]
14:18:41,650 DEBUG SQL:104 - 
    delete 
    from
        Enrolment 
    where
        studentId=? 
        and courseCode=?
14:18:41,651 DEBUG BaseGeneralDataRegion:59 - Caching[foo.org.hibernate.cache.spi.UpdateTimestampsCache] : [Enrolment] -> [5579091073642496]
14:18:41,651 DEBUG SQL:104 - 
    delete 
    from
        Student 
    where
        studentId=?
14:18:41,651 DEBUG BaseGeneralDataRegion:59 - Caching[foo.org.hibernate.cache.spi.UpdateTimestampsCache] : [Student] -> [5579091073642497]
14:18:41,651 DEBUG SQL:104 - 
    delete 
    from
        CourseMeeting 
    where
        courseCode=? 
        and day=? 
        and period=? 
        and location=?
14:18:41,651 DEBUG BaseGeneralDataRegion:59 - Caching[foo.org.hibernate.cache.spi.UpdateTimestampsCache] : [CourseMeeting] -> [5579091073642498]
14:18:41,651 DEBUG SQL:104 - 
    delete 
    from
        CourseMeeting 
    where
        courseCode=? 
        and day=? 
        and period=? 
        and location=?
14:18:41,662 DEBUG BaseGeneralDataRegion:59 - Caching[foo.org.hibernate.cache.spi.UpdateTimestampsCache] : [CourseMeeting] -> [5579091073687552]
14:18:41,662 DEBUG SQL:104 - 
    delete 
    from
        Course 
    where
        courseCode=?
14:18:41,662 DEBUG BaseGeneralDataRegion:59 - Caching[foo.org.hibernate.cache.spi.UpdateTimestampsCache] : [Course] -> [5579091073687553]
14:18:41,662 DEBUG BaseGeneralDataRegion:59 - Caching[foo.org.hibernate.cache.spi.UpdateTimestampsCache] : [Student] -> [5579090827927554]
14:18:41,662 DEBUG BaseGeneralDataRegion:59 - Caching[foo.org.hibernate.cache.spi.UpdateTimestampsCache] : [Course] -> [5579090827927554]
14:18:41,663 DEBUG BaseGeneralDataRegion:59 - Caching[foo.org.hibernate.cache.spi.UpdateTimestampsCache] : [Enrolment] -> [5579090827927554]
14:18:41,663 DEBUG BaseGeneralDataRegion:59 - Caching[foo.org.hibernate.cache.spi.UpdateTimestampsCache] : [Student_secretCodes] -> [5579090827927554]
14:18:41,663 DEBUG BaseGeneralDataRegion:59 - Caching[foo.org.hibernate.cache.spi.UpdateTimestampsCache] : [Address] -> [5579090827927554]
14:18:41,663 DEBUG BaseGeneralDataRegion:59 - Caching[foo.org.hibernate.cache.spi.UpdateTimestampsCache] : [CourseMeeting] -> [5579090827927554]
14:18:41,663 DEBUG SQL:104 - 
    select
        coursemeet_.courseCode,
        coursemeet_.day,
        coursemeet_.period,
        coursemeet_.location 
    from
        CourseMeeting coursemeet_ 
    where
        coursemeet_.courseCode=? 
        and coursemeet_.day=? 
        and coursemeet_.period=? 
        and coursemeet_.location=?
14:18:41,672 DEBUG SQL:104 - 
    select
        coursemeet_.courseCode,
        coursemeet_.day,
        coursemeet_.period,
        coursemeet_.location 
    from
        CourseMeeting coursemeet_ 
    where
        coursemeet_.courseCode=? 
        and coursemeet_.day=? 
        and coursemeet_.period=? 
        and coursemeet_.location=?
14:18:41,673 DEBUG SQL:104 - 
    insert 
    into
        Course
        (description, courseCode) 
    values
        (?, ?)
14:18:41,673 DEBUG BaseGeneralDataRegion:59 - Caching[foo.org.hibernate.cache.spi.UpdateTimestampsCache] : [Course] -> [5579091073732608]
14:18:41,673 DEBUG SQL:104 - 
    insert 
    into
        CourseMeeting
        (courseCode, day, period, location) 
    values
        (?, ?, ?, ?)
14:18:41,681 DEBUG BaseGeneralDataRegion:59 - Caching[foo.org.hibernate.cache.spi.UpdateTimestampsCache] : [CourseMeeting] -> [5579091073765376]
14:18:41,681 DEBUG SQL:104 - 
    insert 
    into
        CourseMeeting
        (courseCode, day, period, location) 
    values
        (?, ?, ?, ?)
14:18:41,682 DEBUG BaseGeneralDataRegion:59 - Caching[foo.org.hibernate.cache.spi.UpdateTimestampsCache] : [CourseMeeting] -> [5579091073769472]
14:18:41,682 DEBUG SQL:104 - 
    insert 
    into
        Student
        (name_first, name_middle, name_last, preferredCourseCode, studentId) 
    values
        (?, ?, ?, ?, ?)
14:18:41,682 DEBUG BaseGeneralDataRegion:59 - Caching[foo.org.hibernate.cache.spi.UpdateTimestampsCache] : [Student] -> [5579091073769473]
14:18:41,682 DEBUG SQL:104 - 
    insert 
    into
        Address
        (addressType, street, city, stateProvince, postalCode, country, studentNumber, id) 
    values
        (?, ?, ?, ?, ?, ?, ?, ?)
14:18:41,682 DEBUG BaseGeneralDataRegion:59 - Caching[foo.org.hibernate.cache.spi.UpdateTimestampsCache] : [Address] -> [5579091073769474]
14:18:41,682 DEBUG SQL:104 - 
    insert 
    into
        Address
        (addressType, street, city, stateProvince, postalCode, country, studentNumber, id) 
    values
        (?, ?, ?, ?, ?, ?, ?, ?)
14:18:41,691 DEBUG BaseGeneralDataRegion:59 - Caching[foo.org.hibernate.cache.spi.UpdateTimestampsCache] : [Address] -> [5579091073806336]
14:18:41,692 DEBUG SQL:104 - 
    insert 
    into
        Student
        (name_first, name_middle, name_last, preferredCourseCode, studentId) 
    values
        (?, ?, ?, ?, ?)
14:18:41,692 DEBUG BaseGeneralDataRegion:59 - Caching[foo.org.hibernate.cache.spi.UpdateTimestampsCache] : [Student] -> [5579091073810432]
14:18:41,692 DEBUG SQL:104 - 
    insert 
    into
        Enrolment
        (semester, "year", studentId, courseCode) 
    values
        (?, ?, ?, ?)
14:18:41,692 DEBUG BaseGeneralDataRegion:59 - Caching[foo.org.hibernate.cache.spi.UpdateTimestampsCache] : [Enrolment] -> [5579091073810433]
14:18:41,692 DEBUG SQL:104 - 
    insert 
    into
        Enrolment
        (semester, "year", studentId, courseCode) 
    values
        (?, ?, ?, ?)
14:18:41,693 DEBUG BaseGeneralDataRegion:59 - Caching[foo.org.hibernate.cache.spi.UpdateTimestampsCache] : [Enrolment] -> [5579091073814528]
14:18:41,693 DEBUG BaseGeneralDataRegion:59 - Caching[foo.org.hibernate.cache.spi.UpdateTimestampsCache] : [CourseMeeting] -> [5579091073814529]
14:18:41,693 DEBUG BaseGeneralDataRegion:59 - Caching[foo.org.hibernate.cache.spi.UpdateTimestampsCache] : [Enrolment] -> [5579091073814530]
14:18:41,701 DEBUG SQL:104 - 
    update
        Address 
    set
        studentNumber=?,
        addressType=? 
    where
        id=?
14:18:41,702 DEBUG SQL:104 - 
    update
        Address 
    set
        studentNumber=?,
        addressType=? 
    where
        id=?
14:18:41,702 DEBUG BaseGeneralDataRegion:59 - Caching[foo.org.hibernate.cache.spi.UpdateTimestampsCache] : [Address] -> [5579091073851392]
14:18:41,702 DEBUG SQL:104 - 
    insert 
    into
        Student_secretCodes
        (studentNumber, i, secretCode) 
    values
        (?, ?, ?)
14:18:41,703 DEBUG BaseGeneralDataRegion:59 - Caching[foo.org.hibernate.cache.spi.UpdateTimestampsCache] : [Student_secretCodes] -> [5579091073851393]
14:18:41,703 DEBUG BaseGeneralDataRegion:59 - Caching[foo.org.hibernate.cache.spi.UpdateTimestampsCache] : [Enrolment] -> [5579091073855488]
14:18:41,703 DEBUG BaseGeneralDataRegion:59 - Caching[foo.org.hibernate.cache.spi.UpdateTimestampsCache] : [Address] -> [5579091073855489]
14:18:41,703 DEBUG SQL:104 - 
    insert 
    into
        Student_secretCodes
        (studentNumber, i, secretCode) 
    values
        (?, ?, ?)
14:18:41,712 DEBUG SQL:104 - 
    insert 
    into
        Student_secretCodes
        (studentNumber, i, secretCode) 
    values
        (?, ?, ?)
14:18:41,713 DEBUG BaseGeneralDataRegion:59 - Caching[foo.org.hibernate.cache.spi.UpdateTimestampsCache] : [Student_secretCodes] -> [5579091073896448]
14:18:41,713 DEBUG BaseGeneralDataRegion:59 - Caching[foo.org.hibernate.cache.spi.UpdateTimestampsCache] : [Student] -> [5579090828136449]
14:18:41,713 DEBUG BaseGeneralDataRegion:59 - Caching[foo.org.hibernate.cache.spi.UpdateTimestampsCache] : [Course] -> [5579090828136449]
14:18:41,713 DEBUG BaseGeneralDataRegion:59 - Caching[foo.org.hibernate.cache.spi.UpdateTimestampsCache] : [Enrolment] -> [5579090828136449]
14:18:41,713 DEBUG BaseGeneralDataRegion:59 - Caching[foo.org.hibernate.cache.spi.UpdateTimestampsCache] : [Student_secretCodes] -> [5579090828136449]
14:18:41,713 DEBUG BaseGeneralDataRegion:59 - Caching[foo.org.hibernate.cache.spi.UpdateTimestampsCache] : [Address] -> [5579090828136449]
14:18:41,713 DEBUG BaseGeneralDataRegion:59 - Caching[foo.org.hibernate.cache.spi.UpdateTimestampsCache] : [CourseMeeting] -> [5579090828136449]
14:18:41,714 DEBUG SQL:104 - 
    select
        student_.studentId,
        student_.name_first as name2_4_,
        student_.name_middle as name3_4_,
        student_.name_last as name4_4_,
        student_.preferredCourseCode as preferre5_4_ 
    from
        Student student_ 
    where
        student_.studentId=?
14:18:41,714 DEBUG SQL:104 - 
    select
        enrolment_.studentId,
        enrolment_.courseCode,
        enrolment_.semester as semester3_,
        enrolment_."year" as year4_3_ 
    from
        Enrolment enrolment_ 
    where
        enrolment_.studentId=? 
        and enrolment_.courseCode=?
14:18:41,714 DEBUG SQL:104 - 
    select
        course_.courseCode,
        course_.description as descript2_1_ 
    from
        Course course_ 
    where
        course_.courseCode=?
14:18:41,715 DEBUG SQL:104 - 
    select
        student_.studentId,
        student_.name_first as name2_4_,
        student_.name_middle as name3_4_,
        student_.name_last as name4_4_,
        student_.preferredCourseCode as preferre5_4_ 
    from
        Student student_ 
    where
        student_.studentId=?
14:18:41,715 DEBUG SQL:104 - 
    select
        enrolment_.studentId,
        enrolment_.courseCode,
        enrolment_.semester as semester3_,
        enrolment_."year" as year4_3_ 
    from
        Enrolment enrolment_ 
    where
        enrolment_.studentId=? 
        and enrolment_.courseCode=?
14:18:41,725 DEBUG SQL:104 - 
    select
        coursemeet_.courseCode,
        coursemeet_.day,
        coursemeet_.period,
        coursemeet_.location 
    from
        CourseMeeting coursemeet_ 
    where
        coursemeet_.courseCode=? 
        and coursemeet_.day=? 
        and coursemeet_.period=? 
        and coursemeet_.location=?
14:18:41,726 DEBUG SQL:104 - 
    select
        coursemeet_.courseCode,
        coursemeet_.day,
        coursemeet_.period,
        coursemeet_.location 
    from
        CourseMeeting coursemeet_ 
    where
        coursemeet_.courseCode=? 
        and coursemeet_.day=? 
        and coursemeet_.period=? 
        and coursemeet_.location=?
14:18:41,737 DEBUG BaseGeneralDataRegion:59 - Caching[foo.org.hibernate.cache.spi.UpdateTimestampsCache] : [Enrolment] -> [5579091073994752]
14:18:41,737 DEBUG SQL:104 - 
    update
        Address 
    set
        studentNumber=null,
        addressType=null 
    where
        studentNumber=?
14:18:41,737 DEBUG BaseGeneralDataRegion:59 - Caching[foo.org.hibernate.cache.spi.UpdateTimestampsCache] : [Address] -> [5579091073994753]
14:18:41,737 DEBUG SQL:104 - 
    delete 
    from
        Student_secretCodes 
    where
        studentNumber=?
14:18:41,738 DEBUG BaseGeneralDataRegion:59 - Caching[foo.org.hibernate.cache.spi.UpdateTimestampsCache] : [Student_secretCodes] -> [5579091073998848]
14:18:41,738 DEBUG BaseGeneralDataRegion:59 - Caching[foo.org.hibernate.cache.spi.UpdateTimestampsCache] : [Enrolment] -> [5579091073998849]
14:18:41,738 DEBUG BaseGeneralDataRegion:59 - Caching[foo.org.hibernate.cache.spi.UpdateTimestampsCache] : [Address] -> [5579091073998850]
14:18:41,738 DEBUG SQL:104 - 
    delete 
    from
        Student_secretCodes 
    where
        studentNumber=?
14:18:41,738 DEBUG BaseGeneralDataRegion:59 - Caching[foo.org.hibernate.cache.spi.UpdateTimestampsCache] : [Student_secretCodes] -> [5579091073998851]
14:18:41,738 DEBUG BaseGeneralDataRegion:59 - Caching[foo.org.hibernate.cache.spi.UpdateTimestampsCache] : [CourseMeeting] -> [5579091073998852]
14:18:41,738 DEBUG SQL:104 - 
    delete 
    from
        Enrolment 
    where
        studentId=? 
        and courseCode=?
14:18:41,738 DEBUG BaseGeneralDataRegion:59 - Caching[foo.org.hibernate.cache.spi.UpdateTimestampsCache] : [Enrolment] -> [5579091073998853]
14:18:41,739 DEBUG SQL:104 - 
    delete 
    from
        Address 
    where
        id=?
14:18:41,759 DEBUG BaseGeneralDataRegion:59 - Caching[foo.org.hibernate.cache.spi.UpdateTimestampsCache] : [Address] -> [5579091074084864]
14:18:41,759 DEBUG SQL:104 - 
    delete 
    from
        Address 
    where
        id=?
14:18:41,760 DEBUG BaseGeneralDataRegion:59 - Caching[foo.org.hibernate.cache.spi.UpdateTimestampsCache] : [Address] -> [5579091074088960]
14:18:41,760 DEBUG SQL:104 - 
    delete 
    from
        Student 
    where
        studentId=?
14:18:41,760 DEBUG BaseGeneralDataRegion:59 - Caching[foo.org.hibernate.cache.spi.UpdateTimestampsCache] : [Student] -> [5579091074088961]
14:18:41,760 DEBUG SQL:104 - 
    delete 
    from
        Enrolment 
    where
        studentId=? 
        and courseCode=?
14:18:41,760 DEBUG BaseGeneralDataRegion:59 - Caching[foo.org.hibernate.cache.spi.UpdateTimestampsCache] : [Enrolment] -> [5579091074088962]
14:18:41,760 DEBUG SQL:104 - 
    delete 
    from
        Student 
    where
        studentId=?
14:18:41,769 DEBUG BaseGeneralDataRegion:59 - Caching[foo.org.hibernate.cache.spi.UpdateTimestampsCache] : [Student] -> [5579091074125824]
14:18:41,769 DEBUG SQL:104 - 
    delete 
    from
        CourseMeeting 
    where
        courseCode=? 
        and day=? 
        and period=? 
        and location=?
14:18:41,769 DEBUG BaseGeneralDataRegion:59 - Caching[foo.org.hibernate.cache.spi.UpdateTimestampsCache] : [CourseMeeting] -> [5579091074125825]
14:18:41,770 DEBUG SQL:104 - 
    delete 
    from
        CourseMeeting 
    where
        courseCode=? 
        and day=? 
        and period=? 
        and location=?
14:18:41,770 DEBUG BaseGeneralDataRegion:59 - Caching[foo.org.hibernate.cache.spi.UpdateTimestampsCache] : [CourseMeeting] -> [5579091074129920]
14:18:41,770 DEBUG SQL:104 - 
    delete 
    from
        Course 
    where
        courseCode=?
14:18:41,770 DEBUG BaseGeneralDataRegion:59 - Caching[foo.org.hibernate.cache.spi.UpdateTimestampsCache] : [Course] -> [5579091074129921]
14:18:41,770 DEBUG BaseGeneralDataRegion:59 - Caching[foo.org.hibernate.cache.spi.UpdateTimestampsCache] : [Student] -> [5579090828369922]
14:18:41,779 DEBUG BaseGeneralDataRegion:59 - Caching[foo.org.hibernate.cache.spi.UpdateTimestampsCache] : [Course] -> [5579090828369922]
14:18:41,780 DEBUG BaseGeneralDataRegion:59 - Caching[foo.org.hibernate.cache.spi.UpdateTimestampsCache] : [Enrolment] -> [5579090828369922]
14:18:41,780 DEBUG BaseGeneralDataRegion:59 - Caching[foo.org.hibernate.cache.spi.UpdateTimestampsCache] : [Student_secretCodes] -> [5579090828369922]
14:18:41,780 DEBUG BaseGeneralDataRegion:59 - Caching[foo.org.hibernate.cache.spi.UpdateTimestampsCache] : [Address] -> [5579090828369922]
14:18:41,780 DEBUG BaseGeneralDataRegion:59 - Caching[foo.org.hibernate.cache.spi.UpdateTimestampsCache] : [CourseMeeting] -> [5579090828369922]
14:18:41,780  INFO CustomRunner:139 - Test: testEntityWithJoinedLazyOneToManySingleElementListHql
14:18:41,781 DEBUG SQL:104 - 
    select
        coursemeet_.courseCode,
        coursemeet_.day,
        coursemeet_.period,
        coursemeet_.location 
    from
        CourseMeeting coursemeet_ 
    where
        coursemeet_.courseCode=? 
        and coursemeet_.day=? 
        and coursemeet_.period=? 
        and coursemeet_.location=?
14:18:41,782 DEBUG SQL:104 - 
    select
        coursemeet_.courseCode,
        coursemeet_.day,
        coursemeet_.period,
        coursemeet_.location 
    from
        CourseMeeting coursemeet_ 
    where
        coursemeet_.courseCode=? 
        and coursemeet_.day=? 
        and coursemeet_.period=? 
        and coursemeet_.location=?
14:18:41,793 DEBUG SQL:104 - 
    insert 
    into
        Course
        (description, courseCode) 
    values
        (?, ?)
14:18:41,794 DEBUG BaseGeneralDataRegion:59 - Caching[foo.org.hibernate.cache.spi.UpdateTimestampsCache] : [Course] -> [5579091074228224]
14:18:41,794 DEBUG SQL:104 - 
    insert 
    into
        CourseMeeting
        (courseCode, day, period, location) 
    values
        (?, ?, ?, ?)
14:18:41,794 DEBUG BaseGeneralDataRegion:59 - Caching[foo.org.hibernate.cache.spi.UpdateTimestampsCache] : [CourseMeeting] -> [5579091074228225]
14:18:41,795 DEBUG SQL:104 - 
    insert 
    into
        CourseMeeting
        (courseCode, day, period, location) 
    values
        (?, ?, ?, ?)
14:18:41,795 DEBUG BaseGeneralDataRegion:59 - Caching[foo.org.hibernate.cache.spi.UpdateTimestampsCache] : [CourseMeeting] -> [5579091074232320]
14:18:41,795 DEBUG SQL:104 - 
    insert 
    into
        Student
        (name_first, name_middle, name_last, preferredCourseCode, studentId) 
    values
        (?, ?, ?, ?, ?)
14:18:41,800 DEBUG BaseGeneralDataRegion:59 - Caching[foo.org.hibernate.cache.spi.UpdateTimestampsCache] : [Student] -> [5579091074252800]
14:18:41,801 DEBUG SQL:104 - 
    insert 
    into
        Address
        (addressType, street, city, stateProvince, postalCode, country, studentNumber, id) 
    values
        (?, ?, ?, ?, ?, ?, ?, ?)
14:18:41,801 DEBUG BaseGeneralDataRegion:59 - Caching[foo.org.hibernate.cache.spi.UpdateTimestampsCache] : [Address] -> [5579091074256896]
14:18:41,801 DEBUG SQL:104 - 
    insert 
    into
        Address
        (addressType, street, city, stateProvince, postalCode, country, studentNumber, id) 
    values
        (?, ?, ?, ?, ?, ?, ?, ?)
14:18:41,801 DEBUG BaseGeneralDataRegion:59 - Caching[foo.org.hibernate.cache.spi.UpdateTimestampsCache] : [Address] -> [5579091074256897]
14:18:41,801 DEBUG SQL:104 - 
    insert 
    into
        Student
        (name_first, name_middle, name_last, preferredCourseCode, studentId) 
    values
        (?, ?, ?, ?, ?)
14:18:41,801 DEBUG BaseGeneralDataRegion:59 - Caching[foo.org.hibernate.cache.spi.UpdateTimestampsCache] : [Student] -> [5579091074256898]
14:18:41,811 DEBUG SQL:104 - 
    insert 
    into
        Enrolment
        (semester, "year", studentId, courseCode) 
    values
        (?, ?, ?, ?)
14:18:41,811 DEBUG BaseGeneralDataRegion:59 - Caching[foo.org.hibernate.cache.spi.UpdateTimestampsCache] : [Enrolment] -> [5579091074297856]
14:18:41,811 DEBUG SQL:104 - 
    insert 
    into
        Enrolment
        (semester, "year", studentId, courseCode) 
    values
        (?, ?, ?, ?)
14:18:41,811 DEBUG BaseGeneralDataRegion:59 - Caching[foo.org.hibernate.cache.spi.UpdateTimestampsCache] : [Enrolment] -> [5579091074297857]
14:18:41,811 DEBUG BaseGeneralDataRegion:59 - Caching[foo.org.hibernate.cache.spi.UpdateTimestampsCache] : [CourseMeeting] -> [5579091074297858]
14:18:41,812 DEBUG BaseGeneralDataRegion:59 - Caching[foo.org.hibernate.cache.spi.UpdateTimestampsCache] : [Enrolment] -> [5579091074301952]
14:18:41,812 DEBUG SQL:104 - 
    update
        Address 
    set
        studentNumber=?,
        addressType=? 
    where
        id=?
14:18:41,812 DEBUG SQL:104 - 
    update
        Address 
    set
        studentNumber=?,
        addressType=? 
    where
        id=?
14:18:41,821 DEBUG BaseGeneralDataRegion:59 - Caching[foo.org.hibernate.cache.spi.UpdateTimestampsCache] : [Address] -> [5579091074338816]
14:18:41,821 DEBUG SQL:104 - 
    insert 
    into
        Student_secretCodes
        (studentNumber, i, secretCode) 
    values
        (?, ?, ?)
14:18:41,822 DEBUG BaseGeneralDataRegion:59 - Caching[foo.org.hibernate.cache.spi.UpdateTimestampsCache] : [Student_secretCodes] -> [5579091074342912]
14:18:41,822 DEBUG BaseGeneralDataRegion:59 - Caching[foo.org.hibernate.cache.spi.UpdateTimestampsCache] : [Enrolment] -> [5579091074342913]
14:18:41,822 DEBUG BaseGeneralDataRegion:59 - Caching[foo.org.hibernate.cache.spi.UpdateTimestampsCache] : [Address] -> [5579091074342914]
14:18:41,822 DEBUG SQL:104 - 
    insert 
    into
        Student_secretCodes
        (studentNumber, i, secretCode) 
    values
        (?, ?, ?)
14:18:41,822 DEBUG SQL:104 - 
    insert 
    into
        Student_secretCodes
        (studentNumber, i, secretCode) 
    values
        (?, ?, ?)
14:18:41,822 DEBUG BaseGeneralDataRegion:59 - Caching[foo.org.hibernate.cache.spi.UpdateTimestampsCache] : [Student_secretCodes] -> [5579091074342915]
14:18:41,831 DEBUG BaseGeneralDataRegion:59 - Caching[foo.org.hibernate.cache.spi.UpdateTimestampsCache] : [Student] -> [5579090828619776]
14:18:41,832 DEBUG BaseGeneralDataRegion:59 - Caching[foo.org.hibernate.cache.spi.UpdateTimestampsCache] : [Course] -> [5579090828619776]
14:18:41,832 DEBUG BaseGeneralDataRegion:59 - Caching[foo.org.hibernate.cache.spi.UpdateTimestampsCache] : [Enrolment] -> [5579090828619776]
14:18:41,833 DEBUG BaseGeneralDataRegion:59 - Caching[foo.org.hibernate.cache.spi.UpdateTimestampsCache] : [Student_secretCodes] -> [5579090828619776]
14:18:41,833 DEBUG BaseGeneralDataRegion:59 - Caching[foo.org.hibernate.cache.spi.UpdateTimestampsCache] : [Address] -> [5579090828619776]
14:18:41,833 DEBUG BaseGeneralDataRegion:59 - Caching[foo.org.hibernate.cache.spi.UpdateTimestampsCache] : [CourseMeeting] -> [5579090828619776]
14:18:41,833 DEBUG QueryTranslatorImpl:265 - parse() - HQL: from org.hibernate.test.querycache.Student s left join s.enrolments order by s.studentNumber
14:18:41,834 DEBUG QueryTranslatorImpl:283 - --- HQL AST ---
 \-[QUERY] Node: 'query'
    +-[SELECT_FROM] Node: 'SELECT_FROM'
    |  \-[FROM] Node: 'from'
    |     +-[RANGE] Node: 'RANGE'
    |     |  +-[DOT] Node: '.'
    |     |  |  +-[DOT] Node: '.'
    |     |  |  |  +-[DOT] Node: '.'
    |     |  |  |  |  +-[DOT] Node: '.'
    |     |  |  |  |  |  +-[IDENT] Node: 'org'
    |     |  |  |  |  |  \-[IDENT] Node: 'hibernate'
    |     |  |  |  |  \-[IDENT] Node: 'test'
    |     |  |  |  \-[IDENT] Node: 'querycache'
    |     |  |  \-[IDENT] Node: 'Student'
    |     |  \-[ALIAS] Node: 's'
    |     \-[JOIN] Node: 'join'
    |        +-[LEFT] Node: 'left'
    |        \-[DOT] Node: '.'
    |           +-[IDENT] Node: 's'
    |           \-[IDENT] Node: 'enrolments'
    \-[ORDER] Node: 'order'
       \-[DOT] Node: '.'
          +-[IDENT] Node: 's'
          \-[IDENT] Node: 'studentNumber'

14:18:41,843 DEBUG ErrorCounter:82 - throwQueryException() : no errors
14:18:41,843 DEBUG FromElement:157 - FromClause{level=1} : org.hibernate.test.querycache.Student (s) -> student0_
14:18:41,844 DEBUG FromReferenceNode:74 - Resolved : s -> student0_.studentId
14:18:41,844 DEBUG DotNode:599 - getDataType() : enrolments -> org.hibernate.type.SetType(org.hibernate.test.querycache.Student.enrolments)
14:18:41,844 DEBUG FromElementFactory:376 - createEntityAssociation() : One to many - path = s.enrolments role = org.hibernate.test.querycache.Student.enrolments associatedEntityName = org.hibernate.test.querycache.Enrolment
14:18:41,844 DEBUG FromElement:157 - FromClause{level=1} : org.hibernate.test.querycache.Enrolment (<no alias>) -> enrolments1_
14:18:41,844 DEBUG FromClause:282 - addJoinByPathMap() : s.enrolments -> FromElement{explicit,not a collection join,not a fetch join,fetch non-lazy properties,classAlias=null,role=null,tableName=Enrolment,tableAlias=enrolments1_,origin=Student student0_,columns={student0_.studentId ,className=org.hibernate.test.querycache.Enrolment}}
14:18:41,844 DEBUG DotNode:308 - dereferenceCollection() : Created new FROM element for s.enrolments : Enrolment enrolments1_
14:18:41,844 DEBUG FromReferenceNode:74 - Resolved : s.enrolments -> .
14:18:41,845 DEBUG HqlSqlWalker:403 - createFromJoinElement() : -- join tree --
 \-[JOIN_FRAGMENT] FromElement: 'Enrolment enrolments1_' FromElement{explicit,not a collection join,not a fetch join,fetch non-lazy properties,classAlias=null,role=org.hibernate.test.querycache.Student.enrolments,tableName=Enrolment,tableAlias=enrolments1_,origin=Student student0_,columns={student0_.studentId ,className=org.hibernate.test.querycache.Enrolment}}

14:18:41,845 DEBUG FromReferenceNode:74 - Resolved : s -> student0_.studentId
14:18:41,845 DEBUG DotNode:599 - getDataType() : studentNumber -> org.hibernate.type.LongType@4bf3f9d
14:18:41,845 DEBUG FromReferenceNode:74 - Resolved : s.studentNumber -> student0_.studentId
14:18:41,845 DEBUG HqlSqlWalker:629 - processQuery() :  ( SELECT ( FromClause{level=1} ( Student student0_ Enrolment enrolments1_ ) ) ( order ( student0_.studentId student0_.studentId studentNumber ) ) )
14:18:41,845 DEBUG HqlSqlWalker:869 - Derived SELECT clause created.
14:18:41,845 DEBUG JoinProcessor:175 - Using FROM fragment [Student student0_]
14:18:41,846 DEBUG JoinProcessor:175 - Using FROM fragment [left outer join Enrolment enrolments1_ on student0_.studentId=enrolments1_.studentId]
14:18:41,846 DEBUG QueryTranslatorImpl:252 - --- SQL AST ---
 \-[SELECT] QueryNode: 'SELECT'  querySpaces (Student,Enrolment)
    +-[SELECT_CLAUSE] SelectClause: '{derived select clause}'
    |  +-[SELECT_EXPR] SelectExpressionImpl: 'student0_.studentId as studentId4_0_' {FromElement{explicit,not a collection join,not a fetch join,fetch non-lazy properties,classAlias=s,role=null,tableName=Student,tableAlias=student0_,origin=null,columns={,className=org.hibernate.test.querycache.Student}}}
    |  +-[SELECT_EXPR] SelectExpressionImpl: 'enrolments1_.studentId as studentId3_1_, enrolments1_.courseCode as courseCode3_1_' {FromElement{explicit,not a collection join,not a fetch join,fetch non-lazy properties,classAlias=null,role=org.hibernate.test.querycache.Student.enrolments,tableName=Enrolment,tableAlias=enrolments1_,origin=Student student0_,columns={student0_.studentId ,className=org.hibernate.test.querycache.Enrolment}}}
    |  +-[SQL_TOKEN] SqlFragment: 'student0_.name_first as name2_4_0_, student0_.name_middle as name3_4_0_, student0_.name_last as name4_4_0_, student0_.preferredCourseCode as preferre5_4_0_'
    |  \-[SQL_TOKEN] SqlFragment: 'enrolments1_.semester as semester3_1_, enrolments1_."year" as year4_3_1_'
    +-[FROM] FromClause: 'from' FromClause{level=1, fromElementCounter=2, fromElements=2, fromElementByClassAlias=[s], fromElementByTableAlias=[student0_, enrolments1_], fromElementsByPath=[s.enrolments], collectionJoinFromElementsByPath=[], impliedElements=[]}
    |  \-[FROM_FRAGMENT] FromElement: 'Student student0_' FromElement{explicit,not a collection join,not a fetch join,fetch non-lazy properties,classAlias=s,role=null,tableName=Student,tableAlias=student0_,origin=null,columns={,className=org.hibernate.test.querycache.Student}}
    |     \-[JOIN_FRAGMENT] FromElement: 'left outer join Enrolment enrolments1_ on student0_.studentId=enrolments1_.studentId' FromElement{explicit,not a collection join,not a fetch join,fetch non-lazy properties,classAlias=null,role=org.hibernate.test.querycache.Student.enrolments,tableName=Enrolment,tableAlias=enrolments1_,origin=Student student0_,columns={student0_.studentId ,className=org.hibernate.test.querycache.Enrolment}}
    \-[ORDER] OrderByClause: 'order'
       \-[DOT] DotNode: 'student0_.studentId' {propertyName=studentNumber,dereferenceType=ALL,propertyPath=studentNumber,path=s.studentNumber,tableAlias=student0_,className=org.hibernate.test.querycache.Student,classAlias=s}
          +-[ALIAS_REF] IdentNode: 'student0_.studentId' {alias=s, className=org.hibernate.test.querycache.Student, tableAlias=student0_}
          \-[IDENT] IdentNode: 'studentNumber' {originalText=studentNumber}

14:18:41,846 DEBUG ErrorCounter:82 - throwQueryException() : no errors
14:18:41,846 DEBUG QueryTranslatorImpl:235 - HQL: from org.hibernate.test.querycache.Student s left join s.enrolments order by s.studentNumber
14:18:41,846 DEBUG QueryTranslatorImpl:236 - SQL: select student0_.studentId as studentId4_0_, enrolments1_.studentId as studentId3_1_, enrolments1_.courseCode as courseCode3_1_, student0_.name_first as name2_4_0_, student0_.name_middle as name3_4_0_, student0_.name_last as name4_4_0_, student0_.preferredCourseCode as preferre5_4_0_, enrolments1_.semester as semester3_1_, enrolments1_."year" as year4_3_1_ from Student student0_ left outer join Enrolment enrolments1_ on student0_.studentId=enrolments1_.studentId order by student0_.studentId
14:18:41,846 DEBUG ErrorCounter:82 - throwQueryException() : no errors
14:18:41,847 DEBUG BaseGeneralDataRegion:46 - Cache[foo.org.hibernate.cache.internal.StandardQueryCache] lookup : key[sql: select student0_.studentId as studentId4_0_, enrolments1_.studentId as studentId3_1_, enrolments1_.courseCode as courseCode3_1_, student0_.name_first as name2_4_0_, student0_.name_middle as name3_4_0_, student0_.name_last as name4_4_0_, student0_.preferredCourseCode as preferre5_4_0_, enrolments1_.semester as semester3_1_, enrolments1_."year" as year4_3_1_ from Student student0_ left outer join Enrolment enrolments1_ on student0_.studentId=enrolments1_.studentId order by student0_.studentId; parameters: ; named parameters: {}; transformer: org.hibernate.transform.CacheableResultTransformer@1406bf]
14:18:41,847 DEBUG SQL:104 - 
    select
        student0_.studentId as studentId4_0_,
        enrolments1_.studentId as studentId3_1_,
        enrolments1_.courseCode as courseCode3_1_,
        student0_.name_first as name2_4_0_,
        student0_.name_middle as name3_4_0_,
        student0_.name_last as name4_4_0_,
        student0_.preferredCourseCode as preferre5_4_0_,
        enrolments1_.semester as semester3_1_,
        enrolments1_."year" as year4_3_1_ 
    from
        Student student0_ 
    left outer join
        Enrolment enrolments1_ 
            on student0_.studentId=enrolments1_.studentId 
    order by
        student0_.studentId
14:18:41,847 DEBUG SQL:104 - 
    select
        course0_.courseCode as courseCode1_0_,
        course0_.description as descript2_1_0_ 
    from
        Course course0_ 
    where
        course0_.courseCode=?
14:18:41,857 DEBUG SQL:104 - 
    select
        secretcode0_.studentNumber as studentN1_4_0_,
        secretcode0_.secretCode as secretCode5_0_,
        secretcode0_.i as i0_ 
    from
        Student_secretCodes secretcode0_ 
    where
        secretcode0_.studentNumber=?
14:18:41,858 DEBUG SQL:104 - 
    select
        coursemeet0_.courseCode as courseCode1_1_,
        coursemeet0_.courseCode as courseCode2_1_,
        coursemeet0_.day as day2_1_,
        coursemeet0_.period as period2_1_,
        coursemeet0_.location as location2_1_,
        coursemeet0_.courseCode as courseCode2_0_,
        coursemeet0_.day as day2_0_,
        coursemeet0_.period as period2_0_,
        coursemeet0_.location as location2_0_ 
    from
        CourseMeeting coursemeet0_ 
    where
        coursemeet0_.courseCode=?
14:18:41,866 DEBUG SQL:104 - 
    select
        secretcode0_.studentNumber as studentN1_4_0_,
        secretcode0_.secretCode as secretCode5_0_,
        secretcode0_.i as i0_ 
    from
        Student_secretCodes secretcode0_ 
    where
        secretcode0_.studentNumber=?
14:18:41,867 DEBUG BaseGeneralDataRegion:59 - Caching[foo.org.hibernate.cache.internal.StandardQueryCache] : [sql: select student0_.studentId as studentId4_0_, enrolments1_.studentId as studentId3_1_, enrolments1_.courseCode as courseCode3_1_, student0_.name_first as name2_4_0_, student0_.name_middle as name3_4_0_, student0_.name_last as name4_4_0_, student0_.preferredCourseCode as preferre5_4_0_, enrolments1_.semester as semester3_1_, enrolments1_."year" as year4_3_1_ from Student student0_ left outer join Enrolment enrolments1_ on student0_.studentId=enrolments1_.studentId order by student0_.studentId; parameters: ; named parameters: {}; transformer: org.hibernate.transform.CacheableResultTransformer@1406bf] -> [[5579090828767232, [Ljava.io.Serializable;@46d33292, [Ljava.io.Serializable;@539d3391]]
14:18:41,867 DEBUG BaseGeneralDataRegion:46 - Cache[foo.org.hibernate.cache.internal.StandardQueryCache] lookup : key[sql: select student0_.studentId as studentId4_0_, enrolments1_.studentId as studentId3_1_, enrolments1_.courseCode as courseCode3_1_, student0_.name_first as name2_4_0_, student0_.name_middle as name3_4_0_, student0_.name_last as name4_4_0_, student0_.preferredCourseCode as preferre5_4_0_, enrolments1_.semester as semester3_1_, enrolments1_."year" as year4_3_1_ from Student student0_ left outer join Enrolment enrolments1_ on student0_.studentId=enrolments1_.studentId order by student0_.studentId; parameters: ; named parameters: {}; transformer: org.hibernate.transform.CacheableResultTransformer@1406bf]
14:18:41,868 DEBUG BaseGeneralDataRegion:52 - Cache[foo.org.hibernate.cache.internal.StandardQueryCache] hit: sql: select student0_.studentId as studentId4_0_, enrolments1_.studentId as studentId3_1_, enrolments1_.courseCode as courseCode3_1_, student0_.name_first as name2_4_0_, student0_.name_middle as name3_4_0_, student0_.name_last as name4_4_0_, student0_.preferredCourseCode as preferre5_4_0_, enrolments1_.semester as semester3_1_, enrolments1_."year" as year4_3_1_ from Student student0_ left outer join Enrolment enrolments1_ on student0_.studentId=enrolments1_.studentId order by student0_.studentId; parameters: ; named parameters: {}; transformer: org.hibernate.transform.CacheableResultTransformer@1406bf
14:18:41,868 DEBUG BaseGeneralDataRegion:46 - Cache[foo.org.hibernate.cache.spi.UpdateTimestampsCache] lookup : key[Student]
14:18:41,868 DEBUG BaseGeneralDataRegion:52 - Cache[foo.org.hibernate.cache.spi.UpdateTimestampsCache] hit: Student
14:18:41,868 DEBUG BaseGeneralDataRegion:46 - Cache[foo.org.hibernate.cache.spi.UpdateTimestampsCache] lookup : key[Enrolment]
14:18:41,868 DEBUG BaseGeneralDataRegion:52 - Cache[foo.org.hibernate.cache.spi.UpdateTimestampsCache] hit: Enrolment
14:18:41,868 DEBUG SQL:104 - 
    select
        student0_.studentId as studentId4_0_,
        student0_.name_first as name2_4_0_,
        student0_.name_middle as name3_4_0_,
        student0_.name_last as name4_4_0_,
        student0_.preferredCourseCode as preferre5_4_0_ 
    from
        Student student0_ 
    where
        student0_.studentId=?
14:18:41,869 DEBUG SQL:104 - 
    select
        secretcode0_.studentNumber as studentN1_4_0_,
        secretcode0_.secretCode as secretCode5_0_,
        secretcode0_.i as i0_ 
    from
        Student_secretCodes secretcode0_ 
    where
        secretcode0_.studentNumber=?
14:18:41,869 DEBUG SQL:104 - 
    select
        enrolment0_.studentId as studentId3_0_,
        enrolment0_.courseCode as courseCode3_0_,
        enrolment0_.semester as semester3_0_,
        enrolment0_."year" as year4_3_0_ 
    from
        Enrolment enrolment0_ 
    where
        enrolment0_.studentId=? 
        and enrolment0_.courseCode=?
14:18:41,890 DEBUG SQL:104 - 
    select
        course0_.courseCode as courseCode1_0_,
        course0_.description as descript2_1_0_ 
    from
        Course course0_ 
    where
        course0_.courseCode=?
14:18:41,890 DEBUG SQL:104 - 
    select
        coursemeet0_.courseCode as courseCode1_1_,
        coursemeet0_.courseCode as courseCode2_1_,
        coursemeet0_.day as day2_1_,
        coursemeet0_.period as period2_1_,
        coursemeet0_.location as location2_1_,
        coursemeet0_.courseCode as courseCode2_0_,
        coursemeet0_.day as day2_0_,
        coursemeet0_.period as period2_0_,
        coursemeet0_.location as location2_0_ 
    from
        CourseMeeting coursemeet0_ 
    where
        coursemeet0_.courseCode=?
14:18:41,891 DEBUG SQL:104 - 
    select
        student0_.studentId as studentId4_0_,
        student0_.name_first as name2_4_0_,
        student0_.name_middle as name3_4_0_,
        student0_.name_last as name4_4_0_,
        student0_.preferredCourseCode as preferre5_4_0_ 
    from
        Student student0_ 
    where
        student0_.studentId=?
14:18:41,899 DEBUG SQL:104 - 
    select
        secretcode0_.studentNumber as studentN1_4_0_,
        secretcode0_.secretCode as secretCode5_0_,
        secretcode0_.i as i0_ 
    from
        Student_secretCodes secretcode0_ 
    where
        secretcode0_.studentNumber=?
14:18:41,900 DEBUG SQL:104 - 
    select
        enrolment0_.studentId as studentId3_0_,
        enrolment0_.courseCode as courseCode3_0_,
        enrolment0_.semester as semester3_0_,
        enrolment0_."year" as year4_3_0_ 
    from
        Enrolment enrolment0_ 
    where
        enrolment0_.studentId=? 
        and enrolment0_.courseCode=?
14:18:41,901 DEBUG SQL:104 - 
    select
        student_.studentId,
        student_.name_first as name2_4_,
        student_.name_middle as name3_4_,
        student_.name_last as name4_4_,
        student_.preferredCourseCode as preferre5_4_ 
    from
        Student student_ 
    where
        student_.studentId=?
14:18:41,912 DEBUG SQL:104 - 
    select
        enrolment_.studentId,
        enrolment_.courseCode,
        enrolment_.semester as semester3_,
        enrolment_."year" as year4_3_ 
    from
        Enrolment enrolment_ 
    where
        enrolment_.studentId=? 
        and enrolment_.courseCode=?
14:18:41,913 DEBUG SQL:104 - 
    select
        course_.courseCode,
        course_.description as descript2_1_ 
    from
        Course course_ 
    where
        course_.courseCode=?
14:18:41,913 DEBUG SQL:104 - 
    select
        student_.studentId,
        student_.name_first as name2_4_,
        student_.name_middle as name3_4_,
        student_.name_last as name4_4_,
        student_.preferredCourseCode as preferre5_4_ 
    from
        Student student_ 
    where
        student_.studentId=?
14:18:41,914 DEBUG SQL:104 - 
    select
        enrolment_.studentId,
        enrolment_.courseCode,
        enrolment_.semester as semester3_,
        enrolment_."year" as year4_3_ 
    from
        Enrolment enrolment_ 
    where
        enrolment_.studentId=? 
        and enrolment_.courseCode=?
14:18:41,914 DEBUG SQL:104 - 
    select
        coursemeet_.courseCode,
        coursemeet_.day,
        coursemeet_.period,
        coursemeet_.location 
    from
        CourseMeeting coursemeet_ 
    where
        coursemeet_.courseCode=? 
        and coursemeet_.day=? 
        and coursemeet_.period=? 
        and coursemeet_.location=?
14:18:41,914 DEBUG SQL:104 - 
    select
        coursemeet_.courseCode,
        coursemeet_.day,
        coursemeet_.period,
        coursemeet_.location 
    from
        CourseMeeting coursemeet_ 
    where
        coursemeet_.courseCode=? 
        and coursemeet_.day=? 
        and coursemeet_.period=? 
        and coursemeet_.location=?
14:18:41,935 DEBUG BaseGeneralDataRegion:59 - Caching[foo.org.hibernate.cache.spi.UpdateTimestampsCache] : [Enrolment] -> [5579091074805760]
14:18:41,936 DEBUG SQL:104 - 
    update
        Address 
    set
        studentNumber=null,
        addressType=null 
    where
        studentNumber=?
14:18:41,936 DEBUG BaseGeneralDataRegion:59 - Caching[foo.org.hibernate.cache.spi.UpdateTimestampsCache] : [Address] -> [5579091074809856]
14:18:41,936 DEBUG SQL:104 - 
    delete 
    from
        Student_secretCodes 
    where
        studentNumber=?
14:18:41,936 DEBUG BaseGeneralDataRegion:59 - Caching[foo.org.hibernate.cache.spi.UpdateTimestampsCache] : [Student_secretCodes] -> [5579091074809857]
14:18:41,936 DEBUG BaseGeneralDataRegion:59 - Caching[foo.org.hibernate.cache.spi.UpdateTimestampsCache] : [Enrolment] -> [5579091074809858]
14:18:41,936 DEBUG BaseGeneralDataRegion:59 - Caching[foo.org.hibernate.cache.spi.UpdateTimestampsCache] : [Address] -> [5579091074809859]
14:18:41,936 DEBUG SQL:104 - 
    delete 
    from
        Student_secretCodes 
    where
        studentNumber=?
14:18:41,937 DEBUG BaseGeneralDataRegion:59 - Caching[foo.org.hibernate.cache.spi.UpdateTimestampsCache] : [Student_secretCodes] -> [5579091074813952]
14:18:41,937 DEBUG BaseGeneralDataRegion:59 - Caching[foo.org.hibernate.cache.spi.UpdateTimestampsCache] : [CourseMeeting] -> [5579091074813953]
14:18:41,937 DEBUG SQL:104 - 
    delete 
    from
        Enrolment 
    where
        studentId=? 
        and courseCode=?
14:18:41,946 DEBUG BaseGeneralDataRegion:59 - Caching[foo.org.hibernate.cache.spi.UpdateTimestampsCache] : [Enrolment] -> [5579091074850816]
14:18:41,946 DEBUG SQL:104 - 
    delete 
    from
        Address 
    where
        id=?
14:18:41,946 DEBUG BaseGeneralDataRegion:59 - Caching[foo.org.hibernate.cache.spi.UpdateTimestampsCache] : [Address] -> [5579091074850817]
14:18:41,946 DEBUG SQL:104 - 
    delete 
    from
        Address 
    where
        id=?
14:18:41,947 DEBUG BaseGeneralDataRegion:59 - Caching[foo.org.hibernate.cache.spi.UpdateTimestampsCache] : [Address] -> [5579091074854912]
14:18:41,947 DEBUG SQL:104 - 
    delete 
    from
        Student 
    where
        studentId=?
14:18:41,947 DEBUG BaseGeneralDataRegion:59 - Caching[foo.org.hibernate.cache.spi.UpdateTimestampsCache] : [Student] -> [5579091074854913]
14:18:41,947 DEBUG SQL:104 - 
    delete 
    from
        Enrolment 
    where
        studentId=? 
        and courseCode=?
14:18:41,956 DEBUG BaseGeneralDataRegion:59 - Caching[foo.org.hibernate.cache.spi.UpdateTimestampsCache] : [Enrolment] -> [5579091074891776]
14:18:41,956 DEBUG SQL:104 - 
    delete 
    from
        Student 
    where
        studentId=?
14:18:41,957 DEBUG BaseGeneralDataRegion:59 - Caching[foo.org.hibernate.cache.spi.UpdateTimestampsCache] : [Student] -> [5579091074895872]
14:18:41,957 DEBUG SQL:104 - 
    delete 
    from
        CourseMeeting 
    where
        courseCode=? 
        and day=? 
        and period=? 
        and location=?
14:18:41,957 DEBUG BaseGeneralDataRegion:59 - Caching[foo.org.hibernate.cache.spi.UpdateTimestampsCache] : [CourseMeeting] -> [5579091074895873]
14:18:41,957 DEBUG SQL:104 - 
    delete 
    from
        CourseMeeting 
    where
        courseCode=? 
        and day=? 
        and period=? 
        and location=?
14:18:41,969 DEBUG BaseGeneralDataRegion:59 - Caching[foo.org.hibernate.cache.spi.UpdateTimestampsCache] : [CourseMeeting] -> [5579091074945024]
14:18:41,969 DEBUG SQL:104 - 
    delete 
    from
        Course 
    where
        courseCode=?
14:18:41,970 DEBUG BaseGeneralDataRegion:59 - Caching[foo.org.hibernate.cache.spi.UpdateTimestampsCache] : [Course] -> [5579091074949120]
14:18:41,970 DEBUG BaseGeneralDataRegion:59 - Caching[foo.org.hibernate.cache.spi.UpdateTimestampsCache] : [Student] -> [5579090829189121]
14:18:41,970 DEBUG BaseGeneralDataRegion:59 - Caching[foo.org.hibernate.cache.spi.UpdateTimestampsCache] : [Course] -> [5579090829189121]
14:18:41,970 DEBUG BaseGeneralDataRegion:59 - Caching[foo.org.hibernate.cache.spi.UpdateTimestampsCache] : [Enrolment] -> [5579090829189121]
14:18:41,970 DEBUG BaseGeneralDataRegion:59 - Caching[foo.org.hibernate.cache.spi.UpdateTimestampsCache] : [Student_secretCodes] -> [5579090829189121]
14:18:41,970 DEBUG BaseGeneralDataRegion:59 - Caching[foo.org.hibernate.cache.spi.UpdateTimestampsCache] : [Address] -> [5579090829189121]
14:18:41,970 DEBUG BaseGeneralDataRegion:59 - Caching[foo.org.hibernate.cache.spi.UpdateTimestampsCache] : [CourseMeeting] -> [5579090829189121]
14:18:41,971 DEBUG SQL:104 - 
    select
        coursemeet_.courseCode,
        coursemeet_.day,
        coursemeet_.period,
        coursemeet_.location 
    from
        CourseMeeting coursemeet_ 
    where
        coursemeet_.courseCode=? 
        and coursemeet_.day=? 
        and coursemeet_.period=? 
        and coursemeet_.location=?
14:18:41,971 DEBUG SQL:104 - 
    select
        coursemeet_.courseCode,
        coursemeet_.day,
        coursemeet_.period,
        coursemeet_.location 
    from
        CourseMeeting coursemeet_ 
    where
        coursemeet_.courseCode=? 
        and coursemeet_.day=? 
        and coursemeet_.period=? 
        and coursemeet_.location=?
14:18:41,972 DEBUG SQL:104 - 
    insert 
    into
        Course
        (description, courseCode) 
    values
        (?, ?)
14:18:41,972 DEBUG BaseGeneralDataRegion:59 - Caching[foo.org.hibernate.cache.spi.UpdateTimestampsCache] : [Course] -> [5579091074957312]
14:18:41,972 DEBUG SQL:104 - 
    insert 
    into
        CourseMeeting
        (courseCode, day, period, location) 
    values
        (?, ?, ?, ?)
14:18:41,972 DEBUG BaseGeneralDataRegion:59 - Caching[foo.org.hibernate.cache.spi.UpdateTimestampsCache] : [CourseMeeting] -> [5579091074957313]
14:18:41,972 DEBUG SQL:104 - 
    insert 
    into
        CourseMeeting
        (courseCode, day, period, location) 
    values
        (?, ?, ?, ?)
14:18:41,983 DEBUG BaseGeneralDataRegion:59 - Caching[foo.org.hibernate.cache.spi.UpdateTimestampsCache] : [CourseMeeting] -> [5579091075002368]
14:18:41,983 DEBUG SQL:104 - 
    insert 
    into
        Student
        (name_first, name_middle, name_last, preferredCourseCode, studentId) 
    values
        (?, ?, ?, ?, ?)
14:18:41,984 DEBUG BaseGeneralDataRegion:59 - Caching[foo.org.hibernate.cache.spi.UpdateTimestampsCache] : [Student] -> [5579091075006464]
14:18:41,984 DEBUG SQL:104 - 
    insert 
    into
        Address
        (addressType, street, city, stateProvince, postalCode, country, studentNumber, id) 
    values
        (?, ?, ?, ?, ?, ?, ?, ?)
14:18:41,984 DEBUG BaseGeneralDataRegion:59 - Caching[foo.org.hibernate.cache.spi.UpdateTimestampsCache] : [Address] -> [5579091075006465]
14:18:41,984 DEBUG SQL:104 - 
    insert 
    into
        Address
        (addressType, street, city, stateProvince, postalCode, country, studentNumber, id) 
    values
        (?, ?, ?, ?, ?, ?, ?, ?)
14:18:41,984 DEBUG BaseGeneralDataRegion:59 - Caching[foo.org.hibernate.cache.spi.UpdateTimestampsCache] : [Address] -> [5579091075006466]
14:18:41,993 DEBUG SQL:104 - 
    insert 
    into
        Student
        (name_first, name_middle, name_last, preferredCourseCode, studentId) 
    values
        (?, ?, ?, ?, ?)
14:18:41,993 DEBUG BaseGeneralDataRegion:59 - Caching[foo.org.hibernate.cache.spi.UpdateTimestampsCache] : [Student] -> [5579091075043328]
14:18:41,993 DEBUG SQL:104 - 
    insert 
    into
        Enrolment
        (semester, "year", studentId, courseCode) 
    values
        (?, ?, ?, ?)
14:18:41,993 DEBUG BaseGeneralDataRegion:59 - Caching[foo.org.hibernate.cache.spi.UpdateTimestampsCache] : [Enrolment] -> [5579091075043329]
14:18:41,993 DEBUG SQL:104 - 
    insert 
    into
        Enrolment
        (semester, "year", studentId, courseCode) 
    values
        (?, ?, ?, ?)
14:18:41,994 DEBUG BaseGeneralDataRegion:59 - Caching[foo.org.hibernate.cache.spi.UpdateTimestampsCache] : [Enrolment] -> [5579091075047424]
14:18:41,994 DEBUG BaseGeneralDataRegion:59 - Caching[foo.org.hibernate.cache.spi.UpdateTimestampsCache] : [CourseMeeting] -> [5579091075047425]
14:18:41,994 DEBUG BaseGeneralDataRegion:59 - Caching[foo.org.hibernate.cache.spi.UpdateTimestampsCache] : [Enrolment] -> [5579091075047426]
14:18:41,994 DEBUG SQL:104 - 
    update
        Address 
    set
        studentNumber=?,
        addressType=? 
    where
        id=?
14:18:41,994 DEBUG SQL:104 - 
    update
        Address 
    set
        studentNumber=?,
        addressType=? 
    where
        id=?
14:18:41,994 DEBUG BaseGeneralDataRegion:59 - Caching[foo.org.hibernate.cache.spi.UpdateTimestampsCache] : [Address] -> [5579091075047427]
14:18:41,994 DEBUG SQL:104 - 
    insert 
    into
        Student_secretCodes
        (studentNumber, i, secretCode) 
    values
        (?, ?, ?)
14:18:42,018 DEBUG BaseGeneralDataRegion:59 - Caching[foo.org.hibernate.cache.spi.UpdateTimestampsCache] : [Student_secretCodes] -> [5579091075145728]
14:18:42,018 DEBUG BaseGeneralDataRegion:59 - Caching[foo.org.hibernate.cache.spi.UpdateTimestampsCache] : [Enrolment] -> [5579091075145729]
14:18:42,018 DEBUG BaseGeneralDataRegion:59 - Caching[foo.org.hibernate.cache.spi.UpdateTimestampsCache] : [Address] -> [5579091075145730]
14:18:42,018 DEBUG SQL:104 - 
    insert 
    into
        Student_secretCodes
        (studentNumber, i, secretCode) 
    values
        (?, ?, ?)
14:18:42,018 DEBUG SQL:104 - 
    insert 
    into
        Student_secretCodes
        (studentNumber, i, secretCode) 
    values
        (?, ?, ?)
14:18:42,019 DEBUG BaseGeneralDataRegion:59 - Caching[foo.org.hibernate.cache.spi.UpdateTimestampsCache] : [Student_secretCodes] -> [5579091075149824]
14:18:42,019 DEBUG BaseGeneralDataRegion:59 - Caching[foo.org.hibernate.cache.spi.UpdateTimestampsCache] : [Student] -> [5579090829389825]
14:18:42,019 DEBUG BaseGeneralDataRegion:59 - Caching[foo.org.hibernate.cache.spi.UpdateTimestampsCache] : [Course] -> [5579090829389825]
14:18:42,019 DEBUG BaseGeneralDataRegion:59 - Caching[foo.org.hibernate.cache.spi.UpdateTimestampsCache] : [Enrolment] -> [5579090829389825]
14:18:42,019 DEBUG BaseGeneralDataRegion:59 - Caching[foo.org.hibernate.cache.spi.UpdateTimestampsCache] : [Student_secretCodes] -> [5579090829389825]
14:18:42,019 DEBUG BaseGeneralDataRegion:59 - Caching[foo.org.hibernate.cache.spi.UpdateTimestampsCache] : [Address] -> [5579090829389825]
14:18:42,019 DEBUG BaseGeneralDataRegion:59 - Caching[foo.org.hibernate.cache.spi.UpdateTimestampsCache] : [CourseMeeting] -> [5579090829389825]
14:18:42,020 DEBUG QueryTranslatorImpl:265 - parse() - HQL: from org.hibernate.test.querycache.Student s left join s.enrolments e order by s.studentNumber
14:18:42,021 DEBUG QueryTranslatorImpl:283 - --- HQL AST ---
 \-[QUERY] Node: 'query'
    +-[SELECT_FROM] Node: 'SELECT_FROM'
    |  \-[FROM] Node: 'from'
    |     +-[RANGE] Node: 'RANGE'
    |     |  +-[DOT] Node: '.'
    |     |  |  +-[DOT] Node: '.'
    |     |  |  |  +-[DOT] Node: '.'
    |     |  |  |  |  +-[DOT] Node: '.'
    |     |  |  |  |  |  +-[IDENT] Node: 'org'
    |     |  |  |  |  |  \-[IDENT] Node: 'hibernate'
    |     |  |  |  |  \-[IDENT] Node: 'test'
    |     |  |  |  \-[IDENT] Node: 'querycache'
    |     |  |  \-[IDENT] Node: 'Student'
    |     |  \-[ALIAS] Node: 's'
    |     \-[JOIN] Node: 'join'
    |        +-[LEFT] Node: 'left'
    |        +-[DOT] Node: '.'
    |        |  +-[IDENT] Node: 's'
    |        |  \-[IDENT] Node: 'enrolments'
    |        \-[ALIAS] Node: 'e'
    \-[ORDER] Node: 'order'
       \-[DOT] Node: '.'
          +-[IDENT] Node: 's'
          \-[IDENT] Node: 'studentNumber'

14:18:42,046 DEBUG ErrorCounter:82 - throwQueryException() : no errors
14:18:42,046 DEBUG FromElement:157 - FromClause{level=1} : org.hibernate.test.querycache.Student (s) -> student0_
14:18:42,046 DEBUG FromReferenceNode:74 - Resolved : s -> student0_.studentId
14:18:42,047 DEBUG DotNode:599 - getDataType() : enrolments -> org.hibernate.type.SetType(org.hibernate.test.querycache.Student.enrolments)
14:18:42,047 DEBUG FromElementFactory:376 - createEntityAssociation() : One to many - path = s.enrolments role = org.hibernate.test.querycache.Student.enrolments associatedEntityName = org.hibernate.test.querycache.Enrolment
14:18:42,047 DEBUG FromElement:157 - FromClause{level=1} : org.hibernate.test.querycache.Enrolment (e) -> enrolments1_
14:18:42,047 DEBUG FromClause:282 - addJoinByPathMap() : s.enrolments -> FromElement{explicit,not a collection join,not a fetch join,fetch non-lazy properties,classAlias=e,role=null,tableName=Enrolment,tableAlias=enrolments1_,origin=Student student0_,columns={student0_.studentId ,className=org.hibernate.test.querycache.Enrolment}}
14:18:42,047 DEBUG DotNode:308 - dereferenceCollection() : Created new FROM element for s.enrolments : Enrolment enrolments1_
14:18:42,048 DEBUG FromReferenceNode:74 - Resolved : s.enrolments -> .
14:18:42,048 DEBUG HqlSqlWalker:403 - createFromJoinElement() : -- join tree --
 \-[JOIN_FRAGMENT] FromElement: 'Enrolment enrolments1_' FromElement{explicit,not a collection join,not a fetch join,fetch non-lazy properties,classAlias=e,role=org.hibernate.test.querycache.Student.enrolments,tableName=Enrolment,tableAlias=enrolments1_,origin=Student student0_,columns={student0_.studentId ,className=org.hibernate.test.querycache.Enrolment}}

14:18:42,048 DEBUG FromReferenceNode:74 - Resolved : s -> student0_.studentId
14:18:42,048 DEBUG DotNode:599 - getDataType() : studentNumber -> org.hibernate.type.LongType@4bf3f9d
14:18:42,048 DEBUG FromReferenceNode:74 - Resolved : s.studentNumber -> student0_.studentId
14:18:42,048 DEBUG HqlSqlWalker:629 - processQuery() :  ( SELECT ( FromClause{level=1} ( Student student0_ Enrolment enrolments1_ ) ) ( order ( student0_.studentId student0_.studentId studentNumber ) ) )
14:18:42,048 DEBUG HqlSqlWalker:869 - Derived SELECT clause created.
14:18:42,049 DEBUG JoinProcessor:175 - Using FROM fragment [Student student0_]
14:18:42,049 DEBUG JoinProcessor:175 - Using FROM fragment [left outer join Enrolment enrolments1_ on student0_.studentId=enrolments1_.studentId]
14:18:42,049 DEBUG QueryTranslatorImpl:252 - --- SQL AST ---
 \-[SELECT] QueryNode: 'SELECT'  querySpaces (Student,Enrolment)
    +-[SELECT_CLAUSE] SelectClause: '{derived select clause}'
    |  +-[SELECT_EXPR] SelectExpressionImpl: 'student0_.studentId as studentId4_0_' {FromElement{explicit,not a collection join,not a fetch join,fetch non-lazy properties,classAlias=s,role=null,tableName=Student,tableAlias=student0_,origin=null,columns={,className=org.hibernate.test.querycache.Student}}}
    |  +-[SELECT_EXPR] SelectExpressionImpl: 'enrolments1_.studentId as studentId3_1_, enrolments1_.courseCode as courseCode3_1_' {FromElement{explicit,not a collection join,not a fetch join,fetch non-lazy properties,classAlias=e,role=org.hibernate.test.querycache.Student.enrolments,tableName=Enrolment,tableAlias=enrolments1_,origin=Student student0_,columns={student0_.studentId ,className=org.hibernate.test.querycache.Enrolment}}}
    |  +-[SQL_TOKEN] SqlFragment: 'student0_.name_first as name2_4_0_, student0_.name_middle as name3_4_0_, student0_.name_last as name4_4_0_, student0_.preferredCourseCode as preferre5_4_0_'
    |  \-[SQL_TOKEN] SqlFragment: 'enrolments1_.semester as semester3_1_, enrolments1_."year" as year4_3_1_'
    +-[FROM] FromClause: 'from' FromClause{level=1, fromElementCounter=2, fromElements=2, fromElementByClassAlias=[e, s], fromElementByTableAlias=[student0_, enrolments1_], fromElementsByPath=[s.enrolments], collectionJoinFromElementsByPath=[], impliedElements=[]}
    |  \-[FROM_FRAGMENT] FromElement: 'Student student0_' FromElement{explicit,not a collection join,not a fetch join,fetch non-lazy properties,classAlias=s,role=null,tableName=Student,tableAlias=student0_,origin=null,columns={,className=org.hibernate.test.querycache.Student}}
    |     \-[JOIN_FRAGMENT] FromElement: 'left outer join Enrolment enrolments1_ on student0_.studentId=enrolments1_.studentId' FromElement{explicit,not a collection join,not a fetch join,fetch non-lazy properties,classAlias=e,role=org.hibernate.test.querycache.Student.enrolments,tableName=Enrolment,tableAlias=enrolments1_,origin=Student student0_,columns={student0_.studentId ,className=org.hibernate.test.querycache.Enrolment}}
    \-[ORDER] OrderByClause: 'order'
       \-[DOT] DotNode: 'student0_.studentId' {propertyName=studentNumber,dereferenceType=ALL,propertyPath=studentNumber,path=s.studentNumber,tableAlias=student0_,className=org.hibernate.test.querycache.Student,classAlias=s}
          +-[ALIAS_REF] IdentNode: 'student0_.studentId' {alias=s, className=org.hibernate.test.querycache.Student, tableAlias=student0_}
          \-[IDENT] IdentNode: 'studentNumber' {originalText=studentNumber}

14:18:42,049 DEBUG ErrorCounter:82 - throwQueryException() : no errors
14:18:42,049 DEBUG QueryTranslatorImpl:235 - HQL: from org.hibernate.test.querycache.Student s left join s.enrolments e order by s.studentNumber
14:18:42,049 DEBUG QueryTranslatorImpl:236 - SQL: select student0_.studentId as studentId4_0_, enrolments1_.studentId as studentId3_1_, enrolments1_.courseCode as courseCode3_1_, student0_.name_first as name2_4_0_, student0_.name_middle as name3_4_0_, student0_.name_last as name4_4_0_, student0_.preferredCourseCode as preferre5_4_0_, enrolments1_.semester as semester3_1_, enrolments1_."year" as year4_3_1_ from Student student0_ left outer join Enrolment enrolments1_ on student0_.studentId=enrolments1_.studentId order by student0_.studentId
14:18:42,049 DEBUG ErrorCounter:82 - throwQueryException() : no errors
14:18:42,050 DEBUG BaseGeneralDataRegion:46 - Cache[foo.org.hibernate.cache.internal.StandardQueryCache] lookup : key[sql: select student0_.studentId as studentId4_0_, enrolments1_.studentId as studentId3_1_, enrolments1_.courseCode as courseCode3_1_, student0_.name_first as name2_4_0_, student0_.name_middle as name3_4_0_, student0_.name_last as name4_4_0_, student0_.preferredCourseCode as preferre5_4_0_, enrolments1_.semester as semester3_1_, enrolments1_."year" as year4_3_1_ from Student student0_ left outer join Enrolment enrolments1_ on student0_.studentId=enrolments1_.studentId order by student0_.studentId; parameters: ; named parameters: {}; transformer: org.hibernate.transform.CacheableResultTransformer@1406bf]
14:18:42,050 DEBUG BaseGeneralDataRegion:52 - Cache[foo.org.hibernate.cache.internal.StandardQueryCache] hit: sql: select student0_.studentId as studentId4_0_, enrolments1_.studentId as studentId3_1_, enrolments1_.courseCode as courseCode3_1_, student0_.name_first as name2_4_0_, student0_.name_middle as name3_4_0_, student0_.name_last as name4_4_0_, student0_.preferredCourseCode as preferre5_4_0_, enrolments1_.semester as semester3_1_, enrolments1_."year" as year4_3_1_ from Student student0_ left outer join Enrolment enrolments1_ on student0_.studentId=enrolments1_.studentId order by student0_.studentId; parameters: ; named parameters: {}; transformer: org.hibernate.transform.CacheableResultTransformer@1406bf
14:18:42,050 DEBUG BaseGeneralDataRegion:46 - Cache[foo.org.hibernate.cache.spi.UpdateTimestampsCache] lookup : key[Student]
14:18:42,050 DEBUG BaseGeneralDataRegion:52 - Cache[foo.org.hibernate.cache.spi.UpdateTimestampsCache] hit: Student
14:18:42,050 DEBUG SQL:104 - 
    select
        student0_.studentId as studentId4_0_,
        enrolments1_.studentId as studentId3_1_,
        enrolments1_.courseCode as courseCode3_1_,
        student0_.name_first as name2_4_0_,
        student0_.name_middle as name3_4_0_,
        student0_.name_last as name4_4_0_,
        student0_.preferredCourseCode as preferre5_4_0_,
        enrolments1_.semester as semester3_1_,
        enrolments1_."year" as year4_3_1_ 
    from
        Student student0_ 
    left outer join
        Enrolment enrolments1_ 
            on student0_.studentId=enrolments1_.studentId 
    order by
        student0_.studentId
14:18:42,051 DEBUG SQL:104 - 
    select
        course0_.courseCode as courseCode1_0_,
        course0_.description as descript2_1_0_ 
    from
        Course course0_ 
    where
        course0_.courseCode=?
14:18:42,051 DEBUG SQL:104 - 
    select
        secretcode0_.studentNumber as studentN1_4_0_,
        secretcode0_.secretCode as secretCode5_0_,
        secretcode0_.i as i0_ 
    from
        Student_secretCodes secretcode0_ 
    where
        secretcode0_.studentNumber=?
14:18:42,072 DEBUG SQL:104 - 
    select
        coursemeet0_.courseCode as courseCode1_1_,
        coursemeet0_.courseCode as courseCode2_1_,
        coursemeet0_.day as day2_1_,
        coursemeet0_.period as period2_1_,
        coursemeet0_.location as location2_1_,
        coursemeet0_.courseCode as courseCode2_0_,
        coursemeet0_.day as day2_0_,
        coursemeet0_.period as period2_0_,
        coursemeet0_.location as location2_0_ 
    from
        CourseMeeting coursemeet0_ 
    where
        coursemeet0_.courseCode=?
14:18:42,073 DEBUG SQL:104 - 
    select
        secretcode0_.studentNumber as studentN1_4_0_,
        secretcode0_.secretCode as secretCode5_0_,
        secretcode0_.i as i0_ 
    from
        Student_secretCodes secretcode0_ 
    where
        secretcode0_.studentNumber=?
14:18:42,073 DEBUG BaseGeneralDataRegion:59 - Caching[foo.org.hibernate.cache.internal.StandardQueryCache] : [sql: select student0_.studentId as studentId4_0_, enrolments1_.studentId as studentId3_1_, enrolments1_.courseCode as courseCode3_1_, student0_.name_first as name2_4_0_, student0_.name_middle as name3_4_0_, student0_.name_last as name4_4_0_, student0_.preferredCourseCode as preferre5_4_0_, enrolments1_.semester as semester3_1_, enrolments1_."year" as year4_3_1_ from Student student0_ left outer join Enrolment enrolments1_ on student0_.studentId=enrolments1_.studentId order by student0_.studentId; parameters: ; named parameters: {}; transformer: org.hibernate.transform.CacheableResultTransformer@1406bf] -> [[5579090829611008, [Ljava.io.Serializable;@2baead84, [Ljava.io.Serializable;@5901cb83]]
14:18:42,085 DEBUG BaseGeneralDataRegion:46 - Cache[foo.org.hibernate.cache.internal.StandardQueryCache] lookup : key[sql: select student0_.studentId as studentId4_0_, enrolments1_.studentId as studentId3_1_, enrolments1_.courseCode as courseCode3_1_, student0_.name_first as name2_4_0_, student0_.name_middle as name3_4_0_, student0_.name_last as name4_4_0_, student0_.preferredCourseCode as preferre5_4_0_, enrolments1_.semester as semester3_1_, enrolments1_."year" as year4_3_1_ from Student student0_ left outer join Enrolment enrolments1_ on student0_.studentId=enrolments1_.studentId order by student0_.studentId; parameters: ; named parameters: {}; transformer: org.hibernate.transform.CacheableResultTransformer@1406bf]
14:18:42,085 DEBUG BaseGeneralDataRegion:52 - Cache[foo.org.hibernate.cache.internal.StandardQueryCache] hit: sql: select student0_.studentId as studentId4_0_, enrolments1_.studentId as studentId3_1_, enrolments1_.courseCode as courseCode3_1_, student0_.name_first as name2_4_0_, student0_.name_middle as name3_4_0_, student0_.name_last as name4_4_0_, student0_.preferredCourseCode as preferre5_4_0_, enrolments1_.semester as semester3_1_, enrolments1_."year" as year4_3_1_ from Student student0_ left outer join Enrolment enrolments1_ on student0_.studentId=enrolments1_.studentId order by student0_.studentId; parameters: ; named parameters: {}; transformer: org.hibernate.transform.CacheableResultTransformer@1406bf
14:18:42,085 DEBUG BaseGeneralDataRegion:46 - Cache[foo.org.hibernate.cache.spi.UpdateTimestampsCache] lookup : key[Student]
14:18:42,085 DEBUG BaseGeneralDataRegion:52 - Cache[foo.org.hibernate.cache.spi.UpdateTimestampsCache] hit: Student
14:18:42,085 DEBUG BaseGeneralDataRegion:46 - Cache[foo.org.hibernate.cache.spi.UpdateTimestampsCache] lookup : key[Enrolment]
14:18:42,086 DEBUG BaseGeneralDataRegion:52 - Cache[foo.org.hibernate.cache.spi.UpdateTimestampsCache] hit: Enrolment
14:18:42,086 DEBUG SQL:104 - 
    select
        student0_.studentId as studentId4_0_,
        student0_.name_first as name2_4_0_,
        student0_.name_middle as name3_4_0_,
        student0_.name_last as name4_4_0_,
        student0_.preferredCourseCode as preferre5_4_0_ 
    from
        Student student0_ 
    where
        student0_.studentId=?
14:18:42,086 DEBUG SQL:104 - 
    select
        secretcode0_.studentNumber as studentN1_4_0_,
        secretcode0_.secretCode as secretCode5_0_,
        secretcode0_.i as i0_ 
    from
        Student_secretCodes secretcode0_ 
    where
        secretcode0_.studentNumber=?
14:18:42,087 DEBUG SQL:104 - 
    select
        enrolment0_.studentId as studentId3_0_,
        enrolment0_.courseCode as courseCode3_0_,
        enrolment0_.semester as semester3_0_,
        enrolment0_."year" as year4_3_0_ 
    from
        Enrolment enrolment0_ 
    where
        enrolment0_.studentId=? 
        and enrolment0_.courseCode=?
14:18:42,094 DEBUG SQL:104 - 
    select
        course0_.courseCode as courseCode1_0_,
        course0_.description as descript2_1_0_ 
    from
        Course course0_ 
    where
        course0_.courseCode=?
14:18:42,095 DEBUG SQL:104 - 
    select
        coursemeet0_.courseCode as courseCode1_1_,
        coursemeet0_.courseCode as courseCode2_1_,
        coursemeet0_.day as day2_1_,
        coursemeet0_.period as period2_1_,
        coursemeet0_.location as location2_1_,
        coursemeet0_.courseCode as courseCode2_0_,
        coursemeet0_.day as day2_0_,
        coursemeet0_.period as period2_0_,
        coursemeet0_.location as location2_0_ 
    from
        CourseMeeting coursemeet0_ 
    where
        coursemeet0_.courseCode=?
14:18:42,096 DEBUG SQL:104 - 
    select
        student0_.studentId as studentId4_0_,
        student0_.name_first as name2_4_0_,
        student0_.name_middle as name3_4_0_,
        student0_.name_last as name4_4_0_,
        student0_.preferredCourseCode as preferre5_4_0_ 
    from
        Student student0_ 
    where
        student0_.studentId=?
14:18:42,096 DEBUG SQL:104 - 
    select
        secretcode0_.studentNumber as studentN1_4_0_,
        secretcode0_.secretCode as secretCode5_0_,
        secretcode0_.i as i0_ 
    from
        Student_secretCodes secretcode0_ 
    where
        secretcode0_.studentNumber=?
14:18:42,096 DEBUG SQL:104 - 
    select
        enrolment0_.studentId as studentId3_0_,
        enrolment0_.courseCode as courseCode3_0_,
        enrolment0_.semester as semester3_0_,
        enrolment0_."year" as year4_3_0_ 
    from
        Enrolment enrolment0_ 
    where
        enrolment0_.studentId=? 
        and enrolment0_.courseCode=?
14:18:42,105 DEBUG SQL:104 - 
    select
        student_.studentId,
        student_.name_first as name2_4_,
        student_.name_middle as name3_4_,
        student_.name_last as name4_4_,
        student_.preferredCourseCode as preferre5_4_ 
    from
        Student student_ 
    where
        student_.studentId=?
14:18:42,106 DEBUG SQL:104 - 
    select
        enrolment_.studentId,
        enrolment_.courseCode,
        enrolment_.semester as semester3_,
        enrolment_."year" as year4_3_ 
    from
        Enrolment enrolment_ 
    where
        enrolment_.studentId=? 
        and enrolment_.courseCode=?
14:18:42,106 DEBUG SQL:104 - 
    select
        course_.courseCode,
        course_.description as descript2_1_ 
    from
        Course course_ 
    where
        course_.courseCode=?
14:18:42,116 DEBUG SQL:104 - 
    select
        student_.studentId,
        student_.name_first as name2_4_,
        student_.name_middle as name3_4_,
        student_.name_last as name4_4_,
        student_.preferredCourseCode as preferre5_4_ 
    from
        Student student_ 
    where
        student_.studentId=?
14:18:42,117 DEBUG SQL:104 - 
    select
        enrolment_.studentId,
        enrolment_.courseCode,
        enrolment_.semester as semester3_,
        enrolment_."year" as year4_3_ 
    from
        Enrolment enrolment_ 
    where
        enrolment_.studentId=? 
        and enrolment_.courseCode=?
14:18:42,118 DEBUG SQL:104 - 
    select
        coursemeet_.courseCode,
        coursemeet_.day,
        coursemeet_.period,
        coursemeet_.location 
    from
        CourseMeeting coursemeet_ 
    where
        coursemeet_.courseCode=? 
        and coursemeet_.day=? 
        and coursemeet_.period=? 
        and coursemeet_.location=?
14:18:42,118 DEBUG SQL:104 - 
    select
        coursemeet_.courseCode,
        coursemeet_.day,
        coursemeet_.period,
        coursemeet_.location 
    from
        CourseMeeting coursemeet_ 
    where
        coursemeet_.courseCode=? 
        and coursemeet_.day=? 
        and coursemeet_.period=? 
        and coursemeet_.location=?
14:18:42,139 DEBUG BaseGeneralDataRegion:59 - Caching[foo.org.hibernate.cache.spi.UpdateTimestampsCache] : [Enrolment] -> [5579091075641344]
14:18:42,139 DEBUG SQL:104 - 
    update
        Address 
    set
        studentNumber=null,
        addressType=null 
    where
        studentNumber=?
14:18:42,140 DEBUG BaseGeneralDataRegion:59 - Caching[foo.org.hibernate.cache.spi.UpdateTimestampsCache] : [Address] -> [5579091075645440]
14:18:42,140 DEBUG SQL:104 - 
    delete 
    from
        Student_secretCodes 
    where
        studentNumber=?
14:18:42,140 DEBUG BaseGeneralDataRegion:59 - Caching[foo.org.hibernate.cache.spi.UpdateTimestampsCache] : [Student_secretCodes] -> [5579091075645441]
14:18:42,140 DEBUG BaseGeneralDataRegion:59 - Caching[foo.org.hibernate.cache.spi.UpdateTimestampsCache] : [Enrolment] -> [5579091075645442]
14:18:42,140 DEBUG BaseGeneralDataRegion:59 - Caching[foo.org.hibernate.cache.spi.UpdateTimestampsCache] : [Address] -> [5579091075645443]
14:18:42,140 DEBUG SQL:104 - 
    delete 
    from
        Student_secretCodes 
    where
        studentNumber=?
14:18:42,149 DEBUG BaseGeneralDataRegion:59 - Caching[foo.org.hibernate.cache.spi.UpdateTimestampsCache] : [Student_secretCodes] -> [5579091075682304]
14:18:42,149 DEBUG BaseGeneralDataRegion:59 - Caching[foo.org.hibernate.cache.spi.UpdateTimestampsCache] : [CourseMeeting] -> [5579091075682305]
14:18:42,149 DEBUG SQL:104 - 
    delete 
    from
        Enrolment 
    where
        studentId=? 
        and courseCode=?
14:18:42,150 DEBUG BaseGeneralDataRegion:59 - Caching[foo.org.hibernate.cache.spi.UpdateTimestampsCache] : [Enrolment] -> [5579091075686400]
14:18:42,150 DEBUG SQL:104 - 
    delete 
    from
        Address 
    where
        id=?
14:18:42,150 DEBUG BaseGeneralDataRegion:59 - Caching[foo.org.hibernate.cache.spi.UpdateTimestampsCache] : [Address] -> [5579091075686401]
14:18:42,150 DEBUG SQL:104 - 
    delete 
    from
        Address 
    where
        id=?
14:18:42,150 DEBUG BaseGeneralDataRegion:59 - Caching[foo.org.hibernate.cache.spi.UpdateTimestampsCache] : [Address] -> [5579091075686402]
14:18:42,150 DEBUG SQL:104 - 
    delete 
    from
        Student 
    where
        studentId=?
14:18:42,160 DEBUG BaseGeneralDataRegion:59 - Caching[foo.org.hibernate.cache.spi.UpdateTimestampsCache] : [Student] -> [5579091075727360]
14:18:42,160 DEBUG SQL:104 - 
    delete 
    from
        Enrolment 
    where
        studentId=? 
        and courseCode=?
14:18:42,161 DEBUG BaseGeneralDataRegion:59 - Caching[foo.org.hibernate.cache.spi.UpdateTimestampsCache] : [Enrolment] -> [5579091075731456]
14:18:42,161 DEBUG SQL:104 - 
    delete 
    from
        Student 
    where
        studentId=?
14:18:42,161 DEBUG BaseGeneralDataRegion:59 - Caching[foo.org.hibernate.cache.spi.UpdateTimestampsCache] : [Student] -> [5579091075731457]
14:18:42,161 DEBUG SQL:104 - 
    delete 
    from
        CourseMeeting 
    where
        courseCode=? 
        and day=? 
        and period=? 
        and location=?
14:18:42,161 DEBUG BaseGeneralDataRegion:59 - Caching[foo.org.hibernate.cache.spi.UpdateTimestampsCache] : [CourseMeeting] -> [5579091075731458]
14:18:42,170 DEBUG SQL:104 - 
    delete 
    from
        CourseMeeting 
    where
        courseCode=? 
        and day=? 
        and period=? 
        and location=?
14:18:42,170 DEBUG BaseGeneralDataRegion:59 - Caching[foo.org.hibernate.cache.spi.UpdateTimestampsCache] : [CourseMeeting] -> [5579091075768320]
14:18:42,171 DEBUG SQL:104 - 
    delete 
    from
        Course 
    where
        courseCode=?
14:18:42,171 DEBUG BaseGeneralDataRegion:59 - Caching[foo.org.hibernate.cache.spi.UpdateTimestampsCache] : [Course] -> [5579091075772416]
14:18:42,171 DEBUG BaseGeneralDataRegion:59 - Caching[foo.org.hibernate.cache.spi.UpdateTimestampsCache] : [Student] -> [5579090830012417]
14:18:42,171 DEBUG BaseGeneralDataRegion:59 - Caching[foo.org.hibernate.cache.spi.UpdateTimestampsCache] : [Course] -> [5579090830012417]
14:18:42,171 DEBUG BaseGeneralDataRegion:59 - Caching[foo.org.hibernate.cache.spi.UpdateTimestampsCache] : [Enrolment] -> [5579090830012417]
14:18:42,171 DEBUG BaseGeneralDataRegion:59 - Caching[foo.org.hibernate.cache.spi.UpdateTimestampsCache] : [Student_secretCodes] -> [5579090830012417]
14:18:42,171 DEBUG BaseGeneralDataRegion:59 - Caching[foo.org.hibernate.cache.spi.UpdateTimestampsCache] : [Address] -> [5579090830012417]
14:18:42,171 DEBUG BaseGeneralDataRegion:59 - Caching[foo.org.hibernate.cache.spi.UpdateTimestampsCache] : [CourseMeeting] -> [5579090830012417]
14:18:42,172  INFO CustomRunner:139 - Test: testEntityWithLazyAssnList
14:18:42,173 DEBUG SQL:104 - 
    select
        coursemeet_.courseCode,
        coursemeet_.day,
        coursemeet_.period,
        coursemeet_.location 
    from
        CourseMeeting coursemeet_ 
    where
        coursemeet_.courseCode=? 
        and coursemeet_.day=? 
        and coursemeet_.period=? 
        and coursemeet_.location=?
14:18:42,180 DEBUG SQL:104 - 
    select
        coursemeet_.courseCode,
        coursemeet_.day,
        coursemeet_.period,
        coursemeet_.location 
    from
        CourseMeeting coursemeet_ 
    where
        coursemeet_.courseCode=? 
        and coursemeet_.day=? 
        and coursemeet_.period=? 
        and coursemeet_.location=?
14:18:42,181 DEBUG SQL:104 - 
    insert 
    into
        Course
        (description, courseCode) 
    values
        (?, ?)
14:18:42,190 DEBUG BaseGeneralDataRegion:59 - Caching[foo.org.hibernate.cache.spi.UpdateTimestampsCache] : [Course] -> [5579091075850240]
14:18:42,190 DEBUG SQL:104 - 
    insert 
    into
        CourseMeeting
        (courseCode, day, period, location) 
    values
        (?, ?, ?, ?)
14:18:42,191 DEBUG BaseGeneralDataRegion:59 - Caching[foo.org.hibernate.cache.spi.UpdateTimestampsCache] : [CourseMeeting] -> [5579091075854336]
14:18:42,191 DEBUG SQL:104 - 
    insert 
    into
        CourseMeeting
        (courseCode, day, period, location) 
    values
        (?, ?, ?, ?)
14:18:42,191 DEBUG BaseGeneralDataRegion:59 - Caching[foo.org.hibernate.cache.spi.UpdateTimestampsCache] : [CourseMeeting] -> [5579091075854337]
14:18:42,191 DEBUG SQL:104 - 
    insert 
    into
        Student
        (name_first, name_middle, name_last, preferredCourseCode, studentId) 
    values
        (?, ?, ?, ?, ?)
14:18:42,191 DEBUG BaseGeneralDataRegion:59 - Caching[foo.org.hibernate.cache.spi.UpdateTimestampsCache] : [Student] -> [5579091075854338]
14:18:42,191 DEBUG SQL:104 - 
    insert 
    into
        Address
        (addressType, street, city, stateProvince, postalCode, country, studentNumber, id) 
    values
        (?, ?, ?, ?, ?, ?, ?, ?)
14:18:42,200 DEBUG BaseGeneralDataRegion:59 - Caching[foo.org.hibernate.cache.spi.UpdateTimestampsCache] : [Address] -> [5579091075891200]
14:18:42,201 DEBUG SQL:104 - 
    insert 
    into
        Address
        (addressType, street, city, stateProvince, postalCode, country, studentNumber, id) 
    values
        (?, ?, ?, ?, ?, ?, ?, ?)
14:18:42,201 DEBUG BaseGeneralDataRegion:59 - Caching[foo.org.hibernate.cache.spi.UpdateTimestampsCache] : [Address] -> [5579091075895296]
14:18:42,201 DEBUG SQL:104 - 
    insert 
    into
        Student
        (name_first, name_middle, name_last, preferredCourseCode, studentId) 
    values
        (?, ?, ?, ?, ?)
14:18:42,201 DEBUG BaseGeneralDataRegion:59 - Caching[foo.org.hibernate.cache.spi.UpdateTimestampsCache] : [Student] -> [5579091075895297]
14:18:42,201 DEBUG SQL:104 - 
    insert 
    into
        Enrolment
        (semester, "year", studentId, courseCode) 
    values
        (?, ?, ?, ?)
14:18:42,201 DEBUG BaseGeneralDataRegion:59 - Caching[foo.org.hibernate.cache.spi.UpdateTimestampsCache] : [Enrolment] -> [5579091075895298]
14:18:42,201 DEBUG SQL:104 - 
    insert 
    into
        Enrolment
        (semester, "year", studentId, courseCode) 
    values
        (?, ?, ?, ?)
14:18:42,211 DEBUG BaseGeneralDataRegion:59 - Caching[foo.org.hibernate.cache.spi.UpdateTimestampsCache] : [Enrolment] -> [5579091075936256]
14:18:42,212 DEBUG BaseGeneralDataRegion:59 - Caching[foo.org.hibernate.cache.spi.UpdateTimestampsCache] : [CourseMeeting] -> [5579091075936257]
14:18:42,212 DEBUG BaseGeneralDataRegion:59 - Caching[foo.org.hibernate.cache.spi.UpdateTimestampsCache] : [Enrolment] -> [5579091075940352]
14:18:42,212 DEBUG SQL:104 - 
    update
        Address 
    set
        studentNumber=?,
        addressType=? 
    where
        id=?
14:18:42,212 DEBUG SQL:104 - 
    update
        Address 
    set
        studentNumber=?,
        addressType=? 
    where
        id=?
14:18:42,212 DEBUG BaseGeneralDataRegion:59 - Caching[foo.org.hibernate.cache.spi.UpdateTimestampsCache] : [Address] -> [5579091075940353]
14:18:42,212 DEBUG SQL:104 - 
    insert 
    into
        Student_secretCodes
        (studentNumber, i, secretCode) 
    values
        (?, ?, ?)
14:18:42,213 DEBUG BaseGeneralDataRegion:59 - Caching[foo.org.hibernate.cache.spi.UpdateTimestampsCache] : [Student_secretCodes] -> [5579091075944448]
14:18:42,213 DEBUG BaseGeneralDataRegion:59 - Caching[foo.org.hibernate.cache.spi.UpdateTimestampsCache] : [Enrolment] -> [5579091075944449]
14:18:42,213 DEBUG BaseGeneralDataRegion:59 - Caching[foo.org.hibernate.cache.spi.UpdateTimestampsCache] : [Address] -> [5579091075944450]
14:18:42,213 DEBUG SQL:104 - 
    insert 
    into
        Student_secretCodes
        (studentNumber, i, secretCode) 
    values
        (?, ?, ?)
14:18:42,213 DEBUG SQL:104 - 
    insert 
    into
        Student_secretCodes
        (studentNumber, i, secretCode) 
    values
        (?, ?, ?)
14:18:42,213 DEBUG BaseGeneralDataRegion:59 - Caching[foo.org.hibernate.cache.spi.UpdateTimestampsCache] : [Student_secretCodes] -> [5579091075944451]
14:18:42,214 DEBUG BaseGeneralDataRegion:59 - Caching[foo.org.hibernate.cache.spi.UpdateTimestampsCache] : [Student] -> [5579090830188544]
14:18:42,214 DEBUG BaseGeneralDataRegion:59 - Caching[foo.org.hibernate.cache.spi.UpdateTimestampsCache] : [Course] -> [5579090830188544]
14:18:42,214 DEBUG BaseGeneralDataRegion:59 - Caching[foo.org.hibernate.cache.spi.UpdateTimestampsCache] : [Enrolment] -> [5579090830188544]
14:18:42,214 DEBUG BaseGeneralDataRegion:59 - Caching[foo.org.hibernate.cache.spi.UpdateTimestampsCache] : [Student_secretCodes] -> [5579090830188544]
14:18:42,214 DEBUG BaseGeneralDataRegion:59 - Caching[foo.org.hibernate.cache.spi.UpdateTimestampsCache] : [Address] -> [5579090830188544]
14:18:42,214 DEBUG BaseGeneralDataRegion:59 - Caching[foo.org.hibernate.cache.spi.UpdateTimestampsCache] : [CourseMeeting] -> [5579090830188544]
14:18:42,214 DEBUG QueryTranslatorImpl:265 - parse() - HQL: from org.hibernate.test.querycache.Student order by studentNumber
14:18:42,215 DEBUG QueryTranslatorImpl:283 - --- HQL AST ---
 \-[QUERY] Node: 'query'
    +-[SELECT_FROM] Node: 'SELECT_FROM'
    |  \-[FROM] Node: 'from'
    |     \-[RANGE] Node: 'RANGE'
    |        \-[DOT] Node: '.'
    |           +-[DOT] Node: '.'
    |           |  +-[DOT] Node: '.'
    |           |  |  +-[DOT] Node: '.'
    |           |  |  |  +-[IDENT] Node: 'org'
    |           |  |  |  \-[IDENT] Node: 'hibernate'
    |           |  |  \-[IDENT] Node: 'test'
    |           |  \-[IDENT] Node: 'querycache'
    |           \-[IDENT] Node: 'Student'
    \-[ORDER] Node: 'order'
       \-[IDENT] Node: 'studentNumber'

14:18:42,226 DEBUG ErrorCounter:82 - throwQueryException() : no errors
14:18:42,226 DEBUG FromElement:157 - FromClause{level=1} : org.hibernate.test.querycache.Student (<no alias>) -> student0_
14:18:42,227 DEBUG FromReferenceNode:74 - Resolved : {synthetic-alias} -> {synthetic-alias}
14:18:42,227 DEBUG DotNode:599 - getDataType() : studentNumber -> org.hibernate.type.LongType@4bf3f9d
14:18:42,227 DEBUG FromReferenceNode:74 - Resolved : {synthetic-alias}.studentNumber -> student0_.studentId
14:18:42,227 DEBUG HqlSqlWalker:629 - processQuery() :  ( SELECT ( FromClause{level=1} Student student0_ ) ( order ( student0_.studentId {synthetic-alias} studentNumber ) ) )
14:18:42,227 DEBUG HqlSqlWalker:869 - Derived SELECT clause created.
14:18:42,227 DEBUG JoinProcessor:175 - Using FROM fragment [Student student0_]
14:18:42,228 DEBUG QueryTranslatorImpl:252 - --- SQL AST ---
 \-[SELECT] QueryNode: 'SELECT'  querySpaces (Student)
    +-[SELECT_CLAUSE] SelectClause: '{derived select clause}'
    |  +-[SELECT_EXPR] SelectExpressionImpl: 'student0_.studentId as studentId4_' {FromElement{explicit,not a collection join,not a fetch join,fetch non-lazy properties,classAlias=null,role=null,tableName=Student,tableAlias=student0_,origin=null,columns={,className=org.hibernate.test.querycache.Student}}}
    |  \-[SQL_TOKEN] SqlFragment: 'student0_.name_first as name2_4_, student0_.name_middle as name3_4_, student0_.name_last as name4_4_, student0_.preferredCourseCode as preferre5_4_'
    +-[FROM] FromClause: 'from' FromClause{level=1, fromElementCounter=1, fromElements=1, fromElementByClassAlias=[], fromElementByTableAlias=[student0_], fromElementsByPath=[], collectionJoinFromElementsByPath=[], impliedElements=[]}
    |  \-[FROM_FRAGMENT] FromElement: 'Student student0_' FromElement{explicit,not a collection join,not a fetch join,fetch non-lazy properties,classAlias=null,role=null,tableName=Student,tableAlias=student0_,origin=null,columns={,className=org.hibernate.test.querycache.Student}}
    \-[ORDER] OrderByClause: 'order'
       \-[DOT] DotNode: 'student0_.studentId' {propertyName=studentNumber,dereferenceType=ALL,propertyPath=studentNumber,path={synthetic-alias}.studentNumber,tableAlias=student0_,className=org.hibernate.test.querycache.Student,classAlias=null}
          +-[IDENT] IdentNode: '{synthetic-alias}' {originalText={synthetic-alias}}
          \-[IDENT] IdentNode: 'studentNumber' {originalText=studentNumber}

14:18:42,236 DEBUG ErrorCounter:82 - throwQueryException() : no errors
14:18:42,236 DEBUG QueryTranslatorImpl:235 - HQL: from org.hibernate.test.querycache.Student order by studentNumber
14:18:42,237 DEBUG QueryTranslatorImpl:236 - SQL: select student0_.studentId as studentId4_, student0_.name_first as name2_4_, student0_.name_middle as name3_4_, student0_.name_last as name4_4_, student0_.preferredCourseCode as preferre5_4_ from Student student0_ order by student0_.studentId
14:18:42,237 DEBUG ErrorCounter:82 - throwQueryException() : no errors
14:18:42,237 DEBUG BaseGeneralDataRegion:46 - Cache[foo.org.hibernate.cache.internal.StandardQueryCache] lookup : key[sql: select student0_.studentId as studentId4_, student0_.name_first as name2_4_, student0_.name_middle as name3_4_, student0_.name_last as name4_4_, student0_.preferredCourseCode as preferre5_4_ from Student student0_ order by student0_.studentId; parameters: ; named parameters: {}; transformer: org.hibernate.transform.CacheableResultTransformer@110f2]
14:18:42,237 DEBUG SQL:104 - 
    select
        student0_.studentId as studentId4_,
        student0_.name_first as name2_4_,
        student0_.name_middle as name3_4_,
        student0_.name_last as name4_4_,
        student0_.preferredCourseCode as preferre5_4_ 
    from
        Student student0_ 
    order by
        student0_.studentId
14:18:42,238 DEBUG SQL:104 - 
    select
        secretcode0_.studentNumber as studentN1_4_0_,
        secretcode0_.secretCode as secretCode5_0_,
        secretcode0_.i as i0_ 
    from
        Student_secretCodes secretcode0_ 
    where
        secretcode0_.studentNumber=?
14:18:42,238 DEBUG SQL:104 - 
    select
        secretcode0_.studentNumber as studentN1_4_0_,
        secretcode0_.secretCode as secretCode5_0_,
        secretcode0_.i as i0_ 
    from
        Student_secretCodes secretcode0_ 
    where
        secretcode0_.studentNumber=?
14:18:42,238 DEBUG BaseGeneralDataRegion:59 - Caching[foo.org.hibernate.cache.internal.StandardQueryCache] : [sql: select student0_.studentId as studentId4_, student0_.name_first as name2_4_, student0_.name_middle as name3_4_, student0_.name_last as name4_4_, student0_.preferredCourseCode as preferre5_4_ from Student student0_ order by student0_.studentId; parameters: ; named parameters: {}; transformer: org.hibernate.transform.CacheableResultTransformer@110f2] -> [[5579090830286848, 111, 999]]
14:18:42,239 DEBUG BaseGeneralDataRegion:46 - Cache[foo.org.hibernate.cache.internal.StandardQueryCache] lookup : key[sql: select student0_.studentId as studentId4_, student0_.name_first as name2_4_, student0_.name_middle as name3_4_, student0_.name_last as name4_4_, student0_.preferredCourseCode as preferre5_4_ from Student student0_ order by student0_.studentId; parameters: ; named parameters: {}; transformer: org.hibernate.transform.CacheableResultTransformer@110f2]
14:18:42,239 DEBUG BaseGeneralDataRegion:52 - Cache[foo.org.hibernate.cache.internal.StandardQueryCache] hit: sql: select student0_.studentId as studentId4_, student0_.name_first as name2_4_, student0_.name_middle as name3_4_, student0_.name_last as name4_4_, student0_.preferredCourseCode as preferre5_4_ from Student student0_ order by student0_.studentId; parameters: ; named parameters: {}; transformer: org.hibernate.transform.CacheableResultTransformer@110f2
14:18:42,239 DEBUG BaseGeneralDataRegion:46 - Cache[foo.org.hibernate.cache.spi.UpdateTimestampsCache] lookup : key[Student]
14:18:42,239 DEBUG BaseGeneralDataRegion:52 - Cache[foo.org.hibernate.cache.spi.UpdateTimestampsCache] hit: Student
14:18:42,239 DEBUG SQL:104 - 
    select
        student0_.studentId as studentId4_0_,
        student0_.name_first as name2_4_0_,
        student0_.name_middle as name3_4_0_,
        student0_.name_last as name4_4_0_,
        student0_.preferredCourseCode as preferre5_4_0_ 
    from
        Student student0_ 
    where
        student0_.studentId=?
14:18:42,261 DEBUG SQL:104 - 
    select
        secretcode0_.studentNumber as studentN1_4_0_,
        secretcode0_.secretCode as secretCode5_0_,
        secretcode0_.i as i0_ 
    from
        Student_secretCodes secretcode0_ 
    where
        secretcode0_.studentNumber=?
14:18:42,262 DEBUG SQL:104 - 
    select
        student0_.studentId as studentId4_0_,
        student0_.name_first as name2_4_0_,
        student0_.name_middle as name3_4_0_,
        student0_.name_last as name4_4_0_,
        student0_.preferredCourseCode as preferre5_4_0_ 
    from
        Student student0_ 
    where
        student0_.studentId=?
14:18:42,262 DEBUG SQL:104 - 
    select
        secretcode0_.studentNumber as studentN1_4_0_,
        secretcode0_.secretCode as secretCode5_0_,
        secretcode0_.i as i0_ 
    from
        Student_secretCodes secretcode0_ 
    where
        secretcode0_.studentNumber=?
14:18:42,271 DEBUG SQL:104 - 
    select
        student_.studentId,
        student_.name_first as name2_4_,
        student_.name_middle as name3_4_,
        student_.name_last as name4_4_,
        student_.preferredCourseCode as preferre5_4_ 
    from
        Student student_ 
    where
        student_.studentId=?
14:18:42,271 DEBUG SQL:104 - 
    select
        enrolment_.studentId,
        enrolment_.courseCode,
        enrolment_.semester as semester3_,
        enrolment_."year" as year4_3_ 
    from
        Enrolment enrolment_ 
    where
        enrolment_.studentId=? 
        and enrolment_.courseCode=?
14:18:42,272 DEBUG SQL:104 - 
    select
        course_.courseCode,
        course_.description as descript2_1_ 
    from
        Course course_ 
    where
        course_.courseCode=?
14:18:42,282 DEBUG SQL:104 - 
    select
        student_.studentId,
        student_.name_first as name2_4_,
        student_.name_middle as name3_4_,
        student_.name_last as name4_4_,
        student_.preferredCourseCode as preferre5_4_ 
    from
        Student student_ 
    where
        student_.studentId=?
14:18:42,282 DEBUG SQL:104 - 
    select
        enrolment_.studentId,
        enrolment_.courseCode,
        enrolment_.semester as semester3_,
        enrolment_."year" as year4_3_ 
    from
        Enrolment enrolment_ 
    where
        enrolment_.studentId=? 
        and enrolment_.courseCode=?
14:18:42,282 DEBUG SQL:104 - 
    select
        coursemeet_.courseCode,
        coursemeet_.day,
        coursemeet_.period,
        coursemeet_.location 
    from
        CourseMeeting coursemeet_ 
    where
        coursemeet_.courseCode=? 
        and coursemeet_.day=? 
        and coursemeet_.period=? 
        and coursemeet_.location=?
14:18:42,292 DEBUG SQL:104 - 
    select
        coursemeet_.courseCode,
        coursemeet_.day,
        coursemeet_.period,
        coursemeet_.location 
    from
        CourseMeeting coursemeet_ 
    where
        coursemeet_.courseCode=? 
        and coursemeet_.day=? 
        and coursemeet_.period=? 
        and coursemeet_.location=?
14:18:42,293 DEBUG BaseGeneralDataRegion:59 - Caching[foo.org.hibernate.cache.spi.UpdateTimestampsCache] : [Enrolment] -> [5579091076272128]
14:18:42,293 DEBUG SQL:104 - 
    update
        Address 
    set
        studentNumber=null,
        addressType=null 
    where
        studentNumber=?
14:18:42,302 DEBUG BaseGeneralDataRegion:59 - Caching[foo.org.hibernate.cache.spi.UpdateTimestampsCache] : [Address] -> [5579091076308992]
14:18:42,302 DEBUG SQL:104 - 
    delete 
    from
        Student_secretCodes 
    where
        studentNumber=?
14:18:42,302 DEBUG BaseGeneralDataRegion:59 - Caching[foo.org.hibernate.cache.spi.UpdateTimestampsCache] : [Student_secretCodes] -> [5579091076308993]
14:18:42,302 DEBUG BaseGeneralDataRegion:59 - Caching[foo.org.hibernate.cache.spi.UpdateTimestampsCache] : [Enrolment] -> [5579091076308994]
14:18:42,302 DEBUG BaseGeneralDataRegion:59 - Caching[foo.org.hibernate.cache.spi.UpdateTimestampsCache] : [Address] -> [5579091076308995]
14:18:42,302 DEBUG SQL:104 - 
    delete 
    from
        Student_secretCodes 
    where
        studentNumber=?
14:18:42,302 DEBUG BaseGeneralDataRegion:59 - Caching[foo.org.hibernate.cache.spi.UpdateTimestampsCache] : [Student_secretCodes] -> [5579091076308996]
14:18:42,303 DEBUG BaseGeneralDataRegion:59 - Caching[foo.org.hibernate.cache.spi.UpdateTimestampsCache] : [CourseMeeting] -> [5579091076313088]
14:18:42,303 DEBUG SQL:104 - 
    delete 
    from
        Enrolment 
    where
        studentId=? 
        and courseCode=?
14:18:42,303 DEBUG BaseGeneralDataRegion:59 - Caching[foo.org.hibernate.cache.spi.UpdateTimestampsCache] : [Enrolment] -> [5579091076313089]
14:18:42,312 DEBUG SQL:104 - 
    delete 
    from
        Address 
    where
        id=?
14:18:42,313 DEBUG BaseGeneralDataRegion:59 - Caching[foo.org.hibernate.cache.spi.UpdateTimestampsCache] : [Address] -> [5579091076349952]
14:18:42,313 DEBUG SQL:104 - 
    delete 
    from
        Address 
    where
        id=?
14:18:42,313 DEBUG BaseGeneralDataRegion:59 - Caching[foo.org.hibernate.cache.spi.UpdateTimestampsCache] : [Address] -> [5579091076354048]
14:18:42,313 DEBUG SQL:104 - 
    delete 
    from
        Student 
    where
        studentId=?
14:18:42,313 DEBUG BaseGeneralDataRegion:59 - Caching[foo.org.hibernate.cache.spi.UpdateTimestampsCache] : [Student] -> [5579091076354049]
14:18:42,313 DEBUG SQL:104 - 
    delete 
    from
        Enrolment 
    where
        studentId=? 
        and courseCode=?
14:18:42,313 DEBUG BaseGeneralDataRegion:59 - Caching[foo.org.hibernate.cache.spi.UpdateTimestampsCache] : [Enrolment] -> [5579091076354050]
14:18:42,322 DEBUG SQL:104 - 
    delete 
    from
        Student 
    where
        studentId=?
14:18:42,322 DEBUG BaseGeneralDataRegion:59 - Caching[foo.org.hibernate.cache.spi.UpdateTimestampsCache] : [Student] -> [5579091076390912]
14:18:42,322 DEBUG SQL:104 - 
    delete 
    from
        CourseMeeting 
    where
        courseCode=? 
        and day=? 
        and period=? 
        and location=?
14:18:42,323 DEBUG BaseGeneralDataRegion:59 - Caching[foo.org.hibernate.cache.spi.UpdateTimestampsCache] : [CourseMeeting] -> [5579091076395008]
14:18:42,323 DEBUG SQL:104 - 
    delete 
    from
        CourseMeeting 
    where
        courseCode=? 
        and day=? 
        and period=? 
        and location=?
14:18:42,323 DEBUG BaseGeneralDataRegion:59 - Caching[foo.org.hibernate.cache.spi.UpdateTimestampsCache] : [CourseMeeting] -> [5579091076395009]
14:18:42,323 DEBUG SQL:104 - 
    delete 
    from
        Course 
    where
        courseCode=?
14:18:42,333 DEBUG BaseGeneralDataRegion:59 - Caching[foo.org.hibernate.cache.spi.UpdateTimestampsCache] : [Course] -> [5579091076435968]
14:18:42,333 DEBUG BaseGeneralDataRegion:59 - Caching[foo.org.hibernate.cache.spi.UpdateTimestampsCache] : [Student] -> [5579090830675969]
14:18:42,333 DEBUG BaseGeneralDataRegion:59 - Caching[foo.org.hibernate.cache.spi.UpdateTimestampsCache] : [Course] -> [5579090830675969]
14:18:42,333 DEBUG BaseGeneralDataRegion:59 - Caching[foo.org.hibernate.cache.spi.UpdateTimestampsCache] : [Enrolment] -> [5579090830675969]
14:18:42,333 DEBUG BaseGeneralDataRegion:59 - Caching[foo.org.hibernate.cache.spi.UpdateTimestampsCache] : [Student_secretCodes] -> [5579090830675969]
14:18:42,334 DEBUG BaseGeneralDataRegion:59 - Caching[foo.org.hibernate.cache.spi.UpdateTimestampsCache] : [Address] -> [5579090830675969]
14:18:42,334 DEBUG BaseGeneralDataRegion:59 - Caching[foo.org.hibernate.cache.spi.UpdateTimestampsCache] : [CourseMeeting] -> [5579090830675969]
14:18:42,334  INFO CustomRunner:139 - Test: testEntityWithLazyAssnUnique
14:18:42,335 DEBUG SQL:104 - 
    select
        coursemeet_.courseCode,
        coursemeet_.day,
        coursemeet_.period,
        coursemeet_.location 
    from
        CourseMeeting coursemeet_ 
    where
        coursemeet_.courseCode=? 
        and coursemeet_.day=? 
        and coursemeet_.period=? 
        and coursemeet_.location=?
14:18:42,336 DEBUG SQL:104 - 
    select
        coursemeet_.courseCode,
        coursemeet_.day,
        coursemeet_.period,
        coursemeet_.location 
    from
        CourseMeeting coursemeet_ 
    where
        coursemeet_.courseCode=? 
        and coursemeet_.day=? 
        and coursemeet_.period=? 
        and coursemeet_.location=?
14:18:42,336 DEBUG SQL:104 - 
    insert 
    into
        Course
        (description, courseCode) 
    values
        (?, ?)
14:18:42,337 DEBUG BaseGeneralDataRegion:59 - Caching[foo.org.hibernate.cache.spi.UpdateTimestampsCache] : [Course] -> [5579091076452352]
14:18:42,337 DEBUG SQL:104 - 
    insert 
    into
        CourseMeeting
        (courseCode, day, period, location) 
    values
        (?, ?, ?, ?)
14:18:42,337 DEBUG BaseGeneralDataRegion:59 - Caching[foo.org.hibernate.cache.spi.UpdateTimestampsCache] : [CourseMeeting] -> [5579091076452353]
14:18:42,346 DEBUG SQL:104 - 
    insert 
    into
        CourseMeeting
        (courseCode, day, period, location) 
    values
        (?, ?, ?, ?)
14:18:42,347 DEBUG BaseGeneralDataRegion:59 - Caching[foo.org.hibernate.cache.spi.UpdateTimestampsCache] : [CourseMeeting] -> [5579091076493312]
14:18:42,347 DEBUG SQL:104 - 
    insert 
    into
        Student
        (name_first, name_middle, name_last, preferredCourseCode, studentId) 
    values
        (?, ?, ?, ?, ?)
14:18:42,347 DEBUG BaseGeneralDataRegion:59 - Caching[foo.org.hibernate.cache.spi.UpdateTimestampsCache] : [Student] -> [5579091076493313]
14:18:42,347 DEBUG SQL:104 - 
    insert 
    into
        Address
        (addressType, street, city, stateProvince, postalCode, country, studentNumber, id) 
    values
        (?, ?, ?, ?, ?, ?, ?, ?)
14:18:42,347 DEBUG BaseGeneralDataRegion:59 - Caching[foo.org.hibernate.cache.spi.UpdateTimestampsCache] : [Address] -> [5579091076493314]
14:18:42,348 DEBUG SQL:104 - 
    insert 
    into
        Address
        (addressType, street, city, stateProvince, postalCode, country, studentNumber, id) 
    values
        (?, ?, ?, ?, ?, ?, ?, ?)
14:18:42,358 DEBUG BaseGeneralDataRegion:59 - Caching[foo.org.hibernate.cache.spi.UpdateTimestampsCache] : [Address] -> [5579091076538368]
14:18:42,358 DEBUG SQL:104 - 
    insert 
    into
        Student
        (name_first, name_middle, name_last, preferredCourseCode, studentId) 
    values
        (?, ?, ?, ?, ?)
14:18:42,358 DEBUG BaseGeneralDataRegion:59 - Caching[foo.org.hibernate.cache.spi.UpdateTimestampsCache] : [Student] -> [5579091076538369]
14:18:42,358 DEBUG SQL:104 - 
    insert 
    into
        Enrolment
        (semester, "year", studentId, courseCode) 
    values
        (?, ?, ?, ?)
14:18:42,359 DEBUG BaseGeneralDataRegion:59 - Caching[foo.org.hibernate.cache.spi.UpdateTimestampsCache] : [Enrolment] -> [5579091076542464]
14:18:42,359 DEBUG SQL:104 - 
    insert 
    into
        Enrolment
        (semester, "year", studentId, courseCode) 
    values
        (?, ?, ?, ?)
14:18:42,359 DEBUG BaseGeneralDataRegion:59 - Caching[foo.org.hibernate.cache.spi.UpdateTimestampsCache] : [Enrolment] -> [5579091076542465]
14:18:42,359 DEBUG BaseGeneralDataRegion:59 - Caching[foo.org.hibernate.cache.spi.UpdateTimestampsCache] : [CourseMeeting] -> [5579091076542466]
14:18:42,359 DEBUG BaseGeneralDataRegion:59 - Caching[foo.org.hibernate.cache.spi.UpdateTimestampsCache] : [Enrolment] -> [5579091076542467]
14:18:42,359 DEBUG SQL:104 - 
    update
        Address 
    set
        studentNumber=?,
        addressType=? 
    where
        id=?
14:18:42,359 DEBUG SQL:104 - 
    update
        Address 
    set
        studentNumber=?,
        addressType=? 
    where
        id=?
14:18:42,378 DEBUG BaseGeneralDataRegion:59 - Caching[foo.org.hibernate.cache.spi.UpdateTimestampsCache] : [Address] -> [5579091076620288]
14:18:42,379 DEBUG SQL:104 - 
    insert 
    into
        Student_secretCodes
        (studentNumber, i, secretCode) 
    values
        (?, ?, ?)
14:18:42,379 DEBUG BaseGeneralDataRegion:59 - Caching[foo.org.hibernate.cache.spi.UpdateTimestampsCache] : [Student_secretCodes] -> [5579091076624384]
14:18:42,379 DEBUG BaseGeneralDataRegion:59 - Caching[foo.org.hibernate.cache.spi.UpdateTimestampsCache] : [Enrolment] -> [5579091076624385]
14:18:42,379 DEBUG BaseGeneralDataRegion:59 - Caching[foo.org.hibernate.cache.spi.UpdateTimestampsCache] : [Address] -> [5579091076624386]
14:18:42,379 DEBUG SQL:104 - 
    insert 
    into
        Student_secretCodes
        (studentNumber, i, secretCode) 
    values
        (?, ?, ?)
14:18:42,380 DEBUG SQL:104 - 
    insert 
    into
        Student_secretCodes
        (studentNumber, i, secretCode) 
    values
        (?, ?, ?)
14:18:42,380 DEBUG BaseGeneralDataRegion:59 - Caching[foo.org.hibernate.cache.spi.UpdateTimestampsCache] : [Student_secretCodes] -> [5579091076628480]
14:18:42,380 DEBUG BaseGeneralDataRegion:59 - Caching[foo.org.hibernate.cache.spi.UpdateTimestampsCache] : [Student] -> [5579090830868481]
14:18:42,380 DEBUG BaseGeneralDataRegion:59 - Caching[foo.org.hibernate.cache.spi.UpdateTimestampsCache] : [Course] -> [5579090830868481]
14:18:42,380 DEBUG BaseGeneralDataRegion:59 - Caching[foo.org.hibernate.cache.spi.UpdateTimestampsCache] : [Enrolment] -> [5579090830868481]
14:18:42,389 DEBUG BaseGeneralDataRegion:59 - Caching[foo.org.hibernate.cache.spi.UpdateTimestampsCache] : [Student_secretCodes] -> [5579090830868481]
14:18:42,389 DEBUG BaseGeneralDataRegion:59 - Caching[foo.org.hibernate.cache.spi.UpdateTimestampsCache] : [Address] -> [5579090830868481]
14:18:42,389 DEBUG BaseGeneralDataRegion:59 - Caching[foo.org.hibernate.cache.spi.UpdateTimestampsCache] : [CourseMeeting] -> [5579090830868481]
14:18:42,389 DEBUG QueryTranslatorImpl:265 - parse() - HQL: from org.hibernate.test.querycache.Student s where s.studentNumber = :studentNumber
14:18:42,391 DEBUG QueryTranslatorImpl:283 - --- HQL AST ---
 \-[QUERY] Node: 'query'
    +-[SELECT_FROM] Node: 'SELECT_FROM'
    |  \-[FROM] Node: 'from'
    |     \-[RANGE] Node: 'RANGE'
    |        +-[DOT] Node: '.'
    |        |  +-[DOT] Node: '.'
    |        |  |  +-[DOT] Node: '.'
    |        |  |  |  +-[DOT] Node: '.'
    |        |  |  |  |  +-[IDENT] Node: 'org'
    |        |  |  |  |  \-[IDENT] Node: 'hibernate'
    |        |  |  |  \-[IDENT] Node: 'test'
    |        |  |  \-[IDENT] Node: 'querycache'
    |        |  \-[IDENT] Node: 'Student'
    |        \-[ALIAS] Node: 's'
    \-[WHERE] Node: 'where'
       \-[EQ] Node: '='
          +-[DOT] Node: '.'
          |  +-[IDENT] Node: 's'
          |  \-[IDENT] Node: 'studentNumber'
          \-[COLON] Node: ':'
             \-[IDENT] Node: 'studentNumber'

14:18:42,391 DEBUG ErrorCounter:82 - throwQueryException() : no errors
14:18:42,391 DEBUG FromElement:157 - FromClause{level=1} : org.hibernate.test.querycache.Student (s) -> student0_
14:18:42,391 DEBUG FromReferenceNode:74 - Resolved : s -> student0_.studentId
14:18:42,391 DEBUG DotNode:599 - getDataType() : studentNumber -> org.hibernate.type.LongType@4bf3f9d
14:18:42,400 DEBUG FromReferenceNode:74 - Resolved : s.studentNumber -> student0_.studentId
14:18:42,400 DEBUG HqlSqlWalker:629 - processQuery() :  ( SELECT ( FromClause{level=1} Student student0_ ) ( where ( = ( student0_.studentId student0_.studentId studentNumber ) ? ) ) )
14:18:42,400 DEBUG HqlSqlWalker:869 - Derived SELECT clause created.
14:18:42,400 DEBUG JoinProcessor:175 - Using FROM fragment [Student student0_]
14:18:42,401 DEBUG QueryTranslatorImpl:252 - --- SQL AST ---
 \-[SELECT] QueryNode: 'SELECT'  querySpaces (Student)
    +-[SELECT_CLAUSE] SelectClause: '{derived select clause}'
    |  +-[SELECT_EXPR] SelectExpressionImpl: 'student0_.studentId as studentId4_' {FromElement{explicit,not a collection join,not a fetch join,fetch non-lazy properties,classAlias=s,role=null,tableName=Student,tableAlias=student0_,origin=null,columns={,className=org.hibernate.test.querycache.Student}}}
    |  \-[SQL_TOKEN] SqlFragment: 'student0_.name_first as name2_4_, student0_.name_middle as name3_4_, student0_.name_last as name4_4_, student0_.preferredCourseCode as preferre5_4_'
    +-[FROM] FromClause: 'from' FromClause{level=1, fromElementCounter=1, fromElements=1, fromElementByClassAlias=[s], fromElementByTableAlias=[student0_], fromElementsByPath=[], collectionJoinFromElementsByPath=[], impliedElements=[]}
    |  \-[FROM_FRAGMENT] FromElement: 'Student student0_' FromElement{explicit,not a collection join,not a fetch join,fetch non-lazy properties,classAlias=s,role=null,tableName=Student,tableAlias=student0_,origin=null,columns={,className=org.hibernate.test.querycache.Student}}
    \-[WHERE] SqlNode: 'where'
       \-[EQ] BinaryLogicOperatorNode: '='
          +-[DOT] DotNode: 'student0_.studentId' {propertyName=studentNumber,dereferenceType=ALL,propertyPath=studentNumber,path=s.studentNumber,tableAlias=student0_,className=org.hibernate.test.querycache.Student,classAlias=s}
          |  +-[ALIAS_REF] IdentNode: 'student0_.studentId' {alias=s, className=org.hibernate.test.querycache.Student, tableAlias=student0_}
          |  \-[IDENT] IdentNode: 'studentNumber' {originalText=studentNumber}
          \-[NAMED_PARAM] ParameterNode: '?' {name=studentNumber, expectedType=org.hibernate.type.LongType@4bf3f9d}

14:18:42,402 DEBUG ErrorCounter:82 - throwQueryException() : no errors
14:18:42,402 DEBUG QueryTranslatorImpl:235 - HQL: from org.hibernate.test.querycache.Student s where s.studentNumber = :studentNumber
14:18:42,402 DEBUG QueryTranslatorImpl:236 - SQL: select student0_.studentId as studentId4_, student0_.name_first as name2_4_, student0_.name_middle as name3_4_, student0_.name_last as name4_4_, student0_.preferredCourseCode as preferre5_4_ from Student student0_ where student0_.studentId=?
14:18:42,402 DEBUG ErrorCounter:82 - throwQueryException() : no errors
14:18:42,403 DEBUG BaseGeneralDataRegion:46 - Cache[foo.org.hibernate.cache.internal.StandardQueryCache] lookup : key[sql: select student0_.studentId as studentId4_, student0_.name_first as name2_4_, student0_.name_middle as name3_4_, student0_.name_last as name4_4_, student0_.preferredCourseCode as preferre5_4_ from Student student0_ where student0_.studentId=?; parameters: ; named parameters: {studentNumber=999}; transformer: org.hibernate.transform.CacheableResultTransformer@110f2]
14:18:42,403 DEBUG SQL:104 - 
    select
        student0_.studentId as studentId4_,
        student0_.name_first as name2_4_,
        student0_.name_middle as name3_4_,
        student0_.name_last as name4_4_,
        student0_.preferredCourseCode as preferre5_4_ 
    from
        Student student0_ 
    where
        student0_.studentId=?
14:18:42,412 DEBUG SQL:104 - 
    select
        secretcode0_.studentNumber as studentN1_4_0_,
        secretcode0_.secretCode as secretCode5_0_,
        secretcode0_.i as i0_ 
    from
        Student_secretCodes secretcode0_ 
    where
        secretcode0_.studentNumber=?
14:18:42,412 DEBUG BaseGeneralDataRegion:59 - Caching[foo.org.hibernate.cache.internal.StandardQueryCache] : [sql: select student0_.studentId as studentId4_, student0_.name_first as name2_4_, student0_.name_middle as name3_4_, student0_.name_last as name4_4_, student0_.preferredCourseCode as preferre5_4_ from Student student0_ where student0_.studentId=?; parameters: ; named parameters: {studentNumber=999}; transformer: org.hibernate.transform.CacheableResultTransformer@110f2] -> [[5579090830999552, 999]]
14:18:42,413 DEBUG BaseGeneralDataRegion:46 - Cache[foo.org.hibernate.cache.internal.StandardQueryCache] lookup : key[sql: select student0_.studentId as studentId4_, student0_.name_first as name2_4_, student0_.name_middle as name3_4_, student0_.name_last as name4_4_, student0_.preferredCourseCode as preferre5_4_ from Student student0_ where student0_.studentId=?; parameters: ; named parameters: {studentNumber=999}; transformer: org.hibernate.transform.CacheableResultTransformer@110f2]
14:18:42,413 DEBUG BaseGeneralDataRegion:52 - Cache[foo.org.hibernate.cache.internal.StandardQueryCache] hit: sql: select student0_.studentId as studentId4_, student0_.name_first as name2_4_, student0_.name_middle as name3_4_, student0_.name_last as name4_4_, student0_.preferredCourseCode as preferre5_4_ from Student student0_ where student0_.studentId=?; parameters: ; named parameters: {studentNumber=999}; transformer: org.hibernate.transform.CacheableResultTransformer@110f2
14:18:42,413 DEBUG BaseGeneralDataRegion:46 - Cache[foo.org.hibernate.cache.spi.UpdateTimestampsCache] lookup : key[Student]
14:18:42,413 DEBUG BaseGeneralDataRegion:52 - Cache[foo.org.hibernate.cache.spi.UpdateTimestampsCache] hit: Student
14:18:42,413 DEBUG SQL:104 - 
    select
        student0_.studentId as studentId4_0_,
        student0_.name_first as name2_4_0_,
        student0_.name_middle as name3_4_0_,
        student0_.name_last as name4_4_0_,
        student0_.preferredCourseCode as preferre5_4_0_ 
    from
        Student student0_ 
    where
        student0_.studentId=?
14:18:42,414 DEBUG SQL:104 - 
    select
        secretcode0_.studentNumber as studentN1_4_0_,
        secretcode0_.secretCode as secretCode5_0_,
        secretcode0_.i as i0_ 
    from
        Student_secretCodes secretcode0_ 
    where
        secretcode0_.studentNumber=?
14:18:42,425 DEBUG SQL:104 - 
    select
        student_.studentId,
        student_.name_first as name2_4_,
        student_.name_middle as name3_4_,
        student_.name_last as name4_4_,
        student_.preferredCourseCode as preferre5_4_ 
    from
        Student student_ 
    where
        student_.studentId=?
14:18:42,425 DEBUG SQL:104 - 
    select
        enrolment_.studentId,
        enrolment_.courseCode,
        enrolment_.semester as semester3_,
        enrolment_."year" as year4_3_ 
    from
        Enrolment enrolment_ 
    where
        enrolment_.studentId=? 
        and enrolment_.courseCode=?
14:18:42,445 DEBUG SQL:104 - 
    select
        course_.courseCode,
        course_.description as descript2_1_ 
    from
        Course course_ 
    where
        course_.courseCode=?
14:18:42,445 DEBUG SQL:104 - 
    select
        student_.studentId,
        student_.name_first as name2_4_,
        student_.name_middle as name3_4_,
        student_.name_last as name4_4_,
        student_.preferredCourseCode as preferre5_4_ 
    from
        Student student_ 
    where
        student_.studentId=?
14:18:42,445 DEBUG SQL:104 - 
    select
        enrolment_.studentId,
        enrolment_.courseCode,
        enrolment_.semester as semester3_,
        enrolment_."year" as year4_3_ 
    from
        Enrolment enrolment_ 
    where
        enrolment_.studentId=? 
        and enrolment_.courseCode=?
14:18:42,449 DEBUG SQL:104 - 
    select
        coursemeet_.courseCode,
        coursemeet_.day,
        coursemeet_.period,
        coursemeet_.location 
    from
        CourseMeeting coursemeet_ 
    where
        coursemeet_.courseCode=? 
        and coursemeet_.day=? 
        and coursemeet_.period=? 
        and coursemeet_.location=?
14:18:42,450 DEBUG SQL:104 - 
    select
        coursemeet_.courseCode,
        coursemeet_.day,
        coursemeet_.period,
        coursemeet_.location 
    from
        CourseMeeting coursemeet_ 
    where
        coursemeet_.courseCode=? 
        and coursemeet_.day=? 
        and coursemeet_.period=? 
        and coursemeet_.location=?
14:18:42,450 DEBUG BaseGeneralDataRegion:59 - Caching[foo.org.hibernate.cache.spi.UpdateTimestampsCache] : [Enrolment] -> [5579091076915200]
14:18:42,450 DEBUG SQL:104 - 
    update
        Address 
    set
        studentNumber=null,
        addressType=null 
    where
        studentNumber=?
14:18:42,460 DEBUG BaseGeneralDataRegion:59 - Caching[foo.org.hibernate.cache.spi.UpdateTimestampsCache] : [Address] -> [5579091076956160]
14:18:42,460 DEBUG SQL:104 - 
    delete 
    from
        Student_secretCodes 
    where
        studentNumber=?
14:18:42,461 DEBUG BaseGeneralDataRegion:59 - Caching[foo.org.hibernate.cache.spi.UpdateTimestampsCache] : [Student_secretCodes] -> [5579091076960256]
14:18:42,461 DEBUG BaseGeneralDataRegion:59 - Caching[foo.org.hibernate.cache.spi.UpdateTimestampsCache] : [Enrolment] -> [5579091076960257]
14:18:42,461 DEBUG BaseGeneralDataRegion:59 - Caching[foo.org.hibernate.cache.spi.UpdateTimestampsCache] : [Address] -> [5579091076960258]
14:18:42,461 DEBUG SQL:104 - 
    delete 
    from
        Student_secretCodes 
    where
        studentNumber=?
14:18:42,462 DEBUG BaseGeneralDataRegion:59 - Caching[foo.org.hibernate.cache.spi.UpdateTimestampsCache] : [Student_secretCodes] -> [5579091076964352]
14:18:42,462 DEBUG BaseGeneralDataRegion:59 - Caching[foo.org.hibernate.cache.spi.UpdateTimestampsCache] : [CourseMeeting] -> [5579091076964353]
14:18:42,462 DEBUG SQL:104 - 
    delete 
    from
        Enrolment 
    where
        studentId=? 
        and courseCode=?
14:18:42,462 DEBUG BaseGeneralDataRegion:59 - Caching[foo.org.hibernate.cache.spi.UpdateTimestampsCache] : [Enrolment] -> [5579091076964354]
14:18:42,462 DEBUG SQL:104 - 
    delete 
    from
        Address 
    where
        id=?
14:18:42,462 DEBUG BaseGeneralDataRegion:59 - Caching[foo.org.hibernate.cache.spi.UpdateTimestampsCache] : [Address] -> [5579091076964355]
14:18:42,463 DEBUG SQL:104 - 
    delete 
    from
        Address 
    where
        id=?
14:18:42,463 DEBUG BaseGeneralDataRegion:59 - Caching[foo.org.hibernate.cache.spi.UpdateTimestampsCache] : [Address] -> [5579091076968448]
14:18:42,463 DEBUG SQL:104 - 
    delete 
    from
        Student 
    where
        studentId=?
14:18:42,463 DEBUG BaseGeneralDataRegion:59 - Caching[foo.org.hibernate.cache.spi.UpdateTimestampsCache] : [Student] -> [5579091076968449]
14:18:42,463 DEBUG SQL:104 - 
    delete 
    from
        Enrolment 
    where
        studentId=? 
        and courseCode=?
14:18:42,464 DEBUG BaseGeneralDataRegion:59 - Caching[foo.org.hibernate.cache.spi.UpdateTimestampsCache] : [Enrolment] -> [5579091076968450]
14:18:42,464 DEBUG SQL:104 - 
    delete 
    from
        Student 
    where
        studentId=?
14:18:42,464 DEBUG BaseGeneralDataRegion:59 - Caching[foo.org.hibernate.cache.spi.UpdateTimestampsCache] : [Student] -> [5579091076972544]
14:18:42,464 DEBUG SQL:104 - 
    delete 
    from
        CourseMeeting 
    where
        courseCode=? 
        and day=? 
        and period=? 
        and location=?
14:18:42,474 DEBUG BaseGeneralDataRegion:59 - Caching[foo.org.hibernate.cache.spi.UpdateTimestampsCache] : [CourseMeeting] -> [5579091077013504]
14:18:42,474 DEBUG SQL:104 - 
    delete 
    from
        CourseMeeting 
    where
        courseCode=? 
        and day=? 
        and period=? 
        and location=?
14:18:42,475 DEBUG BaseGeneralDataRegion:59 - Caching[foo.org.hibernate.cache.spi.UpdateTimestampsCache] : [CourseMeeting] -> [5579091077017600]
14:18:42,475 DEBUG SQL:104 - 
    delete 
    from
        Course 
    where
        courseCode=?
14:18:42,475 DEBUG BaseGeneralDataRegion:59 - Caching[foo.org.hibernate.cache.spi.UpdateTimestampsCache] : [Course] -> [5579091077017601]
14:18:42,475 DEBUG BaseGeneralDataRegion:59 - Caching[foo.org.hibernate.cache.spi.UpdateTimestampsCache] : [Student] -> [5579090831257602]
14:18:42,475 DEBUG BaseGeneralDataRegion:59 - Caching[foo.org.hibernate.cache.spi.UpdateTimestampsCache] : [Course] -> [5579090831257602]
14:18:42,475 DEBUG BaseGeneralDataRegion:59 - Caching[foo.org.hibernate.cache.spi.UpdateTimestampsCache] : [Enrolment] -> [5579090831257602]
14:18:42,475 DEBUG BaseGeneralDataRegion:59 - Caching[foo.org.hibernate.cache.spi.UpdateTimestampsCache] : [Student_secretCodes] -> [5579090831257602]
14:18:42,475 DEBUG BaseGeneralDataRegion:59 - Caching[foo.org.hibernate.cache.spi.UpdateTimestampsCache] : [Address] -> [5579090831257602]
14:18:42,476 DEBUG BaseGeneralDataRegion:59 - Caching[foo.org.hibernate.cache.spi.UpdateTimestampsCache] : [CourseMeeting] -> [5579090831257602]
14:18:42,476  INFO CustomRunner:139 - Test: testEntityWithNonLazyManyToOneList
14:18:42,488 DEBUG SQL:104 - 
    select
        coursemeet_.courseCode,
        coursemeet_.day,
        coursemeet_.period,
        coursemeet_.location 
    from
        CourseMeeting coursemeet_ 
    where
        coursemeet_.courseCode=? 
        and coursemeet_.day=? 
        and coursemeet_.period=? 
        and coursemeet_.location=?
14:18:42,489 DEBUG SQL:104 - 
    select
        coursemeet_.courseCode,
        coursemeet_.day,
        coursemeet_.period,
        coursemeet_.location 
    from
        CourseMeeting coursemeet_ 
    where
        coursemeet_.courseCode=? 
        and coursemeet_.day=? 
        and coursemeet_.period=? 
        and coursemeet_.location=?
14:18:42,489 DEBUG SQL:104 - 
    insert 
    into
        Course
        (description, courseCode) 
    values
        (?, ?)
14:18:42,499 DEBUG BaseGeneralDataRegion:59 - Caching[foo.org.hibernate.cache.spi.UpdateTimestampsCache] : [Course] -> [5579091077115904]
14:18:42,499 DEBUG SQL:104 - 
    insert 
    into
        CourseMeeting
        (courseCode, day, period, location) 
    values
        (?, ?, ?, ?)
14:18:42,500 DEBUG BaseGeneralDataRegion:59 - Caching[foo.org.hibernate.cache.spi.UpdateTimestampsCache] : [CourseMeeting] -> [5579091077120000]
14:18:42,500 DEBUG SQL:104 - 
    insert 
    into
        CourseMeeting
        (courseCode, day, period, location) 
    values
        (?, ?, ?, ?)
14:18:42,509 DEBUG BaseGeneralDataRegion:59 - Caching[foo.org.hibernate.cache.spi.UpdateTimestampsCache] : [CourseMeeting] -> [5579091077156864]
14:18:42,509 DEBUG SQL:104 - 
    insert 
    into
        Student
        (name_first, name_middle, name_last, preferredCourseCode, studentId) 
    values
        (?, ?, ?, ?, ?)
14:18:42,509 DEBUG BaseGeneralDataRegion:59 - Caching[foo.org.hibernate.cache.spi.UpdateTimestampsCache] : [Student] -> [5579091077156865]
14:18:42,510 DEBUG SQL:104 - 
    insert 
    into
        Address
        (addressType, street, city, stateProvince, postalCode, country, studentNumber, id) 
    values
        (?, ?, ?, ?, ?, ?, ?, ?)
14:18:42,510 DEBUG BaseGeneralDataRegion:59 - Caching[foo.org.hibernate.cache.spi.UpdateTimestampsCache] : [Address] -> [5579091077160960]
14:18:42,510 DEBUG SQL:104 - 
    insert 
    into
        Address
        (addressType, street, city, stateProvince, postalCode, country, studentNumber, id) 
    values
        (?, ?, ?, ?, ?, ?, ?, ?)
14:18:42,510 DEBUG BaseGeneralDataRegion:59 - Caching[foo.org.hibernate.cache.spi.UpdateTimestampsCache] : [Address] -> [5579091077160961]
14:18:42,510 DEBUG SQL:104 - 
    insert 
    into
        Student
        (name_first, name_middle, name_last, preferredCourseCode, studentId) 
    values
        (?, ?, ?, ?, ?)
14:18:42,520 DEBUG BaseGeneralDataRegion:59 - Caching[foo.org.hibernate.cache.spi.UpdateTimestampsCache] : [Student] -> [5579091077201920]
14:18:42,520 DEBUG SQL:104 - 
    insert 
    into
        Enrolment
        (semester, "year", studentId, courseCode) 
    values
        (?, ?, ?, ?)
14:18:42,520 DEBUG BaseGeneralDataRegion:59 - Caching[foo.org.hibernate.cache.spi.UpdateTimestampsCache] : [Enrolment] -> [5579091077201921]
14:18:42,520 DEBUG SQL:104 - 
    insert 
    into
        Enrolment
        (semester, "year", studentId, courseCode) 
    values
        (?, ?, ?, ?)
14:18:42,520 DEBUG BaseGeneralDataRegion:59 - Caching[foo.org.hibernate.cache.spi.UpdateTimestampsCache] : [Enrolment] -> [5579091077201922]
14:18:42,521 DEBUG BaseGeneralDataRegion:59 - Caching[foo.org.hibernate.cache.spi.UpdateTimestampsCache] : [CourseMeeting] -> [5579091077206016]
14:18:42,521 DEBUG BaseGeneralDataRegion:59 - Caching[foo.org.hibernate.cache.spi.UpdateTimestampsCache] : [Enrolment] -> [5579091077206017]
14:18:42,521 DEBUG SQL:104 - 
    update
        Address 
    set
        studentNumber=?,
        addressType=? 
    where
        id=?
14:18:42,531 DEBUG SQL:104 - 
    update
        Address 
    set
        studentNumber=?,
        addressType=? 
    where
        id=?
14:18:42,531 DEBUG BaseGeneralDataRegion:59 - Caching[foo.org.hibernate.cache.spi.UpdateTimestampsCache] : [Address] -> [5579091077246976]
14:18:42,531 DEBUG SQL:104 - 
    insert 
    into
        Student_secretCodes
        (studentNumber, i, secretCode) 
    values
        (?, ?, ?)
14:18:42,531 DEBUG BaseGeneralDataRegion:59 - Caching[foo.org.hibernate.cache.spi.UpdateTimestampsCache] : [Student_secretCodes] -> [5579091077246977]
14:18:42,531 DEBUG BaseGeneralDataRegion:59 - Caching[foo.org.hibernate.cache.spi.UpdateTimestampsCache] : [Enrolment] -> [5579091077246978]
14:18:42,531 DEBUG BaseGeneralDataRegion:59 - Caching[foo.org.hibernate.cache.spi.UpdateTimestampsCache] : [Address] -> [5579091077246979]
14:18:42,532 DEBUG SQL:104 - 
    insert 
    into
        Student_secretCodes
        (studentNumber, i, secretCode) 
    values
        (?, ?, ?)
14:18:42,541 DEBUG SQL:104 - 
    insert 
    into
        Student_secretCodes
        (studentNumber, i, secretCode) 
    values
        (?, ?, ?)
14:18:42,542 DEBUG BaseGeneralDataRegion:59 - Caching[foo.org.hibernate.cache.spi.UpdateTimestampsCache] : [Student_secretCodes] -> [5579091077292032]
14:18:42,542 DEBUG BaseGeneralDataRegion:59 - Caching[foo.org.hibernate.cache.spi.UpdateTimestampsCache] : [Student] -> [5579090831532033]
14:18:42,542 DEBUG BaseGeneralDataRegion:59 - Caching[foo.org.hibernate.cache.spi.UpdateTimestampsCache] : [Course] -> [5579090831532033]
14:18:42,542 DEBUG BaseGeneralDataRegion:59 - Caching[foo.org.hibernate.cache.spi.UpdateTimestampsCache] : [Enrolment] -> [5579090831532033]
14:18:42,542 DEBUG BaseGeneralDataRegion:59 - Caching[foo.org.hibernate.cache.spi.UpdateTimestampsCache] : [Student_secretCodes] -> [5579090831532033]
14:18:42,542 DEBUG BaseGeneralDataRegion:59 - Caching[foo.org.hibernate.cache.spi.UpdateTimestampsCache] : [Address] -> [5579090831532033]
14:18:42,542 DEBUG BaseGeneralDataRegion:59 - Caching[foo.org.hibernate.cache.spi.UpdateTimestampsCache] : [CourseMeeting] -> [5579090831532033]
14:18:42,543 DEBUG QueryTranslatorImpl:265 - parse() - HQL: from org.hibernate.test.querycache.CourseMeeting order by id.day
14:18:42,544 DEBUG QueryTranslatorImpl:283 - --- HQL AST ---
 \-[QUERY] Node: 'query'
    +-[SELECT_FROM] Node: 'SELECT_FROM'
    |  \-[FROM] Node: 'from'
    |     \-[RANGE] Node: 'RANGE'
    |        \-[DOT] Node: '.'
    |           +-[DOT] Node: '.'
    |           |  +-[DOT] Node: '.'
    |           |  |  +-[DOT] Node: '.'
    |           |  |  |  +-[IDENT] Node: 'org'
    |           |  |  |  \-[IDENT] Node: 'hibernate'
    |           |  |  \-[IDENT] Node: 'test'
    |           |  \-[IDENT] Node: 'querycache'
    |           \-[IDENT] Node: 'CourseMeeting'
    \-[ORDER] Node: 'order'
       \-[DOT] Node: '.'
          +-[IDENT] Node: 'id'
          \-[IDENT] Node: 'day'

14:18:42,553 DEBUG ErrorCounter:82 - throwQueryException() : no errors
14:18:42,553 DEBUG FromElement:157 - FromClause{level=1} : org.hibernate.test.querycache.CourseMeeting (<no alias>) -> coursemeet0_
14:18:42,554 DEBUG FromReferenceNode:74 - Resolved : {synthetic-alias} -> {synthetic-alias}
14:18:42,554 DEBUG DotNode:599 - getDataType() : id -> org.hibernate.type.ComponentType@2d9ba349
14:18:42,554 DEBUG DotNode:585 - Unresolved property path is now 'id.day'
14:18:42,554 DEBUG FromReferenceNode:74 - Resolved : {synthetic-alias}.id -> coursemeet0_.day
14:18:42,554 DEBUG DotNode:599 - getDataType() : id.day -> org.hibernate.type.StringType@2dc8de40
14:18:42,554 DEBUG FromReferenceNode:74 - Resolved : {synthetic-alias}.id.day -> coursemeet0_.day
14:18:42,554 DEBUG HqlSqlWalker:629 - processQuery() :  ( SELECT ( FromClause{level=1} CourseMeeting coursemeet0_ ) ( order ( coursemeet0_.day ( coursemeet0_.day {synthetic-alias} id ) day ) ) )
14:18:42,555 DEBUG HqlSqlWalker:869 - Derived SELECT clause created.
14:18:42,555 DEBUG JoinProcessor:175 - Using FROM fragment [CourseMeeting coursemeet0_]
14:18:42,555 DEBUG QueryTranslatorImpl:252 - --- SQL AST ---
 \-[SELECT] QueryNode: 'SELECT'  querySpaces (CourseMeeting)
    +-[SELECT_CLAUSE] SelectClause: '{derived select clause}'
    |  \-[SELECT_EXPR] SelectExpressionImpl: 'coursemeet0_.courseCode as courseCode2_, coursemeet0_.day as day2_, coursemeet0_.period as period2_, coursemeet0_.location as location2_' {FromElement{explicit,not a collection join,not a fetch join,fetch non-lazy properties,classAlias=null,role=null,tableName=CourseMeeting,tableAlias=coursemeet0_,origin=null,columns={,className=org.hibernate.test.querycache.CourseMeeting}}}
    +-[FROM] FromClause: 'from' FromClause{level=1, fromElementCounter=1, fromElements=1, fromElementByClassAlias=[], fromElementByTableAlias=[coursemeet0_], fromElementsByPath=[], collectionJoinFromElementsByPath=[], impliedElements=[]}
    |  \-[FROM_FRAGMENT] FromElement: 'CourseMeeting coursemeet0_' FromElement{explicit,not a collection join,not a fetch join,fetch non-lazy properties,classAlias=null,role=null,tableName=CourseMeeting,tableAlias=coursemeet0_,origin=null,columns={,className=org.hibernate.test.querycache.CourseMeeting}}
    \-[ORDER] OrderByClause: 'order'
       \-[DOT] DotNode: 'coursemeet0_.day' {propertyName=day,dereferenceType=ALL,propertyPath=id.day,path={synthetic-alias}.id.day,tableAlias=coursemeet0_,className=org.hibernate.test.querycache.CourseMeeting,classAlias=null}
          +-[DOT] DotNode: 'coursemeet0_.day' {propertyName=day,dereferenceType=2,propertyPath=id.day,path={synthetic-alias}.id,tableAlias=coursemeet0_,className=org.hibernate.test.querycache.CourseMeeting,classAlias=null}
          |  +-[IDENT] IdentNode: '{synthetic-alias}' {originalText={synthetic-alias}}
          |  \-[IDENT] IdentNode: 'id' {originalText=id}
          \-[IDENT] IdentNode: 'day' {originalText=day}

14:18:42,563 DEBUG ErrorCounter:82 - throwQueryException() : no errors
14:18:42,563 DEBUG QueryTranslatorImpl:235 - HQL: from org.hibernate.test.querycache.CourseMeeting order by id.day
14:18:42,563 DEBUG QueryTranslatorImpl:236 - SQL: select coursemeet0_.courseCode as courseCode2_, coursemeet0_.day as day2_, coursemeet0_.period as period2_, coursemeet0_.location as location2_ from CourseMeeting coursemeet0_ order by coursemeet0_.day
14:18:42,564 DEBUG ErrorCounter:82 - throwQueryException() : no errors
14:18:42,564 DEBUG BaseGeneralDataRegion:46 - Cache[foo.org.hibernate.cache.internal.StandardQueryCache] lookup : key[sql: select coursemeet0_.courseCode as courseCode2_, coursemeet0_.day as day2_, coursemeet0_.period as period2_, coursemeet0_.location as location2_ from CourseMeeting coursemeet0_ order by coursemeet0_.day; parameters: ; named parameters: {}; transformer: org.hibernate.transform.CacheableResultTransformer@110f2]
14:18:42,564 DEBUG SQL:104 - 
    select
        coursemeet0_.courseCode as courseCode2_,
        coursemeet0_.day as day2_,
        coursemeet0_.period as period2_,
        coursemeet0_.location as location2_ 
    from
        CourseMeeting coursemeet0_ 
    order by
        coursemeet0_.day
14:18:42,565 DEBUG SQL:104 - 
    select
        course0_.courseCode as courseCode1_0_,
        course0_.description as descript2_1_0_ 
    from
        Course course0_ 
    where
        course0_.courseCode=?
14:18:42,565 DEBUG SQL:104 - 
    select
        coursemeet0_.courseCode as courseCode1_1_,
        coursemeet0_.courseCode as courseCode2_1_,
        coursemeet0_.day as day2_1_,
        coursemeet0_.period as period2_1_,
        coursemeet0_.location as location2_1_,
        coursemeet0_.courseCode as courseCode2_0_,
        coursemeet0_.day as day2_0_,
        coursemeet0_.period as period2_0_,
        coursemeet0_.location as location2_0_ 
    from
        CourseMeeting coursemeet0_ 
    where
        coursemeet0_.courseCode=?
14:18:42,573 DEBUG BaseGeneralDataRegion:59 - Caching[foo.org.hibernate.cache.internal.StandardQueryCache] : [sql: select coursemeet0_.courseCode as courseCode2_, coursemeet0_.day as day2_, coursemeet0_.period as period2_, coursemeet0_.location as location2_ from CourseMeeting coursemeet0_ order by coursemeet0_.day; parameters: ; named parameters: {}; transformer: org.hibernate.transform.CacheableResultTransformer@110f2] -> [[5579090831659008, [Ljava.lang.Object;@705fe956, [Ljava.lang.Object;@28d046bd]]
14:18:42,573 DEBUG BaseGeneralDataRegion:46 - Cache[foo.org.hibernate.cache.internal.StandardQueryCache] lookup : key[sql: select coursemeet0_.courseCode as courseCode2_, coursemeet0_.day as day2_, coursemeet0_.period as period2_, coursemeet0_.location as location2_ from CourseMeeting coursemeet0_ order by coursemeet0_.day; parameters: ; named parameters: {}; transformer: org.hibernate.transform.CacheableResultTransformer@110f2]
14:18:42,573 DEBUG BaseGeneralDataRegion:52 - Cache[foo.org.hibernate.cache.internal.StandardQueryCache] hit: sql: select coursemeet0_.courseCode as courseCode2_, coursemeet0_.day as day2_, coursemeet0_.period as period2_, coursemeet0_.location as location2_ from CourseMeeting coursemeet0_ order by coursemeet0_.day; parameters: ; named parameters: {}; transformer: org.hibernate.transform.CacheableResultTransformer@110f2
14:18:42,574 DEBUG BaseGeneralDataRegion:46 - Cache[foo.org.hibernate.cache.spi.UpdateTimestampsCache] lookup : key[CourseMeeting]
14:18:42,574 DEBUG BaseGeneralDataRegion:52 - Cache[foo.org.hibernate.cache.spi.UpdateTimestampsCache] hit: CourseMeeting
14:18:42,574 DEBUG SQL:104 - 
    select
        coursemeet0_.courseCode as courseCode2_0_,
        coursemeet0_.day as day2_0_,
        coursemeet0_.period as period2_0_,
        coursemeet0_.location as location2_0_ 
    from
        CourseMeeting coursemeet0_ 
    where
        coursemeet0_.courseCode=? 
        and coursemeet0_.day=? 
        and coursemeet0_.period=? 
        and coursemeet0_.location=?
14:18:42,574 DEBUG SQL:104 - 
    select
        course0_.courseCode as courseCode1_0_,
        course0_.description as descript2_1_0_ 
    from
        Course course0_ 
    where
        course0_.courseCode=?
14:18:42,583 DEBUG SQL:104 - 
    select
        coursemeet0_.courseCode as courseCode1_1_,
        coursemeet0_.courseCode as courseCode2_1_,
        coursemeet0_.day as day2_1_,
        coursemeet0_.period as period2_1_,
        coursemeet0_.location as location2_1_,
        coursemeet0_.courseCode as courseCode2_0_,
        coursemeet0_.day as day2_0_,
        coursemeet0_.period as period2_0_,
        coursemeet0_.location as location2_0_ 
    from
        CourseMeeting coursemeet0_ 
    where
        coursemeet0_.courseCode=?
14:18:42,584 DEBUG SQL:104 - 
    select
        student_.studentId,
        student_.name_first as name2_4_,
        student_.name_middle as name3_4_,
        student_.name_last as name4_4_,
        student_.preferredCourseCode as preferre5_4_ 
    from
        Student student_ 
    where
        student_.studentId=?
14:18:42,593 DEBUG SQL:104 - 
    select
        enrolment_.studentId,
        enrolment_.courseCode,
        enrolment_.semester as semester3_,
        enrolment_."year" as year4_3_ 
    from
        Enrolment enrolment_ 
    where
        enrolment_.studentId=? 
        and enrolment_.courseCode=?
14:18:42,595 DEBUG SQL:104 - 
    select
        course_.courseCode,
        course_.description as descript2_1_ 
    from
        Course course_ 
    where
        course_.courseCode=?
14:18:42,595 DEBUG SQL:104 - 
    select
        student_.studentId,
        student_.name_first as name2_4_,
        student_.name_middle as name3_4_,
        student_.name_last as name4_4_,
        student_.preferredCourseCode as preferre5_4_ 
    from
        Student student_ 
    where
        student_.studentId=?
14:18:42,595 DEBUG SQL:104 - 
    select
        enrolment_.studentId,
        enrolment_.courseCode,
        enrolment_.semester as semester3_,
        enrolment_."year" as year4_3_ 
    from
        Enrolment enrolment_ 
    where
        enrolment_.studentId=? 
        and enrolment_.courseCode=?
14:18:42,595 DEBUG SQL:104 - 
    select
        coursemeet_.courseCode,
        coursemeet_.day,
        coursemeet_.period,
        coursemeet_.location 
    from
        CourseMeeting coursemeet_ 
    where
        coursemeet_.courseCode=? 
        and coursemeet_.day=? 
        and coursemeet_.period=? 
        and coursemeet_.location=?
14:18:42,596 DEBUG SQL:104 - 
    select
        coursemeet_.courseCode,
        coursemeet_.day,
        coursemeet_.period,
        coursemeet_.location 
    from
        CourseMeeting coursemeet_ 
    where
        coursemeet_.courseCode=? 
        and coursemeet_.day=? 
        and coursemeet_.period=? 
        and coursemeet_.location=?
14:18:42,607 DEBUG BaseGeneralDataRegion:59 - Caching[foo.org.hibernate.cache.spi.UpdateTimestampsCache] : [Enrolment] -> [5579091077558272]
14:18:42,607 DEBUG SQL:104 - 
    update
        Address 
    set
        studentNumber=null,
        addressType=null 
    where
        studentNumber=?
14:18:42,607 DEBUG BaseGeneralDataRegion:59 - Caching[foo.org.hibernate.cache.spi.UpdateTimestampsCache] : [Address] -> [5579091077558273]
14:18:42,608 DEBUG SQL:104 - 
    delete 
    from
        Student_secretCodes 
    where
        studentNumber=?
14:18:42,608 DEBUG BaseGeneralDataRegion:59 - Caching[foo.org.hibernate.cache.spi.UpdateTimestampsCache] : [Student_secretCodes] -> [5579091077562368]
14:18:42,608 DEBUG BaseGeneralDataRegion:59 - Caching[foo.org.hibernate.cache.spi.UpdateTimestampsCache] : [Enrolment] -> [5579091077562369]
14:18:42,608 DEBUG BaseGeneralDataRegion:59 - Caching[foo.org.hibernate.cache.spi.UpdateTimestampsCache] : [Address] -> [5579091077562370]
14:18:42,608 DEBUG SQL:104 - 
    delete 
    from
        Student_secretCodes 
    where
        studentNumber=?
14:18:42,619 DEBUG BaseGeneralDataRegion:59 - Caching[foo.org.hibernate.cache.spi.UpdateTimestampsCache] : [Student_secretCodes] -> [5579091077607424]
14:18:42,619 DEBUG BaseGeneralDataRegion:59 - Caching[foo.org.hibernate.cache.spi.UpdateTimestampsCache] : [CourseMeeting] -> [5579091077607425]
14:18:42,620 DEBUG SQL:104 - 
    delete 
    from
        Enrolment 
    where
        studentId=? 
        and courseCode=?
14:18:42,620 DEBUG BaseGeneralDataRegion:59 - Caching[foo.org.hibernate.cache.spi.UpdateTimestampsCache] : [Enrolment] -> [5579091077611520]
14:18:42,620 DEBUG SQL:104 - 
    delete 
    from
        Address 
    where
        id=?
14:18:42,620 DEBUG BaseGeneralDataRegion:59 - Caching[foo.org.hibernate.cache.spi.UpdateTimestampsCache] : [Address] -> [5579091077611521]
14:18:42,620 DEBUG SQL:104 - 
    delete 
    from
        Address 
    where
        id=?
14:18:42,620 DEBUG BaseGeneralDataRegion:59 - Caching[foo.org.hibernate.cache.spi.UpdateTimestampsCache] : [Address] -> [5579091077611522]
14:18:42,620 DEBUG SQL:104 - 
    delete 
    from
        Student 
    where
        studentId=?
14:18:42,631 DEBUG BaseGeneralDataRegion:59 - Caching[foo.org.hibernate.cache.spi.UpdateTimestampsCache] : [Student] -> [5579091077656576]
14:18:42,631 DEBUG SQL:104 - 
    delete 
    from
        Enrolment 
    where
        studentId=? 
        and courseCode=?
14:18:42,631 DEBUG BaseGeneralDataRegion:59 - Caching[foo.org.hibernate.cache.spi.UpdateTimestampsCache] : [Enrolment] -> [5579091077656577]
14:18:42,631 DEBUG SQL:104 - 
    delete 
    from
        Student 
    where
        studentId=?
14:18:42,641 DEBUG BaseGeneralDataRegion:59 - Caching[foo.org.hibernate.cache.spi.UpdateTimestampsCache] : [Student] -> [5579091077697536]
14:18:42,641 DEBUG SQL:104 - 
    delete 
    from
        CourseMeeting 
    where
        courseCode=? 
        and day=? 
        and period=? 
        and location=?
14:18:42,641 DEBUG BaseGeneralDataRegion:59 - Caching[foo.org.hibernate.cache.spi.UpdateTimestampsCache] : [CourseMeeting] -> [5579091077697537]
14:18:42,641 DEBUG SQL:104 - 
    delete 
    from
        CourseMeeting 
    where
        courseCode=? 
        and day=? 
        and period=? 
        and location=?
14:18:42,642 DEBUG BaseGeneralDataRegion:59 - Caching[foo.org.hibernate.cache.spi.UpdateTimestampsCache] : [CourseMeeting] -> [5579091077701632]
14:18:42,642 DEBUG SQL:104 - 
    delete 
    from
        Course 
    where
        courseCode=?
14:18:42,642 DEBUG BaseGeneralDataRegion:59 - Caching[foo.org.hibernate.cache.spi.UpdateTimestampsCache] : [Course] -> [5579091077701633]
14:18:42,651 DEBUG BaseGeneralDataRegion:59 - Caching[foo.org.hibernate.cache.spi.UpdateTimestampsCache] : [Student] -> [5579090831978496]
14:18:42,652 DEBUG BaseGeneralDataRegion:59 - Caching[foo.org.hibernate.cache.spi.UpdateTimestampsCache] : [Course] -> [5579090831978496]
14:18:42,652 DEBUG BaseGeneralDataRegion:59 - Caching[foo.org.hibernate.cache.spi.UpdateTimestampsCache] : [Enrolment] -> [5579090831978496]
14:18:42,652 DEBUG BaseGeneralDataRegion:59 - Caching[foo.org.hibernate.cache.spi.UpdateTimestampsCache] : [Student_secretCodes] -> [5579090831978496]
14:18:42,652 DEBUG BaseGeneralDataRegion:59 - Caching[foo.org.hibernate.cache.spi.UpdateTimestampsCache] : [Address] -> [5579090831978496]
14:18:42,652 DEBUG BaseGeneralDataRegion:59 - Caching[foo.org.hibernate.cache.spi.UpdateTimestampsCache] : [CourseMeeting] -> [5579090831978496]
14:18:42,652  INFO CustomRunner:139 - Test: testEntityWithNonLazyOneToManyUnique
14:18:42,653 DEBUG SQL:104 - 
    select
        coursemeet_.courseCode,
        coursemeet_.day,
        coursemeet_.period,
        coursemeet_.location 
    from
        CourseMeeting coursemeet_ 
    where
        coursemeet_.courseCode=? 
        and coursemeet_.day=? 
        and coursemeet_.period=? 
        and coursemeet_.location=?
14:18:42,654 DEBUG SQL:104 - 
    select
        coursemeet_.courseCode,
        coursemeet_.day,
        coursemeet_.period,
        coursemeet_.location 
    from
        CourseMeeting coursemeet_ 
    where
        coursemeet_.courseCode=? 
        and coursemeet_.day=? 
        and coursemeet_.period=? 
        and coursemeet_.location=?
14:18:42,662 DEBUG SQL:104 - 
    insert 
    into
        Course
        (description, courseCode) 
    values
        (?, ?)
14:18:42,663 DEBUG BaseGeneralDataRegion:59 - Caching[foo.org.hibernate.cache.spi.UpdateTimestampsCache] : [Course] -> [5579091077787648]
14:18:42,663 DEBUG SQL:104 - 
    insert 
    into
        CourseMeeting
        (courseCode, day, period, location) 
    values
        (?, ?, ?, ?)
14:18:42,664 DEBUG BaseGeneralDataRegion:59 - Caching[foo.org.hibernate.cache.spi.UpdateTimestampsCache] : [CourseMeeting] -> [5579091077787649]
14:18:42,664 DEBUG SQL:104 - 
    insert 
    into
        CourseMeeting
        (courseCode, day, period, location) 
    values
        (?, ?, ?, ?)
14:18:42,664 DEBUG BaseGeneralDataRegion:59 - Caching[foo.org.hibernate.cache.spi.UpdateTimestampsCache] : [CourseMeeting] -> [5579091077791744]
14:18:42,664 DEBUG SQL:104 - 
    insert 
    into
        Student
        (name_first, name_middle, name_last, preferredCourseCode, studentId) 
    values
        (?, ?, ?, ?, ?)
14:18:42,673 DEBUG BaseGeneralDataRegion:59 - Caching[foo.org.hibernate.cache.spi.UpdateTimestampsCache] : [Student] -> [5579091077828608]
14:18:42,673 DEBUG SQL:104 - 
    insert 
    into
        Address
        (addressType, street, city, stateProvince, postalCode, country, studentNumber, id) 
    values
        (?, ?, ?, ?, ?, ?, ?, ?)
14:18:42,673 DEBUG BaseGeneralDataRegion:59 - Caching[foo.org.hibernate.cache.spi.UpdateTimestampsCache] : [Address] -> [5579091077828609]
14:18:42,674 DEBUG SQL:104 - 
    insert 
    into
        Address
        (addressType, street, city, stateProvince, postalCode, country, studentNumber, id) 
    values
        (?, ?, ?, ?, ?, ?, ?, ?)
14:18:42,674 DEBUG BaseGeneralDataRegion:59 - Caching[foo.org.hibernate.cache.spi.UpdateTimestampsCache] : [Address] -> [5579091077832704]
14:18:42,674 DEBUG SQL:104 - 
    insert 
    into
        Student
        (name_first, name_middle, name_last, preferredCourseCode, studentId) 
    values
        (?, ?, ?, ?, ?)
14:18:42,688 DEBUG BaseGeneralDataRegion:59 - Caching[foo.org.hibernate.cache.spi.UpdateTimestampsCache] : [Student] -> [5579091077890048]
14:18:42,689 DEBUG SQL:104 - 
    insert 
    into
        Enrolment
        (semester, "year", studentId, courseCode) 
    values
        (?, ?, ?, ?)
14:18:42,689 DEBUG BaseGeneralDataRegion:59 - Caching[foo.org.hibernate.cache.spi.UpdateTimestampsCache] : [Enrolment] -> [5579091077894144]
14:18:42,689 DEBUG SQL:104 - 
    insert 
    into
        Enrolment
        (semester, "year", studentId, courseCode) 
    values
        (?, ?, ?, ?)
14:18:42,689 DEBUG BaseGeneralDataRegion:59 - Caching[foo.org.hibernate.cache.spi.UpdateTimestampsCache] : [Enrolment] -> [5579091077894145]
14:18:42,689 DEBUG BaseGeneralDataRegion:59 - Caching[foo.org.hibernate.cache.spi.UpdateTimestampsCache] : [CourseMeeting] -> [5579091077894146]
14:18:42,689 DEBUG BaseGeneralDataRegion:59 - Caching[foo.org.hibernate.cache.spi.UpdateTimestampsCache] : [Enrolment] -> [5579091077894147]
14:18:42,689 DEBUG SQL:104 - 
    update
        Address 
    set
        studentNumber=?,
        addressType=? 
    where
        id=?
14:18:42,690 DEBUG SQL:104 - 
    update
        Address 
    set
        studentNumber=?,
        addressType=? 
    where
        id=?
14:18:42,696 DEBUG BaseGeneralDataRegion:59 - Caching[foo.org.hibernate.cache.spi.UpdateTimestampsCache] : [Address] -> [5579091077922816]
14:18:42,696 DEBUG SQL:104 - 
    insert 
    into
        Student_secretCodes
        (studentNumber, i, secretCode) 
    values
        (?, ?, ?)
14:18:42,697 DEBUG BaseGeneralDataRegion:59 - Caching[foo.org.hibernate.cache.spi.UpdateTimestampsCache] : [Student_secretCodes] -> [5579091077926912]
14:18:42,697 DEBUG BaseGeneralDataRegion:59 - Caching[foo.org.hibernate.cache.spi.UpdateTimestampsCache] : [Enrolment] -> [5579091077926913]
14:18:42,697 DEBUG BaseGeneralDataRegion:59 - Caching[foo.org.hibernate.cache.spi.UpdateTimestampsCache] : [Address] -> [5579091077926914]
14:18:42,697 DEBUG SQL:104 - 
    insert 
    into
        Student_secretCodes
        (studentNumber, i, secretCode) 
    values
        (?, ?, ?)
14:18:42,698 DEBUG SQL:104 - 
    insert 
    into
        Student_secretCodes
        (studentNumber, i, secretCode) 
    values
        (?, ?, ?)
14:18:42,706 DEBUG BaseGeneralDataRegion:59 - Caching[foo.org.hibernate.cache.spi.UpdateTimestampsCache] : [Student_secretCodes] -> [5579091077963776]
14:18:42,706 DEBUG BaseGeneralDataRegion:59 - Caching[foo.org.hibernate.cache.spi.UpdateTimestampsCache] : [Student] -> [5579090832203777]
14:18:42,707 DEBUG BaseGeneralDataRegion:59 - Caching[foo.org.hibernate.cache.spi.UpdateTimestampsCache] : [Course] -> [5579090832203777]
14:18:42,707 DEBUG BaseGeneralDataRegion:59 - Caching[foo.org.hibernate.cache.spi.UpdateTimestampsCache] : [Enrolment] -> [5579090832203777]
14:18:42,707 DEBUG BaseGeneralDataRegion:59 - Caching[foo.org.hibernate.cache.spi.UpdateTimestampsCache] : [Student_secretCodes] -> [5579090832203777]
14:18:42,707 DEBUG BaseGeneralDataRegion:59 - Caching[foo.org.hibernate.cache.spi.UpdateTimestampsCache] : [Address] -> [5579090832203777]
14:18:42,707 DEBUG BaseGeneralDataRegion:59 - Caching[foo.org.hibernate.cache.spi.UpdateTimestampsCache] : [CourseMeeting] -> [5579090832203777]
14:18:42,708 DEBUG QueryTranslatorImpl:265 - parse() - HQL: from org.hibernate.test.querycache.Course
14:18:42,709 DEBUG QueryTranslatorImpl:283 - --- HQL AST ---
 \-[QUERY] Node: 'query'
    \-[SELECT_FROM] Node: 'SELECT_FROM'
       \-[FROM] Node: 'from'
          \-[RANGE] Node: 'RANGE'
             \-[DOT] Node: '.'
                +-[DOT] Node: '.'
                |  +-[DOT] Node: '.'
                |  |  +-[DOT] Node: '.'
                |  |  |  +-[IDENT] Node: 'org'
                |  |  |  \-[IDENT] Node: 'hibernate'
                |  |  \-[IDENT] Node: 'test'
                |  \-[IDENT] Node: 'querycache'
                \-[IDENT] Node: 'Course'

14:18:42,710 DEBUG ErrorCounter:82 - throwQueryException() : no errors
14:18:42,710 DEBUG FromElement:157 - FromClause{level=1} : org.hibernate.test.querycache.Course (<no alias>) -> course0_
14:18:42,710 DEBUG HqlSqlWalker:629 - processQuery() :  ( SELECT ( FromClause{level=1} Course course0_ ) )
14:18:42,718 DEBUG HqlSqlWalker:869 - Derived SELECT clause created.
14:18:42,718 DEBUG JoinProcessor:175 - Using FROM fragment [Course course0_]
14:18:42,719 DEBUG QueryTranslatorImpl:252 - --- SQL AST ---
 \-[SELECT] QueryNode: 'SELECT'  querySpaces (Course)
    +-[SELECT_CLAUSE] SelectClause: '{derived select clause}'
    |  +-[SELECT_EXPR] SelectExpressionImpl: 'course0_.courseCode as courseCode1_' {FromElement{explicit,not a collection join,not a fetch join,fetch non-lazy properties,classAlias=null,role=null,tableName=Course,tableAlias=course0_,origin=null,columns={,className=org.hibernate.test.querycache.Course}}}
    |  \-[SQL_TOKEN] SqlFragment: 'course0_.description as descript2_1_'
    \-[FROM] FromClause: 'from' FromClause{level=1, fromElementCounter=1, fromElements=1, fromElementByClassAlias=[], fromElementByTableAlias=[course0_], fromElementsByPath=[], collectionJoinFromElementsByPath=[], impliedElements=[]}
       \-[FROM_FRAGMENT] FromElement: 'Course course0_' FromElement{explicit,not a collection join,not a fetch join,fetch non-lazy properties,classAlias=null,role=null,tableName=Course,tableAlias=course0_,origin=null,columns={,className=org.hibernate.test.querycache.Course}}

14:18:42,719 DEBUG ErrorCounter:82 - throwQueryException() : no errors
14:18:42,719 DEBUG QueryTranslatorImpl:235 - HQL: from org.hibernate.test.querycache.Course
14:18:42,719 DEBUG QueryTranslatorImpl:236 - SQL: select course0_.courseCode as courseCode1_, course0_.description as descript2_1_ from Course course0_
14:18:42,719 DEBUG ErrorCounter:82 - throwQueryException() : no errors
14:18:42,719 DEBUG BaseGeneralDataRegion:46 - Cache[foo.org.hibernate.cache.internal.StandardQueryCache] lookup : key[sql: select course0_.courseCode as courseCode1_, course0_.description as descript2_1_ from Course course0_; parameters: ; named parameters: {}; transformer: org.hibernate.transform.CacheableResultTransformer@110f2]
14:18:42,719 DEBUG SQL:104 - 
    select
        course0_.courseCode as courseCode1_,
        course0_.description as descript2_1_ 
    from
        Course course0_
14:18:42,720 DEBUG SQL:104 - 
    select
        coursemeet0_.courseCode as courseCode1_1_,
        coursemeet0_.courseCode as courseCode2_1_,
        coursemeet0_.day as day2_1_,
        coursemeet0_.period as period2_1_,
        coursemeet0_.location as location2_1_,
        coursemeet0_.courseCode as courseCode2_0_,
        coursemeet0_.day as day2_0_,
        coursemeet0_.period as period2_0_,
        coursemeet0_.location as location2_0_ 
    from
        CourseMeeting coursemeet0_ 
    where
        coursemeet0_.courseCode=?
14:18:42,720 DEBUG BaseGeneralDataRegion:59 - Caching[foo.org.hibernate.cache.internal.StandardQueryCache] : [sql: select course0_.courseCode as courseCode1_, course0_.description as descript2_1_ from Course course0_; parameters: ; named parameters: {}; transformer: org.hibernate.transform.CacheableResultTransformer@110f2] -> [[5579090832261120, HIB]]
14:18:42,721 DEBUG BaseGeneralDataRegion:46 - Cache[foo.org.hibernate.cache.internal.StandardQueryCache] lookup : key[sql: select course0_.courseCode as courseCode1_, course0_.description as descript2_1_ from Course course0_; parameters: ; named parameters: {}; transformer: org.hibernate.transform.CacheableResultTransformer@110f2]
14:18:42,721 DEBUG BaseGeneralDataRegion:52 - Cache[foo.org.hibernate.cache.internal.StandardQueryCache] hit: sql: select course0_.courseCode as courseCode1_, course0_.description as descript2_1_ from Course course0_; parameters: ; named parameters: {}; transformer: org.hibernate.transform.CacheableResultTransformer@110f2
14:18:42,721 DEBUG BaseGeneralDataRegion:46 - Cache[foo.org.hibernate.cache.spi.UpdateTimestampsCache] lookup : key[Course]
14:18:42,721 DEBUG BaseGeneralDataRegion:52 - Cache[foo.org.hibernate.cache.spi.UpdateTimestampsCache] hit: Course
14:18:42,721 DEBUG SQL:104 - 
    select
        course0_.courseCode as courseCode1_0_,
        course0_.description as descript2_1_0_ 
    from
        Course course0_ 
    where
        course0_.courseCode=?
14:18:42,722 DEBUG SQL:104 - 
    select
        coursemeet0_.courseCode as courseCode1_1_,
        coursemeet0_.courseCode as courseCode2_1_,
        coursemeet0_.day as day2_1_,
        coursemeet0_.period as period2_1_,
        coursemeet0_.location as location2_1_,
        coursemeet0_.courseCode as courseCode2_0_,
        coursemeet0_.day as day2_0_,
        coursemeet0_.period as period2_0_,
        coursemeet0_.location as location2_0_ 
    from
        CourseMeeting coursemeet0_ 
    where
        coursemeet0_.courseCode=?
14:18:42,733 DEBUG SQL:104 - 
    select
        student_.studentId,
        student_.name_first as name2_4_,
        student_.name_middle as name3_4_,
        student_.name_last as name4_4_,
        student_.preferredCourseCode as preferre5_4_ 
    from
        Student student_ 
    where
        student_.studentId=?
14:18:42,733 DEBUG SQL:104 - 
    select
        enrolment_.studentId,
        enrolment_.courseCode,
        enrolment_.semester as semester3_,
        enrolment_."year" as year4_3_ 
    from
        Enrolment enrolment_ 
    where
        enrolment_.studentId=? 
        and enrolment_.courseCode=?
14:18:42,734 DEBUG SQL:104 - 
    select
        course_.courseCode,
        course_.description as descript2_1_ 
    from
        Course course_ 
    where
        course_.courseCode=?
14:18:42,745 DEBUG SQL:104 - 
    select
        student_.studentId,
        student_.name_first as name2_4_,
        student_.name_middle as name3_4_,
        student_.name_last as name4_4_,
        student_.preferredCourseCode as preferre5_4_ 
    from
        Student student_ 
    where
        student_.studentId=?
14:18:42,746 DEBUG SQL:104 - 
    select
        enrolment_.studentId,
        enrolment_.courseCode,
        enrolment_.semester as semester3_,
        enrolment_."year" as year4_3_ 
    from
        Enrolment enrolment_ 
    where
        enrolment_.studentId=? 
        and enrolment_.courseCode=?
14:18:42,746 DEBUG SQL:104 - 
    select
        coursemeet_.courseCode,
        coursemeet_.day,
        coursemeet_.period,
        coursemeet_.location 
    from
        CourseMeeting coursemeet_ 
    where
        coursemeet_.courseCode=? 
        and coursemeet_.day=? 
        and coursemeet_.period=? 
        and coursemeet_.location=?
14:18:42,755 DEBUG SQL:104 - 
    select
        coursemeet_.courseCode,
        coursemeet_.day,
        coursemeet_.period,
        coursemeet_.location 
    from
        CourseMeeting coursemeet_ 
    where
        coursemeet_.courseCode=? 
        and coursemeet_.day=? 
        and coursemeet_.period=? 
        and coursemeet_.location=?
14:18:42,765 DEBUG BaseGeneralDataRegion:59 - Caching[foo.org.hibernate.cache.spi.UpdateTimestampsCache] : [Enrolment] -> [5579091078205440]
14:18:42,766 DEBUG SQL:104 - 
    update
        Address 
    set
        studentNumber=null,
        addressType=null 
    where
        studentNumber=?
14:18:42,766 DEBUG BaseGeneralDataRegion:59 - Caching[foo.org.hibernate.cache.spi.UpdateTimestampsCache] : [Address] -> [5579091078209536]
14:18:42,766 DEBUG SQL:104 - 
    delete 
    from
        Student_secretCodes 
    where
        studentNumber=?
14:18:42,766 DEBUG BaseGeneralDataRegion:59 - Caching[foo.org.hibernate.cache.spi.UpdateTimestampsCache] : [Student_secretCodes] -> [5579091078209537]
14:18:42,766 DEBUG BaseGeneralDataRegion:59 - Caching[foo.org.hibernate.cache.spi.UpdateTimestampsCache] : [Enrolment] -> [5579091078209538]
14:18:42,766 DEBUG BaseGeneralDataRegion:59 - Caching[foo.org.hibernate.cache.spi.UpdateTimestampsCache] : [Address] -> [5579091078209539]
14:18:42,766 DEBUG SQL:104 - 
    delete 
    from
        Student_secretCodes 
    where
        studentNumber=?
14:18:42,775 DEBUG BaseGeneralDataRegion:59 - Caching[foo.org.hibernate.cache.spi.UpdateTimestampsCache] : [Student_secretCodes] -> [5579091078246400]
14:18:42,775 DEBUG BaseGeneralDataRegion:59 - Caching[foo.org.hibernate.cache.spi.UpdateTimestampsCache] : [CourseMeeting] -> [5579091078246401]
14:18:42,775 DEBUG SQL:104 - 
    delete 
    from
        Enrolment 
    where
        studentId=? 
        and courseCode=?
14:18:42,775 DEBUG BaseGeneralDataRegion:59 - Caching[foo.org.hibernate.cache.spi.UpdateTimestampsCache] : [Enrolment] -> [5579091078246402]
14:18:42,776 DEBUG SQL:104 - 
    delete 
    from
        Address 
    where
        id=?
14:18:42,776 DEBUG BaseGeneralDataRegion:59 - Caching[foo.org.hibernate.cache.spi.UpdateTimestampsCache] : [Address] -> [5579091078250496]
14:18:42,776 DEBUG SQL:104 - 
    delete 
    from
        Address 
    where
        id=?
14:18:42,776 DEBUG BaseGeneralDataRegion:59 - Caching[foo.org.hibernate.cache.spi.UpdateTimestampsCache] : [Address] -> [5579091078250497]
14:18:42,776 DEBUG SQL:104 - 
    delete 
    from
        Student 
    where
        studentId=?
14:18:42,784 DEBUG BaseGeneralDataRegion:59 - Caching[foo.org.hibernate.cache.spi.UpdateTimestampsCache] : [Student] -> [5579091078283264]
14:18:42,785 DEBUG SQL:104 - 
    delete 
    from
        Enrolment 
    where
        studentId=? 
        and courseCode=?
14:18:42,785 DEBUG BaseGeneralDataRegion:59 - Caching[foo.org.hibernate.cache.spi.UpdateTimestampsCache] : [Enrolment] -> [5579091078287360]
14:18:42,785 DEBUG SQL:104 - 
    delete 
    from
        Student 
    where
        studentId=?
14:18:42,785 DEBUG BaseGeneralDataRegion:59 - Caching[foo.org.hibernate.cache.spi.UpdateTimestampsCache] : [Student] -> [5579091078287361]
14:18:42,785 DEBUG SQL:104 - 
    delete 
    from
        CourseMeeting 
    where
        courseCode=? 
        and day=? 
        and period=? 
        and location=?
14:18:42,785 DEBUG BaseGeneralDataRegion:59 - Caching[foo.org.hibernate.cache.spi.UpdateTimestampsCache] : [CourseMeeting] -> [5579091078287362]
14:18:42,786 DEBUG SQL:104 - 
    delete 
    from
        CourseMeeting 
    where
        courseCode=? 
        and day=? 
        and period=? 
        and location=?
14:18:42,796 DEBUG BaseGeneralDataRegion:59 - Caching[foo.org.hibernate.cache.spi.UpdateTimestampsCache] : [CourseMeeting] -> [5579091078332416]
14:18:42,796 DEBUG SQL:104 - 
    delete 
    from
        Course 
    where
        courseCode=?
14:18:42,796 DEBUG BaseGeneralDataRegion:59 - Caching[foo.org.hibernate.cache.spi.UpdateTimestampsCache] : [Course] -> [5579091078332417]
14:18:42,797 DEBUG BaseGeneralDataRegion:59 - Caching[foo.org.hibernate.cache.spi.UpdateTimestampsCache] : [Student] -> [5579090832576512]
14:18:42,797 DEBUG BaseGeneralDataRegion:59 - Caching[foo.org.hibernate.cache.spi.UpdateTimestampsCache] : [Course] -> [5579090832576512]
14:18:42,797 DEBUG BaseGeneralDataRegion:59 - Caching[foo.org.hibernate.cache.spi.UpdateTimestampsCache] : [Enrolment] -> [5579090832576512]
14:18:42,797 DEBUG BaseGeneralDataRegion:59 - Caching[foo.org.hibernate.cache.spi.UpdateTimestampsCache] : [Student_secretCodes] -> [5579090832576512]
14:18:42,797 DEBUG BaseGeneralDataRegion:59 - Caching[foo.org.hibernate.cache.spi.UpdateTimestampsCache] : [Address] -> [5579090832576512]
14:18:42,797 DEBUG BaseGeneralDataRegion:59 - Caching[foo.org.hibernate.cache.spi.UpdateTimestampsCache] : [CourseMeeting] -> [5579090832576512]
14:18:42,797  INFO CustomRunner:139 - Test: testEntityWithSelectFetchedLazyOneToManySingleElementListCriteria
14:18:42,798 DEBUG SQL:104 - 
    select
        coursemeet_.courseCode,
        coursemeet_.day,
        coursemeet_.period,
        coursemeet_.location 
    from
        CourseMeeting coursemeet_ 
    where
        coursemeet_.courseCode=? 
        and coursemeet_.day=? 
        and coursemeet_.period=? 
        and coursemeet_.location=?
14:18:42,807 DEBUG SQL:104 - 
    select
        coursemeet_.courseCode,
        coursemeet_.day,
        coursemeet_.period,
        coursemeet_.location 
    from
        CourseMeeting coursemeet_ 
    where
        coursemeet_.courseCode=? 
        and coursemeet_.day=? 
        and coursemeet_.period=? 
        and coursemeet_.location=?
14:18:42,808 DEBUG SQL:104 - 
    insert 
    into
        Course
        (description, courseCode) 
    values
        (?, ?)
14:18:42,808 DEBUG BaseGeneralDataRegion:59 - Caching[foo.org.hibernate.cache.spi.UpdateTimestampsCache] : [Course] -> [5579091078381568]
14:18:42,808 DEBUG SQL:104 - 
    insert 
    into
        CourseMeeting
        (courseCode, day, period, location) 
    values
        (?, ?, ?, ?)
14:18:42,817 DEBUG BaseGeneralDataRegion:59 - Caching[foo.org.hibernate.cache.spi.UpdateTimestampsCache] : [CourseMeeting] -> [5579091078418432]
14:18:42,817 DEBUG SQL:104 - 
    insert 
    into
        CourseMeeting
        (courseCode, day, period, location) 
    values
        (?, ?, ?, ?)
14:18:42,817 DEBUG BaseGeneralDataRegion:59 - Caching[foo.org.hibernate.cache.spi.UpdateTimestampsCache] : [CourseMeeting] -> [5579091078418433]
14:18:42,817 DEBUG SQL:104 - 
    insert 
    into
        Student
        (name_first, name_middle, name_last, preferredCourseCode, studentId) 
    values
        (?, ?, ?, ?, ?)
14:18:42,818 DEBUG BaseGeneralDataRegion:59 - Caching[foo.org.hibernate.cache.spi.UpdateTimestampsCache] : [Student] -> [5579091078422528]
14:18:42,818 DEBUG SQL:104 - 
    insert 
    into
        Address
        (addressType, street, city, stateProvince, postalCode, country, studentNumber, id) 
    values
        (?, ?, ?, ?, ?, ?, ?, ?)
14:18:42,818 DEBUG BaseGeneralDataRegion:59 - Caching[foo.org.hibernate.cache.spi.UpdateTimestampsCache] : [Address] -> [5579091078422529]
14:18:42,828 DEBUG SQL:104 - 
    insert 
    into
        Address
        (addressType, street, city, stateProvince, postalCode, country, studentNumber, id) 
    values
        (?, ?, ?, ?, ?, ?, ?, ?)
14:18:42,828 DEBUG BaseGeneralDataRegion:59 - Caching[foo.org.hibernate.cache.spi.UpdateTimestampsCache] : [Address] -> [5579091078463488]
14:18:42,828 DEBUG SQL:104 - 
    insert 
    into
        Student
        (name_first, name_middle, name_last, preferredCourseCode, studentId) 
    values
        (?, ?, ?, ?, ?)
14:18:42,828 DEBUG BaseGeneralDataRegion:59 - Caching[foo.org.hibernate.cache.spi.UpdateTimestampsCache] : [Student] -> [5579091078463489]
14:18:42,829 DEBUG SQL:104 - 
    insert 
    into
        Enrolment
        (semester, "year", studentId, courseCode) 
    values
        (?, ?, ?, ?)
14:18:42,829 DEBUG BaseGeneralDataRegion:59 - Caching[foo.org.hibernate.cache.spi.UpdateTimestampsCache] : [Enrolment] -> [5579091078467584]
14:18:42,829 DEBUG SQL:104 - 
    insert 
    into
        Enrolment
        (semester, "year", studentId, courseCode) 
    values
        (?, ?, ?, ?)
14:18:42,844 DEBUG BaseGeneralDataRegion:59 - Caching[foo.org.hibernate.cache.spi.UpdateTimestampsCache] : [Enrolment] -> [5579091078529024]
14:18:42,844 DEBUG BaseGeneralDataRegion:59 - Caching[foo.org.hibernate.cache.spi.UpdateTimestampsCache] : [CourseMeeting] -> [5579091078529025]
14:18:42,845 DEBUG BaseGeneralDataRegion:59 - Caching[foo.org.hibernate.cache.spi.UpdateTimestampsCache] : [Enrolment] -> [5579091078533120]
14:18:42,845 DEBUG SQL:104 - 
    update
        Address 
    set
        studentNumber=?,
        addressType=? 
    where
        id=?
14:18:42,845 DEBUG SQL:104 - 
    update
        Address 
    set
        studentNumber=?,
        addressType=? 
    where
        id=?
14:18:42,845 DEBUG BaseGeneralDataRegion:59 - Caching[foo.org.hibernate.cache.spi.UpdateTimestampsCache] : [Address] -> [5579091078533121]
14:18:42,845 DEBUG SQL:104 - 
    insert 
    into
        Student_secretCodes
        (studentNumber, i, secretCode) 
    values
        (?, ?, ?)
14:18:42,845 DEBUG BaseGeneralDataRegion:59 - Caching[foo.org.hibernate.cache.spi.UpdateTimestampsCache] : [Student_secretCodes] -> [5579091078533122]
14:18:42,846 DEBUG BaseGeneralDataRegion:59 - Caching[foo.org.hibernate.cache.spi.UpdateTimestampsCache] : [Enrolment] -> [5579091078537216]
14:18:42,846 DEBUG BaseGeneralDataRegion:59 - Caching[foo.org.hibernate.cache.spi.UpdateTimestampsCache] : [Address] -> [5579091078537217]
14:18:42,846 DEBUG SQL:104 - 
    insert 
    into
        Student_secretCodes
        (studentNumber, i, secretCode) 
    values
        (?, ?, ?)
14:18:42,846 DEBUG SQL:104 - 
    insert 
    into
        Student_secretCodes
        (studentNumber, i, secretCode) 
    values
        (?, ?, ?)
14:18:42,846 DEBUG BaseGeneralDataRegion:59 - Caching[foo.org.hibernate.cache.spi.UpdateTimestampsCache] : [Student_secretCodes] -> [5579091078537218]
14:18:42,846 DEBUG BaseGeneralDataRegion:59 - Caching[foo.org.hibernate.cache.spi.UpdateTimestampsCache] : [Student] -> [5579090832777219]
14:18:42,846 DEBUG BaseGeneralDataRegion:59 - Caching[foo.org.hibernate.cache.spi.UpdateTimestampsCache] : [Course] -> [5579090832777219]
14:18:42,846 DEBUG BaseGeneralDataRegion:59 - Caching[foo.org.hibernate.cache.spi.UpdateTimestampsCache] : [Enrolment] -> [5579090832777219]
14:18:42,847 DEBUG BaseGeneralDataRegion:59 - Caching[foo.org.hibernate.cache.spi.UpdateTimestampsCache] : [Student_secretCodes] -> [5579090832777219]
14:18:42,847 DEBUG BaseGeneralDataRegion:59 - Caching[foo.org.hibernate.cache.spi.UpdateTimestampsCache] : [Address] -> [5579090832777219]
14:18:42,847 DEBUG BaseGeneralDataRegion:59 - Caching[foo.org.hibernate.cache.spi.UpdateTimestampsCache] : [CourseMeeting] -> [5579090832777219]
14:18:42,847 DEBUG SQL:104 - 
    select
        student_.studentId,
        student_.name_first as name2_4_,
        student_.name_middle as name3_4_,
        student_.name_last as name4_4_,
        student_.preferredCourseCode as preferre5_4_ 
    from
        Student student_ 
    where
        student_.studentId=?
14:18:42,859 DEBUG SQL:104 - 
    select
        enrolment_.studentId,
        enrolment_.courseCode,
        enrolment_.semester as semester3_,
        enrolment_."year" as year4_3_ 
    from
        Enrolment enrolment_ 
    where
        enrolment_.studentId=? 
        and enrolment_.courseCode=?
14:18:42,859 DEBUG SQL:104 - 
    select
        course_.courseCode,
        course_.description as descript2_1_ 
    from
        Course course_ 
    where
        course_.courseCode=?
14:18:42,859 DEBUG SQL:104 - 
    select
        student_.studentId,
        student_.name_first as name2_4_,
        student_.name_middle as name3_4_,
        student_.name_last as name4_4_,
        student_.preferredCourseCode as preferre5_4_ 
    from
        Student student_ 
    where
        student_.studentId=?
14:18:42,871 DEBUG SQL:104 - 
    select
        enrolment_.studentId,
        enrolment_.courseCode,
        enrolment_.semester as semester3_,
        enrolment_."year" as year4_3_ 
    from
        Enrolment enrolment_ 
    where
        enrolment_.studentId=? 
        and enrolment_.courseCode=?
14:18:42,872 DEBUG SQL:104 - 
    select
        coursemeet_.courseCode,
        coursemeet_.day,
        coursemeet_.period,
        coursemeet_.location 
    from
        CourseMeeting coursemeet_ 
    where
        coursemeet_.courseCode=? 
        and coursemeet_.day=? 
        and coursemeet_.period=? 
        and coursemeet_.location=?
14:18:42,881 DEBUG SQL:104 - 
    select
        coursemeet_.courseCode,
        coursemeet_.day,
        coursemeet_.period,
        coursemeet_.location 
    from
        CourseMeeting coursemeet_ 
    where
        coursemeet_.courseCode=? 
        and coursemeet_.day=? 
        and coursemeet_.period=? 
        and coursemeet_.location=?
14:18:42,881 DEBUG BaseGeneralDataRegion:59 - Caching[foo.org.hibernate.cache.spi.UpdateTimestampsCache] : [Enrolment] -> [5579091078680576]
14:18:42,882 DEBUG SQL:104 - 
    update
        Address 
    set
        studentNumber=null,
        addressType=null 
    where
        studentNumber=?
14:18:42,891 DEBUG BaseGeneralDataRegion:59 - Caching[foo.org.hibernate.cache.spi.UpdateTimestampsCache] : [Address] -> [5579091078721536]
14:18:42,891 DEBUG SQL:104 - 
    delete 
    from
        Student_secretCodes 
    where
        studentNumber=?
14:18:42,891 DEBUG BaseGeneralDataRegion:59 - Caching[foo.org.hibernate.cache.spi.UpdateTimestampsCache] : [Student_secretCodes] -> [5579091078721537]
14:18:42,891 DEBUG BaseGeneralDataRegion:59 - Caching[foo.org.hibernate.cache.spi.UpdateTimestampsCache] : [Enrolment] -> [5579091078721538]
14:18:42,891 DEBUG BaseGeneralDataRegion:59 - Caching[foo.org.hibernate.cache.spi.UpdateTimestampsCache] : [Address] -> [5579091078721539]
14:18:42,891 DEBUG SQL:104 - 
    delete 
    from
        Student_secretCodes 
    where
        studentNumber=?
14:18:42,892 DEBUG BaseGeneralDataRegion:59 - Caching[foo.org.hibernate.cache.spi.UpdateTimestampsCache] : [Student_secretCodes] -> [5579091078725632]
14:18:42,892 DEBUG BaseGeneralDataRegion:59 - Caching[foo.org.hibernate.cache.spi.UpdateTimestampsCache] : [CourseMeeting] -> [5579091078725633]
14:18:42,892 DEBUG SQL:104 - 
    delete 
    from
        Enrolment 
    where
        studentId=? 
        and courseCode=?
14:18:42,901 DEBUG BaseGeneralDataRegion:59 - Caching[foo.org.hibernate.cache.spi.UpdateTimestampsCache] : [Enrolment] -> [5579091078762496]
14:18:42,901 DEBUG SQL:104 - 
    delete 
    from
        Address 
    where
        id=?
14:18:42,902 DEBUG BaseGeneralDataRegion:59 - Caching[foo.org.hibernate.cache.spi.UpdateTimestampsCache] : [Address] -> [5579091078766592]
14:18:42,902 DEBUG SQL:104 - 
    delete 
    from
        Address 
    where
        id=?
14:18:42,902 DEBUG BaseGeneralDataRegion:59 - Caching[foo.org.hibernate.cache.spi.UpdateTimestampsCache] : [Address] -> [5579091078766593]
14:18:42,902 DEBUG SQL:104 - 
    delete 
    from
        Student 
    where
        studentId=?
14:18:42,902 DEBUG BaseGeneralDataRegion:59 - Caching[foo.org.hibernate.cache.spi.UpdateTimestampsCache] : [Student] -> [5579091078766594]
14:18:42,902 DEBUG SQL:104 - 
    delete 
    from
        Enrolment 
    where
        studentId=? 
        and courseCode=?
14:18:42,912 DEBUG BaseGeneralDataRegion:59 - Caching[foo.org.hibernate.cache.spi.UpdateTimestampsCache] : [Enrolment] -> [5579091078807552]
14:18:42,912 DEBUG SQL:104 - 
    delete 
    from
        Student 
    where
        studentId=?
14:18:42,912 DEBUG BaseGeneralDataRegion:59 - Caching[foo.org.hibernate.cache.spi.UpdateTimestampsCache] : [Student] -> [5579091078807553]
14:18:42,912 DEBUG SQL:104 - 
    delete 
    from
        CourseMeeting 
    where
        courseCode=? 
        and day=? 
        and period=? 
        and location=?
14:18:42,913 DEBUG BaseGeneralDataRegion:59 - Caching[foo.org.hibernate.cache.spi.UpdateTimestampsCache] : [CourseMeeting] -> [5579091078811648]
14:18:42,913 DEBUG SQL:104 - 
    delete 
    from
        CourseMeeting 
    where
        courseCode=? 
        and day=? 
        and period=? 
        and location=?
14:18:42,913 DEBUG BaseGeneralDataRegion:59 - Caching[foo.org.hibernate.cache.spi.UpdateTimestampsCache] : [CourseMeeting] -> [5579091078811649]
14:18:42,913 DEBUG SQL:104 - 
    delete 
    from
        Course 
    where
        courseCode=?
14:18:42,922 DEBUG BaseGeneralDataRegion:59 - Caching[foo.org.hibernate.cache.spi.UpdateTimestampsCache] : [Course] -> [5579091078848512]
14:18:42,922 DEBUG BaseGeneralDataRegion:59 - Caching[foo.org.hibernate.cache.spi.UpdateTimestampsCache] : [Student] -> [5579090833088513]
14:18:42,922 DEBUG BaseGeneralDataRegion:59 - Caching[foo.org.hibernate.cache.spi.UpdateTimestampsCache] : [Course] -> [5579090833088513]
14:18:42,922 DEBUG BaseGeneralDataRegion:59 - Caching[foo.org.hibernate.cache.spi.UpdateTimestampsCache] : [Enrolment] -> [5579090833088513]
14:18:42,922 DEBUG BaseGeneralDataRegion:59 - Caching[foo.org.hibernate.cache.spi.UpdateTimestampsCache] : [Student_secretCodes] -> [5579090833088513]
14:18:42,922 DEBUG BaseGeneralDataRegion:59 - Caching[foo.org.hibernate.cache.spi.UpdateTimestampsCache] : [Address] -> [5579090833088513]
14:18:42,923 DEBUG BaseGeneralDataRegion:59 - Caching[foo.org.hibernate.cache.spi.UpdateTimestampsCache] : [CourseMeeting] -> [5579090833088513]
14:18:42,923  INFO CustomRunner:139 - Test: testEntityWithUnaliasedJoinFetchedLazyOneToManySingleElementList
14:18:42,924 DEBUG SQL:104 - 
    select
        coursemeet_.courseCode,
        coursemeet_.day,
        coursemeet_.period,
        coursemeet_.location 
    from
        CourseMeeting coursemeet_ 
    where
        coursemeet_.courseCode=? 
        and coursemeet_.day=? 
        and coursemeet_.period=? 
        and coursemeet_.location=?
14:18:42,924 DEBUG SQL:104 - 
    select
        coursemeet_.courseCode,
        coursemeet_.day,
        coursemeet_.period,
        coursemeet_.location 
    from
        CourseMeeting coursemeet_ 
    where
        coursemeet_.courseCode=? 
        and coursemeet_.day=? 
        and coursemeet_.period=? 
        and coursemeet_.location=?
14:18:42,934 DEBUG SQL:104 - 
    insert 
    into
        Course
        (description, courseCode) 
    values
        (?, ?)
14:18:42,934 DEBUG BaseGeneralDataRegion:59 - Caching[foo.org.hibernate.cache.spi.UpdateTimestampsCache] : [Course] -> [5579091078897664]
14:18:42,934 DEBUG SQL:104 - 
    insert 
    into
        CourseMeeting
        (courseCode, day, period, location) 
    values
        (?, ?, ?, ?)
14:18:42,934 DEBUG BaseGeneralDataRegion:59 - Caching[foo.org.hibernate.cache.spi.UpdateTimestampsCache] : [CourseMeeting] -> [5579091078897665]
14:18:42,935 DEBUG SQL:104 - 
    insert 
    into
        CourseMeeting
        (courseCode, day, period, location) 
    values
        (?, ?, ?, ?)
14:18:42,944 DEBUG BaseGeneralDataRegion:59 - Caching[foo.org.hibernate.cache.spi.UpdateTimestampsCache] : [CourseMeeting] -> [5579091078938624]
14:18:42,944 DEBUG SQL:104 - 
    insert 
    into
        Student
        (name_first, name_middle, name_last, preferredCourseCode, studentId) 
    values
        (?, ?, ?, ?, ?)
14:18:42,944 DEBUG BaseGeneralDataRegion:59 - Caching[foo.org.hibernate.cache.spi.UpdateTimestampsCache] : [Student] -> [5579091078938625]
14:18:42,944 DEBUG SQL:104 - 
    insert 
    into
        Address
        (addressType, street, city, stateProvince, postalCode, country, studentNumber, id) 
    values
        (?, ?, ?, ?, ?, ?, ?, ?)
14:18:42,944 DEBUG BaseGeneralDataRegion:59 - Caching[foo.org.hibernate.cache.spi.UpdateTimestampsCache] : [Address] -> [5579091078938626]
14:18:42,944 DEBUG SQL:104 - 
    insert 
    into
        Address
        (addressType, street, city, stateProvince, postalCode, country, studentNumber, id) 
    values
        (?, ?, ?, ?, ?, ?, ?, ?)
14:18:42,945 DEBUG BaseGeneralDataRegion:59 - Caching[foo.org.hibernate.cache.spi.UpdateTimestampsCache] : [Address] -> [5579091078942720]
14:18:42,945 DEBUG SQL:104 - 
    insert 
    into
        Student
        (name_first, name_middle, name_last, preferredCourseCode, studentId) 
    values
        (?, ?, ?, ?, ?)
14:18:42,964 DEBUG BaseGeneralDataRegion:59 - Caching[foo.org.hibernate.cache.spi.UpdateTimestampsCache] : [Student] -> [5579091079016448]
14:18:42,964 DEBUG SQL:104 - 
    insert 
    into
        Enrolment
        (semester, "year", studentId, courseCode) 
    values
        (?, ?, ?, ?)
14:18:42,964 DEBUG BaseGeneralDataRegion:59 - Caching[foo.org.hibernate.cache.spi.UpdateTimestampsCache] : [Enrolment] -> [5579091079020544]
14:18:42,964 DEBUG SQL:104 - 
    insert 
    into
        Enrolment
        (semester, "year", studentId, courseCode) 
    values
        (?, ?, ?, ?)
14:18:42,964 DEBUG BaseGeneralDataRegion:59 - Caching[foo.org.hibernate.cache.spi.UpdateTimestampsCache] : [Enrolment] -> [5579091079020545]
14:18:42,965 DEBUG BaseGeneralDataRegion:59 - Caching[foo.org.hibernate.cache.spi.UpdateTimestampsCache] : [CourseMeeting] -> [5579091079024640]
14:18:42,965 DEBUG BaseGeneralDataRegion:59 - Caching[foo.org.hibernate.cache.spi.UpdateTimestampsCache] : [Enrolment] -> [5579091079024641]
14:18:42,965 DEBUG SQL:104 - 
    update
        Address 
    set
        studentNumber=?,
        addressType=? 
    where
        id=?
14:18:42,965 DEBUG SQL:104 - 
    update
        Address 
    set
        studentNumber=?,
        addressType=? 
    where
        id=?
14:18:42,965 DEBUG BaseGeneralDataRegion:59 - Caching[foo.org.hibernate.cache.spi.UpdateTimestampsCache] : [Address] -> [5579091079024642]
14:18:42,965 DEBUG SQL:104 - 
    insert 
    into
        Student_secretCodes
        (studentNumber, i, secretCode) 
    values
        (?, ?, ?)
14:18:42,966 DEBUG BaseGeneralDataRegion:59 - Caching[foo.org.hibernate.cache.spi.UpdateTimestampsCache] : [Student_secretCodes] -> [5579091079028736]
14:18:42,966 DEBUG BaseGeneralDataRegion:59 - Caching[foo.org.hibernate.cache.spi.UpdateTimestampsCache] : [Enrolment] -> [5579091079028737]
14:18:42,966 DEBUG BaseGeneralDataRegion:59 - Caching[foo.org.hibernate.cache.spi.UpdateTimestampsCache] : [Address] -> [5579091079028738]
14:18:42,966 DEBUG SQL:104 - 
    insert 
    into
        Student_secretCodes
        (studentNumber, i, secretCode) 
    values
        (?, ?, ?)
14:18:42,966 DEBUG SQL:104 - 
    insert 
    into
        Student_secretCodes
        (studentNumber, i, secretCode) 
    values
        (?, ?, ?)
14:18:42,977 DEBUG BaseGeneralDataRegion:59 - Caching[foo.org.hibernate.cache.spi.UpdateTimestampsCache] : [Student_secretCodes] -> [5579091079073792]
14:18:42,977 DEBUG BaseGeneralDataRegion:59 - Caching[foo.org.hibernate.cache.spi.UpdateTimestampsCache] : [Student] -> [5579090833313793]
14:18:42,977 DEBUG BaseGeneralDataRegion:59 - Caching[foo.org.hibernate.cache.spi.UpdateTimestampsCache] : [Course] -> [5579090833313793]
14:18:42,977 DEBUG BaseGeneralDataRegion:59 - Caching[foo.org.hibernate.cache.spi.UpdateTimestampsCache] : [Enrolment] -> [5579090833313793]
14:18:42,977 DEBUG BaseGeneralDataRegion:59 - Caching[foo.org.hibernate.cache.spi.UpdateTimestampsCache] : [Student_secretCodes] -> [5579090833313793]
14:18:42,978 DEBUG BaseGeneralDataRegion:59 - Caching[foo.org.hibernate.cache.spi.UpdateTimestampsCache] : [Address] -> [5579090833313793]
14:18:42,978 DEBUG BaseGeneralDataRegion:59 - Caching[foo.org.hibernate.cache.spi.UpdateTimestampsCache] : [CourseMeeting] -> [5579090833313793]
14:18:42,978 DEBUG QueryTranslatorImpl:265 - parse() - HQL: from org.hibernate.test.querycache.Student s left join fetch s.enrolments order by s.studentNumber
14:18:42,979 DEBUG QueryTranslatorImpl:283 - --- HQL AST ---
 \-[QUERY] Node: 'query'
    +-[SELECT_FROM] Node: 'SELECT_FROM'
    |  \-[FROM] Node: 'from'
    |     +-[RANGE] Node: 'RANGE'
    |     |  +-[DOT] Node: '.'
    |     |  |  +-[DOT] Node: '.'
    |     |  |  |  +-[DOT] Node: '.'
    |     |  |  |  |  +-[DOT] Node: '.'
    |     |  |  |  |  |  +-[IDENT] Node: 'org'
    |     |  |  |  |  |  \-[IDENT] Node: 'hibernate'
    |     |  |  |  |  \-[IDENT] Node: 'test'
    |     |  |  |  \-[IDENT] Node: 'querycache'
    |     |  |  \-[IDENT] Node: 'Student'
    |     |  \-[ALIAS] Node: 's'
    |     \-[JOIN] Node: 'join'
    |        +-[LEFT] Node: 'left'
    |        +-[FETCH] Node: 'fetch'
    |        \-[DOT] Node: '.'
    |           +-[IDENT] Node: 's'
    |           \-[IDENT] Node: 'enrolments'
    \-[ORDER] Node: 'order'
       \-[DOT] Node: '.'
          +-[IDENT] Node: 's'
          \-[IDENT] Node: 'studentNumber'

14:18:42,979 DEBUG ErrorCounter:82 - throwQueryException() : no errors
14:18:42,980 DEBUG FromElement:157 - FromClause{level=1} : org.hibernate.test.querycache.Student (s) -> student0_
14:18:42,980 DEBUG FromReferenceNode:74 - Resolved : s -> student0_.studentId
14:18:42,980 DEBUG DotNode:599 - getDataType() : enrolments -> org.hibernate.type.SetType(org.hibernate.test.querycache.Student.enrolments)
14:18:42,980 DEBUG FromElementFactory:376 - createEntityAssociation() : One to many - path = s.enrolments role = org.hibernate.test.querycache.Student.enrolments associatedEntityName = org.hibernate.test.querycache.Enrolment
14:18:42,980 DEBUG FromElement:157 - FromClause{level=1} : org.hibernate.test.querycache.Enrolment (<no alias>) -> enrolments1_
14:18:42,980 DEBUG FromClause:282 - addJoinByPathMap() : s.enrolments -> FromElement{explicit,not a collection join,not a fetch join,fetch non-lazy properties,classAlias=null,role=null,tableName=Enrolment,tableAlias=enrolments1_,origin=Student student0_,columns={student0_.studentId ,className=org.hibernate.test.querycache.Enrolment}}
14:18:42,980 DEBUG DotNode:308 - dereferenceCollection() : Created new FROM element for s.enrolments : Enrolment enrolments1_
14:18:42,981 DEBUG FromReferenceNode:74 - Resolved : s.enrolments -> .
14:18:42,981 DEBUG HqlSqlWalker:403 - createFromJoinElement() : -- join tree --
 \-[JOIN_FRAGMENT] FromElement: 'Enrolment enrolments1_' FromElement{explicit,not a collection join,fetch join,fetch non-lazy properties,classAlias=null,role=org.hibernate.test.querycache.Student.enrolments,tableName=Enrolment,tableAlias=enrolments1_,origin=Student student0_,columns={student0_.studentId ,className=org.hibernate.test.querycache.Enrolment}}

14:18:42,981 DEBUG FromReferenceNode:74 - Resolved : s -> student0_.studentId
14:18:42,981 DEBUG DotNode:599 - getDataType() : studentNumber -> org.hibernate.type.LongType@4bf3f9d
14:18:42,981 DEBUG FromReferenceNode:74 - Resolved : s.studentNumber -> student0_.studentId
14:18:42,981 DEBUG HqlSqlWalker:629 - processQuery() :  ( SELECT ( FromClause{level=1} ( Student student0_ Enrolment enrolments1_ ) ) ( order ( student0_.studentId student0_.studentId studentNumber ) ) )
14:18:42,981 DEBUG HqlSqlWalker:869 - Derived SELECT clause created.
14:18:42,982 DEBUG JoinProcessor:175 - Using FROM fragment [Student student0_]
14:18:42,982 DEBUG JoinProcessor:175 - Using FROM fragment [left outer join Enrolment enrolments1_ on student0_.studentId=enrolments1_.studentId]
14:18:42,982 DEBUG QueryTranslatorImpl:252 - --- SQL AST ---
 \-[SELECT] QueryNode: 'SELECT'  querySpaces (Student,Enrolment)
    +-[SELECT_CLAUSE] SelectClause: '{derived select clause}'
    |  +-[SELECT_EXPR] SelectExpressionImpl: 'student0_.studentId as studentId4_0_' {FromElement{explicit,not a collection join,not a fetch join,fetch non-lazy properties,classAlias=s,role=null,tableName=Student,tableAlias=student0_,origin=null,columns={,className=org.hibernate.test.querycache.Student}}}
    |  +-[SELECT_EXPR] SelectExpressionImpl: 'enrolments1_.studentId as studentId3_1_, enrolments1_.courseCode as courseCode3_1_' {FromElement{explicit,not a collection join,fetch join,fetch non-lazy properties,classAlias=null,role=org.hibernate.test.querycache.Student.enrolments,tableName=Enrolment,tableAlias=enrolments1_,origin=Student student0_,columns={student0_.studentId ,className=org.hibernate.test.querycache.Enrolment}}}
    |  +-[SQL_TOKEN] SqlFragment: 'student0_.name_first as name2_4_0_, student0_.name_middle as name3_4_0_, student0_.name_last as name4_4_0_, student0_.preferredCourseCode as preferre5_4_0_'
    |  +-[SQL_TOKEN] SqlFragment: 'enrolments1_.semester as semester3_1_, enrolments1_."year" as year4_3_1_'
    |  \-[SQL_TOKEN] SqlFragment: 'enrolments1_.studentId as studentId4_0__, enrolments1_.studentId as studentId3_0__, enrolments1_.courseCode as courseCode3_0__'
    +-[FROM] FromClause: 'from' FromClause{level=1, fromElementCounter=2, fromElements=2, fromElementByClassAlias=[s], fromElementByTableAlias=[student0_, enrolments1_], fromElementsByPath=[s.enrolments], collectionJoinFromElementsByPath=[], impliedElements=[]}
    |  \-[FROM_FRAGMENT] FromElement: 'Student student0_' FromElement{explicit,not a collection join,not a fetch join,fetch non-lazy properties,classAlias=s,role=null,tableName=Student,tableAlias=student0_,origin=null,columns={,className=org.hibernate.test.querycache.Student}}
    |     \-[JOIN_FRAGMENT] FromElement: 'left outer join Enrolment enrolments1_ on student0_.studentId=enrolments1_.studentId' FromElement{explicit,not a collection join,fetch join,fetch non-lazy properties,classAlias=null,role=org.hibernate.test.querycache.Student.enrolments,tableName=Enrolment,tableAlias=enrolments1_,origin=Student student0_,columns={student0_.studentId ,className=org.hibernate.test.querycache.Enrolment}}
    \-[ORDER] OrderByClause: 'order'
       \-[DOT] DotNode: 'student0_.studentId' {propertyName=studentNumber,dereferenceType=ALL,propertyPath=studentNumber,path=s.studentNumber,tableAlias=student0_,className=org.hibernate.test.querycache.Student,classAlias=s}
          +-[ALIAS_REF] IdentNode: 'student0_.studentId' {alias=s, className=org.hibernate.test.querycache.Student, tableAlias=student0_}
          \-[IDENT] IdentNode: 'studentNumber' {originalText=studentNumber}

14:18:42,989 DEBUG ErrorCounter:82 - throwQueryException() : no errors
14:18:42,990 DEBUG QueryTranslatorImpl:235 - HQL: from org.hibernate.test.querycache.Student s left join fetch s.enrolments order by s.studentNumber
14:18:42,990 DEBUG QueryTranslatorImpl:236 - SQL: select student0_.studentId as studentId4_0_, enrolments1_.studentId as studentId3_1_, enrolments1_.courseCode as courseCode3_1_, student0_.name_first as name2_4_0_, student0_.name_middle as name3_4_0_, student0_.name_last as name4_4_0_, student0_.preferredCourseCode as preferre5_4_0_, enrolments1_.semester as semester3_1_, enrolments1_."year" as year4_3_1_, enrolments1_.studentId as studentId4_0__, enrolments1_.studentId as studentId3_0__, enrolments1_.courseCode as courseCode3_0__ from Student student0_ left outer join Enrolment enrolments1_ on student0_.studentId=enrolments1_.studentId order by student0_.studentId
14:18:42,990 DEBUG ErrorCounter:82 - throwQueryException() : no errors
14:18:42,990 DEBUG BaseGeneralDataRegion:46 - Cache[foo.org.hibernate.cache.internal.StandardQueryCache] lookup : key[sql: select student0_.studentId as studentId4_0_, enrolments1_.studentId as studentId3_1_, enrolments1_.courseCode as courseCode3_1_, student0_.name_first as name2_4_0_, student0_.name_middle as name3_4_0_, student0_.name_last as name4_4_0_, student0_.preferredCourseCode as preferre5_4_0_, enrolments1_.semester as semester3_1_, enrolments1_."year" as year4_3_1_, enrolments1_.studentId as studentId4_0__, enrolments1_.studentId as studentId3_0__, enrolments1_.courseCode as courseCode3_0__ from Student student0_ left outer join Enrolment enrolments1_ on student0_.studentId=enrolments1_.studentId order by student0_.studentId; parameters: ; named parameters: {}; transformer: org.hibernate.transform.CacheableResultTransformer@138f59]
14:18:42,990 DEBUG BaseGeneralDataRegion:52 - Cache[foo.org.hibernate.cache.internal.StandardQueryCache] hit: sql: select student0_.studentId as studentId4_0_, enrolments1_.studentId as studentId3_1_, enrolments1_.courseCode as courseCode3_1_, student0_.name_first as name2_4_0_, student0_.name_middle as name3_4_0_, student0_.name_last as name4_4_0_, student0_.preferredCourseCode as preferre5_4_0_, enrolments1_.semester as semester3_1_, enrolments1_."year" as year4_3_1_, enrolments1_.studentId as studentId4_0__, enrolments1_.studentId as studentId3_0__, enrolments1_.courseCode as courseCode3_0__ from Student student0_ left outer join Enrolment enrolments1_ on student0_.studentId=enrolments1_.studentId order by student0_.studentId; parameters: ; named parameters: {}; transformer: org.hibernate.transform.CacheableResultTransformer@138f59
14:18:42,990 DEBUG BaseGeneralDataRegion:46 - Cache[foo.org.hibernate.cache.spi.UpdateTimestampsCache] lookup : key[Student]
14:18:42,991 DEBUG BaseGeneralDataRegion:52 - Cache[foo.org.hibernate.cache.spi.UpdateTimestampsCache] hit: Student
14:18:42,991 DEBUG SQL:104 - 
    select
        student0_.studentId as studentId4_0_,
        enrolments1_.studentId as studentId3_1_,
        enrolments1_.courseCode as courseCode3_1_,
        student0_.name_first as name2_4_0_,
        student0_.name_middle as name3_4_0_,
        student0_.name_last as name4_4_0_,
        student0_.preferredCourseCode as preferre5_4_0_,
        enrolments1_.semester as semester3_1_,
        enrolments1_."year" as year4_3_1_,
        enrolments1_.studentId as studentId4_0__,
        enrolments1_.studentId as studentId3_0__,
        enrolments1_.courseCode as courseCode3_0__ 
    from
        Student student0_ 
    left outer join
        Enrolment enrolments1_ 
            on student0_.studentId=enrolments1_.studentId 
    order by
        student0_.studentId
14:18:43,003 DEBUG SQL:104 - 
    select
        course0_.courseCode as courseCode1_0_,
        course0_.description as descript2_1_0_ 
    from
        Course course0_ 
    where
        course0_.courseCode=?
14:18:43,004 DEBUG SQL:104 - 
    select
        secretcode0_.studentNumber as studentN1_4_0_,
        secretcode0_.secretCode as secretCode5_0_,
        secretcode0_.i as i0_ 
    from
        Student_secretCodes secretcode0_ 
    where
        secretcode0_.studentNumber=?
14:18:43,014 DEBUG SQL:104 - 
    select
        coursemeet0_.courseCode as courseCode1_1_,
        coursemeet0_.courseCode as courseCode2_1_,
        coursemeet0_.day as day2_1_,
        coursemeet0_.period as period2_1_,
        coursemeet0_.location as location2_1_,
        coursemeet0_.courseCode as courseCode2_0_,
        coursemeet0_.day as day2_0_,
        coursemeet0_.period as period2_0_,
        coursemeet0_.location as location2_0_ 
    from
        CourseMeeting coursemeet0_ 
    where
        coursemeet0_.courseCode=?
14:18:43,024 DEBUG SQL:104 - 
    select
        secretcode0_.studentNumber as studentN1_4_0_,
        secretcode0_.secretCode as secretCode5_0_,
        secretcode0_.i as i0_ 
    from
        Student_secretCodes secretcode0_ 
    where
        secretcode0_.studentNumber=?
14:18:43,025 DEBUG BaseGeneralDataRegion:59 - Caching[foo.org.hibernate.cache.internal.StandardQueryCache] : [sql: select student0_.studentId as studentId4_0_, enrolments1_.studentId as studentId3_1_, enrolments1_.courseCode as courseCode3_1_, student0_.name_first as name2_4_0_, student0_.name_middle as name3_4_0_, student0_.name_last as name4_4_0_, student0_.preferredCourseCode as preferre5_4_0_, enrolments1_.semester as semester3_1_, enrolments1_."year" as year4_3_1_, enrolments1_.studentId as studentId4_0__, enrolments1_.studentId as studentId3_0__, enrolments1_.courseCode as courseCode3_0__ from Student student0_ left outer join Enrolment enrolments1_ on student0_.studentId=enrolments1_.studentId order by student0_.studentId; parameters: ; named parameters: {}; transformer: org.hibernate.transform.CacheableResultTransformer@138f59] -> [[5579090833510400, 111, 999]]
14:18:43,026 DEBUG BaseGeneralDataRegion:46 - Cache[foo.org.hibernate.cache.internal.StandardQueryCache] lookup : key[sql: select student0_.studentId as studentId4_0_, enrolments1_.studentId as studentId3_1_, enrolments1_.courseCode as courseCode3_1_, student0_.name_first as name2_4_0_, student0_.name_middle as name3_4_0_, student0_.name_last as name4_4_0_, student0_.preferredCourseCode as preferre5_4_0_, enrolments1_.semester as semester3_1_, enrolments1_."year" as year4_3_1_, enrolments1_.studentId as studentId4_0__, enrolments1_.studentId as studentId3_0__, enrolments1_.courseCode as courseCode3_0__ from Student student0_ left outer join Enrolment enrolments1_ on student0_.studentId=enrolments1_.studentId order by student0_.studentId; parameters: ; named parameters: {}; transformer: org.hibernate.transform.CacheableResultTransformer@138f59]
14:18:43,026 DEBUG BaseGeneralDataRegion:52 - Cache[foo.org.hibernate.cache.internal.StandardQueryCache] hit: sql: select student0_.studentId as studentId4_0_, enrolments1_.studentId as studentId3_1_, enrolments1_.courseCode as courseCode3_1_, student0_.name_first as name2_4_0_, student0_.name_middle as name3_4_0_, student0_.name_last as name4_4_0_, student0_.preferredCourseCode as preferre5_4_0_, enrolments1_.semester as semester3_1_, enrolments1_."year" as year4_3_1_, enrolments1_.studentId as studentId4_0__, enrolments1_.studentId as studentId3_0__, enrolments1_.courseCode as courseCode3_0__ from Student student0_ left outer join Enrolment enrolments1_ on student0_.studentId=enrolments1_.studentId order by student0_.studentId; parameters: ; named parameters: {}; transformer: org.hibernate.transform.CacheableResultTransformer@138f59
14:18:43,026 DEBUG BaseGeneralDataRegion:46 - Cache[foo.org.hibernate.cache.spi.UpdateTimestampsCache] lookup : key[Student]
14:18:43,026 DEBUG BaseGeneralDataRegion:52 - Cache[foo.org.hibernate.cache.spi.UpdateTimestampsCache] hit: Student
14:18:43,026 DEBUG BaseGeneralDataRegion:46 - Cache[foo.org.hibernate.cache.spi.UpdateTimestampsCache] lookup : key[Enrolment]
14:18:43,026 DEBUG BaseGeneralDataRegion:52 - Cache[foo.org.hibernate.cache.spi.UpdateTimestampsCache] hit: Enrolment
14:18:43,027 DEBUG SQL:104 - 
    select
        student0_.studentId as studentId4_0_,
        student0_.name_first as name2_4_0_,
        student0_.name_middle as name3_4_0_,
        student0_.name_last as name4_4_0_,
        student0_.preferredCourseCode as preferre5_4_0_ 
    from
        Student student0_ 
    where
        student0_.studentId=?
14:18:43,036 DEBUG SQL:104 - 
    select
        secretcode0_.studentNumber as studentN1_4_0_,
        secretcode0_.secretCode as secretCode5_0_,
        secretcode0_.i as i0_ 
    from
        Student_secretCodes secretcode0_ 
    where
        secretcode0_.studentNumber=?
14:18:43,037 DEBUG SQL:104 - 
    select
        student0_.studentId as studentId4_0_,
        student0_.name_first as name2_4_0_,
        student0_.name_middle as name3_4_0_,
        student0_.name_last as name4_4_0_,
        student0_.preferredCourseCode as preferre5_4_0_ 
    from
        Student student0_ 
    where
        student0_.studentId=?
14:18:43,037 DEBUG SQL:104 - 
    select
        secretcode0_.studentNumber as studentN1_4_0_,
        secretcode0_.secretCode as secretCode5_0_,
        secretcode0_.i as i0_ 
    from
        Student_secretCodes secretcode0_ 
    where
        secretcode0_.studentNumber=?
14:18:43,038 DEBUG SQL:104 - 
    select
        student_.studentId,
        student_.name_first as name2_4_,
        student_.name_middle as name3_4_,
        student_.name_last as name4_4_,
        student_.preferredCourseCode as preferre5_4_ 
    from
        Student student_ 
    where
        student_.studentId=?
14:18:43,046 DEBUG SQL:104 - 
    select
        enrolment_.studentId,
        enrolment_.courseCode,
        enrolment_.semester as semester3_,
        enrolment_."year" as year4_3_ 
    from
        Enrolment enrolment_ 
    where
        enrolment_.studentId=? 
        and enrolment_.courseCode=?
14:18:43,046 DEBUG SQL:104 - 
    select
        course_.courseCode,
        course_.description as descript2_1_ 
    from
        Course course_ 
    where
        course_.courseCode=?
14:18:43,047 DEBUG SQL:104 - 
    select
        student_.studentId,
        student_.name_first as name2_4_,
        student_.name_middle as name3_4_,
        student_.name_last as name4_4_,
        student_.preferredCourseCode as preferre5_4_ 
    from
        Student student_ 
    where
        student_.studentId=?
14:18:43,056 DEBUG SQL:104 - 
    select
        enrolment_.studentId,
        enrolment_.courseCode,
        enrolment_.semester as semester3_,
        enrolment_."year" as year4_3_ 
    from
        Enrolment enrolment_ 
    where
        enrolment_.studentId=? 
        and enrolment_.courseCode=?
14:18:43,057 DEBUG SQL:104 - 
    select
        coursemeet_.courseCode,
        coursemeet_.day,
        coursemeet_.period,
        coursemeet_.location 
    from
        CourseMeeting coursemeet_ 
    where
        coursemeet_.courseCode=? 
        and coursemeet_.day=? 
        and coursemeet_.period=? 
        and coursemeet_.location=?
14:18:43,066 DEBUG SQL:104 - 
    select
        coursemeet_.courseCode,
        coursemeet_.day,
        coursemeet_.period,
        coursemeet_.location 
    from
        CourseMeeting coursemeet_ 
    where
        coursemeet_.courseCode=? 
        and coursemeet_.day=? 
        and coursemeet_.period=? 
        and coursemeet_.location=?
14:18:43,067 DEBUG BaseGeneralDataRegion:59 - Caching[foo.org.hibernate.cache.spi.UpdateTimestampsCache] : [Enrolment] -> [5579091079442432]
14:18:43,067 DEBUG SQL:104 - 
    update
        Address 
    set
        studentNumber=null,
        addressType=null 
    where
        studentNumber=?
14:18:43,067 DEBUG BaseGeneralDataRegion:59 - Caching[foo.org.hibernate.cache.spi.UpdateTimestampsCache] : [Address] -> [5579091079442433]
14:18:43,067 DEBUG SQL:104 - 
    delete 
    from
        Student_secretCodes 
    where
        studentNumber=?
14:18:43,076 DEBUG BaseGeneralDataRegion:59 - Caching[foo.org.hibernate.cache.spi.UpdateTimestampsCache] : [Student_secretCodes] -> [5579091079479296]
14:18:43,077 DEBUG BaseGeneralDataRegion:59 - Caching[foo.org.hibernate.cache.spi.UpdateTimestampsCache] : [Enrolment] -> [5579091079483392]
14:18:43,077 DEBUG BaseGeneralDataRegion:59 - Caching[foo.org.hibernate.cache.spi.UpdateTimestampsCache] : [Address] -> [5579091079483393]
14:18:43,077 DEBUG SQL:104 - 
    delete 
    from
        Student_secretCodes 
    where
        studentNumber=?
14:18:43,077 DEBUG BaseGeneralDataRegion:59 - Caching[foo.org.hibernate.cache.spi.UpdateTimestampsCache] : [Student_secretCodes] -> [5579091079483394]
14:18:43,077 DEBUG BaseGeneralDataRegion:59 - Caching[foo.org.hibernate.cache.spi.UpdateTimestampsCache] : [CourseMeeting] -> [5579091079483395]
14:18:43,077 DEBUG SQL:104 - 
    delete 
    from
        Enrolment 
    where
        studentId=? 
        and courseCode=?
14:18:43,077 DEBUG BaseGeneralDataRegion:59 - Caching[foo.org.hibernate.cache.spi.UpdateTimestampsCache] : [Enrolment] -> [5579091079483396]
14:18:43,077 DEBUG SQL:104 - 
    delete 
    from
        Address 
    where
        id=?
14:18:43,078 DEBUG BaseGeneralDataRegion:59 - Caching[foo.org.hibernate.cache.spi.UpdateTimestampsCache] : [Address] -> [5579091079487488]
14:18:43,078 DEBUG SQL:104 - 
    delete 
    from
        Address 
    where
        id=?
14:18:43,088 DEBUG BaseGeneralDataRegion:59 - Caching[foo.org.hibernate.cache.spi.UpdateTimestampsCache] : [Address] -> [5579091079528448]
14:18:43,088 DEBUG SQL:104 - 
    delete 
    from
        Student 
    where
        studentId=?
14:18:43,088 DEBUG BaseGeneralDataRegion:59 - Caching[foo.org.hibernate.cache.spi.UpdateTimestampsCache] : [Student] -> [5579091079528449]
14:18:43,088 DEBUG SQL:104 - 
    delete 
    from
        Enrolment 
    where
        studentId=? 
        and courseCode=?
14:18:43,089 DEBUG BaseGeneralDataRegion:59 - Caching[foo.org.hibernate.cache.spi.UpdateTimestampsCache] : [Enrolment] -> [5579091079532544]
14:18:43,089 DEBUG SQL:104 - 
    delete 
    from
        Student 
    where
        studentId=?
14:18:43,089 DEBUG BaseGeneralDataRegion:59 - Caching[foo.org.hibernate.cache.spi.UpdateTimestampsCache] : [Student] -> [5579091079532545]
14:18:43,089 DEBUG SQL:104 - 
    delete 
    from
        CourseMeeting 
    where
        courseCode=? 
        and day=? 
        and period=? 
        and location=?
14:18:43,098 DEBUG BaseGeneralDataRegion:59 - Caching[foo.org.hibernate.cache.spi.UpdateTimestampsCache] : [CourseMeeting] -> [5579091079569408]
14:18:43,098 DEBUG SQL:104 - 
    delete 
    from
        CourseMeeting 
    where
        courseCode=? 
        and day=? 
        and period=? 
        and location=?
14:18:43,098 DEBUG BaseGeneralDataRegion:59 - Caching[foo.org.hibernate.cache.spi.UpdateTimestampsCache] : [CourseMeeting] -> [5579091079569409]
14:18:43,098 DEBUG SQL:104 - 
    delete 
    from
        Course 
    where
        courseCode=?
14:18:43,099 DEBUG BaseGeneralDataRegion:59 - Caching[foo.org.hibernate.cache.spi.UpdateTimestampsCache] : [Course] -> [5579091079573504]
14:18:43,099 DEBUG BaseGeneralDataRegion:59 - Caching[foo.org.hibernate.cache.spi.UpdateTimestampsCache] : [Student] -> [5579090833813505]
14:18:43,099 DEBUG BaseGeneralDataRegion:59 - Caching[foo.org.hibernate.cache.spi.UpdateTimestampsCache] : [Course] -> [5579090833813505]
14:18:43,099 DEBUG BaseGeneralDataRegion:59 - Caching[foo.org.hibernate.cache.spi.UpdateTimestampsCache] : [Enrolment] -> [5579090833813505]
14:18:43,099 DEBUG BaseGeneralDataRegion:59 - Caching[foo.org.hibernate.cache.spi.UpdateTimestampsCache] : [Student_secretCodes] -> [5579090833813505]
14:18:43,099 DEBUG BaseGeneralDataRegion:59 - Caching[foo.org.hibernate.cache.spi.UpdateTimestampsCache] : [Address] -> [5579090833813505]
14:18:43,108 DEBUG BaseGeneralDataRegion:59 - Caching[foo.org.hibernate.cache.spi.UpdateTimestampsCache] : [CourseMeeting] -> [5579090833813505]
14:18:43,109  INFO CustomRunner:139 - Test: testJoinWithFetchJoinListCriteria
14:18:43,110 DEBUG SQL:104 - 
    select
        coursemeet_.courseCode,
        coursemeet_.day,
        coursemeet_.period,
        coursemeet_.location 
    from
        CourseMeeting coursemeet_ 
    where
        coursemeet_.courseCode=? 
        and coursemeet_.day=? 
        and coursemeet_.period=? 
        and coursemeet_.location=?
14:18:43,110 DEBUG SQL:104 - 
    select
        coursemeet_.courseCode,
        coursemeet_.day,
        coursemeet_.period,
        coursemeet_.location 
    from
        CourseMeeting coursemeet_ 
    where
        coursemeet_.courseCode=? 
        and coursemeet_.day=? 
        and coursemeet_.period=? 
        and coursemeet_.location=?
14:18:43,111 DEBUG SQL:104 - 
    insert 
    into
        Course
        (description, courseCode) 
    values
        (?, ?)
14:18:43,111 DEBUG BaseGeneralDataRegion:59 - Caching[foo.org.hibernate.cache.spi.UpdateTimestampsCache] : [Course] -> [5579091079622656]
14:18:43,111 DEBUG SQL:104 - 
    insert 
    into
        CourseMeeting
        (courseCode, day, period, location) 
    values
        (?, ?, ?, ?)
14:18:43,111 DEBUG BaseGeneralDataRegion:59 - Caching[foo.org.hibernate.cache.spi.UpdateTimestampsCache] : [CourseMeeting] -> [5579091079622657]
14:18:43,112 DEBUG SQL:104 - 
    insert 
    into
        CourseMeeting
        (courseCode, day, period, location) 
    values
        (?, ?, ?, ?)
14:18:43,112 DEBUG BaseGeneralDataRegion:59 - Caching[foo.org.hibernate.cache.spi.UpdateTimestampsCache] : [CourseMeeting] -> [5579091079626752]
14:18:43,112 DEBUG SQL:104 - 
    insert 
    into
        Student
        (name_first, name_middle, name_last, preferredCourseCode, studentId) 
    values
        (?, ?, ?, ?, ?)
14:18:43,119 DEBUG BaseGeneralDataRegion:59 - Caching[foo.org.hibernate.cache.spi.UpdateTimestampsCache] : [Student] -> [5579091079655424]
14:18:43,120 DEBUG SQL:104 - 
    insert 
    into
        Address
        (addressType, street, city, stateProvince, postalCode, country, studentNumber, id) 
    values
        (?, ?, ?, ?, ?, ?, ?, ?)
14:18:43,120 DEBUG BaseGeneralDataRegion:59 - Caching[foo.org.hibernate.cache.spi.UpdateTimestampsCache] : [Address] -> [5579091079659520]
14:18:43,120 DEBUG SQL:104 - 
    insert 
    into
        Address
        (addressType, street, city, stateProvince, postalCode, country, studentNumber, id) 
    values
        (?, ?, ?, ?, ?, ?, ?, ?)
14:18:43,120 DEBUG BaseGeneralDataRegion:59 - Caching[foo.org.hibernate.cache.spi.UpdateTimestampsCache] : [Address] -> [5579091079659521]
14:18:43,120 DEBUG SQL:104 - 
    insert 
    into
        Student
        (name_first, name_middle, name_last, preferredCourseCode, studentId) 
    values
        (?, ?, ?, ?, ?)
14:18:43,120 DEBUG BaseGeneralDataRegion:59 - Caching[foo.org.hibernate.cache.spi.UpdateTimestampsCache] : [Student] -> [5579091079659522]
14:18:43,121 DEBUG SQL:104 - 
    insert 
    into
        Enrolment
        (semester, "year", studentId, courseCode) 
    values
        (?, ?, ?, ?)
14:18:43,131 DEBUG BaseGeneralDataRegion:59 - Caching[foo.org.hibernate.cache.spi.UpdateTimestampsCache] : [Enrolment] -> [5579091079704576]
14:18:43,131 DEBUG SQL:104 - 
    insert 
    into
        Enrolment
        (semester, "year", studentId, courseCode) 
    values
        (?, ?, ?, ?)
14:18:43,131 DEBUG BaseGeneralDataRegion:59 - Caching[foo.org.hibernate.cache.spi.UpdateTimestampsCache] : [Enrolment] -> [5579091079704577]
14:18:43,131 DEBUG BaseGeneralDataRegion:59 - Caching[foo.org.hibernate.cache.spi.UpdateTimestampsCache] : [CourseMeeting] -> [5579091079704578]
14:18:43,131 DEBUG BaseGeneralDataRegion:59 - Caching[foo.org.hibernate.cache.spi.UpdateTimestampsCache] : [Enrolment] -> [5579091079704579]
14:18:43,132 DEBUG SQL:104 - 
    update
        Address 
    set
        studentNumber=?,
        addressType=? 
    where
        id=?
14:18:43,132 DEBUG SQL:104 - 
    update
        Address 
    set
        studentNumber=?,
        addressType=? 
    where
        id=?
14:18:43,132 DEBUG BaseGeneralDataRegion:59 - Caching[foo.org.hibernate.cache.spi.UpdateTimestampsCache] : [Address] -> [5579091079708672]
14:18:43,132 DEBUG SQL:104 - 
    insert 
    into
        Student_secretCodes
        (studentNumber, i, secretCode) 
    values
        (?, ?, ?)
14:18:43,132 DEBUG BaseGeneralDataRegion:59 - Caching[foo.org.hibernate.cache.spi.UpdateTimestampsCache] : [Student_secretCodes] -> [5579091079708673]
14:18:43,132 DEBUG BaseGeneralDataRegion:59 - Caching[foo.org.hibernate.cache.spi.UpdateTimestampsCache] : [Enrolment] -> [5579091079708674]
14:18:43,132 DEBUG BaseGeneralDataRegion:59 - Caching[foo.org.hibernate.cache.spi.UpdateTimestampsCache] : [Address] -> [5579091079708675]
14:18:43,132 DEBUG SQL:104 - 
    insert 
    into
        Student_secretCodes
        (studentNumber, i, secretCode) 
    values
        (?, ?, ?)
14:18:43,153 DEBUG SQL:104 - 
    insert 
    into
        Student_secretCodes
        (studentNumber, i, secretCode) 
    values
        (?, ?, ?)
14:18:43,153 DEBUG BaseGeneralDataRegion:59 - Caching[foo.org.hibernate.cache.spi.UpdateTimestampsCache] : [Student_secretCodes] -> [5579091079794688]
14:18:43,153 DEBUG BaseGeneralDataRegion:59 - Caching[foo.org.hibernate.cache.spi.UpdateTimestampsCache] : [Student] -> [5579090834034689]
14:18:43,153 DEBUG BaseGeneralDataRegion:59 - Caching[foo.org.hibernate.cache.spi.UpdateTimestampsCache] : [Course] -> [5579090834034689]
14:18:43,154 DEBUG BaseGeneralDataRegion:59 - Caching[foo.org.hibernate.cache.spi.UpdateTimestampsCache] : [Enrolment] -> [5579090834034689]
14:18:43,154 DEBUG BaseGeneralDataRegion:59 - Caching[foo.org.hibernate.cache.spi.UpdateTimestampsCache] : [Student_secretCodes] -> [5579090834034689]
14:18:43,154 DEBUG BaseGeneralDataRegion:59 - Caching[foo.org.hibernate.cache.spi.UpdateTimestampsCache] : [Address] -> [5579090834034689]
14:18:43,154 DEBUG BaseGeneralDataRegion:59 - Caching[foo.org.hibernate.cache.spi.UpdateTimestampsCache] : [CourseMeeting] -> [5579090834034689]
14:18:43,154 DEBUG SQL:104 - 
    select
        student_.studentId,
        student_.name_first as name2_4_,
        student_.name_middle as name3_4_,
        student_.name_last as name4_4_,
        student_.preferredCourseCode as preferre5_4_ 
    from
        Student student_ 
    where
        student_.studentId=?
14:18:43,154 DEBUG SQL:104 - 
    select
        enrolment_.studentId,
        enrolment_.courseCode,
        enrolment_.semester as semester3_,
        enrolment_."year" as year4_3_ 
    from
        Enrolment enrolment_ 
    where
        enrolment_.studentId=? 
        and enrolment_.courseCode=?
14:18:43,163 DEBUG SQL:104 - 
    select
        course_.courseCode,
        course_.description as descript2_1_ 
    from
        Course course_ 
    where
        course_.courseCode=?
14:18:43,163 DEBUG SQL:104 - 
    select
        student_.studentId,
        student_.name_first as name2_4_,
        student_.name_middle as name3_4_,
        student_.name_last as name4_4_,
        student_.preferredCourseCode as preferre5_4_ 
    from
        Student student_ 
    where
        student_.studentId=?
14:18:43,164 DEBUG SQL:104 - 
    select
        enrolment_.studentId,
        enrolment_.courseCode,
        enrolment_.semester as semester3_,
        enrolment_."year" as year4_3_ 
    from
        Enrolment enrolment_ 
    where
        enrolment_.studentId=? 
        and enrolment_.courseCode=?
14:18:43,172 DEBUG SQL:104 - 
    select
        coursemeet_.courseCode,
        coursemeet_.day,
        coursemeet_.period,
        coursemeet_.location 
    from
        CourseMeeting coursemeet_ 
    where
        coursemeet_.courseCode=? 
        and coursemeet_.day=? 
        and coursemeet_.period=? 
        and coursemeet_.location=?
14:18:43,173 DEBUG SQL:104 - 
    select
        coursemeet_.courseCode,
        coursemeet_.day,
        coursemeet_.period,
        coursemeet_.location 
    from
        CourseMeeting coursemeet_ 
    where
        coursemeet_.courseCode=? 
        and coursemeet_.day=? 
        and coursemeet_.period=? 
        and coursemeet_.location=?
14:18:43,182 DEBUG BaseGeneralDataRegion:59 - Caching[foo.org.hibernate.cache.spi.UpdateTimestampsCache] : [Enrolment] -> [5579091079913472]
14:18:43,182 DEBUG SQL:104 - 
    update
        Address 
    set
        studentNumber=null,
        addressType=null 
    where
        studentNumber=?
14:18:43,182 DEBUG BaseGeneralDataRegion:59 - Caching[foo.org.hibernate.cache.spi.UpdateTimestampsCache] : [Address] -> [5579091079913473]
14:18:43,182 DEBUG SQL:104 - 
    delete 
    from
        Student_secretCodes 
    where
        studentNumber=?
14:18:43,183 DEBUG BaseGeneralDataRegion:59 - Caching[foo.org.hibernate.cache.spi.UpdateTimestampsCache] : [Student_secretCodes] -> [5579091079917568]
14:18:43,183 DEBUG BaseGeneralDataRegion:59 - Caching[foo.org.hibernate.cache.spi.UpdateTimestampsCache] : [Enrolment] -> [5579091079917569]
14:18:43,183 DEBUG BaseGeneralDataRegion:59 - Caching[foo.org.hibernate.cache.spi.UpdateTimestampsCache] : [Address] -> [5579091079917570]
14:18:43,183 DEBUG SQL:104 - 
    delete 
    from
        Student_secretCodes 
    where
        studentNumber=?
14:18:43,192 DEBUG BaseGeneralDataRegion:59 - Caching[foo.org.hibernate.cache.spi.UpdateTimestampsCache] : [Student_secretCodes] -> [5579091079954432]
14:18:43,192 DEBUG BaseGeneralDataRegion:59 - Caching[foo.org.hibernate.cache.spi.UpdateTimestampsCache] : [CourseMeeting] -> [5579091079954433]
14:18:43,192 DEBUG SQL:104 - 
    delete 
    from
        Enrolment 
    where
        studentId=? 
        and courseCode=?
14:18:43,192 DEBUG BaseGeneralDataRegion:59 - Caching[foo.org.hibernate.cache.spi.UpdateTimestampsCache] : [Enrolment] -> [5579091079954434]
14:18:43,193 DEBUG SQL:104 - 
    delete 
    from
        Address 
    where
        id=?
14:18:43,193 DEBUG BaseGeneralDataRegion:59 - Caching[foo.org.hibernate.cache.spi.UpdateTimestampsCache] : [Address] -> [5579091079958528]
14:18:43,193 DEBUG SQL:104 - 
    delete 
    from
        Address 
    where
        id=?
14:18:43,193 DEBUG BaseGeneralDataRegion:59 - Caching[foo.org.hibernate.cache.spi.UpdateTimestampsCache] : [Address] -> [5579091079958529]
14:18:43,193 DEBUG SQL:104 - 
    delete 
    from
        Student 
    where
        studentId=?
14:18:43,201 DEBUG BaseGeneralDataRegion:59 - Caching[foo.org.hibernate.cache.spi.UpdateTimestampsCache] : [Student] -> [5579091079991296]
14:18:43,201 DEBUG SQL:104 - 
    delete 
    from
        Enrolment 
    where
        studentId=? 
        and courseCode=?
14:18:43,201 DEBUG BaseGeneralDataRegion:59 - Caching[foo.org.hibernate.cache.spi.UpdateTimestampsCache] : [Enrolment] -> [5579091079991297]
14:18:43,201 DEBUG SQL:104 - 
    delete 
    from
        Student 
    where
        studentId=?
14:18:43,202 DEBUG BaseGeneralDataRegion:59 - Caching[foo.org.hibernate.cache.spi.UpdateTimestampsCache] : [Student] -> [5579091079995392]
14:18:43,202 DEBUG SQL:104 - 
    delete 
    from
        CourseMeeting 
    where
        courseCode=? 
        and day=? 
        and period=? 
        and location=?
14:18:43,202 DEBUG BaseGeneralDataRegion:59 - Caching[foo.org.hibernate.cache.spi.UpdateTimestampsCache] : [CourseMeeting] -> [5579091079995393]
14:18:43,202 DEBUG SQL:104 - 
    delete 
    from
        CourseMeeting 
    where
        courseCode=? 
        and day=? 
        and period=? 
        and location=?
14:18:43,212 DEBUG BaseGeneralDataRegion:59 - Caching[foo.org.hibernate.cache.spi.UpdateTimestampsCache] : [CourseMeeting] -> [5579091080032256]
14:18:43,212 DEBUG SQL:104 - 
    delete 
    from
        Course 
    where
        courseCode=?
14:18:43,212 DEBUG BaseGeneralDataRegion:59 - Caching[foo.org.hibernate.cache.spi.UpdateTimestampsCache] : [Course] -> [5579091080036352]
14:18:43,212 DEBUG BaseGeneralDataRegion:59 - Caching[foo.org.hibernate.cache.spi.UpdateTimestampsCache] : [Student] -> [5579090834276353]
14:18:43,212 DEBUG BaseGeneralDataRegion:59 - Caching[foo.org.hibernate.cache.spi.UpdateTimestampsCache] : [Course] -> [5579090834276353]
14:18:43,212 DEBUG BaseGeneralDataRegion:59 - Caching[foo.org.hibernate.cache.spi.UpdateTimestampsCache] : [Enrolment] -> [5579090834276353]
14:18:43,212 DEBUG BaseGeneralDataRegion:59 - Caching[foo.org.hibernate.cache.spi.UpdateTimestampsCache] : [Student_secretCodes] -> [5579090834276353]
14:18:43,212 DEBUG BaseGeneralDataRegion:59 - Caching[foo.org.hibernate.cache.spi.UpdateTimestampsCache] : [Address] -> [5579090834276353]
14:18:43,213 DEBUG BaseGeneralDataRegion:59 - Caching[foo.org.hibernate.cache.spi.UpdateTimestampsCache] : [CourseMeeting] -> [5579090834276353]
14:18:43,213  INFO CustomRunner:139 - Test: testJoinWithFetchJoinListHql
14:18:43,214 DEBUG SQL:104 - 
    select
        coursemeet_.courseCode,
        coursemeet_.day,
        coursemeet_.period,
        coursemeet_.location 
    from
        CourseMeeting coursemeet_ 
    where
        coursemeet_.courseCode=? 
        and coursemeet_.day=? 
        and coursemeet_.period=? 
        and coursemeet_.location=?
14:18:43,223 DEBUG SQL:104 - 
    select
        coursemeet_.courseCode,
        coursemeet_.day,
        coursemeet_.period,
        coursemeet_.location 
    from
        CourseMeeting coursemeet_ 
    where
        coursemeet_.courseCode=? 
        and coursemeet_.day=? 
        and coursemeet_.period=? 
        and coursemeet_.location=?
14:18:43,225 DEBUG SQL:104 - 
    insert 
    into
        Course
        (description, courseCode) 
    values
        (?, ?)
14:18:43,225 DEBUG BaseGeneralDataRegion:59 - Caching[foo.org.hibernate.cache.spi.UpdateTimestampsCache] : [Course] -> [5579091080089600]
14:18:43,226 DEBUG SQL:104 - 
    insert 
    into
        CourseMeeting
        (courseCode, day, period, location) 
    values
        (?, ?, ?, ?)
14:18:43,234 DEBUG BaseGeneralDataRegion:59 - Caching[foo.org.hibernate.cache.spi.UpdateTimestampsCache] : [CourseMeeting] -> [5579091080126464]
14:18:43,235 DEBUG SQL:104 - 
    insert 
    into
        CourseMeeting
        (courseCode, day, period, location) 
    values
        (?, ?, ?, ?)
14:18:43,235 DEBUG BaseGeneralDataRegion:59 - Caching[foo.org.hibernate.cache.spi.UpdateTimestampsCache] : [CourseMeeting] -> [5579091080130560]
14:18:43,235 DEBUG SQL:104 - 
    insert 
    into
        Student
        (name_first, name_middle, name_last, preferredCourseCode, studentId) 
    values
        (?, ?, ?, ?, ?)
14:18:43,235 DEBUG BaseGeneralDataRegion:59 - Caching[foo.org.hibernate.cache.spi.UpdateTimestampsCache] : [Student] -> [5579091080130561]
14:18:43,235 DEBUG SQL:104 - 
    insert 
    into
        Address
        (addressType, street, city, stateProvince, postalCode, country, studentNumber, id) 
    values
        (?, ?, ?, ?, ?, ?, ?, ?)
14:18:43,235 DEBUG BaseGeneralDataRegion:59 - Caching[foo.org.hibernate.cache.spi.UpdateTimestampsCache] : [Address] -> [5579091080130562]
14:18:43,235 DEBUG SQL:104 - 
    insert 
    into
        Address
        (addressType, street, city, stateProvince, postalCode, country, studentNumber, id) 
    values
        (?, ?, ?, ?, ?, ?, ?, ?)
14:18:43,236 DEBUG BaseGeneralDataRegion:59 - Caching[foo.org.hibernate.cache.spi.UpdateTimestampsCache] : [Address] -> [5579091080134656]
14:18:43,236 DEBUG SQL:104 - 
    insert 
    into
        Student
        (name_first, name_middle, name_last, preferredCourseCode, studentId) 
    values
        (?, ?, ?, ?, ?)
14:18:43,236 DEBUG BaseGeneralDataRegion:59 - Caching[foo.org.hibernate.cache.spi.UpdateTimestampsCache] : [Student] -> [5579091080134657]
14:18:43,236 DEBUG SQL:104 - 
    insert 
    into
        Enrolment
        (semester, "year", studentId, courseCode) 
    values
        (?, ?, ?, ?)
14:18:43,236 DEBUG BaseGeneralDataRegion:59 - Caching[foo.org.hibernate.cache.spi.UpdateTimestampsCache] : [Enrolment] -> [5579091080134658]
14:18:43,236 DEBUG SQL:104 - 
    insert 
    into
        Enrolment
        (semester, "year", studentId, courseCode) 
    values
        (?, ?, ?, ?)
14:18:43,236 DEBUG BaseGeneralDataRegion:59 - Caching[foo.org.hibernate.cache.spi.UpdateTimestampsCache] : [Enrolment] -> [5579091080134659]
14:18:43,248 DEBUG BaseGeneralDataRegion:59 - Caching[foo.org.hibernate.cache.spi.UpdateTimestampsCache] : [CourseMeeting] -> [5579091080183808]
14:18:43,248 DEBUG BaseGeneralDataRegion:59 - Caching[foo.org.hibernate.cache.spi.UpdateTimestampsCache] : [Enrolment] -> [5579091080183809]
14:18:43,248 DEBUG SQL:104 - 
    update
        Address 
    set
        studentNumber=?,
        addressType=? 
    where
        id=?
14:18:43,249 DEBUG SQL:104 - 
    update
        Address 
    set
        studentNumber=?,
        addressType=? 
    where
        id=?
14:18:43,250 DEBUG BaseGeneralDataRegion:59 - Caching[foo.org.hibernate.cache.spi.UpdateTimestampsCache] : [Address] -> [5579091080192000]
14:18:43,250 DEBUG SQL:104 - 
    insert 
    into
        Student_secretCodes
        (studentNumber, i, secretCode) 
    values
        (?, ?, ?)
14:18:43,250 DEBUG BaseGeneralDataRegion:59 - Caching[foo.org.hibernate.cache.spi.UpdateTimestampsCache] : [Student_secretCodes] -> [5579091080192001]
14:18:43,251 DEBUG BaseGeneralDataRegion:59 - Caching[foo.org.hibernate.cache.spi.UpdateTimestampsCache] : [Enrolment] -> [5579091080196096]
14:18:43,251 DEBUG BaseGeneralDataRegion:59 - Caching[foo.org.hibernate.cache.spi.UpdateTimestampsCache] : [Address] -> [5579091080196097]
14:18:43,260 DEBUG SQL:104 - 
    insert 
    into
        Student_secretCodes
        (studentNumber, i, secretCode) 
    values
        (?, ?, ?)
14:18:43,261 DEBUG SQL:104 - 
    insert 
    into
        Student_secretCodes
        (studentNumber, i, secretCode) 
    values
        (?, ?, ?)
14:18:43,261 DEBUG BaseGeneralDataRegion:59 - Caching[foo.org.hibernate.cache.spi.UpdateTimestampsCache] : [Student_secretCodes] -> [5579091080237056]
14:18:43,261 DEBUG BaseGeneralDataRegion:59 - Caching[foo.org.hibernate.cache.spi.UpdateTimestampsCache] : [Student] -> [5579090834477057]
14:18:43,262 DEBUG BaseGeneralDataRegion:59 - Caching[foo.org.hibernate.cache.spi.UpdateTimestampsCache] : [Course] -> [5579090834477057]
14:18:43,262 DEBUG BaseGeneralDataRegion:59 - Caching[foo.org.hibernate.cache.spi.UpdateTimestampsCache] : [Enrolment] -> [5579090834477057]
14:18:43,262 DEBUG BaseGeneralDataRegion:59 - Caching[foo.org.hibernate.cache.spi.UpdateTimestampsCache] : [Student_secretCodes] -> [5579090834477057]
14:18:43,262 DEBUG BaseGeneralDataRegion:59 - Caching[foo.org.hibernate.cache.spi.UpdateTimestampsCache] : [Address] -> [5579090834477057]
14:18:43,262 DEBUG BaseGeneralDataRegion:59 - Caching[foo.org.hibernate.cache.spi.UpdateTimestampsCache] : [CourseMeeting] -> [5579090834477057]
14:18:43,263 DEBUG QueryTranslatorImpl:265 - parse() - HQL: from org.hibernate.test.querycache.Student s left join fetch s.enrolments left join s.preferredCourse order by s.studentNumber
14:18:43,264 DEBUG QueryTranslatorImpl:283 - --- HQL AST ---
 \-[QUERY] Node: 'query'
    +-[SELECT_FROM] Node: 'SELECT_FROM'
    |  \-[FROM] Node: 'from'
    |     +-[RANGE] Node: 'RANGE'
    |     |  +-[DOT] Node: '.'
    |     |  |  +-[DOT] Node: '.'
    |     |  |  |  +-[DOT] Node: '.'
    |     |  |  |  |  +-[DOT] Node: '.'
    |     |  |  |  |  |  +-[IDENT] Node: 'org'
    |     |  |  |  |  |  \-[IDENT] Node: 'hibernate'
    |     |  |  |  |  \-[IDENT] Node: 'test'
    |     |  |  |  \-[IDENT] Node: 'querycache'
    |     |  |  \-[IDENT] Node: 'Student'
    |     |  \-[ALIAS] Node: 's'
    |     +-[JOIN] Node: 'join'
    |     |  +-[LEFT] Node: 'left'
    |     |  +-[FETCH] Node: 'fetch'
    |     |  \-[DOT] Node: '.'
    |     |     +-[IDENT] Node: 's'
    |     |     \-[IDENT] Node: 'enrolments'
    |     \-[JOIN] Node: 'join'
    |        +-[LEFT] Node: 'left'
    |        \-[DOT] Node: '.'
    |           +-[IDENT] Node: 's'
    |           \-[IDENT] Node: 'preferredCourse'
    \-[ORDER] Node: 'order'
       \-[DOT] Node: '.'
          +-[IDENT] Node: 's'
          \-[IDENT] Node: 'studentNumber'

14:18:43,290 DEBUG ErrorCounter:82 - throwQueryException() : no errors
14:18:43,291 DEBUG FromElement:157 - FromClause{level=1} : org.hibernate.test.querycache.Student (s) -> student0_
14:18:43,291 DEBUG FromReferenceNode:74 - Resolved : s -> student0_.studentId
14:18:43,292 DEBUG DotNode:599 - getDataType() : enrolments -> org.hibernate.type.SetType(org.hibernate.test.querycache.Student.enrolments)
14:18:43,292 DEBUG FromElementFactory:376 - createEntityAssociation() : One to many - path = s.enrolments role = org.hibernate.test.querycache.Student.enrolments associatedEntityName = org.hibernate.test.querycache.Enrolment
14:18:43,292 DEBUG FromElement:157 - FromClause{level=1} : org.hibernate.test.querycache.Enrolment (<no alias>) -> enrolments1_
14:18:43,292 DEBUG FromClause:282 - addJoinByPathMap() : s.enrolments -> FromElement{explicit,not a collection join,not a fetch join,fetch non-lazy properties,classAlias=null,role=null,tableName=Enrolment,tableAlias=enrolments1_,origin=Student student0_,columns={student0_.studentId ,className=org.hibernate.test.querycache.Enrolment}}
14:18:43,292 DEBUG DotNode:308 - dereferenceCollection() : Created new FROM element for s.enrolments : Enrolment enrolments1_
14:18:43,293 DEBUG FromReferenceNode:74 - Resolved : s.enrolments -> .
14:18:43,293 DEBUG HqlSqlWalker:403 - createFromJoinElement() : -- join tree --
 \-[JOIN_FRAGMENT] FromElement: 'Enrolment enrolments1_' FromElement{explicit,not a collection join,fetch join,fetch non-lazy properties,classAlias=null,role=org.hibernate.test.querycache.Student.enrolments,tableName=Enrolment,tableAlias=enrolments1_,origin=Student student0_,columns={student0_.studentId ,className=org.hibernate.test.querycache.Enrolment}}

14:18:43,293 DEBUG FromReferenceNode:74 - Resolved : s -> student0_.studentId
14:18:43,293 DEBUG DotNode:599 - getDataType() : preferredCourse -> org.hibernate.type.ManyToOneType(org.hibernate.test.querycache.Course)
14:18:43,293 DEBUG DotNode:389 - dereferenceEntityJoin() : generating join for preferredCourse in org.hibernate.test.querycache.Student (<no alias>) parent = [ {null} ]
14:18:43,293 DEBUG FromElement:157 - FromClause{level=1} : org.hibernate.test.querycache.Course (<no alias>) -> course2_
14:18:43,300 DEBUG FromClause:282 - addJoinByPathMap() : s.preferredCourse -> FromElement{explicit,not a collection join,not a fetch join,fetch non-lazy properties,classAlias=null,role=null,tableName=Course,tableAlias=course2_,origin=Student student0_,columns={student0_.preferredCourseCode ,className=org.hibernate.test.querycache.Course}}
14:18:43,301 DEBUG FromReferenceNode:74 - Resolved : s.preferredCourse -> student0_.preferredCourseCode
14:18:43,301 DEBUG HqlSqlWalker:403 - createFromJoinElement() : -- join tree --
 \-[JOIN_FRAGMENT] FromElement: 'Course course2_' FromElement{explicit,not a collection join,not a fetch join,fetch non-lazy properties,classAlias=null,role=null,tableName=Course,tableAlias=course2_,origin=Student student0_,columns={student0_.preferredCourseCode ,className=org.hibernate.test.querycache.Course}}

14:18:43,301 DEBUG FromReferenceNode:74 - Resolved : s -> student0_.studentId
14:18:43,303 DEBUG DotNode:599 - getDataType() : studentNumber -> org.hibernate.type.LongType@4bf3f9d
14:18:43,303 DEBUG FromReferenceNode:74 - Resolved : s.studentNumber -> student0_.studentId
14:18:43,303 DEBUG HqlSqlWalker:629 - processQuery() :  ( SELECT ( FromClause{level=1} ( Student student0_ Enrolment enrolments1_ Course course2_ ) ) ( order ( student0_.studentId student0_.studentId studentNumber ) ) )
14:18:43,303 DEBUG HqlSqlWalker:869 - Derived SELECT clause created.
14:18:43,303 DEBUG JoinProcessor:175 - Using FROM fragment [Student student0_]
14:18:43,303 DEBUG JoinProcessor:175 - Using FROM fragment [left outer join Enrolment enrolments1_ on student0_.studentId=enrolments1_.studentId]
14:18:43,304 DEBUG JoinProcessor:175 - Using FROM fragment [left outer join Course course2_ on student0_.preferredCourseCode=course2_.courseCode]
14:18:43,304 DEBUG QueryTranslatorImpl:252 - --- SQL AST ---
 \-[SELECT] QueryNode: 'SELECT'  querySpaces (Student,Course,Enrolment)
    +-[SELECT_CLAUSE] SelectClause: '{derived select clause}'
    |  +-[SELECT_EXPR] SelectExpressionImpl: 'student0_.studentId as studentId4_0_' {FromElement{explicit,not a collection join,not a fetch join,fetch non-lazy properties,classAlias=s,role=null,tableName=Student,tableAlias=student0_,origin=null,columns={,className=org.hibernate.test.querycache.Student}}}
    |  +-[SELECT_EXPR] SelectExpressionImpl: 'enrolments1_.studentId as studentId3_1_, enrolments1_.courseCode as courseCode3_1_' {FromElement{explicit,not a collection join,fetch join,fetch non-lazy properties,classAlias=null,role=org.hibernate.test.querycache.Student.enrolments,tableName=Enrolment,tableAlias=enrolments1_,origin=Student student0_,columns={student0_.studentId ,className=org.hibernate.test.querycache.Enrolment}}}
    |  +-[SELECT_EXPR] SelectExpressionImpl: 'course2_.courseCode as courseCode1_2_' {FromElement{explicit,not a collection join,not a fetch join,fetch non-lazy properties,classAlias=null,role=null,tableName=Course,tableAlias=course2_,origin=Student student0_,columns={student0_.preferredCourseCode ,className=org.hibernate.test.querycache.Course}}}
    |  +-[SQL_TOKEN] SqlFragment: 'student0_.name_first as name2_4_0_, student0_.name_middle as name3_4_0_, student0_.name_last as name4_4_0_, student0_.preferredCourseCode as preferre5_4_0_'
    |  +-[SQL_TOKEN] SqlFragment: 'enrolments1_.semester as semester3_1_, enrolments1_."year" as year4_3_1_'
    |  +-[SQL_TOKEN] SqlFragment: 'enrolments1_.studentId as studentId4_0__, enrolments1_.studentId as studentId3_0__, enrolments1_.courseCode as courseCode3_0__'
    |  \-[SQL_TOKEN] SqlFragment: 'course2_.description as descript2_1_2_'
    +-[FROM] FromClause: 'from' FromClause{level=1, fromElementCounter=3, fromElements=3, fromElementByClassAlias=[s], fromElementByTableAlias=[student0_, course2_, enrolments1_], fromElementsByPath=[s.enrolments, s.preferredCourse], collectionJoinFromElementsByPath=[], impliedElements=[]}
    |  \-[FROM_FRAGMENT] FromElement: 'Student student0_' FromElement{explicit,not a collection join,not a fetch join,fetch non-lazy properties,classAlias=s,role=null,tableName=Student,tableAlias=student0_,origin=null,columns={,className=org.hibernate.test.querycache.Student}}
    |     +-[JOIN_FRAGMENT] FromElement: 'left outer join Enrolment enrolments1_ on student0_.studentId=enrolments1_.studentId' FromElement{explicit,not a collection join,fetch join,fetch non-lazy properties,classAlias=null,role=org.hibernate.test.querycache.Student.enrolments,tableName=Enrolment,tableAlias=enrolments1_,origin=Student student0_,columns={student0_.studentId ,className=org.hibernate.test.querycache.Enrolment}}
    |     \-[JOIN_FRAGMENT] FromElement: 'left outer join Course course2_ on student0_.preferredCourseCode=course2_.courseCode' FromElement{explicit,not a collection join,not a fetch join,fetch non-lazy properties,classAlias=null,role=null,tableName=Course,tableAlias=course2_,origin=Student student0_,columns={student0_.preferredCourseCode ,className=org.hibernate.test.querycache.Course}}
    \-[ORDER] OrderByClause: 'order'
       \-[DOT] DotNode: 'student0_.studentId' {propertyName=studentNumber,dereferenceType=ALL,propertyPath=studentNumber,path=s.studentNumber,tableAlias=student0_,className=org.hibernate.test.querycache.Student,classAlias=s}
          +-[ALIAS_REF] IdentNode: 'student0_.studentId' {alias=s, className=org.hibernate.test.querycache.Student, tableAlias=student0_}
          \-[IDENT] IdentNode: 'studentNumber' {originalText=studentNumber}

14:18:43,311 DEBUG ErrorCounter:82 - throwQueryException() : no errors
14:18:43,312 DEBUG QueryTranslatorImpl:235 - HQL: from org.hibernate.test.querycache.Student s left join fetch s.enrolments left join s.preferredCourse order by s.studentNumber
14:18:43,312 DEBUG QueryTranslatorImpl:236 - SQL: select student0_.studentId as studentId4_0_, enrolments1_.studentId as studentId3_1_, enrolments1_.courseCode as courseCode3_1_, course2_.courseCode as courseCode1_2_, student0_.name_first as name2_4_0_, student0_.name_middle as name3_4_0_, student0_.name_last as name4_4_0_, student0_.preferredCourseCode as preferre5_4_0_, enrolments1_.semester as semester3_1_, enrolments1_."year" as year4_3_1_, enrolments1_.studentId as studentId4_0__, enrolments1_.studentId as studentId3_0__, enrolments1_.courseCode as courseCode3_0__, course2_.description as descript2_1_2_ from Student student0_ left outer join Enrolment enrolments1_ on student0_.studentId=enrolments1_.studentId left outer join Course course2_ on student0_.preferredCourseCode=course2_.courseCode order by student0_.studentId
14:18:43,312 DEBUG ErrorCounter:82 - throwQueryException() : no errors
14:18:43,312 DEBUG BaseGeneralDataRegion:46 - Cache[foo.org.hibernate.cache.internal.StandardQueryCache] lookup : key[sql: select student0_.studentId as studentId4_0_, enrolments1_.studentId as studentId3_1_, enrolments1_.courseCode as courseCode3_1_, course2_.courseCode as courseCode1_2_, student0_.name_first as name2_4_0_, student0_.name_middle as name3_4_0_, student0_.name_last as name4_4_0_, student0_.preferredCourseCode as preferre5_4_0_, enrolments1_.semester as semester3_1_, enrolments1_."year" as year4_3_1_, enrolments1_.studentId as studentId4_0__, enrolments1_.studentId as studentId3_0__, enrolments1_.courseCode as courseCode3_0__, course2_.description as descript2_1_2_ from Student student0_ left outer join Enrolment enrolments1_ on student0_.studentId=enrolments1_.studentId left outer join Course course2_ on student0_.preferredCourseCode=course2_.courseCode order by student0_.studentId; parameters: ; named parameters: {}; transformer: org.hibernate.transform.CacheableResultTransformer@2515538]
14:18:43,313 DEBUG SQL:104 - 
    select
        student0_.studentId as studentId4_0_,
        enrolments1_.studentId as studentId3_1_,
        enrolments1_.courseCode as courseCode3_1_,
        course2_.courseCode as courseCode1_2_,
        student0_.name_first as name2_4_0_,
        student0_.name_middle as name3_4_0_,
        student0_.name_last as name4_4_0_,
        student0_.preferredCourseCode as preferre5_4_0_,
        enrolments1_.semester as semester3_1_,
        enrolments1_."year" as year4_3_1_,
        enrolments1_.studentId as studentId4_0__,
        enrolments1_.studentId as studentId3_0__,
        enrolments1_.courseCode as courseCode3_0__,
        course2_.description as descript2_1_2_ 
    from
        Student student0_ 
    left outer join
        Enrolment enrolments1_ 
            on student0_.studentId=enrolments1_.studentId 
    left outer join
        Course course2_ 
            on student0_.preferredCourseCode=course2_.courseCode 
    order by
        student0_.studentId
14:18:43,322 DEBUG SQL:104 - 
    select
        secretcode0_.studentNumber as studentN1_4_0_,
        secretcode0_.secretCode as secretCode5_0_,
        secretcode0_.i as i0_ 
    from
        Student_secretCodes secretcode0_ 
    where
        secretcode0_.studentNumber=?
14:18:43,322 DEBUG SQL:104 - 
    select
        coursemeet0_.courseCode as courseCode1_1_,
        coursemeet0_.courseCode as courseCode2_1_,
        coursemeet0_.day as day2_1_,
        coursemeet0_.period as period2_1_,
        coursemeet0_.location as location2_1_,
        coursemeet0_.courseCode as courseCode2_0_,
        coursemeet0_.day as day2_0_,
        coursemeet0_.period as period2_0_,
        coursemeet0_.location as location2_0_ 
    from
        CourseMeeting coursemeet0_ 
    where
        coursemeet0_.courseCode=?
14:18:43,323 DEBUG SQL:104 - 
    select
        secretcode0_.studentNumber as studentN1_4_0_,
        secretcode0_.secretCode as secretCode5_0_,
        secretcode0_.i as i0_ 
    from
        Student_secretCodes secretcode0_ 
    where
        secretcode0_.studentNumber=?
14:18:43,332 DEBUG BaseGeneralDataRegion:59 - Caching[foo.org.hibernate.cache.internal.StandardQueryCache] : [sql: select student0_.studentId as studentId4_0_, enrolments1_.studentId as studentId3_1_, enrolments1_.courseCode as courseCode3_1_, course2_.courseCode as courseCode1_2_, student0_.name_first as name2_4_0_, student0_.name_middle as name3_4_0_, student0_.name_last as name4_4_0_, student0_.preferredCourseCode as preferre5_4_0_, enrolments1_.semester as semester3_1_, enrolments1_."year" as year4_3_1_, enrolments1_.studentId as studentId4_0__, enrolments1_.studentId as studentId3_0__, enrolments1_.courseCode as courseCode3_0__, course2_.description as descript2_1_2_ from Student student0_ left outer join Enrolment enrolments1_ on student0_.studentId=enrolments1_.studentId left outer join Course course2_ on student0_.preferredCourseCode=course2_.courseCode order by student0_.studentId; parameters: ; named parameters: {}; transformer: org.hibernate.transform.CacheableResultTransformer@2515538] -> [[5579090834767872, [Ljava.io.Serializable;@184fa776, [Ljava.io.Serializable;@157b4072]]
14:18:43,332 DEBUG BaseGeneralDataRegion:46 - Cache[foo.org.hibernate.cache.internal.StandardQueryCache] lookup : key[sql: select student0_.studentId as studentId4_0_, enrolments1_.studentId as studentId3_1_, enrolments1_.courseCode as courseCode3_1_, course2_.courseCode as courseCode1_2_, student0_.name_first as name2_4_0_, student0_.name_middle as name3_4_0_, student0_.name_last as name4_4_0_, student0_.preferredCourseCode as preferre5_4_0_, enrolments1_.semester as semester3_1_, enrolments1_."year" as year4_3_1_, enrolments1_.studentId as studentId4_0__, enrolments1_.studentId as studentId3_0__, enrolments1_.courseCode as courseCode3_0__, course2_.description as descript2_1_2_ from Student student0_ left outer join Enrolment enrolments1_ on student0_.studentId=enrolments1_.studentId left outer join Course course2_ on student0_.preferredCourseCode=course2_.courseCode order by student0_.studentId; parameters: ; named parameters: {}; transformer: org.hibernate.transform.CacheableResultTransformer@2515538]
14:18:43,333 DEBUG BaseGeneralDataRegion:52 - Cache[foo.org.hibernate.cache.internal.StandardQueryCache] hit: sql: select student0_.studentId as studentId4_0_, enrolments1_.studentId as studentId3_1_, enrolments1_.courseCode as courseCode3_1_, course2_.courseCode as courseCode1_2_, student0_.name_first as name2_4_0_, student0_.name_middle as name3_4_0_, student0_.name_last as name4_4_0_, student0_.preferredCourseCode as preferre5_4_0_, enrolments1_.semester as semester3_1_, enrolments1_."year" as year4_3_1_, enrolments1_.studentId as studentId4_0__, enrolments1_.studentId as studentId3_0__, enrolments1_.courseCode as courseCode3_0__, course2_.description as descript2_1_2_ from Student student0_ left outer join Enrolment enrolments1_ on student0_.studentId=enrolments1_.studentId left outer join Course course2_ on student0_.preferredCourseCode=course2_.courseCode order by student0_.studentId; parameters: ; named parameters: {}; transformer: org.hibernate.transform.CacheableResultTransformer@2515538
14:18:43,333 DEBUG BaseGeneralDataRegion:46 - Cache[foo.org.hibernate.cache.spi.UpdateTimestampsCache] lookup : key[Student]
14:18:43,333 DEBUG BaseGeneralDataRegion:52 - Cache[foo.org.hibernate.cache.spi.UpdateTimestampsCache] hit: Student
14:18:43,333 DEBUG BaseGeneralDataRegion:46 - Cache[foo.org.hibernate.cache.spi.UpdateTimestampsCache] lookup : key[Course]
14:18:43,333 DEBUG BaseGeneralDataRegion:52 - Cache[foo.org.hibernate.cache.spi.UpdateTimestampsCache] hit: Course
14:18:43,334 DEBUG BaseGeneralDataRegion:46 - Cache[foo.org.hibernate.cache.spi.UpdateTimestampsCache] lookup : key[Enrolment]
14:18:43,334 DEBUG BaseGeneralDataRegion:52 - Cache[foo.org.hibernate.cache.spi.UpdateTimestampsCache] hit: Enrolment
14:18:43,334 DEBUG SQL:104 - 
    select
        student0_.studentId as studentId4_0_,
        student0_.name_first as name2_4_0_,
        student0_.name_middle as name3_4_0_,
        student0_.name_last as name4_4_0_,
        student0_.preferredCourseCode as preferre5_4_0_ 
    from
        Student student0_ 
    where
        student0_.studentId=?
14:18:43,335 DEBUG SQL:104 - 
    select
        secretcode0_.studentNumber as studentN1_4_0_,
        secretcode0_.secretCode as secretCode5_0_,
        secretcode0_.i as i0_ 
    from
        Student_secretCodes secretcode0_ 
    where
        secretcode0_.studentNumber=?
14:18:43,342 DEBUG SQL:104 - 
    select
        course0_.courseCode as courseCode1_0_,
        course0_.description as descript2_1_0_ 
    from
        Course course0_ 
    where
        course0_.courseCode=?
14:18:43,343 DEBUG SQL:104 - 
    select
        coursemeet0_.courseCode as courseCode1_1_,
        coursemeet0_.courseCode as courseCode2_1_,
        coursemeet0_.day as day2_1_,
        coursemeet0_.period as period2_1_,
        coursemeet0_.location as location2_1_,
        coursemeet0_.courseCode as courseCode2_0_,
        coursemeet0_.day as day2_0_,
        coursemeet0_.period as period2_0_,
        coursemeet0_.location as location2_0_ 
    from
        CourseMeeting coursemeet0_ 
    where
        coursemeet0_.courseCode=?
14:18:43,344 DEBUG SQL:104 - 
    select
        student0_.studentId as studentId4_0_,
        student0_.name_first as name2_4_0_,
        student0_.name_middle as name3_4_0_,
        student0_.name_last as name4_4_0_,
        student0_.preferredCourseCode as preferre5_4_0_ 
    from
        Student student0_ 
    where
        student0_.studentId=?
14:18:43,353 DEBUG SQL:104 - 
    select
        secretcode0_.studentNumber as studentN1_4_0_,
        secretcode0_.secretCode as secretCode5_0_,
        secretcode0_.i as i0_ 
    from
        Student_secretCodes secretcode0_ 
    where
        secretcode0_.studentNumber=?
14:18:43,354 DEBUG SQL:104 - 
    select
        student_.studentId,
        student_.name_first as name2_4_,
        student_.name_middle as name3_4_,
        student_.name_last as name4_4_,
        student_.preferredCourseCode as preferre5_4_ 
    from
        Student student_ 
    where
        student_.studentId=?
14:18:43,355 DEBUG SQL:104 - 
    select
        enrolment_.studentId,
        enrolment_.courseCode,
        enrolment_.semester as semester3_,
        enrolment_."year" as year4_3_ 
    from
        Enrolment enrolment_ 
    where
        enrolment_.studentId=? 
        and enrolment_.courseCode=?
14:18:43,356 DEBUG SQL:104 - 
    select
        course_.courseCode,
        course_.description as descript2_1_ 
    from
        Course course_ 
    where
        course_.courseCode=?
14:18:43,356 DEBUG SQL:104 - 
    select
        student_.studentId,
        student_.name_first as name2_4_,
        student_.name_middle as name3_4_,
        student_.name_last as name4_4_,
        student_.preferredCourseCode as preferre5_4_ 
    from
        Student student_ 
    where
        student_.studentId=?
14:18:43,366 DEBUG SQL:104 - 
    select
        enrolment_.studentId,
        enrolment_.courseCode,
        enrolment_.semester as semester3_,
        enrolment_."year" as year4_3_ 
    from
        Enrolment enrolment_ 
    where
        enrolment_.studentId=? 
        and enrolment_.courseCode=?
14:18:43,368 DEBUG SQL:104 - 
    select
        coursemeet_.courseCode,
        coursemeet_.day,
        coursemeet_.period,
        coursemeet_.location 
    from
        CourseMeeting coursemeet_ 
    where
        coursemeet_.courseCode=? 
        and coursemeet_.day=? 
        and coursemeet_.period=? 
        and coursemeet_.location=?
14:18:43,368 DEBUG SQL:104 - 
    select
        coursemeet_.courseCode,
        coursemeet_.day,
        coursemeet_.period,
        coursemeet_.location 
    from
        CourseMeeting coursemeet_ 
    where
        coursemeet_.courseCode=? 
        and coursemeet_.day=? 
        and coursemeet_.period=? 
        and coursemeet_.location=?
14:18:43,378 DEBUG BaseGeneralDataRegion:59 - Caching[foo.org.hibernate.cache.spi.UpdateTimestampsCache] : [Enrolment] -> [5579091080716288]
14:18:43,379 DEBUG SQL:104 - 
    update
        Address 
    set
        studentNumber=null,
        addressType=null 
    where
        studentNumber=?
14:18:43,379 DEBUG BaseGeneralDataRegion:59 - Caching[foo.org.hibernate.cache.spi.UpdateTimestampsCache] : [Address] -> [5579091080720384]
14:18:43,379 DEBUG SQL:104 - 
    delete 
    from
        Student_secretCodes 
    where
        studentNumber=?
14:18:43,379 DEBUG BaseGeneralDataRegion:59 - Caching[foo.org.hibernate.cache.spi.UpdateTimestampsCache] : [Student_secretCodes] -> [5579091080720385]
14:18:43,379 DEBUG BaseGeneralDataRegion:59 - Caching[foo.org.hibernate.cache.spi.UpdateTimestampsCache] : [Enrolment] -> [5579091080720386]
14:18:43,379 DEBUG BaseGeneralDataRegion:59 - Caching[foo.org.hibernate.cache.spi.UpdateTimestampsCache] : [Address] -> [5579091080720387]
14:18:43,379 DEBUG SQL:104 - 
    delete 
    from
        Student_secretCodes 
    where
        studentNumber=?
14:18:43,380 DEBUG BaseGeneralDataRegion:59 - Caching[foo.org.hibernate.cache.spi.UpdateTimestampsCache] : [Student_secretCodes] -> [5579091080724480]
14:18:43,380 DEBUG BaseGeneralDataRegion:59 - Caching[foo.org.hibernate.cache.spi.UpdateTimestampsCache] : [CourseMeeting] -> [5579091080724481]
14:18:43,380 DEBUG SQL:104 - 
    delete 
    from
        Enrolment 
    where
        studentId=? 
        and courseCode=?
14:18:43,380 DEBUG BaseGeneralDataRegion:59 - Caching[foo.org.hibernate.cache.spi.UpdateTimestampsCache] : [Enrolment] -> [5579091080724482]
14:18:43,380 DEBUG SQL:104 - 
    delete 
    from
        Address 
    where
        id=?
14:18:43,400 DEBUG BaseGeneralDataRegion:59 - Caching[foo.org.hibernate.cache.spi.UpdateTimestampsCache] : [Address] -> [5579091080806400]
14:18:43,401 DEBUG SQL:104 - 
    delete 
    from
        Address 
    where
        id=?
14:18:43,401 DEBUG BaseGeneralDataRegion:59 - Caching[foo.org.hibernate.cache.spi.UpdateTimestampsCache] : [Address] -> [5579091080810496]
14:18:43,401 DEBUG SQL:104 - 
    delete 
    from
        Student 
    where
        studentId=?
14:18:43,401 DEBUG BaseGeneralDataRegion:59 - Caching[foo.org.hibernate.cache.spi.UpdateTimestampsCache] : [Student] -> [5579091080810497]
14:18:43,401 DEBUG SQL:104 - 
    delete 
    from
        Enrolment 
    where
        studentId=? 
        and courseCode=?
14:18:43,402 DEBUG BaseGeneralDataRegion:59 - Caching[foo.org.hibernate.cache.spi.UpdateTimestampsCache] : [Enrolment] -> [5579091080814592]
14:18:43,402 DEBUG SQL:104 - 
    delete 
    from
        Student 
    where
        studentId=?
14:18:43,412 DEBUG BaseGeneralDataRegion:59 - Caching[foo.org.hibernate.cache.spi.UpdateTimestampsCache] : [Student] -> [5579091080855552]
14:18:43,412 DEBUG SQL:104 - 
    delete 
    from
        CourseMeeting 
    where
        courseCode=? 
        and day=? 
        and period=? 
        and location=?
14:18:43,412 DEBUG BaseGeneralDataRegion:59 - Caching[foo.org.hibernate.cache.spi.UpdateTimestampsCache] : [CourseMeeting] -> [5579091080855553]
14:18:43,412 DEBUG SQL:104 - 
    delete 
    from
        CourseMeeting 
    where
        courseCode=? 
        and day=? 
        and period=? 
        and location=?
14:18:43,412 DEBUG BaseGeneralDataRegion:59 - Caching[foo.org.hibernate.cache.spi.UpdateTimestampsCache] : [CourseMeeting] -> [5579091080855554]
14:18:43,413 DEBUG SQL:104 - 
    delete 
    from
        Course 
    where
        courseCode=?
14:18:43,413 DEBUG BaseGeneralDataRegion:59 - Caching[foo.org.hibernate.cache.spi.UpdateTimestampsCache] : [Course] -> [5579091080859648]
14:18:43,422 DEBUG BaseGeneralDataRegion:59 - Caching[foo.org.hibernate.cache.spi.UpdateTimestampsCache] : [Student] -> [5579090835136512]
14:18:43,422 DEBUG BaseGeneralDataRegion:59 - Caching[foo.org.hibernate.cache.spi.UpdateTimestampsCache] : [Course] -> [5579090835136512]
14:18:43,422 DEBUG BaseGeneralDataRegion:59 - Caching[foo.org.hibernate.cache.spi.UpdateTimestampsCache] : [Enrolment] -> [5579090835136512]
14:18:43,422 DEBUG BaseGeneralDataRegion:59 - Caching[foo.org.hibernate.cache.spi.UpdateTimestampsCache] : [Student_secretCodes] -> [5579090835136512]
14:18:43,422 DEBUG BaseGeneralDataRegion:59 - Caching[foo.org.hibernate.cache.spi.UpdateTimestampsCache] : [Address] -> [5579090835136512]
14:18:43,422 DEBUG BaseGeneralDataRegion:59 - Caching[foo.org.hibernate.cache.spi.UpdateTimestampsCache] : [CourseMeeting] -> [5579090835136512]
14:18:43,423  INFO CustomRunner:139 - Test: testJoinWithFetchJoinWithAliasedJoinedAndOwnerProjectedListHql
14:18:43,424 DEBUG SQL:104 - 
    select
        coursemeet_.courseCode,
        coursemeet_.day,
        coursemeet_.period,
        coursemeet_.location 
    from
        CourseMeeting coursemeet_ 
    where
        coursemeet_.courseCode=? 
        and coursemeet_.day=? 
        and coursemeet_.period=? 
        and coursemeet_.location=?
14:18:43,424 DEBUG SQL:104 - 
    select
        coursemeet_.courseCode,
        coursemeet_.day,
        coursemeet_.period,
        coursemeet_.location 
    from
        CourseMeeting coursemeet_ 
    where
        coursemeet_.courseCode=? 
        and coursemeet_.day=? 
        and coursemeet_.period=? 
        and coursemeet_.location=?
14:18:43,434 DEBUG SQL:104 - 
    insert 
    into
        Course
        (description, courseCode) 
    values
        (?, ?)
14:18:43,434 DEBUG BaseGeneralDataRegion:59 - Caching[foo.org.hibernate.cache.spi.UpdateTimestampsCache] : [Course] -> [5579091080945664]
14:18:43,434 DEBUG SQL:104 - 
    insert 
    into
        CourseMeeting
        (courseCode, day, period, location) 
    values
        (?, ?, ?, ?)
14:18:43,434 DEBUG BaseGeneralDataRegion:59 - Caching[foo.org.hibernate.cache.spi.UpdateTimestampsCache] : [CourseMeeting] -> [5579091080945665]
14:18:43,435 DEBUG SQL:104 - 
    insert 
    into
        CourseMeeting
        (courseCode, day, period, location) 
    values
        (?, ?, ?, ?)
14:18:43,435 DEBUG BaseGeneralDataRegion:59 - Caching[foo.org.hibernate.cache.spi.UpdateTimestampsCache] : [CourseMeeting] -> [5579091080949760]
14:18:43,444 DEBUG SQL:104 - 
    insert 
    into
        Student
        (name_first, name_middle, name_last, preferredCourseCode, studentId) 
    values
        (?, ?, ?, ?, ?)
14:18:43,444 DEBUG BaseGeneralDataRegion:59 - Caching[foo.org.hibernate.cache.spi.UpdateTimestampsCache] : [Student] -> [5579091080986624]
14:18:43,444 DEBUG SQL:104 - 
    insert 
    into
        Address
        (addressType, street, city, stateProvince, postalCode, country, studentNumber, id) 
    values
        (?, ?, ?, ?, ?, ?, ?, ?)
14:18:43,444 DEBUG BaseGeneralDataRegion:59 - Caching[foo.org.hibernate.cache.spi.UpdateTimestampsCache] : [Address] -> [5579091080986625]
14:18:43,444 DEBUG SQL:104 - 
    insert 
    into
        Address
        (addressType, street, city, stateProvince, postalCode, country, studentNumber, id) 
    values
        (?, ?, ?, ?, ?, ?, ?, ?)
14:18:43,445 DEBUG BaseGeneralDataRegion:59 - Caching[foo.org.hibernate.cache.spi.UpdateTimestampsCache] : [Address] -> [5579091080990720]
14:18:43,445 DEBUG SQL:104 - 
    insert 
    into
        Student
        (name_first, name_middle, name_last, preferredCourseCode, studentId) 
    values
        (?, ?, ?, ?, ?)
14:18:43,455 DEBUG BaseGeneralDataRegion:59 - Caching[foo.org.hibernate.cache.spi.UpdateTimestampsCache] : [Student] -> [5579091081031680]
14:18:43,455 DEBUG SQL:104 - 
    insert 
    into
        Enrolment
        (semester, "year", studentId, courseCode) 
    values
        (?, ?, ?, ?)
14:18:43,455 DEBUG BaseGeneralDataRegion:59 - Caching[foo.org.hibernate.cache.spi.UpdateTimestampsCache] : [Enrolment] -> [5579091081031681]
14:18:43,455 DEBUG SQL:104 - 
    insert 
    into
        Enrolment
        (semester, "year", studentId, courseCode) 
    values
        (?, ?, ?, ?)
14:18:43,455 DEBUG BaseGeneralDataRegion:59 - Caching[foo.org.hibernate.cache.spi.UpdateTimestampsCache] : [Enrolment] -> [5579091081031682]
14:18:43,456 DEBUG BaseGeneralDataRegion:59 - Caching[foo.org.hibernate.cache.spi.UpdateTimestampsCache] : [CourseMeeting] -> [5579091081035776]
14:18:43,456 DEBUG BaseGeneralDataRegion:59 - Caching[foo.org.hibernate.cache.spi.UpdateTimestampsCache] : [Enrolment] -> [5579091081035777]
14:18:43,456 DEBUG SQL:104 - 
    update
        Address 
    set
        studentNumber=?,
        addressType=? 
    where
        id=?
14:18:43,456 DEBUG SQL:104 - 
    update
        Address 
    set
        studentNumber=?,
        addressType=? 
    where
        id=?
14:18:43,466 DEBUG BaseGeneralDataRegion:59 - Caching[foo.org.hibernate.cache.spi.UpdateTimestampsCache] : [Address] -> [5579091081076736]
14:18:43,467 DEBUG SQL:104 - 
    insert 
    into
        Student_secretCodes
        (studentNumber, i, secretCode) 
    values
        (?, ?, ?)
14:18:43,467 DEBUG BaseGeneralDataRegion:59 - Caching[foo.org.hibernate.cache.spi.UpdateTimestampsCache] : [Student_secretCodes] -> [5579091081080832]
14:18:43,468 DEBUG BaseGeneralDataRegion:59 - Caching[foo.org.hibernate.cache.spi.UpdateTimestampsCache] : [Enrolment] -> [5579091081084928]
14:18:43,468 DEBUG BaseGeneralDataRegion:59 - Caching[foo.org.hibernate.cache.spi.UpdateTimestampsCache] : [Address] -> [5579091081084929]
14:18:43,468 DEBUG SQL:104 - 
    insert 
    into
        Student_secretCodes
        (studentNumber, i, secretCode) 
    values
        (?, ?, ?)
14:18:43,468 DEBUG SQL:104 - 
    insert 
    into
        Student_secretCodes
        (studentNumber, i, secretCode) 
    values
        (?, ?, ?)
14:18:43,478 DEBUG BaseGeneralDataRegion:59 - Caching[foo.org.hibernate.cache.spi.UpdateTimestampsCache] : [Student_secretCodes] -> [5579091081125888]
14:18:43,479 DEBUG BaseGeneralDataRegion:59 - Caching[foo.org.hibernate.cache.spi.UpdateTimestampsCache] : [Student] -> [5579090835369984]
14:18:43,479 DEBUG BaseGeneralDataRegion:59 - Caching[foo.org.hibernate.cache.spi.UpdateTimestampsCache] : [Course] -> [5579090835369984]
14:18:43,479 DEBUG BaseGeneralDataRegion:59 - Caching[foo.org.hibernate.cache.spi.UpdateTimestampsCache] : [Enrolment] -> [5579090835369984]
14:18:43,479 DEBUG BaseGeneralDataRegion:59 - Caching[foo.org.hibernate.cache.spi.UpdateTimestampsCache] : [Student_secretCodes] -> [5579090835369984]
14:18:43,479 DEBUG BaseGeneralDataRegion:59 - Caching[foo.org.hibernate.cache.spi.UpdateTimestampsCache] : [Address] -> [5579090835369984]
14:18:43,479 DEBUG BaseGeneralDataRegion:59 - Caching[foo.org.hibernate.cache.spi.UpdateTimestampsCache] : [CourseMeeting] -> [5579090835369984]
14:18:43,479 DEBUG QueryTranslatorImpl:265 - parse() - HQL: select pc, s from org.hibernate.test.querycache.Student s left join fetch s.enrolments left join s.preferredCourse pc order by s.studentNumber
14:18:43,481 DEBUG QueryTranslatorImpl:283 - --- HQL AST ---
 \-[QUERY] Node: 'query'
    +-[SELECT_FROM] Node: 'SELECT_FROM'
    |  +-[FROM] Node: 'from'
    |  |  +-[RANGE] Node: 'RANGE'
    |  |  |  +-[DOT] Node: '.'
    |  |  |  |  +-[DOT] Node: '.'
    |  |  |  |  |  +-[DOT] Node: '.'
    |  |  |  |  |  |  +-[DOT] Node: '.'
    |  |  |  |  |  |  |  +-[IDENT] Node: 'org'
    |  |  |  |  |  |  |  \-[IDENT] Node: 'hibernate'
    |  |  |  |  |  |  \-[IDENT] Node: 'test'
    |  |  |  |  |  \-[IDENT] Node: 'querycache'
    |  |  |  |  \-[IDENT] Node: 'Student'
    |  |  |  \-[ALIAS] Node: 's'
    |  |  +-[JOIN] Node: 'join'
    |  |  |  +-[LEFT] Node: 'left'
    |  |  |  +-[FETCH] Node: 'fetch'
    |  |  |  \-[DOT] Node: '.'
    |  |  |     +-[IDENT] Node: 's'
    |  |  |     \-[IDENT] Node: 'enrolments'
    |  |  \-[JOIN] Node: 'join'
    |  |     +-[LEFT] Node: 'left'
    |  |     +-[DOT] Node: '.'
    |  |     |  +-[IDENT] Node: 's'
    |  |     |  \-[IDENT] Node: 'preferredCourse'
    |  |     \-[ALIAS] Node: 'pc'
    |  \-[SELECT] Node: 'select'
    |     +-[IDENT] Node: 'pc'
    |     \-[IDENT] Node: 's'
    \-[ORDER] Node: 'order'
       \-[DOT] Node: '.'
          +-[IDENT] Node: 's'
          \-[IDENT] Node: 'studentNumber'

14:18:43,482 DEBUG ErrorCounter:82 - throwQueryException() : no errors
14:18:43,482 DEBUG FromElement:157 - FromClause{level=1} : org.hibernate.test.querycache.Student (s) -> student0_
14:18:43,483 DEBUG FromReferenceNode:74 - Resolved : s -> student0_.studentId
14:18:43,483 DEBUG DotNode:599 - getDataType() : enrolments -> org.hibernate.type.SetType(org.hibernate.test.querycache.Student.enrolments)
14:18:43,483 DEBUG FromElementFactory:376 - createEntityAssociation() : One to many - path = s.enrolments role = org.hibernate.test.querycache.Student.enrolments associatedEntityName = org.hibernate.test.querycache.Enrolment
14:18:43,483 DEBUG FromElement:157 - FromClause{level=1} : org.hibernate.test.querycache.Enrolment (<no alias>) -> enrolments1_
14:18:43,483 DEBUG FromClause:282 - addJoinByPathMap() : s.enrolments -> FromElement{explicit,not a collection join,not a fetch join,fetch non-lazy properties,classAlias=null,role=null,tableName=Enrolment,tableAlias=enrolments1_,origin=Student student0_,columns={student0_.studentId ,className=org.hibernate.test.querycache.Enrolment}}
14:18:43,483 DEBUG DotNode:308 - dereferenceCollection() : Created new FROM element for s.enrolments : Enrolment enrolments1_
14:18:43,483 DEBUG FromReferenceNode:74 - Resolved : s.enrolments -> .
14:18:43,483 DEBUG HqlSqlWalker:403 - createFromJoinElement() : -- join tree --
 \-[JOIN_FRAGMENT] FromElement: 'Enrolment enrolments1_' FromElement{explicit,not a collection join,fetch join,fetch non-lazy properties,classAlias=null,role=org.hibernate.test.querycache.Student.enrolments,tableName=Enrolment,tableAlias=enrolments1_,origin=Student student0_,columns={student0_.studentId ,className=org.hibernate.test.querycache.Enrolment}}

14:18:43,484 DEBUG FromReferenceNode:74 - Resolved : s -> student0_.studentId
14:18:43,484 DEBUG DotNode:599 - getDataType() : preferredCourse -> org.hibernate.type.ManyToOneType(org.hibernate.test.querycache.Course)
14:18:43,484 DEBUG DotNode:389 - dereferenceEntityJoin() : generating join for preferredCourse in org.hibernate.test.querycache.Student (pc) parent = [ {null} ]
14:18:43,484 DEBUG FromElement:157 - FromClause{level=1} : org.hibernate.test.querycache.Course (pc) -> course2_
14:18:43,484 DEBUG FromClause:282 - addJoinByPathMap() : s.preferredCourse -> FromElement{explicit,not a collection join,not a fetch join,fetch non-lazy properties,classAlias=pc,role=null,tableName=Course,tableAlias=course2_,origin=Student student0_,columns={student0_.preferredCourseCode ,className=org.hibernate.test.querycache.Course}}
14:18:43,491 DEBUG FromReferenceNode:74 - Resolved : s.preferredCourse -> student0_.preferredCourseCode
14:18:43,493 DEBUG HqlSqlWalker:403 - createFromJoinElement() : -- join tree --
 \-[JOIN_FRAGMENT] FromElement: 'Course course2_' FromElement{explicit,not a collection join,not a fetch join,fetch non-lazy properties,classAlias=pc,role=null,tableName=Course,tableAlias=course2_,origin=Student student0_,columns={student0_.preferredCourseCode ,className=org.hibernate.test.querycache.Course}}

14:18:43,493 DEBUG FromReferenceNode:74 - Resolved : pc -> course2_.courseCode
14:18:43,493 DEBUG FromReferenceNode:74 - Resolved : s -> student0_.studentId
14:18:43,494 DEBUG FromReferenceNode:74 - Resolved : s -> student0_.studentId
14:18:43,494 DEBUG DotNode:599 - getDataType() : studentNumber -> org.hibernate.type.LongType@4bf3f9d
14:18:43,494 DEBUG FromReferenceNode:74 - Resolved : s.studentNumber -> student0_.studentId
14:18:43,494 DEBUG HqlSqlWalker:629 - processQuery() :  ( SELECT ( {select clause} course2_.courseCode student0_.studentId ) ( FromClause{level=1} ( Student student0_ Enrolment enrolments1_ Course course2_ ) ) ( order ( student0_.studentId student0_.studentId studentNumber ) ) )
14:18:43,494 DEBUG JoinProcessor:175 - Using FROM fragment [Student student0_]
14:18:43,494 DEBUG JoinProcessor:175 - Using FROM fragment [left outer join Enrolment enrolments1_ on student0_.studentId=enrolments1_.studentId]
14:18:43,494 DEBUG JoinProcessor:175 - Using FROM fragment [left outer join Course course2_ on student0_.preferredCourseCode=course2_.courseCode]
14:18:43,495 DEBUG QueryTranslatorImpl:252 - --- SQL AST ---
 \-[SELECT] QueryNode: 'SELECT'  querySpaces (Student,Course,Enrolment)
    +-[SELECT_CLAUSE] SelectClause: '{select clause}'
    |  +-[ALIAS_REF] IdentNode: 'course2_.courseCode as courseCode1_0_' {alias=pc, className=org.hibernate.test.querycache.Course, tableAlias=course2_}
    |  +-[ALIAS_REF] IdentNode: 'student0_.studentId as studentId4_1_' {alias=s, className=org.hibernate.test.querycache.Student, tableAlias=student0_}
    |  +-[SELECT_EXPR] SelectExpressionImpl: 'enrolments1_.studentId as studentId3_2_, enrolments1_.courseCode as courseCode3_2_' {FromElement{explicit,not a collection join,fetch join,fetch non-lazy properties,classAlias=null,role=org.hibernate.test.querycache.Student.enrolments,tableName=Enrolment,tableAlias=enrolments1_,origin=Student student0_,columns={student0_.studentId ,className=org.hibernate.test.querycache.Enrolment}}}
    |  +-[SQL_TOKEN] SqlFragment: 'course2_.description as descript2_1_0_'
    |  +-[SQL_TOKEN] SqlFragment: 'student0_.name_first as name2_4_1_, student0_.name_middle as name3_4_1_, student0_.name_last as name4_4_1_, student0_.preferredCourseCode as preferre5_4_1_'
    |  +-[SQL_TOKEN] SqlFragment: 'enrolments1_.semester as semester3_2_, enrolments1_."year" as year4_3_2_'
    |  \-[SQL_TOKEN] SqlFragment: 'enrolments1_.studentId as studentId4_0__, enrolments1_.studentId as studentId3_0__, enrolments1_.courseCode as courseCode3_0__'
    +-[FROM] FromClause: 'from' FromClause{level=1, fromElementCounter=3, fromElements=3, fromElementByClassAlias=[s, pc], fromElementByTableAlias=[student0_, course2_, enrolments1_], fromElementsByPath=[s.enrolments, s.preferredCourse], collectionJoinFromElementsByPath=[], impliedElements=[]}
    |  \-[FROM_FRAGMENT] FromElement: 'Student student0_' FromElement{explicit,not a collection join,not a fetch join,fetch non-lazy properties,classAlias=s,role=null,tableName=Student,tableAlias=student0_,origin=null,columns={,className=org.hibernate.test.querycache.Student}}
    |     +-[JOIN_FRAGMENT] FromElement: 'left outer join Enrolment enrolments1_ on student0_.studentId=enrolments1_.studentId' FromElement{explicit,not a collection join,fetch join,fetch non-lazy properties,classAlias=null,role=org.hibernate.test.querycache.Student.enrolments,tableName=Enrolment,tableAlias=enrolments1_,origin=Student student0_,columns={student0_.studentId ,className=org.hibernate.test.querycache.Enrolment}}
    |     \-[JOIN_FRAGMENT] FromElement: 'left outer join Course course2_ on student0_.preferredCourseCode=course2_.courseCode' FromElement{explicit,not a collection join,not a fetch join,fetch non-lazy properties,classAlias=pc,role=null,tableName=Course,tableAlias=course2_,origin=Student student0_,columns={student0_.preferredCourseCode ,className=org.hibernate.test.querycache.Course}}
    \-[ORDER] OrderByClause: 'order'
       \-[DOT] DotNode: 'student0_.studentId' {propertyName=studentNumber,dereferenceType=ALL,propertyPath=studentNumber,path=s.studentNumber,tableAlias=student0_,className=org.hibernate.test.querycache.Student,classAlias=s}
          +-[ALIAS_REF] IdentNode: 'student0_.studentId' {alias=s, className=org.hibernate.test.querycache.Student, tableAlias=student0_}
          \-[IDENT] IdentNode: 'studentNumber' {originalText=studentNumber}

14:18:43,501 DEBUG ErrorCounter:82 - throwQueryException() : no errors
14:18:43,502 DEBUG QueryTranslatorImpl:235 - HQL: select pc, s from org.hibernate.test.querycache.Student s left join fetch s.enrolments left join s.preferredCourse pc order by s.studentNumber
14:18:43,502 DEBUG QueryTranslatorImpl:236 - SQL: select course2_.courseCode as courseCode1_0_, student0_.studentId as studentId4_1_, enrolments1_.studentId as studentId3_2_, enrolments1_.courseCode as courseCode3_2_, course2_.description as descript2_1_0_, student0_.name_first as name2_4_1_, student0_.name_middle as name3_4_1_, student0_.name_last as name4_4_1_, student0_.preferredCourseCode as preferre5_4_1_, enrolments1_.semester as semester3_2_, enrolments1_."year" as year4_3_2_, enrolments1_.studentId as studentId4_0__, enrolments1_.studentId as studentId3_0__, enrolments1_.courseCode as courseCode3_0__ from Student student0_ left outer join Enrolment enrolments1_ on student0_.studentId=enrolments1_.studentId left outer join Course course2_ on student0_.preferredCourseCode=course2_.courseCode order by student0_.studentId
14:18:43,502 DEBUG ErrorCounter:82 - throwQueryException() : no errors
14:18:43,502 DEBUG BaseGeneralDataRegion:46 - Cache[foo.org.hibernate.cache.internal.StandardQueryCache] lookup : key[sql: select course2_.courseCode as courseCode1_0_, student0_.studentId as studentId4_1_, enrolments1_.studentId as studentId3_2_, enrolments1_.courseCode as courseCode3_2_, course2_.description as descript2_1_0_, student0_.name_first as name2_4_1_, student0_.name_middle as name3_4_1_, student0_.name_last as name4_4_1_, student0_.preferredCourseCode as preferre5_4_1_, enrolments1_.semester as semester3_2_, enrolments1_."year" as year4_3_2_, enrolments1_.studentId as studentId4_0__, enrolments1_.studentId as studentId3_0__, enrolments1_.courseCode as courseCode3_0__ from Student student0_ left outer join Enrolment enrolments1_ on student0_.studentId=enrolments1_.studentId left outer join Course course2_ on student0_.preferredCourseCode=course2_.courseCode order by student0_.studentId; parameters: ; named parameters: {}; transformer: org.hibernate.transform.CacheableResultTransformer@2513f6c]
14:18:43,502 DEBUG SQL:104 - 
    select
        course2_.courseCode as courseCode1_0_,
        student0_.studentId as studentId4_1_,
        enrolments1_.studentId as studentId3_2_,
        enrolments1_.courseCode as courseCode3_2_,
        course2_.description as descript2_1_0_,
        student0_.name_first as name2_4_1_,
        student0_.name_middle as name3_4_1_,
        student0_.name_last as name4_4_1_,
        student0_.preferredCourseCode as preferre5_4_1_,
        enrolments1_.semester as semester3_2_,
        enrolments1_."year" as year4_3_2_,
        enrolments1_.studentId as studentId4_0__,
        enrolments1_.studentId as studentId3_0__,
        enrolments1_.courseCode as courseCode3_0__ 
    from
        Student student0_ 
    left outer join
        Enrolment enrolments1_ 
            on student0_.studentId=enrolments1_.studentId 
    left outer join
        Course course2_ 
            on student0_.preferredCourseCode=course2_.courseCode 
    order by
        student0_.studentId
14:18:43,503 DEBUG SQL:104 - 
    select
        secretcode0_.studentNumber as studentN1_4_0_,
        secretcode0_.secretCode as secretCode5_0_,
        secretcode0_.i as i0_ 
    from
        Student_secretCodes secretcode0_ 
    where
        secretcode0_.studentNumber=?
14:18:43,504 DEBUG SQL:104 - 
    select
        secretcode0_.studentNumber as studentN1_4_0_,
        secretcode0_.secretCode as secretCode5_0_,
        secretcode0_.i as i0_ 
    from
        Student_secretCodes secretcode0_ 
    where
        secretcode0_.studentNumber=?
14:18:43,526 DEBUG SQL:104 - 
    select
        coursemeet0_.courseCode as courseCode1_1_,
        coursemeet0_.courseCode as courseCode2_1_,
        coursemeet0_.day as day2_1_,
        coursemeet0_.period as period2_1_,
        coursemeet0_.location as location2_1_,
        coursemeet0_.courseCode as courseCode2_0_,
        coursemeet0_.day as day2_0_,
        coursemeet0_.period as period2_0_,
        coursemeet0_.location as location2_0_ 
    from
        CourseMeeting coursemeet0_ 
    where
        coursemeet0_.courseCode=?
14:18:43,526 DEBUG BaseGeneralDataRegion:59 - Caching[foo.org.hibernate.cache.internal.StandardQueryCache] : [sql: select course2_.courseCode as courseCode1_0_, student0_.studentId as studentId4_1_, enrolments1_.studentId as studentId3_2_, enrolments1_.courseCode as courseCode3_2_, course2_.description as descript2_1_0_, student0_.name_first as name2_4_1_, student0_.name_middle as name3_4_1_, student0_.name_last as name4_4_1_, student0_.preferredCourseCode as preferre5_4_1_, enrolments1_.semester as semester3_2_, enrolments1_."year" as year4_3_2_, enrolments1_.studentId as studentId4_0__, enrolments1_.studentId as studentId3_0__, enrolments1_.courseCode as courseCode3_0__ from Student student0_ left outer join Enrolment enrolments1_ on student0_.studentId=enrolments1_.studentId left outer join Course course2_ on student0_.preferredCourseCode=course2_.courseCode order by student0_.studentId; parameters: ; named parameters: {}; transformer: org.hibernate.transform.CacheableResultTransformer@2513f6c] -> [[5579090835562496, [Ljava.io.Serializable;@19470427, [Ljava.io.Serializable;@561a968]]
14:18:43,527 DEBUG BaseGeneralDataRegion:46 - Cache[foo.org.hibernate.cache.internal.StandardQueryCache] lookup : key[sql: select course2_.courseCode as courseCode1_0_, student0_.studentId as studentId4_1_, enrolments1_.studentId as studentId3_2_, enrolments1_.courseCode as courseCode3_2_, course2_.description as descript2_1_0_, student0_.name_first as name2_4_1_, student0_.name_middle as name3_4_1_, student0_.name_last as name4_4_1_, student0_.preferredCourseCode as preferre5_4_1_, enrolments1_.semester as semester3_2_, enrolments1_."year" as year4_3_2_, enrolments1_.studentId as studentId4_0__, enrolments1_.studentId as studentId3_0__, enrolments1_.courseCode as courseCode3_0__ from Student student0_ left outer join Enrolment enrolments1_ on student0_.studentId=enrolments1_.studentId left outer join Course course2_ on student0_.preferredCourseCode=course2_.courseCode order by student0_.studentId; parameters: ; named parameters: {}; transformer: org.hibernate.transform.CacheableResultTransformer@2513f6c]
14:18:43,527 DEBUG BaseGeneralDataRegion:52 - Cache[foo.org.hibernate.cache.internal.StandardQueryCache] hit: sql: select course2_.courseCode as courseCode1_0_, student0_.studentId as studentId4_1_, enrolments1_.studentId as studentId3_2_, enrolments1_.courseCode as courseCode3_2_, course2_.description as descript2_1_0_, student0_.name_first as name2_4_1_, student0_.name_middle as name3_4_1_, student0_.name_last as name4_4_1_, student0_.preferredCourseCode as preferre5_4_1_, enrolments1_.semester as semester3_2_, enrolments1_."year" as year4_3_2_, enrolments1_.studentId as studentId4_0__, enrolments1_.studentId as studentId3_0__, enrolments1_.courseCode as courseCode3_0__ from Student student0_ left outer join Enrolment enrolments1_ on student0_.studentId=enrolments1_.studentId left outer join Course course2_ on student0_.preferredCourseCode=course2_.courseCode order by student0_.studentId; parameters: ; named parameters: {}; transformer: org.hibernate.transform.CacheableResultTransformer@2513f6c
14:18:43,528 DEBUG BaseGeneralDataRegion:46 - Cache[foo.org.hibernate.cache.spi.UpdateTimestampsCache] lookup : key[Student]
14:18:43,528 DEBUG BaseGeneralDataRegion:52 - Cache[foo.org.hibernate.cache.spi.UpdateTimestampsCache] hit: Student
14:18:43,528 DEBUG BaseGeneralDataRegion:46 - Cache[foo.org.hibernate.cache.spi.UpdateTimestampsCache] lookup : key[Course]
14:18:43,528 DEBUG BaseGeneralDataRegion:52 - Cache[foo.org.hibernate.cache.spi.UpdateTimestampsCache] hit: Course
14:18:43,528 DEBUG BaseGeneralDataRegion:46 - Cache[foo.org.hibernate.cache.spi.UpdateTimestampsCache] lookup : key[Enrolment]
14:18:43,528 DEBUG BaseGeneralDataRegion:52 - Cache[foo.org.hibernate.cache.spi.UpdateTimestampsCache] hit: Enrolment
14:18:43,528 DEBUG SQL:104 - 
    select
        student0_.studentId as studentId4_0_,
        student0_.name_first as name2_4_0_,
        student0_.name_middle as name3_4_0_,
        student0_.name_last as name4_4_0_,
        student0_.preferredCourseCode as preferre5_4_0_ 
    from
        Student student0_ 
    where
        student0_.studentId=?
14:18:43,529 DEBUG SQL:104 - 
    select
        secretcode0_.studentNumber as studentN1_4_0_,
        secretcode0_.secretCode as secretCode5_0_,
        secretcode0_.i as i0_ 
    from
        Student_secretCodes secretcode0_ 
    where
        secretcode0_.studentNumber=?
14:18:43,529 DEBUG SQL:104 - 
    select
        student0_.studentId as studentId4_0_,
        student0_.name_first as name2_4_0_,
        student0_.name_middle as name3_4_0_,
        student0_.name_last as name4_4_0_,
        student0_.preferredCourseCode as preferre5_4_0_ 
    from
        Student student0_ 
    where
        student0_.studentId=?
14:18:43,529 DEBUG SQL:104 - 
    select
        secretcode0_.studentNumber as studentN1_4_0_,
        secretcode0_.secretCode as secretCode5_0_,
        secretcode0_.i as i0_ 
    from
        Student_secretCodes secretcode0_ 
    where
        secretcode0_.studentNumber=?
14:18:43,530 DEBUG SQL:104 - 
    select
        student_.studentId,
        student_.name_first as name2_4_,
        student_.name_middle as name3_4_,
        student_.name_last as name4_4_,
        student_.preferredCourseCode as preferre5_4_ 
    from
        Student student_ 
    where
        student_.studentId=?
14:18:43,550 DEBUG SQL:104 - 
    select
        enrolment_.studentId,
        enrolment_.courseCode,
        enrolment_.semester as semester3_,
        enrolment_."year" as year4_3_ 
    from
        Enrolment enrolment_ 
    where
        enrolment_.studentId=? 
        and enrolment_.courseCode=?
14:18:43,551 DEBUG SQL:104 - 
    select
        course_.courseCode,
        course_.description as descript2_1_ 
    from
        Course course_ 
    where
        course_.courseCode=?
14:18:43,552 DEBUG SQL:104 - 
    select
        student_.studentId,
        student_.name_first as name2_4_,
        student_.name_middle as name3_4_,
        student_.name_last as name4_4_,
        student_.preferredCourseCode as preferre5_4_ 
    from
        Student student_ 
    where
        student_.studentId=?
14:18:43,561 DEBUG SQL:104 - 
    select
        enrolment_.studentId,
        enrolment_.courseCode,
        enrolment_.semester as semester3_,
        enrolment_."year" as year4_3_ 
    from
        Enrolment enrolment_ 
    where
        enrolment_.studentId=? 
        and enrolment_.courseCode=?
14:18:43,562 DEBUG SQL:104 - 
    select
        coursemeet_.courseCode,
        coursemeet_.day,
        coursemeet_.period,
        coursemeet_.location 
    from
        CourseMeeting coursemeet_ 
    where
        coursemeet_.courseCode=? 
        and coursemeet_.day=? 
        and coursemeet_.period=? 
        and coursemeet_.location=?
14:18:43,572 DEBUG SQL:104 - 
    select
        coursemeet_.courseCode,
        coursemeet_.day,
        coursemeet_.period,
        coursemeet_.location 
    from
        CourseMeeting coursemeet_ 
    where
        coursemeet_.courseCode=? 
        and coursemeet_.day=? 
        and coursemeet_.period=? 
        and coursemeet_.location=?
14:18:43,572 DEBUG BaseGeneralDataRegion:59 - Caching[foo.org.hibernate.cache.spi.UpdateTimestampsCache] : [Enrolment] -> [5579091081510912]
14:18:43,572 DEBUG SQL:104 - 
    update
        Address 
    set
        studentNumber=null,
        addressType=null 
    where
        studentNumber=?
14:18:43,573 DEBUG BaseGeneralDataRegion:59 - Caching[foo.org.hibernate.cache.spi.UpdateTimestampsCache] : [Address] -> [5579091081515008]
14:18:43,573 DEBUG SQL:104 - 
    delete 
    from
        Student_secretCodes 
    where
        studentNumber=?
14:18:43,582 DEBUG BaseGeneralDataRegion:59 - Caching[foo.org.hibernate.cache.spi.UpdateTimestampsCache] : [Student_secretCodes] -> [5579091081551872]
14:18:43,583 DEBUG BaseGeneralDataRegion:59 - Caching[foo.org.hibernate.cache.spi.UpdateTimestampsCache] : [Enrolment] -> [5579091081555968]
14:18:43,583 DEBUG BaseGeneralDataRegion:59 - Caching[foo.org.hibernate.cache.spi.UpdateTimestampsCache] : [Address] -> [5579091081555969]
14:18:43,583 DEBUG SQL:104 - 
    delete 
    from
        Student_secretCodes 
    where
        studentNumber=?
14:18:43,583 DEBUG BaseGeneralDataRegion:59 - Caching[foo.org.hibernate.cache.spi.UpdateTimestampsCache] : [Student_secretCodes] -> [5579091081555970]
14:18:43,583 DEBUG BaseGeneralDataRegion:59 - Caching[foo.org.hibernate.cache.spi.UpdateTimestampsCache] : [CourseMeeting] -> [5579091081555971]
14:18:43,583 DEBUG SQL:104 - 
    delete 
    from
        Enrolment 
    where
        studentId=? 
        and courseCode=?
14:18:43,583 DEBUG BaseGeneralDataRegion:59 - Caching[foo.org.hibernate.cache.spi.UpdateTimestampsCache] : [Enrolment] -> [5579091081555972]
14:18:43,584 DEBUG SQL:104 - 
    delete 
    from
        Address 
    where
        id=?
14:18:43,594 DEBUG BaseGeneralDataRegion:59 - Caching[foo.org.hibernate.cache.spi.UpdateTimestampsCache] : [Address] -> [5579091081601024]
14:18:43,595 DEBUG SQL:104 - 
    delete 
    from
        Address 
    where
        id=?
14:18:43,595 DEBUG BaseGeneralDataRegion:59 - Caching[foo.org.hibernate.cache.spi.UpdateTimestampsCache] : [Address] -> [5579091081605120]
14:18:43,595 DEBUG SQL:104 - 
    delete 
    from
        Student 
    where
        studentId=?
14:18:43,595 DEBUG BaseGeneralDataRegion:59 - Caching[foo.org.hibernate.cache.spi.UpdateTimestampsCache] : [Student] -> [5579091081605121]
14:18:43,595 DEBUG SQL:104 - 
    delete 
    from
        Enrolment 
    where
        studentId=? 
        and courseCode=?
14:18:43,596 DEBUG BaseGeneralDataRegion:59 - Caching[foo.org.hibernate.cache.spi.UpdateTimestampsCache] : [Enrolment] -> [5579091081609216]
14:18:43,596 DEBUG SQL:104 - 
    delete 
    from
        Student 
    where
        studentId=?
14:18:43,604 DEBUG BaseGeneralDataRegion:59 - Caching[foo.org.hibernate.cache.spi.UpdateTimestampsCache] : [Student] -> [5579091081641984]
14:18:43,604 DEBUG SQL:104 - 
    delete 
    from
        CourseMeeting 
    where
        courseCode=? 
        and day=? 
        and period=? 
        and location=?
14:18:43,605 DEBUG BaseGeneralDataRegion:59 - Caching[foo.org.hibernate.cache.spi.UpdateTimestampsCache] : [CourseMeeting] -> [5579091081646080]
14:18:43,605 DEBUG SQL:104 - 
    delete 
    from
        CourseMeeting 
    where
        courseCode=? 
        and day=? 
        and period=? 
        and location=?
14:18:43,606 DEBUG BaseGeneralDataRegion:59 - Caching[foo.org.hibernate.cache.spi.UpdateTimestampsCache] : [CourseMeeting] -> [5579091081650176]
14:18:43,606 DEBUG SQL:104 - 
    delete 
    from
        Course 
    where
        courseCode=?
14:18:43,607 DEBUG BaseGeneralDataRegion:59 - Caching[foo.org.hibernate.cache.spi.UpdateTimestampsCache] : [Course] -> [5579091081654272]
14:18:43,607 DEBUG BaseGeneralDataRegion:59 - Caching[foo.org.hibernate.cache.spi.UpdateTimestampsCache] : [Student] -> [5579090835894273]
14:18:43,607 DEBUG BaseGeneralDataRegion:59 - Caching[foo.org.hibernate.cache.spi.UpdateTimestampsCache] : [Course] -> [5579090835894273]
14:18:43,607 DEBUG BaseGeneralDataRegion:59 - Caching[foo.org.hibernate.cache.spi.UpdateTimestampsCache] : [Enrolment] -> [5579090835894273]
14:18:43,607 DEBUG BaseGeneralDataRegion:59 - Caching[foo.org.hibernate.cache.spi.UpdateTimestampsCache] : [Student_secretCodes] -> [5579090835894273]
14:18:43,607 DEBUG BaseGeneralDataRegion:59 - Caching[foo.org.hibernate.cache.spi.UpdateTimestampsCache] : [Address] -> [5579090835894273]
14:18:43,607 DEBUG BaseGeneralDataRegion:59 - Caching[foo.org.hibernate.cache.spi.UpdateTimestampsCache] : [CourseMeeting] -> [5579090835894273]
14:18:43,608  INFO CustomRunner:139 - Test: testJoinWithFetchJoinWithOwnerAndAliasedJoinedProjectedListHql
14:18:43,609 DEBUG SQL:104 - 
    select
        coursemeet_.courseCode,
        coursemeet_.day,
        coursemeet_.period,
        coursemeet_.location 
    from
        CourseMeeting coursemeet_ 
    where
        coursemeet_.courseCode=? 
        and coursemeet_.day=? 
        and coursemeet_.period=? 
        and coursemeet_.location=?
14:18:43,609 DEBUG SQL:104 - 
    select
        coursemeet_.courseCode,
        coursemeet_.day,
        coursemeet_.period,
        coursemeet_.location 
    from
        CourseMeeting coursemeet_ 
    where
        coursemeet_.courseCode=? 
        and coursemeet_.day=? 
        and coursemeet_.period=? 
        and coursemeet_.location=?
14:18:43,618 DEBUG SQL:104 - 
    insert 
    into
        Course
        (description, courseCode) 
    values
        (?, ?)
14:18:43,618 DEBUG BaseGeneralDataRegion:59 - Caching[foo.org.hibernate.cache.spi.UpdateTimestampsCache] : [Course] -> [5579091081699328]
14:18:43,619 DEBUG SQL:104 - 
    insert 
    into
        CourseMeeting
        (courseCode, day, period, location) 
    values
        (?, ?, ?, ?)
14:18:43,619 DEBUG BaseGeneralDataRegion:59 - Caching[foo.org.hibernate.cache.spi.UpdateTimestampsCache] : [CourseMeeting] -> [5579091081703424]
14:18:43,619 DEBUG SQL:104 - 
    insert 
    into
        CourseMeeting
        (courseCode, day, period, location) 
    values
        (?, ?, ?, ?)
14:18:43,631 DEBUG BaseGeneralDataRegion:59 - Caching[foo.org.hibernate.cache.spi.UpdateTimestampsCache] : [CourseMeeting] -> [5579091081752576]
14:18:43,631 DEBUG SQL:104 - 
    insert 
    into
        Student
        (name_first, name_middle, name_last, preferredCourseCode, studentId) 
    values
        (?, ?, ?, ?, ?)
14:18:43,632 DEBUG BaseGeneralDataRegion:59 - Caching[foo.org.hibernate.cache.spi.UpdateTimestampsCache] : [Student] -> [5579091081756672]
14:18:43,632 DEBUG SQL:104 - 
    insert 
    into
        Address
        (addressType, street, city, stateProvince, postalCode, country, studentNumber, id) 
    values
        (?, ?, ?, ?, ?, ?, ?, ?)
14:18:43,633 DEBUG BaseGeneralDataRegion:59 - Caching[foo.org.hibernate.cache.spi.UpdateTimestampsCache] : [Address] -> [5579091081760768]
14:18:43,633 DEBUG SQL:104 - 
    insert 
    into
        Address
        (addressType, street, city, stateProvince, postalCode, country, studentNumber, id) 
    values
        (?, ?, ?, ?, ?, ?, ?, ?)
14:18:43,633 DEBUG BaseGeneralDataRegion:59 - Caching[foo.org.hibernate.cache.spi.UpdateTimestampsCache] : [Address] -> [5579091081760769]
14:18:43,633 DEBUG SQL:104 - 
    insert 
    into
        Student
        (name_first, name_middle, name_last, preferredCourseCode, studentId) 
    values
        (?, ?, ?, ?, ?)
14:18:43,633 DEBUG BaseGeneralDataRegion:59 - Caching[foo.org.hibernate.cache.spi.UpdateTimestampsCache] : [Student] -> [5579091081760770]
14:18:43,633 DEBUG SQL:104 - 
    insert 
    into
        Enrolment
        (semester, "year", studentId, courseCode) 
    values
        (?, ?, ?, ?)
14:18:43,634 DEBUG BaseGeneralDataRegion:59 - Caching[foo.org.hibernate.cache.spi.UpdateTimestampsCache] : [Enrolment] -> [5579091081764864]
14:18:43,634 DEBUG SQL:104 - 
    insert 
    into
        Enrolment
        (semester, "year", studentId, courseCode) 
    values
        (?, ?, ?, ?)
14:18:43,650 DEBUG BaseGeneralDataRegion:59 - Caching[foo.org.hibernate.cache.spi.UpdateTimestampsCache] : [Enrolment] -> [5579091081830400]
14:18:43,651 DEBUG BaseGeneralDataRegion:59 - Caching[foo.org.hibernate.cache.spi.UpdateTimestampsCache] : [CourseMeeting] -> [5579091081834496]
14:18:43,651 DEBUG BaseGeneralDataRegion:59 - Caching[foo.org.hibernate.cache.spi.UpdateTimestampsCache] : [Enrolment] -> [5579091081834497]
14:18:43,651 DEBUG SQL:104 - 
    update
        Address 
    set
        studentNumber=?,
        addressType=? 
    where
        id=?
14:18:43,651 DEBUG SQL:104 - 
    update
        Address 
    set
        studentNumber=?,
        addressType=? 
    where
        id=?
14:18:43,651 DEBUG BaseGeneralDataRegion:59 - Caching[foo.org.hibernate.cache.spi.UpdateTimestampsCache] : [Address] -> [5579091081834498]
14:18:43,651 DEBUG SQL:104 - 
    insert 
    into
        Student_secretCodes
        (studentNumber, i, secretCode) 
    values
        (?, ?, ?)
14:18:43,664 DEBUG BaseGeneralDataRegion:59 - Caching[foo.org.hibernate.cache.spi.UpdateTimestampsCache] : [Student_secretCodes] -> [5579091081887744]
14:18:43,664 DEBUG BaseGeneralDataRegion:59 - Caching[foo.org.hibernate.cache.spi.UpdateTimestampsCache] : [Enrolment] -> [5579091081887745]
14:18:43,664 DEBUG BaseGeneralDataRegion:59 - Caching[foo.org.hibernate.cache.spi.UpdateTimestampsCache] : [Address] -> [5579091081887746]
14:18:43,665 DEBUG SQL:104 - 
    insert 
    into
        Student_secretCodes
        (studentNumber, i, secretCode) 
    values
        (?, ?, ?)
14:18:43,665 DEBUG SQL:104 - 
    insert 
    into
        Student_secretCodes
        (studentNumber, i, secretCode) 
    values
        (?, ?, ?)
14:18:43,665 DEBUG BaseGeneralDataRegion:59 - Caching[foo.org.hibernate.cache.spi.UpdateTimestampsCache] : [Student_secretCodes] -> [5579091081891840]
14:18:43,665 DEBUG BaseGeneralDataRegion:59 - Caching[foo.org.hibernate.cache.spi.UpdateTimestampsCache] : [Student] -> [5579090836131841]
14:18:43,665 DEBUG BaseGeneralDataRegion:59 - Caching[foo.org.hibernate.cache.spi.UpdateTimestampsCache] : [Course] -> [5579090836131841]
14:18:43,665 DEBUG BaseGeneralDataRegion:59 - Caching[foo.org.hibernate.cache.spi.UpdateTimestampsCache] : [Enrolment] -> [5579090836131841]
14:18:43,665 DEBUG BaseGeneralDataRegion:59 - Caching[foo.org.hibernate.cache.spi.UpdateTimestampsCache] : [Student_secretCodes] -> [5579090836131841]
14:18:43,665 DEBUG BaseGeneralDataRegion:59 - Caching[foo.org.hibernate.cache.spi.UpdateTimestampsCache] : [Address] -> [5579090836131841]
14:18:43,665 DEBUG BaseGeneralDataRegion:59 - Caching[foo.org.hibernate.cache.spi.UpdateTimestampsCache] : [CourseMeeting] -> [5579090836131841]
14:18:43,666 DEBUG QueryTranslatorImpl:265 - parse() - HQL: select s, pc from org.hibernate.test.querycache.Student s left join fetch s.enrolments left join s.preferredCourse pc order by s.studentNumber
14:18:43,667 DEBUG QueryTranslatorImpl:283 - --- HQL AST ---
 \-[QUERY] Node: 'query'
    +-[SELECT_FROM] Node: 'SELECT_FROM'
    |  +-[FROM] Node: 'from'
    |  |  +-[RANGE] Node: 'RANGE'
    |  |  |  +-[DOT] Node: '.'
    |  |  |  |  +-[DOT] Node: '.'
    |  |  |  |  |  +-[DOT] Node: '.'
    |  |  |  |  |  |  +-[DOT] Node: '.'
    |  |  |  |  |  |  |  +-[IDENT] Node: 'org'
    |  |  |  |  |  |  |  \-[IDENT] Node: 'hibernate'
    |  |  |  |  |  |  \-[IDENT] Node: 'test'
    |  |  |  |  |  \-[IDENT] Node: 'querycache'
    |  |  |  |  \-[IDENT] Node: 'Student'
    |  |  |  \-[ALIAS] Node: 's'
    |  |  +-[JOIN] Node: 'join'
    |  |  |  +-[LEFT] Node: 'left'
    |  |  |  +-[FETCH] Node: 'fetch'
    |  |  |  \-[DOT] Node: '.'
    |  |  |     +-[IDENT] Node: 's'
    |  |  |     \-[IDENT] Node: 'enrolments'
    |  |  \-[JOIN] Node: 'join'
    |  |     +-[LEFT] Node: 'left'
    |  |     +-[DOT] Node: '.'
    |  |     |  +-[IDENT] Node: 's'
    |  |     |  \-[IDENT] Node: 'preferredCourse'
    |  |     \-[ALIAS] Node: 'pc'
    |  \-[SELECT] Node: 'select'
    |     +-[IDENT] Node: 's'
    |     \-[IDENT] Node: 'pc'
    \-[ORDER] Node: 'order'
       \-[DOT] Node: '.'
          +-[IDENT] Node: 's'
          \-[IDENT] Node: 'studentNumber'

14:18:43,685 DEBUG ErrorCounter:82 - throwQueryException() : no errors
14:18:43,685 DEBUG FromElement:157 - FromClause{level=1} : org.hibernate.test.querycache.Student (s) -> student0_
14:18:43,686 DEBUG FromReferenceNode:74 - Resolved : s -> student0_.studentId
14:18:43,686 DEBUG DotNode:599 - getDataType() : enrolments -> org.hibernate.type.SetType(org.hibernate.test.querycache.Student.enrolments)
14:18:43,686 DEBUG FromElementFactory:376 - createEntityAssociation() : One to many - path = s.enrolments role = org.hibernate.test.querycache.Student.enrolments associatedEntityName = org.hibernate.test.querycache.Enrolment
14:18:43,686 DEBUG FromElement:157 - FromClause{level=1} : org.hibernate.test.querycache.Enrolment (<no alias>) -> enrolments1_
14:18:43,686 DEBUG FromClause:282 - addJoinByPathMap() : s.enrolments -> FromElement{explicit,not a collection join,not a fetch join,fetch non-lazy properties,classAlias=null,role=null,tableName=Enrolment,tableAlias=enrolments1_,origin=Student student0_,columns={student0_.studentId ,className=org.hibernate.test.querycache.Enrolment}}
14:18:43,686 DEBUG DotNode:308 - dereferenceCollection() : Created new FROM element for s.enrolments : Enrolment enrolments1_
14:18:43,686 DEBUG FromReferenceNode:74 - Resolved : s.enrolments -> .
14:18:43,687 DEBUG HqlSqlWalker:403 - createFromJoinElement() : -- join tree --
 \-[JOIN_FRAGMENT] FromElement: 'Enrolment enrolments1_' FromElement{explicit,not a collection join,fetch join,fetch non-lazy properties,classAlias=null,role=org.hibernate.test.querycache.Student.enrolments,tableName=Enrolment,tableAlias=enrolments1_,origin=Student student0_,columns={student0_.studentId ,className=org.hibernate.test.querycache.Enrolment}}

14:18:43,687 DEBUG FromReferenceNode:74 - Resolved : s -> student0_.studentId
14:18:43,687 DEBUG DotNode:599 - getDataType() : preferredCourse -> org.hibernate.type.ManyToOneType(org.hibernate.test.querycache.Course)
14:18:43,687 DEBUG DotNode:389 - dereferenceEntityJoin() : generating join for preferredCourse in org.hibernate.test.querycache.Student (pc) parent = [ {null} ]
14:18:43,687 DEBUG FromElement:157 - FromClause{level=1} : org.hibernate.test.querycache.Course (pc) -> course2_
14:18:43,687 DEBUG FromClause:282 - addJoinByPathMap() : s.preferredCourse -> FromElement{explicit,not a collection join,not a fetch join,fetch non-lazy properties,classAlias=pc,role=null,tableName=Course,tableAlias=course2_,origin=Student student0_,columns={student0_.preferredCourseCode ,className=org.hibernate.test.querycache.Course}}
14:18:43,687 DEBUG FromReferenceNode:74 - Resolved : s.preferredCourse -> student0_.preferredCourseCode
14:18:43,687 DEBUG HqlSqlWalker:403 - createFromJoinElement() : -- join tree --
 \-[JOIN_FRAGMENT] FromElement: 'Course course2_' FromElement{explicit,not a collection join,not a fetch join,fetch non-lazy properties,classAlias=pc,role=null,tableName=Course,tableAlias=course2_,origin=Student student0_,columns={student0_.preferredCourseCode ,className=org.hibernate.test.querycache.Course}}

14:18:43,688 DEBUG FromReferenceNode:74 - Resolved : s -> student0_.studentId
14:18:43,688 DEBUG FromReferenceNode:74 - Resolved : pc -> course2_.courseCode
14:18:43,688 DEBUG FromReferenceNode:74 - Resolved : s -> student0_.studentId
14:18:43,688 DEBUG DotNode:599 - getDataType() : studentNumber -> org.hibernate.type.LongType@4bf3f9d
14:18:43,688 DEBUG FromReferenceNode:74 - Resolved : s.studentNumber -> student0_.studentId
14:18:43,688 DEBUG HqlSqlWalker:629 - processQuery() :  ( SELECT ( {select clause} student0_.studentId course2_.courseCode ) ( FromClause{level=1} ( Student student0_ Enrolment enrolments1_ Course course2_ ) ) ( order ( student0_.studentId student0_.studentId studentNumber ) ) )
14:18:43,688 DEBUG JoinProcessor:175 - Using FROM fragment [Student student0_]
14:18:43,689 DEBUG JoinProcessor:175 - Using FROM fragment [left outer join Enrolment enrolments1_ on student0_.studentId=enrolments1_.studentId]
14:18:43,696 DEBUG JoinProcessor:175 - Using FROM fragment [left outer join Course course2_ on student0_.preferredCourseCode=course2_.courseCode]
14:18:43,696 DEBUG QueryTranslatorImpl:252 - --- SQL AST ---
 \-[SELECT] QueryNode: 'SELECT'  querySpaces (Student,Course,Enrolment)
    +-[SELECT_CLAUSE] SelectClause: '{select clause}'
    |  +-[ALIAS_REF] IdentNode: 'student0_.studentId as studentId4_0_' {alias=s, className=org.hibernate.test.querycache.Student, tableAlias=student0_}
    |  +-[ALIAS_REF] IdentNode: 'course2_.courseCode as courseCode1_1_' {alias=pc, className=org.hibernate.test.querycache.Course, tableAlias=course2_}
    |  +-[SELECT_EXPR] SelectExpressionImpl: 'enrolments1_.studentId as studentId3_2_, enrolments1_.courseCode as courseCode3_2_' {FromElement{explicit,not a collection join,fetch join,fetch non-lazy properties,classAlias=null,role=org.hibernate.test.querycache.Student.enrolments,tableName=Enrolment,tableAlias=enrolments1_,origin=Student student0_,columns={student0_.studentId ,className=org.hibernate.test.querycache.Enrolment}}}
    |  +-[SQL_TOKEN] SqlFragment: 'student0_.name_first as name2_4_0_, student0_.name_middle as name3_4_0_, student0_.name_last as name4_4_0_, student0_.preferredCourseCode as preferre5_4_0_'
    |  +-[SQL_TOKEN] SqlFragment: 'course2_.description as descript2_1_1_'
    |  +-[SQL_TOKEN] SqlFragment: 'enrolments1_.semester as semester3_2_, enrolments1_."year" as year4_3_2_'
    |  \-[SQL_TOKEN] SqlFragment: 'enrolments1_.studentId as studentId4_0__, enrolments1_.studentId as studentId3_0__, enrolments1_.courseCode as courseCode3_0__'
    +-[FROM] FromClause: 'from' FromClause{level=1, fromElementCounter=3, fromElements=3, fromElementByClassAlias=[s, pc], fromElementByTableAlias=[student0_, course2_, enrolments1_], fromElementsByPath=[s.enrolments, s.preferredCourse], collectionJoinFromElementsByPath=[], impliedElements=[]}
    |  \-[FROM_FRAGMENT] FromElement: 'Student student0_' FromElement{explicit,not a collection join,not a fetch join,fetch non-lazy properties,classAlias=s,role=null,tableName=Student,tableAlias=student0_,origin=null,columns={,className=org.hibernate.test.querycache.Student}}
    |     +-[JOIN_FRAGMENT] FromElement: 'left outer join Enrolment enrolments1_ on student0_.studentId=enrolments1_.studentId' FromElement{explicit,not a collection join,fetch join,fetch non-lazy properties,classAlias=null,role=org.hibernate.test.querycache.Student.enrolments,tableName=Enrolment,tableAlias=enrolments1_,origin=Student student0_,columns={student0_.studentId ,className=org.hibernate.test.querycache.Enrolment}}
    |     \-[JOIN_FRAGMENT] FromElement: 'left outer join Course course2_ on student0_.preferredCourseCode=course2_.courseCode' FromElement{explicit,not a collection join,not a fetch join,fetch non-lazy properties,classAlias=pc,role=null,tableName=Course,tableAlias=course2_,origin=Student student0_,columns={student0_.preferredCourseCode ,className=org.hibernate.test.querycache.Course}}
    \-[ORDER] OrderByClause: 'order'
       \-[DOT] DotNode: 'student0_.studentId' {propertyName=studentNumber,dereferenceType=ALL,propertyPath=studentNumber,path=s.studentNumber,tableAlias=student0_,className=org.hibernate.test.querycache.Student,classAlias=s}
          +-[ALIAS_REF] IdentNode: 'student0_.studentId' {alias=s, className=org.hibernate.test.querycache.Student, tableAlias=student0_}
          \-[IDENT] IdentNode: 'studentNumber' {originalText=studentNumber}

14:18:43,696 DEBUG ErrorCounter:82 - throwQueryException() : no errors
14:18:43,696 DEBUG QueryTranslatorImpl:235 - HQL: select s, pc from org.hibernate.test.querycache.Student s left join fetch s.enrolments left join s.preferredCourse pc order by s.studentNumber
14:18:43,697 DEBUG QueryTranslatorImpl:236 - SQL: select student0_.studentId as studentId4_0_, course2_.courseCode as courseCode1_1_, enrolments1_.studentId as studentId3_2_, enrolments1_.courseCode as courseCode3_2_, student0_.name_first as name2_4_0_, student0_.name_middle as name3_4_0_, student0_.name_last as name4_4_0_, student0_.preferredCourseCode as preferre5_4_0_, course2_.description as descript2_1_1_, enrolments1_.semester as semester3_2_, enrolments1_."year" as year4_3_2_, enrolments1_.studentId as studentId4_0__, enrolments1_.studentId as studentId3_0__, enrolments1_.courseCode as courseCode3_0__ from Student student0_ left outer join Enrolment enrolments1_ on student0_.studentId=enrolments1_.studentId left outer join Course course2_ on student0_.preferredCourseCode=course2_.courseCode order by student0_.studentId
14:18:43,697 DEBUG ErrorCounter:82 - throwQueryException() : no errors
14:18:43,697 DEBUG BaseGeneralDataRegion:46 - Cache[foo.org.hibernate.cache.internal.StandardQueryCache] lookup : key[sql: select student0_.studentId as studentId4_0_, course2_.courseCode as courseCode1_1_, enrolments1_.studentId as studentId3_2_, enrolments1_.courseCode as courseCode3_2_, student0_.name_first as name2_4_0_, student0_.name_middle as name3_4_0_, student0_.name_last as name4_4_0_, student0_.preferredCourseCode as preferre5_4_0_, course2_.description as descript2_1_1_, enrolments1_.semester as semester3_2_, enrolments1_."year" as year4_3_2_, enrolments1_.studentId as studentId4_0__, enrolments1_.studentId as studentId3_0__, enrolments1_.courseCode as courseCode3_0__ from Student student0_ left outer join Enrolment enrolments1_ on student0_.studentId=enrolments1_.studentId left outer join Course course2_ on student0_.preferredCourseCode=course2_.courseCode order by student0_.studentId; parameters: ; named parameters: {}; transformer: org.hibernate.transform.CacheableResultTransformer@2513f6c]
14:18:43,697 DEBUG SQL:104 - 
    select
        student0_.studentId as studentId4_0_,
        course2_.courseCode as courseCode1_1_,
        enrolments1_.studentId as studentId3_2_,
        enrolments1_.courseCode as courseCode3_2_,
        student0_.name_first as name2_4_0_,
        student0_.name_middle as name3_4_0_,
        student0_.name_last as name4_4_0_,
        student0_.preferredCourseCode as preferre5_4_0_,
        course2_.description as descript2_1_1_,
        enrolments1_.semester as semester3_2_,
        enrolments1_."year" as year4_3_2_,
        enrolments1_.studentId as studentId4_0__,
        enrolments1_.studentId as studentId3_0__,
        enrolments1_.courseCode as courseCode3_0__ 
    from
        Student student0_ 
    left outer join
        Enrolment enrolments1_ 
            on student0_.studentId=enrolments1_.studentId 
    left outer join
        Course course2_ 
            on student0_.preferredCourseCode=course2_.courseCode 
    order by
        student0_.studentId
14:18:43,708 DEBUG SQL:104 - 
    select
        secretcode0_.studentNumber as studentN1_4_0_,
        secretcode0_.secretCode as secretCode5_0_,
        secretcode0_.i as i0_ 
    from
        Student_secretCodes secretcode0_ 
    where
        secretcode0_.studentNumber=?
14:18:43,718 DEBUG SQL:104 - 
    select
        coursemeet0_.courseCode as courseCode1_1_,
        coursemeet0_.courseCode as courseCode2_1_,
        coursemeet0_.day as day2_1_,
        coursemeet0_.period as period2_1_,
        coursemeet0_.location as location2_1_,
        coursemeet0_.courseCode as courseCode2_0_,
        coursemeet0_.day as day2_0_,
        coursemeet0_.period as period2_0_,
        coursemeet0_.location as location2_0_ 
    from
        CourseMeeting coursemeet0_ 
    where
        coursemeet0_.courseCode=?
14:18:43,718 DEBUG SQL:104 - 
    select
        secretcode0_.studentNumber as studentN1_4_0_,
        secretcode0_.secretCode as secretCode5_0_,
        secretcode0_.i as i0_ 
    from
        Student_secretCodes secretcode0_ 
    where
        secretcode0_.studentNumber=?
14:18:43,719 DEBUG BaseGeneralDataRegion:59 - Caching[foo.org.hibernate.cache.internal.StandardQueryCache] : [sql: select student0_.studentId as studentId4_0_, course2_.courseCode as courseCode1_1_, enrolments1_.studentId as studentId3_2_, enrolments1_.courseCode as courseCode3_2_, student0_.name_first as name2_4_0_, student0_.name_middle as name3_4_0_, student0_.name_last as name4_4_0_, student0_.preferredCourseCode as preferre5_4_0_, course2_.description as descript2_1_1_, enrolments1_.semester as semester3_2_, enrolments1_."year" as year4_3_2_, enrolments1_.studentId as studentId4_0__, enrolments1_.studentId as studentId3_0__, enrolments1_.courseCode as courseCode3_0__ from Student student0_ left outer join Enrolment enrolments1_ on student0_.studentId=enrolments1_.studentId left outer join Course course2_ on student0_.preferredCourseCode=course2_.courseCode order by student0_.studentId; parameters: ; named parameters: {}; transformer: org.hibernate.transform.CacheableResultTransformer@2513f6c] -> [[5579090836353024, [Ljava.io.Serializable;@56af80ea, [Ljava.io.Serializable;@1c38af1c]]
14:18:43,719 DEBUG BaseGeneralDataRegion:46 - Cache[foo.org.hibernate.cache.internal.StandardQueryCache] lookup : key[sql: select student0_.studentId as studentId4_0_, course2_.courseCode as courseCode1_1_, enrolments1_.studentId as studentId3_2_, enrolments1_.courseCode as courseCode3_2_, student0_.name_first as name2_4_0_, student0_.name_middle as name3_4_0_, student0_.name_last as name4_4_0_, student0_.preferredCourseCode as preferre5_4_0_, course2_.description as descript2_1_1_, enrolments1_.semester as semester3_2_, enrolments1_."year" as year4_3_2_, enrolments1_.studentId as studentId4_0__, enrolments1_.studentId as studentId3_0__, enrolments1_.courseCode as courseCode3_0__ from Student student0_ left outer join Enrolment enrolments1_ on student0_.studentId=enrolments1_.studentId left outer join Course course2_ on student0_.preferredCourseCode=course2_.courseCode order by student0_.studentId; parameters: ; named parameters: {}; transformer: org.hibernate.transform.CacheableResultTransformer@2513f6c]
14:18:43,719 DEBUG BaseGeneralDataRegion:52 - Cache[foo.org.hibernate.cache.internal.StandardQueryCache] hit: sql: select student0_.studentId as studentId4_0_, course2_.courseCode as courseCode1_1_, enrolments1_.studentId as studentId3_2_, enrolments1_.courseCode as courseCode3_2_, student0_.name_first as name2_4_0_, student0_.name_middle as name3_4_0_, student0_.name_last as name4_4_0_, student0_.preferredCourseCode as preferre5_4_0_, course2_.description as descript2_1_1_, enrolments1_.semester as semester3_2_, enrolments1_."year" as year4_3_2_, enrolments1_.studentId as studentId4_0__, enrolments1_.studentId as studentId3_0__, enrolments1_.courseCode as courseCode3_0__ from Student student0_ left outer join Enrolment enrolments1_ on student0_.studentId=enrolments1_.studentId left outer join Course course2_ on student0_.preferredCourseCode=course2_.courseCode order by student0_.studentId; parameters: ; named parameters: {}; transformer: org.hibernate.transform.CacheableResultTransformer@2513f6c
14:18:43,720 DEBUG BaseGeneralDataRegion:46 - Cache[foo.org.hibernate.cache.spi.UpdateTimestampsCache] lookup : key[Student]
14:18:43,720 DEBUG BaseGeneralDataRegion:52 - Cache[foo.org.hibernate.cache.spi.UpdateTimestampsCache] hit: Student
14:18:43,720 DEBUG BaseGeneralDataRegion:46 - Cache[foo.org.hibernate.cache.spi.UpdateTimestampsCache] lookup : key[Course]
14:18:43,729 DEBUG BaseGeneralDataRegion:52 - Cache[foo.org.hibernate.cache.spi.UpdateTimestampsCache] hit: Course
14:18:43,729 DEBUG BaseGeneralDataRegion:46 - Cache[foo.org.hibernate.cache.spi.UpdateTimestampsCache] lookup : key[Enrolment]
14:18:43,729 DEBUG BaseGeneralDataRegion:52 - Cache[foo.org.hibernate.cache.spi.UpdateTimestampsCache] hit: Enrolment
14:18:43,729 DEBUG SQL:104 - 
    select
        student0_.studentId as studentId4_0_,
        student0_.name_first as name2_4_0_,
        student0_.name_middle as name3_4_0_,
        student0_.name_last as name4_4_0_,
        student0_.preferredCourseCode as preferre5_4_0_ 
    from
        Student student0_ 
    where
        student0_.studentId=?
14:18:43,730 DEBUG SQL:104 - 
    select
        secretcode0_.studentNumber as studentN1_4_0_,
        secretcode0_.secretCode as secretCode5_0_,
        secretcode0_.i as i0_ 
    from
        Student_secretCodes secretcode0_ 
    where
        secretcode0_.studentNumber=?
14:18:43,730 DEBUG SQL:104 - 
    select
        student0_.studentId as studentId4_0_,
        student0_.name_first as name2_4_0_,
        student0_.name_middle as name3_4_0_,
        student0_.name_last as name4_4_0_,
        student0_.preferredCourseCode as preferre5_4_0_ 
    from
        Student student0_ 
    where
        student0_.studentId=?
14:18:43,730 DEBUG SQL:104 - 
    select
        secretcode0_.studentNumber as studentN1_4_0_,
        secretcode0_.secretCode as secretCode5_0_,
        secretcode0_.i as i0_ 
    from
        Student_secretCodes secretcode0_ 
    where
        secretcode0_.studentNumber=?
14:18:43,731 DEBUG SQL:104 - 
    select
        student_.studentId,
        student_.name_first as name2_4_,
        student_.name_middle as name3_4_,
        student_.name_last as name4_4_,
        student_.preferredCourseCode as preferre5_4_ 
    from
        Student student_ 
    where
        student_.studentId=?
14:18:43,731 DEBUG SQL:104 - 
    select
        enrolment_.studentId,
        enrolment_.courseCode,
        enrolment_.semester as semester3_,
        enrolment_."year" as year4_3_ 
    from
        Enrolment enrolment_ 
    where
        enrolment_.studentId=? 
        and enrolment_.courseCode=?
14:18:43,743 DEBUG SQL:104 - 
    select
        course_.courseCode,
        course_.description as descript2_1_ 
    from
        Course course_ 
    where
        course_.courseCode=?
14:18:43,744 DEBUG SQL:104 - 
    select
        student_.studentId,
        student_.name_first as name2_4_,
        student_.name_middle as name3_4_,
        student_.name_last as name4_4_,
        student_.preferredCourseCode as preferre5_4_ 
    from
        Student student_ 
    where
        student_.studentId=?
14:18:43,744 DEBUG SQL:104 - 
    select
        enrolment_.studentId,
        enrolment_.courseCode,
        enrolment_.semester as semester3_,
        enrolment_."year" as year4_3_ 
    from
        Enrolment enrolment_ 
    where
        enrolment_.studentId=? 
        and enrolment_.courseCode=?
14:18:43,754 DEBUG SQL:104 - 
    select
        coursemeet_.courseCode,
        coursemeet_.day,
        coursemeet_.period,
        coursemeet_.location 
    from
        CourseMeeting coursemeet_ 
    where
        coursemeet_.courseCode=? 
        and coursemeet_.day=? 
        and coursemeet_.period=? 
        and coursemeet_.location=?
14:18:43,754 DEBUG SQL:104 - 
    select
        coursemeet_.courseCode,
        coursemeet_.day,
        coursemeet_.period,
        coursemeet_.location 
    from
        CourseMeeting coursemeet_ 
    where
        coursemeet_.courseCode=? 
        and coursemeet_.day=? 
        and coursemeet_.period=? 
        and coursemeet_.location=?
14:18:43,755 DEBUG BaseGeneralDataRegion:59 - Caching[foo.org.hibernate.cache.spi.UpdateTimestampsCache] : [Enrolment] -> [5579091082260480]
14:18:43,755 DEBUG SQL:104 - 
    update
        Address 
    set
        studentNumber=null,
        addressType=null 
    where
        studentNumber=?
14:18:43,755 DEBUG BaseGeneralDataRegion:59 - Caching[foo.org.hibernate.cache.spi.UpdateTimestampsCache] : [Address] -> [5579091082260481]
14:18:43,755 DEBUG SQL:104 - 
    delete 
    from
        Student_secretCodes 
    where
        studentNumber=?
14:18:43,776 DEBUG BaseGeneralDataRegion:59 - Caching[foo.org.hibernate.cache.spi.UpdateTimestampsCache] : [Student_secretCodes] -> [5579091082346496]
14:18:43,776 DEBUG BaseGeneralDataRegion:59 - Caching[foo.org.hibernate.cache.spi.UpdateTimestampsCache] : [Enrolment] -> [5579091082346497]
14:18:43,776 DEBUG BaseGeneralDataRegion:59 - Caching[foo.org.hibernate.cache.spi.UpdateTimestampsCache] : [Address] -> [5579091082346498]
14:18:43,776 DEBUG SQL:104 - 
    delete 
    from
        Student_secretCodes 
    where
        studentNumber=?
14:18:43,776 DEBUG BaseGeneralDataRegion:59 - Caching[foo.org.hibernate.cache.spi.UpdateTimestampsCache] : [Student_secretCodes] -> [5579091082346499]
14:18:43,776 DEBUG BaseGeneralDataRegion:59 - Caching[foo.org.hibernate.cache.spi.UpdateTimestampsCache] : [CourseMeeting] -> [5579091082346500]
14:18:43,777 DEBUG SQL:104 - 
    delete 
    from
        Enrolment 
    where
        studentId=? 
        and courseCode=?
14:18:43,777 DEBUG BaseGeneralDataRegion:59 - Caching[foo.org.hibernate.cache.spi.UpdateTimestampsCache] : [Enrolment] -> [5579091082350592]
14:18:43,777 DEBUG SQL:104 - 
    delete 
    from
        Address 
    where
        id=?
14:18:43,777 DEBUG BaseGeneralDataRegion:59 - Caching[foo.org.hibernate.cache.spi.UpdateTimestampsCache] : [Address] -> [5579091082350593]
14:18:43,786 DEBUG SQL:104 - 
    delete 
    from
        Address 
    where
        id=?
14:18:43,787 DEBUG BaseGeneralDataRegion:59 - Caching[foo.org.hibernate.cache.spi.UpdateTimestampsCache] : [Address] -> [5579091082391552]
14:18:43,787 DEBUG SQL:104 - 
    delete 
    from
        Student 
    where
        studentId=?
14:18:43,787 DEBUG BaseGeneralDataRegion:59 - Caching[foo.org.hibernate.cache.spi.UpdateTimestampsCache] : [Student] -> [5579091082391553]
14:18:43,787 DEBUG SQL:104 - 
    delete 
    from
        Enrolment 
    where
        studentId=? 
        and courseCode=?
14:18:43,787 DEBUG BaseGeneralDataRegion:59 - Caching[foo.org.hibernate.cache.spi.UpdateTimestampsCache] : [Enrolment] -> [5579091082391554]
14:18:43,787 DEBUG SQL:104 - 
    delete 
    from
        Student 
    where
        studentId=?
14:18:43,797 DEBUG BaseGeneralDataRegion:59 - Caching[foo.org.hibernate.cache.spi.UpdateTimestampsCache] : [Student] -> [5579091082432512]
14:18:43,798 DEBUG SQL:104 - 
    delete 
    from
        CourseMeeting 
    where
        courseCode=? 
        and day=? 
        and period=? 
        and location=?
14:18:43,798 DEBUG BaseGeneralDataRegion:59 - Caching[foo.org.hibernate.cache.spi.UpdateTimestampsCache] : [CourseMeeting] -> [5579091082436608]
14:18:43,798 DEBUG SQL:104 - 
    delete 
    from
        CourseMeeting 
    where
        courseCode=? 
        and day=? 
        and period=? 
        and location=?
14:18:43,798 DEBUG BaseGeneralDataRegion:59 - Caching[foo.org.hibernate.cache.spi.UpdateTimestampsCache] : [CourseMeeting] -> [5579091082436609]
14:18:43,798 DEBUG SQL:104 - 
    delete 
    from
        Course 
    where
        courseCode=?
14:18:43,806 DEBUG BaseGeneralDataRegion:59 - Caching[foo.org.hibernate.cache.spi.UpdateTimestampsCache] : [Course] -> [5579091082469376]
14:18:43,807 DEBUG BaseGeneralDataRegion:59 - Caching[foo.org.hibernate.cache.spi.UpdateTimestampsCache] : [Student] -> [5579090836713472]
14:18:43,807 DEBUG BaseGeneralDataRegion:59 - Caching[foo.org.hibernate.cache.spi.UpdateTimestampsCache] : [Course] -> [5579090836713472]
14:18:43,807 DEBUG BaseGeneralDataRegion:59 - Caching[foo.org.hibernate.cache.spi.UpdateTimestampsCache] : [Enrolment] -> [5579090836713472]
14:18:43,807 DEBUG BaseGeneralDataRegion:59 - Caching[foo.org.hibernate.cache.spi.UpdateTimestampsCache] : [Student_secretCodes] -> [5579090836713472]
14:18:43,807 DEBUG BaseGeneralDataRegion:59 - Caching[foo.org.hibernate.cache.spi.UpdateTimestampsCache] : [Address] -> [5579090836713472]
14:18:43,807 DEBUG BaseGeneralDataRegion:59 - Caching[foo.org.hibernate.cache.spi.UpdateTimestampsCache] : [CourseMeeting] -> [5579090836713472]
14:18:43,807  INFO CustomRunner:139 - Test: testJoinWithFetchJoinWithOwnerAndPropProjectedList
14:18:43,808 DEBUG SQL:104 - 
    select
        coursemeet_.courseCode,
        coursemeet_.day,
        coursemeet_.period,
        coursemeet_.location 
    from
        CourseMeeting coursemeet_ 
    where
        coursemeet_.courseCode=? 
        and coursemeet_.day=? 
        and coursemeet_.period=? 
        and coursemeet_.location=?
14:18:43,809 DEBUG SQL:104 - 
    select
        coursemeet_.courseCode,
        coursemeet_.day,
        coursemeet_.period,
        coursemeet_.location 
    from
        CourseMeeting coursemeet_ 
    where
        coursemeet_.courseCode=? 
        and coursemeet_.day=? 
        and coursemeet_.period=? 
        and coursemeet_.location=?
14:18:43,817 DEBUG SQL:104 - 
    insert 
    into
        Course
        (description, courseCode) 
    values
        (?, ?)
14:18:43,818 DEBUG BaseGeneralDataRegion:59 - Caching[foo.org.hibernate.cache.spi.UpdateTimestampsCache] : [Course] -> [5579091082518528]
14:18:43,818 DEBUG SQL:104 - 
    insert 
    into
        CourseMeeting
        (courseCode, day, period, location) 
    values
        (?, ?, ?, ?)
14:18:43,818 DEBUG BaseGeneralDataRegion:59 - Caching[foo.org.hibernate.cache.spi.UpdateTimestampsCache] : [CourseMeeting] -> [5579091082518529]
14:18:43,818 DEBUG SQL:104 - 
    insert 
    into
        CourseMeeting
        (courseCode, day, period, location) 
    values
        (?, ?, ?, ?)
14:18:43,827 DEBUG BaseGeneralDataRegion:59 - Caching[foo.org.hibernate.cache.spi.UpdateTimestampsCache] : [CourseMeeting] -> [5579091082555392]
14:18:43,827 DEBUG SQL:104 - 
    insert 
    into
        Student
        (name_first, name_middle, name_last, preferredCourseCode, studentId) 
    values
        (?, ?, ?, ?, ?)
14:18:43,827 DEBUG BaseGeneralDataRegion:59 - Caching[foo.org.hibernate.cache.spi.UpdateTimestampsCache] : [Student] -> [5579091082555393]
14:18:43,828 DEBUG SQL:104 - 
    insert 
    into
        Address
        (addressType, street, city, stateProvince, postalCode, country, studentNumber, id) 
    values
        (?, ?, ?, ?, ?, ?, ?, ?)
14:18:43,828 DEBUG BaseGeneralDataRegion:59 - Caching[foo.org.hibernate.cache.spi.UpdateTimestampsCache] : [Address] -> [5579091082559488]
14:18:43,828 DEBUG SQL:104 - 
    insert 
    into
        Address
        (addressType, street, city, stateProvince, postalCode, country, studentNumber, id) 
    values
        (?, ?, ?, ?, ?, ?, ?, ?)
14:18:43,828 DEBUG BaseGeneralDataRegion:59 - Caching[foo.org.hibernate.cache.spi.UpdateTimestampsCache] : [Address] -> [5579091082559489]
14:18:43,828 DEBUG SQL:104 - 
    insert 
    into
        Student
        (name_first, name_middle, name_last, preferredCourseCode, studentId) 
    values
        (?, ?, ?, ?, ?)
14:18:43,842 DEBUG BaseGeneralDataRegion:59 - Caching[foo.org.hibernate.cache.spi.UpdateTimestampsCache] : [Student] -> [5579091082616832]
14:18:43,842 DEBUG SQL:104 - 
    insert 
    into
        Enrolment
        (semester, "year", studentId, courseCode) 
    values
        (?, ?, ?, ?)
14:18:43,843 DEBUG BaseGeneralDataRegion:59 - Caching[foo.org.hibernate.cache.spi.UpdateTimestampsCache] : [Enrolment] -> [5579091082620928]
14:18:43,843 DEBUG SQL:104 - 
    insert 
    into
        Enrolment
        (semester, "year", studentId, courseCode) 
    values
        (?, ?, ?, ?)
14:18:43,843 DEBUG BaseGeneralDataRegion:59 - Caching[foo.org.hibernate.cache.spi.UpdateTimestampsCache] : [Enrolment] -> [5579091082620929]
14:18:43,843 DEBUG BaseGeneralDataRegion:59 - Caching[foo.org.hibernate.cache.spi.UpdateTimestampsCache] : [CourseMeeting] -> [5579091082620930]
14:18:43,843 DEBUG BaseGeneralDataRegion:59 - Caching[foo.org.hibernate.cache.spi.UpdateTimestampsCache] : [Enrolment] -> [5579091082620931]
14:18:43,843 DEBUG SQL:104 - 
    update
        Address 
    set
        studentNumber=?,
        addressType=? 
    where
        id=?
14:18:43,849 DEBUG SQL:104 - 
    update
        Address 
    set
        studentNumber=?,
        addressType=? 
    where
        id=?
14:18:43,849 DEBUG BaseGeneralDataRegion:59 - Caching[foo.org.hibernate.cache.spi.UpdateTimestampsCache] : [Address] -> [5579091082645504]
14:18:43,849 DEBUG SQL:104 - 
    insert 
    into
        Student_secretCodes
        (studentNumber, i, secretCode) 
    values
        (?, ?, ?)
14:18:43,849 DEBUG BaseGeneralDataRegion:59 - Caching[foo.org.hibernate.cache.spi.UpdateTimestampsCache] : [Student_secretCodes] -> [5579091082645505]
14:18:43,850 DEBUG BaseGeneralDataRegion:59 - Caching[foo.org.hibernate.cache.spi.UpdateTimestampsCache] : [Enrolment] -> [5579091082649600]
14:18:43,850 DEBUG BaseGeneralDataRegion:59 - Caching[foo.org.hibernate.cache.spi.UpdateTimestampsCache] : [Address] -> [5579091082649601]
14:18:43,850 DEBUG SQL:104 - 
    insert 
    into
        Student_secretCodes
        (studentNumber, i, secretCode) 
    values
        (?, ?, ?)
14:18:43,850 DEBUG SQL:104 - 
    insert 
    into
        Student_secretCodes
        (studentNumber, i, secretCode) 
    values
        (?, ?, ?)
14:18:43,860 DEBUG BaseGeneralDataRegion:59 - Caching[foo.org.hibernate.cache.spi.UpdateTimestampsCache] : [Student_secretCodes] -> [5579091082690560]
14:18:43,860 DEBUG BaseGeneralDataRegion:59 - Caching[foo.org.hibernate.cache.spi.UpdateTimestampsCache] : [Student] -> [5579090836930561]
14:18:43,860 DEBUG BaseGeneralDataRegion:59 - Caching[foo.org.hibernate.cache.spi.UpdateTimestampsCache] : [Course] -> [5579090836930561]
14:18:43,860 DEBUG BaseGeneralDataRegion:59 - Caching[foo.org.hibernate.cache.spi.UpdateTimestampsCache] : [Enrolment] -> [5579090836930561]
14:18:43,860 DEBUG BaseGeneralDataRegion:59 - Caching[foo.org.hibernate.cache.spi.UpdateTimestampsCache] : [Student_secretCodes] -> [5579090836930561]
14:18:43,860 DEBUG BaseGeneralDataRegion:59 - Caching[foo.org.hibernate.cache.spi.UpdateTimestampsCache] : [Address] -> [5579090836930561]
14:18:43,860 DEBUG BaseGeneralDataRegion:59 - Caching[foo.org.hibernate.cache.spi.UpdateTimestampsCache] : [CourseMeeting] -> [5579090836930561]
14:18:43,861 DEBUG QueryTranslatorImpl:265 - parse() - HQL: select s, s.name from org.hibernate.test.querycache.Student s left join fetch s.enrolments left join s.preferredCourse order by s.studentNumber
14:18:43,862 DEBUG QueryTranslatorImpl:283 - --- HQL AST ---
 \-[QUERY] Node: 'query'
    +-[SELECT_FROM] Node: 'SELECT_FROM'
    |  +-[FROM] Node: 'from'
    |  |  +-[RANGE] Node: 'RANGE'
    |  |  |  +-[DOT] Node: '.'
    |  |  |  |  +-[DOT] Node: '.'
    |  |  |  |  |  +-[DOT] Node: '.'
    |  |  |  |  |  |  +-[DOT] Node: '.'
    |  |  |  |  |  |  |  +-[IDENT] Node: 'org'
    |  |  |  |  |  |  |  \-[IDENT] Node: 'hibernate'
    |  |  |  |  |  |  \-[IDENT] Node: 'test'
    |  |  |  |  |  \-[IDENT] Node: 'querycache'
    |  |  |  |  \-[IDENT] Node: 'Student'
    |  |  |  \-[ALIAS] Node: 's'
    |  |  +-[JOIN] Node: 'join'
    |  |  |  +-[LEFT] Node: 'left'
    |  |  |  +-[FETCH] Node: 'fetch'
    |  |  |  \-[DOT] Node: '.'
    |  |  |     +-[IDENT] Node: 's'
    |  |  |     \-[IDENT] Node: 'enrolments'
    |  |  \-[JOIN] Node: 'join'
    |  |     +-[LEFT] Node: 'left'
    |  |     \-[DOT] Node: '.'
    |  |        +-[IDENT] Node: 's'
    |  |        \-[IDENT] Node: 'preferredCourse'
    |  \-[SELECT] Node: 'select'
    |     +-[IDENT] Node: 's'
    |     \-[DOT] Node: '.'
    |        +-[IDENT] Node: 's'
    |        \-[IDENT] Node: 'name'
    \-[ORDER] Node: 'order'
       \-[DOT] Node: '.'
          +-[IDENT] Node: 's'
          \-[IDENT] Node: 'studentNumber'

14:18:43,863 DEBUG ErrorCounter:82 - throwQueryException() : no errors
14:18:43,863 DEBUG FromElement:157 - FromClause{level=1} : org.hibernate.test.querycache.Student (s) -> student0_
14:18:43,863 DEBUG FromReferenceNode:74 - Resolved : s -> student0_.studentId
14:18:43,863 DEBUG DotNode:599 - getDataType() : enrolments -> org.hibernate.type.SetType(org.hibernate.test.querycache.Student.enrolments)
14:18:43,863 DEBUG FromElementFactory:376 - createEntityAssociation() : One to many - path = s.enrolments role = org.hibernate.test.querycache.Student.enrolments associatedEntityName = org.hibernate.test.querycache.Enrolment
14:18:43,863 DEBUG FromElement:157 - FromClause{level=1} : org.hibernate.test.querycache.Enrolment (<no alias>) -> enrolments1_
14:18:43,864 DEBUG FromClause:282 - addJoinByPathMap() : s.enrolments -> FromElement{explicit,not a collection join,not a fetch join,fetch non-lazy properties,classAlias=null,role=null,tableName=Enrolment,tableAlias=enrolments1_,origin=Student student0_,columns={student0_.studentId ,className=org.hibernate.test.querycache.Enrolment}}
14:18:43,864 DEBUG DotNode:308 - dereferenceCollection() : Created new FROM element for s.enrolments : Enrolment enrolments1_
14:18:43,864 DEBUG FromReferenceNode:74 - Resolved : s.enrolments -> .
14:18:43,864 DEBUG HqlSqlWalker:403 - createFromJoinElement() : -- join tree --
 \-[JOIN_FRAGMENT] FromElement: 'Enrolment enrolments1_' FromElement{explicit,not a collection join,fetch join,fetch non-lazy properties,classAlias=null,role=org.hibernate.test.querycache.Student.enrolments,tableName=Enrolment,tableAlias=enrolments1_,origin=Student student0_,columns={student0_.studentId ,className=org.hibernate.test.querycache.Enrolment}}

14:18:43,872 DEBUG FromReferenceNode:74 - Resolved : s -> student0_.studentId
14:18:43,873 DEBUG DotNode:599 - getDataType() : preferredCourse -> org.hibernate.type.ManyToOneType(org.hibernate.test.querycache.Course)
14:18:43,873 DEBUG DotNode:389 - dereferenceEntityJoin() : generating join for preferredCourse in org.hibernate.test.querycache.Student (<no alias>) parent = [ {null} ]
14:18:43,873 DEBUG FromElement:157 - FromClause{level=1} : org.hibernate.test.querycache.Course (<no alias>) -> course2_
14:18:43,873 DEBUG FromClause:282 - addJoinByPathMap() : s.preferredCourse -> FromElement{explicit,not a collection join,not a fetch join,fetch non-lazy properties,classAlias=null,role=null,tableName=Course,tableAlias=course2_,origin=Student student0_,columns={student0_.preferredCourseCode ,className=org.hibernate.test.querycache.Course}}
14:18:43,873 DEBUG FromReferenceNode:74 - Resolved : s.preferredCourse -> student0_.preferredCourseCode
14:18:43,873 DEBUG HqlSqlWalker:403 - createFromJoinElement() : -- join tree --
 \-[JOIN_FRAGMENT] FromElement: 'Course course2_' FromElement{explicit,not a collection join,not a fetch join,fetch non-lazy properties,classAlias=null,role=null,tableName=Course,tableAlias=course2_,origin=Student student0_,columns={student0_.preferredCourseCode ,className=org.hibernate.test.querycache.Course}}

14:18:43,873 DEBUG FromReferenceNode:74 - Resolved : s -> student0_.studentId
14:18:43,874 DEBUG FromReferenceNode:74 - Resolved : s -> student0_.studentId
14:18:43,874 DEBUG DotNode:599 - getDataType() : name -> org.hibernate.type.ComponentType@2b5b5cbc
14:18:43,874 DEBUG DotNode:588 - Terminal propertyPath = [name]
14:18:43,874 DEBUG FromReferenceNode:74 - Resolved : s.name -> student0_.name_first, student0_.name_middle, student0_.name_last
14:18:43,874 DEBUG FromReferenceNode:74 - Resolved : s -> student0_.studentId
14:18:43,874 DEBUG DotNode:599 - getDataType() : studentNumber -> org.hibernate.type.LongType@4bf3f9d
14:18:43,874 DEBUG FromReferenceNode:74 - Resolved : s.studentNumber -> student0_.studentId
14:18:43,874 DEBUG HqlSqlWalker:629 - processQuery() :  ( SELECT ( {select clause} student0_.studentId ( student0_.name_first, student0_.name_middle, student0_.name_last student0_.studentId name ) ) ( FromClause{level=1} ( Student student0_ Enrolment enrolments1_ Course course2_ ) ) ( order ( student0_.studentId student0_.studentId studentNumber ) ) )
14:18:43,875 DEBUG JoinProcessor:175 - Using FROM fragment [Student student0_]
14:18:43,875 DEBUG JoinProcessor:175 - Using FROM fragment [left outer join Enrolment enrolments1_ on student0_.studentId=enrolments1_.studentId]
14:18:43,875 DEBUG JoinProcessor:175 - Using FROM fragment [left outer join Course course2_ on student0_.preferredCourseCode=course2_.courseCode]
14:18:43,875 DEBUG QueryTranslatorImpl:252 - --- SQL AST ---
 \-[SELECT] QueryNode: 'SELECT'  querySpaces (Student,Course,Enrolment)
    +-[SELECT_CLAUSE] SelectClause: '{select clause}'
    |  +-[ALIAS_REF] IdentNode: 'student0_.studentId as col_0_0_' {alias=s, className=org.hibernate.test.querycache.Student, tableAlias=student0_}
    |  +-[DOT] DotNode: 'student0_.name_first' {propertyName=name,dereferenceType=2,propertyPath=name,path=s.name,tableAlias=student0_,className=org.hibernate.test.querycache.Student,classAlias=s}
    |  |  +-[ALIAS_REF] IdentNode: 'student0_.studentId' {alias=s, className=org.hibernate.test.querycache.Student, tableAlias=student0_}
    |  |  \-[IDENT] IdentNode: 'name' {originalText=name}
    |  +-[SELECT_COLUMNS] SqlNode: ' as col_1_0_'
    |  +-[SQL_TOKEN] SqlFragment: 'student0_.name_middle'
    |  +-[SELECT_COLUMNS] SqlNode: ' as col_1_1_'
    |  +-[SQL_TOKEN] SqlFragment: 'student0_.name_last'
    |  +-[SELECT_COLUMNS] SqlNode: ' as col_1_2_'
    |  +-[SELECT_EXPR] SelectExpressionImpl: 'enrolments1_.studentId as studentId3_1_, enrolments1_.courseCode as courseCode3_1_' {FromElement{explicit,not a collection join,fetch join,fetch non-lazy properties,classAlias=null,role=org.hibernate.test.querycache.Student.enrolments,tableName=Enrolment,tableAlias=enrolments1_,origin=Student student0_,columns={student0_.studentId ,className=org.hibernate.test.querycache.Enrolment}}}
    |  +-[SQL_TOKEN] SqlFragment: 'student0_.studentId as studentId4_0_'
    |  +-[SQL_TOKEN] SqlFragment: 'enrolments1_.studentId as studentId3_1_, enrolments1_.courseCode as courseCode3_1_'
    |  +-[SQL_TOKEN] SqlFragment: 'student0_.name_first as name2_4_0_, student0_.name_middle as name3_4_0_, student0_.name_last as name4_4_0_, student0_.preferredCourseCode as preferre5_4_0_'
    |  +-[SQL_TOKEN] SqlFragment: 'enrolments1_.semester as semester3_1_, enrolments1_."year" as year4_3_1_'
    |  \-[SQL_TOKEN] SqlFragment: 'enrolments1_.studentId as studentId4_0__, enrolments1_.studentId as studentId3_0__, enrolments1_.courseCode as courseCode3_0__'
    +-[FROM] FromClause: 'from' FromClause{level=1, fromElementCounter=3, fromElements=3, fromElementByClassAlias=[s], fromElementByTableAlias=[student0_, course2_, enrolments1_], fromElementsByPath=[s.enrolments, s.preferredCourse], collectionJoinFromElementsByPath=[], impliedElements=[]}
    |  \-[FROM_FRAGMENT] FromElement: 'Student student0_' FromElement{explicit,not a collection join,not a fetch join,fetch non-lazy properties,classAlias=s,role=null,tableName=Student,tableAlias=student0_,origin=null,columns={,className=org.hibernate.test.querycache.Student}}
    |     +-[JOIN_FRAGMENT] FromElement: 'left outer join Enrolment enrolments1_ on student0_.studentId=enrolments1_.studentId' FromElement{explicit,not a collection join,fetch join,fetch non-lazy properties,classAlias=null,role=org.hibernate.test.querycache.Student.enrolments,tableName=Enrolment,tableAlias=enrolments1_,origin=Student student0_,columns={student0_.studentId ,className=org.hibernate.test.querycache.Enrolment}}
    |     \-[JOIN_FRAGMENT] FromElement: 'left outer join Course course2_ on student0_.preferredCourseCode=course2_.courseCode' FromElement{explicit,not a collection join,not a fetch join,fetch non-lazy properties,classAlias=null,role=null,tableName=Course,tableAlias=course2_,origin=Student student0_,columns={student0_.preferredCourseCode ,className=org.hibernate.test.querycache.Course}}
    \-[ORDER] OrderByClause: 'order'
       \-[DOT] DotNode: 'student0_.studentId' {propertyName=studentNumber,dereferenceType=ALL,propertyPath=studentNumber,path=s.studentNumber,tableAlias=student0_,className=org.hibernate.test.querycache.Student,classAlias=s}
          +-[ALIAS_REF] IdentNode: 'student0_.studentId' {alias=s, className=org.hibernate.test.querycache.Student, tableAlias=student0_}
          \-[IDENT] IdentNode: 'studentNumber' {originalText=studentNumber}

14:18:43,884 DEBUG ErrorCounter:82 - throwQueryException() : no errors
14:18:43,884 DEBUG QueryTranslatorImpl:235 - HQL: select s, s.name from org.hibernate.test.querycache.Student s left join fetch s.enrolments left join s.preferredCourse order by s.studentNumber
14:18:43,885 DEBUG QueryTranslatorImpl:236 - SQL: select student0_.studentId as col_0_0_, student0_.name_first as col_1_0_, student0_.name_middle as col_1_1_, student0_.name_last as col_1_2_, enrolments1_.studentId as studentId3_1_, enrolments1_.courseCode as courseCode3_1_, student0_.studentId as studentId4_0_, enrolments1_.studentId as studentId3_1_, enrolments1_.courseCode as courseCode3_1_, student0_.name_first as name2_4_0_, student0_.name_middle as name3_4_0_, student0_.name_last as name4_4_0_, student0_.preferredCourseCode as preferre5_4_0_, enrolments1_.semester as semester3_1_, enrolments1_."year" as year4_3_1_, enrolments1_.studentId as studentId4_0__, enrolments1_.studentId as studentId3_0__, enrolments1_.courseCode as courseCode3_0__ from Student student0_ left outer join Enrolment enrolments1_ on student0_.studentId=enrolments1_.studentId left outer join Course course2_ on student0_.preferredCourseCode=course2_.courseCode order by student0_.studentId
14:18:43,885 DEBUG ErrorCounter:82 - throwQueryException() : no errors
14:18:43,885 DEBUG BaseGeneralDataRegion:46 - Cache[foo.org.hibernate.cache.internal.StandardQueryCache] lookup : key[sql: select student0_.studentId as col_0_0_, student0_.name_first as col_1_0_, student0_.name_middle as col_1_1_, student0_.name_last as col_1_2_, enrolments1_.studentId as studentId3_1_, enrolments1_.courseCode as courseCode3_1_, student0_.studentId as studentId4_0_, enrolments1_.studentId as studentId3_1_, enrolments1_.courseCode as courseCode3_1_, student0_.name_first as name2_4_0_, student0_.name_middle as name3_4_0_, student0_.name_last as name4_4_0_, student0_.preferredCourseCode as preferre5_4_0_, enrolments1_.semester as semester3_1_, enrolments1_."year" as year4_3_1_, enrolments1_.studentId as studentId4_0__, enrolments1_.studentId as studentId3_0__, enrolments1_.courseCode as courseCode3_0__ from Student student0_ left outer join Enrolment enrolments1_ on student0_.studentId=enrolments1_.studentId left outer join Course course2_ on student0_.preferredCourseCode=course2_.courseCode order by student0_.studentId; parameters: ; named parameters: {}; transformer: org.hibernate.transform.CacheableResultTransformer@1406bf]
14:18:43,885 DEBUG SQL:104 - 
    select
        student0_.studentId as col_0_0_,
        student0_.name_first as col_1_0_,
        student0_.name_middle as col_1_1_,
        student0_.name_last as col_1_2_,
        enrolments1_.studentId as studentId3_1_,
        enrolments1_.courseCode as courseCode3_1_,
        student0_.studentId as studentId4_0_,
        enrolments1_.studentId as studentId3_1_,
        enrolments1_.courseCode as courseCode3_1_,
        student0_.name_first as name2_4_0_,
        student0_.name_middle as name3_4_0_,
        student0_.name_last as name4_4_0_,
        student0_.preferredCourseCode as preferre5_4_0_,
        enrolments1_.semester as semester3_1_,
        enrolments1_."year" as year4_3_1_,
        enrolments1_.studentId as studentId4_0__,
        enrolments1_.studentId as studentId3_0__,
        enrolments1_.courseCode as courseCode3_0__ 
    from
        Student student0_ 
    left outer join
        Enrolment enrolments1_ 
            on student0_.studentId=enrolments1_.studentId 
    left outer join
        Course course2_ 
            on student0_.preferredCourseCode=course2_.courseCode 
    order by
        student0_.studentId
14:18:43,907 DEBUG SQL:104 - 
    select
        course0_.courseCode as courseCode1_0_,
        course0_.description as descript2_1_0_ 
    from
        Course course0_ 
    where
        course0_.courseCode=?
14:18:43,908 DEBUG SQL:104 - 
    select
        secretcode0_.studentNumber as studentN1_4_0_,
        secretcode0_.secretCode as secretCode5_0_,
        secretcode0_.i as i0_ 
    from
        Student_secretCodes secretcode0_ 
    where
        secretcode0_.studentNumber=?
14:18:43,908 DEBUG SQL:104 - 
    select
        coursemeet0_.courseCode as courseCode1_1_,
        coursemeet0_.courseCode as courseCode2_1_,
        coursemeet0_.day as day2_1_,
        coursemeet0_.period as period2_1_,
        coursemeet0_.location as location2_1_,
        coursemeet0_.courseCode as courseCode2_0_,
        coursemeet0_.day as day2_0_,
        coursemeet0_.period as period2_0_,
        coursemeet0_.location as location2_0_ 
    from
        CourseMeeting coursemeet0_ 
    where
        coursemeet0_.courseCode=?
14:18:43,918 DEBUG SQL:104 - 
    select
        secretcode0_.studentNumber as studentN1_4_0_,
        secretcode0_.secretCode as secretCode5_0_,
        secretcode0_.i as i0_ 
    from
        Student_secretCodes secretcode0_ 
    where
        secretcode0_.studentNumber=?
14:18:43,919 DEBUG BaseGeneralDataRegion:59 - Caching[foo.org.hibernate.cache.internal.StandardQueryCache] : [sql: select student0_.studentId as col_0_0_, student0_.name_first as col_1_0_, student0_.name_middle as col_1_1_, student0_.name_last as col_1_2_, enrolments1_.studentId as studentId3_1_, enrolments1_.courseCode as courseCode3_1_, student0_.studentId as studentId4_0_, enrolments1_.studentId as studentId3_1_, enrolments1_.courseCode as courseCode3_1_, student0_.name_first as name2_4_0_, student0_.name_middle as name3_4_0_, student0_.name_last as name4_4_0_, student0_.preferredCourseCode as preferre5_4_0_, enrolments1_.semester as semester3_1_, enrolments1_."year" as year4_3_1_, enrolments1_.studentId as studentId4_0__, enrolments1_.studentId as studentId3_0__, enrolments1_.courseCode as courseCode3_0__ from Student student0_ left outer join Enrolment enrolments1_ on student0_.studentId=enrolments1_.studentId left outer join Course course2_ on student0_.preferredCourseCode=course2_.courseCode order by student0_.studentId; parameters: ; named parameters: {}; transformer: org.hibernate.transform.CacheableResultTransformer@1406bf] -> [[5579090837168128, [Ljava.io.Serializable;@c5c6ae5, [Ljava.io.Serializable;@76de6ba]]
14:18:43,922 DEBUG BaseGeneralDataRegion:46 - Cache[foo.org.hibernate.cache.internal.StandardQueryCache] lookup : key[sql: select student0_.studentId as col_0_0_, student0_.name_first as col_1_0_, student0_.name_middle as col_1_1_, student0_.name_last as col_1_2_, enrolments1_.studentId as studentId3_1_, enrolments1_.courseCode as courseCode3_1_, student0_.studentId as studentId4_0_, enrolments1_.studentId as studentId3_1_, enrolments1_.courseCode as courseCode3_1_, student0_.name_first as name2_4_0_, student0_.name_middle as name3_4_0_, student0_.name_last as name4_4_0_, student0_.preferredCourseCode as preferre5_4_0_, enrolments1_.semester as semester3_1_, enrolments1_."year" as year4_3_1_, enrolments1_.studentId as studentId4_0__, enrolments1_.studentId as studentId3_0__, enrolments1_.courseCode as courseCode3_0__ from Student student0_ left outer join Enrolment enrolments1_ on student0_.studentId=enrolments1_.studentId left outer join Course course2_ on student0_.preferredCourseCode=course2_.courseCode order by student0_.studentId; parameters: ; named parameters: {}; transformer: org.hibernate.transform.CacheableResultTransformer@1406bf]
14:18:43,922 DEBUG BaseGeneralDataRegion:52 - Cache[foo.org.hibernate.cache.internal.StandardQueryCache] hit: sql: select student0_.studentId as col_0_0_, student0_.name_first as col_1_0_, student0_.name_middle as col_1_1_, student0_.name_last as col_1_2_, enrolments1_.studentId as studentId3_1_, enrolments1_.courseCode as courseCode3_1_, student0_.studentId as studentId4_0_, enrolments1_.studentId as studentId3_1_, enrolments1_.courseCode as courseCode3_1_, student0_.name_first as name2_4_0_, student0_.name_middle as name3_4_0_, student0_.name_last as name4_4_0_, student0_.preferredCourseCode as preferre5_4_0_, enrolments1_.semester as semester3_1_, enrolments1_."year" as year4_3_1_, enrolments1_.studentId as studentId4_0__, enrolments1_.studentId as studentId3_0__, enrolments1_.courseCode as courseCode3_0__ from Student student0_ left outer join Enrolment enrolments1_ on student0_.studentId=enrolments1_.studentId left outer join Course course2_ on student0_.preferredCourseCode=course2_.courseCode order by student0_.studentId; parameters: ; named parameters: {}; transformer: org.hibernate.transform.CacheableResultTransformer@1406bf
14:18:43,922 DEBUG BaseGeneralDataRegion:46 - Cache[foo.org.hibernate.cache.spi.UpdateTimestampsCache] lookup : key[Student]
14:18:43,922 DEBUG BaseGeneralDataRegion:52 - Cache[foo.org.hibernate.cache.spi.UpdateTimestampsCache] hit: Student
14:18:43,922 DEBUG BaseGeneralDataRegion:46 - Cache[foo.org.hibernate.cache.spi.UpdateTimestampsCache] lookup : key[Course]
14:18:43,922 DEBUG BaseGeneralDataRegion:52 - Cache[foo.org.hibernate.cache.spi.UpdateTimestampsCache] hit: Course
14:18:43,922 DEBUG BaseGeneralDataRegion:46 - Cache[foo.org.hibernate.cache.spi.UpdateTimestampsCache] lookup : key[Enrolment]
14:18:43,923 DEBUG BaseGeneralDataRegion:52 - Cache[foo.org.hibernate.cache.spi.UpdateTimestampsCache] hit: Enrolment
14:18:43,923 DEBUG SQL:104 - 
    select
        student0_.studentId as studentId4_0_,
        student0_.name_first as name2_4_0_,
        student0_.name_middle as name3_4_0_,
        student0_.name_last as name4_4_0_,
        student0_.preferredCourseCode as preferre5_4_0_ 
    from
        Student student0_ 
    where
        student0_.studentId=?
14:18:43,929 DEBUG SQL:104 - 
    select
        secretcode0_.studentNumber as studentN1_4_0_,
        secretcode0_.secretCode as secretCode5_0_,
        secretcode0_.i as i0_ 
    from
        Student_secretCodes secretcode0_ 
    where
        secretcode0_.studentNumber=?
14:18:43,930 DEBUG SQL:104 - 
    select
        student0_.studentId as studentId4_0_,
        student0_.name_first as name2_4_0_,
        student0_.name_middle as name3_4_0_,
        student0_.name_last as name4_4_0_,
        student0_.preferredCourseCode as preferre5_4_0_ 
    from
        Student student0_ 
    where
        student0_.studentId=?
14:18:43,930 DEBUG SQL:104 - 
    select
        secretcode0_.studentNumber as studentN1_4_0_,
        secretcode0_.secretCode as secretCode5_0_,
        secretcode0_.i as i0_ 
    from
        Student_secretCodes secretcode0_ 
    where
        secretcode0_.studentNumber=?
14:18:43,938 DEBUG SQL:104 - 
    select
        student_.studentId,
        student_.name_first as name2_4_,
        student_.name_middle as name3_4_,
        student_.name_last as name4_4_,
        student_.preferredCourseCode as preferre5_4_ 
    from
        Student student_ 
    where
        student_.studentId=?
14:18:43,939 DEBUG SQL:104 - 
    select
        enrolment_.studentId,
        enrolment_.courseCode,
        enrolment_.semester as semester3_,
        enrolment_."year" as year4_3_ 
    from
        Enrolment enrolment_ 
    where
        enrolment_.studentId=? 
        and enrolment_.courseCode=?
14:18:43,949 DEBUG SQL:104 - 
    select
        course_.courseCode,
        course_.description as descript2_1_ 
    from
        Course course_ 
    where
        course_.courseCode=?
14:18:43,949 DEBUG SQL:104 - 
    select
        student_.studentId,
        student_.name_first as name2_4_,
        student_.name_middle as name3_4_,
        student_.name_last as name4_4_,
        student_.preferredCourseCode as preferre5_4_ 
    from
        Student student_ 
    where
        student_.studentId=?
14:18:43,949 DEBUG SQL:104 - 
    select
        enrolment_.studentId,
        enrolment_.courseCode,
        enrolment_.semester as semester3_,
        enrolment_."year" as year4_3_ 
    from
        Enrolment enrolment_ 
    where
        enrolment_.studentId=? 
        and enrolment_.courseCode=?
14:18:43,959 DEBUG SQL:104 - 
    select
        coursemeet_.courseCode,
        coursemeet_.day,
        coursemeet_.period,
        coursemeet_.location 
    from
        CourseMeeting coursemeet_ 
    where
        coursemeet_.courseCode=? 
        and coursemeet_.day=? 
        and coursemeet_.period=? 
        and coursemeet_.location=?
14:18:43,960 DEBUG SQL:104 - 
    select
        coursemeet_.courseCode,
        coursemeet_.day,
        coursemeet_.period,
        coursemeet_.location 
    from
        CourseMeeting coursemeet_ 
    where
        coursemeet_.courseCode=? 
        and coursemeet_.day=? 
        and coursemeet_.period=? 
        and coursemeet_.location=?
14:18:43,961 DEBUG BaseGeneralDataRegion:59 - Caching[foo.org.hibernate.cache.spi.UpdateTimestampsCache] : [Enrolment] -> [5579091083104256]
14:18:43,961 DEBUG SQL:104 - 
    update
        Address 
    set
        studentNumber=null,
        addressType=null 
    where
        studentNumber=?
14:18:43,970 DEBUG BaseGeneralDataRegion:59 - Caching[foo.org.hibernate.cache.spi.UpdateTimestampsCache] : [Address] -> [5579091083141120]
14:18:43,971 DEBUG SQL:104 - 
    delete 
    from
        Student_secretCodes 
    where
        studentNumber=?
14:18:43,971 DEBUG BaseGeneralDataRegion:59 - Caching[foo.org.hibernate.cache.spi.UpdateTimestampsCache] : [Student_secretCodes] -> [5579091083145216]
14:18:43,971 DEBUG BaseGeneralDataRegion:59 - Caching[foo.org.hibernate.cache.spi.UpdateTimestampsCache] : [Enrolment] -> [5579091083145217]
14:18:43,971 DEBUG BaseGeneralDataRegion:59 - Caching[foo.org.hibernate.cache.spi.UpdateTimestampsCache] : [Address] -> [5579091083145218]
14:18:43,971 DEBUG SQL:104 - 
    delete 
    from
        Student_secretCodes 
    where
        studentNumber=?
14:18:43,971 DEBUG BaseGeneralDataRegion:59 - Caching[foo.org.hibernate.cache.spi.UpdateTimestampsCache] : [Student_secretCodes] -> [5579091083145219]
14:18:43,971 DEBUG BaseGeneralDataRegion:59 - Caching[foo.org.hibernate.cache.spi.UpdateTimestampsCache] : [CourseMeeting] -> [5579091083145220]
14:18:43,971 DEBUG SQL:104 - 
    delete 
    from
        Enrolment 
    where
        studentId=? 
        and courseCode=?
14:18:43,981 DEBUG BaseGeneralDataRegion:59 - Caching[foo.org.hibernate.cache.spi.UpdateTimestampsCache] : [Enrolment] -> [5579091083186176]
14:18:43,981 DEBUG SQL:104 - 
    delete 
    from
        Address 
    where
        id=?
14:18:43,981 DEBUG BaseGeneralDataRegion:59 - Caching[foo.org.hibernate.cache.spi.UpdateTimestampsCache] : [Address] -> [5579091083186177]
14:18:43,981 DEBUG SQL:104 - 
    delete 
    from
        Address 
    where
        id=?
14:18:43,982 DEBUG BaseGeneralDataRegion:59 - Caching[foo.org.hibernate.cache.spi.UpdateTimestampsCache] : [Address] -> [5579091083190272]
14:18:43,982 DEBUG SQL:104 - 
    delete 
    from
        Student 
    where
        studentId=?
14:18:43,982 DEBUG BaseGeneralDataRegion:59 - Caching[foo.org.hibernate.cache.spi.UpdateTimestampsCache] : [Student] -> [5579091083190273]
14:18:43,982 DEBUG SQL:104 - 
    delete 
    from
        Enrolment 
    where
        studentId=? 
        and courseCode=?
14:18:43,991 DEBUG BaseGeneralDataRegion:59 - Caching[foo.org.hibernate.cache.spi.UpdateTimestampsCache] : [Enrolment] -> [5579091083227136]
14:18:43,991 DEBUG SQL:104 - 
    delete 
    from
        Student 
    where
        studentId=?
14:18:43,993 DEBUG BaseGeneralDataRegion:59 - Caching[foo.org.hibernate.cache.spi.UpdateTimestampsCache] : [Student] -> [5579091083231232]
14:18:43,993 DEBUG SQL:104 - 
    delete 
    from
        CourseMeeting 
    where
        courseCode=? 
        and day=? 
        and period=? 
        and location=?
14:18:43,993 DEBUG BaseGeneralDataRegion:59 - Caching[foo.org.hibernate.cache.spi.UpdateTimestampsCache] : [CourseMeeting] -> [5579091083235328]
14:18:43,993 DEBUG SQL:104 - 
    delete 
    from
        CourseMeeting 
    where
        courseCode=? 
        and day=? 
        and period=? 
        and location=?
14:18:43,993 DEBUG BaseGeneralDataRegion:59 - Caching[foo.org.hibernate.cache.spi.UpdateTimestampsCache] : [CourseMeeting] -> [5579091083235329]
14:18:43,993 DEBUG SQL:104 - 
    delete 
    from
        Course 
    where
        courseCode=?
14:18:43,994 DEBUG BaseGeneralDataRegion:59 - Caching[foo.org.hibernate.cache.spi.UpdateTimestampsCache] : [Course] -> [5579091083239424]
14:18:43,994 DEBUG BaseGeneralDataRegion:59 - Caching[foo.org.hibernate.cache.spi.UpdateTimestampsCache] : [Student] -> [5579090837479425]
14:18:43,994 DEBUG BaseGeneralDataRegion:59 - Caching[foo.org.hibernate.cache.spi.UpdateTimestampsCache] : [Course] -> [5579090837479425]
14:18:43,994 DEBUG BaseGeneralDataRegion:59 - Caching[foo.org.hibernate.cache.spi.UpdateTimestampsCache] : [Enrolment] -> [5579090837479425]
14:18:43,994 DEBUG BaseGeneralDataRegion:59 - Caching[foo.org.hibernate.cache.spi.UpdateTimestampsCache] : [Student_secretCodes] -> [5579090837479425]
14:18:43,994 DEBUG BaseGeneralDataRegion:59 - Caching[foo.org.hibernate.cache.spi.UpdateTimestampsCache] : [Address] -> [5579090837479425]
14:18:43,994 DEBUG BaseGeneralDataRegion:59 - Caching[foo.org.hibernate.cache.spi.UpdateTimestampsCache] : [CourseMeeting] -> [5579090837479425]
14:18:43,995  INFO CustomRunner:139 - Test: testJoinWithFetchJoinWithPropAndOwnerProjectedList
14:18:43,996 DEBUG SQL:104 - 
    select
        coursemeet_.courseCode,
        coursemeet_.day,
        coursemeet_.period,
        coursemeet_.location 
    from
        CourseMeeting coursemeet_ 
    where
        coursemeet_.courseCode=? 
        and coursemeet_.day=? 
        and coursemeet_.period=? 
        and coursemeet_.location=?
14:18:44,004 DEBUG SQL:104 - 
    select
        coursemeet_.courseCode,
        coursemeet_.day,
        coursemeet_.period,
        coursemeet_.location 
    from
        CourseMeeting coursemeet_ 
    where
        coursemeet_.courseCode=? 
        and coursemeet_.day=? 
        and coursemeet_.period=? 
        and coursemeet_.location=?
14:18:44,006 DEBUG SQL:104 - 
    insert 
    into
        Course
        (description, courseCode) 
    values
        (?, ?)
14:18:44,018 DEBUG BaseGeneralDataRegion:59 - Caching[foo.org.hibernate.cache.spi.UpdateTimestampsCache] : [Course] -> [5579091083337728]
14:18:44,018 DEBUG SQL:104 - 
    insert 
    into
        CourseMeeting
        (courseCode, day, period, location) 
    values
        (?, ?, ?, ?)
14:18:44,018 DEBUG BaseGeneralDataRegion:59 - Caching[foo.org.hibernate.cache.spi.UpdateTimestampsCache] : [CourseMeeting] -> [5579091083337729]
14:18:44,018 DEBUG SQL:104 - 
    insert 
    into
        CourseMeeting
        (courseCode, day, period, location) 
    values
        (?, ?, ?, ?)
14:18:44,019 DEBUG BaseGeneralDataRegion:59 - Caching[foo.org.hibernate.cache.spi.UpdateTimestampsCache] : [CourseMeeting] -> [5579091083341824]
14:18:44,019 DEBUG SQL:104 - 
    insert 
    into
        Student
        (name_first, name_middle, name_last, preferredCourseCode, studentId) 
    values
        (?, ?, ?, ?, ?)
14:18:44,019 DEBUG BaseGeneralDataRegion:59 - Caching[foo.org.hibernate.cache.spi.UpdateTimestampsCache] : [Student] -> [5579091083341825]
14:18:44,019 DEBUG SQL:104 - 
    insert 
    into
        Address
        (addressType, street, city, stateProvince, postalCode, country, studentNumber, id) 
    values
        (?, ?, ?, ?, ?, ?, ?, ?)
14:18:44,019 DEBUG BaseGeneralDataRegion:59 - Caching[foo.org.hibernate.cache.spi.UpdateTimestampsCache] : [Address] -> [5579091083341826]
14:18:44,019 DEBUG SQL:104 - 
    insert 
    into
        Address
        (addressType, street, city, stateProvince, postalCode, country, studentNumber, id) 
    values
        (?, ?, ?, ?, ?, ?, ?, ?)
14:18:44,019 DEBUG BaseGeneralDataRegion:59 - Caching[foo.org.hibernate.cache.spi.UpdateTimestampsCache] : [Address] -> [5579091083341827]
14:18:44,020 DEBUG SQL:104 - 
    insert 
    into
        Student
        (name_first, name_middle, name_last, preferredCourseCode, studentId) 
    values
        (?, ?, ?, ?, ?)
14:18:44,045 DEBUG BaseGeneralDataRegion:59 - Caching[foo.org.hibernate.cache.spi.UpdateTimestampsCache] : [Student] -> [5579091083448320]
14:18:44,045 DEBUG SQL:104 - 
    insert 
    into
        Enrolment
        (semester, "year", studentId, courseCode) 
    values
        (?, ?, ?, ?)
14:18:44,045 DEBUG BaseGeneralDataRegion:59 - Caching[foo.org.hibernate.cache.spi.UpdateTimestampsCache] : [Enrolment] -> [5579091083448321]
14:18:44,045 DEBUG SQL:104 - 
    insert 
    into
        Enrolment
        (semester, "year", studentId, courseCode) 
    values
        (?, ?, ?, ?)
14:18:44,046 DEBUG BaseGeneralDataRegion:59 - Caching[foo.org.hibernate.cache.spi.UpdateTimestampsCache] : [Enrolment] -> [5579091083452416]
14:18:44,046 DEBUG BaseGeneralDataRegion:59 - Caching[foo.org.hibernate.cache.spi.UpdateTimestampsCache] : [CourseMeeting] -> [5579091083452417]
14:18:44,046 DEBUG BaseGeneralDataRegion:59 - Caching[foo.org.hibernate.cache.spi.UpdateTimestampsCache] : [Enrolment] -> [5579091083452418]
14:18:44,046 DEBUG SQL:104 - 
    update
        Address 
    set
        studentNumber=?,
        addressType=? 
    where
        id=?
14:18:44,046 DEBUG SQL:104 - 
    update
        Address 
    set
        studentNumber=?,
        addressType=? 
    where
        id=?
14:18:44,046 DEBUG BaseGeneralDataRegion:59 - Caching[foo.org.hibernate.cache.spi.UpdateTimestampsCache] : [Address] -> [5579091083452419]
14:18:44,047 DEBUG SQL:104 - 
    insert 
    into
        Student_secretCodes
        (studentNumber, i, secretCode) 
    values
        (?, ?, ?)
14:18:44,047 DEBUG BaseGeneralDataRegion:59 - Caching[foo.org.hibernate.cache.spi.UpdateTimestampsCache] : [Student_secretCodes] -> [5579091083456512]
14:18:44,047 DEBUG BaseGeneralDataRegion:59 - Caching[foo.org.hibernate.cache.spi.UpdateTimestampsCache] : [Enrolment] -> [5579091083456513]
14:18:44,047 DEBUG BaseGeneralDataRegion:59 - Caching[foo.org.hibernate.cache.spi.UpdateTimestampsCache] : [Address] -> [5579091083456514]
14:18:44,047 DEBUG SQL:104 - 
    insert 
    into
        Student_secretCodes
        (studentNumber, i, secretCode) 
    values
        (?, ?, ?)
14:18:44,047 DEBUG SQL:104 - 
    insert 
    into
        Student_secretCodes
        (studentNumber, i, secretCode) 
    values
        (?, ?, ?)
14:18:44,047 DEBUG BaseGeneralDataRegion:59 - Caching[foo.org.hibernate.cache.spi.UpdateTimestampsCache] : [Student_secretCodes] -> [5579091083456515]
14:18:44,048 DEBUG BaseGeneralDataRegion:59 - Caching[foo.org.hibernate.cache.spi.UpdateTimestampsCache] : [Student] -> [5579090837700608]
14:18:44,048 DEBUG BaseGeneralDataRegion:59 - Caching[foo.org.hibernate.cache.spi.UpdateTimestampsCache] : [Course] -> [5579090837700608]
14:18:44,048 DEBUG BaseGeneralDataRegion:59 - Caching[foo.org.hibernate.cache.spi.UpdateTimestampsCache] : [Enrolment] -> [5579090837700608]
14:18:44,048 DEBUG BaseGeneralDataRegion:59 - Caching[foo.org.hibernate.cache.spi.UpdateTimestampsCache] : [Student_secretCodes] -> [5579090837700608]
14:18:44,048 DEBUG BaseGeneralDataRegion:59 - Caching[foo.org.hibernate.cache.spi.UpdateTimestampsCache] : [Address] -> [5579090837700608]
14:18:44,048 DEBUG BaseGeneralDataRegion:59 - Caching[foo.org.hibernate.cache.spi.UpdateTimestampsCache] : [CourseMeeting] -> [5579090837700608]
14:18:44,048 DEBUG QueryTranslatorImpl:265 - parse() - HQL: select s.name, s from org.hibernate.test.querycache.Student s left join fetch s.enrolments left join s.preferredCourse order by s.studentNumber
14:18:44,050 DEBUG QueryTranslatorImpl:283 - --- HQL AST ---
 \-[QUERY] Node: 'query'
    +-[SELECT_FROM] Node: 'SELECT_FROM'
    |  +-[FROM] Node: 'from'
    |  |  +-[RANGE] Node: 'RANGE'
    |  |  |  +-[DOT] Node: '.'
    |  |  |  |  +-[DOT] Node: '.'
    |  |  |  |  |  +-[DOT] Node: '.'
    |  |  |  |  |  |  +-[DOT] Node: '.'
    |  |  |  |  |  |  |  +-[IDENT] Node: 'org'
    |  |  |  |  |  |  |  \-[IDENT] Node: 'hibernate'
    |  |  |  |  |  |  \-[IDENT] Node: 'test'
    |  |  |  |  |  \-[IDENT] Node: 'querycache'
    |  |  |  |  \-[IDENT] Node: 'Student'
    |  |  |  \-[ALIAS] Node: 's'
    |  |  +-[JOIN] Node: 'join'
    |  |  |  +-[LEFT] Node: 'left'
    |  |  |  +-[FETCH] Node: 'fetch'
    |  |  |  \-[DOT] Node: '.'
    |  |  |     +-[IDENT] Node: 's'
    |  |  |     \-[IDENT] Node: 'enrolments'
    |  |  \-[JOIN] Node: 'join'
    |  |     +-[LEFT] Node: 'left'
    |  |     \-[DOT] Node: '.'
    |  |        +-[IDENT] Node: 's'
    |  |        \-[IDENT] Node: 'preferredCourse'
    |  \-[SELECT] Node: 'select'
    |     +-[DOT] Node: '.'
    |     |  +-[IDENT] Node: 's'
    |     |  \-[IDENT] Node: 'name'
    |     \-[IDENT] Node: 's'
    \-[ORDER] Node: 'order'
       \-[DOT] Node: '.'
          +-[IDENT] Node: 's'
          \-[IDENT] Node: 'studentNumber'

14:18:44,068 DEBUG ErrorCounter:82 - throwQueryException() : no errors
14:18:44,078 DEBUG FromElement:157 - FromClause{level=1} : org.hibernate.test.querycache.Student (s) -> student0_
14:18:44,078 DEBUG FromReferenceNode:74 - Resolved : s -> student0_.studentId
14:18:44,078 DEBUG DotNode:599 - getDataType() : enrolments -> org.hibernate.type.SetType(org.hibernate.test.querycache.Student.enrolments)
14:18:44,078 DEBUG FromElementFactory:376 - createEntityAssociation() : One to many - path = s.enrolments role = org.hibernate.test.querycache.Student.enrolments associatedEntityName = org.hibernate.test.querycache.Enrolment
14:18:44,079 DEBUG FromElement:157 - FromClause{level=1} : org.hibernate.test.querycache.Enrolment (<no alias>) -> enrolments1_
14:18:44,079 DEBUG FromClause:282 - addJoinByPathMap() : s.enrolments -> FromElement{explicit,not a collection join,not a fetch join,fetch non-lazy properties,classAlias=null,role=null,tableName=Enrolment,tableAlias=enrolments1_,origin=Student student0_,columns={student0_.studentId ,className=org.hibernate.test.querycache.Enrolment}}
14:18:44,079 DEBUG DotNode:308 - dereferenceCollection() : Created new FROM element for s.enrolments : Enrolment enrolments1_
14:18:44,079 DEBUG FromReferenceNode:74 - Resolved : s.enrolments -> .
14:18:44,079 DEBUG HqlSqlWalker:403 - createFromJoinElement() : -- join tree --
 \-[JOIN_FRAGMENT] FromElement: 'Enrolment enrolments1_' FromElement{explicit,not a collection join,fetch join,fetch non-lazy properties,classAlias=null,role=org.hibernate.test.querycache.Student.enrolments,tableName=Enrolment,tableAlias=enrolments1_,origin=Student student0_,columns={student0_.studentId ,className=org.hibernate.test.querycache.Enrolment}}

14:18:44,080 DEBUG FromReferenceNode:74 - Resolved : s -> student0_.studentId
14:18:44,080 DEBUG DotNode:599 - getDataType() : preferredCourse -> org.hibernate.type.ManyToOneType(org.hibernate.test.querycache.Course)
14:18:44,080 DEBUG DotNode:389 - dereferenceEntityJoin() : generating join for preferredCourse in org.hibernate.test.querycache.Student (<no alias>) parent = [ {null} ]
14:18:44,080 DEBUG FromElement:157 - FromClause{level=1} : org.hibernate.test.querycache.Course (<no alias>) -> course2_
14:18:44,080 DEBUG FromClause:282 - addJoinByPathMap() : s.preferredCourse -> FromElement{explicit,not a collection join,not a fetch join,fetch non-lazy properties,classAlias=null,role=null,tableName=Course,tableAlias=course2_,origin=Student student0_,columns={student0_.preferredCourseCode ,className=org.hibernate.test.querycache.Course}}
14:18:44,080 DEBUG FromReferenceNode:74 - Resolved : s.preferredCourse -> student0_.preferredCourseCode
14:18:44,081 DEBUG HqlSqlWalker:403 - createFromJoinElement() : -- join tree --
 \-[JOIN_FRAGMENT] FromElement: 'Course course2_' FromElement{explicit,not a collection join,not a fetch join,fetch non-lazy properties,classAlias=null,role=null,tableName=Course,tableAlias=course2_,origin=Student student0_,columns={student0_.preferredCourseCode ,className=org.hibernate.test.querycache.Course}}

14:18:44,081 DEBUG FromReferenceNode:74 - Resolved : s -> student0_.studentId
14:18:44,081 DEBUG DotNode:599 - getDataType() : name -> org.hibernate.type.ComponentType@2b5b5cbc
14:18:44,081 DEBUG DotNode:588 - Terminal propertyPath = [name]
14:18:44,081 DEBUG FromReferenceNode:74 - Resolved : s.name -> student0_.name_first, student0_.name_middle, student0_.name_last
14:18:44,082 DEBUG FromReferenceNode:74 - Resolved : s -> student0_.studentId
14:18:44,082 DEBUG FromReferenceNode:74 - Resolved : s -> student0_.studentId
14:18:44,082 DEBUG DotNode:599 - getDataType() : studentNumber -> org.hibernate.type.LongType@4bf3f9d
14:18:44,082 DEBUG FromReferenceNode:74 - Resolved : s.studentNumber -> student0_.studentId
14:18:44,082 DEBUG HqlSqlWalker:629 - processQuery() :  ( SELECT ( {select clause} ( student0_.name_first, student0_.name_middle, student0_.name_last student0_.studentId name ) student0_.studentId ) ( FromClause{level=1} ( Student student0_ Enrolment enrolments1_ Course course2_ ) ) ( order ( student0_.studentId student0_.studentId studentNumber ) ) )
14:18:44,083 DEBUG JoinProcessor:175 - Using FROM fragment [Student student0_]
14:18:44,089 DEBUG JoinProcessor:175 - Using FROM fragment [left outer join Enrolment enrolments1_ on student0_.studentId=enrolments1_.studentId]
14:18:44,089 DEBUG JoinProcessor:175 - Using FROM fragment [left outer join Course course2_ on student0_.preferredCourseCode=course2_.courseCode]
14:18:44,089 DEBUG QueryTranslatorImpl:252 - --- SQL AST ---
 \-[SELECT] QueryNode: 'SELECT'  querySpaces (Student,Course,Enrolment)
    +-[SELECT_CLAUSE] SelectClause: '{select clause}'
    |  +-[DOT] DotNode: 'student0_.name_first' {propertyName=name,dereferenceType=2,propertyPath=name,path=s.name,tableAlias=student0_,className=org.hibernate.test.querycache.Student,classAlias=s}
    |  |  +-[ALIAS_REF] IdentNode: 'student0_.studentId' {alias=s, className=org.hibernate.test.querycache.Student, tableAlias=student0_}
    |  |  \-[IDENT] IdentNode: 'name' {originalText=name}
    |  +-[SELECT_COLUMNS] SqlNode: ' as col_0_0_'
    |  +-[SQL_TOKEN] SqlFragment: 'student0_.name_middle'
    |  +-[SELECT_COLUMNS] SqlNode: ' as col_0_1_'
    |  +-[SQL_TOKEN] SqlFragment: 'student0_.name_last'
    |  +-[SELECT_COLUMNS] SqlNode: ' as col_0_2_'
    |  +-[ALIAS_REF] IdentNode: 'student0_.studentId as col_1_0_' {alias=s, className=org.hibernate.test.querycache.Student, tableAlias=student0_}
    |  +-[SELECT_EXPR] SelectExpressionImpl: 'enrolments1_.studentId as studentId3_1_, enrolments1_.courseCode as courseCode3_1_' {FromElement{explicit,not a collection join,fetch join,fetch non-lazy properties,classAlias=null,role=org.hibernate.test.querycache.Student.enrolments,tableName=Enrolment,tableAlias=enrolments1_,origin=Student student0_,columns={student0_.studentId ,className=org.hibernate.test.querycache.Enrolment}}}
    |  +-[SQL_TOKEN] SqlFragment: 'student0_.studentId as studentId4_0_'
    |  +-[SQL_TOKEN] SqlFragment: 'enrolments1_.studentId as studentId3_1_, enrolments1_.courseCode as courseCode3_1_'
    |  +-[SQL_TOKEN] SqlFragment: 'student0_.name_first as name2_4_0_, student0_.name_middle as name3_4_0_, student0_.name_last as name4_4_0_, student0_.preferredCourseCode as preferre5_4_0_'
    |  +-[SQL_TOKEN] SqlFragment: 'enrolments1_.semester as semester3_1_, enrolments1_."year" as year4_3_1_'
    |  \-[SQL_TOKEN] SqlFragment: 'enrolments1_.studentId as studentId4_0__, enrolments1_.studentId as studentId3_0__, enrolments1_.courseCode as courseCode3_0__'
    +-[FROM] FromClause: 'from' FromClause{level=1, fromElementCounter=3, fromElements=3, fromElementByClassAlias=[s], fromElementByTableAlias=[student0_, course2_, enrolments1_], fromElementsByPath=[s.enrolments, s.preferredCourse], collectionJoinFromElementsByPath=[], impliedElements=[]}
    |  \-[FROM_FRAGMENT] FromElement: 'Student student0_' FromElement{explicit,not a collection join,not a fetch join,fetch non-lazy properties,classAlias=s,role=null,tableName=Student,tableAlias=student0_,origin=null,columns={,className=org.hibernate.test.querycache.Student}}
    |     +-[JOIN_FRAGMENT] FromElement: 'left outer join Enrolment enrolments1_ on student0_.studentId=enrolments1_.studentId' FromElement{explicit,not a collection join,fetch join,fetch non-lazy properties,classAlias=null,role=org.hibernate.test.querycache.Student.enrolments,tableName=Enrolment,tableAlias=enrolments1_,origin=Student student0_,columns={student0_.studentId ,className=org.hibernate.test.querycache.Enrolment}}
    |     \-[JOIN_FRAGMENT] FromElement: 'left outer join Course course2_ on student0_.preferredCourseCode=course2_.courseCode' FromElement{explicit,not a collection join,not a fetch join,fetch non-lazy properties,classAlias=null,role=null,tableName=Course,tableAlias=course2_,origin=Student student0_,columns={student0_.preferredCourseCode ,className=org.hibernate.test.querycache.Course}}
    \-[ORDER] OrderByClause: 'order'
       \-[DOT] DotNode: 'student0_.studentId' {propertyName=studentNumber,dereferenceType=ALL,propertyPath=studentNumber,path=s.studentNumber,tableAlias=student0_,className=org.hibernate.test.querycache.Student,classAlias=s}
          +-[ALIAS_REF] IdentNode: 'student0_.studentId' {alias=s, className=org.hibernate.test.querycache.Student, tableAlias=student0_}
          \-[IDENT] IdentNode: 'studentNumber' {originalText=studentNumber}

14:18:44,090 DEBUG ErrorCounter:82 - throwQueryException() : no errors
14:18:44,100 DEBUG QueryTranslatorImpl:235 - HQL: select s.name, s from org.hibernate.test.querycache.Student s left join fetch s.enrolments left join s.preferredCourse order by s.studentNumber
14:18:44,100 DEBUG QueryTranslatorImpl:236 - SQL: select student0_.name_first as col_0_0_, student0_.name_middle as col_0_1_, student0_.name_last as col_0_2_, student0_.studentId as col_1_0_, enrolments1_.studentId as studentId3_1_, enrolments1_.courseCode as courseCode3_1_, student0_.studentId as studentId4_0_, enrolments1_.studentId as studentId3_1_, enrolments1_.courseCode as courseCode3_1_, student0_.name_first as name2_4_0_, student0_.name_middle as name3_4_0_, student0_.name_last as name4_4_0_, student0_.preferredCourseCode as preferre5_4_0_, enrolments1_.semester as semester3_1_, enrolments1_."year" as year4_3_1_, enrolments1_.studentId as studentId4_0__, enrolments1_.studentId as studentId3_0__, enrolments1_.courseCode as courseCode3_0__ from Student student0_ left outer join Enrolment enrolments1_ on student0_.studentId=enrolments1_.studentId left outer join Course course2_ on student0_.preferredCourseCode=course2_.courseCode order by student0_.studentId
14:18:44,100 DEBUG ErrorCounter:82 - throwQueryException() : no errors
14:18:44,100 DEBUG BaseGeneralDataRegion:46 - Cache[foo.org.hibernate.cache.internal.StandardQueryCache] lookup : key[sql: select student0_.name_first as col_0_0_, student0_.name_middle as col_0_1_, student0_.name_last as col_0_2_, student0_.studentId as col_1_0_, enrolments1_.studentId as studentId3_1_, enrolments1_.courseCode as courseCode3_1_, student0_.studentId as studentId4_0_, enrolments1_.studentId as studentId3_1_, enrolments1_.courseCode as courseCode3_1_, student0_.name_first as name2_4_0_, student0_.name_middle as name3_4_0_, student0_.name_last as name4_4_0_, student0_.preferredCourseCode as preferre5_4_0_, enrolments1_.semester as semester3_1_, enrolments1_."year" as year4_3_1_, enrolments1_.studentId as studentId4_0__, enrolments1_.studentId as studentId3_0__, enrolments1_.courseCode as courseCode3_0__ from Student student0_ left outer join Enrolment enrolments1_ on student0_.studentId=enrolments1_.studentId left outer join Course course2_ on student0_.preferredCourseCode=course2_.courseCode order by student0_.studentId; parameters: ; named parameters: {}; transformer: org.hibernate.transform.CacheableResultTransformer@1406bf]
14:18:44,101 DEBUG SQL:104 - 
    select
        student0_.name_first as col_0_0_,
        student0_.name_middle as col_0_1_,
        student0_.name_last as col_0_2_,
        student0_.studentId as col_1_0_,
        enrolments1_.studentId as studentId3_1_,
        enrolments1_.courseCode as courseCode3_1_,
        student0_.studentId as studentId4_0_,
        enrolments1_.studentId as studentId3_1_,
        enrolments1_.courseCode as courseCode3_1_,
        student0_.name_first as name2_4_0_,
        student0_.name_middle as name3_4_0_,
        student0_.name_last as name4_4_0_,
        student0_.preferredCourseCode as preferre5_4_0_,
        enrolments1_.semester as semester3_1_,
        enrolments1_."year" as year4_3_1_,
        enrolments1_.studentId as studentId4_0__,
        enrolments1_.studentId as studentId3_0__,
        enrolments1_.courseCode as courseCode3_0__ 
    from
        Student student0_ 
    left outer join
        Enrolment enrolments1_ 
            on student0_.studentId=enrolments1_.studentId 
    left outer join
        Course course2_ 
            on student0_.preferredCourseCode=course2_.courseCode 
    order by
        student0_.studentId
14:18:44,111 DEBUG SQL:104 - 
    select
        course0_.courseCode as courseCode1_0_,
        course0_.description as descript2_1_0_ 
    from
        Course course0_ 
    where
        course0_.courseCode=?
14:18:44,111 DEBUG SQL:104 - 
    select
        secretcode0_.studentNumber as studentN1_4_0_,
        secretcode0_.secretCode as secretCode5_0_,
        secretcode0_.i as i0_ 
    from
        Student_secretCodes secretcode0_ 
    where
        secretcode0_.studentNumber=?
14:18:44,112 DEBUG SQL:104 - 
    select
        coursemeet0_.courseCode as courseCode1_1_,
        coursemeet0_.courseCode as courseCode2_1_,
        coursemeet0_.day as day2_1_,
        coursemeet0_.period as period2_1_,
        coursemeet0_.location as location2_1_,
        coursemeet0_.courseCode as courseCode2_0_,
        coursemeet0_.day as day2_0_,
        coursemeet0_.period as period2_0_,
        coursemeet0_.location as location2_0_ 
    from
        CourseMeeting coursemeet0_ 
    where
        coursemeet0_.courseCode=?
14:18:44,123 DEBUG SQL:104 - 
    select
        secretcode0_.studentNumber as studentN1_4_0_,
        secretcode0_.secretCode as secretCode5_0_,
        secretcode0_.i as i0_ 
    from
        Student_secretCodes secretcode0_ 
    where
        secretcode0_.studentNumber=?
14:18:44,123 DEBUG BaseGeneralDataRegion:59 - Caching[foo.org.hibernate.cache.internal.StandardQueryCache] : [sql: select student0_.name_first as col_0_0_, student0_.name_middle as col_0_1_, student0_.name_last as col_0_2_, student0_.studentId as col_1_0_, enrolments1_.studentId as studentId3_1_, enrolments1_.courseCode as courseCode3_1_, student0_.studentId as studentId4_0_, enrolments1_.studentId as studentId3_1_, enrolments1_.courseCode as courseCode3_1_, student0_.name_first as name2_4_0_, student0_.name_middle as name3_4_0_, student0_.name_last as name4_4_0_, student0_.preferredCourseCode as preferre5_4_0_, enrolments1_.semester as semester3_1_, enrolments1_."year" as year4_3_1_, enrolments1_.studentId as studentId4_0__, enrolments1_.studentId as studentId3_0__, enrolments1_.courseCode as courseCode3_0__ from Student student0_ left outer join Enrolment enrolments1_ on student0_.studentId=enrolments1_.studentId left outer join Course course2_ on student0_.preferredCourseCode=course2_.courseCode order by student0_.studentId; parameters: ; named parameters: {}; transformer: org.hibernate.transform.CacheableResultTransformer@1406bf] -> [[5579090838007808, [Ljava.io.Serializable;@72e12b8e, [Ljava.io.Serializable;@1cf2b28e]]
14:18:44,124 DEBUG BaseGeneralDataRegion:46 - Cache[foo.org.hibernate.cache.internal.StandardQueryCache] lookup : key[sql: select student0_.name_first as col_0_0_, student0_.name_middle as col_0_1_, student0_.name_last as col_0_2_, student0_.studentId as col_1_0_, enrolments1_.studentId as studentId3_1_, enrolments1_.courseCode as courseCode3_1_, student0_.studentId as studentId4_0_, enrolments1_.studentId as studentId3_1_, enrolments1_.courseCode as courseCode3_1_, student0_.name_first as name2_4_0_, student0_.name_middle as name3_4_0_, student0_.name_last as name4_4_0_, student0_.preferredCourseCode as preferre5_4_0_, enrolments1_.semester as semester3_1_, enrolments1_."year" as year4_3_1_, enrolments1_.studentId as studentId4_0__, enrolments1_.studentId as studentId3_0__, enrolments1_.courseCode as courseCode3_0__ from Student student0_ left outer join Enrolment enrolments1_ on student0_.studentId=enrolments1_.studentId left outer join Course course2_ on student0_.preferredCourseCode=course2_.courseCode order by student0_.studentId; parameters: ; named parameters: {}; transformer: org.hibernate.transform.CacheableResultTransformer@1406bf]
14:18:44,124 DEBUG BaseGeneralDataRegion:52 - Cache[foo.org.hibernate.cache.internal.StandardQueryCache] hit: sql: select student0_.name_first as col_0_0_, student0_.name_middle as col_0_1_, student0_.name_last as col_0_2_, student0_.studentId as col_1_0_, enrolments1_.studentId as studentId3_1_, enrolments1_.courseCode as courseCode3_1_, student0_.studentId as studentId4_0_, enrolments1_.studentId as studentId3_1_, enrolments1_.courseCode as courseCode3_1_, student0_.name_first as name2_4_0_, student0_.name_middle as name3_4_0_, student0_.name_last as name4_4_0_, student0_.preferredCourseCode as preferre5_4_0_, enrolments1_.semester as semester3_1_, enrolments1_."year" as year4_3_1_, enrolments1_.studentId as studentId4_0__, enrolments1_.studentId as studentId3_0__, enrolments1_.courseCode as courseCode3_0__ from Student student0_ left outer join Enrolment enrolments1_ on student0_.studentId=enrolments1_.studentId left outer join Course course2_ on student0_.preferredCourseCode=course2_.courseCode order by student0_.studentId; parameters: ; named parameters: {}; transformer: org.hibernate.transform.CacheableResultTransformer@1406bf
14:18:44,124 DEBUG BaseGeneralDataRegion:46 - Cache[foo.org.hibernate.cache.spi.UpdateTimestampsCache] lookup : key[Student]
14:18:44,124 DEBUG BaseGeneralDataRegion:52 - Cache[foo.org.hibernate.cache.spi.UpdateTimestampsCache] hit: Student
14:18:44,124 DEBUG BaseGeneralDataRegion:46 - Cache[foo.org.hibernate.cache.spi.UpdateTimestampsCache] lookup : key[Course]
14:18:44,124 DEBUG BaseGeneralDataRegion:52 - Cache[foo.org.hibernate.cache.spi.UpdateTimestampsCache] hit: Course
14:18:44,125 DEBUG BaseGeneralDataRegion:46 - Cache[foo.org.hibernate.cache.spi.UpdateTimestampsCache] lookup : key[Enrolment]
14:18:44,125 DEBUG BaseGeneralDataRegion:52 - Cache[foo.org.hibernate.cache.spi.UpdateTimestampsCache] hit: Enrolment
14:18:44,125 DEBUG SQL:104 - 
    select
        student0_.studentId as studentId4_0_,
        student0_.name_first as name2_4_0_,
        student0_.name_middle as name3_4_0_,
        student0_.name_last as name4_4_0_,
        student0_.preferredCourseCode as preferre5_4_0_ 
    from
        Student student0_ 
    where
        student0_.studentId=?
14:18:44,125 DEBUG SQL:104 - 
    select
        secretcode0_.studentNumber as studentN1_4_0_,
        secretcode0_.secretCode as secretCode5_0_,
        secretcode0_.i as i0_ 
    from
        Student_secretCodes secretcode0_ 
    where
        secretcode0_.studentNumber=?
14:18:44,126 DEBUG SQL:104 - 
    select
        student0_.studentId as studentId4_0_,
        student0_.name_first as name2_4_0_,
        student0_.name_middle as name3_4_0_,
        student0_.name_last as name4_4_0_,
        student0_.preferredCourseCode as preferre5_4_0_ 
    from
        Student student0_ 
    where
        student0_.studentId=?
14:18:44,126 DEBUG SQL:104 - 
    select
        secretcode0_.studentNumber as studentN1_4_0_,
        secretcode0_.secretCode as secretCode5_0_,
        secretcode0_.i as i0_ 
    from
        Student_secretCodes secretcode0_ 
    where
        secretcode0_.studentNumber=?
14:18:44,135 DEBUG SQL:104 - 
    select
        student_.studentId,
        student_.name_first as name2_4_,
        student_.name_middle as name3_4_,
        student_.name_last as name4_4_,
        student_.preferredCourseCode as preferre5_4_ 
    from
        Student student_ 
    where
        student_.studentId=?
14:18:44,136 DEBUG SQL:104 - 
    select
        enrolment_.studentId,
        enrolment_.courseCode,
        enrolment_.semester as semester3_,
        enrolment_."year" as year4_3_ 
    from
        Enrolment enrolment_ 
    where
        enrolment_.studentId=? 
        and enrolment_.courseCode=?
14:18:44,136 DEBUG SQL:104 - 
    select
        course_.courseCode,
        course_.description as descript2_1_ 
    from
        Course course_ 
    where
        course_.courseCode=?
14:18:44,144 DEBUG SQL:104 - 
    select
        student_.studentId,
        student_.name_first as name2_4_,
        student_.name_middle as name3_4_,
        student_.name_last as name4_4_,
        student_.preferredCourseCode as preferre5_4_ 
    from
        Student student_ 
    where
        student_.studentId=?
14:18:44,145 DEBUG SQL:104 - 
    select
        enrolment_.studentId,
        enrolment_.courseCode,
        enrolment_.semester as semester3_,
        enrolment_."year" as year4_3_ 
    from
        Enrolment enrolment_ 
    where
        enrolment_.studentId=? 
        and enrolment_.courseCode=?
14:18:44,145 DEBUG SQL:104 - 
    select
        coursemeet_.courseCode,
        coursemeet_.day,
        coursemeet_.period,
        coursemeet_.location 
    from
        CourseMeeting coursemeet_ 
    where
        coursemeet_.courseCode=? 
        and coursemeet_.day=? 
        and coursemeet_.period=? 
        and coursemeet_.location=?
14:18:44,145 DEBUG SQL:104 - 
    select
        coursemeet_.courseCode,
        coursemeet_.day,
        coursemeet_.period,
        coursemeet_.location 
    from
        CourseMeeting coursemeet_ 
    where
        coursemeet_.courseCode=? 
        and coursemeet_.day=? 
        and coursemeet_.period=? 
        and coursemeet_.location=?
14:18:44,168 DEBUG BaseGeneralDataRegion:59 - Caching[foo.org.hibernate.cache.spi.UpdateTimestampsCache] : [Enrolment] -> [5579091083952128]
14:18:44,168 DEBUG SQL:104 - 
    update
        Address 
    set
        studentNumber=null,
        addressType=null 
    where
        studentNumber=?
14:18:44,168 DEBUG BaseGeneralDataRegion:59 - Caching[foo.org.hibernate.cache.spi.UpdateTimestampsCache] : [Address] -> [5579091083952129]
14:18:44,168 DEBUG SQL:104 - 
    delete 
    from
        Student_secretCodes 
    where
        studentNumber=?
14:18:44,169 DEBUG BaseGeneralDataRegion:59 - Caching[foo.org.hibernate.cache.spi.UpdateTimestampsCache] : [Student_secretCodes] -> [5579091083956224]
14:18:44,169 DEBUG BaseGeneralDataRegion:59 - Caching[foo.org.hibernate.cache.spi.UpdateTimestampsCache] : [Enrolment] -> [5579091083956225]
14:18:44,169 DEBUG BaseGeneralDataRegion:59 - Caching[foo.org.hibernate.cache.spi.UpdateTimestampsCache] : [Address] -> [5579091083956226]
14:18:44,178 DEBUG SQL:104 - 
    delete 
    from
        Student_secretCodes 
    where
        studentNumber=?
14:18:44,179 DEBUG BaseGeneralDataRegion:59 - Caching[foo.org.hibernate.cache.spi.UpdateTimestampsCache] : [Student_secretCodes] -> [5579091083997184]
14:18:44,179 DEBUG BaseGeneralDataRegion:59 - Caching[foo.org.hibernate.cache.spi.UpdateTimestampsCache] : [CourseMeeting] -> [5579091083997185]
14:18:44,179 DEBUG SQL:104 - 
    delete 
    from
        Enrolment 
    where
        studentId=? 
        and courseCode=?
14:18:44,180 DEBUG BaseGeneralDataRegion:59 - Caching[foo.org.hibernate.cache.spi.UpdateTimestampsCache] : [Enrolment] -> [5579091084001280]
14:18:44,180 DEBUG SQL:104 - 
    delete 
    from
        Address 
    where
        id=?
14:18:44,180 DEBUG BaseGeneralDataRegion:59 - Caching[foo.org.hibernate.cache.spi.UpdateTimestampsCache] : [Address] -> [5579091084001281]
14:18:44,180 DEBUG SQL:104 - 
    delete 
    from
        Address 
    where
        id=?
14:18:44,188 DEBUG BaseGeneralDataRegion:59 - Caching[foo.org.hibernate.cache.spi.UpdateTimestampsCache] : [Address] -> [5579091084034048]
14:18:44,188 DEBUG SQL:104 - 
    delete 
    from
        Student 
    where
        studentId=?
14:18:44,189 DEBUG BaseGeneralDataRegion:59 - Caching[foo.org.hibernate.cache.spi.UpdateTimestampsCache] : [Student] -> [5579091084034049]
14:18:44,189 DEBUG SQL:104 - 
    delete 
    from
        Enrolment 
    where
        studentId=? 
        and courseCode=?
14:18:44,189 DEBUG BaseGeneralDataRegion:59 - Caching[foo.org.hibernate.cache.spi.UpdateTimestampsCache] : [Enrolment] -> [5579091084038144]
14:18:44,189 DEBUG SQL:104 - 
    delete 
    from
        Student 
    where
        studentId=?
14:18:44,189 DEBUG BaseGeneralDataRegion:59 - Caching[foo.org.hibernate.cache.spi.UpdateTimestampsCache] : [Student] -> [5579091084038145]
14:18:44,189 DEBUG SQL:104 - 
    delete 
    from
        CourseMeeting 
    where
        courseCode=? 
        and day=? 
        and period=? 
        and location=?
14:18:44,198 DEBUG BaseGeneralDataRegion:59 - Caching[foo.org.hibernate.cache.spi.UpdateTimestampsCache] : [CourseMeeting] -> [5579091084075008]
14:18:44,198 DEBUG SQL:104 - 
    delete 
    from
        CourseMeeting 
    where
        courseCode=? 
        and day=? 
        and period=? 
        and location=?
14:18:44,198 DEBUG BaseGeneralDataRegion:59 - Caching[foo.org.hibernate.cache.spi.UpdateTimestampsCache] : [CourseMeeting] -> [5579091084075009]
14:18:44,198 DEBUG SQL:104 - 
    delete 
    from
        Course 
    where
        courseCode=?
14:18:44,198 DEBUG BaseGeneralDataRegion:59 - Caching[foo.org.hibernate.cache.spi.UpdateTimestampsCache] : [Course] -> [5579091084075010]
14:18:44,198 DEBUG BaseGeneralDataRegion:59 - Caching[foo.org.hibernate.cache.spi.UpdateTimestampsCache] : [Student] -> [5579090838315011]
14:18:44,199 DEBUG BaseGeneralDataRegion:59 - Caching[foo.org.hibernate.cache.spi.UpdateTimestampsCache] : [Course] -> [5579090838315011]
14:18:44,199 DEBUG BaseGeneralDataRegion:59 - Caching[foo.org.hibernate.cache.spi.UpdateTimestampsCache] : [Enrolment] -> [5579090838315011]
14:18:44,199 DEBUG BaseGeneralDataRegion:59 - Caching[foo.org.hibernate.cache.spi.UpdateTimestampsCache] : [Student_secretCodes] -> [5579090838315011]
14:18:44,199 DEBUG BaseGeneralDataRegion:59 - Caching[foo.org.hibernate.cache.spi.UpdateTimestampsCache] : [Address] -> [5579090838315011]
14:18:44,199 DEBUG BaseGeneralDataRegion:59 - Caching[foo.org.hibernate.cache.spi.UpdateTimestampsCache] : [CourseMeeting] -> [5579090838315011]
14:18:44,206  INFO CustomRunner:139 - Test: testListElementsProjectionList
14:18:44,207 DEBUG SQL:104 - 
    select
        coursemeet_.courseCode,
        coursemeet_.day,
        coursemeet_.period,
        coursemeet_.location 
    from
        CourseMeeting coursemeet_ 
    where
        coursemeet_.courseCode=? 
        and coursemeet_.day=? 
        and coursemeet_.period=? 
        and coursemeet_.location=?
14:18:44,208 DEBUG SQL:104 - 
    select
        coursemeet_.courseCode,
        coursemeet_.day,
        coursemeet_.period,
        coursemeet_.location 
    from
        CourseMeeting coursemeet_ 
    where
        coursemeet_.courseCode=? 
        and coursemeet_.day=? 
        and coursemeet_.period=? 
        and coursemeet_.location=?
14:18:44,215 DEBUG SQL:104 - 
    insert 
    into
        Course
        (description, courseCode) 
    values
        (?, ?)
14:18:44,216 DEBUG BaseGeneralDataRegion:59 - Caching[foo.org.hibernate.cache.spi.UpdateTimestampsCache] : [Course] -> [5579091084148736]
14:18:44,216 DEBUG SQL:104 - 
    insert 
    into
        CourseMeeting
        (courseCode, day, period, location) 
    values
        (?, ?, ?, ?)
14:18:44,216 DEBUG BaseGeneralDataRegion:59 - Caching[foo.org.hibernate.cache.spi.UpdateTimestampsCache] : [CourseMeeting] -> [5579091084148737]
14:18:44,216 DEBUG SQL:104 - 
    insert 
    into
        CourseMeeting
        (courseCode, day, period, location) 
    values
        (?, ?, ?, ?)
14:18:44,216 DEBUG BaseGeneralDataRegion:59 - Caching[foo.org.hibernate.cache.spi.UpdateTimestampsCache] : [CourseMeeting] -> [5579091084148738]
14:18:44,216 DEBUG SQL:104 - 
    insert 
    into
        Student
        (name_first, name_middle, name_last, preferredCourseCode, studentId) 
    values
        (?, ?, ?, ?, ?)
14:18:44,225 DEBUG BaseGeneralDataRegion:59 - Caching[foo.org.hibernate.cache.spi.UpdateTimestampsCache] : [Student] -> [5579091084185600]
14:18:44,225 DEBUG SQL:104 - 
    insert 
    into
        Address
        (addressType, street, city, stateProvince, postalCode, country, studentNumber, id) 
    values
        (?, ?, ?, ?, ?, ?, ?, ?)
14:18:44,225 DEBUG BaseGeneralDataRegion:59 - Caching[foo.org.hibernate.cache.spi.UpdateTimestampsCache] : [Address] -> [5579091084185601]
14:18:44,225 DEBUG SQL:104 - 
    insert 
    into
        Address
        (addressType, street, city, stateProvince, postalCode, country, studentNumber, id) 
    values
        (?, ?, ?, ?, ?, ?, ?, ?)
14:18:44,225 DEBUG BaseGeneralDataRegion:59 - Caching[foo.org.hibernate.cache.spi.UpdateTimestampsCache] : [Address] -> [5579091084185602]
14:18:44,226 DEBUG SQL:104 - 
    insert 
    into
        Student
        (name_first, name_middle, name_last, preferredCourseCode, studentId) 
    values
        (?, ?, ?, ?, ?)
14:18:44,226 DEBUG BaseGeneralDataRegion:59 - Caching[foo.org.hibernate.cache.spi.UpdateTimestampsCache] : [Student] -> [5579091084189696]
14:18:44,226 DEBUG SQL:104 - 
    insert 
    into
        Enrolment
        (semester, "year", studentId, courseCode) 
    values
        (?, ?, ?, ?)
14:18:44,234 DEBUG BaseGeneralDataRegion:59 - Caching[foo.org.hibernate.cache.spi.UpdateTimestampsCache] : [Enrolment] -> [5579091084222464]
14:18:44,235 DEBUG SQL:104 - 
    insert 
    into
        Enrolment
        (semester, "year", studentId, courseCode) 
    values
        (?, ?, ?, ?)
14:18:44,235 DEBUG BaseGeneralDataRegion:59 - Caching[foo.org.hibernate.cache.spi.UpdateTimestampsCache] : [Enrolment] -> [5579091084226560]
14:18:44,235 DEBUG BaseGeneralDataRegion:59 - Caching[foo.org.hibernate.cache.spi.UpdateTimestampsCache] : [CourseMeeting] -> [5579091084226561]
14:18:44,235 DEBUG BaseGeneralDataRegion:59 - Caching[foo.org.hibernate.cache.spi.UpdateTimestampsCache] : [Enrolment] -> [5579091084226562]
14:18:44,235 DEBUG SQL:104 - 
    update
        Address 
    set
        studentNumber=?,
        addressType=? 
    where
        id=?
14:18:44,235 DEBUG SQL:104 - 
    update
        Address 
    set
        studentNumber=?,
        addressType=? 
    where
        id=?
14:18:44,243 DEBUG BaseGeneralDataRegion:59 - Caching[foo.org.hibernate.cache.spi.UpdateTimestampsCache] : [Address] -> [5579091084259328]
14:18:44,244 DEBUG SQL:104 - 
    insert 
    into
        Student_secretCodes
        (studentNumber, i, secretCode) 
    values
        (?, ?, ?)
14:18:44,244 DEBUG BaseGeneralDataRegion:59 - Caching[foo.org.hibernate.cache.spi.UpdateTimestampsCache] : [Student_secretCodes] -> [5579091084263424]
14:18:44,244 DEBUG BaseGeneralDataRegion:59 - Caching[foo.org.hibernate.cache.spi.UpdateTimestampsCache] : [Enrolment] -> [5579091084263425]
14:18:44,244 DEBUG BaseGeneralDataRegion:59 - Caching[foo.org.hibernate.cache.spi.UpdateTimestampsCache] : [Address] -> [5579091084263426]
14:18:44,244 DEBUG SQL:104 - 
    insert 
    into
        Student_secretCodes
        (studentNumber, i, secretCode) 
    values
        (?, ?, ?)
14:18:44,244 DEBUG SQL:104 - 
    insert 
    into
        Student_secretCodes
        (studentNumber, i, secretCode) 
    values
        (?, ?, ?)
14:18:44,245 DEBUG BaseGeneralDataRegion:59 - Caching[foo.org.hibernate.cache.spi.UpdateTimestampsCache] : [Student_secretCodes] -> [5579091084267520]
14:18:44,245 DEBUG BaseGeneralDataRegion:59 - Caching[foo.org.hibernate.cache.spi.UpdateTimestampsCache] : [Student] -> [5579090838507521]
14:18:44,245 DEBUG BaseGeneralDataRegion:59 - Caching[foo.org.hibernate.cache.spi.UpdateTimestampsCache] : [Course] -> [5579090838507521]
14:18:44,245 DEBUG BaseGeneralDataRegion:59 - Caching[foo.org.hibernate.cache.spi.UpdateTimestampsCache] : [Enrolment] -> [5579090838507521]
14:18:44,254 DEBUG BaseGeneralDataRegion:59 - Caching[foo.org.hibernate.cache.spi.UpdateTimestampsCache] : [Student_secretCodes] -> [5579090838507521]
14:18:44,254 DEBUG BaseGeneralDataRegion:59 - Caching[foo.org.hibernate.cache.spi.UpdateTimestampsCache] : [Address] -> [5579090838507521]
14:18:44,254 DEBUG BaseGeneralDataRegion:59 - Caching[foo.org.hibernate.cache.spi.UpdateTimestampsCache] : [CourseMeeting] -> [5579090838507521]
14:18:44,255 DEBUG QueryTranslatorImpl:265 - parse() - HQL: select elements(s.secretCodes) from org.hibernate.test.querycache.Student s
14:18:44,256 DEBUG QueryTranslatorImpl:283 - --- HQL AST ---
 \-[QUERY] Node: 'query'
    \-[SELECT_FROM] Node: 'SELECT_FROM'
       +-[FROM] Node: 'from'
       |  \-[RANGE] Node: 'RANGE'
       |     +-[DOT] Node: '.'
       |     |  +-[DOT] Node: '.'
       |     |  |  +-[DOT] Node: '.'
       |     |  |  |  +-[DOT] Node: '.'
       |     |  |  |  |  +-[IDENT] Node: 'org'
       |     |  |  |  |  \-[IDENT] Node: 'hibernate'
       |     |  |  |  \-[IDENT] Node: 'test'
       |     |  |  \-[IDENT] Node: 'querycache'
       |     |  \-[IDENT] Node: 'Student'
       |     \-[ALIAS] Node: 's'
       \-[SELECT] Node: 'select'
          \-[ELEMENTS] Node: 'elements'
             \-[DOT] Node: '.'
                +-[IDENT] Node: 's'
                \-[IDENT] Node: 'secretCodes'

14:18:44,256 DEBUG ErrorCounter:82 - throwQueryException() : no errors
14:18:44,256 DEBUG FromElement:157 - FromClause{level=1} : org.hibernate.test.querycache.Student (s) -> student0_
14:18:44,256 DEBUG FromReferenceNode:74 - Resolved : s -> student0_.studentId
14:18:44,256 DEBUG DotNode:599 - getDataType() : secretCodes -> org.hibernate.type.ListType(org.hibernate.test.querycache.Student.secretCodes)
14:18:44,257 DEBUG FromElement:157 - FromClause{level=1} : null (<no alias>) -> secretcode1_
14:18:44,257 DEBUG FromClause:369 - addCollectionJoinFromElementByPath() : s.secretCodes -> Student_secretCodes
14:18:44,257 DEBUG DotNode:308 - dereferenceCollection() : Created new FROM element for s.secretCodes : Student_secretCodes secretcode1_
14:18:44,257 DEBUG MethodNode:207 - Creating elements for s.secretCodes[].elements
14:18:44,257 DEBUG HqlSqlWalker:629 - processQuery() :  ( SELECT ( {select clause} ( secretcode1_.secretCode ( . student0_.studentId secretCodes ) ) ) ( FromClause{level=1} (  Student_secretCodes secretcode1_ ) ) )
14:18:44,257 DEBUG JoinProcessor:175 - Using FROM fragment [Student student0_]
14:18:44,257 DEBUG SyntheticAndFactory:92 - Using unprocessed WHERE-fragment [student0_.studentId=secretcode1_.studentNumber]
14:18:44,257 DEBUG SyntheticAndFactory:124 - Using processed WHERE-fragment [student0_.studentId=secretcode1_.studentNumber]
14:18:44,258 DEBUG QueryNode:73 - getWhereClause() : Creating a new WHERE clause...
14:18:44,258 DEBUG QueryTranslatorImpl:252 - --- SQL AST ---
 \-[SELECT] QueryNode: 'SELECT'  querySpaces (Student,Student_secretCodes)
    +-[SELECT_CLAUSE] SelectClause: '{select clause}'
    |  +-[SQL_TOKEN] CollectionFunction: 'secretcode1_.secretCode' {method=elements,selectColumns=[secretcode1_.secretCode],fromElement=secretcode1_}
    |  |  \-[DOT] DotNode: '.' {propertyName=secretCodes,dereferenceType=NULL_TREE_LOOKAHEAD,propertyPath=secretCodes,path=s.secretCodes,tableAlias=secretcode1_,className=null,classAlias=null}
    |  |     +-[ALIAS_REF] IdentNode: 'student0_.studentId' {alias=s, className=org.hibernate.test.querycache.Student, tableAlias=student0_}
    |  |     \-[IDENT] IdentNode: 'secretCodes' {originalText=secretCodes}
    |  \-[SELECT_COLUMNS] SqlNode: ' as col_0_0_'
    +-[FROM] FromClause: 'from' FromClause{level=1, fromElementCounter=1, fromElements=2, fromElementByClassAlias=[s], fromElementByTableAlias=[student0_, secretcode1_], fromElementsByPath=[], collectionJoinFromElementsByPath=[s.secretCodes], impliedElements=[]}
    |  \-[FROM_FRAGMENT] FromElement: 'Student student0_' FromElement{explicit,collection join,not a fetch join,fetch non-lazy properties,classAlias=s,role=null,tableName=Student,tableAlias=student0_,origin=null,columns={,className=org.hibernate.test.querycache.Student}}
    |     \-[FROM_FRAGMENT] ImpliedFromElement: 'Student_secretCodes secretcode1_' ImpliedFromElement{implied,collection join,not a fetch join,fetch non-lazy properties,classAlias=null,role=org.hibernate.test.querycache.Student.secretCodes,tableName={none},tableAlias=secretcode1_,origin=Student student0_,columns={,className=null}}
    \-[WHERE] SqlNode: 'WHERE'
       \-[THETA_JOINS] SqlNode: '{theta joins}'
          \-[SQL_TOKEN] SqlFragment: 'student0_.studentId=secretcode1_.studentNumber'

14:18:44,258 DEBUG ErrorCounter:82 - throwQueryException() : no errors
14:18:44,258 DEBUG QueryTranslatorImpl:235 - HQL: select elements(s.secretCodes) from org.hibernate.test.querycache.Student s
14:18:44,258 DEBUG QueryTranslatorImpl:236 - SQL: select secretcode1_.secretCode as col_0_0_ from Student student0_, Student_secretCodes secretcode1_ where student0_.studentId=secretcode1_.studentNumber
14:18:44,258 DEBUG ErrorCounter:82 - throwQueryException() : no errors
14:18:44,258 DEBUG BaseGeneralDataRegion:46 - Cache[foo.org.hibernate.cache.internal.StandardQueryCache] lookup : key[sql: select secretcode1_.secretCode as col_0_0_ from Student student0_, Student_secretCodes secretcode1_ where student0_.studentId=secretcode1_.studentNumber; parameters: ; named parameters: {}; transformer: org.hibernate.transform.CacheableResultTransformer@110f2]
14:18:44,259 DEBUG SQL:104 - 
    select
        secretcode1_.secretCode as col_0_0_ 
    from
        Student student0_,
        Student_secretCodes secretcode1_ 
    where
        student0_.studentId=secretcode1_.studentNumber
14:18:44,266 DEBUG BaseGeneralDataRegion:59 - Caching[foo.org.hibernate.cache.internal.StandardQueryCache] : [sql: select secretcode1_.secretCode as col_0_0_ from Student student0_, Student_secretCodes secretcode1_ where student0_.studentId=secretcode1_.studentNumber; parameters: ; named parameters: {}; transformer: org.hibernate.transform.CacheableResultTransformer@110f2] -> [[5579090838593536, 0, 1, 2]]
14:18:44,267 DEBUG BaseGeneralDataRegion:46 - Cache[foo.org.hibernate.cache.internal.StandardQueryCache] lookup : key[sql: select secretcode1_.secretCode as col_0_0_ from Student student0_, Student_secretCodes secretcode1_ where student0_.studentId=secretcode1_.studentNumber; parameters: ; named parameters: {}; transformer: org.hibernate.transform.CacheableResultTransformer@110f2]
14:18:44,267 DEBUG BaseGeneralDataRegion:52 - Cache[foo.org.hibernate.cache.internal.StandardQueryCache] hit: sql: select secretcode1_.secretCode as col_0_0_ from Student student0_, Student_secretCodes secretcode1_ where student0_.studentId=secretcode1_.studentNumber; parameters: ; named parameters: {}; transformer: org.hibernate.transform.CacheableResultTransformer@110f2
14:18:44,267 DEBUG BaseGeneralDataRegion:46 - Cache[foo.org.hibernate.cache.spi.UpdateTimestampsCache] lookup : key[Student]
14:18:44,267 DEBUG BaseGeneralDataRegion:52 - Cache[foo.org.hibernate.cache.spi.UpdateTimestampsCache] hit: Student
14:18:44,267 DEBUG BaseGeneralDataRegion:46 - Cache[foo.org.hibernate.cache.spi.UpdateTimestampsCache] lookup : key[Student_secretCodes]
14:18:44,267 DEBUG BaseGeneralDataRegion:52 - Cache[foo.org.hibernate.cache.spi.UpdateTimestampsCache] hit: Student_secretCodes
14:18:44,267 DEBUG SQL:104 - 
    select
        student_.studentId,
        student_.name_first as name2_4_,
        student_.name_middle as name3_4_,
        student_.name_last as name4_4_,
        student_.preferredCourseCode as preferre5_4_ 
    from
        Student student_ 
    where
        student_.studentId=?
14:18:44,268 DEBUG SQL:104 - 
    select
        enrolment_.studentId,
        enrolment_.courseCode,
        enrolment_.semester as semester3_,
        enrolment_."year" as year4_3_ 
    from
        Enrolment enrolment_ 
    where
        enrolment_.studentId=? 
        and enrolment_.courseCode=?
14:18:44,276 DEBUG SQL:104 - 
    select
        course_.courseCode,
        course_.description as descript2_1_ 
    from
        Course course_ 
    where
        course_.courseCode=?
14:18:44,276 DEBUG SQL:104 - 
    select
        student_.studentId,
        student_.name_first as name2_4_,
        student_.name_middle as name3_4_,
        student_.name_last as name4_4_,
        student_.preferredCourseCode as preferre5_4_ 
    from
        Student student_ 
    where
        student_.studentId=?
14:18:44,277 DEBUG SQL:104 - 
    select
        enrolment_.studentId,
        enrolment_.courseCode,
        enrolment_.semester as semester3_,
        enrolment_."year" as year4_3_ 
    from
        Enrolment enrolment_ 
    where
        enrolment_.studentId=? 
        and enrolment_.courseCode=?
14:18:44,277 DEBUG SQL:104 - 
    select
        coursemeet_.courseCode,
        coursemeet_.day,
        coursemeet_.period,
        coursemeet_.location 
    from
        CourseMeeting coursemeet_ 
    where
        coursemeet_.courseCode=? 
        and coursemeet_.day=? 
        and coursemeet_.period=? 
        and coursemeet_.location=?
14:18:44,300 DEBUG SQL:104 - 
    select
        coursemeet_.courseCode,
        coursemeet_.day,
        coursemeet_.period,
        coursemeet_.location 
    from
        CourseMeeting coursemeet_ 
    where
        coursemeet_.courseCode=? 
        and coursemeet_.day=? 
        and coursemeet_.period=? 
        and coursemeet_.location=?
14:18:44,301 DEBUG BaseGeneralDataRegion:59 - Caching[foo.org.hibernate.cache.spi.UpdateTimestampsCache] : [Enrolment] -> [5579091084492800]
14:18:44,301 DEBUG SQL:104 - 
    update
        Address 
    set
        studentNumber=null,
        addressType=null 
    where
        studentNumber=?
14:18:44,301 DEBUG BaseGeneralDataRegion:59 - Caching[foo.org.hibernate.cache.spi.UpdateTimestampsCache] : [Address] -> [5579091084496896]
14:18:44,301 DEBUG SQL:104 - 
    delete 
    from
        Student_secretCodes 
    where
        studentNumber=?
14:18:44,310 DEBUG BaseGeneralDataRegion:59 - Caching[foo.org.hibernate.cache.spi.UpdateTimestampsCache] : [Student_secretCodes] -> [5579091084533760]
14:18:44,310 DEBUG BaseGeneralDataRegion:59 - Caching[foo.org.hibernate.cache.spi.UpdateTimestampsCache] : [Enrolment] -> [5579091084533761]
14:18:44,310 DEBUG BaseGeneralDataRegion:59 - Caching[foo.org.hibernate.cache.spi.UpdateTimestampsCache] : [Address] -> [5579091084533762]
14:18:44,310 DEBUG SQL:104 - 
    delete 
    from
        Student_secretCodes 
    where
        studentNumber=?
14:18:44,311 DEBUG BaseGeneralDataRegion:59 - Caching[foo.org.hibernate.cache.spi.UpdateTimestampsCache] : [Student_secretCodes] -> [5579091084537856]
14:18:44,311 DEBUG BaseGeneralDataRegion:59 - Caching[foo.org.hibernate.cache.spi.UpdateTimestampsCache] : [CourseMeeting] -> [5579091084537857]
14:18:44,311 DEBUG SQL:104 - 
    delete 
    from
        Enrolment 
    where
        studentId=? 
        and courseCode=?
14:18:44,311 DEBUG BaseGeneralDataRegion:59 - Caching[foo.org.hibernate.cache.spi.UpdateTimestampsCache] : [Enrolment] -> [5579091084537858]
14:18:44,311 DEBUG SQL:104 - 
    delete 
    from
        Address 
    where
        id=?
14:18:44,311 DEBUG BaseGeneralDataRegion:59 - Caching[foo.org.hibernate.cache.spi.UpdateTimestampsCache] : [Address] -> [5579091084537859]
14:18:44,312 DEBUG SQL:104 - 
    delete 
    from
        Address 
    where
        id=?
14:18:44,322 DEBUG BaseGeneralDataRegion:59 - Caching[foo.org.hibernate.cache.spi.UpdateTimestampsCache] : [Address] -> [5579091084582912]
14:18:44,322 DEBUG SQL:104 - 
    delete 
    from
        Student 
    where
        studentId=?
14:18:44,322 DEBUG BaseGeneralDataRegion:59 - Caching[foo.org.hibernate.cache.spi.UpdateTimestampsCache] : [Student] -> [5579091084582913]
14:18:44,322 DEBUG SQL:104 - 
    delete 
    from
        Enrolment 
    where
        studentId=? 
        and courseCode=?
14:18:44,323 DEBUG BaseGeneralDataRegion:59 - Caching[foo.org.hibernate.cache.spi.UpdateTimestampsCache] : [Enrolment] -> [5579091084587008]
14:18:44,323 DEBUG SQL:104 - 
    delete 
    from
        Student 
    where
        studentId=?
14:18:44,323 DEBUG BaseGeneralDataRegion:59 - Caching[foo.org.hibernate.cache.spi.UpdateTimestampsCache] : [Student] -> [5579091084587009]
14:18:44,323 DEBUG SQL:104 - 
    delete 
    from
        CourseMeeting 
    where
        courseCode=? 
        and day=? 
        and period=? 
        and location=?
14:18:44,332 DEBUG BaseGeneralDataRegion:59 - Caching[foo.org.hibernate.cache.spi.UpdateTimestampsCache] : [CourseMeeting] -> [5579091084623872]
14:18:44,332 DEBUG SQL:104 - 
    delete 
    from
        CourseMeeting 
    where
        courseCode=? 
        and day=? 
        and period=? 
        and location=?
14:18:44,332 DEBUG BaseGeneralDataRegion:59 - Caching[foo.org.hibernate.cache.spi.UpdateTimestampsCache] : [CourseMeeting] -> [5579091084623873]
14:18:44,332 DEBUG SQL:104 - 
    delete 
    from
        Course 
    where
        courseCode=?
14:18:44,332 DEBUG BaseGeneralDataRegion:59 - Caching[foo.org.hibernate.cache.spi.UpdateTimestampsCache] : [Course] -> [5579091084623874]
14:18:44,333 DEBUG BaseGeneralDataRegion:59 - Caching[foo.org.hibernate.cache.spi.UpdateTimestampsCache] : [Student] -> [5579090838867968]
14:18:44,333 DEBUG BaseGeneralDataRegion:59 - Caching[foo.org.hibernate.cache.spi.UpdateTimestampsCache] : [Course] -> [5579090838867968]
14:18:44,333 DEBUG BaseGeneralDataRegion:59 - Caching[foo.org.hibernate.cache.spi.UpdateTimestampsCache] : [Enrolment] -> [5579090838867968]
14:18:44,333 DEBUG BaseGeneralDataRegion:59 - Caching[foo.org.hibernate.cache.spi.UpdateTimestampsCache] : [Student_secretCodes] -> [5579090838867968]
14:18:44,333 DEBUG BaseGeneralDataRegion:59 - Caching[foo.org.hibernate.cache.spi.UpdateTimestampsCache] : [Address] -> [5579090838867968]
14:18:44,342 DEBUG BaseGeneralDataRegion:59 - Caching[foo.org.hibernate.cache.spi.UpdateTimestampsCache] : [CourseMeeting] -> [5579090838867968]
14:18:44,344  INFO CustomRunner:139 - Test: testMapElementsList
14:18:44,345 DEBUG SQL:104 - 
    select
        coursemeet_.courseCode,
        coursemeet_.day,
        coursemeet_.period,
        coursemeet_.location 
    from
        CourseMeeting coursemeet_ 
    where
        coursemeet_.courseCode=? 
        and coursemeet_.day=? 
        and coursemeet_.period=? 
        and coursemeet_.location=?
14:18:44,345 DEBUG SQL:104 - 
    select
        coursemeet_.courseCode,
        coursemeet_.day,
        coursemeet_.period,
        coursemeet_.location 
    from
        CourseMeeting coursemeet_ 
    where
        coursemeet_.courseCode=? 
        and coursemeet_.day=? 
        and coursemeet_.period=? 
        and coursemeet_.location=?
14:18:44,354 DEBUG SQL:104 - 
    insert 
    into
        Course
        (description, courseCode) 
    values
        (?, ?)
14:18:44,354 DEBUG BaseGeneralDataRegion:59 - Caching[foo.org.hibernate.cache.spi.UpdateTimestampsCache] : [Course] -> [5579091084713984]
14:18:44,355 DEBUG SQL:104 - 
    insert 
    into
        CourseMeeting
        (courseCode, day, period, location) 
    values
        (?, ?, ?, ?)
14:18:44,355 DEBUG BaseGeneralDataRegion:59 - Caching[foo.org.hibernate.cache.spi.UpdateTimestampsCache] : [CourseMeeting] -> [5579091084718080]
14:18:44,355 DEBUG SQL:104 - 
    insert 
    into
        CourseMeeting
        (courseCode, day, period, location) 
    values
        (?, ?, ?, ?)
14:18:44,355 DEBUG BaseGeneralDataRegion:59 - Caching[foo.org.hibernate.cache.spi.UpdateTimestampsCache] : [CourseMeeting] -> [5579091084718081]
14:18:44,355 DEBUG SQL:104 - 
    insert 
    into
        Student
        (name_first, name_middle, name_last, preferredCourseCode, studentId) 
    values
        (?, ?, ?, ?, ?)
14:18:44,363 DEBUG BaseGeneralDataRegion:59 - Caching[foo.org.hibernate.cache.spi.UpdateTimestampsCache] : [Student] -> [5579091084750848]
14:18:44,363 DEBUG SQL:104 - 
    insert 
    into
        Address
        (addressType, street, city, stateProvince, postalCode, country, studentNumber, id) 
    values
        (?, ?, ?, ?, ?, ?, ?, ?)
14:18:44,363 DEBUG BaseGeneralDataRegion:59 - Caching[foo.org.hibernate.cache.spi.UpdateTimestampsCache] : [Address] -> [5579091084750849]
14:18:44,363 DEBUG SQL:104 - 
    insert 
    into
        Address
        (addressType, street, city, stateProvince, postalCode, country, studentNumber, id) 
    values
        (?, ?, ?, ?, ?, ?, ?, ?)
14:18:44,364 DEBUG BaseGeneralDataRegion:59 - Caching[foo.org.hibernate.cache.spi.UpdateTimestampsCache] : [Address] -> [5579091084754944]
14:18:44,364 DEBUG SQL:104 - 
    insert 
    into
        Student
        (name_first, name_middle, name_last, preferredCourseCode, studentId) 
    values
        (?, ?, ?, ?, ?)
14:18:44,364 DEBUG BaseGeneralDataRegion:59 - Caching[foo.org.hibernate.cache.spi.UpdateTimestampsCache] : [Student] -> [5579091084754945]
14:18:44,372 DEBUG SQL:104 - 
    insert 
    into
        Enrolment
        (semester, "year", studentId, courseCode) 
    values
        (?, ?, ?, ?)
14:18:44,373 DEBUG BaseGeneralDataRegion:59 - Caching[foo.org.hibernate.cache.spi.UpdateTimestampsCache] : [Enrolment] -> [5579091084791808]
14:18:44,373 DEBUG SQL:104 - 
    insert 
    into
        Enrolment
        (semester, "year", studentId, courseCode) 
    values
        (?, ?, ?, ?)
14:18:44,373 DEBUG BaseGeneralDataRegion:59 - Caching[foo.org.hibernate.cache.spi.UpdateTimestampsCache] : [Enrolment] -> [5579091084791809]
14:18:44,373 DEBUG BaseGeneralDataRegion:59 - Caching[foo.org.hibernate.cache.spi.UpdateTimestampsCache] : [CourseMeeting] -> [5579091084791810]
14:18:44,373 DEBUG BaseGeneralDataRegion:59 - Caching[foo.org.hibernate.cache.spi.UpdateTimestampsCache] : [Enrolment] -> [5579091084791811]
14:18:44,373 DEBUG SQL:104 - 
    update
        Address 
    set
        studentNumber=?,
        addressType=? 
    where
        id=?
14:18:44,374 DEBUG SQL:104 - 
    update
        Address 
    set
        studentNumber=?,
        addressType=? 
    where
        id=?
14:18:44,383 DEBUG BaseGeneralDataRegion:59 - Caching[foo.org.hibernate.cache.spi.UpdateTimestampsCache] : [Address] -> [5579091084832768]
14:18:44,384 DEBUG SQL:104 - 
    insert 
    into
        Student_secretCodes
        (studentNumber, i, secretCode) 
    values
        (?, ?, ?)
14:18:44,384 DEBUG BaseGeneralDataRegion:59 - Caching[foo.org.hibernate.cache.spi.UpdateTimestampsCache] : [Student_secretCodes] -> [5579091084836864]
14:18:44,384 DEBUG BaseGeneralDataRegion:59 - Caching[foo.org.hibernate.cache.spi.UpdateTimestampsCache] : [Enrolment] -> [5579091084836865]
14:18:44,384 DEBUG BaseGeneralDataRegion:59 - Caching[foo.org.hibernate.cache.spi.UpdateTimestampsCache] : [Address] -> [5579091084836866]
14:18:44,384 DEBUG SQL:104 - 
    insert 
    into
        Student_secretCodes
        (studentNumber, i, secretCode) 
    values
        (?, ?, ?)
14:18:44,384 DEBUG SQL:104 - 
    insert 
    into
        Student_secretCodes
        (studentNumber, i, secretCode) 
    values
        (?, ?, ?)
14:18:44,384 DEBUG BaseGeneralDataRegion:59 - Caching[foo.org.hibernate.cache.spi.UpdateTimestampsCache] : [Student_secretCodes] -> [5579091084836867]
14:18:44,385 DEBUG BaseGeneralDataRegion:59 - Caching[foo.org.hibernate.cache.spi.UpdateTimestampsCache] : [Student] -> [5579090839080960]
14:18:44,385 DEBUG BaseGeneralDataRegion:59 - Caching[foo.org.hibernate.cache.spi.UpdateTimestampsCache] : [Course] -> [5579090839080960]
14:18:44,385 DEBUG BaseGeneralDataRegion:59 - Caching[foo.org.hibernate.cache.spi.UpdateTimestampsCache] : [Enrolment] -> [5579090839080960]
14:18:44,385 DEBUG BaseGeneralDataRegion:59 - Caching[foo.org.hibernate.cache.spi.UpdateTimestampsCache] : [Student_secretCodes] -> [5579090839080960]
14:18:44,385 DEBUG BaseGeneralDataRegion:59 - Caching[foo.org.hibernate.cache.spi.UpdateTimestampsCache] : [Address] -> [5579090839080960]
14:18:44,385 DEBUG BaseGeneralDataRegion:59 - Caching[foo.org.hibernate.cache.spi.UpdateTimestampsCache] : [CourseMeeting] -> [5579090839080960]
14:18:44,385 DEBUG QueryTranslatorImpl:265 - parse() - HQL: select elements(a) from org.hibernate.test.querycache.Student s inner join s.addresses a
14:18:44,386 DEBUG QueryTranslatorImpl:283 - --- HQL AST ---
 \-[QUERY] Node: 'query'
    \-[SELECT_FROM] Node: 'SELECT_FROM'
       +-[FROM] Node: 'from'
       |  +-[RANGE] Node: 'RANGE'
       |  |  +-[DOT] Node: '.'
       |  |  |  +-[DOT] Node: '.'
       |  |  |  |  +-[DOT] Node: '.'
       |  |  |  |  |  +-[DOT] Node: '.'
       |  |  |  |  |  |  +-[IDENT] Node: 'org'
       |  |  |  |  |  |  \-[IDENT] Node: 'hibernate'
       |  |  |  |  |  \-[IDENT] Node: 'test'
       |  |  |  |  \-[IDENT] Node: 'querycache'
       |  |  |  \-[IDENT] Node: 'Student'
       |  |  \-[ALIAS] Node: 's'
       |  \-[JOIN] Node: 'join'
       |     +-[INNER] Node: 'inner'
       |     +-[DOT] Node: '.'
       |     |  +-[IDENT] Node: 's'
       |     |  \-[IDENT] Node: 'addresses'
       |     \-[ALIAS] Node: 'a'
       \-[SELECT] Node: 'select'
          \-[ELEMENTS] Node: 'elements'
             \-[IDENT] Node: 'a'

14:18:44,402 DEBUG ErrorCounter:82 - throwQueryException() : no errors
14:18:44,402 DEBUG FromElement:157 - FromClause{level=1} : org.hibernate.test.querycache.Student (s) -> student0_
14:18:44,402 DEBUG FromReferenceNode:74 - Resolved : s -> student0_.studentId
14:18:44,403 DEBUG DotNode:599 - getDataType() : addresses -> org.hibernate.type.MapType(org.hibernate.test.querycache.Student.addresses)
14:18:44,403 DEBUG FromElementFactory:376 - createEntityAssociation() : One to many - path = s.addresses role = org.hibernate.test.querycache.Student.addresses associatedEntityName = org.hibernate.test.querycache.Address
14:18:44,403 DEBUG FromElement:157 - FromClause{level=1} : org.hibernate.test.querycache.Address (a) -> addresses1_
14:18:44,403 DEBUG FromClause:282 - addJoinByPathMap() : s.addresses -> FromElement{explicit,not a collection join,not a fetch join,fetch non-lazy properties,classAlias=a,role=null,tableName=Address,tableAlias=addresses1_,origin=Student student0_,columns={student0_.studentId ,className=org.hibernate.test.querycache.Address}}
14:18:44,403 DEBUG DotNode:308 - dereferenceCollection() : Created new FROM element for s.addresses : Address addresses1_
14:18:44,403 DEBUG FromReferenceNode:74 - Resolved : s.addresses -> .
14:18:44,403 DEBUG HqlSqlWalker:403 - createFromJoinElement() : -- join tree --
 \-[JOIN_FRAGMENT] FromElement: 'Address addresses1_' FromElement{explicit,not a collection join,not a fetch join,fetch non-lazy properties,classAlias=a,role=org.hibernate.test.querycache.Student.addresses,tableName=Address,tableAlias=addresses1_,origin=Student student0_,columns={student0_.studentId ,className=org.hibernate.test.querycache.Address}}

14:18:44,404 DEBUG FromReferenceNode:74 - Resolved : a -> addresses1_.id
14:18:44,404 DEBUG MethodNode:207 - Creating elements for a[].elements
14:18:44,404 DEBUG HqlSqlWalker:629 - processQuery() :  ( SELECT ( {select clause} ( addresses1_.id addresses1_.id ) ) ( FromClause{level=1} ( Student student0_ Address addresses1_ ) ) )
14:18:44,404 DEBUG JoinProcessor:175 - Using FROM fragment [Student student0_]
14:18:44,404 DEBUG JoinProcessor:175 - Using FROM fragment [inner join Address addresses1_ on student0_.studentId=addresses1_.studentNumber]
14:18:44,404 DEBUG QueryTranslatorImpl:252 - --- SQL AST ---
 \-[SELECT] QueryNode: 'SELECT'  querySpaces (Student,Address)
    +-[SELECT_CLAUSE] SelectClause: '{select clause}'
    |  +-[SQL_TOKEN] CollectionFunction: 'addresses1_.id' {method=elements,selectColumns=[addresses1_.id],fromElement=addresses1_}
    |  |  \-[ALIAS_REF] IdentNode: 'addresses1_.id' {alias=a, className=org.hibernate.test.querycache.Address, tableAlias=addresses1_}
    |  \-[SELECT_COLUMNS] SqlNode: ' as col_0_0_'
    \-[FROM] FromClause: 'from' FromClause{level=1, fromElementCounter=2, fromElements=2, fromElementByClassAlias=[s, a], fromElementByTableAlias=[student0_, addresses1_], fromElementsByPath=[s.addresses], collectionJoinFromElementsByPath=[], impliedElements=[]}
       \-[FROM_FRAGMENT] FromElement: 'Student student0_' FromElement{explicit,not a collection join,not a fetch join,fetch non-lazy properties,classAlias=s,role=null,tableName=Student,tableAlias=student0_,origin=null,columns={,className=org.hibernate.test.querycache.Student}}
          \-[JOIN_FRAGMENT] FromElement: 'inner join Address addresses1_ on student0_.studentId=addresses1_.studentNumber' FromElement{explicit,not a collection join,not a fetch join,fetch non-lazy properties,classAlias=a,role=org.hibernate.test.querycache.Student.addresses,tableName=Address,tableAlias=addresses1_,origin=Student student0_,columns={student0_.studentId ,className=org.hibernate.test.querycache.Address}}

14:18:44,405 DEBUG ErrorCounter:82 - throwQueryException() : no errors
14:18:44,406 DEBUG QueryTranslatorImpl:235 - HQL: select elements(a) from org.hibernate.test.querycache.Student s inner join s.addresses a
14:18:44,406 DEBUG QueryTranslatorImpl:236 - SQL: select addresses1_.id as col_0_0_ from Student student0_ inner join Address addresses1_ on student0_.studentId=addresses1_.studentNumber
14:18:44,406 DEBUG ErrorCounter:82 - throwQueryException() : no errors
14:18:44,406 DEBUG BaseGeneralDataRegion:46 - Cache[foo.org.hibernate.cache.internal.StandardQueryCache] lookup : key[sql: select addresses1_.id as col_0_0_ from Student student0_ inner join Address addresses1_ on student0_.studentId=addresses1_.studentNumber; parameters: ; named parameters: {}; transformer: org.hibernate.transform.CacheableResultTransformer@110f2]
14:18:44,406 DEBUG SQL:104 - 
    select
        addresses1_.id as col_0_0_ 
    from
        Student student0_ 
    inner join
        Address addresses1_ 
            on student0_.studentId=addresses1_.studentNumber
14:18:44,407 DEBUG SQL:104 - 
    select
        address0_.id as id0_0_,
        address0_.addressType as addressT2_0_0_,
        address0_.street as street0_0_,
        address0_.city as city0_0_,
        address0_.stateProvince as statePro5_0_0_,
        address0_.postalCode as postalCode0_0_,
        address0_.country as country0_0_,
        address0_.studentNumber as studentN8_0_0_ 
    from
        Address address0_ 
    where
        address0_.id=?
14:18:44,408 DEBUG SQL:104 - 
    select
        address0_.id as id0_0_,
        address0_.addressType as addressT2_0_0_,
        address0_.street as street0_0_,
        address0_.city as city0_0_,
        address0_.stateProvince as statePro5_0_0_,
        address0_.postalCode as postalCode0_0_,
        address0_.country as country0_0_,
        address0_.studentNumber as studentN8_0_0_ 
    from
        Address address0_ 
    where
        address0_.id=?
14:18:44,429 DEBUG BaseGeneralDataRegion:59 - Caching[foo.org.hibernate.cache.internal.StandardQueryCache] : [sql: select addresses1_.id as col_0_0_ from Student student0_ inner join Address addresses1_ on student0_.studentId=addresses1_.studentNumber; parameters: ; named parameters: {}; transformer: org.hibernate.transform.CacheableResultTransformer@110f2] -> [[5579090839261184, 84, 83]]
14:18:44,430 DEBUG BaseGeneralDataRegion:46 - Cache[foo.org.hibernate.cache.internal.StandardQueryCache] lookup : key[sql: select addresses1_.id as col_0_0_ from Student student0_ inner join Address addresses1_ on student0_.studentId=addresses1_.studentNumber; parameters: ; named parameters: {}; transformer: org.hibernate.transform.CacheableResultTransformer@110f2]
14:18:44,430 DEBUG BaseGeneralDataRegion:52 - Cache[foo.org.hibernate.cache.internal.StandardQueryCache] hit: sql: select addresses1_.id as col_0_0_ from Student student0_ inner join Address addresses1_ on student0_.studentId=addresses1_.studentNumber; parameters: ; named parameters: {}; transformer: org.hibernate.transform.CacheableResultTransformer@110f2
14:18:44,430 DEBUG BaseGeneralDataRegion:46 - Cache[foo.org.hibernate.cache.spi.UpdateTimestampsCache] lookup : key[Student]
14:18:44,430 DEBUG BaseGeneralDataRegion:52 - Cache[foo.org.hibernate.cache.spi.UpdateTimestampsCache] hit: Student
14:18:44,430 DEBUG BaseGeneralDataRegion:46 - Cache[foo.org.hibernate.cache.spi.UpdateTimestampsCache] lookup : key[Address]
14:18:44,430 DEBUG BaseGeneralDataRegion:52 - Cache[foo.org.hibernate.cache.spi.UpdateTimestampsCache] hit: Address
14:18:44,430 DEBUG SQL:104 - 
    select
        address0_.id as id0_0_,
        address0_.addressType as addressT2_0_0_,
        address0_.street as street0_0_,
        address0_.city as city0_0_,
        address0_.stateProvince as statePro5_0_0_,
        address0_.postalCode as postalCode0_0_,
        address0_.country as country0_0_,
        address0_.studentNumber as studentN8_0_0_ 
    from
        Address address0_ 
    where
        address0_.id=?
14:18:44,431 DEBUG SQL:104 - 
    select
        address0_.id as id0_0_,
        address0_.addressType as addressT2_0_0_,
        address0_.street as street0_0_,
        address0_.city as city0_0_,
        address0_.stateProvince as statePro5_0_0_,
        address0_.postalCode as postalCode0_0_,
        address0_.country as country0_0_,
        address0_.studentNumber as studentN8_0_0_ 
    from
        Address address0_ 
    where
        address0_.id=?
14:18:44,441 DEBUG SQL:104 - 
    select
        student_.studentId,
        student_.name_first as name2_4_,
        student_.name_middle as name3_4_,
        student_.name_last as name4_4_,
        student_.preferredCourseCode as preferre5_4_ 
    from
        Student student_ 
    where
        student_.studentId=?
14:18:44,442 DEBUG SQL:104 - 
    select
        enrolment_.studentId,
        enrolment_.courseCode,
        enrolment_.semester as semester3_,
        enrolment_."year" as year4_3_ 
    from
        Enrolment enrolment_ 
    where
        enrolment_.studentId=? 
        and enrolment_.courseCode=?
14:18:44,442 DEBUG SQL:104 - 
    select
        course_.courseCode,
        course_.description as descript2_1_ 
    from
        Course course_ 
    where
        course_.courseCode=?
14:18:44,451 DEBUG SQL:104 - 
    select
        student_.studentId,
        student_.name_first as name2_4_,
        student_.name_middle as name3_4_,
        student_.name_last as name4_4_,
        student_.preferredCourseCode as preferre5_4_ 
    from
        Student student_ 
    where
        student_.studentId=?
14:18:44,452 DEBUG SQL:104 - 
    select
        enrolment_.studentId,
        enrolment_.courseCode,
        enrolment_.semester as semester3_,
        enrolment_."year" as year4_3_ 
    from
        Enrolment enrolment_ 
    where
        enrolment_.studentId=? 
        and enrolment_.courseCode=?
14:18:44,452 DEBUG SQL:104 - 
    select
        coursemeet_.courseCode,
        coursemeet_.day,
        coursemeet_.period,
        coursemeet_.location 
    from
        CourseMeeting coursemeet_ 
    where
        coursemeet_.courseCode=? 
        and coursemeet_.day=? 
        and coursemeet_.period=? 
        and coursemeet_.location=?
14:18:44,462 DEBUG SQL:104 - 
    select
        coursemeet_.courseCode,
        coursemeet_.day,
        coursemeet_.period,
        coursemeet_.location 
    from
        CourseMeeting coursemeet_ 
    where
        coursemeet_.courseCode=? 
        and coursemeet_.day=? 
        and coursemeet_.period=? 
        and coursemeet_.location=?
14:18:44,463 DEBUG BaseGeneralDataRegion:59 - Caching[foo.org.hibernate.cache.spi.UpdateTimestampsCache] : [Enrolment] -> [5579091085160448]
14:18:44,463 DEBUG SQL:104 - 
    update
        Address 
    set
        studentNumber=null,
        addressType=null 
    where
        studentNumber=?
14:18:44,476 DEBUG BaseGeneralDataRegion:59 - Caching[foo.org.hibernate.cache.spi.UpdateTimestampsCache] : [Address] -> [5579091085213696]
14:18:44,476 DEBUG SQL:104 - 
    delete 
    from
        Student_secretCodes 
    where
        studentNumber=?
14:18:44,477 DEBUG BaseGeneralDataRegion:59 - Caching[foo.org.hibernate.cache.spi.UpdateTimestampsCache] : [Student_secretCodes] -> [5579091085217792]
14:18:44,477 DEBUG BaseGeneralDataRegion:59 - Caching[foo.org.hibernate.cache.spi.UpdateTimestampsCache] : [Enrolment] -> [5579091085217793]
14:18:44,477 DEBUG BaseGeneralDataRegion:59 - Caching[foo.org.hibernate.cache.spi.UpdateTimestampsCache] : [Address] -> [5579091085217794]
14:18:44,477 DEBUG SQL:104 - 
    delete 
    from
        Student_secretCodes 
    where
        studentNumber=?
14:18:44,477 DEBUG BaseGeneralDataRegion:59 - Caching[foo.org.hibernate.cache.spi.UpdateTimestampsCache] : [Student_secretCodes] -> [5579091085217795]
14:18:44,477 DEBUG BaseGeneralDataRegion:59 - Caching[foo.org.hibernate.cache.spi.UpdateTimestampsCache] : [CourseMeeting] -> [5579091085217796]
14:18:44,477 DEBUG SQL:104 - 
    delete 
    from
        Enrolment 
    where
        studentId=? 
        and courseCode=?
14:18:44,478 DEBUG BaseGeneralDataRegion:59 - Caching[foo.org.hibernate.cache.spi.UpdateTimestampsCache] : [Enrolment] -> [5579091085221888]
14:18:44,478 DEBUG SQL:104 - 
    delete 
    from
        Address 
    where
        id=?
14:18:44,486 DEBUG BaseGeneralDataRegion:59 - Caching[foo.org.hibernate.cache.spi.UpdateTimestampsCache] : [Address] -> [5579091085254656]
14:18:44,486 DEBUG SQL:104 - 
    delete 
    from
        Address 
    where
        id=?
14:18:44,486 DEBUG BaseGeneralDataRegion:59 - Caching[foo.org.hibernate.cache.spi.UpdateTimestampsCache] : [Address] -> [5579091085254657]
14:18:44,486 DEBUG SQL:104 - 
    delete 
    from
        Student 
    where
        studentId=?
14:18:44,487 DEBUG BaseGeneralDataRegion:59 - Caching[foo.org.hibernate.cache.spi.UpdateTimestampsCache] : [Student] -> [5579091085258752]
14:18:44,487 DEBUG SQL:104 - 
    delete 
    from
        Enrolment 
    where
        studentId=? 
        and courseCode=?
14:18:44,487 DEBUG BaseGeneralDataRegion:59 - Caching[foo.org.hibernate.cache.spi.UpdateTimestampsCache] : [Enrolment] -> [5579091085258753]
14:18:44,487 DEBUG SQL:104 - 
    delete 
    from
        Student 
    where
        studentId=?
14:18:44,487 DEBUG BaseGeneralDataRegion:59 - Caching[foo.org.hibernate.cache.spi.UpdateTimestampsCache] : [Student] -> [5579091085258754]
14:18:44,487 DEBUG SQL:104 - 
    delete 
    from
        CourseMeeting 
    where
        courseCode=? 
        and day=? 
        and period=? 
        and location=?
14:18:44,487 DEBUG BaseGeneralDataRegion:59 - Caching[foo.org.hibernate.cache.spi.UpdateTimestampsCache] : [CourseMeeting] -> [5579091085258755]
14:18:44,488 DEBUG SQL:104 - 
    delete 
    from
        CourseMeeting 
    where
        courseCode=? 
        and day=? 
        and period=? 
        and location=?
14:18:44,488 DEBUG BaseGeneralDataRegion:59 - Caching[foo.org.hibernate.cache.spi.UpdateTimestampsCache] : [CourseMeeting] -> [5579091085262848]
14:18:44,488 DEBUG SQL:104 - 
    delete 
    from
        Course 
    where
        courseCode=?
14:18:44,488 DEBUG BaseGeneralDataRegion:59 - Caching[foo.org.hibernate.cache.spi.UpdateTimestampsCache] : [Course] -> [5579091085262849]
14:18:44,488 DEBUG BaseGeneralDataRegion:59 - Caching[foo.org.hibernate.cache.spi.UpdateTimestampsCache] : [Student] -> [5579090839502850]
14:18:44,488 DEBUG BaseGeneralDataRegion:59 - Caching[foo.org.hibernate.cache.spi.UpdateTimestampsCache] : [Course] -> [5579090839502850]
14:18:44,488 DEBUG BaseGeneralDataRegion:59 - Caching[foo.org.hibernate.cache.spi.UpdateTimestampsCache] : [Enrolment] -> [5579090839502850]
14:18:44,488 DEBUG BaseGeneralDataRegion:59 - Caching[foo.org.hibernate.cache.spi.UpdateTimestampsCache] : [Student_secretCodes] -> [5579090839502850]
14:18:44,489 DEBUG BaseGeneralDataRegion:59 - Caching[foo.org.hibernate.cache.spi.UpdateTimestampsCache] : [Address] -> [5579090839502850]
14:18:44,489 DEBUG BaseGeneralDataRegion:59 - Caching[foo.org.hibernate.cache.spi.UpdateTimestampsCache] : [CourseMeeting] -> [5579090839502850]
14:18:44,489  INFO CustomRunner:139 - Test: testMapEntryList
14:18:44,490 DEBUG SQL:104 - 
    select
        coursemeet_.courseCode,
        coursemeet_.day,
        coursemeet_.period,
        coursemeet_.location 
    from
        CourseMeeting coursemeet_ 
    where
        coursemeet_.courseCode=? 
        and coursemeet_.day=? 
        and coursemeet_.period=? 
        and coursemeet_.location=?
14:18:44,509 DEBUG SQL:104 - 
    select
        coursemeet_.courseCode,
        coursemeet_.day,
        coursemeet_.period,
        coursemeet_.location 
    from
        CourseMeeting coursemeet_ 
    where
        coursemeet_.courseCode=? 
        and coursemeet_.day=? 
        and coursemeet_.period=? 
        and coursemeet_.location=?
14:18:44,510 DEBUG SQL:104 - 
    insert 
    into
        Course
        (description, courseCode) 
    values
        (?, ?)
14:18:44,510 DEBUG BaseGeneralDataRegion:59 - Caching[foo.org.hibernate.cache.spi.UpdateTimestampsCache] : [Course] -> [5579091085352960]
14:18:44,510 DEBUG SQL:104 - 
    insert 
    into
        CourseMeeting
        (courseCode, day, period, location) 
    values
        (?, ?, ?, ?)
14:18:44,511 DEBUG BaseGeneralDataRegion:59 - Caching[foo.org.hibernate.cache.spi.UpdateTimestampsCache] : [CourseMeeting] -> [5579091085357056]
14:18:44,511 DEBUG SQL:104 - 
    insert 
    into
        CourseMeeting
        (courseCode, day, period, location) 
    values
        (?, ?, ?, ?)
14:18:44,511 DEBUG BaseGeneralDataRegion:59 - Caching[foo.org.hibernate.cache.spi.UpdateTimestampsCache] : [CourseMeeting] -> [5579091085357057]
14:18:44,511 DEBUG SQL:104 - 
    insert 
    into
        Student
        (name_first, name_middle, name_last, preferredCourseCode, studentId) 
    values
        (?, ?, ?, ?, ?)
14:18:44,511 DEBUG BaseGeneralDataRegion:59 - Caching[foo.org.hibernate.cache.spi.UpdateTimestampsCache] : [Student] -> [5579091085357058]
14:18:44,511 DEBUG SQL:104 - 
    insert 
    into
        Address
        (addressType, street, city, stateProvince, postalCode, country, studentNumber, id) 
    values
        (?, ?, ?, ?, ?, ?, ?, ?)
14:18:44,521 DEBUG BaseGeneralDataRegion:59 - Caching[foo.org.hibernate.cache.spi.UpdateTimestampsCache] : [Address] -> [5579091085398016]
14:18:44,521 DEBUG SQL:104 - 
    insert 
    into
        Address
        (addressType, street, city, stateProvince, postalCode, country, studentNumber, id) 
    values
        (?, ?, ?, ?, ?, ?, ?, ?)
14:18:44,522 DEBUG BaseGeneralDataRegion:59 - Caching[foo.org.hibernate.cache.spi.UpdateTimestampsCache] : [Address] -> [5579091085402112]
14:18:44,522 DEBUG SQL:104 - 
    insert 
    into
        Student
        (name_first, name_middle, name_last, preferredCourseCode, studentId) 
    values
        (?, ?, ?, ?, ?)
14:18:44,522 DEBUG BaseGeneralDataRegion:59 - Caching[foo.org.hibernate.cache.spi.UpdateTimestampsCache] : [Student] -> [5579091085402113]
14:18:44,522 DEBUG SQL:104 - 
    insert 
    into
        Enrolment
        (semester, "year", studentId, courseCode) 
    values
        (?, ?, ?, ?)
14:18:44,522 DEBUG BaseGeneralDataRegion:59 - Caching[foo.org.hibernate.cache.spi.UpdateTimestampsCache] : [Enrolment] -> [5579091085402114]
14:18:44,522 DEBUG SQL:104 - 
    insert 
    into
        Enrolment
        (semester, "year", studentId, courseCode) 
    values
        (?, ?, ?, ?)
14:18:44,531 DEBUG BaseGeneralDataRegion:59 - Caching[foo.org.hibernate.cache.spi.UpdateTimestampsCache] : [Enrolment] -> [5579091085438976]
14:18:44,531 DEBUG BaseGeneralDataRegion:59 - Caching[foo.org.hibernate.cache.spi.UpdateTimestampsCache] : [CourseMeeting] -> [5579091085438977]
14:18:44,532 DEBUG BaseGeneralDataRegion:59 - Caching[foo.org.hibernate.cache.spi.UpdateTimestampsCache] : [Enrolment] -> [5579091085443072]
14:18:44,532 DEBUG SQL:104 - 
    update
        Address 
    set
        studentNumber=?,
        addressType=? 
    where
        id=?
14:18:44,532 DEBUG SQL:104 - 
    update
        Address 
    set
        studentNumber=?,
        addressType=? 
    where
        id=?
14:18:44,532 DEBUG BaseGeneralDataRegion:59 - Caching[foo.org.hibernate.cache.spi.UpdateTimestampsCache] : [Address] -> [5579091085443073]
14:18:44,532 DEBUG SQL:104 - 
    insert 
    into
        Student_secretCodes
        (studentNumber, i, secretCode) 
    values
        (?, ?, ?)
14:18:44,532 DEBUG BaseGeneralDataRegion:59 - Caching[foo.org.hibernate.cache.spi.UpdateTimestampsCache] : [Student_secretCodes] -> [5579091085443074]
14:18:44,533 DEBUG BaseGeneralDataRegion:59 - Caching[foo.org.hibernate.cache.spi.UpdateTimestampsCache] : [Enrolment] -> [5579091085443075]
14:18:44,533 DEBUG BaseGeneralDataRegion:59 - Caching[foo.org.hibernate.cache.spi.UpdateTimestampsCache] : [Address] -> [5579091085447168]
14:18:44,533 DEBUG SQL:104 - 
    insert 
    into
        Student_secretCodes
        (studentNumber, i, secretCode) 
    values
        (?, ?, ?)
14:18:44,533 DEBUG SQL:104 - 
    insert 
    into
        Student_secretCodes
        (studentNumber, i, secretCode) 
    values
        (?, ?, ?)
14:18:44,554 DEBUG BaseGeneralDataRegion:59 - Caching[foo.org.hibernate.cache.spi.UpdateTimestampsCache] : [Student_secretCodes] -> [5579091085533184]
14:18:44,554 DEBUG BaseGeneralDataRegion:59 - Caching[foo.org.hibernate.cache.spi.UpdateTimestampsCache] : [Student] -> [5579090839773185]
14:18:44,554 DEBUG BaseGeneralDataRegion:59 - Caching[foo.org.hibernate.cache.spi.UpdateTimestampsCache] : [Course] -> [5579090839773185]
14:18:44,554 DEBUG BaseGeneralDataRegion:59 - Caching[foo.org.hibernate.cache.spi.UpdateTimestampsCache] : [Enrolment] -> [5579090839773185]
14:18:44,554 DEBUG BaseGeneralDataRegion:59 - Caching[foo.org.hibernate.cache.spi.UpdateTimestampsCache] : [Student_secretCodes] -> [5579090839773185]
14:18:44,554 DEBUG BaseGeneralDataRegion:59 - Caching[foo.org.hibernate.cache.spi.UpdateTimestampsCache] : [Address] -> [5579090839773185]
14:18:44,554 DEBUG BaseGeneralDataRegion:59 - Caching[foo.org.hibernate.cache.spi.UpdateTimestampsCache] : [CourseMeeting] -> [5579090839773185]
14:18:44,555 DEBUG QueryTranslatorImpl:265 - parse() - HQL: select entry(s.addresses) from org.hibernate.test.querycache.Student s
14:18:44,556 DEBUG QueryTranslatorImpl:283 - --- HQL AST ---
 \-[QUERY] Node: 'query'
    \-[SELECT_FROM] Node: 'SELECT_FROM'
       +-[FROM] Node: 'from'
       |  \-[RANGE] Node: 'RANGE'
       |     +-[DOT] Node: '.'
       |     |  +-[DOT] Node: '.'
       |     |  |  +-[DOT] Node: '.'
       |     |  |  |  +-[DOT] Node: '.'
       |     |  |  |  |  +-[IDENT] Node: 'org'
       |     |  |  |  |  \-[IDENT] Node: 'hibernate'
       |     |  |  |  \-[IDENT] Node: 'test'
       |     |  |  \-[IDENT] Node: 'querycache'
       |     |  \-[IDENT] Node: 'Student'
       |     \-[ALIAS] Node: 's'
       \-[SELECT] Node: 'select'
          \-[ENTRY] Node: ''
             \-[DOT] Node: '.'
                +-[IDENT] Node: 's'
                \-[IDENT] Node: 'addresses'

14:18:44,565 DEBUG ErrorCounter:82 - throwQueryException() : no errors
14:18:44,565 DEBUG FromElement:157 - FromClause{level=1} : org.hibernate.test.querycache.Student (s) -> student0_
14:18:44,566 DEBUG FromReferenceNode:74 - Resolved : s -> student0_.studentId
14:18:44,566 DEBUG DotNode:599 - getDataType() : addresses -> org.hibernate.type.MapType(org.hibernate.test.querycache.Student.addresses)
14:18:44,566 DEBUG FromElementFactory:376 - createEntityAssociation() : One to many - path = s.addresses role = org.hibernate.test.querycache.Student.addresses associatedEntityName = org.hibernate.test.querycache.Address
14:18:44,566 DEBUG FromElement:157 - FromClause{level=1} : org.hibernate.test.querycache.Address (<no alias>) -> addresses1_
14:18:44,566 DEBUG FromClause:282 - addJoinByPathMap() : s.addresses -> ImpliedFromElement{implied,not a collection join,not a fetch join,fetch non-lazy properties,classAlias=null,role=null,tableName=Address,tableAlias=addresses1_,origin=Student student0_,columns={student0_.studentId ,className=org.hibernate.test.querycache.Address}}
14:18:44,566 DEBUG DotNode:308 - dereferenceCollection() : Created new FROM element for s.addresses : Address addresses1_
14:18:44,567 DEBUG FromReferenceNode:74 - Resolved : s.addresses -> .
14:18:44,567 DEBUG FromReferenceNode:74 - Resolved : addresses1_.addressType as col_0_0_, addresses1_.id as col_1_0_, addresses1_.addressType as col_1_1_, addresses1_.street as col_1_2_, addresses1_.city as col_1_3_, addresses1_.stateProvince as col_1_4_, addresses1_.postalCode as col_1_5_, addresses1_.country as col_1_6_, addresses1_.studentNumber as col_1_7_ -> addresses1_.addressType as col_0_0_, addresses1_.id as col_1_0_, addresses1_.addressType as col_1_1_, addresses1_.street as col_1_2_, addresses1_.city as col_1_3_, addresses1_.stateProvince as col_1_4_, addresses1_.postalCode as col_1_5_, addresses1_.country as col_1_6_, addresses1_.studentNumber as col_1_7_
14:18:44,567 DEBUG HqlSqlWalker:629 - processQuery() :  ( SELECT ( {select clause} addresses1_.addressType as col_0_0_, addresses1_.id as col_1_0_, addresses1_.addressType as col_1_1_, addresses1_.street as col_1_2_, addresses1_.city as col_1_3_, addresses1_.stateProvince as col_1_4_, addresses1_.postalCode as col_1_5_, addresses1_.country as col_1_6_, addresses1_.studentNumber as col_1_7_ ) ( FromClause{level=1} ( Student student0_ Address addresses1_ ) ) )
14:18:44,567 DEBUG JoinProcessor:175 - Using FROM fragment [Student student0_]
14:18:44,567 DEBUG SyntheticAndFactory:92 - Using unprocessed WHERE-fragment [student0_.studentId=addresses1_.studentNumber]
14:18:44,567 DEBUG SyntheticAndFactory:124 - Using processed WHERE-fragment [student0_.studentId=addresses1_.studentNumber]
14:18:44,567 DEBUG QueryNode:73 - getWhereClause() : Creating a new WHERE clause...
14:18:44,568 DEBUG QueryTranslatorImpl:252 - --- SQL AST ---
 \-[SELECT] QueryNode: 'SELECT'  querySpaces (Student,Address)
    +-[SELECT_CLAUSE] SelectClause: '{select clause}'
    |  \-[ENTRY] MapEntryNode: 'addresses1_.addressType as col_0_0_, addresses1_.id as col_1_0_, addresses1_.addressType as col_1_1_, addresses1_.street as col_1_2_, addresses1_.city as col_1_3_, addresses1_.stateProvince as col_1_4_, addresses1_.postalCode as col_1_5_, addresses1_.country as col_1_6_, addresses1_.studentNumber as col_1_7_' {ImpliedFromElement{implied,not a collection join,not a fetch join,fetch non-lazy properties,classAlias=null,role=org.hibernate.test.querycache.Student.addresses,tableName=Address,tableAlias=addresses1_,origin=Student student0_,columns={student0_.studentId ,className=org.hibernate.test.querycache.Address}}}
    +-[FROM] FromClause: 'from' FromClause{level=1, fromElementCounter=2, fromElements=2, fromElementByClassAlias=[s], fromElementByTableAlias=[student0_, addresses1_], fromElementsByPath=[s.addresses], collectionJoinFromElementsByPath=[], impliedElements=[]}
    |  \-[FROM_FRAGMENT] FromElement: 'Student student0_' FromElement{explicit,not a collection join,not a fetch join,fetch non-lazy properties,classAlias=s,role=null,tableName=Student,tableAlias=student0_,origin=null,columns={,className=org.hibernate.test.querycache.Student}}
    |     \-[FROM_FRAGMENT] ImpliedFromElement: 'Address addresses1_' ImpliedFromElement{implied,not a collection join,not a fetch join,fetch non-lazy properties,classAlias=null,role=org.hibernate.test.querycache.Student.addresses,tableName=Address,tableAlias=addresses1_,origin=Student student0_,columns={student0_.studentId ,className=org.hibernate.test.querycache.Address}}
    \-[WHERE] SqlNode: 'WHERE'
       \-[THETA_JOINS] SqlNode: '{theta joins}'
          \-[SQL_TOKEN] SqlFragment: 'student0_.studentId=addresses1_.studentNumber'

14:18:44,575 DEBUG ErrorCounter:82 - throwQueryException() : no errors
14:18:44,576 DEBUG QueryTranslatorImpl:235 - HQL: select entry(s.addresses) from org.hibernate.test.querycache.Student s
14:18:44,576 DEBUG QueryTranslatorImpl:236 - SQL: select addresses1_.addressType as col_0_0_, addresses1_.id as col_1_0_, addresses1_.addressType as col_1_1_, addresses1_.street as col_1_2_, addresses1_.city as col_1_3_, addresses1_.stateProvince as col_1_4_, addresses1_.postalCode as col_1_5_, addresses1_.country as col_1_6_, addresses1_.studentNumber as col_1_7_ from Student student0_, Address addresses1_ where student0_.studentId=addresses1_.studentNumber
14:18:44,576 DEBUG ErrorCounter:82 - throwQueryException() : no errors
14:18:44,576 DEBUG BaseGeneralDataRegion:46 - Cache[foo.org.hibernate.cache.internal.StandardQueryCache] lookup : key[sql: select addresses1_.addressType as col_0_0_, addresses1_.id as col_1_0_, addresses1_.addressType as col_1_1_, addresses1_.street as col_1_2_, addresses1_.city as col_1_3_, addresses1_.stateProvince as col_1_4_, addresses1_.postalCode as col_1_5_, addresses1_.country as col_1_6_, addresses1_.studentNumber as col_1_7_ from Student student0_, Address addresses1_ where student0_.studentId=addresses1_.studentNumber; parameters: ; named parameters: {}; transformer: org.hibernate.transform.CacheableResultTransformer@1406bf]
14:18:44,576 DEBUG SQL:104 - 
    select
        addresses1_.addressType as col_0_0_,
        addresses1_.id as col_1_0_,
        addresses1_.addressType as col_1_1_,
        addresses1_.street as col_1_2_,
        addresses1_.city as col_1_3_,
        addresses1_.stateProvince as col_1_4_,
        addresses1_.postalCode as col_1_5_,
        addresses1_.country as col_1_6_,
        addresses1_.studentNumber as col_1_7_ 
    from
        Student student0_,
        Address addresses1_ 
    where
        student0_.studentId=addresses1_.studentNumber
14:18:44,577 DEBUG SQL:104 - 
    select
        address0_.id as id0_0_,
        address0_.addressType as addressT2_0_0_,
        address0_.street as street0_0_,
        address0_.city as city0_0_,
        address0_.stateProvince as statePro5_0_0_,
        address0_.postalCode as postalCode0_0_,
        address0_.country as country0_0_,
        address0_.studentNumber as studentN8_0_0_ 
    from
        Address address0_ 
    where
        address0_.id=?
14:18:44,585 DEBUG SQL:104 - 
    select
        address0_.id as id0_0_,
        address0_.addressType as addressT2_0_0_,
        address0_.street as street0_0_,
        address0_.city as city0_0_,
        address0_.stateProvince as statePro5_0_0_,
        address0_.postalCode as postalCode0_0_,
        address0_.country as country0_0_,
        address0_.studentNumber as studentN8_0_0_ 
    from
        Address address0_ 
    where
        address0_.id=?
14:18:44,585 DEBUG BaseGeneralDataRegion:59 - Caching[foo.org.hibernate.cache.internal.StandardQueryCache] : [sql: select addresses1_.addressType as col_0_0_, addresses1_.id as col_1_0_, addresses1_.addressType as col_1_1_, addresses1_.street as col_1_2_, addresses1_.city as col_1_3_, addresses1_.stateProvince as col_1_4_, addresses1_.postalCode as col_1_5_, addresses1_.country as col_1_6_, addresses1_.studentNumber as col_1_7_ from Student student0_, Address addresses1_ where student0_.studentId=addresses1_.studentNumber; parameters: ; named parameters: {}; transformer: org.hibernate.transform.CacheableResultTransformer@1406bf] -> [[5579090839900160, [Ljava.io.Serializable;@43a4d9e3, [Ljava.io.Serializable;@7bdce8c6]]
14:18:44,586 DEBUG BaseGeneralDataRegion:46 - Cache[foo.org.hibernate.cache.internal.StandardQueryCache] lookup : key[sql: select addresses1_.addressType as col_0_0_, addresses1_.id as col_1_0_, addresses1_.addressType as col_1_1_, addresses1_.street as col_1_2_, addresses1_.city as col_1_3_, addresses1_.stateProvince as col_1_4_, addresses1_.postalCode as col_1_5_, addresses1_.country as col_1_6_, addresses1_.studentNumber as col_1_7_ from Student student0_, Address addresses1_ where student0_.studentId=addresses1_.studentNumber; parameters: ; named parameters: {}; transformer: org.hibernate.transform.CacheableResultTransformer@1406bf]
14:18:44,586 DEBUG BaseGeneralDataRegion:52 - Cache[foo.org.hibernate.cache.internal.StandardQueryCache] hit: sql: select addresses1_.addressType as col_0_0_, addresses1_.id as col_1_0_, addresses1_.addressType as col_1_1_, addresses1_.street as col_1_2_, addresses1_.city as col_1_3_, addresses1_.stateProvince as col_1_4_, addresses1_.postalCode as col_1_5_, addresses1_.country as col_1_6_, addresses1_.studentNumber as col_1_7_ from Student student0_, Address addresses1_ where student0_.studentId=addresses1_.studentNumber; parameters: ; named parameters: {}; transformer: org.hibernate.transform.CacheableResultTransformer@1406bf
14:18:44,586 DEBUG BaseGeneralDataRegion:46 - Cache[foo.org.hibernate.cache.spi.UpdateTimestampsCache] lookup : key[Student]
14:18:44,586 DEBUG BaseGeneralDataRegion:52 - Cache[foo.org.hibernate.cache.spi.UpdateTimestampsCache] hit: Student
14:18:44,586 DEBUG BaseGeneralDataRegion:46 - Cache[foo.org.hibernate.cache.spi.UpdateTimestampsCache] lookup : key[Address]
14:18:44,586 DEBUG BaseGeneralDataRegion:52 - Cache[foo.org.hibernate.cache.spi.UpdateTimestampsCache] hit: Address
14:18:44,587 DEBUG SQL:104 - 
    select
        address0_.id as id0_0_,
        address0_.addressType as addressT2_0_0_,
        address0_.street as street0_0_,
        address0_.city as city0_0_,
        address0_.stateProvince as statePro5_0_0_,
        address0_.postalCode as postalCode0_0_,
        address0_.country as country0_0_,
        address0_.studentNumber as studentN8_0_0_ 
    from
        Address address0_ 
    where
        address0_.id=?
14:18:44,595 DEBUG SQL:104 - 
    select
        address0_.id as id0_0_,
        address0_.addressType as addressT2_0_0_,
        address0_.street as street0_0_,
        address0_.city as city0_0_,
        address0_.stateProvince as statePro5_0_0_,
        address0_.postalCode as postalCode0_0_,
        address0_.country as country0_0_,
        address0_.studentNumber as studentN8_0_0_ 
    from
        Address address0_ 
    where
        address0_.id=?
14:18:44,595 DEBUG SQL:104 - 
    select
        student_.studentId,
        student_.name_first as name2_4_,
        student_.name_middle as name3_4_,
        student_.name_last as name4_4_,
        student_.preferredCourseCode as preferre5_4_ 
    from
        Student student_ 
    where
        student_.studentId=?
14:18:44,605 DEBUG SQL:104 - 
    select
        enrolment_.studentId,
        enrolment_.courseCode,
        enrolment_.semester as semester3_,
        enrolment_."year" as year4_3_ 
    from
        Enrolment enrolment_ 
    where
        enrolment_.studentId=? 
        and enrolment_.courseCode=?
14:18:44,605 DEBUG SQL:104 - 
    select
        course_.courseCode,
        course_.description as descript2_1_ 
    from
        Course course_ 
    where
        course_.courseCode=?
14:18:44,605 DEBUG SQL:104 - 
    select
        student_.studentId,
        student_.name_first as name2_4_,
        student_.name_middle as name3_4_,
        student_.name_last as name4_4_,
        student_.preferredCourseCode as preferre5_4_ 
    from
        Student student_ 
    where
        student_.studentId=?
14:18:44,615 DEBUG SQL:104 - 
    select
        enrolment_.studentId,
        enrolment_.courseCode,
        enrolment_.semester as semester3_,
        enrolment_."year" as year4_3_ 
    from
        Enrolment enrolment_ 
    where
        enrolment_.studentId=? 
        and enrolment_.courseCode=?
14:18:44,615 DEBUG SQL:104 - 
    select
        coursemeet_.courseCode,
        coursemeet_.day,
        coursemeet_.period,
        coursemeet_.location 
    from
        CourseMeeting coursemeet_ 
    where
        coursemeet_.courseCode=? 
        and coursemeet_.day=? 
        and coursemeet_.period=? 
        and coursemeet_.location=?
14:18:44,625 DEBUG SQL:104 - 
    select
        coursemeet_.courseCode,
        coursemeet_.day,
        coursemeet_.period,
        coursemeet_.location 
    from
        CourseMeeting coursemeet_ 
    where
        coursemeet_.courseCode=? 
        and coursemeet_.day=? 
        and coursemeet_.period=? 
        and coursemeet_.location=?
14:18:44,625 DEBUG BaseGeneralDataRegion:59 - Caching[foo.org.hibernate.cache.spi.UpdateTimestampsCache] : [Enrolment] -> [5579091085824000]
14:18:44,626 DEBUG SQL:104 - 
    update
        Address 
    set
        studentNumber=null,
        addressType=null 
    where
        studentNumber=?
14:18:44,626 DEBUG BaseGeneralDataRegion:59 - Caching[foo.org.hibernate.cache.spi.UpdateTimestampsCache] : [Address] -> [5579091085828096]
14:18:44,626 DEBUG SQL:104 - 
    delete 
    from
        Student_secretCodes 
    where
        studentNumber=?
14:18:44,636 DEBUG BaseGeneralDataRegion:59 - Caching[foo.org.hibernate.cache.spi.UpdateTimestampsCache] : [Student_secretCodes] -> [5579091085869056]
14:18:44,636 DEBUG BaseGeneralDataRegion:59 - Caching[foo.org.hibernate.cache.spi.UpdateTimestampsCache] : [Enrolment] -> [5579091085869057]
14:18:44,636 DEBUG BaseGeneralDataRegion:59 - Caching[foo.org.hibernate.cache.spi.UpdateTimestampsCache] : [Address] -> [5579091085869058]
14:18:44,636 DEBUG SQL:104 - 
    delete 
    from
        Student_secretCodes 
    where
        studentNumber=?
14:18:44,636 DEBUG BaseGeneralDataRegion:59 - Caching[foo.org.hibernate.cache.spi.UpdateTimestampsCache] : [Student_secretCodes] -> [5579091085869059]
14:18:44,637 DEBUG BaseGeneralDataRegion:59 - Caching[foo.org.hibernate.cache.spi.UpdateTimestampsCache] : [CourseMeeting] -> [5579091085873152]
14:18:44,637 DEBUG SQL:104 - 
    delete 
    from
        Enrolment 
    where
        studentId=? 
        and courseCode=?
14:18:44,637 DEBUG BaseGeneralDataRegion:59 - Caching[foo.org.hibernate.cache.spi.UpdateTimestampsCache] : [Enrolment] -> [5579091085873153]
14:18:44,637 DEBUG SQL:104 - 
    delete 
    from
        Address 
    where
        id=?
14:18:44,637 DEBUG BaseGeneralDataRegion:59 - Caching[foo.org.hibernate.cache.spi.UpdateTimestampsCache] : [Address] -> [5579091085873154]
14:18:44,637 DEBUG SQL:104 - 
    delete 
    from
        Address 
    where
        id=?
14:18:44,637 DEBUG BaseGeneralDataRegion:59 - Caching[foo.org.hibernate.cache.spi.UpdateTimestampsCache] : [Address] -> [5579091085873155]
14:18:44,637 DEBUG SQL:104 - 
    delete 
    from
        Student 
    where
        studentId=?
14:18:44,638 DEBUG BaseGeneralDataRegion:59 - Caching[foo.org.hibernate.cache.spi.UpdateTimestampsCache] : [Student] -> [5579091085877248]
14:18:44,638 DEBUG SQL:104 - 
    delete 
    from
        Enrolment 
    where
        studentId=? 
        and courseCode=?
14:18:44,638 DEBUG BaseGeneralDataRegion:59 - Caching[foo.org.hibernate.cache.spi.UpdateTimestampsCache] : [Enrolment] -> [5579091085877249]
14:18:44,638 DEBUG SQL:104 - 
    delete 
    from
        Student 
    where
        studentId=?
14:18:44,638 DEBUG BaseGeneralDataRegion:59 - Caching[foo.org.hibernate.cache.spi.UpdateTimestampsCache] : [Student] -> [5579091085877250]
14:18:44,638 DEBUG SQL:104 - 
    delete 
    from
        CourseMeeting 
    where
        courseCode=? 
        and day=? 
        and period=? 
        and location=?
14:18:44,649 DEBUG BaseGeneralDataRegion:59 - Caching[foo.org.hibernate.cache.spi.UpdateTimestampsCache] : [CourseMeeting] -> [5579091085922304]
14:18:44,649 DEBUG SQL:104 - 
    delete 
    from
        CourseMeeting 
    where
        courseCode=? 
        and day=? 
        and period=? 
        and location=?
14:18:44,649 DEBUG BaseGeneralDataRegion:59 - Caching[foo.org.hibernate.cache.spi.UpdateTimestampsCache] : [CourseMeeting] -> [5579091085922305]
14:18:44,649 DEBUG SQL:104 - 
    delete 
    from
        Course 
    where
        courseCode=?
14:18:44,649 DEBUG BaseGeneralDataRegion:59 - Caching[foo.org.hibernate.cache.spi.UpdateTimestampsCache] : [Course] -> [5579091085922306]
14:18:44,649 DEBUG BaseGeneralDataRegion:59 - Caching[foo.org.hibernate.cache.spi.UpdateTimestampsCache] : [Student] -> [5579090840162307]
14:18:44,650 DEBUG BaseGeneralDataRegion:59 - Caching[foo.org.hibernate.cache.spi.UpdateTimestampsCache] : [Course] -> [5579090840162307]
14:18:44,650 DEBUG BaseGeneralDataRegion:59 - Caching[foo.org.hibernate.cache.spi.UpdateTimestampsCache] : [Enrolment] -> [5579090840162307]
14:18:44,650 DEBUG BaseGeneralDataRegion:59 - Caching[foo.org.hibernate.cache.spi.UpdateTimestampsCache] : [Student_secretCodes] -> [5579090840162307]
14:18:44,650 DEBUG BaseGeneralDataRegion:59 - Caching[foo.org.hibernate.cache.spi.UpdateTimestampsCache] : [Address] -> [5579090840162307]
14:18:44,650 DEBUG BaseGeneralDataRegion:59 - Caching[foo.org.hibernate.cache.spi.UpdateTimestampsCache] : [CourseMeeting] -> [5579090840162307]
14:18:44,659  INFO CustomRunner:139 - Test: testMapKeyList
14:18:44,660 DEBUG SQL:104 - 
    select
        coursemeet_.courseCode,
        coursemeet_.day,
        coursemeet_.period,
        coursemeet_.location 
    from
        CourseMeeting coursemeet_ 
    where
        coursemeet_.courseCode=? 
        and coursemeet_.day=? 
        and coursemeet_.period=? 
        and coursemeet_.location=?
14:18:44,660 DEBUG SQL:104 - 
    select
        coursemeet_.courseCode,
        coursemeet_.day,
        coursemeet_.period,
        coursemeet_.location 
    from
        CourseMeeting coursemeet_ 
    where
        coursemeet_.courseCode=? 
        and coursemeet_.day=? 
        and coursemeet_.period=? 
        and coursemeet_.location=?
14:18:44,661 DEBUG SQL:104 - 
    insert 
    into
        Course
        (description, courseCode) 
    values
        (?, ?)
14:18:44,662 DEBUG BaseGeneralDataRegion:59 - Caching[foo.org.hibernate.cache.spi.UpdateTimestampsCache] : [Course] -> [5579091085975552]
14:18:44,662 DEBUG SQL:104 - 
    insert 
    into
        CourseMeeting
        (courseCode, day, period, location) 
    values
        (?, ?, ?, ?)
14:18:44,662 DEBUG BaseGeneralDataRegion:59 - Caching[foo.org.hibernate.cache.spi.UpdateTimestampsCache] : [CourseMeeting] -> [5579091085975553]
14:18:44,662 DEBUG SQL:104 - 
    insert 
    into
        CourseMeeting
        (courseCode, day, period, location) 
    values
        (?, ?, ?, ?)
14:18:44,683 DEBUG BaseGeneralDataRegion:59 - Caching[foo.org.hibernate.cache.spi.UpdateTimestampsCache] : [CourseMeeting] -> [5579091086061568]
14:18:44,683 DEBUG SQL:104 - 
    insert 
    into
        Student
        (name_first, name_middle, name_last, preferredCourseCode, studentId) 
    values
        (?, ?, ?, ?, ?)
14:18:44,683 DEBUG BaseGeneralDataRegion:59 - Caching[foo.org.hibernate.cache.spi.UpdateTimestampsCache] : [Student] -> [5579091086061569]
14:18:44,683 DEBUG SQL:104 - 
    insert 
    into
        Address
        (addressType, street, city, stateProvince, postalCode, country, studentNumber, id) 
    values
        (?, ?, ?, ?, ?, ?, ?, ?)
14:18:44,683 DEBUG BaseGeneralDataRegion:59 - Caching[foo.org.hibernate.cache.spi.UpdateTimestampsCache] : [Address] -> [5579091086061570]
14:18:44,684 DEBUG SQL:104 - 
    insert 
    into
        Address
        (addressType, street, city, stateProvince, postalCode, country, studentNumber, id) 
    values
        (?, ?, ?, ?, ?, ?, ?, ?)
14:18:44,694 DEBUG BaseGeneralDataRegion:59 - Caching[foo.org.hibernate.cache.spi.UpdateTimestampsCache] : [Address] -> [5579091086106624]
14:18:44,694 DEBUG SQL:104 - 
    insert 
    into
        Student
        (name_first, name_middle, name_last, preferredCourseCode, studentId) 
    values
        (?, ?, ?, ?, ?)
14:18:44,695 DEBUG BaseGeneralDataRegion:59 - Caching[foo.org.hibernate.cache.spi.UpdateTimestampsCache] : [Student] -> [5579091086110720]
14:18:44,695 DEBUG SQL:104 - 
    insert 
    into
        Enrolment
        (semester, "year", studentId, courseCode) 
    values
        (?, ?, ?, ?)
14:18:44,695 DEBUG BaseGeneralDataRegion:59 - Caching[foo.org.hibernate.cache.spi.UpdateTimestampsCache] : [Enrolment] -> [5579091086110721]
14:18:44,695 DEBUG SQL:104 - 
    insert 
    into
        Enrolment
        (semester, "year", studentId, courseCode) 
    values
        (?, ?, ?, ?)
14:18:44,695 DEBUG BaseGeneralDataRegion:59 - Caching[foo.org.hibernate.cache.spi.UpdateTimestampsCache] : [Enrolment] -> [5579091086110722]
14:18:44,695 DEBUG BaseGeneralDataRegion:59 - Caching[foo.org.hibernate.cache.spi.UpdateTimestampsCache] : [CourseMeeting] -> [5579091086110723]
14:18:44,696 DEBUG BaseGeneralDataRegion:59 - Caching[foo.org.hibernate.cache.spi.UpdateTimestampsCache] : [Enrolment] -> [5579091086114816]
14:18:44,705 DEBUG SQL:104 - 
    update
        Address 
    set
        studentNumber=?,
        addressType=? 
    where
        id=?
14:18:44,706 DEBUG SQL:104 - 
    update
        Address 
    set
        studentNumber=?,
        addressType=? 
    where
        id=?
14:18:44,706 DEBUG BaseGeneralDataRegion:59 - Caching[foo.org.hibernate.cache.spi.UpdateTimestampsCache] : [Address] -> [5579091086155776]
14:18:44,706 DEBUG SQL:104 - 
    insert 
    into
        Student_secretCodes
        (studentNumber, i, secretCode) 
    values
        (?, ?, ?)
14:18:44,706 DEBUG BaseGeneralDataRegion:59 - Caching[foo.org.hibernate.cache.spi.UpdateTimestampsCache] : [Student_secretCodes] -> [5579091086155777]
14:18:44,706 DEBUG BaseGeneralDataRegion:59 - Caching[foo.org.hibernate.cache.spi.UpdateTimestampsCache] : [Enrolment] -> [5579091086155778]
14:18:44,706 DEBUG BaseGeneralDataRegion:59 - Caching[foo.org.hibernate.cache.spi.UpdateTimestampsCache] : [Address] -> [5579091086155779]
14:18:44,707 DEBUG SQL:104 - 
    insert 
    into
        Student_secretCodes
        (studentNumber, i, secretCode) 
    values
        (?, ?, ?)
14:18:44,714 DEBUG SQL:104 - 
    insert 
    into
        Student_secretCodes
        (studentNumber, i, secretCode) 
    values
        (?, ?, ?)
14:18:44,714 DEBUG BaseGeneralDataRegion:59 - Caching[foo.org.hibernate.cache.spi.UpdateTimestampsCache] : [Student_secretCodes] -> [5579091086188544]
14:18:44,715 DEBUG BaseGeneralDataRegion:59 - Caching[foo.org.hibernate.cache.spi.UpdateTimestampsCache] : [Student] -> [5579090840432640]
14:18:44,715 DEBUG BaseGeneralDataRegion:59 - Caching[foo.org.hibernate.cache.spi.UpdateTimestampsCache] : [Course] -> [5579090840432640]
14:18:44,715 DEBUG BaseGeneralDataRegion:59 - Caching[foo.org.hibernate.cache.spi.UpdateTimestampsCache] : [Enrolment] -> [5579090840432640]
14:18:44,715 DEBUG BaseGeneralDataRegion:59 - Caching[foo.org.hibernate.cache.spi.UpdateTimestampsCache] : [Student_secretCodes] -> [5579090840432640]
14:18:44,715 DEBUG BaseGeneralDataRegion:59 - Caching[foo.org.hibernate.cache.spi.UpdateTimestampsCache] : [Address] -> [5579090840432640]
14:18:44,715 DEBUG BaseGeneralDataRegion:59 - Caching[foo.org.hibernate.cache.spi.UpdateTimestampsCache] : [CourseMeeting] -> [5579090840432640]
14:18:44,715 DEBUG QueryTranslatorImpl:265 - parse() - HQL: select key(s.addresses) from org.hibernate.test.querycache.Student s
14:18:44,740 DEBUG QueryTranslatorImpl:283 - --- HQL AST ---
 \-[QUERY] Node: 'query'
    \-[SELECT_FROM] Node: 'SELECT_FROM'
       +-[FROM] Node: 'from'
       |  \-[RANGE] Node: 'RANGE'
       |     +-[DOT] Node: '.'
       |     |  +-[DOT] Node: '.'
       |     |  |  +-[DOT] Node: '.'
       |     |  |  |  +-[DOT] Node: '.'
       |     |  |  |  |  +-[IDENT] Node: 'org'
       |     |  |  |  |  \-[IDENT] Node: 'hibernate'
       |     |  |  |  \-[IDENT] Node: 'test'
       |     |  |  \-[IDENT] Node: 'querycache'
       |     |  \-[IDENT] Node: 'Student'
       |     \-[ALIAS] Node: 's'
       \-[SELECT] Node: 'select'
          \-[KEY] Node: ''
             \-[DOT] Node: '.'
                +-[IDENT] Node: 's'
                \-[IDENT] Node: 'addresses'

14:18:44,741 DEBUG ErrorCounter:82 - throwQueryException() : no errors
14:18:44,741 DEBUG FromElement:157 - FromClause{level=1} : org.hibernate.test.querycache.Student (s) -> student0_
14:18:44,741 DEBUG FromReferenceNode:74 - Resolved : s -> student0_.studentId
14:18:44,742 DEBUG DotNode:599 - getDataType() : addresses -> org.hibernate.type.MapType(org.hibernate.test.querycache.Student.addresses)
14:18:44,742 DEBUG FromElementFactory:376 - createEntityAssociation() : One to many - path = s.addresses role = org.hibernate.test.querycache.Student.addresses associatedEntityName = org.hibernate.test.querycache.Address
14:18:44,742 DEBUG FromElement:157 - FromClause{level=1} : org.hibernate.test.querycache.Address (<no alias>) -> addresses1_
14:18:44,742 DEBUG FromClause:282 - addJoinByPathMap() : s.addresses -> ImpliedFromElement{implied,not a collection join,not a fetch join,fetch non-lazy properties,classAlias=null,role=null,tableName=Address,tableAlias=addresses1_,origin=Student student0_,columns={student0_.studentId ,className=org.hibernate.test.querycache.Address}}
14:18:44,742 DEBUG DotNode:308 - dereferenceCollection() : Created new FROM element for s.addresses : Address addresses1_
14:18:44,742 DEBUG FromReferenceNode:74 - Resolved : s.addresses -> .
14:18:44,742 DEBUG HqlSqlWalker:629 - processQuery() :  ( SELECT ( {select clause} addresses1_.addressType ) ( FromClause{level=1} ( Student student0_ Address addresses1_ ) ) )
14:18:44,743 DEBUG JoinProcessor:175 - Using FROM fragment [Student student0_]
14:18:44,743 DEBUG SyntheticAndFactory:92 - Using unprocessed WHERE-fragment [student0_.studentId=addresses1_.studentNumber]
14:18:44,743 DEBUG SyntheticAndFactory:124 - Using processed WHERE-fragment [student0_.studentId=addresses1_.studentNumber]
14:18:44,743 DEBUG QueryNode:73 - getWhereClause() : Creating a new WHERE clause...
14:18:44,743 DEBUG QueryTranslatorImpl:252 - --- SQL AST ---
 \-[SELECT] QueryNode: 'SELECT'  querySpaces (Student,Address)
    +-[SELECT_CLAUSE] SelectClause: '{select clause}'
    |  +-[KEY] MapKeyNode: 'addresses1_.addressType' {ImpliedFromElement{implied,not a collection join,not a fetch join,fetch non-lazy properties,classAlias=null,role=org.hibernate.test.querycache.Student.addresses,tableName=Address,tableAlias=addresses1_,origin=Student student0_,columns={student0_.studentId ,className=org.hibernate.test.querycache.Address}}}
    |  \-[SELECT_COLUMNS] SqlNode: ' as col_0_0_'
    +-[FROM] FromClause: 'from' FromClause{level=1, fromElementCounter=2, fromElements=2, fromElementByClassAlias=[s], fromElementByTableAlias=[student0_, addresses1_], fromElementsByPath=[s.addresses], collectionJoinFromElementsByPath=[], impliedElements=[]}
    |  \-[FROM_FRAGMENT] FromElement: 'Student student0_' FromElement{explicit,not a collection join,not a fetch join,fetch non-lazy properties,classAlias=s,role=null,tableName=Student,tableAlias=student0_,origin=null,columns={,className=org.hibernate.test.querycache.Student}}
    |     \-[FROM_FRAGMENT] ImpliedFromElement: 'Address addresses1_' ImpliedFromElement{implied,not a collection join,not a fetch join,fetch non-lazy properties,classAlias=null,role=org.hibernate.test.querycache.Student.addresses,tableName=Address,tableAlias=addresses1_,origin=Student student0_,columns={student0_.studentId ,className=org.hibernate.test.querycache.Address}}
    \-[WHERE] SqlNode: 'WHERE'
       \-[THETA_JOINS] SqlNode: '{theta joins}'
          \-[SQL_TOKEN] SqlFragment: 'student0_.studentId=addresses1_.studentNumber'

14:18:44,743 DEBUG ErrorCounter:82 - throwQueryException() : no errors
14:18:44,743 DEBUG QueryTranslatorImpl:235 - HQL: select key(s.addresses) from org.hibernate.test.querycache.Student s
14:18:44,743 DEBUG QueryTranslatorImpl:236 - SQL: select addresses1_.addressType as col_0_0_ from Student student0_, Address addresses1_ where student0_.studentId=addresses1_.studentNumber
14:18:44,744 DEBUG ErrorCounter:82 - throwQueryException() : no errors
14:18:44,744 DEBUG BaseGeneralDataRegion:46 - Cache[foo.org.hibernate.cache.internal.StandardQueryCache] lookup : key[sql: select addresses1_.addressType as col_0_0_ from Student student0_, Address addresses1_ where student0_.studentId=addresses1_.studentNumber; parameters: ; named parameters: {}; transformer: org.hibernate.transform.CacheableResultTransformer@110f2]
14:18:44,744 DEBUG SQL:104 - 
    select
        addresses1_.addressType as col_0_0_ 
    from
        Student student0_,
        Address addresses1_ 
    where
        student0_.studentId=addresses1_.studentNumber
14:18:44,744 DEBUG BaseGeneralDataRegion:59 - Caching[foo.org.hibernate.cache.internal.StandardQueryCache] : [sql: select addresses1_.addressType as col_0_0_ from Student student0_, Address addresses1_ where student0_.studentId=addresses1_.studentNumber; parameters: ; named parameters: {}; transformer: org.hibernate.transform.CacheableResultTransformer@110f2] -> [[5579090840551424, work, home]]
14:18:44,745 DEBUG BaseGeneralDataRegion:46 - Cache[foo.org.hibernate.cache.internal.StandardQueryCache] lookup : key[sql: select addresses1_.addressType as col_0_0_ from Student student0_, Address addresses1_ where student0_.studentId=addresses1_.studentNumber; parameters: ; named parameters: {}; transformer: org.hibernate.transform.CacheableResultTransformer@110f2]
14:18:44,745 DEBUG BaseGeneralDataRegion:52 - Cache[foo.org.hibernate.cache.internal.StandardQueryCache] hit: sql: select addresses1_.addressType as col_0_0_ from Student student0_, Address addresses1_ where student0_.studentId=addresses1_.studentNumber; parameters: ; named parameters: {}; transformer: org.hibernate.transform.CacheableResultTransformer@110f2
14:18:44,745 DEBUG BaseGeneralDataRegion:46 - Cache[foo.org.hibernate.cache.spi.UpdateTimestampsCache] lookup : key[Student]
14:18:44,745 DEBUG BaseGeneralDataRegion:52 - Cache[foo.org.hibernate.cache.spi.UpdateTimestampsCache] hit: Student
14:18:44,745 DEBUG BaseGeneralDataRegion:46 - Cache[foo.org.hibernate.cache.spi.UpdateTimestampsCache] lookup : key[Address]
14:18:44,745 DEBUG BaseGeneralDataRegion:52 - Cache[foo.org.hibernate.cache.spi.UpdateTimestampsCache] hit: Address
14:18:44,745 DEBUG SQL:104 - 
    select
        student_.studentId,
        student_.name_first as name2_4_,
        student_.name_middle as name3_4_,
        student_.name_last as name4_4_,
        student_.preferredCourseCode as preferre5_4_ 
    from
        Student student_ 
    where
        student_.studentId=?
14:18:44,746 DEBUG SQL:104 - 
    select
        enrolment_.studentId,
        enrolment_.courseCode,
        enrolment_.semester as semester3_,
        enrolment_."year" as year4_3_ 
    from
        Enrolment enrolment_ 
    where
        enrolment_.studentId=? 
        and enrolment_.courseCode=?
14:18:44,746 DEBUG SQL:104 - 
    select
        course_.courseCode,
        course_.description as descript2_1_ 
    from
        Course course_ 
    where
        course_.courseCode=?
14:18:44,747 DEBUG SQL:104 - 
    select
        student_.studentId,
        student_.name_first as name2_4_,
        student_.name_middle as name3_4_,
        student_.name_last as name4_4_,
        student_.preferredCourseCode as preferre5_4_ 
    from
        Student student_ 
    where
        student_.studentId=?
14:18:44,754 DEBUG SQL:104 - 
    select
        enrolment_.studentId,
        enrolment_.courseCode,
        enrolment_.semester as semester3_,
        enrolment_."year" as year4_3_ 
    from
        Enrolment enrolment_ 
    where
        enrolment_.studentId=? 
        and enrolment_.courseCode=?
14:18:44,755 DEBUG SQL:104 - 
    select
        coursemeet_.courseCode,
        coursemeet_.day,
        coursemeet_.period,
        coursemeet_.location 
    from
        CourseMeeting coursemeet_ 
    where
        coursemeet_.courseCode=? 
        and coursemeet_.day=? 
        and coursemeet_.period=? 
        and coursemeet_.location=?
14:18:44,765 DEBUG SQL:104 - 
    select
        coursemeet_.courseCode,
        coursemeet_.day,
        coursemeet_.period,
        coursemeet_.location 
    from
        CourseMeeting coursemeet_ 
    where
        coursemeet_.courseCode=? 
        and coursemeet_.day=? 
        and coursemeet_.period=? 
        and coursemeet_.location=?
14:18:44,766 DEBUG BaseGeneralDataRegion:59 - Caching[foo.org.hibernate.cache.spi.UpdateTimestampsCache] : [Enrolment] -> [5579091086401536]
14:18:44,766 DEBUG SQL:104 - 
    update
        Address 
    set
        studentNumber=null,
        addressType=null 
    where
        studentNumber=?
14:18:44,766 DEBUG BaseGeneralDataRegion:59 - Caching[foo.org.hibernate.cache.spi.UpdateTimestampsCache] : [Address] -> [5579091086401537]
14:18:44,766 DEBUG SQL:104 - 
    delete 
    from
        Student_secretCodes 
    where
        studentNumber=?
14:18:44,766 DEBUG BaseGeneralDataRegion:59 - Caching[foo.org.hibernate.cache.spi.UpdateTimestampsCache] : [Student_secretCodes] -> [5579091086401538]
14:18:44,766 DEBUG BaseGeneralDataRegion:59 - Caching[foo.org.hibernate.cache.spi.UpdateTimestampsCache] : [Enrolment] -> [5579091086401539]
14:18:44,766 DEBUG BaseGeneralDataRegion:59 - Caching[foo.org.hibernate.cache.spi.UpdateTimestampsCache] : [Address] -> [5579091086401540]
14:18:44,767 DEBUG SQL:104 - 
    delete 
    from
        Student_secretCodes 
    where
        studentNumber=?
14:18:44,767 DEBUG BaseGeneralDataRegion:59 - Caching[foo.org.hibernate.cache.spi.UpdateTimestampsCache] : [Student_secretCodes] -> [5579091086405632]
14:18:44,767 DEBUG BaseGeneralDataRegion:59 - Caching[foo.org.hibernate.cache.spi.UpdateTimestampsCache] : [CourseMeeting] -> [5579091086405633]
14:18:44,767 DEBUG SQL:104 - 
    delete 
    from
        Enrolment 
    where
        studentId=? 
        and courseCode=?
14:18:44,767 DEBUG BaseGeneralDataRegion:59 - Caching[foo.org.hibernate.cache.spi.UpdateTimestampsCache] : [Enrolment] -> [5579091086405634]
14:18:44,767 DEBUG SQL:104 - 
    delete 
    from
        Address 
    where
        id=?
14:18:44,767 DEBUG BaseGeneralDataRegion:59 - Caching[foo.org.hibernate.cache.spi.UpdateTimestampsCache] : [Address] -> [5579091086405635]
14:18:44,768 DEBUG SQL:104 - 
    delete 
    from
        Address 
    where
        id=?
14:18:44,779 DEBUG BaseGeneralDataRegion:59 - Caching[foo.org.hibernate.cache.spi.UpdateTimestampsCache] : [Address] -> [5579091086454784]
14:18:44,779 DEBUG SQL:104 - 
    delete 
    from
        Student 
    where
        studentId=?
14:18:44,779 DEBUG BaseGeneralDataRegion:59 - Caching[foo.org.hibernate.cache.spi.UpdateTimestampsCache] : [Student] -> [5579091086454785]
14:18:44,780 DEBUG SQL:104 - 
    delete 
    from
        Enrolment 
    where
        studentId=? 
        and courseCode=?
14:18:44,780 DEBUG BaseGeneralDataRegion:59 - Caching[foo.org.hibernate.cache.spi.UpdateTimestampsCache] : [Enrolment] -> [5579091086458880]
14:18:44,780 DEBUG SQL:104 - 
    delete 
    from
        Student 
    where
        studentId=?
14:18:44,780 DEBUG BaseGeneralDataRegion:59 - Caching[foo.org.hibernate.cache.spi.UpdateTimestampsCache] : [Student] -> [5579091086458881]
14:18:44,780 DEBUG SQL:104 - 
    delete 
    from
        CourseMeeting 
    where
        courseCode=? 
        and day=? 
        and period=? 
        and location=?
14:18:44,790 DEBUG BaseGeneralDataRegion:59 - Caching[foo.org.hibernate.cache.spi.UpdateTimestampsCache] : [CourseMeeting] -> [5579091086499840]
14:18:44,790 DEBUG SQL:104 - 
    delete 
    from
        CourseMeeting 
    where
        courseCode=? 
        and day=? 
        and period=? 
        and location=?
14:18:44,790 DEBUG BaseGeneralDataRegion:59 - Caching[foo.org.hibernate.cache.spi.UpdateTimestampsCache] : [CourseMeeting] -> [5579091086499841]
14:18:44,791 DEBUG SQL:104 - 
    delete 
    from
        Course 
    where
        courseCode=?
14:18:44,791 DEBUG BaseGeneralDataRegion:59 - Caching[foo.org.hibernate.cache.spi.UpdateTimestampsCache] : [Course] -> [5579091086503936]
14:18:44,791 DEBUG BaseGeneralDataRegion:59 - Caching[foo.org.hibernate.cache.spi.UpdateTimestampsCache] : [Student] -> [5579090840743937]
14:18:44,791 DEBUG BaseGeneralDataRegion:59 - Caching[foo.org.hibernate.cache.spi.UpdateTimestampsCache] : [Course] -> [5579090840743937]
14:18:44,791 DEBUG BaseGeneralDataRegion:59 - Caching[foo.org.hibernate.cache.spi.UpdateTimestampsCache] : [Enrolment] -> [5579090840743937]
14:18:44,791 DEBUG BaseGeneralDataRegion:59 - Caching[foo.org.hibernate.cache.spi.UpdateTimestampsCache] : [Student_secretCodes] -> [5579090840743937]
14:18:44,791 DEBUG BaseGeneralDataRegion:59 - Caching[foo.org.hibernate.cache.spi.UpdateTimestampsCache] : [Address] -> [5579090840743937]
14:18:44,792 DEBUG BaseGeneralDataRegion:59 - Caching[foo.org.hibernate.cache.spi.UpdateTimestampsCache] : [CourseMeeting] -> [5579090840743937]
14:18:44,792  INFO CustomRunner:139 - Test: testMapValueList
14:18:44,793 DEBUG SQL:104 - 
    select
        coursemeet_.courseCode,
        coursemeet_.day,
        coursemeet_.period,
        coursemeet_.location 
    from
        CourseMeeting coursemeet_ 
    where
        coursemeet_.courseCode=? 
        and coursemeet_.day=? 
        and coursemeet_.period=? 
        and coursemeet_.location=?
14:18:44,811 DEBUG SQL:104 - 
    select
        coursemeet_.courseCode,
        coursemeet_.day,
        coursemeet_.period,
        coursemeet_.location 
    from
        CourseMeeting coursemeet_ 
    where
        coursemeet_.courseCode=? 
        and coursemeet_.day=? 
        and coursemeet_.period=? 
        and coursemeet_.location=?
14:18:44,813 DEBUG SQL:104 - 
    insert 
    into
        Course
        (description, courseCode) 
    values
        (?, ?)
14:18:44,813 DEBUG BaseGeneralDataRegion:59 - Caching[foo.org.hibernate.cache.spi.UpdateTimestampsCache] : [Course] -> [5579091086594048]
14:18:44,813 DEBUG SQL:104 - 
    insert 
    into
        CourseMeeting
        (courseCode, day, period, location) 
    values
        (?, ?, ?, ?)
14:18:44,813 DEBUG BaseGeneralDataRegion:59 - Caching[foo.org.hibernate.cache.spi.UpdateTimestampsCache] : [CourseMeeting] -> [5579091086594049]
14:18:44,813 DEBUG SQL:104 - 
    insert 
    into
        CourseMeeting
        (courseCode, day, period, location) 
    values
        (?, ?, ?, ?)
14:18:44,821 DEBUG BaseGeneralDataRegion:59 - Caching[foo.org.hibernate.cache.spi.UpdateTimestampsCache] : [CourseMeeting] -> [5579091086626816]
14:18:44,821 DEBUG SQL:104 - 
    insert 
    into
        Student
        (name_first, name_middle, name_last, preferredCourseCode, studentId) 
    values
        (?, ?, ?, ?, ?)
14:18:44,822 DEBUG BaseGeneralDataRegion:59 - Caching[foo.org.hibernate.cache.spi.UpdateTimestampsCache] : [Student] -> [5579091086630912]
14:18:44,822 DEBUG SQL:104 - 
    insert 
    into
        Address
        (addressType, street, city, stateProvince, postalCode, country, studentNumber, id) 
    values
        (?, ?, ?, ?, ?, ?, ?, ?)
14:18:44,822 DEBUG BaseGeneralDataRegion:59 - Caching[foo.org.hibernate.cache.spi.UpdateTimestampsCache] : [Address] -> [5579091086630913]
14:18:44,822 DEBUG SQL:104 - 
    insert 
    into
        Address
        (addressType, street, city, stateProvince, postalCode, country, studentNumber, id) 
    values
        (?, ?, ?, ?, ?, ?, ?, ?)
14:18:44,833 DEBUG BaseGeneralDataRegion:59 - Caching[foo.org.hibernate.cache.spi.UpdateTimestampsCache] : [Address] -> [5579091086675968]
14:18:44,833 DEBUG SQL:104 - 
    insert 
    into
        Student
        (name_first, name_middle, name_last, preferredCourseCode, studentId) 
    values
        (?, ?, ?, ?, ?)
14:18:44,834 DEBUG BaseGeneralDataRegion:59 - Caching[foo.org.hibernate.cache.spi.UpdateTimestampsCache] : [Student] -> [5579091086680064]
14:18:44,834 DEBUG SQL:104 - 
    insert 
    into
        Enrolment
        (semester, "year", studentId, courseCode) 
    values
        (?, ?, ?, ?)
14:18:44,834 DEBUG BaseGeneralDataRegion:59 - Caching[foo.org.hibernate.cache.spi.UpdateTimestampsCache] : [Enrolment] -> [5579091086680065]
14:18:44,834 DEBUG SQL:104 - 
    insert 
    into
        Enrolment
        (semester, "year", studentId, courseCode) 
    values
        (?, ?, ?, ?)
14:18:44,834 DEBUG BaseGeneralDataRegion:59 - Caching[foo.org.hibernate.cache.spi.UpdateTimestampsCache] : [Enrolment] -> [5579091086680066]
14:18:44,834 DEBUG BaseGeneralDataRegion:59 - Caching[foo.org.hibernate.cache.spi.UpdateTimestampsCache] : [CourseMeeting] -> [5579091086680067]
14:18:44,835 DEBUG BaseGeneralDataRegion:59 - Caching[foo.org.hibernate.cache.spi.UpdateTimestampsCache] : [Enrolment] -> [5579091086684160]
14:18:44,835 DEBUG SQL:104 - 
    update
        Address 
    set
        studentNumber=?,
        addressType=? 
    where
        id=?
14:18:44,846 DEBUG SQL:104 - 
    update
        Address 
    set
        studentNumber=?,
        addressType=? 
    where
        id=?
14:18:44,846 DEBUG BaseGeneralDataRegion:59 - Caching[foo.org.hibernate.cache.spi.UpdateTimestampsCache] : [Address] -> [5579091086729216]
14:18:44,846 DEBUG SQL:104 - 
    insert 
    into
        Student_secretCodes
        (studentNumber, i, secretCode) 
    values
        (?, ?, ?)
14:18:44,847 DEBUG BaseGeneralDataRegion:59 - Caching[foo.org.hibernate.cache.spi.UpdateTimestampsCache] : [Student_secretCodes] -> [5579091086733312]
14:18:44,847 DEBUG BaseGeneralDataRegion:59 - Caching[foo.org.hibernate.cache.spi.UpdateTimestampsCache] : [Enrolment] -> [5579091086733313]
14:18:44,847 DEBUG BaseGeneralDataRegion:59 - Caching[foo.org.hibernate.cache.spi.UpdateTimestampsCache] : [Address] -> [5579091086733314]
14:18:44,847 DEBUG SQL:104 - 
    insert 
    into
        Student_secretCodes
        (studentNumber, i, secretCode) 
    values
        (?, ?, ?)
14:18:44,857 DEBUG SQL:104 - 
    insert 
    into
        Student_secretCodes
        (studentNumber, i, secretCode) 
    values
        (?, ?, ?)
14:18:44,857 DEBUG BaseGeneralDataRegion:59 - Caching[foo.org.hibernate.cache.spi.UpdateTimestampsCache] : [Student_secretCodes] -> [5579091086774272]
14:18:44,858 DEBUG BaseGeneralDataRegion:59 - Caching[foo.org.hibernate.cache.spi.UpdateTimestampsCache] : [Student] -> [5579090841018368]
14:18:44,858 DEBUG BaseGeneralDataRegion:59 - Caching[foo.org.hibernate.cache.spi.UpdateTimestampsCache] : [Course] -> [5579090841018368]
14:18:44,858 DEBUG BaseGeneralDataRegion:59 - Caching[foo.org.hibernate.cache.spi.UpdateTimestampsCache] : [Enrolment] -> [5579090841018368]
14:18:44,858 DEBUG BaseGeneralDataRegion:59 - Caching[foo.org.hibernate.cache.spi.UpdateTimestampsCache] : [Student_secretCodes] -> [5579090841018368]
14:18:44,858 DEBUG BaseGeneralDataRegion:59 - Caching[foo.org.hibernate.cache.spi.UpdateTimestampsCache] : [Address] -> [5579090841018368]
14:18:44,858 DEBUG BaseGeneralDataRegion:59 - Caching[foo.org.hibernate.cache.spi.UpdateTimestampsCache] : [CourseMeeting] -> [5579090841018368]
14:18:44,858 DEBUG QueryTranslatorImpl:265 - parse() - HQL: select value(s.addresses) from org.hibernate.test.querycache.Student s
14:18:44,859 DEBUG QueryTranslatorImpl:283 - --- HQL AST ---
 \-[QUERY] Node: 'query'
    \-[SELECT_FROM] Node: 'SELECT_FROM'
       +-[FROM] Node: 'from'
       |  \-[RANGE] Node: 'RANGE'
       |     +-[DOT] Node: '.'
       |     |  +-[DOT] Node: '.'
       |     |  |  +-[DOT] Node: '.'
       |     |  |  |  +-[DOT] Node: '.'
       |     |  |  |  |  +-[IDENT] Node: 'org'
       |     |  |  |  |  \-[IDENT] Node: 'hibernate'
       |     |  |  |  \-[IDENT] Node: 'test'
       |     |  |  \-[IDENT] Node: 'querycache'
       |     |  \-[IDENT] Node: 'Student'
       |     \-[ALIAS] Node: 's'
       \-[SELECT] Node: 'select'
          \-[VALUE] Node: ''
             \-[DOT] Node: '.'
                +-[IDENT] Node: 's'
                \-[IDENT] Node: 'addresses'

14:18:44,890 DEBUG ErrorCounter:82 - throwQueryException() : no errors
14:18:44,890 DEBUG FromElement:157 - FromClause{level=1} : org.hibernate.test.querycache.Student (s) -> student0_
14:18:44,890 DEBUG FromReferenceNode:74 - Resolved : s -> student0_.studentId
14:18:44,890 DEBUG DotNode:599 - getDataType() : addresses -> org.hibernate.type.MapType(org.hibernate.test.querycache.Student.addresses)
14:18:44,891 DEBUG FromElementFactory:376 - createEntityAssociation() : One to many - path = s.addresses role = org.hibernate.test.querycache.Student.addresses associatedEntityName = org.hibernate.test.querycache.Address
14:18:44,891 DEBUG FromElement:157 - FromClause{level=1} : org.hibernate.test.querycache.Address (<no alias>) -> addresses1_
14:18:44,891 DEBUG FromClause:282 - addJoinByPathMap() : s.addresses -> ImpliedFromElement{implied,not a collection join,not a fetch join,fetch non-lazy properties,classAlias=null,role=null,tableName=Address,tableAlias=addresses1_,origin=Student student0_,columns={student0_.studentId ,className=org.hibernate.test.querycache.Address}}
14:18:44,891 DEBUG DotNode:308 - dereferenceCollection() : Created new FROM element for s.addresses : Address addresses1_
14:18:44,891 DEBUG FromReferenceNode:74 - Resolved : s.addresses -> .
14:18:44,891 DEBUG HqlSqlWalker:629 - processQuery() :  ( SELECT ( {select clause} addresses1_.id ) ( FromClause{level=1} ( Student student0_ Address addresses1_ ) ) )
14:18:44,891 DEBUG JoinProcessor:175 - Using FROM fragment [Student student0_]
14:18:44,892 DEBUG SyntheticAndFactory:92 - Using unprocessed WHERE-fragment [student0_.studentId=addresses1_.studentNumber]
14:18:44,892 DEBUG SyntheticAndFactory:124 - Using processed WHERE-fragment [student0_.studentId=addresses1_.studentNumber]
14:18:44,892 DEBUG QueryNode:73 - getWhereClause() : Creating a new WHERE clause...
14:18:44,892 DEBUG QueryTranslatorImpl:252 - --- SQL AST ---
 \-[SELECT] QueryNode: 'SELECT'  querySpaces (Student,Address)
    +-[SELECT_CLAUSE] SelectClause: '{select clause}'
    |  +-[VALUE] MapValueNode: 'addresses1_.id as id0_' {ImpliedFromElement{implied,not a collection join,not a fetch join,fetch non-lazy properties,classAlias=null,role=org.hibernate.test.querycache.Student.addresses,tableName=Address,tableAlias=addresses1_,origin=Student student0_,columns={student0_.studentId ,className=org.hibernate.test.querycache.Address}}}
    |  \-[SQL_TOKEN] SqlFragment: 'addresses1_.addressType as addressT2_0_, addresses1_.street as street0_, addresses1_.city as city0_, addresses1_.stateProvince as statePro5_0_, addresses1_.postalCode as postalCode0_, addresses1_.country as country0_, addresses1_.studentNumber as studentN8_0_'
    +-[FROM] FromClause: 'from' FromClause{level=1, fromElementCounter=2, fromElements=2, fromElementByClassAlias=[s], fromElementByTableAlias=[student0_, addresses1_], fromElementsByPath=[s.addresses], collectionJoinFromElementsByPath=[], impliedElements=[]}
    |  \-[FROM_FRAGMENT] FromElement: 'Student student0_' FromElement{explicit,not a collection join,not a fetch join,fetch non-lazy properties,classAlias=s,role=null,tableName=Student,tableAlias=student0_,origin=null,columns={,className=org.hibernate.test.querycache.Student}}
    |     \-[FROM_FRAGMENT] ImpliedFromElement: 'Address addresses1_' ImpliedFromElement{implied,not a collection join,not a fetch join,fetch non-lazy properties,classAlias=null,role=org.hibernate.test.querycache.Student.addresses,tableName=Address,tableAlias=addresses1_,origin=Student student0_,columns={student0_.studentId ,className=org.hibernate.test.querycache.Address}}
    \-[WHERE] SqlNode: 'WHERE'
       \-[THETA_JOINS] SqlNode: '{theta joins}'
          \-[SQL_TOKEN] SqlFragment: 'student0_.studentId=addresses1_.studentNumber'

14:18:44,892 DEBUG ErrorCounter:82 - throwQueryException() : no errors
14:18:44,892 DEBUG QueryTranslatorImpl:235 - HQL: select value(s.addresses) from org.hibernate.test.querycache.Student s
14:18:44,892 DEBUG QueryTranslatorImpl:236 - SQL: select addresses1_.id as id0_, addresses1_.addressType as addressT2_0_, addresses1_.street as street0_, addresses1_.city as city0_, addresses1_.stateProvince as statePro5_0_, addresses1_.postalCode as postalCode0_, addresses1_.country as country0_, addresses1_.studentNumber as studentN8_0_ from Student student0_, Address addresses1_ where student0_.studentId=addresses1_.studentNumber
14:18:44,893 DEBUG ErrorCounter:82 - throwQueryException() : no errors
14:18:44,893 DEBUG BaseGeneralDataRegion:46 - Cache[foo.org.hibernate.cache.internal.StandardQueryCache] lookup : key[sql: select addresses1_.id as id0_, addresses1_.addressType as addressT2_0_, addresses1_.street as street0_, addresses1_.city as city0_, addresses1_.stateProvince as statePro5_0_, addresses1_.postalCode as postalCode0_, addresses1_.country as country0_, addresses1_.studentNumber as studentN8_0_ from Student student0_, Address addresses1_ where student0_.studentId=addresses1_.studentNumber; parameters: ; named parameters: {}; transformer: org.hibernate.transform.CacheableResultTransformer@110f2]
14:18:44,893 DEBUG SQL:104 - 
    select
        addresses1_.id as id0_,
        addresses1_.addressType as addressT2_0_,
        addresses1_.street as street0_,
        addresses1_.city as city0_,
        addresses1_.stateProvince as statePro5_0_,
        addresses1_.postalCode as postalCode0_,
        addresses1_.country as country0_,
        addresses1_.studentNumber as studentN8_0_ 
    from
        Student student0_,
        Address addresses1_ 
    where
        student0_.studentId=addresses1_.studentNumber
14:18:44,894 DEBUG BaseGeneralDataRegion:59 - Caching[foo.org.hibernate.cache.internal.StandardQueryCache] : [sql: select addresses1_.id as id0_, addresses1_.addressType as addressT2_0_, addresses1_.street as street0_, addresses1_.city as city0_, addresses1_.stateProvince as statePro5_0_, addresses1_.postalCode as postalCode0_, addresses1_.country as country0_, addresses1_.studentNumber as studentN8_0_ from Student student0_, Address addresses1_ where student0_.studentId=addresses1_.studentNumber; parameters: ; named parameters: {}; transformer: org.hibernate.transform.CacheableResultTransformer@110f2] -> [[5579090841165824, 89, 90]]
14:18:44,894 DEBUG BaseGeneralDataRegion:46 - Cache[foo.org.hibernate.cache.internal.StandardQueryCache] lookup : key[sql: select addresses1_.id as id0_, addresses1_.addressType as addressT2_0_, addresses1_.street as street0_, addresses1_.city as city0_, addresses1_.stateProvince as statePro5_0_, addresses1_.postalCode as postalCode0_, addresses1_.country as country0_, addresses1_.studentNumber as studentN8_0_ from Student student0_, Address addresses1_ where student0_.studentId=addresses1_.studentNumber; parameters: ; named parameters: {}; transformer: org.hibernate.transform.CacheableResultTransformer@110f2]
14:18:44,894 DEBUG BaseGeneralDataRegion:52 - Cache[foo.org.hibernate.cache.internal.StandardQueryCache] hit: sql: select addresses1_.id as id0_, addresses1_.addressType as addressT2_0_, addresses1_.street as street0_, addresses1_.city as city0_, addresses1_.stateProvince as statePro5_0_, addresses1_.postalCode as postalCode0_, addresses1_.country as country0_, addresses1_.studentNumber as studentN8_0_ from Student student0_, Address addresses1_ where student0_.studentId=addresses1_.studentNumber; parameters: ; named parameters: {}; transformer: org.hibernate.transform.CacheableResultTransformer@110f2
14:18:44,894 DEBUG BaseGeneralDataRegion:46 - Cache[foo.org.hibernate.cache.spi.UpdateTimestampsCache] lookup : key[Student]
14:18:44,894 DEBUG BaseGeneralDataRegion:52 - Cache[foo.org.hibernate.cache.spi.UpdateTimestampsCache] hit: Student
14:18:44,894 DEBUG BaseGeneralDataRegion:46 - Cache[foo.org.hibernate.cache.spi.UpdateTimestampsCache] lookup : key[Address]
14:18:44,894 DEBUG BaseGeneralDataRegion:52 - Cache[foo.org.hibernate.cache.spi.UpdateTimestampsCache] hit: Address
14:18:44,895 DEBUG SQL:104 - 
    select
        address0_.id as id0_0_,
        address0_.addressType as addressT2_0_0_,
        address0_.street as street0_0_,
        address0_.city as city0_0_,
        address0_.stateProvince as statePro5_0_0_,
        address0_.postalCode as postalCode0_0_,
        address0_.country as country0_0_,
        address0_.studentNumber as studentN8_0_0_ 
    from
        Address address0_ 
    where
        address0_.id=?
14:18:44,895 DEBUG SQL:104 - 
    select
        address0_.id as id0_0_,
        address0_.addressType as addressT2_0_0_,
        address0_.street as street0_0_,
        address0_.city as city0_0_,
        address0_.stateProvince as statePro5_0_0_,
        address0_.postalCode as postalCode0_0_,
        address0_.country as country0_0_,
        address0_.studentNumber as studentN8_0_0_ 
    from
        Address address0_ 
    where
        address0_.id=?
14:18:44,895 DEBUG SQL:104 - 
    select
        student_.studentId,
        student_.name_first as name2_4_,
        student_.name_middle as name3_4_,
        student_.name_last as name4_4_,
        student_.preferredCourseCode as preferre5_4_ 
    from
        Student student_ 
    where
        student_.studentId=?
14:18:44,896 DEBUG SQL:104 - 
    select
        enrolment_.studentId,
        enrolment_.courseCode,
        enrolment_.semester as semester3_,
        enrolment_."year" as year4_3_ 
    from
        Enrolment enrolment_ 
    where
        enrolment_.studentId=? 
        and enrolment_.courseCode=?
14:18:44,896 DEBUG SQL:104 - 
    select
        course_.courseCode,
        course_.description as descript2_1_ 
    from
        Course course_ 
    where
        course_.courseCode=?
14:18:44,896 DEBUG SQL:104 - 
    select
        student_.studentId,
        student_.name_first as name2_4_,
        student_.name_middle as name3_4_,
        student_.name_last as name4_4_,
        student_.preferredCourseCode as preferre5_4_ 
    from
        Student student_ 
    where
        student_.studentId=?
14:18:44,897 DEBUG SQL:104 - 
    select
        enrolment_.studentId,
        enrolment_.courseCode,
        enrolment_.semester as semester3_,
        enrolment_."year" as year4_3_ 
    from
        Enrolment enrolment_ 
    where
        enrolment_.studentId=? 
        and enrolment_.courseCode=?
14:18:44,900 DEBUG SQL:104 - 
    select
        coursemeet_.courseCode,
        coursemeet_.day,
        coursemeet_.period,
        coursemeet_.location 
    from
        CourseMeeting coursemeet_ 
    where
        coursemeet_.courseCode=? 
        and coursemeet_.day=? 
        and coursemeet_.period=? 
        and coursemeet_.location=?
14:18:44,900 DEBUG SQL:104 - 
    select
        coursemeet_.courseCode,
        coursemeet_.day,
        coursemeet_.period,
        coursemeet_.location 
    from
        CourseMeeting coursemeet_ 
    where
        coursemeet_.courseCode=? 
        and coursemeet_.day=? 
        and coursemeet_.period=? 
        and coursemeet_.location=?
14:18:44,911 DEBUG BaseGeneralDataRegion:59 - Caching[foo.org.hibernate.cache.spi.UpdateTimestampsCache] : [Enrolment] -> [5579091086995456]
14:18:44,912 DEBUG SQL:104 - 
    update
        Address 
    set
        studentNumber=null,
        addressType=null 
    where
        studentNumber=?
14:18:44,912 DEBUG BaseGeneralDataRegion:59 - Caching[foo.org.hibernate.cache.spi.UpdateTimestampsCache] : [Address] -> [5579091086999552]
14:18:44,912 DEBUG SQL:104 - 
    delete 
    from
        Student_secretCodes 
    where
        studentNumber=?
14:18:44,912 DEBUG BaseGeneralDataRegion:59 - Caching[foo.org.hibernate.cache.spi.UpdateTimestampsCache] : [Student_secretCodes] -> [5579091086999553]
14:18:44,912 DEBUG BaseGeneralDataRegion:59 - Caching[foo.org.hibernate.cache.spi.UpdateTimestampsCache] : [Enrolment] -> [5579091086999554]
14:18:44,912 DEBUG BaseGeneralDataRegion:59 - Caching[foo.org.hibernate.cache.spi.UpdateTimestampsCache] : [Address] -> [5579091086999555]
14:18:44,913 DEBUG SQL:104 - 
    delete 
    from
        Student_secretCodes 
    where
        studentNumber=?
14:18:44,913 DEBUG BaseGeneralDataRegion:59 - Caching[foo.org.hibernate.cache.spi.UpdateTimestampsCache] : [Student_secretCodes] -> [5579091087003648]
14:18:44,913 DEBUG BaseGeneralDataRegion:59 - Caching[foo.org.hibernate.cache.spi.UpdateTimestampsCache] : [CourseMeeting] -> [5579091087003649]
14:18:44,913 DEBUG SQL:104 - 
    delete 
    from
        Enrolment 
    where
        studentId=? 
        and courseCode=?
14:18:44,920 DEBUG BaseGeneralDataRegion:59 - Caching[foo.org.hibernate.cache.spi.UpdateTimestampsCache] : [Enrolment] -> [5579091087032320]
14:18:44,921 DEBUG SQL:104 - 
    delete 
    from
        Address 
    where
        id=?
14:18:44,921 DEBUG BaseGeneralDataRegion:59 - Caching[foo.org.hibernate.cache.spi.UpdateTimestampsCache] : [Address] -> [5579091087036416]
14:18:44,921 DEBUG SQL:104 - 
    delete 
    from
        Address 
    where
        id=?
14:18:44,921 DEBUG BaseGeneralDataRegion:59 - Caching[foo.org.hibernate.cache.spi.UpdateTimestampsCache] : [Address] -> [5579091087036417]
14:18:44,921 DEBUG SQL:104 - 
    delete 
    from
        Student 
    where
        studentId=?
14:18:44,921 DEBUG BaseGeneralDataRegion:59 - Caching[foo.org.hibernate.cache.spi.UpdateTimestampsCache] : [Student] -> [5579091087036418]
14:18:44,921 DEBUG SQL:104 - 
    delete 
    from
        Enrolment 
    where
        studentId=? 
        and courseCode=?
14:18:44,922 DEBUG BaseGeneralDataRegion:59 - Caching[foo.org.hibernate.cache.spi.UpdateTimestampsCache] : [Enrolment] -> [5579091087040512]
14:18:44,922 DEBUG SQL:104 - 
    delete 
    from
        Student 
    where
        studentId=?
14:18:44,922 DEBUG BaseGeneralDataRegion:59 - Caching[foo.org.hibernate.cache.spi.UpdateTimestampsCache] : [Student] -> [5579091087040513]
14:18:44,922 DEBUG SQL:104 - 
    delete 
    from
        CourseMeeting 
    where
        courseCode=? 
        and day=? 
        and period=? 
        and location=?
14:18:44,941 DEBUG BaseGeneralDataRegion:59 - Caching[foo.org.hibernate.cache.spi.UpdateTimestampsCache] : [CourseMeeting] -> [5579091087118336]
14:18:44,941 DEBUG SQL:104 - 
    delete 
    from
        CourseMeeting 
    where
        courseCode=? 
        and day=? 
        and period=? 
        and location=?
14:18:44,941 DEBUG BaseGeneralDataRegion:59 - Caching[foo.org.hibernate.cache.spi.UpdateTimestampsCache] : [CourseMeeting] -> [5579091087118337]
14:18:44,941 DEBUG SQL:104 - 
    delete 
    from
        Course 
    where
        courseCode=?
14:18:44,941 DEBUG BaseGeneralDataRegion:59 - Caching[foo.org.hibernate.cache.spi.UpdateTimestampsCache] : [Course] -> [5579091087118338]
14:18:44,942 DEBUG BaseGeneralDataRegion:59 - Caching[foo.org.hibernate.cache.spi.UpdateTimestampsCache] : [Student] -> [5579090841362432]
14:18:44,942 DEBUG BaseGeneralDataRegion:59 - Caching[foo.org.hibernate.cache.spi.UpdateTimestampsCache] : [Course] -> [5579090841362432]
14:18:44,942 DEBUG BaseGeneralDataRegion:59 - Caching[foo.org.hibernate.cache.spi.UpdateTimestampsCache] : [Enrolment] -> [5579090841362432]
14:18:44,942 DEBUG BaseGeneralDataRegion:59 - Caching[foo.org.hibernate.cache.spi.UpdateTimestampsCache] : [Student_secretCodes] -> [5579090841362432]
14:18:44,942 DEBUG BaseGeneralDataRegion:59 - Caching[foo.org.hibernate.cache.spi.UpdateTimestampsCache] : [Address] -> [5579090841362432]
14:18:44,950 DEBUG BaseGeneralDataRegion:59 - Caching[foo.org.hibernate.cache.spi.UpdateTimestampsCache] : [CourseMeeting] -> [5579090841362432]
14:18:44,950  INFO CustomRunner:139 - Test: testMultiAggregatedPropProjectionSingleResult
14:18:44,951 DEBUG SQL:104 - 
    select
        coursemeet_.courseCode,
        coursemeet_.day,
        coursemeet_.period,
        coursemeet_.location 
    from
        CourseMeeting coursemeet_ 
    where
        coursemeet_.courseCode=? 
        and coursemeet_.day=? 
        and coursemeet_.period=? 
        and coursemeet_.location=?
14:18:44,964 DEBUG SQL:104 - 
    select
        coursemeet_.courseCode,
        coursemeet_.day,
        coursemeet_.period,
        coursemeet_.location 
    from
        CourseMeeting coursemeet_ 
    where
        coursemeet_.courseCode=? 
        and coursemeet_.day=? 
        and coursemeet_.period=? 
        and coursemeet_.location=?
14:18:44,965 DEBUG SQL:104 - 
    insert 
    into
        Course
        (description, courseCode) 
    values
        (?, ?)
14:18:44,966 DEBUG BaseGeneralDataRegion:59 - Caching[foo.org.hibernate.cache.spi.UpdateTimestampsCache] : [Course] -> [5579091087220736]
14:18:44,966 DEBUG SQL:104 - 
    insert 
    into
        CourseMeeting
        (courseCode, day, period, location) 
    values
        (?, ?, ?, ?)
14:18:44,966 DEBUG BaseGeneralDataRegion:59 - Caching[foo.org.hibernate.cache.spi.UpdateTimestampsCache] : [CourseMeeting] -> [5579091087220737]
14:18:44,966 DEBUG SQL:104 - 
    insert 
    into
        CourseMeeting
        (courseCode, day, period, location) 
    values
        (?, ?, ?, ?)
14:18:44,966 DEBUG BaseGeneralDataRegion:59 - Caching[foo.org.hibernate.cache.spi.UpdateTimestampsCache] : [CourseMeeting] -> [5579091087220738]
14:18:44,966 DEBUG SQL:104 - 
    insert 
    into
        Student
        (name_first, name_middle, name_last, preferredCourseCode, studentId) 
    values
        (?, ?, ?, ?, ?)
14:18:44,968 DEBUG BaseGeneralDataRegion:59 - Caching[foo.org.hibernate.cache.spi.UpdateTimestampsCache] : [Student] -> [5579091087228928]
14:18:44,969 DEBUG SQL:104 - 
    insert 
    into
        Address
        (addressType, street, city, stateProvince, postalCode, country, studentNumber, id) 
    values
        (?, ?, ?, ?, ?, ?, ?, ?)
14:18:44,969 DEBUG BaseGeneralDataRegion:59 - Caching[foo.org.hibernate.cache.spi.UpdateTimestampsCache] : [Address] -> [5579091087233024]
14:18:44,969 DEBUG SQL:104 - 
    insert 
    into
        Address
        (addressType, street, city, stateProvince, postalCode, country, studentNumber, id) 
    values
        (?, ?, ?, ?, ?, ?, ?, ?)
14:18:44,969 DEBUG BaseGeneralDataRegion:59 - Caching[foo.org.hibernate.cache.spi.UpdateTimestampsCache] : [Address] -> [5579091087233025]
14:18:44,970 DEBUG SQL:104 - 
    insert 
    into
        Student
        (name_first, name_middle, name_last, preferredCourseCode, studentId) 
    values
        (?, ?, ?, ?, ?)
14:18:44,970 DEBUG BaseGeneralDataRegion:59 - Caching[foo.org.hibernate.cache.spi.UpdateTimestampsCache] : [Student] -> [5579091087237120]
14:18:44,970 DEBUG SQL:104 - 
    insert 
    into
        Enrolment
        (semester, "year", studentId, courseCode) 
    values
        (?, ?, ?, ?)
14:18:44,979 DEBUG BaseGeneralDataRegion:59 - Caching[foo.org.hibernate.cache.spi.UpdateTimestampsCache] : [Enrolment] -> [5579091087269888]
14:18:44,979 DEBUG SQL:104 - 
    insert 
    into
        Enrolment
        (semester, "year", studentId, courseCode) 
    values
        (?, ?, ?, ?)
14:18:44,979 DEBUG BaseGeneralDataRegion:59 - Caching[foo.org.hibernate.cache.spi.UpdateTimestampsCache] : [Enrolment] -> [5579091087273984]
14:18:44,979 DEBUG BaseGeneralDataRegion:59 - Caching[foo.org.hibernate.cache.spi.UpdateTimestampsCache] : [CourseMeeting] -> [5579091087273985]
14:18:44,979 DEBUG BaseGeneralDataRegion:59 - Caching[foo.org.hibernate.cache.spi.UpdateTimestampsCache] : [Enrolment] -> [5579091087273986]
14:18:44,979 DEBUG SQL:104 - 
    update
        Address 
    set
        studentNumber=?,
        addressType=? 
    where
        id=?
14:18:44,980 DEBUG SQL:104 - 
    update
        Address 
    set
        studentNumber=?,
        addressType=? 
    where
        id=?
14:18:44,987 DEBUG BaseGeneralDataRegion:59 - Caching[foo.org.hibernate.cache.spi.UpdateTimestampsCache] : [Address] -> [5579091087306752]
14:18:44,987 DEBUG SQL:104 - 
    insert 
    into
        Student_secretCodes
        (studentNumber, i, secretCode) 
    values
        (?, ?, ?)
14:18:44,988 DEBUG BaseGeneralDataRegion:59 - Caching[foo.org.hibernate.cache.spi.UpdateTimestampsCache] : [Student_secretCodes] -> [5579091087310848]
14:18:44,988 DEBUG BaseGeneralDataRegion:59 - Caching[foo.org.hibernate.cache.spi.UpdateTimestampsCache] : [Enrolment] -> [5579091087310849]
14:18:44,988 DEBUG BaseGeneralDataRegion:59 - Caching[foo.org.hibernate.cache.spi.UpdateTimestampsCache] : [Address] -> [5579091087310850]
14:18:44,988 DEBUG SQL:104 - 
    insert 
    into
        Student_secretCodes
        (studentNumber, i, secretCode) 
    values
        (?, ?, ?)
14:18:44,988 DEBUG SQL:104 - 
    insert 
    into
        Student_secretCodes
        (studentNumber, i, secretCode) 
    values
        (?, ?, ?)
14:18:44,988 DEBUG BaseGeneralDataRegion:59 - Caching[foo.org.hibernate.cache.spi.UpdateTimestampsCache] : [Student_secretCodes] -> [5579091087310851]
14:18:44,988 DEBUG BaseGeneralDataRegion:59 - Caching[foo.org.hibernate.cache.spi.UpdateTimestampsCache] : [Student] -> [5579090841550852]
14:18:44,988 DEBUG BaseGeneralDataRegion:59 - Caching[foo.org.hibernate.cache.spi.UpdateTimestampsCache] : [Course] -> [5579090841550852]
14:18:44,989 DEBUG BaseGeneralDataRegion:59 - Caching[foo.org.hibernate.cache.spi.UpdateTimestampsCache] : [Enrolment] -> [5579090841550852]
14:18:44,996 DEBUG BaseGeneralDataRegion:59 - Caching[foo.org.hibernate.cache.spi.UpdateTimestampsCache] : [Student_secretCodes] -> [5579090841550852]
14:18:44,996 DEBUG BaseGeneralDataRegion:59 - Caching[foo.org.hibernate.cache.spi.UpdateTimestampsCache] : [Address] -> [5579090841550852]
14:18:44,996 DEBUG BaseGeneralDataRegion:59 - Caching[foo.org.hibernate.cache.spi.UpdateTimestampsCache] : [CourseMeeting] -> [5579090841550852]
14:18:44,997 DEBUG QueryTranslatorImpl:265 - parse() - HQL: select min( e.studentNumber ) as minStudentNumber, max( e.studentNumber ) as maxStudentNumber from org.hibernate.test.querycache.Enrolment e
14:18:44,998 DEBUG QueryTranslatorImpl:283 - --- HQL AST ---
 \-[QUERY] Node: 'query'
    \-[SELECT_FROM] Node: 'SELECT_FROM'
       +-[FROM] Node: 'from'
       |  \-[RANGE] Node: 'RANGE'
       |     +-[DOT] Node: '.'
       |     |  +-[DOT] Node: '.'
       |     |  |  +-[DOT] Node: '.'
       |     |  |  |  +-[DOT] Node: '.'
       |     |  |  |  |  +-[IDENT] Node: 'org'
       |     |  |  |  |  \-[IDENT] Node: 'hibernate'
       |     |  |  |  \-[IDENT] Node: 'test'
       |     |  |  \-[IDENT] Node: 'querycache'
       |     |  \-[IDENT] Node: 'Enrolment'
       |     \-[ALIAS] Node: 'e'
       \-[SELECT] Node: 'select'
          +-[AS] Node: 'as'
          |  +-[AGGREGATE] Node: 'min'
          |  |  \-[DOT] Node: '.'
          |  |     +-[IDENT] Node: 'e'
          |  |     \-[IDENT] Node: 'studentNumber'
          |  \-[IDENT] Node: 'minStudentNumber'
          \-[AS] Node: 'as'
             +-[AGGREGATE] Node: 'max'
             |  \-[DOT] Node: '.'
             |     +-[IDENT] Node: 'e'
             |     \-[IDENT] Node: 'studentNumber'
             \-[IDENT] Node: 'maxStudentNumber'

14:18:45,006 DEBUG ErrorCounter:82 - throwQueryException() : no errors
14:18:45,006 DEBUG FromElement:157 - FromClause{level=1} : org.hibernate.test.querycache.Enrolment (e) -> enrolment0_
14:18:45,006 DEBUG FromReferenceNode:74 - Resolved : e -> (enrolment0_.studentId, enrolment0_.courseCode)
14:18:45,007 DEBUG DotNode:599 - getDataType() : studentNumber -> org.hibernate.type.LongType@4bf3f9d
14:18:45,007 DEBUG FromReferenceNode:74 - Resolved : e.studentNumber -> enrolment0_.studentId
14:18:45,007 DEBUG FromReferenceNode:74 - Resolved : e -> (enrolment0_.studentId, enrolment0_.courseCode)
14:18:45,007 DEBUG DotNode:599 - getDataType() : studentNumber -> org.hibernate.type.LongType@4bf3f9d
14:18:45,007 DEBUG FromReferenceNode:74 - Resolved : e.studentNumber -> enrolment0_.studentId
14:18:45,007 DEBUG HqlSqlWalker:629 - processQuery() :  ( SELECT ( {select clause} ( min ( enrolment0_.studentId (enrolment0_.studentId, enrolment0_.courseCode) studentNumber ) ) ( max ( enrolment0_.studentId (enrolment0_.studentId, enrolment0_.courseCode) studentNumber ) ) ) ( FromClause{level=1} Enrolment enrolment0_ ) )
14:18:45,007 DEBUG JoinProcessor:175 - Using FROM fragment [Enrolment enrolment0_]
14:18:45,008 DEBUG QueryTranslatorImpl:252 - --- SQL AST ---
 \-[SELECT] QueryNode: 'SELECT'  querySpaces (Enrolment)
    +-[SELECT_CLAUSE] SelectClause: '{select clause}'
    |  +-[AGGREGATE] AggregateNode: 'min'
    |  |  \-[DOT] DotNode: 'enrolment0_.studentId' {propertyName=studentNumber,dereferenceType=ALL,propertyPath=studentNumber,path=e.studentNumber,tableAlias=enrolment0_,className=org.hibernate.test.querycache.Enrolment,classAlias=e}
    |  |     +-[ALIAS_REF] IdentNode: '(enrolment0_.studentId, enrolment0_.courseCode)' {alias=e, className=org.hibernate.test.querycache.Enrolment, tableAlias=enrolment0_}
    |  |     \-[IDENT] IdentNode: 'studentNumber' {originalText=studentNumber}
    |  +-[SELECT_COLUMNS] SqlNode: ' as col_0_0_'
    |  +-[AGGREGATE] AggregateNode: 'max'
    |  |  \-[DOT] DotNode: 'enrolment0_.studentId' {propertyName=studentNumber,dereferenceType=ALL,propertyPath=studentNumber,path=e.studentNumber,tableAlias=enrolment0_,className=org.hibernate.test.querycache.Enrolment,classAlias=e}
    |  |     +-[ALIAS_REF] IdentNode: '(enrolment0_.studentId, enrolment0_.courseCode)' {alias=e, className=org.hibernate.test.querycache.Enrolment, tableAlias=enrolment0_}
    |  |     \-[IDENT] IdentNode: 'studentNumber' {originalText=studentNumber}
    |  \-[SELECT_COLUMNS] SqlNode: ' as col_1_0_'
    \-[FROM] FromClause: 'from' FromClause{level=1, fromElementCounter=1, fromElements=1, fromElementByClassAlias=[e], fromElementByTableAlias=[enrolment0_], fromElementsByPath=[], collectionJoinFromElementsByPath=[], impliedElements=[]}
       \-[FROM_FRAGMENT] FromElement: 'Enrolment enrolment0_' FromElement{explicit,not a collection join,not a fetch join,fetch non-lazy properties,classAlias=e,role=null,tableName=Enrolment,tableAlias=enrolment0_,origin=null,columns={,className=org.hibernate.test.querycache.Enrolment}}

14:18:45,008 DEBUG ErrorCounter:82 - throwQueryException() : no errors
14:18:45,008 DEBUG QueryTranslatorImpl:235 - HQL: select min( e.studentNumber ) as minStudentNumber, max( e.studentNumber ) as maxStudentNumber from org.hibernate.test.querycache.Enrolment e
14:18:45,008 DEBUG QueryTranslatorImpl:236 - SQL: select min(enrolment0_.studentId) as col_0_0_, max(enrolment0_.studentId) as col_1_0_ from Enrolment enrolment0_
14:18:45,008 DEBUG ErrorCounter:82 - throwQueryException() : no errors
14:18:45,008 DEBUG BaseGeneralDataRegion:46 - Cache[foo.org.hibernate.cache.internal.StandardQueryCache] lookup : key[sql: select min(enrolment0_.studentId) as col_0_0_, max(enrolment0_.studentId) as col_1_0_ from Enrolment enrolment0_; parameters: ; named parameters: {}; transformer: org.hibernate.transform.CacheableResultTransformer@1406bf]
14:18:45,009 DEBUG SQL:104 - 
    select
        min(enrolment0_.studentId) as col_0_0_,
        max(enrolment0_.studentId) as col_1_0_ 
    from
        Enrolment enrolment0_
14:18:45,009 DEBUG BaseGeneralDataRegion:59 - Caching[foo.org.hibernate.cache.internal.StandardQueryCache] : [sql: select min(enrolment0_.studentId) as col_0_0_, max(enrolment0_.studentId) as col_1_0_ from Enrolment enrolment0_; parameters: ; named parameters: {}; transformer: org.hibernate.transform.CacheableResultTransformer@1406bf] -> [[5579090841636864, [Ljava.io.Serializable;@3e3115e1]]
14:18:45,009 DEBUG BaseGeneralDataRegion:46 - Cache[foo.org.hibernate.cache.internal.StandardQueryCache] lookup : key[sql: select min(enrolment0_.studentId) as col_0_0_, max(enrolment0_.studentId) as col_1_0_ from Enrolment enrolment0_; parameters: ; named parameters: {}; transformer: org.hibernate.transform.CacheableResultTransformer@1406bf]
14:18:45,010 DEBUG BaseGeneralDataRegion:52 - Cache[foo.org.hibernate.cache.internal.StandardQueryCache] hit: sql: select min(enrolment0_.studentId) as col_0_0_, max(enrolment0_.studentId) as col_1_0_ from Enrolment enrolment0_; parameters: ; named parameters: {}; transformer: org.hibernate.transform.CacheableResultTransformer@1406bf
14:18:45,010 DEBUG BaseGeneralDataRegion:46 - Cache[foo.org.hibernate.cache.spi.UpdateTimestampsCache] lookup : key[Enrolment]
14:18:45,010 DEBUG BaseGeneralDataRegion:52 - Cache[foo.org.hibernate.cache.spi.UpdateTimestampsCache] hit: Enrolment
14:18:45,010 DEBUG SQL:104 - 
    select
        student_.studentId,
        student_.name_first as name2_4_,
        student_.name_middle as name3_4_,
        student_.name_last as name4_4_,
        student_.preferredCourseCode as preferre5_4_ 
    from
        Student student_ 
    where
        student_.studentId=?
14:18:45,010 DEBUG SQL:104 - 
    select
        enrolment_.studentId,
        enrolment_.courseCode,
        enrolment_.semester as semester3_,
        enrolment_."year" as year4_3_ 
    from
        Enrolment enrolment_ 
    where
        enrolment_.studentId=? 
        and enrolment_.courseCode=?
14:18:45,020 DEBUG SQL:104 - 
    select
        course_.courseCode,
        course_.description as descript2_1_ 
    from
        Course course_ 
    where
        course_.courseCode=?
14:18:45,021 DEBUG SQL:104 - 
    select
        student_.studentId,
        student_.name_first as name2_4_,
        student_.name_middle as name3_4_,
        student_.name_last as name4_4_,
        student_.preferredCourseCode as preferre5_4_ 
    from
        Student student_ 
    where
        student_.studentId=?
14:18:45,021 DEBUG SQL:104 - 
    select
        enrolment_.studentId,
        enrolment_.courseCode,
        enrolment_.semester as semester3_,
        enrolment_."year" as year4_3_ 
    from
        Enrolment enrolment_ 
    where
        enrolment_.studentId=? 
        and enrolment_.courseCode=?
14:18:45,031 DEBUG SQL:104 - 
    select
        coursemeet_.courseCode,
        coursemeet_.day,
        coursemeet_.period,
        coursemeet_.location 
    from
        CourseMeeting coursemeet_ 
    where
        coursemeet_.courseCode=? 
        and coursemeet_.day=? 
        and coursemeet_.period=? 
        and coursemeet_.location=?
14:18:45,032 DEBUG SQL:104 - 
    select
        coursemeet_.courseCode,
        coursemeet_.day,
        coursemeet_.period,
        coursemeet_.location 
    from
        CourseMeeting coursemeet_ 
    where
        coursemeet_.courseCode=? 
        and coursemeet_.day=? 
        and coursemeet_.period=? 
        and coursemeet_.location=?
14:18:45,032 DEBUG BaseGeneralDataRegion:59 - Caching[foo.org.hibernate.cache.spi.UpdateTimestampsCache] : [Enrolment] -> [5579091087491072]
14:18:45,032 DEBUG SQL:104 - 
    update
        Address 
    set
        studentNumber=null,
        addressType=null 
    where
        studentNumber=?
14:18:45,053 DEBUG BaseGeneralDataRegion:59 - Caching[foo.org.hibernate.cache.spi.UpdateTimestampsCache] : [Address] -> [5579091087577088]
14:18:45,053 DEBUG SQL:104 - 
    delete 
    from
        Student_secretCodes 
    where
        studentNumber=?
14:18:45,054 DEBUG BaseGeneralDataRegion:59 - Caching[foo.org.hibernate.cache.spi.UpdateTimestampsCache] : [Student_secretCodes] -> [5579091087581184]
14:18:45,054 DEBUG BaseGeneralDataRegion:59 - Caching[foo.org.hibernate.cache.spi.UpdateTimestampsCache] : [Enrolment] -> [5579091087581185]
14:18:45,054 DEBUG BaseGeneralDataRegion:59 - Caching[foo.org.hibernate.cache.spi.UpdateTimestampsCache] : [Address] -> [5579091087581186]
14:18:45,054 DEBUG SQL:104 - 
    delete 
    from
        Student_secretCodes 
    where
        studentNumber=?
14:18:45,054 DEBUG BaseGeneralDataRegion:59 - Caching[foo.org.hibernate.cache.spi.UpdateTimestampsCache] : [Student_secretCodes] -> [5579091087581187]
14:18:45,054 DEBUG BaseGeneralDataRegion:59 - Caching[foo.org.hibernate.cache.spi.UpdateTimestampsCache] : [CourseMeeting] -> [5579091087581188]
14:18:45,054 DEBUG SQL:104 - 
    delete 
    from
        Enrolment 
    where
        studentId=? 
        and courseCode=?
14:18:45,055 DEBUG BaseGeneralDataRegion:59 - Caching[foo.org.hibernate.cache.spi.UpdateTimestampsCache] : [Enrolment] -> [5579091087585280]
14:18:45,055 DEBUG SQL:104 - 
    delete 
    from
        Address 
    where
        id=?
14:18:45,063 DEBUG BaseGeneralDataRegion:59 - Caching[foo.org.hibernate.cache.spi.UpdateTimestampsCache] : [Address] -> [5579091087618048]
14:18:45,063 DEBUG SQL:104 - 
    delete 
    from
        Address 
    where
        id=?
14:18:45,063 DEBUG BaseGeneralDataRegion:59 - Caching[foo.org.hibernate.cache.spi.UpdateTimestampsCache] : [Address] -> [5579091087618049]
14:18:45,063 DEBUG SQL:104 - 
    delete 
    from
        Student 
    where
        studentId=?
14:18:45,064 DEBUG BaseGeneralDataRegion:59 - Caching[foo.org.hibernate.cache.spi.UpdateTimestampsCache] : [Student] -> [5579091087622144]
14:18:45,064 DEBUG SQL:104 - 
    delete 
    from
        Enrolment 
    where
        studentId=? 
        and courseCode=?
14:18:45,064 DEBUG BaseGeneralDataRegion:59 - Caching[foo.org.hibernate.cache.spi.UpdateTimestampsCache] : [Enrolment] -> [5579091087622145]
14:18:45,064 DEBUG SQL:104 - 
    delete 
    from
        Student 
    where
        studentId=?
14:18:45,073 DEBUG BaseGeneralDataRegion:59 - Caching[foo.org.hibernate.cache.spi.UpdateTimestampsCache] : [Student] -> [5579091087659008]
14:18:45,074 DEBUG SQL:104 - 
    delete 
    from
        CourseMeeting 
    where
        courseCode=? 
        and day=? 
        and period=? 
        and location=?
14:18:45,074 DEBUG BaseGeneralDataRegion:59 - Caching[foo.org.hibernate.cache.spi.UpdateTimestampsCache] : [CourseMeeting] -> [5579091087663104]
14:18:45,074 DEBUG SQL:104 - 
    delete 
    from
        CourseMeeting 
    where
        courseCode=? 
        and day=? 
        and period=? 
        and location=?
14:18:45,074 DEBUG BaseGeneralDataRegion:59 - Caching[foo.org.hibernate.cache.spi.UpdateTimestampsCache] : [CourseMeeting] -> [5579091087663105]
14:18:45,074 DEBUG SQL:104 - 
    delete 
    from
        Course 
    where
        courseCode=?
14:18:45,074 DEBUG BaseGeneralDataRegion:59 - Caching[foo.org.hibernate.cache.spi.UpdateTimestampsCache] : [Course] -> [5579091087663106]
14:18:45,075 DEBUG BaseGeneralDataRegion:59 - Caching[foo.org.hibernate.cache.spi.UpdateTimestampsCache] : [Student] -> [5579090841907200]
14:18:45,082 DEBUG BaseGeneralDataRegion:59 - Caching[foo.org.hibernate.cache.spi.UpdateTimestampsCache] : [Course] -> [5579090841907200]
14:18:45,082 DEBUG BaseGeneralDataRegion:59 - Caching[foo.org.hibernate.cache.spi.UpdateTimestampsCache] : [Enrolment] -> [5579090841907200]
14:18:45,083 DEBUG BaseGeneralDataRegion:59 - Caching[foo.org.hibernate.cache.spi.UpdateTimestampsCache] : [Student_secretCodes] -> [5579090841907200]
14:18:45,083 DEBUG BaseGeneralDataRegion:59 - Caching[foo.org.hibernate.cache.spi.UpdateTimestampsCache] : [Address] -> [5579090841907200]
14:18:45,083 DEBUG BaseGeneralDataRegion:59 - Caching[foo.org.hibernate.cache.spi.UpdateTimestampsCache] : [CourseMeeting] -> [5579090841907200]
14:18:45,083  INFO CustomRunner:139 - Test: testMultiEntityProjectionAliasedList
14:18:45,084 DEBUG SQL:104 - 
    select
        coursemeet_.courseCode,
        coursemeet_.day,
        coursemeet_.period,
        coursemeet_.location 
    from
        CourseMeeting coursemeet_ 
    where
        coursemeet_.courseCode=? 
        and coursemeet_.day=? 
        and coursemeet_.period=? 
        and coursemeet_.location=?
14:18:45,085 DEBUG SQL:104 - 
    select
        coursemeet_.courseCode,
        coursemeet_.day,
        coursemeet_.period,
        coursemeet_.location 
    from
        CourseMeeting coursemeet_ 
    where
        coursemeet_.courseCode=? 
        and coursemeet_.day=? 
        and coursemeet_.period=? 
        and coursemeet_.location=?
14:18:45,094 DEBUG SQL:104 - 
    insert 
    into
        Course
        (description, courseCode) 
    values
        (?, ?)
14:18:45,094 DEBUG BaseGeneralDataRegion:59 - Caching[foo.org.hibernate.cache.spi.UpdateTimestampsCache] : [Course] -> [5579091087745024]
14:18:45,094 DEBUG SQL:104 - 
    insert 
    into
        CourseMeeting
        (courseCode, day, period, location) 
    values
        (?, ?, ?, ?)
14:18:45,094 DEBUG BaseGeneralDataRegion:59 - Caching[foo.org.hibernate.cache.spi.UpdateTimestampsCache] : [CourseMeeting] -> [5579091087745025]
14:18:45,094 DEBUG SQL:104 - 
    insert 
    into
        CourseMeeting
        (courseCode, day, period, location) 
    values
        (?, ?, ?, ?)
14:18:45,095 DEBUG BaseGeneralDataRegion:59 - Caching[foo.org.hibernate.cache.spi.UpdateTimestampsCache] : [CourseMeeting] -> [5579091087749120]
14:18:45,095 DEBUG SQL:104 - 
    insert 
    into
        Student
        (name_first, name_middle, name_last, preferredCourseCode, studentId) 
    values
        (?, ?, ?, ?, ?)
14:18:45,103 DEBUG BaseGeneralDataRegion:59 - Caching[foo.org.hibernate.cache.spi.UpdateTimestampsCache] : [Student] -> [5579091087781888]
14:18:45,104 DEBUG SQL:104 - 
    insert 
    into
        Address
        (addressType, street, city, stateProvince, postalCode, country, studentNumber, id) 
    values
        (?, ?, ?, ?, ?, ?, ?, ?)
14:18:45,104 DEBUG BaseGeneralDataRegion:59 - Caching[foo.org.hibernate.cache.spi.UpdateTimestampsCache] : [Address] -> [5579091087785984]
14:18:45,104 DEBUG SQL:104 - 
    insert 
    into
        Address
        (addressType, street, city, stateProvince, postalCode, country, studentNumber, id) 
    values
        (?, ?, ?, ?, ?, ?, ?, ?)
14:18:45,104 DEBUG BaseGeneralDataRegion:59 - Caching[foo.org.hibernate.cache.spi.UpdateTimestampsCache] : [Address] -> [5579091087785985]
14:18:45,104 DEBUG SQL:104 - 
    insert 
    into
        Student
        (name_first, name_middle, name_last, preferredCourseCode, studentId) 
    values
        (?, ?, ?, ?, ?)
14:18:45,105 DEBUG BaseGeneralDataRegion:59 - Caching[foo.org.hibernate.cache.spi.UpdateTimestampsCache] : [Student] -> [5579091087790080]
14:18:45,114 DEBUG SQL:104 - 
    insert 
    into
        Enrolment
        (semester, "year", studentId, courseCode) 
    values
        (?, ?, ?, ?)
14:18:45,115 DEBUG BaseGeneralDataRegion:59 - Caching[foo.org.hibernate.cache.spi.UpdateTimestampsCache] : [Enrolment] -> [5579091087831040]
14:18:45,115 DEBUG SQL:104 - 
    insert 
    into
        Enrolment
        (semester, "year", studentId, courseCode) 
    values
        (?, ?, ?, ?)
14:18:45,115 DEBUG BaseGeneralDataRegion:59 - Caching[foo.org.hibernate.cache.spi.UpdateTimestampsCache] : [Enrolment] -> [5579091087831041]
14:18:45,115 DEBUG BaseGeneralDataRegion:59 - Caching[foo.org.hibernate.cache.spi.UpdateTimestampsCache] : [CourseMeeting] -> [5579091087831042]
14:18:45,115 DEBUG BaseGeneralDataRegion:59 - Caching[foo.org.hibernate.cache.spi.UpdateTimestampsCache] : [Enrolment] -> [5579091087831043]
14:18:45,115 DEBUG SQL:104 - 
    update
        Address 
    set
        studentNumber=?,
        addressType=? 
    where
        id=?
14:18:45,115 DEBUG SQL:104 - 
    update
        Address 
    set
        studentNumber=?,
        addressType=? 
    where
        id=?
14:18:45,126 DEBUG BaseGeneralDataRegion:59 - Caching[foo.org.hibernate.cache.spi.UpdateTimestampsCache] : [Address] -> [5579091087876096]
14:18:45,126 DEBUG SQL:104 - 
    insert 
    into
        Student_secretCodes
        (studentNumber, i, secretCode) 
    values
        (?, ?, ?)
14:18:45,126 DEBUG BaseGeneralDataRegion:59 - Caching[foo.org.hibernate.cache.spi.UpdateTimestampsCache] : [Student_secretCodes] -> [5579091087876097]
14:18:45,126 DEBUG BaseGeneralDataRegion:59 - Caching[foo.org.hibernate.cache.spi.UpdateTimestampsCache] : [Enrolment] -> [5579091087876098]
14:18:45,126 DEBUG BaseGeneralDataRegion:59 - Caching[foo.org.hibernate.cache.spi.UpdateTimestampsCache] : [Address] -> [5579091087876099]
14:18:45,126 DEBUG SQL:104 - 
    insert 
    into
        Student_secretCodes
        (studentNumber, i, secretCode) 
    values
        (?, ?, ?)
14:18:45,127 DEBUG SQL:104 - 
    insert 
    into
        Student_secretCodes
        (studentNumber, i, secretCode) 
    values
        (?, ?, ?)
14:18:45,134 DEBUG BaseGeneralDataRegion:59 - Caching[foo.org.hibernate.cache.spi.UpdateTimestampsCache] : [Student_secretCodes] -> [5579091087908864]
14:18:45,134 DEBUG BaseGeneralDataRegion:59 - Caching[foo.org.hibernate.cache.spi.UpdateTimestampsCache] : [Student] -> [5579090842148865]
14:18:45,135 DEBUG BaseGeneralDataRegion:59 - Caching[foo.org.hibernate.cache.spi.UpdateTimestampsCache] : [Course] -> [5579090842148865]
14:18:45,135 DEBUG BaseGeneralDataRegion:59 - Caching[foo.org.hibernate.cache.spi.UpdateTimestampsCache] : [Enrolment] -> [5579090842148865]
14:18:45,135 DEBUG BaseGeneralDataRegion:59 - Caching[foo.org.hibernate.cache.spi.UpdateTimestampsCache] : [Student_secretCodes] -> [5579090842148865]
14:18:45,135 DEBUG BaseGeneralDataRegion:59 - Caching[foo.org.hibernate.cache.spi.UpdateTimestampsCache] : [Address] -> [5579090842148865]
14:18:45,136 DEBUG BaseGeneralDataRegion:59 - Caching[foo.org.hibernate.cache.spi.UpdateTimestampsCache] : [CourseMeeting] -> [5579090842148865]
14:18:45,136 DEBUG QueryTranslatorImpl:265 - parse() - HQL: select e.student as st, e.semester as sem, e.year as yr, e.course as c from org.hibernate.test.querycache.Enrolment e order by e.studentNumber
14:18:45,138 DEBUG QueryTranslatorImpl:283 - --- HQL AST ---
 \-[QUERY] Node: 'query'
    +-[SELECT_FROM] Node: 'SELECT_FROM'
    |  +-[FROM] Node: 'from'
    |  |  \-[RANGE] Node: 'RANGE'
    |  |     +-[DOT] Node: '.'
    |  |     |  +-[DOT] Node: '.'
    |  |     |  |  +-[DOT] Node: '.'
    |  |     |  |  |  +-[DOT] Node: '.'
    |  |     |  |  |  |  +-[IDENT] Node: 'org'
    |  |     |  |  |  |  \-[IDENT] Node: 'hibernate'
    |  |     |  |  |  \-[IDENT] Node: 'test'
    |  |     |  |  \-[IDENT] Node: 'querycache'
    |  |     |  \-[IDENT] Node: 'Enrolment'
    |  |     \-[ALIAS] Node: 'e'
    |  \-[SELECT] Node: 'select'
    |     +-[AS] Node: 'as'
    |     |  +-[DOT] Node: '.'
    |     |  |  +-[IDENT] Node: 'e'
    |     |  |  \-[IDENT] Node: 'student'
    |     |  \-[IDENT] Node: 'st'
    |     +-[AS] Node: 'as'
    |     |  +-[DOT] Node: '.'
    |     |  |  +-[IDENT] Node: 'e'
    |     |  |  \-[IDENT] Node: 'semester'
    |     |  \-[IDENT] Node: 'sem'
    |     +-[AS] Node: 'as'
    |     |  +-[DOT] Node: '.'
    |     |  |  +-[IDENT] Node: 'e'
    |     |  |  \-[IDENT] Node: 'year'
    |     |  \-[IDENT] Node: 'yr'
    |     \-[AS] Node: 'as'
    |        +-[DOT] Node: '.'
    |        |  +-[IDENT] Node: 'e'
    |        |  \-[IDENT] Node: 'course'
    |        \-[IDENT] Node: 'c'
    \-[ORDER] Node: 'order'
       \-[DOT] Node: '.'
          +-[IDENT] Node: 'e'
          \-[IDENT] Node: 'studentNumber'

14:18:45,138 DEBUG ErrorCounter:82 - throwQueryException() : no errors
14:18:45,138 DEBUG FromElement:157 - FromClause{level=1} : org.hibernate.test.querycache.Enrolment (e) -> enrolment0_
14:18:45,139 DEBUG FromReferenceNode:74 - Resolved : e -> (enrolment0_.studentId, enrolment0_.courseCode)
14:18:45,139 DEBUG DotNode:599 - getDataType() : student -> org.hibernate.type.ManyToOneType(org.hibernate.test.querycache.Student)
14:18:45,139 DEBUG DotNode:389 - dereferenceEntityJoin() : generating join for student in org.hibernate.test.querycache.Enrolment (<no alias>) parent = [ {null} ]
14:18:45,139 DEBUG FromElement:157 - FromClause{level=1} : org.hibernate.test.querycache.Student (<no alias>) -> student1_
14:18:45,149 DEBUG FromClause:282 - addJoinByPathMap() : e.student -> FromElement{explicit,not a collection join,not a fetch join,fetch non-lazy properties,classAlias=null,role=null,tableName=Student,tableAlias=student1_,origin=Enrolment enrolment0_,columns={enrolment0_.studentId ,className=org.hibernate.test.querycache.Student}}
14:18:45,149 DEBUG FromReferenceNode:74 - Resolved : e.student -> enrolment0_.studentId
14:18:45,150 DEBUG FromReferenceNode:74 - Resolved : e -> (enrolment0_.studentId, enrolment0_.courseCode)
14:18:45,150 DEBUG DotNode:599 - getDataType() : semester -> org.hibernate.type.ShortType@491168d6
14:18:45,150 DEBUG FromReferenceNode:74 - Resolved : e.semester -> enrolment0_.semester
14:18:45,150 DEBUG FromReferenceNode:74 - Resolved : e -> (enrolment0_.studentId, enrolment0_.courseCode)
14:18:45,150 DEBUG DotNode:599 - getDataType() : year -> org.hibernate.type.ShortType@491168d6
14:18:45,151 DEBUG FromReferenceNode:74 - Resolved : e.year -> enrolment0_."year"
14:18:45,151 DEBUG FromReferenceNode:74 - Resolved : e -> (enrolment0_.studentId, enrolment0_.courseCode)
14:18:45,151 DEBUG DotNode:599 - getDataType() : course -> org.hibernate.type.ManyToOneType(org.hibernate.test.querycache.Course)
14:18:45,151 DEBUG DotNode:389 - dereferenceEntityJoin() : generating join for course in org.hibernate.test.querycache.Enrolment (<no alias>) parent = [ {null} ]
14:18:45,151 DEBUG FromElement:157 - FromClause{level=1} : org.hibernate.test.querycache.Course (<no alias>) -> course2_
14:18:45,152 DEBUG FromClause:282 - addJoinByPathMap() : e.course -> FromElement{explicit,not a collection join,not a fetch join,fetch non-lazy properties,classAlias=null,role=null,tableName=Course,tableAlias=course2_,origin=Enrolment enrolment0_,columns={enrolment0_.courseCode ,className=org.hibernate.test.querycache.Course}}
14:18:45,152 DEBUG FromReferenceNode:74 - Resolved : e.course -> enrolment0_.courseCode
14:18:45,152 DEBUG FromReferenceNode:74 - Resolved : e -> enrolment0_.studentId, enrolment0_.courseCode
14:18:45,152 DEBUG DotNode:599 - getDataType() : studentNumber -> org.hibernate.type.LongType@4bf3f9d
14:18:45,152 DEBUG FromReferenceNode:74 - Resolved : e.studentNumber -> enrolment0_.studentId
14:18:45,152 DEBUG HqlSqlWalker:629 - processQuery() :  ( SELECT ( {select clause} ( enrolment0_.studentId (enrolment0_.studentId, enrolment0_.courseCode) student ) ( enrolment0_.semester (enrolment0_.studentId, enrolment0_.courseCode) semester ) ( enrolment0_."year" (enrolment0_.studentId, enrolment0_.courseCode) year ) ( enrolment0_.courseCode (enrolment0_.studentId, enrolment0_.courseCode) course ) ) ( FromClause{level=1} ( Enrolment enrolment0_ Student student1_ Course course2_ ) ) ( order ( enrolment0_.studentId enrolment0_.studentId, enrolment0_.courseCode studentNumber ) ) )
14:18:45,152 DEBUG JoinProcessor:175 - Using FROM fragment [Enrolment enrolment0_]
14:18:45,153 DEBUG JoinProcessor:175 - Using FROM fragment [inner join Student student1_ on enrolment0_.studentId=student1_.studentId]
14:18:45,153 DEBUG JoinProcessor:175 - Using FROM fragment [inner join Course course2_ on enrolment0_.courseCode=course2_.courseCode]
14:18:45,153 DEBUG QueryTranslatorImpl:252 - --- SQL AST ---
 \-[SELECT] QueryNode: 'SELECT'  querySpaces (Student,Course,Enrolment)
    +-[SELECT_CLAUSE] SelectClause: '{select clause}'
    |  +-[DOT] DotNode: 'enrolment0_.studentId' {propertyName=student,dereferenceType=EOF,propertyPath=student,path=e.student,tableAlias=student1_,className=org.hibernate.test.querycache.Student,classAlias=null}
    |  |  +-[ALIAS_REF] IdentNode: '(enrolment0_.studentId, enrolment0_.courseCode)' {alias=e, className=org.hibernate.test.querycache.Enrolment, tableAlias=enrolment0_}
    |  |  \-[IDENT] IdentNode: 'student' {originalText=student}
    |  +-[SELECT_COLUMNS] SqlNode: ' as col_0_0_'
    |  +-[DOT] DotNode: 'enrolment0_.semester' {propertyName=semester,dereferenceType=ALL,propertyPath=semester,path=e.semester,tableAlias=enrolment0_,className=org.hibernate.test.querycache.Enrolment,classAlias=e}
    |  |  +-[ALIAS_REF] IdentNode: '(enrolment0_.studentId, enrolment0_.courseCode)' {alias=e, className=org.hibernate.test.querycache.Enrolment, tableAlias=enrolment0_}
    |  |  \-[IDENT] IdentNode: 'semester' {originalText=semester}
    |  +-[SELECT_COLUMNS] SqlNode: ' as col_1_0_'
    |  +-[DOT] DotNode: 'enrolment0_."year"' {propertyName=year,dereferenceType=ALL,propertyPath=year,path=e.year,tableAlias=enrolment0_,className=org.hibernate.test.querycache.Enrolment,classAlias=e}
    |  |  +-[ALIAS_REF] IdentNode: '(enrolment0_.studentId, enrolment0_.courseCode)' {alias=e, className=org.hibernate.test.querycache.Enrolment, tableAlias=enrolment0_}
    |  |  \-[IDENT] IdentNode: 'year' {originalText=year}
    |  +-[SELECT_COLUMNS] SqlNode: ' as col_2_0_'
    |  +-[DOT] DotNode: 'enrolment0_.courseCode' {propertyName=course,dereferenceType=EOF,propertyPath=course,path=e.course,tableAlias=course2_,className=org.hibernate.test.querycache.Course,classAlias=null}
    |  |  +-[ALIAS_REF] IdentNode: '(enrolment0_.studentId, enrolment0_.courseCode)' {alias=e, className=org.hibernate.test.querycache.Enrolment, tableAlias=enrolment0_}
    |  |  \-[IDENT] IdentNode: 'course' {originalText=course}
    |  +-[SELECT_COLUMNS] SqlNode: ' as col_3_0_'
    |  +-[SQL_TOKEN] SqlFragment: 'student1_.studentId as studentId4_0_'
    |  +-[SQL_TOKEN] SqlFragment: 'course2_.courseCode as courseCode1_1_'
    |  +-[SQL_TOKEN] SqlFragment: 'student1_.name_first as name2_4_0_, student1_.name_middle as name3_4_0_, student1_.name_last as name4_4_0_, student1_.preferredCourseCode as preferre5_4_0_'
    |  \-[SQL_TOKEN] SqlFragment: 'course2_.description as descript2_1_1_'
    +-[FROM] FromClause: 'from' FromClause{level=1, fromElementCounter=3, fromElements=3, fromElementByClassAlias=[e], fromElementByTableAlias=[student1_, enrolment0_, course2_], fromElementsByPath=[e.course, e.student], collectionJoinFromElementsByPath=[], impliedElements=[]}
    |  \-[FROM_FRAGMENT] FromElement: 'Enrolment enrolment0_' FromElement{explicit,not a collection join,not a fetch join,fetch non-lazy properties,classAlias=e,role=null,tableName=Enrolment,tableAlias=enrolment0_,origin=null,columns={,className=org.hibernate.test.querycache.Enrolment}}
    |     +-[JOIN_FRAGMENT] FromElement: 'inner join Student student1_ on enrolment0_.studentId=student1_.studentId' FromElement{explicit,not a collection join,not a fetch join,fetch non-lazy properties,classAlias=null,role=null,tableName=Student,tableAlias=student1_,origin=Enrolment enrolment0_,columns={enrolment0_.studentId ,className=org.hibernate.test.querycache.Student}}
    |     \-[JOIN_FRAGMENT] FromElement: 'inner join Course course2_ on enrolment0_.courseCode=course2_.courseCode' FromElement{explicit,not a collection join,not a fetch join,fetch non-lazy properties,classAlias=null,role=null,tableName=Course,tableAlias=course2_,origin=Enrolment enrolment0_,columns={enrolment0_.courseCode ,className=org.hibernate.test.querycache.Course}}
    \-[ORDER] OrderByClause: 'order'
       \-[DOT] DotNode: 'enrolment0_.studentId' {propertyName=studentNumber,dereferenceType=ALL,propertyPath=studentNumber,path=e.studentNumber,tableAlias=enrolment0_,className=org.hibernate.test.querycache.Enrolment,classAlias=e}
          +-[ALIAS_REF] IdentNode: 'enrolment0_.studentId, enrolment0_.courseCode' {alias=e, className=org.hibernate.test.querycache.Enrolment, tableAlias=enrolment0_}
          \-[IDENT] IdentNode: 'studentNumber' {originalText=studentNumber}

14:18:45,161 DEBUG ErrorCounter:82 - throwQueryException() : no errors
14:18:45,161 DEBUG QueryTranslatorImpl:235 - HQL: select e.student as st, e.semester as sem, e.year as yr, e.course as c from org.hibernate.test.querycache.Enrolment e order by e.studentNumber
14:18:45,161 DEBUG QueryTranslatorImpl:236 - SQL: select enrolment0_.studentId as col_0_0_, enrolment0_.semester as col_1_0_, enrolment0_."year" as col_2_0_, enrolment0_.courseCode as col_3_0_, student1_.studentId as studentId4_0_, course2_.courseCode as courseCode1_1_, student1_.name_first as name2_4_0_, student1_.name_middle as name3_4_0_, student1_.name_last as name4_4_0_, student1_.preferredCourseCode as preferre5_4_0_, course2_.description as descript2_1_1_ from Enrolment enrolment0_ inner join Student student1_ on enrolment0_.studentId=student1_.studentId inner join Course course2_ on enrolment0_.courseCode=course2_.courseCode order by enrolment0_.studentId
14:18:45,161 DEBUG ErrorCounter:82 - throwQueryException() : no errors
14:18:45,161 DEBUG BaseGeneralDataRegion:46 - Cache[foo.org.hibernate.cache.internal.StandardQueryCache] lookup : key[sql: select enrolment0_.studentId as col_0_0_, enrolment0_.semester as col_1_0_, enrolment0_."year" as col_2_0_, enrolment0_.courseCode as col_3_0_, student1_.studentId as studentId4_0_, course2_.courseCode as courseCode1_1_, student1_.name_first as name2_4_0_, student1_.name_middle as name3_4_0_, student1_.name_last as name4_4_0_, student1_.preferredCourseCode as preferre5_4_0_, course2_.description as descript2_1_1_ from Enrolment enrolment0_ inner join Student student1_ on enrolment0_.studentId=student1_.studentId inner join Course course2_ on enrolment0_.courseCode=course2_.courseCode order by enrolment0_.studentId; parameters: ; named parameters: {}; transformer: org.hibernate.transform.CacheableResultTransformer@47bbf55f]
14:18:45,162 DEBUG SQL:104 - 
    select
        enrolment0_.studentId as col_0_0_,
        enrolment0_.semester as col_1_0_,
        enrolment0_."year" as col_2_0_,
        enrolment0_.courseCode as col_3_0_,
        student1_.studentId as studentId4_0_,
        course2_.courseCode as courseCode1_1_,
        student1_.name_first as name2_4_0_,
        student1_.name_middle as name3_4_0_,
        student1_.name_last as name4_4_0_,
        student1_.preferredCourseCode as preferre5_4_0_,
        course2_.description as descript2_1_1_ 
    from
        Enrolment enrolment0_ 
    inner join
        Student student1_ 
            on enrolment0_.studentId=student1_.studentId 
    inner join
        Course course2_ 
            on enrolment0_.courseCode=course2_.courseCode 
    order by
        enrolment0_.studentId
14:18:45,182 DEBUG SQL:104 - 
    select
        secretcode0_.studentNumber as studentN1_4_0_,
        secretcode0_.secretCode as secretCode5_0_,
        secretcode0_.i as i0_ 
    from
        Student_secretCodes secretcode0_ 
    where
        secretcode0_.studentNumber=?
14:18:45,183 DEBUG SQL:104 - 
    select
        coursemeet0_.courseCode as courseCode1_1_,
        coursemeet0_.courseCode as courseCode2_1_,
        coursemeet0_.day as day2_1_,
        coursemeet0_.period as period2_1_,
        coursemeet0_.location as location2_1_,
        coursemeet0_.courseCode as courseCode2_0_,
        coursemeet0_.day as day2_0_,
        coursemeet0_.period as period2_0_,
        coursemeet0_.location as location2_0_ 
    from
        CourseMeeting coursemeet0_ 
    where
        coursemeet0_.courseCode=?
14:18:45,185 DEBUG SQL:104 - 
    select
        secretcode0_.studentNumber as studentN1_4_0_,
        secretcode0_.secretCode as secretCode5_0_,
        secretcode0_.i as i0_ 
    from
        Student_secretCodes secretcode0_ 
    where
        secretcode0_.studentNumber=?
14:18:45,193 DEBUG BaseGeneralDataRegion:59 - Caching[foo.org.hibernate.cache.internal.StandardQueryCache] : [sql: select enrolment0_.studentId as col_0_0_, enrolment0_.semester as col_1_0_, enrolment0_."year" as col_2_0_, enrolment0_.courseCode as col_3_0_, student1_.studentId as studentId4_0_, course2_.courseCode as courseCode1_1_, student1_.name_first as name2_4_0_, student1_.name_middle as name3_4_0_, student1_.name_last as name4_4_0_, student1_.preferredCourseCode as preferre5_4_0_, course2_.description as descript2_1_1_ from Enrolment enrolment0_ inner join Student student1_ on enrolment0_.studentId=student1_.studentId inner join Course course2_ on enrolment0_.courseCode=course2_.courseCode order by enrolment0_.studentId; parameters: ; named parameters: {}; transformer: org.hibernate.transform.CacheableResultTransformer@47bbf55f] -> [[5579090842390528, [Ljava.io.Serializable;@efb7ad0, [Ljava.io.Serializable;@203bf55f]]
14:18:45,194 DEBUG BaseGeneralDataRegion:46 - Cache[foo.org.hibernate.cache.internal.StandardQueryCache] lookup : key[sql: select enrolment0_.studentId as col_0_0_, enrolment0_.semester as col_1_0_, enrolment0_."year" as col_2_0_, enrolment0_.courseCode as col_3_0_, student1_.studentId as studentId4_0_, course2_.courseCode as courseCode1_1_, student1_.name_first as name2_4_0_, student1_.name_middle as name3_4_0_, student1_.name_last as name4_4_0_, student1_.preferredCourseCode as preferre5_4_0_, course2_.description as descript2_1_1_ from Enrolment enrolment0_ inner join Student student1_ on enrolment0_.studentId=student1_.studentId inner join Course course2_ on enrolment0_.courseCode=course2_.courseCode order by enrolment0_.studentId; parameters: ; named parameters: {}; transformer: org.hibernate.transform.CacheableResultTransformer@47bbf55f]
14:18:45,194 DEBUG BaseGeneralDataRegion:52 - Cache[foo.org.hibernate.cache.internal.StandardQueryCache] hit: sql: select enrolment0_.studentId as col_0_0_, enrolment0_.semester as col_1_0_, enrolment0_."year" as col_2_0_, enrolment0_.courseCode as col_3_0_, student1_.studentId as studentId4_0_, course2_.courseCode as courseCode1_1_, student1_.name_first as name2_4_0_, student1_.name_middle as name3_4_0_, student1_.name_last as name4_4_0_, student1_.preferredCourseCode as preferre5_4_0_, course2_.description as descript2_1_1_ from Enrolment enrolment0_ inner join Student student1_ on enrolment0_.studentId=student1_.studentId inner join Course course2_ on enrolment0_.courseCode=course2_.courseCode order by enrolment0_.studentId; parameters: ; named parameters: {}; transformer: org.hibernate.transform.CacheableResultTransformer@47bbf55f
14:18:45,194 DEBUG BaseGeneralDataRegion:46 - Cache[foo.org.hibernate.cache.spi.UpdateTimestampsCache] lookup : key[Student]
14:18:45,194 DEBUG BaseGeneralDataRegion:52 - Cache[foo.org.hibernate.cache.spi.UpdateTimestampsCache] hit: Student
14:18:45,194 DEBUG BaseGeneralDataRegion:46 - Cache[foo.org.hibernate.cache.spi.UpdateTimestampsCache] lookup : key[Course]
14:18:45,194 DEBUG BaseGeneralDataRegion:52 - Cache[foo.org.hibernate.cache.spi.UpdateTimestampsCache] hit: Course
14:18:45,194 DEBUG BaseGeneralDataRegion:46 - Cache[foo.org.hibernate.cache.spi.UpdateTimestampsCache] lookup : key[Enrolment]
14:18:45,195 DEBUG BaseGeneralDataRegion:52 - Cache[foo.org.hibernate.cache.spi.UpdateTimestampsCache] hit: Enrolment
14:18:45,195 DEBUG SQL:104 - 
    select
        course0_.courseCode as courseCode1_0_,
        course0_.description as descript2_1_0_ 
    from
        Course course0_ 
    where
        course0_.courseCode=?
14:18:45,195 DEBUG SQL:104 - 
    select
        coursemeet0_.courseCode as courseCode1_1_,
        coursemeet0_.courseCode as courseCode2_1_,
        coursemeet0_.day as day2_1_,
        coursemeet0_.period as period2_1_,
        coursemeet0_.location as location2_1_,
        coursemeet0_.courseCode as courseCode2_0_,
        coursemeet0_.day as day2_0_,
        coursemeet0_.period as period2_0_,
        coursemeet0_.location as location2_0_ 
    from
        CourseMeeting coursemeet0_ 
    where
        coursemeet0_.courseCode=?
14:18:45,204 DEBUG SQL:104 - 
    select
        student_.studentId,
        student_.name_first as name2_4_,
        student_.name_middle as name3_4_,
        student_.name_last as name4_4_,
        student_.preferredCourseCode as preferre5_4_ 
    from
        Student student_ 
    where
        student_.studentId=?
14:18:45,204 DEBUG SQL:104 - 
    select
        enrolment_.studentId,
        enrolment_.courseCode,
        enrolment_.semester as semester3_,
        enrolment_."year" as year4_3_ 
    from
        Enrolment enrolment_ 
    where
        enrolment_.studentId=? 
        and enrolment_.courseCode=?
14:18:45,215 DEBUG SQL:104 - 
    select
        course_.courseCode,
        course_.description as descript2_1_ 
    from
        Course course_ 
    where
        course_.courseCode=?
14:18:45,215 DEBUG SQL:104 - 
    select
        student_.studentId,
        student_.name_first as name2_4_,
        student_.name_middle as name3_4_,
        student_.name_last as name4_4_,
        student_.preferredCourseCode as preferre5_4_ 
    from
        Student student_ 
    where
        student_.studentId=?
14:18:45,215 DEBUG SQL:104 - 
    select
        enrolment_.studentId,
        enrolment_.courseCode,
        enrolment_.semester as semester3_,
        enrolment_."year" as year4_3_ 
    from
        Enrolment enrolment_ 
    where
        enrolment_.studentId=? 
        and enrolment_.courseCode=?
14:18:45,225 DEBUG SQL:104 - 
    select
        coursemeet_.courseCode,
        coursemeet_.day,
        coursemeet_.period,
        coursemeet_.location 
    from
        CourseMeeting coursemeet_ 
    where
        coursemeet_.courseCode=? 
        and coursemeet_.day=? 
        and coursemeet_.period=? 
        and coursemeet_.location=?
14:18:45,225 DEBUG SQL:104 - 
    select
        coursemeet_.courseCode,
        coursemeet_.day,
        coursemeet_.period,
        coursemeet_.location 
    from
        CourseMeeting coursemeet_ 
    where
        coursemeet_.courseCode=? 
        and coursemeet_.day=? 
        and coursemeet_.period=? 
        and coursemeet_.location=?
14:18:45,226 DEBUG BaseGeneralDataRegion:59 - Caching[foo.org.hibernate.cache.spi.UpdateTimestampsCache] : [Enrolment] -> [5579091088285696]
14:18:45,226 DEBUG SQL:104 - 
    update
        Address 
    set
        studentNumber=null,
        addressType=null 
    where
        studentNumber=?
14:18:45,237 DEBUG BaseGeneralDataRegion:59 - Caching[foo.org.hibernate.cache.spi.UpdateTimestampsCache] : [Address] -> [5579091088330752]
14:18:45,238 DEBUG SQL:104 - 
    delete 
    from
        Student_secretCodes 
    where
        studentNumber=?
14:18:45,238 DEBUG BaseGeneralDataRegion:59 - Caching[foo.org.hibernate.cache.spi.UpdateTimestampsCache] : [Student_secretCodes] -> [5579091088334848]
14:18:45,239 DEBUG BaseGeneralDataRegion:59 - Caching[foo.org.hibernate.cache.spi.UpdateTimestampsCache] : [Enrolment] -> [5579091088338944]
14:18:45,239 DEBUG BaseGeneralDataRegion:59 - Caching[foo.org.hibernate.cache.spi.UpdateTimestampsCache] : [Address] -> [5579091088338945]
14:18:45,239 DEBUG SQL:104 - 
    delete 
    from
        Student_secretCodes 
    where
        studentNumber=?
14:18:45,239 DEBUG BaseGeneralDataRegion:59 - Caching[foo.org.hibernate.cache.spi.UpdateTimestampsCache] : [Student_secretCodes] -> [5579091088338946]
14:18:45,239 DEBUG BaseGeneralDataRegion:59 - Caching[foo.org.hibernate.cache.spi.UpdateTimestampsCache] : [CourseMeeting] -> [5579091088338947]
14:18:45,239 DEBUG SQL:104 - 
    delete 
    from
        Enrolment 
    where
        studentId=? 
        and courseCode=?
14:18:45,248 DEBUG BaseGeneralDataRegion:59 - Caching[foo.org.hibernate.cache.spi.UpdateTimestampsCache] : [Enrolment] -> [5579091088375808]
14:18:45,248 DEBUG SQL:104 - 
    delete 
    from
        Address 
    where
        id=?
14:18:45,249 DEBUG BaseGeneralDataRegion:59 - Caching[foo.org.hibernate.cache.spi.UpdateTimestampsCache] : [Address] -> [5579091088379904]
14:18:45,249 DEBUG SQL:104 - 
    delete 
    from
        Address 
    where
        id=?
14:18:45,249 DEBUG BaseGeneralDataRegion:59 - Caching[foo.org.hibernate.cache.spi.UpdateTimestampsCache] : [Address] -> [5579091088379905]
14:18:45,249 DEBUG SQL:104 - 
    delete 
    from
        Student 
    where
        studentId=?
14:18:45,249 DEBUG BaseGeneralDataRegion:59 - Caching[foo.org.hibernate.cache.spi.UpdateTimestampsCache] : [Student] -> [5579091088379906]
14:18:45,249 DEBUG SQL:104 - 
    delete 
    from
        Enrolment 
    where
        studentId=? 
        and courseCode=?
14:18:45,257 DEBUG BaseGeneralDataRegion:59 - Caching[foo.org.hibernate.cache.spi.UpdateTimestampsCache] : [Enrolment] -> [5579091088412672]
14:18:45,258 DEBUG SQL:104 - 
    delete 
    from
        Student 
    where
        studentId=?
14:18:45,258 DEBUG BaseGeneralDataRegion:59 - Caching[foo.org.hibernate.cache.spi.UpdateTimestampsCache] : [Student] -> [5579091088416768]
14:18:45,258 DEBUG SQL:104 - 
    delete 
    from
        CourseMeeting 
    where
        courseCode=? 
        and day=? 
        and period=? 
        and location=?
14:18:45,258 DEBUG BaseGeneralDataRegion:59 - Caching[foo.org.hibernate.cache.spi.UpdateTimestampsCache] : [CourseMeeting] -> [5579091088416769]
14:18:45,258 DEBUG SQL:104 - 
    delete 
    from
        CourseMeeting 
    where
        courseCode=? 
        and day=? 
        and period=? 
        and location=?
14:18:45,259 DEBUG BaseGeneralDataRegion:59 - Caching[foo.org.hibernate.cache.spi.UpdateTimestampsCache] : [CourseMeeting] -> [5579091088420864]
14:18:45,259 DEBUG SQL:104 - 
    delete 
    from
        Course 
    where
        courseCode=?
14:18:45,259 DEBUG BaseGeneralDataRegion:59 - Caching[foo.org.hibernate.cache.spi.UpdateTimestampsCache] : [Course] -> [5579091088420865]
14:18:45,259 DEBUG BaseGeneralDataRegion:59 - Caching[foo.org.hibernate.cache.spi.UpdateTimestampsCache] : [Student] -> [5579090842660866]
14:18:45,259 DEBUG BaseGeneralDataRegion:59 - Caching[foo.org.hibernate.cache.spi.UpdateTimestampsCache] : [Course] -> [5579090842660866]
14:18:45,259 DEBUG BaseGeneralDataRegion:59 - Caching[foo.org.hibernate.cache.spi.UpdateTimestampsCache] : [Enrolment] -> [5579090842660866]
14:18:45,259 DEBUG BaseGeneralDataRegion:59 - Caching[foo.org.hibernate.cache.spi.UpdateTimestampsCache] : [Student_secretCodes] -> [5579090842660866]
14:18:45,260 DEBUG BaseGeneralDataRegion:59 - Caching[foo.org.hibernate.cache.spi.UpdateTimestampsCache] : [Address] -> [5579090842660866]
14:18:45,260 DEBUG BaseGeneralDataRegion:59 - Caching[foo.org.hibernate.cache.spi.UpdateTimestampsCache] : [CourseMeeting] -> [5579090842660866]
14:18:45,260  INFO CustomRunner:139 - Test: testMultiEntityProjectionList
14:18:45,261 DEBUG SQL:104 - 
    select
        coursemeet_.courseCode,
        coursemeet_.day,
        coursemeet_.period,
        coursemeet_.location 
    from
        CourseMeeting coursemeet_ 
    where
        coursemeet_.courseCode=? 
        and coursemeet_.day=? 
        and coursemeet_.period=? 
        and coursemeet_.location=?
14:18:45,261 DEBUG SQL:104 - 
    select
        coursemeet_.courseCode,
        coursemeet_.day,
        coursemeet_.period,
        coursemeet_.location 
    from
        CourseMeeting coursemeet_ 
    where
        coursemeet_.courseCode=? 
        and coursemeet_.day=? 
        and coursemeet_.period=? 
        and coursemeet_.location=?
14:18:45,276 DEBUG SQL:104 - 
    insert 
    into
        Course
        (description, courseCode) 
    values
        (?, ?)
14:18:45,277 DEBUG BaseGeneralDataRegion:59 - Caching[foo.org.hibernate.cache.spi.UpdateTimestampsCache] : [Course] -> [5579091088494592]
14:18:45,277 DEBUG SQL:104 - 
    insert 
    into
        CourseMeeting
        (courseCode, day, period, location) 
    values
        (?, ?, ?, ?)
14:18:45,277 DEBUG BaseGeneralDataRegion:59 - Caching[foo.org.hibernate.cache.spi.UpdateTimestampsCache] : [CourseMeeting] -> [5579091088494593]
14:18:45,277 DEBUG SQL:104 - 
    insert 
    into
        CourseMeeting
        (courseCode, day, period, location) 
    values
        (?, ?, ?, ?)
14:18:45,287 DEBUG BaseGeneralDataRegion:59 - Caching[foo.org.hibernate.cache.spi.UpdateTimestampsCache] : [CourseMeeting] -> [5579091088535552]
14:18:45,287 DEBUG SQL:104 - 
    insert 
    into
        Student
        (name_first, name_middle, name_last, preferredCourseCode, studentId) 
    values
        (?, ?, ?, ?, ?)
14:18:45,287 DEBUG BaseGeneralDataRegion:59 - Caching[foo.org.hibernate.cache.spi.UpdateTimestampsCache] : [Student] -> [5579091088535553]
14:18:45,287 DEBUG SQL:104 - 
    insert 
    into
        Address
        (addressType, street, city, stateProvince, postalCode, country, studentNumber, id) 
    values
        (?, ?, ?, ?, ?, ?, ?, ?)
14:18:45,287 DEBUG BaseGeneralDataRegion:59 - Caching[foo.org.hibernate.cache.spi.UpdateTimestampsCache] : [Address] -> [5579091088535554]
14:18:45,288 DEBUG SQL:104 - 
    insert 
    into
        Address
        (addressType, street, city, stateProvince, postalCode, country, studentNumber, id) 
    values
        (?, ?, ?, ?, ?, ?, ?, ?)
14:18:45,288 DEBUG BaseGeneralDataRegion:59 - Caching[foo.org.hibernate.cache.spi.UpdateTimestampsCache] : [Address] -> [5579091088539648]
14:18:45,288 DEBUG SQL:104 - 
    insert 
    into
        Student
        (name_first, name_middle, name_last, preferredCourseCode, studentId) 
    values
        (?, ?, ?, ?, ?)
14:18:45,288 DEBUG BaseGeneralDataRegion:59 - Caching[foo.org.hibernate.cache.spi.UpdateTimestampsCache] : [Student] -> [5579091088539649]
14:18:45,288 DEBUG SQL:104 - 
    insert 
    into
        Enrolment
        (semester, "year", studentId, courseCode) 
    values
        (?, ?, ?, ?)
14:18:45,309 DEBUG BaseGeneralDataRegion:59 - Caching[foo.org.hibernate.cache.spi.UpdateTimestampsCache] : [Enrolment] -> [5579091088625664]
14:18:45,310 DEBUG SQL:104 - 
    insert 
    into
        Enrolment
        (semester, "year", studentId, courseCode) 
    values
        (?, ?, ?, ?)
14:18:45,310 DEBUG BaseGeneralDataRegion:59 - Caching[foo.org.hibernate.cache.spi.UpdateTimestampsCache] : [Enrolment] -> [5579091088629760]
14:18:45,310 DEBUG BaseGeneralDataRegion:59 - Caching[foo.org.hibernate.cache.spi.UpdateTimestampsCache] : [CourseMeeting] -> [5579091088629761]
14:18:45,310 DEBUG BaseGeneralDataRegion:59 - Caching[foo.org.hibernate.cache.spi.UpdateTimestampsCache] : [Enrolment] -> [5579091088629762]
14:18:45,310 DEBUG SQL:104 - 
    update
        Address 
    set
        studentNumber=?,
        addressType=? 
    where
        id=?
14:18:45,311 DEBUG SQL:104 - 
    update
        Address 
    set
        studentNumber=?,
        addressType=? 
    where
        id=?
14:18:45,318 DEBUG BaseGeneralDataRegion:59 - Caching[foo.org.hibernate.cache.spi.UpdateTimestampsCache] : [Address] -> [5579091088662528]
14:18:45,318 DEBUG SQL:104 - 
    insert 
    into
        Student_secretCodes
        (studentNumber, i, secretCode) 
    values
        (?, ?, ?)
14:18:45,318 DEBUG BaseGeneralDataRegion:59 - Caching[foo.org.hibernate.cache.spi.UpdateTimestampsCache] : [Student_secretCodes] -> [5579091088662529]
14:18:45,318 DEBUG BaseGeneralDataRegion:59 - Caching[foo.org.hibernate.cache.spi.UpdateTimestampsCache] : [Enrolment] -> [5579091088662530]
14:18:45,318 DEBUG BaseGeneralDataRegion:59 - Caching[foo.org.hibernate.cache.spi.UpdateTimestampsCache] : [Address] -> [5579091088662531]
14:18:45,319 DEBUG SQL:104 - 
    insert 
    into
        Student_secretCodes
        (studentNumber, i, secretCode) 
    values
        (?, ?, ?)
14:18:45,319 DEBUG SQL:104 - 
    insert 
    into
        Student_secretCodes
        (studentNumber, i, secretCode) 
    values
        (?, ?, ?)
14:18:45,319 DEBUG BaseGeneralDataRegion:59 - Caching[foo.org.hibernate.cache.spi.UpdateTimestampsCache] : [Student_secretCodes] -> [5579091088666624]
14:18:45,319 DEBUG BaseGeneralDataRegion:59 - Caching[foo.org.hibernate.cache.spi.UpdateTimestampsCache] : [Student] -> [5579090842906625]
14:18:45,319 DEBUG BaseGeneralDataRegion:59 - Caching[foo.org.hibernate.cache.spi.UpdateTimestampsCache] : [Course] -> [5579090842906625]
14:18:45,319 DEBUG BaseGeneralDataRegion:59 - Caching[foo.org.hibernate.cache.spi.UpdateTimestampsCache] : [Enrolment] -> [5579090842906625]
14:18:45,319 DEBUG BaseGeneralDataRegion:59 - Caching[foo.org.hibernate.cache.spi.UpdateTimestampsCache] : [Student_secretCodes] -> [5579090842906625]
14:18:45,328 DEBUG BaseGeneralDataRegion:59 - Caching[foo.org.hibernate.cache.spi.UpdateTimestampsCache] : [Address] -> [5579090842906625]
14:18:45,328 DEBUG BaseGeneralDataRegion:59 - Caching[foo.org.hibernate.cache.spi.UpdateTimestampsCache] : [CourseMeeting] -> [5579090842906625]
14:18:45,328 DEBUG QueryTranslatorImpl:265 - parse() - HQL: select e.student, e.semester, e.year, e.course from org.hibernate.test.querycache.Enrolment e order by e.studentNumber
14:18:45,330 DEBUG QueryTranslatorImpl:283 - --- HQL AST ---
 \-[QUERY] Node: 'query'
    +-[SELECT_FROM] Node: 'SELECT_FROM'
    |  +-[FROM] Node: 'from'
    |  |  \-[RANGE] Node: 'RANGE'
    |  |     +-[DOT] Node: '.'
    |  |     |  +-[DOT] Node: '.'
    |  |     |  |  +-[DOT] Node: '.'
    |  |     |  |  |  +-[DOT] Node: '.'
    |  |     |  |  |  |  +-[IDENT] Node: 'org'
    |  |     |  |  |  |  \-[IDENT] Node: 'hibernate'
    |  |     |  |  |  \-[IDENT] Node: 'test'
    |  |     |  |  \-[IDENT] Node: 'querycache'
    |  |     |  \-[IDENT] Node: 'Enrolment'
    |  |     \-[ALIAS] Node: 'e'
    |  \-[SELECT] Node: 'select'
    |     +-[DOT] Node: '.'
    |     |  +-[IDENT] Node: 'e'
    |     |  \-[IDENT] Node: 'student'
    |     +-[DOT] Node: '.'
    |     |  +-[IDENT] Node: 'e'
    |     |  \-[IDENT] Node: 'semester'
    |     +-[DOT] Node: '.'
    |     |  +-[IDENT] Node: 'e'
    |     |  \-[IDENT] Node: 'year'
    |     \-[DOT] Node: '.'
    |        +-[IDENT] Node: 'e'
    |        \-[IDENT] Node: 'course'
    \-[ORDER] Node: 'order'
       \-[DOT] Node: '.'
          +-[IDENT] Node: 'e'
          \-[IDENT] Node: 'studentNumber'

14:18:45,338 DEBUG ErrorCounter:82 - throwQueryException() : no errors
14:18:45,338 DEBUG FromElement:157 - FromClause{level=1} : org.hibernate.test.querycache.Enrolment (e) -> enrolment0_
14:18:45,338 DEBUG FromReferenceNode:74 - Resolved : e -> (enrolment0_.studentId, enrolment0_.courseCode)
14:18:45,338 DEBUG DotNode:599 - getDataType() : student -> org.hibernate.type.ManyToOneType(org.hibernate.test.querycache.Student)
14:18:45,339 DEBUG DotNode:389 - dereferenceEntityJoin() : generating join for student in org.hibernate.test.querycache.Enrolment (<no alias>) parent = [ {null} ]
14:18:45,339 DEBUG FromElement:157 - FromClause{level=1} : org.hibernate.test.querycache.Student (<no alias>) -> student1_
14:18:45,339 DEBUG FromClause:282 - addJoinByPathMap() : e.student -> FromElement{explicit,not a collection join,not a fetch join,fetch non-lazy properties,classAlias=null,role=null,tableName=Student,tableAlias=student1_,origin=Enrolment enrolment0_,columns={enrolment0_.studentId ,className=org.hibernate.test.querycache.Student}}
14:18:45,339 DEBUG FromReferenceNode:74 - Resolved : e.student -> enrolment0_.studentId
14:18:45,339 DEBUG FromReferenceNode:74 - Resolved : e -> (enrolment0_.studentId, enrolment0_.courseCode)
14:18:45,339 DEBUG DotNode:599 - getDataType() : semester -> org.hibernate.type.ShortType@491168d6
14:18:45,339 DEBUG FromReferenceNode:74 - Resolved : e.semester -> enrolment0_.semester
14:18:45,339 DEBUG FromReferenceNode:74 - Resolved : e -> (enrolment0_.studentId, enrolment0_.courseCode)
14:18:45,340 DEBUG DotNode:599 - getDataType() : year -> org.hibernate.type.ShortType@491168d6
14:18:45,340 DEBUG FromReferenceNode:74 - Resolved : e.year -> enrolment0_."year"
14:18:45,340 DEBUG FromReferenceNode:74 - Resolved : e -> (enrolment0_.studentId, enrolment0_.courseCode)
14:18:45,340 DEBUG DotNode:599 - getDataType() : course -> org.hibernate.type.ManyToOneType(org.hibernate.test.querycache.Course)
14:18:45,340 DEBUG DotNode:389 - dereferenceEntityJoin() : generating join for course in org.hibernate.test.querycache.Enrolment (<no alias>) parent = [ {null} ]
14:18:45,340 DEBUG FromElement:157 - FromClause{level=1} : org.hibernate.test.querycache.Course (<no alias>) -> course2_
14:18:45,340 DEBUG FromClause:282 - addJoinByPathMap() : e.course -> FromElement{explicit,not a collection join,not a fetch join,fetch non-lazy properties,classAlias=null,role=null,tableName=Course,tableAlias=course2_,origin=Enrolment enrolment0_,columns={enrolment0_.courseCode ,className=org.hibernate.test.querycache.Course}}
14:18:45,340 DEBUG FromReferenceNode:74 - Resolved : e.course -> enrolment0_.courseCode
14:18:45,341 DEBUG FromReferenceNode:74 - Resolved : e -> enrolment0_.studentId, enrolment0_.courseCode
14:18:45,341 DEBUG DotNode:599 - getDataType() : studentNumber -> org.hibernate.type.LongType@4bf3f9d
14:18:45,341 DEBUG FromReferenceNode:74 - Resolved : e.studentNumber -> enrolment0_.studentId
14:18:45,341 DEBUG HqlSqlWalker:629 - processQuery() :  ( SELECT ( {select clause} ( enrolment0_.studentId (enrolment0_.studentId, enrolment0_.courseCode) student ) ( enrolment0_.semester (enrolment0_.studentId, enrolment0_.courseCode) semester ) ( enrolment0_."year" (enrolment0_.studentId, enrolment0_.courseCode) year ) ( enrolment0_.courseCode (enrolment0_.studentId, enrolment0_.courseCode) course ) ) ( FromClause{level=1} ( Enrolment enrolment0_ Student student1_ Course course2_ ) ) ( order ( enrolment0_.studentId enrolment0_.studentId, enrolment0_.courseCode studentNumber ) ) )
14:18:45,341 DEBUG JoinProcessor:175 - Using FROM fragment [Enrolment enrolment0_]
14:18:45,341 DEBUG JoinProcessor:175 - Using FROM fragment [inner join Student student1_ on enrolment0_.studentId=student1_.studentId]
14:18:45,341 DEBUG JoinProcessor:175 - Using FROM fragment [inner join Course course2_ on enrolment0_.courseCode=course2_.courseCode]
14:18:45,342 DEBUG QueryTranslatorImpl:252 - --- SQL AST ---
 \-[SELECT] QueryNode: 'SELECT'  querySpaces (Student,Course,Enrolment)
    +-[SELECT_CLAUSE] SelectClause: '{select clause}'
    |  +-[DOT] DotNode: 'enrolment0_.studentId' {propertyName=student,dereferenceType=EOF,propertyPath=student,path=e.student,tableAlias=student1_,className=org.hibernate.test.querycache.Student,classAlias=null}
    |  |  +-[ALIAS_REF] IdentNode: '(enrolment0_.studentId, enrolment0_.courseCode)' {alias=e, className=org.hibernate.test.querycache.Enrolment, tableAlias=enrolment0_}
    |  |  \-[IDENT] IdentNode: 'student' {originalText=student}
    |  +-[SELECT_COLUMNS] SqlNode: ' as col_0_0_'
    |  +-[DOT] DotNode: 'enrolment0_.semester' {propertyName=semester,dereferenceType=ALL,propertyPath=semester,path=e.semester,tableAlias=enrolment0_,className=org.hibernate.test.querycache.Enrolment,classAlias=e}
    |  |  +-[ALIAS_REF] IdentNode: '(enrolment0_.studentId, enrolment0_.courseCode)' {alias=e, className=org.hibernate.test.querycache.Enrolment, tableAlias=enrolment0_}
    |  |  \-[IDENT] IdentNode: 'semester' {originalText=semester}
    |  +-[SELECT_COLUMNS] SqlNode: ' as col_1_0_'
    |  +-[DOT] DotNode: 'enrolment0_."year"' {propertyName=year,dereferenceType=ALL,propertyPath=year,path=e.year,tableAlias=enrolment0_,className=org.hibernate.test.querycache.Enrolment,classAlias=e}
    |  |  +-[ALIAS_REF] IdentNode: '(enrolment0_.studentId, enrolment0_.courseCode)' {alias=e, className=org.hibernate.test.querycache.Enrolment, tableAlias=enrolment0_}
    |  |  \-[IDENT] IdentNode: 'year' {originalText=year}
    |  +-[SELECT_COLUMNS] SqlNode: ' as col_2_0_'
    |  +-[DOT] DotNode: 'enrolment0_.courseCode' {propertyName=course,dereferenceType=EOF,propertyPath=course,path=e.course,tableAlias=course2_,className=org.hibernate.test.querycache.Course,classAlias=null}
    |  |  +-[ALIAS_REF] IdentNode: '(enrolment0_.studentId, enrolment0_.courseCode)' {alias=e, className=org.hibernate.test.querycache.Enrolment, tableAlias=enrolment0_}
    |  |  \-[IDENT] IdentNode: 'course' {originalText=course}
    |  +-[SELECT_COLUMNS] SqlNode: ' as col_3_0_'
    |  +-[SQL_TOKEN] SqlFragment: 'student1_.studentId as studentId4_0_'
    |  +-[SQL_TOKEN] SqlFragment: 'course2_.courseCode as courseCode1_1_'
    |  +-[SQL_TOKEN] SqlFragment: 'student1_.name_first as name2_4_0_, student1_.name_middle as name3_4_0_, student1_.name_last as name4_4_0_, student1_.preferredCourseCode as preferre5_4_0_'
    |  \-[SQL_TOKEN] SqlFragment: 'course2_.description as descript2_1_1_'
    +-[FROM] FromClause: 'from' FromClause{level=1, fromElementCounter=3, fromElements=3, fromElementByClassAlias=[e], fromElementByTableAlias=[student1_, enrolment0_, course2_], fromElementsByPath=[e.course, e.student], collectionJoinFromElementsByPath=[], impliedElements=[]}
    |  \-[FROM_FRAGMENT] FromElement: 'Enrolment enrolment0_' FromElement{explicit,not a collection join,not a fetch join,fetch non-lazy properties,classAlias=e,role=null,tableName=Enrolment,tableAlias=enrolment0_,origin=null,columns={,className=org.hibernate.test.querycache.Enrolment}}
    |     +-[JOIN_FRAGMENT] FromElement: 'inner join Student student1_ on enrolment0_.studentId=student1_.studentId' FromElement{explicit,not a collection join,not a fetch join,fetch non-lazy properties,classAlias=null,role=null,tableName=Student,tableAlias=student1_,origin=Enrolment enrolment0_,columns={enrolment0_.studentId ,className=org.hibernate.test.querycache.Student}}
    |     \-[JOIN_FRAGMENT] FromElement: 'inner join Course course2_ on enrolment0_.courseCode=course2_.courseCode' FromElement{explicit,not a collection join,not a fetch join,fetch non-lazy properties,classAlias=null,role=null,tableName=Course,tableAlias=course2_,origin=Enrolment enrolment0_,columns={enrolment0_.courseCode ,className=org.hibernate.test.querycache.Course}}
    \-[ORDER] OrderByClause: 'order'
       \-[DOT] DotNode: 'enrolment0_.studentId' {propertyName=studentNumber,dereferenceType=ALL,propertyPath=studentNumber,path=e.studentNumber,tableAlias=enrolment0_,className=org.hibernate.test.querycache.Enrolment,classAlias=e}
          +-[ALIAS_REF] IdentNode: 'enrolment0_.studentId, enrolment0_.courseCode' {alias=e, className=org.hibernate.test.querycache.Enrolment, tableAlias=enrolment0_}
          \-[IDENT] IdentNode: 'studentNumber' {originalText=studentNumber}

14:18:45,342 DEBUG ErrorCounter:82 - throwQueryException() : no errors
14:18:45,342 DEBUG QueryTranslatorImpl:235 - HQL: select e.student, e.semester, e.year, e.course from org.hibernate.test.querycache.Enrolment e order by e.studentNumber
14:18:45,342 DEBUG QueryTranslatorImpl:236 - SQL: select enrolment0_.studentId as col_0_0_, enrolment0_.semester as col_1_0_, enrolment0_."year" as col_2_0_, enrolment0_.courseCode as col_3_0_, student1_.studentId as studentId4_0_, course2_.courseCode as courseCode1_1_, student1_.name_first as name2_4_0_, student1_.name_middle as name3_4_0_, student1_.name_last as name4_4_0_, student1_.preferredCourseCode as preferre5_4_0_, course2_.description as descript2_1_1_ from Enrolment enrolment0_ inner join Student student1_ on enrolment0_.studentId=student1_.studentId inner join Course course2_ on enrolment0_.courseCode=course2_.courseCode order by enrolment0_.studentId
14:18:45,342 DEBUG ErrorCounter:82 - throwQueryException() : no errors
14:18:45,343 DEBUG BaseGeneralDataRegion:46 - Cache[foo.org.hibernate.cache.internal.StandardQueryCache] lookup : key[sql: select enrolment0_.studentId as col_0_0_, enrolment0_.semester as col_1_0_, enrolment0_."year" as col_2_0_, enrolment0_.courseCode as col_3_0_, student1_.studentId as studentId4_0_, course2_.courseCode as courseCode1_1_, student1_.name_first as name2_4_0_, student1_.name_middle as name3_4_0_, student1_.name_last as name4_4_0_, student1_.preferredCourseCode as preferre5_4_0_, course2_.description as descript2_1_1_ from Enrolment enrolment0_ inner join Student student1_ on enrolment0_.studentId=student1_.studentId inner join Course course2_ on enrolment0_.courseCode=course2_.courseCode order by enrolment0_.studentId; parameters: ; named parameters: {}; transformer: org.hibernate.transform.CacheableResultTransformer@47bbf55f]
14:18:45,343 DEBUG BaseGeneralDataRegion:52 - Cache[foo.org.hibernate.cache.internal.StandardQueryCache] hit: sql: select enrolment0_.studentId as col_0_0_, enrolment0_.semester as col_1_0_, enrolment0_."year" as col_2_0_, enrolment0_.courseCode as col_3_0_, student1_.studentId as studentId4_0_, course2_.courseCode as courseCode1_1_, student1_.name_first as name2_4_0_, student1_.name_middle as name3_4_0_, student1_.name_last as name4_4_0_, student1_.preferredCourseCode as preferre5_4_0_, course2_.description as descript2_1_1_ from Enrolment enrolment0_ inner join Student student1_ on enrolment0_.studentId=student1_.studentId inner join Course course2_ on enrolment0_.courseCode=course2_.courseCode order by enrolment0_.studentId; parameters: ; named parameters: {}; transformer: org.hibernate.transform.CacheableResultTransformer@47bbf55f
14:18:45,343 DEBUG BaseGeneralDataRegion:46 - Cache[foo.org.hibernate.cache.spi.UpdateTimestampsCache] lookup : key[Student]
14:18:45,343 DEBUG BaseGeneralDataRegion:52 - Cache[foo.org.hibernate.cache.spi.UpdateTimestampsCache] hit: Student
14:18:45,343 DEBUG SQL:104 - 
    select
        enrolment0_.studentId as col_0_0_,
        enrolment0_.semester as col_1_0_,
        enrolment0_."year" as col_2_0_,
        enrolment0_.courseCode as col_3_0_,
        student1_.studentId as studentId4_0_,
        course2_.courseCode as courseCode1_1_,
        student1_.name_first as name2_4_0_,
        student1_.name_middle as name3_4_0_,
        student1_.name_last as name4_4_0_,
        student1_.preferredCourseCode as preferre5_4_0_,
        course2_.description as descript2_1_1_ 
    from
        Enrolment enrolment0_ 
    inner join
        Student student1_ 
            on enrolment0_.studentId=student1_.studentId 
    inner join
        Course course2_ 
            on enrolment0_.courseCode=course2_.courseCode 
    order by
        enrolment0_.studentId
14:18:45,363 DEBUG SQL:104 - 
    select
        secretcode0_.studentNumber as studentN1_4_0_,
        secretcode0_.secretCode as secretCode5_0_,
        secretcode0_.i as i0_ 
    from
        Student_secretCodes secretcode0_ 
    where
        secretcode0_.studentNumber=?
14:18:45,373 DEBUG SQL:104 - 
    select
        coursemeet0_.courseCode as courseCode1_1_,
        coursemeet0_.courseCode as courseCode2_1_,
        coursemeet0_.day as day2_1_,
        coursemeet0_.period as period2_1_,
        coursemeet0_.location as location2_1_,
        coursemeet0_.courseCode as courseCode2_0_,
        coursemeet0_.day as day2_0_,
        coursemeet0_.period as period2_0_,
        coursemeet0_.location as location2_0_ 
    from
        CourseMeeting coursemeet0_ 
    where
        coursemeet0_.courseCode=?
14:18:45,374 DEBUG SQL:104 - 
    select
        secretcode0_.studentNumber as studentN1_4_0_,
        secretcode0_.secretCode as secretCode5_0_,
        secretcode0_.i as i0_ 
    from
        Student_secretCodes secretcode0_ 
    where
        secretcode0_.studentNumber=?
14:18:45,374 DEBUG BaseGeneralDataRegion:59 - Caching[foo.org.hibernate.cache.internal.StandardQueryCache] : [sql: select enrolment0_.studentId as col_0_0_, enrolment0_.semester as col_1_0_, enrolment0_."year" as col_2_0_, enrolment0_.courseCode as col_3_0_, student1_.studentId as studentId4_0_, course2_.courseCode as courseCode1_1_, student1_.name_first as name2_4_0_, student1_.name_middle as name3_4_0_, student1_.name_last as name4_4_0_, student1_.preferredCourseCode as preferre5_4_0_, course2_.description as descript2_1_1_ from Enrolment enrolment0_ inner join Student student1_ on enrolment0_.studentId=student1_.studentId inner join Course course2_ on enrolment0_.courseCode=course2_.courseCode order by enrolment0_.studentId; parameters: ; named parameters: {}; transformer: org.hibernate.transform.CacheableResultTransformer@47bbf55f] -> [[5579090843131904, [Ljava.io.Serializable;@7ab4a822, [Ljava.io.Serializable;@6a8a8f1d]]
14:18:45,375 DEBUG BaseGeneralDataRegion:46 - Cache[foo.org.hibernate.cache.internal.StandardQueryCache] lookup : key[sql: select enrolment0_.studentId as col_0_0_, enrolment0_.semester as col_1_0_, enrolment0_."year" as col_2_0_, enrolment0_.courseCode as col_3_0_, student1_.studentId as studentId4_0_, course2_.courseCode as courseCode1_1_, student1_.name_first as name2_4_0_, student1_.name_middle as name3_4_0_, student1_.name_last as name4_4_0_, student1_.preferredCourseCode as preferre5_4_0_, course2_.description as descript2_1_1_ from Enrolment enrolment0_ inner join Student student1_ on enrolment0_.studentId=student1_.studentId inner join Course course2_ on enrolment0_.courseCode=course2_.courseCode order by enrolment0_.studentId; parameters: ; named parameters: {}; transformer: org.hibernate.transform.CacheableResultTransformer@47bbf55f]
14:18:45,375 DEBUG BaseGeneralDataRegion:52 - Cache[foo.org.hibernate.cache.internal.StandardQueryCache] hit: sql: select enrolment0_.studentId as col_0_0_, enrolment0_.semester as col_1_0_, enrolment0_."year" as col_2_0_, enrolment0_.courseCode as col_3_0_, student1_.studentId as studentId4_0_, course2_.courseCode as courseCode1_1_, student1_.name_first as name2_4_0_, student1_.name_middle as name3_4_0_, student1_.name_last as name4_4_0_, student1_.preferredCourseCode as preferre5_4_0_, course2_.description as descript2_1_1_ from Enrolment enrolment0_ inner join Student student1_ on enrolment0_.studentId=student1_.studentId inner join Course course2_ on enrolment0_.courseCode=course2_.courseCode order by enrolment0_.studentId; parameters: ; named parameters: {}; transformer: org.hibernate.transform.CacheableResultTransformer@47bbf55f
14:18:45,375 DEBUG BaseGeneralDataRegion:46 - Cache[foo.org.hibernate.cache.spi.UpdateTimestampsCache] lookup : key[Student]
14:18:45,382 DEBUG BaseGeneralDataRegion:52 - Cache[foo.org.hibernate.cache.spi.UpdateTimestampsCache] hit: Student
14:18:45,383 DEBUG BaseGeneralDataRegion:46 - Cache[foo.org.hibernate.cache.spi.UpdateTimestampsCache] lookup : key[Course]
14:18:45,383 DEBUG BaseGeneralDataRegion:52 - Cache[foo.org.hibernate.cache.spi.UpdateTimestampsCache] hit: Course
14:18:45,383 DEBUG BaseGeneralDataRegion:46 - Cache[foo.org.hibernate.cache.spi.UpdateTimestampsCache] lookup : key[Enrolment]
14:18:45,383 DEBUG BaseGeneralDataRegion:52 - Cache[foo.org.hibernate.cache.spi.UpdateTimestampsCache] hit: Enrolment
14:18:45,383 DEBUG SQL:104 - 
    select
        course0_.courseCode as courseCode1_0_,
        course0_.description as descript2_1_0_ 
    from
        Course course0_ 
    where
        course0_.courseCode=?
14:18:45,384 DEBUG SQL:104 - 
    select
        coursemeet0_.courseCode as courseCode1_1_,
        coursemeet0_.courseCode as courseCode2_1_,
        coursemeet0_.day as day2_1_,
        coursemeet0_.period as period2_1_,
        coursemeet0_.location as location2_1_,
        coursemeet0_.courseCode as courseCode2_0_,
        coursemeet0_.day as day2_0_,
        coursemeet0_.period as period2_0_,
        coursemeet0_.location as location2_0_ 
    from
        CourseMeeting coursemeet0_ 
    where
        coursemeet0_.courseCode=?
14:18:45,385 DEBUG SQL:104 - 
    select
        student_.studentId,
        student_.name_first as name2_4_,
        student_.name_middle as name3_4_,
        student_.name_last as name4_4_,
        student_.preferredCourseCode as preferre5_4_ 
    from
        Student student_ 
    where
        student_.studentId=?
14:18:45,385 DEBUG SQL:104 - 
    select
        enrolment_.studentId,
        enrolment_.courseCode,
        enrolment_.semester as semester3_,
        enrolment_."year" as year4_3_ 
    from
        Enrolment enrolment_ 
    where
        enrolment_.studentId=? 
        and enrolment_.courseCode=?
14:18:45,385 DEBUG SQL:104 - 
    select
        course_.courseCode,
        course_.description as descript2_1_ 
    from
        Course course_ 
    where
        course_.courseCode=?
14:18:45,385 DEBUG SQL:104 - 
    select
        student_.studentId,
        student_.name_first as name2_4_,
        student_.name_middle as name3_4_,
        student_.name_last as name4_4_,
        student_.preferredCourseCode as preferre5_4_ 
    from
        Student student_ 
    where
        student_.studentId=?
14:18:45,397 DEBUG SQL:104 - 
    select
        enrolment_.studentId,
        enrolment_.courseCode,
        enrolment_.semester as semester3_,
        enrolment_."year" as year4_3_ 
    from
        Enrolment enrolment_ 
    where
        enrolment_.studentId=? 
        and enrolment_.courseCode=?
14:18:45,398 DEBUG SQL:104 - 
    select
        coursemeet_.courseCode,
        coursemeet_.day,
        coursemeet_.period,
        coursemeet_.location 
    from
        CourseMeeting coursemeet_ 
    where
        coursemeet_.courseCode=? 
        and coursemeet_.day=? 
        and coursemeet_.period=? 
        and coursemeet_.location=?
14:18:45,408 DEBUG SQL:104 - 
    select
        coursemeet_.courseCode,
        coursemeet_.day,
        coursemeet_.period,
        coursemeet_.location 
    from
        CourseMeeting coursemeet_ 
    where
        coursemeet_.courseCode=? 
        and coursemeet_.day=? 
        and coursemeet_.period=? 
        and coursemeet_.location=?
14:18:45,409 DEBUG BaseGeneralDataRegion:59 - Caching[foo.org.hibernate.cache.spi.UpdateTimestampsCache] : [Enrolment] -> [5579091089035264]
14:18:45,409 DEBUG SQL:104 - 
    update
        Address 
    set
        studentNumber=null,
        addressType=null 
    where
        studentNumber=?
14:18:45,410 DEBUG BaseGeneralDataRegion:59 - Caching[foo.org.hibernate.cache.spi.UpdateTimestampsCache] : [Address] -> [5579091089039360]
14:18:45,410 DEBUG SQL:104 - 
    delete 
    from
        Student_secretCodes 
    where
        studentNumber=?
14:18:45,410 DEBUG BaseGeneralDataRegion:59 - Caching[foo.org.hibernate.cache.spi.UpdateTimestampsCache] : [Student_secretCodes] -> [5579091089039361]
14:18:45,410 DEBUG BaseGeneralDataRegion:59 - Caching[foo.org.hibernate.cache.spi.UpdateTimestampsCache] : [Enrolment] -> [5579091089039362]
14:18:45,410 DEBUG BaseGeneralDataRegion:59 - Caching[foo.org.hibernate.cache.spi.UpdateTimestampsCache] : [Address] -> [5579091089039363]
14:18:45,410 DEBUG SQL:104 - 
    delete 
    from
        Student_secretCodes 
    where
        studentNumber=?
14:18:45,410 DEBUG BaseGeneralDataRegion:59 - Caching[foo.org.hibernate.cache.spi.UpdateTimestampsCache] : [Student_secretCodes] -> [5579091089039364]
14:18:45,410 DEBUG BaseGeneralDataRegion:59 - Caching[foo.org.hibernate.cache.spi.UpdateTimestampsCache] : [CourseMeeting] -> [5579091089039365]
14:18:45,411 DEBUG SQL:104 - 
    delete 
    from
        Enrolment 
    where
        studentId=? 
        and courseCode=?
14:18:45,430 DEBUG BaseGeneralDataRegion:59 - Caching[foo.org.hibernate.cache.spi.UpdateTimestampsCache] : [Enrolment] -> [5579091089121280]
14:18:45,431 DEBUG SQL:104 - 
    delete 
    from
        Address 
    where
        id=?
14:18:45,431 DEBUG BaseGeneralDataRegion:59 - Caching[foo.org.hibernate.cache.spi.UpdateTimestampsCache] : [Address] -> [5579091089125376]
14:18:45,431 DEBUG SQL:104 - 
    delete 
    from
        Address 
    where
        id=?
14:18:45,431 DEBUG BaseGeneralDataRegion:59 - Caching[foo.org.hibernate.cache.spi.UpdateTimestampsCache] : [Address] -> [5579091089125377]
14:18:45,431 DEBUG SQL:104 - 
    delete 
    from
        Student 
    where
        studentId=?
14:18:45,432 DEBUG BaseGeneralDataRegion:59 - Caching[foo.org.hibernate.cache.spi.UpdateTimestampsCache] : [Student] -> [5579091089129472]
14:18:45,432 DEBUG SQL:104 - 
    delete 
    from
        Enrolment 
    where
        studentId=? 
        and courseCode=?
14:18:45,441 DEBUG BaseGeneralDataRegion:59 - Caching[foo.org.hibernate.cache.spi.UpdateTimestampsCache] : [Enrolment] -> [5579091089166336]
14:18:45,441 DEBUG SQL:104 - 
    delete 
    from
        Student 
    where
        studentId=?
14:18:45,441 DEBUG BaseGeneralDataRegion:59 - Caching[foo.org.hibernate.cache.spi.UpdateTimestampsCache] : [Student] -> [5579091089166337]
14:18:45,441 DEBUG SQL:104 - 
    delete 
    from
        CourseMeeting 
    where
        courseCode=? 
        and day=? 
        and period=? 
        and location=?
14:18:45,442 DEBUG BaseGeneralDataRegion:59 - Caching[foo.org.hibernate.cache.spi.UpdateTimestampsCache] : [CourseMeeting] -> [5579091089170432]
14:18:45,442 DEBUG SQL:104 - 
    delete 
    from
        CourseMeeting 
    where
        courseCode=? 
        and day=? 
        and period=? 
        and location=?
14:18:45,452 DEBUG BaseGeneralDataRegion:59 - Caching[foo.org.hibernate.cache.spi.UpdateTimestampsCache] : [CourseMeeting] -> [5579091089211392]
14:18:45,452 DEBUG SQL:104 - 
    delete 
    from
        Course 
    where
        courseCode=?
14:18:45,452 DEBUG BaseGeneralDataRegion:59 - Caching[foo.org.hibernate.cache.spi.UpdateTimestampsCache] : [Course] -> [5579091089211393]
14:18:45,453 DEBUG BaseGeneralDataRegion:59 - Caching[foo.org.hibernate.cache.spi.UpdateTimestampsCache] : [Student] -> [5579090843455488]
14:18:45,453 DEBUG BaseGeneralDataRegion:59 - Caching[foo.org.hibernate.cache.spi.UpdateTimestampsCache] : [Course] -> [5579090843455488]
14:18:45,453 DEBUG BaseGeneralDataRegion:59 - Caching[foo.org.hibernate.cache.spi.UpdateTimestampsCache] : [Enrolment] -> [5579090843455488]
14:18:45,453 DEBUG BaseGeneralDataRegion:59 - Caching[foo.org.hibernate.cache.spi.UpdateTimestampsCache] : [Student_secretCodes] -> [5579090843455488]
14:18:45,453 DEBUG BaseGeneralDataRegion:59 - Caching[foo.org.hibernate.cache.spi.UpdateTimestampsCache] : [Address] -> [5579090843455488]
14:18:45,453 DEBUG BaseGeneralDataRegion:59 - Caching[foo.org.hibernate.cache.spi.UpdateTimestampsCache] : [CourseMeeting] -> [5579090843455488]
14:18:45,453  INFO CustomRunner:139 - Test: testMultiEntityProjectionUnique
14:18:45,454 DEBUG SQL:104 - 
    select
        coursemeet_.courseCode,
        coursemeet_.day,
        coursemeet_.period,
        coursemeet_.location 
    from
        CourseMeeting coursemeet_ 
    where
        coursemeet_.courseCode=? 
        and coursemeet_.day=? 
        and coursemeet_.period=? 
        and coursemeet_.location=?
14:18:45,463 DEBUG SQL:104 - 
    select
        coursemeet_.courseCode,
        coursemeet_.day,
        coursemeet_.period,
        coursemeet_.location 
    from
        CourseMeeting coursemeet_ 
    where
        coursemeet_.courseCode=? 
        and coursemeet_.day=? 
        and coursemeet_.period=? 
        and coursemeet_.location=?
14:18:45,464 DEBUG SQL:104 - 
    insert 
    into
        Course
        (description, courseCode) 
    values
        (?, ?)
14:18:45,464 DEBUG BaseGeneralDataRegion:59 - Caching[foo.org.hibernate.cache.spi.UpdateTimestampsCache] : [Course] -> [5579091089260544]
14:18:45,465 DEBUG SQL:104 - 
    insert 
    into
        CourseMeeting
        (courseCode, day, period, location) 
    values
        (?, ?, ?, ?)
14:18:45,473 DEBUG BaseGeneralDataRegion:59 - Caching[foo.org.hibernate.cache.spi.UpdateTimestampsCache] : [CourseMeeting] -> [5579091089297408]
14:18:45,474 DEBUG SQL:104 - 
    insert 
    into
        CourseMeeting
        (courseCode, day, period, location) 
    values
        (?, ?, ?, ?)
14:18:45,474 DEBUG BaseGeneralDataRegion:59 - Caching[foo.org.hibernate.cache.spi.UpdateTimestampsCache] : [CourseMeeting] -> [5579091089301504]
14:18:45,474 DEBUG SQL:104 - 
    insert 
    into
        Student
        (name_first, name_middle, name_last, preferredCourseCode, studentId) 
    values
        (?, ?, ?, ?, ?)
14:18:45,474 DEBUG BaseGeneralDataRegion:59 - Caching[foo.org.hibernate.cache.spi.UpdateTimestampsCache] : [Student] -> [5579091089301505]
14:18:45,474 DEBUG SQL:104 - 
    insert 
    into
        Address
        (addressType, street, city, stateProvince, postalCode, country, studentNumber, id) 
    values
        (?, ?, ?, ?, ?, ?, ?, ?)
14:18:45,483 DEBUG BaseGeneralDataRegion:59 - Caching[foo.org.hibernate.cache.spi.UpdateTimestampsCache] : [Address] -> [5579091089338368]
14:18:45,483 DEBUG SQL:104 - 
    insert 
    into
        Address
        (addressType, street, city, stateProvince, postalCode, country, studentNumber, id) 
    values
        (?, ?, ?, ?, ?, ?, ?, ?)
14:18:45,484 DEBUG BaseGeneralDataRegion:59 - Caching[foo.org.hibernate.cache.spi.UpdateTimestampsCache] : [Address] -> [5579091089342464]
14:18:45,484 DEBUG SQL:104 - 
    insert 
    into
        Student
        (name_first, name_middle, name_last, preferredCourseCode, studentId) 
    values
        (?, ?, ?, ?, ?)
14:18:45,484 DEBUG BaseGeneralDataRegion:59 - Caching[foo.org.hibernate.cache.spi.UpdateTimestampsCache] : [Student] -> [5579091089342465]
14:18:45,484 DEBUG SQL:104 - 
    insert 
    into
        Enrolment
        (semester, "year", studentId, courseCode) 
    values
        (?, ?, ?, ?)
14:18:45,484 DEBUG BaseGeneralDataRegion:59 - Caching[foo.org.hibernate.cache.spi.UpdateTimestampsCache] : [Enrolment] -> [5579091089342466]
14:18:45,484 DEBUG SQL:104 - 
    insert 
    into
        Enrolment
        (semester, "year", studentId, courseCode) 
    values
        (?, ?, ?, ?)
14:18:45,492 DEBUG BaseGeneralDataRegion:59 - Caching[foo.org.hibernate.cache.spi.UpdateTimestampsCache] : [Enrolment] -> [5579091089375232]
14:18:45,492 DEBUG BaseGeneralDataRegion:59 - Caching[foo.org.hibernate.cache.spi.UpdateTimestampsCache] : [CourseMeeting] -> [5579091089375233]
14:18:45,492 DEBUG BaseGeneralDataRegion:59 - Caching[foo.org.hibernate.cache.spi.UpdateTimestampsCache] : [Enrolment] -> [5579091089375234]
14:18:45,492 DEBUG SQL:104 - 
    update
        Address 
    set
        studentNumber=?,
        addressType=? 
    where
        id=?
14:18:45,493 DEBUG SQL:104 - 
    update
        Address 
    set
        studentNumber=?,
        addressType=? 
    where
        id=?
14:18:45,493 DEBUG BaseGeneralDataRegion:59 - Caching[foo.org.hibernate.cache.spi.UpdateTimestampsCache] : [Address] -> [5579091089379328]
14:18:45,493 DEBUG SQL:104 - 
    insert 
    into
        Student_secretCodes
        (studentNumber, i, secretCode) 
    values
        (?, ?, ?)
14:18:45,503 DEBUG BaseGeneralDataRegion:59 - Caching[foo.org.hibernate.cache.spi.UpdateTimestampsCache] : [Student_secretCodes] -> [5579091089420288]
14:18:45,503 DEBUG BaseGeneralDataRegion:59 - Caching[foo.org.hibernate.cache.spi.UpdateTimestampsCache] : [Enrolment] -> [5579091089420289]
14:18:45,503 DEBUG BaseGeneralDataRegion:59 - Caching[foo.org.hibernate.cache.spi.UpdateTimestampsCache] : [Address] -> [5579091089420290]
14:18:45,503 DEBUG SQL:104 - 
    insert 
    into
        Student_secretCodes
        (studentNumber, i, secretCode) 
    values
        (?, ?, ?)
14:18:45,504 DEBUG SQL:104 - 
    insert 
    into
        Student_secretCodes
        (studentNumber, i, secretCode) 
    values
        (?, ?, ?)
14:18:45,504 DEBUG BaseGeneralDataRegion:59 - Caching[foo.org.hibernate.cache.spi.UpdateTimestampsCache] : [Student_secretCodes] -> [5579091089424384]
14:18:45,504 DEBUG BaseGeneralDataRegion:59 - Caching[foo.org.hibernate.cache.spi.UpdateTimestampsCache] : [Student] -> [5579090843664385]
14:18:45,504 DEBUG BaseGeneralDataRegion:59 - Caching[foo.org.hibernate.cache.spi.UpdateTimestampsCache] : [Course] -> [5579090843664385]
14:18:45,504 DEBUG BaseGeneralDataRegion:59 - Caching[foo.org.hibernate.cache.spi.UpdateTimestampsCache] : [Enrolment] -> [5579090843664385]
14:18:45,504 DEBUG BaseGeneralDataRegion:59 - Caching[foo.org.hibernate.cache.spi.UpdateTimestampsCache] : [Student_secretCodes] -> [5579090843664385]
14:18:45,504 DEBUG BaseGeneralDataRegion:59 - Caching[foo.org.hibernate.cache.spi.UpdateTimestampsCache] : [Address] -> [5579090843664385]
14:18:45,504 DEBUG BaseGeneralDataRegion:59 - Caching[foo.org.hibernate.cache.spi.UpdateTimestampsCache] : [CourseMeeting] -> [5579090843664385]
14:18:45,505 DEBUG QueryTranslatorImpl:265 - parse() - HQL: select e.student, e.semester, e.year, e.course from org.hibernate.test.querycache.Enrolment e  where e.studentNumber = :studentNumber
14:18:45,507 DEBUG QueryTranslatorImpl:283 - --- HQL AST ---
 \-[QUERY] Node: 'query'
    +-[SELECT_FROM] Node: 'SELECT_FROM'
    |  +-[FROM] Node: 'from'
    |  |  \-[RANGE] Node: 'RANGE'
    |  |     +-[DOT] Node: '.'
    |  |     |  +-[DOT] Node: '.'
    |  |     |  |  +-[DOT] Node: '.'
    |  |     |  |  |  +-[DOT] Node: '.'
    |  |     |  |  |  |  +-[IDENT] Node: 'org'
    |  |     |  |  |  |  \-[IDENT] Node: 'hibernate'
    |  |     |  |  |  \-[IDENT] Node: 'test'
    |  |     |  |  \-[IDENT] Node: 'querycache'
    |  |     |  \-[IDENT] Node: 'Enrolment'
    |  |     \-[ALIAS] Node: 'e'
    |  \-[SELECT] Node: 'select'
    |     +-[DOT] Node: '.'
    |     |  +-[IDENT] Node: 'e'
    |     |  \-[IDENT] Node: 'student'
    |     +-[DOT] Node: '.'
    |     |  +-[IDENT] Node: 'e'
    |     |  \-[IDENT] Node: 'semester'
    |     +-[DOT] Node: '.'
    |     |  +-[IDENT] Node: 'e'
    |     |  \-[IDENT] Node: 'year'
    |     \-[DOT] Node: '.'
    |        +-[IDENT] Node: 'e'
    |        \-[IDENT] Node: 'course'
    \-[WHERE] Node: 'where'
       \-[EQ] Node: '='
          +-[DOT] Node: '.'
          |  +-[IDENT] Node: 'e'
          |  \-[IDENT] Node: 'studentNumber'
          \-[COLON] Node: ':'
             \-[IDENT] Node: 'studentNumber'

14:18:45,524 DEBUG ErrorCounter:82 - throwQueryException() : no errors
14:18:45,524 DEBUG FromElement:157 - FromClause{level=1} : org.hibernate.test.querycache.Enrolment (e) -> enrolment0_
14:18:45,525 DEBUG FromReferenceNode:74 - Resolved : e -> (enrolment0_.studentId, enrolment0_.courseCode)
14:18:45,525 DEBUG DotNode:599 - getDataType() : student -> org.hibernate.type.ManyToOneType(org.hibernate.test.querycache.Student)
14:18:45,525 DEBUG DotNode:389 - dereferenceEntityJoin() : generating join for student in org.hibernate.test.querycache.Enrolment (<no alias>) parent = [ {null} ]
14:18:45,525 DEBUG FromElement:157 - FromClause{level=1} : org.hibernate.test.querycache.Student (<no alias>) -> student1_
14:18:45,525 DEBUG FromClause:282 - addJoinByPathMap() : e.student -> FromElement{explicit,not a collection join,not a fetch join,fetch non-lazy properties,classAlias=null,role=null,tableName=Student,tableAlias=student1_,origin=Enrolment enrolment0_,columns={enrolment0_.studentId ,className=org.hibernate.test.querycache.Student}}
14:18:45,525 DEBUG FromReferenceNode:74 - Resolved : e.student -> enrolment0_.studentId
14:18:45,525 DEBUG FromReferenceNode:74 - Resolved : e -> (enrolment0_.studentId, enrolment0_.courseCode)
14:18:45,526 DEBUG DotNode:599 - getDataType() : semester -> org.hibernate.type.ShortType@491168d6
14:18:45,526 DEBUG FromReferenceNode:74 - Resolved : e.semester -> enrolment0_.semester
14:18:45,526 DEBUG FromReferenceNode:74 - Resolved : e -> (enrolment0_.studentId, enrolment0_.courseCode)
14:18:45,526 DEBUG DotNode:599 - getDataType() : year -> org.hibernate.type.ShortType@491168d6
14:18:45,526 DEBUG FromReferenceNode:74 - Resolved : e.year -> enrolment0_."year"
14:18:45,526 DEBUG FromReferenceNode:74 - Resolved : e -> (enrolment0_.studentId, enrolment0_.courseCode)
14:18:45,526 DEBUG DotNode:599 - getDataType() : course -> org.hibernate.type.ManyToOneType(org.hibernate.test.querycache.Course)
14:18:45,526 DEBUG DotNode:389 - dereferenceEntityJoin() : generating join for course in org.hibernate.test.querycache.Enrolment (<no alias>) parent = [ {null} ]
14:18:45,527 DEBUG FromElement:157 - FromClause{level=1} : org.hibernate.test.querycache.Course (<no alias>) -> course2_
14:18:45,527 DEBUG FromClause:282 - addJoinByPathMap() : e.course -> FromElement{explicit,not a collection join,not a fetch join,fetch non-lazy properties,classAlias=null,role=null,tableName=Course,tableAlias=course2_,origin=Enrolment enrolment0_,columns={enrolment0_.courseCode ,className=org.hibernate.test.querycache.Course}}
14:18:45,527 DEBUG FromReferenceNode:74 - Resolved : e.course -> enrolment0_.courseCode
14:18:45,527 DEBUG FromReferenceNode:74 - Resolved : e -> (enrolment0_.studentId, enrolment0_.courseCode)
14:18:45,527 DEBUG DotNode:599 - getDataType() : studentNumber -> org.hibernate.type.LongType@4bf3f9d
14:18:45,527 DEBUG FromReferenceNode:74 - Resolved : e.studentNumber -> enrolment0_.studentId
14:18:45,527 DEBUG HqlSqlWalker:629 - processQuery() :  ( SELECT ( {select clause} ( enrolment0_.studentId (enrolment0_.studentId, enrolment0_.courseCode) student ) ( enrolment0_.semester (enrolment0_.studentId, enrolment0_.courseCode) semester ) ( enrolment0_."year" (enrolment0_.studentId, enrolment0_.courseCode) year ) ( enrolment0_.courseCode (enrolment0_.studentId, enrolment0_.courseCode) course ) ) ( FromClause{level=1} ( Enrolment enrolment0_ Student student1_ Course course2_ ) ) ( where ( = ( enrolment0_.studentId (enrolment0_.studentId, enrolment0_.courseCode) studentNumber ) ? ) ) )
14:18:45,528 DEBUG JoinProcessor:175 - Using FROM fragment [Enrolment enrolment0_]
14:18:45,528 DEBUG JoinProcessor:175 - Using FROM fragment [inner join Student student1_ on enrolment0_.studentId=student1_.studentId]
14:18:45,528 DEBUG JoinProcessor:175 - Using FROM fragment [inner join Course course2_ on enrolment0_.courseCode=course2_.courseCode]
14:18:45,528 DEBUG QueryTranslatorImpl:252 - --- SQL AST ---
 \-[SELECT] QueryNode: 'SELECT'  querySpaces (Student,Course,Enrolment)
    +-[SELECT_CLAUSE] SelectClause: '{select clause}'
    |  +-[DOT] DotNode: 'enrolment0_.studentId' {propertyName=student,dereferenceType=EOF,propertyPath=student,path=e.student,tableAlias=student1_,className=org.hibernate.test.querycache.Student,classAlias=null}
    |  |  +-[ALIAS_REF] IdentNode: '(enrolment0_.studentId, enrolment0_.courseCode)' {alias=e, className=org.hibernate.test.querycache.Enrolment, tableAlias=enrolment0_}
    |  |  \-[IDENT] IdentNode: 'student' {originalText=student}
    |  +-[SELECT_COLUMNS] SqlNode: ' as col_0_0_'
    |  +-[DOT] DotNode: 'enrolment0_.semester' {propertyName=semester,dereferenceType=ALL,propertyPath=semester,path=e.semester,tableAlias=enrolment0_,className=org.hibernate.test.querycache.Enrolment,classAlias=e}
    |  |  +-[ALIAS_REF] IdentNode: '(enrolment0_.studentId, enrolment0_.courseCode)' {alias=e, className=org.hibernate.test.querycache.Enrolment, tableAlias=enrolment0_}
    |  |  \-[IDENT] IdentNode: 'semester' {originalText=semester}
    |  +-[SELECT_COLUMNS] SqlNode: ' as col_1_0_'
    |  +-[DOT] DotNode: 'enrolment0_."year"' {propertyName=year,dereferenceType=ALL,propertyPath=year,path=e.year,tableAlias=enrolment0_,className=org.hibernate.test.querycache.Enrolment,classAlias=e}
    |  |  +-[ALIAS_REF] IdentNode: '(enrolment0_.studentId, enrolment0_.courseCode)' {alias=e, className=org.hibernate.test.querycache.Enrolment, tableAlias=enrolment0_}
    |  |  \-[IDENT] IdentNode: 'year' {originalText=year}
    |  +-[SELECT_COLUMNS] SqlNode: ' as col_2_0_'
    |  +-[DOT] DotNode: 'enrolment0_.courseCode' {propertyName=course,dereferenceType=EOF,propertyPath=course,path=e.course,tableAlias=course2_,className=org.hibernate.test.querycache.Course,classAlias=null}
    |  |  +-[ALIAS_REF] IdentNode: '(enrolment0_.studentId, enrolment0_.courseCode)' {alias=e, className=org.hibernate.test.querycache.Enrolment, tableAlias=enrolment0_}
    |  |  \-[IDENT] IdentNode: 'course' {originalText=course}
    |  +-[SELECT_COLUMNS] SqlNode: ' as col_3_0_'
    |  +-[SQL_TOKEN] SqlFragment: 'student1_.studentId as studentId4_0_'
    |  +-[SQL_TOKEN] SqlFragment: 'course2_.courseCode as courseCode1_1_'
    |  +-[SQL_TOKEN] SqlFragment: 'student1_.name_first as name2_4_0_, student1_.name_middle as name3_4_0_, student1_.name_last as name4_4_0_, student1_.preferredCourseCode as preferre5_4_0_'
    |  \-[SQL_TOKEN] SqlFragment: 'course2_.description as descript2_1_1_'
    +-[FROM] FromClause: 'from' FromClause{level=1, fromElementCounter=3, fromElements=3, fromElementByClassAlias=[e], fromElementByTableAlias=[student1_, enrolment0_, course2_], fromElementsByPath=[e.course, e.student], collectionJoinFromElementsByPath=[], impliedElements=[]}
    |  \-[FROM_FRAGMENT] FromElement: 'Enrolment enrolment0_' FromElement{explicit,not a collection join,not a fetch join,fetch non-lazy properties,classAlias=e,role=null,tableName=Enrolment,tableAlias=enrolment0_,origin=null,columns={,className=org.hibernate.test.querycache.Enrolment}}
    |     +-[JOIN_FRAGMENT] FromElement: 'inner join Student student1_ on enrolment0_.studentId=student1_.studentId' FromElement{explicit,not a collection join,not a fetch join,fetch non-lazy properties,classAlias=null,role=null,tableName=Student,tableAlias=student1_,origin=Enrolment enrolment0_,columns={enrolment0_.studentId ,className=org.hibernate.test.querycache.Student}}
    |     \-[JOIN_FRAGMENT] FromElement: 'inner join Course course2_ on enrolment0_.courseCode=course2_.courseCode' FromElement{explicit,not a collection join,not a fetch join,fetch non-lazy properties,classAlias=null,role=null,tableName=Course,tableAlias=course2_,origin=Enrolment enrolment0_,columns={enrolment0_.courseCode ,className=org.hibernate.test.querycache.Course}}
    \-[WHERE] SqlNode: 'where'
       \-[EQ] BinaryLogicOperatorNode: '='
          +-[DOT] DotNode: 'enrolment0_.studentId' {propertyName=studentNumber,dereferenceType=ALL,propertyPath=studentNumber,path=e.studentNumber,tableAlias=enrolment0_,className=org.hibernate.test.querycache.Enrolment,classAlias=e}
          |  +-[ALIAS_REF] IdentNode: '(enrolment0_.studentId, enrolment0_.courseCode)' {alias=e, className=org.hibernate.test.querycache.Enrolment, tableAlias=enrolment0_}
          |  \-[IDENT] IdentNode: 'studentNumber' {originalText=studentNumber}
          \-[NAMED_PARAM] ParameterNode: '?' {name=studentNumber, expectedType=org.hibernate.type.LongType@4bf3f9d}

14:18:45,537 DEBUG ErrorCounter:82 - throwQueryException() : no errors
14:18:45,538 DEBUG QueryTranslatorImpl:235 - HQL: select e.student, e.semester, e.year, e.course from org.hibernate.test.querycache.Enrolment e  where e.studentNumber = :studentNumber
14:18:45,538 DEBUG QueryTranslatorImpl:236 - SQL: select enrolment0_.studentId as col_0_0_, enrolment0_.semester as col_1_0_, enrolment0_."year" as col_2_0_, enrolment0_.courseCode as col_3_0_, student1_.studentId as studentId4_0_, course2_.courseCode as courseCode1_1_, student1_.name_first as name2_4_0_, student1_.name_middle as name3_4_0_, student1_.name_last as name4_4_0_, student1_.preferredCourseCode as preferre5_4_0_, course2_.description as descript2_1_1_ from Enrolment enrolment0_ inner join Student student1_ on enrolment0_.studentId=student1_.studentId inner join Course course2_ on enrolment0_.courseCode=course2_.courseCode where enrolment0_.studentId=?
14:18:45,538 DEBUG ErrorCounter:82 - throwQueryException() : no errors
14:18:45,538 DEBUG BaseGeneralDataRegion:46 - Cache[foo.org.hibernate.cache.internal.StandardQueryCache] lookup : key[sql: select enrolment0_.studentId as col_0_0_, enrolment0_.semester as col_1_0_, enrolment0_."year" as col_2_0_, enrolment0_.courseCode as col_3_0_, student1_.studentId as studentId4_0_, course2_.courseCode as courseCode1_1_, student1_.name_first as name2_4_0_, student1_.name_middle as name3_4_0_, student1_.name_last as name4_4_0_, student1_.preferredCourseCode as preferre5_4_0_, course2_.description as descript2_1_1_ from Enrolment enrolment0_ inner join Student student1_ on enrolment0_.studentId=student1_.studentId inner join Course course2_ on enrolment0_.courseCode=course2_.courseCode where enrolment0_.studentId=?; parameters: ; named parameters: {studentNumber=999}; transformer: org.hibernate.transform.CacheableResultTransformer@47bbf55f]
14:18:45,539 DEBUG SQL:104 - 
    select
        enrolment0_.studentId as col_0_0_,
        enrolment0_.semester as col_1_0_,
        enrolment0_."year" as col_2_0_,
        enrolment0_.courseCode as col_3_0_,
        student1_.studentId as studentId4_0_,
        course2_.courseCode as courseCode1_1_,
        student1_.name_first as name2_4_0_,
        student1_.name_middle as name3_4_0_,
        student1_.name_last as name4_4_0_,
        student1_.preferredCourseCode as preferre5_4_0_,
        course2_.description as descript2_1_1_ 
    from
        Enrolment enrolment0_ 
    inner join
        Student student1_ 
            on enrolment0_.studentId=student1_.studentId 
    inner join
        Course course2_ 
            on enrolment0_.courseCode=course2_.courseCode 
    where
        enrolment0_.studentId=?
14:18:45,539 DEBUG SQL:104 - 
    select
        coursemeet0_.courseCode as courseCode1_1_,
        coursemeet0_.courseCode as courseCode2_1_,
        coursemeet0_.day as day2_1_,
        coursemeet0_.period as period2_1_,
        coursemeet0_.location as location2_1_,
        coursemeet0_.courseCode as courseCode2_0_,
        coursemeet0_.day as day2_0_,
        coursemeet0_.period as period2_0_,
        coursemeet0_.location as location2_0_ 
    from
        CourseMeeting coursemeet0_ 
    where
        coursemeet0_.courseCode=?
14:18:45,560 DEBUG SQL:104 - 
    select
        secretcode0_.studentNumber as studentN1_4_0_,
        secretcode0_.secretCode as secretCode5_0_,
        secretcode0_.i as i0_ 
    from
        Student_secretCodes secretcode0_ 
    where
        secretcode0_.studentNumber=?
14:18:45,560 DEBUG BaseGeneralDataRegion:59 - Caching[foo.org.hibernate.cache.internal.StandardQueryCache] : [sql: select enrolment0_.studentId as col_0_0_, enrolment0_.semester as col_1_0_, enrolment0_."year" as col_2_0_, enrolment0_.courseCode as col_3_0_, student1_.studentId as studentId4_0_, course2_.courseCode as courseCode1_1_, student1_.name_first as name2_4_0_, student1_.name_middle as name3_4_0_, student1_.name_last as name4_4_0_, student1_.preferredCourseCode as preferre5_4_0_, course2_.description as descript2_1_1_ from Enrolment enrolment0_ inner join Student student1_ on enrolment0_.studentId=student1_.studentId inner join Course course2_ on enrolment0_.courseCode=course2_.courseCode where enrolment0_.studentId=?; parameters: ; named parameters: {studentNumber=999}; transformer: org.hibernate.transform.CacheableResultTransformer@47bbf55f] -> [[5579090843893760, [Ljava.io.Serializable;@48866087]]
14:18:45,561 DEBUG BaseGeneralDataRegion:46 - Cache[foo.org.hibernate.cache.internal.StandardQueryCache] lookup : key[sql: select enrolment0_.studentId as col_0_0_, enrolment0_.semester as col_1_0_, enrolment0_."year" as col_2_0_, enrolment0_.courseCode as col_3_0_, student1_.studentId as studentId4_0_, course2_.courseCode as courseCode1_1_, student1_.name_first as name2_4_0_, student1_.name_middle as name3_4_0_, student1_.name_last as name4_4_0_, student1_.preferredCourseCode as preferre5_4_0_, course2_.description as descript2_1_1_ from Enrolment enrolment0_ inner join Student student1_ on enrolment0_.studentId=student1_.studentId inner join Course course2_ on enrolment0_.courseCode=course2_.courseCode where enrolment0_.studentId=?; parameters: ; named parameters: {studentNumber=999}; transformer: org.hibernate.transform.CacheableResultTransformer@47bbf55f]
14:18:45,561 DEBUG BaseGeneralDataRegion:52 - Cache[foo.org.hibernate.cache.internal.StandardQueryCache] hit: sql: select enrolment0_.studentId as col_0_0_, enrolment0_.semester as col_1_0_, enrolment0_."year" as col_2_0_, enrolment0_.courseCode as col_3_0_, student1_.studentId as studentId4_0_, course2_.courseCode as courseCode1_1_, student1_.name_first as name2_4_0_, student1_.name_middle as name3_4_0_, student1_.name_last as name4_4_0_, student1_.preferredCourseCode as preferre5_4_0_, course2_.description as descript2_1_1_ from Enrolment enrolment0_ inner join Student student1_ on enrolment0_.studentId=student1_.studentId inner join Course course2_ on enrolment0_.courseCode=course2_.courseCode where enrolment0_.studentId=?; parameters: ; named parameters: {studentNumber=999}; transformer: org.hibernate.transform.CacheableResultTransformer@47bbf55f
14:18:45,561 DEBUG BaseGeneralDataRegion:46 - Cache[foo.org.hibernate.cache.spi.UpdateTimestampsCache] lookup : key[Student]
14:18:45,561 DEBUG BaseGeneralDataRegion:52 - Cache[foo.org.hibernate.cache.spi.UpdateTimestampsCache] hit: Student
14:18:45,561 DEBUG BaseGeneralDataRegion:46 - Cache[foo.org.hibernate.cache.spi.UpdateTimestampsCache] lookup : key[Course]
14:18:45,561 DEBUG BaseGeneralDataRegion:52 - Cache[foo.org.hibernate.cache.spi.UpdateTimestampsCache] hit: Course
14:18:45,561 DEBUG BaseGeneralDataRegion:46 - Cache[foo.org.hibernate.cache.spi.UpdateTimestampsCache] lookup : key[Enrolment]
14:18:45,561 DEBUG BaseGeneralDataRegion:52 - Cache[foo.org.hibernate.cache.spi.UpdateTimestampsCache] hit: Enrolment
14:18:45,562 DEBUG SQL:104 - 
    select
        course0_.courseCode as courseCode1_0_,
        course0_.description as descript2_1_0_ 
    from
        Course course0_ 
    where
        course0_.courseCode=?
14:18:45,562 DEBUG SQL:104 - 
    select
        coursemeet0_.courseCode as courseCode1_1_,
        coursemeet0_.courseCode as courseCode2_1_,
        coursemeet0_.day as day2_1_,
        coursemeet0_.period as period2_1_,
        coursemeet0_.location as location2_1_,
        coursemeet0_.courseCode as courseCode2_0_,
        coursemeet0_.day as day2_0_,
        coursemeet0_.period as period2_0_,
        coursemeet0_.location as location2_0_ 
    from
        CourseMeeting coursemeet0_ 
    where
        coursemeet0_.courseCode=?
14:18:45,570 DEBUG SQL:104 - 
    select
        student_.studentId,
        student_.name_first as name2_4_,
        student_.name_middle as name3_4_,
        student_.name_last as name4_4_,
        student_.preferredCourseCode as preferre5_4_ 
    from
        Student student_ 
    where
        student_.studentId=?
14:18:45,571 DEBUG SQL:104 - 
    select
        enrolment_.studentId,
        enrolment_.courseCode,
        enrolment_.semester as semester3_,
        enrolment_."year" as year4_3_ 
    from
        Enrolment enrolment_ 
    where
        enrolment_.studentId=? 
        and enrolment_.courseCode=?
14:18:45,580 DEBUG SQL:104 - 
    select
        course_.courseCode,
        course_.description as descript2_1_ 
    from
        Course course_ 
    where
        course_.courseCode=?
14:18:45,580 DEBUG SQL:104 - 
    select
        student_.studentId,
        student_.name_first as name2_4_,
        student_.name_middle as name3_4_,
        student_.name_last as name4_4_,
        student_.preferredCourseCode as preferre5_4_ 
    from
        Student student_ 
    where
        student_.studentId=?
14:18:45,581 DEBUG SQL:104 - 
    select
        enrolment_.studentId,
        enrolment_.courseCode,
        enrolment_.semester as semester3_,
        enrolment_."year" as year4_3_ 
    from
        Enrolment enrolment_ 
    where
        enrolment_.studentId=? 
        and enrolment_.courseCode=?
14:18:45,589 DEBUG SQL:104 - 
    select
        coursemeet_.courseCode,
        coursemeet_.day,
        coursemeet_.period,
        coursemeet_.location 
    from
        CourseMeeting coursemeet_ 
    where
        coursemeet_.courseCode=? 
        and coursemeet_.day=? 
        and coursemeet_.period=? 
        and coursemeet_.location=?
14:18:45,589 DEBUG SQL:104 - 
    select
        coursemeet_.courseCode,
        coursemeet_.day,
        coursemeet_.period,
        coursemeet_.location 
    from
        CourseMeeting coursemeet_ 
    where
        coursemeet_.courseCode=? 
        and coursemeet_.day=? 
        and coursemeet_.period=? 
        and coursemeet_.location=?
14:18:45,599 DEBUG BaseGeneralDataRegion:59 - Caching[foo.org.hibernate.cache.spi.UpdateTimestampsCache] : [Enrolment] -> [5579091089813504]
14:18:45,600 DEBUG SQL:104 - 
    update
        Address 
    set
        studentNumber=null,
        addressType=null 
    where
        studentNumber=?
14:18:45,600 DEBUG BaseGeneralDataRegion:59 - Caching[foo.org.hibernate.cache.spi.UpdateTimestampsCache] : [Address] -> [5579091089817600]
14:18:45,600 DEBUG SQL:104 - 
    delete 
    from
        Student_secretCodes 
    where
        studentNumber=?
14:18:45,600 DEBUG BaseGeneralDataRegion:59 - Caching[foo.org.hibernate.cache.spi.UpdateTimestampsCache] : [Student_secretCodes] -> [5579091089817601]
14:18:45,600 DEBUG BaseGeneralDataRegion:59 - Caching[foo.org.hibernate.cache.spi.UpdateTimestampsCache] : [Enrolment] -> [5579091089817602]
14:18:45,600 DEBUG BaseGeneralDataRegion:59 - Caching[foo.org.hibernate.cache.spi.UpdateTimestampsCache] : [Address] -> [5579091089817603]
14:18:45,600 DEBUG SQL:104 - 
    delete 
    from
        Student_secretCodes 
    where
        studentNumber=?
14:18:45,601 DEBUG BaseGeneralDataRegion:59 - Caching[foo.org.hibernate.cache.spi.UpdateTimestampsCache] : [Student_secretCodes] -> [5579091089817604]
14:18:45,601 DEBUG BaseGeneralDataRegion:59 - Caching[foo.org.hibernate.cache.spi.UpdateTimestampsCache] : [CourseMeeting] -> [5579091089821696]
14:18:45,601 DEBUG SQL:104 - 
    delete 
    from
        Enrolment 
    where
        studentId=? 
        and courseCode=?
14:18:45,609 DEBUG BaseGeneralDataRegion:59 - Caching[foo.org.hibernate.cache.spi.UpdateTimestampsCache] : [Enrolment] -> [5579091089854464]
14:18:45,609 DEBUG SQL:104 - 
    delete 
    from
        Address 
    where
        id=?
14:18:45,610 DEBUG BaseGeneralDataRegion:59 - Caching[foo.org.hibernate.cache.spi.UpdateTimestampsCache] : [Address] -> [5579091089858560]
14:18:45,610 DEBUG SQL:104 - 
    delete 
    from
        Address 
    where
        id=?
14:18:45,610 DEBUG BaseGeneralDataRegion:59 - Caching[foo.org.hibernate.cache.spi.UpdateTimestampsCache] : [Address] -> [5579091089858561]
14:18:45,610 DEBUG SQL:104 - 
    delete 
    from
        Student 
    where
        studentId=?
14:18:45,610 DEBUG BaseGeneralDataRegion:59 - Caching[foo.org.hibernate.cache.spi.UpdateTimestampsCache] : [Student] -> [5579091089858562]
14:18:45,610 DEBUG SQL:104 - 
    delete 
    from
        Enrolment 
    where
        studentId=? 
        and courseCode=?
14:18:45,620 DEBUG BaseGeneralDataRegion:59 - Caching[foo.org.hibernate.cache.spi.UpdateTimestampsCache] : [Enrolment] -> [5579091089899520]
14:18:45,620 DEBUG SQL:104 - 
    delete 
    from
        Student 
    where
        studentId=?
14:18:45,620 DEBUG BaseGeneralDataRegion:59 - Caching[foo.org.hibernate.cache.spi.UpdateTimestampsCache] : [Student] -> [5579091089899521]
14:18:45,620 DEBUG SQL:104 - 
    delete 
    from
        CourseMeeting 
    where
        courseCode=? 
        and day=? 
        and period=? 
        and location=?
14:18:45,620 DEBUG BaseGeneralDataRegion:59 - Caching[foo.org.hibernate.cache.spi.UpdateTimestampsCache] : [CourseMeeting] -> [5579091089899522]
14:18:45,621 DEBUG SQL:104 - 
    delete 
    from
        CourseMeeting 
    where
        courseCode=? 
        and day=? 
        and period=? 
        and location=?
14:18:45,630 DEBUG BaseGeneralDataRegion:59 - Caching[foo.org.hibernate.cache.spi.UpdateTimestampsCache] : [CourseMeeting] -> [5579091089940480]
14:18:45,630 DEBUG SQL:104 - 
    delete 
    from
        Course 
    where
        courseCode=?
14:18:45,630 DEBUG BaseGeneralDataRegion:59 - Caching[foo.org.hibernate.cache.spi.UpdateTimestampsCache] : [Course] -> [5579091089940481]
14:18:45,632 DEBUG BaseGeneralDataRegion:59 - Caching[foo.org.hibernate.cache.spi.UpdateTimestampsCache] : [Student] -> [5579090844188672]
14:18:45,634 DEBUG BaseGeneralDataRegion:59 - Caching[foo.org.hibernate.cache.spi.UpdateTimestampsCache] : [Course] -> [5579090844188672]
14:18:45,634 DEBUG BaseGeneralDataRegion:59 - Caching[foo.org.hibernate.cache.spi.UpdateTimestampsCache] : [Enrolment] -> [5579090844188672]
14:18:45,634 DEBUG BaseGeneralDataRegion:59 - Caching[foo.org.hibernate.cache.spi.UpdateTimestampsCache] : [Student_secretCodes] -> [5579090844188672]
14:18:45,634 DEBUG BaseGeneralDataRegion:59 - Caching[foo.org.hibernate.cache.spi.UpdateTimestampsCache] : [Address] -> [5579090844188672]
14:18:45,634 DEBUG BaseGeneralDataRegion:59 - Caching[foo.org.hibernate.cache.spi.UpdateTimestampsCache] : [CourseMeeting] -> [5579090844188672]
14:18:45,635  INFO CustomRunner:139 - Test: testMultiProjectionListThenApplyAliasToBean
14:18:45,636 DEBUG SQL:104 - 
    select
        coursemeet_.courseCode,
        coursemeet_.day,
        coursemeet_.period,
        coursemeet_.location 
    from
        CourseMeeting coursemeet_ 
    where
        coursemeet_.courseCode=? 
        and coursemeet_.day=? 
        and coursemeet_.period=? 
        and coursemeet_.location=?
14:18:45,645 DEBUG SQL:104 - 
    select
        coursemeet_.courseCode,
        coursemeet_.day,
        coursemeet_.period,
        coursemeet_.location 
    from
        CourseMeeting coursemeet_ 
    where
        coursemeet_.courseCode=? 
        and coursemeet_.day=? 
        and coursemeet_.period=? 
        and coursemeet_.location=?
14:18:45,646 DEBUG SQL:104 - 
    insert 
    into
        Course
        (description, courseCode) 
    values
        (?, ?)
14:18:45,646 DEBUG BaseGeneralDataRegion:59 - Caching[foo.org.hibernate.cache.spi.UpdateTimestampsCache] : [Course] -> [5579091090006016]
14:18:45,646 DEBUG SQL:104 - 
    insert 
    into
        CourseMeeting
        (courseCode, day, period, location) 
    values
        (?, ?, ?, ?)
14:18:45,647 DEBUG BaseGeneralDataRegion:59 - Caching[foo.org.hibernate.cache.spi.UpdateTimestampsCache] : [CourseMeeting] -> [5579091090010112]
14:18:45,647 DEBUG SQL:104 - 
    insert 
    into
        CourseMeeting
        (courseCode, day, period, location) 
    values
        (?, ?, ?, ?)
14:18:45,647 DEBUG BaseGeneralDataRegion:59 - Caching[foo.org.hibernate.cache.spi.UpdateTimestampsCache] : [CourseMeeting] -> [5579091090010113]
14:18:45,647 DEBUG SQL:104 - 
    insert 
    into
        Student
        (name_first, name_middle, name_last, preferredCourseCode, studentId) 
    values
        (?, ?, ?, ?, ?)
14:18:45,647 DEBUG BaseGeneralDataRegion:59 - Caching[foo.org.hibernate.cache.spi.UpdateTimestampsCache] : [Student] -> [5579091090010114]
14:18:45,647 DEBUG SQL:104 - 
    insert 
    into
        Address
        (addressType, street, city, stateProvince, postalCode, country, studentNumber, id) 
    values
        (?, ?, ?, ?, ?, ?, ?, ?)
14:18:45,656 DEBUG BaseGeneralDataRegion:59 - Caching[foo.org.hibernate.cache.spi.UpdateTimestampsCache] : [Address] -> [5579091090046976]
14:18:45,656 DEBUG SQL:104 - 
    insert 
    into
        Address
        (addressType, street, city, stateProvince, postalCode, country, studentNumber, id) 
    values
        (?, ?, ?, ?, ?, ?, ?, ?)
14:18:45,657 DEBUG BaseGeneralDataRegion:59 - Caching[foo.org.hibernate.cache.spi.UpdateTimestampsCache] : [Address] -> [5579091090051072]
14:18:45,657 DEBUG SQL:104 - 
    insert 
    into
        Student
        (name_first, name_middle, name_last, preferredCourseCode, studentId) 
    values
        (?, ?, ?, ?, ?)
14:18:45,657 DEBUG BaseGeneralDataRegion:59 - Caching[foo.org.hibernate.cache.spi.UpdateTimestampsCache] : [Student] -> [5579091090051073]
14:18:45,657 DEBUG SQL:104 - 
    insert 
    into
        Enrolment
        (semester, "year", studentId, courseCode) 
    values
        (?, ?, ?, ?)
14:18:45,657 DEBUG BaseGeneralDataRegion:59 - Caching[foo.org.hibernate.cache.spi.UpdateTimestampsCache] : [Enrolment] -> [5579091090051074]
14:18:45,657 DEBUG SQL:104 - 
    insert 
    into
        Enrolment
        (semester, "year", studentId, courseCode) 
    values
        (?, ?, ?, ?)
14:18:45,667 DEBUG BaseGeneralDataRegion:59 - Caching[foo.org.hibernate.cache.spi.UpdateTimestampsCache] : [Enrolment] -> [5579091090092032]
14:18:45,667 DEBUG BaseGeneralDataRegion:59 - Caching[foo.org.hibernate.cache.spi.UpdateTimestampsCache] : [CourseMeeting] -> [5579091090092033]
14:18:45,667 DEBUG BaseGeneralDataRegion:59 - Caching[foo.org.hibernate.cache.spi.UpdateTimestampsCache] : [Enrolment] -> [5579091090092034]
14:18:45,667 DEBUG SQL:104 - 
    update
        Address 
    set
        studentNumber=?,
        addressType=? 
    where
        id=?
14:18:45,668 DEBUG SQL:104 - 
    update
        Address 
    set
        studentNumber=?,
        addressType=? 
    where
        id=?
14:18:45,668 DEBUG BaseGeneralDataRegion:59 - Caching[foo.org.hibernate.cache.spi.UpdateTimestampsCache] : [Address] -> [5579091090096128]
14:18:45,668 DEBUG SQL:104 - 
    insert 
    into
        Student_secretCodes
        (studentNumber, i, secretCode) 
    values
        (?, ?, ?)
14:18:45,668 DEBUG BaseGeneralDataRegion:59 - Caching[foo.org.hibernate.cache.spi.UpdateTimestampsCache] : [Student_secretCodes] -> [5579091090096129]
14:18:45,668 DEBUG BaseGeneralDataRegion:59 - Caching[foo.org.hibernate.cache.spi.UpdateTimestampsCache] : [Enrolment] -> [5579091090096130]
14:18:45,668 DEBUG BaseGeneralDataRegion:59 - Caching[foo.org.hibernate.cache.spi.UpdateTimestampsCache] : [Address] -> [5579091090096131]
14:18:45,668 DEBUG SQL:104 - 
    insert 
    into
        Student_secretCodes
        (studentNumber, i, secretCode) 
    values
        (?, ?, ?)
14:18:45,668 DEBUG SQL:104 - 
    insert 
    into
        Student_secretCodes
        (studentNumber, i, secretCode) 
    values
        (?, ?, ?)
14:18:45,687 DEBUG BaseGeneralDataRegion:59 - Caching[foo.org.hibernate.cache.spi.UpdateTimestampsCache] : [Student_secretCodes] -> [5579091090173952]
14:18:45,687 DEBUG BaseGeneralDataRegion:59 - Caching[foo.org.hibernate.cache.spi.UpdateTimestampsCache] : [Student] -> [5579090844413953]
14:18:45,687 DEBUG BaseGeneralDataRegion:59 - Caching[foo.org.hibernate.cache.spi.UpdateTimestampsCache] : [Course] -> [5579090844413953]
14:18:45,687 DEBUG BaseGeneralDataRegion:59 - Caching[foo.org.hibernate.cache.spi.UpdateTimestampsCache] : [Enrolment] -> [5579090844413953]
14:18:45,687 DEBUG BaseGeneralDataRegion:59 - Caching[foo.org.hibernate.cache.spi.UpdateTimestampsCache] : [Student_secretCodes] -> [5579090844413953]
14:18:45,688 DEBUG BaseGeneralDataRegion:59 - Caching[foo.org.hibernate.cache.spi.UpdateTimestampsCache] : [Address] -> [5579090844413953]
14:18:45,688 DEBUG BaseGeneralDataRegion:59 - Caching[foo.org.hibernate.cache.spi.UpdateTimestampsCache] : [CourseMeeting] -> [5579090844413953]
14:18:45,688 DEBUG QueryTranslatorImpl:265 - parse() - HQL: select st.name as studentName, co.description as courseDescription from org.hibernate.test.querycache.Enrolment e join e.student st join e.course co order by e.studentNumber
14:18:45,690 DEBUG QueryTranslatorImpl:283 - --- HQL AST ---
 \-[QUERY] Node: 'query'
    +-[SELECT_FROM] Node: 'SELECT_FROM'
    |  +-[FROM] Node: 'from'
    |  |  +-[RANGE] Node: 'RANGE'
    |  |  |  +-[DOT] Node: '.'
    |  |  |  |  +-[DOT] Node: '.'
    |  |  |  |  |  +-[DOT] Node: '.'
    |  |  |  |  |  |  +-[DOT] Node: '.'
    |  |  |  |  |  |  |  +-[IDENT] Node: 'org'
    |  |  |  |  |  |  |  \-[IDENT] Node: 'hibernate'
    |  |  |  |  |  |  \-[IDENT] Node: 'test'
    |  |  |  |  |  \-[IDENT] Node: 'querycache'
    |  |  |  |  \-[IDENT] Node: 'Enrolment'
    |  |  |  \-[ALIAS] Node: 'e'
    |  |  +-[JOIN] Node: 'join'
    |  |  |  +-[DOT] Node: '.'
    |  |  |  |  +-[IDENT] Node: 'e'
    |  |  |  |  \-[IDENT] Node: 'student'
    |  |  |  \-[ALIAS] Node: 'st'
    |  |  \-[JOIN] Node: 'join'
    |  |     +-[DOT] Node: '.'
    |  |     |  +-[IDENT] Node: 'e'
    |  |     |  \-[IDENT] Node: 'course'
    |  |     \-[ALIAS] Node: 'co'
    |  \-[SELECT] Node: 'select'
    |     +-[AS] Node: 'as'
    |     |  +-[DOT] Node: '.'
    |     |  |  +-[IDENT] Node: 'st'
    |     |  |  \-[IDENT] Node: 'name'
    |     |  \-[IDENT] Node: 'studentName'
    |     \-[AS] Node: 'as'
    |        +-[DOT] Node: '.'
    |        |  +-[IDENT] Node: 'co'
    |        |  \-[IDENT] Node: 'description'
    |        \-[IDENT] Node: 'courseDescription'
    \-[ORDER] Node: 'order'
       \-[DOT] Node: '.'
          +-[IDENT] Node: 'e'
          \-[IDENT] Node: 'studentNumber'

14:18:45,696 DEBUG ErrorCounter:82 - throwQueryException() : no errors
14:18:45,696 DEBUG FromElement:157 - FromClause{level=1} : org.hibernate.test.querycache.Enrolment (e) -> enrolment0_
14:18:45,696 DEBUG FromReferenceNode:74 - Resolved : e -> (enrolment0_.studentId, enrolment0_.courseCode)
14:18:45,697 DEBUG DotNode:599 - getDataType() : student -> org.hibernate.type.ManyToOneType(org.hibernate.test.querycache.Student)
14:18:45,697 DEBUG DotNode:389 - dereferenceEntityJoin() : generating join for student in org.hibernate.test.querycache.Enrolment (st) parent = [ {null} ]
14:18:45,697 DEBUG FromElement:157 - FromClause{level=1} : org.hibernate.test.querycache.Student (st) -> student1_
14:18:45,697 DEBUG FromClause:282 - addJoinByPathMap() : e.student -> FromElement{explicit,not a collection join,not a fetch join,fetch non-lazy properties,classAlias=st,role=null,tableName=Student,tableAlias=student1_,origin=Enrolment enrolment0_,columns={enrolment0_.studentId ,className=org.hibernate.test.querycache.Student}}
14:18:45,697 DEBUG FromReferenceNode:74 - Resolved : e.student -> enrolment0_.studentId
14:18:45,705 DEBUG HqlSqlWalker:403 - createFromJoinElement() : -- join tree --
 \-[JOIN_FRAGMENT] FromElement: 'Student student1_' FromElement{explicit,not a collection join,not a fetch join,fetch non-lazy properties,classAlias=st,role=null,tableName=Student,tableAlias=student1_,origin=Enrolment enrolment0_,columns={enrolment0_.studentId ,className=org.hibernate.test.querycache.Student}}

14:18:45,705 DEBUG FromReferenceNode:74 - Resolved : e -> (enrolment0_.studentId, enrolment0_.courseCode)
14:18:45,705 DEBUG DotNode:599 - getDataType() : course -> org.hibernate.type.ManyToOneType(org.hibernate.test.querycache.Course)
14:18:45,706 DEBUG DotNode:389 - dereferenceEntityJoin() : generating join for course in org.hibernate.test.querycache.Enrolment (co) parent = [ {null} ]
14:18:45,706 DEBUG FromElement:157 - FromClause{level=1} : org.hibernate.test.querycache.Course (co) -> course2_
14:18:45,706 DEBUG FromClause:282 - addJoinByPathMap() : e.course -> FromElement{explicit,not a collection join,not a fetch join,fetch non-lazy properties,classAlias=co,role=null,tableName=Course,tableAlias=course2_,origin=Enrolment enrolment0_,columns={enrolment0_.courseCode ,className=org.hibernate.test.querycache.Course}}
14:18:45,706 DEBUG FromReferenceNode:74 - Resolved : e.course -> enrolment0_.courseCode
14:18:45,706 DEBUG HqlSqlWalker:403 - createFromJoinElement() : -- join tree --
 \-[JOIN_FRAGMENT] FromElement: 'Course course2_' FromElement{explicit,not a collection join,not a fetch join,fetch non-lazy properties,classAlias=co,role=null,tableName=Course,tableAlias=course2_,origin=Enrolment enrolment0_,columns={enrolment0_.courseCode ,className=org.hibernate.test.querycache.Course}}

14:18:45,706 DEBUG FromReferenceNode:74 - Resolved : st -> student1_.studentId
14:18:45,707 DEBUG DotNode:599 - getDataType() : name -> org.hibernate.type.ComponentType@2b5b5cbc
14:18:45,707 DEBUG DotNode:588 - Terminal propertyPath = [name]
14:18:45,707 DEBUG FromReferenceNode:74 - Resolved : st.name -> student1_.name_first, student1_.name_middle, student1_.name_last
14:18:45,707 DEBUG FromReferenceNode:74 - Resolved : co -> course2_.courseCode
14:18:45,707 DEBUG DotNode:599 - getDataType() : description -> org.hibernate.type.StringType@2dc8de40
14:18:45,707 DEBUG FromReferenceNode:74 - Resolved : co.description -> course2_.description
14:18:45,707 DEBUG FromReferenceNode:74 - Resolved : e -> enrolment0_.studentId, enrolment0_.courseCode
14:18:45,707 DEBUG DotNode:599 - getDataType() : studentNumber -> org.hibernate.type.LongType@4bf3f9d
14:18:45,708 DEBUG FromReferenceNode:74 - Resolved : e.studentNumber -> enrolment0_.studentId
14:18:45,708 DEBUG HqlSqlWalker:629 - processQuery() :  ( SELECT ( {select clause} ( student1_.name_first, student1_.name_middle, student1_.name_last student1_.studentId name ) ( course2_.description course2_.courseCode description ) ) ( FromClause{level=1} ( Enrolment enrolment0_ Student student1_ Course course2_ ) ) ( order ( enrolment0_.studentId enrolment0_.studentId, enrolment0_.courseCode studentNumber ) ) )
14:18:45,708 DEBUG JoinProcessor:175 - Using FROM fragment [Enrolment enrolment0_]
14:18:45,708 DEBUG JoinProcessor:175 - Using FROM fragment [inner join Student student1_ on enrolment0_.studentId=student1_.studentId]
14:18:45,708 DEBUG JoinProcessor:175 - Using FROM fragment [inner join Course course2_ on enrolment0_.courseCode=course2_.courseCode]
14:18:45,708 DEBUG QueryTranslatorImpl:252 - --- SQL AST ---
 \-[SELECT] QueryNode: 'SELECT'  querySpaces (Student,Course,Enrolment)
    +-[SELECT_CLAUSE] SelectClause: '{select clause}'
    |  +-[DOT] DotNode: 'student1_.name_first' {propertyName=name,dereferenceType=2,propertyPath=name,path=st.name,tableAlias=student1_,className=org.hibernate.test.querycache.Student,classAlias=st}
    |  |  +-[ALIAS_REF] IdentNode: 'student1_.studentId' {alias=st, className=org.hibernate.test.querycache.Student, tableAlias=student1_}
    |  |  \-[IDENT] IdentNode: 'name' {originalText=name}
    |  +-[SELECT_COLUMNS] SqlNode: ' as col_0_0_'
    |  +-[SQL_TOKEN] SqlFragment: 'student1_.name_middle'
    |  +-[SELECT_COLUMNS] SqlNode: ' as col_0_1_'
    |  +-[SQL_TOKEN] SqlFragment: 'student1_.name_last'
    |  +-[SELECT_COLUMNS] SqlNode: ' as col_0_2_'
    |  +-[DOT] DotNode: 'course2_.description' {propertyName=description,dereferenceType=ALL,propertyPath=description,path=co.description,tableAlias=course2_,className=org.hibernate.test.querycache.Course,classAlias=co}
    |  |  +-[ALIAS_REF] IdentNode: 'course2_.courseCode' {alias=co, className=org.hibernate.test.querycache.Course, tableAlias=course2_}
    |  |  \-[IDENT] IdentNode: 'description' {originalText=description}
    |  \-[SELECT_COLUMNS] SqlNode: ' as col_1_0_'
    +-[FROM] FromClause: 'from' FromClause{level=1, fromElementCounter=3, fromElements=3, fromElementByClassAlias=[co, e, st], fromElementByTableAlias=[student1_, enrolment0_, course2_], fromElementsByPath=[e.course, e.student], collectionJoinFromElementsByPath=[], impliedElements=[]}
    |  \-[FROM_FRAGMENT] FromElement: 'Enrolment enrolment0_' FromElement{explicit,not a collection join,not a fetch join,fetch non-lazy properties,classAlias=e,role=null,tableName=Enrolment,tableAlias=enrolment0_,origin=null,columns={,className=org.hibernate.test.querycache.Enrolment}}
    |     +-[JOIN_FRAGMENT] FromElement: 'inner join Student student1_ on enrolment0_.studentId=student1_.studentId' FromElement{explicit,not a collection join,not a fetch join,fetch non-lazy properties,classAlias=st,role=null,tableName=Student,tableAlias=student1_,origin=Enrolment enrolment0_,columns={enrolment0_.studentId ,className=org.hibernate.test.querycache.Student}}
    |     \-[JOIN_FRAGMENT] FromElement: 'inner join Course course2_ on enrolment0_.courseCode=course2_.courseCode' FromElement{explicit,not a collection join,not a fetch join,fetch non-lazy properties,classAlias=co,role=null,tableName=Course,tableAlias=course2_,origin=Enrolment enrolment0_,columns={enrolment0_.courseCode ,className=org.hibernate.test.querycache.Course}}
    \-[ORDER] OrderByClause: 'order'
       \-[DOT] DotNode: 'enrolment0_.studentId' {propertyName=studentNumber,dereferenceType=ALL,propertyPath=studentNumber,path=e.studentNumber,tableAlias=enrolment0_,className=org.hibernate.test.querycache.Enrolment,classAlias=e}
          +-[ALIAS_REF] IdentNode: 'enrolment0_.studentId, enrolment0_.courseCode' {alias=e, className=org.hibernate.test.querycache.Enrolment, tableAlias=enrolment0_}
          \-[IDENT] IdentNode: 'studentNumber' {originalText=studentNumber}

14:18:45,716 DEBUG ErrorCounter:82 - throwQueryException() : no errors
14:18:45,717 DEBUG QueryTranslatorImpl:235 - HQL: select st.name as studentName, co.description as courseDescription from org.hibernate.test.querycache.Enrolment e join e.student st join e.course co order by e.studentNumber
14:18:45,717 DEBUG QueryTranslatorImpl:236 - SQL: select student1_.name_first as col_0_0_, student1_.name_middle as col_0_1_, student1_.name_last as col_0_2_, course2_.description as col_1_0_ from Enrolment enrolment0_ inner join Student student1_ on enrolment0_.studentId=student1_.studentId inner join Course course2_ on enrolment0_.courseCode=course2_.courseCode order by enrolment0_.studentId
14:18:45,717 DEBUG ErrorCounter:82 - throwQueryException() : no errors
14:18:45,717 DEBUG BaseGeneralDataRegion:46 - Cache[foo.org.hibernate.cache.internal.StandardQueryCache] lookup : key[sql: select student1_.name_first as col_0_0_, student1_.name_middle as col_0_1_, student1_.name_last as col_0_2_, course2_.description as col_1_0_ from Enrolment enrolment0_ inner join Student student1_ on enrolment0_.studentId=student1_.studentId inner join Course course2_ on enrolment0_.courseCode=course2_.courseCode order by enrolment0_.studentId; parameters: ; named parameters: {}; transformer: org.hibernate.transform.CacheableResultTransformer@1406bf]
14:18:45,717 DEBUG SQL:104 - 
    select
        student1_.name_first as col_0_0_,
        student1_.name_middle as col_0_1_,
        student1_.name_last as col_0_2_,
        course2_.description as col_1_0_ 
    from
        Enrolment enrolment0_ 
    inner join
        Student student1_ 
            on enrolment0_.studentId=student1_.studentId 
    inner join
        Course course2_ 
            on enrolment0_.courseCode=course2_.courseCode 
    order by
        enrolment0_.studentId
14:18:45,726 DEBUG BaseGeneralDataRegion:59 - Caching[foo.org.hibernate.cache.internal.StandardQueryCache] : [sql: select student1_.name_first as col_0_0_, student1_.name_middle as col_0_1_, student1_.name_last as col_0_2_, course2_.description as col_1_0_ from Enrolment enrolment0_ inner join Student student1_ on enrolment0_.studentId=student1_.studentId inner join Course course2_ on enrolment0_.courseCode=course2_.courseCode order by enrolment0_.studentId; parameters: ; named parameters: {}; transformer: org.hibernate.transform.CacheableResultTransformer@1406bf] -> [[5579090844573696, [Ljava.io.Serializable;@73583d66, [Ljava.io.Serializable;@26272eb3]]
14:18:45,727 DEBUG BaseGeneralDataRegion:46 - Cache[foo.org.hibernate.cache.internal.StandardQueryCache] lookup : key[sql: select student1_.name_first as col_0_0_, student1_.name_middle as col_0_1_, student1_.name_last as col_0_2_, course2_.description as col_1_0_ from Enrolment enrolment0_ inner join Student student1_ on enrolment0_.studentId=student1_.studentId inner join Course course2_ on enrolment0_.courseCode=course2_.courseCode order by enrolment0_.studentId; parameters: ; named parameters: {}; transformer: org.hibernate.transform.CacheableResultTransformer@1406bf]
14:18:45,727 DEBUG BaseGeneralDataRegion:52 - Cache[foo.org.hibernate.cache.internal.StandardQueryCache] hit: sql: select student1_.name_first as col_0_0_, student1_.name_middle as col_0_1_, student1_.name_last as col_0_2_, course2_.description as col_1_0_ from Enrolment enrolment0_ inner join Student student1_ on enrolment0_.studentId=student1_.studentId inner join Course course2_ on enrolment0_.courseCode=course2_.courseCode order by enrolment0_.studentId; parameters: ; named parameters: {}; transformer: org.hibernate.transform.CacheableResultTransformer@1406bf
14:18:45,727 DEBUG BaseGeneralDataRegion:46 - Cache[foo.org.hibernate.cache.spi.UpdateTimestampsCache] lookup : key[Student]
14:18:45,727 DEBUG BaseGeneralDataRegion:52 - Cache[foo.org.hibernate.cache.spi.UpdateTimestampsCache] hit: Student
14:18:45,727 DEBUG BaseGeneralDataRegion:46 - Cache[foo.org.hibernate.cache.spi.UpdateTimestampsCache] lookup : key[Course]
14:18:45,728 DEBUG BaseGeneralDataRegion:52 - Cache[foo.org.hibernate.cache.spi.UpdateTimestampsCache] hit: Course
14:18:45,728 DEBUG BaseGeneralDataRegion:46 - Cache[foo.org.hibernate.cache.spi.UpdateTimestampsCache] lookup : key[Enrolment]
14:18:45,728 DEBUG BaseGeneralDataRegion:52 - Cache[foo.org.hibernate.cache.spi.UpdateTimestampsCache] hit: Enrolment
14:18:45,728 DEBUG SQL:104 - 
    select
        student_.studentId,
        student_.name_first as name2_4_,
        student_.name_middle as name3_4_,
        student_.name_last as name4_4_,
        student_.preferredCourseCode as preferre5_4_ 
    from
        Student student_ 
    where
        student_.studentId=?
14:18:45,736 DEBUG SQL:104 - 
    select
        enrolment_.studentId,
        enrolment_.courseCode,
        enrolment_.semester as semester3_,
        enrolment_."year" as year4_3_ 
    from
        Enrolment enrolment_ 
    where
        enrolment_.studentId=? 
        and enrolment_.courseCode=?
14:18:45,737 DEBUG SQL:104 - 
    select
        course_.courseCode,
        course_.description as descript2_1_ 
    from
        Course course_ 
    where
        course_.courseCode=?
14:18:45,737 DEBUG SQL:104 - 
    select
        student_.studentId,
        student_.name_first as name2_4_,
        student_.name_middle as name3_4_,
        student_.name_last as name4_4_,
        student_.preferredCourseCode as preferre5_4_ 
    from
        Student student_ 
    where
        student_.studentId=?
14:18:45,746 DEBUG SQL:104 - 
    select
        enrolment_.studentId,
        enrolment_.courseCode,
        enrolment_.semester as semester3_,
        enrolment_."year" as year4_3_ 
    from
        Enrolment enrolment_ 
    where
        enrolment_.studentId=? 
        and enrolment_.courseCode=?
14:18:45,747 DEBUG SQL:104 - 
    select
        coursemeet_.courseCode,
        coursemeet_.day,
        coursemeet_.period,
        coursemeet_.location 
    from
        CourseMeeting coursemeet_ 
    where
        coursemeet_.courseCode=? 
        and coursemeet_.day=? 
        and coursemeet_.period=? 
        and coursemeet_.location=?
14:18:45,747 DEBUG SQL:104 - 
    select
        coursemeet_.courseCode,
        coursemeet_.day,
        coursemeet_.period,
        coursemeet_.location 
    from
        CourseMeeting coursemeet_ 
    where
        coursemeet_.courseCode=? 
        and coursemeet_.day=? 
        and coursemeet_.period=? 
        and coursemeet_.location=?
14:18:45,758 DEBUG BaseGeneralDataRegion:59 - Caching[foo.org.hibernate.cache.spi.UpdateTimestampsCache] : [Enrolment] -> [5579091090464768]
14:18:45,758 DEBUG SQL:104 - 
    update
        Address 
    set
        studentNumber=null,
        addressType=null 
    where
        studentNumber=?
14:18:45,758 DEBUG BaseGeneralDataRegion:59 - Caching[foo.org.hibernate.cache.spi.UpdateTimestampsCache] : [Address] -> [5579091090464769]
14:18:45,758 DEBUG SQL:104 - 
    delete 
    from
        Student_secretCodes 
    where
        studentNumber=?
14:18:45,758 DEBUG BaseGeneralDataRegion:59 - Caching[foo.org.hibernate.cache.spi.UpdateTimestampsCache] : [Student_secretCodes] -> [5579091090464770]
14:18:45,759 DEBUG BaseGeneralDataRegion:59 - Caching[foo.org.hibernate.cache.spi.UpdateTimestampsCache] : [Enrolment] -> [5579091090468864]
14:18:45,759 DEBUG BaseGeneralDataRegion:59 - Caching[foo.org.hibernate.cache.spi.UpdateTimestampsCache] : [Address] -> [5579091090468865]
14:18:45,759 DEBUG SQL:104 - 
    delete 
    from
        Student_secretCodes 
    where
        studentNumber=?
14:18:45,768 DEBUG BaseGeneralDataRegion:59 - Caching[foo.org.hibernate.cache.spi.UpdateTimestampsCache] : [Student_secretCodes] -> [5579091090505728]
14:18:45,768 DEBUG BaseGeneralDataRegion:59 - Caching[foo.org.hibernate.cache.spi.UpdateTimestampsCache] : [CourseMeeting] -> [5579091090505729]
14:18:45,768 DEBUG SQL:104 - 
    delete 
    from
        Enrolment 
    where
        studentId=? 
        and courseCode=?
14:18:45,768 DEBUG BaseGeneralDataRegion:59 - Caching[foo.org.hibernate.cache.spi.UpdateTimestampsCache] : [Enrolment] -> [5579091090505730]
14:18:45,768 DEBUG SQL:104 - 
    delete 
    from
        Address 
    where
        id=?
14:18:45,769 DEBUG BaseGeneralDataRegion:59 - Caching[foo.org.hibernate.cache.spi.UpdateTimestampsCache] : [Address] -> [5579091090509824]
14:18:45,769 DEBUG SQL:104 - 
    delete 
    from
        Address 
    where
        id=?
14:18:45,769 DEBUG BaseGeneralDataRegion:59 - Caching[foo.org.hibernate.cache.spi.UpdateTimestampsCache] : [Address] -> [5579091090509825]
14:18:45,769 DEBUG SQL:104 - 
    delete 
    from
        Student 
    where
        studentId=?
14:18:45,769 DEBUG BaseGeneralDataRegion:59 - Caching[foo.org.hibernate.cache.spi.UpdateTimestampsCache] : [Student] -> [5579091090509826]
14:18:45,769 DEBUG SQL:104 - 
    delete 
    from
        Enrolment 
    where
        studentId=? 
        and courseCode=?
14:18:45,769 DEBUG BaseGeneralDataRegion:59 - Caching[foo.org.hibernate.cache.spi.UpdateTimestampsCache] : [Enrolment] -> [5579091090509827]
14:18:45,769 DEBUG SQL:104 - 
    delete 
    from
        Student 
    where
        studentId=?
14:18:45,770 DEBUG BaseGeneralDataRegion:59 - Caching[foo.org.hibernate.cache.spi.UpdateTimestampsCache] : [Student] -> [5579091090513920]
14:18:45,770 DEBUG SQL:104 - 
    delete 
    from
        CourseMeeting 
    where
        courseCode=? 
        and day=? 
        and period=? 
        and location=?
14:18:45,770 DEBUG BaseGeneralDataRegion:59 - Caching[foo.org.hibernate.cache.spi.UpdateTimestampsCache] : [CourseMeeting] -> [5579091090513921]
14:18:45,781 DEBUG SQL:104 - 
    delete 
    from
        CourseMeeting 
    where
        courseCode=? 
        and day=? 
        and period=? 
        and location=?
14:18:45,781 DEBUG BaseGeneralDataRegion:59 - Caching[foo.org.hibernate.cache.spi.UpdateTimestampsCache] : [CourseMeeting] -> [5579091090558976]
14:18:45,781 DEBUG SQL:104 - 
    delete 
    from
        Course 
    where
        courseCode=?
14:18:45,782 DEBUG BaseGeneralDataRegion:59 - Caching[foo.org.hibernate.cache.spi.UpdateTimestampsCache] : [Course] -> [5579091090563072]
14:18:45,782 DEBUG BaseGeneralDataRegion:59 - Caching[foo.org.hibernate.cache.spi.UpdateTimestampsCache] : [Student] -> [5579090844803073]
14:18:45,782 DEBUG BaseGeneralDataRegion:59 - Caching[foo.org.hibernate.cache.spi.UpdateTimestampsCache] : [Course] -> [5579090844803073]
14:18:45,782 DEBUG BaseGeneralDataRegion:59 - Caching[foo.org.hibernate.cache.spi.UpdateTimestampsCache] : [Enrolment] -> [5579090844803073]
14:18:45,782 DEBUG BaseGeneralDataRegion:59 - Caching[foo.org.hibernate.cache.spi.UpdateTimestampsCache] : [Student_secretCodes] -> [5579090844803073]
14:18:45,782 DEBUG BaseGeneralDataRegion:59 - Caching[foo.org.hibernate.cache.spi.UpdateTimestampsCache] : [Address] -> [5579090844803073]
14:18:45,782 DEBUG BaseGeneralDataRegion:59 - Caching[foo.org.hibernate.cache.spi.UpdateTimestampsCache] : [CourseMeeting] -> [5579090844803073]
14:18:45,783  INFO CustomRunner:139 - Test: testMultiSelectAliasToEntityMapUsingAliasesWithFetchJoinList
14:18:45,784 DEBUG SQL:104 - 
    select
        coursemeet_.courseCode,
        coursemeet_.day,
        coursemeet_.period,
        coursemeet_.location 
    from
        CourseMeeting coursemeet_ 
    where
        coursemeet_.courseCode=? 
        and coursemeet_.day=? 
        and coursemeet_.period=? 
        and coursemeet_.location=?
14:18:45,792 DEBUG SQL:104 - 
    select
        coursemeet_.courseCode,
        coursemeet_.day,
        coursemeet_.period,
        coursemeet_.location 
    from
        CourseMeeting coursemeet_ 
    where
        coursemeet_.courseCode=? 
        and coursemeet_.day=? 
        and coursemeet_.period=? 
        and coursemeet_.location=?
14:18:45,797 DEBUG SQL:104 - 
    insert 
    into
        Course
        (description, courseCode) 
    values
        (?, ?)
14:18:45,798 DEBUG BaseGeneralDataRegion:59 - Caching[foo.org.hibernate.cache.spi.UpdateTimestampsCache] : [Course] -> [5579091090628608]
14:18:45,798 DEBUG SQL:104 - 
    insert 
    into
        CourseMeeting
        (courseCode, day, period, location) 
    values
        (?, ?, ?, ?)
14:18:45,798 DEBUG BaseGeneralDataRegion:59 - Caching[foo.org.hibernate.cache.spi.UpdateTimestampsCache] : [CourseMeeting] -> [5579091090628609]
14:18:45,798 DEBUG SQL:104 - 
    insert 
    into
        CourseMeeting
        (courseCode, day, period, location) 
    values
        (?, ?, ?, ?)
14:18:45,816 DEBUG BaseGeneralDataRegion:59 - Caching[foo.org.hibernate.cache.spi.UpdateTimestampsCache] : [CourseMeeting] -> [5579091090702336]
14:18:45,816 DEBUG SQL:104 - 
    insert 
    into
        Student
        (name_first, name_middle, name_last, preferredCourseCode, studentId) 
    values
        (?, ?, ?, ?, ?)
14:18:45,816 DEBUG BaseGeneralDataRegion:59 - Caching[foo.org.hibernate.cache.spi.UpdateTimestampsCache] : [Student] -> [5579091090702337]
14:18:45,817 DEBUG SQL:104 - 
    insert 
    into
        Address
        (addressType, street, city, stateProvince, postalCode, country, studentNumber, id) 
    values
        (?, ?, ?, ?, ?, ?, ?, ?)
14:18:45,817 DEBUG BaseGeneralDataRegion:59 - Caching[foo.org.hibernate.cache.spi.UpdateTimestampsCache] : [Address] -> [5579091090706432]
14:18:45,817 DEBUG SQL:104 - 
    insert 
    into
        Address
        (addressType, street, city, stateProvince, postalCode, country, studentNumber, id) 
    values
        (?, ?, ?, ?, ?, ?, ?, ?)
14:18:45,817 DEBUG BaseGeneralDataRegion:59 - Caching[foo.org.hibernate.cache.spi.UpdateTimestampsCache] : [Address] -> [5579091090706433]
14:18:45,817 DEBUG SQL:104 - 
    insert 
    into
        Student
        (name_first, name_middle, name_last, preferredCourseCode, studentId) 
    values
        (?, ?, ?, ?, ?)
14:18:45,817 DEBUG BaseGeneralDataRegion:59 - Caching[foo.org.hibernate.cache.spi.UpdateTimestampsCache] : [Student] -> [5579091090706434]
14:18:45,817 DEBUG SQL:104 - 
    insert 
    into
        Enrolment
        (semester, "year", studentId, courseCode) 
    values
        (?, ?, ?, ?)
14:18:45,818 DEBUG BaseGeneralDataRegion:59 - Caching[foo.org.hibernate.cache.spi.UpdateTimestampsCache] : [Enrolment] -> [5579091090710528]
14:18:45,818 DEBUG SQL:104 - 
    insert 
    into
        Enrolment
        (semester, "year", studentId, courseCode) 
    values
        (?, ?, ?, ?)
14:18:45,818 DEBUG BaseGeneralDataRegion:59 - Caching[foo.org.hibernate.cache.spi.UpdateTimestampsCache] : [Enrolment] -> [5579091090710529]
14:18:45,818 DEBUG BaseGeneralDataRegion:59 - Caching[foo.org.hibernate.cache.spi.UpdateTimestampsCache] : [CourseMeeting] -> [5579091090710530]
14:18:45,818 DEBUG BaseGeneralDataRegion:59 - Caching[foo.org.hibernate.cache.spi.UpdateTimestampsCache] : [Enrolment] -> [5579091090710531]
14:18:45,818 DEBUG SQL:104 - 
    update
        Address 
    set
        studentNumber=?,
        addressType=? 
    where
        id=?
14:18:45,819 DEBUG SQL:104 - 
    update
        Address 
    set
        studentNumber=?,
        addressType=? 
    where
        id=?
14:18:45,838 DEBUG BaseGeneralDataRegion:59 - Caching[foo.org.hibernate.cache.spi.UpdateTimestampsCache] : [Address] -> [5579091090792448]
14:18:45,839 DEBUG SQL:104 - 
    insert 
    into
        Student_secretCodes
        (studentNumber, i, secretCode) 
    values
        (?, ?, ?)
14:18:45,839 DEBUG BaseGeneralDataRegion:59 - Caching[foo.org.hibernate.cache.spi.UpdateTimestampsCache] : [Student_secretCodes] -> [5579091090796544]
14:18:45,839 DEBUG BaseGeneralDataRegion:59 - Caching[foo.org.hibernate.cache.spi.UpdateTimestampsCache] : [Enrolment] -> [5579091090796545]
14:18:45,839 DEBUG BaseGeneralDataRegion:59 - Caching[foo.org.hibernate.cache.spi.UpdateTimestampsCache] : [Address] -> [5579091090796546]
14:18:45,839 DEBUG SQL:104 - 
    insert 
    into
        Student_secretCodes
        (studentNumber, i, secretCode) 
    values
        (?, ?, ?)
14:18:45,839 DEBUG SQL:104 - 
    insert 
    into
        Student_secretCodes
        (studentNumber, i, secretCode) 
    values
        (?, ?, ?)
14:18:45,839 DEBUG BaseGeneralDataRegion:59 - Caching[foo.org.hibernate.cache.spi.UpdateTimestampsCache] : [Student_secretCodes] -> [5579091090796547]
14:18:45,840 DEBUG BaseGeneralDataRegion:59 - Caching[foo.org.hibernate.cache.spi.UpdateTimestampsCache] : [Student] -> [5579090845040640]
14:18:45,849 DEBUG BaseGeneralDataRegion:59 - Caching[foo.org.hibernate.cache.spi.UpdateTimestampsCache] : [Course] -> [5579090845040640]
14:18:45,849 DEBUG BaseGeneralDataRegion:59 - Caching[foo.org.hibernate.cache.spi.UpdateTimestampsCache] : [Enrolment] -> [5579090845040640]
14:18:45,849 DEBUG BaseGeneralDataRegion:59 - Caching[foo.org.hibernate.cache.spi.UpdateTimestampsCache] : [Student_secretCodes] -> [5579090845040640]
14:18:45,849 DEBUG BaseGeneralDataRegion:59 - Caching[foo.org.hibernate.cache.spi.UpdateTimestampsCache] : [Address] -> [5579090845040640]
14:18:45,849 DEBUG BaseGeneralDataRegion:59 - Caching[foo.org.hibernate.cache.spi.UpdateTimestampsCache] : [CourseMeeting] -> [5579090845040640]
14:18:45,849 DEBUG QueryTranslatorImpl:265 - parse() - HQL: select s as s, pc as pc from org.hibernate.test.querycache.Student s left join s.preferredCourse pc left join fetch s.enrolments order by s.studentNumber
14:18:45,851 DEBUG QueryTranslatorImpl:283 - --- HQL AST ---
 \-[QUERY] Node: 'query'
    +-[SELECT_FROM] Node: 'SELECT_FROM'
    |  +-[FROM] Node: 'from'
    |  |  +-[RANGE] Node: 'RANGE'
    |  |  |  +-[DOT] Node: '.'
    |  |  |  |  +-[DOT] Node: '.'
    |  |  |  |  |  +-[DOT] Node: '.'
    |  |  |  |  |  |  +-[DOT] Node: '.'
    |  |  |  |  |  |  |  +-[IDENT] Node: 'org'
    |  |  |  |  |  |  |  \-[IDENT] Node: 'hibernate'
    |  |  |  |  |  |  \-[IDENT] Node: 'test'
    |  |  |  |  |  \-[IDENT] Node: 'querycache'
    |  |  |  |  \-[IDENT] Node: 'Student'
    |  |  |  \-[ALIAS] Node: 's'
    |  |  +-[JOIN] Node: 'join'
    |  |  |  +-[LEFT] Node: 'left'
    |  |  |  +-[DOT] Node: '.'
    |  |  |  |  +-[IDENT] Node: 's'
    |  |  |  |  \-[IDENT] Node: 'preferredCourse'
    |  |  |  \-[ALIAS] Node: 'pc'
    |  |  \-[JOIN] Node: 'join'
    |  |     +-[LEFT] Node: 'left'
    |  |     +-[FETCH] Node: 'fetch'
    |  |     \-[DOT] Node: '.'
    |  |        +-[IDENT] Node: 's'
    |  |        \-[IDENT] Node: 'enrolments'
    |  \-[SELECT] Node: 'select'
    |     +-[AS] Node: 'as'
    |     |  +-[IDENT] Node: 's'
    |     |  \-[IDENT] Node: 's'
    |     \-[AS] Node: 'as'
    |        +-[IDENT] Node: 'pc'
    |        \-[IDENT] Node: 'pc'
    \-[ORDER] Node: 'order'
       \-[DOT] Node: '.'
          +-[IDENT] Node: 's'
          \-[IDENT] Node: 'studentNumber'

14:18:45,857 DEBUG ErrorCounter:82 - throwQueryException() : no errors
14:18:45,858 DEBUG FromElement:157 - FromClause{level=1} : org.hibernate.test.querycache.Student (s) -> student0_
14:18:45,858 DEBUG FromReferenceNode:74 - Resolved : s -> student0_.studentId
14:18:45,858 DEBUG DotNode:599 - getDataType() : preferredCourse -> org.hibernate.type.ManyToOneType(org.hibernate.test.querycache.Course)
14:18:45,858 DEBUG DotNode:389 - dereferenceEntityJoin() : generating join for preferredCourse in org.hibernate.test.querycache.Student (pc) parent = [ {null} ]
14:18:45,858 DEBUG FromElement:157 - FromClause{level=1} : org.hibernate.test.querycache.Course (pc) -> course1_
14:18:45,858 DEBUG FromClause:282 - addJoinByPathMap() : s.preferredCourse -> FromElement{explicit,not a collection join,not a fetch join,fetch non-lazy properties,classAlias=pc,role=null,tableName=Course,tableAlias=course1_,origin=Student student0_,columns={student0_.preferredCourseCode ,className=org.hibernate.test.querycache.Course}}
14:18:45,859 DEBUG FromReferenceNode:74 - Resolved : s.preferredCourse -> student0_.preferredCourseCode
14:18:45,859 DEBUG HqlSqlWalker:403 - createFromJoinElement() : -- join tree --
 \-[JOIN_FRAGMENT] FromElement: 'Course course1_' FromElement{explicit,not a collection join,not a fetch join,fetch non-lazy properties,classAlias=pc,role=null,tableName=Course,tableAlias=course1_,origin=Student student0_,columns={student0_.preferredCourseCode ,className=org.hibernate.test.querycache.Course}}

14:18:45,859 DEBUG FromReferenceNode:74 - Resolved : s -> student0_.studentId
14:18:45,859 DEBUG DotNode:599 - getDataType() : enrolments -> org.hibernate.type.SetType(org.hibernate.test.querycache.Student.enrolments)
14:18:45,859 DEBUG FromElementFactory:376 - createEntityAssociation() : One to many - path = s.enrolments role = org.hibernate.test.querycache.Student.enrolments associatedEntityName = org.hibernate.test.querycache.Enrolment
14:18:45,859 DEBUG FromElement:157 - FromClause{level=1} : org.hibernate.test.querycache.Enrolment (<no alias>) -> enrolments2_
14:18:45,867 DEBUG FromClause:282 - addJoinByPathMap() : s.enrolments -> FromElement{explicit,not a collection join,not a fetch join,fetch non-lazy properties,classAlias=null,role=null,tableName=Enrolment,tableAlias=enrolments2_,origin=Student student0_,columns={student0_.studentId ,className=org.hibernate.test.querycache.Enrolment}}
14:18:45,867 DEBUG DotNode:308 - dereferenceCollection() : Created new FROM element for s.enrolments : Enrolment enrolments2_
14:18:45,867 DEBUG FromReferenceNode:74 - Resolved : s.enrolments -> .
14:18:45,867 DEBUG HqlSqlWalker:403 - createFromJoinElement() : -- join tree --
 \-[JOIN_FRAGMENT] FromElement: 'Enrolment enrolments2_' FromElement{explicit,not a collection join,fetch join,fetch non-lazy properties,classAlias=null,role=org.hibernate.test.querycache.Student.enrolments,tableName=Enrolment,tableAlias=enrolments2_,origin=Student student0_,columns={student0_.studentId ,className=org.hibernate.test.querycache.Enrolment}}

14:18:45,867 DEBUG FromReferenceNode:74 - Resolved : s -> student0_.studentId
14:18:45,868 DEBUG FromReferenceNode:74 - Resolved : pc -> course1_.courseCode
14:18:45,868 DEBUG FromReferenceNode:74 - Resolved : s -> student0_.studentId
14:18:45,868 DEBUG DotNode:599 - getDataType() : studentNumber -> org.hibernate.type.LongType@4bf3f9d
14:18:45,868 DEBUG FromReferenceNode:74 - Resolved : s.studentNumber -> student0_.studentId
14:18:45,868 DEBUG HqlSqlWalker:629 - processQuery() :  ( SELECT ( {select clause} student0_.studentId course1_.courseCode ) ( FromClause{level=1} ( Student student0_ Course course1_ Enrolment enrolments2_ ) ) ( order ( student0_.studentId student0_.studentId studentNumber ) ) )
14:18:45,868 DEBUG JoinProcessor:175 - Using FROM fragment [Student student0_]
14:18:45,869 DEBUG JoinProcessor:175 - Using FROM fragment [left outer join Course course1_ on student0_.preferredCourseCode=course1_.courseCode]
14:18:45,869 DEBUG JoinProcessor:175 - Using FROM fragment [left outer join Enrolment enrolments2_ on student0_.studentId=enrolments2_.studentId]
14:18:45,869 DEBUG QueryTranslatorImpl:252 - --- SQL AST ---
 \-[SELECT] QueryNode: 'SELECT'  querySpaces (Student,Course,Enrolment)
    +-[SELECT_CLAUSE] SelectClause: '{select clause}'
    |  +-[ALIAS_REF] IdentNode: 'student0_.studentId as studentId4_0_' {alias=s, className=org.hibernate.test.querycache.Student, tableAlias=student0_}
    |  +-[ALIAS_REF] IdentNode: 'course1_.courseCode as courseCode1_1_' {alias=pc, className=org.hibernate.test.querycache.Course, tableAlias=course1_}
    |  +-[SELECT_EXPR] SelectExpressionImpl: 'enrolments2_.studentId as studentId3_2_, enrolments2_.courseCode as courseCode3_2_' {FromElement{explicit,not a collection join,fetch join,fetch non-lazy properties,classAlias=null,role=org.hibernate.test.querycache.Student.enrolments,tableName=Enrolment,tableAlias=enrolments2_,origin=Student student0_,columns={student0_.studentId ,className=org.hibernate.test.querycache.Enrolment}}}
    |  +-[SQL_TOKEN] SqlFragment: 'student0_.name_first as name2_4_0_, student0_.name_middle as name3_4_0_, student0_.name_last as name4_4_0_, student0_.preferredCourseCode as preferre5_4_0_'
    |  +-[SQL_TOKEN] SqlFragment: 'course1_.description as descript2_1_1_'
    |  +-[SQL_TOKEN] SqlFragment: 'enrolments2_.semester as semester3_2_, enrolments2_."year" as year4_3_2_'
    |  \-[SQL_TOKEN] SqlFragment: 'enrolments2_.studentId as studentId4_0__, enrolments2_.studentId as studentId3_0__, enrolments2_.courseCode as courseCode3_0__'
    +-[FROM] FromClause: 'from' FromClause{level=1, fromElementCounter=3, fromElements=3, fromElementByClassAlias=[s, pc], fromElementByTableAlias=[student0_, enrolments2_, course1_], fromElementsByPath=[s.enrolments, s.preferredCourse], collectionJoinFromElementsByPath=[], impliedElements=[]}
    |  \-[FROM_FRAGMENT] FromElement: 'Student student0_' FromElement{explicit,not a collection join,not a fetch join,fetch non-lazy properties,classAlias=s,role=null,tableName=Student,tableAlias=student0_,origin=null,columns={,className=org.hibernate.test.querycache.Student}}
    |     +-[JOIN_FRAGMENT] FromElement: 'left outer join Course course1_ on student0_.preferredCourseCode=course1_.courseCode' FromElement{explicit,not a collection join,not a fetch join,fetch non-lazy properties,classAlias=pc,role=null,tableName=Course,tableAlias=course1_,origin=Student student0_,columns={student0_.preferredCourseCode ,className=org.hibernate.test.querycache.Course}}
    |     \-[JOIN_FRAGMENT] FromElement: 'left outer join Enrolment enrolments2_ on student0_.studentId=enrolments2_.studentId' FromElement{explicit,not a collection join,fetch join,fetch non-lazy properties,classAlias=null,role=org.hibernate.test.querycache.Student.enrolments,tableName=Enrolment,tableAlias=enrolments2_,origin=Student student0_,columns={student0_.studentId ,className=org.hibernate.test.querycache.Enrolment}}
    \-[ORDER] OrderByClause: 'order'
       \-[DOT] DotNode: 'student0_.studentId' {propertyName=studentNumber,dereferenceType=ALL,propertyPath=studentNumber,path=s.studentNumber,tableAlias=student0_,className=org.hibernate.test.querycache.Student,classAlias=s}
          +-[ALIAS_REF] IdentNode: 'student0_.studentId' {alias=s, className=org.hibernate.test.querycache.Student, tableAlias=student0_}
          \-[IDENT] IdentNode: 'studentNumber' {originalText=studentNumber}

14:18:45,877 DEBUG ErrorCounter:82 - throwQueryException() : no errors
14:18:45,878 DEBUG QueryTranslatorImpl:235 - HQL: select s as s, pc as pc from org.hibernate.test.querycache.Student s left join s.preferredCourse pc left join fetch s.enrolments order by s.studentNumber
14:18:45,878 DEBUG QueryTranslatorImpl:236 - SQL: select student0_.studentId as studentId4_0_, course1_.courseCode as courseCode1_1_, enrolments2_.studentId as studentId3_2_, enrolments2_.courseCode as courseCode3_2_, student0_.name_first as name2_4_0_, student0_.name_middle as name3_4_0_, student0_.name_last as name4_4_0_, student0_.preferredCourseCode as preferre5_4_0_, course1_.description as descript2_1_1_, enrolments2_.semester as semester3_2_, enrolments2_."year" as year4_3_2_, enrolments2_.studentId as studentId4_0__, enrolments2_.studentId as studentId3_0__, enrolments2_.courseCode as courseCode3_0__ from Student student0_ left outer join Course course1_ on student0_.preferredCourseCode=course1_.courseCode left outer join Enrolment enrolments2_ on student0_.studentId=enrolments2_.studentId order by student0_.studentId
14:18:45,878 DEBUG ErrorCounter:82 - throwQueryException() : no errors
14:18:45,878 DEBUG BaseGeneralDataRegion:46 - Cache[foo.org.hibernate.cache.internal.StandardQueryCache] lookup : key[sql: select student0_.studentId as studentId4_0_, course1_.courseCode as courseCode1_1_, enrolments2_.studentId as studentId3_2_, enrolments2_.courseCode as courseCode3_2_, student0_.name_first as name2_4_0_, student0_.name_middle as name3_4_0_, student0_.name_last as name4_4_0_, student0_.preferredCourseCode as preferre5_4_0_, course1_.description as descript2_1_1_, enrolments2_.semester as semester3_2_, enrolments2_."year" as year4_3_2_, enrolments2_.studentId as studentId4_0__, enrolments2_.studentId as studentId3_0__, enrolments2_.courseCode as courseCode3_0__ from Student student0_ left outer join Course course1_ on student0_.preferredCourseCode=course1_.courseCode left outer join Enrolment enrolments2_ on student0_.studentId=enrolments2_.studentId order by student0_.studentId; parameters: ; named parameters: {}; transformer: org.hibernate.transform.CacheableResultTransformer@2513f6c]
14:18:45,879 DEBUG SQL:104 - 
    select
        student0_.studentId as studentId4_0_,
        course1_.courseCode as courseCode1_1_,
        enrolments2_.studentId as studentId3_2_,
        enrolments2_.courseCode as courseCode3_2_,
        student0_.name_first as name2_4_0_,
        student0_.name_middle as name3_4_0_,
        student0_.name_last as name4_4_0_,
        student0_.preferredCourseCode as preferre5_4_0_,
        course1_.description as descript2_1_1_,
        enrolments2_.semester as semester3_2_,
        enrolments2_."year" as year4_3_2_,
        enrolments2_.studentId as studentId4_0__,
        enrolments2_.studentId as studentId3_0__,
        enrolments2_.courseCode as courseCode3_0__ 
    from
        Student student0_ 
    left outer join
        Course course1_ 
            on student0_.preferredCourseCode=course1_.courseCode 
    left outer join
        Enrolment enrolments2_ 
            on student0_.studentId=enrolments2_.studentId 
    order by
        student0_.studentId
14:18:45,889 DEBUG SQL:104 - 
    select
        secretcode0_.studentNumber as studentN1_4_0_,
        secretcode0_.secretCode as secretCode5_0_,
        secretcode0_.i as i0_ 
    from
        Student_secretCodes secretcode0_ 
    where
        secretcode0_.studentNumber=?
14:18:45,889 DEBUG SQL:104 - 
    select
        coursemeet0_.courseCode as courseCode1_1_,
        coursemeet0_.courseCode as courseCode2_1_,
        coursemeet0_.day as day2_1_,
        coursemeet0_.period as period2_1_,
        coursemeet0_.location as location2_1_,
        coursemeet0_.courseCode as courseCode2_0_,
        coursemeet0_.day as day2_0_,
        coursemeet0_.period as period2_0_,
        coursemeet0_.location as location2_0_ 
    from
        CourseMeeting coursemeet0_ 
    where
        coursemeet0_.courseCode=?
14:18:45,890 DEBUG SQL:104 - 
    select
        secretcode0_.studentNumber as studentN1_4_0_,
        secretcode0_.secretCode as secretCode5_0_,
        secretcode0_.i as i0_ 
    from
        Student_secretCodes secretcode0_ 
    where
        secretcode0_.studentNumber=?
14:18:45,899 DEBUG BaseGeneralDataRegion:59 - Caching[foo.org.hibernate.cache.internal.StandardQueryCache] : [sql: select student0_.studentId as studentId4_0_, course1_.courseCode as courseCode1_1_, enrolments2_.studentId as studentId3_2_, enrolments2_.courseCode as courseCode3_2_, student0_.name_first as name2_4_0_, student0_.name_middle as name3_4_0_, student0_.name_last as name4_4_0_, student0_.preferredCourseCode as preferre5_4_0_, course1_.description as descript2_1_1_, enrolments2_.semester as semester3_2_, enrolments2_."year" as year4_3_2_, enrolments2_.studentId as studentId4_0__, enrolments2_.studentId as studentId3_0__, enrolments2_.courseCode as courseCode3_0__ from Student student0_ left outer join Course course1_ on student0_.preferredCourseCode=course1_.courseCode left outer join Enrolment enrolments2_ on student0_.studentId=enrolments2_.studentId order by student0_.studentId; parameters: ; named parameters: {}; transformer: org.hibernate.transform.CacheableResultTransformer@2513f6c] -> [[5579090845282304, [Ljava.io.Serializable;@dddbb6a, [Ljava.io.Serializable;@583b3342]]
14:18:45,900 DEBUG BaseGeneralDataRegion:46 - Cache[foo.org.hibernate.cache.internal.StandardQueryCache] lookup : key[sql: select student0_.studentId as studentId4_0_, course1_.courseCode as courseCode1_1_, enrolments2_.studentId as studentId3_2_, enrolments2_.courseCode as courseCode3_2_, student0_.name_first as name2_4_0_, student0_.name_middle as name3_4_0_, student0_.name_last as name4_4_0_, student0_.preferredCourseCode as preferre5_4_0_, course1_.description as descript2_1_1_, enrolments2_.semester as semester3_2_, enrolments2_."year" as year4_3_2_, enrolments2_.studentId as studentId4_0__, enrolments2_.studentId as studentId3_0__, enrolments2_.courseCode as courseCode3_0__ from Student student0_ left outer join Course course1_ on student0_.preferredCourseCode=course1_.courseCode left outer join Enrolment enrolments2_ on student0_.studentId=enrolments2_.studentId order by student0_.studentId; parameters: ; named parameters: {}; transformer: org.hibernate.transform.CacheableResultTransformer@2513f6c]
14:18:45,900 DEBUG BaseGeneralDataRegion:52 - Cache[foo.org.hibernate.cache.internal.StandardQueryCache] hit: sql: select student0_.studentId as studentId4_0_, course1_.courseCode as courseCode1_1_, enrolments2_.studentId as studentId3_2_, enrolments2_.courseCode as courseCode3_2_, student0_.name_first as name2_4_0_, student0_.name_middle as name3_4_0_, student0_.name_last as name4_4_0_, student0_.preferredCourseCode as preferre5_4_0_, course1_.description as descript2_1_1_, enrolments2_.semester as semester3_2_, enrolments2_."year" as year4_3_2_, enrolments2_.studentId as studentId4_0__, enrolments2_.studentId as studentId3_0__, enrolments2_.courseCode as courseCode3_0__ from Student student0_ left outer join Course course1_ on student0_.preferredCourseCode=course1_.courseCode left outer join Enrolment enrolments2_ on student0_.studentId=enrolments2_.studentId order by student0_.studentId; parameters: ; named parameters: {}; transformer: org.hibernate.transform.CacheableResultTransformer@2513f6c
14:18:45,900 DEBUG BaseGeneralDataRegion:46 - Cache[foo.org.hibernate.cache.spi.UpdateTimestampsCache] lookup : key[Student]
14:18:45,900 DEBUG BaseGeneralDataRegion:52 - Cache[foo.org.hibernate.cache.spi.UpdateTimestampsCache] hit: Student
14:18:45,901 DEBUG BaseGeneralDataRegion:46 - Cache[foo.org.hibernate.cache.spi.UpdateTimestampsCache] lookup : key[Course]
14:18:45,901 DEBUG BaseGeneralDataRegion:52 - Cache[foo.org.hibernate.cache.spi.UpdateTimestampsCache] hit: Course
14:18:45,901 DEBUG BaseGeneralDataRegion:46 - Cache[foo.org.hibernate.cache.spi.UpdateTimestampsCache] lookup : key[Enrolment]
14:18:45,901 DEBUG BaseGeneralDataRegion:52 - Cache[foo.org.hibernate.cache.spi.UpdateTimestampsCache] hit: Enrolment
14:18:45,901 DEBUG SQL:104 - 
    select
        student0_.studentId as studentId4_0_,
        student0_.name_first as name2_4_0_,
        student0_.name_middle as name3_4_0_,
        student0_.name_last as name4_4_0_,
        student0_.preferredCourseCode as preferre5_4_0_ 
    from
        Student student0_ 
    where
        student0_.studentId=?
14:18:45,901 DEBUG SQL:104 - 
    select
        secretcode0_.studentNumber as studentN1_4_0_,
        secretcode0_.secretCode as secretCode5_0_,
        secretcode0_.i as i0_ 
    from
        Student_secretCodes secretcode0_ 
    where
        secretcode0_.studentNumber=?
14:18:45,902 DEBUG SQL:104 - 
    select
        student0_.studentId as studentId4_0_,
        student0_.name_first as name2_4_0_,
        student0_.name_middle as name3_4_0_,
        student0_.name_last as name4_4_0_,
        student0_.preferredCourseCode as preferre5_4_0_ 
    from
        Student student0_ 
    where
        student0_.studentId=?
14:18:45,902 DEBUG SQL:104 - 
    select
        secretcode0_.studentNumber as studentN1_4_0_,
        secretcode0_.secretCode as secretCode5_0_,
        secretcode0_.i as i0_ 
    from
        Student_secretCodes secretcode0_ 
    where
        secretcode0_.studentNumber=?
14:18:45,903 DEBUG SQL:104 - 
    select
        student_.studentId,
        student_.name_first as name2_4_,
        student_.name_middle as name3_4_,
        student_.name_last as name4_4_,
        student_.preferredCourseCode as preferre5_4_ 
    from
        Student student_ 
    where
        student_.studentId=?
14:18:45,912 DEBUG SQL:104 - 
    select
        enrolment_.studentId,
        enrolment_.courseCode,
        enrolment_.semester as semester3_,
        enrolment_."year" as year4_3_ 
    from
        Enrolment enrolment_ 
    where
        enrolment_.studentId=? 
        and enrolment_.courseCode=?
14:18:45,912 DEBUG SQL:104 - 
    select
        course_.courseCode,
        course_.description as descript2_1_ 
    from
        Course course_ 
    where
        course_.courseCode=?
14:18:45,912 DEBUG SQL:104 - 
    select
        student_.studentId,
        student_.name_first as name2_4_,
        student_.name_middle as name3_4_,
        student_.name_last as name4_4_,
        student_.preferredCourseCode as preferre5_4_ 
    from
        Student student_ 
    where
        student_.studentId=?
14:18:45,921 DEBUG SQL:104 - 
    select
        enrolment_.studentId,
        enrolment_.courseCode,
        enrolment_.semester as semester3_,
        enrolment_."year" as year4_3_ 
    from
        Enrolment enrolment_ 
    where
        enrolment_.studentId=? 
        and enrolment_.courseCode=?
14:18:45,922 DEBUG SQL:104 - 
    select
        coursemeet_.courseCode,
        coursemeet_.day,
        coursemeet_.period,
        coursemeet_.location 
    from
        CourseMeeting coursemeet_ 
    where
        coursemeet_.courseCode=? 
        and coursemeet_.day=? 
        and coursemeet_.period=? 
        and coursemeet_.location=?
14:18:45,922 DEBUG SQL:104 - 
    select
        coursemeet_.courseCode,
        coursemeet_.day,
        coursemeet_.period,
        coursemeet_.location 
    from
        CourseMeeting coursemeet_ 
    where
        coursemeet_.courseCode=? 
        and coursemeet_.day=? 
        and coursemeet_.period=? 
        and coursemeet_.location=?
14:18:45,923 DEBUG BaseGeneralDataRegion:59 - Caching[foo.org.hibernate.cache.spi.UpdateTimestampsCache] : [Enrolment] -> [5579091091140608]
14:18:45,944 DEBUG SQL:104 - 
    update
        Address 
    set
        studentNumber=null,
        addressType=null 
    where
        studentNumber=?
14:18:45,944 DEBUG BaseGeneralDataRegion:59 - Caching[foo.org.hibernate.cache.spi.UpdateTimestampsCache] : [Address] -> [5579091091226624]
14:18:45,944 DEBUG SQL:104 - 
    delete 
    from
        Student_secretCodes 
    where
        studentNumber=?
14:18:45,944 DEBUG BaseGeneralDataRegion:59 - Caching[foo.org.hibernate.cache.spi.UpdateTimestampsCache] : [Student_secretCodes] -> [5579091091226625]
14:18:45,945 DEBUG BaseGeneralDataRegion:59 - Caching[foo.org.hibernate.cache.spi.UpdateTimestampsCache] : [Enrolment] -> [5579091091230720]
14:18:45,945 DEBUG BaseGeneralDataRegion:59 - Caching[foo.org.hibernate.cache.spi.UpdateTimestampsCache] : [Address] -> [5579091091230721]
14:18:45,945 DEBUG SQL:104 - 
    delete 
    from
        Student_secretCodes 
    where
        studentNumber=?
14:18:45,945 DEBUG BaseGeneralDataRegion:59 - Caching[foo.org.hibernate.cache.spi.UpdateTimestampsCache] : [Student_secretCodes] -> [5579091091230722]
14:18:45,945 DEBUG BaseGeneralDataRegion:59 - Caching[foo.org.hibernate.cache.spi.UpdateTimestampsCache] : [CourseMeeting] -> [5579091091230723]
14:18:45,945 DEBUG SQL:104 - 
    delete 
    from
        Enrolment 
    where
        studentId=? 
        and courseCode=?
14:18:45,954 DEBUG BaseGeneralDataRegion:59 - Caching[foo.org.hibernate.cache.spi.UpdateTimestampsCache] : [Enrolment] -> [5579091091267584]
14:18:45,954 DEBUG SQL:104 - 
    delete 
    from
        Address 
    where
        id=?
14:18:45,954 DEBUG BaseGeneralDataRegion:59 - Caching[foo.org.hibernate.cache.spi.UpdateTimestampsCache] : [Address] -> [5579091091267585]
14:18:45,955 DEBUG SQL:104 - 
    delete 
    from
        Address 
    where
        id=?
14:18:45,955 DEBUG BaseGeneralDataRegion:59 - Caching[foo.org.hibernate.cache.spi.UpdateTimestampsCache] : [Address] -> [5579091091271680]
14:18:45,955 DEBUG SQL:104 - 
    delete 
    from
        Student 
    where
        studentId=?
14:18:45,955 DEBUG BaseGeneralDataRegion:59 - Caching[foo.org.hibernate.cache.spi.UpdateTimestampsCache] : [Student] -> [5579091091271681]
14:18:45,955 DEBUG SQL:104 - 
    delete 
    from
        Enrolment 
    where
        studentId=? 
        and courseCode=?
14:18:45,965 DEBUG BaseGeneralDataRegion:59 - Caching[foo.org.hibernate.cache.spi.UpdateTimestampsCache] : [Enrolment] -> [5579091091312640]
14:18:45,965 DEBUG SQL:104 - 
    delete 
    from
        Student 
    where
        studentId=?
14:18:45,965 DEBUG BaseGeneralDataRegion:59 - Caching[foo.org.hibernate.cache.spi.UpdateTimestampsCache] : [Student] -> [5579091091312641]
14:18:45,965 DEBUG SQL:104 - 
    delete 
    from
        CourseMeeting 
    where
        courseCode=? 
        and day=? 
        and period=? 
        and location=?
14:18:45,966 DEBUG BaseGeneralDataRegion:59 - Caching[foo.org.hibernate.cache.spi.UpdateTimestampsCache] : [CourseMeeting] -> [5579091091316736]
14:18:45,966 DEBUG SQL:104 - 
    delete 
    from
        CourseMeeting 
    where
        courseCode=? 
        and day=? 
        and period=? 
        and location=?
14:18:45,974 DEBUG BaseGeneralDataRegion:59 - Caching[foo.org.hibernate.cache.spi.UpdateTimestampsCache] : [CourseMeeting] -> [5579091091349504]
14:18:45,974 DEBUG SQL:104 - 
    delete 
    from
        Course 
    where
        courseCode=?
14:18:45,974 DEBUG BaseGeneralDataRegion:59 - Caching[foo.org.hibernate.cache.spi.UpdateTimestampsCache] : [Course] -> [5579091091349505]
14:18:45,975 DEBUG BaseGeneralDataRegion:59 - Caching[foo.org.hibernate.cache.spi.UpdateTimestampsCache] : [Student] -> [5579090845593600]
14:18:45,975 DEBUG BaseGeneralDataRegion:59 - Caching[foo.org.hibernate.cache.spi.UpdateTimestampsCache] : [Course] -> [5579090845593600]
14:18:45,975 DEBUG BaseGeneralDataRegion:59 - Caching[foo.org.hibernate.cache.spi.UpdateTimestampsCache] : [Enrolment] -> [5579090845593600]
14:18:45,975 DEBUG BaseGeneralDataRegion:59 - Caching[foo.org.hibernate.cache.spi.UpdateTimestampsCache] : [Student_secretCodes] -> [5579090845593600]
14:18:45,975 DEBUG BaseGeneralDataRegion:59 - Caching[foo.org.hibernate.cache.spi.UpdateTimestampsCache] : [Address] -> [5579090845593600]
14:18:45,975 DEBUG BaseGeneralDataRegion:59 - Caching[foo.org.hibernate.cache.spi.UpdateTimestampsCache] : [CourseMeeting] -> [5579090845593600]
14:18:45,977  INFO CustomRunner:139 - Test: testMultiSelectNewList
14:18:45,979 DEBUG SQL:104 - 
    select
        coursemeet_.courseCode,
        coursemeet_.day,
        coursemeet_.period,
        coursemeet_.location 
    from
        CourseMeeting coursemeet_ 
    where
        coursemeet_.courseCode=? 
        and coursemeet_.day=? 
        and coursemeet_.period=? 
        and coursemeet_.location=?
14:18:45,987 DEBUG SQL:104 - 
    select
        coursemeet_.courseCode,
        coursemeet_.day,
        coursemeet_.period,
        coursemeet_.location 
    from
        CourseMeeting coursemeet_ 
    where
        coursemeet_.courseCode=? 
        and coursemeet_.day=? 
        and coursemeet_.period=? 
        and coursemeet_.location=?
14:18:45,988 DEBUG SQL:104 - 
    insert 
    into
        Course
        (description, courseCode) 
    values
        (?, ?)
14:18:45,988 DEBUG BaseGeneralDataRegion:59 - Caching[foo.org.hibernate.cache.spi.UpdateTimestampsCache] : [Course] -> [5579091091406848]
14:18:45,988 DEBUG SQL:104 - 
    insert 
    into
        CourseMeeting
        (courseCode, day, period, location) 
    values
        (?, ?, ?, ?)
14:18:45,997 DEBUG BaseGeneralDataRegion:59 - Caching[foo.org.hibernate.cache.spi.UpdateTimestampsCache] : [CourseMeeting] -> [5579091091443712]
14:18:45,997 DEBUG SQL:104 - 
    insert 
    into
        CourseMeeting
        (courseCode, day, period, location) 
    values
        (?, ?, ?, ?)
14:18:45,997 DEBUG BaseGeneralDataRegion:59 - Caching[foo.org.hibernate.cache.spi.UpdateTimestampsCache] : [CourseMeeting] -> [5579091091443713]
14:18:45,997 DEBUG SQL:104 - 
    insert 
    into
        Student
        (name_first, name_middle, name_last, preferredCourseCode, studentId) 
    values
        (?, ?, ?, ?, ?)
14:18:45,997 DEBUG BaseGeneralDataRegion:59 - Caching[foo.org.hibernate.cache.spi.UpdateTimestampsCache] : [Student] -> [5579091091443714]
14:18:45,998 DEBUG SQL:104 - 
    insert 
    into
        Address
        (addressType, street, city, stateProvince, postalCode, country, studentNumber, id) 
    values
        (?, ?, ?, ?, ?, ?, ?, ?)
14:18:45,998 DEBUG BaseGeneralDataRegion:59 - Caching[foo.org.hibernate.cache.spi.UpdateTimestampsCache] : [Address] -> [5579091091447808]
14:18:45,998 DEBUG SQL:104 - 
    insert 
    into
        Address
        (addressType, street, city, stateProvince, postalCode, country, studentNumber, id) 
    values
        (?, ?, ?, ?, ?, ?, ?, ?)
14:18:46,006 DEBUG BaseGeneralDataRegion:59 - Caching[foo.org.hibernate.cache.spi.UpdateTimestampsCache] : [Address] -> [5579091091480576]
14:18:46,006 DEBUG SQL:104 - 
    insert 
    into
        Student
        (name_first, name_middle, name_last, preferredCourseCode, studentId) 
    values
        (?, ?, ?, ?, ?)
14:18:46,007 DEBUG BaseGeneralDataRegion:59 - Caching[foo.org.hibernate.cache.spi.UpdateTimestampsCache] : [Student] -> [5579091091484672]
14:18:46,007 DEBUG SQL:104 - 
    insert 
    into
        Enrolment
        (semester, "year", studentId, courseCode) 
    values
        (?, ?, ?, ?)
14:18:46,007 DEBUG BaseGeneralDataRegion:59 - Caching[foo.org.hibernate.cache.spi.UpdateTimestampsCache] : [Enrolment] -> [5579091091484673]
14:18:46,007 DEBUG SQL:104 - 
    insert 
    into
        Enrolment
        (semester, "year", studentId, courseCode) 
    values
        (?, ?, ?, ?)
14:18:46,015 DEBUG BaseGeneralDataRegion:59 - Caching[foo.org.hibernate.cache.spi.UpdateTimestampsCache] : [Enrolment] -> [5579091091517440]
14:18:46,015 DEBUG BaseGeneralDataRegion:59 - Caching[foo.org.hibernate.cache.spi.UpdateTimestampsCache] : [CourseMeeting] -> [5579091091517441]
14:18:46,015 DEBUG BaseGeneralDataRegion:59 - Caching[foo.org.hibernate.cache.spi.UpdateTimestampsCache] : [Enrolment] -> [5579091091517442]
14:18:46,015 DEBUG SQL:104 - 
    update
        Address 
    set
        studentNumber=?,
        addressType=? 
    where
        id=?
14:18:46,016 DEBUG SQL:104 - 
    update
        Address 
    set
        studentNumber=?,
        addressType=? 
    where
        id=?
14:18:46,016 DEBUG BaseGeneralDataRegion:59 - Caching[foo.org.hibernate.cache.spi.UpdateTimestampsCache] : [Address] -> [5579091091521536]
14:18:46,016 DEBUG SQL:104 - 
    insert 
    into
        Student_secretCodes
        (studentNumber, i, secretCode) 
    values
        (?, ?, ?)
14:18:46,016 DEBUG BaseGeneralDataRegion:59 - Caching[foo.org.hibernate.cache.spi.UpdateTimestampsCache] : [Student_secretCodes] -> [5579091091521537]
14:18:46,024 DEBUG BaseGeneralDataRegion:59 - Caching[foo.org.hibernate.cache.spi.UpdateTimestampsCache] : [Enrolment] -> [5579091091554304]
14:18:46,024 DEBUG BaseGeneralDataRegion:59 - Caching[foo.org.hibernate.cache.spi.UpdateTimestampsCache] : [Address] -> [5579091091554305]
14:18:46,024 DEBUG SQL:104 - 
    insert 
    into
        Student_secretCodes
        (studentNumber, i, secretCode) 
    values
        (?, ?, ?)
14:18:46,024 DEBUG SQL:104 - 
    insert 
    into
        Student_secretCodes
        (studentNumber, i, secretCode) 
    values
        (?, ?, ?)
14:18:46,024 DEBUG BaseGeneralDataRegion:59 - Caching[foo.org.hibernate.cache.spi.UpdateTimestampsCache] : [Student_secretCodes] -> [5579091091554306]
14:18:46,025 DEBUG BaseGeneralDataRegion:59 - Caching[foo.org.hibernate.cache.spi.UpdateTimestampsCache] : [Student] -> [5579090845798400]
14:18:46,025 DEBUG BaseGeneralDataRegion:59 - Caching[foo.org.hibernate.cache.spi.UpdateTimestampsCache] : [Course] -> [5579090845798400]
14:18:46,025 DEBUG BaseGeneralDataRegion:59 - Caching[foo.org.hibernate.cache.spi.UpdateTimestampsCache] : [Enrolment] -> [5579090845798400]
14:18:46,025 DEBUG BaseGeneralDataRegion:59 - Caching[foo.org.hibernate.cache.spi.UpdateTimestampsCache] : [Student_secretCodes] -> [5579090845798400]
14:18:46,025 DEBUG BaseGeneralDataRegion:59 - Caching[foo.org.hibernate.cache.spi.UpdateTimestampsCache] : [Address] -> [5579090845798400]
14:18:46,025 DEBUG BaseGeneralDataRegion:59 - Caching[foo.org.hibernate.cache.spi.UpdateTimestampsCache] : [CourseMeeting] -> [5579090845798400]
14:18:46,026 DEBUG QueryTranslatorImpl:265 - parse() - HQL: select new Student(s.studentNumber, s.name) from org.hibernate.test.querycache.Student s order by s.studentNumber
14:18:46,027 DEBUG QueryTranslatorImpl:283 - --- HQL AST ---
 \-[QUERY] Node: 'query'
    +-[SELECT_FROM] Node: 'SELECT_FROM'
    |  +-[FROM] Node: 'from'
    |  |  \-[RANGE] Node: 'RANGE'
    |  |     +-[DOT] Node: '.'
    |  |     |  +-[DOT] Node: '.'
    |  |     |  |  +-[DOT] Node: '.'
    |  |     |  |  |  +-[DOT] Node: '.'
    |  |     |  |  |  |  +-[IDENT] Node: 'org'
    |  |     |  |  |  |  \-[IDENT] Node: 'hibernate'
    |  |     |  |  |  \-[IDENT] Node: 'test'
    |  |     |  |  \-[IDENT] Node: 'querycache'
    |  |     |  \-[IDENT] Node: 'Student'
    |  |     \-[ALIAS] Node: 's'
    |  \-[SELECT] Node: 'select'
    |     \-[CONSTRUCTOR] Node: '('
    |        +-[IDENT] Node: 'Student'
    |        +-[DOT] Node: '.'
    |        |  +-[IDENT] Node: 's'
    |        |  \-[IDENT] Node: 'studentNumber'
    |        \-[DOT] Node: '.'
    |           +-[IDENT] Node: 's'
    |           \-[IDENT] Node: 'name'
    \-[ORDER] Node: 'order'
       \-[DOT] Node: '.'
          +-[IDENT] Node: 's'
          \-[IDENT] Node: 'studentNumber'

14:18:46,027 DEBUG ErrorCounter:82 - throwQueryException() : no errors
14:18:46,028 DEBUG FromElement:157 - FromClause{level=1} : org.hibernate.test.querycache.Student (s) -> student0_
14:18:46,028 DEBUG FromReferenceNode:74 - Resolved : s -> student0_.studentId
14:18:46,028 DEBUG DotNode:599 - getDataType() : studentNumber -> org.hibernate.type.LongType@4bf3f9d
14:18:46,028 DEBUG FromReferenceNode:74 - Resolved : s.studentNumber -> student0_.studentId
14:18:46,028 DEBUG FromReferenceNode:74 - Resolved : s -> student0_.studentId
14:18:46,028 DEBUG DotNode:599 - getDataType() : name -> org.hibernate.type.ComponentType@2b5b5cbc
14:18:46,029 DEBUG DotNode:588 - Terminal propertyPath = [name]
14:18:46,110 DEBUG FromReferenceNode:74 - Resolved : s.name -> student0_.name_first, student0_.name_middle, student0_.name_last
14:18:46,111 DEBUG FromReferenceNode:74 - Resolved : s -> student0_.studentId
14:18:46,111 DEBUG DotNode:599 - getDataType() : studentNumber -> org.hibernate.type.LongType@4bf3f9d
14:18:46,111 DEBUG FromReferenceNode:74 - Resolved : s.studentNumber -> student0_.studentId
14:18:46,111 DEBUG HqlSqlWalker:629 - processQuery() :  ( SELECT ( {select clause} ( ( Student ( student0_.studentId student0_.studentId studentNumber ) ( student0_.name_first, student0_.name_middle, student0_.name_last student0_.studentId name ) ) ) ( FromClause{level=1} Student student0_ ) ( order ( student0_.studentId student0_.studentId studentNumber ) ) )
14:18:46,112 DEBUG JoinProcessor:175 - Using FROM fragment [Student student0_]
14:18:46,112 DEBUG QueryTranslatorImpl:252 - --- SQL AST ---
 \-[SELECT] QueryNode: 'SELECT'  querySpaces (Student)
    +-[SELECT_CLAUSE] SelectClause: '{select clause}'
    |  \-[CONSTRUCTOR] ConstructorNode: '('
    |     +-[IDENT] IdentNode: 'Student' {originalText=Student}
    |     +-[DOT] DotNode: 'student0_.studentId' {propertyName=studentNumber,dereferenceType=ALL,propertyPath=studentNumber,path=s.studentNumber,tableAlias=student0_,className=org.hibernate.test.querycache.Student,classAlias=s}
    |     |  +-[ALIAS_REF] IdentNode: 'student0_.studentId' {alias=s, className=org.hibernate.test.querycache.Student, tableAlias=student0_}
    |     |  \-[IDENT] IdentNode: 'studentNumber' {originalText=studentNumber}
    |     +-[SELECT_COLUMNS] SqlNode: ' as col_0_0_'
    |     +-[DOT] DotNode: 'student0_.name_first' {propertyName=name,dereferenceType=2,propertyPath=name,path=s.name,tableAlias=student0_,className=org.hibernate.test.querycache.Student,classAlias=s}
    |     |  +-[ALIAS_REF] IdentNode: 'student0_.studentId' {alias=s, className=org.hibernate.test.querycache.Student, tableAlias=student0_}
    |     |  \-[IDENT] IdentNode: 'name' {originalText=name}
    |     +-[SELECT_COLUMNS] SqlNode: ' as col_1_0_'
    |     +-[SQL_TOKEN] SqlFragment: 'student0_.name_middle'
    |     +-[SELECT_COLUMNS] SqlNode: ' as col_1_1_'
    |     +-[SQL_TOKEN] SqlFragment: 'student0_.name_last'
    |     \-[SELECT_COLUMNS] SqlNode: ' as col_1_2_'
    +-[FROM] FromClause: 'from' FromClause{level=1, fromElementCounter=1, fromElements=1, fromElementByClassAlias=[s], fromElementByTableAlias=[student0_], fromElementsByPath=[], collectionJoinFromElementsByPath=[], impliedElements=[]}
    |  \-[FROM_FRAGMENT] FromElement: 'Student student0_' FromElement{explicit,not a collection join,not a fetch join,fetch non-lazy properties,classAlias=s,role=null,tableName=Student,tableAlias=student0_,origin=null,columns={,className=org.hibernate.test.querycache.Student}}
    \-[ORDER] OrderByClause: 'order'
       \-[DOT] DotNode: 'student0_.studentId' {propertyName=studentNumber,dereferenceType=ALL,propertyPath=studentNumber,path=s.studentNumber,tableAlias=student0_,className=org.hibernate.test.querycache.Student,classAlias=s}
          +-[ALIAS_REF] IdentNode: 'student0_.studentId' {alias=s, className=org.hibernate.test.querycache.Student, tableAlias=student0_}
          \-[IDENT] IdentNode: 'studentNumber' {originalText=studentNumber}

14:18:46,112 DEBUG ErrorCounter:82 - throwQueryException() : no errors
14:18:46,112 DEBUG QueryTranslatorImpl:235 - HQL: select new Student(s.studentNumber, s.name) from org.hibernate.test.querycache.Student s order by s.studentNumber
14:18:46,112 DEBUG QueryTranslatorImpl:236 - SQL: select student0_.studentId as col_0_0_, student0_.name_first as col_1_0_, student0_.name_middle as col_1_1_, student0_.name_last as col_1_2_ from Student student0_ order by student0_.studentId
14:18:46,112 DEBUG ErrorCounter:82 - throwQueryException() : no errors
14:18:46,113 DEBUG BaseGeneralDataRegion:46 - Cache[foo.org.hibernate.cache.internal.StandardQueryCache] lookup : key[sql: select student0_.studentId as col_0_0_, student0_.name_first as col_1_0_, student0_.name_middle as col_1_1_, student0_.name_last as col_1_2_ from Student student0_ order by student0_.studentId; parameters: ; named parameters: {}; transformer: org.hibernate.transform.CacheableResultTransformer@1406bf]
14:18:46,113 DEBUG SQL:104 - 
    select
        student0_.studentId as col_0_0_,
        student0_.name_first as col_1_0_,
        student0_.name_middle as col_1_1_,
        student0_.name_last as col_1_2_ 
    from
        Student student0_ 
    order by
        student0_.studentId
14:18:46,113 DEBUG BaseGeneralDataRegion:59 - Caching[foo.org.hibernate.cache.internal.StandardQueryCache] : [sql: select student0_.studentId as col_0_0_, student0_.name_first as col_1_0_, student0_.name_middle as col_1_1_, student0_.name_last as col_1_2_ from Student student0_ order by student0_.studentId; parameters: ; named parameters: {}; transformer: org.hibernate.transform.CacheableResultTransformer@1406bf] -> [[5579090846158848, [Ljava.io.Serializable;@394d9fd9, [Ljava.io.Serializable;@17397cf3]]
14:18:46,114 DEBUG BaseGeneralDataRegion:46 - Cache[foo.org.hibernate.cache.internal.StandardQueryCache] lookup : key[sql: select student0_.studentId as col_0_0_, student0_.name_first as col_1_0_, student0_.name_middle as col_1_1_, student0_.name_last as col_1_2_ from Student student0_ order by student0_.studentId; parameters: ; named parameters: {}; transformer: org.hibernate.transform.CacheableResultTransformer@1406bf]
14:18:46,114 DEBUG BaseGeneralDataRegion:52 - Cache[foo.org.hibernate.cache.internal.StandardQueryCache] hit: sql: select student0_.studentId as col_0_0_, student0_.name_first as col_1_0_, student0_.name_middle as col_1_1_, student0_.name_last as col_1_2_ from Student student0_ order by student0_.studentId; parameters: ; named parameters: {}; transformer: org.hibernate.transform.CacheableResultTransformer@1406bf
14:18:46,114 DEBUG BaseGeneralDataRegion:46 - Cache[foo.org.hibernate.cache.spi.UpdateTimestampsCache] lookup : key[Student]
14:18:46,114 DEBUG BaseGeneralDataRegion:52 - Cache[foo.org.hibernate.cache.spi.UpdateTimestampsCache] hit: Student
14:18:46,114 DEBUG SQL:104 - 
    select
        student_.studentId,
        student_.name_first as name2_4_,
        student_.name_middle as name3_4_,
        student_.name_last as name4_4_,
        student_.preferredCourseCode as preferre5_4_ 
    from
        Student student_ 
    where
        student_.studentId=?
14:18:46,114 DEBUG SQL:104 - 
    select
        enrolment_.studentId,
        enrolment_.courseCode,
        enrolment_.semester as semester3_,
        enrolment_."year" as year4_3_ 
    from
        Enrolment enrolment_ 
    where
        enrolment_.studentId=? 
        and enrolment_.courseCode=?
14:18:46,115 DEBUG SQL:104 - 
    select
        course_.courseCode,
        course_.description as descript2_1_ 
    from
        Course course_ 
    where
        course_.courseCode=?
14:18:46,115 DEBUG SQL:104 - 
    select
        student_.studentId,
        student_.name_first as name2_4_,
        student_.name_middle as name3_4_,
        student_.name_last as name4_4_,
        student_.preferredCourseCode as preferre5_4_ 
    from
        Student student_ 
    where
        student_.studentId=?
14:18:46,115 DEBUG SQL:104 - 
    select
        enrolment_.studentId,
        enrolment_.courseCode,
        enrolment_.semester as semester3_,
        enrolment_."year" as year4_3_ 
    from
        Enrolment enrolment_ 
    where
        enrolment_.studentId=? 
        and enrolment_.courseCode=?
14:18:46,115 DEBUG SQL:104 - 
    select
        coursemeet_.courseCode,
        coursemeet_.day,
        coursemeet_.period,
        coursemeet_.location 
    from
        CourseMeeting coursemeet_ 
    where
        coursemeet_.courseCode=? 
        and coursemeet_.day=? 
        and coursemeet_.period=? 
        and coursemeet_.location=?
14:18:46,116 DEBUG SQL:104 - 
    select
        coursemeet_.courseCode,
        coursemeet_.day,
        coursemeet_.period,
        coursemeet_.location 
    from
        CourseMeeting coursemeet_ 
    where
        coursemeet_.courseCode=? 
        and coursemeet_.day=? 
        and coursemeet_.period=? 
        and coursemeet_.location=?
14:18:46,116 DEBUG BaseGeneralDataRegion:59 - Caching[foo.org.hibernate.cache.spi.UpdateTimestampsCache] : [Enrolment] -> [5579091091931136]
14:18:46,116 DEBUG SQL:104 - 
    update
        Address 
    set
        studentNumber=null,
        addressType=null 
    where
        studentNumber=?
14:18:46,116 DEBUG BaseGeneralDataRegion:59 - Caching[foo.org.hibernate.cache.spi.UpdateTimestampsCache] : [Address] -> [5579091091931137]
14:18:46,117 DEBUG SQL:104 - 
    delete 
    from
        Student_secretCodes 
    where
        studentNumber=?
14:18:46,128 DEBUG BaseGeneralDataRegion:59 - Caching[foo.org.hibernate.cache.spi.UpdateTimestampsCache] : [Student_secretCodes] -> [5579091091980288]
14:18:46,128 DEBUG BaseGeneralDataRegion:59 - Caching[foo.org.hibernate.cache.spi.UpdateTimestampsCache] : [Enrolment] -> [5579091091980289]
14:18:46,128 DEBUG BaseGeneralDataRegion:59 - Caching[foo.org.hibernate.cache.spi.UpdateTimestampsCache] : [Address] -> [5579091091980290]
14:18:46,128 DEBUG SQL:104 - 
    delete 
    from
        Student_secretCodes 
    where
        studentNumber=?
14:18:46,128 DEBUG BaseGeneralDataRegion:59 - Caching[foo.org.hibernate.cache.spi.UpdateTimestampsCache] : [Student_secretCodes] -> [5579091091980291]
14:18:46,128 DEBUG BaseGeneralDataRegion:59 - Caching[foo.org.hibernate.cache.spi.UpdateTimestampsCache] : [CourseMeeting] -> [5579091091980292]
14:18:46,128 DEBUG SQL:104 - 
    delete 
    from
        Enrolment 
    where
        studentId=? 
        and courseCode=?
14:18:46,129 DEBUG BaseGeneralDataRegion:59 - Caching[foo.org.hibernate.cache.spi.UpdateTimestampsCache] : [Enrolment] -> [5579091091984384]
14:18:46,129 DEBUG SQL:104 - 
    delete 
    from
        Address 
    where
        id=?
14:18:46,129 DEBUG BaseGeneralDataRegion:59 - Caching[foo.org.hibernate.cache.spi.UpdateTimestampsCache] : [Address] -> [5579091091984385]
14:18:46,129 DEBUG SQL:104 - 
    delete 
    from
        Address 
    where
        id=?
14:18:46,129 DEBUG BaseGeneralDataRegion:59 - Caching[foo.org.hibernate.cache.spi.UpdateTimestampsCache] : [Address] -> [5579091091984386]
14:18:46,129 DEBUG SQL:104 - 
    delete 
    from
        Student 
    where
        studentId=?
14:18:46,130 DEBUG BaseGeneralDataRegion:59 - Caching[foo.org.hibernate.cache.spi.UpdateTimestampsCache] : [Student] -> [5579091091988480]
14:18:46,130 DEBUG SQL:104 - 
    delete 
    from
        Enrolment 
    where
        studentId=? 
        and courseCode=?
14:18:46,130 DEBUG BaseGeneralDataRegion:59 - Caching[foo.org.hibernate.cache.spi.UpdateTimestampsCache] : [Enrolment] -> [5579091091988481]
14:18:46,130 DEBUG SQL:104 - 
    delete 
    from
        Student 
    where
        studentId=?
14:18:46,130 DEBUG BaseGeneralDataRegion:59 - Caching[foo.org.hibernate.cache.spi.UpdateTimestampsCache] : [Student] -> [5579091091988482]
14:18:46,130 DEBUG SQL:104 - 
    delete 
    from
        CourseMeeting 
    where
        courseCode=? 
        and day=? 
        and period=? 
        and location=?
14:18:46,130 DEBUG BaseGeneralDataRegion:59 - Caching[foo.org.hibernate.cache.spi.UpdateTimestampsCache] : [CourseMeeting] -> [5579091091988483]
14:18:46,131 DEBUG SQL:104 - 
    delete 
    from
        CourseMeeting 
    where
        courseCode=? 
        and day=? 
        and period=? 
        and location=?
14:18:46,131 DEBUG BaseGeneralDataRegion:59 - Caching[foo.org.hibernate.cache.spi.UpdateTimestampsCache] : [CourseMeeting] -> [5579091091992576]
14:18:46,131 DEBUG SQL:104 - 
    delete 
    from
        Course 
    where
        courseCode=?
14:18:46,131 DEBUG BaseGeneralDataRegion:59 - Caching[foo.org.hibernate.cache.spi.UpdateTimestampsCache] : [Course] -> [5579091091992577]
14:18:46,131 DEBUG BaseGeneralDataRegion:59 - Caching[foo.org.hibernate.cache.spi.UpdateTimestampsCache] : [Student] -> [5579090846232578]
14:18:46,131 DEBUG BaseGeneralDataRegion:59 - Caching[foo.org.hibernate.cache.spi.UpdateTimestampsCache] : [Course] -> [5579090846232578]
14:18:46,131 DEBUG BaseGeneralDataRegion:59 - Caching[foo.org.hibernate.cache.spi.UpdateTimestampsCache] : [Enrolment] -> [5579090846232578]
14:18:46,131 DEBUG BaseGeneralDataRegion:59 - Caching[foo.org.hibernate.cache.spi.UpdateTimestampsCache] : [Student_secretCodes] -> [5579090846232578]
14:18:46,131 DEBUG BaseGeneralDataRegion:59 - Caching[foo.org.hibernate.cache.spi.UpdateTimestampsCache] : [Address] -> [5579090846232578]
14:18:46,132 DEBUG BaseGeneralDataRegion:59 - Caching[foo.org.hibernate.cache.spi.UpdateTimestampsCache] : [CourseMeeting] -> [5579090846232578]
14:18:46,132  INFO CustomRunner:139 - Test: testMultiSelectNewListList
14:18:46,147 DEBUG SQL:104 - 
    select
        coursemeet_.courseCode,
        coursemeet_.day,
        coursemeet_.period,
        coursemeet_.location 
    from
        CourseMeeting coursemeet_ 
    where
        coursemeet_.courseCode=? 
        and coursemeet_.day=? 
        and coursemeet_.period=? 
        and coursemeet_.location=?
14:18:46,147 DEBUG SQL:104 - 
    select
        coursemeet_.courseCode,
        coursemeet_.day,
        coursemeet_.period,
        coursemeet_.location 
    from
        CourseMeeting coursemeet_ 
    where
        coursemeet_.courseCode=? 
        and coursemeet_.day=? 
        and coursemeet_.period=? 
        and coursemeet_.location=?
14:18:46,148 DEBUG SQL:104 - 
    insert 
    into
        Course
        (description, courseCode) 
    values
        (?, ?)
14:18:46,149 DEBUG BaseGeneralDataRegion:59 - Caching[foo.org.hibernate.cache.spi.UpdateTimestampsCache] : [Course] -> [5579091092066304]
14:18:46,149 DEBUG SQL:104 - 
    insert 
    into
        CourseMeeting
        (courseCode, day, period, location) 
    values
        (?, ?, ?, ?)
14:18:46,149 DEBUG BaseGeneralDataRegion:59 - Caching[foo.org.hibernate.cache.spi.UpdateTimestampsCache] : [CourseMeeting] -> [5579091092066305]
14:18:46,149 DEBUG SQL:104 - 
    insert 
    into
        CourseMeeting
        (courseCode, day, period, location) 
    values
        (?, ?, ?, ?)
14:18:46,149 DEBUG BaseGeneralDataRegion:59 - Caching[foo.org.hibernate.cache.spi.UpdateTimestampsCache] : [CourseMeeting] -> [5579091092066306]
14:18:46,149 DEBUG SQL:104 - 
    insert 
    into
        Student
        (name_first, name_middle, name_last, preferredCourseCode, studentId) 
    values
        (?, ?, ?, ?, ?)
14:18:46,149 DEBUG BaseGeneralDataRegion:59 - Caching[foo.org.hibernate.cache.spi.UpdateTimestampsCache] : [Student] -> [5579091092066307]
14:18:46,150 DEBUG SQL:104 - 
    insert 
    into
        Address
        (addressType, street, city, stateProvince, postalCode, country, studentNumber, id) 
    values
        (?, ?, ?, ?, ?, ?, ?, ?)
14:18:46,150 DEBUG BaseGeneralDataRegion:59 - Caching[foo.org.hibernate.cache.spi.UpdateTimestampsCache] : [Address] -> [5579091092070400]
14:18:46,150 DEBUG SQL:104 - 
    insert 
    into
        Address
        (addressType, street, city, stateProvince, postalCode, country, studentNumber, id) 
    values
        (?, ?, ?, ?, ?, ?, ?, ?)
14:18:46,161 DEBUG BaseGeneralDataRegion:59 - Caching[foo.org.hibernate.cache.spi.UpdateTimestampsCache] : [Address] -> [5579091092115456]
14:18:46,162 DEBUG SQL:104 - 
    insert 
    into
        Student
        (name_first, name_middle, name_last, preferredCourseCode, studentId) 
    values
        (?, ?, ?, ?, ?)
14:18:46,162 DEBUG BaseGeneralDataRegion:59 - Caching[foo.org.hibernate.cache.spi.UpdateTimestampsCache] : [Student] -> [5579091092119552]
14:18:46,163 DEBUG SQL:104 - 
    insert 
    into
        Enrolment
        (semester, "year", studentId, courseCode) 
    values
        (?, ?, ?, ?)
14:18:46,163 DEBUG BaseGeneralDataRegion:59 - Caching[foo.org.hibernate.cache.spi.UpdateTimestampsCache] : [Enrolment] -> [5579091092123648]
14:18:46,163 DEBUG SQL:104 - 
    insert 
    into
        Enrolment
        (semester, "year", studentId, courseCode) 
    values
        (?, ?, ?, ?)
14:18:46,173 DEBUG BaseGeneralDataRegion:59 - Caching[foo.org.hibernate.cache.spi.UpdateTimestampsCache] : [Enrolment] -> [5579091092164608]
14:18:46,173 DEBUG BaseGeneralDataRegion:59 - Caching[foo.org.hibernate.cache.spi.UpdateTimestampsCache] : [CourseMeeting] -> [5579091092164609]
14:18:46,173 DEBUG BaseGeneralDataRegion:59 - Caching[foo.org.hibernate.cache.spi.UpdateTimestampsCache] : [Enrolment] -> [5579091092164610]
14:18:46,173 DEBUG SQL:104 - 
    update
        Address 
    set
        studentNumber=?,
        addressType=? 
    where
        id=?
14:18:46,174 DEBUG SQL:104 - 
    update
        Address 
    set
        studentNumber=?,
        addressType=? 
    where
        id=?
14:18:46,174 DEBUG BaseGeneralDataRegion:59 - Caching[foo.org.hibernate.cache.spi.UpdateTimestampsCache] : [Address] -> [5579091092168704]
14:18:46,174 DEBUG SQL:104 - 
    insert 
    into
        Student_secretCodes
        (studentNumber, i, secretCode) 
    values
        (?, ?, ?)
14:18:46,174 DEBUG BaseGeneralDataRegion:59 - Caching[foo.org.hibernate.cache.spi.UpdateTimestampsCache] : [Student_secretCodes] -> [5579091092168705]
14:18:46,174 DEBUG BaseGeneralDataRegion:59 - Caching[foo.org.hibernate.cache.spi.UpdateTimestampsCache] : [Enrolment] -> [5579091092168706]
14:18:46,174 DEBUG BaseGeneralDataRegion:59 - Caching[foo.org.hibernate.cache.spi.UpdateTimestampsCache] : [Address] -> [5579091092168707]
14:18:46,174 DEBUG SQL:104 - 
    insert 
    into
        Student_secretCodes
        (studentNumber, i, secretCode) 
    values
        (?, ?, ?)
14:18:46,175 DEBUG SQL:104 - 
    insert 
    into
        Student_secretCodes
        (studentNumber, i, secretCode) 
    values
        (?, ?, ?)
14:18:46,195 DEBUG BaseGeneralDataRegion:59 - Caching[foo.org.hibernate.cache.spi.UpdateTimestampsCache] : [Student_secretCodes] -> [5579091092254720]
14:18:46,196 DEBUG BaseGeneralDataRegion:59 - Caching[foo.org.hibernate.cache.spi.UpdateTimestampsCache] : [Student] -> [5579090846498816]
14:18:46,196 DEBUG BaseGeneralDataRegion:59 - Caching[foo.org.hibernate.cache.spi.UpdateTimestampsCache] : [Course] -> [5579090846498816]
14:18:46,196 DEBUG BaseGeneralDataRegion:59 - Caching[foo.org.hibernate.cache.spi.UpdateTimestampsCache] : [Enrolment] -> [5579090846498816]
14:18:46,196 DEBUG BaseGeneralDataRegion:59 - Caching[foo.org.hibernate.cache.spi.UpdateTimestampsCache] : [Student_secretCodes] -> [5579090846498816]
14:18:46,196 DEBUG BaseGeneralDataRegion:59 - Caching[foo.org.hibernate.cache.spi.UpdateTimestampsCache] : [Address] -> [5579090846498816]
14:18:46,196 DEBUG BaseGeneralDataRegion:59 - Caching[foo.org.hibernate.cache.spi.UpdateTimestampsCache] : [CourseMeeting] -> [5579090846498816]
14:18:46,196 DEBUG QueryTranslatorImpl:265 - parse() - HQL: select new list(s.studentNumber, s.name) from org.hibernate.test.querycache.Student s order by s.studentNumber
14:18:46,198 DEBUG QueryTranslatorImpl:283 - --- HQL AST ---
 \-[QUERY] Node: 'query'
    +-[SELECT_FROM] Node: 'SELECT_FROM'
    |  +-[FROM] Node: 'from'
    |  |  \-[RANGE] Node: 'RANGE'
    |  |     +-[DOT] Node: '.'
    |  |     |  +-[DOT] Node: '.'
    |  |     |  |  +-[DOT] Node: '.'
    |  |     |  |  |  +-[DOT] Node: '.'
    |  |     |  |  |  |  +-[IDENT] Node: 'org'
    |  |     |  |  |  |  \-[IDENT] Node: 'hibernate'
    |  |     |  |  |  \-[IDENT] Node: 'test'
    |  |     |  |  \-[IDENT] Node: 'querycache'
    |  |     |  \-[IDENT] Node: 'Student'
    |  |     \-[ALIAS] Node: 's'
    |  \-[SELECT] Node: 'select'
    |     \-[CONSTRUCTOR] Node: '('
    |        +-[IDENT] Node: 'list'
    |        +-[DOT] Node: '.'
    |        |  +-[IDENT] Node: 's'
    |        |  \-[IDENT] Node: 'studentNumber'
    |        \-[DOT] Node: '.'
    |           +-[IDENT] Node: 's'
    |           \-[IDENT] Node: 'name'
    \-[ORDER] Node: 'order'
       \-[DOT] Node: '.'
          +-[IDENT] Node: 's'
          \-[IDENT] Node: 'studentNumber'

14:18:46,205 DEBUG ErrorCounter:82 - throwQueryException() : no errors
14:18:46,206 DEBUG FromElement:157 - FromClause{level=1} : org.hibernate.test.querycache.Student (s) -> student0_
14:18:46,206 DEBUG FromReferenceNode:74 - Resolved : s -> student0_.studentId
14:18:46,206 DEBUG DotNode:599 - getDataType() : studentNumber -> org.hibernate.type.LongType@4bf3f9d
14:18:46,206 DEBUG FromReferenceNode:74 - Resolved : s.studentNumber -> student0_.studentId
14:18:46,206 DEBUG FromReferenceNode:74 - Resolved : s -> student0_.studentId
14:18:46,207 DEBUG DotNode:599 - getDataType() : name -> org.hibernate.type.ComponentType@2b5b5cbc
14:18:46,207 DEBUG DotNode:588 - Terminal propertyPath = [name]
14:18:46,207 DEBUG FromReferenceNode:74 - Resolved : s.name -> student0_.name_first, student0_.name_middle, student0_.name_last
14:18:46,207 DEBUG FromReferenceNode:74 - Resolved : s -> student0_.studentId
14:18:46,207 DEBUG DotNode:599 - getDataType() : studentNumber -> org.hibernate.type.LongType@4bf3f9d
14:18:46,207 DEBUG FromReferenceNode:74 - Resolved : s.studentNumber -> student0_.studentId
14:18:46,207 DEBUG HqlSqlWalker:629 - processQuery() :  ( SELECT ( {select clause} ( ( list ( student0_.studentId student0_.studentId studentNumber ) ( student0_.name_first, student0_.name_middle, student0_.name_last student0_.studentId name ) ) ) ( FromClause{level=1} Student student0_ ) ( order ( student0_.studentId student0_.studentId studentNumber ) ) )
14:18:46,207 DEBUG JoinProcessor:175 - Using FROM fragment [Student student0_]
14:18:46,208 DEBUG QueryTranslatorImpl:252 - --- SQL AST ---
 \-[SELECT] QueryNode: 'SELECT'  querySpaces (Student)
    +-[SELECT_CLAUSE] SelectClause: '{select clause}'
    |  \-[CONSTRUCTOR] ConstructorNode: '('
    |     +-[IDENT] IdentNode: 'list' {originalText=list}
    |     +-[DOT] DotNode: 'student0_.studentId' {propertyName=studentNumber,dereferenceType=ALL,propertyPath=studentNumber,path=s.studentNumber,tableAlias=student0_,className=org.hibernate.test.querycache.Student,classAlias=s}
    |     |  +-[ALIAS_REF] IdentNode: 'student0_.studentId' {alias=s, className=org.hibernate.test.querycache.Student, tableAlias=student0_}
    |     |  \-[IDENT] IdentNode: 'studentNumber' {originalText=studentNumber}
    |     +-[SELECT_COLUMNS] SqlNode: ' as col_0_0_'
    |     +-[DOT] DotNode: 'student0_.name_first' {propertyName=name,dereferenceType=2,propertyPath=name,path=s.name,tableAlias=student0_,className=org.hibernate.test.querycache.Student,classAlias=s}
    |     |  +-[ALIAS_REF] IdentNode: 'student0_.studentId' {alias=s, className=org.hibernate.test.querycache.Student, tableAlias=student0_}
    |     |  \-[IDENT] IdentNode: 'name' {originalText=name}
    |     +-[SELECT_COLUMNS] SqlNode: ' as col_1_0_'
    |     +-[SQL_TOKEN] SqlFragment: 'student0_.name_middle'
    |     +-[SELECT_COLUMNS] SqlNode: ' as col_1_1_'
    |     +-[SQL_TOKEN] SqlFragment: 'student0_.name_last'
    |     \-[SELECT_COLUMNS] SqlNode: ' as col_1_2_'
    +-[FROM] FromClause: 'from' FromClause{level=1, fromElementCounter=1, fromElements=1, fromElementByClassAlias=[s], fromElementByTableAlias=[student0_], fromElementsByPath=[], collectionJoinFromElementsByPath=[], impliedElements=[]}
    |  \-[FROM_FRAGMENT] FromElement: 'Student student0_' FromElement{explicit,not a collection join,not a fetch join,fetch non-lazy properties,classAlias=s,role=null,tableName=Student,tableAlias=student0_,origin=null,columns={,className=org.hibernate.test.querycache.Student}}
    \-[ORDER] OrderByClause: 'order'
       \-[DOT] DotNode: 'student0_.studentId' {propertyName=studentNumber,dereferenceType=ALL,propertyPath=studentNumber,path=s.studentNumber,tableAlias=student0_,className=org.hibernate.test.querycache.Student,classAlias=s}
          +-[ALIAS_REF] IdentNode: 'student0_.studentId' {alias=s, className=org.hibernate.test.querycache.Student, tableAlias=student0_}
          \-[IDENT] IdentNode: 'studentNumber' {originalText=studentNumber}

14:18:46,215 DEBUG ErrorCounter:82 - throwQueryException() : no errors
14:18:46,215 DEBUG QueryTranslatorImpl:235 - HQL: select new list(s.studentNumber, s.name) from org.hibernate.test.querycache.Student s order by s.studentNumber
14:18:46,215 DEBUG QueryTranslatorImpl:236 - SQL: select student0_.studentId as col_0_0_, student0_.name_first as col_1_0_, student0_.name_middle as col_1_1_, student0_.name_last as col_1_2_ from Student student0_ order by student0_.studentId
14:18:46,215 DEBUG ErrorCounter:82 - throwQueryException() : no errors
14:18:46,216 DEBUG BaseGeneralDataRegion:46 - Cache[foo.org.hibernate.cache.internal.StandardQueryCache] lookup : key[sql: select student0_.studentId as col_0_0_, student0_.name_first as col_1_0_, student0_.name_middle as col_1_1_, student0_.name_last as col_1_2_ from Student student0_ order by student0_.studentId; parameters: ; named parameters: {}; transformer: org.hibernate.transform.CacheableResultTransformer@1406bf]
14:18:46,216 DEBUG BaseGeneralDataRegion:52 - Cache[foo.org.hibernate.cache.internal.StandardQueryCache] hit: sql: select student0_.studentId as col_0_0_, student0_.name_first as col_1_0_, student0_.name_middle as col_1_1_, student0_.name_last as col_1_2_ from Student student0_ order by student0_.studentId; parameters: ; named parameters: {}; transformer: org.hibernate.transform.CacheableResultTransformer@1406bf
14:18:46,216 DEBUG BaseGeneralDataRegion:46 - Cache[foo.org.hibernate.cache.spi.UpdateTimestampsCache] lookup : key[Student]
14:18:46,216 DEBUG BaseGeneralDataRegion:52 - Cache[foo.org.hibernate.cache.spi.UpdateTimestampsCache] hit: Student
14:18:46,216 DEBUG SQL:104 - 
    select
        student0_.studentId as col_0_0_,
        student0_.name_first as col_1_0_,
        student0_.name_middle as col_1_1_,
        student0_.name_last as col_1_2_ 
    from
        Student student0_ 
    order by
        student0_.studentId
14:18:46,225 DEBUG BaseGeneralDataRegion:59 - Caching[foo.org.hibernate.cache.internal.StandardQueryCache] : [sql: select student0_.studentId as col_0_0_, student0_.name_first as col_1_0_, student0_.name_middle as col_1_1_, student0_.name_last as col_1_2_ from Student student0_ order by student0_.studentId; parameters: ; named parameters: {}; transformer: org.hibernate.transform.CacheableResultTransformer@1406bf] -> [[5579090846617600, [Ljava.io.Serializable;@14207771, [Ljava.io.Serializable;@5f81a609]]
14:18:46,226 DEBUG BaseGeneralDataRegion:46 - Cache[foo.org.hibernate.cache.internal.StandardQueryCache] lookup : key[sql: select student0_.studentId as col_0_0_, student0_.name_first as col_1_0_, student0_.name_middle as col_1_1_, student0_.name_last as col_1_2_ from Student student0_ order by student0_.studentId; parameters: ; named parameters: {}; transformer: org.hibernate.transform.CacheableResultTransformer@1406bf]
14:18:46,226 DEBUG BaseGeneralDataRegion:52 - Cache[foo.org.hibernate.cache.internal.StandardQueryCache] hit: sql: select student0_.studentId as col_0_0_, student0_.name_first as col_1_0_, student0_.name_middle as col_1_1_, student0_.name_last as col_1_2_ from Student student0_ order by student0_.studentId; parameters: ; named parameters: {}; transformer: org.hibernate.transform.CacheableResultTransformer@1406bf
14:18:46,226 DEBUG BaseGeneralDataRegion:46 - Cache[foo.org.hibernate.cache.spi.UpdateTimestampsCache] lookup : key[Student]
14:18:46,227 DEBUG BaseGeneralDataRegion:52 - Cache[foo.org.hibernate.cache.spi.UpdateTimestampsCache] hit: Student
14:18:46,227 DEBUG SQL:104 - 
    select
        student_.studentId,
        student_.name_first as name2_4_,
        student_.name_middle as name3_4_,
        student_.name_last as name4_4_,
        student_.preferredCourseCode as preferre5_4_ 
    from
        Student student_ 
    where
        student_.studentId=?
14:18:46,228 DEBUG SQL:104 - 
    select
        enrolment_.studentId,
        enrolment_.courseCode,
        enrolment_.semester as semester3_,
        enrolment_."year" as year4_3_ 
    from
        Enrolment enrolment_ 
    where
        enrolment_.studentId=? 
        and enrolment_.courseCode=?
14:18:46,235 DEBUG SQL:104 - 
    select
        course_.courseCode,
        course_.description as descript2_1_ 
    from
        Course course_ 
    where
        course_.courseCode=?
14:18:46,235 DEBUG SQL:104 - 
    select
        student_.studentId,
        student_.name_first as name2_4_,
        student_.name_middle as name3_4_,
        student_.name_last as name4_4_,
        student_.preferredCourseCode as preferre5_4_ 
    from
        Student student_ 
    where
        student_.studentId=?
14:18:46,235 DEBUG SQL:104 - 
    select
        enrolment_.studentId,
        enrolment_.courseCode,
        enrolment_.semester as semester3_,
        enrolment_."year" as year4_3_ 
    from
        Enrolment enrolment_ 
    where
        enrolment_.studentId=? 
        and enrolment_.courseCode=?
14:18:46,247 DEBUG SQL:104 - 
    select
        coursemeet_.courseCode,
        coursemeet_.day,
        coursemeet_.period,
        coursemeet_.location 
    from
        CourseMeeting coursemeet_ 
    where
        coursemeet_.courseCode=? 
        and coursemeet_.day=? 
        and coursemeet_.period=? 
        and coursemeet_.location=?
14:18:46,247 DEBUG SQL:104 - 
    select
        coursemeet_.courseCode,
        coursemeet_.day,
        coursemeet_.period,
        coursemeet_.location 
    from
        CourseMeeting coursemeet_ 
    where
        coursemeet_.courseCode=? 
        and coursemeet_.day=? 
        and coursemeet_.period=? 
        and coursemeet_.location=?
14:18:46,256 DEBUG BaseGeneralDataRegion:59 - Caching[foo.org.hibernate.cache.spi.UpdateTimestampsCache] : [Enrolment] -> [5579091092504576]
14:18:46,256 DEBUG SQL:104 - 
    update
        Address 
    set
        studentNumber=null,
        addressType=null 
    where
        studentNumber=?
14:18:46,256 DEBUG BaseGeneralDataRegion:59 - Caching[foo.org.hibernate.cache.spi.UpdateTimestampsCache] : [Address] -> [5579091092504577]
14:18:46,256 DEBUG SQL:104 - 
    delete 
    from
        Student_secretCodes 
    where
        studentNumber=?
14:18:46,256 DEBUG BaseGeneralDataRegion:59 - Caching[foo.org.hibernate.cache.spi.UpdateTimestampsCache] : [Student_secretCodes] -> [5579091092504578]
14:18:46,257 DEBUG BaseGeneralDataRegion:59 - Caching[foo.org.hibernate.cache.spi.UpdateTimestampsCache] : [Enrolment] -> [5579091092508672]
14:18:46,257 DEBUG BaseGeneralDataRegion:59 - Caching[foo.org.hibernate.cache.spi.UpdateTimestampsCache] : [Address] -> [5579091092508673]
14:18:46,257 DEBUG SQL:104 - 
    delete 
    from
        Student_secretCodes 
    where
        studentNumber=?
14:18:46,257 DEBUG BaseGeneralDataRegion:59 - Caching[foo.org.hibernate.cache.spi.UpdateTimestampsCache] : [Student_secretCodes] -> [5579091092508674]
14:18:46,257 DEBUG BaseGeneralDataRegion:59 - Caching[foo.org.hibernate.cache.spi.UpdateTimestampsCache] : [CourseMeeting] -> [5579091092508675]
14:18:46,257 DEBUG SQL:104 - 
    delete 
    from
        Enrolment 
    where
        studentId=? 
        and courseCode=?
14:18:46,266 DEBUG BaseGeneralDataRegion:59 - Caching[foo.org.hibernate.cache.spi.UpdateTimestampsCache] : [Enrolment] -> [5579091092545536]
14:18:46,266 DEBUG SQL:104 - 
    delete 
    from
        Address 
    where
        id=?
14:18:46,266 DEBUG BaseGeneralDataRegion:59 - Caching[foo.org.hibernate.cache.spi.UpdateTimestampsCache] : [Address] -> [5579091092545537]
14:18:46,266 DEBUG SQL:104 - 
    delete 
    from
        Address 
    where
        id=?
14:18:46,266 DEBUG BaseGeneralDataRegion:59 - Caching[foo.org.hibernate.cache.spi.UpdateTimestampsCache] : [Address] -> [5579091092545538]
14:18:46,266 DEBUG SQL:104 - 
    delete 
    from
        Student 
    where
        studentId=?
14:18:46,267 DEBUG BaseGeneralDataRegion:59 - Caching[foo.org.hibernate.cache.spi.UpdateTimestampsCache] : [Student] -> [5579091092549632]
14:18:46,267 DEBUG SQL:104 - 
    delete 
    from
        Enrolment 
    where
        studentId=? 
        and courseCode=?
14:18:46,277 DEBUG BaseGeneralDataRegion:59 - Caching[foo.org.hibernate.cache.spi.UpdateTimestampsCache] : [Enrolment] -> [5579091092590592]
14:18:46,278 DEBUG SQL:104 - 
    delete 
    from
        Student 
    where
        studentId=?
14:18:46,278 DEBUG BaseGeneralDataRegion:59 - Caching[foo.org.hibernate.cache.spi.UpdateTimestampsCache] : [Student] -> [5579091092594688]
14:18:46,278 DEBUG SQL:104 - 
    delete 
    from
        CourseMeeting 
    where
        courseCode=? 
        and day=? 
        and period=? 
        and location=?
14:18:46,278 DEBUG BaseGeneralDataRegion:59 - Caching[foo.org.hibernate.cache.spi.UpdateTimestampsCache] : [CourseMeeting] -> [5579091092594689]
14:18:46,278 DEBUG SQL:104 - 
    delete 
    from
        CourseMeeting 
    where
        courseCode=? 
        and day=? 
        and period=? 
        and location=?
14:18:46,278 DEBUG BaseGeneralDataRegion:59 - Caching[foo.org.hibernate.cache.spi.UpdateTimestampsCache] : [CourseMeeting] -> [5579091092594690]
14:18:46,279 DEBUG SQL:104 - 
    delete 
    from
        Course 
    where
        courseCode=?
14:18:46,279 DEBUG BaseGeneralDataRegion:59 - Caching[foo.org.hibernate.cache.spi.UpdateTimestampsCache] : [Course] -> [5579091092598784]
14:18:46,279 DEBUG BaseGeneralDataRegion:59 - Caching[foo.org.hibernate.cache.spi.UpdateTimestampsCache] : [Student] -> [5579090846838785]
14:18:46,279 DEBUG BaseGeneralDataRegion:59 - Caching[foo.org.hibernate.cache.spi.UpdateTimestampsCache] : [Course] -> [5579090846838785]
14:18:46,279 DEBUG BaseGeneralDataRegion:59 - Caching[foo.org.hibernate.cache.spi.UpdateTimestampsCache] : [Enrolment] -> [5579090846838785]
14:18:46,279 DEBUG BaseGeneralDataRegion:59 - Caching[foo.org.hibernate.cache.spi.UpdateTimestampsCache] : [Student_secretCodes] -> [5579090846838785]
14:18:46,279 DEBUG BaseGeneralDataRegion:59 - Caching[foo.org.hibernate.cache.spi.UpdateTimestampsCache] : [Address] -> [5579090846838785]
14:18:46,279 DEBUG BaseGeneralDataRegion:59 - Caching[foo.org.hibernate.cache.spi.UpdateTimestampsCache] : [CourseMeeting] -> [5579090846838785]
14:18:46,280  INFO CustomRunner:139 - Test: testMultiSelectNewMapUsingAliasesList
14:18:46,281 DEBUG SQL:104 - 
    select
        coursemeet_.courseCode,
        coursemeet_.day,
        coursemeet_.period,
        coursemeet_.location 
    from
        CourseMeeting coursemeet_ 
    where
        coursemeet_.courseCode=? 
        and coursemeet_.day=? 
        and coursemeet_.period=? 
        and coursemeet_.location=?
14:18:46,291 DEBUG SQL:104 - 
    select
        coursemeet_.courseCode,
        coursemeet_.day,
        coursemeet_.period,
        coursemeet_.location 
    from
        CourseMeeting coursemeet_ 
    where
        coursemeet_.courseCode=? 
        and coursemeet_.day=? 
        and coursemeet_.period=? 
        and coursemeet_.location=?
14:18:46,292 DEBUG SQL:104 - 
    insert 
    into
        Course
        (description, courseCode) 
    values
        (?, ?)
14:18:46,293 DEBUG BaseGeneralDataRegion:59 - Caching[foo.org.hibernate.cache.spi.UpdateTimestampsCache] : [Course] -> [5579091092656128]
14:18:46,293 DEBUG SQL:104 - 
    insert 
    into
        CourseMeeting
        (courseCode, day, period, location) 
    values
        (?, ?, ?, ?)
14:18:46,293 DEBUG BaseGeneralDataRegion:59 - Caching[foo.org.hibernate.cache.spi.UpdateTimestampsCache] : [CourseMeeting] -> [5579091092656129]
14:18:46,293 DEBUG SQL:104 - 
    insert 
    into
        CourseMeeting
        (courseCode, day, period, location) 
    values
        (?, ?, ?, ?)
14:18:46,301 DEBUG BaseGeneralDataRegion:59 - Caching[foo.org.hibernate.cache.spi.UpdateTimestampsCache] : [CourseMeeting] -> [5579091092688896]
14:18:46,301 DEBUG SQL:104 - 
    insert 
    into
        Student
        (name_first, name_middle, name_last, preferredCourseCode, studentId) 
    values
        (?, ?, ?, ?, ?)
14:18:46,302 DEBUG BaseGeneralDataRegion:59 - Caching[foo.org.hibernate.cache.spi.UpdateTimestampsCache] : [Student] -> [5579091092692992]
14:18:46,302 DEBUG SQL:104 - 
    insert 
    into
        Address
        (addressType, street, city, stateProvince, postalCode, country, studentNumber, id) 
    values
        (?, ?, ?, ?, ?, ?, ?, ?)
14:18:46,302 DEBUG BaseGeneralDataRegion:59 - Caching[foo.org.hibernate.cache.spi.UpdateTimestampsCache] : [Address] -> [5579091092692993]
14:18:46,302 DEBUG SQL:104 - 
    insert 
    into
        Address
        (addressType, street, city, stateProvince, postalCode, country, studentNumber, id) 
    values
        (?, ?, ?, ?, ?, ?, ?, ?)
14:18:46,302 DEBUG BaseGeneralDataRegion:59 - Caching[foo.org.hibernate.cache.spi.UpdateTimestampsCache] : [Address] -> [5579091092692994]
14:18:46,302 DEBUG SQL:104 - 
    insert 
    into
        Student
        (name_first, name_middle, name_last, preferredCourseCode, studentId) 
    values
        (?, ?, ?, ?, ?)
14:18:46,302 DEBUG BaseGeneralDataRegion:59 - Caching[foo.org.hibernate.cache.spi.UpdateTimestampsCache] : [Student] -> [5579091092692995]
14:18:46,302 DEBUG SQL:104 - 
    insert 
    into
        Enrolment
        (semester, "year", studentId, courseCode) 
    values
        (?, ?, ?, ?)
14:18:46,323 DEBUG BaseGeneralDataRegion:59 - Caching[foo.org.hibernate.cache.spi.UpdateTimestampsCache] : [Enrolment] -> [5579091092779008]
14:18:46,323 DEBUG SQL:104 - 
    insert 
    into
        Enrolment
        (semester, "year", studentId, courseCode) 
    values
        (?, ?, ?, ?)
14:18:46,323 DEBUG BaseGeneralDataRegion:59 - Caching[foo.org.hibernate.cache.spi.UpdateTimestampsCache] : [Enrolment] -> [5579091092779009]
14:18:46,323 DEBUG BaseGeneralDataRegion:59 - Caching[foo.org.hibernate.cache.spi.UpdateTimestampsCache] : [CourseMeeting] -> [5579091092779010]
14:18:46,323 DEBUG BaseGeneralDataRegion:59 - Caching[foo.org.hibernate.cache.spi.UpdateTimestampsCache] : [Enrolment] -> [5579091092779011]
14:18:46,324 DEBUG SQL:104 - 
    update
        Address 
    set
        studentNumber=?,
        addressType=? 
    where
        id=?
14:18:46,324 DEBUG SQL:104 - 
    update
        Address 
    set
        studentNumber=?,
        addressType=? 
    where
        id=?
14:18:46,324 DEBUG BaseGeneralDataRegion:59 - Caching[foo.org.hibernate.cache.spi.UpdateTimestampsCache] : [Address] -> [5579091092783104]
14:18:46,333 DEBUG SQL:104 - 
    insert 
    into
        Student_secretCodes
        (studentNumber, i, secretCode) 
    values
        (?, ?, ?)
14:18:46,333 DEBUG BaseGeneralDataRegion:59 - Caching[foo.org.hibernate.cache.spi.UpdateTimestampsCache] : [Student_secretCodes] -> [5579091092819968]
14:18:46,333 DEBUG BaseGeneralDataRegion:59 - Caching[foo.org.hibernate.cache.spi.UpdateTimestampsCache] : [Enrolment] -> [5579091092819969]
14:18:46,333 DEBUG BaseGeneralDataRegion:59 - Caching[foo.org.hibernate.cache.spi.UpdateTimestampsCache] : [Address] -> [5579091092819970]
14:18:46,333 DEBUG SQL:104 - 
    insert 
    into
        Student_secretCodes
        (studentNumber, i, secretCode) 
    values
        (?, ?, ?)
14:18:46,333 DEBUG SQL:104 - 
    insert 
    into
        Student_secretCodes
        (studentNumber, i, secretCode) 
    values
        (?, ?, ?)
14:18:46,334 DEBUG BaseGeneralDataRegion:59 - Caching[foo.org.hibernate.cache.spi.UpdateTimestampsCache] : [Student_secretCodes] -> [5579091092824064]
14:18:46,334 DEBUG BaseGeneralDataRegion:59 - Caching[foo.org.hibernate.cache.spi.UpdateTimestampsCache] : [Student] -> [5579090847064065]
14:18:46,334 DEBUG BaseGeneralDataRegion:59 - Caching[foo.org.hibernate.cache.spi.UpdateTimestampsCache] : [Course] -> [5579090847064065]
14:18:46,334 DEBUG BaseGeneralDataRegion:59 - Caching[foo.org.hibernate.cache.spi.UpdateTimestampsCache] : [Enrolment] -> [5579090847064065]
14:18:46,334 DEBUG BaseGeneralDataRegion:59 - Caching[foo.org.hibernate.cache.spi.UpdateTimestampsCache] : [Student_secretCodes] -> [5579090847064065]
14:18:46,334 DEBUG BaseGeneralDataRegion:59 - Caching[foo.org.hibernate.cache.spi.UpdateTimestampsCache] : [Address] -> [5579090847064065]
14:18:46,343 DEBUG BaseGeneralDataRegion:59 - Caching[foo.org.hibernate.cache.spi.UpdateTimestampsCache] : [CourseMeeting] -> [5579090847064065]
14:18:46,343 DEBUG QueryTranslatorImpl:265 - parse() - HQL: select new map(s.studentNumber as sNumber, s.name as sName) from org.hibernate.test.querycache.Student s order by s.studentNumber
14:18:46,345 DEBUG QueryTranslatorImpl:283 - --- HQL AST ---
 \-[QUERY] Node: 'query'
    +-[SELECT_FROM] Node: 'SELECT_FROM'
    |  +-[FROM] Node: 'from'
    |  |  \-[RANGE] Node: 'RANGE'
    |  |     +-[DOT] Node: '.'
    |  |     |  +-[DOT] Node: '.'
    |  |     |  |  +-[DOT] Node: '.'
    |  |     |  |  |  +-[DOT] Node: '.'
    |  |     |  |  |  |  +-[IDENT] Node: 'org'
    |  |     |  |  |  |  \-[IDENT] Node: 'hibernate'
    |  |     |  |  |  \-[IDENT] Node: 'test'
    |  |     |  |  \-[IDENT] Node: 'querycache'
    |  |     |  \-[IDENT] Node: 'Student'
    |  |     \-[ALIAS] Node: 's'
    |  \-[SELECT] Node: 'select'
    |     \-[CONSTRUCTOR] Node: '('
    |        +-[IDENT] Node: 'map'
    |        +-[AS] Node: 'as'
    |        |  +-[DOT] Node: '.'
    |        |  |  +-[IDENT] Node: 's'
    |        |  |  \-[IDENT] Node: 'studentNumber'
    |        |  \-[IDENT] Node: 'sNumber'
    |        \-[AS] Node: 'as'
    |           +-[DOT] Node: '.'
    |           |  +-[IDENT] Node: 's'
    |           |  \-[IDENT] Node: 'name'
    |           \-[IDENT] Node: 'sName'
    \-[ORDER] Node: 'order'
       \-[DOT] Node: '.'
          +-[IDENT] Node: 's'
          \-[IDENT] Node: 'studentNumber'

14:18:46,354 DEBUG ErrorCounter:82 - throwQueryException() : no errors
14:18:46,354 DEBUG FromElement:157 - FromClause{level=1} : org.hibernate.test.querycache.Student (s) -> student0_
14:18:46,354 DEBUG FromReferenceNode:74 - Resolved : s -> student0_.studentId
14:18:46,354 DEBUG DotNode:599 - getDataType() : studentNumber -> org.hibernate.type.LongType@4bf3f9d
14:18:46,355 DEBUG FromReferenceNode:74 - Resolved : s.studentNumber -> student0_.studentId
14:18:46,355 DEBUG FromReferenceNode:74 - Resolved : s -> student0_.studentId
14:18:46,355 DEBUG DotNode:599 - getDataType() : name -> org.hibernate.type.ComponentType@2b5b5cbc
14:18:46,355 DEBUG DotNode:588 - Terminal propertyPath = [name]
14:18:46,355 DEBUG FromReferenceNode:74 - Resolved : s.name -> student0_.name_first, student0_.name_middle, student0_.name_last
14:18:46,355 DEBUG FromReferenceNode:74 - Resolved : s -> student0_.studentId
14:18:46,355 DEBUG DotNode:599 - getDataType() : studentNumber -> org.hibernate.type.LongType@4bf3f9d
14:18:46,355 DEBUG FromReferenceNode:74 - Resolved : s.studentNumber -> student0_.studentId
14:18:46,356 DEBUG HqlSqlWalker:629 - processQuery() :  ( SELECT ( {select clause} ( ( map ( student0_.studentId student0_.studentId studentNumber ) ( student0_.name_first, student0_.name_middle, student0_.name_last student0_.studentId name ) ) ) ( FromClause{level=1} Student student0_ ) ( order ( student0_.studentId student0_.studentId studentNumber ) ) )
14:18:46,356 DEBUG JoinProcessor:175 - Using FROM fragment [Student student0_]
14:18:46,356 DEBUG QueryTranslatorImpl:252 - --- SQL AST ---
 \-[SELECT] QueryNode: 'SELECT'  querySpaces (Student)
    +-[SELECT_CLAUSE] SelectClause: '{select clause}'
    |  \-[CONSTRUCTOR] ConstructorNode: '('
    |     +-[IDENT] IdentNode: 'map' {originalText=map}
    |     +-[DOT] DotNode: 'student0_.studentId' {propertyName=studentNumber,dereferenceType=ALL,propertyPath=studentNumber,path=s.studentNumber,tableAlias=student0_,className=org.hibernate.test.querycache.Student,classAlias=s}
    |     |  +-[ALIAS_REF] IdentNode: 'student0_.studentId' {alias=s, className=org.hibernate.test.querycache.Student, tableAlias=student0_}
    |     |  \-[IDENT] IdentNode: 'studentNumber' {originalText=studentNumber}
    |     +-[SELECT_COLUMNS] SqlNode: ' as col_0_0_'
    |     +-[DOT] DotNode: 'student0_.name_first' {propertyName=name,dereferenceType=2,propertyPath=name,path=s.name,tableAlias=student0_,className=org.hibernate.test.querycache.Student,classAlias=s}
    |     |  +-[ALIAS_REF] IdentNode: 'student0_.studentId' {alias=s, className=org.hibernate.test.querycache.Student, tableAlias=student0_}
    |     |  \-[IDENT] IdentNode: 'name' {originalText=name}
    |     +-[SELECT_COLUMNS] SqlNode: ' as col_1_0_'
    |     +-[SQL_TOKEN] SqlFragment: 'student0_.name_middle'
    |     +-[SELECT_COLUMNS] SqlNode: ' as col_1_1_'
    |     +-[SQL_TOKEN] SqlFragment: 'student0_.name_last'
    |     \-[SELECT_COLUMNS] SqlNode: ' as col_1_2_'
    +-[FROM] FromClause: 'from' FromClause{level=1, fromElementCounter=1, fromElements=1, fromElementByClassAlias=[s], fromElementByTableAlias=[student0_], fromElementsByPath=[], collectionJoinFromElementsByPath=[], impliedElements=[]}
    |  \-[FROM_FRAGMENT] FromElement: 'Student student0_' FromElement{explicit,not a collection join,not a fetch join,fetch non-lazy properties,classAlias=s,role=null,tableName=Student,tableAlias=student0_,origin=null,columns={,className=org.hibernate.test.querycache.Student}}
    \-[ORDER] OrderByClause: 'order'
       \-[DOT] DotNode: 'student0_.studentId' {propertyName=studentNumber,dereferenceType=ALL,propertyPath=studentNumber,path=s.studentNumber,tableAlias=student0_,className=org.hibernate.test.querycache.Student,classAlias=s}
          +-[ALIAS_REF] IdentNode: 'student0_.studentId' {alias=s, className=org.hibernate.test.querycache.Student, tableAlias=student0_}
          \-[IDENT] IdentNode: 'studentNumber' {originalText=studentNumber}

14:18:46,364 DEBUG ErrorCounter:82 - throwQueryException() : no errors
14:18:46,364 DEBUG QueryTranslatorImpl:235 - HQL: select new map(s.studentNumber as sNumber, s.name as sName) from org.hibernate.test.querycache.Student s order by s.studentNumber
14:18:46,364 DEBUG QueryTranslatorImpl:236 - SQL: select student0_.studentId as col_0_0_, student0_.name_first as col_1_0_, student0_.name_middle as col_1_1_, student0_.name_last as col_1_2_ from Student student0_ order by student0_.studentId
14:18:46,364 DEBUG ErrorCounter:82 - throwQueryException() : no errors
14:18:46,365 DEBUG BaseGeneralDataRegion:46 - Cache[foo.org.hibernate.cache.internal.StandardQueryCache] lookup : key[sql: select student0_.studentId as col_0_0_, student0_.name_first as col_1_0_, student0_.name_middle as col_1_1_, student0_.name_last as col_1_2_ from Student student0_ order by student0_.studentId; parameters: ; named parameters: {}; transformer: org.hibernate.transform.CacheableResultTransformer@1406bf]
14:18:46,365 DEBUG BaseGeneralDataRegion:52 - Cache[foo.org.hibernate.cache.internal.StandardQueryCache] hit: sql: select student0_.studentId as col_0_0_, student0_.name_first as col_1_0_, student0_.name_middle as col_1_1_, student0_.name_last as col_1_2_ from Student student0_ order by student0_.studentId; parameters: ; named parameters: {}; transformer: org.hibernate.transform.CacheableResultTransformer@1406bf
14:18:46,365 DEBUG BaseGeneralDataRegion:46 - Cache[foo.org.hibernate.cache.spi.UpdateTimestampsCache] lookup : key[Student]
14:18:46,365 DEBUG BaseGeneralDataRegion:52 - Cache[foo.org.hibernate.cache.spi.UpdateTimestampsCache] hit: Student
14:18:46,365 DEBUG SQL:104 - 
    select
        student0_.studentId as col_0_0_,
        student0_.name_first as col_1_0_,
        student0_.name_middle as col_1_1_,
        student0_.name_last as col_1_2_ 
    from
        Student student0_ 
    order by
        student0_.studentId
14:18:46,375 DEBUG BaseGeneralDataRegion:59 - Caching[foo.org.hibernate.cache.internal.StandardQueryCache] : [sql: select student0_.studentId as col_0_0_, student0_.name_first as col_1_0_, student0_.name_middle as col_1_1_, student0_.name_last as col_1_2_ from Student student0_ order by student0_.studentId; parameters: ; named parameters: {}; transformer: org.hibernate.transform.CacheableResultTransformer@1406bf] -> [[5579090847232000, [Ljava.io.Serializable;@4e2223cc, [Ljava.io.Serializable;@235c4e27]]
14:18:46,375 DEBUG BaseGeneralDataRegion:46 - Cache[foo.org.hibernate.cache.internal.StandardQueryCache] lookup : key[sql: select student0_.studentId as col_0_0_, student0_.name_first as col_1_0_, student0_.name_middle as col_1_1_, student0_.name_last as col_1_2_ from Student student0_ order by student0_.studentId; parameters: ; named parameters: {}; transformer: org.hibernate.transform.CacheableResultTransformer@1406bf]
14:18:46,376 DEBUG BaseGeneralDataRegion:52 - Cache[foo.org.hibernate.cache.internal.StandardQueryCache] hit: sql: select student0_.studentId as col_0_0_, student0_.name_first as col_1_0_, student0_.name_middle as col_1_1_, student0_.name_last as col_1_2_ from Student student0_ order by student0_.studentId; parameters: ; named parameters: {}; transformer: org.hibernate.transform.CacheableResultTransformer@1406bf
14:18:46,376 DEBUG BaseGeneralDataRegion:46 - Cache[foo.org.hibernate.cache.spi.UpdateTimestampsCache] lookup : key[Student]
14:18:46,376 DEBUG BaseGeneralDataRegion:52 - Cache[foo.org.hibernate.cache.spi.UpdateTimestampsCache] hit: Student
14:18:46,376 DEBUG SQL:104 - 
    select
        student_.studentId,
        student_.name_first as name2_4_,
        student_.name_middle as name3_4_,
        student_.name_last as name4_4_,
        student_.preferredCourseCode as preferre5_4_ 
    from
        Student student_ 
    where
        student_.studentId=?
14:18:46,376 DEBUG SQL:104 - 
    select
        enrolment_.studentId,
        enrolment_.courseCode,
        enrolment_.semester as semester3_,
        enrolment_."year" as year4_3_ 
    from
        Enrolment enrolment_ 
    where
        enrolment_.studentId=? 
        and enrolment_.courseCode=?
14:18:46,384 DEBUG SQL:104 - 
    select
        course_.courseCode,
        course_.description as descript2_1_ 
    from
        Course course_ 
    where
        course_.courseCode=?
14:18:46,385 DEBUG SQL:104 - 
    select
        student_.studentId,
        student_.name_first as name2_4_,
        student_.name_middle as name3_4_,
        student_.name_last as name4_4_,
        student_.preferredCourseCode as preferre5_4_ 
    from
        Student student_ 
    where
        student_.studentId=?
14:18:46,385 DEBUG SQL:104 - 
    select
        enrolment_.studentId,
        enrolment_.courseCode,
        enrolment_.semester as semester3_,
        enrolment_."year" as year4_3_ 
    from
        Enrolment enrolment_ 
    where
        enrolment_.studentId=? 
        and enrolment_.courseCode=?
14:18:46,397 DEBUG SQL:104 - 
    select
        coursemeet_.courseCode,
        coursemeet_.day,
        coursemeet_.period,
        coursemeet_.location 
    from
        CourseMeeting coursemeet_ 
    where
        coursemeet_.courseCode=? 
        and coursemeet_.day=? 
        and coursemeet_.period=? 
        and coursemeet_.location=?
14:18:46,398 DEBUG SQL:104 - 
    select
        coursemeet_.courseCode,
        coursemeet_.day,
        coursemeet_.period,
        coursemeet_.location 
    from
        CourseMeeting coursemeet_ 
    where
        coursemeet_.courseCode=? 
        and coursemeet_.day=? 
        and coursemeet_.period=? 
        and coursemeet_.location=?
14:18:46,398 DEBUG BaseGeneralDataRegion:59 - Caching[foo.org.hibernate.cache.spi.UpdateTimestampsCache] : [Enrolment] -> [5579091093086208]
14:18:46,398 DEBUG SQL:104 - 
    update
        Address 
    set
        studentNumber=null,
        addressType=null 
    where
        studentNumber=?
14:18:46,408 DEBUG BaseGeneralDataRegion:59 - Caching[foo.org.hibernate.cache.spi.UpdateTimestampsCache] : [Address] -> [5579091093123072]
14:18:46,408 DEBUG SQL:104 - 
    delete 
    from
        Student_secretCodes 
    where
        studentNumber=?
14:18:46,408 DEBUG BaseGeneralDataRegion:59 - Caching[foo.org.hibernate.cache.spi.UpdateTimestampsCache] : [Student_secretCodes] -> [5579091093127168]
14:18:46,408 DEBUG BaseGeneralDataRegion:59 - Caching[foo.org.hibernate.cache.spi.UpdateTimestampsCache] : [Enrolment] -> [5579091093127169]
14:18:46,408 DEBUG BaseGeneralDataRegion:59 - Caching[foo.org.hibernate.cache.spi.UpdateTimestampsCache] : [Address] -> [5579091093127170]
14:18:46,408 DEBUG SQL:104 - 
    delete 
    from
        Student_secretCodes 
    where
        studentNumber=?
14:18:46,409 DEBUG BaseGeneralDataRegion:59 - Caching[foo.org.hibernate.cache.spi.UpdateTimestampsCache] : [Student_secretCodes] -> [5579091093131264]
14:18:46,409 DEBUG BaseGeneralDataRegion:59 - Caching[foo.org.hibernate.cache.spi.UpdateTimestampsCache] : [CourseMeeting] -> [5579091093131265]
14:18:46,410 DEBUG SQL:104 - 
    delete 
    from
        Enrolment 
    where
        studentId=? 
        and courseCode=?
14:18:46,410 DEBUG BaseGeneralDataRegion:59 - Caching[foo.org.hibernate.cache.spi.UpdateTimestampsCache] : [Enrolment] -> [5579091093135360]
14:18:46,411 DEBUG SQL:104 - 
    delete 
    from
        Address 
    where
        id=?
14:18:46,411 DEBUG BaseGeneralDataRegion:59 - Caching[foo.org.hibernate.cache.spi.UpdateTimestampsCache] : [Address] -> [5579091093139456]
14:18:46,411 DEBUG SQL:104 - 
    delete 
    from
        Address 
    where
        id=?
14:18:46,411 DEBUG BaseGeneralDataRegion:59 - Caching[foo.org.hibernate.cache.spi.UpdateTimestampsCache] : [Address] -> [5579091093139457]
14:18:46,411 DEBUG SQL:104 - 
    delete 
    from
        Student 
    where
        studentId=?
14:18:46,411 DEBUG BaseGeneralDataRegion:59 - Caching[foo.org.hibernate.cache.spi.UpdateTimestampsCache] : [Student] -> [5579091093139458]
14:18:46,411 DEBUG SQL:104 - 
    delete 
    from
        Enrolment 
    where
        studentId=? 
        and courseCode=?
14:18:46,420 DEBUG BaseGeneralDataRegion:59 - Caching[foo.org.hibernate.cache.spi.UpdateTimestampsCache] : [Enrolment] -> [5579091093176320]
14:18:46,420 DEBUG SQL:104 - 
    delete 
    from
        Student 
    where
        studentId=?
14:18:46,421 DEBUG BaseGeneralDataRegion:59 - Caching[foo.org.hibernate.cache.spi.UpdateTimestampsCache] : [Student] -> [5579091093180416]
14:18:46,421 DEBUG SQL:104 - 
    delete 
    from
        CourseMeeting 
    where
        courseCode=? 
        and day=? 
        and period=? 
        and location=?
14:18:46,421 DEBUG BaseGeneralDataRegion:59 - Caching[foo.org.hibernate.cache.spi.UpdateTimestampsCache] : [CourseMeeting] -> [5579091093180417]
14:18:46,421 DEBUG SQL:104 - 
    delete 
    from
        CourseMeeting 
    where
        courseCode=? 
        and day=? 
        and period=? 
        and location=?
14:18:46,421 DEBUG BaseGeneralDataRegion:59 - Caching[foo.org.hibernate.cache.spi.UpdateTimestampsCache] : [CourseMeeting] -> [5579091093180418]
14:18:46,421 DEBUG SQL:104 - 
    delete 
    from
        Course 
    where
        courseCode=?
14:18:46,431 DEBUG BaseGeneralDataRegion:59 - Caching[foo.org.hibernate.cache.spi.UpdateTimestampsCache] : [Course] -> [5579091093221376]
14:18:46,431 DEBUG BaseGeneralDataRegion:59 - Caching[foo.org.hibernate.cache.spi.UpdateTimestampsCache] : [Student] -> [5579090847461377]
14:18:46,431 DEBUG BaseGeneralDataRegion:59 - Caching[foo.org.hibernate.cache.spi.UpdateTimestampsCache] : [Course] -> [5579090847461377]
14:18:46,431 DEBUG BaseGeneralDataRegion:59 - Caching[foo.org.hibernate.cache.spi.UpdateTimestampsCache] : [Enrolment] -> [5579090847461377]
14:18:46,431 DEBUG BaseGeneralDataRegion:59 - Caching[foo.org.hibernate.cache.spi.UpdateTimestampsCache] : [Student_secretCodes] -> [5579090847461377]
14:18:46,432 DEBUG BaseGeneralDataRegion:59 - Caching[foo.org.hibernate.cache.spi.UpdateTimestampsCache] : [Address] -> [5579090847461377]
14:18:46,432 DEBUG BaseGeneralDataRegion:59 - Caching[foo.org.hibernate.cache.spi.UpdateTimestampsCache] : [CourseMeeting] -> [5579090847461377]
14:18:46,434  INFO CustomRunner:139 - Test: testMultiSelectNewMapUsingAliasesWithFetchJoinList
14:18:46,437 DEBUG SQL:104 - 
    select
        coursemeet_.courseCode,
        coursemeet_.day,
        coursemeet_.period,
        coursemeet_.location 
    from
        CourseMeeting coursemeet_ 
    where
        coursemeet_.courseCode=? 
        and coursemeet_.day=? 
        and coursemeet_.period=? 
        and coursemeet_.location=?
14:18:46,437 DEBUG SQL:104 - 
    select
        coursemeet_.courseCode,
        coursemeet_.day,
        coursemeet_.period,
        coursemeet_.location 
    from
        CourseMeeting coursemeet_ 
    where
        coursemeet_.courseCode=? 
        and coursemeet_.day=? 
        and coursemeet_.period=? 
        and coursemeet_.location=?
14:18:46,438 DEBUG SQL:104 - 
    insert 
    into
        Course
        (description, courseCode) 
    values
        (?, ?)
14:18:46,459 DEBUG BaseGeneralDataRegion:59 - Caching[foo.org.hibernate.cache.spi.UpdateTimestampsCache] : [Course] -> [5579091093336064]
14:18:46,459 DEBUG SQL:104 - 
    insert 
    into
        CourseMeeting
        (courseCode, day, period, location) 
    values
        (?, ?, ?, ?)
14:18:46,459 DEBUG BaseGeneralDataRegion:59 - Caching[foo.org.hibernate.cache.spi.UpdateTimestampsCache] : [CourseMeeting] -> [5579091093336065]
14:18:46,459 DEBUG SQL:104 - 
    insert 
    into
        CourseMeeting
        (courseCode, day, period, location) 
    values
        (?, ?, ?, ?)
14:18:46,459 DEBUG BaseGeneralDataRegion:59 - Caching[foo.org.hibernate.cache.spi.UpdateTimestampsCache] : [CourseMeeting] -> [5579091093336066]
14:18:46,460 DEBUG SQL:104 - 
    insert 
    into
        Student
        (name_first, name_middle, name_last, preferredCourseCode, studentId) 
    values
        (?, ?, ?, ?, ?)
14:18:46,460 DEBUG BaseGeneralDataRegion:59 - Caching[foo.org.hibernate.cache.spi.UpdateTimestampsCache] : [Student] -> [5579091093340160]
14:18:46,460 DEBUG SQL:104 - 
    insert 
    into
        Address
        (addressType, street, city, stateProvince, postalCode, country, studentNumber, id) 
    values
        (?, ?, ?, ?, ?, ?, ?, ?)
14:18:46,469 DEBUG BaseGeneralDataRegion:59 - Caching[foo.org.hibernate.cache.spi.UpdateTimestampsCache] : [Address] -> [5579091093377024]
14:18:46,469 DEBUG SQL:104 - 
    insert 
    into
        Address
        (addressType, street, city, stateProvince, postalCode, country, studentNumber, id) 
    values
        (?, ?, ?, ?, ?, ?, ?, ?)
14:18:46,470 DEBUG BaseGeneralDataRegion:59 - Caching[foo.org.hibernate.cache.spi.UpdateTimestampsCache] : [Address] -> [5579091093381120]
14:18:46,470 DEBUG SQL:104 - 
    insert 
    into
        Student
        (name_first, name_middle, name_last, preferredCourseCode, studentId) 
    values
        (?, ?, ?, ?, ?)
14:18:46,470 DEBUG BaseGeneralDataRegion:59 - Caching[foo.org.hibernate.cache.spi.UpdateTimestampsCache] : [Student] -> [5579091093381121]
14:18:46,470 DEBUG SQL:104 - 
    insert 
    into
        Enrolment
        (semester, "year", studentId, courseCode) 
    values
        (?, ?, ?, ?)
14:18:46,470 DEBUG BaseGeneralDataRegion:59 - Caching[foo.org.hibernate.cache.spi.UpdateTimestampsCache] : [Enrolment] -> [5579091093381122]
14:18:46,478 DEBUG SQL:104 - 
    insert 
    into
        Enrolment
        (semester, "year", studentId, courseCode) 
    values
        (?, ?, ?, ?)
14:18:46,479 DEBUG BaseGeneralDataRegion:59 - Caching[foo.org.hibernate.cache.spi.UpdateTimestampsCache] : [Enrolment] -> [5579091093417984]
14:18:46,479 DEBUG BaseGeneralDataRegion:59 - Caching[foo.org.hibernate.cache.spi.UpdateTimestampsCache] : [CourseMeeting] -> [5579091093417985]
14:18:46,479 DEBUG BaseGeneralDataRegion:59 - Caching[foo.org.hibernate.cache.spi.UpdateTimestampsCache] : [Enrolment] -> [5579091093417986]
14:18:46,479 DEBUG SQL:104 - 
    update
        Address 
    set
        studentNumber=?,
        addressType=? 
    where
        id=?
14:18:46,479 DEBUG SQL:104 - 
    update
        Address 
    set
        studentNumber=?,
        addressType=? 
    where
        id=?
14:18:46,480 DEBUG BaseGeneralDataRegion:59 - Caching[foo.org.hibernate.cache.spi.UpdateTimestampsCache] : [Address] -> [5579091093422080]
14:18:46,480 DEBUG SQL:104 - 
    insert 
    into
        Student_secretCodes
        (studentNumber, i, secretCode) 
    values
        (?, ?, ?)
14:18:46,489 DEBUG BaseGeneralDataRegion:59 - Caching[foo.org.hibernate.cache.spi.UpdateTimestampsCache] : [Student_secretCodes] -> [5579091093458944]
14:18:46,490 DEBUG BaseGeneralDataRegion:59 - Caching[foo.org.hibernate.cache.spi.UpdateTimestampsCache] : [Enrolment] -> [5579091093463040]
14:18:46,490 DEBUG BaseGeneralDataRegion:59 - Caching[foo.org.hibernate.cache.spi.UpdateTimestampsCache] : [Address] -> [5579091093463041]
14:18:46,490 DEBUG SQL:104 - 
    insert 
    into
        Student_secretCodes
        (studentNumber, i, secretCode) 
    values
        (?, ?, ?)
14:18:46,490 DEBUG SQL:104 - 
    insert 
    into
        Student_secretCodes
        (studentNumber, i, secretCode) 
    values
        (?, ?, ?)
14:18:46,490 DEBUG BaseGeneralDataRegion:59 - Caching[foo.org.hibernate.cache.spi.UpdateTimestampsCache] : [Student_secretCodes] -> [5579091093463042]
14:18:46,490 DEBUG BaseGeneralDataRegion:59 - Caching[foo.org.hibernate.cache.spi.UpdateTimestampsCache] : [Student] -> [5579090847703043]
14:18:46,490 DEBUG BaseGeneralDataRegion:59 - Caching[foo.org.hibernate.cache.spi.UpdateTimestampsCache] : [Course] -> [5579090847703043]
14:18:46,491 DEBUG BaseGeneralDataRegion:59 - Caching[foo.org.hibernate.cache.spi.UpdateTimestampsCache] : [Enrolment] -> [5579090847703043]
14:18:46,491 DEBUG BaseGeneralDataRegion:59 - Caching[foo.org.hibernate.cache.spi.UpdateTimestampsCache] : [Student_secretCodes] -> [5579090847703043]
14:18:46,491 DEBUG BaseGeneralDataRegion:59 - Caching[foo.org.hibernate.cache.spi.UpdateTimestampsCache] : [Address] -> [5579090847703043]
14:18:46,491 DEBUG BaseGeneralDataRegion:59 - Caching[foo.org.hibernate.cache.spi.UpdateTimestampsCache] : [CourseMeeting] -> [5579090847703043]
14:18:46,556 DEBUG QueryTranslatorImpl:265 - parse() - HQL: select new map(s as s, pc as pc) from org.hibernate.test.querycache.Student s left join s.preferredCourse pc left join fetch s.enrolments order by s.studentNumber
14:18:46,559 DEBUG QueryTranslatorImpl:283 - --- HQL AST ---
 \-[QUERY] Node: 'query'
    +-[SELECT_FROM] Node: 'SELECT_FROM'
    |  +-[FROM] Node: 'from'
    |  |  +-[RANGE] Node: 'RANGE'
    |  |  |  +-[DOT] Node: '.'
    |  |  |  |  +-[DOT] Node: '.'
    |  |  |  |  |  +-[DOT] Node: '.'
    |  |  |  |  |  |  +-[DOT] Node: '.'
    |  |  |  |  |  |  |  +-[IDENT] Node: 'org'
    |  |  |  |  |  |  |  \-[IDENT] Node: 'hibernate'
    |  |  |  |  |  |  \-[IDENT] Node: 'test'
    |  |  |  |  |  \-[IDENT] Node: 'querycache'
    |  |  |  |  \-[IDENT] Node: 'Student'
    |  |  |  \-[ALIAS] Node: 's'
    |  |  +-[JOIN] Node: 'join'
    |  |  |  +-[LEFT] Node: 'left'
    |  |  |  +-[DOT] Node: '.'
    |  |  |  |  +-[IDENT] Node: 's'
    |  |  |  |  \-[IDENT] Node: 'preferredCourse'
    |  |  |  \-[ALIAS] Node: 'pc'
    |  |  \-[JOIN] Node: 'join'
    |  |     +-[LEFT] Node: 'left'
    |  |     +-[FETCH] Node: 'fetch'
    |  |     \-[DOT] Node: '.'
    |  |        +-[IDENT] Node: 's'
    |  |        \-[IDENT] Node: 'enrolments'
    |  \-[SELECT] Node: 'select'
    |     \-[CONSTRUCTOR] Node: '('
    |        +-[IDENT] Node: 'map'
    |        +-[AS] Node: 'as'
    |        |  +-[IDENT] Node: 's'
    |        |  \-[IDENT] Node: 's'
    |        \-[AS] Node: 'as'
    |           +-[IDENT] Node: 'pc'
    |           \-[IDENT] Node: 'pc'
    \-[ORDER] Node: 'order'
       \-[DOT] Node: '.'
          +-[IDENT] Node: 's'
          \-[IDENT] Node: 'studentNumber'

14:18:46,559 DEBUG ErrorCounter:82 - throwQueryException() : no errors
14:18:46,560 DEBUG FromElement:157 - FromClause{level=1} : org.hibernate.test.querycache.Student (s) -> student0_
14:18:46,560 DEBUG FromReferenceNode:74 - Resolved : s -> student0_.studentId
14:18:46,561 DEBUG DotNode:599 - getDataType() : preferredCourse -> org.hibernate.type.ManyToOneType(org.hibernate.test.querycache.Course)
14:18:46,561 DEBUG DotNode:389 - dereferenceEntityJoin() : generating join for preferredCourse in org.hibernate.test.querycache.Student (pc) parent = [ {null} ]
14:18:46,561 DEBUG FromElement:157 - FromClause{level=1} : org.hibernate.test.querycache.Course (pc) -> course1_
14:18:46,561 DEBUG FromClause:282 - addJoinByPathMap() : s.preferredCourse -> FromElement{explicit,not a collection join,not a fetch join,fetch non-lazy properties,classAlias=pc,role=null,tableName=Course,tableAlias=course1_,origin=Student student0_,columns={student0_.preferredCourseCode ,className=org.hibernate.test.querycache.Course}}
14:18:46,561 DEBUG FromReferenceNode:74 - Resolved : s.preferredCourse -> student0_.preferredCourseCode
14:18:46,561 DEBUG HqlSqlWalker:403 - createFromJoinElement() : -- join tree --
 \-[JOIN_FRAGMENT] FromElement: 'Course course1_' FromElement{explicit,not a collection join,not a fetch join,fetch non-lazy properties,classAlias=pc,role=null,tableName=Course,tableAlias=course1_,origin=Student student0_,columns={student0_.preferredCourseCode ,className=org.hibernate.test.querycache.Course}}

14:18:46,561 DEBUG FromReferenceNode:74 - Resolved : s -> student0_.studentId
14:18:46,562 DEBUG DotNode:599 - getDataType() : enrolments -> org.hibernate.type.SetType(org.hibernate.test.querycache.Student.enrolments)
14:18:46,562 DEBUG FromElementFactory:376 - createEntityAssociation() : One to many - path = s.enrolments role = org.hibernate.test.querycache.Student.enrolments associatedEntityName = org.hibernate.test.querycache.Enrolment
14:18:46,562 DEBUG FromElement:157 - FromClause{level=1} : org.hibernate.test.querycache.Enrolment (<no alias>) -> enrolments2_
14:18:46,562 DEBUG FromClause:282 - addJoinByPathMap() : s.enrolments -> FromElement{explicit,not a collection join,not a fetch join,fetch non-lazy properties,classAlias=null,role=null,tableName=Enrolment,tableAlias=enrolments2_,origin=Student student0_,columns={student0_.studentId ,className=org.hibernate.test.querycache.Enrolment}}
14:18:46,562 DEBUG DotNode:308 - dereferenceCollection() : Created new FROM element for s.enrolments : Enrolment enrolments2_
14:18:46,562 DEBUG FromReferenceNode:74 - Resolved : s.enrolments -> .
14:18:46,562 DEBUG HqlSqlWalker:403 - createFromJoinElement() : -- join tree --
 \-[JOIN_FRAGMENT] FromElement: 'Enrolment enrolments2_' FromElement{explicit,not a collection join,fetch join,fetch non-lazy properties,classAlias=null,role=org.hibernate.test.querycache.Student.enrolments,tableName=Enrolment,tableAlias=enrolments2_,origin=Student student0_,columns={student0_.studentId ,className=org.hibernate.test.querycache.Enrolment}}

14:18:46,562 DEBUG FromReferenceNode:74 - Resolved : s -> student0_.studentId
14:18:46,563 DEBUG FromReferenceNode:74 - Resolved : pc -> course1_.courseCode
14:18:46,563 DEBUG FromReferenceNode:74 - Resolved : s -> student0_.studentId
14:18:46,563 DEBUG DotNode:599 - getDataType() : studentNumber -> org.hibernate.type.LongType@4bf3f9d
14:18:46,563 DEBUG FromReferenceNode:74 - Resolved : s.studentNumber -> student0_.studentId
14:18:46,563 DEBUG HqlSqlWalker:629 - processQuery() :  ( SELECT ( {select clause} ( ( map student0_.studentId course1_.courseCode ) ) ( FromClause{level=1} ( Student student0_ Course course1_ Enrolment enrolments2_ ) ) ( order ( student0_.studentId student0_.studentId studentNumber ) ) )
14:18:46,563  INFO FailureExpectedHandler:73 - Ignoring expected failure [{}] : {}
14:18:46,565  INFO Configuration:706 - HHH000221: Reading mappings from resource: org/hibernate/test/querycache/Enrolment.hbm.xml
14:18:46,572  INFO DriverManagerConnectionProviderImpl:99 - HHH000402: Using Hibernate built-in connection pool (not for production use!)
14:18:46,573  INFO DriverManagerConnectionProviderImpl:135 - HHH000115: Hibernate connection pool size: 5
14:18:46,573  INFO DriverManagerConnectionProviderImpl:138 - HHH000006: Autocommit mode: false
14:18:46,573  INFO DriverManagerConnectionProviderImpl:153 - HHH000401: using driver [org.h2.Driver] at URL [jdbc:h2:mem:db1;DB_CLOSE_DELAY=-1;MVCC=TRUE]
14:18:46,574  INFO DriverManagerConnectionProviderImpl:158 - HHH000046: Connection properties: {user=sa}
14:18:46,575  INFO Dialect:103 - HHH000400: Using dialect: org.hibernate.dialect.H2Dialect
14:18:46,575  INFO LobCreatorBuilder:94 - HHH000423: Disabling contextual LOB creation as JDBC driver reported JDBC version [3] less than 4
14:18:46,576  INFO TransactionFactoryInitiator:66 - HHH000399: Using default transaction strategy (direct JDBC transactions)
14:18:46,576  INFO ASTQueryTranslatorFactory:48 - HHH000397: Using ASTQueryTranslatorFactory
14:18:46,576  WARN CachingRegionFactory:58 - CachingRegionFactory should be only used for testing.
14:18:46,576  INFO UpdateTimestampsCache:61 - HHH000250: Starting update timestamps cache at region: foo.org.hibernate.cache.spi.UpdateTimestampsCache
14:18:46,576  INFO StandardQueryCache:86 - HHH000248: Starting query cache at region: foo.org.hibernate.cache.internal.StandardQueryCache
14:18:46,585  INFO SchemaExport:343 - HHH000227: Running hbm2ddl schema export
14:18:46,586 DEBUG SchemaExport:353 - Import file not found: /import.sql
14:18:46,586 DEBUG SQL:104 - 
    alter table Address 
        drop constraint FK1ED033D47B5C59E1
14:18:46,587 DEBUG SQL:104 - 
    alter table CourseMeeting 
        drop constraint FKC97EED80AEBBC201
14:18:46,587 DEBUG SQL:104 - 
    alter table Enrolment 
        drop constraint FKEB4882C4EC5C133
14:18:46,587 DEBUG SQL:104 - 
    alter table Enrolment 
        drop constraint FKEB4882C4AEBBC201
14:18:46,587 DEBUG SQL:104 - 
    alter table Student 
        drop constraint FKF3371A1B5679E142
14:18:46,587 DEBUG SQL:104 - 
    alter table Student_secretCodes 
        drop constraint FKAF3CA7327B5C59E1
14:18:46,588 DEBUG SQL:104 - 
    drop table Address if exists
14:18:46,588 DEBUG SQL:104 - 
    drop table Course if exists
14:18:46,588 DEBUG SQL:104 - 
    drop table CourseMeeting if exists
14:18:46,588 DEBUG SQL:104 - 
    drop table Enrolment if exists
14:18:46,589 DEBUG SQL:104 - 
    drop table Student if exists
14:18:46,589 DEBUG SQL:104 - 
    drop table Student_secretCodes if exists
14:18:46,589 DEBUG SQL:104 - 
    create table Address (
        id bigint not null,
        addressType varchar(255),
        street varchar(255),
        city varchar(255),
        stateProvince varchar(255),
        postalCode varchar(255),
        country varchar(255),
        studentNumber bigint,
        primary key (id)
    )
14:18:46,589 DEBUG SQL:104 - 
    create table Course (
        courseCode varchar(255) not null,
        description varchar(255),
        primary key (courseCode)
    )
14:18:46,590 DEBUG SQL:104 - 
    create table CourseMeeting (
        courseCode varchar(255) not null,
        day varchar(255) not null,
        period integer not null,
        location varchar(255) not null,
        primary key (courseCode, day, period, location)
    )
14:18:46,590 DEBUG SQL:104 - 
    create table Enrolment (
        studentId bigint not null,
        courseCode varchar(255) not null,
        semester smallint not null,
        "year" smallint not null,
        primary key (studentId, courseCode)
    )
14:18:46,590 DEBUG SQL:104 - 
    create table Student (
        studentId bigint not null,
        name_first varchar(255) not null,
        name_middle varchar(255),
        name_last varchar(255) not null,
        preferredCourseCode varchar(255),
        primary key (studentId)
    )
14:18:46,591 DEBUG SQL:104 - 
    create table Student_secretCodes (
        studentNumber bigint not null,
        secretCode integer,
        i integer not null,
        primary key (studentNumber, i)
    )
14:18:46,591 DEBUG SQL:104 - 
    alter table Address 
        add constraint FK1ED033D47B5C59E1 
        foreign key (studentNumber) 
        references Student
14:18:46,591 DEBUG SQL:104 - 
    alter table CourseMeeting 
        add constraint FKC97EED80AEBBC201 
        foreign key (courseCode) 
        references Course
14:18:46,592 DEBUG SQL:104 - 
    alter table Enrolment 
        add constraint FKEB4882C4EC5C133 
        foreign key (studentId) 
        references Student
14:18:46,592 DEBUG SQL:104 - 
    alter table Enrolment 
        add constraint FKEB4882C4AEBBC201 
        foreign key (courseCode) 
        references Course
14:18:46,593 DEBUG SQL:104 - 
    alter table Student 
        add constraint FKF3371A1B5679E142 
        foreign key (preferredCourseCode) 
        references Course
14:18:46,593 DEBUG SQL:104 - 
    alter table Student_secretCodes 
        add constraint FKAF3CA7327B5C59E1 
        foreign key (studentNumber) 
        references Student
14:18:46,594  INFO SchemaExport:405 - HHH000230: Schema export complete
14:18:46,594  WARN SessionFactoryImpl:1554 - HHH000008: JTASessionContext being used with JDBCTransactionFactory; auto-flush will not operate correctly with getCurrentSession()
14:18:46,595  INFO CustomRunner:139 - Test: testMultiSelectNewWithLiteralList
14:18:46,595 DEBUG SQL:104 - 
    select
        coursemeet_.courseCode,
        coursemeet_.day,
        coursemeet_.period,
        coursemeet_.location 
    from
        CourseMeeting coursemeet_ 
    where
        coursemeet_.courseCode=? 
        and coursemeet_.day=? 
        and coursemeet_.period=? 
        and coursemeet_.location=?
14:18:46,596 DEBUG SQL:104 - 
    select
        coursemeet_.courseCode,
        coursemeet_.day,
        coursemeet_.period,
        coursemeet_.location 
    from
        CourseMeeting coursemeet_ 
    where
        coursemeet_.courseCode=? 
        and coursemeet_.day=? 
        and coursemeet_.period=? 
        and coursemeet_.location=?
14:18:46,596 DEBUG SQL:104 - 
    select
        max(id) 
    from
        Address
14:18:46,597 DEBUG SQL:104 - 
    insert 
    into
        Course
        (description, courseCode) 
    values
        (?, ?)
14:18:46,597 DEBUG BaseGeneralDataRegion:59 - Caching[foo.org.hibernate.cache.spi.UpdateTimestampsCache] : [Course] -> [5579091093901312]
14:18:46,598 DEBUG SQL:104 - 
    insert 
    into
        CourseMeeting
        (courseCode, day, period, location) 
    values
        (?, ?, ?, ?)
14:18:46,598 DEBUG BaseGeneralDataRegion:59 - Caching[foo.org.hibernate.cache.spi.UpdateTimestampsCache] : [CourseMeeting] -> [5579091093905408]
14:18:46,598 DEBUG SQL:104 - 
    insert 
    into
        CourseMeeting
        (courseCode, day, period, location) 
    values
        (?, ?, ?, ?)
14:18:46,604 DEBUG BaseGeneralDataRegion:59 - Caching[foo.org.hibernate.cache.spi.UpdateTimestampsCache] : [CourseMeeting] -> [5579091093929984]
14:18:46,604 DEBUG SQL:104 - 
    insert 
    into
        Student
        (name_first, name_middle, name_last, preferredCourseCode, studentId) 
    values
        (?, ?, ?, ?, ?)
14:18:46,604 DEBUG BaseGeneralDataRegion:59 - Caching[foo.org.hibernate.cache.spi.UpdateTimestampsCache] : [Student] -> [5579091093929985]
14:18:46,604 DEBUG SQL:104 - 
    insert 
    into
        Address
        (addressType, street, city, stateProvince, postalCode, country, studentNumber, id) 
    values
        (?, ?, ?, ?, ?, ?, ?, ?)
14:18:46,605 DEBUG BaseGeneralDataRegion:59 - Caching[foo.org.hibernate.cache.spi.UpdateTimestampsCache] : [Address] -> [5579091093934080]
14:18:46,605 DEBUG SQL:104 - 
    insert 
    into
        Address
        (addressType, street, city, stateProvince, postalCode, country, studentNumber, id) 
    values
        (?, ?, ?, ?, ?, ?, ?, ?)
14:18:46,605 DEBUG BaseGeneralDataRegion:59 - Caching[foo.org.hibernate.cache.spi.UpdateTimestampsCache] : [Address] -> [5579091093934081]
14:18:46,605 DEBUG SQL:104 - 
    insert 
    into
        Student
        (name_first, name_middle, name_last, preferredCourseCode, studentId) 
    values
        (?, ?, ?, ?, ?)
14:18:46,614 DEBUG BaseGeneralDataRegion:59 - Caching[foo.org.hibernate.cache.spi.UpdateTimestampsCache] : [Student] -> [5579091093970944]
14:18:46,614 DEBUG SQL:104 - 
    insert 
    into
        Enrolment
        (semester, "year", studentId, courseCode) 
    values
        (?, ?, ?, ?)
14:18:46,615 DEBUG BaseGeneralDataRegion:59 - Caching[foo.org.hibernate.cache.spi.UpdateTimestampsCache] : [Enrolment] -> [5579091093975040]
14:18:46,615 DEBUG SQL:104 - 
    insert 
    into
        Enrolment
        (semester, "year", studentId, courseCode) 
    values
        (?, ?, ?, ?)
14:18:46,615 DEBUG BaseGeneralDataRegion:59 - Caching[foo.org.hibernate.cache.spi.UpdateTimestampsCache] : [Enrolment] -> [5579091093975041]
14:18:46,616 DEBUG BaseGeneralDataRegion:59 - Caching[foo.org.hibernate.cache.spi.UpdateTimestampsCache] : [CourseMeeting] -> [5579091093979136]
14:18:46,616 DEBUG BaseGeneralDataRegion:59 - Caching[foo.org.hibernate.cache.spi.UpdateTimestampsCache] : [Enrolment] -> [5579091093979137]
14:18:46,616 DEBUG SQL:104 - 
    update
        Address 
    set
        studentNumber=?,
        addressType=? 
    where
        id=?
14:18:46,624 DEBUG SQL:104 - 
    update
        Address 
    set
        studentNumber=?,
        addressType=? 
    where
        id=?
14:18:46,625 DEBUG BaseGeneralDataRegion:59 - Caching[foo.org.hibernate.cache.spi.UpdateTimestampsCache] : [Address] -> [5579091094016000]
14:18:46,625 DEBUG SQL:104 - 
    insert 
    into
        Student_secretCodes
        (studentNumber, i, secretCode) 
    values
        (?, ?, ?)
14:18:46,626 DEBUG BaseGeneralDataRegion:59 - Caching[foo.org.hibernate.cache.spi.UpdateTimestampsCache] : [Student_secretCodes] -> [5579091094020096]
14:18:46,626 DEBUG BaseGeneralDataRegion:59 - Caching[foo.org.hibernate.cache.spi.UpdateTimestampsCache] : [Enrolment] -> [5579091094020097]
14:18:46,626 DEBUG BaseGeneralDataRegion:59 - Caching[foo.org.hibernate.cache.spi.UpdateTimestampsCache] : [Address] -> [5579091094020098]
14:18:46,626 DEBUG SQL:104 - 
    insert 
    into
        Student_secretCodes
        (studentNumber, i, secretCode) 
    values
        (?, ?, ?)
14:18:46,626 DEBUG SQL:104 - 
    insert 
    into
        Student_secretCodes
        (studentNumber, i, secretCode) 
    values
        (?, ?, ?)
14:18:46,635 DEBUG BaseGeneralDataRegion:59 - Caching[foo.org.hibernate.cache.spi.UpdateTimestampsCache] : [Student_secretCodes] -> [5579091094056960]
14:18:46,636 DEBUG BaseGeneralDataRegion:59 - Caching[foo.org.hibernate.cache.spi.UpdateTimestampsCache] : [Student] -> [5579090848296961]
14:18:46,636 DEBUG BaseGeneralDataRegion:59 - Caching[foo.org.hibernate.cache.spi.UpdateTimestampsCache] : [Course] -> [5579090848296961]
14:18:46,636 DEBUG BaseGeneralDataRegion:59 - Caching[foo.org.hibernate.cache.spi.UpdateTimestampsCache] : [Enrolment] -> [5579090848296961]
14:18:46,636 DEBUG BaseGeneralDataRegion:59 - Caching[foo.org.hibernate.cache.spi.UpdateTimestampsCache] : [Student_secretCodes] -> [5579090848296961]
14:18:46,636 DEBUG BaseGeneralDataRegion:59 - Caching[foo.org.hibernate.cache.spi.UpdateTimestampsCache] : [Address] -> [5579090848296961]
14:18:46,636 DEBUG BaseGeneralDataRegion:59 - Caching[foo.org.hibernate.cache.spi.UpdateTimestampsCache] : [CourseMeeting] -> [5579090848296961]
14:18:46,636 DEBUG QueryTranslatorImpl:265 - parse() - HQL: select new Student(555L, s.name) from org.hibernate.test.querycache.Student s order by s.studentNumber
14:18:46,638 DEBUG QueryTranslatorImpl:283 - --- HQL AST ---
 \-[QUERY] Node: 'query'
    +-[SELECT_FROM] Node: 'SELECT_FROM'
    |  +-[FROM] Node: 'from'
    |  |  \-[RANGE] Node: 'RANGE'
    |  |     +-[DOT] Node: '.'
    |  |     |  +-[DOT] Node: '.'
    |  |     |  |  +-[DOT] Node: '.'
    |  |     |  |  |  +-[DOT] Node: '.'
    |  |     |  |  |  |  +-[IDENT] Node: 'org'
    |  |     |  |  |  |  \-[IDENT] Node: 'hibernate'
    |  |     |  |  |  \-[IDENT] Node: 'test'
    |  |     |  |  \-[IDENT] Node: 'querycache'
    |  |     |  \-[IDENT] Node: 'Student'
    |  |     \-[ALIAS] Node: 's'
    |  \-[SELECT] Node: 'select'
    |     \-[CONSTRUCTOR] Node: '('
    |        +-[IDENT] Node: 'Student'
    |        +-[NUM_LONG] Node: '555L'
    |        \-[DOT] Node: '.'
    |           +-[IDENT] Node: 's'
    |           \-[IDENT] Node: 'name'
    \-[ORDER] Node: 'order'
       \-[DOT] Node: '.'
          +-[IDENT] Node: 's'
          \-[IDENT] Node: 'studentNumber'

14:18:46,644 DEBUG ErrorCounter:82 - throwQueryException() : no errors
14:18:46,645 DEBUG FromElement:157 - FromClause{level=1} : org.hibernate.test.querycache.Student (s) -> student0_
14:18:46,645 DEBUG FromReferenceNode:74 - Resolved : s -> student0_.studentId
14:18:46,645 DEBUG DotNode:599 - getDataType() : name -> org.hibernate.type.ComponentType@6d8ab37a
14:18:46,645 DEBUG DotNode:588 - Terminal propertyPath = [name]
14:18:46,645 DEBUG FromReferenceNode:74 - Resolved : s.name -> student0_.name_first, student0_.name_middle, student0_.name_last
14:18:46,645 DEBUG FromReferenceNode:74 - Resolved : s -> student0_.studentId
14:18:46,645 DEBUG DotNode:599 - getDataType() : studentNumber -> org.hibernate.type.LongType@4bf3f9d
14:18:46,646 DEBUG FromReferenceNode:74 - Resolved : s.studentNumber -> student0_.studentId
14:18:46,646 DEBUG HqlSqlWalker:629 - processQuery() :  ( SELECT ( {select clause} ( ( Student 555 ( student0_.name_first, student0_.name_middle, student0_.name_last student0_.studentId name ) ) ) ( FromClause{level=1} Student student0_ ) ( order ( student0_.studentId student0_.studentId studentNumber ) ) )
14:18:46,646 DEBUG JoinProcessor:175 - Using FROM fragment [Student student0_]
14:18:46,646 DEBUG QueryTranslatorImpl:252 - --- SQL AST ---
 \-[SELECT] QueryNode: 'SELECT'  querySpaces (Student)
    +-[SELECT_CLAUSE] SelectClause: '{select clause}'
    |  \-[CONSTRUCTOR] ConstructorNode: '('
    |     +-[IDENT] IdentNode: 'Student' {originalText=Student}
    |     +-[NUM_LONG] LiteralNode: '555'
    |     +-[SELECT_COLUMNS] SqlNode: ' as col_0_0_'
    |     +-[DOT] DotNode: 'student0_.name_first' {propertyName=name,dereferenceType=2,propertyPath=name,path=s.name,tableAlias=student0_,className=org.hibernate.test.querycache.Student,classAlias=s}
    |     |  +-[ALIAS_REF] IdentNode: 'student0_.studentId' {alias=s, className=org.hibernate.test.querycache.Student, tableAlias=student0_}
    |     |  \-[IDENT] IdentNode: 'name' {originalText=name}
    |     +-[SELECT_COLUMNS] SqlNode: ' as col_1_0_'
    |     +-[SQL_TOKEN] SqlFragment: 'student0_.name_middle'
    |     +-[SELECT_COLUMNS] SqlNode: ' as col_1_1_'
    |     +-[SQL_TOKEN] SqlFragment: 'student0_.name_last'
    |     \-[SELECT_COLUMNS] SqlNode: ' as col_1_2_'
    +-[FROM] FromClause: 'from' FromClause{level=1, fromElementCounter=1, fromElements=1, fromElementByClassAlias=[s], fromElementByTableAlias=[student0_], fromElementsByPath=[], collectionJoinFromElementsByPath=[], impliedElements=[]}
    |  \-[FROM_FRAGMENT] FromElement: 'Student student0_' FromElement{explicit,not a collection join,not a fetch join,fetch non-lazy properties,classAlias=s,role=null,tableName=Student,tableAlias=student0_,origin=null,columns={,className=org.hibernate.test.querycache.Student}}
    \-[ORDER] OrderByClause: 'order'
       \-[DOT] DotNode: 'student0_.studentId' {propertyName=studentNumber,dereferenceType=ALL,propertyPath=studentNumber,path=s.studentNumber,tableAlias=student0_,className=org.hibernate.test.querycache.Student,classAlias=s}
          +-[ALIAS_REF] IdentNode: 'student0_.studentId' {alias=s, className=org.hibernate.test.querycache.Student, tableAlias=student0_}
          \-[IDENT] IdentNode: 'studentNumber' {originalText=studentNumber}

14:18:46,655 DEBUG ErrorCounter:82 - throwQueryException() : no errors
14:18:46,655 DEBUG QueryTranslatorImpl:235 - HQL: select new Student(555L, s.name) from org.hibernate.test.querycache.Student s order by s.studentNumber
14:18:46,655 DEBUG QueryTranslatorImpl:236 - SQL: select 555 as col_0_0_, student0_.name_first as col_1_0_, student0_.name_middle as col_1_1_, student0_.name_last as col_1_2_ from Student student0_ order by student0_.studentId
14:18:46,655 DEBUG ErrorCounter:82 - throwQueryException() : no errors
14:18:46,656 DEBUG BaseGeneralDataRegion:46 - Cache[foo.org.hibernate.cache.internal.StandardQueryCache] lookup : key[sql: select 555 as col_0_0_, student0_.name_first as col_1_0_, student0_.name_middle as col_1_1_, student0_.name_last as col_1_2_ from Student student0_ order by student0_.studentId; parameters: ; named parameters: {}; transformer: org.hibernate.transform.CacheableResultTransformer@1406bf]
14:18:46,656 DEBUG SQL:104 - 
    select
        555 as col_0_0_,
        student0_.name_first as col_1_0_,
        student0_.name_middle as col_1_1_,
        student0_.name_last as col_1_2_ 
    from
        Student student0_ 
    order by
        student0_.studentId
14:18:46,657 DEBUG BaseGeneralDataRegion:59 - Caching[foo.org.hibernate.cache.internal.StandardQueryCache] : [sql: select 555 as col_0_0_, student0_.name_first as col_1_0_, student0_.name_middle as col_1_1_, student0_.name_last as col_1_2_ from Student student0_ order by student0_.studentId; parameters: ; named parameters: {}; transformer: org.hibernate.transform.CacheableResultTransformer@1406bf] -> [[5579090848387072, [Ljava.io.Serializable;@60b34869, [Ljava.io.Serializable;@1a571718]]
14:18:46,657 DEBUG BaseGeneralDataRegion:46 - Cache[foo.org.hibernate.cache.internal.StandardQueryCache] lookup : key[sql: select 555 as col_0_0_, student0_.name_first as col_1_0_, student0_.name_middle as col_1_1_, student0_.name_last as col_1_2_ from Student student0_ order by student0_.studentId; parameters: ; named parameters: {}; transformer: org.hibernate.transform.CacheableResultTransformer@1406bf]
14:18:46,657 DEBUG BaseGeneralDataRegion:52 - Cache[foo.org.hibernate.cache.internal.StandardQueryCache] hit: sql: select 555 as col_0_0_, student0_.name_first as col_1_0_, student0_.name_middle as col_1_1_, student0_.name_last as col_1_2_ from Student student0_ order by student0_.studentId; parameters: ; named parameters: {}; transformer: org.hibernate.transform.CacheableResultTransformer@1406bf
14:18:46,657 DEBUG BaseGeneralDataRegion:46 - Cache[foo.org.hibernate.cache.spi.UpdateTimestampsCache] lookup : key[Student]
14:18:46,657 DEBUG BaseGeneralDataRegion:52 - Cache[foo.org.hibernate.cache.spi.UpdateTimestampsCache] hit: Student
14:18:46,658 DEBUG SQL:104 - 
    select
        student_.studentId,
        student_.name_first as name2_4_,
        student_.name_middle as name3_4_,
        student_.name_last as name4_4_,
        student_.preferredCourseCode as preferre5_4_ 
    from
        Student student_ 
    where
        student_.studentId=?
14:18:46,658 DEBUG SQL:104 - 
    select
        enrolment_.studentId,
        enrolment_.courseCode,
        enrolment_.semester as semester3_,
        enrolment_."year" as year4_3_ 
    from
        Enrolment enrolment_ 
    where
        enrolment_.studentId=? 
        and enrolment_.courseCode=?
14:18:46,658 DEBUG SQL:104 - 
    select
        course_.courseCode,
        course_.description as descript2_1_ 
    from
        Course course_ 
    where
        course_.courseCode=?
14:18:46,659 DEBUG SQL:104 - 
    select
        student_.studentId,
        student_.name_first as name2_4_,
        student_.name_middle as name3_4_,
        student_.name_last as name4_4_,
        student_.preferredCourseCode as preferre5_4_ 
    from
        Student student_ 
    where
        student_.studentId=?
14:18:46,669 DEBUG SQL:104 - 
    select
        enrolment_.studentId,
        enrolment_.courseCode,
        enrolment_.semester as semester3_,
        enrolment_."year" as year4_3_ 
    from
        Enrolment enrolment_ 
    where
        enrolment_.studentId=? 
        and enrolment_.courseCode=?
14:18:46,669 DEBUG SQL:104 - 
    select
        coursemeet_.courseCode,
        coursemeet_.day,
        coursemeet_.period,
        coursemeet_.location 
    from
        CourseMeeting coursemeet_ 
    where
        coursemeet_.courseCode=? 
        and coursemeet_.day=? 
        and coursemeet_.period=? 
        and coursemeet_.location=?
14:18:46,669 DEBUG SQL:104 - 
    select
        coursemeet_.courseCode,
        coursemeet_.day,
        coursemeet_.period,
        coursemeet_.location 
    from
        CourseMeeting coursemeet_ 
    where
        coursemeet_.courseCode=? 
        and coursemeet_.day=? 
        and coursemeet_.period=? 
        and coursemeet_.location=?
14:18:46,682 DEBUG BaseGeneralDataRegion:59 - Caching[foo.org.hibernate.cache.spi.UpdateTimestampsCache] : [Enrolment] -> [5579091094249472]
14:18:46,682 DEBUG SQL:104 - 
    update
        Address 
    set
        studentNumber=null,
        addressType=null 
    where
        studentNumber=?
14:18:46,683 DEBUG BaseGeneralDataRegion:59 - Caching[foo.org.hibernate.cache.spi.UpdateTimestampsCache] : [Address] -> [5579091094253568]
14:18:46,683 DEBUG SQL:104 - 
    delete 
    from
        Student_secretCodes 
    where
        studentNumber=?
14:18:46,683 DEBUG BaseGeneralDataRegion:59 - Caching[foo.org.hibernate.cache.spi.UpdateTimestampsCache] : [Student_secretCodes] -> [5579091094253569]
14:18:46,683 DEBUG BaseGeneralDataRegion:59 - Caching[foo.org.hibernate.cache.spi.UpdateTimestampsCache] : [Enrolment] -> [5579091094253570]
14:18:46,683 DEBUG BaseGeneralDataRegion:59 - Caching[foo.org.hibernate.cache.spi.UpdateTimestampsCache] : [Address] -> [5579091094253571]
14:18:46,683 DEBUG SQL:104 - 
    delete 
    from
        Student_secretCodes 
    where
        studentNumber=?
14:18:46,696 DEBUG BaseGeneralDataRegion:59 - Caching[foo.org.hibernate.cache.spi.UpdateTimestampsCache] : [Student_secretCodes] -> [5579091094306816]
14:18:46,696 DEBUG BaseGeneralDataRegion:59 - Caching[foo.org.hibernate.cache.spi.UpdateTimestampsCache] : [CourseMeeting] -> [5579091094306817]
14:18:46,696 DEBUG SQL:104 - 
    delete 
    from
        Enrolment 
    where
        studentId=? 
        and courseCode=?
14:18:46,697 DEBUG BaseGeneralDataRegion:59 - Caching[foo.org.hibernate.cache.spi.UpdateTimestampsCache] : [Enrolment] -> [5579091094310912]
14:18:46,697 DEBUG SQL:104 - 
    delete 
    from
        Address 
    where
        id=?
14:18:46,697 DEBUG BaseGeneralDataRegion:59 - Caching[foo.org.hibernate.cache.spi.UpdateTimestampsCache] : [Address] -> [5579091094310913]
14:18:46,697 DEBUG SQL:104 - 
    delete 
    from
        Address 
    where
        id=?
14:18:46,697 DEBUG BaseGeneralDataRegion:59 - Caching[foo.org.hibernate.cache.spi.UpdateTimestampsCache] : [Address] -> [5579091094310914]
14:18:46,697 DEBUG SQL:104 - 
    delete 
    from
        Student 
    where
        studentId=?
14:18:46,698 DEBUG BaseGeneralDataRegion:59 - Caching[foo.org.hibernate.cache.spi.UpdateTimestampsCache] : [Student] -> [5579091094315008]
14:18:46,698 DEBUG SQL:104 - 
    delete 
    from
        Enrolment 
    where
        studentId=? 
        and courseCode=?
14:18:46,698 DEBUG BaseGeneralDataRegion:59 - Caching[foo.org.hibernate.cache.spi.UpdateTimestampsCache] : [Enrolment] -> [5579091094315009]
14:18:46,698 DEBUG SQL:104 - 
    delete 
    from
        Student 
    where
        studentId=?
14:18:46,714 DEBUG BaseGeneralDataRegion:59 - Caching[foo.org.hibernate.cache.spi.UpdateTimestampsCache] : [Student] -> [5579091094380544]
14:18:46,715 DEBUG SQL:104 - 
    delete 
    from
        CourseMeeting 
    where
        courseCode=? 
        and day=? 
        and period=? 
        and location=?
14:18:46,715 DEBUG BaseGeneralDataRegion:59 - Caching[foo.org.hibernate.cache.spi.UpdateTimestampsCache] : [CourseMeeting] -> [5579091094384640]
14:18:46,715 DEBUG SQL:104 - 
    delete 
    from
        CourseMeeting 
    where
        courseCode=? 
        and day=? 
        and period=? 
        and location=?
14:18:46,715 DEBUG BaseGeneralDataRegion:59 - Caching[foo.org.hibernate.cache.spi.UpdateTimestampsCache] : [CourseMeeting] -> [5579091094384641]
14:18:46,715 DEBUG SQL:104 - 
    delete 
    from
        Course 
    where
        courseCode=?
14:18:46,725 DEBUG BaseGeneralDataRegion:59 - Caching[foo.org.hibernate.cache.spi.UpdateTimestampsCache] : [Course] -> [5579091094425600]
14:18:46,725 DEBUG BaseGeneralDataRegion:59 - Caching[foo.org.hibernate.cache.spi.UpdateTimestampsCache] : [Student] -> [5579090848665601]
14:18:46,725 DEBUG BaseGeneralDataRegion:59 - Caching[foo.org.hibernate.cache.spi.UpdateTimestampsCache] : [Course] -> [5579090848665601]
14:18:46,725 DEBUG BaseGeneralDataRegion:59 - Caching[foo.org.hibernate.cache.spi.UpdateTimestampsCache] : [Enrolment] -> [5579090848665601]
14:18:46,725 DEBUG BaseGeneralDataRegion:59 - Caching[foo.org.hibernate.cache.spi.UpdateTimestampsCache] : [Student_secretCodes] -> [5579090848665601]
14:18:46,725 DEBUG BaseGeneralDataRegion:59 - Caching[foo.org.hibernate.cache.spi.UpdateTimestampsCache] : [Address] -> [5579090848665601]
14:18:46,725 DEBUG BaseGeneralDataRegion:59 - Caching[foo.org.hibernate.cache.spi.UpdateTimestampsCache] : [CourseMeeting] -> [5579090848665601]
14:18:46,726  INFO CustomRunner:139 - Test: testMultiSelectUsingImplicitJoinWithFetchJoinListHql
14:18:46,727 DEBUG SQL:104 - 
    select
        coursemeet_.courseCode,
        coursemeet_.day,
        coursemeet_.period,
        coursemeet_.location 
    from
        CourseMeeting coursemeet_ 
    where
        coursemeet_.courseCode=? 
        and coursemeet_.day=? 
        and coursemeet_.period=? 
        and coursemeet_.location=?
14:18:46,727 DEBUG SQL:104 - 
    select
        coursemeet_.courseCode,
        coursemeet_.day,
        coursemeet_.period,
        coursemeet_.location 
    from
        CourseMeeting coursemeet_ 
    where
        coursemeet_.courseCode=? 
        and coursemeet_.day=? 
        and coursemeet_.period=? 
        and coursemeet_.location=?
14:18:46,736 DEBUG SQL:104 - 
    insert 
    into
        Course
        (description, courseCode) 
    values
        (?, ?)
14:18:46,737 DEBUG BaseGeneralDataRegion:59 - Caching[foo.org.hibernate.cache.spi.UpdateTimestampsCache] : [Course] -> [5579091094474752]
14:18:46,737 DEBUG SQL:104 - 
    insert 
    into
        CourseMeeting
        (courseCode, day, period, location) 
    values
        (?, ?, ?, ?)
14:18:46,737 DEBUG BaseGeneralDataRegion:59 - Caching[foo.org.hibernate.cache.spi.UpdateTimestampsCache] : [CourseMeeting] -> [5579091094474753]
14:18:46,737 DEBUG SQL:104 - 
    insert 
    into
        CourseMeeting
        (courseCode, day, period, location) 
    values
        (?, ?, ?, ?)
14:18:46,746 DEBUG BaseGeneralDataRegion:59 - Caching[foo.org.hibernate.cache.spi.UpdateTimestampsCache] : [CourseMeeting] -> [5579091094511616]
14:18:46,747 DEBUG SQL:104 - 
    insert 
    into
        Student
        (name_first, name_middle, name_last, preferredCourseCode, studentId) 
    values
        (?, ?, ?, ?, ?)
14:18:46,747 DEBUG BaseGeneralDataRegion:59 - Caching[foo.org.hibernate.cache.spi.UpdateTimestampsCache] : [Student] -> [5579091094515712]
14:18:46,747 DEBUG SQL:104 - 
    insert 
    into
        Address
        (addressType, street, city, stateProvince, postalCode, country, studentNumber, id) 
    values
        (?, ?, ?, ?, ?, ?, ?, ?)
14:18:46,747 DEBUG BaseGeneralDataRegion:59 - Caching[foo.org.hibernate.cache.spi.UpdateTimestampsCache] : [Address] -> [5579091094515713]
14:18:46,747 DEBUG SQL:104 - 
    insert 
    into
        Address
        (addressType, street, city, stateProvince, postalCode, country, studentNumber, id) 
    values
        (?, ?, ?, ?, ?, ?, ?, ?)
14:18:46,748 DEBUG BaseGeneralDataRegion:59 - Caching[foo.org.hibernate.cache.spi.UpdateTimestampsCache] : [Address] -> [5579091094519808]
14:18:46,748 DEBUG SQL:104 - 
    insert 
    into
        Student
        (name_first, name_middle, name_last, preferredCourseCode, studentId) 
    values
        (?, ?, ?, ?, ?)
14:18:46,756 DEBUG BaseGeneralDataRegion:59 - Caching[foo.org.hibernate.cache.spi.UpdateTimestampsCache] : [Student] -> [5579091094552576]
14:18:46,757 DEBUG SQL:104 - 
    insert 
    into
        Enrolment
        (semester, "year", studentId, courseCode) 
    values
        (?, ?, ?, ?)
14:18:46,757 DEBUG BaseGeneralDataRegion:59 - Caching[foo.org.hibernate.cache.spi.UpdateTimestampsCache] : [Enrolment] -> [5579091094556672]
14:18:46,757 DEBUG SQL:104 - 
    insert 
    into
        Enrolment
        (semester, "year", studentId, courseCode) 
    values
        (?, ?, ?, ?)
14:18:46,757 DEBUG BaseGeneralDataRegion:59 - Caching[foo.org.hibernate.cache.spi.UpdateTimestampsCache] : [Enrolment] -> [5579091094556673]
14:18:46,757 DEBUG BaseGeneralDataRegion:59 - Caching[foo.org.hibernate.cache.spi.UpdateTimestampsCache] : [CourseMeeting] -> [5579091094556674]
14:18:46,757 DEBUG BaseGeneralDataRegion:59 - Caching[foo.org.hibernate.cache.spi.UpdateTimestampsCache] : [Enrolment] -> [5579091094556675]
14:18:46,758 DEBUG SQL:104 - 
    update
        Address 
    set
        studentNumber=?,
        addressType=? 
    where
        id=?
14:18:46,766 DEBUG SQL:104 - 
    update
        Address 
    set
        studentNumber=?,
        addressType=? 
    where
        id=?
14:18:46,767 DEBUG BaseGeneralDataRegion:59 - Caching[foo.org.hibernate.cache.spi.UpdateTimestampsCache] : [Address] -> [5579091094597632]
14:18:46,767 DEBUG SQL:104 - 
    insert 
    into
        Student_secretCodes
        (studentNumber, i, secretCode) 
    values
        (?, ?, ?)
14:18:46,767 DEBUG BaseGeneralDataRegion:59 - Caching[foo.org.hibernate.cache.spi.UpdateTimestampsCache] : [Student_secretCodes] -> [5579091094597633]
14:18:46,767 DEBUG BaseGeneralDataRegion:59 - Caching[foo.org.hibernate.cache.spi.UpdateTimestampsCache] : [Enrolment] -> [5579091094597634]
14:18:46,767 DEBUG BaseGeneralDataRegion:59 - Caching[foo.org.hibernate.cache.spi.UpdateTimestampsCache] : [Address] -> [5579091094597635]
14:18:46,767 DEBUG SQL:104 - 
    insert 
    into
        Student_secretCodes
        (studentNumber, i, secretCode) 
    values
        (?, ?, ?)
14:18:46,767 DEBUG SQL:104 - 
    insert 
    into
        Student_secretCodes
        (studentNumber, i, secretCode) 
    values
        (?, ?, ?)
14:18:46,776 DEBUG BaseGeneralDataRegion:59 - Caching[foo.org.hibernate.cache.spi.UpdateTimestampsCache] : [Student_secretCodes] -> [5579091094634496]
14:18:46,776 DEBUG BaseGeneralDataRegion:59 - Caching[foo.org.hibernate.cache.spi.UpdateTimestampsCache] : [Student] -> [5579090848874497]
14:18:46,776 DEBUG BaseGeneralDataRegion:59 - Caching[foo.org.hibernate.cache.spi.UpdateTimestampsCache] : [Course] -> [5579090848874497]
14:18:46,776 DEBUG BaseGeneralDataRegion:59 - Caching[foo.org.hibernate.cache.spi.UpdateTimestampsCache] : [Enrolment] -> [5579090848874497]
14:18:46,776 DEBUG BaseGeneralDataRegion:59 - Caching[foo.org.hibernate.cache.spi.UpdateTimestampsCache] : [Student_secretCodes] -> [5579090848874497]
14:18:46,777 DEBUG BaseGeneralDataRegion:59 - Caching[foo.org.hibernate.cache.spi.UpdateTimestampsCache] : [Address] -> [5579090848874497]
14:18:46,777 DEBUG BaseGeneralDataRegion:59 - Caching[foo.org.hibernate.cache.spi.UpdateTimestampsCache] : [CourseMeeting] -> [5579090848874497]
14:18:46,777 DEBUG QueryTranslatorImpl:265 - parse() - HQL: select s as s, s.preferredCourse as pc from org.hibernate.test.querycache.Student s left join fetch s.enrolments
14:18:46,778 DEBUG QueryTranslatorImpl:283 - --- HQL AST ---
 \-[QUERY] Node: 'query'
    \-[SELECT_FROM] Node: 'SELECT_FROM'
       +-[FROM] Node: 'from'
       |  +-[RANGE] Node: 'RANGE'
       |  |  +-[DOT] Node: '.'
       |  |  |  +-[DOT] Node: '.'
       |  |  |  |  +-[DOT] Node: '.'
       |  |  |  |  |  +-[DOT] Node: '.'
       |  |  |  |  |  |  +-[IDENT] Node: 'org'
       |  |  |  |  |  |  \-[IDENT] Node: 'hibernate'
       |  |  |  |  |  \-[IDENT] Node: 'test'
       |  |  |  |  \-[IDENT] Node: 'querycache'
       |  |  |  \-[IDENT] Node: 'Student'
       |  |  \-[ALIAS] Node: 's'
       |  \-[JOIN] Node: 'join'
       |     +-[LEFT] Node: 'left'
       |     +-[FETCH] Node: 'fetch'
       |     \-[DOT] Node: '.'
       |        +-[IDENT] Node: 's'
       |        \-[IDENT] Node: 'enrolments'
       \-[SELECT] Node: 'select'
          +-[AS] Node: 'as'
          |  +-[IDENT] Node: 's'
          |  \-[IDENT] Node: 's'
          \-[AS] Node: 'as'
             +-[DOT] Node: '.'
             |  +-[IDENT] Node: 's'
             |  \-[IDENT] Node: 'preferredCourse'
             \-[IDENT] Node: 'pc'

14:18:46,788 DEBUG ErrorCounter:82 - throwQueryException() : no errors
14:18:46,788 DEBUG FromElement:157 - FromClause{level=1} : org.hibernate.test.querycache.Student (s) -> student0_
14:18:46,788 DEBUG FromReferenceNode:74 - Resolved : s -> student0_.studentId
14:18:46,789 DEBUG DotNode:599 - getDataType() : enrolments -> org.hibernate.type.SetType(org.hibernate.test.querycache.Student.enrolments)
14:18:46,789 DEBUG FromElementFactory:376 - createEntityAssociation() : One to many - path = s.enrolments role = org.hibernate.test.querycache.Student.enrolments associatedEntityName = org.hibernate.test.querycache.Enrolment
14:18:46,789 DEBUG FromElement:157 - FromClause{level=1} : org.hibernate.test.querycache.Enrolment (<no alias>) -> enrolments1_
14:18:46,789 DEBUG FromClause:282 - addJoinByPathMap() : s.enrolments -> FromElement{explicit,not a collection join,not a fetch join,fetch non-lazy properties,classAlias=null,role=null,tableName=Enrolment,tableAlias=enrolments1_,origin=Student student0_,columns={student0_.studentId ,className=org.hibernate.test.querycache.Enrolment}}
14:18:46,789 DEBUG DotNode:308 - dereferenceCollection() : Created new FROM element for s.enrolments : Enrolment enrolments1_
14:18:46,789 DEBUG FromReferenceNode:74 - Resolved : s.enrolments -> .
14:18:46,789 DEBUG HqlSqlWalker:403 - createFromJoinElement() : -- join tree --
 \-[JOIN_FRAGMENT] FromElement: 'Enrolment enrolments1_' FromElement{explicit,not a collection join,fetch join,fetch non-lazy properties,classAlias=null,role=org.hibernate.test.querycache.Student.enrolments,tableName=Enrolment,tableAlias=enrolments1_,origin=Student student0_,columns={student0_.studentId ,className=org.hibernate.test.querycache.Enrolment}}

14:18:46,790 DEBUG FromReferenceNode:74 - Resolved : s -> student0_.studentId
14:18:46,790 DEBUG FromReferenceNode:74 - Resolved : s -> student0_.studentId
14:18:46,790 DEBUG DotNode:599 - getDataType() : preferredCourse -> org.hibernate.type.ManyToOneType(org.hibernate.test.querycache.Course)
14:18:46,790 DEBUG DotNode:389 - dereferenceEntityJoin() : generating join for preferredCourse in org.hibernate.test.querycache.Student (<no alias>) parent = [ {null} ]
14:18:46,790 DEBUG FromElement:157 - FromClause{level=1} : org.hibernate.test.querycache.Course (<no alias>) -> course2_
14:18:46,798 DEBUG FromClause:282 - addJoinByPathMap() : s.preferredCourse -> FromElement{explicit,not a collection join,not a fetch join,fetch non-lazy properties,classAlias=null,role=null,tableName=Course,tableAlias=course2_,origin=Student student0_,columns={student0_.preferredCourseCode ,className=org.hibernate.test.querycache.Course}}
14:18:46,799 DEBUG FromReferenceNode:74 - Resolved : s.preferredCourse -> student0_.preferredCourseCode
14:18:46,799 DEBUG HqlSqlWalker:629 - processQuery() :  ( SELECT ( {select clause} student0_.studentId ( student0_.preferredCourseCode student0_.studentId preferredCourse ) ) ( FromClause{level=1} ( Student student0_ Enrolment enrolments1_ Course course2_ ) ) )
14:18:46,799 DEBUG JoinProcessor:175 - Using FROM fragment [Student student0_]
14:18:46,800 DEBUG JoinProcessor:175 - Using FROM fragment [left outer join Enrolment enrolments1_ on student0_.studentId=enrolments1_.studentId]
14:18:46,800 DEBUG JoinProcessor:175 - Using FROM fragment [inner join Course course2_ on student0_.preferredCourseCode=course2_.courseCode]
14:18:46,800 DEBUG QueryTranslatorImpl:252 - --- SQL AST ---
 \-[SELECT] QueryNode: 'SELECT'  querySpaces (Student,Course,Enrolment)
    +-[SELECT_CLAUSE] SelectClause: '{select clause}'
    |  +-[ALIAS_REF] IdentNode: 'student0_.studentId as studentId4_0_' {alias=s, className=org.hibernate.test.querycache.Student, tableAlias=student0_}
    |  +-[DOT] DotNode: 'course2_.courseCode as courseCode1_1_' {propertyName=preferredCourse,dereferenceType=EOF,propertyPath=preferredCourse,path=s.preferredCourse,tableAlias=course2_,className=org.hibernate.test.querycache.Course,classAlias=null}
    |  |  +-[ALIAS_REF] IdentNode: 'student0_.studentId' {alias=s, className=org.hibernate.test.querycache.Student, tableAlias=student0_}
    |  |  \-[IDENT] IdentNode: 'preferredCourse' {originalText=preferredCourse}
    |  +-[SELECT_EXPR] SelectExpressionImpl: 'enrolments1_.studentId as studentId3_2_, enrolments1_.courseCode as courseCode3_2_' {FromElement{explicit,not a collection join,fetch join,fetch non-lazy properties,classAlias=null,role=org.hibernate.test.querycache.Student.enrolments,tableName=Enrolment,tableAlias=enrolments1_,origin=Student student0_,columns={student0_.studentId ,className=org.hibernate.test.querycache.Enrolment}}}
    |  +-[SQL_TOKEN] SqlFragment: 'student0_.name_first as name2_4_0_, student0_.name_middle as name3_4_0_, student0_.name_last as name4_4_0_, student0_.preferredCourseCode as preferre5_4_0_'
    |  +-[SQL_TOKEN] SqlFragment: 'course2_.description as descript2_1_1_'
    |  +-[SQL_TOKEN] SqlFragment: 'enrolments1_.semester as semester3_2_, enrolments1_."year" as year4_3_2_'
    |  \-[SQL_TOKEN] SqlFragment: 'enrolments1_.studentId as studentId4_0__, enrolments1_.studentId as studentId3_0__, enrolments1_.courseCode as courseCode3_0__'
    \-[FROM] FromClause: 'from' FromClause{level=1, fromElementCounter=3, fromElements=3, fromElementByClassAlias=[s], fromElementByTableAlias=[student0_, course2_, enrolments1_], fromElementsByPath=[s.enrolments, s.preferredCourse], collectionJoinFromElementsByPath=[], impliedElements=[]}
       \-[FROM_FRAGMENT] FromElement: 'Student student0_' FromElement{explicit,not a collection join,not a fetch join,fetch non-lazy properties,classAlias=s,role=null,tableName=Student,tableAlias=student0_,origin=null,columns={,className=org.hibernate.test.querycache.Student}}
          +-[JOIN_FRAGMENT] FromElement: 'left outer join Enrolment enrolments1_ on student0_.studentId=enrolments1_.studentId' FromElement{explicit,not a collection join,fetch join,fetch non-lazy properties,classAlias=null,role=org.hibernate.test.querycache.Student.enrolments,tableName=Enrolment,tableAlias=enrolments1_,origin=Student student0_,columns={student0_.studentId ,className=org.hibernate.test.querycache.Enrolment}}
          \-[JOIN_FRAGMENT] FromElement: 'inner join Course course2_ on student0_.preferredCourseCode=course2_.courseCode' FromElement{explicit,not a collection join,not a fetch join,fetch non-lazy properties,classAlias=null,role=null,tableName=Course,tableAlias=course2_,origin=Student student0_,columns={student0_.preferredCourseCode ,className=org.hibernate.test.querycache.Course}}

14:18:46,800 DEBUG ErrorCounter:82 - throwQueryException() : no errors
14:18:46,800 DEBUG QueryTranslatorImpl:235 - HQL: select s as s, s.preferredCourse as pc from org.hibernate.test.querycache.Student s left join fetch s.enrolments
14:18:46,800 DEBUG QueryTranslatorImpl:236 - SQL: select student0_.studentId as studentId4_0_, course2_.courseCode as courseCode1_1_, enrolments1_.studentId as studentId3_2_, enrolments1_.courseCode as courseCode3_2_, student0_.name_first as name2_4_0_, student0_.name_middle as name3_4_0_, student0_.name_last as name4_4_0_, student0_.preferredCourseCode as preferre5_4_0_, course2_.description as descript2_1_1_, enrolments1_.semester as semester3_2_, enrolments1_."year" as year4_3_2_, enrolments1_.studentId as studentId4_0__, enrolments1_.studentId as studentId3_0__, enrolments1_.courseCode as courseCode3_0__ from Student student0_ left outer join Enrolment enrolments1_ on student0_.studentId=enrolments1_.studentId inner join Course course2_ on student0_.preferredCourseCode=course2_.courseCode
14:18:46,801 DEBUG ErrorCounter:82 - throwQueryException() : no errors
14:18:46,801 DEBUG BaseGeneralDataRegion:46 - Cache[foo.org.hibernate.cache.internal.StandardQueryCache] lookup : key[sql: select student0_.studentId as studentId4_0_, course2_.courseCode as courseCode1_1_, enrolments1_.studentId as studentId3_2_, enrolments1_.courseCode as courseCode3_2_, student0_.name_first as name2_4_0_, student0_.name_middle as name3_4_0_, student0_.name_last as name4_4_0_, student0_.preferredCourseCode as preferre5_4_0_, course2_.description as descript2_1_1_, enrolments1_.semester as semester3_2_, enrolments1_."year" as year4_3_2_, enrolments1_.studentId as studentId4_0__, enrolments1_.studentId as studentId3_0__, enrolments1_.courseCode as courseCode3_0__ from Student student0_ left outer join Enrolment enrolments1_ on student0_.studentId=enrolments1_.studentId inner join Course course2_ on student0_.preferredCourseCode=course2_.courseCode; parameters: ; named parameters: {}; transformer: org.hibernate.transform.CacheableResultTransformer@2513f6c]
14:18:46,801 DEBUG SQL:104 - 
    select
        student0_.studentId as studentId4_0_,
        course2_.courseCode as courseCode1_1_,
        enrolments1_.studentId as studentId3_2_,
        enrolments1_.courseCode as courseCode3_2_,
        student0_.name_first as name2_4_0_,
        student0_.name_middle as name3_4_0_,
        student0_.name_last as name4_4_0_,
        student0_.preferredCourseCode as preferre5_4_0_,
        course2_.description as descript2_1_1_,
        enrolments1_.semester as semester3_2_,
        enrolments1_."year" as year4_3_2_,
        enrolments1_.studentId as studentId4_0__,
        enrolments1_.studentId as studentId3_0__,
        enrolments1_.courseCode as courseCode3_0__ 
    from
        Student student0_ 
    left outer join
        Enrolment enrolments1_ 
            on student0_.studentId=enrolments1_.studentId 
    inner join
        Course course2_ 
            on student0_.preferredCourseCode=course2_.courseCode
14:18:46,802 DEBUG SQL:104 - 
    select
        coursemeet0_.courseCode as courseCode1_1_,
        coursemeet0_.courseCode as courseCode2_1_,
        coursemeet0_.day as day2_1_,
        coursemeet0_.period as period2_1_,
        coursemeet0_.location as location2_1_,
        coursemeet0_.courseCode as courseCode2_0_,
        coursemeet0_.day as day2_0_,
        coursemeet0_.period as period2_0_,
        coursemeet0_.location as location2_0_ 
    from
        CourseMeeting coursemeet0_ 
    where
        coursemeet0_.courseCode=?
14:18:46,813 DEBUG SQL:104 - 
    select
        secretcode0_.studentNumber as studentN1_4_0_,
        secretcode0_.secretCode as secretCode5_0_,
        secretcode0_.i as i0_ 
    from
        Student_secretCodes secretcode0_ 
    where
        secretcode0_.studentNumber=?
14:18:46,813 DEBUG BaseGeneralDataRegion:59 - Caching[foo.org.hibernate.cache.internal.StandardQueryCache] : [sql: select student0_.studentId as studentId4_0_, course2_.courseCode as courseCode1_1_, enrolments1_.studentId as studentId3_2_, enrolments1_.courseCode as courseCode3_2_, student0_.name_first as name2_4_0_, student0_.name_middle as name3_4_0_, student0_.name_last as name4_4_0_, student0_.preferredCourseCode as preferre5_4_0_, course2_.description as descript2_1_1_, enrolments1_.semester as semester3_2_, enrolments1_."year" as year4_3_2_, enrolments1_.studentId as studentId4_0__, enrolments1_.studentId as studentId3_0__, enrolments1_.courseCode as courseCode3_0__ from Student student0_ left outer join Enrolment enrolments1_ on student0_.studentId=enrolments1_.studentId inner join Course course2_ on student0_.preferredCourseCode=course2_.courseCode; parameters: ; named parameters: {}; transformer: org.hibernate.transform.CacheableResultTransformer@2513f6c] -> [[5579090849026048, [Ljava.io.Serializable;@79b142ed]]
14:18:46,814 DEBUG BaseGeneralDataRegion:46 - Cache[foo.org.hibernate.cache.internal.StandardQueryCache] lookup : key[sql: select student0_.studentId as studentId4_0_, course2_.courseCode as courseCode1_1_, enrolments1_.studentId as studentId3_2_, enrolments1_.courseCode as courseCode3_2_, student0_.name_first as name2_4_0_, student0_.name_middle as name3_4_0_, student0_.name_last as name4_4_0_, student0_.preferredCourseCode as preferre5_4_0_, course2_.description as descript2_1_1_, enrolments1_.semester as semester3_2_, enrolments1_."year" as year4_3_2_, enrolments1_.studentId as studentId4_0__, enrolments1_.studentId as studentId3_0__, enrolments1_.courseCode as courseCode3_0__ from Student student0_ left outer join Enrolment enrolments1_ on student0_.studentId=enrolments1_.studentId inner join Course course2_ on student0_.preferredCourseCode=course2_.courseCode; parameters: ; named parameters: {}; transformer: org.hibernate.transform.CacheableResultTransformer@2513f6c]
14:18:46,814 DEBUG BaseGeneralDataRegion:52 - Cache[foo.org.hibernate.cache.internal.StandardQueryCache] hit: sql: select student0_.studentId as studentId4_0_, course2_.courseCode as courseCode1_1_, enrolments1_.studentId as studentId3_2_, enrolments1_.courseCode as courseCode3_2_, student0_.name_first as name2_4_0_, student0_.name_middle as name3_4_0_, student0_.name_last as name4_4_0_, student0_.preferredCourseCode as preferre5_4_0_, course2_.description as descript2_1_1_, enrolments1_.semester as semester3_2_, enrolments1_."year" as year4_3_2_, enrolments1_.studentId as studentId4_0__, enrolments1_.studentId as studentId3_0__, enrolments1_.courseCode as courseCode3_0__ from Student student0_ left outer join Enrolment enrolments1_ on student0_.studentId=enrolments1_.studentId inner join Course course2_ on student0_.preferredCourseCode=course2_.courseCode; parameters: ; named parameters: {}; transformer: org.hibernate.transform.CacheableResultTransformer@2513f6c
14:18:46,814 DEBUG BaseGeneralDataRegion:46 - Cache[foo.org.hibernate.cache.spi.UpdateTimestampsCache] lookup : key[Student]
14:18:46,814 DEBUG BaseGeneralDataRegion:52 - Cache[foo.org.hibernate.cache.spi.UpdateTimestampsCache] hit: Student
14:18:46,814 DEBUG BaseGeneralDataRegion:46 - Cache[foo.org.hibernate.cache.spi.UpdateTimestampsCache] lookup : key[Course]
14:18:46,815 DEBUG BaseGeneralDataRegion:52 - Cache[foo.org.hibernate.cache.spi.UpdateTimestampsCache] hit: Course
14:18:46,815 DEBUG BaseGeneralDataRegion:46 - Cache[foo.org.hibernate.cache.spi.UpdateTimestampsCache] lookup : key[Enrolment]
14:18:46,815 DEBUG BaseGeneralDataRegion:52 - Cache[foo.org.hibernate.cache.spi.UpdateTimestampsCache] hit: Enrolment
14:18:46,815 DEBUG SQL:104 - 
    select
        student0_.studentId as studentId4_0_,
        student0_.name_first as name2_4_0_,
        student0_.name_middle as name3_4_0_,
        student0_.name_last as name4_4_0_,
        student0_.preferredCourseCode as preferre5_4_0_ 
    from
        Student student0_ 
    where
        student0_.studentId=?
14:18:46,823 DEBUG SQL:104 - 
    select
        secretcode0_.studentNumber as studentN1_4_0_,
        secretcode0_.secretCode as secretCode5_0_,
        secretcode0_.i as i0_ 
    from
        Student_secretCodes secretcode0_ 
    where
        secretcode0_.studentNumber=?
14:18:46,823 DEBUG SQL:104 - 
    select
        student_.studentId,
        student_.name_first as name2_4_,
        student_.name_middle as name3_4_,
        student_.name_last as name4_4_,
        student_.preferredCourseCode as preferre5_4_ 
    from
        Student student_ 
    where
        student_.studentId=?
14:18:46,824 DEBUG SQL:104 - 
    select
        enrolment_.studentId,
        enrolment_.courseCode,
        enrolment_.semester as semester3_,
        enrolment_."year" as year4_3_ 
    from
        Enrolment enrolment_ 
    where
        enrolment_.studentId=? 
        and enrolment_.courseCode=?
14:18:46,824 DEBUG SQL:104 - 
    select
        course_.courseCode,
        course_.description as descript2_1_ 
    from
        Course course_ 
    where
        course_.courseCode=?
14:18:46,846 DEBUG SQL:104 - 
    select
        student_.studentId,
        student_.name_first as name2_4_,
        student_.name_middle as name3_4_,
        student_.name_last as name4_4_,
        student_.preferredCourseCode as preferre5_4_ 
    from
        Student student_ 
    where
        student_.studentId=?
14:18:46,847 DEBUG SQL:104 - 
    select
        enrolment_.studentId,
        enrolment_.courseCode,
        enrolment_.semester as semester3_,
        enrolment_."year" as year4_3_ 
    from
        Enrolment enrolment_ 
    where
        enrolment_.studentId=? 
        and enrolment_.courseCode=?
14:18:46,847 DEBUG SQL:104 - 
    select
        coursemeet_.courseCode,
        coursemeet_.day,
        coursemeet_.period,
        coursemeet_.location 
    from
        CourseMeeting coursemeet_ 
    where
        coursemeet_.courseCode=? 
        and coursemeet_.day=? 
        and coursemeet_.period=? 
        and coursemeet_.location=?
14:18:46,855 DEBUG SQL:104 - 
    select
        coursemeet_.courseCode,
        coursemeet_.day,
        coursemeet_.period,
        coursemeet_.location 
    from
        CourseMeeting coursemeet_ 
    where
        coursemeet_.courseCode=? 
        and coursemeet_.day=? 
        and coursemeet_.period=? 
        and coursemeet_.location=?
14:18:46,856 DEBUG BaseGeneralDataRegion:59 - Caching[foo.org.hibernate.cache.spi.UpdateTimestampsCache] : [Enrolment] -> [5579091094962176]
14:18:46,856 DEBUG SQL:104 - 
    update
        Address 
    set
        studentNumber=null,
        addressType=null 
    where
        studentNumber=?
14:18:46,865 DEBUG BaseGeneralDataRegion:59 - Caching[foo.org.hibernate.cache.spi.UpdateTimestampsCache] : [Address] -> [5579091094999040]
14:18:46,866 DEBUG SQL:104 - 
    delete 
    from
        Student_secretCodes 
    where
        studentNumber=?
14:18:46,866 DEBUG BaseGeneralDataRegion:59 - Caching[foo.org.hibernate.cache.spi.UpdateTimestampsCache] : [Student_secretCodes] -> [5579091095003136]
14:18:46,866 DEBUG BaseGeneralDataRegion:59 - Caching[foo.org.hibernate.cache.spi.UpdateTimestampsCache] : [Enrolment] -> [5579091095003137]
14:18:46,866 DEBUG BaseGeneralDataRegion:59 - Caching[foo.org.hibernate.cache.spi.UpdateTimestampsCache] : [Address] -> [5579091095003138]
14:18:46,866 DEBUG SQL:104 - 
    delete 
    from
        Student_secretCodes 
    where
        studentNumber=?
14:18:46,866 DEBUG BaseGeneralDataRegion:59 - Caching[foo.org.hibernate.cache.spi.UpdateTimestampsCache] : [Student_secretCodes] -> [5579091095003139]
14:18:46,866 DEBUG BaseGeneralDataRegion:59 - Caching[foo.org.hibernate.cache.spi.UpdateTimestampsCache] : [CourseMeeting] -> [5579091095003140]
14:18:46,867 DEBUG SQL:104 - 
    delete 
    from
        Enrolment 
    where
        studentId=? 
        and courseCode=?
14:18:46,867 DEBUG BaseGeneralDataRegion:59 - Caching[foo.org.hibernate.cache.spi.UpdateTimestampsCache] : [Enrolment] -> [5579091095007232]
14:18:46,867 DEBUG SQL:104 - 
    delete 
    from
        Address 
    where
        id=?
14:18:46,875 DEBUG BaseGeneralDataRegion:59 - Caching[foo.org.hibernate.cache.spi.UpdateTimestampsCache] : [Address] -> [5579091095040000]
14:18:46,875 DEBUG SQL:104 - 
    delete 
    from
        Address 
    where
        id=?
14:18:46,876 DEBUG BaseGeneralDataRegion:59 - Caching[foo.org.hibernate.cache.spi.UpdateTimestampsCache] : [Address] -> [5579091095044096]
14:18:46,876 DEBUG SQL:104 - 
    delete 
    from
        Student 
    where
        studentId=?
14:18:46,876 DEBUG BaseGeneralDataRegion:59 - Caching[foo.org.hibernate.cache.spi.UpdateTimestampsCache] : [Student] -> [5579091095044097]
14:18:46,876 DEBUG SQL:104 - 
    delete 
    from
        Enrolment 
    where
        studentId=? 
        and courseCode=?
14:18:46,876 DEBUG BaseGeneralDataRegion:59 - Caching[foo.org.hibernate.cache.spi.UpdateTimestampsCache] : [Enrolment] -> [5579091095044098]
14:18:46,876 DEBUG SQL:104 - 
    delete 
    from
        Student 
    where
        studentId=?
14:18:46,887 DEBUG BaseGeneralDataRegion:59 - Caching[foo.org.hibernate.cache.spi.UpdateTimestampsCache] : [Student] -> [5579091095089152]
14:18:46,888 DEBUG SQL:104 - 
    delete 
    from
        CourseMeeting 
    where
        courseCode=? 
        and day=? 
        and period=? 
        and location=?
14:18:46,888 DEBUG BaseGeneralDataRegion:59 - Caching[foo.org.hibernate.cache.spi.UpdateTimestampsCache] : [CourseMeeting] -> [5579091095093248]
14:18:46,888 DEBUG SQL:104 - 
    delete 
    from
        CourseMeeting 
    where
        courseCode=? 
        and day=? 
        and period=? 
        and location=?
14:18:46,888 DEBUG BaseGeneralDataRegion:59 - Caching[foo.org.hibernate.cache.spi.UpdateTimestampsCache] : [CourseMeeting] -> [5579091095093249]
14:18:46,888 DEBUG SQL:104 - 
    delete 
    from
        Course 
    where
        courseCode=?
14:18:46,889 DEBUG BaseGeneralDataRegion:59 - Caching[foo.org.hibernate.cache.spi.UpdateTimestampsCache] : [Course] -> [5579091095097344]
14:18:46,889 DEBUG BaseGeneralDataRegion:59 - Caching[foo.org.hibernate.cache.spi.UpdateTimestampsCache] : [Student] -> [5579090849337345]
14:18:46,896 DEBUG BaseGeneralDataRegion:59 - Caching[foo.org.hibernate.cache.spi.UpdateTimestampsCache] : [Course] -> [5579090849337345]
14:18:46,896 DEBUG BaseGeneralDataRegion:59 - Caching[foo.org.hibernate.cache.spi.UpdateTimestampsCache] : [Enrolment] -> [5579090849337345]
14:18:46,896 DEBUG BaseGeneralDataRegion:59 - Caching[foo.org.hibernate.cache.spi.UpdateTimestampsCache] : [Student_secretCodes] -> [5579090849337345]
14:18:46,897 DEBUG BaseGeneralDataRegion:59 - Caching[foo.org.hibernate.cache.spi.UpdateTimestampsCache] : [Address] -> [5579090849337345]
14:18:46,897 DEBUG BaseGeneralDataRegion:59 - Caching[foo.org.hibernate.cache.spi.UpdateTimestampsCache] : [CourseMeeting] -> [5579090849337345]
14:18:46,897  INFO CustomRunner:139 - Test: testOneEntityProjectionList
14:18:46,899 DEBUG SQL:104 - 
    select
        coursemeet_.courseCode,
        coursemeet_.day,
        coursemeet_.period,
        coursemeet_.location 
    from
        CourseMeeting coursemeet_ 
    where
        coursemeet_.courseCode=? 
        and coursemeet_.day=? 
        and coursemeet_.period=? 
        and coursemeet_.location=?
14:18:46,901 DEBUG SQL:104 - 
    select
        coursemeet_.courseCode,
        coursemeet_.day,
        coursemeet_.period,
        coursemeet_.location 
    from
        CourseMeeting coursemeet_ 
    where
        coursemeet_.courseCode=? 
        and coursemeet_.day=? 
        and coursemeet_.period=? 
        and coursemeet_.location=?
14:18:46,922 DEBUG SQL:104 - 
    insert 
    into
        Course
        (description, courseCode) 
    values
        (?, ?)
14:18:46,923 DEBUG BaseGeneralDataRegion:59 - Caching[foo.org.hibernate.cache.spi.UpdateTimestampsCache] : [Course] -> [5579091095236608]
14:18:46,923 DEBUG SQL:104 - 
    insert 
    into
        CourseMeeting
        (courseCode, day, period, location) 
    values
        (?, ?, ?, ?)
14:18:46,924 DEBUG BaseGeneralDataRegion:59 - Caching[foo.org.hibernate.cache.spi.UpdateTimestampsCache] : [CourseMeeting] -> [5579091095240704]
14:18:46,924 DEBUG SQL:104 - 
    insert 
    into
        CourseMeeting
        (courseCode, day, period, location) 
    values
        (?, ?, ?, ?)
14:18:46,925 DEBUG BaseGeneralDataRegion:59 - Caching[foo.org.hibernate.cache.spi.UpdateTimestampsCache] : [CourseMeeting] -> [5579091095244800]
14:18:46,925 DEBUG SQL:104 - 
    insert 
    into
        Student
        (name_first, name_middle, name_last, preferredCourseCode, studentId) 
    values
        (?, ?, ?, ?, ?)
14:18:46,927 DEBUG BaseGeneralDataRegion:59 - Caching[foo.org.hibernate.cache.spi.UpdateTimestampsCache] : [Student] -> [5579091095252992]
14:18:46,927 DEBUG SQL:104 - 
    insert 
    into
        Address
        (addressType, street, city, stateProvince, postalCode, country, studentNumber, id) 
    values
        (?, ?, ?, ?, ?, ?, ?, ?)
14:18:46,928 DEBUG BaseGeneralDataRegion:59 - Caching[foo.org.hibernate.cache.spi.UpdateTimestampsCache] : [Address] -> [5579091095257088]
14:18:46,928 DEBUG SQL:104 - 
    insert 
    into
        Address
        (addressType, street, city, stateProvince, postalCode, country, studentNumber, id) 
    values
        (?, ?, ?, ?, ?, ?, ?, ?)
14:18:46,928 DEBUG BaseGeneralDataRegion:59 - Caching[foo.org.hibernate.cache.spi.UpdateTimestampsCache] : [Address] -> [5579091095257089]
14:18:46,928 DEBUG SQL:104 - 
    insert 
    into
        Student
        (name_first, name_middle, name_last, preferredCourseCode, studentId) 
    values
        (?, ?, ?, ?, ?)
14:18:46,928 DEBUG BaseGeneralDataRegion:59 - Caching[foo.org.hibernate.cache.spi.UpdateTimestampsCache] : [Student] -> [5579091095257090]
14:18:46,929 DEBUG SQL:104 - 
    insert 
    into
        Enrolment
        (semester, "year", studentId, courseCode) 
    values
        (?, ?, ?, ?)
14:18:46,929 DEBUG BaseGeneralDataRegion:59 - Caching[foo.org.hibernate.cache.spi.UpdateTimestampsCache] : [Enrolment] -> [5579091095261184]
14:18:46,929 DEBUG SQL:104 - 
    insert 
    into
        Enrolment
        (semester, "year", studentId, courseCode) 
    values
        (?, ?, ?, ?)
14:18:46,929 DEBUG BaseGeneralDataRegion:59 - Caching[foo.org.hibernate.cache.spi.UpdateTimestampsCache] : [Enrolment] -> [5579091095261185]
14:18:46,929 DEBUG BaseGeneralDataRegion:59 - Caching[foo.org.hibernate.cache.spi.UpdateTimestampsCache] : [CourseMeeting] -> [5579091095261186]
14:18:46,929 DEBUG BaseGeneralDataRegion:59 - Caching[foo.org.hibernate.cache.spi.UpdateTimestampsCache] : [Enrolment] -> [5579091095261187]
14:18:46,929 DEBUG SQL:104 - 
    update
        Address 
    set
        studentNumber=?,
        addressType=? 
    where
        id=?
14:18:46,930 DEBUG SQL:104 - 
    update
        Address 
    set
        studentNumber=?,
        addressType=? 
    where
        id=?
14:18:46,941 DEBUG BaseGeneralDataRegion:59 - Caching[foo.org.hibernate.cache.spi.UpdateTimestampsCache] : [Address] -> [5579091095310336]
14:18:46,941 DEBUG SQL:104 - 
    insert 
    into
        Student_secretCodes
        (studentNumber, i, secretCode) 
    values
        (?, ?, ?)
14:18:46,942 DEBUG BaseGeneralDataRegion:59 - Caching[foo.org.hibernate.cache.spi.UpdateTimestampsCache] : [Student_secretCodes] -> [5579091095314432]
14:18:46,942 DEBUG BaseGeneralDataRegion:59 - Caching[foo.org.hibernate.cache.spi.UpdateTimestampsCache] : [Enrolment] -> [5579091095314433]
14:18:46,942 DEBUG BaseGeneralDataRegion:59 - Caching[foo.org.hibernate.cache.spi.UpdateTimestampsCache] : [Address] -> [5579091095314434]
14:18:46,942 DEBUG SQL:104 - 
    insert 
    into
        Student_secretCodes
        (studentNumber, i, secretCode) 
    values
        (?, ?, ?)
14:18:46,942 DEBUG SQL:104 - 
    insert 
    into
        Student_secretCodes
        (studentNumber, i, secretCode) 
    values
        (?, ?, ?)
14:18:46,952 DEBUG BaseGeneralDataRegion:59 - Caching[foo.org.hibernate.cache.spi.UpdateTimestampsCache] : [Student_secretCodes] -> [5579091095355392]
14:18:46,952 DEBUG BaseGeneralDataRegion:59 - Caching[foo.org.hibernate.cache.spi.UpdateTimestampsCache] : [Student] -> [5579090849595393]
14:18:46,952 DEBUG BaseGeneralDataRegion:59 - Caching[foo.org.hibernate.cache.spi.UpdateTimestampsCache] : [Course] -> [5579090849595393]
14:18:46,952 DEBUG BaseGeneralDataRegion:59 - Caching[foo.org.hibernate.cache.spi.UpdateTimestampsCache] : [Enrolment] -> [5579090849595393]
14:18:46,952 DEBUG BaseGeneralDataRegion:59 - Caching[foo.org.hibernate.cache.spi.UpdateTimestampsCache] : [Student_secretCodes] -> [5579090849595393]
14:18:46,952 DEBUG BaseGeneralDataRegion:59 - Caching[foo.org.hibernate.cache.spi.UpdateTimestampsCache] : [Address] -> [5579090849595393]
14:18:46,953 DEBUG BaseGeneralDataRegion:59 - Caching[foo.org.hibernate.cache.spi.UpdateTimestampsCache] : [CourseMeeting] -> [5579090849595393]
14:18:46,953 DEBUG QueryTranslatorImpl:265 - parse() - HQL: select e.student from org.hibernate.test.querycache.Enrolment e order by e.studentNumber
14:18:46,954 DEBUG QueryTranslatorImpl:283 - --- HQL AST ---
 \-[QUERY] Node: 'query'
    +-[SELECT_FROM] Node: 'SELECT_FROM'
    |  +-[FROM] Node: 'from'
    |  |  \-[RANGE] Node: 'RANGE'
    |  |     +-[DOT] Node: '.'
    |  |     |  +-[DOT] Node: '.'
    |  |     |  |  +-[DOT] Node: '.'
    |  |     |  |  |  +-[DOT] Node: '.'
    |  |     |  |  |  |  +-[IDENT] Node: 'org'
    |  |     |  |  |  |  \-[IDENT] Node: 'hibernate'
    |  |     |  |  |  \-[IDENT] Node: 'test'
    |  |     |  |  \-[IDENT] Node: 'querycache'
    |  |     |  \-[IDENT] Node: 'Enrolment'
    |  |     \-[ALIAS] Node: 'e'
    |  \-[SELECT] Node: 'select'
    |     \-[DOT] Node: '.'
    |        +-[IDENT] Node: 'e'
    |        \-[IDENT] Node: 'student'
    \-[ORDER] Node: 'order'
       \-[DOT] Node: '.'
          +-[IDENT] Node: 'e'
          \-[IDENT] Node: 'studentNumber'

14:18:46,955 DEBUG ErrorCounter:82 - throwQueryException() : no errors
14:18:46,955 DEBUG FromElement:157 - FromClause{level=1} : org.hibernate.test.querycache.Enrolment (e) -> enrolment0_
14:18:46,955 DEBUG FromReferenceNode:74 - Resolved : e -> (enrolment0_.studentId, enrolment0_.courseCode)
14:18:46,955 DEBUG DotNode:599 - getDataType() : student -> org.hibernate.type.ManyToOneType(org.hibernate.test.querycache.Student)
14:18:46,955 DEBUG DotNode:389 - dereferenceEntityJoin() : generating join for student in org.hibernate.test.querycache.Enrolment (<no alias>) parent = [ {null} ]
14:18:46,955 DEBUG FromElement:157 - FromClause{level=1} : org.hibernate.test.querycache.Student (<no alias>) -> student1_
14:18:46,956 DEBUG FromClause:282 - addJoinByPathMap() : e.student -> FromElement{explicit,not a collection join,not a fetch join,fetch non-lazy properties,classAlias=null,role=null,tableName=Student,tableAlias=student1_,origin=Enrolment enrolment0_,columns={enrolment0_.studentId ,className=org.hibernate.test.querycache.Student}}
14:18:46,956 DEBUG FromReferenceNode:74 - Resolved : e.student -> enrolment0_.studentId
14:18:46,956 DEBUG FromReferenceNode:74 - Resolved : e -> enrolment0_.studentId, enrolment0_.courseCode
14:18:46,956 DEBUG DotNode:599 - getDataType() : studentNumber -> org.hibernate.type.LongType@4bf3f9d
14:18:46,974 DEBUG FromReferenceNode:74 - Resolved : e.studentNumber -> enrolment0_.studentId
14:18:46,975 DEBUG HqlSqlWalker:629 - processQuery() :  ( SELECT ( {select clause} ( enrolment0_.studentId (enrolment0_.studentId, enrolment0_.courseCode) student ) ) ( FromClause{level=1} ( Enrolment enrolment0_ Student student1_ ) ) ( order ( enrolment0_.studentId enrolment0_.studentId, enrolment0_.courseCode studentNumber ) ) )
14:18:46,975 DEBUG JoinProcessor:175 - Using FROM fragment [Enrolment enrolment0_]
14:18:46,975 DEBUG JoinProcessor:175 - Using FROM fragment [inner join Student student1_ on enrolment0_.studentId=student1_.studentId]
14:18:46,975 DEBUG QueryTranslatorImpl:252 - --- SQL AST ---
 \-[SELECT] QueryNode: 'SELECT'  querySpaces (Student,Enrolment)
    +-[SELECT_CLAUSE] SelectClause: '{select clause}'
    |  +-[DOT] DotNode: 'student1_.studentId as studentId4_' {propertyName=student,dereferenceType=EOF,propertyPath=student,path=e.student,tableAlias=student1_,className=org.hibernate.test.querycache.Student,classAlias=null}
    |  |  +-[ALIAS_REF] IdentNode: '(enrolment0_.studentId, enrolment0_.courseCode)' {alias=e, className=org.hibernate.test.querycache.Enrolment, tableAlias=enrolment0_}
    |  |  \-[IDENT] IdentNode: 'student' {originalText=student}
    |  \-[SQL_TOKEN] SqlFragment: 'student1_.name_first as name2_4_, student1_.name_middle as name3_4_, student1_.name_last as name4_4_, student1_.preferredCourseCode as preferre5_4_'
    +-[FROM] FromClause: 'from' FromClause{level=1, fromElementCounter=2, fromElements=2, fromElementByClassAlias=[e], fromElementByTableAlias=[student1_, enrolment0_], fromElementsByPath=[e.student], collectionJoinFromElementsByPath=[], impliedElements=[]}
    |  \-[FROM_FRAGMENT] FromElement: 'Enrolment enrolment0_' FromElement{explicit,not a collection join,not a fetch join,fetch non-lazy properties,classAlias=e,role=null,tableName=Enrolment,tableAlias=enrolment0_,origin=null,columns={,className=org.hibernate.test.querycache.Enrolment}}
    |     \-[JOIN_FRAGMENT] FromElement: 'inner join Student student1_ on enrolment0_.studentId=student1_.studentId' FromElement{explicit,not a collection join,not a fetch join,fetch non-lazy properties,classAlias=null,role=null,tableName=Student,tableAlias=student1_,origin=Enrolment enrolment0_,columns={enrolment0_.studentId ,className=org.hibernate.test.querycache.Student}}
    \-[ORDER] OrderByClause: 'order'
       \-[DOT] DotNode: 'enrolment0_.studentId' {propertyName=studentNumber,dereferenceType=ALL,propertyPath=studentNumber,path=e.studentNumber,tableAlias=enrolment0_,className=org.hibernate.test.querycache.Enrolment,classAlias=e}
          +-[ALIAS_REF] IdentNode: 'enrolment0_.studentId, enrolment0_.courseCode' {alias=e, className=org.hibernate.test.querycache.Enrolment, tableAlias=enrolment0_}
          \-[IDENT] IdentNode: 'studentNumber' {originalText=studentNumber}

14:18:46,976 DEBUG ErrorCounter:82 - throwQueryException() : no errors
14:18:46,976 DEBUG QueryTranslatorImpl:235 - HQL: select e.student from org.hibernate.test.querycache.Enrolment e order by e.studentNumber
14:18:46,976 DEBUG QueryTranslatorImpl:236 - SQL: select student1_.studentId as studentId4_, student1_.name_first as name2_4_, student1_.name_middle as name3_4_, student1_.name_last as name4_4_, student1_.preferredCourseCode as preferre5_4_ from Enrolment enrolment0_ inner join Student student1_ on enrolment0_.studentId=student1_.studentId order by enrolment0_.studentId
14:18:46,976 DEBUG ErrorCounter:82 - throwQueryException() : no errors
14:18:46,976 DEBUG BaseGeneralDataRegion:46 - Cache[foo.org.hibernate.cache.internal.StandardQueryCache] lookup : key[sql: select student1_.studentId as studentId4_, student1_.name_first as name2_4_, student1_.name_middle as name3_4_, student1_.name_last as name4_4_, student1_.preferredCourseCode as preferre5_4_ from Enrolment enrolment0_ inner join Student student1_ on enrolment0_.studentId=student1_.studentId order by enrolment0_.studentId; parameters: ; named parameters: {}; transformer: org.hibernate.transform.CacheableResultTransformer@110f2]
14:18:46,976 DEBUG SQL:104 - 
    select
        student1_.studentId as studentId4_,
        student1_.name_first as name2_4_,
        student1_.name_middle as name3_4_,
        student1_.name_last as name4_4_,
        student1_.preferredCourseCode as preferre5_4_ 
    from
        Enrolment enrolment0_ 
    inner join
        Student student1_ 
            on enrolment0_.studentId=student1_.studentId 
    order by
        enrolment0_.studentId
14:18:46,986 DEBUG SQL:104 - 
    select
        secretcode0_.studentNumber as studentN1_4_0_,
        secretcode0_.secretCode as secretCode5_0_,
        secretcode0_.i as i0_ 
    from
        Student_secretCodes secretcode0_ 
    where
        secretcode0_.studentNumber=?
14:18:46,987 DEBUG SQL:104 - 
    select
        secretcode0_.studentNumber as studentN1_4_0_,
        secretcode0_.secretCode as secretCode5_0_,
        secretcode0_.i as i0_ 
    from
        Student_secretCodes secretcode0_ 
    where
        secretcode0_.studentNumber=?
14:18:46,987 DEBUG BaseGeneralDataRegion:59 - Caching[foo.org.hibernate.cache.internal.StandardQueryCache] : [sql: select student1_.studentId as studentId4_, student1_.name_first as name2_4_, student1_.name_middle as name3_4_, student1_.name_last as name4_4_, student1_.preferredCourseCode as preferre5_4_ from Enrolment enrolment0_ inner join Student student1_ on enrolment0_.studentId=student1_.studentId order by enrolment0_.studentId; parameters: ; named parameters: {}; transformer: org.hibernate.transform.CacheableResultTransformer@110f2] -> [[5579090849738752, 111, 999]]
14:18:46,987 DEBUG BaseGeneralDataRegion:46 - Cache[foo.org.hibernate.cache.internal.StandardQueryCache] lookup : key[sql: select student1_.studentId as studentId4_, student1_.name_first as name2_4_, student1_.name_middle as name3_4_, student1_.name_last as name4_4_, student1_.preferredCourseCode as preferre5_4_ from Enrolment enrolment0_ inner join Student student1_ on enrolment0_.studentId=student1_.studentId order by enrolment0_.studentId; parameters: ; named parameters: {}; transformer: org.hibernate.transform.CacheableResultTransformer@110f2]
14:18:46,987 DEBUG BaseGeneralDataRegion:52 - Cache[foo.org.hibernate.cache.internal.StandardQueryCache] hit: sql: select student1_.studentId as studentId4_, student1_.name_first as name2_4_, student1_.name_middle as name3_4_, student1_.name_last as name4_4_, student1_.preferredCourseCode as preferre5_4_ from Enrolment enrolment0_ inner join Student student1_ on enrolment0_.studentId=student1_.studentId order by enrolment0_.studentId; parameters: ; named parameters: {}; transformer: org.hibernate.transform.CacheableResultTransformer@110f2
14:18:46,988 DEBUG BaseGeneralDataRegion:46 - Cache[foo.org.hibernate.cache.spi.UpdateTimestampsCache] lookup : key[Student]
14:18:46,997 DEBUG BaseGeneralDataRegion:52 - Cache[foo.org.hibernate.cache.spi.UpdateTimestampsCache] hit: Student
14:18:46,997 DEBUG BaseGeneralDataRegion:46 - Cache[foo.org.hibernate.cache.spi.UpdateTimestampsCache] lookup : key[Enrolment]
14:18:46,997 DEBUG BaseGeneralDataRegion:52 - Cache[foo.org.hibernate.cache.spi.UpdateTimestampsCache] hit: Enrolment
14:18:46,997 DEBUG SQL:104 - 
    select
        student_.studentId,
        student_.name_first as name2_4_,
        student_.name_middle as name3_4_,
        student_.name_last as name4_4_,
        student_.preferredCourseCode as preferre5_4_ 
    from
        Student student_ 
    where
        student_.studentId=?
14:18:46,998 DEBUG SQL:104 - 
    select
        enrolment_.studentId,
        enrolment_.courseCode,
        enrolment_.semester as semester3_,
        enrolment_."year" as year4_3_ 
    from
        Enrolment enrolment_ 
    where
        enrolment_.studentId=? 
        and enrolment_.courseCode=?
14:18:46,998 DEBUG SQL:104 - 
    select
        course_.courseCode,
        course_.description as descript2_1_ 
    from
        Course course_ 
    where
        course_.courseCode=?
14:18:47,006 DEBUG SQL:104 - 
    select
        student_.studentId,
        student_.name_first as name2_4_,
        student_.name_middle as name3_4_,
        student_.name_last as name4_4_,
        student_.preferredCourseCode as preferre5_4_ 
    from
        Student student_ 
    where
        student_.studentId=?
14:18:47,007 DEBUG SQL:104 - 
    select
        enrolment_.studentId,
        enrolment_.courseCode,
        enrolment_.semester as semester3_,
        enrolment_."year" as year4_3_ 
    from
        Enrolment enrolment_ 
    where
        enrolment_.studentId=? 
        and enrolment_.courseCode=?
14:18:47,007 DEBUG SQL:104 - 
    select
        coursemeet_.courseCode,
        coursemeet_.day,
        coursemeet_.period,
        coursemeet_.location 
    from
        CourseMeeting coursemeet_ 
    where
        coursemeet_.courseCode=? 
        and coursemeet_.day=? 
        and coursemeet_.period=? 
        and coursemeet_.location=?
14:18:47,017 DEBUG SQL:104 - 
    select
        coursemeet_.courseCode,
        coursemeet_.day,
        coursemeet_.period,
        coursemeet_.location 
    from
        CourseMeeting coursemeet_ 
    where
        coursemeet_.courseCode=? 
        and coursemeet_.day=? 
        and coursemeet_.period=? 
        and coursemeet_.location=?
14:18:47,017 DEBUG BaseGeneralDataRegion:59 - Caching[foo.org.hibernate.cache.spi.UpdateTimestampsCache] : [Enrolment] -> [5579091095621632]
14:18:47,018 DEBUG SQL:104 - 
    update
        Address 
    set
        studentNumber=null,
        addressType=null 
    where
        studentNumber=?
14:18:47,027 DEBUG BaseGeneralDataRegion:59 - Caching[foo.org.hibernate.cache.spi.UpdateTimestampsCache] : [Address] -> [5579091095662592]
14:18:47,027 DEBUG SQL:104 - 
    delete 
    from
        Student_secretCodes 
    where
        studentNumber=?
14:18:47,028 DEBUG BaseGeneralDataRegion:59 - Caching[foo.org.hibernate.cache.spi.UpdateTimestampsCache] : [Student_secretCodes] -> [5579091095666688]
14:18:47,028 DEBUG BaseGeneralDataRegion:59 - Caching[foo.org.hibernate.cache.spi.UpdateTimestampsCache] : [Enrolment] -> [5579091095666689]
14:18:47,028 DEBUG BaseGeneralDataRegion:59 - Caching[foo.org.hibernate.cache.spi.UpdateTimestampsCache] : [Address] -> [5579091095666690]
14:18:47,028 DEBUG SQL:104 - 
    delete 
    from
        Student_secretCodes 
    where
        studentNumber=?
14:18:47,028 DEBUG BaseGeneralDataRegion:59 - Caching[foo.org.hibernate.cache.spi.UpdateTimestampsCache] : [Student_secretCodes] -> [5579091095666691]
14:18:47,028 DEBUG BaseGeneralDataRegion:59 - Caching[foo.org.hibernate.cache.spi.UpdateTimestampsCache] : [CourseMeeting] -> [5579091095666692]
14:18:47,028 DEBUG SQL:104 - 
    delete 
    from
        Enrolment 
    where
        studentId=? 
        and courseCode=?
14:18:47,028 DEBUG BaseGeneralDataRegion:59 - Caching[foo.org.hibernate.cache.spi.UpdateTimestampsCache] : [Enrolment] -> [5579091095666693]
14:18:47,029 DEBUG SQL:104 - 
    delete 
    from
        Address 
    where
        id=?
14:18:47,037 DEBUG BaseGeneralDataRegion:59 - Caching[foo.org.hibernate.cache.spi.UpdateTimestampsCache] : [Address] -> [5579091095703552]
14:18:47,037 DEBUG SQL:104 - 
    delete 
    from
        Address 
    where
        id=?
14:18:47,037 DEBUG BaseGeneralDataRegion:59 - Caching[foo.org.hibernate.cache.spi.UpdateTimestampsCache] : [Address] -> [5579091095703553]
14:18:47,037 DEBUG SQL:104 - 
    delete 
    from
        Student 
    where
        studentId=?
14:18:47,038 DEBUG BaseGeneralDataRegion:59 - Caching[foo.org.hibernate.cache.spi.UpdateTimestampsCache] : [Student] -> [5579091095707648]
14:18:47,038 DEBUG SQL:104 - 
    delete 
    from
        Enrolment 
    where
        studentId=? 
        and courseCode=?
14:18:47,038 DEBUG BaseGeneralDataRegion:59 - Caching[foo.org.hibernate.cache.spi.UpdateTimestampsCache] : [Enrolment] -> [5579091095707649]
14:18:47,038 DEBUG SQL:104 - 
    delete 
    from
        Student 
    where
        studentId=?
14:18:47,048 DEBUG BaseGeneralDataRegion:59 - Caching[foo.org.hibernate.cache.spi.UpdateTimestampsCache] : [Student] -> [5579091095748608]
14:18:47,048 DEBUG SQL:104 - 
    delete 
    from
        CourseMeeting 
    where
        courseCode=? 
        and day=? 
        and period=? 
        and location=?
14:18:47,048 DEBUG BaseGeneralDataRegion:59 - Caching[foo.org.hibernate.cache.spi.UpdateTimestampsCache] : [CourseMeeting] -> [5579091095748609]
14:18:47,049 DEBUG SQL:104 - 
    delete 
    from
        CourseMeeting 
    where
        courseCode=? 
        and day=? 
        and period=? 
        and location=?
14:18:47,049 DEBUG BaseGeneralDataRegion:59 - Caching[foo.org.hibernate.cache.spi.UpdateTimestampsCache] : [CourseMeeting] -> [5579091095752704]
14:18:47,049 DEBUG SQL:104 - 
    delete 
    from
        Course 
    where
        courseCode=?
14:18:47,049 DEBUG BaseGeneralDataRegion:59 - Caching[foo.org.hibernate.cache.spi.UpdateTimestampsCache] : [Course] -> [5579091095752705]
14:18:47,049 DEBUG BaseGeneralDataRegion:59 - Caching[foo.org.hibernate.cache.spi.UpdateTimestampsCache] : [Student] -> [5579090849992706]
14:18:47,059 DEBUG BaseGeneralDataRegion:59 - Caching[foo.org.hibernate.cache.spi.UpdateTimestampsCache] : [Course] -> [5579090849992706]
14:18:47,059 DEBUG BaseGeneralDataRegion:59 - Caching[foo.org.hibernate.cache.spi.UpdateTimestampsCache] : [Enrolment] -> [5579090849992706]
14:18:47,059 DEBUG BaseGeneralDataRegion:59 - Caching[foo.org.hibernate.cache.spi.UpdateTimestampsCache] : [Student_secretCodes] -> [5579090849992706]
14:18:47,059 DEBUG BaseGeneralDataRegion:59 - Caching[foo.org.hibernate.cache.spi.UpdateTimestampsCache] : [Address] -> [5579090849992706]
14:18:47,059 DEBUG BaseGeneralDataRegion:59 - Caching[foo.org.hibernate.cache.spi.UpdateTimestampsCache] : [CourseMeeting] -> [5579090849992706]
14:18:47,060  INFO CustomRunner:139 - Test: testOneEntityProjectionUnique
14:18:47,061 DEBUG SQL:104 - 
    select
        coursemeet_.courseCode,
        coursemeet_.day,
        coursemeet_.period,
        coursemeet_.location 
    from
        CourseMeeting coursemeet_ 
    where
        coursemeet_.courseCode=? 
        and coursemeet_.day=? 
        and coursemeet_.period=? 
        and coursemeet_.location=?
14:18:47,061 DEBUG SQL:104 - 
    select
        coursemeet_.courseCode,
        coursemeet_.day,
        coursemeet_.period,
        coursemeet_.location 
    from
        CourseMeeting coursemeet_ 
    where
        coursemeet_.courseCode=? 
        and coursemeet_.day=? 
        and coursemeet_.period=? 
        and coursemeet_.location=?
14:18:47,062 DEBUG SQL:104 - 
    insert 
    into
        Course
        (description, courseCode) 
    values
        (?, ?)
14:18:47,062 DEBUG BaseGeneralDataRegion:59 - Caching[foo.org.hibernate.cache.spi.UpdateTimestampsCache] : [Course] -> [5579091095805952]
14:18:47,063 DEBUG SQL:104 - 
    insert 
    into
        CourseMeeting
        (courseCode, day, period, location) 
    values
        (?, ?, ?, ?)
14:18:47,063 DEBUG BaseGeneralDataRegion:59 - Caching[foo.org.hibernate.cache.spi.UpdateTimestampsCache] : [CourseMeeting] -> [5579091095810048]
14:18:47,063 DEBUG SQL:104 - 
    insert 
    into
        CourseMeeting
        (courseCode, day, period, location) 
    values
        (?, ?, ?, ?)
14:18:47,063 DEBUG BaseGeneralDataRegion:59 - Caching[foo.org.hibernate.cache.spi.UpdateTimestampsCache] : [CourseMeeting] -> [5579091095810049]
14:18:47,063 DEBUG SQL:104 - 
    insert 
    into
        Student
        (name_first, name_middle, name_last, preferredCourseCode, studentId) 
    values
        (?, ?, ?, ?, ?)
14:18:47,073 DEBUG BaseGeneralDataRegion:59 - Caching[foo.org.hibernate.cache.spi.UpdateTimestampsCache] : [Student] -> [5579091095851008]
14:18:47,073 DEBUG SQL:104 - 
    insert 
    into
        Address
        (addressType, street, city, stateProvince, postalCode, country, studentNumber, id) 
    values
        (?, ?, ?, ?, ?, ?, ?, ?)
14:18:47,073 DEBUG BaseGeneralDataRegion:59 - Caching[foo.org.hibernate.cache.spi.UpdateTimestampsCache] : [Address] -> [5579091095851009]
14:18:47,073 DEBUG SQL:104 - 
    insert 
    into
        Address
        (addressType, street, city, stateProvince, postalCode, country, studentNumber, id) 
    values
        (?, ?, ?, ?, ?, ?, ?, ?)
14:18:47,073 DEBUG BaseGeneralDataRegion:59 - Caching[foo.org.hibernate.cache.spi.UpdateTimestampsCache] : [Address] -> [5579091095851010]
14:18:47,073 DEBUG SQL:104 - 
    insert 
    into
        Student
        (name_first, name_middle, name_last, preferredCourseCode, studentId) 
    values
        (?, ?, ?, ?, ?)
14:18:47,083 DEBUG BaseGeneralDataRegion:59 - Caching[foo.org.hibernate.cache.spi.UpdateTimestampsCache] : [Student] -> [5579091095891968]
14:18:47,083 DEBUG SQL:104 - 
    insert 
    into
        Enrolment
        (semester, "year", studentId, courseCode) 
    values
        (?, ?, ?, ?)
14:18:47,083 DEBUG BaseGeneralDataRegion:59 - Caching[foo.org.hibernate.cache.spi.UpdateTimestampsCache] : [Enrolment] -> [5579091095891969]
14:18:47,083 DEBUG SQL:104 - 
    insert 
    into
        Enrolment
        (semester, "year", studentId, courseCode) 
    values
        (?, ?, ?, ?)
14:18:47,083 DEBUG BaseGeneralDataRegion:59 - Caching[foo.org.hibernate.cache.spi.UpdateTimestampsCache] : [Enrolment] -> [5579091095891970]
14:18:47,084 DEBUG BaseGeneralDataRegion:59 - Caching[foo.org.hibernate.cache.spi.UpdateTimestampsCache] : [CourseMeeting] -> [5579091095891971]
14:18:47,084 DEBUG BaseGeneralDataRegion:59 - Caching[foo.org.hibernate.cache.spi.UpdateTimestampsCache] : [Enrolment] -> [5579091095896064]
14:18:47,084 DEBUG SQL:104 - 
    update
        Address 
    set
        studentNumber=?,
        addressType=? 
    where
        id=?
14:18:47,084 DEBUG SQL:104 - 
    update
        Address 
    set
        studentNumber=?,
        addressType=? 
    where
        id=?
14:18:47,084 DEBUG BaseGeneralDataRegion:59 - Caching[foo.org.hibernate.cache.spi.UpdateTimestampsCache] : [Address] -> [5579091095896065]
14:18:47,084 DEBUG SQL:104 - 
    insert 
    into
        Student_secretCodes
        (studentNumber, i, secretCode) 
    values
        (?, ?, ?)
14:18:47,105 DEBUG BaseGeneralDataRegion:59 - Caching[foo.org.hibernate.cache.spi.UpdateTimestampsCache] : [Student_secretCodes] -> [5579091095982080]
14:18:47,105 DEBUG BaseGeneralDataRegion:59 - Caching[foo.org.hibernate.cache.spi.UpdateTimestampsCache] : [Enrolment] -> [5579091095982081]
14:18:47,105 DEBUG BaseGeneralDataRegion:59 - Caching[foo.org.hibernate.cache.spi.UpdateTimestampsCache] : [Address] -> [5579091095982082]
14:18:47,105 DEBUG SQL:104 - 
    insert 
    into
        Student_secretCodes
        (studentNumber, i, secretCode) 
    values
        (?, ?, ?)
14:18:47,106 DEBUG SQL:104 - 
    insert 
    into
        Student_secretCodes
        (studentNumber, i, secretCode) 
    values
        (?, ?, ?)
14:18:47,106 DEBUG BaseGeneralDataRegion:59 - Caching[foo.org.hibernate.cache.spi.UpdateTimestampsCache] : [Student_secretCodes] -> [5579091095986176]
14:18:47,106 DEBUG BaseGeneralDataRegion:59 - Caching[foo.org.hibernate.cache.spi.UpdateTimestampsCache] : [Student] -> [5579090850226177]
14:18:47,106 DEBUG BaseGeneralDataRegion:59 - Caching[foo.org.hibernate.cache.spi.UpdateTimestampsCache] : [Course] -> [5579090850226177]
14:18:47,106 DEBUG BaseGeneralDataRegion:59 - Caching[foo.org.hibernate.cache.spi.UpdateTimestampsCache] : [Enrolment] -> [5579090850226177]
14:18:47,106 DEBUG BaseGeneralDataRegion:59 - Caching[foo.org.hibernate.cache.spi.UpdateTimestampsCache] : [Student_secretCodes] -> [5579090850226177]
14:18:47,106 DEBUG BaseGeneralDataRegion:59 - Caching[foo.org.hibernate.cache.spi.UpdateTimestampsCache] : [Address] -> [5579090850226177]
14:18:47,106 DEBUG BaseGeneralDataRegion:59 - Caching[foo.org.hibernate.cache.spi.UpdateTimestampsCache] : [CourseMeeting] -> [5579090850226177]
14:18:47,107 DEBUG QueryTranslatorImpl:265 - parse() - HQL: select e.student from org.hibernate.test.querycache.Enrolment e where e.studentNumber = :studentNumber
14:18:47,108 DEBUG QueryTranslatorImpl:283 - --- HQL AST ---
 \-[QUERY] Node: 'query'
    +-[SELECT_FROM] Node: 'SELECT_FROM'
    |  +-[FROM] Node: 'from'
    |  |  \-[RANGE] Node: 'RANGE'
    |  |     +-[DOT] Node: '.'
    |  |     |  +-[DOT] Node: '.'
    |  |     |  |  +-[DOT] Node: '.'
    |  |     |  |  |  +-[DOT] Node: '.'
    |  |     |  |  |  |  +-[IDENT] Node: 'org'
    |  |     |  |  |  |  \-[IDENT] Node: 'hibernate'
    |  |     |  |  |  \-[IDENT] Node: 'test'
    |  |     |  |  \-[IDENT] Node: 'querycache'
    |  |     |  \-[IDENT] Node: 'Enrolment'
    |  |     \-[ALIAS] Node: 'e'
    |  \-[SELECT] Node: 'select'
    |     \-[DOT] Node: '.'
    |        +-[IDENT] Node: 'e'
    |        \-[IDENT] Node: 'student'
    \-[WHERE] Node: 'where'
       \-[EQ] Node: '='
          +-[DOT] Node: '.'
          |  +-[IDENT] Node: 'e'
          |  \-[IDENT] Node: 'studentNumber'
          \-[COLON] Node: ':'
             \-[IDENT] Node: 'studentNumber'

14:18:47,108 DEBUG ErrorCounter:82 - throwQueryException() : no errors
14:18:47,108 DEBUG FromElement:157 - FromClause{level=1} : org.hibernate.test.querycache.Enrolment (e) -> enrolment0_
14:18:47,109 DEBUG FromReferenceNode:74 - Resolved : e -> (enrolment0_.studentId, enrolment0_.courseCode)
14:18:47,109 DEBUG DotNode:599 - getDataType() : student -> org.hibernate.type.ManyToOneType(org.hibernate.test.querycache.Student)
14:18:47,109 DEBUG DotNode:389 - dereferenceEntityJoin() : generating join for student in org.hibernate.test.querycache.Enrolment (<no alias>) parent = [ {null} ]
14:18:47,109 DEBUG FromElement:157 - FromClause{level=1} : org.hibernate.test.querycache.Student (<no alias>) -> student1_
14:18:47,109 DEBUG FromClause:282 - addJoinByPathMap() : e.student -> FromElement{explicit,not a collection join,not a fetch join,fetch non-lazy properties,classAlias=null,role=null,tableName=Student,tableAlias=student1_,origin=Enrolment enrolment0_,columns={enrolment0_.studentId ,className=org.hibernate.test.querycache.Student}}
14:18:47,109 DEBUG FromReferenceNode:74 - Resolved : e.student -> enrolment0_.studentId
14:18:47,110 DEBUG FromReferenceNode:74 - Resolved : e -> (enrolment0_.studentId, enrolment0_.courseCode)
14:18:47,110 DEBUG DotNode:599 - getDataType() : studentNumber -> org.hibernate.type.LongType@4bf3f9d
14:18:47,110 DEBUG FromReferenceNode:74 - Resolved : e.studentNumber -> enrolment0_.studentId
14:18:47,110 DEBUG HqlSqlWalker:629 - processQuery() :  ( SELECT ( {select clause} ( enrolment0_.studentId (enrolment0_.studentId, enrolment0_.courseCode) student ) ) ( FromClause{level=1} ( Enrolment enrolment0_ Student student1_ ) ) ( where ( = ( enrolment0_.studentId (enrolment0_.studentId, enrolment0_.courseCode) studentNumber ) ? ) ) )
14:18:47,110 DEBUG JoinProcessor:175 - Using FROM fragment [Enrolment enrolment0_]
14:18:47,111 DEBUG JoinProcessor:175 - Using FROM fragment [inner join Student student1_ on enrolment0_.studentId=student1_.studentId]
14:18:47,111 DEBUG QueryTranslatorImpl:252 - --- SQL AST ---
 \-[SELECT] QueryNode: 'SELECT'  querySpaces (Student,Enrolment)
    +-[SELECT_CLAUSE] SelectClause: '{select clause}'
    |  +-[DOT] DotNode: 'student1_.studentId as studentId4_' {propertyName=student,dereferenceType=EOF,propertyPath=student,path=e.student,tableAlias=student1_,className=org.hibernate.test.querycache.Student,classAlias=null}
    |  |  +-[ALIAS_REF] IdentNode: '(enrolment0_.studentId, enrolment0_.courseCode)' {alias=e, className=org.hibernate.test.querycache.Enrolment, tableAlias=enrolment0_}
    |  |  \-[IDENT] IdentNode: 'student' {originalText=student}
    |  \-[SQL_TOKEN] SqlFragment: 'student1_.name_first as name2_4_, student1_.name_middle as name3_4_, student1_.name_last as name4_4_, student1_.preferredCourseCode as preferre5_4_'
    +-[FROM] FromClause: 'from' FromClause{level=1, fromElementCounter=2, fromElements=2, fromElementByClassAlias=[e], fromElementByTableAlias=[student1_, enrolment0_], fromElementsByPath=[e.student], collectionJoinFromElementsByPath=[], impliedElements=[]}
    |  \-[FROM_FRAGMENT] FromElement: 'Enrolment enrolment0_' FromElement{explicit,not a collection join,not a fetch join,fetch non-lazy properties,classAlias=e,role=null,tableName=Enrolment,tableAlias=enrolment0_,origin=null,columns={,className=org.hibernate.test.querycache.Enrolment}}
    |     \-[JOIN_FRAGMENT] FromElement: 'inner join Student student1_ on enrolment0_.studentId=student1_.studentId' FromElement{explicit,not a collection join,not a fetch join,fetch non-lazy properties,classAlias=null,role=null,tableName=Student,tableAlias=student1_,origin=Enrolment enrolment0_,columns={enrolment0_.studentId ,className=org.hibernate.test.querycache.Student}}
    \-[WHERE] SqlNode: 'where'
       \-[EQ] BinaryLogicOperatorNode: '='
          +-[DOT] DotNode: 'enrolment0_.studentId' {propertyName=studentNumber,dereferenceType=ALL,propertyPath=studentNumber,path=e.studentNumber,tableAlias=enrolment0_,className=org.hibernate.test.querycache.Enrolment,classAlias=e}
          |  +-[ALIAS_REF] IdentNode: '(enrolment0_.studentId, enrolment0_.courseCode)' {alias=e, className=org.hibernate.test.querycache.Enrolment, tableAlias=enrolment0_}
          |  \-[IDENT] IdentNode: 'studentNumber' {originalText=studentNumber}
          \-[NAMED_PARAM] ParameterNode: '?' {name=studentNumber, expectedType=org.hibernate.type.LongType@4bf3f9d}

14:18:47,129 DEBUG ErrorCounter:82 - throwQueryException() : no errors
14:18:47,130 DEBUG QueryTranslatorImpl:235 - HQL: select e.student from org.hibernate.test.querycache.Enrolment e where e.studentNumber = :studentNumber
14:18:47,130 DEBUG QueryTranslatorImpl:236 - SQL: select student1_.studentId as studentId4_, student1_.name_first as name2_4_, student1_.name_middle as name3_4_, student1_.name_last as name4_4_, student1_.preferredCourseCode as preferre5_4_ from Enrolment enrolment0_ inner join Student student1_ on enrolment0_.studentId=student1_.studentId where enrolment0_.studentId=?
14:18:47,130 DEBUG ErrorCounter:82 - throwQueryException() : no errors
14:18:47,130 DEBUG BaseGeneralDataRegion:46 - Cache[foo.org.hibernate.cache.internal.StandardQueryCache] lookup : key[sql: select student1_.studentId as studentId4_, student1_.name_first as name2_4_, student1_.name_middle as name3_4_, student1_.name_last as name4_4_, student1_.preferredCourseCode as preferre5_4_ from Enrolment enrolment0_ inner join Student student1_ on enrolment0_.studentId=student1_.studentId where enrolment0_.studentId=?; parameters: ; named parameters: {studentNumber=111}; transformer: org.hibernate.transform.CacheableResultTransformer@110f2]
14:18:47,130 DEBUG SQL:104 - 
    select
        student1_.studentId as studentId4_,
        student1_.name_first as name2_4_,
        student1_.name_middle as name3_4_,
        student1_.name_last as name4_4_,
        student1_.preferredCourseCode as preferre5_4_ 
    from
        Enrolment enrolment0_ 
    inner join
        Student student1_ 
            on enrolment0_.studentId=student1_.studentId 
    where
        enrolment0_.studentId=?
14:18:47,140 DEBUG SQL:104 - 
    select
        secretcode0_.studentNumber as studentN1_4_0_,
        secretcode0_.secretCode as secretCode5_0_,
        secretcode0_.i as i0_ 
    from
        Student_secretCodes secretcode0_ 
    where
        secretcode0_.studentNumber=?
14:18:47,141 DEBUG BaseGeneralDataRegion:59 - Caching[foo.org.hibernate.cache.internal.StandardQueryCache] : [sql: select student1_.studentId as studentId4_, student1_.name_first as name2_4_, student1_.name_middle as name3_4_, student1_.name_last as name4_4_, student1_.preferredCourseCode as preferre5_4_ from Enrolment enrolment0_ inner join Student student1_ on enrolment0_.studentId=student1_.studentId where enrolment0_.studentId=?; parameters: ; named parameters: {studentNumber=111}; transformer: org.hibernate.transform.CacheableResultTransformer@110f2] -> [[5579090850369536, 111]]
14:18:47,141 DEBUG BaseGeneralDataRegion:46 - Cache[foo.org.hibernate.cache.internal.StandardQueryCache] lookup : key[sql: select student1_.studentId as studentId4_, student1_.name_first as name2_4_, student1_.name_middle as name3_4_, student1_.name_last as name4_4_, student1_.preferredCourseCode as preferre5_4_ from Enrolment enrolment0_ inner join Student student1_ on enrolment0_.studentId=student1_.studentId where enrolment0_.studentId=?; parameters: ; named parameters: {studentNumber=111}; transformer: org.hibernate.transform.CacheableResultTransformer@110f2]
14:18:47,141 DEBUG BaseGeneralDataRegion:52 - Cache[foo.org.hibernate.cache.internal.StandardQueryCache] hit: sql: select student1_.studentId as studentId4_, student1_.name_first as name2_4_, student1_.name_middle as name3_4_, student1_.name_last as name4_4_, student1_.preferredCourseCode as preferre5_4_ from Enrolment enrolment0_ inner join Student student1_ on enrolment0_.studentId=student1_.studentId where enrolment0_.studentId=?; parameters: ; named parameters: {studentNumber=111}; transformer: org.hibernate.transform.CacheableResultTransformer@110f2
14:18:47,141 DEBUG BaseGeneralDataRegion:46 - Cache[foo.org.hibernate.cache.spi.UpdateTimestampsCache] lookup : key[Student]
14:18:47,141 DEBUG BaseGeneralDataRegion:52 - Cache[foo.org.hibernate.cache.spi.UpdateTimestampsCache] hit: Student
14:18:47,141 DEBUG BaseGeneralDataRegion:46 - Cache[foo.org.hibernate.cache.spi.UpdateTimestampsCache] lookup : key[Enrolment]
14:18:47,142 DEBUG BaseGeneralDataRegion:52 - Cache[foo.org.hibernate.cache.spi.UpdateTimestampsCache] hit: Enrolment
14:18:47,142 DEBUG SQL:104 - 
    select
        student_.studentId,
        student_.name_first as name2_4_,
        student_.name_middle as name3_4_,
        student_.name_last as name4_4_,
        student_.preferredCourseCode as preferre5_4_ 
    from
        Student student_ 
    where
        student_.studentId=?
14:18:47,150 DEBUG SQL:104 - 
    select
        enrolment_.studentId,
        enrolment_.courseCode,
        enrolment_.semester as semester3_,
        enrolment_."year" as year4_3_ 
    from
        Enrolment enrolment_ 
    where
        enrolment_.studentId=? 
        and enrolment_.courseCode=?
14:18:47,150 DEBUG SQL:104 - 
    select
        course_.courseCode,
        course_.description as descript2_1_ 
    from
        Course course_ 
    where
        course_.courseCode=?
14:18:47,150 DEBUG SQL:104 - 
    select
        student_.studentId,
        student_.name_first as name2_4_,
        student_.name_middle as name3_4_,
        student_.name_last as name4_4_,
        student_.preferredCourseCode as preferre5_4_ 
    from
        Student student_ 
    where
        student_.studentId=?
14:18:47,160 DEBUG SQL:104 - 
    select
        enrolment_.studentId,
        enrolment_.courseCode,
        enrolment_.semester as semester3_,
        enrolment_."year" as year4_3_ 
    from
        Enrolment enrolment_ 
    where
        enrolment_.studentId=? 
        and enrolment_.courseCode=?
14:18:47,161 DEBUG SQL:104 - 
    select
        coursemeet_.courseCode,
        coursemeet_.day,
        coursemeet_.period,
        coursemeet_.location 
    from
        CourseMeeting coursemeet_ 
    where
        coursemeet_.courseCode=? 
        and coursemeet_.day=? 
        and coursemeet_.period=? 
        and coursemeet_.location=?
14:18:47,161 DEBUG SQL:104 - 
    select
        coursemeet_.courseCode,
        coursemeet_.day,
        coursemeet_.period,
        coursemeet_.location 
    from
        CourseMeeting coursemeet_ 
    where
        coursemeet_.courseCode=? 
        and coursemeet_.day=? 
        and coursemeet_.period=? 
        and coursemeet_.location=?
14:18:47,171 DEBUG BaseGeneralDataRegion:59 - Caching[foo.org.hibernate.cache.spi.UpdateTimestampsCache] : [Enrolment] -> [5579091096252416]
14:18:47,171 DEBUG SQL:104 - 
    update
        Address 
    set
        studentNumber=null,
        addressType=null 
    where
        studentNumber=?
14:18:47,172 DEBUG BaseGeneralDataRegion:59 - Caching[foo.org.hibernate.cache.spi.UpdateTimestampsCache] : [Address] -> [5579091096256512]
14:18:47,172 DEBUG SQL:104 - 
    delete 
    from
        Student_secretCodes 
    where
        studentNumber=?
14:18:47,172 DEBUG BaseGeneralDataRegion:59 - Caching[foo.org.hibernate.cache.spi.UpdateTimestampsCache] : [Student_secretCodes] -> [5579091096256513]
14:18:47,172 DEBUG BaseGeneralDataRegion:59 - Caching[foo.org.hibernate.cache.spi.UpdateTimestampsCache] : [Enrolment] -> [5579091096256514]
14:18:47,173 DEBUG BaseGeneralDataRegion:59 - Caching[foo.org.hibernate.cache.spi.UpdateTimestampsCache] : [Address] -> [5579091096260608]
14:18:47,173 DEBUG SQL:104 - 
    delete 
    from
        Student_secretCodes 
    where
        studentNumber=?
14:18:47,181 DEBUG BaseGeneralDataRegion:59 - Caching[foo.org.hibernate.cache.spi.UpdateTimestampsCache] : [Student_secretCodes] -> [5579091096293376]
14:18:47,181 DEBUG BaseGeneralDataRegion:59 - Caching[foo.org.hibernate.cache.spi.UpdateTimestampsCache] : [CourseMeeting] -> [5579091096293377]
14:18:47,181 DEBUG SQL:104 - 
    delete 
    from
        Enrolment 
    where
        studentId=? 
        and courseCode=?
14:18:47,182 DEBUG BaseGeneralDataRegion:59 - Caching[foo.org.hibernate.cache.spi.UpdateTimestampsCache] : [Enrolment] -> [5579091096297472]
14:18:47,182 DEBUG SQL:104 - 
    delete 
    from
        Address 
    where
        id=?
14:18:47,182 DEBUG BaseGeneralDataRegion:59 - Caching[foo.org.hibernate.cache.spi.UpdateTimestampsCache] : [Address] -> [5579091096297473]
14:18:47,182 DEBUG SQL:104 - 
    delete 
    from
        Address 
    where
        id=?
14:18:47,182 DEBUG BaseGeneralDataRegion:59 - Caching[foo.org.hibernate.cache.spi.UpdateTimestampsCache] : [Address] -> [5579091096297474]
14:18:47,182 DEBUG SQL:104 - 
    delete 
    from
        Student 
    where
        studentId=?
14:18:47,191 DEBUG BaseGeneralDataRegion:59 - Caching[foo.org.hibernate.cache.spi.UpdateTimestampsCache] : [Student] -> [5579091096334336]
14:18:47,192 DEBUG SQL:104 - 
    delete 
    from
        Enrolment 
    where
        studentId=? 
        and courseCode=?
14:18:47,192 DEBUG BaseGeneralDataRegion:59 - Caching[foo.org.hibernate.cache.spi.UpdateTimestampsCache] : [Enrolment] -> [5579091096338432]
14:18:47,192 DEBUG SQL:104 - 
    delete 
    from
        Student 
    where
        studentId=?
14:18:47,192 DEBUG BaseGeneralDataRegion:59 - Caching[foo.org.hibernate.cache.spi.UpdateTimestampsCache] : [Student] -> [5579091096338433]
14:18:47,192 DEBUG SQL:104 - 
    delete 
    from
        CourseMeeting 
    where
        courseCode=? 
        and day=? 
        and period=? 
        and location=?
14:18:47,192 DEBUG BaseGeneralDataRegion:59 - Caching[foo.org.hibernate.cache.spi.UpdateTimestampsCache] : [CourseMeeting] -> [5579091096338434]
14:18:47,193 DEBUG SQL:104 - 
    delete 
    from
        CourseMeeting 
    where
        courseCode=? 
        and day=? 
        and period=? 
        and location=?
14:18:47,193 DEBUG BaseGeneralDataRegion:59 - Caching[foo.org.hibernate.cache.spi.UpdateTimestampsCache] : [CourseMeeting] -> [5579091096342528]
14:18:47,193 DEBUG SQL:104 - 
    delete 
    from
        Course 
    where
        courseCode=?
14:18:47,193 DEBUG BaseGeneralDataRegion:59 - Caching[foo.org.hibernate.cache.spi.UpdateTimestampsCache] : [Course] -> [5579091096342529]
14:18:47,193 DEBUG BaseGeneralDataRegion:59 - Caching[foo.org.hibernate.cache.spi.UpdateTimestampsCache] : [Student] -> [5579090850582530]
14:18:47,193 DEBUG BaseGeneralDataRegion:59 - Caching[foo.org.hibernate.cache.spi.UpdateTimestampsCache] : [Course] -> [5579090850582530]
14:18:47,193 DEBUG BaseGeneralDataRegion:59 - Caching[foo.org.hibernate.cache.spi.UpdateTimestampsCache] : [Enrolment] -> [5579090850582530]
14:18:47,193 DEBUG BaseGeneralDataRegion:59 - Caching[foo.org.hibernate.cache.spi.UpdateTimestampsCache] : [Student_secretCodes] -> [5579090850582530]
14:18:47,193 DEBUG BaseGeneralDataRegion:59 - Caching[foo.org.hibernate.cache.spi.UpdateTimestampsCache] : [Address] -> [5579090850582530]
14:18:47,194 DEBUG BaseGeneralDataRegion:59 - Caching[foo.org.hibernate.cache.spi.UpdateTimestampsCache] : [CourseMeeting] -> [5579090850582530]
14:18:47,194  INFO CustomRunner:139 - Test: testOneNonEntityProjectionList
14:18:47,196 DEBUG SQL:104 - 
    select
        coursemeet_.courseCode,
        coursemeet_.day,
        coursemeet_.period,
        coursemeet_.location 
    from
        CourseMeeting coursemeet_ 
    where
        coursemeet_.courseCode=? 
        and coursemeet_.day=? 
        and coursemeet_.period=? 
        and coursemeet_.location=?
14:18:47,207 DEBUG SQL:104 - 
    select
        coursemeet_.courseCode,
        coursemeet_.day,
        coursemeet_.period,
        coursemeet_.location 
    from
        CourseMeeting coursemeet_ 
    where
        coursemeet_.courseCode=? 
        and coursemeet_.day=? 
        and coursemeet_.period=? 
        and coursemeet_.location=?
14:18:47,208 DEBUG SQL:104 - 
    insert 
    into
        Course
        (description, courseCode) 
    values
        (?, ?)
14:18:47,208 DEBUG BaseGeneralDataRegion:59 - Caching[foo.org.hibernate.cache.spi.UpdateTimestampsCache] : [Course] -> [5579091096403968]
14:18:47,216 DEBUG SQL:104 - 
    insert 
    into
        CourseMeeting
        (courseCode, day, period, location) 
    values
        (?, ?, ?, ?)
14:18:47,216 DEBUG BaseGeneralDataRegion:59 - Caching[foo.org.hibernate.cache.spi.UpdateTimestampsCache] : [CourseMeeting] -> [5579091096436736]
14:18:47,216 DEBUG SQL:104 - 
    insert 
    into
        CourseMeeting
        (courseCode, day, period, location) 
    values
        (?, ?, ?, ?)
14:18:47,216 DEBUG BaseGeneralDataRegion:59 - Caching[foo.org.hibernate.cache.spi.UpdateTimestampsCache] : [CourseMeeting] -> [5579091096436737]
14:18:47,216 DEBUG SQL:104 - 
    insert 
    into
        Student
        (name_first, name_middle, name_last, preferredCourseCode, studentId) 
    values
        (?, ?, ?, ?, ?)
14:18:47,217 DEBUG BaseGeneralDataRegion:59 - Caching[foo.org.hibernate.cache.spi.UpdateTimestampsCache] : [Student] -> [5579091096440832]
14:18:47,217 DEBUG SQL:104 - 
    insert 
    into
        Address
        (addressType, street, city, stateProvince, postalCode, country, studentNumber, id) 
    values
        (?, ?, ?, ?, ?, ?, ?, ?)
14:18:47,217 DEBUG BaseGeneralDataRegion:59 - Caching[foo.org.hibernate.cache.spi.UpdateTimestampsCache] : [Address] -> [5579091096440833]
14:18:47,217 DEBUG SQL:104 - 
    insert 
    into
        Address
        (addressType, street, city, stateProvince, postalCode, country, studentNumber, id) 
    values
        (?, ?, ?, ?, ?, ?, ?, ?)
14:18:47,217 DEBUG BaseGeneralDataRegion:59 - Caching[foo.org.hibernate.cache.spi.UpdateTimestampsCache] : [Address] -> [5579091096440834]
14:18:47,217 DEBUG SQL:104 - 
    insert 
    into
        Student
        (name_first, name_middle, name_last, preferredCourseCode, studentId) 
    values
        (?, ?, ?, ?, ?)
14:18:47,241 DEBUG BaseGeneralDataRegion:59 - Caching[foo.org.hibernate.cache.spi.UpdateTimestampsCache] : [Student] -> [5579091096539136]
14:18:47,241 DEBUG SQL:104 - 
    insert 
    into
        Enrolment
        (semester, "year", studentId, courseCode) 
    values
        (?, ?, ?, ?)
14:18:47,241 DEBUG BaseGeneralDataRegion:59 - Caching[foo.org.hibernate.cache.spi.UpdateTimestampsCache] : [Enrolment] -> [5579091096539137]
14:18:47,241 DEBUG SQL:104 - 
    insert 
    into
        Enrolment
        (semester, "year", studentId, courseCode) 
    values
        (?, ?, ?, ?)
14:18:47,242 DEBUG BaseGeneralDataRegion:59 - Caching[foo.org.hibernate.cache.spi.UpdateTimestampsCache] : [Enrolment] -> [5579091096543232]
14:18:47,242 DEBUG BaseGeneralDataRegion:59 - Caching[foo.org.hibernate.cache.spi.UpdateTimestampsCache] : [CourseMeeting] -> [5579091096543233]
14:18:47,242 DEBUG BaseGeneralDataRegion:59 - Caching[foo.org.hibernate.cache.spi.UpdateTimestampsCache] : [Enrolment] -> [5579091096543234]
14:18:47,242 DEBUG SQL:104 - 
    update
        Address 
    set
        studentNumber=?,
        addressType=? 
    where
        id=?
14:18:47,242 DEBUG SQL:104 - 
    update
        Address 
    set
        studentNumber=?,
        addressType=? 
    where
        id=?
14:18:47,250 DEBUG BaseGeneralDataRegion:59 - Caching[foo.org.hibernate.cache.spi.UpdateTimestampsCache] : [Address] -> [5579091096576000]
14:18:47,251 DEBUG SQL:104 - 
    insert 
    into
        Student_secretCodes
        (studentNumber, i, secretCode) 
    values
        (?, ?, ?)
14:18:47,251 DEBUG BaseGeneralDataRegion:59 - Caching[foo.org.hibernate.cache.spi.UpdateTimestampsCache] : [Student_secretCodes] -> [5579091096580096]
14:18:47,251 DEBUG BaseGeneralDataRegion:59 - Caching[foo.org.hibernate.cache.spi.UpdateTimestampsCache] : [Enrolment] -> [5579091096580097]
14:18:47,251 DEBUG BaseGeneralDataRegion:59 - Caching[foo.org.hibernate.cache.spi.UpdateTimestampsCache] : [Address] -> [5579091096580098]
14:18:47,251 DEBUG SQL:104 - 
    insert 
    into
        Student_secretCodes
        (studentNumber, i, secretCode) 
    values
        (?, ?, ?)
14:18:47,251 DEBUG SQL:104 - 
    insert 
    into
        Student_secretCodes
        (studentNumber, i, secretCode) 
    values
        (?, ?, ?)
14:18:47,262 DEBUG BaseGeneralDataRegion:59 - Caching[foo.org.hibernate.cache.spi.UpdateTimestampsCache] : [Student_secretCodes] -> [5579091096625152]
14:18:47,262 DEBUG BaseGeneralDataRegion:59 - Caching[foo.org.hibernate.cache.spi.UpdateTimestampsCache] : [Student] -> [5579090850865153]
14:18:47,262 DEBUG BaseGeneralDataRegion:59 - Caching[foo.org.hibernate.cache.spi.UpdateTimestampsCache] : [Course] -> [5579090850865153]
14:18:47,263 DEBUG BaseGeneralDataRegion:59 - Caching[foo.org.hibernate.cache.spi.UpdateTimestampsCache] : [Enrolment] -> [5579090850865153]
14:18:47,263 DEBUG BaseGeneralDataRegion:59 - Caching[foo.org.hibernate.cache.spi.UpdateTimestampsCache] : [Student_secretCodes] -> [5579090850865153]
14:18:47,263 DEBUG BaseGeneralDataRegion:59 - Caching[foo.org.hibernate.cache.spi.UpdateTimestampsCache] : [Address] -> [5579090850865153]
14:18:47,263 DEBUG BaseGeneralDataRegion:59 - Caching[foo.org.hibernate.cache.spi.UpdateTimestampsCache] : [CourseMeeting] -> [5579090850865153]
14:18:47,264 DEBUG QueryTranslatorImpl:265 - parse() - HQL: select e.semester from org.hibernate.test.querycache.Enrolment e order by e.studentNumber
14:18:47,265 DEBUG QueryTranslatorImpl:283 - --- HQL AST ---
 \-[QUERY] Node: 'query'
    +-[SELECT_FROM] Node: 'SELECT_FROM'
    |  +-[FROM] Node: 'from'
    |  |  \-[RANGE] Node: 'RANGE'
    |  |     +-[DOT] Node: '.'
    |  |     |  +-[DOT] Node: '.'
    |  |     |  |  +-[DOT] Node: '.'
    |  |     |  |  |  +-[DOT] Node: '.'
    |  |     |  |  |  |  +-[IDENT] Node: 'org'
    |  |     |  |  |  |  \-[IDENT] Node: 'hibernate'
    |  |     |  |  |  \-[IDENT] Node: 'test'
    |  |     |  |  \-[IDENT] Node: 'querycache'
    |  |     |  \-[IDENT] Node: 'Enrolment'
    |  |     \-[ALIAS] Node: 'e'
    |  \-[SELECT] Node: 'select'
    |     \-[DOT] Node: '.'
    |        +-[IDENT] Node: 'e'
    |        \-[IDENT] Node: 'semester'
    \-[ORDER] Node: 'order'
       \-[DOT] Node: '.'
          +-[IDENT] Node: 'e'
          \-[IDENT] Node: 'studentNumber'

14:18:47,275 DEBUG ErrorCounter:82 - throwQueryException() : no errors
14:18:47,275 DEBUG FromElement:157 - FromClause{level=1} : org.hibernate.test.querycache.Enrolment (e) -> enrolment0_
14:18:47,275 DEBUG FromReferenceNode:74 - Resolved : e -> (enrolment0_.studentId, enrolment0_.courseCode)
14:18:47,276 DEBUG DotNode:599 - getDataType() : semester -> org.hibernate.type.ShortType@491168d6
14:18:47,276 DEBUG FromReferenceNode:74 - Resolved : e.semester -> enrolment0_.semester
14:18:47,276 DEBUG FromReferenceNode:74 - Resolved : e -> enrolment0_.studentId, enrolment0_.courseCode
14:18:47,276 DEBUG DotNode:599 - getDataType() : studentNumber -> org.hibernate.type.LongType@4bf3f9d
14:18:47,276 DEBUG FromReferenceNode:74 - Resolved : e.studentNumber -> enrolment0_.studentId
14:18:47,276 DEBUG HqlSqlWalker:629 - processQuery() :  ( SELECT ( {select clause} ( enrolment0_.semester (enrolment0_.studentId, enrolment0_.courseCode) semester ) ) ( FromClause{level=1} Enrolment enrolment0_ ) ( order ( enrolment0_.studentId enrolment0_.studentId, enrolment0_.courseCode studentNumber ) ) )
14:18:47,277 DEBUG JoinProcessor:175 - Using FROM fragment [Enrolment enrolment0_]
14:18:47,277 DEBUG QueryTranslatorImpl:252 - --- SQL AST ---
 \-[SELECT] QueryNode: 'SELECT'  querySpaces (Enrolment)
    +-[SELECT_CLAUSE] SelectClause: '{select clause}'
    |  +-[DOT] DotNode: 'enrolment0_.semester' {propertyName=semester,dereferenceType=ALL,propertyPath=semester,path=e.semester,tableAlias=enrolment0_,className=org.hibernate.test.querycache.Enrolment,classAlias=e}
    |  |  +-[ALIAS_REF] IdentNode: '(enrolment0_.studentId, enrolment0_.courseCode)' {alias=e, className=org.hibernate.test.querycache.Enrolment, tableAlias=enrolment0_}
    |  |  \-[IDENT] IdentNode: 'semester' {originalText=semester}
    |  \-[SELECT_COLUMNS] SqlNode: ' as col_0_0_'
    +-[FROM] FromClause: 'from' FromClause{level=1, fromElementCounter=1, fromElements=1, fromElementByClassAlias=[e], fromElementByTableAlias=[enrolment0_], fromElementsByPath=[], collectionJoinFromElementsByPath=[], impliedElements=[]}
    |  \-[FROM_FRAGMENT] FromElement: 'Enrolment enrolment0_' FromElement{explicit,not a collection join,not a fetch join,fetch non-lazy properties,classAlias=e,role=null,tableName=Enrolment,tableAlias=enrolment0_,origin=null,columns={,className=org.hibernate.test.querycache.Enrolment}}
    \-[ORDER] OrderByClause: 'order'
       \-[DOT] DotNode: 'enrolment0_.studentId' {propertyName=studentNumber,dereferenceType=ALL,propertyPath=studentNumber,path=e.studentNumber,tableAlias=enrolment0_,className=org.hibernate.test.querycache.Enrolment,classAlias=e}
          +-[ALIAS_REF] IdentNode: 'enrolment0_.studentId, enrolment0_.courseCode' {alias=e, className=org.hibernate.test.querycache.Enrolment, tableAlias=enrolment0_}
          \-[IDENT] IdentNode: 'studentNumber' {originalText=studentNumber}

14:18:47,286 DEBUG ErrorCounter:82 - throwQueryException() : no errors
14:18:47,286 DEBUG QueryTranslatorImpl:235 - HQL: select e.semester from org.hibernate.test.querycache.Enrolment e order by e.studentNumber
14:18:47,287 DEBUG QueryTranslatorImpl:236 - SQL: select enrolment0_.semester as col_0_0_ from Enrolment enrolment0_ order by enrolment0_.studentId
14:18:47,287 DEBUG ErrorCounter:82 - throwQueryException() : no errors
14:18:47,287 DEBUG BaseGeneralDataRegion:46 - Cache[foo.org.hibernate.cache.internal.StandardQueryCache] lookup : key[sql: select enrolment0_.semester as col_0_0_ from Enrolment enrolment0_ order by enrolment0_.studentId; parameters: ; named parameters: {}; transformer: org.hibernate.transform.CacheableResultTransformer@110f2]
14:18:47,287 DEBUG SQL:104 - 
    select
        enrolment0_.semester as col_0_0_ 
    from
        Enrolment enrolment0_ 
    order by
        enrolment0_.studentId
14:18:47,288 DEBUG BaseGeneralDataRegion:59 - Caching[foo.org.hibernate.cache.internal.StandardQueryCache] : [sql: select enrolment0_.semester as col_0_0_ from Enrolment enrolment0_ order by enrolment0_.studentId; parameters: ; named parameters: {}; transformer: org.hibernate.transform.CacheableResultTransformer@110f2] -> [[5579090850971648, 3, 1]]
14:18:47,289 DEBUG BaseGeneralDataRegion:46 - Cache[foo.org.hibernate.cache.internal.StandardQueryCache] lookup : key[sql: select enrolment0_.semester as col_0_0_ from Enrolment enrolment0_ order by enrolment0_.studentId; parameters: ; named parameters: {}; transformer: org.hibernate.transform.CacheableResultTransformer@110f2]
14:18:47,289 DEBUG BaseGeneralDataRegion:52 - Cache[foo.org.hibernate.cache.internal.StandardQueryCache] hit: sql: select enrolment0_.semester as col_0_0_ from Enrolment enrolment0_ order by enrolment0_.studentId; parameters: ; named parameters: {}; transformer: org.hibernate.transform.CacheableResultTransformer@110f2
14:18:47,289 DEBUG BaseGeneralDataRegion:46 - Cache[foo.org.hibernate.cache.spi.UpdateTimestampsCache] lookup : key[Enrolment]
14:18:47,289 DEBUG BaseGeneralDataRegion:52 - Cache[foo.org.hibernate.cache.spi.UpdateTimestampsCache] hit: Enrolment
14:18:47,289 DEBUG SQL:104 - 
    select
        student_.studentId,
        student_.name_first as name2_4_,
        student_.name_middle as name3_4_,
        student_.name_last as name4_4_,
        student_.preferredCourseCode as preferre5_4_ 
    from
        Student student_ 
    where
        student_.studentId=?
14:18:47,296 DEBUG SQL:104 - 
    select
        enrolment_.studentId,
        enrolment_.courseCode,
        enrolment_.semester as semester3_,
        enrolment_."year" as year4_3_ 
    from
        Enrolment enrolment_ 
    where
        enrolment_.studentId=? 
        and enrolment_.courseCode=?
14:18:47,296 DEBUG SQL:104 - 
    select
        course_.courseCode,
        course_.description as descript2_1_ 
    from
        Course course_ 
    where
        course_.courseCode=?
14:18:47,296 DEBUG SQL:104 - 
    select
        student_.studentId,
        student_.name_first as name2_4_,
        student_.name_middle as name3_4_,
        student_.name_last as name4_4_,
        student_.preferredCourseCode as preferre5_4_ 
    from
        Student student_ 
    where
        student_.studentId=?
14:18:47,306 DEBUG SQL:104 - 
    select
        enrolment_.studentId,
        enrolment_.courseCode,
        enrolment_.semester as semester3_,
        enrolment_."year" as year4_3_ 
    from
        Enrolment enrolment_ 
    where
        enrolment_.studentId=? 
        and enrolment_.courseCode=?
14:18:47,306 DEBUG SQL:104 - 
    select
        coursemeet_.courseCode,
        coursemeet_.day,
        coursemeet_.period,
        coursemeet_.location 
    from
        CourseMeeting coursemeet_ 
    where
        coursemeet_.courseCode=? 
        and coursemeet_.day=? 
        and coursemeet_.period=? 
        and coursemeet_.location=?
14:18:47,307 DEBUG SQL:104 - 
    select
        coursemeet_.courseCode,
        coursemeet_.day,
        coursemeet_.period,
        coursemeet_.location 
    from
        CourseMeeting coursemeet_ 
    where
        coursemeet_.courseCode=? 
        and coursemeet_.day=? 
        and coursemeet_.period=? 
        and coursemeet_.location=?
14:18:47,316 DEBUG BaseGeneralDataRegion:59 - Caching[foo.org.hibernate.cache.spi.UpdateTimestampsCache] : [Enrolment] -> [5579091096846336]
14:18:47,316 DEBUG SQL:104 - 
    update
        Address 
    set
        studentNumber=null,
        addressType=null 
    where
        studentNumber=?
14:18:47,317 DEBUG BaseGeneralDataRegion:59 - Caching[foo.org.hibernate.cache.spi.UpdateTimestampsCache] : [Address] -> [5579091096850432]
14:18:47,317 DEBUG SQL:104 - 
    delete 
    from
        Student_secretCodes 
    where
        studentNumber=?
14:18:47,318 DEBUG BaseGeneralDataRegion:59 - Caching[foo.org.hibernate.cache.spi.UpdateTimestampsCache] : [Student_secretCodes] -> [5579091096854528]
14:18:47,318 DEBUG BaseGeneralDataRegion:59 - Caching[foo.org.hibernate.cache.spi.UpdateTimestampsCache] : [Enrolment] -> [5579091096854529]
14:18:47,319 DEBUG BaseGeneralDataRegion:59 - Caching[foo.org.hibernate.cache.spi.UpdateTimestampsCache] : [Address] -> [5579091096858624]
14:18:47,319 DEBUG SQL:104 - 
    delete 
    from
        Student_secretCodes 
    where
        studentNumber=?
14:18:47,319 DEBUG BaseGeneralDataRegion:59 - Caching[foo.org.hibernate.cache.spi.UpdateTimestampsCache] : [Student_secretCodes] -> [5579091096858625]
14:18:47,319 DEBUG BaseGeneralDataRegion:59 - Caching[foo.org.hibernate.cache.spi.UpdateTimestampsCache] : [CourseMeeting] -> [5579091096858626]
14:18:47,319 DEBUG SQL:104 - 
    delete 
    from
        Enrolment 
    where
        studentId=? 
        and courseCode=?
14:18:47,319 DEBUG BaseGeneralDataRegion:59 - Caching[foo.org.hibernate.cache.spi.UpdateTimestampsCache] : [Enrolment] -> [5579091096858627]
14:18:47,319 DEBUG SQL:104 - 
    delete 
    from
        Address 
    where
        id=?
14:18:47,319 DEBUG BaseGeneralDataRegion:59 - Caching[foo.org.hibernate.cache.spi.UpdateTimestampsCache] : [Address] -> [5579091096858628]
14:18:47,320 DEBUG SQL:104 - 
    delete 
    from
        Address 
    where
        id=?
14:18:47,320 DEBUG BaseGeneralDataRegion:59 - Caching[foo.org.hibernate.cache.spi.UpdateTimestampsCache] : [Address] -> [5579091096862720]
14:18:47,320 DEBUG SQL:104 - 
    delete 
    from
        Student 
    where
        studentId=?
14:18:47,330 DEBUG BaseGeneralDataRegion:59 - Caching[foo.org.hibernate.cache.spi.UpdateTimestampsCache] : [Student] -> [5579091096903680]
14:18:47,330 DEBUG SQL:104 - 
    delete 
    from
        Enrolment 
    where
        studentId=? 
        and courseCode=?
14:18:47,331 DEBUG BaseGeneralDataRegion:59 - Caching[foo.org.hibernate.cache.spi.UpdateTimestampsCache] : [Enrolment] -> [5579091096907776]
14:18:47,331 DEBUG SQL:104 - 
    delete 
    from
        Student 
    where
        studentId=?
14:18:47,331 DEBUG BaseGeneralDataRegion:59 - Caching[foo.org.hibernate.cache.spi.UpdateTimestampsCache] : [Student] -> [5579091096907777]
14:18:47,331 DEBUG SQL:104 - 
    delete 
    from
        CourseMeeting 
    where
        courseCode=? 
        and day=? 
        and period=? 
        and location=?
14:18:47,331 DEBUG BaseGeneralDataRegion:59 - Caching[foo.org.hibernate.cache.spi.UpdateTimestampsCache] : [CourseMeeting] -> [5579091096907778]
14:18:47,331 DEBUG SQL:104 - 
    delete 
    from
        CourseMeeting 
    where
        courseCode=? 
        and day=? 
        and period=? 
        and location=?
14:18:47,338 DEBUG BaseGeneralDataRegion:59 - Caching[foo.org.hibernate.cache.spi.UpdateTimestampsCache] : [CourseMeeting] -> [5579091096936448]
14:18:47,339 DEBUG SQL:104 - 
    delete 
    from
        Course 
    where
        courseCode=?
14:18:47,339 DEBUG BaseGeneralDataRegion:59 - Caching[foo.org.hibernate.cache.spi.UpdateTimestampsCache] : [Course] -> [5579091096940544]
14:18:47,340 DEBUG BaseGeneralDataRegion:59 - Caching[foo.org.hibernate.cache.spi.UpdateTimestampsCache] : [Student] -> [5579090851184640]
14:18:47,340 DEBUG BaseGeneralDataRegion:59 - Caching[foo.org.hibernate.cache.spi.UpdateTimestampsCache] : [Course] -> [5579090851184640]
14:18:47,340 DEBUG BaseGeneralDataRegion:59 - Caching[foo.org.hibernate.cache.spi.UpdateTimestampsCache] : [Enrolment] -> [5579090851184640]
14:18:47,340 DEBUG BaseGeneralDataRegion:59 - Caching[foo.org.hibernate.cache.spi.UpdateTimestampsCache] : [Student_secretCodes] -> [5579090851184640]
14:18:47,340 DEBUG BaseGeneralDataRegion:59 - Caching[foo.org.hibernate.cache.spi.UpdateTimestampsCache] : [Address] -> [5579090851184640]
14:18:47,340 DEBUG BaseGeneralDataRegion:59 - Caching[foo.org.hibernate.cache.spi.UpdateTimestampsCache] : [CourseMeeting] -> [5579090851184640]
14:18:47,341  INFO CustomRunner:139 - Test: testOneNonEntityProjectionUnique
14:18:47,342 DEBUG SQL:104 - 
    select
        coursemeet_.courseCode,
        coursemeet_.day,
        coursemeet_.period,
        coursemeet_.location 
    from
        CourseMeeting coursemeet_ 
    where
        coursemeet_.courseCode=? 
        and coursemeet_.day=? 
        and coursemeet_.period=? 
        and coursemeet_.location=?
14:18:47,344 DEBUG SQL:104 - 
    select
        coursemeet_.courseCode,
        coursemeet_.day,
        coursemeet_.period,
        coursemeet_.location 
    from
        CourseMeeting coursemeet_ 
    where
        coursemeet_.courseCode=? 
        and coursemeet_.day=? 
        and coursemeet_.period=? 
        and coursemeet_.location=?
14:18:47,360 DEBUG SQL:104 - 
    insert 
    into
        Course
        (description, courseCode) 
    values
        (?, ?)
14:18:47,361 DEBUG BaseGeneralDataRegion:59 - Caching[foo.org.hibernate.cache.spi.UpdateTimestampsCache] : [Course] -> [5579091097030656]
14:18:47,361 DEBUG SQL:104 - 
    insert 
    into
        CourseMeeting
        (courseCode, day, period, location) 
    values
        (?, ?, ?, ?)
14:18:47,362 DEBUG BaseGeneralDataRegion:59 - Caching[foo.org.hibernate.cache.spi.UpdateTimestampsCache] : [CourseMeeting] -> [5579091097034752]
14:18:47,362 DEBUG SQL:104 - 
    insert 
    into
        CourseMeeting
        (courseCode, day, period, location) 
    values
        (?, ?, ?, ?)
14:18:47,363 DEBUG BaseGeneralDataRegion:59 - Caching[foo.org.hibernate.cache.spi.UpdateTimestampsCache] : [CourseMeeting] -> [5579091097038848]
14:18:47,369 DEBUG SQL:104 - 
    insert 
    into
        Student
        (name_first, name_middle, name_last, preferredCourseCode, studentId) 
    values
        (?, ?, ?, ?, ?)
14:18:47,369 DEBUG BaseGeneralDataRegion:59 - Caching[foo.org.hibernate.cache.spi.UpdateTimestampsCache] : [Student] -> [5579091097063424]
14:18:47,369 DEBUG SQL:104 - 
    insert 
    into
        Address
        (addressType, street, city, stateProvince, postalCode, country, studentNumber, id) 
    values
        (?, ?, ?, ?, ?, ?, ?, ?)
14:18:47,369 DEBUG BaseGeneralDataRegion:59 - Caching[foo.org.hibernate.cache.spi.UpdateTimestampsCache] : [Address] -> [5579091097063425]
14:18:47,369 DEBUG SQL:104 - 
    insert 
    into
        Address
        (addressType, street, city, stateProvince, postalCode, country, studentNumber, id) 
    values
        (?, ?, ?, ?, ?, ?, ?, ?)
14:18:47,370 DEBUG BaseGeneralDataRegion:59 - Caching[foo.org.hibernate.cache.spi.UpdateTimestampsCache] : [Address] -> [5579091097067520]
14:18:47,370 DEBUG SQL:104 - 
    insert 
    into
        Student
        (name_first, name_middle, name_last, preferredCourseCode, studentId) 
    values
        (?, ?, ?, ?, ?)
14:18:47,378 DEBUG BaseGeneralDataRegion:59 - Caching[foo.org.hibernate.cache.spi.UpdateTimestampsCache] : [Student] -> [5579091097100288]
14:18:47,378 DEBUG SQL:104 - 
    insert 
    into
        Enrolment
        (semester, "year", studentId, courseCode) 
    values
        (?, ?, ?, ?)
14:18:47,379 DEBUG BaseGeneralDataRegion:59 - Caching[foo.org.hibernate.cache.spi.UpdateTimestampsCache] : [Enrolment] -> [5579091097104384]
14:18:47,379 DEBUG SQL:104 - 
    insert 
    into
        Enrolment
        (semester, "year", studentId, courseCode) 
    values
        (?, ?, ?, ?)
14:18:47,379 DEBUG BaseGeneralDataRegion:59 - Caching[foo.org.hibernate.cache.spi.UpdateTimestampsCache] : [Enrolment] -> [5579091097104385]
14:18:47,380 DEBUG BaseGeneralDataRegion:59 - Caching[foo.org.hibernate.cache.spi.UpdateTimestampsCache] : [CourseMeeting] -> [5579091097108480]
14:18:47,380 DEBUG BaseGeneralDataRegion:59 - Caching[foo.org.hibernate.cache.spi.UpdateTimestampsCache] : [Enrolment] -> [5579091097108481]
14:18:47,380 DEBUG SQL:104 - 
    update
        Address 
    set
        studentNumber=?,
        addressType=? 
    where
        id=?
14:18:47,381 DEBUG SQL:104 - 
    update
        Address 
    set
        studentNumber=?,
        addressType=? 
    where
        id=?
14:18:47,388 DEBUG BaseGeneralDataRegion:59 - Caching[foo.org.hibernate.cache.spi.UpdateTimestampsCache] : [Address] -> [5579091097141248]
14:18:47,388 DEBUG SQL:104 - 
    insert 
    into
        Student_secretCodes
        (studentNumber, i, secretCode) 
    values
        (?, ?, ?)
14:18:47,388 DEBUG BaseGeneralDataRegion:59 - Caching[foo.org.hibernate.cache.spi.UpdateTimestampsCache] : [Student_secretCodes] -> [5579091097141249]
14:18:47,388 DEBUG BaseGeneralDataRegion:59 - Caching[foo.org.hibernate.cache.spi.UpdateTimestampsCache] : [Enrolment] -> [5579091097141250]
14:18:47,388 DEBUG BaseGeneralDataRegion:59 - Caching[foo.org.hibernate.cache.spi.UpdateTimestampsCache] : [Address] -> [5579091097141251]
14:18:47,388 DEBUG SQL:104 - 
    insert 
    into
        Student_secretCodes
        (studentNumber, i, secretCode) 
    values
        (?, ?, ?)
14:18:47,389 DEBUG SQL:104 - 
    insert 
    into
        Student_secretCodes
        (studentNumber, i, secretCode) 
    values
        (?, ?, ?)
14:18:47,397 DEBUG BaseGeneralDataRegion:59 - Caching[foo.org.hibernate.cache.spi.UpdateTimestampsCache] : [Student_secretCodes] -> [5579091097178112]
14:18:47,397 DEBUG BaseGeneralDataRegion:59 - Caching[foo.org.hibernate.cache.spi.UpdateTimestampsCache] : [Student] -> [5579090851418113]
14:18:47,397 DEBUG BaseGeneralDataRegion:59 - Caching[foo.org.hibernate.cache.spi.UpdateTimestampsCache] : [Course] -> [5579090851418113]
14:18:47,397 DEBUG BaseGeneralDataRegion:59 - Caching[foo.org.hibernate.cache.spi.UpdateTimestampsCache] : [Enrolment] -> [5579090851418113]
14:18:47,397 DEBUG BaseGeneralDataRegion:59 - Caching[foo.org.hibernate.cache.spi.UpdateTimestampsCache] : [Student_secretCodes] -> [5579090851418113]
14:18:47,397 DEBUG BaseGeneralDataRegion:59 - Caching[foo.org.hibernate.cache.spi.UpdateTimestampsCache] : [Address] -> [5579090851418113]
14:18:47,398 DEBUG BaseGeneralDataRegion:59 - Caching[foo.org.hibernate.cache.spi.UpdateTimestampsCache] : [CourseMeeting] -> [5579090851418113]
14:18:47,398 DEBUG QueryTranslatorImpl:265 - parse() - HQL: select e.semester from org.hibernate.test.querycache.Enrolment e where e.studentNumber = :studentNumber
14:18:47,399 DEBUG QueryTranslatorImpl:283 - --- HQL AST ---
 \-[QUERY] Node: 'query'
    +-[SELECT_FROM] Node: 'SELECT_FROM'
    |  +-[FROM] Node: 'from'
    |  |  \-[RANGE] Node: 'RANGE'
    |  |     +-[DOT] Node: '.'
    |  |     |  +-[DOT] Node: '.'
    |  |     |  |  +-[DOT] Node: '.'
    |  |     |  |  |  +-[DOT] Node: '.'
    |  |     |  |  |  |  +-[IDENT] Node: 'org'
    |  |     |  |  |  |  \-[IDENT] Node: 'hibernate'
    |  |     |  |  |  \-[IDENT] Node: 'test'
    |  |     |  |  \-[IDENT] Node: 'querycache'
    |  |     |  \-[IDENT] Node: 'Enrolment'
    |  |     \-[ALIAS] Node: 'e'
    |  \-[SELECT] Node: 'select'
    |     \-[DOT] Node: '.'
    |        +-[IDENT] Node: 'e'
    |        \-[IDENT] Node: 'semester'
    \-[WHERE] Node: 'where'
       \-[EQ] Node: '='
          +-[DOT] Node: '.'
          |  +-[IDENT] Node: 'e'
          |  \-[IDENT] Node: 'studentNumber'
          \-[COLON] Node: ':'
             \-[IDENT] Node: 'studentNumber'

14:18:47,407 DEBUG ErrorCounter:82 - throwQueryException() : no errors
14:18:47,408 DEBUG FromElement:157 - FromClause{level=1} : org.hibernate.test.querycache.Enrolment (e) -> enrolment0_
14:18:47,408 DEBUG FromReferenceNode:74 - Resolved : e -> (enrolment0_.studentId, enrolment0_.courseCode)
14:18:47,408 DEBUG DotNode:599 - getDataType() : semester -> org.hibernate.type.ShortType@491168d6
14:18:47,408 DEBUG FromReferenceNode:74 - Resolved : e.semester -> enrolment0_.semester
14:18:47,408 DEBUG FromReferenceNode:74 - Resolved : e -> (enrolment0_.studentId, enrolment0_.courseCode)
14:18:47,408 DEBUG DotNode:599 - getDataType() : studentNumber -> org.hibernate.type.LongType@4bf3f9d
14:18:47,408 DEBUG FromReferenceNode:74 - Resolved : e.studentNumber -> enrolment0_.studentId
14:18:47,409 DEBUG HqlSqlWalker:629 - processQuery() :  ( SELECT ( {select clause} ( enrolment0_.semester (enrolment0_.studentId, enrolment0_.courseCode) semester ) ) ( FromClause{level=1} Enrolment enrolment0_ ) ( where ( = ( enrolment0_.studentId (enrolment0_.studentId, enrolment0_.courseCode) studentNumber ) ? ) ) )
14:18:47,409 DEBUG JoinProcessor:175 - Using FROM fragment [Enrolment enrolment0_]
14:18:47,409 DEBUG QueryTranslatorImpl:252 - --- SQL AST ---
 \-[SELECT] QueryNode: 'SELECT'  querySpaces (Enrolment)
    +-[SELECT_CLAUSE] SelectClause: '{select clause}'
    |  +-[DOT] DotNode: 'enrolment0_.semester' {propertyName=semester,dereferenceType=ALL,propertyPath=semester,path=e.semester,tableAlias=enrolment0_,className=org.hibernate.test.querycache.Enrolment,classAlias=e}
    |  |  +-[ALIAS_REF] IdentNode: '(enrolment0_.studentId, enrolment0_.courseCode)' {alias=e, className=org.hibernate.test.querycache.Enrolment, tableAlias=enrolment0_}
    |  |  \-[IDENT] IdentNode: 'semester' {originalText=semester}
    |  \-[SELECT_COLUMNS] SqlNode: ' as col_0_0_'
    +-[FROM] FromClause: 'from' FromClause{level=1, fromElementCounter=1, fromElements=1, fromElementByClassAlias=[e], fromElementByTableAlias=[enrolment0_], fromElementsByPath=[], collectionJoinFromElementsByPath=[], impliedElements=[]}
    |  \-[FROM_FRAGMENT] FromElement: 'Enrolment enrolment0_' FromElement{explicit,not a collection join,not a fetch join,fetch non-lazy properties,classAlias=e,role=null,tableName=Enrolment,tableAlias=enrolment0_,origin=null,columns={,className=org.hibernate.test.querycache.Enrolment}}
    \-[WHERE] SqlNode: 'where'
       \-[EQ] BinaryLogicOperatorNode: '='
          +-[DOT] DotNode: 'enrolment0_.studentId' {propertyName=studentNumber,dereferenceType=ALL,propertyPath=studentNumber,path=e.studentNumber,tableAlias=enrolment0_,className=org.hibernate.test.querycache.Enrolment,classAlias=e}
          |  +-[ALIAS_REF] IdentNode: '(enrolment0_.studentId, enrolment0_.courseCode)' {alias=e, className=org.hibernate.test.querycache.Enrolment, tableAlias=enrolment0_}
          |  \-[IDENT] IdentNode: 'studentNumber' {originalText=studentNumber}
          \-[NAMED_PARAM] ParameterNode: '?' {name=studentNumber, expectedType=org.hibernate.type.LongType@4bf3f9d}

14:18:47,418 DEBUG ErrorCounter:82 - throwQueryException() : no errors
14:18:47,418 DEBUG QueryTranslatorImpl:235 - HQL: select e.semester from org.hibernate.test.querycache.Enrolment e where e.studentNumber = :studentNumber
14:18:47,418 DEBUG QueryTranslatorImpl:236 - SQL: select enrolment0_.semester as col_0_0_ from Enrolment enrolment0_ where enrolment0_.studentId=?
14:18:47,418 DEBUG ErrorCounter:82 - throwQueryException() : no errors
14:18:47,419 DEBUG BaseGeneralDataRegion:46 - Cache[foo.org.hibernate.cache.internal.StandardQueryCache] lookup : key[sql: select enrolment0_.semester as col_0_0_ from Enrolment enrolment0_ where enrolment0_.studentId=?; parameters: ; named parameters: {studentNumber=999}; transformer: org.hibernate.transform.CacheableResultTransformer@110f2]
14:18:47,419 DEBUG SQL:104 - 
    select
        enrolment0_.semester as col_0_0_ 
    from
        Enrolment enrolment0_ 
    where
        enrolment0_.studentId=?
14:18:47,419 DEBUG BaseGeneralDataRegion:59 - Caching[foo.org.hibernate.cache.internal.StandardQueryCache] : [sql: select enrolment0_.semester as col_0_0_ from Enrolment enrolment0_ where enrolment0_.studentId=?; parameters: ; named parameters: {studentNumber=999}; transformer: org.hibernate.transform.CacheableResultTransformer@110f2] -> [[5579090851508224, 1]]
14:18:47,420 DEBUG BaseGeneralDataRegion:46 - Cache[foo.org.hibernate.cache.internal.StandardQueryCache] lookup : key[sql: select enrolment0_.semester as col_0_0_ from Enrolment enrolment0_ where enrolment0_.studentId=?; parameters: ; named parameters: {studentNumber=999}; transformer: org.hibernate.transform.CacheableResultTransformer@110f2]
14:18:47,420 DEBUG BaseGeneralDataRegion:52 - Cache[foo.org.hibernate.cache.internal.StandardQueryCache] hit: sql: select enrolment0_.semester as col_0_0_ from Enrolment enrolment0_ where enrolment0_.studentId=?; parameters: ; named parameters: {studentNumber=999}; transformer: org.hibernate.transform.CacheableResultTransformer@110f2
14:18:47,420 DEBUG BaseGeneralDataRegion:46 - Cache[foo.org.hibernate.cache.spi.UpdateTimestampsCache] lookup : key[Enrolment]
14:18:47,420 DEBUG BaseGeneralDataRegion:52 - Cache[foo.org.hibernate.cache.spi.UpdateTimestampsCache] hit: Enrolment
14:18:47,420 DEBUG SQL:104 - 
    select
        student_.studentId,
        student_.name_first as name2_4_,
        student_.name_middle as name3_4_,
        student_.name_last as name4_4_,
        student_.preferredCourseCode as preferre5_4_ 
    from
        Student student_ 
    where
        student_.studentId=?
14:18:47,428 DEBUG SQL:104 - 
    select
        enrolment_.studentId,
        enrolment_.courseCode,
        enrolment_.semester as semester3_,
        enrolment_."year" as year4_3_ 
    from
        Enrolment enrolment_ 
    where
        enrolment_.studentId=? 
        and enrolment_.courseCode=?
14:18:47,429 DEBUG SQL:104 - 
    select
        course_.courseCode,
        course_.description as descript2_1_ 
    from
        Course course_ 
    where
        course_.courseCode=?
14:18:47,429 DEBUG SQL:104 - 
    select
        student_.studentId,
        student_.name_first as name2_4_,
        student_.name_middle as name3_4_,
        student_.name_last as name4_4_,
        student_.preferredCourseCode as preferre5_4_ 
    from
        Student student_ 
    where
        student_.studentId=?
14:18:47,437 DEBUG SQL:104 - 
    select
        enrolment_.studentId,
        enrolment_.courseCode,
        enrolment_.semester as semester3_,
        enrolment_."year" as year4_3_ 
    from
        Enrolment enrolment_ 
    where
        enrolment_.studentId=? 
        and enrolment_.courseCode=?
14:18:47,438 DEBUG SQL:104 - 
    select
        coursemeet_.courseCode,
        coursemeet_.day,
        coursemeet_.period,
        coursemeet_.location 
    from
        CourseMeeting coursemeet_ 
    where
        coursemeet_.courseCode=? 
        and coursemeet_.day=? 
        and coursemeet_.period=? 
        and coursemeet_.location=?
14:18:47,438 DEBUG SQL:104 - 
    select
        coursemeet_.courseCode,
        coursemeet_.day,
        coursemeet_.period,
        coursemeet_.location 
    from
        CourseMeeting coursemeet_ 
    where
        coursemeet_.courseCode=? 
        and coursemeet_.day=? 
        and coursemeet_.period=? 
        and coursemeet_.location=?
14:18:47,438 DEBUG BaseGeneralDataRegion:59 - Caching[foo.org.hibernate.cache.spi.UpdateTimestampsCache] : [Enrolment] -> [5579091097346048]
14:18:47,438 DEBUG SQL:104 - 
    update
        Address 
    set
        studentNumber=null,
        addressType=null 
    where
        studentNumber=?
14:18:47,439 DEBUG BaseGeneralDataRegion:59 - Caching[foo.org.hibernate.cache.spi.UpdateTimestampsCache] : [Address] -> [5579091097350144]
14:18:47,439 DEBUG SQL:104 - 
    delete 
    from
        Student_secretCodes 
    where
        studentNumber=?
14:18:47,439 DEBUG BaseGeneralDataRegion:59 - Caching[foo.org.hibernate.cache.spi.UpdateTimestampsCache] : [Student_secretCodes] -> [5579091097350145]
14:18:47,439 DEBUG BaseGeneralDataRegion:59 - Caching[foo.org.hibernate.cache.spi.UpdateTimestampsCache] : [Enrolment] -> [5579091097350146]
14:18:47,450 DEBUG BaseGeneralDataRegion:59 - Caching[foo.org.hibernate.cache.spi.UpdateTimestampsCache] : [Address] -> [5579091097395200]
14:18:47,450 DEBUG SQL:104 - 
    delete 
    from
        Student_secretCodes 
    where
        studentNumber=?
14:18:47,450 DEBUG BaseGeneralDataRegion:59 - Caching[foo.org.hibernate.cache.spi.UpdateTimestampsCache] : [Student_secretCodes] -> [5579091097395201]
14:18:47,451 DEBUG BaseGeneralDataRegion:59 - Caching[foo.org.hibernate.cache.spi.UpdateTimestampsCache] : [CourseMeeting] -> [5579091097399296]
14:18:47,451 DEBUG SQL:104 - 
    delete 
    from
        Enrolment 
    where
        studentId=? 
        and courseCode=?
14:18:47,451 DEBUG BaseGeneralDataRegion:59 - Caching[foo.org.hibernate.cache.spi.UpdateTimestampsCache] : [Enrolment] -> [5579091097399297]
14:18:47,451 DEBUG SQL:104 - 
    delete 
    from
        Address 
    where
        id=?
14:18:47,451 DEBUG BaseGeneralDataRegion:59 - Caching[foo.org.hibernate.cache.spi.UpdateTimestampsCache] : [Address] -> [5579091097399298]
14:18:47,451 DEBUG SQL:104 - 
    delete 
    from
        Address 
    where
        id=?
14:18:47,460 DEBUG BaseGeneralDataRegion:59 - Caching[foo.org.hibernate.cache.spi.UpdateTimestampsCache] : [Address] -> [5579091097436160]
14:18:47,460 DEBUG SQL:104 - 
    delete 
    from
        Student 
    where
        studentId=?
14:18:47,461 DEBUG BaseGeneralDataRegion:59 - Caching[foo.org.hibernate.cache.spi.UpdateTimestampsCache] : [Student] -> [5579091097440256]
14:18:47,461 DEBUG SQL:104 - 
    delete 
    from
        Enrolment 
    where
        studentId=? 
        and courseCode=?
14:18:47,461 DEBUG BaseGeneralDataRegion:59 - Caching[foo.org.hibernate.cache.spi.UpdateTimestampsCache] : [Enrolment] -> [5579091097440257]
14:18:47,461 DEBUG SQL:104 - 
    delete 
    from
        Student 
    where
        studentId=?
14:18:47,461 DEBUG BaseGeneralDataRegion:59 - Caching[foo.org.hibernate.cache.spi.UpdateTimestampsCache] : [Student] -> [5579091097440258]
14:18:47,461 DEBUG SQL:104 - 
    delete 
    from
        CourseMeeting 
    where
        courseCode=? 
        and day=? 
        and period=? 
        and location=?
14:18:47,461 DEBUG BaseGeneralDataRegion:59 - Caching[foo.org.hibernate.cache.spi.UpdateTimestampsCache] : [CourseMeeting] -> [5579091097440259]
14:18:47,462 DEBUG SQL:104 - 
    delete 
    from
        CourseMeeting 
    where
        courseCode=? 
        and day=? 
        and period=? 
        and location=?
14:18:47,462 DEBUG BaseGeneralDataRegion:59 - Caching[foo.org.hibernate.cache.spi.UpdateTimestampsCache] : [CourseMeeting] -> [5579091097444352]
14:18:47,462 DEBUG SQL:104 - 
    delete 
    from
        Course 
    where
        courseCode=?
14:18:47,484 DEBUG BaseGeneralDataRegion:59 - Caching[foo.org.hibernate.cache.spi.UpdateTimestampsCache] : [Course] -> [5579091097534464]
14:18:47,484 DEBUG BaseGeneralDataRegion:59 - Caching[foo.org.hibernate.cache.spi.UpdateTimestampsCache] : [Student] -> [5579090851774465]
14:18:47,484 DEBUG BaseGeneralDataRegion:59 - Caching[foo.org.hibernate.cache.spi.UpdateTimestampsCache] : [Course] -> [5579090851774465]
14:18:47,484 DEBUG BaseGeneralDataRegion:59 - Caching[foo.org.hibernate.cache.spi.UpdateTimestampsCache] : [Enrolment] -> [5579090851774465]
14:18:47,484 DEBUG BaseGeneralDataRegion:59 - Caching[foo.org.hibernate.cache.spi.UpdateTimestampsCache] : [Student_secretCodes] -> [5579090851774465]
14:18:47,484 DEBUG BaseGeneralDataRegion:59 - Caching[foo.org.hibernate.cache.spi.UpdateTimestampsCache] : [Address] -> [5579090851774465]
14:18:47,484 DEBUG BaseGeneralDataRegion:59 - Caching[foo.org.hibernate.cache.spi.UpdateTimestampsCache] : [CourseMeeting] -> [5579090851774465]
14:18:47,485  INFO CustomRunner:139 - Test: testOneSelectNewAliasesList
14:18:47,486 DEBUG SQL:104 - 
    select
        coursemeet_.courseCode,
        coursemeet_.day,
        coursemeet_.period,
        coursemeet_.location 
    from
        CourseMeeting coursemeet_ 
    where
        coursemeet_.courseCode=? 
        and coursemeet_.day=? 
        and coursemeet_.period=? 
        and coursemeet_.location=?
14:18:47,486 DEBUG SQL:104 - 
    select
        coursemeet_.courseCode,
        coursemeet_.day,
        coursemeet_.period,
        coursemeet_.location 
    from
        CourseMeeting coursemeet_ 
    where
        coursemeet_.courseCode=? 
        and coursemeet_.day=? 
        and coursemeet_.period=? 
        and coursemeet_.location=?
14:18:47,494 DEBUG SQL:104 - 
    insert 
    into
        Course
        (description, courseCode) 
    values
        (?, ?)
14:18:47,495 DEBUG BaseGeneralDataRegion:59 - Caching[foo.org.hibernate.cache.spi.UpdateTimestampsCache] : [Course] -> [5579091097579520]
14:18:47,495 DEBUG SQL:104 - 
    insert 
    into
        CourseMeeting
        (courseCode, day, period, location) 
    values
        (?, ?, ?, ?)
14:18:47,495 DEBUG BaseGeneralDataRegion:59 - Caching[foo.org.hibernate.cache.spi.UpdateTimestampsCache] : [CourseMeeting] -> [5579091097579521]
14:18:47,495 DEBUG SQL:104 - 
    insert 
    into
        CourseMeeting
        (courseCode, day, period, location) 
    values
        (?, ?, ?, ?)
14:18:47,503 DEBUG BaseGeneralDataRegion:59 - Caching[foo.org.hibernate.cache.spi.UpdateTimestampsCache] : [CourseMeeting] -> [5579091097612288]
14:18:47,503 DEBUG SQL:104 - 
    insert 
    into
        Student
        (name_first, name_middle, name_last, preferredCourseCode, studentId) 
    values
        (?, ?, ?, ?, ?)
14:18:47,503 DEBUG BaseGeneralDataRegion:59 - Caching[foo.org.hibernate.cache.spi.UpdateTimestampsCache] : [Student] -> [5579091097612289]
14:18:47,503 DEBUG SQL:104 - 
    insert 
    into
        Address
        (addressType, street, city, stateProvince, postalCode, country, studentNumber, id) 
    values
        (?, ?, ?, ?, ?, ?, ?, ?)
14:18:47,504 DEBUG BaseGeneralDataRegion:59 - Caching[foo.org.hibernate.cache.spi.UpdateTimestampsCache] : [Address] -> [5579091097616384]
14:18:47,504 DEBUG SQL:104 - 
    insert 
    into
        Address
        (addressType, street, city, stateProvince, postalCode, country, studentNumber, id) 
    values
        (?, ?, ?, ?, ?, ?, ?, ?)
14:18:47,504 DEBUG BaseGeneralDataRegion:59 - Caching[foo.org.hibernate.cache.spi.UpdateTimestampsCache] : [Address] -> [5579091097616385]
14:18:47,504 DEBUG SQL:104 - 
    insert 
    into
        Student
        (name_first, name_middle, name_last, preferredCourseCode, studentId) 
    values
        (?, ?, ?, ?, ?)
14:18:47,513 DEBUG BaseGeneralDataRegion:59 - Caching[foo.org.hibernate.cache.spi.UpdateTimestampsCache] : [Student] -> [5579091097653248]
14:18:47,513 DEBUG SQL:104 - 
    insert 
    into
        Enrolment
        (semester, "year", studentId, courseCode) 
    values
        (?, ?, ?, ?)
14:18:47,513 DEBUG BaseGeneralDataRegion:59 - Caching[foo.org.hibernate.cache.spi.UpdateTimestampsCache] : [Enrolment] -> [5579091097653249]
14:18:47,513 DEBUG SQL:104 - 
    insert 
    into
        Enrolment
        (semester, "year", studentId, courseCode) 
    values
        (?, ?, ?, ?)
14:18:47,513 DEBUG BaseGeneralDataRegion:59 - Caching[foo.org.hibernate.cache.spi.UpdateTimestampsCache] : [Enrolment] -> [5579091097653250]
14:18:47,514 DEBUG BaseGeneralDataRegion:59 - Caching[foo.org.hibernate.cache.spi.UpdateTimestampsCache] : [CourseMeeting] -> [5579091097657344]
14:18:47,514 DEBUG BaseGeneralDataRegion:59 - Caching[foo.org.hibernate.cache.spi.UpdateTimestampsCache] : [Enrolment] -> [5579091097657345]
14:18:47,514 DEBUG SQL:104 - 
    update
        Address 
    set
        studentNumber=?,
        addressType=? 
    where
        id=?
14:18:47,523 DEBUG SQL:104 - 
    update
        Address 
    set
        studentNumber=?,
        addressType=? 
    where
        id=?
14:18:47,524 DEBUG BaseGeneralDataRegion:59 - Caching[foo.org.hibernate.cache.spi.UpdateTimestampsCache] : [Address] -> [5579091097698304]
14:18:47,524 DEBUG SQL:104 - 
    insert 
    into
        Student_secretCodes
        (studentNumber, i, secretCode) 
    values
        (?, ?, ?)
14:18:47,524 DEBUG BaseGeneralDataRegion:59 - Caching[foo.org.hibernate.cache.spi.UpdateTimestampsCache] : [Student_secretCodes] -> [5579091097698305]
14:18:47,524 DEBUG BaseGeneralDataRegion:59 - Caching[foo.org.hibernate.cache.spi.UpdateTimestampsCache] : [Enrolment] -> [5579091097698306]
14:18:47,524 DEBUG BaseGeneralDataRegion:59 - Caching[foo.org.hibernate.cache.spi.UpdateTimestampsCache] : [Address] -> [5579091097698307]
14:18:47,524 DEBUG SQL:104 - 
    insert 
    into
        Student_secretCodes
        (studentNumber, i, secretCode) 
    values
        (?, ?, ?)
14:18:47,525 DEBUG SQL:104 - 
    insert 
    into
        Student_secretCodes
        (studentNumber, i, secretCode) 
    values
        (?, ?, ?)
14:18:47,533 DEBUG BaseGeneralDataRegion:59 - Caching[foo.org.hibernate.cache.spi.UpdateTimestampsCache] : [Student_secretCodes] -> [5579091097735168]
14:18:47,533 DEBUG BaseGeneralDataRegion:59 - Caching[foo.org.hibernate.cache.spi.UpdateTimestampsCache] : [Student] -> [5579090851975169]
14:18:47,533 DEBUG BaseGeneralDataRegion:59 - Caching[foo.org.hibernate.cache.spi.UpdateTimestampsCache] : [Course] -> [5579090851975169]
14:18:47,533 DEBUG BaseGeneralDataRegion:59 - Caching[foo.org.hibernate.cache.spi.UpdateTimestampsCache] : [Enrolment] -> [5579090851975169]
14:18:47,534 DEBUG BaseGeneralDataRegion:59 - Caching[foo.org.hibernate.cache.spi.UpdateTimestampsCache] : [Student_secretCodes] -> [5579090851975169]
14:18:47,534 DEBUG BaseGeneralDataRegion:59 - Caching[foo.org.hibernate.cache.spi.UpdateTimestampsCache] : [Address] -> [5579090851975169]
14:18:47,534 DEBUG BaseGeneralDataRegion:59 - Caching[foo.org.hibernate.cache.spi.UpdateTimestampsCache] : [CourseMeeting] -> [5579090851975169]
14:18:47,534 DEBUG QueryTranslatorImpl:265 - parse() - HQL: select new org.hibernate.test.querycache.StudentDTO(s.name) from org.hibernate.test.querycache.Student s order by s.studentNumber
14:18:47,536 DEBUG QueryTranslatorImpl:283 - --- HQL AST ---
 \-[QUERY] Node: 'query'
    +-[SELECT_FROM] Node: 'SELECT_FROM'
    |  +-[FROM] Node: 'from'
    |  |  \-[RANGE] Node: 'RANGE'
    |  |     +-[DOT] Node: '.'
    |  |     |  +-[DOT] Node: '.'
    |  |     |  |  +-[DOT] Node: '.'
    |  |     |  |  |  +-[DOT] Node: '.'
    |  |     |  |  |  |  +-[IDENT] Node: 'org'
    |  |     |  |  |  |  \-[IDENT] Node: 'hibernate'
    |  |     |  |  |  \-[IDENT] Node: 'test'
    |  |     |  |  \-[IDENT] Node: 'querycache'
    |  |     |  \-[IDENT] Node: 'Student'
    |  |     \-[ALIAS] Node: 's'
    |  \-[SELECT] Node: 'select'
    |     \-[CONSTRUCTOR] Node: '('
    |        +-[DOT] Node: '.'
    |        |  +-[DOT] Node: '.'
    |        |  |  +-[DOT] Node: '.'
    |        |  |  |  +-[DOT] Node: '.'
    |        |  |  |  |  +-[IDENT] Node: 'org'
    |        |  |  |  |  \-[IDENT] Node: 'hibernate'
    |        |  |  |  \-[IDENT] Node: 'test'
    |        |  |  \-[IDENT] Node: 'querycache'
    |        |  \-[IDENT] Node: 'StudentDTO'
    |        \-[DOT] Node: '.'
    |           +-[IDENT] Node: 's'
    |           \-[IDENT] Node: 'name'
    \-[ORDER] Node: 'order'
       \-[DOT] Node: '.'
          +-[IDENT] Node: 's'
          \-[IDENT] Node: 'studentNumber'

14:18:47,544 DEBUG ErrorCounter:82 - throwQueryException() : no errors
14:18:47,544 DEBUG FromElement:157 - FromClause{level=1} : org.hibernate.test.querycache.Student (s) -> student0_
14:18:47,545 DEBUG FromReferenceNode:74 - Resolved : s -> student0_.studentId
14:18:47,545 DEBUG DotNode:599 - getDataType() : name -> org.hibernate.type.ComponentType@6d8ab37a
14:18:47,545 DEBUG DotNode:588 - Terminal propertyPath = [name]
14:18:47,545 DEBUG FromReferenceNode:74 - Resolved : s.name -> student0_.name_first, student0_.name_middle, student0_.name_last
14:18:47,545 DEBUG FromReferenceNode:74 - Resolved : s -> student0_.studentId
14:18:47,545 DEBUG DotNode:599 - getDataType() : studentNumber -> org.hibernate.type.LongType@4bf3f9d
14:18:47,545 DEBUG FromReferenceNode:74 - Resolved : s.studentNumber -> student0_.studentId
14:18:47,546 DEBUG HqlSqlWalker:629 - processQuery() :  ( SELECT ( {select clause} ( ( ( . ( . ( . ( . org hibernate ) test ) querycache ) StudentDTO ) ( student0_.name_first, student0_.name_middle, student0_.name_last student0_.studentId name ) ) ) ( FromClause{level=1} Student student0_ ) ( order ( student0_.studentId student0_.studentId studentNumber ) ) )
14:18:47,556 DEBUG JoinProcessor:175 - Using FROM fragment [Student student0_]
14:18:47,557 DEBUG QueryTranslatorImpl:252 - --- SQL AST ---
 \-[SELECT] QueryNode: 'SELECT'  querySpaces (Student)
    +-[SELECT_CLAUSE] SelectClause: '{select clause}'
    |  \-[CONSTRUCTOR] ConstructorNode: '('
    |     +-[DOT] DotNode: '.' {propertyName=null,dereferenceType=0,propertyPath=null,path=org.hibernate.test.querycache.StudentDTO,no from element}
    |     |  +-[DOT] DotNode: '.' {propertyName=null,dereferenceType=0,propertyPath=null,path=org.hibernate.test.querycache,no from element}
    |     |  |  +-[DOT] DotNode: '.' {propertyName=null,dereferenceType=0,propertyPath=null,path=org.hibernate.test,no from element}
    |     |  |  |  +-[DOT] DotNode: '.' {propertyName=null,dereferenceType=0,propertyPath=null,path=org.hibernate,no from element}
    |     |  |  |  |  +-[IDENT] IdentNode: 'org' {originalText=org}
    |     |  |  |  |  \-[IDENT] IdentNode: 'hibernate' {originalText=hibernate}
    |     |  |  |  \-[IDENT] IdentNode: 'test' {originalText=test}
    |     |  |  \-[IDENT] IdentNode: 'querycache' {originalText=querycache}
    |     |  \-[IDENT] IdentNode: 'StudentDTO' {originalText=StudentDTO}
    |     +-[DOT] DotNode: 'student0_.name_first' {propertyName=name,dereferenceType=2,propertyPath=name,path=s.name,tableAlias=student0_,className=org.hibernate.test.querycache.Student,classAlias=s}
    |     |  +-[ALIAS_REF] IdentNode: 'student0_.studentId' {alias=s, className=org.hibernate.test.querycache.Student, tableAlias=student0_}
    |     |  \-[IDENT] IdentNode: 'name' {originalText=name}
    |     +-[SELECT_COLUMNS] SqlNode: ' as col_0_0_'
    |     +-[SQL_TOKEN] SqlFragment: 'student0_.name_middle'
    |     +-[SELECT_COLUMNS] SqlNode: ' as col_0_1_'
    |     +-[SQL_TOKEN] SqlFragment: 'student0_.name_last'
    |     \-[SELECT_COLUMNS] SqlNode: ' as col_0_2_'
    +-[FROM] FromClause: 'from' FromClause{level=1, fromElementCounter=1, fromElements=1, fromElementByClassAlias=[s], fromElementByTableAlias=[student0_], fromElementsByPath=[], collectionJoinFromElementsByPath=[], impliedElements=[]}
    |  \-[FROM_FRAGMENT] FromElement: 'Student student0_' FromElement{explicit,not a collection join,not a fetch join,fetch non-lazy properties,classAlias=s,role=null,tableName=Student,tableAlias=student0_,origin=null,columns={,className=org.hibernate.test.querycache.Student}}
    \-[ORDER] OrderByClause: 'order'
       \-[DOT] DotNode: 'student0_.studentId' {propertyName=studentNumber,dereferenceType=ALL,propertyPath=studentNumber,path=s.studentNumber,tableAlias=student0_,className=org.hibernate.test.querycache.Student,classAlias=s}
          +-[ALIAS_REF] IdentNode: 'student0_.studentId' {alias=s, className=org.hibernate.test.querycache.Student, tableAlias=student0_}
          \-[IDENT] IdentNode: 'studentNumber' {originalText=studentNumber}

14:18:47,557 DEBUG ErrorCounter:82 - throwQueryException() : no errors
14:18:47,557 DEBUG QueryTranslatorImpl:235 - HQL: select new org.hibernate.test.querycache.StudentDTO(s.name) from org.hibernate.test.querycache.Student s order by s.studentNumber
14:18:47,557 DEBUG QueryTranslatorImpl:236 - SQL: select student0_.name_first as col_0_0_, student0_.name_middle as col_0_1_, student0_.name_last as col_0_2_ from Student student0_ order by student0_.studentId
14:18:47,557 DEBUG ErrorCounter:82 - throwQueryException() : no errors
14:18:47,557 DEBUG BaseGeneralDataRegion:46 - Cache[foo.org.hibernate.cache.internal.StandardQueryCache] lookup : key[sql: select student0_.name_first as col_0_0_, student0_.name_middle as col_0_1_, student0_.name_last as col_0_2_ from Student student0_ order by student0_.studentId; parameters: ; named parameters: {}; transformer: org.hibernate.transform.CacheableResultTransformer@110f2]
14:18:47,558 DEBUG SQL:104 - 
    select
        student0_.name_first as col_0_0_,
        student0_.name_middle as col_0_1_,
        student0_.name_last as col_0_2_ 
    from
        Student student0_ 
    order by
        student0_.studentId
14:18:47,558 DEBUG BaseGeneralDataRegion:59 - Caching[foo.org.hibernate.cache.internal.StandardQueryCache] : [sql: select student0_.name_first as col_0_0_, student0_.name_middle as col_0_1_, student0_.name_last as col_0_2_ from Student student0_ order by student0_.studentId; parameters: ; named parameters: {}; transformer: org.hibernate.transform.CacheableResultTransformer@110f2] -> [[5579090852077568, [Ljava.lang.Object;@18228d38, [Ljava.lang.Object;@46563e9]]
14:18:47,558 DEBUG BaseGeneralDataRegion:46 - Cache[foo.org.hibernate.cache.internal.StandardQueryCache] lookup : key[sql: select student0_.name_first as col_0_0_, student0_.name_middle as col_0_1_, student0_.name_last as col_0_2_ from Student student0_ order by student0_.studentId; parameters: ; named parameters: {}; transformer: org.hibernate.transform.CacheableResultTransformer@110f2]
14:18:47,558 DEBUG BaseGeneralDataRegion:52 - Cache[foo.org.hibernate.cache.internal.StandardQueryCache] hit: sql: select student0_.name_first as col_0_0_, student0_.name_middle as col_0_1_, student0_.name_last as col_0_2_ from Student student0_ order by student0_.studentId; parameters: ; named parameters: {}; transformer: org.hibernate.transform.CacheableResultTransformer@110f2
14:18:47,558 DEBUG BaseGeneralDataRegion:46 - Cache[foo.org.hibernate.cache.spi.UpdateTimestampsCache] lookup : key[Student]
14:18:47,559 DEBUG BaseGeneralDataRegion:52 - Cache[foo.org.hibernate.cache.spi.UpdateTimestampsCache] hit: Student
14:18:47,559 DEBUG SQL:104 - 
    select
        student_.studentId,
        student_.name_first as name2_4_,
        student_.name_middle as name3_4_,
        student_.name_last as name4_4_,
        student_.preferredCourseCode as preferre5_4_ 
    from
        Student student_ 
    where
        student_.studentId=?
14:18:47,559 DEBUG SQL:104 - 
    select
        enrolment_.studentId,
        enrolment_.courseCode,
        enrolment_.semester as semester3_,
        enrolment_."year" as year4_3_ 
    from
        Enrolment enrolment_ 
    where
        enrolment_.studentId=? 
        and enrolment_.courseCode=?
14:18:47,560 DEBUG SQL:104 - 
    select
        course_.courseCode,
        course_.description as descript2_1_ 
    from
        Course course_ 
    where
        course_.courseCode=?
14:18:47,569 DEBUG SQL:104 - 
    select
        student_.studentId,
        student_.name_first as name2_4_,
        student_.name_middle as name3_4_,
        student_.name_last as name4_4_,
        student_.preferredCourseCode as preferre5_4_ 
    from
        Student student_ 
    where
        student_.studentId=?
14:18:47,570 DEBUG SQL:104 - 
    select
        enrolment_.studentId,
        enrolment_.courseCode,
        enrolment_.semester as semester3_,
        enrolment_."year" as year4_3_ 
    from
        Enrolment enrolment_ 
    where
        enrolment_.studentId=? 
        and enrolment_.courseCode=?
14:18:47,570 DEBUG SQL:104 - 
    select
        coursemeet_.courseCode,
        coursemeet_.day,
        coursemeet_.period,
        coursemeet_.location 
    from
        CourseMeeting coursemeet_ 
    where
        coursemeet_.courseCode=? 
        and coursemeet_.day=? 
        and coursemeet_.period=? 
        and coursemeet_.location=?
14:18:47,582 DEBUG SQL:104 - 
    select
        coursemeet_.courseCode,
        coursemeet_.day,
        coursemeet_.period,
        coursemeet_.location 
    from
        CourseMeeting coursemeet_ 
    where
        coursemeet_.courseCode=? 
        and coursemeet_.day=? 
        and coursemeet_.period=? 
        and coursemeet_.location=?
14:18:47,582 DEBUG BaseGeneralDataRegion:59 - Caching[foo.org.hibernate.cache.spi.UpdateTimestampsCache] : [Enrolment] -> [5579091097935872]
14:18:47,582 DEBUG SQL:104 - 
    update
        Address 
    set
        studentNumber=null,
        addressType=null 
    where
        studentNumber=?
14:18:47,590 DEBUG BaseGeneralDataRegion:59 - Caching[foo.org.hibernate.cache.spi.UpdateTimestampsCache] : [Address] -> [5579091097968640]
14:18:47,591 DEBUG SQL:104 - 
    delete 
    from
        Student_secretCodes 
    where
        studentNumber=?
14:18:47,591 DEBUG BaseGeneralDataRegion:59 - Caching[foo.org.hibernate.cache.spi.UpdateTimestampsCache] : [Student_secretCodes] -> [5579091097972736]
14:18:47,591 DEBUG BaseGeneralDataRegion:59 - Caching[foo.org.hibernate.cache.spi.UpdateTimestampsCache] : [Enrolment] -> [5579091097972737]
14:18:47,591 DEBUG BaseGeneralDataRegion:59 - Caching[foo.org.hibernate.cache.spi.UpdateTimestampsCache] : [Address] -> [5579091097972738]
14:18:47,591 DEBUG SQL:104 - 
    delete 
    from
        Student_secretCodes 
    where
        studentNumber=?
14:18:47,591 DEBUG BaseGeneralDataRegion:59 - Caching[foo.org.hibernate.cache.spi.UpdateTimestampsCache] : [Student_secretCodes] -> [5579091097972739]
14:18:47,591 DEBUG BaseGeneralDataRegion:59 - Caching[foo.org.hibernate.cache.spi.UpdateTimestampsCache] : [CourseMeeting] -> [5579091097972740]
14:18:47,592 DEBUG SQL:104 - 
    delete 
    from
        Enrolment 
    where
        studentId=? 
        and courseCode=?
14:18:47,592 DEBUG BaseGeneralDataRegion:59 - Caching[foo.org.hibernate.cache.spi.UpdateTimestampsCache] : [Enrolment] -> [5579091097976832]
14:18:47,592 DEBUG SQL:104 - 
    delete 
    from
        Address 
    where
        id=?
14:18:47,592 DEBUG BaseGeneralDataRegion:59 - Caching[foo.org.hibernate.cache.spi.UpdateTimestampsCache] : [Address] -> [5579091097976833]
14:18:47,592 DEBUG SQL:104 - 
    delete 
    from
        Address 
    where
        id=?
14:18:47,592 DEBUG BaseGeneralDataRegion:59 - Caching[foo.org.hibernate.cache.spi.UpdateTimestampsCache] : [Address] -> [5579091097976834]
14:18:47,592 DEBUG SQL:104 - 
    delete 
    from
        Student 
    where
        studentId=?
14:18:47,613 DEBUG BaseGeneralDataRegion:59 - Caching[foo.org.hibernate.cache.spi.UpdateTimestampsCache] : [Student] -> [5579091098062848]
14:18:47,613 DEBUG SQL:104 - 
    delete 
    from
        Enrolment 
    where
        studentId=? 
        and courseCode=?
14:18:47,613 DEBUG BaseGeneralDataRegion:59 - Caching[foo.org.hibernate.cache.spi.UpdateTimestampsCache] : [Enrolment] -> [5579091098062849]
14:18:47,613 DEBUG SQL:104 - 
    delete 
    from
        Student 
    where
        studentId=?
14:18:47,613 DEBUG BaseGeneralDataRegion:59 - Caching[foo.org.hibernate.cache.spi.UpdateTimestampsCache] : [Student] -> [5579091098062850]
14:18:47,613 DEBUG SQL:104 - 
    delete 
    from
        CourseMeeting 
    where
        courseCode=? 
        and day=? 
        and period=? 
        and location=?
14:18:47,614 DEBUG BaseGeneralDataRegion:59 - Caching[foo.org.hibernate.cache.spi.UpdateTimestampsCache] : [CourseMeeting] -> [5579091098066944]
14:18:47,623 DEBUG SQL:104 - 
    delete 
    from
        CourseMeeting 
    where
        courseCode=? 
        and day=? 
        and period=? 
        and location=?
14:18:47,623 DEBUG BaseGeneralDataRegion:59 - Caching[foo.org.hibernate.cache.spi.UpdateTimestampsCache] : [CourseMeeting] -> [5579091098103808]
14:18:47,623 DEBUG SQL:104 - 
    delete 
    from
        Course 
    where
        courseCode=?
14:18:47,623 DEBUG BaseGeneralDataRegion:59 - Caching[foo.org.hibernate.cache.spi.UpdateTimestampsCache] : [Course] -> [5579091098103809]
14:18:47,624 DEBUG BaseGeneralDataRegion:59 - Caching[foo.org.hibernate.cache.spi.UpdateTimestampsCache] : [Student] -> [5579090852347904]
14:18:47,624 DEBUG BaseGeneralDataRegion:59 - Caching[foo.org.hibernate.cache.spi.UpdateTimestampsCache] : [Course] -> [5579090852347904]
14:18:47,624 DEBUG BaseGeneralDataRegion:59 - Caching[foo.org.hibernate.cache.spi.UpdateTimestampsCache] : [Enrolment] -> [5579090852347904]
14:18:47,624 DEBUG BaseGeneralDataRegion:59 - Caching[foo.org.hibernate.cache.spi.UpdateTimestampsCache] : [Student_secretCodes] -> [5579090852347904]
14:18:47,624 DEBUG BaseGeneralDataRegion:59 - Caching[foo.org.hibernate.cache.spi.UpdateTimestampsCache] : [Address] -> [5579090852347904]
14:18:47,624 DEBUG BaseGeneralDataRegion:59 - Caching[foo.org.hibernate.cache.spi.UpdateTimestampsCache] : [CourseMeeting] -> [5579090852347904]
14:18:47,624  INFO CustomRunner:139 - Test: testOneSelectNewNoAliasesList
14:18:47,626 DEBUG SQL:104 - 
    select
        coursemeet_.courseCode,
        coursemeet_.day,
        coursemeet_.period,
        coursemeet_.location 
    from
        CourseMeeting coursemeet_ 
    where
        coursemeet_.courseCode=? 
        and coursemeet_.day=? 
        and coursemeet_.period=? 
        and coursemeet_.location=?
14:18:47,634 DEBUG SQL:104 - 
    select
        coursemeet_.courseCode,
        coursemeet_.day,
        coursemeet_.period,
        coursemeet_.location 
    from
        CourseMeeting coursemeet_ 
    where
        coursemeet_.courseCode=? 
        and coursemeet_.day=? 
        and coursemeet_.period=? 
        and coursemeet_.location=?
14:18:47,635 DEBUG SQL:104 - 
    insert 
    into
        Course
        (description, courseCode) 
    values
        (?, ?)
14:18:47,635 DEBUG BaseGeneralDataRegion:59 - Caching[foo.org.hibernate.cache.spi.UpdateTimestampsCache] : [Course] -> [5579091098152960]
14:18:47,644 DEBUG SQL:104 - 
    insert 
    into
        CourseMeeting
        (courseCode, day, period, location) 
    values
        (?, ?, ?, ?)
14:18:47,645 DEBUG BaseGeneralDataRegion:59 - Caching[foo.org.hibernate.cache.spi.UpdateTimestampsCache] : [CourseMeeting] -> [5579091098193920]
14:18:47,645 DEBUG SQL:104 - 
    insert 
    into
        CourseMeeting
        (courseCode, day, period, location) 
    values
        (?, ?, ?, ?)
14:18:47,645 DEBUG BaseGeneralDataRegion:59 - Caching[foo.org.hibernate.cache.spi.UpdateTimestampsCache] : [CourseMeeting] -> [5579091098193921]
14:18:47,645 DEBUG SQL:104 - 
    insert 
    into
        Student
        (name_first, name_middle, name_last, preferredCourseCode, studentId) 
    values
        (?, ?, ?, ?, ?)
14:18:47,645 DEBUG BaseGeneralDataRegion:59 - Caching[foo.org.hibernate.cache.spi.UpdateTimestampsCache] : [Student] -> [5579091098193922]
14:18:47,645 DEBUG SQL:104 - 
    insert 
    into
        Address
        (addressType, street, city, stateProvince, postalCode, country, studentNumber, id) 
    values
        (?, ?, ?, ?, ?, ?, ?, ?)
14:18:47,655 DEBUG BaseGeneralDataRegion:59 - Caching[foo.org.hibernate.cache.spi.UpdateTimestampsCache] : [Address] -> [5579091098234880]
14:18:47,656 DEBUG SQL:104 - 
    insert 
    into
        Address
        (addressType, street, city, stateProvince, postalCode, country, studentNumber, id) 
    values
        (?, ?, ?, ?, ?, ?, ?, ?)
14:18:47,656 DEBUG BaseGeneralDataRegion:59 - Caching[foo.org.hibernate.cache.spi.UpdateTimestampsCache] : [Address] -> [5579091098238976]
14:18:47,656 DEBUG SQL:104 - 
    insert 
    into
        Student
        (name_first, name_middle, name_last, preferredCourseCode, studentId) 
    values
        (?, ?, ?, ?, ?)
14:18:47,656 DEBUG BaseGeneralDataRegion:59 - Caching[foo.org.hibernate.cache.spi.UpdateTimestampsCache] : [Student] -> [5579091098238977]
14:18:47,656 DEBUG SQL:104 - 
    insert 
    into
        Enrolment
        (semester, "year", studentId, courseCode) 
    values
        (?, ?, ?, ?)
14:18:47,656 DEBUG BaseGeneralDataRegion:59 - Caching[foo.org.hibernate.cache.spi.UpdateTimestampsCache] : [Enrolment] -> [5579091098238978]
14:18:47,657 DEBUG SQL:104 - 
    insert 
    into
        Enrolment
        (semester, "year", studentId, courseCode) 
    values
        (?, ?, ?, ?)
14:18:47,667 DEBUG BaseGeneralDataRegion:59 - Caching[foo.org.hibernate.cache.spi.UpdateTimestampsCache] : [Enrolment] -> [5579091098284032]
14:18:47,667 DEBUG BaseGeneralDataRegion:59 - Caching[foo.org.hibernate.cache.spi.UpdateTimestampsCache] : [CourseMeeting] -> [5579091098284033]
14:18:47,667 DEBUG BaseGeneralDataRegion:59 - Caching[foo.org.hibernate.cache.spi.UpdateTimestampsCache] : [Enrolment] -> [5579091098284034]
14:18:47,667 DEBUG SQL:104 - 
    update
        Address 
    set
        studentNumber=?,
        addressType=? 
    where
        id=?
14:18:47,667 DEBUG SQL:104 - 
    update
        Address 
    set
        studentNumber=?,
        addressType=? 
    where
        id=?
14:18:47,668 DEBUG BaseGeneralDataRegion:59 - Caching[foo.org.hibernate.cache.spi.UpdateTimestampsCache] : [Address] -> [5579091098288128]
14:18:47,668 DEBUG SQL:104 - 
    insert 
    into
        Student_secretCodes
        (studentNumber, i, secretCode) 
    values
        (?, ?, ?)
14:18:47,678 DEBUG BaseGeneralDataRegion:59 - Caching[foo.org.hibernate.cache.spi.UpdateTimestampsCache] : [Student_secretCodes] -> [5579091098329088]
14:18:47,678 DEBUG BaseGeneralDataRegion:59 - Caching[foo.org.hibernate.cache.spi.UpdateTimestampsCache] : [Enrolment] -> [5579091098329089]
14:18:47,678 DEBUG BaseGeneralDataRegion:59 - Caching[foo.org.hibernate.cache.spi.UpdateTimestampsCache] : [Address] -> [5579091098329090]
14:18:47,678 DEBUG SQL:104 - 
    insert 
    into
        Student_secretCodes
        (studentNumber, i, secretCode) 
    values
        (?, ?, ?)
14:18:47,678 DEBUG SQL:104 - 
    insert 
    into
        Student_secretCodes
        (studentNumber, i, secretCode) 
    values
        (?, ?, ?)
14:18:47,679 DEBUG BaseGeneralDataRegion:59 - Caching[foo.org.hibernate.cache.spi.UpdateTimestampsCache] : [Student_secretCodes] -> [5579091098333184]
14:18:47,679 DEBUG BaseGeneralDataRegion:59 - Caching[foo.org.hibernate.cache.spi.UpdateTimestampsCache] : [Student] -> [5579090852573185]
14:18:47,679 DEBUG BaseGeneralDataRegion:59 - Caching[foo.org.hibernate.cache.spi.UpdateTimestampsCache] : [Course] -> [5579090852573185]
14:18:47,679 DEBUG BaseGeneralDataRegion:59 - Caching[foo.org.hibernate.cache.spi.UpdateTimestampsCache] : [Enrolment] -> [5579090852573185]
14:18:47,679 DEBUG BaseGeneralDataRegion:59 - Caching[foo.org.hibernate.cache.spi.UpdateTimestampsCache] : [Student_secretCodes] -> [5579090852573185]
14:18:47,679 DEBUG BaseGeneralDataRegion:59 - Caching[foo.org.hibernate.cache.spi.UpdateTimestampsCache] : [Address] -> [5579090852573185]
14:18:47,679 DEBUG BaseGeneralDataRegion:59 - Caching[foo.org.hibernate.cache.spi.UpdateTimestampsCache] : [CourseMeeting] -> [5579090852573185]
14:18:47,679 DEBUG BaseGeneralDataRegion:46 - Cache[foo.org.hibernate.cache.internal.StandardQueryCache] lookup : key[sql: select student0_.name_first as col_0_0_, student0_.name_middle as col_0_1_, student0_.name_last as col_0_2_ from Student student0_ order by student0_.studentId; parameters: ; named parameters: {}; transformer: org.hibernate.transform.CacheableResultTransformer@110f2]
14:18:47,680 DEBUG BaseGeneralDataRegion:52 - Cache[foo.org.hibernate.cache.internal.StandardQueryCache] hit: sql: select student0_.name_first as col_0_0_, student0_.name_middle as col_0_1_, student0_.name_last as col_0_2_ from Student student0_ order by student0_.studentId; parameters: ; named parameters: {}; transformer: org.hibernate.transform.CacheableResultTransformer@110f2
14:18:47,680 DEBUG BaseGeneralDataRegion:46 - Cache[foo.org.hibernate.cache.spi.UpdateTimestampsCache] lookup : key[Student]
14:18:47,680 DEBUG BaseGeneralDataRegion:52 - Cache[foo.org.hibernate.cache.spi.UpdateTimestampsCache] hit: Student
14:18:47,680 DEBUG SQL:104 - 
    select
        student0_.name_first as col_0_0_,
        student0_.name_middle as col_0_1_,
        student0_.name_last as col_0_2_ 
    from
        Student student0_ 
    order by
        student0_.studentId
14:18:47,692 DEBUG BaseGeneralDataRegion:59 - Caching[foo.org.hibernate.cache.internal.StandardQueryCache] : [sql: select student0_.name_first as col_0_0_, student0_.name_middle as col_0_1_, student0_.name_last as col_0_2_ from Student student0_ order by student0_.studentId; parameters: ; named parameters: {}; transformer: org.hibernate.transform.CacheableResultTransformer@110f2] -> [[5579090852626432, [Ljava.lang.Object;@17c3a665, [Ljava.lang.Object;@2de13d13]]
14:18:47,692 DEBUG BaseGeneralDataRegion:46 - Cache[foo.org.hibernate.cache.internal.StandardQueryCache] lookup : key[sql: select student0_.name_first as col_0_0_, student0_.name_middle as col_0_1_, student0_.name_last as col_0_2_ from Student student0_ order by student0_.studentId; parameters: ; named parameters: {}; transformer: org.hibernate.transform.CacheableResultTransformer@110f2]
14:18:47,692 DEBUG BaseGeneralDataRegion:52 - Cache[foo.org.hibernate.cache.internal.StandardQueryCache] hit: sql: select student0_.name_first as col_0_0_, student0_.name_middle as col_0_1_, student0_.name_last as col_0_2_ from Student student0_ order by student0_.studentId; parameters: ; named parameters: {}; transformer: org.hibernate.transform.CacheableResultTransformer@110f2
14:18:47,692 DEBUG BaseGeneralDataRegion:46 - Cache[foo.org.hibernate.cache.spi.UpdateTimestampsCache] lookup : key[Student]
14:18:47,693 DEBUG BaseGeneralDataRegion:52 - Cache[foo.org.hibernate.cache.spi.UpdateTimestampsCache] hit: Student
14:18:47,693 DEBUG SQL:104 - 
    select
        student_.studentId,
        student_.name_first as name2_4_,
        student_.name_middle as name3_4_,
        student_.name_last as name4_4_,
        student_.preferredCourseCode as preferre5_4_ 
    from
        Student student_ 
    where
        student_.studentId=?
14:18:47,693 DEBUG SQL:104 - 
    select
        enrolment_.studentId,
        enrolment_.courseCode,
        enrolment_.semester as semester3_,
        enrolment_."year" as year4_3_ 
    from
        Enrolment enrolment_ 
    where
        enrolment_.studentId=? 
        and enrolment_.courseCode=?
14:18:47,694 DEBUG SQL:104 - 
    select
        course_.courseCode,
        course_.description as descript2_1_ 
    from
        Course course_ 
    where
        course_.courseCode=?
14:18:47,694 DEBUG SQL:104 - 
    select
        student_.studentId,
        student_.name_first as name2_4_,
        student_.name_middle as name3_4_,
        student_.name_last as name4_4_,
        student_.preferredCourseCode as preferre5_4_ 
    from
        Student student_ 
    where
        student_.studentId=?
14:18:47,694 DEBUG SQL:104 - 
    select
        enrolment_.studentId,
        enrolment_.courseCode,
        enrolment_.semester as semester3_,
        enrolment_."year" as year4_3_ 
    from
        Enrolment enrolment_ 
    where
        enrolment_.studentId=? 
        and enrolment_.courseCode=?
14:18:47,707 DEBUG SQL:104 - 
    select
        coursemeet_.courseCode,
        coursemeet_.day,
        coursemeet_.period,
        coursemeet_.location 
    from
        CourseMeeting coursemeet_ 
    where
        coursemeet_.courseCode=? 
        and coursemeet_.day=? 
        and coursemeet_.period=? 
        and coursemeet_.location=?
14:18:47,707 DEBUG SQL:104 - 
    select
        coursemeet_.courseCode,
        coursemeet_.day,
        coursemeet_.period,
        coursemeet_.location 
    from
        CourseMeeting coursemeet_ 
    where
        coursemeet_.courseCode=? 
        and coursemeet_.day=? 
        and coursemeet_.period=? 
        and coursemeet_.location=?
14:18:47,724 DEBUG BaseGeneralDataRegion:59 - Caching[foo.org.hibernate.cache.spi.UpdateTimestampsCache] : [Enrolment] -> [5579091098517504]
14:18:47,724 DEBUG SQL:104 - 
    update
        Address 
    set
        studentNumber=null,
        addressType=null 
    where
        studentNumber=?
14:18:47,724 DEBUG BaseGeneralDataRegion:59 - Caching[foo.org.hibernate.cache.spi.UpdateTimestampsCache] : [Address] -> [5579091098517505]
14:18:47,724 DEBUG SQL:104 - 
    delete 
    from
        Student_secretCodes 
    where
        studentNumber=?
14:18:47,725 DEBUG BaseGeneralDataRegion:59 - Caching[foo.org.hibernate.cache.spi.UpdateTimestampsCache] : [Student_secretCodes] -> [5579091098517506]
14:18:47,725 DEBUG BaseGeneralDataRegion:59 - Caching[foo.org.hibernate.cache.spi.UpdateTimestampsCache] : [Enrolment] -> [5579091098521600]
14:18:47,725 DEBUG BaseGeneralDataRegion:59 - Caching[foo.org.hibernate.cache.spi.UpdateTimestampsCache] : [Address] -> [5579091098521601]
14:18:47,725 DEBUG SQL:104 - 
    delete 
    from
        Student_secretCodes 
    where
        studentNumber=?
14:18:47,725 DEBUG BaseGeneralDataRegion:59 - Caching[foo.org.hibernate.cache.spi.UpdateTimestampsCache] : [Student_secretCodes] -> [5579091098521602]
14:18:47,725 DEBUG BaseGeneralDataRegion:59 - Caching[foo.org.hibernate.cache.spi.UpdateTimestampsCache] : [CourseMeeting] -> [5579091098521603]
14:18:47,725 DEBUG SQL:104 - 
    delete 
    from
        Enrolment 
    where
        studentId=? 
        and courseCode=?
14:18:47,725 DEBUG BaseGeneralDataRegion:59 - Caching[foo.org.hibernate.cache.spi.UpdateTimestampsCache] : [Enrolment] -> [5579091098521604]
14:18:47,725 DEBUG SQL:104 - 
    delete 
    from
        Address 
    where
        id=?
14:18:47,726 DEBUG BaseGeneralDataRegion:59 - Caching[foo.org.hibernate.cache.spi.UpdateTimestampsCache] : [Address] -> [5579091098525696]
14:18:47,747 DEBUG SQL:104 - 
    delete 
    from
        Address 
    where
        id=?
14:18:47,748 DEBUG BaseGeneralDataRegion:59 - Caching[foo.org.hibernate.cache.spi.UpdateTimestampsCache] : [Address] -> [5579091098615808]
14:18:47,748 DEBUG SQL:104 - 
    delete 
    from
        Student 
    where
        studentId=?
14:18:47,749 DEBUG BaseGeneralDataRegion:59 - Caching[foo.org.hibernate.cache.spi.UpdateTimestampsCache] : [Student] -> [5579091098619904]
14:18:47,749 DEBUG SQL:104 - 
    delete 
    from
        Enrolment 
    where
        studentId=? 
        and courseCode=?
14:18:47,749 DEBUG BaseGeneralDataRegion:59 - Caching[foo.org.hibernate.cache.spi.UpdateTimestampsCache] : [Enrolment] -> [5579091098619905]
14:18:47,749 DEBUG SQL:104 - 
    delete 
    from
        Student 
    where
        studentId=?
14:18:47,750 DEBUG BaseGeneralDataRegion:59 - Caching[foo.org.hibernate.cache.spi.UpdateTimestampsCache] : [Student] -> [5579091098624000]
14:18:47,750 DEBUG SQL:104 - 
    delete 
    from
        CourseMeeting 
    where
        courseCode=? 
        and day=? 
        and period=? 
        and location=?
14:18:47,760 DEBUG BaseGeneralDataRegion:59 - Caching[foo.org.hibernate.cache.spi.UpdateTimestampsCache] : [CourseMeeting] -> [5579091098664960]
14:18:47,760 DEBUG SQL:104 - 
    delete 
    from
        CourseMeeting 
    where
        courseCode=? 
        and day=? 
        and period=? 
        and location=?
14:18:47,760 DEBUG BaseGeneralDataRegion:59 - Caching[foo.org.hibernate.cache.spi.UpdateTimestampsCache] : [CourseMeeting] -> [5579091098664961]
14:18:47,760 DEBUG SQL:104 - 
    delete 
    from
        Course 
    where
        courseCode=?
14:18:47,760 DEBUG BaseGeneralDataRegion:59 - Caching[foo.org.hibernate.cache.spi.UpdateTimestampsCache] : [Course] -> [5579091098664962]
14:18:47,761 DEBUG BaseGeneralDataRegion:59 - Caching[foo.org.hibernate.cache.spi.UpdateTimestampsCache] : [Student] -> [5579090852909056]
14:18:47,761 DEBUG BaseGeneralDataRegion:59 - Caching[foo.org.hibernate.cache.spi.UpdateTimestampsCache] : [Course] -> [5579090852909056]
14:18:47,761 DEBUG BaseGeneralDataRegion:59 - Caching[foo.org.hibernate.cache.spi.UpdateTimestampsCache] : [Enrolment] -> [5579090852909056]
14:18:47,761 DEBUG BaseGeneralDataRegion:59 - Caching[foo.org.hibernate.cache.spi.UpdateTimestampsCache] : [Student_secretCodes] -> [5579090852909056]
14:18:47,770 DEBUG BaseGeneralDataRegion:59 - Caching[foo.org.hibernate.cache.spi.UpdateTimestampsCache] : [Address] -> [5579090852909056]
14:18:47,771 DEBUG BaseGeneralDataRegion:59 - Caching[foo.org.hibernate.cache.spi.UpdateTimestampsCache] : [CourseMeeting] -> [5579090852909056]
14:18:47,771  INFO CustomRunner:139 - Test: testSelectNewEntityConstructorList
14:18:47,772 DEBUG SQL:104 - 
    select
        coursemeet_.courseCode,
        coursemeet_.day,
        coursemeet_.period,
        coursemeet_.location 
    from
        CourseMeeting coursemeet_ 
    where
        coursemeet_.courseCode=? 
        and coursemeet_.day=? 
        and coursemeet_.period=? 
        and coursemeet_.location=?
14:18:47,773 DEBUG SQL:104 - 
    select
        coursemeet_.courseCode,
        coursemeet_.day,
        coursemeet_.period,
        coursemeet_.location 
    from
        CourseMeeting coursemeet_ 
    where
        coursemeet_.courseCode=? 
        and coursemeet_.day=? 
        and coursemeet_.period=? 
        and coursemeet_.location=?
14:18:47,781 DEBUG SQL:104 - 
    insert 
    into
        Course
        (description, courseCode) 
    values
        (?, ?)
14:18:47,782 DEBUG BaseGeneralDataRegion:59 - Caching[foo.org.hibernate.cache.spi.UpdateTimestampsCache] : [Course] -> [5579091098755072]
14:18:47,782 DEBUG SQL:104 - 
    insert 
    into
        CourseMeeting
        (courseCode, day, period, location) 
    values
        (?, ?, ?, ?)
14:18:47,782 DEBUG BaseGeneralDataRegion:59 - Caching[foo.org.hibernate.cache.spi.UpdateTimestampsCache] : [CourseMeeting] -> [5579091098755073]
14:18:47,782 DEBUG SQL:104 - 
    insert 
    into
        CourseMeeting
        (courseCode, day, period, location) 
    values
        (?, ?, ?, ?)
14:18:47,783 DEBUG BaseGeneralDataRegion:59 - Caching[foo.org.hibernate.cache.spi.UpdateTimestampsCache] : [CourseMeeting] -> [5579091098759168]
14:18:47,783 DEBUG SQL:104 - 
    insert 
    into
        Student
        (name_first, name_middle, name_last, preferredCourseCode, studentId) 
    values
        (?, ?, ?, ?, ?)
14:18:47,792 DEBUG BaseGeneralDataRegion:59 - Caching[foo.org.hibernate.cache.spi.UpdateTimestampsCache] : [Student] -> [5579091098796032]
14:18:47,793 DEBUG SQL:104 - 
    insert 
    into
        Address
        (addressType, street, city, stateProvince, postalCode, country, studentNumber, id) 
    values
        (?, ?, ?, ?, ?, ?, ?, ?)
14:18:47,793 DEBUG BaseGeneralDataRegion:59 - Caching[foo.org.hibernate.cache.spi.UpdateTimestampsCache] : [Address] -> [5579091098800128]
14:18:47,793 DEBUG SQL:104 - 
    insert 
    into
        Address
        (addressType, street, city, stateProvince, postalCode, country, studentNumber, id) 
    values
        (?, ?, ?, ?, ?, ?, ?, ?)
14:18:47,793 DEBUG BaseGeneralDataRegion:59 - Caching[foo.org.hibernate.cache.spi.UpdateTimestampsCache] : [Address] -> [5579091098800129]
14:18:47,793 DEBUG SQL:104 - 
    insert 
    into
        Student
        (name_first, name_middle, name_last, preferredCourseCode, studentId) 
    values
        (?, ?, ?, ?, ?)
14:18:47,793 DEBUG BaseGeneralDataRegion:59 - Caching[foo.org.hibernate.cache.spi.UpdateTimestampsCache] : [Student] -> [5579091098800130]
14:18:47,793 DEBUG SQL:104 - 
    insert 
    into
        Enrolment
        (semester, "year", studentId, courseCode) 
    values
        (?, ?, ?, ?)
14:18:47,803 DEBUG BaseGeneralDataRegion:59 - Caching[foo.org.hibernate.cache.spi.UpdateTimestampsCache] : [Enrolment] -> [5579091098841088]
14:18:47,804 DEBUG SQL:104 - 
    insert 
    into
        Enrolment
        (semester, "year", studentId, courseCode) 
    values
        (?, ?, ?, ?)
14:18:47,804 DEBUG BaseGeneralDataRegion:59 - Caching[foo.org.hibernate.cache.spi.UpdateTimestampsCache] : [Enrolment] -> [5579091098845184]
14:18:47,804 DEBUG BaseGeneralDataRegion:59 - Caching[foo.org.hibernate.cache.spi.UpdateTimestampsCache] : [CourseMeeting] -> [5579091098845185]
14:18:47,804 DEBUG BaseGeneralDataRegion:59 - Caching[foo.org.hibernate.cache.spi.UpdateTimestampsCache] : [Enrolment] -> [5579091098845186]
14:18:47,804 DEBUG SQL:104 - 
    update
        Address 
    set
        studentNumber=?,
        addressType=? 
    where
        id=?
14:18:47,804 DEBUG SQL:104 - 
    update
        Address 
    set
        studentNumber=?,
        addressType=? 
    where
        id=?
14:18:47,817 DEBUG BaseGeneralDataRegion:59 - Caching[foo.org.hibernate.cache.spi.UpdateTimestampsCache] : [Address] -> [5579091098898432]
14:18:47,817 DEBUG SQL:104 - 
    insert 
    into
        Student_secretCodes
        (studentNumber, i, secretCode) 
    values
        (?, ?, ?)
14:18:47,818 DEBUG BaseGeneralDataRegion:59 - Caching[foo.org.hibernate.cache.spi.UpdateTimestampsCache] : [Student_secretCodes] -> [5579091098902528]
14:18:47,818 DEBUG BaseGeneralDataRegion:59 - Caching[foo.org.hibernate.cache.spi.UpdateTimestampsCache] : [Enrolment] -> [5579091098902529]
14:18:47,818 DEBUG BaseGeneralDataRegion:59 - Caching[foo.org.hibernate.cache.spi.UpdateTimestampsCache] : [Address] -> [5579091098902530]
14:18:47,818 DEBUG SQL:104 - 
    insert 
    into
        Student_secretCodes
        (studentNumber, i, secretCode) 
    values
        (?, ?, ?)
14:18:47,818 DEBUG SQL:104 - 
    insert 
    into
        Student_secretCodes
        (studentNumber, i, secretCode) 
    values
        (?, ?, ?)
14:18:47,818 DEBUG BaseGeneralDataRegion:59 - Caching[foo.org.hibernate.cache.spi.UpdateTimestampsCache] : [Student_secretCodes] -> [5579091098902531]
14:18:47,818 DEBUG BaseGeneralDataRegion:59 - Caching[foo.org.hibernate.cache.spi.UpdateTimestampsCache] : [Student] -> [5579090853142532]
14:18:47,819 DEBUG BaseGeneralDataRegion:59 - Caching[foo.org.hibernate.cache.spi.UpdateTimestampsCache] : [Course] -> [5579090853142532]
14:18:47,819 DEBUG BaseGeneralDataRegion:59 - Caching[foo.org.hibernate.cache.spi.UpdateTimestampsCache] : [Enrolment] -> [5579090853142532]
14:18:47,819 DEBUG BaseGeneralDataRegion:59 - Caching[foo.org.hibernate.cache.spi.UpdateTimestampsCache] : [Student_secretCodes] -> [5579090853142532]
14:18:47,819 DEBUG BaseGeneralDataRegion:59 - Caching[foo.org.hibernate.cache.spi.UpdateTimestampsCache] : [Address] -> [5579090853142532]
14:18:47,819 DEBUG BaseGeneralDataRegion:59 - Caching[foo.org.hibernate.cache.spi.UpdateTimestampsCache] : [CourseMeeting] -> [5579090853142532]
14:18:47,819 DEBUG QueryTranslatorImpl:265 - parse() - HQL: select new Student(s.studentNumber, s.name) from org.hibernate.test.querycache.Student s order by s.studentNumber
14:18:47,821 DEBUG QueryTranslatorImpl:283 - --- HQL AST ---
 \-[QUERY] Node: 'query'
    +-[SELECT_FROM] Node: 'SELECT_FROM'
    |  +-[FROM] Node: 'from'
    |  |  \-[RANGE] Node: 'RANGE'
    |  |     +-[DOT] Node: '.'
    |  |     |  +-[DOT] Node: '.'
    |  |     |  |  +-[DOT] Node: '.'
    |  |     |  |  |  +-[DOT] Node: '.'
    |  |     |  |  |  |  +-[IDENT] Node: 'org'
    |  |     |  |  |  |  \-[IDENT] Node: 'hibernate'
    |  |     |  |  |  \-[IDENT] Node: 'test'
    |  |     |  |  \-[IDENT] Node: 'querycache'
    |  |     |  \-[IDENT] Node: 'Student'
    |  |     \-[ALIAS] Node: 's'
    |  \-[SELECT] Node: 'select'
    |     \-[CONSTRUCTOR] Node: '('
    |        +-[IDENT] Node: 'Student'
    |        +-[DOT] Node: '.'
    |        |  +-[IDENT] Node: 's'
    |        |  \-[IDENT] Node: 'studentNumber'
    |        \-[DOT] Node: '.'
    |           +-[IDENT] Node: 's'
    |           \-[IDENT] Node: 'name'
    \-[ORDER] Node: 'order'
       \-[DOT] Node: '.'
          +-[IDENT] Node: 's'
          \-[IDENT] Node: 'studentNumber'

14:18:47,828 DEBUG ErrorCounter:82 - throwQueryException() : no errors
14:18:47,828 DEBUG FromElement:157 - FromClause{level=1} : org.hibernate.test.querycache.Student (s) -> student0_
14:18:47,828 DEBUG FromReferenceNode:74 - Resolved : s -> student0_.studentId
14:18:47,828 DEBUG DotNode:599 - getDataType() : studentNumber -> org.hibernate.type.LongType@4bf3f9d
14:18:47,828 DEBUG FromReferenceNode:74 - Resolved : s.studentNumber -> student0_.studentId
14:18:47,829 DEBUG FromReferenceNode:74 - Resolved : s -> student0_.studentId
14:18:47,829 DEBUG DotNode:599 - getDataType() : name -> org.hibernate.type.ComponentType@6d8ab37a
14:18:47,829 DEBUG DotNode:588 - Terminal propertyPath = [name]
14:18:47,829 DEBUG FromReferenceNode:74 - Resolved : s.name -> student0_.name_first, student0_.name_middle, student0_.name_last
14:18:47,829 DEBUG FromReferenceNode:74 - Resolved : s -> student0_.studentId
14:18:47,830 DEBUG DotNode:599 - getDataType() : studentNumber -> org.hibernate.type.LongType@4bf3f9d
14:18:47,830 DEBUG FromReferenceNode:74 - Resolved : s.studentNumber -> student0_.studentId
14:18:47,830 DEBUG HqlSqlWalker:629 - processQuery() :  ( SELECT ( {select clause} ( ( Student ( student0_.studentId student0_.studentId studentNumber ) ( student0_.name_first, student0_.name_middle, student0_.name_last student0_.studentId name ) ) ) ( FromClause{level=1} Student student0_ ) ( order ( student0_.studentId student0_.studentId studentNumber ) ) )
14:18:47,830 DEBUG JoinProcessor:175 - Using FROM fragment [Student student0_]
14:18:47,830 DEBUG QueryTranslatorImpl:252 - --- SQL AST ---
 \-[SELECT] QueryNode: 'SELECT'  querySpaces (Student)
    +-[SELECT_CLAUSE] SelectClause: '{select clause}'
    |  \-[CONSTRUCTOR] ConstructorNode: '('
    |     +-[IDENT] IdentNode: 'Student' {originalText=Student}
    |     +-[DOT] DotNode: 'student0_.studentId' {propertyName=studentNumber,dereferenceType=ALL,propertyPath=studentNumber,path=s.studentNumber,tableAlias=student0_,className=org.hibernate.test.querycache.Student,classAlias=s}
    |     |  +-[ALIAS_REF] IdentNode: 'student0_.studentId' {alias=s, className=org.hibernate.test.querycache.Student, tableAlias=student0_}
    |     |  \-[IDENT] IdentNode: 'studentNumber' {originalText=studentNumber}
    |     +-[SELECT_COLUMNS] SqlNode: ' as col_0_0_'
    |     +-[DOT] DotNode: 'student0_.name_first' {propertyName=name,dereferenceType=2,propertyPath=name,path=s.name,tableAlias=student0_,className=org.hibernate.test.querycache.Student,classAlias=s}
    |     |  +-[ALIAS_REF] IdentNode: 'student0_.studentId' {alias=s, className=org.hibernate.test.querycache.Student, tableAlias=student0_}
    |     |  \-[IDENT] IdentNode: 'name' {originalText=name}
    |     +-[SELECT_COLUMNS] SqlNode: ' as col_1_0_'
    |     +-[SQL_TOKEN] SqlFragment: 'student0_.name_middle'
    |     +-[SELECT_COLUMNS] SqlNode: ' as col_1_1_'
    |     +-[SQL_TOKEN] SqlFragment: 'student0_.name_last'
    |     \-[SELECT_COLUMNS] SqlNode: ' as col_1_2_'
    +-[FROM] FromClause: 'from' FromClause{level=1, fromElementCounter=1, fromElements=1, fromElementByClassAlias=[s], fromElementByTableAlias=[student0_], fromElementsByPath=[], collectionJoinFromElementsByPath=[], impliedElements=[]}
    |  \-[FROM_FRAGMENT] FromElement: 'Student student0_' FromElement{explicit,not a collection join,not a fetch join,fetch non-lazy properties,classAlias=s,role=null,tableName=Student,tableAlias=student0_,origin=null,columns={,className=org.hibernate.test.querycache.Student}}
    \-[ORDER] OrderByClause: 'order'
       \-[DOT] DotNode: 'student0_.studentId' {propertyName=studentNumber,dereferenceType=ALL,propertyPath=studentNumber,path=s.studentNumber,tableAlias=student0_,className=org.hibernate.test.querycache.Student,classAlias=s}
          +-[ALIAS_REF] IdentNode: 'student0_.studentId' {alias=s, className=org.hibernate.test.querycache.Student, tableAlias=student0_}
          \-[IDENT] IdentNode: 'studentNumber' {originalText=studentNumber}

14:18:47,838 DEBUG ErrorCounter:82 - throwQueryException() : no errors
14:18:47,838 DEBUG QueryTranslatorImpl:235 - HQL: select new Student(s.studentNumber, s.name) from org.hibernate.test.querycache.Student s order by s.studentNumber
14:18:47,838 DEBUG QueryTranslatorImpl:236 - SQL: select student0_.studentId as col_0_0_, student0_.name_first as col_1_0_, student0_.name_middle as col_1_1_, student0_.name_last as col_1_2_ from Student student0_ order by student0_.studentId
14:18:47,838 DEBUG ErrorCounter:82 - throwQueryException() : no errors
14:18:47,838 DEBUG BaseGeneralDataRegion:46 - Cache[foo.org.hibernate.cache.internal.StandardQueryCache] lookup : key[sql: select student0_.studentId as col_0_0_, student0_.name_first as col_1_0_, student0_.name_middle as col_1_1_, student0_.name_last as col_1_2_ from Student student0_ order by student0_.studentId; parameters: ; named parameters: {}; transformer: org.hibernate.transform.CacheableResultTransformer@1406bf]
14:18:47,838 DEBUG SQL:104 - 
    select
        student0_.studentId as col_0_0_,
        student0_.name_first as col_1_0_,
        student0_.name_middle as col_1_1_,
        student0_.name_last as col_1_2_ 
    from
        Student student0_ 
    order by
        student0_.studentId
14:18:47,839 DEBUG BaseGeneralDataRegion:59 - Caching[foo.org.hibernate.cache.internal.StandardQueryCache] : [sql: select student0_.studentId as col_0_0_, student0_.name_first as col_1_0_, student0_.name_middle as col_1_1_, student0_.name_last as col_1_2_ from Student student0_ order by student0_.studentId; parameters: ; named parameters: {}; transformer: org.hibernate.transform.CacheableResultTransformer@1406bf] -> [[5579090853228544, [Ljava.io.Serializable;@3a53c4d2, [Ljava.io.Serializable;@519ed4e8]]
14:18:47,839 DEBUG BaseGeneralDataRegion:46 - Cache[foo.org.hibernate.cache.internal.StandardQueryCache] lookup : key[sql: select student0_.studentId as col_0_0_, student0_.name_first as col_1_0_, student0_.name_middle as col_1_1_, student0_.name_last as col_1_2_ from Student student0_ order by student0_.studentId; parameters: ; named parameters: {}; transformer: org.hibernate.transform.CacheableResultTransformer@1406bf]
14:18:47,839 DEBUG BaseGeneralDataRegion:52 - Cache[foo.org.hibernate.cache.internal.StandardQueryCache] hit: sql: select student0_.studentId as col_0_0_, student0_.name_first as col_1_0_, student0_.name_middle as col_1_1_, student0_.name_last as col_1_2_ from Student student0_ order by student0_.studentId; parameters: ; named parameters: {}; transformer: org.hibernate.transform.CacheableResultTransformer@1406bf
14:18:47,840 DEBUG BaseGeneralDataRegion:46 - Cache[foo.org.hibernate.cache.spi.UpdateTimestampsCache] lookup : key[Student]
14:18:47,840 DEBUG BaseGeneralDataRegion:52 - Cache[foo.org.hibernate.cache.spi.UpdateTimestampsCache] hit: Student
14:18:47,840 DEBUG SQL:104 - 
    select
        student_.studentId,
        student_.name_first as name2_4_,
        student_.name_middle as name3_4_,
        student_.name_last as name4_4_,
        student_.preferredCourseCode as preferre5_4_ 
    from
        Student student_ 
    where
        student_.studentId=?
14:18:47,863 DEBUG SQL:104 - 
    select
        enrolment_.studentId,
        enrolment_.courseCode,
        enrolment_.semester as semester3_,
        enrolment_."year" as year4_3_ 
    from
        Enrolment enrolment_ 
    where
        enrolment_.studentId=? 
        and enrolment_.courseCode=?
14:18:47,863 DEBUG SQL:104 - 
    select
        course_.courseCode,
        course_.description as descript2_1_ 
    from
        Course course_ 
    where
        course_.courseCode=?
14:18:47,864 DEBUG SQL:104 - 
    select
        student_.studentId,
        student_.name_first as name2_4_,
        student_.name_middle as name3_4_,
        student_.name_last as name4_4_,
        student_.preferredCourseCode as preferre5_4_ 
    from
        Student student_ 
    where
        student_.studentId=?
14:18:47,871 DEBUG SQL:104 - 
    select
        enrolment_.studentId,
        enrolment_.courseCode,
        enrolment_.semester as semester3_,
        enrolment_."year" as year4_3_ 
    from
        Enrolment enrolment_ 
    where
        enrolment_.studentId=? 
        and enrolment_.courseCode=?
14:18:47,871 DEBUG SQL:104 - 
    select
        coursemeet_.courseCode,
        coursemeet_.day,
        coursemeet_.period,
        coursemeet_.location 
    from
        CourseMeeting coursemeet_ 
    where
        coursemeet_.courseCode=? 
        and coursemeet_.day=? 
        and coursemeet_.period=? 
        and coursemeet_.location=?
14:18:47,872 DEBUG SQL:104 - 
    select
        coursemeet_.courseCode,
        coursemeet_.day,
        coursemeet_.period,
        coursemeet_.location 
    from
        CourseMeeting coursemeet_ 
    where
        coursemeet_.courseCode=? 
        and coursemeet_.day=? 
        and coursemeet_.period=? 
        and coursemeet_.location=?
14:18:47,881 DEBUG BaseGeneralDataRegion:59 - Caching[foo.org.hibernate.cache.spi.UpdateTimestampsCache] : [Enrolment] -> [5579091099160576]
14:18:47,881 DEBUG SQL:104 - 
    update
        Address 
    set
        studentNumber=null,
        addressType=null 
    where
        studentNumber=?
14:18:47,881 DEBUG BaseGeneralDataRegion:59 - Caching[foo.org.hibernate.cache.spi.UpdateTimestampsCache] : [Address] -> [5579091099160577]
14:18:47,881 DEBUG SQL:104 - 
    delete 
    from
        Student_secretCodes 
    where
        studentNumber=?
14:18:47,881 DEBUG BaseGeneralDataRegion:59 - Caching[foo.org.hibernate.cache.spi.UpdateTimestampsCache] : [Student_secretCodes] -> [5579091099160578]
14:18:47,882 DEBUG BaseGeneralDataRegion:59 - Caching[foo.org.hibernate.cache.spi.UpdateTimestampsCache] : [Enrolment] -> [5579091099164672]
14:18:47,882 DEBUG BaseGeneralDataRegion:59 - Caching[foo.org.hibernate.cache.spi.UpdateTimestampsCache] : [Address] -> [5579091099164673]
14:18:47,882 DEBUG SQL:104 - 
    delete 
    from
        Student_secretCodes 
    where
        studentNumber=?
14:18:47,890 DEBUG BaseGeneralDataRegion:59 - Caching[foo.org.hibernate.cache.spi.UpdateTimestampsCache] : [Student_secretCodes] -> [5579091099197440]
14:18:47,890 DEBUG BaseGeneralDataRegion:59 - Caching[foo.org.hibernate.cache.spi.UpdateTimestampsCache] : [CourseMeeting] -> [5579091099197441]
14:18:47,890 DEBUG SQL:104 - 
    delete 
    from
        Enrolment 
    where
        studentId=? 
        and courseCode=?
14:18:47,891 DEBUG BaseGeneralDataRegion:59 - Caching[foo.org.hibernate.cache.spi.UpdateTimestampsCache] : [Enrolment] -> [5579091099201536]
14:18:47,891 DEBUG SQL:104 - 
    delete 
    from
        Address 
    where
        id=?
14:18:47,891 DEBUG BaseGeneralDataRegion:59 - Caching[foo.org.hibernate.cache.spi.UpdateTimestampsCache] : [Address] -> [5579091099201537]
14:18:47,891 DEBUG SQL:104 - 
    delete 
    from
        Address 
    where
        id=?
14:18:47,891 DEBUG BaseGeneralDataRegion:59 - Caching[foo.org.hibernate.cache.spi.UpdateTimestampsCache] : [Address] -> [5579091099201538]
14:18:47,891 DEBUG SQL:104 - 
    delete 
    from
        Student 
    where
        studentId=?
14:18:47,899 DEBUG BaseGeneralDataRegion:59 - Caching[foo.org.hibernate.cache.spi.UpdateTimestampsCache] : [Student] -> [5579091099234304]
14:18:47,899 DEBUG SQL:104 - 
    delete 
    from
        Enrolment 
    where
        studentId=? 
        and courseCode=?
14:18:47,900 DEBUG BaseGeneralDataRegion:59 - Caching[foo.org.hibernate.cache.spi.UpdateTimestampsCache] : [Enrolment] -> [5579091099238400]
14:18:47,900 DEBUG SQL:104 - 
    delete 
    from
        Student 
    where
        studentId=?
14:18:47,900 DEBUG BaseGeneralDataRegion:59 - Caching[foo.org.hibernate.cache.spi.UpdateTimestampsCache] : [Student] -> [5579091099238401]
14:18:47,900 DEBUG SQL:104 - 
    delete 
    from
        CourseMeeting 
    where
        courseCode=? 
        and day=? 
        and period=? 
        and location=?
14:18:47,900 DEBUG BaseGeneralDataRegion:59 - Caching[foo.org.hibernate.cache.spi.UpdateTimestampsCache] : [CourseMeeting] -> [5579091099238402]
14:18:47,900 DEBUG SQL:104 - 
    delete 
    from
        CourseMeeting 
    where
        courseCode=? 
        and day=? 
        and period=? 
        and location=?
14:18:47,909 DEBUG BaseGeneralDataRegion:59 - Caching[foo.org.hibernate.cache.spi.UpdateTimestampsCache] : [CourseMeeting] -> [5579091099275264]
14:18:47,909 DEBUG SQL:104 - 
    delete 
    from
        Course 
    where
        courseCode=?
14:18:47,910 DEBUG BaseGeneralDataRegion:59 - Caching[foo.org.hibernate.cache.spi.UpdateTimestampsCache] : [Course] -> [5579091099279360]
14:18:47,910 DEBUG BaseGeneralDataRegion:59 - Caching[foo.org.hibernate.cache.spi.UpdateTimestampsCache] : [Student] -> [5579090853519361]
14:18:47,910 DEBUG BaseGeneralDataRegion:59 - Caching[foo.org.hibernate.cache.spi.UpdateTimestampsCache] : [Course] -> [5579090853519361]
14:18:47,910 DEBUG BaseGeneralDataRegion:59 - Caching[foo.org.hibernate.cache.spi.UpdateTimestampsCache] : [Enrolment] -> [5579090853519361]
14:18:47,910 DEBUG BaseGeneralDataRegion:59 - Caching[foo.org.hibernate.cache.spi.UpdateTimestampsCache] : [Student_secretCodes] -> [5579090853519361]
14:18:47,910 DEBUG BaseGeneralDataRegion:59 - Caching[foo.org.hibernate.cache.spi.UpdateTimestampsCache] : [Address] -> [5579090853519361]
14:18:47,910 DEBUG BaseGeneralDataRegion:59 - Caching[foo.org.hibernate.cache.spi.UpdateTimestampsCache] : [CourseMeeting] -> [5579090853519361]
14:18:47,911  INFO CustomRunner:139 - Test: testSelectNewMapUsingAliasesList
14:18:47,912 DEBUG SQL:104 - 
    select
        coursemeet_.courseCode,
        coursemeet_.day,
        coursemeet_.period,
        coursemeet_.location 
    from
        CourseMeeting coursemeet_ 
    where
        coursemeet_.courseCode=? 
        and coursemeet_.day=? 
        and coursemeet_.period=? 
        and coursemeet_.location=?
14:18:47,919 DEBUG SQL:104 - 
    select
        coursemeet_.courseCode,
        coursemeet_.day,
        coursemeet_.period,
        coursemeet_.location 
    from
        CourseMeeting coursemeet_ 
    where
        coursemeet_.courseCode=? 
        and coursemeet_.day=? 
        and coursemeet_.period=? 
        and coursemeet_.location=?
14:18:47,920 DEBUG SQL:104 - 
    insert 
    into
        Course
        (description, courseCode) 
    values
        (?, ?)
14:18:47,921 DEBUG BaseGeneralDataRegion:59 - Caching[foo.org.hibernate.cache.spi.UpdateTimestampsCache] : [Course] -> [5579091099324416]
14:18:47,930 DEBUG SQL:104 - 
    insert 
    into
        CourseMeeting
        (courseCode, day, period, location) 
    values
        (?, ?, ?, ?)
14:18:47,930 DEBUG BaseGeneralDataRegion:59 - Caching[foo.org.hibernate.cache.spi.UpdateTimestampsCache] : [CourseMeeting] -> [5579091099361280]
14:18:47,930 DEBUG SQL:104 - 
    insert 
    into
        CourseMeeting
        (courseCode, day, period, location) 
    values
        (?, ?, ?, ?)
14:18:47,930 DEBUG BaseGeneralDataRegion:59 - Caching[foo.org.hibernate.cache.spi.UpdateTimestampsCache] : [CourseMeeting] -> [5579091099361281]
14:18:47,931 DEBUG SQL:104 - 
    insert 
    into
        Student
        (name_first, name_middle, name_last, preferredCourseCode, studentId) 
    values
        (?, ?, ?, ?, ?)
14:18:47,931 DEBUG BaseGeneralDataRegion:59 - Caching[foo.org.hibernate.cache.spi.UpdateTimestampsCache] : [Student] -> [5579091099365376]
14:18:47,931 DEBUG SQL:104 - 
    insert 
    into
        Address
        (addressType, street, city, stateProvince, postalCode, country, studentNumber, id) 
    values
        (?, ?, ?, ?, ?, ?, ?, ?)
14:18:47,941 DEBUG BaseGeneralDataRegion:59 - Caching[foo.org.hibernate.cache.spi.UpdateTimestampsCache] : [Address] -> [5579091099406336]
14:18:47,941 DEBUG SQL:104 - 
    insert 
    into
        Address
        (addressType, street, city, stateProvince, postalCode, country, studentNumber, id) 
    values
        (?, ?, ?, ?, ?, ?, ?, ?)
14:18:47,942 DEBUG BaseGeneralDataRegion:59 - Caching[foo.org.hibernate.cache.spi.UpdateTimestampsCache] : [Address] -> [5579091099410432]
14:18:47,942 DEBUG SQL:104 - 
    insert 
    into
        Student
        (name_first, name_middle, name_last, preferredCourseCode, studentId) 
    values
        (?, ?, ?, ?, ?)
14:18:47,942 DEBUG BaseGeneralDataRegion:59 - Caching[foo.org.hibernate.cache.spi.UpdateTimestampsCache] : [Student] -> [5579091099410433]
14:18:47,942 DEBUG SQL:104 - 
    insert 
    into
        Enrolment
        (semester, "year", studentId, courseCode) 
    values
        (?, ?, ?, ?)
14:18:47,942 DEBUG BaseGeneralDataRegion:59 - Caching[foo.org.hibernate.cache.spi.UpdateTimestampsCache] : [Enrolment] -> [5579091099410434]
14:18:47,942 DEBUG SQL:104 - 
    insert 
    into
        Enrolment
        (semester, "year", studentId, courseCode) 
    values
        (?, ?, ?, ?)
14:18:47,943 DEBUG BaseGeneralDataRegion:59 - Caching[foo.org.hibernate.cache.spi.UpdateTimestampsCache] : [Enrolment] -> [5579091099414528]
14:18:47,943 DEBUG BaseGeneralDataRegion:59 - Caching[foo.org.hibernate.cache.spi.UpdateTimestampsCache] : [CourseMeeting] -> [5579091099414529]
14:18:47,943 DEBUG BaseGeneralDataRegion:59 - Caching[foo.org.hibernate.cache.spi.UpdateTimestampsCache] : [Enrolment] -> [5579091099414530]
14:18:47,943 DEBUG SQL:104 - 
    update
        Address 
    set
        studentNumber=?,
        addressType=? 
    where
        id=?
14:18:47,943 DEBUG SQL:104 - 
    update
        Address 
    set
        studentNumber=?,
        addressType=? 
    where
        id=?
14:18:47,943 DEBUG BaseGeneralDataRegion:59 - Caching[foo.org.hibernate.cache.spi.UpdateTimestampsCache] : [Address] -> [5579091099414531]
14:18:47,943 DEBUG SQL:104 - 
    insert 
    into
        Student_secretCodes
        (studentNumber, i, secretCode) 
    values
        (?, ?, ?)
14:18:47,944 DEBUG BaseGeneralDataRegion:59 - Caching[foo.org.hibernate.cache.spi.UpdateTimestampsCache] : [Student_secretCodes] -> [5579091099418624]
14:18:47,953 DEBUG BaseGeneralDataRegion:59 - Caching[foo.org.hibernate.cache.spi.UpdateTimestampsCache] : [Enrolment] -> [5579091099455488]
14:18:47,953 DEBUG BaseGeneralDataRegion:59 - Caching[foo.org.hibernate.cache.spi.UpdateTimestampsCache] : [Address] -> [5579091099455489]
14:18:47,954 DEBUG SQL:104 - 
    insert 
    into
        Student_secretCodes
        (studentNumber, i, secretCode) 
    values
        (?, ?, ?)
14:18:47,954 DEBUG SQL:104 - 
    insert 
    into
        Student_secretCodes
        (studentNumber, i, secretCode) 
    values
        (?, ?, ?)
14:18:47,954 DEBUG BaseGeneralDataRegion:59 - Caching[foo.org.hibernate.cache.spi.UpdateTimestampsCache] : [Student_secretCodes] -> [5579091099459584]
14:18:47,954 DEBUG BaseGeneralDataRegion:59 - Caching[foo.org.hibernate.cache.spi.UpdateTimestampsCache] : [Student] -> [5579090853699585]
14:18:47,954 DEBUG BaseGeneralDataRegion:59 - Caching[foo.org.hibernate.cache.spi.UpdateTimestampsCache] : [Course] -> [5579090853699585]
14:18:47,954 DEBUG BaseGeneralDataRegion:59 - Caching[foo.org.hibernate.cache.spi.UpdateTimestampsCache] : [Enrolment] -> [5579090853699585]
14:18:47,954 DEBUG BaseGeneralDataRegion:59 - Caching[foo.org.hibernate.cache.spi.UpdateTimestampsCache] : [Student_secretCodes] -> [5579090853699585]
14:18:47,955 DEBUG BaseGeneralDataRegion:59 - Caching[foo.org.hibernate.cache.spi.UpdateTimestampsCache] : [Address] -> [5579090853699585]
14:18:47,955 DEBUG BaseGeneralDataRegion:59 - Caching[foo.org.hibernate.cache.spi.UpdateTimestampsCache] : [CourseMeeting] -> [5579090853699585]
14:18:47,955 DEBUG QueryTranslatorImpl:265 - parse() - HQL: select new map(s.studentNumber as sNumber, s.name as sName) from org.hibernate.test.querycache.Student s order by s.studentNumber
14:18:47,956 DEBUG QueryTranslatorImpl:283 - --- HQL AST ---
 \-[QUERY] Node: 'query'
    +-[SELECT_FROM] Node: 'SELECT_FROM'
    |  +-[FROM] Node: 'from'
    |  |  \-[RANGE] Node: 'RANGE'
    |  |     +-[DOT] Node: '.'
    |  |     |  +-[DOT] Node: '.'
    |  |     |  |  +-[DOT] Node: '.'
    |  |     |  |  |  +-[DOT] Node: '.'
    |  |     |  |  |  |  +-[IDENT] Node: 'org'
    |  |     |  |  |  |  \-[IDENT] Node: 'hibernate'
    |  |     |  |  |  \-[IDENT] Node: 'test'
    |  |     |  |  \-[IDENT] Node: 'querycache'
    |  |     |  \-[IDENT] Node: 'Student'
    |  |     \-[ALIAS] Node: 's'
    |  \-[SELECT] Node: 'select'
    |     \-[CONSTRUCTOR] Node: '('
    |        +-[IDENT] Node: 'map'
    |        +-[AS] Node: 'as'
    |        |  +-[DOT] Node: '.'
    |        |  |  +-[IDENT] Node: 's'
    |        |  |  \-[IDENT] Node: 'studentNumber'
    |        |  \-[IDENT] Node: 'sNumber'
    |        \-[AS] Node: 'as'
    |           +-[DOT] Node: '.'
    |           |  +-[IDENT] Node: 's'
    |           |  \-[IDENT] Node: 'name'
    |           \-[IDENT] Node: 'sName'
    \-[ORDER] Node: 'order'
       \-[DOT] Node: '.'
          +-[IDENT] Node: 's'
          \-[IDENT] Node: 'studentNumber'

14:18:47,964 DEBUG ErrorCounter:82 - throwQueryException() : no errors
14:18:47,965 DEBUG FromElement:157 - FromClause{level=1} : org.hibernate.test.querycache.Student (s) -> student0_
14:18:47,965 DEBUG FromReferenceNode:74 - Resolved : s -> student0_.studentId
14:18:47,965 DEBUG DotNode:599 - getDataType() : studentNumber -> org.hibernate.type.LongType@4bf3f9d
14:18:47,965 DEBUG FromReferenceNode:74 - Resolved : s.studentNumber -> student0_.studentId
14:18:47,965 DEBUG FromReferenceNode:74 - Resolved : s -> student0_.studentId
14:18:47,965 DEBUG DotNode:599 - getDataType() : name -> org.hibernate.type.ComponentType@6d8ab37a
14:18:47,966 DEBUG DotNode:588 - Terminal propertyPath = [name]
14:18:47,966 DEBUG FromReferenceNode:74 - Resolved : s.name -> student0_.name_first, student0_.name_middle, student0_.name_last
14:18:47,966 DEBUG FromReferenceNode:74 - Resolved : s -> student0_.studentId
14:18:47,966 DEBUG DotNode:599 - getDataType() : studentNumber -> org.hibernate.type.LongType@4bf3f9d
14:18:47,966 DEBUG FromReferenceNode:74 - Resolved : s.studentNumber -> student0_.studentId
14:18:47,966 DEBUG HqlSqlWalker:629 - processQuery() :  ( SELECT ( {select clause} ( ( map ( student0_.studentId student0_.studentId studentNumber ) ( student0_.name_first, student0_.name_middle, student0_.name_last student0_.studentId name ) ) ) ( FromClause{level=1} Student student0_ ) ( order ( student0_.studentId student0_.studentId studentNumber ) ) )
14:18:47,966 DEBUG JoinProcessor:175 - Using FROM fragment [Student student0_]
14:18:47,967 DEBUG QueryTranslatorImpl:252 - --- SQL AST ---
 \-[SELECT] QueryNode: 'SELECT'  querySpaces (Student)
    +-[SELECT_CLAUSE] SelectClause: '{select clause}'
    |  \-[CONSTRUCTOR] ConstructorNode: '('
    |     +-[IDENT] IdentNode: 'map' {originalText=map}
    |     +-[DOT] DotNode: 'student0_.studentId' {propertyName=studentNumber,dereferenceType=ALL,propertyPath=studentNumber,path=s.studentNumber,tableAlias=student0_,className=org.hibernate.test.querycache.Student,classAlias=s}
    |     |  +-[ALIAS_REF] IdentNode: 'student0_.studentId' {alias=s, className=org.hibernate.test.querycache.Student, tableAlias=student0_}
    |     |  \-[IDENT] IdentNode: 'studentNumber' {originalText=studentNumber}
    |     +-[SELECT_COLUMNS] SqlNode: ' as col_0_0_'
    |     +-[DOT] DotNode: 'student0_.name_first' {propertyName=name,dereferenceType=2,propertyPath=name,path=s.name,tableAlias=student0_,className=org.hibernate.test.querycache.Student,classAlias=s}
    |     |  +-[ALIAS_REF] IdentNode: 'student0_.studentId' {alias=s, className=org.hibernate.test.querycache.Student, tableAlias=student0_}
    |     |  \-[IDENT] IdentNode: 'name' {originalText=name}
    |     +-[SELECT_COLUMNS] SqlNode: ' as col_1_0_'
    |     +-[SQL_TOKEN] SqlFragment: 'student0_.name_middle'
    |     +-[SELECT_COLUMNS] SqlNode: ' as col_1_1_'
    |     +-[SQL_TOKEN] SqlFragment: 'student0_.name_last'
    |     \-[SELECT_COLUMNS] SqlNode: ' as col_1_2_'
    +-[FROM] FromClause: 'from' FromClause{level=1, fromElementCounter=1, fromElements=1, fromElementByClassAlias=[s], fromElementByTableAlias=[student0_], fromElementsByPath=[], collectionJoinFromElementsByPath=[], impliedElements=[]}
    |  \-[FROM_FRAGMENT] FromElement: 'Student student0_' FromElement{explicit,not a collection join,not a fetch join,fetch non-lazy properties,classAlias=s,role=null,tableName=Student,tableAlias=student0_,origin=null,columns={,className=org.hibernate.test.querycache.Student}}
    \-[ORDER] OrderByClause: 'order'
       \-[DOT] DotNode: 'student0_.studentId' {propertyName=studentNumber,dereferenceType=ALL,propertyPath=studentNumber,path=s.studentNumber,tableAlias=student0_,className=org.hibernate.test.querycache.Student,classAlias=s}
          +-[ALIAS_REF] IdentNode: 'student0_.studentId' {alias=s, className=org.hibernate.test.querycache.Student, tableAlias=student0_}
          \-[IDENT] IdentNode: 'studentNumber' {originalText=studentNumber}

14:18:47,987 DEBUG ErrorCounter:82 - throwQueryException() : no errors
14:18:47,987 DEBUG QueryTranslatorImpl:235 - HQL: select new map(s.studentNumber as sNumber, s.name as sName) from org.hibernate.test.querycache.Student s order by s.studentNumber
14:18:47,987 DEBUG QueryTranslatorImpl:236 - SQL: select student0_.studentId as col_0_0_, student0_.name_first as col_1_0_, student0_.name_middle as col_1_1_, student0_.name_last as col_1_2_ from Student student0_ order by student0_.studentId
14:18:47,988 DEBUG ErrorCounter:82 - throwQueryException() : no errors
14:18:47,988 DEBUG BaseGeneralDataRegion:46 - Cache[foo.org.hibernate.cache.internal.StandardQueryCache] lookup : key[sql: select student0_.studentId as col_0_0_, student0_.name_first as col_1_0_, student0_.name_middle as col_1_1_, student0_.name_last as col_1_2_ from Student student0_ order by student0_.studentId; parameters: ; named parameters: {}; transformer: org.hibernate.transform.CacheableResultTransformer@1406bf]
14:18:47,988 DEBUG BaseGeneralDataRegion:52 - Cache[foo.org.hibernate.cache.internal.StandardQueryCache] hit: sql: select student0_.studentId as col_0_0_, student0_.name_first as col_1_0_, student0_.name_middle as col_1_1_, student0_.name_last as col_1_2_ from Student student0_ order by student0_.studentId; parameters: ; named parameters: {}; transformer: org.hibernate.transform.CacheableResultTransformer@1406bf
14:18:47,988 DEBUG BaseGeneralDataRegion:46 - Cache[foo.org.hibernate.cache.spi.UpdateTimestampsCache] lookup : key[Student]
14:18:47,997 DEBUG BaseGeneralDataRegion:52 - Cache[foo.org.hibernate.cache.spi.UpdateTimestampsCache] hit: Student
14:18:47,998 DEBUG SQL:104 - 
    select
        student0_.studentId as col_0_0_,
        student0_.name_first as col_1_0_,
        student0_.name_middle as col_1_1_,
        student0_.name_last as col_1_2_ 
    from
        Student student0_ 
    order by
        student0_.studentId
14:18:47,999 DEBUG BaseGeneralDataRegion:59 - Caching[foo.org.hibernate.cache.internal.StandardQueryCache] : [sql: select student0_.studentId as col_0_0_, student0_.name_first as col_1_0_, student0_.name_middle as col_1_1_, student0_.name_last as col_1_2_ from Student student0_ order by student0_.studentId; parameters: ; named parameters: {}; transformer: org.hibernate.transform.CacheableResultTransformer@1406bf] -> [[5579090853883904, [Ljava.io.Serializable;@3500d4b1, [Ljava.io.Serializable;@498bcba6]]
14:18:48,000 DEBUG BaseGeneralDataRegion:46 - Cache[foo.org.hibernate.cache.internal.StandardQueryCache] lookup : key[sql: select student0_.studentId as col_0_0_, student0_.name_first as col_1_0_, student0_.name_middle as col_1_1_, student0_.name_last as col_1_2_ from Student student0_ order by student0_.studentId; parameters: ; named parameters: {}; transformer: org.hibernate.transform.CacheableResultTransformer@1406bf]
14:18:48,000 DEBUG BaseGeneralDataRegion:52 - Cache[foo.org.hibernate.cache.internal.StandardQueryCache] hit: sql: select student0_.studentId as col_0_0_, student0_.name_first as col_1_0_, student0_.name_middle as col_1_1_, student0_.name_last as col_1_2_ from Student student0_ order by student0_.studentId; parameters: ; named parameters: {}; transformer: org.hibernate.transform.CacheableResultTransformer@1406bf
14:18:48,000 DEBUG BaseGeneralDataRegion:46 - Cache[foo.org.hibernate.cache.spi.UpdateTimestampsCache] lookup : key[Student]
14:18:48,000 DEBUG BaseGeneralDataRegion:52 - Cache[foo.org.hibernate.cache.spi.UpdateTimestampsCache] hit: Student
14:18:48,000 DEBUG SQL:104 - 
    select
        student_.studentId,
        student_.name_first as name2_4_,
        student_.name_middle as name3_4_,
        student_.name_last as name4_4_,
        student_.preferredCourseCode as preferre5_4_ 
    from
        Student student_ 
    where
        student_.studentId=?
14:18:48,001 DEBUG SQL:104 - 
    select
        enrolment_.studentId,
        enrolment_.courseCode,
        enrolment_.semester as semester3_,
        enrolment_."year" as year4_3_ 
    from
        Enrolment enrolment_ 
    where
        enrolment_.studentId=? 
        and enrolment_.courseCode=?
14:18:48,010 DEBUG SQL:104 - 
    select
        course_.courseCode,
        course_.description as descript2_1_ 
    from
        Course course_ 
    where
        course_.courseCode=?
14:18:48,011 DEBUG SQL:104 - 
    select
        student_.studentId,
        student_.name_first as name2_4_,
        student_.name_middle as name3_4_,
        student_.name_last as name4_4_,
        student_.preferredCourseCode as preferre5_4_ 
    from
        Student student_ 
    where
        student_.studentId=?
14:18:48,011 DEBUG SQL:104 - 
    select
        enrolment_.studentId,
        enrolment_.courseCode,
        enrolment_.semester as semester3_,
        enrolment_."year" as year4_3_ 
    from
        Enrolment enrolment_ 
    where
        enrolment_.studentId=? 
        and enrolment_.courseCode=?
14:18:48,020 DEBUG SQL:104 - 
    select
        coursemeet_.courseCode,
        coursemeet_.day,
        coursemeet_.period,
        coursemeet_.location 
    from
        CourseMeeting coursemeet_ 
    where
        coursemeet_.courseCode=? 
        and coursemeet_.day=? 
        and coursemeet_.period=? 
        and coursemeet_.location=?
14:18:48,021 DEBUG SQL:104 - 
    select
        coursemeet_.courseCode,
        coursemeet_.day,
        coursemeet_.period,
        coursemeet_.location 
    from
        CourseMeeting coursemeet_ 
    where
        coursemeet_.courseCode=? 
        and coursemeet_.day=? 
        and coursemeet_.period=? 
        and coursemeet_.location=?
14:18:48,030 DEBUG BaseGeneralDataRegion:59 - Caching[foo.org.hibernate.cache.spi.UpdateTimestampsCache] : [Enrolment] -> [5579091099770880]
14:18:48,031 DEBUG SQL:104 - 
    update
        Address 
    set
        studentNumber=null,
        addressType=null 
    where
        studentNumber=?
14:18:48,031 DEBUG BaseGeneralDataRegion:59 - Caching[foo.org.hibernate.cache.spi.UpdateTimestampsCache] : [Address] -> [5579091099774976]
14:18:48,031 DEBUG SQL:104 - 
    delete 
    from
        Student_secretCodes 
    where
        studentNumber=?
14:18:48,031 DEBUG BaseGeneralDataRegion:59 - Caching[foo.org.hibernate.cache.spi.UpdateTimestampsCache] : [Student_secretCodes] -> [5579091099774977]
14:18:48,031 DEBUG BaseGeneralDataRegion:59 - Caching[foo.org.hibernate.cache.spi.UpdateTimestampsCache] : [Enrolment] -> [5579091099774978]
14:18:48,031 DEBUG BaseGeneralDataRegion:59 - Caching[foo.org.hibernate.cache.spi.UpdateTimestampsCache] : [Address] -> [5579091099774979]
14:18:48,031 DEBUG SQL:104 - 
    delete 
    from
        Student_secretCodes 
    where
        studentNumber=?
14:18:48,032 DEBUG BaseGeneralDataRegion:59 - Caching[foo.org.hibernate.cache.spi.UpdateTimestampsCache] : [Student_secretCodes] -> [5579091099779072]
14:18:48,032 DEBUG BaseGeneralDataRegion:59 - Caching[foo.org.hibernate.cache.spi.UpdateTimestampsCache] : [CourseMeeting] -> [5579091099779073]
14:18:48,043 DEBUG SQL:104 - 
    delete 
    from
        Enrolment 
    where
        studentId=? 
        and courseCode=?
14:18:48,044 DEBUG BaseGeneralDataRegion:59 - Caching[foo.org.hibernate.cache.spi.UpdateTimestampsCache] : [Enrolment] -> [5579091099828224]
14:18:48,044 DEBUG SQL:104 - 
    delete 
    from
        Address 
    where
        id=?
14:18:48,044 DEBUG BaseGeneralDataRegion:59 - Caching[foo.org.hibernate.cache.spi.UpdateTimestampsCache] : [Address] -> [5579091099828225]
14:18:48,044 DEBUG SQL:104 - 
    delete 
    from
        Address 
    where
        id=?
14:18:48,044 DEBUG BaseGeneralDataRegion:59 - Caching[foo.org.hibernate.cache.spi.UpdateTimestampsCache] : [Address] -> [5579091099828226]
14:18:48,044 DEBUG SQL:104 - 
    delete 
    from
        Student 
    where
        studentId=?
14:18:48,044 DEBUG BaseGeneralDataRegion:59 - Caching[foo.org.hibernate.cache.spi.UpdateTimestampsCache] : [Student] -> [5579091099828227]
14:18:48,045 DEBUG SQL:104 - 
    delete 
    from
        Enrolment 
    where
        studentId=? 
        and courseCode=?
14:18:48,054 DEBUG BaseGeneralDataRegion:59 - Caching[foo.org.hibernate.cache.spi.UpdateTimestampsCache] : [Enrolment] -> [5579091099869184]
14:18:48,054 DEBUG SQL:104 - 
    delete 
    from
        Student 
    where
        studentId=?
14:18:48,054 DEBUG BaseGeneralDataRegion:59 - Caching[foo.org.hibernate.cache.spi.UpdateTimestampsCache] : [Student] -> [5579091099869185]
14:18:48,055 DEBUG SQL:104 - 
    delete 
    from
        CourseMeeting 
    where
        courseCode=? 
        and day=? 
        and period=? 
        and location=?
14:18:48,055 DEBUG BaseGeneralDataRegion:59 - Caching[foo.org.hibernate.cache.spi.UpdateTimestampsCache] : [CourseMeeting] -> [5579091099873280]
14:18:48,055 DEBUG SQL:104 - 
    delete 
    from
        CourseMeeting 
    where
        courseCode=? 
        and day=? 
        and period=? 
        and location=?
14:18:48,065 DEBUG BaseGeneralDataRegion:59 - Caching[foo.org.hibernate.cache.spi.UpdateTimestampsCache] : [CourseMeeting] -> [5579091099914240]
14:18:48,066 DEBUG SQL:104 - 
    delete 
    from
        Course 
    where
        courseCode=?
14:18:48,066 DEBUG BaseGeneralDataRegion:59 - Caching[foo.org.hibernate.cache.spi.UpdateTimestampsCache] : [Course] -> [5579091099918336]
14:18:48,066 DEBUG BaseGeneralDataRegion:59 - Caching[foo.org.hibernate.cache.spi.UpdateTimestampsCache] : [Student] -> [5579090854158337]
14:18:48,066 DEBUG BaseGeneralDataRegion:59 - Caching[foo.org.hibernate.cache.spi.UpdateTimestampsCache] : [Course] -> [5579090854158337]
14:18:48,066 DEBUG BaseGeneralDataRegion:59 - Caching[foo.org.hibernate.cache.spi.UpdateTimestampsCache] : [Enrolment] -> [5579090854158337]
14:18:48,066 DEBUG BaseGeneralDataRegion:59 - Caching[foo.org.hibernate.cache.spi.UpdateTimestampsCache] : [Student_secretCodes] -> [5579090854158337]
14:18:48,066 DEBUG BaseGeneralDataRegion:59 - Caching[foo.org.hibernate.cache.spi.UpdateTimestampsCache] : [Address] -> [5579090854158337]
14:18:48,066 DEBUG BaseGeneralDataRegion:59 - Caching[foo.org.hibernate.cache.spi.UpdateTimestampsCache] : [CourseMeeting] -> [5579090854158337]
14:18:48,067  INFO CustomRunner:139 - Test: testSingleAggregatedPropProjectionSingleResult
14:18:48,068 DEBUG SQL:104 - 
    select
        coursemeet_.courseCode,
        coursemeet_.day,
        coursemeet_.period,
        coursemeet_.location 
    from
        CourseMeeting coursemeet_ 
    where
        coursemeet_.courseCode=? 
        and coursemeet_.day=? 
        and coursemeet_.period=? 
        and coursemeet_.location=?
14:18:48,068 DEBUG SQL:104 - 
    select
        coursemeet_.courseCode,
        coursemeet_.day,
        coursemeet_.period,
        coursemeet_.location 
    from
        CourseMeeting coursemeet_ 
    where
        coursemeet_.courseCode=? 
        and coursemeet_.day=? 
        and coursemeet_.period=? 
        and coursemeet_.location=?
14:18:48,069 DEBUG SQL:104 - 
    insert 
    into
        Course
        (description, courseCode) 
    values
        (?, ?)
14:18:48,069 DEBUG BaseGeneralDataRegion:59 - Caching[foo.org.hibernate.cache.spi.UpdateTimestampsCache] : [Course] -> [5579091099930624]
14:18:48,069 DEBUG SQL:104 - 
    insert 
    into
        CourseMeeting
        (courseCode, day, period, location) 
    values
        (?, ?, ?, ?)
14:18:48,070 DEBUG BaseGeneralDataRegion:59 - Caching[foo.org.hibernate.cache.spi.UpdateTimestampsCache] : [CourseMeeting] -> [5579091099934720]
14:18:48,070 DEBUG SQL:104 - 
    insert 
    into
        CourseMeeting
        (courseCode, day, period, location) 
    values
        (?, ?, ?, ?)
14:18:48,070 DEBUG BaseGeneralDataRegion:59 - Caching[foo.org.hibernate.cache.spi.UpdateTimestampsCache] : [CourseMeeting] -> [5579091099934721]
14:18:48,070 DEBUG SQL:104 - 
    insert 
    into
        Student
        (name_first, name_middle, name_last, preferredCourseCode, studentId) 
    values
        (?, ?, ?, ?, ?)
14:18:48,078 DEBUG BaseGeneralDataRegion:59 - Caching[foo.org.hibernate.cache.spi.UpdateTimestampsCache] : [Student] -> [5579091099967488]
14:18:48,078 DEBUG SQL:104 - 
    insert 
    into
        Address
        (addressType, street, city, stateProvince, postalCode, country, studentNumber, id) 
    values
        (?, ?, ?, ?, ?, ?, ?, ?)
14:18:48,079 DEBUG BaseGeneralDataRegion:59 - Caching[foo.org.hibernate.cache.spi.UpdateTimestampsCache] : [Address] -> [5579091099971584]
14:18:48,079 DEBUG SQL:104 - 
    insert 
    into
        Address
        (addressType, street, city, stateProvince, postalCode, country, studentNumber, id) 
    values
        (?, ?, ?, ?, ?, ?, ?, ?)
14:18:48,080 DEBUG BaseGeneralDataRegion:59 - Caching[foo.org.hibernate.cache.spi.UpdateTimestampsCache] : [Address] -> [5579091099975680]
14:18:48,080 DEBUG SQL:104 - 
    insert 
    into
        Student
        (name_first, name_middle, name_last, preferredCourseCode, studentId) 
    values
        (?, ?, ?, ?, ?)
14:18:48,081 DEBUG BaseGeneralDataRegion:59 - Caching[foo.org.hibernate.cache.spi.UpdateTimestampsCache] : [Student] -> [5579091099979776]
14:18:48,081 DEBUG SQL:104 - 
    insert 
    into
        Enrolment
        (semester, "year", studentId, courseCode) 
    values
        (?, ?, ?, ?)
14:18:48,091 DEBUG BaseGeneralDataRegion:59 - Caching[foo.org.hibernate.cache.spi.UpdateTimestampsCache] : [Enrolment] -> [5579091100020736]
14:18:48,092 DEBUG SQL:104 - 
    insert 
    into
        Enrolment
        (semester, "year", studentId, courseCode) 
    values
        (?, ?, ?, ?)
14:18:48,092 DEBUG BaseGeneralDataRegion:59 - Caching[foo.org.hibernate.cache.spi.UpdateTimestampsCache] : [Enrolment] -> [5579091100024832]
14:18:48,092 DEBUG BaseGeneralDataRegion:59 - Caching[foo.org.hibernate.cache.spi.UpdateTimestampsCache] : [CourseMeeting] -> [5579091100024833]
14:18:48,092 DEBUG BaseGeneralDataRegion:59 - Caching[foo.org.hibernate.cache.spi.UpdateTimestampsCache] : [Enrolment] -> [5579091100024834]
14:18:48,093 DEBUG SQL:104 - 
    update
        Address 
    set
        studentNumber=?,
        addressType=? 
    where
        id=?
14:18:48,093 DEBUG SQL:104 - 
    update
        Address 
    set
        studentNumber=?,
        addressType=? 
    where
        id=?
14:18:48,102 DEBUG BaseGeneralDataRegion:59 - Caching[foo.org.hibernate.cache.spi.UpdateTimestampsCache] : [Address] -> [5579091100065792]
14:18:48,102 DEBUG SQL:104 - 
    insert 
    into
        Student_secretCodes
        (studentNumber, i, secretCode) 
    values
        (?, ?, ?)
14:18:48,103 DEBUG BaseGeneralDataRegion:59 - Caching[foo.org.hibernate.cache.spi.UpdateTimestampsCache] : [Student_secretCodes] -> [5579091100069888]
14:18:48,103 DEBUG BaseGeneralDataRegion:59 - Caching[foo.org.hibernate.cache.spi.UpdateTimestampsCache] : [Enrolment] -> [5579091100069889]
14:18:48,103 DEBUG BaseGeneralDataRegion:59 - Caching[foo.org.hibernate.cache.spi.UpdateTimestampsCache] : [Address] -> [5579091100069890]
14:18:48,103 DEBUG SQL:104 - 
    insert 
    into
        Student_secretCodes
        (studentNumber, i, secretCode) 
    values
        (?, ?, ?)
14:18:48,111 DEBUG SQL:104 - 
    insert 
    into
        Student_secretCodes
        (studentNumber, i, secretCode) 
    values
        (?, ?, ?)
14:18:48,112 DEBUG BaseGeneralDataRegion:59 - Caching[foo.org.hibernate.cache.spi.UpdateTimestampsCache] : [Student_secretCodes] -> [5579091100106752]
14:18:48,112 DEBUG BaseGeneralDataRegion:59 - Caching[foo.org.hibernate.cache.spi.UpdateTimestampsCache] : [Student] -> [5579090854346753]
14:18:48,112 DEBUG BaseGeneralDataRegion:59 - Caching[foo.org.hibernate.cache.spi.UpdateTimestampsCache] : [Course] -> [5579090854346753]
14:18:48,112 DEBUG BaseGeneralDataRegion:59 - Caching[foo.org.hibernate.cache.spi.UpdateTimestampsCache] : [Enrolment] -> [5579090854346753]
14:18:48,112 DEBUG BaseGeneralDataRegion:59 - Caching[foo.org.hibernate.cache.spi.UpdateTimestampsCache] : [Student_secretCodes] -> [5579090854346753]
14:18:48,113 DEBUG BaseGeneralDataRegion:59 - Caching[foo.org.hibernate.cache.spi.UpdateTimestampsCache] : [Address] -> [5579090854346753]
14:18:48,113 DEBUG BaseGeneralDataRegion:59 - Caching[foo.org.hibernate.cache.spi.UpdateTimestampsCache] : [CourseMeeting] -> [5579090854346753]
14:18:48,113 DEBUG QueryTranslatorImpl:265 - parse() - HQL: select min( e.studentNumber ) from org.hibernate.test.querycache.Enrolment e
14:18:48,114 DEBUG QueryTranslatorImpl:283 - --- HQL AST ---
 \-[QUERY] Node: 'query'
    \-[SELECT_FROM] Node: 'SELECT_FROM'
       +-[FROM] Node: 'from'
       |  \-[RANGE] Node: 'RANGE'
       |     +-[DOT] Node: '.'
       |     |  +-[DOT] Node: '.'
       |     |  |  +-[DOT] Node: '.'
       |     |  |  |  +-[DOT] Node: '.'
       |     |  |  |  |  +-[IDENT] Node: 'org'
       |     |  |  |  |  \-[IDENT] Node: 'hibernate'
       |     |  |  |  \-[IDENT] Node: 'test'
       |     |  |  \-[IDENT] Node: 'querycache'
       |     |  \-[IDENT] Node: 'Enrolment'
       |     \-[ALIAS] Node: 'e'
       \-[SELECT] Node: 'select'
          \-[AGGREGATE] Node: 'min'
             \-[DOT] Node: '.'
                +-[IDENT] Node: 'e'
                \-[IDENT] Node: 'studentNumber'

14:18:48,122 DEBUG ErrorCounter:82 - throwQueryException() : no errors
14:18:48,122 DEBUG FromElement:157 - FromClause{level=1} : org.hibernate.test.querycache.Enrolment (e) -> enrolment0_
14:18:48,123 DEBUG FromReferenceNode:74 - Resolved : e -> (enrolment0_.studentId, enrolment0_.courseCode)
14:18:48,123 DEBUG DotNode:599 - getDataType() : studentNumber -> org.hibernate.type.LongType@4bf3f9d
14:18:48,123 DEBUG FromReferenceNode:74 - Resolved : e.studentNumber -> enrolment0_.studentId
14:18:48,123 DEBUG HqlSqlWalker:629 - processQuery() :  ( SELECT ( {select clause} ( min ( enrolment0_.studentId (enrolment0_.studentId, enrolment0_.courseCode) studentNumber ) ) ) ( FromClause{level=1} Enrolment enrolment0_ ) )
14:18:48,123 DEBUG JoinProcessor:175 - Using FROM fragment [Enrolment enrolment0_]
14:18:48,123 DEBUG QueryTranslatorImpl:252 - --- SQL AST ---
 \-[SELECT] QueryNode: 'SELECT'  querySpaces (Enrolment)
    +-[SELECT_CLAUSE] SelectClause: '{select clause}'
    |  +-[AGGREGATE] AggregateNode: 'min'
    |  |  \-[DOT] DotNode: 'enrolment0_.studentId' {propertyName=studentNumber,dereferenceType=ALL,propertyPath=studentNumber,path=e.studentNumber,tableAlias=enrolment0_,className=org.hibernate.test.querycache.Enrolment,classAlias=e}
    |  |     +-[ALIAS_REF] IdentNode: '(enrolment0_.studentId, enrolment0_.courseCode)' {alias=e, className=org.hibernate.test.querycache.Enrolment, tableAlias=enrolment0_}
    |  |     \-[IDENT] IdentNode: 'studentNumber' {originalText=studentNumber}
    |  \-[SELECT_COLUMNS] SqlNode: ' as col_0_0_'
    \-[FROM] FromClause: 'from' FromClause{level=1, fromElementCounter=1, fromElements=1, fromElementByClassAlias=[e], fromElementByTableAlias=[enrolment0_], fromElementsByPath=[], collectionJoinFromElementsByPath=[], impliedElements=[]}
       \-[FROM_FRAGMENT] FromElement: 'Enrolment enrolment0_' FromElement{explicit,not a collection join,not a fetch join,fetch non-lazy properties,classAlias=e,role=null,tableName=Enrolment,tableAlias=enrolment0_,origin=null,columns={,className=org.hibernate.test.querycache.Enrolment}}

14:18:48,132 DEBUG ErrorCounter:82 - throwQueryException() : no errors
14:18:48,133 DEBUG QueryTranslatorImpl:235 - HQL: select min( e.studentNumber ) from org.hibernate.test.querycache.Enrolment e
14:18:48,133 DEBUG QueryTranslatorImpl:236 - SQL: select min(enrolment0_.studentId) as col_0_0_ from Enrolment enrolment0_
14:18:48,133 DEBUG ErrorCounter:82 - throwQueryException() : no errors
14:18:48,133 DEBUG BaseGeneralDataRegion:46 - Cache[foo.org.hibernate.cache.internal.StandardQueryCache] lookup : key[sql: select min(enrolment0_.studentId) as col_0_0_ from Enrolment enrolment0_; parameters: ; named parameters: {}; transformer: org.hibernate.transform.CacheableResultTransformer@110f2]
14:18:48,133 DEBUG SQL:104 - 
    select
        min(enrolment0_.studentId) as col_0_0_ 
    from
        Enrolment enrolment0_
14:18:48,134 DEBUG BaseGeneralDataRegion:59 - Caching[foo.org.hibernate.cache.internal.StandardQueryCache] : [sql: select min(enrolment0_.studentId) as col_0_0_ from Enrolment enrolment0_; parameters: ; named parameters: {}; transformer: org.hibernate.transform.CacheableResultTransformer@110f2] -> [[5579090854436864, 111]]
14:18:48,134 DEBUG BaseGeneralDataRegion:46 - Cache[foo.org.hibernate.cache.internal.StandardQueryCache] lookup : key[sql: select min(enrolment0_.studentId) as col_0_0_ from Enrolment enrolment0_; parameters: ; named parameters: {}; transformer: org.hibernate.transform.CacheableResultTransformer@110f2]
14:18:48,134 DEBUG BaseGeneralDataRegion:52 - Cache[foo.org.hibernate.cache.internal.StandardQueryCache] hit: sql: select min(enrolment0_.studentId) as col_0_0_ from Enrolment enrolment0_; parameters: ; named parameters: {}; transformer: org.hibernate.transform.CacheableResultTransformer@110f2
14:18:48,134 DEBUG BaseGeneralDataRegion:46 - Cache[foo.org.hibernate.cache.spi.UpdateTimestampsCache] lookup : key[Enrolment]
14:18:48,134 DEBUG BaseGeneralDataRegion:52 - Cache[foo.org.hibernate.cache.spi.UpdateTimestampsCache] hit: Enrolment
14:18:48,135 DEBUG SQL:104 - 
    select
        student_.studentId,
        student_.name_first as name2_4_,
        student_.name_middle as name3_4_,
        student_.name_last as name4_4_,
        student_.preferredCourseCode as preferre5_4_ 
    from
        Student student_ 
    where
        student_.studentId=?
14:18:48,141 DEBUG SQL:104 - 
    select
        enrolment_.studentId,
        enrolment_.courseCode,
        enrolment_.semester as semester3_,
        enrolment_."year" as year4_3_ 
    from
        Enrolment enrolment_ 
    where
        enrolment_.studentId=? 
        and enrolment_.courseCode=?
14:18:48,142 DEBUG SQL:104 - 
    select
        course_.courseCode,
        course_.description as descript2_1_ 
    from
        Course course_ 
    where
        course_.courseCode=?
14:18:48,142 DEBUG SQL:104 - 
    select
        student_.studentId,
        student_.name_first as name2_4_,
        student_.name_middle as name3_4_,
        student_.name_last as name4_4_,
        student_.preferredCourseCode as preferre5_4_ 
    from
        Student student_ 
    where
        student_.studentId=?
14:18:48,151 DEBUG SQL:104 - 
    select
        enrolment_.studentId,
        enrolment_.courseCode,
        enrolment_.semester as semester3_,
        enrolment_."year" as year4_3_ 
    from
        Enrolment enrolment_ 
    where
        enrolment_.studentId=? 
        and enrolment_.courseCode=?
14:18:48,151 DEBUG SQL:104 - 
    select
        coursemeet_.courseCode,
        coursemeet_.day,
        coursemeet_.period,
        coursemeet_.location 
    from
        CourseMeeting coursemeet_ 
    where
        coursemeet_.courseCode=? 
        and coursemeet_.day=? 
        and coursemeet_.period=? 
        and coursemeet_.location=?
14:18:48,152 DEBUG SQL:104 - 
    select
        coursemeet_.courseCode,
        coursemeet_.day,
        coursemeet_.period,
        coursemeet_.location 
    from
        CourseMeeting coursemeet_ 
    where
        coursemeet_.courseCode=? 
        and coursemeet_.day=? 
        and coursemeet_.period=? 
        and coursemeet_.location=?
14:18:48,161 DEBUG BaseGeneralDataRegion:59 - Caching[foo.org.hibernate.cache.spi.UpdateTimestampsCache] : [Enrolment] -> [5579091100307456]
14:18:48,162 DEBUG SQL:104 - 
    update
        Address 
    set
        studentNumber=null,
        addressType=null 
    where
        studentNumber=?
14:18:48,162 DEBUG BaseGeneralDataRegion:59 - Caching[foo.org.hibernate.cache.spi.UpdateTimestampsCache] : [Address] -> [5579091100311552]
14:18:48,162 DEBUG SQL:104 - 
    delete 
    from
        Student_secretCodes 
    where
        studentNumber=?
14:18:48,162 DEBUG BaseGeneralDataRegion:59 - Caching[foo.org.hibernate.cache.spi.UpdateTimestampsCache] : [Student_secretCodes] -> [5579091100311553]
14:18:48,162 DEBUG BaseGeneralDataRegion:59 - Caching[foo.org.hibernate.cache.spi.UpdateTimestampsCache] : [Enrolment] -> [5579091100311554]
14:18:48,162 DEBUG BaseGeneralDataRegion:59 - Caching[foo.org.hibernate.cache.spi.UpdateTimestampsCache] : [Address] -> [5579091100311555]
14:18:48,162 DEBUG SQL:104 - 
    delete 
    from
        Student_secretCodes 
    where
        studentNumber=?
14:18:48,170 DEBUG BaseGeneralDataRegion:59 - Caching[foo.org.hibernate.cache.spi.UpdateTimestampsCache] : [Student_secretCodes] -> [5579091100344320]
14:18:48,171 DEBUG BaseGeneralDataRegion:59 - Caching[foo.org.hibernate.cache.spi.UpdateTimestampsCache] : [CourseMeeting] -> [5579091100348416]
14:18:48,171 DEBUG SQL:104 - 
    delete 
    from
        Enrolment 
    where
        studentId=? 
        and courseCode=?
14:18:48,171 DEBUG BaseGeneralDataRegion:59 - Caching[foo.org.hibernate.cache.spi.UpdateTimestampsCache] : [Enrolment] -> [5579091100348417]
14:18:48,171 DEBUG SQL:104 - 
    delete 
    from
        Address 
    where
        id=?
14:18:48,171 DEBUG BaseGeneralDataRegion:59 - Caching[foo.org.hibernate.cache.spi.UpdateTimestampsCache] : [Address] -> [5579091100348418]
14:18:48,171 DEBUG SQL:104 - 
    delete 
    from
        Address 
    where
        id=?
14:18:48,172 DEBUG BaseGeneralDataRegion:59 - Caching[foo.org.hibernate.cache.spi.UpdateTimestampsCache] : [Address] -> [5579091100352512]
14:18:48,172 DEBUG SQL:104 - 
    delete 
    from
        Student 
    where
        studentId=?
14:18:48,180 DEBUG BaseGeneralDataRegion:59 - Caching[foo.org.hibernate.cache.spi.UpdateTimestampsCache] : [Student] -> [5579091100385280]
14:18:48,181 DEBUG SQL:104 - 
    delete 
    from
        Enrolment 
    where
        studentId=? 
        and courseCode=?
14:18:48,181 DEBUG BaseGeneralDataRegion:59 - Caching[foo.org.hibernate.cache.spi.UpdateTimestampsCache] : [Enrolment] -> [5579091100389376]
14:18:48,181 DEBUG SQL:104 - 
    delete 
    from
        Student 
    where
        studentId=?
14:18:48,181 DEBUG BaseGeneralDataRegion:59 - Caching[foo.org.hibernate.cache.spi.UpdateTimestampsCache] : [Student] -> [5579091100389377]
14:18:48,181 DEBUG SQL:104 - 
    delete 
    from
        CourseMeeting 
    where
        courseCode=? 
        and day=? 
        and period=? 
        and location=?
14:18:48,181 DEBUG BaseGeneralDataRegion:59 - Caching[foo.org.hibernate.cache.spi.UpdateTimestampsCache] : [CourseMeeting] -> [5579091100389378]
14:18:48,182 DEBUG SQL:104 - 
    delete 
    from
        CourseMeeting 
    where
        courseCode=? 
        and day=? 
        and period=? 
        and location=?
14:18:48,192 DEBUG BaseGeneralDataRegion:59 - Caching[foo.org.hibernate.cache.spi.UpdateTimestampsCache] : [CourseMeeting] -> [5579091100434432]
14:18:48,193 DEBUG SQL:104 - 
    delete 
    from
        Course 
    where
        courseCode=?
14:18:48,193 DEBUG BaseGeneralDataRegion:59 - Caching[foo.org.hibernate.cache.spi.UpdateTimestampsCache] : [Course] -> [5579091100438528]
14:18:48,193 DEBUG BaseGeneralDataRegion:59 - Caching[foo.org.hibernate.cache.spi.UpdateTimestampsCache] : [Student] -> [5579090854678529]
14:18:48,193 DEBUG BaseGeneralDataRegion:59 - Caching[foo.org.hibernate.cache.spi.UpdateTimestampsCache] : [Course] -> [5579090854678529]
14:18:48,193 DEBUG BaseGeneralDataRegion:59 - Caching[foo.org.hibernate.cache.spi.UpdateTimestampsCache] : [Enrolment] -> [5579090854678529]
14:18:48,193 DEBUG BaseGeneralDataRegion:59 - Caching[foo.org.hibernate.cache.spi.UpdateTimestampsCache] : [Student_secretCodes] -> [5579090854678529]
14:18:48,193 DEBUG BaseGeneralDataRegion:59 - Caching[foo.org.hibernate.cache.spi.UpdateTimestampsCache] : [Address] -> [5579090854678529]
14:18:48,193 DEBUG BaseGeneralDataRegion:59 - Caching[foo.org.hibernate.cache.spi.UpdateTimestampsCache] : [CourseMeeting] -> [5579090854678529]
14:18:48,194  INFO SchemaExport:343 - HHH000227: Running hbm2ddl schema export
14:18:48,194 DEBUG SchemaExport:353 - Import file not found: /import.sql
14:18:48,195 DEBUG SQL:104 - 
    alter table Address 
        drop constraint FK1ED033D47B5C59E1
14:18:48,195 DEBUG SQL:104 - 
    alter table CourseMeeting 
        drop constraint FKC97EED80AEBBC201
14:18:48,195 DEBUG SQL:104 - 
    alter table Enrolment 
        drop constraint FKEB4882C4EC5C133
14:18:48,195 DEBUG SQL:104 - 
    alter table Enrolment 
        drop constraint FKEB4882C4AEBBC201
14:18:48,195 DEBUG SQL:104 - 
    alter table Student 
        drop constraint FKF3371A1B5679E142
14:18:48,196 DEBUG SQL:104 - 
    alter table Student_secretCodes 
        drop constraint FKAF3CA7327B5C59E1
14:18:48,196 DEBUG SQL:104 - 
    drop table Address if exists
14:18:48,196 DEBUG SQL:104 - 
    drop table Course if exists
14:18:48,196 DEBUG SQL:104 - 
    drop table CourseMeeting if exists
14:18:48,196 DEBUG SQL:104 - 
    drop table Enrolment if exists
14:18:48,196 DEBUG SQL:104 - 
    drop table Student if exists
14:18:48,197 DEBUG SQL:104 - 
    drop table Student_secretCodes if exists
14:18:48,197  INFO SchemaExport:405 - HHH000230: Schema export complete
14:18:48,197  INFO DriverManagerConnectionProviderImpl:162 - HHH000030: Cleaning up connection pool [jdbc:h2:mem:db1;DB_CLOSE_DELAY=-1;MVCC=TRUE]
]]></system-out>
  <system-err><![CDATA[]]></system-err>
</testsuite>
