<?xml version="1.0" encoding="UTF-8"?>
<testsuite errors="0" failures="0" hostname="dhcp-10.15.208.168.stl.redhat.com" name="org.hibernate.test.annotations.inheritance.union.SubclassTest" tests="1" time="0.097" timestamp="2013-02-28T20:10:32">
  <properties />
  <testcase classname="org.hibernate.test.annotations.inheritance.union.SubclassTest" name="testDefault" time="0.037" />
  <system-out><![CDATA[14:10:32,852  INFO CustomRunner:132 - BeforeClass: org.hibernate.test.annotations.inheritance.union.SubclassTest
14:10:32,859  INFO DriverManagerConnectionProviderImpl:99 - HHH000402: Using Hibernate built-in connection pool (not for production use!)
14:10:32,859  INFO DriverManagerConnectionProviderImpl:135 - HHH000115: Hibernate connection pool size: 5
14:10:32,859  INFO DriverManagerConnectionProviderImpl:138 - HHH000006: Autocommit mode: false
14:10:32,859  INFO DriverManagerConnectionProviderImpl:153 - HHH000401: using driver [org.h2.Driver] at URL [jdbc:h2:mem:db1;DB_CLOSE_DELAY=-1;MVCC=TRUE]
14:10:32,859  INFO DriverManagerConnectionProviderImpl:158 - HHH000046: Connection properties: {user=sa}
14:10:32,860  INFO Dialect:103 - HHH000400: Using dialect: org.hibernate.dialect.H2Dialect
14:10:32,861  INFO LobCreatorBuilder:94 - HHH000423: Disabling contextual LOB creation as JDBC driver reported JDBC version [3] less than 4
14:10:32,861  INFO TransactionFactoryInitiator:66 - HHH000399: Using default transaction strategy (direct JDBC transactions)
14:10:32,861  INFO ASTQueryTranslatorFactory:48 - HHH000397: Using ASTQueryTranslatorFactory
14:10:32,862  WARN CachingRegionFactory:58 - CachingRegionFactory should be only used for testing.
14:10:32,884  INFO SchemaExport:343 - HHH000227: Running hbm2ddl schema export
14:10:32,888 DEBUG SchemaExport:353 - Import file not found: /import.sql
14:10:32,888 DEBUG SQL:104 - 
    alter table DocumentUnion 
        drop constraint FK21699C92A966F18d913e54
14:10:32,888 ERROR SchemaExport:425 - HHH000389: Unsuccessful: alter table DocumentUnion drop constraint FK21699C92A966F18d913e54
14:10:32,888 ERROR SchemaExport:426 - Table "DOCUMENTUNION" not found; SQL statement:

    alter table DocumentUnion 
        drop constraint FK21699C92A966F18d913e54 [42102-145]
14:10:32,889 DEBUG SQL:104 - 
    alter table FolderUnion 
        drop constraint FK21699C92A966F1697486e1
14:10:32,889 ERROR SchemaExport:425 - HHH000389: Unsuccessful: alter table FolderUnion drop constraint FK21699C92A966F1697486e1
14:10:32,889 ERROR SchemaExport:426 - Table "FOLDERUNION" not found; SQL statement:

    alter table FolderUnion 
        drop constraint FK21699C92A966F1697486e1 [42102-145]
14:10:32,889 DEBUG SQL:104 - 
    alter table SymbolicLinkUnion 
        drop constraint FK21699C92A966F1c85fae43
14:10:32,900 ERROR SchemaExport:425 - HHH000389: Unsuccessful: alter table SymbolicLinkUnion drop constraint FK21699C92A966F1c85fae43
14:10:32,900 ERROR SchemaExport:426 - Table "SYMBOLICLINKUNION" not found; SQL statement:

    alter table SymbolicLinkUnion 
        drop constraint FK21699C92A966F1c85fae43 [42102-145]
14:10:32,900 DEBUG SQL:104 - 
    drop table DocumentUnion if exists
14:10:32,900 DEBUG SQL:104 - 
    drop table FolderUnion if exists
14:10:32,900 DEBUG SQL:104 - 
    drop table SymbolicLinkUnion if exists
14:10:32,901 DEBUG SQL:104 - 
    create table DocumentUnion (
        name varchar(255) not null,
        parent_name varchar(255),
        xsize integer,
        primary key (name)
    )
14:10:32,901 DEBUG SQL:104 - 
    create table FolderUnion (
        name varchar(255) not null,
        parent_name varchar(255),
        primary key (name)
    )
14:10:32,901 DEBUG SQL:104 - 
    create table SymbolicLinkUnion (
        name varchar(255) not null,
        parent_name varchar(255),
        target_name varchar(255) not null,
        primary key (name)
    )
14:10:32,904 DEBUG SQL:104 - 
    alter table DocumentUnion 
        add constraint FK21699C92A966F18d913e54 
        foreign key (parent_name) 
        references FolderUnion
14:10:32,904 DEBUG SQL:104 - 
    alter table FolderUnion 
        add constraint FK21699C92A966F1697486e1 
        foreign key (parent_name) 
        references FolderUnion
14:10:32,905 DEBUG SQL:104 - 
    alter table SymbolicLinkUnion 
        add constraint FK21699C92A966F1c85fae43 
        foreign key (parent_name) 
        references FolderUnion
14:10:32,906  INFO SchemaExport:405 - HHH000230: Schema export complete
14:10:32,906  WARN SessionFactoryImpl:1554 - HHH000008: JTASessionContext being used with JDBCTransactionFactory; auto-flush will not operate correctly with getCurrentSession()
14:10:32,907  INFO CustomRunner:139 - Test: testDefault
14:10:32,911 DEBUG SQL:104 - 
    insert 
    into
        DocumentUnion
        (parent_name, xsize, name) 
    values
        (?, ?, ?)
14:10:32,913 DEBUG SQL:104 - 
    insert 
    into
        FolderUnion
        (parent_name, name) 
    values
        (?, ?)
14:10:32,916 DEBUG SQL:104 - 
    select
        this_.name as name1_3_,
        this_.parent_name as parent2_1_3_,
        this_.xsize as xsize0_3_,
        this_.target_name as target1_3_3_,
        this_.clazz_ as clazz_3_,
        folder2_.name as name1_0_,
        folder2_.parent_name as parent2_1_0_,
        folder3_.name as name1_1_,
        folder3_.parent_name as parent2_1_1_,
        file4_.name as name1_2_,
        file4_.parent_name as parent2_1_2_,
        file4_.xsize as xsize0_2_,
        file4_.target_name as target1_3_2_,
        file4_.clazz_ as clazz_2_ 
    from
        ( select
            name,
            parent_name,
            null as xsize,
            null as target_name,
            1 as clazz_ 
        from
            FolderUnion 
        union
        all select
            name,
            parent_name,
            xsize,
            null as target_name,
            2 as clazz_ 
        from
            DocumentUnion 
        union
        all select
            name,
            parent_name,
            null as xsize,
            target_name,
            3 as clazz_ 
        from
            SymbolicLinkUnion 
    ) this_ 
left outer join
    FolderUnion folder2_ 
        on this_.parent_name=folder2_.name 
left outer join
    FolderUnion folder3_ 
        on folder2_.parent_name=folder3_.name 
left outer join
    (
        select
            name,
            parent_name,
            null as xsize,
            null as target_name,
            1 as clazz_ 
        from
            FolderUnion 
        union
        all select
            name,
            parent_name,
            xsize,
            null as target_name,
            2 as clazz_ 
        from
            DocumentUnion 
        union
        all select
            name,
            parent_name,
            null as xsize,
            target_name,
            3 as clazz_ 
        from
            SymbolicLinkUnion 
    ) file4_ 
        on this_.target_name=file4_.name
14:10:32,944  INFO SchemaExport:343 - HHH000227: Running hbm2ddl schema export
14:10:32,945 DEBUG SchemaExport:353 - Import file not found: /import.sql
14:10:32,945 DEBUG SQL:104 - 
    alter table DocumentUnion 
        drop constraint FK21699C92A966F18d913e54
14:10:32,946 DEBUG SQL:104 - 
    alter table FolderUnion 
        drop constraint FK21699C92A966F1697486e1
14:10:32,946 DEBUG SQL:104 - 
    alter table SymbolicLinkUnion 
        drop constraint FK21699C92A966F1c85fae43
14:10:32,947 DEBUG SQL:104 - 
    drop table DocumentUnion if exists
14:10:32,947 DEBUG SQL:104 - 
    drop table FolderUnion if exists
14:10:32,947 DEBUG SQL:104 - 
    drop table SymbolicLinkUnion if exists
14:10:32,947  INFO SchemaExport:405 - HHH000230: Schema export complete
14:10:32,948  INFO DriverManagerConnectionProviderImpl:162 - HHH000030: Cleaning up connection pool [jdbc:h2:mem:db1;DB_CLOSE_DELAY=-1;MVCC=TRUE]
]]></system-out>
  <system-err><![CDATA[]]></system-err>
</testsuite>
