<?xml version="1.0" encoding="UTF-8"?>
<testsuite errors="0" failures="0" hostname="dhcp-10.15.208.168.stl.redhat.com" name="org.hibernate.test.orphan.one2one.pk.bidirectional.DeleteOneToOneOrphansTest" tests="1" time="0.108" timestamp="2013-02-28T20:17:44">
  <properties />
  <testcase classname="org.hibernate.test.orphan.one2one.pk.bidirectional.DeleteOneToOneOrphansTest" name="testOrphanedWhileManaged" time="0.014" />
  <system-out><![CDATA[14:17:44,631  INFO CustomRunner:132 - BeforeClass: org.hibernate.test.orphan.one2one.pk.bidirectional.DeleteOneToOneOrphansTest
14:17:44,633  INFO Configuration:706 - HHH000221: Reading mappings from resource: org/hibernate/test/orphan/one2one/pk/bidirectional/Mapping.hbm.xml
14:17:44,671  INFO DriverManagerConnectionProviderImpl:99 - HHH000402: Using Hibernate built-in connection pool (not for production use!)
14:17:44,671  INFO DriverManagerConnectionProviderImpl:135 - HHH000115: Hibernate connection pool size: 5
14:17:44,671  INFO DriverManagerConnectionProviderImpl:138 - HHH000006: Autocommit mode: false
14:17:44,672  INFO DriverManagerConnectionProviderImpl:153 - HHH000401: using driver [org.h2.Driver] at URL [jdbc:h2:mem:db1;DB_CLOSE_DELAY=-1;MVCC=TRUE]
14:17:44,672  INFO DriverManagerConnectionProviderImpl:158 - HHH000046: Connection properties: {user=sa}
14:17:44,673  INFO Dialect:103 - HHH000400: Using dialect: org.hibernate.dialect.H2Dialect
14:17:44,673  INFO LobCreatorBuilder:94 - HHH000423: Disabling contextual LOB creation as JDBC driver reported JDBC version [3] less than 4
14:17:44,674  INFO TransactionFactoryInitiator:66 - HHH000399: Using default transaction strategy (direct JDBC transactions)
14:17:44,674  INFO ASTQueryTranslatorFactory:48 - HHH000397: Using ASTQueryTranslatorFactory
14:17:44,674  WARN CachingRegionFactory:58 - CachingRegionFactory should be only used for testing.
14:17:44,684  INFO SchemaExport:343 - HHH000227: Running hbm2ddl schema export
14:17:44,685 DEBUG SchemaExport:353 - Import file not found: /import.sql
14:17:44,685 DEBUG SQL:104 - 
    alter table EmployeeInfo 
        drop constraint FKA2C20C9C1C40DD43
14:17:44,685 ERROR SchemaExport:425 - HHH000389: Unsuccessful: alter table EmployeeInfo drop constraint FKA2C20C9C1C40DD43
14:17:44,686 ERROR SchemaExport:426 - Table "EMPLOYEEINFO" not found; SQL statement:

    alter table EmployeeInfo 
        drop constraint FKA2C20C9C1C40DD43 [42102-145]
14:17:44,686 DEBUG SQL:104 - 
    drop table Employee if exists
14:17:44,686 DEBUG SQL:104 - 
    drop table EmployeeInfo if exists
14:17:44,686 DEBUG SQL:104 - 
    create table Employee (
        id bigint not null,
        primary key (id)
    )
14:17:44,687 DEBUG SQL:104 - 
    create table EmployeeInfo (
        id bigint not null,
        primary key (id)
    )
14:17:44,687 DEBUG SQL:104 - 
    alter table EmployeeInfo 
        add constraint FKA2C20C9C1C40DD43 
        foreign key (id) 
        references Employee
14:17:44,687  INFO SchemaExport:405 - HHH000230: Schema export complete
14:17:44,688  WARN SessionFactoryImpl:1554 - HHH000008: JTASessionContext being used with JDBCTransactionFactory; auto-flush will not operate correctly with getCurrentSession()
14:17:44,688  INFO CustomRunner:139 - Test: testOrphanedWhileManaged
14:17:44,689 DEBUG SQL:104 - 
    select
        max(id) 
    from
        Employee
14:17:44,690 DEBUG SQL:104 - 
    insert 
    into
        Employee
        (id) 
    values
        (?)
14:17:44,690 DEBUG SQL:104 - 
    insert 
    into
        EmployeeInfo
        (id) 
    values
        (?)
14:17:44,691 DEBUG QueryTranslatorImpl:265 - parse() - HQL: from org.hibernate.test.orphan.one2one.pk.bidirectional.EmployeeInfo
14:17:44,691 DEBUG QueryTranslatorImpl:283 - --- HQL AST ---
 \-[QUERY] Node: 'query'
    \-[SELECT_FROM] Node: 'SELECT_FROM'
       \-[FROM] Node: 'from'
          \-[RANGE] Node: 'RANGE'
             \-[DOT] Node: '.'
                +-[DOT] Node: '.'
                |  +-[DOT] Node: '.'
                |  |  +-[DOT] Node: '.'
                |  |  |  +-[DOT] Node: '.'
                |  |  |  |  +-[DOT] Node: '.'
                |  |  |  |  |  +-[DOT] Node: '.'
                |  |  |  |  |  |  +-[IDENT] Node: 'org'
                |  |  |  |  |  |  \-[IDENT] Node: 'hibernate'
                |  |  |  |  |  \-[IDENT] Node: 'test'
                |  |  |  |  \-[IDENT] Node: 'orphan'
                |  |  |  \-[IDENT] Node: 'one2one'
                |  |  \-[IDENT] Node: 'pk'
                |  \-[IDENT] Node: 'bidirectional'
                \-[IDENT] Node: 'EmployeeInfo'

14:17:44,692 DEBUG ErrorCounter:82 - throwQueryException() : no errors
14:17:44,692 DEBUG FromElement:157 - FromClause{level=1} : org.hibernate.test.orphan.one2one.pk.bidirectional.EmployeeInfo (<no alias>) -> employeein0_
14:17:44,692 DEBUG HqlSqlWalker:629 - processQuery() :  ( SELECT ( FromClause{level=1} EmployeeInfo employeein0_ ) )
14:17:44,692 DEBUG HqlSqlWalker:869 - Derived SELECT clause created.
14:17:44,692 DEBUG JoinProcessor:175 - Using FROM fragment [EmployeeInfo employeein0_]
14:17:44,692 DEBUG QueryTranslatorImpl:252 - --- SQL AST ---
 \-[SELECT] QueryNode: 'SELECT'  querySpaces (EmployeeInfo)
    +-[SELECT_CLAUSE] SelectClause: '{derived select clause}'
    |  \-[SELECT_EXPR] SelectExpressionImpl: 'employeein0_.id as id1_' {FromElement{explicit,not a collection join,not a fetch join,fetch non-lazy properties,classAlias=null,role=null,tableName=EmployeeInfo,tableAlias=employeein0_,origin=null,columns={,className=org.hibernate.test.orphan.one2one.pk.bidirectional.EmployeeInfo}}}
    \-[FROM] FromClause: 'from' FromClause{level=1, fromElementCounter=1, fromElements=1, fromElementByClassAlias=[], fromElementByTableAlias=[employeein0_], fromElementsByPath=[], collectionJoinFromElementsByPath=[], impliedElements=[]}
       \-[FROM_FRAGMENT] FromElement: 'EmployeeInfo employeein0_' FromElement{explicit,not a collection join,not a fetch join,fetch non-lazy properties,classAlias=null,role=null,tableName=EmployeeInfo,tableAlias=employeein0_,origin=null,columns={,className=org.hibernate.test.orphan.one2one.pk.bidirectional.EmployeeInfo}}

14:17:44,692 DEBUG ErrorCounter:82 - throwQueryException() : no errors
14:17:44,693 DEBUG QueryTranslatorImpl:235 - HQL: from org.hibernate.test.orphan.one2one.pk.bidirectional.EmployeeInfo
14:17:44,693 DEBUG QueryTranslatorImpl:236 - SQL: select employeein0_.id as id1_ from EmployeeInfo employeein0_
14:17:44,693 DEBUG ErrorCounter:82 - throwQueryException() : no errors
14:17:44,693 DEBUG SQL:104 - 
    select
        employeein0_.id as id1_ 
    from
        EmployeeInfo employeein0_
14:17:44,694 DEBUG QueryTranslatorImpl:265 - parse() - HQL: from org.hibernate.test.orphan.one2one.pk.bidirectional.Employee
14:17:44,694 DEBUG QueryTranslatorImpl:283 - --- HQL AST ---
 \-[QUERY] Node: 'query'
    \-[SELECT_FROM] Node: 'SELECT_FROM'
       \-[FROM] Node: 'from'
          \-[RANGE] Node: 'RANGE'
             \-[DOT] Node: '.'
                +-[DOT] Node: '.'
                |  +-[DOT] Node: '.'
                |  |  +-[DOT] Node: '.'
                |  |  |  +-[DOT] Node: '.'
                |  |  |  |  +-[DOT] Node: '.'
                |  |  |  |  |  +-[DOT] Node: '.'
                |  |  |  |  |  |  +-[IDENT] Node: 'org'
                |  |  |  |  |  |  \-[IDENT] Node: 'hibernate'
                |  |  |  |  |  \-[IDENT] Node: 'test'
                |  |  |  |  \-[IDENT] Node: 'orphan'
                |  |  |  \-[IDENT] Node: 'one2one'
                |  |  \-[IDENT] Node: 'pk'
                |  \-[IDENT] Node: 'bidirectional'
                \-[IDENT] Node: 'Employee'

14:17:44,694 DEBUG ErrorCounter:82 - throwQueryException() : no errors
14:17:44,695 DEBUG FromElement:157 - FromClause{level=1} : org.hibernate.test.orphan.one2one.pk.bidirectional.Employee (<no alias>) -> employee0_
14:17:44,695 DEBUG HqlSqlWalker:629 - processQuery() :  ( SELECT ( FromClause{level=1} Employee employee0_ ) )
14:17:44,695 DEBUG HqlSqlWalker:869 - Derived SELECT clause created.
14:17:44,695 DEBUG JoinProcessor:175 - Using FROM fragment [Employee employee0_]
14:17:44,695 DEBUG QueryTranslatorImpl:252 - --- SQL AST ---
 \-[SELECT] QueryNode: 'SELECT'  querySpaces (Employee)
    +-[SELECT_CLAUSE] SelectClause: '{derived select clause}'
    |  \-[SELECT_EXPR] SelectExpressionImpl: 'employee0_.id as id0_' {FromElement{explicit,not a collection join,not a fetch join,fetch non-lazy properties,classAlias=null,role=null,tableName=Employee,tableAlias=employee0_,origin=null,columns={,className=org.hibernate.test.orphan.one2one.pk.bidirectional.Employee}}}
    \-[FROM] FromClause: 'from' FromClause{level=1, fromElementCounter=1, fromElements=1, fromElementByClassAlias=[], fromElementByTableAlias=[employee0_], fromElementsByPath=[], collectionJoinFromElementsByPath=[], impliedElements=[]}
       \-[FROM_FRAGMENT] FromElement: 'Employee employee0_' FromElement{explicit,not a collection join,not a fetch join,fetch non-lazy properties,classAlias=null,role=null,tableName=Employee,tableAlias=employee0_,origin=null,columns={,className=org.hibernate.test.orphan.one2one.pk.bidirectional.Employee}}

14:17:44,695 DEBUG ErrorCounter:82 - throwQueryException() : no errors
14:17:44,695 DEBUG QueryTranslatorImpl:235 - HQL: from org.hibernate.test.orphan.one2one.pk.bidirectional.Employee
14:17:44,695 DEBUG QueryTranslatorImpl:236 - SQL: select employee0_.id as id0_ from Employee employee0_
14:17:44,695 DEBUG ErrorCounter:82 - throwQueryException() : no errors
14:17:44,696 DEBUG SQL:104 - 
    select
        employee0_.id as id0_ 
    from
        Employee employee0_
14:17:44,696 DEBUG SQL:104 - 
    delete 
    from
        EmployeeInfo 
    where
        id=?
14:17:44,697 DEBUG SQL:104 - 
    select
        employee0_.id as id0_1_,
        employeein1_.id as id1_0_ 
    from
        Employee employee0_ 
    left outer join
        EmployeeInfo employeein1_ 
            on employee0_.id=employeein1_.id 
    where
        employee0_.id=?
14:17:44,697 DEBUG SQL:104 - 
    select
        employeein0_.id as id1_ 
    from
        EmployeeInfo employeein0_
14:17:44,698 DEBUG SQL:104 - 
    select
        employee0_.id as id0_ 
    from
        Employee employee0_
14:17:44,698 DEBUG QueryTranslatorImpl:265 - parse() - HQL: delete org.hibernate.test.orphan.one2one.pk.bidirectional.EmployeeInfo
14:17:44,699 DEBUG QueryTranslatorImpl:283 - --- HQL AST ---
 \-[DELETE] Node: 'delete'
    \-[FROM] Node: 'FROM'
       \-[RANGE] Node: 'RANGE'
          \-[DOT] Node: '.'
             +-[DOT] Node: '.'
             |  +-[DOT] Node: '.'
             |  |  +-[DOT] Node: '.'
             |  |  |  +-[DOT] Node: '.'
             |  |  |  |  +-[DOT] Node: '.'
             |  |  |  |  |  +-[DOT] Node: '.'
             |  |  |  |  |  |  +-[IDENT] Node: 'org'
             |  |  |  |  |  |  \-[IDENT] Node: 'hibernate'
             |  |  |  |  |  \-[IDENT] Node: 'test'
             |  |  |  |  \-[IDENT] Node: 'orphan'
             |  |  |  \-[IDENT] Node: 'one2one'
             |  |  \-[IDENT] Node: 'pk'
             |  \-[IDENT] Node: 'bidirectional'
             \-[IDENT] Node: 'EmployeeInfo'

14:17:44,699 DEBUG ErrorCounter:82 - throwQueryException() : no errors
14:17:44,700 DEBUG FromElement:157 - FromClause{level=1} : org.hibernate.test.orphan.one2one.pk.bidirectional.EmployeeInfo (<no alias>) -> employeein0_
14:17:44,700 DEBUG QueryTranslatorImpl:252 - --- SQL AST ---
 \-[DELETE] DeleteStatement: 'delete'  querySpaces (EmployeeInfo)
    \-[FROM] FromClause: 'FROM' FromClause{level=1, fromElementCounter=1, fromElements=1, fromElementByClassAlias=[], fromElementByTableAlias=[employeein0_], fromElementsByPath=[], collectionJoinFromElementsByPath=[], impliedElements=[]}
       \-[FROM_FRAGMENT] FromElement: 'EmployeeInfo' FromElement{explicit,not a collection join,not a fetch join,fetch non-lazy properties,classAlias=null,role=null,tableName=EmployeeInfo,tableAlias=employeein0_,origin=null,columns={,className=org.hibernate.test.orphan.one2one.pk.bidirectional.EmployeeInfo}}

14:17:44,700 DEBUG ErrorCounter:82 - throwQueryException() : no errors
14:17:44,700 DEBUG ErrorCounter:82 - throwQueryException() : no errors
14:17:44,700 DEBUG SQL:104 - 
    delete 
    from
        EmployeeInfo
14:17:44,701 DEBUG QueryTranslatorImpl:265 - parse() - HQL: delete org.hibernate.test.orphan.one2one.pk.bidirectional.Employee
14:17:44,701 DEBUG QueryTranslatorImpl:283 - --- HQL AST ---
 \-[DELETE] Node: 'delete'
    \-[FROM] Node: 'FROM'
       \-[RANGE] Node: 'RANGE'
          \-[DOT] Node: '.'
             +-[DOT] Node: '.'
             |  +-[DOT] Node: '.'
             |  |  +-[DOT] Node: '.'
             |  |  |  +-[DOT] Node: '.'
             |  |  |  |  +-[DOT] Node: '.'
             |  |  |  |  |  +-[DOT] Node: '.'
             |  |  |  |  |  |  +-[IDENT] Node: 'org'
             |  |  |  |  |  |  \-[IDENT] Node: 'hibernate'
             |  |  |  |  |  \-[IDENT] Node: 'test'
             |  |  |  |  \-[IDENT] Node: 'orphan'
             |  |  |  \-[IDENT] Node: 'one2one'
             |  |  \-[IDENT] Node: 'pk'
             |  \-[IDENT] Node: 'bidirectional'
             \-[IDENT] Node: 'Employee'

14:17:44,701 DEBUG ErrorCounter:82 - throwQueryException() : no errors
14:17:44,701 DEBUG FromElement:157 - FromClause{level=1} : org.hibernate.test.orphan.one2one.pk.bidirectional.Employee (<no alias>) -> employee0_
14:17:44,702 DEBUG QueryTranslatorImpl:252 - --- SQL AST ---
 \-[DELETE] DeleteStatement: 'delete'  querySpaces (Employee)
    \-[FROM] FromClause: 'FROM' FromClause{level=1, fromElementCounter=1, fromElements=1, fromElementByClassAlias=[], fromElementByTableAlias=[employee0_], fromElementsByPath=[], collectionJoinFromElementsByPath=[], impliedElements=[]}
       \-[FROM_FRAGMENT] FromElement: 'Employee' FromElement{explicit,not a collection join,not a fetch join,fetch non-lazy properties,classAlias=null,role=null,tableName=Employee,tableAlias=employee0_,origin=null,columns={,className=org.hibernate.test.orphan.one2one.pk.bidirectional.Employee}}

14:17:44,702 DEBUG ErrorCounter:82 - throwQueryException() : no errors
14:17:44,702 DEBUG ErrorCounter:82 - throwQueryException() : no errors
14:17:44,702 DEBUG SQL:104 - 
    delete 
    from
        Employee
14:17:44,703  INFO SchemaExport:343 - HHH000227: Running hbm2ddl schema export
14:17:44,703 DEBUG SchemaExport:353 - Import file not found: /import.sql
14:17:44,703 DEBUG SQL:104 - 
    alter table EmployeeInfo 
        drop constraint FKA2C20C9C1C40DD43
14:17:44,704 DEBUG SQL:104 - 
    drop table Employee if exists
14:17:44,704 DEBUG SQL:104 - 
    drop table EmployeeInfo if exists
14:17:44,704  INFO SchemaExport:405 - HHH000230: Schema export complete
14:17:44,704  INFO DriverManagerConnectionProviderImpl:162 - HHH000030: Cleaning up connection pool [jdbc:h2:mem:db1;DB_CLOSE_DELAY=-1;MVCC=TRUE]
]]></system-out>
  <system-err><![CDATA[]]></system-err>
</testsuite>
