<?xml version="1.0" encoding="UTF-8"?>
<testsuite errors="0" failures="0" hostname="dhcp-10.15.208.168.stl.redhat.com" name="org.hibernate.test.criteria.ComplexJoinAliasTest" tests="1" time="0.042" timestamp="2013-02-28T20:12:02">
  <properties />
  <testcase classname="org.hibernate.test.criteria.ComplexJoinAliasTest" name="testCriteriaThroughCompositeId" time="0.003" />
  <system-out><![CDATA[14:12:02,475  INFO CustomRunner:132 - BeforeClass: org.hibernate.test.criteria.ComplexJoinAliasTest
14:12:02,488  WARN RootClass:288 - HHH000038: Composite-id class does not override equals(): org.hibernate.test.criteria.ListActionRole
14:12:02,488  INFO DriverManagerConnectionProviderImpl:99 - HHH000402: Using Hibernate built-in connection pool (not for production use!)
14:12:02,489  INFO DriverManagerConnectionProviderImpl:135 - HHH000115: Hibernate connection pool size: 5
14:12:02,489  INFO DriverManagerConnectionProviderImpl:138 - HHH000006: Autocommit mode: false
14:12:02,489  INFO DriverManagerConnectionProviderImpl:153 - HHH000401: using driver [org.h2.Driver] at URL [jdbc:h2:mem:db1;DB_CLOSE_DELAY=-1;MVCC=TRUE]
14:12:02,489  INFO DriverManagerConnectionProviderImpl:158 - HHH000046: Connection properties: {user=sa}
14:12:02,492  INFO Dialect:103 - HHH000400: Using dialect: org.hibernate.dialect.H2Dialect
14:12:02,492  INFO LobCreatorBuilder:94 - HHH000423: Disabling contextual LOB creation as JDBC driver reported JDBC version [3] less than 4
14:12:02,493  INFO TransactionFactoryInitiator:66 - HHH000399: Using default transaction strategy (direct JDBC transactions)
14:12:02,494  INFO ASTQueryTranslatorFactory:48 - HHH000397: Using ASTQueryTranslatorFactory
14:12:02,494  WARN CachingRegionFactory:58 - CachingRegionFactory should be only used for testing.
14:12:02,506  INFO SchemaExport:343 - HHH000227: Running hbm2ddl schema export
14:12:02,507 DEBUG SchemaExport:353 - Import file not found: /import.sql
14:12:02,507 DEBUG SQL:104 - 
    alter table ListActionRole 
        drop constraint FKB336132A84F88765
14:12:02,507 ERROR SchemaExport:425 - HHH000389: Unsuccessful: alter table ListActionRole drop constraint FKB336132A84F88765
14:12:02,507 ERROR SchemaExport:426 - Table "LISTACTIONROLE" not found; SQL statement:

    alter table ListActionRole 
        drop constraint FKB336132A84F88765 [42102-145]
14:12:02,507 DEBUG SQL:104 - 
    drop table ListActionRole if exists
14:12:02,508 DEBUG SQL:104 - 
    drop table roles if exists
14:12:02,508 DEBUG SQL:104 - 
    create table ListActionRole (
        roleCode varchar(255) not null,
        isDeleted boolean not null,
        recordVersion bigint not null,
        role_code varchar(255) not null,
        primary key (roleCode, role_code, isDeleted, recordVersion)
    )
14:12:02,508 DEBUG SQL:104 - 
    create table roles (
        code varchar(255) not null,
        isDeleted boolean,
        recordVersion bigint,
        primary key (code)
    )
14:12:02,508 DEBUG SQL:104 - 
    alter table ListActionRole 
        add constraint FKB336132A84F88765 
        foreign key (role_code) 
        references roles
14:12:02,509  INFO SchemaExport:405 - HHH000230: Schema export complete
14:12:02,510  WARN SessionFactoryImpl:1554 - HHH000008: JTASessionContext being used with JDBCTransactionFactory; auto-flush will not operate correctly with getCurrentSession()
14:12:02,510  INFO CustomRunner:139 - Test: testCriteriaThroughCompositeId
14:12:02,511 DEBUG SQL:104 - 
    select
        this_.roleCode as roleCode0_1_,
        this_.role_code as role4_0_1_,
        this_.isDeleted as isDeleted0_1_,
        this_.recordVersion as recordVe3_0_1_,
        role1_.code as code1_0_,
        role1_.isDeleted as isDeleted1_0_,
        role1_.recordVersion as recordVe3_1_0_ 
    from
        ListActionRole this_ 
    inner join
        roles role1_ 
            on this_.role_code=role1_.code 
    where
        this_.isDeleted=? 
        and role1_.isDeleted=?
14:12:02,513  INFO SchemaExport:343 - HHH000227: Running hbm2ddl schema export
14:12:02,514 DEBUG SchemaExport:353 - Import file not found: /import.sql
14:12:02,514 DEBUG SQL:104 - 
    alter table ListActionRole 
        drop constraint FKB336132A84F88765
14:12:02,514 DEBUG SQL:104 - 
    drop table ListActionRole if exists
14:12:02,514 DEBUG SQL:104 - 
    drop table roles if exists
14:12:02,514  INFO SchemaExport:405 - HHH000230: Schema export complete
14:12:02,515  INFO DriverManagerConnectionProviderImpl:162 - HHH000030: Cleaning up connection pool [jdbc:h2:mem:db1;DB_CLOSE_DELAY=-1;MVCC=TRUE]
]]></system-out>
  <system-err><![CDATA[]]></system-err>
</testsuite>
