<?xml version="1.0" encoding="UTF-8"?>
<testsuite errors="0" failures="0" hostname="dhcp-10.15.208.168.stl.redhat.com" name="org.hibernate.test.cache.ReferenceCacheTest" tests="1" time="0.05" timestamp="2013-02-28T20:11:39">
  <properties />
  <testcase classname="org.hibernate.test.cache.ReferenceCacheTest" name="testUseOfDirectReferencesInCache" time="0.007" />
  <system-out><![CDATA[14:11:39,806  INFO CustomRunner:132 - BeforeClass: org.hibernate.test.cache.ReferenceCacheTest
14:11:39,814  INFO DriverManagerConnectionProviderImpl:99 - HHH000402: Using Hibernate built-in connection pool (not for production use!)
14:11:39,815  INFO DriverManagerConnectionProviderImpl:135 - HHH000115: Hibernate connection pool size: 5
14:11:39,815  INFO DriverManagerConnectionProviderImpl:138 - HHH000006: Autocommit mode: false
14:11:39,815  INFO DriverManagerConnectionProviderImpl:153 - HHH000401: using driver [org.h2.Driver] at URL [jdbc:h2:mem:db1;DB_CLOSE_DELAY=-1;MVCC=TRUE]
14:11:39,815  INFO DriverManagerConnectionProviderImpl:158 - HHH000046: Connection properties: {user=sa}
14:11:39,818  INFO Dialect:103 - HHH000400: Using dialect: org.hibernate.dialect.H2Dialect
14:11:39,819  INFO LobCreatorBuilder:94 - HHH000423: Disabling contextual LOB creation as JDBC driver reported JDBC version [3] less than 4
14:11:39,819  INFO TransactionFactoryInitiator:66 - HHH000399: Using default transaction strategy (direct JDBC transactions)
14:11:39,820  INFO ASTQueryTranslatorFactory:48 - HHH000397: Using ASTQueryTranslatorFactory
14:11:39,820  WARN CachingRegionFactory:58 - CachingRegionFactory should be only used for testing.
14:11:39,840  INFO SchemaExport:343 - HHH000227: Running hbm2ddl schema export
14:11:39,841 DEBUG SchemaExport:353 - Import file not found: /import.sql
14:11:39,841 DEBUG SQL:104 - 
    drop table MyReferenceData if exists
14:11:39,842 DEBUG SQL:104 - 
    create table MyReferenceData (
        id integer not null,
        name varchar(255),
        theValue varchar(255),
        primary key (id)
    )
14:11:39,842  INFO SchemaExport:405 - HHH000230: Schema export complete
14:11:39,843  WARN SessionFactoryImpl:1554 - HHH000008: JTASessionContext being used with JDBCTransactionFactory; auto-flush will not operate correctly with getCurrentSession()
14:11:39,843  INFO CustomRunner:139 - Test: testUseOfDirectReferencesInCache
14:11:39,847 DEBUG SQL:104 - 
    insert 
    into
        MyReferenceData
        (name, theValue, id) 
    values
        (?, ?, ?)
14:11:39,848 DEBUG BaseGeneralDataRegion:59 - Caching[hibernate.test.org.hibernate.test.cache.ReferenceCacheTest$MyReferenceData] : [org.hibernate.test.cache.ReferenceCacheTest$MyReferenceData#1] -> [org.hibernate.cache.spi.entry.ReferenceCacheEntryImpl@349df4fd]
14:11:39,849 DEBUG BaseGeneralDataRegion:46 - Cache[hibernate.test.org.hibernate.test.cache.ReferenceCacheTest$MyReferenceData] lookup : key[org.hibernate.test.cache.ReferenceCacheTest$MyReferenceData#1]
14:11:39,849 DEBUG BaseGeneralDataRegion:52 - Cache[hibernate.test.org.hibernate.test.cache.ReferenceCacheTest$MyReferenceData] hit: org.hibernate.test.cache.ReferenceCacheTest$MyReferenceData#1
14:11:39,849 DEBUG BaseGeneralDataRegion:46 - Cache[hibernate.test.org.hibernate.test.cache.ReferenceCacheTest$MyReferenceData] lookup : key[org.hibernate.test.cache.ReferenceCacheTest$MyReferenceData#1]
14:11:39,849 DEBUG BaseGeneralDataRegion:52 - Cache[hibernate.test.org.hibernate.test.cache.ReferenceCacheTest$MyReferenceData] hit: org.hibernate.test.cache.ReferenceCacheTest$MyReferenceData#1
14:11:39,849 DEBUG SQL:104 - 
    delete 
    from
        MyReferenceData 
    where
        id=?
14:11:39,850 DEBUG BaseGeneralDataRegion:69 - Evicting[hibernate.test.org.hibernate.test.cache.ReferenceCacheTest$MyReferenceData]: org.hibernate.test.cache.ReferenceCacheTest$MyReferenceData#1
14:11:39,851  INFO SchemaExport:343 - HHH000227: Running hbm2ddl schema export
14:11:39,852 DEBUG SchemaExport:353 - Import file not found: /import.sql
14:11:39,852 DEBUG SQL:104 - 
    drop table MyReferenceData if exists
14:11:39,852  INFO SchemaExport:405 - HHH000230: Schema export complete
14:11:39,852  INFO DriverManagerConnectionProviderImpl:162 - HHH000030: Cleaning up connection pool [jdbc:h2:mem:db1;DB_CLOSE_DELAY=-1;MVCC=TRUE]
]]></system-out>
  <system-err><![CDATA[]]></system-err>
</testsuite>
