<?xml version="1.0" encoding="UTF-8"?>
<testsuite errors="0" failures="0" hostname="dhcp-10.15.208.168.stl.redhat.com" name="org.hibernate.test.optlock.OptimisticLockTest" tests="4" time="0.146" timestamp="2013-02-28T20:17:43">
  <properties />
  <testcase classname="org.hibernate.test.optlock.OptimisticLockTest" name="testOptimisticLockAll" time="0.027" />
  <testcase classname="org.hibernate.test.optlock.OptimisticLockTest" name="testOptimisticLockAllDelete" time="0.006" />
  <testcase classname="org.hibernate.test.optlock.OptimisticLockTest" name="testOptimisticLockDirty" time="0.004" />
  <testcase classname="org.hibernate.test.optlock.OptimisticLockTest" name="testOptimisticLockDirtyDelete" time="0.007" />
  <system-out><![CDATA[14:17:43,685  INFO CustomRunner:132 - BeforeClass: org.hibernate.test.optlock.OptimisticLockTest
14:17:43,687  INFO Configuration:706 - HHH000221: Reading mappings from resource: org/hibernate/test/optlock/Document.hbm.xml
14:17:43,736  INFO DriverManagerConnectionProviderImpl:99 - HHH000402: Using Hibernate built-in connection pool (not for production use!)
14:17:43,737  INFO DriverManagerConnectionProviderImpl:135 - HHH000115: Hibernate connection pool size: 5
14:17:43,738  INFO DriverManagerConnectionProviderImpl:138 - HHH000006: Autocommit mode: false
14:17:43,738  INFO DriverManagerConnectionProviderImpl:153 - HHH000401: using driver [org.h2.Driver] at URL [jdbc:h2:mem:db1;DB_CLOSE_DELAY=-1;MVCC=TRUE]
14:17:43,738  INFO DriverManagerConnectionProviderImpl:158 - HHH000046: Connection properties: {user=sa}
14:17:43,740  INFO Dialect:103 - HHH000400: Using dialect: org.hibernate.dialect.H2Dialect
14:17:43,740  INFO LobCreatorBuilder:94 - HHH000423: Disabling contextual LOB creation as JDBC driver reported JDBC version [3] less than 4
14:17:43,741  INFO TransactionFactoryInitiator:66 - HHH000399: Using default transaction strategy (direct JDBC transactions)
14:17:43,742  INFO ASTQueryTranslatorFactory:48 - HHH000397: Using ASTQueryTranslatorFactory
14:17:43,742  WARN CachingRegionFactory:58 - CachingRegionFactory should be only used for testing.
14:17:43,754  INFO SchemaExport:343 - HHH000227: Running hbm2ddl schema export
14:17:43,754 DEBUG SchemaExport:353 - Import file not found: /import.sql
14:17:43,755 DEBUG SQL:104 - 
    drop table Document if exists
14:17:43,755 DEBUG SQL:104 - 
    create table Document (
        id bigint generated by default as identity,
        title varchar(255),
        author varchar(255),
        year integer not null,
        month integer,
        summary varchar(255),
        totalSales integer,
        "text" varchar(255),
        primary key (id)
    )
14:17:43,756  INFO SchemaExport:405 - HHH000230: Schema export complete
14:17:43,756  WARN SessionFactoryImpl:1554 - HHH000008: JTASessionContext being used with JDBCTransactionFactory; auto-flush will not operate correctly with getCurrentSession()
14:17:43,757  INFO CustomRunner:139 - Test: testOptimisticLockAll
14:17:43,758 DEBUG SQL:104 - 
    insert 
    into
        Document
        (id, title, author, year, month, summary, totalSales, "text") 
    values
        (null, ?, ?, ?, ?, ?, ?, ?)
14:17:43,759 DEBUG SQL:104 - 
    select
        lockall0_.id as id0_0_,
        lockall0_.title as title0_0_,
        lockall0_.author as author0_0_,
        lockall0_.year as year0_0_,
        lockall0_.month as month0_0_,
        lockall0_.summary as summary0_0_,
        lockall0_.totalSales as totalSales0_0_,
        lockall0_."text" as text8_0_0_ 
    from
        Document lockall0_ 
    where
        lockall0_.id=?
14:17:43,760 DEBUG SQL:104 - 
    select
        lockall0_.id as id0_0_,
        lockall0_.title as title0_0_,
        lockall0_.author as author0_0_,
        lockall0_.year as year0_0_,
        lockall0_.month as month0_0_,
        lockall0_.summary as summary0_0_,
        lockall0_.totalSales as totalSales0_0_,
        lockall0_."text" as text8_0_0_ 
    from
        Document lockall0_ 
    where
        lockall0_.id=?
14:17:43,778 DEBUG SQL:104 - 
    update
        Document 
    set
        summary=? 
    where
        id=? 
        and title=? 
        and author=? 
        and year=? 
        and month is null 
        and summary=? 
        and "text"=?
14:17:43,780 DEBUG SQL:104 - 
    update
        Document 
    set
        summary=? 
    where
        id=? 
        and title=? 
        and author=? 
        and year=? 
        and month is null 
        and summary=? 
        and "text"=?
14:17:43,781  INFO AbstractBatchImpl:195 - HHH000010: On release of batch it still contained JDBC statements
14:17:43,782 DEBUG SQL:104 - 
    select
        lockall0_.id as id0_0_,
        lockall0_.title as title0_0_,
        lockall0_.author as author0_0_,
        lockall0_.year as year0_0_,
        lockall0_.month as month0_0_,
        lockall0_.summary as summary0_0_,
        lockall0_.totalSales as totalSales0_0_,
        lockall0_."text" as text8_0_0_ 
    from
        Document lockall0_ 
    where
        lockall0_.id=?
14:17:43,782 DEBUG SQL:104 - 
    delete 
    from
        Document 
    where
        id=? 
        and title = ? 
        and author = ? 
        and year = ? 
        and month is null 
        and summary = ? 
        and "text" = ?
14:17:43,784  INFO CustomRunner:139 - Test: testOptimisticLockAllDelete
14:17:43,785 DEBUG SQL:104 - 
    insert 
    into
        Document
        (id, title, author, year, month, summary, totalSales, "text") 
    values
        (null, ?, ?, ?, ?, ?, ?, ?)
14:17:43,786 DEBUG SQL:104 - 
    update
        Document 
    set
        summary=? 
    where
        id=? 
        and title=? 
        and author=? 
        and year=? 
        and month is null 
        and summary=? 
        and "text"=?
14:17:43,787 DEBUG SQL:104 - 
    update
        Document 
    set
        year=?,
        month=? 
    where
        id=? 
        and title=? 
        and author=? 
        and year=? 
        and month is null 
        and summary=? 
        and "text"=?
14:17:43,787 DEBUG SQL:104 - 
    select
        lockall0_.id as id0_0_,
        lockall0_.title as title0_0_,
        lockall0_.author as author0_0_,
        lockall0_.year as year0_0_,
        lockall0_.month as month0_0_,
        lockall0_.summary as summary0_0_,
        lockall0_.totalSales as totalSales0_0_,
        lockall0_."text" as text8_0_0_ 
    from
        Document lockall0_ 
    where
        lockall0_.id=?
14:17:43,788 DEBUG SQL:104 - 
    select
        lockall0_.id as id0_0_,
        lockall0_.title as title0_0_,
        lockall0_.author as author0_0_,
        lockall0_.year as year0_0_,
        lockall0_.month as month0_0_,
        lockall0_.summary as summary0_0_,
        lockall0_.totalSales as totalSales0_0_,
        lockall0_."text" as text8_0_0_ 
    from
        Document lockall0_ 
    where
        lockall0_.id=?
14:17:43,789 DEBUG SQL:104 - 
    update
        Document 
    set
        summary=? 
    where
        id=? 
        and title=? 
        and author=? 
        and year=? 
        and month=? 
        and summary=? 
        and "text"=?
14:17:43,789 DEBUG SQL:104 - 
    delete 
    from
        Document 
    where
        id=? 
        and title = ? 
        and author = ? 
        and year = ? 
        and month = ? 
        and summary = ? 
        and "text" = ?
14:17:43,790  INFO AbstractBatchImpl:195 - HHH000010: On release of batch it still contained JDBC statements
14:17:43,790 DEBUG SQL:104 - 
    select
        lockall0_.id as id0_0_,
        lockall0_.title as title0_0_,
        lockall0_.author as author0_0_,
        lockall0_.year as year0_0_,
        lockall0_.month as month0_0_,
        lockall0_.summary as summary0_0_,
        lockall0_.totalSales as totalSales0_0_,
        lockall0_."text" as text8_0_0_ 
    from
        Document lockall0_ 
    where
        lockall0_.id=?
14:17:43,790 DEBUG SQL:104 - 
    delete 
    from
        Document 
    where
        id=? 
        and title = ? 
        and author = ? 
        and year = ? 
        and month = ? 
        and summary = ? 
        and "text" = ?
14:17:43,792  INFO CustomRunner:139 - Test: testOptimisticLockDirty
14:17:43,793 DEBUG SQL:104 - 
    insert 
    into
        Document
        (id, title, author, year, month, summary, totalSales, "text") 
    values
        (null, ?, ?, ?, ?, ?, ?, ?)
14:17:43,794 DEBUG SQL:104 - 
    select
        lockdirty0_.id as id0_0_,
        lockdirty0_.title as title0_0_,
        lockdirty0_.author as author0_0_,
        lockdirty0_.year as year0_0_,
        lockdirty0_.month as month0_0_,
        lockdirty0_.summary as summary0_0_,
        lockdirty0_.totalSales as totalSales0_0_,
        lockdirty0_."text" as text8_0_0_ 
    from
        Document lockdirty0_ 
    where
        lockdirty0_.id=?
14:17:43,794 DEBUG SQL:104 - 
    select
        lockdirty0_.id as id0_0_,
        lockdirty0_.title as title0_0_,
        lockdirty0_.author as author0_0_,
        lockdirty0_.year as year0_0_,
        lockdirty0_.month as month0_0_,
        lockdirty0_.summary as summary0_0_,
        lockdirty0_.totalSales as totalSales0_0_,
        lockdirty0_."text" as text8_0_0_ 
    from
        Document lockdirty0_ 
    where
        lockdirty0_.id=?
14:17:43,795 DEBUG SQL:104 - 
    update
        Document 
    set
        summary=? 
    where
        id=? 
        and summary=?
14:17:43,795 DEBUG SQL:104 - 
    update
        Document 
    set
        summary=? 
    where
        id=? 
        and summary=?
14:17:43,795  INFO AbstractBatchImpl:195 - HHH000010: On release of batch it still contained JDBC statements
14:17:43,795 DEBUG SQL:104 - 
    select
        lockdirty0_.id as id0_0_,
        lockdirty0_.title as title0_0_,
        lockdirty0_.author as author0_0_,
        lockdirty0_.year as year0_0_,
        lockdirty0_.month as month0_0_,
        lockdirty0_.summary as summary0_0_,
        lockdirty0_.totalSales as totalSales0_0_,
        lockdirty0_."text" as text8_0_0_ 
    from
        Document lockdirty0_ 
    where
        lockdirty0_.id=?
14:17:43,796 DEBUG SQL:104 - 
    delete 
    from
        Document 
    where
        id=? 
        and title = ? 
        and author = ? 
        and year = ? 
        and month is null 
        and summary = ? 
        and "text" = ?
14:17:43,797  INFO CustomRunner:139 - Test: testOptimisticLockDirtyDelete
14:17:43,799 DEBUG SQL:104 - 
    insert 
    into
        Document
        (id, title, author, year, month, summary, totalSales, "text") 
    values
        (null, ?, ?, ?, ?, ?, ?, ?)
14:17:43,800 DEBUG SQL:104 - 
    update
        Document 
    set
        summary=? 
    where
        id=? 
        and summary=?
14:17:43,800 DEBUG SQL:104 - 
    update
        Document 
    set
        year=?,
        month=? 
    where
        id=? 
        and year=? 
        and month is null
14:17:43,800 DEBUG SQL:104 - 
    select
        lockdirty0_.id as id0_0_,
        lockdirty0_.title as title0_0_,
        lockdirty0_.author as author0_0_,
        lockdirty0_.year as year0_0_,
        lockdirty0_.month as month0_0_,
        lockdirty0_.summary as summary0_0_,
        lockdirty0_.totalSales as totalSales0_0_,
        lockdirty0_."text" as text8_0_0_ 
    from
        Document lockdirty0_ 
    where
        lockdirty0_.id=?
14:17:43,801 DEBUG SQL:104 - 
    select
        lockdirty0_.id as id0_0_,
        lockdirty0_.title as title0_0_,
        lockdirty0_.author as author0_0_,
        lockdirty0_.year as year0_0_,
        lockdirty0_.month as month0_0_,
        lockdirty0_.summary as summary0_0_,
        lockdirty0_.totalSales as totalSales0_0_,
        lockdirty0_."text" as text8_0_0_ 
    from
        Document lockdirty0_ 
    where
        lockdirty0_.id=?
14:17:43,801 DEBUG SQL:104 - 
    update
        Document 
    set
        summary=? 
    where
        id=? 
        and summary=?
14:17:43,802 DEBUG SQL:104 - 
    delete 
    from
        Document 
    where
        id=? 
        and title = ? 
        and author = ? 
        and year = ? 
        and month = ? 
        and summary = ? 
        and "text" = ?
14:17:43,802  INFO AbstractBatchImpl:195 - HHH000010: On release of batch it still contained JDBC statements
14:17:43,802 DEBUG SQL:104 - 
    select
        lockdirty0_.id as id0_0_,
        lockdirty0_.title as title0_0_,
        lockdirty0_.author as author0_0_,
        lockdirty0_.year as year0_0_,
        lockdirty0_.month as month0_0_,
        lockdirty0_.summary as summary0_0_,
        lockdirty0_.totalSales as totalSales0_0_,
        lockdirty0_."text" as text8_0_0_ 
    from
        Document lockdirty0_ 
    where
        lockdirty0_.id=?
14:17:43,803 DEBUG SQL:104 - 
    delete 
    from
        Document 
    where
        id=? 
        and title = ? 
        and author = ? 
        and year = ? 
        and month = ? 
        and summary = ? 
        and "text" = ?
14:17:43,804  INFO SchemaExport:343 - HHH000227: Running hbm2ddl schema export
14:17:43,804 DEBUG SchemaExport:353 - Import file not found: /import.sql
14:17:43,805 DEBUG SQL:104 - 
    drop table Document if exists
14:17:43,805  INFO SchemaExport:405 - HHH000230: Schema export complete
14:17:43,805  INFO DriverManagerConnectionProviderImpl:162 - HHH000030: Cleaning up connection pool [jdbc:h2:mem:db1;DB_CLOSE_DELAY=-1;MVCC=TRUE]
]]></system-out>
  <system-err><![CDATA[]]></system-err>
</testsuite>
