<?xml version="1.0" encoding="UTF-8"?>
<testsuite errors="0" failures="0" hostname="dhcp-10.15.208.168.stl.redhat.com" name="org.hibernate.test.orphan.OrphanTest" tests="8" time="0.153" timestamp="2013-02-28T20:17:43">
  <properties />
  <testcase classname="org.hibernate.test.orphan.OrphanTest" name="testOrphanDelete" time="0.006" />
  <testcase classname="org.hibernate.test.orphan.OrphanTest" name="testOrphanDeleteAfterLock" time="0.007" />
  <testcase classname="org.hibernate.test.orphan.OrphanTest" name="testOrphanDeleteAfterPersist" time="0.005" />
  <testcase classname="org.hibernate.test.orphan.OrphanTest" name="testOrphanDeleteAfterPersistAndFlush" time="0.004" />
  <testcase classname="org.hibernate.test.orphan.OrphanTest" name="testOrphanDeleteOnDelete" time="0.004" />
  <testcase classname="org.hibernate.test.orphan.OrphanTest" name="testOrphanDeleteOnMerge" time="0.005" />
  <testcase classname="org.hibernate.test.orphan.OrphanTest" name="testOrphanDeleteOnSaveOrUpdate" time="0.022" />
  <testcase classname="org.hibernate.test.orphan.OrphanTest" name="testOrphanDeleteOnSaveOrUpdateAfterSerialization" time="0.037" />
  <system-out><![CDATA[14:17:43,851  INFO CustomRunner:132 - BeforeClass: org.hibernate.test.orphan.OrphanTest
14:17:43,853  INFO Configuration:706 - HHH000221: Reading mappings from resource: org/hibernate/test/orphan/Product.hbm.xml
14:17:43,889  INFO DriverManagerConnectionProviderImpl:99 - HHH000402: Using Hibernate built-in connection pool (not for production use!)
14:17:43,889  INFO DriverManagerConnectionProviderImpl:135 - HHH000115: Hibernate connection pool size: 5
14:17:43,890  INFO DriverManagerConnectionProviderImpl:138 - HHH000006: Autocommit mode: false
14:17:43,890  INFO DriverManagerConnectionProviderImpl:153 - HHH000401: using driver [org.h2.Driver] at URL [jdbc:h2:mem:db1;DB_CLOSE_DELAY=-1;MVCC=TRUE]
14:17:43,890  INFO DriverManagerConnectionProviderImpl:158 - HHH000046: Connection properties: {user=sa}
14:17:43,891  INFO Dialect:103 - HHH000400: Using dialect: org.hibernate.dialect.H2Dialect
14:17:43,892  INFO LobCreatorBuilder:94 - HHH000423: Disabling contextual LOB creation as JDBC driver reported JDBC version [3] less than 4
14:17:43,892  INFO TransactionFactoryInitiator:66 - HHH000399: Using default transaction strategy (direct JDBC transactions)
14:17:43,892  INFO ASTQueryTranslatorFactory:48 - HHH000397: Using ASTQueryTranslatorFactory
14:17:43,893  WARN CachingRegionFactory:58 - CachingRegionFactory should be only used for testing.
14:17:43,902  INFO SchemaExport:343 - HHH000227: Running hbm2ddl schema export
14:17:43,903 DEBUG SchemaExport:353 - Import file not found: /import.sql
14:17:43,903 DEBUG SQL:104 - 
    alter table t_part 
        drop constraint FKCB6144DE6028119
14:17:43,904 ERROR SchemaExport:425 - HHH000389: Unsuccessful: alter table t_part drop constraint FKCB6144DE6028119
14:17:43,904 ERROR SchemaExport:426 - Table "T_PART" not found; SQL statement:

    alter table t_part 
        drop constraint FKCB6144DE6028119 [42102-145]
14:17:43,904 DEBUG SQL:104 - 
    drop table t_part if exists
14:17:43,904 DEBUG SQL:104 - 
    drop table t_product if exists
14:17:43,904 DEBUG SQL:104 - 
    create table t_part (
        name varchar(255) not null,
        description varchar(255) not null,
        productName varchar(255) not null,
        primary key (name)
    )
14:17:43,905 DEBUG SQL:104 - 
    create table t_product (
        name varchar(255) not null,
        primary key (name)
    )
14:17:43,905 DEBUG SQL:104 - 
    alter table t_part 
        add constraint FKCB6144DE6028119 
        foreign key (productName) 
        references t_product
14:17:43,906  INFO SchemaExport:405 - HHH000230: Schema export complete
14:17:43,907  WARN SessionFactoryImpl:1554 - HHH000008: JTASessionContext being used with JDBCTransactionFactory; auto-flush will not operate correctly with getCurrentSession()
14:17:43,907  INFO CustomRunner:139 - Test: testOrphanDelete
14:17:43,908 DEBUG SQL:104 - 
    insert 
    into
        t_product
        (name) 
    values
        (?)
14:17:43,909 DEBUG SQL:104 - 
    insert 
    into
        t_part
        (description, productName, name) 
    values
        (?, ?, ?)
14:17:43,909 DEBUG SQL:104 - 
    insert 
    into
        t_part
        (description, productName, name) 
    values
        (?, ?, ?)
14:17:43,909 DEBUG SQL:104 - 
    update
        t_part 
    set
        productName=? 
    where
        name=?
14:17:43,910 DEBUG SQL:104 - 
    update
        t_part 
    set
        productName=? 
    where
        name=?
14:17:43,910 DEBUG SQL:104 - 
    select
        product0_.name as name1_1_,
        parts1_.productName as productN3_1_3_,
        parts1_.name as name0_3_,
        parts1_.name as name0_0_,
        parts1_.description as descript2_0_0_ 
    from
        t_product product0_ 
    left outer join
        t_part parts1_ 
            on product0_.name=parts1_.productName 
    where
        product0_.name=?
14:17:43,911 DEBUG SQL:104 - 
    delete 
    from
        t_part 
    where
        name=?
14:17:43,911 DEBUG SQL:104 - 
    select
        part0_.name as name0_0_,
        part0_.description as descript2_0_0_ 
    from
        t_part part0_ 
    where
        part0_.name=?
14:17:43,911 DEBUG SQL:104 - 
    select
        part0_.name as name0_0_,
        part0_.description as descript2_0_0_ 
    from
        t_part part0_ 
    where
        part0_.name=?
14:17:43,912 DEBUG SQL:104 - 
    select
        product0_.name as name1_1_,
        parts1_.productName as productN3_1_3_,
        parts1_.name as name0_3_,
        parts1_.name as name0_0_,
        parts1_.description as descript2_0_0_ 
    from
        t_product product0_ 
    left outer join
        t_part parts1_ 
            on product0_.name=parts1_.productName 
    where
        product0_.name=?
14:17:43,912 DEBUG SQL:104 - 
    delete 
    from
        t_part 
    where
        name=?
14:17:43,912 DEBUG SQL:104 - 
    delete 
    from
        t_product 
    where
        name=?
14:17:43,913  INFO CustomRunner:139 - Test: testOrphanDeleteAfterLock
14:17:43,915 DEBUG SQL:104 - 
    insert 
    into
        t_product
        (name) 
    values
        (?)
14:17:43,916 DEBUG SQL:104 - 
    insert 
    into
        t_part
        (description, productName, name) 
    values
        (?, ?, ?)
14:17:43,916 DEBUG SQL:104 - 
    insert 
    into
        t_part
        (description, productName, name) 
    values
        (?, ?, ?)
14:17:43,916 DEBUG SQL:104 - 
    update
        t_part 
    set
        productName=? 
    where
        name=?
14:17:43,916 DEBUG SQL:104 - 
    update
        t_part 
    set
        productName=? 
    where
        name=?
14:17:43,917 DEBUG SQL:104 - 
    select
        name 
    from
        t_product 
    where
        name =?
14:17:43,917 DEBUG SQL:104 - 
    delete 
    from
        t_part 
    where
        name=?
14:17:43,918 DEBUG SQL:104 - 
    select
        part0_.name as name0_0_,
        part0_.description as descript2_0_0_ 
    from
        t_part part0_ 
    where
        part0_.name=?
14:17:43,918 DEBUG SQL:104 - 
    select
        part0_.name as name0_0_,
        part0_.description as descript2_0_0_ 
    from
        t_part part0_ 
    where
        part0_.name=?
14:17:43,918 DEBUG SQL:104 - 
    select
        product0_.name as name1_1_,
        parts1_.productName as productN3_1_3_,
        parts1_.name as name0_3_,
        parts1_.name as name0_0_,
        parts1_.description as descript2_0_0_ 
    from
        t_product product0_ 
    left outer join
        t_part parts1_ 
            on product0_.name=parts1_.productName 
    where
        product0_.name=?
14:17:43,919 DEBUG SQL:104 - 
    delete 
    from
        t_part 
    where
        name=?
14:17:43,919 DEBUG SQL:104 - 
    delete 
    from
        t_product 
    where
        name=?
14:17:43,920  INFO CustomRunner:139 - Test: testOrphanDeleteAfterPersist
14:17:43,921 DEBUG SQL:104 - 
    insert 
    into
        t_product
        (name) 
    values
        (?)
14:17:43,922 DEBUG SQL:104 - 
    insert 
    into
        t_part
        (description, productName, name) 
    values
        (?, ?, ?)
14:17:43,922 DEBUG SQL:104 - 
    insert 
    into
        t_part
        (description, productName, name) 
    values
        (?, ?, ?)
14:17:43,922 DEBUG SQL:104 - 
    update
        t_part 
    set
        productName=? 
    where
        name=?
14:17:43,922 DEBUG SQL:104 - 
    delete 
    from
        t_part 
    where
        name=?
14:17:43,922 DEBUG SQL:104 - 
    select
        part0_.name as name0_0_,
        part0_.description as descript2_0_0_ 
    from
        t_part part0_ 
    where
        part0_.name=?
14:17:43,923 DEBUG SQL:104 - 
    select
        part0_.name as name0_0_,
        part0_.description as descript2_0_0_ 
    from
        t_part part0_ 
    where
        part0_.name=?
14:17:43,923 DEBUG SQL:104 - 
    select
        product0_.name as name1_1_,
        parts1_.productName as productN3_1_3_,
        parts1_.name as name0_3_,
        parts1_.name as name0_0_,
        parts1_.description as descript2_0_0_ 
    from
        t_product product0_ 
    left outer join
        t_part parts1_ 
            on product0_.name=parts1_.productName 
    where
        product0_.name=?
14:17:43,924 DEBUG SQL:104 - 
    delete 
    from
        t_part 
    where
        name=?
14:17:43,924 DEBUG SQL:104 - 
    delete 
    from
        t_product 
    where
        name=?
14:17:43,925  INFO CustomRunner:139 - Test: testOrphanDeleteAfterPersistAndFlush
14:17:43,926 DEBUG SQL:104 - 
    insert 
    into
        t_product
        (name) 
    values
        (?)
14:17:43,926 DEBUG SQL:104 - 
    insert 
    into
        t_part
        (description, productName, name) 
    values
        (?, ?, ?)
14:17:43,926 DEBUG SQL:104 - 
    insert 
    into
        t_part
        (description, productName, name) 
    values
        (?, ?, ?)
14:17:43,927 DEBUG SQL:104 - 
    update
        t_part 
    set
        productName=? 
    where
        name=?
14:17:43,927 DEBUG SQL:104 - 
    update
        t_part 
    set
        productName=? 
    where
        name=?
14:17:43,927 DEBUG SQL:104 - 
    delete 
    from
        t_part 
    where
        name=?
14:17:43,927 DEBUG SQL:104 - 
    select
        part0_.name as name0_0_,
        part0_.description as descript2_0_0_ 
    from
        t_part part0_ 
    where
        part0_.name=?
14:17:43,928 DEBUG SQL:104 - 
    select
        part0_.name as name0_0_,
        part0_.description as descript2_0_0_ 
    from
        t_part part0_ 
    where
        part0_.name=?
14:17:43,928 DEBUG SQL:104 - 
    select
        product0_.name as name1_1_,
        parts1_.productName as productN3_1_3_,
        parts1_.name as name0_3_,
        parts1_.name as name0_0_,
        parts1_.description as descript2_0_0_ 
    from
        t_product product0_ 
    left outer join
        t_part parts1_ 
            on product0_.name=parts1_.productName 
    where
        product0_.name=?
14:17:43,928 DEBUG SQL:104 - 
    delete 
    from
        t_part 
    where
        name=?
14:17:43,929 DEBUG SQL:104 - 
    delete 
    from
        t_product 
    where
        name=?
14:17:43,929  INFO CustomRunner:139 - Test: testOrphanDeleteOnDelete
14:17:43,931 DEBUG SQL:104 - 
    insert 
    into
        t_product
        (name) 
    values
        (?)
14:17:43,931 DEBUG SQL:104 - 
    insert 
    into
        t_part
        (description, productName, name) 
    values
        (?, ?, ?)
14:17:43,931 DEBUG SQL:104 - 
    insert 
    into
        t_part
        (description, productName, name) 
    values
        (?, ?, ?)
14:17:43,932 DEBUG SQL:104 - 
    update
        t_part 
    set
        productName=? 
    where
        name=?
14:17:43,932 DEBUG SQL:104 - 
    update
        t_part 
    set
        productName=? 
    where
        name=?
14:17:43,932 DEBUG SQL:104 - 
    delete 
    from
        t_part 
    where
        name=?
14:17:43,932 DEBUG SQL:104 - 
    delete 
    from
        t_part 
    where
        name=?
14:17:43,932 DEBUG SQL:104 - 
    delete 
    from
        t_product 
    where
        name=?
14:17:43,933 DEBUG SQL:104 - 
    select
        part0_.name as name0_0_,
        part0_.description as descript2_0_0_ 
    from
        t_part part0_ 
    where
        part0_.name=?
14:17:43,933 DEBUG SQL:104 - 
    select
        part0_.name as name0_0_,
        part0_.description as descript2_0_0_ 
    from
        t_part part0_ 
    where
        part0_.name=?
14:17:43,933 DEBUG SQL:104 - 
    select
        product0_.name as name1_1_,
        parts1_.productName as productN3_1_3_,
        parts1_.name as name0_3_,
        parts1_.name as name0_0_,
        parts1_.description as descript2_0_0_ 
    from
        t_product product0_ 
    left outer join
        t_part parts1_ 
            on product0_.name=parts1_.productName 
    where
        product0_.name=?
14:17:43,934  INFO CustomRunner:139 - Test: testOrphanDeleteOnMerge
14:17:43,935 DEBUG SQL:104 - 
    insert 
    into
        t_product
        (name) 
    values
        (?)
14:17:43,936 DEBUG SQL:104 - 
    insert 
    into
        t_part
        (description, productName, name) 
    values
        (?, ?, ?)
14:17:43,936 DEBUG SQL:104 - 
    insert 
    into
        t_part
        (description, productName, name) 
    values
        (?, ?, ?)
14:17:43,936 DEBUG SQL:104 - 
    update
        t_part 
    set
        productName=? 
    where
        name=?
14:17:43,936 DEBUG SQL:104 - 
    update
        t_part 
    set
        productName=? 
    where
        name=?
14:17:43,937 DEBUG SQL:104 - 
    select
        product0_.name as name1_1_,
        parts1_.productName as productN3_1_3_,
        parts1_.name as name0_3_,
        parts1_.name as name0_0_,
        parts1_.description as descript2_0_0_ 
    from
        t_product product0_ 
    left outer join
        t_part parts1_ 
            on product0_.name=parts1_.productName 
    where
        product0_.name=?
14:17:43,937 DEBUG SQL:104 - 
    delete 
    from
        t_part 
    where
        name=?
14:17:43,938 DEBUG SQL:104 - 
    select
        part0_.name as name0_0_,
        part0_.description as descript2_0_0_ 
    from
        t_part part0_ 
    where
        part0_.name=?
14:17:43,938 DEBUG SQL:104 - 
    select
        part0_.name as name0_0_,
        part0_.description as descript2_0_0_ 
    from
        t_part part0_ 
    where
        part0_.name=?
14:17:43,938 DEBUG SQL:104 - 
    select
        product0_.name as name1_1_,
        parts1_.productName as productN3_1_3_,
        parts1_.name as name0_3_,
        parts1_.name as name0_0_,
        parts1_.description as descript2_0_0_ 
    from
        t_product product0_ 
    left outer join
        t_part parts1_ 
            on product0_.name=parts1_.productName 
    where
        product0_.name=?
14:17:43,939 DEBUG SQL:104 - 
    delete 
    from
        t_part 
    where
        name=?
14:17:43,939 DEBUG SQL:104 - 
    delete 
    from
        t_product 
    where
        name=?
14:17:43,939  INFO CustomRunner:139 - Test: testOrphanDeleteOnSaveOrUpdate
14:17:43,940 DEBUG SQL:104 - 
    insert 
    into
        t_product
        (name) 
    values
        (?)
14:17:43,941 DEBUG SQL:104 - 
    insert 
    into
        t_part
        (description, productName, name) 
    values
        (?, ?, ?)
14:17:43,941 DEBUG SQL:104 - 
    insert 
    into
        t_part
        (description, productName, name) 
    values
        (?, ?, ?)
14:17:43,941 DEBUG SQL:104 - 
    update
        t_part 
    set
        productName=? 
    where
        name=?
14:17:43,941 DEBUG SQL:104 - 
    update
        t_part 
    set
        productName=? 
    where
        name=?
14:17:43,942 DEBUG SQL:104 - 
    select
        product_.name 
    from
        t_product product_ 
    where
        product_.name=?
14:17:43,942 DEBUG SQL:104 - 
    select
        part_.name,
        part_.description as descript2_0_ 
    from
        t_part part_ 
    where
        part_.name=?
14:17:43,942 DEBUG SQL:104 - 
    select
        part_.name,
        part_.description as descript2_0_ 
    from
        t_part part_ 
    where
        part_.name=?
14:17:43,942 DEBUG SQL:104 - 
    delete 
    from
        t_part 
    where
        name=?
14:17:43,943 DEBUG SQL:104 - 
    select
        part0_.name as name0_0_,
        part0_.description as descript2_0_0_ 
    from
        t_part part0_ 
    where
        part0_.name=?
14:17:43,943 DEBUG SQL:104 - 
    select
        part0_.name as name0_0_,
        part0_.description as descript2_0_0_ 
    from
        t_part part0_ 
    where
        part0_.name=?
14:17:43,943 DEBUG SQL:104 - 
    select
        product0_.name as name1_1_,
        parts1_.productName as productN3_1_3_,
        parts1_.name as name0_3_,
        parts1_.name as name0_0_,
        parts1_.description as descript2_0_0_ 
    from
        t_product product0_ 
    left outer join
        t_part parts1_ 
            on product0_.name=parts1_.productName 
    where
        product0_.name=?
14:17:43,944 DEBUG SQL:104 - 
    delete 
    from
        t_part 
    where
        name=?
14:17:43,944 DEBUG SQL:104 - 
    delete 
    from
        t_product 
    where
        name=?
14:17:43,962  INFO CustomRunner:139 - Test: testOrphanDeleteOnSaveOrUpdateAfterSerialization
14:17:43,964 DEBUG SQL:104 - 
    insert 
    into
        t_product
        (name) 
    values
        (?)
14:17:43,964 DEBUG SQL:104 - 
    insert 
    into
        t_part
        (description, productName, name) 
    values
        (?, ?, ?)
14:17:43,965 DEBUG SQL:104 - 
    insert 
    into
        t_part
        (description, productName, name) 
    values
        (?, ?, ?)
14:17:43,965 DEBUG SQL:104 - 
    update
        t_part 
    set
        productName=? 
    where
        name=?
14:17:43,971 DEBUG SQL:104 - 
    update
        t_part 
    set
        productName=? 
    where
        name=?
14:17:43,973 DEBUG SQL:104 - 
    select
        product_.name 
    from
        t_product product_ 
    where
        product_.name=?
14:17:43,973 DEBUG SQL:104 - 
    select
        part_.name,
        part_.description as descript2_0_ 
    from
        t_part part_ 
    where
        part_.name=?
14:17:43,973 DEBUG SQL:104 - 
    select
        part_.name,
        part_.description as descript2_0_ 
    from
        t_part part_ 
    where
        part_.name=?
14:17:43,983 DEBUG SQL:104 - 
    delete 
    from
        t_part 
    where
        name=?
14:17:43,983 DEBUG SQL:104 - 
    select
        part0_.name as name0_0_,
        part0_.description as descript2_0_0_ 
    from
        t_part part0_ 
    where
        part0_.name=?
14:17:43,985 DEBUG SQL:104 - 
    select
        part0_.name as name0_0_,
        part0_.description as descript2_0_0_ 
    from
        t_part part0_ 
    where
        part0_.name=?
14:17:43,986 DEBUG SQL:104 - 
    select
        product0_.name as name1_1_,
        parts1_.productName as productN3_1_3_,
        parts1_.name as name0_3_,
        parts1_.name as name0_0_,
        parts1_.description as descript2_0_0_ 
    from
        t_product product0_ 
    left outer join
        t_part parts1_ 
            on product0_.name=parts1_.productName 
    where
        product0_.name=?
14:17:43,998 DEBUG SQL:104 - 
    delete 
    from
        t_part 
    where
        name=?
14:17:43,998 DEBUG SQL:104 - 
    delete 
    from
        t_product 
    where
        name=?
14:17:43,999  INFO SchemaExport:343 - HHH000227: Running hbm2ddl schema export
14:17:44,000 DEBUG SchemaExport:353 - Import file not found: /import.sql
14:17:44,000 DEBUG SQL:104 - 
    alter table t_part 
        drop constraint FKCB6144DE6028119
14:17:44,000 DEBUG SQL:104 - 
    drop table t_part if exists
14:17:44,000 DEBUG SQL:104 - 
    drop table t_product if exists
14:17:44,000  INFO SchemaExport:405 - HHH000230: Schema export complete
14:17:44,001  INFO DriverManagerConnectionProviderImpl:162 - HHH000030: Cleaning up connection pool [jdbc:h2:mem:db1;DB_CLOSE_DELAY=-1;MVCC=TRUE]
]]></system-out>
  <system-err><![CDATA[]]></system-err>
</testsuite>
