<?xml version="1.0" encoding="UTF-8"?>
<testsuite errors="0" failures="0" hostname="dhcp-10.15.208.168.stl.redhat.com" name="org.hibernate.test.idgen.enhanced.sequence.PooledSequenceTest" tests="1" time="0.03" timestamp="2013-02-28T20:14:01">
  <properties />
  <testcase classname="org.hibernate.test.idgen.enhanced.sequence.PooledSequenceTest" name="testNormalBoundary" time="0.007" />
  <system-out><![CDATA[14:14:01,615  INFO CustomRunner:132 - BeforeClass: org.hibernate.test.idgen.enhanced.sequence.PooledSequenceTest
14:14:01,616  INFO Configuration:706 - HHH000221: Reading mappings from resource: org/hibernate/test/idgen/enhanced/sequence/Pooled.hbm.xml
14:14:01,622  INFO DriverManagerConnectionProviderImpl:99 - HHH000402: Using Hibernate built-in connection pool (not for production use!)
14:14:01,623  INFO DriverManagerConnectionProviderImpl:135 - HHH000115: Hibernate connection pool size: 5
14:14:01,623  INFO DriverManagerConnectionProviderImpl:138 - HHH000006: Autocommit mode: false
14:14:01,623  INFO DriverManagerConnectionProviderImpl:153 - HHH000401: using driver [org.h2.Driver] at URL [jdbc:h2:mem:db1;DB_CLOSE_DELAY=-1;MVCC=TRUE]
14:14:01,624  INFO DriverManagerConnectionProviderImpl:158 - HHH000046: Connection properties: {user=sa}
14:14:01,625  INFO Dialect:103 - HHH000400: Using dialect: org.hibernate.dialect.H2Dialect
14:14:01,625  INFO LobCreatorBuilder:94 - HHH000423: Disabling contextual LOB creation as JDBC driver reported JDBC version [3] less than 4
14:14:01,626  INFO TransactionFactoryInitiator:66 - HHH000399: Using default transaction strategy (direct JDBC transactions)
14:14:01,626  INFO ASTQueryTranslatorFactory:48 - HHH000397: Using ASTQueryTranslatorFactory
14:14:01,626  WARN CachingRegionFactory:58 - CachingRegionFactory should be only used for testing.
14:14:01,630  INFO SchemaExport:343 - HHH000227: Running hbm2ddl schema export
14:14:01,631 DEBUG SchemaExport:353 - Import file not found: /import.sql
14:14:01,631 DEBUG SQL:104 - 
    drop table ID_SEQ_POOL_ENTITY if exists
14:14:01,631 DEBUG SQL:104 - 
    drop sequence ID_SEQ_POOL_SEQ
14:14:01,631 ERROR SchemaExport:425 - HHH000389: Unsuccessful: drop sequence ID_SEQ_POOL_SEQ
14:14:01,632 ERROR SchemaExport:426 - Sequence "ID_SEQ_POOL_SEQ" not found; SQL statement:

    drop sequence ID_SEQ_POOL_SEQ [90036-145]
14:14:01,632 DEBUG SQL:104 - 
    create table ID_SEQ_POOL_ENTITY (
        ID bigint not null,
        name varchar(255),
        primary key (ID)
    )
14:14:01,632 DEBUG SQL:104 - 
    create sequence ID_SEQ_POOL_SEQ start with 1 increment by 10
14:14:01,633  INFO SchemaExport:405 - HHH000230: Schema export complete
14:14:01,633  WARN SessionFactoryImpl:1554 - HHH000008: JTASessionContext being used with JDBCTransactionFactory; auto-flush will not operate correctly with getCurrentSession()
14:14:01,633  INFO CustomRunner:139 - Test: testNormalBoundary
14:14:01,634 DEBUG SQL:104 - 
    call next value for ID_SEQ_POOL_SEQ
14:14:01,635 DEBUG SQL:104 - 
    call next value for ID_SEQ_POOL_SEQ
14:14:01,636 DEBUG SQL:104 - 
    call next value for ID_SEQ_POOL_SEQ
14:14:01,636 DEBUG SQL:104 - 
    insert 
    into
        ID_SEQ_POOL_ENTITY
        (name, ID) 
    values
        (?, ?)
14:14:01,636 DEBUG SQL:104 - 
    insert 
    into
        ID_SEQ_POOL_ENTITY
        (name, ID) 
    values
        (?, ?)
14:14:01,637 DEBUG SQL:104 - 
    insert 
    into
        ID_SEQ_POOL_ENTITY
        (name, ID) 
    values
        (?, ?)
14:14:01,637 DEBUG SQL:104 - 
    insert 
    into
        ID_SEQ_POOL_ENTITY
        (name, ID) 
    values
        (?, ?)
14:14:01,637 DEBUG SQL:104 - 
    insert 
    into
        ID_SEQ_POOL_ENTITY
        (name, ID) 
    values
        (?, ?)
14:14:01,637 DEBUG SQL:104 - 
    insert 
    into
        ID_SEQ_POOL_ENTITY
        (name, ID) 
    values
        (?, ?)
14:14:01,637 DEBUG SQL:104 - 
    insert 
    into
        ID_SEQ_POOL_ENTITY
        (name, ID) 
    values
        (?, ?)
14:14:01,637 DEBUG SQL:104 - 
    insert 
    into
        ID_SEQ_POOL_ENTITY
        (name, ID) 
    values
        (?, ?)
14:14:01,638 DEBUG SQL:104 - 
    insert 
    into
        ID_SEQ_POOL_ENTITY
        (name, ID) 
    values
        (?, ?)
14:14:01,638 DEBUG SQL:104 - 
    insert 
    into
        ID_SEQ_POOL_ENTITY
        (name, ID) 
    values
        (?, ?)
14:14:01,638 DEBUG SQL:104 - 
    insert 
    into
        ID_SEQ_POOL_ENTITY
        (name, ID) 
    values
        (?, ?)
14:14:01,639 DEBUG SQL:104 - 
    delete 
    from
        ID_SEQ_POOL_ENTITY 
    where
        ID=?
14:14:01,639 DEBUG SQL:104 - 
    delete 
    from
        ID_SEQ_POOL_ENTITY 
    where
        ID=?
14:14:01,639 DEBUG SQL:104 - 
    delete 
    from
        ID_SEQ_POOL_ENTITY 
    where
        ID=?
14:14:01,639 DEBUG SQL:104 - 
    delete 
    from
        ID_SEQ_POOL_ENTITY 
    where
        ID=?
14:14:01,639 DEBUG SQL:104 - 
    delete 
    from
        ID_SEQ_POOL_ENTITY 
    where
        ID=?
14:14:01,639 DEBUG SQL:104 - 
    delete 
    from
        ID_SEQ_POOL_ENTITY 
    where
        ID=?
14:14:01,640 DEBUG SQL:104 - 
    delete 
    from
        ID_SEQ_POOL_ENTITY 
    where
        ID=?
14:14:01,640 DEBUG SQL:104 - 
    delete 
    from
        ID_SEQ_POOL_ENTITY 
    where
        ID=?
14:14:01,640 DEBUG SQL:104 - 
    delete 
    from
        ID_SEQ_POOL_ENTITY 
    where
        ID=?
14:14:01,640 DEBUG SQL:104 - 
    delete 
    from
        ID_SEQ_POOL_ENTITY 
    where
        ID=?
14:14:01,640 DEBUG SQL:104 - 
    delete 
    from
        ID_SEQ_POOL_ENTITY 
    where
        ID=?
14:14:01,641  INFO SchemaExport:343 - HHH000227: Running hbm2ddl schema export
14:14:01,641 DEBUG SchemaExport:353 - Import file not found: /import.sql
14:14:01,642 DEBUG SQL:104 - 
    drop table ID_SEQ_POOL_ENTITY if exists
14:14:01,642 DEBUG SQL:104 - 
    drop sequence ID_SEQ_POOL_SEQ
14:14:01,642  INFO SchemaExport:405 - HHH000230: Schema export complete
14:14:01,642  INFO DriverManagerConnectionProviderImpl:162 - HHH000030: Cleaning up connection pool [jdbc:h2:mem:db1;DB_CLOSE_DELAY=-1;MVCC=TRUE]
]]></system-out>
  <system-err><![CDATA[]]></system-err>
</testsuite>
