<?xml version="1.0" encoding="UTF-8"?>
<testsuite errors="0" failures="0" hostname="dhcp-10.15.208.168.stl.redhat.com" name="org.hibernate.type.descriptor.java.BigDecimalDescriptorTest" tests="3" time="0.006" timestamp="2013-02-28T20:19:33">
  <properties />
  <testcase classname="org.hibernate.type.descriptor.java.BigDecimalDescriptorTest" name="testEquality" time="0.001" />
  <testcase classname="org.hibernate.type.descriptor.java.BigDecimalDescriptorTest" name="testExternalization" time="0.0" />
  <testcase classname="org.hibernate.type.descriptor.java.BigDecimalDescriptorTest" name="testMutabilityPlan" time="0.001" />
  <system-out><![CDATA[14:19:33,500  INFO CustomRunner:132 - BeforeClass: org.hibernate.type.descriptor.java.BigDecimalDescriptorTest
14:19:33,500  INFO CustomRunner:139 - Test: testEquality
14:19:33,501  INFO CustomRunner:139 - Test: testExternalization
14:19:33,502  INFO CustomRunner:139 - Test: testMutabilityPlan
]]></system-out>
  <system-err><![CDATA[]]></system-err>
</testsuite>
