<?xml version="1.0" encoding="UTF-8"?>
<testsuite errors="0" failures="0" hostname="dhcp-10.15.208.168.stl.redhat.com" name="org.hibernate.test.idgen.enhanced.table.PooledTableTest" tests="1" time="0.094" timestamp="2013-02-28T20:14:01">
  <properties />
  <testcase classname="org.hibernate.test.idgen.enhanced.table.PooledTableTest" name="testNormalBoundary" time="0.034" />
  <system-out><![CDATA[14:14:01,799  INFO CustomRunner:132 - BeforeClass: org.hibernate.test.idgen.enhanced.table.PooledTableTest
14:14:01,801  INFO Configuration:706 - HHH000221: Reading mappings from resource: org/hibernate/test/idgen/enhanced/table/Pooled.hbm.xml
14:14:01,807  INFO DriverManagerConnectionProviderImpl:99 - HHH000402: Using Hibernate built-in connection pool (not for production use!)
14:14:01,807  INFO DriverManagerConnectionProviderImpl:135 - HHH000115: Hibernate connection pool size: 5
14:14:01,807  INFO DriverManagerConnectionProviderImpl:138 - HHH000006: Autocommit mode: false
14:14:01,807  INFO DriverManagerConnectionProviderImpl:153 - HHH000401: using driver [org.h2.Driver] at URL [jdbc:h2:mem:db1;DB_CLOSE_DELAY=-1;MVCC=TRUE]
14:14:01,807  INFO DriverManagerConnectionProviderImpl:158 - HHH000046: Connection properties: {user=sa}
14:14:01,809  INFO Dialect:103 - HHH000400: Using dialect: org.hibernate.dialect.H2Dialect
14:14:01,809  INFO LobCreatorBuilder:94 - HHH000423: Disabling contextual LOB creation as JDBC driver reported JDBC version [3] less than 4
14:14:01,810  INFO TransactionFactoryInitiator:66 - HHH000399: Using default transaction strategy (direct JDBC transactions)
14:14:01,810  INFO ASTQueryTranslatorFactory:48 - HHH000397: Using ASTQueryTranslatorFactory
14:14:01,810  WARN CachingRegionFactory:58 - CachingRegionFactory should be only used for testing.
14:14:01,814  INFO SchemaExport:343 - HHH000227: Running hbm2ddl schema export
14:14:01,854 DEBUG SchemaExport:353 - Import file not found: /import.sql
14:14:01,854 DEBUG SQL:104 - 
    drop table ID_TBL_POOL_ENTITY if exists
14:14:01,854 DEBUG SQL:104 - 
    drop table ID_TBL_POOL_TBL if exists
14:14:01,854 DEBUG SQL:104 - 
    create table ID_TBL_POOL_ENTITY (
        ID bigint not null,
        name varchar(255),
        primary key (ID)
    )
14:14:01,854 DEBUG SQL:104 - 
    create table ID_TBL_POOL_TBL (
         sequence_name varchar(255) not null ,
         next_val bigint,
        primary key ( sequence_name ) 
    ) 
14:14:01,855  INFO SchemaExport:405 - HHH000230: Schema export complete
14:14:01,855  WARN SessionFactoryImpl:1554 - HHH000008: JTASessionContext being used with JDBCTransactionFactory; auto-flush will not operate correctly with getCurrentSession()
14:14:01,855  INFO CustomRunner:139 - Test: testNormalBoundary
14:14:01,859 DEBUG SQL:104 - 
    select
        tbl.next_val 
    from
        ID_TBL_POOL_TBL tbl 
    where
        tbl.sequence_name=? for update
            
14:14:01,859 DEBUG SQL:104 - 
    insert 
    into
        ID_TBL_POOL_TBL
        (sequence_name, next_val)  
    values
        (?,?)
14:14:01,859 DEBUG SQL:104 - 
    update
        ID_TBL_POOL_TBL 
    set
        next_val=?  
    where
        next_val=? 
        and sequence_name=?
14:14:01,859 DEBUG SQL:104 - 
    select
        tbl.next_val 
    from
        ID_TBL_POOL_TBL tbl 
    where
        tbl.sequence_name=? for update
            
14:14:01,859 DEBUG SQL:104 - 
    update
        ID_TBL_POOL_TBL 
    set
        next_val=?  
    where
        next_val=? 
        and sequence_name=?
14:14:01,860 DEBUG SQL:104 - 
    select
        tbl.next_val 
    from
        ID_TBL_POOL_TBL tbl 
    where
        tbl.sequence_name=? for update
            
14:14:01,860 DEBUG SQL:104 - 
    update
        ID_TBL_POOL_TBL 
    set
        next_val=?  
    where
        next_val=? 
        and sequence_name=?
14:14:01,861 DEBUG SQL:104 - 
    insert 
    into
        ID_TBL_POOL_ENTITY
        (name, ID) 
    values
        (?, ?)
14:14:01,861 DEBUG SQL:104 - 
    insert 
    into
        ID_TBL_POOL_ENTITY
        (name, ID) 
    values
        (?, ?)
14:14:01,861 DEBUG SQL:104 - 
    insert 
    into
        ID_TBL_POOL_ENTITY
        (name, ID) 
    values
        (?, ?)
14:14:01,862 DEBUG SQL:104 - 
    insert 
    into
        ID_TBL_POOL_ENTITY
        (name, ID) 
    values
        (?, ?)
14:14:01,862 DEBUG SQL:104 - 
    insert 
    into
        ID_TBL_POOL_ENTITY
        (name, ID) 
    values
        (?, ?)
14:14:01,862 DEBUG SQL:104 - 
    insert 
    into
        ID_TBL_POOL_ENTITY
        (name, ID) 
    values
        (?, ?)
14:14:01,862 DEBUG SQL:104 - 
    insert 
    into
        ID_TBL_POOL_ENTITY
        (name, ID) 
    values
        (?, ?)
14:14:01,862 DEBUG SQL:104 - 
    insert 
    into
        ID_TBL_POOL_ENTITY
        (name, ID) 
    values
        (?, ?)
14:14:01,863 DEBUG SQL:104 - 
    insert 
    into
        ID_TBL_POOL_ENTITY
        (name, ID) 
    values
        (?, ?)
14:14:01,863 DEBUG SQL:104 - 
    insert 
    into
        ID_TBL_POOL_ENTITY
        (name, ID) 
    values
        (?, ?)
14:14:01,863 DEBUG SQL:104 - 
    insert 
    into
        ID_TBL_POOL_ENTITY
        (name, ID) 
    values
        (?, ?)
14:14:01,863 DEBUG SQL:104 - 
    delete 
    from
        ID_TBL_POOL_ENTITY 
    where
        ID=?
14:14:01,864 DEBUG SQL:104 - 
    delete 
    from
        ID_TBL_POOL_ENTITY 
    where
        ID=?
14:14:01,864 DEBUG SQL:104 - 
    delete 
    from
        ID_TBL_POOL_ENTITY 
    where
        ID=?
14:14:01,864 DEBUG SQL:104 - 
    delete 
    from
        ID_TBL_POOL_ENTITY 
    where
        ID=?
14:14:01,864 DEBUG SQL:104 - 
    delete 
    from
        ID_TBL_POOL_ENTITY 
    where
        ID=?
14:14:01,864 DEBUG SQL:104 - 
    delete 
    from
        ID_TBL_POOL_ENTITY 
    where
        ID=?
14:14:01,876 DEBUG SQL:104 - 
    delete 
    from
        ID_TBL_POOL_ENTITY 
    where
        ID=?
14:14:01,877 DEBUG SQL:104 - 
    delete 
    from
        ID_TBL_POOL_ENTITY 
    where
        ID=?
14:14:01,877 DEBUG SQL:104 - 
    delete 
    from
        ID_TBL_POOL_ENTITY 
    where
        ID=?
14:14:01,877 DEBUG SQL:104 - 
    delete 
    from
        ID_TBL_POOL_ENTITY 
    where
        ID=?
14:14:01,877 DEBUG SQL:104 - 
    delete 
    from
        ID_TBL_POOL_ENTITY 
    where
        ID=?
14:14:01,890  INFO SchemaExport:343 - HHH000227: Running hbm2ddl schema export
14:14:01,891 DEBUG SchemaExport:353 - Import file not found: /import.sql
14:14:01,891 DEBUG SQL:104 - 
    drop table ID_TBL_POOL_ENTITY if exists
14:14:01,892 DEBUG SQL:104 - 
    drop table ID_TBL_POOL_TBL if exists
14:14:01,892  INFO SchemaExport:405 - HHH000230: Schema export complete
14:14:01,892  INFO DriverManagerConnectionProviderImpl:162 - HHH000030: Cleaning up connection pool [jdbc:h2:mem:db1;DB_CLOSE_DELAY=-1;MVCC=TRUE]
]]></system-out>
  <system-err><![CDATA[]]></system-err>
</testsuite>
