<?xml version="1.0" encoding="UTF-8"?>
<testsuite errors="0" failures="0" hostname="dhcp-10.15.208.168.stl.redhat.com" name="org.hibernate.test.fileimport.SingleLineImportFileTest" tests="1" time="0.134" timestamp="2013-02-28T20:12:27">
  <properties />
  <testcase classname="org.hibernate.test.fileimport.SingleLineImportFileTest" name="testImportFile" time="0.01" />
  <system-out><![CDATA[14:12:27,097  INFO CustomRunner:132 - BeforeClass: org.hibernate.test.fileimport.SingleLineImportFileTest
14:12:27,099  INFO Configuration:706 - HHH000221: Reading mappings from resource: org/hibernate/test/fileimport/Human.hbm.xml
14:12:27,106  INFO Configuration:706 - HHH000221: Reading mappings from resource: org/hibernate/test/fileimport/Dog.hbm.xml
14:12:27,144  INFO DriverManagerConnectionProviderImpl:99 - HHH000402: Using Hibernate built-in connection pool (not for production use!)
14:12:27,144  INFO DriverManagerConnectionProviderImpl:135 - HHH000115: Hibernate connection pool size: 5
14:12:27,144  INFO DriverManagerConnectionProviderImpl:138 - HHH000006: Autocommit mode: false
14:12:27,145  INFO DriverManagerConnectionProviderImpl:153 - HHH000401: using driver [org.h2.Driver] at URL [jdbc:h2:mem:db1;DB_CLOSE_DELAY=-1;MVCC=TRUE]
14:12:27,145  INFO DriverManagerConnectionProviderImpl:158 - HHH000046: Connection properties: {user=sa}
14:12:27,146  INFO Dialect:103 - HHH000400: Using dialect: org.hibernate.dialect.H2Dialect
14:12:27,146  INFO LobCreatorBuilder:94 - HHH000423: Disabling contextual LOB creation as JDBC driver reported JDBC version [3] less than 4
14:12:27,147  INFO TransactionFactoryInitiator:66 - HHH000399: Using default transaction strategy (direct JDBC transactions)
14:12:27,147  INFO ASTQueryTranslatorFactory:48 - HHH000397: Using ASTQueryTranslatorFactory
14:12:27,147  WARN CachingRegionFactory:58 - CachingRegionFactory should be only used for testing.
14:12:27,156  INFO SchemaExport:343 - HHH000227: Running hbm2ddl schema export
14:12:27,176 DEBUG SQL:104 - 
    alter table dog 
        drop constraint FK1853C8BAD6F8
14:12:27,180 ERROR SchemaExport:425 - HHH000389: Unsuccessful: alter table dog drop constraint FK1853C8BAD6F8
14:12:27,181 ERROR SchemaExport:426 - Table "DOG" not found; SQL statement:

    alter table dog 
        drop constraint FK1853C8BAD6F8 [42102-145]
14:12:27,181 DEBUG SQL:104 - 
    drop table dog if exists
14:12:27,181 DEBUG SQL:104 - 
    drop table human if exists
14:12:27,181 DEBUG SQL:104 - 
    create table dog (
        id integer not null,
        master_fk integer,
        primary key (id)
    )
14:12:27,182 DEBUG SQL:104 - 
    create table human (
        id integer not null,
        fname varchar(255),
        lname varchar(255),
        primary key (id)
    )
14:12:27,182 DEBUG SQL:104 - 
    alter table dog 
        add constraint FK1853C8BAD6F8 
        foreign key (master_fk) 
        references human
14:12:27,216  INFO SchemaExport:405 - HHH000230: Schema export complete
14:12:27,217  WARN SessionFactoryImpl:1554 - HHH000008: JTASessionContext being used with JDBCTransactionFactory; auto-flush will not operate correctly with getCurrentSession()
14:12:27,217  INFO CustomRunner:139 - Test: testImportFile
14:12:27,218 DEBUG QueryTranslatorImpl:265 - parse() - HQL: from org.hibernate.test.fileimport.Human
14:12:27,219 DEBUG QueryTranslatorImpl:283 - --- HQL AST ---
 \-[QUERY] Node: 'query'
    \-[SELECT_FROM] Node: 'SELECT_FROM'
       \-[FROM] Node: 'from'
          \-[RANGE] Node: 'RANGE'
             \-[DOT] Node: '.'
                +-[DOT] Node: '.'
                |  +-[DOT] Node: '.'
                |  |  +-[DOT] Node: '.'
                |  |  |  +-[IDENT] Node: 'org'
                |  |  |  \-[IDENT] Node: 'hibernate'
                |  |  \-[IDENT] Node: 'test'
                |  \-[IDENT] Node: 'fileimport'
                \-[IDENT] Node: 'Human'

14:12:27,219 DEBUG ErrorCounter:82 - throwQueryException() : no errors
14:12:27,220 DEBUG FromElement:157 - FromClause{level=1} : org.hibernate.test.fileimport.Human (<no alias>) -> human0_
14:12:27,220 DEBUG HqlSqlWalker:629 - processQuery() :  ( SELECT ( FromClause{level=1} human human0_ ) )
14:12:27,220 DEBUG HqlSqlWalker:869 - Derived SELECT clause created.
14:12:27,220 DEBUG JoinProcessor:175 - Using FROM fragment [human human0_]
14:12:27,220 DEBUG QueryTranslatorImpl:252 - --- SQL AST ---
 \-[SELECT] QueryNode: 'SELECT'  querySpaces (human)
    +-[SELECT_CLAUSE] SelectClause: '{derived select clause}'
    |  +-[SELECT_EXPR] SelectExpressionImpl: 'human0_.id as id1_' {FromElement{explicit,not a collection join,not a fetch join,fetch non-lazy properties,classAlias=null,role=null,tableName=human,tableAlias=human0_,origin=null,columns={,className=org.hibernate.test.fileimport.Human}}}
    |  \-[SQL_TOKEN] SqlFragment: 'human0_.fname as fname1_, human0_.lname as lname1_'
    \-[FROM] FromClause: 'from' FromClause{level=1, fromElementCounter=1, fromElements=1, fromElementByClassAlias=[], fromElementByTableAlias=[human0_], fromElementsByPath=[], collectionJoinFromElementsByPath=[], impliedElements=[]}
       \-[FROM_FRAGMENT] FromElement: 'human human0_' FromElement{explicit,not a collection join,not a fetch join,fetch non-lazy properties,classAlias=null,role=null,tableName=human,tableAlias=human0_,origin=null,columns={,className=org.hibernate.test.fileimport.Human}}

14:12:27,220 DEBUG ErrorCounter:82 - throwQueryException() : no errors
14:12:27,221 DEBUG QueryTranslatorImpl:235 - HQL: from org.hibernate.test.fileimport.Human
14:12:27,221 DEBUG QueryTranslatorImpl:236 - SQL: select human0_.id as id1_, human0_.fname as fname1_, human0_.lname as lname1_ from human human0_
14:12:27,221 DEBUG ErrorCounter:82 - throwQueryException() : no errors
14:12:27,221 DEBUG SQL:104 - 
    select
        human0_.id as id1_,
        human0_.fname as fname1_,
        human0_.lname as lname1_ 
    from
        human human0_
14:12:27,222 DEBUG QueryTranslatorImpl:265 - parse() - HQL: from org.hibernate.test.fileimport.Dog
14:12:27,222 DEBUG QueryTranslatorImpl:283 - --- HQL AST ---
 \-[QUERY] Node: 'query'
    \-[SELECT_FROM] Node: 'SELECT_FROM'
       \-[FROM] Node: 'from'
          \-[RANGE] Node: 'RANGE'
             \-[DOT] Node: '.'
                +-[DOT] Node: '.'
                |  +-[DOT] Node: '.'
                |  |  +-[DOT] Node: '.'
                |  |  |  +-[IDENT] Node: 'org'
                |  |  |  \-[IDENT] Node: 'hibernate'
                |  |  \-[IDENT] Node: 'test'
                |  \-[IDENT] Node: 'fileimport'
                \-[IDENT] Node: 'Dog'

14:12:27,223 DEBUG ErrorCounter:82 - throwQueryException() : no errors
14:12:27,223 DEBUG FromElement:157 - FromClause{level=1} : org.hibernate.test.fileimport.Dog (<no alias>) -> dog0_
14:12:27,223 DEBUG HqlSqlWalker:629 - processQuery() :  ( SELECT ( FromClause{level=1} dog dog0_ ) )
14:12:27,223 DEBUG HqlSqlWalker:869 - Derived SELECT clause created.
14:12:27,223 DEBUG JoinProcessor:175 - Using FROM fragment [dog dog0_]
14:12:27,223 DEBUG QueryTranslatorImpl:252 - --- SQL AST ---
 \-[SELECT] QueryNode: 'SELECT'  querySpaces (dog)
    +-[SELECT_CLAUSE] SelectClause: '{derived select clause}'
    |  +-[SELECT_EXPR] SelectExpressionImpl: 'dog0_.id as id0_' {FromElement{explicit,not a collection join,not a fetch join,fetch non-lazy properties,classAlias=null,role=null,tableName=dog,tableAlias=dog0_,origin=null,columns={,className=org.hibernate.test.fileimport.Dog}}}
    |  \-[SQL_TOKEN] SqlFragment: 'dog0_.master_fk as master2_0_'
    \-[FROM] FromClause: 'from' FromClause{level=1, fromElementCounter=1, fromElements=1, fromElementByClassAlias=[], fromElementByTableAlias=[dog0_], fromElementsByPath=[], collectionJoinFromElementsByPath=[], impliedElements=[]}
       \-[FROM_FRAGMENT] FromElement: 'dog dog0_' FromElement{explicit,not a collection join,not a fetch join,fetch non-lazy properties,classAlias=null,role=null,tableName=dog,tableAlias=dog0_,origin=null,columns={,className=org.hibernate.test.fileimport.Dog}}

14:12:27,223 DEBUG ErrorCounter:82 - throwQueryException() : no errors
14:12:27,224 DEBUG QueryTranslatorImpl:235 - HQL: from org.hibernate.test.fileimport.Dog
14:12:27,224 DEBUG QueryTranslatorImpl:236 - SQL: select dog0_.id as id0_, dog0_.master_fk as master2_0_ from dog dog0_
14:12:27,224 DEBUG ErrorCounter:82 - throwQueryException() : no errors
14:12:27,224 DEBUG SQL:104 - 
    select
        dog0_.id as id0_,
        dog0_.master_fk as master2_0_ 
    from
        dog dog0_
14:12:27,225 DEBUG SQL:104 - 
    delete 
    from
        dog 
    where
        id=?
14:12:27,225 DEBUG SQL:104 - 
    delete 
    from
        dog 
    where
        id=?
14:12:27,226 DEBUG SQL:104 - 
    delete 
    from
        dog 
    where
        id=?
14:12:27,226 DEBUG SQL:104 - 
    delete 
    from
        human 
    where
        id=?
14:12:27,226 DEBUG SQL:104 - 
    delete 
    from
        human 
    where
        id=?
14:12:27,226 DEBUG SQL:104 - 
    delete 
    from
        human 
    where
        id=?
14:12:27,227  INFO SchemaExport:343 - HHH000227: Running hbm2ddl schema export
14:12:27,228 DEBUG SQL:104 - 
    alter table dog 
        drop constraint FK1853C8BAD6F8
14:12:27,228 DEBUG SQL:104 - 
    drop table dog if exists
14:12:27,228 DEBUG SQL:104 - 
    drop table human if exists
14:12:27,228  INFO SchemaExport:405 - HHH000230: Schema export complete
14:12:27,229  INFO DriverManagerConnectionProviderImpl:162 - HHH000030: Cleaning up connection pool [jdbc:h2:mem:db1;DB_CLOSE_DELAY=-1;MVCC=TRUE]
]]></system-out>
  <system-err><![CDATA[]]></system-err>
</testsuite>
