<?xml version="1.0" encoding="UTF-8"?>
<testsuite errors="0" failures="0" hostname="dhcp-10.15.208.168.stl.redhat.com" name="org.hibernate.test.manytomanyassociationclass.compositeid.ManyToManyAssociationClassCompositeIdTest" tests="6" time="0.599" timestamp="2013-02-28T20:17:27">
  <properties />
  <testcase classname="org.hibernate.test.manytomanyassociationclass.compositeid.ManyToManyAssociationClassCompositeIdTest" name="testDeleteDetached" time="0.343" />
  <testcase classname="org.hibernate.test.manytomanyassociationclass.compositeid.ManyToManyAssociationClassCompositeIdTest" name="testRemoveAndAddEqualCollection" time="0.047" />
  <testcase classname="org.hibernate.test.manytomanyassociationclass.compositeid.ManyToManyAssociationClassCompositeIdTest" name="testRemoveAndAddEqualElement" time="0.007" />
  <testcase classname="org.hibernate.test.manytomanyassociationclass.compositeid.ManyToManyAssociationClassCompositeIdTest" name="testRemoveAndAddEqualElementNonKeyModified" time="0.007" />
  <testcase classname="org.hibernate.test.manytomanyassociationclass.compositeid.ManyToManyAssociationClassCompositeIdTest" name="testRemoveAndAddSameElement" time="0.006" />
  <testcase classname="org.hibernate.test.manytomanyassociationclass.compositeid.ManyToManyAssociationClassCompositeIdTest" name="testRemoveAndAddSameElementNonKeyModified" time="0.045" />
  <system-out><![CDATA[14:17:27,126  INFO CustomRunner:132 - BeforeClass: org.hibernate.test.manytomanyassociationclass.compositeid.ManyToManyAssociationClassCompositeIdTest
14:17:27,128  INFO Configuration:706 - HHH000221: Reading mappings from resource: org/hibernate/test/manytomanyassociationclass/compositeid/Mappings.hbm.xml
14:17:27,138  INFO DriverManagerConnectionProviderImpl:99 - HHH000402: Using Hibernate built-in connection pool (not for production use!)
14:17:27,138  INFO DriverManagerConnectionProviderImpl:135 - HHH000115: Hibernate connection pool size: 5
14:17:27,139  INFO DriverManagerConnectionProviderImpl:138 - HHH000006: Autocommit mode: false
14:17:27,139  INFO DriverManagerConnectionProviderImpl:153 - HHH000401: using driver [org.h2.Driver] at URL [jdbc:h2:mem:db1;DB_CLOSE_DELAY=-1;MVCC=TRUE]
14:17:27,139  INFO DriverManagerConnectionProviderImpl:158 - HHH000046: Connection properties: {user=sa}
14:17:27,140  INFO Dialect:103 - HHH000400: Using dialect: org.hibernate.dialect.H2Dialect
14:17:27,140  INFO LobCreatorBuilder:94 - HHH000423: Disabling contextual LOB creation as JDBC driver reported JDBC version [3] less than 4
14:17:27,141  INFO TransactionFactoryInitiator:66 - HHH000399: Using default transaction strategy (direct JDBC transactions)
14:17:27,141  INFO ASTQueryTranslatorFactory:48 - HHH000397: Using ASTQueryTranslatorFactory
14:17:27,141  WARN CachingRegionFactory:58 - CachingRegionFactory should be only used for testing.
14:17:27,175  INFO SchemaExport:343 - HHH000227: Running hbm2ddl schema export
14:17:27,183 DEBUG SchemaExport:353 - Import file not found: /import.sql
14:17:27,183 DEBUG SQL:104 - 
    alter table HB_MEMBERSHIP 
        drop constraint FK1E8C403B888B222
14:17:27,186 ERROR SchemaExport:425 - HHH000389: Unsuccessful: alter table HB_MEMBERSHIP drop constraint FK1E8C403B888B222
14:17:27,187 ERROR SchemaExport:426 - Table "HB_MEMBERSHIP" not found; SQL statement:

    alter table HB_MEMBERSHIP 
        drop constraint FK1E8C403B888B222 [42102-145]
14:17:27,187 DEBUG SQL:104 - 
    alter table HB_MEMBERSHIP 
        drop constraint FK1E8C403B35D39E12
14:17:27,187 ERROR SchemaExport:425 - HHH000389: Unsuccessful: alter table HB_MEMBERSHIP drop constraint FK1E8C403B35D39E12
14:17:27,187 ERROR SchemaExport:426 - Table "HB_MEMBERSHIP" not found; SQL statement:

    alter table HB_MEMBERSHIP 
        drop constraint FK1E8C403B35D39E12 [42102-145]
14:17:27,187 DEBUG SQL:104 - 
    drop table HB_GROUP if exists
14:17:27,188 DEBUG SQL:104 - 
    drop table HB_MEMBERSHIP if exists
14:17:27,188 DEBUG SQL:104 - 
    drop table HB_USER if exists
14:17:27,188 DEBUG SQL:104 - 
    create table HB_GROUP (
        ID bigint generated by default as identity,
        NAME varchar(40) not null,
        primary key (ID)
    )
14:17:27,189 DEBUG SQL:104 - 
    create table HB_MEMBERSHIP (
        USER_ID bigint not null,
        GROUP_ID bigint not null,
        NAME varchar(40) not null,
        primary key (USER_ID, GROUP_ID)
    )
14:17:27,190 DEBUG SQL:104 - 
    create table HB_USER (
        ID bigint generated by default as identity,
        NAME varchar(40) not null,
        primary key (ID)
    )
14:17:27,190 DEBUG SQL:104 - 
    alter table HB_MEMBERSHIP 
        add constraint FK1E8C403B888B222 
        foreign key (USER_ID) 
        references HB_USER
14:17:27,191 DEBUG SQL:104 - 
    alter table HB_MEMBERSHIP 
        add constraint FK1E8C403B35D39E12 
        foreign key (GROUP_ID) 
        references HB_GROUP
14:17:27,205  INFO SchemaExport:405 - HHH000230: Schema export complete
14:17:27,206  WARN SessionFactoryImpl:1554 - HHH000008: JTASessionContext being used with JDBCTransactionFactory; auto-flush will not operate correctly with getCurrentSession()
14:17:27,206  INFO CustomRunner:139 - Test: testDeleteDetached
14:17:27,214 DEBUG SQL:104 - 
    insert 
    into
        HB_USER
        (ID, NAME) 
    values
        (null, ?)
14:17:27,262 DEBUG SQL:104 - 
    insert 
    into
        HB_GROUP
        (ID, NAME) 
    values
        (null, ?)
14:17:27,264 DEBUG SQL:104 - 
    select
        membership_.USER_ID,
        membership_.GROUP_ID,
        membership_.NAME as NAME1_ 
    from
        HB_MEMBERSHIP membership_ 
    where
        membership_.USER_ID=? 
        and membership_.GROUP_ID=?
14:17:27,265 DEBUG SQL:104 - 
    insert 
    into
        HB_MEMBERSHIP
        (NAME, USER_ID, GROUP_ID) 
    values
        (?, ?, ?)
14:17:27,273 DEBUG SQL:104 - 
    select
        membership_.USER_ID,
        membership_.GROUP_ID,
        membership_.NAME as NAME1_ 
    from
        HB_MEMBERSHIP membership_ 
    where
        membership_.USER_ID=? 
        and membership_.GROUP_ID=?
14:17:27,274 DEBUG SQL:104 - 
    delete 
    from
        HB_MEMBERSHIP 
    where
        USER_ID=? 
        and GROUP_ID=?
14:17:27,274 DEBUG SQL:104 - 
    delete 
    from
        HB_USER 
    where
        ID=?
14:17:27,275 DEBUG SQL:104 - 
    delete 
    from
        HB_GROUP 
    where
        ID=?
14:17:27,275 DEBUG SQL:104 - 
    select
        user0_.ID as ID2_0_,
        user0_.NAME as NAME2_0_ 
    from
        HB_USER user0_ 
    where
        user0_.ID=?
14:17:27,275 DEBUG SQL:104 - 
    select
        group0_.ID as ID0_0_,
        group0_.NAME as NAME0_0_ 
    from
        HB_GROUP group0_ 
    where
        group0_.ID=?
14:17:27,276 DEBUG SQL:104 - 
    select
        membership0_.USER_ID as USER1_1_0_,
        membership0_.GROUP_ID as GROUP2_1_0_,
        membership0_.NAME as NAME1_0_ 
    from
        HB_MEMBERSHIP membership0_ 
    where
        membership0_.USER_ID=? 
        and membership0_.GROUP_ID=?
14:17:27,277 DEBUG QueryTranslatorImpl:265 - parse() - HQL: delete from org.hibernate.test.manytomanyassociationclass.compositeid.MembershipWithCompositeId
14:17:27,342 DEBUG QueryTranslatorImpl:283 - --- HQL AST ---
 \-[DELETE] Node: 'delete'
    \-[FROM] Node: 'FROM'
       \-[RANGE] Node: 'RANGE'
          \-[DOT] Node: '.'
             +-[DOT] Node: '.'
             |  +-[DOT] Node: '.'
             |  |  +-[DOT] Node: '.'
             |  |  |  +-[DOT] Node: '.'
             |  |  |  |  +-[IDENT] Node: 'org'
             |  |  |  |  \-[IDENT] Node: 'hibernate'
             |  |  |  \-[IDENT] Node: 'test'
             |  |  \-[IDENT] Node: 'manytomanyassociationclass'
             |  \-[IDENT] Node: 'compositeid'
             \-[IDENT] Node: 'MembershipWithCompositeId'

14:17:27,342 DEBUG ErrorCounter:82 - throwQueryException() : no errors
14:17:27,343 DEBUG FromElement:157 - FromClause{level=1} : org.hibernate.test.manytomanyassociationclass.compositeid.MembershipWithCompositeId (<no alias>) -> membership0_
14:17:27,353 DEBUG QueryTranslatorImpl:252 - --- SQL AST ---
 \-[DELETE] DeleteStatement: 'delete'  querySpaces (HB_MEMBERSHIP)
    \-[FROM] FromClause: 'FROM' FromClause{level=1, fromElementCounter=1, fromElements=1, fromElementByClassAlias=[], fromElementByTableAlias=[membership0_], fromElementsByPath=[], collectionJoinFromElementsByPath=[], impliedElements=[]}
       \-[FROM_FRAGMENT] FromElement: 'HB_MEMBERSHIP' FromElement{explicit,not a collection join,not a fetch join,fetch non-lazy properties,classAlias=null,role=null,tableName=HB_MEMBERSHIP,tableAlias=membership0_,origin=null,columns={,className=org.hibernate.test.manytomanyassociationclass.compositeid.MembershipWithCompositeId}}

14:17:27,354 DEBUG ErrorCounter:82 - throwQueryException() : no errors
14:17:27,354 DEBUG ErrorCounter:82 - throwQueryException() : no errors
14:17:27,355 DEBUG QueryTranslatorImpl:265 - parse() - HQL: delete from org.hibernate.test.manytomanyassociationclass.User
14:17:27,401 DEBUG QueryTranslatorImpl:283 - --- HQL AST ---
 \-[DELETE] Node: 'delete'
    \-[FROM] Node: 'FROM'
       \-[RANGE] Node: 'RANGE'
          \-[DOT] Node: '.'
             +-[DOT] Node: '.'
             |  +-[DOT] Node: '.'
             |  |  +-[DOT] Node: '.'
             |  |  |  +-[IDENT] Node: 'org'
             |  |  |  \-[IDENT] Node: 'hibernate'
             |  |  \-[IDENT] Node: 'test'
             |  \-[IDENT] Node: 'manytomanyassociationclass'
             \-[IDENT] Node: 'User'

14:17:27,401 DEBUG ErrorCounter:82 - throwQueryException() : no errors
14:17:27,401 DEBUG FromElement:157 - FromClause{level=1} : org.hibernate.test.manytomanyassociationclass.User (<no alias>) -> user0_
14:17:27,442 DEBUG QueryTranslatorImpl:252 - --- SQL AST ---
 \-[DELETE] DeleteStatement: 'delete'  querySpaces (HB_USER)
    \-[FROM] FromClause: 'FROM' FromClause{level=1, fromElementCounter=1, fromElements=1, fromElementByClassAlias=[], fromElementByTableAlias=[user0_], fromElementsByPath=[], collectionJoinFromElementsByPath=[], impliedElements=[]}
       \-[FROM_FRAGMENT] FromElement: 'HB_USER' FromElement{explicit,not a collection join,not a fetch join,fetch non-lazy properties,classAlias=null,role=null,tableName=HB_USER,tableAlias=user0_,origin=null,columns={,className=org.hibernate.test.manytomanyassociationclass.User}}

14:17:27,442 DEBUG ErrorCounter:82 - throwQueryException() : no errors
14:17:27,442 DEBUG ErrorCounter:82 - throwQueryException() : no errors
14:17:27,485 DEBUG QueryTranslatorImpl:265 - parse() - HQL: delete from org.hibernate.test.manytomanyassociationclass.Group
14:17:27,485 DEBUG HqlParser:347 - weakKeywords() : new LT(1) token - ["Group",<108> previously: <24>,line=1,col=59,possibleID=true]
14:17:27,503 DEBUG QueryTranslatorImpl:283 - --- HQL AST ---
 \-[DELETE] Node: 'delete'
    \-[FROM] Node: 'FROM'
       \-[RANGE] Node: 'RANGE'
          \-[DOT] Node: '.'
             +-[DOT] Node: '.'
             |  +-[DOT] Node: '.'
             |  |  +-[DOT] Node: '.'
             |  |  |  +-[IDENT] Node: 'org'
             |  |  |  \-[IDENT] Node: 'hibernate'
             |  |  \-[IDENT] Node: 'test'
             |  \-[IDENT] Node: 'manytomanyassociationclass'
             \-[IDENT] Node: 'Group'

14:17:27,503 DEBUG ErrorCounter:82 - throwQueryException() : no errors
14:17:27,547 DEBUG FromElement:157 - FromClause{level=1} : org.hibernate.test.manytomanyassociationclass.Group (<no alias>) -> group0_
14:17:27,548 DEBUG QueryTranslatorImpl:252 - --- SQL AST ---
 \-[DELETE] DeleteStatement: 'delete'  querySpaces (HB_GROUP)
    \-[FROM] FromClause: 'FROM' FromClause{level=1, fromElementCounter=1, fromElements=1, fromElementByClassAlias=[], fromElementByTableAlias=[group0_], fromElementsByPath=[], collectionJoinFromElementsByPath=[], impliedElements=[]}
       \-[FROM_FRAGMENT] FromElement: 'HB_GROUP' FromElement{explicit,not a collection join,not a fetch join,fetch non-lazy properties,classAlias=null,role=null,tableName=HB_GROUP,tableAlias=group0_,origin=null,columns={,className=org.hibernate.test.manytomanyassociationclass.Group}}

14:17:27,548 DEBUG ErrorCounter:82 - throwQueryException() : no errors
14:17:27,549 DEBUG ErrorCounter:82 - throwQueryException() : no errors
14:17:27,549  INFO CustomRunner:139 - Test: testRemoveAndAddEqualCollection
14:17:27,550 DEBUG SQL:104 - 
    insert 
    into
        HB_USER
        (ID, NAME) 
    values
        (null, ?)
14:17:27,551 DEBUG SQL:104 - 
    insert 
    into
        HB_GROUP
        (ID, NAME) 
    values
        (null, ?)
14:17:27,591 DEBUG SQL:104 - 
    select
        membership_.USER_ID,
        membership_.GROUP_ID,
        membership_.NAME as NAME1_ 
    from
        HB_MEMBERSHIP membership_ 
    where
        membership_.USER_ID=? 
        and membership_.GROUP_ID=?
14:17:27,591 DEBUG SQL:104 - 
    insert 
    into
        HB_MEMBERSHIP
        (NAME, USER_ID, GROUP_ID) 
    values
        (?, ?, ?)
14:17:27,592 DEBUG SQL:104 - 
    select
        user0_.ID as ID2_1_,
        user0_.NAME as NAME2_1_,
        membership1_.USER_ID as USER1_2_3_,
        membership1_.USER_ID as USER1_1_3_,
        membership1_.GROUP_ID as GROUP2_1_3_,
        membership1_.USER_ID as USER1_1_0_,
        membership1_.GROUP_ID as GROUP2_1_0_,
        membership1_.NAME as NAME1_0_ 
    from
        HB_USER user0_ 
    left outer join
        HB_MEMBERSHIP membership1_ 
            on user0_.ID=membership1_.USER_ID 
    where
        user0_.ID=?
14:17:27,593 DEBUG SQL:104 - 
    select
        user0_.ID as ID2_0_,
        user0_.NAME as NAME2_0_ 
    from
        HB_USER user0_ 
    where
        user0_.ID=?
14:17:27,594 DEBUG SQL:104 - 
    select
        group0_.ID as ID0_0_,
        group0_.NAME as NAME0_0_ 
    from
        HB_GROUP group0_ 
    where
        group0_.ID=?
14:17:27,594 DEBUG SQL:104 - 
    select
        membership0_.USER_ID as USER1_1_0_,
        membership0_.GROUP_ID as GROUP2_1_0_,
        membership0_.NAME as NAME1_0_ 
    from
        HB_MEMBERSHIP membership0_ 
    where
        membership0_.USER_ID=? 
        and membership0_.GROUP_ID=?
14:17:27,594 DEBUG SQL:104 - 
    select
        membership0_.USER_ID as USER1_2_1_,
        membership0_.USER_ID as USER1_1_1_,
        membership0_.GROUP_ID as GROUP2_1_1_,
        membership0_.USER_ID as USER1_1_0_,
        membership0_.GROUP_ID as GROUP2_1_0_,
        membership0_.NAME as NAME1_0_ 
    from
        HB_MEMBERSHIP membership0_ 
    where
        membership0_.USER_ID=?
14:17:27,595 DEBUG SQL:104 - 
    select
        membership0_.GROUP_ID as GROUP2_0_1_,
        membership0_.USER_ID as USER1_1_1_,
        membership0_.GROUP_ID as GROUP2_1_1_,
        membership0_.USER_ID as USER1_1_0_,
        membership0_.GROUP_ID as GROUP2_1_0_,
        membership0_.NAME as NAME1_0_ 
    from
        HB_MEMBERSHIP membership0_ 
    where
        membership0_.GROUP_ID=?
14:17:27,596  INFO CustomRunner:139 - Test: testRemoveAndAddEqualElement
14:17:27,597 DEBUG SQL:104 - 
    insert 
    into
        HB_USER
        (ID, NAME) 
    values
        (null, ?)
14:17:27,597 DEBUG SQL:104 - 
    insert 
    into
        HB_GROUP
        (ID, NAME) 
    values
        (null, ?)
14:17:27,598 DEBUG SQL:104 - 
    select
        membership_.USER_ID,
        membership_.GROUP_ID,
        membership_.NAME as NAME1_ 
    from
        HB_MEMBERSHIP membership_ 
    where
        membership_.USER_ID=? 
        and membership_.GROUP_ID=?
14:17:27,598 DEBUG SQL:104 - 
    insert 
    into
        HB_MEMBERSHIP
        (NAME, USER_ID, GROUP_ID) 
    values
        (?, ?, ?)
14:17:27,599 DEBUG SQL:104 - 
    select
        user0_.ID as ID2_1_,
        user0_.NAME as NAME2_1_,
        membership1_.USER_ID as USER1_2_3_,
        membership1_.USER_ID as USER1_1_3_,
        membership1_.GROUP_ID as GROUP2_1_3_,
        membership1_.USER_ID as USER1_1_0_,
        membership1_.GROUP_ID as GROUP2_1_0_,
        membership1_.NAME as NAME1_0_ 
    from
        HB_USER user0_ 
    left outer join
        HB_MEMBERSHIP membership1_ 
            on user0_.ID=membership1_.USER_ID 
    where
        user0_.ID=?
14:17:27,599 DEBUG SQL:104 - 
    select
        membership_.USER_ID,
        membership_.GROUP_ID,
        membership_.NAME as NAME1_ 
    from
        HB_MEMBERSHIP membership_ 
    where
        membership_.USER_ID=? 
        and membership_.GROUP_ID=?
14:17:27,600  INFO DefaultDeleteEventListener:202 - HHH000114: Handling transient entity in delete processing
14:17:27,600 DEBUG SQL:104 - 
    select
        user0_.ID as ID2_0_,
        user0_.NAME as NAME2_0_ 
    from
        HB_USER user0_ 
    where
        user0_.ID=?
14:17:27,600 DEBUG SQL:104 - 
    select
        group0_.ID as ID0_0_,
        group0_.NAME as NAME0_0_ 
    from
        HB_GROUP group0_ 
    where
        group0_.ID=?
14:17:27,601 DEBUG SQL:104 - 
    select
        membership0_.USER_ID as USER1_1_0_,
        membership0_.GROUP_ID as GROUP2_1_0_,
        membership0_.NAME as NAME1_0_ 
    from
        HB_MEMBERSHIP membership0_ 
    where
        membership0_.USER_ID=? 
        and membership0_.GROUP_ID=?
14:17:27,601 DEBUG SQL:104 - 
    select
        membership0_.USER_ID as USER1_2_1_,
        membership0_.USER_ID as USER1_1_1_,
        membership0_.GROUP_ID as GROUP2_1_1_,
        membership0_.USER_ID as USER1_1_0_,
        membership0_.GROUP_ID as GROUP2_1_0_,
        membership0_.NAME as NAME1_0_ 
    from
        HB_MEMBERSHIP membership0_ 
    where
        membership0_.USER_ID=?
14:17:27,602 DEBUG SQL:104 - 
    select
        membership0_.GROUP_ID as GROUP2_0_1_,
        membership0_.USER_ID as USER1_1_1_,
        membership0_.GROUP_ID as GROUP2_1_1_,
        membership0_.USER_ID as USER1_1_0_,
        membership0_.GROUP_ID as GROUP2_1_0_,
        membership0_.NAME as NAME1_0_ 
    from
        HB_MEMBERSHIP membership0_ 
    where
        membership0_.GROUP_ID=?
14:17:27,603  INFO CustomRunner:139 - Test: testRemoveAndAddEqualElementNonKeyModified
14:17:27,604 DEBUG SQL:104 - 
    insert 
    into
        HB_USER
        (ID, NAME) 
    values
        (null, ?)
14:17:27,605 DEBUG SQL:104 - 
    insert 
    into
        HB_GROUP
        (ID, NAME) 
    values
        (null, ?)
14:17:27,605 DEBUG SQL:104 - 
    select
        membership_.USER_ID,
        membership_.GROUP_ID,
        membership_.NAME as NAME1_ 
    from
        HB_MEMBERSHIP membership_ 
    where
        membership_.USER_ID=? 
        and membership_.GROUP_ID=?
14:17:27,606 DEBUG SQL:104 - 
    insert 
    into
        HB_MEMBERSHIP
        (NAME, USER_ID, GROUP_ID) 
    values
        (?, ?, ?)
14:17:27,606 DEBUG SQL:104 - 
    select
        user0_.ID as ID2_1_,
        user0_.NAME as NAME2_1_,
        membership1_.USER_ID as USER1_2_3_,
        membership1_.USER_ID as USER1_1_3_,
        membership1_.GROUP_ID as GROUP2_1_3_,
        membership1_.USER_ID as USER1_1_0_,
        membership1_.GROUP_ID as GROUP2_1_0_,
        membership1_.NAME as NAME1_0_ 
    from
        HB_USER user0_ 
    left outer join
        HB_MEMBERSHIP membership1_ 
            on user0_.ID=membership1_.USER_ID 
    where
        user0_.ID=?
14:17:27,608 DEBUG SQL:104 - 
    select
        membership_.USER_ID,
        membership_.GROUP_ID,
        membership_.NAME as NAME1_ 
    from
        HB_MEMBERSHIP membership_ 
    where
        membership_.USER_ID=? 
        and membership_.GROUP_ID=?
14:17:27,608  INFO DefaultDeleteEventListener:202 - HHH000114: Handling transient entity in delete processing
14:17:27,608 DEBUG SQL:104 - 
    update
        HB_MEMBERSHIP 
    set
        NAME=? 
    where
        USER_ID=? 
        and GROUP_ID=?
14:17:27,609 DEBUG SQL:104 - 
    select
        user0_.ID as ID2_0_,
        user0_.NAME as NAME2_0_ 
    from
        HB_USER user0_ 
    where
        user0_.ID=?
14:17:27,609 DEBUG SQL:104 - 
    select
        group0_.ID as ID0_0_,
        group0_.NAME as NAME0_0_ 
    from
        HB_GROUP group0_ 
    where
        group0_.ID=?
14:17:27,609 DEBUG SQL:104 - 
    select
        membership0_.USER_ID as USER1_1_0_,
        membership0_.GROUP_ID as GROUP2_1_0_,
        membership0_.NAME as NAME1_0_ 
    from
        HB_MEMBERSHIP membership0_ 
    where
        membership0_.USER_ID=? 
        and membership0_.GROUP_ID=?
14:17:27,610 DEBUG SQL:104 - 
    select
        membership0_.USER_ID as USER1_2_1_,
        membership0_.USER_ID as USER1_1_1_,
        membership0_.GROUP_ID as GROUP2_1_1_,
        membership0_.USER_ID as USER1_1_0_,
        membership0_.GROUP_ID as GROUP2_1_0_,
        membership0_.NAME as NAME1_0_ 
    from
        HB_MEMBERSHIP membership0_ 
    where
        membership0_.USER_ID=?
14:17:27,610 DEBUG SQL:104 - 
    select
        membership0_.GROUP_ID as GROUP2_0_1_,
        membership0_.USER_ID as USER1_1_1_,
        membership0_.GROUP_ID as GROUP2_1_1_,
        membership0_.USER_ID as USER1_1_0_,
        membership0_.GROUP_ID as GROUP2_1_0_,
        membership0_.NAME as NAME1_0_ 
    from
        HB_MEMBERSHIP membership0_ 
    where
        membership0_.GROUP_ID=?
14:17:27,611  INFO CustomRunner:139 - Test: testRemoveAndAddSameElement
14:17:27,612 DEBUG SQL:104 - 
    insert 
    into
        HB_USER
        (ID, NAME) 
    values
        (null, ?)
14:17:27,613 DEBUG SQL:104 - 
    insert 
    into
        HB_GROUP
        (ID, NAME) 
    values
        (null, ?)
14:17:27,613 DEBUG SQL:104 - 
    select
        membership_.USER_ID,
        membership_.GROUP_ID,
        membership_.NAME as NAME1_ 
    from
        HB_MEMBERSHIP membership_ 
    where
        membership_.USER_ID=? 
        and membership_.GROUP_ID=?
14:17:27,614 DEBUG SQL:104 - 
    insert 
    into
        HB_MEMBERSHIP
        (NAME, USER_ID, GROUP_ID) 
    values
        (?, ?, ?)
14:17:27,614 DEBUG SQL:104 - 
    select
        user0_.ID as ID2_1_,
        user0_.NAME as NAME2_1_,
        membership1_.USER_ID as USER1_2_3_,
        membership1_.USER_ID as USER1_1_3_,
        membership1_.GROUP_ID as GROUP2_1_3_,
        membership1_.USER_ID as USER1_1_0_,
        membership1_.GROUP_ID as GROUP2_1_0_,
        membership1_.NAME as NAME1_0_ 
    from
        HB_USER user0_ 
    left outer join
        HB_MEMBERSHIP membership1_ 
            on user0_.ID=membership1_.USER_ID 
    where
        user0_.ID=?
14:17:27,616 DEBUG SQL:104 - 
    select
        user0_.ID as ID2_0_,
        user0_.NAME as NAME2_0_ 
    from
        HB_USER user0_ 
    where
        user0_.ID=?
14:17:27,616 DEBUG SQL:104 - 
    select
        group0_.ID as ID0_0_,
        group0_.NAME as NAME0_0_ 
    from
        HB_GROUP group0_ 
    where
        group0_.ID=?
14:17:27,616 DEBUG SQL:104 - 
    select
        membership0_.USER_ID as USER1_1_0_,
        membership0_.GROUP_ID as GROUP2_1_0_,
        membership0_.NAME as NAME1_0_ 
    from
        HB_MEMBERSHIP membership0_ 
    where
        membership0_.USER_ID=? 
        and membership0_.GROUP_ID=?
14:17:27,617 DEBUG SQL:104 - 
    select
        membership0_.USER_ID as USER1_2_1_,
        membership0_.USER_ID as USER1_1_1_,
        membership0_.GROUP_ID as GROUP2_1_1_,
        membership0_.USER_ID as USER1_1_0_,
        membership0_.GROUP_ID as GROUP2_1_0_,
        membership0_.NAME as NAME1_0_ 
    from
        HB_MEMBERSHIP membership0_ 
    where
        membership0_.USER_ID=?
14:17:27,617 DEBUG SQL:104 - 
    select
        membership0_.GROUP_ID as GROUP2_0_1_,
        membership0_.USER_ID as USER1_1_1_,
        membership0_.GROUP_ID as GROUP2_1_1_,
        membership0_.USER_ID as USER1_1_0_,
        membership0_.GROUP_ID as GROUP2_1_0_,
        membership0_.NAME as NAME1_0_ 
    from
        HB_MEMBERSHIP membership0_ 
    where
        membership0_.GROUP_ID=?
14:17:27,618  INFO CustomRunner:139 - Test: testRemoveAndAddSameElementNonKeyModified
14:17:27,621 DEBUG SQL:104 - 
    insert 
    into
        HB_USER
        (ID, NAME) 
    values
        (null, ?)
14:17:27,621 DEBUG SQL:104 - 
    insert 
    into
        HB_GROUP
        (ID, NAME) 
    values
        (null, ?)
14:17:27,622 DEBUG SQL:104 - 
    select
        membership_.USER_ID,
        membership_.GROUP_ID,
        membership_.NAME as NAME1_ 
    from
        HB_MEMBERSHIP membership_ 
    where
        membership_.USER_ID=? 
        and membership_.GROUP_ID=?
14:17:27,631 DEBUG SQL:104 - 
    insert 
    into
        HB_MEMBERSHIP
        (NAME, USER_ID, GROUP_ID) 
    values
        (?, ?, ?)
14:17:27,632 DEBUG SQL:104 - 
    select
        user0_.ID as ID2_1_,
        user0_.NAME as NAME2_1_,
        membership1_.USER_ID as USER1_2_3_,
        membership1_.USER_ID as USER1_1_3_,
        membership1_.GROUP_ID as GROUP2_1_3_,
        membership1_.USER_ID as USER1_1_0_,
        membership1_.GROUP_ID as GROUP2_1_0_,
        membership1_.NAME as NAME1_0_ 
    from
        HB_USER user0_ 
    left outer join
        HB_MEMBERSHIP membership1_ 
            on user0_.ID=membership1_.USER_ID 
    where
        user0_.ID=?
14:17:27,633 DEBUG SQL:104 - 
    update
        HB_MEMBERSHIP 
    set
        NAME=? 
    where
        USER_ID=? 
        and GROUP_ID=?
14:17:27,634 DEBUG SQL:104 - 
    select
        user0_.ID as ID2_0_,
        user0_.NAME as NAME2_0_ 
    from
        HB_USER user0_ 
    where
        user0_.ID=?
14:17:27,645 DEBUG SQL:104 - 
    select
        group0_.ID as ID0_0_,
        group0_.NAME as NAME0_0_ 
    from
        HB_GROUP group0_ 
    where
        group0_.ID=?
14:17:27,646 DEBUG SQL:104 - 
    select
        membership0_.USER_ID as USER1_1_0_,
        membership0_.GROUP_ID as GROUP2_1_0_,
        membership0_.NAME as NAME1_0_ 
    from
        HB_MEMBERSHIP membership0_ 
    where
        membership0_.USER_ID=? 
        and membership0_.GROUP_ID=?
14:17:27,647 DEBUG SQL:104 - 
    select
        membership0_.USER_ID as USER1_2_1_,
        membership0_.USER_ID as USER1_1_1_,
        membership0_.GROUP_ID as GROUP2_1_1_,
        membership0_.USER_ID as USER1_1_0_,
        membership0_.GROUP_ID as GROUP2_1_0_,
        membership0_.NAME as NAME1_0_ 
    from
        HB_MEMBERSHIP membership0_ 
    where
        membership0_.USER_ID=?
14:17:27,647 DEBUG SQL:104 - 
    select
        membership0_.GROUP_ID as GROUP2_0_1_,
        membership0_.USER_ID as USER1_1_1_,
        membership0_.GROUP_ID as GROUP2_1_1_,
        membership0_.USER_ID as USER1_1_0_,
        membership0_.GROUP_ID as GROUP2_1_0_,
        membership0_.NAME as NAME1_0_ 
    from
        HB_MEMBERSHIP membership0_ 
    where
        membership0_.GROUP_ID=?
14:17:27,665  INFO SchemaExport:343 - HHH000227: Running hbm2ddl schema export
14:17:27,666 DEBUG SchemaExport:353 - Import file not found: /import.sql
14:17:27,667 DEBUG SQL:104 - 
    alter table HB_MEMBERSHIP 
        drop constraint FK1E8C403B888B222
14:17:27,667 DEBUG SQL:104 - 
    alter table HB_MEMBERSHIP 
        drop constraint FK1E8C403B35D39E12
14:17:27,667 DEBUG SQL:104 - 
    drop table HB_GROUP if exists
14:17:27,668 DEBUG SQL:104 - 
    drop table HB_MEMBERSHIP if exists
14:17:27,668 DEBUG SQL:104 - 
    drop table HB_USER if exists
14:17:27,698  INFO SchemaExport:405 - HHH000230: Schema export complete
14:17:27,699  INFO DriverManagerConnectionProviderImpl:162 - HHH000030: Cleaning up connection pool [jdbc:h2:mem:db1;DB_CLOSE_DELAY=-1;MVCC=TRUE]
]]></system-out>
  <system-err><![CDATA[]]></system-err>
</testsuite>
