<?xml version="1.0" encoding="UTF-8"?>
<testsuite errors="0" failures="0" hostname="dhcp-10.15.208.168.stl.redhat.com" name="org.hibernate.test.annotations.derivedidentities.bidirectional.CompositeDerivedIdentityTest" tests="1" time="0.105" timestamp="2013-02-28T20:10:17">
  <properties />
  <testcase classname="org.hibernate.test.annotations.derivedidentities.bidirectional.CompositeDerivedIdentityTest" name="testCreateProject" time="0.031" />
  <system-out><![CDATA[14:10:17,835  INFO CustomRunner:132 - BeforeClass: org.hibernate.test.annotations.derivedidentities.bidirectional.CompositeDerivedIdentityTest
14:10:17,855  INFO DriverManagerConnectionProviderImpl:99 - HHH000402: Using Hibernate built-in connection pool (not for production use!)
14:10:17,856  INFO DriverManagerConnectionProviderImpl:135 - HHH000115: Hibernate connection pool size: 5
14:10:17,856  INFO DriverManagerConnectionProviderImpl:138 - HHH000006: Autocommit mode: false
14:10:17,856  INFO DriverManagerConnectionProviderImpl:153 - HHH000401: using driver [org.h2.Driver] at URL [jdbc:h2:mem:db1;DB_CLOSE_DELAY=-1;MVCC=TRUE]
14:10:17,856  INFO DriverManagerConnectionProviderImpl:158 - HHH000046: Connection properties: {user=sa}
14:10:17,857  INFO Dialect:103 - HHH000400: Using dialect: org.hibernate.dialect.H2Dialect
14:10:17,858  INFO LobCreatorBuilder:94 - HHH000423: Disabling contextual LOB creation as JDBC driver reported JDBC version [3] less than 4
14:10:17,858  INFO TransactionFactoryInitiator:66 - HHH000399: Using default transaction strategy (direct JDBC transactions)
14:10:17,858  INFO ASTQueryTranslatorFactory:48 - HHH000397: Using ASTQueryTranslatorFactory
14:10:17,859  WARN CachingRegionFactory:58 - CachingRegionFactory should be only used for testing.
14:10:17,874  INFO SchemaExport:343 - HHH000227: Running hbm2ddl schema export
14:10:17,875 DEBUG SchemaExport:353 - Import file not found: /import.sql
14:10:17,875 DEBUG SQL:104 - 
    alter table order_line 
        drop constraint FK2D1242458A8C425A
14:10:17,876 ERROR SchemaExport:425 - HHH000389: Unsuccessful: alter table order_line drop constraint FK2D1242458A8C425A
14:10:17,876 ERROR SchemaExport:426 - Table "ORDER_LINE" not found; SQL statement:

    alter table order_line 
        drop constraint FK2D1242458A8C425A [42102-145]
14:10:17,876 DEBUG SQL:104 - 
    alter table order_line 
        drop constraint FK2D1242457ED3F1FA
14:10:17,876 ERROR SchemaExport:425 - HHH000389: Unsuccessful: alter table order_line drop constraint FK2D1242457ED3F1FA
14:10:17,876 ERROR SchemaExport:426 - Table "ORDER_LINE" not found; SQL statement:

    alter table order_line 
        drop constraint FK2D1242457ED3F1FA [42102-145]
14:10:17,876 DEBUG SQL:104 - 
    drop table order_line if exists
14:10:17,876 DEBUG SQL:104 - 
    drop table orders if exists
14:10:17,876 DEBUG SQL:104 - 
    drop table products if exists
14:10:17,877 DEBUG SQL:104 - 
    drop sequence hibernate_sequence
14:10:17,877 ERROR SchemaExport:425 - HHH000389: Unsuccessful: drop sequence hibernate_sequence
14:10:17,877 ERROR SchemaExport:426 - Sequence "HIBERNATE_SEQUENCE" not found; SQL statement:

    drop sequence hibernate_sequence [90036-145]
14:10:17,877 DEBUG SQL:104 - 
    create table order_line (
        amount integer,
        product_id bigint not null,
        order_id bigint not null,
        primary key (product_id, order_id)
    )
14:10:17,877 DEBUG SQL:104 - 
    create table orders (
        id bigint not null,
        name varchar(20),
        primary key (id)
    )
14:10:17,878 DEBUG SQL:104 - 
    create table products (
        id bigint not null,
        name varchar(20),
        primary key (id)
    )
14:10:17,878 DEBUG SQL:104 - 
    alter table order_line 
        add constraint FK2D1242458A8C425A 
        foreign key (product_id) 
        references products
14:10:17,879 DEBUG SQL:104 - 
    alter table order_line 
        add constraint FK2D1242457ED3F1FA 
        foreign key (order_id) 
        references orders
14:10:17,880 DEBUG SQL:104 - 
    create sequence hibernate_sequence start with 1 increment by 1
14:10:17,880  INFO SchemaExport:405 - HHH000230: Schema export complete
14:10:17,880  WARN SessionFactoryImpl:1554 - HHH000008: JTASessionContext being used with JDBCTransactionFactory; auto-flush will not operate correctly with getCurrentSession()
14:10:17,894  INFO CustomRunner:139 - Test: testCreateProject
14:10:17,895 DEBUG SQL:104 - 
    call next value for hibernate_sequence
14:10:17,897 DEBUG SQL:104 - 
    insert 
    into
        products
        (name, id) 
    values
        (?, ?)
14:10:17,898 DEBUG SQL:104 - 
    call next value for hibernate_sequence
14:10:17,898 DEBUG SQL:104 - 
    select
        orderline_.product_id,
        orderline_.order_id,
        orderline_.amount as amount0_ 
    from
        order_line orderline_ 
    where
        orderline_.product_id=? 
        and orderline_.order_id=?
14:10:17,903 DEBUG SQL:104 - 
    insert 
    into
        orders
        (name, id) 
    values
        (?, ?)
14:10:17,904 DEBUG SQL:104 - 
    insert 
    into
        order_line
        (amount, product_id, order_id) 
    values
        (?, ?, ?)
14:10:17,905 DEBUG SQL:104 - 
    select
        order0_.id as id1_0_,
        order0_.name as name1_0_ 
    from
        orders order0_ 
    where
        order0_.id=?
14:10:17,906 DEBUG SQL:104 - 
    select
        lineitems0_.order_id as order3_1_2_,
        lineitems0_.product_id as product2_0_2_,
        lineitems0_.order_id as order3_0_2_,
        lineitems0_.product_id as product2_0_1_,
        lineitems0_.order_id as order3_0_1_,
        lineitems0_.amount as amount0_1_,
        product1_.id as id2_0_,
        product1_.name as name2_0_ 
    from
        order_line lineitems0_ 
    inner join
        products product1_ 
            on lineitems0_.product_id=product1_.id 
    where
        lineitems0_.order_id=?
14:10:17,923 DEBUG SQL:104 - 
    select
        product0_.id as id2_0_,
        product0_.name as name2_0_ 
    from
        products product0_ 
    where
        product0_.id=?
14:10:17,925 DEBUG SQL:104 - 
    delete 
    from
        order_line 
    where
        product_id=? 
        and order_id=?
14:10:17,926 DEBUG SQL:104 - 
    delete 
    from
        orders 
    where
        id=?
14:10:17,926  INFO SchemaExport:343 - HHH000227: Running hbm2ddl schema export
14:10:17,928 DEBUG SchemaExport:353 - Import file not found: /import.sql
14:10:17,928 DEBUG SQL:104 - 
    alter table order_line 
        drop constraint FK2D1242458A8C425A
14:10:17,928 DEBUG SQL:104 - 
    alter table order_line 
        drop constraint FK2D1242457ED3F1FA
14:10:17,937 DEBUG SQL:104 - 
    drop table order_line if exists
14:10:17,937 DEBUG SQL:104 - 
    drop table orders if exists
14:10:17,938 DEBUG SQL:104 - 
    drop table products if exists
14:10:17,938 DEBUG SQL:104 - 
    drop sequence hibernate_sequence
14:10:17,938  INFO SchemaExport:405 - HHH000230: Schema export complete
14:10:17,939  INFO DriverManagerConnectionProviderImpl:162 - HHH000030: Cleaning up connection pool [jdbc:h2:mem:db1;DB_CLOSE_DELAY=-1;MVCC=TRUE]
]]></system-out>
  <system-err><![CDATA[]]></system-err>
</testsuite>
