<?xml version="1.0" encoding="UTF-8"?>
<testsuite errors="0" failures="0" hostname="dhcp-10.15.208.168.stl.redhat.com" name="org.hibernate.test.filter.DynamicFilterTest" tests="22" time="4.347" timestamp="2013-02-28T20:12:27">
  <properties />
  <testcase classname="org.hibernate.test.filter.DynamicFilterTest" name="testCombinedClassAndCollectionFiltersEnabled" time="0.237" />
  <testcase classname="org.hibernate.test.filter.DynamicFilterTest" name="testCriteriaControl" time="0.209" />
  <testcase classname="org.hibernate.test.filter.DynamicFilterTest" name="testCriteriaQueryFilters" time="0.195" />
  <testcase classname="org.hibernate.test.filter.DynamicFilterTest" name="testCriteriaSubqueryWithFilters" time="0.205" />
  <testcase classname="org.hibernate.test.filter.DynamicFilterTest" name="testFilterApplicationOnHqlQueryWithImplicitSubqueryContainingNamedParameter" time="0.274" />
  <testcase classname="org.hibernate.test.filter.DynamicFilterTest" name="testFilterApplicationOnHqlQueryWithImplicitSubqueryContainingPositionalParameter" time="0.275" />
  <testcase classname="org.hibernate.test.filter.DynamicFilterTest" name="testFiltersOnMultiTableHqlDelete" time="0.031" />
  <testcase classname="org.hibernate.test.filter.DynamicFilterTest" name="testFiltersOnSimpleHqlDelete" time="0.014" />
  <testcase classname="org.hibernate.test.filter.DynamicFilterTest" name="testFiltersWithCustomerReadAndWrite" time="0.19" />
  <testcase classname="org.hibernate.test.filter.DynamicFilterTest" name="testGetFilters" time="0.173" />
  <testcase classname="org.hibernate.test.filter.DynamicFilterTest" name="testHQLSubqueryWithFilters" time="0.619" />
  <testcase classname="org.hibernate.test.filter.DynamicFilterTest" name="testHqlFilters" time="0.109" />
  <testcase classname="org.hibernate.test.filter.DynamicFilterTest" name="testInStyleFilterParameter" time="0.195" />
  <testcase classname="org.hibernate.test.filter.DynamicFilterTest" name="testManyToManyBase" time="0.161" />
  <testcase classname="org.hibernate.test.filter.DynamicFilterTest" name="testManyToManyBaseThruCriteria" time="0.184" />
  <testcase classname="org.hibernate.test.filter.DynamicFilterTest" name="testManyToManyFilterOnCriteria" time="0.18" />
  <testcase classname="org.hibernate.test.filter.DynamicFilterTest" name="testManyToManyFilterOnLoad" time="0.166" />
  <testcase classname="org.hibernate.test.filter.DynamicFilterTest" name="testManyToManyFilterOnQuery" time="0.194" />
  <testcase classname="org.hibernate.test.filter.DynamicFilterTest" name="testManyToManyOnCollectionLoadAfterHQL" time="0.19" />
  <testcase classname="org.hibernate.test.filter.DynamicFilterTest" name="testOneToManyFilters" time="0.176" />
  <testcase classname="org.hibernate.test.filter.DynamicFilterTest" name="testSecondLevelCachedCollectionsFiltering" time="0.188" />
  <testcase classname="org.hibernate.test.filter.DynamicFilterTest" name="testSqlSyntaxOfFiltersWithUnions" time="0.018" />
  <system-out><![CDATA[14:12:27,238  INFO CustomRunner:132 - BeforeClass: org.hibernate.test.filter.DynamicFilterTest
14:12:27,240  INFO Configuration:706 - HHH000221: Reading mappings from resource: org/hibernate/test/filter/defs.hbm.xml
14:12:27,247  INFO Configuration:706 - HHH000221: Reading mappings from resource: org/hibernate/test/filter/LineItem.hbm.xml
14:12:27,253  INFO Configuration:706 - HHH000221: Reading mappings from resource: org/hibernate/test/filter/Order.hbm.xml
14:12:27,259  INFO Configuration:706 - HHH000221: Reading mappings from resource: org/hibernate/test/filter/Product.hbm.xml
14:12:27,267  INFO Configuration:706 - HHH000221: Reading mappings from resource: org/hibernate/test/filter/Salesperson.hbm.xml
14:12:27,275  INFO Configuration:706 - HHH000221: Reading mappings from resource: org/hibernate/test/filter/Department.hbm.xml
14:12:27,293  INFO Configuration:706 - HHH000221: Reading mappings from resource: org/hibernate/test/filter/Category.hbm.xml
14:12:27,305  INFO DriverManagerConnectionProviderImpl:99 - HHH000402: Using Hibernate built-in connection pool (not for production use!)
14:12:27,306  INFO DriverManagerConnectionProviderImpl:135 - HHH000115: Hibernate connection pool size: 5
14:12:27,306  INFO DriverManagerConnectionProviderImpl:138 - HHH000006: Autocommit mode: false
14:12:27,306  INFO DriverManagerConnectionProviderImpl:153 - HHH000401: using driver [org.h2.Driver] at URL [jdbc:h2:mem:db1;DB_CLOSE_DELAY=-1;MVCC=TRUE]
14:12:27,306  INFO DriverManagerConnectionProviderImpl:158 - HHH000046: Connection properties: {user=sa}
14:12:27,307  INFO Dialect:103 - HHH000400: Using dialect: org.hibernate.dialect.H2Dialect
14:12:27,308  INFO LobCreatorBuilder:94 - HHH000423: Disabling contextual LOB creation as JDBC driver reported JDBC version [3] less than 4
14:12:27,308  INFO TransactionFactoryInitiator:66 - HHH000399: Using default transaction strategy (direct JDBC transactions)
14:12:27,309  INFO ASTQueryTranslatorFactory:48 - HHH000397: Using ASTQueryTranslatorFactory
14:12:27,309  WARN CachingRegionFactory:58 - CachingRegionFactory should be only used for testing.
14:12:27,309  INFO UpdateTimestampsCache:61 - HHH000250: Starting update timestamps cache at region: hibernate.test.org.hibernate.cache.spi.UpdateTimestampsCache
14:12:27,309  INFO StandardQueryCache:86 - HHH000248: Starting query cache at region: hibernate.test.org.hibernate.cache.internal.StandardQueryCache
14:12:27,344  INFO SchemaExport:343 - HHH000227: Running hbm2ddl schema export
14:12:27,344 DEBUG SchemaExport:353 - Import file not found: /import.sql
14:12:27,344 DEBUG SQL:104 - 
    alter table ORDER_ITEM 
        drop constraint FK4BBDE9842AA461A
14:12:27,345 ERROR SchemaExport:425 - HHH000389: Unsuccessful: alter table ORDER_ITEM drop constraint FK4BBDE9842AA461A
14:12:27,345 ERROR SchemaExport:426 - Table "ORDER_ITEM" not found; SQL statement:

    alter table ORDER_ITEM 
        drop constraint FK4BBDE9842AA461A [42102-145]
14:12:27,345 DEBUG SQL:104 - 
    alter table ORDER_ITEM 
        drop constraint FK4BBDE984721E0E7A
14:12:27,345 ERROR SchemaExport:425 - HHH000389: Unsuccessful: alter table ORDER_ITEM drop constraint FK4BBDE984721E0E7A
14:12:27,345 ERROR SchemaExport:426 - Table "ORDER_ITEM" not found; SQL statement:

    alter table ORDER_ITEM 
        drop constraint FK4BBDE984721E0E7A [42102-145]
14:12:27,345 DEBUG SQL:104 - 
    alter table ORDER_ITEM 
        drop constraint FK4BBDE984F72EBF12
14:12:27,346 ERROR SchemaExport:425 - HHH000389: Unsuccessful: alter table ORDER_ITEM drop constraint FK4BBDE984F72EBF12
14:12:27,346 ERROR SchemaExport:426 - Table "ORDER_ITEM" not found; SQL statement:

    alter table ORDER_ITEM 
        drop constraint FK4BBDE984F72EBF12 [42102-145]
14:12:27,346 DEBUG SQL:104 - 
    alter table PROD_CAT 
        drop constraint FKF2D64ACE17DB0402
14:12:27,346 ERROR SchemaExport:425 - HHH000389: Unsuccessful: alter table PROD_CAT drop constraint FKF2D64ACE17DB0402
14:12:27,346 ERROR SchemaExport:426 - Table "PROD_CAT" not found; SQL statement:

    alter table PROD_CAT 
        drop constraint FKF2D64ACE17DB0402 [42102-145]
14:12:27,346 DEBUG SQL:104 - 
    alter table PROD_CAT 
        drop constraint FKF2D64ACEF72EBF12
14:12:27,346 ERROR SchemaExport:425 - HHH000389: Unsuccessful: alter table PROD_CAT drop constraint FKF2D64ACEF72EBF12
14:12:27,347 ERROR SchemaExport:426 - Table "PROD_CAT" not found; SQL statement:

    alter table PROD_CAT 
        drop constraint FKF2D64ACEF72EBF12 [42102-145]
14:12:27,347 DEBUG SQL:104 - 
    alter table SALES_PERSON 
        drop constraint FKA4D19A08CC6B0987
14:12:27,347 ERROR SchemaExport:425 - HHH000389: Unsuccessful: alter table SALES_PERSON drop constraint FKA4D19A08CC6B0987
14:12:27,347 ERROR SchemaExport:426 - Table "SALES_PERSON" not found; SQL statement:

    alter table SALES_PERSON 
        drop constraint FKA4D19A08CC6B0987 [42102-145]
14:12:27,347 DEBUG SQL:104 - 
    alter table T_ORDER 
        drop constraint FK227638344A7D153
14:12:27,347 ERROR SchemaExport:425 - HHH000389: Unsuccessful: alter table T_ORDER drop constraint FK227638344A7D153
14:12:27,348 ERROR SchemaExport:426 - Table "T_ORDER" not found; SQL statement:

    alter table T_ORDER 
        drop constraint FK227638344A7D153 [42102-145]
14:12:27,348 DEBUG SQL:104 - 
    drop table CATEGORY if exists
14:12:27,348 DEBUG SQL:104 - 
    drop table DEPARTMENT if exists
14:12:27,348 DEBUG SQL:104 - 
    drop table ORDER_ITEM if exists
14:12:27,348 DEBUG SQL:104 - 
    drop table PRODUCT if exists
14:12:27,349 DEBUG SQL:104 - 
    drop table PROD_CAT if exists
14:12:27,349 DEBUG SQL:104 - 
    drop table SALES_PERSON if exists
14:12:27,349 DEBUG SQL:104 - 
    drop table T_ORDER if exists
14:12:27,349 DEBUG SQL:104 - 
    create table CATEGORY (
        CAT_ID bigint generated by default as identity,
        name varchar(255),
        eff_start_dt timestamp,
        eff_end_dt timestamp,
        primary key (CAT_ID)
    )
14:12:27,350 DEBUG SQL:104 - 
    create table DEPARTMENT (
        DEPT_ID bigint generated by default as identity,
        REG varchar(255),
        primary key (DEPT_ID)
    )
14:12:27,350 DEBUG SQL:104 - 
    create table ORDER_ITEM (
        ITEM_ID bigint generated by default as identity,
        ORDER_ID bigint,
        SEQ integer,
        PRODUCT_ID bigint,
        AMT bigint,
        PROD_ID bigint,
        primary key (ITEM_ID)
    )
14:12:27,351 DEBUG SQL:104 - 
    create table PRODUCT (
        PROD_ID bigint generated by default as identity,
        name varchar(255),
        STOCK_NUM integer,
        weight_kg double not null,
        eff_start_dt timestamp,
        eff_end_dt timestamp,
        primary key (PROD_ID)
    )
14:12:27,351 DEBUG SQL:104 - 
    create table PROD_CAT (
        PROD_ID bigint not null,
        CAT_ID bigint not null,
        primary key (PROD_ID, CAT_ID)
    )
14:12:27,352 DEBUG SQL:104 - 
    create table SALES_PERSON (
        SALES_PERSON_ID bigint generated by default as identity,
        NAME varchar(255),
        REG varchar(255),
        DEPT_ID bigint,
        "hire dt" timestamp,
        primary key (SALES_PERSON_ID)
    )
14:12:27,352 DEBUG SQL:104 - 
    create table T_ORDER (
        ORDER_ID bigint generated by default as identity,
        REG varchar(255),
        BUYER varchar(255),
        "ord dt" timestamp,
        "close dt" timestamp,
        SALES_PERSON_ID bigint,
        primary key (ORDER_ID)
    )
14:12:27,353 DEBUG SQL:104 - 
    alter table ORDER_ITEM 
        add constraint FK4BBDE9842AA461A 
        foreign key (ORDER_ID) 
        references T_ORDER
14:12:27,354 DEBUG SQL:104 - 
    alter table ORDER_ITEM 
        add constraint FK4BBDE984721E0E7A 
        foreign key (PRODUCT_ID) 
        references PRODUCT
14:12:27,354 DEBUG SQL:104 - 
    alter table ORDER_ITEM 
        add constraint FK4BBDE984F72EBF12 
        foreign key (PROD_ID) 
        references PRODUCT
14:12:27,355 DEBUG SQL:104 - 
    alter table PROD_CAT 
        add constraint FKF2D64ACE17DB0402 
        foreign key (CAT_ID) 
        references CATEGORY
14:12:27,355 DEBUG SQL:104 - 
    alter table PROD_CAT 
        add constraint FKF2D64ACEF72EBF12 
        foreign key (PROD_ID) 
        references PRODUCT
14:12:27,356 DEBUG SQL:104 - 
    alter table SALES_PERSON 
        add constraint FKA4D19A08CC6B0987 
        foreign key (DEPT_ID) 
        references DEPARTMENT
14:12:27,357 DEBUG SQL:104 - 
    alter table T_ORDER 
        add constraint FK227638344A7D153 
        foreign key (SALES_PERSON_ID) 
        references SALES_PERSON
14:12:27,357  INFO SchemaExport:405 - HHH000230: Schema export complete
14:12:27,358  WARN SessionFactoryImpl:1554 - HHH000008: JTASessionContext being used with JDBCTransactionFactory; auto-flush will not operate correctly with getCurrentSession()
14:12:27,358  INFO CustomRunner:139 - Test: testCombinedClassAndCollectionFiltersEnabled
14:12:27,361 DEBUG SQL:104 - 
    insert 
    into
        DEPARTMENT
        (DEPT_ID, REG) 
    values
        (null, ?)
14:12:27,362 DEBUG BaseGeneralDataRegion:59 - Caching[hibernate.test.org.hibernate.cache.spi.UpdateTimestampsCache] : [DEPARTMENT] -> [5579089540554752]
14:12:27,363 DEBUG SQL:104 - 
    insert 
    into
        SALES_PERSON
        (SALES_PERSON_ID, NAME, REG, DEPT_ID, "hire dt") 
    values
        (null, ?, ?, ?, ?)
14:12:27,363 DEBUG BaseGeneralDataRegion:59 - Caching[hibernate.test.org.hibernate.cache.spi.UpdateTimestampsCache] : [SALES_PERSON] -> [5579089540558848]
14:12:27,363 DEBUG SQL:104 - 
    insert 
    into
        SALES_PERSON
        (SALES_PERSON_ID, NAME, REG, DEPT_ID, "hire dt") 
    values
        (null, ?, ?, ?, ?)
14:12:27,363 DEBUG BaseGeneralDataRegion:59 - Caching[hibernate.test.org.hibernate.cache.spi.UpdateTimestampsCache] : [SALES_PERSON] -> [5579089540558849]
14:12:27,364 DEBUG SQL:104 - 
    insert 
    into
        PRODUCT
        (PROD_ID, name, STOCK_NUM, weight_kg, eff_start_dt, eff_end_dt) 
    values
        (null, ?, ?, 0.453E0 * ?, ?, ?)
14:12:27,364 DEBUG BaseGeneralDataRegion:59 - Caching[hibernate.test.org.hibernate.cache.spi.UpdateTimestampsCache] : [PRODUCT] -> [5579089540562944]
14:12:27,365 DEBUG SQL:104 - 
    insert 
    into
        CATEGORY
        (CAT_ID, name, eff_start_dt, eff_end_dt) 
    values
        (null, ?, ?, ?)
14:12:27,365 DEBUG BaseGeneralDataRegion:59 - Caching[hibernate.test.org.hibernate.cache.spi.UpdateTimestampsCache] : [CATEGORY] -> [5579089540567040]
14:12:27,365 DEBUG SQL:104 - 
    insert 
    into
        CATEGORY
        (CAT_ID, name, eff_start_dt, eff_end_dt) 
    values
        (null, ?, ?, ?)
14:12:27,366 DEBUG BaseGeneralDataRegion:59 - Caching[hibernate.test.org.hibernate.cache.spi.UpdateTimestampsCache] : [CATEGORY] -> [5579089540571136]
14:12:27,366 DEBUG SQL:104 - 
    insert 
    into
        T_ORDER
        (ORDER_ID, REG, BUYER, "ord dt", "close dt", SALES_PERSON_ID) 
    values
        (null, ?, ?, ?, ?, ?)
14:12:27,366 DEBUG BaseGeneralDataRegion:59 - Caching[hibernate.test.org.hibernate.cache.spi.UpdateTimestampsCache] : [T_ORDER] -> [5579089540571137]
14:12:27,367 DEBUG SQL:104 - 
    insert 
    into
        ORDER_ITEM
        (ITEM_ID, ORDER_ID, SEQ, PRODUCT_ID, AMT) 
    values
        (null, ?, ?, ?, ?)
14:12:27,367 DEBUG BaseGeneralDataRegion:59 - Caching[hibernate.test.org.hibernate.cache.spi.UpdateTimestampsCache] : [ORDER_ITEM] -> [5579089540575232]
14:12:27,367 DEBUG SQL:104 - 
    insert 
    into
        PRODUCT
        (PROD_ID, name, STOCK_NUM, weight_kg, eff_start_dt, eff_end_dt) 
    values
        (null, ?, ?, 0.453E0 * ?, ?, ?)
14:12:27,368 DEBUG BaseGeneralDataRegion:59 - Caching[hibernate.test.org.hibernate.cache.spi.UpdateTimestampsCache] : [PRODUCT] -> [5579089540579328]
14:12:27,368 DEBUG SQL:104 - 
    insert 
    into
        CATEGORY
        (CAT_ID, name, eff_start_dt, eff_end_dt) 
    values
        (null, ?, ?, ?)
14:12:27,368 DEBUG BaseGeneralDataRegion:59 - Caching[hibernate.test.org.hibernate.cache.spi.UpdateTimestampsCache] : [CATEGORY] -> [5579089540579329]
14:12:27,368 DEBUG SQL:104 - 
    insert 
    into
        PRODUCT
        (PROD_ID, name, STOCK_NUM, weight_kg, eff_start_dt, eff_end_dt) 
    values
        (null, ?, ?, 0.453E0 * ?, ?, ?)
14:12:27,368 DEBUG BaseGeneralDataRegion:59 - Caching[hibernate.test.org.hibernate.cache.spi.UpdateTimestampsCache] : [PRODUCT] -> [5579089540579330]
14:12:27,369 DEBUG SQL:104 - 
    insert 
    into
        T_ORDER
        (ORDER_ID, REG, BUYER, "ord dt", "close dt", SALES_PERSON_ID) 
    values
        (null, ?, ?, ?, ?, ?)
14:12:27,369 DEBUG BaseGeneralDataRegion:59 - Caching[hibernate.test.org.hibernate.cache.spi.UpdateTimestampsCache] : [T_ORDER] -> [5579089540583424]
14:12:27,369 DEBUG SQL:104 - 
    insert 
    into
        ORDER_ITEM
        (ITEM_ID, ORDER_ID, SEQ, PRODUCT_ID, AMT) 
    values
        (null, ?, ?, ?, ?)
14:12:27,369 DEBUG BaseGeneralDataRegion:59 - Caching[hibernate.test.org.hibernate.cache.spi.UpdateTimestampsCache] : [ORDER_ITEM] -> [5579089540583425]
14:12:27,370 DEBUG SQL:104 - 
    update
        PRODUCT 
    set
        name=?,
        STOCK_NUM=?,
        weight_kg=0.453E0 * ?,
        eff_start_dt=?,
        eff_end_dt=? 
    where
        PROD_ID=?
14:12:27,371 DEBUG BaseGeneralDataRegion:69 - Evicting[hibernate.test.org.hibernate.test.filter.Product]: org.hibernate.test.filter.Product#1
14:12:27,371 DEBUG BaseGeneralDataRegion:59 - Caching[hibernate.test.org.hibernate.cache.spi.UpdateTimestampsCache] : [PRODUCT] -> [5579089540591616]
14:12:27,371 DEBUG BaseGeneralDataRegion:69 - Evicting[hibernate.test.org.hibernate.test.filter.Department.salespersons]: org.hibernate.test.filter.Department.salespersons#1
14:12:27,371 DEBUG BaseGeneralDataRegion:59 - Caching[hibernate.test.org.hibernate.cache.spi.UpdateTimestampsCache] : [SALES_PERSON] -> [5579089540591617]
14:12:27,371 DEBUG BaseGeneralDataRegion:69 - Evicting[hibernate.test.org.hibernate.test.filter.Salesperson.orders]: org.hibernate.test.filter.Salesperson.orders#1
14:12:27,372 DEBUG BaseGeneralDataRegion:59 - Caching[hibernate.test.org.hibernate.cache.spi.UpdateTimestampsCache] : [T_ORDER] -> [5579089540595712]
14:12:27,372 DEBUG BaseGeneralDataRegion:69 - Evicting[hibernate.test.org.hibernate.test.filter.Salesperson.orders]: org.hibernate.test.filter.Salesperson.orders#2
14:12:27,372 DEBUG BaseGeneralDataRegion:59 - Caching[hibernate.test.org.hibernate.cache.spi.UpdateTimestampsCache] : [T_ORDER] -> [5579089540595713]
14:12:27,372 DEBUG SQL:104 - 
    insert 
    into
        PROD_CAT
        (PROD_ID, CAT_ID) 
    values
        (?, ?)
14:12:27,372 DEBUG SQL:104 - 
    insert 
    into
        PROD_CAT
        (PROD_ID, CAT_ID) 
    values
        (?, ?)
14:12:27,372 DEBUG BaseGeneralDataRegion:69 - Evicting[hibernate.test.org.hibernate.test.filter.Product.categories]: org.hibernate.test.filter.Product.categories#1
14:12:27,372 DEBUG BaseGeneralDataRegion:59 - Caching[hibernate.test.org.hibernate.cache.spi.UpdateTimestampsCache] : [PROD_CAT] -> [5579089540595714]
14:12:27,372 DEBUG BaseGeneralDataRegion:69 - Evicting[hibernate.test.org.hibernate.test.filter.Category.products]: org.hibernate.test.filter.Category.products#1
14:12:27,373 DEBUG BaseGeneralDataRegion:59 - Caching[hibernate.test.org.hibernate.cache.spi.UpdateTimestampsCache] : [PROD_CAT] -> [5579089540599808]
14:12:27,373 DEBUG BaseGeneralDataRegion:69 - Evicting[hibernate.test.org.hibernate.test.filter.Category.products]: org.hibernate.test.filter.Category.products#2
14:12:27,373 DEBUG BaseGeneralDataRegion:59 - Caching[hibernate.test.org.hibernate.cache.spi.UpdateTimestampsCache] : [PROD_CAT] -> [5579089540599809]
14:12:27,373 DEBUG BaseGeneralDataRegion:69 - Evicting[hibernate.test.org.hibernate.test.filter.Order.lineItems]: org.hibernate.test.filter.Order.lineItems#1
14:12:27,373 DEBUG BaseGeneralDataRegion:59 - Caching[hibernate.test.org.hibernate.cache.spi.UpdateTimestampsCache] : [ORDER_ITEM] -> [5579089540599810]
14:12:27,373 DEBUG SQL:104 - 
    insert 
    into
        PROD_CAT
        (PROD_ID, CAT_ID) 
    values
        (?, ?)
14:12:27,373 DEBUG BaseGeneralDataRegion:69 - Evicting[hibernate.test.org.hibernate.test.filter.Product.categories]: org.hibernate.test.filter.Product.categories#2
14:12:27,373 DEBUG BaseGeneralDataRegion:59 - Caching[hibernate.test.org.hibernate.cache.spi.UpdateTimestampsCache] : [PROD_CAT] -> [5579089540599811]
14:12:27,373 DEBUG BaseGeneralDataRegion:69 - Evicting[hibernate.test.org.hibernate.test.filter.Category.products]: org.hibernate.test.filter.Category.products#3
14:12:27,374 DEBUG BaseGeneralDataRegion:59 - Caching[hibernate.test.org.hibernate.cache.spi.UpdateTimestampsCache] : [PROD_CAT] -> [5579089540603904]
14:12:27,374 DEBUG BaseGeneralDataRegion:69 - Evicting[hibernate.test.org.hibernate.test.filter.Order.lineItems]: org.hibernate.test.filter.Order.lineItems#2
14:12:27,374 DEBUG BaseGeneralDataRegion:59 - Caching[hibernate.test.org.hibernate.cache.spi.UpdateTimestampsCache] : [ORDER_ITEM] -> [5579089540603905]
14:12:27,374 DEBUG BaseGeneralDataRegion:69 - Evicting[hibernate.test.org.hibernate.test.filter.Product]: org.hibernate.test.filter.Product#1
14:12:27,374 DEBUG BaseGeneralDataRegion:69 - Evicting[hibernate.test.org.hibernate.test.filter.Department.salespersons]: org.hibernate.test.filter.Department.salespersons#1
14:12:27,374 DEBUG BaseGeneralDataRegion:69 - Evicting[hibernate.test.org.hibernate.test.filter.Salesperson.orders]: org.hibernate.test.filter.Salesperson.orders#1
14:12:27,374 DEBUG BaseGeneralDataRegion:69 - Evicting[hibernate.test.org.hibernate.test.filter.Salesperson.orders]: org.hibernate.test.filter.Salesperson.orders#2
14:12:27,374 DEBUG BaseGeneralDataRegion:69 - Evicting[hibernate.test.org.hibernate.test.filter.Product.categories]: org.hibernate.test.filter.Product.categories#1
14:12:27,375 DEBUG BaseGeneralDataRegion:69 - Evicting[hibernate.test.org.hibernate.test.filter.Category.products]: org.hibernate.test.filter.Category.products#1
14:12:27,375 DEBUG BaseGeneralDataRegion:69 - Evicting[hibernate.test.org.hibernate.test.filter.Category.products]: org.hibernate.test.filter.Category.products#2
14:12:27,375 DEBUG BaseGeneralDataRegion:69 - Evicting[hibernate.test.org.hibernate.test.filter.Order.lineItems]: org.hibernate.test.filter.Order.lineItems#1
14:12:27,375 DEBUG BaseGeneralDataRegion:69 - Evicting[hibernate.test.org.hibernate.test.filter.Product.categories]: org.hibernate.test.filter.Product.categories#2
14:12:27,375 DEBUG BaseGeneralDataRegion:69 - Evicting[hibernate.test.org.hibernate.test.filter.Category.products]: org.hibernate.test.filter.Category.products#3
14:12:27,375 DEBUG BaseGeneralDataRegion:69 - Evicting[hibernate.test.org.hibernate.test.filter.Order.lineItems]: org.hibernate.test.filter.Order.lineItems#2
14:12:27,375 DEBUG BaseGeneralDataRegion:59 - Caching[hibernate.test.org.hibernate.cache.spi.UpdateTimestampsCache] : [ORDER_ITEM] -> [5579089294848000]
14:12:27,375 DEBUG BaseGeneralDataRegion:59 - Caching[hibernate.test.org.hibernate.cache.spi.UpdateTimestampsCache] : [CATEGORY] -> [5579089294848000]
14:12:27,375 DEBUG BaseGeneralDataRegion:59 - Caching[hibernate.test.org.hibernate.cache.spi.UpdateTimestampsCache] : [SALES_PERSON] -> [5579089294848000]
14:12:27,375 DEBUG BaseGeneralDataRegion:59 - Caching[hibernate.test.org.hibernate.cache.spi.UpdateTimestampsCache] : [T_ORDER] -> [5579089294848000]
14:12:27,375 DEBUG BaseGeneralDataRegion:59 - Caching[hibernate.test.org.hibernate.cache.spi.UpdateTimestampsCache] : [PRODUCT] -> [5579089294848000]
14:12:27,375 DEBUG BaseGeneralDataRegion:59 - Caching[hibernate.test.org.hibernate.cache.spi.UpdateTimestampsCache] : [DEPARTMENT] -> [5579089294848000]
14:12:27,376 DEBUG BaseGeneralDataRegion:59 - Caching[hibernate.test.org.hibernate.cache.spi.UpdateTimestampsCache] : [PROD_CAT] -> [5579089294848000]
14:12:27,376 DEBUG QueryTranslatorImpl:265 - parse() - HQL: select s from org.hibernate.test.filter.Salesperson as s
14:12:27,377 DEBUG QueryTranslatorImpl:283 - --- HQL AST ---
 \-[QUERY] Node: 'query'
    \-[SELECT_FROM] Node: 'SELECT_FROM'
       +-[FROM] Node: 'from'
       |  \-[RANGE] Node: 'RANGE'
       |     +-[DOT] Node: '.'
       |     |  +-[DOT] Node: '.'
       |     |  |  +-[DOT] Node: '.'
       |     |  |  |  +-[DOT] Node: '.'
       |     |  |  |  |  +-[IDENT] Node: 'org'
       |     |  |  |  |  \-[IDENT] Node: 'hibernate'
       |     |  |  |  \-[IDENT] Node: 'test'
       |     |  |  \-[IDENT] Node: 'filter'
       |     |  \-[IDENT] Node: 'Salesperson'
       |     \-[ALIAS] Node: 's'
       \-[SELECT] Node: 'select'
          \-[IDENT] Node: 's'

14:12:27,377 DEBUG ErrorCounter:82 - throwQueryException() : no errors
14:12:27,377 DEBUG FromElement:157 - FromClause{level=1} : org.hibernate.test.filter.Salesperson (s) -> salesperso0_
14:12:27,377 DEBUG FromReferenceNode:74 - Resolved : s -> salesperso0_.SALES_PERSON_ID
14:12:27,378 DEBUG HqlSqlWalker:629 - processQuery() :  ( SELECT ( {select clause} salesperso0_.SALES_PERSON_ID ) ( FromClause{level=1} SALES_PERSON salesperso0_ ) )
14:12:27,378 DEBUG JoinProcessor:175 - Using FROM fragment [SALES_PERSON salesperso0_]
14:12:27,378 DEBUG SyntheticAndFactory:92 - Using unprocessed WHERE-fragment [salesperso0_.REG IN (:regionlist.regions)]
14:12:27,378 DEBUG SyntheticAndFactory:124 - Using processed WHERE-fragment [salesperso0_.REG IN (?,?)]
14:12:27,378 DEBUG QueryNode:73 - getWhereClause() : Creating a new WHERE clause...
14:12:27,378 DEBUG QueryTranslatorImpl:252 - --- SQL AST ---
 \-[SELECT] QueryNode: 'SELECT'  querySpaces (SALES_PERSON)
    +-[SELECT_CLAUSE] SelectClause: '{select clause}'
    |  +-[ALIAS_REF] IdentNode: 'salesperso0_.SALES_PERSON_ID as SALES1_5_' {alias=s, className=org.hibernate.test.filter.Salesperson, tableAlias=salesperso0_}
    |  \-[SQL_TOKEN] SqlFragment: 'salesperso0_.NAME as NAME5_, salesperso0_.REG as REG5_, salesperso0_.DEPT_ID as DEPT4_5_, salesperso0_."hire dt" as hire5_5_'
    +-[FROM] FromClause: 'from' FromClause{level=1, fromElementCounter=1, fromElements=1, fromElementByClassAlias=[s], fromElementByTableAlias=[salesperso0_], fromElementsByPath=[], collectionJoinFromElementsByPath=[], impliedElements=[]}
    |  \-[FROM_FRAGMENT] FromElement: 'SALES_PERSON salesperso0_' FromElement{explicit,not a collection join,not a fetch join,fetch non-lazy properties,classAlias=s,role=null,tableName=SALES_PERSON,tableAlias=salesperso0_,origin=null,columns={,className=org.hibernate.test.filter.Salesperson}}
    \-[WHERE] SqlNode: 'WHERE'
       \-[FILTERS] SqlNode: '{filter conditions}'
          \-[SQL_TOKEN] SqlFragment: 'salesperso0_.REG IN (?,?)'

14:12:27,378 DEBUG ErrorCounter:82 - throwQueryException() : no errors
14:12:27,378 DEBUG QueryTranslatorImpl:235 - HQL: select s from org.hibernate.test.filter.Salesperson as s
14:12:27,379 DEBUG QueryTranslatorImpl:236 - SQL: select salesperso0_.SALES_PERSON_ID as SALES1_5_, salesperso0_.NAME as NAME5_, salesperso0_.REG as REG5_, salesperso0_.DEPT_ID as DEPT4_5_, salesperso0_."hire dt" as hire5_5_ from SALES_PERSON salesperso0_ where salesperso0_.REG IN (?,?)
14:12:27,379 DEBUG ErrorCounter:82 - throwQueryException() : no errors
14:12:27,379 DEBUG SQL:104 - 
    select
        salesperso0_.SALES_PERSON_ID as SALES1_5_,
        salesperso0_.NAME as NAME5_,
        salesperso0_.REG as REG5_,
        salesperso0_.DEPT_ID as DEPT4_5_,
        salesperso0_."hire dt" as hire5_5_ 
    from
        SALES_PERSON salesperso0_ 
    where
        salesperso0_.REG IN (
            ?,?
        )
14:12:27,380 DEBUG BaseRegionAccessStrategy:66 - Caching: org.hibernate.test.filter.Salesperson#1
14:12:27,380 DEBUG BaseGeneralDataRegion:59 - Caching[hibernate.test.org.hibernate.test.filter.Salesperson] : [org.hibernate.test.filter.Salesperson#1] -> [CacheEntry(org.hibernate.test.filter.Salesperson)[steve,APAC,1,2012-08-28 14:12:27.361,1]]
14:12:27,381 DEBUG SQL:104 - 
    select
        orders0_.SALES_PERSON_ID as SALES6_5_1_,
        orders0_.ORDER_ID as ORDER1_6_1_,
        orders0_.ORDER_ID as ORDER1_6_0_,
        orders0_.REG as REG6_0_,
        orders0_.BUYER as BUYER6_0_,
        orders0_."ord dt" as ord4_6_0_,
        orders0_."close dt" as close5_6_0_,
        orders0_.SALES_PERSON_ID as SALES6_6_0_ 
    from
        T_ORDER orders0_ 
    where
        orders0_."close dt" < ? 
        and orders0_.SALES_PERSON_ID=?
14:12:27,381 DEBUG BaseRegionAccessStrategy:66 - Caching: org.hibernate.test.filter.Order#1
14:12:27,381 DEBUG BaseGeneralDataRegion:59 - Caching[hibernate.test.org.hibernate.test.filter.Order] : [org.hibernate.test.filter.Order#1] -> [CacheEntry(org.hibernate.test.filter.Order)[APAC,gavin,2012-08-28 14:12:27.361,2012-10-28 14:12:27.361,1,1]]
14:12:27,382 DEBUG QueryTranslatorImpl:265 - parse() - HQL: select s from org.hibernate.test.filter.Salesperson as s
14:12:27,383 DEBUG QueryTranslatorImpl:283 - --- HQL AST ---
 \-[QUERY] Node: 'query'
    \-[SELECT_FROM] Node: 'SELECT_FROM'
       +-[FROM] Node: 'from'
       |  \-[RANGE] Node: 'RANGE'
       |     +-[DOT] Node: '.'
       |     |  +-[DOT] Node: '.'
       |     |  |  +-[DOT] Node: '.'
       |     |  |  |  +-[DOT] Node: '.'
       |     |  |  |  |  +-[IDENT] Node: 'org'
       |     |  |  |  |  \-[IDENT] Node: 'hibernate'
       |     |  |  |  \-[IDENT] Node: 'test'
       |     |  |  \-[IDENT] Node: 'filter'
       |     |  \-[IDENT] Node: 'Salesperson'
       |     \-[ALIAS] Node: 's'
       \-[SELECT] Node: 'select'
          \-[IDENT] Node: 's'

14:12:27,383 DEBUG ErrorCounter:82 - throwQueryException() : no errors
14:12:27,383 DEBUG FromElement:157 - FromClause{level=1} : org.hibernate.test.filter.Salesperson (s) -> salesperso0_
14:12:27,383 DEBUG FromReferenceNode:74 - Resolved : s -> salesperso0_.SALES_PERSON_ID
14:12:27,384 DEBUG HqlSqlWalker:629 - processQuery() :  ( SELECT ( {select clause} salesperso0_.SALES_PERSON_ID ) ( FromClause{level=1} SALES_PERSON salesperso0_ ) )
14:12:27,384 DEBUG JoinProcessor:175 - Using FROM fragment [SALES_PERSON salesperso0_]
14:12:27,384 DEBUG SyntheticAndFactory:92 - Using unprocessed WHERE-fragment [salesperso0_.REG IN (:regionlist.regions)]
14:12:27,384 DEBUG SyntheticAndFactory:124 - Using processed WHERE-fragment [salesperso0_.REG IN (?,?,?)]
14:12:27,384 DEBUG QueryNode:73 - getWhereClause() : Creating a new WHERE clause...
14:12:27,384 DEBUG QueryTranslatorImpl:252 - --- SQL AST ---
 \-[SELECT] QueryNode: 'SELECT'  querySpaces (SALES_PERSON)
    +-[SELECT_CLAUSE] SelectClause: '{select clause}'
    |  +-[ALIAS_REF] IdentNode: 'salesperso0_.SALES_PERSON_ID as SALES1_5_' {alias=s, className=org.hibernate.test.filter.Salesperson, tableAlias=salesperso0_}
    |  \-[SQL_TOKEN] SqlFragment: 'salesperso0_.NAME as NAME5_, salesperso0_.REG as REG5_, salesperso0_.DEPT_ID as DEPT4_5_, salesperso0_."hire dt" as hire5_5_'
    +-[FROM] FromClause: 'from' FromClause{level=1, fromElementCounter=1, fromElements=1, fromElementByClassAlias=[s], fromElementByTableAlias=[salesperso0_], fromElementsByPath=[], collectionJoinFromElementsByPath=[], impliedElements=[]}
    |  \-[FROM_FRAGMENT] FromElement: 'SALES_PERSON salesperso0_' FromElement{explicit,not a collection join,not a fetch join,fetch non-lazy properties,classAlias=s,role=null,tableName=SALES_PERSON,tableAlias=salesperso0_,origin=null,columns={,className=org.hibernate.test.filter.Salesperson}}
    \-[WHERE] SqlNode: 'WHERE'
       \-[FILTERS] SqlNode: '{filter conditions}'
          \-[SQL_TOKEN] SqlFragment: 'salesperso0_.REG IN (?,?,?)'

14:12:27,384 DEBUG ErrorCounter:82 - throwQueryException() : no errors
14:12:27,384 DEBUG QueryTranslatorImpl:235 - HQL: select s from org.hibernate.test.filter.Salesperson as s
14:12:27,385 DEBUG QueryTranslatorImpl:236 - SQL: select salesperso0_.SALES_PERSON_ID as SALES1_5_, salesperso0_.NAME as NAME5_, salesperso0_.REG as REG5_, salesperso0_.DEPT_ID as DEPT4_5_, salesperso0_."hire dt" as hire5_5_ from SALES_PERSON salesperso0_ where salesperso0_.REG IN (?,?,?)
14:12:27,385 DEBUG ErrorCounter:82 - throwQueryException() : no errors
14:12:27,385 DEBUG SQL:104 - 
    select
        salesperso0_.SALES_PERSON_ID as SALES1_5_,
        salesperso0_.NAME as NAME5_,
        salesperso0_.REG as REG5_,
        salesperso0_.DEPT_ID as DEPT4_5_,
        salesperso0_."hire dt" as hire5_5_ 
    from
        SALES_PERSON salesperso0_ 
    where
        salesperso0_.REG IN (
            ?,?,?
        )
14:12:27,385 DEBUG BaseRegionAccessStrategy:66 - Caching: org.hibernate.test.filter.Salesperson#1
14:12:27,393 DEBUG BaseGeneralDataRegion:59 - Caching[hibernate.test.org.hibernate.test.filter.Salesperson] : [org.hibernate.test.filter.Salesperson#1] -> [CacheEntry(org.hibernate.test.filter.Salesperson)[steve,APAC,1,2012-08-28 14:12:27.361,1]]
14:12:27,394 DEBUG SQL:104 - 
    select
        orders0_.SALES_PERSON_ID as SALES6_5_1_,
        orders0_.ORDER_ID as ORDER1_6_1_,
        orders0_.ORDER_ID as ORDER1_6_0_,
        orders0_.REG as REG6_0_,
        orders0_.BUYER as BUYER6_0_,
        orders0_."ord dt" as ord4_6_0_,
        orders0_."close dt" as close5_6_0_,
        orders0_.SALES_PERSON_ID as SALES6_6_0_ 
    from
        T_ORDER orders0_ 
    where
        orders0_."close dt" < ? 
        and orders0_.SALES_PERSON_ID=?
14:12:27,395 DEBUG BaseRegionAccessStrategy:66 - Caching: org.hibernate.test.filter.Order#1
14:12:27,395 DEBUG BaseGeneralDataRegion:59 - Caching[hibernate.test.org.hibernate.test.filter.Order] : [org.hibernate.test.filter.Order#1] -> [CacheEntry(org.hibernate.test.filter.Order)[APAC,gavin,2012-08-28 14:12:27.361,2012-10-28 14:12:27.361,1,1]]
14:12:27,396 DEBUG QueryTranslatorImpl:265 - parse() - HQL: select s from org.hibernate.test.filter.Salesperson as s left join fetch s.orders
14:12:27,397 DEBUG QueryTranslatorImpl:283 - --- HQL AST ---
 \-[QUERY] Node: 'query'
    \-[SELECT_FROM] Node: 'SELECT_FROM'
       +-[FROM] Node: 'from'
       |  +-[RANGE] Node: 'RANGE'
       |  |  +-[DOT] Node: '.'
       |  |  |  +-[DOT] Node: '.'
       |  |  |  |  +-[DOT] Node: '.'
       |  |  |  |  |  +-[DOT] Node: '.'
       |  |  |  |  |  |  +-[IDENT] Node: 'org'
       |  |  |  |  |  |  \-[IDENT] Node: 'hibernate'
       |  |  |  |  |  \-[IDENT] Node: 'test'
       |  |  |  |  \-[IDENT] Node: 'filter'
       |  |  |  \-[IDENT] Node: 'Salesperson'
       |  |  \-[ALIAS] Node: 's'
       |  \-[JOIN] Node: 'join'
       |     +-[LEFT] Node: 'left'
       |     +-[FETCH] Node: 'fetch'
       |     \-[DOT] Node: '.'
       |        +-[IDENT] Node: 's'
       |        \-[IDENT] Node: 'orders'
       \-[SELECT] Node: 'select'
          \-[IDENT] Node: 's'

14:12:27,397 DEBUG ErrorCounter:82 - throwQueryException() : no errors
14:12:27,397 DEBUG FromElement:157 - FromClause{level=1} : org.hibernate.test.filter.Salesperson (s) -> salesperso0_
14:12:27,397 DEBUG FromReferenceNode:74 - Resolved : s -> salesperso0_.SALES_PERSON_ID
14:12:27,397 DEBUG DotNode:599 - getDataType() : orders -> org.hibernate.type.SetType(org.hibernate.test.filter.Salesperson.orders)
14:12:27,398 DEBUG FromElementFactory:376 - createEntityAssociation() : One to many - path = s.orders role = org.hibernate.test.filter.Salesperson.orders associatedEntityName = org.hibernate.test.filter.Order
14:12:27,398 DEBUG FromElement:157 - FromClause{level=1} : org.hibernate.test.filter.Order (<no alias>) -> orders1_
14:12:27,398 DEBUG FromClause:282 - addJoinByPathMap() : s.orders -> FromElement{explicit,not a collection join,not a fetch join,fetch non-lazy properties,classAlias=null,role=null,tableName=T_ORDER,tableAlias=orders1_,origin=SALES_PERSON salesperso0_,columns={salesperso0_.SALES_PERSON_ID ,className=org.hibernate.test.filter.Order}}
14:12:27,398 DEBUG DotNode:308 - dereferenceCollection() : Created new FROM element for s.orders : T_ORDER orders1_
14:12:27,398 DEBUG FromReferenceNode:74 - Resolved : s.orders -> .
14:12:27,398 DEBUG HqlSqlWalker:403 - createFromJoinElement() : -- join tree --
 \-[JOIN_FRAGMENT] FromElement: 'T_ORDER orders1_' FromElement{explicit,not a collection join,fetch join,fetch non-lazy properties,classAlias=null,role=org.hibernate.test.filter.Salesperson.orders,tableName=T_ORDER,tableAlias=orders1_,origin=SALES_PERSON salesperso0_,columns={salesperso0_.SALES_PERSON_ID ,className=org.hibernate.test.filter.Order}}

14:12:27,398 DEBUG FromReferenceNode:74 - Resolved : s -> salesperso0_.SALES_PERSON_ID
14:12:27,398 DEBUG HqlSqlWalker:629 - processQuery() :  ( SELECT ( {select clause} salesperso0_.SALES_PERSON_ID ) ( FromClause{level=1} ( SALES_PERSON salesperso0_ T_ORDER orders1_ ) ) )
14:12:27,399 DEBUG JoinProcessor:175 - Using FROM fragment [SALES_PERSON salesperso0_]
14:12:27,399 DEBUG SyntheticAndFactory:92 - Using unprocessed WHERE-fragment [salesperso0_.REG IN (:regionlist.regions)]
14:12:27,413 DEBUG SyntheticAndFactory:124 - Using processed WHERE-fragment [salesperso0_.REG IN (?,?,?)]
14:12:27,413 DEBUG QueryNode:73 - getWhereClause() : Creating a new WHERE clause...
14:12:27,414 DEBUG JoinProcessor:175 - Using FROM fragment [left outer join T_ORDER orders1_ on salesperso0_.SALES_PERSON_ID=orders1_.SALES_PERSON_ID and orders1_."close dt" < :fulfilledOrders.asOfDate]
14:12:27,415 DEBUG QueryTranslatorImpl:252 - --- SQL AST ---
 \-[SELECT] QueryNode: 'SELECT'  querySpaces (SALES_PERSON,T_ORDER)
    +-[SELECT_CLAUSE] SelectClause: '{select clause}'
    |  +-[ALIAS_REF] IdentNode: 'salesperso0_.SALES_PERSON_ID as SALES1_5_0_' {alias=s, className=org.hibernate.test.filter.Salesperson, tableAlias=salesperso0_}
    |  +-[SELECT_EXPR] SelectExpressionImpl: 'orders1_.ORDER_ID as ORDER1_6_1_' {FromElement{explicit,not a collection join,fetch join,fetch non-lazy properties,classAlias=null,role=org.hibernate.test.filter.Salesperson.orders,tableName=T_ORDER,tableAlias=orders1_,origin=SALES_PERSON salesperso0_,columns={salesperso0_.SALES_PERSON_ID ,className=org.hibernate.test.filter.Order}}}
    |  +-[SQL_TOKEN] SqlFragment: 'salesperso0_.NAME as NAME5_0_, salesperso0_.REG as REG5_0_, salesperso0_.DEPT_ID as DEPT4_5_0_, salesperso0_."hire dt" as hire5_5_0_'
    |  +-[SQL_TOKEN] SqlFragment: 'orders1_.REG as REG6_1_, orders1_.BUYER as BUYER6_1_, orders1_."ord dt" as ord4_6_1_, orders1_."close dt" as close5_6_1_, orders1_.SALES_PERSON_ID as SALES6_6_1_'
    |  \-[SQL_TOKEN] SqlFragment: 'orders1_.SALES_PERSON_ID as SALES6_5_0__, orders1_.ORDER_ID as ORDER1_6_0__'
    +-[FROM] FromClause: 'from' FromClause{level=1, fromElementCounter=2, fromElements=2, fromElementByClassAlias=[s], fromElementByTableAlias=[salesperso0_, orders1_], fromElementsByPath=[s.orders], collectionJoinFromElementsByPath=[], impliedElements=[]}
    |  \-[FROM_FRAGMENT] FromElement: 'SALES_PERSON salesperso0_' FromElement{explicit,not a collection join,not a fetch join,fetch non-lazy properties,classAlias=s,role=null,tableName=SALES_PERSON,tableAlias=salesperso0_,origin=null,columns={,className=org.hibernate.test.filter.Salesperson}}
    |     \-[JOIN_FRAGMENT] FromElement: 'left outer join T_ORDER orders1_ on salesperso0_.SALES_PERSON_ID=orders1_.SALES_PERSON_ID and orders1_."close dt" < ?' FromElement{explicit,not a collection join,fetch join,fetch non-lazy properties,classAlias=null,role=org.hibernate.test.filter.Salesperson.orders,tableName=T_ORDER,tableAlias=orders1_,origin=SALES_PERSON salesperso0_,columns={salesperso0_.SALES_PERSON_ID ,className=org.hibernate.test.filter.Order}}
    \-[WHERE] SqlNode: 'WHERE'
       \-[FILTERS] SqlNode: '{filter conditions}'
          \-[SQL_TOKEN] SqlFragment: 'salesperso0_.REG IN (?,?,?)'

14:12:27,415 DEBUG ErrorCounter:82 - throwQueryException() : no errors
14:12:27,415 DEBUG QueryTranslatorImpl:235 - HQL: select s from org.hibernate.test.filter.Salesperson as s left join fetch s.orders
14:12:27,415 DEBUG QueryTranslatorImpl:236 - SQL: select salesperso0_.SALES_PERSON_ID as SALES1_5_0_, orders1_.ORDER_ID as ORDER1_6_1_, salesperso0_.NAME as NAME5_0_, salesperso0_.REG as REG5_0_, salesperso0_.DEPT_ID as DEPT4_5_0_, salesperso0_."hire dt" as hire5_5_0_, orders1_.REG as REG6_1_, orders1_.BUYER as BUYER6_1_, orders1_."ord dt" as ord4_6_1_, orders1_."close dt" as close5_6_1_, orders1_.SALES_PERSON_ID as SALES6_6_1_, orders1_.SALES_PERSON_ID as SALES6_5_0__, orders1_.ORDER_ID as ORDER1_6_0__ from SALES_PERSON salesperso0_ left outer join T_ORDER orders1_ on salesperso0_.SALES_PERSON_ID=orders1_.SALES_PERSON_ID and orders1_."close dt" < ? where salesperso0_.REG IN (?,?,?)
14:12:27,415 DEBUG ErrorCounter:82 - throwQueryException() : no errors
14:12:27,416 DEBUG SQL:104 - 
    select
        salesperso0_.SALES_PERSON_ID as SALES1_5_0_,
        orders1_.ORDER_ID as ORDER1_6_1_,
        salesperso0_.NAME as NAME5_0_,
        salesperso0_.REG as REG5_0_,
        salesperso0_.DEPT_ID as DEPT4_5_0_,
        salesperso0_."hire dt" as hire5_5_0_,
        orders1_.REG as REG6_1_,
        orders1_.BUYER as BUYER6_1_,
        orders1_."ord dt" as ord4_6_1_,
        orders1_."close dt" as close5_6_1_,
        orders1_.SALES_PERSON_ID as SALES6_6_1_,
        orders1_.SALES_PERSON_ID as SALES6_5_0__,
        orders1_.ORDER_ID as ORDER1_6_0__ 
    from
        SALES_PERSON salesperso0_ 
    left outer join
        T_ORDER orders1_ 
            on salesperso0_.SALES_PERSON_ID=orders1_.SALES_PERSON_ID 
            and orders1_."close dt" < ? 
    where
        salesperso0_.REG IN (
            ?,?,?
        )
14:12:27,432 DEBUG BaseRegionAccessStrategy:66 - Caching: org.hibernate.test.filter.Salesperson#1
14:12:27,432 DEBUG BaseGeneralDataRegion:59 - Caching[hibernate.test.org.hibernate.test.filter.Salesperson] : [org.hibernate.test.filter.Salesperson#1] -> [CacheEntry(org.hibernate.test.filter.Salesperson)[steve,APAC,1,2012-08-28 14:12:27.361,1]]
14:12:27,432 DEBUG BaseRegionAccessStrategy:66 - Caching: org.hibernate.test.filter.Order#1
14:12:27,433 DEBUG BaseGeneralDataRegion:59 - Caching[hibernate.test.org.hibernate.test.filter.Order] : [org.hibernate.test.filter.Order#1] -> [CacheEntry(org.hibernate.test.filter.Order)[APAC,gavin,2012-08-28 14:12:27.361,2012-10-28 14:12:27.361,1,1]]
14:12:27,435 DEBUG SQL:104 - 
    update
        SALES_PERSON 
    set
        NAME=?,
        REG=?,
        DEPT_ID=?,
        "hire dt"=? 
    where
        SALES_PERSON_ID=?
14:12:27,436 DEBUG BaseGeneralDataRegion:69 - Evicting[hibernate.test.org.hibernate.test.filter.Salesperson]: org.hibernate.test.filter.Salesperson#1
14:12:27,436 DEBUG BaseGeneralDataRegion:59 - Caching[hibernate.test.org.hibernate.cache.spi.UpdateTimestampsCache] : [SALES_PERSON] -> [5579089540857856]
14:12:27,436 DEBUG SQL:104 - 
    update
        SALES_PERSON 
    set
        NAME=?,
        REG=?,
        DEPT_ID=?,
        "hire dt"=? 
    where
        SALES_PERSON_ID=?
14:12:27,466 DEBUG BaseGeneralDataRegion:69 - Evicting[hibernate.test.org.hibernate.test.filter.Salesperson]: org.hibernate.test.filter.Salesperson#2
14:12:27,466 DEBUG BaseGeneralDataRegion:59 - Caching[hibernate.test.org.hibernate.cache.spi.UpdateTimestampsCache] : [SALES_PERSON] -> [5579089540980736]
14:12:27,466 DEBUG SQL:104 - 
    update
        T_ORDER 
    set
        REG=?,
        BUYER=?,
        "ord dt"=?,
        "close dt"=?,
        SALES_PERSON_ID=? 
    where
        ORDER_ID=?
14:12:27,466 DEBUG BaseGeneralDataRegion:69 - Evicting[hibernate.test.org.hibernate.test.filter.Order]: org.hibernate.test.filter.Order#1
14:12:27,467 DEBUG BaseGeneralDataRegion:59 - Caching[hibernate.test.org.hibernate.cache.spi.UpdateTimestampsCache] : [T_ORDER] -> [5579089540984832]
14:12:27,467 DEBUG SQL:104 - 
    update
        ORDER_ITEM 
    set
        ORDER_ID=?,
        SEQ=?,
        PRODUCT_ID=?,
        AMT=? 
    where
        ITEM_ID=?
14:12:27,467 DEBUG BaseGeneralDataRegion:69 - Evicting[hibernate.test.org.hibernate.test.filter.LineItem]: org.hibernate.test.filter.LineItem#1
14:12:27,467 DEBUG BaseGeneralDataRegion:59 - Caching[hibernate.test.org.hibernate.cache.spi.UpdateTimestampsCache] : [ORDER_ITEM] -> [5579089540984833]
14:12:27,467 DEBUG SQL:104 - 
    update
        T_ORDER 
    set
        REG=?,
        BUYER=?,
        "ord dt"=?,
        "close dt"=?,
        SALES_PERSON_ID=? 
    where
        ORDER_ID=?
14:12:27,499 DEBUG BaseGeneralDataRegion:69 - Evicting[hibernate.test.org.hibernate.test.filter.Order]: org.hibernate.test.filter.Order#2
14:12:27,499 DEBUG BaseGeneralDataRegion:59 - Caching[hibernate.test.org.hibernate.cache.spi.UpdateTimestampsCache] : [T_ORDER] -> [5579089541115904]
14:12:27,500 DEBUG SQL:104 - 
    update
        ORDER_ITEM 
    set
        ORDER_ID=?,
        SEQ=?,
        PRODUCT_ID=?,
        AMT=? 
    where
        ITEM_ID=?
14:12:27,500 DEBUG BaseGeneralDataRegion:69 - Evicting[hibernate.test.org.hibernate.test.filter.LineItem]: org.hibernate.test.filter.LineItem#2
14:12:27,500 DEBUG BaseGeneralDataRegion:59 - Caching[hibernate.test.org.hibernate.cache.spi.UpdateTimestampsCache] : [ORDER_ITEM] -> [5579089541120000]
14:12:27,500 DEBUG BaseGeneralDataRegion:69 - Evicting[hibernate.test.org.hibernate.test.filter.Product.orderLineItems]: org.hibernate.test.filter.Product.orderLineItems#1
14:12:27,500 DEBUG BaseGeneralDataRegion:59 - Caching[hibernate.test.org.hibernate.cache.spi.UpdateTimestampsCache] : [ORDER_ITEM] -> [5579089541120001]
14:12:27,500 DEBUG BaseGeneralDataRegion:69 - Evicting[hibernate.test.org.hibernate.test.filter.Product.orderLineItems]: org.hibernate.test.filter.Product.orderLineItems#2
14:12:27,501 DEBUG BaseGeneralDataRegion:59 - Caching[hibernate.test.org.hibernate.cache.spi.UpdateTimestampsCache] : [ORDER_ITEM] -> [5579089541124096]
14:12:27,501 DEBUG BaseGeneralDataRegion:69 - Evicting[hibernate.test.org.hibernate.test.filter.Product.orderLineItems]: org.hibernate.test.filter.Product.orderLineItems#3
14:12:27,501 DEBUG BaseGeneralDataRegion:59 - Caching[hibernate.test.org.hibernate.cache.spi.UpdateTimestampsCache] : [ORDER_ITEM] -> [5579089541124097]
14:12:27,501 DEBUG SQL:104 - 
    delete 
    from
        PROD_CAT 
    where
        PROD_ID=?
14:12:27,513 DEBUG BaseGeneralDataRegion:69 - Evicting[hibernate.test.org.hibernate.test.filter.Product.categories]: org.hibernate.test.filter.Product.categories#3
14:12:27,513 DEBUG BaseGeneralDataRegion:59 - Caching[hibernate.test.org.hibernate.cache.spi.UpdateTimestampsCache] : [PROD_CAT] -> [5579089541173248]
14:12:27,514 DEBUG BaseGeneralDataRegion:69 - Evicting[hibernate.test.org.hibernate.test.filter.Department.salespersons]: org.hibernate.test.filter.Department.salespersons#1
14:12:27,514 DEBUG BaseGeneralDataRegion:59 - Caching[hibernate.test.org.hibernate.cache.spi.UpdateTimestampsCache] : [SALES_PERSON] -> [5579089541177344]
14:12:27,514 DEBUG BaseGeneralDataRegion:69 - Evicting[hibernate.test.org.hibernate.test.filter.Salesperson.orders]: org.hibernate.test.filter.Salesperson.orders#1
14:12:27,514 DEBUG BaseGeneralDataRegion:59 - Caching[hibernate.test.org.hibernate.cache.spi.UpdateTimestampsCache] : [T_ORDER] -> [5579089541177345]
14:12:27,514 DEBUG BaseGeneralDataRegion:69 - Evicting[hibernate.test.org.hibernate.test.filter.Salesperson.orders]: org.hibernate.test.filter.Salesperson.orders#2
14:12:27,514 DEBUG BaseGeneralDataRegion:59 - Caching[hibernate.test.org.hibernate.cache.spi.UpdateTimestampsCache] : [T_ORDER] -> [5579089541177346]
14:12:27,514 DEBUG SQL:104 - 
    delete 
    from
        PROD_CAT 
    where
        PROD_ID=?
14:12:27,514 DEBUG BaseGeneralDataRegion:69 - Evicting[hibernate.test.org.hibernate.test.filter.Product.categories]: org.hibernate.test.filter.Product.categories#1
14:12:27,515 DEBUG BaseGeneralDataRegion:59 - Caching[hibernate.test.org.hibernate.cache.spi.UpdateTimestampsCache] : [PROD_CAT] -> [5579089541181440]
14:12:27,515 DEBUG BaseGeneralDataRegion:69 - Evicting[hibernate.test.org.hibernate.test.filter.Category.products]: org.hibernate.test.filter.Category.products#1
14:12:27,515 DEBUG BaseGeneralDataRegion:59 - Caching[hibernate.test.org.hibernate.cache.spi.UpdateTimestampsCache] : [PROD_CAT] -> [5579089541181441]
14:12:27,515 DEBUG BaseGeneralDataRegion:69 - Evicting[hibernate.test.org.hibernate.test.filter.Category.products]: org.hibernate.test.filter.Category.products#2
14:12:27,515 DEBUG BaseGeneralDataRegion:59 - Caching[hibernate.test.org.hibernate.cache.spi.UpdateTimestampsCache] : [PROD_CAT] -> [5579089541181442]
14:12:27,515 DEBUG BaseGeneralDataRegion:69 - Evicting[hibernate.test.org.hibernate.test.filter.Order.lineItems]: org.hibernate.test.filter.Order.lineItems#1
14:12:27,515 DEBUG BaseGeneralDataRegion:59 - Caching[hibernate.test.org.hibernate.cache.spi.UpdateTimestampsCache] : [ORDER_ITEM] -> [5579089541181443]
14:12:27,515 DEBUG SQL:104 - 
    delete 
    from
        PROD_CAT 
    where
        PROD_ID=?
14:12:27,528 DEBUG BaseGeneralDataRegion:69 - Evicting[hibernate.test.org.hibernate.test.filter.Product.categories]: org.hibernate.test.filter.Product.categories#2
14:12:27,528 DEBUG BaseGeneralDataRegion:59 - Caching[hibernate.test.org.hibernate.cache.spi.UpdateTimestampsCache] : [PROD_CAT] -> [5579089541234688]
14:12:27,529 DEBUG BaseGeneralDataRegion:69 - Evicting[hibernate.test.org.hibernate.test.filter.Category.products]: org.hibernate.test.filter.Category.products#3
14:12:27,529 DEBUG BaseGeneralDataRegion:59 - Caching[hibernate.test.org.hibernate.cache.spi.UpdateTimestampsCache] : [PROD_CAT] -> [5579089541238784]
14:12:27,529 DEBUG BaseGeneralDataRegion:69 - Evicting[hibernate.test.org.hibernate.test.filter.Order.lineItems]: org.hibernate.test.filter.Order.lineItems#2
14:12:27,529 DEBUG BaseGeneralDataRegion:59 - Caching[hibernate.test.org.hibernate.cache.spi.UpdateTimestampsCache] : [ORDER_ITEM] -> [5579089541238785]
14:12:27,529 DEBUG SQL:104 - 
    delete 
    from
        DEPARTMENT 
    where
        DEPT_ID=?
14:12:27,530 DEBUG BaseGeneralDataRegion:69 - Evicting[hibernate.test.org.hibernate.test.filter.Department]: org.hibernate.test.filter.Department#1
14:12:27,530 DEBUG BaseGeneralDataRegion:59 - Caching[hibernate.test.org.hibernate.cache.spi.UpdateTimestampsCache] : [DEPARTMENT] -> [5579089541242880]
14:12:27,530 DEBUG SQL:104 - 
    delete 
    from
        SALES_PERSON 
    where
        SALES_PERSON_ID=?
14:12:27,530 DEBUG BaseGeneralDataRegion:69 - Evicting[hibernate.test.org.hibernate.test.filter.Salesperson]: org.hibernate.test.filter.Salesperson#1
14:12:27,530 DEBUG BaseGeneralDataRegion:59 - Caching[hibernate.test.org.hibernate.cache.spi.UpdateTimestampsCache] : [SALES_PERSON] -> [5579089541242881]
14:12:27,530 DEBUG SQL:104 - 
    delete 
    from
        SALES_PERSON 
    where
        SALES_PERSON_ID=?
14:12:27,530 DEBUG BaseGeneralDataRegion:69 - Evicting[hibernate.test.org.hibernate.test.filter.Salesperson]: org.hibernate.test.filter.Salesperson#2
14:12:27,530 DEBUG BaseGeneralDataRegion:59 - Caching[hibernate.test.org.hibernate.cache.spi.UpdateTimestampsCache] : [SALES_PERSON] -> [5579089541242882]
14:12:27,531 DEBUG SQL:104 - 
    delete 
    from
        CATEGORY 
    where
        CAT_ID=?
14:12:27,531 DEBUG BaseGeneralDataRegion:69 - Evicting[hibernate.test.org.hibernate.test.filter.Category]: org.hibernate.test.filter.Category#1
14:12:27,531 DEBUG BaseGeneralDataRegion:59 - Caching[hibernate.test.org.hibernate.cache.spi.UpdateTimestampsCache] : [CATEGORY] -> [5579089541246976]
14:12:27,531 DEBUG SQL:104 - 
    delete 
    from
        CATEGORY 
    where
        CAT_ID=?
14:12:27,531 DEBUG BaseGeneralDataRegion:69 - Evicting[hibernate.test.org.hibernate.test.filter.Category]: org.hibernate.test.filter.Category#2
14:12:27,531 DEBUG BaseGeneralDataRegion:59 - Caching[hibernate.test.org.hibernate.cache.spi.UpdateTimestampsCache] : [CATEGORY] -> [5579089541246977]
14:12:27,531 DEBUG SQL:104 - 
    delete 
    from
        PRODUCT 
    where
        PROD_ID=?
14:12:27,532 DEBUG BaseGeneralDataRegion:69 - Evicting[hibernate.test.org.hibernate.test.filter.Product]: org.hibernate.test.filter.Product#1
14:12:27,532 DEBUG BaseGeneralDataRegion:59 - Caching[hibernate.test.org.hibernate.cache.spi.UpdateTimestampsCache] : [PRODUCT] -> [5579089541251072]
14:12:27,532 DEBUG SQL:104 - 
    delete 
    from
        ORDER_ITEM 
    where
        ITEM_ID=?
14:12:27,546 DEBUG BaseGeneralDataRegion:69 - Evicting[hibernate.test.org.hibernate.test.filter.LineItem]: org.hibernate.test.filter.LineItem#1
14:12:27,546 DEBUG BaseGeneralDataRegion:59 - Caching[hibernate.test.org.hibernate.cache.spi.UpdateTimestampsCache] : [ORDER_ITEM] -> [5579089541308416]
14:12:27,546 DEBUG SQL:104 - 
    delete 
    from
        T_ORDER 
    where
        ORDER_ID=?
14:12:27,547 DEBUG BaseGeneralDataRegion:69 - Evicting[hibernate.test.org.hibernate.test.filter.Order]: org.hibernate.test.filter.Order#1
14:12:27,547 DEBUG BaseGeneralDataRegion:59 - Caching[hibernate.test.org.hibernate.cache.spi.UpdateTimestampsCache] : [T_ORDER] -> [5579089541312512]
14:12:27,547 DEBUG SQL:104 - 
    delete 
    from
        CATEGORY 
    where
        CAT_ID=?
14:12:27,547 DEBUG BaseGeneralDataRegion:69 - Evicting[hibernate.test.org.hibernate.test.filter.Category]: org.hibernate.test.filter.Category#3
14:12:27,547 DEBUG BaseGeneralDataRegion:59 - Caching[hibernate.test.org.hibernate.cache.spi.UpdateTimestampsCache] : [CATEGORY] -> [5579089541312513]
14:12:27,547 DEBUG SQL:104 - 
    delete 
    from
        PRODUCT 
    where
        PROD_ID=?
14:12:27,548 DEBUG BaseGeneralDataRegion:69 - Evicting[hibernate.test.org.hibernate.test.filter.Product]: org.hibernate.test.filter.Product#2
14:12:27,548 DEBUG BaseGeneralDataRegion:59 - Caching[hibernate.test.org.hibernate.cache.spi.UpdateTimestampsCache] : [PRODUCT] -> [5579089541316608]
14:12:27,563 DEBUG SQL:104 - 
    delete 
    from
        PRODUCT 
    where
        PROD_ID=?
14:12:27,564 DEBUG BaseGeneralDataRegion:69 - Evicting[hibernate.test.org.hibernate.test.filter.Product]: org.hibernate.test.filter.Product#3
14:12:27,564 DEBUG BaseGeneralDataRegion:59 - Caching[hibernate.test.org.hibernate.cache.spi.UpdateTimestampsCache] : [PRODUCT] -> [5579089541382144]
14:12:27,564 DEBUG SQL:104 - 
    delete 
    from
        ORDER_ITEM 
    where
        ITEM_ID=?
14:12:27,565 DEBUG BaseGeneralDataRegion:69 - Evicting[hibernate.test.org.hibernate.test.filter.LineItem]: org.hibernate.test.filter.LineItem#2
14:12:27,565 DEBUG BaseGeneralDataRegion:59 - Caching[hibernate.test.org.hibernate.cache.spi.UpdateTimestampsCache] : [ORDER_ITEM] -> [5579089541386240]
14:12:27,565 DEBUG SQL:104 - 
    delete 
    from
        T_ORDER 
    where
        ORDER_ID=?
14:12:27,565 DEBUG BaseGeneralDataRegion:69 - Evicting[hibernate.test.org.hibernate.test.filter.Order]: org.hibernate.test.filter.Order#2
14:12:27,565 DEBUG BaseGeneralDataRegion:59 - Caching[hibernate.test.org.hibernate.cache.spi.UpdateTimestampsCache] : [T_ORDER] -> [5579089541386241]
14:12:27,565 DEBUG BaseGeneralDataRegion:69 - Evicting[hibernate.test.org.hibernate.test.filter.Salesperson]: org.hibernate.test.filter.Salesperson#1
14:12:27,566 DEBUG BaseGeneralDataRegion:69 - Evicting[hibernate.test.org.hibernate.test.filter.Salesperson]: org.hibernate.test.filter.Salesperson#2
14:12:27,566 DEBUG BaseGeneralDataRegion:69 - Evicting[hibernate.test.org.hibernate.test.filter.Order]: org.hibernate.test.filter.Order#1
14:12:27,566 DEBUG BaseGeneralDataRegion:69 - Evicting[hibernate.test.org.hibernate.test.filter.LineItem]: org.hibernate.test.filter.LineItem#1
14:12:27,566 DEBUG BaseGeneralDataRegion:69 - Evicting[hibernate.test.org.hibernate.test.filter.Order]: org.hibernate.test.filter.Order#2
14:12:27,566 DEBUG BaseGeneralDataRegion:69 - Evicting[hibernate.test.org.hibernate.test.filter.LineItem]: org.hibernate.test.filter.LineItem#2
14:12:27,566 DEBUG BaseGeneralDataRegion:69 - Evicting[hibernate.test.org.hibernate.test.filter.Product.orderLineItems]: org.hibernate.test.filter.Product.orderLineItems#1
14:12:27,566 DEBUG BaseGeneralDataRegion:69 - Evicting[hibernate.test.org.hibernate.test.filter.Product.orderLineItems]: org.hibernate.test.filter.Product.orderLineItems#2
14:12:27,566 DEBUG BaseGeneralDataRegion:69 - Evicting[hibernate.test.org.hibernate.test.filter.Product.orderLineItems]: org.hibernate.test.filter.Product.orderLineItems#3
14:12:27,566 DEBUG BaseGeneralDataRegion:69 - Evicting[hibernate.test.org.hibernate.test.filter.Product.categories]: org.hibernate.test.filter.Product.categories#3
14:12:27,566 DEBUG BaseGeneralDataRegion:69 - Evicting[hibernate.test.org.hibernate.test.filter.Department.salespersons]: org.hibernate.test.filter.Department.salespersons#1
14:12:27,566 DEBUG BaseGeneralDataRegion:69 - Evicting[hibernate.test.org.hibernate.test.filter.Salesperson.orders]: org.hibernate.test.filter.Salesperson.orders#1
14:12:27,567 DEBUG BaseGeneralDataRegion:69 - Evicting[hibernate.test.org.hibernate.test.filter.Salesperson.orders]: org.hibernate.test.filter.Salesperson.orders#2
14:12:27,567 DEBUG BaseGeneralDataRegion:69 - Evicting[hibernate.test.org.hibernate.test.filter.Product.categories]: org.hibernate.test.filter.Product.categories#1
14:12:27,567 DEBUG BaseGeneralDataRegion:69 - Evicting[hibernate.test.org.hibernate.test.filter.Category.products]: org.hibernate.test.filter.Category.products#1
14:12:27,567 DEBUG BaseGeneralDataRegion:69 - Evicting[hibernate.test.org.hibernate.test.filter.Category.products]: org.hibernate.test.filter.Category.products#2
14:12:27,567 DEBUG BaseGeneralDataRegion:69 - Evicting[hibernate.test.org.hibernate.test.filter.Order.lineItems]: org.hibernate.test.filter.Order.lineItems#1
14:12:27,567 DEBUG BaseGeneralDataRegion:69 - Evicting[hibernate.test.org.hibernate.test.filter.Product.categories]: org.hibernate.test.filter.Product.categories#2
14:12:27,567 DEBUG BaseGeneralDataRegion:69 - Evicting[hibernate.test.org.hibernate.test.filter.Category.products]: org.hibernate.test.filter.Category.products#3
14:12:27,591 DEBUG BaseGeneralDataRegion:69 - Evicting[hibernate.test.org.hibernate.test.filter.Order.lineItems]: org.hibernate.test.filter.Order.lineItems#2
14:12:27,592 DEBUG BaseGeneralDataRegion:69 - Evicting[hibernate.test.org.hibernate.test.filter.Department]: org.hibernate.test.filter.Department#1
14:12:27,592 DEBUG BaseGeneralDataRegion:69 - Evicting[hibernate.test.org.hibernate.test.filter.Salesperson]: org.hibernate.test.filter.Salesperson#1
14:12:27,593 DEBUG BaseGeneralDataRegion:69 - Evicting[hibernate.test.org.hibernate.test.filter.Salesperson]: org.hibernate.test.filter.Salesperson#2
14:12:27,593 DEBUG BaseGeneralDataRegion:69 - Evicting[hibernate.test.org.hibernate.test.filter.Category]: org.hibernate.test.filter.Category#1
14:12:27,593 DEBUG BaseGeneralDataRegion:69 - Evicting[hibernate.test.org.hibernate.test.filter.Category]: org.hibernate.test.filter.Category#2
14:12:27,593 DEBUG BaseGeneralDataRegion:69 - Evicting[hibernate.test.org.hibernate.test.filter.Product]: org.hibernate.test.filter.Product#1
14:12:27,593 DEBUG BaseGeneralDataRegion:69 - Evicting[hibernate.test.org.hibernate.test.filter.LineItem]: org.hibernate.test.filter.LineItem#1
14:12:27,593 DEBUG BaseGeneralDataRegion:69 - Evicting[hibernate.test.org.hibernate.test.filter.Order]: org.hibernate.test.filter.Order#1
14:12:27,593 DEBUG BaseGeneralDataRegion:69 - Evicting[hibernate.test.org.hibernate.test.filter.Category]: org.hibernate.test.filter.Category#3
14:12:27,593 DEBUG BaseGeneralDataRegion:69 - Evicting[hibernate.test.org.hibernate.test.filter.Product]: org.hibernate.test.filter.Product#2
14:12:27,593 DEBUG BaseGeneralDataRegion:69 - Evicting[hibernate.test.org.hibernate.test.filter.Product]: org.hibernate.test.filter.Product#3
14:12:27,593 DEBUG BaseGeneralDataRegion:69 - Evicting[hibernate.test.org.hibernate.test.filter.LineItem]: org.hibernate.test.filter.LineItem#2
14:12:27,593 DEBUG BaseGeneralDataRegion:69 - Evicting[hibernate.test.org.hibernate.test.filter.Order]: org.hibernate.test.filter.Order#2
14:12:27,594 DEBUG BaseGeneralDataRegion:59 - Caching[hibernate.test.org.hibernate.cache.spi.UpdateTimestampsCache] : [CATEGORY] -> [5579089295745024]
14:12:27,594 DEBUG BaseGeneralDataRegion:59 - Caching[hibernate.test.org.hibernate.cache.spi.UpdateTimestampsCache] : [ORDER_ITEM] -> [5579089295745024]
14:12:27,594 DEBUG BaseGeneralDataRegion:59 - Caching[hibernate.test.org.hibernate.cache.spi.UpdateTimestampsCache] : [SALES_PERSON] -> [5579089295745024]
14:12:27,594 DEBUG BaseGeneralDataRegion:59 - Caching[hibernate.test.org.hibernate.cache.spi.UpdateTimestampsCache] : [T_ORDER] -> [5579089295745024]
14:12:27,594 DEBUG BaseGeneralDataRegion:59 - Caching[hibernate.test.org.hibernate.cache.spi.UpdateTimestampsCache] : [PRODUCT] -> [5579089295745024]
14:12:27,594 DEBUG BaseGeneralDataRegion:59 - Caching[hibernate.test.org.hibernate.cache.spi.UpdateTimestampsCache] : [DEPARTMENT] -> [5579089295745024]
14:12:27,594 DEBUG BaseGeneralDataRegion:59 - Caching[hibernate.test.org.hibernate.cache.spi.UpdateTimestampsCache] : [PROD_CAT] -> [5579089295745024]
14:12:27,595  INFO CustomRunner:139 - Test: testCriteriaControl
14:12:27,596 DEBUG SQL:104 - 
    insert 
    into
        DEPARTMENT
        (DEPT_ID, REG) 
    values
        (null, ?)
14:12:27,596 DEBUG BaseGeneralDataRegion:59 - Caching[hibernate.test.org.hibernate.cache.spi.UpdateTimestampsCache] : [DEPARTMENT] -> [5579089541513217]
14:12:27,597 DEBUG SQL:104 - 
    insert 
    into
        SALES_PERSON
        (SALES_PERSON_ID, NAME, REG, DEPT_ID, "hire dt") 
    values
        (null, ?, ?, ?, ?)
14:12:27,597 DEBUG BaseGeneralDataRegion:59 - Caching[hibernate.test.org.hibernate.cache.spi.UpdateTimestampsCache] : [SALES_PERSON] -> [5579089541517312]
14:12:27,597 DEBUG SQL:104 - 
    insert 
    into
        SALES_PERSON
        (SALES_PERSON_ID, NAME, REG, DEPT_ID, "hire dt") 
    values
        (null, ?, ?, ?, ?)
14:12:27,597 DEBUG BaseGeneralDataRegion:59 - Caching[hibernate.test.org.hibernate.cache.spi.UpdateTimestampsCache] : [SALES_PERSON] -> [5579089541517313]
14:12:27,598 DEBUG SQL:104 - 
    insert 
    into
        PRODUCT
        (PROD_ID, name, STOCK_NUM, weight_kg, eff_start_dt, eff_end_dt) 
    values
        (null, ?, ?, 0.453E0 * ?, ?, ?)
14:12:27,598 DEBUG BaseGeneralDataRegion:59 - Caching[hibernate.test.org.hibernate.cache.spi.UpdateTimestampsCache] : [PRODUCT] -> [5579089541521408]
14:12:27,598 DEBUG SQL:104 - 
    insert 
    into
        CATEGORY
        (CAT_ID, name, eff_start_dt, eff_end_dt) 
    values
        (null, ?, ?, ?)
14:12:27,599 DEBUG BaseGeneralDataRegion:59 - Caching[hibernate.test.org.hibernate.cache.spi.UpdateTimestampsCache] : [CATEGORY] -> [5579089541525504]
14:12:27,599 DEBUG SQL:104 - 
    insert 
    into
        CATEGORY
        (CAT_ID, name, eff_start_dt, eff_end_dt) 
    values
        (null, ?, ?, ?)
14:12:27,599 DEBUG BaseGeneralDataRegion:59 - Caching[hibernate.test.org.hibernate.cache.spi.UpdateTimestampsCache] : [CATEGORY] -> [5579089541525505]
14:12:27,599 DEBUG SQL:104 - 
    insert 
    into
        T_ORDER
        (ORDER_ID, REG, BUYER, "ord dt", "close dt", SALES_PERSON_ID) 
    values
        (null, ?, ?, ?, ?, ?)
14:12:27,619 DEBUG BaseGeneralDataRegion:59 - Caching[hibernate.test.org.hibernate.cache.spi.UpdateTimestampsCache] : [T_ORDER] -> [5579089541607424]
14:12:27,619 DEBUG SQL:104 - 
    insert 
    into
        ORDER_ITEM
        (ITEM_ID, ORDER_ID, SEQ, PRODUCT_ID, AMT) 
    values
        (null, ?, ?, ?, ?)
14:12:27,620 DEBUG BaseGeneralDataRegion:59 - Caching[hibernate.test.org.hibernate.cache.spi.UpdateTimestampsCache] : [ORDER_ITEM] -> [5579089541611520]
14:12:27,620 DEBUG SQL:104 - 
    insert 
    into
        PRODUCT
        (PROD_ID, name, STOCK_NUM, weight_kg, eff_start_dt, eff_end_dt) 
    values
        (null, ?, ?, 0.453E0 * ?, ?, ?)
14:12:27,620 DEBUG BaseGeneralDataRegion:59 - Caching[hibernate.test.org.hibernate.cache.spi.UpdateTimestampsCache] : [PRODUCT] -> [5579089541611521]
14:12:27,621 DEBUG SQL:104 - 
    insert 
    into
        CATEGORY
        (CAT_ID, name, eff_start_dt, eff_end_dt) 
    values
        (null, ?, ?, ?)
14:12:27,621 DEBUG BaseGeneralDataRegion:59 - Caching[hibernate.test.org.hibernate.cache.spi.UpdateTimestampsCache] : [CATEGORY] -> [5579089541615616]
14:12:27,634 DEBUG SQL:104 - 
    insert 
    into
        PRODUCT
        (PROD_ID, name, STOCK_NUM, weight_kg, eff_start_dt, eff_end_dt) 
    values
        (null, ?, ?, 0.453E0 * ?, ?, ?)
14:12:27,634 DEBUG BaseGeneralDataRegion:59 - Caching[hibernate.test.org.hibernate.cache.spi.UpdateTimestampsCache] : [PRODUCT] -> [5579089541668864]
14:12:27,635 DEBUG SQL:104 - 
    insert 
    into
        T_ORDER
        (ORDER_ID, REG, BUYER, "ord dt", "close dt", SALES_PERSON_ID) 
    values
        (null, ?, ?, ?, ?, ?)
14:12:27,635 DEBUG BaseGeneralDataRegion:59 - Caching[hibernate.test.org.hibernate.cache.spi.UpdateTimestampsCache] : [T_ORDER] -> [5579089541672960]
14:12:27,635 DEBUG SQL:104 - 
    insert 
    into
        ORDER_ITEM
        (ITEM_ID, ORDER_ID, SEQ, PRODUCT_ID, AMT) 
    values
        (null, ?, ?, ?, ?)
14:12:27,635 DEBUG BaseGeneralDataRegion:59 - Caching[hibernate.test.org.hibernate.cache.spi.UpdateTimestampsCache] : [ORDER_ITEM] -> [5579089541672961]
14:12:27,639 DEBUG SQL:104 - 
    update
        PRODUCT 
    set
        name=?,
        STOCK_NUM=?,
        weight_kg=0.453E0 * ?,
        eff_start_dt=?,
        eff_end_dt=? 
    where
        PROD_ID=?
14:12:27,655 DEBUG BaseGeneralDataRegion:69 - Evicting[hibernate.test.org.hibernate.test.filter.Product]: org.hibernate.test.filter.Product#4
14:12:27,655 DEBUG BaseGeneralDataRegion:59 - Caching[hibernate.test.org.hibernate.cache.spi.UpdateTimestampsCache] : [PRODUCT] -> [5579089541754880]
14:12:27,655 DEBUG BaseGeneralDataRegion:69 - Evicting[hibernate.test.org.hibernate.test.filter.Department.salespersons]: org.hibernate.test.filter.Department.salespersons#2
14:12:27,655 DEBUG BaseGeneralDataRegion:59 - Caching[hibernate.test.org.hibernate.cache.spi.UpdateTimestampsCache] : [SALES_PERSON] -> [5579089541754881]
14:12:27,655 DEBUG BaseGeneralDataRegion:69 - Evicting[hibernate.test.org.hibernate.test.filter.Salesperson.orders]: org.hibernate.test.filter.Salesperson.orders#3
14:12:27,655 DEBUG BaseGeneralDataRegion:59 - Caching[hibernate.test.org.hibernate.cache.spi.UpdateTimestampsCache] : [T_ORDER] -> [5579089541754882]
14:12:27,655 DEBUG BaseGeneralDataRegion:69 - Evicting[hibernate.test.org.hibernate.test.filter.Salesperson.orders]: org.hibernate.test.filter.Salesperson.orders#4
14:12:27,656 DEBUG BaseGeneralDataRegion:59 - Caching[hibernate.test.org.hibernate.cache.spi.UpdateTimestampsCache] : [T_ORDER] -> [5579089541758976]
14:12:27,656 DEBUG SQL:104 - 
    insert 
    into
        PROD_CAT
        (PROD_ID, CAT_ID) 
    values
        (?, ?)
14:12:27,656 DEBUG SQL:104 - 
    insert 
    into
        PROD_CAT
        (PROD_ID, CAT_ID) 
    values
        (?, ?)
14:12:27,656 DEBUG BaseGeneralDataRegion:69 - Evicting[hibernate.test.org.hibernate.test.filter.Product.categories]: org.hibernate.test.filter.Product.categories#4
14:12:27,656 DEBUG BaseGeneralDataRegion:59 - Caching[hibernate.test.org.hibernate.cache.spi.UpdateTimestampsCache] : [PROD_CAT] -> [5579089541758977]
14:12:27,656 DEBUG BaseGeneralDataRegion:69 - Evicting[hibernate.test.org.hibernate.test.filter.Category.products]: org.hibernate.test.filter.Category.products#4
14:12:27,657 DEBUG BaseGeneralDataRegion:59 - Caching[hibernate.test.org.hibernate.cache.spi.UpdateTimestampsCache] : [PROD_CAT] -> [5579089541763072]
14:12:27,657 DEBUG BaseGeneralDataRegion:69 - Evicting[hibernate.test.org.hibernate.test.filter.Category.products]: org.hibernate.test.filter.Category.products#5
14:12:27,657 DEBUG BaseGeneralDataRegion:59 - Caching[hibernate.test.org.hibernate.cache.spi.UpdateTimestampsCache] : [PROD_CAT] -> [5579089541763073]
14:12:27,657 DEBUG BaseGeneralDataRegion:69 - Evicting[hibernate.test.org.hibernate.test.filter.Order.lineItems]: org.hibernate.test.filter.Order.lineItems#3
14:12:27,657 DEBUG BaseGeneralDataRegion:59 - Caching[hibernate.test.org.hibernate.cache.spi.UpdateTimestampsCache] : [ORDER_ITEM] -> [5579089541763074]
14:12:27,657 DEBUG SQL:104 - 
    insert 
    into
        PROD_CAT
        (PROD_ID, CAT_ID) 
    values
        (?, ?)
14:12:27,657 DEBUG BaseGeneralDataRegion:69 - Evicting[hibernate.test.org.hibernate.test.filter.Product.categories]: org.hibernate.test.filter.Product.categories#5
14:12:27,657 DEBUG BaseGeneralDataRegion:59 - Caching[hibernate.test.org.hibernate.cache.spi.UpdateTimestampsCache] : [PROD_CAT] -> [5579089541763075]
14:12:27,657 DEBUG BaseGeneralDataRegion:69 - Evicting[hibernate.test.org.hibernate.test.filter.Category.products]: org.hibernate.test.filter.Category.products#6
14:12:27,658 DEBUG BaseGeneralDataRegion:59 - Caching[hibernate.test.org.hibernate.cache.spi.UpdateTimestampsCache] : [PROD_CAT] -> [5579089541767168]
14:12:27,658 DEBUG BaseGeneralDataRegion:69 - Evicting[hibernate.test.org.hibernate.test.filter.Order.lineItems]: org.hibernate.test.filter.Order.lineItems#4
14:12:27,658 DEBUG BaseGeneralDataRegion:59 - Caching[hibernate.test.org.hibernate.cache.spi.UpdateTimestampsCache] : [ORDER_ITEM] -> [5579089541767169]
14:12:27,658 DEBUG BaseGeneralDataRegion:69 - Evicting[hibernate.test.org.hibernate.test.filter.Product]: org.hibernate.test.filter.Product#4
14:12:27,658 DEBUG BaseGeneralDataRegion:69 - Evicting[hibernate.test.org.hibernate.test.filter.Department.salespersons]: org.hibernate.test.filter.Department.salespersons#2
14:12:27,658 DEBUG BaseGeneralDataRegion:69 - Evicting[hibernate.test.org.hibernate.test.filter.Salesperson.orders]: org.hibernate.test.filter.Salesperson.orders#3
14:12:27,658 DEBUG BaseGeneralDataRegion:69 - Evicting[hibernate.test.org.hibernate.test.filter.Salesperson.orders]: org.hibernate.test.filter.Salesperson.orders#4
14:12:27,658 DEBUG BaseGeneralDataRegion:69 - Evicting[hibernate.test.org.hibernate.test.filter.Product.categories]: org.hibernate.test.filter.Product.categories#4
14:12:27,658 DEBUG BaseGeneralDataRegion:69 - Evicting[hibernate.test.org.hibernate.test.filter.Category.products]: org.hibernate.test.filter.Category.products#4
14:12:27,659 DEBUG BaseGeneralDataRegion:69 - Evicting[hibernate.test.org.hibernate.test.filter.Category.products]: org.hibernate.test.filter.Category.products#5
14:12:27,659 DEBUG BaseGeneralDataRegion:69 - Evicting[hibernate.test.org.hibernate.test.filter.Order.lineItems]: org.hibernate.test.filter.Order.lineItems#3
14:12:27,659 DEBUG BaseGeneralDataRegion:69 - Evicting[hibernate.test.org.hibernate.test.filter.Product.categories]: org.hibernate.test.filter.Product.categories#5
14:12:27,659 DEBUG BaseGeneralDataRegion:69 - Evicting[hibernate.test.org.hibernate.test.filter.Category.products]: org.hibernate.test.filter.Category.products#6
14:12:27,659 DEBUG BaseGeneralDataRegion:69 - Evicting[hibernate.test.org.hibernate.test.filter.Order.lineItems]: org.hibernate.test.filter.Order.lineItems#4
14:12:27,659 DEBUG BaseGeneralDataRegion:59 - Caching[hibernate.test.org.hibernate.cache.spi.UpdateTimestampsCache] : [ORDER_ITEM] -> [5579089296011264]
14:12:27,668 DEBUG BaseGeneralDataRegion:59 - Caching[hibernate.test.org.hibernate.cache.spi.UpdateTimestampsCache] : [CATEGORY] -> [5579089296011264]
14:12:27,668 DEBUG BaseGeneralDataRegion:59 - Caching[hibernate.test.org.hibernate.cache.spi.UpdateTimestampsCache] : [SALES_PERSON] -> [5579089296011264]
14:12:27,669 DEBUG BaseGeneralDataRegion:59 - Caching[hibernate.test.org.hibernate.cache.spi.UpdateTimestampsCache] : [T_ORDER] -> [5579089296011264]
14:12:27,669 DEBUG BaseGeneralDataRegion:59 - Caching[hibernate.test.org.hibernate.cache.spi.UpdateTimestampsCache] : [PRODUCT] -> [5579089296011264]
14:12:27,669 DEBUG BaseGeneralDataRegion:59 - Caching[hibernate.test.org.hibernate.cache.spi.UpdateTimestampsCache] : [DEPARTMENT] -> [5579089296011264]
14:12:27,669 DEBUG BaseGeneralDataRegion:59 - Caching[hibernate.test.org.hibernate.cache.spi.UpdateTimestampsCache] : [PROD_CAT] -> [5579089296011264]
14:12:27,670 DEBUG SQL:104 - 
    select
        this_.ORDER_ID as ORDER1_6_0_,
        this_.REG as REG6_0_,
        this_.BUYER as BUYER6_0_,
        this_."ord dt" as ord4_6_0_,
        this_."close dt" as close5_6_0_,
        this_.SALES_PERSON_ID as SALES6_6_0_ 
    from
        T_ORDER this_ 
    where
        this_."close dt" < ? 
        and ? in (
            select
                this_.NAME as y0_ 
            from
                SALES_PERSON this_ 
            where
                this_.REG IN (
                    ?
                )
        )
14:12:27,677 DEBUG BaseRegionAccessStrategy:66 - Caching: org.hibernate.test.filter.Order#3
14:12:27,677 DEBUG BaseGeneralDataRegion:59 - Caching[hibernate.test.org.hibernate.test.filter.Order] : [org.hibernate.test.filter.Order#3] -> [CacheEntry(org.hibernate.test.filter.Order)[APAC,gavin,2012-08-28 14:12:27.596,2012-10-28 14:12:27.596,3,3]]
14:12:27,698 DEBUG SQL:104 - 
    update
        SALES_PERSON 
    set
        NAME=?,
        REG=?,
        DEPT_ID=?,
        "hire dt"=? 
    where
        SALES_PERSON_ID=?
14:12:27,698 DEBUG BaseGeneralDataRegion:69 - Evicting[hibernate.test.org.hibernate.test.filter.Salesperson]: org.hibernate.test.filter.Salesperson#3
14:12:27,698 DEBUG BaseGeneralDataRegion:59 - Caching[hibernate.test.org.hibernate.cache.spi.UpdateTimestampsCache] : [SALES_PERSON] -> [5579089541931008]
14:12:27,698 DEBUG SQL:104 - 
    update
        SALES_PERSON 
    set
        NAME=?,
        REG=?,
        DEPT_ID=?,
        "hire dt"=? 
    where
        SALES_PERSON_ID=?
14:12:27,699 DEBUG BaseGeneralDataRegion:69 - Evicting[hibernate.test.org.hibernate.test.filter.Salesperson]: org.hibernate.test.filter.Salesperson#4
14:12:27,699 DEBUG BaseGeneralDataRegion:59 - Caching[hibernate.test.org.hibernate.cache.spi.UpdateTimestampsCache] : [SALES_PERSON] -> [5579089541935104]
14:12:27,699 DEBUG SQL:104 - 
    update
        T_ORDER 
    set
        REG=?,
        BUYER=?,
        "ord dt"=?,
        "close dt"=?,
        SALES_PERSON_ID=? 
    where
        ORDER_ID=?
14:12:27,699 DEBUG BaseGeneralDataRegion:69 - Evicting[hibernate.test.org.hibernate.test.filter.Order]: org.hibernate.test.filter.Order#3
14:12:27,699 DEBUG BaseGeneralDataRegion:59 - Caching[hibernate.test.org.hibernate.cache.spi.UpdateTimestampsCache] : [T_ORDER] -> [5579089541935105]
14:12:27,699 DEBUG SQL:104 - 
    update
        ORDER_ITEM 
    set
        ORDER_ID=?,
        SEQ=?,
        PRODUCT_ID=?,
        AMT=? 
    where
        ITEM_ID=?
14:12:27,730 DEBUG BaseGeneralDataRegion:69 - Evicting[hibernate.test.org.hibernate.test.filter.LineItem]: org.hibernate.test.filter.LineItem#3
14:12:27,731 DEBUG BaseGeneralDataRegion:59 - Caching[hibernate.test.org.hibernate.cache.spi.UpdateTimestampsCache] : [ORDER_ITEM] -> [5579089542066176]
14:12:27,731 DEBUG SQL:104 - 
    update
        T_ORDER 
    set
        REG=?,
        BUYER=?,
        "ord dt"=?,
        "close dt"=?,
        SALES_PERSON_ID=? 
    where
        ORDER_ID=?
14:12:27,731 DEBUG BaseGeneralDataRegion:69 - Evicting[hibernate.test.org.hibernate.test.filter.Order]: org.hibernate.test.filter.Order#4
14:12:27,731 DEBUG BaseGeneralDataRegion:59 - Caching[hibernate.test.org.hibernate.cache.spi.UpdateTimestampsCache] : [T_ORDER] -> [5579089542066177]
14:12:27,732 DEBUG SQL:104 - 
    update
        ORDER_ITEM 
    set
        ORDER_ID=?,
        SEQ=?,
        PRODUCT_ID=?,
        AMT=? 
    where
        ITEM_ID=?
14:12:27,732 DEBUG BaseGeneralDataRegion:69 - Evicting[hibernate.test.org.hibernate.test.filter.LineItem]: org.hibernate.test.filter.LineItem#4
14:12:27,732 DEBUG BaseGeneralDataRegion:59 - Caching[hibernate.test.org.hibernate.cache.spi.UpdateTimestampsCache] : [ORDER_ITEM] -> [5579089542070272]
14:12:27,740 DEBUG BaseGeneralDataRegion:69 - Evicting[hibernate.test.org.hibernate.test.filter.Product.orderLineItems]: org.hibernate.test.filter.Product.orderLineItems#4
14:12:27,740 DEBUG BaseGeneralDataRegion:59 - Caching[hibernate.test.org.hibernate.cache.spi.UpdateTimestampsCache] : [ORDER_ITEM] -> [5579089542103040]
14:12:27,740 DEBUG BaseGeneralDataRegion:69 - Evicting[hibernate.test.org.hibernate.test.filter.Product.orderLineItems]: org.hibernate.test.filter.Product.orderLineItems#5
14:12:27,741 DEBUG BaseGeneralDataRegion:59 - Caching[hibernate.test.org.hibernate.cache.spi.UpdateTimestampsCache] : [ORDER_ITEM] -> [5579089542107136]
14:12:27,741 DEBUG BaseGeneralDataRegion:69 - Evicting[hibernate.test.org.hibernate.test.filter.Product.orderLineItems]: org.hibernate.test.filter.Product.orderLineItems#6
14:12:27,741 DEBUG BaseGeneralDataRegion:59 - Caching[hibernate.test.org.hibernate.cache.spi.UpdateTimestampsCache] : [ORDER_ITEM] -> [5579089542107137]
14:12:27,741 DEBUG SQL:104 - 
    delete 
    from
        PROD_CAT 
    where
        PROD_ID=?
14:12:27,741 DEBUG BaseGeneralDataRegion:69 - Evicting[hibernate.test.org.hibernate.test.filter.Product.categories]: org.hibernate.test.filter.Product.categories#6
14:12:27,741 DEBUG BaseGeneralDataRegion:59 - Caching[hibernate.test.org.hibernate.cache.spi.UpdateTimestampsCache] : [PROD_CAT] -> [5579089542107138]
14:12:27,742 DEBUG BaseGeneralDataRegion:69 - Evicting[hibernate.test.org.hibernate.test.filter.Department.salespersons]: org.hibernate.test.filter.Department.salespersons#2
14:12:27,742 DEBUG BaseGeneralDataRegion:59 - Caching[hibernate.test.org.hibernate.cache.spi.UpdateTimestampsCache] : [SALES_PERSON] -> [5579089542111232]
14:12:27,742 DEBUG BaseGeneralDataRegion:69 - Evicting[hibernate.test.org.hibernate.test.filter.Salesperson.orders]: org.hibernate.test.filter.Salesperson.orders#3
14:12:27,742 DEBUG BaseGeneralDataRegion:59 - Caching[hibernate.test.org.hibernate.cache.spi.UpdateTimestampsCache] : [T_ORDER] -> [5579089542111233]
14:12:27,742 DEBUG BaseGeneralDataRegion:69 - Evicting[hibernate.test.org.hibernate.test.filter.Salesperson.orders]: org.hibernate.test.filter.Salesperson.orders#4
14:12:27,742 DEBUG BaseGeneralDataRegion:59 - Caching[hibernate.test.org.hibernate.cache.spi.UpdateTimestampsCache] : [T_ORDER] -> [5579089542111234]
14:12:27,742 DEBUG SQL:104 - 
    delete 
    from
        PROD_CAT 
    where
        PROD_ID=?
14:12:27,742 DEBUG BaseGeneralDataRegion:69 - Evicting[hibernate.test.org.hibernate.test.filter.Product.categories]: org.hibernate.test.filter.Product.categories#4
14:12:27,751 DEBUG BaseGeneralDataRegion:59 - Caching[hibernate.test.org.hibernate.cache.spi.UpdateTimestampsCache] : [PROD_CAT] -> [5579089542148096]
14:12:27,752 DEBUG BaseGeneralDataRegion:69 - Evicting[hibernate.test.org.hibernate.test.filter.Category.products]: org.hibernate.test.filter.Category.products#4
14:12:27,752 DEBUG BaseGeneralDataRegion:59 - Caching[hibernate.test.org.hibernate.cache.spi.UpdateTimestampsCache] : [PROD_CAT] -> [5579089542152192]
14:12:27,752 DEBUG BaseGeneralDataRegion:69 - Evicting[hibernate.test.org.hibernate.test.filter.Category.products]: org.hibernate.test.filter.Category.products#5
14:12:27,752 DEBUG BaseGeneralDataRegion:59 - Caching[hibernate.test.org.hibernate.cache.spi.UpdateTimestampsCache] : [PROD_CAT] -> [5579089542152193]
14:12:27,752 DEBUG BaseGeneralDataRegion:69 - Evicting[hibernate.test.org.hibernate.test.filter.Order.lineItems]: org.hibernate.test.filter.Order.lineItems#3
14:12:27,752 DEBUG BaseGeneralDataRegion:59 - Caching[hibernate.test.org.hibernate.cache.spi.UpdateTimestampsCache] : [ORDER_ITEM] -> [5579089542152194]
14:12:27,752 DEBUG SQL:104 - 
    delete 
    from
        PROD_CAT 
    where
        PROD_ID=?
14:12:27,753 DEBUG BaseGeneralDataRegion:69 - Evicting[hibernate.test.org.hibernate.test.filter.Product.categories]: org.hibernate.test.filter.Product.categories#5
14:12:27,753 DEBUG BaseGeneralDataRegion:59 - Caching[hibernate.test.org.hibernate.cache.spi.UpdateTimestampsCache] : [PROD_CAT] -> [5579089542156288]
14:12:27,753 DEBUG BaseGeneralDataRegion:69 - Evicting[hibernate.test.org.hibernate.test.filter.Category.products]: org.hibernate.test.filter.Category.products#6
14:12:27,753 DEBUG BaseGeneralDataRegion:59 - Caching[hibernate.test.org.hibernate.cache.spi.UpdateTimestampsCache] : [PROD_CAT] -> [5579089542156289]
14:12:27,753 DEBUG BaseGeneralDataRegion:69 - Evicting[hibernate.test.org.hibernate.test.filter.Order.lineItems]: org.hibernate.test.filter.Order.lineItems#4
14:12:27,753 DEBUG BaseGeneralDataRegion:59 - Caching[hibernate.test.org.hibernate.cache.spi.UpdateTimestampsCache] : [ORDER_ITEM] -> [5579089542156290]
14:12:27,753 DEBUG SQL:104 - 
    delete 
    from
        DEPARTMENT 
    where
        DEPT_ID=?
14:12:27,754 DEBUG BaseGeneralDataRegion:69 - Evicting[hibernate.test.org.hibernate.test.filter.Department]: org.hibernate.test.filter.Department#2
14:12:27,754 DEBUG BaseGeneralDataRegion:59 - Caching[hibernate.test.org.hibernate.cache.spi.UpdateTimestampsCache] : [DEPARTMENT] -> [5579089542160384]
14:12:27,754 DEBUG SQL:104 - 
    delete 
    from
        SALES_PERSON 
    where
        SALES_PERSON_ID=?
14:12:27,764 DEBUG BaseGeneralDataRegion:69 - Evicting[hibernate.test.org.hibernate.test.filter.Salesperson]: org.hibernate.test.filter.Salesperson#3
14:12:27,764 DEBUG BaseGeneralDataRegion:59 - Caching[hibernate.test.org.hibernate.cache.spi.UpdateTimestampsCache] : [SALES_PERSON] -> [5579089542201344]
14:12:27,764 DEBUG SQL:104 - 
    delete 
    from
        SALES_PERSON 
    where
        SALES_PERSON_ID=?
14:12:27,765 DEBUG BaseGeneralDataRegion:69 - Evicting[hibernate.test.org.hibernate.test.filter.Salesperson]: org.hibernate.test.filter.Salesperson#4
14:12:27,765 DEBUG BaseGeneralDataRegion:59 - Caching[hibernate.test.org.hibernate.cache.spi.UpdateTimestampsCache] : [SALES_PERSON] -> [5579089542205440]
14:12:27,765 DEBUG SQL:104 - 
    delete 
    from
        CATEGORY 
    where
        CAT_ID=?
14:12:27,765 DEBUG BaseGeneralDataRegion:69 - Evicting[hibernate.test.org.hibernate.test.filter.Category]: org.hibernate.test.filter.Category#4
14:12:27,765 DEBUG BaseGeneralDataRegion:59 - Caching[hibernate.test.org.hibernate.cache.spi.UpdateTimestampsCache] : [CATEGORY] -> [5579089542205441]
14:12:27,765 DEBUG SQL:104 - 
    delete 
    from
        CATEGORY 
    where
        CAT_ID=?
14:12:27,766 DEBUG BaseGeneralDataRegion:69 - Evicting[hibernate.test.org.hibernate.test.filter.Category]: org.hibernate.test.filter.Category#5
14:12:27,785 DEBUG BaseGeneralDataRegion:59 - Caching[hibernate.test.org.hibernate.cache.spi.UpdateTimestampsCache] : [CATEGORY] -> [5579089542287360]
14:12:27,785 DEBUG SQL:104 - 
    delete 
    from
        PRODUCT 
    where
        PROD_ID=?
14:12:27,786 DEBUG BaseGeneralDataRegion:69 - Evicting[hibernate.test.org.hibernate.test.filter.Product]: org.hibernate.test.filter.Product#4
14:12:27,786 DEBUG BaseGeneralDataRegion:59 - Caching[hibernate.test.org.hibernate.cache.spi.UpdateTimestampsCache] : [PRODUCT] -> [5579089542291456]
14:12:27,786 DEBUG SQL:104 - 
    delete 
    from
        ORDER_ITEM 
    where
        ITEM_ID=?
14:12:27,787 DEBUG BaseGeneralDataRegion:69 - Evicting[hibernate.test.org.hibernate.test.filter.LineItem]: org.hibernate.test.filter.LineItem#3
14:12:27,787 DEBUG BaseGeneralDataRegion:59 - Caching[hibernate.test.org.hibernate.cache.spi.UpdateTimestampsCache] : [ORDER_ITEM] -> [5579089542295552]
14:12:27,787 DEBUG SQL:104 - 
    delete 
    from
        T_ORDER 
    where
        ORDER_ID=?
14:12:27,787 DEBUG BaseGeneralDataRegion:69 - Evicting[hibernate.test.org.hibernate.test.filter.Order]: org.hibernate.test.filter.Order#3
14:12:27,787 DEBUG BaseGeneralDataRegion:59 - Caching[hibernate.test.org.hibernate.cache.spi.UpdateTimestampsCache] : [T_ORDER] -> [5579089542295553]
14:12:27,787 DEBUG SQL:104 - 
    delete 
    from
        CATEGORY 
    where
        CAT_ID=?
14:12:27,787 DEBUG BaseGeneralDataRegion:69 - Evicting[hibernate.test.org.hibernate.test.filter.Category]: org.hibernate.test.filter.Category#6
14:12:27,788 DEBUG BaseGeneralDataRegion:59 - Caching[hibernate.test.org.hibernate.cache.spi.UpdateTimestampsCache] : [CATEGORY] -> [5579089542299648]
14:12:27,788 DEBUG SQL:104 - 
    delete 
    from
        PRODUCT 
    where
        PROD_ID=?
14:12:27,788 DEBUG BaseGeneralDataRegion:69 - Evicting[hibernate.test.org.hibernate.test.filter.Product]: org.hibernate.test.filter.Product#5
14:12:27,788 DEBUG BaseGeneralDataRegion:59 - Caching[hibernate.test.org.hibernate.cache.spi.UpdateTimestampsCache] : [PRODUCT] -> [5579089542299649]
14:12:27,788 DEBUG SQL:104 - 
    delete 
    from
        PRODUCT 
    where
        PROD_ID=?
14:12:27,788 DEBUG BaseGeneralDataRegion:69 - Evicting[hibernate.test.org.hibernate.test.filter.Product]: org.hibernate.test.filter.Product#6
14:12:27,788 DEBUG BaseGeneralDataRegion:59 - Caching[hibernate.test.org.hibernate.cache.spi.UpdateTimestampsCache] : [PRODUCT] -> [5579089542299650]
14:12:27,788 DEBUG SQL:104 - 
    delete 
    from
        ORDER_ITEM 
    where
        ITEM_ID=?
14:12:27,789 DEBUG BaseGeneralDataRegion:69 - Evicting[hibernate.test.org.hibernate.test.filter.LineItem]: org.hibernate.test.filter.LineItem#4
14:12:27,789 DEBUG BaseGeneralDataRegion:59 - Caching[hibernate.test.org.hibernate.cache.spi.UpdateTimestampsCache] : [ORDER_ITEM] -> [5579089542303744]
14:12:27,789 DEBUG SQL:104 - 
    delete 
    from
        T_ORDER 
    where
        ORDER_ID=?
14:12:27,792 DEBUG BaseGeneralDataRegion:69 - Evicting[hibernate.test.org.hibernate.test.filter.Order]: org.hibernate.test.filter.Order#4
14:12:27,793 DEBUG BaseGeneralDataRegion:59 - Caching[hibernate.test.org.hibernate.cache.spi.UpdateTimestampsCache] : [T_ORDER] -> [5579089542320128]
14:12:27,793 DEBUG BaseGeneralDataRegion:69 - Evicting[hibernate.test.org.hibernate.test.filter.Salesperson]: org.hibernate.test.filter.Salesperson#3
14:12:27,793 DEBUG BaseGeneralDataRegion:69 - Evicting[hibernate.test.org.hibernate.test.filter.Salesperson]: org.hibernate.test.filter.Salesperson#4
14:12:27,793 DEBUG BaseGeneralDataRegion:69 - Evicting[hibernate.test.org.hibernate.test.filter.Order]: org.hibernate.test.filter.Order#3
14:12:27,793 DEBUG BaseGeneralDataRegion:69 - Evicting[hibernate.test.org.hibernate.test.filter.LineItem]: org.hibernate.test.filter.LineItem#3
14:12:27,793 DEBUG BaseGeneralDataRegion:69 - Evicting[hibernate.test.org.hibernate.test.filter.Order]: org.hibernate.test.filter.Order#4
14:12:27,793 DEBUG BaseGeneralDataRegion:69 - Evicting[hibernate.test.org.hibernate.test.filter.LineItem]: org.hibernate.test.filter.LineItem#4
14:12:27,793 DEBUG BaseGeneralDataRegion:69 - Evicting[hibernate.test.org.hibernate.test.filter.Product.orderLineItems]: org.hibernate.test.filter.Product.orderLineItems#4
14:12:27,793 DEBUG BaseGeneralDataRegion:69 - Evicting[hibernate.test.org.hibernate.test.filter.Product.orderLineItems]: org.hibernate.test.filter.Product.orderLineItems#5
14:12:27,793 DEBUG BaseGeneralDataRegion:69 - Evicting[hibernate.test.org.hibernate.test.filter.Product.orderLineItems]: org.hibernate.test.filter.Product.orderLineItems#6
14:12:27,794 DEBUG BaseGeneralDataRegion:69 - Evicting[hibernate.test.org.hibernate.test.filter.Product.categories]: org.hibernate.test.filter.Product.categories#6
14:12:27,794 DEBUG BaseGeneralDataRegion:69 - Evicting[hibernate.test.org.hibernate.test.filter.Department.salespersons]: org.hibernate.test.filter.Department.salespersons#2
14:12:27,794 DEBUG BaseGeneralDataRegion:69 - Evicting[hibernate.test.org.hibernate.test.filter.Salesperson.orders]: org.hibernate.test.filter.Salesperson.orders#3
14:12:27,794 DEBUG BaseGeneralDataRegion:69 - Evicting[hibernate.test.org.hibernate.test.filter.Salesperson.orders]: org.hibernate.test.filter.Salesperson.orders#4
14:12:27,794 DEBUG BaseGeneralDataRegion:69 - Evicting[hibernate.test.org.hibernate.test.filter.Product.categories]: org.hibernate.test.filter.Product.categories#4
14:12:27,794 DEBUG BaseGeneralDataRegion:69 - Evicting[hibernate.test.org.hibernate.test.filter.Category.products]: org.hibernate.test.filter.Category.products#4
14:12:27,794 DEBUG BaseGeneralDataRegion:69 - Evicting[hibernate.test.org.hibernate.test.filter.Category.products]: org.hibernate.test.filter.Category.products#5
14:12:27,794 DEBUG BaseGeneralDataRegion:69 - Evicting[hibernate.test.org.hibernate.test.filter.Order.lineItems]: org.hibernate.test.filter.Order.lineItems#3
14:12:27,794 DEBUG BaseGeneralDataRegion:69 - Evicting[hibernate.test.org.hibernate.test.filter.Product.categories]: org.hibernate.test.filter.Product.categories#5
14:12:27,794 DEBUG BaseGeneralDataRegion:69 - Evicting[hibernate.test.org.hibernate.test.filter.Category.products]: org.hibernate.test.filter.Category.products#6
14:12:27,794 DEBUG BaseGeneralDataRegion:69 - Evicting[hibernate.test.org.hibernate.test.filter.Order.lineItems]: org.hibernate.test.filter.Order.lineItems#4
14:12:27,795 DEBUG BaseGeneralDataRegion:69 - Evicting[hibernate.test.org.hibernate.test.filter.Department]: org.hibernate.test.filter.Department#2
14:12:27,795 DEBUG BaseGeneralDataRegion:69 - Evicting[hibernate.test.org.hibernate.test.filter.Salesperson]: org.hibernate.test.filter.Salesperson#3
14:12:27,795 DEBUG BaseGeneralDataRegion:69 - Evicting[hibernate.test.org.hibernate.test.filter.Salesperson]: org.hibernate.test.filter.Salesperson#4
14:12:27,802 DEBUG BaseGeneralDataRegion:69 - Evicting[hibernate.test.org.hibernate.test.filter.Category]: org.hibernate.test.filter.Category#4
14:12:27,802 DEBUG BaseGeneralDataRegion:69 - Evicting[hibernate.test.org.hibernate.test.filter.Category]: org.hibernate.test.filter.Category#5
14:12:27,802 DEBUG BaseGeneralDataRegion:69 - Evicting[hibernate.test.org.hibernate.test.filter.Product]: org.hibernate.test.filter.Product#4
14:12:27,803 DEBUG BaseGeneralDataRegion:69 - Evicting[hibernate.test.org.hibernate.test.filter.LineItem]: org.hibernate.test.filter.LineItem#3
14:12:27,803 DEBUG BaseGeneralDataRegion:69 - Evicting[hibernate.test.org.hibernate.test.filter.Order]: org.hibernate.test.filter.Order#3
14:12:27,803 DEBUG BaseGeneralDataRegion:69 - Evicting[hibernate.test.org.hibernate.test.filter.Category]: org.hibernate.test.filter.Category#6
14:12:27,803 DEBUG BaseGeneralDataRegion:69 - Evicting[hibernate.test.org.hibernate.test.filter.Product]: org.hibernate.test.filter.Product#5
14:12:27,803 DEBUG BaseGeneralDataRegion:69 - Evicting[hibernate.test.org.hibernate.test.filter.Product]: org.hibernate.test.filter.Product#6
14:12:27,803 DEBUG BaseGeneralDataRegion:69 - Evicting[hibernate.test.org.hibernate.test.filter.LineItem]: org.hibernate.test.filter.LineItem#4
14:12:27,803 DEBUG BaseGeneralDataRegion:69 - Evicting[hibernate.test.org.hibernate.test.filter.Order]: org.hibernate.test.filter.Order#4
14:12:27,803 DEBUG BaseGeneralDataRegion:59 - Caching[hibernate.test.org.hibernate.cache.spi.UpdateTimestampsCache] : [CATEGORY] -> [5579089296601088]
14:12:27,803 DEBUG BaseGeneralDataRegion:59 - Caching[hibernate.test.org.hibernate.cache.spi.UpdateTimestampsCache] : [ORDER_ITEM] -> [5579089296601088]
14:12:27,803 DEBUG BaseGeneralDataRegion:59 - Caching[hibernate.test.org.hibernate.cache.spi.UpdateTimestampsCache] : [SALES_PERSON] -> [5579089296601088]
14:12:27,803 DEBUG BaseGeneralDataRegion:59 - Caching[hibernate.test.org.hibernate.cache.spi.UpdateTimestampsCache] : [T_ORDER] -> [5579089296601088]
14:12:27,804 DEBUG BaseGeneralDataRegion:59 - Caching[hibernate.test.org.hibernate.cache.spi.UpdateTimestampsCache] : [PRODUCT] -> [5579089296601088]
14:12:27,804 DEBUG BaseGeneralDataRegion:59 - Caching[hibernate.test.org.hibernate.cache.spi.UpdateTimestampsCache] : [DEPARTMENT] -> [5579089296601088]
14:12:27,804 DEBUG BaseGeneralDataRegion:59 - Caching[hibernate.test.org.hibernate.cache.spi.UpdateTimestampsCache] : [PROD_CAT] -> [5579089296601088]
14:12:27,804  INFO CustomRunner:139 - Test: testCriteriaQueryFilters
14:12:27,805  INFO DynamicFilterTest:255 - Starting Criteria-query filter tests
14:12:27,806 DEBUG SQL:104 - 
    insert 
    into
        DEPARTMENT
        (DEPT_ID, REG) 
    values
        (null, ?)
14:12:27,807 DEBUG BaseGeneralDataRegion:59 - Caching[hibernate.test.org.hibernate.cache.spi.UpdateTimestampsCache] : [DEPARTMENT] -> [5579089542377472]
14:12:27,807 DEBUG SQL:104 - 
    insert 
    into
        SALES_PERSON
        (SALES_PERSON_ID, NAME, REG, DEPT_ID, "hire dt") 
    values
        (null, ?, ?, ?, ?)
14:12:27,807 DEBUG BaseGeneralDataRegion:59 - Caching[hibernate.test.org.hibernate.cache.spi.UpdateTimestampsCache] : [SALES_PERSON] -> [5579089542377473]
14:12:27,808 DEBUG SQL:104 - 
    insert 
    into
        SALES_PERSON
        (SALES_PERSON_ID, NAME, REG, DEPT_ID, "hire dt") 
    values
        (null, ?, ?, ?, ?)
14:12:27,825 DEBUG BaseGeneralDataRegion:59 - Caching[hibernate.test.org.hibernate.cache.spi.UpdateTimestampsCache] : [SALES_PERSON] -> [5579089542447104]
14:12:27,825 DEBUG SQL:104 - 
    insert 
    into
        PRODUCT
        (PROD_ID, name, STOCK_NUM, weight_kg, eff_start_dt, eff_end_dt) 
    values
        (null, ?, ?, 0.453E0 * ?, ?, ?)
14:12:27,825 DEBUG BaseGeneralDataRegion:59 - Caching[hibernate.test.org.hibernate.cache.spi.UpdateTimestampsCache] : [PRODUCT] -> [5579089542451200]
14:12:27,826 DEBUG SQL:104 - 
    insert 
    into
        CATEGORY
        (CAT_ID, name, eff_start_dt, eff_end_dt) 
    values
        (null, ?, ?, ?)
14:12:27,826 DEBUG BaseGeneralDataRegion:59 - Caching[hibernate.test.org.hibernate.cache.spi.UpdateTimestampsCache] : [CATEGORY] -> [5579089542455296]
14:12:27,826 DEBUG SQL:104 - 
    insert 
    into
        CATEGORY
        (CAT_ID, name, eff_start_dt, eff_end_dt) 
    values
        (null, ?, ?, ?)
14:12:27,827 DEBUG BaseGeneralDataRegion:59 - Caching[hibernate.test.org.hibernate.cache.spi.UpdateTimestampsCache] : [CATEGORY] -> [5579089542455297]
14:12:27,827 DEBUG SQL:104 - 
    insert 
    into
        T_ORDER
        (ORDER_ID, REG, BUYER, "ord dt", "close dt", SALES_PERSON_ID) 
    values
        (null, ?, ?, ?, ?, ?)
14:12:27,834 DEBUG BaseGeneralDataRegion:59 - Caching[hibernate.test.org.hibernate.cache.spi.UpdateTimestampsCache] : [T_ORDER] -> [5579089542488064]
14:12:27,835 DEBUG SQL:104 - 
    insert 
    into
        ORDER_ITEM
        (ITEM_ID, ORDER_ID, SEQ, PRODUCT_ID, AMT) 
    values
        (null, ?, ?, ?, ?)
14:12:27,835 DEBUG BaseGeneralDataRegion:59 - Caching[hibernate.test.org.hibernate.cache.spi.UpdateTimestampsCache] : [ORDER_ITEM] -> [5579089542492160]
14:12:27,835 DEBUG SQL:104 - 
    insert 
    into
        PRODUCT
        (PROD_ID, name, STOCK_NUM, weight_kg, eff_start_dt, eff_end_dt) 
    values
        (null, ?, ?, 0.453E0 * ?, ?, ?)
14:12:27,835 DEBUG BaseGeneralDataRegion:59 - Caching[hibernate.test.org.hibernate.cache.spi.UpdateTimestampsCache] : [PRODUCT] -> [5579089542492161]
14:12:27,836 DEBUG SQL:104 - 
    insert 
    into
        CATEGORY
        (CAT_ID, name, eff_start_dt, eff_end_dt) 
    values
        (null, ?, ?, ?)
14:12:27,836 DEBUG BaseGeneralDataRegion:59 - Caching[hibernate.test.org.hibernate.cache.spi.UpdateTimestampsCache] : [CATEGORY] -> [5579089542496256]
14:12:27,845 DEBUG SQL:104 - 
    insert 
    into
        PRODUCT
        (PROD_ID, name, STOCK_NUM, weight_kg, eff_start_dt, eff_end_dt) 
    values
        (null, ?, ?, 0.453E0 * ?, ?, ?)
14:12:27,845 DEBUG BaseGeneralDataRegion:59 - Caching[hibernate.test.org.hibernate.cache.spi.UpdateTimestampsCache] : [PRODUCT] -> [5579089542533120]
14:12:27,845 DEBUG SQL:104 - 
    insert 
    into
        T_ORDER
        (ORDER_ID, REG, BUYER, "ord dt", "close dt", SALES_PERSON_ID) 
    values
        (null, ?, ?, ?, ?, ?)
14:12:27,846 DEBUG BaseGeneralDataRegion:59 - Caching[hibernate.test.org.hibernate.cache.spi.UpdateTimestampsCache] : [T_ORDER] -> [5579089542537216]
14:12:27,846 DEBUG SQL:104 - 
    insert 
    into
        ORDER_ITEM
        (ITEM_ID, ORDER_ID, SEQ, PRODUCT_ID, AMT) 
    values
        (null, ?, ?, ?, ?)
14:12:27,846 DEBUG BaseGeneralDataRegion:59 - Caching[hibernate.test.org.hibernate.cache.spi.UpdateTimestampsCache] : [ORDER_ITEM] -> [5579089542537217]
14:12:27,847 DEBUG SQL:104 - 
    update
        PRODUCT 
    set
        name=?,
        STOCK_NUM=?,
        weight_kg=0.453E0 * ?,
        eff_start_dt=?,
        eff_end_dt=? 
    where
        PROD_ID=?
14:12:27,855 DEBUG BaseGeneralDataRegion:69 - Evicting[hibernate.test.org.hibernate.test.filter.Product]: org.hibernate.test.filter.Product#7
14:12:27,855 DEBUG BaseGeneralDataRegion:59 - Caching[hibernate.test.org.hibernate.cache.spi.UpdateTimestampsCache] : [PRODUCT] -> [5579089542574080]
14:12:27,855 DEBUG BaseGeneralDataRegion:69 - Evicting[hibernate.test.org.hibernate.test.filter.Department.salespersons]: org.hibernate.test.filter.Department.salespersons#3
14:12:27,856 DEBUG BaseGeneralDataRegion:59 - Caching[hibernate.test.org.hibernate.cache.spi.UpdateTimestampsCache] : [SALES_PERSON] -> [5579089542578176]
14:12:27,856 DEBUG BaseGeneralDataRegion:69 - Evicting[hibernate.test.org.hibernate.test.filter.Salesperson.orders]: org.hibernate.test.filter.Salesperson.orders#5
14:12:27,856 DEBUG BaseGeneralDataRegion:59 - Caching[hibernate.test.org.hibernate.cache.spi.UpdateTimestampsCache] : [T_ORDER] -> [5579089542578177]
14:12:27,856 DEBUG BaseGeneralDataRegion:69 - Evicting[hibernate.test.org.hibernate.test.filter.Salesperson.orders]: org.hibernate.test.filter.Salesperson.orders#6
14:12:27,856 DEBUG BaseGeneralDataRegion:59 - Caching[hibernate.test.org.hibernate.cache.spi.UpdateTimestampsCache] : [T_ORDER] -> [5579089542578178]
14:12:27,856 DEBUG SQL:104 - 
    insert 
    into
        PROD_CAT
        (PROD_ID, CAT_ID) 
    values
        (?, ?)
14:12:27,856 DEBUG SQL:104 - 
    insert 
    into
        PROD_CAT
        (PROD_ID, CAT_ID) 
    values
        (?, ?)
14:12:27,857 DEBUG BaseGeneralDataRegion:69 - Evicting[hibernate.test.org.hibernate.test.filter.Product.categories]: org.hibernate.test.filter.Product.categories#7
14:12:27,857 DEBUG BaseGeneralDataRegion:59 - Caching[hibernate.test.org.hibernate.cache.spi.UpdateTimestampsCache] : [PROD_CAT] -> [5579089542582272]
14:12:27,857 DEBUG BaseGeneralDataRegion:69 - Evicting[hibernate.test.org.hibernate.test.filter.Category.products]: org.hibernate.test.filter.Category.products#7
14:12:27,864 DEBUG BaseGeneralDataRegion:59 - Caching[hibernate.test.org.hibernate.cache.spi.UpdateTimestampsCache] : [PROD_CAT] -> [5579089542610944]
14:12:27,864 DEBUG BaseGeneralDataRegion:69 - Evicting[hibernate.test.org.hibernate.test.filter.Category.products]: org.hibernate.test.filter.Category.products#8
14:12:27,865 DEBUG BaseGeneralDataRegion:59 - Caching[hibernate.test.org.hibernate.cache.spi.UpdateTimestampsCache] : [PROD_CAT] -> [5579089542615040]
14:12:27,865 DEBUG BaseGeneralDataRegion:69 - Evicting[hibernate.test.org.hibernate.test.filter.Order.lineItems]: org.hibernate.test.filter.Order.lineItems#5
14:12:27,865 DEBUG BaseGeneralDataRegion:59 - Caching[hibernate.test.org.hibernate.cache.spi.UpdateTimestampsCache] : [ORDER_ITEM] -> [5579089542615041]
14:12:27,865 DEBUG SQL:104 - 
    insert 
    into
        PROD_CAT
        (PROD_ID, CAT_ID) 
    values
        (?, ?)
14:12:27,865 DEBUG BaseGeneralDataRegion:69 - Evicting[hibernate.test.org.hibernate.test.filter.Product.categories]: org.hibernate.test.filter.Product.categories#8
14:12:27,865 DEBUG BaseGeneralDataRegion:59 - Caching[hibernate.test.org.hibernate.cache.spi.UpdateTimestampsCache] : [PROD_CAT] -> [5579089542615042]
14:12:27,865 DEBUG BaseGeneralDataRegion:69 - Evicting[hibernate.test.org.hibernate.test.filter.Category.products]: org.hibernate.test.filter.Category.products#9
14:12:27,865 DEBUG BaseGeneralDataRegion:59 - Caching[hibernate.test.org.hibernate.cache.spi.UpdateTimestampsCache] : [PROD_CAT] -> [5579089542615043]
14:12:27,866 DEBUG BaseGeneralDataRegion:69 - Evicting[hibernate.test.org.hibernate.test.filter.Order.lineItems]: org.hibernate.test.filter.Order.lineItems#6
14:12:27,866 DEBUG BaseGeneralDataRegion:59 - Caching[hibernate.test.org.hibernate.cache.spi.UpdateTimestampsCache] : [ORDER_ITEM] -> [5579089542619136]
14:12:27,866 DEBUG BaseGeneralDataRegion:69 - Evicting[hibernate.test.org.hibernate.test.filter.Product]: org.hibernate.test.filter.Product#7
14:12:27,866 DEBUG BaseGeneralDataRegion:69 - Evicting[hibernate.test.org.hibernate.test.filter.Department.salespersons]: org.hibernate.test.filter.Department.salespersons#3
14:12:27,866 DEBUG BaseGeneralDataRegion:69 - Evicting[hibernate.test.org.hibernate.test.filter.Salesperson.orders]: org.hibernate.test.filter.Salesperson.orders#5
14:12:27,866 DEBUG BaseGeneralDataRegion:69 - Evicting[hibernate.test.org.hibernate.test.filter.Salesperson.orders]: org.hibernate.test.filter.Salesperson.orders#6
14:12:27,866 DEBUG BaseGeneralDataRegion:69 - Evicting[hibernate.test.org.hibernate.test.filter.Product.categories]: org.hibernate.test.filter.Product.categories#7
14:12:27,866 DEBUG BaseGeneralDataRegion:69 - Evicting[hibernate.test.org.hibernate.test.filter.Category.products]: org.hibernate.test.filter.Category.products#7
14:12:27,866 DEBUG BaseGeneralDataRegion:69 - Evicting[hibernate.test.org.hibernate.test.filter.Category.products]: org.hibernate.test.filter.Category.products#8
14:12:27,866 DEBUG BaseGeneralDataRegion:69 - Evicting[hibernate.test.org.hibernate.test.filter.Order.lineItems]: org.hibernate.test.filter.Order.lineItems#5
14:12:27,867 DEBUG BaseGeneralDataRegion:69 - Evicting[hibernate.test.org.hibernate.test.filter.Product.categories]: org.hibernate.test.filter.Product.categories#8
14:12:27,867 DEBUG BaseGeneralDataRegion:69 - Evicting[hibernate.test.org.hibernate.test.filter.Category.products]: org.hibernate.test.filter.Category.products#9
14:12:27,874 DEBUG BaseGeneralDataRegion:69 - Evicting[hibernate.test.org.hibernate.test.filter.Order.lineItems]: org.hibernate.test.filter.Order.lineItems#6
14:12:27,874 DEBUG BaseGeneralDataRegion:59 - Caching[hibernate.test.org.hibernate.cache.spi.UpdateTimestampsCache] : [ORDER_ITEM] -> [5579089296891904]
14:12:27,874 DEBUG BaseGeneralDataRegion:59 - Caching[hibernate.test.org.hibernate.cache.spi.UpdateTimestampsCache] : [CATEGORY] -> [5579089296891904]
14:12:27,874 DEBUG BaseGeneralDataRegion:59 - Caching[hibernate.test.org.hibernate.cache.spi.UpdateTimestampsCache] : [SALES_PERSON] -> [5579089296891904]
14:12:27,874 DEBUG BaseGeneralDataRegion:59 - Caching[hibernate.test.org.hibernate.cache.spi.UpdateTimestampsCache] : [T_ORDER] -> [5579089296891904]
14:12:27,874 DEBUG BaseGeneralDataRegion:59 - Caching[hibernate.test.org.hibernate.cache.spi.UpdateTimestampsCache] : [PRODUCT] -> [5579089296891904]
14:12:27,874 DEBUG BaseGeneralDataRegion:59 - Caching[hibernate.test.org.hibernate.cache.spi.UpdateTimestampsCache] : [DEPARTMENT] -> [5579089296891904]
14:12:27,874 DEBUG BaseGeneralDataRegion:59 - Caching[hibernate.test.org.hibernate.cache.spi.UpdateTimestampsCache] : [PROD_CAT] -> [5579089296891904]
14:12:27,875  INFO DynamicFilterTest:268 - Criteria query against Salesperson...
14:12:27,875 DEBUG SQL:104 - 
    select
        this_.SALES_PERSON_ID as SALES1_5_1_,
        this_.NAME as NAME5_1_,
        this_.REG as REG5_1_,
        this_.DEPT_ID as DEPT4_5_1_,
        this_."hire dt" as hire5_5_1_,
        orders2_.SALES_PERSON_ID as SALES6_5_3_,
        orders2_.ORDER_ID as ORDER1_6_3_,
        orders2_.ORDER_ID as ORDER1_6_0_,
        orders2_.REG as REG6_0_,
        orders2_.BUYER as BUYER6_0_,
        orders2_."ord dt" as ord4_6_0_,
        orders2_."close dt" as close5_6_0_,
        orders2_.SALES_PERSON_ID as SALES6_6_0_ 
    from
        SALES_PERSON this_ 
    left outer join
        T_ORDER orders2_ 
            on this_.SALES_PERSON_ID=orders2_.SALES_PERSON_ID 
            and orders2_.REG = ? 
            and orders2_."close dt" < ? 
    where
        this_.REG = ?
14:12:27,886 DEBUG BaseRegionAccessStrategy:66 - Caching: org.hibernate.test.filter.Order#5
14:12:27,886 DEBUG BaseGeneralDataRegion:59 - Caching[hibernate.test.org.hibernate.test.filter.Order] : [org.hibernate.test.filter.Order#5] -> [CacheEntry(org.hibernate.test.filter.Order)[APAC,gavin,2012-08-28 14:12:27.805,2012-10-28 14:12:27.805,5,5]]
14:12:27,886 DEBUG BaseRegionAccessStrategy:66 - Caching: org.hibernate.test.filter.Salesperson#5
14:12:27,886 DEBUG BaseGeneralDataRegion:59 - Caching[hibernate.test.org.hibernate.test.filter.Salesperson] : [org.hibernate.test.filter.Salesperson#5] -> [CacheEntry(org.hibernate.test.filter.Salesperson)[steve,APAC,3,2012-08-28 14:12:27.805,5]]
14:12:27,887  INFO DynamicFilterTest:275 - Criteria query against Product...
14:12:27,887 DEBUG SQL:104 - 
    select
        this_.PROD_ID as PROD1_3_1_,
        this_.name as name3_1_,
        this_.STOCK_NUM as STOCK3_3_1_,
        this_.weight_kg / 0.453E0 as weight4_3_1_,
        this_.eff_start_dt as eff5_3_1_,
        this_.eff_end_dt as eff6_3_1_,
        categories2_.PROD_ID as PROD1_3_3_,
        category3_.CAT_ID as CAT2_4_3_,
        category3_.CAT_ID as CAT1_0_0_,
        category3_.name as name0_0_,
        category3_.eff_start_dt as eff3_0_0_,
        category3_.eff_end_dt as eff4_0_0_ 
    from
        PRODUCT this_ 
    left outer join
        PROD_CAT categories2_ 
            on this_.PROD_ID=categories2_.PROD_ID 
    left outer join
        CATEGORY category3_ 
            on categories2_.CAT_ID=category3_.CAT_ID 
            and ? BETWEEN category3_.eff_start_dt and category3_.eff_end_dt 
    where
        ? BETWEEN this_.eff_start_dt and this_.eff_end_dt 
        and this_.STOCK_NUM=?
14:12:27,896 DEBUG BaseRegionAccessStrategy:66 - Caching: org.hibernate.test.filter.Category#9
14:12:27,897 DEBUG BaseGeneralDataRegion:59 - Caching[hibernate.test.org.hibernate.test.filter.Category] : [org.hibernate.test.filter.Category#9] -> [CacheEntry(org.hibernate.test.filter.Category)[test cat 2,2012-08-28 14:12:27.805,2013-02-28 14:12:27.835,9]]
14:12:27,897 DEBUG BaseRegionAccessStrategy:66 - Caching: org.hibernate.test.filter.Product#8
14:12:27,897 DEBUG BaseGeneralDataRegion:59 - Caching[hibernate.test.org.hibernate.test.filter.Product] : [org.hibernate.test.filter.Product#8] -> [CacheEntry(org.hibernate.test.filter.Product)[Acme Super-Duper DTO Factory,124,0.0,2012-08-28 14:12:27.805,2013-02-28 14:12:27.835,8,8]]
14:12:27,899 DEBUG SQL:104 - 
    update
        SALES_PERSON 
    set
        NAME=?,
        REG=?,
        DEPT_ID=?,
        "hire dt"=? 
    where
        SALES_PERSON_ID=?
14:12:27,899 DEBUG BaseGeneralDataRegion:69 - Evicting[hibernate.test.org.hibernate.test.filter.Salesperson]: org.hibernate.test.filter.Salesperson#5
14:12:27,900 DEBUG BaseGeneralDataRegion:59 - Caching[hibernate.test.org.hibernate.cache.spi.UpdateTimestampsCache] : [SALES_PERSON] -> [5579089542758400]
14:12:27,900 DEBUG SQL:104 - 
    update
        SALES_PERSON 
    set
        NAME=?,
        REG=?,
        DEPT_ID=?,
        "hire dt"=? 
    where
        SALES_PERSON_ID=?
14:12:27,906 DEBUG BaseGeneralDataRegion:69 - Evicting[hibernate.test.org.hibernate.test.filter.Salesperson]: org.hibernate.test.filter.Salesperson#6
14:12:27,906 DEBUG BaseGeneralDataRegion:59 - Caching[hibernate.test.org.hibernate.cache.spi.UpdateTimestampsCache] : [SALES_PERSON] -> [5579089542782976]
14:12:27,906 DEBUG SQL:104 - 
    update
        T_ORDER 
    set
        REG=?,
        BUYER=?,
        "ord dt"=?,
        "close dt"=?,
        SALES_PERSON_ID=? 
    where
        ORDER_ID=?
14:12:27,907 DEBUG BaseGeneralDataRegion:69 - Evicting[hibernate.test.org.hibernate.test.filter.Order]: org.hibernate.test.filter.Order#5
14:12:27,907 DEBUG BaseGeneralDataRegion:59 - Caching[hibernate.test.org.hibernate.cache.spi.UpdateTimestampsCache] : [T_ORDER] -> [5579089542787072]
14:12:27,907 DEBUG SQL:104 - 
    update
        ORDER_ITEM 
    set
        ORDER_ID=?,
        SEQ=?,
        PRODUCT_ID=?,
        AMT=? 
    where
        ITEM_ID=?
14:12:27,907 DEBUG BaseGeneralDataRegion:69 - Evicting[hibernate.test.org.hibernate.test.filter.LineItem]: org.hibernate.test.filter.LineItem#5
14:12:27,907 DEBUG BaseGeneralDataRegion:59 - Caching[hibernate.test.org.hibernate.cache.spi.UpdateTimestampsCache] : [ORDER_ITEM] -> [5579089542787073]
14:12:27,907 DEBUG SQL:104 - 
    update
        T_ORDER 
    set
        REG=?,
        BUYER=?,
        "ord dt"=?,
        "close dt"=?,
        SALES_PERSON_ID=? 
    where
        ORDER_ID=?
14:12:27,908 DEBUG BaseGeneralDataRegion:69 - Evicting[hibernate.test.org.hibernate.test.filter.Order]: org.hibernate.test.filter.Order#6
14:12:27,908 DEBUG BaseGeneralDataRegion:59 - Caching[hibernate.test.org.hibernate.cache.spi.UpdateTimestampsCache] : [T_ORDER] -> [5579089542791168]
14:12:27,908 DEBUG SQL:104 - 
    update
        ORDER_ITEM 
    set
        ORDER_ID=?,
        SEQ=?,
        PRODUCT_ID=?,
        AMT=? 
    where
        ITEM_ID=?
14:12:27,908 DEBUG BaseGeneralDataRegion:69 - Evicting[hibernate.test.org.hibernate.test.filter.LineItem]: org.hibernate.test.filter.LineItem#6
14:12:27,908 DEBUG BaseGeneralDataRegion:59 - Caching[hibernate.test.org.hibernate.cache.spi.UpdateTimestampsCache] : [ORDER_ITEM] -> [5579089542791169]
14:12:27,908 DEBUG BaseGeneralDataRegion:69 - Evicting[hibernate.test.org.hibernate.test.filter.Product.orderLineItems]: org.hibernate.test.filter.Product.orderLineItems#7
14:12:27,908 DEBUG BaseGeneralDataRegion:59 - Caching[hibernate.test.org.hibernate.cache.spi.UpdateTimestampsCache] : [ORDER_ITEM] -> [5579089542791170]
14:12:27,908 DEBUG BaseGeneralDataRegion:69 - Evicting[hibernate.test.org.hibernate.test.filter.Product.orderLineItems]: org.hibernate.test.filter.Product.orderLineItems#8
14:12:27,909 DEBUG BaseGeneralDataRegion:59 - Caching[hibernate.test.org.hibernate.cache.spi.UpdateTimestampsCache] : [ORDER_ITEM] -> [5579089542795264]
14:12:27,927 DEBUG BaseGeneralDataRegion:69 - Evicting[hibernate.test.org.hibernate.test.filter.Product.orderLineItems]: org.hibernate.test.filter.Product.orderLineItems#9
14:12:27,927 DEBUG BaseGeneralDataRegion:59 - Caching[hibernate.test.org.hibernate.cache.spi.UpdateTimestampsCache] : [ORDER_ITEM] -> [5579089542868992]
14:12:27,928 DEBUG SQL:104 - 
    delete 
    from
        PROD_CAT 
    where
        PROD_ID=?
14:12:27,928 DEBUG BaseGeneralDataRegion:69 - Evicting[hibernate.test.org.hibernate.test.filter.Product.categories]: org.hibernate.test.filter.Product.categories#9
14:12:27,928 DEBUG BaseGeneralDataRegion:59 - Caching[hibernate.test.org.hibernate.cache.spi.UpdateTimestampsCache] : [PROD_CAT] -> [5579089542873088]
14:12:27,928 DEBUG BaseGeneralDataRegion:69 - Evicting[hibernate.test.org.hibernate.test.filter.Department.salespersons]: org.hibernate.test.filter.Department.salespersons#3
14:12:27,928 DEBUG BaseGeneralDataRegion:59 - Caching[hibernate.test.org.hibernate.cache.spi.UpdateTimestampsCache] : [SALES_PERSON] -> [5579089542873089]
14:12:27,928 DEBUG BaseGeneralDataRegion:69 - Evicting[hibernate.test.org.hibernate.test.filter.Salesperson.orders]: org.hibernate.test.filter.Salesperson.orders#5
14:12:27,928 DEBUG BaseGeneralDataRegion:59 - Caching[hibernate.test.org.hibernate.cache.spi.UpdateTimestampsCache] : [T_ORDER] -> [5579089542873090]
14:12:27,928 DEBUG BaseGeneralDataRegion:69 - Evicting[hibernate.test.org.hibernate.test.filter.Salesperson.orders]: org.hibernate.test.filter.Salesperson.orders#6
14:12:27,929 DEBUG BaseGeneralDataRegion:59 - Caching[hibernate.test.org.hibernate.cache.spi.UpdateTimestampsCache] : [T_ORDER] -> [5579089542877184]
14:12:27,929 DEBUG SQL:104 - 
    delete 
    from
        PROD_CAT 
    where
        PROD_ID=?
14:12:27,929 DEBUG BaseGeneralDataRegion:69 - Evicting[hibernate.test.org.hibernate.test.filter.Product.categories]: org.hibernate.test.filter.Product.categories#7
14:12:27,929 DEBUG BaseGeneralDataRegion:59 - Caching[hibernate.test.org.hibernate.cache.spi.UpdateTimestampsCache] : [PROD_CAT] -> [5579089542877185]
14:12:27,929 DEBUG BaseGeneralDataRegion:69 - Evicting[hibernate.test.org.hibernate.test.filter.Category.products]: org.hibernate.test.filter.Category.products#7
14:12:27,929 DEBUG BaseGeneralDataRegion:59 - Caching[hibernate.test.org.hibernate.cache.spi.UpdateTimestampsCache] : [PROD_CAT] -> [5579089542877186]
14:12:27,929 DEBUG BaseGeneralDataRegion:69 - Evicting[hibernate.test.org.hibernate.test.filter.Category.products]: org.hibernate.test.filter.Category.products#8
14:12:27,929 DEBUG BaseGeneralDataRegion:59 - Caching[hibernate.test.org.hibernate.cache.spi.UpdateTimestampsCache] : [PROD_CAT] -> [5579089542877187]
14:12:27,940 DEBUG BaseGeneralDataRegion:69 - Evicting[hibernate.test.org.hibernate.test.filter.Order.lineItems]: org.hibernate.test.filter.Order.lineItems#5
14:12:27,940 DEBUG BaseGeneralDataRegion:59 - Caching[hibernate.test.org.hibernate.cache.spi.UpdateTimestampsCache] : [ORDER_ITEM] -> [5579089542922240]
14:12:27,940 DEBUG SQL:104 - 
    delete 
    from
        PROD_CAT 
    where
        PROD_ID=?
14:12:27,941 DEBUG BaseGeneralDataRegion:69 - Evicting[hibernate.test.org.hibernate.test.filter.Product.categories]: org.hibernate.test.filter.Product.categories#8
14:12:27,941 DEBUG BaseGeneralDataRegion:59 - Caching[hibernate.test.org.hibernate.cache.spi.UpdateTimestampsCache] : [PROD_CAT] -> [5579089542926336]
14:12:27,941 DEBUG BaseGeneralDataRegion:69 - Evicting[hibernate.test.org.hibernate.test.filter.Category.products]: org.hibernate.test.filter.Category.products#9
14:12:27,941 DEBUG BaseGeneralDataRegion:59 - Caching[hibernate.test.org.hibernate.cache.spi.UpdateTimestampsCache] : [PROD_CAT] -> [5579089542926337]
14:12:27,941 DEBUG BaseGeneralDataRegion:69 - Evicting[hibernate.test.org.hibernate.test.filter.Order.lineItems]: org.hibernate.test.filter.Order.lineItems#6
14:12:27,941 DEBUG BaseGeneralDataRegion:59 - Caching[hibernate.test.org.hibernate.cache.spi.UpdateTimestampsCache] : [ORDER_ITEM] -> [5579089542926338]
14:12:27,941 DEBUG SQL:104 - 
    delete 
    from
        DEPARTMENT 
    where
        DEPT_ID=?
14:12:27,942 DEBUG BaseGeneralDataRegion:69 - Evicting[hibernate.test.org.hibernate.test.filter.Department]: org.hibernate.test.filter.Department#3
14:12:27,942 DEBUG BaseGeneralDataRegion:59 - Caching[hibernate.test.org.hibernate.cache.spi.UpdateTimestampsCache] : [DEPARTMENT] -> [5579089542930432]
14:12:27,942 DEBUG SQL:104 - 
    delete 
    from
        SALES_PERSON 
    where
        SALES_PERSON_ID=?
14:12:27,942 DEBUG BaseGeneralDataRegion:69 - Evicting[hibernate.test.org.hibernate.test.filter.Salesperson]: org.hibernate.test.filter.Salesperson#5
14:12:27,942 DEBUG BaseGeneralDataRegion:59 - Caching[hibernate.test.org.hibernate.cache.spi.UpdateTimestampsCache] : [SALES_PERSON] -> [5579089542930433]
14:12:27,942 DEBUG SQL:104 - 
    delete 
    from
        SALES_PERSON 
    where
        SALES_PERSON_ID=?
14:12:27,943 DEBUG BaseGeneralDataRegion:69 - Evicting[hibernate.test.org.hibernate.test.filter.Salesperson]: org.hibernate.test.filter.Salesperson#6
14:12:27,943 DEBUG BaseGeneralDataRegion:59 - Caching[hibernate.test.org.hibernate.cache.spi.UpdateTimestampsCache] : [SALES_PERSON] -> [5579089542934528]
14:12:27,943 DEBUG SQL:104 - 
    delete 
    from
        CATEGORY 
    where
        CAT_ID=?
14:12:27,943 DEBUG BaseGeneralDataRegion:69 - Evicting[hibernate.test.org.hibernate.test.filter.Category]: org.hibernate.test.filter.Category#7
14:12:27,967 DEBUG BaseGeneralDataRegion:59 - Caching[hibernate.test.org.hibernate.cache.spi.UpdateTimestampsCache] : [CATEGORY] -> [5579089543032832]
14:12:27,967 DEBUG SQL:104 - 
    delete 
    from
        CATEGORY 
    where
        CAT_ID=?
14:12:27,968 DEBUG BaseGeneralDataRegion:69 - Evicting[hibernate.test.org.hibernate.test.filter.Category]: org.hibernate.test.filter.Category#8
14:12:27,968 DEBUG BaseGeneralDataRegion:59 - Caching[hibernate.test.org.hibernate.cache.spi.UpdateTimestampsCache] : [CATEGORY] -> [5579089543036928]
14:12:27,968 DEBUG SQL:104 - 
    delete 
    from
        PRODUCT 
    where
        PROD_ID=?
14:12:27,968 DEBUG BaseGeneralDataRegion:69 - Evicting[hibernate.test.org.hibernate.test.filter.Product]: org.hibernate.test.filter.Product#7
14:12:27,969 DEBUG BaseGeneralDataRegion:59 - Caching[hibernate.test.org.hibernate.cache.spi.UpdateTimestampsCache] : [PRODUCT] -> [5579089543036929]
14:12:27,969 DEBUG SQL:104 - 
    delete 
    from
        ORDER_ITEM 
    where
        ITEM_ID=?
14:12:27,969 DEBUG BaseGeneralDataRegion:69 - Evicting[hibernate.test.org.hibernate.test.filter.LineItem]: org.hibernate.test.filter.LineItem#5
14:12:27,969 DEBUG BaseGeneralDataRegion:59 - Caching[hibernate.test.org.hibernate.cache.spi.UpdateTimestampsCache] : [ORDER_ITEM] -> [5579089543041024]
14:12:27,969 DEBUG SQL:104 - 
    delete 
    from
        T_ORDER 
    where
        ORDER_ID=?
14:12:27,978 DEBUG BaseGeneralDataRegion:69 - Evicting[hibernate.test.org.hibernate.test.filter.Order]: org.hibernate.test.filter.Order#5
14:12:27,978 DEBUG BaseGeneralDataRegion:59 - Caching[hibernate.test.org.hibernate.cache.spi.UpdateTimestampsCache] : [T_ORDER] -> [5579089543077888]
14:12:27,978 DEBUG SQL:104 - 
    delete 
    from
        CATEGORY 
    where
        CAT_ID=?
14:12:27,978 DEBUG BaseGeneralDataRegion:69 - Evicting[hibernate.test.org.hibernate.test.filter.Category]: org.hibernate.test.filter.Category#9
14:12:27,979 DEBUG BaseGeneralDataRegion:59 - Caching[hibernate.test.org.hibernate.cache.spi.UpdateTimestampsCache] : [CATEGORY] -> [5579089543077889]
14:12:27,979 DEBUG SQL:104 - 
    delete 
    from
        PRODUCT 
    where
        PROD_ID=?
14:12:27,979 DEBUG BaseGeneralDataRegion:69 - Evicting[hibernate.test.org.hibernate.test.filter.Product]: org.hibernate.test.filter.Product#8
14:12:27,979 DEBUG BaseGeneralDataRegion:59 - Caching[hibernate.test.org.hibernate.cache.spi.UpdateTimestampsCache] : [PRODUCT] -> [5579089543081984]
14:12:27,979 DEBUG SQL:104 - 
    delete 
    from
        PRODUCT 
    where
        PROD_ID=?
14:12:27,979 DEBUG BaseGeneralDataRegion:69 - Evicting[hibernate.test.org.hibernate.test.filter.Product]: org.hibernate.test.filter.Product#9
14:12:27,979 DEBUG BaseGeneralDataRegion:59 - Caching[hibernate.test.org.hibernate.cache.spi.UpdateTimestampsCache] : [PRODUCT] -> [5579089543081985]
14:12:27,979 DEBUG SQL:104 - 
    delete 
    from
        ORDER_ITEM 
    where
        ITEM_ID=?
14:12:27,988 DEBUG BaseGeneralDataRegion:69 - Evicting[hibernate.test.org.hibernate.test.filter.LineItem]: org.hibernate.test.filter.LineItem#6
14:12:27,988 DEBUG BaseGeneralDataRegion:59 - Caching[hibernate.test.org.hibernate.cache.spi.UpdateTimestampsCache] : [ORDER_ITEM] -> [5579089543118848]
14:12:27,988 DEBUG SQL:104 - 
    delete 
    from
        T_ORDER 
    where
        ORDER_ID=?
14:12:27,989 DEBUG BaseGeneralDataRegion:69 - Evicting[hibernate.test.org.hibernate.test.filter.Order]: org.hibernate.test.filter.Order#6
14:12:27,989 DEBUG BaseGeneralDataRegion:59 - Caching[hibernate.test.org.hibernate.cache.spi.UpdateTimestampsCache] : [T_ORDER] -> [5579089543122944]
14:12:27,989 DEBUG BaseGeneralDataRegion:69 - Evicting[hibernate.test.org.hibernate.test.filter.Salesperson]: org.hibernate.test.filter.Salesperson#5
14:12:27,989 DEBUG BaseGeneralDataRegion:69 - Evicting[hibernate.test.org.hibernate.test.filter.Salesperson]: org.hibernate.test.filter.Salesperson#6
14:12:27,989 DEBUG BaseGeneralDataRegion:69 - Evicting[hibernate.test.org.hibernate.test.filter.Order]: org.hibernate.test.filter.Order#5
14:12:27,989 DEBUG BaseGeneralDataRegion:69 - Evicting[hibernate.test.org.hibernate.test.filter.LineItem]: org.hibernate.test.filter.LineItem#5
14:12:27,989 DEBUG BaseGeneralDataRegion:69 - Evicting[hibernate.test.org.hibernate.test.filter.Order]: org.hibernate.test.filter.Order#6
14:12:27,989 DEBUG BaseGeneralDataRegion:69 - Evicting[hibernate.test.org.hibernate.test.filter.LineItem]: org.hibernate.test.filter.LineItem#6
14:12:27,989 DEBUG BaseGeneralDataRegion:69 - Evicting[hibernate.test.org.hibernate.test.filter.Product.orderLineItems]: org.hibernate.test.filter.Product.orderLineItems#7
14:12:27,990 DEBUG BaseGeneralDataRegion:69 - Evicting[hibernate.test.org.hibernate.test.filter.Product.orderLineItems]: org.hibernate.test.filter.Product.orderLineItems#8
14:12:27,990 DEBUG BaseGeneralDataRegion:69 - Evicting[hibernate.test.org.hibernate.test.filter.Product.orderLineItems]: org.hibernate.test.filter.Product.orderLineItems#9
14:12:27,990 DEBUG BaseGeneralDataRegion:69 - Evicting[hibernate.test.org.hibernate.test.filter.Product.categories]: org.hibernate.test.filter.Product.categories#9
14:12:27,990 DEBUG BaseGeneralDataRegion:69 - Evicting[hibernate.test.org.hibernate.test.filter.Department.salespersons]: org.hibernate.test.filter.Department.salespersons#3
14:12:27,990 DEBUG BaseGeneralDataRegion:69 - Evicting[hibernate.test.org.hibernate.test.filter.Salesperson.orders]: org.hibernate.test.filter.Salesperson.orders#5
14:12:27,990 DEBUG BaseGeneralDataRegion:69 - Evicting[hibernate.test.org.hibernate.test.filter.Salesperson.orders]: org.hibernate.test.filter.Salesperson.orders#6
14:12:27,990 DEBUG BaseGeneralDataRegion:69 - Evicting[hibernate.test.org.hibernate.test.filter.Product.categories]: org.hibernate.test.filter.Product.categories#7
14:12:27,990 DEBUG BaseGeneralDataRegion:69 - Evicting[hibernate.test.org.hibernate.test.filter.Category.products]: org.hibernate.test.filter.Category.products#7
14:12:27,990 DEBUG BaseGeneralDataRegion:69 - Evicting[hibernate.test.org.hibernate.test.filter.Category.products]: org.hibernate.test.filter.Category.products#8
14:12:27,997 DEBUG BaseGeneralDataRegion:69 - Evicting[hibernate.test.org.hibernate.test.filter.Order.lineItems]: org.hibernate.test.filter.Order.lineItems#5
14:12:27,998 DEBUG BaseGeneralDataRegion:69 - Evicting[hibernate.test.org.hibernate.test.filter.Product.categories]: org.hibernate.test.filter.Product.categories#8
14:12:27,998 DEBUG BaseGeneralDataRegion:69 - Evicting[hibernate.test.org.hibernate.test.filter.Category.products]: org.hibernate.test.filter.Category.products#9
14:12:27,998 DEBUG BaseGeneralDataRegion:69 - Evicting[hibernate.test.org.hibernate.test.filter.Order.lineItems]: org.hibernate.test.filter.Order.lineItems#6
14:12:27,998 DEBUG BaseGeneralDataRegion:69 - Evicting[hibernate.test.org.hibernate.test.filter.Department]: org.hibernate.test.filter.Department#3
14:12:27,998 DEBUG BaseGeneralDataRegion:69 - Evicting[hibernate.test.org.hibernate.test.filter.Salesperson]: org.hibernate.test.filter.Salesperson#5
14:12:27,998 DEBUG BaseGeneralDataRegion:69 - Evicting[hibernate.test.org.hibernate.test.filter.Salesperson]: org.hibernate.test.filter.Salesperson#6
14:12:27,998 DEBUG BaseGeneralDataRegion:69 - Evicting[hibernate.test.org.hibernate.test.filter.Category]: org.hibernate.test.filter.Category#7
14:12:27,998 DEBUG BaseGeneralDataRegion:69 - Evicting[hibernate.test.org.hibernate.test.filter.Category]: org.hibernate.test.filter.Category#8
14:12:27,998 DEBUG BaseGeneralDataRegion:69 - Evicting[hibernate.test.org.hibernate.test.filter.Product]: org.hibernate.test.filter.Product#7
14:12:27,998 DEBUG BaseGeneralDataRegion:69 - Evicting[hibernate.test.org.hibernate.test.filter.LineItem]: org.hibernate.test.filter.LineItem#5
14:12:27,998 DEBUG BaseGeneralDataRegion:69 - Evicting[hibernate.test.org.hibernate.test.filter.Order]: org.hibernate.test.filter.Order#5
14:12:27,999 DEBUG BaseGeneralDataRegion:69 - Evicting[hibernate.test.org.hibernate.test.filter.Category]: org.hibernate.test.filter.Category#9
14:12:27,999 DEBUG BaseGeneralDataRegion:69 - Evicting[hibernate.test.org.hibernate.test.filter.Product]: org.hibernate.test.filter.Product#8
14:12:27,999 DEBUG BaseGeneralDataRegion:69 - Evicting[hibernate.test.org.hibernate.test.filter.Product]: org.hibernate.test.filter.Product#9
14:12:27,999 DEBUG BaseGeneralDataRegion:69 - Evicting[hibernate.test.org.hibernate.test.filter.LineItem]: org.hibernate.test.filter.LineItem#6
14:12:27,999 DEBUG BaseGeneralDataRegion:69 - Evicting[hibernate.test.org.hibernate.test.filter.Order]: org.hibernate.test.filter.Order#6
14:12:27,999 DEBUG BaseGeneralDataRegion:59 - Caching[hibernate.test.org.hibernate.cache.spi.UpdateTimestampsCache] : [CATEGORY] -> [5579089297403904]
14:12:27,999 DEBUG BaseGeneralDataRegion:59 - Caching[hibernate.test.org.hibernate.cache.spi.UpdateTimestampsCache] : [ORDER_ITEM] -> [5579089297403904]
14:12:27,999 DEBUG BaseGeneralDataRegion:59 - Caching[hibernate.test.org.hibernate.cache.spi.UpdateTimestampsCache] : [SALES_PERSON] -> [5579089297403904]
14:12:27,999 DEBUG BaseGeneralDataRegion:59 - Caching[hibernate.test.org.hibernate.cache.spi.UpdateTimestampsCache] : [T_ORDER] -> [5579089297403904]
14:12:27,999 DEBUG BaseGeneralDataRegion:59 - Caching[hibernate.test.org.hibernate.cache.spi.UpdateTimestampsCache] : [PRODUCT] -> [5579089297403904]
14:12:27,999 DEBUG BaseGeneralDataRegion:59 - Caching[hibernate.test.org.hibernate.cache.spi.UpdateTimestampsCache] : [DEPARTMENT] -> [5579089297403904]
14:12:27,999 DEBUG BaseGeneralDataRegion:59 - Caching[hibernate.test.org.hibernate.cache.spi.UpdateTimestampsCache] : [PROD_CAT] -> [5579089297403904]
14:12:28,000  INFO CustomRunner:139 - Test: testCriteriaSubqueryWithFilters
14:12:28,001  INFO DynamicFilterTest:315 - Starting Criteria-subquery filter tests
14:12:28,007 DEBUG SQL:104 - 
    insert 
    into
        DEPARTMENT
        (DEPT_ID, REG) 
    values
        (null, ?)
14:12:28,009 DEBUG BaseGeneralDataRegion:59 - Caching[hibernate.test.org.hibernate.cache.spi.UpdateTimestampsCache] : [DEPARTMENT] -> [5579089543204864]
14:12:28,009 DEBUG SQL:104 - 
    insert 
    into
        SALES_PERSON
        (SALES_PERSON_ID, NAME, REG, DEPT_ID, "hire dt") 
    values
        (null, ?, ?, ?, ?)
14:12:28,009 DEBUG BaseGeneralDataRegion:59 - Caching[hibernate.test.org.hibernate.cache.spi.UpdateTimestampsCache] : [SALES_PERSON] -> [5579089543204865]
14:12:28,009 DEBUG SQL:104 - 
    insert 
    into
        SALES_PERSON
        (SALES_PERSON_ID, NAME, REG, DEPT_ID, "hire dt") 
    values
        (null, ?, ?, ?, ?)
14:12:28,010 DEBUG BaseGeneralDataRegion:59 - Caching[hibernate.test.org.hibernate.cache.spi.UpdateTimestampsCache] : [SALES_PERSON] -> [5579089543208960]
14:12:28,010 DEBUG SQL:104 - 
    insert 
    into
        PRODUCT
        (PROD_ID, name, STOCK_NUM, weight_kg, eff_start_dt, eff_end_dt) 
    values
        (null, ?, ?, 0.453E0 * ?, ?, ?)
14:12:28,019 DEBUG BaseGeneralDataRegion:59 - Caching[hibernate.test.org.hibernate.cache.spi.UpdateTimestampsCache] : [PRODUCT] -> [5579089543245824]
14:12:28,020 DEBUG SQL:104 - 
    insert 
    into
        CATEGORY
        (CAT_ID, name, eff_start_dt, eff_end_dt) 
    values
        (null, ?, ?, ?)
14:12:28,020 DEBUG BaseGeneralDataRegion:59 - Caching[hibernate.test.org.hibernate.cache.spi.UpdateTimestampsCache] : [CATEGORY] -> [5579089543249920]
14:12:28,021 DEBUG SQL:104 - 
    insert 
    into
        CATEGORY
        (CAT_ID, name, eff_start_dt, eff_end_dt) 
    values
        (null, ?, ?, ?)
14:12:28,021 DEBUG BaseGeneralDataRegion:59 - Caching[hibernate.test.org.hibernate.cache.spi.UpdateTimestampsCache] : [CATEGORY] -> [5579089543254016]
14:12:28,021 DEBUG SQL:104 - 
    insert 
    into
        T_ORDER
        (ORDER_ID, REG, BUYER, "ord dt", "close dt", SALES_PERSON_ID) 
    values
        (null, ?, ?, ?, ?, ?)
14:12:28,021 DEBUG BaseGeneralDataRegion:59 - Caching[hibernate.test.org.hibernate.cache.spi.UpdateTimestampsCache] : [T_ORDER] -> [5579089543254017]
14:12:28,022 DEBUG SQL:104 - 
    insert 
    into
        ORDER_ITEM
        (ITEM_ID, ORDER_ID, SEQ, PRODUCT_ID, AMT) 
    values
        (null, ?, ?, ?, ?)
14:12:28,030 DEBUG BaseGeneralDataRegion:59 - Caching[hibernate.test.org.hibernate.cache.spi.UpdateTimestampsCache] : [ORDER_ITEM] -> [5579089543290880]
14:12:28,030 DEBUG SQL:104 - 
    insert 
    into
        PRODUCT
        (PROD_ID, name, STOCK_NUM, weight_kg, eff_start_dt, eff_end_dt) 
    values
        (null, ?, ?, 0.453E0 * ?, ?, ?)
14:12:28,031 DEBUG BaseGeneralDataRegion:59 - Caching[hibernate.test.org.hibernate.cache.spi.UpdateTimestampsCache] : [PRODUCT] -> [5579089543294976]
14:12:28,031 DEBUG SQL:104 - 
    insert 
    into
        CATEGORY
        (CAT_ID, name, eff_start_dt, eff_end_dt) 
    values
        (null, ?, ?, ?)
14:12:28,031 DEBUG BaseGeneralDataRegion:59 - Caching[hibernate.test.org.hibernate.cache.spi.UpdateTimestampsCache] : [CATEGORY] -> [5579089543294977]
14:12:28,031 DEBUG SQL:104 - 
    insert 
    into
        PRODUCT
        (PROD_ID, name, STOCK_NUM, weight_kg, eff_start_dt, eff_end_dt) 
    values
        (null, ?, ?, 0.453E0 * ?, ?, ?)
14:12:28,032 DEBUG BaseGeneralDataRegion:59 - Caching[hibernate.test.org.hibernate.cache.spi.UpdateTimestampsCache] : [PRODUCT] -> [5579089543299072]
14:12:28,032 DEBUG SQL:104 - 
    insert 
    into
        T_ORDER
        (ORDER_ID, REG, BUYER, "ord dt", "close dt", SALES_PERSON_ID) 
    values
        (null, ?, ?, ?, ?, ?)
14:12:28,032 DEBUG BaseGeneralDataRegion:59 - Caching[hibernate.test.org.hibernate.cache.spi.UpdateTimestampsCache] : [T_ORDER] -> [5579089543299073]
14:12:28,032 DEBUG SQL:104 - 
    insert 
    into
        ORDER_ITEM
        (ITEM_ID, ORDER_ID, SEQ, PRODUCT_ID, AMT) 
    values
        (null, ?, ?, ?, ?)
14:12:28,033 DEBUG BaseGeneralDataRegion:59 - Caching[hibernate.test.org.hibernate.cache.spi.UpdateTimestampsCache] : [ORDER_ITEM] -> [5579089543303168]
14:12:28,033 DEBUG SQL:104 - 
    update
        PRODUCT 
    set
        name=?,
        STOCK_NUM=?,
        weight_kg=0.453E0 * ?,
        eff_start_dt=?,
        eff_end_dt=? 
    where
        PROD_ID=?
14:12:28,034 DEBUG BaseGeneralDataRegion:69 - Evicting[hibernate.test.org.hibernate.test.filter.Product]: org.hibernate.test.filter.Product#10
14:12:28,034 DEBUG BaseGeneralDataRegion:59 - Caching[hibernate.test.org.hibernate.cache.spi.UpdateTimestampsCache] : [PRODUCT] -> [5579089543307264]
14:12:28,034 DEBUG BaseGeneralDataRegion:69 - Evicting[hibernate.test.org.hibernate.test.filter.Department.salespersons]: org.hibernate.test.filter.Department.salespersons#4
14:12:28,041 DEBUG BaseGeneralDataRegion:59 - Caching[hibernate.test.org.hibernate.cache.spi.UpdateTimestampsCache] : [SALES_PERSON] -> [5579089543335936]
14:12:28,042 DEBUG BaseGeneralDataRegion:69 - Evicting[hibernate.test.org.hibernate.test.filter.Salesperson.orders]: org.hibernate.test.filter.Salesperson.orders#7
14:12:28,042 DEBUG BaseGeneralDataRegion:59 - Caching[hibernate.test.org.hibernate.cache.spi.UpdateTimestampsCache] : [T_ORDER] -> [5579089543340032]
14:12:28,042 DEBUG BaseGeneralDataRegion:69 - Evicting[hibernate.test.org.hibernate.test.filter.Salesperson.orders]: org.hibernate.test.filter.Salesperson.orders#8
14:12:28,042 DEBUG BaseGeneralDataRegion:59 - Caching[hibernate.test.org.hibernate.cache.spi.UpdateTimestampsCache] : [T_ORDER] -> [5579089543340033]
14:12:28,042 DEBUG SQL:104 - 
    insert 
    into
        PROD_CAT
        (PROD_ID, CAT_ID) 
    values
        (?, ?)
14:12:28,042 DEBUG SQL:104 - 
    insert 
    into
        PROD_CAT
        (PROD_ID, CAT_ID) 
    values
        (?, ?)
14:12:28,043 DEBUG BaseGeneralDataRegion:69 - Evicting[hibernate.test.org.hibernate.test.filter.Product.categories]: org.hibernate.test.filter.Product.categories#10
14:12:28,043 DEBUG BaseGeneralDataRegion:59 - Caching[hibernate.test.org.hibernate.cache.spi.UpdateTimestampsCache] : [PROD_CAT] -> [5579089543344128]
14:12:28,043 DEBUG BaseGeneralDataRegion:69 - Evicting[hibernate.test.org.hibernate.test.filter.Category.products]: org.hibernate.test.filter.Category.products#10
14:12:28,043 DEBUG BaseGeneralDataRegion:59 - Caching[hibernate.test.org.hibernate.cache.spi.UpdateTimestampsCache] : [PROD_CAT] -> [5579089543344129]
14:12:28,043 DEBUG BaseGeneralDataRegion:69 - Evicting[hibernate.test.org.hibernate.test.filter.Category.products]: org.hibernate.test.filter.Category.products#11
14:12:28,043 DEBUG BaseGeneralDataRegion:59 - Caching[hibernate.test.org.hibernate.cache.spi.UpdateTimestampsCache] : [PROD_CAT] -> [5579089543344130]
14:12:28,043 DEBUG BaseGeneralDataRegion:69 - Evicting[hibernate.test.org.hibernate.test.filter.Order.lineItems]: org.hibernate.test.filter.Order.lineItems#7
14:12:28,043 DEBUG BaseGeneralDataRegion:59 - Caching[hibernate.test.org.hibernate.cache.spi.UpdateTimestampsCache] : [ORDER_ITEM] -> [5579089543344131]
14:12:28,043 DEBUG SQL:104 - 
    insert 
    into
        PROD_CAT
        (PROD_ID, CAT_ID) 
    values
        (?, ?)
14:12:28,052 DEBUG BaseGeneralDataRegion:69 - Evicting[hibernate.test.org.hibernate.test.filter.Product.categories]: org.hibernate.test.filter.Product.categories#11
14:12:28,052 DEBUG BaseGeneralDataRegion:59 - Caching[hibernate.test.org.hibernate.cache.spi.UpdateTimestampsCache] : [PROD_CAT] -> [5579089543380992]
14:12:28,052 DEBUG BaseGeneralDataRegion:69 - Evicting[hibernate.test.org.hibernate.test.filter.Category.products]: org.hibernate.test.filter.Category.products#12
14:12:28,052 DEBUG BaseGeneralDataRegion:59 - Caching[hibernate.test.org.hibernate.cache.spi.UpdateTimestampsCache] : [PROD_CAT] -> [5579089543380993]
14:12:28,052 DEBUG BaseGeneralDataRegion:69 - Evicting[hibernate.test.org.hibernate.test.filter.Order.lineItems]: org.hibernate.test.filter.Order.lineItems#8
14:12:28,052 DEBUG BaseGeneralDataRegion:59 - Caching[hibernate.test.org.hibernate.cache.spi.UpdateTimestampsCache] : [ORDER_ITEM] -> [5579089543380994]
14:12:28,052 DEBUG BaseGeneralDataRegion:69 - Evicting[hibernate.test.org.hibernate.test.filter.Product]: org.hibernate.test.filter.Product#10
14:12:28,053 DEBUG BaseGeneralDataRegion:69 - Evicting[hibernate.test.org.hibernate.test.filter.Department.salespersons]: org.hibernate.test.filter.Department.salespersons#4
14:12:28,053 DEBUG BaseGeneralDataRegion:69 - Evicting[hibernate.test.org.hibernate.test.filter.Salesperson.orders]: org.hibernate.test.filter.Salesperson.orders#7
14:12:28,053 DEBUG BaseGeneralDataRegion:69 - Evicting[hibernate.test.org.hibernate.test.filter.Salesperson.orders]: org.hibernate.test.filter.Salesperson.orders#8
14:12:28,054 DEBUG BaseGeneralDataRegion:69 - Evicting[hibernate.test.org.hibernate.test.filter.Product.categories]: org.hibernate.test.filter.Product.categories#10
14:12:28,054 DEBUG BaseGeneralDataRegion:69 - Evicting[hibernate.test.org.hibernate.test.filter.Category.products]: org.hibernate.test.filter.Category.products#10
14:12:28,054 DEBUG BaseGeneralDataRegion:69 - Evicting[hibernate.test.org.hibernate.test.filter.Category.products]: org.hibernate.test.filter.Category.products#11
14:12:28,054 DEBUG BaseGeneralDataRegion:69 - Evicting[hibernate.test.org.hibernate.test.filter.Order.lineItems]: org.hibernate.test.filter.Order.lineItems#7
14:12:28,054 DEBUG BaseGeneralDataRegion:69 - Evicting[hibernate.test.org.hibernate.test.filter.Product.categories]: org.hibernate.test.filter.Product.categories#11
14:12:28,054 DEBUG BaseGeneralDataRegion:69 - Evicting[hibernate.test.org.hibernate.test.filter.Category.products]: org.hibernate.test.filter.Category.products#12
14:12:28,054 DEBUG BaseGeneralDataRegion:69 - Evicting[hibernate.test.org.hibernate.test.filter.Order.lineItems]: org.hibernate.test.filter.Order.lineItems#8
14:12:28,054 DEBUG BaseGeneralDataRegion:59 - Caching[hibernate.test.org.hibernate.cache.spi.UpdateTimestampsCache] : [ORDER_ITEM] -> [5579089297629184]
14:12:28,054 DEBUG BaseGeneralDataRegion:59 - Caching[hibernate.test.org.hibernate.cache.spi.UpdateTimestampsCache] : [CATEGORY] -> [5579089297629184]
14:12:28,054 DEBUG BaseGeneralDataRegion:59 - Caching[hibernate.test.org.hibernate.cache.spi.UpdateTimestampsCache] : [SALES_PERSON] -> [5579089297629184]
14:12:28,055 DEBUG BaseGeneralDataRegion:59 - Caching[hibernate.test.org.hibernate.cache.spi.UpdateTimestampsCache] : [T_ORDER] -> [5579089297629184]
14:12:28,055 DEBUG BaseGeneralDataRegion:59 - Caching[hibernate.test.org.hibernate.cache.spi.UpdateTimestampsCache] : [PRODUCT] -> [5579089297629184]
14:12:28,055 DEBUG BaseGeneralDataRegion:59 - Caching[hibernate.test.org.hibernate.cache.spi.UpdateTimestampsCache] : [DEPARTMENT] -> [5579089297629184]
14:12:28,055 DEBUG BaseGeneralDataRegion:59 - Caching[hibernate.test.org.hibernate.cache.spi.UpdateTimestampsCache] : [PROD_CAT] -> [5579089297629184]
14:12:28,055  INFO DynamicFilterTest:322 - Criteria query against Department with a subquery on Salesperson in the APAC reqion...
14:12:28,056 DEBUG SQL:104 - 
    select
        this_.DEPT_ID as DEPT1_1_0_,
        this_.REG as REG1_0_ 
    from
        DEPARTMENT this_ 
    where
        this_.DEPT_ID in (
            select
                this_.DEPT_ID as y0_ 
            from
                SALES_PERSON this_ 
            where
                this_.REG = ? 
                and this_.NAME=?
        )
14:12:28,077 DEBUG BaseRegionAccessStrategy:66 - Caching: org.hibernate.test.filter.Department#4
14:12:28,077 DEBUG BaseGeneralDataRegion:59 - Caching[hibernate.test.org.hibernate.test.filter.Department] : [org.hibernate.test.filter.Department#4] -> [CacheEntry(org.hibernate.test.filter.Department)[Sales,4]]
14:12:28,077  INFO DynamicFilterTest:332 - Criteria query against Department with a subquery on Salesperson in the FooBar reqion...
14:12:28,078 DEBUG SQL:104 - 
    select
        this_.DEPT_ID as DEPT1_1_0_,
        this_.REG as REG1_0_ 
    from
        DEPARTMENT this_ 
    where
        this_.DEPT_ID in (
            select
                this_.DEPT_ID as y0_ 
            from
                SALES_PERSON this_ 
            where
                this_.REG = ? 
                and this_.NAME=?
        )
14:12:28,078  INFO DynamicFilterTest:339 - Criteria query against Order with a subquery for line items with a subquery on product and sold by a given sales person...
14:12:28,078 DEBUG SQL:104 - 
    select
        this_.ORDER_ID as ORDER1_6_0_,
        this_.REG as REG6_0_,
        this_.BUYER as BUYER6_0_,
        this_."ord dt" as ord4_6_0_,
        this_."close dt" as close5_6_0_,
        this_.SALES_PERSON_ID as SALES6_6_0_ 
    from
        T_ORDER this_ 
    where
        this_.REG = ? 
        and exists (
            select
                product1_.PROD_ID as y0_ 
            from
                ORDER_ITEM this_ 
            inner join
                PRODUCT product1_ 
                    on this_.PRODUCT_ID=product1_.PROD_ID 
            where
                this_.AMT>=? 
                and product1_.name=?
        ) 
        and this_.BUYER=?
14:12:28,086 DEBUG BaseRegionAccessStrategy:66 - Caching: org.hibernate.test.filter.Order#7
14:12:28,087 DEBUG BaseGeneralDataRegion:59 - Caching[hibernate.test.org.hibernate.test.filter.Order] : [org.hibernate.test.filter.Order#7] -> [CacheEntry(org.hibernate.test.filter.Order)[APAC,gavin,2012-08-28 14:12:28.007,2012-10-28 14:12:28.007,7,7]]
14:12:28,087  INFO DynamicFilterTest:355 - query against Order with a subquery for line items with a subquery line items where the product name is Acme Hair Gel and the quantity is greater than 1 in a given region and the product is effective as of last month
14:12:28,088 DEBUG SQL:104 - 
    select
        this_.ORDER_ID as ORDER1_6_0_,
        this_.REG as REG6_0_,
        this_.BUYER as BUYER6_0_,
        this_."ord dt" as ord4_6_0_,
        this_."close dt" as close5_6_0_,
        this_.SALES_PERSON_ID as SALES6_6_0_ 
    from
        T_ORDER this_ 
    where
        this_.REG = ? 
        and exists (
            select
                product1_.PROD_ID as y0_ 
            from
                ORDER_ITEM this_ 
            inner join
                PRODUCT product1_ 
                    on this_.PRODUCT_ID=product1_.PROD_ID 
            where
                this_.AMT>=? 
                and product1_.PROD_ID in (
                    select
                        this_.PROD_ID as y0_ 
                    from
                        PRODUCT this_ 
                    where
                        ? BETWEEN this_.eff_start_dt and this_.eff_end_dt 
                        and this_.name=?
                )
            ) 
            and this_.BUYER=?
14:12:28,096  INFO DynamicFilterTest:377 - query against Order with a subquery for line items with a subquery line items where the product name is Acme Hair Gel and the quantity is greater than 1 in a given region and the product is effective as of 4 months ago
14:12:28,097 DEBUG SQL:104 - 
    select
        this_.ORDER_ID as ORDER1_6_0_,
        this_.REG as REG6_0_,
        this_.BUYER as BUYER6_0_,
        this_."ord dt" as ord4_6_0_,
        this_."close dt" as close5_6_0_,
        this_.SALES_PERSON_ID as SALES6_6_0_ 
    from
        T_ORDER this_ 
    where
        this_.REG = ? 
        and exists (
            select
                product1_.PROD_ID as y0_ 
            from
                ORDER_ITEM this_ 
            inner join
                PRODUCT product1_ 
                    on this_.PRODUCT_ID=product1_.PROD_ID 
            where
                this_.AMT>=? 
                and product1_.PROD_ID in (
                    select
                        this_.PROD_ID as y0_ 
                    from
                        PRODUCT this_ 
                    where
                        ? BETWEEN this_.eff_start_dt and this_.eff_end_dt 
                        and this_.name=?
                )
            ) 
            and this_.BUYER=?
14:12:28,099 DEBUG SQL:104 - 
    update
        SALES_PERSON 
    set
        NAME=?,
        REG=?,
        DEPT_ID=?,
        "hire dt"=? 
    where
        SALES_PERSON_ID=?
14:12:28,100 DEBUG BaseGeneralDataRegion:69 - Evicting[hibernate.test.org.hibernate.test.filter.Salesperson]: org.hibernate.test.filter.Salesperson#7
14:12:28,119 DEBUG BaseGeneralDataRegion:59 - Caching[hibernate.test.org.hibernate.cache.spi.UpdateTimestampsCache] : [SALES_PERSON] -> [5579089543655424]
14:12:28,120 DEBUG SQL:104 - 
    update
        SALES_PERSON 
    set
        NAME=?,
        REG=?,
        DEPT_ID=?,
        "hire dt"=? 
    where
        SALES_PERSON_ID=?
14:12:28,120 DEBUG BaseGeneralDataRegion:69 - Evicting[hibernate.test.org.hibernate.test.filter.Salesperson]: org.hibernate.test.filter.Salesperson#8
14:12:28,120 DEBUG BaseGeneralDataRegion:59 - Caching[hibernate.test.org.hibernate.cache.spi.UpdateTimestampsCache] : [SALES_PERSON] -> [5579089543659520]
14:12:28,120 DEBUG SQL:104 - 
    update
        T_ORDER 
    set
        REG=?,
        BUYER=?,
        "ord dt"=?,
        "close dt"=?,
        SALES_PERSON_ID=? 
    where
        ORDER_ID=?
14:12:28,121 DEBUG BaseGeneralDataRegion:69 - Evicting[hibernate.test.org.hibernate.test.filter.Order]: org.hibernate.test.filter.Order#7
14:12:28,121 DEBUG BaseGeneralDataRegion:59 - Caching[hibernate.test.org.hibernate.cache.spi.UpdateTimestampsCache] : [T_ORDER] -> [5579089543663616]
14:12:28,121 DEBUG SQL:104 - 
    update
        ORDER_ITEM 
    set
        ORDER_ID=?,
        SEQ=?,
        PRODUCT_ID=?,
        AMT=? 
    where
        ITEM_ID=?
14:12:28,129 DEBUG BaseGeneralDataRegion:69 - Evicting[hibernate.test.org.hibernate.test.filter.LineItem]: org.hibernate.test.filter.LineItem#7
14:12:28,129 DEBUG BaseGeneralDataRegion:59 - Caching[hibernate.test.org.hibernate.cache.spi.UpdateTimestampsCache] : [ORDER_ITEM] -> [5579089543696384]
14:12:28,130 DEBUG SQL:104 - 
    update
        T_ORDER 
    set
        REG=?,
        BUYER=?,
        "ord dt"=?,
        "close dt"=?,
        SALES_PERSON_ID=? 
    where
        ORDER_ID=?
14:12:28,130 DEBUG BaseGeneralDataRegion:69 - Evicting[hibernate.test.org.hibernate.test.filter.Order]: org.hibernate.test.filter.Order#8
14:12:28,130 DEBUG BaseGeneralDataRegion:59 - Caching[hibernate.test.org.hibernate.cache.spi.UpdateTimestampsCache] : [T_ORDER] -> [5579089543700480]
14:12:28,130 DEBUG SQL:104 - 
    update
        ORDER_ITEM 
    set
        ORDER_ID=?,
        SEQ=?,
        PRODUCT_ID=?,
        AMT=? 
    where
        ITEM_ID=?
14:12:28,139 DEBUG BaseGeneralDataRegion:69 - Evicting[hibernate.test.org.hibernate.test.filter.LineItem]: org.hibernate.test.filter.LineItem#8
14:12:28,139 DEBUG BaseGeneralDataRegion:59 - Caching[hibernate.test.org.hibernate.cache.spi.UpdateTimestampsCache] : [ORDER_ITEM] -> [5579089543737344]
14:12:28,139 DEBUG BaseGeneralDataRegion:69 - Evicting[hibernate.test.org.hibernate.test.filter.Product.orderLineItems]: org.hibernate.test.filter.Product.orderLineItems#10
14:12:28,139 DEBUG BaseGeneralDataRegion:59 - Caching[hibernate.test.org.hibernate.cache.spi.UpdateTimestampsCache] : [ORDER_ITEM] -> [5579089543737345]
14:12:28,140 DEBUG BaseGeneralDataRegion:69 - Evicting[hibernate.test.org.hibernate.test.filter.Product.orderLineItems]: org.hibernate.test.filter.Product.orderLineItems#11
14:12:28,140 DEBUG BaseGeneralDataRegion:59 - Caching[hibernate.test.org.hibernate.cache.spi.UpdateTimestampsCache] : [ORDER_ITEM] -> [5579089543741440]
14:12:28,140 DEBUG BaseGeneralDataRegion:69 - Evicting[hibernate.test.org.hibernate.test.filter.Product.orderLineItems]: org.hibernate.test.filter.Product.orderLineItems#12
14:12:28,140 DEBUG BaseGeneralDataRegion:59 - Caching[hibernate.test.org.hibernate.cache.spi.UpdateTimestampsCache] : [ORDER_ITEM] -> [5579089543741441]
14:12:28,140 DEBUG SQL:104 - 
    delete 
    from
        PROD_CAT 
    where
        PROD_ID=?
14:12:28,140 DEBUG BaseGeneralDataRegion:69 - Evicting[hibernate.test.org.hibernate.test.filter.Product.categories]: org.hibernate.test.filter.Product.categories#12
14:12:28,140 DEBUG BaseGeneralDataRegion:59 - Caching[hibernate.test.org.hibernate.cache.spi.UpdateTimestampsCache] : [PROD_CAT] -> [5579089543741442]
14:12:28,140 DEBUG BaseGeneralDataRegion:69 - Evicting[hibernate.test.org.hibernate.test.filter.Department.salespersons]: org.hibernate.test.filter.Department.salespersons#4
14:12:28,140 DEBUG BaseGeneralDataRegion:59 - Caching[hibernate.test.org.hibernate.cache.spi.UpdateTimestampsCache] : [SALES_PERSON] -> [5579089543741443]
14:12:28,141 DEBUG BaseGeneralDataRegion:69 - Evicting[hibernate.test.org.hibernate.test.filter.Salesperson.orders]: org.hibernate.test.filter.Salesperson.orders#7
14:12:28,141 DEBUG BaseGeneralDataRegion:59 - Caching[hibernate.test.org.hibernate.cache.spi.UpdateTimestampsCache] : [T_ORDER] -> [5579089543745536]
14:12:28,141 DEBUG BaseGeneralDataRegion:69 - Evicting[hibernate.test.org.hibernate.test.filter.Salesperson.orders]: org.hibernate.test.filter.Salesperson.orders#8
14:12:28,141 DEBUG BaseGeneralDataRegion:59 - Caching[hibernate.test.org.hibernate.cache.spi.UpdateTimestampsCache] : [T_ORDER] -> [5579089543745537]
14:12:28,141 DEBUG SQL:104 - 
    delete 
    from
        PROD_CAT 
    where
        PROD_ID=?
14:12:28,141 DEBUG BaseGeneralDataRegion:69 - Evicting[hibernate.test.org.hibernate.test.filter.Product.categories]: org.hibernate.test.filter.Product.categories#10
14:12:28,149 DEBUG BaseGeneralDataRegion:59 - Caching[hibernate.test.org.hibernate.cache.spi.UpdateTimestampsCache] : [PROD_CAT] -> [5579089543778304]
14:12:28,149 DEBUG BaseGeneralDataRegion:69 - Evicting[hibernate.test.org.hibernate.test.filter.Category.products]: org.hibernate.test.filter.Category.products#10
14:12:28,149 DEBUG BaseGeneralDataRegion:59 - Caching[hibernate.test.org.hibernate.cache.spi.UpdateTimestampsCache] : [PROD_CAT] -> [5579089543778305]
14:12:28,149 DEBUG BaseGeneralDataRegion:69 - Evicting[hibernate.test.org.hibernate.test.filter.Category.products]: org.hibernate.test.filter.Category.products#11
14:12:28,149 DEBUG BaseGeneralDataRegion:59 - Caching[hibernate.test.org.hibernate.cache.spi.UpdateTimestampsCache] : [PROD_CAT] -> [5579089543778306]
14:12:28,149 DEBUG BaseGeneralDataRegion:69 - Evicting[hibernate.test.org.hibernate.test.filter.Order.lineItems]: org.hibernate.test.filter.Order.lineItems#7
14:12:28,149 DEBUG BaseGeneralDataRegion:59 - Caching[hibernate.test.org.hibernate.cache.spi.UpdateTimestampsCache] : [ORDER_ITEM] -> [5579089543778307]
14:12:28,150 DEBUG SQL:104 - 
    delete 
    from
        PROD_CAT 
    where
        PROD_ID=?
14:12:28,150 DEBUG BaseGeneralDataRegion:69 - Evicting[hibernate.test.org.hibernate.test.filter.Product.categories]: org.hibernate.test.filter.Product.categories#11
14:12:28,150 DEBUG BaseGeneralDataRegion:59 - Caching[hibernate.test.org.hibernate.cache.spi.UpdateTimestampsCache] : [PROD_CAT] -> [5579089543782400]
14:12:28,150 DEBUG BaseGeneralDataRegion:69 - Evicting[hibernate.test.org.hibernate.test.filter.Category.products]: org.hibernate.test.filter.Category.products#12
14:12:28,150 DEBUG BaseGeneralDataRegion:59 - Caching[hibernate.test.org.hibernate.cache.spi.UpdateTimestampsCache] : [PROD_CAT] -> [5579089543782401]
14:12:28,150 DEBUG BaseGeneralDataRegion:69 - Evicting[hibernate.test.org.hibernate.test.filter.Order.lineItems]: org.hibernate.test.filter.Order.lineItems#8
14:12:28,150 DEBUG BaseGeneralDataRegion:59 - Caching[hibernate.test.org.hibernate.cache.spi.UpdateTimestampsCache] : [ORDER_ITEM] -> [5579089543782402]
14:12:28,150 DEBUG SQL:104 - 
    delete 
    from
        DEPARTMENT 
    where
        DEPT_ID=?
14:12:28,151 DEBUG BaseGeneralDataRegion:69 - Evicting[hibernate.test.org.hibernate.test.filter.Department]: org.hibernate.test.filter.Department#4
14:12:28,151 DEBUG BaseGeneralDataRegion:59 - Caching[hibernate.test.org.hibernate.cache.spi.UpdateTimestampsCache] : [DEPARTMENT] -> [5579089543786496]
14:12:28,151 DEBUG SQL:104 - 
    delete 
    from
        SALES_PERSON 
    where
        SALES_PERSON_ID=?
14:12:28,160 DEBUG BaseGeneralDataRegion:69 - Evicting[hibernate.test.org.hibernate.test.filter.Salesperson]: org.hibernate.test.filter.Salesperson#7
14:12:28,160 DEBUG BaseGeneralDataRegion:59 - Caching[hibernate.test.org.hibernate.cache.spi.UpdateTimestampsCache] : [SALES_PERSON] -> [5579089543823360]
14:12:28,160 DEBUG SQL:104 - 
    delete 
    from
        SALES_PERSON 
    where
        SALES_PERSON_ID=?
14:12:28,160 DEBUG BaseGeneralDataRegion:69 - Evicting[hibernate.test.org.hibernate.test.filter.Salesperson]: org.hibernate.test.filter.Salesperson#8
14:12:28,161 DEBUG BaseGeneralDataRegion:59 - Caching[hibernate.test.org.hibernate.cache.spi.UpdateTimestampsCache] : [SALES_PERSON] -> [5579089543827456]
14:12:28,161 DEBUG SQL:104 - 
    delete 
    from
        CATEGORY 
    where
        CAT_ID=?
14:12:28,161 DEBUG BaseGeneralDataRegion:69 - Evicting[hibernate.test.org.hibernate.test.filter.Category]: org.hibernate.test.filter.Category#10
14:12:28,161 DEBUG BaseGeneralDataRegion:59 - Caching[hibernate.test.org.hibernate.cache.spi.UpdateTimestampsCache] : [CATEGORY] -> [5579089543827457]
14:12:28,161 DEBUG SQL:104 - 
    delete 
    from
        CATEGORY 
    where
        CAT_ID=?
14:12:28,161 DEBUG BaseGeneralDataRegion:69 - Evicting[hibernate.test.org.hibernate.test.filter.Category]: org.hibernate.test.filter.Category#11
14:12:28,161 DEBUG BaseGeneralDataRegion:59 - Caching[hibernate.test.org.hibernate.cache.spi.UpdateTimestampsCache] : [CATEGORY] -> [5579089543827458]
14:12:28,161 DEBUG SQL:104 - 
    delete 
    from
        PRODUCT 
    where
        PROD_ID=?
14:12:28,162 DEBUG BaseGeneralDataRegion:69 - Evicting[hibernate.test.org.hibernate.test.filter.Product]: org.hibernate.test.filter.Product#10
14:12:28,162 DEBUG BaseGeneralDataRegion:59 - Caching[hibernate.test.org.hibernate.cache.spi.UpdateTimestampsCache] : [PRODUCT] -> [5579089543831552]
14:12:28,162 DEBUG SQL:104 - 
    delete 
    from
        ORDER_ITEM 
    where
        ITEM_ID=?
14:12:28,162 DEBUG BaseGeneralDataRegion:69 - Evicting[hibernate.test.org.hibernate.test.filter.LineItem]: org.hibernate.test.filter.LineItem#7
14:12:28,162 DEBUG BaseGeneralDataRegion:59 - Caching[hibernate.test.org.hibernate.cache.spi.UpdateTimestampsCache] : [ORDER_ITEM] -> [5579089543831553]
14:12:28,162 DEBUG SQL:104 - 
    delete 
    from
        T_ORDER 
    where
        ORDER_ID=?
14:12:28,162 DEBUG BaseGeneralDataRegion:69 - Evicting[hibernate.test.org.hibernate.test.filter.Order]: org.hibernate.test.filter.Order#7
14:12:28,163 DEBUG BaseGeneralDataRegion:59 - Caching[hibernate.test.org.hibernate.cache.spi.UpdateTimestampsCache] : [T_ORDER] -> [5579089543835648]
14:12:28,163 DEBUG SQL:104 - 
    delete 
    from
        CATEGORY 
    where
        CAT_ID=?
14:12:28,171 DEBUG BaseGeneralDataRegion:69 - Evicting[hibernate.test.org.hibernate.test.filter.Category]: org.hibernate.test.filter.Category#12
14:12:28,172 DEBUG BaseGeneralDataRegion:59 - Caching[hibernate.test.org.hibernate.cache.spi.UpdateTimestampsCache] : [CATEGORY] -> [5579089543872512]
14:12:28,172 DEBUG SQL:104 - 
    delete 
    from
        PRODUCT 
    where
        PROD_ID=?
14:12:28,172 DEBUG BaseGeneralDataRegion:69 - Evicting[hibernate.test.org.hibernate.test.filter.Product]: org.hibernate.test.filter.Product#11
14:12:28,172 DEBUG BaseGeneralDataRegion:59 - Caching[hibernate.test.org.hibernate.cache.spi.UpdateTimestampsCache] : [PRODUCT] -> [5579089543872513]
14:12:28,172 DEBUG SQL:104 - 
    delete 
    from
        PRODUCT 
    where
        PROD_ID=?
14:12:28,172 DEBUG BaseGeneralDataRegion:69 - Evicting[hibernate.test.org.hibernate.test.filter.Product]: org.hibernate.test.filter.Product#12
14:12:28,173 DEBUG BaseGeneralDataRegion:59 - Caching[hibernate.test.org.hibernate.cache.spi.UpdateTimestampsCache] : [PRODUCT] -> [5579089543876608]
14:12:28,173 DEBUG SQL:104 - 
    delete 
    from
        ORDER_ITEM 
    where
        ITEM_ID=?
14:12:28,173 DEBUG BaseGeneralDataRegion:69 - Evicting[hibernate.test.org.hibernate.test.filter.LineItem]: org.hibernate.test.filter.LineItem#8
14:12:28,173 DEBUG BaseGeneralDataRegion:59 - Caching[hibernate.test.org.hibernate.cache.spi.UpdateTimestampsCache] : [ORDER_ITEM] -> [5579089543876609]
14:12:28,173 DEBUG SQL:104 - 
    delete 
    from
        T_ORDER 
    where
        ORDER_ID=?
14:12:28,182 DEBUG BaseGeneralDataRegion:69 - Evicting[hibernate.test.org.hibernate.test.filter.Order]: org.hibernate.test.filter.Order#8
14:12:28,183 DEBUG BaseGeneralDataRegion:59 - Caching[hibernate.test.org.hibernate.cache.spi.UpdateTimestampsCache] : [T_ORDER] -> [5579089543917568]
14:12:28,183 DEBUG BaseGeneralDataRegion:69 - Evicting[hibernate.test.org.hibernate.test.filter.Salesperson]: org.hibernate.test.filter.Salesperson#7
14:12:28,183 DEBUG BaseGeneralDataRegion:69 - Evicting[hibernate.test.org.hibernate.test.filter.Salesperson]: org.hibernate.test.filter.Salesperson#8
14:12:28,183 DEBUG BaseGeneralDataRegion:69 - Evicting[hibernate.test.org.hibernate.test.filter.Order]: org.hibernate.test.filter.Order#7
14:12:28,183 DEBUG BaseGeneralDataRegion:69 - Evicting[hibernate.test.org.hibernate.test.filter.LineItem]: org.hibernate.test.filter.LineItem#7
14:12:28,183 DEBUG BaseGeneralDataRegion:69 - Evicting[hibernate.test.org.hibernate.test.filter.Order]: org.hibernate.test.filter.Order#8
14:12:28,183 DEBUG BaseGeneralDataRegion:69 - Evicting[hibernate.test.org.hibernate.test.filter.LineItem]: org.hibernate.test.filter.LineItem#8
14:12:28,183 DEBUG BaseGeneralDataRegion:69 - Evicting[hibernate.test.org.hibernate.test.filter.Product.orderLineItems]: org.hibernate.test.filter.Product.orderLineItems#10
14:12:28,184 DEBUG BaseGeneralDataRegion:69 - Evicting[hibernate.test.org.hibernate.test.filter.Product.orderLineItems]: org.hibernate.test.filter.Product.orderLineItems#11
14:12:28,184 DEBUG BaseGeneralDataRegion:69 - Evicting[hibernate.test.org.hibernate.test.filter.Product.orderLineItems]: org.hibernate.test.filter.Product.orderLineItems#12
14:12:28,184 DEBUG BaseGeneralDataRegion:69 - Evicting[hibernate.test.org.hibernate.test.filter.Product.categories]: org.hibernate.test.filter.Product.categories#12
14:12:28,184 DEBUG BaseGeneralDataRegion:69 - Evicting[hibernate.test.org.hibernate.test.filter.Department.salespersons]: org.hibernate.test.filter.Department.salespersons#4
14:12:28,184 DEBUG BaseGeneralDataRegion:69 - Evicting[hibernate.test.org.hibernate.test.filter.Salesperson.orders]: org.hibernate.test.filter.Salesperson.orders#7
14:12:28,184 DEBUG BaseGeneralDataRegion:69 - Evicting[hibernate.test.org.hibernate.test.filter.Salesperson.orders]: org.hibernate.test.filter.Salesperson.orders#8
14:12:28,184 DEBUG BaseGeneralDataRegion:69 - Evicting[hibernate.test.org.hibernate.test.filter.Product.categories]: org.hibernate.test.filter.Product.categories#10
14:12:28,184 DEBUG BaseGeneralDataRegion:69 - Evicting[hibernate.test.org.hibernate.test.filter.Category.products]: org.hibernate.test.filter.Category.products#10
14:12:28,184 DEBUG BaseGeneralDataRegion:69 - Evicting[hibernate.test.org.hibernate.test.filter.Category.products]: org.hibernate.test.filter.Category.products#11
14:12:28,184 DEBUG BaseGeneralDataRegion:69 - Evicting[hibernate.test.org.hibernate.test.filter.Order.lineItems]: org.hibernate.test.filter.Order.lineItems#7
14:12:28,184 DEBUG BaseGeneralDataRegion:69 - Evicting[hibernate.test.org.hibernate.test.filter.Product.categories]: org.hibernate.test.filter.Product.categories#11
14:12:28,184 DEBUG BaseGeneralDataRegion:69 - Evicting[hibernate.test.org.hibernate.test.filter.Category.products]: org.hibernate.test.filter.Category.products#12
14:12:28,185 DEBUG BaseGeneralDataRegion:69 - Evicting[hibernate.test.org.hibernate.test.filter.Order.lineItems]: org.hibernate.test.filter.Order.lineItems#8
14:12:28,185 DEBUG BaseGeneralDataRegion:69 - Evicting[hibernate.test.org.hibernate.test.filter.Department]: org.hibernate.test.filter.Department#4
14:12:28,185 DEBUG BaseGeneralDataRegion:69 - Evicting[hibernate.test.org.hibernate.test.filter.Salesperson]: org.hibernate.test.filter.Salesperson#7
14:12:28,185 DEBUG BaseGeneralDataRegion:69 - Evicting[hibernate.test.org.hibernate.test.filter.Salesperson]: org.hibernate.test.filter.Salesperson#8
14:12:28,185 DEBUG BaseGeneralDataRegion:69 - Evicting[hibernate.test.org.hibernate.test.filter.Category]: org.hibernate.test.filter.Category#10
14:12:28,185 DEBUG BaseGeneralDataRegion:69 - Evicting[hibernate.test.org.hibernate.test.filter.Category]: org.hibernate.test.filter.Category#11
14:12:28,185 DEBUG BaseGeneralDataRegion:69 - Evicting[hibernate.test.org.hibernate.test.filter.Product]: org.hibernate.test.filter.Product#10
14:12:28,185 DEBUG BaseGeneralDataRegion:69 - Evicting[hibernate.test.org.hibernate.test.filter.LineItem]: org.hibernate.test.filter.LineItem#7
14:12:28,185 DEBUG BaseGeneralDataRegion:69 - Evicting[hibernate.test.org.hibernate.test.filter.Order]: org.hibernate.test.filter.Order#7
14:12:28,185 DEBUG BaseGeneralDataRegion:69 - Evicting[hibernate.test.org.hibernate.test.filter.Category]: org.hibernate.test.filter.Category#12
14:12:28,185 DEBUG BaseGeneralDataRegion:69 - Evicting[hibernate.test.org.hibernate.test.filter.Product]: org.hibernate.test.filter.Product#11
14:12:28,186 DEBUG BaseGeneralDataRegion:69 - Evicting[hibernate.test.org.hibernate.test.filter.Product]: org.hibernate.test.filter.Product#12
14:12:28,186 DEBUG BaseGeneralDataRegion:69 - Evicting[hibernate.test.org.hibernate.test.filter.LineItem]: org.hibernate.test.filter.LineItem#8
14:12:28,186 DEBUG BaseGeneralDataRegion:69 - Evicting[hibernate.test.org.hibernate.test.filter.Order]: org.hibernate.test.filter.Order#8
14:12:28,186 DEBUG BaseGeneralDataRegion:59 - Caching[hibernate.test.org.hibernate.cache.spi.UpdateTimestampsCache] : [CATEGORY] -> [5579089298169856]
14:12:28,186 DEBUG BaseGeneralDataRegion:59 - Caching[hibernate.test.org.hibernate.cache.spi.UpdateTimestampsCache] : [ORDER_ITEM] -> [5579089298169856]
14:12:28,186 DEBUG BaseGeneralDataRegion:59 - Caching[hibernate.test.org.hibernate.cache.spi.UpdateTimestampsCache] : [SALES_PERSON] -> [5579089298169856]
14:12:28,186 DEBUG BaseGeneralDataRegion:59 - Caching[hibernate.test.org.hibernate.cache.spi.UpdateTimestampsCache] : [T_ORDER] -> [5579089298169856]
14:12:28,186 DEBUG BaseGeneralDataRegion:59 - Caching[hibernate.test.org.hibernate.cache.spi.UpdateTimestampsCache] : [PRODUCT] -> [5579089298169856]
14:12:28,204 DEBUG BaseGeneralDataRegion:59 - Caching[hibernate.test.org.hibernate.cache.spi.UpdateTimestampsCache] : [DEPARTMENT] -> [5579089298169856]
14:12:28,204 DEBUG BaseGeneralDataRegion:59 - Caching[hibernate.test.org.hibernate.cache.spi.UpdateTimestampsCache] : [PROD_CAT] -> [5579089298169856]
14:12:28,205  INFO CustomRunner:139 - Test: testFilterApplicationOnHqlQueryWithImplicitSubqueryContainingNamedParameter
14:12:28,206 DEBUG SQL:104 - 
    insert 
    into
        DEPARTMENT
        (DEPT_ID, REG) 
    values
        (null, ?)
14:12:28,206 DEBUG BaseGeneralDataRegion:59 - Caching[hibernate.test.org.hibernate.cache.spi.UpdateTimestampsCache] : [DEPARTMENT] -> [5579089544011776]
14:12:28,207 DEBUG SQL:104 - 
    insert 
    into
        SALES_PERSON
        (SALES_PERSON_ID, NAME, REG, DEPT_ID, "hire dt") 
    values
        (null, ?, ?, ?, ?)
14:12:28,207 DEBUG BaseGeneralDataRegion:59 - Caching[hibernate.test.org.hibernate.cache.spi.UpdateTimestampsCache] : [SALES_PERSON] -> [5579089544015872]
14:12:28,207 DEBUG SQL:104 - 
    insert 
    into
        SALES_PERSON
        (SALES_PERSON_ID, NAME, REG, DEPT_ID, "hire dt") 
    values
        (null, ?, ?, ?, ?)
14:12:28,207 DEBUG BaseGeneralDataRegion:59 - Caching[hibernate.test.org.hibernate.cache.spi.UpdateTimestampsCache] : [SALES_PERSON] -> [5579089544015873]
14:12:28,208 DEBUG SQL:104 - 
    insert 
    into
        PRODUCT
        (PROD_ID, name, STOCK_NUM, weight_kg, eff_start_dt, eff_end_dt) 
    values
        (null, ?, ?, 0.453E0 * ?, ?, ?)
14:12:28,215 DEBUG BaseGeneralDataRegion:59 - Caching[hibernate.test.org.hibernate.cache.spi.UpdateTimestampsCache] : [PRODUCT] -> [5579089544048640]
14:12:28,215 DEBUG SQL:104 - 
    insert 
    into
        CATEGORY
        (CAT_ID, name, eff_start_dt, eff_end_dt) 
    values
        (null, ?, ?, ?)
14:12:28,215 DEBUG BaseGeneralDataRegion:59 - Caching[hibernate.test.org.hibernate.cache.spi.UpdateTimestampsCache] : [CATEGORY] -> [5579089544048641]
14:12:28,215 DEBUG SQL:104 - 
    insert 
    into
        CATEGORY
        (CAT_ID, name, eff_start_dt, eff_end_dt) 
    values
        (null, ?, ?, ?)
14:12:28,216 DEBUG BaseGeneralDataRegion:59 - Caching[hibernate.test.org.hibernate.cache.spi.UpdateTimestampsCache] : [CATEGORY] -> [5579089544052736]
14:12:28,216 DEBUG SQL:104 - 
    insert 
    into
        T_ORDER
        (ORDER_ID, REG, BUYER, "ord dt", "close dt", SALES_PERSON_ID) 
    values
        (null, ?, ?, ?, ?, ?)
14:12:28,224 DEBUG BaseGeneralDataRegion:59 - Caching[hibernate.test.org.hibernate.cache.spi.UpdateTimestampsCache] : [T_ORDER] -> [5579089544085504]
14:12:28,225 DEBUG SQL:104 - 
    insert 
    into
        ORDER_ITEM
        (ITEM_ID, ORDER_ID, SEQ, PRODUCT_ID, AMT) 
    values
        (null, ?, ?, ?, ?)
14:12:28,225 DEBUG BaseGeneralDataRegion:59 - Caching[hibernate.test.org.hibernate.cache.spi.UpdateTimestampsCache] : [ORDER_ITEM] -> [5579089544089600]
14:12:28,225 DEBUG SQL:104 - 
    insert 
    into
        PRODUCT
        (PROD_ID, name, STOCK_NUM, weight_kg, eff_start_dt, eff_end_dt) 
    values
        (null, ?, ?, 0.453E0 * ?, ?, ?)
14:12:28,226 DEBUG BaseGeneralDataRegion:59 - Caching[hibernate.test.org.hibernate.cache.spi.UpdateTimestampsCache] : [PRODUCT] -> [5579089544093696]
14:12:28,227 DEBUG SQL:104 - 
    insert 
    into
        CATEGORY
        (CAT_ID, name, eff_start_dt, eff_end_dt) 
    values
        (null, ?, ?, ?)
14:12:28,227 DEBUG BaseGeneralDataRegion:59 - Caching[hibernate.test.org.hibernate.cache.spi.UpdateTimestampsCache] : [CATEGORY] -> [5579089544097792]
14:12:28,228 DEBUG SQL:104 - 
    insert 
    into
        PRODUCT
        (PROD_ID, name, STOCK_NUM, weight_kg, eff_start_dt, eff_end_dt) 
    values
        (null, ?, ?, 0.453E0 * ?, ?, ?)
14:12:28,235 DEBUG BaseGeneralDataRegion:59 - Caching[hibernate.test.org.hibernate.cache.spi.UpdateTimestampsCache] : [PRODUCT] -> [5579089544130560]
14:12:28,237 DEBUG SQL:104 - 
    insert 
    into
        T_ORDER
        (ORDER_ID, REG, BUYER, "ord dt", "close dt", SALES_PERSON_ID) 
    values
        (null, ?, ?, ?, ?, ?)
14:12:28,237 DEBUG BaseGeneralDataRegion:59 - Caching[hibernate.test.org.hibernate.cache.spi.UpdateTimestampsCache] : [T_ORDER] -> [5579089544138752]
14:12:28,237 DEBUG SQL:104 - 
    insert 
    into
        ORDER_ITEM
        (ITEM_ID, ORDER_ID, SEQ, PRODUCT_ID, AMT) 
    values
        (null, ?, ?, ?, ?)
14:12:28,238 DEBUG BaseGeneralDataRegion:59 - Caching[hibernate.test.org.hibernate.cache.spi.UpdateTimestampsCache] : [ORDER_ITEM] -> [5579089544142848]
14:12:28,238 DEBUG SQL:104 - 
    update
        PRODUCT 
    set
        name=?,
        STOCK_NUM=?,
        weight_kg=0.453E0 * ?,
        eff_start_dt=?,
        eff_end_dt=? 
    where
        PROD_ID=?
14:12:28,251 DEBUG BaseGeneralDataRegion:69 - Evicting[hibernate.test.org.hibernate.test.filter.Product]: org.hibernate.test.filter.Product#13
14:12:28,252 DEBUG BaseGeneralDataRegion:59 - Caching[hibernate.test.org.hibernate.cache.spi.UpdateTimestampsCache] : [PRODUCT] -> [5579089544200192]
14:12:28,252 DEBUG BaseGeneralDataRegion:69 - Evicting[hibernate.test.org.hibernate.test.filter.Department.salespersons]: org.hibernate.test.filter.Department.salespersons#5
14:12:28,252 DEBUG BaseGeneralDataRegion:59 - Caching[hibernate.test.org.hibernate.cache.spi.UpdateTimestampsCache] : [SALES_PERSON] -> [5579089544200193]
14:12:28,252 DEBUG BaseGeneralDataRegion:69 - Evicting[hibernate.test.org.hibernate.test.filter.Salesperson.orders]: org.hibernate.test.filter.Salesperson.orders#9
14:12:28,252 DEBUG BaseGeneralDataRegion:59 - Caching[hibernate.test.org.hibernate.cache.spi.UpdateTimestampsCache] : [T_ORDER] -> [5579089544200194]
14:12:28,252 DEBUG BaseGeneralDataRegion:69 - Evicting[hibernate.test.org.hibernate.test.filter.Salesperson.orders]: org.hibernate.test.filter.Salesperson.orders#10
14:12:28,252 DEBUG BaseGeneralDataRegion:59 - Caching[hibernate.test.org.hibernate.cache.spi.UpdateTimestampsCache] : [T_ORDER] -> [5579089544200195]
14:12:28,252 DEBUG SQL:104 - 
    insert 
    into
        PROD_CAT
        (PROD_ID, CAT_ID) 
    values
        (?, ?)
14:12:28,253 DEBUG SQL:104 - 
    insert 
    into
        PROD_CAT
        (PROD_ID, CAT_ID) 
    values
        (?, ?)
14:12:28,253 DEBUG BaseGeneralDataRegion:69 - Evicting[hibernate.test.org.hibernate.test.filter.Product.categories]: org.hibernate.test.filter.Product.categories#13
14:12:28,253 DEBUG BaseGeneralDataRegion:59 - Caching[hibernate.test.org.hibernate.cache.spi.UpdateTimestampsCache] : [PROD_CAT] -> [5579089544204288]
14:12:28,253 DEBUG BaseGeneralDataRegion:69 - Evicting[hibernate.test.org.hibernate.test.filter.Category.products]: org.hibernate.test.filter.Category.products#13
14:12:28,253 DEBUG BaseGeneralDataRegion:59 - Caching[hibernate.test.org.hibernate.cache.spi.UpdateTimestampsCache] : [PROD_CAT] -> [5579089544204289]
14:12:28,256 DEBUG BaseGeneralDataRegion:69 - Evicting[hibernate.test.org.hibernate.test.filter.Category.products]: org.hibernate.test.filter.Category.products#14
14:12:28,256 DEBUG BaseGeneralDataRegion:59 - Caching[hibernate.test.org.hibernate.cache.spi.UpdateTimestampsCache] : [PROD_CAT] -> [5579089544216576]
14:12:28,256 DEBUG BaseGeneralDataRegion:69 - Evicting[hibernate.test.org.hibernate.test.filter.Order.lineItems]: org.hibernate.test.filter.Order.lineItems#9
14:12:28,256 DEBUG BaseGeneralDataRegion:59 - Caching[hibernate.test.org.hibernate.cache.spi.UpdateTimestampsCache] : [ORDER_ITEM] -> [5579089544216577]
14:12:28,256 DEBUG SQL:104 - 
    insert 
    into
        PROD_CAT
        (PROD_ID, CAT_ID) 
    values
        (?, ?)
14:12:28,258 DEBUG BaseGeneralDataRegion:69 - Evicting[hibernate.test.org.hibernate.test.filter.Product.categories]: org.hibernate.test.filter.Product.categories#14
14:12:28,258 DEBUG BaseGeneralDataRegion:59 - Caching[hibernate.test.org.hibernate.cache.spi.UpdateTimestampsCache] : [PROD_CAT] -> [5579089544224768]
14:12:28,258 DEBUG BaseGeneralDataRegion:69 - Evicting[hibernate.test.org.hibernate.test.filter.Category.products]: org.hibernate.test.filter.Category.products#15
14:12:28,258 DEBUG BaseGeneralDataRegion:59 - Caching[hibernate.test.org.hibernate.cache.spi.UpdateTimestampsCache] : [PROD_CAT] -> [5579089544224769]
14:12:28,258 DEBUG BaseGeneralDataRegion:69 - Evicting[hibernate.test.org.hibernate.test.filter.Order.lineItems]: org.hibernate.test.filter.Order.lineItems#10
14:12:28,258 DEBUG BaseGeneralDataRegion:59 - Caching[hibernate.test.org.hibernate.cache.spi.UpdateTimestampsCache] : [ORDER_ITEM] -> [5579089544224770]
14:12:28,259 DEBUG BaseGeneralDataRegion:69 - Evicting[hibernate.test.org.hibernate.test.filter.Product]: org.hibernate.test.filter.Product#13
14:12:28,259 DEBUG BaseGeneralDataRegion:69 - Evicting[hibernate.test.org.hibernate.test.filter.Department.salespersons]: org.hibernate.test.filter.Department.salespersons#5
14:12:28,259 DEBUG BaseGeneralDataRegion:69 - Evicting[hibernate.test.org.hibernate.test.filter.Salesperson.orders]: org.hibernate.test.filter.Salesperson.orders#9
14:12:28,259 DEBUG BaseGeneralDataRegion:69 - Evicting[hibernate.test.org.hibernate.test.filter.Salesperson.orders]: org.hibernate.test.filter.Salesperson.orders#10
14:12:28,259 DEBUG BaseGeneralDataRegion:69 - Evicting[hibernate.test.org.hibernate.test.filter.Product.categories]: org.hibernate.test.filter.Product.categories#13
14:12:28,259 DEBUG BaseGeneralDataRegion:69 - Evicting[hibernate.test.org.hibernate.test.filter.Category.products]: org.hibernate.test.filter.Category.products#13
14:12:28,259 DEBUG BaseGeneralDataRegion:69 - Evicting[hibernate.test.org.hibernate.test.filter.Category.products]: org.hibernate.test.filter.Category.products#14
14:12:28,259 DEBUG BaseGeneralDataRegion:69 - Evicting[hibernate.test.org.hibernate.test.filter.Order.lineItems]: org.hibernate.test.filter.Order.lineItems#9
14:12:28,259 DEBUG BaseGeneralDataRegion:69 - Evicting[hibernate.test.org.hibernate.test.filter.Product.categories]: org.hibernate.test.filter.Product.categories#14
14:12:28,259 DEBUG BaseGeneralDataRegion:69 - Evicting[hibernate.test.org.hibernate.test.filter.Category.products]: org.hibernate.test.filter.Category.products#15
14:12:28,260 DEBUG BaseGeneralDataRegion:69 - Evicting[hibernate.test.org.hibernate.test.filter.Order.lineItems]: org.hibernate.test.filter.Order.lineItems#10
14:12:28,260 DEBUG BaseGeneralDataRegion:59 - Caching[hibernate.test.org.hibernate.cache.spi.UpdateTimestampsCache] : [ORDER_ITEM] -> [5579089298472960]
14:12:28,260 DEBUG BaseGeneralDataRegion:59 - Caching[hibernate.test.org.hibernate.cache.spi.UpdateTimestampsCache] : [CATEGORY] -> [5579089298472960]
14:12:28,266 DEBUG BaseGeneralDataRegion:59 - Caching[hibernate.test.org.hibernate.cache.spi.UpdateTimestampsCache] : [SALES_PERSON] -> [5579089298472960]
14:12:28,266 DEBUG BaseGeneralDataRegion:59 - Caching[hibernate.test.org.hibernate.cache.spi.UpdateTimestampsCache] : [T_ORDER] -> [5579089298472960]
14:12:28,266 DEBUG BaseGeneralDataRegion:59 - Caching[hibernate.test.org.hibernate.cache.spi.UpdateTimestampsCache] : [PRODUCT] -> [5579089298472960]
14:12:28,267 DEBUG BaseGeneralDataRegion:59 - Caching[hibernate.test.org.hibernate.cache.spi.UpdateTimestampsCache] : [DEPARTMENT] -> [5579089298472960]
14:12:28,267 DEBUG BaseGeneralDataRegion:59 - Caching[hibernate.test.org.hibernate.cache.spi.UpdateTimestampsCache] : [PROD_CAT] -> [5579089298472960]
14:12:28,267 DEBUG QueryTranslatorImpl:265 - parse() - HQL: from org.hibernate.test.filter.Order o where :salesPersonName in ( select sp.name from org.hibernate.test.filter.Salesperson sp )
14:12:28,267 DEBUG HqlParser:347 - weakKeywords() : new LT(1) token - ["Order",<108> previously: <41>,line=1,col=32,possibleID=true]
14:12:28,269 DEBUG QueryTranslatorImpl:283 - --- HQL AST ---
 \-[QUERY] Node: 'query'
    +-[SELECT_FROM] Node: 'SELECT_FROM'
    |  \-[FROM] Node: 'from'
    |     \-[RANGE] Node: 'RANGE'
    |        +-[DOT] Node: '.'
    |        |  +-[DOT] Node: '.'
    |        |  |  +-[DOT] Node: '.'
    |        |  |  |  +-[DOT] Node: '.'
    |        |  |  |  |  +-[IDENT] Node: 'org'
    |        |  |  |  |  \-[IDENT] Node: 'hibernate'
    |        |  |  |  \-[IDENT] Node: 'test'
    |        |  |  \-[IDENT] Node: 'filter'
    |        |  \-[IDENT] Node: 'Order'
    |        \-[ALIAS] Node: 'o'
    \-[WHERE] Node: 'where'
       \-[IN] Node: 'in'
          +-[COLON] Node: ':'
          |  \-[IDENT] Node: 'salesPersonName'
          \-[IN_LIST] Node: 'inList'
             \-[QUERY] Node: 'query'
                \-[SELECT_FROM] Node: 'SELECT_FROM'
                   +-[FROM] Node: 'from'
                   |  \-[RANGE] Node: 'RANGE'
                   |     +-[DOT] Node: '.'
                   |     |  +-[DOT] Node: '.'
                   |     |  |  +-[DOT] Node: '.'
                   |     |  |  |  +-[DOT] Node: '.'
                   |     |  |  |  |  +-[IDENT] Node: 'org'
                   |     |  |  |  |  \-[IDENT] Node: 'hibernate'
                   |     |  |  |  \-[IDENT] Node: 'test'
                   |     |  |  \-[IDENT] Node: 'filter'
                   |     |  \-[IDENT] Node: 'Salesperson'
                   |     \-[ALIAS] Node: 'sp'
                   \-[SELECT] Node: 'select'
                      \-[DOT] Node: '.'
                         +-[IDENT] Node: 'sp'
                         \-[IDENT] Node: 'name'

14:12:28,277 DEBUG ErrorCounter:82 - throwQueryException() : no errors
14:12:28,278 DEBUG FromElement:157 - FromClause{level=1} : org.hibernate.test.filter.Order (o) -> order0_
14:12:28,278 DEBUG FromElement:157 - FromClause{level=2} : org.hibernate.test.filter.Salesperson (sp) -> salesperso1_
14:12:28,278 DEBUG FromReferenceNode:74 - Resolved : sp -> salesperso1_.SALES_PERSON_ID
14:12:28,278 DEBUG DotNode:599 - getDataType() : name -> org.hibernate.type.StringType@2dc8de40
14:12:28,278 DEBUG FromReferenceNode:74 - Resolved : sp.name -> salesperso1_.NAME
14:12:28,279 DEBUG HqlSqlWalker:629 - processQuery() :  ( SELECT ( {select clause} ( salesperso1_.NAME salesperso1_.SALES_PERSON_ID name ) ) ( FromClause{level=2} SALES_PERSON salesperso1_ ) )
14:12:28,279 DEBUG JoinProcessor:175 - Using FROM fragment [SALES_PERSON salesperso1_]
14:12:28,279 DEBUG HqlSqlWalker:629 - processQuery() :  ( SELECT ( FromClause{level=1} T_ORDER order0_ ) ( where ( in ? ( inList ( SELECT ( {select clause} ( salesperso1_.NAME salesperso1_.SALES_PERSON_ID name ) ) ( FromClause{level=2} SALES_PERSON salesperso1_ ) ) ) ) ) )
14:12:28,279 DEBUG HqlSqlWalker:869 - Derived SELECT clause created.
14:12:28,287 DEBUG JoinProcessor:175 - Using FROM fragment [T_ORDER order0_]
14:12:28,288 DEBUG QueryTranslatorImpl:252 - --- SQL AST ---
 \-[SELECT] QueryNode: 'SELECT'  querySpaces (SALES_PERSON,T_ORDER)
    +-[SELECT_CLAUSE] SelectClause: '{derived select clause}'
    |  +-[SELECT_EXPR] SelectExpressionImpl: 'order0_.ORDER_ID as ORDER1_6_' {FromElement{explicit,not a collection join,not a fetch join,fetch non-lazy properties,classAlias=o,role=null,tableName=T_ORDER,tableAlias=order0_,origin=null,columns={,className=org.hibernate.test.filter.Order}}}
    |  \-[SQL_TOKEN] SqlFragment: 'order0_.REG as REG6_, order0_.BUYER as BUYER6_, order0_."ord dt" as ord4_6_, order0_."close dt" as close5_6_, order0_.SALES_PERSON_ID as SALES6_6_'
    +-[FROM] FromClause: 'from' FromClause{level=1, fromElementCounter=1, fromElements=1, fromElementByClassAlias=[o], fromElementByTableAlias=[order0_], fromElementsByPath=[], collectionJoinFromElementsByPath=[], impliedElements=[]}
    |  \-[FROM_FRAGMENT] FromElement: 'T_ORDER order0_' FromElement{explicit,not a collection join,not a fetch join,fetch non-lazy properties,classAlias=o,role=null,tableName=T_ORDER,tableAlias=order0_,origin=null,columns={,className=org.hibernate.test.filter.Order}}
    \-[WHERE] SqlNode: 'where'
       \-[IN] InLogicOperatorNode: 'in'
          +-[NAMED_PARAM] ParameterNode: '?' {name=salesPersonName, expectedType=null}
          \-[IN_LIST] SqlNode: 'inList'
             \-[SELECT] QueryNode: 'SELECT'  querySpaces (SALES_PERSON,T_ORDER)
                +-[SELECT_CLAUSE] SelectClause: '{select clause}'
                |  \-[DOT] DotNode: 'salesperso1_.NAME' {propertyName=name,dereferenceType=ALL,propertyPath=name,path=sp.name,tableAlias=salesperso1_,className=org.hibernate.test.filter.Salesperson,classAlias=sp}
                |     +-[ALIAS_REF] IdentNode: 'salesperso1_.SALES_PERSON_ID' {alias=sp, className=org.hibernate.test.filter.Salesperson, tableAlias=salesperso1_}
                |     \-[IDENT] IdentNode: 'name' {originalText=name}
                \-[FROM] FromClause: 'from' FromClause{level=2, fromElementCounter=1, fromElements=1, fromElementByClassAlias=[sp], fromElementByTableAlias=[salesperso1_], fromElementsByPath=[], collectionJoinFromElementsByPath=[], impliedElements=[]}
                   \-[FROM_FRAGMENT] FromElement: 'SALES_PERSON salesperso1_' FromElement{explicit,not a collection join,not a fetch join,fetch non-lazy properties,classAlias=sp,role=null,tableName=SALES_PERSON,tableAlias=salesperso1_,origin=null,columns={,className=org.hibernate.test.filter.Salesperson}}

14:12:28,288 DEBUG ErrorCounter:82 - throwQueryException() : no errors
14:12:28,288 DEBUG QueryTranslatorImpl:235 - HQL: from org.hibernate.test.filter.Order o where :salesPersonName in ( select sp.name from org.hibernate.test.filter.Salesperson sp )
14:12:28,289 DEBUG QueryTranslatorImpl:236 - SQL: select order0_.ORDER_ID as ORDER1_6_, order0_.REG as REG6_, order0_.BUYER as BUYER6_, order0_."ord dt" as ord4_6_, order0_."close dt" as close5_6_, order0_.SALES_PERSON_ID as SALES6_6_ from T_ORDER order0_ where ? in (select salesperso1_.NAME from SALES_PERSON salesperso1_)
14:12:28,289 DEBUG ErrorCounter:82 - throwQueryException() : no errors
14:12:28,289 DEBUG SQL:104 - 
    select
        order0_.ORDER_ID as ORDER1_6_,
        order0_.REG as REG6_,
        order0_.BUYER as BUYER6_,
        order0_."ord dt" as ord4_6_,
        order0_."close dt" as close5_6_,
        order0_.SALES_PERSON_ID as SALES6_6_ 
    from
        T_ORDER order0_ 
    where
        ? in (
            select
                salesperso1_.NAME 
            from
                SALES_PERSON salesperso1_
        )
14:12:28,290 DEBUG BaseRegionAccessStrategy:66 - Caching: org.hibernate.test.filter.Order#9
14:12:28,290 DEBUG BaseGeneralDataRegion:59 - Caching[hibernate.test.org.hibernate.test.filter.Order] : [org.hibernate.test.filter.Order#9] -> [CacheEntry(org.hibernate.test.filter.Order)[APAC,gavin,2012-08-28 14:12:28.206,2012-10-28 14:12:28.206,9,9]]
14:12:28,290 DEBUG BaseRegionAccessStrategy:66 - Caching: org.hibernate.test.filter.Order#10
14:12:28,290 DEBUG BaseGeneralDataRegion:59 - Caching[hibernate.test.org.hibernate.test.filter.Order] : [org.hibernate.test.filter.Order#10] -> [CacheEntry(org.hibernate.test.filter.Order)[EMEA,christian,2013-01-28 14:12:28.205,null,9,10]]
14:12:28,291 DEBUG QueryTranslatorImpl:265 - parse() - HQL: from org.hibernate.test.filter.Order o where :salesPersonName in ( select sp.name from org.hibernate.test.filter.Salesperson sp )
14:12:28,291 DEBUG HqlParser:347 - weakKeywords() : new LT(1) token - ["Order",<108> previously: <41>,line=1,col=32,possibleID=true]
14:12:28,293 DEBUG QueryTranslatorImpl:283 - --- HQL AST ---
 \-[QUERY] Node: 'query'
    +-[SELECT_FROM] Node: 'SELECT_FROM'
    |  \-[FROM] Node: 'from'
    |     \-[RANGE] Node: 'RANGE'
    |        +-[DOT] Node: '.'
    |        |  +-[DOT] Node: '.'
    |        |  |  +-[DOT] Node: '.'
    |        |  |  |  +-[DOT] Node: '.'
    |        |  |  |  |  +-[IDENT] Node: 'org'
    |        |  |  |  |  \-[IDENT] Node: 'hibernate'
    |        |  |  |  \-[IDENT] Node: 'test'
    |        |  |  \-[IDENT] Node: 'filter'
    |        |  \-[IDENT] Node: 'Order'
    |        \-[ALIAS] Node: 'o'
    \-[WHERE] Node: 'where'
       \-[IN] Node: 'in'
          +-[COLON] Node: ':'
          |  \-[IDENT] Node: 'salesPersonName'
          \-[IN_LIST] Node: 'inList'
             \-[QUERY] Node: 'query'
                \-[SELECT_FROM] Node: 'SELECT_FROM'
                   +-[FROM] Node: 'from'
                   |  \-[RANGE] Node: 'RANGE'
                   |     +-[DOT] Node: '.'
                   |     |  +-[DOT] Node: '.'
                   |     |  |  +-[DOT] Node: '.'
                   |     |  |  |  +-[DOT] Node: '.'
                   |     |  |  |  |  +-[IDENT] Node: 'org'
                   |     |  |  |  |  \-[IDENT] Node: 'hibernate'
                   |     |  |  |  \-[IDENT] Node: 'test'
                   |     |  |  \-[IDENT] Node: 'filter'
                   |     |  \-[IDENT] Node: 'Salesperson'
                   |     \-[ALIAS] Node: 'sp'
                   \-[SELECT] Node: 'select'
                      \-[DOT] Node: '.'
                         +-[IDENT] Node: 'sp'
                         \-[IDENT] Node: 'name'

14:12:28,304 DEBUG ErrorCounter:82 - throwQueryException() : no errors
14:12:28,304 DEBUG FromElement:157 - FromClause{level=1} : org.hibernate.test.filter.Order (o) -> order0_
14:12:28,304 DEBUG FromElement:157 - FromClause{level=2} : org.hibernate.test.filter.Salesperson (sp) -> salesperso1_
14:12:28,304 DEBUG FromReferenceNode:74 - Resolved : sp -> salesperso1_.SALES_PERSON_ID
14:12:28,311 DEBUG DotNode:599 - getDataType() : name -> org.hibernate.type.StringType@2dc8de40
14:12:28,312 DEBUG FromReferenceNode:74 - Resolved : sp.name -> salesperso1_.NAME
14:12:28,312 DEBUG HqlSqlWalker:629 - processQuery() :  ( SELECT ( {select clause} ( salesperso1_.NAME salesperso1_.SALES_PERSON_ID name ) ) ( FromClause{level=2} SALES_PERSON salesperso1_ ) )
14:12:28,312 DEBUG JoinProcessor:175 - Using FROM fragment [SALES_PERSON salesperso1_]
14:12:28,312 DEBUG HqlSqlWalker:629 - processQuery() :  ( SELECT ( FromClause{level=1} T_ORDER order0_ ) ( where ( in ? ( inList ( SELECT ( {select clause} ( salesperso1_.NAME salesperso1_.SALES_PERSON_ID name ) ) ( FromClause{level=2} SALES_PERSON salesperso1_ ) ) ) ) ) )
14:12:28,312 DEBUG HqlSqlWalker:869 - Derived SELECT clause created.
14:12:28,312 DEBUG JoinProcessor:175 - Using FROM fragment [T_ORDER order0_]
14:12:28,313 DEBUG SyntheticAndFactory:92 - Using unprocessed WHERE-fragment [order0_."close dt" < :fulfilledOrders.asOfDate]
14:12:28,313 DEBUG SyntheticAndFactory:124 - Using processed WHERE-fragment [order0_."close dt" < ?]
14:12:28,313 DEBUG QueryTranslatorImpl:252 - --- SQL AST ---
 \-[SELECT] QueryNode: 'SELECT'  querySpaces (SALES_PERSON,T_ORDER)
    +-[SELECT_CLAUSE] SelectClause: '{derived select clause}'
    |  +-[SELECT_EXPR] SelectExpressionImpl: 'order0_.ORDER_ID as ORDER1_6_' {FromElement{explicit,not a collection join,not a fetch join,fetch non-lazy properties,classAlias=o,role=null,tableName=T_ORDER,tableAlias=order0_,origin=null,columns={,className=org.hibernate.test.filter.Order}}}
    |  \-[SQL_TOKEN] SqlFragment: 'order0_.REG as REG6_, order0_.BUYER as BUYER6_, order0_."ord dt" as ord4_6_, order0_."close dt" as close5_6_, order0_.SALES_PERSON_ID as SALES6_6_'
    +-[FROM] FromClause: 'from' FromClause{level=1, fromElementCounter=1, fromElements=1, fromElementByClassAlias=[o], fromElementByTableAlias=[order0_], fromElementsByPath=[], collectionJoinFromElementsByPath=[], impliedElements=[]}
    |  \-[FROM_FRAGMENT] FromElement: 'T_ORDER order0_' FromElement{explicit,not a collection join,not a fetch join,fetch non-lazy properties,classAlias=o,role=null,tableName=T_ORDER,tableAlias=order0_,origin=null,columns={,className=org.hibernate.test.filter.Order}}
    \-[WHERE] SqlNode: 'where'
       +-[FILTERS] SqlNode: '{filter conditions}'
       |  \-[SQL_TOKEN] SqlFragment: 'order0_."close dt" < ?'
       \-[IN] InLogicOperatorNode: 'in'
          +-[NAMED_PARAM] ParameterNode: '?' {name=salesPersonName, expectedType=null}
          \-[IN_LIST] SqlNode: 'inList'
             \-[SELECT] QueryNode: 'SELECT'  querySpaces (SALES_PERSON,T_ORDER)
                +-[SELECT_CLAUSE] SelectClause: '{select clause}'
                |  \-[DOT] DotNode: 'salesperso1_.NAME' {propertyName=name,dereferenceType=ALL,propertyPath=name,path=sp.name,tableAlias=salesperso1_,className=org.hibernate.test.filter.Salesperson,classAlias=sp}
                |     +-[ALIAS_REF] IdentNode: 'salesperso1_.SALES_PERSON_ID' {alias=sp, className=org.hibernate.test.filter.Salesperson, tableAlias=salesperso1_}
                |     \-[IDENT] IdentNode: 'name' {originalText=name}
                \-[FROM] FromClause: 'from' FromClause{level=2, fromElementCounter=1, fromElements=1, fromElementByClassAlias=[sp], fromElementByTableAlias=[salesperso1_], fromElementsByPath=[], collectionJoinFromElementsByPath=[], impliedElements=[]}
                   \-[FROM_FRAGMENT] FromElement: 'SALES_PERSON salesperso1_' FromElement{explicit,not a collection join,not a fetch join,fetch non-lazy properties,classAlias=sp,role=null,tableName=SALES_PERSON,tableAlias=salesperso1_,origin=null,columns={,className=org.hibernate.test.filter.Salesperson}}

14:12:28,313 DEBUG ErrorCounter:82 - throwQueryException() : no errors
14:12:28,313 DEBUG QueryTranslatorImpl:235 - HQL: from org.hibernate.test.filter.Order o where :salesPersonName in ( select sp.name from org.hibernate.test.filter.Salesperson sp )
14:12:28,313 DEBUG QueryTranslatorImpl:236 - SQL: select order0_.ORDER_ID as ORDER1_6_, order0_.REG as REG6_, order0_.BUYER as BUYER6_, order0_."ord dt" as ord4_6_, order0_."close dt" as close5_6_, order0_.SALES_PERSON_ID as SALES6_6_ from T_ORDER order0_ where order0_."close dt" < ? and (? in (select salesperso1_.NAME from SALES_PERSON salesperso1_))
14:12:28,314 DEBUG ErrorCounter:82 - throwQueryException() : no errors
14:12:28,314 DEBUG SQL:104 - 
    select
        order0_.ORDER_ID as ORDER1_6_,
        order0_.REG as REG6_,
        order0_.BUYER as BUYER6_,
        order0_."ord dt" as ord4_6_,
        order0_."close dt" as close5_6_,
        order0_.SALES_PERSON_ID as SALES6_6_ 
    from
        T_ORDER order0_ 
    where
        order0_."close dt" < ? 
        and (
            ? in (
                select
                    salesperso1_.NAME 
                from
                    SALES_PERSON salesperso1_
            )
        )
14:12:28,335 DEBUG QueryTranslatorImpl:265 - parse() - HQL: from org.hibernate.test.filter.Order o where :salesPersonName in ( select sp.name from org.hibernate.test.filter.Salesperson sp )
14:12:28,335 DEBUG HqlParser:347 - weakKeywords() : new LT(1) token - ["Order",<108> previously: <41>,line=1,col=32,possibleID=true]
14:12:28,337 DEBUG QueryTranslatorImpl:283 - --- HQL AST ---
 \-[QUERY] Node: 'query'
    +-[SELECT_FROM] Node: 'SELECT_FROM'
    |  \-[FROM] Node: 'from'
    |     \-[RANGE] Node: 'RANGE'
    |        +-[DOT] Node: '.'
    |        |  +-[DOT] Node: '.'
    |        |  |  +-[DOT] Node: '.'
    |        |  |  |  +-[DOT] Node: '.'
    |        |  |  |  |  +-[IDENT] Node: 'org'
    |        |  |  |  |  \-[IDENT] Node: 'hibernate'
    |        |  |  |  \-[IDENT] Node: 'test'
    |        |  |  \-[IDENT] Node: 'filter'
    |        |  \-[IDENT] Node: 'Order'
    |        \-[ALIAS] Node: 'o'
    \-[WHERE] Node: 'where'
       \-[IN] Node: 'in'
          +-[COLON] Node: ':'
          |  \-[IDENT] Node: 'salesPersonName'
          \-[IN_LIST] Node: 'inList'
             \-[QUERY] Node: 'query'
                \-[SELECT_FROM] Node: 'SELECT_FROM'
                   +-[FROM] Node: 'from'
                   |  \-[RANGE] Node: 'RANGE'
                   |     +-[DOT] Node: '.'
                   |     |  +-[DOT] Node: '.'
                   |     |  |  +-[DOT] Node: '.'
                   |     |  |  |  +-[DOT] Node: '.'
                   |     |  |  |  |  +-[IDENT] Node: 'org'
                   |     |  |  |  |  \-[IDENT] Node: 'hibernate'
                   |     |  |  |  \-[IDENT] Node: 'test'
                   |     |  |  \-[IDENT] Node: 'filter'
                   |     |  \-[IDENT] Node: 'Salesperson'
                   |     \-[ALIAS] Node: 'sp'
                   \-[SELECT] Node: 'select'
                      \-[DOT] Node: '.'
                         +-[IDENT] Node: 'sp'
                         \-[IDENT] Node: 'name'

14:12:28,344 DEBUG ErrorCounter:82 - throwQueryException() : no errors
14:12:28,345 DEBUG FromElement:157 - FromClause{level=1} : org.hibernate.test.filter.Order (o) -> order0_
14:12:28,345 DEBUG FromElement:157 - FromClause{level=2} : org.hibernate.test.filter.Salesperson (sp) -> salesperso1_
14:12:28,345 DEBUG FromReferenceNode:74 - Resolved : sp -> salesperso1_.SALES_PERSON_ID
14:12:28,345 DEBUG DotNode:599 - getDataType() : name -> org.hibernate.type.StringType@2dc8de40
14:12:28,346 DEBUG FromReferenceNode:74 - Resolved : sp.name -> salesperso1_.NAME
14:12:28,355 DEBUG HqlSqlWalker:629 - processQuery() :  ( SELECT ( {select clause} ( salesperso1_.NAME salesperso1_.SALES_PERSON_ID name ) ) ( FromClause{level=2} SALES_PERSON salesperso1_ ) )
14:12:28,355 DEBUG JoinProcessor:175 - Using FROM fragment [SALES_PERSON salesperso1_]
14:12:28,356 DEBUG SyntheticAndFactory:92 - Using unprocessed WHERE-fragment [salesperso1_.REG IN (:regionlist.regions)]
14:12:28,356 DEBUG SyntheticAndFactory:124 - Using processed WHERE-fragment [salesperso1_.REG IN (?)]
14:12:28,356 DEBUG QueryNode:73 - getWhereClause() : Creating a new WHERE clause...
14:12:28,356 DEBUG HqlSqlWalker:629 - processQuery() :  ( SELECT ( FromClause{level=1} T_ORDER order0_ ) ( where ( in ? ( inList ( SELECT ( {select clause} ( salesperso1_.NAME salesperso1_.SALES_PERSON_ID name ) ) ( FromClause{level=2} SALES_PERSON salesperso1_ ) ( WHERE ( {filter conditions} salesperso1_.REG IN (?) ) ) ) ) ) ) )
14:12:28,356 DEBUG HqlSqlWalker:869 - Derived SELECT clause created.
14:12:28,356 DEBUG JoinProcessor:175 - Using FROM fragment [T_ORDER order0_]
14:12:28,356 DEBUG SyntheticAndFactory:92 - Using unprocessed WHERE-fragment [order0_."close dt" < :fulfilledOrders.asOfDate]
14:12:28,356 DEBUG SyntheticAndFactory:124 - Using processed WHERE-fragment [order0_."close dt" < ?]
14:12:28,357 DEBUG QueryTranslatorImpl:252 - --- SQL AST ---
 \-[SELECT] QueryNode: 'SELECT'  querySpaces (SALES_PERSON,T_ORDER)
    +-[SELECT_CLAUSE] SelectClause: '{derived select clause}'
    |  +-[SELECT_EXPR] SelectExpressionImpl: 'order0_.ORDER_ID as ORDER1_6_' {FromElement{explicit,not a collection join,not a fetch join,fetch non-lazy properties,classAlias=o,role=null,tableName=T_ORDER,tableAlias=order0_,origin=null,columns={,className=org.hibernate.test.filter.Order}}}
    |  \-[SQL_TOKEN] SqlFragment: 'order0_.REG as REG6_, order0_.BUYER as BUYER6_, order0_."ord dt" as ord4_6_, order0_."close dt" as close5_6_, order0_.SALES_PERSON_ID as SALES6_6_'
    +-[FROM] FromClause: 'from' FromClause{level=1, fromElementCounter=1, fromElements=1, fromElementByClassAlias=[o], fromElementByTableAlias=[order0_], fromElementsByPath=[], collectionJoinFromElementsByPath=[], impliedElements=[]}
    |  \-[FROM_FRAGMENT] FromElement: 'T_ORDER order0_' FromElement{explicit,not a collection join,not a fetch join,fetch non-lazy properties,classAlias=o,role=null,tableName=T_ORDER,tableAlias=order0_,origin=null,columns={,className=org.hibernate.test.filter.Order}}
    \-[WHERE] SqlNode: 'where'
       +-[FILTERS] SqlNode: '{filter conditions}'
       |  \-[SQL_TOKEN] SqlFragment: 'order0_."close dt" < ?'
       \-[IN] InLogicOperatorNode: 'in'
          +-[NAMED_PARAM] ParameterNode: '?' {name=salesPersonName, expectedType=null}
          \-[IN_LIST] SqlNode: 'inList'
             \-[SELECT] QueryNode: 'SELECT'  querySpaces (SALES_PERSON,T_ORDER)
                +-[SELECT_CLAUSE] SelectClause: '{select clause}'
                |  \-[DOT] DotNode: 'salesperso1_.NAME' {propertyName=name,dereferenceType=ALL,propertyPath=name,path=sp.name,tableAlias=salesperso1_,className=org.hibernate.test.filter.Salesperson,classAlias=sp}
                |     +-[ALIAS_REF] IdentNode: 'salesperso1_.SALES_PERSON_ID' {alias=sp, className=org.hibernate.test.filter.Salesperson, tableAlias=salesperso1_}
                |     \-[IDENT] IdentNode: 'name' {originalText=name}
                +-[FROM] FromClause: 'from' FromClause{level=2, fromElementCounter=1, fromElements=1, fromElementByClassAlias=[sp], fromElementByTableAlias=[salesperso1_], fromElementsByPath=[], collectionJoinFromElementsByPath=[], impliedElements=[]}
                |  \-[FROM_FRAGMENT] FromElement: 'SALES_PERSON salesperso1_' FromElement{explicit,not a collection join,not a fetch join,fetch non-lazy properties,classAlias=sp,role=null,tableName=SALES_PERSON,tableAlias=salesperso1_,origin=null,columns={,className=org.hibernate.test.filter.Salesperson}}
                \-[WHERE] SqlNode: 'WHERE'
                   \-[FILTERS] SqlNode: '{filter conditions}'
                      \-[SQL_TOKEN] SqlFragment: 'salesperso1_.REG IN (?)'

14:12:28,367 DEBUG ErrorCounter:82 - throwQueryException() : no errors
14:12:28,367 DEBUG QueryTranslatorImpl:235 - HQL: from org.hibernate.test.filter.Order o where :salesPersonName in ( select sp.name from org.hibernate.test.filter.Salesperson sp )
14:12:28,367 DEBUG QueryTranslatorImpl:236 - SQL: select order0_.ORDER_ID as ORDER1_6_, order0_.REG as REG6_, order0_.BUYER as BUYER6_, order0_."ord dt" as ord4_6_, order0_."close dt" as close5_6_, order0_.SALES_PERSON_ID as SALES6_6_ from T_ORDER order0_ where order0_."close dt" < ? and (? in (select salesperso1_.NAME from SALES_PERSON salesperso1_ where salesperso1_.REG IN (?)))
14:12:28,367 DEBUG ErrorCounter:82 - throwQueryException() : no errors
14:12:28,368 DEBUG SQL:104 - 
    select
        order0_.ORDER_ID as ORDER1_6_,
        order0_.REG as REG6_,
        order0_.BUYER as BUYER6_,
        order0_."ord dt" as ord4_6_,
        order0_."close dt" as close5_6_,
        order0_.SALES_PERSON_ID as SALES6_6_ 
    from
        T_ORDER order0_ 
    where
        order0_."close dt" < ? 
        and (
            ? in (
                select
                    salesperso1_.NAME 
                from
                    SALES_PERSON salesperso1_ 
                where
                    salesperso1_.REG IN (
                        ?
                    )
            )
        )
14:12:28,377 DEBUG SQL:104 - 
    select
        order0_.ORDER_ID as ORDER1_6_,
        order0_.REG as REG6_,
        order0_.BUYER as BUYER6_,
        order0_."ord dt" as ord4_6_,
        order0_."close dt" as close5_6_,
        order0_.SALES_PERSON_ID as SALES6_6_ 
    from
        T_ORDER order0_ 
    where
        order0_."close dt" < ? 
        and (
            ? in (
                select
                    salesperso1_.NAME 
                from
                    SALES_PERSON salesperso1_ 
                where
                    salesperso1_.REG IN (
                        ?
                    )
            )
        )
14:12:28,379 DEBUG SQL:104 - 
    update
        SALES_PERSON 
    set
        NAME=?,
        REG=?,
        DEPT_ID=?,
        "hire dt"=? 
    where
        SALES_PERSON_ID=?
14:12:28,387 DEBUG BaseGeneralDataRegion:69 - Evicting[hibernate.test.org.hibernate.test.filter.Salesperson]: org.hibernate.test.filter.Salesperson#9
14:12:28,388 DEBUG BaseGeneralDataRegion:59 - Caching[hibernate.test.org.hibernate.cache.spi.UpdateTimestampsCache] : [SALES_PERSON] -> [5579089544757248]
14:12:28,388 DEBUG SQL:104 - 
    update
        SALES_PERSON 
    set
        NAME=?,
        REG=?,
        DEPT_ID=?,
        "hire dt"=? 
    where
        SALES_PERSON_ID=?
14:12:28,388 DEBUG BaseGeneralDataRegion:69 - Evicting[hibernate.test.org.hibernate.test.filter.Salesperson]: org.hibernate.test.filter.Salesperson#10
14:12:28,388 DEBUG BaseGeneralDataRegion:59 - Caching[hibernate.test.org.hibernate.cache.spi.UpdateTimestampsCache] : [SALES_PERSON] -> [5579089544757249]
14:12:28,388 DEBUG SQL:104 - 
    update
        T_ORDER 
    set
        REG=?,
        BUYER=?,
        "ord dt"=?,
        "close dt"=?,
        SALES_PERSON_ID=? 
    where
        ORDER_ID=?
14:12:28,396 DEBUG BaseGeneralDataRegion:69 - Evicting[hibernate.test.org.hibernate.test.filter.Order]: org.hibernate.test.filter.Order#9
14:12:28,396 DEBUG BaseGeneralDataRegion:59 - Caching[hibernate.test.org.hibernate.cache.spi.UpdateTimestampsCache] : [T_ORDER] -> [5579089544790016]
14:12:28,397 DEBUG SQL:104 - 
    update
        ORDER_ITEM 
    set
        ORDER_ID=?,
        SEQ=?,
        PRODUCT_ID=?,
        AMT=? 
    where
        ITEM_ID=?
14:12:28,397 DEBUG BaseGeneralDataRegion:69 - Evicting[hibernate.test.org.hibernate.test.filter.LineItem]: org.hibernate.test.filter.LineItem#9
14:12:28,397 DEBUG BaseGeneralDataRegion:59 - Caching[hibernate.test.org.hibernate.cache.spi.UpdateTimestampsCache] : [ORDER_ITEM] -> [5579089544794112]
14:12:28,397 DEBUG SQL:104 - 
    update
        T_ORDER 
    set
        REG=?,
        BUYER=?,
        "ord dt"=?,
        "close dt"=?,
        SALES_PERSON_ID=? 
    where
        ORDER_ID=?
14:12:28,397 DEBUG BaseGeneralDataRegion:69 - Evicting[hibernate.test.org.hibernate.test.filter.Order]: org.hibernate.test.filter.Order#10
14:12:28,398 DEBUG BaseGeneralDataRegion:59 - Caching[hibernate.test.org.hibernate.cache.spi.UpdateTimestampsCache] : [T_ORDER] -> [5579089544798208]
14:12:28,398 DEBUG SQL:104 - 
    update
        ORDER_ITEM 
    set
        ORDER_ID=?,
        SEQ=?,
        PRODUCT_ID=?,
        AMT=? 
    where
        ITEM_ID=?
14:12:28,407 DEBUG BaseGeneralDataRegion:69 - Evicting[hibernate.test.org.hibernate.test.filter.LineItem]: org.hibernate.test.filter.LineItem#10
14:12:28,407 DEBUG BaseGeneralDataRegion:59 - Caching[hibernate.test.org.hibernate.cache.spi.UpdateTimestampsCache] : [ORDER_ITEM] -> [5579089544835072]
14:12:28,407 DEBUG BaseGeneralDataRegion:69 - Evicting[hibernate.test.org.hibernate.test.filter.Product.orderLineItems]: org.hibernate.test.filter.Product.orderLineItems#13
14:12:28,407 DEBUG BaseGeneralDataRegion:59 - Caching[hibernate.test.org.hibernate.cache.spi.UpdateTimestampsCache] : [ORDER_ITEM] -> [5579089544835073]
14:12:28,407 DEBUG BaseGeneralDataRegion:69 - Evicting[hibernate.test.org.hibernate.test.filter.Product.orderLineItems]: org.hibernate.test.filter.Product.orderLineItems#14
14:12:28,407 DEBUG BaseGeneralDataRegion:59 - Caching[hibernate.test.org.hibernate.cache.spi.UpdateTimestampsCache] : [ORDER_ITEM] -> [5579089544835074]
14:12:28,408 DEBUG BaseGeneralDataRegion:69 - Evicting[hibernate.test.org.hibernate.test.filter.Product.orderLineItems]: org.hibernate.test.filter.Product.orderLineItems#15
14:12:28,408 DEBUG BaseGeneralDataRegion:59 - Caching[hibernate.test.org.hibernate.cache.spi.UpdateTimestampsCache] : [ORDER_ITEM] -> [5579089544839168]
14:12:28,408 DEBUG SQL:104 - 
    delete 
    from
        PROD_CAT 
    where
        PROD_ID=?
14:12:28,408 DEBUG BaseGeneralDataRegion:69 - Evicting[hibernate.test.org.hibernate.test.filter.Product.categories]: org.hibernate.test.filter.Product.categories#15
14:12:28,408 DEBUG BaseGeneralDataRegion:59 - Caching[hibernate.test.org.hibernate.cache.spi.UpdateTimestampsCache] : [PROD_CAT] -> [5579089544839169]
14:12:28,408 DEBUG BaseGeneralDataRegion:69 - Evicting[hibernate.test.org.hibernate.test.filter.Department.salespersons]: org.hibernate.test.filter.Department.salespersons#5
14:12:28,408 DEBUG BaseGeneralDataRegion:59 - Caching[hibernate.test.org.hibernate.cache.spi.UpdateTimestampsCache] : [SALES_PERSON] -> [5579089544839170]
14:12:28,408 DEBUG BaseGeneralDataRegion:69 - Evicting[hibernate.test.org.hibernate.test.filter.Salesperson.orders]: org.hibernate.test.filter.Salesperson.orders#9
14:12:28,408 DEBUG BaseGeneralDataRegion:59 - Caching[hibernate.test.org.hibernate.cache.spi.UpdateTimestampsCache] : [T_ORDER] -> [5579089544839171]
14:12:28,409 DEBUG BaseGeneralDataRegion:69 - Evicting[hibernate.test.org.hibernate.test.filter.Salesperson.orders]: org.hibernate.test.filter.Salesperson.orders#10
14:12:28,409 DEBUG BaseGeneralDataRegion:59 - Caching[hibernate.test.org.hibernate.cache.spi.UpdateTimestampsCache] : [T_ORDER] -> [5579089544843264]
14:12:28,409 DEBUG SQL:104 - 
    delete 
    from
        PROD_CAT 
    where
        PROD_ID=?
14:12:28,409 DEBUG BaseGeneralDataRegion:69 - Evicting[hibernate.test.org.hibernate.test.filter.Product.categories]: org.hibernate.test.filter.Product.categories#13
14:12:28,409 DEBUG BaseGeneralDataRegion:59 - Caching[hibernate.test.org.hibernate.cache.spi.UpdateTimestampsCache] : [PROD_CAT] -> [5579089544843265]
14:12:28,409 DEBUG BaseGeneralDataRegion:69 - Evicting[hibernate.test.org.hibernate.test.filter.Category.products]: org.hibernate.test.filter.Category.products#13
14:12:28,409 DEBUG BaseGeneralDataRegion:59 - Caching[hibernate.test.org.hibernate.cache.spi.UpdateTimestampsCache] : [PROD_CAT] -> [5579089544843266]
14:12:28,409 DEBUG BaseGeneralDataRegion:69 - Evicting[hibernate.test.org.hibernate.test.filter.Category.products]: org.hibernate.test.filter.Category.products#14
14:12:28,409 DEBUG BaseGeneralDataRegion:59 - Caching[hibernate.test.org.hibernate.cache.spi.UpdateTimestampsCache] : [PROD_CAT] -> [5579089544843267]
14:12:28,410 DEBUG BaseGeneralDataRegion:69 - Evicting[hibernate.test.org.hibernate.test.filter.Order.lineItems]: org.hibernate.test.filter.Order.lineItems#9
14:12:28,410 DEBUG BaseGeneralDataRegion:59 - Caching[hibernate.test.org.hibernate.cache.spi.UpdateTimestampsCache] : [ORDER_ITEM] -> [5579089544847360]
14:12:28,410 DEBUG SQL:104 - 
    delete 
    from
        PROD_CAT 
    where
        PROD_ID=?
14:12:28,410 DEBUG BaseGeneralDataRegion:69 - Evicting[hibernate.test.org.hibernate.test.filter.Product.categories]: org.hibernate.test.filter.Product.categories#14
14:12:28,410 DEBUG BaseGeneralDataRegion:59 - Caching[hibernate.test.org.hibernate.cache.spi.UpdateTimestampsCache] : [PROD_CAT] -> [5579089544847361]
14:12:28,410 DEBUG BaseGeneralDataRegion:69 - Evicting[hibernate.test.org.hibernate.test.filter.Category.products]: org.hibernate.test.filter.Category.products#15
14:12:28,410 DEBUG BaseGeneralDataRegion:59 - Caching[hibernate.test.org.hibernate.cache.spi.UpdateTimestampsCache] : [PROD_CAT] -> [5579089544847362]
14:12:28,410 DEBUG BaseGeneralDataRegion:69 - Evicting[hibernate.test.org.hibernate.test.filter.Order.lineItems]: org.hibernate.test.filter.Order.lineItems#10
14:12:28,410 DEBUG BaseGeneralDataRegion:59 - Caching[hibernate.test.org.hibernate.cache.spi.UpdateTimestampsCache] : [ORDER_ITEM] -> [5579089544847363]
14:12:28,411 DEBUG SQL:104 - 
    delete 
    from
        DEPARTMENT 
    where
        DEPT_ID=?
14:12:28,421 DEBUG BaseGeneralDataRegion:69 - Evicting[hibernate.test.org.hibernate.test.filter.Department]: org.hibernate.test.filter.Department#5
14:12:28,421 DEBUG BaseGeneralDataRegion:59 - Caching[hibernate.test.org.hibernate.cache.spi.UpdateTimestampsCache] : [DEPARTMENT] -> [5579089544892416]
14:12:28,421 DEBUG SQL:104 - 
    delete 
    from
        SALES_PERSON 
    where
        SALES_PERSON_ID=?
14:12:28,422 DEBUG BaseGeneralDataRegion:69 - Evicting[hibernate.test.org.hibernate.test.filter.Salesperson]: org.hibernate.test.filter.Salesperson#9
14:12:28,422 DEBUG BaseGeneralDataRegion:59 - Caching[hibernate.test.org.hibernate.cache.spi.UpdateTimestampsCache] : [SALES_PERSON] -> [5579089544896512]
14:12:28,422 DEBUG SQL:104 - 
    delete 
    from
        SALES_PERSON 
    where
        SALES_PERSON_ID=?
14:12:28,422 DEBUG BaseGeneralDataRegion:69 - Evicting[hibernate.test.org.hibernate.test.filter.Salesperson]: org.hibernate.test.filter.Salesperson#10
14:12:28,422 DEBUG BaseGeneralDataRegion:59 - Caching[hibernate.test.org.hibernate.cache.spi.UpdateTimestampsCache] : [SALES_PERSON] -> [5579089544896513]
14:12:28,422 DEBUG SQL:104 - 
    delete 
    from
        CATEGORY 
    where
        CAT_ID=?
14:12:28,422 DEBUG BaseGeneralDataRegion:69 - Evicting[hibernate.test.org.hibernate.test.filter.Category]: org.hibernate.test.filter.Category#13
14:12:28,431 DEBUG BaseGeneralDataRegion:59 - Caching[hibernate.test.org.hibernate.cache.spi.UpdateTimestampsCache] : [CATEGORY] -> [5579089544933376]
14:12:28,431 DEBUG SQL:104 - 
    delete 
    from
        CATEGORY 
    where
        CAT_ID=?
14:12:28,432 DEBUG BaseGeneralDataRegion:69 - Evicting[hibernate.test.org.hibernate.test.filter.Category]: org.hibernate.test.filter.Category#14
14:12:28,432 DEBUG BaseGeneralDataRegion:59 - Caching[hibernate.test.org.hibernate.cache.spi.UpdateTimestampsCache] : [CATEGORY] -> [5579089544937472]
14:12:28,432 DEBUG SQL:104 - 
    delete 
    from
        PRODUCT 
    where
        PROD_ID=?
14:12:28,432 DEBUG BaseGeneralDataRegion:69 - Evicting[hibernate.test.org.hibernate.test.filter.Product]: org.hibernate.test.filter.Product#13
14:12:28,432 DEBUG BaseGeneralDataRegion:59 - Caching[hibernate.test.org.hibernate.cache.spi.UpdateTimestampsCache] : [PRODUCT] -> [5579089544937473]
14:12:28,432 DEBUG SQL:104 - 
    delete 
    from
        ORDER_ITEM 
    where
        ITEM_ID=?
14:12:28,433 DEBUG BaseGeneralDataRegion:69 - Evicting[hibernate.test.org.hibernate.test.filter.LineItem]: org.hibernate.test.filter.LineItem#9
14:12:28,433 DEBUG BaseGeneralDataRegion:59 - Caching[hibernate.test.org.hibernate.cache.spi.UpdateTimestampsCache] : [ORDER_ITEM] -> [5579089544941568]
14:12:28,433 DEBUG SQL:104 - 
    delete 
    from
        T_ORDER 
    where
        ORDER_ID=?
14:12:28,433 DEBUG BaseGeneralDataRegion:69 - Evicting[hibernate.test.org.hibernate.test.filter.Order]: org.hibernate.test.filter.Order#9
14:12:28,433 DEBUG BaseGeneralDataRegion:59 - Caching[hibernate.test.org.hibernate.cache.spi.UpdateTimestampsCache] : [T_ORDER] -> [5579089544941569]
14:12:28,433 DEBUG SQL:104 - 
    delete 
    from
        CATEGORY 
    where
        CAT_ID=?
14:12:28,433 DEBUG BaseGeneralDataRegion:69 - Evicting[hibernate.test.org.hibernate.test.filter.Category]: org.hibernate.test.filter.Category#15
14:12:28,433 DEBUG BaseGeneralDataRegion:59 - Caching[hibernate.test.org.hibernate.cache.spi.UpdateTimestampsCache] : [CATEGORY] -> [5579089544941570]
14:12:28,434 DEBUG SQL:104 - 
    delete 
    from
        PRODUCT 
    where
        PROD_ID=?
14:12:28,458 DEBUG BaseGeneralDataRegion:69 - Evicting[hibernate.test.org.hibernate.test.filter.Product]: org.hibernate.test.filter.Product#14
14:12:28,458 DEBUG BaseGeneralDataRegion:59 - Caching[hibernate.test.org.hibernate.cache.spi.UpdateTimestampsCache] : [PRODUCT] -> [5579089545043968]
14:12:28,458 DEBUG SQL:104 - 
    delete 
    from
        PRODUCT 
    where
        PROD_ID=?
14:12:28,459 DEBUG BaseGeneralDataRegion:69 - Evicting[hibernate.test.org.hibernate.test.filter.Product]: org.hibernate.test.filter.Product#15
14:12:28,459 DEBUG BaseGeneralDataRegion:59 - Caching[hibernate.test.org.hibernate.cache.spi.UpdateTimestampsCache] : [PRODUCT] -> [5579089545048064]
14:12:28,459 DEBUG SQL:104 - 
    delete 
    from
        ORDER_ITEM 
    where
        ITEM_ID=?
14:12:28,459 DEBUG BaseGeneralDataRegion:69 - Evicting[hibernate.test.org.hibernate.test.filter.LineItem]: org.hibernate.test.filter.LineItem#10
14:12:28,459 DEBUG BaseGeneralDataRegion:59 - Caching[hibernate.test.org.hibernate.cache.spi.UpdateTimestampsCache] : [ORDER_ITEM] -> [5579089545048065]
14:12:28,459 DEBUG SQL:104 - 
    delete 
    from
        T_ORDER 
    where
        ORDER_ID=?
14:12:28,459 DEBUG BaseGeneralDataRegion:69 - Evicting[hibernate.test.org.hibernate.test.filter.Order]: org.hibernate.test.filter.Order#10
14:12:28,460 DEBUG BaseGeneralDataRegion:59 - Caching[hibernate.test.org.hibernate.cache.spi.UpdateTimestampsCache] : [T_ORDER] -> [5579089545052160]
14:12:28,460 DEBUG BaseGeneralDataRegion:69 - Evicting[hibernate.test.org.hibernate.test.filter.Salesperson]: org.hibernate.test.filter.Salesperson#9
14:12:28,467 DEBUG BaseGeneralDataRegion:69 - Evicting[hibernate.test.org.hibernate.test.filter.Salesperson]: org.hibernate.test.filter.Salesperson#10
14:12:28,468 DEBUG BaseGeneralDataRegion:69 - Evicting[hibernate.test.org.hibernate.test.filter.Order]: org.hibernate.test.filter.Order#9
14:12:28,468 DEBUG BaseGeneralDataRegion:69 - Evicting[hibernate.test.org.hibernate.test.filter.LineItem]: org.hibernate.test.filter.LineItem#9
14:12:28,468 DEBUG BaseGeneralDataRegion:69 - Evicting[hibernate.test.org.hibernate.test.filter.Order]: org.hibernate.test.filter.Order#10
14:12:28,468 DEBUG BaseGeneralDataRegion:69 - Evicting[hibernate.test.org.hibernate.test.filter.LineItem]: org.hibernate.test.filter.LineItem#10
14:12:28,468 DEBUG BaseGeneralDataRegion:69 - Evicting[hibernate.test.org.hibernate.test.filter.Product.orderLineItems]: org.hibernate.test.filter.Product.orderLineItems#13
14:12:28,468 DEBUG BaseGeneralDataRegion:69 - Evicting[hibernate.test.org.hibernate.test.filter.Product.orderLineItems]: org.hibernate.test.filter.Product.orderLineItems#14
14:12:28,468 DEBUG BaseGeneralDataRegion:69 - Evicting[hibernate.test.org.hibernate.test.filter.Product.orderLineItems]: org.hibernate.test.filter.Product.orderLineItems#15
14:12:28,468 DEBUG BaseGeneralDataRegion:69 - Evicting[hibernate.test.org.hibernate.test.filter.Product.categories]: org.hibernate.test.filter.Product.categories#15
14:12:28,468 DEBUG BaseGeneralDataRegion:69 - Evicting[hibernate.test.org.hibernate.test.filter.Department.salespersons]: org.hibernate.test.filter.Department.salespersons#5
14:12:28,469 DEBUG BaseGeneralDataRegion:69 - Evicting[hibernate.test.org.hibernate.test.filter.Salesperson.orders]: org.hibernate.test.filter.Salesperson.orders#9
14:12:28,469 DEBUG BaseGeneralDataRegion:69 - Evicting[hibernate.test.org.hibernate.test.filter.Salesperson.orders]: org.hibernate.test.filter.Salesperson.orders#10
14:12:28,469 DEBUG BaseGeneralDataRegion:69 - Evicting[hibernate.test.org.hibernate.test.filter.Product.categories]: org.hibernate.test.filter.Product.categories#13
14:12:28,469 DEBUG BaseGeneralDataRegion:69 - Evicting[hibernate.test.org.hibernate.test.filter.Category.products]: org.hibernate.test.filter.Category.products#13
14:12:28,469 DEBUG BaseGeneralDataRegion:69 - Evicting[hibernate.test.org.hibernate.test.filter.Category.products]: org.hibernate.test.filter.Category.products#14
14:12:28,469 DEBUG BaseGeneralDataRegion:69 - Evicting[hibernate.test.org.hibernate.test.filter.Order.lineItems]: org.hibernate.test.filter.Order.lineItems#9
14:12:28,469 DEBUG BaseGeneralDataRegion:69 - Evicting[hibernate.test.org.hibernate.test.filter.Product.categories]: org.hibernate.test.filter.Product.categories#14
14:12:28,469 DEBUG BaseGeneralDataRegion:69 - Evicting[hibernate.test.org.hibernate.test.filter.Category.products]: org.hibernate.test.filter.Category.products#15
14:12:28,469 DEBUG BaseGeneralDataRegion:69 - Evicting[hibernate.test.org.hibernate.test.filter.Order.lineItems]: org.hibernate.test.filter.Order.lineItems#10
14:12:28,469 DEBUG BaseGeneralDataRegion:69 - Evicting[hibernate.test.org.hibernate.test.filter.Department]: org.hibernate.test.filter.Department#5
14:12:28,469 DEBUG BaseGeneralDataRegion:69 - Evicting[hibernate.test.org.hibernate.test.filter.Salesperson]: org.hibernate.test.filter.Salesperson#9
14:12:28,469 DEBUG BaseGeneralDataRegion:69 - Evicting[hibernate.test.org.hibernate.test.filter.Salesperson]: org.hibernate.test.filter.Salesperson#10
14:12:28,470 DEBUG BaseGeneralDataRegion:69 - Evicting[hibernate.test.org.hibernate.test.filter.Category]: org.hibernate.test.filter.Category#13
14:12:28,470 DEBUG BaseGeneralDataRegion:69 - Evicting[hibernate.test.org.hibernate.test.filter.Category]: org.hibernate.test.filter.Category#14
14:12:28,470 DEBUG BaseGeneralDataRegion:69 - Evicting[hibernate.test.org.hibernate.test.filter.Product]: org.hibernate.test.filter.Product#13
14:12:28,470 DEBUG BaseGeneralDataRegion:69 - Evicting[hibernate.test.org.hibernate.test.filter.LineItem]: org.hibernate.test.filter.LineItem#9
14:12:28,470 DEBUG BaseGeneralDataRegion:69 - Evicting[hibernate.test.org.hibernate.test.filter.Order]: org.hibernate.test.filter.Order#9
14:12:28,470 DEBUG BaseGeneralDataRegion:69 - Evicting[hibernate.test.org.hibernate.test.filter.Category]: org.hibernate.test.filter.Category#15
14:12:28,470 DEBUG BaseGeneralDataRegion:69 - Evicting[hibernate.test.org.hibernate.test.filter.Product]: org.hibernate.test.filter.Product#14
14:12:28,470 DEBUG BaseGeneralDataRegion:69 - Evicting[hibernate.test.org.hibernate.test.filter.Product]: org.hibernate.test.filter.Product#15
14:12:28,478 DEBUG BaseGeneralDataRegion:69 - Evicting[hibernate.test.org.hibernate.test.filter.LineItem]: org.hibernate.test.filter.LineItem#10
14:12:28,478 DEBUG BaseGeneralDataRegion:69 - Evicting[hibernate.test.org.hibernate.test.filter.Order]: org.hibernate.test.filter.Order#10
14:12:28,479 DEBUG BaseGeneralDataRegion:59 - Caching[hibernate.test.org.hibernate.cache.spi.UpdateTimestampsCache] : [CATEGORY] -> [5579089299369984]
14:12:28,479 DEBUG BaseGeneralDataRegion:59 - Caching[hibernate.test.org.hibernate.cache.spi.UpdateTimestampsCache] : [ORDER_ITEM] -> [5579089299369984]
14:12:28,479 DEBUG BaseGeneralDataRegion:59 - Caching[hibernate.test.org.hibernate.cache.spi.UpdateTimestampsCache] : [SALES_PERSON] -> [5579089299369984]
14:12:28,479 DEBUG BaseGeneralDataRegion:59 - Caching[hibernate.test.org.hibernate.cache.spi.UpdateTimestampsCache] : [T_ORDER] -> [5579089299369984]
14:12:28,479 DEBUG BaseGeneralDataRegion:59 - Caching[hibernate.test.org.hibernate.cache.spi.UpdateTimestampsCache] : [PRODUCT] -> [5579089299369984]
14:12:28,479 DEBUG BaseGeneralDataRegion:59 - Caching[hibernate.test.org.hibernate.cache.spi.UpdateTimestampsCache] : [DEPARTMENT] -> [5579089299369984]
14:12:28,479 DEBUG BaseGeneralDataRegion:59 - Caching[hibernate.test.org.hibernate.cache.spi.UpdateTimestampsCache] : [PROD_CAT] -> [5579089299369984]
14:12:28,480  INFO CustomRunner:139 - Test: testFilterApplicationOnHqlQueryWithImplicitSubqueryContainingPositionalParameter
14:12:28,481 DEBUG SQL:104 - 
    insert 
    into
        DEPARTMENT
        (DEPT_ID, REG) 
    values
        (null, ?)
14:12:28,481 DEBUG BaseGeneralDataRegion:59 - Caching[hibernate.test.org.hibernate.cache.spi.UpdateTimestampsCache] : [DEPARTMENT] -> [5579089545138176]
14:12:28,482 DEBUG SQL:104 - 
    insert 
    into
        SALES_PERSON
        (SALES_PERSON_ID, NAME, REG, DEPT_ID, "hire dt") 
    values
        (null, ?, ?, ?, ?)
14:12:28,489 DEBUG BaseGeneralDataRegion:59 - Caching[hibernate.test.org.hibernate.cache.spi.UpdateTimestampsCache] : [SALES_PERSON] -> [5579089545170944]
14:12:28,491 DEBUG SQL:104 - 
    insert 
    into
        SALES_PERSON
        (SALES_PERSON_ID, NAME, REG, DEPT_ID, "hire dt") 
    values
        (null, ?, ?, ?, ?)
14:12:28,491 DEBUG BaseGeneralDataRegion:59 - Caching[hibernate.test.org.hibernate.cache.spi.UpdateTimestampsCache] : [SALES_PERSON] -> [5579089545179136]
14:12:28,492 DEBUG SQL:104 - 
    insert 
    into
        PRODUCT
        (PROD_ID, name, STOCK_NUM, weight_kg, eff_start_dt, eff_end_dt) 
    values
        (null, ?, ?, 0.453E0 * ?, ?, ?)
14:12:28,492 DEBUG BaseGeneralDataRegion:59 - Caching[hibernate.test.org.hibernate.cache.spi.UpdateTimestampsCache] : [PRODUCT] -> [5579089545183232]
14:12:28,492 DEBUG SQL:104 - 
    insert 
    into
        CATEGORY
        (CAT_ID, name, eff_start_dt, eff_end_dt) 
    values
        (null, ?, ?, ?)
14:12:28,493 DEBUG BaseGeneralDataRegion:59 - Caching[hibernate.test.org.hibernate.cache.spi.UpdateTimestampsCache] : [CATEGORY] -> [5579089545187328]
14:12:28,493 DEBUG SQL:104 - 
    insert 
    into
        CATEGORY
        (CAT_ID, name, eff_start_dt, eff_end_dt) 
    values
        (null, ?, ?, ?)
14:12:28,499 DEBUG BaseGeneralDataRegion:59 - Caching[hibernate.test.org.hibernate.cache.spi.UpdateTimestampsCache] : [CATEGORY] -> [5579089545211904]
14:12:28,500 DEBUG SQL:104 - 
    insert 
    into
        T_ORDER
        (ORDER_ID, REG, BUYER, "ord dt", "close dt", SALES_PERSON_ID) 
    values
        (null, ?, ?, ?, ?, ?)
14:12:28,500 DEBUG BaseGeneralDataRegion:59 - Caching[hibernate.test.org.hibernate.cache.spi.UpdateTimestampsCache] : [T_ORDER] -> [5579089545216000]
14:12:28,500 DEBUG SQL:104 - 
    insert 
    into
        ORDER_ITEM
        (ITEM_ID, ORDER_ID, SEQ, PRODUCT_ID, AMT) 
    values
        (null, ?, ?, ?, ?)
14:12:28,501 DEBUG BaseGeneralDataRegion:59 - Caching[hibernate.test.org.hibernate.cache.spi.UpdateTimestampsCache] : [ORDER_ITEM] -> [5579089545220096]
14:12:28,501 DEBUG SQL:104 - 
    insert 
    into
        PRODUCT
        (PROD_ID, name, STOCK_NUM, weight_kg, eff_start_dt, eff_end_dt) 
    values
        (null, ?, ?, 0.453E0 * ?, ?, ?)
14:12:28,501 DEBUG BaseGeneralDataRegion:59 - Caching[hibernate.test.org.hibernate.cache.spi.UpdateTimestampsCache] : [PRODUCT] -> [5579089545220097]
14:12:28,501 DEBUG SQL:104 - 
    insert 
    into
        CATEGORY
        (CAT_ID, name, eff_start_dt, eff_end_dt) 
    values
        (null, ?, ?, ?)
14:12:28,510 DEBUG BaseGeneralDataRegion:59 - Caching[hibernate.test.org.hibernate.cache.spi.UpdateTimestampsCache] : [CATEGORY] -> [5579089545252864]
14:12:28,510 DEBUG SQL:104 - 
    insert 
    into
        PRODUCT
        (PROD_ID, name, STOCK_NUM, weight_kg, eff_start_dt, eff_end_dt) 
    values
        (null, ?, ?, 0.453E0 * ?, ?, ?)
14:12:28,510 DEBUG BaseGeneralDataRegion:59 - Caching[hibernate.test.org.hibernate.cache.spi.UpdateTimestampsCache] : [PRODUCT] -> [5579089545256960]
14:12:28,510 DEBUG SQL:104 - 
    insert 
    into
        T_ORDER
        (ORDER_ID, REG, BUYER, "ord dt", "close dt", SALES_PERSON_ID) 
    values
        (null, ?, ?, ?, ?, ?)
14:12:28,511 DEBUG BaseGeneralDataRegion:59 - Caching[hibernate.test.org.hibernate.cache.spi.UpdateTimestampsCache] : [T_ORDER] -> [5579089545261056]
14:12:28,511 DEBUG SQL:104 - 
    insert 
    into
        ORDER_ITEM
        (ITEM_ID, ORDER_ID, SEQ, PRODUCT_ID, AMT) 
    values
        (null, ?, ?, ?, ?)
14:12:28,511 DEBUG BaseGeneralDataRegion:59 - Caching[hibernate.test.org.hibernate.cache.spi.UpdateTimestampsCache] : [ORDER_ITEM] -> [5579089545261057]
14:12:28,520 DEBUG SQL:104 - 
    update
        PRODUCT 
    set
        name=?,
        STOCK_NUM=?,
        weight_kg=0.453E0 * ?,
        eff_start_dt=?,
        eff_end_dt=? 
    where
        PROD_ID=?
14:12:28,520 DEBUG BaseGeneralDataRegion:69 - Evicting[hibernate.test.org.hibernate.test.filter.Product]: org.hibernate.test.filter.Product#16
14:12:28,520 DEBUG BaseGeneralDataRegion:59 - Caching[hibernate.test.org.hibernate.cache.spi.UpdateTimestampsCache] : [PRODUCT] -> [5579089545297920]
14:12:28,520 DEBUG BaseGeneralDataRegion:69 - Evicting[hibernate.test.org.hibernate.test.filter.Department.salespersons]: org.hibernate.test.filter.Department.salespersons#6
14:12:28,521 DEBUG BaseGeneralDataRegion:59 - Caching[hibernate.test.org.hibernate.cache.spi.UpdateTimestampsCache] : [SALES_PERSON] -> [5579089545302016]
14:12:28,521 DEBUG BaseGeneralDataRegion:69 - Evicting[hibernate.test.org.hibernate.test.filter.Salesperson.orders]: org.hibernate.test.filter.Salesperson.orders#11
14:12:28,521 DEBUG BaseGeneralDataRegion:59 - Caching[hibernate.test.org.hibernate.cache.spi.UpdateTimestampsCache] : [T_ORDER] -> [5579089545302017]
14:12:28,521 DEBUG BaseGeneralDataRegion:69 - Evicting[hibernate.test.org.hibernate.test.filter.Salesperson.orders]: org.hibernate.test.filter.Salesperson.orders#12
14:12:28,521 DEBUG BaseGeneralDataRegion:59 - Caching[hibernate.test.org.hibernate.cache.spi.UpdateTimestampsCache] : [T_ORDER] -> [5579089545302018]
14:12:28,521 DEBUG SQL:104 - 
    insert 
    into
        PROD_CAT
        (PROD_ID, CAT_ID) 
    values
        (?, ?)
14:12:28,521 DEBUG SQL:104 - 
    insert 
    into
        PROD_CAT
        (PROD_ID, CAT_ID) 
    values
        (?, ?)
14:12:28,530 DEBUG BaseGeneralDataRegion:69 - Evicting[hibernate.test.org.hibernate.test.filter.Product.categories]: org.hibernate.test.filter.Product.categories#16
14:12:28,530 DEBUG BaseGeneralDataRegion:59 - Caching[hibernate.test.org.hibernate.cache.spi.UpdateTimestampsCache] : [PROD_CAT] -> [5579089545338880]
14:12:28,530 DEBUG BaseGeneralDataRegion:69 - Evicting[hibernate.test.org.hibernate.test.filter.Category.products]: org.hibernate.test.filter.Category.products#16
14:12:28,530 DEBUG BaseGeneralDataRegion:59 - Caching[hibernate.test.org.hibernate.cache.spi.UpdateTimestampsCache] : [PROD_CAT] -> [5579089545338881]
14:12:28,530 DEBUG BaseGeneralDataRegion:69 - Evicting[hibernate.test.org.hibernate.test.filter.Category.products]: org.hibernate.test.filter.Category.products#17
14:12:28,530 DEBUG BaseGeneralDataRegion:59 - Caching[hibernate.test.org.hibernate.cache.spi.UpdateTimestampsCache] : [PROD_CAT] -> [5579089545338882]
14:12:28,530 DEBUG BaseGeneralDataRegion:69 - Evicting[hibernate.test.org.hibernate.test.filter.Order.lineItems]: org.hibernate.test.filter.Order.lineItems#11
14:12:28,530 DEBUG BaseGeneralDataRegion:59 - Caching[hibernate.test.org.hibernate.cache.spi.UpdateTimestampsCache] : [ORDER_ITEM] -> [5579089545338883]
14:12:28,530 DEBUG SQL:104 - 
    insert 
    into
        PROD_CAT
        (PROD_ID, CAT_ID) 
    values
        (?, ?)
14:12:28,531 DEBUG BaseGeneralDataRegion:69 - Evicting[hibernate.test.org.hibernate.test.filter.Product.categories]: org.hibernate.test.filter.Product.categories#17
14:12:28,531 DEBUG BaseGeneralDataRegion:59 - Caching[hibernate.test.org.hibernate.cache.spi.UpdateTimestampsCache] : [PROD_CAT] -> [5579089545342976]
14:12:28,531 DEBUG BaseGeneralDataRegion:69 - Evicting[hibernate.test.org.hibernate.test.filter.Category.products]: org.hibernate.test.filter.Category.products#18
14:12:28,531 DEBUG BaseGeneralDataRegion:59 - Caching[hibernate.test.org.hibernate.cache.spi.UpdateTimestampsCache] : [PROD_CAT] -> [5579089545342977]
14:12:28,531 DEBUG BaseGeneralDataRegion:69 - Evicting[hibernate.test.org.hibernate.test.filter.Order.lineItems]: org.hibernate.test.filter.Order.lineItems#12
14:12:28,531 DEBUG BaseGeneralDataRegion:59 - Caching[hibernate.test.org.hibernate.cache.spi.UpdateTimestampsCache] : [ORDER_ITEM] -> [5579089545342978]
14:12:28,531 DEBUG BaseGeneralDataRegion:69 - Evicting[hibernate.test.org.hibernate.test.filter.Product]: org.hibernate.test.filter.Product#16
14:12:28,531 DEBUG BaseGeneralDataRegion:69 - Evicting[hibernate.test.org.hibernate.test.filter.Department.salespersons]: org.hibernate.test.filter.Department.salespersons#6
14:12:28,532 DEBUG BaseGeneralDataRegion:69 - Evicting[hibernate.test.org.hibernate.test.filter.Salesperson.orders]: org.hibernate.test.filter.Salesperson.orders#11
14:12:28,532 DEBUG BaseGeneralDataRegion:69 - Evicting[hibernate.test.org.hibernate.test.filter.Salesperson.orders]: org.hibernate.test.filter.Salesperson.orders#12
14:12:28,532 DEBUG BaseGeneralDataRegion:69 - Evicting[hibernate.test.org.hibernate.test.filter.Product.categories]: org.hibernate.test.filter.Product.categories#16
14:12:28,540 DEBUG BaseGeneralDataRegion:69 - Evicting[hibernate.test.org.hibernate.test.filter.Category.products]: org.hibernate.test.filter.Category.products#16
14:12:28,540 DEBUG BaseGeneralDataRegion:69 - Evicting[hibernate.test.org.hibernate.test.filter.Category.products]: org.hibernate.test.filter.Category.products#17
14:12:28,540 DEBUG BaseGeneralDataRegion:69 - Evicting[hibernate.test.org.hibernate.test.filter.Order.lineItems]: org.hibernate.test.filter.Order.lineItems#11
14:12:28,541 DEBUG BaseGeneralDataRegion:69 - Evicting[hibernate.test.org.hibernate.test.filter.Product.categories]: org.hibernate.test.filter.Product.categories#17
14:12:28,541 DEBUG BaseGeneralDataRegion:69 - Evicting[hibernate.test.org.hibernate.test.filter.Category.products]: org.hibernate.test.filter.Category.products#18
14:12:28,541 DEBUG BaseGeneralDataRegion:69 - Evicting[hibernate.test.org.hibernate.test.filter.Order.lineItems]: org.hibernate.test.filter.Order.lineItems#12
14:12:28,541 DEBUG BaseGeneralDataRegion:59 - Caching[hibernate.test.org.hibernate.cache.spi.UpdateTimestampsCache] : [ORDER_ITEM] -> [5579089299623936]
14:12:28,541 DEBUG BaseGeneralDataRegion:59 - Caching[hibernate.test.org.hibernate.cache.spi.UpdateTimestampsCache] : [CATEGORY] -> [5579089299623936]
14:12:28,541 DEBUG BaseGeneralDataRegion:59 - Caching[hibernate.test.org.hibernate.cache.spi.UpdateTimestampsCache] : [SALES_PERSON] -> [5579089299623936]
14:12:28,541 DEBUG BaseGeneralDataRegion:59 - Caching[hibernate.test.org.hibernate.cache.spi.UpdateTimestampsCache] : [T_ORDER] -> [5579089299623936]
14:12:28,541 DEBUG BaseGeneralDataRegion:59 - Caching[hibernate.test.org.hibernate.cache.spi.UpdateTimestampsCache] : [PRODUCT] -> [5579089299623936]
14:12:28,541 DEBUG BaseGeneralDataRegion:59 - Caching[hibernate.test.org.hibernate.cache.spi.UpdateTimestampsCache] : [DEPARTMENT] -> [5579089299623936]
14:12:28,541 DEBUG BaseGeneralDataRegion:59 - Caching[hibernate.test.org.hibernate.cache.spi.UpdateTimestampsCache] : [PROD_CAT] -> [5579089299623936]
14:12:28,542 DEBUG QueryTranslatorImpl:265 - parse() - HQL: from org.hibernate.test.filter.Order o where ? in ( select sp.name from org.hibernate.test.filter.Salesperson sp )
14:12:28,542 DEBUG HqlParser:347 - weakKeywords() : new LT(1) token - ["Order",<108> previously: <41>,line=1,col=32,possibleID=true]
14:12:28,544 DEBUG QueryTranslatorImpl:283 - --- HQL AST ---
 \-[QUERY] Node: 'query'
    +-[SELECT_FROM] Node: 'SELECT_FROM'
    |  \-[FROM] Node: 'from'
    |     \-[RANGE] Node: 'RANGE'
    |        +-[DOT] Node: '.'
    |        |  +-[DOT] Node: '.'
    |        |  |  +-[DOT] Node: '.'
    |        |  |  |  +-[DOT] Node: '.'
    |        |  |  |  |  +-[IDENT] Node: 'org'
    |        |  |  |  |  \-[IDENT] Node: 'hibernate'
    |        |  |  |  \-[IDENT] Node: 'test'
    |        |  |  \-[IDENT] Node: 'filter'
    |        |  \-[IDENT] Node: 'Order'
    |        \-[ALIAS] Node: 'o'
    \-[WHERE] Node: 'where'
       \-[IN] Node: 'in'
          +-[PARAM] Node: '?'
          \-[IN_LIST] Node: 'inList'
             \-[QUERY] Node: 'query'
                \-[SELECT_FROM] Node: 'SELECT_FROM'
                   +-[FROM] Node: 'from'
                   |  \-[RANGE] Node: 'RANGE'
                   |     +-[DOT] Node: '.'
                   |     |  +-[DOT] Node: '.'
                   |     |  |  +-[DOT] Node: '.'
                   |     |  |  |  +-[DOT] Node: '.'
                   |     |  |  |  |  +-[IDENT] Node: 'org'
                   |     |  |  |  |  \-[IDENT] Node: 'hibernate'
                   |     |  |  |  \-[IDENT] Node: 'test'
                   |     |  |  \-[IDENT] Node: 'filter'
                   |     |  \-[IDENT] Node: 'Salesperson'
                   |     \-[ALIAS] Node: 'sp'
                   \-[SELECT] Node: 'select'
                      \-[DOT] Node: '.'
                         +-[IDENT] Node: 'sp'
                         \-[IDENT] Node: 'name'

14:12:28,544 DEBUG ErrorCounter:82 - throwQueryException() : no errors
14:12:28,544 DEBUG FromElement:157 - FromClause{level=1} : org.hibernate.test.filter.Order (o) -> order0_
14:12:28,544  WARN HqlSqlWalker:929 - [DEPRECATION] Encountered positional parameter near line 1, column 46.  Positional parameter are considered deprecated; use named parameters or JPA-style positional parameters instead.
14:12:28,544 DEBUG FromElement:157 - FromClause{level=2} : org.hibernate.test.filter.Salesperson (sp) -> salesperso1_
14:12:28,553 DEBUG FromReferenceNode:74 - Resolved : sp -> salesperso1_.SALES_PERSON_ID
14:12:28,554 DEBUG DotNode:599 - getDataType() : name -> org.hibernate.type.StringType@2dc8de40
14:12:28,554 DEBUG FromReferenceNode:74 - Resolved : sp.name -> salesperso1_.NAME
14:12:28,554 DEBUG HqlSqlWalker:629 - processQuery() :  ( SELECT ( {select clause} ( salesperso1_.NAME salesperso1_.SALES_PERSON_ID name ) ) ( FromClause{level=2} SALES_PERSON salesperso1_ ) )
14:12:28,555 DEBUG JoinProcessor:175 - Using FROM fragment [SALES_PERSON salesperso1_]
14:12:28,555 DEBUG HqlSqlWalker:629 - processQuery() :  ( SELECT ( FromClause{level=1} T_ORDER order0_ ) ( where ( in ? ( inList ( SELECT ( {select clause} ( salesperso1_.NAME salesperso1_.SALES_PERSON_ID name ) ) ( FromClause{level=2} SALES_PERSON salesperso1_ ) ) ) ) ) )
14:12:28,555 DEBUG HqlSqlWalker:869 - Derived SELECT clause created.
14:12:28,555 DEBUG JoinProcessor:175 - Using FROM fragment [T_ORDER order0_]
14:12:28,555 DEBUG QueryTranslatorImpl:252 - --- SQL AST ---
 \-[SELECT] QueryNode: 'SELECT'  querySpaces (SALES_PERSON,T_ORDER)
    +-[SELECT_CLAUSE] SelectClause: '{derived select clause}'
    |  +-[SELECT_EXPR] SelectExpressionImpl: 'order0_.ORDER_ID as ORDER1_6_' {FromElement{explicit,not a collection join,not a fetch join,fetch non-lazy properties,classAlias=o,role=null,tableName=T_ORDER,tableAlias=order0_,origin=null,columns={,className=org.hibernate.test.filter.Order}}}
    |  \-[SQL_TOKEN] SqlFragment: 'order0_.REG as REG6_, order0_.BUYER as BUYER6_, order0_."ord dt" as ord4_6_, order0_."close dt" as close5_6_, order0_.SALES_PERSON_ID as SALES6_6_'
    +-[FROM] FromClause: 'from' FromClause{level=1, fromElementCounter=1, fromElements=1, fromElementByClassAlias=[o], fromElementByTableAlias=[order0_], fromElementsByPath=[], collectionJoinFromElementsByPath=[], impliedElements=[]}
    |  \-[FROM_FRAGMENT] FromElement: 'T_ORDER order0_' FromElement{explicit,not a collection join,not a fetch join,fetch non-lazy properties,classAlias=o,role=null,tableName=T_ORDER,tableAlias=order0_,origin=null,columns={,className=org.hibernate.test.filter.Order}}
    \-[WHERE] SqlNode: 'where'
       \-[IN] InLogicOperatorNode: 'in'
          +-[PARAM] ParameterNode: '?' {ordinal=0, expectedType=null}
          \-[IN_LIST] SqlNode: 'inList'
             \-[SELECT] QueryNode: 'SELECT'  querySpaces (SALES_PERSON,T_ORDER)
                +-[SELECT_CLAUSE] SelectClause: '{select clause}'
                |  \-[DOT] DotNode: 'salesperso1_.NAME' {propertyName=name,dereferenceType=ALL,propertyPath=name,path=sp.name,tableAlias=salesperso1_,className=org.hibernate.test.filter.Salesperson,classAlias=sp}
                |     +-[ALIAS_REF] IdentNode: 'salesperso1_.SALES_PERSON_ID' {alias=sp, className=org.hibernate.test.filter.Salesperson, tableAlias=salesperso1_}
                |     \-[IDENT] IdentNode: 'name' {originalText=name}
                \-[FROM] FromClause: 'from' FromClause{level=2, fromElementCounter=1, fromElements=1, fromElementByClassAlias=[sp], fromElementByTableAlias=[salesperso1_], fromElementsByPath=[], collectionJoinFromElementsByPath=[], impliedElements=[]}
                   \-[FROM_FRAGMENT] FromElement: 'SALES_PERSON salesperso1_' FromElement{explicit,not a collection join,not a fetch join,fetch non-lazy properties,classAlias=sp,role=null,tableName=SALES_PERSON,tableAlias=salesperso1_,origin=null,columns={,className=org.hibernate.test.filter.Salesperson}}

14:12:28,556 DEBUG ErrorCounter:82 - throwQueryException() : no errors
14:12:28,556 DEBUG QueryTranslatorImpl:235 - HQL: from org.hibernate.test.filter.Order o where ? in ( select sp.name from org.hibernate.test.filter.Salesperson sp )
14:12:28,565 DEBUG QueryTranslatorImpl:236 - SQL: select order0_.ORDER_ID as ORDER1_6_, order0_.REG as REG6_, order0_.BUYER as BUYER6_, order0_."ord dt" as ord4_6_, order0_."close dt" as close5_6_, order0_.SALES_PERSON_ID as SALES6_6_ from T_ORDER order0_ where ? in (select salesperso1_.NAME from SALES_PERSON salesperso1_)
14:12:28,565 DEBUG ErrorCounter:82 - throwQueryException() : no errors
14:12:28,565 DEBUG SQL:104 - 
    select
        order0_.ORDER_ID as ORDER1_6_,
        order0_.REG as REG6_,
        order0_.BUYER as BUYER6_,
        order0_."ord dt" as ord4_6_,
        order0_."close dt" as close5_6_,
        order0_.SALES_PERSON_ID as SALES6_6_ 
    from
        T_ORDER order0_ 
    where
        ? in (
            select
                salesperso1_.NAME 
            from
                SALES_PERSON salesperso1_
        )
14:12:28,566 DEBUG BaseRegionAccessStrategy:66 - Caching: org.hibernate.test.filter.Order#12
14:12:28,566 DEBUG BaseGeneralDataRegion:59 - Caching[hibernate.test.org.hibernate.test.filter.Order] : [org.hibernate.test.filter.Order#12] -> [CacheEntry(org.hibernate.test.filter.Order)[EMEA,christian,2013-01-28 14:12:28.48,null,11,12]]
14:12:28,566 DEBUG BaseRegionAccessStrategy:66 - Caching: org.hibernate.test.filter.Order#11
14:12:28,566 DEBUG BaseGeneralDataRegion:59 - Caching[hibernate.test.org.hibernate.test.filter.Order] : [org.hibernate.test.filter.Order#11] -> [CacheEntry(org.hibernate.test.filter.Order)[APAC,gavin,2012-08-28 14:12:28.48,2012-10-28 14:12:28.48,11,11]]
14:12:28,567 DEBUG QueryTranslatorImpl:265 - parse() - HQL: from org.hibernate.test.filter.Order o where ? in ( select sp.name from org.hibernate.test.filter.Salesperson sp )
14:12:28,567 DEBUG HqlParser:347 - weakKeywords() : new LT(1) token - ["Order",<108> previously: <41>,line=1,col=32,possibleID=true]
14:12:28,568 DEBUG QueryTranslatorImpl:283 - --- HQL AST ---
 \-[QUERY] Node: 'query'
    +-[SELECT_FROM] Node: 'SELECT_FROM'
    |  \-[FROM] Node: 'from'
    |     \-[RANGE] Node: 'RANGE'
    |        +-[DOT] Node: '.'
    |        |  +-[DOT] Node: '.'
    |        |  |  +-[DOT] Node: '.'
    |        |  |  |  +-[DOT] Node: '.'
    |        |  |  |  |  +-[IDENT] Node: 'org'
    |        |  |  |  |  \-[IDENT] Node: 'hibernate'
    |        |  |  |  \-[IDENT] Node: 'test'
    |        |  |  \-[IDENT] Node: 'filter'
    |        |  \-[IDENT] Node: 'Order'
    |        \-[ALIAS] Node: 'o'
    \-[WHERE] Node: 'where'
       \-[IN] Node: 'in'
          +-[PARAM] Node: '?'
          \-[IN_LIST] Node: 'inList'
             \-[QUERY] Node: 'query'
                \-[SELECT_FROM] Node: 'SELECT_FROM'
                   +-[FROM] Node: 'from'
                   |  \-[RANGE] Node: 'RANGE'
                   |     +-[DOT] Node: '.'
                   |     |  +-[DOT] Node: '.'
                   |     |  |  +-[DOT] Node: '.'
                   |     |  |  |  +-[DOT] Node: '.'
                   |     |  |  |  |  +-[IDENT] Node: 'org'
                   |     |  |  |  |  \-[IDENT] Node: 'hibernate'
                   |     |  |  |  \-[IDENT] Node: 'test'
                   |     |  |  \-[IDENT] Node: 'filter'
                   |     |  \-[IDENT] Node: 'Salesperson'
                   |     \-[ALIAS] Node: 'sp'
                   \-[SELECT] Node: 'select'
                      \-[DOT] Node: '.'
                         +-[IDENT] Node: 'sp'
                         \-[IDENT] Node: 'name'

14:12:28,587 DEBUG ErrorCounter:82 - throwQueryException() : no errors
14:12:28,587 DEBUG FromElement:157 - FromClause{level=1} : org.hibernate.test.filter.Order (o) -> order0_
14:12:28,588  WARN HqlSqlWalker:929 - [DEPRECATION] Encountered positional parameter near line 1, column 46.  Positional parameter are considered deprecated; use named parameters or JPA-style positional parameters instead.
14:12:28,588 DEBUG FromElement:157 - FromClause{level=2} : org.hibernate.test.filter.Salesperson (sp) -> salesperso1_
14:12:28,588 DEBUG FromReferenceNode:74 - Resolved : sp -> salesperso1_.SALES_PERSON_ID
14:12:28,589 DEBUG DotNode:599 - getDataType() : name -> org.hibernate.type.StringType@2dc8de40
14:12:28,589 DEBUG FromReferenceNode:74 - Resolved : sp.name -> salesperso1_.NAME
14:12:28,589 DEBUG HqlSqlWalker:629 - processQuery() :  ( SELECT ( {select clause} ( salesperso1_.NAME salesperso1_.SALES_PERSON_ID name ) ) ( FromClause{level=2} SALES_PERSON salesperso1_ ) )
14:12:28,589 DEBUG JoinProcessor:175 - Using FROM fragment [SALES_PERSON salesperso1_]
14:12:28,597 DEBUG HqlSqlWalker:629 - processQuery() :  ( SELECT ( FromClause{level=1} T_ORDER order0_ ) ( where ( in ? ( inList ( SELECT ( {select clause} ( salesperso1_.NAME salesperso1_.SALES_PERSON_ID name ) ) ( FromClause{level=2} SALES_PERSON salesperso1_ ) ) ) ) ) )
14:12:28,597 DEBUG HqlSqlWalker:869 - Derived SELECT clause created.
14:12:28,597 DEBUG JoinProcessor:175 - Using FROM fragment [T_ORDER order0_]
14:12:28,597 DEBUG SyntheticAndFactory:92 - Using unprocessed WHERE-fragment [order0_."close dt" < :fulfilledOrders.asOfDate]
14:12:28,597 DEBUG SyntheticAndFactory:124 - Using processed WHERE-fragment [order0_."close dt" < ?]
14:12:28,598 DEBUG QueryTranslatorImpl:252 - --- SQL AST ---
 \-[SELECT] QueryNode: 'SELECT'  querySpaces (SALES_PERSON,T_ORDER)
    +-[SELECT_CLAUSE] SelectClause: '{derived select clause}'
    |  +-[SELECT_EXPR] SelectExpressionImpl: 'order0_.ORDER_ID as ORDER1_6_' {FromElement{explicit,not a collection join,not a fetch join,fetch non-lazy properties,classAlias=o,role=null,tableName=T_ORDER,tableAlias=order0_,origin=null,columns={,className=org.hibernate.test.filter.Order}}}
    |  \-[SQL_TOKEN] SqlFragment: 'order0_.REG as REG6_, order0_.BUYER as BUYER6_, order0_."ord dt" as ord4_6_, order0_."close dt" as close5_6_, order0_.SALES_PERSON_ID as SALES6_6_'
    +-[FROM] FromClause: 'from' FromClause{level=1, fromElementCounter=1, fromElements=1, fromElementByClassAlias=[o], fromElementByTableAlias=[order0_], fromElementsByPath=[], collectionJoinFromElementsByPath=[], impliedElements=[]}
    |  \-[FROM_FRAGMENT] FromElement: 'T_ORDER order0_' FromElement{explicit,not a collection join,not a fetch join,fetch non-lazy properties,classAlias=o,role=null,tableName=T_ORDER,tableAlias=order0_,origin=null,columns={,className=org.hibernate.test.filter.Order}}
    \-[WHERE] SqlNode: 'where'
       +-[FILTERS] SqlNode: '{filter conditions}'
       |  \-[SQL_TOKEN] SqlFragment: 'order0_."close dt" < ?'
       \-[IN] InLogicOperatorNode: 'in'
          +-[PARAM] ParameterNode: '?' {ordinal=0, expectedType=null}
          \-[IN_LIST] SqlNode: 'inList'
             \-[SELECT] QueryNode: 'SELECT'  querySpaces (SALES_PERSON,T_ORDER)
                +-[SELECT_CLAUSE] SelectClause: '{select clause}'
                |  \-[DOT] DotNode: 'salesperso1_.NAME' {propertyName=name,dereferenceType=ALL,propertyPath=name,path=sp.name,tableAlias=salesperso1_,className=org.hibernate.test.filter.Salesperson,classAlias=sp}
                |     +-[ALIAS_REF] IdentNode: 'salesperso1_.SALES_PERSON_ID' {alias=sp, className=org.hibernate.test.filter.Salesperson, tableAlias=salesperso1_}
                |     \-[IDENT] IdentNode: 'name' {originalText=name}
                \-[FROM] FromClause: 'from' FromClause{level=2, fromElementCounter=1, fromElements=1, fromElementByClassAlias=[sp], fromElementByTableAlias=[salesperso1_], fromElementsByPath=[], collectionJoinFromElementsByPath=[], impliedElements=[]}
                   \-[FROM_FRAGMENT] FromElement: 'SALES_PERSON salesperso1_' FromElement{explicit,not a collection join,not a fetch join,fetch non-lazy properties,classAlias=sp,role=null,tableName=SALES_PERSON,tableAlias=salesperso1_,origin=null,columns={,className=org.hibernate.test.filter.Salesperson}}

14:12:28,598 DEBUG ErrorCounter:82 - throwQueryException() : no errors
14:12:28,598 DEBUG QueryTranslatorImpl:235 - HQL: from org.hibernate.test.filter.Order o where ? in ( select sp.name from org.hibernate.test.filter.Salesperson sp )
14:12:28,598 DEBUG QueryTranslatorImpl:236 - SQL: select order0_.ORDER_ID as ORDER1_6_, order0_.REG as REG6_, order0_.BUYER as BUYER6_, order0_."ord dt" as ord4_6_, order0_."close dt" as close5_6_, order0_.SALES_PERSON_ID as SALES6_6_ from T_ORDER order0_ where order0_."close dt" < ? and (? in (select salesperso1_.NAME from SALES_PERSON salesperso1_))
14:12:28,598 DEBUG ErrorCounter:82 - throwQueryException() : no errors
14:12:28,599 DEBUG SQL:104 - 
    select
        order0_.ORDER_ID as ORDER1_6_,
        order0_.REG as REG6_,
        order0_.BUYER as BUYER6_,
        order0_."ord dt" as ord4_6_,
        order0_."close dt" as close5_6_,
        order0_.SALES_PERSON_ID as SALES6_6_ 
    from
        T_ORDER order0_ 
    where
        order0_."close dt" < ? 
        and (
            ? in (
                select
                    salesperso1_.NAME 
                from
                    SALES_PERSON salesperso1_
            )
        )
14:12:28,600 DEBUG QueryTranslatorImpl:265 - parse() - HQL: from org.hibernate.test.filter.Order o where ? in ( select sp.name from org.hibernate.test.filter.Salesperson sp )
14:12:28,600 DEBUG HqlParser:347 - weakKeywords() : new LT(1) token - ["Order",<108> previously: <41>,line=1,col=32,possibleID=true]
14:12:28,601 DEBUG QueryTranslatorImpl:283 - --- HQL AST ---
 \-[QUERY] Node: 'query'
    +-[SELECT_FROM] Node: 'SELECT_FROM'
    |  \-[FROM] Node: 'from'
    |     \-[RANGE] Node: 'RANGE'
    |        +-[DOT] Node: '.'
    |        |  +-[DOT] Node: '.'
    |        |  |  +-[DOT] Node: '.'
    |        |  |  |  +-[DOT] Node: '.'
    |        |  |  |  |  +-[IDENT] Node: 'org'
    |        |  |  |  |  \-[IDENT] Node: 'hibernate'
    |        |  |  |  \-[IDENT] Node: 'test'
    |        |  |  \-[IDENT] Node: 'filter'
    |        |  \-[IDENT] Node: 'Order'
    |        \-[ALIAS] Node: 'o'
    \-[WHERE] Node: 'where'
       \-[IN] Node: 'in'
          +-[PARAM] Node: '?'
          \-[IN_LIST] Node: 'inList'
             \-[QUERY] Node: 'query'
                \-[SELECT_FROM] Node: 'SELECT_FROM'
                   +-[FROM] Node: 'from'
                   |  \-[RANGE] Node: 'RANGE'
                   |     +-[DOT] Node: '.'
                   |     |  +-[DOT] Node: '.'
                   |     |  |  +-[DOT] Node: '.'
                   |     |  |  |  +-[DOT] Node: '.'
                   |     |  |  |  |  +-[IDENT] Node: 'org'
                   |     |  |  |  |  \-[IDENT] Node: 'hibernate'
                   |     |  |  |  \-[IDENT] Node: 'test'
                   |     |  |  \-[IDENT] Node: 'filter'
                   |     |  \-[IDENT] Node: 'Salesperson'
                   |     \-[ALIAS] Node: 'sp'
                   \-[SELECT] Node: 'select'
                      \-[DOT] Node: '.'
                         +-[IDENT] Node: 'sp'
                         \-[IDENT] Node: 'name'

14:12:28,620 DEBUG ErrorCounter:82 - throwQueryException() : no errors
14:12:28,620 DEBUG FromElement:157 - FromClause{level=1} : org.hibernate.test.filter.Order (o) -> order0_
14:12:28,620  WARN HqlSqlWalker:929 - [DEPRECATION] Encountered positional parameter near line 1, column 46.  Positional parameter are considered deprecated; use named parameters or JPA-style positional parameters instead.
14:12:28,620 DEBUG FromElement:157 - FromClause{level=2} : org.hibernate.test.filter.Salesperson (sp) -> salesperso1_
14:12:28,621 DEBUG FromReferenceNode:74 - Resolved : sp -> salesperso1_.SALES_PERSON_ID
14:12:28,621 DEBUG DotNode:599 - getDataType() : name -> org.hibernate.type.StringType@2dc8de40
14:12:28,621 DEBUG FromReferenceNode:74 - Resolved : sp.name -> salesperso1_.NAME
14:12:28,621 DEBUG HqlSqlWalker:629 - processQuery() :  ( SELECT ( {select clause} ( salesperso1_.NAME salesperso1_.SALES_PERSON_ID name ) ) ( FromClause{level=2} SALES_PERSON salesperso1_ ) )
14:12:28,621 DEBUG JoinProcessor:175 - Using FROM fragment [SALES_PERSON salesperso1_]
14:12:28,621 DEBUG SyntheticAndFactory:92 - Using unprocessed WHERE-fragment [salesperso1_.REG IN (:regionlist.regions)]
14:12:28,629 DEBUG SyntheticAndFactory:124 - Using processed WHERE-fragment [salesperso1_.REG IN (?)]
14:12:28,630 DEBUG QueryNode:73 - getWhereClause() : Creating a new WHERE clause...
14:12:28,630 DEBUG HqlSqlWalker:629 - processQuery() :  ( SELECT ( FromClause{level=1} T_ORDER order0_ ) ( where ( in ? ( inList ( SELECT ( {select clause} ( salesperso1_.NAME salesperso1_.SALES_PERSON_ID name ) ) ( FromClause{level=2} SALES_PERSON salesperso1_ ) ( WHERE ( {filter conditions} salesperso1_.REG IN (?) ) ) ) ) ) ) )
14:12:28,630 DEBUG HqlSqlWalker:869 - Derived SELECT clause created.
14:12:28,630 DEBUG JoinProcessor:175 - Using FROM fragment [T_ORDER order0_]
14:12:28,630 DEBUG SyntheticAndFactory:92 - Using unprocessed WHERE-fragment [order0_."close dt" < :fulfilledOrders.asOfDate]
14:12:28,630 DEBUG SyntheticAndFactory:124 - Using processed WHERE-fragment [order0_."close dt" < ?]
14:12:28,631 DEBUG QueryTranslatorImpl:252 - --- SQL AST ---
 \-[SELECT] QueryNode: 'SELECT'  querySpaces (SALES_PERSON,T_ORDER)
    +-[SELECT_CLAUSE] SelectClause: '{derived select clause}'
    |  +-[SELECT_EXPR] SelectExpressionImpl: 'order0_.ORDER_ID as ORDER1_6_' {FromElement{explicit,not a collection join,not a fetch join,fetch non-lazy properties,classAlias=o,role=null,tableName=T_ORDER,tableAlias=order0_,origin=null,columns={,className=org.hibernate.test.filter.Order}}}
    |  \-[SQL_TOKEN] SqlFragment: 'order0_.REG as REG6_, order0_.BUYER as BUYER6_, order0_."ord dt" as ord4_6_, order0_."close dt" as close5_6_, order0_.SALES_PERSON_ID as SALES6_6_'
    +-[FROM] FromClause: 'from' FromClause{level=1, fromElementCounter=1, fromElements=1, fromElementByClassAlias=[o], fromElementByTableAlias=[order0_], fromElementsByPath=[], collectionJoinFromElementsByPath=[], impliedElements=[]}
    |  \-[FROM_FRAGMENT] FromElement: 'T_ORDER order0_' FromElement{explicit,not a collection join,not a fetch join,fetch non-lazy properties,classAlias=o,role=null,tableName=T_ORDER,tableAlias=order0_,origin=null,columns={,className=org.hibernate.test.filter.Order}}
    \-[WHERE] SqlNode: 'where'
       +-[FILTERS] SqlNode: '{filter conditions}'
       |  \-[SQL_TOKEN] SqlFragment: 'order0_."close dt" < ?'
       \-[IN] InLogicOperatorNode: 'in'
          +-[PARAM] ParameterNode: '?' {ordinal=0, expectedType=null}
          \-[IN_LIST] SqlNode: 'inList'
             \-[SELECT] QueryNode: 'SELECT'  querySpaces (SALES_PERSON,T_ORDER)
                +-[SELECT_CLAUSE] SelectClause: '{select clause}'
                |  \-[DOT] DotNode: 'salesperso1_.NAME' {propertyName=name,dereferenceType=ALL,propertyPath=name,path=sp.name,tableAlias=salesperso1_,className=org.hibernate.test.filter.Salesperson,classAlias=sp}
                |     +-[ALIAS_REF] IdentNode: 'salesperso1_.SALES_PERSON_ID' {alias=sp, className=org.hibernate.test.filter.Salesperson, tableAlias=salesperso1_}
                |     \-[IDENT] IdentNode: 'name' {originalText=name}
                +-[FROM] FromClause: 'from' FromClause{level=2, fromElementCounter=1, fromElements=1, fromElementByClassAlias=[sp], fromElementByTableAlias=[salesperso1_], fromElementsByPath=[], collectionJoinFromElementsByPath=[], impliedElements=[]}
                |  \-[FROM_FRAGMENT] FromElement: 'SALES_PERSON salesperso1_' FromElement{explicit,not a collection join,not a fetch join,fetch non-lazy properties,classAlias=sp,role=null,tableName=SALES_PERSON,tableAlias=salesperso1_,origin=null,columns={,className=org.hibernate.test.filter.Salesperson}}
                \-[WHERE] SqlNode: 'WHERE'
                   \-[FILTERS] SqlNode: '{filter conditions}'
                      \-[SQL_TOKEN] SqlFragment: 'salesperso1_.REG IN (?)'

14:12:28,639 DEBUG ErrorCounter:82 - throwQueryException() : no errors
14:12:28,646 DEBUG QueryTranslatorImpl:235 - HQL: from org.hibernate.test.filter.Order o where ? in ( select sp.name from org.hibernate.test.filter.Salesperson sp )
14:12:28,646 DEBUG QueryTranslatorImpl:236 - SQL: select order0_.ORDER_ID as ORDER1_6_, order0_.REG as REG6_, order0_.BUYER as BUYER6_, order0_."ord dt" as ord4_6_, order0_."close dt" as close5_6_, order0_.SALES_PERSON_ID as SALES6_6_ from T_ORDER order0_ where order0_."close dt" < ? and (? in (select salesperso1_.NAME from SALES_PERSON salesperso1_ where salesperso1_.REG IN (?)))
14:12:28,646 DEBUG ErrorCounter:82 - throwQueryException() : no errors
14:12:28,646 DEBUG SQL:104 - 
    select
        order0_.ORDER_ID as ORDER1_6_,
        order0_.REG as REG6_,
        order0_.BUYER as BUYER6_,
        order0_."ord dt" as ord4_6_,
        order0_."close dt" as close5_6_,
        order0_.SALES_PERSON_ID as SALES6_6_ 
    from
        T_ORDER order0_ 
    where
        order0_."close dt" < ? 
        and (
            ? in (
                select
                    salesperso1_.NAME 
                from
                    SALES_PERSON salesperso1_ 
                where
                    salesperso1_.REG IN (
                        ?
                    )
            )
        )
14:12:28,655 DEBUG SQL:104 - 
    select
        order0_.ORDER_ID as ORDER1_6_,
        order0_.REG as REG6_,
        order0_.BUYER as BUYER6_,
        order0_."ord dt" as ord4_6_,
        order0_."close dt" as close5_6_,
        order0_.SALES_PERSON_ID as SALES6_6_ 
    from
        T_ORDER order0_ 
    where
        order0_."close dt" < ? 
        and (
            ? in (
                select
                    salesperso1_.NAME 
                from
                    SALES_PERSON salesperso1_ 
                where
                    salesperso1_.REG IN (
                        ?
                    )
            )
        )
14:12:28,657 DEBUG SQL:104 - 
    update
        SALES_PERSON 
    set
        NAME=?,
        REG=?,
        DEPT_ID=?,
        "hire dt"=? 
    where
        SALES_PERSON_ID=?
14:12:28,666 DEBUG BaseGeneralDataRegion:69 - Evicting[hibernate.test.org.hibernate.test.filter.Salesperson]: org.hibernate.test.filter.Salesperson#11
14:12:28,666 DEBUG BaseGeneralDataRegion:59 - Caching[hibernate.test.org.hibernate.cache.spi.UpdateTimestampsCache] : [SALES_PERSON] -> [5579089545895936]
14:12:28,666 DEBUG SQL:104 - 
    update
        SALES_PERSON 
    set
        NAME=?,
        REG=?,
        DEPT_ID=?,
        "hire dt"=? 
    where
        SALES_PERSON_ID=?
14:12:28,667 DEBUG BaseGeneralDataRegion:69 - Evicting[hibernate.test.org.hibernate.test.filter.Salesperson]: org.hibernate.test.filter.Salesperson#12
14:12:28,667 DEBUG BaseGeneralDataRegion:59 - Caching[hibernate.test.org.hibernate.cache.spi.UpdateTimestampsCache] : [SALES_PERSON] -> [5579089545900032]
14:12:28,667 DEBUG SQL:104 - 
    update
        T_ORDER 
    set
        REG=?,
        BUYER=?,
        "ord dt"=?,
        "close dt"=?,
        SALES_PERSON_ID=? 
    where
        ORDER_ID=?
14:12:28,667 DEBUG BaseGeneralDataRegion:69 - Evicting[hibernate.test.org.hibernate.test.filter.Order]: org.hibernate.test.filter.Order#11
14:12:28,667 DEBUG BaseGeneralDataRegion:59 - Caching[hibernate.test.org.hibernate.cache.spi.UpdateTimestampsCache] : [T_ORDER] -> [5579089545900033]
14:12:28,667 DEBUG SQL:104 - 
    update
        ORDER_ITEM 
    set
        ORDER_ID=?,
        SEQ=?,
        PRODUCT_ID=?,
        AMT=? 
    where
        ITEM_ID=?
14:12:28,668 DEBUG BaseGeneralDataRegion:69 - Evicting[hibernate.test.org.hibernate.test.filter.LineItem]: org.hibernate.test.filter.LineItem#11
14:12:28,668 DEBUG BaseGeneralDataRegion:59 - Caching[hibernate.test.org.hibernate.cache.spi.UpdateTimestampsCache] : [ORDER_ITEM] -> [5579089545904128]
14:12:28,668 DEBUG SQL:104 - 
    update
        T_ORDER 
    set
        REG=?,
        BUYER=?,
        "ord dt"=?,
        "close dt"=?,
        SALES_PERSON_ID=? 
    where
        ORDER_ID=?
14:12:28,668 DEBUG BaseGeneralDataRegion:69 - Evicting[hibernate.test.org.hibernate.test.filter.Order]: org.hibernate.test.filter.Order#12
14:12:28,668 DEBUG BaseGeneralDataRegion:59 - Caching[hibernate.test.org.hibernate.cache.spi.UpdateTimestampsCache] : [T_ORDER] -> [5579089545904129]
14:12:28,668 DEBUG SQL:104 - 
    update
        ORDER_ITEM 
    set
        ORDER_ID=?,
        SEQ=?,
        PRODUCT_ID=?,
        AMT=? 
    where
        ITEM_ID=?
14:12:28,679 DEBUG BaseGeneralDataRegion:69 - Evicting[hibernate.test.org.hibernate.test.filter.LineItem]: org.hibernate.test.filter.LineItem#12
14:12:28,679 DEBUG BaseGeneralDataRegion:59 - Caching[hibernate.test.org.hibernate.cache.spi.UpdateTimestampsCache] : [ORDER_ITEM] -> [5579089545949184]
14:12:28,680 DEBUG BaseGeneralDataRegion:69 - Evicting[hibernate.test.org.hibernate.test.filter.Product.orderLineItems]: org.hibernate.test.filter.Product.orderLineItems#16
14:12:28,680 DEBUG BaseGeneralDataRegion:59 - Caching[hibernate.test.org.hibernate.cache.spi.UpdateTimestampsCache] : [ORDER_ITEM] -> [5579089545953280]
14:12:28,680 DEBUG BaseGeneralDataRegion:69 - Evicting[hibernate.test.org.hibernate.test.filter.Product.orderLineItems]: org.hibernate.test.filter.Product.orderLineItems#17
14:12:28,680 DEBUG BaseGeneralDataRegion:59 - Caching[hibernate.test.org.hibernate.cache.spi.UpdateTimestampsCache] : [ORDER_ITEM] -> [5579089545953281]
14:12:28,680 DEBUG BaseGeneralDataRegion:69 - Evicting[hibernate.test.org.hibernate.test.filter.Product.orderLineItems]: org.hibernate.test.filter.Product.orderLineItems#18
14:12:28,680 DEBUG BaseGeneralDataRegion:59 - Caching[hibernate.test.org.hibernate.cache.spi.UpdateTimestampsCache] : [ORDER_ITEM] -> [5579089545953282]
14:12:28,680 DEBUG SQL:104 - 
    delete 
    from
        PROD_CAT 
    where
        PROD_ID=?
14:12:28,680 DEBUG BaseGeneralDataRegion:69 - Evicting[hibernate.test.org.hibernate.test.filter.Product.categories]: org.hibernate.test.filter.Product.categories#18
14:12:28,680 DEBUG BaseGeneralDataRegion:59 - Caching[hibernate.test.org.hibernate.cache.spi.UpdateTimestampsCache] : [PROD_CAT] -> [5579089545953283]
14:12:28,681 DEBUG BaseGeneralDataRegion:69 - Evicting[hibernate.test.org.hibernate.test.filter.Department.salespersons]: org.hibernate.test.filter.Department.salespersons#6
14:12:28,681 DEBUG BaseGeneralDataRegion:59 - Caching[hibernate.test.org.hibernate.cache.spi.UpdateTimestampsCache] : [SALES_PERSON] -> [5579089545957376]
14:12:28,681 DEBUG BaseGeneralDataRegion:69 - Evicting[hibernate.test.org.hibernate.test.filter.Salesperson.orders]: org.hibernate.test.filter.Salesperson.orders#11
14:12:28,681 DEBUG BaseGeneralDataRegion:59 - Caching[hibernate.test.org.hibernate.cache.spi.UpdateTimestampsCache] : [T_ORDER] -> [5579089545957377]
14:12:28,681 DEBUG BaseGeneralDataRegion:69 - Evicting[hibernate.test.org.hibernate.test.filter.Salesperson.orders]: org.hibernate.test.filter.Salesperson.orders#12
14:12:28,681 DEBUG BaseGeneralDataRegion:59 - Caching[hibernate.test.org.hibernate.cache.spi.UpdateTimestampsCache] : [T_ORDER] -> [5579089545957378]
14:12:28,681 DEBUG SQL:104 - 
    delete 
    from
        PROD_CAT 
    where
        PROD_ID=?
14:12:28,689 DEBUG BaseGeneralDataRegion:69 - Evicting[hibernate.test.org.hibernate.test.filter.Product.categories]: org.hibernate.test.filter.Product.categories#16
14:12:28,689 DEBUG BaseGeneralDataRegion:59 - Caching[hibernate.test.org.hibernate.cache.spi.UpdateTimestampsCache] : [PROD_CAT] -> [5579089545990144]
14:12:28,690 DEBUG BaseGeneralDataRegion:69 - Evicting[hibernate.test.org.hibernate.test.filter.Category.products]: org.hibernate.test.filter.Category.products#16
14:12:28,690 DEBUG BaseGeneralDataRegion:59 - Caching[hibernate.test.org.hibernate.cache.spi.UpdateTimestampsCache] : [PROD_CAT] -> [5579089545994240]
14:12:28,690 DEBUG BaseGeneralDataRegion:69 - Evicting[hibernate.test.org.hibernate.test.filter.Category.products]: org.hibernate.test.filter.Category.products#17
14:12:28,690 DEBUG BaseGeneralDataRegion:59 - Caching[hibernate.test.org.hibernate.cache.spi.UpdateTimestampsCache] : [PROD_CAT] -> [5579089545994241]
14:12:28,690 DEBUG BaseGeneralDataRegion:69 - Evicting[hibernate.test.org.hibernate.test.filter.Order.lineItems]: org.hibernate.test.filter.Order.lineItems#11
14:12:28,690 DEBUG BaseGeneralDataRegion:59 - Caching[hibernate.test.org.hibernate.cache.spi.UpdateTimestampsCache] : [ORDER_ITEM] -> [5579089545994242]
14:12:28,690 DEBUG SQL:104 - 
    delete 
    from
        PROD_CAT 
    where
        PROD_ID=?
14:12:28,690 DEBUG BaseGeneralDataRegion:69 - Evicting[hibernate.test.org.hibernate.test.filter.Product.categories]: org.hibernate.test.filter.Product.categories#17
14:12:28,691 DEBUG BaseGeneralDataRegion:59 - Caching[hibernate.test.org.hibernate.cache.spi.UpdateTimestampsCache] : [PROD_CAT] -> [5579089545998336]
14:12:28,691 DEBUG BaseGeneralDataRegion:69 - Evicting[hibernate.test.org.hibernate.test.filter.Category.products]: org.hibernate.test.filter.Category.products#18
14:12:28,691 DEBUG BaseGeneralDataRegion:59 - Caching[hibernate.test.org.hibernate.cache.spi.UpdateTimestampsCache] : [PROD_CAT] -> [5579089545998337]
14:12:28,691 DEBUG BaseGeneralDataRegion:69 - Evicting[hibernate.test.org.hibernate.test.filter.Order.lineItems]: org.hibernate.test.filter.Order.lineItems#12
14:12:28,691 DEBUG BaseGeneralDataRegion:59 - Caching[hibernate.test.org.hibernate.cache.spi.UpdateTimestampsCache] : [ORDER_ITEM] -> [5579089545998338]
14:12:28,691 DEBUG SQL:104 - 
    delete 
    from
        DEPARTMENT 
    where
        DEPT_ID=?
14:12:28,691 DEBUG BaseGeneralDataRegion:69 - Evicting[hibernate.test.org.hibernate.test.filter.Department]: org.hibernate.test.filter.Department#6
14:12:28,692 DEBUG BaseGeneralDataRegion:59 - Caching[hibernate.test.org.hibernate.cache.spi.UpdateTimestampsCache] : [DEPARTMENT] -> [5579089546002432]
14:12:28,692 DEBUG SQL:104 - 
    delete 
    from
        SALES_PERSON 
    where
        SALES_PERSON_ID=?
14:12:28,692 DEBUG BaseGeneralDataRegion:69 - Evicting[hibernate.test.org.hibernate.test.filter.Salesperson]: org.hibernate.test.filter.Salesperson#11
14:12:28,692 DEBUG BaseGeneralDataRegion:59 - Caching[hibernate.test.org.hibernate.cache.spi.UpdateTimestampsCache] : [SALES_PERSON] -> [5579089546002433]
14:12:28,692 DEBUG SQL:104 - 
    delete 
    from
        SALES_PERSON 
    where
        SALES_PERSON_ID=?
14:12:28,713 DEBUG BaseGeneralDataRegion:69 - Evicting[hibernate.test.org.hibernate.test.filter.Salesperson]: org.hibernate.test.filter.Salesperson#12
14:12:28,713 DEBUG BaseGeneralDataRegion:59 - Caching[hibernate.test.org.hibernate.cache.spi.UpdateTimestampsCache] : [SALES_PERSON] -> [5579089546088448]
14:12:28,713 DEBUG SQL:104 - 
    delete 
    from
        CATEGORY 
    where
        CAT_ID=?
14:12:28,714 DEBUG BaseGeneralDataRegion:69 - Evicting[hibernate.test.org.hibernate.test.filter.Category]: org.hibernate.test.filter.Category#16
14:12:28,714 DEBUG BaseGeneralDataRegion:59 - Caching[hibernate.test.org.hibernate.cache.spi.UpdateTimestampsCache] : [CATEGORY] -> [5579089546092544]
14:12:28,714 DEBUG SQL:104 - 
    delete 
    from
        CATEGORY 
    where
        CAT_ID=?
14:12:28,714 DEBUG BaseGeneralDataRegion:69 - Evicting[hibernate.test.org.hibernate.test.filter.Category]: org.hibernate.test.filter.Category#17
14:12:28,714 DEBUG BaseGeneralDataRegion:59 - Caching[hibernate.test.org.hibernate.cache.spi.UpdateTimestampsCache] : [CATEGORY] -> [5579089546092545]
14:12:28,714 DEBUG SQL:104 - 
    delete 
    from
        PRODUCT 
    where
        PROD_ID=?
14:12:28,714 DEBUG BaseGeneralDataRegion:69 - Evicting[hibernate.test.org.hibernate.test.filter.Product]: org.hibernate.test.filter.Product#16
14:12:28,722 DEBUG BaseGeneralDataRegion:59 - Caching[hibernate.test.org.hibernate.cache.spi.UpdateTimestampsCache] : [PRODUCT] -> [5579089546125312]
14:12:28,723 DEBUG SQL:104 - 
    delete 
    from
        ORDER_ITEM 
    where
        ITEM_ID=?
14:12:28,723 DEBUG BaseGeneralDataRegion:69 - Evicting[hibernate.test.org.hibernate.test.filter.LineItem]: org.hibernate.test.filter.LineItem#11
14:12:28,723 DEBUG BaseGeneralDataRegion:59 - Caching[hibernate.test.org.hibernate.cache.spi.UpdateTimestampsCache] : [ORDER_ITEM] -> [5579089546129408]
14:12:28,724 DEBUG SQL:104 - 
    delete 
    from
        T_ORDER 
    where
        ORDER_ID=?
14:12:28,724 DEBUG BaseGeneralDataRegion:69 - Evicting[hibernate.test.org.hibernate.test.filter.Order]: org.hibernate.test.filter.Order#11
14:12:28,724 DEBUG BaseGeneralDataRegion:59 - Caching[hibernate.test.org.hibernate.cache.spi.UpdateTimestampsCache] : [T_ORDER] -> [5579089546133504]
14:12:28,724 DEBUG SQL:104 - 
    delete 
    from
        CATEGORY 
    where
        CAT_ID=?
14:12:28,724 DEBUG BaseGeneralDataRegion:69 - Evicting[hibernate.test.org.hibernate.test.filter.Category]: org.hibernate.test.filter.Category#18
14:12:28,724 DEBUG BaseGeneralDataRegion:59 - Caching[hibernate.test.org.hibernate.cache.spi.UpdateTimestampsCache] : [CATEGORY] -> [5579089546133505]
14:12:28,724 DEBUG SQL:104 - 
    delete 
    from
        PRODUCT 
    where
        PROD_ID=?
14:12:28,733 DEBUG BaseGeneralDataRegion:69 - Evicting[hibernate.test.org.hibernate.test.filter.Product]: org.hibernate.test.filter.Product#17
14:12:28,733 DEBUG BaseGeneralDataRegion:59 - Caching[hibernate.test.org.hibernate.cache.spi.UpdateTimestampsCache] : [PRODUCT] -> [5579089546170368]
14:12:28,734 DEBUG SQL:104 - 
    delete 
    from
        PRODUCT 
    where
        PROD_ID=?
14:12:28,734 DEBUG BaseGeneralDataRegion:69 - Evicting[hibernate.test.org.hibernate.test.filter.Product]: org.hibernate.test.filter.Product#18
14:12:28,734 DEBUG BaseGeneralDataRegion:59 - Caching[hibernate.test.org.hibernate.cache.spi.UpdateTimestampsCache] : [PRODUCT] -> [5579089546174464]
14:12:28,734 DEBUG SQL:104 - 
    delete 
    from
        ORDER_ITEM 
    where
        ITEM_ID=?
14:12:28,734 DEBUG BaseGeneralDataRegion:69 - Evicting[hibernate.test.org.hibernate.test.filter.LineItem]: org.hibernate.test.filter.LineItem#12
14:12:28,734 DEBUG BaseGeneralDataRegion:59 - Caching[hibernate.test.org.hibernate.cache.spi.UpdateTimestampsCache] : [ORDER_ITEM] -> [5579089546174465]
14:12:28,734 DEBUG SQL:104 - 
    delete 
    from
        T_ORDER 
    where
        ORDER_ID=?
14:12:28,735 DEBUG BaseGeneralDataRegion:69 - Evicting[hibernate.test.org.hibernate.test.filter.Order]: org.hibernate.test.filter.Order#12
14:12:28,735 DEBUG BaseGeneralDataRegion:59 - Caching[hibernate.test.org.hibernate.cache.spi.UpdateTimestampsCache] : [T_ORDER] -> [5579089546178560]
14:12:28,735 DEBUG BaseGeneralDataRegion:69 - Evicting[hibernate.test.org.hibernate.test.filter.Salesperson]: org.hibernate.test.filter.Salesperson#11
14:12:28,735 DEBUG BaseGeneralDataRegion:69 - Evicting[hibernate.test.org.hibernate.test.filter.Salesperson]: org.hibernate.test.filter.Salesperson#12
14:12:28,744 DEBUG BaseGeneralDataRegion:69 - Evicting[hibernate.test.org.hibernate.test.filter.Order]: org.hibernate.test.filter.Order#11
14:12:28,744 DEBUG BaseGeneralDataRegion:69 - Evicting[hibernate.test.org.hibernate.test.filter.LineItem]: org.hibernate.test.filter.LineItem#11
14:12:28,744 DEBUG BaseGeneralDataRegion:69 - Evicting[hibernate.test.org.hibernate.test.filter.Order]: org.hibernate.test.filter.Order#12
14:12:28,744 DEBUG BaseGeneralDataRegion:69 - Evicting[hibernate.test.org.hibernate.test.filter.LineItem]: org.hibernate.test.filter.LineItem#12
14:12:28,744 DEBUG BaseGeneralDataRegion:69 - Evicting[hibernate.test.org.hibernate.test.filter.Product.orderLineItems]: org.hibernate.test.filter.Product.orderLineItems#16
14:12:28,744 DEBUG BaseGeneralDataRegion:69 - Evicting[hibernate.test.org.hibernate.test.filter.Product.orderLineItems]: org.hibernate.test.filter.Product.orderLineItems#17
14:12:28,744 DEBUG BaseGeneralDataRegion:69 - Evicting[hibernate.test.org.hibernate.test.filter.Product.orderLineItems]: org.hibernate.test.filter.Product.orderLineItems#18
14:12:28,744 DEBUG BaseGeneralDataRegion:69 - Evicting[hibernate.test.org.hibernate.test.filter.Product.categories]: org.hibernate.test.filter.Product.categories#18
14:12:28,744 DEBUG BaseGeneralDataRegion:69 - Evicting[hibernate.test.org.hibernate.test.filter.Department.salespersons]: org.hibernate.test.filter.Department.salespersons#6
14:12:28,745 DEBUG BaseGeneralDataRegion:69 - Evicting[hibernate.test.org.hibernate.test.filter.Salesperson.orders]: org.hibernate.test.filter.Salesperson.orders#11
14:12:28,745 DEBUG BaseGeneralDataRegion:69 - Evicting[hibernate.test.org.hibernate.test.filter.Salesperson.orders]: org.hibernate.test.filter.Salesperson.orders#12
14:12:28,745 DEBUG BaseGeneralDataRegion:69 - Evicting[hibernate.test.org.hibernate.test.filter.Product.categories]: org.hibernate.test.filter.Product.categories#16
14:12:28,745 DEBUG BaseGeneralDataRegion:69 - Evicting[hibernate.test.org.hibernate.test.filter.Category.products]: org.hibernate.test.filter.Category.products#16
14:12:28,745 DEBUG BaseGeneralDataRegion:69 - Evicting[hibernate.test.org.hibernate.test.filter.Category.products]: org.hibernate.test.filter.Category.products#17
14:12:28,745 DEBUG BaseGeneralDataRegion:69 - Evicting[hibernate.test.org.hibernate.test.filter.Order.lineItems]: org.hibernate.test.filter.Order.lineItems#11
14:12:28,745 DEBUG BaseGeneralDataRegion:69 - Evicting[hibernate.test.org.hibernate.test.filter.Product.categories]: org.hibernate.test.filter.Product.categories#17
14:12:28,745 DEBUG BaseGeneralDataRegion:69 - Evicting[hibernate.test.org.hibernate.test.filter.Category.products]: org.hibernate.test.filter.Category.products#18
14:12:28,745 DEBUG BaseGeneralDataRegion:69 - Evicting[hibernate.test.org.hibernate.test.filter.Order.lineItems]: org.hibernate.test.filter.Order.lineItems#12
14:12:28,745 DEBUG BaseGeneralDataRegion:69 - Evicting[hibernate.test.org.hibernate.test.filter.Department]: org.hibernate.test.filter.Department#6
14:12:28,746 DEBUG BaseGeneralDataRegion:69 - Evicting[hibernate.test.org.hibernate.test.filter.Salesperson]: org.hibernate.test.filter.Salesperson#11
14:12:28,746 DEBUG BaseGeneralDataRegion:69 - Evicting[hibernate.test.org.hibernate.test.filter.Salesperson]: org.hibernate.test.filter.Salesperson#12
14:12:28,746 DEBUG BaseGeneralDataRegion:69 - Evicting[hibernate.test.org.hibernate.test.filter.Category]: org.hibernate.test.filter.Category#16
14:12:28,746 DEBUG BaseGeneralDataRegion:69 - Evicting[hibernate.test.org.hibernate.test.filter.Category]: org.hibernate.test.filter.Category#17
14:12:28,746 DEBUG BaseGeneralDataRegion:69 - Evicting[hibernate.test.org.hibernate.test.filter.Product]: org.hibernate.test.filter.Product#16
14:12:28,746 DEBUG BaseGeneralDataRegion:69 - Evicting[hibernate.test.org.hibernate.test.filter.LineItem]: org.hibernate.test.filter.LineItem#11
14:12:28,746 DEBUG BaseGeneralDataRegion:69 - Evicting[hibernate.test.org.hibernate.test.filter.Order]: org.hibernate.test.filter.Order#11
14:12:28,746 DEBUG BaseGeneralDataRegion:69 - Evicting[hibernate.test.org.hibernate.test.filter.Category]: org.hibernate.test.filter.Category#18
14:12:28,746 DEBUG BaseGeneralDataRegion:69 - Evicting[hibernate.test.org.hibernate.test.filter.Product]: org.hibernate.test.filter.Product#17
14:12:28,746 DEBUG BaseGeneralDataRegion:69 - Evicting[hibernate.test.org.hibernate.test.filter.Product]: org.hibernate.test.filter.Product#18
14:12:28,747 DEBUG BaseGeneralDataRegion:69 - Evicting[hibernate.test.org.hibernate.test.filter.LineItem]: org.hibernate.test.filter.LineItem#12
14:12:28,754 DEBUG BaseGeneralDataRegion:69 - Evicting[hibernate.test.org.hibernate.test.filter.Order]: org.hibernate.test.filter.Order#12
14:12:28,754 DEBUG BaseGeneralDataRegion:59 - Caching[hibernate.test.org.hibernate.cache.spi.UpdateTimestampsCache] : [CATEGORY] -> [5579089300496384]
14:12:28,754 DEBUG BaseGeneralDataRegion:59 - Caching[hibernate.test.org.hibernate.cache.spi.UpdateTimestampsCache] : [ORDER_ITEM] -> [5579089300496384]
14:12:28,755 DEBUG BaseGeneralDataRegion:59 - Caching[hibernate.test.org.hibernate.cache.spi.UpdateTimestampsCache] : [SALES_PERSON] -> [5579089300496384]
14:12:28,755 DEBUG BaseGeneralDataRegion:59 - Caching[hibernate.test.org.hibernate.cache.spi.UpdateTimestampsCache] : [T_ORDER] -> [5579089300496384]
14:12:28,755 DEBUG BaseGeneralDataRegion:59 - Caching[hibernate.test.org.hibernate.cache.spi.UpdateTimestampsCache] : [PRODUCT] -> [5579089300496384]
14:12:28,755 DEBUG BaseGeneralDataRegion:59 - Caching[hibernate.test.org.hibernate.cache.spi.UpdateTimestampsCache] : [DEPARTMENT] -> [5579089300496384]
14:12:28,755 DEBUG BaseGeneralDataRegion:59 - Caching[hibernate.test.org.hibernate.cache.spi.UpdateTimestampsCache] : [PROD_CAT] -> [5579089300496384]
14:12:28,755  INFO CustomRunner:139 - Test: testFiltersOnMultiTableHqlDelete
14:12:28,756 DEBUG SQL:104 - 
    insert 
    into
        SALES_PERSON
        (SALES_PERSON_ID, NAME, REG, DEPT_ID, "hire dt") 
    values
        (null, ?, ?, ?, ?)
14:12:28,757 DEBUG BaseGeneralDataRegion:59 - Caching[hibernate.test.org.hibernate.cache.spi.UpdateTimestampsCache] : [SALES_PERSON] -> [5579089546268672]
14:12:28,758 DEBUG SQL:104 - 
    insert 
    into
        SALES_PERSON
        (SALES_PERSON_ID, NAME, REG, DEPT_ID, "hire dt") 
    values
        (null, ?, ?, ?, ?)
14:12:28,758 DEBUG BaseGeneralDataRegion:59 - Caching[hibernate.test.org.hibernate.cache.spi.UpdateTimestampsCache] : [SALES_PERSON] -> [5579089546272768]
14:12:28,764 DEBUG BaseGeneralDataRegion:69 - Evicting[hibernate.test.org.hibernate.test.filter.Salesperson.orders]: org.hibernate.test.filter.Salesperson.orders#13
14:12:28,765 DEBUG BaseGeneralDataRegion:59 - Caching[hibernate.test.org.hibernate.cache.spi.UpdateTimestampsCache] : [T_ORDER] -> [5579089546301440]
14:12:28,765 DEBUG BaseGeneralDataRegion:69 - Evicting[hibernate.test.org.hibernate.test.filter.Salesperson.orders]: org.hibernate.test.filter.Salesperson.orders#14
14:12:28,765 DEBUG BaseGeneralDataRegion:59 - Caching[hibernate.test.org.hibernate.cache.spi.UpdateTimestampsCache] : [T_ORDER] -> [5579089546301441]
14:12:28,765 DEBUG BaseGeneralDataRegion:69 - Evicting[hibernate.test.org.hibernate.test.filter.Salesperson.orders]: org.hibernate.test.filter.Salesperson.orders#13
14:12:28,765 DEBUG BaseGeneralDataRegion:69 - Evicting[hibernate.test.org.hibernate.test.filter.Salesperson.orders]: org.hibernate.test.filter.Salesperson.orders#14
14:12:28,765 DEBUG BaseGeneralDataRegion:59 - Caching[hibernate.test.org.hibernate.cache.spi.UpdateTimestampsCache] : [SALES_PERSON] -> [5579089300541442]
14:12:28,765 DEBUG BaseGeneralDataRegion:59 - Caching[hibernate.test.org.hibernate.cache.spi.UpdateTimestampsCache] : [T_ORDER] -> [5579089300541442]
14:12:28,766 DEBUG QueryTranslatorImpl:265 - parse() - HQL: delete from org.hibernate.test.filter.Salesperson
14:12:28,767 DEBUG QueryTranslatorImpl:283 - --- HQL AST ---
 \-[DELETE] Node: 'delete'
    \-[FROM] Node: 'FROM'
       \-[RANGE] Node: 'RANGE'
          \-[DOT] Node: '.'
             +-[DOT] Node: '.'
             |  +-[DOT] Node: '.'
             |  |  +-[DOT] Node: '.'
             |  |  |  +-[IDENT] Node: 'org'
             |  |  |  \-[IDENT] Node: 'hibernate'
             |  |  \-[IDENT] Node: 'test'
             |  \-[IDENT] Node: 'filter'
             \-[IDENT] Node: 'Salesperson'

14:12:28,767 DEBUG ErrorCounter:82 - throwQueryException() : no errors
14:12:28,767 DEBUG FromElement:157 - FromClause{level=1} : org.hibernate.test.filter.Salesperson (<no alias>) -> salesperso0_
14:12:28,767 DEBUG DeleteStatement:73 - getWhereClause() : Creating a new WHERE clause...
14:12:28,767 DEBUG QueryTranslatorImpl:252 - --- SQL AST ---
 \-[DELETE] DeleteStatement: 'delete'  querySpaces (SALES_PERSON)
    +-[FROM] FromClause: 'FROM' FromClause{level=1, fromElementCounter=1, fromElements=1, fromElementByClassAlias=[], fromElementByTableAlias=[salesperso0_], fromElementsByPath=[], collectionJoinFromElementsByPath=[], impliedElements=[]}
    |  \-[FROM_FRAGMENT] FromElement: 'SALES_PERSON' FromElement{explicit,not a collection join,not a fetch join,fetch non-lazy properties,classAlias=null,role=null,tableName=SALES_PERSON,tableAlias=salesperso0_,origin=null,columns={,className=org.hibernate.test.filter.Salesperson}}
    \-[WHERE] SqlNode: 'WHERE'
       \-[SQL_TOKEN] SqlFragment: 'REG = ?'

14:12:28,775 DEBUG ErrorCounter:82 - throwQueryException() : no errors
14:12:28,776 DEBUG ErrorCounter:82 - throwQueryException() : no errors
14:12:28,776 DEBUG BaseGeneralDataRegion:79 - evict cache[hibernate.test.org.hibernate.test.filter.Salesperson]
14:12:28,776 DEBUG BaseGeneralDataRegion:79 - evict cache[hibernate.test.org.hibernate.test.filter.Department.salespersons]
14:12:28,776 DEBUG BaseGeneralDataRegion:59 - Caching[hibernate.test.org.hibernate.cache.spi.UpdateTimestampsCache] : [SALES_PERSON] -> [5579089546346496]
14:12:28,776 DEBUG SQL:104 - 
    delete 
    from
        SALES_PERSON 
    where
        REG = ?
14:12:28,777 DEBUG BaseGeneralDataRegion:69 - Evicting[hibernate.test.org.hibernate.test.filter.Salesperson.orders]: org.hibernate.test.filter.Salesperson.orders#14
14:12:28,777 DEBUG BaseGeneralDataRegion:59 - Caching[hibernate.test.org.hibernate.cache.spi.UpdateTimestampsCache] : [T_ORDER] -> [5579089546350592]
14:12:28,777 DEBUG SQL:104 - 
    delete 
    from
        SALES_PERSON 
    where
        SALES_PERSON_ID=?
14:12:28,777 DEBUG BaseGeneralDataRegion:69 - Evicting[hibernate.test.org.hibernate.test.filter.Salesperson]: org.hibernate.test.filter.Salesperson#14
14:12:28,777 DEBUG BaseGeneralDataRegion:59 - Caching[hibernate.test.org.hibernate.cache.spi.UpdateTimestampsCache] : [SALES_PERSON] -> [5579089546350593]
14:12:28,778 DEBUG BaseGeneralDataRegion:79 - evict cache[hibernate.test.org.hibernate.test.filter.Salesperson]
14:12:28,778 DEBUG BaseGeneralDataRegion:79 - evict cache[hibernate.test.org.hibernate.test.filter.Department.salespersons]
14:12:28,778 DEBUG BaseGeneralDataRegion:69 - Evicting[hibernate.test.org.hibernate.test.filter.Salesperson.orders]: org.hibernate.test.filter.Salesperson.orders#14
14:12:28,778 DEBUG BaseGeneralDataRegion:69 - Evicting[hibernate.test.org.hibernate.test.filter.Salesperson]: org.hibernate.test.filter.Salesperson#14
14:12:28,786 DEBUG BaseGeneralDataRegion:59 - Caching[hibernate.test.org.hibernate.cache.spi.UpdateTimestampsCache] : [SALES_PERSON] -> [5579089300627456]
14:12:28,786 DEBUG BaseGeneralDataRegion:59 - Caching[hibernate.test.org.hibernate.cache.spi.UpdateTimestampsCache] : [T_ORDER] -> [5579089300627456]
14:12:28,787  INFO CustomRunner:139 - Test: testFiltersOnSimpleHqlDelete
14:12:28,788 DEBUG SQL:104 - 
    insert 
    into
        SALES_PERSON
        (SALES_PERSON_ID, NAME, REG, DEPT_ID, "hire dt") 
    values
        (null, ?, ?, ?, ?)
14:12:28,788 DEBUG BaseGeneralDataRegion:59 - Caching[hibernate.test.org.hibernate.cache.spi.UpdateTimestampsCache] : [SALES_PERSON] -> [5579089546395648]
14:12:28,788 DEBUG SQL:104 - 
    insert 
    into
        SALES_PERSON
        (SALES_PERSON_ID, NAME, REG, DEPT_ID, "hire dt") 
    values
        (null, ?, ?, ?, ?)
14:12:28,789 DEBUG BaseGeneralDataRegion:59 - Caching[hibernate.test.org.hibernate.cache.spi.UpdateTimestampsCache] : [SALES_PERSON] -> [5579089546399744]
14:12:28,789 DEBUG BaseGeneralDataRegion:69 - Evicting[hibernate.test.org.hibernate.test.filter.Salesperson.orders]: org.hibernate.test.filter.Salesperson.orders#15
14:12:28,789 DEBUG BaseGeneralDataRegion:59 - Caching[hibernate.test.org.hibernate.cache.spi.UpdateTimestampsCache] : [T_ORDER] -> [5579089546399745]
14:12:28,790 DEBUG BaseGeneralDataRegion:69 - Evicting[hibernate.test.org.hibernate.test.filter.Salesperson.orders]: org.hibernate.test.filter.Salesperson.orders#16
14:12:28,790 DEBUG BaseGeneralDataRegion:59 - Caching[hibernate.test.org.hibernate.cache.spi.UpdateTimestampsCache] : [T_ORDER] -> [5579089546403840]
14:12:28,790 DEBUG BaseGeneralDataRegion:69 - Evicting[hibernate.test.org.hibernate.test.filter.Salesperson.orders]: org.hibernate.test.filter.Salesperson.orders#15
14:12:28,790 DEBUG BaseGeneralDataRegion:69 - Evicting[hibernate.test.org.hibernate.test.filter.Salesperson.orders]: org.hibernate.test.filter.Salesperson.orders#16
14:12:28,790 DEBUG BaseGeneralDataRegion:59 - Caching[hibernate.test.org.hibernate.cache.spi.UpdateTimestampsCache] : [SALES_PERSON] -> [5579089300643841]
14:12:28,790 DEBUG BaseGeneralDataRegion:59 - Caching[hibernate.test.org.hibernate.cache.spi.UpdateTimestampsCache] : [T_ORDER] -> [5579089300643841]
14:12:28,790 DEBUG BaseGeneralDataRegion:79 - evict cache[hibernate.test.org.hibernate.test.filter.Salesperson]
14:12:28,798 DEBUG BaseGeneralDataRegion:79 - evict cache[hibernate.test.org.hibernate.test.filter.Department.salespersons]
14:12:28,799 DEBUG BaseGeneralDataRegion:59 - Caching[hibernate.test.org.hibernate.cache.spi.UpdateTimestampsCache] : [SALES_PERSON] -> [5579089546440704]
14:12:28,799 DEBUG SQL:104 - 
    delete 
    from
        SALES_PERSON 
    where
        REG = ?
14:12:28,799 DEBUG BaseGeneralDataRegion:69 - Evicting[hibernate.test.org.hibernate.test.filter.Salesperson.orders]: org.hibernate.test.filter.Salesperson.orders#16
14:12:28,800 DEBUG BaseGeneralDataRegion:59 - Caching[hibernate.test.org.hibernate.cache.spi.UpdateTimestampsCache] : [T_ORDER] -> [5579089546444800]
14:12:28,800 DEBUG SQL:104 - 
    delete 
    from
        SALES_PERSON 
    where
        SALES_PERSON_ID=?
14:12:28,800 DEBUG BaseGeneralDataRegion:69 - Evicting[hibernate.test.org.hibernate.test.filter.Salesperson]: org.hibernate.test.filter.Salesperson#16
14:12:28,800 DEBUG BaseGeneralDataRegion:59 - Caching[hibernate.test.org.hibernate.cache.spi.UpdateTimestampsCache] : [SALES_PERSON] -> [5579089546444801]
14:12:28,800 DEBUG BaseGeneralDataRegion:79 - evict cache[hibernate.test.org.hibernate.test.filter.Salesperson]
14:12:28,800 DEBUG BaseGeneralDataRegion:79 - evict cache[hibernate.test.org.hibernate.test.filter.Department.salespersons]
14:12:28,800 DEBUG BaseGeneralDataRegion:69 - Evicting[hibernate.test.org.hibernate.test.filter.Salesperson.orders]: org.hibernate.test.filter.Salesperson.orders#16
14:12:28,800 DEBUG BaseGeneralDataRegion:69 - Evicting[hibernate.test.org.hibernate.test.filter.Salesperson]: org.hibernate.test.filter.Salesperson#16
14:12:28,800 DEBUG BaseGeneralDataRegion:59 - Caching[hibernate.test.org.hibernate.cache.spi.UpdateTimestampsCache] : [SALES_PERSON] -> [5579089300684802]
14:12:28,801 DEBUG BaseGeneralDataRegion:59 - Caching[hibernate.test.org.hibernate.cache.spi.UpdateTimestampsCache] : [T_ORDER] -> [5579089300684802]
14:12:28,801  INFO CustomRunner:139 - Test: testFiltersWithCustomerReadAndWrite
14:12:28,811  INFO DynamicFilterTest:236 - Starting HQL filter with custom SQL get/set tests
14:12:28,812 DEBUG SQL:104 - 
    insert 
    into
        DEPARTMENT
        (DEPT_ID, REG) 
    values
        (null, ?)
14:12:28,813 DEBUG BaseGeneralDataRegion:59 - Caching[hibernate.test.org.hibernate.cache.spi.UpdateTimestampsCache] : [DEPARTMENT] -> [5579089546498048]
14:12:28,813 DEBUG SQL:104 - 
    insert 
    into
        SALES_PERSON
        (SALES_PERSON_ID, NAME, REG, DEPT_ID, "hire dt") 
    values
        (null, ?, ?, ?, ?)
14:12:28,813 DEBUG BaseGeneralDataRegion:59 - Caching[hibernate.test.org.hibernate.cache.spi.UpdateTimestampsCache] : [SALES_PERSON] -> [5579089546498049]
14:12:28,814 DEBUG SQL:104 - 
    insert 
    into
        SALES_PERSON
        (SALES_PERSON_ID, NAME, REG, DEPT_ID, "hire dt") 
    values
        (null, ?, ?, ?, ?)
14:12:28,814 DEBUG BaseGeneralDataRegion:59 - Caching[hibernate.test.org.hibernate.cache.spi.UpdateTimestampsCache] : [SALES_PERSON] -> [5579089546502144]
14:12:28,814 DEBUG SQL:104 - 
    insert 
    into
        PRODUCT
        (PROD_ID, name, STOCK_NUM, weight_kg, eff_start_dt, eff_end_dt) 
    values
        (null, ?, ?, 0.453E0 * ?, ?, ?)
14:12:28,815 DEBUG BaseGeneralDataRegion:59 - Caching[hibernate.test.org.hibernate.cache.spi.UpdateTimestampsCache] : [PRODUCT] -> [5579089546506240]
14:12:28,817 DEBUG SQL:104 - 
    insert 
    into
        CATEGORY
        (CAT_ID, name, eff_start_dt, eff_end_dt) 
    values
        (null, ?, ?, ?)
14:12:28,818 DEBUG BaseGeneralDataRegion:59 - Caching[hibernate.test.org.hibernate.cache.spi.UpdateTimestampsCache] : [CATEGORY] -> [5579089546518528]
14:12:28,818 DEBUG SQL:104 - 
    insert 
    into
        CATEGORY
        (CAT_ID, name, eff_start_dt, eff_end_dt) 
    values
        (null, ?, ?, ?)
14:12:28,820 DEBUG BaseGeneralDataRegion:59 - Caching[hibernate.test.org.hibernate.cache.spi.UpdateTimestampsCache] : [CATEGORY] -> [5579089546526720]
14:12:28,820 DEBUG SQL:104 - 
    insert 
    into
        T_ORDER
        (ORDER_ID, REG, BUYER, "ord dt", "close dt", SALES_PERSON_ID) 
    values
        (null, ?, ?, ?, ?, ?)
14:12:28,820 DEBUG BaseGeneralDataRegion:59 - Caching[hibernate.test.org.hibernate.cache.spi.UpdateTimestampsCache] : [T_ORDER] -> [5579089546526721]
14:12:28,821 DEBUG SQL:104 - 
    insert 
    into
        ORDER_ITEM
        (ITEM_ID, ORDER_ID, SEQ, PRODUCT_ID, AMT) 
    values
        (null, ?, ?, ?, ?)
14:12:28,829 DEBUG BaseGeneralDataRegion:59 - Caching[hibernate.test.org.hibernate.cache.spi.UpdateTimestampsCache] : [ORDER_ITEM] -> [5579089546563584]
14:12:28,829 DEBUG SQL:104 - 
    insert 
    into
        PRODUCT
        (PROD_ID, name, STOCK_NUM, weight_kg, eff_start_dt, eff_end_dt) 
    values
        (null, ?, ?, 0.453E0 * ?, ?, ?)
14:12:28,829 DEBUG BaseGeneralDataRegion:59 - Caching[hibernate.test.org.hibernate.cache.spi.UpdateTimestampsCache] : [PRODUCT] -> [5579089546563585]
14:12:28,830 DEBUG SQL:104 - 
    insert 
    into
        CATEGORY
        (CAT_ID, name, eff_start_dt, eff_end_dt) 
    values
        (null, ?, ?, ?)
14:12:28,830 DEBUG BaseGeneralDataRegion:59 - Caching[hibernate.test.org.hibernate.cache.spi.UpdateTimestampsCache] : [CATEGORY] -> [5579089546567680]
14:12:28,830 DEBUG SQL:104 - 
    insert 
    into
        PRODUCT
        (PROD_ID, name, STOCK_NUM, weight_kg, eff_start_dt, eff_end_dt) 
    values
        (null, ?, ?, 0.453E0 * ?, ?, ?)
14:12:28,830 DEBUG BaseGeneralDataRegion:59 - Caching[hibernate.test.org.hibernate.cache.spi.UpdateTimestampsCache] : [PRODUCT] -> [5579089546567681]
14:12:28,830 DEBUG SQL:104 - 
    insert 
    into
        T_ORDER
        (ORDER_ID, REG, BUYER, "ord dt", "close dt", SALES_PERSON_ID) 
    values
        (null, ?, ?, ?, ?, ?)
14:12:28,831 DEBUG BaseGeneralDataRegion:59 - Caching[hibernate.test.org.hibernate.cache.spi.UpdateTimestampsCache] : [T_ORDER] -> [5579089546571776]
14:12:28,831 DEBUG SQL:104 - 
    insert 
    into
        ORDER_ITEM
        (ITEM_ID, ORDER_ID, SEQ, PRODUCT_ID, AMT) 
    values
        (null, ?, ?, ?, ?)
14:12:28,851 DEBUG BaseGeneralDataRegion:59 - Caching[hibernate.test.org.hibernate.cache.spi.UpdateTimestampsCache] : [ORDER_ITEM] -> [5579089546653696]
14:12:28,853 DEBUG SQL:104 - 
    update
        PRODUCT 
    set
        name=?,
        STOCK_NUM=?,
        weight_kg=0.453E0 * ?,
        eff_start_dt=?,
        eff_end_dt=? 
    where
        PROD_ID=?
14:12:28,853 DEBUG BaseGeneralDataRegion:69 - Evicting[hibernate.test.org.hibernate.test.filter.Product]: org.hibernate.test.filter.Product#19
14:12:28,886 DEBUG BaseGeneralDataRegion:59 - Caching[hibernate.test.org.hibernate.cache.spi.UpdateTimestampsCache] : [PRODUCT] -> [5579089546797056]
14:12:28,887 DEBUG BaseGeneralDataRegion:69 - Evicting[hibernate.test.org.hibernate.test.filter.Department.salespersons]: org.hibernate.test.filter.Department.salespersons#7
14:12:28,887 DEBUG BaseGeneralDataRegion:59 - Caching[hibernate.test.org.hibernate.cache.spi.UpdateTimestampsCache] : [SALES_PERSON] -> [5579089546801152]
14:12:28,887 DEBUG BaseGeneralDataRegion:69 - Evicting[hibernate.test.org.hibernate.test.filter.Salesperson.orders]: org.hibernate.test.filter.Salesperson.orders#17
14:12:28,887 DEBUG BaseGeneralDataRegion:59 - Caching[hibernate.test.org.hibernate.cache.spi.UpdateTimestampsCache] : [T_ORDER] -> [5579089546801153]
14:12:28,887 DEBUG BaseGeneralDataRegion:69 - Evicting[hibernate.test.org.hibernate.test.filter.Salesperson.orders]: org.hibernate.test.filter.Salesperson.orders#18
14:12:28,887 DEBUG BaseGeneralDataRegion:59 - Caching[hibernate.test.org.hibernate.cache.spi.UpdateTimestampsCache] : [T_ORDER] -> [5579089546801154]
14:12:28,887 DEBUG SQL:104 - 
    insert 
    into
        PROD_CAT
        (PROD_ID, CAT_ID) 
    values
        (?, ?)
14:12:28,888 DEBUG SQL:104 - 
    insert 
    into
        PROD_CAT
        (PROD_ID, CAT_ID) 
    values
        (?, ?)
14:12:28,888 DEBUG BaseGeneralDataRegion:69 - Evicting[hibernate.test.org.hibernate.test.filter.Product.categories]: org.hibernate.test.filter.Product.categories#19
14:12:28,888 DEBUG BaseGeneralDataRegion:59 - Caching[hibernate.test.org.hibernate.cache.spi.UpdateTimestampsCache] : [PROD_CAT] -> [5579089546805248]
14:12:28,888 DEBUG BaseGeneralDataRegion:69 - Evicting[hibernate.test.org.hibernate.test.filter.Category.products]: org.hibernate.test.filter.Category.products#19
14:12:28,889 DEBUG BaseGeneralDataRegion:59 - Caching[hibernate.test.org.hibernate.cache.spi.UpdateTimestampsCache] : [PROD_CAT] -> [5579089546809344]
14:12:28,889 DEBUG BaseGeneralDataRegion:69 - Evicting[hibernate.test.org.hibernate.test.filter.Category.products]: org.hibernate.test.filter.Category.products#20
14:12:28,889 DEBUG BaseGeneralDataRegion:59 - Caching[hibernate.test.org.hibernate.cache.spi.UpdateTimestampsCache] : [PROD_CAT] -> [5579089546809345]
14:12:28,889 DEBUG BaseGeneralDataRegion:69 - Evicting[hibernate.test.org.hibernate.test.filter.Order.lineItems]: org.hibernate.test.filter.Order.lineItems#13
14:12:28,889 DEBUG BaseGeneralDataRegion:59 - Caching[hibernate.test.org.hibernate.cache.spi.UpdateTimestampsCache] : [ORDER_ITEM] -> [5579089546809346]
14:12:28,889 DEBUG SQL:104 - 
    insert 
    into
        PROD_CAT
        (PROD_ID, CAT_ID) 
    values
        (?, ?)
14:12:28,889 DEBUG BaseGeneralDataRegion:69 - Evicting[hibernate.test.org.hibernate.test.filter.Product.categories]: org.hibernate.test.filter.Product.categories#20
14:12:28,890 DEBUG BaseGeneralDataRegion:59 - Caching[hibernate.test.org.hibernate.cache.spi.UpdateTimestampsCache] : [PROD_CAT] -> [5579089546813440]
14:12:28,890 DEBUG BaseGeneralDataRegion:69 - Evicting[hibernate.test.org.hibernate.test.filter.Category.products]: org.hibernate.test.filter.Category.products#21
14:12:28,890 DEBUG BaseGeneralDataRegion:59 - Caching[hibernate.test.org.hibernate.cache.spi.UpdateTimestampsCache] : [PROD_CAT] -> [5579089546813441]
14:12:28,890 DEBUG BaseGeneralDataRegion:69 - Evicting[hibernate.test.org.hibernate.test.filter.Order.lineItems]: org.hibernate.test.filter.Order.lineItems#14
14:12:28,890 DEBUG BaseGeneralDataRegion:59 - Caching[hibernate.test.org.hibernate.cache.spi.UpdateTimestampsCache] : [ORDER_ITEM] -> [5579089546813442]
14:12:28,890 DEBUG BaseGeneralDataRegion:69 - Evicting[hibernate.test.org.hibernate.test.filter.Product]: org.hibernate.test.filter.Product#19
14:12:28,890 DEBUG BaseGeneralDataRegion:69 - Evicting[hibernate.test.org.hibernate.test.filter.Department.salespersons]: org.hibernate.test.filter.Department.salespersons#7
14:12:28,890 DEBUG BaseGeneralDataRegion:69 - Evicting[hibernate.test.org.hibernate.test.filter.Salesperson.orders]: org.hibernate.test.filter.Salesperson.orders#17
14:12:28,891 DEBUG BaseGeneralDataRegion:69 - Evicting[hibernate.test.org.hibernate.test.filter.Salesperson.orders]: org.hibernate.test.filter.Salesperson.orders#18
14:12:28,891 DEBUG BaseGeneralDataRegion:69 - Evicting[hibernate.test.org.hibernate.test.filter.Product.categories]: org.hibernate.test.filter.Product.categories#19
14:12:28,891 DEBUG BaseGeneralDataRegion:69 - Evicting[hibernate.test.org.hibernate.test.filter.Category.products]: org.hibernate.test.filter.Category.products#19
14:12:28,891 DEBUG BaseGeneralDataRegion:69 - Evicting[hibernate.test.org.hibernate.test.filter.Category.products]: org.hibernate.test.filter.Category.products#20
14:12:28,891 DEBUG BaseGeneralDataRegion:69 - Evicting[hibernate.test.org.hibernate.test.filter.Order.lineItems]: org.hibernate.test.filter.Order.lineItems#13
14:12:28,891 DEBUG BaseGeneralDataRegion:69 - Evicting[hibernate.test.org.hibernate.test.filter.Product.categories]: org.hibernate.test.filter.Product.categories#20
14:12:28,891 DEBUG BaseGeneralDataRegion:69 - Evicting[hibernate.test.org.hibernate.test.filter.Category.products]: org.hibernate.test.filter.Category.products#21
14:12:28,891 DEBUG BaseGeneralDataRegion:69 - Evicting[hibernate.test.org.hibernate.test.filter.Order.lineItems]: org.hibernate.test.filter.Order.lineItems#14
14:12:28,891 DEBUG BaseGeneralDataRegion:59 - Caching[hibernate.test.org.hibernate.cache.spi.UpdateTimestampsCache] : [ORDER_ITEM] -> [5579089301057536]
14:12:28,891 DEBUG BaseGeneralDataRegion:59 - Caching[hibernate.test.org.hibernate.cache.spi.UpdateTimestampsCache] : [CATEGORY] -> [5579089301057536]
14:12:28,891 DEBUG BaseGeneralDataRegion:59 - Caching[hibernate.test.org.hibernate.cache.spi.UpdateTimestampsCache] : [SALES_PERSON] -> [5579089301057536]
14:12:28,891 DEBUG BaseGeneralDataRegion:59 - Caching[hibernate.test.org.hibernate.cache.spi.UpdateTimestampsCache] : [T_ORDER] -> [5579089301057536]
14:12:28,892 DEBUG BaseGeneralDataRegion:59 - Caching[hibernate.test.org.hibernate.cache.spi.UpdateTimestampsCache] : [PRODUCT] -> [5579089301057536]
14:12:28,892 DEBUG BaseGeneralDataRegion:59 - Caching[hibernate.test.org.hibernate.cache.spi.UpdateTimestampsCache] : [DEPARTMENT] -> [5579089301057536]
14:12:28,892 DEBUG BaseGeneralDataRegion:59 - Caching[hibernate.test.org.hibernate.cache.spi.UpdateTimestampsCache] : [PROD_CAT] -> [5579089301057536]
14:12:28,892  INFO DynamicFilterTest:242 - HQL against Product...
14:12:28,892 DEBUG QueryTranslatorImpl:265 - parse() - HQL: from org.hibernate.test.filter.Product
14:12:28,893 DEBUG QueryTranslatorImpl:283 - --- HQL AST ---
 \-[QUERY] Node: 'query'
    \-[SELECT_FROM] Node: 'SELECT_FROM'
       \-[FROM] Node: 'from'
          \-[RANGE] Node: 'RANGE'
             \-[DOT] Node: '.'
                +-[DOT] Node: '.'
                |  +-[DOT] Node: '.'
                |  |  +-[DOT] Node: '.'
                |  |  |  +-[IDENT] Node: 'org'
                |  |  |  \-[IDENT] Node: 'hibernate'
                |  |  \-[IDENT] Node: 'test'
                |  \-[IDENT] Node: 'filter'
                \-[IDENT] Node: 'Product'

14:12:28,893 DEBUG ErrorCounter:82 - throwQueryException() : no errors
14:12:28,893 DEBUG FromElement:157 - FromClause{level=1} : org.hibernate.test.filter.Product (<no alias>) -> product0_
14:12:28,893 DEBUG HqlSqlWalker:629 - processQuery() :  ( SELECT ( FromClause{level=1} PRODUCT product0_ ) )
14:12:28,894 DEBUG HqlSqlWalker:869 - Derived SELECT clause created.
14:12:28,894 DEBUG JoinProcessor:175 - Using FROM fragment [PRODUCT product0_]
14:12:28,894 DEBUG SyntheticAndFactory:92 - Using unprocessed WHERE-fragment [:heavyProducts.weightKilograms < product0_.weight_kg]
14:12:28,894 DEBUG SyntheticAndFactory:124 - Using processed WHERE-fragment [? < product0_.weight_kg]
14:12:28,894 DEBUG QueryNode:73 - getWhereClause() : Creating a new WHERE clause...
14:12:28,894 DEBUG QueryTranslatorImpl:252 - --- SQL AST ---
 \-[SELECT] QueryNode: 'SELECT'  querySpaces (PRODUCT)
    +-[SELECT_CLAUSE] SelectClause: '{derived select clause}'
    |  +-[SELECT_EXPR] SelectExpressionImpl: 'product0_.PROD_ID as PROD1_3_' {FromElement{explicit,not a collection join,not a fetch join,fetch non-lazy properties,classAlias=null,role=null,tableName=PRODUCT,tableAlias=product0_,origin=null,columns={,className=org.hibernate.test.filter.Product}}}
    |  \-[SQL_TOKEN] SqlFragment: 'product0_.name as name3_, product0_.STOCK_NUM as STOCK3_3_, product0_.weight_kg / 0.453E0 as weight4_3_, product0_.eff_start_dt as eff5_3_, product0_.eff_end_dt as eff6_3_'
    +-[FROM] FromClause: 'from' FromClause{level=1, fromElementCounter=1, fromElements=1, fromElementByClassAlias=[], fromElementByTableAlias=[product0_], fromElementsByPath=[], collectionJoinFromElementsByPath=[], impliedElements=[]}
    |  \-[FROM_FRAGMENT] FromElement: 'PRODUCT product0_' FromElement{explicit,not a collection join,not a fetch join,fetch non-lazy properties,classAlias=null,role=null,tableName=PRODUCT,tableAlias=product0_,origin=null,columns={,className=org.hibernate.test.filter.Product}}
    \-[WHERE] SqlNode: 'WHERE'
       \-[FILTERS] SqlNode: '{filter conditions}'
          \-[SQL_TOKEN] SqlFragment: '? < product0_.weight_kg'

14:12:28,894 DEBUG ErrorCounter:82 - throwQueryException() : no errors
14:12:28,894 DEBUG QueryTranslatorImpl:235 - HQL: from org.hibernate.test.filter.Product
14:12:28,895 DEBUG QueryTranslatorImpl:236 - SQL: select product0_.PROD_ID as PROD1_3_, product0_.name as name3_, product0_.STOCK_NUM as STOCK3_3_, product0_.weight_kg / 0.453E0 as weight4_3_, product0_.eff_start_dt as eff5_3_, product0_.eff_end_dt as eff6_3_ from PRODUCT product0_ where ? < product0_.weight_kg
14:12:28,895 DEBUG ErrorCounter:82 - throwQueryException() : no errors
14:12:28,895 DEBUG SQL:104 - 
    select
        product0_.PROD_ID as PROD1_3_,
        product0_.name as name3_,
        product0_.STOCK_NUM as STOCK3_3_,
        product0_.weight_kg / 0.453E0 as weight4_3_,
        product0_.eff_start_dt as eff5_3_,
        product0_.eff_end_dt as eff6_3_ 
    from
        PRODUCT product0_ 
    where
        ? < product0_.weight_kg
14:12:28,897 DEBUG BaseRegionAccessStrategy:66 - Caching: org.hibernate.test.filter.Product#19
14:12:28,898 DEBUG BaseGeneralDataRegion:59 - Caching[hibernate.test.org.hibernate.test.filter.Product] : [org.hibernate.test.filter.Product#19] -> [CacheEntry(org.hibernate.test.filter.Product)[Acme Hair Gel,123,10.0,2013-01-28 14:12:28.812,2013-03-28 14:12:28.812,19,19]]
14:12:28,899 DEBUG SQL:104 - 
    update
        SALES_PERSON 
    set
        NAME=?,
        REG=?,
        DEPT_ID=?,
        "hire dt"=? 
    where
        SALES_PERSON_ID=?
14:12:28,900 DEBUG BaseGeneralDataRegion:69 - Evicting[hibernate.test.org.hibernate.test.filter.Salesperson]: org.hibernate.test.filter.Salesperson#17
14:12:28,900 DEBUG BaseGeneralDataRegion:59 - Caching[hibernate.test.org.hibernate.cache.spi.UpdateTimestampsCache] : [SALES_PERSON] -> [5579089546854400]
14:12:28,900 DEBUG SQL:104 - 
    update
        SALES_PERSON 
    set
        NAME=?,
        REG=?,
        DEPT_ID=?,
        "hire dt"=? 
    where
        SALES_PERSON_ID=?
14:12:28,913 DEBUG BaseGeneralDataRegion:69 - Evicting[hibernate.test.org.hibernate.test.filter.Salesperson]: org.hibernate.test.filter.Salesperson#18
14:12:28,913 DEBUG BaseGeneralDataRegion:59 - Caching[hibernate.test.org.hibernate.cache.spi.UpdateTimestampsCache] : [SALES_PERSON] -> [5579089546907648]
14:12:28,914 DEBUG SQL:104 - 
    update
        T_ORDER 
    set
        REG=?,
        BUYER=?,
        "ord dt"=?,
        "close dt"=?,
        SALES_PERSON_ID=? 
    where
        ORDER_ID=?
14:12:28,914 DEBUG BaseGeneralDataRegion:69 - Evicting[hibernate.test.org.hibernate.test.filter.Order]: org.hibernate.test.filter.Order#13
14:12:28,914 DEBUG BaseGeneralDataRegion:59 - Caching[hibernate.test.org.hibernate.cache.spi.UpdateTimestampsCache] : [T_ORDER] -> [5579089546911744]
14:12:28,914 DEBUG SQL:104 - 
    update
        ORDER_ITEM 
    set
        ORDER_ID=?,
        SEQ=?,
        PRODUCT_ID=?,
        AMT=? 
    where
        ITEM_ID=?
14:12:28,925 DEBUG BaseGeneralDataRegion:69 - Evicting[hibernate.test.org.hibernate.test.filter.LineItem]: org.hibernate.test.filter.LineItem#13
14:12:28,925 DEBUG BaseGeneralDataRegion:59 - Caching[hibernate.test.org.hibernate.cache.spi.UpdateTimestampsCache] : [ORDER_ITEM] -> [5579089546956800]
14:12:28,925 DEBUG SQL:104 - 
    update
        T_ORDER 
    set
        REG=?,
        BUYER=?,
        "ord dt"=?,
        "close dt"=?,
        SALES_PERSON_ID=? 
    where
        ORDER_ID=?
14:12:28,925 DEBUG BaseGeneralDataRegion:69 - Evicting[hibernate.test.org.hibernate.test.filter.Order]: org.hibernate.test.filter.Order#14
14:12:28,925 DEBUG BaseGeneralDataRegion:59 - Caching[hibernate.test.org.hibernate.cache.spi.UpdateTimestampsCache] : [T_ORDER] -> [5579089546956801]
14:12:28,926 DEBUG SQL:104 - 
    update
        ORDER_ITEM 
    set
        ORDER_ID=?,
        SEQ=?,
        PRODUCT_ID=?,
        AMT=? 
    where
        ITEM_ID=?
14:12:28,926 DEBUG BaseGeneralDataRegion:69 - Evicting[hibernate.test.org.hibernate.test.filter.LineItem]: org.hibernate.test.filter.LineItem#14
14:12:28,926 DEBUG BaseGeneralDataRegion:59 - Caching[hibernate.test.org.hibernate.cache.spi.UpdateTimestampsCache] : [ORDER_ITEM] -> [5579089546960896]
14:12:28,926 DEBUG BaseGeneralDataRegion:69 - Evicting[hibernate.test.org.hibernate.test.filter.Product.orderLineItems]: org.hibernate.test.filter.Product.orderLineItems#19
14:12:28,926 DEBUG BaseGeneralDataRegion:59 - Caching[hibernate.test.org.hibernate.cache.spi.UpdateTimestampsCache] : [ORDER_ITEM] -> [5579089546960897]
14:12:28,926 DEBUG BaseGeneralDataRegion:69 - Evicting[hibernate.test.org.hibernate.test.filter.Product.orderLineItems]: org.hibernate.test.filter.Product.orderLineItems#20
14:12:28,926 DEBUG BaseGeneralDataRegion:59 - Caching[hibernate.test.org.hibernate.cache.spi.UpdateTimestampsCache] : [ORDER_ITEM] -> [5579089546960898]
14:12:28,926 DEBUG BaseGeneralDataRegion:69 - Evicting[hibernate.test.org.hibernate.test.filter.Product.orderLineItems]: org.hibernate.test.filter.Product.orderLineItems#21
14:12:28,926 DEBUG BaseGeneralDataRegion:59 - Caching[hibernate.test.org.hibernate.cache.spi.UpdateTimestampsCache] : [ORDER_ITEM] -> [5579089546960899]
14:12:28,927 DEBUG SQL:104 - 
    delete 
    from
        PROD_CAT 
    where
        PROD_ID=?
14:12:28,927 DEBUG BaseGeneralDataRegion:69 - Evicting[hibernate.test.org.hibernate.test.filter.Product.categories]: org.hibernate.test.filter.Product.categories#21
14:12:28,927 DEBUG BaseGeneralDataRegion:59 - Caching[hibernate.test.org.hibernate.cache.spi.UpdateTimestampsCache] : [PROD_CAT] -> [5579089546964992]
14:12:28,927 DEBUG BaseGeneralDataRegion:69 - Evicting[hibernate.test.org.hibernate.test.filter.Department.salespersons]: org.hibernate.test.filter.Department.salespersons#7
14:12:28,927 DEBUG BaseGeneralDataRegion:59 - Caching[hibernate.test.org.hibernate.cache.spi.UpdateTimestampsCache] : [SALES_PERSON] -> [5579089546964993]
14:12:28,927 DEBUG BaseGeneralDataRegion:69 - Evicting[hibernate.test.org.hibernate.test.filter.Salesperson.orders]: org.hibernate.test.filter.Salesperson.orders#17
14:12:28,927 DEBUG BaseGeneralDataRegion:59 - Caching[hibernate.test.org.hibernate.cache.spi.UpdateTimestampsCache] : [T_ORDER] -> [5579089546964994]
14:12:28,928 DEBUG BaseGeneralDataRegion:69 - Evicting[hibernate.test.org.hibernate.test.filter.Salesperson.orders]: org.hibernate.test.filter.Salesperson.orders#18
14:12:28,928 DEBUG BaseGeneralDataRegion:59 - Caching[hibernate.test.org.hibernate.cache.spi.UpdateTimestampsCache] : [T_ORDER] -> [5579089546969088]
14:12:28,928 DEBUG SQL:104 - 
    delete 
    from
        PROD_CAT 
    where
        PROD_ID=?
14:12:28,928 DEBUG BaseGeneralDataRegion:69 - Evicting[hibernate.test.org.hibernate.test.filter.Product.categories]: org.hibernate.test.filter.Product.categories#19
14:12:28,928 DEBUG BaseGeneralDataRegion:59 - Caching[hibernate.test.org.hibernate.cache.spi.UpdateTimestampsCache] : [PROD_CAT] -> [5579089546969089]
14:12:28,928 DEBUG BaseGeneralDataRegion:69 - Evicting[hibernate.test.org.hibernate.test.filter.Category.products]: org.hibernate.test.filter.Category.products#19
14:12:28,928 DEBUG BaseGeneralDataRegion:59 - Caching[hibernate.test.org.hibernate.cache.spi.UpdateTimestampsCache] : [PROD_CAT] -> [5579089546969090]
14:12:28,928 DEBUG BaseGeneralDataRegion:69 - Evicting[hibernate.test.org.hibernate.test.filter.Category.products]: org.hibernate.test.filter.Category.products#20
14:12:28,936 DEBUG BaseGeneralDataRegion:59 - Caching[hibernate.test.org.hibernate.cache.spi.UpdateTimestampsCache] : [PROD_CAT] -> [5579089547001856]
14:12:28,936 DEBUG BaseGeneralDataRegion:69 - Evicting[hibernate.test.org.hibernate.test.filter.Order.lineItems]: org.hibernate.test.filter.Order.lineItems#13
14:12:28,936 DEBUG BaseGeneralDataRegion:59 - Caching[hibernate.test.org.hibernate.cache.spi.UpdateTimestampsCache] : [ORDER_ITEM] -> [5579089547001857]
14:12:28,936 DEBUG SQL:104 - 
    delete 
    from
        PROD_CAT 
    where
        PROD_ID=?
14:12:28,937 DEBUG BaseGeneralDataRegion:69 - Evicting[hibernate.test.org.hibernate.test.filter.Product.categories]: org.hibernate.test.filter.Product.categories#20
14:12:28,937 DEBUG BaseGeneralDataRegion:59 - Caching[hibernate.test.org.hibernate.cache.spi.UpdateTimestampsCache] : [PROD_CAT] -> [5579089547005952]
14:12:28,937 DEBUG BaseGeneralDataRegion:69 - Evicting[hibernate.test.org.hibernate.test.filter.Category.products]: org.hibernate.test.filter.Category.products#21
14:12:28,937 DEBUG BaseGeneralDataRegion:59 - Caching[hibernate.test.org.hibernate.cache.spi.UpdateTimestampsCache] : [PROD_CAT] -> [5579089547005953]
14:12:28,937 DEBUG BaseGeneralDataRegion:69 - Evicting[hibernate.test.org.hibernate.test.filter.Order.lineItems]: org.hibernate.test.filter.Order.lineItems#14
14:12:28,937 DEBUG BaseGeneralDataRegion:59 - Caching[hibernate.test.org.hibernate.cache.spi.UpdateTimestampsCache] : [ORDER_ITEM] -> [5579089547005954]
14:12:28,937 DEBUG SQL:104 - 
    delete 
    from
        DEPARTMENT 
    where
        DEPT_ID=?
14:12:28,938 DEBUG BaseGeneralDataRegion:69 - Evicting[hibernate.test.org.hibernate.test.filter.Department]: org.hibernate.test.filter.Department#7
14:12:28,938 DEBUG BaseGeneralDataRegion:59 - Caching[hibernate.test.org.hibernate.cache.spi.UpdateTimestampsCache] : [DEPARTMENT] -> [5579089547010048]
14:12:28,938 DEBUG SQL:104 - 
    delete 
    from
        SALES_PERSON 
    where
        SALES_PERSON_ID=?
14:12:28,948 DEBUG BaseGeneralDataRegion:69 - Evicting[hibernate.test.org.hibernate.test.filter.Salesperson]: org.hibernate.test.filter.Salesperson#17
14:12:28,948 DEBUG BaseGeneralDataRegion:59 - Caching[hibernate.test.org.hibernate.cache.spi.UpdateTimestampsCache] : [SALES_PERSON] -> [5579089547051008]
14:12:28,948 DEBUG SQL:104 - 
    delete 
    from
        SALES_PERSON 
    where
        SALES_PERSON_ID=?
14:12:28,948 DEBUG BaseGeneralDataRegion:69 - Evicting[hibernate.test.org.hibernate.test.filter.Salesperson]: org.hibernate.test.filter.Salesperson#18
14:12:28,948 DEBUG BaseGeneralDataRegion:59 - Caching[hibernate.test.org.hibernate.cache.spi.UpdateTimestampsCache] : [SALES_PERSON] -> [5579089547051009]
14:12:28,949 DEBUG SQL:104 - 
    delete 
    from
        CATEGORY 
    where
        CAT_ID=?
14:12:28,949 DEBUG BaseGeneralDataRegion:69 - Evicting[hibernate.test.org.hibernate.test.filter.Category]: org.hibernate.test.filter.Category#19
14:12:28,949 DEBUG BaseGeneralDataRegion:59 - Caching[hibernate.test.org.hibernate.cache.spi.UpdateTimestampsCache] : [CATEGORY] -> [5579089547055104]
14:12:28,949 DEBUG SQL:104 - 
    delete 
    from
        CATEGORY 
    where
        CAT_ID=?
14:12:28,949 DEBUG BaseGeneralDataRegion:69 - Evicting[hibernate.test.org.hibernate.test.filter.Category]: org.hibernate.test.filter.Category#20
14:12:28,949 DEBUG BaseGeneralDataRegion:59 - Caching[hibernate.test.org.hibernate.cache.spi.UpdateTimestampsCache] : [CATEGORY] -> [5579089547055105]
14:12:28,949 DEBUG SQL:104 - 
    delete 
    from
        PRODUCT 
    where
        PROD_ID=?
14:12:28,950 DEBUG BaseGeneralDataRegion:69 - Evicting[hibernate.test.org.hibernate.test.filter.Product]: org.hibernate.test.filter.Product#19
14:12:28,950 DEBUG BaseGeneralDataRegion:59 - Caching[hibernate.test.org.hibernate.cache.spi.UpdateTimestampsCache] : [PRODUCT] -> [5579089547059200]
14:12:28,950 DEBUG SQL:104 - 
    delete 
    from
        ORDER_ITEM 
    where
        ITEM_ID=?
14:12:28,950 DEBUG BaseGeneralDataRegion:69 - Evicting[hibernate.test.org.hibernate.test.filter.LineItem]: org.hibernate.test.filter.LineItem#13
14:12:28,950 DEBUG BaseGeneralDataRegion:59 - Caching[hibernate.test.org.hibernate.cache.spi.UpdateTimestampsCache] : [ORDER_ITEM] -> [5579089547059201]
14:12:28,950 DEBUG SQL:104 - 
    delete 
    from
        T_ORDER 
    where
        ORDER_ID=?
14:12:28,969 DEBUG BaseGeneralDataRegion:69 - Evicting[hibernate.test.org.hibernate.test.filter.Order]: org.hibernate.test.filter.Order#13
14:12:28,969 DEBUG BaseGeneralDataRegion:59 - Caching[hibernate.test.org.hibernate.cache.spi.UpdateTimestampsCache] : [T_ORDER] -> [5579089547137024]
14:12:28,970 DEBUG SQL:104 - 
    delete 
    from
        CATEGORY 
    where
        CAT_ID=?
14:12:28,970 DEBUG BaseGeneralDataRegion:69 - Evicting[hibernate.test.org.hibernate.test.filter.Category]: org.hibernate.test.filter.Category#21
14:12:28,970 DEBUG BaseGeneralDataRegion:59 - Caching[hibernate.test.org.hibernate.cache.spi.UpdateTimestampsCache] : [CATEGORY] -> [5579089547141120]
14:12:28,970 DEBUG SQL:104 - 
    delete 
    from
        PRODUCT 
    where
        PROD_ID=?
14:12:28,970 DEBUG BaseGeneralDataRegion:69 - Evicting[hibernate.test.org.hibernate.test.filter.Product]: org.hibernate.test.filter.Product#20
14:12:28,970 DEBUG BaseGeneralDataRegion:59 - Caching[hibernate.test.org.hibernate.cache.spi.UpdateTimestampsCache] : [PRODUCT] -> [5579089547141121]
14:12:28,971 DEBUG SQL:104 - 
    delete 
    from
        PRODUCT 
    where
        PROD_ID=?
14:12:28,971 DEBUG BaseGeneralDataRegion:69 - Evicting[hibernate.test.org.hibernate.test.filter.Product]: org.hibernate.test.filter.Product#21
14:12:28,971 DEBUG BaseGeneralDataRegion:59 - Caching[hibernate.test.org.hibernate.cache.spi.UpdateTimestampsCache] : [PRODUCT] -> [5579089547145216]
14:12:28,978 DEBUG SQL:104 - 
    delete 
    from
        ORDER_ITEM 
    where
        ITEM_ID=?
14:12:28,979 DEBUG BaseGeneralDataRegion:69 - Evicting[hibernate.test.org.hibernate.test.filter.LineItem]: org.hibernate.test.filter.LineItem#14
14:12:28,979 DEBUG BaseGeneralDataRegion:59 - Caching[hibernate.test.org.hibernate.cache.spi.UpdateTimestampsCache] : [ORDER_ITEM] -> [5579089547177984]
14:12:28,979 DEBUG SQL:104 - 
    delete 
    from
        T_ORDER 
    where
        ORDER_ID=?
14:12:28,979 DEBUG BaseGeneralDataRegion:69 - Evicting[hibernate.test.org.hibernate.test.filter.Order]: org.hibernate.test.filter.Order#14
14:12:28,980 DEBUG BaseGeneralDataRegion:59 - Caching[hibernate.test.org.hibernate.cache.spi.UpdateTimestampsCache] : [T_ORDER] -> [5579089547182080]
14:12:28,980 DEBUG BaseGeneralDataRegion:69 - Evicting[hibernate.test.org.hibernate.test.filter.Salesperson]: org.hibernate.test.filter.Salesperson#17
14:12:28,980 DEBUG BaseGeneralDataRegion:69 - Evicting[hibernate.test.org.hibernate.test.filter.Salesperson]: org.hibernate.test.filter.Salesperson#18
14:12:28,980 DEBUG BaseGeneralDataRegion:69 - Evicting[hibernate.test.org.hibernate.test.filter.Order]: org.hibernate.test.filter.Order#13
14:12:28,980 DEBUG BaseGeneralDataRegion:69 - Evicting[hibernate.test.org.hibernate.test.filter.LineItem]: org.hibernate.test.filter.LineItem#13
14:12:28,980 DEBUG BaseGeneralDataRegion:69 - Evicting[hibernate.test.org.hibernate.test.filter.Order]: org.hibernate.test.filter.Order#14
14:12:28,980 DEBUG BaseGeneralDataRegion:69 - Evicting[hibernate.test.org.hibernate.test.filter.LineItem]: org.hibernate.test.filter.LineItem#14
14:12:28,980 DEBUG BaseGeneralDataRegion:69 - Evicting[hibernate.test.org.hibernate.test.filter.Product.orderLineItems]: org.hibernate.test.filter.Product.orderLineItems#19
14:12:28,980 DEBUG BaseGeneralDataRegion:69 - Evicting[hibernate.test.org.hibernate.test.filter.Product.orderLineItems]: org.hibernate.test.filter.Product.orderLineItems#20
14:12:28,981 DEBUG BaseGeneralDataRegion:69 - Evicting[hibernate.test.org.hibernate.test.filter.Product.orderLineItems]: org.hibernate.test.filter.Product.orderLineItems#21
14:12:28,981 DEBUG BaseGeneralDataRegion:69 - Evicting[hibernate.test.org.hibernate.test.filter.Product.categories]: org.hibernate.test.filter.Product.categories#21
14:12:28,981 DEBUG BaseGeneralDataRegion:69 - Evicting[hibernate.test.org.hibernate.test.filter.Department.salespersons]: org.hibernate.test.filter.Department.salespersons#7
14:12:28,981 DEBUG BaseGeneralDataRegion:69 - Evicting[hibernate.test.org.hibernate.test.filter.Salesperson.orders]: org.hibernate.test.filter.Salesperson.orders#17
14:12:28,981 DEBUG BaseGeneralDataRegion:69 - Evicting[hibernate.test.org.hibernate.test.filter.Salesperson.orders]: org.hibernate.test.filter.Salesperson.orders#18
14:12:28,981 DEBUG BaseGeneralDataRegion:69 - Evicting[hibernate.test.org.hibernate.test.filter.Product.categories]: org.hibernate.test.filter.Product.categories#19
14:12:28,990 DEBUG BaseGeneralDataRegion:69 - Evicting[hibernate.test.org.hibernate.test.filter.Category.products]: org.hibernate.test.filter.Category.products#19
14:12:28,990 DEBUG BaseGeneralDataRegion:69 - Evicting[hibernate.test.org.hibernate.test.filter.Category.products]: org.hibernate.test.filter.Category.products#20
14:12:28,990 DEBUG BaseGeneralDataRegion:69 - Evicting[hibernate.test.org.hibernate.test.filter.Order.lineItems]: org.hibernate.test.filter.Order.lineItems#13
14:12:28,990 DEBUG BaseGeneralDataRegion:69 - Evicting[hibernate.test.org.hibernate.test.filter.Product.categories]: org.hibernate.test.filter.Product.categories#20
14:12:28,990 DEBUG BaseGeneralDataRegion:69 - Evicting[hibernate.test.org.hibernate.test.filter.Category.products]: org.hibernate.test.filter.Category.products#21
14:12:28,990 DEBUG BaseGeneralDataRegion:69 - Evicting[hibernate.test.org.hibernate.test.filter.Order.lineItems]: org.hibernate.test.filter.Order.lineItems#14
14:12:28,990 DEBUG BaseGeneralDataRegion:69 - Evicting[hibernate.test.org.hibernate.test.filter.Department]: org.hibernate.test.filter.Department#7
14:12:28,990 DEBUG BaseGeneralDataRegion:69 - Evicting[hibernate.test.org.hibernate.test.filter.Salesperson]: org.hibernate.test.filter.Salesperson#17
14:12:28,990 DEBUG BaseGeneralDataRegion:69 - Evicting[hibernate.test.org.hibernate.test.filter.Salesperson]: org.hibernate.test.filter.Salesperson#18
14:12:28,991 DEBUG BaseGeneralDataRegion:69 - Evicting[hibernate.test.org.hibernate.test.filter.Category]: org.hibernate.test.filter.Category#19
14:12:28,991 DEBUG BaseGeneralDataRegion:69 - Evicting[hibernate.test.org.hibernate.test.filter.Category]: org.hibernate.test.filter.Category#20
14:12:28,991 DEBUG BaseGeneralDataRegion:69 - Evicting[hibernate.test.org.hibernate.test.filter.Product]: org.hibernate.test.filter.Product#19
14:12:28,991 DEBUG BaseGeneralDataRegion:69 - Evicting[hibernate.test.org.hibernate.test.filter.LineItem]: org.hibernate.test.filter.LineItem#13
14:12:28,991 DEBUG BaseGeneralDataRegion:69 - Evicting[hibernate.test.org.hibernate.test.filter.Order]: org.hibernate.test.filter.Order#13
14:12:28,991 DEBUG BaseGeneralDataRegion:69 - Evicting[hibernate.test.org.hibernate.test.filter.Category]: org.hibernate.test.filter.Category#21
14:12:28,991 DEBUG BaseGeneralDataRegion:69 - Evicting[hibernate.test.org.hibernate.test.filter.Product]: org.hibernate.test.filter.Product#20
14:12:28,991 DEBUG BaseGeneralDataRegion:69 - Evicting[hibernate.test.org.hibernate.test.filter.Product]: org.hibernate.test.filter.Product#21
14:12:28,991 DEBUG BaseGeneralDataRegion:69 - Evicting[hibernate.test.org.hibernate.test.filter.LineItem]: org.hibernate.test.filter.LineItem#14
14:12:28,991 DEBUG BaseGeneralDataRegion:69 - Evicting[hibernate.test.org.hibernate.test.filter.Order]: org.hibernate.test.filter.Order#14
14:12:28,991 DEBUG BaseGeneralDataRegion:59 - Caching[hibernate.test.org.hibernate.cache.spi.UpdateTimestampsCache] : [CATEGORY] -> [5579089301467136]
14:12:28,992 DEBUG BaseGeneralDataRegion:59 - Caching[hibernate.test.org.hibernate.cache.spi.UpdateTimestampsCache] : [ORDER_ITEM] -> [5579089301467136]
14:12:28,992 DEBUG BaseGeneralDataRegion:59 - Caching[hibernate.test.org.hibernate.cache.spi.UpdateTimestampsCache] : [SALES_PERSON] -> [5579089301467136]
14:12:28,992 DEBUG BaseGeneralDataRegion:59 - Caching[hibernate.test.org.hibernate.cache.spi.UpdateTimestampsCache] : [T_ORDER] -> [5579089301467136]
14:12:28,992 DEBUG BaseGeneralDataRegion:59 - Caching[hibernate.test.org.hibernate.cache.spi.UpdateTimestampsCache] : [PRODUCT] -> [5579089301467136]
14:12:28,992 DEBUG BaseGeneralDataRegion:59 - Caching[hibernate.test.org.hibernate.cache.spi.UpdateTimestampsCache] : [DEPARTMENT] -> [5579089301467136]
14:12:28,992 DEBUG BaseGeneralDataRegion:59 - Caching[hibernate.test.org.hibernate.cache.spi.UpdateTimestampsCache] : [PROD_CAT] -> [5579089301467136]
14:12:28,992  INFO CustomRunner:139 - Test: testGetFilters
14:12:29,000  INFO DynamicFilterTest:599 - Starting get() filter tests (eager assoc. fetching).
14:12:29,001 DEBUG SQL:104 - 
    insert 
    into
        DEPARTMENT
        (DEPT_ID, REG) 
    values
        (null, ?)
14:12:29,001 DEBUG BaseGeneralDataRegion:59 - Caching[hibernate.test.org.hibernate.cache.spi.UpdateTimestampsCache] : [DEPARTMENT] -> [5579089547268096]
14:12:29,002 DEBUG SQL:104 - 
    insert 
    into
        SALES_PERSON
        (SALES_PERSON_ID, NAME, REG, DEPT_ID, "hire dt") 
    values
        (null, ?, ?, ?, ?)
14:12:29,002 DEBUG BaseGeneralDataRegion:59 - Caching[hibernate.test.org.hibernate.cache.spi.UpdateTimestampsCache] : [SALES_PERSON] -> [5579089547272192]
14:12:29,002 DEBUG SQL:104 - 
    insert 
    into
        SALES_PERSON
        (SALES_PERSON_ID, NAME, REG, DEPT_ID, "hire dt") 
    values
        (null, ?, ?, ?, ?)
14:12:29,002 DEBUG BaseGeneralDataRegion:59 - Caching[hibernate.test.org.hibernate.cache.spi.UpdateTimestampsCache] : [SALES_PERSON] -> [5579089547272193]
14:12:29,003 DEBUG SQL:104 - 
    insert 
    into
        PRODUCT
        (PROD_ID, name, STOCK_NUM, weight_kg, eff_start_dt, eff_end_dt) 
    values
        (null, ?, ?, 0.453E0 * ?, ?, ?)
14:12:29,011 DEBUG BaseGeneralDataRegion:59 - Caching[hibernate.test.org.hibernate.cache.spi.UpdateTimestampsCache] : [PRODUCT] -> [5579089547309056]
14:12:29,012 DEBUG SQL:104 - 
    insert 
    into
        CATEGORY
        (CAT_ID, name, eff_start_dt, eff_end_dt) 
    values
        (null, ?, ?, ?)
14:12:29,012 DEBUG BaseGeneralDataRegion:59 - Caching[hibernate.test.org.hibernate.cache.spi.UpdateTimestampsCache] : [CATEGORY] -> [5579089547313152]
14:12:29,012 DEBUG SQL:104 - 
    insert 
    into
        CATEGORY
        (CAT_ID, name, eff_start_dt, eff_end_dt) 
    values
        (null, ?, ?, ?)
14:12:29,013 DEBUG BaseGeneralDataRegion:59 - Caching[hibernate.test.org.hibernate.cache.spi.UpdateTimestampsCache] : [CATEGORY] -> [5579089547317248]
14:12:29,013 DEBUG SQL:104 - 
    insert 
    into
        T_ORDER
        (ORDER_ID, REG, BUYER, "ord dt", "close dt", SALES_PERSON_ID) 
    values
        (null, ?, ?, ?, ?, ?)
14:12:29,014 DEBUG BaseGeneralDataRegion:59 - Caching[hibernate.test.org.hibernate.cache.spi.UpdateTimestampsCache] : [T_ORDER] -> [5579089547321344]
14:12:29,014 DEBUG SQL:104 - 
    insert 
    into
        ORDER_ITEM
        (ITEM_ID, ORDER_ID, SEQ, PRODUCT_ID, AMT) 
    values
        (null, ?, ?, ?, ?)
14:12:29,022 DEBUG BaseGeneralDataRegion:59 - Caching[hibernate.test.org.hibernate.cache.spi.UpdateTimestampsCache] : [ORDER_ITEM] -> [5579089547354112]
14:12:29,022 DEBUG SQL:104 - 
    insert 
    into
        PRODUCT
        (PROD_ID, name, STOCK_NUM, weight_kg, eff_start_dt, eff_end_dt) 
    values
        (null, ?, ?, 0.453E0 * ?, ?, ?)
14:12:29,023 DEBUG BaseGeneralDataRegion:59 - Caching[hibernate.test.org.hibernate.cache.spi.UpdateTimestampsCache] : [PRODUCT] -> [5579089547358208]
14:12:29,023 DEBUG SQL:104 - 
    insert 
    into
        CATEGORY
        (CAT_ID, name, eff_start_dt, eff_end_dt) 
    values
        (null, ?, ?, ?)
14:12:29,023 DEBUG BaseGeneralDataRegion:59 - Caching[hibernate.test.org.hibernate.cache.spi.UpdateTimestampsCache] : [CATEGORY] -> [5579089547358209]
14:12:29,023 DEBUG SQL:104 - 
    insert 
    into
        PRODUCT
        (PROD_ID, name, STOCK_NUM, weight_kg, eff_start_dt, eff_end_dt) 
    values
        (null, ?, ?, 0.453E0 * ?, ?, ?)
14:12:29,032 DEBUG BaseGeneralDataRegion:59 - Caching[hibernate.test.org.hibernate.cache.spi.UpdateTimestampsCache] : [PRODUCT] -> [5579089547395072]
14:12:29,033 DEBUG SQL:104 - 
    insert 
    into
        T_ORDER
        (ORDER_ID, REG, BUYER, "ord dt", "close dt", SALES_PERSON_ID) 
    values
        (null, ?, ?, ?, ?, ?)
14:12:29,034 DEBUG BaseGeneralDataRegion:59 - Caching[hibernate.test.org.hibernate.cache.spi.UpdateTimestampsCache] : [T_ORDER] -> [5579089547403264]
14:12:29,034 DEBUG SQL:104 - 
    insert 
    into
        ORDER_ITEM
        (ITEM_ID, ORDER_ID, SEQ, PRODUCT_ID, AMT) 
    values
        (null, ?, ?, ?, ?)
14:12:29,035 DEBUG BaseGeneralDataRegion:59 - Caching[hibernate.test.org.hibernate.cache.spi.UpdateTimestampsCache] : [ORDER_ITEM] -> [5579089547407360]
14:12:29,036 DEBUG SQL:104 - 
    update
        PRODUCT 
    set
        name=?,
        STOCK_NUM=?,
        weight_kg=0.453E0 * ?,
        eff_start_dt=?,
        eff_end_dt=? 
    where
        PROD_ID=?
14:12:29,037 DEBUG BaseGeneralDataRegion:69 - Evicting[hibernate.test.org.hibernate.test.filter.Product]: org.hibernate.test.filter.Product#22
14:12:29,037 DEBUG BaseGeneralDataRegion:59 - Caching[hibernate.test.org.hibernate.cache.spi.UpdateTimestampsCache] : [PRODUCT] -> [5579089547415552]
14:12:29,043 DEBUG BaseGeneralDataRegion:69 - Evicting[hibernate.test.org.hibernate.test.filter.Department.salespersons]: org.hibernate.test.filter.Department.salespersons#8
14:12:29,043 DEBUG BaseGeneralDataRegion:59 - Caching[hibernate.test.org.hibernate.cache.spi.UpdateTimestampsCache] : [SALES_PERSON] -> [5579089547440128]
14:12:29,043 DEBUG BaseGeneralDataRegion:69 - Evicting[hibernate.test.org.hibernate.test.filter.Salesperson.orders]: org.hibernate.test.filter.Salesperson.orders#19
14:12:29,043 DEBUG BaseGeneralDataRegion:59 - Caching[hibernate.test.org.hibernate.cache.spi.UpdateTimestampsCache] : [T_ORDER] -> [5579089547440129]
14:12:29,043 DEBUG BaseGeneralDataRegion:69 - Evicting[hibernate.test.org.hibernate.test.filter.Salesperson.orders]: org.hibernate.test.filter.Salesperson.orders#20
14:12:29,043 DEBUG BaseGeneralDataRegion:59 - Caching[hibernate.test.org.hibernate.cache.spi.UpdateTimestampsCache] : [T_ORDER] -> [5579089547440130]
14:12:29,044 DEBUG SQL:104 - 
    insert 
    into
        PROD_CAT
        (PROD_ID, CAT_ID) 
    values
        (?, ?)
14:12:29,044 DEBUG SQL:104 - 
    insert 
    into
        PROD_CAT
        (PROD_ID, CAT_ID) 
    values
        (?, ?)
14:12:29,044 DEBUG BaseGeneralDataRegion:69 - Evicting[hibernate.test.org.hibernate.test.filter.Product.categories]: org.hibernate.test.filter.Product.categories#22
14:12:29,044 DEBUG BaseGeneralDataRegion:59 - Caching[hibernate.test.org.hibernate.cache.spi.UpdateTimestampsCache] : [PROD_CAT] -> [5579089547444224]
14:12:29,044 DEBUG BaseGeneralDataRegion:69 - Evicting[hibernate.test.org.hibernate.test.filter.Category.products]: org.hibernate.test.filter.Category.products#22
14:12:29,044 DEBUG BaseGeneralDataRegion:59 - Caching[hibernate.test.org.hibernate.cache.spi.UpdateTimestampsCache] : [PROD_CAT] -> [5579089547444225]
14:12:29,044 DEBUG BaseGeneralDataRegion:69 - Evicting[hibernate.test.org.hibernate.test.filter.Category.products]: org.hibernate.test.filter.Category.products#23
14:12:29,045 DEBUG BaseGeneralDataRegion:59 - Caching[hibernate.test.org.hibernate.cache.spi.UpdateTimestampsCache] : [PROD_CAT] -> [5579089547448320]
14:12:29,045 DEBUG BaseGeneralDataRegion:69 - Evicting[hibernate.test.org.hibernate.test.filter.Order.lineItems]: org.hibernate.test.filter.Order.lineItems#15
14:12:29,045 DEBUG BaseGeneralDataRegion:59 - Caching[hibernate.test.org.hibernate.cache.spi.UpdateTimestampsCache] : [ORDER_ITEM] -> [5579089547448321]
14:12:29,045 DEBUG SQL:104 - 
    insert 
    into
        PROD_CAT
        (PROD_ID, CAT_ID) 
    values
        (?, ?)
14:12:29,045 DEBUG BaseGeneralDataRegion:69 - Evicting[hibernate.test.org.hibernate.test.filter.Product.categories]: org.hibernate.test.filter.Product.categories#23
14:12:29,045 DEBUG BaseGeneralDataRegion:59 - Caching[hibernate.test.org.hibernate.cache.spi.UpdateTimestampsCache] : [PROD_CAT] -> [5579089547448322]
14:12:29,045 DEBUG BaseGeneralDataRegion:69 - Evicting[hibernate.test.org.hibernate.test.filter.Category.products]: org.hibernate.test.filter.Category.products#24
14:12:29,045 DEBUG BaseGeneralDataRegion:59 - Caching[hibernate.test.org.hibernate.cache.spi.UpdateTimestampsCache] : [PROD_CAT] -> [5579089547448323]
14:12:29,045 DEBUG BaseGeneralDataRegion:69 - Evicting[hibernate.test.org.hibernate.test.filter.Order.lineItems]: org.hibernate.test.filter.Order.lineItems#16
14:12:29,045 DEBUG BaseGeneralDataRegion:59 - Caching[hibernate.test.org.hibernate.cache.spi.UpdateTimestampsCache] : [ORDER_ITEM] -> [5579089547448324]
14:12:29,046 DEBUG BaseGeneralDataRegion:69 - Evicting[hibernate.test.org.hibernate.test.filter.Product]: org.hibernate.test.filter.Product#22
14:12:29,046 DEBUG BaseGeneralDataRegion:69 - Evicting[hibernate.test.org.hibernate.test.filter.Department.salespersons]: org.hibernate.test.filter.Department.salespersons#8
14:12:29,046 DEBUG BaseGeneralDataRegion:69 - Evicting[hibernate.test.org.hibernate.test.filter.Salesperson.orders]: org.hibernate.test.filter.Salesperson.orders#19
14:12:29,046 DEBUG BaseGeneralDataRegion:69 - Evicting[hibernate.test.org.hibernate.test.filter.Salesperson.orders]: org.hibernate.test.filter.Salesperson.orders#20
14:12:29,046 DEBUG BaseGeneralDataRegion:69 - Evicting[hibernate.test.org.hibernate.test.filter.Product.categories]: org.hibernate.test.filter.Product.categories#22
14:12:29,046 DEBUG BaseGeneralDataRegion:69 - Evicting[hibernate.test.org.hibernate.test.filter.Category.products]: org.hibernate.test.filter.Category.products#22
14:12:29,046 DEBUG BaseGeneralDataRegion:69 - Evicting[hibernate.test.org.hibernate.test.filter.Category.products]: org.hibernate.test.filter.Category.products#23
14:12:29,046 DEBUG BaseGeneralDataRegion:69 - Evicting[hibernate.test.org.hibernate.test.filter.Order.lineItems]: org.hibernate.test.filter.Order.lineItems#15
14:12:29,046 DEBUG BaseGeneralDataRegion:69 - Evicting[hibernate.test.org.hibernate.test.filter.Product.categories]: org.hibernate.test.filter.Product.categories#23
14:12:29,046 DEBUG BaseGeneralDataRegion:69 - Evicting[hibernate.test.org.hibernate.test.filter.Category.products]: org.hibernate.test.filter.Category.products#24
14:12:29,047 DEBUG BaseGeneralDataRegion:69 - Evicting[hibernate.test.org.hibernate.test.filter.Order.lineItems]: org.hibernate.test.filter.Order.lineItems#16
14:12:29,047 DEBUG BaseGeneralDataRegion:59 - Caching[hibernate.test.org.hibernate.cache.spi.UpdateTimestampsCache] : [ORDER_ITEM] -> [5579089301696512]
14:12:29,047 DEBUG BaseGeneralDataRegion:59 - Caching[hibernate.test.org.hibernate.cache.spi.UpdateTimestampsCache] : [CATEGORY] -> [5579089301696512]
14:12:29,047 DEBUG BaseGeneralDataRegion:59 - Caching[hibernate.test.org.hibernate.cache.spi.UpdateTimestampsCache] : [SALES_PERSON] -> [5579089301696512]
14:12:29,056 DEBUG BaseGeneralDataRegion:59 - Caching[hibernate.test.org.hibernate.cache.spi.UpdateTimestampsCache] : [T_ORDER] -> [5579089301696512]
14:12:29,056 DEBUG BaseGeneralDataRegion:59 - Caching[hibernate.test.org.hibernate.cache.spi.UpdateTimestampsCache] : [PRODUCT] -> [5579089301696512]
14:12:29,056 DEBUG BaseGeneralDataRegion:59 - Caching[hibernate.test.org.hibernate.cache.spi.UpdateTimestampsCache] : [DEPARTMENT] -> [5579089301696512]
14:12:29,056 DEBUG BaseGeneralDataRegion:59 - Caching[hibernate.test.org.hibernate.cache.spi.UpdateTimestampsCache] : [PROD_CAT] -> [5579089301696512]
14:12:29,057  INFO DynamicFilterTest:606 - Performing get()...
14:12:29,057 DEBUG BaseGeneralDataRegion:46 - Cache[hibernate.test.org.hibernate.test.filter.Salesperson] lookup : key[org.hibernate.test.filter.Salesperson#19]
14:12:29,057 DEBUG SQL:104 - 
    select
        salesperso0_.SALES_PERSON_ID as SALES1_5_1_,
        salesperso0_.NAME as NAME5_1_,
        salesperso0_.REG as REG5_1_,
        salesperso0_.DEPT_ID as DEPT4_5_1_,
        salesperso0_."hire dt" as hire5_5_1_,
        orders1_.SALES_PERSON_ID as SALES6_5_3_,
        orders1_.ORDER_ID as ORDER1_6_3_,
        orders1_.ORDER_ID as ORDER1_6_0_,
        orders1_.REG as REG6_0_,
        orders1_.BUYER as BUYER6_0_,
        orders1_."ord dt" as ord4_6_0_,
        orders1_."close dt" as close5_6_0_,
        orders1_.SALES_PERSON_ID as SALES6_6_0_ 
    from
        SALES_PERSON salesperso0_ 
    left outer join
        T_ORDER orders1_ 
            on salesperso0_.SALES_PERSON_ID=orders1_.SALES_PERSON_ID 
            and orders1_.REG = ? 
    where
        salesperso0_.SALES_PERSON_ID=?
14:12:29,067 DEBUG BaseRegionAccessStrategy:66 - Caching: org.hibernate.test.filter.Order#15
14:12:29,067 DEBUG BaseGeneralDataRegion:59 - Caching[hibernate.test.org.hibernate.test.filter.Order] : [org.hibernate.test.filter.Order#15] -> [CacheEntry(org.hibernate.test.filter.Order)[APAC,gavin,2012-08-28 14:12:29.0,2012-10-28 14:12:29.0,19,15]]
14:12:29,068 DEBUG BaseRegionAccessStrategy:66 - Caching: org.hibernate.test.filter.Salesperson#19
14:12:29,068 DEBUG BaseGeneralDataRegion:59 - Caching[hibernate.test.org.hibernate.test.filter.Salesperson] : [org.hibernate.test.filter.Salesperson#19] -> [CacheEntry(org.hibernate.test.filter.Salesperson)[steve,APAC,8,2012-08-28 14:12:29.0,19]]
14:12:29,069 DEBUG SQL:104 - 
    update
        SALES_PERSON 
    set
        NAME=?,
        REG=?,
        DEPT_ID=?,
        "hire dt"=? 
    where
        SALES_PERSON_ID=?
14:12:29,070 DEBUG BaseGeneralDataRegion:69 - Evicting[hibernate.test.org.hibernate.test.filter.Salesperson]: org.hibernate.test.filter.Salesperson#19
14:12:29,070 DEBUG BaseGeneralDataRegion:59 - Caching[hibernate.test.org.hibernate.cache.spi.UpdateTimestampsCache] : [SALES_PERSON] -> [5579089547550720]
14:12:29,070 DEBUG SQL:104 - 
    update
        SALES_PERSON 
    set
        NAME=?,
        REG=?,
        DEPT_ID=?,
        "hire dt"=? 
    where
        SALES_PERSON_ID=?
14:12:29,070 DEBUG BaseGeneralDataRegion:69 - Evicting[hibernate.test.org.hibernate.test.filter.Salesperson]: org.hibernate.test.filter.Salesperson#20
14:12:29,070 DEBUG BaseGeneralDataRegion:59 - Caching[hibernate.test.org.hibernate.cache.spi.UpdateTimestampsCache] : [SALES_PERSON] -> [5579089547550721]
14:12:29,070 DEBUG SQL:104 - 
    update
        T_ORDER 
    set
        REG=?,
        BUYER=?,
        "ord dt"=?,
        "close dt"=?,
        SALES_PERSON_ID=? 
    where
        ORDER_ID=?
14:12:29,071 DEBUG BaseGeneralDataRegion:69 - Evicting[hibernate.test.org.hibernate.test.filter.Order]: org.hibernate.test.filter.Order#15
14:12:29,071 DEBUG BaseGeneralDataRegion:59 - Caching[hibernate.test.org.hibernate.cache.spi.UpdateTimestampsCache] : [T_ORDER] -> [5579089547554816]
14:12:29,071 DEBUG SQL:104 - 
    update
        ORDER_ITEM 
    set
        ORDER_ID=?,
        SEQ=?,
        PRODUCT_ID=?,
        AMT=? 
    where
        ITEM_ID=?
14:12:29,089 DEBUG BaseGeneralDataRegion:69 - Evicting[hibernate.test.org.hibernate.test.filter.LineItem]: org.hibernate.test.filter.LineItem#15
14:12:29,090 DEBUG BaseGeneralDataRegion:59 - Caching[hibernate.test.org.hibernate.cache.spi.UpdateTimestampsCache] : [ORDER_ITEM] -> [5579089547632640]
14:12:29,090 DEBUG SQL:104 - 
    update
        T_ORDER 
    set
        REG=?,
        BUYER=?,
        "ord dt"=?,
        "close dt"=?,
        SALES_PERSON_ID=? 
    where
        ORDER_ID=?
14:12:29,090 DEBUG BaseGeneralDataRegion:69 - Evicting[hibernate.test.org.hibernate.test.filter.Order]: org.hibernate.test.filter.Order#16
14:12:29,090 DEBUG BaseGeneralDataRegion:59 - Caching[hibernate.test.org.hibernate.cache.spi.UpdateTimestampsCache] : [T_ORDER] -> [5579089547632641]
14:12:29,090 DEBUG SQL:104 - 
    update
        ORDER_ITEM 
    set
        ORDER_ID=?,
        SEQ=?,
        PRODUCT_ID=?,
        AMT=? 
    where
        ITEM_ID=?
14:12:29,100 DEBUG BaseGeneralDataRegion:69 - Evicting[hibernate.test.org.hibernate.test.filter.LineItem]: org.hibernate.test.filter.LineItem#16
14:12:29,100 DEBUG BaseGeneralDataRegion:59 - Caching[hibernate.test.org.hibernate.cache.spi.UpdateTimestampsCache] : [ORDER_ITEM] -> [5579089547673600]
14:12:29,100 DEBUG BaseGeneralDataRegion:69 - Evicting[hibernate.test.org.hibernate.test.filter.Product.orderLineItems]: org.hibernate.test.filter.Product.orderLineItems#22
14:12:29,100 DEBUG BaseGeneralDataRegion:59 - Caching[hibernate.test.org.hibernate.cache.spi.UpdateTimestampsCache] : [ORDER_ITEM] -> [5579089547673601]
14:12:29,100 DEBUG BaseGeneralDataRegion:69 - Evicting[hibernate.test.org.hibernate.test.filter.Product.orderLineItems]: org.hibernate.test.filter.Product.orderLineItems#23
14:12:29,100 DEBUG BaseGeneralDataRegion:59 - Caching[hibernate.test.org.hibernate.cache.spi.UpdateTimestampsCache] : [ORDER_ITEM] -> [5579089547673602]
14:12:29,101 DEBUG BaseGeneralDataRegion:69 - Evicting[hibernate.test.org.hibernate.test.filter.Product.orderLineItems]: org.hibernate.test.filter.Product.orderLineItems#24
14:12:29,101 DEBUG BaseGeneralDataRegion:59 - Caching[hibernate.test.org.hibernate.cache.spi.UpdateTimestampsCache] : [ORDER_ITEM] -> [5579089547677696]
14:12:29,101 DEBUG SQL:104 - 
    delete 
    from
        PROD_CAT 
    where
        PROD_ID=?
14:12:29,101 DEBUG BaseGeneralDataRegion:69 - Evicting[hibernate.test.org.hibernate.test.filter.Product.categories]: org.hibernate.test.filter.Product.categories#24
14:12:29,102 DEBUG BaseGeneralDataRegion:59 - Caching[hibernate.test.org.hibernate.cache.spi.UpdateTimestampsCache] : [PROD_CAT] -> [5579089547681792]
14:12:29,102 DEBUG BaseGeneralDataRegion:69 - Evicting[hibernate.test.org.hibernate.test.filter.Department.salespersons]: org.hibernate.test.filter.Department.salespersons#8
14:12:29,102 DEBUG BaseGeneralDataRegion:59 - Caching[hibernate.test.org.hibernate.cache.spi.UpdateTimestampsCache] : [SALES_PERSON] -> [5579089547681793]
14:12:29,102 DEBUG BaseGeneralDataRegion:69 - Evicting[hibernate.test.org.hibernate.test.filter.Salesperson.orders]: org.hibernate.test.filter.Salesperson.orders#19
14:12:29,102 DEBUG BaseGeneralDataRegion:59 - Caching[hibernate.test.org.hibernate.cache.spi.UpdateTimestampsCache] : [T_ORDER] -> [5579089547681794]
14:12:29,102 DEBUG BaseGeneralDataRegion:69 - Evicting[hibernate.test.org.hibernate.test.filter.Salesperson.orders]: org.hibernate.test.filter.Salesperson.orders#20
14:12:29,103 DEBUG BaseGeneralDataRegion:59 - Caching[hibernate.test.org.hibernate.cache.spi.UpdateTimestampsCache] : [T_ORDER] -> [5579089547685888]
14:12:29,103 DEBUG SQL:104 - 
    delete 
    from
        PROD_CAT 
    where
        PROD_ID=?
14:12:29,110 DEBUG BaseGeneralDataRegion:69 - Evicting[hibernate.test.org.hibernate.test.filter.Product.categories]: org.hibernate.test.filter.Product.categories#22
14:12:29,110 DEBUG BaseGeneralDataRegion:59 - Caching[hibernate.test.org.hibernate.cache.spi.UpdateTimestampsCache] : [PROD_CAT] -> [5579089547714560]
14:12:29,110 DEBUG BaseGeneralDataRegion:69 - Evicting[hibernate.test.org.hibernate.test.filter.Category.products]: org.hibernate.test.filter.Category.products#22
14:12:29,110 DEBUG BaseGeneralDataRegion:59 - Caching[hibernate.test.org.hibernate.cache.spi.UpdateTimestampsCache] : [PROD_CAT] -> [5579089547714561]
14:12:29,111 DEBUG BaseGeneralDataRegion:69 - Evicting[hibernate.test.org.hibernate.test.filter.Category.products]: org.hibernate.test.filter.Category.products#23
14:12:29,111 DEBUG BaseGeneralDataRegion:59 - Caching[hibernate.test.org.hibernate.cache.spi.UpdateTimestampsCache] : [PROD_CAT] -> [5579089547718656]
14:12:29,111 DEBUG BaseGeneralDataRegion:69 - Evicting[hibernate.test.org.hibernate.test.filter.Order.lineItems]: org.hibernate.test.filter.Order.lineItems#15
14:12:29,111 DEBUG BaseGeneralDataRegion:59 - Caching[hibernate.test.org.hibernate.cache.spi.UpdateTimestampsCache] : [ORDER_ITEM] -> [5579089547718657]
14:12:29,111 DEBUG SQL:104 - 
    delete 
    from
        PROD_CAT 
    where
        PROD_ID=?
14:12:29,112 DEBUG BaseGeneralDataRegion:69 - Evicting[hibernate.test.org.hibernate.test.filter.Product.categories]: org.hibernate.test.filter.Product.categories#23
14:12:29,112 DEBUG BaseGeneralDataRegion:59 - Caching[hibernate.test.org.hibernate.cache.spi.UpdateTimestampsCache] : [PROD_CAT] -> [5579089547722752]
14:12:29,112 DEBUG BaseGeneralDataRegion:69 - Evicting[hibernate.test.org.hibernate.test.filter.Category.products]: org.hibernate.test.filter.Category.products#24
14:12:29,112 DEBUG BaseGeneralDataRegion:59 - Caching[hibernate.test.org.hibernate.cache.spi.UpdateTimestampsCache] : [PROD_CAT] -> [5579089547722753]
14:12:29,112 DEBUG BaseGeneralDataRegion:69 - Evicting[hibernate.test.org.hibernate.test.filter.Order.lineItems]: org.hibernate.test.filter.Order.lineItems#16
14:12:29,112 DEBUG BaseGeneralDataRegion:59 - Caching[hibernate.test.org.hibernate.cache.spi.UpdateTimestampsCache] : [ORDER_ITEM] -> [5579089547722754]
14:12:29,113 DEBUG SQL:104 - 
    delete 
    from
        DEPARTMENT 
    where
        DEPT_ID=?
14:12:29,113 DEBUG BaseGeneralDataRegion:69 - Evicting[hibernate.test.org.hibernate.test.filter.Department]: org.hibernate.test.filter.Department#8
14:12:29,113 DEBUG BaseGeneralDataRegion:59 - Caching[hibernate.test.org.hibernate.cache.spi.UpdateTimestampsCache] : [DEPARTMENT] -> [5579089547726848]
14:12:29,120 DEBUG SQL:104 - 
    delete 
    from
        SALES_PERSON 
    where
        SALES_PERSON_ID=?
14:12:29,121 DEBUG BaseGeneralDataRegion:69 - Evicting[hibernate.test.org.hibernate.test.filter.Salesperson]: org.hibernate.test.filter.Salesperson#19
14:12:29,121 DEBUG BaseGeneralDataRegion:59 - Caching[hibernate.test.org.hibernate.cache.spi.UpdateTimestampsCache] : [SALES_PERSON] -> [5579089547759616]
14:12:29,121 DEBUG SQL:104 - 
    delete 
    from
        SALES_PERSON 
    where
        SALES_PERSON_ID=?
14:12:29,121 DEBUG BaseGeneralDataRegion:69 - Evicting[hibernate.test.org.hibernate.test.filter.Salesperson]: org.hibernate.test.filter.Salesperson#20
14:12:29,121 DEBUG BaseGeneralDataRegion:59 - Caching[hibernate.test.org.hibernate.cache.spi.UpdateTimestampsCache] : [SALES_PERSON] -> [5579089547759617]
14:12:29,122 DEBUG SQL:104 - 
    delete 
    from
        CATEGORY 
    where
        CAT_ID=?
14:12:29,122 DEBUG BaseGeneralDataRegion:69 - Evicting[hibernate.test.org.hibernate.test.filter.Category]: org.hibernate.test.filter.Category#22
14:12:29,122 DEBUG BaseGeneralDataRegion:59 - Caching[hibernate.test.org.hibernate.cache.spi.UpdateTimestampsCache] : [CATEGORY] -> [5579089547763712]
14:12:29,122 DEBUG SQL:104 - 
    delete 
    from
        CATEGORY 
    where
        CAT_ID=?
14:12:29,132 DEBUG BaseGeneralDataRegion:69 - Evicting[hibernate.test.org.hibernate.test.filter.Category]: org.hibernate.test.filter.Category#23
14:12:29,132 DEBUG BaseGeneralDataRegion:59 - Caching[hibernate.test.org.hibernate.cache.spi.UpdateTimestampsCache] : [CATEGORY] -> [5579089547804672]
14:12:29,132 DEBUG SQL:104 - 
    delete 
    from
        PRODUCT 
    where
        PROD_ID=?
14:12:29,132 DEBUG BaseGeneralDataRegion:69 - Evicting[hibernate.test.org.hibernate.test.filter.Product]: org.hibernate.test.filter.Product#22
14:12:29,133 DEBUG BaseGeneralDataRegion:59 - Caching[hibernate.test.org.hibernate.cache.spi.UpdateTimestampsCache] : [PRODUCT] -> [5579089547804673]
14:12:29,133 DEBUG SQL:104 - 
    delete 
    from
        ORDER_ITEM 
    where
        ITEM_ID=?
14:12:29,133 DEBUG BaseGeneralDataRegion:69 - Evicting[hibernate.test.org.hibernate.test.filter.LineItem]: org.hibernate.test.filter.LineItem#15
14:12:29,133 DEBUG BaseGeneralDataRegion:59 - Caching[hibernate.test.org.hibernate.cache.spi.UpdateTimestampsCache] : [ORDER_ITEM] -> [5579089547808768]
14:12:29,133 DEBUG SQL:104 - 
    delete 
    from
        T_ORDER 
    where
        ORDER_ID=?
14:12:29,133 DEBUG BaseGeneralDataRegion:69 - Evicting[hibernate.test.org.hibernate.test.filter.Order]: org.hibernate.test.filter.Order#15
14:12:29,133 DEBUG BaseGeneralDataRegion:59 - Caching[hibernate.test.org.hibernate.cache.spi.UpdateTimestampsCache] : [T_ORDER] -> [5579089547808769]
14:12:29,133 DEBUG SQL:104 - 
    delete 
    from
        CATEGORY 
    where
        CAT_ID=?
14:12:29,143 DEBUG BaseGeneralDataRegion:69 - Evicting[hibernate.test.org.hibernate.test.filter.Category]: org.hibernate.test.filter.Category#24
14:12:29,143 DEBUG BaseGeneralDataRegion:59 - Caching[hibernate.test.org.hibernate.cache.spi.UpdateTimestampsCache] : [CATEGORY] -> [5579089547849728]
14:12:29,143 DEBUG SQL:104 - 
    delete 
    from
        PRODUCT 
    where
        PROD_ID=?
14:12:29,144 DEBUG BaseGeneralDataRegion:69 - Evicting[hibernate.test.org.hibernate.test.filter.Product]: org.hibernate.test.filter.Product#23
14:12:29,144 DEBUG BaseGeneralDataRegion:59 - Caching[hibernate.test.org.hibernate.cache.spi.UpdateTimestampsCache] : [PRODUCT] -> [5579089547853824]
14:12:29,144 DEBUG SQL:104 - 
    delete 
    from
        PRODUCT 
    where
        PROD_ID=?
14:12:29,144 DEBUG BaseGeneralDataRegion:69 - Evicting[hibernate.test.org.hibernate.test.filter.Product]: org.hibernate.test.filter.Product#24
14:12:29,144 DEBUG BaseGeneralDataRegion:59 - Caching[hibernate.test.org.hibernate.cache.spi.UpdateTimestampsCache] : [PRODUCT] -> [5579089547853825]
14:12:29,144 DEBUG SQL:104 - 
    delete 
    from
        ORDER_ITEM 
    where
        ITEM_ID=?
14:12:29,144 DEBUG BaseGeneralDataRegion:69 - Evicting[hibernate.test.org.hibernate.test.filter.LineItem]: org.hibernate.test.filter.LineItem#16
14:12:29,145 DEBUG BaseGeneralDataRegion:59 - Caching[hibernate.test.org.hibernate.cache.spi.UpdateTimestampsCache] : [ORDER_ITEM] -> [5579089547857920]
14:12:29,145 DEBUG SQL:104 - 
    delete 
    from
        T_ORDER 
    where
        ORDER_ID=?
14:12:29,153 DEBUG BaseGeneralDataRegion:69 - Evicting[hibernate.test.org.hibernate.test.filter.Order]: org.hibernate.test.filter.Order#16
14:12:29,153 DEBUG BaseGeneralDataRegion:59 - Caching[hibernate.test.org.hibernate.cache.spi.UpdateTimestampsCache] : [T_ORDER] -> [5579089547890688]
14:12:29,153 DEBUG BaseGeneralDataRegion:69 - Evicting[hibernate.test.org.hibernate.test.filter.Salesperson]: org.hibernate.test.filter.Salesperson#19
14:12:29,153 DEBUG BaseGeneralDataRegion:69 - Evicting[hibernate.test.org.hibernate.test.filter.Salesperson]: org.hibernate.test.filter.Salesperson#20
14:12:29,153 DEBUG BaseGeneralDataRegion:69 - Evicting[hibernate.test.org.hibernate.test.filter.Order]: org.hibernate.test.filter.Order#15
14:12:29,153 DEBUG BaseGeneralDataRegion:69 - Evicting[hibernate.test.org.hibernate.test.filter.LineItem]: org.hibernate.test.filter.LineItem#15
14:12:29,154 DEBUG BaseGeneralDataRegion:69 - Evicting[hibernate.test.org.hibernate.test.filter.Order]: org.hibernate.test.filter.Order#16
14:12:29,154 DEBUG BaseGeneralDataRegion:69 - Evicting[hibernate.test.org.hibernate.test.filter.LineItem]: org.hibernate.test.filter.LineItem#16
14:12:29,154 DEBUG BaseGeneralDataRegion:69 - Evicting[hibernate.test.org.hibernate.test.filter.Product.orderLineItems]: org.hibernate.test.filter.Product.orderLineItems#22
14:12:29,154 DEBUG BaseGeneralDataRegion:69 - Evicting[hibernate.test.org.hibernate.test.filter.Product.orderLineItems]: org.hibernate.test.filter.Product.orderLineItems#23
14:12:29,154 DEBUG BaseGeneralDataRegion:69 - Evicting[hibernate.test.org.hibernate.test.filter.Product.orderLineItems]: org.hibernate.test.filter.Product.orderLineItems#24
14:12:29,154 DEBUG BaseGeneralDataRegion:69 - Evicting[hibernate.test.org.hibernate.test.filter.Product.categories]: org.hibernate.test.filter.Product.categories#24
14:12:29,154 DEBUG BaseGeneralDataRegion:69 - Evicting[hibernate.test.org.hibernate.test.filter.Department.salespersons]: org.hibernate.test.filter.Department.salespersons#8
14:12:29,154 DEBUG BaseGeneralDataRegion:69 - Evicting[hibernate.test.org.hibernate.test.filter.Salesperson.orders]: org.hibernate.test.filter.Salesperson.orders#19
14:12:29,154 DEBUG BaseGeneralDataRegion:69 - Evicting[hibernate.test.org.hibernate.test.filter.Salesperson.orders]: org.hibernate.test.filter.Salesperson.orders#20
14:12:29,154 DEBUG BaseGeneralDataRegion:69 - Evicting[hibernate.test.org.hibernate.test.filter.Product.categories]: org.hibernate.test.filter.Product.categories#22
14:12:29,154 DEBUG BaseGeneralDataRegion:69 - Evicting[hibernate.test.org.hibernate.test.filter.Category.products]: org.hibernate.test.filter.Category.products#22
14:12:29,155 DEBUG BaseGeneralDataRegion:69 - Evicting[hibernate.test.org.hibernate.test.filter.Category.products]: org.hibernate.test.filter.Category.products#23
14:12:29,155 DEBUG BaseGeneralDataRegion:69 - Evicting[hibernate.test.org.hibernate.test.filter.Order.lineItems]: org.hibernate.test.filter.Order.lineItems#15
14:12:29,155 DEBUG BaseGeneralDataRegion:69 - Evicting[hibernate.test.org.hibernate.test.filter.Product.categories]: org.hibernate.test.filter.Product.categories#23
14:12:29,155 DEBUG BaseGeneralDataRegion:69 - Evicting[hibernate.test.org.hibernate.test.filter.Category.products]: org.hibernate.test.filter.Category.products#24
14:12:29,155 DEBUG BaseGeneralDataRegion:69 - Evicting[hibernate.test.org.hibernate.test.filter.Order.lineItems]: org.hibernate.test.filter.Order.lineItems#16
14:12:29,155 DEBUG BaseGeneralDataRegion:69 - Evicting[hibernate.test.org.hibernate.test.filter.Department]: org.hibernate.test.filter.Department#8
14:12:29,155 DEBUG BaseGeneralDataRegion:69 - Evicting[hibernate.test.org.hibernate.test.filter.Salesperson]: org.hibernate.test.filter.Salesperson#19
14:12:29,164 DEBUG BaseGeneralDataRegion:69 - Evicting[hibernate.test.org.hibernate.test.filter.Salesperson]: org.hibernate.test.filter.Salesperson#20
14:12:29,164 DEBUG BaseGeneralDataRegion:69 - Evicting[hibernate.test.org.hibernate.test.filter.Category]: org.hibernate.test.filter.Category#22
14:12:29,164 DEBUG BaseGeneralDataRegion:69 - Evicting[hibernate.test.org.hibernate.test.filter.Category]: org.hibernate.test.filter.Category#23
14:12:29,164 DEBUG BaseGeneralDataRegion:69 - Evicting[hibernate.test.org.hibernate.test.filter.Product]: org.hibernate.test.filter.Product#22
14:12:29,164 DEBUG BaseGeneralDataRegion:69 - Evicting[hibernate.test.org.hibernate.test.filter.LineItem]: org.hibernate.test.filter.LineItem#15
14:12:29,164 DEBUG BaseGeneralDataRegion:69 - Evicting[hibernate.test.org.hibernate.test.filter.Order]: org.hibernate.test.filter.Order#15
14:12:29,164 DEBUG BaseGeneralDataRegion:69 - Evicting[hibernate.test.org.hibernate.test.filter.Category]: org.hibernate.test.filter.Category#24
14:12:29,165 DEBUG BaseGeneralDataRegion:69 - Evicting[hibernate.test.org.hibernate.test.filter.Product]: org.hibernate.test.filter.Product#23
14:12:29,165 DEBUG BaseGeneralDataRegion:69 - Evicting[hibernate.test.org.hibernate.test.filter.Product]: org.hibernate.test.filter.Product#24
14:12:29,165 DEBUG BaseGeneralDataRegion:69 - Evicting[hibernate.test.org.hibernate.test.filter.LineItem]: org.hibernate.test.filter.LineItem#16
14:12:29,165 DEBUG BaseGeneralDataRegion:69 - Evicting[hibernate.test.org.hibernate.test.filter.Order]: org.hibernate.test.filter.Order#16
14:12:29,165 DEBUG BaseGeneralDataRegion:59 - Caching[hibernate.test.org.hibernate.cache.spi.UpdateTimestampsCache] : [CATEGORY] -> [5579089302179840]
14:12:29,165 DEBUG BaseGeneralDataRegion:59 - Caching[hibernate.test.org.hibernate.cache.spi.UpdateTimestampsCache] : [ORDER_ITEM] -> [5579089302179840]
14:12:29,165 DEBUG BaseGeneralDataRegion:59 - Caching[hibernate.test.org.hibernate.cache.spi.UpdateTimestampsCache] : [SALES_PERSON] -> [5579089302179840]
14:12:29,165 DEBUG BaseGeneralDataRegion:59 - Caching[hibernate.test.org.hibernate.cache.spi.UpdateTimestampsCache] : [T_ORDER] -> [5579089302179840]
14:12:29,165 DEBUG BaseGeneralDataRegion:59 - Caching[hibernate.test.org.hibernate.cache.spi.UpdateTimestampsCache] : [PRODUCT] -> [5579089302179840]
14:12:29,165 DEBUG BaseGeneralDataRegion:59 - Caching[hibernate.test.org.hibernate.cache.spi.UpdateTimestampsCache] : [DEPARTMENT] -> [5579089302179840]
14:12:29,165 DEBUG BaseGeneralDataRegion:59 - Caching[hibernate.test.org.hibernate.cache.spi.UpdateTimestampsCache] : [PROD_CAT] -> [5579089302179840]
14:12:29,166  INFO CustomRunner:139 - Test: testHQLSubqueryWithFilters
14:12:29,167  INFO DynamicFilterTest:397 - Starting HQL subquery with filters tests
14:12:29,167 DEBUG SQL:104 - 
    insert 
    into
        DEPARTMENT
        (DEPT_ID, REG) 
    values
        (null, ?)
14:12:29,167 DEBUG BaseGeneralDataRegion:59 - Caching[hibernate.test.org.hibernate.cache.spi.UpdateTimestampsCache] : [DEPARTMENT] -> [5579089547948033]
14:12:29,168 DEBUG SQL:104 - 
    insert 
    into
        SALES_PERSON
        (SALES_PERSON_ID, NAME, REG, DEPT_ID, "hire dt") 
    values
        (null, ?, ?, ?, ?)
14:12:29,168 DEBUG BaseGeneralDataRegion:59 - Caching[hibernate.test.org.hibernate.cache.spi.UpdateTimestampsCache] : [SALES_PERSON] -> [5579089547952128]
14:12:29,168 DEBUG SQL:104 - 
    insert 
    into
        SALES_PERSON
        (SALES_PERSON_ID, NAME, REG, DEPT_ID, "hire dt") 
    values
        (null, ?, ?, ?, ?)
14:12:29,168 DEBUG BaseGeneralDataRegion:59 - Caching[hibernate.test.org.hibernate.cache.spi.UpdateTimestampsCache] : [SALES_PERSON] -> [5579089547952129]
14:12:29,169 DEBUG SQL:104 - 
    insert 
    into
        PRODUCT
        (PROD_ID, name, STOCK_NUM, weight_kg, eff_start_dt, eff_end_dt) 
    values
        (null, ?, ?, 0.453E0 * ?, ?, ?)
14:12:29,169 DEBUG BaseGeneralDataRegion:59 - Caching[hibernate.test.org.hibernate.cache.spi.UpdateTimestampsCache] : [PRODUCT] -> [5579089547956224]
14:12:29,169 DEBUG SQL:104 - 
    insert 
    into
        CATEGORY
        (CAT_ID, name, eff_start_dt, eff_end_dt) 
    values
        (null, ?, ?, ?)
14:12:29,177 DEBUG BaseGeneralDataRegion:59 - Caching[hibernate.test.org.hibernate.cache.spi.UpdateTimestampsCache] : [CATEGORY] -> [5579089547988992]
14:12:29,177 DEBUG SQL:104 - 
    insert 
    into
        CATEGORY
        (CAT_ID, name, eff_start_dt, eff_end_dt) 
    values
        (null, ?, ?, ?)
14:12:29,178 DEBUG BaseGeneralDataRegion:59 - Caching[hibernate.test.org.hibernate.cache.spi.UpdateTimestampsCache] : [CATEGORY] -> [5579089547993088]
14:12:29,178 DEBUG SQL:104 - 
    insert 
    into
        T_ORDER
        (ORDER_ID, REG, BUYER, "ord dt", "close dt", SALES_PERSON_ID) 
    values
        (null, ?, ?, ?, ?, ?)
14:12:29,178 DEBUG BaseGeneralDataRegion:59 - Caching[hibernate.test.org.hibernate.cache.spi.UpdateTimestampsCache] : [T_ORDER] -> [5579089547993089]
14:12:29,179 DEBUG SQL:104 - 
    insert 
    into
        ORDER_ITEM
        (ITEM_ID, ORDER_ID, SEQ, PRODUCT_ID, AMT) 
    values
        (null, ?, ?, ?, ?)
14:12:29,179 DEBUG BaseGeneralDataRegion:59 - Caching[hibernate.test.org.hibernate.cache.spi.UpdateTimestampsCache] : [ORDER_ITEM] -> [5579089547997184]
14:12:29,187 DEBUG SQL:104 - 
    insert 
    into
        PRODUCT
        (PROD_ID, name, STOCK_NUM, weight_kg, eff_start_dt, eff_end_dt) 
    values
        (null, ?, ?, 0.453E0 * ?, ?, ?)
14:12:29,188 DEBUG BaseGeneralDataRegion:59 - Caching[hibernate.test.org.hibernate.cache.spi.UpdateTimestampsCache] : [PRODUCT] -> [5579089548034048]
14:12:29,188 DEBUG SQL:104 - 
    insert 
    into
        CATEGORY
        (CAT_ID, name, eff_start_dt, eff_end_dt) 
    values
        (null, ?, ?, ?)
14:12:29,188 DEBUG BaseGeneralDataRegion:59 - Caching[hibernate.test.org.hibernate.cache.spi.UpdateTimestampsCache] : [CATEGORY] -> [5579089548034049]
14:12:29,188 DEBUG SQL:104 - 
    insert 
    into
        PRODUCT
        (PROD_ID, name, STOCK_NUM, weight_kg, eff_start_dt, eff_end_dt) 
    values
        (null, ?, ?, 0.453E0 * ?, ?, ?)
14:12:29,189 DEBUG BaseGeneralDataRegion:59 - Caching[hibernate.test.org.hibernate.cache.spi.UpdateTimestampsCache] : [PRODUCT] -> [5579089548038144]
14:12:29,189 DEBUG SQL:104 - 
    insert 
    into
        T_ORDER
        (ORDER_ID, REG, BUYER, "ord dt", "close dt", SALES_PERSON_ID) 
    values
        (null, ?, ?, ?, ?, ?)
14:12:29,189 DEBUG BaseGeneralDataRegion:59 - Caching[hibernate.test.org.hibernate.cache.spi.UpdateTimestampsCache] : [T_ORDER] -> [5579089548038145]
14:12:29,189 DEBUG SQL:104 - 
    insert 
    into
        ORDER_ITEM
        (ITEM_ID, ORDER_ID, SEQ, PRODUCT_ID, AMT) 
    values
        (null, ?, ?, ?, ?)
14:12:29,189 DEBUG BaseGeneralDataRegion:59 - Caching[hibernate.test.org.hibernate.cache.spi.UpdateTimestampsCache] : [ORDER_ITEM] -> [5579089548038146]
14:12:29,190 DEBUG SQL:104 - 
    update
        PRODUCT 
    set
        name=?,
        STOCK_NUM=?,
        weight_kg=0.453E0 * ?,
        eff_start_dt=?,
        eff_end_dt=? 
    where
        PROD_ID=?
14:12:29,208 DEBUG BaseGeneralDataRegion:69 - Evicting[hibernate.test.org.hibernate.test.filter.Product]: org.hibernate.test.filter.Product#25
14:12:29,208 DEBUG BaseGeneralDataRegion:59 - Caching[hibernate.test.org.hibernate.cache.spi.UpdateTimestampsCache] : [PRODUCT] -> [5579089548115968]
14:12:29,208 DEBUG BaseGeneralDataRegion:69 - Evicting[hibernate.test.org.hibernate.test.filter.Department.salespersons]: org.hibernate.test.filter.Department.salespersons#9
14:12:29,208 DEBUG BaseGeneralDataRegion:59 - Caching[hibernate.test.org.hibernate.cache.spi.UpdateTimestampsCache] : [SALES_PERSON] -> [5579089548115969]
14:12:29,208 DEBUG BaseGeneralDataRegion:69 - Evicting[hibernate.test.org.hibernate.test.filter.Salesperson.orders]: org.hibernate.test.filter.Salesperson.orders#21
14:12:29,208 DEBUG BaseGeneralDataRegion:59 - Caching[hibernate.test.org.hibernate.cache.spi.UpdateTimestampsCache] : [T_ORDER] -> [5579089548115970]
14:12:29,208 DEBUG BaseGeneralDataRegion:69 - Evicting[hibernate.test.org.hibernate.test.filter.Salesperson.orders]: org.hibernate.test.filter.Salesperson.orders#22
14:12:29,209 DEBUG BaseGeneralDataRegion:59 - Caching[hibernate.test.org.hibernate.cache.spi.UpdateTimestampsCache] : [T_ORDER] -> [5579089548120064]
14:12:29,209 DEBUG SQL:104 - 
    insert 
    into
        PROD_CAT
        (PROD_ID, CAT_ID) 
    values
        (?, ?)
14:12:29,209 DEBUG SQL:104 - 
    insert 
    into
        PROD_CAT
        (PROD_ID, CAT_ID) 
    values
        (?, ?)
14:12:29,209 DEBUG BaseGeneralDataRegion:69 - Evicting[hibernate.test.org.hibernate.test.filter.Product.categories]: org.hibernate.test.filter.Product.categories#25
14:12:29,209 DEBUG BaseGeneralDataRegion:59 - Caching[hibernate.test.org.hibernate.cache.spi.UpdateTimestampsCache] : [PROD_CAT] -> [5579089548120065]
14:12:29,217 DEBUG BaseGeneralDataRegion:69 - Evicting[hibernate.test.org.hibernate.test.filter.Category.products]: org.hibernate.test.filter.Category.products#25
14:12:29,217 DEBUG BaseGeneralDataRegion:59 - Caching[hibernate.test.org.hibernate.cache.spi.UpdateTimestampsCache] : [PROD_CAT] -> [5579089548152832]
14:12:29,217 DEBUG BaseGeneralDataRegion:69 - Evicting[hibernate.test.org.hibernate.test.filter.Category.products]: org.hibernate.test.filter.Category.products#26
14:12:29,217 DEBUG BaseGeneralDataRegion:59 - Caching[hibernate.test.org.hibernate.cache.spi.UpdateTimestampsCache] : [PROD_CAT] -> [5579089548152833]
14:12:29,217 DEBUG BaseGeneralDataRegion:69 - Evicting[hibernate.test.org.hibernate.test.filter.Order.lineItems]: org.hibernate.test.filter.Order.lineItems#17
14:12:29,218 DEBUG BaseGeneralDataRegion:59 - Caching[hibernate.test.org.hibernate.cache.spi.UpdateTimestampsCache] : [ORDER_ITEM] -> [5579089548156928]
14:12:29,218 DEBUG SQL:104 - 
    insert 
    into
        PROD_CAT
        (PROD_ID, CAT_ID) 
    values
        (?, ?)
14:12:29,218 DEBUG BaseGeneralDataRegion:69 - Evicting[hibernate.test.org.hibernate.test.filter.Product.categories]: org.hibernate.test.filter.Product.categories#26
14:12:29,218 DEBUG BaseGeneralDataRegion:59 - Caching[hibernate.test.org.hibernate.cache.spi.UpdateTimestampsCache] : [PROD_CAT] -> [5579089548156929]
14:12:29,218 DEBUG BaseGeneralDataRegion:69 - Evicting[hibernate.test.org.hibernate.test.filter.Category.products]: org.hibernate.test.filter.Category.products#27
14:12:29,218 DEBUG BaseGeneralDataRegion:59 - Caching[hibernate.test.org.hibernate.cache.spi.UpdateTimestampsCache] : [PROD_CAT] -> [5579089548156930]
14:12:29,218 DEBUG BaseGeneralDataRegion:69 - Evicting[hibernate.test.org.hibernate.test.filter.Order.lineItems]: org.hibernate.test.filter.Order.lineItems#18
14:12:29,218 DEBUG BaseGeneralDataRegion:59 - Caching[hibernate.test.org.hibernate.cache.spi.UpdateTimestampsCache] : [ORDER_ITEM] -> [5579089548156931]
14:12:29,219 DEBUG BaseGeneralDataRegion:69 - Evicting[hibernate.test.org.hibernate.test.filter.Product]: org.hibernate.test.filter.Product#25
14:12:29,219 DEBUG BaseGeneralDataRegion:69 - Evicting[hibernate.test.org.hibernate.test.filter.Department.salespersons]: org.hibernate.test.filter.Department.salespersons#9
14:12:29,219 DEBUG BaseGeneralDataRegion:69 - Evicting[hibernate.test.org.hibernate.test.filter.Salesperson.orders]: org.hibernate.test.filter.Salesperson.orders#21
14:12:29,219 DEBUG BaseGeneralDataRegion:69 - Evicting[hibernate.test.org.hibernate.test.filter.Salesperson.orders]: org.hibernate.test.filter.Salesperson.orders#22
14:12:29,219 DEBUG BaseGeneralDataRegion:69 - Evicting[hibernate.test.org.hibernate.test.filter.Product.categories]: org.hibernate.test.filter.Product.categories#25
14:12:29,219 DEBUG BaseGeneralDataRegion:69 - Evicting[hibernate.test.org.hibernate.test.filter.Category.products]: org.hibernate.test.filter.Category.products#25
14:12:29,219 DEBUG BaseGeneralDataRegion:69 - Evicting[hibernate.test.org.hibernate.test.filter.Category.products]: org.hibernate.test.filter.Category.products#26
14:12:29,219 DEBUG BaseGeneralDataRegion:69 - Evicting[hibernate.test.org.hibernate.test.filter.Order.lineItems]: org.hibernate.test.filter.Order.lineItems#17
14:12:29,219 DEBUG BaseGeneralDataRegion:69 - Evicting[hibernate.test.org.hibernate.test.filter.Product.categories]: org.hibernate.test.filter.Product.categories#26
14:12:29,227 DEBUG BaseGeneralDataRegion:69 - Evicting[hibernate.test.org.hibernate.test.filter.Category.products]: org.hibernate.test.filter.Category.products#27
14:12:29,227 DEBUG BaseGeneralDataRegion:69 - Evicting[hibernate.test.org.hibernate.test.filter.Order.lineItems]: org.hibernate.test.filter.Order.lineItems#18
14:12:29,227 DEBUG BaseGeneralDataRegion:59 - Caching[hibernate.test.org.hibernate.cache.spi.UpdateTimestampsCache] : [ORDER_ITEM] -> [5579089302433792]
14:12:29,227 DEBUG BaseGeneralDataRegion:59 - Caching[hibernate.test.org.hibernate.cache.spi.UpdateTimestampsCache] : [CATEGORY] -> [5579089302433792]
14:12:29,227 DEBUG BaseGeneralDataRegion:59 - Caching[hibernate.test.org.hibernate.cache.spi.UpdateTimestampsCache] : [SALES_PERSON] -> [5579089302433792]
14:12:29,227 DEBUG BaseGeneralDataRegion:59 - Caching[hibernate.test.org.hibernate.cache.spi.UpdateTimestampsCache] : [T_ORDER] -> [5579089302433792]
14:12:29,227 DEBUG BaseGeneralDataRegion:59 - Caching[hibernate.test.org.hibernate.cache.spi.UpdateTimestampsCache] : [PRODUCT] -> [5579089302433792]
14:12:29,227 DEBUG BaseGeneralDataRegion:59 - Caching[hibernate.test.org.hibernate.cache.spi.UpdateTimestampsCache] : [DEPARTMENT] -> [5579089302433792]
14:12:29,227 DEBUG BaseGeneralDataRegion:59 - Caching[hibernate.test.org.hibernate.cache.spi.UpdateTimestampsCache] : [PROD_CAT] -> [5579089302433792]
14:12:29,228  INFO DynamicFilterTest:404 - query against Department with a subquery on Salesperson in the APAC reqion...
14:12:29,228 DEBUG QueryTranslatorImpl:265 - parse() - HQL: select d from org.hibernate.test.filter.Department as d where d.id in (select s.department from org.hibernate.test.filter.Salesperson s where s.name = ?)
14:12:29,230 DEBUG QueryTranslatorImpl:283 - --- HQL AST ---
 \-[QUERY] Node: 'query'
    +-[SELECT_FROM] Node: 'SELECT_FROM'
    |  +-[FROM] Node: 'from'
    |  |  \-[RANGE] Node: 'RANGE'
    |  |     +-[DOT] Node: '.'
    |  |     |  +-[DOT] Node: '.'
    |  |     |  |  +-[DOT] Node: '.'
    |  |     |  |  |  +-[DOT] Node: '.'
    |  |     |  |  |  |  +-[IDENT] Node: 'org'
    |  |     |  |  |  |  \-[IDENT] Node: 'hibernate'
    |  |     |  |  |  \-[IDENT] Node: 'test'
    |  |     |  |  \-[IDENT] Node: 'filter'
    |  |     |  \-[IDENT] Node: 'Department'
    |  |     \-[ALIAS] Node: 'd'
    |  \-[SELECT] Node: 'select'
    |     \-[IDENT] Node: 'd'
    \-[WHERE] Node: 'where'
       \-[IN] Node: 'in'
          +-[DOT] Node: '.'
          |  +-[IDENT] Node: 'd'
          |  \-[IDENT] Node: 'id'
          \-[IN_LIST] Node: 'inList'
             \-[QUERY] Node: 'query'
                +-[SELECT_FROM] Node: 'SELECT_FROM'
                |  +-[FROM] Node: 'from'
                |  |  \-[RANGE] Node: 'RANGE'
                |  |     +-[DOT] Node: '.'
                |  |     |  +-[DOT] Node: '.'
                |  |     |  |  +-[DOT] Node: '.'
                |  |     |  |  |  +-[DOT] Node: '.'
                |  |     |  |  |  |  +-[IDENT] Node: 'org'
                |  |     |  |  |  |  \-[IDENT] Node: 'hibernate'
                |  |     |  |  |  \-[IDENT] Node: 'test'
                |  |     |  |  \-[IDENT] Node: 'filter'
                |  |     |  \-[IDENT] Node: 'Salesperson'
                |  |     \-[ALIAS] Node: 's'
                |  \-[SELECT] Node: 'select'
                |     \-[DOT] Node: '.'
                |        +-[IDENT] Node: 's'
                |        \-[IDENT] Node: 'department'
                \-[WHERE] Node: 'where'
                   \-[EQ] Node: '='
                      +-[DOT] Node: '.'
                      |  +-[IDENT] Node: 's'
                      |  \-[IDENT] Node: 'name'
                      \-[PARAM] Node: '?'

14:12:29,247 DEBUG ErrorCounter:82 - throwQueryException() : no errors
14:12:29,247 DEBUG FromElement:157 - FromClause{level=1} : org.hibernate.test.filter.Department (d) -> department0_
14:12:29,247 DEBUG FromReferenceNode:74 - Resolved : d -> department0_.DEPT_ID
14:12:29,247 DEBUG FromReferenceNode:74 - Resolved : d -> department0_.DEPT_ID
14:12:29,247 DEBUG DotNode:599 - getDataType() : id -> org.hibernate.type.LongType@4bf3f9d
14:12:29,248 DEBUG FromReferenceNode:74 - Resolved : d.id -> department0_.DEPT_ID
14:12:29,248 DEBUG FromElement:157 - FromClause{level=2} : org.hibernate.test.filter.Salesperson (s) -> salesperso1_
14:12:29,248 DEBUG FromReferenceNode:74 - Resolved : s -> salesperso1_.SALES_PERSON_ID
14:12:29,248 DEBUG DotNode:599 - getDataType() : department -> org.hibernate.type.ManyToOneType(org.hibernate.test.filter.Department)
14:12:29,248 DEBUG DotNode:389 - dereferenceEntityJoin() : generating join for department in org.hibernate.test.filter.Salesperson (<no alias>) parent = [ {null} ]
14:12:29,248 DEBUG FromElement:157 - FromClause{level=2} : org.hibernate.test.filter.Department (<no alias>) -> department2_
14:12:29,248 DEBUG FromClause:282 - addJoinByPathMap() : s.department -> ImpliedFromElement{implied,not a collection join,not a fetch join,fetch non-lazy properties,classAlias=null,role=null,tableName=DEPARTMENT,tableAlias=department2_,origin=SALES_PERSON salesperso1_,columns={salesperso1_.DEPT_ID ,className=org.hibernate.test.filter.Department}}
14:12:29,249 DEBUG FromReferenceNode:74 - Resolved : s.department -> salesperso1_.DEPT_ID
14:12:29,249 DEBUG FromReferenceNode:74 - Resolved : s -> salesperso1_.SALES_PERSON_ID
14:12:29,249 DEBUG DotNode:599 - getDataType() : name -> org.hibernate.type.StringType@2dc8de40
14:12:29,249 DEBUG FromReferenceNode:74 - Resolved : s.name -> salesperso1_.NAME
14:12:29,249  WARN HqlSqlWalker:929 - [DEPRECATION] Encountered positional parameter near line 1, column 152.  Positional parameter are considered deprecated; use named parameters or JPA-style positional parameters instead.
14:12:29,249 DEBUG HqlSqlWalker:629 - processQuery() :  ( SELECT ( {select clause} ( salesperso1_.DEPT_ID salesperso1_.SALES_PERSON_ID department ) ) ( FromClause{level=2} ( SALES_PERSON salesperso1_ DEPARTMENT department2_ ) ) ( where ( = ( salesperso1_.NAME salesperso1_.SALES_PERSON_ID name ) ? ) ) )
14:12:29,249 DEBUG JoinProcessor:175 - Using FROM fragment [SALES_PERSON salesperso1_]
14:12:29,250 DEBUG SyntheticAndFactory:92 - Using unprocessed WHERE-fragment [salesperso1_.REG = :region.region]
14:12:29,250 DEBUG SyntheticAndFactory:124 - Using processed WHERE-fragment [salesperso1_.REG = ?]
14:12:29,250 DEBUG SyntheticAndFactory:92 - Using unprocessed WHERE-fragment [salesperso1_.DEPT_ID=department2_.DEPT_ID]
14:12:29,250 DEBUG SyntheticAndFactory:124 - Using processed WHERE-fragment [salesperso1_.DEPT_ID=department2_.DEPT_ID]
14:12:29,250 DEBUG HqlSqlWalker:629 - processQuery() :  ( SELECT ( {select clause} department0_.DEPT_ID ) ( FromClause{level=1} DEPARTMENT department0_ ) ( where ( in ( department0_.DEPT_ID department0_.DEPT_ID id ) ( inList ( SELECT ( {select clause} ( salesperso1_.DEPT_ID salesperso1_.SALES_PERSON_ID department ) ) ( FromClause{level=2} ( SALES_PERSON salesperso1_ DEPARTMENT department2_ ) ) ( where ( {filter conditions} salesperso1_.REG = ? ) ( {theta joins} salesperso1_.DEPT_ID=department2_.DEPT_ID ) ( = ( salesperso1_.NAME salesperso1_.SALES_PERSON_ID name ) ? ) ) ) ) ) ) )
14:12:29,250 DEBUG JoinProcessor:175 - Using FROM fragment [DEPARTMENT department0_]
14:12:29,251 DEBUG QueryTranslatorImpl:252 - --- SQL AST ---
 \-[SELECT] QueryNode: 'SELECT'  querySpaces (SALES_PERSON,DEPARTMENT)
    +-[SELECT_CLAUSE] SelectClause: '{select clause}'
    |  +-[ALIAS_REF] IdentNode: 'department0_.DEPT_ID as DEPT1_1_' {alias=d, className=org.hibernate.test.filter.Department, tableAlias=department0_}
    |  \-[SQL_TOKEN] SqlFragment: 'department0_.REG as REG1_'
    +-[FROM] FromClause: 'from' FromClause{level=1, fromElementCounter=1, fromElements=1, fromElementByClassAlias=[d], fromElementByTableAlias=[department0_], fromElementsByPath=[], collectionJoinFromElementsByPath=[], impliedElements=[]}
    |  \-[FROM_FRAGMENT] FromElement: 'DEPARTMENT department0_' FromElement{explicit,not a collection join,not a fetch join,fetch non-lazy properties,classAlias=d,role=null,tableName=DEPARTMENT,tableAlias=department0_,origin=null,columns={,className=org.hibernate.test.filter.Department}}
    \-[WHERE] SqlNode: 'where'
       \-[IN] InLogicOperatorNode: 'in'
          +-[DOT] DotNode: 'department0_.DEPT_ID' {propertyName=id,dereferenceType=ALL,propertyPath=id,path=d.id,tableAlias=department0_,className=org.hibernate.test.filter.Department,classAlias=d}
          |  +-[ALIAS_REF] IdentNode: 'department0_.DEPT_ID' {alias=d, className=org.hibernate.test.filter.Department, tableAlias=department0_}
          |  \-[IDENT] IdentNode: 'id' {originalText=id}
          \-[IN_LIST] SqlNode: 'inList'
             \-[SELECT] QueryNode: 'SELECT'  querySpaces (SALES_PERSON,DEPARTMENT)
                +-[SELECT_CLAUSE] SelectClause: '{select clause}'
                |  \-[DOT] DotNode: 'salesperso1_.DEPT_ID' {propertyName=department,dereferenceType=EOF,propertyPath=department,path=s.department,tableAlias=department2_,className=org.hibernate.test.filter.Department,classAlias=null}
                |     +-[ALIAS_REF] IdentNode: 'salesperso1_.SALES_PERSON_ID' {alias=s, className=org.hibernate.test.filter.Salesperson, tableAlias=salesperso1_}
                |     \-[IDENT] IdentNode: 'department' {originalText=department}
                +-[FROM] FromClause: 'from' FromClause{level=2, fromElementCounter=2, fromElements=2, fromElementByClassAlias=[s], fromElementByTableAlias=[department2_, salesperso1_], fromElementsByPath=[s.department], collectionJoinFromElementsByPath=[], impliedElements=[]}
                |  \-[FROM_FRAGMENT] FromElement: 'SALES_PERSON salesperso1_' FromElement{explicit,not a collection join,not a fetch join,fetch non-lazy properties,classAlias=s,role=null,tableName=SALES_PERSON,tableAlias=salesperso1_,origin=null,columns={,className=org.hibernate.test.filter.Salesperson}}
                |     \-[FROM_FRAGMENT] ImpliedFromElement: 'DEPARTMENT department2_' ImpliedFromElement{implied,not a collection join,not a fetch join,fetch non-lazy properties,classAlias=null,role=null,tableName=DEPARTMENT,tableAlias=department2_,origin=SALES_PERSON salesperso1_,columns={salesperso1_.DEPT_ID ,className=org.hibernate.test.filter.Department}}
                \-[WHERE] SqlNode: 'where'
                   +-[FILTERS] SqlNode: '{filter conditions}'
                   |  \-[SQL_TOKEN] SqlFragment: 'salesperso1_.REG = ?'
                   +-[THETA_JOINS] SqlNode: '{theta joins}'
                   |  \-[SQL_TOKEN] SqlFragment: 'salesperso1_.DEPT_ID=department2_.DEPT_ID'
                   \-[EQ] BinaryLogicOperatorNode: '='
                      +-[DOT] DotNode: 'salesperso1_.NAME' {propertyName=name,dereferenceType=ALL,propertyPath=name,path=s.name,tableAlias=salesperso1_,className=org.hibernate.test.filter.Salesperson,classAlias=s}
                      |  +-[ALIAS_REF] IdentNode: 'salesperso1_.SALES_PERSON_ID' {alias=s, className=org.hibernate.test.filter.Salesperson, tableAlias=salesperso1_}
                      |  \-[IDENT] IdentNode: 'name' {originalText=name}
                      \-[PARAM] ParameterNode: '?' {ordinal=0, expectedType=org.hibernate.type.StringType@2dc8de40}

14:12:29,274 DEBUG ErrorCounter:82 - throwQueryException() : no errors
14:12:29,275 DEBUG QueryTranslatorImpl:235 - HQL: select d from org.hibernate.test.filter.Department as d where d.id in (select s.department from org.hibernate.test.filter.Salesperson s where s.name = ?)
14:12:29,275 DEBUG QueryTranslatorImpl:236 - SQL: select department0_.DEPT_ID as DEPT1_1_, department0_.REG as REG1_ from DEPARTMENT department0_ where department0_.DEPT_ID in (select salesperso1_.DEPT_ID from SALES_PERSON salesperso1_, DEPARTMENT department2_ where salesperso1_.REG = ? and salesperso1_.DEPT_ID=department2_.DEPT_ID and salesperso1_.NAME=?)
14:12:29,275 DEBUG ErrorCounter:82 - throwQueryException() : no errors
14:12:29,275 DEBUG SQL:104 - 
    select
        department0_.DEPT_ID as DEPT1_1_,
        department0_.REG as REG1_ 
    from
        DEPARTMENT department0_ 
    where
        department0_.DEPT_ID in (
            select
                salesperso1_.DEPT_ID 
            from
                SALES_PERSON salesperso1_,
                DEPARTMENT department2_ 
            where
                salesperso1_.REG = ? 
                and salesperso1_.DEPT_ID=department2_.DEPT_ID 
                and salesperso1_.NAME=?
        )
14:12:29,276 DEBUG BaseRegionAccessStrategy:66 - Caching: org.hibernate.test.filter.Department#9
14:12:29,276 DEBUG BaseGeneralDataRegion:59 - Caching[hibernate.test.org.hibernate.test.filter.Department] : [org.hibernate.test.filter.Department#9] -> [CacheEntry(org.hibernate.test.filter.Department)[Sales,9]]
14:12:29,276  INFO DynamicFilterTest:412 - query against Department with a subquery on Salesperson in the FooBar reqion...
14:12:29,277 DEBUG SQL:104 - 
    select
        department0_.DEPT_ID as DEPT1_1_,
        department0_.REG as REG1_ 
    from
        DEPARTMENT department0_ 
    where
        department0_.DEPT_ID in (
            select
                salesperso1_.DEPT_ID 
            from
                SALES_PERSON salesperso1_,
                DEPARTMENT department2_ 
            where
                salesperso1_.REG = ? 
                and salesperso1_.DEPT_ID=department2_.DEPT_ID 
                and salesperso1_.NAME=?
        )
14:12:29,285  INFO DynamicFilterTest:419 - query against Order with a subquery for line items with a subquery line items where the product name is Acme Hair Gel and the quantity is greater than 1 in a given region for a given buyer
14:12:29,285 DEBUG QueryTranslatorImpl:265 - parse() - HQL: select o from org.hibernate.test.filter.Order as o where exists (select li.id from org.hibernate.test.filter.LineItem li, org.hibernate.test.filter.Product as p where p.id = li.product and li.quantity >= ? and p.name = ?) and o.buyer = ?
14:12:29,286 DEBUG HqlParser:347 - weakKeywords() : new LT(1) token - ["Order",<108> previously: <41>,line=1,col=41,possibleID=true]
14:12:29,289 DEBUG QueryTranslatorImpl:283 - --- HQL AST ---
 \-[QUERY] Node: 'query'
    +-[SELECT_FROM] Node: 'SELECT_FROM'
    |  +-[FROM] Node: 'from'
    |  |  \-[RANGE] Node: 'RANGE'
    |  |     +-[DOT] Node: '.'
    |  |     |  +-[DOT] Node: '.'
    |  |     |  |  +-[DOT] Node: '.'
    |  |     |  |  |  +-[DOT] Node: '.'
    |  |     |  |  |  |  +-[IDENT] Node: 'org'
    |  |     |  |  |  |  \-[IDENT] Node: 'hibernate'
    |  |     |  |  |  \-[IDENT] Node: 'test'
    |  |     |  |  \-[IDENT] Node: 'filter'
    |  |     |  \-[IDENT] Node: 'Order'
    |  |     \-[ALIAS] Node: 'o'
    |  \-[SELECT] Node: 'select'
    |     \-[IDENT] Node: 'o'
    \-[WHERE] Node: 'where'
       \-[AND] Node: 'and'
          +-[EXISTS] Node: 'exists'
          |  \-[QUERY] Node: 'query'
          |     +-[SELECT_FROM] Node: 'SELECT_FROM'
          |     |  +-[FROM] Node: 'from'
          |     |  |  +-[RANGE] Node: 'RANGE'
          |     |  |  |  +-[DOT] Node: '.'
          |     |  |  |  |  +-[DOT] Node: '.'
          |     |  |  |  |  |  +-[DOT] Node: '.'
          |     |  |  |  |  |  |  +-[DOT] Node: '.'
          |     |  |  |  |  |  |  |  +-[IDENT] Node: 'org'
          |     |  |  |  |  |  |  |  \-[IDENT] Node: 'hibernate'
          |     |  |  |  |  |  |  \-[IDENT] Node: 'test'
          |     |  |  |  |  |  \-[IDENT] Node: 'filter'
          |     |  |  |  |  \-[IDENT] Node: 'LineItem'
          |     |  |  |  \-[ALIAS] Node: 'li'
          |     |  |  \-[RANGE] Node: 'RANGE'
          |     |  |     +-[DOT] Node: '.'
          |     |  |     |  +-[DOT] Node: '.'
          |     |  |     |  |  +-[DOT] Node: '.'
          |     |  |     |  |  |  +-[DOT] Node: '.'
          |     |  |     |  |  |  |  +-[IDENT] Node: 'org'
          |     |  |     |  |  |  |  \-[IDENT] Node: 'hibernate'
          |     |  |     |  |  |  \-[IDENT] Node: 'test'
          |     |  |     |  |  \-[IDENT] Node: 'filter'
          |     |  |     |  \-[IDENT] Node: 'Product'
          |     |  |     \-[ALIAS] Node: 'p'
          |     |  \-[SELECT] Node: 'select'
          |     |     \-[DOT] Node: '.'
          |     |        +-[IDENT] Node: 'li'
          |     |        \-[IDENT] Node: 'id'
          |     \-[WHERE] Node: 'where'
          |        \-[AND] Node: 'and'
          |           +-[AND] Node: 'and'
          |           |  +-[EQ] Node: '='
          |           |  |  +-[DOT] Node: '.'
          |           |  |  |  +-[IDENT] Node: 'p'
          |           |  |  |  \-[IDENT] Node: 'id'
          |           |  |  \-[DOT] Node: '.'
          |           |  |     +-[IDENT] Node: 'li'
          |           |  |     \-[IDENT] Node: 'product'
          |           |  \-[GE] Node: '>='
          |           |     +-[DOT] Node: '.'
          |           |     |  +-[IDENT] Node: 'li'
          |           |     |  \-[IDENT] Node: 'quantity'
          |           |     \-[PARAM] Node: '?'
          |           \-[EQ] Node: '='
          |              +-[DOT] Node: '.'
          |              |  +-[IDENT] Node: 'p'
          |              |  \-[IDENT] Node: 'name'
          |              \-[PARAM] Node: '?'
          \-[EQ] Node: '='
             +-[DOT] Node: '.'
             |  +-[IDENT] Node: 'o'
             |  \-[IDENT] Node: 'buyer'
             \-[PARAM] Node: '?'

14:12:29,309 DEBUG ErrorCounter:82 - throwQueryException() : no errors
14:12:29,310 DEBUG FromElement:157 - FromClause{level=1} : org.hibernate.test.filter.Order (o) -> order0_
14:12:29,310 DEBUG FromReferenceNode:74 - Resolved : o -> order0_.ORDER_ID
14:12:29,310 DEBUG FromElement:157 - FromClause{level=2} : org.hibernate.test.filter.LineItem (li) -> lineitem1_
14:12:29,310 DEBUG FromElement:157 - FromClause{level=2} : org.hibernate.test.filter.Product (p) -> product2_
14:12:29,311 DEBUG FromReferenceNode:74 - Resolved : li -> lineitem1_.ITEM_ID
14:12:29,311 DEBUG DotNode:599 - getDataType() : id -> org.hibernate.type.LongType@4bf3f9d
14:12:29,311 DEBUG FromReferenceNode:74 - Resolved : li.id -> lineitem1_.ITEM_ID
14:12:29,311 DEBUG FromReferenceNode:74 - Resolved : p -> product2_.PROD_ID
14:12:29,311 DEBUG DotNode:599 - getDataType() : id -> org.hibernate.type.LongType@4bf3f9d
14:12:29,311 DEBUG FromReferenceNode:74 - Resolved : p.id -> product2_.PROD_ID
14:12:29,312 DEBUG FromReferenceNode:74 - Resolved : li -> lineitem1_.ITEM_ID
14:12:29,312 DEBUG DotNode:599 - getDataType() : product -> org.hibernate.type.ManyToOneType(org.hibernate.test.filter.Product)
14:12:29,312 DEBUG DotNode:562 - dereferenceShortcut() : property product in org.hibernate.test.filter.LineItem does not require a join.
14:12:29,312 DEBUG DotNode:588 - Terminal propertyPath = [product]
14:12:29,312 DEBUG FromReferenceNode:74 - Resolved : li.product -> lineitem1_.PRODUCT_ID
14:12:29,312 DEBUG FromReferenceNode:74 - Resolved : li -> lineitem1_.ITEM_ID
14:12:29,313 DEBUG DotNode:599 - getDataType() : quantity -> org.hibernate.type.LongType@4bf3f9d
14:12:29,313 DEBUG FromReferenceNode:74 - Resolved : li.quantity -> lineitem1_.AMT
14:12:29,313  WARN HqlSqlWalker:929 - [DEPRECATION] Encountered positional parameter near line 1, column 205.  Positional parameter are considered deprecated; use named parameters or JPA-style positional parameters instead.
14:12:29,313 DEBUG FromReferenceNode:74 - Resolved : p -> product2_.PROD_ID
14:12:29,313 DEBUG DotNode:599 - getDataType() : name -> org.hibernate.type.StringType@2dc8de40
14:12:29,313 DEBUG FromReferenceNode:74 - Resolved : p.name -> product2_.name
14:12:29,313  WARN HqlSqlWalker:929 - [DEPRECATION] Encountered positional parameter near line 1, column 220.  Positional parameter are considered deprecated; use named parameters or JPA-style positional parameters instead.
14:12:29,314 DEBUG HqlSqlWalker:629 - processQuery() :  ( SELECT ( {select clause} ( lineitem1_.ITEM_ID lineitem1_.ITEM_ID id ) ) ( FromClause{level=2} ORDER_ITEM lineitem1_ PRODUCT product2_ ) ( where ( and ( and ( = ( product2_.PROD_ID product2_.PROD_ID id ) ( lineitem1_.PRODUCT_ID lineitem1_.ITEM_ID product ) ) ( >= ( lineitem1_.AMT lineitem1_.ITEM_ID quantity ) ? ) ) ( = ( product2_.name product2_.PROD_ID name ) ? ) ) ) )
14:12:29,314 DEBUG JoinProcessor:175 - Using FROM fragment [ORDER_ITEM lineitem1_]
14:12:29,314 DEBUG JoinProcessor:175 - Using FROM fragment [PRODUCT product2_]
14:12:29,314 DEBUG FromReferenceNode:74 - Resolved : o -> order0_.ORDER_ID
14:12:29,314 DEBUG DotNode:599 - getDataType() : buyer -> org.hibernate.type.StringType@2dc8de40
14:12:29,314 DEBUG FromReferenceNode:74 - Resolved : o.buyer -> order0_.BUYER
14:12:29,315  WARN HqlSqlWalker:929 - [DEPRECATION] Encountered positional parameter near line 1, column 237.  Positional parameter are considered deprecated; use named parameters or JPA-style positional parameters instead.
14:12:29,315 DEBUG HqlSqlWalker:629 - processQuery() :  ( SELECT ( {select clause} order0_.ORDER_ID ) ( FromClause{level=1} T_ORDER order0_ ) ( where ( and ( exists ( SELECT ( {select clause} ( lineitem1_.ITEM_ID lineitem1_.ITEM_ID id ) ) ( FromClause{level=2} ORDER_ITEM lineitem1_ PRODUCT product2_ ) ( where ( and ( and ( = ( product2_.PROD_ID product2_.PROD_ID id ) ( lineitem1_.PRODUCT_ID lineitem1_.ITEM_ID product ) ) ( >= ( lineitem1_.AMT lineitem1_.ITEM_ID quantity ) ? ) ) ( = ( product2_.name product2_.PROD_ID name ) ? ) ) ) ) ) ( = ( order0_.BUYER order0_.ORDER_ID buyer ) ? ) ) ) )
14:12:29,315 DEBUG JoinProcessor:175 - Using FROM fragment [T_ORDER order0_]
14:12:29,315 DEBUG SyntheticAndFactory:92 - Using unprocessed WHERE-fragment [order0_.REG = :region.region]
14:12:29,315 DEBUG SyntheticAndFactory:124 - Using processed WHERE-fragment [order0_.REG = ?]
14:12:29,316 DEBUG QueryTranslatorImpl:252 - --- SQL AST ---
 \-[SELECT] QueryNode: 'SELECT'  querySpaces (ORDER_ITEM,T_ORDER,PRODUCT)
    +-[SELECT_CLAUSE] SelectClause: '{select clause}'
    |  +-[ALIAS_REF] IdentNode: 'order0_.ORDER_ID as ORDER1_6_' {alias=o, className=org.hibernate.test.filter.Order, tableAlias=order0_}
    |  \-[SQL_TOKEN] SqlFragment: 'order0_.REG as REG6_, order0_.BUYER as BUYER6_, order0_."ord dt" as ord4_6_, order0_."close dt" as close5_6_, order0_.SALES_PERSON_ID as SALES6_6_'
    +-[FROM] FromClause: 'from' FromClause{level=1, fromElementCounter=1, fromElements=1, fromElementByClassAlias=[o], fromElementByTableAlias=[order0_], fromElementsByPath=[], collectionJoinFromElementsByPath=[], impliedElements=[]}
    |  \-[FROM_FRAGMENT] FromElement: 'T_ORDER order0_' FromElement{explicit,not a collection join,not a fetch join,fetch non-lazy properties,classAlias=o,role=null,tableName=T_ORDER,tableAlias=order0_,origin=null,columns={,className=org.hibernate.test.filter.Order}}
    \-[WHERE] SqlNode: 'where'
       +-[FILTERS] SqlNode: '{filter conditions}'
       |  \-[SQL_TOKEN] SqlFragment: 'order0_.REG = ?'
       \-[AND] SqlNode: 'and'
          +-[EXISTS] UnaryLogicOperatorNode: 'exists'
          |  \-[SELECT] QueryNode: 'SELECT'  querySpaces (ORDER_ITEM,T_ORDER,PRODUCT)
          |     +-[SELECT_CLAUSE] SelectClause: '{select clause}'
          |     |  \-[DOT] DotNode: 'lineitem1_.ITEM_ID' {propertyName=id,dereferenceType=ALL,propertyPath=id,path=li.id,tableAlias=lineitem1_,className=org.hibernate.test.filter.LineItem,classAlias=li}
          |     |     +-[ALIAS_REF] IdentNode: 'lineitem1_.ITEM_ID' {alias=li, className=org.hibernate.test.filter.LineItem, tableAlias=lineitem1_}
          |     |     \-[IDENT] IdentNode: 'id' {originalText=id}
          |     +-[FROM] FromClause: 'from' FromClause{level=2, fromElementCounter=2, fromElements=2, fromElementByClassAlias=[li, p], fromElementByTableAlias=[lineitem1_, product2_], fromElementsByPath=[], collectionJoinFromElementsByPath=[], impliedElements=[]}
          |     |  +-[FROM_FRAGMENT] FromElement: 'ORDER_ITEM lineitem1_' FromElement{explicit,not a collection join,not a fetch join,fetch non-lazy properties,classAlias=li,role=null,tableName=ORDER_ITEM,tableAlias=lineitem1_,origin=null,columns={,className=org.hibernate.test.filter.LineItem}}
          |     |  \-[FROM_FRAGMENT] FromElement: 'PRODUCT product2_' FromElement{explicit,not a collection join,not a fetch join,fetch non-lazy properties,classAlias=p,role=null,tableName=PRODUCT,tableAlias=product2_,origin=null,columns={,className=org.hibernate.test.filter.Product}}
          |     \-[WHERE] SqlNode: 'where'
          |        \-[AND] SqlNode: 'and'
          |           +-[AND] SqlNode: 'and'
          |           |  +-[EQ] BinaryLogicOperatorNode: '='
          |           |  |  +-[DOT] DotNode: 'product2_.PROD_ID' {propertyName=id,dereferenceType=ALL,propertyPath=id,path=p.id,tableAlias=product2_,className=org.hibernate.test.filter.Product,classAlias=p}
          |           |  |  |  +-[ALIAS_REF] IdentNode: 'product2_.PROD_ID' {alias=p, className=org.hibernate.test.filter.Product, tableAlias=product2_}
          |           |  |  |  \-[IDENT] IdentNode: 'id' {originalText=id}
          |           |  |  \-[DOT] DotNode: 'lineitem1_.PRODUCT_ID' {propertyName=product,dereferenceType=0,propertyPath=product,path=li.product,tableAlias=lineitem1_,className=org.hibernate.test.filter.LineItem,classAlias=li}
          |           |  |     +-[ALIAS_REF] IdentNode: 'lineitem1_.ITEM_ID' {alias=li, className=org.hibernate.test.filter.LineItem, tableAlias=lineitem1_}
          |           |  |     \-[IDENT] IdentNode: 'product' {originalText=product}
          |           |  \-[GE] BinaryLogicOperatorNode: '>='
          |           |     +-[DOT] DotNode: 'lineitem1_.AMT' {propertyName=quantity,dereferenceType=ALL,propertyPath=quantity,path=li.quantity,tableAlias=lineitem1_,className=org.hibernate.test.filter.LineItem,classAlias=li}
          |           |     |  +-[ALIAS_REF] IdentNode: 'lineitem1_.ITEM_ID' {alias=li, className=org.hibernate.test.filter.LineItem, tableAlias=lineitem1_}
          |           |     |  \-[IDENT] IdentNode: 'quantity' {originalText=quantity}
          |           |     \-[PARAM] ParameterNode: '?' {ordinal=0, expectedType=org.hibernate.type.LongType@4bf3f9d}
          |           \-[EQ] BinaryLogicOperatorNode: '='
          |              +-[DOT] DotNode: 'product2_.name' {propertyName=name,dereferenceType=ALL,propertyPath=name,path=p.name,tableAlias=product2_,className=org.hibernate.test.filter.Product,classAlias=p}
          |              |  +-[ALIAS_REF] IdentNode: 'product2_.PROD_ID' {alias=p, className=org.hibernate.test.filter.Product, tableAlias=product2_}
          |              |  \-[IDENT] IdentNode: 'name' {originalText=name}
          |              \-[PARAM] ParameterNode: '?' {ordinal=1, expectedType=org.hibernate.type.StringType@2dc8de40}
          \-[EQ] BinaryLogicOperatorNode: '='
             +-[DOT] DotNode: 'order0_.BUYER' {propertyName=buyer,dereferenceType=ALL,propertyPath=buyer,path=o.buyer,tableAlias=order0_,className=org.hibernate.test.filter.Order,classAlias=o}
             |  +-[ALIAS_REF] IdentNode: 'order0_.ORDER_ID' {alias=o, className=org.hibernate.test.filter.Order, tableAlias=order0_}
             |  \-[IDENT] IdentNode: 'buyer' {originalText=buyer}
             \-[PARAM] ParameterNode: '?' {ordinal=2, expectedType=org.hibernate.type.StringType@2dc8de40}

14:12:29,338 DEBUG ErrorCounter:82 - throwQueryException() : no errors
14:12:29,338 DEBUG QueryTranslatorImpl:235 - HQL: select o from org.hibernate.test.filter.Order as o where exists (select li.id from org.hibernate.test.filter.LineItem li, org.hibernate.test.filter.Product as p where p.id = li.product and li.quantity >= ? and p.name = ?) and o.buyer = ?
14:12:29,338 DEBUG QueryTranslatorImpl:236 - SQL: select order0_.ORDER_ID as ORDER1_6_, order0_.REG as REG6_, order0_.BUYER as BUYER6_, order0_."ord dt" as ord4_6_, order0_."close dt" as close5_6_, order0_.SALES_PERSON_ID as SALES6_6_ from T_ORDER order0_ where order0_.REG = ? and (exists (select lineitem1_.ITEM_ID from ORDER_ITEM lineitem1_ cross join PRODUCT product2_ where product2_.PROD_ID=lineitem1_.PRODUCT_ID and lineitem1_.AMT>=? and product2_.name=?)) and order0_.BUYER=?
14:12:29,338 DEBUG ErrorCounter:82 - throwQueryException() : no errors
14:12:29,339 DEBUG SQL:104 - 
    select
        order0_.ORDER_ID as ORDER1_6_,
        order0_.REG as REG6_,
        order0_.BUYER as BUYER6_,
        order0_."ord dt" as ord4_6_,
        order0_."close dt" as close5_6_,
        order0_.SALES_PERSON_ID as SALES6_6_ 
    from
        T_ORDER order0_ 
    where
        order0_.REG = ? 
        and (
            exists (
                select
                    lineitem1_.ITEM_ID 
                from
                    ORDER_ITEM lineitem1_ cross 
                join
                    PRODUCT product2_ 
                where
                    product2_.PROD_ID=lineitem1_.PRODUCT_ID 
                    and lineitem1_.AMT>=? 
                    and product2_.name=?
            )
        ) 
        and order0_.BUYER=?
14:12:29,348 DEBUG BaseRegionAccessStrategy:66 - Caching: org.hibernate.test.filter.Order#17
14:12:29,348 DEBUG BaseGeneralDataRegion:59 - Caching[hibernate.test.org.hibernate.test.filter.Order] : [org.hibernate.test.filter.Order#17] -> [CacheEntry(org.hibernate.test.filter.Order)[APAC,gavin,2012-08-28 14:12:29.167,2012-10-28 14:12:29.167,21,17]]
14:12:29,349  INFO DynamicFilterTest:427 - query against Order with a subquery for line items with a subquery line items where the product name is Acme Hair Gel and the quantity is greater than 1 in a given region and the product is effective as of last month
14:12:29,349 DEBUG QueryTranslatorImpl:265 - parse() - HQL: select o from org.hibernate.test.filter.Order as o where exists (select li.id from org.hibernate.test.filter.LineItem li where li.quantity >= ? and li.product in (select p.id from org.hibernate.test.filter.Product p where p.name = ?)) and o.buyer = ?
14:12:29,349 DEBUG HqlParser:347 - weakKeywords() : new LT(1) token - ["Order",<108> previously: <41>,line=1,col=41,possibleID=true]
14:12:29,353 DEBUG QueryTranslatorImpl:283 - --- HQL AST ---
 \-[QUERY] Node: 'query'
    +-[SELECT_FROM] Node: 'SELECT_FROM'
    |  +-[FROM] Node: 'from'
    |  |  \-[RANGE] Node: 'RANGE'
    |  |     +-[DOT] Node: '.'
    |  |     |  +-[DOT] Node: '.'
    |  |     |  |  +-[DOT] Node: '.'
    |  |     |  |  |  +-[DOT] Node: '.'
    |  |     |  |  |  |  +-[IDENT] Node: 'org'
    |  |     |  |  |  |  \-[IDENT] Node: 'hibernate'
    |  |     |  |  |  \-[IDENT] Node: 'test'
    |  |     |  |  \-[IDENT] Node: 'filter'
    |  |     |  \-[IDENT] Node: 'Order'
    |  |     \-[ALIAS] Node: 'o'
    |  \-[SELECT] Node: 'select'
    |     \-[IDENT] Node: 'o'
    \-[WHERE] Node: 'where'
       \-[AND] Node: 'and'
          +-[EXISTS] Node: 'exists'
          |  \-[QUERY] Node: 'query'
          |     +-[SELECT_FROM] Node: 'SELECT_FROM'
          |     |  +-[FROM] Node: 'from'
          |     |  |  \-[RANGE] Node: 'RANGE'
          |     |  |     +-[DOT] Node: '.'
          |     |  |     |  +-[DOT] Node: '.'
          |     |  |     |  |  +-[DOT] Node: '.'
          |     |  |     |  |  |  +-[DOT] Node: '.'
          |     |  |     |  |  |  |  +-[IDENT] Node: 'org'
          |     |  |     |  |  |  |  \-[IDENT] Node: 'hibernate'
          |     |  |     |  |  |  \-[IDENT] Node: 'test'
          |     |  |     |  |  \-[IDENT] Node: 'filter'
          |     |  |     |  \-[IDENT] Node: 'LineItem'
          |     |  |     \-[ALIAS] Node: 'li'
          |     |  \-[SELECT] Node: 'select'
          |     |     \-[DOT] Node: '.'
          |     |        +-[IDENT] Node: 'li'
          |     |        \-[IDENT] Node: 'id'
          |     \-[WHERE] Node: 'where'
          |        \-[AND] Node: 'and'
          |           +-[GE] Node: '>='
          |           |  +-[DOT] Node: '.'
          |           |  |  +-[IDENT] Node: 'li'
          |           |  |  \-[IDENT] Node: 'quantity'
          |           |  \-[PARAM] Node: '?'
          |           \-[IN] Node: 'in'
          |              +-[DOT] Node: '.'
          |              |  +-[IDENT] Node: 'li'
          |              |  \-[IDENT] Node: 'product'
          |              \-[IN_LIST] Node: 'inList'
          |                 \-[QUERY] Node: 'query'
          |                    +-[SELECT_FROM] Node: 'SELECT_FROM'
          |                    |  +-[FROM] Node: 'from'
          |                    |  |  \-[RANGE] Node: 'RANGE'
          |                    |  |     +-[DOT] Node: '.'
          |                    |  |     |  +-[DOT] Node: '.'
          |                    |  |     |  |  +-[DOT] Node: '.'
          |                    |  |     |  |  |  +-[DOT] Node: '.'
          |                    |  |     |  |  |  |  +-[IDENT] Node: 'org'
          |                    |  |     |  |  |  |  \-[IDENT] Node: 'hibernate'
          |                    |  |     |  |  |  \-[IDENT] Node: 'test'
          |                    |  |     |  |  \-[IDENT] Node: 'filter'
          |                    |  |     |  \-[IDENT] Node: 'Product'
          |                    |  |     \-[ALIAS] Node: 'p'
          |                    |  \-[SELECT] Node: 'select'
          |                    |     \-[DOT] Node: '.'
          |                    |        +-[IDENT] Node: 'p'
          |                    |        \-[IDENT] Node: 'id'
          |                    \-[WHERE] Node: 'where'
          |                       \-[EQ] Node: '='
          |                          +-[DOT] Node: '.'
          |                          |  +-[IDENT] Node: 'p'
          |                          |  \-[IDENT] Node: 'name'
          |                          \-[PARAM] Node: '?'
          \-[EQ] Node: '='
             +-[DOT] Node: '.'
             |  +-[IDENT] Node: 'o'
             |  \-[IDENT] Node: 'buyer'
             \-[PARAM] Node: '?'

14:12:29,371 DEBUG ErrorCounter:82 - throwQueryException() : no errors
14:12:29,372 DEBUG FromElement:157 - FromClause{level=1} : org.hibernate.test.filter.Order (o) -> order0_
14:12:29,372 DEBUG FromReferenceNode:74 - Resolved : o -> order0_.ORDER_ID
14:12:29,372 DEBUG FromElement:157 - FromClause{level=2} : org.hibernate.test.filter.LineItem (li) -> lineitem1_
14:12:29,373 DEBUG FromReferenceNode:74 - Resolved : li -> lineitem1_.ITEM_ID
14:12:29,373 DEBUG DotNode:599 - getDataType() : id -> org.hibernate.type.LongType@4bf3f9d
14:12:29,373 DEBUG FromReferenceNode:74 - Resolved : li.id -> lineitem1_.ITEM_ID
14:12:29,373 DEBUG FromReferenceNode:74 - Resolved : li -> lineitem1_.ITEM_ID
14:12:29,373 DEBUG DotNode:599 - getDataType() : quantity -> org.hibernate.type.LongType@4bf3f9d
14:12:29,373 DEBUG FromReferenceNode:74 - Resolved : li.quantity -> lineitem1_.AMT
14:12:29,373  WARN HqlSqlWalker:929 - [DEPRECATION] Encountered positional parameter near line 1, column 143.  Positional parameter are considered deprecated; use named parameters or JPA-style positional parameters instead.
14:12:29,374 DEBUG FromReferenceNode:74 - Resolved : li -> lineitem1_.ITEM_ID
14:12:29,374 DEBUG DotNode:599 - getDataType() : product -> org.hibernate.type.ManyToOneType(org.hibernate.test.filter.Product)
14:12:29,374 DEBUG DotNode:562 - dereferenceShortcut() : property product in org.hibernate.test.filter.LineItem does not require a join.
14:12:29,374 DEBUG DotNode:588 - Terminal propertyPath = [product]
14:12:29,374 DEBUG FromReferenceNode:74 - Resolved : li.product -> lineitem1_.PRODUCT_ID
14:12:29,374 DEBUG FromElement:157 - FromClause{level=3} : org.hibernate.test.filter.Product (p) -> product2_
14:12:29,375 DEBUG FromReferenceNode:74 - Resolved : p -> product2_.PROD_ID
14:12:29,375 DEBUG DotNode:599 - getDataType() : id -> org.hibernate.type.LongType@4bf3f9d
14:12:29,375 DEBUG FromReferenceNode:74 - Resolved : p.id -> product2_.PROD_ID
14:12:29,375 DEBUG FromReferenceNode:74 - Resolved : p -> product2_.PROD_ID
14:12:29,375 DEBUG DotNode:599 - getDataType() : name -> org.hibernate.type.StringType@2dc8de40
14:12:29,375 DEBUG FromReferenceNode:74 - Resolved : p.name -> product2_.name
14:12:29,376  WARN HqlSqlWalker:929 - [DEPRECATION] Encountered positional parameter near line 1, column 232.  Positional parameter are considered deprecated; use named parameters or JPA-style positional parameters instead.
14:12:29,376 DEBUG HqlSqlWalker:629 - processQuery() :  ( SELECT ( {select clause} ( product2_.PROD_ID product2_.PROD_ID id ) ) ( FromClause{level=3} PRODUCT product2_ ) ( where ( = ( product2_.name product2_.PROD_ID name ) ? ) ) )
14:12:29,376 DEBUG JoinProcessor:175 - Using FROM fragment [PRODUCT product2_]
14:12:29,376 DEBUG SyntheticAndFactory:92 - Using unprocessed WHERE-fragment [:effectiveDate.asOfDate BETWEEN product2_.eff_start_dt and product2_.eff_end_dt]
14:12:29,376 DEBUG SyntheticAndFactory:124 - Using processed WHERE-fragment [? BETWEEN product2_.eff_start_dt and product2_.eff_end_dt]
14:12:29,377 DEBUG HqlSqlWalker:629 - processQuery() :  ( SELECT ( {select clause} ( lineitem1_.ITEM_ID lineitem1_.ITEM_ID id ) ) ( FromClause{level=2} ORDER_ITEM lineitem1_ ) ( where ( and ( >= ( lineitem1_.AMT lineitem1_.ITEM_ID quantity ) ? ) ( in ( lineitem1_.PRODUCT_ID lineitem1_.ITEM_ID product ) ( inList ( SELECT ( {select clause} ( product2_.PROD_ID product2_.PROD_ID id ) ) ( FromClause{level=3} PRODUCT product2_ ) ( where ( {filter conditions} ? BETWEEN product2_.eff_start_dt and product2_.eff_end_dt ) ( = ( product2_.name product2_.PROD_ID name ) ? ) ) ) ) ) ) ) )
14:12:29,377 DEBUG JoinProcessor:175 - Using FROM fragment [ORDER_ITEM lineitem1_]
14:12:29,377 DEBUG FromReferenceNode:74 - Resolved : o -> order0_.ORDER_ID
14:12:29,377 DEBUG DotNode:599 - getDataType() : buyer -> org.hibernate.type.StringType@2dc8de40
14:12:29,393 DEBUG FromReferenceNode:74 - Resolved : o.buyer -> order0_.BUYER
14:12:29,393  WARN HqlSqlWalker:929 - [DEPRECATION] Encountered positional parameter near line 1, column 250.  Positional parameter are considered deprecated; use named parameters or JPA-style positional parameters instead.
14:12:29,394 DEBUG HqlSqlWalker:629 - processQuery() :  ( SELECT ( {select clause} order0_.ORDER_ID ) ( FromClause{level=1} T_ORDER order0_ ) ( where ( and ( exists ( SELECT ( {select clause} ( lineitem1_.ITEM_ID lineitem1_.ITEM_ID id ) ) ( FromClause{level=2} ORDER_ITEM lineitem1_ ) ( where ( and ( >= ( lineitem1_.AMT lineitem1_.ITEM_ID quantity ) ? ) ( in ( lineitem1_.PRODUCT_ID lineitem1_.ITEM_ID product ) ( inList ( SELECT ( {select clause} ( product2_.PROD_ID product2_.PROD_ID id ) ) ( FromClause{level=3} PRODUCT product2_ ) ( where ( {filter conditions} ? BETWEEN product2_.eff_start_dt and product2_.eff_end_dt ) ( = ( product2_.name product2_.PROD_ID name ) ? ) ) ) ) ) ) ) ) ) ( = ( order0_.BUYER order0_.ORDER_ID buyer ) ? ) ) ) )
14:12:29,394 DEBUG JoinProcessor:175 - Using FROM fragment [T_ORDER order0_]
14:12:29,394 DEBUG SyntheticAndFactory:92 - Using unprocessed WHERE-fragment [order0_.REG = :region.region]
14:12:29,394 DEBUG SyntheticAndFactory:124 - Using processed WHERE-fragment [order0_.REG = ?]
14:12:29,395 DEBUG QueryTranslatorImpl:252 - --- SQL AST ---
 \-[SELECT] QueryNode: 'SELECT'  querySpaces (ORDER_ITEM,T_ORDER,PRODUCT)
    +-[SELECT_CLAUSE] SelectClause: '{select clause}'
    |  +-[ALIAS_REF] IdentNode: 'order0_.ORDER_ID as ORDER1_6_' {alias=o, className=org.hibernate.test.filter.Order, tableAlias=order0_}
    |  \-[SQL_TOKEN] SqlFragment: 'order0_.REG as REG6_, order0_.BUYER as BUYER6_, order0_."ord dt" as ord4_6_, order0_."close dt" as close5_6_, order0_.SALES_PERSON_ID as SALES6_6_'
    +-[FROM] FromClause: 'from' FromClause{level=1, fromElementCounter=1, fromElements=1, fromElementByClassAlias=[o], fromElementByTableAlias=[order0_], fromElementsByPath=[], collectionJoinFromElementsByPath=[], impliedElements=[]}
    |  \-[FROM_FRAGMENT] FromElement: 'T_ORDER order0_' FromElement{explicit,not a collection join,not a fetch join,fetch non-lazy properties,classAlias=o,role=null,tableName=T_ORDER,tableAlias=order0_,origin=null,columns={,className=org.hibernate.test.filter.Order}}
    \-[WHERE] SqlNode: 'where'
       +-[FILTERS] SqlNode: '{filter conditions}'
       |  \-[SQL_TOKEN] SqlFragment: 'order0_.REG = ?'
       \-[AND] SqlNode: 'and'
          +-[EXISTS] UnaryLogicOperatorNode: 'exists'
          |  \-[SELECT] QueryNode: 'SELECT'  querySpaces (ORDER_ITEM,T_ORDER,PRODUCT)
          |     +-[SELECT_CLAUSE] SelectClause: '{select clause}'
          |     |  \-[DOT] DotNode: 'lineitem1_.ITEM_ID' {propertyName=id,dereferenceType=ALL,propertyPath=id,path=li.id,tableAlias=lineitem1_,className=org.hibernate.test.filter.LineItem,classAlias=li}
          |     |     +-[ALIAS_REF] IdentNode: 'lineitem1_.ITEM_ID' {alias=li, className=org.hibernate.test.filter.LineItem, tableAlias=lineitem1_}
          |     |     \-[IDENT] IdentNode: 'id' {originalText=id}
          |     +-[FROM] FromClause: 'from' FromClause{level=2, fromElementCounter=1, fromElements=1, fromElementByClassAlias=[li], fromElementByTableAlias=[lineitem1_], fromElementsByPath=[], collectionJoinFromElementsByPath=[], impliedElements=[]}
          |     |  \-[FROM_FRAGMENT] FromElement: 'ORDER_ITEM lineitem1_' FromElement{explicit,not a collection join,not a fetch join,fetch non-lazy properties,classAlias=li,role=null,tableName=ORDER_ITEM,tableAlias=lineitem1_,origin=null,columns={,className=org.hibernate.test.filter.LineItem}}
          |     \-[WHERE] SqlNode: 'where'
          |        \-[AND] SqlNode: 'and'
          |           +-[GE] BinaryLogicOperatorNode: '>='
          |           |  +-[DOT] DotNode: 'lineitem1_.AMT' {propertyName=quantity,dereferenceType=ALL,propertyPath=quantity,path=li.quantity,tableAlias=lineitem1_,className=org.hibernate.test.filter.LineItem,classAlias=li}
          |           |  |  +-[ALIAS_REF] IdentNode: 'lineitem1_.ITEM_ID' {alias=li, className=org.hibernate.test.filter.LineItem, tableAlias=lineitem1_}
          |           |  |  \-[IDENT] IdentNode: 'quantity' {originalText=quantity}
          |           |  \-[PARAM] ParameterNode: '?' {ordinal=0, expectedType=org.hibernate.type.LongType@4bf3f9d}
          |           \-[IN] InLogicOperatorNode: 'in'
          |              +-[DOT] DotNode: 'lineitem1_.PRODUCT_ID' {propertyName=product,dereferenceType=0,propertyPath=product,path=li.product,tableAlias=lineitem1_,className=org.hibernate.test.filter.LineItem,classAlias=li}
          |              |  +-[ALIAS_REF] IdentNode: 'lineitem1_.ITEM_ID' {alias=li, className=org.hibernate.test.filter.LineItem, tableAlias=lineitem1_}
          |              |  \-[IDENT] IdentNode: 'product' {originalText=product}
          |              \-[IN_LIST] SqlNode: 'inList'
          |                 \-[SELECT] QueryNode: 'SELECT'  querySpaces (ORDER_ITEM,T_ORDER,PRODUCT)
          |                    +-[SELECT_CLAUSE] SelectClause: '{select clause}'
          |                    |  \-[DOT] DotNode: 'product2_.PROD_ID' {propertyName=id,dereferenceType=ALL,propertyPath=id,path=p.id,tableAlias=product2_,className=org.hibernate.test.filter.Product,classAlias=p}
          |                    |     +-[ALIAS_REF] IdentNode: 'product2_.PROD_ID' {alias=p, className=org.hibernate.test.filter.Product, tableAlias=product2_}
          |                    |     \-[IDENT] IdentNode: 'id' {originalText=id}
          |                    +-[FROM] FromClause: 'from' FromClause{level=3, fromElementCounter=1, fromElements=1, fromElementByClassAlias=[p], fromElementByTableAlias=[product2_], fromElementsByPath=[], collectionJoinFromElementsByPath=[], impliedElements=[]}
          |                    |  \-[FROM_FRAGMENT] FromElement: 'PRODUCT product2_' FromElement{explicit,not a collection join,not a fetch join,fetch non-lazy properties,classAlias=p,role=null,tableName=PRODUCT,tableAlias=product2_,origin=null,columns={,className=org.hibernate.test.filter.Product}}
          |                    \-[WHERE] SqlNode: 'where'
          |                       +-[FILTERS] SqlNode: '{filter conditions}'
          |                       |  \-[SQL_TOKEN] SqlFragment: '? BETWEEN product2_.eff_start_dt and product2_.eff_end_dt'
          |                       \-[EQ] BinaryLogicOperatorNode: '='
          |                          +-[DOT] DotNode: 'product2_.name' {propertyName=name,dereferenceType=ALL,propertyPath=name,path=p.name,tableAlias=product2_,className=org.hibernate.test.filter.Product,classAlias=p}
          |                          |  +-[ALIAS_REF] IdentNode: 'product2_.PROD_ID' {alias=p, className=org.hibernate.test.filter.Product, tableAlias=product2_}
          |                          |  \-[IDENT] IdentNode: 'name' {originalText=name}
          |                          \-[PARAM] ParameterNode: '?' {ordinal=1, expectedType=org.hibernate.type.StringType@2dc8de40}
          \-[EQ] BinaryLogicOperatorNode: '='
             +-[DOT] DotNode: 'order0_.BUYER' {propertyName=buyer,dereferenceType=ALL,propertyPath=buyer,path=o.buyer,tableAlias=order0_,className=org.hibernate.test.filter.Order,classAlias=o}
             |  +-[ALIAS_REF] IdentNode: 'order0_.ORDER_ID' {alias=o, className=org.hibernate.test.filter.Order, tableAlias=order0_}
             |  \-[IDENT] IdentNode: 'buyer' {originalText=buyer}
             \-[PARAM] ParameterNode: '?' {ordinal=2, expectedType=org.hibernate.type.StringType@2dc8de40}

14:12:29,403 DEBUG ErrorCounter:82 - throwQueryException() : no errors
14:12:29,413 DEBUG QueryTranslatorImpl:235 - HQL: select o from org.hibernate.test.filter.Order as o where exists (select li.id from org.hibernate.test.filter.LineItem li where li.quantity >= ? and li.product in (select p.id from org.hibernate.test.filter.Product p where p.name = ?)) and o.buyer = ?
14:12:29,414 DEBUG QueryTranslatorImpl:236 - SQL: select order0_.ORDER_ID as ORDER1_6_, order0_.REG as REG6_, order0_.BUYER as BUYER6_, order0_."ord dt" as ord4_6_, order0_."close dt" as close5_6_, order0_.SALES_PERSON_ID as SALES6_6_ from T_ORDER order0_ where order0_.REG = ? and (exists (select lineitem1_.ITEM_ID from ORDER_ITEM lineitem1_ where lineitem1_.AMT>=? and (lineitem1_.PRODUCT_ID in (select product2_.PROD_ID from PRODUCT product2_ where ? BETWEEN product2_.eff_start_dt and product2_.eff_end_dt and product2_.name=?)))) and order0_.BUYER=?
14:12:29,414 DEBUG ErrorCounter:82 - throwQueryException() : no errors
14:12:29,414 DEBUG SQL:104 - 
    select
        order0_.ORDER_ID as ORDER1_6_,
        order0_.REG as REG6_,
        order0_.BUYER as BUYER6_,
        order0_."ord dt" as ord4_6_,
        order0_."close dt" as close5_6_,
        order0_.SALES_PERSON_ID as SALES6_6_ 
    from
        T_ORDER order0_ 
    where
        order0_.REG = ? 
        and (
            exists (
                select
                    lineitem1_.ITEM_ID 
                from
                    ORDER_ITEM lineitem1_ 
                where
                    lineitem1_.AMT>=? 
                    and (
                        lineitem1_.PRODUCT_ID in (
                            select
                                product2_.PROD_ID 
                            from
                                PRODUCT product2_ 
                            where
                                ? BETWEEN product2_.eff_start_dt and product2_.eff_end_dt 
                                and product2_.name=?
                        )
                    )
                )
        ) 
        and order0_.BUYER=?
14:12:29,415  INFO DynamicFilterTest:438 - query against Order with a subquery for line items with a subquery line items where the product name is Acme Hair Gel and the quantity is greater than 1 in a given region and the product is effective as of 4 months ago
14:12:29,416 DEBUG SQL:104 - 
    select
        order0_.ORDER_ID as ORDER1_6_,
        order0_.REG as REG6_,
        order0_.BUYER as BUYER6_,
        order0_."ord dt" as ord4_6_,
        order0_."close dt" as close5_6_,
        order0_.SALES_PERSON_ID as SALES6_6_ 
    from
        T_ORDER order0_ 
    where
        order0_.REG = ? 
        and (
            exists (
                select
                    lineitem1_.ITEM_ID 
                from
                    ORDER_ITEM lineitem1_ 
                where
                    lineitem1_.AMT>=? 
                    and (
                        lineitem1_.PRODUCT_ID in (
                            select
                                product2_.PROD_ID 
                            from
                                PRODUCT product2_ 
                            where
                                ? BETWEEN product2_.eff_start_dt and product2_.eff_end_dt 
                                and product2_.name=?
                        )
                    )
                )
        ) 
        and order0_.BUYER=?
14:12:29,427  INFO DynamicFilterTest:450 - query against Order with a subquery for line items with a subquery line items where the product name is Acme Hair Gel and the quantity is greater than 1 in a given region and the product is effective as of last month with named types
14:12:29,427 DEBUG QueryTranslatorImpl:265 - parse() - HQL: select o from org.hibernate.test.filter.Order as o where exists (select li.id from org.hibernate.test.filter.LineItem li where li.quantity >= :quantity and li.product in (select p.id from org.hibernate.test.filter.Product p where p.name = :name)) and o.buyer = :buyer
14:12:29,427 DEBUG HqlParser:347 - weakKeywords() : new LT(1) token - ["Order",<108> previously: <41>,line=1,col=41,possibleID=true]
14:12:29,431 DEBUG QueryTranslatorImpl:283 - --- HQL AST ---
 \-[QUERY] Node: 'query'
    +-[SELECT_FROM] Node: 'SELECT_FROM'
    |  +-[FROM] Node: 'from'
    |  |  \-[RANGE] Node: 'RANGE'
    |  |     +-[DOT] Node: '.'
    |  |     |  +-[DOT] Node: '.'
    |  |     |  |  +-[DOT] Node: '.'
    |  |     |  |  |  +-[DOT] Node: '.'
    |  |     |  |  |  |  +-[IDENT] Node: 'org'
    |  |     |  |  |  |  \-[IDENT] Node: 'hibernate'
    |  |     |  |  |  \-[IDENT] Node: 'test'
    |  |     |  |  \-[IDENT] Node: 'filter'
    |  |     |  \-[IDENT] Node: 'Order'
    |  |     \-[ALIAS] Node: 'o'
    |  \-[SELECT] Node: 'select'
    |     \-[IDENT] Node: 'o'
    \-[WHERE] Node: 'where'
       \-[AND] Node: 'and'
          +-[EXISTS] Node: 'exists'
          |  \-[QUERY] Node: 'query'
          |     +-[SELECT_FROM] Node: 'SELECT_FROM'
          |     |  +-[FROM] Node: 'from'
          |     |  |  \-[RANGE] Node: 'RANGE'
          |     |  |     +-[DOT] Node: '.'
          |     |  |     |  +-[DOT] Node: '.'
          |     |  |     |  |  +-[DOT] Node: '.'
          |     |  |     |  |  |  +-[DOT] Node: '.'
          |     |  |     |  |  |  |  +-[IDENT] Node: 'org'
          |     |  |     |  |  |  |  \-[IDENT] Node: 'hibernate'
          |     |  |     |  |  |  \-[IDENT] Node: 'test'
          |     |  |     |  |  \-[IDENT] Node: 'filter'
          |     |  |     |  \-[IDENT] Node: 'LineItem'
          |     |  |     \-[ALIAS] Node: 'li'
          |     |  \-[SELECT] Node: 'select'
          |     |     \-[DOT] Node: '.'
          |     |        +-[IDENT] Node: 'li'
          |     |        \-[IDENT] Node: 'id'
          |     \-[WHERE] Node: 'where'
          |        \-[AND] Node: 'and'
          |           +-[GE] Node: '>='
          |           |  +-[DOT] Node: '.'
          |           |  |  +-[IDENT] Node: 'li'
          |           |  |  \-[IDENT] Node: 'quantity'
          |           |  \-[COLON] Node: ':'
          |           |     \-[IDENT] Node: 'quantity'
          |           \-[IN] Node: 'in'
          |              +-[DOT] Node: '.'
          |              |  +-[IDENT] Node: 'li'
          |              |  \-[IDENT] Node: 'product'
          |              \-[IN_LIST] Node: 'inList'
          |                 \-[QUERY] Node: 'query'
          |                    +-[SELECT_FROM] Node: 'SELECT_FROM'
          |                    |  +-[FROM] Node: 'from'
          |                    |  |  \-[RANGE] Node: 'RANGE'
          |                    |  |     +-[DOT] Node: '.'
          |                    |  |     |  +-[DOT] Node: '.'
          |                    |  |     |  |  +-[DOT] Node: '.'
          |                    |  |     |  |  |  +-[DOT] Node: '.'
          |                    |  |     |  |  |  |  +-[IDENT] Node: 'org'
          |                    |  |     |  |  |  |  \-[IDENT] Node: 'hibernate'
          |                    |  |     |  |  |  \-[IDENT] Node: 'test'
          |                    |  |     |  |  \-[IDENT] Node: 'filter'
          |                    |  |     |  \-[IDENT] Node: 'Product'
          |                    |  |     \-[ALIAS] Node: 'p'
          |                    |  \-[SELECT] Node: 'select'
          |                    |     \-[DOT] Node: '.'
          |                    |        +-[IDENT] Node: 'p'
          |                    |        \-[IDENT] Node: 'id'
          |                    \-[WHERE] Node: 'where'
          |                       \-[EQ] Node: '='
          |                          +-[DOT] Node: '.'
          |                          |  +-[IDENT] Node: 'p'
          |                          |  \-[IDENT] Node: 'name'
          |                          \-[COLON] Node: ':'
          |                             \-[IDENT] Node: 'name'
          \-[EQ] Node: '='
             +-[DOT] Node: '.'
             |  +-[IDENT] Node: 'o'
             |  \-[IDENT] Node: 'buyer'
             \-[COLON] Node: ':'
                \-[IDENT] Node: 'buyer'

14:12:29,459 DEBUG ErrorCounter:82 - throwQueryException() : no errors
14:12:29,460 DEBUG FromElement:157 - FromClause{level=1} : org.hibernate.test.filter.Order (o) -> order0_
14:12:29,468 DEBUG FromReferenceNode:74 - Resolved : o -> order0_.ORDER_ID
14:12:29,469 DEBUG FromElement:157 - FromClause{level=2} : org.hibernate.test.filter.LineItem (li) -> lineitem1_
14:12:29,469 DEBUG FromReferenceNode:74 - Resolved : li -> lineitem1_.ITEM_ID
14:12:29,469 DEBUG DotNode:599 - getDataType() : id -> org.hibernate.type.LongType@4bf3f9d
14:12:29,469 DEBUG FromReferenceNode:74 - Resolved : li.id -> lineitem1_.ITEM_ID
14:12:29,469 DEBUG FromReferenceNode:74 - Resolved : li -> lineitem1_.ITEM_ID
14:12:29,470 DEBUG DotNode:599 - getDataType() : quantity -> org.hibernate.type.LongType@4bf3f9d
14:12:29,470 DEBUG FromReferenceNode:74 - Resolved : li.quantity -> lineitem1_.AMT
14:12:29,470 DEBUG FromReferenceNode:74 - Resolved : li -> lineitem1_.ITEM_ID
14:12:29,470 DEBUG DotNode:599 - getDataType() : product -> org.hibernate.type.ManyToOneType(org.hibernate.test.filter.Product)
14:12:29,470 DEBUG DotNode:562 - dereferenceShortcut() : property product in org.hibernate.test.filter.LineItem does not require a join.
14:12:29,470 DEBUG DotNode:588 - Terminal propertyPath = [product]
14:12:29,470 DEBUG FromReferenceNode:74 - Resolved : li.product -> lineitem1_.PRODUCT_ID
14:12:29,471 DEBUG FromElement:157 - FromClause{level=3} : org.hibernate.test.filter.Product (p) -> product2_
14:12:29,471 DEBUG FromReferenceNode:74 - Resolved : p -> product2_.PROD_ID
14:12:29,471 DEBUG DotNode:599 - getDataType() : id -> org.hibernate.type.LongType@4bf3f9d
14:12:29,471 DEBUG FromReferenceNode:74 - Resolved : p.id -> product2_.PROD_ID
14:12:29,471 DEBUG FromReferenceNode:74 - Resolved : p -> product2_.PROD_ID
14:12:29,471 DEBUG DotNode:599 - getDataType() : name -> org.hibernate.type.StringType@2dc8de40
14:12:29,472 DEBUG FromReferenceNode:74 - Resolved : p.name -> product2_.name
14:12:29,472 DEBUG HqlSqlWalker:629 - processQuery() :  ( SELECT ( {select clause} ( product2_.PROD_ID product2_.PROD_ID id ) ) ( FromClause{level=3} PRODUCT product2_ ) ( where ( = ( product2_.name product2_.PROD_ID name ) ? ) ) )
14:12:29,472 DEBUG JoinProcessor:175 - Using FROM fragment [PRODUCT product2_]
14:12:29,472 DEBUG SyntheticAndFactory:92 - Using unprocessed WHERE-fragment [:effectiveDate.asOfDate BETWEEN product2_.eff_start_dt and product2_.eff_end_dt]
14:12:29,472 DEBUG SyntheticAndFactory:124 - Using processed WHERE-fragment [? BETWEEN product2_.eff_start_dt and product2_.eff_end_dt]
14:12:29,473 DEBUG HqlSqlWalker:629 - processQuery() :  ( SELECT ( {select clause} ( lineitem1_.ITEM_ID lineitem1_.ITEM_ID id ) ) ( FromClause{level=2} ORDER_ITEM lineitem1_ ) ( where ( and ( >= ( lineitem1_.AMT lineitem1_.ITEM_ID quantity ) ? ) ( in ( lineitem1_.PRODUCT_ID lineitem1_.ITEM_ID product ) ( inList ( SELECT ( {select clause} ( product2_.PROD_ID product2_.PROD_ID id ) ) ( FromClause{level=3} PRODUCT product2_ ) ( where ( {filter conditions} ? BETWEEN product2_.eff_start_dt and product2_.eff_end_dt ) ( = ( product2_.name product2_.PROD_ID name ) ? ) ) ) ) ) ) ) )
14:12:29,473 DEBUG JoinProcessor:175 - Using FROM fragment [ORDER_ITEM lineitem1_]
14:12:29,473 DEBUG FromReferenceNode:74 - Resolved : o -> order0_.ORDER_ID
14:12:29,473 DEBUG DotNode:599 - getDataType() : buyer -> org.hibernate.type.StringType@2dc8de40
14:12:29,473 DEBUG FromReferenceNode:74 - Resolved : o.buyer -> order0_.BUYER
14:12:29,473 DEBUG HqlSqlWalker:629 - processQuery() :  ( SELECT ( {select clause} order0_.ORDER_ID ) ( FromClause{level=1} T_ORDER order0_ ) ( where ( and ( exists ( SELECT ( {select clause} ( lineitem1_.ITEM_ID lineitem1_.ITEM_ID id ) ) ( FromClause{level=2} ORDER_ITEM lineitem1_ ) ( where ( and ( >= ( lineitem1_.AMT lineitem1_.ITEM_ID quantity ) ? ) ( in ( lineitem1_.PRODUCT_ID lineitem1_.ITEM_ID product ) ( inList ( SELECT ( {select clause} ( product2_.PROD_ID product2_.PROD_ID id ) ) ( FromClause{level=3} PRODUCT product2_ ) ( where ( {filter conditions} ? BETWEEN product2_.eff_start_dt and product2_.eff_end_dt ) ( = ( product2_.name product2_.PROD_ID name ) ? ) ) ) ) ) ) ) ) ) ( = ( order0_.BUYER order0_.ORDER_ID buyer ) ? ) ) ) )
14:12:29,478 DEBUG JoinProcessor:175 - Using FROM fragment [T_ORDER order0_]
14:12:29,478 DEBUG SyntheticAndFactory:92 - Using unprocessed WHERE-fragment [order0_.REG = :region.region]
14:12:29,478 DEBUG SyntheticAndFactory:124 - Using processed WHERE-fragment [order0_.REG = ?]
14:12:29,479 DEBUG QueryTranslatorImpl:252 - --- SQL AST ---
 \-[SELECT] QueryNode: 'SELECT'  querySpaces (ORDER_ITEM,T_ORDER,PRODUCT)
    +-[SELECT_CLAUSE] SelectClause: '{select clause}'
    |  +-[ALIAS_REF] IdentNode: 'order0_.ORDER_ID as ORDER1_6_' {alias=o, className=org.hibernate.test.filter.Order, tableAlias=order0_}
    |  \-[SQL_TOKEN] SqlFragment: 'order0_.REG as REG6_, order0_.BUYER as BUYER6_, order0_."ord dt" as ord4_6_, order0_."close dt" as close5_6_, order0_.SALES_PERSON_ID as SALES6_6_'
    +-[FROM] FromClause: 'from' FromClause{level=1, fromElementCounter=1, fromElements=1, fromElementByClassAlias=[o], fromElementByTableAlias=[order0_], fromElementsByPath=[], collectionJoinFromElementsByPath=[], impliedElements=[]}
    |  \-[FROM_FRAGMENT] FromElement: 'T_ORDER order0_' FromElement{explicit,not a collection join,not a fetch join,fetch non-lazy properties,classAlias=o,role=null,tableName=T_ORDER,tableAlias=order0_,origin=null,columns={,className=org.hibernate.test.filter.Order}}
    \-[WHERE] SqlNode: 'where'
       +-[FILTERS] SqlNode: '{filter conditions}'
       |  \-[SQL_TOKEN] SqlFragment: 'order0_.REG = ?'
       \-[AND] SqlNode: 'and'
          +-[EXISTS] UnaryLogicOperatorNode: 'exists'
          |  \-[SELECT] QueryNode: 'SELECT'  querySpaces (ORDER_ITEM,T_ORDER,PRODUCT)
          |     +-[SELECT_CLAUSE] SelectClause: '{select clause}'
          |     |  \-[DOT] DotNode: 'lineitem1_.ITEM_ID' {propertyName=id,dereferenceType=ALL,propertyPath=id,path=li.id,tableAlias=lineitem1_,className=org.hibernate.test.filter.LineItem,classAlias=li}
          |     |     +-[ALIAS_REF] IdentNode: 'lineitem1_.ITEM_ID' {alias=li, className=org.hibernate.test.filter.LineItem, tableAlias=lineitem1_}
          |     |     \-[IDENT] IdentNode: 'id' {originalText=id}
          |     +-[FROM] FromClause: 'from' FromClause{level=2, fromElementCounter=1, fromElements=1, fromElementByClassAlias=[li], fromElementByTableAlias=[lineitem1_], fromElementsByPath=[], collectionJoinFromElementsByPath=[], impliedElements=[]}
          |     |  \-[FROM_FRAGMENT] FromElement: 'ORDER_ITEM lineitem1_' FromElement{explicit,not a collection join,not a fetch join,fetch non-lazy properties,classAlias=li,role=null,tableName=ORDER_ITEM,tableAlias=lineitem1_,origin=null,columns={,className=org.hibernate.test.filter.LineItem}}
          |     \-[WHERE] SqlNode: 'where'
          |        \-[AND] SqlNode: 'and'
          |           +-[GE] BinaryLogicOperatorNode: '>='
          |           |  +-[DOT] DotNode: 'lineitem1_.AMT' {propertyName=quantity,dereferenceType=ALL,propertyPath=quantity,path=li.quantity,tableAlias=lineitem1_,className=org.hibernate.test.filter.LineItem,classAlias=li}
          |           |  |  +-[ALIAS_REF] IdentNode: 'lineitem1_.ITEM_ID' {alias=li, className=org.hibernate.test.filter.LineItem, tableAlias=lineitem1_}
          |           |  |  \-[IDENT] IdentNode: 'quantity' {originalText=quantity}
          |           |  \-[NAMED_PARAM] ParameterNode: '?' {name=quantity, expectedType=org.hibernate.type.LongType@4bf3f9d}
          |           \-[IN] InLogicOperatorNode: 'in'
          |              +-[DOT] DotNode: 'lineitem1_.PRODUCT_ID' {propertyName=product,dereferenceType=0,propertyPath=product,path=li.product,tableAlias=lineitem1_,className=org.hibernate.test.filter.LineItem,classAlias=li}
          |              |  +-[ALIAS_REF] IdentNode: 'lineitem1_.ITEM_ID' {alias=li, className=org.hibernate.test.filter.LineItem, tableAlias=lineitem1_}
          |              |  \-[IDENT] IdentNode: 'product' {originalText=product}
          |              \-[IN_LIST] SqlNode: 'inList'
          |                 \-[SELECT] QueryNode: 'SELECT'  querySpaces (ORDER_ITEM,T_ORDER,PRODUCT)
          |                    +-[SELECT_CLAUSE] SelectClause: '{select clause}'
          |                    |  \-[DOT] DotNode: 'product2_.PROD_ID' {propertyName=id,dereferenceType=ALL,propertyPath=id,path=p.id,tableAlias=product2_,className=org.hibernate.test.filter.Product,classAlias=p}
          |                    |     +-[ALIAS_REF] IdentNode: 'product2_.PROD_ID' {alias=p, className=org.hibernate.test.filter.Product, tableAlias=product2_}
          |                    |     \-[IDENT] IdentNode: 'id' {originalText=id}
          |                    +-[FROM] FromClause: 'from' FromClause{level=3, fromElementCounter=1, fromElements=1, fromElementByClassAlias=[p], fromElementByTableAlias=[product2_], fromElementsByPath=[], collectionJoinFromElementsByPath=[], impliedElements=[]}
          |                    |  \-[FROM_FRAGMENT] FromElement: 'PRODUCT product2_' FromElement{explicit,not a collection join,not a fetch join,fetch non-lazy properties,classAlias=p,role=null,tableName=PRODUCT,tableAlias=product2_,origin=null,columns={,className=org.hibernate.test.filter.Product}}
          |                    \-[WHERE] SqlNode: 'where'
          |                       +-[FILTERS] SqlNode: '{filter conditions}'
          |                       |  \-[SQL_TOKEN] SqlFragment: '? BETWEEN product2_.eff_start_dt and product2_.eff_end_dt'
          |                       \-[EQ] BinaryLogicOperatorNode: '='
          |                          +-[DOT] DotNode: 'product2_.name' {propertyName=name,dereferenceType=ALL,propertyPath=name,path=p.name,tableAlias=product2_,className=org.hibernate.test.filter.Product,classAlias=p}
          |                          |  +-[ALIAS_REF] IdentNode: 'product2_.PROD_ID' {alias=p, className=org.hibernate.test.filter.Product, tableAlias=product2_}
          |                          |  \-[IDENT] IdentNode: 'name' {originalText=name}
          |                          \-[NAMED_PARAM] ParameterNode: '?' {name=name, expectedType=org.hibernate.type.StringType@2dc8de40}
          \-[EQ] BinaryLogicOperatorNode: '='
             +-[DOT] DotNode: 'order0_.BUYER' {propertyName=buyer,dereferenceType=ALL,propertyPath=buyer,path=o.buyer,tableAlias=order0_,className=org.hibernate.test.filter.Order,classAlias=o}
             |  +-[ALIAS_REF] IdentNode: 'order0_.ORDER_ID' {alias=o, className=org.hibernate.test.filter.Order, tableAlias=order0_}
             |  \-[IDENT] IdentNode: 'buyer' {originalText=buyer}
             \-[NAMED_PARAM] ParameterNode: '?' {name=buyer, expectedType=org.hibernate.type.StringType@2dc8de40}

14:12:29,489 DEBUG ErrorCounter:82 - throwQueryException() : no errors
14:12:29,489 DEBUG QueryTranslatorImpl:235 - HQL: select o from org.hibernate.test.filter.Order as o where exists (select li.id from org.hibernate.test.filter.LineItem li where li.quantity >= :quantity and li.product in (select p.id from org.hibernate.test.filter.Product p where p.name = :name)) and o.buyer = :buyer
14:12:29,489 DEBUG QueryTranslatorImpl:236 - SQL: select order0_.ORDER_ID as ORDER1_6_, order0_.REG as REG6_, order0_.BUYER as BUYER6_, order0_."ord dt" as ord4_6_, order0_."close dt" as close5_6_, order0_.SALES_PERSON_ID as SALES6_6_ from T_ORDER order0_ where order0_.REG = ? and (exists (select lineitem1_.ITEM_ID from ORDER_ITEM lineitem1_ where lineitem1_.AMT>=? and (lineitem1_.PRODUCT_ID in (select product2_.PROD_ID from PRODUCT product2_ where ? BETWEEN product2_.eff_start_dt and product2_.eff_end_dt and product2_.name=?)))) and order0_.BUYER=?
14:12:29,489 DEBUG ErrorCounter:82 - throwQueryException() : no errors
14:12:29,499 DEBUG SQL:104 - 
    select
        order0_.ORDER_ID as ORDER1_6_,
        order0_.REG as REG6_,
        order0_.BUYER as BUYER6_,
        order0_."ord dt" as ord4_6_,
        order0_."close dt" as close5_6_,
        order0_.SALES_PERSON_ID as SALES6_6_ 
    from
        T_ORDER order0_ 
    where
        order0_.REG = ? 
        and (
            exists (
                select
                    lineitem1_.ITEM_ID 
                from
                    ORDER_ITEM lineitem1_ 
                where
                    lineitem1_.AMT>=? 
                    and (
                        lineitem1_.PRODUCT_ID in (
                            select
                                product2_.PROD_ID 
                            from
                                PRODUCT product2_ 
                            where
                                ? BETWEEN product2_.eff_start_dt and product2_.eff_end_dt 
                                and product2_.name=?
                        )
                    )
                )
        ) 
        and order0_.BUYER=?
14:12:29,510  INFO DynamicFilterTest:460 - query against Order with a subquery for line items with a subquery line items where the product name is Acme Hair Gel and the quantity is greater than 1 in a given region and the product is effective as of last month with mixed types
14:12:29,510 DEBUG QueryTranslatorImpl:265 - parse() - HQL: select o from org.hibernate.test.filter.Order as o where exists (select li.id from org.hibernate.test.filter.LineItem li where li.quantity >= ? and li.product in (select p.id from org.hibernate.test.filter.Product p where p.name = ?)) and o.buyer = :buyer
14:12:29,510 DEBUG HqlParser:347 - weakKeywords() : new LT(1) token - ["Order",<108> previously: <41>,line=1,col=41,possibleID=true]
14:12:29,513 DEBUG QueryTranslatorImpl:283 - --- HQL AST ---
 \-[QUERY] Node: 'query'
    +-[SELECT_FROM] Node: 'SELECT_FROM'
    |  +-[FROM] Node: 'from'
    |  |  \-[RANGE] Node: 'RANGE'
    |  |     +-[DOT] Node: '.'
    |  |     |  +-[DOT] Node: '.'
    |  |     |  |  +-[DOT] Node: '.'
    |  |     |  |  |  +-[DOT] Node: '.'
    |  |     |  |  |  |  +-[IDENT] Node: 'org'
    |  |     |  |  |  |  \-[IDENT] Node: 'hibernate'
    |  |     |  |  |  \-[IDENT] Node: 'test'
    |  |     |  |  \-[IDENT] Node: 'filter'
    |  |     |  \-[IDENT] Node: 'Order'
    |  |     \-[ALIAS] Node: 'o'
    |  \-[SELECT] Node: 'select'
    |     \-[IDENT] Node: 'o'
    \-[WHERE] Node: 'where'
       \-[AND] Node: 'and'
          +-[EXISTS] Node: 'exists'
          |  \-[QUERY] Node: 'query'
          |     +-[SELECT_FROM] Node: 'SELECT_FROM'
          |     |  +-[FROM] Node: 'from'
          |     |  |  \-[RANGE] Node: 'RANGE'
          |     |  |     +-[DOT] Node: '.'
          |     |  |     |  +-[DOT] Node: '.'
          |     |  |     |  |  +-[DOT] Node: '.'
          |     |  |     |  |  |  +-[DOT] Node: '.'
          |     |  |     |  |  |  |  +-[IDENT] Node: 'org'
          |     |  |     |  |  |  |  \-[IDENT] Node: 'hibernate'
          |     |  |     |  |  |  \-[IDENT] Node: 'test'
          |     |  |     |  |  \-[IDENT] Node: 'filter'
          |     |  |     |  \-[IDENT] Node: 'LineItem'
          |     |  |     \-[ALIAS] Node: 'li'
          |     |  \-[SELECT] Node: 'select'
          |     |     \-[DOT] Node: '.'
          |     |        +-[IDENT] Node: 'li'
          |     |        \-[IDENT] Node: 'id'
          |     \-[WHERE] Node: 'where'
          |        \-[AND] Node: 'and'
          |           +-[GE] Node: '>='
          |           |  +-[DOT] Node: '.'
          |           |  |  +-[IDENT] Node: 'li'
          |           |  |  \-[IDENT] Node: 'quantity'
          |           |  \-[PARAM] Node: '?'
          |           \-[IN] Node: 'in'
          |              +-[DOT] Node: '.'
          |              |  +-[IDENT] Node: 'li'
          |              |  \-[IDENT] Node: 'product'
          |              \-[IN_LIST] Node: 'inList'
          |                 \-[QUERY] Node: 'query'
          |                    +-[SELECT_FROM] Node: 'SELECT_FROM'
          |                    |  +-[FROM] Node: 'from'
          |                    |  |  \-[RANGE] Node: 'RANGE'
          |                    |  |     +-[DOT] Node: '.'
          |                    |  |     |  +-[DOT] Node: '.'
          |                    |  |     |  |  +-[DOT] Node: '.'
          |                    |  |     |  |  |  +-[DOT] Node: '.'
          |                    |  |     |  |  |  |  +-[IDENT] Node: 'org'
          |                    |  |     |  |  |  |  \-[IDENT] Node: 'hibernate'
          |                    |  |     |  |  |  \-[IDENT] Node: 'test'
          |                    |  |     |  |  \-[IDENT] Node: 'filter'
          |                    |  |     |  \-[IDENT] Node: 'Product'
          |                    |  |     \-[ALIAS] Node: 'p'
          |                    |  \-[SELECT] Node: 'select'
          |                    |     \-[DOT] Node: '.'
          |                    |        +-[IDENT] Node: 'p'
          |                    |        \-[IDENT] Node: 'id'
          |                    \-[WHERE] Node: 'where'
          |                       \-[EQ] Node: '='
          |                          +-[DOT] Node: '.'
          |                          |  +-[IDENT] Node: 'p'
          |                          |  \-[IDENT] Node: 'name'
          |                          \-[PARAM] Node: '?'
          \-[EQ] Node: '='
             +-[DOT] Node: '.'
             |  +-[IDENT] Node: 'o'
             |  \-[IDENT] Node: 'buyer'
             \-[COLON] Node: ':'
                \-[IDENT] Node: 'buyer'

14:12:29,540 DEBUG ErrorCounter:82 - throwQueryException() : no errors
14:12:29,540 DEBUG FromElement:157 - FromClause{level=1} : org.hibernate.test.filter.Order (o) -> order0_
14:12:29,540 DEBUG FromReferenceNode:74 - Resolved : o -> order0_.ORDER_ID
14:12:29,541 DEBUG FromElement:157 - FromClause{level=2} : org.hibernate.test.filter.LineItem (li) -> lineitem1_
14:12:29,541 DEBUG FromReferenceNode:74 - Resolved : li -> lineitem1_.ITEM_ID
14:12:29,541 DEBUG DotNode:599 - getDataType() : id -> org.hibernate.type.LongType@4bf3f9d
14:12:29,541 DEBUG FromReferenceNode:74 - Resolved : li.id -> lineitem1_.ITEM_ID
14:12:29,541 DEBUG FromReferenceNode:74 - Resolved : li -> lineitem1_.ITEM_ID
14:12:29,541 DEBUG DotNode:599 - getDataType() : quantity -> org.hibernate.type.LongType@4bf3f9d
14:12:29,541 DEBUG FromReferenceNode:74 - Resolved : li.quantity -> lineitem1_.AMT
14:12:29,542  WARN HqlSqlWalker:929 - [DEPRECATION] Encountered positional parameter near line 1, column 143.  Positional parameter are considered deprecated; use named parameters or JPA-style positional parameters instead.
14:12:29,542 DEBUG FromReferenceNode:74 - Resolved : li -> lineitem1_.ITEM_ID
14:12:29,542 DEBUG DotNode:599 - getDataType() : product -> org.hibernate.type.ManyToOneType(org.hibernate.test.filter.Product)
14:12:29,542 DEBUG DotNode:562 - dereferenceShortcut() : property product in org.hibernate.test.filter.LineItem does not require a join.
14:12:29,542 DEBUG DotNode:588 - Terminal propertyPath = [product]
14:12:29,542 DEBUG FromReferenceNode:74 - Resolved : li.product -> lineitem1_.PRODUCT_ID
14:12:29,542 DEBUG FromElement:157 - FromClause{level=3} : org.hibernate.test.filter.Product (p) -> product2_
14:12:29,542 DEBUG FromReferenceNode:74 - Resolved : p -> product2_.PROD_ID
14:12:29,543 DEBUG DotNode:599 - getDataType() : id -> org.hibernate.type.LongType@4bf3f9d
14:12:29,543 DEBUG FromReferenceNode:74 - Resolved : p.id -> product2_.PROD_ID
14:12:29,543 DEBUG FromReferenceNode:74 - Resolved : p -> product2_.PROD_ID
14:12:29,543 DEBUG DotNode:599 - getDataType() : name -> org.hibernate.type.StringType@2dc8de40
14:12:29,543 DEBUG FromReferenceNode:74 - Resolved : p.name -> product2_.name
14:12:29,543  WARN HqlSqlWalker:929 - [DEPRECATION] Encountered positional parameter near line 1, column 232.  Positional parameter are considered deprecated; use named parameters or JPA-style positional parameters instead.
14:12:29,543 DEBUG HqlSqlWalker:629 - processQuery() :  ( SELECT ( {select clause} ( product2_.PROD_ID product2_.PROD_ID id ) ) ( FromClause{level=3} PRODUCT product2_ ) ( where ( = ( product2_.name product2_.PROD_ID name ) ? ) ) )
14:12:29,544 DEBUG JoinProcessor:175 - Using FROM fragment [PRODUCT product2_]
14:12:29,544 DEBUG SyntheticAndFactory:92 - Using unprocessed WHERE-fragment [:effectiveDate.asOfDate BETWEEN product2_.eff_start_dt and product2_.eff_end_dt]
14:12:29,544 DEBUG SyntheticAndFactory:124 - Using processed WHERE-fragment [? BETWEEN product2_.eff_start_dt and product2_.eff_end_dt]
14:12:29,544 DEBUG HqlSqlWalker:629 - processQuery() :  ( SELECT ( {select clause} ( lineitem1_.ITEM_ID lineitem1_.ITEM_ID id ) ) ( FromClause{level=2} ORDER_ITEM lineitem1_ ) ( where ( and ( >= ( lineitem1_.AMT lineitem1_.ITEM_ID quantity ) ? ) ( in ( lineitem1_.PRODUCT_ID lineitem1_.ITEM_ID product ) ( inList ( SELECT ( {select clause} ( product2_.PROD_ID product2_.PROD_ID id ) ) ( FromClause{level=3} PRODUCT product2_ ) ( where ( {filter conditions} ? BETWEEN product2_.eff_start_dt and product2_.eff_end_dt ) ( = ( product2_.name product2_.PROD_ID name ) ? ) ) ) ) ) ) ) )
14:12:29,544 DEBUG JoinProcessor:175 - Using FROM fragment [ORDER_ITEM lineitem1_]
14:12:29,544 DEBUG FromReferenceNode:74 - Resolved : o -> order0_.ORDER_ID
14:12:29,545 DEBUG DotNode:599 - getDataType() : buyer -> org.hibernate.type.StringType@2dc8de40
14:12:29,545 DEBUG FromReferenceNode:74 - Resolved : o.buyer -> order0_.BUYER
14:12:29,545 DEBUG HqlSqlWalker:629 - processQuery() :  ( SELECT ( {select clause} order0_.ORDER_ID ) ( FromClause{level=1} T_ORDER order0_ ) ( where ( and ( exists ( SELECT ( {select clause} ( lineitem1_.ITEM_ID lineitem1_.ITEM_ID id ) ) ( FromClause{level=2} ORDER_ITEM lineitem1_ ) ( where ( and ( >= ( lineitem1_.AMT lineitem1_.ITEM_ID quantity ) ? ) ( in ( lineitem1_.PRODUCT_ID lineitem1_.ITEM_ID product ) ( inList ( SELECT ( {select clause} ( product2_.PROD_ID product2_.PROD_ID id ) ) ( FromClause{level=3} PRODUCT product2_ ) ( where ( {filter conditions} ? BETWEEN product2_.eff_start_dt and product2_.eff_end_dt ) ( = ( product2_.name product2_.PROD_ID name ) ? ) ) ) ) ) ) ) ) ) ( = ( order0_.BUYER order0_.ORDER_ID buyer ) ? ) ) ) )
14:12:29,545 DEBUG JoinProcessor:175 - Using FROM fragment [T_ORDER order0_]
14:12:29,545 DEBUG SyntheticAndFactory:92 - Using unprocessed WHERE-fragment [order0_.REG = :region.region]
14:12:29,545 DEBUG SyntheticAndFactory:124 - Using processed WHERE-fragment [order0_.REG = ?]
14:12:29,546 DEBUG QueryTranslatorImpl:252 - --- SQL AST ---
 \-[SELECT] QueryNode: 'SELECT'  querySpaces (ORDER_ITEM,T_ORDER,PRODUCT)
    +-[SELECT_CLAUSE] SelectClause: '{select clause}'
    |  +-[ALIAS_REF] IdentNode: 'order0_.ORDER_ID as ORDER1_6_' {alias=o, className=org.hibernate.test.filter.Order, tableAlias=order0_}
    |  \-[SQL_TOKEN] SqlFragment: 'order0_.REG as REG6_, order0_.BUYER as BUYER6_, order0_."ord dt" as ord4_6_, order0_."close dt" as close5_6_, order0_.SALES_PERSON_ID as SALES6_6_'
    +-[FROM] FromClause: 'from' FromClause{level=1, fromElementCounter=1, fromElements=1, fromElementByClassAlias=[o], fromElementByTableAlias=[order0_], fromElementsByPath=[], collectionJoinFromElementsByPath=[], impliedElements=[]}
    |  \-[FROM_FRAGMENT] FromElement: 'T_ORDER order0_' FromElement{explicit,not a collection join,not a fetch join,fetch non-lazy properties,classAlias=o,role=null,tableName=T_ORDER,tableAlias=order0_,origin=null,columns={,className=org.hibernate.test.filter.Order}}
    \-[WHERE] SqlNode: 'where'
       +-[FILTERS] SqlNode: '{filter conditions}'
       |  \-[SQL_TOKEN] SqlFragment: 'order0_.REG = ?'
       \-[AND] SqlNode: 'and'
          +-[EXISTS] UnaryLogicOperatorNode: 'exists'
          |  \-[SELECT] QueryNode: 'SELECT'  querySpaces (ORDER_ITEM,T_ORDER,PRODUCT)
          |     +-[SELECT_CLAUSE] SelectClause: '{select clause}'
          |     |  \-[DOT] DotNode: 'lineitem1_.ITEM_ID' {propertyName=id,dereferenceType=ALL,propertyPath=id,path=li.id,tableAlias=lineitem1_,className=org.hibernate.test.filter.LineItem,classAlias=li}
          |     |     +-[ALIAS_REF] IdentNode: 'lineitem1_.ITEM_ID' {alias=li, className=org.hibernate.test.filter.LineItem, tableAlias=lineitem1_}
          |     |     \-[IDENT] IdentNode: 'id' {originalText=id}
          |     +-[FROM] FromClause: 'from' FromClause{level=2, fromElementCounter=1, fromElements=1, fromElementByClassAlias=[li], fromElementByTableAlias=[lineitem1_], fromElementsByPath=[], collectionJoinFromElementsByPath=[], impliedElements=[]}
          |     |  \-[FROM_FRAGMENT] FromElement: 'ORDER_ITEM lineitem1_' FromElement{explicit,not a collection join,not a fetch join,fetch non-lazy properties,classAlias=li,role=null,tableName=ORDER_ITEM,tableAlias=lineitem1_,origin=null,columns={,className=org.hibernate.test.filter.LineItem}}
          |     \-[WHERE] SqlNode: 'where'
          |        \-[AND] SqlNode: 'and'
          |           +-[GE] BinaryLogicOperatorNode: '>='
          |           |  +-[DOT] DotNode: 'lineitem1_.AMT' {propertyName=quantity,dereferenceType=ALL,propertyPath=quantity,path=li.quantity,tableAlias=lineitem1_,className=org.hibernate.test.filter.LineItem,classAlias=li}
          |           |  |  +-[ALIAS_REF] IdentNode: 'lineitem1_.ITEM_ID' {alias=li, className=org.hibernate.test.filter.LineItem, tableAlias=lineitem1_}
          |           |  |  \-[IDENT] IdentNode: 'quantity' {originalText=quantity}
          |           |  \-[PARAM] ParameterNode: '?' {ordinal=0, expectedType=org.hibernate.type.LongType@4bf3f9d}
          |           \-[IN] InLogicOperatorNode: 'in'
          |              +-[DOT] DotNode: 'lineitem1_.PRODUCT_ID' {propertyName=product,dereferenceType=0,propertyPath=product,path=li.product,tableAlias=lineitem1_,className=org.hibernate.test.filter.LineItem,classAlias=li}
          |              |  +-[ALIAS_REF] IdentNode: 'lineitem1_.ITEM_ID' {alias=li, className=org.hibernate.test.filter.LineItem, tableAlias=lineitem1_}
          |              |  \-[IDENT] IdentNode: 'product' {originalText=product}
          |              \-[IN_LIST] SqlNode: 'inList'
          |                 \-[SELECT] QueryNode: 'SELECT'  querySpaces (ORDER_ITEM,T_ORDER,PRODUCT)
          |                    +-[SELECT_CLAUSE] SelectClause: '{select clause}'
          |                    |  \-[DOT] DotNode: 'product2_.PROD_ID' {propertyName=id,dereferenceType=ALL,propertyPath=id,path=p.id,tableAlias=product2_,className=org.hibernate.test.filter.Product,classAlias=p}
          |                    |     +-[ALIAS_REF] IdentNode: 'product2_.PROD_ID' {alias=p, className=org.hibernate.test.filter.Product, tableAlias=product2_}
          |                    |     \-[IDENT] IdentNode: 'id' {originalText=id}
          |                    +-[FROM] FromClause: 'from' FromClause{level=3, fromElementCounter=1, fromElements=1, fromElementByClassAlias=[p], fromElementByTableAlias=[product2_], fromElementsByPath=[], collectionJoinFromElementsByPath=[], impliedElements=[]}
          |                    |  \-[FROM_FRAGMENT] FromElement: 'PRODUCT product2_' FromElement{explicit,not a collection join,not a fetch join,fetch non-lazy properties,classAlias=p,role=null,tableName=PRODUCT,tableAlias=product2_,origin=null,columns={,className=org.hibernate.test.filter.Product}}
          |                    \-[WHERE] SqlNode: 'where'
          |                       +-[FILTERS] SqlNode: '{filter conditions}'
          |                       |  \-[SQL_TOKEN] SqlFragment: '? BETWEEN product2_.eff_start_dt and product2_.eff_end_dt'
          |                       \-[EQ] BinaryLogicOperatorNode: '='
          |                          +-[DOT] DotNode: 'product2_.name' {propertyName=name,dereferenceType=ALL,propertyPath=name,path=p.name,tableAlias=product2_,className=org.hibernate.test.filter.Product,classAlias=p}
          |                          |  +-[ALIAS_REF] IdentNode: 'product2_.PROD_ID' {alias=p, className=org.hibernate.test.filter.Product, tableAlias=product2_}
          |                          |  \-[IDENT] IdentNode: 'name' {originalText=name}
          |                          \-[PARAM] ParameterNode: '?' {ordinal=1, expectedType=org.hibernate.type.StringType@2dc8de40}
          \-[EQ] BinaryLogicOperatorNode: '='
             +-[DOT] DotNode: 'order0_.BUYER' {propertyName=buyer,dereferenceType=ALL,propertyPath=buyer,path=o.buyer,tableAlias=order0_,className=org.hibernate.test.filter.Order,classAlias=o}
             |  +-[ALIAS_REF] IdentNode: 'order0_.ORDER_ID' {alias=o, className=org.hibernate.test.filter.Order, tableAlias=order0_}
             |  \-[IDENT] IdentNode: 'buyer' {originalText=buyer}
             \-[NAMED_PARAM] ParameterNode: '?' {name=buyer, expectedType=org.hibernate.type.StringType@2dc8de40}

14:12:29,561 DEBUG ErrorCounter:82 - throwQueryException() : no errors
14:12:29,561 DEBUG QueryTranslatorImpl:235 - HQL: select o from org.hibernate.test.filter.Order as o where exists (select li.id from org.hibernate.test.filter.LineItem li where li.quantity >= ? and li.product in (select p.id from org.hibernate.test.filter.Product p where p.name = ?)) and o.buyer = :buyer
14:12:29,561 DEBUG QueryTranslatorImpl:236 - SQL: select order0_.ORDER_ID as ORDER1_6_, order0_.REG as REG6_, order0_.BUYER as BUYER6_, order0_."ord dt" as ord4_6_, order0_."close dt" as close5_6_, order0_.SALES_PERSON_ID as SALES6_6_ from T_ORDER order0_ where order0_.REG = ? and (exists (select lineitem1_.ITEM_ID from ORDER_ITEM lineitem1_ where lineitem1_.AMT>=? and (lineitem1_.PRODUCT_ID in (select product2_.PROD_ID from PRODUCT product2_ where ? BETWEEN product2_.eff_start_dt and product2_.eff_end_dt and product2_.name=?)))) and order0_.BUYER=?
14:12:29,562 DEBUG ErrorCounter:82 - throwQueryException() : no errors
14:12:29,562 DEBUG SQL:104 - 
    select
        order0_.ORDER_ID as ORDER1_6_,
        order0_.REG as REG6_,
        order0_.BUYER as BUYER6_,
        order0_."ord dt" as ord4_6_,
        order0_."close dt" as close5_6_,
        order0_.SALES_PERSON_ID as SALES6_6_ 
    from
        T_ORDER order0_ 
    where
        order0_.REG = ? 
        and (
            exists (
                select
                    lineitem1_.ITEM_ID 
                from
                    ORDER_ITEM lineitem1_ 
                where
                    lineitem1_.AMT>=? 
                    and (
                        lineitem1_.PRODUCT_ID in (
                            select
                                product2_.PROD_ID 
                            from
                                PRODUCT product2_ 
                            where
                                ? BETWEEN product2_.eff_start_dt and product2_.eff_end_dt 
                                and product2_.name=?
                        )
                    )
                )
        ) 
        and order0_.BUYER=?
14:12:29,584 DEBUG SQL:104 - 
    update
        SALES_PERSON 
    set
        NAME=?,
        REG=?,
        DEPT_ID=?,
        "hire dt"=? 
    where
        SALES_PERSON_ID=?
14:12:29,584 DEBUG BaseGeneralDataRegion:69 - Evicting[hibernate.test.org.hibernate.test.filter.Salesperson]: org.hibernate.test.filter.Salesperson#21
14:12:29,584 DEBUG BaseGeneralDataRegion:59 - Caching[hibernate.test.org.hibernate.cache.spi.UpdateTimestampsCache] : [SALES_PERSON] -> [5579089549656064]
14:12:29,584 DEBUG SQL:104 - 
    update
        SALES_PERSON 
    set
        NAME=?,
        REG=?,
        DEPT_ID=?,
        "hire dt"=? 
    where
        SALES_PERSON_ID=?
14:12:29,585 DEBUG BaseGeneralDataRegion:69 - Evicting[hibernate.test.org.hibernate.test.filter.Salesperson]: org.hibernate.test.filter.Salesperson#22
14:12:29,585 DEBUG BaseGeneralDataRegion:59 - Caching[hibernate.test.org.hibernate.cache.spi.UpdateTimestampsCache] : [SALES_PERSON] -> [5579089549660160]
14:12:29,585 DEBUG SQL:104 - 
    update
        T_ORDER 
    set
        REG=?,
        BUYER=?,
        "ord dt"=?,
        "close dt"=?,
        SALES_PERSON_ID=? 
    where
        ORDER_ID=?
14:12:29,593 DEBUG BaseGeneralDataRegion:69 - Evicting[hibernate.test.org.hibernate.test.filter.Order]: org.hibernate.test.filter.Order#17
14:12:29,594 DEBUG BaseGeneralDataRegion:59 - Caching[hibernate.test.org.hibernate.cache.spi.UpdateTimestampsCache] : [T_ORDER] -> [5579089549697024]
14:12:29,594 DEBUG SQL:104 - 
    update
        ORDER_ITEM 
    set
        ORDER_ID=?,
        SEQ=?,
        PRODUCT_ID=?,
        AMT=? 
    where
        ITEM_ID=?
14:12:29,595 DEBUG BaseGeneralDataRegion:69 - Evicting[hibernate.test.org.hibernate.test.filter.LineItem]: org.hibernate.test.filter.LineItem#17
14:12:29,595 DEBUG BaseGeneralDataRegion:59 - Caching[hibernate.test.org.hibernate.cache.spi.UpdateTimestampsCache] : [ORDER_ITEM] -> [5579089549701120]
14:12:29,595 DEBUG SQL:104 - 
    update
        T_ORDER 
    set
        REG=?,
        BUYER=?,
        "ord dt"=?,
        "close dt"=?,
        SALES_PERSON_ID=? 
    where
        ORDER_ID=?
14:12:29,603 DEBUG BaseGeneralDataRegion:69 - Evicting[hibernate.test.org.hibernate.test.filter.Order]: org.hibernate.test.filter.Order#18
14:12:29,603 DEBUG BaseGeneralDataRegion:59 - Caching[hibernate.test.org.hibernate.cache.spi.UpdateTimestampsCache] : [T_ORDER] -> [5579089549733888]
14:12:29,603 DEBUG SQL:104 - 
    update
        ORDER_ITEM 
    set
        ORDER_ID=?,
        SEQ=?,
        PRODUCT_ID=?,
        AMT=? 
    where
        ITEM_ID=?
14:12:29,604 DEBUG BaseGeneralDataRegion:69 - Evicting[hibernate.test.org.hibernate.test.filter.LineItem]: org.hibernate.test.filter.LineItem#18
14:12:29,604 DEBUG BaseGeneralDataRegion:59 - Caching[hibernate.test.org.hibernate.cache.spi.UpdateTimestampsCache] : [ORDER_ITEM] -> [5579089549737984]
14:12:29,604 DEBUG BaseGeneralDataRegion:69 - Evicting[hibernate.test.org.hibernate.test.filter.Product.orderLineItems]: org.hibernate.test.filter.Product.orderLineItems#25
14:12:29,604 DEBUG BaseGeneralDataRegion:59 - Caching[hibernate.test.org.hibernate.cache.spi.UpdateTimestampsCache] : [ORDER_ITEM] -> [5579089549737985]
14:12:29,604 DEBUG BaseGeneralDataRegion:69 - Evicting[hibernate.test.org.hibernate.test.filter.Product.orderLineItems]: org.hibernate.test.filter.Product.orderLineItems#26
14:12:29,604 DEBUG BaseGeneralDataRegion:59 - Caching[hibernate.test.org.hibernate.cache.spi.UpdateTimestampsCache] : [ORDER_ITEM] -> [5579089549737986]
14:12:29,604 DEBUG BaseGeneralDataRegion:69 - Evicting[hibernate.test.org.hibernate.test.filter.Product.orderLineItems]: org.hibernate.test.filter.Product.orderLineItems#27
14:12:29,604 DEBUG BaseGeneralDataRegion:59 - Caching[hibernate.test.org.hibernate.cache.spi.UpdateTimestampsCache] : [ORDER_ITEM] -> [5579089549737987]
14:12:29,604 DEBUG SQL:104 - 
    delete 
    from
        PROD_CAT 
    where
        PROD_ID=?
14:12:29,613 DEBUG BaseGeneralDataRegion:69 - Evicting[hibernate.test.org.hibernate.test.filter.Product.categories]: org.hibernate.test.filter.Product.categories#27
14:12:29,613 DEBUG BaseGeneralDataRegion:59 - Caching[hibernate.test.org.hibernate.cache.spi.UpdateTimestampsCache] : [PROD_CAT] -> [5579089549774848]
14:12:29,614 DEBUG BaseGeneralDataRegion:69 - Evicting[hibernate.test.org.hibernate.test.filter.Department.salespersons]: org.hibernate.test.filter.Department.salespersons#9
14:12:29,614 DEBUG BaseGeneralDataRegion:59 - Caching[hibernate.test.org.hibernate.cache.spi.UpdateTimestampsCache] : [SALES_PERSON] -> [5579089549778944]
14:12:29,614 DEBUG BaseGeneralDataRegion:69 - Evicting[hibernate.test.org.hibernate.test.filter.Salesperson.orders]: org.hibernate.test.filter.Salesperson.orders#21
14:12:29,614 DEBUG BaseGeneralDataRegion:59 - Caching[hibernate.test.org.hibernate.cache.spi.UpdateTimestampsCache] : [T_ORDER] -> [5579089549778945]
14:12:29,614 DEBUG BaseGeneralDataRegion:69 - Evicting[hibernate.test.org.hibernate.test.filter.Salesperson.orders]: org.hibernate.test.filter.Salesperson.orders#22
14:12:29,614 DEBUG BaseGeneralDataRegion:59 - Caching[hibernate.test.org.hibernate.cache.spi.UpdateTimestampsCache] : [T_ORDER] -> [5579089549778946]
14:12:29,614 DEBUG SQL:104 - 
    delete 
    from
        PROD_CAT 
    where
        PROD_ID=?
14:12:29,614 DEBUG BaseGeneralDataRegion:69 - Evicting[hibernate.test.org.hibernate.test.filter.Product.categories]: org.hibernate.test.filter.Product.categories#25
14:12:29,615 DEBUG BaseGeneralDataRegion:59 - Caching[hibernate.test.org.hibernate.cache.spi.UpdateTimestampsCache] : [PROD_CAT] -> [5579089549783040]
14:12:29,615 DEBUG BaseGeneralDataRegion:69 - Evicting[hibernate.test.org.hibernate.test.filter.Category.products]: org.hibernate.test.filter.Category.products#25
14:12:29,615 DEBUG BaseGeneralDataRegion:59 - Caching[hibernate.test.org.hibernate.cache.spi.UpdateTimestampsCache] : [PROD_CAT] -> [5579089549783041]
14:12:29,615 DEBUG BaseGeneralDataRegion:69 - Evicting[hibernate.test.org.hibernate.test.filter.Category.products]: org.hibernate.test.filter.Category.products#26
14:12:29,615 DEBUG BaseGeneralDataRegion:59 - Caching[hibernate.test.org.hibernate.cache.spi.UpdateTimestampsCache] : [PROD_CAT] -> [5579089549783042]
14:12:29,615 DEBUG BaseGeneralDataRegion:69 - Evicting[hibernate.test.org.hibernate.test.filter.Order.lineItems]: org.hibernate.test.filter.Order.lineItems#17
14:12:29,615 DEBUG BaseGeneralDataRegion:59 - Caching[hibernate.test.org.hibernate.cache.spi.UpdateTimestampsCache] : [ORDER_ITEM] -> [5579089549783043]
14:12:29,615 DEBUG SQL:104 - 
    delete 
    from
        PROD_CAT 
    where
        PROD_ID=?
14:12:29,624 DEBUG BaseGeneralDataRegion:69 - Evicting[hibernate.test.org.hibernate.test.filter.Product.categories]: org.hibernate.test.filter.Product.categories#26
14:12:29,624 DEBUG BaseGeneralDataRegion:59 - Caching[hibernate.test.org.hibernate.cache.spi.UpdateTimestampsCache] : [PROD_CAT] -> [5579089549819904]
14:12:29,624 DEBUG BaseGeneralDataRegion:69 - Evicting[hibernate.test.org.hibernate.test.filter.Category.products]: org.hibernate.test.filter.Category.products#27
14:12:29,624 DEBUG BaseGeneralDataRegion:59 - Caching[hibernate.test.org.hibernate.cache.spi.UpdateTimestampsCache] : [PROD_CAT] -> [5579089549819905]
14:12:29,624 DEBUG BaseGeneralDataRegion:69 - Evicting[hibernate.test.org.hibernate.test.filter.Order.lineItems]: org.hibernate.test.filter.Order.lineItems#18
14:12:29,625 DEBUG BaseGeneralDataRegion:59 - Caching[hibernate.test.org.hibernate.cache.spi.UpdateTimestampsCache] : [ORDER_ITEM] -> [5579089549824000]
14:12:29,625 DEBUG SQL:104 - 
    delete 
    from
        DEPARTMENT 
    where
        DEPT_ID=?
14:12:29,625 DEBUG BaseGeneralDataRegion:69 - Evicting[hibernate.test.org.hibernate.test.filter.Department]: org.hibernate.test.filter.Department#9
14:12:29,625 DEBUG BaseGeneralDataRegion:59 - Caching[hibernate.test.org.hibernate.cache.spi.UpdateTimestampsCache] : [DEPARTMENT] -> [5579089549824001]
14:12:29,625 DEBUG SQL:104 - 
    delete 
    from
        SALES_PERSON 
    where
        SALES_PERSON_ID=?
14:12:29,625 DEBUG BaseGeneralDataRegion:69 - Evicting[hibernate.test.org.hibernate.test.filter.Salesperson]: org.hibernate.test.filter.Salesperson#21
14:12:29,625 DEBUG BaseGeneralDataRegion:59 - Caching[hibernate.test.org.hibernate.cache.spi.UpdateTimestampsCache] : [SALES_PERSON] -> [5579089549824002]
14:12:29,626 DEBUG SQL:104 - 
    delete 
    from
        SALES_PERSON 
    where
        SALES_PERSON_ID=?
14:12:29,626 DEBUG BaseGeneralDataRegion:69 - Evicting[hibernate.test.org.hibernate.test.filter.Salesperson]: org.hibernate.test.filter.Salesperson#22
14:12:29,633 DEBUG BaseGeneralDataRegion:59 - Caching[hibernate.test.org.hibernate.cache.spi.UpdateTimestampsCache] : [SALES_PERSON] -> [5579089549856768]
14:12:29,634 DEBUG SQL:104 - 
    delete 
    from
        CATEGORY 
    where
        CAT_ID=?
14:12:29,634 DEBUG BaseGeneralDataRegion:69 - Evicting[hibernate.test.org.hibernate.test.filter.Category]: org.hibernate.test.filter.Category#25
14:12:29,634 DEBUG BaseGeneralDataRegion:59 - Caching[hibernate.test.org.hibernate.cache.spi.UpdateTimestampsCache] : [CATEGORY] -> [5579089549860864]
14:12:29,634 DEBUG SQL:104 - 
    delete 
    from
        CATEGORY 
    where
        CAT_ID=?
14:12:29,634 DEBUG BaseGeneralDataRegion:69 - Evicting[hibernate.test.org.hibernate.test.filter.Category]: org.hibernate.test.filter.Category#26
14:12:29,634 DEBUG BaseGeneralDataRegion:59 - Caching[hibernate.test.org.hibernate.cache.spi.UpdateTimestampsCache] : [CATEGORY] -> [5579089549860865]
14:12:29,635 DEBUG SQL:104 - 
    delete 
    from
        PRODUCT 
    where
        PROD_ID=?
14:12:29,635 DEBUG BaseGeneralDataRegion:69 - Evicting[hibernate.test.org.hibernate.test.filter.Product]: org.hibernate.test.filter.Product#25
14:12:29,635 DEBUG BaseGeneralDataRegion:59 - Caching[hibernate.test.org.hibernate.cache.spi.UpdateTimestampsCache] : [PRODUCT] -> [5579089549864960]
14:12:29,635 DEBUG SQL:104 - 
    delete 
    from
        ORDER_ITEM 
    where
        ITEM_ID=?
14:12:29,643 DEBUG BaseGeneralDataRegion:69 - Evicting[hibernate.test.org.hibernate.test.filter.LineItem]: org.hibernate.test.filter.LineItem#17
14:12:29,643 DEBUG BaseGeneralDataRegion:59 - Caching[hibernate.test.org.hibernate.cache.spi.UpdateTimestampsCache] : [ORDER_ITEM] -> [5579089549897728]
14:12:29,643 DEBUG SQL:104 - 
    delete 
    from
        T_ORDER 
    where
        ORDER_ID=?
14:12:29,643 DEBUG BaseGeneralDataRegion:69 - Evicting[hibernate.test.org.hibernate.test.filter.Order]: org.hibernate.test.filter.Order#17
14:12:29,643 DEBUG BaseGeneralDataRegion:59 - Caching[hibernate.test.org.hibernate.cache.spi.UpdateTimestampsCache] : [T_ORDER] -> [5579089549897729]
14:12:29,644 DEBUG SQL:104 - 
    delete 
    from
        CATEGORY 
    where
        CAT_ID=?
14:12:29,644 DEBUG BaseGeneralDataRegion:69 - Evicting[hibernate.test.org.hibernate.test.filter.Category]: org.hibernate.test.filter.Category#27
14:12:29,644 DEBUG BaseGeneralDataRegion:59 - Caching[hibernate.test.org.hibernate.cache.spi.UpdateTimestampsCache] : [CATEGORY] -> [5579089549901824]
14:12:29,644 DEBUG SQL:104 - 
    delete 
    from
        PRODUCT 
    where
        PROD_ID=?
14:12:29,644 DEBUG BaseGeneralDataRegion:69 - Evicting[hibernate.test.org.hibernate.test.filter.Product]: org.hibernate.test.filter.Product#26
14:12:29,644 DEBUG BaseGeneralDataRegion:59 - Caching[hibernate.test.org.hibernate.cache.spi.UpdateTimestampsCache] : [PRODUCT] -> [5579089549901825]
14:12:29,644 DEBUG SQL:104 - 
    delete 
    from
        PRODUCT 
    where
        PROD_ID=?
14:12:29,651 DEBUG BaseGeneralDataRegion:69 - Evicting[hibernate.test.org.hibernate.test.filter.Product]: org.hibernate.test.filter.Product#27
14:12:29,651 DEBUG BaseGeneralDataRegion:59 - Caching[hibernate.test.org.hibernate.cache.spi.UpdateTimestampsCache] : [PRODUCT] -> [5579089549930496]
14:12:29,652 DEBUG SQL:104 - 
    delete 
    from
        ORDER_ITEM 
    where
        ITEM_ID=?
14:12:29,653 DEBUG BaseGeneralDataRegion:69 - Evicting[hibernate.test.org.hibernate.test.filter.LineItem]: org.hibernate.test.filter.LineItem#18
14:12:29,653 DEBUG BaseGeneralDataRegion:59 - Caching[hibernate.test.org.hibernate.cache.spi.UpdateTimestampsCache] : [ORDER_ITEM] -> [5579089549938688]
14:12:29,653 DEBUG SQL:104 - 
    delete 
    from
        T_ORDER 
    where
        ORDER_ID=?
14:12:29,653 DEBUG BaseGeneralDataRegion:69 - Evicting[hibernate.test.org.hibernate.test.filter.Order]: org.hibernate.test.filter.Order#18
14:12:29,653 DEBUG BaseGeneralDataRegion:59 - Caching[hibernate.test.org.hibernate.cache.spi.UpdateTimestampsCache] : [T_ORDER] -> [5579089549938689]
14:12:29,654 DEBUG BaseGeneralDataRegion:69 - Evicting[hibernate.test.org.hibernate.test.filter.Salesperson]: org.hibernate.test.filter.Salesperson#21
14:12:29,655 DEBUG BaseGeneralDataRegion:69 - Evicting[hibernate.test.org.hibernate.test.filter.Salesperson]: org.hibernate.test.filter.Salesperson#22
14:12:29,655 DEBUG BaseGeneralDataRegion:69 - Evicting[hibernate.test.org.hibernate.test.filter.Order]: org.hibernate.test.filter.Order#17
14:12:29,655 DEBUG BaseGeneralDataRegion:69 - Evicting[hibernate.test.org.hibernate.test.filter.LineItem]: org.hibernate.test.filter.LineItem#17
14:12:29,655 DEBUG BaseGeneralDataRegion:69 - Evicting[hibernate.test.org.hibernate.test.filter.Order]: org.hibernate.test.filter.Order#18
14:12:29,655 DEBUG BaseGeneralDataRegion:69 - Evicting[hibernate.test.org.hibernate.test.filter.LineItem]: org.hibernate.test.filter.LineItem#18
14:12:29,655 DEBUG BaseGeneralDataRegion:69 - Evicting[hibernate.test.org.hibernate.test.filter.Product.orderLineItems]: org.hibernate.test.filter.Product.orderLineItems#25
14:12:29,780 DEBUG BaseGeneralDataRegion:69 - Evicting[hibernate.test.org.hibernate.test.filter.Product.orderLineItems]: org.hibernate.test.filter.Product.orderLineItems#26
14:12:29,782 DEBUG BaseGeneralDataRegion:69 - Evicting[hibernate.test.org.hibernate.test.filter.Product.orderLineItems]: org.hibernate.test.filter.Product.orderLineItems#27
14:12:29,782 DEBUG BaseGeneralDataRegion:69 - Evicting[hibernate.test.org.hibernate.test.filter.Product.categories]: org.hibernate.test.filter.Product.categories#27
14:12:29,782 DEBUG BaseGeneralDataRegion:69 - Evicting[hibernate.test.org.hibernate.test.filter.Department.salespersons]: org.hibernate.test.filter.Department.salespersons#9
14:12:29,782 DEBUG BaseGeneralDataRegion:69 - Evicting[hibernate.test.org.hibernate.test.filter.Salesperson.orders]: org.hibernate.test.filter.Salesperson.orders#21
14:12:29,782 DEBUG BaseGeneralDataRegion:69 - Evicting[hibernate.test.org.hibernate.test.filter.Salesperson.orders]: org.hibernate.test.filter.Salesperson.orders#22
14:12:29,782 DEBUG BaseGeneralDataRegion:69 - Evicting[hibernate.test.org.hibernate.test.filter.Product.categories]: org.hibernate.test.filter.Product.categories#25
14:12:29,782 DEBUG BaseGeneralDataRegion:69 - Evicting[hibernate.test.org.hibernate.test.filter.Category.products]: org.hibernate.test.filter.Category.products#25
14:12:29,782 DEBUG BaseGeneralDataRegion:69 - Evicting[hibernate.test.org.hibernate.test.filter.Category.products]: org.hibernate.test.filter.Category.products#26
14:12:29,783 DEBUG BaseGeneralDataRegion:69 - Evicting[hibernate.test.org.hibernate.test.filter.Order.lineItems]: org.hibernate.test.filter.Order.lineItems#17
14:12:29,783 DEBUG BaseGeneralDataRegion:69 - Evicting[hibernate.test.org.hibernate.test.filter.Product.categories]: org.hibernate.test.filter.Product.categories#26
14:12:29,783 DEBUG BaseGeneralDataRegion:69 - Evicting[hibernate.test.org.hibernate.test.filter.Category.products]: org.hibernate.test.filter.Category.products#27
14:12:29,783 DEBUG BaseGeneralDataRegion:69 - Evicting[hibernate.test.org.hibernate.test.filter.Order.lineItems]: org.hibernate.test.filter.Order.lineItems#18
14:12:29,783 DEBUG BaseGeneralDataRegion:69 - Evicting[hibernate.test.org.hibernate.test.filter.Department]: org.hibernate.test.filter.Department#9
14:12:29,783 DEBUG BaseGeneralDataRegion:69 - Evicting[hibernate.test.org.hibernate.test.filter.Salesperson]: org.hibernate.test.filter.Salesperson#21
14:12:29,783 DEBUG BaseGeneralDataRegion:69 - Evicting[hibernate.test.org.hibernate.test.filter.Salesperson]: org.hibernate.test.filter.Salesperson#22
14:12:29,783 DEBUG BaseGeneralDataRegion:69 - Evicting[hibernate.test.org.hibernate.test.filter.Category]: org.hibernate.test.filter.Category#25
14:12:29,783 DEBUG BaseGeneralDataRegion:69 - Evicting[hibernate.test.org.hibernate.test.filter.Category]: org.hibernate.test.filter.Category#26
14:12:29,784 DEBUG BaseGeneralDataRegion:69 - Evicting[hibernate.test.org.hibernate.test.filter.Product]: org.hibernate.test.filter.Product#25
14:12:29,784 DEBUG BaseGeneralDataRegion:69 - Evicting[hibernate.test.org.hibernate.test.filter.LineItem]: org.hibernate.test.filter.LineItem#17
14:12:29,784 DEBUG BaseGeneralDataRegion:69 - Evicting[hibernate.test.org.hibernate.test.filter.Order]: org.hibernate.test.filter.Order#17
14:12:29,784 DEBUG BaseGeneralDataRegion:69 - Evicting[hibernate.test.org.hibernate.test.filter.Category]: org.hibernate.test.filter.Category#27
14:12:29,784 DEBUG BaseGeneralDataRegion:69 - Evicting[hibernate.test.org.hibernate.test.filter.Product]: org.hibernate.test.filter.Product#26
14:12:29,784 DEBUG BaseGeneralDataRegion:69 - Evicting[hibernate.test.org.hibernate.test.filter.Product]: org.hibernate.test.filter.Product#27
14:12:29,784 DEBUG BaseGeneralDataRegion:69 - Evicting[hibernate.test.org.hibernate.test.filter.LineItem]: org.hibernate.test.filter.LineItem#18
14:12:29,784 DEBUG BaseGeneralDataRegion:69 - Evicting[hibernate.test.org.hibernate.test.filter.Order]: org.hibernate.test.filter.Order#18
14:12:29,784 DEBUG BaseGeneralDataRegion:59 - Caching[hibernate.test.org.hibernate.cache.spi.UpdateTimestampsCache] : [CATEGORY] -> [5579089304715264]
14:12:29,785 DEBUG BaseGeneralDataRegion:59 - Caching[hibernate.test.org.hibernate.cache.spi.UpdateTimestampsCache] : [ORDER_ITEM] -> [5579089304715264]
14:12:29,785 DEBUG BaseGeneralDataRegion:59 - Caching[hibernate.test.org.hibernate.cache.spi.UpdateTimestampsCache] : [SALES_PERSON] -> [5579089304715264]
14:12:29,785 DEBUG BaseGeneralDataRegion:59 - Caching[hibernate.test.org.hibernate.cache.spi.UpdateTimestampsCache] : [T_ORDER] -> [5579089304715264]
14:12:29,785 DEBUG BaseGeneralDataRegion:59 - Caching[hibernate.test.org.hibernate.cache.spi.UpdateTimestampsCache] : [PRODUCT] -> [5579089304715264]
14:12:29,785 DEBUG BaseGeneralDataRegion:59 - Caching[hibernate.test.org.hibernate.cache.spi.UpdateTimestampsCache] : [DEPARTMENT] -> [5579089304715264]
14:12:29,785 DEBUG BaseGeneralDataRegion:59 - Caching[hibernate.test.org.hibernate.cache.spi.UpdateTimestampsCache] : [PROD_CAT] -> [5579089304715264]
14:12:29,786  INFO CustomRunner:139 - Test: testHqlFilters
14:12:29,786  INFO DynamicFilterTest:207 - Starting HQL filter tests
14:12:29,787 DEBUG SQL:104 - 
    insert 
    into
        DEPARTMENT
        (DEPT_ID, REG) 
    values
        (null, ?)
14:12:29,787 DEBUG BaseGeneralDataRegion:59 - Caching[hibernate.test.org.hibernate.cache.spi.UpdateTimestampsCache] : [DEPARTMENT] -> [5579089550487552]
14:12:29,788 DEBUG SQL:104 - 
    insert 
    into
        SALES_PERSON
        (SALES_PERSON_ID, NAME, REG, DEPT_ID, "hire dt") 
    values
        (null, ?, ?, ?, ?)
14:12:29,788 DEBUG BaseGeneralDataRegion:59 - Caching[hibernate.test.org.hibernate.cache.spi.UpdateTimestampsCache] : [SALES_PERSON] -> [5579089550491648]
14:12:29,788 DEBUG SQL:104 - 
    insert 
    into
        SALES_PERSON
        (SALES_PERSON_ID, NAME, REG, DEPT_ID, "hire dt") 
    values
        (null, ?, ?, ?, ?)
14:12:29,788 DEBUG BaseGeneralDataRegion:59 - Caching[hibernate.test.org.hibernate.cache.spi.UpdateTimestampsCache] : [SALES_PERSON] -> [5579089550491649]
14:12:29,789 DEBUG SQL:104 - 
    insert 
    into
        PRODUCT
        (PROD_ID, name, STOCK_NUM, weight_kg, eff_start_dt, eff_end_dt) 
    values
        (null, ?, ?, 0.453E0 * ?, ?, ?)
14:12:29,789 DEBUG BaseGeneralDataRegion:59 - Caching[hibernate.test.org.hibernate.cache.spi.UpdateTimestampsCache] : [PRODUCT] -> [5579089550495744]
14:12:29,789 DEBUG SQL:104 - 
    insert 
    into
        CATEGORY
        (CAT_ID, name, eff_start_dt, eff_end_dt) 
    values
        (null, ?, ?, ?)
14:12:29,789 DEBUG BaseGeneralDataRegion:59 - Caching[hibernate.test.org.hibernate.cache.spi.UpdateTimestampsCache] : [CATEGORY] -> [5579089550495745]
14:12:29,790 DEBUG SQL:104 - 
    insert 
    into
        CATEGORY
        (CAT_ID, name, eff_start_dt, eff_end_dt) 
    values
        (null, ?, ?, ?)
14:12:29,790 DEBUG BaseGeneralDataRegion:59 - Caching[hibernate.test.org.hibernate.cache.spi.UpdateTimestampsCache] : [CATEGORY] -> [5579089550499840]
14:12:29,790 DEBUG SQL:104 - 
    insert 
    into
        T_ORDER
        (ORDER_ID, REG, BUYER, "ord dt", "close dt", SALES_PERSON_ID) 
    values
        (null, ?, ?, ?, ?, ?)
14:12:29,790 DEBUG BaseGeneralDataRegion:59 - Caching[hibernate.test.org.hibernate.cache.spi.UpdateTimestampsCache] : [T_ORDER] -> [5579089550499841]
14:12:29,791 DEBUG SQL:104 - 
    insert 
    into
        ORDER_ITEM
        (ITEM_ID, ORDER_ID, SEQ, PRODUCT_ID, AMT) 
    values
        (null, ?, ?, ?, ?)
14:12:29,791 DEBUG BaseGeneralDataRegion:59 - Caching[hibernate.test.org.hibernate.cache.spi.UpdateTimestampsCache] : [ORDER_ITEM] -> [5579089550503936]
14:12:29,791 DEBUG SQL:104 - 
    insert 
    into
        PRODUCT
        (PROD_ID, name, STOCK_NUM, weight_kg, eff_start_dt, eff_end_dt) 
    values
        (null, ?, ?, 0.453E0 * ?, ?, ?)
14:12:29,791 DEBUG BaseGeneralDataRegion:59 - Caching[hibernate.test.org.hibernate.cache.spi.UpdateTimestampsCache] : [PRODUCT] -> [5579089550503937]
14:12:29,792 DEBUG SQL:104 - 
    insert 
    into
        CATEGORY
        (CAT_ID, name, eff_start_dt, eff_end_dt) 
    values
        (null, ?, ?, ?)
14:12:29,792 DEBUG BaseGeneralDataRegion:59 - Caching[hibernate.test.org.hibernate.cache.spi.UpdateTimestampsCache] : [CATEGORY] -> [5579089550508032]
14:12:29,792 DEBUG SQL:104 - 
    insert 
    into
        PRODUCT
        (PROD_ID, name, STOCK_NUM, weight_kg, eff_start_dt, eff_end_dt) 
    values
        (null, ?, ?, 0.453E0 * ?, ?, ?)
14:12:29,792 DEBUG BaseGeneralDataRegion:59 - Caching[hibernate.test.org.hibernate.cache.spi.UpdateTimestampsCache] : [PRODUCT] -> [5579089550508033]
14:12:29,793 DEBUG SQL:104 - 
    insert 
    into
        T_ORDER
        (ORDER_ID, REG, BUYER, "ord dt", "close dt", SALES_PERSON_ID) 
    values
        (null, ?, ?, ?, ?, ?)
14:12:29,793 DEBUG BaseGeneralDataRegion:59 - Caching[hibernate.test.org.hibernate.cache.spi.UpdateTimestampsCache] : [T_ORDER] -> [5579089550512128]
14:12:29,793 DEBUG SQL:104 - 
    insert 
    into
        ORDER_ITEM
        (ITEM_ID, ORDER_ID, SEQ, PRODUCT_ID, AMT) 
    values
        (null, ?, ?, ?, ?)
14:12:29,793 DEBUG BaseGeneralDataRegion:59 - Caching[hibernate.test.org.hibernate.cache.spi.UpdateTimestampsCache] : [ORDER_ITEM] -> [5579089550512129]
14:12:29,794 DEBUG SQL:104 - 
    update
        PRODUCT 
    set
        name=?,
        STOCK_NUM=?,
        weight_kg=0.453E0 * ?,
        eff_start_dt=?,
        eff_end_dt=? 
    where
        PROD_ID=?
14:12:29,794 DEBUG BaseGeneralDataRegion:69 - Evicting[hibernate.test.org.hibernate.test.filter.Product]: org.hibernate.test.filter.Product#28
14:12:29,794 DEBUG BaseGeneralDataRegion:59 - Caching[hibernate.test.org.hibernate.cache.spi.UpdateTimestampsCache] : [PRODUCT] -> [5579089550516224]
14:12:29,794 DEBUG BaseGeneralDataRegion:69 - Evicting[hibernate.test.org.hibernate.test.filter.Department.salespersons]: org.hibernate.test.filter.Department.salespersons#10
14:12:29,795 DEBUG BaseGeneralDataRegion:59 - Caching[hibernate.test.org.hibernate.cache.spi.UpdateTimestampsCache] : [SALES_PERSON] -> [5579089550520320]
14:12:29,795 DEBUG BaseGeneralDataRegion:69 - Evicting[hibernate.test.org.hibernate.test.filter.Salesperson.orders]: org.hibernate.test.filter.Salesperson.orders#23
14:12:29,795 DEBUG BaseGeneralDataRegion:59 - Caching[hibernate.test.org.hibernate.cache.spi.UpdateTimestampsCache] : [T_ORDER] -> [5579089550520321]
14:12:29,795 DEBUG BaseGeneralDataRegion:69 - Evicting[hibernate.test.org.hibernate.test.filter.Salesperson.orders]: org.hibernate.test.filter.Salesperson.orders#24
14:12:29,795 DEBUG BaseGeneralDataRegion:59 - Caching[hibernate.test.org.hibernate.cache.spi.UpdateTimestampsCache] : [T_ORDER] -> [5579089550520322]
14:12:29,795 DEBUG SQL:104 - 
    insert 
    into
        PROD_CAT
        (PROD_ID, CAT_ID) 
    values
        (?, ?)
14:12:29,795 DEBUG SQL:104 - 
    insert 
    into
        PROD_CAT
        (PROD_ID, CAT_ID) 
    values
        (?, ?)
14:12:29,795 DEBUG BaseGeneralDataRegion:69 - Evicting[hibernate.test.org.hibernate.test.filter.Product.categories]: org.hibernate.test.filter.Product.categories#28
14:12:29,796 DEBUG BaseGeneralDataRegion:59 - Caching[hibernate.test.org.hibernate.cache.spi.UpdateTimestampsCache] : [PROD_CAT] -> [5579089550524416]
14:12:29,796 DEBUG BaseGeneralDataRegion:69 - Evicting[hibernate.test.org.hibernate.test.filter.Category.products]: org.hibernate.test.filter.Category.products#28
14:12:29,796 DEBUG BaseGeneralDataRegion:59 - Caching[hibernate.test.org.hibernate.cache.spi.UpdateTimestampsCache] : [PROD_CAT] -> [5579089550524417]
14:12:29,797 DEBUG BaseGeneralDataRegion:69 - Evicting[hibernate.test.org.hibernate.test.filter.Category.products]: org.hibernate.test.filter.Category.products#29
14:12:29,797 DEBUG BaseGeneralDataRegion:59 - Caching[hibernate.test.org.hibernate.cache.spi.UpdateTimestampsCache] : [PROD_CAT] -> [5579089550528512]
14:12:29,797 DEBUG BaseGeneralDataRegion:69 - Evicting[hibernate.test.org.hibernate.test.filter.Order.lineItems]: org.hibernate.test.filter.Order.lineItems#19
14:12:29,797 DEBUG BaseGeneralDataRegion:59 - Caching[hibernate.test.org.hibernate.cache.spi.UpdateTimestampsCache] : [ORDER_ITEM] -> [5579089550528513]
14:12:29,797 DEBUG SQL:104 - 
    insert 
    into
        PROD_CAT
        (PROD_ID, CAT_ID) 
    values
        (?, ?)
14:12:29,797 DEBUG BaseGeneralDataRegion:69 - Evicting[hibernate.test.org.hibernate.test.filter.Product.categories]: org.hibernate.test.filter.Product.categories#29
14:12:29,797 DEBUG BaseGeneralDataRegion:59 - Caching[hibernate.test.org.hibernate.cache.spi.UpdateTimestampsCache] : [PROD_CAT] -> [5579089550528514]
14:12:29,798 DEBUG BaseGeneralDataRegion:69 - Evicting[hibernate.test.org.hibernate.test.filter.Category.products]: org.hibernate.test.filter.Category.products#30
14:12:29,798 DEBUG BaseGeneralDataRegion:59 - Caching[hibernate.test.org.hibernate.cache.spi.UpdateTimestampsCache] : [PROD_CAT] -> [5579089550532608]
14:12:29,798 DEBUG BaseGeneralDataRegion:69 - Evicting[hibernate.test.org.hibernate.test.filter.Order.lineItems]: org.hibernate.test.filter.Order.lineItems#20
14:12:29,798 DEBUG BaseGeneralDataRegion:59 - Caching[hibernate.test.org.hibernate.cache.spi.UpdateTimestampsCache] : [ORDER_ITEM] -> [5579089550532609]
14:12:29,798 DEBUG BaseGeneralDataRegion:69 - Evicting[hibernate.test.org.hibernate.test.filter.Product]: org.hibernate.test.filter.Product#28
14:12:29,798 DEBUG BaseGeneralDataRegion:69 - Evicting[hibernate.test.org.hibernate.test.filter.Department.salespersons]: org.hibernate.test.filter.Department.salespersons#10
14:12:29,798 DEBUG BaseGeneralDataRegion:69 - Evicting[hibernate.test.org.hibernate.test.filter.Salesperson.orders]: org.hibernate.test.filter.Salesperson.orders#23
14:12:29,799 DEBUG BaseGeneralDataRegion:69 - Evicting[hibernate.test.org.hibernate.test.filter.Salesperson.orders]: org.hibernate.test.filter.Salesperson.orders#24
14:12:29,799 DEBUG BaseGeneralDataRegion:69 - Evicting[hibernate.test.org.hibernate.test.filter.Product.categories]: org.hibernate.test.filter.Product.categories#28
14:12:29,799 DEBUG BaseGeneralDataRegion:69 - Evicting[hibernate.test.org.hibernate.test.filter.Category.products]: org.hibernate.test.filter.Category.products#28
14:12:29,799 DEBUG BaseGeneralDataRegion:69 - Evicting[hibernate.test.org.hibernate.test.filter.Category.products]: org.hibernate.test.filter.Category.products#29
14:12:29,799 DEBUG BaseGeneralDataRegion:69 - Evicting[hibernate.test.org.hibernate.test.filter.Order.lineItems]: org.hibernate.test.filter.Order.lineItems#19
14:12:29,799 DEBUG BaseGeneralDataRegion:69 - Evicting[hibernate.test.org.hibernate.test.filter.Product.categories]: org.hibernate.test.filter.Product.categories#29
14:12:29,799 DEBUG BaseGeneralDataRegion:69 - Evicting[hibernate.test.org.hibernate.test.filter.Category.products]: org.hibernate.test.filter.Category.products#30
14:12:29,799 DEBUG BaseGeneralDataRegion:69 - Evicting[hibernate.test.org.hibernate.test.filter.Order.lineItems]: org.hibernate.test.filter.Order.lineItems#20
14:12:29,799 DEBUG BaseGeneralDataRegion:59 - Caching[hibernate.test.org.hibernate.cache.spi.UpdateTimestampsCache] : [ORDER_ITEM] -> [5579089304776704]
14:12:29,799 DEBUG BaseGeneralDataRegion:59 - Caching[hibernate.test.org.hibernate.cache.spi.UpdateTimestampsCache] : [CATEGORY] -> [5579089304776704]
14:12:29,799 DEBUG BaseGeneralDataRegion:59 - Caching[hibernate.test.org.hibernate.cache.spi.UpdateTimestampsCache] : [SALES_PERSON] -> [5579089304776704]
14:12:29,800 DEBUG BaseGeneralDataRegion:59 - Caching[hibernate.test.org.hibernate.cache.spi.UpdateTimestampsCache] : [T_ORDER] -> [5579089304776704]
14:12:29,800 DEBUG BaseGeneralDataRegion:59 - Caching[hibernate.test.org.hibernate.cache.spi.UpdateTimestampsCache] : [PRODUCT] -> [5579089304776704]
14:12:29,800 DEBUG BaseGeneralDataRegion:59 - Caching[hibernate.test.org.hibernate.cache.spi.UpdateTimestampsCache] : [DEPARTMENT] -> [5579089304776704]
14:12:29,800 DEBUG BaseGeneralDataRegion:59 - Caching[hibernate.test.org.hibernate.cache.spi.UpdateTimestampsCache] : [PROD_CAT] -> [5579089304776704]
14:12:29,800  INFO DynamicFilterTest:217 - HQL against Salesperson...
14:12:29,800 DEBUG QueryTranslatorImpl:265 - parse() - HQL: select s from org.hibernate.test.filter.Salesperson as s left join fetch s.orders
14:12:29,802 DEBUG QueryTranslatorImpl:283 - --- HQL AST ---
 \-[QUERY] Node: 'query'
    \-[SELECT_FROM] Node: 'SELECT_FROM'
       +-[FROM] Node: 'from'
       |  +-[RANGE] Node: 'RANGE'
       |  |  +-[DOT] Node: '.'
       |  |  |  +-[DOT] Node: '.'
       |  |  |  |  +-[DOT] Node: '.'
       |  |  |  |  |  +-[DOT] Node: '.'
       |  |  |  |  |  |  +-[IDENT] Node: 'org'
       |  |  |  |  |  |  \-[IDENT] Node: 'hibernate'
       |  |  |  |  |  \-[IDENT] Node: 'test'
       |  |  |  |  \-[IDENT] Node: 'filter'
       |  |  |  \-[IDENT] Node: 'Salesperson'
       |  |  \-[ALIAS] Node: 's'
       |  \-[JOIN] Node: 'join'
       |     +-[LEFT] Node: 'left'
       |     +-[FETCH] Node: 'fetch'
       |     \-[DOT] Node: '.'
       |        +-[IDENT] Node: 's'
       |        \-[IDENT] Node: 'orders'
       \-[SELECT] Node: 'select'
          \-[IDENT] Node: 's'

14:12:29,802 DEBUG ErrorCounter:82 - throwQueryException() : no errors
14:12:29,802 DEBUG FromElement:157 - FromClause{level=1} : org.hibernate.test.filter.Salesperson (s) -> salesperso0_
14:12:29,802 DEBUG FromReferenceNode:74 - Resolved : s -> salesperso0_.SALES_PERSON_ID
14:12:29,802 DEBUG DotNode:599 - getDataType() : orders -> org.hibernate.type.SetType(org.hibernate.test.filter.Salesperson.orders)
14:12:29,802 DEBUG FromElementFactory:376 - createEntityAssociation() : One to many - path = s.orders role = org.hibernate.test.filter.Salesperson.orders associatedEntityName = org.hibernate.test.filter.Order
14:12:29,802 DEBUG FromElement:157 - FromClause{level=1} : org.hibernate.test.filter.Order (<no alias>) -> orders1_
14:12:29,803 DEBUG FromClause:282 - addJoinByPathMap() : s.orders -> FromElement{explicit,not a collection join,not a fetch join,fetch non-lazy properties,classAlias=null,role=null,tableName=T_ORDER,tableAlias=orders1_,origin=SALES_PERSON salesperso0_,columns={salesperso0_.SALES_PERSON_ID ,className=org.hibernate.test.filter.Order}}
14:12:29,803 DEBUG DotNode:308 - dereferenceCollection() : Created new FROM element for s.orders : T_ORDER orders1_
14:12:29,803 DEBUG FromReferenceNode:74 - Resolved : s.orders -> .
14:12:29,803 DEBUG HqlSqlWalker:403 - createFromJoinElement() : -- join tree --
 \-[JOIN_FRAGMENT] FromElement: 'T_ORDER orders1_' FromElement{explicit,not a collection join,fetch join,fetch non-lazy properties,classAlias=null,role=org.hibernate.test.filter.Salesperson.orders,tableName=T_ORDER,tableAlias=orders1_,origin=SALES_PERSON salesperso0_,columns={salesperso0_.SALES_PERSON_ID ,className=org.hibernate.test.filter.Order}}

14:12:29,803 DEBUG FromReferenceNode:74 - Resolved : s -> salesperso0_.SALES_PERSON_ID
14:12:29,803 DEBUG HqlSqlWalker:629 - processQuery() :  ( SELECT ( {select clause} salesperso0_.SALES_PERSON_ID ) ( FromClause{level=1} ( SALES_PERSON salesperso0_ T_ORDER orders1_ ) ) )
14:12:29,804 DEBUG JoinProcessor:175 - Using FROM fragment [SALES_PERSON salesperso0_]
14:12:29,804 DEBUG SyntheticAndFactory:92 - Using unprocessed WHERE-fragment [salesperso0_.REG = :region.region]
14:12:29,804 DEBUG SyntheticAndFactory:124 - Using processed WHERE-fragment [salesperso0_.REG = ?]
14:12:29,804 DEBUG QueryNode:73 - getWhereClause() : Creating a new WHERE clause...
14:12:29,804 DEBUG JoinProcessor:175 - Using FROM fragment [left outer join T_ORDER orders1_ on salesperso0_.SALES_PERSON_ID=orders1_.SALES_PERSON_ID and orders1_.REG = :region.region]
14:12:29,804 DEBUG QueryTranslatorImpl:252 - --- SQL AST ---
 \-[SELECT] QueryNode: 'SELECT'  querySpaces (SALES_PERSON,T_ORDER)
    +-[SELECT_CLAUSE] SelectClause: '{select clause}'
    |  +-[ALIAS_REF] IdentNode: 'salesperso0_.SALES_PERSON_ID as SALES1_5_0_' {alias=s, className=org.hibernate.test.filter.Salesperson, tableAlias=salesperso0_}
    |  +-[SELECT_EXPR] SelectExpressionImpl: 'orders1_.ORDER_ID as ORDER1_6_1_' {FromElement{explicit,not a collection join,fetch join,fetch non-lazy properties,classAlias=null,role=org.hibernate.test.filter.Salesperson.orders,tableName=T_ORDER,tableAlias=orders1_,origin=SALES_PERSON salesperso0_,columns={salesperso0_.SALES_PERSON_ID ,className=org.hibernate.test.filter.Order}}}
    |  +-[SQL_TOKEN] SqlFragment: 'salesperso0_.NAME as NAME5_0_, salesperso0_.REG as REG5_0_, salesperso0_.DEPT_ID as DEPT4_5_0_, salesperso0_."hire dt" as hire5_5_0_'
    |  +-[SQL_TOKEN] SqlFragment: 'orders1_.REG as REG6_1_, orders1_.BUYER as BUYER6_1_, orders1_."ord dt" as ord4_6_1_, orders1_."close dt" as close5_6_1_, orders1_.SALES_PERSON_ID as SALES6_6_1_'
    |  \-[SQL_TOKEN] SqlFragment: 'orders1_.SALES_PERSON_ID as SALES6_5_0__, orders1_.ORDER_ID as ORDER1_6_0__'
    +-[FROM] FromClause: 'from' FromClause{level=1, fromElementCounter=2, fromElements=2, fromElementByClassAlias=[s], fromElementByTableAlias=[salesperso0_, orders1_], fromElementsByPath=[s.orders], collectionJoinFromElementsByPath=[], impliedElements=[]}
    |  \-[FROM_FRAGMENT] FromElement: 'SALES_PERSON salesperso0_' FromElement{explicit,not a collection join,not a fetch join,fetch non-lazy properties,classAlias=s,role=null,tableName=SALES_PERSON,tableAlias=salesperso0_,origin=null,columns={,className=org.hibernate.test.filter.Salesperson}}
    |     \-[JOIN_FRAGMENT] FromElement: 'left outer join T_ORDER orders1_ on salesperso0_.SALES_PERSON_ID=orders1_.SALES_PERSON_ID and orders1_.REG = ?' FromElement{explicit,not a collection join,fetch join,fetch non-lazy properties,classAlias=null,role=org.hibernate.test.filter.Salesperson.orders,tableName=T_ORDER,tableAlias=orders1_,origin=SALES_PERSON salesperso0_,columns={salesperso0_.SALES_PERSON_ID ,className=org.hibernate.test.filter.Order}}
    \-[WHERE] SqlNode: 'WHERE'
       \-[FILTERS] SqlNode: '{filter conditions}'
          \-[SQL_TOKEN] SqlFragment: 'salesperso0_.REG = ?'

14:12:29,804 DEBUG ErrorCounter:82 - throwQueryException() : no errors
14:12:29,805 DEBUG QueryTranslatorImpl:235 - HQL: select s from org.hibernate.test.filter.Salesperson as s left join fetch s.orders
14:12:29,805 DEBUG QueryTranslatorImpl:236 - SQL: select salesperso0_.SALES_PERSON_ID as SALES1_5_0_, orders1_.ORDER_ID as ORDER1_6_1_, salesperso0_.NAME as NAME5_0_, salesperso0_.REG as REG5_0_, salesperso0_.DEPT_ID as DEPT4_5_0_, salesperso0_."hire dt" as hire5_5_0_, orders1_.REG as REG6_1_, orders1_.BUYER as BUYER6_1_, orders1_."ord dt" as ord4_6_1_, orders1_."close dt" as close5_6_1_, orders1_.SALES_PERSON_ID as SALES6_6_1_, orders1_.SALES_PERSON_ID as SALES6_5_0__, orders1_.ORDER_ID as ORDER1_6_0__ from SALES_PERSON salesperso0_ left outer join T_ORDER orders1_ on salesperso0_.SALES_PERSON_ID=orders1_.SALES_PERSON_ID and orders1_.REG = ? where salesperso0_.REG = ?
14:12:29,805 DEBUG ErrorCounter:82 - throwQueryException() : no errors
14:12:29,805 DEBUG SQL:104 - 
    select
        salesperso0_.SALES_PERSON_ID as SALES1_5_0_,
        orders1_.ORDER_ID as ORDER1_6_1_,
        salesperso0_.NAME as NAME5_0_,
        salesperso0_.REG as REG5_0_,
        salesperso0_.DEPT_ID as DEPT4_5_0_,
        salesperso0_."hire dt" as hire5_5_0_,
        orders1_.REG as REG6_1_,
        orders1_.BUYER as BUYER6_1_,
        orders1_."ord dt" as ord4_6_1_,
        orders1_."close dt" as close5_6_1_,
        orders1_.SALES_PERSON_ID as SALES6_6_1_,
        orders1_.SALES_PERSON_ID as SALES6_5_0__,
        orders1_.ORDER_ID as ORDER1_6_0__ 
    from
        SALES_PERSON salesperso0_ 
    left outer join
        T_ORDER orders1_ 
            on salesperso0_.SALES_PERSON_ID=orders1_.SALES_PERSON_ID 
            and orders1_.REG = ? 
    where
        salesperso0_.REG = ?
14:12:29,806 DEBUG BaseRegionAccessStrategy:66 - Caching: org.hibernate.test.filter.Salesperson#23
14:12:29,806 DEBUG BaseGeneralDataRegion:59 - Caching[hibernate.test.org.hibernate.test.filter.Salesperson] : [org.hibernate.test.filter.Salesperson#23] -> [CacheEntry(org.hibernate.test.filter.Salesperson)[steve,APAC,10,2012-08-28 14:12:29.787,23]]
14:12:29,806 DEBUG BaseRegionAccessStrategy:66 - Caching: org.hibernate.test.filter.Order#19
14:12:29,806 DEBUG BaseGeneralDataRegion:59 - Caching[hibernate.test.org.hibernate.test.filter.Order] : [org.hibernate.test.filter.Order#19] -> [CacheEntry(org.hibernate.test.filter.Order)[APAC,gavin,2012-08-28 14:12:29.787,2012-10-28 14:12:29.787,23,19]]
14:12:29,807  INFO DynamicFilterTest:223 - HQL against Product...
14:12:29,807 DEBUG QueryTranslatorImpl:265 - parse() - HQL: from org.hibernate.test.filter.Product as p where p.stockNumber = ?
14:12:29,813 DEBUG QueryTranslatorImpl:283 - --- HQL AST ---
 \-[QUERY] Node: 'query'
    +-[SELECT_FROM] Node: 'SELECT_FROM'
    |  \-[FROM] Node: 'from'
    |     \-[RANGE] Node: 'RANGE'
    |        +-[DOT] Node: '.'
    |        |  +-[DOT] Node: '.'
    |        |  |  +-[DOT] Node: '.'
    |        |  |  |  +-[DOT] Node: '.'
    |        |  |  |  |  +-[IDENT] Node: 'org'
    |        |  |  |  |  \-[IDENT] Node: 'hibernate'
    |        |  |  |  \-[IDENT] Node: 'test'
    |        |  |  \-[IDENT] Node: 'filter'
    |        |  \-[IDENT] Node: 'Product'
    |        \-[ALIAS] Node: 'p'
    \-[WHERE] Node: 'where'
       \-[EQ] Node: '='
          +-[DOT] Node: '.'
          |  +-[IDENT] Node: 'p'
          |  \-[IDENT] Node: 'stockNumber'
          \-[PARAM] Node: '?'

14:12:29,813 DEBUG ErrorCounter:82 - throwQueryException() : no errors
14:12:29,813 DEBUG FromElement:157 - FromClause{level=1} : org.hibernate.test.filter.Product (p) -> product0_
14:12:29,813 DEBUG FromReferenceNode:74 - Resolved : p -> product0_.PROD_ID
14:12:29,813 DEBUG DotNode:599 - getDataType() : stockNumber -> org.hibernate.type.IntegerType@42252fee
14:12:29,814 DEBUG FromReferenceNode:74 - Resolved : p.stockNumber -> product0_.STOCK_NUM
14:12:29,814  WARN HqlSqlWalker:929 - [DEPRECATION] Encountered positional parameter near line 1, column 67.  Positional parameter are considered deprecated; use named parameters or JPA-style positional parameters instead.
14:12:29,814 DEBUG HqlSqlWalker:629 - processQuery() :  ( SELECT ( FromClause{level=1} PRODUCT product0_ ) ( where ( = ( product0_.STOCK_NUM product0_.PROD_ID stockNumber ) ? ) ) )
14:12:29,814 DEBUG HqlSqlWalker:869 - Derived SELECT clause created.
14:12:29,814 DEBUG JoinProcessor:175 - Using FROM fragment [PRODUCT product0_]
14:12:29,814 DEBUG SyntheticAndFactory:92 - Using unprocessed WHERE-fragment [:effectiveDate.asOfDate BETWEEN product0_.eff_start_dt and product0_.eff_end_dt]
14:12:29,814 DEBUG SyntheticAndFactory:124 - Using processed WHERE-fragment [? BETWEEN product0_.eff_start_dt and product0_.eff_end_dt]
14:12:29,815 DEBUG QueryTranslatorImpl:252 - --- SQL AST ---
 \-[SELECT] QueryNode: 'SELECT'  querySpaces (PRODUCT)
    +-[SELECT_CLAUSE] SelectClause: '{derived select clause}'
    |  +-[SELECT_EXPR] SelectExpressionImpl: 'product0_.PROD_ID as PROD1_3_' {FromElement{explicit,not a collection join,not a fetch join,fetch non-lazy properties,classAlias=p,role=null,tableName=PRODUCT,tableAlias=product0_,origin=null,columns={,className=org.hibernate.test.filter.Product}}}
    |  \-[SQL_TOKEN] SqlFragment: 'product0_.name as name3_, product0_.STOCK_NUM as STOCK3_3_, product0_.weight_kg / 0.453E0 as weight4_3_, product0_.eff_start_dt as eff5_3_, product0_.eff_end_dt as eff6_3_'
    +-[FROM] FromClause: 'from' FromClause{level=1, fromElementCounter=1, fromElements=1, fromElementByClassAlias=[p], fromElementByTableAlias=[product0_], fromElementsByPath=[], collectionJoinFromElementsByPath=[], impliedElements=[]}
    |  \-[FROM_FRAGMENT] FromElement: 'PRODUCT product0_' FromElement{explicit,not a collection join,not a fetch join,fetch non-lazy properties,classAlias=p,role=null,tableName=PRODUCT,tableAlias=product0_,origin=null,columns={,className=org.hibernate.test.filter.Product}}
    \-[WHERE] SqlNode: 'where'
       +-[FILTERS] SqlNode: '{filter conditions}'
       |  \-[SQL_TOKEN] SqlFragment: '? BETWEEN product0_.eff_start_dt and product0_.eff_end_dt'
       \-[EQ] BinaryLogicOperatorNode: '='
          +-[DOT] DotNode: 'product0_.STOCK_NUM' {propertyName=stockNumber,dereferenceType=ALL,propertyPath=stockNumber,path=p.stockNumber,tableAlias=product0_,className=org.hibernate.test.filter.Product,classAlias=p}
          |  +-[ALIAS_REF] IdentNode: 'product0_.PROD_ID' {alias=p, className=org.hibernate.test.filter.Product, tableAlias=product0_}
          |  \-[IDENT] IdentNode: 'stockNumber' {originalText=stockNumber}
          \-[PARAM] ParameterNode: '?' {ordinal=0, expectedType=org.hibernate.type.IntegerType@42252fee}

14:12:29,815 DEBUG ErrorCounter:82 - throwQueryException() : no errors
14:12:29,815 DEBUG QueryTranslatorImpl:235 - HQL: from org.hibernate.test.filter.Product as p where p.stockNumber = ?
14:12:29,815 DEBUG QueryTranslatorImpl:236 - SQL: select product0_.PROD_ID as PROD1_3_, product0_.name as name3_, product0_.STOCK_NUM as STOCK3_3_, product0_.weight_kg / 0.453E0 as weight4_3_, product0_.eff_start_dt as eff5_3_, product0_.eff_end_dt as eff6_3_ from PRODUCT product0_ where ? BETWEEN product0_.eff_start_dt and product0_.eff_end_dt and product0_.STOCK_NUM=?
14:12:29,815 DEBUG ErrorCounter:82 - throwQueryException() : no errors
14:12:29,815 DEBUG SQL:104 - 
    select
        product0_.PROD_ID as PROD1_3_,
        product0_.name as name3_,
        product0_.STOCK_NUM as STOCK3_3_,
        product0_.weight_kg / 0.453E0 as weight4_3_,
        product0_.eff_start_dt as eff5_3_,
        product0_.eff_end_dt as eff6_3_ 
    from
        PRODUCT product0_ 
    where
        ? BETWEEN product0_.eff_start_dt and product0_.eff_end_dt 
        and product0_.STOCK_NUM=?
14:12:29,816 DEBUG BaseRegionAccessStrategy:66 - Caching: org.hibernate.test.filter.Product#29
14:12:29,816 DEBUG BaseGeneralDataRegion:59 - Caching[hibernate.test.org.hibernate.test.filter.Product] : [org.hibernate.test.filter.Product#29] -> [CacheEntry(org.hibernate.test.filter.Product)[Acme Super-Duper DTO Factory,124,0.0,2012-08-28 14:12:29.787,2013-02-28 14:12:29.791,29,29]]
14:12:29,839 DEBUG SQL:104 - 
    update
        SALES_PERSON 
    set
        NAME=?,
        REG=?,
        DEPT_ID=?,
        "hire dt"=? 
    where
        SALES_PERSON_ID=?
14:12:29,840 DEBUG BaseGeneralDataRegion:69 - Evicting[hibernate.test.org.hibernate.test.filter.Salesperson]: org.hibernate.test.filter.Salesperson#23
14:12:29,840 DEBUG BaseGeneralDataRegion:59 - Caching[hibernate.test.org.hibernate.cache.spi.UpdateTimestampsCache] : [SALES_PERSON] -> [5579089550704640]
14:12:29,840 DEBUG SQL:104 - 
    update
        SALES_PERSON 
    set
        NAME=?,
        REG=?,
        DEPT_ID=?,
        "hire dt"=? 
    where
        SALES_PERSON_ID=?
14:12:29,840 DEBUG BaseGeneralDataRegion:69 - Evicting[hibernate.test.org.hibernate.test.filter.Salesperson]: org.hibernate.test.filter.Salesperson#24
14:12:29,840 DEBUG BaseGeneralDataRegion:59 - Caching[hibernate.test.org.hibernate.cache.spi.UpdateTimestampsCache] : [SALES_PERSON] -> [5579089550704641]
14:12:29,840 DEBUG SQL:104 - 
    update
        T_ORDER 
    set
        REG=?,
        BUYER=?,
        "ord dt"=?,
        "close dt"=?,
        SALES_PERSON_ID=? 
    where
        ORDER_ID=?
14:12:29,841 DEBUG BaseGeneralDataRegion:69 - Evicting[hibernate.test.org.hibernate.test.filter.Order]: org.hibernate.test.filter.Order#19
14:12:29,841 DEBUG BaseGeneralDataRegion:59 - Caching[hibernate.test.org.hibernate.cache.spi.UpdateTimestampsCache] : [T_ORDER] -> [5579089550708736]
14:12:29,841 DEBUG SQL:104 - 
    update
        ORDER_ITEM 
    set
        ORDER_ID=?,
        SEQ=?,
        PRODUCT_ID=?,
        AMT=? 
    where
        ITEM_ID=?
14:12:29,841 DEBUG BaseGeneralDataRegion:69 - Evicting[hibernate.test.org.hibernate.test.filter.LineItem]: org.hibernate.test.filter.LineItem#19
14:12:29,841 DEBUG BaseGeneralDataRegion:59 - Caching[hibernate.test.org.hibernate.cache.spi.UpdateTimestampsCache] : [ORDER_ITEM] -> [5579089550708737]
14:12:29,841 DEBUG SQL:104 - 
    update
        T_ORDER 
    set
        REG=?,
        BUYER=?,
        "ord dt"=?,
        "close dt"=?,
        SALES_PERSON_ID=? 
    where
        ORDER_ID=?
14:12:29,842 DEBUG BaseGeneralDataRegion:69 - Evicting[hibernate.test.org.hibernate.test.filter.Order]: org.hibernate.test.filter.Order#20
14:12:29,842 DEBUG BaseGeneralDataRegion:59 - Caching[hibernate.test.org.hibernate.cache.spi.UpdateTimestampsCache] : [T_ORDER] -> [5579089550712832]
14:12:29,842 DEBUG SQL:104 - 
    update
        ORDER_ITEM 
    set
        ORDER_ID=?,
        SEQ=?,
        PRODUCT_ID=?,
        AMT=? 
    where
        ITEM_ID=?
14:12:29,842 DEBUG BaseGeneralDataRegion:69 - Evicting[hibernate.test.org.hibernate.test.filter.LineItem]: org.hibernate.test.filter.LineItem#20
14:12:29,842 DEBUG BaseGeneralDataRegion:59 - Caching[hibernate.test.org.hibernate.cache.spi.UpdateTimestampsCache] : [ORDER_ITEM] -> [5579089550712833]
14:12:29,842 DEBUG BaseGeneralDataRegion:69 - Evicting[hibernate.test.org.hibernate.test.filter.Product.orderLineItems]: org.hibernate.test.filter.Product.orderLineItems#28
14:12:29,842 DEBUG BaseGeneralDataRegion:59 - Caching[hibernate.test.org.hibernate.cache.spi.UpdateTimestampsCache] : [ORDER_ITEM] -> [5579089550712834]
14:12:29,842 DEBUG BaseGeneralDataRegion:69 - Evicting[hibernate.test.org.hibernate.test.filter.Product.orderLineItems]: org.hibernate.test.filter.Product.orderLineItems#29
14:12:29,842 DEBUG BaseGeneralDataRegion:59 - Caching[hibernate.test.org.hibernate.cache.spi.UpdateTimestampsCache] : [ORDER_ITEM] -> [5579089550712835]
14:12:29,843 DEBUG BaseGeneralDataRegion:69 - Evicting[hibernate.test.org.hibernate.test.filter.Product.orderLineItems]: org.hibernate.test.filter.Product.orderLineItems#30
14:12:29,843 DEBUG BaseGeneralDataRegion:59 - Caching[hibernate.test.org.hibernate.cache.spi.UpdateTimestampsCache] : [ORDER_ITEM] -> [5579089550716928]
14:12:29,843 DEBUG SQL:104 - 
    delete 
    from
        PROD_CAT 
    where
        PROD_ID=?
14:12:29,843 DEBUG BaseGeneralDataRegion:69 - Evicting[hibernate.test.org.hibernate.test.filter.Product.categories]: org.hibernate.test.filter.Product.categories#30
14:12:29,843 DEBUG BaseGeneralDataRegion:59 - Caching[hibernate.test.org.hibernate.cache.spi.UpdateTimestampsCache] : [PROD_CAT] -> [5579089550716929]
14:12:29,843 DEBUG BaseGeneralDataRegion:69 - Evicting[hibernate.test.org.hibernate.test.filter.Department.salespersons]: org.hibernate.test.filter.Department.salespersons#10
14:12:29,843 DEBUG BaseGeneralDataRegion:59 - Caching[hibernate.test.org.hibernate.cache.spi.UpdateTimestampsCache] : [SALES_PERSON] -> [5579089550716930]
14:12:29,843 DEBUG BaseGeneralDataRegion:69 - Evicting[hibernate.test.org.hibernate.test.filter.Salesperson.orders]: org.hibernate.test.filter.Salesperson.orders#23
14:12:29,843 DEBUG BaseGeneralDataRegion:59 - Caching[hibernate.test.org.hibernate.cache.spi.UpdateTimestampsCache] : [T_ORDER] -> [5579089550716931]
14:12:29,844 DEBUG BaseGeneralDataRegion:69 - Evicting[hibernate.test.org.hibernate.test.filter.Salesperson.orders]: org.hibernate.test.filter.Salesperson.orders#24
14:12:29,844 DEBUG BaseGeneralDataRegion:59 - Caching[hibernate.test.org.hibernate.cache.spi.UpdateTimestampsCache] : [T_ORDER] -> [5579089550721024]
14:12:29,844 DEBUG SQL:104 - 
    delete 
    from
        PROD_CAT 
    where
        PROD_ID=?
14:12:29,844 DEBUG BaseGeneralDataRegion:69 - Evicting[hibernate.test.org.hibernate.test.filter.Product.categories]: org.hibernate.test.filter.Product.categories#28
14:12:29,844 DEBUG BaseGeneralDataRegion:59 - Caching[hibernate.test.org.hibernate.cache.spi.UpdateTimestampsCache] : [PROD_CAT] -> [5579089550721025]
14:12:29,844 DEBUG BaseGeneralDataRegion:69 - Evicting[hibernate.test.org.hibernate.test.filter.Category.products]: org.hibernate.test.filter.Category.products#28
14:12:29,844 DEBUG BaseGeneralDataRegion:59 - Caching[hibernate.test.org.hibernate.cache.spi.UpdateTimestampsCache] : [PROD_CAT] -> [5579089550721026]
14:12:29,844 DEBUG BaseGeneralDataRegion:69 - Evicting[hibernate.test.org.hibernate.test.filter.Category.products]: org.hibernate.test.filter.Category.products#29
14:12:29,844 DEBUG BaseGeneralDataRegion:59 - Caching[hibernate.test.org.hibernate.cache.spi.UpdateTimestampsCache] : [PROD_CAT] -> [5579089550721027]
14:12:29,844 DEBUG BaseGeneralDataRegion:69 - Evicting[hibernate.test.org.hibernate.test.filter.Order.lineItems]: org.hibernate.test.filter.Order.lineItems#19
14:12:29,845 DEBUG BaseGeneralDataRegion:59 - Caching[hibernate.test.org.hibernate.cache.spi.UpdateTimestampsCache] : [ORDER_ITEM] -> [5579089550725120]
14:12:29,845 DEBUG SQL:104 - 
    delete 
    from
        PROD_CAT 
    where
        PROD_ID=?
14:12:29,845 DEBUG BaseGeneralDataRegion:69 - Evicting[hibernate.test.org.hibernate.test.filter.Product.categories]: org.hibernate.test.filter.Product.categories#29
14:12:29,850 DEBUG BaseGeneralDataRegion:59 - Caching[hibernate.test.org.hibernate.cache.spi.UpdateTimestampsCache] : [PROD_CAT] -> [5579089550745600]
14:12:29,850 DEBUG BaseGeneralDataRegion:69 - Evicting[hibernate.test.org.hibernate.test.filter.Category.products]: org.hibernate.test.filter.Category.products#30
14:12:29,850 DEBUG BaseGeneralDataRegion:59 - Caching[hibernate.test.org.hibernate.cache.spi.UpdateTimestampsCache] : [PROD_CAT] -> [5579089550745601]
14:12:29,850 DEBUG BaseGeneralDataRegion:69 - Evicting[hibernate.test.org.hibernate.test.filter.Order.lineItems]: org.hibernate.test.filter.Order.lineItems#20
14:12:29,850 DEBUG BaseGeneralDataRegion:59 - Caching[hibernate.test.org.hibernate.cache.spi.UpdateTimestampsCache] : [ORDER_ITEM] -> [5579089550745602]
14:12:29,850 DEBUG SQL:104 - 
    delete 
    from
        DEPARTMENT 
    where
        DEPT_ID=?
14:12:29,851 DEBUG BaseGeneralDataRegion:69 - Evicting[hibernate.test.org.hibernate.test.filter.Department]: org.hibernate.test.filter.Department#10
14:12:29,851 DEBUG BaseGeneralDataRegion:59 - Caching[hibernate.test.org.hibernate.cache.spi.UpdateTimestampsCache] : [DEPARTMENT] -> [5579089550749696]
14:12:29,851 DEBUG SQL:104 - 
    delete 
    from
        SALES_PERSON 
    where
        SALES_PERSON_ID=?
14:12:29,851 DEBUG BaseGeneralDataRegion:69 - Evicting[hibernate.test.org.hibernate.test.filter.Salesperson]: org.hibernate.test.filter.Salesperson#23
14:12:29,851 DEBUG BaseGeneralDataRegion:59 - Caching[hibernate.test.org.hibernate.cache.spi.UpdateTimestampsCache] : [SALES_PERSON] -> [5579089550749697]
14:12:29,851 DEBUG SQL:104 - 
    delete 
    from
        SALES_PERSON 
    where
        SALES_PERSON_ID=?
14:12:29,852 DEBUG BaseGeneralDataRegion:69 - Evicting[hibernate.test.org.hibernate.test.filter.Salesperson]: org.hibernate.test.filter.Salesperson#24
14:12:29,852 DEBUG BaseGeneralDataRegion:59 - Caching[hibernate.test.org.hibernate.cache.spi.UpdateTimestampsCache] : [SALES_PERSON] -> [5579089550753792]
14:12:29,852 DEBUG SQL:104 - 
    delete 
    from
        CATEGORY 
    where
        CAT_ID=?
14:12:29,852 DEBUG BaseGeneralDataRegion:69 - Evicting[hibernate.test.org.hibernate.test.filter.Category]: org.hibernate.test.filter.Category#28
14:12:29,852 DEBUG BaseGeneralDataRegion:59 - Caching[hibernate.test.org.hibernate.cache.spi.UpdateTimestampsCache] : [CATEGORY] -> [5579089550753793]
14:12:29,852 DEBUG SQL:104 - 
    delete 
    from
        CATEGORY 
    where
        CAT_ID=?
14:12:29,852 DEBUG BaseGeneralDataRegion:69 - Evicting[hibernate.test.org.hibernate.test.filter.Category]: org.hibernate.test.filter.Category#29
14:12:29,852 DEBUG BaseGeneralDataRegion:59 - Caching[hibernate.test.org.hibernate.cache.spi.UpdateTimestampsCache] : [CATEGORY] -> [5579089550753794]
14:12:29,853 DEBUG SQL:104 - 
    delete 
    from
        PRODUCT 
    where
        PROD_ID=?
14:12:29,853 DEBUG BaseGeneralDataRegion:69 - Evicting[hibernate.test.org.hibernate.test.filter.Product]: org.hibernate.test.filter.Product#28
14:12:29,853 DEBUG BaseGeneralDataRegion:59 - Caching[hibernate.test.org.hibernate.cache.spi.UpdateTimestampsCache] : [PRODUCT] -> [5579089550757888]
14:12:29,853 DEBUG SQL:104 - 
    delete 
    from
        ORDER_ITEM 
    where
        ITEM_ID=?
14:12:29,853 DEBUG BaseGeneralDataRegion:69 - Evicting[hibernate.test.org.hibernate.test.filter.LineItem]: org.hibernate.test.filter.LineItem#19
14:12:29,853 DEBUG BaseGeneralDataRegion:59 - Caching[hibernate.test.org.hibernate.cache.spi.UpdateTimestampsCache] : [ORDER_ITEM] -> [5579089550757889]
14:12:29,853 DEBUG SQL:104 - 
    delete 
    from
        T_ORDER 
    where
        ORDER_ID=?
14:12:29,854 DEBUG BaseGeneralDataRegion:69 - Evicting[hibernate.test.org.hibernate.test.filter.Order]: org.hibernate.test.filter.Order#19
14:12:29,854 DEBUG BaseGeneralDataRegion:59 - Caching[hibernate.test.org.hibernate.cache.spi.UpdateTimestampsCache] : [T_ORDER] -> [5579089550761984]
14:12:29,871 DEBUG SQL:104 - 
    delete 
    from
        CATEGORY 
    where
        CAT_ID=?
14:12:29,872 DEBUG BaseGeneralDataRegion:69 - Evicting[hibernate.test.org.hibernate.test.filter.Category]: org.hibernate.test.filter.Category#30
14:12:29,872 DEBUG BaseGeneralDataRegion:59 - Caching[hibernate.test.org.hibernate.cache.spi.UpdateTimestampsCache] : [CATEGORY] -> [5579089550835712]
14:12:29,872 DEBUG SQL:104 - 
    delete 
    from
        PRODUCT 
    where
        PROD_ID=?
14:12:29,872 DEBUG BaseGeneralDataRegion:69 - Evicting[hibernate.test.org.hibernate.test.filter.Product]: org.hibernate.test.filter.Product#29
14:12:29,873 DEBUG BaseGeneralDataRegion:59 - Caching[hibernate.test.org.hibernate.cache.spi.UpdateTimestampsCache] : [PRODUCT] -> [5579089550835713]
14:12:29,873 DEBUG SQL:104 - 
    delete 
    from
        PRODUCT 
    where
        PROD_ID=?
14:12:29,873 DEBUG BaseGeneralDataRegion:69 - Evicting[hibernate.test.org.hibernate.test.filter.Product]: org.hibernate.test.filter.Product#30
14:12:29,873 DEBUG BaseGeneralDataRegion:59 - Caching[hibernate.test.org.hibernate.cache.spi.UpdateTimestampsCache] : [PRODUCT] -> [5579089550839808]
14:12:29,873 DEBUG SQL:104 - 
    delete 
    from
        ORDER_ITEM 
    where
        ITEM_ID=?
14:12:29,881 DEBUG BaseGeneralDataRegion:69 - Evicting[hibernate.test.org.hibernate.test.filter.LineItem]: org.hibernate.test.filter.LineItem#20
14:12:29,882 DEBUG BaseGeneralDataRegion:59 - Caching[hibernate.test.org.hibernate.cache.spi.UpdateTimestampsCache] : [ORDER_ITEM] -> [5579089550876672]
14:12:29,882 DEBUG SQL:104 - 
    delete 
    from
        T_ORDER 
    where
        ORDER_ID=?
14:12:29,882 DEBUG BaseGeneralDataRegion:69 - Evicting[hibernate.test.org.hibernate.test.filter.Order]: org.hibernate.test.filter.Order#20
14:12:29,882 DEBUG BaseGeneralDataRegion:59 - Caching[hibernate.test.org.hibernate.cache.spi.UpdateTimestampsCache] : [T_ORDER] -> [5579089550876673]
14:12:29,882 DEBUG BaseGeneralDataRegion:69 - Evicting[hibernate.test.org.hibernate.test.filter.Salesperson]: org.hibernate.test.filter.Salesperson#23
14:12:29,882 DEBUG BaseGeneralDataRegion:69 - Evicting[hibernate.test.org.hibernate.test.filter.Salesperson]: org.hibernate.test.filter.Salesperson#24
14:12:29,883 DEBUG BaseGeneralDataRegion:69 - Evicting[hibernate.test.org.hibernate.test.filter.Order]: org.hibernate.test.filter.Order#19
14:12:29,883 DEBUG BaseGeneralDataRegion:69 - Evicting[hibernate.test.org.hibernate.test.filter.LineItem]: org.hibernate.test.filter.LineItem#19
14:12:29,883 DEBUG BaseGeneralDataRegion:69 - Evicting[hibernate.test.org.hibernate.test.filter.Order]: org.hibernate.test.filter.Order#20
14:12:29,883 DEBUG BaseGeneralDataRegion:69 - Evicting[hibernate.test.org.hibernate.test.filter.LineItem]: org.hibernate.test.filter.LineItem#20
14:12:29,883 DEBUG BaseGeneralDataRegion:69 - Evicting[hibernate.test.org.hibernate.test.filter.Product.orderLineItems]: org.hibernate.test.filter.Product.orderLineItems#28
14:12:29,883 DEBUG BaseGeneralDataRegion:69 - Evicting[hibernate.test.org.hibernate.test.filter.Product.orderLineItems]: org.hibernate.test.filter.Product.orderLineItems#29
14:12:29,883 DEBUG BaseGeneralDataRegion:69 - Evicting[hibernate.test.org.hibernate.test.filter.Product.orderLineItems]: org.hibernate.test.filter.Product.orderLineItems#30
14:12:29,883 DEBUG BaseGeneralDataRegion:69 - Evicting[hibernate.test.org.hibernate.test.filter.Product.categories]: org.hibernate.test.filter.Product.categories#30
14:12:29,883 DEBUG BaseGeneralDataRegion:69 - Evicting[hibernate.test.org.hibernate.test.filter.Department.salespersons]: org.hibernate.test.filter.Department.salespersons#10
14:12:29,883 DEBUG BaseGeneralDataRegion:69 - Evicting[hibernate.test.org.hibernate.test.filter.Salesperson.orders]: org.hibernate.test.filter.Salesperson.orders#23
14:12:29,884 DEBUG BaseGeneralDataRegion:69 - Evicting[hibernate.test.org.hibernate.test.filter.Salesperson.orders]: org.hibernate.test.filter.Salesperson.orders#24
14:12:29,884 DEBUG BaseGeneralDataRegion:69 - Evicting[hibernate.test.org.hibernate.test.filter.Product.categories]: org.hibernate.test.filter.Product.categories#28
14:12:29,884 DEBUG BaseGeneralDataRegion:69 - Evicting[hibernate.test.org.hibernate.test.filter.Category.products]: org.hibernate.test.filter.Category.products#28
14:12:29,884 DEBUG BaseGeneralDataRegion:69 - Evicting[hibernate.test.org.hibernate.test.filter.Category.products]: org.hibernate.test.filter.Category.products#29
14:12:29,884 DEBUG BaseGeneralDataRegion:69 - Evicting[hibernate.test.org.hibernate.test.filter.Order.lineItems]: org.hibernate.test.filter.Order.lineItems#19
14:12:29,884 DEBUG BaseGeneralDataRegion:69 - Evicting[hibernate.test.org.hibernate.test.filter.Product.categories]: org.hibernate.test.filter.Product.categories#29
14:12:29,884 DEBUG BaseGeneralDataRegion:69 - Evicting[hibernate.test.org.hibernate.test.filter.Category.products]: org.hibernate.test.filter.Category.products#30
14:12:29,884 DEBUG BaseGeneralDataRegion:69 - Evicting[hibernate.test.org.hibernate.test.filter.Order.lineItems]: org.hibernate.test.filter.Order.lineItems#20
14:12:29,891 DEBUG BaseGeneralDataRegion:69 - Evicting[hibernate.test.org.hibernate.test.filter.Department]: org.hibernate.test.filter.Department#10
14:12:29,891 DEBUG BaseGeneralDataRegion:69 - Evicting[hibernate.test.org.hibernate.test.filter.Salesperson]: org.hibernate.test.filter.Salesperson#23
14:12:29,891 DEBUG BaseGeneralDataRegion:69 - Evicting[hibernate.test.org.hibernate.test.filter.Salesperson]: org.hibernate.test.filter.Salesperson#24
14:12:29,891 DEBUG BaseGeneralDataRegion:69 - Evicting[hibernate.test.org.hibernate.test.filter.Category]: org.hibernate.test.filter.Category#28
14:12:29,891 DEBUG BaseGeneralDataRegion:69 - Evicting[hibernate.test.org.hibernate.test.filter.Category]: org.hibernate.test.filter.Category#29
14:12:29,891 DEBUG BaseGeneralDataRegion:69 - Evicting[hibernate.test.org.hibernate.test.filter.Product]: org.hibernate.test.filter.Product#28
14:12:29,892 DEBUG BaseGeneralDataRegion:69 - Evicting[hibernate.test.org.hibernate.test.filter.LineItem]: org.hibernate.test.filter.LineItem#19
14:12:29,892 DEBUG BaseGeneralDataRegion:69 - Evicting[hibernate.test.org.hibernate.test.filter.Order]: org.hibernate.test.filter.Order#19
14:12:29,892 DEBUG BaseGeneralDataRegion:69 - Evicting[hibernate.test.org.hibernate.test.filter.Category]: org.hibernate.test.filter.Category#30
14:12:29,892 DEBUG BaseGeneralDataRegion:69 - Evicting[hibernate.test.org.hibernate.test.filter.Product]: org.hibernate.test.filter.Product#29
14:12:29,892 DEBUG BaseGeneralDataRegion:69 - Evicting[hibernate.test.org.hibernate.test.filter.Product]: org.hibernate.test.filter.Product#30
14:12:29,892 DEBUG BaseGeneralDataRegion:69 - Evicting[hibernate.test.org.hibernate.test.filter.LineItem]: org.hibernate.test.filter.LineItem#20
14:12:29,892 DEBUG BaseGeneralDataRegion:69 - Evicting[hibernate.test.org.hibernate.test.filter.Order]: org.hibernate.test.filter.Order#20
14:12:29,892 DEBUG BaseGeneralDataRegion:59 - Caching[hibernate.test.org.hibernate.cache.spi.UpdateTimestampsCache] : [CATEGORY] -> [5579089305157632]
14:12:29,894 DEBUG BaseGeneralDataRegion:59 - Caching[hibernate.test.org.hibernate.cache.spi.UpdateTimestampsCache] : [ORDER_ITEM] -> [5579089305157632]
14:12:29,894 DEBUG BaseGeneralDataRegion:59 - Caching[hibernate.test.org.hibernate.cache.spi.UpdateTimestampsCache] : [SALES_PERSON] -> [5579089305157632]
14:12:29,894 DEBUG BaseGeneralDataRegion:59 - Caching[hibernate.test.org.hibernate.cache.spi.UpdateTimestampsCache] : [T_ORDER] -> [5579089305157632]
14:12:29,894 DEBUG BaseGeneralDataRegion:59 - Caching[hibernate.test.org.hibernate.cache.spi.UpdateTimestampsCache] : [PRODUCT] -> [5579089305157632]
14:12:29,894 DEBUG BaseGeneralDataRegion:59 - Caching[hibernate.test.org.hibernate.cache.spi.UpdateTimestampsCache] : [DEPARTMENT] -> [5579089305157632]
14:12:29,894 DEBUG BaseGeneralDataRegion:59 - Caching[hibernate.test.org.hibernate.cache.spi.UpdateTimestampsCache] : [PROD_CAT] -> [5579089305157632]
14:12:29,895  INFO CustomRunner:139 - Test: testInStyleFilterParameter
14:12:29,895  INFO DynamicFilterTest:642 - Starting one-to-many collection loader filter tests.
14:12:29,896 DEBUG SQL:104 - 
    insert 
    into
        DEPARTMENT
        (DEPT_ID, REG) 
    values
        (null, ?)
14:12:29,902 DEBUG BaseGeneralDataRegion:59 - Caching[hibernate.test.org.hibernate.cache.spi.UpdateTimestampsCache] : [DEPARTMENT] -> [5579089550958592]
14:12:29,903 DEBUG SQL:104 - 
    insert 
    into
        SALES_PERSON
        (SALES_PERSON_ID, NAME, REG, DEPT_ID, "hire dt") 
    values
        (null, ?, ?, ?, ?)
14:12:29,903 DEBUG BaseGeneralDataRegion:59 - Caching[hibernate.test.org.hibernate.cache.spi.UpdateTimestampsCache] : [SALES_PERSON] -> [5579089550962688]
14:12:29,903 DEBUG SQL:104 - 
    insert 
    into
        SALES_PERSON
        (SALES_PERSON_ID, NAME, REG, DEPT_ID, "hire dt") 
    values
        (null, ?, ?, ?, ?)
14:12:29,904 DEBUG BaseGeneralDataRegion:59 - Caching[hibernate.test.org.hibernate.cache.spi.UpdateTimestampsCache] : [SALES_PERSON] -> [5579089550966784]
14:12:29,904 DEBUG SQL:104 - 
    insert 
    into
        PRODUCT
        (PROD_ID, name, STOCK_NUM, weight_kg, eff_start_dt, eff_end_dt) 
    values
        (null, ?, ?, 0.453E0 * ?, ?, ?)
14:12:29,904 DEBUG BaseGeneralDataRegion:59 - Caching[hibernate.test.org.hibernate.cache.spi.UpdateTimestampsCache] : [PRODUCT] -> [5579089550966785]
14:12:29,904 DEBUG SQL:104 - 
    insert 
    into
        CATEGORY
        (CAT_ID, name, eff_start_dt, eff_end_dt) 
    values
        (null, ?, ?, ?)
14:12:29,913 DEBUG BaseGeneralDataRegion:59 - Caching[hibernate.test.org.hibernate.cache.spi.UpdateTimestampsCache] : [CATEGORY] -> [5579089551003648]
14:12:29,913 DEBUG SQL:104 - 
    insert 
    into
        CATEGORY
        (CAT_ID, name, eff_start_dt, eff_end_dt) 
    values
        (null, ?, ?, ?)
14:12:29,914 DEBUG BaseGeneralDataRegion:59 - Caching[hibernate.test.org.hibernate.cache.spi.UpdateTimestampsCache] : [CATEGORY] -> [5579089551007744]
14:12:29,914 DEBUG SQL:104 - 
    insert 
    into
        T_ORDER
        (ORDER_ID, REG, BUYER, "ord dt", "close dt", SALES_PERSON_ID) 
    values
        (null, ?, ?, ?, ?, ?)
14:12:29,914 DEBUG BaseGeneralDataRegion:59 - Caching[hibernate.test.org.hibernate.cache.spi.UpdateTimestampsCache] : [T_ORDER] -> [5579089551007745]
14:12:29,914 DEBUG SQL:104 - 
    insert 
    into
        ORDER_ITEM
        (ITEM_ID, ORDER_ID, SEQ, PRODUCT_ID, AMT) 
    values
        (null, ?, ?, ?, ?)
14:12:29,915 DEBUG BaseGeneralDataRegion:59 - Caching[hibernate.test.org.hibernate.cache.spi.UpdateTimestampsCache] : [ORDER_ITEM] -> [5579089551011840]
14:12:29,932 DEBUG SQL:104 - 
    insert 
    into
        PRODUCT
        (PROD_ID, name, STOCK_NUM, weight_kg, eff_start_dt, eff_end_dt) 
    values
        (null, ?, ?, 0.453E0 * ?, ?, ?)
14:12:29,933 DEBUG BaseGeneralDataRegion:59 - Caching[hibernate.test.org.hibernate.cache.spi.UpdateTimestampsCache] : [PRODUCT] -> [5579089551085568]
14:12:29,933 DEBUG SQL:104 - 
    insert 
    into
        CATEGORY
        (CAT_ID, name, eff_start_dt, eff_end_dt) 
    values
        (null, ?, ?, ?)
14:12:29,934 DEBUG BaseGeneralDataRegion:59 - Caching[hibernate.test.org.hibernate.cache.spi.UpdateTimestampsCache] : [CATEGORY] -> [5579089551089664]
14:12:29,934 DEBUG SQL:104 - 
    insert 
    into
        PRODUCT
        (PROD_ID, name, STOCK_NUM, weight_kg, eff_start_dt, eff_end_dt) 
    values
        (null, ?, ?, 0.453E0 * ?, ?, ?)
14:12:29,934 DEBUG BaseGeneralDataRegion:59 - Caching[hibernate.test.org.hibernate.cache.spi.UpdateTimestampsCache] : [PRODUCT] -> [5579089551089665]
14:12:29,934 DEBUG SQL:104 - 
    insert 
    into
        T_ORDER
        (ORDER_ID, REG, BUYER, "ord dt", "close dt", SALES_PERSON_ID) 
    values
        (null, ?, ?, ?, ?, ?)
14:12:29,935 DEBUG BaseGeneralDataRegion:59 - Caching[hibernate.test.org.hibernate.cache.spi.UpdateTimestampsCache] : [T_ORDER] -> [5579089551093760]
14:12:29,935 DEBUG SQL:104 - 
    insert 
    into
        ORDER_ITEM
        (ITEM_ID, ORDER_ID, SEQ, PRODUCT_ID, AMT) 
    values
        (null, ?, ?, ?, ?)
14:12:29,935 DEBUG BaseGeneralDataRegion:59 - Caching[hibernate.test.org.hibernate.cache.spi.UpdateTimestampsCache] : [ORDER_ITEM] -> [5579089551093761]
14:12:29,936 DEBUG SQL:104 - 
    update
        PRODUCT 
    set
        name=?,
        STOCK_NUM=?,
        weight_kg=0.453E0 * ?,
        eff_start_dt=?,
        eff_end_dt=? 
    where
        PROD_ID=?
14:12:29,936 DEBUG BaseGeneralDataRegion:69 - Evicting[hibernate.test.org.hibernate.test.filter.Product]: org.hibernate.test.filter.Product#31
14:12:29,936 DEBUG BaseGeneralDataRegion:59 - Caching[hibernate.test.org.hibernate.cache.spi.UpdateTimestampsCache] : [PRODUCT] -> [5579089551097856]
14:12:29,936 DEBUG BaseGeneralDataRegion:69 - Evicting[hibernate.test.org.hibernate.test.filter.Department.salespersons]: org.hibernate.test.filter.Department.salespersons#11
14:12:29,937 DEBUG BaseGeneralDataRegion:59 - Caching[hibernate.test.org.hibernate.cache.spi.UpdateTimestampsCache] : [SALES_PERSON] -> [5579089551101952]
14:12:29,937 DEBUG BaseGeneralDataRegion:69 - Evicting[hibernate.test.org.hibernate.test.filter.Salesperson.orders]: org.hibernate.test.filter.Salesperson.orders#25
14:12:29,937 DEBUG BaseGeneralDataRegion:59 - Caching[hibernate.test.org.hibernate.cache.spi.UpdateTimestampsCache] : [T_ORDER] -> [5579089551101953]
14:12:29,937 DEBUG BaseGeneralDataRegion:69 - Evicting[hibernate.test.org.hibernate.test.filter.Salesperson.orders]: org.hibernate.test.filter.Salesperson.orders#26
14:12:29,937 DEBUG BaseGeneralDataRegion:59 - Caching[hibernate.test.org.hibernate.cache.spi.UpdateTimestampsCache] : [T_ORDER] -> [5579089551101954]
14:12:29,939 DEBUG SQL:104 - 
    insert 
    into
        PROD_CAT
        (PROD_ID, CAT_ID) 
    values
        (?, ?)
14:12:29,940 DEBUG SQL:104 - 
    insert 
    into
        PROD_CAT
        (PROD_ID, CAT_ID) 
    values
        (?, ?)
14:12:29,940 DEBUG BaseGeneralDataRegion:69 - Evicting[hibernate.test.org.hibernate.test.filter.Product.categories]: org.hibernate.test.filter.Product.categories#31
14:12:29,940 DEBUG BaseGeneralDataRegion:59 - Caching[hibernate.test.org.hibernate.cache.spi.UpdateTimestampsCache] : [PROD_CAT] -> [5579089551114240]
14:12:29,940 DEBUG BaseGeneralDataRegion:69 - Evicting[hibernate.test.org.hibernate.test.filter.Category.products]: org.hibernate.test.filter.Category.products#31
14:12:29,940 DEBUG BaseGeneralDataRegion:59 - Caching[hibernate.test.org.hibernate.cache.spi.UpdateTimestampsCache] : [PROD_CAT] -> [5579089551114241]
14:12:29,940 DEBUG BaseGeneralDataRegion:69 - Evicting[hibernate.test.org.hibernate.test.filter.Category.products]: org.hibernate.test.filter.Category.products#32
14:12:29,940 DEBUG BaseGeneralDataRegion:59 - Caching[hibernate.test.org.hibernate.cache.spi.UpdateTimestampsCache] : [PROD_CAT] -> [5579089551114242]
14:12:29,941 DEBUG BaseGeneralDataRegion:69 - Evicting[hibernate.test.org.hibernate.test.filter.Order.lineItems]: org.hibernate.test.filter.Order.lineItems#21
14:12:29,941 DEBUG BaseGeneralDataRegion:59 - Caching[hibernate.test.org.hibernate.cache.spi.UpdateTimestampsCache] : [ORDER_ITEM] -> [5579089551118336]
14:12:29,941 DEBUG SQL:104 - 
    insert 
    into
        PROD_CAT
        (PROD_ID, CAT_ID) 
    values
        (?, ?)
14:12:29,942 DEBUG BaseGeneralDataRegion:69 - Evicting[hibernate.test.org.hibernate.test.filter.Product.categories]: org.hibernate.test.filter.Product.categories#32
14:12:29,951 DEBUG BaseGeneralDataRegion:59 - Caching[hibernate.test.org.hibernate.cache.spi.UpdateTimestampsCache] : [PROD_CAT] -> [5579089551155200]
14:12:29,951 DEBUG BaseGeneralDataRegion:69 - Evicting[hibernate.test.org.hibernate.test.filter.Category.products]: org.hibernate.test.filter.Category.products#33
14:12:29,951 DEBUG BaseGeneralDataRegion:59 - Caching[hibernate.test.org.hibernate.cache.spi.UpdateTimestampsCache] : [PROD_CAT] -> [5579089551159296]
14:12:29,951 DEBUG BaseGeneralDataRegion:69 - Evicting[hibernate.test.org.hibernate.test.filter.Order.lineItems]: org.hibernate.test.filter.Order.lineItems#22
14:12:29,951 DEBUG BaseGeneralDataRegion:59 - Caching[hibernate.test.org.hibernate.cache.spi.UpdateTimestampsCache] : [ORDER_ITEM] -> [5579089551159297]
14:12:29,951 DEBUG BaseGeneralDataRegion:69 - Evicting[hibernate.test.org.hibernate.test.filter.Product]: org.hibernate.test.filter.Product#31
14:12:29,951 DEBUG BaseGeneralDataRegion:69 - Evicting[hibernate.test.org.hibernate.test.filter.Department.salespersons]: org.hibernate.test.filter.Department.salespersons#11
14:12:29,951 DEBUG BaseGeneralDataRegion:69 - Evicting[hibernate.test.org.hibernate.test.filter.Salesperson.orders]: org.hibernate.test.filter.Salesperson.orders#25
14:12:29,952 DEBUG BaseGeneralDataRegion:69 - Evicting[hibernate.test.org.hibernate.test.filter.Salesperson.orders]: org.hibernate.test.filter.Salesperson.orders#26
14:12:29,952 DEBUG BaseGeneralDataRegion:69 - Evicting[hibernate.test.org.hibernate.test.filter.Product.categories]: org.hibernate.test.filter.Product.categories#31
14:12:29,952 DEBUG BaseGeneralDataRegion:69 - Evicting[hibernate.test.org.hibernate.test.filter.Category.products]: org.hibernate.test.filter.Category.products#31
14:12:29,952 DEBUG BaseGeneralDataRegion:69 - Evicting[hibernate.test.org.hibernate.test.filter.Category.products]: org.hibernate.test.filter.Category.products#32
14:12:29,952 DEBUG BaseGeneralDataRegion:69 - Evicting[hibernate.test.org.hibernate.test.filter.Order.lineItems]: org.hibernate.test.filter.Order.lineItems#21
14:12:29,952 DEBUG BaseGeneralDataRegion:69 - Evicting[hibernate.test.org.hibernate.test.filter.Product.categories]: org.hibernate.test.filter.Product.categories#32
14:12:29,952 DEBUG BaseGeneralDataRegion:69 - Evicting[hibernate.test.org.hibernate.test.filter.Category.products]: org.hibernate.test.filter.Category.products#33
14:12:29,952 DEBUG BaseGeneralDataRegion:69 - Evicting[hibernate.test.org.hibernate.test.filter.Order.lineItems]: org.hibernate.test.filter.Order.lineItems#22
14:12:29,952 DEBUG BaseGeneralDataRegion:59 - Caching[hibernate.test.org.hibernate.cache.spi.UpdateTimestampsCache] : [ORDER_ITEM] -> [5579089305403392]
14:12:29,952 DEBUG BaseGeneralDataRegion:59 - Caching[hibernate.test.org.hibernate.cache.spi.UpdateTimestampsCache] : [CATEGORY] -> [5579089305403392]
14:12:29,952 DEBUG BaseGeneralDataRegion:59 - Caching[hibernate.test.org.hibernate.cache.spi.UpdateTimestampsCache] : [SALES_PERSON] -> [5579089305403392]
14:12:29,953 DEBUG BaseGeneralDataRegion:59 - Caching[hibernate.test.org.hibernate.cache.spi.UpdateTimestampsCache] : [T_ORDER] -> [5579089305403392]
14:12:29,953 DEBUG BaseGeneralDataRegion:59 - Caching[hibernate.test.org.hibernate.cache.spi.UpdateTimestampsCache] : [PRODUCT] -> [5579089305403392]
14:12:29,953 DEBUG BaseGeneralDataRegion:59 - Caching[hibernate.test.org.hibernate.cache.spi.UpdateTimestampsCache] : [DEPARTMENT] -> [5579089305403392]
14:12:29,953 DEBUG BaseGeneralDataRegion:59 - Caching[hibernate.test.org.hibernate.cache.spi.UpdateTimestampsCache] : [PROD_CAT] -> [5579089305403392]
14:12:29,953 DEBUG QueryTranslatorImpl:265 - parse() - HQL: from org.hibernate.test.filter.Salesperson
14:12:29,954 DEBUG QueryTranslatorImpl:283 - --- HQL AST ---
 \-[QUERY] Node: 'query'
    \-[SELECT_FROM] Node: 'SELECT_FROM'
       \-[FROM] Node: 'from'
          \-[RANGE] Node: 'RANGE'
             \-[DOT] Node: '.'
                +-[DOT] Node: '.'
                |  +-[DOT] Node: '.'
                |  |  +-[DOT] Node: '.'
                |  |  |  +-[IDENT] Node: 'org'
                |  |  |  \-[IDENT] Node: 'hibernate'
                |  |  \-[IDENT] Node: 'test'
                |  \-[IDENT] Node: 'filter'
                \-[IDENT] Node: 'Salesperson'

14:12:29,954 DEBUG ErrorCounter:82 - throwQueryException() : no errors
14:12:29,954 DEBUG FromElement:157 - FromClause{level=1} : org.hibernate.test.filter.Salesperson (<no alias>) -> salesperso0_
14:12:29,973 DEBUG HqlSqlWalker:629 - processQuery() :  ( SELECT ( FromClause{level=1} SALES_PERSON salesperso0_ ) )
14:12:29,973 DEBUG HqlSqlWalker:869 - Derived SELECT clause created.
14:12:29,974 DEBUG JoinProcessor:175 - Using FROM fragment [SALES_PERSON salesperso0_]
14:12:29,974 DEBUG SyntheticAndFactory:92 - Using unprocessed WHERE-fragment [salesperso0_.REG IN (:regionlist.regions)]
14:12:29,974 DEBUG SyntheticAndFactory:124 - Using processed WHERE-fragment [salesperso0_.REG IN (?,?)]
14:12:29,974 DEBUG QueryNode:73 - getWhereClause() : Creating a new WHERE clause...
14:12:29,974 DEBUG QueryTranslatorImpl:252 - --- SQL AST ---
 \-[SELECT] QueryNode: 'SELECT'  querySpaces (SALES_PERSON)
    +-[SELECT_CLAUSE] SelectClause: '{derived select clause}'
    |  +-[SELECT_EXPR] SelectExpressionImpl: 'salesperso0_.SALES_PERSON_ID as SALES1_5_' {FromElement{explicit,not a collection join,not a fetch join,fetch non-lazy properties,classAlias=null,role=null,tableName=SALES_PERSON,tableAlias=salesperso0_,origin=null,columns={,className=org.hibernate.test.filter.Salesperson}}}
    |  \-[SQL_TOKEN] SqlFragment: 'salesperso0_.NAME as NAME5_, salesperso0_.REG as REG5_, salesperso0_.DEPT_ID as DEPT4_5_, salesperso0_."hire dt" as hire5_5_'
    +-[FROM] FromClause: 'from' FromClause{level=1, fromElementCounter=1, fromElements=1, fromElementByClassAlias=[], fromElementByTableAlias=[salesperso0_], fromElementsByPath=[], collectionJoinFromElementsByPath=[], impliedElements=[]}
    |  \-[FROM_FRAGMENT] FromElement: 'SALES_PERSON salesperso0_' FromElement{explicit,not a collection join,not a fetch join,fetch non-lazy properties,classAlias=null,role=null,tableName=SALES_PERSON,tableAlias=salesperso0_,origin=null,columns={,className=org.hibernate.test.filter.Salesperson}}
    \-[WHERE] SqlNode: 'WHERE'
       \-[FILTERS] SqlNode: '{filter conditions}'
          \-[SQL_TOKEN] SqlFragment: 'salesperso0_.REG IN (?,?)'

14:12:29,974 DEBUG ErrorCounter:82 - throwQueryException() : no errors
14:12:29,974 DEBUG QueryTranslatorImpl:235 - HQL: from org.hibernate.test.filter.Salesperson
14:12:29,974 DEBUG QueryTranslatorImpl:236 - SQL: select salesperso0_.SALES_PERSON_ID as SALES1_5_, salesperso0_.NAME as NAME5_, salesperso0_.REG as REG5_, salesperso0_.DEPT_ID as DEPT4_5_, salesperso0_."hire dt" as hire5_5_ from SALES_PERSON salesperso0_ where salesperso0_.REG IN (?,?)
14:12:29,974 DEBUG ErrorCounter:82 - throwQueryException() : no errors
14:12:29,975 DEBUG SQL:104 - 
    select
        salesperso0_.SALES_PERSON_ID as SALES1_5_,
        salesperso0_.NAME as NAME5_,
        salesperso0_.REG as REG5_,
        salesperso0_.DEPT_ID as DEPT4_5_,
        salesperso0_."hire dt" as hire5_5_ 
    from
        SALES_PERSON salesperso0_ 
    where
        salesperso0_.REG IN (
            ?,?
        )
14:12:29,985 DEBUG BaseRegionAccessStrategy:66 - Caching: org.hibernate.test.filter.Salesperson#25
14:12:29,985 DEBUG BaseGeneralDataRegion:59 - Caching[hibernate.test.org.hibernate.test.filter.Salesperson] : [org.hibernate.test.filter.Salesperson#25] -> [CacheEntry(org.hibernate.test.filter.Salesperson)[steve,APAC,11,2012-08-28 14:12:29.896,25]]
14:12:29,987 DEBUG SQL:104 - 
    update
        SALES_PERSON 
    set
        NAME=?,
        REG=?,
        DEPT_ID=?,
        "hire dt"=? 
    where
        SALES_PERSON_ID=?
14:12:29,987 DEBUG BaseGeneralDataRegion:69 - Evicting[hibernate.test.org.hibernate.test.filter.Salesperson]: org.hibernate.test.filter.Salesperson#25
14:12:29,987 DEBUG BaseGeneralDataRegion:59 - Caching[hibernate.test.org.hibernate.cache.spi.UpdateTimestampsCache] : [SALES_PERSON] -> [5579089551306752]
14:12:29,987 DEBUG SQL:104 - 
    update
        SALES_PERSON 
    set
        NAME=?,
        REG=?,
        DEPT_ID=?,
        "hire dt"=? 
    where
        SALES_PERSON_ID=?
14:12:29,988 DEBUG BaseGeneralDataRegion:69 - Evicting[hibernate.test.org.hibernate.test.filter.Salesperson]: org.hibernate.test.filter.Salesperson#26
14:12:29,995 DEBUG BaseGeneralDataRegion:59 - Caching[hibernate.test.org.hibernate.cache.spi.UpdateTimestampsCache] : [SALES_PERSON] -> [5579089551339520]
14:12:29,995 DEBUG SQL:104 - 
    update
        T_ORDER 
    set
        REG=?,
        BUYER=?,
        "ord dt"=?,
        "close dt"=?,
        SALES_PERSON_ID=? 
    where
        ORDER_ID=?
14:12:29,995 DEBUG BaseGeneralDataRegion:69 - Evicting[hibernate.test.org.hibernate.test.filter.Order]: org.hibernate.test.filter.Order#21
14:12:29,995 DEBUG BaseGeneralDataRegion:59 - Caching[hibernate.test.org.hibernate.cache.spi.UpdateTimestampsCache] : [T_ORDER] -> [5579089551339521]
14:12:29,996 DEBUG SQL:104 - 
    update
        ORDER_ITEM 
    set
        ORDER_ID=?,
        SEQ=?,
        PRODUCT_ID=?,
        AMT=? 
    where
        ITEM_ID=?
14:12:29,996 DEBUG BaseGeneralDataRegion:69 - Evicting[hibernate.test.org.hibernate.test.filter.LineItem]: org.hibernate.test.filter.LineItem#21
14:12:29,996 DEBUG BaseGeneralDataRegion:59 - Caching[hibernate.test.org.hibernate.cache.spi.UpdateTimestampsCache] : [ORDER_ITEM] -> [5579089551343616]
14:12:29,996 DEBUG SQL:104 - 
    update
        T_ORDER 
    set
        REG=?,
        BUYER=?,
        "ord dt"=?,
        "close dt"=?,
        SALES_PERSON_ID=? 
    where
        ORDER_ID=?
14:12:30,006 DEBUG BaseGeneralDataRegion:69 - Evicting[hibernate.test.org.hibernate.test.filter.Order]: org.hibernate.test.filter.Order#22
14:12:30,006 DEBUG BaseGeneralDataRegion:59 - Caching[hibernate.test.org.hibernate.cache.spi.UpdateTimestampsCache] : [T_ORDER] -> [5579089551384576]
14:12:30,007 DEBUG SQL:104 - 
    update
        ORDER_ITEM 
    set
        ORDER_ID=?,
        SEQ=?,
        PRODUCT_ID=?,
        AMT=? 
    where
        ITEM_ID=?
14:12:30,007 DEBUG BaseGeneralDataRegion:69 - Evicting[hibernate.test.org.hibernate.test.filter.LineItem]: org.hibernate.test.filter.LineItem#22
14:12:30,007 DEBUG BaseGeneralDataRegion:59 - Caching[hibernate.test.org.hibernate.cache.spi.UpdateTimestampsCache] : [ORDER_ITEM] -> [5579089551388672]
14:12:30,007 DEBUG BaseGeneralDataRegion:69 - Evicting[hibernate.test.org.hibernate.test.filter.Product.orderLineItems]: org.hibernate.test.filter.Product.orderLineItems#31
14:12:30,007 DEBUG BaseGeneralDataRegion:59 - Caching[hibernate.test.org.hibernate.cache.spi.UpdateTimestampsCache] : [ORDER_ITEM] -> [5579089551388673]
14:12:30,007 DEBUG BaseGeneralDataRegion:69 - Evicting[hibernate.test.org.hibernate.test.filter.Product.orderLineItems]: org.hibernate.test.filter.Product.orderLineItems#32
14:12:30,008 DEBUG BaseGeneralDataRegion:59 - Caching[hibernate.test.org.hibernate.cache.spi.UpdateTimestampsCache] : [ORDER_ITEM] -> [5579089551392768]
14:12:30,008 DEBUG BaseGeneralDataRegion:69 - Evicting[hibernate.test.org.hibernate.test.filter.Product.orderLineItems]: org.hibernate.test.filter.Product.orderLineItems#33
14:12:30,008 DEBUG BaseGeneralDataRegion:59 - Caching[hibernate.test.org.hibernate.cache.spi.UpdateTimestampsCache] : [ORDER_ITEM] -> [5579089551392769]
14:12:30,008 DEBUG SQL:104 - 
    delete 
    from
        PROD_CAT 
    where
        PROD_ID=?
14:12:30,017 DEBUG BaseGeneralDataRegion:69 - Evicting[hibernate.test.org.hibernate.test.filter.Product.categories]: org.hibernate.test.filter.Product.categories#33
14:12:30,017 DEBUG BaseGeneralDataRegion:59 - Caching[hibernate.test.org.hibernate.cache.spi.UpdateTimestampsCache] : [PROD_CAT] -> [5579089551429632]
14:12:30,017 DEBUG BaseGeneralDataRegion:69 - Evicting[hibernate.test.org.hibernate.test.filter.Department.salespersons]: org.hibernate.test.filter.Department.salespersons#11
14:12:30,017 DEBUG BaseGeneralDataRegion:59 - Caching[hibernate.test.org.hibernate.cache.spi.UpdateTimestampsCache] : [SALES_PERSON] -> [5579089551429633]
14:12:30,017 DEBUG BaseGeneralDataRegion:69 - Evicting[hibernate.test.org.hibernate.test.filter.Salesperson.orders]: org.hibernate.test.filter.Salesperson.orders#25
14:12:30,017 DEBUG BaseGeneralDataRegion:59 - Caching[hibernate.test.org.hibernate.cache.spi.UpdateTimestampsCache] : [T_ORDER] -> [5579089551429634]
14:12:30,017 DEBUG BaseGeneralDataRegion:69 - Evicting[hibernate.test.org.hibernate.test.filter.Salesperson.orders]: org.hibernate.test.filter.Salesperson.orders#26
14:12:30,017 DEBUG BaseGeneralDataRegion:59 - Caching[hibernate.test.org.hibernate.cache.spi.UpdateTimestampsCache] : [T_ORDER] -> [5579089551429635]
14:12:30,018 DEBUG SQL:104 - 
    delete 
    from
        PROD_CAT 
    where
        PROD_ID=?
14:12:30,018 DEBUG BaseGeneralDataRegion:69 - Evicting[hibernate.test.org.hibernate.test.filter.Product.categories]: org.hibernate.test.filter.Product.categories#31
14:12:30,018 DEBUG BaseGeneralDataRegion:59 - Caching[hibernate.test.org.hibernate.cache.spi.UpdateTimestampsCache] : [PROD_CAT] -> [5579089551433728]
14:12:30,018 DEBUG BaseGeneralDataRegion:69 - Evicting[hibernate.test.org.hibernate.test.filter.Category.products]: org.hibernate.test.filter.Category.products#31
14:12:30,018 DEBUG BaseGeneralDataRegion:59 - Caching[hibernate.test.org.hibernate.cache.spi.UpdateTimestampsCache] : [PROD_CAT] -> [5579089551433729]
14:12:30,018 DEBUG BaseGeneralDataRegion:69 - Evicting[hibernate.test.org.hibernate.test.filter.Category.products]: org.hibernate.test.filter.Category.products#32
14:12:30,018 DEBUG BaseGeneralDataRegion:59 - Caching[hibernate.test.org.hibernate.cache.spi.UpdateTimestampsCache] : [PROD_CAT] -> [5579089551433730]
14:12:30,018 DEBUG BaseGeneralDataRegion:69 - Evicting[hibernate.test.org.hibernate.test.filter.Order.lineItems]: org.hibernate.test.filter.Order.lineItems#21
14:12:30,019 DEBUG BaseGeneralDataRegion:59 - Caching[hibernate.test.org.hibernate.cache.spi.UpdateTimestampsCache] : [ORDER_ITEM] -> [5579089551437824]
14:12:30,019 DEBUG SQL:104 - 
    delete 
    from
        PROD_CAT 
    where
        PROD_ID=?
14:12:30,027 DEBUG BaseGeneralDataRegion:69 - Evicting[hibernate.test.org.hibernate.test.filter.Product.categories]: org.hibernate.test.filter.Product.categories#32
14:12:30,027 DEBUG BaseGeneralDataRegion:59 - Caching[hibernate.test.org.hibernate.cache.spi.UpdateTimestampsCache] : [PROD_CAT] -> [5579089551470592]
14:12:30,027 DEBUG BaseGeneralDataRegion:69 - Evicting[hibernate.test.org.hibernate.test.filter.Category.products]: org.hibernate.test.filter.Category.products#33
14:12:30,027 DEBUG BaseGeneralDataRegion:59 - Caching[hibernate.test.org.hibernate.cache.spi.UpdateTimestampsCache] : [PROD_CAT] -> [5579089551470593]
14:12:30,027 DEBUG BaseGeneralDataRegion:69 - Evicting[hibernate.test.org.hibernate.test.filter.Order.lineItems]: org.hibernate.test.filter.Order.lineItems#22
14:12:30,028 DEBUG BaseGeneralDataRegion:59 - Caching[hibernate.test.org.hibernate.cache.spi.UpdateTimestampsCache] : [ORDER_ITEM] -> [5579089551474688]
14:12:30,028 DEBUG SQL:104 - 
    delete 
    from
        DEPARTMENT 
    where
        DEPT_ID=?
14:12:30,028 DEBUG BaseGeneralDataRegion:69 - Evicting[hibernate.test.org.hibernate.test.filter.Department]: org.hibernate.test.filter.Department#11
14:12:30,028 DEBUG BaseGeneralDataRegion:59 - Caching[hibernate.test.org.hibernate.cache.spi.UpdateTimestampsCache] : [DEPARTMENT] -> [5579089551474689]
14:12:30,028 DEBUG SQL:104 - 
    delete 
    from
        SALES_PERSON 
    where
        SALES_PERSON_ID=?
14:12:30,028 DEBUG BaseGeneralDataRegion:69 - Evicting[hibernate.test.org.hibernate.test.filter.Salesperson]: org.hibernate.test.filter.Salesperson#25
14:12:30,029 DEBUG BaseGeneralDataRegion:59 - Caching[hibernate.test.org.hibernate.cache.spi.UpdateTimestampsCache] : [SALES_PERSON] -> [5579089551478784]
14:12:30,029 DEBUG SQL:104 - 
    delete 
    from
        SALES_PERSON 
    where
        SALES_PERSON_ID=?
14:12:30,039 DEBUG BaseGeneralDataRegion:69 - Evicting[hibernate.test.org.hibernate.test.filter.Salesperson]: org.hibernate.test.filter.Salesperson#26
14:12:30,039 DEBUG BaseGeneralDataRegion:59 - Caching[hibernate.test.org.hibernate.cache.spi.UpdateTimestampsCache] : [SALES_PERSON] -> [5579089551519744]
14:12:30,039 DEBUG SQL:104 - 
    delete 
    from
        CATEGORY 
    where
        CAT_ID=?
14:12:30,039 DEBUG BaseGeneralDataRegion:69 - Evicting[hibernate.test.org.hibernate.test.filter.Category]: org.hibernate.test.filter.Category#31
14:12:30,039 DEBUG BaseGeneralDataRegion:59 - Caching[hibernate.test.org.hibernate.cache.spi.UpdateTimestampsCache] : [CATEGORY] -> [5579089551519745]
14:12:30,040 DEBUG SQL:104 - 
    delete 
    from
        CATEGORY 
    where
        CAT_ID=?
14:12:30,040 DEBUG BaseGeneralDataRegion:69 - Evicting[hibernate.test.org.hibernate.test.filter.Category]: org.hibernate.test.filter.Category#32
14:12:30,040 DEBUG BaseGeneralDataRegion:59 - Caching[hibernate.test.org.hibernate.cache.spi.UpdateTimestampsCache] : [CATEGORY] -> [5579089551523840]
14:12:30,040 DEBUG SQL:104 - 
    delete 
    from
        PRODUCT 
    where
        PROD_ID=?
14:12:30,040 DEBUG BaseGeneralDataRegion:69 - Evicting[hibernate.test.org.hibernate.test.filter.Product]: org.hibernate.test.filter.Product#31
14:12:30,041 DEBUG BaseGeneralDataRegion:59 - Caching[hibernate.test.org.hibernate.cache.spi.UpdateTimestampsCache] : [PRODUCT] -> [5579089551523841]
14:12:30,041 DEBUG SQL:104 - 
    delete 
    from
        ORDER_ITEM 
    where
        ITEM_ID=?
14:12:30,051 DEBUG BaseGeneralDataRegion:69 - Evicting[hibernate.test.org.hibernate.test.filter.LineItem]: org.hibernate.test.filter.LineItem#21
14:12:30,051 DEBUG BaseGeneralDataRegion:59 - Caching[hibernate.test.org.hibernate.cache.spi.UpdateTimestampsCache] : [ORDER_ITEM] -> [5579089551568896]
14:12:30,051 DEBUG SQL:104 - 
    delete 
    from
        T_ORDER 
    where
        ORDER_ID=?
14:12:30,052 DEBUG BaseGeneralDataRegion:69 - Evicting[hibernate.test.org.hibernate.test.filter.Order]: org.hibernate.test.filter.Order#21
14:12:30,052 DEBUG BaseGeneralDataRegion:59 - Caching[hibernate.test.org.hibernate.cache.spi.UpdateTimestampsCache] : [T_ORDER] -> [5579089551572992]
14:12:30,052 DEBUG SQL:104 - 
    delete 
    from
        CATEGORY 
    where
        CAT_ID=?
14:12:30,052 DEBUG BaseGeneralDataRegion:69 - Evicting[hibernate.test.org.hibernate.test.filter.Category]: org.hibernate.test.filter.Category#33
14:12:30,052 DEBUG BaseGeneralDataRegion:59 - Caching[hibernate.test.org.hibernate.cache.spi.UpdateTimestampsCache] : [CATEGORY] -> [5579089551572993]
14:12:30,052 DEBUG SQL:104 - 
    delete 
    from
        PRODUCT 
    where
        PROD_ID=?
14:12:30,053 DEBUG BaseGeneralDataRegion:69 - Evicting[hibernate.test.org.hibernate.test.filter.Product]: org.hibernate.test.filter.Product#32
14:12:30,053 DEBUG BaseGeneralDataRegion:59 - Caching[hibernate.test.org.hibernate.cache.spi.UpdateTimestampsCache] : [PRODUCT] -> [5579089551577088]
14:12:30,053 DEBUG SQL:104 - 
    delete 
    from
        PRODUCT 
    where
        PROD_ID=?
14:12:30,053 DEBUG BaseGeneralDataRegion:69 - Evicting[hibernate.test.org.hibernate.test.filter.Product]: org.hibernate.test.filter.Product#33
14:12:30,053 DEBUG BaseGeneralDataRegion:59 - Caching[hibernate.test.org.hibernate.cache.spi.UpdateTimestampsCache] : [PRODUCT] -> [5579089551577089]
14:12:30,053 DEBUG SQL:104 - 
    delete 
    from
        ORDER_ITEM 
    where
        ITEM_ID=?
14:12:30,053 DEBUG BaseGeneralDataRegion:69 - Evicting[hibernate.test.org.hibernate.test.filter.LineItem]: org.hibernate.test.filter.LineItem#22
14:12:30,053 DEBUG BaseGeneralDataRegion:59 - Caching[hibernate.test.org.hibernate.cache.spi.UpdateTimestampsCache] : [ORDER_ITEM] -> [5579089551577090]
14:12:30,054 DEBUG SQL:104 - 
    delete 
    from
        T_ORDER 
    where
        ORDER_ID=?
14:12:30,054 DEBUG BaseGeneralDataRegion:69 - Evicting[hibernate.test.org.hibernate.test.filter.Order]: org.hibernate.test.filter.Order#22
14:12:30,054 DEBUG BaseGeneralDataRegion:59 - Caching[hibernate.test.org.hibernate.cache.spi.UpdateTimestampsCache] : [T_ORDER] -> [5579089551581184]
14:12:30,054 DEBUG BaseGeneralDataRegion:69 - Evicting[hibernate.test.org.hibernate.test.filter.Salesperson]: org.hibernate.test.filter.Salesperson#25
14:12:30,086 DEBUG BaseGeneralDataRegion:69 - Evicting[hibernate.test.org.hibernate.test.filter.Salesperson]: org.hibernate.test.filter.Salesperson#26
14:12:30,087 DEBUG BaseGeneralDataRegion:69 - Evicting[hibernate.test.org.hibernate.test.filter.Order]: org.hibernate.test.filter.Order#21
14:12:30,087 DEBUG BaseGeneralDataRegion:69 - Evicting[hibernate.test.org.hibernate.test.filter.LineItem]: org.hibernate.test.filter.LineItem#21
14:12:30,087 DEBUG BaseGeneralDataRegion:69 - Evicting[hibernate.test.org.hibernate.test.filter.Order]: org.hibernate.test.filter.Order#22
14:12:30,087 DEBUG BaseGeneralDataRegion:69 - Evicting[hibernate.test.org.hibernate.test.filter.LineItem]: org.hibernate.test.filter.LineItem#22
14:12:30,087 DEBUG BaseGeneralDataRegion:69 - Evicting[hibernate.test.org.hibernate.test.filter.Product.orderLineItems]: org.hibernate.test.filter.Product.orderLineItems#31
14:12:30,087 DEBUG BaseGeneralDataRegion:69 - Evicting[hibernate.test.org.hibernate.test.filter.Product.orderLineItems]: org.hibernate.test.filter.Product.orderLineItems#32
14:12:30,087 DEBUG BaseGeneralDataRegion:69 - Evicting[hibernate.test.org.hibernate.test.filter.Product.orderLineItems]: org.hibernate.test.filter.Product.orderLineItems#33
14:12:30,087 DEBUG BaseGeneralDataRegion:69 - Evicting[hibernate.test.org.hibernate.test.filter.Product.categories]: org.hibernate.test.filter.Product.categories#33
14:12:30,087 DEBUG BaseGeneralDataRegion:69 - Evicting[hibernate.test.org.hibernate.test.filter.Department.salespersons]: org.hibernate.test.filter.Department.salespersons#11
14:12:30,087 DEBUG BaseGeneralDataRegion:69 - Evicting[hibernate.test.org.hibernate.test.filter.Salesperson.orders]: org.hibernate.test.filter.Salesperson.orders#25
14:12:30,087 DEBUG BaseGeneralDataRegion:69 - Evicting[hibernate.test.org.hibernate.test.filter.Salesperson.orders]: org.hibernate.test.filter.Salesperson.orders#26
14:12:30,087 DEBUG BaseGeneralDataRegion:69 - Evicting[hibernate.test.org.hibernate.test.filter.Product.categories]: org.hibernate.test.filter.Product.categories#31
14:12:30,088 DEBUG BaseGeneralDataRegion:69 - Evicting[hibernate.test.org.hibernate.test.filter.Category.products]: org.hibernate.test.filter.Category.products#31
14:12:30,088 DEBUG BaseGeneralDataRegion:69 - Evicting[hibernate.test.org.hibernate.test.filter.Category.products]: org.hibernate.test.filter.Category.products#32
14:12:30,088 DEBUG BaseGeneralDataRegion:69 - Evicting[hibernate.test.org.hibernate.test.filter.Order.lineItems]: org.hibernate.test.filter.Order.lineItems#21
14:12:30,088 DEBUG BaseGeneralDataRegion:69 - Evicting[hibernate.test.org.hibernate.test.filter.Product.categories]: org.hibernate.test.filter.Product.categories#32
14:12:30,088 DEBUG BaseGeneralDataRegion:69 - Evicting[hibernate.test.org.hibernate.test.filter.Category.products]: org.hibernate.test.filter.Category.products#33
14:12:30,088 DEBUG BaseGeneralDataRegion:69 - Evicting[hibernate.test.org.hibernate.test.filter.Order.lineItems]: org.hibernate.test.filter.Order.lineItems#22
14:12:30,088 DEBUG BaseGeneralDataRegion:69 - Evicting[hibernate.test.org.hibernate.test.filter.Department]: org.hibernate.test.filter.Department#11
14:12:30,088 DEBUG BaseGeneralDataRegion:69 - Evicting[hibernate.test.org.hibernate.test.filter.Salesperson]: org.hibernate.test.filter.Salesperson#25
14:12:30,088 DEBUG BaseGeneralDataRegion:69 - Evicting[hibernate.test.org.hibernate.test.filter.Salesperson]: org.hibernate.test.filter.Salesperson#26
14:12:30,088 DEBUG BaseGeneralDataRegion:69 - Evicting[hibernate.test.org.hibernate.test.filter.Category]: org.hibernate.test.filter.Category#31
14:12:30,088 DEBUG BaseGeneralDataRegion:69 - Evicting[hibernate.test.org.hibernate.test.filter.Category]: org.hibernate.test.filter.Category#32
14:12:30,089 DEBUG BaseGeneralDataRegion:69 - Evicting[hibernate.test.org.hibernate.test.filter.Product]: org.hibernate.test.filter.Product#31
14:12:30,089 DEBUG BaseGeneralDataRegion:69 - Evicting[hibernate.test.org.hibernate.test.filter.LineItem]: org.hibernate.test.filter.LineItem#21
14:12:30,089 DEBUG BaseGeneralDataRegion:69 - Evicting[hibernate.test.org.hibernate.test.filter.Order]: org.hibernate.test.filter.Order#21
14:12:30,089 DEBUG BaseGeneralDataRegion:69 - Evicting[hibernate.test.org.hibernate.test.filter.Category]: org.hibernate.test.filter.Category#33
14:12:30,089 DEBUG BaseGeneralDataRegion:69 - Evicting[hibernate.test.org.hibernate.test.filter.Product]: org.hibernate.test.filter.Product#32
14:12:30,089 DEBUG BaseGeneralDataRegion:69 - Evicting[hibernate.test.org.hibernate.test.filter.Product]: org.hibernate.test.filter.Product#33
14:12:30,089 DEBUG BaseGeneralDataRegion:69 - Evicting[hibernate.test.org.hibernate.test.filter.LineItem]: org.hibernate.test.filter.LineItem#22
14:12:30,089 DEBUG BaseGeneralDataRegion:69 - Evicting[hibernate.test.org.hibernate.test.filter.Order]: org.hibernate.test.filter.Order#22
14:12:30,089 DEBUG BaseGeneralDataRegion:59 - Caching[hibernate.test.org.hibernate.cache.spi.UpdateTimestampsCache] : [CATEGORY] -> [5579089305964544]
14:12:30,089 DEBUG BaseGeneralDataRegion:59 - Caching[hibernate.test.org.hibernate.cache.spi.UpdateTimestampsCache] : [ORDER_ITEM] -> [5579089305964544]
14:12:30,089 DEBUG BaseGeneralDataRegion:59 - Caching[hibernate.test.org.hibernate.cache.spi.UpdateTimestampsCache] : [SALES_PERSON] -> [5579089305964544]
14:12:30,089 DEBUG BaseGeneralDataRegion:59 - Caching[hibernate.test.org.hibernate.cache.spi.UpdateTimestampsCache] : [T_ORDER] -> [5579089305964544]
14:12:30,090 DEBUG BaseGeneralDataRegion:59 - Caching[hibernate.test.org.hibernate.cache.spi.UpdateTimestampsCache] : [PRODUCT] -> [5579089305964544]
14:12:30,090 DEBUG BaseGeneralDataRegion:59 - Caching[hibernate.test.org.hibernate.cache.spi.UpdateTimestampsCache] : [DEPARTMENT] -> [5579089305964544]
14:12:30,090 DEBUG BaseGeneralDataRegion:59 - Caching[hibernate.test.org.hibernate.cache.spi.UpdateTimestampsCache] : [PROD_CAT] -> [5579089305964544]
14:12:30,090  INFO CustomRunner:139 - Test: testManyToManyBase
14:12:30,091 DEBUG SQL:104 - 
    insert 
    into
        DEPARTMENT
        (DEPT_ID, REG) 
    values
        (null, ?)
14:12:30,092 DEBUG BaseGeneralDataRegion:59 - Caching[hibernate.test.org.hibernate.cache.spi.UpdateTimestampsCache] : [DEPARTMENT] -> [5579089551736832]
14:12:30,092 DEBUG SQL:104 - 
    insert 
    into
        SALES_PERSON
        (SALES_PERSON_ID, NAME, REG, DEPT_ID, "hire dt") 
    values
        (null, ?, ?, ?, ?)
14:12:30,092 DEBUG BaseGeneralDataRegion:59 - Caching[hibernate.test.org.hibernate.cache.spi.UpdateTimestampsCache] : [SALES_PERSON] -> [5579089551736833]
14:12:30,093 DEBUG SQL:104 - 
    insert 
    into
        SALES_PERSON
        (SALES_PERSON_ID, NAME, REG, DEPT_ID, "hire dt") 
    values
        (null, ?, ?, ?, ?)
14:12:30,093 DEBUG BaseGeneralDataRegion:59 - Caching[hibernate.test.org.hibernate.cache.spi.UpdateTimestampsCache] : [SALES_PERSON] -> [5579089551740928]
14:12:30,093 DEBUG SQL:104 - 
    insert 
    into
        PRODUCT
        (PROD_ID, name, STOCK_NUM, weight_kg, eff_start_dt, eff_end_dt) 
    values
        (null, ?, ?, 0.453E0 * ?, ?, ?)
14:12:30,102 DEBUG BaseGeneralDataRegion:59 - Caching[hibernate.test.org.hibernate.cache.spi.UpdateTimestampsCache] : [PRODUCT] -> [5579089551777792]
14:12:30,102 DEBUG SQL:104 - 
    insert 
    into
        CATEGORY
        (CAT_ID, name, eff_start_dt, eff_end_dt) 
    values
        (null, ?, ?, ?)
14:12:30,104 DEBUG BaseGeneralDataRegion:59 - Caching[hibernate.test.org.hibernate.cache.spi.UpdateTimestampsCache] : [CATEGORY] -> [5579089551785984]
14:12:30,104 DEBUG SQL:104 - 
    insert 
    into
        CATEGORY
        (CAT_ID, name, eff_start_dt, eff_end_dt) 
    values
        (null, ?, ?, ?)
14:12:30,104 DEBUG BaseGeneralDataRegion:59 - Caching[hibernate.test.org.hibernate.cache.spi.UpdateTimestampsCache] : [CATEGORY] -> [5579089551785985]
14:12:30,105 DEBUG SQL:104 - 
    insert 
    into
        T_ORDER
        (ORDER_ID, REG, BUYER, "ord dt", "close dt", SALES_PERSON_ID) 
    values
        (null, ?, ?, ?, ?, ?)
14:12:30,105 DEBUG BaseGeneralDataRegion:59 - Caching[hibernate.test.org.hibernate.cache.spi.UpdateTimestampsCache] : [T_ORDER] -> [5579089551790080]
14:12:30,105 DEBUG SQL:104 - 
    insert 
    into
        ORDER_ITEM
        (ITEM_ID, ORDER_ID, SEQ, PRODUCT_ID, AMT) 
    values
        (null, ?, ?, ?, ?)
14:12:30,116 DEBUG BaseGeneralDataRegion:59 - Caching[hibernate.test.org.hibernate.cache.spi.UpdateTimestampsCache] : [ORDER_ITEM] -> [5579089551835136]
14:12:30,117 DEBUG SQL:104 - 
    insert 
    into
        PRODUCT
        (PROD_ID, name, STOCK_NUM, weight_kg, eff_start_dt, eff_end_dt) 
    values
        (null, ?, ?, 0.453E0 * ?, ?, ?)
14:12:30,118 DEBUG BaseGeneralDataRegion:59 - Caching[hibernate.test.org.hibernate.cache.spi.UpdateTimestampsCache] : [PRODUCT] -> [5579089551839232]
14:12:30,118 DEBUG SQL:104 - 
    insert 
    into
        CATEGORY
        (CAT_ID, name, eff_start_dt, eff_end_dt) 
    values
        (null, ?, ?, ?)
14:12:30,118 DEBUG BaseGeneralDataRegion:59 - Caching[hibernate.test.org.hibernate.cache.spi.UpdateTimestampsCache] : [CATEGORY] -> [5579089551843328]
14:12:30,119 DEBUG SQL:104 - 
    insert 
    into
        PRODUCT
        (PROD_ID, name, STOCK_NUM, weight_kg, eff_start_dt, eff_end_dt) 
    values
        (null, ?, ?, 0.453E0 * ?, ?, ?)
14:12:30,119 DEBUG BaseGeneralDataRegion:59 - Caching[hibernate.test.org.hibernate.cache.spi.UpdateTimestampsCache] : [PRODUCT] -> [5579089551847424]
14:12:30,120 DEBUG SQL:104 - 
    insert 
    into
        T_ORDER
        (ORDER_ID, REG, BUYER, "ord dt", "close dt", SALES_PERSON_ID) 
    values
        (null, ?, ?, ?, ?, ?)
14:12:30,127 DEBUG BaseGeneralDataRegion:59 - Caching[hibernate.test.org.hibernate.cache.spi.UpdateTimestampsCache] : [T_ORDER] -> [5579089551880192]
14:12:30,127 DEBUG SQL:104 - 
    insert 
    into
        ORDER_ITEM
        (ITEM_ID, ORDER_ID, SEQ, PRODUCT_ID, AMT) 
    values
        (null, ?, ?, ?, ?)
14:12:30,127 DEBUG BaseGeneralDataRegion:59 - Caching[hibernate.test.org.hibernate.cache.spi.UpdateTimestampsCache] : [ORDER_ITEM] -> [5579089551880193]
14:12:30,128 DEBUG SQL:104 - 
    update
        PRODUCT 
    set
        name=?,
        STOCK_NUM=?,
        weight_kg=0.453E0 * ?,
        eff_start_dt=?,
        eff_end_dt=? 
    where
        PROD_ID=?
14:12:30,128 DEBUG BaseGeneralDataRegion:69 - Evicting[hibernate.test.org.hibernate.test.filter.Product]: org.hibernate.test.filter.Product#34
14:12:30,128 DEBUG BaseGeneralDataRegion:59 - Caching[hibernate.test.org.hibernate.cache.spi.UpdateTimestampsCache] : [PRODUCT] -> [5579089551884288]
14:12:30,129 DEBUG BaseGeneralDataRegion:69 - Evicting[hibernate.test.org.hibernate.test.filter.Department.salespersons]: org.hibernate.test.filter.Department.salespersons#12
14:12:30,129 DEBUG BaseGeneralDataRegion:59 - Caching[hibernate.test.org.hibernate.cache.spi.UpdateTimestampsCache] : [SALES_PERSON] -> [5579089551888384]
14:12:30,129 DEBUG BaseGeneralDataRegion:69 - Evicting[hibernate.test.org.hibernate.test.filter.Salesperson.orders]: org.hibernate.test.filter.Salesperson.orders#27
14:12:30,137 DEBUG BaseGeneralDataRegion:59 - Caching[hibernate.test.org.hibernate.cache.spi.UpdateTimestampsCache] : [T_ORDER] -> [5579089551921152]
14:12:30,138 DEBUG BaseGeneralDataRegion:69 - Evicting[hibernate.test.org.hibernate.test.filter.Salesperson.orders]: org.hibernate.test.filter.Salesperson.orders#28
14:12:30,138 DEBUG BaseGeneralDataRegion:59 - Caching[hibernate.test.org.hibernate.cache.spi.UpdateTimestampsCache] : [T_ORDER] -> [5579089551925248]
14:12:30,138 DEBUG SQL:104 - 
    insert 
    into
        PROD_CAT
        (PROD_ID, CAT_ID) 
    values
        (?, ?)
14:12:30,138 DEBUG SQL:104 - 
    insert 
    into
        PROD_CAT
        (PROD_ID, CAT_ID) 
    values
        (?, ?)
14:12:30,138 DEBUG BaseGeneralDataRegion:69 - Evicting[hibernate.test.org.hibernate.test.filter.Product.categories]: org.hibernate.test.filter.Product.categories#34
14:12:30,138 DEBUG BaseGeneralDataRegion:59 - Caching[hibernate.test.org.hibernate.cache.spi.UpdateTimestampsCache] : [PROD_CAT] -> [5579089551925249]
14:12:30,138 DEBUG BaseGeneralDataRegion:69 - Evicting[hibernate.test.org.hibernate.test.filter.Category.products]: org.hibernate.test.filter.Category.products#34
14:12:30,139 DEBUG BaseGeneralDataRegion:59 - Caching[hibernate.test.org.hibernate.cache.spi.UpdateTimestampsCache] : [PROD_CAT] -> [5579089551929344]
14:12:30,139 DEBUG BaseGeneralDataRegion:69 - Evicting[hibernate.test.org.hibernate.test.filter.Category.products]: org.hibernate.test.filter.Category.products#35
14:12:30,139 DEBUG BaseGeneralDataRegion:59 - Caching[hibernate.test.org.hibernate.cache.spi.UpdateTimestampsCache] : [PROD_CAT] -> [5579089551929345]
14:12:30,139 DEBUG BaseGeneralDataRegion:69 - Evicting[hibernate.test.org.hibernate.test.filter.Order.lineItems]: org.hibernate.test.filter.Order.lineItems#23
14:12:30,139 DEBUG BaseGeneralDataRegion:59 - Caching[hibernate.test.org.hibernate.cache.spi.UpdateTimestampsCache] : [ORDER_ITEM] -> [5579089551929346]
14:12:30,139 DEBUG SQL:104 - 
    insert 
    into
        PROD_CAT
        (PROD_ID, CAT_ID) 
    values
        (?, ?)
14:12:30,147 DEBUG BaseGeneralDataRegion:69 - Evicting[hibernate.test.org.hibernate.test.filter.Product.categories]: org.hibernate.test.filter.Product.categories#35
14:12:30,147 DEBUG BaseGeneralDataRegion:59 - Caching[hibernate.test.org.hibernate.cache.spi.UpdateTimestampsCache] : [PROD_CAT] -> [5579089551962112]
14:12:30,147 DEBUG BaseGeneralDataRegion:69 - Evicting[hibernate.test.org.hibernate.test.filter.Category.products]: org.hibernate.test.filter.Category.products#36
14:12:30,147 DEBUG BaseGeneralDataRegion:59 - Caching[hibernate.test.org.hibernate.cache.spi.UpdateTimestampsCache] : [PROD_CAT] -> [5579089551962113]
14:12:30,147 DEBUG BaseGeneralDataRegion:69 - Evicting[hibernate.test.org.hibernate.test.filter.Order.lineItems]: org.hibernate.test.filter.Order.lineItems#24
14:12:30,148 DEBUG BaseGeneralDataRegion:59 - Caching[hibernate.test.org.hibernate.cache.spi.UpdateTimestampsCache] : [ORDER_ITEM] -> [5579089551966208]
14:12:30,148 DEBUG BaseGeneralDataRegion:69 - Evicting[hibernate.test.org.hibernate.test.filter.Product]: org.hibernate.test.filter.Product#34
14:12:30,148 DEBUG BaseGeneralDataRegion:69 - Evicting[hibernate.test.org.hibernate.test.filter.Department.salespersons]: org.hibernate.test.filter.Department.salespersons#12
14:12:30,148 DEBUG BaseGeneralDataRegion:69 - Evicting[hibernate.test.org.hibernate.test.filter.Salesperson.orders]: org.hibernate.test.filter.Salesperson.orders#27
14:12:30,148 DEBUG BaseGeneralDataRegion:69 - Evicting[hibernate.test.org.hibernate.test.filter.Salesperson.orders]: org.hibernate.test.filter.Salesperson.orders#28
14:12:30,148 DEBUG BaseGeneralDataRegion:69 - Evicting[hibernate.test.org.hibernate.test.filter.Product.categories]: org.hibernate.test.filter.Product.categories#34
14:12:30,148 DEBUG BaseGeneralDataRegion:69 - Evicting[hibernate.test.org.hibernate.test.filter.Category.products]: org.hibernate.test.filter.Category.products#34
14:12:30,148 DEBUG BaseGeneralDataRegion:69 - Evicting[hibernate.test.org.hibernate.test.filter.Category.products]: org.hibernate.test.filter.Category.products#35
14:12:30,148 DEBUG BaseGeneralDataRegion:69 - Evicting[hibernate.test.org.hibernate.test.filter.Order.lineItems]: org.hibernate.test.filter.Order.lineItems#23
14:12:30,148 DEBUG BaseGeneralDataRegion:69 - Evicting[hibernate.test.org.hibernate.test.filter.Product.categories]: org.hibernate.test.filter.Product.categories#35
14:12:30,149 DEBUG BaseGeneralDataRegion:69 - Evicting[hibernate.test.org.hibernate.test.filter.Category.products]: org.hibernate.test.filter.Category.products#36
14:12:30,149 DEBUG BaseGeneralDataRegion:69 - Evicting[hibernate.test.org.hibernate.test.filter.Order.lineItems]: org.hibernate.test.filter.Order.lineItems#24
14:12:30,149 DEBUG BaseGeneralDataRegion:59 - Caching[hibernate.test.org.hibernate.cache.spi.UpdateTimestampsCache] : [ORDER_ITEM] -> [5579089306210304]
14:12:30,149 DEBUG BaseGeneralDataRegion:59 - Caching[hibernate.test.org.hibernate.cache.spi.UpdateTimestampsCache] : [CATEGORY] -> [5579089306210304]
14:12:30,149 DEBUG BaseGeneralDataRegion:59 - Caching[hibernate.test.org.hibernate.cache.spi.UpdateTimestampsCache] : [SALES_PERSON] -> [5579089306210304]
14:12:30,149 DEBUG BaseGeneralDataRegion:59 - Caching[hibernate.test.org.hibernate.cache.spi.UpdateTimestampsCache] : [T_ORDER] -> [5579089306210304]
14:12:30,149 DEBUG BaseGeneralDataRegion:59 - Caching[hibernate.test.org.hibernate.cache.spi.UpdateTimestampsCache] : [PRODUCT] -> [5579089306210304]
14:12:30,149 DEBUG BaseGeneralDataRegion:59 - Caching[hibernate.test.org.hibernate.cache.spi.UpdateTimestampsCache] : [DEPARTMENT] -> [5579089306210304]
14:12:30,149 DEBUG BaseGeneralDataRegion:59 - Caching[hibernate.test.org.hibernate.cache.spi.UpdateTimestampsCache] : [PROD_CAT] -> [5579089306210304]
14:12:30,150 DEBUG BaseGeneralDataRegion:46 - Cache[hibernate.test.org.hibernate.test.filter.Product] lookup : key[org.hibernate.test.filter.Product#34]
14:12:30,157 DEBUG SQL:104 - 
    select
        product0_.PROD_ID as PROD1_3_1_,
        product0_.name as name3_1_,
        product0_.STOCK_NUM as STOCK3_3_1_,
        product0_.weight_kg / 0.453E0 as weight4_3_1_,
        product0_.eff_start_dt as eff5_3_1_,
        product0_.eff_end_dt as eff6_3_1_,
        categories1_.PROD_ID as PROD1_3_3_,
        category2_.CAT_ID as CAT2_4_3_,
        category2_.CAT_ID as CAT1_0_0_,
        category2_.name as name0_0_,
        category2_.eff_start_dt as eff3_0_0_,
        category2_.eff_end_dt as eff4_0_0_ 
    from
        PRODUCT product0_ 
    left outer join
        PROD_CAT categories1_ 
            on product0_.PROD_ID=categories1_.PROD_ID 
    left outer join
        CATEGORY category2_ 
            on categories1_.CAT_ID=category2_.CAT_ID 
    where
        product0_.PROD_ID=?
14:12:30,158 DEBUG BaseRegionAccessStrategy:66 - Caching: org.hibernate.test.filter.Category#34
14:12:30,159 DEBUG BaseGeneralDataRegion:59 - Caching[hibernate.test.org.hibernate.test.filter.Category] : [org.hibernate.test.filter.Category#34] -> [CacheEntry(org.hibernate.test.filter.Category)[test cat 1,2013-01-28 14:12:30.091,2013-03-28 14:12:30.091,34]]
14:12:30,159 DEBUG BaseRegionAccessStrategy:66 - Caching: org.hibernate.test.filter.Product#34
14:12:30,159 DEBUG BaseGeneralDataRegion:59 - Caching[hibernate.test.org.hibernate.test.filter.Product] : [org.hibernate.test.filter.Product#34] -> [CacheEntry(org.hibernate.test.filter.Product)[Acme Hair Gel,123,10.0,2013-01-28 14:12:30.091,2013-03-28 14:12:30.091,34,34]]
14:12:30,159 DEBUG BaseRegionAccessStrategy:66 - Caching: org.hibernate.test.filter.Category#35
14:12:30,159 DEBUG BaseGeneralDataRegion:59 - Caching[hibernate.test.org.hibernate.test.filter.Category] : [org.hibernate.test.filter.Category#35] -> [CacheEntry(org.hibernate.test.filter.Category)[test cat 2,2012-08-28 14:12:30.091,2012-10-28 14:12:30.091,35]]
14:12:30,168 DEBUG BaseRegionAccessStrategy:66 - Caching: org.hibernate.test.filter.Product.categories#34
14:12:30,169 DEBUG BaseGeneralDataRegion:59 - Caching[hibernate.test.org.hibernate.test.filter.Product.categories] : [org.hibernate.test.filter.Product.categories#34] -> [CollectionCacheEntry[34,35]]
 ===> test cat 1
 ===> test cat 2
14:12:30,170 DEBUG SQL:104 - 
    update
        SALES_PERSON 
    set
        NAME=?,
        REG=?,
        DEPT_ID=?,
        "hire dt"=? 
    where
        SALES_PERSON_ID=?
14:12:30,171 DEBUG BaseGeneralDataRegion:69 - Evicting[hibernate.test.org.hibernate.test.filter.Salesperson]: org.hibernate.test.filter.Salesperson#27
14:12:30,171 DEBUG BaseGeneralDataRegion:59 - Caching[hibernate.test.org.hibernate.cache.spi.UpdateTimestampsCache] : [SALES_PERSON] -> [5579089552060416]
14:12:30,171 DEBUG SQL:104 - 
    update
        SALES_PERSON 
    set
        NAME=?,
        REG=?,
        DEPT_ID=?,
        "hire dt"=? 
    where
        SALES_PERSON_ID=?
14:12:30,171 DEBUG BaseGeneralDataRegion:69 - Evicting[hibernate.test.org.hibernate.test.filter.Salesperson]: org.hibernate.test.filter.Salesperson#28
14:12:30,172 DEBUG BaseGeneralDataRegion:59 - Caching[hibernate.test.org.hibernate.cache.spi.UpdateTimestampsCache] : [SALES_PERSON] -> [5579089552060417]
14:12:30,172 DEBUG SQL:104 - 
    update
        T_ORDER 
    set
        REG=?,
        BUYER=?,
        "ord dt"=?,
        "close dt"=?,
        SALES_PERSON_ID=? 
    where
        ORDER_ID=?
14:12:30,172 DEBUG BaseGeneralDataRegion:69 - Evicting[hibernate.test.org.hibernate.test.filter.Order]: org.hibernate.test.filter.Order#23
14:12:30,172 DEBUG BaseGeneralDataRegion:59 - Caching[hibernate.test.org.hibernate.cache.spi.UpdateTimestampsCache] : [T_ORDER] -> [5579089552064512]
14:12:30,172 DEBUG SQL:104 - 
    update
        ORDER_ITEM 
    set
        ORDER_ID=?,
        SEQ=?,
        PRODUCT_ID=?,
        AMT=? 
    where
        ITEM_ID=?
14:12:30,172 DEBUG BaseGeneralDataRegion:69 - Evicting[hibernate.test.org.hibernate.test.filter.LineItem]: org.hibernate.test.filter.LineItem#23
14:12:30,172 DEBUG BaseGeneralDataRegion:59 - Caching[hibernate.test.org.hibernate.cache.spi.UpdateTimestampsCache] : [ORDER_ITEM] -> [5579089552064513]
14:12:30,173 DEBUG SQL:104 - 
    update
        T_ORDER 
    set
        REG=?,
        BUYER=?,
        "ord dt"=?,
        "close dt"=?,
        SALES_PERSON_ID=? 
    where
        ORDER_ID=?
14:12:30,180 DEBUG BaseGeneralDataRegion:69 - Evicting[hibernate.test.org.hibernate.test.filter.Order]: org.hibernate.test.filter.Order#24
14:12:30,181 DEBUG BaseGeneralDataRegion:59 - Caching[hibernate.test.org.hibernate.cache.spi.UpdateTimestampsCache] : [T_ORDER] -> [5579089552101376]
14:12:30,181 DEBUG SQL:104 - 
    update
        ORDER_ITEM 
    set
        ORDER_ID=?,
        SEQ=?,
        PRODUCT_ID=?,
        AMT=? 
    where
        ITEM_ID=?
14:12:30,181 DEBUG BaseGeneralDataRegion:69 - Evicting[hibernate.test.org.hibernate.test.filter.LineItem]: org.hibernate.test.filter.LineItem#24
14:12:30,181 DEBUG BaseGeneralDataRegion:59 - Caching[hibernate.test.org.hibernate.cache.spi.UpdateTimestampsCache] : [ORDER_ITEM] -> [5579089552101377]
14:12:30,181 DEBUG BaseGeneralDataRegion:69 - Evicting[hibernate.test.org.hibernate.test.filter.Product.orderLineItems]: org.hibernate.test.filter.Product.orderLineItems#34
14:12:30,181 DEBUG BaseGeneralDataRegion:59 - Caching[hibernate.test.org.hibernate.cache.spi.UpdateTimestampsCache] : [ORDER_ITEM] -> [5579089552101378]
14:12:30,181 DEBUG BaseGeneralDataRegion:69 - Evicting[hibernate.test.org.hibernate.test.filter.Product.orderLineItems]: org.hibernate.test.filter.Product.orderLineItems#35
14:12:30,182 DEBUG BaseGeneralDataRegion:59 - Caching[hibernate.test.org.hibernate.cache.spi.UpdateTimestampsCache] : [ORDER_ITEM] -> [5579089552105472]
14:12:30,182 DEBUG BaseGeneralDataRegion:69 - Evicting[hibernate.test.org.hibernate.test.filter.Product.orderLineItems]: org.hibernate.test.filter.Product.orderLineItems#36
14:12:30,182 DEBUG BaseGeneralDataRegion:59 - Caching[hibernate.test.org.hibernate.cache.spi.UpdateTimestampsCache] : [ORDER_ITEM] -> [5579089552105473]
14:12:30,182 DEBUG SQL:104 - 
    delete 
    from
        PROD_CAT 
    where
        PROD_ID=?
14:12:30,191 DEBUG BaseGeneralDataRegion:69 - Evicting[hibernate.test.org.hibernate.test.filter.Product.categories]: org.hibernate.test.filter.Product.categories#36
14:12:30,191 DEBUG BaseGeneralDataRegion:59 - Caching[hibernate.test.org.hibernate.cache.spi.UpdateTimestampsCache] : [PROD_CAT] -> [5579089552142336]
14:12:30,191 DEBUG BaseGeneralDataRegion:69 - Evicting[hibernate.test.org.hibernate.test.filter.Department.salespersons]: org.hibernate.test.filter.Department.salespersons#12
14:12:30,191 DEBUG BaseGeneralDataRegion:59 - Caching[hibernate.test.org.hibernate.cache.spi.UpdateTimestampsCache] : [SALES_PERSON] -> [5579089552142337]
14:12:30,191 DEBUG BaseGeneralDataRegion:69 - Evicting[hibernate.test.org.hibernate.test.filter.Salesperson.orders]: org.hibernate.test.filter.Salesperson.orders#27
14:12:30,191 DEBUG BaseGeneralDataRegion:59 - Caching[hibernate.test.org.hibernate.cache.spi.UpdateTimestampsCache] : [T_ORDER] -> [5579089552142338]
14:12:30,191 DEBUG BaseGeneralDataRegion:69 - Evicting[hibernate.test.org.hibernate.test.filter.Salesperson.orders]: org.hibernate.test.filter.Salesperson.orders#28
14:12:30,191 DEBUG BaseGeneralDataRegion:59 - Caching[hibernate.test.org.hibernate.cache.spi.UpdateTimestampsCache] : [T_ORDER] -> [5579089552142339]
14:12:30,192 DEBUG SQL:104 - 
    delete 
    from
        PROD_CAT 
    where
        PROD_ID=?
14:12:30,192 DEBUG BaseGeneralDataRegion:69 - Evicting[hibernate.test.org.hibernate.test.filter.Product.categories]: org.hibernate.test.filter.Product.categories#34
14:12:30,192 DEBUG BaseGeneralDataRegion:59 - Caching[hibernate.test.org.hibernate.cache.spi.UpdateTimestampsCache] : [PROD_CAT] -> [5579089552146432]
14:12:30,192 DEBUG BaseGeneralDataRegion:69 - Evicting[hibernate.test.org.hibernate.test.filter.Category.products]: org.hibernate.test.filter.Category.products#34
14:12:30,192 DEBUG BaseGeneralDataRegion:59 - Caching[hibernate.test.org.hibernate.cache.spi.UpdateTimestampsCache] : [PROD_CAT] -> [5579089552146433]
14:12:30,192 DEBUG BaseGeneralDataRegion:69 - Evicting[hibernate.test.org.hibernate.test.filter.Category.products]: org.hibernate.test.filter.Category.products#35
14:12:30,192 DEBUG BaseGeneralDataRegion:59 - Caching[hibernate.test.org.hibernate.cache.spi.UpdateTimestampsCache] : [PROD_CAT] -> [5579089552146434]
14:12:30,192 DEBUG BaseGeneralDataRegion:69 - Evicting[hibernate.test.org.hibernate.test.filter.Order.lineItems]: org.hibernate.test.filter.Order.lineItems#23
14:12:30,192 DEBUG BaseGeneralDataRegion:59 - Caching[hibernate.test.org.hibernate.cache.spi.UpdateTimestampsCache] : [ORDER_ITEM] -> [5579089552146435]
14:12:30,193 DEBUG SQL:104 - 
    delete 
    from
        PROD_CAT 
    where
        PROD_ID=?
14:12:30,193 DEBUG BaseGeneralDataRegion:69 - Evicting[hibernate.test.org.hibernate.test.filter.Product.categories]: org.hibernate.test.filter.Product.categories#35
14:12:30,193 DEBUG BaseGeneralDataRegion:59 - Caching[hibernate.test.org.hibernate.cache.spi.UpdateTimestampsCache] : [PROD_CAT] -> [5579089552150528]
14:12:30,193 DEBUG BaseGeneralDataRegion:69 - Evicting[hibernate.test.org.hibernate.test.filter.Category.products]: org.hibernate.test.filter.Category.products#36
14:12:30,193 DEBUG BaseGeneralDataRegion:59 - Caching[hibernate.test.org.hibernate.cache.spi.UpdateTimestampsCache] : [PROD_CAT] -> [5579089552150529]
14:12:30,193 DEBUG BaseGeneralDataRegion:69 - Evicting[hibernate.test.org.hibernate.test.filter.Order.lineItems]: org.hibernate.test.filter.Order.lineItems#24
14:12:30,193 DEBUG BaseGeneralDataRegion:59 - Caching[hibernate.test.org.hibernate.cache.spi.UpdateTimestampsCache] : [ORDER_ITEM] -> [5579089552150530]
14:12:30,193 DEBUG SQL:104 - 
    delete 
    from
        DEPARTMENT 
    where
        DEPT_ID=?
14:12:30,212 DEBUG BaseGeneralDataRegion:69 - Evicting[hibernate.test.org.hibernate.test.filter.Department]: org.hibernate.test.filter.Department#12
14:12:30,212 DEBUG BaseGeneralDataRegion:59 - Caching[hibernate.test.org.hibernate.cache.spi.UpdateTimestampsCache] : [DEPARTMENT] -> [5579089552228352]
14:12:30,212 DEBUG SQL:104 - 
    delete 
    from
        SALES_PERSON 
    where
        SALES_PERSON_ID=?
14:12:30,213 DEBUG BaseGeneralDataRegion:69 - Evicting[hibernate.test.org.hibernate.test.filter.Salesperson]: org.hibernate.test.filter.Salesperson#27
14:12:30,213 DEBUG BaseGeneralDataRegion:59 - Caching[hibernate.test.org.hibernate.cache.spi.UpdateTimestampsCache] : [SALES_PERSON] -> [5579089552232448]
14:12:30,213 DEBUG SQL:104 - 
    delete 
    from
        SALES_PERSON 
    where
        SALES_PERSON_ID=?
14:12:30,213 DEBUG BaseGeneralDataRegion:69 - Evicting[hibernate.test.org.hibernate.test.filter.Salesperson]: org.hibernate.test.filter.Salesperson#28
14:12:30,213 DEBUG BaseGeneralDataRegion:59 - Caching[hibernate.test.org.hibernate.cache.spi.UpdateTimestampsCache] : [SALES_PERSON] -> [5579089552232449]
14:12:30,213 DEBUG SQL:104 - 
    delete 
    from
        CATEGORY 
    where
        CAT_ID=?
14:12:30,213 DEBUG BaseGeneralDataRegion:69 - Evicting[hibernate.test.org.hibernate.test.filter.Category]: org.hibernate.test.filter.Category#34
14:12:30,214 DEBUG BaseGeneralDataRegion:59 - Caching[hibernate.test.org.hibernate.cache.spi.UpdateTimestampsCache] : [CATEGORY] -> [5579089552236544]
14:12:30,214 DEBUG SQL:104 - 
    delete 
    from
        CATEGORY 
    where
        CAT_ID=?
14:12:30,221 DEBUG BaseGeneralDataRegion:69 - Evicting[hibernate.test.org.hibernate.test.filter.Category]: org.hibernate.test.filter.Category#35
14:12:30,221 DEBUG BaseGeneralDataRegion:59 - Caching[hibernate.test.org.hibernate.cache.spi.UpdateTimestampsCache] : [CATEGORY] -> [5579089552265216]
14:12:30,221 DEBUG SQL:104 - 
    delete 
    from
        PRODUCT 
    where
        PROD_ID=?
14:12:30,221 DEBUG BaseGeneralDataRegion:69 - Evicting[hibernate.test.org.hibernate.test.filter.Product]: org.hibernate.test.filter.Product#34
14:12:30,221 DEBUG BaseGeneralDataRegion:59 - Caching[hibernate.test.org.hibernate.cache.spi.UpdateTimestampsCache] : [PRODUCT] -> [5579089552265217]
14:12:30,222 DEBUG SQL:104 - 
    delete 
    from
        ORDER_ITEM 
    where
        ITEM_ID=?
14:12:30,222 DEBUG BaseGeneralDataRegion:69 - Evicting[hibernate.test.org.hibernate.test.filter.LineItem]: org.hibernate.test.filter.LineItem#23
14:12:30,222 DEBUG BaseGeneralDataRegion:59 - Caching[hibernate.test.org.hibernate.cache.spi.UpdateTimestampsCache] : [ORDER_ITEM] -> [5579089552269312]
14:12:30,222 DEBUG SQL:104 - 
    delete 
    from
        T_ORDER 
    where
        ORDER_ID=?
14:12:30,222 DEBUG BaseGeneralDataRegion:69 - Evicting[hibernate.test.org.hibernate.test.filter.Order]: org.hibernate.test.filter.Order#23
14:12:30,222 DEBUG BaseGeneralDataRegion:59 - Caching[hibernate.test.org.hibernate.cache.spi.UpdateTimestampsCache] : [T_ORDER] -> [5579089552269313]
14:12:30,222 DEBUG SQL:104 - 
    delete 
    from
        CATEGORY 
    where
        CAT_ID=?
14:12:30,232 DEBUG BaseGeneralDataRegion:69 - Evicting[hibernate.test.org.hibernate.test.filter.Category]: org.hibernate.test.filter.Category#36
14:12:30,232 DEBUG BaseGeneralDataRegion:59 - Caching[hibernate.test.org.hibernate.cache.spi.UpdateTimestampsCache] : [CATEGORY] -> [5579089552310272]
14:12:30,232 DEBUG SQL:104 - 
    delete 
    from
        PRODUCT 
    where
        PROD_ID=?
14:12:30,232 DEBUG BaseGeneralDataRegion:69 - Evicting[hibernate.test.org.hibernate.test.filter.Product]: org.hibernate.test.filter.Product#35
14:12:30,232 DEBUG BaseGeneralDataRegion:59 - Caching[hibernate.test.org.hibernate.cache.spi.UpdateTimestampsCache] : [PRODUCT] -> [5579089552310273]
14:12:30,233 DEBUG SQL:104 - 
    delete 
    from
        PRODUCT 
    where
        PROD_ID=?
14:12:30,233 DEBUG BaseGeneralDataRegion:69 - Evicting[hibernate.test.org.hibernate.test.filter.Product]: org.hibernate.test.filter.Product#36
14:12:30,233 DEBUG BaseGeneralDataRegion:59 - Caching[hibernate.test.org.hibernate.cache.spi.UpdateTimestampsCache] : [PRODUCT] -> [5579089552314368]
14:12:30,233 DEBUG SQL:104 - 
    delete 
    from
        ORDER_ITEM 
    where
        ITEM_ID=?
14:12:30,233 DEBUG BaseGeneralDataRegion:69 - Evicting[hibernate.test.org.hibernate.test.filter.LineItem]: org.hibernate.test.filter.LineItem#24
14:12:30,233 DEBUG BaseGeneralDataRegion:59 - Caching[hibernate.test.org.hibernate.cache.spi.UpdateTimestampsCache] : [ORDER_ITEM] -> [5579089552314369]
14:12:30,241 DEBUG SQL:104 - 
    delete 
    from
        T_ORDER 
    where
        ORDER_ID=?
14:12:30,241 DEBUG BaseGeneralDataRegion:69 - Evicting[hibernate.test.org.hibernate.test.filter.Order]: org.hibernate.test.filter.Order#24
14:12:30,242 DEBUG BaseGeneralDataRegion:59 - Caching[hibernate.test.org.hibernate.cache.spi.UpdateTimestampsCache] : [T_ORDER] -> [5579089552351232]
14:12:30,242 DEBUG BaseGeneralDataRegion:69 - Evicting[hibernate.test.org.hibernate.test.filter.Salesperson]: org.hibernate.test.filter.Salesperson#27
14:12:30,242 DEBUG BaseGeneralDataRegion:69 - Evicting[hibernate.test.org.hibernate.test.filter.Salesperson]: org.hibernate.test.filter.Salesperson#28
14:12:30,242 DEBUG BaseGeneralDataRegion:69 - Evicting[hibernate.test.org.hibernate.test.filter.Order]: org.hibernate.test.filter.Order#23
14:12:30,242 DEBUG BaseGeneralDataRegion:69 - Evicting[hibernate.test.org.hibernate.test.filter.LineItem]: org.hibernate.test.filter.LineItem#23
14:12:30,242 DEBUG BaseGeneralDataRegion:69 - Evicting[hibernate.test.org.hibernate.test.filter.Order]: org.hibernate.test.filter.Order#24
14:12:30,242 DEBUG BaseGeneralDataRegion:69 - Evicting[hibernate.test.org.hibernate.test.filter.LineItem]: org.hibernate.test.filter.LineItem#24
14:12:30,242 DEBUG BaseGeneralDataRegion:69 - Evicting[hibernate.test.org.hibernate.test.filter.Product.orderLineItems]: org.hibernate.test.filter.Product.orderLineItems#34
14:12:30,242 DEBUG BaseGeneralDataRegion:69 - Evicting[hibernate.test.org.hibernate.test.filter.Product.orderLineItems]: org.hibernate.test.filter.Product.orderLineItems#35
14:12:30,243 DEBUG BaseGeneralDataRegion:69 - Evicting[hibernate.test.org.hibernate.test.filter.Product.orderLineItems]: org.hibernate.test.filter.Product.orderLineItems#36
14:12:30,243 DEBUG BaseGeneralDataRegion:69 - Evicting[hibernate.test.org.hibernate.test.filter.Product.categories]: org.hibernate.test.filter.Product.categories#36
14:12:30,243 DEBUG BaseGeneralDataRegion:69 - Evicting[hibernate.test.org.hibernate.test.filter.Department.salespersons]: org.hibernate.test.filter.Department.salespersons#12
14:12:30,243 DEBUG BaseGeneralDataRegion:69 - Evicting[hibernate.test.org.hibernate.test.filter.Salesperson.orders]: org.hibernate.test.filter.Salesperson.orders#27
14:12:30,243 DEBUG BaseGeneralDataRegion:69 - Evicting[hibernate.test.org.hibernate.test.filter.Salesperson.orders]: org.hibernate.test.filter.Salesperson.orders#28
14:12:30,243 DEBUG BaseGeneralDataRegion:69 - Evicting[hibernate.test.org.hibernate.test.filter.Product.categories]: org.hibernate.test.filter.Product.categories#34
14:12:30,243 DEBUG BaseGeneralDataRegion:69 - Evicting[hibernate.test.org.hibernate.test.filter.Category.products]: org.hibernate.test.filter.Category.products#34
14:12:30,243 DEBUG BaseGeneralDataRegion:69 - Evicting[hibernate.test.org.hibernate.test.filter.Category.products]: org.hibernate.test.filter.Category.products#35
14:12:30,243 DEBUG BaseGeneralDataRegion:69 - Evicting[hibernate.test.org.hibernate.test.filter.Order.lineItems]: org.hibernate.test.filter.Order.lineItems#23
14:12:30,243 DEBUG BaseGeneralDataRegion:69 - Evicting[hibernate.test.org.hibernate.test.filter.Product.categories]: org.hibernate.test.filter.Product.categories#35
14:12:30,243 DEBUG BaseGeneralDataRegion:69 - Evicting[hibernate.test.org.hibernate.test.filter.Category.products]: org.hibernate.test.filter.Category.products#36
14:12:30,243 DEBUG BaseGeneralDataRegion:69 - Evicting[hibernate.test.org.hibernate.test.filter.Order.lineItems]: org.hibernate.test.filter.Order.lineItems#24
14:12:30,244 DEBUG BaseGeneralDataRegion:69 - Evicting[hibernate.test.org.hibernate.test.filter.Department]: org.hibernate.test.filter.Department#12
14:12:30,250 DEBUG BaseGeneralDataRegion:69 - Evicting[hibernate.test.org.hibernate.test.filter.Salesperson]: org.hibernate.test.filter.Salesperson#27
14:12:30,251 DEBUG BaseGeneralDataRegion:69 - Evicting[hibernate.test.org.hibernate.test.filter.Salesperson]: org.hibernate.test.filter.Salesperson#28
14:12:30,251 DEBUG BaseGeneralDataRegion:69 - Evicting[hibernate.test.org.hibernate.test.filter.Category]: org.hibernate.test.filter.Category#34
14:12:30,251 DEBUG BaseGeneralDataRegion:69 - Evicting[hibernate.test.org.hibernate.test.filter.Category]: org.hibernate.test.filter.Category#35
14:12:30,251 DEBUG BaseGeneralDataRegion:69 - Evicting[hibernate.test.org.hibernate.test.filter.Product]: org.hibernate.test.filter.Product#34
14:12:30,251 DEBUG BaseGeneralDataRegion:69 - Evicting[hibernate.test.org.hibernate.test.filter.LineItem]: org.hibernate.test.filter.LineItem#23
14:12:30,251 DEBUG BaseGeneralDataRegion:69 - Evicting[hibernate.test.org.hibernate.test.filter.Order]: org.hibernate.test.filter.Order#23
14:12:30,251 DEBUG BaseGeneralDataRegion:69 - Evicting[hibernate.test.org.hibernate.test.filter.Category]: org.hibernate.test.filter.Category#36
14:12:30,251 DEBUG BaseGeneralDataRegion:69 - Evicting[hibernate.test.org.hibernate.test.filter.Product]: org.hibernate.test.filter.Product#35
14:12:30,251 DEBUG BaseGeneralDataRegion:69 - Evicting[hibernate.test.org.hibernate.test.filter.Product]: org.hibernate.test.filter.Product#36
14:12:30,251 DEBUG BaseGeneralDataRegion:69 - Evicting[hibernate.test.org.hibernate.test.filter.LineItem]: org.hibernate.test.filter.LineItem#24
14:12:30,252 DEBUG BaseGeneralDataRegion:69 - Evicting[hibernate.test.org.hibernate.test.filter.Order]: org.hibernate.test.filter.Order#24
14:12:30,252 DEBUG BaseGeneralDataRegion:59 - Caching[hibernate.test.org.hibernate.cache.spi.UpdateTimestampsCache] : [CATEGORY] -> [5579089306632192]
14:12:30,252 DEBUG BaseGeneralDataRegion:59 - Caching[hibernate.test.org.hibernate.cache.spi.UpdateTimestampsCache] : [ORDER_ITEM] -> [5579089306632192]
14:12:30,252 DEBUG BaseGeneralDataRegion:59 - Caching[hibernate.test.org.hibernate.cache.spi.UpdateTimestampsCache] : [SALES_PERSON] -> [5579089306632192]
14:12:30,252 DEBUG BaseGeneralDataRegion:59 - Caching[hibernate.test.org.hibernate.cache.spi.UpdateTimestampsCache] : [T_ORDER] -> [5579089306632192]
14:12:30,252 DEBUG BaseGeneralDataRegion:59 - Caching[hibernate.test.org.hibernate.cache.spi.UpdateTimestampsCache] : [PRODUCT] -> [5579089306632192]
14:12:30,252 DEBUG BaseGeneralDataRegion:59 - Caching[hibernate.test.org.hibernate.cache.spi.UpdateTimestampsCache] : [DEPARTMENT] -> [5579089306632192]
14:12:30,252 DEBUG BaseGeneralDataRegion:59 - Caching[hibernate.test.org.hibernate.cache.spi.UpdateTimestampsCache] : [PROD_CAT] -> [5579089306632192]
14:12:30,253  INFO CustomRunner:139 - Test: testManyToManyBaseThruCriteria
14:12:30,254 DEBUG SQL:104 - 
    insert 
    into
        DEPARTMENT
        (DEPT_ID, REG) 
    values
        (null, ?)
14:12:30,264 DEBUG BaseGeneralDataRegion:59 - Caching[hibernate.test.org.hibernate.cache.spi.UpdateTimestampsCache] : [DEPARTMENT] -> [5579089552441344]
14:12:30,264 DEBUG SQL:104 - 
    insert 
    into
        SALES_PERSON
        (SALES_PERSON_ID, NAME, REG, DEPT_ID, "hire dt") 
    values
        (null, ?, ?, ?, ?)
14:12:30,265 DEBUG BaseGeneralDataRegion:59 - Caching[hibernate.test.org.hibernate.cache.spi.UpdateTimestampsCache] : [SALES_PERSON] -> [5579089552445440]
14:12:30,265 DEBUG SQL:104 - 
    insert 
    into
        SALES_PERSON
        (SALES_PERSON_ID, NAME, REG, DEPT_ID, "hire dt") 
    values
        (null, ?, ?, ?, ?)
14:12:30,265 DEBUG BaseGeneralDataRegion:59 - Caching[hibernate.test.org.hibernate.cache.spi.UpdateTimestampsCache] : [SALES_PERSON] -> [5579089552445441]
14:12:30,265 DEBUG SQL:104 - 
    insert 
    into
        PRODUCT
        (PROD_ID, name, STOCK_NUM, weight_kg, eff_start_dt, eff_end_dt) 
    values
        (null, ?, ?, 0.453E0 * ?, ?, ?)
14:12:30,266 DEBUG BaseGeneralDataRegion:59 - Caching[hibernate.test.org.hibernate.cache.spi.UpdateTimestampsCache] : [PRODUCT] -> [5579089552449536]
14:12:30,266 DEBUG SQL:104 - 
    insert 
    into
        CATEGORY
        (CAT_ID, name, eff_start_dt, eff_end_dt) 
    values
        (null, ?, ?, ?)
14:12:30,266 DEBUG BaseGeneralDataRegion:59 - Caching[hibernate.test.org.hibernate.cache.spi.UpdateTimestampsCache] : [CATEGORY] -> [5579089552449537]
14:12:30,266 DEBUG SQL:104 - 
    insert 
    into
        CATEGORY
        (CAT_ID, name, eff_start_dt, eff_end_dt) 
    values
        (null, ?, ?, ?)
14:12:30,267 DEBUG BaseGeneralDataRegion:59 - Caching[hibernate.test.org.hibernate.cache.spi.UpdateTimestampsCache] : [CATEGORY] -> [5579089552453632]
14:12:30,267 DEBUG SQL:104 - 
    insert 
    into
        T_ORDER
        (ORDER_ID, REG, BUYER, "ord dt", "close dt", SALES_PERSON_ID) 
    values
        (null, ?, ?, ?, ?, ?)
14:12:30,267 DEBUG BaseGeneralDataRegion:59 - Caching[hibernate.test.org.hibernate.cache.spi.UpdateTimestampsCache] : [T_ORDER] -> [5579089552453633]
14:12:30,267 DEBUG SQL:104 - 
    insert 
    into
        ORDER_ITEM
        (ITEM_ID, ORDER_ID, SEQ, PRODUCT_ID, AMT) 
    values
        (null, ?, ?, ?, ?)
14:12:30,268 DEBUG BaseGeneralDataRegion:59 - Caching[hibernate.test.org.hibernate.cache.spi.UpdateTimestampsCache] : [ORDER_ITEM] -> [5579089552457728]
14:12:30,268 DEBUG SQL:104 - 
    insert 
    into
        PRODUCT
        (PROD_ID, name, STOCK_NUM, weight_kg, eff_start_dt, eff_end_dt) 
    values
        (null, ?, ?, 0.453E0 * ?, ?, ?)
14:12:30,268 DEBUG BaseGeneralDataRegion:59 - Caching[hibernate.test.org.hibernate.cache.spi.UpdateTimestampsCache] : [PRODUCT] -> [5579089552457729]
14:12:30,268 DEBUG SQL:104 - 
    insert 
    into
        CATEGORY
        (CAT_ID, name, eff_start_dt, eff_end_dt) 
    values
        (null, ?, ?, ?)
14:12:30,287 DEBUG BaseGeneralDataRegion:59 - Caching[hibernate.test.org.hibernate.cache.spi.UpdateTimestampsCache] : [CATEGORY] -> [5579089552535552]
14:12:30,288 DEBUG SQL:104 - 
    insert 
    into
        PRODUCT
        (PROD_ID, name, STOCK_NUM, weight_kg, eff_start_dt, eff_end_dt) 
    values
        (null, ?, ?, 0.453E0 * ?, ?, ?)
14:12:30,288 DEBUG BaseGeneralDataRegion:59 - Caching[hibernate.test.org.hibernate.cache.spi.UpdateTimestampsCache] : [PRODUCT] -> [5579089552539648]
14:12:30,288 DEBUG SQL:104 - 
    insert 
    into
        T_ORDER
        (ORDER_ID, REG, BUYER, "ord dt", "close dt", SALES_PERSON_ID) 
    values
        (null, ?, ?, ?, ?, ?)
14:12:30,289 DEBUG BaseGeneralDataRegion:59 - Caching[hibernate.test.org.hibernate.cache.spi.UpdateTimestampsCache] : [T_ORDER] -> [5579089552543744]
14:12:30,289 DEBUG SQL:104 - 
    insert 
    into
        ORDER_ITEM
        (ITEM_ID, ORDER_ID, SEQ, PRODUCT_ID, AMT) 
    values
        (null, ?, ?, ?, ?)
14:12:30,289 DEBUG BaseGeneralDataRegion:59 - Caching[hibernate.test.org.hibernate.cache.spi.UpdateTimestampsCache] : [ORDER_ITEM] -> [5579089552543745]
14:12:30,290 DEBUG SQL:104 - 
    update
        PRODUCT 
    set
        name=?,
        STOCK_NUM=?,
        weight_kg=0.453E0 * ?,
        eff_start_dt=?,
        eff_end_dt=? 
    where
        PROD_ID=?
14:12:30,298 DEBUG BaseGeneralDataRegion:69 - Evicting[hibernate.test.org.hibernate.test.filter.Product]: org.hibernate.test.filter.Product#37
14:12:30,298 DEBUG BaseGeneralDataRegion:59 - Caching[hibernate.test.org.hibernate.cache.spi.UpdateTimestampsCache] : [PRODUCT] -> [5579089552580608]
14:12:30,298 DEBUG BaseGeneralDataRegion:69 - Evicting[hibernate.test.org.hibernate.test.filter.Department.salespersons]: org.hibernate.test.filter.Department.salespersons#13
14:12:30,298 DEBUG BaseGeneralDataRegion:59 - Caching[hibernate.test.org.hibernate.cache.spi.UpdateTimestampsCache] : [SALES_PERSON] -> [5579089552580609]
14:12:30,298 DEBUG BaseGeneralDataRegion:69 - Evicting[hibernate.test.org.hibernate.test.filter.Salesperson.orders]: org.hibernate.test.filter.Salesperson.orders#29
14:12:30,298 DEBUG BaseGeneralDataRegion:59 - Caching[hibernate.test.org.hibernate.cache.spi.UpdateTimestampsCache] : [T_ORDER] -> [5579089552580610]
14:12:30,298 DEBUG BaseGeneralDataRegion:69 - Evicting[hibernate.test.org.hibernate.test.filter.Salesperson.orders]: org.hibernate.test.filter.Salesperson.orders#30
14:12:30,299 DEBUG BaseGeneralDataRegion:59 - Caching[hibernate.test.org.hibernate.cache.spi.UpdateTimestampsCache] : [T_ORDER] -> [5579089552584704]
14:12:30,299 DEBUG SQL:104 - 
    insert 
    into
        PROD_CAT
        (PROD_ID, CAT_ID) 
    values
        (?, ?)
14:12:30,299 DEBUG SQL:104 - 
    insert 
    into
        PROD_CAT
        (PROD_ID, CAT_ID) 
    values
        (?, ?)
14:12:30,299 DEBUG BaseGeneralDataRegion:69 - Evicting[hibernate.test.org.hibernate.test.filter.Product.categories]: org.hibernate.test.filter.Product.categories#37
14:12:30,299 DEBUG BaseGeneralDataRegion:59 - Caching[hibernate.test.org.hibernate.cache.spi.UpdateTimestampsCache] : [PROD_CAT] -> [5579089552584705]
14:12:30,299 DEBUG BaseGeneralDataRegion:69 - Evicting[hibernate.test.org.hibernate.test.filter.Category.products]: org.hibernate.test.filter.Category.products#37
14:12:30,299 DEBUG BaseGeneralDataRegion:59 - Caching[hibernate.test.org.hibernate.cache.spi.UpdateTimestampsCache] : [PROD_CAT] -> [5579089552584706]
14:12:30,300 DEBUG BaseGeneralDataRegion:69 - Evicting[hibernate.test.org.hibernate.test.filter.Category.products]: org.hibernate.test.filter.Category.products#38
14:12:30,300 DEBUG BaseGeneralDataRegion:59 - Caching[hibernate.test.org.hibernate.cache.spi.UpdateTimestampsCache] : [PROD_CAT] -> [5579089552588800]
14:12:30,300 DEBUG BaseGeneralDataRegion:69 - Evicting[hibernate.test.org.hibernate.test.filter.Order.lineItems]: org.hibernate.test.filter.Order.lineItems#25
14:12:30,300 DEBUG BaseGeneralDataRegion:59 - Caching[hibernate.test.org.hibernate.cache.spi.UpdateTimestampsCache] : [ORDER_ITEM] -> [5579089552588801]
14:12:30,300 DEBUG SQL:104 - 
    insert 
    into
        PROD_CAT
        (PROD_ID, CAT_ID) 
    values
        (?, ?)
14:12:30,300 DEBUG BaseGeneralDataRegion:69 - Evicting[hibernate.test.org.hibernate.test.filter.Product.categories]: org.hibernate.test.filter.Product.categories#38
14:12:30,300 DEBUG BaseGeneralDataRegion:59 - Caching[hibernate.test.org.hibernate.cache.spi.UpdateTimestampsCache] : [PROD_CAT] -> [5579089552588802]
14:12:30,300 DEBUG BaseGeneralDataRegion:69 - Evicting[hibernate.test.org.hibernate.test.filter.Category.products]: org.hibernate.test.filter.Category.products#39
14:12:30,300 DEBUG BaseGeneralDataRegion:59 - Caching[hibernate.test.org.hibernate.cache.spi.UpdateTimestampsCache] : [PROD_CAT] -> [5579089552588803]
14:12:30,301 DEBUG BaseGeneralDataRegion:69 - Evicting[hibernate.test.org.hibernate.test.filter.Order.lineItems]: org.hibernate.test.filter.Order.lineItems#26
14:12:30,301 DEBUG BaseGeneralDataRegion:59 - Caching[hibernate.test.org.hibernate.cache.spi.UpdateTimestampsCache] : [ORDER_ITEM] -> [5579089552592896]
14:12:30,301 DEBUG BaseGeneralDataRegion:69 - Evicting[hibernate.test.org.hibernate.test.filter.Product]: org.hibernate.test.filter.Product#37
14:12:30,301 DEBUG BaseGeneralDataRegion:69 - Evicting[hibernate.test.org.hibernate.test.filter.Department.salespersons]: org.hibernate.test.filter.Department.salespersons#13
14:12:30,301 DEBUG BaseGeneralDataRegion:69 - Evicting[hibernate.test.org.hibernate.test.filter.Salesperson.orders]: org.hibernate.test.filter.Salesperson.orders#29
14:12:30,301 DEBUG BaseGeneralDataRegion:69 - Evicting[hibernate.test.org.hibernate.test.filter.Salesperson.orders]: org.hibernate.test.filter.Salesperson.orders#30
14:12:30,301 DEBUG BaseGeneralDataRegion:69 - Evicting[hibernate.test.org.hibernate.test.filter.Product.categories]: org.hibernate.test.filter.Product.categories#37
14:12:30,301 DEBUG BaseGeneralDataRegion:69 - Evicting[hibernate.test.org.hibernate.test.filter.Category.products]: org.hibernate.test.filter.Category.products#37
14:12:30,301 DEBUG BaseGeneralDataRegion:69 - Evicting[hibernate.test.org.hibernate.test.filter.Category.products]: org.hibernate.test.filter.Category.products#38
14:12:30,311 DEBUG BaseGeneralDataRegion:69 - Evicting[hibernate.test.org.hibernate.test.filter.Order.lineItems]: org.hibernate.test.filter.Order.lineItems#25
14:12:30,311 DEBUG BaseGeneralDataRegion:69 - Evicting[hibernate.test.org.hibernate.test.filter.Product.categories]: org.hibernate.test.filter.Product.categories#38
14:12:30,311 DEBUG BaseGeneralDataRegion:69 - Evicting[hibernate.test.org.hibernate.test.filter.Category.products]: org.hibernate.test.filter.Category.products#39
14:12:30,311 DEBUG BaseGeneralDataRegion:69 - Evicting[hibernate.test.org.hibernate.test.filter.Order.lineItems]: org.hibernate.test.filter.Order.lineItems#26
14:12:30,311 DEBUG BaseGeneralDataRegion:59 - Caching[hibernate.test.org.hibernate.cache.spi.UpdateTimestampsCache] : [ORDER_ITEM] -> [5579089306873856]
14:12:30,311 DEBUG BaseGeneralDataRegion:59 - Caching[hibernate.test.org.hibernate.cache.spi.UpdateTimestampsCache] : [CATEGORY] -> [5579089306873856]
14:12:30,311 DEBUG BaseGeneralDataRegion:59 - Caching[hibernate.test.org.hibernate.cache.spi.UpdateTimestampsCache] : [SALES_PERSON] -> [5579089306873856]
14:12:30,311 DEBUG BaseGeneralDataRegion:59 - Caching[hibernate.test.org.hibernate.cache.spi.UpdateTimestampsCache] : [T_ORDER] -> [5579089306873856]
14:12:30,311 DEBUG BaseGeneralDataRegion:59 - Caching[hibernate.test.org.hibernate.cache.spi.UpdateTimestampsCache] : [PRODUCT] -> [5579089306873856]
14:12:30,311 DEBUG BaseGeneralDataRegion:59 - Caching[hibernate.test.org.hibernate.cache.spi.UpdateTimestampsCache] : [DEPARTMENT] -> [5579089306873856]
14:12:30,311 DEBUG BaseGeneralDataRegion:59 - Caching[hibernate.test.org.hibernate.cache.spi.UpdateTimestampsCache] : [PROD_CAT] -> [5579089306873856]
14:12:30,312 DEBUG SQL:104 - 
    select
        this_.PROD_ID as PROD1_3_1_,
        this_.name as name3_1_,
        this_.STOCK_NUM as STOCK3_3_1_,
        this_.weight_kg / 0.453E0 as weight4_3_1_,
        this_.eff_start_dt as eff5_3_1_,
        this_.eff_end_dt as eff6_3_1_,
        categories2_.PROD_ID as PROD1_3_3_,
        category3_.CAT_ID as CAT2_4_3_,
        category3_.CAT_ID as CAT1_0_0_,
        category3_.name as name0_0_,
        category3_.eff_start_dt as eff3_0_0_,
        category3_.eff_end_dt as eff4_0_0_ 
    from
        PRODUCT this_ 
    left outer join
        PROD_CAT categories2_ 
            on this_.PROD_ID=categories2_.PROD_ID 
    left outer join
        CATEGORY category3_ 
            on categories2_.CAT_ID=category3_.CAT_ID 
    where
        this_.PROD_ID=?
14:12:30,321 DEBUG BaseRegionAccessStrategy:66 - Caching: org.hibernate.test.filter.Category#37
14:12:30,322 DEBUG BaseGeneralDataRegion:59 - Caching[hibernate.test.org.hibernate.test.filter.Category] : [org.hibernate.test.filter.Category#37] -> [CacheEntry(org.hibernate.test.filter.Category)[test cat 2,2012-08-28 14:12:30.253,2012-10-28 14:12:30.253,37]]
14:12:30,322 DEBUG BaseRegionAccessStrategy:66 - Caching: org.hibernate.test.filter.Product#37
14:12:30,322 DEBUG BaseGeneralDataRegion:59 - Caching[hibernate.test.org.hibernate.test.filter.Product] : [org.hibernate.test.filter.Product#37] -> [CacheEntry(org.hibernate.test.filter.Product)[Acme Hair Gel,123,10.0,2013-01-28 14:12:30.253,2013-03-28 14:12:30.253,37,37]]
14:12:30,322 DEBUG BaseRegionAccessStrategy:66 - Caching: org.hibernate.test.filter.Category#38
14:12:30,322 DEBUG BaseGeneralDataRegion:59 - Caching[hibernate.test.org.hibernate.test.filter.Category] : [org.hibernate.test.filter.Category#38] -> [CacheEntry(org.hibernate.test.filter.Category)[test cat 1,2013-01-28 14:12:30.253,2013-03-28 14:12:30.253,38]]
14:12:30,322 DEBUG BaseRegionAccessStrategy:66 - Caching: org.hibernate.test.filter.Product.categories#37
14:12:30,322 DEBUG BaseGeneralDataRegion:59 - Caching[hibernate.test.org.hibernate.test.filter.Product.categories] : [org.hibernate.test.filter.Product.categories#37] -> [CollectionCacheEntry[37,38]]
 ===> test cat 2
 ===> test cat 1
14:12:30,324 DEBUG SQL:104 - 
    update
        SALES_PERSON 
    set
        NAME=?,
        REG=?,
        DEPT_ID=?,
        "hire dt"=? 
    where
        SALES_PERSON_ID=?
14:12:30,324 DEBUG BaseGeneralDataRegion:69 - Evicting[hibernate.test.org.hibernate.test.filter.Salesperson]: org.hibernate.test.filter.Salesperson#29
14:12:30,324 DEBUG BaseGeneralDataRegion:59 - Caching[hibernate.test.org.hibernate.cache.spi.UpdateTimestampsCache] : [SALES_PERSON] -> [5579089552687104]
14:12:30,325 DEBUG SQL:104 - 
    update
        SALES_PERSON 
    set
        NAME=?,
        REG=?,
        DEPT_ID=?,
        "hire dt"=? 
    where
        SALES_PERSON_ID=?
14:12:30,325 DEBUG BaseGeneralDataRegion:69 - Evicting[hibernate.test.org.hibernate.test.filter.Salesperson]: org.hibernate.test.filter.Salesperson#30
14:12:30,325 DEBUG BaseGeneralDataRegion:59 - Caching[hibernate.test.org.hibernate.cache.spi.UpdateTimestampsCache] : [SALES_PERSON] -> [5579089552691200]
14:12:30,325 DEBUG SQL:104 - 
    update
        T_ORDER 
    set
        REG=?,
        BUYER=?,
        "ord dt"=?,
        "close dt"=?,
        SALES_PERSON_ID=? 
    where
        ORDER_ID=?
14:12:30,343 DEBUG BaseGeneralDataRegion:69 - Evicting[hibernate.test.org.hibernate.test.filter.Order]: org.hibernate.test.filter.Order#25
14:12:30,343 DEBUG BaseGeneralDataRegion:59 - Caching[hibernate.test.org.hibernate.cache.spi.UpdateTimestampsCache] : [T_ORDER] -> [5579089552764928]
14:12:30,343 DEBUG SQL:104 - 
    update
        ORDER_ITEM 
    set
        ORDER_ID=?,
        SEQ=?,
        PRODUCT_ID=?,
        AMT=? 
    where
        ITEM_ID=?
14:12:30,344 DEBUG BaseGeneralDataRegion:69 - Evicting[hibernate.test.org.hibernate.test.filter.LineItem]: org.hibernate.test.filter.LineItem#25
14:12:30,344 DEBUG BaseGeneralDataRegion:59 - Caching[hibernate.test.org.hibernate.cache.spi.UpdateTimestampsCache] : [ORDER_ITEM] -> [5579089552769024]
14:12:30,344 DEBUG SQL:104 - 
    update
        T_ORDER 
    set
        REG=?,
        BUYER=?,
        "ord dt"=?,
        "close dt"=?,
        SALES_PERSON_ID=? 
    where
        ORDER_ID=?
14:12:30,353 DEBUG BaseGeneralDataRegion:69 - Evicting[hibernate.test.org.hibernate.test.filter.Order]: org.hibernate.test.filter.Order#26
14:12:30,353 DEBUG BaseGeneralDataRegion:59 - Caching[hibernate.test.org.hibernate.cache.spi.UpdateTimestampsCache] : [T_ORDER] -> [5579089552805888]
14:12:30,354 DEBUG SQL:104 - 
    update
        ORDER_ITEM 
    set
        ORDER_ID=?,
        SEQ=?,
        PRODUCT_ID=?,
        AMT=? 
    where
        ITEM_ID=?
14:12:30,354 DEBUG BaseGeneralDataRegion:69 - Evicting[hibernate.test.org.hibernate.test.filter.LineItem]: org.hibernate.test.filter.LineItem#26
14:12:30,354 DEBUG BaseGeneralDataRegion:59 - Caching[hibernate.test.org.hibernate.cache.spi.UpdateTimestampsCache] : [ORDER_ITEM] -> [5579089552809984]
14:12:30,378 DEBUG BaseGeneralDataRegion:69 - Evicting[hibernate.test.org.hibernate.test.filter.Product.orderLineItems]: org.hibernate.test.filter.Product.orderLineItems#37
14:12:30,378 DEBUG BaseGeneralDataRegion:59 - Caching[hibernate.test.org.hibernate.cache.spi.UpdateTimestampsCache] : [ORDER_ITEM] -> [5579089552908288]
14:12:30,378 DEBUG BaseGeneralDataRegion:69 - Evicting[hibernate.test.org.hibernate.test.filter.Product.orderLineItems]: org.hibernate.test.filter.Product.orderLineItems#38
14:12:30,378 DEBUG BaseGeneralDataRegion:59 - Caching[hibernate.test.org.hibernate.cache.spi.UpdateTimestampsCache] : [ORDER_ITEM] -> [5579089552908289]
14:12:30,378 DEBUG BaseGeneralDataRegion:69 - Evicting[hibernate.test.org.hibernate.test.filter.Product.orderLineItems]: org.hibernate.test.filter.Product.orderLineItems#39
14:12:30,378 DEBUG BaseGeneralDataRegion:59 - Caching[hibernate.test.org.hibernate.cache.spi.UpdateTimestampsCache] : [ORDER_ITEM] -> [5579089552908290]
14:12:30,378 DEBUG SQL:104 - 
    delete 
    from
        PROD_CAT 
    where
        PROD_ID=?
14:12:30,379 DEBUG BaseGeneralDataRegion:69 - Evicting[hibernate.test.org.hibernate.test.filter.Product.categories]: org.hibernate.test.filter.Product.categories#39
14:12:30,384 DEBUG BaseGeneralDataRegion:59 - Caching[hibernate.test.org.hibernate.cache.spi.UpdateTimestampsCache] : [PROD_CAT] -> [5579089552932864]
14:12:30,384 DEBUG BaseGeneralDataRegion:69 - Evicting[hibernate.test.org.hibernate.test.filter.Department.salespersons]: org.hibernate.test.filter.Department.salespersons#13
14:12:30,384 DEBUG BaseGeneralDataRegion:59 - Caching[hibernate.test.org.hibernate.cache.spi.UpdateTimestampsCache] : [SALES_PERSON] -> [5579089552932865]
14:12:30,384 DEBUG BaseGeneralDataRegion:69 - Evicting[hibernate.test.org.hibernate.test.filter.Salesperson.orders]: org.hibernate.test.filter.Salesperson.orders#29
14:12:30,384 DEBUG BaseGeneralDataRegion:59 - Caching[hibernate.test.org.hibernate.cache.spi.UpdateTimestampsCache] : [T_ORDER] -> [5579089552932866]
14:12:30,384 DEBUG BaseGeneralDataRegion:69 - Evicting[hibernate.test.org.hibernate.test.filter.Salesperson.orders]: org.hibernate.test.filter.Salesperson.orders#30
14:12:30,384 DEBUG BaseGeneralDataRegion:59 - Caching[hibernate.test.org.hibernate.cache.spi.UpdateTimestampsCache] : [T_ORDER] -> [5579089552932867]
14:12:30,384 DEBUG SQL:104 - 
    delete 
    from
        PROD_CAT 
    where
        PROD_ID=?
14:12:30,385 DEBUG BaseGeneralDataRegion:69 - Evicting[hibernate.test.org.hibernate.test.filter.Product.categories]: org.hibernate.test.filter.Product.categories#37
14:12:30,385 DEBUG BaseGeneralDataRegion:59 - Caching[hibernate.test.org.hibernate.cache.spi.UpdateTimestampsCache] : [PROD_CAT] -> [5579089552936960]
14:12:30,385 DEBUG BaseGeneralDataRegion:69 - Evicting[hibernate.test.org.hibernate.test.filter.Category.products]: org.hibernate.test.filter.Category.products#37
14:12:30,385 DEBUG BaseGeneralDataRegion:59 - Caching[hibernate.test.org.hibernate.cache.spi.UpdateTimestampsCache] : [PROD_CAT] -> [5579089552936961]
14:12:30,385 DEBUG BaseGeneralDataRegion:69 - Evicting[hibernate.test.org.hibernate.test.filter.Category.products]: org.hibernate.test.filter.Category.products#38
14:12:30,385 DEBUG BaseGeneralDataRegion:59 - Caching[hibernate.test.org.hibernate.cache.spi.UpdateTimestampsCache] : [PROD_CAT] -> [5579089552936962]
14:12:30,385 DEBUG BaseGeneralDataRegion:69 - Evicting[hibernate.test.org.hibernate.test.filter.Order.lineItems]: org.hibernate.test.filter.Order.lineItems#25
14:12:30,385 DEBUG BaseGeneralDataRegion:59 - Caching[hibernate.test.org.hibernate.cache.spi.UpdateTimestampsCache] : [ORDER_ITEM] -> [5579089552936963]
14:12:30,385 DEBUG SQL:104 - 
    delete 
    from
        PROD_CAT 
    where
        PROD_ID=?
14:12:30,393 DEBUG BaseGeneralDataRegion:69 - Evicting[hibernate.test.org.hibernate.test.filter.Product.categories]: org.hibernate.test.filter.Product.categories#38
14:12:30,393 DEBUG BaseGeneralDataRegion:59 - Caching[hibernate.test.org.hibernate.cache.spi.UpdateTimestampsCache] : [PROD_CAT] -> [5579089552969728]
14:12:30,394 DEBUG BaseGeneralDataRegion:69 - Evicting[hibernate.test.org.hibernate.test.filter.Category.products]: org.hibernate.test.filter.Category.products#39
14:12:30,394 DEBUG BaseGeneralDataRegion:59 - Caching[hibernate.test.org.hibernate.cache.spi.UpdateTimestampsCache] : [PROD_CAT] -> [5579089552973824]
14:12:30,394 DEBUG BaseGeneralDataRegion:69 - Evicting[hibernate.test.org.hibernate.test.filter.Order.lineItems]: org.hibernate.test.filter.Order.lineItems#26
14:12:30,394 DEBUG BaseGeneralDataRegion:59 - Caching[hibernate.test.org.hibernate.cache.spi.UpdateTimestampsCache] : [ORDER_ITEM] -> [5579089552973825]
14:12:30,394 DEBUG SQL:104 - 
    delete 
    from
        DEPARTMENT 
    where
        DEPT_ID=?
14:12:30,394 DEBUG BaseGeneralDataRegion:69 - Evicting[hibernate.test.org.hibernate.test.filter.Department]: org.hibernate.test.filter.Department#13
14:12:30,394 DEBUG BaseGeneralDataRegion:59 - Caching[hibernate.test.org.hibernate.cache.spi.UpdateTimestampsCache] : [DEPARTMENT] -> [5579089552973826]
14:12:30,394 DEBUG SQL:104 - 
    delete 
    from
        SALES_PERSON 
    where
        SALES_PERSON_ID=?
14:12:30,395 DEBUG BaseGeneralDataRegion:69 - Evicting[hibernate.test.org.hibernate.test.filter.Salesperson]: org.hibernate.test.filter.Salesperson#29
14:12:30,395 DEBUG BaseGeneralDataRegion:59 - Caching[hibernate.test.org.hibernate.cache.spi.UpdateTimestampsCache] : [SALES_PERSON] -> [5579089552977920]
14:12:30,395 DEBUG SQL:104 - 
    delete 
    from
        SALES_PERSON 
    where
        SALES_PERSON_ID=?
14:12:30,395 DEBUG BaseGeneralDataRegion:69 - Evicting[hibernate.test.org.hibernate.test.filter.Salesperson]: org.hibernate.test.filter.Salesperson#30
14:12:30,395 DEBUG BaseGeneralDataRegion:59 - Caching[hibernate.test.org.hibernate.cache.spi.UpdateTimestampsCache] : [SALES_PERSON] -> [5579089552977921]
14:12:30,403 DEBUG SQL:104 - 
    delete 
    from
        CATEGORY 
    where
        CAT_ID=?
14:12:30,403 DEBUG BaseGeneralDataRegion:69 - Evicting[hibernate.test.org.hibernate.test.filter.Category]: org.hibernate.test.filter.Category#37
14:12:30,403 DEBUG BaseGeneralDataRegion:59 - Caching[hibernate.test.org.hibernate.cache.spi.UpdateTimestampsCache] : [CATEGORY] -> [5579089553010688]
14:12:30,403 DEBUG SQL:104 - 
    delete 
    from
        CATEGORY 
    where
        CAT_ID=?
14:12:30,403 DEBUG BaseGeneralDataRegion:69 - Evicting[hibernate.test.org.hibernate.test.filter.Category]: org.hibernate.test.filter.Category#38
14:12:30,403 DEBUG BaseGeneralDataRegion:59 - Caching[hibernate.test.org.hibernate.cache.spi.UpdateTimestampsCache] : [CATEGORY] -> [5579089553010689]
14:12:30,403 DEBUG SQL:104 - 
    delete 
    from
        PRODUCT 
    where
        PROD_ID=?
14:12:30,404 DEBUG BaseGeneralDataRegion:69 - Evicting[hibernate.test.org.hibernate.test.filter.Product]: org.hibernate.test.filter.Product#37
14:12:30,404 DEBUG BaseGeneralDataRegion:59 - Caching[hibernate.test.org.hibernate.cache.spi.UpdateTimestampsCache] : [PRODUCT] -> [5579089553014784]
14:12:30,404 DEBUG SQL:104 - 
    delete 
    from
        ORDER_ITEM 
    where
        ITEM_ID=?
14:12:30,413 DEBUG BaseGeneralDataRegion:69 - Evicting[hibernate.test.org.hibernate.test.filter.LineItem]: org.hibernate.test.filter.LineItem#25
14:12:30,414 DEBUG BaseGeneralDataRegion:59 - Caching[hibernate.test.org.hibernate.cache.spi.UpdateTimestampsCache] : [ORDER_ITEM] -> [5579089553055744]
14:12:30,414 DEBUG SQL:104 - 
    delete 
    from
        T_ORDER 
    where
        ORDER_ID=?
14:12:30,414 DEBUG BaseGeneralDataRegion:69 - Evicting[hibernate.test.org.hibernate.test.filter.Order]: org.hibernate.test.filter.Order#25
14:12:30,414 DEBUG BaseGeneralDataRegion:59 - Caching[hibernate.test.org.hibernate.cache.spi.UpdateTimestampsCache] : [T_ORDER] -> [5579089553055745]
14:12:30,414 DEBUG SQL:104 - 
    delete 
    from
        CATEGORY 
    where
        CAT_ID=?
14:12:30,414 DEBUG BaseGeneralDataRegion:69 - Evicting[hibernate.test.org.hibernate.test.filter.Category]: org.hibernate.test.filter.Category#39
14:12:30,415 DEBUG BaseGeneralDataRegion:59 - Caching[hibernate.test.org.hibernate.cache.spi.UpdateTimestampsCache] : [CATEGORY] -> [5579089553055746]
14:12:30,415 DEBUG SQL:104 - 
    delete 
    from
        PRODUCT 
    where
        PROD_ID=?
14:12:30,415 DEBUG BaseGeneralDataRegion:69 - Evicting[hibernate.test.org.hibernate.test.filter.Product]: org.hibernate.test.filter.Product#38
14:12:30,415 DEBUG BaseGeneralDataRegion:59 - Caching[hibernate.test.org.hibernate.cache.spi.UpdateTimestampsCache] : [PRODUCT] -> [5579089553059840]
14:12:30,415 DEBUG SQL:104 - 
    delete 
    from
        PRODUCT 
    where
        PROD_ID=?
14:12:30,415 DEBUG BaseGeneralDataRegion:69 - Evicting[hibernate.test.org.hibernate.test.filter.Product]: org.hibernate.test.filter.Product#39
14:12:30,415 DEBUG BaseGeneralDataRegion:59 - Caching[hibernate.test.org.hibernate.cache.spi.UpdateTimestampsCache] : [PRODUCT] -> [5579089553059841]
14:12:30,415 DEBUG SQL:104 - 
    delete 
    from
        ORDER_ITEM 
    where
        ITEM_ID=?
14:12:30,416 DEBUG BaseGeneralDataRegion:69 - Evicting[hibernate.test.org.hibernate.test.filter.LineItem]: org.hibernate.test.filter.LineItem#26
14:12:30,416 DEBUG BaseGeneralDataRegion:59 - Caching[hibernate.test.org.hibernate.cache.spi.UpdateTimestampsCache] : [ORDER_ITEM] -> [5579089553063936]
14:12:30,416 DEBUG SQL:104 - 
    delete 
    from
        T_ORDER 
    where
        ORDER_ID=?
14:12:30,416 DEBUG BaseGeneralDataRegion:69 - Evicting[hibernate.test.org.hibernate.test.filter.Order]: org.hibernate.test.filter.Order#26
14:12:30,416 DEBUG BaseGeneralDataRegion:59 - Caching[hibernate.test.org.hibernate.cache.spi.UpdateTimestampsCache] : [T_ORDER] -> [5579089553063937]
14:12:30,416 DEBUG BaseGeneralDataRegion:69 - Evicting[hibernate.test.org.hibernate.test.filter.Salesperson]: org.hibernate.test.filter.Salesperson#29
14:12:30,416 DEBUG BaseGeneralDataRegion:69 - Evicting[hibernate.test.org.hibernate.test.filter.Salesperson]: org.hibernate.test.filter.Salesperson#30
14:12:30,416 DEBUG BaseGeneralDataRegion:69 - Evicting[hibernate.test.org.hibernate.test.filter.Order]: org.hibernate.test.filter.Order#25
14:12:30,416 DEBUG BaseGeneralDataRegion:69 - Evicting[hibernate.test.org.hibernate.test.filter.LineItem]: org.hibernate.test.filter.LineItem#25
14:12:30,417 DEBUG BaseGeneralDataRegion:69 - Evicting[hibernate.test.org.hibernate.test.filter.Order]: org.hibernate.test.filter.Order#26
14:12:30,417 DEBUG BaseGeneralDataRegion:69 - Evicting[hibernate.test.org.hibernate.test.filter.LineItem]: org.hibernate.test.filter.LineItem#26
14:12:30,417 DEBUG BaseGeneralDataRegion:69 - Evicting[hibernate.test.org.hibernate.test.filter.Product.orderLineItems]: org.hibernate.test.filter.Product.orderLineItems#37
14:12:30,417 DEBUG BaseGeneralDataRegion:69 - Evicting[hibernate.test.org.hibernate.test.filter.Product.orderLineItems]: org.hibernate.test.filter.Product.orderLineItems#38
14:12:30,417 DEBUG BaseGeneralDataRegion:69 - Evicting[hibernate.test.org.hibernate.test.filter.Product.orderLineItems]: org.hibernate.test.filter.Product.orderLineItems#39
14:12:30,417 DEBUG BaseGeneralDataRegion:69 - Evicting[hibernate.test.org.hibernate.test.filter.Product.categories]: org.hibernate.test.filter.Product.categories#39
14:12:30,426 DEBUG BaseGeneralDataRegion:69 - Evicting[hibernate.test.org.hibernate.test.filter.Department.salespersons]: org.hibernate.test.filter.Department.salespersons#13
14:12:30,426 DEBUG BaseGeneralDataRegion:69 - Evicting[hibernate.test.org.hibernate.test.filter.Salesperson.orders]: org.hibernate.test.filter.Salesperson.orders#29
14:12:30,426 DEBUG BaseGeneralDataRegion:69 - Evicting[hibernate.test.org.hibernate.test.filter.Salesperson.orders]: org.hibernate.test.filter.Salesperson.orders#30
14:12:30,426 DEBUG BaseGeneralDataRegion:69 - Evicting[hibernate.test.org.hibernate.test.filter.Product.categories]: org.hibernate.test.filter.Product.categories#37
14:12:30,426 DEBUG BaseGeneralDataRegion:69 - Evicting[hibernate.test.org.hibernate.test.filter.Category.products]: org.hibernate.test.filter.Category.products#37
14:12:30,426 DEBUG BaseGeneralDataRegion:69 - Evicting[hibernate.test.org.hibernate.test.filter.Category.products]: org.hibernate.test.filter.Category.products#38
14:12:30,427 DEBUG BaseGeneralDataRegion:69 - Evicting[hibernate.test.org.hibernate.test.filter.Order.lineItems]: org.hibernate.test.filter.Order.lineItems#25
14:12:30,427 DEBUG BaseGeneralDataRegion:69 - Evicting[hibernate.test.org.hibernate.test.filter.Product.categories]: org.hibernate.test.filter.Product.categories#38
14:12:30,427 DEBUG BaseGeneralDataRegion:69 - Evicting[hibernate.test.org.hibernate.test.filter.Category.products]: org.hibernate.test.filter.Category.products#39
14:12:30,427 DEBUG BaseGeneralDataRegion:69 - Evicting[hibernate.test.org.hibernate.test.filter.Order.lineItems]: org.hibernate.test.filter.Order.lineItems#26
14:12:30,427 DEBUG BaseGeneralDataRegion:69 - Evicting[hibernate.test.org.hibernate.test.filter.Department]: org.hibernate.test.filter.Department#13
14:12:30,427 DEBUG BaseGeneralDataRegion:69 - Evicting[hibernate.test.org.hibernate.test.filter.Salesperson]: org.hibernate.test.filter.Salesperson#29
14:12:30,427 DEBUG BaseGeneralDataRegion:69 - Evicting[hibernate.test.org.hibernate.test.filter.Salesperson]: org.hibernate.test.filter.Salesperson#30
14:12:30,427 DEBUG BaseGeneralDataRegion:69 - Evicting[hibernate.test.org.hibernate.test.filter.Category]: org.hibernate.test.filter.Category#37
14:12:30,427 DEBUG BaseGeneralDataRegion:69 - Evicting[hibernate.test.org.hibernate.test.filter.Category]: org.hibernate.test.filter.Category#38
14:12:30,427 DEBUG BaseGeneralDataRegion:69 - Evicting[hibernate.test.org.hibernate.test.filter.Product]: org.hibernate.test.filter.Product#37
14:12:30,427 DEBUG BaseGeneralDataRegion:69 - Evicting[hibernate.test.org.hibernate.test.filter.LineItem]: org.hibernate.test.filter.LineItem#25
14:12:30,427 DEBUG BaseGeneralDataRegion:69 - Evicting[hibernate.test.org.hibernate.test.filter.Order]: org.hibernate.test.filter.Order#25
14:12:30,428 DEBUG BaseGeneralDataRegion:69 - Evicting[hibernate.test.org.hibernate.test.filter.Category]: org.hibernate.test.filter.Category#39
14:12:30,428 DEBUG BaseGeneralDataRegion:69 - Evicting[hibernate.test.org.hibernate.test.filter.Product]: org.hibernate.test.filter.Product#38
14:12:30,428 DEBUG BaseGeneralDataRegion:69 - Evicting[hibernate.test.org.hibernate.test.filter.Product]: org.hibernate.test.filter.Product#39
14:12:30,428 DEBUG BaseGeneralDataRegion:69 - Evicting[hibernate.test.org.hibernate.test.filter.LineItem]: org.hibernate.test.filter.LineItem#26
14:12:30,428 DEBUG BaseGeneralDataRegion:69 - Evicting[hibernate.test.org.hibernate.test.filter.Order]: org.hibernate.test.filter.Order#26
14:12:30,428 DEBUG BaseGeneralDataRegion:59 - Caching[hibernate.test.org.hibernate.cache.spi.UpdateTimestampsCache] : [CATEGORY] -> [5579089307353088]
14:12:30,428 DEBUG BaseGeneralDataRegion:59 - Caching[hibernate.test.org.hibernate.cache.spi.UpdateTimestampsCache] : [ORDER_ITEM] -> [5579089307353088]
14:12:30,428 DEBUG BaseGeneralDataRegion:59 - Caching[hibernate.test.org.hibernate.cache.spi.UpdateTimestampsCache] : [SALES_PERSON] -> [5579089307353088]
14:12:30,428 DEBUG BaseGeneralDataRegion:59 - Caching[hibernate.test.org.hibernate.cache.spi.UpdateTimestampsCache] : [T_ORDER] -> [5579089307353088]
14:12:30,428 DEBUG BaseGeneralDataRegion:59 - Caching[hibernate.test.org.hibernate.cache.spi.UpdateTimestampsCache] : [PRODUCT] -> [5579089307353088]
14:12:30,436 DEBUG BaseGeneralDataRegion:59 - Caching[hibernate.test.org.hibernate.cache.spi.UpdateTimestampsCache] : [DEPARTMENT] -> [5579089307353088]
14:12:30,437 DEBUG BaseGeneralDataRegion:59 - Caching[hibernate.test.org.hibernate.cache.spi.UpdateTimestampsCache] : [PROD_CAT] -> [5579089307353088]
14:12:30,437  INFO CustomRunner:139 - Test: testManyToManyFilterOnCriteria
14:12:30,439 DEBUG SQL:104 - 
    insert 
    into
        DEPARTMENT
        (DEPT_ID, REG) 
    values
        (null, ?)
14:12:30,440 DEBUG BaseGeneralDataRegion:59 - Caching[hibernate.test.org.hibernate.cache.spi.UpdateTimestampsCache] : [DEPARTMENT] -> [5579089553162240]
14:12:30,440 DEBUG SQL:104 - 
    insert 
    into
        SALES_PERSON
        (SALES_PERSON_ID, NAME, REG, DEPT_ID, "hire dt") 
    values
        (null, ?, ?, ?, ?)
14:12:30,440 DEBUG BaseGeneralDataRegion:59 - Caching[hibernate.test.org.hibernate.cache.spi.UpdateTimestampsCache] : [SALES_PERSON] -> [5579089553162241]
14:12:30,441 DEBUG SQL:104 - 
    insert 
    into
        SALES_PERSON
        (SALES_PERSON_ID, NAME, REG, DEPT_ID, "hire dt") 
    values
        (null, ?, ?, ?, ?)
14:12:30,441 DEBUG BaseGeneralDataRegion:59 - Caching[hibernate.test.org.hibernate.cache.spi.UpdateTimestampsCache] : [SALES_PERSON] -> [5579089553166336]
14:12:30,441 DEBUG SQL:104 - 
    insert 
    into
        PRODUCT
        (PROD_ID, name, STOCK_NUM, weight_kg, eff_start_dt, eff_end_dt) 
    values
        (null, ?, ?, 0.453E0 * ?, ?, ?)
14:12:30,441 DEBUG BaseGeneralDataRegion:59 - Caching[hibernate.test.org.hibernate.cache.spi.UpdateTimestampsCache] : [PRODUCT] -> [5579089553166337]
14:12:30,441 DEBUG SQL:104 - 
    insert 
    into
        CATEGORY
        (CAT_ID, name, eff_start_dt, eff_end_dt) 
    values
        (null, ?, ?, ?)
14:12:30,490 DEBUG BaseGeneralDataRegion:59 - Caching[hibernate.test.org.hibernate.cache.spi.UpdateTimestampsCache] : [CATEGORY] -> [5579089553367040]
14:12:30,490 DEBUG SQL:104 - 
    insert 
    into
        CATEGORY
        (CAT_ID, name, eff_start_dt, eff_end_dt) 
    values
        (null, ?, ?, ?)
14:12:30,491 DEBUG BaseGeneralDataRegion:59 - Caching[hibernate.test.org.hibernate.cache.spi.UpdateTimestampsCache] : [CATEGORY] -> [5579089553371136]
14:12:30,492 DEBUG SQL:104 - 
    insert 
    into
        T_ORDER
        (ORDER_ID, REG, BUYER, "ord dt", "close dt", SALES_PERSON_ID) 
    values
        (null, ?, ?, ?, ?, ?)
14:12:30,492 DEBUG BaseGeneralDataRegion:59 - Caching[hibernate.test.org.hibernate.cache.spi.UpdateTimestampsCache] : [T_ORDER] -> [5579089553375232]
14:12:30,492 DEBUG SQL:104 - 
    insert 
    into
        ORDER_ITEM
        (ITEM_ID, ORDER_ID, SEQ, PRODUCT_ID, AMT) 
    values
        (null, ?, ?, ?, ?)
14:12:30,492 DEBUG BaseGeneralDataRegion:59 - Caching[hibernate.test.org.hibernate.cache.spi.UpdateTimestampsCache] : [ORDER_ITEM] -> [5579089553375233]
14:12:30,493 DEBUG SQL:104 - 
    insert 
    into
        PRODUCT
        (PROD_ID, name, STOCK_NUM, weight_kg, eff_start_dt, eff_end_dt) 
    values
        (null, ?, ?, 0.453E0 * ?, ?, ?)
14:12:30,493 DEBUG BaseGeneralDataRegion:59 - Caching[hibernate.test.org.hibernate.cache.spi.UpdateTimestampsCache] : [PRODUCT] -> [5579089553379328]
14:12:30,493 DEBUG SQL:104 - 
    insert 
    into
        CATEGORY
        (CAT_ID, name, eff_start_dt, eff_end_dt) 
    values
        (null, ?, ?, ?)
14:12:30,493 DEBUG BaseGeneralDataRegion:59 - Caching[hibernate.test.org.hibernate.cache.spi.UpdateTimestampsCache] : [CATEGORY] -> [5579089553379329]
14:12:30,494 DEBUG SQL:104 - 
    insert 
    into
        PRODUCT
        (PROD_ID, name, STOCK_NUM, weight_kg, eff_start_dt, eff_end_dt) 
    values
        (null, ?, ?, 0.453E0 * ?, ?, ?)
14:12:30,494 DEBUG BaseGeneralDataRegion:59 - Caching[hibernate.test.org.hibernate.cache.spi.UpdateTimestampsCache] : [PRODUCT] -> [5579089553383424]
14:12:30,494 DEBUG SQL:104 - 
    insert 
    into
        T_ORDER
        (ORDER_ID, REG, BUYER, "ord dt", "close dt", SALES_PERSON_ID) 
    values
        (null, ?, ?, ?, ?, ?)
14:12:30,494 DEBUG BaseGeneralDataRegion:59 - Caching[hibernate.test.org.hibernate.cache.spi.UpdateTimestampsCache] : [T_ORDER] -> [5579089553383425]
14:12:30,495 DEBUG SQL:104 - 
    insert 
    into
        ORDER_ITEM
        (ITEM_ID, ORDER_ID, SEQ, PRODUCT_ID, AMT) 
    values
        (null, ?, ?, ?, ?)
14:12:30,495 DEBUG BaseGeneralDataRegion:59 - Caching[hibernate.test.org.hibernate.cache.spi.UpdateTimestampsCache] : [ORDER_ITEM] -> [5579089553387520]
14:12:30,495 DEBUG SQL:104 - 
    update
        PRODUCT 
    set
        name=?,
        STOCK_NUM=?,
        weight_kg=0.453E0 * ?,
        eff_start_dt=?,
        eff_end_dt=? 
    where
        PROD_ID=?
14:12:30,496 DEBUG BaseGeneralDataRegion:69 - Evicting[hibernate.test.org.hibernate.test.filter.Product]: org.hibernate.test.filter.Product#40
14:12:30,496 DEBUG BaseGeneralDataRegion:59 - Caching[hibernate.test.org.hibernate.cache.spi.UpdateTimestampsCache] : [PRODUCT] -> [5579089553391616]
14:12:30,496 DEBUG BaseGeneralDataRegion:69 - Evicting[hibernate.test.org.hibernate.test.filter.Department.salespersons]: org.hibernate.test.filter.Department.salespersons#14
14:12:30,496 DEBUG BaseGeneralDataRegion:59 - Caching[hibernate.test.org.hibernate.cache.spi.UpdateTimestampsCache] : [SALES_PERSON] -> [5579089553391617]
14:12:30,496 DEBUG BaseGeneralDataRegion:69 - Evicting[hibernate.test.org.hibernate.test.filter.Salesperson.orders]: org.hibernate.test.filter.Salesperson.orders#31
14:12:30,496 DEBUG BaseGeneralDataRegion:59 - Caching[hibernate.test.org.hibernate.cache.spi.UpdateTimestampsCache] : [T_ORDER] -> [5579089553391618]
14:12:30,496 DEBUG BaseGeneralDataRegion:69 - Evicting[hibernate.test.org.hibernate.test.filter.Salesperson.orders]: org.hibernate.test.filter.Salesperson.orders#32
14:12:30,497 DEBUG BaseGeneralDataRegion:59 - Caching[hibernate.test.org.hibernate.cache.spi.UpdateTimestampsCache] : [T_ORDER] -> [5579089553395712]
14:12:30,497 DEBUG SQL:104 - 
    insert 
    into
        PROD_CAT
        (PROD_ID, CAT_ID) 
    values
        (?, ?)
14:12:30,497 DEBUG SQL:104 - 
    insert 
    into
        PROD_CAT
        (PROD_ID, CAT_ID) 
    values
        (?, ?)
14:12:30,497 DEBUG BaseGeneralDataRegion:69 - Evicting[hibernate.test.org.hibernate.test.filter.Product.categories]: org.hibernate.test.filter.Product.categories#40
14:12:30,497 DEBUG BaseGeneralDataRegion:59 - Caching[hibernate.test.org.hibernate.cache.spi.UpdateTimestampsCache] : [PROD_CAT] -> [5579089553395713]
14:12:30,497 DEBUG BaseGeneralDataRegion:69 - Evicting[hibernate.test.org.hibernate.test.filter.Category.products]: org.hibernate.test.filter.Category.products#40
14:12:30,497 DEBUG BaseGeneralDataRegion:59 - Caching[hibernate.test.org.hibernate.cache.spi.UpdateTimestampsCache] : [PROD_CAT] -> [5579089553395714]
14:12:30,497 DEBUG BaseGeneralDataRegion:69 - Evicting[hibernate.test.org.hibernate.test.filter.Category.products]: org.hibernate.test.filter.Category.products#41
14:12:30,497 DEBUG BaseGeneralDataRegion:59 - Caching[hibernate.test.org.hibernate.cache.spi.UpdateTimestampsCache] : [PROD_CAT] -> [5579089553395715]
14:12:30,498 DEBUG BaseGeneralDataRegion:69 - Evicting[hibernate.test.org.hibernate.test.filter.Order.lineItems]: org.hibernate.test.filter.Order.lineItems#27
14:12:30,498 DEBUG BaseGeneralDataRegion:59 - Caching[hibernate.test.org.hibernate.cache.spi.UpdateTimestampsCache] : [ORDER_ITEM] -> [5579089553399808]
14:12:30,498 DEBUG SQL:104 - 
    insert 
    into
        PROD_CAT
        (PROD_ID, CAT_ID) 
    values
        (?, ?)
14:12:30,498 DEBUG BaseGeneralDataRegion:69 - Evicting[hibernate.test.org.hibernate.test.filter.Product.categories]: org.hibernate.test.filter.Product.categories#41
14:12:30,498 DEBUG BaseGeneralDataRegion:59 - Caching[hibernate.test.org.hibernate.cache.spi.UpdateTimestampsCache] : [PROD_CAT] -> [5579089553399809]
14:12:30,498 DEBUG BaseGeneralDataRegion:69 - Evicting[hibernate.test.org.hibernate.test.filter.Category.products]: org.hibernate.test.filter.Category.products#42
14:12:30,498 DEBUG BaseGeneralDataRegion:59 - Caching[hibernate.test.org.hibernate.cache.spi.UpdateTimestampsCache] : [PROD_CAT] -> [5579089553399810]
14:12:30,498 DEBUG BaseGeneralDataRegion:69 - Evicting[hibernate.test.org.hibernate.test.filter.Order.lineItems]: org.hibernate.test.filter.Order.lineItems#28
14:12:30,498 DEBUG BaseGeneralDataRegion:59 - Caching[hibernate.test.org.hibernate.cache.spi.UpdateTimestampsCache] : [ORDER_ITEM] -> [5579089553399811]
14:12:30,499 DEBUG BaseGeneralDataRegion:69 - Evicting[hibernate.test.org.hibernate.test.filter.Product]: org.hibernate.test.filter.Product#40
14:12:30,499 DEBUG BaseGeneralDataRegion:69 - Evicting[hibernate.test.org.hibernate.test.filter.Department.salespersons]: org.hibernate.test.filter.Department.salespersons#14
14:12:30,499 DEBUG BaseGeneralDataRegion:69 - Evicting[hibernate.test.org.hibernate.test.filter.Salesperson.orders]: org.hibernate.test.filter.Salesperson.orders#31
14:12:30,499 DEBUG BaseGeneralDataRegion:69 - Evicting[hibernate.test.org.hibernate.test.filter.Salesperson.orders]: org.hibernate.test.filter.Salesperson.orders#32
14:12:30,499 DEBUG BaseGeneralDataRegion:69 - Evicting[hibernate.test.org.hibernate.test.filter.Product.categories]: org.hibernate.test.filter.Product.categories#40
14:12:30,499 DEBUG BaseGeneralDataRegion:69 - Evicting[hibernate.test.org.hibernate.test.filter.Category.products]: org.hibernate.test.filter.Category.products#40
14:12:30,499 DEBUG BaseGeneralDataRegion:69 - Evicting[hibernate.test.org.hibernate.test.filter.Category.products]: org.hibernate.test.filter.Category.products#41
14:12:30,499 DEBUG BaseGeneralDataRegion:69 - Evicting[hibernate.test.org.hibernate.test.filter.Order.lineItems]: org.hibernate.test.filter.Order.lineItems#27
14:12:30,499 DEBUG BaseGeneralDataRegion:69 - Evicting[hibernate.test.org.hibernate.test.filter.Product.categories]: org.hibernate.test.filter.Product.categories#41
14:12:30,499 DEBUG BaseGeneralDataRegion:69 - Evicting[hibernate.test.org.hibernate.test.filter.Category.products]: org.hibernate.test.filter.Category.products#42
14:12:30,499 DEBUG BaseGeneralDataRegion:69 - Evicting[hibernate.test.org.hibernate.test.filter.Order.lineItems]: org.hibernate.test.filter.Order.lineItems#28
14:12:30,500 DEBUG BaseGeneralDataRegion:59 - Caching[hibernate.test.org.hibernate.cache.spi.UpdateTimestampsCache] : [ORDER_ITEM] -> [5579089307648000]
14:12:30,500 DEBUG BaseGeneralDataRegion:59 - Caching[hibernate.test.org.hibernate.cache.spi.UpdateTimestampsCache] : [CATEGORY] -> [5579089307648000]
14:12:30,500 DEBUG BaseGeneralDataRegion:59 - Caching[hibernate.test.org.hibernate.cache.spi.UpdateTimestampsCache] : [SALES_PERSON] -> [5579089307648000]
14:12:30,500 DEBUG BaseGeneralDataRegion:59 - Caching[hibernate.test.org.hibernate.cache.spi.UpdateTimestampsCache] : [T_ORDER] -> [5579089307648000]
14:12:30,500 DEBUG BaseGeneralDataRegion:59 - Caching[hibernate.test.org.hibernate.cache.spi.UpdateTimestampsCache] : [PRODUCT] -> [5579089307648000]
14:12:30,500 DEBUG BaseGeneralDataRegion:59 - Caching[hibernate.test.org.hibernate.cache.spi.UpdateTimestampsCache] : [DEPARTMENT] -> [5579089307648000]
14:12:30,500 DEBUG BaseGeneralDataRegion:59 - Caching[hibernate.test.org.hibernate.cache.spi.UpdateTimestampsCache] : [PROD_CAT] -> [5579089307648000]
14:12:30,501 DEBUG SQL:104 - 
    select
        this_.PROD_ID as PROD1_3_1_,
        this_.name as name3_1_,
        this_.STOCK_NUM as STOCK3_3_1_,
        this_.weight_kg / 0.453E0 as weight4_3_1_,
        this_.eff_start_dt as eff5_3_1_,
        this_.eff_end_dt as eff6_3_1_,
        categories2_.PROD_ID as PROD1_3_3_,
        category3_.CAT_ID as CAT2_4_3_,
        category3_.CAT_ID as CAT1_0_0_,
        category3_.name as name0_0_,
        category3_.eff_start_dt as eff3_0_0_,
        category3_.eff_end_dt as eff4_0_0_ 
    from
        PRODUCT this_ 
    left outer join
        PROD_CAT categories2_ 
            on this_.PROD_ID=categories2_.PROD_ID 
    left outer join
        CATEGORY category3_ 
            on categories2_.CAT_ID=category3_.CAT_ID 
            and ? BETWEEN category3_.eff_start_dt and category3_.eff_end_dt 
    where
        ? BETWEEN this_.eff_start_dt and this_.eff_end_dt 
        and this_.PROD_ID=?
14:12:30,520 DEBUG BaseRegionAccessStrategy:66 - Caching: org.hibernate.test.filter.Product#40
14:12:30,521 DEBUG BaseGeneralDataRegion:59 - Caching[hibernate.test.org.hibernate.test.filter.Product] : [org.hibernate.test.filter.Product#40] -> [CacheEntry(org.hibernate.test.filter.Product)[Acme Hair Gel,123,10.0,2013-01-28 14:12:30.438,2013-03-28 14:12:30.438,40,40]]
14:12:30,521 DEBUG BaseRegionAccessStrategy:66 - Caching: org.hibernate.test.filter.Category#41
14:12:30,521 DEBUG BaseGeneralDataRegion:59 - Caching[hibernate.test.org.hibernate.test.filter.Category] : [org.hibernate.test.filter.Category#41] -> [CacheEntry(org.hibernate.test.filter.Category)[test cat 1,2013-01-28 14:12:30.438,2013-03-28 14:12:30.438,41]]
14:12:30,524 DEBUG SQL:104 - 
    update
        SALES_PERSON 
    set
        NAME=?,
        REG=?,
        DEPT_ID=?,
        "hire dt"=? 
    where
        SALES_PERSON_ID=?
14:12:30,530 DEBUG BaseGeneralDataRegion:69 - Evicting[hibernate.test.org.hibernate.test.filter.Salesperson]: org.hibernate.test.filter.Salesperson#31
14:12:30,530 DEBUG BaseGeneralDataRegion:59 - Caching[hibernate.test.org.hibernate.cache.spi.UpdateTimestampsCache] : [SALES_PERSON] -> [5579089553530880]
14:12:30,530 DEBUG SQL:104 - 
    update
        SALES_PERSON 
    set
        NAME=?,
        REG=?,
        DEPT_ID=?,
        "hire dt"=? 
    where
        SALES_PERSON_ID=?
14:12:30,530 DEBUG BaseGeneralDataRegion:69 - Evicting[hibernate.test.org.hibernate.test.filter.Salesperson]: org.hibernate.test.filter.Salesperson#32
14:12:30,531 DEBUG BaseGeneralDataRegion:59 - Caching[hibernate.test.org.hibernate.cache.spi.UpdateTimestampsCache] : [SALES_PERSON] -> [5579089553534976]
14:12:30,531 DEBUG SQL:104 - 
    update
        T_ORDER 
    set
        REG=?,
        BUYER=?,
        "ord dt"=?,
        "close dt"=?,
        SALES_PERSON_ID=? 
    where
        ORDER_ID=?
14:12:30,531 DEBUG BaseGeneralDataRegion:69 - Evicting[hibernate.test.org.hibernate.test.filter.Order]: org.hibernate.test.filter.Order#27
14:12:30,531 DEBUG BaseGeneralDataRegion:59 - Caching[hibernate.test.org.hibernate.cache.spi.UpdateTimestampsCache] : [T_ORDER] -> [5579089553534977]
14:12:30,531 DEBUG SQL:104 - 
    update
        ORDER_ITEM 
    set
        ORDER_ID=?,
        SEQ=?,
        PRODUCT_ID=?,
        AMT=? 
    where
        ITEM_ID=?
14:12:30,531 DEBUG BaseGeneralDataRegion:69 - Evicting[hibernate.test.org.hibernate.test.filter.LineItem]: org.hibernate.test.filter.LineItem#27
14:12:30,532 DEBUG BaseGeneralDataRegion:59 - Caching[hibernate.test.org.hibernate.cache.spi.UpdateTimestampsCache] : [ORDER_ITEM] -> [5579089553539072]
14:12:30,532 DEBUG SQL:104 - 
    update
        T_ORDER 
    set
        REG=?,
        BUYER=?,
        "ord dt"=?,
        "close dt"=?,
        SALES_PERSON_ID=? 
    where
        ORDER_ID=?
14:12:30,532 DEBUG BaseGeneralDataRegion:69 - Evicting[hibernate.test.org.hibernate.test.filter.Order]: org.hibernate.test.filter.Order#28
14:12:30,532 DEBUG BaseGeneralDataRegion:59 - Caching[hibernate.test.org.hibernate.cache.spi.UpdateTimestampsCache] : [T_ORDER] -> [5579089553539073]
14:12:30,532 DEBUG SQL:104 - 
    update
        ORDER_ITEM 
    set
        ORDER_ID=?,
        SEQ=?,
        PRODUCT_ID=?,
        AMT=? 
    where
        ITEM_ID=?
14:12:30,544 DEBUG BaseGeneralDataRegion:69 - Evicting[hibernate.test.org.hibernate.test.filter.LineItem]: org.hibernate.test.filter.LineItem#28
14:12:30,545 DEBUG BaseGeneralDataRegion:59 - Caching[hibernate.test.org.hibernate.cache.spi.UpdateTimestampsCache] : [ORDER_ITEM] -> [5579089553592320]
14:12:30,545 DEBUG BaseGeneralDataRegion:69 - Evicting[hibernate.test.org.hibernate.test.filter.Product.orderLineItems]: org.hibernate.test.filter.Product.orderLineItems#40
14:12:30,545 DEBUG BaseGeneralDataRegion:59 - Caching[hibernate.test.org.hibernate.cache.spi.UpdateTimestampsCache] : [ORDER_ITEM] -> [5579089553592321]
14:12:30,545 DEBUG BaseGeneralDataRegion:69 - Evicting[hibernate.test.org.hibernate.test.filter.Product.orderLineItems]: org.hibernate.test.filter.Product.orderLineItems#41
14:12:30,545 DEBUG BaseGeneralDataRegion:59 - Caching[hibernate.test.org.hibernate.cache.spi.UpdateTimestampsCache] : [ORDER_ITEM] -> [5579089553592322]
14:12:30,545 DEBUG BaseGeneralDataRegion:69 - Evicting[hibernate.test.org.hibernate.test.filter.Product.orderLineItems]: org.hibernate.test.filter.Product.orderLineItems#42
14:12:30,545 DEBUG BaseGeneralDataRegion:59 - Caching[hibernate.test.org.hibernate.cache.spi.UpdateTimestampsCache] : [ORDER_ITEM] -> [5579089553592323]
14:12:30,545 DEBUG SQL:104 - 
    delete 
    from
        PROD_CAT 
    where
        PROD_ID=?
14:12:30,545 DEBUG BaseGeneralDataRegion:69 - Evicting[hibernate.test.org.hibernate.test.filter.Product.categories]: org.hibernate.test.filter.Product.categories#42
14:12:30,546 DEBUG BaseGeneralDataRegion:59 - Caching[hibernate.test.org.hibernate.cache.spi.UpdateTimestampsCache] : [PROD_CAT] -> [5579089553596416]
14:12:30,546 DEBUG BaseGeneralDataRegion:69 - Evicting[hibernate.test.org.hibernate.test.filter.Department.salespersons]: org.hibernate.test.filter.Department.salespersons#14
14:12:30,546 DEBUG BaseGeneralDataRegion:59 - Caching[hibernate.test.org.hibernate.cache.spi.UpdateTimestampsCache] : [SALES_PERSON] -> [5579089553596417]
14:12:30,546 DEBUG BaseGeneralDataRegion:69 - Evicting[hibernate.test.org.hibernate.test.filter.Salesperson.orders]: org.hibernate.test.filter.Salesperson.orders#31
14:12:30,546 DEBUG BaseGeneralDataRegion:59 - Caching[hibernate.test.org.hibernate.cache.spi.UpdateTimestampsCache] : [T_ORDER] -> [5579089553596418]
14:12:30,546 DEBUG BaseGeneralDataRegion:69 - Evicting[hibernate.test.org.hibernate.test.filter.Salesperson.orders]: org.hibernate.test.filter.Salesperson.orders#32
14:12:30,546 DEBUG BaseGeneralDataRegion:59 - Caching[hibernate.test.org.hibernate.cache.spi.UpdateTimestampsCache] : [T_ORDER] -> [5579089553596419]
14:12:30,553 DEBUG SQL:104 - 
    delete 
    from
        PROD_CAT 
    where
        PROD_ID=?
14:12:30,554 DEBUG BaseGeneralDataRegion:69 - Evicting[hibernate.test.org.hibernate.test.filter.Product.categories]: org.hibernate.test.filter.Product.categories#40
14:12:30,554 DEBUG BaseGeneralDataRegion:59 - Caching[hibernate.test.org.hibernate.cache.spi.UpdateTimestampsCache] : [PROD_CAT] -> [5579089553629184]
14:12:30,554 DEBUG BaseGeneralDataRegion:69 - Evicting[hibernate.test.org.hibernate.test.filter.Category.products]: org.hibernate.test.filter.Category.products#40
14:12:30,554 DEBUG BaseGeneralDataRegion:59 - Caching[hibernate.test.org.hibernate.cache.spi.UpdateTimestampsCache] : [PROD_CAT] -> [5579089553629185]
14:12:30,554 DEBUG BaseGeneralDataRegion:69 - Evicting[hibernate.test.org.hibernate.test.filter.Category.products]: org.hibernate.test.filter.Category.products#41
14:12:30,554 DEBUG BaseGeneralDataRegion:59 - Caching[hibernate.test.org.hibernate.cache.spi.UpdateTimestampsCache] : [PROD_CAT] -> [5579089553629186]
14:12:30,554 DEBUG BaseGeneralDataRegion:69 - Evicting[hibernate.test.org.hibernate.test.filter.Order.lineItems]: org.hibernate.test.filter.Order.lineItems#27
14:12:30,555 DEBUG BaseGeneralDataRegion:59 - Caching[hibernate.test.org.hibernate.cache.spi.UpdateTimestampsCache] : [ORDER_ITEM] -> [5579089553633280]
14:12:30,555 DEBUG SQL:104 - 
    delete 
    from
        PROD_CAT 
    where
        PROD_ID=?
14:12:30,555 DEBUG BaseGeneralDataRegion:69 - Evicting[hibernate.test.org.hibernate.test.filter.Product.categories]: org.hibernate.test.filter.Product.categories#41
14:12:30,555 DEBUG BaseGeneralDataRegion:59 - Caching[hibernate.test.org.hibernate.cache.spi.UpdateTimestampsCache] : [PROD_CAT] -> [5579089553633281]
14:12:30,555 DEBUG BaseGeneralDataRegion:69 - Evicting[hibernate.test.org.hibernate.test.filter.Category.products]: org.hibernate.test.filter.Category.products#42
14:12:30,555 DEBUG BaseGeneralDataRegion:59 - Caching[hibernate.test.org.hibernate.cache.spi.UpdateTimestampsCache] : [PROD_CAT] -> [5579089553633282]
14:12:30,555 DEBUG BaseGeneralDataRegion:69 - Evicting[hibernate.test.org.hibernate.test.filter.Order.lineItems]: org.hibernate.test.filter.Order.lineItems#28
14:12:30,555 DEBUG BaseGeneralDataRegion:59 - Caching[hibernate.test.org.hibernate.cache.spi.UpdateTimestampsCache] : [ORDER_ITEM] -> [5579089553633283]
14:12:30,555 DEBUG SQL:104 - 
    delete 
    from
        DEPARTMENT 
    where
        DEPT_ID=?
14:12:30,556 DEBUG BaseGeneralDataRegion:69 - Evicting[hibernate.test.org.hibernate.test.filter.Department]: org.hibernate.test.filter.Department#14
14:12:30,556 DEBUG BaseGeneralDataRegion:59 - Caching[hibernate.test.org.hibernate.cache.spi.UpdateTimestampsCache] : [DEPARTMENT] -> [5579089553637376]
14:12:30,556 DEBUG SQL:104 - 
    delete 
    from
        SALES_PERSON 
    where
        SALES_PERSON_ID=?
14:12:30,556 DEBUG BaseGeneralDataRegion:69 - Evicting[hibernate.test.org.hibernate.test.filter.Salesperson]: org.hibernate.test.filter.Salesperson#31
14:12:30,556 DEBUG BaseGeneralDataRegion:59 - Caching[hibernate.test.org.hibernate.cache.spi.UpdateTimestampsCache] : [SALES_PERSON] -> [5579089553637377]
14:12:30,556 DEBUG SQL:104 - 
    delete 
    from
        SALES_PERSON 
    where
        SALES_PERSON_ID=?
14:12:30,576 DEBUG BaseGeneralDataRegion:69 - Evicting[hibernate.test.org.hibernate.test.filter.Salesperson]: org.hibernate.test.filter.Salesperson#32
14:12:30,577 DEBUG BaseGeneralDataRegion:59 - Caching[hibernate.test.org.hibernate.cache.spi.UpdateTimestampsCache] : [SALES_PERSON] -> [5579089553723392]
14:12:30,577 DEBUG SQL:104 - 
    delete 
    from
        CATEGORY 
    where
        CAT_ID=?
14:12:30,577 DEBUG BaseGeneralDataRegion:69 - Evicting[hibernate.test.org.hibernate.test.filter.Category]: org.hibernate.test.filter.Category#40
14:12:30,577 DEBUG BaseGeneralDataRegion:59 - Caching[hibernate.test.org.hibernate.cache.spi.UpdateTimestampsCache] : [CATEGORY] -> [5579089553723393]
14:12:30,577 DEBUG SQL:104 - 
    delete 
    from
        CATEGORY 
    where
        CAT_ID=?
14:12:30,577 DEBUG BaseGeneralDataRegion:69 - Evicting[hibernate.test.org.hibernate.test.filter.Category]: org.hibernate.test.filter.Category#41
14:12:30,577 DEBUG BaseGeneralDataRegion:59 - Caching[hibernate.test.org.hibernate.cache.spi.UpdateTimestampsCache] : [CATEGORY] -> [5579089553723394]
14:12:30,578 DEBUG SQL:104 - 
    delete 
    from
        PRODUCT 
    where
        PROD_ID=?
14:12:30,578 DEBUG BaseGeneralDataRegion:69 - Evicting[hibernate.test.org.hibernate.test.filter.Product]: org.hibernate.test.filter.Product#40
14:12:30,585 DEBUG BaseGeneralDataRegion:59 - Caching[hibernate.test.org.hibernate.cache.spi.UpdateTimestampsCache] : [PRODUCT] -> [5579089553756160]
14:12:30,586 DEBUG SQL:104 - 
    delete 
    from
        ORDER_ITEM 
    where
        ITEM_ID=?
14:12:30,586 DEBUG BaseGeneralDataRegion:69 - Evicting[hibernate.test.org.hibernate.test.filter.LineItem]: org.hibernate.test.filter.LineItem#27
14:12:30,586 DEBUG BaseGeneralDataRegion:59 - Caching[hibernate.test.org.hibernate.cache.spi.UpdateTimestampsCache] : [ORDER_ITEM] -> [5579089553760256]
14:12:30,586 DEBUG SQL:104 - 
    delete 
    from
        T_ORDER 
    where
        ORDER_ID=?
14:12:30,586 DEBUG BaseGeneralDataRegion:69 - Evicting[hibernate.test.org.hibernate.test.filter.Order]: org.hibernate.test.filter.Order#27
14:12:30,587 DEBUG BaseGeneralDataRegion:59 - Caching[hibernate.test.org.hibernate.cache.spi.UpdateTimestampsCache] : [T_ORDER] -> [5579089553764352]
14:12:30,587 DEBUG SQL:104 - 
    delete 
    from
        CATEGORY 
    where
        CAT_ID=?
14:12:30,587 DEBUG BaseGeneralDataRegion:69 - Evicting[hibernate.test.org.hibernate.test.filter.Category]: org.hibernate.test.filter.Category#42
14:12:30,587 DEBUG BaseGeneralDataRegion:59 - Caching[hibernate.test.org.hibernate.cache.spi.UpdateTimestampsCache] : [CATEGORY] -> [5579089553764353]
14:12:30,587 DEBUG SQL:104 - 
    delete 
    from
        PRODUCT 
    where
        PROD_ID=?
14:12:30,596 DEBUG BaseGeneralDataRegion:69 - Evicting[hibernate.test.org.hibernate.test.filter.Product]: org.hibernate.test.filter.Product#41
14:12:30,596 DEBUG BaseGeneralDataRegion:59 - Caching[hibernate.test.org.hibernate.cache.spi.UpdateTimestampsCache] : [PRODUCT] -> [5579089553801216]
14:12:30,596 DEBUG SQL:104 - 
    delete 
    from
        PRODUCT 
    where
        PROD_ID=?
14:12:30,596 DEBUG BaseGeneralDataRegion:69 - Evicting[hibernate.test.org.hibernate.test.filter.Product]: org.hibernate.test.filter.Product#42
14:12:30,597 DEBUG BaseGeneralDataRegion:59 - Caching[hibernate.test.org.hibernate.cache.spi.UpdateTimestampsCache] : [PRODUCT] -> [5579089553805312]
14:12:30,597 DEBUG SQL:104 - 
    delete 
    from
        ORDER_ITEM 
    where
        ITEM_ID=?
14:12:30,597 DEBUG BaseGeneralDataRegion:69 - Evicting[hibernate.test.org.hibernate.test.filter.LineItem]: org.hibernate.test.filter.LineItem#28
14:12:30,597 DEBUG BaseGeneralDataRegion:59 - Caching[hibernate.test.org.hibernate.cache.spi.UpdateTimestampsCache] : [ORDER_ITEM] -> [5579089553805313]
14:12:30,597 DEBUG SQL:104 - 
    delete 
    from
        T_ORDER 
    where
        ORDER_ID=?
14:12:30,597 DEBUG BaseGeneralDataRegion:69 - Evicting[hibernate.test.org.hibernate.test.filter.Order]: org.hibernate.test.filter.Order#28
14:12:30,597 DEBUG BaseGeneralDataRegion:59 - Caching[hibernate.test.org.hibernate.cache.spi.UpdateTimestampsCache] : [T_ORDER] -> [5579089553805314]
14:12:30,598 DEBUG BaseGeneralDataRegion:69 - Evicting[hibernate.test.org.hibernate.test.filter.Salesperson]: org.hibernate.test.filter.Salesperson#31
14:12:30,598 DEBUG BaseGeneralDataRegion:69 - Evicting[hibernate.test.org.hibernate.test.filter.Salesperson]: org.hibernate.test.filter.Salesperson#32
14:12:30,598 DEBUG BaseGeneralDataRegion:69 - Evicting[hibernate.test.org.hibernate.test.filter.Order]: org.hibernate.test.filter.Order#27
14:12:30,606 DEBUG BaseGeneralDataRegion:69 - Evicting[hibernate.test.org.hibernate.test.filter.LineItem]: org.hibernate.test.filter.LineItem#27
14:12:30,606 DEBUG BaseGeneralDataRegion:69 - Evicting[hibernate.test.org.hibernate.test.filter.Order]: org.hibernate.test.filter.Order#28
14:12:30,606 DEBUG BaseGeneralDataRegion:69 - Evicting[hibernate.test.org.hibernate.test.filter.LineItem]: org.hibernate.test.filter.LineItem#28
14:12:30,606 DEBUG BaseGeneralDataRegion:69 - Evicting[hibernate.test.org.hibernate.test.filter.Product.orderLineItems]: org.hibernate.test.filter.Product.orderLineItems#40
14:12:30,606 DEBUG BaseGeneralDataRegion:69 - Evicting[hibernate.test.org.hibernate.test.filter.Product.orderLineItems]: org.hibernate.test.filter.Product.orderLineItems#41
14:12:30,606 DEBUG BaseGeneralDataRegion:69 - Evicting[hibernate.test.org.hibernate.test.filter.Product.orderLineItems]: org.hibernate.test.filter.Product.orderLineItems#42
14:12:30,606 DEBUG BaseGeneralDataRegion:69 - Evicting[hibernate.test.org.hibernate.test.filter.Product.categories]: org.hibernate.test.filter.Product.categories#42
14:12:30,606 DEBUG BaseGeneralDataRegion:69 - Evicting[hibernate.test.org.hibernate.test.filter.Department.salespersons]: org.hibernate.test.filter.Department.salespersons#14
14:12:30,606 DEBUG BaseGeneralDataRegion:69 - Evicting[hibernate.test.org.hibernate.test.filter.Salesperson.orders]: org.hibernate.test.filter.Salesperson.orders#31
14:12:30,607 DEBUG BaseGeneralDataRegion:69 - Evicting[hibernate.test.org.hibernate.test.filter.Salesperson.orders]: org.hibernate.test.filter.Salesperson.orders#32
14:12:30,607 DEBUG BaseGeneralDataRegion:69 - Evicting[hibernate.test.org.hibernate.test.filter.Product.categories]: org.hibernate.test.filter.Product.categories#40
14:12:30,607 DEBUG BaseGeneralDataRegion:69 - Evicting[hibernate.test.org.hibernate.test.filter.Category.products]: org.hibernate.test.filter.Category.products#40
14:12:30,607 DEBUG BaseGeneralDataRegion:69 - Evicting[hibernate.test.org.hibernate.test.filter.Category.products]: org.hibernate.test.filter.Category.products#41
14:12:30,607 DEBUG BaseGeneralDataRegion:69 - Evicting[hibernate.test.org.hibernate.test.filter.Order.lineItems]: org.hibernate.test.filter.Order.lineItems#27
14:12:30,607 DEBUG BaseGeneralDataRegion:69 - Evicting[hibernate.test.org.hibernate.test.filter.Product.categories]: org.hibernate.test.filter.Product.categories#41
14:12:30,607 DEBUG BaseGeneralDataRegion:69 - Evicting[hibernate.test.org.hibernate.test.filter.Category.products]: org.hibernate.test.filter.Category.products#42
14:12:30,607 DEBUG BaseGeneralDataRegion:69 - Evicting[hibernate.test.org.hibernate.test.filter.Order.lineItems]: org.hibernate.test.filter.Order.lineItems#28
14:12:30,607 DEBUG BaseGeneralDataRegion:69 - Evicting[hibernate.test.org.hibernate.test.filter.Department]: org.hibernate.test.filter.Department#14
14:12:30,607 DEBUG BaseGeneralDataRegion:69 - Evicting[hibernate.test.org.hibernate.test.filter.Salesperson]: org.hibernate.test.filter.Salesperson#31
14:12:30,607 DEBUG BaseGeneralDataRegion:69 - Evicting[hibernate.test.org.hibernate.test.filter.Salesperson]: org.hibernate.test.filter.Salesperson#32
14:12:30,608 DEBUG BaseGeneralDataRegion:69 - Evicting[hibernate.test.org.hibernate.test.filter.Category]: org.hibernate.test.filter.Category#40
14:12:30,608 DEBUG BaseGeneralDataRegion:69 - Evicting[hibernate.test.org.hibernate.test.filter.Category]: org.hibernate.test.filter.Category#41
14:12:30,608 DEBUG BaseGeneralDataRegion:69 - Evicting[hibernate.test.org.hibernate.test.filter.Product]: org.hibernate.test.filter.Product#40
14:12:30,608 DEBUG BaseGeneralDataRegion:69 - Evicting[hibernate.test.org.hibernate.test.filter.LineItem]: org.hibernate.test.filter.LineItem#27
14:12:30,608 DEBUG BaseGeneralDataRegion:69 - Evicting[hibernate.test.org.hibernate.test.filter.Order]: org.hibernate.test.filter.Order#27
14:12:30,608 DEBUG BaseGeneralDataRegion:69 - Evicting[hibernate.test.org.hibernate.test.filter.Category]: org.hibernate.test.filter.Category#42
14:12:30,608 DEBUG BaseGeneralDataRegion:69 - Evicting[hibernate.test.org.hibernate.test.filter.Product]: org.hibernate.test.filter.Product#41
14:12:30,608 DEBUG BaseGeneralDataRegion:69 - Evicting[hibernate.test.org.hibernate.test.filter.Product]: org.hibernate.test.filter.Product#42
14:12:30,608 DEBUG BaseGeneralDataRegion:69 - Evicting[hibernate.test.org.hibernate.test.filter.LineItem]: org.hibernate.test.filter.LineItem#28
14:12:30,616 DEBUG BaseGeneralDataRegion:69 - Evicting[hibernate.test.org.hibernate.test.filter.Order]: org.hibernate.test.filter.Order#28
14:12:30,616 DEBUG BaseGeneralDataRegion:59 - Caching[hibernate.test.org.hibernate.cache.spi.UpdateTimestampsCache] : [CATEGORY] -> [5579089308123136]
14:12:30,617 DEBUG BaseGeneralDataRegion:59 - Caching[hibernate.test.org.hibernate.cache.spi.UpdateTimestampsCache] : [ORDER_ITEM] -> [5579089308123136]
14:12:30,617 DEBUG BaseGeneralDataRegion:59 - Caching[hibernate.test.org.hibernate.cache.spi.UpdateTimestampsCache] : [SALES_PERSON] -> [5579089308123136]
14:12:30,617 DEBUG BaseGeneralDataRegion:59 - Caching[hibernate.test.org.hibernate.cache.spi.UpdateTimestampsCache] : [T_ORDER] -> [5579089308123136]
14:12:30,617 DEBUG BaseGeneralDataRegion:59 - Caching[hibernate.test.org.hibernate.cache.spi.UpdateTimestampsCache] : [PRODUCT] -> [5579089308123136]
14:12:30,617 DEBUG BaseGeneralDataRegion:59 - Caching[hibernate.test.org.hibernate.cache.spi.UpdateTimestampsCache] : [DEPARTMENT] -> [5579089308123136]
14:12:30,617 DEBUG BaseGeneralDataRegion:59 - Caching[hibernate.test.org.hibernate.cache.spi.UpdateTimestampsCache] : [PROD_CAT] -> [5579089308123136]
14:12:30,617  INFO CustomRunner:139 - Test: testManyToManyFilterOnLoad
14:12:30,618 DEBUG SQL:104 - 
    insert 
    into
        DEPARTMENT
        (DEPT_ID, REG) 
    values
        (null, ?)
14:12:30,619 DEBUG BaseGeneralDataRegion:59 - Caching[hibernate.test.org.hibernate.cache.spi.UpdateTimestampsCache] : [DEPARTMENT] -> [5579089553895424]
14:12:30,619 DEBUG SQL:104 - 
    insert 
    into
        SALES_PERSON
        (SALES_PERSON_ID, NAME, REG, DEPT_ID, "hire dt") 
    values
        (null, ?, ?, ?, ?)
14:12:30,620 DEBUG BaseGeneralDataRegion:59 - Caching[hibernate.test.org.hibernate.cache.spi.UpdateTimestampsCache] : [SALES_PERSON] -> [5579089553899520]
14:12:30,620 DEBUG SQL:104 - 
    insert 
    into
        SALES_PERSON
        (SALES_PERSON_ID, NAME, REG, DEPT_ID, "hire dt") 
    values
        (null, ?, ?, ?, ?)
14:12:30,627 DEBUG BaseGeneralDataRegion:59 - Caching[hibernate.test.org.hibernate.cache.spi.UpdateTimestampsCache] : [SALES_PERSON] -> [5579089553928192]
14:12:30,627 DEBUG SQL:104 - 
    insert 
    into
        PRODUCT
        (PROD_ID, name, STOCK_NUM, weight_kg, eff_start_dt, eff_end_dt) 
    values
        (null, ?, ?, 0.453E0 * ?, ?, ?)
14:12:30,628 DEBUG BaseGeneralDataRegion:59 - Caching[hibernate.test.org.hibernate.cache.spi.UpdateTimestampsCache] : [PRODUCT] -> [5579089553932288]
14:12:30,628 DEBUG SQL:104 - 
    insert 
    into
        CATEGORY
        (CAT_ID, name, eff_start_dt, eff_end_dt) 
    values
        (null, ?, ?, ?)
14:12:30,628 DEBUG BaseGeneralDataRegion:59 - Caching[hibernate.test.org.hibernate.cache.spi.UpdateTimestampsCache] : [CATEGORY] -> [5579089553932289]
14:12:30,628 DEBUG SQL:104 - 
    insert 
    into
        CATEGORY
        (CAT_ID, name, eff_start_dt, eff_end_dt) 
    values
        (null, ?, ?, ?)
14:12:30,636 DEBUG BaseGeneralDataRegion:59 - Caching[hibernate.test.org.hibernate.cache.spi.UpdateTimestampsCache] : [CATEGORY] -> [5579089553965056]
14:12:30,637 DEBUG SQL:104 - 
    insert 
    into
        T_ORDER
        (ORDER_ID, REG, BUYER, "ord dt", "close dt", SALES_PERSON_ID) 
    values
        (null, ?, ?, ?, ?, ?)
14:12:30,637 DEBUG BaseGeneralDataRegion:59 - Caching[hibernate.test.org.hibernate.cache.spi.UpdateTimestampsCache] : [T_ORDER] -> [5579089553969152]
14:12:30,637 DEBUG SQL:104 - 
    insert 
    into
        ORDER_ITEM
        (ITEM_ID, ORDER_ID, SEQ, PRODUCT_ID, AMT) 
    values
        (null, ?, ?, ?, ?)
14:12:30,638 DEBUG BaseGeneralDataRegion:59 - Caching[hibernate.test.org.hibernate.cache.spi.UpdateTimestampsCache] : [ORDER_ITEM] -> [5579089553973248]
14:12:30,638 DEBUG SQL:104 - 
    insert 
    into
        PRODUCT
        (PROD_ID, name, STOCK_NUM, weight_kg, eff_start_dt, eff_end_dt) 
    values
        (null, ?, ?, 0.453E0 * ?, ?, ?)
14:12:30,638 DEBUG BaseGeneralDataRegion:59 - Caching[hibernate.test.org.hibernate.cache.spi.UpdateTimestampsCache] : [PRODUCT] -> [5579089553973249]
14:12:30,638 DEBUG SQL:104 - 
    insert 
    into
        CATEGORY
        (CAT_ID, name, eff_start_dt, eff_end_dt) 
    values
        (null, ?, ?, ?)
14:12:30,648 DEBUG BaseGeneralDataRegion:59 - Caching[hibernate.test.org.hibernate.cache.spi.UpdateTimestampsCache] : [CATEGORY] -> [5579089554014208]
14:12:30,648 DEBUG SQL:104 - 
    insert 
    into
        PRODUCT
        (PROD_ID, name, STOCK_NUM, weight_kg, eff_start_dt, eff_end_dt) 
    values
        (null, ?, ?, 0.453E0 * ?, ?, ?)
14:12:30,648 DEBUG BaseGeneralDataRegion:59 - Caching[hibernate.test.org.hibernate.cache.spi.UpdateTimestampsCache] : [PRODUCT] -> [5579089554014209]
14:12:30,649 DEBUG SQL:104 - 
    insert 
    into
        T_ORDER
        (ORDER_ID, REG, BUYER, "ord dt", "close dt", SALES_PERSON_ID) 
    values
        (null, ?, ?, ?, ?, ?)
14:12:30,649 DEBUG BaseGeneralDataRegion:59 - Caching[hibernate.test.org.hibernate.cache.spi.UpdateTimestampsCache] : [T_ORDER] -> [5579089554018304]
14:12:30,649 DEBUG SQL:104 - 
    insert 
    into
        ORDER_ITEM
        (ITEM_ID, ORDER_ID, SEQ, PRODUCT_ID, AMT) 
    values
        (null, ?, ?, ?, ?)
14:12:30,649 DEBUG BaseGeneralDataRegion:59 - Caching[hibernate.test.org.hibernate.cache.spi.UpdateTimestampsCache] : [ORDER_ITEM] -> [5579089554018305]
14:12:30,650 DEBUG SQL:104 - 
    update
        PRODUCT 
    set
        name=?,
        STOCK_NUM=?,
        weight_kg=0.453E0 * ?,
        eff_start_dt=?,
        eff_end_dt=? 
    where
        PROD_ID=?
14:12:30,658 DEBUG BaseGeneralDataRegion:69 - Evicting[hibernate.test.org.hibernate.test.filter.Product]: org.hibernate.test.filter.Product#43
14:12:30,658 DEBUG BaseGeneralDataRegion:59 - Caching[hibernate.test.org.hibernate.cache.spi.UpdateTimestampsCache] : [PRODUCT] -> [5579089554055168]
14:12:30,658 DEBUG BaseGeneralDataRegion:69 - Evicting[hibernate.test.org.hibernate.test.filter.Department.salespersons]: org.hibernate.test.filter.Department.salespersons#15
14:12:30,658 DEBUG BaseGeneralDataRegion:59 - Caching[hibernate.test.org.hibernate.cache.spi.UpdateTimestampsCache] : [SALES_PERSON] -> [5579089554055169]
14:12:30,658 DEBUG BaseGeneralDataRegion:69 - Evicting[hibernate.test.org.hibernate.test.filter.Salesperson.orders]: org.hibernate.test.filter.Salesperson.orders#33
14:12:30,658 DEBUG BaseGeneralDataRegion:59 - Caching[hibernate.test.org.hibernate.cache.spi.UpdateTimestampsCache] : [T_ORDER] -> [5579089554055170]
14:12:30,659 DEBUG BaseGeneralDataRegion:69 - Evicting[hibernate.test.org.hibernate.test.filter.Salesperson.orders]: org.hibernate.test.filter.Salesperson.orders#34
14:12:30,659 DEBUG BaseGeneralDataRegion:59 - Caching[hibernate.test.org.hibernate.cache.spi.UpdateTimestampsCache] : [T_ORDER] -> [5579089554059264]
14:12:30,659 DEBUG SQL:104 - 
    insert 
    into
        PROD_CAT
        (PROD_ID, CAT_ID) 
    values
        (?, ?)
14:12:30,659 DEBUG SQL:104 - 
    insert 
    into
        PROD_CAT
        (PROD_ID, CAT_ID) 
    values
        (?, ?)
14:12:30,659 DEBUG BaseGeneralDataRegion:69 - Evicting[hibernate.test.org.hibernate.test.filter.Product.categories]: org.hibernate.test.filter.Product.categories#43
14:12:30,659 DEBUG BaseGeneralDataRegion:59 - Caching[hibernate.test.org.hibernate.cache.spi.UpdateTimestampsCache] : [PROD_CAT] -> [5579089554059265]
14:12:30,659 DEBUG BaseGeneralDataRegion:69 - Evicting[hibernate.test.org.hibernate.test.filter.Category.products]: org.hibernate.test.filter.Category.products#43
14:12:30,659 DEBUG BaseGeneralDataRegion:59 - Caching[hibernate.test.org.hibernate.cache.spi.UpdateTimestampsCache] : [PROD_CAT] -> [5579089554059266]
14:12:30,660 DEBUG BaseGeneralDataRegion:69 - Evicting[hibernate.test.org.hibernate.test.filter.Category.products]: org.hibernate.test.filter.Category.products#44
14:12:30,660 DEBUG BaseGeneralDataRegion:59 - Caching[hibernate.test.org.hibernate.cache.spi.UpdateTimestampsCache] : [PROD_CAT] -> [5579089554063360]
14:12:30,660 DEBUG BaseGeneralDataRegion:69 - Evicting[hibernate.test.org.hibernate.test.filter.Order.lineItems]: org.hibernate.test.filter.Order.lineItems#29
14:12:30,660 DEBUG BaseGeneralDataRegion:59 - Caching[hibernate.test.org.hibernate.cache.spi.UpdateTimestampsCache] : [ORDER_ITEM] -> [5579089554063361]
14:12:30,660 DEBUG SQL:104 - 
    insert 
    into
        PROD_CAT
        (PROD_ID, CAT_ID) 
    values
        (?, ?)
14:12:30,660 DEBUG BaseGeneralDataRegion:69 - Evicting[hibernate.test.org.hibernate.test.filter.Product.categories]: org.hibernate.test.filter.Product.categories#44
14:12:30,660 DEBUG BaseGeneralDataRegion:59 - Caching[hibernate.test.org.hibernate.cache.spi.UpdateTimestampsCache] : [PROD_CAT] -> [5579089554063362]
14:12:30,660 DEBUG BaseGeneralDataRegion:69 - Evicting[hibernate.test.org.hibernate.test.filter.Category.products]: org.hibernate.test.filter.Category.products#45
14:12:30,660 DEBUG BaseGeneralDataRegion:59 - Caching[hibernate.test.org.hibernate.cache.spi.UpdateTimestampsCache] : [PROD_CAT] -> [5579089554063363]
14:12:30,661 DEBUG BaseGeneralDataRegion:69 - Evicting[hibernate.test.org.hibernate.test.filter.Order.lineItems]: org.hibernate.test.filter.Order.lineItems#30
14:12:30,661 DEBUG BaseGeneralDataRegion:59 - Caching[hibernate.test.org.hibernate.cache.spi.UpdateTimestampsCache] : [ORDER_ITEM] -> [5579089554067456]
14:12:30,661 DEBUG BaseGeneralDataRegion:69 - Evicting[hibernate.test.org.hibernate.test.filter.Product]: org.hibernate.test.filter.Product#43
14:12:30,661 DEBUG BaseGeneralDataRegion:69 - Evicting[hibernate.test.org.hibernate.test.filter.Department.salespersons]: org.hibernate.test.filter.Department.salespersons#15
14:12:30,661 DEBUG BaseGeneralDataRegion:69 - Evicting[hibernate.test.org.hibernate.test.filter.Salesperson.orders]: org.hibernate.test.filter.Salesperson.orders#33
14:12:30,661 DEBUG BaseGeneralDataRegion:69 - Evicting[hibernate.test.org.hibernate.test.filter.Salesperson.orders]: org.hibernate.test.filter.Salesperson.orders#34
14:12:30,661 DEBUG BaseGeneralDataRegion:69 - Evicting[hibernate.test.org.hibernate.test.filter.Product.categories]: org.hibernate.test.filter.Product.categories#43
14:12:30,670 DEBUG BaseGeneralDataRegion:69 - Evicting[hibernate.test.org.hibernate.test.filter.Category.products]: org.hibernate.test.filter.Category.products#43
14:12:30,671 DEBUG BaseGeneralDataRegion:69 - Evicting[hibernate.test.org.hibernate.test.filter.Category.products]: org.hibernate.test.filter.Category.products#44
14:12:30,671 DEBUG BaseGeneralDataRegion:69 - Evicting[hibernate.test.org.hibernate.test.filter.Order.lineItems]: org.hibernate.test.filter.Order.lineItems#29
14:12:30,671 DEBUG BaseGeneralDataRegion:69 - Evicting[hibernate.test.org.hibernate.test.filter.Product.categories]: org.hibernate.test.filter.Product.categories#44
14:12:30,671 DEBUG BaseGeneralDataRegion:69 - Evicting[hibernate.test.org.hibernate.test.filter.Category.products]: org.hibernate.test.filter.Category.products#45
14:12:30,671 DEBUG BaseGeneralDataRegion:69 - Evicting[hibernate.test.org.hibernate.test.filter.Order.lineItems]: org.hibernate.test.filter.Order.lineItems#30
14:12:30,671 DEBUG BaseGeneralDataRegion:59 - Caching[hibernate.test.org.hibernate.cache.spi.UpdateTimestampsCache] : [ORDER_ITEM] -> [5579089308348416]
14:12:30,671 DEBUG BaseGeneralDataRegion:59 - Caching[hibernate.test.org.hibernate.cache.spi.UpdateTimestampsCache] : [CATEGORY] -> [5579089308348416]
14:12:30,671 DEBUG BaseGeneralDataRegion:59 - Caching[hibernate.test.org.hibernate.cache.spi.UpdateTimestampsCache] : [SALES_PERSON] -> [5579089308348416]
14:12:30,671 DEBUG BaseGeneralDataRegion:59 - Caching[hibernate.test.org.hibernate.cache.spi.UpdateTimestampsCache] : [T_ORDER] -> [5579089308348416]
14:12:30,672 DEBUG BaseGeneralDataRegion:59 - Caching[hibernate.test.org.hibernate.cache.spi.UpdateTimestampsCache] : [PRODUCT] -> [5579089308348416]
14:12:30,672 DEBUG BaseGeneralDataRegion:59 - Caching[hibernate.test.org.hibernate.cache.spi.UpdateTimestampsCache] : [DEPARTMENT] -> [5579089308348416]
14:12:30,672 DEBUG BaseGeneralDataRegion:59 - Caching[hibernate.test.org.hibernate.cache.spi.UpdateTimestampsCache] : [PROD_CAT] -> [5579089308348416]
14:12:30,672 DEBUG BaseGeneralDataRegion:46 - Cache[hibernate.test.org.hibernate.test.filter.Product] lookup : key[org.hibernate.test.filter.Product#43]
14:12:30,672 DEBUG SQL:104 - 
    select
        product0_.PROD_ID as PROD1_3_1_,
        product0_.name as name3_1_,
        product0_.STOCK_NUM as STOCK3_3_1_,
        product0_.weight_kg / 0.453E0 as weight4_3_1_,
        product0_.eff_start_dt as eff5_3_1_,
        product0_.eff_end_dt as eff6_3_1_,
        categories1_.PROD_ID as PROD1_3_3_,
        category2_.CAT_ID as CAT2_4_3_,
        category2_.CAT_ID as CAT1_0_0_,
        category2_.name as name0_0_,
        category2_.eff_start_dt as eff3_0_0_,
        category2_.eff_end_dt as eff4_0_0_ 
    from
        PRODUCT product0_ 
    left outer join
        PROD_CAT categories1_ 
            on product0_.PROD_ID=categories1_.PROD_ID 
    left outer join
        CATEGORY category2_ 
            on categories1_.CAT_ID=category2_.CAT_ID 
            and ? BETWEEN category2_.eff_start_dt and category2_.eff_end_dt 
    where
        product0_.PROD_ID=?
14:12:30,680 DEBUG BaseRegionAccessStrategy:66 - Caching: org.hibernate.test.filter.Product#43
14:12:30,680 DEBUG BaseGeneralDataRegion:59 - Caching[hibernate.test.org.hibernate.test.filter.Product] : [org.hibernate.test.filter.Product#43] -> [CacheEntry(org.hibernate.test.filter.Product)[Acme Hair Gel,123,10.0,2013-01-28 14:12:30.618,2013-03-28 14:12:30.618,43,43]]
14:12:30,681 DEBUG BaseRegionAccessStrategy:66 - Caching: org.hibernate.test.filter.Category#44
14:12:30,681 DEBUG BaseGeneralDataRegion:59 - Caching[hibernate.test.org.hibernate.test.filter.Category] : [org.hibernate.test.filter.Category#44] -> [CacheEntry(org.hibernate.test.filter.Category)[test cat 1,2013-01-28 14:12:30.618,2013-03-28 14:12:30.618,44]]
 ===> test cat 1
14:12:30,682 DEBUG SQL:104 - 
    update
        SALES_PERSON 
    set
        NAME=?,
        REG=?,
        DEPT_ID=?,
        "hire dt"=? 
    where
        SALES_PERSON_ID=?
14:12:30,683 DEBUG BaseGeneralDataRegion:69 - Evicting[hibernate.test.org.hibernate.test.filter.Salesperson]: org.hibernate.test.filter.Salesperson#33
14:12:30,683 DEBUG BaseGeneralDataRegion:59 - Caching[hibernate.test.org.hibernate.cache.spi.UpdateTimestampsCache] : [SALES_PERSON] -> [5579089554157568]
14:12:30,683 DEBUG SQL:104 - 
    update
        SALES_PERSON 
    set
        NAME=?,
        REG=?,
        DEPT_ID=?,
        "hire dt"=? 
    where
        SALES_PERSON_ID=?
14:12:30,683 DEBUG BaseGeneralDataRegion:69 - Evicting[hibernate.test.org.hibernate.test.filter.Salesperson]: org.hibernate.test.filter.Salesperson#34
14:12:30,683 DEBUG BaseGeneralDataRegion:59 - Caching[hibernate.test.org.hibernate.cache.spi.UpdateTimestampsCache] : [SALES_PERSON] -> [5579089554157569]
14:12:30,683 DEBUG SQL:104 - 
    update
        T_ORDER 
    set
        REG=?,
        BUYER=?,
        "ord dt"=?,
        "close dt"=?,
        SALES_PERSON_ID=? 
    where
        ORDER_ID=?
14:12:30,701 DEBUG BaseGeneralDataRegion:69 - Evicting[hibernate.test.org.hibernate.test.filter.Order]: org.hibernate.test.filter.Order#29
14:12:30,702 DEBUG BaseGeneralDataRegion:59 - Caching[hibernate.test.org.hibernate.cache.spi.UpdateTimestampsCache] : [T_ORDER] -> [5579089554235392]
14:12:30,702 DEBUG SQL:104 - 
    update
        ORDER_ITEM 
    set
        ORDER_ID=?,
        SEQ=?,
        PRODUCT_ID=?,
        AMT=? 
    where
        ITEM_ID=?
14:12:30,702 DEBUG BaseGeneralDataRegion:69 - Evicting[hibernate.test.org.hibernate.test.filter.LineItem]: org.hibernate.test.filter.LineItem#29
14:12:30,702 DEBUG BaseGeneralDataRegion:59 - Caching[hibernate.test.org.hibernate.cache.spi.UpdateTimestampsCache] : [ORDER_ITEM] -> [5579089554235393]
14:12:30,702 DEBUG SQL:104 - 
    update
        T_ORDER 
    set
        REG=?,
        BUYER=?,
        "ord dt"=?,
        "close dt"=?,
        SALES_PERSON_ID=? 
    where
        ORDER_ID=?
14:12:30,711 DEBUG BaseGeneralDataRegion:69 - Evicting[hibernate.test.org.hibernate.test.filter.Order]: org.hibernate.test.filter.Order#30
14:12:30,711 DEBUG BaseGeneralDataRegion:59 - Caching[hibernate.test.org.hibernate.cache.spi.UpdateTimestampsCache] : [T_ORDER] -> [5579089554272256]
14:12:30,711 DEBUG SQL:104 - 
    update
        ORDER_ITEM 
    set
        ORDER_ID=?,
        SEQ=?,
        PRODUCT_ID=?,
        AMT=? 
    where
        ITEM_ID=?
14:12:30,712 DEBUG BaseGeneralDataRegion:69 - Evicting[hibernate.test.org.hibernate.test.filter.LineItem]: org.hibernate.test.filter.LineItem#30
14:12:30,712 DEBUG BaseGeneralDataRegion:59 - Caching[hibernate.test.org.hibernate.cache.spi.UpdateTimestampsCache] : [ORDER_ITEM] -> [5579089554276352]
14:12:30,712 DEBUG BaseGeneralDataRegion:69 - Evicting[hibernate.test.org.hibernate.test.filter.Product.orderLineItems]: org.hibernate.test.filter.Product.orderLineItems#43
14:12:30,712 DEBUG BaseGeneralDataRegion:59 - Caching[hibernate.test.org.hibernate.cache.spi.UpdateTimestampsCache] : [ORDER_ITEM] -> [5579089554276353]
14:12:30,712 DEBUG BaseGeneralDataRegion:69 - Evicting[hibernate.test.org.hibernate.test.filter.Product.orderLineItems]: org.hibernate.test.filter.Product.orderLineItems#44
14:12:30,712 DEBUG BaseGeneralDataRegion:59 - Caching[hibernate.test.org.hibernate.cache.spi.UpdateTimestampsCache] : [ORDER_ITEM] -> [5579089554276354]
14:12:30,712 DEBUG BaseGeneralDataRegion:69 - Evicting[hibernate.test.org.hibernate.test.filter.Product.orderLineItems]: org.hibernate.test.filter.Product.orderLineItems#45
14:12:30,712 DEBUG BaseGeneralDataRegion:59 - Caching[hibernate.test.org.hibernate.cache.spi.UpdateTimestampsCache] : [ORDER_ITEM] -> [5579089554276355]
14:12:30,713 DEBUG SQL:104 - 
    delete 
    from
        PROD_CAT 
    where
        PROD_ID=?
14:12:30,713 DEBUG BaseGeneralDataRegion:69 - Evicting[hibernate.test.org.hibernate.test.filter.Product.categories]: org.hibernate.test.filter.Product.categories#45
14:12:30,713 DEBUG BaseGeneralDataRegion:59 - Caching[hibernate.test.org.hibernate.cache.spi.UpdateTimestampsCache] : [PROD_CAT] -> [5579089554280448]
14:12:30,721 DEBUG BaseGeneralDataRegion:69 - Evicting[hibernate.test.org.hibernate.test.filter.Department.salespersons]: org.hibernate.test.filter.Department.salespersons#15
14:12:30,721 DEBUG BaseGeneralDataRegion:59 - Caching[hibernate.test.org.hibernate.cache.spi.UpdateTimestampsCache] : [SALES_PERSON] -> [5579089554313216]
14:12:30,721 DEBUG BaseGeneralDataRegion:69 - Evicting[hibernate.test.org.hibernate.test.filter.Salesperson.orders]: org.hibernate.test.filter.Salesperson.orders#33
14:12:30,722 DEBUG BaseGeneralDataRegion:59 - Caching[hibernate.test.org.hibernate.cache.spi.UpdateTimestampsCache] : [T_ORDER] -> [5579089554317312]
14:12:30,722 DEBUG BaseGeneralDataRegion:69 - Evicting[hibernate.test.org.hibernate.test.filter.Salesperson.orders]: org.hibernate.test.filter.Salesperson.orders#34
14:12:30,722 DEBUG BaseGeneralDataRegion:59 - Caching[hibernate.test.org.hibernate.cache.spi.UpdateTimestampsCache] : [T_ORDER] -> [5579089554317313]
14:12:30,722 DEBUG SQL:104 - 
    delete 
    from
        PROD_CAT 
    where
        PROD_ID=?
14:12:30,722 DEBUG BaseGeneralDataRegion:69 - Evicting[hibernate.test.org.hibernate.test.filter.Product.categories]: org.hibernate.test.filter.Product.categories#43
14:12:30,722 DEBUG BaseGeneralDataRegion:59 - Caching[hibernate.test.org.hibernate.cache.spi.UpdateTimestampsCache] : [PROD_CAT] -> [5579089554317314]
14:12:30,722 DEBUG BaseGeneralDataRegion:69 - Evicting[hibernate.test.org.hibernate.test.filter.Category.products]: org.hibernate.test.filter.Category.products#43
14:12:30,722 DEBUG BaseGeneralDataRegion:59 - Caching[hibernate.test.org.hibernate.cache.spi.UpdateTimestampsCache] : [PROD_CAT] -> [5579089554317315]
14:12:30,723 DEBUG BaseGeneralDataRegion:69 - Evicting[hibernate.test.org.hibernate.test.filter.Category.products]: org.hibernate.test.filter.Category.products#44
14:12:30,723 DEBUG BaseGeneralDataRegion:59 - Caching[hibernate.test.org.hibernate.cache.spi.UpdateTimestampsCache] : [PROD_CAT] -> [5579089554321408]
14:12:30,723 DEBUG BaseGeneralDataRegion:69 - Evicting[hibernate.test.org.hibernate.test.filter.Order.lineItems]: org.hibernate.test.filter.Order.lineItems#29
14:12:30,723 DEBUG BaseGeneralDataRegion:59 - Caching[hibernate.test.org.hibernate.cache.spi.UpdateTimestampsCache] : [ORDER_ITEM] -> [5579089554321409]
14:12:30,723 DEBUG SQL:104 - 
    delete 
    from
        PROD_CAT 
    where
        PROD_ID=?
14:12:30,723 DEBUG BaseGeneralDataRegion:69 - Evicting[hibernate.test.org.hibernate.test.filter.Product.categories]: org.hibernate.test.filter.Product.categories#44
14:12:30,723 DEBUG BaseGeneralDataRegion:59 - Caching[hibernate.test.org.hibernate.cache.spi.UpdateTimestampsCache] : [PROD_CAT] -> [5579089554321410]
14:12:30,732 DEBUG BaseGeneralDataRegion:69 - Evicting[hibernate.test.org.hibernate.test.filter.Category.products]: org.hibernate.test.filter.Category.products#45
14:12:30,732 DEBUG BaseGeneralDataRegion:59 - Caching[hibernate.test.org.hibernate.cache.spi.UpdateTimestampsCache] : [PROD_CAT] -> [5579089554358272]
14:12:30,732 DEBUG BaseGeneralDataRegion:69 - Evicting[hibernate.test.org.hibernate.test.filter.Order.lineItems]: org.hibernate.test.filter.Order.lineItems#30
14:12:30,733 DEBUG BaseGeneralDataRegion:59 - Caching[hibernate.test.org.hibernate.cache.spi.UpdateTimestampsCache] : [ORDER_ITEM] -> [5579089554358273]
14:12:30,733 DEBUG SQL:104 - 
    delete 
    from
        DEPARTMENT 
    where
        DEPT_ID=?
14:12:30,733 DEBUG BaseGeneralDataRegion:69 - Evicting[hibernate.test.org.hibernate.test.filter.Department]: org.hibernate.test.filter.Department#15
14:12:30,733 DEBUG BaseGeneralDataRegion:59 - Caching[hibernate.test.org.hibernate.cache.spi.UpdateTimestampsCache] : [DEPARTMENT] -> [5579089554362368]
14:12:30,733 DEBUG SQL:104 - 
    delete 
    from
        SALES_PERSON 
    where
        SALES_PERSON_ID=?
14:12:30,733 DEBUG BaseGeneralDataRegion:69 - Evicting[hibernate.test.org.hibernate.test.filter.Salesperson]: org.hibernate.test.filter.Salesperson#33
14:12:30,734 DEBUG BaseGeneralDataRegion:59 - Caching[hibernate.test.org.hibernate.cache.spi.UpdateTimestampsCache] : [SALES_PERSON] -> [5579089554366464]
14:12:30,734 DEBUG SQL:104 - 
    delete 
    from
        SALES_PERSON 
    where
        SALES_PERSON_ID=?
14:12:30,734 DEBUG BaseGeneralDataRegion:69 - Evicting[hibernate.test.org.hibernate.test.filter.Salesperson]: org.hibernate.test.filter.Salesperson#34
14:12:30,734 DEBUG BaseGeneralDataRegion:59 - Caching[hibernate.test.org.hibernate.cache.spi.UpdateTimestampsCache] : [SALES_PERSON] -> [5579089554366465]
14:12:30,734 DEBUG SQL:104 - 
    delete 
    from
        CATEGORY 
    where
        CAT_ID=?
14:12:30,743 DEBUG BaseGeneralDataRegion:69 - Evicting[hibernate.test.org.hibernate.test.filter.Category]: org.hibernate.test.filter.Category#43
14:12:30,744 DEBUG BaseGeneralDataRegion:59 - Caching[hibernate.test.org.hibernate.cache.spi.UpdateTimestampsCache] : [CATEGORY] -> [5579089554407424]
14:12:30,744 DEBUG SQL:104 - 
    delete 
    from
        CATEGORY 
    where
        CAT_ID=?
14:12:30,744 DEBUG BaseGeneralDataRegion:69 - Evicting[hibernate.test.org.hibernate.test.filter.Category]: org.hibernate.test.filter.Category#44
14:12:30,744 DEBUG BaseGeneralDataRegion:59 - Caching[hibernate.test.org.hibernate.cache.spi.UpdateTimestampsCache] : [CATEGORY] -> [5579089554407425]
14:12:30,744 DEBUG SQL:104 - 
    delete 
    from
        PRODUCT 
    where
        PROD_ID=?
14:12:30,744 DEBUG BaseGeneralDataRegion:69 - Evicting[hibernate.test.org.hibernate.test.filter.Product]: org.hibernate.test.filter.Product#43
14:12:30,744 DEBUG BaseGeneralDataRegion:59 - Caching[hibernate.test.org.hibernate.cache.spi.UpdateTimestampsCache] : [PRODUCT] -> [5579089554407426]
14:12:30,745 DEBUG SQL:104 - 
    delete 
    from
        ORDER_ITEM 
    where
        ITEM_ID=?
14:12:30,745 DEBUG BaseGeneralDataRegion:69 - Evicting[hibernate.test.org.hibernate.test.filter.LineItem]: org.hibernate.test.filter.LineItem#29
14:12:30,752 DEBUG BaseGeneralDataRegion:59 - Caching[hibernate.test.org.hibernate.cache.spi.UpdateTimestampsCache] : [ORDER_ITEM] -> [5579089554440192]
14:12:30,752 DEBUG SQL:104 - 
    delete 
    from
        T_ORDER 
    where
        ORDER_ID=?
14:12:30,753 DEBUG BaseGeneralDataRegion:69 - Evicting[hibernate.test.org.hibernate.test.filter.Order]: org.hibernate.test.filter.Order#29
14:12:30,753 DEBUG BaseGeneralDataRegion:59 - Caching[hibernate.test.org.hibernate.cache.spi.UpdateTimestampsCache] : [T_ORDER] -> [5579089554444288]
14:12:30,753 DEBUG SQL:104 - 
    delete 
    from
        CATEGORY 
    where
        CAT_ID=?
14:12:30,753 DEBUG BaseGeneralDataRegion:69 - Evicting[hibernate.test.org.hibernate.test.filter.Category]: org.hibernate.test.filter.Category#45
14:12:30,753 DEBUG BaseGeneralDataRegion:59 - Caching[hibernate.test.org.hibernate.cache.spi.UpdateTimestampsCache] : [CATEGORY] -> [5579089554444289]
14:12:30,753 DEBUG SQL:104 - 
    delete 
    from
        PRODUCT 
    where
        PROD_ID=?
14:12:30,753 DEBUG BaseGeneralDataRegion:69 - Evicting[hibernate.test.org.hibernate.test.filter.Product]: org.hibernate.test.filter.Product#44
14:12:30,754 DEBUG BaseGeneralDataRegion:59 - Caching[hibernate.test.org.hibernate.cache.spi.UpdateTimestampsCache] : [PRODUCT] -> [5579089554448384]
14:12:30,754 DEBUG SQL:104 - 
    delete 
    from
        PRODUCT 
    where
        PROD_ID=?
14:12:30,763 DEBUG BaseGeneralDataRegion:69 - Evicting[hibernate.test.org.hibernate.test.filter.Product]: org.hibernate.test.filter.Product#45
14:12:30,764 DEBUG BaseGeneralDataRegion:59 - Caching[hibernate.test.org.hibernate.cache.spi.UpdateTimestampsCache] : [PRODUCT] -> [5579089554489344]
14:12:30,764 DEBUG SQL:104 - 
    delete 
    from
        ORDER_ITEM 
    where
        ITEM_ID=?
14:12:30,764 DEBUG BaseGeneralDataRegion:69 - Evicting[hibernate.test.org.hibernate.test.filter.LineItem]: org.hibernate.test.filter.LineItem#30
14:12:30,764 DEBUG BaseGeneralDataRegion:59 - Caching[hibernate.test.org.hibernate.cache.spi.UpdateTimestampsCache] : [ORDER_ITEM] -> [5579089554489345]
14:12:30,764 DEBUG SQL:104 - 
    delete 
    from
        T_ORDER 
    where
        ORDER_ID=?
14:12:30,764 DEBUG BaseGeneralDataRegion:69 - Evicting[hibernate.test.org.hibernate.test.filter.Order]: org.hibernate.test.filter.Order#30
14:12:30,764 DEBUG BaseGeneralDataRegion:59 - Caching[hibernate.test.org.hibernate.cache.spi.UpdateTimestampsCache] : [T_ORDER] -> [5579089554489346]
14:12:30,765 DEBUG BaseGeneralDataRegion:69 - Evicting[hibernate.test.org.hibernate.test.filter.Salesperson]: org.hibernate.test.filter.Salesperson#33
14:12:30,765 DEBUG BaseGeneralDataRegion:69 - Evicting[hibernate.test.org.hibernate.test.filter.Salesperson]: org.hibernate.test.filter.Salesperson#34
14:12:30,765 DEBUG BaseGeneralDataRegion:69 - Evicting[hibernate.test.org.hibernate.test.filter.Order]: org.hibernate.test.filter.Order#29
14:12:30,765 DEBUG BaseGeneralDataRegion:69 - Evicting[hibernate.test.org.hibernate.test.filter.LineItem]: org.hibernate.test.filter.LineItem#29
14:12:30,765 DEBUG BaseGeneralDataRegion:69 - Evicting[hibernate.test.org.hibernate.test.filter.Order]: org.hibernate.test.filter.Order#30
14:12:30,765 DEBUG BaseGeneralDataRegion:69 - Evicting[hibernate.test.org.hibernate.test.filter.LineItem]: org.hibernate.test.filter.LineItem#30
14:12:30,765 DEBUG BaseGeneralDataRegion:69 - Evicting[hibernate.test.org.hibernate.test.filter.Product.orderLineItems]: org.hibernate.test.filter.Product.orderLineItems#43
14:12:30,765 DEBUG BaseGeneralDataRegion:69 - Evicting[hibernate.test.org.hibernate.test.filter.Product.orderLineItems]: org.hibernate.test.filter.Product.orderLineItems#44
14:12:30,765 DEBUG BaseGeneralDataRegion:69 - Evicting[hibernate.test.org.hibernate.test.filter.Product.orderLineItems]: org.hibernate.test.filter.Product.orderLineItems#45
14:12:30,765 DEBUG BaseGeneralDataRegion:69 - Evicting[hibernate.test.org.hibernate.test.filter.Product.categories]: org.hibernate.test.filter.Product.categories#45
14:12:30,766 DEBUG BaseGeneralDataRegion:69 - Evicting[hibernate.test.org.hibernate.test.filter.Department.salespersons]: org.hibernate.test.filter.Department.salespersons#15
14:12:30,773 DEBUG BaseGeneralDataRegion:69 - Evicting[hibernate.test.org.hibernate.test.filter.Salesperson.orders]: org.hibernate.test.filter.Salesperson.orders#33
14:12:30,774 DEBUG BaseGeneralDataRegion:69 - Evicting[hibernate.test.org.hibernate.test.filter.Salesperson.orders]: org.hibernate.test.filter.Salesperson.orders#34
14:12:30,774 DEBUG BaseGeneralDataRegion:69 - Evicting[hibernate.test.org.hibernate.test.filter.Product.categories]: org.hibernate.test.filter.Product.categories#43
14:12:30,774 DEBUG BaseGeneralDataRegion:69 - Evicting[hibernate.test.org.hibernate.test.filter.Category.products]: org.hibernate.test.filter.Category.products#43
14:12:30,774 DEBUG BaseGeneralDataRegion:69 - Evicting[hibernate.test.org.hibernate.test.filter.Category.products]: org.hibernate.test.filter.Category.products#44
14:12:30,774 DEBUG BaseGeneralDataRegion:69 - Evicting[hibernate.test.org.hibernate.test.filter.Order.lineItems]: org.hibernate.test.filter.Order.lineItems#29
14:12:30,774 DEBUG BaseGeneralDataRegion:69 - Evicting[hibernate.test.org.hibernate.test.filter.Product.categories]: org.hibernate.test.filter.Product.categories#44
14:12:30,774 DEBUG BaseGeneralDataRegion:69 - Evicting[hibernate.test.org.hibernate.test.filter.Category.products]: org.hibernate.test.filter.Category.products#45
14:12:30,774 DEBUG BaseGeneralDataRegion:69 - Evicting[hibernate.test.org.hibernate.test.filter.Order.lineItems]: org.hibernate.test.filter.Order.lineItems#30
14:12:30,774 DEBUG BaseGeneralDataRegion:69 - Evicting[hibernate.test.org.hibernate.test.filter.Department]: org.hibernate.test.filter.Department#15
14:12:30,774 DEBUG BaseGeneralDataRegion:69 - Evicting[hibernate.test.org.hibernate.test.filter.Salesperson]: org.hibernate.test.filter.Salesperson#33
14:12:30,774 DEBUG BaseGeneralDataRegion:69 - Evicting[hibernate.test.org.hibernate.test.filter.Salesperson]: org.hibernate.test.filter.Salesperson#34
14:12:30,775 DEBUG BaseGeneralDataRegion:69 - Evicting[hibernate.test.org.hibernate.test.filter.Category]: org.hibernate.test.filter.Category#43
14:12:30,775 DEBUG BaseGeneralDataRegion:69 - Evicting[hibernate.test.org.hibernate.test.filter.Category]: org.hibernate.test.filter.Category#44
14:12:30,775 DEBUG BaseGeneralDataRegion:69 - Evicting[hibernate.test.org.hibernate.test.filter.Product]: org.hibernate.test.filter.Product#43
14:12:30,775 DEBUG BaseGeneralDataRegion:69 - Evicting[hibernate.test.org.hibernate.test.filter.LineItem]: org.hibernate.test.filter.LineItem#29
14:12:30,775 DEBUG BaseGeneralDataRegion:69 - Evicting[hibernate.test.org.hibernate.test.filter.Order]: org.hibernate.test.filter.Order#29
14:12:30,775 DEBUG BaseGeneralDataRegion:69 - Evicting[hibernate.test.org.hibernate.test.filter.Category]: org.hibernate.test.filter.Category#45
14:12:30,775 DEBUG BaseGeneralDataRegion:69 - Evicting[hibernate.test.org.hibernate.test.filter.Product]: org.hibernate.test.filter.Product#44
14:12:30,775 DEBUG BaseGeneralDataRegion:69 - Evicting[hibernate.test.org.hibernate.test.filter.Product]: org.hibernate.test.filter.Product#45
14:12:30,775 DEBUG BaseGeneralDataRegion:69 - Evicting[hibernate.test.org.hibernate.test.filter.LineItem]: org.hibernate.test.filter.LineItem#30
14:12:30,776 DEBUG BaseGeneralDataRegion:69 - Evicting[hibernate.test.org.hibernate.test.filter.Order]: org.hibernate.test.filter.Order#30
14:12:30,776 DEBUG BaseGeneralDataRegion:59 - Caching[hibernate.test.org.hibernate.cache.spi.UpdateTimestampsCache] : [CATEGORY] -> [5579089308778496]
14:12:30,776 DEBUG BaseGeneralDataRegion:59 - Caching[hibernate.test.org.hibernate.cache.spi.UpdateTimestampsCache] : [ORDER_ITEM] -> [5579089308778496]
14:12:30,776 DEBUG BaseGeneralDataRegion:59 - Caching[hibernate.test.org.hibernate.cache.spi.UpdateTimestampsCache] : [SALES_PERSON] -> [5579089308778496]
14:12:30,776 DEBUG BaseGeneralDataRegion:59 - Caching[hibernate.test.org.hibernate.cache.spi.UpdateTimestampsCache] : [T_ORDER] -> [5579089308778496]
14:12:30,776 DEBUG BaseGeneralDataRegion:59 - Caching[hibernate.test.org.hibernate.cache.spi.UpdateTimestampsCache] : [PRODUCT] -> [5579089308778496]
14:12:30,776 DEBUG BaseGeneralDataRegion:59 - Caching[hibernate.test.org.hibernate.cache.spi.UpdateTimestampsCache] : [DEPARTMENT] -> [5579089308778496]
14:12:30,776 DEBUG BaseGeneralDataRegion:59 - Caching[hibernate.test.org.hibernate.cache.spi.UpdateTimestampsCache] : [PROD_CAT] -> [5579089308778496]
14:12:30,785  INFO CustomRunner:139 - Test: testManyToManyFilterOnQuery
14:12:30,786 DEBUG SQL:104 - 
    insert 
    into
        DEPARTMENT
        (DEPT_ID, REG) 
    values
        (null, ?)
14:12:30,786 DEBUG BaseGeneralDataRegion:59 - Caching[hibernate.test.org.hibernate.cache.spi.UpdateTimestampsCache] : [DEPARTMENT] -> [5579089554579456]
14:12:30,787 DEBUG SQL:104 - 
    insert 
    into
        SALES_PERSON
        (SALES_PERSON_ID, NAME, REG, DEPT_ID, "hire dt") 
    values
        (null, ?, ?, ?, ?)
14:12:30,787 DEBUG BaseGeneralDataRegion:59 - Caching[hibernate.test.org.hibernate.cache.spi.UpdateTimestampsCache] : [SALES_PERSON] -> [5579089554583552]
14:12:30,787 DEBUG SQL:104 - 
    insert 
    into
        SALES_PERSON
        (SALES_PERSON_ID, NAME, REG, DEPT_ID, "hire dt") 
    values
        (null, ?, ?, ?, ?)
14:12:30,787 DEBUG BaseGeneralDataRegion:59 - Caching[hibernate.test.org.hibernate.cache.spi.UpdateTimestampsCache] : [SALES_PERSON] -> [5579089554583553]
14:12:30,788 DEBUG SQL:104 - 
    insert 
    into
        PRODUCT
        (PROD_ID, name, STOCK_NUM, weight_kg, eff_start_dt, eff_end_dt) 
    values
        (null, ?, ?, 0.453E0 * ?, ?, ?)
14:12:30,788 DEBUG BaseGeneralDataRegion:59 - Caching[hibernate.test.org.hibernate.cache.spi.UpdateTimestampsCache] : [PRODUCT] -> [5579089554587648]
14:12:30,788 DEBUG SQL:104 - 
    insert 
    into
        CATEGORY
        (CAT_ID, name, eff_start_dt, eff_end_dt) 
    values
        (null, ?, ?, ?)
14:12:30,788 DEBUG BaseGeneralDataRegion:59 - Caching[hibernate.test.org.hibernate.cache.spi.UpdateTimestampsCache] : [CATEGORY] -> [5579089554587649]
14:12:30,788 DEBUG SQL:104 - 
    insert 
    into
        CATEGORY
        (CAT_ID, name, eff_start_dt, eff_end_dt) 
    values
        (null, ?, ?, ?)
14:12:30,789 DEBUG BaseGeneralDataRegion:59 - Caching[hibernate.test.org.hibernate.cache.spi.UpdateTimestampsCache] : [CATEGORY] -> [5579089554591744]
14:12:30,789 DEBUG SQL:104 - 
    insert 
    into
        T_ORDER
        (ORDER_ID, REG, BUYER, "ord dt", "close dt", SALES_PERSON_ID) 
    values
        (null, ?, ?, ?, ?, ?)
14:12:30,797 DEBUG BaseGeneralDataRegion:59 - Caching[hibernate.test.org.hibernate.cache.spi.UpdateTimestampsCache] : [T_ORDER] -> [5579089554624512]
14:12:30,798 DEBUG SQL:104 - 
    insert 
    into
        ORDER_ITEM
        (ITEM_ID, ORDER_ID, SEQ, PRODUCT_ID, AMT) 
    values
        (null, ?, ?, ?, ?)
14:12:30,798 DEBUG BaseGeneralDataRegion:59 - Caching[hibernate.test.org.hibernate.cache.spi.UpdateTimestampsCache] : [ORDER_ITEM] -> [5579089554628608]
14:12:30,798 DEBUG SQL:104 - 
    insert 
    into
        PRODUCT
        (PROD_ID, name, STOCK_NUM, weight_kg, eff_start_dt, eff_end_dt) 
    values
        (null, ?, ?, 0.453E0 * ?, ?, ?)
14:12:30,799 DEBUG BaseGeneralDataRegion:59 - Caching[hibernate.test.org.hibernate.cache.spi.UpdateTimestampsCache] : [PRODUCT] -> [5579089554632704]
14:12:30,799 DEBUG SQL:104 - 
    insert 
    into
        CATEGORY
        (CAT_ID, name, eff_start_dt, eff_end_dt) 
    values
        (null, ?, ?, ?)
14:12:30,799 DEBUG BaseGeneralDataRegion:59 - Caching[hibernate.test.org.hibernate.cache.spi.UpdateTimestampsCache] : [CATEGORY] -> [5579089554632705]
14:12:30,799 DEBUG SQL:104 - 
    insert 
    into
        PRODUCT
        (PROD_ID, name, STOCK_NUM, weight_kg, eff_start_dt, eff_end_dt) 
    values
        (null, ?, ?, 0.453E0 * ?, ?, ?)
14:12:30,809 DEBUG BaseGeneralDataRegion:59 - Caching[hibernate.test.org.hibernate.cache.spi.UpdateTimestampsCache] : [PRODUCT] -> [5579089554673664]
14:12:30,809 DEBUG SQL:104 - 
    insert 
    into
        T_ORDER
        (ORDER_ID, REG, BUYER, "ord dt", "close dt", SALES_PERSON_ID) 
    values
        (null, ?, ?, ?, ?, ?)
14:12:30,810 DEBUG BaseGeneralDataRegion:59 - Caching[hibernate.test.org.hibernate.cache.spi.UpdateTimestampsCache] : [T_ORDER] -> [5579089554677760]
14:12:30,810 DEBUG SQL:104 - 
    insert 
    into
        ORDER_ITEM
        (ITEM_ID, ORDER_ID, SEQ, PRODUCT_ID, AMT) 
    values
        (null, ?, ?, ?, ?)
14:12:30,810 DEBUG BaseGeneralDataRegion:59 - Caching[hibernate.test.org.hibernate.cache.spi.UpdateTimestampsCache] : [ORDER_ITEM] -> [5579089554677761]
14:12:30,811 DEBUG SQL:104 - 
    update
        PRODUCT 
    set
        name=?,
        STOCK_NUM=?,
        weight_kg=0.453E0 * ?,
        eff_start_dt=?,
        eff_end_dt=? 
    where
        PROD_ID=?
14:12:30,811 DEBUG BaseGeneralDataRegion:69 - Evicting[hibernate.test.org.hibernate.test.filter.Product]: org.hibernate.test.filter.Product#46
14:12:30,811 DEBUG BaseGeneralDataRegion:59 - Caching[hibernate.test.org.hibernate.cache.spi.UpdateTimestampsCache] : [PRODUCT] -> [5579089554681856]
14:12:30,811 DEBUG BaseGeneralDataRegion:69 - Evicting[hibernate.test.org.hibernate.test.filter.Department.salespersons]: org.hibernate.test.filter.Department.salespersons#16
14:12:30,812 DEBUG BaseGeneralDataRegion:59 - Caching[hibernate.test.org.hibernate.cache.spi.UpdateTimestampsCache] : [SALES_PERSON] -> [5579089554685952]
14:12:30,812 DEBUG BaseGeneralDataRegion:69 - Evicting[hibernate.test.org.hibernate.test.filter.Salesperson.orders]: org.hibernate.test.filter.Salesperson.orders#35
14:12:30,812 DEBUG BaseGeneralDataRegion:59 - Caching[hibernate.test.org.hibernate.cache.spi.UpdateTimestampsCache] : [T_ORDER] -> [5579089554685953]
14:12:30,812 DEBUG BaseGeneralDataRegion:69 - Evicting[hibernate.test.org.hibernate.test.filter.Salesperson.orders]: org.hibernate.test.filter.Salesperson.orders#36
14:12:30,812 DEBUG BaseGeneralDataRegion:59 - Caching[hibernate.test.org.hibernate.cache.spi.UpdateTimestampsCache] : [T_ORDER] -> [5579089554685954]
14:12:30,812 DEBUG SQL:104 - 
    insert 
    into
        PROD_CAT
        (PROD_ID, CAT_ID) 
    values
        (?, ?)
14:12:30,831 DEBUG SQL:104 - 
    insert 
    into
        PROD_CAT
        (PROD_ID, CAT_ID) 
    values
        (?, ?)
14:12:30,832 DEBUG BaseGeneralDataRegion:69 - Evicting[hibernate.test.org.hibernate.test.filter.Product.categories]: org.hibernate.test.filter.Product.categories#46
14:12:30,832 DEBUG BaseGeneralDataRegion:59 - Caching[hibernate.test.org.hibernate.cache.spi.UpdateTimestampsCache] : [PROD_CAT] -> [5579089554767872]
14:12:30,832 DEBUG BaseGeneralDataRegion:69 - Evicting[hibernate.test.org.hibernate.test.filter.Category.products]: org.hibernate.test.filter.Category.products#46
14:12:30,832 DEBUG BaseGeneralDataRegion:59 - Caching[hibernate.test.org.hibernate.cache.spi.UpdateTimestampsCache] : [PROD_CAT] -> [5579089554767873]
14:12:30,832 DEBUG BaseGeneralDataRegion:69 - Evicting[hibernate.test.org.hibernate.test.filter.Category.products]: org.hibernate.test.filter.Category.products#47
14:12:30,832 DEBUG BaseGeneralDataRegion:59 - Caching[hibernate.test.org.hibernate.cache.spi.UpdateTimestampsCache] : [PROD_CAT] -> [5579089554767874]
14:12:30,833 DEBUG BaseGeneralDataRegion:69 - Evicting[hibernate.test.org.hibernate.test.filter.Order.lineItems]: org.hibernate.test.filter.Order.lineItems#31
14:12:30,833 DEBUG BaseGeneralDataRegion:59 - Caching[hibernate.test.org.hibernate.cache.spi.UpdateTimestampsCache] : [ORDER_ITEM] -> [5579089554771968]
14:12:30,833 DEBUG SQL:104 - 
    insert 
    into
        PROD_CAT
        (PROD_ID, CAT_ID) 
    values
        (?, ?)
14:12:30,833 DEBUG BaseGeneralDataRegion:69 - Evicting[hibernate.test.org.hibernate.test.filter.Product.categories]: org.hibernate.test.filter.Product.categories#47
14:12:30,833 DEBUG BaseGeneralDataRegion:59 - Caching[hibernate.test.org.hibernate.cache.spi.UpdateTimestampsCache] : [PROD_CAT] -> [5579089554771969]
14:12:30,833 DEBUG BaseGeneralDataRegion:69 - Evicting[hibernate.test.org.hibernate.test.filter.Category.products]: org.hibernate.test.filter.Category.products#48
14:12:30,833 DEBUG BaseGeneralDataRegion:59 - Caching[hibernate.test.org.hibernate.cache.spi.UpdateTimestampsCache] : [PROD_CAT] -> [5579089554771970]
14:12:30,833 DEBUG BaseGeneralDataRegion:69 - Evicting[hibernate.test.org.hibernate.test.filter.Order.lineItems]: org.hibernate.test.filter.Order.lineItems#32
14:12:30,842 DEBUG BaseGeneralDataRegion:59 - Caching[hibernate.test.org.hibernate.cache.spi.UpdateTimestampsCache] : [ORDER_ITEM] -> [5579089554808832]
14:12:30,843 DEBUG BaseGeneralDataRegion:69 - Evicting[hibernate.test.org.hibernate.test.filter.Product]: org.hibernate.test.filter.Product#46
14:12:30,843 DEBUG BaseGeneralDataRegion:69 - Evicting[hibernate.test.org.hibernate.test.filter.Department.salespersons]: org.hibernate.test.filter.Department.salespersons#16
14:12:30,843 DEBUG BaseGeneralDataRegion:69 - Evicting[hibernate.test.org.hibernate.test.filter.Salesperson.orders]: org.hibernate.test.filter.Salesperson.orders#35
14:12:30,843 DEBUG BaseGeneralDataRegion:69 - Evicting[hibernate.test.org.hibernate.test.filter.Salesperson.orders]: org.hibernate.test.filter.Salesperson.orders#36
14:12:30,843 DEBUG BaseGeneralDataRegion:69 - Evicting[hibernate.test.org.hibernate.test.filter.Product.categories]: org.hibernate.test.filter.Product.categories#46
14:12:30,843 DEBUG BaseGeneralDataRegion:69 - Evicting[hibernate.test.org.hibernate.test.filter.Category.products]: org.hibernate.test.filter.Category.products#46
14:12:30,843 DEBUG BaseGeneralDataRegion:69 - Evicting[hibernate.test.org.hibernate.test.filter.Category.products]: org.hibernate.test.filter.Category.products#47
14:12:30,843 DEBUG BaseGeneralDataRegion:69 - Evicting[hibernate.test.org.hibernate.test.filter.Order.lineItems]: org.hibernate.test.filter.Order.lineItems#31
14:12:30,843 DEBUG BaseGeneralDataRegion:69 - Evicting[hibernate.test.org.hibernate.test.filter.Product.categories]: org.hibernate.test.filter.Product.categories#47
14:12:30,844 DEBUG BaseGeneralDataRegion:69 - Evicting[hibernate.test.org.hibernate.test.filter.Category.products]: org.hibernate.test.filter.Category.products#48
14:12:30,844 DEBUG BaseGeneralDataRegion:69 - Evicting[hibernate.test.org.hibernate.test.filter.Order.lineItems]: org.hibernate.test.filter.Order.lineItems#32
14:12:30,844 DEBUG BaseGeneralDataRegion:59 - Caching[hibernate.test.org.hibernate.cache.spi.UpdateTimestampsCache] : [ORDER_ITEM] -> [5579089309057024]
14:12:30,844 DEBUG BaseGeneralDataRegion:59 - Caching[hibernate.test.org.hibernate.cache.spi.UpdateTimestampsCache] : [CATEGORY] -> [5579089309057024]
14:12:30,844 DEBUG BaseGeneralDataRegion:59 - Caching[hibernate.test.org.hibernate.cache.spi.UpdateTimestampsCache] : [SALES_PERSON] -> [5579089309057024]
14:12:30,844 DEBUG BaseGeneralDataRegion:59 - Caching[hibernate.test.org.hibernate.cache.spi.UpdateTimestampsCache] : [T_ORDER] -> [5579089309057024]
14:12:30,844 DEBUG BaseGeneralDataRegion:59 - Caching[hibernate.test.org.hibernate.cache.spi.UpdateTimestampsCache] : [PRODUCT] -> [5579089309057024]
14:12:30,844 DEBUG BaseGeneralDataRegion:59 - Caching[hibernate.test.org.hibernate.cache.spi.UpdateTimestampsCache] : [DEPARTMENT] -> [5579089309057024]
14:12:30,844 DEBUG BaseGeneralDataRegion:59 - Caching[hibernate.test.org.hibernate.cache.spi.UpdateTimestampsCache] : [PROD_CAT] -> [5579089309057024]
14:12:30,845 DEBUG QueryTranslatorImpl:265 - parse() - HQL: from org.hibernate.test.filter.Product p inner join fetch p.categories
14:12:30,846 DEBUG QueryTranslatorImpl:283 - --- HQL AST ---
 \-[QUERY] Node: 'query'
    \-[SELECT_FROM] Node: 'SELECT_FROM'
       \-[FROM] Node: 'from'
          +-[RANGE] Node: 'RANGE'
          |  +-[DOT] Node: '.'
          |  |  +-[DOT] Node: '.'
          |  |  |  +-[DOT] Node: '.'
          |  |  |  |  +-[DOT] Node: '.'
          |  |  |  |  |  +-[IDENT] Node: 'org'
          |  |  |  |  |  \-[IDENT] Node: 'hibernate'
          |  |  |  |  \-[IDENT] Node: 'test'
          |  |  |  \-[IDENT] Node: 'filter'
          |  |  \-[IDENT] Node: 'Product'
          |  \-[ALIAS] Node: 'p'
          \-[JOIN] Node: 'join'
             +-[INNER] Node: 'inner'
             +-[FETCH] Node: 'fetch'
             \-[DOT] Node: '.'
                +-[IDENT] Node: 'p'
                \-[IDENT] Node: 'categories'

14:12:30,852 DEBUG ErrorCounter:82 - throwQueryException() : no errors
14:12:30,853 DEBUG FromElement:157 - FromClause{level=1} : org.hibernate.test.filter.Product (p) -> product0_
14:12:30,853 DEBUG FromReferenceNode:74 - Resolved : p -> product0_.PROD_ID
14:12:30,853 DEBUG DotNode:599 - getDataType() : categories -> org.hibernate.type.SetType(org.hibernate.test.filter.Product.categories)
14:12:30,853 DEBUG FromElementFactory:385 - createManyToMany() : path = p.categories role = org.hibernate.test.filter.Product.categories associatedEntityName = org.hibernate.test.filter.Category
14:12:30,853 DEBUG FromElement:157 - FromClause{level=1} : org.hibernate.test.filter.Category (<no alias>) -> category2_
14:12:30,853 DEBUG FromClause:282 - addJoinByPathMap() : p.categories -> FromElement{explicit,not a collection join,not a fetch join,fetch non-lazy properties,classAlias=null,role=null,tableName=CATEGORY,tableAlias=category2_,origin=PRODUCT product0_,columns={product0_.PROD_ID ,className=org.hibernate.test.filter.Category}}
14:12:30,853 DEBUG DotNode:308 - dereferenceCollection() : Created new FROM element for p.categories : PROD_CAT category2_
14:12:30,854 DEBUG FromReferenceNode:74 - Resolved : p.categories -> .
14:12:30,854 DEBUG HqlSqlWalker:403 - createFromJoinElement() : -- join tree --
 \-[JOIN_FRAGMENT] FromElement: 'PROD_CAT category2_' FromElement{explicit,not a collection join,fetch join,fetch non-lazy properties,classAlias=null,role=org.hibernate.test.filter.Product.categories,tableName=CATEGORY,tableAlias=category2_,origin=PRODUCT product0_,columns={product0_.PROD_ID ,className=org.hibernate.test.filter.Category}}

14:12:30,854 DEBUG HqlSqlWalker:629 - processQuery() :  ( SELECT ( FromClause{level=1} ( PRODUCT product0_ PROD_CAT category2_ ) ) )
14:12:30,854 DEBUG HqlSqlWalker:869 - Derived SELECT clause created.
14:12:30,854 DEBUG JoinProcessor:175 - Using FROM fragment [PRODUCT product0_]
14:12:30,854 DEBUG SyntheticAndFactory:92 - Using unprocessed WHERE-fragment [:effectiveDate.asOfDate BETWEEN product0_.eff_start_dt and product0_.eff_end_dt]
14:12:30,854 DEBUG SyntheticAndFactory:124 - Using processed WHERE-fragment [? BETWEEN product0_.eff_start_dt and product0_.eff_end_dt]
14:12:30,863 DEBUG QueryNode:73 - getWhereClause() : Creating a new WHERE clause...
14:12:30,863 DEBUG JoinProcessor:175 - Using FROM fragment [inner join PROD_CAT categories1_ on product0_.PROD_ID=categories1_.PROD_ID inner join CATEGORY category2_ on categories1_.CAT_ID=category2_.CAT_ID and :effectiveDate.asOfDate BETWEEN category2_.eff_start_dt and category2_.eff_end_dt]
14:12:30,863 DEBUG QueryTranslatorImpl:252 - --- SQL AST ---
 \-[SELECT] QueryNode: 'SELECT'  querySpaces (CATEGORY,PRODUCT,PROD_CAT)
    +-[SELECT_CLAUSE] SelectClause: '{derived select clause}'
    |  +-[SELECT_EXPR] SelectExpressionImpl: 'product0_.PROD_ID as PROD1_3_0_' {FromElement{explicit,not a collection join,not a fetch join,fetch non-lazy properties,classAlias=p,role=null,tableName=PRODUCT,tableAlias=product0_,origin=null,columns={,className=org.hibernate.test.filter.Product}}}
    |  +-[SELECT_EXPR] SelectExpressionImpl: 'category2_.CAT_ID as CAT1_0_1_' {FromElement{explicit,not a collection join,fetch join,fetch non-lazy properties,classAlias=null,role=org.hibernate.test.filter.Product.categories,tableName=CATEGORY,tableAlias=category2_,origin=PRODUCT product0_,columns={product0_.PROD_ID ,className=org.hibernate.test.filter.Category}}}
    |  +-[SQL_TOKEN] SqlFragment: 'product0_.name as name3_0_, product0_.STOCK_NUM as STOCK3_3_0_, product0_.weight_kg / 0.453E0 as weight4_3_0_, product0_.eff_start_dt as eff5_3_0_, product0_.eff_end_dt as eff6_3_0_'
    |  +-[SQL_TOKEN] SqlFragment: 'category2_.name as name0_1_, category2_.eff_start_dt as eff3_0_1_, category2_.eff_end_dt as eff4_0_1_'
    |  \-[SQL_TOKEN] SqlFragment: 'categories1_.PROD_ID as PROD1_3_0__, categories1_.CAT_ID as CAT2_4_0__'
    +-[FROM] FromClause: 'from' FromClause{level=1, fromElementCounter=2, fromElements=2, fromElementByClassAlias=[p], fromElementByTableAlias=[product0_, category2_], fromElementsByPath=[p.categories], collectionJoinFromElementsByPath=[], impliedElements=[]}
    |  \-[FROM_FRAGMENT] FromElement: 'PRODUCT product0_' FromElement{explicit,not a collection join,not a fetch join,fetch non-lazy properties,classAlias=p,role=null,tableName=PRODUCT,tableAlias=product0_,origin=null,columns={,className=org.hibernate.test.filter.Product}}
    |     \-[JOIN_FRAGMENT] FromElement: 'inner join PROD_CAT categories1_ on product0_.PROD_ID=categories1_.PROD_ID inner join CATEGORY category2_ on categories1_.CAT_ID=category2_.CAT_ID and ? BETWEEN category2_.eff_start_dt and category2_.eff_end_dt' FromElement{explicit,not a collection join,fetch join,fetch non-lazy properties,classAlias=null,role=org.hibernate.test.filter.Product.categories,tableName=CATEGORY,tableAlias=category2_,origin=PRODUCT product0_,columns={product0_.PROD_ID ,className=org.hibernate.test.filter.Category}}
    \-[WHERE] SqlNode: 'WHERE'
       \-[FILTERS] SqlNode: '{filter conditions}'
          \-[SQL_TOKEN] SqlFragment: '? BETWEEN product0_.eff_start_dt and product0_.eff_end_dt'

14:12:30,863 DEBUG ErrorCounter:82 - throwQueryException() : no errors
14:12:30,863 DEBUG QueryTranslatorImpl:235 - HQL: from org.hibernate.test.filter.Product p inner join fetch p.categories
14:12:30,864 DEBUG QueryTranslatorImpl:236 - SQL: select product0_.PROD_ID as PROD1_3_0_, category2_.CAT_ID as CAT1_0_1_, product0_.name as name3_0_, product0_.STOCK_NUM as STOCK3_3_0_, product0_.weight_kg / 0.453E0 as weight4_3_0_, product0_.eff_start_dt as eff5_3_0_, product0_.eff_end_dt as eff6_3_0_, category2_.name as name0_1_, category2_.eff_start_dt as eff3_0_1_, category2_.eff_end_dt as eff4_0_1_, categories1_.PROD_ID as PROD1_3_0__, categories1_.CAT_ID as CAT2_4_0__ from PRODUCT product0_ inner join PROD_CAT categories1_ on product0_.PROD_ID=categories1_.PROD_ID inner join CATEGORY category2_ on categories1_.CAT_ID=category2_.CAT_ID and ? BETWEEN category2_.eff_start_dt and category2_.eff_end_dt where ? BETWEEN product0_.eff_start_dt and product0_.eff_end_dt
14:12:30,864 DEBUG ErrorCounter:82 - throwQueryException() : no errors
14:12:30,864 DEBUG SQL:104 - 
    select
        product0_.PROD_ID as PROD1_3_0_,
        category2_.CAT_ID as CAT1_0_1_,
        product0_.name as name3_0_,
        product0_.STOCK_NUM as STOCK3_3_0_,
        product0_.weight_kg / 0.453E0 as weight4_3_0_,
        product0_.eff_start_dt as eff5_3_0_,
        product0_.eff_end_dt as eff6_3_0_,
        category2_.name as name0_1_,
        category2_.eff_start_dt as eff3_0_1_,
        category2_.eff_end_dt as eff4_0_1_,
        categories1_.PROD_ID as PROD1_3_0__,
        categories1_.CAT_ID as CAT2_4_0__ 
    from
        PRODUCT product0_ 
    inner join
        PROD_CAT categories1_ 
            on product0_.PROD_ID=categories1_.PROD_ID 
    inner join
        CATEGORY category2_ 
            on categories1_.CAT_ID=category2_.CAT_ID 
            and ? BETWEEN category2_.eff_start_dt and category2_.eff_end_dt 
    where
        ? BETWEEN product0_.eff_start_dt and product0_.eff_end_dt
14:12:30,874 DEBUG BaseRegionAccessStrategy:66 - Caching: org.hibernate.test.filter.Product#46
14:12:30,874 DEBUG BaseGeneralDataRegion:59 - Caching[hibernate.test.org.hibernate.test.filter.Product] : [org.hibernate.test.filter.Product#46] -> [CacheEntry(org.hibernate.test.filter.Product)[Acme Hair Gel,123,10.0,2013-01-28 14:12:30.785,2013-03-28 14:12:30.786,46,46]]
14:12:30,874 DEBUG BaseRegionAccessStrategy:66 - Caching: org.hibernate.test.filter.Category#46
14:12:30,875 DEBUG BaseGeneralDataRegion:59 - Caching[hibernate.test.org.hibernate.test.filter.Category] : [org.hibernate.test.filter.Category#46] -> [CacheEntry(org.hibernate.test.filter.Category)[test cat 1,2013-01-28 14:12:30.785,2013-03-28 14:12:30.786,46]]
14:12:30,876 DEBUG SQL:104 - 
    update
        SALES_PERSON 
    set
        NAME=?,
        REG=?,
        DEPT_ID=?,
        "hire dt"=? 
    where
        SALES_PERSON_ID=?
14:12:30,898 DEBUG BaseGeneralDataRegion:69 - Evicting[hibernate.test.org.hibernate.test.filter.Salesperson]: org.hibernate.test.filter.Salesperson#35
14:12:30,898 DEBUG BaseGeneralDataRegion:59 - Caching[hibernate.test.org.hibernate.cache.spi.UpdateTimestampsCache] : [SALES_PERSON] -> [5579089555038208]
14:12:30,899 DEBUG SQL:104 - 
    update
        SALES_PERSON 
    set
        NAME=?,
        REG=?,
        DEPT_ID=?,
        "hire dt"=? 
    where
        SALES_PERSON_ID=?
14:12:30,899 DEBUG BaseGeneralDataRegion:69 - Evicting[hibernate.test.org.hibernate.test.filter.Salesperson]: org.hibernate.test.filter.Salesperson#36
14:12:30,899 DEBUG BaseGeneralDataRegion:59 - Caching[hibernate.test.org.hibernate.cache.spi.UpdateTimestampsCache] : [SALES_PERSON] -> [5579089555042304]
14:12:30,899 DEBUG SQL:104 - 
    update
        T_ORDER 
    set
        REG=?,
        BUYER=?,
        "ord dt"=?,
        "close dt"=?,
        SALES_PERSON_ID=? 
    where
        ORDER_ID=?
14:12:30,899 DEBUG BaseGeneralDataRegion:69 - Evicting[hibernate.test.org.hibernate.test.filter.Order]: org.hibernate.test.filter.Order#31
14:12:30,899 DEBUG BaseGeneralDataRegion:59 - Caching[hibernate.test.org.hibernate.cache.spi.UpdateTimestampsCache] : [T_ORDER] -> [5579089555042305]
14:12:30,900 DEBUG SQL:104 - 
    update
        ORDER_ITEM 
    set
        ORDER_ID=?,
        SEQ=?,
        PRODUCT_ID=?,
        AMT=? 
    where
        ITEM_ID=?
14:12:30,900 DEBUG BaseGeneralDataRegion:69 - Evicting[hibernate.test.org.hibernate.test.filter.LineItem]: org.hibernate.test.filter.LineItem#31
14:12:30,900 DEBUG BaseGeneralDataRegion:59 - Caching[hibernate.test.org.hibernate.cache.spi.UpdateTimestampsCache] : [ORDER_ITEM] -> [5579089555046400]
14:12:30,900 DEBUG SQL:104 - 
    update
        T_ORDER 
    set
        REG=?,
        BUYER=?,
        "ord dt"=?,
        "close dt"=?,
        SALES_PERSON_ID=? 
    where
        ORDER_ID=?
14:12:30,900 DEBUG BaseGeneralDataRegion:69 - Evicting[hibernate.test.org.hibernate.test.filter.Order]: org.hibernate.test.filter.Order#32
14:12:30,900 DEBUG BaseGeneralDataRegion:59 - Caching[hibernate.test.org.hibernate.cache.spi.UpdateTimestampsCache] : [T_ORDER] -> [5579089555046401]
14:12:30,900 DEBUG SQL:104 - 
    update
        ORDER_ITEM 
    set
        ORDER_ID=?,
        SEQ=?,
        PRODUCT_ID=?,
        AMT=? 
    where
        ITEM_ID=?
14:12:30,912 DEBUG BaseGeneralDataRegion:69 - Evicting[hibernate.test.org.hibernate.test.filter.LineItem]: org.hibernate.test.filter.LineItem#32
14:12:30,913 DEBUG BaseGeneralDataRegion:59 - Caching[hibernate.test.org.hibernate.cache.spi.UpdateTimestampsCache] : [ORDER_ITEM] -> [5579089555099648]
14:12:30,914 DEBUG BaseGeneralDataRegion:69 - Evicting[hibernate.test.org.hibernate.test.filter.Product.orderLineItems]: org.hibernate.test.filter.Product.orderLineItems#46
14:12:30,914 DEBUG BaseGeneralDataRegion:59 - Caching[hibernate.test.org.hibernate.cache.spi.UpdateTimestampsCache] : [ORDER_ITEM] -> [5579089555103744]
14:12:30,914 DEBUG BaseGeneralDataRegion:69 - Evicting[hibernate.test.org.hibernate.test.filter.Product.orderLineItems]: org.hibernate.test.filter.Product.orderLineItems#47
14:12:30,914 DEBUG BaseGeneralDataRegion:59 - Caching[hibernate.test.org.hibernate.cache.spi.UpdateTimestampsCache] : [ORDER_ITEM] -> [5579089555103745]
14:12:30,914 DEBUG BaseGeneralDataRegion:69 - Evicting[hibernate.test.org.hibernate.test.filter.Product.orderLineItems]: org.hibernate.test.filter.Product.orderLineItems#48
14:12:30,914 DEBUG BaseGeneralDataRegion:59 - Caching[hibernate.test.org.hibernate.cache.spi.UpdateTimestampsCache] : [ORDER_ITEM] -> [5579089555103746]
14:12:30,914 DEBUG SQL:104 - 
    delete 
    from
        PROD_CAT 
    where
        PROD_ID=?
14:12:30,915 DEBUG BaseGeneralDataRegion:69 - Evicting[hibernate.test.org.hibernate.test.filter.Product.categories]: org.hibernate.test.filter.Product.categories#48
14:12:30,915 DEBUG BaseGeneralDataRegion:59 - Caching[hibernate.test.org.hibernate.cache.spi.UpdateTimestampsCache] : [PROD_CAT] -> [5579089555107840]
14:12:30,915 DEBUG BaseGeneralDataRegion:69 - Evicting[hibernate.test.org.hibernate.test.filter.Department.salespersons]: org.hibernate.test.filter.Department.salespersons#16
14:12:30,915 DEBUG BaseGeneralDataRegion:59 - Caching[hibernate.test.org.hibernate.cache.spi.UpdateTimestampsCache] : [SALES_PERSON] -> [5579089555107841]
14:12:30,915 DEBUG BaseGeneralDataRegion:69 - Evicting[hibernate.test.org.hibernate.test.filter.Salesperson.orders]: org.hibernate.test.filter.Salesperson.orders#35
14:12:30,915 DEBUG BaseGeneralDataRegion:59 - Caching[hibernate.test.org.hibernate.cache.spi.UpdateTimestampsCache] : [T_ORDER] -> [5579089555107842]
14:12:30,915 DEBUG BaseGeneralDataRegion:69 - Evicting[hibernate.test.org.hibernate.test.filter.Salesperson.orders]: org.hibernate.test.filter.Salesperson.orders#36
14:12:30,915 DEBUG BaseGeneralDataRegion:59 - Caching[hibernate.test.org.hibernate.cache.spi.UpdateTimestampsCache] : [T_ORDER] -> [5579089555107843]
14:12:30,915 DEBUG SQL:104 - 
    delete 
    from
        PROD_CAT 
    where
        PROD_ID=?
14:12:30,916 DEBUG BaseGeneralDataRegion:69 - Evicting[hibernate.test.org.hibernate.test.filter.Product.categories]: org.hibernate.test.filter.Product.categories#46
14:12:30,916 DEBUG BaseGeneralDataRegion:59 - Caching[hibernate.test.org.hibernate.cache.spi.UpdateTimestampsCache] : [PROD_CAT] -> [5579089555111936]
14:12:30,916 DEBUG BaseGeneralDataRegion:69 - Evicting[hibernate.test.org.hibernate.test.filter.Category.products]: org.hibernate.test.filter.Category.products#46
14:12:30,916 DEBUG BaseGeneralDataRegion:59 - Caching[hibernate.test.org.hibernate.cache.spi.UpdateTimestampsCache] : [PROD_CAT] -> [5579089555111937]
14:12:30,916 DEBUG BaseGeneralDataRegion:69 - Evicting[hibernate.test.org.hibernate.test.filter.Category.products]: org.hibernate.test.filter.Category.products#47
14:12:30,916 DEBUG BaseGeneralDataRegion:59 - Caching[hibernate.test.org.hibernate.cache.spi.UpdateTimestampsCache] : [PROD_CAT] -> [5579089555111938]
14:12:30,916 DEBUG BaseGeneralDataRegion:69 - Evicting[hibernate.test.org.hibernate.test.filter.Order.lineItems]: org.hibernate.test.filter.Order.lineItems#31
14:12:30,916 DEBUG BaseGeneralDataRegion:59 - Caching[hibernate.test.org.hibernate.cache.spi.UpdateTimestampsCache] : [ORDER_ITEM] -> [5579089555111939]
14:12:30,916 DEBUG SQL:104 - 
    delete 
    from
        PROD_CAT 
    where
        PROD_ID=?
14:12:30,917 DEBUG BaseGeneralDataRegion:69 - Evicting[hibernate.test.org.hibernate.test.filter.Product.categories]: org.hibernate.test.filter.Product.categories#47
14:12:30,917 DEBUG BaseGeneralDataRegion:59 - Caching[hibernate.test.org.hibernate.cache.spi.UpdateTimestampsCache] : [PROD_CAT] -> [5579089555116032]
14:12:30,917 DEBUG BaseGeneralDataRegion:69 - Evicting[hibernate.test.org.hibernate.test.filter.Category.products]: org.hibernate.test.filter.Category.products#48
14:12:30,917 DEBUG BaseGeneralDataRegion:59 - Caching[hibernate.test.org.hibernate.cache.spi.UpdateTimestampsCache] : [PROD_CAT] -> [5579089555116033]
14:12:30,917 DEBUG BaseGeneralDataRegion:69 - Evicting[hibernate.test.org.hibernate.test.filter.Order.lineItems]: org.hibernate.test.filter.Order.lineItems#32
14:12:30,917 DEBUG BaseGeneralDataRegion:59 - Caching[hibernate.test.org.hibernate.cache.spi.UpdateTimestampsCache] : [ORDER_ITEM] -> [5579089555116034]
14:12:30,917 DEBUG SQL:104 - 
    delete 
    from
        DEPARTMENT 
    where
        DEPT_ID=?
14:12:30,928 DEBUG BaseGeneralDataRegion:69 - Evicting[hibernate.test.org.hibernate.test.filter.Department]: org.hibernate.test.filter.Department#16
14:12:30,928 DEBUG BaseGeneralDataRegion:59 - Caching[hibernate.test.org.hibernate.cache.spi.UpdateTimestampsCache] : [DEPARTMENT] -> [5579089555161088]
14:12:30,928 DEBUG SQL:104 - 
    delete 
    from
        SALES_PERSON 
    where
        SALES_PERSON_ID=?
14:12:30,928 DEBUG BaseGeneralDataRegion:69 - Evicting[hibernate.test.org.hibernate.test.filter.Salesperson]: org.hibernate.test.filter.Salesperson#35
14:12:30,928 DEBUG BaseGeneralDataRegion:59 - Caching[hibernate.test.org.hibernate.cache.spi.UpdateTimestampsCache] : [SALES_PERSON] -> [5579089555161089]
14:12:30,928 DEBUG SQL:104 - 
    delete 
    from
        SALES_PERSON 
    where
        SALES_PERSON_ID=?
14:12:30,929 DEBUG BaseGeneralDataRegion:69 - Evicting[hibernate.test.org.hibernate.test.filter.Salesperson]: org.hibernate.test.filter.Salesperson#36
14:12:30,929 DEBUG BaseGeneralDataRegion:59 - Caching[hibernate.test.org.hibernate.cache.spi.UpdateTimestampsCache] : [SALES_PERSON] -> [5579089555165184]
14:12:30,929 DEBUG SQL:104 - 
    delete 
    from
        CATEGORY 
    where
        CAT_ID=?
14:12:30,929 DEBUG BaseGeneralDataRegion:69 - Evicting[hibernate.test.org.hibernate.test.filter.Category]: org.hibernate.test.filter.Category#46
14:12:30,929 DEBUG BaseGeneralDataRegion:59 - Caching[hibernate.test.org.hibernate.cache.spi.UpdateTimestampsCache] : [CATEGORY] -> [5579089555165185]
14:12:30,929 DEBUG SQL:104 - 
    delete 
    from
        CATEGORY 
    where
        CAT_ID=?
14:12:30,936 DEBUG BaseGeneralDataRegion:69 - Evicting[hibernate.test.org.hibernate.test.filter.Category]: org.hibernate.test.filter.Category#47
14:12:30,937 DEBUG BaseGeneralDataRegion:59 - Caching[hibernate.test.org.hibernate.cache.spi.UpdateTimestampsCache] : [CATEGORY] -> [5579089555197952]
14:12:30,937 DEBUG SQL:104 - 
    delete 
    from
        PRODUCT 
    where
        PROD_ID=?
14:12:30,937 DEBUG BaseGeneralDataRegion:69 - Evicting[hibernate.test.org.hibernate.test.filter.Product]: org.hibernate.test.filter.Product#46
14:12:30,937 DEBUG BaseGeneralDataRegion:59 - Caching[hibernate.test.org.hibernate.cache.spi.UpdateTimestampsCache] : [PRODUCT] -> [5579089555197953]
14:12:30,937 DEBUG SQL:104 - 
    delete 
    from
        ORDER_ITEM 
    where
        ITEM_ID=?
14:12:30,938 DEBUG BaseGeneralDataRegion:69 - Evicting[hibernate.test.org.hibernate.test.filter.LineItem]: org.hibernate.test.filter.LineItem#31
14:12:30,938 DEBUG BaseGeneralDataRegion:59 - Caching[hibernate.test.org.hibernate.cache.spi.UpdateTimestampsCache] : [ORDER_ITEM] -> [5579089555202048]
14:12:30,938 DEBUG SQL:104 - 
    delete 
    from
        T_ORDER 
    where
        ORDER_ID=?
14:12:30,938 DEBUG BaseGeneralDataRegion:69 - Evicting[hibernate.test.org.hibernate.test.filter.Order]: org.hibernate.test.filter.Order#31
14:12:30,938 DEBUG BaseGeneralDataRegion:59 - Caching[hibernate.test.org.hibernate.cache.spi.UpdateTimestampsCache] : [T_ORDER] -> [5579089555202049]
14:12:30,938 DEBUG SQL:104 - 
    delete 
    from
        CATEGORY 
    where
        CAT_ID=?
14:12:30,938 DEBUG BaseGeneralDataRegion:69 - Evicting[hibernate.test.org.hibernate.test.filter.Category]: org.hibernate.test.filter.Category#48
14:12:30,939 DEBUG BaseGeneralDataRegion:59 - Caching[hibernate.test.org.hibernate.cache.spi.UpdateTimestampsCache] : [CATEGORY] -> [5579089555206144]
14:12:30,939 DEBUG SQL:104 - 
    delete 
    from
        PRODUCT 
    where
        PROD_ID=?
14:12:30,939 DEBUG BaseGeneralDataRegion:69 - Evicting[hibernate.test.org.hibernate.test.filter.Product]: org.hibernate.test.filter.Product#47
14:12:30,962 DEBUG BaseGeneralDataRegion:59 - Caching[hibernate.test.org.hibernate.cache.spi.UpdateTimestampsCache] : [PRODUCT] -> [5579089555300352]
14:12:30,963 DEBUG SQL:104 - 
    delete 
    from
        PRODUCT 
    where
        PROD_ID=?
14:12:30,970 DEBUG BaseGeneralDataRegion:69 - Evicting[hibernate.test.org.hibernate.test.filter.Product]: org.hibernate.test.filter.Product#48
14:12:30,971 DEBUG BaseGeneralDataRegion:59 - Caching[hibernate.test.org.hibernate.cache.spi.UpdateTimestampsCache] : [PRODUCT] -> [5579089555337216]
14:12:30,971 DEBUG SQL:104 - 
    delete 
    from
        ORDER_ITEM 
    where
        ITEM_ID=?
14:12:30,971 DEBUG BaseGeneralDataRegion:69 - Evicting[hibernate.test.org.hibernate.test.filter.LineItem]: org.hibernate.test.filter.LineItem#32
14:12:30,971 DEBUG BaseGeneralDataRegion:59 - Caching[hibernate.test.org.hibernate.cache.spi.UpdateTimestampsCache] : [ORDER_ITEM] -> [5579089555337217]
14:12:30,971 DEBUG SQL:104 - 
    delete 
    from
        T_ORDER 
    where
        ORDER_ID=?
14:12:30,972 DEBUG BaseGeneralDataRegion:69 - Evicting[hibernate.test.org.hibernate.test.filter.Order]: org.hibernate.test.filter.Order#32
14:12:30,972 DEBUG BaseGeneralDataRegion:59 - Caching[hibernate.test.org.hibernate.cache.spi.UpdateTimestampsCache] : [T_ORDER] -> [5579089555341312]
14:12:30,972 DEBUG BaseGeneralDataRegion:69 - Evicting[hibernate.test.org.hibernate.test.filter.Salesperson]: org.hibernate.test.filter.Salesperson#35
14:12:30,972 DEBUG BaseGeneralDataRegion:69 - Evicting[hibernate.test.org.hibernate.test.filter.Salesperson]: org.hibernate.test.filter.Salesperson#36
14:12:30,972 DEBUG BaseGeneralDataRegion:69 - Evicting[hibernate.test.org.hibernate.test.filter.Order]: org.hibernate.test.filter.Order#31
14:12:30,974 DEBUG BaseGeneralDataRegion:69 - Evicting[hibernate.test.org.hibernate.test.filter.LineItem]: org.hibernate.test.filter.LineItem#31
14:12:30,974 DEBUG BaseGeneralDataRegion:69 - Evicting[hibernate.test.org.hibernate.test.filter.Order]: org.hibernate.test.filter.Order#32
14:12:30,974 DEBUG BaseGeneralDataRegion:69 - Evicting[hibernate.test.org.hibernate.test.filter.LineItem]: org.hibernate.test.filter.LineItem#32
14:12:30,974 DEBUG BaseGeneralDataRegion:69 - Evicting[hibernate.test.org.hibernate.test.filter.Product.orderLineItems]: org.hibernate.test.filter.Product.orderLineItems#46
14:12:30,974 DEBUG BaseGeneralDataRegion:69 - Evicting[hibernate.test.org.hibernate.test.filter.Product.orderLineItems]: org.hibernate.test.filter.Product.orderLineItems#47
14:12:30,974 DEBUG BaseGeneralDataRegion:69 - Evicting[hibernate.test.org.hibernate.test.filter.Product.orderLineItems]: org.hibernate.test.filter.Product.orderLineItems#48
14:12:30,974 DEBUG BaseGeneralDataRegion:69 - Evicting[hibernate.test.org.hibernate.test.filter.Product.categories]: org.hibernate.test.filter.Product.categories#48
14:12:30,975 DEBUG BaseGeneralDataRegion:69 - Evicting[hibernate.test.org.hibernate.test.filter.Department.salespersons]: org.hibernate.test.filter.Department.salespersons#16
14:12:30,975 DEBUG BaseGeneralDataRegion:69 - Evicting[hibernate.test.org.hibernate.test.filter.Salesperson.orders]: org.hibernate.test.filter.Salesperson.orders#35
14:12:30,976 DEBUG BaseGeneralDataRegion:69 - Evicting[hibernate.test.org.hibernate.test.filter.Salesperson.orders]: org.hibernate.test.filter.Salesperson.orders#36
14:12:30,976 DEBUG BaseGeneralDataRegion:69 - Evicting[hibernate.test.org.hibernate.test.filter.Product.categories]: org.hibernate.test.filter.Product.categories#46
14:12:30,976 DEBUG BaseGeneralDataRegion:69 - Evicting[hibernate.test.org.hibernate.test.filter.Category.products]: org.hibernate.test.filter.Category.products#46
14:12:30,976 DEBUG BaseGeneralDataRegion:69 - Evicting[hibernate.test.org.hibernate.test.filter.Category.products]: org.hibernate.test.filter.Category.products#47
14:12:30,976 DEBUG BaseGeneralDataRegion:69 - Evicting[hibernate.test.org.hibernate.test.filter.Order.lineItems]: org.hibernate.test.filter.Order.lineItems#31
14:12:30,976 DEBUG BaseGeneralDataRegion:69 - Evicting[hibernate.test.org.hibernate.test.filter.Product.categories]: org.hibernate.test.filter.Product.categories#47
14:12:30,976 DEBUG BaseGeneralDataRegion:69 - Evicting[hibernate.test.org.hibernate.test.filter.Category.products]: org.hibernate.test.filter.Category.products#48
14:12:30,976 DEBUG BaseGeneralDataRegion:69 - Evicting[hibernate.test.org.hibernate.test.filter.Order.lineItems]: org.hibernate.test.filter.Order.lineItems#32
14:12:30,976 DEBUG BaseGeneralDataRegion:69 - Evicting[hibernate.test.org.hibernate.test.filter.Department]: org.hibernate.test.filter.Department#16
14:12:30,976 DEBUG BaseGeneralDataRegion:69 - Evicting[hibernate.test.org.hibernate.test.filter.Salesperson]: org.hibernate.test.filter.Salesperson#35
14:12:30,977 DEBUG BaseGeneralDataRegion:69 - Evicting[hibernate.test.org.hibernate.test.filter.Salesperson]: org.hibernate.test.filter.Salesperson#36
14:12:30,977 DEBUG BaseGeneralDataRegion:69 - Evicting[hibernate.test.org.hibernate.test.filter.Category]: org.hibernate.test.filter.Category#46
14:12:30,977 DEBUG BaseGeneralDataRegion:69 - Evicting[hibernate.test.org.hibernate.test.filter.Category]: org.hibernate.test.filter.Category#47
14:12:30,977 DEBUG BaseGeneralDataRegion:69 - Evicting[hibernate.test.org.hibernate.test.filter.Product]: org.hibernate.test.filter.Product#46
14:12:30,977 DEBUG BaseGeneralDataRegion:69 - Evicting[hibernate.test.org.hibernate.test.filter.LineItem]: org.hibernate.test.filter.LineItem#31
14:12:30,977 DEBUG BaseGeneralDataRegion:69 - Evicting[hibernate.test.org.hibernate.test.filter.Order]: org.hibernate.test.filter.Order#31
14:12:30,977 DEBUG BaseGeneralDataRegion:69 - Evicting[hibernate.test.org.hibernate.test.filter.Category]: org.hibernate.test.filter.Category#48
14:12:30,977 DEBUG BaseGeneralDataRegion:69 - Evicting[hibernate.test.org.hibernate.test.filter.Product]: org.hibernate.test.filter.Product#47
14:12:30,977 DEBUG BaseGeneralDataRegion:69 - Evicting[hibernate.test.org.hibernate.test.filter.Product]: org.hibernate.test.filter.Product#48
14:12:30,977 DEBUG BaseGeneralDataRegion:69 - Evicting[hibernate.test.org.hibernate.test.filter.LineItem]: org.hibernate.test.filter.LineItem#32
14:12:30,977 DEBUG BaseGeneralDataRegion:69 - Evicting[hibernate.test.org.hibernate.test.filter.Order]: org.hibernate.test.filter.Order#32
14:12:30,978 DEBUG BaseGeneralDataRegion:59 - Caching[hibernate.test.org.hibernate.cache.spi.UpdateTimestampsCache] : [CATEGORY] -> [5579089309601792]
14:12:30,978 DEBUG BaseGeneralDataRegion:59 - Caching[hibernate.test.org.hibernate.cache.spi.UpdateTimestampsCache] : [ORDER_ITEM] -> [5579089309601792]
14:12:30,978 DEBUG BaseGeneralDataRegion:59 - Caching[hibernate.test.org.hibernate.cache.spi.UpdateTimestampsCache] : [SALES_PERSON] -> [5579089309601792]
14:12:30,978 DEBUG BaseGeneralDataRegion:59 - Caching[hibernate.test.org.hibernate.cache.spi.UpdateTimestampsCache] : [T_ORDER] -> [5579089309601792]
14:12:30,978 DEBUG BaseGeneralDataRegion:59 - Caching[hibernate.test.org.hibernate.cache.spi.UpdateTimestampsCache] : [PRODUCT] -> [5579089309601792]
14:12:30,978 DEBUG BaseGeneralDataRegion:59 - Caching[hibernate.test.org.hibernate.cache.spi.UpdateTimestampsCache] : [DEPARTMENT] -> [5579089309601792]
14:12:30,978 DEBUG BaseGeneralDataRegion:59 - Caching[hibernate.test.org.hibernate.cache.spi.UpdateTimestampsCache] : [PROD_CAT] -> [5579089309601792]
14:12:30,979  INFO CustomRunner:139 - Test: testManyToManyOnCollectionLoadAfterHQL
14:12:30,980 DEBUG SQL:104 - 
    insert 
    into
        DEPARTMENT
        (DEPT_ID, REG) 
    values
        (null, ?)
14:12:30,981 DEBUG BaseGeneralDataRegion:59 - Caching[hibernate.test.org.hibernate.cache.spi.UpdateTimestampsCache] : [DEPARTMENT] -> [5579089555378176]
14:12:30,981 DEBUG SQL:104 - 
    insert 
    into
        SALES_PERSON
        (SALES_PERSON_ID, NAME, REG, DEPT_ID, "hire dt") 
    values
        (null, ?, ?, ?, ?)
14:12:30,981 DEBUG BaseGeneralDataRegion:59 - Caching[hibernate.test.org.hibernate.cache.spi.UpdateTimestampsCache] : [SALES_PERSON] -> [5579089555378177]
14:12:30,982 DEBUG SQL:104 - 
    insert 
    into
        SALES_PERSON
        (SALES_PERSON_ID, NAME, REG, DEPT_ID, "hire dt") 
    values
        (null, ?, ?, ?, ?)
14:12:30,982 DEBUG BaseGeneralDataRegion:59 - Caching[hibernate.test.org.hibernate.cache.spi.UpdateTimestampsCache] : [SALES_PERSON] -> [5579089555382272]
14:12:30,982 DEBUG SQL:104 - 
    insert 
    into
        PRODUCT
        (PROD_ID, name, STOCK_NUM, weight_kg, eff_start_dt, eff_end_dt) 
    values
        (null, ?, ?, 0.453E0 * ?, ?, ?)
14:12:30,982 DEBUG BaseGeneralDataRegion:59 - Caching[hibernate.test.org.hibernate.cache.spi.UpdateTimestampsCache] : [PRODUCT] -> [5579089555382273]
14:12:31,000 DEBUG SQL:104 - 
    insert 
    into
        CATEGORY
        (CAT_ID, name, eff_start_dt, eff_end_dt) 
    values
        (null, ?, ?, ?)
14:12:31,001 DEBUG BaseGeneralDataRegion:59 - Caching[hibernate.test.org.hibernate.cache.spi.UpdateTimestampsCache] : [CATEGORY] -> [5579089555460096]
14:12:31,002 DEBUG SQL:104 - 
    insert 
    into
        CATEGORY
        (CAT_ID, name, eff_start_dt, eff_end_dt) 
    values
        (null, ?, ?, ?)
14:12:31,002 DEBUG BaseGeneralDataRegion:59 - Caching[hibernate.test.org.hibernate.cache.spi.UpdateTimestampsCache] : [CATEGORY] -> [5579089555464192]
14:12:31,003 DEBUG SQL:104 - 
    insert 
    into
        T_ORDER
        (ORDER_ID, REG, BUYER, "ord dt", "close dt", SALES_PERSON_ID) 
    values
        (null, ?, ?, ?, ?, ?)
14:12:31,003 DEBUG BaseGeneralDataRegion:59 - Caching[hibernate.test.org.hibernate.cache.spi.UpdateTimestampsCache] : [T_ORDER] -> [5579089555468288]
14:12:31,004 DEBUG SQL:104 - 
    insert 
    into
        ORDER_ITEM
        (ITEM_ID, ORDER_ID, SEQ, PRODUCT_ID, AMT) 
    values
        (null, ?, ?, ?, ?)
14:12:31,011 DEBUG BaseGeneralDataRegion:59 - Caching[hibernate.test.org.hibernate.cache.spi.UpdateTimestampsCache] : [ORDER_ITEM] -> [5579089555501056]
14:12:31,011 DEBUG SQL:104 - 
    insert 
    into
        PRODUCT
        (PROD_ID, name, STOCK_NUM, weight_kg, eff_start_dt, eff_end_dt) 
    values
        (null, ?, ?, 0.453E0 * ?, ?, ?)
14:12:31,011 DEBUG BaseGeneralDataRegion:59 - Caching[hibernate.test.org.hibernate.cache.spi.UpdateTimestampsCache] : [PRODUCT] -> [5579089555501057]
14:12:31,012 DEBUG SQL:104 - 
    insert 
    into
        CATEGORY
        (CAT_ID, name, eff_start_dt, eff_end_dt) 
    values
        (null, ?, ?, ?)
14:12:31,012 DEBUG BaseGeneralDataRegion:59 - Caching[hibernate.test.org.hibernate.cache.spi.UpdateTimestampsCache] : [CATEGORY] -> [5579089555505152]
14:12:31,012 DEBUG SQL:104 - 
    insert 
    into
        PRODUCT
        (PROD_ID, name, STOCK_NUM, weight_kg, eff_start_dt, eff_end_dt) 
    values
        (null, ?, ?, 0.453E0 * ?, ?, ?)
14:12:31,012 DEBUG BaseGeneralDataRegion:59 - Caching[hibernate.test.org.hibernate.cache.spi.UpdateTimestampsCache] : [PRODUCT] -> [5579089555505153]
14:12:31,013 DEBUG SQL:104 - 
    insert 
    into
        T_ORDER
        (ORDER_ID, REG, BUYER, "ord dt", "close dt", SALES_PERSON_ID) 
    values
        (null, ?, ?, ?, ?, ?)
14:12:31,021 DEBUG BaseGeneralDataRegion:59 - Caching[hibernate.test.org.hibernate.cache.spi.UpdateTimestampsCache] : [T_ORDER] -> [5579089555542016]
14:12:31,021 DEBUG SQL:104 - 
    insert 
    into
        ORDER_ITEM
        (ITEM_ID, ORDER_ID, SEQ, PRODUCT_ID, AMT) 
    values
        (null, ?, ?, ?, ?)
14:12:31,022 DEBUG BaseGeneralDataRegion:59 - Caching[hibernate.test.org.hibernate.cache.spi.UpdateTimestampsCache] : [ORDER_ITEM] -> [5579089555546112]
14:12:31,022 DEBUG SQL:104 - 
    update
        PRODUCT 
    set
        name=?,
        STOCK_NUM=?,
        weight_kg=0.453E0 * ?,
        eff_start_dt=?,
        eff_end_dt=? 
    where
        PROD_ID=?
14:12:31,023 DEBUG BaseGeneralDataRegion:69 - Evicting[hibernate.test.org.hibernate.test.filter.Product]: org.hibernate.test.filter.Product#49
14:12:31,023 DEBUG BaseGeneralDataRegion:59 - Caching[hibernate.test.org.hibernate.cache.spi.UpdateTimestampsCache] : [PRODUCT] -> [5579089555550208]
14:12:31,023 DEBUG BaseGeneralDataRegion:69 - Evicting[hibernate.test.org.hibernate.test.filter.Department.salespersons]: org.hibernate.test.filter.Department.salespersons#17
14:12:31,023 DEBUG BaseGeneralDataRegion:59 - Caching[hibernate.test.org.hibernate.cache.spi.UpdateTimestampsCache] : [SALES_PERSON] -> [5579089555550209]
14:12:31,031 DEBUG BaseGeneralDataRegion:69 - Evicting[hibernate.test.org.hibernate.test.filter.Salesperson.orders]: org.hibernate.test.filter.Salesperson.orders#37
14:12:31,031 DEBUG BaseGeneralDataRegion:59 - Caching[hibernate.test.org.hibernate.cache.spi.UpdateTimestampsCache] : [T_ORDER] -> [5579089555582976]
14:12:31,031 DEBUG BaseGeneralDataRegion:69 - Evicting[hibernate.test.org.hibernate.test.filter.Salesperson.orders]: org.hibernate.test.filter.Salesperson.orders#38
14:12:31,031 DEBUG BaseGeneralDataRegion:59 - Caching[hibernate.test.org.hibernate.cache.spi.UpdateTimestampsCache] : [T_ORDER] -> [5579089555582977]
14:12:31,032 DEBUG SQL:104 - 
    insert 
    into
        PROD_CAT
        (PROD_ID, CAT_ID) 
    values
        (?, ?)
14:12:31,032 DEBUG SQL:104 - 
    insert 
    into
        PROD_CAT
        (PROD_ID, CAT_ID) 
    values
        (?, ?)
14:12:31,032 DEBUG BaseGeneralDataRegion:69 - Evicting[hibernate.test.org.hibernate.test.filter.Product.categories]: org.hibernate.test.filter.Product.categories#49
14:12:31,032 DEBUG BaseGeneralDataRegion:59 - Caching[hibernate.test.org.hibernate.cache.spi.UpdateTimestampsCache] : [PROD_CAT] -> [5579089555587072]
14:12:31,032 DEBUG BaseGeneralDataRegion:69 - Evicting[hibernate.test.org.hibernate.test.filter.Category.products]: org.hibernate.test.filter.Category.products#49
14:12:31,032 DEBUG BaseGeneralDataRegion:59 - Caching[hibernate.test.org.hibernate.cache.spi.UpdateTimestampsCache] : [PROD_CAT] -> [5579089555587073]
14:12:31,033 DEBUG BaseGeneralDataRegion:69 - Evicting[hibernate.test.org.hibernate.test.filter.Category.products]: org.hibernate.test.filter.Category.products#50
14:12:31,033 DEBUG BaseGeneralDataRegion:59 - Caching[hibernate.test.org.hibernate.cache.spi.UpdateTimestampsCache] : [PROD_CAT] -> [5579089555591168]
14:12:31,033 DEBUG BaseGeneralDataRegion:69 - Evicting[hibernate.test.org.hibernate.test.filter.Order.lineItems]: org.hibernate.test.filter.Order.lineItems#33
14:12:31,033 DEBUG BaseGeneralDataRegion:59 - Caching[hibernate.test.org.hibernate.cache.spi.UpdateTimestampsCache] : [ORDER_ITEM] -> [5579089555591169]
14:12:31,033 DEBUG SQL:104 - 
    insert 
    into
        PROD_CAT
        (PROD_ID, CAT_ID) 
    values
        (?, ?)
14:12:31,033 DEBUG BaseGeneralDataRegion:69 - Evicting[hibernate.test.org.hibernate.test.filter.Product.categories]: org.hibernate.test.filter.Product.categories#50
14:12:31,033 DEBUG BaseGeneralDataRegion:59 - Caching[hibernate.test.org.hibernate.cache.spi.UpdateTimestampsCache] : [PROD_CAT] -> [5579089555591170]
14:12:31,033 DEBUG BaseGeneralDataRegion:69 - Evicting[hibernate.test.org.hibernate.test.filter.Category.products]: org.hibernate.test.filter.Category.products#51
14:12:31,033 DEBUG BaseGeneralDataRegion:59 - Caching[hibernate.test.org.hibernate.cache.spi.UpdateTimestampsCache] : [PROD_CAT] -> [5579089555591171]
14:12:31,033 DEBUG BaseGeneralDataRegion:69 - Evicting[hibernate.test.org.hibernate.test.filter.Order.lineItems]: org.hibernate.test.filter.Order.lineItems#34
14:12:31,034 DEBUG BaseGeneralDataRegion:59 - Caching[hibernate.test.org.hibernate.cache.spi.UpdateTimestampsCache] : [ORDER_ITEM] -> [5579089555595264]
14:12:31,034 DEBUG BaseGeneralDataRegion:69 - Evicting[hibernate.test.org.hibernate.test.filter.Product]: org.hibernate.test.filter.Product#49
14:12:31,034 DEBUG BaseGeneralDataRegion:69 - Evicting[hibernate.test.org.hibernate.test.filter.Department.salespersons]: org.hibernate.test.filter.Department.salespersons#17
14:12:31,034 DEBUG BaseGeneralDataRegion:69 - Evicting[hibernate.test.org.hibernate.test.filter.Salesperson.orders]: org.hibernate.test.filter.Salesperson.orders#37
14:12:31,034 DEBUG BaseGeneralDataRegion:69 - Evicting[hibernate.test.org.hibernate.test.filter.Salesperson.orders]: org.hibernate.test.filter.Salesperson.orders#38
14:12:31,034 DEBUG BaseGeneralDataRegion:69 - Evicting[hibernate.test.org.hibernate.test.filter.Product.categories]: org.hibernate.test.filter.Product.categories#49
14:12:31,034 DEBUG BaseGeneralDataRegion:69 - Evicting[hibernate.test.org.hibernate.test.filter.Category.products]: org.hibernate.test.filter.Category.products#49
14:12:31,034 DEBUG BaseGeneralDataRegion:69 - Evicting[hibernate.test.org.hibernate.test.filter.Category.products]: org.hibernate.test.filter.Category.products#50
14:12:31,034 DEBUG BaseGeneralDataRegion:69 - Evicting[hibernate.test.org.hibernate.test.filter.Order.lineItems]: org.hibernate.test.filter.Order.lineItems#33
14:12:31,034 DEBUG BaseGeneralDataRegion:69 - Evicting[hibernate.test.org.hibernate.test.filter.Product.categories]: org.hibernate.test.filter.Product.categories#50
14:12:31,035 DEBUG BaseGeneralDataRegion:69 - Evicting[hibernate.test.org.hibernate.test.filter.Category.products]: org.hibernate.test.filter.Category.products#51
14:12:31,035 DEBUG BaseGeneralDataRegion:69 - Evicting[hibernate.test.org.hibernate.test.filter.Order.lineItems]: org.hibernate.test.filter.Order.lineItems#34
14:12:31,035 DEBUG BaseGeneralDataRegion:59 - Caching[hibernate.test.org.hibernate.cache.spi.UpdateTimestampsCache] : [ORDER_ITEM] -> [5579089309839360]
14:12:31,035 DEBUG BaseGeneralDataRegion:59 - Caching[hibernate.test.org.hibernate.cache.spi.UpdateTimestampsCache] : [CATEGORY] -> [5579089309839360]
14:12:31,035 DEBUG BaseGeneralDataRegion:59 - Caching[hibernate.test.org.hibernate.cache.spi.UpdateTimestampsCache] : [SALES_PERSON] -> [5579089309839360]
14:12:31,035 DEBUG BaseGeneralDataRegion:59 - Caching[hibernate.test.org.hibernate.cache.spi.UpdateTimestampsCache] : [T_ORDER] -> [5579089309839360]
14:12:31,035 DEBUG BaseGeneralDataRegion:59 - Caching[hibernate.test.org.hibernate.cache.spi.UpdateTimestampsCache] : [PRODUCT] -> [5579089309839360]
14:12:31,035 DEBUG BaseGeneralDataRegion:59 - Caching[hibernate.test.org.hibernate.cache.spi.UpdateTimestampsCache] : [DEPARTMENT] -> [5579089309839360]
14:12:31,035 DEBUG BaseGeneralDataRegion:59 - Caching[hibernate.test.org.hibernate.cache.spi.UpdateTimestampsCache] : [PROD_CAT] -> [5579089309839360]
14:12:31,036 DEBUG QueryTranslatorImpl:265 - parse() - HQL: from org.hibernate.test.filter.Product as p where p.id = :id
14:12:31,037 DEBUG QueryTranslatorImpl:283 - --- HQL AST ---
 \-[QUERY] Node: 'query'
    +-[SELECT_FROM] Node: 'SELECT_FROM'
    |  \-[FROM] Node: 'from'
    |     \-[RANGE] Node: 'RANGE'
    |        +-[DOT] Node: '.'
    |        |  +-[DOT] Node: '.'
    |        |  |  +-[DOT] Node: '.'
    |        |  |  |  +-[DOT] Node: '.'
    |        |  |  |  |  +-[IDENT] Node: 'org'
    |        |  |  |  |  \-[IDENT] Node: 'hibernate'
    |        |  |  |  \-[IDENT] Node: 'test'
    |        |  |  \-[IDENT] Node: 'filter'
    |        |  \-[IDENT] Node: 'Product'
    |        \-[ALIAS] Node: 'p'
    \-[WHERE] Node: 'where'
       \-[EQ] Node: '='
          +-[DOT] Node: '.'
          |  +-[IDENT] Node: 'p'
          |  \-[IDENT] Node: 'id'
          \-[COLON] Node: ':'
             \-[IDENT] Node: 'id'

14:12:31,046 DEBUG ErrorCounter:82 - throwQueryException() : no errors
14:12:31,046 DEBUG FromElement:157 - FromClause{level=1} : org.hibernate.test.filter.Product (p) -> product0_
14:12:31,046 DEBUG FromReferenceNode:74 - Resolved : p -> product0_.PROD_ID
14:12:31,046 DEBUG DotNode:599 - getDataType() : id -> org.hibernate.type.LongType@4bf3f9d
14:12:31,046 DEBUG FromReferenceNode:74 - Resolved : p.id -> product0_.PROD_ID
14:12:31,047 DEBUG HqlSqlWalker:629 - processQuery() :  ( SELECT ( FromClause{level=1} PRODUCT product0_ ) ( where ( = ( product0_.PROD_ID product0_.PROD_ID id ) ? ) ) )
14:12:31,047 DEBUG HqlSqlWalker:869 - Derived SELECT clause created.
14:12:31,047 DEBUG JoinProcessor:175 - Using FROM fragment [PRODUCT product0_]
14:12:31,056 DEBUG SyntheticAndFactory:92 - Using unprocessed WHERE-fragment [:effectiveDate.asOfDate BETWEEN product0_.eff_start_dt and product0_.eff_end_dt]
14:12:31,056 DEBUG SyntheticAndFactory:124 - Using processed WHERE-fragment [? BETWEEN product0_.eff_start_dt and product0_.eff_end_dt]
14:12:31,056 DEBUG QueryTranslatorImpl:252 - --- SQL AST ---
 \-[SELECT] QueryNode: 'SELECT'  querySpaces (PRODUCT)
    +-[SELECT_CLAUSE] SelectClause: '{derived select clause}'
    |  +-[SELECT_EXPR] SelectExpressionImpl: 'product0_.PROD_ID as PROD1_3_' {FromElement{explicit,not a collection join,not a fetch join,fetch non-lazy properties,classAlias=p,role=null,tableName=PRODUCT,tableAlias=product0_,origin=null,columns={,className=org.hibernate.test.filter.Product}}}
    |  \-[SQL_TOKEN] SqlFragment: 'product0_.name as name3_, product0_.STOCK_NUM as STOCK3_3_, product0_.weight_kg / 0.453E0 as weight4_3_, product0_.eff_start_dt as eff5_3_, product0_.eff_end_dt as eff6_3_'
    +-[FROM] FromClause: 'from' FromClause{level=1, fromElementCounter=1, fromElements=1, fromElementByClassAlias=[p], fromElementByTableAlias=[product0_], fromElementsByPath=[], collectionJoinFromElementsByPath=[], impliedElements=[]}
    |  \-[FROM_FRAGMENT] FromElement: 'PRODUCT product0_' FromElement{explicit,not a collection join,not a fetch join,fetch non-lazy properties,classAlias=p,role=null,tableName=PRODUCT,tableAlias=product0_,origin=null,columns={,className=org.hibernate.test.filter.Product}}
    \-[WHERE] SqlNode: 'where'
       +-[FILTERS] SqlNode: '{filter conditions}'
       |  \-[SQL_TOKEN] SqlFragment: '? BETWEEN product0_.eff_start_dt and product0_.eff_end_dt'
       \-[EQ] BinaryLogicOperatorNode: '='
          +-[DOT] DotNode: 'product0_.PROD_ID' {propertyName=id,dereferenceType=ALL,propertyPath=id,path=p.id,tableAlias=product0_,className=org.hibernate.test.filter.Product,classAlias=p}
          |  +-[ALIAS_REF] IdentNode: 'product0_.PROD_ID' {alias=p, className=org.hibernate.test.filter.Product, tableAlias=product0_}
          |  \-[IDENT] IdentNode: 'id' {originalText=id}
          \-[NAMED_PARAM] ParameterNode: '?' {name=id, expectedType=org.hibernate.type.LongType@4bf3f9d}

14:12:31,057 DEBUG ErrorCounter:82 - throwQueryException() : no errors
14:12:31,057 DEBUG QueryTranslatorImpl:235 - HQL: from org.hibernate.test.filter.Product as p where p.id = :id
14:12:31,057 DEBUG QueryTranslatorImpl:236 - SQL: select product0_.PROD_ID as PROD1_3_, product0_.name as name3_, product0_.STOCK_NUM as STOCK3_3_, product0_.weight_kg / 0.453E0 as weight4_3_, product0_.eff_start_dt as eff5_3_, product0_.eff_end_dt as eff6_3_ from PRODUCT product0_ where ? BETWEEN product0_.eff_start_dt and product0_.eff_end_dt and product0_.PROD_ID=?
14:12:31,057 DEBUG ErrorCounter:82 - throwQueryException() : no errors
14:12:31,057 DEBUG SQL:104 - 
    select
        product0_.PROD_ID as PROD1_3_,
        product0_.name as name3_,
        product0_.STOCK_NUM as STOCK3_3_,
        product0_.weight_kg / 0.453E0 as weight4_3_,
        product0_.eff_start_dt as eff5_3_,
        product0_.eff_end_dt as eff6_3_ 
    from
        PRODUCT product0_ 
    where
        ? BETWEEN product0_.eff_start_dt and product0_.eff_end_dt 
        and product0_.PROD_ID=?
14:12:31,058 DEBUG BaseRegionAccessStrategy:66 - Caching: org.hibernate.test.filter.Product#49
14:12:31,058 DEBUG BaseGeneralDataRegion:59 - Caching[hibernate.test.org.hibernate.test.filter.Product] : [org.hibernate.test.filter.Product#49] -> [CacheEntry(org.hibernate.test.filter.Product)[Acme Hair Gel,123,10.0,2013-01-28 14:12:30.98,2013-03-28 14:12:30.98,49,49]]
14:12:31,059 DEBUG SQL:104 - 
    select
        categories0_.PROD_ID as PROD1_3_1_,
        categories0_.CAT_ID as CAT2_4_1_,
        category1_.CAT_ID as CAT1_0_0_,
        category1_.name as name0_0_,
        category1_.eff_start_dt as eff3_0_0_,
        category1_.eff_end_dt as eff4_0_0_ 
    from
        PROD_CAT categories0_ 
    inner join
        CATEGORY category1_ 
            on categories0_.CAT_ID=category1_.CAT_ID 
    where
        ? BETWEEN category1_.eff_start_dt and category1_.eff_end_dt 
        and categories0_.PROD_ID=?
14:12:31,080 DEBUG BaseRegionAccessStrategy:66 - Caching: org.hibernate.test.filter.Category#49
14:12:31,080 DEBUG BaseGeneralDataRegion:59 - Caching[hibernate.test.org.hibernate.test.filter.Category] : [org.hibernate.test.filter.Category#49] -> [CacheEntry(org.hibernate.test.filter.Category)[test cat 1,2013-01-28 14:12:30.98,2013-03-28 14:12:30.98,49]]
14:12:31,082 DEBUG SQL:104 - 
    update
        SALES_PERSON 
    set
        NAME=?,
        REG=?,
        DEPT_ID=?,
        "hire dt"=? 
    where
        SALES_PERSON_ID=?
14:12:31,082 DEBUG BaseGeneralDataRegion:69 - Evicting[hibernate.test.org.hibernate.test.filter.Salesperson]: org.hibernate.test.filter.Salesperson#37
14:12:31,082 DEBUG BaseGeneralDataRegion:59 - Caching[hibernate.test.org.hibernate.cache.spi.UpdateTimestampsCache] : [SALES_PERSON] -> [5579089555791872]
14:12:31,082 DEBUG SQL:104 - 
    update
        SALES_PERSON 
    set
        NAME=?,
        REG=?,
        DEPT_ID=?,
        "hire dt"=? 
    where
        SALES_PERSON_ID=?
14:12:31,093 DEBUG BaseGeneralDataRegion:69 - Evicting[hibernate.test.org.hibernate.test.filter.Salesperson]: org.hibernate.test.filter.Salesperson#38
14:12:31,093 DEBUG BaseGeneralDataRegion:59 - Caching[hibernate.test.org.hibernate.cache.spi.UpdateTimestampsCache] : [SALES_PERSON] -> [5579089555836928]
14:12:31,094 DEBUG SQL:104 - 
    update
        T_ORDER 
    set
        REG=?,
        BUYER=?,
        "ord dt"=?,
        "close dt"=?,
        SALES_PERSON_ID=? 
    where
        ORDER_ID=?
14:12:31,094 DEBUG BaseGeneralDataRegion:69 - Evicting[hibernate.test.org.hibernate.test.filter.Order]: org.hibernate.test.filter.Order#33
14:12:31,094 DEBUG BaseGeneralDataRegion:59 - Caching[hibernate.test.org.hibernate.cache.spi.UpdateTimestampsCache] : [T_ORDER] -> [5579089555841024]
14:12:31,094 DEBUG SQL:104 - 
    update
        ORDER_ITEM 
    set
        ORDER_ID=?,
        SEQ=?,
        PRODUCT_ID=?,
        AMT=? 
    where
        ITEM_ID=?
14:12:31,103 DEBUG BaseGeneralDataRegion:69 - Evicting[hibernate.test.org.hibernate.test.filter.LineItem]: org.hibernate.test.filter.LineItem#33
14:12:31,103 DEBUG BaseGeneralDataRegion:59 - Caching[hibernate.test.org.hibernate.cache.spi.UpdateTimestampsCache] : [ORDER_ITEM] -> [5579089555877888]
14:12:31,104 DEBUG SQL:104 - 
    update
        T_ORDER 
    set
        REG=?,
        BUYER=?,
        "ord dt"=?,
        "close dt"=?,
        SALES_PERSON_ID=? 
    where
        ORDER_ID=?
14:12:31,104 DEBUG BaseGeneralDataRegion:69 - Evicting[hibernate.test.org.hibernate.test.filter.Order]: org.hibernate.test.filter.Order#34
14:12:31,104 DEBUG BaseGeneralDataRegion:59 - Caching[hibernate.test.org.hibernate.cache.spi.UpdateTimestampsCache] : [T_ORDER] -> [5579089555881984]
14:12:31,104 DEBUG SQL:104 - 
    update
        ORDER_ITEM 
    set
        ORDER_ID=?,
        SEQ=?,
        PRODUCT_ID=?,
        AMT=? 
    where
        ITEM_ID=?
14:12:31,104 DEBUG BaseGeneralDataRegion:69 - Evicting[hibernate.test.org.hibernate.test.filter.LineItem]: org.hibernate.test.filter.LineItem#34
14:12:31,105 DEBUG BaseGeneralDataRegion:59 - Caching[hibernate.test.org.hibernate.cache.spi.UpdateTimestampsCache] : [ORDER_ITEM] -> [5579089555886080]
14:12:31,105 DEBUG BaseGeneralDataRegion:69 - Evicting[hibernate.test.org.hibernate.test.filter.Product.orderLineItems]: org.hibernate.test.filter.Product.orderLineItems#49
14:12:31,105 DEBUG BaseGeneralDataRegion:59 - Caching[hibernate.test.org.hibernate.cache.spi.UpdateTimestampsCache] : [ORDER_ITEM] -> [5579089555886081]
14:12:31,112 DEBUG BaseGeneralDataRegion:69 - Evicting[hibernate.test.org.hibernate.test.filter.Product.orderLineItems]: org.hibernate.test.filter.Product.orderLineItems#50
14:12:31,112 DEBUG BaseGeneralDataRegion:59 - Caching[hibernate.test.org.hibernate.cache.spi.UpdateTimestampsCache] : [ORDER_ITEM] -> [5579089555914752]
14:12:31,112 DEBUG BaseGeneralDataRegion:69 - Evicting[hibernate.test.org.hibernate.test.filter.Product.orderLineItems]: org.hibernate.test.filter.Product.orderLineItems#51
14:12:31,112 DEBUG BaseGeneralDataRegion:59 - Caching[hibernate.test.org.hibernate.cache.spi.UpdateTimestampsCache] : [ORDER_ITEM] -> [5579089555914753]
14:12:31,112 DEBUG SQL:104 - 
    delete 
    from
        PROD_CAT 
    where
        PROD_ID=?
14:12:31,113 DEBUG BaseGeneralDataRegion:69 - Evicting[hibernate.test.org.hibernate.test.filter.Product.categories]: org.hibernate.test.filter.Product.categories#51
14:12:31,113 DEBUG BaseGeneralDataRegion:59 - Caching[hibernate.test.org.hibernate.cache.spi.UpdateTimestampsCache] : [PROD_CAT] -> [5579089555918848]
14:12:31,113 DEBUG BaseGeneralDataRegion:69 - Evicting[hibernate.test.org.hibernate.test.filter.Department.salespersons]: org.hibernate.test.filter.Department.salespersons#17
14:12:31,113 DEBUG BaseGeneralDataRegion:59 - Caching[hibernate.test.org.hibernate.cache.spi.UpdateTimestampsCache] : [SALES_PERSON] -> [5579089555918849]
14:12:31,113 DEBUG BaseGeneralDataRegion:69 - Evicting[hibernate.test.org.hibernate.test.filter.Salesperson.orders]: org.hibernate.test.filter.Salesperson.orders#37
14:12:31,113 DEBUG BaseGeneralDataRegion:59 - Caching[hibernate.test.org.hibernate.cache.spi.UpdateTimestampsCache] : [T_ORDER] -> [5579089555918850]
14:12:31,113 DEBUG BaseGeneralDataRegion:69 - Evicting[hibernate.test.org.hibernate.test.filter.Salesperson.orders]: org.hibernate.test.filter.Salesperson.orders#38
14:12:31,113 DEBUG BaseGeneralDataRegion:59 - Caching[hibernate.test.org.hibernate.cache.spi.UpdateTimestampsCache] : [T_ORDER] -> [5579089555918851]
14:12:31,113 DEBUG SQL:104 - 
    delete 
    from
        PROD_CAT 
    where
        PROD_ID=?
14:12:31,114 DEBUG BaseGeneralDataRegion:69 - Evicting[hibernate.test.org.hibernate.test.filter.Product.categories]: org.hibernate.test.filter.Product.categories#49
14:12:31,114 DEBUG BaseGeneralDataRegion:59 - Caching[hibernate.test.org.hibernate.cache.spi.UpdateTimestampsCache] : [PROD_CAT] -> [5579089555922944]
14:12:31,114 DEBUG BaseGeneralDataRegion:69 - Evicting[hibernate.test.org.hibernate.test.filter.Category.products]: org.hibernate.test.filter.Category.products#49
14:12:31,114 DEBUG BaseGeneralDataRegion:59 - Caching[hibernate.test.org.hibernate.cache.spi.UpdateTimestampsCache] : [PROD_CAT] -> [5579089555922945]
14:12:31,114 DEBUG BaseGeneralDataRegion:69 - Evicting[hibernate.test.org.hibernate.test.filter.Category.products]: org.hibernate.test.filter.Category.products#50
14:12:31,123 DEBUG BaseGeneralDataRegion:59 - Caching[hibernate.test.org.hibernate.cache.spi.UpdateTimestampsCache] : [PROD_CAT] -> [5579089555959808]
14:12:31,123 DEBUG BaseGeneralDataRegion:69 - Evicting[hibernate.test.org.hibernate.test.filter.Order.lineItems]: org.hibernate.test.filter.Order.lineItems#33
14:12:31,123 DEBUG BaseGeneralDataRegion:59 - Caching[hibernate.test.org.hibernate.cache.spi.UpdateTimestampsCache] : [ORDER_ITEM] -> [5579089555959809]
14:12:31,123 DEBUG SQL:104 - 
    delete 
    from
        PROD_CAT 
    where
        PROD_ID=?
14:12:31,123 DEBUG BaseGeneralDataRegion:69 - Evicting[hibernate.test.org.hibernate.test.filter.Product.categories]: org.hibernate.test.filter.Product.categories#50
14:12:31,124 DEBUG BaseGeneralDataRegion:59 - Caching[hibernate.test.org.hibernate.cache.spi.UpdateTimestampsCache] : [PROD_CAT] -> [5579089555959810]
14:12:31,124 DEBUG BaseGeneralDataRegion:69 - Evicting[hibernate.test.org.hibernate.test.filter.Category.products]: org.hibernate.test.filter.Category.products#51
14:12:31,124 DEBUG BaseGeneralDataRegion:59 - Caching[hibernate.test.org.hibernate.cache.spi.UpdateTimestampsCache] : [PROD_CAT] -> [5579089555963904]
14:12:31,124 DEBUG BaseGeneralDataRegion:69 - Evicting[hibernate.test.org.hibernate.test.filter.Order.lineItems]: org.hibernate.test.filter.Order.lineItems#34
14:12:31,124 DEBUG BaseGeneralDataRegion:59 - Caching[hibernate.test.org.hibernate.cache.spi.UpdateTimestampsCache] : [ORDER_ITEM] -> [5579089555963905]
14:12:31,124 DEBUG SQL:104 - 
    delete 
    from
        DEPARTMENT 
    where
        DEPT_ID=?
14:12:31,124 DEBUG BaseGeneralDataRegion:69 - Evicting[hibernate.test.org.hibernate.test.filter.Department]: org.hibernate.test.filter.Department#17
14:12:31,124 DEBUG BaseGeneralDataRegion:59 - Caching[hibernate.test.org.hibernate.cache.spi.UpdateTimestampsCache] : [DEPARTMENT] -> [5579089555963906]
14:12:31,124 DEBUG SQL:104 - 
    delete 
    from
        SALES_PERSON 
    where
        SALES_PERSON_ID=?
14:12:31,125 DEBUG BaseGeneralDataRegion:69 - Evicting[hibernate.test.org.hibernate.test.filter.Salesperson]: org.hibernate.test.filter.Salesperson#37
14:12:31,133 DEBUG BaseGeneralDataRegion:59 - Caching[hibernate.test.org.hibernate.cache.spi.UpdateTimestampsCache] : [SALES_PERSON] -> [5579089556000768]
14:12:31,133 DEBUG SQL:104 - 
    delete 
    from
        SALES_PERSON 
    where
        SALES_PERSON_ID=?
14:12:31,133 DEBUG BaseGeneralDataRegion:69 - Evicting[hibernate.test.org.hibernate.test.filter.Salesperson]: org.hibernate.test.filter.Salesperson#38
14:12:31,133 DEBUG BaseGeneralDataRegion:59 - Caching[hibernate.test.org.hibernate.cache.spi.UpdateTimestampsCache] : [SALES_PERSON] -> [5579089556000769]
14:12:31,133 DEBUG SQL:104 - 
    delete 
    from
        CATEGORY 
    where
        CAT_ID=?
14:12:31,134 DEBUG BaseGeneralDataRegion:69 - Evicting[hibernate.test.org.hibernate.test.filter.Category]: org.hibernate.test.filter.Category#49
14:12:31,134 DEBUG BaseGeneralDataRegion:59 - Caching[hibernate.test.org.hibernate.cache.spi.UpdateTimestampsCache] : [CATEGORY] -> [5579089556004864]
14:12:31,134 DEBUG SQL:104 - 
    delete 
    from
        CATEGORY 
    where
        CAT_ID=?
14:12:31,134 DEBUG BaseGeneralDataRegion:69 - Evicting[hibernate.test.org.hibernate.test.filter.Category]: org.hibernate.test.filter.Category#50
14:12:31,134 DEBUG BaseGeneralDataRegion:59 - Caching[hibernate.test.org.hibernate.cache.spi.UpdateTimestampsCache] : [CATEGORY] -> [5579089556004865]
14:12:31,134 DEBUG SQL:104 - 
    delete 
    from
        PRODUCT 
    where
        PROD_ID=?
14:12:31,143 DEBUG BaseGeneralDataRegion:69 - Evicting[hibernate.test.org.hibernate.test.filter.Product]: org.hibernate.test.filter.Product#49
14:12:31,143 DEBUG BaseGeneralDataRegion:59 - Caching[hibernate.test.org.hibernate.cache.spi.UpdateTimestampsCache] : [PRODUCT] -> [5579089556041728]
14:12:31,143 DEBUG SQL:104 - 
    delete 
    from
        ORDER_ITEM 
    where
        ITEM_ID=?
14:12:31,143 DEBUG BaseGeneralDataRegion:69 - Evicting[hibernate.test.org.hibernate.test.filter.LineItem]: org.hibernate.test.filter.LineItem#33
14:12:31,143 DEBUG BaseGeneralDataRegion:59 - Caching[hibernate.test.org.hibernate.cache.spi.UpdateTimestampsCache] : [ORDER_ITEM] -> [5579089556041729]
14:12:31,144 DEBUG SQL:104 - 
    delete 
    from
        T_ORDER 
    where
        ORDER_ID=?
14:12:31,144 DEBUG BaseGeneralDataRegion:69 - Evicting[hibernate.test.org.hibernate.test.filter.Order]: org.hibernate.test.filter.Order#33
14:12:31,144 DEBUG BaseGeneralDataRegion:59 - Caching[hibernate.test.org.hibernate.cache.spi.UpdateTimestampsCache] : [T_ORDER] -> [5579089556045824]
14:12:31,144 DEBUG SQL:104 - 
    delete 
    from
        CATEGORY 
    where
        CAT_ID=?
14:12:31,144 DEBUG BaseGeneralDataRegion:69 - Evicting[hibernate.test.org.hibernate.test.filter.Category]: org.hibernate.test.filter.Category#51
14:12:31,144 DEBUG BaseGeneralDataRegion:59 - Caching[hibernate.test.org.hibernate.cache.spi.UpdateTimestampsCache] : [CATEGORY] -> [5579089556045825]
14:12:31,153 DEBUG SQL:104 - 
    delete 
    from
        PRODUCT 
    where
        PROD_ID=?
14:12:31,154 DEBUG BaseGeneralDataRegion:69 - Evicting[hibernate.test.org.hibernate.test.filter.Product]: org.hibernate.test.filter.Product#50
14:12:31,154 DEBUG BaseGeneralDataRegion:59 - Caching[hibernate.test.org.hibernate.cache.spi.UpdateTimestampsCache] : [PRODUCT] -> [5579089556086784]
14:12:31,154 DEBUG SQL:104 - 
    delete 
    from
        PRODUCT 
    where
        PROD_ID=?
14:12:31,154 DEBUG BaseGeneralDataRegion:69 - Evicting[hibernate.test.org.hibernate.test.filter.Product]: org.hibernate.test.filter.Product#51
14:12:31,155 DEBUG BaseGeneralDataRegion:59 - Caching[hibernate.test.org.hibernate.cache.spi.UpdateTimestampsCache] : [PRODUCT] -> [5579089556086785]
14:12:31,155 DEBUG SQL:104 - 
    delete 
    from
        ORDER_ITEM 
    where
        ITEM_ID=?
14:12:31,155 DEBUG BaseGeneralDataRegion:69 - Evicting[hibernate.test.org.hibernate.test.filter.LineItem]: org.hibernate.test.filter.LineItem#34
14:12:31,155 DEBUG BaseGeneralDataRegion:59 - Caching[hibernate.test.org.hibernate.cache.spi.UpdateTimestampsCache] : [ORDER_ITEM] -> [5579089556090880]
14:12:31,155 DEBUG SQL:104 - 
    delete 
    from
        T_ORDER 
    where
        ORDER_ID=?
14:12:31,155 DEBUG BaseGeneralDataRegion:69 - Evicting[hibernate.test.org.hibernate.test.filter.Order]: org.hibernate.test.filter.Order#34
14:12:31,155 DEBUG BaseGeneralDataRegion:59 - Caching[hibernate.test.org.hibernate.cache.spi.UpdateTimestampsCache] : [T_ORDER] -> [5579089556090881]
14:12:31,156 DEBUG BaseGeneralDataRegion:69 - Evicting[hibernate.test.org.hibernate.test.filter.Salesperson]: org.hibernate.test.filter.Salesperson#37
14:12:31,156 DEBUG BaseGeneralDataRegion:69 - Evicting[hibernate.test.org.hibernate.test.filter.Salesperson]: org.hibernate.test.filter.Salesperson#38
14:12:31,156 DEBUG BaseGeneralDataRegion:69 - Evicting[hibernate.test.org.hibernate.test.filter.Order]: org.hibernate.test.filter.Order#33
14:12:31,156 DEBUG BaseGeneralDataRegion:69 - Evicting[hibernate.test.org.hibernate.test.filter.LineItem]: org.hibernate.test.filter.LineItem#33
14:12:31,156 DEBUG BaseGeneralDataRegion:69 - Evicting[hibernate.test.org.hibernate.test.filter.Order]: org.hibernate.test.filter.Order#34
14:12:31,156 DEBUG BaseGeneralDataRegion:69 - Evicting[hibernate.test.org.hibernate.test.filter.LineItem]: org.hibernate.test.filter.LineItem#34
14:12:31,156 DEBUG BaseGeneralDataRegion:69 - Evicting[hibernate.test.org.hibernate.test.filter.Product.orderLineItems]: org.hibernate.test.filter.Product.orderLineItems#49
14:12:31,156 DEBUG BaseGeneralDataRegion:69 - Evicting[hibernate.test.org.hibernate.test.filter.Product.orderLineItems]: org.hibernate.test.filter.Product.orderLineItems#50
14:12:31,156 DEBUG BaseGeneralDataRegion:69 - Evicting[hibernate.test.org.hibernate.test.filter.Product.orderLineItems]: org.hibernate.test.filter.Product.orderLineItems#51
14:12:31,156 DEBUG BaseGeneralDataRegion:69 - Evicting[hibernate.test.org.hibernate.test.filter.Product.categories]: org.hibernate.test.filter.Product.categories#51
14:12:31,156 DEBUG BaseGeneralDataRegion:69 - Evicting[hibernate.test.org.hibernate.test.filter.Department.salespersons]: org.hibernate.test.filter.Department.salespersons#17
14:12:31,156 DEBUG BaseGeneralDataRegion:69 - Evicting[hibernate.test.org.hibernate.test.filter.Salesperson.orders]: org.hibernate.test.filter.Salesperson.orders#37
14:12:31,157 DEBUG BaseGeneralDataRegion:69 - Evicting[hibernate.test.org.hibernate.test.filter.Salesperson.orders]: org.hibernate.test.filter.Salesperson.orders#38
14:12:31,157 DEBUG BaseGeneralDataRegion:69 - Evicting[hibernate.test.org.hibernate.test.filter.Product.categories]: org.hibernate.test.filter.Product.categories#49
14:12:31,157 DEBUG BaseGeneralDataRegion:69 - Evicting[hibernate.test.org.hibernate.test.filter.Category.products]: org.hibernate.test.filter.Category.products#49
14:12:31,157 DEBUG BaseGeneralDataRegion:69 - Evicting[hibernate.test.org.hibernate.test.filter.Category.products]: org.hibernate.test.filter.Category.products#50
14:12:31,157 DEBUG BaseGeneralDataRegion:69 - Evicting[hibernate.test.org.hibernate.test.filter.Order.lineItems]: org.hibernate.test.filter.Order.lineItems#33
14:12:31,157 DEBUG BaseGeneralDataRegion:69 - Evicting[hibernate.test.org.hibernate.test.filter.Product.categories]: org.hibernate.test.filter.Product.categories#50
14:12:31,157 DEBUG BaseGeneralDataRegion:69 - Evicting[hibernate.test.org.hibernate.test.filter.Category.products]: org.hibernate.test.filter.Category.products#51
14:12:31,157 DEBUG BaseGeneralDataRegion:69 - Evicting[hibernate.test.org.hibernate.test.filter.Order.lineItems]: org.hibernate.test.filter.Order.lineItems#34
14:12:31,157 DEBUG BaseGeneralDataRegion:69 - Evicting[hibernate.test.org.hibernate.test.filter.Department]: org.hibernate.test.filter.Department#17
14:12:31,157 DEBUG BaseGeneralDataRegion:69 - Evicting[hibernate.test.org.hibernate.test.filter.Salesperson]: org.hibernate.test.filter.Salesperson#37
14:12:31,157 DEBUG BaseGeneralDataRegion:69 - Evicting[hibernate.test.org.hibernate.test.filter.Salesperson]: org.hibernate.test.filter.Salesperson#38
14:12:31,168 DEBUG BaseGeneralDataRegion:69 - Evicting[hibernate.test.org.hibernate.test.filter.Category]: org.hibernate.test.filter.Category#49
14:12:31,168 DEBUG BaseGeneralDataRegion:69 - Evicting[hibernate.test.org.hibernate.test.filter.Category]: org.hibernate.test.filter.Category#50
14:12:31,168 DEBUG BaseGeneralDataRegion:69 - Evicting[hibernate.test.org.hibernate.test.filter.Product]: org.hibernate.test.filter.Product#49
14:12:31,169 DEBUG BaseGeneralDataRegion:69 - Evicting[hibernate.test.org.hibernate.test.filter.LineItem]: org.hibernate.test.filter.LineItem#33
14:12:31,169 DEBUG BaseGeneralDataRegion:69 - Evicting[hibernate.test.org.hibernate.test.filter.Order]: org.hibernate.test.filter.Order#33
14:12:31,169 DEBUG BaseGeneralDataRegion:69 - Evicting[hibernate.test.org.hibernate.test.filter.Category]: org.hibernate.test.filter.Category#51
14:12:31,169 DEBUG BaseGeneralDataRegion:69 - Evicting[hibernate.test.org.hibernate.test.filter.Product]: org.hibernate.test.filter.Product#50
14:12:31,169 DEBUG BaseGeneralDataRegion:69 - Evicting[hibernate.test.org.hibernate.test.filter.Product]: org.hibernate.test.filter.Product#51
14:12:31,169 DEBUG BaseGeneralDataRegion:69 - Evicting[hibernate.test.org.hibernate.test.filter.LineItem]: org.hibernate.test.filter.LineItem#34
14:12:31,169 DEBUG BaseGeneralDataRegion:69 - Evicting[hibernate.test.org.hibernate.test.filter.Order]: org.hibernate.test.filter.Order#34
14:12:31,169 DEBUG BaseGeneralDataRegion:59 - Caching[hibernate.test.org.hibernate.cache.spi.UpdateTimestampsCache] : [CATEGORY] -> [5579089310388224]
14:12:31,169 DEBUG BaseGeneralDataRegion:59 - Caching[hibernate.test.org.hibernate.cache.spi.UpdateTimestampsCache] : [ORDER_ITEM] -> [5579089310388224]
14:12:31,169 DEBUG BaseGeneralDataRegion:59 - Caching[hibernate.test.org.hibernate.cache.spi.UpdateTimestampsCache] : [SALES_PERSON] -> [5579089310388224]
14:12:31,169 DEBUG BaseGeneralDataRegion:59 - Caching[hibernate.test.org.hibernate.cache.spi.UpdateTimestampsCache] : [T_ORDER] -> [5579089310388224]
14:12:31,169 DEBUG BaseGeneralDataRegion:59 - Caching[hibernate.test.org.hibernate.cache.spi.UpdateTimestampsCache] : [PRODUCT] -> [5579089310388224]
14:12:31,170 DEBUG BaseGeneralDataRegion:59 - Caching[hibernate.test.org.hibernate.cache.spi.UpdateTimestampsCache] : [DEPARTMENT] -> [5579089310388224]
14:12:31,170 DEBUG BaseGeneralDataRegion:59 - Caching[hibernate.test.org.hibernate.cache.spi.UpdateTimestampsCache] : [PROD_CAT] -> [5579089310388224]
14:12:31,170  INFO CustomRunner:139 - Test: testOneToManyFilters
14:12:31,171  INFO DynamicFilterTest:620 - Starting one-to-many collection loader filter tests.
14:12:31,171 DEBUG SQL:104 - 
    insert 
    into
        DEPARTMENT
        (DEPT_ID, REG) 
    values
        (null, ?)
14:12:31,172 DEBUG BaseGeneralDataRegion:59 - Caching[hibernate.test.org.hibernate.cache.spi.UpdateTimestampsCache] : [DEPARTMENT] -> [5579089556160512]
14:12:31,172 DEBUG SQL:104 - 
    insert 
    into
        SALES_PERSON
        (SALES_PERSON_ID, NAME, REG, DEPT_ID, "hire dt") 
    values
        (null, ?, ?, ?, ?)
14:12:31,178 DEBUG BaseGeneralDataRegion:59 - Caching[hibernate.test.org.hibernate.cache.spi.UpdateTimestampsCache] : [SALES_PERSON] -> [5579089556185088]
14:12:31,178 DEBUG SQL:104 - 
    insert 
    into
        SALES_PERSON
        (SALES_PERSON_ID, NAME, REG, DEPT_ID, "hire dt") 
    values
        (null, ?, ?, ?, ?)
14:12:31,179 DEBUG BaseGeneralDataRegion:59 - Caching[hibernate.test.org.hibernate.cache.spi.UpdateTimestampsCache] : [SALES_PERSON] -> [5579089556189184]
14:12:31,179 DEBUG SQL:104 - 
    insert 
    into
        PRODUCT
        (PROD_ID, name, STOCK_NUM, weight_kg, eff_start_dt, eff_end_dt) 
    values
        (null, ?, ?, 0.453E0 * ?, ?, ?)
14:12:31,179 DEBUG BaseGeneralDataRegion:59 - Caching[hibernate.test.org.hibernate.cache.spi.UpdateTimestampsCache] : [PRODUCT] -> [5579089556189185]
14:12:31,180 DEBUG SQL:104 - 
    insert 
    into
        CATEGORY
        (CAT_ID, name, eff_start_dt, eff_end_dt) 
    values
        (null, ?, ?, ?)
14:12:31,180 DEBUG BaseGeneralDataRegion:59 - Caching[hibernate.test.org.hibernate.cache.spi.UpdateTimestampsCache] : [CATEGORY] -> [5579089556193280]
14:12:31,180 DEBUG SQL:104 - 
    insert 
    into
        CATEGORY
        (CAT_ID, name, eff_start_dt, eff_end_dt) 
    values
        (null, ?, ?, ?)
14:12:31,180 DEBUG BaseGeneralDataRegion:59 - Caching[hibernate.test.org.hibernate.cache.spi.UpdateTimestampsCache] : [CATEGORY] -> [5579089556193281]
14:12:31,180 DEBUG SQL:104 - 
    insert 
    into
        T_ORDER
        (ORDER_ID, REG, BUYER, "ord dt", "close dt", SALES_PERSON_ID) 
    values
        (null, ?, ?, ?, ?, ?)
14:12:31,200 DEBUG BaseGeneralDataRegion:59 - Caching[hibernate.test.org.hibernate.cache.spi.UpdateTimestampsCache] : [T_ORDER] -> [5579089556275200]
14:12:31,200 DEBUG SQL:104 - 
    insert 
    into
        ORDER_ITEM
        (ITEM_ID, ORDER_ID, SEQ, PRODUCT_ID, AMT) 
    values
        (null, ?, ?, ?, ?)
14:12:31,200 DEBUG BaseGeneralDataRegion:59 - Caching[hibernate.test.org.hibernate.cache.spi.UpdateTimestampsCache] : [ORDER_ITEM] -> [5579089556275201]
14:12:31,201 DEBUG SQL:104 - 
    insert 
    into
        PRODUCT
        (PROD_ID, name, STOCK_NUM, weight_kg, eff_start_dt, eff_end_dt) 
    values
        (null, ?, ?, 0.453E0 * ?, ?, ?)
14:12:31,201 DEBUG BaseGeneralDataRegion:59 - Caching[hibernate.test.org.hibernate.cache.spi.UpdateTimestampsCache] : [PRODUCT] -> [5579089556279296]
14:12:31,201 DEBUG SQL:104 - 
    insert 
    into
        CATEGORY
        (CAT_ID, name, eff_start_dt, eff_end_dt) 
    values
        (null, ?, ?, ?)
14:12:31,201 DEBUG BaseGeneralDataRegion:59 - Caching[hibernate.test.org.hibernate.cache.spi.UpdateTimestampsCache] : [CATEGORY] -> [5579089556279297]
14:12:31,202 DEBUG SQL:104 - 
    insert 
    into
        PRODUCT
        (PROD_ID, name, STOCK_NUM, weight_kg, eff_start_dt, eff_end_dt) 
    values
        (null, ?, ?, 0.453E0 * ?, ?, ?)
14:12:31,210 DEBUG BaseGeneralDataRegion:59 - Caching[hibernate.test.org.hibernate.cache.spi.UpdateTimestampsCache] : [PRODUCT] -> [5579089556316160]
14:12:31,210 DEBUG SQL:104 - 
    insert 
    into
        T_ORDER
        (ORDER_ID, REG, BUYER, "ord dt", "close dt", SALES_PERSON_ID) 
    values
        (null, ?, ?, ?, ?, ?)
14:12:31,210 DEBUG BaseGeneralDataRegion:59 - Caching[hibernate.test.org.hibernate.cache.spi.UpdateTimestampsCache] : [T_ORDER] -> [5579089556316161]
14:12:31,211 DEBUG SQL:104 - 
    insert 
    into
        ORDER_ITEM
        (ITEM_ID, ORDER_ID, SEQ, PRODUCT_ID, AMT) 
    values
        (null, ?, ?, ?, ?)
14:12:31,211 DEBUG BaseGeneralDataRegion:59 - Caching[hibernate.test.org.hibernate.cache.spi.UpdateTimestampsCache] : [ORDER_ITEM] -> [5579089556320256]
14:12:31,211 DEBUG SQL:104 - 
    update
        PRODUCT 
    set
        name=?,
        STOCK_NUM=?,
        weight_kg=0.453E0 * ?,
        eff_start_dt=?,
        eff_end_dt=? 
    where
        PROD_ID=?
14:12:31,219 DEBUG BaseGeneralDataRegion:69 - Evicting[hibernate.test.org.hibernate.test.filter.Product]: org.hibernate.test.filter.Product#52
14:12:31,219 DEBUG BaseGeneralDataRegion:59 - Caching[hibernate.test.org.hibernate.cache.spi.UpdateTimestampsCache] : [PRODUCT] -> [5579089556353024]
14:12:31,219 DEBUG BaseGeneralDataRegion:69 - Evicting[hibernate.test.org.hibernate.test.filter.Department.salespersons]: org.hibernate.test.filter.Department.salespersons#18
14:12:31,220 DEBUG BaseGeneralDataRegion:59 - Caching[hibernate.test.org.hibernate.cache.spi.UpdateTimestampsCache] : [SALES_PERSON] -> [5579089556357120]
14:12:31,220 DEBUG BaseGeneralDataRegion:69 - Evicting[hibernate.test.org.hibernate.test.filter.Salesperson.orders]: org.hibernate.test.filter.Salesperson.orders#39
14:12:31,220 DEBUG BaseGeneralDataRegion:59 - Caching[hibernate.test.org.hibernate.cache.spi.UpdateTimestampsCache] : [T_ORDER] -> [5579089556357121]
14:12:31,220 DEBUG BaseGeneralDataRegion:69 - Evicting[hibernate.test.org.hibernate.test.filter.Salesperson.orders]: org.hibernate.test.filter.Salesperson.orders#40
14:12:31,220 DEBUG BaseGeneralDataRegion:59 - Caching[hibernate.test.org.hibernate.cache.spi.UpdateTimestampsCache] : [T_ORDER] -> [5579089556357122]
14:12:31,220 DEBUG SQL:104 - 
    insert 
    into
        PROD_CAT
        (PROD_ID, CAT_ID) 
    values
        (?, ?)
14:12:31,220 DEBUG SQL:104 - 
    insert 
    into
        PROD_CAT
        (PROD_ID, CAT_ID) 
    values
        (?, ?)
14:12:31,220 DEBUG BaseGeneralDataRegion:69 - Evicting[hibernate.test.org.hibernate.test.filter.Product.categories]: org.hibernate.test.filter.Product.categories#52
14:12:31,221 DEBUG BaseGeneralDataRegion:59 - Caching[hibernate.test.org.hibernate.cache.spi.UpdateTimestampsCache] : [PROD_CAT] -> [5579089556361216]
14:12:31,221 DEBUG BaseGeneralDataRegion:69 - Evicting[hibernate.test.org.hibernate.test.filter.Category.products]: org.hibernate.test.filter.Category.products#52
14:12:31,221 DEBUG BaseGeneralDataRegion:59 - Caching[hibernate.test.org.hibernate.cache.spi.UpdateTimestampsCache] : [PROD_CAT] -> [5579089556361217]
14:12:31,229 DEBUG BaseGeneralDataRegion:69 - Evicting[hibernate.test.org.hibernate.test.filter.Category.products]: org.hibernate.test.filter.Category.products#53
14:12:31,229 DEBUG BaseGeneralDataRegion:59 - Caching[hibernate.test.org.hibernate.cache.spi.UpdateTimestampsCache] : [PROD_CAT] -> [5579089556393984]
14:12:31,230 DEBUG BaseGeneralDataRegion:69 - Evicting[hibernate.test.org.hibernate.test.filter.Order.lineItems]: org.hibernate.test.filter.Order.lineItems#35
14:12:31,230 DEBUG BaseGeneralDataRegion:59 - Caching[hibernate.test.org.hibernate.cache.spi.UpdateTimestampsCache] : [ORDER_ITEM] -> [5579089556398080]
14:12:31,230 DEBUG SQL:104 - 
    insert 
    into
        PROD_CAT
        (PROD_ID, CAT_ID) 
    values
        (?, ?)
14:12:31,230 DEBUG BaseGeneralDataRegion:69 - Evicting[hibernate.test.org.hibernate.test.filter.Product.categories]: org.hibernate.test.filter.Product.categories#53
14:12:31,230 DEBUG BaseGeneralDataRegion:59 - Caching[hibernate.test.org.hibernate.cache.spi.UpdateTimestampsCache] : [PROD_CAT] -> [5579089556398081]
14:12:31,230 DEBUG BaseGeneralDataRegion:69 - Evicting[hibernate.test.org.hibernate.test.filter.Category.products]: org.hibernate.test.filter.Category.products#54
14:12:31,230 DEBUG BaseGeneralDataRegion:59 - Caching[hibernate.test.org.hibernate.cache.spi.UpdateTimestampsCache] : [PROD_CAT] -> [5579089556398082]
14:12:31,230 DEBUG BaseGeneralDataRegion:69 - Evicting[hibernate.test.org.hibernate.test.filter.Order.lineItems]: org.hibernate.test.filter.Order.lineItems#36
14:12:31,231 DEBUG BaseGeneralDataRegion:59 - Caching[hibernate.test.org.hibernate.cache.spi.UpdateTimestampsCache] : [ORDER_ITEM] -> [5579089556398083]
14:12:31,231 DEBUG BaseGeneralDataRegion:69 - Evicting[hibernate.test.org.hibernate.test.filter.Product]: org.hibernate.test.filter.Product#52
14:12:31,231 DEBUG BaseGeneralDataRegion:69 - Evicting[hibernate.test.org.hibernate.test.filter.Department.salespersons]: org.hibernate.test.filter.Department.salespersons#18
14:12:31,231 DEBUG BaseGeneralDataRegion:69 - Evicting[hibernate.test.org.hibernate.test.filter.Salesperson.orders]: org.hibernate.test.filter.Salesperson.orders#39
14:12:31,231 DEBUG BaseGeneralDataRegion:69 - Evicting[hibernate.test.org.hibernate.test.filter.Salesperson.orders]: org.hibernate.test.filter.Salesperson.orders#40
14:12:31,231 DEBUG BaseGeneralDataRegion:69 - Evicting[hibernate.test.org.hibernate.test.filter.Product.categories]: org.hibernate.test.filter.Product.categories#52
14:12:31,231 DEBUG BaseGeneralDataRegion:69 - Evicting[hibernate.test.org.hibernate.test.filter.Category.products]: org.hibernate.test.filter.Category.products#52
14:12:31,231 DEBUG BaseGeneralDataRegion:69 - Evicting[hibernate.test.org.hibernate.test.filter.Category.products]: org.hibernate.test.filter.Category.products#53
14:12:31,231 DEBUG BaseGeneralDataRegion:69 - Evicting[hibernate.test.org.hibernate.test.filter.Order.lineItems]: org.hibernate.test.filter.Order.lineItems#35
14:12:31,231 DEBUG BaseGeneralDataRegion:69 - Evicting[hibernate.test.org.hibernate.test.filter.Product.categories]: org.hibernate.test.filter.Product.categories#53
14:12:31,231 DEBUG BaseGeneralDataRegion:69 - Evicting[hibernate.test.org.hibernate.test.filter.Category.products]: org.hibernate.test.filter.Category.products#54
14:12:31,232 DEBUG BaseGeneralDataRegion:69 - Evicting[hibernate.test.org.hibernate.test.filter.Order.lineItems]: org.hibernate.test.filter.Order.lineItems#36
14:12:31,232 DEBUG BaseGeneralDataRegion:59 - Caching[hibernate.test.org.hibernate.cache.spi.UpdateTimestampsCache] : [ORDER_ITEM] -> [5579089310646272]
14:12:31,232 DEBUG BaseGeneralDataRegion:59 - Caching[hibernate.test.org.hibernate.cache.spi.UpdateTimestampsCache] : [CATEGORY] -> [5579089310646272]
14:12:31,239 DEBUG BaseGeneralDataRegion:59 - Caching[hibernate.test.org.hibernate.cache.spi.UpdateTimestampsCache] : [SALES_PERSON] -> [5579089310646272]
14:12:31,240 DEBUG BaseGeneralDataRegion:59 - Caching[hibernate.test.org.hibernate.cache.spi.UpdateTimestampsCache] : [T_ORDER] -> [5579089310646272]
14:12:31,240 DEBUG BaseGeneralDataRegion:59 - Caching[hibernate.test.org.hibernate.cache.spi.UpdateTimestampsCache] : [PRODUCT] -> [5579089310646272]
14:12:31,240 DEBUG BaseGeneralDataRegion:59 - Caching[hibernate.test.org.hibernate.cache.spi.UpdateTimestampsCache] : [DEPARTMENT] -> [5579089310646272]
14:12:31,240 DEBUG BaseGeneralDataRegion:59 - Caching[hibernate.test.org.hibernate.cache.spi.UpdateTimestampsCache] : [PROD_CAT] -> [5579089310646272]
14:12:31,240  INFO DynamicFilterTest:628 - Performing load of Department...
14:12:31,240 DEBUG BaseGeneralDataRegion:46 - Cache[hibernate.test.org.hibernate.test.filter.Department] lookup : key[org.hibernate.test.filter.Department#18]
14:12:31,241 DEBUG SQL:104 - 
    select
        department0_.DEPT_ID as DEPT1_1_0_,
        department0_.REG as REG1_0_ 
    from
        DEPARTMENT department0_ 
    where
        department0_.DEPT_ID=?
14:12:31,241 DEBUG BaseRegionAccessStrategy:66 - Caching: org.hibernate.test.filter.Department#18
14:12:31,241 DEBUG BaseGeneralDataRegion:59 - Caching[hibernate.test.org.hibernate.test.filter.Department] : [org.hibernate.test.filter.Department#18] -> [CacheEntry(org.hibernate.test.filter.Department)[Sales,18]]
14:12:31,242 DEBUG SQL:104 - 
    select
        salesperso0_.DEPT_ID as DEPT4_1_1_,
        salesperso0_.SALES_PERSON_ID as SALES1_5_1_,
        salesperso0_.SALES_PERSON_ID as SALES1_5_0_,
        salesperso0_.NAME as NAME5_0_,
        salesperso0_.REG as REG5_0_,
        salesperso0_.DEPT_ID as DEPT4_5_0_,
        salesperso0_."hire dt" as hire5_5_0_ 
    from
        SALES_PERSON salesperso0_ 
    where
        salesperso0_."hire dt" < ? 
        and salesperso0_.DEPT_ID=?
14:12:31,249 DEBUG BaseRegionAccessStrategy:66 - Caching: org.hibernate.test.filter.Salesperson#39
14:12:31,249 DEBUG BaseGeneralDataRegion:59 - Caching[hibernate.test.org.hibernate.test.filter.Salesperson] : [org.hibernate.test.filter.Salesperson#39] -> [CacheEntry(org.hibernate.test.filter.Salesperson)[steve,APAC,18,2012-08-28 14:12:31.171,39]]
14:12:31,251 DEBUG SQL:104 - 
    update
        SALES_PERSON 
    set
        NAME=?,
        REG=?,
        DEPT_ID=?,
        "hire dt"=? 
    where
        SALES_PERSON_ID=?
14:12:31,251 DEBUG BaseGeneralDataRegion:69 - Evicting[hibernate.test.org.hibernate.test.filter.Salesperson]: org.hibernate.test.filter.Salesperson#39
14:12:31,251 DEBUG BaseGeneralDataRegion:59 - Caching[hibernate.test.org.hibernate.cache.spi.UpdateTimestampsCache] : [SALES_PERSON] -> [5579089556484096]
14:12:31,251 DEBUG SQL:104 - 
    update
        SALES_PERSON 
    set
        NAME=?,
        REG=?,
        DEPT_ID=?,
        "hire dt"=? 
    where
        SALES_PERSON_ID=?
14:12:31,251 DEBUG BaseGeneralDataRegion:69 - Evicting[hibernate.test.org.hibernate.test.filter.Salesperson]: org.hibernate.test.filter.Salesperson#40
14:12:31,252 DEBUG BaseGeneralDataRegion:59 - Caching[hibernate.test.org.hibernate.cache.spi.UpdateTimestampsCache] : [SALES_PERSON] -> [5579089556488192]
14:12:31,252 DEBUG SQL:104 - 
    update
        T_ORDER 
    set
        REG=?,
        BUYER=?,
        "ord dt"=?,
        "close dt"=?,
        SALES_PERSON_ID=? 
    where
        ORDER_ID=?
14:12:31,260 DEBUG BaseGeneralDataRegion:69 - Evicting[hibernate.test.org.hibernate.test.filter.Order]: org.hibernate.test.filter.Order#35
14:12:31,261 DEBUG BaseGeneralDataRegion:59 - Caching[hibernate.test.org.hibernate.cache.spi.UpdateTimestampsCache] : [T_ORDER] -> [5579089556525056]
14:12:31,261 DEBUG SQL:104 - 
    update
        ORDER_ITEM 
    set
        ORDER_ID=?,
        SEQ=?,
        PRODUCT_ID=?,
        AMT=? 
    where
        ITEM_ID=?
14:12:31,261 DEBUG BaseGeneralDataRegion:69 - Evicting[hibernate.test.org.hibernate.test.filter.LineItem]: org.hibernate.test.filter.LineItem#35
14:12:31,261 DEBUG BaseGeneralDataRegion:59 - Caching[hibernate.test.org.hibernate.cache.spi.UpdateTimestampsCache] : [ORDER_ITEM] -> [5579089556525057]
14:12:31,261 DEBUG SQL:104 - 
    update
        T_ORDER 
    set
        REG=?,
        BUYER=?,
        "ord dt"=?,
        "close dt"=?,
        SALES_PERSON_ID=? 
    where
        ORDER_ID=?
14:12:31,271 DEBUG BaseGeneralDataRegion:69 - Evicting[hibernate.test.org.hibernate.test.filter.Order]: org.hibernate.test.filter.Order#36
14:12:31,271 DEBUG BaseGeneralDataRegion:59 - Caching[hibernate.test.org.hibernate.cache.spi.UpdateTimestampsCache] : [T_ORDER] -> [5579089556566016]
14:12:31,271 DEBUG SQL:104 - 
    update
        ORDER_ITEM 
    set
        ORDER_ID=?,
        SEQ=?,
        PRODUCT_ID=?,
        AMT=? 
    where
        ITEM_ID=?
14:12:31,272 DEBUG BaseGeneralDataRegion:69 - Evicting[hibernate.test.org.hibernate.test.filter.LineItem]: org.hibernate.test.filter.LineItem#36
14:12:31,272 DEBUG BaseGeneralDataRegion:59 - Caching[hibernate.test.org.hibernate.cache.spi.UpdateTimestampsCache] : [ORDER_ITEM] -> [5579089556570112]
14:12:31,272 DEBUG BaseGeneralDataRegion:69 - Evicting[hibernate.test.org.hibernate.test.filter.Product.orderLineItems]: org.hibernate.test.filter.Product.orderLineItems#52
14:12:31,272 DEBUG BaseGeneralDataRegion:59 - Caching[hibernate.test.org.hibernate.cache.spi.UpdateTimestampsCache] : [ORDER_ITEM] -> [5579089556570113]
14:12:31,272 DEBUG BaseGeneralDataRegion:69 - Evicting[hibernate.test.org.hibernate.test.filter.Product.orderLineItems]: org.hibernate.test.filter.Product.orderLineItems#53
14:12:31,272 DEBUG BaseGeneralDataRegion:59 - Caching[hibernate.test.org.hibernate.cache.spi.UpdateTimestampsCache] : [ORDER_ITEM] -> [5579089556570114]
14:12:31,272 DEBUG BaseGeneralDataRegion:69 - Evicting[hibernate.test.org.hibernate.test.filter.Product.orderLineItems]: org.hibernate.test.filter.Product.orderLineItems#54
14:12:31,272 DEBUG BaseGeneralDataRegion:59 - Caching[hibernate.test.org.hibernate.cache.spi.UpdateTimestampsCache] : [ORDER_ITEM] -> [5579089556570115]
14:12:31,272 DEBUG SQL:104 - 
    delete 
    from
        PROD_CAT 
    where
        PROD_ID=?
14:12:31,283 DEBUG BaseGeneralDataRegion:69 - Evicting[hibernate.test.org.hibernate.test.filter.Product.categories]: org.hibernate.test.filter.Product.categories#54
14:12:31,283 DEBUG BaseGeneralDataRegion:59 - Caching[hibernate.test.org.hibernate.cache.spi.UpdateTimestampsCache] : [PROD_CAT] -> [5579089556615168]
14:12:31,283 DEBUG BaseGeneralDataRegion:69 - Evicting[hibernate.test.org.hibernate.test.filter.Department.salespersons]: org.hibernate.test.filter.Department.salespersons#18
14:12:31,283 DEBUG BaseGeneralDataRegion:59 - Caching[hibernate.test.org.hibernate.cache.spi.UpdateTimestampsCache] : [SALES_PERSON] -> [5579089556615169]
14:12:31,283 DEBUG BaseGeneralDataRegion:69 - Evicting[hibernate.test.org.hibernate.test.filter.Salesperson.orders]: org.hibernate.test.filter.Salesperson.orders#39
14:12:31,283 DEBUG BaseGeneralDataRegion:59 - Caching[hibernate.test.org.hibernate.cache.spi.UpdateTimestampsCache] : [T_ORDER] -> [5579089556615170]
14:12:31,283 DEBUG BaseGeneralDataRegion:69 - Evicting[hibernate.test.org.hibernate.test.filter.Salesperson.orders]: org.hibernate.test.filter.Salesperson.orders#40
14:12:31,284 DEBUG BaseGeneralDataRegion:59 - Caching[hibernate.test.org.hibernate.cache.spi.UpdateTimestampsCache] : [T_ORDER] -> [5579089556619264]
14:12:31,284 DEBUG SQL:104 - 
    delete 
    from
        PROD_CAT 
    where
        PROD_ID=?
14:12:31,284 DEBUG BaseGeneralDataRegion:69 - Evicting[hibernate.test.org.hibernate.test.filter.Product.categories]: org.hibernate.test.filter.Product.categories#52
14:12:31,284 DEBUG BaseGeneralDataRegion:59 - Caching[hibernate.test.org.hibernate.cache.spi.UpdateTimestampsCache] : [PROD_CAT] -> [5579089556619265]
14:12:31,284 DEBUG BaseGeneralDataRegion:69 - Evicting[hibernate.test.org.hibernate.test.filter.Category.products]: org.hibernate.test.filter.Category.products#52
14:12:31,284 DEBUG BaseGeneralDataRegion:59 - Caching[hibernate.test.org.hibernate.cache.spi.UpdateTimestampsCache] : [PROD_CAT] -> [5579089556619266]
14:12:31,284 DEBUG BaseGeneralDataRegion:69 - Evicting[hibernate.test.org.hibernate.test.filter.Category.products]: org.hibernate.test.filter.Category.products#53
14:12:31,284 DEBUG BaseGeneralDataRegion:59 - Caching[hibernate.test.org.hibernate.cache.spi.UpdateTimestampsCache] : [PROD_CAT] -> [5579089556619267]
14:12:31,284 DEBUG BaseGeneralDataRegion:69 - Evicting[hibernate.test.org.hibernate.test.filter.Order.lineItems]: org.hibernate.test.filter.Order.lineItems#35
14:12:31,284 DEBUG BaseGeneralDataRegion:59 - Caching[hibernate.test.org.hibernate.cache.spi.UpdateTimestampsCache] : [ORDER_ITEM] -> [5579089556619268]
14:12:31,285 DEBUG SQL:104 - 
    delete 
    from
        PROD_CAT 
    where
        PROD_ID=?
14:12:31,285 DEBUG BaseGeneralDataRegion:69 - Evicting[hibernate.test.org.hibernate.test.filter.Product.categories]: org.hibernate.test.filter.Product.categories#53
14:12:31,285 DEBUG BaseGeneralDataRegion:59 - Caching[hibernate.test.org.hibernate.cache.spi.UpdateTimestampsCache] : [PROD_CAT] -> [5579089556623360]
14:12:31,285 DEBUG BaseGeneralDataRegion:69 - Evicting[hibernate.test.org.hibernate.test.filter.Category.products]: org.hibernate.test.filter.Category.products#54
14:12:31,285 DEBUG BaseGeneralDataRegion:59 - Caching[hibernate.test.org.hibernate.cache.spi.UpdateTimestampsCache] : [PROD_CAT] -> [5579089556623361]
14:12:31,285 DEBUG BaseGeneralDataRegion:69 - Evicting[hibernate.test.org.hibernate.test.filter.Order.lineItems]: org.hibernate.test.filter.Order.lineItems#36
14:12:31,285 DEBUG BaseGeneralDataRegion:59 - Caching[hibernate.test.org.hibernate.cache.spi.UpdateTimestampsCache] : [ORDER_ITEM] -> [5579089556623362]
14:12:31,285 DEBUG SQL:104 - 
    delete 
    from
        DEPARTMENT 
    where
        DEPT_ID=?
14:12:31,286 DEBUG BaseGeneralDataRegion:69 - Evicting[hibernate.test.org.hibernate.test.filter.Department]: org.hibernate.test.filter.Department#18
14:12:31,286 DEBUG BaseGeneralDataRegion:59 - Caching[hibernate.test.org.hibernate.cache.spi.UpdateTimestampsCache] : [DEPARTMENT] -> [5579089556627456]
14:12:31,286 DEBUG SQL:104 - 
    delete 
    from
        SALES_PERSON 
    where
        SALES_PERSON_ID=?
14:12:31,286 DEBUG BaseGeneralDataRegion:69 - Evicting[hibernate.test.org.hibernate.test.filter.Salesperson]: org.hibernate.test.filter.Salesperson#39
14:12:31,286 DEBUG BaseGeneralDataRegion:59 - Caching[hibernate.test.org.hibernate.cache.spi.UpdateTimestampsCache] : [SALES_PERSON] -> [5579089556627457]
14:12:31,286 DEBUG SQL:104 - 
    delete 
    from
        SALES_PERSON 
    where
        SALES_PERSON_ID=?
14:12:31,301 DEBUG BaseGeneralDataRegion:69 - Evicting[hibernate.test.org.hibernate.test.filter.Salesperson]: org.hibernate.test.filter.Salesperson#40
14:12:31,301 DEBUG BaseGeneralDataRegion:59 - Caching[hibernate.test.org.hibernate.cache.spi.UpdateTimestampsCache] : [SALES_PERSON] -> [5579089556688896]
14:12:31,301 DEBUG SQL:104 - 
    delete 
    from
        CATEGORY 
    where
        CAT_ID=?
14:12:31,302 DEBUG BaseGeneralDataRegion:69 - Evicting[hibernate.test.org.hibernate.test.filter.Category]: org.hibernate.test.filter.Category#52
14:12:31,302 DEBUG BaseGeneralDataRegion:59 - Caching[hibernate.test.org.hibernate.cache.spi.UpdateTimestampsCache] : [CATEGORY] -> [5579089556692992]
14:12:31,302 DEBUG SQL:104 - 
    delete 
    from
        CATEGORY 
    where
        CAT_ID=?
14:12:31,303 DEBUG BaseGeneralDataRegion:69 - Evicting[hibernate.test.org.hibernate.test.filter.Category]: org.hibernate.test.filter.Category#53
14:12:31,303 DEBUG BaseGeneralDataRegion:59 - Caching[hibernate.test.org.hibernate.cache.spi.UpdateTimestampsCache] : [CATEGORY] -> [5579089556697088]
14:12:31,303 DEBUG SQL:104 - 
    delete 
    from
        PRODUCT 
    where
        PROD_ID=?
14:12:31,303 DEBUG BaseGeneralDataRegion:69 - Evicting[hibernate.test.org.hibernate.test.filter.Product]: org.hibernate.test.filter.Product#52
14:12:31,303 DEBUG BaseGeneralDataRegion:59 - Caching[hibernate.test.org.hibernate.cache.spi.UpdateTimestampsCache] : [PRODUCT] -> [5579089556697089]
14:12:31,303 DEBUG SQL:104 - 
    delete 
    from
        ORDER_ITEM 
    where
        ITEM_ID=?
14:12:31,311 DEBUG BaseGeneralDataRegion:69 - Evicting[hibernate.test.org.hibernate.test.filter.LineItem]: org.hibernate.test.filter.LineItem#35
14:12:31,311 DEBUG BaseGeneralDataRegion:59 - Caching[hibernate.test.org.hibernate.cache.spi.UpdateTimestampsCache] : [ORDER_ITEM] -> [5579089556729856]
14:12:31,311 DEBUG SQL:104 - 
    delete 
    from
        T_ORDER 
    where
        ORDER_ID=?
14:12:31,311 DEBUG BaseGeneralDataRegion:69 - Evicting[hibernate.test.org.hibernate.test.filter.Order]: org.hibernate.test.filter.Order#35
14:12:31,312 DEBUG BaseGeneralDataRegion:59 - Caching[hibernate.test.org.hibernate.cache.spi.UpdateTimestampsCache] : [T_ORDER] -> [5579089556733952]
14:12:31,312 DEBUG SQL:104 - 
    delete 
    from
        CATEGORY 
    where
        CAT_ID=?
14:12:31,312 DEBUG BaseGeneralDataRegion:69 - Evicting[hibernate.test.org.hibernate.test.filter.Category]: org.hibernate.test.filter.Category#54
14:12:31,312 DEBUG BaseGeneralDataRegion:59 - Caching[hibernate.test.org.hibernate.cache.spi.UpdateTimestampsCache] : [CATEGORY] -> [5579089556733953]
14:12:31,312 DEBUG SQL:104 - 
    delete 
    from
        PRODUCT 
    where
        PROD_ID=?
14:12:31,312 DEBUG BaseGeneralDataRegion:69 - Evicting[hibernate.test.org.hibernate.test.filter.Product]: org.hibernate.test.filter.Product#53
14:12:31,312 DEBUG BaseGeneralDataRegion:59 - Caching[hibernate.test.org.hibernate.cache.spi.UpdateTimestampsCache] : [PRODUCT] -> [5579089556733954]
14:12:31,313 DEBUG SQL:104 - 
    delete 
    from
        PRODUCT 
    where
        PROD_ID=?
14:12:31,313 DEBUG BaseGeneralDataRegion:69 - Evicting[hibernate.test.org.hibernate.test.filter.Product]: org.hibernate.test.filter.Product#54
14:12:31,313 DEBUG BaseGeneralDataRegion:59 - Caching[hibernate.test.org.hibernate.cache.spi.UpdateTimestampsCache] : [PRODUCT] -> [5579089556738048]
14:12:31,313 DEBUG SQL:104 - 
    delete 
    from
        ORDER_ITEM 
    where
        ITEM_ID=?
14:12:31,313 DEBUG BaseGeneralDataRegion:69 - Evicting[hibernate.test.org.hibernate.test.filter.LineItem]: org.hibernate.test.filter.LineItem#36
14:12:31,333 DEBUG BaseGeneralDataRegion:59 - Caching[hibernate.test.org.hibernate.cache.spi.UpdateTimestampsCache] : [ORDER_ITEM] -> [5579089556815872]
14:12:31,333 DEBUG SQL:104 - 
    delete 
    from
        T_ORDER 
    where
        ORDER_ID=?
14:12:31,333 DEBUG BaseGeneralDataRegion:69 - Evicting[hibernate.test.org.hibernate.test.filter.Order]: org.hibernate.test.filter.Order#36
14:12:31,333 DEBUG BaseGeneralDataRegion:59 - Caching[hibernate.test.org.hibernate.cache.spi.UpdateTimestampsCache] : [T_ORDER] -> [5579089556819968]
14:12:31,334 DEBUG BaseGeneralDataRegion:69 - Evicting[hibernate.test.org.hibernate.test.filter.Salesperson]: org.hibernate.test.filter.Salesperson#39
14:12:31,334 DEBUG BaseGeneralDataRegion:69 - Evicting[hibernate.test.org.hibernate.test.filter.Salesperson]: org.hibernate.test.filter.Salesperson#40
14:12:31,334 DEBUG BaseGeneralDataRegion:69 - Evicting[hibernate.test.org.hibernate.test.filter.Order]: org.hibernate.test.filter.Order#35
14:12:31,334 DEBUG BaseGeneralDataRegion:69 - Evicting[hibernate.test.org.hibernate.test.filter.LineItem]: org.hibernate.test.filter.LineItem#35
14:12:31,334 DEBUG BaseGeneralDataRegion:69 - Evicting[hibernate.test.org.hibernate.test.filter.Order]: org.hibernate.test.filter.Order#36
14:12:31,334 DEBUG BaseGeneralDataRegion:69 - Evicting[hibernate.test.org.hibernate.test.filter.LineItem]: org.hibernate.test.filter.LineItem#36
14:12:31,334 DEBUG BaseGeneralDataRegion:69 - Evicting[hibernate.test.org.hibernate.test.filter.Product.orderLineItems]: org.hibernate.test.filter.Product.orderLineItems#52
14:12:31,334 DEBUG BaseGeneralDataRegion:69 - Evicting[hibernate.test.org.hibernate.test.filter.Product.orderLineItems]: org.hibernate.test.filter.Product.orderLineItems#53
14:12:31,334 DEBUG BaseGeneralDataRegion:69 - Evicting[hibernate.test.org.hibernate.test.filter.Product.orderLineItems]: org.hibernate.test.filter.Product.orderLineItems#54
14:12:31,335 DEBUG BaseGeneralDataRegion:69 - Evicting[hibernate.test.org.hibernate.test.filter.Product.categories]: org.hibernate.test.filter.Product.categories#54
14:12:31,335 DEBUG BaseGeneralDataRegion:69 - Evicting[hibernate.test.org.hibernate.test.filter.Department.salespersons]: org.hibernate.test.filter.Department.salespersons#18
14:12:31,335 DEBUG BaseGeneralDataRegion:69 - Evicting[hibernate.test.org.hibernate.test.filter.Salesperson.orders]: org.hibernate.test.filter.Salesperson.orders#39
14:12:31,335 DEBUG BaseGeneralDataRegion:69 - Evicting[hibernate.test.org.hibernate.test.filter.Salesperson.orders]: org.hibernate.test.filter.Salesperson.orders#40
14:12:31,335 DEBUG BaseGeneralDataRegion:69 - Evicting[hibernate.test.org.hibernate.test.filter.Product.categories]: org.hibernate.test.filter.Product.categories#52
14:12:31,335 DEBUG BaseGeneralDataRegion:69 - Evicting[hibernate.test.org.hibernate.test.filter.Category.products]: org.hibernate.test.filter.Category.products#52
14:12:31,335 DEBUG BaseGeneralDataRegion:69 - Evicting[hibernate.test.org.hibernate.test.filter.Category.products]: org.hibernate.test.filter.Category.products#53
14:12:31,335 DEBUG BaseGeneralDataRegion:69 - Evicting[hibernate.test.org.hibernate.test.filter.Order.lineItems]: org.hibernate.test.filter.Order.lineItems#35
14:12:31,335 DEBUG BaseGeneralDataRegion:69 - Evicting[hibernate.test.org.hibernate.test.filter.Product.categories]: org.hibernate.test.filter.Product.categories#53
14:12:31,335 DEBUG BaseGeneralDataRegion:69 - Evicting[hibernate.test.org.hibernate.test.filter.Category.products]: org.hibernate.test.filter.Category.products#54
14:12:31,344 DEBUG BaseGeneralDataRegion:69 - Evicting[hibernate.test.org.hibernate.test.filter.Order.lineItems]: org.hibernate.test.filter.Order.lineItems#36
14:12:31,344 DEBUG BaseGeneralDataRegion:69 - Evicting[hibernate.test.org.hibernate.test.filter.Department]: org.hibernate.test.filter.Department#18
14:12:31,344 DEBUG BaseGeneralDataRegion:69 - Evicting[hibernate.test.org.hibernate.test.filter.Salesperson]: org.hibernate.test.filter.Salesperson#39
14:12:31,345 DEBUG BaseGeneralDataRegion:69 - Evicting[hibernate.test.org.hibernate.test.filter.Salesperson]: org.hibernate.test.filter.Salesperson#40
14:12:31,345 DEBUG BaseGeneralDataRegion:69 - Evicting[hibernate.test.org.hibernate.test.filter.Category]: org.hibernate.test.filter.Category#52
14:12:31,345 DEBUG BaseGeneralDataRegion:69 - Evicting[hibernate.test.org.hibernate.test.filter.Category]: org.hibernate.test.filter.Category#53
14:12:31,345 DEBUG BaseGeneralDataRegion:69 - Evicting[hibernate.test.org.hibernate.test.filter.Product]: org.hibernate.test.filter.Product#52
14:12:31,345 DEBUG BaseGeneralDataRegion:69 - Evicting[hibernate.test.org.hibernate.test.filter.LineItem]: org.hibernate.test.filter.LineItem#35
14:12:31,345 DEBUG BaseGeneralDataRegion:69 - Evicting[hibernate.test.org.hibernate.test.filter.Order]: org.hibernate.test.filter.Order#35
14:12:31,345 DEBUG BaseGeneralDataRegion:69 - Evicting[hibernate.test.org.hibernate.test.filter.Category]: org.hibernate.test.filter.Category#54
14:12:31,345 DEBUG BaseGeneralDataRegion:69 - Evicting[hibernate.test.org.hibernate.test.filter.Product]: org.hibernate.test.filter.Product#53
14:12:31,345 DEBUG BaseGeneralDataRegion:69 - Evicting[hibernate.test.org.hibernate.test.filter.Product]: org.hibernate.test.filter.Product#54
14:12:31,345 DEBUG BaseGeneralDataRegion:69 - Evicting[hibernate.test.org.hibernate.test.filter.LineItem]: org.hibernate.test.filter.LineItem#36
14:12:31,346 DEBUG BaseGeneralDataRegion:69 - Evicting[hibernate.test.org.hibernate.test.filter.Order]: org.hibernate.test.filter.Order#36
14:12:31,346 DEBUG BaseGeneralDataRegion:59 - Caching[hibernate.test.org.hibernate.cache.spi.UpdateTimestampsCache] : [CATEGORY] -> [5579089311113216]
14:12:31,346 DEBUG BaseGeneralDataRegion:59 - Caching[hibernate.test.org.hibernate.cache.spi.UpdateTimestampsCache] : [ORDER_ITEM] -> [5579089311113216]
14:12:31,346 DEBUG BaseGeneralDataRegion:59 - Caching[hibernate.test.org.hibernate.cache.spi.UpdateTimestampsCache] : [SALES_PERSON] -> [5579089311113216]
14:12:31,346 DEBUG BaseGeneralDataRegion:59 - Caching[hibernate.test.org.hibernate.cache.spi.UpdateTimestampsCache] : [T_ORDER] -> [5579089311113216]
14:12:31,346 DEBUG BaseGeneralDataRegion:59 - Caching[hibernate.test.org.hibernate.cache.spi.UpdateTimestampsCache] : [PRODUCT] -> [5579089311113216]
14:12:31,346 DEBUG BaseGeneralDataRegion:59 - Caching[hibernate.test.org.hibernate.cache.spi.UpdateTimestampsCache] : [DEPARTMENT] -> [5579089311113216]
14:12:31,346 DEBUG BaseGeneralDataRegion:59 - Caching[hibernate.test.org.hibernate.cache.spi.UpdateTimestampsCache] : [PROD_CAT] -> [5579089311113216]
14:12:31,347  INFO CustomRunner:139 - Test: testSecondLevelCachedCollectionsFiltering
14:12:31,348 DEBUG SQL:104 - 
    insert 
    into
        DEPARTMENT
        (DEPT_ID, REG) 
    values
        (null, ?)
14:12:31,354 DEBUG BaseGeneralDataRegion:59 - Caching[hibernate.test.org.hibernate.cache.spi.UpdateTimestampsCache] : [DEPARTMENT] -> [5579089556901888]
14:12:31,354 DEBUG SQL:104 - 
    insert 
    into
        SALES_PERSON
        (SALES_PERSON_ID, NAME, REG, DEPT_ID, "hire dt") 
    values
        (null, ?, ?, ?, ?)
14:12:31,354 DEBUG BaseGeneralDataRegion:59 - Caching[hibernate.test.org.hibernate.cache.spi.UpdateTimestampsCache] : [SALES_PERSON] -> [5579089556905984]
14:12:31,354 DEBUG SQL:104 - 
    insert 
    into
        SALES_PERSON
        (SALES_PERSON_ID, NAME, REG, DEPT_ID, "hire dt") 
    values
        (null, ?, ?, ?, ?)
14:12:31,355 DEBUG BaseGeneralDataRegion:59 - Caching[hibernate.test.org.hibernate.cache.spi.UpdateTimestampsCache] : [SALES_PERSON] -> [5579089556910080]
14:12:31,355 DEBUG SQL:104 - 
    insert 
    into
        PRODUCT
        (PROD_ID, name, STOCK_NUM, weight_kg, eff_start_dt, eff_end_dt) 
    values
        (null, ?, ?, 0.453E0 * ?, ?, ?)
14:12:31,355 DEBUG BaseGeneralDataRegion:59 - Caching[hibernate.test.org.hibernate.cache.spi.UpdateTimestampsCache] : [PRODUCT] -> [5579089556910081]
14:12:31,355 DEBUG SQL:104 - 
    insert 
    into
        CATEGORY
        (CAT_ID, name, eff_start_dt, eff_end_dt) 
    values
        (null, ?, ?, ?)
14:12:31,364 DEBUG BaseGeneralDataRegion:59 - Caching[hibernate.test.org.hibernate.cache.spi.UpdateTimestampsCache] : [CATEGORY] -> [5579089556946944]
14:12:31,364 DEBUG SQL:104 - 
    insert 
    into
        CATEGORY
        (CAT_ID, name, eff_start_dt, eff_end_dt) 
    values
        (null, ?, ?, ?)
14:12:31,365 DEBUG BaseGeneralDataRegion:59 - Caching[hibernate.test.org.hibernate.cache.spi.UpdateTimestampsCache] : [CATEGORY] -> [5579089556951040]
14:12:31,365 DEBUG SQL:104 - 
    insert 
    into
        T_ORDER
        (ORDER_ID, REG, BUYER, "ord dt", "close dt", SALES_PERSON_ID) 
    values
        (null, ?, ?, ?, ?, ?)
14:12:31,365 DEBUG BaseGeneralDataRegion:59 - Caching[hibernate.test.org.hibernate.cache.spi.UpdateTimestampsCache] : [T_ORDER] -> [5579089556951041]
14:12:31,365 DEBUG SQL:104 - 
    insert 
    into
        ORDER_ITEM
        (ITEM_ID, ORDER_ID, SEQ, PRODUCT_ID, AMT) 
    values
        (null, ?, ?, ?, ?)
14:12:31,373 DEBUG BaseGeneralDataRegion:59 - Caching[hibernate.test.org.hibernate.cache.spi.UpdateTimestampsCache] : [ORDER_ITEM] -> [5579089556983808]
14:12:31,374 DEBUG SQL:104 - 
    insert 
    into
        PRODUCT
        (PROD_ID, name, STOCK_NUM, weight_kg, eff_start_dt, eff_end_dt) 
    values
        (null, ?, ?, 0.453E0 * ?, ?, ?)
14:12:31,374 DEBUG BaseGeneralDataRegion:59 - Caching[hibernate.test.org.hibernate.cache.spi.UpdateTimestampsCache] : [PRODUCT] -> [5579089556987904]
14:12:31,374 DEBUG SQL:104 - 
    insert 
    into
        CATEGORY
        (CAT_ID, name, eff_start_dt, eff_end_dt) 
    values
        (null, ?, ?, ?)
14:12:31,375 DEBUG BaseGeneralDataRegion:59 - Caching[hibernate.test.org.hibernate.cache.spi.UpdateTimestampsCache] : [CATEGORY] -> [5579089556992000]
14:12:31,375 DEBUG SQL:104 - 
    insert 
    into
        PRODUCT
        (PROD_ID, name, STOCK_NUM, weight_kg, eff_start_dt, eff_end_dt) 
    values
        (null, ?, ?, 0.453E0 * ?, ?, ?)
14:12:31,375 DEBUG BaseGeneralDataRegion:59 - Caching[hibernate.test.org.hibernate.cache.spi.UpdateTimestampsCache] : [PRODUCT] -> [5579089556992001]
14:12:31,375 DEBUG SQL:104 - 
    insert 
    into
        T_ORDER
        (ORDER_ID, REG, BUYER, "ord dt", "close dt", SALES_PERSON_ID) 
    values
        (null, ?, ?, ?, ?, ?)
14:12:31,383 DEBUG BaseGeneralDataRegion:59 - Caching[hibernate.test.org.hibernate.cache.spi.UpdateTimestampsCache] : [T_ORDER] -> [5579089557024768]
14:12:31,384 DEBUG SQL:104 - 
    insert 
    into
        ORDER_ITEM
        (ITEM_ID, ORDER_ID, SEQ, PRODUCT_ID, AMT) 
    values
        (null, ?, ?, ?, ?)
14:12:31,384 DEBUG BaseGeneralDataRegion:59 - Caching[hibernate.test.org.hibernate.cache.spi.UpdateTimestampsCache] : [ORDER_ITEM] -> [5579089557028864]
14:12:31,385 DEBUG SQL:104 - 
    update
        PRODUCT 
    set
        name=?,
        STOCK_NUM=?,
        weight_kg=0.453E0 * ?,
        eff_start_dt=?,
        eff_end_dt=? 
    where
        PROD_ID=?
14:12:31,385 DEBUG BaseGeneralDataRegion:69 - Evicting[hibernate.test.org.hibernate.test.filter.Product]: org.hibernate.test.filter.Product#55
14:12:31,385 DEBUG BaseGeneralDataRegion:59 - Caching[hibernate.test.org.hibernate.cache.spi.UpdateTimestampsCache] : [PRODUCT] -> [5579089557032960]
14:12:31,385 DEBUG BaseGeneralDataRegion:69 - Evicting[hibernate.test.org.hibernate.test.filter.Department.salespersons]: org.hibernate.test.filter.Department.salespersons#19
14:12:31,385 DEBUG BaseGeneralDataRegion:59 - Caching[hibernate.test.org.hibernate.cache.spi.UpdateTimestampsCache] : [SALES_PERSON] -> [5579089557032961]
14:12:31,385 DEBUG BaseGeneralDataRegion:69 - Evicting[hibernate.test.org.hibernate.test.filter.Salesperson.orders]: org.hibernate.test.filter.Salesperson.orders#41
14:12:31,385 DEBUG BaseGeneralDataRegion:59 - Caching[hibernate.test.org.hibernate.cache.spi.UpdateTimestampsCache] : [T_ORDER] -> [5579089557032962]
14:12:31,386 DEBUG BaseGeneralDataRegion:69 - Evicting[hibernate.test.org.hibernate.test.filter.Salesperson.orders]: org.hibernate.test.filter.Salesperson.orders#42
14:12:31,386 DEBUG BaseGeneralDataRegion:59 - Caching[hibernate.test.org.hibernate.cache.spi.UpdateTimestampsCache] : [T_ORDER] -> [5579089557037056]
14:12:31,394 DEBUG SQL:104 - 
    insert 
    into
        PROD_CAT
        (PROD_ID, CAT_ID) 
    values
        (?, ?)
14:12:31,394 DEBUG SQL:104 - 
    insert 
    into
        PROD_CAT
        (PROD_ID, CAT_ID) 
    values
        (?, ?)
14:12:31,394 DEBUG BaseGeneralDataRegion:69 - Evicting[hibernate.test.org.hibernate.test.filter.Product.categories]: org.hibernate.test.filter.Product.categories#55
14:12:31,394 DEBUG BaseGeneralDataRegion:59 - Caching[hibernate.test.org.hibernate.cache.spi.UpdateTimestampsCache] : [PROD_CAT] -> [5579089557069824]
14:12:31,395 DEBUG BaseGeneralDataRegion:69 - Evicting[hibernate.test.org.hibernate.test.filter.Category.products]: org.hibernate.test.filter.Category.products#55
14:12:31,395 DEBUG BaseGeneralDataRegion:59 - Caching[hibernate.test.org.hibernate.cache.spi.UpdateTimestampsCache] : [PROD_CAT] -> [5579089557073920]
14:12:31,395 DEBUG BaseGeneralDataRegion:69 - Evicting[hibernate.test.org.hibernate.test.filter.Category.products]: org.hibernate.test.filter.Category.products#56
14:12:31,395 DEBUG BaseGeneralDataRegion:59 - Caching[hibernate.test.org.hibernate.cache.spi.UpdateTimestampsCache] : [PROD_CAT] -> [5579089557073921]
14:12:31,395 DEBUG BaseGeneralDataRegion:69 - Evicting[hibernate.test.org.hibernate.test.filter.Order.lineItems]: org.hibernate.test.filter.Order.lineItems#37
14:12:31,395 DEBUG BaseGeneralDataRegion:59 - Caching[hibernate.test.org.hibernate.cache.spi.UpdateTimestampsCache] : [ORDER_ITEM] -> [5579089557073922]
14:12:31,395 DEBUG SQL:104 - 
    insert 
    into
        PROD_CAT
        (PROD_ID, CAT_ID) 
    values
        (?, ?)
14:12:31,395 DEBUG BaseGeneralDataRegion:69 - Evicting[hibernate.test.org.hibernate.test.filter.Product.categories]: org.hibernate.test.filter.Product.categories#56
14:12:31,404 DEBUG BaseGeneralDataRegion:59 - Caching[hibernate.test.org.hibernate.cache.spi.UpdateTimestampsCache] : [PROD_CAT] -> [5579089557110784]
14:12:31,405 DEBUG BaseGeneralDataRegion:69 - Evicting[hibernate.test.org.hibernate.test.filter.Category.products]: org.hibernate.test.filter.Category.products#57
14:12:31,405 DEBUG BaseGeneralDataRegion:59 - Caching[hibernate.test.org.hibernate.cache.spi.UpdateTimestampsCache] : [PROD_CAT] -> [5579089557114880]
14:12:31,405 DEBUG BaseGeneralDataRegion:69 - Evicting[hibernate.test.org.hibernate.test.filter.Order.lineItems]: org.hibernate.test.filter.Order.lineItems#38
14:12:31,405 DEBUG BaseGeneralDataRegion:59 - Caching[hibernate.test.org.hibernate.cache.spi.UpdateTimestampsCache] : [ORDER_ITEM] -> [5579089557114881]
14:12:31,405 DEBUG BaseGeneralDataRegion:69 - Evicting[hibernate.test.org.hibernate.test.filter.Product]: org.hibernate.test.filter.Product#55
14:12:31,405 DEBUG BaseGeneralDataRegion:69 - Evicting[hibernate.test.org.hibernate.test.filter.Department.salespersons]: org.hibernate.test.filter.Department.salespersons#19
14:12:31,405 DEBUG BaseGeneralDataRegion:69 - Evicting[hibernate.test.org.hibernate.test.filter.Salesperson.orders]: org.hibernate.test.filter.Salesperson.orders#41
14:12:31,405 DEBUG BaseGeneralDataRegion:69 - Evicting[hibernate.test.org.hibernate.test.filter.Salesperson.orders]: org.hibernate.test.filter.Salesperson.orders#42
14:12:31,406 DEBUG BaseGeneralDataRegion:69 - Evicting[hibernate.test.org.hibernate.test.filter.Product.categories]: org.hibernate.test.filter.Product.categories#55
14:12:31,406 DEBUG BaseGeneralDataRegion:69 - Evicting[hibernate.test.org.hibernate.test.filter.Category.products]: org.hibernate.test.filter.Category.products#55
14:12:31,406 DEBUG BaseGeneralDataRegion:69 - Evicting[hibernate.test.org.hibernate.test.filter.Category.products]: org.hibernate.test.filter.Category.products#56
14:12:31,406 DEBUG BaseGeneralDataRegion:69 - Evicting[hibernate.test.org.hibernate.test.filter.Order.lineItems]: org.hibernate.test.filter.Order.lineItems#37
14:12:31,406 DEBUG BaseGeneralDataRegion:69 - Evicting[hibernate.test.org.hibernate.test.filter.Product.categories]: org.hibernate.test.filter.Product.categories#56
14:12:31,406 DEBUG BaseGeneralDataRegion:69 - Evicting[hibernate.test.org.hibernate.test.filter.Category.products]: org.hibernate.test.filter.Category.products#57
14:12:31,406 DEBUG BaseGeneralDataRegion:69 - Evicting[hibernate.test.org.hibernate.test.filter.Order.lineItems]: org.hibernate.test.filter.Order.lineItems#38
14:12:31,406 DEBUG BaseGeneralDataRegion:59 - Caching[hibernate.test.org.hibernate.cache.spi.UpdateTimestampsCache] : [ORDER_ITEM] -> [5579089311358976]
14:12:31,406 DEBUG BaseGeneralDataRegion:59 - Caching[hibernate.test.org.hibernate.cache.spi.UpdateTimestampsCache] : [CATEGORY] -> [5579089311358976]
14:12:31,406 DEBUG BaseGeneralDataRegion:59 - Caching[hibernate.test.org.hibernate.cache.spi.UpdateTimestampsCache] : [SALES_PERSON] -> [5579089311358976]
14:12:31,406 DEBUG BaseGeneralDataRegion:59 - Caching[hibernate.test.org.hibernate.cache.spi.UpdateTimestampsCache] : [T_ORDER] -> [5579089311358976]
14:12:31,406 DEBUG BaseGeneralDataRegion:59 - Caching[hibernate.test.org.hibernate.cache.spi.UpdateTimestampsCache] : [PRODUCT] -> [5579089311358976]
14:12:31,407 DEBUG BaseGeneralDataRegion:59 - Caching[hibernate.test.org.hibernate.cache.spi.UpdateTimestampsCache] : [DEPARTMENT] -> [5579089311358976]
14:12:31,407 DEBUG BaseGeneralDataRegion:59 - Caching[hibernate.test.org.hibernate.cache.spi.UpdateTimestampsCache] : [PROD_CAT] -> [5579089311358976]
14:12:31,407 DEBUG BaseGeneralDataRegion:46 - Cache[hibernate.test.org.hibernate.test.filter.Salesperson] lookup : key[org.hibernate.test.filter.Salesperson#41]
14:12:31,407 DEBUG SQL:104 - 
    select
        salesperso0_.SALES_PERSON_ID as SALES1_5_1_,
        salesperso0_.NAME as NAME5_1_,
        salesperso0_.REG as REG5_1_,
        salesperso0_.DEPT_ID as DEPT4_5_1_,
        salesperso0_."hire dt" as hire5_5_1_,
        orders1_.SALES_PERSON_ID as SALES6_5_3_,
        orders1_.ORDER_ID as ORDER1_6_3_,
        orders1_.ORDER_ID as ORDER1_6_0_,
        orders1_.REG as REG6_0_,
        orders1_.BUYER as BUYER6_0_,
        orders1_."ord dt" as ord4_6_0_,
        orders1_."close dt" as close5_6_0_,
        orders1_.SALES_PERSON_ID as SALES6_6_0_ 
    from
        SALES_PERSON salesperso0_ 
    left outer join
        T_ORDER orders1_ 
            on salesperso0_.SALES_PERSON_ID=orders1_.SALES_PERSON_ID 
    where
        salesperso0_.SALES_PERSON_ID=?
14:12:31,408 DEBUG BaseRegionAccessStrategy:66 - Caching: org.hibernate.test.filter.Order#37
14:12:31,409 DEBUG BaseGeneralDataRegion:59 - Caching[hibernate.test.org.hibernate.test.filter.Order] : [org.hibernate.test.filter.Order#37] -> [CacheEntry(org.hibernate.test.filter.Order)[APAC,gavin,2012-08-28 14:12:31.347,2012-10-28 14:12:31.347,41,37]]
14:12:31,409 DEBUG BaseRegionAccessStrategy:66 - Caching: org.hibernate.test.filter.Salesperson#41
14:12:31,409 DEBUG BaseGeneralDataRegion:59 - Caching[hibernate.test.org.hibernate.test.filter.Salesperson] : [org.hibernate.test.filter.Salesperson#41] -> [CacheEntry(org.hibernate.test.filter.Salesperson)[steve,APAC,19,2012-08-28 14:12:31.347,41]]
14:12:31,409 DEBUG BaseRegionAccessStrategy:66 - Caching: org.hibernate.test.filter.Order#38
14:12:31,409 DEBUG BaseGeneralDataRegion:59 - Caching[hibernate.test.org.hibernate.test.filter.Order] : [org.hibernate.test.filter.Order#38] -> [CacheEntry(org.hibernate.test.filter.Order)[EMEA,christian,2013-01-28 14:12:31.347,null,41,38]]
14:12:31,409 DEBUG BaseRegionAccessStrategy:66 - Caching: org.hibernate.test.filter.Salesperson.orders#41
14:12:31,410 DEBUG BaseGeneralDataRegion:59 - Caching[hibernate.test.org.hibernate.test.filter.Salesperson.orders] : [org.hibernate.test.filter.Salesperson.orders#41] -> [CollectionCacheEntry[38,37]]
14:12:31,410 DEBUG BaseGeneralDataRegion:46 - Cache[hibernate.test.org.hibernate.test.filter.Salesperson.orders] lookup : key[org.hibernate.test.filter.Salesperson.orders#41]
14:12:31,410 DEBUG BaseGeneralDataRegion:52 - Cache[hibernate.test.org.hibernate.test.filter.Salesperson.orders] hit: org.hibernate.test.filter.Salesperson.orders#41
14:12:31,410 DEBUG QueryTranslatorImpl:265 - parse() - HQL: from org.hibernate.test.filter.Salesperson as s where s.id = :id
14:12:31,418 DEBUG QueryTranslatorImpl:283 - --- HQL AST ---
 \-[QUERY] Node: 'query'
    +-[SELECT_FROM] Node: 'SELECT_FROM'
    |  \-[FROM] Node: 'from'
    |     \-[RANGE] Node: 'RANGE'
    |        +-[DOT] Node: '.'
    |        |  +-[DOT] Node: '.'
    |        |  |  +-[DOT] Node: '.'
    |        |  |  |  +-[DOT] Node: '.'
    |        |  |  |  |  +-[IDENT] Node: 'org'
    |        |  |  |  |  \-[IDENT] Node: 'hibernate'
    |        |  |  |  \-[IDENT] Node: 'test'
    |        |  |  \-[IDENT] Node: 'filter'
    |        |  \-[IDENT] Node: 'Salesperson'
    |        \-[ALIAS] Node: 's'
    \-[WHERE] Node: 'where'
       \-[EQ] Node: '='
          +-[DOT] Node: '.'
          |  +-[IDENT] Node: 's'
          |  \-[IDENT] Node: 'id'
          \-[COLON] Node: ':'
             \-[IDENT] Node: 'id'

14:12:31,418 DEBUG ErrorCounter:82 - throwQueryException() : no errors
14:12:31,418 DEBUG FromElement:157 - FromClause{level=1} : org.hibernate.test.filter.Salesperson (s) -> salesperso0_
14:12:31,418 DEBUG FromReferenceNode:74 - Resolved : s -> salesperso0_.SALES_PERSON_ID
14:12:31,418 DEBUG DotNode:599 - getDataType() : id -> org.hibernate.type.LongType@4bf3f9d
14:12:31,418 DEBUG FromReferenceNode:74 - Resolved : s.id -> salesperso0_.SALES_PERSON_ID
14:12:31,419 DEBUG HqlSqlWalker:629 - processQuery() :  ( SELECT ( FromClause{level=1} SALES_PERSON salesperso0_ ) ( where ( = ( salesperso0_.SALES_PERSON_ID salesperso0_.SALES_PERSON_ID id ) ? ) ) )
14:12:31,419 DEBUG HqlSqlWalker:869 - Derived SELECT clause created.
14:12:31,427 DEBUG JoinProcessor:175 - Using FROM fragment [SALES_PERSON salesperso0_]
14:12:31,427 DEBUG QueryTranslatorImpl:252 - --- SQL AST ---
 \-[SELECT] QueryNode: 'SELECT'  querySpaces (SALES_PERSON)
    +-[SELECT_CLAUSE] SelectClause: '{derived select clause}'
    |  +-[SELECT_EXPR] SelectExpressionImpl: 'salesperso0_.SALES_PERSON_ID as SALES1_5_' {FromElement{explicit,not a collection join,not a fetch join,fetch non-lazy properties,classAlias=s,role=null,tableName=SALES_PERSON,tableAlias=salesperso0_,origin=null,columns={,className=org.hibernate.test.filter.Salesperson}}}
    |  \-[SQL_TOKEN] SqlFragment: 'salesperso0_.NAME as NAME5_, salesperso0_.REG as REG5_, salesperso0_.DEPT_ID as DEPT4_5_, salesperso0_."hire dt" as hire5_5_'
    +-[FROM] FromClause: 'from' FromClause{level=1, fromElementCounter=1, fromElements=1, fromElementByClassAlias=[s], fromElementByTableAlias=[salesperso0_], fromElementsByPath=[], collectionJoinFromElementsByPath=[], impliedElements=[]}
    |  \-[FROM_FRAGMENT] FromElement: 'SALES_PERSON salesperso0_' FromElement{explicit,not a collection join,not a fetch join,fetch non-lazy properties,classAlias=s,role=null,tableName=SALES_PERSON,tableAlias=salesperso0_,origin=null,columns={,className=org.hibernate.test.filter.Salesperson}}
    \-[WHERE] SqlNode: 'where'
       \-[EQ] BinaryLogicOperatorNode: '='
          +-[DOT] DotNode: 'salesperso0_.SALES_PERSON_ID' {propertyName=id,dereferenceType=ALL,propertyPath=id,path=s.id,tableAlias=salesperso0_,className=org.hibernate.test.filter.Salesperson,classAlias=s}
          |  +-[ALIAS_REF] IdentNode: 'salesperso0_.SALES_PERSON_ID' {alias=s, className=org.hibernate.test.filter.Salesperson, tableAlias=salesperso0_}
          |  \-[IDENT] IdentNode: 'id' {originalText=id}
          \-[NAMED_PARAM] ParameterNode: '?' {name=id, expectedType=org.hibernate.type.LongType@4bf3f9d}

14:12:31,427 DEBUG ErrorCounter:82 - throwQueryException() : no errors
14:12:31,428 DEBUG QueryTranslatorImpl:235 - HQL: from org.hibernate.test.filter.Salesperson as s where s.id = :id
14:12:31,428 DEBUG QueryTranslatorImpl:236 - SQL: select salesperso0_.SALES_PERSON_ID as SALES1_5_, salesperso0_.NAME as NAME5_, salesperso0_.REG as REG5_, salesperso0_.DEPT_ID as DEPT4_5_, salesperso0_."hire dt" as hire5_5_ from SALES_PERSON salesperso0_ where salesperso0_.SALES_PERSON_ID=?
14:12:31,428 DEBUG ErrorCounter:82 - throwQueryException() : no errors
14:12:31,428 DEBUG SQL:104 - 
    select
        salesperso0_.SALES_PERSON_ID as SALES1_5_,
        salesperso0_.NAME as NAME5_,
        salesperso0_.REG as REG5_,
        salesperso0_.DEPT_ID as DEPT4_5_,
        salesperso0_."hire dt" as hire5_5_ 
    from
        SALES_PERSON salesperso0_ 
    where
        salesperso0_.SALES_PERSON_ID=?
14:12:31,429 DEBUG BaseRegionAccessStrategy:66 - Caching: org.hibernate.test.filter.Salesperson#41
14:12:31,429 DEBUG BaseGeneralDataRegion:59 - Caching[hibernate.test.org.hibernate.test.filter.Salesperson] : [org.hibernate.test.filter.Salesperson#41] -> [CacheEntry(org.hibernate.test.filter.Salesperson)[steve,APAC,19,2012-08-28 14:12:31.347,41]]
14:12:31,430 DEBUG SQL:104 - 
    select
        orders0_.SALES_PERSON_ID as SALES6_5_1_,
        orders0_.ORDER_ID as ORDER1_6_1_,
        orders0_.ORDER_ID as ORDER1_6_0_,
        orders0_.REG as REG6_0_,
        orders0_.BUYER as BUYER6_0_,
        orders0_."ord dt" as ord4_6_0_,
        orders0_."close dt" as close5_6_0_,
        orders0_.SALES_PERSON_ID as SALES6_6_0_ 
    from
        T_ORDER orders0_ 
    where
        orders0_."close dt" < ? 
        and orders0_.SALES_PERSON_ID=?
14:12:31,447 DEBUG BaseRegionAccessStrategy:66 - Caching: org.hibernate.test.filter.Order#37
14:12:31,447 DEBUG BaseGeneralDataRegion:59 - Caching[hibernate.test.org.hibernate.test.filter.Order] : [org.hibernate.test.filter.Order#37] -> [CacheEntry(org.hibernate.test.filter.Order)[APAC,gavin,2012-08-28 14:12:31.347,2012-10-28 14:12:31.347,41,37]]
14:12:31,448 DEBUG BaseGeneralDataRegion:46 - Cache[hibernate.test.org.hibernate.test.filter.Salesperson.orders] lookup : key[org.hibernate.test.filter.Salesperson.orders#41]
14:12:31,448 DEBUG BaseGeneralDataRegion:52 - Cache[hibernate.test.org.hibernate.test.filter.Salesperson.orders] hit: org.hibernate.test.filter.Salesperson.orders#41
14:12:31,448 DEBUG BaseGeneralDataRegion:46 - Cache[hibernate.test.org.hibernate.test.filter.Salesperson] lookup : key[org.hibernate.test.filter.Salesperson#41]
14:12:31,448 DEBUG BaseGeneralDataRegion:52 - Cache[hibernate.test.org.hibernate.test.filter.Salesperson] hit: org.hibernate.test.filter.Salesperson#41
14:12:31,449 DEBUG SQL:104 - 
    select
        orders0_.SALES_PERSON_ID as SALES6_5_1_,
        orders0_.ORDER_ID as ORDER1_6_1_,
        orders0_.ORDER_ID as ORDER1_6_0_,
        orders0_.REG as REG6_0_,
        orders0_.BUYER as BUYER6_0_,
        orders0_."ord dt" as ord4_6_0_,
        orders0_."close dt" as close5_6_0_,
        orders0_.SALES_PERSON_ID as SALES6_6_0_ 
    from
        T_ORDER orders0_ 
    where
        orders0_."close dt" < ? 
        and orders0_.SALES_PERSON_ID=?
14:12:31,449 DEBUG BaseRegionAccessStrategy:66 - Caching: org.hibernate.test.filter.Order#37
14:12:31,449 DEBUG BaseGeneralDataRegion:59 - Caching[hibernate.test.org.hibernate.test.filter.Order] : [org.hibernate.test.filter.Order#37] -> [CacheEntry(org.hibernate.test.filter.Order)[APAC,gavin,2012-08-28 14:12:31.347,2012-10-28 14:12:31.347,41,37]]
14:12:31,449 DEBUG BaseGeneralDataRegion:46 - Cache[hibernate.test.org.hibernate.test.filter.Salesperson] lookup : key[org.hibernate.test.filter.Salesperson#41]
14:12:31,450 DEBUG BaseGeneralDataRegion:52 - Cache[hibernate.test.org.hibernate.test.filter.Salesperson] hit: org.hibernate.test.filter.Salesperson#41
14:12:31,450 DEBUG BaseGeneralDataRegion:46 - Cache[hibernate.test.org.hibernate.test.filter.Salesperson.orders] lookup : key[org.hibernate.test.filter.Salesperson.orders#41]
14:12:31,450 DEBUG BaseGeneralDataRegion:52 - Cache[hibernate.test.org.hibernate.test.filter.Salesperson.orders] hit: org.hibernate.test.filter.Salesperson.orders#41
14:12:31,450 DEBUG BaseGeneralDataRegion:46 - Cache[hibernate.test.org.hibernate.test.filter.Order] lookup : key[org.hibernate.test.filter.Order#38]
14:12:31,450 DEBUG BaseGeneralDataRegion:52 - Cache[hibernate.test.org.hibernate.test.filter.Order] hit: org.hibernate.test.filter.Order#38
14:12:31,450 DEBUG BaseGeneralDataRegion:46 - Cache[hibernate.test.org.hibernate.test.filter.Order] lookup : key[org.hibernate.test.filter.Order#37]
14:12:31,450 DEBUG BaseGeneralDataRegion:52 - Cache[hibernate.test.org.hibernate.test.filter.Order] hit: org.hibernate.test.filter.Order#37
14:12:31,452 DEBUG SQL:104 - 
    update
        SALES_PERSON 
    set
        NAME=?,
        REG=?,
        DEPT_ID=?,
        "hire dt"=? 
    where
        SALES_PERSON_ID=?
14:12:31,452 DEBUG BaseGeneralDataRegion:69 - Evicting[hibernate.test.org.hibernate.test.filter.Salesperson]: org.hibernate.test.filter.Salesperson#41
14:12:31,452 DEBUG BaseGeneralDataRegion:59 - Caching[hibernate.test.org.hibernate.cache.spi.UpdateTimestampsCache] : [SALES_PERSON] -> [5579089557307392]
14:12:31,452 DEBUG SQL:104 - 
    update
        SALES_PERSON 
    set
        NAME=?,
        REG=?,
        DEPT_ID=?,
        "hire dt"=? 
    where
        SALES_PERSON_ID=?
14:12:31,453 DEBUG BaseGeneralDataRegion:69 - Evicting[hibernate.test.org.hibernate.test.filter.Salesperson]: org.hibernate.test.filter.Salesperson#42
14:12:31,453 DEBUG BaseGeneralDataRegion:59 - Caching[hibernate.test.org.hibernate.cache.spi.UpdateTimestampsCache] : [SALES_PERSON] -> [5579089557311488]
14:12:31,453 DEBUG SQL:104 - 
    update
        T_ORDER 
    set
        REG=?,
        BUYER=?,
        "ord dt"=?,
        "close dt"=?,
        SALES_PERSON_ID=? 
    where
        ORDER_ID=?
14:12:31,470 DEBUG BaseGeneralDataRegion:69 - Evicting[hibernate.test.org.hibernate.test.filter.Order]: org.hibernate.test.filter.Order#37
14:12:31,470 DEBUG BaseGeneralDataRegion:59 - Caching[hibernate.test.org.hibernate.cache.spi.UpdateTimestampsCache] : [T_ORDER] -> [5579089557381120]
14:12:31,470 DEBUG SQL:104 - 
    update
        ORDER_ITEM 
    set
        ORDER_ID=?,
        SEQ=?,
        PRODUCT_ID=?,
        AMT=? 
    where
        ITEM_ID=?
14:12:31,471 DEBUG BaseGeneralDataRegion:69 - Evicting[hibernate.test.org.hibernate.test.filter.LineItem]: org.hibernate.test.filter.LineItem#37
14:12:31,471 DEBUG BaseGeneralDataRegion:59 - Caching[hibernate.test.org.hibernate.cache.spi.UpdateTimestampsCache] : [ORDER_ITEM] -> [5579089557385216]
14:12:31,471 DEBUG SQL:104 - 
    update
        T_ORDER 
    set
        REG=?,
        BUYER=?,
        "ord dt"=?,
        "close dt"=?,
        SALES_PERSON_ID=? 
    where
        ORDER_ID=?
14:12:31,471 DEBUG BaseGeneralDataRegion:69 - Evicting[hibernate.test.org.hibernate.test.filter.Order]: org.hibernate.test.filter.Order#38
14:12:31,471 DEBUG BaseGeneralDataRegion:59 - Caching[hibernate.test.org.hibernate.cache.spi.UpdateTimestampsCache] : [T_ORDER] -> [5579089557385217]
14:12:31,471 DEBUG SQL:104 - 
    update
        ORDER_ITEM 
    set
        ORDER_ID=?,
        SEQ=?,
        PRODUCT_ID=?,
        AMT=? 
    where
        ITEM_ID=?
14:12:31,480 DEBUG BaseGeneralDataRegion:69 - Evicting[hibernate.test.org.hibernate.test.filter.LineItem]: org.hibernate.test.filter.LineItem#38
14:12:31,480 DEBUG BaseGeneralDataRegion:59 - Caching[hibernate.test.org.hibernate.cache.spi.UpdateTimestampsCache] : [ORDER_ITEM] -> [5579089557422080]
14:12:31,481 DEBUG BaseGeneralDataRegion:69 - Evicting[hibernate.test.org.hibernate.test.filter.Product.orderLineItems]: org.hibernate.test.filter.Product.orderLineItems#55
14:12:31,481 DEBUG BaseGeneralDataRegion:59 - Caching[hibernate.test.org.hibernate.cache.spi.UpdateTimestampsCache] : [ORDER_ITEM] -> [5579089557426176]
14:12:31,481 DEBUG BaseGeneralDataRegion:69 - Evicting[hibernate.test.org.hibernate.test.filter.Product.orderLineItems]: org.hibernate.test.filter.Product.orderLineItems#56
14:12:31,481 DEBUG BaseGeneralDataRegion:59 - Caching[hibernate.test.org.hibernate.cache.spi.UpdateTimestampsCache] : [ORDER_ITEM] -> [5579089557426177]
14:12:31,481 DEBUG BaseGeneralDataRegion:69 - Evicting[hibernate.test.org.hibernate.test.filter.Product.orderLineItems]: org.hibernate.test.filter.Product.orderLineItems#57
14:12:31,481 DEBUG BaseGeneralDataRegion:59 - Caching[hibernate.test.org.hibernate.cache.spi.UpdateTimestampsCache] : [ORDER_ITEM] -> [5579089557426178]
14:12:31,481 DEBUG SQL:104 - 
    delete 
    from
        PROD_CAT 
    where
        PROD_ID=?
14:12:31,481 DEBUG BaseGeneralDataRegion:69 - Evicting[hibernate.test.org.hibernate.test.filter.Product.categories]: org.hibernate.test.filter.Product.categories#57
14:12:31,481 DEBUG BaseGeneralDataRegion:59 - Caching[hibernate.test.org.hibernate.cache.spi.UpdateTimestampsCache] : [PROD_CAT] -> [5579089557426179]
14:12:31,482 DEBUG BaseGeneralDataRegion:69 - Evicting[hibernate.test.org.hibernate.test.filter.Department.salespersons]: org.hibernate.test.filter.Department.salespersons#19
14:12:31,482 DEBUG BaseGeneralDataRegion:59 - Caching[hibernate.test.org.hibernate.cache.spi.UpdateTimestampsCache] : [SALES_PERSON] -> [5579089557430272]
14:12:31,482 DEBUG BaseGeneralDataRegion:69 - Evicting[hibernate.test.org.hibernate.test.filter.Salesperson.orders]: org.hibernate.test.filter.Salesperson.orders#41
14:12:31,482 DEBUG BaseGeneralDataRegion:59 - Caching[hibernate.test.org.hibernate.cache.spi.UpdateTimestampsCache] : [T_ORDER] -> [5579089557430273]
14:12:31,482 DEBUG BaseGeneralDataRegion:69 - Evicting[hibernate.test.org.hibernate.test.filter.Salesperson.orders]: org.hibernate.test.filter.Salesperson.orders#42
14:12:31,482 DEBUG BaseGeneralDataRegion:59 - Caching[hibernate.test.org.hibernate.cache.spi.UpdateTimestampsCache] : [T_ORDER] -> [5579089557430274]
14:12:31,482 DEBUG SQL:104 - 
    delete 
    from
        PROD_CAT 
    where
        PROD_ID=?
14:12:31,489 DEBUG BaseGeneralDataRegion:69 - Evicting[hibernate.test.org.hibernate.test.filter.Product.categories]: org.hibernate.test.filter.Product.categories#55
14:12:31,490 DEBUG BaseGeneralDataRegion:59 - Caching[hibernate.test.org.hibernate.cache.spi.UpdateTimestampsCache] : [PROD_CAT] -> [5579089557463040]
14:12:31,490 DEBUG BaseGeneralDataRegion:69 - Evicting[hibernate.test.org.hibernate.test.filter.Category.products]: org.hibernate.test.filter.Category.products#55
14:12:31,490 DEBUG BaseGeneralDataRegion:59 - Caching[hibernate.test.org.hibernate.cache.spi.UpdateTimestampsCache] : [PROD_CAT] -> [5579089557463041]
14:12:31,490 DEBUG BaseGeneralDataRegion:69 - Evicting[hibernate.test.org.hibernate.test.filter.Category.products]: org.hibernate.test.filter.Category.products#56
14:12:31,490 DEBUG BaseGeneralDataRegion:59 - Caching[hibernate.test.org.hibernate.cache.spi.UpdateTimestampsCache] : [PROD_CAT] -> [5579089557463042]
14:12:31,490 DEBUG BaseGeneralDataRegion:69 - Evicting[hibernate.test.org.hibernate.test.filter.Order.lineItems]: org.hibernate.test.filter.Order.lineItems#37
14:12:31,490 DEBUG BaseGeneralDataRegion:59 - Caching[hibernate.test.org.hibernate.cache.spi.UpdateTimestampsCache] : [ORDER_ITEM] -> [5579089557463043]
14:12:31,490 DEBUG SQL:104 - 
    delete 
    from
        PROD_CAT 
    where
        PROD_ID=?
14:12:31,491 DEBUG BaseGeneralDataRegion:69 - Evicting[hibernate.test.org.hibernate.test.filter.Product.categories]: org.hibernate.test.filter.Product.categories#56
14:12:31,491 DEBUG BaseGeneralDataRegion:59 - Caching[hibernate.test.org.hibernate.cache.spi.UpdateTimestampsCache] : [PROD_CAT] -> [5579089557467136]
14:12:31,491 DEBUG BaseGeneralDataRegion:69 - Evicting[hibernate.test.org.hibernate.test.filter.Category.products]: org.hibernate.test.filter.Category.products#57
14:12:31,491 DEBUG BaseGeneralDataRegion:59 - Caching[hibernate.test.org.hibernate.cache.spi.UpdateTimestampsCache] : [PROD_CAT] -> [5579089557467137]
14:12:31,491 DEBUG BaseGeneralDataRegion:69 - Evicting[hibernate.test.org.hibernate.test.filter.Order.lineItems]: org.hibernate.test.filter.Order.lineItems#38
14:12:31,491 DEBUG BaseGeneralDataRegion:59 - Caching[hibernate.test.org.hibernate.cache.spi.UpdateTimestampsCache] : [ORDER_ITEM] -> [5579089557467138]
14:12:31,491 DEBUG SQL:104 - 
    delete 
    from
        DEPARTMENT 
    where
        DEPT_ID=?
14:12:31,500 DEBUG BaseGeneralDataRegion:69 - Evicting[hibernate.test.org.hibernate.test.filter.Department]: org.hibernate.test.filter.Department#19
14:12:31,500 DEBUG BaseGeneralDataRegion:59 - Caching[hibernate.test.org.hibernate.cache.spi.UpdateTimestampsCache] : [DEPARTMENT] -> [5579089557504000]
14:12:31,500 DEBUG SQL:104 - 
    delete 
    from
        SALES_PERSON 
    where
        SALES_PERSON_ID=?
14:12:31,500 DEBUG BaseGeneralDataRegion:69 - Evicting[hibernate.test.org.hibernate.test.filter.Salesperson]: org.hibernate.test.filter.Salesperson#41
14:12:31,501 DEBUG BaseGeneralDataRegion:59 - Caching[hibernate.test.org.hibernate.cache.spi.UpdateTimestampsCache] : [SALES_PERSON] -> [5579089557508096]
14:12:31,501 DEBUG SQL:104 - 
    delete 
    from
        SALES_PERSON 
    where
        SALES_PERSON_ID=?
14:12:31,501 DEBUG BaseGeneralDataRegion:69 - Evicting[hibernate.test.org.hibernate.test.filter.Salesperson]: org.hibernate.test.filter.Salesperson#42
14:12:31,501 DEBUG BaseGeneralDataRegion:59 - Caching[hibernate.test.org.hibernate.cache.spi.UpdateTimestampsCache] : [SALES_PERSON] -> [5579089557508097]
14:12:31,501 DEBUG SQL:104 - 
    delete 
    from
        CATEGORY 
    where
        CAT_ID=?
14:12:31,501 DEBUG BaseGeneralDataRegion:69 - Evicting[hibernate.test.org.hibernate.test.filter.Category]: org.hibernate.test.filter.Category#55
14:12:31,501 DEBUG BaseGeneralDataRegion:59 - Caching[hibernate.test.org.hibernate.cache.spi.UpdateTimestampsCache] : [CATEGORY] -> [5579089557508098]
14:12:31,501 DEBUG SQL:104 - 
    delete 
    from
        CATEGORY 
    where
        CAT_ID=?
14:12:31,509 DEBUG BaseGeneralDataRegion:69 - Evicting[hibernate.test.org.hibernate.test.filter.Category]: org.hibernate.test.filter.Category#56
14:12:31,510 DEBUG BaseGeneralDataRegion:59 - Caching[hibernate.test.org.hibernate.cache.spi.UpdateTimestampsCache] : [CATEGORY] -> [5579089557544960]
14:12:31,510 DEBUG SQL:104 - 
    delete 
    from
        PRODUCT 
    where
        PROD_ID=?
14:12:31,510 DEBUG BaseGeneralDataRegion:69 - Evicting[hibernate.test.org.hibernate.test.filter.Product]: org.hibernate.test.filter.Product#55
14:12:31,510 DEBUG BaseGeneralDataRegion:59 - Caching[hibernate.test.org.hibernate.cache.spi.UpdateTimestampsCache] : [PRODUCT] -> [5579089557544961]
14:12:31,510 DEBUG SQL:104 - 
    delete 
    from
        ORDER_ITEM 
    where
        ITEM_ID=?
14:12:31,510 DEBUG BaseGeneralDataRegion:69 - Evicting[hibernate.test.org.hibernate.test.filter.LineItem]: org.hibernate.test.filter.LineItem#37
14:12:31,511 DEBUG BaseGeneralDataRegion:59 - Caching[hibernate.test.org.hibernate.cache.spi.UpdateTimestampsCache] : [ORDER_ITEM] -> [5579089557549056]
14:12:31,511 DEBUG SQL:104 - 
    delete 
    from
        T_ORDER 
    where
        ORDER_ID=?
14:12:31,520 DEBUG BaseGeneralDataRegion:69 - Evicting[hibernate.test.org.hibernate.test.filter.Order]: org.hibernate.test.filter.Order#37
14:12:31,520 DEBUG BaseGeneralDataRegion:59 - Caching[hibernate.test.org.hibernate.cache.spi.UpdateTimestampsCache] : [T_ORDER] -> [5579089557585920]
14:12:31,520 DEBUG SQL:104 - 
    delete 
    from
        CATEGORY 
    where
        CAT_ID=?
14:12:31,520 DEBUG BaseGeneralDataRegion:69 - Evicting[hibernate.test.org.hibernate.test.filter.Category]: org.hibernate.test.filter.Category#57
14:12:31,520 DEBUG BaseGeneralDataRegion:59 - Caching[hibernate.test.org.hibernate.cache.spi.UpdateTimestampsCache] : [CATEGORY] -> [5579089557585921]
14:12:31,520 DEBUG SQL:104 - 
    delete 
    from
        PRODUCT 
    where
        PROD_ID=?
14:12:31,521 DEBUG BaseGeneralDataRegion:69 - Evicting[hibernate.test.org.hibernate.test.filter.Product]: org.hibernate.test.filter.Product#56
14:12:31,521 DEBUG BaseGeneralDataRegion:59 - Caching[hibernate.test.org.hibernate.cache.spi.UpdateTimestampsCache] : [PRODUCT] -> [5579089557590016]
14:12:31,521 DEBUG SQL:104 - 
    delete 
    from
        PRODUCT 
    where
        PROD_ID=?
14:12:31,521 DEBUG BaseGeneralDataRegion:69 - Evicting[hibernate.test.org.hibernate.test.filter.Product]: org.hibernate.test.filter.Product#57
14:12:31,521 DEBUG BaseGeneralDataRegion:59 - Caching[hibernate.test.org.hibernate.cache.spi.UpdateTimestampsCache] : [PRODUCT] -> [5579089557590017]
14:12:31,521 DEBUG SQL:104 - 
    delete 
    from
        ORDER_ITEM 
    where
        ITEM_ID=?
14:12:31,531 DEBUG BaseGeneralDataRegion:69 - Evicting[hibernate.test.org.hibernate.test.filter.LineItem]: org.hibernate.test.filter.LineItem#38
14:12:31,531 DEBUG BaseGeneralDataRegion:59 - Caching[hibernate.test.org.hibernate.cache.spi.UpdateTimestampsCache] : [ORDER_ITEM] -> [5579089557630976]
14:12:31,531 DEBUG SQL:104 - 
    delete 
    from
        T_ORDER 
    where
        ORDER_ID=?
14:12:31,531 DEBUG BaseGeneralDataRegion:69 - Evicting[hibernate.test.org.hibernate.test.filter.Order]: org.hibernate.test.filter.Order#38
14:12:31,531 DEBUG BaseGeneralDataRegion:59 - Caching[hibernate.test.org.hibernate.cache.spi.UpdateTimestampsCache] : [T_ORDER] -> [5579089557630977]
14:12:31,532 DEBUG BaseGeneralDataRegion:69 - Evicting[hibernate.test.org.hibernate.test.filter.Salesperson]: org.hibernate.test.filter.Salesperson#41
14:12:31,532 DEBUG BaseGeneralDataRegion:69 - Evicting[hibernate.test.org.hibernate.test.filter.Salesperson]: org.hibernate.test.filter.Salesperson#42
14:12:31,532 DEBUG BaseGeneralDataRegion:69 - Evicting[hibernate.test.org.hibernate.test.filter.Order]: org.hibernate.test.filter.Order#37
14:12:31,532 DEBUG BaseGeneralDataRegion:69 - Evicting[hibernate.test.org.hibernate.test.filter.LineItem]: org.hibernate.test.filter.LineItem#37
14:12:31,532 DEBUG BaseGeneralDataRegion:69 - Evicting[hibernate.test.org.hibernate.test.filter.Order]: org.hibernate.test.filter.Order#38
14:12:31,532 DEBUG BaseGeneralDataRegion:69 - Evicting[hibernate.test.org.hibernate.test.filter.LineItem]: org.hibernate.test.filter.LineItem#38
14:12:31,532 DEBUG BaseGeneralDataRegion:69 - Evicting[hibernate.test.org.hibernate.test.filter.Product.orderLineItems]: org.hibernate.test.filter.Product.orderLineItems#55
14:12:31,532 DEBUG BaseGeneralDataRegion:69 - Evicting[hibernate.test.org.hibernate.test.filter.Product.orderLineItems]: org.hibernate.test.filter.Product.orderLineItems#56
14:12:31,532 DEBUG BaseGeneralDataRegion:69 - Evicting[hibernate.test.org.hibernate.test.filter.Product.orderLineItems]: org.hibernate.test.filter.Product.orderLineItems#57
14:12:31,532 DEBUG BaseGeneralDataRegion:69 - Evicting[hibernate.test.org.hibernate.test.filter.Product.categories]: org.hibernate.test.filter.Product.categories#57
14:12:31,533 DEBUG BaseGeneralDataRegion:69 - Evicting[hibernate.test.org.hibernate.test.filter.Department.salespersons]: org.hibernate.test.filter.Department.salespersons#19
14:12:31,533 DEBUG BaseGeneralDataRegion:69 - Evicting[hibernate.test.org.hibernate.test.filter.Salesperson.orders]: org.hibernate.test.filter.Salesperson.orders#41
14:12:31,533 DEBUG BaseGeneralDataRegion:69 - Evicting[hibernate.test.org.hibernate.test.filter.Salesperson.orders]: org.hibernate.test.filter.Salesperson.orders#42
14:12:31,533 DEBUG BaseGeneralDataRegion:69 - Evicting[hibernate.test.org.hibernate.test.filter.Product.categories]: org.hibernate.test.filter.Product.categories#55
14:12:31,533 DEBUG BaseGeneralDataRegion:69 - Evicting[hibernate.test.org.hibernate.test.filter.Category.products]: org.hibernate.test.filter.Category.products#55
14:12:31,533 DEBUG BaseGeneralDataRegion:69 - Evicting[hibernate.test.org.hibernate.test.filter.Category.products]: org.hibernate.test.filter.Category.products#56
14:12:31,533 DEBUG BaseGeneralDataRegion:69 - Evicting[hibernate.test.org.hibernate.test.filter.Order.lineItems]: org.hibernate.test.filter.Order.lineItems#37
14:12:31,533 DEBUG BaseGeneralDataRegion:69 - Evicting[hibernate.test.org.hibernate.test.filter.Product.categories]: org.hibernate.test.filter.Product.categories#56
14:12:31,533 DEBUG BaseGeneralDataRegion:69 - Evicting[hibernate.test.org.hibernate.test.filter.Category.products]: org.hibernate.test.filter.Category.products#57
14:12:31,533 DEBUG BaseGeneralDataRegion:69 - Evicting[hibernate.test.org.hibernate.test.filter.Order.lineItems]: org.hibernate.test.filter.Order.lineItems#38
14:12:31,533 DEBUG BaseGeneralDataRegion:69 - Evicting[hibernate.test.org.hibernate.test.filter.Department]: org.hibernate.test.filter.Department#19
14:12:31,534 DEBUG BaseGeneralDataRegion:69 - Evicting[hibernate.test.org.hibernate.test.filter.Salesperson]: org.hibernate.test.filter.Salesperson#41
14:12:31,534 DEBUG BaseGeneralDataRegion:69 - Evicting[hibernate.test.org.hibernate.test.filter.Salesperson]: org.hibernate.test.filter.Salesperson#42
14:12:31,534 DEBUG BaseGeneralDataRegion:69 - Evicting[hibernate.test.org.hibernate.test.filter.Category]: org.hibernate.test.filter.Category#55
14:12:31,534 DEBUG BaseGeneralDataRegion:69 - Evicting[hibernate.test.org.hibernate.test.filter.Category]: org.hibernate.test.filter.Category#56
14:12:31,534 DEBUG BaseGeneralDataRegion:69 - Evicting[hibernate.test.org.hibernate.test.filter.Product]: org.hibernate.test.filter.Product#55
14:12:31,534 DEBUG BaseGeneralDataRegion:69 - Evicting[hibernate.test.org.hibernate.test.filter.LineItem]: org.hibernate.test.filter.LineItem#37
14:12:31,534 DEBUG BaseGeneralDataRegion:69 - Evicting[hibernate.test.org.hibernate.test.filter.Order]: org.hibernate.test.filter.Order#37
14:12:31,534 DEBUG BaseGeneralDataRegion:69 - Evicting[hibernate.test.org.hibernate.test.filter.Category]: org.hibernate.test.filter.Category#57
14:12:31,534 DEBUG BaseGeneralDataRegion:69 - Evicting[hibernate.test.org.hibernate.test.filter.Product]: org.hibernate.test.filter.Product#56
14:12:31,534 DEBUG BaseGeneralDataRegion:69 - Evicting[hibernate.test.org.hibernate.test.filter.Product]: org.hibernate.test.filter.Product#57
14:12:31,534 DEBUG BaseGeneralDataRegion:69 - Evicting[hibernate.test.org.hibernate.test.filter.LineItem]: org.hibernate.test.filter.LineItem#38
14:12:31,534 DEBUG BaseGeneralDataRegion:69 - Evicting[hibernate.test.org.hibernate.test.filter.Order]: org.hibernate.test.filter.Order#38
14:12:31,535 DEBUG BaseGeneralDataRegion:59 - Caching[hibernate.test.org.hibernate.cache.spi.UpdateTimestampsCache] : [CATEGORY] -> [5579089311887360]
14:12:31,535 DEBUG BaseGeneralDataRegion:59 - Caching[hibernate.test.org.hibernate.cache.spi.UpdateTimestampsCache] : [ORDER_ITEM] -> [5579089311887360]
14:12:31,535 DEBUG BaseGeneralDataRegion:59 - Caching[hibernate.test.org.hibernate.cache.spi.UpdateTimestampsCache] : [SALES_PERSON] -> [5579089311887360]
14:12:31,535 DEBUG BaseGeneralDataRegion:59 - Caching[hibernate.test.org.hibernate.cache.spi.UpdateTimestampsCache] : [T_ORDER] -> [5579089311887360]
14:12:31,535 DEBUG BaseGeneralDataRegion:59 - Caching[hibernate.test.org.hibernate.cache.spi.UpdateTimestampsCache] : [PRODUCT] -> [5579089311887360]
14:12:31,535 DEBUG BaseGeneralDataRegion:59 - Caching[hibernate.test.org.hibernate.cache.spi.UpdateTimestampsCache] : [DEPARTMENT] -> [5579089311887360]
14:12:31,535 DEBUG BaseGeneralDataRegion:59 - Caching[hibernate.test.org.hibernate.cache.spi.UpdateTimestampsCache] : [PROD_CAT] -> [5579089311887360]
14:12:31,535  INFO CustomRunner:139 - Test: testSqlSyntaxOfFiltersWithUnions
14:12:31,536 DEBUG QueryTranslatorImpl:265 - parse() - HQL: from org.hibernate.test.filter.Category
14:12:31,537 DEBUG QueryTranslatorImpl:283 - --- HQL AST ---
 \-[QUERY] Node: 'query'
    \-[SELECT_FROM] Node: 'SELECT_FROM'
       \-[FROM] Node: 'from'
          \-[RANGE] Node: 'RANGE'
             \-[DOT] Node: '.'
                +-[DOT] Node: '.'
                |  +-[DOT] Node: '.'
                |  |  +-[DOT] Node: '.'
                |  |  |  +-[IDENT] Node: 'org'
                |  |  |  \-[IDENT] Node: 'hibernate'
                |  |  \-[IDENT] Node: 'test'
                |  \-[IDENT] Node: 'filter'
                \-[IDENT] Node: 'Category'

14:12:31,544 DEBUG ErrorCounter:82 - throwQueryException() : no errors
14:12:31,544 DEBUG FromElement:157 - FromClause{level=1} : org.hibernate.test.filter.Category (<no alias>) -> category0_
14:12:31,544 DEBUG HqlSqlWalker:629 - processQuery() :  ( SELECT ( FromClause{level=1} CATEGORY category0_ ) )
14:12:31,544 DEBUG HqlSqlWalker:869 - Derived SELECT clause created.
14:12:31,545 DEBUG JoinProcessor:175 - Using FROM fragment [CATEGORY category0_]
14:12:31,545 DEBUG SyntheticAndFactory:92 - Using unprocessed WHERE-fragment ['abc' in ( select d.reg from DEPARTMENT d where (d.dept_id=123) union select p.name from SALES_PERSON p )]
14:12:31,545 DEBUG SyntheticAndFactory:124 - Using processed WHERE-fragment ['abc' in ( select d.reg from DEPARTMENT d where (d.dept_id=123) union select p.name from SALES_PERSON p )]
14:12:31,545 DEBUG QueryNode:73 - getWhereClause() : Creating a new WHERE clause...
14:12:31,545 DEBUG QueryTranslatorImpl:252 - --- SQL AST ---
 \-[SELECT] QueryNode: 'SELECT'  querySpaces (CATEGORY)
    +-[SELECT_CLAUSE] SelectClause: '{derived select clause}'
    |  +-[SELECT_EXPR] SelectExpressionImpl: 'category0_.CAT_ID as CAT1_0_' {FromElement{explicit,not a collection join,not a fetch join,fetch non-lazy properties,classAlias=null,role=null,tableName=CATEGORY,tableAlias=category0_,origin=null,columns={,className=org.hibernate.test.filter.Category}}}
    |  \-[SQL_TOKEN] SqlFragment: 'category0_.name as name0_, category0_.eff_start_dt as eff3_0_, category0_.eff_end_dt as eff4_0_'
    +-[FROM] FromClause: 'from' FromClause{level=1, fromElementCounter=1, fromElements=1, fromElementByClassAlias=[], fromElementByTableAlias=[category0_], fromElementsByPath=[], collectionJoinFromElementsByPath=[], impliedElements=[]}
    |  \-[FROM_FRAGMENT] FromElement: 'CATEGORY category0_' FromElement{explicit,not a collection join,not a fetch join,fetch non-lazy properties,classAlias=null,role=null,tableName=CATEGORY,tableAlias=category0_,origin=null,columns={,className=org.hibernate.test.filter.Category}}
    \-[WHERE] SqlNode: 'WHERE'
       \-[FILTERS] SqlNode: '{filter conditions}'
          \-[SQL_TOKEN] SqlFragment: ''abc' in ( select d.reg from DEPARTMENT d where (d.dept_id=123) union select p.name from SALES_PERSON p )'

14:12:31,553 DEBUG ErrorCounter:82 - throwQueryException() : no errors
14:12:31,553 DEBUG QueryTranslatorImpl:235 - HQL: from org.hibernate.test.filter.Category
14:12:31,553 DEBUG QueryTranslatorImpl:236 - SQL: select category0_.CAT_ID as CAT1_0_, category0_.name as name0_, category0_.eff_start_dt as eff3_0_, category0_.eff_end_dt as eff4_0_ from CATEGORY category0_ where 'abc' in ( select d.reg from DEPARTMENT d where (d.dept_id=123) union select p.name from SALES_PERSON p )
14:12:31,553 DEBUG ErrorCounter:82 - throwQueryException() : no errors
14:12:31,553 DEBUG SQL:104 - 
    select
        category0_.CAT_ID as CAT1_0_,
        category0_.name as name0_,
        category0_.eff_start_dt as eff3_0_,
        category0_.eff_end_dt as eff4_0_ 
    from
        CATEGORY category0_ 
    where
        'abc' in (
            select
                d.reg 
            from
                DEPARTMENT d 
            where
                (
                    d.dept_id=123
                ) 
            union
            select
                p.name 
            from
                SALES_PERSON p 
        )
14:12:31,555  INFO SchemaExport:343 - HHH000227: Running hbm2ddl schema export
14:12:31,555 DEBUG SchemaExport:353 - Import file not found: /import.sql
14:12:31,555 DEBUG SQL:104 - 
    alter table ORDER_ITEM 
        drop constraint FK4BBDE9842AA461A
14:12:31,556 DEBUG SQL:104 - 
    alter table ORDER_ITEM 
        drop constraint FK4BBDE984721E0E7A
14:12:31,556 DEBUG SQL:104 - 
    alter table ORDER_ITEM 
        drop constraint FK4BBDE984F72EBF12
14:12:31,556 DEBUG SQL:104 - 
    alter table PROD_CAT 
        drop constraint FKF2D64ACE17DB0402
14:12:31,574 DEBUG SQL:104 - 
    alter table PROD_CAT 
        drop constraint FKF2D64ACEF72EBF12
14:12:31,574 DEBUG SQL:104 - 
    alter table SALES_PERSON 
        drop constraint FKA4D19A08CC6B0987
14:12:31,574 DEBUG SQL:104 - 
    alter table T_ORDER 
        drop constraint FK227638344A7D153
14:12:31,574 DEBUG SQL:104 - 
    drop table CATEGORY if exists
14:12:31,575 DEBUG SQL:104 - 
    drop table DEPARTMENT if exists
14:12:31,575 DEBUG SQL:104 - 
    drop table ORDER_ITEM if exists
14:12:31,575 DEBUG SQL:104 - 
    drop table PRODUCT if exists
14:12:31,576 DEBUG SQL:104 - 
    drop table PROD_CAT if exists
14:12:31,576 DEBUG SQL:104 - 
    drop table SALES_PERSON if exists
14:12:31,576 DEBUG SQL:104 - 
    drop table T_ORDER if exists
14:12:31,576  INFO SchemaExport:405 - HHH000230: Schema export complete
14:12:31,576  INFO DriverManagerConnectionProviderImpl:162 - HHH000030: Cleaning up connection pool [jdbc:h2:mem:db1;DB_CLOSE_DELAY=-1;MVCC=TRUE]
]]></system-out>
  <system-err><![CDATA[]]></system-err>
</testsuite>
