<?xml version="1.0" encoding="UTF-8"?>
<testsuite errors="0" failures="0" hostname="dhcp-10.15.208.168.stl.redhat.com" name="org.hibernate.test.schemaupdate.SchemaExportManagedConnectionTest" tests="4" time="0.201" timestamp="2013-02-28T20:19:16">
  <properties />
  <testcase classname="org.hibernate.test.schemaupdate.SchemaExportManagedConnectionTest" name="testBothType" time="0.059" />
  <testcase classname="org.hibernate.test.schemaupdate.SchemaExportManagedConnectionTest" name="testCreateAndDrop" time="0.025" />
  <testcase classname="org.hibernate.test.schemaupdate.SchemaExportManagedConnectionTest" name="testCreateAndDropOnlyType" time="0.024" />
  <testcase classname="org.hibernate.test.schemaupdate.SchemaExportManagedConnectionTest" name="testGenerateDdlToFile" time="0.065" />
  <system-out><![CDATA[14:19:16,340  INFO CustomRunner:132 - BeforeClass: org.hibernate.test.schemaupdate.SchemaExportManagedConnectionTest
14:19:16,340  INFO CustomRunner:139 - Test: testBothType
14:19:16,342  INFO Configuration:725 - HHH000221: Reading mappings from resource: org/hibernate/test/schemaupdate/mapping.hbm.xml
14:19:16,347  INFO Dialect:103 - HHH000400: Using dialect: org.hibernate.dialect.H2Dialect
14:19:16,347  INFO SchemaExport:343 - HHH000227: Running hbm2ddl schema export
14:19:16,348 DEBUG SchemaExport:353 - Import file not found: /import.sql
14:19:16,364  INFO DriverManagerConnectionProviderImpl:99 - HHH000402: Using Hibernate built-in connection pool (not for production use!)
14:19:16,364  INFO DriverManagerConnectionProviderImpl:135 - HHH000115: Hibernate connection pool size: 5
14:19:16,364  INFO DriverManagerConnectionProviderImpl:138 - HHH000006: Autocommit mode: false
14:19:16,364  INFO DriverManagerConnectionProviderImpl:153 - HHH000401: using driver [org.h2.Driver] at URL [jdbc:h2:mem:db1;DB_CLOSE_DELAY=-1;MVCC=TRUE]
14:19:16,364  INFO DriverManagerConnectionProviderImpl:158 - HHH000046: Connection properties: {user=sa}
14:19:16,365 DEBUG SQL:104 - 
    drop table Version if exists

    drop table Version if exists
14:19:16,382 DEBUG SQL:104 - 
    drop table uid_table if exists

    drop table uid_table if exists
14:19:16,382  INFO DriverManagerConnectionProviderImpl:162 - HHH000030: Cleaning up connection pool [jdbc:h2:mem:db1;DB_CLOSE_DELAY=-1;MVCC=TRUE]
14:19:16,382  INFO SchemaExport:405 - HHH000230: Schema export complete
14:19:16,383  INFO Configuration:725 - HHH000221: Reading mappings from resource: org/hibernate/test/schemaupdate/mapping.hbm.xml
14:19:16,388  INFO Dialect:103 - HHH000400: Using dialect: org.hibernate.dialect.H2Dialect
14:19:16,389  INFO SchemaExport:343 - HHH000227: Running hbm2ddl schema export
14:19:16,389 DEBUG SchemaExport:353 - Import file not found: /import.sql
14:19:16,390  INFO DriverManagerConnectionProviderImpl:99 - HHH000402: Using Hibernate built-in connection pool (not for production use!)
14:19:16,390  INFO DriverManagerConnectionProviderImpl:135 - HHH000115: Hibernate connection pool size: 5
14:19:16,390  INFO DriverManagerConnectionProviderImpl:138 - HHH000006: Autocommit mode: false
14:19:16,391  INFO DriverManagerConnectionProviderImpl:153 - HHH000401: using driver [org.h2.Driver] at URL [jdbc:h2:mem:db1;DB_CLOSE_DELAY=-1;MVCC=TRUE]
14:19:16,391  INFO DriverManagerConnectionProviderImpl:158 - HHH000046: Connection properties: {user=sa}
14:19:16,391 DEBUG SQL:104 - 
    drop table Version if exists
14:19:16,391 DEBUG SQL:104 - 
    drop table uid_table if exists
14:19:16,391 DEBUG SQL:104 - 
    create table Version (
        id bigint not null,
        description varchar(255),
        primary key (id)
    )
14:19:16,391 DEBUG SQL:104 - 
    create table uid_table (
         next_hi_value_column integer 
    )
14:19:16,392 DEBUG SQL:104 - 
    insert into uid_table values ( 0 )
14:19:16,392  INFO DriverManagerConnectionProviderImpl:162 - HHH000030: Cleaning up connection pool [jdbc:h2:mem:db1;DB_CLOSE_DELAY=-1;MVCC=TRUE]
14:19:16,392  INFO SchemaExport:405 - HHH000230: Schema export complete
14:19:16,392  INFO Dialect:103 - HHH000400: Using dialect: org.hibernate.dialect.H2Dialect
14:19:16,392  INFO SchemaExport:343 - HHH000227: Running hbm2ddl schema export
14:19:16,393 DEBUG SchemaExport:353 - Import file not found: /import.sql
14:19:16,394  INFO DriverManagerConnectionProviderImpl:99 - HHH000402: Using Hibernate built-in connection pool (not for production use!)
14:19:16,395  INFO DriverManagerConnectionProviderImpl:135 - HHH000115: Hibernate connection pool size: 5
14:19:16,395  INFO DriverManagerConnectionProviderImpl:138 - HHH000006: Autocommit mode: false
14:19:16,395  INFO DriverManagerConnectionProviderImpl:153 - HHH000401: using driver [org.h2.Driver] at URL [jdbc:h2:mem:db1;DB_CLOSE_DELAY=-1;MVCC=TRUE]
14:19:16,395  INFO DriverManagerConnectionProviderImpl:158 - HHH000046: Connection properties: {user=sa}
14:19:16,395 DEBUG SQL:104 - 
    drop table Version if exists
14:19:16,396 DEBUG SQL:104 - 
    drop table uid_table if exists
14:19:16,396 DEBUG SQL:104 - 
    create table Version (
        id bigint not null,
        description varchar(255),
        primary key (id)
    )
14:19:16,396 DEBUG SQL:104 - 
    create table uid_table (
         next_hi_value_column integer 
    )
14:19:16,397 DEBUG SQL:104 - 
    insert into uid_table values ( 0 )
14:19:16,397  INFO DriverManagerConnectionProviderImpl:162 - HHH000030: Cleaning up connection pool [jdbc:h2:mem:db1;DB_CLOSE_DELAY=-1;MVCC=TRUE]
14:19:16,397  INFO SchemaExport:405 - HHH000230: Schema export complete
14:19:16,397  INFO SchemaExport:343 - HHH000227: Running hbm2ddl schema export
14:19:16,397 DEBUG SchemaExport:353 - Import file not found: /import.sql
14:19:16,398  INFO DriverManagerConnectionProviderImpl:99 - HHH000402: Using Hibernate built-in connection pool (not for production use!)
14:19:16,398  INFO DriverManagerConnectionProviderImpl:135 - HHH000115: Hibernate connection pool size: 5
14:19:16,398  INFO DriverManagerConnectionProviderImpl:138 - HHH000006: Autocommit mode: false
14:19:16,399  INFO DriverManagerConnectionProviderImpl:153 - HHH000401: using driver [org.h2.Driver] at URL [jdbc:h2:mem:db1;DB_CLOSE_DELAY=-1;MVCC=TRUE]
14:19:16,399  INFO DriverManagerConnectionProviderImpl:158 - HHH000046: Connection properties: {user=sa}
14:19:16,399 DEBUG SQL:104 - 
    drop table Version if exists
14:19:16,399 DEBUG SQL:104 - 
    drop table uid_table if exists
14:19:16,399  INFO DriverManagerConnectionProviderImpl:162 - HHH000030: Cleaning up connection pool [jdbc:h2:mem:db1;DB_CLOSE_DELAY=-1;MVCC=TRUE]
14:19:16,399  INFO SchemaExport:405 - HHH000230: Schema export complete
14:19:16,400  INFO CustomRunner:139 - Test: testCreateAndDrop
14:19:16,401  INFO Configuration:725 - HHH000221: Reading mappings from resource: org/hibernate/test/schemaupdate/mapping.hbm.xml
14:19:16,406  INFO Dialect:103 - HHH000400: Using dialect: org.hibernate.dialect.H2Dialect
14:19:16,406  INFO SchemaExport:343 - HHH000227: Running hbm2ddl schema export
14:19:16,407 DEBUG SchemaExport:353 - Import file not found: /import.sql
14:19:16,408  INFO DriverManagerConnectionProviderImpl:99 - HHH000402: Using Hibernate built-in connection pool (not for production use!)
14:19:16,408  INFO DriverManagerConnectionProviderImpl:135 - HHH000115: Hibernate connection pool size: 5
14:19:16,408  INFO DriverManagerConnectionProviderImpl:138 - HHH000006: Autocommit mode: false
14:19:16,408  INFO DriverManagerConnectionProviderImpl:153 - HHH000401: using driver [org.h2.Driver] at URL [jdbc:h2:mem:db1;DB_CLOSE_DELAY=-1;MVCC=TRUE]
14:19:16,408  INFO DriverManagerConnectionProviderImpl:158 - HHH000046: Connection properties: {user=sa}
14:19:16,408 DEBUG SQL:104 - 
    drop table Version if exists

    drop table Version if exists
14:19:16,409 DEBUG SQL:104 - 
    drop table uid_table if exists

    drop table uid_table if exists
14:19:16,409  INFO DriverManagerConnectionProviderImpl:162 - HHH000030: Cleaning up connection pool [jdbc:h2:mem:db1;DB_CLOSE_DELAY=-1;MVCC=TRUE]
14:19:16,409  INFO SchemaExport:405 - HHH000230: Schema export complete
14:19:16,409  INFO Configuration:725 - HHH000221: Reading mappings from resource: org/hibernate/test/schemaupdate/mapping.hbm.xml
14:19:16,413  INFO Dialect:103 - HHH000400: Using dialect: org.hibernate.dialect.H2Dialect
14:19:16,414  INFO SchemaExport:343 - HHH000227: Running hbm2ddl schema export
14:19:16,415 DEBUG SchemaExport:353 - Import file not found: /import.sql
14:19:16,416  INFO DriverManagerConnectionProviderImpl:99 - HHH000402: Using Hibernate built-in connection pool (not for production use!)
14:19:16,416  INFO DriverManagerConnectionProviderImpl:135 - HHH000115: Hibernate connection pool size: 5
14:19:16,416  INFO DriverManagerConnectionProviderImpl:138 - HHH000006: Autocommit mode: false
14:19:16,416  INFO DriverManagerConnectionProviderImpl:153 - HHH000401: using driver [org.h2.Driver] at URL [jdbc:h2:mem:db1;DB_CLOSE_DELAY=-1;MVCC=TRUE]
14:19:16,416  INFO DriverManagerConnectionProviderImpl:158 - HHH000046: Connection properties: {user=sa}
14:19:16,417 DEBUG SQL:104 - 
    drop table Version if exists

    drop table Version if exists
14:19:16,417 DEBUG SQL:104 - 
    drop table uid_table if exists

    drop table uid_table if exists
14:19:16,417 DEBUG SQL:104 - 
    create table Version (
        id bigint not null,
        description varchar(255),
        primary key (id)
    )

    create table Version (
        id bigint not null,
        description varchar(255),
        primary key (id)
    )
14:19:16,417 DEBUG SQL:104 - 
    create table uid_table (
         next_hi_value_column integer 
    )

    create table uid_table (
         next_hi_value_column integer 
    )
14:19:16,417 DEBUG SQL:104 - 
    insert into uid_table values ( 0 )

    insert into uid_table values ( 0 )
14:19:16,417  INFO DriverManagerConnectionProviderImpl:162 - HHH000030: Cleaning up connection pool [jdbc:h2:mem:db1;DB_CLOSE_DELAY=-1;MVCC=TRUE]
14:19:16,417  INFO SchemaExport:405 - HHH000230: Schema export complete
14:19:16,418  INFO Dialect:103 - HHH000400: Using dialect: org.hibernate.dialect.H2Dialect
14:19:16,418  INFO SchemaExport:343 - HHH000227: Running hbm2ddl schema export
14:19:16,418 DEBUG SchemaExport:353 - Import file not found: /import.sql
14:19:16,419  INFO DriverManagerConnectionProviderImpl:99 - HHH000402: Using Hibernate built-in connection pool (not for production use!)
14:19:16,419  INFO DriverManagerConnectionProviderImpl:135 - HHH000115: Hibernate connection pool size: 5
14:19:16,419  INFO DriverManagerConnectionProviderImpl:138 - HHH000006: Autocommit mode: false
14:19:16,419  INFO DriverManagerConnectionProviderImpl:153 - HHH000401: using driver [org.h2.Driver] at URL [jdbc:h2:mem:db1;DB_CLOSE_DELAY=-1;MVCC=TRUE]
14:19:16,420  INFO DriverManagerConnectionProviderImpl:158 - HHH000046: Connection properties: {user=sa}
14:19:16,420 DEBUG SQL:104 - 
    drop table Version if exists

    drop table Version if exists
14:19:16,420 DEBUG SQL:104 - 
    drop table uid_table if exists

    drop table uid_table if exists
14:19:16,420 DEBUG SQL:104 - 
    create table Version (
        id bigint not null,
        description varchar(255),
        primary key (id)
    )

    create table Version (
        id bigint not null,
        description varchar(255),
        primary key (id)
    )
14:19:16,421 DEBUG SQL:104 - 
    create table uid_table (
         next_hi_value_column integer 
    )

    create table uid_table (
         next_hi_value_column integer 
    )
14:19:16,421 DEBUG SQL:104 - 
    insert into uid_table values ( 0 )

    insert into uid_table values ( 0 )
14:19:16,421  INFO DriverManagerConnectionProviderImpl:162 - HHH000030: Cleaning up connection pool [jdbc:h2:mem:db1;DB_CLOSE_DELAY=-1;MVCC=TRUE]
14:19:16,422  INFO SchemaExport:405 - HHH000230: Schema export complete
14:19:16,422  INFO SchemaExport:343 - HHH000227: Running hbm2ddl schema export
14:19:16,422 DEBUG SchemaExport:353 - Import file not found: /import.sql
14:19:16,423  INFO DriverManagerConnectionProviderImpl:99 - HHH000402: Using Hibernate built-in connection pool (not for production use!)
14:19:16,423  INFO DriverManagerConnectionProviderImpl:135 - HHH000115: Hibernate connection pool size: 5
14:19:16,423  INFO DriverManagerConnectionProviderImpl:138 - HHH000006: Autocommit mode: false
14:19:16,423  INFO DriverManagerConnectionProviderImpl:153 - HHH000401: using driver [org.h2.Driver] at URL [jdbc:h2:mem:db1;DB_CLOSE_DELAY=-1;MVCC=TRUE]
14:19:16,424  INFO DriverManagerConnectionProviderImpl:158 - HHH000046: Connection properties: {user=sa}
14:19:16,424 DEBUG SQL:104 - 
    drop table Version if exists

    drop table Version if exists
14:19:16,424 DEBUG SQL:104 - 
    drop table uid_table if exists

    drop table uid_table if exists
14:19:16,424  INFO DriverManagerConnectionProviderImpl:162 - HHH000030: Cleaning up connection pool [jdbc:h2:mem:db1;DB_CLOSE_DELAY=-1;MVCC=TRUE]
14:19:16,424  INFO SchemaExport:405 - HHH000230: Schema export complete
14:19:16,425  INFO CustomRunner:139 - Test: testCreateAndDropOnlyType
14:19:16,427  INFO Configuration:725 - HHH000221: Reading mappings from resource: org/hibernate/test/schemaupdate/mapping.hbm.xml
14:19:16,431  INFO Dialect:103 - HHH000400: Using dialect: org.hibernate.dialect.H2Dialect
14:19:16,432  INFO SchemaExport:343 - HHH000227: Running hbm2ddl schema export
14:19:16,432 DEBUG SchemaExport:353 - Import file not found: /import.sql
14:19:16,433  INFO DriverManagerConnectionProviderImpl:99 - HHH000402: Using Hibernate built-in connection pool (not for production use!)
14:19:16,433  INFO DriverManagerConnectionProviderImpl:135 - HHH000115: Hibernate connection pool size: 5
14:19:16,433  INFO DriverManagerConnectionProviderImpl:138 - HHH000006: Autocommit mode: false
14:19:16,434  INFO DriverManagerConnectionProviderImpl:153 - HHH000401: using driver [org.h2.Driver] at URL [jdbc:h2:mem:db1;DB_CLOSE_DELAY=-1;MVCC=TRUE]
14:19:16,434  INFO DriverManagerConnectionProviderImpl:158 - HHH000046: Connection properties: {user=sa}
14:19:16,434 DEBUG SQL:104 - 
    drop table Version if exists

    drop table Version if exists
14:19:16,434 DEBUG SQL:104 - 
    drop table uid_table if exists

    drop table uid_table if exists
14:19:16,434  INFO DriverManagerConnectionProviderImpl:162 - HHH000030: Cleaning up connection pool [jdbc:h2:mem:db1;DB_CLOSE_DELAY=-1;MVCC=TRUE]
14:19:16,434  INFO SchemaExport:405 - HHH000230: Schema export complete
14:19:16,435  INFO Configuration:725 - HHH000221: Reading mappings from resource: org/hibernate/test/schemaupdate/mapping.hbm.xml
14:19:16,439  INFO Dialect:103 - HHH000400: Using dialect: org.hibernate.dialect.H2Dialect
14:19:16,440  INFO SchemaExport:343 - HHH000227: Running hbm2ddl schema export
14:19:16,440 DEBUG SchemaExport:353 - Import file not found: /import.sql
14:19:16,441  INFO DriverManagerConnectionProviderImpl:99 - HHH000402: Using Hibernate built-in connection pool (not for production use!)
14:19:16,442  INFO DriverManagerConnectionProviderImpl:135 - HHH000115: Hibernate connection pool size: 5
14:19:16,442  INFO DriverManagerConnectionProviderImpl:138 - HHH000006: Autocommit mode: false
14:19:16,442  INFO DriverManagerConnectionProviderImpl:153 - HHH000401: using driver [org.h2.Driver] at URL [jdbc:h2:mem:db1;DB_CLOSE_DELAY=-1;MVCC=TRUE]
14:19:16,442  INFO DriverManagerConnectionProviderImpl:158 - HHH000046: Connection properties: {user=sa}
14:19:16,442 DEBUG SQL:104 - 
    create table Version (
        id bigint not null,
        description varchar(255),
        primary key (id)
    )
14:19:16,443 DEBUG SQL:104 - 
    create table uid_table (
         next_hi_value_column integer 
    )
14:19:16,443 DEBUG SQL:104 - 
    insert into uid_table values ( 0 )
14:19:16,443  INFO DriverManagerConnectionProviderImpl:162 - HHH000030: Cleaning up connection pool [jdbc:h2:mem:db1;DB_CLOSE_DELAY=-1;MVCC=TRUE]
14:19:16,443  INFO SchemaExport:405 - HHH000230: Schema export complete
14:19:16,443  INFO SchemaExport:343 - HHH000227: Running hbm2ddl schema export
14:19:16,444 DEBUG SchemaExport:353 - Import file not found: /import.sql
14:19:16,445  INFO DriverManagerConnectionProviderImpl:99 - HHH000402: Using Hibernate built-in connection pool (not for production use!)
14:19:16,445  INFO DriverManagerConnectionProviderImpl:135 - HHH000115: Hibernate connection pool size: 5
14:19:16,445  INFO DriverManagerConnectionProviderImpl:138 - HHH000006: Autocommit mode: false
14:19:16,445  INFO DriverManagerConnectionProviderImpl:153 - HHH000401: using driver [org.h2.Driver] at URL [jdbc:h2:mem:db1;DB_CLOSE_DELAY=-1;MVCC=TRUE]
14:19:16,445  INFO DriverManagerConnectionProviderImpl:158 - HHH000046: Connection properties: {user=sa}
14:19:16,445 DEBUG SQL:104 - 
    create table Version (
        id bigint not null,
        description varchar(255),
        primary key (id)
    )
14:19:16,446 ERROR SchemaExport:425 - HHH000389: Unsuccessful: create table Version (id bigint not null, description varchar(255), primary key (id))
14:19:16,446 ERROR SchemaExport:426 - Table "VERSION" already exists; SQL statement:

    create table Version (
        id bigint not null,
        description varchar(255),
        primary key (id)
    ) [42101-145]
14:19:16,446 DEBUG SQL:104 - 
    create table uid_table (
         next_hi_value_column integer 
    )
14:19:16,446 ERROR SchemaExport:425 - HHH000389: Unsuccessful: create table uid_table ( next_hi_value_column integer )
14:19:16,446 ERROR SchemaExport:426 - Table "UID_TABLE" already exists; SQL statement:

    create table uid_table (
         next_hi_value_column integer 
    ) [42101-145]
14:19:16,446 DEBUG SQL:104 - 
    insert into uid_table values ( 0 )
14:19:16,446  INFO DriverManagerConnectionProviderImpl:162 - HHH000030: Cleaning up connection pool [jdbc:h2:mem:db1;DB_CLOSE_DELAY=-1;MVCC=TRUE]
14:19:16,447  INFO SchemaExport:405 - HHH000230: Schema export complete
14:19:16,447  INFO SchemaExport:343 - HHH000227: Running hbm2ddl schema export
14:19:16,447 DEBUG SchemaExport:353 - Import file not found: /import.sql
14:19:16,448  INFO DriverManagerConnectionProviderImpl:99 - HHH000402: Using Hibernate built-in connection pool (not for production use!)
14:19:16,448  INFO DriverManagerConnectionProviderImpl:135 - HHH000115: Hibernate connection pool size: 5
14:19:16,448  INFO DriverManagerConnectionProviderImpl:138 - HHH000006: Autocommit mode: false
14:19:16,448  INFO DriverManagerConnectionProviderImpl:153 - HHH000401: using driver [org.h2.Driver] at URL [jdbc:h2:mem:db1;DB_CLOSE_DELAY=-1;MVCC=TRUE]
14:19:16,448  INFO DriverManagerConnectionProviderImpl:158 - HHH000046: Connection properties: {user=sa}
14:19:16,448 DEBUG SQL:104 - 
    drop table Version if exists
14:19:16,449 DEBUG SQL:104 - 
    drop table uid_table if exists
14:19:16,449  INFO DriverManagerConnectionProviderImpl:162 - HHH000030: Cleaning up connection pool [jdbc:h2:mem:db1;DB_CLOSE_DELAY=-1;MVCC=TRUE]
14:19:16,449  INFO SchemaExport:405 - HHH000230: Schema export complete
14:19:16,449  INFO CustomRunner:139 - Test: testGenerateDdlToFile
14:19:16,452  INFO Configuration:725 - HHH000221: Reading mappings from resource: org/hibernate/test/schemaupdate/mapping.hbm.xml
14:19:16,457  INFO Dialect:103 - HHH000400: Using dialect: org.hibernate.dialect.H2Dialect
14:19:16,457  INFO SchemaExport:343 - HHH000227: Running hbm2ddl schema export
14:19:16,458 DEBUG SchemaExport:353 - Import file not found: /import.sql
14:19:16,459  INFO DriverManagerConnectionProviderImpl:99 - HHH000402: Using Hibernate built-in connection pool (not for production use!)
14:19:16,459  INFO DriverManagerConnectionProviderImpl:135 - HHH000115: Hibernate connection pool size: 5
14:19:16,459  INFO DriverManagerConnectionProviderImpl:138 - HHH000006: Autocommit mode: false
14:19:16,459  INFO DriverManagerConnectionProviderImpl:153 - HHH000401: using driver [org.h2.Driver] at URL [jdbc:h2:mem:db1;DB_CLOSE_DELAY=-1;MVCC=TRUE]
14:19:16,459  INFO DriverManagerConnectionProviderImpl:158 - HHH000046: Connection properties: {user=sa}
14:19:16,459 DEBUG SQL:104 - 
    drop table Version if exists

    drop table Version if exists
14:19:16,460 DEBUG SQL:104 - 
    drop table uid_table if exists

    drop table uid_table if exists
14:19:16,460  INFO DriverManagerConnectionProviderImpl:162 - HHH000030: Cleaning up connection pool [jdbc:h2:mem:db1;DB_CLOSE_DELAY=-1;MVCC=TRUE]
14:19:16,460  INFO SchemaExport:405 - HHH000230: Schema export complete
14:19:16,460  INFO Configuration:725 - HHH000221: Reading mappings from resource: org/hibernate/test/schemaupdate/mapping.hbm.xml
14:19:16,465  INFO Dialect:103 - HHH000400: Using dialect: org.hibernate.dialect.H2Dialect
14:19:16,466  INFO SchemaExport:343 - HHH000227: Running hbm2ddl schema export
14:19:16,466 DEBUG SchemaExport:353 - Import file not found: /import.sql
14:19:16,513 DEBUG SQL:104 - 
    create table Version (
        id bigint not null,
        description varchar(255),
        primary key (id)
    )
14:19:16,514 DEBUG SQL:104 - 
    create table uid_table (
         next_hi_value_column integer 
    )
14:19:16,514 DEBUG SQL:104 - 
    insert into uid_table values ( 0 )
14:19:16,514  INFO SchemaExport:405 - HHH000230: Schema export complete
14:19:16,514  INFO Dialect:103 - HHH000400: Using dialect: org.hibernate.dialect.H2Dialect
]]></system-out>
  <system-err><![CDATA[]]></system-err>
</testsuite>
