<?xml version="1.0" encoding="UTF-8"?>
<testsuite errors="0" failures="0" hostname="dhcp-10.15.208.168.stl.redhat.com" name="org.hibernate.test.collection.custom.parameterized.ParameterizedUserCollectionTypeHbmVariantTest" tests="1" time="0.08" timestamp="2013-02-28T20:11:55">
  <properties />
  <testcase classname="org.hibernate.test.collection.custom.parameterized.ParameterizedUserCollectionTypeHbmVariantTest" name="testBasicOperation" time="0.02" />
  <system-out><![CDATA[14:11:55,996  INFO CustomRunner:132 - BeforeClass: org.hibernate.test.collection.custom.parameterized.ParameterizedUserCollectionTypeHbmVariantTest
14:11:55,998  INFO Configuration:706 - HHH000221: Reading mappings from resource: org/hibernate/test/collection/custom/parameterized/Mapping.hbm.xml
14:11:56,006  INFO DriverManagerConnectionProviderImpl:99 - HHH000402: Using Hibernate built-in connection pool (not for production use!)
14:11:56,006  INFO DriverManagerConnectionProviderImpl:135 - HHH000115: Hibernate connection pool size: 5
14:11:56,006  INFO DriverManagerConnectionProviderImpl:138 - HHH000006: Autocommit mode: false
14:11:56,007  INFO DriverManagerConnectionProviderImpl:153 - HHH000401: using driver [org.h2.Driver] at URL [jdbc:h2:mem:db1;DB_CLOSE_DELAY=-1;MVCC=TRUE]
14:11:56,012  INFO DriverManagerConnectionProviderImpl:158 - HHH000046: Connection properties: {user=sa}
14:11:56,014  INFO Dialect:103 - HHH000400: Using dialect: org.hibernate.dialect.H2Dialect
14:11:56,014  INFO LobCreatorBuilder:94 - HHH000423: Disabling contextual LOB creation as JDBC driver reported JDBC version [3] less than 4
14:11:56,015  INFO TransactionFactoryInitiator:66 - HHH000399: Using default transaction strategy (direct JDBC transactions)
14:11:56,015  INFO ASTQueryTranslatorFactory:48 - HHH000397: Using ASTQueryTranslatorFactory
14:11:56,016  WARN CachingRegionFactory:58 - CachingRegionFactory should be only used for testing.
14:11:56,025  INFO SchemaExport:343 - HHH000227: Running hbm2ddl schema export
14:11:56,026 DEBUG SchemaExport:353 - Import file not found: /import.sql
14:11:56,026 DEBUG SQL:104 - 
    alter table ENT_VAL 
        drop constraint FKCBF4298D8D68EC8A
14:11:56,026 ERROR SchemaExport:425 - HHH000389: Unsuccessful: alter table ENT_VAL drop constraint FKCBF4298D8D68EC8A
14:11:56,026 ERROR SchemaExport:426 - Table "ENT_VAL" not found; SQL statement:

    alter table ENT_VAL 
        drop constraint FKCBF4298D8D68EC8A [42102-145]
14:11:56,026 DEBUG SQL:104 - 
    drop table ENT_VAL if exists
14:11:56,027 DEBUG SQL:104 - 
    drop table Entity if exists
14:11:56,027 DEBUG SQL:104 - 
    create table ENT_VAL (
        ENT_ID varchar(255) not null,
        VAL varchar(255),
        POS integer not null,
        primary key (ENT_ID, POS)
    )
14:11:56,027 DEBUG SQL:104 - 
    create table Entity (
        name varchar(255) not null,
        primary key (name)
    )
14:11:56,027 DEBUG SQL:104 - 
    alter table ENT_VAL 
        add constraint FKCBF4298D8D68EC8A 
        foreign key (ENT_ID) 
        references Entity
14:11:56,028  INFO SchemaExport:405 - HHH000230: Schema export complete
14:11:56,029  WARN SessionFactoryImpl:1554 - HHH000008: JTASessionContext being used with JDBCTransactionFactory; auto-flush will not operate correctly with getCurrentSession()
14:11:56,029  INFO CustomRunner:139 - Test: testBasicOperation
14:11:56,031 DEBUG SQL:104 - 
    insert 
    into
        Entity
        (name) 
    values
        (?)
14:11:56,031 DEBUG SQL:104 - 
    insert 
    into
        ENT_VAL
        (ENT_ID, POS, VAL) 
    values
        (?, ?, ?)
14:11:56,032 DEBUG SQL:104 - 
    select
        entity0_.name as name1_0_,
        values1_.ENT_ID as ENT1_1_2_,
        values1_.VAL as VAL0_2_,
        values1_.POS as POS2_ 
    from
        Entity entity0_ 
    left outer join
        ENT_VAL values1_ 
            on entity0_.name=values1_.ENT_ID 
    where
        entity0_.name=?
14:11:56,048 DEBUG SQL:104 - 
    delete 
    from
        ENT_VAL 
    where
        ENT_ID=?
14:11:56,049 DEBUG SQL:104 - 
    delete 
    from
        Entity 
    where
        name=?
14:11:56,050  INFO SchemaExport:343 - HHH000227: Running hbm2ddl schema export
14:11:56,050 DEBUG SchemaExport:353 - Import file not found: /import.sql
14:11:56,050 DEBUG SQL:104 - 
    alter table ENT_VAL 
        drop constraint FKCBF4298D8D68EC8A
14:11:56,051 DEBUG SQL:104 - 
    drop table ENT_VAL if exists
14:11:56,051 DEBUG SQL:104 - 
    drop table Entity if exists
14:11:56,051  INFO SchemaExport:405 - HHH000230: Schema export complete
14:11:56,074  INFO DriverManagerConnectionProviderImpl:162 - HHH000030: Cleaning up connection pool [jdbc:h2:mem:db1;DB_CLOSE_DELAY=-1;MVCC=TRUE]
]]></system-out>
  <system-err><![CDATA[]]></system-err>
</testsuite>
