<?xml version="1.0" encoding="UTF-8"?>
<testsuite errors="0" failures="0" hostname="dhcp-10.15.208.168.stl.redhat.com" name="org.hibernate.test.idgen.enhanced.forcedtable.BasicForcedTableSequenceTest" tests="1" time="0.086" timestamp="2013-02-28T20:14:01">
  <properties />
  <testcase classname="org.hibernate.test.idgen.enhanced.forcedtable.BasicForcedTableSequenceTest" name="testNormalBoundary" time="0.06" />
  <system-out><![CDATA[14:14:01,360  INFO CustomRunner:132 - BeforeClass: org.hibernate.test.idgen.enhanced.forcedtable.BasicForcedTableSequenceTest
14:14:01,362  INFO Configuration:706 - HHH000221: Reading mappings from resource: org/hibernate/test/idgen/enhanced/forcedtable/Basic.hbm.xml
14:14:01,368  INFO DriverManagerConnectionProviderImpl:99 - HHH000402: Using Hibernate built-in connection pool (not for production use!)
14:14:01,370  INFO DriverManagerConnectionProviderImpl:135 - HHH000115: Hibernate connection pool size: 5
14:14:01,370  INFO DriverManagerConnectionProviderImpl:138 - HHH000006: Autocommit mode: false
14:14:01,370  INFO DriverManagerConnectionProviderImpl:153 - HHH000401: using driver [org.h2.Driver] at URL [jdbc:h2:mem:db1;DB_CLOSE_DELAY=-1;MVCC=TRUE]
14:14:01,370  INFO DriverManagerConnectionProviderImpl:158 - HHH000046: Connection properties: {user=sa}
14:14:01,371  INFO Dialect:103 - HHH000400: Using dialect: org.hibernate.dialect.H2Dialect
14:14:01,372  INFO LobCreatorBuilder:94 - HHH000423: Disabling contextual LOB creation as JDBC driver reported JDBC version [3] less than 4
14:14:01,372  INFO TransactionFactoryInitiator:66 - HHH000399: Using default transaction strategy (direct JDBC transactions)
14:14:01,373  INFO ASTQueryTranslatorFactory:48 - HHH000397: Using ASTQueryTranslatorFactory
14:14:01,373  WARN CachingRegionFactory:58 - CachingRegionFactory should be only used for testing.
14:14:01,379  INFO SchemaExport:343 - HHH000227: Running hbm2ddl schema export
14:14:01,380 DEBUG SchemaExport:353 - Import file not found: /import.sql
14:14:01,380 DEBUG SQL:104 - 
    drop table ID_SEQ_TBL_BSC_ENTITY if exists
14:14:01,380 DEBUG SQL:104 - 
    drop table hibernate_sequence if exists
14:14:01,380 DEBUG SQL:104 - 
    create table ID_SEQ_TBL_BSC_ENTITY (
        ID bigint not null,
        name varchar(255),
        primary key (ID)
    )
14:14:01,381 DEBUG SQL:104 - 
    create table hibernate_sequence (
         hi_val bigint 
    )
14:14:01,381 DEBUG SQL:104 - 
    insert into hibernate_sequence values ( 1 )
14:14:01,381  INFO SchemaExport:405 - HHH000230: Schema export complete
14:14:01,382  WARN SessionFactoryImpl:1554 - HHH000008: JTASessionContext being used with JDBCTransactionFactory; auto-flush will not operate correctly with getCurrentSession()
14:14:01,382  INFO CustomRunner:139 - Test: testNormalBoundary
14:14:01,436 DEBUG SQL:104 - 
    select
        hi_val as id_val 
    from
        hibernate_sequence for update
            
14:14:01,437 DEBUG SQL:104 - 
    update
        hibernate_sequence 
    set
        hi_val= ? 
    where
        hi_val=?
14:14:01,437 DEBUG SQL:104 - 
    select
        hi_val as id_val 
    from
        hibernate_sequence for update
            
14:14:01,437 DEBUG SQL:104 - 
    update
        hibernate_sequence 
    set
        hi_val= ? 
    where
        hi_val=?
14:14:01,437 DEBUG SQL:104 - 
    select
        hi_val as id_val 
    from
        hibernate_sequence for update
            
14:14:01,437 DEBUG SQL:104 - 
    update
        hibernate_sequence 
    set
        hi_val= ? 
    where
        hi_val=?
14:14:01,438 DEBUG SQL:104 - 
    select
        hi_val as id_val 
    from
        hibernate_sequence for update
            
14:14:01,438 DEBUG SQL:104 - 
    update
        hibernate_sequence 
    set
        hi_val= ? 
    where
        hi_val=?
14:14:01,438 DEBUG SQL:104 - 
    select
        hi_val as id_val 
    from
        hibernate_sequence for update
            
14:14:01,438 DEBUG SQL:104 - 
    update
        hibernate_sequence 
    set
        hi_val= ? 
    where
        hi_val=?
14:14:01,439 DEBUG SQL:104 - 
    insert 
    into
        ID_SEQ_TBL_BSC_ENTITY
        (name, ID) 
    values
        (?, ?)
14:14:01,439 DEBUG SQL:104 - 
    insert 
    into
        ID_SEQ_TBL_BSC_ENTITY
        (name, ID) 
    values
        (?, ?)
14:14:01,439 DEBUG SQL:104 - 
    insert 
    into
        ID_SEQ_TBL_BSC_ENTITY
        (name, ID) 
    values
        (?, ?)
14:14:01,439 DEBUG SQL:104 - 
    insert 
    into
        ID_SEQ_TBL_BSC_ENTITY
        (name, ID) 
    values
        (?, ?)
14:14:01,440 DEBUG SQL:104 - 
    insert 
    into
        ID_SEQ_TBL_BSC_ENTITY
        (name, ID) 
    values
        (?, ?)
14:14:01,440 DEBUG SQL:104 - 
    delete 
    from
        ID_SEQ_TBL_BSC_ENTITY 
    where
        ID=?
14:14:01,440 DEBUG SQL:104 - 
    delete 
    from
        ID_SEQ_TBL_BSC_ENTITY 
    where
        ID=?
14:14:01,440 DEBUG SQL:104 - 
    delete 
    from
        ID_SEQ_TBL_BSC_ENTITY 
    where
        ID=?
14:14:01,440 DEBUG SQL:104 - 
    delete 
    from
        ID_SEQ_TBL_BSC_ENTITY 
    where
        ID=?
14:14:01,441 DEBUG SQL:104 - 
    delete 
    from
        ID_SEQ_TBL_BSC_ENTITY 
    where
        ID=?
14:14:01,442  INFO SchemaExport:343 - HHH000227: Running hbm2ddl schema export
14:14:01,443 DEBUG SchemaExport:353 - Import file not found: /import.sql
14:14:01,443 DEBUG SQL:104 - 
    drop table ID_SEQ_TBL_BSC_ENTITY if exists
14:14:01,443 DEBUG SQL:104 - 
    drop table hibernate_sequence if exists
14:14:01,443  INFO SchemaExport:405 - HHH000230: Schema export complete
14:14:01,444  INFO DriverManagerConnectionProviderImpl:162 - HHH000030: Cleaning up connection pool [jdbc:h2:mem:db1;DB_CLOSE_DELAY=-1;MVCC=TRUE]
]]></system-out>
  <system-err><![CDATA[]]></system-err>
</testsuite>
