<?xml version="1.0" encoding="UTF-8"?>
<testsuite errors="0" failures="0" hostname="dhcp-10.15.208.168.stl.redhat.com" name="org.hibernate.test.ops.SimpleOpsTest" tests="1" time="1.099" timestamp="2013-02-28T20:17:42">
  <properties />
  <testcase classname="org.hibernate.test.ops.SimpleOpsTest" name="testBasicOperations" time="0.005" />
  <system-out><![CDATA[14:17:42,576  INFO CustomRunner:132 - BeforeClass: org.hibernate.test.ops.SimpleOpsTest
14:17:43,606  INFO DriverManagerConnectionProviderImpl:99 - HHH000402: Using Hibernate built-in connection pool (not for production use!)
14:17:43,607  INFO DriverManagerConnectionProviderImpl:135 - HHH000115: Hibernate connection pool size: 5
14:17:43,607  INFO DriverManagerConnectionProviderImpl:138 - HHH000006: Autocommit mode: false
14:17:43,608  INFO DriverManagerConnectionProviderImpl:153 - HHH000401: using driver [org.h2.Driver] at URL [jdbc:h2:mem:db1;DB_CLOSE_DELAY=-1;MVCC=TRUE]
14:17:43,610  INFO DriverManagerConnectionProviderImpl:158 - HHH000046: Connection properties: {user=sa}
14:17:43,611  INFO Dialect:103 - HHH000400: Using dialect: org.hibernate.dialect.H2Dialect
14:17:43,612  INFO LobCreatorBuilder:94 - HHH000423: Disabling contextual LOB creation as JDBC driver reported JDBC version [3] less than 4
14:17:43,637  INFO TransactionFactoryInitiator:66 - HHH000399: Using default transaction strategy (direct JDBC transactions)
14:17:43,637  INFO ASTQueryTranslatorFactory:48 - HHH000397: Using ASTQueryTranslatorFactory
14:17:43,639  WARN CachingRegionFactory:58 - CachingRegionFactory should be only used for testing.
14:17:43,641  INFO SchemaExport:343 - HHH000227: Running hbm2ddl schema export
14:17:43,643 DEBUG SchemaExport:353 - Import file not found: /import.sql
14:17:43,643 DEBUG SQL:104 - 
    drop table "SimpleEntity" if exists
14:17:43,643 DEBUG SQL:104 - 
    create table "SimpleEntity" (
        "id" bigint not null,
        "name" varchar(255),
        primary key ("id")
    )
14:17:43,645  INFO SchemaExport:405 - HHH000230: Schema export complete
14:17:43,646  WARN SessionFactoryImpl:1554 - HHH000008: JTASessionContext being used with JDBCTransactionFactory; auto-flush will not operate correctly with getCurrentSession()
14:17:43,646  INFO CustomRunner:139 - Test: testBasicOperations
14:17:43,648 DEBUG SQL:104 - 
    insert 
    into
        "SimpleEntity"
        ("name", "id") 
    values
        (?, ?)
14:17:43,649 DEBUG SQL:104 - 
    select
        simpleenti0_."id" as id0_112_0_,
        simpleenti0_."name" as name1_112_0_ 
    from
        "SimpleEntity" simpleenti0_ 
    where
        simpleenti0_."id"=?
14:17:43,649 DEBUG SQL:104 - 
    update
        "SimpleEntity" 
    set
        "name"=? 
    where
        "id"=?
14:17:43,650 DEBUG SQL:104 - 
    select
        simpleenti0_."id" as id0_112_0_,
        simpleenti0_."name" as name1_112_0_ 
    from
        "SimpleEntity" simpleenti0_ 
    where
        simpleenti0_."id"=?
14:17:43,650 DEBUG SQL:104 - 
    select
        simpleenti0_."id" as id0_112_0_,
        simpleenti0_."name" as name1_112_0_ 
    from
        "SimpleEntity" simpleenti0_ 
    where
        simpleenti0_."id"=?
14:17:43,651 DEBUG SQL:104 - 
    update
        "SimpleEntity" 
    set
        "name"=? 
    where
        "id"=?
14:17:43,651 DEBUG SQL:104 - 
    select
        simpleenti0_."id" as id0_112_0_,
        simpleenti0_."name" as name1_112_0_ 
    from
        "SimpleEntity" simpleenti0_ 
    where
        simpleenti0_."id"=?
14:17:43,651 DEBUG SQL:104 - 
    delete 
    from
        "SimpleEntity" 
    where
        "id"=?
14:17:43,654  INFO SchemaExport:343 - HHH000227: Running hbm2ddl schema export
14:17:43,655 DEBUG SchemaExport:353 - Import file not found: /import.sql
14:17:43,655 DEBUG SQL:104 - 
    drop table "SimpleEntity" if exists
14:17:43,657  INFO SchemaExport:405 - HHH000230: Schema export complete
14:17:43,657  INFO DriverManagerConnectionProviderImpl:162 - HHH000030: Cleaning up connection pool [jdbc:h2:mem:db1;DB_CLOSE_DELAY=-1;MVCC=TRUE]
]]></system-out>
  <system-err><![CDATA[]]></system-err>
</testsuite>
