<?xml version="1.0" encoding="UTF-8"?>
<testsuite errors="0" failures="0" hostname="dhcp-10.15.208.168.stl.redhat.com" name="org.hibernate.test.annotations.beanvalidation.BeanValidationAutoTest" tests="1" time="0.097" timestamp="2013-02-28T20:10:09">
  <properties />
  <testcase classname="org.hibernate.test.annotations.beanvalidation.BeanValidationAutoTest" name="testListeners" time="0.016" />
  <system-out><![CDATA[14:10:09,717  INFO CustomRunner:132 - BeforeClass: org.hibernate.test.annotations.beanvalidation.BeanValidationAutoTest
14:10:09,724  INFO DriverManagerConnectionProviderImpl:99 - HHH000402: Using Hibernate built-in connection pool (not for production use!)
14:10:09,724  INFO DriverManagerConnectionProviderImpl:135 - HHH000115: Hibernate connection pool size: 5
14:10:09,724  INFO DriverManagerConnectionProviderImpl:138 - HHH000006: Autocommit mode: false
14:10:09,724  INFO DriverManagerConnectionProviderImpl:153 - HHH000401: using driver [org.h2.Driver] at URL [jdbc:h2:mem:db1;DB_CLOSE_DELAY=-1;MVCC=TRUE]
14:10:09,724  INFO DriverManagerConnectionProviderImpl:158 - HHH000046: Connection properties: {user=sa}
14:10:09,736  INFO Dialect:103 - HHH000400: Using dialect: org.hibernate.dialect.H2Dialect
14:10:09,737  INFO LobCreatorBuilder:94 - HHH000423: Disabling contextual LOB creation as JDBC driver reported JDBC version [3] less than 4
14:10:09,738  INFO TransactionFactoryInitiator:66 - HHH000399: Using default transaction strategy (direct JDBC transactions)
14:10:09,738  INFO ASTQueryTranslatorFactory:48 - HHH000397: Using ASTQueryTranslatorFactory
14:10:09,738  WARN CachingRegionFactory:58 - CachingRegionFactory should be only used for testing.
14:10:09,790  INFO SchemaExport:343 - HHH000227: Running hbm2ddl schema export
14:10:09,790 DEBUG SchemaExport:353 - Import file not found: /import.sql
14:10:09,791 DEBUG SQL:104 - 
    drop table CupHolder if exists
14:10:09,791 DEBUG SQL:104 - 
    drop sequence hibernate_sequence
14:10:09,791 ERROR SchemaExport:425 - HHH000389: Unsuccessful: drop sequence hibernate_sequence
14:10:09,791 ERROR SchemaExport:426 - Sequence "HIBERNATE_SEQUENCE" not found; SQL statement:

    drop sequence hibernate_sequence [90036-145]
14:10:09,791 DEBUG SQL:104 - 
    create table CupHolder (
        id integer not null,
        radius decimal(19,2) check (radius<=10),
        primary key (id)
    )
14:10:09,793 DEBUG SQL:104 - 
    create sequence hibernate_sequence start with 1 increment by 1
14:10:09,793  INFO SchemaExport:405 - HHH000230: Schema export complete
14:10:09,794  WARN SessionFactoryImpl:1554 - HHH000008: JTASessionContext being used with JDBCTransactionFactory; auto-flush will not operate correctly with getCurrentSession()
14:10:09,794  INFO CustomRunner:139 - Test: testListeners
14:10:09,795 DEBUG SQL:104 - 
    call next value for hibernate_sequence
14:10:09,810  INFO SchemaExport:343 - HHH000227: Running hbm2ddl schema export
14:10:09,811 DEBUG SchemaExport:353 - Import file not found: /import.sql
14:10:09,811 DEBUG SQL:104 - 
    drop table CupHolder if exists
14:10:09,812 DEBUG SQL:104 - 
    drop sequence hibernate_sequence
14:10:09,812  INFO SchemaExport:405 - HHH000230: Schema export complete
14:10:09,812  INFO DriverManagerConnectionProviderImpl:162 - HHH000030: Cleaning up connection pool [jdbc:h2:mem:db1;DB_CLOSE_DELAY=-1;MVCC=TRUE]
]]></system-out>
  <system-err><![CDATA[]]></system-err>
</testsuite>
