<?xml version="1.0" encoding="UTF-8"?>
<testsuite errors="0" failures="0" hostname="dhcp-10.15.208.168.stl.redhat.com" name="org.hibernate.test.onetomany.RecursiveVersionedBidirectionalOneToManyCacheTest" tests="3" time="0.627" timestamp="2013-02-28T20:17:37">
  <properties />
  <testcase classname="org.hibernate.test.onetomany.RecursiveVersionedBidirectionalOneToManyCacheTest" name="testOneToManyMoveElement" time="0.118" />
  <testcase classname="org.hibernate.test.onetomany.RecursiveVersionedBidirectionalOneToManyCacheTest" name="testOneToManyMoveElementWithDirtySimpleProperty" time="0.274" />
  <testcase classname="org.hibernate.test.onetomany.RecursiveVersionedBidirectionalOneToManyCacheTest" name="testOneToManyReplaceList" time="0.188" />
  <system-out><![CDATA[14:17:37,229  INFO CustomRunner:132 - BeforeClass: org.hibernate.test.onetomany.RecursiveVersionedBidirectionalOneToManyCacheTest
14:17:37,230  INFO Configuration:706 - HHH000221: Reading mappings from resource: org/hibernate/test/onetomany/VersionedNode.hbm.xml
14:17:37,235  INFO DriverManagerConnectionProviderImpl:99 - HHH000402: Using Hibernate built-in connection pool (not for production use!)
14:17:37,236  INFO DriverManagerConnectionProviderImpl:135 - HHH000115: Hibernate connection pool size: 5
14:17:37,236  INFO DriverManagerConnectionProviderImpl:138 - HHH000006: Autocommit mode: false
14:17:37,236  INFO DriverManagerConnectionProviderImpl:153 - HHH000401: using driver [org.h2.Driver] at URL [jdbc:h2:mem:db1;DB_CLOSE_DELAY=-1;MVCC=TRUE]
14:17:37,236  INFO DriverManagerConnectionProviderImpl:158 - HHH000046: Connection properties: {user=sa}
14:17:37,237  INFO Dialect:103 - HHH000400: Using dialect: org.hibernate.dialect.H2Dialect
14:17:37,238  INFO LobCreatorBuilder:94 - HHH000423: Disabling contextual LOB creation as JDBC driver reported JDBC version [3] less than 4
14:17:37,260  INFO TransactionFactoryInitiator:66 - HHH000399: Using default transaction strategy (direct JDBC transactions)
14:17:37,261  INFO ASTQueryTranslatorFactory:48 - HHH000397: Using ASTQueryTranslatorFactory
14:17:37,261  WARN CachingRegionFactory:58 - CachingRegionFactory should be only used for testing.
14:17:37,267  INFO SchemaExport:343 - HHH000227: Running hbm2ddl schema export
14:17:37,268 DEBUG SchemaExport:353 - Import file not found: /import.sql
14:17:37,268 DEBUG SQL:104 - 
    alter table Node 
        drop constraint FK2522227DDBE23E
14:17:37,269 ERROR SchemaExport:425 - HHH000389: Unsuccessful: alter table Node drop constraint FK2522227DDBE23E
14:17:37,269 ERROR SchemaExport:426 - Table "NODE" not found; SQL statement:

    alter table Node 
        drop constraint FK2522227DDBE23E [42102-145]
14:17:37,269 DEBUG SQL:104 - 
    drop table Node if exists
14:17:37,269 DEBUG SQL:104 - 
    create table Node (
        id integer not null,
        vers bigint not null,
        description varchar(255),
        node_id integer,
        idx integer,
        primary key (id)
    )
14:17:37,269 DEBUG SQL:104 - 
    alter table Node 
        add constraint FK2522227DDBE23E 
        foreign key (node_id) 
        references Node
14:17:37,270  INFO SchemaExport:405 - HHH000230: Schema export complete
14:17:37,270  WARN SessionFactoryImpl:1554 - HHH000008: JTASessionContext being used with JDBCTransactionFactory; auto-flush will not operate correctly with getCurrentSession()
14:17:37,270  INFO CustomRunner:139 - Test: testOneToManyMoveElement
14:17:37,271 DEBUG AbstractReadWriteAccessStrategy:34 - getting key[org.hibernate.test.onetomany.Node#2] from region[hibernate.test.Node.entities]
14:17:37,272 DEBUG BaseGeneralDataRegion:46 - Cache[hibernate.test.Node.entities] lookup : key[org.hibernate.test.onetomany.Node#2]
14:17:37,272 DEBUG AbstractReadWriteAccessStrategy:46 - miss key[org.hibernate.test.onetomany.Node#2] in region[hibernate.test.Node.entities]
14:17:37,272 DEBUG SQL:104 - 
    select
        node_.id,
        node_.vers as vers0_,
        node_.description as descript3_0_ 
    from
        Node node_ 
    where
        node_.id=?
14:17:37,272 DEBUG AbstractReadWriteAccessStrategy:34 - getting key[org.hibernate.test.onetomany.Node#3] from region[hibernate.test.Node.entities]
14:17:37,272 DEBUG BaseGeneralDataRegion:46 - Cache[hibernate.test.Node.entities] lookup : key[org.hibernate.test.onetomany.Node#3]
14:17:37,273 DEBUG AbstractReadWriteAccessStrategy:46 - miss key[org.hibernate.test.onetomany.Node#3] in region[hibernate.test.Node.entities]
14:17:37,273 DEBUG SQL:104 - 
    select
        node_.id,
        node_.vers as vers0_,
        node_.description as descript3_0_ 
    from
        Node node_ 
    where
        node_.id=?
14:17:37,273 DEBUG SQL:104 - 
    insert 
    into
        Node
        (vers, description, id) 
    values
        (?, ?, ?)
14:17:37,274 DEBUG SQL:104 - 
    insert 
    into
        Node
        (vers, description, id) 
    values
        (?, ?, ?)
14:17:37,274 DEBUG SQL:104 - 
    insert 
    into
        Node
        (vers, description, id) 
    values
        (?, ?, ?)
14:17:37,274 DEBUG SQL:104 - 
    update
        Node 
    set
        node_id=?,
        idx=? 
    where
        id=?
14:17:37,274 DEBUG SQL:104 - 
    update
        Node 
    set
        node_id=?,
        idx=? 
    where
        id=?
14:17:37,275 DEBUG BaseGeneralDataRegion:46 - Cache[hibernate.test.Node.entities] lookup : key[org.hibernate.test.onetomany.Node#1]
14:17:37,275 DEBUG BaseGeneralDataRegion:59 - Caching[hibernate.test.Node.entities] : [org.hibernate.test.onetomany.Node#1] -> [org.hibernate.testing.cache.AbstractReadWriteAccessStrategy$Item@55475605]
14:17:37,275 DEBUG BaseGeneralDataRegion:46 - Cache[hibernate.test.Node.entities] lookup : key[org.hibernate.test.onetomany.Node#2]
14:17:37,275 DEBUG BaseGeneralDataRegion:59 - Caching[hibernate.test.Node.entities] : [org.hibernate.test.onetomany.Node#2] -> [org.hibernate.testing.cache.AbstractReadWriteAccessStrategy$Item@3e608e00]
14:17:37,275 DEBUG BaseGeneralDataRegion:46 - Cache[hibernate.test.Node.entities] lookup : key[org.hibernate.test.onetomany.Node#3]
14:17:37,275 DEBUG BaseGeneralDataRegion:59 - Caching[hibernate.test.Node.entities] : [org.hibernate.test.onetomany.Node#3] -> [org.hibernate.testing.cache.AbstractReadWriteAccessStrategy$Item@350ac1fe]
14:17:37,275 DEBUG AbstractReadWriteAccessStrategy:34 - getting key[org.hibernate.test.onetomany.Node#3] from region[hibernate.test.Node.entities]
14:17:37,275 DEBUG BaseGeneralDataRegion:46 - Cache[hibernate.test.Node.entities] lookup : key[org.hibernate.test.onetomany.Node#3]
14:17:37,275 DEBUG BaseGeneralDataRegion:52 - Cache[hibernate.test.Node.entities] hit: org.hibernate.test.onetomany.Node#3
14:17:37,276 DEBUG AbstractReadWriteAccessStrategy:41 - hit key[org.hibernate.test.onetomany.Node#3] in region[hibernate.test.Node.entities]
14:17:37,276 DEBUG AbstractReadWriteAccessStrategy:34 - getting key[org.hibernate.test.onetomany.Node#2] from region[hibernate.test.Node.entities]
14:17:37,276 DEBUG BaseGeneralDataRegion:46 - Cache[hibernate.test.Node.entities] lookup : key[org.hibernate.test.onetomany.Node#2]
14:17:37,276 DEBUG BaseGeneralDataRegion:52 - Cache[hibernate.test.Node.entities] hit: org.hibernate.test.onetomany.Node#2
14:17:37,276 DEBUG AbstractReadWriteAccessStrategy:41 - hit key[org.hibernate.test.onetomany.Node#2] in region[hibernate.test.Node.entities]
14:17:37,276 DEBUG SQL:104 - 
    select
        subnodes0_.node_id as node4_0_1_,
        subnodes0_.id as id0_1_,
        subnodes0_.idx as idx1_,
        subnodes0_.id as id0_0_,
        subnodes0_.vers as vers0_0_,
        subnodes0_.description as descript3_0_0_,
        subnodes0_.node_id as node4_0_0_ 
    from
        Node subnodes0_ 
    where
        subnodes0_.node_id=?
14:17:37,279 DEBUG AbstractReadWriteAccessStrategy:34 - getting key[org.hibernate.test.onetomany.Node#1] from region[hibernate.test.Node.entities]
14:17:37,279 DEBUG BaseGeneralDataRegion:46 - Cache[hibernate.test.Node.entities] lookup : key[org.hibernate.test.onetomany.Node#1]
14:17:37,279 DEBUG BaseGeneralDataRegion:52 - Cache[hibernate.test.Node.entities] hit: org.hibernate.test.onetomany.Node#1
14:17:37,280 DEBUG AbstractReadWriteAccessStrategy:41 - hit key[org.hibernate.test.onetomany.Node#1] in region[hibernate.test.Node.entities]
14:17:37,280 DEBUG SQL:104 - 
    select
        subnodes0_.node_id as node4_0_1_,
        subnodes0_.id as id0_1_,
        subnodes0_.idx as idx1_,
        subnodes0_.id as id0_0_,
        subnodes0_.vers as vers0_0_,
        subnodes0_.description as descript3_0_0_,
        subnodes0_.node_id as node4_0_0_ 
    from
        Node subnodes0_ 
    where
        subnodes0_.node_id=?
14:17:37,280 DEBUG AbstractReadWriteAccessStrategy:93 - locking key[org.hibernate.test.onetomany.Node#3] in region[hibernate.test.Node.entities]
14:17:37,280 DEBUG BaseGeneralDataRegion:46 - Cache[hibernate.test.Node.entities] lookup : key[org.hibernate.test.onetomany.Node#3]
14:17:37,281 DEBUG BaseGeneralDataRegion:52 - Cache[hibernate.test.Node.entities] hit: org.hibernate.test.onetomany.Node#3
14:17:37,281 DEBUG BaseGeneralDataRegion:59 - Caching[hibernate.test.Node.entities] : [org.hibernate.test.onetomany.Node#3] -> [Lock Source-UUID:7798f2f7-72ad-4c4c-ad15-7368ee23cc02 Lock-ID:0]
14:17:37,281 DEBUG SQL:104 - 
    update
        Node 
    set
        vers=?,
        description=? 
    where
        id=? 
        and vers=?
14:17:37,289 DEBUG AbstractReadWriteAccessStrategy:93 - locking key[org.hibernate.test.onetomany.Node#2] in region[hibernate.test.Node.entities]
14:17:37,289 DEBUG BaseGeneralDataRegion:46 - Cache[hibernate.test.Node.entities] lookup : key[org.hibernate.test.onetomany.Node#2]
14:17:37,289 DEBUG BaseGeneralDataRegion:52 - Cache[hibernate.test.Node.entities] hit: org.hibernate.test.onetomany.Node#2
14:17:37,289 DEBUG BaseGeneralDataRegion:59 - Caching[hibernate.test.Node.entities] : [org.hibernate.test.onetomany.Node#2] -> [Lock Source-UUID:7798f2f7-72ad-4c4c-ad15-7368ee23cc02 Lock-ID:1]
14:17:37,290 DEBUG SQL:104 - 
    update
        Node 
    set
        vers=?,
        description=? 
    where
        id=? 
        and vers=?
14:17:37,290 DEBUG AbstractReadWriteAccessStrategy:93 - locking key[org.hibernate.test.onetomany.Node#1] in region[hibernate.test.Node.entities]
14:17:37,290 DEBUG BaseGeneralDataRegion:46 - Cache[hibernate.test.Node.entities] lookup : key[org.hibernate.test.onetomany.Node#1]
14:17:37,290 DEBUG BaseGeneralDataRegion:52 - Cache[hibernate.test.Node.entities] hit: org.hibernate.test.onetomany.Node#1
14:17:37,290 DEBUG BaseGeneralDataRegion:59 - Caching[hibernate.test.Node.entities] : [org.hibernate.test.onetomany.Node#1] -> [Lock Source-UUID:7798f2f7-72ad-4c4c-ad15-7368ee23cc02 Lock-ID:2]
14:17:37,290 DEBUG SQL:104 - 
    update
        Node 
    set
        vers=?,
        description=? 
    where
        id=? 
        and vers=?
14:17:37,299 DEBUG SQL:104 - 
    update
        Node 
    set
        node_id=null,
        idx=null 
    where
        node_id=?
14:17:37,299 DEBUG SQL:104 - 
    update
        Node 
    set
        node_id=?,
        idx=? 
    where
        id=?
14:17:37,300 DEBUG BaseGeneralDataRegion:46 - Cache[hibernate.test.Node.entities] lookup : key[org.hibernate.test.onetomany.Node#3]
14:17:37,300 DEBUG BaseGeneralDataRegion:52 - Cache[hibernate.test.Node.entities] hit: org.hibernate.test.onetomany.Node#3
14:17:37,300 DEBUG BaseGeneralDataRegion:59 - Caching[hibernate.test.Node.entities] : [org.hibernate.test.onetomany.Node#3] -> [org.hibernate.testing.cache.AbstractReadWriteAccessStrategy$Item@4789bbc8]
14:17:37,300 DEBUG BaseGeneralDataRegion:46 - Cache[hibernate.test.Node.entities] lookup : key[org.hibernate.test.onetomany.Node#2]
14:17:37,300 DEBUG BaseGeneralDataRegion:52 - Cache[hibernate.test.Node.entities] hit: org.hibernate.test.onetomany.Node#2
14:17:37,300 DEBUG BaseGeneralDataRegion:59 - Caching[hibernate.test.Node.entities] : [org.hibernate.test.onetomany.Node#2] -> [org.hibernate.testing.cache.AbstractReadWriteAccessStrategy$Item@23876c29]
14:17:37,300 DEBUG BaseGeneralDataRegion:46 - Cache[hibernate.test.Node.entities] lookup : key[org.hibernate.test.onetomany.Node#1]
14:17:37,300 DEBUG BaseGeneralDataRegion:52 - Cache[hibernate.test.Node.entities] hit: org.hibernate.test.onetomany.Node#1
14:17:37,301 DEBUG BaseGeneralDataRegion:59 - Caching[hibernate.test.Node.entities] : [org.hibernate.test.onetomany.Node#1] -> [org.hibernate.testing.cache.AbstractReadWriteAccessStrategy$Item@fce09f8]
14:17:37,311 DEBUG AbstractReadWriteAccessStrategy:34 - getting key[org.hibernate.test.onetomany.Node#3] from region[hibernate.test.Node.entities]
14:17:37,311 DEBUG BaseGeneralDataRegion:46 - Cache[hibernate.test.Node.entities] lookup : key[org.hibernate.test.onetomany.Node#3]
14:17:37,311 DEBUG BaseGeneralDataRegion:52 - Cache[hibernate.test.Node.entities] hit: org.hibernate.test.onetomany.Node#3
14:17:37,311 DEBUG AbstractReadWriteAccessStrategy:41 - hit key[org.hibernate.test.onetomany.Node#3] in region[hibernate.test.Node.entities]
14:17:37,312 DEBUG SQL:104 - 
    select
        subnodes0_.node_id as node4_0_1_,
        subnodes0_.id as id0_1_,
        subnodes0_.idx as idx1_,
        subnodes0_.id as id0_0_,
        subnodes0_.vers as vers0_0_,
        subnodes0_.description as descript3_0_0_,
        subnodes0_.node_id as node4_0_0_ 
    from
        Node subnodes0_ 
    where
        subnodes0_.node_id=?
14:17:37,318 DEBUG AbstractReadWriteAccessStrategy:34 - getting key[org.hibernate.test.onetomany.Node#1] from region[hibernate.test.Node.entities]
14:17:37,318 DEBUG BaseGeneralDataRegion:46 - Cache[hibernate.test.Node.entities] lookup : key[org.hibernate.test.onetomany.Node#1]
14:17:37,318 DEBUG BaseGeneralDataRegion:52 - Cache[hibernate.test.Node.entities] hit: org.hibernate.test.onetomany.Node#1
14:17:37,319 DEBUG AbstractReadWriteAccessStrategy:41 - hit key[org.hibernate.test.onetomany.Node#1] in region[hibernate.test.Node.entities]
14:17:37,319 DEBUG SQL:104 - 
    select
        subnodes0_.node_id as node4_0_1_,
        subnodes0_.id as id0_1_,
        subnodes0_.idx as idx1_,
        subnodes0_.id as id0_0_,
        subnodes0_.vers as vers0_0_,
        subnodes0_.description as descript3_0_0_,
        subnodes0_.node_id as node4_0_0_ 
    from
        Node subnodes0_ 
    where
        subnodes0_.node_id=?
14:17:37,324 DEBUG AbstractReadWriteAccessStrategy:68 - putting key[org.hibernate.test.onetomany.Node#2] -> value[CacheEntry(org.hibernate.test.onetomany.Node)[1,node2,1,2]] into region[hibernate.test.Node.entities]
14:17:37,325 DEBUG BaseGeneralDataRegion:46 - Cache[hibernate.test.Node.entities] lookup : key[org.hibernate.test.onetomany.Node#2]
14:17:37,325 DEBUG BaseGeneralDataRegion:52 - Cache[hibernate.test.Node.entities] hit: org.hibernate.test.onetomany.Node#2
14:17:37,325 DEBUG AbstractReadWriteAccessStrategy:78 - putting key[org.hibernate.test.onetomany.Node#2] -> value[CacheEntry(org.hibernate.test.onetomany.Node)[1,node2,1,2]] into region[hibernate.test.Node.entities] fail due to it is unwriteable
14:17:37,325 DEBUG SQL:104 - 
    select
        subnodes0_.node_id as node4_0_1_,
        subnodes0_.id as id0_1_,
        subnodes0_.idx as idx1_,
        subnodes0_.id as id0_0_,
        subnodes0_.vers as vers0_0_,
        subnodes0_.description as descript3_0_0_,
        subnodes0_.node_id as node4_0_0_ 
    from
        Node subnodes0_ 
    where
        subnodes0_.node_id=?
14:17:37,326 DEBUG AbstractReadWriteAccessStrategy:34 - getting key[org.hibernate.test.onetomany.Node#1] from region[hibernate.test.Node.entities]
14:17:37,326 DEBUG BaseGeneralDataRegion:46 - Cache[hibernate.test.Node.entities] lookup : key[org.hibernate.test.onetomany.Node#1]
14:17:37,326 DEBUG BaseGeneralDataRegion:52 - Cache[hibernate.test.Node.entities] hit: org.hibernate.test.onetomany.Node#1
14:17:37,326 DEBUG AbstractReadWriteAccessStrategy:41 - hit key[org.hibernate.test.onetomany.Node#1] in region[hibernate.test.Node.entities]
14:17:37,326 DEBUG AbstractReadWriteAccessStrategy:34 - getting key[org.hibernate.test.onetomany.Node#2] from region[hibernate.test.Node.entities]
14:17:37,326 DEBUG BaseGeneralDataRegion:46 - Cache[hibernate.test.Node.entities] lookup : key[org.hibernate.test.onetomany.Node#2]
14:17:37,326 DEBUG BaseGeneralDataRegion:52 - Cache[hibernate.test.Node.entities] hit: org.hibernate.test.onetomany.Node#2
14:17:37,327 DEBUG AbstractReadWriteAccessStrategy:41 - hit key[org.hibernate.test.onetomany.Node#2] in region[hibernate.test.Node.entities]
14:17:37,327 DEBUG AbstractReadWriteAccessStrategy:34 - getting key[org.hibernate.test.onetomany.Node#3] from region[hibernate.test.Node.entities]
14:17:37,327 DEBUG BaseGeneralDataRegion:46 - Cache[hibernate.test.Node.entities] lookup : key[org.hibernate.test.onetomany.Node#3]
14:17:37,327 DEBUG BaseGeneralDataRegion:52 - Cache[hibernate.test.Node.entities] hit: org.hibernate.test.onetomany.Node#3
14:17:37,327 DEBUG AbstractReadWriteAccessStrategy:41 - hit key[org.hibernate.test.onetomany.Node#3] in region[hibernate.test.Node.entities]
14:17:37,328 DEBUG AbstractReadWriteAccessStrategy:34 - getting key[org.hibernate.test.onetomany.Node#1] from region[hibernate.test.Node.entities]
14:17:37,328 DEBUG BaseGeneralDataRegion:46 - Cache[hibernate.test.Node.entities] lookup : key[org.hibernate.test.onetomany.Node#1]
14:17:37,328 DEBUG BaseGeneralDataRegion:52 - Cache[hibernate.test.Node.entities] hit: org.hibernate.test.onetomany.Node#1
14:17:37,328 DEBUG AbstractReadWriteAccessStrategy:41 - hit key[org.hibernate.test.onetomany.Node#1] in region[hibernate.test.Node.entities]
14:17:37,328 DEBUG SQL:104 - 
    select
        subnodes0_.node_id as node4_0_1_,
        subnodes0_.id as id0_1_,
        subnodes0_.idx as idx1_,
        subnodes0_.id as id0_0_,
        subnodes0_.vers as vers0_0_,
        subnodes0_.description as descript3_0_0_,
        subnodes0_.node_id as node4_0_0_ 
    from
        Node subnodes0_ 
    where
        subnodes0_.node_id=?
14:17:37,329 DEBUG SQL:104 - 
    select
        subnodes0_.node_id as node4_0_1_,
        subnodes0_.id as id0_1_,
        subnodes0_.idx as idx1_,
        subnodes0_.id as id0_0_,
        subnodes0_.vers as vers0_0_,
        subnodes0_.description as descript3_0_0_,
        subnodes0_.node_id as node4_0_0_ 
    from
        Node subnodes0_ 
    where
        subnodes0_.node_id=?
14:17:37,330 DEBUG SQL:104 - 
    select
        subnodes0_.node_id as node4_0_1_,
        subnodes0_.id as id0_1_,
        subnodes0_.idx as idx1_,
        subnodes0_.id as id0_0_,
        subnodes0_.vers as vers0_0_,
        subnodes0_.description as descript3_0_0_,
        subnodes0_.node_id as node4_0_0_ 
    from
        Node subnodes0_ 
    where
        subnodes0_.node_id=?
14:17:37,336 DEBUG SQL:104 - 
    update
        Node 
    set
        node_id=null,
        idx=null 
    where
        node_id=?
14:17:37,337 DEBUG AbstractReadWriteAccessStrategy:93 - locking key[org.hibernate.test.onetomany.Node#2] in region[hibernate.test.Node.entities]
14:17:37,337 DEBUG BaseGeneralDataRegion:46 - Cache[hibernate.test.Node.entities] lookup : key[org.hibernate.test.onetomany.Node#2]
14:17:37,337 DEBUG BaseGeneralDataRegion:52 - Cache[hibernate.test.Node.entities] hit: org.hibernate.test.onetomany.Node#2
14:17:37,337 DEBUG BaseGeneralDataRegion:59 - Caching[hibernate.test.Node.entities] : [org.hibernate.test.onetomany.Node#2] -> [Lock Source-UUID:7798f2f7-72ad-4c4c-ad15-7368ee23cc02 Lock-ID:3]
14:17:37,337 DEBUG SQL:104 - 
    delete 
    from
        Node 
    where
        id=? 
        and vers=?
14:17:37,337 DEBUG AbstractReadWriteAccessStrategy:93 - locking key[org.hibernate.test.onetomany.Node#3] in region[hibernate.test.Node.entities]
14:17:37,337 DEBUG BaseGeneralDataRegion:46 - Cache[hibernate.test.Node.entities] lookup : key[org.hibernate.test.onetomany.Node#3]
14:17:37,338 DEBUG BaseGeneralDataRegion:52 - Cache[hibernate.test.Node.entities] hit: org.hibernate.test.onetomany.Node#3
14:17:37,338 DEBUG BaseGeneralDataRegion:59 - Caching[hibernate.test.Node.entities] : [org.hibernate.test.onetomany.Node#3] -> [Lock Source-UUID:7798f2f7-72ad-4c4c-ad15-7368ee23cc02 Lock-ID:4]
14:17:37,338 DEBUG SQL:104 - 
    delete 
    from
        Node 
    where
        id=? 
        and vers=?
14:17:37,386 DEBUG AbstractReadWriteAccessStrategy:93 - locking key[org.hibernate.test.onetomany.Node#1] in region[hibernate.test.Node.entities]
14:17:37,386 DEBUG BaseGeneralDataRegion:46 - Cache[hibernate.test.Node.entities] lookup : key[org.hibernate.test.onetomany.Node#1]
14:17:37,386 DEBUG BaseGeneralDataRegion:52 - Cache[hibernate.test.Node.entities] hit: org.hibernate.test.onetomany.Node#1
14:17:37,387 DEBUG BaseGeneralDataRegion:59 - Caching[hibernate.test.Node.entities] : [org.hibernate.test.onetomany.Node#1] -> [Lock Source-UUID:7798f2f7-72ad-4c4c-ad15-7368ee23cc02 Lock-ID:5]
14:17:37,387 DEBUG SQL:104 - 
    delete 
    from
        Node 
    where
        id=? 
        and vers=?
14:17:37,387 DEBUG AbstractReadWriteAccessStrategy:116 - unlocking key[org.hibernate.test.onetomany.Node#2] in region[hibernate.test.Node.entities]
14:17:37,387 DEBUG BaseGeneralDataRegion:46 - Cache[hibernate.test.Node.entities] lookup : key[org.hibernate.test.onetomany.Node#2]
14:17:37,387 DEBUG BaseGeneralDataRegion:52 - Cache[hibernate.test.Node.entities] hit: org.hibernate.test.onetomany.Node#2
14:17:37,387 DEBUG BaseGeneralDataRegion:59 - Caching[hibernate.test.Node.entities] : [org.hibernate.test.onetomany.Node#2] -> [Lock Source-UUID:7798f2f7-72ad-4c4c-ad15-7368ee23cc02 Lock-ID:3]
14:17:37,388 DEBUG AbstractReadWriteAccessStrategy:116 - unlocking key[org.hibernate.test.onetomany.Node#3] in region[hibernate.test.Node.entities]
14:17:37,388 DEBUG BaseGeneralDataRegion:46 - Cache[hibernate.test.Node.entities] lookup : key[org.hibernate.test.onetomany.Node#3]
14:17:37,388 DEBUG BaseGeneralDataRegion:52 - Cache[hibernate.test.Node.entities] hit: org.hibernate.test.onetomany.Node#3
14:17:37,388 DEBUG BaseGeneralDataRegion:59 - Caching[hibernate.test.Node.entities] : [org.hibernate.test.onetomany.Node#3] -> [Lock Source-UUID:7798f2f7-72ad-4c4c-ad15-7368ee23cc02 Lock-ID:4]
14:17:37,388 DEBUG AbstractReadWriteAccessStrategy:116 - unlocking key[org.hibernate.test.onetomany.Node#1] in region[hibernate.test.Node.entities]
14:17:37,388 DEBUG BaseGeneralDataRegion:46 - Cache[hibernate.test.Node.entities] lookup : key[org.hibernate.test.onetomany.Node#1]
14:17:37,388 DEBUG BaseGeneralDataRegion:52 - Cache[hibernate.test.Node.entities] hit: org.hibernate.test.onetomany.Node#1
14:17:37,388 DEBUG BaseGeneralDataRegion:59 - Caching[hibernate.test.Node.entities] : [org.hibernate.test.onetomany.Node#1] -> [Lock Source-UUID:7798f2f7-72ad-4c4c-ad15-7368ee23cc02 Lock-ID:5]
14:17:37,389  INFO CustomRunner:139 - Test: testOneToManyMoveElementWithDirtySimpleProperty
14:17:37,390 DEBUG AbstractReadWriteAccessStrategy:34 - getting key[org.hibernate.test.onetomany.Node#2] from region[hibernate.test.Node.entities]
14:17:37,390 DEBUG BaseGeneralDataRegion:46 - Cache[hibernate.test.Node.entities] lookup : key[org.hibernate.test.onetomany.Node#2]
14:17:37,399 DEBUG BaseGeneralDataRegion:52 - Cache[hibernate.test.Node.entities] hit: org.hibernate.test.onetomany.Node#2
14:17:37,399 DEBUG AbstractReadWriteAccessStrategy:48 - hit key[org.hibernate.test.onetomany.Node#2] in region[hibernate.test.Node.entities], but it is unreadable
14:17:37,399 DEBUG SQL:104 - 
    select
        node_.id,
        node_.vers as vers0_,
        node_.description as descript3_0_ 
    from
        Node node_ 
    where
        node_.id=?
14:17:37,399 DEBUG AbstractReadWriteAccessStrategy:34 - getting key[org.hibernate.test.onetomany.Node#3] from region[hibernate.test.Node.entities]
14:17:37,400 DEBUG BaseGeneralDataRegion:46 - Cache[hibernate.test.Node.entities] lookup : key[org.hibernate.test.onetomany.Node#3]
14:17:37,400 DEBUG BaseGeneralDataRegion:52 - Cache[hibernate.test.Node.entities] hit: org.hibernate.test.onetomany.Node#3
14:17:37,400 DEBUG AbstractReadWriteAccessStrategy:48 - hit key[org.hibernate.test.onetomany.Node#3] in region[hibernate.test.Node.entities], but it is unreadable
14:17:37,400 DEBUG SQL:104 - 
    select
        node_.id,
        node_.vers as vers0_,
        node_.description as descript3_0_ 
    from
        Node node_ 
    where
        node_.id=?
14:17:37,401 DEBUG SQL:104 - 
    insert 
    into
        Node
        (vers, description, id) 
    values
        (?, ?, ?)
14:17:37,401 DEBUG SQL:104 - 
    insert 
    into
        Node
        (vers, description, id) 
    values
        (?, ?, ?)
14:17:37,401 DEBUG SQL:104 - 
    insert 
    into
        Node
        (vers, description, id) 
    values
        (?, ?, ?)
14:17:37,426 DEBUG SQL:104 - 
    update
        Node 
    set
        node_id=?,
        idx=? 
    where
        id=?
14:17:37,426 DEBUG SQL:104 - 
    update
        Node 
    set
        node_id=?,
        idx=? 
    where
        id=?
14:17:37,427 DEBUG BaseGeneralDataRegion:46 - Cache[hibernate.test.Node.entities] lookup : key[org.hibernate.test.onetomany.Node#1]
14:17:37,427 DEBUG BaseGeneralDataRegion:52 - Cache[hibernate.test.Node.entities] hit: org.hibernate.test.onetomany.Node#1
14:17:37,427 DEBUG BaseGeneralDataRegion:46 - Cache[hibernate.test.Node.entities] lookup : key[org.hibernate.test.onetomany.Node#2]
14:17:37,427 DEBUG BaseGeneralDataRegion:52 - Cache[hibernate.test.Node.entities] hit: org.hibernate.test.onetomany.Node#2
14:17:37,427 DEBUG BaseGeneralDataRegion:46 - Cache[hibernate.test.Node.entities] lookup : key[org.hibernate.test.onetomany.Node#3]
14:17:37,427 DEBUG BaseGeneralDataRegion:52 - Cache[hibernate.test.Node.entities] hit: org.hibernate.test.onetomany.Node#3
14:17:37,427 DEBUG AbstractReadWriteAccessStrategy:34 - getting key[org.hibernate.test.onetomany.Node#3] from region[hibernate.test.Node.entities]
14:17:37,428 DEBUG BaseGeneralDataRegion:46 - Cache[hibernate.test.Node.entities] lookup : key[org.hibernate.test.onetomany.Node#3]
14:17:37,428 DEBUG BaseGeneralDataRegion:52 - Cache[hibernate.test.Node.entities] hit: org.hibernate.test.onetomany.Node#3
14:17:37,428 DEBUG AbstractReadWriteAccessStrategy:48 - hit key[org.hibernate.test.onetomany.Node#3] in region[hibernate.test.Node.entities], but it is unreadable
14:17:37,428 DEBUG SQL:104 - 
    select
        node0_.id as id0_0_,
        node0_.vers as vers0_0_,
        node0_.description as descript3_0_0_,
        node0_.node_id as node4_0_0_ 
    from
        Node node0_ 
    where
        node0_.id=?
14:17:37,433 DEBUG AbstractReadWriteAccessStrategy:68 - putting key[org.hibernate.test.onetomany.Node#3] -> value[CacheEntry(org.hibernate.test.onetomany.Node)[0,node3,2,3]] into region[hibernate.test.Node.entities]
14:17:37,433 DEBUG BaseGeneralDataRegion:46 - Cache[hibernate.test.Node.entities] lookup : key[org.hibernate.test.onetomany.Node#3]
14:17:37,434 DEBUG BaseGeneralDataRegion:52 - Cache[hibernate.test.Node.entities] hit: org.hibernate.test.onetomany.Node#3
14:17:37,434 DEBUG AbstractReadWriteAccessStrategy:78 - putting key[org.hibernate.test.onetomany.Node#3] -> value[CacheEntry(org.hibernate.test.onetomany.Node)[0,node3,2,3]] into region[hibernate.test.Node.entities] fail due to it is unwriteable
14:17:37,434 DEBUG AbstractReadWriteAccessStrategy:34 - getting key[org.hibernate.test.onetomany.Node#2] from region[hibernate.test.Node.entities]
14:17:37,434 DEBUG BaseGeneralDataRegion:46 - Cache[hibernate.test.Node.entities] lookup : key[org.hibernate.test.onetomany.Node#2]
14:17:37,434 DEBUG BaseGeneralDataRegion:52 - Cache[hibernate.test.Node.entities] hit: org.hibernate.test.onetomany.Node#2
14:17:37,434 DEBUG AbstractReadWriteAccessStrategy:48 - hit key[org.hibernate.test.onetomany.Node#2] in region[hibernate.test.Node.entities], but it is unreadable
14:17:37,434 DEBUG SQL:104 - 
    select
        node0_.id as id0_0_,
        node0_.vers as vers0_0_,
        node0_.description as descript3_0_0_,
        node0_.node_id as node4_0_0_ 
    from
        Node node0_ 
    where
        node0_.id=?
14:17:37,435 DEBUG AbstractReadWriteAccessStrategy:68 - putting key[org.hibernate.test.onetomany.Node#2] -> value[CacheEntry(org.hibernate.test.onetomany.Node)[0,node2,1,2]] into region[hibernate.test.Node.entities]
14:17:37,435 DEBUG BaseGeneralDataRegion:46 - Cache[hibernate.test.Node.entities] lookup : key[org.hibernate.test.onetomany.Node#2]
14:17:37,435 DEBUG BaseGeneralDataRegion:52 - Cache[hibernate.test.Node.entities] hit: org.hibernate.test.onetomany.Node#2
14:17:37,435 DEBUG AbstractReadWriteAccessStrategy:78 - putting key[org.hibernate.test.onetomany.Node#2] -> value[CacheEntry(org.hibernate.test.onetomany.Node)[0,node2,1,2]] into region[hibernate.test.Node.entities] fail due to it is unwriteable
14:17:37,435 DEBUG SQL:104 - 
    select
        subnodes0_.node_id as node4_0_1_,
        subnodes0_.id as id0_1_,
        subnodes0_.idx as idx1_,
        subnodes0_.id as id0_0_,
        subnodes0_.vers as vers0_0_,
        subnodes0_.description as descript3_0_0_,
        subnodes0_.node_id as node4_0_0_ 
    from
        Node subnodes0_ 
    where
        subnodes0_.node_id=?
14:17:37,444 DEBUG AbstractReadWriteAccessStrategy:34 - getting key[org.hibernate.test.onetomany.Node#1] from region[hibernate.test.Node.entities]
14:17:37,445 DEBUG BaseGeneralDataRegion:46 - Cache[hibernate.test.Node.entities] lookup : key[org.hibernate.test.onetomany.Node#1]
14:17:37,445 DEBUG BaseGeneralDataRegion:52 - Cache[hibernate.test.Node.entities] hit: org.hibernate.test.onetomany.Node#1
14:17:37,445 DEBUG AbstractReadWriteAccessStrategy:48 - hit key[org.hibernate.test.onetomany.Node#1] in region[hibernate.test.Node.entities], but it is unreadable
14:17:37,445 DEBUG SQL:104 - 
    select
        node0_.id as id0_0_,
        node0_.vers as vers0_0_,
        node0_.description as descript3_0_0_,
        node0_.node_id as node4_0_0_ 
    from
        Node node0_ 
    where
        node0_.id=?
14:17:37,445 DEBUG AbstractReadWriteAccessStrategy:68 - putting key[org.hibernate.test.onetomany.Node#1] -> value[CacheEntry(org.hibernate.test.onetomany.Node)[0,node1,null,1]] into region[hibernate.test.Node.entities]
14:17:37,445 DEBUG BaseGeneralDataRegion:46 - Cache[hibernate.test.Node.entities] lookup : key[org.hibernate.test.onetomany.Node#1]
14:17:37,445 DEBUG BaseGeneralDataRegion:52 - Cache[hibernate.test.Node.entities] hit: org.hibernate.test.onetomany.Node#1
14:17:37,446 DEBUG AbstractReadWriteAccessStrategy:78 - putting key[org.hibernate.test.onetomany.Node#1] -> value[CacheEntry(org.hibernate.test.onetomany.Node)[0,node1,null,1]] into region[hibernate.test.Node.entities] fail due to it is unwriteable
14:17:37,455 DEBUG SQL:104 - 
    select
        subnodes0_.node_id as node4_0_1_,
        subnodes0_.id as id0_1_,
        subnodes0_.idx as idx1_,
        subnodes0_.id as id0_0_,
        subnodes0_.vers as vers0_0_,
        subnodes0_.description as descript3_0_0_,
        subnodes0_.node_id as node4_0_0_ 
    from
        Node subnodes0_ 
    where
        subnodes0_.node_id=?
14:17:37,456 DEBUG AbstractReadWriteAccessStrategy:93 - locking key[org.hibernate.test.onetomany.Node#3] in region[hibernate.test.Node.entities]
14:17:37,456 DEBUG BaseGeneralDataRegion:46 - Cache[hibernate.test.Node.entities] lookup : key[org.hibernate.test.onetomany.Node#3]
14:17:37,456 DEBUG BaseGeneralDataRegion:52 - Cache[hibernate.test.Node.entities] hit: org.hibernate.test.onetomany.Node#3
14:17:37,456 DEBUG BaseGeneralDataRegion:59 - Caching[hibernate.test.Node.entities] : [org.hibernate.test.onetomany.Node#3] -> [Lock Source-UUID:7798f2f7-72ad-4c4c-ad15-7368ee23cc02 Lock-ID:4]
14:17:37,456 DEBUG SQL:104 - 
    update
        Node 
    set
        vers=?,
        description=? 
    where
        id=? 
        and vers=?
14:17:37,456 DEBUG AbstractReadWriteAccessStrategy:93 - locking key[org.hibernate.test.onetomany.Node#2] in region[hibernate.test.Node.entities]
14:17:37,457 DEBUG BaseGeneralDataRegion:46 - Cache[hibernate.test.Node.entities] lookup : key[org.hibernate.test.onetomany.Node#2]
14:17:37,457 DEBUG BaseGeneralDataRegion:52 - Cache[hibernate.test.Node.entities] hit: org.hibernate.test.onetomany.Node#2
14:17:37,465 DEBUG BaseGeneralDataRegion:59 - Caching[hibernate.test.Node.entities] : [org.hibernate.test.onetomany.Node#2] -> [Lock Source-UUID:7798f2f7-72ad-4c4c-ad15-7368ee23cc02 Lock-ID:3]
14:17:37,466 DEBUG SQL:104 - 
    update
        Node 
    set
        vers=?,
        description=? 
    where
        id=? 
        and vers=?
14:17:37,466 DEBUG AbstractReadWriteAccessStrategy:93 - locking key[org.hibernate.test.onetomany.Node#1] in region[hibernate.test.Node.entities]
14:17:37,466 DEBUG BaseGeneralDataRegion:46 - Cache[hibernate.test.Node.entities] lookup : key[org.hibernate.test.onetomany.Node#1]
14:17:37,466 DEBUG BaseGeneralDataRegion:52 - Cache[hibernate.test.Node.entities] hit: org.hibernate.test.onetomany.Node#1
14:17:37,466 DEBUG BaseGeneralDataRegion:59 - Caching[hibernate.test.Node.entities] : [org.hibernate.test.onetomany.Node#1] -> [Lock Source-UUID:7798f2f7-72ad-4c4c-ad15-7368ee23cc02 Lock-ID:5]
14:17:37,466 DEBUG SQL:104 - 
    update
        Node 
    set
        vers=?,
        description=? 
    where
        id=? 
        and vers=?
14:17:37,467 DEBUG SQL:104 - 
    update
        Node 
    set
        node_id=null,
        idx=null 
    where
        node_id=?
14:17:37,467 DEBUG SQL:104 - 
    update
        Node 
    set
        node_id=?,
        idx=? 
    where
        id=?
14:17:37,467 DEBUG BaseGeneralDataRegion:46 - Cache[hibernate.test.Node.entities] lookup : key[org.hibernate.test.onetomany.Node#3]
14:17:37,467 DEBUG BaseGeneralDataRegion:52 - Cache[hibernate.test.Node.entities] hit: org.hibernate.test.onetomany.Node#3
14:17:37,467 DEBUG BaseGeneralDataRegion:59 - Caching[hibernate.test.Node.entities] : [org.hibernate.test.onetomany.Node#3] -> [Lock Source-UUID:7798f2f7-72ad-4c4c-ad15-7368ee23cc02 Lock-ID:4]
14:17:37,467 DEBUG BaseGeneralDataRegion:46 - Cache[hibernate.test.Node.entities] lookup : key[org.hibernate.test.onetomany.Node#2]
14:17:37,467 DEBUG BaseGeneralDataRegion:52 - Cache[hibernate.test.Node.entities] hit: org.hibernate.test.onetomany.Node#2
14:17:37,468 DEBUG BaseGeneralDataRegion:59 - Caching[hibernate.test.Node.entities] : [org.hibernate.test.onetomany.Node#2] -> [Lock Source-UUID:7798f2f7-72ad-4c4c-ad15-7368ee23cc02 Lock-ID:3]
14:17:37,468 DEBUG BaseGeneralDataRegion:46 - Cache[hibernate.test.Node.entities] lookup : key[org.hibernate.test.onetomany.Node#1]
14:17:37,468 DEBUG BaseGeneralDataRegion:52 - Cache[hibernate.test.Node.entities] hit: org.hibernate.test.onetomany.Node#1
14:17:37,468 DEBUG BaseGeneralDataRegion:59 - Caching[hibernate.test.Node.entities] : [org.hibernate.test.onetomany.Node#1] -> [Lock Source-UUID:7798f2f7-72ad-4c4c-ad15-7368ee23cc02 Lock-ID:5]
14:17:37,468 DEBUG AbstractReadWriteAccessStrategy:34 - getting key[org.hibernate.test.onetomany.Node#3] from region[hibernate.test.Node.entities]
14:17:37,468 DEBUG BaseGeneralDataRegion:46 - Cache[hibernate.test.Node.entities] lookup : key[org.hibernate.test.onetomany.Node#3]
14:17:37,468 DEBUG BaseGeneralDataRegion:52 - Cache[hibernate.test.Node.entities] hit: org.hibernate.test.onetomany.Node#3
14:17:37,468 DEBUG AbstractReadWriteAccessStrategy:48 - hit key[org.hibernate.test.onetomany.Node#3] in region[hibernate.test.Node.entities], but it is unreadable
14:17:37,469 DEBUG SQL:104 - 
    select
        node0_.id as id0_0_,
        node0_.vers as vers0_0_,
        node0_.description as descript3_0_0_,
        node0_.node_id as node4_0_0_ 
    from
        Node node0_ 
    where
        node0_.id=?
14:17:37,479 DEBUG AbstractReadWriteAccessStrategy:68 - putting key[org.hibernate.test.onetomany.Node#3] -> value[CacheEntry(org.hibernate.test.onetomany.Node)[1,node3-updated,1,3]] into region[hibernate.test.Node.entities]
14:17:37,479 DEBUG BaseGeneralDataRegion:46 - Cache[hibernate.test.Node.entities] lookup : key[org.hibernate.test.onetomany.Node#3]
14:17:37,479 DEBUG BaseGeneralDataRegion:52 - Cache[hibernate.test.Node.entities] hit: org.hibernate.test.onetomany.Node#3
14:17:37,480 DEBUG AbstractReadWriteAccessStrategy:78 - putting key[org.hibernate.test.onetomany.Node#3] -> value[CacheEntry(org.hibernate.test.onetomany.Node)[1,node3-updated,1,3]] into region[hibernate.test.Node.entities] fail due to it is unwriteable
14:17:37,480 DEBUG SQL:104 - 
    select
        subnodes0_.node_id as node4_0_1_,
        subnodes0_.id as id0_1_,
        subnodes0_.idx as idx1_,
        subnodes0_.id as id0_0_,
        subnodes0_.vers as vers0_0_,
        subnodes0_.description as descript3_0_0_,
        subnodes0_.node_id as node4_0_0_ 
    from
        Node subnodes0_ 
    where
        subnodes0_.node_id=?
14:17:37,480 DEBUG AbstractReadWriteAccessStrategy:34 - getting key[org.hibernate.test.onetomany.Node#1] from region[hibernate.test.Node.entities]
14:17:37,480 DEBUG BaseGeneralDataRegion:46 - Cache[hibernate.test.Node.entities] lookup : key[org.hibernate.test.onetomany.Node#1]
14:17:37,480 DEBUG BaseGeneralDataRegion:52 - Cache[hibernate.test.Node.entities] hit: org.hibernate.test.onetomany.Node#1
14:17:37,480 DEBUG AbstractReadWriteAccessStrategy:48 - hit key[org.hibernate.test.onetomany.Node#1] in region[hibernate.test.Node.entities], but it is unreadable
14:17:37,481 DEBUG SQL:104 - 
    select
        node0_.id as id0_0_,
        node0_.vers as vers0_0_,
        node0_.description as descript3_0_0_,
        node0_.node_id as node4_0_0_ 
    from
        Node node0_ 
    where
        node0_.id=?
14:17:37,489 DEBUG AbstractReadWriteAccessStrategy:68 - putting key[org.hibernate.test.onetomany.Node#1] -> value[CacheEntry(org.hibernate.test.onetomany.Node)[1,node1,null,1]] into region[hibernate.test.Node.entities]
14:17:37,489 DEBUG BaseGeneralDataRegion:46 - Cache[hibernate.test.Node.entities] lookup : key[org.hibernate.test.onetomany.Node#1]
14:17:37,489 DEBUG BaseGeneralDataRegion:52 - Cache[hibernate.test.Node.entities] hit: org.hibernate.test.onetomany.Node#1
14:17:37,490 DEBUG AbstractReadWriteAccessStrategy:78 - putting key[org.hibernate.test.onetomany.Node#1] -> value[CacheEntry(org.hibernate.test.onetomany.Node)[1,node1,null,1]] into region[hibernate.test.Node.entities] fail due to it is unwriteable
14:17:37,490 DEBUG SQL:104 - 
    select
        subnodes0_.node_id as node4_0_1_,
        subnodes0_.id as id0_1_,
        subnodes0_.idx as idx1_,
        subnodes0_.id as id0_0_,
        subnodes0_.vers as vers0_0_,
        subnodes0_.description as descript3_0_0_,
        subnodes0_.node_id as node4_0_0_ 
    from
        Node subnodes0_ 
    where
        subnodes0_.node_id=?
14:17:37,490 DEBUG AbstractReadWriteAccessStrategy:68 - putting key[org.hibernate.test.onetomany.Node#2] -> value[CacheEntry(org.hibernate.test.onetomany.Node)[1,node2,1,2]] into region[hibernate.test.Node.entities]
14:17:37,490 DEBUG BaseGeneralDataRegion:46 - Cache[hibernate.test.Node.entities] lookup : key[org.hibernate.test.onetomany.Node#2]
14:17:37,490 DEBUG BaseGeneralDataRegion:52 - Cache[hibernate.test.Node.entities] hit: org.hibernate.test.onetomany.Node#2
14:17:37,491 DEBUG AbstractReadWriteAccessStrategy:78 - putting key[org.hibernate.test.onetomany.Node#2] -> value[CacheEntry(org.hibernate.test.onetomany.Node)[1,node2,1,2]] into region[hibernate.test.Node.entities] fail due to it is unwriteable
14:17:37,491 DEBUG SQL:104 - 
    select
        subnodes0_.node_id as node4_0_1_,
        subnodes0_.id as id0_1_,
        subnodes0_.idx as idx1_,
        subnodes0_.id as id0_0_,
        subnodes0_.vers as vers0_0_,
        subnodes0_.description as descript3_0_0_,
        subnodes0_.node_id as node4_0_0_ 
    from
        Node subnodes0_ 
    where
        subnodes0_.node_id=?
14:17:37,492 DEBUG AbstractReadWriteAccessStrategy:34 - getting key[org.hibernate.test.onetomany.Node#1] from region[hibernate.test.Node.entities]
14:17:37,492 DEBUG BaseGeneralDataRegion:46 - Cache[hibernate.test.Node.entities] lookup : key[org.hibernate.test.onetomany.Node#1]
14:17:37,492 DEBUG BaseGeneralDataRegion:52 - Cache[hibernate.test.Node.entities] hit: org.hibernate.test.onetomany.Node#1
14:17:37,492 DEBUG AbstractReadWriteAccessStrategy:48 - hit key[org.hibernate.test.onetomany.Node#1] in region[hibernate.test.Node.entities], but it is unreadable
14:17:37,492 DEBUG SQL:104 - 
    select
        node0_.id as id0_0_,
        node0_.vers as vers0_0_,
        node0_.description as descript3_0_0_,
        node0_.node_id as node4_0_0_ 
    from
        Node node0_ 
    where
        node0_.id=?
14:17:37,639 DEBUG AbstractReadWriteAccessStrategy:68 - putting key[org.hibernate.test.onetomany.Node#1] -> value[CacheEntry(org.hibernate.test.onetomany.Node)[1,node1,null,1]] into region[hibernate.test.Node.entities]
14:17:37,640 DEBUG BaseGeneralDataRegion:46 - Cache[hibernate.test.Node.entities] lookup : key[org.hibernate.test.onetomany.Node#1]
14:17:37,640 DEBUG BaseGeneralDataRegion:52 - Cache[hibernate.test.Node.entities] hit: org.hibernate.test.onetomany.Node#1
14:17:37,640 DEBUG AbstractReadWriteAccessStrategy:78 - putting key[org.hibernate.test.onetomany.Node#1] -> value[CacheEntry(org.hibernate.test.onetomany.Node)[1,node1,null,1]] into region[hibernate.test.Node.entities] fail due to it is unwriteable
14:17:37,640 DEBUG AbstractReadWriteAccessStrategy:34 - getting key[org.hibernate.test.onetomany.Node#2] from region[hibernate.test.Node.entities]
14:17:37,640 DEBUG BaseGeneralDataRegion:46 - Cache[hibernate.test.Node.entities] lookup : key[org.hibernate.test.onetomany.Node#2]
14:17:37,640 DEBUG BaseGeneralDataRegion:52 - Cache[hibernate.test.Node.entities] hit: org.hibernate.test.onetomany.Node#2
14:17:37,640 DEBUG AbstractReadWriteAccessStrategy:48 - hit key[org.hibernate.test.onetomany.Node#2] in region[hibernate.test.Node.entities], but it is unreadable
14:17:37,641 DEBUG SQL:104 - 
    select
        node0_.id as id0_0_,
        node0_.vers as vers0_0_,
        node0_.description as descript3_0_0_,
        node0_.node_id as node4_0_0_ 
    from
        Node node0_ 
    where
        node0_.id=?
14:17:37,641 DEBUG AbstractReadWriteAccessStrategy:68 - putting key[org.hibernate.test.onetomany.Node#2] -> value[CacheEntry(org.hibernate.test.onetomany.Node)[1,node2,1,2]] into region[hibernate.test.Node.entities]
14:17:37,641 DEBUG BaseGeneralDataRegion:46 - Cache[hibernate.test.Node.entities] lookup : key[org.hibernate.test.onetomany.Node#2]
14:17:37,641 DEBUG BaseGeneralDataRegion:52 - Cache[hibernate.test.Node.entities] hit: org.hibernate.test.onetomany.Node#2
14:17:37,641 DEBUG AbstractReadWriteAccessStrategy:78 - putting key[org.hibernate.test.onetomany.Node#2] -> value[CacheEntry(org.hibernate.test.onetomany.Node)[1,node2,1,2]] into region[hibernate.test.Node.entities] fail due to it is unwriteable
14:17:37,641 DEBUG AbstractReadWriteAccessStrategy:34 - getting key[org.hibernate.test.onetomany.Node#3] from region[hibernate.test.Node.entities]
14:17:37,641 DEBUG BaseGeneralDataRegion:46 - Cache[hibernate.test.Node.entities] lookup : key[org.hibernate.test.onetomany.Node#3]
14:17:37,642 DEBUG BaseGeneralDataRegion:52 - Cache[hibernate.test.Node.entities] hit: org.hibernate.test.onetomany.Node#3
14:17:37,642 DEBUG AbstractReadWriteAccessStrategy:48 - hit key[org.hibernate.test.onetomany.Node#3] in region[hibernate.test.Node.entities], but it is unreadable
14:17:37,642 DEBUG SQL:104 - 
    select
        node0_.id as id0_0_,
        node0_.vers as vers0_0_,
        node0_.description as descript3_0_0_,
        node0_.node_id as node4_0_0_ 
    from
        Node node0_ 
    where
        node0_.id=?
14:17:37,642 DEBUG AbstractReadWriteAccessStrategy:68 - putting key[org.hibernate.test.onetomany.Node#3] -> value[CacheEntry(org.hibernate.test.onetomany.Node)[1,node3-updated,1,3]] into region[hibernate.test.Node.entities]
14:17:37,642 DEBUG BaseGeneralDataRegion:46 - Cache[hibernate.test.Node.entities] lookup : key[org.hibernate.test.onetomany.Node#3]
14:17:37,642 DEBUG BaseGeneralDataRegion:52 - Cache[hibernate.test.Node.entities] hit: org.hibernate.test.onetomany.Node#3
14:17:37,642 DEBUG AbstractReadWriteAccessStrategy:78 - putting key[org.hibernate.test.onetomany.Node#3] -> value[CacheEntry(org.hibernate.test.onetomany.Node)[1,node3-updated,1,3]] into region[hibernate.test.Node.entities] fail due to it is unwriteable
14:17:37,643 DEBUG AbstractReadWriteAccessStrategy:34 - getting key[org.hibernate.test.onetomany.Node#1] from region[hibernate.test.Node.entities]
14:17:37,643 DEBUG BaseGeneralDataRegion:46 - Cache[hibernate.test.Node.entities] lookup : key[org.hibernate.test.onetomany.Node#1]
14:17:37,643 DEBUG BaseGeneralDataRegion:52 - Cache[hibernate.test.Node.entities] hit: org.hibernate.test.onetomany.Node#1
14:17:37,643 DEBUG AbstractReadWriteAccessStrategy:48 - hit key[org.hibernate.test.onetomany.Node#1] in region[hibernate.test.Node.entities], but it is unreadable
14:17:37,643 DEBUG SQL:104 - 
    select
        node0_.id as id0_0_,
        node0_.vers as vers0_0_,
        node0_.description as descript3_0_0_,
        node0_.node_id as node4_0_0_ 
    from
        Node node0_ 
    where
        node0_.id=?
14:17:37,644 DEBUG AbstractReadWriteAccessStrategy:68 - putting key[org.hibernate.test.onetomany.Node#1] -> value[CacheEntry(org.hibernate.test.onetomany.Node)[1,node1,null,1]] into region[hibernate.test.Node.entities]
14:17:37,644 DEBUG BaseGeneralDataRegion:46 - Cache[hibernate.test.Node.entities] lookup : key[org.hibernate.test.onetomany.Node#1]
14:17:37,644 DEBUG BaseGeneralDataRegion:52 - Cache[hibernate.test.Node.entities] hit: org.hibernate.test.onetomany.Node#1
14:17:37,644 DEBUG AbstractReadWriteAccessStrategy:78 - putting key[org.hibernate.test.onetomany.Node#1] -> value[CacheEntry(org.hibernate.test.onetomany.Node)[1,node1,null,1]] into region[hibernate.test.Node.entities] fail due to it is unwriteable
14:17:37,644 DEBUG SQL:104 - 
    select
        subnodes0_.node_id as node4_0_1_,
        subnodes0_.id as id0_1_,
        subnodes0_.idx as idx1_,
        subnodes0_.id as id0_0_,
        subnodes0_.vers as vers0_0_,
        subnodes0_.description as descript3_0_0_,
        subnodes0_.node_id as node4_0_0_ 
    from
        Node subnodes0_ 
    where
        subnodes0_.node_id=?
14:17:37,650 DEBUG SQL:104 - 
    select
        subnodes0_.node_id as node4_0_1_,
        subnodes0_.id as id0_1_,
        subnodes0_.idx as idx1_,
        subnodes0_.id as id0_0_,
        subnodes0_.vers as vers0_0_,
        subnodes0_.description as descript3_0_0_,
        subnodes0_.node_id as node4_0_0_ 
    from
        Node subnodes0_ 
    where
        subnodes0_.node_id=?
14:17:37,650 DEBUG SQL:104 - 
    select
        subnodes0_.node_id as node4_0_1_,
        subnodes0_.id as id0_1_,
        subnodes0_.idx as idx1_,
        subnodes0_.id as id0_0_,
        subnodes0_.vers as vers0_0_,
        subnodes0_.description as descript3_0_0_,
        subnodes0_.node_id as node4_0_0_ 
    from
        Node subnodes0_ 
    where
        subnodes0_.node_id=?
14:17:37,651 DEBUG SQL:104 - 
    update
        Node 
    set
        node_id=null,
        idx=null 
    where
        node_id=?
14:17:37,651 DEBUG AbstractReadWriteAccessStrategy:93 - locking key[org.hibernate.test.onetomany.Node#2] in region[hibernate.test.Node.entities]
14:17:37,651 DEBUG BaseGeneralDataRegion:46 - Cache[hibernate.test.Node.entities] lookup : key[org.hibernate.test.onetomany.Node#2]
14:17:37,651 DEBUG BaseGeneralDataRegion:52 - Cache[hibernate.test.Node.entities] hit: org.hibernate.test.onetomany.Node#2
14:17:37,651 DEBUG BaseGeneralDataRegion:59 - Caching[hibernate.test.Node.entities] : [org.hibernate.test.onetomany.Node#2] -> [Lock Source-UUID:7798f2f7-72ad-4c4c-ad15-7368ee23cc02 Lock-ID:3]
14:17:37,652 DEBUG SQL:104 - 
    delete 
    from
        Node 
    where
        id=? 
        and vers=?
14:17:37,652 DEBUG AbstractReadWriteAccessStrategy:93 - locking key[org.hibernate.test.onetomany.Node#3] in region[hibernate.test.Node.entities]
14:17:37,652 DEBUG BaseGeneralDataRegion:46 - Cache[hibernate.test.Node.entities] lookup : key[org.hibernate.test.onetomany.Node#3]
14:17:37,652 DEBUG BaseGeneralDataRegion:52 - Cache[hibernate.test.Node.entities] hit: org.hibernate.test.onetomany.Node#3
14:17:37,652 DEBUG BaseGeneralDataRegion:59 - Caching[hibernate.test.Node.entities] : [org.hibernate.test.onetomany.Node#3] -> [Lock Source-UUID:7798f2f7-72ad-4c4c-ad15-7368ee23cc02 Lock-ID:4]
14:17:37,652 DEBUG SQL:104 - 
    delete 
    from
        Node 
    where
        id=? 
        and vers=?
14:17:37,652 DEBUG AbstractReadWriteAccessStrategy:93 - locking key[org.hibernate.test.onetomany.Node#1] in region[hibernate.test.Node.entities]
14:17:37,652 DEBUG BaseGeneralDataRegion:46 - Cache[hibernate.test.Node.entities] lookup : key[org.hibernate.test.onetomany.Node#1]
14:17:37,653 DEBUG BaseGeneralDataRegion:52 - Cache[hibernate.test.Node.entities] hit: org.hibernate.test.onetomany.Node#1
14:17:37,653 DEBUG BaseGeneralDataRegion:59 - Caching[hibernate.test.Node.entities] : [org.hibernate.test.onetomany.Node#1] -> [Lock Source-UUID:7798f2f7-72ad-4c4c-ad15-7368ee23cc02 Lock-ID:5]
14:17:37,653 DEBUG SQL:104 - 
    delete 
    from
        Node 
    where
        id=? 
        and vers=?
14:17:37,660 DEBUG AbstractReadWriteAccessStrategy:116 - unlocking key[org.hibernate.test.onetomany.Node#2] in region[hibernate.test.Node.entities]
14:17:37,660 DEBUG BaseGeneralDataRegion:46 - Cache[hibernate.test.Node.entities] lookup : key[org.hibernate.test.onetomany.Node#2]
14:17:37,660 DEBUG BaseGeneralDataRegion:52 - Cache[hibernate.test.Node.entities] hit: org.hibernate.test.onetomany.Node#2
14:17:37,661 DEBUG BaseGeneralDataRegion:59 - Caching[hibernate.test.Node.entities] : [org.hibernate.test.onetomany.Node#2] -> [Lock Source-UUID:7798f2f7-72ad-4c4c-ad15-7368ee23cc02 Lock-ID:3]
14:17:37,661 DEBUG AbstractReadWriteAccessStrategy:116 - unlocking key[org.hibernate.test.onetomany.Node#3] in region[hibernate.test.Node.entities]
14:17:37,661 DEBUG BaseGeneralDataRegion:46 - Cache[hibernate.test.Node.entities] lookup : key[org.hibernate.test.onetomany.Node#3]
14:17:37,661 DEBUG BaseGeneralDataRegion:52 - Cache[hibernate.test.Node.entities] hit: org.hibernate.test.onetomany.Node#3
14:17:37,661 DEBUG BaseGeneralDataRegion:59 - Caching[hibernate.test.Node.entities] : [org.hibernate.test.onetomany.Node#3] -> [Lock Source-UUID:7798f2f7-72ad-4c4c-ad15-7368ee23cc02 Lock-ID:4]
14:17:37,661 DEBUG AbstractReadWriteAccessStrategy:116 - unlocking key[org.hibernate.test.onetomany.Node#1] in region[hibernate.test.Node.entities]
14:17:37,662 DEBUG BaseGeneralDataRegion:46 - Cache[hibernate.test.Node.entities] lookup : key[org.hibernate.test.onetomany.Node#1]
14:17:37,662 DEBUG BaseGeneralDataRegion:52 - Cache[hibernate.test.Node.entities] hit: org.hibernate.test.onetomany.Node#1
14:17:37,662 DEBUG BaseGeneralDataRegion:59 - Caching[hibernate.test.Node.entities] : [org.hibernate.test.onetomany.Node#1] -> [Lock Source-UUID:7798f2f7-72ad-4c4c-ad15-7368ee23cc02 Lock-ID:5]
14:17:37,663  INFO CustomRunner:139 - Test: testOneToManyReplaceList
14:17:37,665 DEBUG AbstractReadWriteAccessStrategy:34 - getting key[org.hibernate.test.onetomany.Node#2] from region[hibernate.test.Node.entities]
14:17:37,665 DEBUG BaseGeneralDataRegion:46 - Cache[hibernate.test.Node.entities] lookup : key[org.hibernate.test.onetomany.Node#2]
14:17:37,665 DEBUG BaseGeneralDataRegion:52 - Cache[hibernate.test.Node.entities] hit: org.hibernate.test.onetomany.Node#2
14:17:37,665 DEBUG AbstractReadWriteAccessStrategy:48 - hit key[org.hibernate.test.onetomany.Node#2] in region[hibernate.test.Node.entities], but it is unreadable
14:17:37,665 DEBUG SQL:104 - 
    select
        node_.id,
        node_.vers as vers0_,
        node_.description as descript3_0_ 
    from
        Node node_ 
    where
        node_.id=?
14:17:37,666 DEBUG AbstractReadWriteAccessStrategy:34 - getting key[org.hibernate.test.onetomany.Node#3] from region[hibernate.test.Node.entities]
14:17:37,666 DEBUG BaseGeneralDataRegion:46 - Cache[hibernate.test.Node.entities] lookup : key[org.hibernate.test.onetomany.Node#3]
14:17:37,666 DEBUG BaseGeneralDataRegion:52 - Cache[hibernate.test.Node.entities] hit: org.hibernate.test.onetomany.Node#3
14:17:37,667 DEBUG AbstractReadWriteAccessStrategy:48 - hit key[org.hibernate.test.onetomany.Node#3] in region[hibernate.test.Node.entities], but it is unreadable
14:17:37,667 DEBUG SQL:104 - 
    select
        node_.id,
        node_.vers as vers0_,
        node_.description as descript3_0_ 
    from
        Node node_ 
    where
        node_.id=?
14:17:37,668 DEBUG SQL:104 - 
    insert 
    into
        Node
        (vers, description, id) 
    values
        (?, ?, ?)
14:17:37,668 DEBUG SQL:104 - 
    insert 
    into
        Node
        (vers, description, id) 
    values
        (?, ?, ?)
14:17:37,668 DEBUG SQL:104 - 
    insert 
    into
        Node
        (vers, description, id) 
    values
        (?, ?, ?)
14:17:37,668 DEBUG SQL:104 - 
    update
        Node 
    set
        node_id=?,
        idx=? 
    where
        id=?
14:17:37,669 DEBUG SQL:104 - 
    update
        Node 
    set
        node_id=?,
        idx=? 
    where
        id=?
14:17:37,669 DEBUG BaseGeneralDataRegion:46 - Cache[hibernate.test.Node.entities] lookup : key[org.hibernate.test.onetomany.Node#1]
14:17:37,669 DEBUG BaseGeneralDataRegion:52 - Cache[hibernate.test.Node.entities] hit: org.hibernate.test.onetomany.Node#1
14:17:37,669 DEBUG BaseGeneralDataRegion:46 - Cache[hibernate.test.Node.entities] lookup : key[org.hibernate.test.onetomany.Node#2]
14:17:37,669 DEBUG BaseGeneralDataRegion:52 - Cache[hibernate.test.Node.entities] hit: org.hibernate.test.onetomany.Node#2
14:17:37,669 DEBUG BaseGeneralDataRegion:46 - Cache[hibernate.test.Node.entities] lookup : key[org.hibernate.test.onetomany.Node#3]
14:17:37,669 DEBUG BaseGeneralDataRegion:52 - Cache[hibernate.test.Node.entities] hit: org.hibernate.test.onetomany.Node#3
14:17:37,670 DEBUG AbstractReadWriteAccessStrategy:34 - getting key[org.hibernate.test.onetomany.Node#3] from region[hibernate.test.Node.entities]
14:17:37,670 DEBUG BaseGeneralDataRegion:46 - Cache[hibernate.test.Node.entities] lookup : key[org.hibernate.test.onetomany.Node#3]
14:17:37,670 DEBUG BaseGeneralDataRegion:52 - Cache[hibernate.test.Node.entities] hit: org.hibernate.test.onetomany.Node#3
14:17:37,670 DEBUG AbstractReadWriteAccessStrategy:48 - hit key[org.hibernate.test.onetomany.Node#3] in region[hibernate.test.Node.entities], but it is unreadable
14:17:37,670 DEBUG SQL:104 - 
    select
        node0_.id as id0_0_,
        node0_.vers as vers0_0_,
        node0_.description as descript3_0_0_,
        node0_.node_id as node4_0_0_ 
    from
        Node node0_ 
    where
        node0_.id=?
14:17:37,671 DEBUG AbstractReadWriteAccessStrategy:68 - putting key[org.hibernate.test.onetomany.Node#3] -> value[CacheEntry(org.hibernate.test.onetomany.Node)[0,node3,2,3]] into region[hibernate.test.Node.entities]
14:17:37,671 DEBUG BaseGeneralDataRegion:46 - Cache[hibernate.test.Node.entities] lookup : key[org.hibernate.test.onetomany.Node#3]
14:17:37,671 DEBUG BaseGeneralDataRegion:52 - Cache[hibernate.test.Node.entities] hit: org.hibernate.test.onetomany.Node#3
14:17:37,671 DEBUG AbstractReadWriteAccessStrategy:78 - putting key[org.hibernate.test.onetomany.Node#3] -> value[CacheEntry(org.hibernate.test.onetomany.Node)[0,node3,2,3]] into region[hibernate.test.Node.entities] fail due to it is unwriteable
14:17:37,671 DEBUG AbstractReadWriteAccessStrategy:34 - getting key[org.hibernate.test.onetomany.Node#2] from region[hibernate.test.Node.entities]
14:17:37,671 DEBUG BaseGeneralDataRegion:46 - Cache[hibernate.test.Node.entities] lookup : key[org.hibernate.test.onetomany.Node#2]
14:17:37,671 DEBUG BaseGeneralDataRegion:52 - Cache[hibernate.test.Node.entities] hit: org.hibernate.test.onetomany.Node#2
14:17:37,671 DEBUG AbstractReadWriteAccessStrategy:48 - hit key[org.hibernate.test.onetomany.Node#2] in region[hibernate.test.Node.entities], but it is unreadable
14:17:37,672 DEBUG SQL:104 - 
    select
        node0_.id as id0_0_,
        node0_.vers as vers0_0_,
        node0_.description as descript3_0_0_,
        node0_.node_id as node4_0_0_ 
    from
        Node node0_ 
    where
        node0_.id=?
14:17:37,672 DEBUG AbstractReadWriteAccessStrategy:68 - putting key[org.hibernate.test.onetomany.Node#2] -> value[CacheEntry(org.hibernate.test.onetomany.Node)[0,node2,1,2]] into region[hibernate.test.Node.entities]
14:17:37,672 DEBUG BaseGeneralDataRegion:46 - Cache[hibernate.test.Node.entities] lookup : key[org.hibernate.test.onetomany.Node#2]
14:17:37,672 DEBUG BaseGeneralDataRegion:52 - Cache[hibernate.test.Node.entities] hit: org.hibernate.test.onetomany.Node#2
14:17:37,672 DEBUG AbstractReadWriteAccessStrategy:78 - putting key[org.hibernate.test.onetomany.Node#2] -> value[CacheEntry(org.hibernate.test.onetomany.Node)[0,node2,1,2]] into region[hibernate.test.Node.entities] fail due to it is unwriteable
14:17:37,672 DEBUG SQL:104 - 
    select
        subnodes0_.node_id as node4_0_1_,
        subnodes0_.id as id0_1_,
        subnodes0_.idx as idx1_,
        subnodes0_.id as id0_0_,
        subnodes0_.vers as vers0_0_,
        subnodes0_.description as descript3_0_0_,
        subnodes0_.node_id as node4_0_0_ 
    from
        Node subnodes0_ 
    where
        subnodes0_.node_id=?
14:17:37,675 DEBUG AbstractReadWriteAccessStrategy:34 - getting key[org.hibernate.test.onetomany.Node#1] from region[hibernate.test.Node.entities]
14:17:37,675 DEBUG BaseGeneralDataRegion:46 - Cache[hibernate.test.Node.entities] lookup : key[org.hibernate.test.onetomany.Node#1]
14:17:37,676 DEBUG BaseGeneralDataRegion:52 - Cache[hibernate.test.Node.entities] hit: org.hibernate.test.onetomany.Node#1
14:17:37,676 DEBUG AbstractReadWriteAccessStrategy:48 - hit key[org.hibernate.test.onetomany.Node#1] in region[hibernate.test.Node.entities], but it is unreadable
14:17:37,676 DEBUG SQL:104 - 
    select
        node0_.id as id0_0_,
        node0_.vers as vers0_0_,
        node0_.description as descript3_0_0_,
        node0_.node_id as node4_0_0_ 
    from
        Node node0_ 
    where
        node0_.id=?
14:17:37,676 DEBUG AbstractReadWriteAccessStrategy:68 - putting key[org.hibernate.test.onetomany.Node#1] -> value[CacheEntry(org.hibernate.test.onetomany.Node)[0,node1,null,1]] into region[hibernate.test.Node.entities]
14:17:37,676 DEBUG BaseGeneralDataRegion:46 - Cache[hibernate.test.Node.entities] lookup : key[org.hibernate.test.onetomany.Node#1]
14:17:37,676 DEBUG BaseGeneralDataRegion:52 - Cache[hibernate.test.Node.entities] hit: org.hibernate.test.onetomany.Node#1
14:17:37,677 DEBUG AbstractReadWriteAccessStrategy:78 - putting key[org.hibernate.test.onetomany.Node#1] -> value[CacheEntry(org.hibernate.test.onetomany.Node)[0,node1,null,1]] into region[hibernate.test.Node.entities] fail due to it is unwriteable
14:17:37,677 DEBUG AbstractReadWriteAccessStrategy:93 - locking key[org.hibernate.test.onetomany.Node#3] in region[hibernate.test.Node.entities]
14:17:37,677 DEBUG BaseGeneralDataRegion:46 - Cache[hibernate.test.Node.entities] lookup : key[org.hibernate.test.onetomany.Node#3]
14:17:37,677 DEBUG BaseGeneralDataRegion:52 - Cache[hibernate.test.Node.entities] hit: org.hibernate.test.onetomany.Node#3
14:17:37,677 DEBUG BaseGeneralDataRegion:59 - Caching[hibernate.test.Node.entities] : [org.hibernate.test.onetomany.Node#3] -> [Lock Source-UUID:7798f2f7-72ad-4c4c-ad15-7368ee23cc02 Lock-ID:4]
14:17:37,678 DEBUG SQL:104 - 
    update
        Node 
    set
        vers=?,
        description=? 
    where
        id=? 
        and vers=?
14:17:37,678 DEBUG AbstractReadWriteAccessStrategy:93 - locking key[org.hibernate.test.onetomany.Node#2] in region[hibernate.test.Node.entities]
14:17:37,678 DEBUG BaseGeneralDataRegion:46 - Cache[hibernate.test.Node.entities] lookup : key[org.hibernate.test.onetomany.Node#2]
14:17:37,678 DEBUG BaseGeneralDataRegion:52 - Cache[hibernate.test.Node.entities] hit: org.hibernate.test.onetomany.Node#2
14:17:37,678 DEBUG BaseGeneralDataRegion:59 - Caching[hibernate.test.Node.entities] : [org.hibernate.test.onetomany.Node#2] -> [Lock Source-UUID:7798f2f7-72ad-4c4c-ad15-7368ee23cc02 Lock-ID:3]
14:17:37,678 DEBUG SQL:104 - 
    update
        Node 
    set
        vers=?,
        description=? 
    where
        id=? 
        and vers=?
14:17:37,678 DEBUG AbstractReadWriteAccessStrategy:93 - locking key[org.hibernate.test.onetomany.Node#1] in region[hibernate.test.Node.entities]
14:17:37,679 DEBUG BaseGeneralDataRegion:46 - Cache[hibernate.test.Node.entities] lookup : key[org.hibernate.test.onetomany.Node#1]
14:17:37,679 DEBUG BaseGeneralDataRegion:52 - Cache[hibernate.test.Node.entities] hit: org.hibernate.test.onetomany.Node#1
14:17:37,679 DEBUG BaseGeneralDataRegion:59 - Caching[hibernate.test.Node.entities] : [org.hibernate.test.onetomany.Node#1] -> [Lock Source-UUID:7798f2f7-72ad-4c4c-ad15-7368ee23cc02 Lock-ID:5]
14:17:37,679 DEBUG SQL:104 - 
    update
        Node 
    set
        vers=?,
        description=? 
    where
        id=? 
        and vers=?
14:17:37,679 DEBUG SQL:104 - 
    update
        Node 
    set
        node_id=null,
        idx=null 
    where
        node_id=?
14:17:37,679 DEBUG SQL:104 - 
    update
        Node 
    set
        node_id=null,
        idx=null 
    where
        node_id=?
14:17:37,679 DEBUG SQL:104 - 
    update
        Node 
    set
        node_id=?,
        idx=? 
    where
        id=?
14:17:37,703 DEBUG SQL:104 - 
    update
        Node 
    set
        node_id=?,
        idx=? 
    where
        id=?
14:17:37,704 DEBUG BaseGeneralDataRegion:46 - Cache[hibernate.test.Node.entities] lookup : key[org.hibernate.test.onetomany.Node#3]
14:17:37,704 DEBUG BaseGeneralDataRegion:52 - Cache[hibernate.test.Node.entities] hit: org.hibernate.test.onetomany.Node#3
14:17:37,704 DEBUG BaseGeneralDataRegion:59 - Caching[hibernate.test.Node.entities] : [org.hibernate.test.onetomany.Node#3] -> [Lock Source-UUID:7798f2f7-72ad-4c4c-ad15-7368ee23cc02 Lock-ID:4]
14:17:37,704 DEBUG BaseGeneralDataRegion:46 - Cache[hibernate.test.Node.entities] lookup : key[org.hibernate.test.onetomany.Node#2]
14:17:37,704 DEBUG BaseGeneralDataRegion:52 - Cache[hibernate.test.Node.entities] hit: org.hibernate.test.onetomany.Node#2
14:17:37,704 DEBUG BaseGeneralDataRegion:59 - Caching[hibernate.test.Node.entities] : [org.hibernate.test.onetomany.Node#2] -> [Lock Source-UUID:7798f2f7-72ad-4c4c-ad15-7368ee23cc02 Lock-ID:3]
14:17:37,704 DEBUG BaseGeneralDataRegion:46 - Cache[hibernate.test.Node.entities] lookup : key[org.hibernate.test.onetomany.Node#1]
14:17:37,704 DEBUG BaseGeneralDataRegion:52 - Cache[hibernate.test.Node.entities] hit: org.hibernate.test.onetomany.Node#1
14:17:37,704 DEBUG BaseGeneralDataRegion:59 - Caching[hibernate.test.Node.entities] : [org.hibernate.test.onetomany.Node#1] -> [Lock Source-UUID:7798f2f7-72ad-4c4c-ad15-7368ee23cc02 Lock-ID:5]
14:17:37,705 DEBUG AbstractReadWriteAccessStrategy:34 - getting key[org.hibernate.test.onetomany.Node#3] from region[hibernate.test.Node.entities]
14:17:37,705 DEBUG BaseGeneralDataRegion:46 - Cache[hibernate.test.Node.entities] lookup : key[org.hibernate.test.onetomany.Node#3]
14:17:37,705 DEBUG BaseGeneralDataRegion:52 - Cache[hibernate.test.Node.entities] hit: org.hibernate.test.onetomany.Node#3
14:17:37,705 DEBUG AbstractReadWriteAccessStrategy:48 - hit key[org.hibernate.test.onetomany.Node#3] in region[hibernate.test.Node.entities], but it is unreadable
14:17:37,705 DEBUG SQL:104 - 
    select
        node0_.id as id0_0_,
        node0_.vers as vers0_0_,
        node0_.description as descript3_0_0_,
        node0_.node_id as node4_0_0_ 
    from
        Node node0_ 
    where
        node0_.id=?
14:17:37,732 DEBUG AbstractReadWriteAccessStrategy:68 - putting key[org.hibernate.test.onetomany.Node#3] -> value[CacheEntry(org.hibernate.test.onetomany.Node)[1,node3,1,3]] into region[hibernate.test.Node.entities]
14:17:37,732 DEBUG BaseGeneralDataRegion:46 - Cache[hibernate.test.Node.entities] lookup : key[org.hibernate.test.onetomany.Node#3]
14:17:37,732 DEBUG BaseGeneralDataRegion:52 - Cache[hibernate.test.Node.entities] hit: org.hibernate.test.onetomany.Node#3
14:17:37,732 DEBUG AbstractReadWriteAccessStrategy:78 - putting key[org.hibernate.test.onetomany.Node#3] -> value[CacheEntry(org.hibernate.test.onetomany.Node)[1,node3,1,3]] into region[hibernate.test.Node.entities] fail due to it is unwriteable
14:17:37,733 DEBUG SQL:104 - 
    select
        subnodes0_.node_id as node4_0_1_,
        subnodes0_.id as id0_1_,
        subnodes0_.idx as idx1_,
        subnodes0_.id as id0_0_,
        subnodes0_.vers as vers0_0_,
        subnodes0_.description as descript3_0_0_,
        subnodes0_.node_id as node4_0_0_ 
    from
        Node subnodes0_ 
    where
        subnodes0_.node_id=?
14:17:37,733 DEBUG AbstractReadWriteAccessStrategy:34 - getting key[org.hibernate.test.onetomany.Node#1] from region[hibernate.test.Node.entities]
14:17:37,733 DEBUG BaseGeneralDataRegion:46 - Cache[hibernate.test.Node.entities] lookup : key[org.hibernate.test.onetomany.Node#1]
14:17:37,733 DEBUG BaseGeneralDataRegion:52 - Cache[hibernate.test.Node.entities] hit: org.hibernate.test.onetomany.Node#1
14:17:37,733 DEBUG AbstractReadWriteAccessStrategy:48 - hit key[org.hibernate.test.onetomany.Node#1] in region[hibernate.test.Node.entities], but it is unreadable
14:17:37,733 DEBUG SQL:104 - 
    select
        node0_.id as id0_0_,
        node0_.vers as vers0_0_,
        node0_.description as descript3_0_0_,
        node0_.node_id as node4_0_0_ 
    from
        Node node0_ 
    where
        node0_.id=?
14:17:37,734 DEBUG AbstractReadWriteAccessStrategy:68 - putting key[org.hibernate.test.onetomany.Node#1] -> value[CacheEntry(org.hibernate.test.onetomany.Node)[1,node1,null,1]] into region[hibernate.test.Node.entities]
14:17:37,734 DEBUG BaseGeneralDataRegion:46 - Cache[hibernate.test.Node.entities] lookup : key[org.hibernate.test.onetomany.Node#1]
14:17:37,734 DEBUG BaseGeneralDataRegion:52 - Cache[hibernate.test.Node.entities] hit: org.hibernate.test.onetomany.Node#1
14:17:37,734 DEBUG AbstractReadWriteAccessStrategy:78 - putting key[org.hibernate.test.onetomany.Node#1] -> value[CacheEntry(org.hibernate.test.onetomany.Node)[1,node1,null,1]] into region[hibernate.test.Node.entities] fail due to it is unwriteable
14:17:37,734 DEBUG SQL:104 - 
    select
        subnodes0_.node_id as node4_0_1_,
        subnodes0_.id as id0_1_,
        subnodes0_.idx as idx1_,
        subnodes0_.id as id0_0_,
        subnodes0_.vers as vers0_0_,
        subnodes0_.description as descript3_0_0_,
        subnodes0_.node_id as node4_0_0_ 
    from
        Node subnodes0_ 
    where
        subnodes0_.node_id=?
14:17:37,734 DEBUG AbstractReadWriteAccessStrategy:68 - putting key[org.hibernate.test.onetomany.Node#2] -> value[CacheEntry(org.hibernate.test.onetomany.Node)[1,node2,1,2]] into region[hibernate.test.Node.entities]
14:17:37,735 DEBUG BaseGeneralDataRegion:46 - Cache[hibernate.test.Node.entities] lookup : key[org.hibernate.test.onetomany.Node#2]
14:17:37,735 DEBUG BaseGeneralDataRegion:52 - Cache[hibernate.test.Node.entities] hit: org.hibernate.test.onetomany.Node#2
14:17:37,749 DEBUG AbstractReadWriteAccessStrategy:78 - putting key[org.hibernate.test.onetomany.Node#2] -> value[CacheEntry(org.hibernate.test.onetomany.Node)[1,node2,1,2]] into region[hibernate.test.Node.entities] fail due to it is unwriteable
14:17:37,749 DEBUG SQL:104 - 
    select
        subnodes0_.node_id as node4_0_1_,
        subnodes0_.id as id0_1_,
        subnodes0_.idx as idx1_,
        subnodes0_.id as id0_0_,
        subnodes0_.vers as vers0_0_,
        subnodes0_.description as descript3_0_0_,
        subnodes0_.node_id as node4_0_0_ 
    from
        Node subnodes0_ 
    where
        subnodes0_.node_id=?
14:17:37,750 DEBUG AbstractReadWriteAccessStrategy:34 - getting key[org.hibernate.test.onetomany.Node#1] from region[hibernate.test.Node.entities]
14:17:37,750 DEBUG BaseGeneralDataRegion:46 - Cache[hibernate.test.Node.entities] lookup : key[org.hibernate.test.onetomany.Node#1]
14:17:37,750 DEBUG BaseGeneralDataRegion:52 - Cache[hibernate.test.Node.entities] hit: org.hibernate.test.onetomany.Node#1
14:17:37,750 DEBUG AbstractReadWriteAccessStrategy:48 - hit key[org.hibernate.test.onetomany.Node#1] in region[hibernate.test.Node.entities], but it is unreadable
14:17:37,751 DEBUG SQL:104 - 
    select
        node0_.id as id0_0_,
        node0_.vers as vers0_0_,
        node0_.description as descript3_0_0_,
        node0_.node_id as node4_0_0_ 
    from
        Node node0_ 
    where
        node0_.id=?
14:17:37,751 DEBUG AbstractReadWriteAccessStrategy:68 - putting key[org.hibernate.test.onetomany.Node#1] -> value[CacheEntry(org.hibernate.test.onetomany.Node)[1,node1,null,1]] into region[hibernate.test.Node.entities]
14:17:37,751 DEBUG BaseGeneralDataRegion:46 - Cache[hibernate.test.Node.entities] lookup : key[org.hibernate.test.onetomany.Node#1]
14:17:37,762 DEBUG BaseGeneralDataRegion:52 - Cache[hibernate.test.Node.entities] hit: org.hibernate.test.onetomany.Node#1
14:17:37,763 DEBUG AbstractReadWriteAccessStrategy:78 - putting key[org.hibernate.test.onetomany.Node#1] -> value[CacheEntry(org.hibernate.test.onetomany.Node)[1,node1,null,1]] into region[hibernate.test.Node.entities] fail due to it is unwriteable
14:17:37,763 DEBUG AbstractReadWriteAccessStrategy:34 - getting key[org.hibernate.test.onetomany.Node#2] from region[hibernate.test.Node.entities]
14:17:37,763 DEBUG BaseGeneralDataRegion:46 - Cache[hibernate.test.Node.entities] lookup : key[org.hibernate.test.onetomany.Node#2]
14:17:37,763 DEBUG BaseGeneralDataRegion:52 - Cache[hibernate.test.Node.entities] hit: org.hibernate.test.onetomany.Node#2
14:17:37,763 DEBUG AbstractReadWriteAccessStrategy:48 - hit key[org.hibernate.test.onetomany.Node#2] in region[hibernate.test.Node.entities], but it is unreadable
14:17:37,763 DEBUG SQL:104 - 
    select
        node0_.id as id0_0_,
        node0_.vers as vers0_0_,
        node0_.description as descript3_0_0_,
        node0_.node_id as node4_0_0_ 
    from
        Node node0_ 
    where
        node0_.id=?
14:17:37,766 DEBUG AbstractReadWriteAccessStrategy:68 - putting key[org.hibernate.test.onetomany.Node#2] -> value[CacheEntry(org.hibernate.test.onetomany.Node)[1,node2,1,2]] into region[hibernate.test.Node.entities]
14:17:37,767 DEBUG BaseGeneralDataRegion:46 - Cache[hibernate.test.Node.entities] lookup : key[org.hibernate.test.onetomany.Node#2]
14:17:37,767 DEBUG BaseGeneralDataRegion:52 - Cache[hibernate.test.Node.entities] hit: org.hibernate.test.onetomany.Node#2
14:17:37,767 DEBUG AbstractReadWriteAccessStrategy:78 - putting key[org.hibernate.test.onetomany.Node#2] -> value[CacheEntry(org.hibernate.test.onetomany.Node)[1,node2,1,2]] into region[hibernate.test.Node.entities] fail due to it is unwriteable
14:17:37,767 DEBUG AbstractReadWriteAccessStrategy:34 - getting key[org.hibernate.test.onetomany.Node#3] from region[hibernate.test.Node.entities]
14:17:37,767 DEBUG BaseGeneralDataRegion:46 - Cache[hibernate.test.Node.entities] lookup : key[org.hibernate.test.onetomany.Node#3]
14:17:37,767 DEBUG BaseGeneralDataRegion:52 - Cache[hibernate.test.Node.entities] hit: org.hibernate.test.onetomany.Node#3
14:17:37,767 DEBUG AbstractReadWriteAccessStrategy:48 - hit key[org.hibernate.test.onetomany.Node#3] in region[hibernate.test.Node.entities], but it is unreadable
14:17:37,767 DEBUG SQL:104 - 
    select
        node0_.id as id0_0_,
        node0_.vers as vers0_0_,
        node0_.description as descript3_0_0_,
        node0_.node_id as node4_0_0_ 
    from
        Node node0_ 
    where
        node0_.id=?
14:17:37,768 DEBUG AbstractReadWriteAccessStrategy:68 - putting key[org.hibernate.test.onetomany.Node#3] -> value[CacheEntry(org.hibernate.test.onetomany.Node)[1,node3,1,3]] into region[hibernate.test.Node.entities]
14:17:37,768 DEBUG BaseGeneralDataRegion:46 - Cache[hibernate.test.Node.entities] lookup : key[org.hibernate.test.onetomany.Node#3]
14:17:37,768 DEBUG BaseGeneralDataRegion:52 - Cache[hibernate.test.Node.entities] hit: org.hibernate.test.onetomany.Node#3
14:17:37,768 DEBUG AbstractReadWriteAccessStrategy:78 - putting key[org.hibernate.test.onetomany.Node#3] -> value[CacheEntry(org.hibernate.test.onetomany.Node)[1,node3,1,3]] into region[hibernate.test.Node.entities] fail due to it is unwriteable
14:17:37,768 DEBUG AbstractReadWriteAccessStrategy:34 - getting key[org.hibernate.test.onetomany.Node#1] from region[hibernate.test.Node.entities]
14:17:37,769 DEBUG BaseGeneralDataRegion:46 - Cache[hibernate.test.Node.entities] lookup : key[org.hibernate.test.onetomany.Node#1]
14:17:37,769 DEBUG BaseGeneralDataRegion:52 - Cache[hibernate.test.Node.entities] hit: org.hibernate.test.onetomany.Node#1
14:17:37,769 DEBUG AbstractReadWriteAccessStrategy:48 - hit key[org.hibernate.test.onetomany.Node#1] in region[hibernate.test.Node.entities], but it is unreadable
14:17:37,769 DEBUG SQL:104 - 
    select
        node0_.id as id0_0_,
        node0_.vers as vers0_0_,
        node0_.description as descript3_0_0_,
        node0_.node_id as node4_0_0_ 
    from
        Node node0_ 
    where
        node0_.id=?
14:17:37,822 DEBUG AbstractReadWriteAccessStrategy:68 - putting key[org.hibernate.test.onetomany.Node#1] -> value[CacheEntry(org.hibernate.test.onetomany.Node)[1,node1,null,1]] into region[hibernate.test.Node.entities]
14:17:37,823 DEBUG BaseGeneralDataRegion:46 - Cache[hibernate.test.Node.entities] lookup : key[org.hibernate.test.onetomany.Node#1]
14:17:37,823 DEBUG BaseGeneralDataRegion:52 - Cache[hibernate.test.Node.entities] hit: org.hibernate.test.onetomany.Node#1
14:17:37,823 DEBUG AbstractReadWriteAccessStrategy:78 - putting key[org.hibernate.test.onetomany.Node#1] -> value[CacheEntry(org.hibernate.test.onetomany.Node)[1,node1,null,1]] into region[hibernate.test.Node.entities] fail due to it is unwriteable
14:17:37,823 DEBUG SQL:104 - 
    select
        subnodes0_.node_id as node4_0_1_,
        subnodes0_.id as id0_1_,
        subnodes0_.idx as idx1_,
        subnodes0_.id as id0_0_,
        subnodes0_.vers as vers0_0_,
        subnodes0_.description as descript3_0_0_,
        subnodes0_.node_id as node4_0_0_ 
    from
        Node subnodes0_ 
    where
        subnodes0_.node_id=?
14:17:37,824 DEBUG SQL:104 - 
    select
        subnodes0_.node_id as node4_0_1_,
        subnodes0_.id as id0_1_,
        subnodes0_.idx as idx1_,
        subnodes0_.id as id0_0_,
        subnodes0_.vers as vers0_0_,
        subnodes0_.description as descript3_0_0_,
        subnodes0_.node_id as node4_0_0_ 
    from
        Node subnodes0_ 
    where
        subnodes0_.node_id=?
14:17:37,826 DEBUG SQL:104 - 
    select
        subnodes0_.node_id as node4_0_1_,
        subnodes0_.id as id0_1_,
        subnodes0_.idx as idx1_,
        subnodes0_.id as id0_0_,
        subnodes0_.vers as vers0_0_,
        subnodes0_.description as descript3_0_0_,
        subnodes0_.node_id as node4_0_0_ 
    from
        Node subnodes0_ 
    where
        subnodes0_.node_id=?
14:17:37,827 DEBUG SQL:104 - 
    update
        Node 
    set
        node_id=null,
        idx=null 
    where
        node_id=?
14:17:37,839 DEBUG AbstractReadWriteAccessStrategy:93 - locking key[org.hibernate.test.onetomany.Node#2] in region[hibernate.test.Node.entities]
14:17:37,839 DEBUG BaseGeneralDataRegion:46 - Cache[hibernate.test.Node.entities] lookup : key[org.hibernate.test.onetomany.Node#2]
14:17:37,839 DEBUG BaseGeneralDataRegion:52 - Cache[hibernate.test.Node.entities] hit: org.hibernate.test.onetomany.Node#2
14:17:37,839 DEBUG BaseGeneralDataRegion:59 - Caching[hibernate.test.Node.entities] : [org.hibernate.test.onetomany.Node#2] -> [Lock Source-UUID:7798f2f7-72ad-4c4c-ad15-7368ee23cc02 Lock-ID:3]
14:17:37,839 DEBUG SQL:104 - 
    delete 
    from
        Node 
    where
        id=? 
        and vers=?
14:17:37,840 DEBUG AbstractReadWriteAccessStrategy:93 - locking key[org.hibernate.test.onetomany.Node#3] in region[hibernate.test.Node.entities]
14:17:37,840 DEBUG BaseGeneralDataRegion:46 - Cache[hibernate.test.Node.entities] lookup : key[org.hibernate.test.onetomany.Node#3]
14:17:37,840 DEBUG BaseGeneralDataRegion:52 - Cache[hibernate.test.Node.entities] hit: org.hibernate.test.onetomany.Node#3
14:17:37,840 DEBUG BaseGeneralDataRegion:59 - Caching[hibernate.test.Node.entities] : [org.hibernate.test.onetomany.Node#3] -> [Lock Source-UUID:7798f2f7-72ad-4c4c-ad15-7368ee23cc02 Lock-ID:4]
14:17:37,840 DEBUG SQL:104 - 
    delete 
    from
        Node 
    where
        id=? 
        and vers=?
14:17:37,840 DEBUG AbstractReadWriteAccessStrategy:93 - locking key[org.hibernate.test.onetomany.Node#1] in region[hibernate.test.Node.entities]
14:17:37,840 DEBUG BaseGeneralDataRegion:46 - Cache[hibernate.test.Node.entities] lookup : key[org.hibernate.test.onetomany.Node#1]
14:17:37,840 DEBUG BaseGeneralDataRegion:52 - Cache[hibernate.test.Node.entities] hit: org.hibernate.test.onetomany.Node#1
14:17:37,840 DEBUG BaseGeneralDataRegion:59 - Caching[hibernate.test.Node.entities] : [org.hibernate.test.onetomany.Node#1] -> [Lock Source-UUID:7798f2f7-72ad-4c4c-ad15-7368ee23cc02 Lock-ID:5]
14:17:37,840 DEBUG SQL:104 - 
    delete 
    from
        Node 
    where
        id=? 
        and vers=?
14:17:37,850 DEBUG AbstractReadWriteAccessStrategy:116 - unlocking key[org.hibernate.test.onetomany.Node#2] in region[hibernate.test.Node.entities]
14:17:37,850 DEBUG BaseGeneralDataRegion:46 - Cache[hibernate.test.Node.entities] lookup : key[org.hibernate.test.onetomany.Node#2]
14:17:37,850 DEBUG BaseGeneralDataRegion:52 - Cache[hibernate.test.Node.entities] hit: org.hibernate.test.onetomany.Node#2
14:17:37,850 DEBUG BaseGeneralDataRegion:59 - Caching[hibernate.test.Node.entities] : [org.hibernate.test.onetomany.Node#2] -> [Lock Source-UUID:7798f2f7-72ad-4c4c-ad15-7368ee23cc02 Lock-ID:3]
14:17:37,851 DEBUG AbstractReadWriteAccessStrategy:116 - unlocking key[org.hibernate.test.onetomany.Node#3] in region[hibernate.test.Node.entities]
14:17:37,851 DEBUG BaseGeneralDataRegion:46 - Cache[hibernate.test.Node.entities] lookup : key[org.hibernate.test.onetomany.Node#3]
14:17:37,851 DEBUG BaseGeneralDataRegion:52 - Cache[hibernate.test.Node.entities] hit: org.hibernate.test.onetomany.Node#3
14:17:37,851 DEBUG BaseGeneralDataRegion:59 - Caching[hibernate.test.Node.entities] : [org.hibernate.test.onetomany.Node#3] -> [Lock Source-UUID:7798f2f7-72ad-4c4c-ad15-7368ee23cc02 Lock-ID:4]
14:17:37,851 DEBUG AbstractReadWriteAccessStrategy:116 - unlocking key[org.hibernate.test.onetomany.Node#1] in region[hibernate.test.Node.entities]
14:17:37,851 DEBUG BaseGeneralDataRegion:46 - Cache[hibernate.test.Node.entities] lookup : key[org.hibernate.test.onetomany.Node#1]
14:17:37,851 DEBUG BaseGeneralDataRegion:52 - Cache[hibernate.test.Node.entities] hit: org.hibernate.test.onetomany.Node#1
14:17:37,851 DEBUG BaseGeneralDataRegion:59 - Caching[hibernate.test.Node.entities] : [org.hibernate.test.onetomany.Node#1] -> [Lock Source-UUID:7798f2f7-72ad-4c4c-ad15-7368ee23cc02 Lock-ID:5]
14:17:37,852  INFO SchemaExport:343 - HHH000227: Running hbm2ddl schema export
14:17:37,852 DEBUG SchemaExport:353 - Import file not found: /import.sql
14:17:37,853 DEBUG SQL:104 - 
    alter table Node 
        drop constraint FK2522227DDBE23E
14:17:37,853 DEBUG SQL:104 - 
    drop table Node if exists
14:17:37,853  INFO SchemaExport:405 - HHH000230: Schema export complete
14:17:37,853  INFO DriverManagerConnectionProviderImpl:162 - HHH000030: Cleaning up connection pool [jdbc:h2:mem:db1;DB_CLOSE_DELAY=-1;MVCC=TRUE]
]]></system-out>
  <system-err><![CDATA[]]></system-err>
</testsuite>
