<?xml version="1.0" encoding="UTF-8"?>
<testsuite errors="0" failures="0" hostname="dhcp-10.15.208.168.stl.redhat.com" name="org.hibernate.test.annotations.access.jpa.AccessTest" tests="9" time="0.374" timestamp="2013-02-28T20:10:07">
  <properties />
  <testcase classname="org.hibernate.test.annotations.access.jpa.AccessTest" name="testDefaultConfigurationModeIsInherited" time="0.024" />
  <testcase classname="org.hibernate.test.annotations.access.jpa.AccessTest" name="testEmbeddableExplicitAccessStrategy" time="0.009" />
  <testcase classname="org.hibernate.test.annotations.access.jpa.AccessTest" name="testEmbeddableUsesAccessStrategyOfContainingClass" time="0.01" />
  <testcase classname="org.hibernate.test.annotations.access.jpa.AccessTest" name="testFieldsOverriding" time="0.009" />
  <testcase classname="org.hibernate.test.annotations.access.jpa.AccessTest" name="testNonOverridenSubclass" time="0.007" />
  <testcase classname="org.hibernate.test.annotations.access.jpa.AccessTest" name="testOverridenSubclass" time="0.008" />
  <testcase classname="org.hibernate.test.annotations.access.jpa.AccessTest" name="testPropertyOverriding" time="0.005" />
  <testcase classname="org.hibernate.test.annotations.access.jpa.AccessTest" name="testSuperclassNonOverriding" time="0.005" />
  <testcase classname="org.hibernate.test.annotations.access.jpa.AccessTest" name="testSuperclassOverriding" time="0.004" />
  <system-out><![CDATA[14:10:07,748  INFO CustomRunner:132 - BeforeClass: org.hibernate.test.annotations.access.jpa.AccessTest
14:10:07,783  INFO DriverManagerConnectionProviderImpl:99 - HHH000402: Using Hibernate built-in connection pool (not for production use!)
14:10:07,784  INFO DriverManagerConnectionProviderImpl:135 - HHH000115: Hibernate connection pool size: 5
14:10:07,784  INFO DriverManagerConnectionProviderImpl:138 - HHH000006: Autocommit mode: false
14:10:07,784  INFO DriverManagerConnectionProviderImpl:153 - HHH000401: using driver [org.h2.Driver] at URL [jdbc:h2:mem:db1;DB_CLOSE_DELAY=-1;MVCC=TRUE]
14:10:07,784  INFO DriverManagerConnectionProviderImpl:158 - HHH000046: Connection properties: {user=sa}
14:10:07,796  INFO Dialect:103 - HHH000400: Using dialect: org.hibernate.dialect.H2Dialect
14:10:07,797  INFO LobCreatorBuilder:94 - HHH000423: Disabling contextual LOB creation as JDBC driver reported JDBC version [3] less than 4
14:10:07,798  INFO TransactionFactoryInitiator:66 - HHH000399: Using default transaction strategy (direct JDBC transactions)
14:10:07,798  INFO ASTQueryTranslatorFactory:48 - HHH000397: Using ASTQueryTranslatorFactory
14:10:07,798  WARN CachingRegionFactory:58 - CachingRegionFactory should be only used for testing.
14:10:07,991  INFO SchemaExport:343 - HHH000227: Running hbm2ddl schema export
14:10:07,992 DEBUG SchemaExport:353 - Import file not found: /import.sql
14:10:07,992 DEBUG SQL:104 - 
    alter table Being_Being 
        drop constraint FK255250FF46014CAD
14:10:07,992 ERROR SchemaExport:425 - HHH000389: Unsuccessful: alter table Being_Being drop constraint FK255250FF46014CAD
14:10:07,993 ERROR SchemaExport:426 - Table "BEING_BEING" not found; SQL statement:

    alter table Being_Being 
        drop constraint FK255250FF46014CAD [42102-145]
14:10:07,993 DEBUG SQL:104 - 
    alter table Being_Being 
        drop constraint FK255250FFB1BCD43
14:10:07,993 ERROR SchemaExport:425 - HHH000389: Unsuccessful: alter table Being_Being drop constraint FK255250FFB1BCD43
14:10:07,993 ERROR SchemaExport:426 - Table "BEING_BEING" not found; SQL statement:

    alter table Being_Being 
        drop constraint FK255250FFB1BCD43 [42102-145]
14:10:08,000 DEBUG SQL:104 - 
    drop table Being if exists
14:10:08,001 DEBUG SQL:104 - 
    drop table Being_Being if exists
14:10:08,002 DEBUG SQL:104 - 
    drop table Furniture if exists
14:10:08,002 DEBUG SQL:104 - 
    drop table Gardenshed if exists
14:10:08,003 DEBUG SQL:104 - 
    drop table Shape if exists
14:10:08,003 DEBUG SQL:104 - 
    drop table Square if exists
14:10:08,003 DEBUG SQL:104 - 
    drop sequence hibernate_sequence
14:10:08,003 ERROR SchemaExport:425 - HHH000389: Unsuccessful: drop sequence hibernate_sequence
14:10:08,003 ERROR SchemaExport:426 - Sequence "HIBERNATE_SEQUENCE" not found; SQL statement:

    drop sequence hibernate_sequence [90036-145]
14:10:08,004 DEBUG SQL:104 - 
    create table Being (
        DTYPE varchar(31) not null,
        id bigint not null,
        firstname varchar(255),
        lastname varchar(255),
        primary key (id)
    )
14:10:08,004 DEBUG SQL:104 - 
    create table Being_Being (
        Being_id bigint not null,
        friends_id bigint not null
    )
14:10:08,005 DEBUG SQL:104 - 
    create table Furniture (
        DTYPE varchar(31) not null,
        id integer not null,
        god varchar(255),
        color varchar(255),
        name varchar(255),
        brand varchar(255),
        weight bigint not null,
        bed_size integer,
        primary key (id)
    )
14:10:08,005 DEBUG SQL:104 - 
    create table Gardenshed (
        id integer not null,
        color varchar(255),
        name varchar(255),
        floors bigint not null,
        primary key (id)
    )
14:10:08,006 DEBUG SQL:104 - 
    create table Shape (
        DTYPE varchar(31) not null,
        id bigint not null,
        b integer not null,
        g integer not null,
        r integer not null,
        primary key (id)
    )
14:10:08,012 DEBUG SQL:104 - 
    create table Square (
        id bigint not null,
        x integer not null,
        y integer not null,
        primary key (id)
    )
14:10:08,012 DEBUG SQL:104 - 
    alter table Being_Being 
        add constraint UK_255250FF97594405 unique (friends_id)
14:10:08,013 DEBUG SQL:104 - 
    alter table Being_Being 
        add constraint FK255250FF46014CAD 
        foreign key (friends_id) 
        references Being
14:10:08,014 DEBUG SQL:104 - 
    alter table Being_Being 
        add constraint FK255250FFB1BCD43 
        foreign key (Being_id) 
        references Being
14:10:08,015 DEBUG SQL:104 - 
    create sequence hibernate_sequence start with 1 increment by 1
14:10:08,018  INFO SchemaExport:405 - HHH000230: Schema export complete
14:10:08,028  WARN SessionFactoryImpl:1554 - HHH000008: JTASessionContext being used with JDBCTransactionFactory; auto-flush will not operate correctly with getCurrentSession()
14:10:08,028  INFO CustomRunner:139 - Test: testDefaultConfigurationModeIsInherited
14:10:08,029 DEBUG SQL:104 - 
    call next value for hibernate_sequence
14:10:08,036 DEBUG SQL:104 - 
    call next value for hibernate_sequence
14:10:08,040 DEBUG SQL:104 - 
    insert 
    into
        Being
        (firstname, lastname, DTYPE, id) 
    values
        (?, ?, 'User', ?)
14:10:08,041 DEBUG SQL:104 - 
    insert 
    into
        Being
        (firstname, lastname, DTYPE, id) 
    values
        (?, ?, 'User', ?)
14:10:08,041 DEBUG SQL:104 - 
    insert 
    into
        Being_Being
        (Being_id, friends_id) 
    values
        (?, ?)
14:10:08,042 DEBUG SQL:104 - 
    select
        user0_.id as id0_0_,
        user0_.firstname as firstname0_0_,
        user0_.lastname as lastname0_0_ 
    from
        Being user0_ 
    where
        user0_.id=? 
        and user0_.DTYPE='User'
14:10:08,045 DEBUG SQL:104 - 
    select
        friends0_.Being_id as Being1_0_1_,
        friends0_.friends_id as friends2_1_1_,
        user1_.id as id0_0_,
        user1_.firstname as firstname0_0_,
        user1_.lastname as lastname0_0_ 
    from
        Being_Being friends0_ 
    inner join
        Being user1_ 
            on friends0_.friends_id=user1_.id 
    where
        friends0_.Being_id=?
14:10:08,047 DEBUG SQL:104 - 
    select
        friends0_.Being_id as Being1_0_1_,
        friends0_.friends_id as friends2_1_1_,
        user1_.id as id0_0_,
        user1_.firstname as firstname0_0_,
        user1_.lastname as lastname0_0_ 
    from
        Being_Being friends0_ 
    inner join
        Being user1_ 
            on friends0_.friends_id=user1_.id 
    where
        friends0_.Being_id=?
14:10:08,049 DEBUG SQL:104 - 
    delete 
    from
        Being_Being 
    where
        Being_id=?
14:10:08,049 DEBUG SQL:104 - 
    delete 
    from
        Being 
    where
        id=?
14:10:08,051 DEBUG SQL:104 - 
    delete 
    from
        Being 
    where
        id=?
14:10:08,053  INFO CustomRunner:139 - Test: testEmbeddableExplicitAccessStrategy
14:10:08,058 DEBUG SQL:104 - 
    call next value for hibernate_sequence
14:10:08,060 DEBUG SQL:104 - 
    insert 
    into
        Square
        (x, y, id) 
    values
        (?, ?, ?)
14:10:08,061 DEBUG SQL:104 - 
    select
        square0_.id as id5_0_,
        square0_.x as x5_0_,
        square0_.y as y5_0_ 
    from
        Square square0_ 
    where
        square0_.id=?
14:10:08,062 DEBUG SQL:104 - 
    delete 
    from
        Square 
    where
        id=?
14:10:08,063  INFO CustomRunner:139 - Test: testEmbeddableUsesAccessStrategyOfContainingClass
14:10:08,068 DEBUG SQL:104 - 
    call next value for hibernate_sequence
14:10:08,070 DEBUG SQL:104 - 
    insert 
    into
        Shape
        (b, g, r, DTYPE, id) 
    values
        (?, ?, ?, 'Circle', ?)
14:10:08,071 DEBUG SQL:104 - 
    select
        circle0_.id as id4_0_,
        circle0_.b as b4_0_,
        circle0_.g as g4_0_,
        circle0_.r as r4_0_ 
    from
        Shape circle0_ 
    where
        circle0_.id=? 
        and circle0_.DTYPE='Circle'
14:10:08,073 DEBUG SQL:104 - 
    delete 
    from
        Shape 
    where
        id=?
14:10:08,074  INFO CustomRunner:139 - Test: testFieldsOverriding
14:10:08,077 DEBUG SQL:104 - 
    call next value for hibernate_sequence
14:10:08,080 DEBUG SQL:104 - 
    insert 
    into
        Gardenshed
        (color, name, floors, id) 
    values
        (?, ?, ?, ?)
14:10:08,081 DEBUG SQL:104 - 
    select
        gardenshed0_.id as id3_0_,
        gardenshed0_.color as color3_0_,
        gardenshed0_.name as name3_0_,
        gardenshed0_.floors as floors3_0_ 
    from
        Gardenshed gardenshed0_ 
    where
        gardenshed0_.id=?
14:10:08,082 DEBUG SQL:104 - 
    delete 
    from
        Gardenshed 
    where
        id=?
14:10:08,083  INFO CustomRunner:139 - Test: testNonOverridenSubclass
14:10:08,084 DEBUG SQL:104 - 
    call next value for hibernate_sequence
14:10:08,087 DEBUG SQL:104 - 
    insert 
    into
        Furniture
        (god, color, name, brand, weight, DTYPE, id) 
    values
        (?, ?, ?, ?, ?, 'Chair', ?)
14:10:08,088 DEBUG SQL:104 - 
    select
        chair0_.id as id2_0_,
        chair0_.god as god2_0_,
        chair0_.color as color2_0_,
        chair0_.name as name2_0_,
        chair0_.brand as brand2_0_,
        chair0_.weight as weight2_0_ 
    from
        Furniture chair0_ 
    where
        chair0_.id=? 
        and chair0_.DTYPE='Chair'
14:10:08,089 DEBUG SQL:104 - 
    delete 
    from
        Furniture 
    where
        id=?
14:10:08,091  INFO CustomRunner:139 - Test: testOverridenSubclass
14:10:08,092 DEBUG SQL:104 - 
    call next value for hibernate_sequence
14:10:08,095 DEBUG SQL:104 - 
    insert 
    into
        Furniture
        (god, color, name, brand, weight, bed_size, DTYPE, id) 
    values
        (?, ?, ?, ?, ?, ?, 'BigBed', ?)
14:10:08,096 DEBUG SQL:104 - 
    select
        bigbed0_.id as id2_0_,
        bigbed0_.god as god2_0_,
        bigbed0_.color as color2_0_,
        bigbed0_.name as name2_0_,
        bigbed0_.brand as brand2_0_,
        bigbed0_.weight as weight2_0_,
        bigbed0_.bed_size as bed8_2_0_ 
    from
        Furniture bigbed0_ 
    where
        bigbed0_.id=? 
        and bigbed0_.DTYPE='BigBed'
14:10:08,098 DEBUG SQL:104 - 
    delete 
    from
        Furniture 
    where
        id=?
14:10:08,099  INFO CustomRunner:139 - Test: testPropertyOverriding
14:10:08,100 DEBUG SQL:104 - 
    call next value for hibernate_sequence
14:10:08,101 DEBUG SQL:104 - 
    insert 
    into
        Furniture
        (god, color, name, brand, weight, DTYPE, id) 
    values
        (?, ?, ?, ?, ?, 'Furniture', ?)
14:10:08,102 DEBUG SQL:104 - 
    select
        furniture0_.id as id2_0_,
        furniture0_.god as god2_0_,
        furniture0_.color as color2_0_,
        furniture0_.name as name2_0_,
        furniture0_.brand as brand2_0_,
        furniture0_.weight as weight2_0_,
        furniture0_.bed_size as bed8_2_0_,
        furniture0_.DTYPE as DTYPE2_0_ 
    from
        Furniture furniture0_ 
    where
        furniture0_.id=?
14:10:08,103 DEBUG SQL:104 - 
    delete 
    from
        Furniture 
    where
        id=?
14:10:08,105  INFO CustomRunner:139 - Test: testSuperclassNonOverriding
14:10:08,106 DEBUG SQL:104 - 
    call next value for hibernate_sequence
14:10:08,107 DEBUG SQL:104 - 
    insert 
    into
        Furniture
        (god, color, name, brand, weight, DTYPE, id) 
    values
        (?, ?, ?, ?, ?, 'Furniture', ?)
14:10:08,108 DEBUG SQL:104 - 
    select
        furniture0_.id as id2_0_,
        furniture0_.god as god2_0_,
        furniture0_.color as color2_0_,
        furniture0_.name as name2_0_,
        furniture0_.brand as brand2_0_,
        furniture0_.weight as weight2_0_,
        furniture0_.bed_size as bed8_2_0_,
        furniture0_.DTYPE as DTYPE2_0_ 
    from
        Furniture furniture0_ 
    where
        furniture0_.id=?
14:10:08,109 DEBUG SQL:104 - 
    delete 
    from
        Furniture 
    where
        id=?
14:10:08,110  INFO CustomRunner:139 - Test: testSuperclassOverriding
14:10:08,111 DEBUG SQL:104 - 
    call next value for hibernate_sequence
14:10:08,112 DEBUG SQL:104 - 
    insert 
    into
        Furniture
        (god, color, name, brand, weight, DTYPE, id) 
    values
        (?, ?, ?, ?, ?, 'Furniture', ?)
14:10:08,113 DEBUG SQL:104 - 
    select
        furniture0_.id as id2_0_,
        furniture0_.god as god2_0_,
        furniture0_.color as color2_0_,
        furniture0_.name as name2_0_,
        furniture0_.brand as brand2_0_,
        furniture0_.weight as weight2_0_,
        furniture0_.bed_size as bed8_2_0_,
        furniture0_.DTYPE as DTYPE2_0_ 
    from
        Furniture furniture0_ 
    where
        furniture0_.id=?
14:10:08,115 DEBUG SQL:104 - 
    delete 
    from
        Furniture 
    where
        id=?
14:10:08,116  INFO SchemaExport:343 - HHH000227: Running hbm2ddl schema export
14:10:08,116 DEBUG SchemaExport:353 - Import file not found: /import.sql
14:10:08,117 DEBUG SQL:104 - 
    alter table Being_Being 
        drop constraint FK255250FF46014CAD
14:10:08,117 DEBUG SQL:104 - 
    alter table Being_Being 
        drop constraint FK255250FFB1BCD43
14:10:08,117 DEBUG SQL:104 - 
    drop table Being if exists
14:10:08,118 DEBUG SQL:104 - 
    drop table Being_Being if exists
14:10:08,118 DEBUG SQL:104 - 
    drop table Furniture if exists
14:10:08,118 DEBUG SQL:104 - 
    drop table Gardenshed if exists
14:10:08,119 DEBUG SQL:104 - 
    drop table Shape if exists
14:10:08,119 DEBUG SQL:104 - 
    drop table Square if exists
14:10:08,120 DEBUG SQL:104 - 
    drop sequence hibernate_sequence
14:10:08,120  INFO SchemaExport:405 - HHH000230: Schema export complete
14:10:08,120  INFO DriverManagerConnectionProviderImpl:162 - HHH000030: Cleaning up connection pool [jdbc:h2:mem:db1;DB_CLOSE_DELAY=-1;MVCC=TRUE]
]]></system-out>
  <system-err><![CDATA[]]></system-err>
</testsuite>
