<?xml version="1.0" encoding="UTF-8"?>
<testsuite errors="0" failures="0" hostname="dhcp-10.15.208.168.stl.redhat.com" name="org.hibernate.engine.query.ParameterParserTest" tests="1" time="0.006" timestamp="2013-02-28T20:09:53">
  <properties />
  <testcase classname="org.hibernate.engine.query.ParameterParserTest" name="testEscapeCallRecognition" time="0.003" />
  <system-out><![CDATA[14:09:53,391  INFO CustomRunner:132 - BeforeClass: org.hibernate.engine.query.ParameterParserTest
14:09:53,392  INFO CustomRunner:139 - Test: testEscapeCallRecognition
]]></system-out>
  <system-err><![CDATA[]]></system-err>
</testsuite>
