<?xml version="1.0" encoding="UTF-8"?>
<testsuite errors="0" failures="0" hostname="dhcp-10.15.208.168.stl.redhat.com" name="org.hibernate.test.jpa.proxy.JPAProxyTest" tests="2" time="0.057" timestamp="2013-02-28T20:14:51">
  <properties />
  <testcase classname="org.hibernate.test.jpa.proxy.JPAProxyTest" name="testEjb3ProxyUsage" time="0.002" />
  <testcase classname="org.hibernate.test.jpa.proxy.JPAProxyTest" name="testGetSemantics" time="0.003" />
  <system-out><![CDATA[14:14:51,438  INFO CustomRunner:132 - BeforeClass: org.hibernate.test.jpa.proxy.JPAProxyTest
14:14:51,440  INFO Configuration:706 - HHH000221: Reading mappings from resource: org/hibernate/test/jpa/Part.hbm.xml
14:14:51,446  INFO Configuration:706 - HHH000221: Reading mappings from resource: org/hibernate/test/jpa/Item.hbm.xml
14:14:51,451  INFO Configuration:706 - HHH000221: Reading mappings from resource: org/hibernate/test/jpa/MyEntity.hbm.xml
14:14:51,457  INFO DriverManagerConnectionProviderImpl:99 - HHH000402: Using Hibernate built-in connection pool (not for production use!)
14:14:51,458  INFO DriverManagerConnectionProviderImpl:135 - HHH000115: Hibernate connection pool size: 5
14:14:51,458  INFO DriverManagerConnectionProviderImpl:138 - HHH000006: Autocommit mode: false
14:14:51,458  INFO DriverManagerConnectionProviderImpl:153 - HHH000401: using driver [org.h2.Driver] at URL [jdbc:h2:mem:db1;DB_CLOSE_DELAY=-1;MVCC=TRUE]
14:14:51,458  INFO DriverManagerConnectionProviderImpl:158 - HHH000046: Connection properties: {user=sa}
14:14:51,459  INFO Dialect:103 - HHH000400: Using dialect: org.hibernate.dialect.H2Dialect
14:14:51,460  INFO LobCreatorBuilder:94 - HHH000423: Disabling contextual LOB creation as JDBC driver reported JDBC version [3] less than 4
14:14:51,460  INFO TransactionFactoryInitiator:66 - HHH000399: Using default transaction strategy (direct JDBC transactions)
14:14:51,461  INFO ASTQueryTranslatorFactory:48 - HHH000397: Using ASTQueryTranslatorFactory
14:14:51,468  INFO SchemaExport:343 - HHH000227: Running hbm2ddl schema export
14:14:51,468 DEBUG SchemaExport:353 - Import file not found: /import.sql
14:14:51,469 DEBUG SQL:104 - 
    alter table EJB3_PART 
        drop constraint FKFD4B66FC2A89F363
14:14:51,469 ERROR SchemaExport:425 - HHH000389: Unsuccessful: alter table EJB3_PART drop constraint FKFD4B66FC2A89F363
14:14:51,469 ERROR SchemaExport:426 - Table "EJB3_PART" not found; SQL statement:

    alter table EJB3_PART 
        drop constraint FKFD4B66FC2A89F363 [42102-145]
14:14:51,469 DEBUG SQL:104 - 
    alter table JPA_MYENTITY 
        drop constraint FKE9D28493C4B8BDC8
14:14:51,470 ERROR SchemaExport:425 - HHH000389: Unsuccessful: alter table JPA_MYENTITY drop constraint FKE9D28493C4B8BDC8
14:14:51,470 ERROR SchemaExport:426 - Table "JPA_MYENTITY" not found; SQL statement:

    alter table JPA_MYENTITY 
        drop constraint FKE9D28493C4B8BDC8 [42102-145]
14:14:51,470 DEBUG SQL:104 - 
    drop table EJB3_ITEM if exists
14:14:51,470 DEBUG SQL:104 - 
    drop table EJB3_PART if exists
14:14:51,470 DEBUG SQL:104 - 
    drop table JPA_MYENTITY if exists
14:14:51,470 DEBUG SQL:104 - 
    create table EJB3_ITEM (
        ITEM_ID bigint not null,
        VERS bigint not null,
        NAME varchar(255) not null,
        primary key (ITEM_ID)
    )
14:14:51,471 DEBUG SQL:104 - 
    create table EJB3_PART (
        PART_ID bigint not null,
        ITEM_ID bigint not null,
        NAME varchar(255) not null,
        STOCK_NUM varchar(255) not null,
        UNIT_PRICE decimal(19,2) not null,
        primary key (PART_ID)
    )
14:14:51,471 DEBUG SQL:104 - 
    create table JPA_MYENTITY (
        ID bigint not null,
        "TYPE" varchar(255) not null,
        name varchar(255),
        other bigint,
        someSubProperty varchar(255),
        primary key (ID)
    )
14:14:51,471 DEBUG SQL:104 - 
    alter table EJB3_PART 
        add constraint FKFD4B66FC2A89F363 
        foreign key (ITEM_ID) 
        references EJB3_ITEM
14:14:51,472 DEBUG SQL:104 - 
    alter table JPA_MYENTITY 
        add constraint FKE9D28493C4B8BDC8 
        foreign key (other) 
        references JPA_MYENTITY
14:14:51,472  INFO SchemaExport:405 - HHH000230: Schema export complete
14:14:51,473  WARN SessionFactoryImpl:1554 - HHH000008: JTASessionContext being used with JDBCTransactionFactory; auto-flush will not operate correctly with getCurrentSession()
14:14:51,473  INFO CustomRunner:139 - Test: testEjb3ProxyUsage
14:14:51,474 DEBUG SQL:104 - 
    select
        item0_.ITEM_ID as ITEM1_0_0_,
        item0_.VERS as VERS0_0_,
        item0_.NAME as NAME0_0_ 
    from
        EJB3_ITEM item0_ 
    where
        item0_.ITEM_ID=?
14:14:51,475 DEBUG SQL:104 - 
    select
        item0_.ITEM_ID as ITEM1_0_0_,
        item0_.VERS as VERS0_0_,
        item0_.NAME as NAME0_0_ 
    from
        EJB3_ITEM item0_ 
    where
        item0_.ITEM_ID=?
14:14:51,476  INFO CustomRunner:139 - Test: testGetSemantics
14:14:51,481 DEBUG SQL:104 - 
    select
        item0_.ITEM_ID as ITEM1_0_0_,
        item0_.VERS as VERS0_0_,
        item0_.NAME as NAME0_0_ 
    from
        EJB3_ITEM item0_ 
    where
        item0_.ITEM_ID=?
14:14:51,482 DEBUG SQL:104 - 
    select
        item0_.ITEM_ID as ITEM1_0_0_,
        item0_.VERS as VERS0_0_,
        item0_.NAME as NAME0_0_ 
    from
        EJB3_ITEM item0_ 
    where
        item0_.ITEM_ID=?
14:14:51,483  INFO SchemaExport:343 - HHH000227: Running hbm2ddl schema export
14:14:51,484 DEBUG SchemaExport:353 - Import file not found: /import.sql
14:14:51,484 DEBUG SQL:104 - 
    alter table EJB3_PART 
        drop constraint FKFD4B66FC2A89F363
14:14:51,484 DEBUG SQL:104 - 
    alter table JPA_MYENTITY 
        drop constraint FKE9D28493C4B8BDC8
14:14:51,484 DEBUG SQL:104 - 
    drop table EJB3_ITEM if exists
14:14:51,492 DEBUG SQL:104 - 
    drop table EJB3_PART if exists
14:14:51,493 DEBUG SQL:104 - 
    drop table JPA_MYENTITY if exists
14:14:51,493  INFO SchemaExport:405 - HHH000230: Schema export complete
14:14:51,493  INFO DriverManagerConnectionProviderImpl:162 - HHH000030: Cleaning up connection pool [jdbc:h2:mem:db1;DB_CLOSE_DELAY=-1;MVCC=TRUE]
]]></system-out>
  <system-err><![CDATA[]]></system-err>
</testsuite>
