<?xml version="1.0" encoding="UTF-8"?>
<testsuite errors="0" failures="0" hostname="dhcp-10.15.208.168.stl.redhat.com" name="org.hibernate.test.instrument.runtime.JavassistInstrumentationTest" tests="10" time="15.453" timestamp="2013-02-28T20:14:29">
  <properties />
  <testcase classname="org.hibernate.test.instrument.runtime.JavassistInstrumentationTest" name="testCustomColumnReadAndWrite" time="0.913" />
  <testcase classname="org.hibernate.test.instrument.runtime.JavassistInstrumentationTest" name="testDirtyCheck" time="0.13" />
  <testcase classname="org.hibernate.test.instrument.runtime.JavassistInstrumentationTest" name="testFetchAll" time="0.074" />
  <testcase classname="org.hibernate.test.instrument.runtime.JavassistInstrumentationTest" name="testLazy" time="13.589" />
  <testcase classname="org.hibernate.test.instrument.runtime.JavassistInstrumentationTest" name="testLazyManyToOne" time="0.133" />
  <testcase classname="org.hibernate.test.instrument.runtime.JavassistInstrumentationTest" name="testLazyPropertyCustomType" time="0.251" />
  <testcase classname="org.hibernate.test.instrument.runtime.JavassistInstrumentationTest" name="testManyToOneProxy" time="0.073" />
  <testcase classname="org.hibernate.test.instrument.runtime.JavassistInstrumentationTest" name="testPropertyInitialized" time="0.086" />
  <testcase classname="org.hibernate.test.instrument.runtime.JavassistInstrumentationTest" name="testSetFieldInterceptor" time="0.072" />
  <testcase classname="org.hibernate.test.instrument.runtime.JavassistInstrumentationTest" name="testSharedPKOneToOne" time="0.058" />
  <system-out><![CDATA[14:14:29,548  INFO CustomRunner:132 - BeforeClass: org.hibernate.test.instrument.runtime.JavassistInstrumentationTest
14:14:29,601  INFO CustomRunner:139 - Test: testCustomColumnReadAndWrite
14:14:29,822  INFO Configuration:725 - HHH000221: Reading mappings from resource: org/hibernate/test/instrument/domain/Documents.hbm.xml
14:14:29,955  INFO DriverManagerConnectionProviderImpl:99 - HHH000402: Using Hibernate built-in connection pool (not for production use!)
14:14:29,956  INFO DriverManagerConnectionProviderImpl:135 - HHH000115: Hibernate connection pool size: 5
14:14:29,956  INFO DriverManagerConnectionProviderImpl:138 - HHH000006: Autocommit mode: false
14:14:29,956  INFO DriverManagerConnectionProviderImpl:153 - HHH000401: using driver [org.h2.Driver] at URL [jdbc:h2:mem:db1;DB_CLOSE_DELAY=-1;MVCC=TRUE]
14:14:29,956  INFO DriverManagerConnectionProviderImpl:158 - HHH000046: Connection properties: {user=sa}
14:14:29,957  INFO Dialect:103 - HHH000400: Using dialect: org.hibernate.dialect.H2Dialect
14:14:29,987  INFO LobCreatorBuilder:94 - HHH000423: Disabling contextual LOB creation as JDBC driver reported JDBC version [3] less than 4
14:14:29,988  INFO TransactionFactoryInitiator:66 - HHH000399: Using default transaction strategy (direct JDBC transactions)
14:14:29,989  INFO ASTQueryTranslatorFactory:48 - HHH000397: Using ASTQueryTranslatorFactory
14:14:29,989  WARN CachingRegionFactory:58 - CachingRegionFactory should be only used for testing.
14:14:30,073  INFO EntityMetamodel:277 - HHH000157: Lazy property fetching available for: org.hibernate.test.instrument.domain.Entity
14:14:30,132  INFO EntityMetamodel:277 - HHH000157: Lazy property fetching available for: org.hibernate.test.instrument.domain.Document
14:14:30,140  INFO SchemaExport:343 - HHH000227: Running hbm2ddl schema export
14:14:30,141 DEBUG SchemaExport:353 - Import file not found: /import.sql
14:14:30,141 DEBUG SQL:104 - 
    alter table documents 
        drop constraint FK383D52B8ABB15FD5
14:14:30,141 ERROR SchemaExport:425 - HHH000389: Unsuccessful: alter table documents drop constraint FK383D52B8ABB15FD5
14:14:30,142 ERROR SchemaExport:426 - Table "DOCUMENTS" not found; SQL statement:

    alter table documents 
        drop constraint FK383D52B8ABB15FD5 [42102-145]
14:14:30,142 DEBUG SQL:104 - 
    alter table documents 
        drop constraint FK383D52B859237B4D
14:14:30,142 ERROR SchemaExport:425 - HHH000389: Unsuccessful: alter table documents drop constraint FK383D52B859237B4D
14:14:30,142 ERROR SchemaExport:426 - Table "DOCUMENTS" not found; SQL statement:

    alter table documents 
        drop constraint FK383D52B859237B4D [42102-145]
14:14:30,142 DEBUG SQL:104 - 
    alter table entity 
        drop constraint FKB29DE3E3E31BB44E
14:14:30,142 ERROR SchemaExport:425 - HHH000389: Unsuccessful: alter table entity drop constraint FKB29DE3E3E31BB44E
14:14:30,142 ERROR SchemaExport:426 - Table "ENTITY" not found; SQL statement:

    alter table entity 
        drop constraint FKB29DE3E3E31BB44E [42102-145]
14:14:30,142 DEBUG SQL:104 - 
    alter table entity 
        drop constraint FKB29DE3E39FFC34FA
14:14:30,142 ERROR SchemaExport:425 - HHH000389: Unsuccessful: alter table entity drop constraint FKB29DE3E39FFC34FA
14:14:30,142 ERROR SchemaExport:426 - Table "ENTITY" not found; SQL statement:

    alter table entity 
        drop constraint FKB29DE3E39FFC34FA [42102-145]
14:14:30,143 DEBUG SQL:104 - 
    alter table folders 
        drop constraint FKD74671C5BBFF4C11
14:14:30,143 ERROR SchemaExport:425 - HHH000389: Unsuccessful: alter table folders drop constraint FKD74671C5BBFF4C11
14:14:30,143 ERROR SchemaExport:426 - Table "FOLDERS" not found; SQL statement:

    alter table folders 
        drop constraint FKD74671C5BBFF4C11 [42102-145]
14:14:30,143 DEBUG SQL:104 - 
    drop table documents if exists
14:14:30,143 DEBUG SQL:104 - 
    drop table entity if exists
14:14:30,143 DEBUG SQL:104 - 
    drop table folders if exists
14:14:30,143 DEBUG SQL:104 - 
    drop table owners if exists
14:14:30,143 DEBUG SQL:104 - 
    create table documents (
        id bigint not null,
        name varchar(50) not null,
        summary varchar(200) not null,
        folder bigint not null,
        owner bigint not null,
        text varchar(2000) not null,
        lastTextModification timestamp not null,
        size_mb double,
        primary key (id)
    )
14:14:30,144 DEBUG SQL:104 - 
    create table entity (
        ID bigint not null,
        NAME varchar(255),
        PRNT_ID bigint,
        RIGHT_ID bigint,
        primary key (ID)
    )
14:14:30,144 DEBUG SQL:104 - 
    create table folders (
        id bigint not null,
        name varchar(50) not null,
        parent bigint,
        primary key (id)
    )
14:14:30,144 DEBUG SQL:104 - 
    create table owners (
        id bigint not null,
        name varchar(50) not null,
        primary key (id)
    )
14:14:30,144 DEBUG SQL:104 - 
    alter table documents 
        add constraint FK383D52B8ABB15FD5 
        foreign key (folder) 
        references folders
14:14:30,145 DEBUG SQL:104 - 
    alter table documents 
        add constraint FK383D52B859237B4D 
        foreign key (owner) 
        references owners
14:14:30,145 DEBUG SQL:104 - 
    alter table entity 
        add constraint FKB29DE3E3E31BB44E 
        foreign key (PRNT_ID) 
        references entity
14:14:30,145 DEBUG SQL:104 - 
    alter table entity 
        add constraint FKB29DE3E39FFC34FA 
        foreign key (RIGHT_ID) 
        references entity
14:14:30,146 DEBUG SQL:104 - 
    alter table folders 
        add constraint FKD74671C5BBFF4C11 
        foreign key (parent) 
        references folders
14:14:30,146  INFO SchemaExport:405 - HHH000230: Schema export complete
14:14:30,147  WARN SessionFactoryImpl:1554 - HHH000008: JTASessionContext being used with JDBCTransactionFactory; auto-flush will not operate correctly with getCurrentSession()
14:14:30,219 DEBUG SQL:104 - 
    select
        max(id) 
    from
        owners
14:14:30,287 DEBUG SQL:104 - 
    select
        max(id) 
    from
        folders
14:14:30,288 DEBUG SQL:104 - 
    select
        max(id) 
    from
        documents
14:14:30,330 DEBUG SQL:104 - 
    insert 
    into
        owners
        (name, id) 
    values
        (?, ?)
14:14:30,331 DEBUG SQL:104 - 
    insert 
    into
        folders
        (name, parent, id) 
    values
        (?, ?, ?)
14:14:30,332 DEBUG SQL:104 - 
    insert 
    into
        documents
        (name, summary, folder, owner, text, lastTextModification, size_mb, id) 
    values
        (?, ?, ?, ?, ?, ?, ? / cast( 1024.0 as float ), ?)
14:14:30,356 DEBUG SQL:104 - 
    select
        size_mb 
    from
        documents
14:14:30,383 DEBUG QueryTranslatorImpl:265 - parse() - HQL: from org.hibernate.test.instrument.domain.Document fetch all properties
14:14:30,404 DEBUG QueryTranslatorImpl:283 - --- HQL AST ---
 \-[QUERY] Node: 'query'
    \-[SELECT_FROM] Node: 'SELECT_FROM'
       \-[FROM] Node: 'from'
          \-[RANGE] Node: 'RANGE'
             +-[DOT] Node: '.'
             |  +-[DOT] Node: '.'
             |  |  +-[DOT] Node: '.'
             |  |  |  +-[DOT] Node: '.'
             |  |  |  |  +-[DOT] Node: '.'
             |  |  |  |  |  +-[IDENT] Node: 'org'
             |  |  |  |  |  \-[IDENT] Node: 'hibernate'
             |  |  |  |  \-[IDENT] Node: 'test'
             |  |  |  \-[IDENT] Node: 'instrument'
             |  |  \-[IDENT] Node: 'domain'
             |  \-[IDENT] Node: 'Document'
             \-[FETCH] Node: 'fetch'

14:14:30,404 DEBUG ErrorCounter:82 - throwQueryException() : no errors
14:14:30,405 DEBUG FromElement:157 - FromClause{level=1} : org.hibernate.test.instrument.domain.Document (<no alias>) -> document0_
14:14:30,405 DEBUG HqlSqlWalker:629 - processQuery() :  ( SELECT ( FromClause{level=1} documents document0_ ) )
14:14:30,405 DEBUG HqlSqlWalker:869 - Derived SELECT clause created.
14:14:30,405 DEBUG JoinProcessor:175 - Using FROM fragment [documents document0_]
14:14:30,406 DEBUG QueryTranslatorImpl:252 - --- SQL AST ---
 \-[SELECT] QueryNode: 'SELECT'  querySpaces (documents)
    +-[SELECT_CLAUSE] SelectClause: '{derived select clause}'
    |  +-[SELECT_EXPR] SelectExpressionImpl: 'document0_.id as id0_' {FromElement{explicit,not a collection join,not a fetch join,fetch all properties,classAlias=null,role=null,tableName=documents,tableAlias=document0_,origin=null,columns={,className=org.hibernate.test.instrument.domain.Document}}}
    |  \-[SQL_TOKEN] SqlFragment: 'document0_.name as name0_, document0_.summary as summary0_, document0_.folder as folder0_, document0_.owner as owner0_, document0_.text as text0_, document0_.lastTextModification as lastText7_0_, document0_.size_mb * 1024.0 as size8_0_, upper(document0_.name) as formula78_'
    \-[FROM] FromClause: 'from' FromClause{level=1, fromElementCounter=1, fromElements=1, fromElementByClassAlias=[], fromElementByTableAlias=[document0_], fromElementsByPath=[], collectionJoinFromElementsByPath=[], impliedElements=[]}
       \-[FROM_FRAGMENT] FromElement: 'documents document0_' FromElement{explicit,not a collection join,not a fetch join,fetch all properties,classAlias=null,role=null,tableName=documents,tableAlias=document0_,origin=null,columns={,className=org.hibernate.test.instrument.domain.Document}}

14:14:30,406 DEBUG ErrorCounter:82 - throwQueryException() : no errors
14:14:30,406 DEBUG QueryTranslatorImpl:235 - HQL: from org.hibernate.test.instrument.domain.Document fetch all properties
14:14:30,406 DEBUG QueryTranslatorImpl:236 - SQL: select document0_.id as id0_, document0_.name as name0_, document0_.summary as summary0_, document0_.folder as folder0_, document0_.owner as owner0_, document0_.text as text0_, document0_.lastTextModification as lastText7_0_, document0_.size_mb * 1024.0 as size8_0_, upper(document0_.name) as formula78_ from documents document0_
14:14:30,406 DEBUG ErrorCounter:82 - throwQueryException() : no errors
14:14:30,455 DEBUG SQL:104 - 
    select
        document0_.id as id0_,
        document0_.name as name0_,
        document0_.summary as summary0_,
        document0_.folder as folder0_,
        document0_.owner as owner0_,
        document0_.text as text0_,
        document0_.lastTextModification as lastText7_0_,
        document0_.size_mb * 1024.0 as size8_0_,
        upper(document0_.name) as formula78_ 
    from
        documents document0_
14:14:30,477 DEBUG SQL:104 - 
    select
        owner0_.id as id3_0_,
        owner0_.name as name3_0_ 
    from
        owners owner0_ 
    where
        owner0_.id=?
14:14:30,497 DEBUG SQL:104 - 
    select
        document0_.id as id0_0_,
        document0_.name as name0_0_ 
    from
        documents document0_ 
    where
        document0_.id=?
14:14:30,498 DEBUG SQL:104 - 
    select
        document_.summary as summary0_,
        document_.folder as folder0_,
        document_.owner as owner0_,
        document_.text as text0_,
        document_.lastTextModification as lastText7_0_,
        document_.size_mb * 1024.0 as size8_0_,
        upper(document_.name) as formula78_ 
    from
        documents document_ 
    where
        document_.id=?
14:14:30,499 DEBUG SQL:104 - 
    select
        owner0_.id as id3_0_,
        owner0_.name as name3_0_ 
    from
        owners owner0_ 
    where
        owner0_.id=?
14:14:30,499 DEBUG SQL:104 - 
    select
        folder0_.id as id2_0_,
        folder0_.name as name2_0_,
        folder0_.parent as parent2_0_ 
    from
        folders folder0_ 
    where
        folder0_.id=?
14:14:30,500 DEBUG SQL:104 - 
    select
        documents0_.folder as folder2_1_,
        documents0_.id as id0_1_,
        documents0_.id as id0_0_,
        documents0_.name as name0_0_ 
    from
        documents documents0_ 
    where
        documents0_.folder=?
14:14:30,501 DEBUG SQL:104 - 
    delete 
    from
        documents 
    where
        id=?
14:14:30,501 DEBUG SQL:104 - 
    delete 
    from
        owners 
    where
        id=?
14:14:30,501 DEBUG SQL:104 - 
    delete 
    from
        folders 
    where
        id=?
14:14:30,502  INFO SchemaExport:343 - HHH000227: Running hbm2ddl schema export
14:14:30,502 DEBUG SchemaExport:353 - Import file not found: /import.sql
14:14:30,502 DEBUG SQL:104 - 
    alter table documents 
        drop constraint FK383D52B8ABB15FD5
14:14:30,503 DEBUG SQL:104 - 
    alter table documents 
        drop constraint FK383D52B859237B4D
14:14:30,503 DEBUG SQL:104 - 
    alter table entity 
        drop constraint FKB29DE3E3E31BB44E
14:14:30,503 DEBUG SQL:104 - 
    alter table entity 
        drop constraint FKB29DE3E39FFC34FA
14:14:30,503 DEBUG SQL:104 - 
    alter table folders 
        drop constraint FKD74671C5BBFF4C11
14:14:30,503 DEBUG SQL:104 - 
    drop table documents if exists
14:14:30,504 DEBUG SQL:104 - 
    drop table entity if exists
14:14:30,504 DEBUG SQL:104 - 
    drop table folders if exists
14:14:30,504 DEBUG SQL:104 - 
    drop table owners if exists
14:14:30,504  INFO SchemaExport:405 - HHH000230: Schema export complete
14:14:30,504  INFO DriverManagerConnectionProviderImpl:162 - HHH000030: Cleaning up connection pool [jdbc:h2:mem:db1;DB_CLOSE_DELAY=-1;MVCC=TRUE]
14:14:30,515  INFO CustomRunner:139 - Test: testDirtyCheck
14:14:30,523  INFO Configuration:725 - HHH000221: Reading mappings from resource: org/hibernate/test/instrument/domain/Documents.hbm.xml
14:14:30,549  INFO DriverManagerConnectionProviderImpl:99 - HHH000402: Using Hibernate built-in connection pool (not for production use!)
14:14:30,549  INFO DriverManagerConnectionProviderImpl:135 - HHH000115: Hibernate connection pool size: 5
14:14:30,549  INFO DriverManagerConnectionProviderImpl:138 - HHH000006: Autocommit mode: false
14:14:30,550  INFO DriverManagerConnectionProviderImpl:153 - HHH000401: using driver [org.h2.Driver] at URL [jdbc:h2:mem:db1;DB_CLOSE_DELAY=-1;MVCC=TRUE]
14:14:30,550  INFO DriverManagerConnectionProviderImpl:158 - HHH000046: Connection properties: {user=sa}
14:14:30,551  INFO Dialect:103 - HHH000400: Using dialect: org.hibernate.dialect.H2Dialect
14:14:30,552  INFO LobCreatorBuilder:94 - HHH000423: Disabling contextual LOB creation as JDBC driver reported JDBC version [3] less than 4
14:14:30,553  INFO TransactionFactoryInitiator:66 - HHH000399: Using default transaction strategy (direct JDBC transactions)
14:14:30,553  INFO ASTQueryTranslatorFactory:48 - HHH000397: Using ASTQueryTranslatorFactory
14:14:30,553  WARN CachingRegionFactory:58 - CachingRegionFactory should be only used for testing.
14:14:30,562  INFO EntityMetamodel:277 - HHH000157: Lazy property fetching available for: org.hibernate.test.instrument.domain.Entity
14:14:30,574  INFO EntityMetamodel:277 - HHH000157: Lazy property fetching available for: org.hibernate.test.instrument.domain.Document
14:14:30,584  INFO SchemaExport:343 - HHH000227: Running hbm2ddl schema export
14:14:30,585 DEBUG SchemaExport:353 - Import file not found: /import.sql
14:14:30,585 DEBUG SQL:104 - 
    alter table documents 
        drop constraint FK383D52B8ABB15FD5
14:14:30,586 ERROR SchemaExport:425 - HHH000389: Unsuccessful: alter table documents drop constraint FK383D52B8ABB15FD5
14:14:30,586 ERROR SchemaExport:426 - Table "DOCUMENTS" not found; SQL statement:

    alter table documents 
        drop constraint FK383D52B8ABB15FD5 [42102-145]
14:14:30,586 DEBUG SQL:104 - 
    alter table documents 
        drop constraint FK383D52B859237B4D
14:14:30,586 ERROR SchemaExport:425 - HHH000389: Unsuccessful: alter table documents drop constraint FK383D52B859237B4D
14:14:30,586 ERROR SchemaExport:426 - Table "DOCUMENTS" not found; SQL statement:

    alter table documents 
        drop constraint FK383D52B859237B4D [42102-145]
14:14:30,587 DEBUG SQL:104 - 
    alter table entity 
        drop constraint FKB29DE3E3E31BB44E
14:14:30,587 ERROR SchemaExport:425 - HHH000389: Unsuccessful: alter table entity drop constraint FKB29DE3E3E31BB44E
14:14:30,587 ERROR SchemaExport:426 - Table "ENTITY" not found; SQL statement:

    alter table entity 
        drop constraint FKB29DE3E3E31BB44E [42102-145]
14:14:30,587 DEBUG SQL:104 - 
    alter table entity 
        drop constraint FKB29DE3E39FFC34FA
14:14:30,587 ERROR SchemaExport:425 - HHH000389: Unsuccessful: alter table entity drop constraint FKB29DE3E39FFC34FA
14:14:30,587 ERROR SchemaExport:426 - Table "ENTITY" not found; SQL statement:

    alter table entity 
        drop constraint FKB29DE3E39FFC34FA [42102-145]
14:14:30,588 DEBUG SQL:104 - 
    alter table folders 
        drop constraint FKD74671C5BBFF4C11
14:14:30,588 ERROR SchemaExport:425 - HHH000389: Unsuccessful: alter table folders drop constraint FKD74671C5BBFF4C11
14:14:30,588 ERROR SchemaExport:426 - Table "FOLDERS" not found; SQL statement:

    alter table folders 
        drop constraint FKD74671C5BBFF4C11 [42102-145]
14:14:30,588 DEBUG SQL:104 - 
    drop table documents if exists
14:14:30,588 DEBUG SQL:104 - 
    drop table entity if exists
14:14:30,589 DEBUG SQL:104 - 
    drop table folders if exists
14:14:30,589 DEBUG SQL:104 - 
    drop table owners if exists
14:14:30,589 DEBUG SQL:104 - 
    create table documents (
        id bigint not null,
        name varchar(50) not null,
        summary varchar(200) not null,
        folder bigint not null,
        owner bigint not null,
        text varchar(2000) not null,
        lastTextModification timestamp not null,
        size_mb double,
        primary key (id)
    )
14:14:30,590 DEBUG SQL:104 - 
    create table entity (
        ID bigint not null,
        NAME varchar(255),
        PRNT_ID bigint,
        RIGHT_ID bigint,
        primary key (ID)
    )
14:14:30,590 DEBUG SQL:104 - 
    create table folders (
        id bigint not null,
        name varchar(50) not null,
        parent bigint,
        primary key (id)
    )
14:14:30,591 DEBUG SQL:104 - 
    create table owners (
        id bigint not null,
        name varchar(50) not null,
        primary key (id)
    )
14:14:30,591 DEBUG SQL:104 - 
    alter table documents 
        add constraint FK383D52B8ABB15FD5 
        foreign key (folder) 
        references folders
14:14:30,591 DEBUG SQL:104 - 
    alter table documents 
        add constraint FK383D52B859237B4D 
        foreign key (owner) 
        references owners
14:14:30,592 DEBUG SQL:104 - 
    alter table entity 
        add constraint FKB29DE3E3E31BB44E 
        foreign key (PRNT_ID) 
        references entity
14:14:30,592 DEBUG SQL:104 - 
    alter table entity 
        add constraint FKB29DE3E39FFC34FA 
        foreign key (RIGHT_ID) 
        references entity
14:14:30,593 DEBUG SQL:104 - 
    alter table folders 
        add constraint FKD74671C5BBFF4C11 
        foreign key (parent) 
        references folders
14:14:30,593  INFO SchemaExport:405 - HHH000230: Schema export complete
14:14:30,594  WARN SessionFactoryImpl:1554 - HHH000008: JTASessionContext being used with JDBCTransactionFactory; auto-flush will not operate correctly with getCurrentSession()
14:14:30,598 DEBUG SQL:104 - 
    select
        max(id) 
    from
        folders
14:14:30,600 DEBUG SQL:104 - 
    insert 
    into
        folders
        (name, parent, id) 
    values
        (?, ?, ?)
14:14:30,602 DEBUG SQL:104 - 
    insert 
    into
        folders
        (name, parent, id) 
    values
        (?, ?, ?)
14:14:30,635 DEBUG SQL:104 - 
    select
        this_.id as id2_0_,
        this_.name as name2_0_,
        this_.parent as parent2_0_ 
    from
        folders this_
14:14:30,638 DEBUG QueryTranslatorImpl:265 - parse() - HQL: delete from org.hibernate.test.instrument.domain.Folder
14:14:30,639 DEBUG QueryTranslatorImpl:283 - --- HQL AST ---
 \-[DELETE] Node: 'delete'
    \-[FROM] Node: 'FROM'
       \-[RANGE] Node: 'RANGE'
          \-[DOT] Node: '.'
             +-[DOT] Node: '.'
             |  +-[DOT] Node: '.'
             |  |  +-[DOT] Node: '.'
             |  |  |  +-[DOT] Node: '.'
             |  |  |  |  +-[IDENT] Node: 'org'
             |  |  |  |  \-[IDENT] Node: 'hibernate'
             |  |  |  \-[IDENT] Node: 'test'
             |  |  \-[IDENT] Node: 'instrument'
             |  \-[IDENT] Node: 'domain'
             \-[IDENT] Node: 'Folder'

14:14:30,640 DEBUG ErrorCounter:82 - throwQueryException() : no errors
14:14:30,640 DEBUG FromElement:157 - FromClause{level=1} : org.hibernate.test.instrument.domain.Folder (<no alias>) -> folder0_
14:14:30,640 DEBUG QueryTranslatorImpl:252 - --- SQL AST ---
 \-[DELETE] DeleteStatement: 'delete'  querySpaces (folders)
    \-[FROM] FromClause: 'FROM' FromClause{level=1, fromElementCounter=1, fromElements=1, fromElementByClassAlias=[], fromElementByTableAlias=[folder0_], fromElementsByPath=[], collectionJoinFromElementsByPath=[], impliedElements=[]}
       \-[FROM_FRAGMENT] FromElement: 'folders' FromElement{explicit,not a collection join,not a fetch join,fetch non-lazy properties,classAlias=null,role=null,tableName=folders,tableAlias=folder0_,origin=null,columns={,className=org.hibernate.test.instrument.domain.Folder}}

14:14:30,640 DEBUG ErrorCounter:82 - throwQueryException() : no errors
14:14:30,641 DEBUG ErrorCounter:82 - throwQueryException() : no errors
14:14:30,641 DEBUG SQL:104 - 
    delete 
    from
        folders
14:14:30,642  INFO SchemaExport:343 - HHH000227: Running hbm2ddl schema export
14:14:30,643 DEBUG SchemaExport:353 - Import file not found: /import.sql
14:14:30,643 DEBUG SQL:104 - 
    alter table documents 
        drop constraint FK383D52B8ABB15FD5
14:14:30,643 DEBUG SQL:104 - 
    alter table documents 
        drop constraint FK383D52B859237B4D
14:14:30,643 DEBUG SQL:104 - 
    alter table entity 
        drop constraint FKB29DE3E3E31BB44E
14:14:30,644 DEBUG SQL:104 - 
    alter table entity 
        drop constraint FKB29DE3E39FFC34FA
14:14:30,644 DEBUG SQL:104 - 
    alter table folders 
        drop constraint FKD74671C5BBFF4C11
14:14:30,644 DEBUG SQL:104 - 
    drop table documents if exists
14:14:30,644 DEBUG SQL:104 - 
    drop table entity if exists
14:14:30,645 DEBUG SQL:104 - 
    drop table folders if exists
14:14:30,645 DEBUG SQL:104 - 
    drop table owners if exists
14:14:30,645  INFO SchemaExport:405 - HHH000230: Schema export complete
14:14:30,645  INFO DriverManagerConnectionProviderImpl:162 - HHH000030: Cleaning up connection pool [jdbc:h2:mem:db1;DB_CLOSE_DELAY=-1;MVCC=TRUE]
14:14:30,646  INFO CustomRunner:139 - Test: testFetchAll
14:14:30,652  INFO Configuration:725 - HHH000221: Reading mappings from resource: org/hibernate/test/instrument/domain/Documents.hbm.xml
14:14:30,674  INFO DriverManagerConnectionProviderImpl:99 - HHH000402: Using Hibernate built-in connection pool (not for production use!)
14:14:30,675  INFO DriverManagerConnectionProviderImpl:135 - HHH000115: Hibernate connection pool size: 5
14:14:30,675  INFO DriverManagerConnectionProviderImpl:138 - HHH000006: Autocommit mode: false
14:14:30,675  INFO DriverManagerConnectionProviderImpl:153 - HHH000401: using driver [org.h2.Driver] at URL [jdbc:h2:mem:db1;DB_CLOSE_DELAY=-1;MVCC=TRUE]
14:14:30,675  INFO DriverManagerConnectionProviderImpl:158 - HHH000046: Connection properties: {user=sa}
14:14:30,676  INFO Dialect:103 - HHH000400: Using dialect: org.hibernate.dialect.H2Dialect
14:14:30,677  INFO LobCreatorBuilder:94 - HHH000423: Disabling contextual LOB creation as JDBC driver reported JDBC version [3] less than 4
14:14:30,678  INFO TransactionFactoryInitiator:66 - HHH000399: Using default transaction strategy (direct JDBC transactions)
14:14:30,678  INFO ASTQueryTranslatorFactory:48 - HHH000397: Using ASTQueryTranslatorFactory
14:14:30,678  WARN CachingRegionFactory:58 - CachingRegionFactory should be only used for testing.
14:14:30,686  INFO EntityMetamodel:277 - HHH000157: Lazy property fetching available for: org.hibernate.test.instrument.domain.Entity
14:14:30,691  INFO EntityMetamodel:277 - HHH000157: Lazy property fetching available for: org.hibernate.test.instrument.domain.Document
14:14:30,697  INFO SchemaExport:343 - HHH000227: Running hbm2ddl schema export
14:14:30,697 DEBUG SchemaExport:353 - Import file not found: /import.sql
14:14:30,697 DEBUG SQL:104 - 
    alter table documents 
        drop constraint FK383D52B8ABB15FD5
14:14:30,697 ERROR SchemaExport:425 - HHH000389: Unsuccessful: alter table documents drop constraint FK383D52B8ABB15FD5
14:14:30,697 ERROR SchemaExport:426 - Table "DOCUMENTS" not found; SQL statement:

    alter table documents 
        drop constraint FK383D52B8ABB15FD5 [42102-145]
14:14:30,698 DEBUG SQL:104 - 
    alter table documents 
        drop constraint FK383D52B859237B4D
14:14:30,698 ERROR SchemaExport:425 - HHH000389: Unsuccessful: alter table documents drop constraint FK383D52B859237B4D
14:14:30,698 ERROR SchemaExport:426 - Table "DOCUMENTS" not found; SQL statement:

    alter table documents 
        drop constraint FK383D52B859237B4D [42102-145]
14:14:30,698 DEBUG SQL:104 - 
    alter table entity 
        drop constraint FKB29DE3E3E31BB44E
14:14:30,698 ERROR SchemaExport:425 - HHH000389: Unsuccessful: alter table entity drop constraint FKB29DE3E3E31BB44E
14:14:30,698 ERROR SchemaExport:426 - Table "ENTITY" not found; SQL statement:

    alter table entity 
        drop constraint FKB29DE3E3E31BB44E [42102-145]
14:14:30,698 DEBUG SQL:104 - 
    alter table entity 
        drop constraint FKB29DE3E39FFC34FA
14:14:30,698 ERROR SchemaExport:425 - HHH000389: Unsuccessful: alter table entity drop constraint FKB29DE3E39FFC34FA
14:14:30,698 ERROR SchemaExport:426 - Table "ENTITY" not found; SQL statement:

    alter table entity 
        drop constraint FKB29DE3E39FFC34FA [42102-145]
14:14:30,698 DEBUG SQL:104 - 
    alter table folders 
        drop constraint FKD74671C5BBFF4C11
14:14:30,699 ERROR SchemaExport:425 - HHH000389: Unsuccessful: alter table folders drop constraint FKD74671C5BBFF4C11
14:14:30,699 ERROR SchemaExport:426 - Table "FOLDERS" not found; SQL statement:

    alter table folders 
        drop constraint FKD74671C5BBFF4C11 [42102-145]
14:14:30,699 DEBUG SQL:104 - 
    drop table documents if exists
14:14:30,699 DEBUG SQL:104 - 
    drop table entity if exists
14:14:30,699 DEBUG SQL:104 - 
    drop table folders if exists
14:14:30,699 DEBUG SQL:104 - 
    drop table owners if exists
14:14:30,699 DEBUG SQL:104 - 
    create table documents (
        id bigint not null,
        name varchar(50) not null,
        summary varchar(200) not null,
        folder bigint not null,
        owner bigint not null,
        text varchar(2000) not null,
        lastTextModification timestamp not null,
        size_mb double,
        primary key (id)
    )
14:14:30,699 DEBUG SQL:104 - 
    create table entity (
        ID bigint not null,
        NAME varchar(255),
        PRNT_ID bigint,
        RIGHT_ID bigint,
        primary key (ID)
    )
14:14:30,700 DEBUG SQL:104 - 
    create table folders (
        id bigint not null,
        name varchar(50) not null,
        parent bigint,
        primary key (id)
    )
14:14:30,700 DEBUG SQL:104 - 
    create table owners (
        id bigint not null,
        name varchar(50) not null,
        primary key (id)
    )
14:14:30,700 DEBUG SQL:104 - 
    alter table documents 
        add constraint FK383D52B8ABB15FD5 
        foreign key (folder) 
        references folders
14:14:30,701 DEBUG SQL:104 - 
    alter table documents 
        add constraint FK383D52B859237B4D 
        foreign key (owner) 
        references owners
14:14:30,701 DEBUG SQL:104 - 
    alter table entity 
        add constraint FKB29DE3E3E31BB44E 
        foreign key (PRNT_ID) 
        references entity
14:14:30,701 DEBUG SQL:104 - 
    alter table entity 
        add constraint FKB29DE3E39FFC34FA 
        foreign key (RIGHT_ID) 
        references entity
14:14:30,702 DEBUG SQL:104 - 
    alter table folders 
        add constraint FKD74671C5BBFF4C11 
        foreign key (parent) 
        references folders
14:14:30,702  INFO SchemaExport:405 - HHH000230: Schema export complete
14:14:30,702  WARN SessionFactoryImpl:1554 - HHH000008: JTASessionContext being used with JDBCTransactionFactory; auto-flush will not operate correctly with getCurrentSession()
14:14:30,703 DEBUG SQL:104 - 
    select
        max(id) 
    from
        owners
14:14:30,704 DEBUG SQL:104 - 
    select
        max(id) 
    from
        folders
14:14:30,704 DEBUG SQL:104 - 
    select
        max(id) 
    from
        documents
14:14:30,705 DEBUG SQL:104 - 
    insert 
    into
        owners
        (name, id) 
    values
        (?, ?)
14:14:30,706 DEBUG SQL:104 - 
    insert 
    into
        folders
        (name, parent, id) 
    values
        (?, ?, ?)
14:14:30,706 DEBUG SQL:104 - 
    insert 
    into
        documents
        (name, summary, folder, owner, text, lastTextModification, size_mb, id) 
    values
        (?, ?, ?, ?, ?, ?, ? / cast( 1024.0 as float ), ?)
14:14:30,707 DEBUG QueryTranslatorImpl:265 - parse() - HQL: from org.hibernate.test.instrument.domain.Document fetch all properties
14:14:30,707 DEBUG QueryTranslatorImpl:283 - --- HQL AST ---
 \-[QUERY] Node: 'query'
    \-[SELECT_FROM] Node: 'SELECT_FROM'
       \-[FROM] Node: 'from'
          \-[RANGE] Node: 'RANGE'
             +-[DOT] Node: '.'
             |  +-[DOT] Node: '.'
             |  |  +-[DOT] Node: '.'
             |  |  |  +-[DOT] Node: '.'
             |  |  |  |  +-[DOT] Node: '.'
             |  |  |  |  |  +-[IDENT] Node: 'org'
             |  |  |  |  |  \-[IDENT] Node: 'hibernate'
             |  |  |  |  \-[IDENT] Node: 'test'
             |  |  |  \-[IDENT] Node: 'instrument'
             |  |  \-[IDENT] Node: 'domain'
             |  \-[IDENT] Node: 'Document'
             \-[FETCH] Node: 'fetch'

14:14:30,708 DEBUG ErrorCounter:82 - throwQueryException() : no errors
14:14:30,708 DEBUG FromElement:157 - FromClause{level=1} : org.hibernate.test.instrument.domain.Document (<no alias>) -> document0_
14:14:30,708 DEBUG HqlSqlWalker:629 - processQuery() :  ( SELECT ( FromClause{level=1} documents document0_ ) )
14:14:30,708 DEBUG HqlSqlWalker:869 - Derived SELECT clause created.
14:14:30,709 DEBUG JoinProcessor:175 - Using FROM fragment [documents document0_]
14:14:30,710 DEBUG QueryTranslatorImpl:252 - --- SQL AST ---
 \-[SELECT] QueryNode: 'SELECT'  querySpaces (documents)
    +-[SELECT_CLAUSE] SelectClause: '{derived select clause}'
    |  +-[SELECT_EXPR] SelectExpressionImpl: 'document0_.id as id0_' {FromElement{explicit,not a collection join,not a fetch join,fetch all properties,classAlias=null,role=null,tableName=documents,tableAlias=document0_,origin=null,columns={,className=org.hibernate.test.instrument.domain.Document}}}
    |  \-[SQL_TOKEN] SqlFragment: 'document0_.name as name0_, document0_.summary as summary0_, document0_.folder as folder0_, document0_.owner as owner0_, document0_.text as text0_, document0_.lastTextModification as lastText7_0_, document0_.size_mb * 1024.0 as size8_0_, upper(document0_.name) as formula80_'
    \-[FROM] FromClause: 'from' FromClause{level=1, fromElementCounter=1, fromElements=1, fromElementByClassAlias=[], fromElementByTableAlias=[document0_], fromElementsByPath=[], collectionJoinFromElementsByPath=[], impliedElements=[]}
       \-[FROM_FRAGMENT] FromElement: 'documents document0_' FromElement{explicit,not a collection join,not a fetch join,fetch all properties,classAlias=null,role=null,tableName=documents,tableAlias=document0_,origin=null,columns={,className=org.hibernate.test.instrument.domain.Document}}

14:14:30,711 DEBUG ErrorCounter:82 - throwQueryException() : no errors
14:14:30,711 DEBUG QueryTranslatorImpl:235 - HQL: from org.hibernate.test.instrument.domain.Document fetch all properties
14:14:30,711 DEBUG QueryTranslatorImpl:236 - SQL: select document0_.id as id0_, document0_.name as name0_, document0_.summary as summary0_, document0_.folder as folder0_, document0_.owner as owner0_, document0_.text as text0_, document0_.lastTextModification as lastText7_0_, document0_.size_mb * 1024.0 as size8_0_, upper(document0_.name) as formula80_ from documents document0_
14:14:30,711 DEBUG ErrorCounter:82 - throwQueryException() : no errors
14:14:30,712 DEBUG SQL:104 - 
    select
        document0_.id as id0_,
        document0_.name as name0_,
        document0_.summary as summary0_,
        document0_.folder as folder0_,
        document0_.owner as owner0_,
        document0_.text as text0_,
        document0_.lastTextModification as lastText7_0_,
        document0_.size_mb * 1024.0 as size8_0_,
        upper(document0_.name) as formula80_ 
    from
        documents document0_
14:14:30,714 DEBUG SQL:104 - 
    select
        owner0_.id as id3_0_,
        owner0_.name as name3_0_ 
    from
        owners owner0_ 
    where
        owner0_.id=?
14:14:30,716 DEBUG SQL:104 - 
    select
        folder0_.id as id2_0_,
        folder0_.name as name2_0_,
        folder0_.parent as parent2_0_ 
    from
        folders folder0_ 
    where
        folder0_.id=?
14:14:30,716 DEBUG SQL:104 - 
    select
        documents0_.folder as folder2_1_,
        documents0_.id as id0_1_,
        documents0_.id as id0_0_,
        documents0_.name as name0_0_ 
    from
        documents documents0_ 
    where
        documents0_.folder=?
14:14:30,717 DEBUG SQL:104 - 
    delete 
    from
        documents 
    where
        id=?
14:14:30,717 DEBUG SQL:104 - 
    delete 
    from
        owners 
    where
        id=?
14:14:30,717 DEBUG SQL:104 - 
    delete 
    from
        folders 
    where
        id=?
14:14:30,718  INFO SchemaExport:343 - HHH000227: Running hbm2ddl schema export
14:14:30,718 DEBUG SchemaExport:353 - Import file not found: /import.sql
14:14:30,718 DEBUG SQL:104 - 
    alter table documents 
        drop constraint FK383D52B8ABB15FD5
14:14:30,719 DEBUG SQL:104 - 
    alter table documents 
        drop constraint FK383D52B859237B4D
14:14:30,719 DEBUG SQL:104 - 
    alter table entity 
        drop constraint FKB29DE3E3E31BB44E
14:14:30,719 DEBUG SQL:104 - 
    alter table entity 
        drop constraint FKB29DE3E39FFC34FA
14:14:30,719 DEBUG SQL:104 - 
    alter table folders 
        drop constraint FKD74671C5BBFF4C11
14:14:30,719 DEBUG SQL:104 - 
    drop table documents if exists
14:14:30,719 DEBUG SQL:104 - 
    drop table entity if exists
14:14:30,719 DEBUG SQL:104 - 
    drop table folders if exists
14:14:30,719 DEBUG SQL:104 - 
    drop table owners if exists
14:14:30,720  INFO SchemaExport:405 - HHH000230: Schema export complete
14:14:30,720  INFO DriverManagerConnectionProviderImpl:162 - HHH000030: Cleaning up connection pool [jdbc:h2:mem:db1;DB_CLOSE_DELAY=-1;MVCC=TRUE]
14:14:30,720  INFO CustomRunner:139 - Test: testLazy
14:14:30,730  INFO Configuration:725 - HHH000221: Reading mappings from resource: org/hibernate/test/instrument/domain/Documents.hbm.xml
14:14:30,752  INFO DriverManagerConnectionProviderImpl:99 - HHH000402: Using Hibernate built-in connection pool (not for production use!)
14:14:30,752  INFO DriverManagerConnectionProviderImpl:135 - HHH000115: Hibernate connection pool size: 5
14:14:30,752  INFO DriverManagerConnectionProviderImpl:138 - HHH000006: Autocommit mode: false
14:14:30,752  INFO DriverManagerConnectionProviderImpl:153 - HHH000401: using driver [org.h2.Driver] at URL [jdbc:h2:mem:db1;DB_CLOSE_DELAY=-1;MVCC=TRUE]
14:14:30,752  INFO DriverManagerConnectionProviderImpl:158 - HHH000046: Connection properties: {user=sa}
14:14:30,755  INFO Dialect:103 - HHH000400: Using dialect: org.hibernate.dialect.H2Dialect
14:14:30,756  INFO LobCreatorBuilder:94 - HHH000423: Disabling contextual LOB creation as JDBC driver reported JDBC version [3] less than 4
14:14:30,757  INFO TransactionFactoryInitiator:66 - HHH000399: Using default transaction strategy (direct JDBC transactions)
14:14:30,757  INFO ASTQueryTranslatorFactory:48 - HHH000397: Using ASTQueryTranslatorFactory
14:14:30,757  WARN CachingRegionFactory:58 - CachingRegionFactory should be only used for testing.
14:14:30,765  INFO EntityMetamodel:277 - HHH000157: Lazy property fetching available for: org.hibernate.test.instrument.domain.Entity
14:14:30,771  INFO EntityMetamodel:277 - HHH000157: Lazy property fetching available for: org.hibernate.test.instrument.domain.Document
14:14:30,777  INFO SchemaExport:343 - HHH000227: Running hbm2ddl schema export
14:14:30,789 DEBUG SchemaExport:353 - Import file not found: /import.sql
14:14:30,790 DEBUG SQL:104 - 
    alter table documents 
        drop constraint FK383D52B8ABB15FD5
14:14:30,790 ERROR SchemaExport:425 - HHH000389: Unsuccessful: alter table documents drop constraint FK383D52B8ABB15FD5
14:14:30,790 ERROR SchemaExport:426 - Table "DOCUMENTS" not found; SQL statement:

    alter table documents 
        drop constraint FK383D52B8ABB15FD5 [42102-145]
14:14:30,790 DEBUG SQL:104 - 
    alter table documents 
        drop constraint FK383D52B859237B4D
14:14:30,790 ERROR SchemaExport:425 - HHH000389: Unsuccessful: alter table documents drop constraint FK383D52B859237B4D
14:14:30,791 ERROR SchemaExport:426 - Table "DOCUMENTS" not found; SQL statement:

    alter table documents 
        drop constraint FK383D52B859237B4D [42102-145]
14:14:30,791 DEBUG SQL:104 - 
    alter table entity 
        drop constraint FKB29DE3E3E31BB44E
14:14:30,791 ERROR SchemaExport:425 - HHH000389: Unsuccessful: alter table entity drop constraint FKB29DE3E3E31BB44E
14:14:30,791 ERROR SchemaExport:426 - Table "ENTITY" not found; SQL statement:

    alter table entity 
        drop constraint FKB29DE3E3E31BB44E [42102-145]
14:14:30,791 DEBUG SQL:104 - 
    alter table entity 
        drop constraint FKB29DE3E39FFC34FA
14:14:30,791 ERROR SchemaExport:425 - HHH000389: Unsuccessful: alter table entity drop constraint FKB29DE3E39FFC34FA
14:14:30,791 ERROR SchemaExport:426 - Table "ENTITY" not found; SQL statement:

    alter table entity 
        drop constraint FKB29DE3E39FFC34FA [42102-145]
14:14:30,791 DEBUG SQL:104 - 
    alter table folders 
        drop constraint FKD74671C5BBFF4C11
14:14:30,792 ERROR SchemaExport:425 - HHH000389: Unsuccessful: alter table folders drop constraint FKD74671C5BBFF4C11
14:14:30,792 ERROR SchemaExport:426 - Table "FOLDERS" not found; SQL statement:

    alter table folders 
        drop constraint FKD74671C5BBFF4C11 [42102-145]
14:14:30,792 DEBUG SQL:104 - 
    drop table documents if exists
14:14:30,792 DEBUG SQL:104 - 
    drop table entity if exists
14:14:30,792 DEBUG SQL:104 - 
    drop table folders if exists
14:14:30,792 DEBUG SQL:104 - 
    drop table owners if exists
14:14:30,792 DEBUG SQL:104 - 
    create table documents (
        id bigint not null,
        name varchar(50) not null,
        summary varchar(200) not null,
        folder bigint not null,
        owner bigint not null,
        text varchar(2000) not null,
        lastTextModification timestamp not null,
        size_mb double,
        primary key (id)
    )
14:14:30,793 DEBUG SQL:104 - 
    create table entity (
        ID bigint not null,
        NAME varchar(255),
        PRNT_ID bigint,
        RIGHT_ID bigint,
        primary key (ID)
    )
14:14:30,793 DEBUG SQL:104 - 
    create table folders (
        id bigint not null,
        name varchar(50) not null,
        parent bigint,
        primary key (id)
    )
14:14:30,794 DEBUG SQL:104 - 
    create table owners (
        id bigint not null,
        name varchar(50) not null,
        primary key (id)
    )
14:14:30,794 DEBUG SQL:104 - 
    alter table documents 
        add constraint FK383D52B8ABB15FD5 
        foreign key (folder) 
        references folders
14:14:30,795 DEBUG SQL:104 - 
    alter table documents 
        add constraint FK383D52B859237B4D 
        foreign key (owner) 
        references owners
14:14:30,795 DEBUG SQL:104 - 
    alter table entity 
        add constraint FKB29DE3E3E31BB44E 
        foreign key (PRNT_ID) 
        references entity
14:14:30,795 DEBUG SQL:104 - 
    alter table entity 
        add constraint FKB29DE3E39FFC34FA 
        foreign key (RIGHT_ID) 
        references entity
14:14:30,796 DEBUG SQL:104 - 
    alter table folders 
        add constraint FKD74671C5BBFF4C11 
        foreign key (parent) 
        references folders
14:14:30,796  INFO SchemaExport:405 - HHH000230: Schema export complete
14:14:30,796  WARN SessionFactoryImpl:1554 - HHH000008: JTASessionContext being used with JDBCTransactionFactory; auto-flush will not operate correctly with getCurrentSession()
14:14:30,798 DEBUG SQL:104 - 
    select
        max(id) 
    from
        owners
14:14:30,798 DEBUG SQL:104 - 
    select
        max(id) 
    from
        folders
14:14:30,799 DEBUG SQL:104 - 
    select
        max(id) 
    from
        documents
14:14:30,800 DEBUG SQL:104 - 
    insert 
    into
        owners
        (name, id) 
    values
        (?, ?)
14:14:30,800 DEBUG SQL:104 - 
    insert 
    into
        folders
        (name, parent, id) 
    values
        (?, ?, ?)
14:14:30,801 DEBUG SQL:104 - 
    insert 
    into
        documents
        (name, summary, folder, owner, text, lastTextModification, size_mb, id) 
    values
        (?, ?, ?, ?, ?, ?, ? / cast( 1024.0 as float ), ?)
14:14:30,802 DEBUG SQL:104 - 
    select
        document0_.id as id0_0_,
        document0_.name as name0_0_ 
    from
        documents document0_ 
    where
        document0_.id=?
14:14:30,805 DEBUG SQL:104 - 
    select
        document_.summary as summary0_,
        document_.folder as folder0_,
        document_.owner as owner0_,
        document_.text as text0_,
        document_.lastTextModification as lastText7_0_,
        document_.size_mb * 1024.0 as size8_0_,
        upper(document_.name) as formula81_ 
    from
        documents document_ 
    where
        document_.id=?
14:14:30,807 DEBUG SQL:104 - 
    select
        owner0_.id as id3_0_,
        owner0_.name as name3_0_ 
    from
        owners owner0_ 
    where
        owner0_.id=?
14:14:30,809 DEBUG QueryTranslatorImpl:265 - parse() - HQL: from org.hibernate.test.instrument.domain.Document
14:14:30,810 DEBUG QueryTranslatorImpl:283 - --- HQL AST ---
 \-[QUERY] Node: 'query'
    \-[SELECT_FROM] Node: 'SELECT_FROM'
       \-[FROM] Node: 'from'
          \-[RANGE] Node: 'RANGE'
             \-[DOT] Node: '.'
                +-[DOT] Node: '.'
                |  +-[DOT] Node: '.'
                |  |  +-[DOT] Node: '.'
                |  |  |  +-[DOT] Node: '.'
                |  |  |  |  +-[IDENT] Node: 'org'
                |  |  |  |  \-[IDENT] Node: 'hibernate'
                |  |  |  \-[IDENT] Node: 'test'
                |  |  \-[IDENT] Node: 'instrument'
                |  \-[IDENT] Node: 'domain'
                \-[IDENT] Node: 'Document'

14:14:30,810 DEBUG ErrorCounter:82 - throwQueryException() : no errors
14:14:30,810 DEBUG FromElement:157 - FromClause{level=1} : org.hibernate.test.instrument.domain.Document (<no alias>) -> document0_
14:14:30,810 DEBUG HqlSqlWalker:629 - processQuery() :  ( SELECT ( FromClause{level=1} documents document0_ ) )
14:14:30,811 DEBUG HqlSqlWalker:869 - Derived SELECT clause created.
14:14:30,811 DEBUG JoinProcessor:175 - Using FROM fragment [documents document0_]
14:14:30,811 DEBUG QueryTranslatorImpl:252 - --- SQL AST ---
 \-[SELECT] QueryNode: 'SELECT'  querySpaces (documents)
    +-[SELECT_CLAUSE] SelectClause: '{derived select clause}'
    |  +-[SELECT_EXPR] SelectExpressionImpl: 'document0_.id as id0_' {FromElement{explicit,not a collection join,not a fetch join,fetch non-lazy properties,classAlias=null,role=null,tableName=documents,tableAlias=document0_,origin=null,columns={,className=org.hibernate.test.instrument.domain.Document}}}
    |  \-[SQL_TOKEN] SqlFragment: 'document0_.name as name0_'
    \-[FROM] FromClause: 'from' FromClause{level=1, fromElementCounter=1, fromElements=1, fromElementByClassAlias=[], fromElementByTableAlias=[document0_], fromElementsByPath=[], collectionJoinFromElementsByPath=[], impliedElements=[]}
       \-[FROM_FRAGMENT] FromElement: 'documents document0_' FromElement{explicit,not a collection join,not a fetch join,fetch non-lazy properties,classAlias=null,role=null,tableName=documents,tableAlias=document0_,origin=null,columns={,className=org.hibernate.test.instrument.domain.Document}}

14:14:30,811 DEBUG ErrorCounter:82 - throwQueryException() : no errors
14:14:30,811 DEBUG QueryTranslatorImpl:235 - HQL: from org.hibernate.test.instrument.domain.Document
14:14:30,811 DEBUG QueryTranslatorImpl:236 - SQL: select document0_.id as id0_, document0_.name as name0_ from documents document0_
14:14:30,812 DEBUG ErrorCounter:82 - throwQueryException() : no errors
14:14:30,812 DEBUG SQL:104 - 
    select
        document0_.id as id0_,
        document0_.name as name0_ 
    from
        documents document0_
14:14:30,813 DEBUG SQL:104 - 
    select
        document_.summary as summary0_,
        document_.folder as folder0_,
        document_.owner as owner0_,
        document_.text as text0_,
        document_.lastTextModification as lastText7_0_,
        document_.size_mb * 1024.0 as size8_0_,
        upper(document_.name) as formula81_ 
    from
        documents document_ 
    where
        document_.id=?
14:14:30,814 DEBUG SQL:104 - 
    select
        owner0_.id as id3_0_,
        owner0_.name as name3_0_ 
    from
        owners owner0_ 
    where
        owner0_.id=?
14:14:30,814 DEBUG SQL:104 - 
    select
        document0_.id as id0_,
        document0_.name as name0_ 
    from
        documents document0_
14:14:30,815 DEBUG SQL:104 - 
    select
        document_.summary as summary0_,
        document_.folder as folder0_,
        document_.owner as owner0_,
        document_.text as text0_,
        document_.lastTextModification as lastText7_0_,
        document_.size_mb * 1024.0 as size8_0_,
        upper(document_.name) as formula81_ 
    from
        documents document_ 
    where
        document_.id=?
14:14:30,815 DEBUG SQL:104 - 
    select
        owner0_.id as id3_0_,
        owner0_.name as name3_0_ 
    from
        owners owner0_ 
    where
        owner0_.id=?
14:14:30,816 DEBUG SQL:104 - 
    select
        document0_.id as id0_,
        document0_.name as name0_ 
    from
        documents document0_
14:14:30,817 DEBUG SQL:104 - 
    update
        documents 
    set
        name=? 
    where
        id=?
14:14:30,817 DEBUG SQL:104 - 
    select
        document0_.id as id0_,
        document0_.name as name0_ 
    from
        documents document0_
14:14:30,817 DEBUG SQL:104 - 
    select
        document_.summary as summary0_,
        document_.folder as folder0_,
        document_.owner as owner0_,
        document_.text as text0_,
        document_.lastTextModification as lastText7_0_,
        document_.size_mb * 1024.0 as size8_0_,
        upper(document_.name) as formula81_ 
    from
        documents document_ 
    where
        document_.id=?
14:14:30,818 DEBUG SQL:104 - 
    select
        owner0_.id as id3_0_,
        owner0_.name as name3_0_ 
    from
        owners owner0_ 
    where
        owner0_.id=?
14:14:30,819 DEBUG SQL:104 - 
    select
        document0_.id as id0_,
        document0_.name as name0_ 
    from
        documents document0_
14:14:30,819 DEBUG SQL:104 - 
    select
        document_.summary as summary0_,
        document_.folder as folder0_,
        document_.owner as owner0_,
        document_.text as text0_,
        document_.lastTextModification as lastText7_0_,
        document_.size_mb * 1024.0 as size8_0_,
        upper(document_.name) as formula81_ 
    from
        documents document_ 
    where
        document_.id=?
14:14:30,819 DEBUG SQL:104 - 
    select
        owner0_.id as id3_0_,
        owner0_.name as name3_0_ 
    from
        owners owner0_ 
    where
        owner0_.id=?
14:14:30,820 DEBUG SQL:104 - 
    update
        documents 
    set
        name=?,
        summary=?,
        folder=?,
        owner=?,
        text=?,
        lastTextModification=?,
        size_mb=? / cast( 1024.0 as float ) 
    where
        id=?
14:14:30,821 DEBUG SQL:104 - 
    select
        document0_.id as id0_,
        document0_.name as name0_ 
    from
        documents document0_
14:14:30,821 DEBUG SQL:104 - 
    select
        document_.summary as summary0_,
        document_.folder as folder0_,
        document_.owner as owner0_,
        document_.text as text0_,
        document_.lastTextModification as lastText7_0_,
        document_.size_mb * 1024.0 as size8_0_,
        upper(document_.name) as formula81_ 
    from
        documents document_ 
    where
        document_.id=?
14:14:30,821 DEBUG SQL:104 - 
    select
        owner0_.id as id3_0_,
        owner0_.name as name3_0_ 
    from
        owners owner0_ 
    where
        owner0_.id=?
14:14:30,823 DEBUG SQL:104 - 
    select
        document0_.id as id0_,
        document0_.name as name0_ 
    from
        documents document0_
14:14:30,831 DEBUG SQL:104 - 
    select
        document_.summary as summary0_,
        document_.folder as folder0_,
        document_.owner as owner0_,
        document_.text as text0_,
        document_.lastTextModification as lastText7_0_,
        document_.size_mb * 1024.0 as size8_0_,
        upper(document_.name) as formula81_ 
    from
        documents document_ 
    where
        document_.id=?
14:14:30,831 DEBUG SQL:104 - 
    select
        owner0_.id as id3_0_,
        owner0_.name as name3_0_ 
    from
        owners owner0_ 
    where
        owner0_.id=?
14:14:30,832 DEBUG SQL:104 - 
    select
        document0_.id as id0_,
        document0_.name as name0_ 
    from
        documents document0_
14:14:30,833 DEBUG SQL:104 - 
    update
        documents 
    set
        name=? 
    where
        id=?
14:14:30,833 DEBUG SQL:104 - 
    select
        document_.summary as summary0_,
        document_.folder as folder0_,
        document_.owner as owner0_,
        document_.text as text0_,
        document_.lastTextModification as lastText7_0_,
        document_.size_mb * 1024.0 as size8_0_,
        upper(document_.name) as formula81_ 
    from
        documents document_ 
    where
        document_.id=?
14:14:30,858 DEBUG SQL:104 - 
    select
        owner0_.id as id3_0_,
        owner0_.name as name3_0_ 
    from
        owners owner0_ 
    where
        owner0_.id=?
14:14:30,859 DEBUG SQL:104 - 
    update
        documents 
    set
        name=?,
        summary=?,
        folder=?,
        owner=?,
        text=?,
        lastTextModification=?,
        size_mb=? / cast( 1024.0 as float ) 
    where
        id=?
14:14:30,860 DEBUG SQL:104 - 
    select
        document0_.id as id0_,
        document0_.name as name0_ 
    from
        documents document0_
14:14:30,861 DEBUG SQL:104 - 
    select
        document_.summary as summary0_,
        document_.folder as folder0_,
        document_.owner as owner0_,
        document_.text as text0_,
        document_.lastTextModification as lastText7_0_,
        document_.size_mb * 1024.0 as size8_0_,
        upper(document_.name) as formula81_ 
    from
        documents document_ 
    where
        document_.id=?
14:14:30,861 DEBUG SQL:104 - 
    select
        owner0_.id as id3_0_,
        owner0_.name as name3_0_ 
    from
        owners owner0_ 
    where
        owner0_.id=?
14:14:30,862 DEBUG SQL:104 - 
    select
        document0_.id as id0_0_,
        document0_.name as name0_0_ 
    from
        documents document0_ 
    where
        document0_.id=?
14:14:30,863 DEBUG SQL:104 - 
    select
        document0_.id as id0_,
        document0_.name as name0_ 
    from
        documents document0_
14:14:30,864 DEBUG SQL:104 - 
    select
        document_.summary as summary0_,
        document_.folder as folder0_,
        document_.owner as owner0_,
        document_.text as text0_,
        document_.lastTextModification as lastText7_0_,
        document_.size_mb * 1024.0 as size8_0_,
        upper(document_.name) as formula81_ 
    from
        documents document_ 
    where
        document_.id=?
14:14:30,864 DEBUG SQL:104 - 
    select
        owner0_.id as id3_0_,
        owner0_.name as name3_0_ 
    from
        owners owner0_ 
    where
        owner0_.id=?
14:14:30,865 DEBUG SQL:104 - 
    select
        folder0_.id as id2_0_,
        folder0_.name as name2_0_,
        folder0_.parent as parent2_0_ 
    from
        folders folder0_ 
    where
        folder0_.id=?
14:14:30,865 DEBUG SQL:104 - 
    select
        documents0_.folder as folder2_1_,
        documents0_.id as id0_1_,
        documents0_.id as id0_0_,
        documents0_.name as name0_0_ 
    from
        documents documents0_ 
    where
        documents0_.folder=?
14:14:30,866 DEBUG SQL:104 - 
    delete 
    from
        documents 
    where
        id=?
14:14:30,866 DEBUG SQL:104 - 
    delete 
    from
        folders 
    where
        id=?
14:14:30,866 DEBUG SQL:104 - 
    delete 
    from
        owners 
    where
        id=?
14:14:30,867 DEBUG SQL:104 - 
    insert 
    into
        owners
        (name, id) 
    values
        (?, ?)
14:14:30,867 DEBUG SQL:104 - 
    insert 
    into
        folders
        (name, parent, id) 
    values
        (?, ?, ?)
14:14:30,868 DEBUG SQL:104 - 
    insert 
    into
        documents
        (name, summary, folder, owner, text, lastTextModification, size_mb, id) 
    values
        (?, ?, ?, ?, ?, ?, ? / cast( 1024.0 as float ), ?)
14:14:30,868 DEBUG SQL:104 - 
    select
        document0_.id as id0_0_,
        document0_.name as name0_0_ 
    from
        documents document0_ 
    where
        document0_.id=?
14:14:30,869 DEBUG SQL:104 - 
    select
        document_.summary as summary0_,
        document_.folder as folder0_,
        document_.owner as owner0_,
        document_.text as text0_,
        document_.lastTextModification as lastText7_0_,
        document_.size_mb * 1024.0 as size8_0_,
        upper(document_.name) as formula81_ 
    from
        documents document_ 
    where
        document_.id=?
14:14:30,871 DEBUG SQL:104 - 
    select
        owner0_.id as id3_0_,
        owner0_.name as name3_0_ 
    from
        owners owner0_ 
    where
        owner0_.id=?
14:14:30,872 DEBUG SQL:104 - 
    select
        document0_.id as id0_,
        document0_.name as name0_ 
    from
        documents document0_
14:14:30,872 DEBUG SQL:104 - 
    select
        document_.summary as summary0_,
        document_.folder as folder0_,
        document_.owner as owner0_,
        document_.text as text0_,
        document_.lastTextModification as lastText7_0_,
        document_.size_mb * 1024.0 as size8_0_,
        upper(document_.name) as formula81_ 
    from
        documents document_ 
    where
        document_.id=?
14:14:30,873 DEBUG SQL:104 - 
    select
        owner0_.id as id3_0_,
        owner0_.name as name3_0_ 
    from
        owners owner0_ 
    where
        owner0_.id=?
14:14:30,873 DEBUG SQL:104 - 
    select
        document0_.id as id0_,
        document0_.name as name0_ 
    from
        documents document0_
14:14:30,875 DEBUG SQL:104 - 
    select
        document_.summary as summary0_,
        document_.folder as folder0_,
        document_.owner as owner0_,
        document_.text as text0_,
        document_.lastTextModification as lastText7_0_,
        document_.size_mb * 1024.0 as size8_0_,
        upper(document_.name) as formula81_ 
    from
        documents document_ 
    where
        document_.id=?
14:14:30,875 DEBUG SQL:104 - 
    select
        owner0_.id as id3_0_,
        owner0_.name as name3_0_ 
    from
        owners owner0_ 
    where
        owner0_.id=?
14:14:30,875 DEBUG SQL:104 - 
    select
        document0_.id as id0_,
        document0_.name as name0_ 
    from
        documents document0_
14:14:30,876 DEBUG SQL:104 - 
    update
        documents 
    set
        name=? 
    where
        id=?
14:14:30,880 DEBUG SQL:104 - 
    select
        document0_.id as id0_,
        document0_.name as name0_ 
    from
        documents document0_
14:14:30,880 DEBUG SQL:104 - 
    select
        document_.summary as summary0_,
        document_.folder as folder0_,
        document_.owner as owner0_,
        document_.text as text0_,
        document_.lastTextModification as lastText7_0_,
        document_.size_mb * 1024.0 as size8_0_,
        upper(document_.name) as formula81_ 
    from
        documents document_ 
    where
        document_.id=?
14:14:30,881 DEBUG SQL:104 - 
    select
        owner0_.id as id3_0_,
        owner0_.name as name3_0_ 
    from
        owners owner0_ 
    where
        owner0_.id=?
14:14:30,882 DEBUG SQL:104 - 
    select
        document0_.id as id0_,
        document0_.name as name0_ 
    from
        documents document0_
14:14:30,882 DEBUG SQL:104 - 
    select
        document_.summary as summary0_,
        document_.folder as folder0_,
        document_.owner as owner0_,
        document_.text as text0_,
        document_.lastTextModification as lastText7_0_,
        document_.size_mb * 1024.0 as size8_0_,
        upper(document_.name) as formula81_ 
    from
        documents document_ 
    where
        document_.id=?
14:14:30,883 DEBUG SQL:104 - 
    select
        owner0_.id as id3_0_,
        owner0_.name as name3_0_ 
    from
        owners owner0_ 
    where
        owner0_.id=?
14:14:30,884 DEBUG SQL:104 - 
    update
        documents 
    set
        name=?,
        summary=?,
        folder=?,
        owner=?,
        text=?,
        lastTextModification=?,
        size_mb=? / cast( 1024.0 as float ) 
    where
        id=?
14:14:30,886 DEBUG SQL:104 - 
    select
        document0_.id as id0_,
        document0_.name as name0_ 
    from
        documents document0_
14:14:30,887 DEBUG SQL:104 - 
    select
        document_.summary as summary0_,
        document_.folder as folder0_,
        document_.owner as owner0_,
        document_.text as text0_,
        document_.lastTextModification as lastText7_0_,
        document_.size_mb * 1024.0 as size8_0_,
        upper(document_.name) as formula81_ 
    from
        documents document_ 
    where
        document_.id=?
14:14:30,888 DEBUG SQL:104 - 
    select
        owner0_.id as id3_0_,
        owner0_.name as name3_0_ 
    from
        owners owner0_ 
    where
        owner0_.id=?
14:14:30,889 DEBUG SQL:104 - 
    select
        document0_.id as id0_,
        document0_.name as name0_ 
    from
        documents document0_
14:14:30,890 DEBUG SQL:104 - 
    select
        document_.summary as summary0_,
        document_.folder as folder0_,
        document_.owner as owner0_,
        document_.text as text0_,
        document_.lastTextModification as lastText7_0_,
        document_.size_mb * 1024.0 as size8_0_,
        upper(document_.name) as formula81_ 
    from
        documents document_ 
    where
        document_.id=?
14:14:30,890 DEBUG SQL:104 - 
    select
        owner0_.id as id3_0_,
        owner0_.name as name3_0_ 
    from
        owners owner0_ 
    where
        owner0_.id=?
14:14:30,891 DEBUG SQL:104 - 
    select
        document0_.id as id0_,
        document0_.name as name0_ 
    from
        documents document0_
14:14:30,892 DEBUG SQL:104 - 
    update
        documents 
    set
        name=? 
    where
        id=?
14:14:30,892 DEBUG SQL:104 - 
    select
        document_.summary as summary0_,
        document_.folder as folder0_,
        document_.owner as owner0_,
        document_.text as text0_,
        document_.lastTextModification as lastText7_0_,
        document_.size_mb * 1024.0 as size8_0_,
        upper(document_.name) as formula81_ 
    from
        documents document_ 
    where
        document_.id=?
14:14:30,892 DEBUG SQL:104 - 
    select
        owner0_.id as id3_0_,
        owner0_.name as name3_0_ 
    from
        owners owner0_ 
    where
        owner0_.id=?
14:14:30,893 DEBUG SQL:104 - 
    update
        documents 
    set
        name=?,
        summary=?,
        folder=?,
        owner=?,
        text=?,
        lastTextModification=?,
        size_mb=? / cast( 1024.0 as float ) 
    where
        id=?
14:14:30,893 DEBUG SQL:104 - 
    select
        document0_.id as id0_,
        document0_.name as name0_ 
    from
        documents document0_
14:14:30,894 DEBUG SQL:104 - 
    select
        document_.summary as summary0_,
        document_.folder as folder0_,
        document_.owner as owner0_,
        document_.text as text0_,
        document_.lastTextModification as lastText7_0_,
        document_.size_mb * 1024.0 as size8_0_,
        upper(document_.name) as formula81_ 
    from
        documents document_ 
    where
        document_.id=?
14:14:30,894 DEBUG SQL:104 - 
    select
        owner0_.id as id3_0_,
        owner0_.name as name3_0_ 
    from
        owners owner0_ 
    where
        owner0_.id=?
14:14:30,895 DEBUG SQL:104 - 
    select
        document0_.id as id0_0_,
        document0_.name as name0_0_ 
    from
        documents document0_ 
    where
        document0_.id=?
14:14:30,895 DEBUG SQL:104 - 
    select
        document0_.id as id0_,
        document0_.name as name0_ 
    from
        documents document0_
14:14:30,895 DEBUG SQL:104 - 
    select
        document_.summary as summary0_,
        document_.folder as folder0_,
        document_.owner as owner0_,
        document_.text as text0_,
        document_.lastTextModification as lastText7_0_,
        document_.size_mb * 1024.0 as size8_0_,
        upper(document_.name) as formula81_ 
    from
        documents document_ 
    where
        document_.id=?
14:14:30,896 DEBUG SQL:104 - 
    select
        owner0_.id as id3_0_,
        owner0_.name as name3_0_ 
    from
        owners owner0_ 
    where
        owner0_.id=?
14:14:30,896 DEBUG SQL:104 - 
    select
        folder0_.id as id2_0_,
        folder0_.name as name2_0_,
        folder0_.parent as parent2_0_ 
    from
        folders folder0_ 
    where
        folder0_.id=?
14:14:30,897 DEBUG SQL:104 - 
    select
        documents0_.folder as folder2_1_,
        documents0_.id as id0_1_,
        documents0_.id as id0_0_,
        documents0_.name as name0_0_ 
    from
        documents documents0_ 
    where
        documents0_.folder=?
14:14:30,898 DEBUG SQL:104 - 
    delete 
    from
        documents 
    where
        id=?
14:14:30,898 DEBUG SQL:104 - 
    delete 
    from
        folders 
    where
        id=?
14:14:30,898 DEBUG SQL:104 - 
    delete 
    from
        owners 
    where
        id=?
14:14:30,899 DEBUG SQL:104 - 
    insert 
    into
        owners
        (name, id) 
    values
        (?, ?)
14:14:30,899 DEBUG SQL:104 - 
    insert 
    into
        folders
        (name, parent, id) 
    values
        (?, ?, ?)
14:14:30,900 DEBUG SQL:104 - 
    insert 
    into
        documents
        (name, summary, folder, owner, text, lastTextModification, size_mb, id) 
    values
        (?, ?, ?, ?, ?, ?, ? / cast( 1024.0 as float ), ?)
14:14:30,900 DEBUG SQL:104 - 
    select
        document0_.id as id0_0_,
        document0_.name as name0_0_ 
    from
        documents document0_ 
    where
        document0_.id=?
14:14:30,900 DEBUG SQL:104 - 
    select
        document_.summary as summary0_,
        document_.folder as folder0_,
        document_.owner as owner0_,
        document_.text as text0_,
        document_.lastTextModification as lastText7_0_,
        document_.size_mb * 1024.0 as size8_0_,
        upper(document_.name) as formula81_ 
    from
        documents document_ 
    where
        document_.id=?
14:14:30,901 DEBUG SQL:104 - 
    select
        owner0_.id as id3_0_,
        owner0_.name as name3_0_ 
    from
        owners owner0_ 
    where
        owner0_.id=?
14:14:30,901 DEBUG SQL:104 - 
    select
        document0_.id as id0_,
        document0_.name as name0_ 
    from
        documents document0_
14:14:30,901 DEBUG SQL:104 - 
    select
        document_.summary as summary0_,
        document_.folder as folder0_,
        document_.owner as owner0_,
        document_.text as text0_,
        document_.lastTextModification as lastText7_0_,
        document_.size_mb * 1024.0 as size8_0_,
        upper(document_.name) as formula81_ 
    from
        documents document_ 
    where
        document_.id=?
14:14:30,902 DEBUG SQL:104 - 
    select
        owner0_.id as id3_0_,
        owner0_.name as name3_0_ 
    from
        owners owner0_ 
    where
        owner0_.id=?
14:14:30,902 DEBUG SQL:104 - 
    select
        document0_.id as id0_,
        document0_.name as name0_ 
    from
        documents document0_
14:14:30,903 DEBUG SQL:104 - 
    select
        document_.summary as summary0_,
        document_.folder as folder0_,
        document_.owner as owner0_,
        document_.text as text0_,
        document_.lastTextModification as lastText7_0_,
        document_.size_mb * 1024.0 as size8_0_,
        upper(document_.name) as formula81_ 
    from
        documents document_ 
    where
        document_.id=?
14:14:30,908 DEBUG SQL:104 - 
    select
        owner0_.id as id3_0_,
        owner0_.name as name3_0_ 
    from
        owners owner0_ 
    where
        owner0_.id=?
14:14:30,909 DEBUG SQL:104 - 
    select
        document0_.id as id0_,
        document0_.name as name0_ 
    from
        documents document0_
14:14:30,910 DEBUG SQL:104 - 
    update
        documents 
    set
        name=? 
    where
        id=?
14:14:30,925 DEBUG SQL:104 - 
    select
        document0_.id as id0_,
        document0_.name as name0_ 
    from
        documents document0_
14:14:30,926 DEBUG SQL:104 - 
    select
        document_.summary as summary0_,
        document_.folder as folder0_,
        document_.owner as owner0_,
        document_.text as text0_,
        document_.lastTextModification as lastText7_0_,
        document_.size_mb * 1024.0 as size8_0_,
        upper(document_.name) as formula81_ 
    from
        documents document_ 
    where
        document_.id=?
14:14:30,926 DEBUG SQL:104 - 
    select
        owner0_.id as id3_0_,
        owner0_.name as name3_0_ 
    from
        owners owner0_ 
    where
        owner0_.id=?
14:14:30,927 DEBUG SQL:104 - 
    select
        document0_.id as id0_,
        document0_.name as name0_ 
    from
        documents document0_
14:14:30,931 DEBUG SQL:104 - 
    select
        document_.summary as summary0_,
        document_.folder as folder0_,
        document_.owner as owner0_,
        document_.text as text0_,
        document_.lastTextModification as lastText7_0_,
        document_.size_mb * 1024.0 as size8_0_,
        upper(document_.name) as formula81_ 
    from
        documents document_ 
    where
        document_.id=?
14:14:30,932 DEBUG SQL:104 - 
    select
        owner0_.id as id3_0_,
        owner0_.name as name3_0_ 
    from
        owners owner0_ 
    where
        owner0_.id=?
14:14:30,932 DEBUG SQL:104 - 
    update
        documents 
    set
        name=?,
        summary=?,
        folder=?,
        owner=?,
        text=?,
        lastTextModification=?,
        size_mb=? / cast( 1024.0 as float ) 
    where
        id=?
14:14:30,942 DEBUG SQL:104 - 
    select
        document0_.id as id0_,
        document0_.name as name0_ 
    from
        documents document0_
14:14:30,942 DEBUG SQL:104 - 
    select
        document_.summary as summary0_,
        document_.folder as folder0_,
        document_.owner as owner0_,
        document_.text as text0_,
        document_.lastTextModification as lastText7_0_,
        document_.size_mb * 1024.0 as size8_0_,
        upper(document_.name) as formula81_ 
    from
        documents document_ 
    where
        document_.id=?
14:14:30,943 DEBUG SQL:104 - 
    select
        owner0_.id as id3_0_,
        owner0_.name as name3_0_ 
    from
        owners owner0_ 
    where
        owner0_.id=?
14:14:30,953 DEBUG SQL:104 - 
    select
        document0_.id as id0_,
        document0_.name as name0_ 
    from
        documents document0_
14:14:30,954 DEBUG SQL:104 - 
    select
        document_.summary as summary0_,
        document_.folder as folder0_,
        document_.owner as owner0_,
        document_.text as text0_,
        document_.lastTextModification as lastText7_0_,
        document_.size_mb * 1024.0 as size8_0_,
        upper(document_.name) as formula81_ 
    from
        documents document_ 
    where
        document_.id=?
14:14:30,954 DEBUG SQL:104 - 
    select
        owner0_.id as id3_0_,
        owner0_.name as name3_0_ 
    from
        owners owner0_ 
    where
        owner0_.id=?
14:14:30,955 DEBUG SQL:104 - 
    select
        document0_.id as id0_,
        document0_.name as name0_ 
    from
        documents document0_
14:14:30,955 DEBUG SQL:104 - 
    update
        documents 
    set
        name=? 
    where
        id=?
14:14:30,956 DEBUG SQL:104 - 
    select
        document_.summary as summary0_,
        document_.folder as folder0_,
        document_.owner as owner0_,
        document_.text as text0_,
        document_.lastTextModification as lastText7_0_,
        document_.size_mb * 1024.0 as size8_0_,
        upper(document_.name) as formula81_ 
    from
        documents document_ 
    where
        document_.id=?
14:14:30,956 DEBUG SQL:104 - 
    select
        owner0_.id as id3_0_,
        owner0_.name as name3_0_ 
    from
        owners owner0_ 
    where
        owner0_.id=?
14:14:30,966 DEBUG SQL:104 - 
    update
        documents 
    set
        name=?,
        summary=?,
        folder=?,
        owner=?,
        text=?,
        lastTextModification=?,
        size_mb=? / cast( 1024.0 as float ) 
    where
        id=?
14:14:30,967 DEBUG SQL:104 - 
    select
        document0_.id as id0_,
        document0_.name as name0_ 
    from
        documents document0_
14:14:30,967 DEBUG SQL:104 - 
    select
        document_.summary as summary0_,
        document_.folder as folder0_,
        document_.owner as owner0_,
        document_.text as text0_,
        document_.lastTextModification as lastText7_0_,
        document_.size_mb * 1024.0 as size8_0_,
        upper(document_.name) as formula81_ 
    from
        documents document_ 
    where
        document_.id=?
14:14:30,976 DEBUG SQL:104 - 
    select
        owner0_.id as id3_0_,
        owner0_.name as name3_0_ 
    from
        owners owner0_ 
    where
        owner0_.id=?
14:14:30,977 DEBUG SQL:104 - 
    select
        document0_.id as id0_0_,
        document0_.name as name0_0_ 
    from
        documents document0_ 
    where
        document0_.id=?
14:14:30,978 DEBUG SQL:104 - 
    select
        document0_.id as id0_,
        document0_.name as name0_ 
    from
        documents document0_
14:14:30,978 DEBUG SQL:104 - 
    select
        document_.summary as summary0_,
        document_.folder as folder0_,
        document_.owner as owner0_,
        document_.text as text0_,
        document_.lastTextModification as lastText7_0_,
        document_.size_mb * 1024.0 as size8_0_,
        upper(document_.name) as formula81_ 
    from
        documents document_ 
    where
        document_.id=?
14:14:30,978 DEBUG SQL:104 - 
    select
        owner0_.id as id3_0_,
        owner0_.name as name3_0_ 
    from
        owners owner0_ 
    where
        owner0_.id=?
14:14:30,999 DEBUG SQL:104 - 
    select
        folder0_.id as id2_0_,
        folder0_.name as name2_0_,
        folder0_.parent as parent2_0_ 
    from
        folders folder0_ 
    where
        folder0_.id=?
14:14:31,000 DEBUG SQL:104 - 
    select
        documents0_.folder as folder2_1_,
        documents0_.id as id0_1_,
        documents0_.id as id0_0_,
        documents0_.name as name0_0_ 
    from
        documents documents0_ 
    where
        documents0_.folder=?
14:14:31,000 DEBUG SQL:104 - 
    delete 
    from
        documents 
    where
        id=?
14:14:31,001 DEBUG SQL:104 - 
    delete 
    from
        folders 
    where
        id=?
14:14:31,009 DEBUG SQL:104 - 
    delete 
    from
        owners 
    where
        id=?
14:14:31,010 DEBUG SQL:104 - 
    insert 
    into
        owners
        (name, id) 
    values
        (?, ?)
14:14:31,011 DEBUG SQL:104 - 
    insert 
    into
        folders
        (name, parent, id) 
    values
        (?, ?, ?)
14:14:31,011 DEBUG SQL:104 - 
    insert 
    into
        documents
        (name, summary, folder, owner, text, lastTextModification, size_mb, id) 
    values
        (?, ?, ?, ?, ?, ?, ? / cast( 1024.0 as float ), ?)
14:14:31,020 DEBUG SQL:104 - 
    select
        document0_.id as id0_0_,
        document0_.name as name0_0_ 
    from
        documents document0_ 
    where
        document0_.id=?
14:14:31,021 DEBUG SQL:104 - 
    select
        document_.summary as summary0_,
        document_.folder as folder0_,
        document_.owner as owner0_,
        document_.text as text0_,
        document_.lastTextModification as lastText7_0_,
        document_.size_mb * 1024.0 as size8_0_,
        upper(document_.name) as formula81_ 
    from
        documents document_ 
    where
        document_.id=?
14:14:31,021 DEBUG SQL:104 - 
    select
        owner0_.id as id3_0_,
        owner0_.name as name3_0_ 
    from
        owners owner0_ 
    where
        owner0_.id=?
14:14:31,031 DEBUG SQL:104 - 
    select
        document0_.id as id0_,
        document0_.name as name0_ 
    from
        documents document0_
14:14:31,031 DEBUG SQL:104 - 
    select
        document_.summary as summary0_,
        document_.folder as folder0_,
        document_.owner as owner0_,
        document_.text as text0_,
        document_.lastTextModification as lastText7_0_,
        document_.size_mb * 1024.0 as size8_0_,
        upper(document_.name) as formula81_ 
    from
        documents document_ 
    where
        document_.id=?
14:14:31,032 DEBUG SQL:104 - 
    select
        owner0_.id as id3_0_,
        owner0_.name as name3_0_ 
    from
        owners owner0_ 
    where
        owner0_.id=?
14:14:31,032 DEBUG SQL:104 - 
    select
        document0_.id as id0_,
        document0_.name as name0_ 
    from
        documents document0_
14:14:31,042 DEBUG SQL:104 - 
    select
        document_.summary as summary0_,
        document_.folder as folder0_,
        document_.owner as owner0_,
        document_.text as text0_,
        document_.lastTextModification as lastText7_0_,
        document_.size_mb * 1024.0 as size8_0_,
        upper(document_.name) as formula81_ 
    from
        documents document_ 
    where
        document_.id=?
14:14:31,042 DEBUG SQL:104 - 
    select
        owner0_.id as id3_0_,
        owner0_.name as name3_0_ 
    from
        owners owner0_ 
    where
        owner0_.id=?
14:14:31,043 DEBUG SQL:104 - 
    select
        document0_.id as id0_,
        document0_.name as name0_ 
    from
        documents document0_
14:14:31,053 DEBUG SQL:104 - 
    update
        documents 
    set
        name=? 
    where
        id=?
14:14:31,054 DEBUG SQL:104 - 
    select
        document0_.id as id0_,
        document0_.name as name0_ 
    from
        documents document0_
14:14:31,054 DEBUG SQL:104 - 
    select
        document_.summary as summary0_,
        document_.folder as folder0_,
        document_.owner as owner0_,
        document_.text as text0_,
        document_.lastTextModification as lastText7_0_,
        document_.size_mb * 1024.0 as size8_0_,
        upper(document_.name) as formula81_ 
    from
        documents document_ 
    where
        document_.id=?
14:14:31,054 DEBUG SQL:104 - 
    select
        owner0_.id as id3_0_,
        owner0_.name as name3_0_ 
    from
        owners owner0_ 
    where
        owner0_.id=?
14:14:31,065 DEBUG SQL:104 - 
    select
        document0_.id as id0_,
        document0_.name as name0_ 
    from
        documents document0_
14:14:31,065 DEBUG SQL:104 - 
    select
        document_.summary as summary0_,
        document_.folder as folder0_,
        document_.owner as owner0_,
        document_.text as text0_,
        document_.lastTextModification as lastText7_0_,
        document_.size_mb * 1024.0 as size8_0_,
        upper(document_.name) as formula81_ 
    from
        documents document_ 
    where
        document_.id=?
14:14:31,066 DEBUG SQL:104 - 
    select
        owner0_.id as id3_0_,
        owner0_.name as name3_0_ 
    from
        owners owner0_ 
    where
        owner0_.id=?
14:14:31,076 DEBUG SQL:104 - 
    update
        documents 
    set
        name=?,
        summary=?,
        folder=?,
        owner=?,
        text=?,
        lastTextModification=?,
        size_mb=? / cast( 1024.0 as float ) 
    where
        id=?
14:14:31,077 DEBUG SQL:104 - 
    select
        document0_.id as id0_,
        document0_.name as name0_ 
    from
        documents document0_
14:14:31,077 DEBUG SQL:104 - 
    select
        document_.summary as summary0_,
        document_.folder as folder0_,
        document_.owner as owner0_,
        document_.text as text0_,
        document_.lastTextModification as lastText7_0_,
        document_.size_mb * 1024.0 as size8_0_,
        upper(document_.name) as formula81_ 
    from
        documents document_ 
    where
        document_.id=?
14:14:31,077 DEBUG SQL:104 - 
    select
        owner0_.id as id3_0_,
        owner0_.name as name3_0_ 
    from
        owners owner0_ 
    where
        owner0_.id=?
14:14:31,078 DEBUG SQL:104 - 
    select
        document0_.id as id0_,
        document0_.name as name0_ 
    from
        documents document0_
14:14:31,078 DEBUG SQL:104 - 
    select
        document_.summary as summary0_,
        document_.folder as folder0_,
        document_.owner as owner0_,
        document_.text as text0_,
        document_.lastTextModification as lastText7_0_,
        document_.size_mb * 1024.0 as size8_0_,
        upper(document_.name) as formula81_ 
    from
        documents document_ 
    where
        document_.id=?
14:14:31,079 DEBUG SQL:104 - 
    select
        owner0_.id as id3_0_,
        owner0_.name as name3_0_ 
    from
        owners owner0_ 
    where
        owner0_.id=?
14:14:31,089 DEBUG SQL:104 - 
    select
        document0_.id as id0_,
        document0_.name as name0_ 
    from
        documents document0_
14:14:31,090 DEBUG SQL:104 - 
    update
        documents 
    set
        name=? 
    where
        id=?
14:14:31,090 DEBUG SQL:104 - 
    select
        document_.summary as summary0_,
        document_.folder as folder0_,
        document_.owner as owner0_,
        document_.text as text0_,
        document_.lastTextModification as lastText7_0_,
        document_.size_mb * 1024.0 as size8_0_,
        upper(document_.name) as formula81_ 
    from
        documents document_ 
    where
        document_.id=?
14:14:31,100 DEBUG SQL:104 - 
    select
        owner0_.id as id3_0_,
        owner0_.name as name3_0_ 
    from
        owners owner0_ 
    where
        owner0_.id=?
14:14:31,101 DEBUG SQL:104 - 
    update
        documents 
    set
        name=?,
        summary=?,
        folder=?,
        owner=?,
        text=?,
        lastTextModification=?,
        size_mb=? / cast( 1024.0 as float ) 
    where
        id=?
14:14:31,101 DEBUG SQL:104 - 
    select
        document0_.id as id0_,
        document0_.name as name0_ 
    from
        documents document0_
14:14:31,102 DEBUG SQL:104 - 
    select
        document_.summary as summary0_,
        document_.folder as folder0_,
        document_.owner as owner0_,
        document_.text as text0_,
        document_.lastTextModification as lastText7_0_,
        document_.size_mb * 1024.0 as size8_0_,
        upper(document_.name) as formula81_ 
    from
        documents document_ 
    where
        document_.id=?
14:14:31,102 DEBUG SQL:104 - 
    select
        owner0_.id as id3_0_,
        owner0_.name as name3_0_ 
    from
        owners owner0_ 
    where
        owner0_.id=?
14:14:31,123 DEBUG SQL:104 - 
    select
        document0_.id as id0_0_,
        document0_.name as name0_0_ 
    from
        documents document0_ 
    where
        document0_.id=?
14:14:31,124 DEBUG SQL:104 - 
    select
        document0_.id as id0_,
        document0_.name as name0_ 
    from
        documents document0_
14:14:31,124 DEBUG SQL:104 - 
    select
        document_.summary as summary0_,
        document_.folder as folder0_,
        document_.owner as owner0_,
        document_.text as text0_,
        document_.lastTextModification as lastText7_0_,
        document_.size_mb * 1024.0 as size8_0_,
        upper(document_.name) as formula81_ 
    from
        documents document_ 
    where
        document_.id=?
14:14:31,134 DEBUG SQL:104 - 
    select
        owner0_.id as id3_0_,
        owner0_.name as name3_0_ 
    from
        owners owner0_ 
    where
        owner0_.id=?
14:14:31,134 DEBUG SQL:104 - 
    select
        folder0_.id as id2_0_,
        folder0_.name as name2_0_,
        folder0_.parent as parent2_0_ 
    from
        folders folder0_ 
    where
        folder0_.id=?
14:14:31,135 DEBUG SQL:104 - 
    select
        documents0_.folder as folder2_1_,
        documents0_.id as id0_1_,
        documents0_.id as id0_0_,
        documents0_.name as name0_0_ 
    from
        documents documents0_ 
    where
        documents0_.folder=?
14:14:31,135 DEBUG SQL:104 - 
    delete 
    from
        documents 
    where
        id=?
14:14:31,144 DEBUG SQL:104 - 
    delete 
    from
        folders 
    where
        id=?
14:14:31,144 DEBUG SQL:104 - 
    delete 
    from
        owners 
    where
        id=?
14:14:31,145 DEBUG SQL:104 - 
    insert 
    into
        owners
        (name, id) 
    values
        (?, ?)
14:14:31,145 DEBUG SQL:104 - 
    insert 
    into
        folders
        (name, parent, id) 
    values
        (?, ?, ?)
14:14:31,145 DEBUG SQL:104 - 
    insert 
    into
        documents
        (name, summary, folder, owner, text, lastTextModification, size_mb, id) 
    values
        (?, ?, ?, ?, ?, ?, ? / cast( 1024.0 as float ), ?)
14:14:31,155 DEBUG SQL:104 - 
    select
        document0_.id as id0_0_,
        document0_.name as name0_0_ 
    from
        documents document0_ 
    where
        document0_.id=?
14:14:31,156 DEBUG SQL:104 - 
    select
        document_.summary as summary0_,
        document_.folder as folder0_,
        document_.owner as owner0_,
        document_.text as text0_,
        document_.lastTextModification as lastText7_0_,
        document_.size_mb * 1024.0 as size8_0_,
        upper(document_.name) as formula81_ 
    from
        documents document_ 
    where
        document_.id=?
14:14:31,156 DEBUG SQL:104 - 
    select
        owner0_.id as id3_0_,
        owner0_.name as name3_0_ 
    from
        owners owner0_ 
    where
        owner0_.id=?
14:14:31,166 DEBUG SQL:104 - 
    select
        document0_.id as id0_,
        document0_.name as name0_ 
    from
        documents document0_
14:14:31,166 DEBUG SQL:104 - 
    select
        document_.summary as summary0_,
        document_.folder as folder0_,
        document_.owner as owner0_,
        document_.text as text0_,
        document_.lastTextModification as lastText7_0_,
        document_.size_mb * 1024.0 as size8_0_,
        upper(document_.name) as formula81_ 
    from
        documents document_ 
    where
        document_.id=?
14:14:31,166 DEBUG SQL:104 - 
    select
        owner0_.id as id3_0_,
        owner0_.name as name3_0_ 
    from
        owners owner0_ 
    where
        owner0_.id=?
14:14:31,176 DEBUG SQL:104 - 
    select
        document0_.id as id0_,
        document0_.name as name0_ 
    from
        documents document0_
14:14:31,176 DEBUG SQL:104 - 
    select
        document_.summary as summary0_,
        document_.folder as folder0_,
        document_.owner as owner0_,
        document_.text as text0_,
        document_.lastTextModification as lastText7_0_,
        document_.size_mb * 1024.0 as size8_0_,
        upper(document_.name) as formula81_ 
    from
        documents document_ 
    where
        document_.id=?
14:14:31,177 DEBUG SQL:104 - 
    select
        owner0_.id as id3_0_,
        owner0_.name as name3_0_ 
    from
        owners owner0_ 
    where
        owner0_.id=?
14:14:31,177 DEBUG SQL:104 - 
    select
        document0_.id as id0_,
        document0_.name as name0_ 
    from
        documents document0_
14:14:31,186 DEBUG SQL:104 - 
    update
        documents 
    set
        name=? 
    where
        id=?
14:14:31,187 DEBUG SQL:104 - 
    select
        document0_.id as id0_,
        document0_.name as name0_ 
    from
        documents document0_
14:14:31,187 DEBUG SQL:104 - 
    select
        document_.summary as summary0_,
        document_.folder as folder0_,
        document_.owner as owner0_,
        document_.text as text0_,
        document_.lastTextModification as lastText7_0_,
        document_.size_mb * 1024.0 as size8_0_,
        upper(document_.name) as formula81_ 
    from
        documents document_ 
    where
        document_.id=?
14:14:31,197 DEBUG SQL:104 - 
    select
        owner0_.id as id3_0_,
        owner0_.name as name3_0_ 
    from
        owners owner0_ 
    where
        owner0_.id=?
14:14:31,198 DEBUG SQL:104 - 
    select
        document0_.id as id0_,
        document0_.name as name0_ 
    from
        documents document0_
14:14:31,198 DEBUG SQL:104 - 
    select
        document_.summary as summary0_,
        document_.folder as folder0_,
        document_.owner as owner0_,
        document_.text as text0_,
        document_.lastTextModification as lastText7_0_,
        document_.size_mb * 1024.0 as size8_0_,
        upper(document_.name) as formula81_ 
    from
        documents document_ 
    where
        document_.id=?
14:14:31,198 DEBUG SQL:104 - 
    select
        owner0_.id as id3_0_,
        owner0_.name as name3_0_ 
    from
        owners owner0_ 
    where
        owner0_.id=?
14:14:31,199 DEBUG SQL:104 - 
    update
        documents 
    set
        name=?,
        summary=?,
        folder=?,
        owner=?,
        text=?,
        lastTextModification=?,
        size_mb=? / cast( 1024.0 as float ) 
    where
        id=?
14:14:31,200 DEBUG SQL:104 - 
    select
        document0_.id as id0_,
        document0_.name as name0_ 
    from
        documents document0_
14:14:31,200 DEBUG SQL:104 - 
    select
        document_.summary as summary0_,
        document_.folder as folder0_,
        document_.owner as owner0_,
        document_.text as text0_,
        document_.lastTextModification as lastText7_0_,
        document_.size_mb * 1024.0 as size8_0_,
        upper(document_.name) as formula81_ 
    from
        documents document_ 
    where
        document_.id=?
14:14:31,210 DEBUG SQL:104 - 
    select
        owner0_.id as id3_0_,
        owner0_.name as name3_0_ 
    from
        owners owner0_ 
    where
        owner0_.id=?
14:14:31,211 DEBUG SQL:104 - 
    select
        document0_.id as id0_,
        document0_.name as name0_ 
    from
        documents document0_
14:14:31,212 DEBUG SQL:104 - 
    select
        document_.summary as summary0_,
        document_.folder as folder0_,
        document_.owner as owner0_,
        document_.text as text0_,
        document_.lastTextModification as lastText7_0_,
        document_.size_mb * 1024.0 as size8_0_,
        upper(document_.name) as formula81_ 
    from
        documents document_ 
    where
        document_.id=?
14:14:31,221 DEBUG SQL:104 - 
    select
        owner0_.id as id3_0_,
        owner0_.name as name3_0_ 
    from
        owners owner0_ 
    where
        owner0_.id=?
14:14:31,222 DEBUG SQL:104 - 
    select
        document0_.id as id0_,
        document0_.name as name0_ 
    from
        documents document0_
14:14:31,223 DEBUG SQL:104 - 
    update
        documents 
    set
        name=? 
    where
        id=?
14:14:31,223 DEBUG SQL:104 - 
    select
        document_.summary as summary0_,
        document_.folder as folder0_,
        document_.owner as owner0_,
        document_.text as text0_,
        document_.lastTextModification as lastText7_0_,
        document_.size_mb * 1024.0 as size8_0_,
        upper(document_.name) as formula81_ 
    from
        documents document_ 
    where
        document_.id=?
14:14:31,224 DEBUG SQL:104 - 
    select
        owner0_.id as id3_0_,
        owner0_.name as name3_0_ 
    from
        owners owner0_ 
    where
        owner0_.id=?
14:14:31,224 DEBUG SQL:104 - 
    update
        documents 
    set
        name=?,
        summary=?,
        folder=?,
        owner=?,
        text=?,
        lastTextModification=?,
        size_mb=? / cast( 1024.0 as float ) 
    where
        id=?
14:14:31,245 DEBUG SQL:104 - 
    select
        document0_.id as id0_,
        document0_.name as name0_ 
    from
        documents document0_
14:14:31,246 DEBUG SQL:104 - 
    select
        document_.summary as summary0_,
        document_.folder as folder0_,
        document_.owner as owner0_,
        document_.text as text0_,
        document_.lastTextModification as lastText7_0_,
        document_.size_mb * 1024.0 as size8_0_,
        upper(document_.name) as formula81_ 
    from
        documents document_ 
    where
        document_.id=?
14:14:31,256 DEBUG SQL:104 - 
    select
        owner0_.id as id3_0_,
        owner0_.name as name3_0_ 
    from
        owners owner0_ 
    where
        owner0_.id=?
14:14:31,257 DEBUG SQL:104 - 
    select
        document0_.id as id0_0_,
        document0_.name as name0_0_ 
    from
        documents document0_ 
    where
        document0_.id=?
14:14:31,258 DEBUG SQL:104 - 
    select
        document0_.id as id0_,
        document0_.name as name0_ 
    from
        documents document0_
14:14:31,258 DEBUG SQL:104 - 
    select
        document_.summary as summary0_,
        document_.folder as folder0_,
        document_.owner as owner0_,
        document_.text as text0_,
        document_.lastTextModification as lastText7_0_,
        document_.size_mb * 1024.0 as size8_0_,
        upper(document_.name) as formula81_ 
    from
        documents document_ 
    where
        document_.id=?
14:14:31,259 DEBUG SQL:104 - 
    select
        owner0_.id as id3_0_,
        owner0_.name as name3_0_ 
    from
        owners owner0_ 
    where
        owner0_.id=?
14:14:31,259 DEBUG SQL:104 - 
    select
        folder0_.id as id2_0_,
        folder0_.name as name2_0_,
        folder0_.parent as parent2_0_ 
    from
        folders folder0_ 
    where
        folder0_.id=?
14:14:31,259 DEBUG SQL:104 - 
    select
        documents0_.folder as folder2_1_,
        documents0_.id as id0_1_,
        documents0_.id as id0_0_,
        documents0_.name as name0_0_ 
    from
        documents documents0_ 
    where
        documents0_.folder=?
14:14:31,260 DEBUG SQL:104 - 
    delete 
    from
        documents 
    where
        id=?
14:14:31,260 DEBUG SQL:104 - 
    delete 
    from
        folders 
    where
        id=?
14:14:31,279 DEBUG SQL:104 - 
    delete 
    from
        owners 
    where
        id=?
14:14:31,280 DEBUG SQL:104 - 
    insert 
    into
        owners
        (name, id) 
    values
        (?, ?)
14:14:31,281 DEBUG SQL:104 - 
    insert 
    into
        folders
        (name, parent, id) 
    values
        (?, ?, ?)
14:14:31,281 DEBUG SQL:104 - 
    insert 
    into
        documents
        (name, summary, folder, owner, text, lastTextModification, size_mb, id) 
    values
        (?, ?, ?, ?, ?, ?, ? / cast( 1024.0 as float ), ?)
14:14:31,281 DEBUG SQL:104 - 
    select
        document0_.id as id0_0_,
        document0_.name as name0_0_ 
    from
        documents document0_ 
    where
        document0_.id=?
14:14:31,290 DEBUG SQL:104 - 
    select
        document_.summary as summary0_,
        document_.folder as folder0_,
        document_.owner as owner0_,
        document_.text as text0_,
        document_.lastTextModification as lastText7_0_,
        document_.size_mb * 1024.0 as size8_0_,
        upper(document_.name) as formula81_ 
    from
        documents document_ 
    where
        document_.id=?
14:14:31,290 DEBUG SQL:104 - 
    select
        owner0_.id as id3_0_,
        owner0_.name as name3_0_ 
    from
        owners owner0_ 
    where
        owner0_.id=?
14:14:31,291 DEBUG SQL:104 - 
    select
        document0_.id as id0_,
        document0_.name as name0_ 
    from
        documents document0_
14:14:31,300 DEBUG SQL:104 - 
    select
        document_.summary as summary0_,
        document_.folder as folder0_,
        document_.owner as owner0_,
        document_.text as text0_,
        document_.lastTextModification as lastText7_0_,
        document_.size_mb * 1024.0 as size8_0_,
        upper(document_.name) as formula81_ 
    from
        documents document_ 
    where
        document_.id=?
14:14:31,301 DEBUG SQL:104 - 
    select
        owner0_.id as id3_0_,
        owner0_.name as name3_0_ 
    from
        owners owner0_ 
    where
        owner0_.id=?
14:14:31,302 DEBUG SQL:104 - 
    select
        document0_.id as id0_,
        document0_.name as name0_ 
    from
        documents document0_
14:14:31,302 DEBUG SQL:104 - 
    select
        document_.summary as summary0_,
        document_.folder as folder0_,
        document_.owner as owner0_,
        document_.text as text0_,
        document_.lastTextModification as lastText7_0_,
        document_.size_mb * 1024.0 as size8_0_,
        upper(document_.name) as formula81_ 
    from
        documents document_ 
    where
        document_.id=?
14:14:31,311 DEBUG SQL:104 - 
    select
        owner0_.id as id3_0_,
        owner0_.name as name3_0_ 
    from
        owners owner0_ 
    where
        owner0_.id=?
14:14:31,312 DEBUG SQL:104 - 
    select
        document0_.id as id0_,
        document0_.name as name0_ 
    from
        documents document0_
14:14:31,313 DEBUG SQL:104 - 
    update
        documents 
    set
        name=? 
    where
        id=?
14:14:31,323 DEBUG SQL:104 - 
    select
        document0_.id as id0_,
        document0_.name as name0_ 
    from
        documents document0_
14:14:31,323 DEBUG SQL:104 - 
    select
        document_.summary as summary0_,
        document_.folder as folder0_,
        document_.owner as owner0_,
        document_.text as text0_,
        document_.lastTextModification as lastText7_0_,
        document_.size_mb * 1024.0 as size8_0_,
        upper(document_.name) as formula81_ 
    from
        documents document_ 
    where
        document_.id=?
14:14:31,324 DEBUG SQL:104 - 
    select
        owner0_.id as id3_0_,
        owner0_.name as name3_0_ 
    from
        owners owner0_ 
    where
        owner0_.id=?
14:14:31,324 DEBUG SQL:104 - 
    select
        document0_.id as id0_,
        document0_.name as name0_ 
    from
        documents document0_
14:14:31,325 DEBUG SQL:104 - 
    select
        document_.summary as summary0_,
        document_.folder as folder0_,
        document_.owner as owner0_,
        document_.text as text0_,
        document_.lastTextModification as lastText7_0_,
        document_.size_mb * 1024.0 as size8_0_,
        upper(document_.name) as formula81_ 
    from
        documents document_ 
    where
        document_.id=?
14:14:31,325 DEBUG SQL:104 - 
    select
        owner0_.id as id3_0_,
        owner0_.name as name3_0_ 
    from
        owners owner0_ 
    where
        owner0_.id=?
14:14:31,325 DEBUG SQL:104 - 
    update
        documents 
    set
        name=?,
        summary=?,
        folder=?,
        owner=?,
        text=?,
        lastTextModification=?,
        size_mb=? / cast( 1024.0 as float ) 
    where
        id=?
14:14:31,336 DEBUG SQL:104 - 
    select
        document0_.id as id0_,
        document0_.name as name0_ 
    from
        documents document0_
14:14:31,337 DEBUG SQL:104 - 
    select
        document_.summary as summary0_,
        document_.folder as folder0_,
        document_.owner as owner0_,
        document_.text as text0_,
        document_.lastTextModification as lastText7_0_,
        document_.size_mb * 1024.0 as size8_0_,
        upper(document_.name) as formula81_ 
    from
        documents document_ 
    where
        document_.id=?
14:14:31,337 DEBUG SQL:104 - 
    select
        owner0_.id as id3_0_,
        owner0_.name as name3_0_ 
    from
        owners owner0_ 
    where
        owner0_.id=?
14:14:31,347 DEBUG SQL:104 - 
    select
        document0_.id as id0_,
        document0_.name as name0_ 
    from
        documents document0_
14:14:31,347 DEBUG SQL:104 - 
    select
        document_.summary as summary0_,
        document_.folder as folder0_,
        document_.owner as owner0_,
        document_.text as text0_,
        document_.lastTextModification as lastText7_0_,
        document_.size_mb * 1024.0 as size8_0_,
        upper(document_.name) as formula81_ 
    from
        documents document_ 
    where
        document_.id=?
14:14:31,347 DEBUG SQL:104 - 
    select
        owner0_.id as id3_0_,
        owner0_.name as name3_0_ 
    from
        owners owner0_ 
    where
        owner0_.id=?
14:14:31,348 DEBUG SQL:104 - 
    select
        document0_.id as id0_,
        document0_.name as name0_ 
    from
        documents document0_
14:14:31,348 DEBUG SQL:104 - 
    update
        documents 
    set
        name=? 
    where
        id=?
14:14:31,349 DEBUG SQL:104 - 
    select
        document_.summary as summary0_,
        document_.folder as folder0_,
        document_.owner as owner0_,
        document_.text as text0_,
        document_.lastTextModification as lastText7_0_,
        document_.size_mb * 1024.0 as size8_0_,
        upper(document_.name) as formula81_ 
    from
        documents document_ 
    where
        document_.id=?
14:14:31,370 DEBUG SQL:104 - 
    select
        owner0_.id as id3_0_,
        owner0_.name as name3_0_ 
    from
        owners owner0_ 
    where
        owner0_.id=?
14:14:31,371 DEBUG SQL:104 - 
    update
        documents 
    set
        name=?,
        summary=?,
        folder=?,
        owner=?,
        text=?,
        lastTextModification=?,
        size_mb=? / cast( 1024.0 as float ) 
    where
        id=?
14:14:31,380 DEBUG SQL:104 - 
    select
        document0_.id as id0_,
        document0_.name as name0_ 
    from
        documents document0_
14:14:31,381 DEBUG SQL:104 - 
    select
        document_.summary as summary0_,
        document_.folder as folder0_,
        document_.owner as owner0_,
        document_.text as text0_,
        document_.lastTextModification as lastText7_0_,
        document_.size_mb * 1024.0 as size8_0_,
        upper(document_.name) as formula81_ 
    from
        documents document_ 
    where
        document_.id=?
14:14:31,381 DEBUG SQL:104 - 
    select
        owner0_.id as id3_0_,
        owner0_.name as name3_0_ 
    from
        owners owner0_ 
    where
        owner0_.id=?
14:14:31,382 DEBUG SQL:104 - 
    select
        document0_.id as id0_0_,
        document0_.name as name0_0_ 
    from
        documents document0_ 
    where
        document0_.id=?
14:14:31,391 DEBUG SQL:104 - 
    select
        document0_.id as id0_,
        document0_.name as name0_ 
    from
        documents document0_
14:14:31,392 DEBUG SQL:104 - 
    select
        document_.summary as summary0_,
        document_.folder as folder0_,
        document_.owner as owner0_,
        document_.text as text0_,
        document_.lastTextModification as lastText7_0_,
        document_.size_mb * 1024.0 as size8_0_,
        upper(document_.name) as formula81_ 
    from
        documents document_ 
    where
        document_.id=?
14:14:31,392 DEBUG SQL:104 - 
    select
        owner0_.id as id3_0_,
        owner0_.name as name3_0_ 
    from
        owners owner0_ 
    where
        owner0_.id=?
14:14:31,401 DEBUG SQL:104 - 
    select
        folder0_.id as id2_0_,
        folder0_.name as name2_0_,
        folder0_.parent as parent2_0_ 
    from
        folders folder0_ 
    where
        folder0_.id=?
14:14:31,402 DEBUG SQL:104 - 
    select
        documents0_.folder as folder2_1_,
        documents0_.id as id0_1_,
        documents0_.id as id0_0_,
        documents0_.name as name0_0_ 
    from
        documents documents0_ 
    where
        documents0_.folder=?
14:14:31,402 DEBUG SQL:104 - 
    delete 
    from
        documents 
    where
        id=?
14:14:31,402 DEBUG SQL:104 - 
    delete 
    from
        folders 
    where
        id=?
14:14:31,411 DEBUG SQL:104 - 
    delete 
    from
        owners 
    where
        id=?
14:14:31,412 DEBUG SQL:104 - 
    insert 
    into
        owners
        (name, id) 
    values
        (?, ?)
14:14:31,412 DEBUG SQL:104 - 
    insert 
    into
        folders
        (name, parent, id) 
    values
        (?, ?, ?)
14:14:31,412 DEBUG SQL:104 - 
    insert 
    into
        documents
        (name, summary, folder, owner, text, lastTextModification, size_mb, id) 
    values
        (?, ?, ?, ?, ?, ?, ? / cast( 1024.0 as float ), ?)
14:14:31,421 DEBUG SQL:104 - 
    select
        document0_.id as id0_0_,
        document0_.name as name0_0_ 
    from
        documents document0_ 
    where
        document0_.id=?
14:14:31,422 DEBUG SQL:104 - 
    select
        document_.summary as summary0_,
        document_.folder as folder0_,
        document_.owner as owner0_,
        document_.text as text0_,
        document_.lastTextModification as lastText7_0_,
        document_.size_mb * 1024.0 as size8_0_,
        upper(document_.name) as formula81_ 
    from
        documents document_ 
    where
        document_.id=?
14:14:31,422 DEBUG SQL:104 - 
    select
        owner0_.id as id3_0_,
        owner0_.name as name3_0_ 
    from
        owners owner0_ 
    where
        owner0_.id=?
14:14:31,431 DEBUG SQL:104 - 
    select
        document0_.id as id0_,
        document0_.name as name0_ 
    from
        documents document0_
14:14:31,432 DEBUG SQL:104 - 
    select
        document_.summary as summary0_,
        document_.folder as folder0_,
        document_.owner as owner0_,
        document_.text as text0_,
        document_.lastTextModification as lastText7_0_,
        document_.size_mb * 1024.0 as size8_0_,
        upper(document_.name) as formula81_ 
    from
        documents document_ 
    where
        document_.id=?
14:14:31,432 DEBUG SQL:104 - 
    select
        owner0_.id as id3_0_,
        owner0_.name as name3_0_ 
    from
        owners owner0_ 
    where
        owner0_.id=?
14:14:31,433 DEBUG SQL:104 - 
    select
        document0_.id as id0_,
        document0_.name as name0_ 
    from
        documents document0_
14:14:31,469 DEBUG SQL:104 - 
    select
        document_.summary as summary0_,
        document_.folder as folder0_,
        document_.owner as owner0_,
        document_.text as text0_,
        document_.lastTextModification as lastText7_0_,
        document_.size_mb * 1024.0 as size8_0_,
        upper(document_.name) as formula81_ 
    from
        documents document_ 
    where
        document_.id=?
14:14:31,470 DEBUG SQL:104 - 
    select
        owner0_.id as id3_0_,
        owner0_.name as name3_0_ 
    from
        owners owner0_ 
    where
        owner0_.id=?
14:14:31,471 DEBUG SQL:104 - 
    select
        document0_.id as id0_,
        document0_.name as name0_ 
    from
        documents document0_
14:14:31,472 DEBUG SQL:104 - 
    update
        documents 
    set
        name=? 
    where
        id=?
14:14:31,472 DEBUG SQL:104 - 
    select
        document0_.id as id0_,
        document0_.name as name0_ 
    from
        documents document0_
14:14:31,473 DEBUG SQL:104 - 
    select
        document_.summary as summary0_,
        document_.folder as folder0_,
        document_.owner as owner0_,
        document_.text as text0_,
        document_.lastTextModification as lastText7_0_,
        document_.size_mb * 1024.0 as size8_0_,
        upper(document_.name) as formula81_ 
    from
        documents document_ 
    where
        document_.id=?
14:14:31,473 DEBUG SQL:104 - 
    select
        owner0_.id as id3_0_,
        owner0_.name as name3_0_ 
    from
        owners owner0_ 
    where
        owner0_.id=?
14:14:31,474 DEBUG SQL:104 - 
    select
        document0_.id as id0_,
        document0_.name as name0_ 
    from
        documents document0_
14:14:31,474 DEBUG SQL:104 - 
    select
        document_.summary as summary0_,
        document_.folder as folder0_,
        document_.owner as owner0_,
        document_.text as text0_,
        document_.lastTextModification as lastText7_0_,
        document_.size_mb * 1024.0 as size8_0_,
        upper(document_.name) as formula81_ 
    from
        documents document_ 
    where
        document_.id=?
14:14:31,474 DEBUG SQL:104 - 
    select
        owner0_.id as id3_0_,
        owner0_.name as name3_0_ 
    from
        owners owner0_ 
    where
        owner0_.id=?
14:14:31,474 DEBUG SQL:104 - 
    update
        documents 
    set
        name=?,
        summary=?,
        folder=?,
        owner=?,
        text=?,
        lastTextModification=?,
        size_mb=? / cast( 1024.0 as float ) 
    where
        id=?
14:14:31,475 DEBUG SQL:104 - 
    select
        document0_.id as id0_,
        document0_.name as name0_ 
    from
        documents document0_
14:14:31,475 DEBUG SQL:104 - 
    select
        document_.summary as summary0_,
        document_.folder as folder0_,
        document_.owner as owner0_,
        document_.text as text0_,
        document_.lastTextModification as lastText7_0_,
        document_.size_mb * 1024.0 as size8_0_,
        upper(document_.name) as formula81_ 
    from
        documents document_ 
    where
        document_.id=?
14:14:31,475 DEBUG SQL:104 - 
    select
        owner0_.id as id3_0_,
        owner0_.name as name3_0_ 
    from
        owners owner0_ 
    where
        owner0_.id=?
14:14:31,476 DEBUG SQL:104 - 
    select
        document0_.id as id0_,
        document0_.name as name0_ 
    from
        documents document0_
14:14:31,476 DEBUG SQL:104 - 
    select
        document_.summary as summary0_,
        document_.folder as folder0_,
        document_.owner as owner0_,
        document_.text as text0_,
        document_.lastTextModification as lastText7_0_,
        document_.size_mb * 1024.0 as size8_0_,
        upper(document_.name) as formula81_ 
    from
        documents document_ 
    where
        document_.id=?
14:14:31,476 DEBUG SQL:104 - 
    select
        owner0_.id as id3_0_,
        owner0_.name as name3_0_ 
    from
        owners owner0_ 
    where
        owner0_.id=?
14:14:31,495 DEBUG SQL:104 - 
    select
        document0_.id as id0_,
        document0_.name as name0_ 
    from
        documents document0_
14:14:31,496 DEBUG SQL:104 - 
    update
        documents 
    set
        name=? 
    where
        id=?
14:14:31,496 DEBUG SQL:104 - 
    select
        document_.summary as summary0_,
        document_.folder as folder0_,
        document_.owner as owner0_,
        document_.text as text0_,
        document_.lastTextModification as lastText7_0_,
        document_.size_mb * 1024.0 as size8_0_,
        upper(document_.name) as formula81_ 
    from
        documents document_ 
    where
        document_.id=?
14:14:31,521 DEBUG SQL:104 - 
    select
        owner0_.id as id3_0_,
        owner0_.name as name3_0_ 
    from
        owners owner0_ 
    where
        owner0_.id=?
14:14:31,521 DEBUG SQL:104 - 
    update
        documents 
    set
        name=?,
        summary=?,
        folder=?,
        owner=?,
        text=?,
        lastTextModification=?,
        size_mb=? / cast( 1024.0 as float ) 
    where
        id=?
14:14:31,522 DEBUG SQL:104 - 
    select
        document0_.id as id0_,
        document0_.name as name0_ 
    from
        documents document0_
14:14:31,522 DEBUG SQL:104 - 
    select
        document_.summary as summary0_,
        document_.folder as folder0_,
        document_.owner as owner0_,
        document_.text as text0_,
        document_.lastTextModification as lastText7_0_,
        document_.size_mb * 1024.0 as size8_0_,
        upper(document_.name) as formula81_ 
    from
        documents document_ 
    where
        document_.id=?
14:14:31,523 DEBUG SQL:104 - 
    select
        owner0_.id as id3_0_,
        owner0_.name as name3_0_ 
    from
        owners owner0_ 
    where
        owner0_.id=?
14:14:31,523 DEBUG SQL:104 - 
    select
        document0_.id as id0_0_,
        document0_.name as name0_0_ 
    from
        documents document0_ 
    where
        document0_.id=?
14:14:31,524 DEBUG SQL:104 - 
    select
        document0_.id as id0_,
        document0_.name as name0_ 
    from
        documents document0_
14:14:31,524 DEBUG SQL:104 - 
    select
        document_.summary as summary0_,
        document_.folder as folder0_,
        document_.owner as owner0_,
        document_.text as text0_,
        document_.lastTextModification as lastText7_0_,
        document_.size_mb * 1024.0 as size8_0_,
        upper(document_.name) as formula81_ 
    from
        documents document_ 
    where
        document_.id=?
14:14:31,542 DEBUG SQL:104 - 
    select
        owner0_.id as id3_0_,
        owner0_.name as name3_0_ 
    from
        owners owner0_ 
    where
        owner0_.id=?
14:14:31,542 DEBUG SQL:104 - 
    select
        folder0_.id as id2_0_,
        folder0_.name as name2_0_,
        folder0_.parent as parent2_0_ 
    from
        folders folder0_ 
    where
        folder0_.id=?
14:14:31,543 DEBUG SQL:104 - 
    select
        documents0_.folder as folder2_1_,
        documents0_.id as id0_1_,
        documents0_.id as id0_0_,
        documents0_.name as name0_0_ 
    from
        documents documents0_ 
    where
        documents0_.folder=?
14:14:31,543 DEBUG SQL:104 - 
    delete 
    from
        documents 
    where
        id=?
14:14:31,551 DEBUG SQL:104 - 
    delete 
    from
        folders 
    where
        id=?
14:14:31,552 DEBUG SQL:104 - 
    delete 
    from
        owners 
    where
        id=?
14:14:31,552 DEBUG SQL:104 - 
    insert 
    into
        owners
        (name, id) 
    values
        (?, ?)
14:14:31,553 DEBUG SQL:104 - 
    insert 
    into
        folders
        (name, parent, id) 
    values
        (?, ?, ?)
14:14:31,562 DEBUG SQL:104 - 
    insert 
    into
        documents
        (name, summary, folder, owner, text, lastTextModification, size_mb, id) 
    values
        (?, ?, ?, ?, ?, ?, ? / cast( 1024.0 as float ), ?)
14:14:31,562 DEBUG SQL:104 - 
    select
        document0_.id as id0_0_,
        document0_.name as name0_0_ 
    from
        documents document0_ 
    where
        document0_.id=?
14:14:31,563 DEBUG SQL:104 - 
    select
        document_.summary as summary0_,
        document_.folder as folder0_,
        document_.owner as owner0_,
        document_.text as text0_,
        document_.lastTextModification as lastText7_0_,
        document_.size_mb * 1024.0 as size8_0_,
        upper(document_.name) as formula81_ 
    from
        documents document_ 
    where
        document_.id=?
14:14:31,563 DEBUG SQL:104 - 
    select
        owner0_.id as id3_0_,
        owner0_.name as name3_0_ 
    from
        owners owner0_ 
    where
        owner0_.id=?
14:14:31,574 DEBUG SQL:104 - 
    select
        document0_.id as id0_,
        document0_.name as name0_ 
    from
        documents document0_
14:14:31,575 DEBUG SQL:104 - 
    select
        document_.summary as summary0_,
        document_.folder as folder0_,
        document_.owner as owner0_,
        document_.text as text0_,
        document_.lastTextModification as lastText7_0_,
        document_.size_mb * 1024.0 as size8_0_,
        upper(document_.name) as formula81_ 
    from
        documents document_ 
    where
        document_.id=?
14:14:31,575 DEBUG SQL:104 - 
    select
        owner0_.id as id3_0_,
        owner0_.name as name3_0_ 
    from
        owners owner0_ 
    where
        owner0_.id=?
14:14:31,575 DEBUG SQL:104 - 
    select
        document0_.id as id0_,
        document0_.name as name0_ 
    from
        documents document0_
14:14:31,576 DEBUG SQL:104 - 
    select
        document_.summary as summary0_,
        document_.folder as folder0_,
        document_.owner as owner0_,
        document_.text as text0_,
        document_.lastTextModification as lastText7_0_,
        document_.size_mb * 1024.0 as size8_0_,
        upper(document_.name) as formula81_ 
    from
        documents document_ 
    where
        document_.id=?
14:14:31,576 DEBUG SQL:104 - 
    select
        owner0_.id as id3_0_,
        owner0_.name as name3_0_ 
    from
        owners owner0_ 
    where
        owner0_.id=?
14:14:31,576 DEBUG SQL:104 - 
    select
        document0_.id as id0_,
        document0_.name as name0_ 
    from
        documents document0_
14:14:31,587 DEBUG SQL:104 - 
    update
        documents 
    set
        name=? 
    where
        id=?
14:14:31,587 DEBUG SQL:104 - 
    select
        document0_.id as id0_,
        document0_.name as name0_ 
    from
        documents document0_
14:14:31,588 DEBUG SQL:104 - 
    select
        document_.summary as summary0_,
        document_.folder as folder0_,
        document_.owner as owner0_,
        document_.text as text0_,
        document_.lastTextModification as lastText7_0_,
        document_.size_mb * 1024.0 as size8_0_,
        upper(document_.name) as formula81_ 
    from
        documents document_ 
    where
        document_.id=?
14:14:31,598 DEBUG SQL:104 - 
    select
        owner0_.id as id3_0_,
        owner0_.name as name3_0_ 
    from
        owners owner0_ 
    where
        owner0_.id=?
14:14:31,599 DEBUG SQL:104 - 
    select
        document0_.id as id0_,
        document0_.name as name0_ 
    from
        documents document0_
14:14:31,599 DEBUG SQL:104 - 
    select
        document_.summary as summary0_,
        document_.folder as folder0_,
        document_.owner as owner0_,
        document_.text as text0_,
        document_.lastTextModification as lastText7_0_,
        document_.size_mb * 1024.0 as size8_0_,
        upper(document_.name) as formula81_ 
    from
        documents document_ 
    where
        document_.id=?
14:14:31,600 DEBUG SQL:104 - 
    select
        owner0_.id as id3_0_,
        owner0_.name as name3_0_ 
    from
        owners owner0_ 
    where
        owner0_.id=?
14:14:31,600 DEBUG SQL:104 - 
    update
        documents 
    set
        name=?,
        summary=?,
        folder=?,
        owner=?,
        text=?,
        lastTextModification=?,
        size_mb=? / cast( 1024.0 as float ) 
    where
        id=?
14:14:31,622 DEBUG SQL:104 - 
    select
        document0_.id as id0_,
        document0_.name as name0_ 
    from
        documents document0_
14:14:31,622 DEBUG SQL:104 - 
    select
        document_.summary as summary0_,
        document_.folder as folder0_,
        document_.owner as owner0_,
        document_.text as text0_,
        document_.lastTextModification as lastText7_0_,
        document_.size_mb * 1024.0 as size8_0_,
        upper(document_.name) as formula81_ 
    from
        documents document_ 
    where
        document_.id=?
14:14:31,623 DEBUG SQL:104 - 
    select
        owner0_.id as id3_0_,
        owner0_.name as name3_0_ 
    from
        owners owner0_ 
    where
        owner0_.id=?
14:14:31,623 DEBUG SQL:104 - 
    select
        document0_.id as id0_,
        document0_.name as name0_ 
    from
        documents document0_
14:14:31,634 DEBUG SQL:104 - 
    select
        document_.summary as summary0_,
        document_.folder as folder0_,
        document_.owner as owner0_,
        document_.text as text0_,
        document_.lastTextModification as lastText7_0_,
        document_.size_mb * 1024.0 as size8_0_,
        upper(document_.name) as formula81_ 
    from
        documents document_ 
    where
        document_.id=?
14:14:31,634 DEBUG SQL:104 - 
    select
        owner0_.id as id3_0_,
        owner0_.name as name3_0_ 
    from
        owners owner0_ 
    where
        owner0_.id=?
14:14:31,635 DEBUG SQL:104 - 
    select
        document0_.id as id0_,
        document0_.name as name0_ 
    from
        documents document0_
14:14:31,647 DEBUG SQL:104 - 
    update
        documents 
    set
        name=? 
    where
        id=?
14:14:31,648 DEBUG SQL:104 - 
    select
        document_.summary as summary0_,
        document_.folder as folder0_,
        document_.owner as owner0_,
        document_.text as text0_,
        document_.lastTextModification as lastText7_0_,
        document_.size_mb * 1024.0 as size8_0_,
        upper(document_.name) as formula81_ 
    from
        documents document_ 
    where
        document_.id=?
14:14:31,649 DEBUG SQL:104 - 
    select
        owner0_.id as id3_0_,
        owner0_.name as name3_0_ 
    from
        owners owner0_ 
    where
        owner0_.id=?
14:14:31,649 DEBUG SQL:104 - 
    update
        documents 
    set
        name=?,
        summary=?,
        folder=?,
        owner=?,
        text=?,
        lastTextModification=?,
        size_mb=? / cast( 1024.0 as float ) 
    where
        id=?
14:14:31,659 DEBUG SQL:104 - 
    select
        document0_.id as id0_,
        document0_.name as name0_ 
    from
        documents document0_
14:14:31,659 DEBUG SQL:104 - 
    select
        document_.summary as summary0_,
        document_.folder as folder0_,
        document_.owner as owner0_,
        document_.text as text0_,
        document_.lastTextModification as lastText7_0_,
        document_.size_mb * 1024.0 as size8_0_,
        upper(document_.name) as formula81_ 
    from
        documents document_ 
    where
        document_.id=?
14:14:31,669 DEBUG SQL:104 - 
    select
        owner0_.id as id3_0_,
        owner0_.name as name3_0_ 
    from
        owners owner0_ 
    where
        owner0_.id=?
14:14:31,670 DEBUG SQL:104 - 
    select
        document0_.id as id0_0_,
        document0_.name as name0_0_ 
    from
        documents document0_ 
    where
        document0_.id=?
14:14:31,670 DEBUG SQL:104 - 
    select
        document0_.id as id0_,
        document0_.name as name0_ 
    from
        documents document0_
14:14:31,670 DEBUG SQL:104 - 
    select
        document_.summary as summary0_,
        document_.folder as folder0_,
        document_.owner as owner0_,
        document_.text as text0_,
        document_.lastTextModification as lastText7_0_,
        document_.size_mb * 1024.0 as size8_0_,
        upper(document_.name) as formula81_ 
    from
        documents document_ 
    where
        document_.id=?
14:14:31,680 DEBUG SQL:104 - 
    select
        owner0_.id as id3_0_,
        owner0_.name as name3_0_ 
    from
        owners owner0_ 
    where
        owner0_.id=?
14:14:31,681 DEBUG SQL:104 - 
    select
        folder0_.id as id2_0_,
        folder0_.name as name2_0_,
        folder0_.parent as parent2_0_ 
    from
        folders folder0_ 
    where
        folder0_.id=?
14:14:31,681 DEBUG SQL:104 - 
    select
        documents0_.folder as folder2_1_,
        documents0_.id as id0_1_,
        documents0_.id as id0_0_,
        documents0_.name as name0_0_ 
    from
        documents documents0_ 
    where
        documents0_.folder=?
14:14:31,692 DEBUG SQL:104 - 
    delete 
    from
        documents 
    where
        id=?
14:14:31,692 DEBUG SQL:104 - 
    delete 
    from
        folders 
    where
        id=?
14:14:31,693 DEBUG SQL:104 - 
    delete 
    from
        owners 
    where
        id=?
14:14:31,693 DEBUG SQL:104 - 
    insert 
    into
        owners
        (name, id) 
    values
        (?, ?)
14:14:31,694 DEBUG SQL:104 - 
    insert 
    into
        folders
        (name, parent, id) 
    values
        (?, ?, ?)
14:14:31,702 DEBUG SQL:104 - 
    insert 
    into
        documents
        (name, summary, folder, owner, text, lastTextModification, size_mb, id) 
    values
        (?, ?, ?, ?, ?, ?, ? / cast( 1024.0 as float ), ?)
14:14:31,703 DEBUG SQL:104 - 
    select
        document0_.id as id0_0_,
        document0_.name as name0_0_ 
    from
        documents document0_ 
    where
        document0_.id=?
14:14:31,703 DEBUG SQL:104 - 
    select
        document_.summary as summary0_,
        document_.folder as folder0_,
        document_.owner as owner0_,
        document_.text as text0_,
        document_.lastTextModification as lastText7_0_,
        document_.size_mb * 1024.0 as size8_0_,
        upper(document_.name) as formula81_ 
    from
        documents document_ 
    where
        document_.id=?
14:14:31,704 DEBUG SQL:104 - 
    select
        owner0_.id as id3_0_,
        owner0_.name as name3_0_ 
    from
        owners owner0_ 
    where
        owner0_.id=?
14:14:31,704 DEBUG SQL:104 - 
    select
        document0_.id as id0_,
        document0_.name as name0_ 
    from
        documents document0_
14:14:31,705 DEBUG SQL:104 - 
    select
        document_.summary as summary0_,
        document_.folder as folder0_,
        document_.owner as owner0_,
        document_.text as text0_,
        document_.lastTextModification as lastText7_0_,
        document_.size_mb * 1024.0 as size8_0_,
        upper(document_.name) as formula81_ 
    from
        documents document_ 
    where
        document_.id=?
14:14:31,705 DEBUG SQL:104 - 
    select
        owner0_.id as id3_0_,
        owner0_.name as name3_0_ 
    from
        owners owner0_ 
    where
        owner0_.id=?
14:14:31,718 DEBUG SQL:104 - 
    select
        document0_.id as id0_,
        document0_.name as name0_ 
    from
        documents document0_
14:14:31,719 DEBUG SQL:104 - 
    select
        document_.summary as summary0_,
        document_.folder as folder0_,
        document_.owner as owner0_,
        document_.text as text0_,
        document_.lastTextModification as lastText7_0_,
        document_.size_mb * 1024.0 as size8_0_,
        upper(document_.name) as formula81_ 
    from
        documents document_ 
    where
        document_.id=?
14:14:31,719 DEBUG SQL:104 - 
    select
        owner0_.id as id3_0_,
        owner0_.name as name3_0_ 
    from
        owners owner0_ 
    where
        owner0_.id=?
14:14:31,730 DEBUG SQL:104 - 
    select
        document0_.id as id0_,
        document0_.name as name0_ 
    from
        documents document0_
14:14:31,730 DEBUG SQL:104 - 
    update
        documents 
    set
        name=? 
    where
        id=?
14:14:31,731 DEBUG SQL:104 - 
    select
        document0_.id as id0_,
        document0_.name as name0_ 
    from
        documents document0_
14:14:31,731 DEBUG SQL:104 - 
    select
        document_.summary as summary0_,
        document_.folder as folder0_,
        document_.owner as owner0_,
        document_.text as text0_,
        document_.lastTextModification as lastText7_0_,
        document_.size_mb * 1024.0 as size8_0_,
        upper(document_.name) as formula81_ 
    from
        documents document_ 
    where
        document_.id=?
14:14:31,732 DEBUG SQL:104 - 
    select
        owner0_.id as id3_0_,
        owner0_.name as name3_0_ 
    from
        owners owner0_ 
    where
        owner0_.id=?
14:14:31,732 DEBUG SQL:104 - 
    select
        document0_.id as id0_,
        document0_.name as name0_ 
    from
        documents document0_
14:14:31,752 DEBUG SQL:104 - 
    select
        document_.summary as summary0_,
        document_.folder as folder0_,
        document_.owner as owner0_,
        document_.text as text0_,
        document_.lastTextModification as lastText7_0_,
        document_.size_mb * 1024.0 as size8_0_,
        upper(document_.name) as formula81_ 
    from
        documents document_ 
    where
        document_.id=?
14:14:31,752 DEBUG SQL:104 - 
    select
        owner0_.id as id3_0_,
        owner0_.name as name3_0_ 
    from
        owners owner0_ 
    where
        owner0_.id=?
14:14:31,753 DEBUG SQL:104 - 
    update
        documents 
    set
        name=?,
        summary=?,
        folder=?,
        owner=?,
        text=?,
        lastTextModification=?,
        size_mb=? / cast( 1024.0 as float ) 
    where
        id=?
14:14:31,763 DEBUG SQL:104 - 
    select
        document0_.id as id0_,
        document0_.name as name0_ 
    from
        documents document0_
14:14:31,763 DEBUG SQL:104 - 
    select
        document_.summary as summary0_,
        document_.folder as folder0_,
        document_.owner as owner0_,
        document_.text as text0_,
        document_.lastTextModification as lastText7_0_,
        document_.size_mb * 1024.0 as size8_0_,
        upper(document_.name) as formula81_ 
    from
        documents document_ 
    where
        document_.id=?
14:14:31,764 DEBUG SQL:104 - 
    select
        owner0_.id as id3_0_,
        owner0_.name as name3_0_ 
    from
        owners owner0_ 
    where
        owner0_.id=?
14:14:31,774 DEBUG SQL:104 - 
    select
        document0_.id as id0_,
        document0_.name as name0_ 
    from
        documents document0_
14:14:31,775 DEBUG SQL:104 - 
    select
        document_.summary as summary0_,
        document_.folder as folder0_,
        document_.owner as owner0_,
        document_.text as text0_,
        document_.lastTextModification as lastText7_0_,
        document_.size_mb * 1024.0 as size8_0_,
        upper(document_.name) as formula81_ 
    from
        documents document_ 
    where
        document_.id=?
14:14:31,775 DEBUG SQL:104 - 
    select
        owner0_.id as id3_0_,
        owner0_.name as name3_0_ 
    from
        owners owner0_ 
    where
        owner0_.id=?
14:14:31,785 DEBUG SQL:104 - 
    select
        document0_.id as id0_,
        document0_.name as name0_ 
    from
        documents document0_
14:14:31,786 DEBUG SQL:104 - 
    update
        documents 
    set
        name=? 
    where
        id=?
14:14:31,786 DEBUG SQL:104 - 
    select
        document_.summary as summary0_,
        document_.folder as folder0_,
        document_.owner as owner0_,
        document_.text as text0_,
        document_.lastTextModification as lastText7_0_,
        document_.size_mb * 1024.0 as size8_0_,
        upper(document_.name) as formula81_ 
    from
        documents document_ 
    where
        document_.id=?
14:14:31,787 DEBUG SQL:104 - 
    select
        owner0_.id as id3_0_,
        owner0_.name as name3_0_ 
    from
        owners owner0_ 
    where
        owner0_.id=?
14:14:31,797 DEBUG SQL:104 - 
    update
        documents 
    set
        name=?,
        summary=?,
        folder=?,
        owner=?,
        text=?,
        lastTextModification=?,
        size_mb=? / cast( 1024.0 as float ) 
    where
        id=?
14:14:31,798 DEBUG SQL:104 - 
    select
        document0_.id as id0_,
        document0_.name as name0_ 
    from
        documents document0_
14:14:31,798 DEBUG SQL:104 - 
    select
        document_.summary as summary0_,
        document_.folder as folder0_,
        document_.owner as owner0_,
        document_.text as text0_,
        document_.lastTextModification as lastText7_0_,
        document_.size_mb * 1024.0 as size8_0_,
        upper(document_.name) as formula81_ 
    from
        documents document_ 
    where
        document_.id=?
14:14:31,807 DEBUG SQL:104 - 
    select
        owner0_.id as id3_0_,
        owner0_.name as name3_0_ 
    from
        owners owner0_ 
    where
        owner0_.id=?
14:14:31,808 DEBUG SQL:104 - 
    select
        document0_.id as id0_0_,
        document0_.name as name0_0_ 
    from
        documents document0_ 
    where
        document0_.id=?
14:14:31,809 DEBUG SQL:104 - 
    select
        document0_.id as id0_,
        document0_.name as name0_ 
    from
        documents document0_
14:14:31,809 DEBUG SQL:104 - 
    select
        document_.summary as summary0_,
        document_.folder as folder0_,
        document_.owner as owner0_,
        document_.text as text0_,
        document_.lastTextModification as lastText7_0_,
        document_.size_mb * 1024.0 as size8_0_,
        upper(document_.name) as formula81_ 
    from
        documents document_ 
    where
        document_.id=?
14:14:31,819 DEBUG SQL:104 - 
    select
        owner0_.id as id3_0_,
        owner0_.name as name3_0_ 
    from
        owners owner0_ 
    where
        owner0_.id=?
14:14:31,819 DEBUG SQL:104 - 
    select
        folder0_.id as id2_0_,
        folder0_.name as name2_0_,
        folder0_.parent as parent2_0_ 
    from
        folders folder0_ 
    where
        folder0_.id=?
14:14:31,820 DEBUG SQL:104 - 
    select
        documents0_.folder as folder2_1_,
        documents0_.id as id0_1_,
        documents0_.id as id0_0_,
        documents0_.name as name0_0_ 
    from
        documents documents0_ 
    where
        documents0_.folder=?
14:14:31,832 DEBUG SQL:104 - 
    delete 
    from
        documents 
    where
        id=?
14:14:31,832 DEBUG SQL:104 - 
    delete 
    from
        folders 
    where
        id=?
14:14:31,832 DEBUG SQL:104 - 
    delete 
    from
        owners 
    where
        id=?
14:14:31,833 DEBUG SQL:104 - 
    insert 
    into
        owners
        (name, id) 
    values
        (?, ?)
14:14:31,833 DEBUG SQL:104 - 
    insert 
    into
        folders
        (name, parent, id) 
    values
        (?, ?, ?)
14:14:31,834 DEBUG SQL:104 - 
    insert 
    into
        documents
        (name, summary, folder, owner, text, lastTextModification, size_mb, id) 
    values
        (?, ?, ?, ?, ?, ?, ? / cast( 1024.0 as float ), ?)
14:14:31,834 DEBUG SQL:104 - 
    select
        document0_.id as id0_0_,
        document0_.name as name0_0_ 
    from
        documents document0_ 
    where
        document0_.id=?
14:14:31,834 DEBUG SQL:104 - 
    select
        document_.summary as summary0_,
        document_.folder as folder0_,
        document_.owner as owner0_,
        document_.text as text0_,
        document_.lastTextModification as lastText7_0_,
        document_.size_mb * 1024.0 as size8_0_,
        upper(document_.name) as formula81_ 
    from
        documents document_ 
    where
        document_.id=?
14:14:31,846 DEBUG SQL:104 - 
    select
        owner0_.id as id3_0_,
        owner0_.name as name3_0_ 
    from
        owners owner0_ 
    where
        owner0_.id=?
14:14:31,847 DEBUG SQL:104 - 
    select
        document0_.id as id0_,
        document0_.name as name0_ 
    from
        documents document0_
14:14:31,847 DEBUG SQL:104 - 
    select
        document_.summary as summary0_,
        document_.folder as folder0_,
        document_.owner as owner0_,
        document_.text as text0_,
        document_.lastTextModification as lastText7_0_,
        document_.size_mb * 1024.0 as size8_0_,
        upper(document_.name) as formula81_ 
    from
        documents document_ 
    where
        document_.id=?
14:14:31,858 DEBUG SQL:104 - 
    select
        owner0_.id as id3_0_,
        owner0_.name as name3_0_ 
    from
        owners owner0_ 
    where
        owner0_.id=?
14:14:31,859 DEBUG SQL:104 - 
    select
        document0_.id as id0_,
        document0_.name as name0_ 
    from
        documents document0_
14:14:31,859 DEBUG SQL:104 - 
    select
        document_.summary as summary0_,
        document_.folder as folder0_,
        document_.owner as owner0_,
        document_.text as text0_,
        document_.lastTextModification as lastText7_0_,
        document_.size_mb * 1024.0 as size8_0_,
        upper(document_.name) as formula81_ 
    from
        documents document_ 
    where
        document_.id=?
14:14:31,860 DEBUG SQL:104 - 
    select
        owner0_.id as id3_0_,
        owner0_.name as name3_0_ 
    from
        owners owner0_ 
    where
        owner0_.id=?
14:14:31,860 DEBUG SQL:104 - 
    select
        document0_.id as id0_,
        document0_.name as name0_ 
    from
        documents document0_
14:14:31,861 DEBUG SQL:104 - 
    update
        documents 
    set
        name=? 
    where
        id=?
14:14:31,882 DEBUG SQL:104 - 
    select
        document0_.id as id0_,
        document0_.name as name0_ 
    from
        documents document0_
14:14:31,882 DEBUG SQL:104 - 
    select
        document_.summary as summary0_,
        document_.folder as folder0_,
        document_.owner as owner0_,
        document_.text as text0_,
        document_.lastTextModification as lastText7_0_,
        document_.size_mb * 1024.0 as size8_0_,
        upper(document_.name) as formula81_ 
    from
        documents document_ 
    where
        document_.id=?
14:14:31,883 DEBUG SQL:104 - 
    select
        owner0_.id as id3_0_,
        owner0_.name as name3_0_ 
    from
        owners owner0_ 
    where
        owner0_.id=?
14:14:31,892 DEBUG SQL:104 - 
    select
        document0_.id as id0_,
        document0_.name as name0_ 
    from
        documents document0_
14:14:31,893 DEBUG SQL:104 - 
    select
        document_.summary as summary0_,
        document_.folder as folder0_,
        document_.owner as owner0_,
        document_.text as text0_,
        document_.lastTextModification as lastText7_0_,
        document_.size_mb * 1024.0 as size8_0_,
        upper(document_.name) as formula81_ 
    from
        documents document_ 
    where
        document_.id=?
14:14:31,893 DEBUG SQL:104 - 
    select
        owner0_.id as id3_0_,
        owner0_.name as name3_0_ 
    from
        owners owner0_ 
    where
        owner0_.id=?
14:14:31,893 DEBUG SQL:104 - 
    update
        documents 
    set
        name=?,
        summary=?,
        folder=?,
        owner=?,
        text=?,
        lastTextModification=?,
        size_mb=? / cast( 1024.0 as float ) 
    where
        id=?
14:14:31,903 DEBUG SQL:104 - 
    select
        document0_.id as id0_,
        document0_.name as name0_ 
    from
        documents document0_
14:14:31,903 DEBUG SQL:104 - 
    select
        document_.summary as summary0_,
        document_.folder as folder0_,
        document_.owner as owner0_,
        document_.text as text0_,
        document_.lastTextModification as lastText7_0_,
        document_.size_mb * 1024.0 as size8_0_,
        upper(document_.name) as formula81_ 
    from
        documents document_ 
    where
        document_.id=?
14:14:31,913 DEBUG SQL:104 - 
    select
        owner0_.id as id3_0_,
        owner0_.name as name3_0_ 
    from
        owners owner0_ 
    where
        owner0_.id=?
14:14:31,914 DEBUG SQL:104 - 
    select
        document0_.id as id0_,
        document0_.name as name0_ 
    from
        documents document0_
14:14:31,914 DEBUG SQL:104 - 
    select
        document_.summary as summary0_,
        document_.folder as folder0_,
        document_.owner as owner0_,
        document_.text as text0_,
        document_.lastTextModification as lastText7_0_,
        document_.size_mb * 1024.0 as size8_0_,
        upper(document_.name) as formula81_ 
    from
        documents document_ 
    where
        document_.id=?
14:14:31,915 DEBUG SQL:104 - 
    select
        owner0_.id as id3_0_,
        owner0_.name as name3_0_ 
    from
        owners owner0_ 
    where
        owner0_.id=?
14:14:31,923 DEBUG SQL:104 - 
    select
        document0_.id as id0_,
        document0_.name as name0_ 
    from
        documents document0_
14:14:31,924 DEBUG SQL:104 - 
    update
        documents 
    set
        name=? 
    where
        id=?
14:14:31,924 DEBUG SQL:104 - 
    select
        document_.summary as summary0_,
        document_.folder as folder0_,
        document_.owner as owner0_,
        document_.text as text0_,
        document_.lastTextModification as lastText7_0_,
        document_.size_mb * 1024.0 as size8_0_,
        upper(document_.name) as formula81_ 
    from
        documents document_ 
    where
        document_.id=?
14:14:31,934 DEBUG SQL:104 - 
    select
        owner0_.id as id3_0_,
        owner0_.name as name3_0_ 
    from
        owners owner0_ 
    where
        owner0_.id=?
14:14:31,934 DEBUG SQL:104 - 
    update
        documents 
    set
        name=?,
        summary=?,
        folder=?,
        owner=?,
        text=?,
        lastTextModification=?,
        size_mb=? / cast( 1024.0 as float ) 
    where
        id=?
14:14:31,935 DEBUG SQL:104 - 
    select
        document0_.id as id0_,
        document0_.name as name0_ 
    from
        documents document0_
14:14:31,935 DEBUG SQL:104 - 
    select
        document_.summary as summary0_,
        document_.folder as folder0_,
        document_.owner as owner0_,
        document_.text as text0_,
        document_.lastTextModification as lastText7_0_,
        document_.size_mb * 1024.0 as size8_0_,
        upper(document_.name) as formula81_ 
    from
        documents document_ 
    where
        document_.id=?
14:14:31,944 DEBUG SQL:104 - 
    select
        owner0_.id as id3_0_,
        owner0_.name as name3_0_ 
    from
        owners owner0_ 
    where
        owner0_.id=?
14:14:31,945 DEBUG SQL:104 - 
    select
        document0_.id as id0_0_,
        document0_.name as name0_0_ 
    from
        documents document0_ 
    where
        document0_.id=?
14:14:31,945 DEBUG SQL:104 - 
    select
        document0_.id as id0_,
        document0_.name as name0_ 
    from
        documents document0_
14:14:31,956 DEBUG SQL:104 - 
    select
        document_.summary as summary0_,
        document_.folder as folder0_,
        document_.owner as owner0_,
        document_.text as text0_,
        document_.lastTextModification as lastText7_0_,
        document_.size_mb * 1024.0 as size8_0_,
        upper(document_.name) as formula81_ 
    from
        documents document_ 
    where
        document_.id=?
14:14:31,956 DEBUG SQL:104 - 
    select
        owner0_.id as id3_0_,
        owner0_.name as name3_0_ 
    from
        owners owner0_ 
    where
        owner0_.id=?
14:14:31,956 DEBUG SQL:104 - 
    select
        folder0_.id as id2_0_,
        folder0_.name as name2_0_,
        folder0_.parent as parent2_0_ 
    from
        folders folder0_ 
    where
        folder0_.id=?
14:14:31,957 DEBUG SQL:104 - 
    select
        documents0_.folder as folder2_1_,
        documents0_.id as id0_1_,
        documents0_.id as id0_0_,
        documents0_.name as name0_0_ 
    from
        documents documents0_ 
    where
        documents0_.folder=?
14:14:31,958 DEBUG SQL:104 - 
    delete 
    from
        documents 
    where
        id=?
14:14:31,958 DEBUG SQL:104 - 
    delete 
    from
        folders 
    where
        id=?
14:14:31,958 DEBUG SQL:104 - 
    delete 
    from
        owners 
    where
        id=?
14:14:31,959 DEBUG SQL:104 - 
    insert 
    into
        owners
        (name, id) 
    values
        (?, ?)
14:14:31,969 DEBUG SQL:104 - 
    insert 
    into
        folders
        (name, parent, id) 
    values
        (?, ?, ?)
14:14:31,969 DEBUG SQL:104 - 
    insert 
    into
        documents
        (name, summary, folder, owner, text, lastTextModification, size_mb, id) 
    values
        (?, ?, ?, ?, ?, ?, ? / cast( 1024.0 as float ), ?)
14:14:31,970 DEBUG SQL:104 - 
    select
        document0_.id as id0_0_,
        document0_.name as name0_0_ 
    from
        documents document0_ 
    where
        document0_.id=?
14:14:31,971 DEBUG SQL:104 - 
    select
        document_.summary as summary0_,
        document_.folder as folder0_,
        document_.owner as owner0_,
        document_.text as text0_,
        document_.lastTextModification as lastText7_0_,
        document_.size_mb * 1024.0 as size8_0_,
        upper(document_.name) as formula81_ 
    from
        documents document_ 
    where
        document_.id=?
14:14:31,980 DEBUG SQL:104 - 
    select
        owner0_.id as id3_0_,
        owner0_.name as name3_0_ 
    from
        owners owner0_ 
    where
        owner0_.id=?
14:14:31,981 DEBUG SQL:104 - 
    select
        document0_.id as id0_,
        document0_.name as name0_ 
    from
        documents document0_
14:14:31,981 DEBUG SQL:104 - 
    select
        document_.summary as summary0_,
        document_.folder as folder0_,
        document_.owner as owner0_,
        document_.text as text0_,
        document_.lastTextModification as lastText7_0_,
        document_.size_mb * 1024.0 as size8_0_,
        upper(document_.name) as formula81_ 
    from
        documents document_ 
    where
        document_.id=?
14:14:31,982 DEBUG SQL:104 - 
    select
        owner0_.id as id3_0_,
        owner0_.name as name3_0_ 
    from
        owners owner0_ 
    where
        owner0_.id=?
14:14:31,982 DEBUG SQL:104 - 
    select
        document0_.id as id0_,
        document0_.name as name0_ 
    from
        documents document0_
14:14:32,004 DEBUG SQL:104 - 
    select
        document_.summary as summary0_,
        document_.folder as folder0_,
        document_.owner as owner0_,
        document_.text as text0_,
        document_.lastTextModification as lastText7_0_,
        document_.size_mb * 1024.0 as size8_0_,
        upper(document_.name) as formula81_ 
    from
        documents document_ 
    where
        document_.id=?
14:14:32,004 DEBUG SQL:104 - 
    select
        owner0_.id as id3_0_,
        owner0_.name as name3_0_ 
    from
        owners owner0_ 
    where
        owner0_.id=?
14:14:32,005 DEBUG SQL:104 - 
    select
        document0_.id as id0_,
        document0_.name as name0_ 
    from
        documents document0_
14:14:32,005 DEBUG SQL:104 - 
    update
        documents 
    set
        name=? 
    where
        id=?
14:14:32,006 DEBUG SQL:104 - 
    select
        document0_.id as id0_,
        document0_.name as name0_ 
    from
        documents document0_
14:14:32,006 DEBUG SQL:104 - 
    select
        document_.summary as summary0_,
        document_.folder as folder0_,
        document_.owner as owner0_,
        document_.text as text0_,
        document_.lastTextModification as lastText7_0_,
        document_.size_mb * 1024.0 as size8_0_,
        upper(document_.name) as formula81_ 
    from
        documents document_ 
    where
        document_.id=?
14:14:32,006 DEBUG SQL:104 - 
    select
        owner0_.id as id3_0_,
        owner0_.name as name3_0_ 
    from
        owners owner0_ 
    where
        owner0_.id=?
14:14:32,007 DEBUG SQL:104 - 
    select
        document0_.id as id0_,
        document0_.name as name0_ 
    from
        documents document0_
14:14:32,007 DEBUG SQL:104 - 
    select
        document_.summary as summary0_,
        document_.folder as folder0_,
        document_.owner as owner0_,
        document_.text as text0_,
        document_.lastTextModification as lastText7_0_,
        document_.size_mb * 1024.0 as size8_0_,
        upper(document_.name) as formula81_ 
    from
        documents document_ 
    where
        document_.id=?
14:14:32,026 DEBUG SQL:104 - 
    select
        owner0_.id as id3_0_,
        owner0_.name as name3_0_ 
    from
        owners owner0_ 
    where
        owner0_.id=?
14:14:32,027 DEBUG SQL:104 - 
    update
        documents 
    set
        name=?,
        summary=?,
        folder=?,
        owner=?,
        text=?,
        lastTextModification=?,
        size_mb=? / cast( 1024.0 as float ) 
    where
        id=?
14:14:32,037 DEBUG SQL:104 - 
    select
        document0_.id as id0_,
        document0_.name as name0_ 
    from
        documents document0_
14:14:32,038 DEBUG SQL:104 - 
    select
        document_.summary as summary0_,
        document_.folder as folder0_,
        document_.owner as owner0_,
        document_.text as text0_,
        document_.lastTextModification as lastText7_0_,
        document_.size_mb * 1024.0 as size8_0_,
        upper(document_.name) as formula81_ 
    from
        documents document_ 
    where
        document_.id=?
14:14:32,038 DEBUG SQL:104 - 
    select
        owner0_.id as id3_0_,
        owner0_.name as name3_0_ 
    from
        owners owner0_ 
    where
        owner0_.id=?
14:14:32,039 DEBUG SQL:104 - 
    select
        document0_.id as id0_,
        document0_.name as name0_ 
    from
        documents document0_
14:14:32,053 DEBUG SQL:104 - 
    select
        document_.summary as summary0_,
        document_.folder as folder0_,
        document_.owner as owner0_,
        document_.text as text0_,
        document_.lastTextModification as lastText7_0_,
        document_.size_mb * 1024.0 as size8_0_,
        upper(document_.name) as formula81_ 
    from
        documents document_ 
    where
        document_.id=?
14:14:32,053 DEBUG SQL:104 - 
    select
        owner0_.id as id3_0_,
        owner0_.name as name3_0_ 
    from
        owners owner0_ 
    where
        owner0_.id=?
14:14:32,054 DEBUG SQL:104 - 
    select
        document0_.id as id0_,
        document0_.name as name0_ 
    from
        documents document0_
14:14:32,061 DEBUG SQL:104 - 
    update
        documents 
    set
        name=? 
    where
        id=?
14:14:32,061 DEBUG SQL:104 - 
    select
        document_.summary as summary0_,
        document_.folder as folder0_,
        document_.owner as owner0_,
        document_.text as text0_,
        document_.lastTextModification as lastText7_0_,
        document_.size_mb * 1024.0 as size8_0_,
        upper(document_.name) as formula81_ 
    from
        documents document_ 
    where
        document_.id=?
14:14:32,061 DEBUG SQL:104 - 
    select
        owner0_.id as id3_0_,
        owner0_.name as name3_0_ 
    from
        owners owner0_ 
    where
        owner0_.id=?
14:14:32,062 DEBUG SQL:104 - 
    update
        documents 
    set
        name=?,
        summary=?,
        folder=?,
        owner=?,
        text=?,
        lastTextModification=?,
        size_mb=? / cast( 1024.0 as float ) 
    where
        id=?
14:14:32,071 DEBUG SQL:104 - 
    select
        document0_.id as id0_,
        document0_.name as name0_ 
    from
        documents document0_
14:14:32,072 DEBUG SQL:104 - 
    select
        document_.summary as summary0_,
        document_.folder as folder0_,
        document_.owner as owner0_,
        document_.text as text0_,
        document_.lastTextModification as lastText7_0_,
        document_.size_mb * 1024.0 as size8_0_,
        upper(document_.name) as formula81_ 
    from
        documents document_ 
    where
        document_.id=?
14:14:32,081 DEBUG SQL:104 - 
    select
        owner0_.id as id3_0_,
        owner0_.name as name3_0_ 
    from
        owners owner0_ 
    where
        owner0_.id=?
14:14:32,082 DEBUG SQL:104 - 
    select
        document0_.id as id0_0_,
        document0_.name as name0_0_ 
    from
        documents document0_ 
    where
        document0_.id=?
14:14:32,083 DEBUG SQL:104 - 
    select
        document0_.id as id0_,
        document0_.name as name0_ 
    from
        documents document0_
14:14:32,083 DEBUG SQL:104 - 
    select
        document_.summary as summary0_,
        document_.folder as folder0_,
        document_.owner as owner0_,
        document_.text as text0_,
        document_.lastTextModification as lastText7_0_,
        document_.size_mb * 1024.0 as size8_0_,
        upper(document_.name) as formula81_ 
    from
        documents document_ 
    where
        document_.id=?
14:14:32,083 DEBUG SQL:104 - 
    select
        owner0_.id as id3_0_,
        owner0_.name as name3_0_ 
    from
        owners owner0_ 
    where
        owner0_.id=?
14:14:32,084 DEBUG SQL:104 - 
    select
        folder0_.id as id2_0_,
        folder0_.name as name2_0_,
        folder0_.parent as parent2_0_ 
    from
        folders folder0_ 
    where
        folder0_.id=?
14:14:32,084 DEBUG SQL:104 - 
    select
        documents0_.folder as folder2_1_,
        documents0_.id as id0_1_,
        documents0_.id as id0_0_,
        documents0_.name as name0_0_ 
    from
        documents documents0_ 
    where
        documents0_.folder=?
14:14:32,096 DEBUG SQL:104 - 
    delete 
    from
        documents 
    where
        id=?
14:14:32,096 DEBUG SQL:104 - 
    delete 
    from
        folders 
    where
        id=?
14:14:32,096 DEBUG SQL:104 - 
    delete 
    from
        owners 
    where
        id=?
14:14:32,097 DEBUG SQL:104 - 
    insert 
    into
        owners
        (name, id) 
    values
        (?, ?)
14:14:32,097 DEBUG SQL:104 - 
    insert 
    into
        folders
        (name, parent, id) 
    values
        (?, ?, ?)
14:14:32,107 DEBUG SQL:104 - 
    insert 
    into
        documents
        (name, summary, folder, owner, text, lastTextModification, size_mb, id) 
    values
        (?, ?, ?, ?, ?, ?, ? / cast( 1024.0 as float ), ?)
14:14:32,107 DEBUG SQL:104 - 
    select
        document0_.id as id0_0_,
        document0_.name as name0_0_ 
    from
        documents document0_ 
    where
        document0_.id=?
14:14:32,108 DEBUG SQL:104 - 
    select
        document_.summary as summary0_,
        document_.folder as folder0_,
        document_.owner as owner0_,
        document_.text as text0_,
        document_.lastTextModification as lastText7_0_,
        document_.size_mb * 1024.0 as size8_0_,
        upper(document_.name) as formula81_ 
    from
        documents document_ 
    where
        document_.id=?
14:14:32,108 DEBUG SQL:104 - 
    select
        owner0_.id as id3_0_,
        owner0_.name as name3_0_ 
    from
        owners owner0_ 
    where
        owner0_.id=?
14:14:32,109 DEBUG SQL:104 - 
    select
        document0_.id as id0_,
        document0_.name as name0_ 
    from
        documents document0_
14:14:32,109 DEBUG SQL:104 - 
    select
        document_.summary as summary0_,
        document_.folder as folder0_,
        document_.owner as owner0_,
        document_.text as text0_,
        document_.lastTextModification as lastText7_0_,
        document_.size_mb * 1024.0 as size8_0_,
        upper(document_.name) as formula81_ 
    from
        documents document_ 
    where
        document_.id=?
14:14:32,129 DEBUG SQL:104 - 
    select
        owner0_.id as id3_0_,
        owner0_.name as name3_0_ 
    from
        owners owner0_ 
    where
        owner0_.id=?
14:14:32,130 DEBUG SQL:104 - 
    select
        document0_.id as id0_,
        document0_.name as name0_ 
    from
        documents document0_
14:14:32,131 DEBUG SQL:104 - 
    select
        document_.summary as summary0_,
        document_.folder as folder0_,
        document_.owner as owner0_,
        document_.text as text0_,
        document_.lastTextModification as lastText7_0_,
        document_.size_mb * 1024.0 as size8_0_,
        upper(document_.name) as formula81_ 
    from
        documents document_ 
    where
        document_.id=?
14:14:32,140 DEBUG SQL:104 - 
    select
        owner0_.id as id3_0_,
        owner0_.name as name3_0_ 
    from
        owners owner0_ 
    where
        owner0_.id=?
14:14:32,141 DEBUG SQL:104 - 
    select
        document0_.id as id0_,
        document0_.name as name0_ 
    from
        documents document0_
14:14:32,141 DEBUG SQL:104 - 
    update
        documents 
    set
        name=? 
    where
        id=?
14:14:32,142 DEBUG SQL:104 - 
    select
        document0_.id as id0_,
        document0_.name as name0_ 
    from
        documents document0_
14:14:32,150 DEBUG SQL:104 - 
    select
        document_.summary as summary0_,
        document_.folder as folder0_,
        document_.owner as owner0_,
        document_.text as text0_,
        document_.lastTextModification as lastText7_0_,
        document_.size_mb * 1024.0 as size8_0_,
        upper(document_.name) as formula81_ 
    from
        documents document_ 
    where
        document_.id=?
14:14:32,151 DEBUG SQL:104 - 
    select
        owner0_.id as id3_0_,
        owner0_.name as name3_0_ 
    from
        owners owner0_ 
    where
        owner0_.id=?
14:14:32,151 DEBUG SQL:104 - 
    select
        document0_.id as id0_,
        document0_.name as name0_ 
    from
        documents document0_
14:14:32,160 DEBUG SQL:104 - 
    select
        document_.summary as summary0_,
        document_.folder as folder0_,
        document_.owner as owner0_,
        document_.text as text0_,
        document_.lastTextModification as lastText7_0_,
        document_.size_mb * 1024.0 as size8_0_,
        upper(document_.name) as formula81_ 
    from
        documents document_ 
    where
        document_.id=?
14:14:32,161 DEBUG SQL:104 - 
    select
        owner0_.id as id3_0_,
        owner0_.name as name3_0_ 
    from
        owners owner0_ 
    where
        owner0_.id=?
14:14:32,161 DEBUG SQL:104 - 
    update
        documents 
    set
        name=?,
        summary=?,
        folder=?,
        owner=?,
        text=?,
        lastTextModification=?,
        size_mb=? / cast( 1024.0 as float ) 
    where
        id=?
14:14:32,171 DEBUG SQL:104 - 
    select
        document0_.id as id0_,
        document0_.name as name0_ 
    from
        documents document0_
14:14:32,171 DEBUG SQL:104 - 
    select
        document_.summary as summary0_,
        document_.folder as folder0_,
        document_.owner as owner0_,
        document_.text as text0_,
        document_.lastTextModification as lastText7_0_,
        document_.size_mb * 1024.0 as size8_0_,
        upper(document_.name) as formula81_ 
    from
        documents document_ 
    where
        document_.id=?
14:14:32,172 DEBUG SQL:104 - 
    select
        owner0_.id as id3_0_,
        owner0_.name as name3_0_ 
    from
        owners owner0_ 
    where
        owner0_.id=?
14:14:32,180 DEBUG SQL:104 - 
    select
        document0_.id as id0_,
        document0_.name as name0_ 
    from
        documents document0_
14:14:32,181 DEBUG SQL:104 - 
    select
        document_.summary as summary0_,
        document_.folder as folder0_,
        document_.owner as owner0_,
        document_.text as text0_,
        document_.lastTextModification as lastText7_0_,
        document_.size_mb * 1024.0 as size8_0_,
        upper(document_.name) as formula81_ 
    from
        documents document_ 
    where
        document_.id=?
14:14:32,181 DEBUG SQL:104 - 
    select
        owner0_.id as id3_0_,
        owner0_.name as name3_0_ 
    from
        owners owner0_ 
    where
        owner0_.id=?
14:14:32,182 DEBUG SQL:104 - 
    select
        document0_.id as id0_,
        document0_.name as name0_ 
    from
        documents document0_
14:14:32,191 DEBUG SQL:104 - 
    update
        documents 
    set
        name=? 
    where
        id=?
14:14:32,191 DEBUG SQL:104 - 
    select
        document_.summary as summary0_,
        document_.folder as folder0_,
        document_.owner as owner0_,
        document_.text as text0_,
        document_.lastTextModification as lastText7_0_,
        document_.size_mb * 1024.0 as size8_0_,
        upper(document_.name) as formula81_ 
    from
        documents document_ 
    where
        document_.id=?
14:14:32,191 DEBUG SQL:104 - 
    select
        owner0_.id as id3_0_,
        owner0_.name as name3_0_ 
    from
        owners owner0_ 
    where
        owner0_.id=?
14:14:32,200 DEBUG SQL:104 - 
    update
        documents 
    set
        name=?,
        summary=?,
        folder=?,
        owner=?,
        text=?,
        lastTextModification=?,
        size_mb=? / cast( 1024.0 as float ) 
    where
        id=?
14:14:32,201 DEBUG SQL:104 - 
    select
        document0_.id as id0_,
        document0_.name as name0_ 
    from
        documents document0_
14:14:32,201 DEBUG SQL:104 - 
    select
        document_.summary as summary0_,
        document_.folder as folder0_,
        document_.owner as owner0_,
        document_.text as text0_,
        document_.lastTextModification as lastText7_0_,
        document_.size_mb * 1024.0 as size8_0_,
        upper(document_.name) as formula81_ 
    from
        documents document_ 
    where
        document_.id=?
14:14:32,211 DEBUG SQL:104 - 
    select
        owner0_.id as id3_0_,
        owner0_.name as name3_0_ 
    from
        owners owner0_ 
    where
        owner0_.id=?
14:14:32,212 DEBUG SQL:104 - 
    select
        document0_.id as id0_0_,
        document0_.name as name0_0_ 
    from
        documents document0_ 
    where
        document0_.id=?
14:14:32,212 DEBUG SQL:104 - 
    select
        document0_.id as id0_,
        document0_.name as name0_ 
    from
        documents document0_
14:14:32,212 DEBUG SQL:104 - 
    select
        document_.summary as summary0_,
        document_.folder as folder0_,
        document_.owner as owner0_,
        document_.text as text0_,
        document_.lastTextModification as lastText7_0_,
        document_.size_mb * 1024.0 as size8_0_,
        upper(document_.name) as formula81_ 
    from
        documents document_ 
    where
        document_.id=?
14:14:32,213 DEBUG SQL:104 - 
    select
        owner0_.id as id3_0_,
        owner0_.name as name3_0_ 
    from
        owners owner0_ 
    where
        owner0_.id=?
14:14:32,213 DEBUG SQL:104 - 
    select
        folder0_.id as id2_0_,
        folder0_.name as name2_0_,
        folder0_.parent as parent2_0_ 
    from
        folders folder0_ 
    where
        folder0_.id=?
14:14:32,213 DEBUG SQL:104 - 
    select
        documents0_.folder as folder2_1_,
        documents0_.id as id0_1_,
        documents0_.id as id0_0_,
        documents0_.name as name0_0_ 
    from
        documents documents0_ 
    where
        documents0_.folder=?
14:14:32,223 DEBUG SQL:104 - 
    delete 
    from
        documents 
    where
        id=?
14:14:32,223 DEBUG SQL:104 - 
    delete 
    from
        folders 
    where
        id=?
14:14:32,223 DEBUG SQL:104 - 
    delete 
    from
        owners 
    where
        id=?
14:14:32,224 DEBUG SQL:104 - 
    insert 
    into
        owners
        (name, id) 
    values
        (?, ?)
14:14:32,232 DEBUG SQL:104 - 
    insert 
    into
        folders
        (name, parent, id) 
    values
        (?, ?, ?)
14:14:32,232 DEBUG SQL:104 - 
    insert 
    into
        documents
        (name, summary, folder, owner, text, lastTextModification, size_mb, id) 
    values
        (?, ?, ?, ?, ?, ?, ? / cast( 1024.0 as float ), ?)
14:14:32,233 DEBUG SQL:104 - 
    select
        document0_.id as id0_0_,
        document0_.name as name0_0_ 
    from
        documents document0_ 
    where
        document0_.id=?
14:14:32,233 DEBUG SQL:104 - 
    select
        document_.summary as summary0_,
        document_.folder as folder0_,
        document_.owner as owner0_,
        document_.text as text0_,
        document_.lastTextModification as lastText7_0_,
        document_.size_mb * 1024.0 as size8_0_,
        upper(document_.name) as formula81_ 
    from
        documents document_ 
    where
        document_.id=?
14:14:32,233 DEBUG SQL:104 - 
    select
        owner0_.id as id3_0_,
        owner0_.name as name3_0_ 
    from
        owners owner0_ 
    where
        owner0_.id=?
14:14:32,234 DEBUG SQL:104 - 
    select
        document0_.id as id0_,
        document0_.name as name0_ 
    from
        documents document0_
14:14:32,283 DEBUG SQL:104 - 
    select
        document_.summary as summary0_,
        document_.folder as folder0_,
        document_.owner as owner0_,
        document_.text as text0_,
        document_.lastTextModification as lastText7_0_,
        document_.size_mb * 1024.0 as size8_0_,
        upper(document_.name) as formula81_ 
    from
        documents document_ 
    where
        document_.id=?
14:14:32,288 DEBUG SQL:104 - 
    select
        owner0_.id as id3_0_,
        owner0_.name as name3_0_ 
    from
        owners owner0_ 
    where
        owner0_.id=?
14:14:32,289 DEBUG SQL:104 - 
    select
        document0_.id as id0_,
        document0_.name as name0_ 
    from
        documents document0_
14:14:32,289 DEBUG SQL:104 - 
    select
        document_.summary as summary0_,
        document_.folder as folder0_,
        document_.owner as owner0_,
        document_.text as text0_,
        document_.lastTextModification as lastText7_0_,
        document_.size_mb * 1024.0 as size8_0_,
        upper(document_.name) as formula81_ 
    from
        documents document_ 
    where
        document_.id=?
14:14:32,289 DEBUG SQL:104 - 
    select
        owner0_.id as id3_0_,
        owner0_.name as name3_0_ 
    from
        owners owner0_ 
    where
        owner0_.id=?
14:14:32,290 DEBUG SQL:104 - 
    select
        document0_.id as id0_,
        document0_.name as name0_ 
    from
        documents document0_
14:14:32,290 DEBUG SQL:104 - 
    update
        documents 
    set
        name=? 
    where
        id=?
14:14:32,291 DEBUG SQL:104 - 
    select
        document0_.id as id0_,
        document0_.name as name0_ 
    from
        documents document0_
14:14:32,291 DEBUG SQL:104 - 
    select
        document_.summary as summary0_,
        document_.folder as folder0_,
        document_.owner as owner0_,
        document_.text as text0_,
        document_.lastTextModification as lastText7_0_,
        document_.size_mb * 1024.0 as size8_0_,
        upper(document_.name) as formula81_ 
    from
        documents document_ 
    where
        document_.id=?
14:14:32,291 DEBUG SQL:104 - 
    select
        owner0_.id as id3_0_,
        owner0_.name as name3_0_ 
    from
        owners owner0_ 
    where
        owner0_.id=?
14:14:32,292 DEBUG SQL:104 - 
    select
        document0_.id as id0_,
        document0_.name as name0_ 
    from
        documents document0_
14:14:32,292 DEBUG SQL:104 - 
    select
        document_.summary as summary0_,
        document_.folder as folder0_,
        document_.owner as owner0_,
        document_.text as text0_,
        document_.lastTextModification as lastText7_0_,
        document_.size_mb * 1024.0 as size8_0_,
        upper(document_.name) as formula81_ 
    from
        documents document_ 
    where
        document_.id=?
14:14:32,292 DEBUG SQL:104 - 
    select
        owner0_.id as id3_0_,
        owner0_.name as name3_0_ 
    from
        owners owner0_ 
    where
        owner0_.id=?
14:14:32,293 DEBUG SQL:104 - 
    update
        documents 
    set
        name=?,
        summary=?,
        folder=?,
        owner=?,
        text=?,
        lastTextModification=?,
        size_mb=? / cast( 1024.0 as float ) 
    where
        id=?
14:14:32,293 DEBUG SQL:104 - 
    select
        document0_.id as id0_,
        document0_.name as name0_ 
    from
        documents document0_
14:14:32,294 DEBUG SQL:104 - 
    select
        document_.summary as summary0_,
        document_.folder as folder0_,
        document_.owner as owner0_,
        document_.text as text0_,
        document_.lastTextModification as lastText7_0_,
        document_.size_mb * 1024.0 as size8_0_,
        upper(document_.name) as formula81_ 
    from
        documents document_ 
    where
        document_.id=?
14:14:32,294 DEBUG SQL:104 - 
    select
        owner0_.id as id3_0_,
        owner0_.name as name3_0_ 
    from
        owners owner0_ 
    where
        owner0_.id=?
14:14:32,315 DEBUG SQL:104 - 
    select
        document0_.id as id0_,
        document0_.name as name0_ 
    from
        documents document0_
14:14:32,316 DEBUG SQL:104 - 
    select
        document_.summary as summary0_,
        document_.folder as folder0_,
        document_.owner as owner0_,
        document_.text as text0_,
        document_.lastTextModification as lastText7_0_,
        document_.size_mb * 1024.0 as size8_0_,
        upper(document_.name) as formula81_ 
    from
        documents document_ 
    where
        document_.id=?
14:14:32,316 DEBUG SQL:104 - 
    select
        owner0_.id as id3_0_,
        owner0_.name as name3_0_ 
    from
        owners owner0_ 
    where
        owner0_.id=?
14:14:32,317 DEBUG SQL:104 - 
    select
        document0_.id as id0_,
        document0_.name as name0_ 
    from
        documents document0_
14:14:32,323 DEBUG SQL:104 - 
    update
        documents 
    set
        name=? 
    where
        id=?
14:14:32,324 DEBUG SQL:104 - 
    select
        document_.summary as summary0_,
        document_.folder as folder0_,
        document_.owner as owner0_,
        document_.text as text0_,
        document_.lastTextModification as lastText7_0_,
        document_.size_mb * 1024.0 as size8_0_,
        upper(document_.name) as formula81_ 
    from
        documents document_ 
    where
        document_.id=?
14:14:32,324 DEBUG SQL:104 - 
    select
        owner0_.id as id3_0_,
        owner0_.name as name3_0_ 
    from
        owners owner0_ 
    where
        owner0_.id=?
14:14:32,335 DEBUG SQL:104 - 
    update
        documents 
    set
        name=?,
        summary=?,
        folder=?,
        owner=?,
        text=?,
        lastTextModification=?,
        size_mb=? / cast( 1024.0 as float ) 
    where
        id=?
14:14:32,336 DEBUG SQL:104 - 
    select
        document0_.id as id0_,
        document0_.name as name0_ 
    from
        documents document0_
14:14:32,336 DEBUG SQL:104 - 
    select
        document_.summary as summary0_,
        document_.folder as folder0_,
        document_.owner as owner0_,
        document_.text as text0_,
        document_.lastTextModification as lastText7_0_,
        document_.size_mb * 1024.0 as size8_0_,
        upper(document_.name) as formula81_ 
    from
        documents document_ 
    where
        document_.id=?
14:14:32,336 DEBUG SQL:104 - 
    select
        owner0_.id as id3_0_,
        owner0_.name as name3_0_ 
    from
        owners owner0_ 
    where
        owner0_.id=?
14:14:32,337 DEBUG SQL:104 - 
    select
        document0_.id as id0_0_,
        document0_.name as name0_0_ 
    from
        documents document0_ 
    where
        document0_.id=?
14:14:32,338 DEBUG SQL:104 - 
    select
        document0_.id as id0_,
        document0_.name as name0_ 
    from
        documents document0_
14:14:32,338 DEBUG SQL:104 - 
    select
        document_.summary as summary0_,
        document_.folder as folder0_,
        document_.owner as owner0_,
        document_.text as text0_,
        document_.lastTextModification as lastText7_0_,
        document_.size_mb * 1024.0 as size8_0_,
        upper(document_.name) as formula81_ 
    from
        documents document_ 
    where
        document_.id=?
14:14:32,347 DEBUG SQL:104 - 
    select
        owner0_.id as id3_0_,
        owner0_.name as name3_0_ 
    from
        owners owner0_ 
    where
        owner0_.id=?
14:14:32,348 DEBUG SQL:104 - 
    select
        folder0_.id as id2_0_,
        folder0_.name as name2_0_,
        folder0_.parent as parent2_0_ 
    from
        folders folder0_ 
    where
        folder0_.id=?
14:14:32,348 DEBUG SQL:104 - 
    select
        documents0_.folder as folder2_1_,
        documents0_.id as id0_1_,
        documents0_.id as id0_0_,
        documents0_.name as name0_0_ 
    from
        documents documents0_ 
    where
        documents0_.folder=?
14:14:32,359 DEBUG SQL:104 - 
    delete 
    from
        documents 
    where
        id=?
14:14:32,360 DEBUG SQL:104 - 
    delete 
    from
        folders 
    where
        id=?
14:14:32,360 DEBUG SQL:104 - 
    delete 
    from
        owners 
    where
        id=?
14:14:32,361 DEBUG SQL:104 - 
    insert 
    into
        owners
        (name, id) 
    values
        (?, ?)
14:14:32,361 DEBUG SQL:104 - 
    insert 
    into
        folders
        (name, parent, id) 
    values
        (?, ?, ?)
14:14:32,361 DEBUG SQL:104 - 
    insert 
    into
        documents
        (name, summary, folder, owner, text, lastTextModification, size_mb, id) 
    values
        (?, ?, ?, ?, ?, ?, ? / cast( 1024.0 as float ), ?)
14:14:32,361 DEBUG SQL:104 - 
    select
        document0_.id as id0_0_,
        document0_.name as name0_0_ 
    from
        documents document0_ 
    where
        document0_.id=?
14:14:32,382 DEBUG SQL:104 - 
    select
        document_.summary as summary0_,
        document_.folder as folder0_,
        document_.owner as owner0_,
        document_.text as text0_,
        document_.lastTextModification as lastText7_0_,
        document_.size_mb * 1024.0 as size8_0_,
        upper(document_.name) as formula81_ 
    from
        documents document_ 
    where
        document_.id=?
14:14:32,382 DEBUG SQL:104 - 
    select
        owner0_.id as id3_0_,
        owner0_.name as name3_0_ 
    from
        owners owner0_ 
    where
        owner0_.id=?
14:14:32,383 DEBUG SQL:104 - 
    select
        document0_.id as id0_,
        document0_.name as name0_ 
    from
        documents document0_
14:14:32,392 DEBUG SQL:104 - 
    select
        document_.summary as summary0_,
        document_.folder as folder0_,
        document_.owner as owner0_,
        document_.text as text0_,
        document_.lastTextModification as lastText7_0_,
        document_.size_mb * 1024.0 as size8_0_,
        upper(document_.name) as formula81_ 
    from
        documents document_ 
    where
        document_.id=?
14:14:32,393 DEBUG SQL:104 - 
    select
        owner0_.id as id3_0_,
        owner0_.name as name3_0_ 
    from
        owners owner0_ 
    where
        owner0_.id=?
14:14:32,393 DEBUG SQL:104 - 
    select
        document0_.id as id0_,
        document0_.name as name0_ 
    from
        documents document0_
14:14:32,394 DEBUG SQL:104 - 
    select
        document_.summary as summary0_,
        document_.folder as folder0_,
        document_.owner as owner0_,
        document_.text as text0_,
        document_.lastTextModification as lastText7_0_,
        document_.size_mb * 1024.0 as size8_0_,
        upper(document_.name) as formula81_ 
    from
        documents document_ 
    where
        document_.id=?
14:14:32,403 DEBUG SQL:104 - 
    select
        owner0_.id as id3_0_,
        owner0_.name as name3_0_ 
    from
        owners owner0_ 
    where
        owner0_.id=?
14:14:32,403 DEBUG SQL:104 - 
    select
        document0_.id as id0_,
        document0_.name as name0_ 
    from
        documents document0_
14:14:32,404 DEBUG SQL:104 - 
    update
        documents 
    set
        name=? 
    where
        id=?
14:14:32,413 DEBUG SQL:104 - 
    select
        document0_.id as id0_,
        document0_.name as name0_ 
    from
        documents document0_
14:14:32,414 DEBUG SQL:104 - 
    select
        document_.summary as summary0_,
        document_.folder as folder0_,
        document_.owner as owner0_,
        document_.text as text0_,
        document_.lastTextModification as lastText7_0_,
        document_.size_mb * 1024.0 as size8_0_,
        upper(document_.name) as formula81_ 
    from
        documents document_ 
    where
        document_.id=?
14:14:32,414 DEBUG SQL:104 - 
    select
        owner0_.id as id3_0_,
        owner0_.name as name3_0_ 
    from
        owners owner0_ 
    where
        owner0_.id=?
14:14:32,415 DEBUG SQL:104 - 
    select
        document0_.id as id0_,
        document0_.name as name0_ 
    from
        documents document0_
14:14:32,424 DEBUG SQL:104 - 
    select
        document_.summary as summary0_,
        document_.folder as folder0_,
        document_.owner as owner0_,
        document_.text as text0_,
        document_.lastTextModification as lastText7_0_,
        document_.size_mb * 1024.0 as size8_0_,
        upper(document_.name) as formula81_ 
    from
        documents document_ 
    where
        document_.id=?
14:14:32,425 DEBUG SQL:104 - 
    select
        owner0_.id as id3_0_,
        owner0_.name as name3_0_ 
    from
        owners owner0_ 
    where
        owner0_.id=?
14:14:32,425 DEBUG SQL:104 - 
    update
        documents 
    set
        name=?,
        summary=?,
        folder=?,
        owner=?,
        text=?,
        lastTextModification=?,
        size_mb=? / cast( 1024.0 as float ) 
    where
        id=?
14:14:32,435 DEBUG SQL:104 - 
    select
        document0_.id as id0_,
        document0_.name as name0_ 
    from
        documents document0_
14:14:32,435 DEBUG SQL:104 - 
    select
        document_.summary as summary0_,
        document_.folder as folder0_,
        document_.owner as owner0_,
        document_.text as text0_,
        document_.lastTextModification as lastText7_0_,
        document_.size_mb * 1024.0 as size8_0_,
        upper(document_.name) as formula81_ 
    from
        documents document_ 
    where
        document_.id=?
14:14:32,436 DEBUG SQL:104 - 
    select
        owner0_.id as id3_0_,
        owner0_.name as name3_0_ 
    from
        owners owner0_ 
    where
        owner0_.id=?
14:14:32,445 DEBUG SQL:104 - 
    select
        document0_.id as id0_,
        document0_.name as name0_ 
    from
        documents document0_
14:14:32,446 DEBUG SQL:104 - 
    select
        document_.summary as summary0_,
        document_.folder as folder0_,
        document_.owner as owner0_,
        document_.text as text0_,
        document_.lastTextModification as lastText7_0_,
        document_.size_mb * 1024.0 as size8_0_,
        upper(document_.name) as formula81_ 
    from
        documents document_ 
    where
        document_.id=?
14:14:32,446 DEBUG SQL:104 - 
    select
        owner0_.id as id3_0_,
        owner0_.name as name3_0_ 
    from
        owners owner0_ 
    where
        owner0_.id=?
14:14:32,456 DEBUG SQL:104 - 
    select
        document0_.id as id0_,
        document0_.name as name0_ 
    from
        documents document0_
14:14:32,457 DEBUG SQL:104 - 
    update
        documents 
    set
        name=? 
    where
        id=?
14:14:32,457 DEBUG SQL:104 - 
    select
        document_.summary as summary0_,
        document_.folder as folder0_,
        document_.owner as owner0_,
        document_.text as text0_,
        document_.lastTextModification as lastText7_0_,
        document_.size_mb * 1024.0 as size8_0_,
        upper(document_.name) as formula81_ 
    from
        documents document_ 
    where
        document_.id=?
14:14:32,458 DEBUG SQL:104 - 
    select
        owner0_.id as id3_0_,
        owner0_.name as name3_0_ 
    from
        owners owner0_ 
    where
        owner0_.id=?
14:14:32,467 DEBUG SQL:104 - 
    update
        documents 
    set
        name=?,
        summary=?,
        folder=?,
        owner=?,
        text=?,
        lastTextModification=?,
        size_mb=? / cast( 1024.0 as float ) 
    where
        id=?
14:14:32,468 DEBUG SQL:104 - 
    select
        document0_.id as id0_,
        document0_.name as name0_ 
    from
        documents document0_
14:14:32,468 DEBUG SQL:104 - 
    select
        document_.summary as summary0_,
        document_.folder as folder0_,
        document_.owner as owner0_,
        document_.text as text0_,
        document_.lastTextModification as lastText7_0_,
        document_.size_mb * 1024.0 as size8_0_,
        upper(document_.name) as formula81_ 
    from
        documents document_ 
    where
        document_.id=?
14:14:32,469 DEBUG SQL:104 - 
    select
        owner0_.id as id3_0_,
        owner0_.name as name3_0_ 
    from
        owners owner0_ 
    where
        owner0_.id=?
14:14:32,469 DEBUG SQL:104 - 
    select
        document0_.id as id0_0_,
        document0_.name as name0_0_ 
    from
        documents document0_ 
    where
        document0_.id=?
14:14:32,470 DEBUG SQL:104 - 
    select
        document0_.id as id0_,
        document0_.name as name0_ 
    from
        documents document0_
14:14:32,470 DEBUG SQL:104 - 
    select
        document_.summary as summary0_,
        document_.folder as folder0_,
        document_.owner as owner0_,
        document_.text as text0_,
        document_.lastTextModification as lastText7_0_,
        document_.size_mb * 1024.0 as size8_0_,
        upper(document_.name) as formula81_ 
    from
        documents document_ 
    where
        document_.id=?
14:14:32,480 DEBUG SQL:104 - 
    select
        owner0_.id as id3_0_,
        owner0_.name as name3_0_ 
    from
        owners owner0_ 
    where
        owner0_.id=?
14:14:32,481 DEBUG SQL:104 - 
    select
        folder0_.id as id2_0_,
        folder0_.name as name2_0_,
        folder0_.parent as parent2_0_ 
    from
        folders folder0_ 
    where
        folder0_.id=?
14:14:32,481 DEBUG SQL:104 - 
    select
        documents0_.folder as folder2_1_,
        documents0_.id as id0_1_,
        documents0_.id as id0_0_,
        documents0_.name as name0_0_ 
    from
        documents documents0_ 
    where
        documents0_.folder=?
14:14:32,492 DEBUG SQL:104 - 
    delete 
    from
        documents 
    where
        id=?
14:14:32,492 DEBUG SQL:104 - 
    delete 
    from
        folders 
    where
        id=?
14:14:32,492 DEBUG SQL:104 - 
    delete 
    from
        owners 
    where
        id=?
14:14:32,493 DEBUG SQL:104 - 
    insert 
    into
        owners
        (name, id) 
    values
        (?, ?)
14:14:32,493 DEBUG SQL:104 - 
    insert 
    into
        folders
        (name, parent, id) 
    values
        (?, ?, ?)
14:14:32,494 DEBUG SQL:104 - 
    insert 
    into
        documents
        (name, summary, folder, owner, text, lastTextModification, size_mb, id) 
    values
        (?, ?, ?, ?, ?, ?, ? / cast( 1024.0 as float ), ?)
14:14:32,514 DEBUG SQL:104 - 
    select
        document0_.id as id0_0_,
        document0_.name as name0_0_ 
    from
        documents document0_ 
    where
        document0_.id=?
14:14:32,515 DEBUG SQL:104 - 
    select
        document_.summary as summary0_,
        document_.folder as folder0_,
        document_.owner as owner0_,
        document_.text as text0_,
        document_.lastTextModification as lastText7_0_,
        document_.size_mb * 1024.0 as size8_0_,
        upper(document_.name) as formula81_ 
    from
        documents document_ 
    where
        document_.id=?
14:14:32,515 DEBUG SQL:104 - 
    select
        owner0_.id as id3_0_,
        owner0_.name as name3_0_ 
    from
        owners owner0_ 
    where
        owner0_.id=?
14:14:32,525 DEBUG SQL:104 - 
    select
        document0_.id as id0_,
        document0_.name as name0_ 
    from
        documents document0_
14:14:32,525 DEBUG SQL:104 - 
    select
        document_.summary as summary0_,
        document_.folder as folder0_,
        document_.owner as owner0_,
        document_.text as text0_,
        document_.lastTextModification as lastText7_0_,
        document_.size_mb * 1024.0 as size8_0_,
        upper(document_.name) as formula81_ 
    from
        documents document_ 
    where
        document_.id=?
14:14:32,525 DEBUG SQL:104 - 
    select
        owner0_.id as id3_0_,
        owner0_.name as name3_0_ 
    from
        owners owner0_ 
    where
        owner0_.id=?
14:14:32,526 DEBUG SQL:104 - 
    select
        document0_.id as id0_,
        document0_.name as name0_ 
    from
        documents document0_
14:14:32,534 DEBUG SQL:104 - 
    select
        document_.summary as summary0_,
        document_.folder as folder0_,
        document_.owner as owner0_,
        document_.text as text0_,
        document_.lastTextModification as lastText7_0_,
        document_.size_mb * 1024.0 as size8_0_,
        upper(document_.name) as formula81_ 
    from
        documents document_ 
    where
        document_.id=?
14:14:32,535 DEBUG SQL:104 - 
    select
        owner0_.id as id3_0_,
        owner0_.name as name3_0_ 
    from
        owners owner0_ 
    where
        owner0_.id=?
14:14:32,535 DEBUG SQL:104 - 
    select
        document0_.id as id0_,
        document0_.name as name0_ 
    from
        documents document0_
14:14:32,536 DEBUG SQL:104 - 
    update
        documents 
    set
        name=? 
    where
        id=?
14:14:32,546 DEBUG SQL:104 - 
    select
        document0_.id as id0_,
        document0_.name as name0_ 
    from
        documents document0_
14:14:32,546 DEBUG SQL:104 - 
    select
        document_.summary as summary0_,
        document_.folder as folder0_,
        document_.owner as owner0_,
        document_.text as text0_,
        document_.lastTextModification as lastText7_0_,
        document_.size_mb * 1024.0 as size8_0_,
        upper(document_.name) as formula81_ 
    from
        documents document_ 
    where
        document_.id=?
14:14:32,546 DEBUG SQL:104 - 
    select
        owner0_.id as id3_0_,
        owner0_.name as name3_0_ 
    from
        owners owner0_ 
    where
        owner0_.id=?
14:14:32,557 DEBUG SQL:104 - 
    select
        document0_.id as id0_,
        document0_.name as name0_ 
    from
        documents document0_
14:14:32,557 DEBUG SQL:104 - 
    select
        document_.summary as summary0_,
        document_.folder as folder0_,
        document_.owner as owner0_,
        document_.text as text0_,
        document_.lastTextModification as lastText7_0_,
        document_.size_mb * 1024.0 as size8_0_,
        upper(document_.name) as formula81_ 
    from
        documents document_ 
    where
        document_.id=?
14:14:32,557 DEBUG SQL:104 - 
    select
        owner0_.id as id3_0_,
        owner0_.name as name3_0_ 
    from
        owners owner0_ 
    where
        owner0_.id=?
14:14:32,558 DEBUG SQL:104 - 
    update
        documents 
    set
        name=?,
        summary=?,
        folder=?,
        owner=?,
        text=?,
        lastTextModification=?,
        size_mb=? / cast( 1024.0 as float ) 
    where
        id=?
14:14:32,567 DEBUG SQL:104 - 
    select
        document0_.id as id0_,
        document0_.name as name0_ 
    from
        documents document0_
14:14:32,568 DEBUG SQL:104 - 
    select
        document_.summary as summary0_,
        document_.folder as folder0_,
        document_.owner as owner0_,
        document_.text as text0_,
        document_.lastTextModification as lastText7_0_,
        document_.size_mb * 1024.0 as size8_0_,
        upper(document_.name) as formula81_ 
    from
        documents document_ 
    where
        document_.id=?
14:14:32,577 DEBUG SQL:104 - 
    select
        owner0_.id as id3_0_,
        owner0_.name as name3_0_ 
    from
        owners owner0_ 
    where
        owner0_.id=?
14:14:32,578 DEBUG SQL:104 - 
    select
        document0_.id as id0_,
        document0_.name as name0_ 
    from
        documents document0_
14:14:32,579 DEBUG SQL:104 - 
    select
        document_.summary as summary0_,
        document_.folder as folder0_,
        document_.owner as owner0_,
        document_.text as text0_,
        document_.lastTextModification as lastText7_0_,
        document_.size_mb * 1024.0 as size8_0_,
        upper(document_.name) as formula81_ 
    from
        documents document_ 
    where
        document_.id=?
14:14:32,579 DEBUG SQL:104 - 
    select
        owner0_.id as id3_0_,
        owner0_.name as name3_0_ 
    from
        owners owner0_ 
    where
        owner0_.id=?
14:14:32,589 DEBUG SQL:104 - 
    select
        document0_.id as id0_,
        document0_.name as name0_ 
    from
        documents document0_
14:14:32,590 DEBUG SQL:104 - 
    update
        documents 
    set
        name=? 
    where
        id=?
14:14:32,590 DEBUG SQL:104 - 
    select
        document_.summary as summary0_,
        document_.folder as folder0_,
        document_.owner as owner0_,
        document_.text as text0_,
        document_.lastTextModification as lastText7_0_,
        document_.size_mb * 1024.0 as size8_0_,
        upper(document_.name) as formula81_ 
    from
        documents document_ 
    where
        document_.id=?
14:14:32,591 DEBUG SQL:104 - 
    select
        owner0_.id as id3_0_,
        owner0_.name as name3_0_ 
    from
        owners owner0_ 
    where
        owner0_.id=?
14:14:32,591 DEBUG SQL:104 - 
    update
        documents 
    set
        name=?,
        summary=?,
        folder=?,
        owner=?,
        text=?,
        lastTextModification=?,
        size_mb=? / cast( 1024.0 as float ) 
    where
        id=?
14:14:32,592 DEBUG SQL:104 - 
    select
        document0_.id as id0_,
        document0_.name as name0_ 
    from
        documents document0_
14:14:32,592 DEBUG SQL:104 - 
    select
        document_.summary as summary0_,
        document_.folder as folder0_,
        document_.owner as owner0_,
        document_.text as text0_,
        document_.lastTextModification as lastText7_0_,
        document_.size_mb * 1024.0 as size8_0_,
        upper(document_.name) as formula81_ 
    from
        documents document_ 
    where
        document_.id=?
14:14:32,613 DEBUG SQL:104 - 
    select
        owner0_.id as id3_0_,
        owner0_.name as name3_0_ 
    from
        owners owner0_ 
    where
        owner0_.id=?
14:14:32,615 DEBUG SQL:104 - 
    select
        document0_.id as id0_0_,
        document0_.name as name0_0_ 
    from
        documents document0_ 
    where
        document0_.id=?
14:14:32,615 DEBUG SQL:104 - 
    select
        document0_.id as id0_,
        document0_.name as name0_ 
    from
        documents document0_
14:14:32,616 DEBUG SQL:104 - 
    select
        document_.summary as summary0_,
        document_.folder as folder0_,
        document_.owner as owner0_,
        document_.text as text0_,
        document_.lastTextModification as lastText7_0_,
        document_.size_mb * 1024.0 as size8_0_,
        upper(document_.name) as formula81_ 
    from
        documents document_ 
    where
        document_.id=?
14:14:32,616 DEBUG SQL:104 - 
    select
        owner0_.id as id3_0_,
        owner0_.name as name3_0_ 
    from
        owners owner0_ 
    where
        owner0_.id=?
14:14:32,616 DEBUG SQL:104 - 
    select
        folder0_.id as id2_0_,
        folder0_.name as name2_0_,
        folder0_.parent as parent2_0_ 
    from
        folders folder0_ 
    where
        folder0_.id=?
14:14:32,617 DEBUG SQL:104 - 
    select
        documents0_.folder as folder2_1_,
        documents0_.id as id0_1_,
        documents0_.id as id0_0_,
        documents0_.name as name0_0_ 
    from
        documents documents0_ 
    where
        documents0_.folder=?
14:14:32,618 DEBUG SQL:104 - 
    delete 
    from
        documents 
    where
        id=?
14:14:32,638 DEBUG SQL:104 - 
    delete 
    from
        folders 
    where
        id=?
14:14:32,638 DEBUG SQL:104 - 
    delete 
    from
        owners 
    where
        id=?
14:14:32,639 DEBUG SQL:104 - 
    insert 
    into
        owners
        (name, id) 
    values
        (?, ?)
14:14:32,640 DEBUG SQL:104 - 
    insert 
    into
        folders
        (name, parent, id) 
    values
        (?, ?, ?)
14:14:32,640 DEBUG SQL:104 - 
    insert 
    into
        documents
        (name, summary, folder, owner, text, lastTextModification, size_mb, id) 
    values
        (?, ?, ?, ?, ?, ?, ? / cast( 1024.0 as float ), ?)
14:14:32,652 DEBUG SQL:104 - 
    select
        document0_.id as id0_0_,
        document0_.name as name0_0_ 
    from
        documents document0_ 
    where
        document0_.id=?
14:14:32,653 DEBUG SQL:104 - 
    select
        document_.summary as summary0_,
        document_.folder as folder0_,
        document_.owner as owner0_,
        document_.text as text0_,
        document_.lastTextModification as lastText7_0_,
        document_.size_mb * 1024.0 as size8_0_,
        upper(document_.name) as formula81_ 
    from
        documents document_ 
    where
        document_.id=?
14:14:32,653 DEBUG SQL:104 - 
    select
        owner0_.id as id3_0_,
        owner0_.name as name3_0_ 
    from
        owners owner0_ 
    where
        owner0_.id=?
14:14:32,662 DEBUG SQL:104 - 
    select
        document0_.id as id0_,
        document0_.name as name0_ 
    from
        documents document0_
14:14:32,662 DEBUG SQL:104 - 
    select
        document_.summary as summary0_,
        document_.folder as folder0_,
        document_.owner as owner0_,
        document_.text as text0_,
        document_.lastTextModification as lastText7_0_,
        document_.size_mb * 1024.0 as size8_0_,
        upper(document_.name) as formula81_ 
    from
        documents document_ 
    where
        document_.id=?
14:14:32,663 DEBUG SQL:104 - 
    select
        owner0_.id as id3_0_,
        owner0_.name as name3_0_ 
    from
        owners owner0_ 
    where
        owner0_.id=?
14:14:32,672 DEBUG SQL:104 - 
    select
        document0_.id as id0_,
        document0_.name as name0_ 
    from
        documents document0_
14:14:32,673 DEBUG SQL:104 - 
    select
        document_.summary as summary0_,
        document_.folder as folder0_,
        document_.owner as owner0_,
        document_.text as text0_,
        document_.lastTextModification as lastText7_0_,
        document_.size_mb * 1024.0 as size8_0_,
        upper(document_.name) as formula81_ 
    from
        documents document_ 
    where
        document_.id=?
14:14:32,673 DEBUG SQL:104 - 
    select
        owner0_.id as id3_0_,
        owner0_.name as name3_0_ 
    from
        owners owner0_ 
    where
        owner0_.id=?
14:14:32,674 DEBUG SQL:104 - 
    select
        document0_.id as id0_,
        document0_.name as name0_ 
    from
        documents document0_
14:14:32,682 DEBUG SQL:104 - 
    update
        documents 
    set
        name=? 
    where
        id=?
14:14:32,683 DEBUG SQL:104 - 
    select
        document0_.id as id0_,
        document0_.name as name0_ 
    from
        documents document0_
14:14:32,683 DEBUG SQL:104 - 
    select
        document_.summary as summary0_,
        document_.folder as folder0_,
        document_.owner as owner0_,
        document_.text as text0_,
        document_.lastTextModification as lastText7_0_,
        document_.size_mb * 1024.0 as size8_0_,
        upper(document_.name) as formula81_ 
    from
        documents document_ 
    where
        document_.id=?
14:14:32,684 DEBUG SQL:104 - 
    select
        owner0_.id as id3_0_,
        owner0_.name as name3_0_ 
    from
        owners owner0_ 
    where
        owner0_.id=?
14:14:32,694 DEBUG SQL:104 - 
    select
        document0_.id as id0_,
        document0_.name as name0_ 
    from
        documents document0_
14:14:32,694 DEBUG SQL:104 - 
    select
        document_.summary as summary0_,
        document_.folder as folder0_,
        document_.owner as owner0_,
        document_.text as text0_,
        document_.lastTextModification as lastText7_0_,
        document_.size_mb * 1024.0 as size8_0_,
        upper(document_.name) as formula81_ 
    from
        documents document_ 
    where
        document_.id=?
14:14:32,694 DEBUG SQL:104 - 
    select
        owner0_.id as id3_0_,
        owner0_.name as name3_0_ 
    from
        owners owner0_ 
    where
        owner0_.id=?
14:14:32,705 DEBUG SQL:104 - 
    update
        documents 
    set
        name=?,
        summary=?,
        folder=?,
        owner=?,
        text=?,
        lastTextModification=?,
        size_mb=? / cast( 1024.0 as float ) 
    where
        id=?
14:14:32,706 DEBUG SQL:104 - 
    select
        document0_.id as id0_,
        document0_.name as name0_ 
    from
        documents document0_
14:14:32,707 DEBUG SQL:104 - 
    select
        document_.summary as summary0_,
        document_.folder as folder0_,
        document_.owner as owner0_,
        document_.text as text0_,
        document_.lastTextModification as lastText7_0_,
        document_.size_mb * 1024.0 as size8_0_,
        upper(document_.name) as formula81_ 
    from
        documents document_ 
    where
        document_.id=?
14:14:32,707 DEBUG SQL:104 - 
    select
        owner0_.id as id3_0_,
        owner0_.name as name3_0_ 
    from
        owners owner0_ 
    where
        owner0_.id=?
14:14:32,708 DEBUG SQL:104 - 
    select
        document0_.id as id0_,
        document0_.name as name0_ 
    from
        documents document0_
14:14:32,708 DEBUG SQL:104 - 
    select
        document_.summary as summary0_,
        document_.folder as folder0_,
        document_.owner as owner0_,
        document_.text as text0_,
        document_.lastTextModification as lastText7_0_,
        document_.size_mb * 1024.0 as size8_0_,
        upper(document_.name) as formula81_ 
    from
        documents document_ 
    where
        document_.id=?
14:14:32,708 DEBUG SQL:104 - 
    select
        owner0_.id as id3_0_,
        owner0_.name as name3_0_ 
    from
        owners owner0_ 
    where
        owner0_.id=?
14:14:32,709 DEBUG SQL:104 - 
    select
        document0_.id as id0_,
        document0_.name as name0_ 
    from
        documents document0_
14:14:32,720 DEBUG SQL:104 - 
    update
        documents 
    set
        name=? 
    where
        id=?
14:14:32,720 DEBUG SQL:104 - 
    select
        document_.summary as summary0_,
        document_.folder as folder0_,
        document_.owner as owner0_,
        document_.text as text0_,
        document_.lastTextModification as lastText7_0_,
        document_.size_mb * 1024.0 as size8_0_,
        upper(document_.name) as formula81_ 
    from
        documents document_ 
    where
        document_.id=?
14:14:32,721 DEBUG SQL:104 - 
    select
        owner0_.id as id3_0_,
        owner0_.name as name3_0_ 
    from
        owners owner0_ 
    where
        owner0_.id=?
14:14:32,732 DEBUG SQL:104 - 
    update
        documents 
    set
        name=?,
        summary=?,
        folder=?,
        owner=?,
        text=?,
        lastTextModification=?,
        size_mb=? / cast( 1024.0 as float ) 
    where
        id=?
14:14:32,733 DEBUG SQL:104 - 
    select
        document0_.id as id0_,
        document0_.name as name0_ 
    from
        documents document0_
14:14:32,733 DEBUG SQL:104 - 
    select
        document_.summary as summary0_,
        document_.folder as folder0_,
        document_.owner as owner0_,
        document_.text as text0_,
        document_.lastTextModification as lastText7_0_,
        document_.size_mb * 1024.0 as size8_0_,
        upper(document_.name) as formula81_ 
    from
        documents document_ 
    where
        document_.id=?
14:14:32,742 DEBUG SQL:104 - 
    select
        owner0_.id as id3_0_,
        owner0_.name as name3_0_ 
    from
        owners owner0_ 
    where
        owner0_.id=?
14:14:32,744 DEBUG SQL:104 - 
    select
        document0_.id as id0_0_,
        document0_.name as name0_0_ 
    from
        documents document0_ 
    where
        document0_.id=?
14:14:32,745 DEBUG SQL:104 - 
    select
        document0_.id as id0_,
        document0_.name as name0_ 
    from
        documents document0_
14:14:32,745 DEBUG SQL:104 - 
    select
        document_.summary as summary0_,
        document_.folder as folder0_,
        document_.owner as owner0_,
        document_.text as text0_,
        document_.lastTextModification as lastText7_0_,
        document_.size_mb * 1024.0 as size8_0_,
        upper(document_.name) as formula81_ 
    from
        documents document_ 
    where
        document_.id=?
14:14:32,745 DEBUG SQL:104 - 
    select
        owner0_.id as id3_0_,
        owner0_.name as name3_0_ 
    from
        owners owner0_ 
    where
        owner0_.id=?
14:14:32,746 DEBUG SQL:104 - 
    select
        folder0_.id as id2_0_,
        folder0_.name as name2_0_,
        folder0_.parent as parent2_0_ 
    from
        folders folder0_ 
    where
        folder0_.id=?
14:14:32,765 DEBUG SQL:104 - 
    select
        documents0_.folder as folder2_1_,
        documents0_.id as id0_1_,
        documents0_.id as id0_0_,
        documents0_.name as name0_0_ 
    from
        documents documents0_ 
    where
        documents0_.folder=?
14:14:32,765 DEBUG SQL:104 - 
    delete 
    from
        documents 
    where
        id=?
14:14:32,766 DEBUG SQL:104 - 
    delete 
    from
        folders 
    where
        id=?
14:14:32,775 DEBUG SQL:104 - 
    delete 
    from
        owners 
    where
        id=?
14:14:32,776 DEBUG SQL:104 - 
    insert 
    into
        owners
        (name, id) 
    values
        (?, ?)
14:14:32,776 DEBUG SQL:104 - 
    insert 
    into
        folders
        (name, parent, id) 
    values
        (?, ?, ?)
14:14:32,776 DEBUG SQL:104 - 
    insert 
    into
        documents
        (name, summary, folder, owner, text, lastTextModification, size_mb, id) 
    values
        (?, ?, ?, ?, ?, ?, ? / cast( 1024.0 as float ), ?)
14:14:32,777 DEBUG SQL:104 - 
    select
        document0_.id as id0_0_,
        document0_.name as name0_0_ 
    from
        documents document0_ 
    where
        document0_.id=?
14:14:32,785 DEBUG SQL:104 - 
    select
        document_.summary as summary0_,
        document_.folder as folder0_,
        document_.owner as owner0_,
        document_.text as text0_,
        document_.lastTextModification as lastText7_0_,
        document_.size_mb * 1024.0 as size8_0_,
        upper(document_.name) as formula81_ 
    from
        documents document_ 
    where
        document_.id=?
14:14:32,785 DEBUG SQL:104 - 
    select
        owner0_.id as id3_0_,
        owner0_.name as name3_0_ 
    from
        owners owner0_ 
    where
        owner0_.id=?
14:14:32,786 DEBUG SQL:104 - 
    select
        document0_.id as id0_,
        document0_.name as name0_ 
    from
        documents document0_
14:14:32,795 DEBUG SQL:104 - 
    select
        document_.summary as summary0_,
        document_.folder as folder0_,
        document_.owner as owner0_,
        document_.text as text0_,
        document_.lastTextModification as lastText7_0_,
        document_.size_mb * 1024.0 as size8_0_,
        upper(document_.name) as formula81_ 
    from
        documents document_ 
    where
        document_.id=?
14:14:32,795 DEBUG SQL:104 - 
    select
        owner0_.id as id3_0_,
        owner0_.name as name3_0_ 
    from
        owners owner0_ 
    where
        owner0_.id=?
14:14:32,796 DEBUG SQL:104 - 
    select
        document0_.id as id0_,
        document0_.name as name0_ 
    from
        documents document0_
14:14:32,796 DEBUG SQL:104 - 
    select
        document_.summary as summary0_,
        document_.folder as folder0_,
        document_.owner as owner0_,
        document_.text as text0_,
        document_.lastTextModification as lastText7_0_,
        document_.size_mb * 1024.0 as size8_0_,
        upper(document_.name) as formula81_ 
    from
        documents document_ 
    where
        document_.id=?
14:14:32,806 DEBUG SQL:104 - 
    select
        owner0_.id as id3_0_,
        owner0_.name as name3_0_ 
    from
        owners owner0_ 
    where
        owner0_.id=?
14:14:32,807 DEBUG SQL:104 - 
    select
        document0_.id as id0_,
        document0_.name as name0_ 
    from
        documents document0_
14:14:32,807 DEBUG SQL:104 - 
    update
        documents 
    set
        name=? 
    where
        id=?
14:14:32,818 DEBUG SQL:104 - 
    select
        document0_.id as id0_,
        document0_.name as name0_ 
    from
        documents document0_
14:14:32,819 DEBUG SQL:104 - 
    select
        document_.summary as summary0_,
        document_.folder as folder0_,
        document_.owner as owner0_,
        document_.text as text0_,
        document_.lastTextModification as lastText7_0_,
        document_.size_mb * 1024.0 as size8_0_,
        upper(document_.name) as formula81_ 
    from
        documents document_ 
    where
        document_.id=?
14:14:32,819 DEBUG SQL:104 - 
    select
        owner0_.id as id3_0_,
        owner0_.name as name3_0_ 
    from
        owners owner0_ 
    where
        owner0_.id=?
14:14:32,820 DEBUG SQL:104 - 
    select
        document0_.id as id0_,
        document0_.name as name0_ 
    from
        documents document0_
14:14:32,829 DEBUG SQL:104 - 
    select
        document_.summary as summary0_,
        document_.folder as folder0_,
        document_.owner as owner0_,
        document_.text as text0_,
        document_.lastTextModification as lastText7_0_,
        document_.size_mb * 1024.0 as size8_0_,
        upper(document_.name) as formula81_ 
    from
        documents document_ 
    where
        document_.id=?
14:14:32,830 DEBUG SQL:104 - 
    select
        owner0_.id as id3_0_,
        owner0_.name as name3_0_ 
    from
        owners owner0_ 
    where
        owner0_.id=?
14:14:32,830 DEBUG SQL:104 - 
    update
        documents 
    set
        name=?,
        summary=?,
        folder=?,
        owner=?,
        text=?,
        lastTextModification=?,
        size_mb=? / cast( 1024.0 as float ) 
    where
        id=?
14:14:32,841 DEBUG SQL:104 - 
    select
        document0_.id as id0_,
        document0_.name as name0_ 
    from
        documents document0_
14:14:32,842 DEBUG SQL:104 - 
    select
        document_.summary as summary0_,
        document_.folder as folder0_,
        document_.owner as owner0_,
        document_.text as text0_,
        document_.lastTextModification as lastText7_0_,
        document_.size_mb * 1024.0 as size8_0_,
        upper(document_.name) as formula81_ 
    from
        documents document_ 
    where
        document_.id=?
14:14:32,842 DEBUG SQL:104 - 
    select
        owner0_.id as id3_0_,
        owner0_.name as name3_0_ 
    from
        owners owner0_ 
    where
        owner0_.id=?
14:14:32,851 DEBUG SQL:104 - 
    select
        document0_.id as id0_,
        document0_.name as name0_ 
    from
        documents document0_
14:14:32,852 DEBUG SQL:104 - 
    select
        document_.summary as summary0_,
        document_.folder as folder0_,
        document_.owner as owner0_,
        document_.text as text0_,
        document_.lastTextModification as lastText7_0_,
        document_.size_mb * 1024.0 as size8_0_,
        upper(document_.name) as formula81_ 
    from
        documents document_ 
    where
        document_.id=?
14:14:32,852 DEBUG SQL:104 - 
    select
        owner0_.id as id3_0_,
        owner0_.name as name3_0_ 
    from
        owners owner0_ 
    where
        owner0_.id=?
14:14:32,852 DEBUG SQL:104 - 
    select
        document0_.id as id0_,
        document0_.name as name0_ 
    from
        documents document0_
14:14:32,853 DEBUG SQL:104 - 
    update
        documents 
    set
        name=? 
    where
        id=?
14:14:32,853 DEBUG SQL:104 - 
    select
        document_.summary as summary0_,
        document_.folder as folder0_,
        document_.owner as owner0_,
        document_.text as text0_,
        document_.lastTextModification as lastText7_0_,
        document_.size_mb * 1024.0 as size8_0_,
        upper(document_.name) as formula81_ 
    from
        documents document_ 
    where
        document_.id=?
14:14:32,853 DEBUG SQL:104 - 
    select
        owner0_.id as id3_0_,
        owner0_.name as name3_0_ 
    from
        owners owner0_ 
    where
        owner0_.id=?
14:14:32,864 DEBUG SQL:104 - 
    update
        documents 
    set
        name=?,
        summary=?,
        folder=?,
        owner=?,
        text=?,
        lastTextModification=?,
        size_mb=? / cast( 1024.0 as float ) 
    where
        id=?
14:14:32,865 DEBUG SQL:104 - 
    select
        document0_.id as id0_,
        document0_.name as name0_ 
    from
        documents document0_
14:14:32,865 DEBUG SQL:104 - 
    select
        document_.summary as summary0_,
        document_.folder as folder0_,
        document_.owner as owner0_,
        document_.text as text0_,
        document_.lastTextModification as lastText7_0_,
        document_.size_mb * 1024.0 as size8_0_,
        upper(document_.name) as formula81_ 
    from
        documents document_ 
    where
        document_.id=?
14:14:32,875 DEBUG SQL:104 - 
    select
        owner0_.id as id3_0_,
        owner0_.name as name3_0_ 
    from
        owners owner0_ 
    where
        owner0_.id=?
14:14:32,876 DEBUG SQL:104 - 
    select
        document0_.id as id0_0_,
        document0_.name as name0_0_ 
    from
        documents document0_ 
    where
        document0_.id=?
14:14:32,877 DEBUG SQL:104 - 
    select
        document0_.id as id0_,
        document0_.name as name0_ 
    from
        documents document0_
14:14:32,877 DEBUG SQL:104 - 
    select
        document_.summary as summary0_,
        document_.folder as folder0_,
        document_.owner as owner0_,
        document_.text as text0_,
        document_.lastTextModification as lastText7_0_,
        document_.size_mb * 1024.0 as size8_0_,
        upper(document_.name) as formula81_ 
    from
        documents document_ 
    where
        document_.id=?
14:14:32,877 DEBUG SQL:104 - 
    select
        owner0_.id as id3_0_,
        owner0_.name as name3_0_ 
    from
        owners owner0_ 
    where
        owner0_.id=?
14:14:32,899 DEBUG SQL:104 - 
    select
        folder0_.id as id2_0_,
        folder0_.name as name2_0_,
        folder0_.parent as parent2_0_ 
    from
        folders folder0_ 
    where
        folder0_.id=?
14:14:32,899 DEBUG SQL:104 - 
    select
        documents0_.folder as folder2_1_,
        documents0_.id as id0_1_,
        documents0_.id as id0_0_,
        documents0_.name as name0_0_ 
    from
        documents documents0_ 
    where
        documents0_.folder=?
14:14:32,900 DEBUG SQL:104 - 
    delete 
    from
        documents 
    where
        id=?
14:14:32,900 DEBUG SQL:104 - 
    delete 
    from
        folders 
    where
        id=?
14:14:32,907 DEBUG SQL:104 - 
    delete 
    from
        owners 
    where
        id=?
14:14:32,908 DEBUG SQL:104 - 
    insert 
    into
        owners
        (name, id) 
    values
        (?, ?)
14:14:32,908 DEBUG SQL:104 - 
    insert 
    into
        folders
        (name, parent, id) 
    values
        (?, ?, ?)
14:14:32,909 DEBUG SQL:104 - 
    insert 
    into
        documents
        (name, summary, folder, owner, text, lastTextModification, size_mb, id) 
    values
        (?, ?, ?, ?, ?, ?, ? / cast( 1024.0 as float ), ?)
14:14:32,918 DEBUG SQL:104 - 
    select
        document0_.id as id0_0_,
        document0_.name as name0_0_ 
    from
        documents document0_ 
    where
        document0_.id=?
14:14:32,919 DEBUG SQL:104 - 
    select
        document_.summary as summary0_,
        document_.folder as folder0_,
        document_.owner as owner0_,
        document_.text as text0_,
        document_.lastTextModification as lastText7_0_,
        document_.size_mb * 1024.0 as size8_0_,
        upper(document_.name) as formula81_ 
    from
        documents document_ 
    where
        document_.id=?
14:14:32,919 DEBUG SQL:104 - 
    select
        owner0_.id as id3_0_,
        owner0_.name as name3_0_ 
    from
        owners owner0_ 
    where
        owner0_.id=?
14:14:32,920 DEBUG SQL:104 - 
    select
        document0_.id as id0_,
        document0_.name as name0_ 
    from
        documents document0_
14:14:32,930 DEBUG SQL:104 - 
    select
        document_.summary as summary0_,
        document_.folder as folder0_,
        document_.owner as owner0_,
        document_.text as text0_,
        document_.lastTextModification as lastText7_0_,
        document_.size_mb * 1024.0 as size8_0_,
        upper(document_.name) as formula81_ 
    from
        documents document_ 
    where
        document_.id=?
14:14:32,931 DEBUG SQL:104 - 
    select
        owner0_.id as id3_0_,
        owner0_.name as name3_0_ 
    from
        owners owner0_ 
    where
        owner0_.id=?
14:14:32,932 DEBUG SQL:104 - 
    select
        document0_.id as id0_,
        document0_.name as name0_ 
    from
        documents document0_
14:14:32,941 DEBUG SQL:104 - 
    select
        document_.summary as summary0_,
        document_.folder as folder0_,
        document_.owner as owner0_,
        document_.text as text0_,
        document_.lastTextModification as lastText7_0_,
        document_.size_mb * 1024.0 as size8_0_,
        upper(document_.name) as formula81_ 
    from
        documents document_ 
    where
        document_.id=?
14:14:32,942 DEBUG SQL:104 - 
    select
        owner0_.id as id3_0_,
        owner0_.name as name3_0_ 
    from
        owners owner0_ 
    where
        owner0_.id=?
14:14:32,942 DEBUG SQL:104 - 
    select
        document0_.id as id0_,
        document0_.name as name0_ 
    from
        documents document0_
14:14:32,943 DEBUG SQL:104 - 
    update
        documents 
    set
        name=? 
    where
        id=?
14:14:32,952 DEBUG SQL:104 - 
    select
        document0_.id as id0_,
        document0_.name as name0_ 
    from
        documents document0_
14:14:32,952 DEBUG SQL:104 - 
    select
        document_.summary as summary0_,
        document_.folder as folder0_,
        document_.owner as owner0_,
        document_.text as text0_,
        document_.lastTextModification as lastText7_0_,
        document_.size_mb * 1024.0 as size8_0_,
        upper(document_.name) as formula81_ 
    from
        documents document_ 
    where
        document_.id=?
14:14:32,953 DEBUG SQL:104 - 
    select
        owner0_.id as id3_0_,
        owner0_.name as name3_0_ 
    from
        owners owner0_ 
    where
        owner0_.id=?
14:14:32,964 DEBUG SQL:104 - 
    select
        document0_.id as id0_,
        document0_.name as name0_ 
    from
        documents document0_
14:14:32,964 DEBUG SQL:104 - 
    select
        document_.summary as summary0_,
        document_.folder as folder0_,
        document_.owner as owner0_,
        document_.text as text0_,
        document_.lastTextModification as lastText7_0_,
        document_.size_mb * 1024.0 as size8_0_,
        upper(document_.name) as formula81_ 
    from
        documents document_ 
    where
        document_.id=?
14:14:32,965 DEBUG SQL:104 - 
    select
        owner0_.id as id3_0_,
        owner0_.name as name3_0_ 
    from
        owners owner0_ 
    where
        owner0_.id=?
14:14:32,965 DEBUG SQL:104 - 
    update
        documents 
    set
        name=?,
        summary=?,
        folder=?,
        owner=?,
        text=?,
        lastTextModification=?,
        size_mb=? / cast( 1024.0 as float ) 
    where
        id=?
14:14:32,976 DEBUG SQL:104 - 
    select
        document0_.id as id0_,
        document0_.name as name0_ 
    from
        documents document0_
14:14:32,976 DEBUG SQL:104 - 
    select
        document_.summary as summary0_,
        document_.folder as folder0_,
        document_.owner as owner0_,
        document_.text as text0_,
        document_.lastTextModification as lastText7_0_,
        document_.size_mb * 1024.0 as size8_0_,
        upper(document_.name) as formula81_ 
    from
        documents document_ 
    where
        document_.id=?
14:14:32,976 DEBUG SQL:104 - 
    select
        owner0_.id as id3_0_,
        owner0_.name as name3_0_ 
    from
        owners owner0_ 
    where
        owner0_.id=?
14:14:32,977 DEBUG SQL:104 - 
    select
        document0_.id as id0_,
        document0_.name as name0_ 
    from
        documents document0_
14:14:32,978 DEBUG SQL:104 - 
    select
        document_.summary as summary0_,
        document_.folder as folder0_,
        document_.owner as owner0_,
        document_.text as text0_,
        document_.lastTextModification as lastText7_0_,
        document_.size_mb * 1024.0 as size8_0_,
        upper(document_.name) as formula81_ 
    from
        documents document_ 
    where
        document_.id=?
14:14:32,978 DEBUG SQL:104 - 
    select
        owner0_.id as id3_0_,
        owner0_.name as name3_0_ 
    from
        owners owner0_ 
    where
        owner0_.id=?
14:14:32,987 DEBUG SQL:104 - 
    select
        document0_.id as id0_,
        document0_.name as name0_ 
    from
        documents document0_
14:14:32,988 DEBUG SQL:104 - 
    update
        documents 
    set
        name=? 
    where
        id=?
14:14:32,989 DEBUG SQL:104 - 
    select
        document_.summary as summary0_,
        document_.folder as folder0_,
        document_.owner as owner0_,
        document_.text as text0_,
        document_.lastTextModification as lastText7_0_,
        document_.size_mb * 1024.0 as size8_0_,
        upper(document_.name) as formula81_ 
    from
        documents document_ 
    where
        document_.id=?
14:14:32,997 DEBUG SQL:104 - 
    select
        owner0_.id as id3_0_,
        owner0_.name as name3_0_ 
    from
        owners owner0_ 
    where
        owner0_.id=?
14:14:32,998 DEBUG SQL:104 - 
    update
        documents 
    set
        name=?,
        summary=?,
        folder=?,
        owner=?,
        text=?,
        lastTextModification=?,
        size_mb=? / cast( 1024.0 as float ) 
    where
        id=?
14:14:32,999 DEBUG SQL:104 - 
    select
        document0_.id as id0_,
        document0_.name as name0_ 
    from
        documents document0_
14:14:32,999 DEBUG SQL:104 - 
    select
        document_.summary as summary0_,
        document_.folder as folder0_,
        document_.owner as owner0_,
        document_.text as text0_,
        document_.lastTextModification as lastText7_0_,
        document_.size_mb * 1024.0 as size8_0_,
        upper(document_.name) as formula81_ 
    from
        documents document_ 
    where
        document_.id=?
14:14:32,999 DEBUG SQL:104 - 
    select
        owner0_.id as id3_0_,
        owner0_.name as name3_0_ 
    from
        owners owner0_ 
    where
        owner0_.id=?
14:14:33,017 DEBUG SQL:104 - 
    select
        document0_.id as id0_0_,
        document0_.name as name0_0_ 
    from
        documents document0_ 
    where
        document0_.id=?
14:14:33,018 DEBUG SQL:104 - 
    select
        document0_.id as id0_,
        document0_.name as name0_ 
    from
        documents document0_
14:14:33,018 DEBUG SQL:104 - 
    select
        document_.summary as summary0_,
        document_.folder as folder0_,
        document_.owner as owner0_,
        document_.text as text0_,
        document_.lastTextModification as lastText7_0_,
        document_.size_mb * 1024.0 as size8_0_,
        upper(document_.name) as formula81_ 
    from
        documents document_ 
    where
        document_.id=?
14:14:33,026 DEBUG SQL:104 - 
    select
        owner0_.id as id3_0_,
        owner0_.name as name3_0_ 
    from
        owners owner0_ 
    where
        owner0_.id=?
14:14:33,027 DEBUG SQL:104 - 
    select
        folder0_.id as id2_0_,
        folder0_.name as name2_0_,
        folder0_.parent as parent2_0_ 
    from
        folders folder0_ 
    where
        folder0_.id=?
14:14:33,027 DEBUG SQL:104 - 
    select
        documents0_.folder as folder2_1_,
        documents0_.id as id0_1_,
        documents0_.id as id0_0_,
        documents0_.name as name0_0_ 
    from
        documents documents0_ 
    where
        documents0_.folder=?
14:14:33,028 DEBUG SQL:104 - 
    delete 
    from
        documents 
    where
        id=?
14:14:33,035 DEBUG SQL:104 - 
    delete 
    from
        folders 
    where
        id=?
14:14:33,035 DEBUG SQL:104 - 
    delete 
    from
        owners 
    where
        id=?
14:14:33,036 DEBUG SQL:104 - 
    insert 
    into
        owners
        (name, id) 
    values
        (?, ?)
14:14:33,037 DEBUG SQL:104 - 
    insert 
    into
        folders
        (name, parent, id) 
    values
        (?, ?, ?)
14:14:33,037 DEBUG SQL:104 - 
    insert 
    into
        documents
        (name, summary, folder, owner, text, lastTextModification, size_mb, id) 
    values
        (?, ?, ?, ?, ?, ?, ? / cast( 1024.0 as float ), ?)
14:14:33,045 DEBUG SQL:104 - 
    select
        document0_.id as id0_0_,
        document0_.name as name0_0_ 
    from
        documents document0_ 
    where
        document0_.id=?
14:14:33,049 DEBUG SQL:104 - 
    select
        document_.summary as summary0_,
        document_.folder as folder0_,
        document_.owner as owner0_,
        document_.text as text0_,
        document_.lastTextModification as lastText7_0_,
        document_.size_mb * 1024.0 as size8_0_,
        upper(document_.name) as formula81_ 
    from
        documents document_ 
    where
        document_.id=?
14:14:33,050 DEBUG SQL:104 - 
    select
        owner0_.id as id3_0_,
        owner0_.name as name3_0_ 
    from
        owners owner0_ 
    where
        owner0_.id=?
14:14:33,056 DEBUG SQL:104 - 
    select
        document0_.id as id0_,
        document0_.name as name0_ 
    from
        documents document0_
14:14:33,057 DEBUG SQL:104 - 
    select
        document_.summary as summary0_,
        document_.folder as folder0_,
        document_.owner as owner0_,
        document_.text as text0_,
        document_.lastTextModification as lastText7_0_,
        document_.size_mb * 1024.0 as size8_0_,
        upper(document_.name) as formula81_ 
    from
        documents document_ 
    where
        document_.id=?
14:14:33,057 DEBUG SQL:104 - 
    select
        owner0_.id as id3_0_,
        owner0_.name as name3_0_ 
    from
        owners owner0_ 
    where
        owner0_.id=?
14:14:33,067 DEBUG SQL:104 - 
    select
        document0_.id as id0_,
        document0_.name as name0_ 
    from
        documents document0_
14:14:33,068 DEBUG SQL:104 - 
    select
        document_.summary as summary0_,
        document_.folder as folder0_,
        document_.owner as owner0_,
        document_.text as text0_,
        document_.lastTextModification as lastText7_0_,
        document_.size_mb * 1024.0 as size8_0_,
        upper(document_.name) as formula81_ 
    from
        documents document_ 
    where
        document_.id=?
14:14:33,068 DEBUG SQL:104 - 
    select
        owner0_.id as id3_0_,
        owner0_.name as name3_0_ 
    from
        owners owner0_ 
    where
        owner0_.id=?
14:14:33,068 DEBUG SQL:104 - 
    select
        document0_.id as id0_,
        document0_.name as name0_ 
    from
        documents document0_
14:14:33,077 DEBUG SQL:104 - 
    update
        documents 
    set
        name=? 
    where
        id=?
14:14:33,078 DEBUG SQL:104 - 
    select
        document0_.id as id0_,
        document0_.name as name0_ 
    from
        documents document0_
14:14:33,078 DEBUG SQL:104 - 
    select
        document_.summary as summary0_,
        document_.folder as folder0_,
        document_.owner as owner0_,
        document_.text as text0_,
        document_.lastTextModification as lastText7_0_,
        document_.size_mb * 1024.0 as size8_0_,
        upper(document_.name) as formula81_ 
    from
        documents document_ 
    where
        document_.id=?
14:14:33,078 DEBUG SQL:104 - 
    select
        owner0_.id as id3_0_,
        owner0_.name as name3_0_ 
    from
        owners owner0_ 
    where
        owner0_.id=?
14:14:33,088 DEBUG SQL:104 - 
    select
        document0_.id as id0_,
        document0_.name as name0_ 
    from
        documents document0_
14:14:33,089 DEBUG SQL:104 - 
    select
        document_.summary as summary0_,
        document_.folder as folder0_,
        document_.owner as owner0_,
        document_.text as text0_,
        document_.lastTextModification as lastText7_0_,
        document_.size_mb * 1024.0 as size8_0_,
        upper(document_.name) as formula81_ 
    from
        documents document_ 
    where
        document_.id=?
14:14:33,089 DEBUG SQL:104 - 
    select
        owner0_.id as id3_0_,
        owner0_.name as name3_0_ 
    from
        owners owner0_ 
    where
        owner0_.id=?
14:14:33,103 DEBUG SQL:104 - 
    update
        documents 
    set
        name=?,
        summary=?,
        folder=?,
        owner=?,
        text=?,
        lastTextModification=?,
        size_mb=? / cast( 1024.0 as float ) 
    where
        id=?
14:14:33,104 DEBUG SQL:104 - 
    select
        document0_.id as id0_,
        document0_.name as name0_ 
    from
        documents document0_
14:14:33,104 DEBUG SQL:104 - 
    select
        document_.summary as summary0_,
        document_.folder as folder0_,
        document_.owner as owner0_,
        document_.text as text0_,
        document_.lastTextModification as lastText7_0_,
        document_.size_mb * 1024.0 as size8_0_,
        upper(document_.name) as formula81_ 
    from
        documents document_ 
    where
        document_.id=?
14:14:33,105 DEBUG SQL:104 - 
    select
        owner0_.id as id3_0_,
        owner0_.name as name3_0_ 
    from
        owners owner0_ 
    where
        owner0_.id=?
14:14:33,105 DEBUG SQL:104 - 
    select
        document0_.id as id0_,
        document0_.name as name0_ 
    from
        documents document0_
14:14:33,106 DEBUG SQL:104 - 
    select
        document_.summary as summary0_,
        document_.folder as folder0_,
        document_.owner as owner0_,
        document_.text as text0_,
        document_.lastTextModification as lastText7_0_,
        document_.size_mb * 1024.0 as size8_0_,
        upper(document_.name) as formula81_ 
    from
        documents document_ 
    where
        document_.id=?
14:14:33,116 DEBUG SQL:104 - 
    select
        owner0_.id as id3_0_,
        owner0_.name as name3_0_ 
    from
        owners owner0_ 
    where
        owner0_.id=?
14:14:33,117 DEBUG SQL:104 - 
    select
        document0_.id as id0_,
        document0_.name as name0_ 
    from
        documents document0_
14:14:33,117 DEBUG SQL:104 - 
    update
        documents 
    set
        name=? 
    where
        id=?
14:14:33,118 DEBUG SQL:104 - 
    select
        document_.summary as summary0_,
        document_.folder as folder0_,
        document_.owner as owner0_,
        document_.text as text0_,
        document_.lastTextModification as lastText7_0_,
        document_.size_mb * 1024.0 as size8_0_,
        upper(document_.name) as formula81_ 
    from
        documents document_ 
    where
        document_.id=?
14:14:33,126 DEBUG SQL:104 - 
    select
        owner0_.id as id3_0_,
        owner0_.name as name3_0_ 
    from
        owners owner0_ 
    where
        owner0_.id=?
14:14:33,127 DEBUG SQL:104 - 
    update
        documents 
    set
        name=?,
        summary=?,
        folder=?,
        owner=?,
        text=?,
        lastTextModification=?,
        size_mb=? / cast( 1024.0 as float ) 
    where
        id=?
14:14:33,128 DEBUG SQL:104 - 
    select
        document0_.id as id0_,
        document0_.name as name0_ 
    from
        documents document0_
14:14:33,128 DEBUG SQL:104 - 
    select
        document_.summary as summary0_,
        document_.folder as folder0_,
        document_.owner as owner0_,
        document_.text as text0_,
        document_.lastTextModification as lastText7_0_,
        document_.size_mb * 1024.0 as size8_0_,
        upper(document_.name) as formula81_ 
    from
        documents document_ 
    where
        document_.id=?
14:14:33,128 DEBUG SQL:104 - 
    select
        owner0_.id as id3_0_,
        owner0_.name as name3_0_ 
    from
        owners owner0_ 
    where
        owner0_.id=?
14:14:33,150 DEBUG SQL:104 - 
    select
        document0_.id as id0_0_,
        document0_.name as name0_0_ 
    from
        documents document0_ 
    where
        document0_.id=?
14:14:33,151 DEBUG SQL:104 - 
    select
        document0_.id as id0_,
        document0_.name as name0_ 
    from
        documents document0_
14:14:33,151 DEBUG SQL:104 - 
    select
        document_.summary as summary0_,
        document_.folder as folder0_,
        document_.owner as owner0_,
        document_.text as text0_,
        document_.lastTextModification as lastText7_0_,
        document_.size_mb * 1024.0 as size8_0_,
        upper(document_.name) as formula81_ 
    from
        documents document_ 
    where
        document_.id=?
14:14:33,159 DEBUG SQL:104 - 
    select
        owner0_.id as id3_0_,
        owner0_.name as name3_0_ 
    from
        owners owner0_ 
    where
        owner0_.id=?
14:14:33,160 DEBUG SQL:104 - 
    select
        folder0_.id as id2_0_,
        folder0_.name as name2_0_,
        folder0_.parent as parent2_0_ 
    from
        folders folder0_ 
    where
        folder0_.id=?
14:14:33,160 DEBUG SQL:104 - 
    select
        documents0_.folder as folder2_1_,
        documents0_.id as id0_1_,
        documents0_.id as id0_0_,
        documents0_.name as name0_0_ 
    from
        documents documents0_ 
    where
        documents0_.folder=?
14:14:33,173 DEBUG SQL:104 - 
    delete 
    from
        documents 
    where
        id=?
14:14:33,174 DEBUG SQL:104 - 
    delete 
    from
        folders 
    where
        id=?
14:14:33,174 DEBUG SQL:104 - 
    delete 
    from
        owners 
    where
        id=?
14:14:33,181 DEBUG SQL:104 - 
    insert 
    into
        owners
        (name, id) 
    values
        (?, ?)
14:14:33,182 DEBUG SQL:104 - 
    insert 
    into
        folders
        (name, parent, id) 
    values
        (?, ?, ?)
14:14:33,185 DEBUG SQL:104 - 
    insert 
    into
        documents
        (name, summary, folder, owner, text, lastTextModification, size_mb, id) 
    values
        (?, ?, ?, ?, ?, ?, ? / cast( 1024.0 as float ), ?)
14:14:33,185 DEBUG SQL:104 - 
    select
        document0_.id as id0_0_,
        document0_.name as name0_0_ 
    from
        documents document0_ 
    where
        document0_.id=?
14:14:33,186 DEBUG SQL:104 - 
    select
        document_.summary as summary0_,
        document_.folder as folder0_,
        document_.owner as owner0_,
        document_.text as text0_,
        document_.lastTextModification as lastText7_0_,
        document_.size_mb * 1024.0 as size8_0_,
        upper(document_.name) as formula81_ 
    from
        documents document_ 
    where
        document_.id=?
14:14:33,197 DEBUG SQL:104 - 
    select
        owner0_.id as id3_0_,
        owner0_.name as name3_0_ 
    from
        owners owner0_ 
    where
        owner0_.id=?
14:14:33,198 DEBUG SQL:104 - 
    select
        document0_.id as id0_,
        document0_.name as name0_ 
    from
        documents document0_
14:14:33,199 DEBUG SQL:104 - 
    select
        document_.summary as summary0_,
        document_.folder as folder0_,
        document_.owner as owner0_,
        document_.text as text0_,
        document_.lastTextModification as lastText7_0_,
        document_.size_mb * 1024.0 as size8_0_,
        upper(document_.name) as formula81_ 
    from
        documents document_ 
    where
        document_.id=?
14:14:33,199 DEBUG SQL:104 - 
    select
        owner0_.id as id3_0_,
        owner0_.name as name3_0_ 
    from
        owners owner0_ 
    where
        owner0_.id=?
14:14:33,200 DEBUG SQL:104 - 
    select
        document0_.id as id0_,
        document0_.name as name0_ 
    from
        documents document0_
14:14:33,200 DEBUG SQL:104 - 
    select
        document_.summary as summary0_,
        document_.folder as folder0_,
        document_.owner as owner0_,
        document_.text as text0_,
        document_.lastTextModification as lastText7_0_,
        document_.size_mb * 1024.0 as size8_0_,
        upper(document_.name) as formula81_ 
    from
        documents document_ 
    where
        document_.id=?
14:14:33,200 DEBUG SQL:104 - 
    select
        owner0_.id as id3_0_,
        owner0_.name as name3_0_ 
    from
        owners owner0_ 
    where
        owner0_.id=?
14:14:33,201 DEBUG SQL:104 - 
    select
        document0_.id as id0_,
        document0_.name as name0_ 
    from
        documents document0_
14:14:33,201 DEBUG SQL:104 - 
    update
        documents 
    set
        name=? 
    where
        id=?
14:14:33,221 DEBUG SQL:104 - 
    select
        document0_.id as id0_,
        document0_.name as name0_ 
    from
        documents document0_
14:14:33,221 DEBUG SQL:104 - 
    select
        document_.summary as summary0_,
        document_.folder as folder0_,
        document_.owner as owner0_,
        document_.text as text0_,
        document_.lastTextModification as lastText7_0_,
        document_.size_mb * 1024.0 as size8_0_,
        upper(document_.name) as formula81_ 
    from
        documents document_ 
    where
        document_.id=?
14:14:33,222 DEBUG SQL:104 - 
    select
        owner0_.id as id3_0_,
        owner0_.name as name3_0_ 
    from
        owners owner0_ 
    where
        owner0_.id=?
14:14:33,222 DEBUG SQL:104 - 
    select
        document0_.id as id0_,
        document0_.name as name0_ 
    from
        documents document0_
14:14:33,231 DEBUG SQL:104 - 
    select
        document_.summary as summary0_,
        document_.folder as folder0_,
        document_.owner as owner0_,
        document_.text as text0_,
        document_.lastTextModification as lastText7_0_,
        document_.size_mb * 1024.0 as size8_0_,
        upper(document_.name) as formula81_ 
    from
        documents document_ 
    where
        document_.id=?
14:14:33,231 DEBUG SQL:104 - 
    select
        owner0_.id as id3_0_,
        owner0_.name as name3_0_ 
    from
        owners owner0_ 
    where
        owner0_.id=?
14:14:33,232 DEBUG SQL:104 - 
    update
        documents 
    set
        name=?,
        summary=?,
        folder=?,
        owner=?,
        text=?,
        lastTextModification=?,
        size_mb=? / cast( 1024.0 as float ) 
    where
        id=?
14:14:33,233 DEBUG SQL:104 - 
    select
        document0_.id as id0_,
        document0_.name as name0_ 
    from
        documents document0_
14:14:33,233 DEBUG SQL:104 - 
    select
        document_.summary as summary0_,
        document_.folder as folder0_,
        document_.owner as owner0_,
        document_.text as text0_,
        document_.lastTextModification as lastText7_0_,
        document_.size_mb * 1024.0 as size8_0_,
        upper(document_.name) as formula81_ 
    from
        documents document_ 
    where
        document_.id=?
14:14:33,233 DEBUG SQL:104 - 
    select
        owner0_.id as id3_0_,
        owner0_.name as name3_0_ 
    from
        owners owner0_ 
    where
        owner0_.id=?
14:14:33,247 DEBUG SQL:104 - 
    select
        document0_.id as id0_,
        document0_.name as name0_ 
    from
        documents document0_
14:14:33,247 DEBUG SQL:104 - 
    select
        document_.summary as summary0_,
        document_.folder as folder0_,
        document_.owner as owner0_,
        document_.text as text0_,
        document_.lastTextModification as lastText7_0_,
        document_.size_mb * 1024.0 as size8_0_,
        upper(document_.name) as formula81_ 
    from
        documents document_ 
    where
        document_.id=?
14:14:33,248 DEBUG SQL:104 - 
    select
        owner0_.id as id3_0_,
        owner0_.name as name3_0_ 
    from
        owners owner0_ 
    where
        owner0_.id=?
14:14:33,258 DEBUG SQL:104 - 
    select
        document0_.id as id0_,
        document0_.name as name0_ 
    from
        documents document0_
14:14:33,258 DEBUG SQL:104 - 
    update
        documents 
    set
        name=? 
    where
        id=?
14:14:33,259 DEBUG SQL:104 - 
    select
        document_.summary as summary0_,
        document_.folder as folder0_,
        document_.owner as owner0_,
        document_.text as text0_,
        document_.lastTextModification as lastText7_0_,
        document_.size_mb * 1024.0 as size8_0_,
        upper(document_.name) as formula81_ 
    from
        documents document_ 
    where
        document_.id=?
14:14:33,259 DEBUG SQL:104 - 
    select
        owner0_.id as id3_0_,
        owner0_.name as name3_0_ 
    from
        owners owner0_ 
    where
        owner0_.id=?
14:14:33,260 DEBUG SQL:104 - 
    update
        documents 
    set
        name=?,
        summary=?,
        folder=?,
        owner=?,
        text=?,
        lastTextModification=?,
        size_mb=? / cast( 1024.0 as float ) 
    where
        id=?
14:14:33,280 DEBUG SQL:104 - 
    select
        document0_.id as id0_,
        document0_.name as name0_ 
    from
        documents document0_
14:14:33,281 DEBUG SQL:104 - 
    select
        document_.summary as summary0_,
        document_.folder as folder0_,
        document_.owner as owner0_,
        document_.text as text0_,
        document_.lastTextModification as lastText7_0_,
        document_.size_mb * 1024.0 as size8_0_,
        upper(document_.name) as formula81_ 
    from
        documents document_ 
    where
        document_.id=?
14:14:33,281 DEBUG SQL:104 - 
    select
        owner0_.id as id3_0_,
        owner0_.name as name3_0_ 
    from
        owners owner0_ 
    where
        owner0_.id=?
14:14:33,282 DEBUG SQL:104 - 
    select
        document0_.id as id0_0_,
        document0_.name as name0_0_ 
    from
        documents document0_ 
    where
        document0_.id=?
14:14:33,291 DEBUG SQL:104 - 
    select
        document0_.id as id0_,
        document0_.name as name0_ 
    from
        documents document0_
14:14:33,292 DEBUG SQL:104 - 
    select
        document_.summary as summary0_,
        document_.folder as folder0_,
        document_.owner as owner0_,
        document_.text as text0_,
        document_.lastTextModification as lastText7_0_,
        document_.size_mb * 1024.0 as size8_0_,
        upper(document_.name) as formula81_ 
    from
        documents document_ 
    where
        document_.id=?
14:14:33,292 DEBUG SQL:104 - 
    select
        owner0_.id as id3_0_,
        owner0_.name as name3_0_ 
    from
        owners owner0_ 
    where
        owner0_.id=?
14:14:33,301 DEBUG SQL:104 - 
    select
        folder0_.id as id2_0_,
        folder0_.name as name2_0_,
        folder0_.parent as parent2_0_ 
    from
        folders folder0_ 
    where
        folder0_.id=?
14:14:33,302 DEBUG SQL:104 - 
    select
        documents0_.folder as folder2_1_,
        documents0_.id as id0_1_,
        documents0_.id as id0_0_,
        documents0_.name as name0_0_ 
    from
        documents documents0_ 
    where
        documents0_.folder=?
14:14:33,303 DEBUG SQL:104 - 
    delete 
    from
        documents 
    where
        id=?
14:14:33,303 DEBUG SQL:104 - 
    delete 
    from
        folders 
    where
        id=?
14:14:33,312 DEBUG SQL:104 - 
    delete 
    from
        owners 
    where
        id=?
14:14:33,313 DEBUG SQL:104 - 
    insert 
    into
        owners
        (name, id) 
    values
        (?, ?)
14:14:33,313 DEBUG SQL:104 - 
    insert 
    into
        folders
        (name, parent, id) 
    values
        (?, ?, ?)
14:14:33,314 DEBUG SQL:104 - 
    insert 
    into
        documents
        (name, summary, folder, owner, text, lastTextModification, size_mb, id) 
    values
        (?, ?, ?, ?, ?, ?, ? / cast( 1024.0 as float ), ?)
14:14:33,323 DEBUG SQL:104 - 
    select
        document0_.id as id0_0_,
        document0_.name as name0_0_ 
    from
        documents document0_ 
    where
        document0_.id=?
14:14:33,324 DEBUG SQL:104 - 
    select
        document_.summary as summary0_,
        document_.folder as folder0_,
        document_.owner as owner0_,
        document_.text as text0_,
        document_.lastTextModification as lastText7_0_,
        document_.size_mb * 1024.0 as size8_0_,
        upper(document_.name) as formula81_ 
    from
        documents document_ 
    where
        document_.id=?
14:14:33,324 DEBUG SQL:104 - 
    select
        owner0_.id as id3_0_,
        owner0_.name as name3_0_ 
    from
        owners owner0_ 
    where
        owner0_.id=?
14:14:33,325 DEBUG SQL:104 - 
    select
        document0_.id as id0_,
        document0_.name as name0_ 
    from
        documents document0_
14:14:33,333 DEBUG SQL:104 - 
    select
        document_.summary as summary0_,
        document_.folder as folder0_,
        document_.owner as owner0_,
        document_.text as text0_,
        document_.lastTextModification as lastText7_0_,
        document_.size_mb * 1024.0 as size8_0_,
        upper(document_.name) as formula81_ 
    from
        documents document_ 
    where
        document_.id=?
14:14:33,334 DEBUG SQL:104 - 
    select
        owner0_.id as id3_0_,
        owner0_.name as name3_0_ 
    from
        owners owner0_ 
    where
        owner0_.id=?
14:14:33,334 DEBUG SQL:104 - 
    select
        document0_.id as id0_,
        document0_.name as name0_ 
    from
        documents document0_
14:14:33,344 DEBUG SQL:104 - 
    select
        document_.summary as summary0_,
        document_.folder as folder0_,
        document_.owner as owner0_,
        document_.text as text0_,
        document_.lastTextModification as lastText7_0_,
        document_.size_mb * 1024.0 as size8_0_,
        upper(document_.name) as formula81_ 
    from
        documents document_ 
    where
        document_.id=?
14:14:33,344 DEBUG SQL:104 - 
    select
        owner0_.id as id3_0_,
        owner0_.name as name3_0_ 
    from
        owners owner0_ 
    where
        owner0_.id=?
14:14:33,345 DEBUG SQL:104 - 
    select
        document0_.id as id0_,
        document0_.name as name0_ 
    from
        documents document0_
14:14:33,345 DEBUG SQL:104 - 
    update
        documents 
    set
        name=? 
    where
        id=?
14:14:33,356 DEBUG SQL:104 - 
    select
        document0_.id as id0_,
        document0_.name as name0_ 
    from
        documents document0_
14:14:33,356 DEBUG SQL:104 - 
    select
        document_.summary as summary0_,
        document_.folder as folder0_,
        document_.owner as owner0_,
        document_.text as text0_,
        document_.lastTextModification as lastText7_0_,
        document_.size_mb * 1024.0 as size8_0_,
        upper(document_.name) as formula81_ 
    from
        documents document_ 
    where
        document_.id=?
14:14:33,356 DEBUG SQL:104 - 
    select
        owner0_.id as id3_0_,
        owner0_.name as name3_0_ 
    from
        owners owner0_ 
    where
        owner0_.id=?
14:14:33,357 DEBUG SQL:104 - 
    select
        document0_.id as id0_,
        document0_.name as name0_ 
    from
        documents document0_
14:14:33,357 DEBUG SQL:104 - 
    select
        document_.summary as summary0_,
        document_.folder as folder0_,
        document_.owner as owner0_,
        document_.text as text0_,
        document_.lastTextModification as lastText7_0_,
        document_.size_mb * 1024.0 as size8_0_,
        upper(document_.name) as formula81_ 
    from
        documents document_ 
    where
        document_.id=?
14:14:33,358 DEBUG SQL:104 - 
    select
        owner0_.id as id3_0_,
        owner0_.name as name3_0_ 
    from
        owners owner0_ 
    where
        owner0_.id=?
14:14:33,358 DEBUG SQL:104 - 
    update
        documents 
    set
        name=?,
        summary=?,
        folder=?,
        owner=?,
        text=?,
        lastTextModification=?,
        size_mb=? / cast( 1024.0 as float ) 
    where
        id=?
14:14:33,369 DEBUG SQL:104 - 
    select
        document0_.id as id0_,
        document0_.name as name0_ 
    from
        documents document0_
14:14:33,370 DEBUG SQL:104 - 
    select
        document_.summary as summary0_,
        document_.folder as folder0_,
        document_.owner as owner0_,
        document_.text as text0_,
        document_.lastTextModification as lastText7_0_,
        document_.size_mb * 1024.0 as size8_0_,
        upper(document_.name) as formula81_ 
    from
        documents document_ 
    where
        document_.id=?
14:14:33,379 DEBUG SQL:104 - 
    select
        owner0_.id as id3_0_,
        owner0_.name as name3_0_ 
    from
        owners owner0_ 
    where
        owner0_.id=?
14:14:33,380 DEBUG SQL:104 - 
    select
        document0_.id as id0_,
        document0_.name as name0_ 
    from
        documents document0_
14:14:33,381 DEBUG SQL:104 - 
    select
        document_.summary as summary0_,
        document_.folder as folder0_,
        document_.owner as owner0_,
        document_.text as text0_,
        document_.lastTextModification as lastText7_0_,
        document_.size_mb * 1024.0 as size8_0_,
        upper(document_.name) as formula81_ 
    from
        documents document_ 
    where
        document_.id=?
14:14:33,381 DEBUG SQL:104 - 
    select
        owner0_.id as id3_0_,
        owner0_.name as name3_0_ 
    from
        owners owner0_ 
    where
        owner0_.id=?
14:14:33,381 DEBUG SQL:104 - 
    select
        document0_.id as id0_,
        document0_.name as name0_ 
    from
        documents document0_
14:14:33,382 DEBUG SQL:104 - 
    update
        documents 
    set
        name=? 
    where
        id=?
14:14:33,402 DEBUG SQL:104 - 
    select
        document_.summary as summary0_,
        document_.folder as folder0_,
        document_.owner as owner0_,
        document_.text as text0_,
        document_.lastTextModification as lastText7_0_,
        document_.size_mb * 1024.0 as size8_0_,
        upper(document_.name) as formula81_ 
    from
        documents document_ 
    where
        document_.id=?
14:14:33,402 DEBUG SQL:104 - 
    select
        owner0_.id as id3_0_,
        owner0_.name as name3_0_ 
    from
        owners owner0_ 
    where
        owner0_.id=?
14:14:33,403 DEBUG SQL:104 - 
    update
        documents 
    set
        name=?,
        summary=?,
        folder=?,
        owner=?,
        text=?,
        lastTextModification=?,
        size_mb=? / cast( 1024.0 as float ) 
    where
        id=?
14:14:33,412 DEBUG SQL:104 - 
    select
        document0_.id as id0_,
        document0_.name as name0_ 
    from
        documents document0_
14:14:33,413 DEBUG SQL:104 - 
    select
        document_.summary as summary0_,
        document_.folder as folder0_,
        document_.owner as owner0_,
        document_.text as text0_,
        document_.lastTextModification as lastText7_0_,
        document_.size_mb * 1024.0 as size8_0_,
        upper(document_.name) as formula81_ 
    from
        documents document_ 
    where
        document_.id=?
14:14:33,413 DEBUG SQL:104 - 
    select
        owner0_.id as id3_0_,
        owner0_.name as name3_0_ 
    from
        owners owner0_ 
    where
        owner0_.id=?
14:14:33,422 DEBUG SQL:104 - 
    select
        document0_.id as id0_0_,
        document0_.name as name0_0_ 
    from
        documents document0_ 
    where
        document0_.id=?
14:14:33,423 DEBUG SQL:104 - 
    select
        document0_.id as id0_,
        document0_.name as name0_ 
    from
        documents document0_
14:14:33,423 DEBUG SQL:104 - 
    select
        document_.summary as summary0_,
        document_.folder as folder0_,
        document_.owner as owner0_,
        document_.text as text0_,
        document_.lastTextModification as lastText7_0_,
        document_.size_mb * 1024.0 as size8_0_,
        upper(document_.name) as formula81_ 
    from
        documents document_ 
    where
        document_.id=?
14:14:33,423 DEBUG SQL:104 - 
    select
        owner0_.id as id3_0_,
        owner0_.name as name3_0_ 
    from
        owners owner0_ 
    where
        owner0_.id=?
14:14:33,432 DEBUG SQL:104 - 
    select
        folder0_.id as id2_0_,
        folder0_.name as name2_0_,
        folder0_.parent as parent2_0_ 
    from
        folders folder0_ 
    where
        folder0_.id=?
14:14:33,432 DEBUG SQL:104 - 
    select
        documents0_.folder as folder2_1_,
        documents0_.id as id0_1_,
        documents0_.id as id0_0_,
        documents0_.name as name0_0_ 
    from
        documents documents0_ 
    where
        documents0_.folder=?
14:14:33,433 DEBUG SQL:104 - 
    delete 
    from
        documents 
    where
        id=?
14:14:33,442 DEBUG SQL:104 - 
    delete 
    from
        folders 
    where
        id=?
14:14:33,442 DEBUG SQL:104 - 
    delete 
    from
        owners 
    where
        id=?
14:14:33,443 DEBUG SQL:104 - 
    insert 
    into
        owners
        (name, id) 
    values
        (?, ?)
14:14:33,443 DEBUG SQL:104 - 
    insert 
    into
        folders
        (name, parent, id) 
    values
        (?, ?, ?)
14:14:33,443 DEBUG SQL:104 - 
    insert 
    into
        documents
        (name, summary, folder, owner, text, lastTextModification, size_mb, id) 
    values
        (?, ?, ?, ?, ?, ?, ? / cast( 1024.0 as float ), ?)
14:14:33,483 DEBUG SQL:104 - 
    select
        document0_.id as id0_0_,
        document0_.name as name0_0_ 
    from
        documents document0_ 
    where
        document0_.id=?
14:14:33,484 DEBUG SQL:104 - 
    select
        document_.summary as summary0_,
        document_.folder as folder0_,
        document_.owner as owner0_,
        document_.text as text0_,
        document_.lastTextModification as lastText7_0_,
        document_.size_mb * 1024.0 as size8_0_,
        upper(document_.name) as formula81_ 
    from
        documents document_ 
    where
        document_.id=?
14:14:33,484 DEBUG SQL:104 - 
    select
        owner0_.id as id3_0_,
        owner0_.name as name3_0_ 
    from
        owners owner0_ 
    where
        owner0_.id=?
14:14:33,485 DEBUG SQL:104 - 
    select
        document0_.id as id0_,
        document0_.name as name0_ 
    from
        documents document0_
14:14:33,485 DEBUG SQL:104 - 
    select
        document_.summary as summary0_,
        document_.folder as folder0_,
        document_.owner as owner0_,
        document_.text as text0_,
        document_.lastTextModification as lastText7_0_,
        document_.size_mb * 1024.0 as size8_0_,
        upper(document_.name) as formula81_ 
    from
        documents document_ 
    where
        document_.id=?
14:14:33,485 DEBUG SQL:104 - 
    select
        owner0_.id as id3_0_,
        owner0_.name as name3_0_ 
    from
        owners owner0_ 
    where
        owner0_.id=?
14:14:33,486 DEBUG SQL:104 - 
    select
        document0_.id as id0_,
        document0_.name as name0_ 
    from
        documents document0_
14:14:33,486 DEBUG SQL:104 - 
    select
        document_.summary as summary0_,
        document_.folder as folder0_,
        document_.owner as owner0_,
        document_.text as text0_,
        document_.lastTextModification as lastText7_0_,
        document_.size_mb * 1024.0 as size8_0_,
        upper(document_.name) as formula81_ 
    from
        documents document_ 
    where
        document_.id=?
14:14:33,487 DEBUG SQL:104 - 
    select
        owner0_.id as id3_0_,
        owner0_.name as name3_0_ 
    from
        owners owner0_ 
    where
        owner0_.id=?
14:14:33,488 DEBUG SQL:104 - 
    select
        document0_.id as id0_,
        document0_.name as name0_ 
    from
        documents document0_
14:14:33,488 DEBUG SQL:104 - 
    update
        documents 
    set
        name=? 
    where
        id=?
14:14:33,489 DEBUG SQL:104 - 
    select
        document0_.id as id0_,
        document0_.name as name0_ 
    from
        documents document0_
14:14:33,489 DEBUG SQL:104 - 
    select
        document_.summary as summary0_,
        document_.folder as folder0_,
        document_.owner as owner0_,
        document_.text as text0_,
        document_.lastTextModification as lastText7_0_,
        document_.size_mb * 1024.0 as size8_0_,
        upper(document_.name) as formula81_ 
    from
        documents document_ 
    where
        document_.id=?
14:14:33,489 DEBUG SQL:104 - 
    select
        owner0_.id as id3_0_,
        owner0_.name as name3_0_ 
    from
        owners owner0_ 
    where
        owner0_.id=?
14:14:33,490 DEBUG SQL:104 - 
    select
        document0_.id as id0_,
        document0_.name as name0_ 
    from
        documents document0_
14:14:33,490 DEBUG SQL:104 - 
    select
        document_.summary as summary0_,
        document_.folder as folder0_,
        document_.owner as owner0_,
        document_.text as text0_,
        document_.lastTextModification as lastText7_0_,
        document_.size_mb * 1024.0 as size8_0_,
        upper(document_.name) as formula81_ 
    from
        documents document_ 
    where
        document_.id=?
14:14:33,490 DEBUG SQL:104 - 
    select
        owner0_.id as id3_0_,
        owner0_.name as name3_0_ 
    from
        owners owner0_ 
    where
        owner0_.id=?
14:14:33,516 DEBUG SQL:104 - 
    update
        documents 
    set
        name=?,
        summary=?,
        folder=?,
        owner=?,
        text=?,
        lastTextModification=?,
        size_mb=? / cast( 1024.0 as float ) 
    where
        id=?
14:14:33,517 DEBUG SQL:104 - 
    select
        document0_.id as id0_,
        document0_.name as name0_ 
    from
        documents document0_
14:14:33,518 DEBUG SQL:104 - 
    select
        document_.summary as summary0_,
        document_.folder as folder0_,
        document_.owner as owner0_,
        document_.text as text0_,
        document_.lastTextModification as lastText7_0_,
        document_.size_mb * 1024.0 as size8_0_,
        upper(document_.name) as formula81_ 
    from
        documents document_ 
    where
        document_.id=?
14:14:33,532 DEBUG SQL:104 - 
    select
        owner0_.id as id3_0_,
        owner0_.name as name3_0_ 
    from
        owners owner0_ 
    where
        owner0_.id=?
14:14:33,533 DEBUG SQL:104 - 
    select
        document0_.id as id0_,
        document0_.name as name0_ 
    from
        documents document0_
14:14:33,533 DEBUG SQL:104 - 
    select
        document_.summary as summary0_,
        document_.folder as folder0_,
        document_.owner as owner0_,
        document_.text as text0_,
        document_.lastTextModification as lastText7_0_,
        document_.size_mb * 1024.0 as size8_0_,
        upper(document_.name) as formula81_ 
    from
        documents document_ 
    where
        document_.id=?
14:14:33,534 DEBUG SQL:104 - 
    select
        owner0_.id as id3_0_,
        owner0_.name as name3_0_ 
    from
        owners owner0_ 
    where
        owner0_.id=?
14:14:33,534 DEBUG SQL:104 - 
    select
        document0_.id as id0_,
        document0_.name as name0_ 
    from
        documents document0_
14:14:33,535 DEBUG SQL:104 - 
    update
        documents 
    set
        name=? 
    where
        id=?
14:14:33,535 DEBUG SQL:104 - 
    select
        document_.summary as summary0_,
        document_.folder as folder0_,
        document_.owner as owner0_,
        document_.text as text0_,
        document_.lastTextModification as lastText7_0_,
        document_.size_mb * 1024.0 as size8_0_,
        upper(document_.name) as formula81_ 
    from
        documents document_ 
    where
        document_.id=?
14:14:33,535 DEBUG SQL:104 - 
    select
        owner0_.id as id3_0_,
        owner0_.name as name3_0_ 
    from
        owners owner0_ 
    where
        owner0_.id=?
14:14:33,536 DEBUG SQL:104 - 
    update
        documents 
    set
        name=?,
        summary=?,
        folder=?,
        owner=?,
        text=?,
        lastTextModification=?,
        size_mb=? / cast( 1024.0 as float ) 
    where
        id=?
14:14:33,562 DEBUG SQL:104 - 
    select
        document0_.id as id0_,
        document0_.name as name0_ 
    from
        documents document0_
14:14:33,563 DEBUG SQL:104 - 
    select
        document_.summary as summary0_,
        document_.folder as folder0_,
        document_.owner as owner0_,
        document_.text as text0_,
        document_.lastTextModification as lastText7_0_,
        document_.size_mb * 1024.0 as size8_0_,
        upper(document_.name) as formula81_ 
    from
        documents document_ 
    where
        document_.id=?
14:14:33,575 DEBUG SQL:104 - 
    select
        owner0_.id as id3_0_,
        owner0_.name as name3_0_ 
    from
        owners owner0_ 
    where
        owner0_.id=?
14:14:33,576 DEBUG SQL:104 - 
    select
        document0_.id as id0_0_,
        document0_.name as name0_0_ 
    from
        documents document0_ 
    where
        document0_.id=?
14:14:33,576 DEBUG SQL:104 - 
    select
        document0_.id as id0_,
        document0_.name as name0_ 
    from
        documents document0_
14:14:33,576 DEBUG SQL:104 - 
    select
        document_.summary as summary0_,
        document_.folder as folder0_,
        document_.owner as owner0_,
        document_.text as text0_,
        document_.lastTextModification as lastText7_0_,
        document_.size_mb * 1024.0 as size8_0_,
        upper(document_.name) as formula81_ 
    from
        documents document_ 
    where
        document_.id=?
14:14:33,589 DEBUG SQL:104 - 
    select
        owner0_.id as id3_0_,
        owner0_.name as name3_0_ 
    from
        owners owner0_ 
    where
        owner0_.id=?
14:14:33,590 DEBUG SQL:104 - 
    select
        folder0_.id as id2_0_,
        folder0_.name as name2_0_,
        folder0_.parent as parent2_0_ 
    from
        folders folder0_ 
    where
        folder0_.id=?
14:14:33,590 DEBUG SQL:104 - 
    select
        documents0_.folder as folder2_1_,
        documents0_.id as id0_1_,
        documents0_.id as id0_0_,
        documents0_.name as name0_0_ 
    from
        documents documents0_ 
    where
        documents0_.folder=?
14:14:33,603 DEBUG SQL:104 - 
    delete 
    from
        documents 
    where
        id=?
14:14:33,603 DEBUG SQL:104 - 
    delete 
    from
        folders 
    where
        id=?
14:14:33,604 DEBUG SQL:104 - 
    delete 
    from
        owners 
    where
        id=?
14:14:33,604 DEBUG SQL:104 - 
    insert 
    into
        owners
        (name, id) 
    values
        (?, ?)
14:14:33,605 DEBUG SQL:104 - 
    insert 
    into
        folders
        (name, parent, id) 
    values
        (?, ?, ?)
14:14:33,605 DEBUG SQL:104 - 
    insert 
    into
        documents
        (name, summary, folder, owner, text, lastTextModification, size_mb, id) 
    values
        (?, ?, ?, ?, ?, ?, ? / cast( 1024.0 as float ), ?)
14:14:33,605 DEBUG SQL:104 - 
    select
        document0_.id as id0_0_,
        document0_.name as name0_0_ 
    from
        documents document0_ 
    where
        document0_.id=?
14:14:33,606 DEBUG SQL:104 - 
    select
        document_.summary as summary0_,
        document_.folder as folder0_,
        document_.owner as owner0_,
        document_.text as text0_,
        document_.lastTextModification as lastText7_0_,
        document_.size_mb * 1024.0 as size8_0_,
        upper(document_.name) as formula81_ 
    from
        documents document_ 
    where
        document_.id=?
14:14:33,621 DEBUG SQL:104 - 
    select
        owner0_.id as id3_0_,
        owner0_.name as name3_0_ 
    from
        owners owner0_ 
    where
        owner0_.id=?
14:14:33,622 DEBUG SQL:104 - 
    select
        document0_.id as id0_,
        document0_.name as name0_ 
    from
        documents document0_
14:14:33,622 DEBUG SQL:104 - 
    select
        document_.summary as summary0_,
        document_.folder as folder0_,
        document_.owner as owner0_,
        document_.text as text0_,
        document_.lastTextModification as lastText7_0_,
        document_.size_mb * 1024.0 as size8_0_,
        upper(document_.name) as formula81_ 
    from
        documents document_ 
    where
        document_.id=?
14:14:33,622 DEBUG SQL:104 - 
    select
        owner0_.id as id3_0_,
        owner0_.name as name3_0_ 
    from
        owners owner0_ 
    where
        owner0_.id=?
14:14:33,636 DEBUG SQL:104 - 
    select
        document0_.id as id0_,
        document0_.name as name0_ 
    from
        documents document0_
14:14:33,637 DEBUG SQL:104 - 
    select
        document_.summary as summary0_,
        document_.folder as folder0_,
        document_.owner as owner0_,
        document_.text as text0_,
        document_.lastTextModification as lastText7_0_,
        document_.size_mb * 1024.0 as size8_0_,
        upper(document_.name) as formula81_ 
    from
        documents document_ 
    where
        document_.id=?
14:14:33,637 DEBUG SQL:104 - 
    select
        owner0_.id as id3_0_,
        owner0_.name as name3_0_ 
    from
        owners owner0_ 
    where
        owner0_.id=?
14:14:33,638 DEBUG SQL:104 - 
    select
        document0_.id as id0_,
        document0_.name as name0_ 
    from
        documents document0_
14:14:33,638 DEBUG SQL:104 - 
    update
        documents 
    set
        name=? 
    where
        id=?
14:14:33,638 DEBUG SQL:104 - 
    select
        document0_.id as id0_,
        document0_.name as name0_ 
    from
        documents document0_
14:14:33,733 DEBUG SQL:104 - 
    select
        document_.summary as summary0_,
        document_.folder as folder0_,
        document_.owner as owner0_,
        document_.text as text0_,
        document_.lastTextModification as lastText7_0_,
        document_.size_mb * 1024.0 as size8_0_,
        upper(document_.name) as formula81_ 
    from
        documents document_ 
    where
        document_.id=?
14:14:33,733 DEBUG SQL:104 - 
    select
        owner0_.id as id3_0_,
        owner0_.name as name3_0_ 
    from
        owners owner0_ 
    where
        owner0_.id=?
14:14:33,734 DEBUG SQL:104 - 
    select
        document0_.id as id0_,
        document0_.name as name0_ 
    from
        documents document0_
14:14:33,735 DEBUG SQL:104 - 
    select
        document_.summary as summary0_,
        document_.folder as folder0_,
        document_.owner as owner0_,
        document_.text as text0_,
        document_.lastTextModification as lastText7_0_,
        document_.size_mb * 1024.0 as size8_0_,
        upper(document_.name) as formula81_ 
    from
        documents document_ 
    where
        document_.id=?
14:14:33,735 DEBUG SQL:104 - 
    select
        owner0_.id as id3_0_,
        owner0_.name as name3_0_ 
    from
        owners owner0_ 
    where
        owner0_.id=?
14:14:33,735 DEBUG SQL:104 - 
    update
        documents 
    set
        name=?,
        summary=?,
        folder=?,
        owner=?,
        text=?,
        lastTextModification=?,
        size_mb=? / cast( 1024.0 as float ) 
    where
        id=?
14:14:33,737 DEBUG SQL:104 - 
    select
        document0_.id as id0_,
        document0_.name as name0_ 
    from
        documents document0_
14:14:33,737 DEBUG SQL:104 - 
    select
        document_.summary as summary0_,
        document_.folder as folder0_,
        document_.owner as owner0_,
        document_.text as text0_,
        document_.lastTextModification as lastText7_0_,
        document_.size_mb * 1024.0 as size8_0_,
        upper(document_.name) as formula81_ 
    from
        documents document_ 
    where
        document_.id=?
14:14:33,738 DEBUG SQL:104 - 
    select
        owner0_.id as id3_0_,
        owner0_.name as name3_0_ 
    from
        owners owner0_ 
    where
        owner0_.id=?
14:14:33,738 DEBUG SQL:104 - 
    select
        document0_.id as id0_,
        document0_.name as name0_ 
    from
        documents document0_
14:14:33,739 DEBUG SQL:104 - 
    select
        document_.summary as summary0_,
        document_.folder as folder0_,
        document_.owner as owner0_,
        document_.text as text0_,
        document_.lastTextModification as lastText7_0_,
        document_.size_mb * 1024.0 as size8_0_,
        upper(document_.name) as formula81_ 
    from
        documents document_ 
    where
        document_.id=?
14:14:33,739 DEBUG SQL:104 - 
    select
        owner0_.id as id3_0_,
        owner0_.name as name3_0_ 
    from
        owners owner0_ 
    where
        owner0_.id=?
14:14:33,739 DEBUG SQL:104 - 
    select
        document0_.id as id0_,
        document0_.name as name0_ 
    from
        documents document0_
14:14:33,740 DEBUG SQL:104 - 
    update
        documents 
    set
        name=? 
    where
        id=?
14:14:33,740 DEBUG SQL:104 - 
    select
        document_.summary as summary0_,
        document_.folder as folder0_,
        document_.owner as owner0_,
        document_.text as text0_,
        document_.lastTextModification as lastText7_0_,
        document_.size_mb * 1024.0 as size8_0_,
        upper(document_.name) as formula81_ 
    from
        documents document_ 
    where
        document_.id=?
14:14:33,740 DEBUG SQL:104 - 
    select
        owner0_.id as id3_0_,
        owner0_.name as name3_0_ 
    from
        owners owner0_ 
    where
        owner0_.id=?
14:14:33,741 DEBUG SQL:104 - 
    update
        documents 
    set
        name=?,
        summary=?,
        folder=?,
        owner=?,
        text=?,
        lastTextModification=?,
        size_mb=? / cast( 1024.0 as float ) 
    where
        id=?
14:14:33,741 DEBUG SQL:104 - 
    select
        document0_.id as id0_,
        document0_.name as name0_ 
    from
        documents document0_
14:14:33,741 DEBUG SQL:104 - 
    select
        document_.summary as summary0_,
        document_.folder as folder0_,
        document_.owner as owner0_,
        document_.text as text0_,
        document_.lastTextModification as lastText7_0_,
        document_.size_mb * 1024.0 as size8_0_,
        upper(document_.name) as formula81_ 
    from
        documents document_ 
    where
        document_.id=?
14:14:33,754 DEBUG SQL:104 - 
    select
        owner0_.id as id3_0_,
        owner0_.name as name3_0_ 
    from
        owners owner0_ 
    where
        owner0_.id=?
14:14:33,755 DEBUG SQL:104 - 
    select
        document0_.id as id0_0_,
        document0_.name as name0_0_ 
    from
        documents document0_ 
    where
        document0_.id=?
14:14:33,757 DEBUG SQL:104 - 
    select
        document0_.id as id0_,
        document0_.name as name0_ 
    from
        documents document0_
14:14:33,758 DEBUG SQL:104 - 
    select
        document_.summary as summary0_,
        document_.folder as folder0_,
        document_.owner as owner0_,
        document_.text as text0_,
        document_.lastTextModification as lastText7_0_,
        document_.size_mb * 1024.0 as size8_0_,
        upper(document_.name) as formula81_ 
    from
        documents document_ 
    where
        document_.id=?
14:14:33,758 DEBUG SQL:104 - 
    select
        owner0_.id as id3_0_,
        owner0_.name as name3_0_ 
    from
        owners owner0_ 
    where
        owner0_.id=?
14:14:33,759 DEBUG SQL:104 - 
    select
        folder0_.id as id2_0_,
        folder0_.name as name2_0_,
        folder0_.parent as parent2_0_ 
    from
        folders folder0_ 
    where
        folder0_.id=?
14:14:33,759 DEBUG SQL:104 - 
    select
        documents0_.folder as folder2_1_,
        documents0_.id as id0_1_,
        documents0_.id as id0_0_,
        documents0_.name as name0_0_ 
    from
        documents documents0_ 
    where
        documents0_.folder=?
14:14:33,768 DEBUG SQL:104 - 
    delete 
    from
        documents 
    where
        id=?
14:14:33,769 DEBUG SQL:104 - 
    delete 
    from
        folders 
    where
        id=?
14:14:33,769 DEBUG SQL:104 - 
    delete 
    from
        owners 
    where
        id=?
14:14:33,769 DEBUG SQL:104 - 
    insert 
    into
        owners
        (name, id) 
    values
        (?, ?)
14:14:33,778 DEBUG SQL:104 - 
    insert 
    into
        folders
        (name, parent, id) 
    values
        (?, ?, ?)
14:14:33,779 DEBUG SQL:104 - 
    insert 
    into
        documents
        (name, summary, folder, owner, text, lastTextModification, size_mb, id) 
    values
        (?, ?, ?, ?, ?, ?, ? / cast( 1024.0 as float ), ?)
14:14:33,779 DEBUG SQL:104 - 
    select
        document0_.id as id0_0_,
        document0_.name as name0_0_ 
    from
        documents document0_ 
    where
        document0_.id=?
14:14:33,780 DEBUG SQL:104 - 
    select
        document_.summary as summary0_,
        document_.folder as folder0_,
        document_.owner as owner0_,
        document_.text as text0_,
        document_.lastTextModification as lastText7_0_,
        document_.size_mb * 1024.0 as size8_0_,
        upper(document_.name) as formula81_ 
    from
        documents document_ 
    where
        document_.id=?
14:14:33,780 DEBUG SQL:104 - 
    select
        owner0_.id as id3_0_,
        owner0_.name as name3_0_ 
    from
        owners owner0_ 
    where
        owner0_.id=?
14:14:33,781 DEBUG SQL:104 - 
    select
        document0_.id as id0_,
        document0_.name as name0_ 
    from
        documents document0_
14:14:33,804 DEBUG SQL:104 - 
    select
        document_.summary as summary0_,
        document_.folder as folder0_,
        document_.owner as owner0_,
        document_.text as text0_,
        document_.lastTextModification as lastText7_0_,
        document_.size_mb * 1024.0 as size8_0_,
        upper(document_.name) as formula81_ 
    from
        documents document_ 
    where
        document_.id=?
14:14:33,805 DEBUG SQL:104 - 
    select
        owner0_.id as id3_0_,
        owner0_.name as name3_0_ 
    from
        owners owner0_ 
    where
        owner0_.id=?
14:14:33,805 DEBUG SQL:104 - 
    select
        document0_.id as id0_,
        document0_.name as name0_ 
    from
        documents document0_
14:14:33,814 DEBUG SQL:104 - 
    select
        document_.summary as summary0_,
        document_.folder as folder0_,
        document_.owner as owner0_,
        document_.text as text0_,
        document_.lastTextModification as lastText7_0_,
        document_.size_mb * 1024.0 as size8_0_,
        upper(document_.name) as formula81_ 
    from
        documents document_ 
    where
        document_.id=?
14:14:33,815 DEBUG SQL:104 - 
    select
        owner0_.id as id3_0_,
        owner0_.name as name3_0_ 
    from
        owners owner0_ 
    where
        owner0_.id=?
14:14:33,815 DEBUG SQL:104 - 
    select
        document0_.id as id0_,
        document0_.name as name0_ 
    from
        documents document0_
14:14:33,816 DEBUG SQL:104 - 
    update
        documents 
    set
        name=? 
    where
        id=?
14:14:33,825 DEBUG SQL:104 - 
    select
        document0_.id as id0_,
        document0_.name as name0_ 
    from
        documents document0_
14:14:33,826 DEBUG SQL:104 - 
    select
        document_.summary as summary0_,
        document_.folder as folder0_,
        document_.owner as owner0_,
        document_.text as text0_,
        document_.lastTextModification as lastText7_0_,
        document_.size_mb * 1024.0 as size8_0_,
        upper(document_.name) as formula81_ 
    from
        documents document_ 
    where
        document_.id=?
14:14:33,826 DEBUG SQL:104 - 
    select
        owner0_.id as id3_0_,
        owner0_.name as name3_0_ 
    from
        owners owner0_ 
    where
        owner0_.id=?
14:14:33,837 DEBUG SQL:104 - 
    select
        document0_.id as id0_,
        document0_.name as name0_ 
    from
        documents document0_
14:14:33,837 DEBUG SQL:104 - 
    select
        document_.summary as summary0_,
        document_.folder as folder0_,
        document_.owner as owner0_,
        document_.text as text0_,
        document_.lastTextModification as lastText7_0_,
        document_.size_mb * 1024.0 as size8_0_,
        upper(document_.name) as formula81_ 
    from
        documents document_ 
    where
        document_.id=?
14:14:33,837 DEBUG SQL:104 - 
    select
        owner0_.id as id3_0_,
        owner0_.name as name3_0_ 
    from
        owners owner0_ 
    where
        owner0_.id=?
14:14:33,838 DEBUG SQL:104 - 
    update
        documents 
    set
        name=?,
        summary=?,
        folder=?,
        owner=?,
        text=?,
        lastTextModification=?,
        size_mb=? / cast( 1024.0 as float ) 
    where
        id=?
14:14:33,848 DEBUG SQL:104 - 
    select
        document0_.id as id0_,
        document0_.name as name0_ 
    from
        documents document0_
14:14:33,848 DEBUG SQL:104 - 
    select
        document_.summary as summary0_,
        document_.folder as folder0_,
        document_.owner as owner0_,
        document_.text as text0_,
        document_.lastTextModification as lastText7_0_,
        document_.size_mb * 1024.0 as size8_0_,
        upper(document_.name) as formula81_ 
    from
        documents document_ 
    where
        document_.id=?
14:14:33,849 DEBUG SQL:104 - 
    select
        owner0_.id as id3_0_,
        owner0_.name as name3_0_ 
    from
        owners owner0_ 
    where
        owner0_.id=?
14:14:33,879 DEBUG SQL:104 - 
    select
        document0_.id as id0_,
        document0_.name as name0_ 
    from
        documents document0_
14:14:33,880 DEBUG SQL:104 - 
    select
        document_.summary as summary0_,
        document_.folder as folder0_,
        document_.owner as owner0_,
        document_.text as text0_,
        document_.lastTextModification as lastText7_0_,
        document_.size_mb * 1024.0 as size8_0_,
        upper(document_.name) as formula81_ 
    from
        documents document_ 
    where
        document_.id=?
14:14:33,880 DEBUG SQL:104 - 
    select
        owner0_.id as id3_0_,
        owner0_.name as name3_0_ 
    from
        owners owner0_ 
    where
        owner0_.id=?
14:14:33,881 DEBUG SQL:104 - 
    select
        document0_.id as id0_,
        document0_.name as name0_ 
    from
        documents document0_
14:14:33,881 DEBUG SQL:104 - 
    update
        documents 
    set
        name=? 
    where
        id=?
14:14:33,882 DEBUG SQL:104 - 
    select
        document_.summary as summary0_,
        document_.folder as folder0_,
        document_.owner as owner0_,
        document_.text as text0_,
        document_.lastTextModification as lastText7_0_,
        document_.size_mb * 1024.0 as size8_0_,
        upper(document_.name) as formula81_ 
    from
        documents document_ 
    where
        document_.id=?
14:14:33,882 DEBUG SQL:104 - 
    select
        owner0_.id as id3_0_,
        owner0_.name as name3_0_ 
    from
        owners owner0_ 
    where
        owner0_.id=?
14:14:33,883 DEBUG SQL:104 - 
    update
        documents 
    set
        name=?,
        summary=?,
        folder=?,
        owner=?,
        text=?,
        lastTextModification=?,
        size_mb=? / cast( 1024.0 as float ) 
    where
        id=?
14:14:33,883 DEBUG SQL:104 - 
    select
        document0_.id as id0_,
        document0_.name as name0_ 
    from
        documents document0_
14:14:33,883 DEBUG SQL:104 - 
    select
        document_.summary as summary0_,
        document_.folder as folder0_,
        document_.owner as owner0_,
        document_.text as text0_,
        document_.lastTextModification as lastText7_0_,
        document_.size_mb * 1024.0 as size8_0_,
        upper(document_.name) as formula81_ 
    from
        documents document_ 
    where
        document_.id=?
14:14:33,884 DEBUG SQL:104 - 
    select
        owner0_.id as id3_0_,
        owner0_.name as name3_0_ 
    from
        owners owner0_ 
    where
        owner0_.id=?
14:14:33,884 DEBUG SQL:104 - 
    select
        document0_.id as id0_0_,
        document0_.name as name0_0_ 
    from
        documents document0_ 
    where
        document0_.id=?
14:14:33,893 DEBUG SQL:104 - 
    select
        document0_.id as id0_,
        document0_.name as name0_ 
    from
        documents document0_
14:14:33,893 DEBUG SQL:104 - 
    select
        document_.summary as summary0_,
        document_.folder as folder0_,
        document_.owner as owner0_,
        document_.text as text0_,
        document_.lastTextModification as lastText7_0_,
        document_.size_mb * 1024.0 as size8_0_,
        upper(document_.name) as formula81_ 
    from
        documents document_ 
    where
        document_.id=?
14:14:33,894 DEBUG SQL:104 - 
    select
        owner0_.id as id3_0_,
        owner0_.name as name3_0_ 
    from
        owners owner0_ 
    where
        owner0_.id=?
14:14:33,894 DEBUG SQL:104 - 
    select
        folder0_.id as id2_0_,
        folder0_.name as name2_0_,
        folder0_.parent as parent2_0_ 
    from
        folders folder0_ 
    where
        folder0_.id=?
14:14:33,903 DEBUG SQL:104 - 
    select
        documents0_.folder as folder2_1_,
        documents0_.id as id0_1_,
        documents0_.id as id0_0_,
        documents0_.name as name0_0_ 
    from
        documents documents0_ 
    where
        documents0_.folder=?
14:14:33,904 DEBUG SQL:104 - 
    delete 
    from
        documents 
    where
        id=?
14:14:33,904 DEBUG SQL:104 - 
    delete 
    from
        folders 
    where
        id=?
14:14:33,905 DEBUG SQL:104 - 
    delete 
    from
        owners 
    where
        id=?
14:14:33,905 DEBUG SQL:104 - 
    insert 
    into
        owners
        (name, id) 
    values
        (?, ?)
14:14:33,906 DEBUG SQL:104 - 
    insert 
    into
        folders
        (name, parent, id) 
    values
        (?, ?, ?)
14:14:33,926 DEBUG SQL:104 - 
    insert 
    into
        documents
        (name, summary, folder, owner, text, lastTextModification, size_mb, id) 
    values
        (?, ?, ?, ?, ?, ?, ? / cast( 1024.0 as float ), ?)
14:14:33,927 DEBUG SQL:104 - 
    select
        document0_.id as id0_0_,
        document0_.name as name0_0_ 
    from
        documents document0_ 
    where
        document0_.id=?
14:14:33,927 DEBUG SQL:104 - 
    select
        document_.summary as summary0_,
        document_.folder as folder0_,
        document_.owner as owner0_,
        document_.text as text0_,
        document_.lastTextModification as lastText7_0_,
        document_.size_mb * 1024.0 as size8_0_,
        upper(document_.name) as formula81_ 
    from
        documents document_ 
    where
        document_.id=?
14:14:33,936 DEBUG SQL:104 - 
    select
        owner0_.id as id3_0_,
        owner0_.name as name3_0_ 
    from
        owners owner0_ 
    where
        owner0_.id=?
14:14:33,937 DEBUG SQL:104 - 
    select
        document0_.id as id0_,
        document0_.name as name0_ 
    from
        documents document0_
14:14:33,938 DEBUG SQL:104 - 
    select
        document_.summary as summary0_,
        document_.folder as folder0_,
        document_.owner as owner0_,
        document_.text as text0_,
        document_.lastTextModification as lastText7_0_,
        document_.size_mb * 1024.0 as size8_0_,
        upper(document_.name) as formula81_ 
    from
        documents document_ 
    where
        document_.id=?
14:14:33,938 DEBUG SQL:104 - 
    select
        owner0_.id as id3_0_,
        owner0_.name as name3_0_ 
    from
        owners owner0_ 
    where
        owner0_.id=?
14:14:33,949 DEBUG SQL:104 - 
    select
        document0_.id as id0_,
        document0_.name as name0_ 
    from
        documents document0_
14:14:33,950 DEBUG SQL:104 - 
    select
        document_.summary as summary0_,
        document_.folder as folder0_,
        document_.owner as owner0_,
        document_.text as text0_,
        document_.lastTextModification as lastText7_0_,
        document_.size_mb * 1024.0 as size8_0_,
        upper(document_.name) as formula81_ 
    from
        documents document_ 
    where
        document_.id=?
14:14:33,950 DEBUG SQL:104 - 
    select
        owner0_.id as id3_0_,
        owner0_.name as name3_0_ 
    from
        owners owner0_ 
    where
        owner0_.id=?
14:14:33,959 DEBUG SQL:104 - 
    select
        document0_.id as id0_,
        document0_.name as name0_ 
    from
        documents document0_
14:14:33,960 DEBUG SQL:104 - 
    update
        documents 
    set
        name=? 
    where
        id=?
14:14:33,960 DEBUG SQL:104 - 
    select
        document0_.id as id0_,
        document0_.name as name0_ 
    from
        documents document0_
14:14:33,960 DEBUG SQL:104 - 
    select
        document_.summary as summary0_,
        document_.folder as folder0_,
        document_.owner as owner0_,
        document_.text as text0_,
        document_.lastTextModification as lastText7_0_,
        document_.size_mb * 1024.0 as size8_0_,
        upper(document_.name) as formula81_ 
    from
        documents document_ 
    where
        document_.id=?
14:14:33,969 DEBUG SQL:104 - 
    select
        owner0_.id as id3_0_,
        owner0_.name as name3_0_ 
    from
        owners owner0_ 
    where
        owner0_.id=?
14:14:33,970 DEBUG SQL:104 - 
    select
        document0_.id as id0_,
        document0_.name as name0_ 
    from
        documents document0_
14:14:33,970 DEBUG SQL:104 - 
    select
        document_.summary as summary0_,
        document_.folder as folder0_,
        document_.owner as owner0_,
        document_.text as text0_,
        document_.lastTextModification as lastText7_0_,
        document_.size_mb * 1024.0 as size8_0_,
        upper(document_.name) as formula81_ 
    from
        documents document_ 
    where
        document_.id=?
14:14:33,983 DEBUG SQL:104 - 
    select
        owner0_.id as id3_0_,
        owner0_.name as name3_0_ 
    from
        owners owner0_ 
    where
        owner0_.id=?
14:14:33,984 DEBUG SQL:104 - 
    update
        documents 
    set
        name=?,
        summary=?,
        folder=?,
        owner=?,
        text=?,
        lastTextModification=?,
        size_mb=? / cast( 1024.0 as float ) 
    where
        id=?
14:14:33,985 DEBUG SQL:104 - 
    select
        document0_.id as id0_,
        document0_.name as name0_ 
    from
        documents document0_
14:14:33,986 DEBUG SQL:104 - 
    select
        document_.summary as summary0_,
        document_.folder as folder0_,
        document_.owner as owner0_,
        document_.text as text0_,
        document_.lastTextModification as lastText7_0_,
        document_.size_mb * 1024.0 as size8_0_,
        upper(document_.name) as formula81_ 
    from
        documents document_ 
    where
        document_.id=?
14:14:33,995 DEBUG SQL:104 - 
    select
        owner0_.id as id3_0_,
        owner0_.name as name3_0_ 
    from
        owners owner0_ 
    where
        owner0_.id=?
14:14:33,996 DEBUG SQL:104 - 
    select
        document0_.id as id0_,
        document0_.name as name0_ 
    from
        documents document0_
14:14:33,996 DEBUG SQL:104 - 
    select
        document_.summary as summary0_,
        document_.folder as folder0_,
        document_.owner as owner0_,
        document_.text as text0_,
        document_.lastTextModification as lastText7_0_,
        document_.size_mb * 1024.0 as size8_0_,
        upper(document_.name) as formula81_ 
    from
        documents document_ 
    where
        document_.id=?
14:14:33,997 DEBUG SQL:104 - 
    select
        owner0_.id as id3_0_,
        owner0_.name as name3_0_ 
    from
        owners owner0_ 
    where
        owner0_.id=?
14:14:33,997 DEBUG SQL:104 - 
    select
        document0_.id as id0_,
        document0_.name as name0_ 
    from
        documents document0_
14:14:33,998 DEBUG SQL:104 - 
    update
        documents 
    set
        name=? 
    where
        id=?
14:14:33,998 DEBUG SQL:104 - 
    select
        document_.summary as summary0_,
        document_.folder as folder0_,
        document_.owner as owner0_,
        document_.text as text0_,
        document_.lastTextModification as lastText7_0_,
        document_.size_mb * 1024.0 as size8_0_,
        upper(document_.name) as formula81_ 
    from
        documents document_ 
    where
        document_.id=?
14:14:34,007 DEBUG SQL:104 - 
    select
        owner0_.id as id3_0_,
        owner0_.name as name3_0_ 
    from
        owners owner0_ 
    where
        owner0_.id=?
14:14:34,008 DEBUG SQL:104 - 
    update
        documents 
    set
        name=?,
        summary=?,
        folder=?,
        owner=?,
        text=?,
        lastTextModification=?,
        size_mb=? / cast( 1024.0 as float ) 
    where
        id=?
14:14:34,018 DEBUG SQL:104 - 
    select
        document0_.id as id0_,
        document0_.name as name0_ 
    from
        documents document0_
14:14:34,019 DEBUG SQL:104 - 
    select
        document_.summary as summary0_,
        document_.folder as folder0_,
        document_.owner as owner0_,
        document_.text as text0_,
        document_.lastTextModification as lastText7_0_,
        document_.size_mb * 1024.0 as size8_0_,
        upper(document_.name) as formula81_ 
    from
        documents document_ 
    where
        document_.id=?
14:14:34,019 DEBUG SQL:104 - 
    select
        owner0_.id as id3_0_,
        owner0_.name as name3_0_ 
    from
        owners owner0_ 
    where
        owner0_.id=?
14:14:34,020 DEBUG SQL:104 - 
    select
        document0_.id as id0_0_,
        document0_.name as name0_0_ 
    from
        documents document0_ 
    where
        document0_.id=?
14:14:34,020 DEBUG SQL:104 - 
    select
        document0_.id as id0_,
        document0_.name as name0_ 
    from
        documents document0_
14:14:34,021 DEBUG SQL:104 - 
    select
        document_.summary as summary0_,
        document_.folder as folder0_,
        document_.owner as owner0_,
        document_.text as text0_,
        document_.lastTextModification as lastText7_0_,
        document_.size_mb * 1024.0 as size8_0_,
        upper(document_.name) as formula81_ 
    from
        documents document_ 
    where
        document_.id=?
14:14:34,041 DEBUG SQL:104 - 
    select
        owner0_.id as id3_0_,
        owner0_.name as name3_0_ 
    from
        owners owner0_ 
    where
        owner0_.id=?
14:14:34,042 DEBUG SQL:104 - 
    select
        folder0_.id as id2_0_,
        folder0_.name as name2_0_,
        folder0_.parent as parent2_0_ 
    from
        folders folder0_ 
    where
        folder0_.id=?
14:14:34,042 DEBUG SQL:104 - 
    select
        documents0_.folder as folder2_1_,
        documents0_.id as id0_1_,
        documents0_.id as id0_0_,
        documents0_.name as name0_0_ 
    from
        documents documents0_ 
    where
        documents0_.folder=?
14:14:34,051 DEBUG SQL:104 - 
    delete 
    from
        documents 
    where
        id=?
14:14:34,052 DEBUG SQL:104 - 
    delete 
    from
        folders 
    where
        id=?
14:14:34,052 DEBUG SQL:104 - 
    delete 
    from
        owners 
    where
        id=?
14:14:34,053 DEBUG SQL:104 - 
    insert 
    into
        owners
        (name, id) 
    values
        (?, ?)
14:14:34,061 DEBUG SQL:104 - 
    insert 
    into
        folders
        (name, parent, id) 
    values
        (?, ?, ?)
14:14:34,061 DEBUG SQL:104 - 
    insert 
    into
        documents
        (name, summary, folder, owner, text, lastTextModification, size_mb, id) 
    values
        (?, ?, ?, ?, ?, ?, ? / cast( 1024.0 as float ), ?)
14:14:34,062 DEBUG SQL:104 - 
    select
        document0_.id as id0_0_,
        document0_.name as name0_0_ 
    from
        documents document0_ 
    where
        document0_.id=?
14:14:34,062 DEBUG SQL:104 - 
    select
        document_.summary as summary0_,
        document_.folder as folder0_,
        document_.owner as owner0_,
        document_.text as text0_,
        document_.lastTextModification as lastText7_0_,
        document_.size_mb * 1024.0 as size8_0_,
        upper(document_.name) as formula81_ 
    from
        documents document_ 
    where
        document_.id=?
14:14:34,071 DEBUG SQL:104 - 
    select
        owner0_.id as id3_0_,
        owner0_.name as name3_0_ 
    from
        owners owner0_ 
    where
        owner0_.id=?
14:14:34,072 DEBUG SQL:104 - 
    select
        document0_.id as id0_,
        document0_.name as name0_ 
    from
        documents document0_
14:14:34,073 DEBUG SQL:104 - 
    select
        document_.summary as summary0_,
        document_.folder as folder0_,
        document_.owner as owner0_,
        document_.text as text0_,
        document_.lastTextModification as lastText7_0_,
        document_.size_mb * 1024.0 as size8_0_,
        upper(document_.name) as formula81_ 
    from
        documents document_ 
    where
        document_.id=?
14:14:34,081 DEBUG SQL:104 - 
    select
        owner0_.id as id3_0_,
        owner0_.name as name3_0_ 
    from
        owners owner0_ 
    where
        owner0_.id=?
14:14:34,082 DEBUG SQL:104 - 
    select
        document0_.id as id0_,
        document0_.name as name0_ 
    from
        documents document0_
14:14:34,082 DEBUG SQL:104 - 
    select
        document_.summary as summary0_,
        document_.folder as folder0_,
        document_.owner as owner0_,
        document_.text as text0_,
        document_.lastTextModification as lastText7_0_,
        document_.size_mb * 1024.0 as size8_0_,
        upper(document_.name) as formula81_ 
    from
        documents document_ 
    where
        document_.id=?
14:14:34,083 DEBUG SQL:104 - 
    select
        owner0_.id as id3_0_,
        owner0_.name as name3_0_ 
    from
        owners owner0_ 
    where
        owner0_.id=?
14:14:34,093 DEBUG SQL:104 - 
    select
        document0_.id as id0_,
        document0_.name as name0_ 
    from
        documents document0_
14:14:34,093 DEBUG SQL:104 - 
    update
        documents 
    set
        name=? 
    where
        id=?
14:14:34,094 DEBUG SQL:104 - 
    select
        document0_.id as id0_,
        document0_.name as name0_ 
    from
        documents document0_
14:14:34,094 DEBUG SQL:104 - 
    select
        document_.summary as summary0_,
        document_.folder as folder0_,
        document_.owner as owner0_,
        document_.text as text0_,
        document_.lastTextModification as lastText7_0_,
        document_.size_mb * 1024.0 as size8_0_,
        upper(document_.name) as formula81_ 
    from
        documents document_ 
    where
        document_.id=?
14:14:34,104 DEBUG SQL:104 - 
    select
        owner0_.id as id3_0_,
        owner0_.name as name3_0_ 
    from
        owners owner0_ 
    where
        owner0_.id=?
14:14:34,104 DEBUG SQL:104 - 
    select
        document0_.id as id0_,
        document0_.name as name0_ 
    from
        documents document0_
14:14:34,105 DEBUG SQL:104 - 
    select
        document_.summary as summary0_,
        document_.folder as folder0_,
        document_.owner as owner0_,
        document_.text as text0_,
        document_.lastTextModification as lastText7_0_,
        document_.size_mb * 1024.0 as size8_0_,
        upper(document_.name) as formula81_ 
    from
        documents document_ 
    where
        document_.id=?
14:14:34,114 DEBUG SQL:104 - 
    select
        owner0_.id as id3_0_,
        owner0_.name as name3_0_ 
    from
        owners owner0_ 
    where
        owner0_.id=?
14:14:34,115 DEBUG SQL:104 - 
    update
        documents 
    set
        name=?,
        summary=?,
        folder=?,
        owner=?,
        text=?,
        lastTextModification=?,
        size_mb=? / cast( 1024.0 as float ) 
    where
        id=?
14:14:34,116 DEBUG SQL:104 - 
    select
        document0_.id as id0_,
        document0_.name as name0_ 
    from
        documents document0_
14:14:34,126 DEBUG SQL:104 - 
    select
        document_.summary as summary0_,
        document_.folder as folder0_,
        document_.owner as owner0_,
        document_.text as text0_,
        document_.lastTextModification as lastText7_0_,
        document_.size_mb * 1024.0 as size8_0_,
        upper(document_.name) as formula81_ 
    from
        documents document_ 
    where
        document_.id=?
14:14:34,126 DEBUG SQL:104 - 
    select
        owner0_.id as id3_0_,
        owner0_.name as name3_0_ 
    from
        owners owner0_ 
    where
        owner0_.id=?
14:14:34,127 DEBUG SQL:104 - 
    select
        document0_.id as id0_,
        document0_.name as name0_ 
    from
        documents document0_
14:14:34,127 DEBUG SQL:104 - 
    select
        document_.summary as summary0_,
        document_.folder as folder0_,
        document_.owner as owner0_,
        document_.text as text0_,
        document_.lastTextModification as lastText7_0_,
        document_.size_mb * 1024.0 as size8_0_,
        upper(document_.name) as formula81_ 
    from
        documents document_ 
    where
        document_.id=?
14:14:34,128 DEBUG SQL:104 - 
    select
        owner0_.id as id3_0_,
        owner0_.name as name3_0_ 
    from
        owners owner0_ 
    where
        owner0_.id=?
14:14:34,128 DEBUG SQL:104 - 
    select
        document0_.id as id0_,
        document0_.name as name0_ 
    from
        documents document0_
14:14:34,129 DEBUG SQL:104 - 
    update
        documents 
    set
        name=? 
    where
        id=?
14:14:34,140 DEBUG SQL:104 - 
    select
        document_.summary as summary0_,
        document_.folder as folder0_,
        document_.owner as owner0_,
        document_.text as text0_,
        document_.lastTextModification as lastText7_0_,
        document_.size_mb * 1024.0 as size8_0_,
        upper(document_.name) as formula81_ 
    from
        documents document_ 
    where
        document_.id=?
14:14:34,140 DEBUG SQL:104 - 
    select
        owner0_.id as id3_0_,
        owner0_.name as name3_0_ 
    from
        owners owner0_ 
    where
        owner0_.id=?
14:14:34,141 DEBUG SQL:104 - 
    update
        documents 
    set
        name=?,
        summary=?,
        folder=?,
        owner=?,
        text=?,
        lastTextModification=?,
        size_mb=? / cast( 1024.0 as float ) 
    where
        id=?
14:14:34,150 DEBUG SQL:104 - 
    select
        document0_.id as id0_,
        document0_.name as name0_ 
    from
        documents document0_
14:14:34,150 DEBUG SQL:104 - 
    select
        document_.summary as summary0_,
        document_.folder as folder0_,
        document_.owner as owner0_,
        document_.text as text0_,
        document_.lastTextModification as lastText7_0_,
        document_.size_mb * 1024.0 as size8_0_,
        upper(document_.name) as formula81_ 
    from
        documents document_ 
    where
        document_.id=?
14:14:34,150 DEBUG SQL:104 - 
    select
        owner0_.id as id3_0_,
        owner0_.name as name3_0_ 
    from
        owners owner0_ 
    where
        owner0_.id=?
14:14:34,151 DEBUG SQL:104 - 
    select
        document0_.id as id0_0_,
        document0_.name as name0_0_ 
    from
        documents document0_ 
    where
        document0_.id=?
14:14:34,151 DEBUG SQL:104 - 
    select
        document0_.id as id0_,
        document0_.name as name0_ 
    from
        documents document0_
14:14:34,171 DEBUG SQL:104 - 
    select
        document_.summary as summary0_,
        document_.folder as folder0_,
        document_.owner as owner0_,
        document_.text as text0_,
        document_.lastTextModification as lastText7_0_,
        document_.size_mb * 1024.0 as size8_0_,
        upper(document_.name) as formula81_ 
    from
        documents document_ 
    where
        document_.id=?
14:14:34,172 DEBUG SQL:104 - 
    select
        owner0_.id as id3_0_,
        owner0_.name as name3_0_ 
    from
        owners owner0_ 
    where
        owner0_.id=?
14:14:34,172 DEBUG SQL:104 - 
    select
        folder0_.id as id2_0_,
        folder0_.name as name2_0_,
        folder0_.parent as parent2_0_ 
    from
        folders folder0_ 
    where
        folder0_.id=?
14:14:34,182 DEBUG SQL:104 - 
    select
        documents0_.folder as folder2_1_,
        documents0_.id as id0_1_,
        documents0_.id as id0_0_,
        documents0_.name as name0_0_ 
    from
        documents documents0_ 
    where
        documents0_.folder=?
14:14:34,182 DEBUG SQL:104 - 
    delete 
    from
        documents 
    where
        id=?
14:14:34,183 DEBUG SQL:104 - 
    delete 
    from
        folders 
    where
        id=?
14:14:34,183 DEBUG SQL:104 - 
    delete 
    from
        owners 
    where
        id=?
14:14:34,184 DEBUG SQL:104 - 
    insert 
    into
        owners
        (name, id) 
    values
        (?, ?)
14:14:34,192 DEBUG SQL:104 - 
    insert 
    into
        folders
        (name, parent, id) 
    values
        (?, ?, ?)
14:14:34,192 DEBUG SQL:104 - 
    insert 
    into
        documents
        (name, summary, folder, owner, text, lastTextModification, size_mb, id) 
    values
        (?, ?, ?, ?, ?, ?, ? / cast( 1024.0 as float ), ?)
14:14:34,193 DEBUG SQL:104 - 
    select
        document0_.id as id0_0_,
        document0_.name as name0_0_ 
    from
        documents document0_ 
    where
        document0_.id=?
14:14:34,193 DEBUG SQL:104 - 
    select
        document_.summary as summary0_,
        document_.folder as folder0_,
        document_.owner as owner0_,
        document_.text as text0_,
        document_.lastTextModification as lastText7_0_,
        document_.size_mb * 1024.0 as size8_0_,
        upper(document_.name) as formula81_ 
    from
        documents document_ 
    where
        document_.id=?
14:14:34,203 DEBUG SQL:104 - 
    select
        owner0_.id as id3_0_,
        owner0_.name as name3_0_ 
    from
        owners owner0_ 
    where
        owner0_.id=?
14:14:34,204 DEBUG SQL:104 - 
    select
        document0_.id as id0_,
        document0_.name as name0_ 
    from
        documents document0_
14:14:34,205 DEBUG SQL:104 - 
    select
        document_.summary as summary0_,
        document_.folder as folder0_,
        document_.owner as owner0_,
        document_.text as text0_,
        document_.lastTextModification as lastText7_0_,
        document_.size_mb * 1024.0 as size8_0_,
        upper(document_.name) as formula81_ 
    from
        documents document_ 
    where
        document_.id=?
14:14:34,214 DEBUG SQL:104 - 
    select
        owner0_.id as id3_0_,
        owner0_.name as name3_0_ 
    from
        owners owner0_ 
    where
        owner0_.id=?
14:14:34,215 DEBUG SQL:104 - 
    select
        document0_.id as id0_,
        document0_.name as name0_ 
    from
        documents document0_
14:14:34,215 DEBUG SQL:104 - 
    select
        document_.summary as summary0_,
        document_.folder as folder0_,
        document_.owner as owner0_,
        document_.text as text0_,
        document_.lastTextModification as lastText7_0_,
        document_.size_mb * 1024.0 as size8_0_,
        upper(document_.name) as formula81_ 
    from
        documents document_ 
    where
        document_.id=?
14:14:34,225 DEBUG SQL:104 - 
    select
        owner0_.id as id3_0_,
        owner0_.name as name3_0_ 
    from
        owners owner0_ 
    where
        owner0_.id=?
14:14:34,226 DEBUG SQL:104 - 
    select
        document0_.id as id0_,
        document0_.name as name0_ 
    from
        documents document0_
14:14:34,226 DEBUG SQL:104 - 
    update
        documents 
    set
        name=? 
    where
        id=?
14:14:34,227 DEBUG SQL:104 - 
    select
        document0_.id as id0_,
        document0_.name as name0_ 
    from
        documents document0_
14:14:34,227 DEBUG SQL:104 - 
    select
        document_.summary as summary0_,
        document_.folder as folder0_,
        document_.owner as owner0_,
        document_.text as text0_,
        document_.lastTextModification as lastText7_0_,
        document_.size_mb * 1024.0 as size8_0_,
        upper(document_.name) as formula81_ 
    from
        documents document_ 
    where
        document_.id=?
14:14:34,235 DEBUG SQL:104 - 
    select
        owner0_.id as id3_0_,
        owner0_.name as name3_0_ 
    from
        owners owner0_ 
    where
        owner0_.id=?
14:14:34,236 DEBUG SQL:104 - 
    select
        document0_.id as id0_,
        document0_.name as name0_ 
    from
        documents document0_
14:14:34,237 DEBUG SQL:104 - 
    select
        document_.summary as summary0_,
        document_.folder as folder0_,
        document_.owner as owner0_,
        document_.text as text0_,
        document_.lastTextModification as lastText7_0_,
        document_.size_mb * 1024.0 as size8_0_,
        upper(document_.name) as formula81_ 
    from
        documents document_ 
    where
        document_.id=?
14:14:34,246 DEBUG SQL:104 - 
    select
        owner0_.id as id3_0_,
        owner0_.name as name3_0_ 
    from
        owners owner0_ 
    where
        owner0_.id=?
14:14:34,247 DEBUG SQL:104 - 
    update
        documents 
    set
        name=?,
        summary=?,
        folder=?,
        owner=?,
        text=?,
        lastTextModification=?,
        size_mb=? / cast( 1024.0 as float ) 
    where
        id=?
14:14:34,248 DEBUG SQL:104 - 
    select
        document0_.id as id0_,
        document0_.name as name0_ 
    from
        documents document0_
14:14:34,248 DEBUG SQL:104 - 
    select
        document_.summary as summary0_,
        document_.folder as folder0_,
        document_.owner as owner0_,
        document_.text as text0_,
        document_.lastTextModification as lastText7_0_,
        document_.size_mb * 1024.0 as size8_0_,
        upper(document_.name) as formula81_ 
    from
        documents document_ 
    where
        document_.id=?
14:14:34,248 DEBUG SQL:104 - 
    select
        owner0_.id as id3_0_,
        owner0_.name as name3_0_ 
    from
        owners owner0_ 
    where
        owner0_.id=?
14:14:34,249 DEBUG SQL:104 - 
    select
        document0_.id as id0_,
        document0_.name as name0_ 
    from
        documents document0_
14:14:34,301 DEBUG SQL:104 - 
    select
        document_.summary as summary0_,
        document_.folder as folder0_,
        document_.owner as owner0_,
        document_.text as text0_,
        document_.lastTextModification as lastText7_0_,
        document_.size_mb * 1024.0 as size8_0_,
        upper(document_.name) as formula81_ 
    from
        documents document_ 
    where
        document_.id=?
14:14:34,302 DEBUG SQL:104 - 
    select
        owner0_.id as id3_0_,
        owner0_.name as name3_0_ 
    from
        owners owner0_ 
    where
        owner0_.id=?
14:14:34,303 DEBUG SQL:104 - 
    select
        document0_.id as id0_,
        document0_.name as name0_ 
    from
        documents document0_
14:14:34,304 DEBUG SQL:104 - 
    update
        documents 
    set
        name=? 
    where
        id=?
14:14:34,304 DEBUG SQL:104 - 
    select
        document_.summary as summary0_,
        document_.folder as folder0_,
        document_.owner as owner0_,
        document_.text as text0_,
        document_.lastTextModification as lastText7_0_,
        document_.size_mb * 1024.0 as size8_0_,
        upper(document_.name) as formula81_ 
    from
        documents document_ 
    where
        document_.id=?
14:14:34,304 DEBUG SQL:104 - 
    select
        owner0_.id as id3_0_,
        owner0_.name as name3_0_ 
    from
        owners owner0_ 
    where
        owner0_.id=?
14:14:34,305 DEBUG SQL:104 - 
    update
        documents 
    set
        name=?,
        summary=?,
        folder=?,
        owner=?,
        text=?,
        lastTextModification=?,
        size_mb=? / cast( 1024.0 as float ) 
    where
        id=?
14:14:34,305 DEBUG SQL:104 - 
    select
        document0_.id as id0_,
        document0_.name as name0_ 
    from
        documents document0_
14:14:34,316 DEBUG SQL:104 - 
    select
        document_.summary as summary0_,
        document_.folder as folder0_,
        document_.owner as owner0_,
        document_.text as text0_,
        document_.lastTextModification as lastText7_0_,
        document_.size_mb * 1024.0 as size8_0_,
        upper(document_.name) as formula81_ 
    from
        documents document_ 
    where
        document_.id=?
14:14:34,316 DEBUG SQL:104 - 
    select
        owner0_.id as id3_0_,
        owner0_.name as name3_0_ 
    from
        owners owner0_ 
    where
        owner0_.id=?
14:14:34,317 DEBUG SQL:104 - 
    select
        document0_.id as id0_0_,
        document0_.name as name0_0_ 
    from
        documents document0_ 
    where
        document0_.id=?
14:14:34,318 DEBUG SQL:104 - 
    select
        document0_.id as id0_,
        document0_.name as name0_ 
    from
        documents document0_
14:14:34,326 DEBUG SQL:104 - 
    select
        document_.summary as summary0_,
        document_.folder as folder0_,
        document_.owner as owner0_,
        document_.text as text0_,
        document_.lastTextModification as lastText7_0_,
        document_.size_mb * 1024.0 as size8_0_,
        upper(document_.name) as formula81_ 
    from
        documents document_ 
    where
        document_.id=?
14:14:34,327 DEBUG SQL:104 - 
    select
        owner0_.id as id3_0_,
        owner0_.name as name3_0_ 
    from
        owners owner0_ 
    where
        owner0_.id=?
14:14:34,328 DEBUG SQL:104 - 
    select
        folder0_.id as id2_0_,
        folder0_.name as name2_0_,
        folder0_.parent as parent2_0_ 
    from
        folders folder0_ 
    where
        folder0_.id=?
14:14:34,337 DEBUG SQL:104 - 
    select
        documents0_.folder as folder2_1_,
        documents0_.id as id0_1_,
        documents0_.id as id0_0_,
        documents0_.name as name0_0_ 
    from
        documents documents0_ 
    where
        documents0_.folder=?
14:14:34,338 DEBUG SQL:104 - 
    delete 
    from
        documents 
    where
        id=?
14:14:34,339 DEBUG SQL:104 - 
    delete 
    from
        folders 
    where
        id=?
14:14:34,340 DEBUG SQL:104 - 
    delete 
    from
        owners 
    where
        id=?
14:14:34,340 DEBUG SQL:104 - 
    insert 
    into
        owners
        (name, id) 
    values
        (?, ?)
14:14:34,341 DEBUG SQL:104 - 
    insert 
    into
        folders
        (name, parent, id) 
    values
        (?, ?, ?)
14:14:34,341 DEBUG SQL:104 - 
    insert 
    into
        documents
        (name, summary, folder, owner, text, lastTextModification, size_mb, id) 
    values
        (?, ?, ?, ?, ?, ?, ? / cast( 1024.0 as float ), ?)
14:14:34,341 DEBUG SQL:104 - 
    select
        document0_.id as id0_0_,
        document0_.name as name0_0_ 
    from
        documents document0_ 
    where
        document0_.id=?
14:14:34,342 DEBUG SQL:104 - 
    select
        document_.summary as summary0_,
        document_.folder as folder0_,
        document_.owner as owner0_,
        document_.text as text0_,
        document_.lastTextModification as lastText7_0_,
        document_.size_mb * 1024.0 as size8_0_,
        upper(document_.name) as formula81_ 
    from
        documents document_ 
    where
        document_.id=?
14:14:34,363 DEBUG SQL:104 - 
    select
        owner0_.id as id3_0_,
        owner0_.name as name3_0_ 
    from
        owners owner0_ 
    where
        owner0_.id=?
14:14:34,364 DEBUG SQL:104 - 
    select
        document0_.id as id0_,
        document0_.name as name0_ 
    from
        documents document0_
14:14:34,364 DEBUG SQL:104 - 
    select
        document_.summary as summary0_,
        document_.folder as folder0_,
        document_.owner as owner0_,
        document_.text as text0_,
        document_.lastTextModification as lastText7_0_,
        document_.size_mb * 1024.0 as size8_0_,
        upper(document_.name) as formula81_ 
    from
        documents document_ 
    where
        document_.id=?
14:14:34,364 DEBUG SQL:104 - 
    select
        owner0_.id as id3_0_,
        owner0_.name as name3_0_ 
    from
        owners owner0_ 
    where
        owner0_.id=?
14:14:34,375 DEBUG SQL:104 - 
    select
        document0_.id as id0_,
        document0_.name as name0_ 
    from
        documents document0_
14:14:34,375 DEBUG SQL:104 - 
    select
        document_.summary as summary0_,
        document_.folder as folder0_,
        document_.owner as owner0_,
        document_.text as text0_,
        document_.lastTextModification as lastText7_0_,
        document_.size_mb * 1024.0 as size8_0_,
        upper(document_.name) as formula81_ 
    from
        documents document_ 
    where
        document_.id=?
14:14:34,375 DEBUG SQL:104 - 
    select
        owner0_.id as id3_0_,
        owner0_.name as name3_0_ 
    from
        owners owner0_ 
    where
        owner0_.id=?
14:14:34,376 DEBUG SQL:104 - 
    select
        document0_.id as id0_,
        document0_.name as name0_ 
    from
        documents document0_
14:14:34,376 DEBUG SQL:104 - 
    update
        documents 
    set
        name=? 
    where
        id=?
14:14:34,377 DEBUG SQL:104 - 
    select
        document0_.id as id0_,
        document0_.name as name0_ 
    from
        documents document0_
14:14:34,377 DEBUG SQL:104 - 
    select
        document_.summary as summary0_,
        document_.folder as folder0_,
        document_.owner as owner0_,
        document_.text as text0_,
        document_.lastTextModification as lastText7_0_,
        document_.size_mb * 1024.0 as size8_0_,
        upper(document_.name) as formula81_ 
    from
        documents document_ 
    where
        document_.id=?
14:14:34,387 DEBUG SQL:104 - 
    select
        owner0_.id as id3_0_,
        owner0_.name as name3_0_ 
    from
        owners owner0_ 
    where
        owner0_.id=?
14:14:34,388 DEBUG SQL:104 - 
    select
        document0_.id as id0_,
        document0_.name as name0_ 
    from
        documents document0_
14:14:34,388 DEBUG SQL:104 - 
    select
        document_.summary as summary0_,
        document_.folder as folder0_,
        document_.owner as owner0_,
        document_.text as text0_,
        document_.lastTextModification as lastText7_0_,
        document_.size_mb * 1024.0 as size8_0_,
        upper(document_.name) as formula81_ 
    from
        documents document_ 
    where
        document_.id=?
14:14:34,397 DEBUG SQL:104 - 
    select
        owner0_.id as id3_0_,
        owner0_.name as name3_0_ 
    from
        owners owner0_ 
    where
        owner0_.id=?
14:14:34,398 DEBUG SQL:104 - 
    update
        documents 
    set
        name=?,
        summary=?,
        folder=?,
        owner=?,
        text=?,
        lastTextModification=?,
        size_mb=? / cast( 1024.0 as float ) 
    where
        id=?
14:14:34,399 DEBUG SQL:104 - 
    select
        document0_.id as id0_,
        document0_.name as name0_ 
    from
        documents document0_
14:14:34,399 DEBUG SQL:104 - 
    select
        document_.summary as summary0_,
        document_.folder as folder0_,
        document_.owner as owner0_,
        document_.text as text0_,
        document_.lastTextModification as lastText7_0_,
        document_.size_mb * 1024.0 as size8_0_,
        upper(document_.name) as formula81_ 
    from
        documents document_ 
    where
        document_.id=?
14:14:34,400 DEBUG SQL:104 - 
    select
        owner0_.id as id3_0_,
        owner0_.name as name3_0_ 
    from
        owners owner0_ 
    where
        owner0_.id=?
14:14:34,421 DEBUG SQL:104 - 
    select
        document0_.id as id0_,
        document0_.name as name0_ 
    from
        documents document0_
14:14:34,422 DEBUG SQL:104 - 
    select
        document_.summary as summary0_,
        document_.folder as folder0_,
        document_.owner as owner0_,
        document_.text as text0_,
        document_.lastTextModification as lastText7_0_,
        document_.size_mb * 1024.0 as size8_0_,
        upper(document_.name) as formula81_ 
    from
        documents document_ 
    where
        document_.id=?
14:14:34,422 DEBUG SQL:104 - 
    select
        owner0_.id as id3_0_,
        owner0_.name as name3_0_ 
    from
        owners owner0_ 
    where
        owner0_.id=?
14:14:34,423 DEBUG SQL:104 - 
    select
        document0_.id as id0_,
        document0_.name as name0_ 
    from
        documents document0_
14:14:34,432 DEBUG SQL:104 - 
    update
        documents 
    set
        name=? 
    where
        id=?
14:14:34,433 DEBUG SQL:104 - 
    select
        document_.summary as summary0_,
        document_.folder as folder0_,
        document_.owner as owner0_,
        document_.text as text0_,
        document_.lastTextModification as lastText7_0_,
        document_.size_mb * 1024.0 as size8_0_,
        upper(document_.name) as formula81_ 
    from
        documents document_ 
    where
        document_.id=?
14:14:34,433 DEBUG SQL:104 - 
    select
        owner0_.id as id3_0_,
        owner0_.name as name3_0_ 
    from
        owners owner0_ 
    where
        owner0_.id=?
14:14:34,442 DEBUG SQL:104 - 
    update
        documents 
    set
        name=?,
        summary=?,
        folder=?,
        owner=?,
        text=?,
        lastTextModification=?,
        size_mb=? / cast( 1024.0 as float ) 
    where
        id=?
14:14:34,443 DEBUG SQL:104 - 
    select
        document0_.id as id0_,
        document0_.name as name0_ 
    from
        documents document0_
14:14:34,443 DEBUG SQL:104 - 
    select
        document_.summary as summary0_,
        document_.folder as folder0_,
        document_.owner as owner0_,
        document_.text as text0_,
        document_.lastTextModification as lastText7_0_,
        document_.size_mb * 1024.0 as size8_0_,
        upper(document_.name) as formula81_ 
    from
        documents document_ 
    where
        document_.id=?
14:14:34,453 DEBUG SQL:104 - 
    select
        owner0_.id as id3_0_,
        owner0_.name as name3_0_ 
    from
        owners owner0_ 
    where
        owner0_.id=?
14:14:34,454 DEBUG SQL:104 - 
    select
        document0_.id as id0_0_,
        document0_.name as name0_0_ 
    from
        documents document0_ 
    where
        document0_.id=?
14:14:34,454 DEBUG SQL:104 - 
    select
        document0_.id as id0_,
        document0_.name as name0_ 
    from
        documents document0_
14:14:34,455 DEBUG SQL:104 - 
    select
        document_.summary as summary0_,
        document_.folder as folder0_,
        document_.owner as owner0_,
        document_.text as text0_,
        document_.lastTextModification as lastText7_0_,
        document_.size_mb * 1024.0 as size8_0_,
        upper(document_.name) as formula81_ 
    from
        documents document_ 
    where
        document_.id=?
14:14:34,464 DEBUG SQL:104 - 
    select
        owner0_.id as id3_0_,
        owner0_.name as name3_0_ 
    from
        owners owner0_ 
    where
        owner0_.id=?
14:14:34,465 DEBUG SQL:104 - 
    select
        folder0_.id as id2_0_,
        folder0_.name as name2_0_,
        folder0_.parent as parent2_0_ 
    from
        folders folder0_ 
    where
        folder0_.id=?
14:14:34,465 DEBUG SQL:104 - 
    select
        documents0_.folder as folder2_1_,
        documents0_.id as id0_1_,
        documents0_.id as id0_0_,
        documents0_.name as name0_0_ 
    from
        documents documents0_ 
    where
        documents0_.folder=?
14:14:34,475 DEBUG SQL:104 - 
    delete 
    from
        documents 
    where
        id=?
14:14:34,475 DEBUG SQL:104 - 
    delete 
    from
        folders 
    where
        id=?
14:14:34,475 DEBUG SQL:104 - 
    delete 
    from
        owners 
    where
        id=?
14:14:34,476 DEBUG SQL:104 - 
    insert 
    into
        owners
        (name, id) 
    values
        (?, ?)
14:14:34,485 DEBUG SQL:104 - 
    insert 
    into
        folders
        (name, parent, id) 
    values
        (?, ?, ?)
14:14:34,486 DEBUG SQL:104 - 
    insert 
    into
        documents
        (name, summary, folder, owner, text, lastTextModification, size_mb, id) 
    values
        (?, ?, ?, ?, ?, ?, ? / cast( 1024.0 as float ), ?)
14:14:34,486 DEBUG SQL:104 - 
    select
        document0_.id as id0_0_,
        document0_.name as name0_0_ 
    from
        documents document0_ 
    where
        document0_.id=?
14:14:34,487 DEBUG SQL:104 - 
    select
        document_.summary as summary0_,
        document_.folder as folder0_,
        document_.owner as owner0_,
        document_.text as text0_,
        document_.lastTextModification as lastText7_0_,
        document_.size_mb * 1024.0 as size8_0_,
        upper(document_.name) as formula81_ 
    from
        documents document_ 
    where
        document_.id=?
14:14:34,497 DEBUG SQL:104 - 
    select
        owner0_.id as id3_0_,
        owner0_.name as name3_0_ 
    from
        owners owner0_ 
    where
        owner0_.id=?
14:14:34,498 DEBUG SQL:104 - 
    select
        document0_.id as id0_,
        document0_.name as name0_ 
    from
        documents document0_
14:14:34,498 DEBUG SQL:104 - 
    select
        document_.summary as summary0_,
        document_.folder as folder0_,
        document_.owner as owner0_,
        document_.text as text0_,
        document_.lastTextModification as lastText7_0_,
        document_.size_mb * 1024.0 as size8_0_,
        upper(document_.name) as formula81_ 
    from
        documents document_ 
    where
        document_.id=?
14:14:34,498 DEBUG SQL:104 - 
    select
        owner0_.id as id3_0_,
        owner0_.name as name3_0_ 
    from
        owners owner0_ 
    where
        owner0_.id=?
14:14:34,499 DEBUG SQL:104 - 
    select
        document0_.id as id0_,
        document0_.name as name0_ 
    from
        documents document0_
14:14:34,499 DEBUG SQL:104 - 
    select
        document_.summary as summary0_,
        document_.folder as folder0_,
        document_.owner as owner0_,
        document_.text as text0_,
        document_.lastTextModification as lastText7_0_,
        document_.size_mb * 1024.0 as size8_0_,
        upper(document_.name) as formula81_ 
    from
        documents document_ 
    where
        document_.id=?
14:14:34,500 DEBUG SQL:104 - 
    select
        owner0_.id as id3_0_,
        owner0_.name as name3_0_ 
    from
        owners owner0_ 
    where
        owner0_.id=?
14:14:34,510 DEBUG SQL:104 - 
    select
        document0_.id as id0_,
        document0_.name as name0_ 
    from
        documents document0_
14:14:34,511 DEBUG SQL:104 - 
    update
        documents 
    set
        name=? 
    where
        id=?
14:14:34,511 DEBUG SQL:104 - 
    select
        document0_.id as id0_,
        document0_.name as name0_ 
    from
        documents document0_
14:14:34,511 DEBUG SQL:104 - 
    select
        document_.summary as summary0_,
        document_.folder as folder0_,
        document_.owner as owner0_,
        document_.text as text0_,
        document_.lastTextModification as lastText7_0_,
        document_.size_mb * 1024.0 as size8_0_,
        upper(document_.name) as formula81_ 
    from
        documents document_ 
    where
        document_.id=?
14:14:34,520 DEBUG SQL:104 - 
    select
        owner0_.id as id3_0_,
        owner0_.name as name3_0_ 
    from
        owners owner0_ 
    where
        owner0_.id=?
14:14:34,521 DEBUG SQL:104 - 
    select
        document0_.id as id0_,
        document0_.name as name0_ 
    from
        documents document0_
14:14:34,522 DEBUG SQL:104 - 
    select
        document_.summary as summary0_,
        document_.folder as folder0_,
        document_.owner as owner0_,
        document_.text as text0_,
        document_.lastTextModification as lastText7_0_,
        document_.size_mb * 1024.0 as size8_0_,
        upper(document_.name) as formula81_ 
    from
        documents document_ 
    where
        document_.id=?
14:14:34,522 DEBUG SQL:104 - 
    select
        owner0_.id as id3_0_,
        owner0_.name as name3_0_ 
    from
        owners owner0_ 
    where
        owner0_.id=?
14:14:34,522 DEBUG SQL:104 - 
    update
        documents 
    set
        name=?,
        summary=?,
        folder=?,
        owner=?,
        text=?,
        lastTextModification=?,
        size_mb=? / cast( 1024.0 as float ) 
    where
        id=?
14:14:34,544 DEBUG SQL:104 - 
    select
        document0_.id as id0_,
        document0_.name as name0_ 
    from
        documents document0_
14:14:34,545 DEBUG SQL:104 - 
    select
        document_.summary as summary0_,
        document_.folder as folder0_,
        document_.owner as owner0_,
        document_.text as text0_,
        document_.lastTextModification as lastText7_0_,
        document_.size_mb * 1024.0 as size8_0_,
        upper(document_.name) as formula81_ 
    from
        documents document_ 
    where
        document_.id=?
14:14:34,545 DEBUG SQL:104 - 
    select
        owner0_.id as id3_0_,
        owner0_.name as name3_0_ 
    from
        owners owner0_ 
    where
        owner0_.id=?
14:14:34,554 DEBUG SQL:104 - 
    select
        document0_.id as id0_,
        document0_.name as name0_ 
    from
        documents document0_
14:14:34,555 DEBUG SQL:104 - 
    select
        document_.summary as summary0_,
        document_.folder as folder0_,
        document_.owner as owner0_,
        document_.text as text0_,
        document_.lastTextModification as lastText7_0_,
        document_.size_mb * 1024.0 as size8_0_,
        upper(document_.name) as formula81_ 
    from
        documents document_ 
    where
        document_.id=?
14:14:34,555 DEBUG SQL:104 - 
    select
        owner0_.id as id3_0_,
        owner0_.name as name3_0_ 
    from
        owners owner0_ 
    where
        owner0_.id=?
14:14:34,565 DEBUG SQL:104 - 
    select
        document0_.id as id0_,
        document0_.name as name0_ 
    from
        documents document0_
14:14:34,566 DEBUG SQL:104 - 
    update
        documents 
    set
        name=? 
    where
        id=?
14:14:34,566 DEBUG SQL:104 - 
    select
        document_.summary as summary0_,
        document_.folder as folder0_,
        document_.owner as owner0_,
        document_.text as text0_,
        document_.lastTextModification as lastText7_0_,
        document_.size_mb * 1024.0 as size8_0_,
        upper(document_.name) as formula81_ 
    from
        documents document_ 
    where
        document_.id=?
14:14:34,566 DEBUG SQL:104 - 
    select
        owner0_.id as id3_0_,
        owner0_.name as name3_0_ 
    from
        owners owner0_ 
    where
        owner0_.id=?
14:14:34,575 DEBUG SQL:104 - 
    update
        documents 
    set
        name=?,
        summary=?,
        folder=?,
        owner=?,
        text=?,
        lastTextModification=?,
        size_mb=? / cast( 1024.0 as float ) 
    where
        id=?
14:14:34,576 DEBUG SQL:104 - 
    select
        document0_.id as id0_,
        document0_.name as name0_ 
    from
        documents document0_
14:14:34,576 DEBUG SQL:104 - 
    select
        document_.summary as summary0_,
        document_.folder as folder0_,
        document_.owner as owner0_,
        document_.text as text0_,
        document_.lastTextModification as lastText7_0_,
        document_.size_mb * 1024.0 as size8_0_,
        upper(document_.name) as formula81_ 
    from
        documents document_ 
    where
        document_.id=?
14:14:34,585 DEBUG SQL:104 - 
    select
        owner0_.id as id3_0_,
        owner0_.name as name3_0_ 
    from
        owners owner0_ 
    where
        owner0_.id=?
14:14:34,586 DEBUG SQL:104 - 
    select
        document0_.id as id0_0_,
        document0_.name as name0_0_ 
    from
        documents document0_ 
    where
        document0_.id=?
14:14:34,587 DEBUG SQL:104 - 
    select
        document0_.id as id0_,
        document0_.name as name0_ 
    from
        documents document0_
14:14:34,595 DEBUG SQL:104 - 
    select
        document_.summary as summary0_,
        document_.folder as folder0_,
        document_.owner as owner0_,
        document_.text as text0_,
        document_.lastTextModification as lastText7_0_,
        document_.size_mb * 1024.0 as size8_0_,
        upper(document_.name) as formula81_ 
    from
        documents document_ 
    where
        document_.id=?
14:14:34,596 DEBUG SQL:104 - 
    select
        owner0_.id as id3_0_,
        owner0_.name as name3_0_ 
    from
        owners owner0_ 
    where
        owner0_.id=?
14:14:34,596 DEBUG SQL:104 - 
    select
        folder0_.id as id2_0_,
        folder0_.name as name2_0_,
        folder0_.parent as parent2_0_ 
    from
        folders folder0_ 
    where
        folder0_.id=?
14:14:34,606 DEBUG SQL:104 - 
    select
        documents0_.folder as folder2_1_,
        documents0_.id as id0_1_,
        documents0_.id as id0_0_,
        documents0_.name as name0_0_ 
    from
        documents documents0_ 
    where
        documents0_.folder=?
14:14:34,607 DEBUG SQL:104 - 
    delete 
    from
        documents 
    where
        id=?
14:14:34,607 DEBUG SQL:104 - 
    delete 
    from
        folders 
    where
        id=?
14:14:34,607 DEBUG SQL:104 - 
    delete 
    from
        owners 
    where
        id=?
14:14:34,608 DEBUG SQL:104 - 
    insert 
    into
        owners
        (name, id) 
    values
        (?, ?)
14:14:34,617 DEBUG SQL:104 - 
    insert 
    into
        folders
        (name, parent, id) 
    values
        (?, ?, ?)
14:14:34,617 DEBUG SQL:104 - 
    insert 
    into
        documents
        (name, summary, folder, owner, text, lastTextModification, size_mb, id) 
    values
        (?, ?, ?, ?, ?, ?, ? / cast( 1024.0 as float ), ?)
14:14:34,618 DEBUG SQL:104 - 
    select
        document0_.id as id0_0_,
        document0_.name as name0_0_ 
    from
        documents document0_ 
    where
        document0_.id=?
14:14:34,618 DEBUG SQL:104 - 
    select
        document_.summary as summary0_,
        document_.folder as folder0_,
        document_.owner as owner0_,
        document_.text as text0_,
        document_.lastTextModification as lastText7_0_,
        document_.size_mb * 1024.0 as size8_0_,
        upper(document_.name) as formula81_ 
    from
        documents document_ 
    where
        document_.id=?
14:14:34,627 DEBUG SQL:104 - 
    select
        owner0_.id as id3_0_,
        owner0_.name as name3_0_ 
    from
        owners owner0_ 
    where
        owner0_.id=?
14:14:34,628 DEBUG SQL:104 - 
    select
        document0_.id as id0_,
        document0_.name as name0_ 
    from
        documents document0_
14:14:34,628 DEBUG SQL:104 - 
    select
        document_.summary as summary0_,
        document_.folder as folder0_,
        document_.owner as owner0_,
        document_.text as text0_,
        document_.lastTextModification as lastText7_0_,
        document_.size_mb * 1024.0 as size8_0_,
        upper(document_.name) as formula81_ 
    from
        documents document_ 
    where
        document_.id=?
14:14:34,629 DEBUG SQL:104 - 
    select
        owner0_.id as id3_0_,
        owner0_.name as name3_0_ 
    from
        owners owner0_ 
    where
        owner0_.id=?
14:14:34,629 DEBUG SQL:104 - 
    select
        document0_.id as id0_,
        document0_.name as name0_ 
    from
        documents document0_
14:14:34,629 DEBUG SQL:104 - 
    select
        document_.summary as summary0_,
        document_.folder as folder0_,
        document_.owner as owner0_,
        document_.text as text0_,
        document_.lastTextModification as lastText7_0_,
        document_.size_mb * 1024.0 as size8_0_,
        upper(document_.name) as formula81_ 
    from
        documents document_ 
    where
        document_.id=?
14:14:34,641 DEBUG SQL:104 - 
    select
        owner0_.id as id3_0_,
        owner0_.name as name3_0_ 
    from
        owners owner0_ 
    where
        owner0_.id=?
14:14:34,642 DEBUG SQL:104 - 
    select
        document0_.id as id0_,
        document0_.name as name0_ 
    from
        documents document0_
14:14:34,642 DEBUG SQL:104 - 
    update
        documents 
    set
        name=? 
    where
        id=?
14:14:34,642 DEBUG SQL:104 - 
    select
        document0_.id as id0_,
        document0_.name as name0_ 
    from
        documents document0_
14:14:34,643 DEBUG SQL:104 - 
    select
        document_.summary as summary0_,
        document_.folder as folder0_,
        document_.owner as owner0_,
        document_.text as text0_,
        document_.lastTextModification as lastText7_0_,
        document_.size_mb * 1024.0 as size8_0_,
        upper(document_.name) as formula81_ 
    from
        documents document_ 
    where
        document_.id=?
14:14:34,660 DEBUG SQL:104 - 
    select
        owner0_.id as id3_0_,
        owner0_.name as name3_0_ 
    from
        owners owner0_ 
    where
        owner0_.id=?
14:14:34,661 DEBUG SQL:104 - 
    select
        document0_.id as id0_,
        document0_.name as name0_ 
    from
        documents document0_
14:14:34,661 DEBUG SQL:104 - 
    select
        document_.summary as summary0_,
        document_.folder as folder0_,
        document_.owner as owner0_,
        document_.text as text0_,
        document_.lastTextModification as lastText7_0_,
        document_.size_mb * 1024.0 as size8_0_,
        upper(document_.name) as formula81_ 
    from
        documents document_ 
    where
        document_.id=?
14:14:34,662 DEBUG SQL:104 - 
    select
        owner0_.id as id3_0_,
        owner0_.name as name3_0_ 
    from
        owners owner0_ 
    where
        owner0_.id=?
14:14:34,677 DEBUG SQL:104 - 
    update
        documents 
    set
        name=?,
        summary=?,
        folder=?,
        owner=?,
        text=?,
        lastTextModification=?,
        size_mb=? / cast( 1024.0 as float ) 
    where
        id=?
14:14:34,678 DEBUG SQL:104 - 
    select
        document0_.id as id0_,
        document0_.name as name0_ 
    from
        documents document0_
14:14:34,678 DEBUG SQL:104 - 
    select
        document_.summary as summary0_,
        document_.folder as folder0_,
        document_.owner as owner0_,
        document_.text as text0_,
        document_.lastTextModification as lastText7_0_,
        document_.size_mb * 1024.0 as size8_0_,
        upper(document_.name) as formula81_ 
    from
        documents document_ 
    where
        document_.id=?
14:14:34,686 DEBUG SQL:104 - 
    select
        owner0_.id as id3_0_,
        owner0_.name as name3_0_ 
    from
        owners owner0_ 
    where
        owner0_.id=?
14:14:34,687 DEBUG SQL:104 - 
    select
        document0_.id as id0_,
        document0_.name as name0_ 
    from
        documents document0_
14:14:34,687 DEBUG SQL:104 - 
    select
        document_.summary as summary0_,
        document_.folder as folder0_,
        document_.owner as owner0_,
        document_.text as text0_,
        document_.lastTextModification as lastText7_0_,
        document_.size_mb * 1024.0 as size8_0_,
        upper(document_.name) as formula81_ 
    from
        documents document_ 
    where
        document_.id=?
14:14:34,688 DEBUG SQL:104 - 
    select
        owner0_.id as id3_0_,
        owner0_.name as name3_0_ 
    from
        owners owner0_ 
    where
        owner0_.id=?
14:14:34,697 DEBUG SQL:104 - 
    select
        document0_.id as id0_,
        document0_.name as name0_ 
    from
        documents document0_
14:14:34,698 DEBUG SQL:104 - 
    update
        documents 
    set
        name=? 
    where
        id=?
14:14:34,698 DEBUG SQL:104 - 
    select
        document_.summary as summary0_,
        document_.folder as folder0_,
        document_.owner as owner0_,
        document_.text as text0_,
        document_.lastTextModification as lastText7_0_,
        document_.size_mb * 1024.0 as size8_0_,
        upper(document_.name) as formula81_ 
    from
        documents document_ 
    where
        document_.id=?
14:14:34,707 DEBUG SQL:104 - 
    select
        owner0_.id as id3_0_,
        owner0_.name as name3_0_ 
    from
        owners owner0_ 
    where
        owner0_.id=?
14:14:34,708 DEBUG SQL:104 - 
    update
        documents 
    set
        name=?,
        summary=?,
        folder=?,
        owner=?,
        text=?,
        lastTextModification=?,
        size_mb=? / cast( 1024.0 as float ) 
    where
        id=?
14:14:34,709 DEBUG SQL:104 - 
    select
        document0_.id as id0_,
        document0_.name as name0_ 
    from
        documents document0_
14:14:34,718 DEBUG SQL:104 - 
    select
        document_.summary as summary0_,
        document_.folder as folder0_,
        document_.owner as owner0_,
        document_.text as text0_,
        document_.lastTextModification as lastText7_0_,
        document_.size_mb * 1024.0 as size8_0_,
        upper(document_.name) as formula81_ 
    from
        documents document_ 
    where
        document_.id=?
14:14:34,718 DEBUG SQL:104 - 
    select
        owner0_.id as id3_0_,
        owner0_.name as name3_0_ 
    from
        owners owner0_ 
    where
        owner0_.id=?
14:14:34,719 DEBUG SQL:104 - 
    select
        document0_.id as id0_0_,
        document0_.name as name0_0_ 
    from
        documents document0_ 
    where
        document0_.id=?
14:14:34,719 DEBUG SQL:104 - 
    select
        document0_.id as id0_,
        document0_.name as name0_ 
    from
        documents document0_
14:14:34,729 DEBUG SQL:104 - 
    select
        document_.summary as summary0_,
        document_.folder as folder0_,
        document_.owner as owner0_,
        document_.text as text0_,
        document_.lastTextModification as lastText7_0_,
        document_.size_mb * 1024.0 as size8_0_,
        upper(document_.name) as formula81_ 
    from
        documents document_ 
    where
        document_.id=?
14:14:34,729 DEBUG SQL:104 - 
    select
        owner0_.id as id3_0_,
        owner0_.name as name3_0_ 
    from
        owners owner0_ 
    where
        owner0_.id=?
14:14:34,730 DEBUG SQL:104 - 
    select
        folder0_.id as id2_0_,
        folder0_.name as name2_0_,
        folder0_.parent as parent2_0_ 
    from
        folders folder0_ 
    where
        folder0_.id=?
14:14:34,739 DEBUG SQL:104 - 
    select
        documents0_.folder as folder2_1_,
        documents0_.id as id0_1_,
        documents0_.id as id0_0_,
        documents0_.name as name0_0_ 
    from
        documents documents0_ 
    where
        documents0_.folder=?
14:14:34,740 DEBUG SQL:104 - 
    delete 
    from
        documents 
    where
        id=?
14:14:34,740 DEBUG SQL:104 - 
    delete 
    from
        folders 
    where
        id=?
14:14:34,740 DEBUG SQL:104 - 
    delete 
    from
        owners 
    where
        id=?
14:14:34,750 DEBUG SQL:104 - 
    insert 
    into
        owners
        (name, id) 
    values
        (?, ?)
14:14:34,751 DEBUG SQL:104 - 
    insert 
    into
        folders
        (name, parent, id) 
    values
        (?, ?, ?)
14:14:34,751 DEBUG SQL:104 - 
    insert 
    into
        documents
        (name, summary, folder, owner, text, lastTextModification, size_mb, id) 
    values
        (?, ?, ?, ?, ?, ?, ? / cast( 1024.0 as float ), ?)
14:14:34,752 DEBUG SQL:104 - 
    select
        document0_.id as id0_0_,
        document0_.name as name0_0_ 
    from
        documents document0_ 
    where
        document0_.id=?
14:14:34,752 DEBUG SQL:104 - 
    select
        document_.summary as summary0_,
        document_.folder as folder0_,
        document_.owner as owner0_,
        document_.text as text0_,
        document_.lastTextModification as lastText7_0_,
        document_.size_mb * 1024.0 as size8_0_,
        upper(document_.name) as formula81_ 
    from
        documents document_ 
    where
        document_.id=?
14:14:34,752 DEBUG SQL:104 - 
    select
        owner0_.id as id3_0_,
        owner0_.name as name3_0_ 
    from
        owners owner0_ 
    where
        owner0_.id=?
14:14:34,753 DEBUG SQL:104 - 
    select
        document0_.id as id0_,
        document0_.name as name0_ 
    from
        documents document0_
14:14:34,753 DEBUG SQL:104 - 
    select
        document_.summary as summary0_,
        document_.folder as folder0_,
        document_.owner as owner0_,
        document_.text as text0_,
        document_.lastTextModification as lastText7_0_,
        document_.size_mb * 1024.0 as size8_0_,
        upper(document_.name) as formula81_ 
    from
        documents document_ 
    where
        document_.id=?
14:14:34,765 DEBUG SQL:104 - 
    select
        owner0_.id as id3_0_,
        owner0_.name as name3_0_ 
    from
        owners owner0_ 
    where
        owner0_.id=?
14:14:34,766 DEBUG SQL:104 - 
    select
        document0_.id as id0_,
        document0_.name as name0_ 
    from
        documents document0_
14:14:34,767 DEBUG SQL:104 - 
    select
        document_.summary as summary0_,
        document_.folder as folder0_,
        document_.owner as owner0_,
        document_.text as text0_,
        document_.lastTextModification as lastText7_0_,
        document_.size_mb * 1024.0 as size8_0_,
        upper(document_.name) as formula81_ 
    from
        documents document_ 
    where
        document_.id=?
14:14:34,776 DEBUG SQL:104 - 
    select
        owner0_.id as id3_0_,
        owner0_.name as name3_0_ 
    from
        owners owner0_ 
    where
        owner0_.id=?
14:14:34,777 DEBUG SQL:104 - 
    select
        document0_.id as id0_,
        document0_.name as name0_ 
    from
        documents document0_
14:14:34,777 DEBUG SQL:104 - 
    update
        documents 
    set
        name=? 
    where
        id=?
14:14:34,778 DEBUG SQL:104 - 
    select
        document0_.id as id0_,
        document0_.name as name0_ 
    from
        documents document0_
14:14:34,778 DEBUG SQL:104 - 
    select
        document_.summary as summary0_,
        document_.folder as folder0_,
        document_.owner as owner0_,
        document_.text as text0_,
        document_.lastTextModification as lastText7_0_,
        document_.size_mb * 1024.0 as size8_0_,
        upper(document_.name) as formula81_ 
    from
        documents document_ 
    where
        document_.id=?
14:14:34,800 DEBUG SQL:104 - 
    select
        owner0_.id as id3_0_,
        owner0_.name as name3_0_ 
    from
        owners owner0_ 
    where
        owner0_.id=?
14:14:34,801 DEBUG SQL:104 - 
    select
        document0_.id as id0_,
        document0_.name as name0_ 
    from
        documents document0_
14:14:34,801 DEBUG SQL:104 - 
    select
        document_.summary as summary0_,
        document_.folder as folder0_,
        document_.owner as owner0_,
        document_.text as text0_,
        document_.lastTextModification as lastText7_0_,
        document_.size_mb * 1024.0 as size8_0_,
        upper(document_.name) as formula81_ 
    from
        documents document_ 
    where
        document_.id=?
14:14:34,801 DEBUG SQL:104 - 
    select
        owner0_.id as id3_0_,
        owner0_.name as name3_0_ 
    from
        owners owner0_ 
    where
        owner0_.id=?
14:14:34,816 DEBUG SQL:104 - 
    update
        documents 
    set
        name=?,
        summary=?,
        folder=?,
        owner=?,
        text=?,
        lastTextModification=?,
        size_mb=? / cast( 1024.0 as float ) 
    where
        id=?
14:14:34,817 DEBUG SQL:104 - 
    select
        document0_.id as id0_,
        document0_.name as name0_ 
    from
        documents document0_
14:14:34,817 DEBUG SQL:104 - 
    select
        document_.summary as summary0_,
        document_.folder as folder0_,
        document_.owner as owner0_,
        document_.text as text0_,
        document_.lastTextModification as lastText7_0_,
        document_.size_mb * 1024.0 as size8_0_,
        upper(document_.name) as formula81_ 
    from
        documents document_ 
    where
        document_.id=?
14:14:34,824 DEBUG SQL:104 - 
    select
        owner0_.id as id3_0_,
        owner0_.name as name3_0_ 
    from
        owners owner0_ 
    where
        owner0_.id=?
14:14:34,825 DEBUG SQL:104 - 
    select
        document0_.id as id0_,
        document0_.name as name0_ 
    from
        documents document0_
14:14:34,826 DEBUG SQL:104 - 
    select
        document_.summary as summary0_,
        document_.folder as folder0_,
        document_.owner as owner0_,
        document_.text as text0_,
        document_.lastTextModification as lastText7_0_,
        document_.size_mb * 1024.0 as size8_0_,
        upper(document_.name) as formula81_ 
    from
        documents document_ 
    where
        document_.id=?
14:14:34,836 DEBUG SQL:104 - 
    select
        owner0_.id as id3_0_,
        owner0_.name as name3_0_ 
    from
        owners owner0_ 
    where
        owner0_.id=?
14:14:34,837 DEBUG SQL:104 - 
    select
        document0_.id as id0_,
        document0_.name as name0_ 
    from
        documents document0_
14:14:34,837 DEBUG SQL:104 - 
    update
        documents 
    set
        name=? 
    where
        id=?
14:14:34,838 DEBUG SQL:104 - 
    select
        document_.summary as summary0_,
        document_.folder as folder0_,
        document_.owner as owner0_,
        document_.text as text0_,
        document_.lastTextModification as lastText7_0_,
        document_.size_mb * 1024.0 as size8_0_,
        upper(document_.name) as formula81_ 
    from
        documents document_ 
    where
        document_.id=?
14:14:34,838 DEBUG SQL:104 - 
    select
        owner0_.id as id3_0_,
        owner0_.name as name3_0_ 
    from
        owners owner0_ 
    where
        owner0_.id=?
14:14:34,838 DEBUG SQL:104 - 
    update
        documents 
    set
        name=?,
        summary=?,
        folder=?,
        owner=?,
        text=?,
        lastTextModification=?,
        size_mb=? / cast( 1024.0 as float ) 
    where
        id=?
14:14:34,839 DEBUG SQL:104 - 
    select
        document0_.id as id0_,
        document0_.name as name0_ 
    from
        documents document0_
14:14:34,839 DEBUG SQL:104 - 
    select
        document_.summary as summary0_,
        document_.folder as folder0_,
        document_.owner as owner0_,
        document_.text as text0_,
        document_.lastTextModification as lastText7_0_,
        document_.size_mb * 1024.0 as size8_0_,
        upper(document_.name) as formula81_ 
    from
        documents document_ 
    where
        document_.id=?
14:14:34,854 DEBUG SQL:104 - 
    select
        owner0_.id as id3_0_,
        owner0_.name as name3_0_ 
    from
        owners owner0_ 
    where
        owner0_.id=?
14:14:34,855 DEBUG SQL:104 - 
    select
        document0_.id as id0_0_,
        document0_.name as name0_0_ 
    from
        documents document0_ 
    where
        document0_.id=?
14:14:34,855 DEBUG SQL:104 - 
    select
        document0_.id as id0_,
        document0_.name as name0_ 
    from
        documents document0_
14:14:34,856 DEBUG SQL:104 - 
    select
        document_.summary as summary0_,
        document_.folder as folder0_,
        document_.owner as owner0_,
        document_.text as text0_,
        document_.lastTextModification as lastText7_0_,
        document_.size_mb * 1024.0 as size8_0_,
        upper(document_.name) as formula81_ 
    from
        documents document_ 
    where
        document_.id=?
14:14:34,869 DEBUG SQL:104 - 
    select
        owner0_.id as id3_0_,
        owner0_.name as name3_0_ 
    from
        owners owner0_ 
    where
        owner0_.id=?
14:14:34,870 DEBUG SQL:104 - 
    select
        folder0_.id as id2_0_,
        folder0_.name as name2_0_,
        folder0_.parent as parent2_0_ 
    from
        folders folder0_ 
    where
        folder0_.id=?
14:14:34,870 DEBUG SQL:104 - 
    select
        documents0_.folder as folder2_1_,
        documents0_.id as id0_1_,
        documents0_.id as id0_0_,
        documents0_.name as name0_0_ 
    from
        documents documents0_ 
    where
        documents0_.folder=?
14:14:34,878 DEBUG SQL:104 - 
    delete 
    from
        documents 
    where
        id=?
14:14:34,878 DEBUG SQL:104 - 
    delete 
    from
        folders 
    where
        id=?
14:14:34,878 DEBUG SQL:104 - 
    delete 
    from
        owners 
    where
        id=?
14:14:34,879 DEBUG SQL:104 - 
    insert 
    into
        owners
        (name, id) 
    values
        (?, ?)
14:14:34,880 DEBUG SQL:104 - 
    insert 
    into
        folders
        (name, parent, id) 
    values
        (?, ?, ?)
14:14:34,880 DEBUG SQL:104 - 
    insert 
    into
        documents
        (name, summary, folder, owner, text, lastTextModification, size_mb, id) 
    values
        (?, ?, ?, ?, ?, ?, ? / cast( 1024.0 as float ), ?)
14:14:34,880 DEBUG SQL:104 - 
    select
        document0_.id as id0_0_,
        document0_.name as name0_0_ 
    from
        documents document0_ 
    where
        document0_.id=?
14:14:34,881 DEBUG SQL:104 - 
    select
        document_.summary as summary0_,
        document_.folder as folder0_,
        document_.owner as owner0_,
        document_.text as text0_,
        document_.lastTextModification as lastText7_0_,
        document_.size_mb * 1024.0 as size8_0_,
        upper(document_.name) as formula81_ 
    from
        documents document_ 
    where
        document_.id=?
14:14:34,891 DEBUG SQL:104 - 
    select
        owner0_.id as id3_0_,
        owner0_.name as name3_0_ 
    from
        owners owner0_ 
    where
        owner0_.id=?
14:14:34,892 DEBUG SQL:104 - 
    select
        document0_.id as id0_,
        document0_.name as name0_ 
    from
        documents document0_
14:14:34,892 DEBUG SQL:104 - 
    select
        document_.summary as summary0_,
        document_.folder as folder0_,
        document_.owner as owner0_,
        document_.text as text0_,
        document_.lastTextModification as lastText7_0_,
        document_.size_mb * 1024.0 as size8_0_,
        upper(document_.name) as formula81_ 
    from
        documents document_ 
    where
        document_.id=?
14:14:34,901 DEBUG SQL:104 - 
    select
        owner0_.id as id3_0_,
        owner0_.name as name3_0_ 
    from
        owners owner0_ 
    where
        owner0_.id=?
14:14:34,902 DEBUG SQL:104 - 
    select
        document0_.id as id0_,
        document0_.name as name0_ 
    from
        documents document0_
14:14:34,902 DEBUG SQL:104 - 
    select
        document_.summary as summary0_,
        document_.folder as folder0_,
        document_.owner as owner0_,
        document_.text as text0_,
        document_.lastTextModification as lastText7_0_,
        document_.size_mb * 1024.0 as size8_0_,
        upper(document_.name) as formula81_ 
    from
        documents document_ 
    where
        document_.id=?
14:14:34,903 DEBUG SQL:104 - 
    select
        owner0_.id as id3_0_,
        owner0_.name as name3_0_ 
    from
        owners owner0_ 
    where
        owner0_.id=?
14:14:34,903 DEBUG SQL:104 - 
    select
        document0_.id as id0_,
        document0_.name as name0_ 
    from
        documents document0_
14:14:34,904 DEBUG SQL:104 - 
    update
        documents 
    set
        name=? 
    where
        id=?
14:14:34,925 DEBUG SQL:104 - 
    select
        document0_.id as id0_,
        document0_.name as name0_ 
    from
        documents document0_
14:14:34,926 DEBUG SQL:104 - 
    select
        document_.summary as summary0_,
        document_.folder as folder0_,
        document_.owner as owner0_,
        document_.text as text0_,
        document_.lastTextModification as lastText7_0_,
        document_.size_mb * 1024.0 as size8_0_,
        upper(document_.name) as formula81_ 
    from
        documents document_ 
    where
        document_.id=?
14:14:34,926 DEBUG SQL:104 - 
    select
        owner0_.id as id3_0_,
        owner0_.name as name3_0_ 
    from
        owners owner0_ 
    where
        owner0_.id=?
14:14:34,936 DEBUG SQL:104 - 
    select
        document0_.id as id0_,
        document0_.name as name0_ 
    from
        documents document0_
14:14:34,937 DEBUG SQL:104 - 
    select
        document_.summary as summary0_,
        document_.folder as folder0_,
        document_.owner as owner0_,
        document_.text as text0_,
        document_.lastTextModification as lastText7_0_,
        document_.size_mb * 1024.0 as size8_0_,
        upper(document_.name) as formula81_ 
    from
        documents document_ 
    where
        document_.id=?
14:14:34,937 DEBUG SQL:104 - 
    select
        owner0_.id as id3_0_,
        owner0_.name as name3_0_ 
    from
        owners owner0_ 
    where
        owner0_.id=?
14:14:34,938 DEBUG SQL:104 - 
    update
        documents 
    set
        name=?,
        summary=?,
        folder=?,
        owner=?,
        text=?,
        lastTextModification=?,
        size_mb=? / cast( 1024.0 as float ) 
    where
        id=?
14:14:34,949 DEBUG SQL:104 - 
    select
        document0_.id as id0_,
        document0_.name as name0_ 
    from
        documents document0_
14:14:34,949 DEBUG SQL:104 - 
    select
        document_.summary as summary0_,
        document_.folder as folder0_,
        document_.owner as owner0_,
        document_.text as text0_,
        document_.lastTextModification as lastText7_0_,
        document_.size_mb * 1024.0 as size8_0_,
        upper(document_.name) as formula81_ 
    from
        documents document_ 
    where
        document_.id=?
14:14:34,949 DEBUG SQL:104 - 
    select
        owner0_.id as id3_0_,
        owner0_.name as name3_0_ 
    from
        owners owner0_ 
    where
        owner0_.id=?
14:14:34,959 DEBUG SQL:104 - 
    select
        document0_.id as id0_,
        document0_.name as name0_ 
    from
        documents document0_
14:14:34,960 DEBUG SQL:104 - 
    select
        document_.summary as summary0_,
        document_.folder as folder0_,
        document_.owner as owner0_,
        document_.text as text0_,
        document_.lastTextModification as lastText7_0_,
        document_.size_mb * 1024.0 as size8_0_,
        upper(document_.name) as formula81_ 
    from
        documents document_ 
    where
        document_.id=?
14:14:34,960 DEBUG SQL:104 - 
    select
        owner0_.id as id3_0_,
        owner0_.name as name3_0_ 
    from
        owners owner0_ 
    where
        owner0_.id=?
14:14:34,970 DEBUG SQL:104 - 
    select
        document0_.id as id0_,
        document0_.name as name0_ 
    from
        documents document0_
14:14:34,970 DEBUG SQL:104 - 
    update
        documents 
    set
        name=? 
    where
        id=?
14:14:34,971 DEBUG SQL:104 - 
    select
        document_.summary as summary0_,
        document_.folder as folder0_,
        document_.owner as owner0_,
        document_.text as text0_,
        document_.lastTextModification as lastText7_0_,
        document_.size_mb * 1024.0 as size8_0_,
        upper(document_.name) as formula81_ 
    from
        documents document_ 
    where
        document_.id=?
14:14:34,971 DEBUG SQL:104 - 
    select
        owner0_.id as id3_0_,
        owner0_.name as name3_0_ 
    from
        owners owner0_ 
    where
        owner0_.id=?
14:14:34,980 DEBUG SQL:104 - 
    update
        documents 
    set
        name=?,
        summary=?,
        folder=?,
        owner=?,
        text=?,
        lastTextModification=?,
        size_mb=? / cast( 1024.0 as float ) 
    where
        id=?
14:14:34,981 DEBUG SQL:104 - 
    select
        document0_.id as id0_,
        document0_.name as name0_ 
    from
        documents document0_
14:14:34,981 DEBUG SQL:104 - 
    select
        document_.summary as summary0_,
        document_.folder as folder0_,
        document_.owner as owner0_,
        document_.text as text0_,
        document_.lastTextModification as lastText7_0_,
        document_.size_mb * 1024.0 as size8_0_,
        upper(document_.name) as formula81_ 
    from
        documents document_ 
    where
        document_.id=?
14:14:34,991 DEBUG SQL:104 - 
    select
        owner0_.id as id3_0_,
        owner0_.name as name3_0_ 
    from
        owners owner0_ 
    where
        owner0_.id=?
14:14:34,992 DEBUG SQL:104 - 
    select
        document0_.id as id0_0_,
        document0_.name as name0_0_ 
    from
        documents document0_ 
    where
        document0_.id=?
14:14:34,992 DEBUG SQL:104 - 
    select
        document0_.id as id0_,
        document0_.name as name0_ 
    from
        documents document0_
14:14:34,992 DEBUG SQL:104 - 
    select
        document_.summary as summary0_,
        document_.folder as folder0_,
        document_.owner as owner0_,
        document_.text as text0_,
        document_.lastTextModification as lastText7_0_,
        document_.size_mb * 1024.0 as size8_0_,
        upper(document_.name) as formula81_ 
    from
        documents document_ 
    where
        document_.id=?
14:14:35,001 DEBUG SQL:104 - 
    select
        owner0_.id as id3_0_,
        owner0_.name as name3_0_ 
    from
        owners owner0_ 
    where
        owner0_.id=?
14:14:35,002 DEBUG SQL:104 - 
    select
        folder0_.id as id2_0_,
        folder0_.name as name2_0_,
        folder0_.parent as parent2_0_ 
    from
        folders folder0_ 
    where
        folder0_.id=?
14:14:35,003 DEBUG SQL:104 - 
    select
        documents0_.folder as folder2_1_,
        documents0_.id as id0_1_,
        documents0_.id as id0_0_,
        documents0_.name as name0_0_ 
    from
        documents documents0_ 
    where
        documents0_.folder=?
14:14:35,003 DEBUG SQL:104 - 
    delete 
    from
        documents 
    where
        id=?
14:14:35,004 DEBUG SQL:104 - 
    delete 
    from
        folders 
    where
        id=?
14:14:35,004 DEBUG SQL:104 - 
    delete 
    from
        owners 
    where
        id=?
14:14:35,004 DEBUG SQL:104 - 
    insert 
    into
        owners
        (name, id) 
    values
        (?, ?)
14:14:35,017 DEBUG SQL:104 - 
    insert 
    into
        folders
        (name, parent, id) 
    values
        (?, ?, ?)
14:14:35,017 DEBUG SQL:104 - 
    insert 
    into
        documents
        (name, summary, folder, owner, text, lastTextModification, size_mb, id) 
    values
        (?, ?, ?, ?, ?, ?, ? / cast( 1024.0 as float ), ?)
14:14:35,017 DEBUG SQL:104 - 
    select
        document0_.id as id0_0_,
        document0_.name as name0_0_ 
    from
        documents document0_ 
    where
        document0_.id=?
14:14:35,018 DEBUG SQL:104 - 
    select
        document_.summary as summary0_,
        document_.folder as folder0_,
        document_.owner as owner0_,
        document_.text as text0_,
        document_.lastTextModification as lastText7_0_,
        document_.size_mb * 1024.0 as size8_0_,
        upper(document_.name) as formula81_ 
    from
        documents document_ 
    where
        document_.id=?
14:14:35,029 DEBUG SQL:104 - 
    select
        owner0_.id as id3_0_,
        owner0_.name as name3_0_ 
    from
        owners owner0_ 
    where
        owner0_.id=?
14:14:35,030 DEBUG SQL:104 - 
    select
        document0_.id as id0_,
        document0_.name as name0_ 
    from
        documents document0_
14:14:35,030 DEBUG SQL:104 - 
    select
        document_.summary as summary0_,
        document_.folder as folder0_,
        document_.owner as owner0_,
        document_.text as text0_,
        document_.lastTextModification as lastText7_0_,
        document_.size_mb * 1024.0 as size8_0_,
        upper(document_.name) as formula81_ 
    from
        documents document_ 
    where
        document_.id=?
14:14:35,030 DEBUG SQL:104 - 
    select
        owner0_.id as id3_0_,
        owner0_.name as name3_0_ 
    from
        owners owner0_ 
    where
        owner0_.id=?
14:14:35,031 DEBUG SQL:104 - 
    select
        document0_.id as id0_,
        document0_.name as name0_ 
    from
        documents document0_
14:14:35,051 DEBUG SQL:104 - 
    select
        document_.summary as summary0_,
        document_.folder as folder0_,
        document_.owner as owner0_,
        document_.text as text0_,
        document_.lastTextModification as lastText7_0_,
        document_.size_mb * 1024.0 as size8_0_,
        upper(document_.name) as formula81_ 
    from
        documents document_ 
    where
        document_.id=?
14:14:35,052 DEBUG SQL:104 - 
    select
        owner0_.id as id3_0_,
        owner0_.name as name3_0_ 
    from
        owners owner0_ 
    where
        owner0_.id=?
14:14:35,054 DEBUG SQL:104 - 
    select
        document0_.id as id0_,
        document0_.name as name0_ 
    from
        documents document0_
14:14:35,077 DEBUG SQL:104 - 
    update
        documents 
    set
        name=? 
    where
        id=?
14:14:35,077 DEBUG SQL:104 - 
    select
        document0_.id as id0_,
        document0_.name as name0_ 
    from
        documents document0_
14:14:35,078 DEBUG SQL:104 - 
    select
        document_.summary as summary0_,
        document_.folder as folder0_,
        document_.owner as owner0_,
        document_.text as text0_,
        document_.lastTextModification as lastText7_0_,
        document_.size_mb * 1024.0 as size8_0_,
        upper(document_.name) as formula81_ 
    from
        documents document_ 
    where
        document_.id=?
14:14:35,078 DEBUG SQL:104 - 
    select
        owner0_.id as id3_0_,
        owner0_.name as name3_0_ 
    from
        owners owner0_ 
    where
        owner0_.id=?
14:14:35,079 DEBUG SQL:104 - 
    select
        document0_.id as id0_,
        document0_.name as name0_ 
    from
        documents document0_
14:14:35,079 DEBUG SQL:104 - 
    select
        document_.summary as summary0_,
        document_.folder as folder0_,
        document_.owner as owner0_,
        document_.text as text0_,
        document_.lastTextModification as lastText7_0_,
        document_.size_mb * 1024.0 as size8_0_,
        upper(document_.name) as formula81_ 
    from
        documents document_ 
    where
        document_.id=?
14:14:35,079 DEBUG SQL:104 - 
    select
        owner0_.id as id3_0_,
        owner0_.name as name3_0_ 
    from
        owners owner0_ 
    where
        owner0_.id=?
14:14:35,085 DEBUG SQL:104 - 
    update
        documents 
    set
        name=?,
        summary=?,
        folder=?,
        owner=?,
        text=?,
        lastTextModification=?,
        size_mb=? / cast( 1024.0 as float ) 
    where
        id=?
14:14:35,086 DEBUG SQL:104 - 
    select
        document0_.id as id0_,
        document0_.name as name0_ 
    from
        documents document0_
14:14:35,086 DEBUG SQL:104 - 
    select
        document_.summary as summary0_,
        document_.folder as folder0_,
        document_.owner as owner0_,
        document_.text as text0_,
        document_.lastTextModification as lastText7_0_,
        document_.size_mb * 1024.0 as size8_0_,
        upper(document_.name) as formula81_ 
    from
        documents document_ 
    where
        document_.id=?
14:14:35,097 DEBUG SQL:104 - 
    select
        owner0_.id as id3_0_,
        owner0_.name as name3_0_ 
    from
        owners owner0_ 
    where
        owner0_.id=?
14:14:35,098 DEBUG SQL:104 - 
    select
        document0_.id as id0_,
        document0_.name as name0_ 
    from
        documents document0_
14:14:35,098 DEBUG SQL:104 - 
    select
        document_.summary as summary0_,
        document_.folder as folder0_,
        document_.owner as owner0_,
        document_.text as text0_,
        document_.lastTextModification as lastText7_0_,
        document_.size_mb * 1024.0 as size8_0_,
        upper(document_.name) as formula81_ 
    from
        documents document_ 
    where
        document_.id=?
14:14:35,099 DEBUG SQL:104 - 
    select
        owner0_.id as id3_0_,
        owner0_.name as name3_0_ 
    from
        owners owner0_ 
    where
        owner0_.id=?
14:14:35,107 DEBUG SQL:104 - 
    select
        document0_.id as id0_,
        document0_.name as name0_ 
    from
        documents document0_
14:14:35,108 DEBUG SQL:104 - 
    update
        documents 
    set
        name=? 
    where
        id=?
14:14:35,113 DEBUG SQL:104 - 
    select
        document_.summary as summary0_,
        document_.folder as folder0_,
        document_.owner as owner0_,
        document_.text as text0_,
        document_.lastTextModification as lastText7_0_,
        document_.size_mb * 1024.0 as size8_0_,
        upper(document_.name) as formula81_ 
    from
        documents document_ 
    where
        document_.id=?
14:14:35,119 DEBUG SQL:104 - 
    select
        owner0_.id as id3_0_,
        owner0_.name as name3_0_ 
    from
        owners owner0_ 
    where
        owner0_.id=?
14:14:35,120 DEBUG SQL:104 - 
    update
        documents 
    set
        name=?,
        summary=?,
        folder=?,
        owner=?,
        text=?,
        lastTextModification=?,
        size_mb=? / cast( 1024.0 as float ) 
    where
        id=?
14:14:35,121 DEBUG SQL:104 - 
    select
        document0_.id as id0_,
        document0_.name as name0_ 
    from
        documents document0_
14:14:35,121 DEBUG SQL:104 - 
    select
        document_.summary as summary0_,
        document_.folder as folder0_,
        document_.owner as owner0_,
        document_.text as text0_,
        document_.lastTextModification as lastText7_0_,
        document_.size_mb * 1024.0 as size8_0_,
        upper(document_.name) as formula81_ 
    from
        documents document_ 
    where
        document_.id=?
14:14:35,130 DEBUG SQL:104 - 
    select
        owner0_.id as id3_0_,
        owner0_.name as name3_0_ 
    from
        owners owner0_ 
    where
        owner0_.id=?
14:14:35,145 DEBUG SQL:104 - 
    select
        document0_.id as id0_0_,
        document0_.name as name0_0_ 
    from
        documents document0_ 
    where
        document0_.id=?
14:14:35,146 DEBUG SQL:104 - 
    select
        document0_.id as id0_,
        document0_.name as name0_ 
    from
        documents document0_
14:14:35,146 DEBUG SQL:104 - 
    select
        document_.summary as summary0_,
        document_.folder as folder0_,
        document_.owner as owner0_,
        document_.text as text0_,
        document_.lastTextModification as lastText7_0_,
        document_.size_mb * 1024.0 as size8_0_,
        upper(document_.name) as formula81_ 
    from
        documents document_ 
    where
        document_.id=?
14:14:35,146 DEBUG SQL:104 - 
    select
        owner0_.id as id3_0_,
        owner0_.name as name3_0_ 
    from
        owners owner0_ 
    where
        owner0_.id=?
14:14:35,147 DEBUG SQL:104 - 
    select
        folder0_.id as id2_0_,
        folder0_.name as name2_0_,
        folder0_.parent as parent2_0_ 
    from
        folders folder0_ 
    where
        folder0_.id=?
14:14:35,147 DEBUG SQL:104 - 
    select
        documents0_.folder as folder2_1_,
        documents0_.id as id0_1_,
        documents0_.id as id0_0_,
        documents0_.name as name0_0_ 
    from
        documents documents0_ 
    where
        documents0_.folder=?
14:14:35,148 DEBUG SQL:104 - 
    delete 
    from
        documents 
    where
        id=?
14:14:35,148 DEBUG SQL:104 - 
    delete 
    from
        folders 
    where
        id=?
14:14:35,148 DEBUG SQL:104 - 
    delete 
    from
        owners 
    where
        id=?
14:14:35,155 DEBUG SQL:104 - 
    insert 
    into
        owners
        (name, id) 
    values
        (?, ?)
14:14:35,156 DEBUG SQL:104 - 
    insert 
    into
        folders
        (name, parent, id) 
    values
        (?, ?, ?)
14:14:35,156 DEBUG SQL:104 - 
    insert 
    into
        documents
        (name, summary, folder, owner, text, lastTextModification, size_mb, id) 
    values
        (?, ?, ?, ?, ?, ?, ? / cast( 1024.0 as float ), ?)
14:14:35,157 DEBUG SQL:104 - 
    select
        document0_.id as id0_0_,
        document0_.name as name0_0_ 
    from
        documents document0_ 
    where
        document0_.id=?
14:14:35,157 DEBUG SQL:104 - 
    select
        document_.summary as summary0_,
        document_.folder as folder0_,
        document_.owner as owner0_,
        document_.text as text0_,
        document_.lastTextModification as lastText7_0_,
        document_.size_mb * 1024.0 as size8_0_,
        upper(document_.name) as formula81_ 
    from
        documents document_ 
    where
        document_.id=?
14:14:35,157 DEBUG SQL:104 - 
    select
        owner0_.id as id3_0_,
        owner0_.name as name3_0_ 
    from
        owners owner0_ 
    where
        owner0_.id=?
14:14:35,199 DEBUG SQL:104 - 
    select
        document0_.id as id0_,
        document0_.name as name0_ 
    from
        documents document0_
14:14:35,200 DEBUG SQL:104 - 
    select
        document_.summary as summary0_,
        document_.folder as folder0_,
        document_.owner as owner0_,
        document_.text as text0_,
        document_.lastTextModification as lastText7_0_,
        document_.size_mb * 1024.0 as size8_0_,
        upper(document_.name) as formula81_ 
    from
        documents document_ 
    where
        document_.id=?
14:14:35,201 DEBUG SQL:104 - 
    select
        owner0_.id as id3_0_,
        owner0_.name as name3_0_ 
    from
        owners owner0_ 
    where
        owner0_.id=?
14:14:35,205 DEBUG SQL:104 - 
    select
        document0_.id as id0_,
        document0_.name as name0_ 
    from
        documents document0_
14:14:35,206 DEBUG SQL:104 - 
    select
        document_.summary as summary0_,
        document_.folder as folder0_,
        document_.owner as owner0_,
        document_.text as text0_,
        document_.lastTextModification as lastText7_0_,
        document_.size_mb * 1024.0 as size8_0_,
        upper(document_.name) as formula81_ 
    from
        documents document_ 
    where
        document_.id=?
14:14:35,206 DEBUG SQL:104 - 
    select
        owner0_.id as id3_0_,
        owner0_.name as name3_0_ 
    from
        owners owner0_ 
    where
        owner0_.id=?
14:14:35,207 DEBUG SQL:104 - 
    select
        document0_.id as id0_,
        document0_.name as name0_ 
    from
        documents document0_
14:14:35,207 DEBUG SQL:104 - 
    update
        documents 
    set
        name=? 
    where
        id=?
14:14:35,208 DEBUG SQL:104 - 
    select
        document0_.id as id0_,
        document0_.name as name0_ 
    from
        documents document0_
14:14:35,208 DEBUG SQL:104 - 
    select
        document_.summary as summary0_,
        document_.folder as folder0_,
        document_.owner as owner0_,
        document_.text as text0_,
        document_.lastTextModification as lastText7_0_,
        document_.size_mb * 1024.0 as size8_0_,
        upper(document_.name) as formula81_ 
    from
        documents document_ 
    where
        document_.id=?
14:14:35,217 DEBUG SQL:104 - 
    select
        owner0_.id as id3_0_,
        owner0_.name as name3_0_ 
    from
        owners owner0_ 
    where
        owner0_.id=?
14:14:35,218 DEBUG SQL:104 - 
    select
        document0_.id as id0_,
        document0_.name as name0_ 
    from
        documents document0_
14:14:35,219 DEBUG SQL:104 - 
    select
        document_.summary as summary0_,
        document_.folder as folder0_,
        document_.owner as owner0_,
        document_.text as text0_,
        document_.lastTextModification as lastText7_0_,
        document_.size_mb * 1024.0 as size8_0_,
        upper(document_.name) as formula81_ 
    from
        documents document_ 
    where
        document_.id=?
14:14:35,219 DEBUG SQL:104 - 
    select
        owner0_.id as id3_0_,
        owner0_.name as name3_0_ 
    from
        owners owner0_ 
    where
        owner0_.id=?
14:14:35,231 DEBUG SQL:104 - 
    update
        documents 
    set
        name=?,
        summary=?,
        folder=?,
        owner=?,
        text=?,
        lastTextModification=?,
        size_mb=? / cast( 1024.0 as float ) 
    where
        id=?
14:14:35,233 DEBUG SQL:104 - 
    select
        document0_.id as id0_,
        document0_.name as name0_ 
    from
        documents document0_
14:14:35,233 DEBUG SQL:104 - 
    select
        document_.summary as summary0_,
        document_.folder as folder0_,
        document_.owner as owner0_,
        document_.text as text0_,
        document_.lastTextModification as lastText7_0_,
        document_.size_mb * 1024.0 as size8_0_,
        upper(document_.name) as formula81_ 
    from
        documents document_ 
    where
        document_.id=?
14:14:35,245 DEBUG SQL:104 - 
    select
        owner0_.id as id3_0_,
        owner0_.name as name3_0_ 
    from
        owners owner0_ 
    where
        owner0_.id=?
14:14:35,246 DEBUG SQL:104 - 
    select
        document0_.id as id0_,
        document0_.name as name0_ 
    from
        documents document0_
14:14:35,246 DEBUG SQL:104 - 
    select
        document_.summary as summary0_,
        document_.folder as folder0_,
        document_.owner as owner0_,
        document_.text as text0_,
        document_.lastTextModification as lastText7_0_,
        document_.size_mb * 1024.0 as size8_0_,
        upper(document_.name) as formula81_ 
    from
        documents document_ 
    where
        document_.id=?
14:14:35,260 DEBUG SQL:104 - 
    select
        owner0_.id as id3_0_,
        owner0_.name as name3_0_ 
    from
        owners owner0_ 
    where
        owner0_.id=?
14:14:35,262 DEBUG SQL:104 - 
    select
        document0_.id as id0_,
        document0_.name as name0_ 
    from
        documents document0_
14:14:35,263 DEBUG SQL:104 - 
    update
        documents 
    set
        name=? 
    where
        id=?
14:14:35,263 DEBUG SQL:104 - 
    select
        document_.summary as summary0_,
        document_.folder as folder0_,
        document_.owner as owner0_,
        document_.text as text0_,
        document_.lastTextModification as lastText7_0_,
        document_.size_mb * 1024.0 as size8_0_,
        upper(document_.name) as formula81_ 
    from
        documents document_ 
    where
        document_.id=?
14:14:35,264 DEBUG SQL:104 - 
    select
        owner0_.id as id3_0_,
        owner0_.name as name3_0_ 
    from
        owners owner0_ 
    where
        owner0_.id=?
14:14:35,264 DEBUG SQL:104 - 
    update
        documents 
    set
        name=?,
        summary=?,
        folder=?,
        owner=?,
        text=?,
        lastTextModification=?,
        size_mb=? / cast( 1024.0 as float ) 
    where
        id=?
14:14:35,265 DEBUG SQL:104 - 
    select
        document0_.id as id0_,
        document0_.name as name0_ 
    from
        documents document0_
14:14:35,281 DEBUG SQL:104 - 
    select
        document_.summary as summary0_,
        document_.folder as folder0_,
        document_.owner as owner0_,
        document_.text as text0_,
        document_.lastTextModification as lastText7_0_,
        document_.size_mb * 1024.0 as size8_0_,
        upper(document_.name) as formula81_ 
    from
        documents document_ 
    where
        document_.id=?
14:14:35,281 DEBUG SQL:104 - 
    select
        owner0_.id as id3_0_,
        owner0_.name as name3_0_ 
    from
        owners owner0_ 
    where
        owner0_.id=?
14:14:35,282 DEBUG SQL:104 - 
    select
        document0_.id as id0_0_,
        document0_.name as name0_0_ 
    from
        documents document0_ 
    where
        document0_.id=?
14:14:35,295 DEBUG SQL:104 - 
    select
        document0_.id as id0_,
        document0_.name as name0_ 
    from
        documents document0_
14:14:35,296 DEBUG SQL:104 - 
    select
        document_.summary as summary0_,
        document_.folder as folder0_,
        document_.owner as owner0_,
        document_.text as text0_,
        document_.lastTextModification as lastText7_0_,
        document_.size_mb * 1024.0 as size8_0_,
        upper(document_.name) as formula81_ 
    from
        documents document_ 
    where
        document_.id=?
14:14:35,296 DEBUG SQL:104 - 
    select
        owner0_.id as id3_0_,
        owner0_.name as name3_0_ 
    from
        owners owner0_ 
    where
        owner0_.id=?
14:14:35,297 DEBUG SQL:104 - 
    select
        folder0_.id as id2_0_,
        folder0_.name as name2_0_,
        folder0_.parent as parent2_0_ 
    from
        folders folder0_ 
    where
        folder0_.id=?
14:14:35,297 DEBUG SQL:104 - 
    select
        documents0_.folder as folder2_1_,
        documents0_.id as id0_1_,
        documents0_.id as id0_0_,
        documents0_.name as name0_0_ 
    from
        documents documents0_ 
    where
        documents0_.folder=?
14:14:35,323 DEBUG SQL:104 - 
    delete 
    from
        documents 
    where
        id=?
14:14:35,324 DEBUG SQL:104 - 
    delete 
    from
        folders 
    where
        id=?
14:14:35,324 DEBUG SQL:104 - 
    delete 
    from
        owners 
    where
        id=?
14:14:35,325 DEBUG SQL:104 - 
    insert 
    into
        owners
        (name, id) 
    values
        (?, ?)
14:14:35,325 DEBUG SQL:104 - 
    insert 
    into
        folders
        (name, parent, id) 
    values
        (?, ?, ?)
14:14:35,337 DEBUG SQL:104 - 
    insert 
    into
        documents
        (name, summary, folder, owner, text, lastTextModification, size_mb, id) 
    values
        (?, ?, ?, ?, ?, ?, ? / cast( 1024.0 as float ), ?)
14:14:35,339 DEBUG SQL:104 - 
    select
        document0_.id as id0_0_,
        document0_.name as name0_0_ 
    from
        documents document0_ 
    where
        document0_.id=?
14:14:35,339 DEBUG SQL:104 - 
    select
        document_.summary as summary0_,
        document_.folder as folder0_,
        document_.owner as owner0_,
        document_.text as text0_,
        document_.lastTextModification as lastText7_0_,
        document_.size_mb * 1024.0 as size8_0_,
        upper(document_.name) as formula81_ 
    from
        documents document_ 
    where
        document_.id=?
14:14:35,339 DEBUG SQL:104 - 
    select
        owner0_.id as id3_0_,
        owner0_.name as name3_0_ 
    from
        owners owner0_ 
    where
        owner0_.id=?
14:14:35,340 DEBUG SQL:104 - 
    select
        document0_.id as id0_,
        document0_.name as name0_ 
    from
        documents document0_
14:14:35,340 DEBUG SQL:104 - 
    select
        document_.summary as summary0_,
        document_.folder as folder0_,
        document_.owner as owner0_,
        document_.text as text0_,
        document_.lastTextModification as lastText7_0_,
        document_.size_mb * 1024.0 as size8_0_,
        upper(document_.name) as formula81_ 
    from
        documents document_ 
    where
        document_.id=?
14:14:35,341 DEBUG SQL:104 - 
    select
        owner0_.id as id3_0_,
        owner0_.name as name3_0_ 
    from
        owners owner0_ 
    where
        owner0_.id=?
14:14:35,341 DEBUG SQL:104 - 
    select
        document0_.id as id0_,
        document0_.name as name0_ 
    from
        documents document0_
14:14:35,341 DEBUG SQL:104 - 
    select
        document_.summary as summary0_,
        document_.folder as folder0_,
        document_.owner as owner0_,
        document_.text as text0_,
        document_.lastTextModification as lastText7_0_,
        document_.size_mb * 1024.0 as size8_0_,
        upper(document_.name) as formula81_ 
    from
        documents document_ 
    where
        document_.id=?
14:14:35,368 DEBUG SQL:104 - 
    select
        owner0_.id as id3_0_,
        owner0_.name as name3_0_ 
    from
        owners owner0_ 
    where
        owner0_.id=?
14:14:35,369 DEBUG SQL:104 - 
    select
        document0_.id as id0_,
        document0_.name as name0_ 
    from
        documents document0_
14:14:35,370 DEBUG SQL:104 - 
    update
        documents 
    set
        name=? 
    where
        id=?
14:14:35,383 DEBUG SQL:104 - 
    select
        document0_.id as id0_,
        document0_.name as name0_ 
    from
        documents document0_
14:14:35,384 DEBUG SQL:104 - 
    select
        document_.summary as summary0_,
        document_.folder as folder0_,
        document_.owner as owner0_,
        document_.text as text0_,
        document_.lastTextModification as lastText7_0_,
        document_.size_mb * 1024.0 as size8_0_,
        upper(document_.name) as formula81_ 
    from
        documents document_ 
    where
        document_.id=?
14:14:35,384 DEBUG SQL:104 - 
    select
        owner0_.id as id3_0_,
        owner0_.name as name3_0_ 
    from
        owners owner0_ 
    where
        owner0_.id=?
14:14:35,385 DEBUG SQL:104 - 
    select
        document0_.id as id0_,
        document0_.name as name0_ 
    from
        documents document0_
14:14:35,396 DEBUG SQL:104 - 
    select
        document_.summary as summary0_,
        document_.folder as folder0_,
        document_.owner as owner0_,
        document_.text as text0_,
        document_.lastTextModification as lastText7_0_,
        document_.size_mb * 1024.0 as size8_0_,
        upper(document_.name) as formula81_ 
    from
        documents document_ 
    where
        document_.id=?
14:14:35,396 DEBUG SQL:104 - 
    select
        owner0_.id as id3_0_,
        owner0_.name as name3_0_ 
    from
        owners owner0_ 
    where
        owner0_.id=?
14:14:35,397 DEBUG SQL:104 - 
    update
        documents 
    set
        name=?,
        summary=?,
        folder=?,
        owner=?,
        text=?,
        lastTextModification=?,
        size_mb=? / cast( 1024.0 as float ) 
    where
        id=?
14:14:35,398 DEBUG SQL:104 - 
    select
        document0_.id as id0_,
        document0_.name as name0_ 
    from
        documents document0_
14:14:35,398 DEBUG SQL:104 - 
    select
        document_.summary as summary0_,
        document_.folder as folder0_,
        document_.owner as owner0_,
        document_.text as text0_,
        document_.lastTextModification as lastText7_0_,
        document_.size_mb * 1024.0 as size8_0_,
        upper(document_.name) as formula81_ 
    from
        documents document_ 
    where
        document_.id=?
14:14:35,398 DEBUG SQL:104 - 
    select
        owner0_.id as id3_0_,
        owner0_.name as name3_0_ 
    from
        owners owner0_ 
    where
        owner0_.id=?
14:14:35,414 DEBUG SQL:104 - 
    select
        document0_.id as id0_,
        document0_.name as name0_ 
    from
        documents document0_
14:14:35,415 DEBUG SQL:104 - 
    select
        document_.summary as summary0_,
        document_.folder as folder0_,
        document_.owner as owner0_,
        document_.text as text0_,
        document_.lastTextModification as lastText7_0_,
        document_.size_mb * 1024.0 as size8_0_,
        upper(document_.name) as formula81_ 
    from
        documents document_ 
    where
        document_.id=?
14:14:35,416 DEBUG SQL:104 - 
    select
        owner0_.id as id3_0_,
        owner0_.name as name3_0_ 
    from
        owners owner0_ 
    where
        owner0_.id=?
14:14:35,431 DEBUG SQL:104 - 
    select
        document0_.id as id0_,
        document0_.name as name0_ 
    from
        documents document0_
14:14:35,432 DEBUG SQL:104 - 
    update
        documents 
    set
        name=? 
    where
        id=?
14:14:35,432 DEBUG SQL:104 - 
    select
        document_.summary as summary0_,
        document_.folder as folder0_,
        document_.owner as owner0_,
        document_.text as text0_,
        document_.lastTextModification as lastText7_0_,
        document_.size_mb * 1024.0 as size8_0_,
        upper(document_.name) as formula81_ 
    from
        documents document_ 
    where
        document_.id=?
14:14:35,433 DEBUG SQL:104 - 
    select
        owner0_.id as id3_0_,
        owner0_.name as name3_0_ 
    from
        owners owner0_ 
    where
        owner0_.id=?
14:14:35,433 DEBUG SQL:104 - 
    update
        documents 
    set
        name=?,
        summary=?,
        folder=?,
        owner=?,
        text=?,
        lastTextModification=?,
        size_mb=? / cast( 1024.0 as float ) 
    where
        id=?
14:14:35,452 DEBUG SQL:104 - 
    select
        document0_.id as id0_,
        document0_.name as name0_ 
    from
        documents document0_
14:14:35,452 DEBUG SQL:104 - 
    select
        document_.summary as summary0_,
        document_.folder as folder0_,
        document_.owner as owner0_,
        document_.text as text0_,
        document_.lastTextModification as lastText7_0_,
        document_.size_mb * 1024.0 as size8_0_,
        upper(document_.name) as formula81_ 
    from
        documents document_ 
    where
        document_.id=?
14:14:35,453 DEBUG SQL:104 - 
    select
        owner0_.id as id3_0_,
        owner0_.name as name3_0_ 
    from
        owners owner0_ 
    where
        owner0_.id=?
14:14:35,461 DEBUG SQL:104 - 
    select
        document0_.id as id0_0_,
        document0_.name as name0_0_ 
    from
        documents document0_ 
    where
        document0_.id=?
14:14:35,462 DEBUG SQL:104 - 
    select
        document0_.id as id0_,
        document0_.name as name0_ 
    from
        documents document0_
14:14:35,462 DEBUG SQL:104 - 
    select
        document_.summary as summary0_,
        document_.folder as folder0_,
        document_.owner as owner0_,
        document_.text as text0_,
        document_.lastTextModification as lastText7_0_,
        document_.size_mb * 1024.0 as size8_0_,
        upper(document_.name) as formula81_ 
    from
        documents document_ 
    where
        document_.id=?
14:14:35,462 DEBUG SQL:104 - 
    select
        owner0_.id as id3_0_,
        owner0_.name as name3_0_ 
    from
        owners owner0_ 
    where
        owner0_.id=?
14:14:35,473 DEBUG SQL:104 - 
    select
        folder0_.id as id2_0_,
        folder0_.name as name2_0_,
        folder0_.parent as parent2_0_ 
    from
        folders folder0_ 
    where
        folder0_.id=?
14:14:35,473 DEBUG SQL:104 - 
    select
        documents0_.folder as folder2_1_,
        documents0_.id as id0_1_,
        documents0_.id as id0_0_,
        documents0_.name as name0_0_ 
    from
        documents documents0_ 
    where
        documents0_.folder=?
14:14:35,474 DEBUG SQL:104 - 
    delete 
    from
        documents 
    where
        id=?
14:14:35,474 DEBUG SQL:104 - 
    delete 
    from
        folders 
    where
        id=?
14:14:35,484 DEBUG SQL:104 - 
    delete 
    from
        owners 
    where
        id=?
14:14:35,485 DEBUG SQL:104 - 
    insert 
    into
        owners
        (name, id) 
    values
        (?, ?)
14:14:35,485 DEBUG SQL:104 - 
    insert 
    into
        folders
        (name, parent, id) 
    values
        (?, ?, ?)
14:14:35,486 DEBUG SQL:104 - 
    insert 
    into
        documents
        (name, summary, folder, owner, text, lastTextModification, size_mb, id) 
    values
        (?, ?, ?, ?, ?, ?, ? / cast( 1024.0 as float ), ?)
14:14:35,496 DEBUG SQL:104 - 
    select
        document0_.id as id0_0_,
        document0_.name as name0_0_ 
    from
        documents document0_ 
    where
        document0_.id=?
14:14:35,496 DEBUG SQL:104 - 
    select
        document_.summary as summary0_,
        document_.folder as folder0_,
        document_.owner as owner0_,
        document_.text as text0_,
        document_.lastTextModification as lastText7_0_,
        document_.size_mb * 1024.0 as size8_0_,
        upper(document_.name) as formula81_ 
    from
        documents document_ 
    where
        document_.id=?
14:14:35,497 DEBUG SQL:104 - 
    select
        owner0_.id as id3_0_,
        owner0_.name as name3_0_ 
    from
        owners owner0_ 
    where
        owner0_.id=?
14:14:35,508 DEBUG SQL:104 - 
    select
        document0_.id as id0_,
        document0_.name as name0_ 
    from
        documents document0_
14:14:35,508 DEBUG SQL:104 - 
    select
        document_.summary as summary0_,
        document_.folder as folder0_,
        document_.owner as owner0_,
        document_.text as text0_,
        document_.lastTextModification as lastText7_0_,
        document_.size_mb * 1024.0 as size8_0_,
        upper(document_.name) as formula81_ 
    from
        documents document_ 
    where
        document_.id=?
14:14:35,509 DEBUG SQL:104 - 
    select
        owner0_.id as id3_0_,
        owner0_.name as name3_0_ 
    from
        owners owner0_ 
    where
        owner0_.id=?
14:14:35,509 DEBUG SQL:104 - 
    select
        document0_.id as id0_,
        document0_.name as name0_ 
    from
        documents document0_
14:14:35,521 DEBUG SQL:104 - 
    select
        document_.summary as summary0_,
        document_.folder as folder0_,
        document_.owner as owner0_,
        document_.text as text0_,
        document_.lastTextModification as lastText7_0_,
        document_.size_mb * 1024.0 as size8_0_,
        upper(document_.name) as formula81_ 
    from
        documents document_ 
    where
        document_.id=?
14:14:35,522 DEBUG SQL:104 - 
    select
        owner0_.id as id3_0_,
        owner0_.name as name3_0_ 
    from
        owners owner0_ 
    where
        owner0_.id=?
14:14:35,522 DEBUG SQL:104 - 
    select
        document0_.id as id0_,
        document0_.name as name0_ 
    from
        documents document0_
14:14:35,523 DEBUG SQL:104 - 
    update
        documents 
    set
        name=? 
    where
        id=?
14:14:35,523 DEBUG SQL:104 - 
    select
        document0_.id as id0_,
        document0_.name as name0_ 
    from
        documents document0_
14:14:35,523 DEBUG SQL:104 - 
    select
        document_.summary as summary0_,
        document_.folder as folder0_,
        document_.owner as owner0_,
        document_.text as text0_,
        document_.lastTextModification as lastText7_0_,
        document_.size_mb * 1024.0 as size8_0_,
        upper(document_.name) as formula81_ 
    from
        documents document_ 
    where
        document_.id=?
14:14:35,523 DEBUG SQL:104 - 
    select
        owner0_.id as id3_0_,
        owner0_.name as name3_0_ 
    from
        owners owner0_ 
    where
        owner0_.id=?
14:14:35,538 DEBUG SQL:104 - 
    select
        document0_.id as id0_,
        document0_.name as name0_ 
    from
        documents document0_
14:14:35,539 DEBUG SQL:104 - 
    select
        document_.summary as summary0_,
        document_.folder as folder0_,
        document_.owner as owner0_,
        document_.text as text0_,
        document_.lastTextModification as lastText7_0_,
        document_.size_mb * 1024.0 as size8_0_,
        upper(document_.name) as formula81_ 
    from
        documents document_ 
    where
        document_.id=?
14:14:35,539 DEBUG SQL:104 - 
    select
        owner0_.id as id3_0_,
        owner0_.name as name3_0_ 
    from
        owners owner0_ 
    where
        owner0_.id=?
14:14:35,549 DEBUG SQL:104 - 
    update
        documents 
    set
        name=?,
        summary=?,
        folder=?,
        owner=?,
        text=?,
        lastTextModification=?,
        size_mb=? / cast( 1024.0 as float ) 
    where
        id=?
14:14:35,550 DEBUG SQL:104 - 
    select
        document0_.id as id0_,
        document0_.name as name0_ 
    from
        documents document0_
14:14:35,551 DEBUG SQL:104 - 
    select
        document_.summary as summary0_,
        document_.folder as folder0_,
        document_.owner as owner0_,
        document_.text as text0_,
        document_.lastTextModification as lastText7_0_,
        document_.size_mb * 1024.0 as size8_0_,
        upper(document_.name) as formula81_ 
    from
        documents document_ 
    where
        document_.id=?
14:14:35,551 DEBUG SQL:104 - 
    select
        owner0_.id as id3_0_,
        owner0_.name as name3_0_ 
    from
        owners owner0_ 
    where
        owner0_.id=?
14:14:35,551 DEBUG SQL:104 - 
    select
        document0_.id as id0_,
        document0_.name as name0_ 
    from
        documents document0_
14:14:35,572 DEBUG SQL:104 - 
    select
        document_.summary as summary0_,
        document_.folder as folder0_,
        document_.owner as owner0_,
        document_.text as text0_,
        document_.lastTextModification as lastText7_0_,
        document_.size_mb * 1024.0 as size8_0_,
        upper(document_.name) as formula81_ 
    from
        documents document_ 
    where
        document_.id=?
14:14:35,573 DEBUG SQL:104 - 
    select
        owner0_.id as id3_0_,
        owner0_.name as name3_0_ 
    from
        owners owner0_ 
    where
        owner0_.id=?
14:14:35,573 DEBUG SQL:104 - 
    select
        document0_.id as id0_,
        document0_.name as name0_ 
    from
        documents document0_
14:14:35,574 DEBUG SQL:104 - 
    update
        documents 
    set
        name=? 
    where
        id=?
14:14:35,582 DEBUG SQL:104 - 
    select
        document_.summary as summary0_,
        document_.folder as folder0_,
        document_.owner as owner0_,
        document_.text as text0_,
        document_.lastTextModification as lastText7_0_,
        document_.size_mb * 1024.0 as size8_0_,
        upper(document_.name) as formula81_ 
    from
        documents document_ 
    where
        document_.id=?
14:14:35,583 DEBUG SQL:104 - 
    select
        owner0_.id as id3_0_,
        owner0_.name as name3_0_ 
    from
        owners owner0_ 
    where
        owner0_.id=?
14:14:35,583 DEBUG SQL:104 - 
    update
        documents 
    set
        name=?,
        summary=?,
        folder=?,
        owner=?,
        text=?,
        lastTextModification=?,
        size_mb=? / cast( 1024.0 as float ) 
    where
        id=?
14:14:35,594 DEBUG SQL:104 - 
    select
        document0_.id as id0_,
        document0_.name as name0_ 
    from
        documents document0_
14:14:35,594 DEBUG SQL:104 - 
    select
        document_.summary as summary0_,
        document_.folder as folder0_,
        document_.owner as owner0_,
        document_.text as text0_,
        document_.lastTextModification as lastText7_0_,
        document_.size_mb * 1024.0 as size8_0_,
        upper(document_.name) as formula81_ 
    from
        documents document_ 
    where
        document_.id=?
14:14:35,595 DEBUG SQL:104 - 
    select
        owner0_.id as id3_0_,
        owner0_.name as name3_0_ 
    from
        owners owner0_ 
    where
        owner0_.id=?
14:14:35,605 DEBUG SQL:104 - 
    select
        document0_.id as id0_0_,
        document0_.name as name0_0_ 
    from
        documents document0_ 
    where
        document0_.id=?
14:14:35,605 DEBUG SQL:104 - 
    select
        document0_.id as id0_,
        document0_.name as name0_ 
    from
        documents document0_
14:14:35,605 DEBUG SQL:104 - 
    select
        document_.summary as summary0_,
        document_.folder as folder0_,
        document_.owner as owner0_,
        document_.text as text0_,
        document_.lastTextModification as lastText7_0_,
        document_.size_mb * 1024.0 as size8_0_,
        upper(document_.name) as formula81_ 
    from
        documents document_ 
    where
        document_.id=?
14:14:35,614 DEBUG SQL:104 - 
    select
        owner0_.id as id3_0_,
        owner0_.name as name3_0_ 
    from
        owners owner0_ 
    where
        owner0_.id=?
14:14:35,615 DEBUG SQL:104 - 
    select
        folder0_.id as id2_0_,
        folder0_.name as name2_0_,
        folder0_.parent as parent2_0_ 
    from
        folders folder0_ 
    where
        folder0_.id=?
14:14:35,615 DEBUG SQL:104 - 
    select
        documents0_.folder as folder2_1_,
        documents0_.id as id0_1_,
        documents0_.id as id0_0_,
        documents0_.name as name0_0_ 
    from
        documents documents0_ 
    where
        documents0_.folder=?
14:14:35,616 DEBUG SQL:104 - 
    delete 
    from
        documents 
    where
        id=?
14:14:35,625 DEBUG SQL:104 - 
    delete 
    from
        folders 
    where
        id=?
14:14:35,626 DEBUG SQL:104 - 
    delete 
    from
        owners 
    where
        id=?
14:14:35,627 DEBUG SQL:104 - 
    insert 
    into
        owners
        (name, id) 
    values
        (?, ?)
14:14:35,627 DEBUG SQL:104 - 
    insert 
    into
        folders
        (name, parent, id) 
    values
        (?, ?, ?)
14:14:35,627 DEBUG SQL:104 - 
    insert 
    into
        documents
        (name, summary, folder, owner, text, lastTextModification, size_mb, id) 
    values
        (?, ?, ?, ?, ?, ?, ? / cast( 1024.0 as float ), ?)
14:14:35,638 DEBUG SQL:104 - 
    select
        document0_.id as id0_0_,
        document0_.name as name0_0_ 
    from
        documents document0_ 
    where
        document0_.id=?
14:14:35,639 DEBUG SQL:104 - 
    select
        document_.summary as summary0_,
        document_.folder as folder0_,
        document_.owner as owner0_,
        document_.text as text0_,
        document_.lastTextModification as lastText7_0_,
        document_.size_mb * 1024.0 as size8_0_,
        upper(document_.name) as formula81_ 
    from
        documents document_ 
    where
        document_.id=?
14:14:35,639 DEBUG SQL:104 - 
    select
        owner0_.id as id3_0_,
        owner0_.name as name3_0_ 
    from
        owners owner0_ 
    where
        owner0_.id=?
14:14:35,649 DEBUG SQL:104 - 
    select
        document0_.id as id0_,
        document0_.name as name0_ 
    from
        documents document0_
14:14:35,649 DEBUG SQL:104 - 
    select
        document_.summary as summary0_,
        document_.folder as folder0_,
        document_.owner as owner0_,
        document_.text as text0_,
        document_.lastTextModification as lastText7_0_,
        document_.size_mb * 1024.0 as size8_0_,
        upper(document_.name) as formula81_ 
    from
        documents document_ 
    where
        document_.id=?
14:14:35,650 DEBUG SQL:104 - 
    select
        owner0_.id as id3_0_,
        owner0_.name as name3_0_ 
    from
        owners owner0_ 
    where
        owner0_.id=?
14:14:35,650 DEBUG SQL:104 - 
    select
        document0_.id as id0_,
        document0_.name as name0_ 
    from
        documents document0_
14:14:35,650 DEBUG SQL:104 - 
    select
        document_.summary as summary0_,
        document_.folder as folder0_,
        document_.owner as owner0_,
        document_.text as text0_,
        document_.lastTextModification as lastText7_0_,
        document_.size_mb * 1024.0 as size8_0_,
        upper(document_.name) as formula81_ 
    from
        documents document_ 
    where
        document_.id=?
14:14:35,651 DEBUG SQL:104 - 
    select
        owner0_.id as id3_0_,
        owner0_.name as name3_0_ 
    from
        owners owner0_ 
    where
        owner0_.id=?
14:14:35,651 DEBUG SQL:104 - 
    select
        document0_.id as id0_,
        document0_.name as name0_ 
    from
        documents document0_
14:14:35,663 DEBUG SQL:104 - 
    update
        documents 
    set
        name=? 
    where
        id=?
14:14:35,664 DEBUG SQL:104 - 
    select
        document0_.id as id0_,
        document0_.name as name0_ 
    from
        documents document0_
14:14:35,664 DEBUG SQL:104 - 
    select
        document_.summary as summary0_,
        document_.folder as folder0_,
        document_.owner as owner0_,
        document_.text as text0_,
        document_.lastTextModification as lastText7_0_,
        document_.size_mb * 1024.0 as size8_0_,
        upper(document_.name) as formula81_ 
    from
        documents document_ 
    where
        document_.id=?
14:14:35,665 DEBUG SQL:104 - 
    select
        owner0_.id as id3_0_,
        owner0_.name as name3_0_ 
    from
        owners owner0_ 
    where
        owner0_.id=?
14:14:35,674 DEBUG SQL:104 - 
    select
        document0_.id as id0_,
        document0_.name as name0_ 
    from
        documents document0_
14:14:35,674 DEBUG SQL:104 - 
    select
        document_.summary as summary0_,
        document_.folder as folder0_,
        document_.owner as owner0_,
        document_.text as text0_,
        document_.lastTextModification as lastText7_0_,
        document_.size_mb * 1024.0 as size8_0_,
        upper(document_.name) as formula81_ 
    from
        documents document_ 
    where
        document_.id=?
14:14:35,675 DEBUG SQL:104 - 
    select
        owner0_.id as id3_0_,
        owner0_.name as name3_0_ 
    from
        owners owner0_ 
    where
        owner0_.id=?
14:14:35,675 DEBUG SQL:104 - 
    update
        documents 
    set
        name=?,
        summary=?,
        folder=?,
        owner=?,
        text=?,
        lastTextModification=?,
        size_mb=? / cast( 1024.0 as float ) 
    where
        id=?
14:14:35,701 DEBUG SQL:104 - 
    select
        document0_.id as id0_,
        document0_.name as name0_ 
    from
        documents document0_
14:14:35,702 DEBUG SQL:104 - 
    select
        document_.summary as summary0_,
        document_.folder as folder0_,
        document_.owner as owner0_,
        document_.text as text0_,
        document_.lastTextModification as lastText7_0_,
        document_.size_mb * 1024.0 as size8_0_,
        upper(document_.name) as formula81_ 
    from
        documents document_ 
    where
        document_.id=?
14:14:35,702 DEBUG SQL:104 - 
    select
        owner0_.id as id3_0_,
        owner0_.name as name3_0_ 
    from
        owners owner0_ 
    where
        owner0_.id=?
14:14:35,703 DEBUG SQL:104 - 
    select
        document0_.id as id0_,
        document0_.name as name0_ 
    from
        documents document0_
14:14:35,712 DEBUG SQL:104 - 
    select
        document_.summary as summary0_,
        document_.folder as folder0_,
        document_.owner as owner0_,
        document_.text as text0_,
        document_.lastTextModification as lastText7_0_,
        document_.size_mb * 1024.0 as size8_0_,
        upper(document_.name) as formula81_ 
    from
        documents document_ 
    where
        document_.id=?
14:14:35,713 DEBUG SQL:104 - 
    select
        owner0_.id as id3_0_,
        owner0_.name as name3_0_ 
    from
        owners owner0_ 
    where
        owner0_.id=?
14:14:35,713 DEBUG SQL:104 - 
    select
        document0_.id as id0_,
        document0_.name as name0_ 
    from
        documents document0_
14:14:35,724 DEBUG SQL:104 - 
    update
        documents 
    set
        name=? 
    where
        id=?
14:14:35,725 DEBUG SQL:104 - 
    select
        document_.summary as summary0_,
        document_.folder as folder0_,
        document_.owner as owner0_,
        document_.text as text0_,
        document_.lastTextModification as lastText7_0_,
        document_.size_mb * 1024.0 as size8_0_,
        upper(document_.name) as formula81_ 
    from
        documents document_ 
    where
        document_.id=?
14:14:35,725 DEBUG SQL:104 - 
    select
        owner0_.id as id3_0_,
        owner0_.name as name3_0_ 
    from
        owners owner0_ 
    where
        owner0_.id=?
14:14:35,726 DEBUG SQL:104 - 
    update
        documents 
    set
        name=?,
        summary=?,
        folder=?,
        owner=?,
        text=?,
        lastTextModification=?,
        size_mb=? / cast( 1024.0 as float ) 
    where
        id=?
14:14:35,734 DEBUG SQL:104 - 
    select
        document0_.id as id0_,
        document0_.name as name0_ 
    from
        documents document0_
14:14:35,735 DEBUG SQL:104 - 
    select
        document_.summary as summary0_,
        document_.folder as folder0_,
        document_.owner as owner0_,
        document_.text as text0_,
        document_.lastTextModification as lastText7_0_,
        document_.size_mb * 1024.0 as size8_0_,
        upper(document_.name) as formula81_ 
    from
        documents document_ 
    where
        document_.id=?
14:14:35,745 DEBUG SQL:104 - 
    select
        owner0_.id as id3_0_,
        owner0_.name as name3_0_ 
    from
        owners owner0_ 
    where
        owner0_.id=?
14:14:35,746 DEBUG SQL:104 - 
    select
        document0_.id as id0_0_,
        document0_.name as name0_0_ 
    from
        documents document0_ 
    where
        document0_.id=?
14:14:35,746 DEBUG SQL:104 - 
    select
        document0_.id as id0_,
        document0_.name as name0_ 
    from
        documents document0_
14:14:35,747 DEBUG SQL:104 - 
    select
        document_.summary as summary0_,
        document_.folder as folder0_,
        document_.owner as owner0_,
        document_.text as text0_,
        document_.lastTextModification as lastText7_0_,
        document_.size_mb * 1024.0 as size8_0_,
        upper(document_.name) as formula81_ 
    from
        documents document_ 
    where
        document_.id=?
14:14:35,755 DEBUG SQL:104 - 
    select
        owner0_.id as id3_0_,
        owner0_.name as name3_0_ 
    from
        owners owner0_ 
    where
        owner0_.id=?
14:14:35,756 DEBUG SQL:104 - 
    select
        folder0_.id as id2_0_,
        folder0_.name as name2_0_,
        folder0_.parent as parent2_0_ 
    from
        folders folder0_ 
    where
        folder0_.id=?
14:14:35,756 DEBUG SQL:104 - 
    select
        documents0_.folder as folder2_1_,
        documents0_.id as id0_1_,
        documents0_.id as id0_0_,
        documents0_.name as name0_0_ 
    from
        documents documents0_ 
    where
        documents0_.folder=?
14:14:35,766 DEBUG SQL:104 - 
    delete 
    from
        documents 
    where
        id=?
14:14:35,767 DEBUG SQL:104 - 
    delete 
    from
        folders 
    where
        id=?
14:14:35,767 DEBUG SQL:104 - 
    delete 
    from
        owners 
    where
        id=?
14:14:35,768 DEBUG SQL:104 - 
    insert 
    into
        owners
        (name, id) 
    values
        (?, ?)
14:14:35,768 DEBUG SQL:104 - 
    insert 
    into
        folders
        (name, parent, id) 
    values
        (?, ?, ?)
14:14:35,777 DEBUG SQL:104 - 
    insert 
    into
        documents
        (name, summary, folder, owner, text, lastTextModification, size_mb, id) 
    values
        (?, ?, ?, ?, ?, ?, ? / cast( 1024.0 as float ), ?)
14:14:35,778 DEBUG SQL:104 - 
    select
        document0_.id as id0_0_,
        document0_.name as name0_0_ 
    from
        documents document0_ 
    where
        document0_.id=?
14:14:35,778 DEBUG SQL:104 - 
    select
        document_.summary as summary0_,
        document_.folder as folder0_,
        document_.owner as owner0_,
        document_.text as text0_,
        document_.lastTextModification as lastText7_0_,
        document_.size_mb * 1024.0 as size8_0_,
        upper(document_.name) as formula81_ 
    from
        documents document_ 
    where
        document_.id=?
14:14:35,779 DEBUG SQL:104 - 
    select
        owner0_.id as id3_0_,
        owner0_.name as name3_0_ 
    from
        owners owner0_ 
    where
        owner0_.id=?
14:14:35,779 DEBUG SQL:104 - 
    select
        document0_.id as id0_,
        document0_.name as name0_ 
    from
        documents document0_
14:14:35,780 DEBUG SQL:104 - 
    select
        document_.summary as summary0_,
        document_.folder as folder0_,
        document_.owner as owner0_,
        document_.text as text0_,
        document_.lastTextModification as lastText7_0_,
        document_.size_mb * 1024.0 as size8_0_,
        upper(document_.name) as formula81_ 
    from
        documents document_ 
    where
        document_.id=?
14:14:35,780 DEBUG SQL:104 - 
    select
        owner0_.id as id3_0_,
        owner0_.name as name3_0_ 
    from
        owners owner0_ 
    where
        owner0_.id=?
14:14:35,791 DEBUG SQL:104 - 
    select
        document0_.id as id0_,
        document0_.name as name0_ 
    from
        documents document0_
14:14:35,792 DEBUG SQL:104 - 
    select
        document_.summary as summary0_,
        document_.folder as folder0_,
        document_.owner as owner0_,
        document_.text as text0_,
        document_.lastTextModification as lastText7_0_,
        document_.size_mb * 1024.0 as size8_0_,
        upper(document_.name) as formula81_ 
    from
        documents document_ 
    where
        document_.id=?
14:14:35,792 DEBUG SQL:104 - 
    select
        owner0_.id as id3_0_,
        owner0_.name as name3_0_ 
    from
        owners owner0_ 
    where
        owner0_.id=?
14:14:35,802 DEBUG SQL:104 - 
    select
        document0_.id as id0_,
        document0_.name as name0_ 
    from
        documents document0_
14:14:35,803 DEBUG SQL:104 - 
    update
        documents 
    set
        name=? 
    where
        id=?
14:14:35,803 DEBUG SQL:104 - 
    select
        document0_.id as id0_,
        document0_.name as name0_ 
    from
        documents document0_
14:14:35,804 DEBUG SQL:104 - 
    select
        document_.summary as summary0_,
        document_.folder as folder0_,
        document_.owner as owner0_,
        document_.text as text0_,
        document_.lastTextModification as lastText7_0_,
        document_.size_mb * 1024.0 as size8_0_,
        upper(document_.name) as formula81_ 
    from
        documents document_ 
    where
        document_.id=?
14:14:35,804 DEBUG SQL:104 - 
    select
        owner0_.id as id3_0_,
        owner0_.name as name3_0_ 
    from
        owners owner0_ 
    where
        owner0_.id=?
14:14:35,805 DEBUG SQL:104 - 
    select
        document0_.id as id0_,
        document0_.name as name0_ 
    from
        documents document0_
14:14:35,826 DEBUG SQL:104 - 
    select
        document_.summary as summary0_,
        document_.folder as folder0_,
        document_.owner as owner0_,
        document_.text as text0_,
        document_.lastTextModification as lastText7_0_,
        document_.size_mb * 1024.0 as size8_0_,
        upper(document_.name) as formula81_ 
    from
        documents document_ 
    where
        document_.id=?
14:14:35,826 DEBUG SQL:104 - 
    select
        owner0_.id as id3_0_,
        owner0_.name as name3_0_ 
    from
        owners owner0_ 
    where
        owner0_.id=?
14:14:35,827 DEBUG SQL:104 - 
    update
        documents 
    set
        name=?,
        summary=?,
        folder=?,
        owner=?,
        text=?,
        lastTextModification=?,
        size_mb=? / cast( 1024.0 as float ) 
    where
        id=?
14:14:35,838 DEBUG SQL:104 - 
    select
        document0_.id as id0_,
        document0_.name as name0_ 
    from
        documents document0_
14:14:35,838 DEBUG SQL:104 - 
    select
        document_.summary as summary0_,
        document_.folder as folder0_,
        document_.owner as owner0_,
        document_.text as text0_,
        document_.lastTextModification as lastText7_0_,
        document_.size_mb * 1024.0 as size8_0_,
        upper(document_.name) as formula81_ 
    from
        documents document_ 
    where
        document_.id=?
14:14:35,839 DEBUG SQL:104 - 
    select
        owner0_.id as id3_0_,
        owner0_.name as name3_0_ 
    from
        owners owner0_ 
    where
        owner0_.id=?
14:14:35,848 DEBUG SQL:104 - 
    select
        document0_.id as id0_,
        document0_.name as name0_ 
    from
        documents document0_
14:14:35,849 DEBUG SQL:104 - 
    select
        document_.summary as summary0_,
        document_.folder as folder0_,
        document_.owner as owner0_,
        document_.text as text0_,
        document_.lastTextModification as lastText7_0_,
        document_.size_mb * 1024.0 as size8_0_,
        upper(document_.name) as formula81_ 
    from
        documents document_ 
    where
        document_.id=?
14:14:35,849 DEBUG SQL:104 - 
    select
        owner0_.id as id3_0_,
        owner0_.name as name3_0_ 
    from
        owners owner0_ 
    where
        owner0_.id=?
14:14:35,850 DEBUG SQL:104 - 
    select
        document0_.id as id0_,
        document0_.name as name0_ 
    from
        documents document0_
14:14:35,861 DEBUG SQL:104 - 
    update
        documents 
    set
        name=? 
    where
        id=?
14:14:35,862 DEBUG SQL:104 - 
    select
        document_.summary as summary0_,
        document_.folder as folder0_,
        document_.owner as owner0_,
        document_.text as text0_,
        document_.lastTextModification as lastText7_0_,
        document_.size_mb * 1024.0 as size8_0_,
        upper(document_.name) as formula81_ 
    from
        documents document_ 
    where
        document_.id=?
14:14:35,862 DEBUG SQL:104 - 
    select
        owner0_.id as id3_0_,
        owner0_.name as name3_0_ 
    from
        owners owner0_ 
    where
        owner0_.id=?
14:14:35,872 DEBUG SQL:104 - 
    update
        documents 
    set
        name=?,
        summary=?,
        folder=?,
        owner=?,
        text=?,
        lastTextModification=?,
        size_mb=? / cast( 1024.0 as float ) 
    where
        id=?
14:14:35,873 DEBUG SQL:104 - 
    select
        document0_.id as id0_,
        document0_.name as name0_ 
    from
        documents document0_
14:14:35,873 DEBUG SQL:104 - 
    select
        document_.summary as summary0_,
        document_.folder as folder0_,
        document_.owner as owner0_,
        document_.text as text0_,
        document_.lastTextModification as lastText7_0_,
        document_.size_mb * 1024.0 as size8_0_,
        upper(document_.name) as formula81_ 
    from
        documents document_ 
    where
        document_.id=?
14:14:35,874 DEBUG SQL:104 - 
    select
        owner0_.id as id3_0_,
        owner0_.name as name3_0_ 
    from
        owners owner0_ 
    where
        owner0_.id=?
14:14:35,874 DEBUG SQL:104 - 
    select
        document0_.id as id0_0_,
        document0_.name as name0_0_ 
    from
        documents document0_ 
    where
        document0_.id=?
14:14:35,875 DEBUG SQL:104 - 
    select
        document0_.id as id0_,
        document0_.name as name0_ 
    from
        documents document0_
14:14:35,875 DEBUG SQL:104 - 
    select
        document_.summary as summary0_,
        document_.folder as folder0_,
        document_.owner as owner0_,
        document_.text as text0_,
        document_.lastTextModification as lastText7_0_,
        document_.size_mb * 1024.0 as size8_0_,
        upper(document_.name) as formula81_ 
    from
        documents document_ 
    where
        document_.id=?
14:14:35,875 DEBUG SQL:104 - 
    select
        owner0_.id as id3_0_,
        owner0_.name as name3_0_ 
    from
        owners owner0_ 
    where
        owner0_.id=?
14:14:35,895 DEBUG SQL:104 - 
    select
        folder0_.id as id2_0_,
        folder0_.name as name2_0_,
        folder0_.parent as parent2_0_ 
    from
        folders folder0_ 
    where
        folder0_.id=?
14:14:35,896 DEBUG SQL:104 - 
    select
        documents0_.folder as folder2_1_,
        documents0_.id as id0_1_,
        documents0_.id as id0_0_,
        documents0_.name as name0_0_ 
    from
        documents documents0_ 
    where
        documents0_.folder=?
14:14:35,896 DEBUG SQL:104 - 
    delete 
    from
        documents 
    where
        id=?
14:14:35,897 DEBUG SQL:104 - 
    delete 
    from
        folders 
    where
        id=?
14:14:35,906 DEBUG SQL:104 - 
    delete 
    from
        owners 
    where
        id=?
14:14:35,907 DEBUG SQL:104 - 
    insert 
    into
        owners
        (name, id) 
    values
        (?, ?)
14:14:35,907 DEBUG SQL:104 - 
    insert 
    into
        folders
        (name, parent, id) 
    values
        (?, ?, ?)
14:14:35,907 DEBUG SQL:104 - 
    insert 
    into
        documents
        (name, summary, folder, owner, text, lastTextModification, size_mb, id) 
    values
        (?, ?, ?, ?, ?, ?, ? / cast( 1024.0 as float ), ?)
14:14:35,908 DEBUG SQL:104 - 
    select
        document0_.id as id0_0_,
        document0_.name as name0_0_ 
    from
        documents document0_ 
    where
        document0_.id=?
14:14:35,908 DEBUG SQL:104 - 
    select
        document_.summary as summary0_,
        document_.folder as folder0_,
        document_.owner as owner0_,
        document_.text as text0_,
        document_.lastTextModification as lastText7_0_,
        document_.size_mb * 1024.0 as size8_0_,
        upper(document_.name) as formula81_ 
    from
        documents document_ 
    where
        document_.id=?
14:14:35,909 DEBUG SQL:104 - 
    select
        owner0_.id as id3_0_,
        owner0_.name as name3_0_ 
    from
        owners owner0_ 
    where
        owner0_.id=?
14:14:35,909 DEBUG SQL:104 - 
    select
        document0_.id as id0_,
        document0_.name as name0_ 
    from
        documents document0_
14:14:35,919 DEBUG SQL:104 - 
    select
        document_.summary as summary0_,
        document_.folder as folder0_,
        document_.owner as owner0_,
        document_.text as text0_,
        document_.lastTextModification as lastText7_0_,
        document_.size_mb * 1024.0 as size8_0_,
        upper(document_.name) as formula81_ 
    from
        documents document_ 
    where
        document_.id=?
14:14:35,919 DEBUG SQL:104 - 
    select
        owner0_.id as id3_0_,
        owner0_.name as name3_0_ 
    from
        owners owner0_ 
    where
        owner0_.id=?
14:14:35,920 DEBUG SQL:104 - 
    select
        document0_.id as id0_,
        document0_.name as name0_ 
    from
        documents document0_
14:14:35,930 DEBUG SQL:104 - 
    select
        document_.summary as summary0_,
        document_.folder as folder0_,
        document_.owner as owner0_,
        document_.text as text0_,
        document_.lastTextModification as lastText7_0_,
        document_.size_mb * 1024.0 as size8_0_,
        upper(document_.name) as formula81_ 
    from
        documents document_ 
    where
        document_.id=?
14:14:35,930 DEBUG SQL:104 - 
    select
        owner0_.id as id3_0_,
        owner0_.name as name3_0_ 
    from
        owners owner0_ 
    where
        owner0_.id=?
14:14:35,931 DEBUG SQL:104 - 
    select
        document0_.id as id0_,
        document0_.name as name0_ 
    from
        documents document0_
14:14:35,932 DEBUG SQL:104 - 
    update
        documents 
    set
        name=? 
    where
        id=?
14:14:35,932 DEBUG SQL:104 - 
    select
        document0_.id as id0_,
        document0_.name as name0_ 
    from
        documents document0_
14:14:35,932 DEBUG SQL:104 - 
    select
        document_.summary as summary0_,
        document_.folder as folder0_,
        document_.owner as owner0_,
        document_.text as text0_,
        document_.lastTextModification as lastText7_0_,
        document_.size_mb * 1024.0 as size8_0_,
        upper(document_.name) as formula81_ 
    from
        documents document_ 
    where
        document_.id=?
14:14:35,952 DEBUG SQL:104 - 
    select
        owner0_.id as id3_0_,
        owner0_.name as name3_0_ 
    from
        owners owner0_ 
    where
        owner0_.id=?
14:14:35,954 DEBUG SQL:104 - 
    select
        document0_.id as id0_,
        document0_.name as name0_ 
    from
        documents document0_
14:14:35,954 DEBUG SQL:104 - 
    select
        document_.summary as summary0_,
        document_.folder as folder0_,
        document_.owner as owner0_,
        document_.text as text0_,
        document_.lastTextModification as lastText7_0_,
        document_.size_mb * 1024.0 as size8_0_,
        upper(document_.name) as formula81_ 
    from
        documents document_ 
    where
        document_.id=?
14:14:35,963 DEBUG SQL:104 - 
    select
        owner0_.id as id3_0_,
        owner0_.name as name3_0_ 
    from
        owners owner0_ 
    where
        owner0_.id=?
14:14:35,964 DEBUG SQL:104 - 
    update
        documents 
    set
        name=?,
        summary=?,
        folder=?,
        owner=?,
        text=?,
        lastTextModification=?,
        size_mb=? / cast( 1024.0 as float ) 
    where
        id=?
14:14:35,964 DEBUG SQL:104 - 
    select
        document0_.id as id0_,
        document0_.name as name0_ 
    from
        documents document0_
14:14:35,974 DEBUG SQL:104 - 
    select
        document_.summary as summary0_,
        document_.folder as folder0_,
        document_.owner as owner0_,
        document_.text as text0_,
        document_.lastTextModification as lastText7_0_,
        document_.size_mb * 1024.0 as size8_0_,
        upper(document_.name) as formula81_ 
    from
        documents document_ 
    where
        document_.id=?
14:14:35,974 DEBUG SQL:104 - 
    select
        owner0_.id as id3_0_,
        owner0_.name as name3_0_ 
    from
        owners owner0_ 
    where
        owner0_.id=?
14:14:35,975 DEBUG SQL:104 - 
    select
        document0_.id as id0_,
        document0_.name as name0_ 
    from
        documents document0_
14:14:35,975 DEBUG SQL:104 - 
    select
        document_.summary as summary0_,
        document_.folder as folder0_,
        document_.owner as owner0_,
        document_.text as text0_,
        document_.lastTextModification as lastText7_0_,
        document_.size_mb * 1024.0 as size8_0_,
        upper(document_.name) as formula81_ 
    from
        documents document_ 
    where
        document_.id=?
14:14:35,985 DEBUG SQL:104 - 
    select
        owner0_.id as id3_0_,
        owner0_.name as name3_0_ 
    from
        owners owner0_ 
    where
        owner0_.id=?
14:14:35,985 DEBUG SQL:104 - 
    select
        document0_.id as id0_,
        document0_.name as name0_ 
    from
        documents document0_
14:14:35,986 DEBUG SQL:104 - 
    update
        documents 
    set
        name=? 
    where
        id=?
14:14:35,998 DEBUG SQL:104 - 
    select
        document_.summary as summary0_,
        document_.folder as folder0_,
        document_.owner as owner0_,
        document_.text as text0_,
        document_.lastTextModification as lastText7_0_,
        document_.size_mb * 1024.0 as size8_0_,
        upper(document_.name) as formula81_ 
    from
        documents document_ 
    where
        document_.id=?
14:14:35,999 DEBUG SQL:104 - 
    select
        owner0_.id as id3_0_,
        owner0_.name as name3_0_ 
    from
        owners owner0_ 
    where
        owner0_.id=?
14:14:35,999 DEBUG SQL:104 - 
    update
        documents 
    set
        name=?,
        summary=?,
        folder=?,
        owner=?,
        text=?,
        lastTextModification=?,
        size_mb=? / cast( 1024.0 as float ) 
    where
        id=?
14:14:36,008 DEBUG SQL:104 - 
    select
        document0_.id as id0_,
        document0_.name as name0_ 
    from
        documents document0_
14:14:36,009 DEBUG SQL:104 - 
    select
        document_.summary as summary0_,
        document_.folder as folder0_,
        document_.owner as owner0_,
        document_.text as text0_,
        document_.lastTextModification as lastText7_0_,
        document_.size_mb * 1024.0 as size8_0_,
        upper(document_.name) as formula81_ 
    from
        documents document_ 
    where
        document_.id=?
14:14:36,009 DEBUG SQL:104 - 
    select
        owner0_.id as id3_0_,
        owner0_.name as name3_0_ 
    from
        owners owner0_ 
    where
        owner0_.id=?
14:14:36,018 DEBUG SQL:104 - 
    select
        document0_.id as id0_0_,
        document0_.name as name0_0_ 
    from
        documents document0_ 
    where
        document0_.id=?
14:14:36,019 DEBUG SQL:104 - 
    select
        document0_.id as id0_,
        document0_.name as name0_ 
    from
        documents document0_
14:14:36,019 DEBUG SQL:104 - 
    select
        document_.summary as summary0_,
        document_.folder as folder0_,
        document_.owner as owner0_,
        document_.text as text0_,
        document_.lastTextModification as lastText7_0_,
        document_.size_mb * 1024.0 as size8_0_,
        upper(document_.name) as formula81_ 
    from
        documents document_ 
    where
        document_.id=?
14:14:36,028 DEBUG SQL:104 - 
    select
        owner0_.id as id3_0_,
        owner0_.name as name3_0_ 
    from
        owners owner0_ 
    where
        owner0_.id=?
14:14:36,029 DEBUG SQL:104 - 
    select
        folder0_.id as id2_0_,
        folder0_.name as name2_0_,
        folder0_.parent as parent2_0_ 
    from
        folders folder0_ 
    where
        folder0_.id=?
14:14:36,029 DEBUG SQL:104 - 
    select
        documents0_.folder as folder2_1_,
        documents0_.id as id0_1_,
        documents0_.id as id0_0_,
        documents0_.name as name0_0_ 
    from
        documents documents0_ 
    where
        documents0_.folder=?
14:14:36,030 DEBUG SQL:104 - 
    delete 
    from
        documents 
    where
        id=?
14:14:36,039 DEBUG SQL:104 - 
    delete 
    from
        folders 
    where
        id=?
14:14:36,039 DEBUG SQL:104 - 
    delete 
    from
        owners 
    where
        id=?
14:14:36,040 DEBUG SQL:104 - 
    insert 
    into
        owners
        (name, id) 
    values
        (?, ?)
14:14:36,040 DEBUG SQL:104 - 
    insert 
    into
        folders
        (name, parent, id) 
    values
        (?, ?, ?)
14:14:36,040 DEBUG SQL:104 - 
    insert 
    into
        documents
        (name, summary, folder, owner, text, lastTextModification, size_mb, id) 
    values
        (?, ?, ?, ?, ?, ?, ? / cast( 1024.0 as float ), ?)
14:14:36,041 DEBUG SQL:104 - 
    select
        document0_.id as id0_0_,
        document0_.name as name0_0_ 
    from
        documents document0_ 
    where
        document0_.id=?
14:14:36,041 DEBUG SQL:104 - 
    select
        document_.summary as summary0_,
        document_.folder as folder0_,
        document_.owner as owner0_,
        document_.text as text0_,
        document_.lastTextModification as lastText7_0_,
        document_.size_mb * 1024.0 as size8_0_,
        upper(document_.name) as formula81_ 
    from
        documents document_ 
    where
        document_.id=?
14:14:36,041 DEBUG SQL:104 - 
    select
        owner0_.id as id3_0_,
        owner0_.name as name3_0_ 
    from
        owners owner0_ 
    where
        owner0_.id=?
14:14:36,051 DEBUG SQL:104 - 
    select
        document0_.id as id0_,
        document0_.name as name0_ 
    from
        documents document0_
14:14:36,051 DEBUG SQL:104 - 
    select
        document_.summary as summary0_,
        document_.folder as folder0_,
        document_.owner as owner0_,
        document_.text as text0_,
        document_.lastTextModification as lastText7_0_,
        document_.size_mb * 1024.0 as size8_0_,
        upper(document_.name) as formula81_ 
    from
        documents document_ 
    where
        document_.id=?
14:14:36,052 DEBUG SQL:104 - 
    select
        owner0_.id as id3_0_,
        owner0_.name as name3_0_ 
    from
        owners owner0_ 
    where
        owner0_.id=?
14:14:36,062 DEBUG SQL:104 - 
    select
        document0_.id as id0_,
        document0_.name as name0_ 
    from
        documents document0_
14:14:36,063 DEBUG SQL:104 - 
    select
        document_.summary as summary0_,
        document_.folder as folder0_,
        document_.owner as owner0_,
        document_.text as text0_,
        document_.lastTextModification as lastText7_0_,
        document_.size_mb * 1024.0 as size8_0_,
        upper(document_.name) as formula81_ 
    from
        documents document_ 
    where
        document_.id=?
14:14:36,063 DEBUG SQL:104 - 
    select
        owner0_.id as id3_0_,
        owner0_.name as name3_0_ 
    from
        owners owner0_ 
    where
        owner0_.id=?
14:14:36,064 DEBUG SQL:104 - 
    select
        document0_.id as id0_,
        document0_.name as name0_ 
    from
        documents document0_
14:14:36,064 DEBUG SQL:104 - 
    update
        documents 
    set
        name=? 
    where
        id=?
14:14:36,064 DEBUG SQL:104 - 
    select
        document0_.id as id0_,
        document0_.name as name0_ 
    from
        documents document0_
14:14:36,085 DEBUG SQL:104 - 
    select
        document_.summary as summary0_,
        document_.folder as folder0_,
        document_.owner as owner0_,
        document_.text as text0_,
        document_.lastTextModification as lastText7_0_,
        document_.size_mb * 1024.0 as size8_0_,
        upper(document_.name) as formula81_ 
    from
        documents document_ 
    where
        document_.id=?
14:14:36,085 DEBUG SQL:104 - 
    select
        owner0_.id as id3_0_,
        owner0_.name as name3_0_ 
    from
        owners owner0_ 
    where
        owner0_.id=?
14:14:36,086 DEBUG SQL:104 - 
    select
        document0_.id as id0_,
        document0_.name as name0_ 
    from
        documents document0_
14:14:36,086 DEBUG SQL:104 - 
    select
        document_.summary as summary0_,
        document_.folder as folder0_,
        document_.owner as owner0_,
        document_.text as text0_,
        document_.lastTextModification as lastText7_0_,
        document_.size_mb * 1024.0 as size8_0_,
        upper(document_.name) as formula81_ 
    from
        documents document_ 
    where
        document_.id=?
14:14:36,096 DEBUG SQL:104 - 
    select
        owner0_.id as id3_0_,
        owner0_.name as name3_0_ 
    from
        owners owner0_ 
    where
        owner0_.id=?
14:14:36,096 DEBUG SQL:104 - 
    update
        documents 
    set
        name=?,
        summary=?,
        folder=?,
        owner=?,
        text=?,
        lastTextModification=?,
        size_mb=? / cast( 1024.0 as float ) 
    where
        id=?
14:14:36,106 DEBUG SQL:104 - 
    select
        document0_.id as id0_,
        document0_.name as name0_ 
    from
        documents document0_
14:14:36,106 DEBUG SQL:104 - 
    select
        document_.summary as summary0_,
        document_.folder as folder0_,
        document_.owner as owner0_,
        document_.text as text0_,
        document_.lastTextModification as lastText7_0_,
        document_.size_mb * 1024.0 as size8_0_,
        upper(document_.name) as formula81_ 
    from
        documents document_ 
    where
        document_.id=?
14:14:36,107 DEBUG SQL:104 - 
    select
        owner0_.id as id3_0_,
        owner0_.name as name3_0_ 
    from
        owners owner0_ 
    where
        owner0_.id=?
14:14:36,107 DEBUG SQL:104 - 
    select
        document0_.id as id0_,
        document0_.name as name0_ 
    from
        documents document0_
14:14:36,117 DEBUG SQL:104 - 
    select
        document_.summary as summary0_,
        document_.folder as folder0_,
        document_.owner as owner0_,
        document_.text as text0_,
        document_.lastTextModification as lastText7_0_,
        document_.size_mb * 1024.0 as size8_0_,
        upper(document_.name) as formula81_ 
    from
        documents document_ 
    where
        document_.id=?
14:14:36,117 DEBUG SQL:104 - 
    select
        owner0_.id as id3_0_,
        owner0_.name as name3_0_ 
    from
        owners owner0_ 
    where
        owner0_.id=?
14:14:36,118 DEBUG SQL:104 - 
    select
        document0_.id as id0_,
        document0_.name as name0_ 
    from
        documents document0_
14:14:36,128 DEBUG SQL:104 - 
    update
        documents 
    set
        name=? 
    where
        id=?
14:14:36,128 DEBUG SQL:104 - 
    select
        document_.summary as summary0_,
        document_.folder as folder0_,
        document_.owner as owner0_,
        document_.text as text0_,
        document_.lastTextModification as lastText7_0_,
        document_.size_mb * 1024.0 as size8_0_,
        upper(document_.name) as formula81_ 
    from
        documents document_ 
    where
        document_.id=?
14:14:36,129 DEBUG SQL:104 - 
    select
        owner0_.id as id3_0_,
        owner0_.name as name3_0_ 
    from
        owners owner0_ 
    where
        owner0_.id=?
14:14:36,129 DEBUG SQL:104 - 
    update
        documents 
    set
        name=?,
        summary=?,
        folder=?,
        owner=?,
        text=?,
        lastTextModification=?,
        size_mb=? / cast( 1024.0 as float ) 
    where
        id=?
14:14:36,138 DEBUG SQL:104 - 
    select
        document0_.id as id0_,
        document0_.name as name0_ 
    from
        documents document0_
14:14:36,138 DEBUG SQL:104 - 
    select
        document_.summary as summary0_,
        document_.folder as folder0_,
        document_.owner as owner0_,
        document_.text as text0_,
        document_.lastTextModification as lastText7_0_,
        document_.size_mb * 1024.0 as size8_0_,
        upper(document_.name) as formula81_ 
    from
        documents document_ 
    where
        document_.id=?
14:14:36,139 DEBUG SQL:104 - 
    select
        owner0_.id as id3_0_,
        owner0_.name as name3_0_ 
    from
        owners owner0_ 
    where
        owner0_.id=?
14:14:36,149 DEBUG SQL:104 - 
    select
        document0_.id as id0_0_,
        document0_.name as name0_0_ 
    from
        documents document0_ 
    where
        document0_.id=?
14:14:36,150 DEBUG SQL:104 - 
    select
        document0_.id as id0_,
        document0_.name as name0_ 
    from
        documents document0_
14:14:36,150 DEBUG SQL:104 - 
    select
        document_.summary as summary0_,
        document_.folder as folder0_,
        document_.owner as owner0_,
        document_.text as text0_,
        document_.lastTextModification as lastText7_0_,
        document_.size_mb * 1024.0 as size8_0_,
        upper(document_.name) as formula81_ 
    from
        documents document_ 
    where
        document_.id=?
14:14:36,159 DEBUG SQL:104 - 
    select
        owner0_.id as id3_0_,
        owner0_.name as name3_0_ 
    from
        owners owner0_ 
    where
        owner0_.id=?
14:14:36,160 DEBUG SQL:104 - 
    select
        folder0_.id as id2_0_,
        folder0_.name as name2_0_,
        folder0_.parent as parent2_0_ 
    from
        folders folder0_ 
    where
        folder0_.id=?
14:14:36,160 DEBUG SQL:104 - 
    select
        documents0_.folder as folder2_1_,
        documents0_.id as id0_1_,
        documents0_.id as id0_0_,
        documents0_.name as name0_0_ 
    from
        documents documents0_ 
    where
        documents0_.folder=?
14:14:36,172 DEBUG SQL:104 - 
    delete 
    from
        documents 
    where
        id=?
14:14:36,172 DEBUG SQL:104 - 
    delete 
    from
        folders 
    where
        id=?
14:14:36,172 DEBUG SQL:104 - 
    delete 
    from
        owners 
    where
        id=?
14:14:36,173 DEBUG SQL:104 - 
    insert 
    into
        owners
        (name, id) 
    values
        (?, ?)
14:14:36,173 DEBUG SQL:104 - 
    insert 
    into
        folders
        (name, parent, id) 
    values
        (?, ?, ?)
14:14:36,173 DEBUG SQL:104 - 
    insert 
    into
        documents
        (name, summary, folder, owner, text, lastTextModification, size_mb, id) 
    values
        (?, ?, ?, ?, ?, ?, ? / cast( 1024.0 as float ), ?)
14:14:36,174 DEBUG SQL:104 - 
    select
        document0_.id as id0_0_,
        document0_.name as name0_0_ 
    from
        documents document0_ 
    where
        document0_.id=?
14:14:36,174 DEBUG SQL:104 - 
    select
        document_.summary as summary0_,
        document_.folder as folder0_,
        document_.owner as owner0_,
        document_.text as text0_,
        document_.lastTextModification as lastText7_0_,
        document_.size_mb * 1024.0 as size8_0_,
        upper(document_.name) as formula81_ 
    from
        documents document_ 
    where
        document_.id=?
14:14:36,186 DEBUG SQL:104 - 
    select
        owner0_.id as id3_0_,
        owner0_.name as name3_0_ 
    from
        owners owner0_ 
    where
        owner0_.id=?
14:14:36,186 DEBUG SQL:104 - 
    select
        document0_.id as id0_,
        document0_.name as name0_ 
    from
        documents document0_
14:14:36,187 DEBUG SQL:104 - 
    select
        document_.summary as summary0_,
        document_.folder as folder0_,
        document_.owner as owner0_,
        document_.text as text0_,
        document_.lastTextModification as lastText7_0_,
        document_.size_mb * 1024.0 as size8_0_,
        upper(document_.name) as formula81_ 
    from
        documents document_ 
    where
        document_.id=?
14:14:36,187 DEBUG SQL:104 - 
    select
        owner0_.id as id3_0_,
        owner0_.name as name3_0_ 
    from
        owners owner0_ 
    where
        owner0_.id=?
14:14:36,196 DEBUG SQL:104 - 
    select
        document0_.id as id0_,
        document0_.name as name0_ 
    from
        documents document0_
14:14:36,196 DEBUG SQL:104 - 
    select
        document_.summary as summary0_,
        document_.folder as folder0_,
        document_.owner as owner0_,
        document_.text as text0_,
        document_.lastTextModification as lastText7_0_,
        document_.size_mb * 1024.0 as size8_0_,
        upper(document_.name) as formula81_ 
    from
        documents document_ 
    where
        document_.id=?
14:14:36,197 DEBUG SQL:104 - 
    select
        owner0_.id as id3_0_,
        owner0_.name as name3_0_ 
    from
        owners owner0_ 
    where
        owner0_.id=?
14:14:36,197 DEBUG SQL:104 - 
    select
        document0_.id as id0_,
        document0_.name as name0_ 
    from
        documents document0_
14:14:36,198 DEBUG SQL:104 - 
    update
        documents 
    set
        name=? 
    where
        id=?
14:14:36,198 DEBUG SQL:104 - 
    select
        document0_.id as id0_,
        document0_.name as name0_ 
    from
        documents document0_
14:14:36,221 DEBUG SQL:104 - 
    select
        document_.summary as summary0_,
        document_.folder as folder0_,
        document_.owner as owner0_,
        document_.text as text0_,
        document_.lastTextModification as lastText7_0_,
        document_.size_mb * 1024.0 as size8_0_,
        upper(document_.name) as formula81_ 
    from
        documents document_ 
    where
        document_.id=?
14:14:36,221 DEBUG SQL:104 - 
    select
        owner0_.id as id3_0_,
        owner0_.name as name3_0_ 
    from
        owners owner0_ 
    where
        owner0_.id=?
14:14:36,222 DEBUG SQL:104 - 
    select
        document0_.id as id0_,
        document0_.name as name0_ 
    from
        documents document0_
14:14:36,231 DEBUG SQL:104 - 
    select
        document_.summary as summary0_,
        document_.folder as folder0_,
        document_.owner as owner0_,
        document_.text as text0_,
        document_.lastTextModification as lastText7_0_,
        document_.size_mb * 1024.0 as size8_0_,
        upper(document_.name) as formula81_ 
    from
        documents document_ 
    where
        document_.id=?
14:14:36,232 DEBUG SQL:104 - 
    select
        owner0_.id as id3_0_,
        owner0_.name as name3_0_ 
    from
        owners owner0_ 
    where
        owner0_.id=?
14:14:36,232 DEBUG SQL:104 - 
    update
        documents 
    set
        name=?,
        summary=?,
        folder=?,
        owner=?,
        text=?,
        lastTextModification=?,
        size_mb=? / cast( 1024.0 as float ) 
    where
        id=?
14:14:36,242 DEBUG SQL:104 - 
    select
        document0_.id as id0_,
        document0_.name as name0_ 
    from
        documents document0_
14:14:36,243 DEBUG SQL:104 - 
    select
        document_.summary as summary0_,
        document_.folder as folder0_,
        document_.owner as owner0_,
        document_.text as text0_,
        document_.lastTextModification as lastText7_0_,
        document_.size_mb * 1024.0 as size8_0_,
        upper(document_.name) as formula81_ 
    from
        documents document_ 
    where
        document_.id=?
14:14:36,243 DEBUG SQL:104 - 
    select
        owner0_.id as id3_0_,
        owner0_.name as name3_0_ 
    from
        owners owner0_ 
    where
        owner0_.id=?
14:14:36,253 DEBUG SQL:104 - 
    select
        document0_.id as id0_,
        document0_.name as name0_ 
    from
        documents document0_
14:14:36,254 DEBUG SQL:104 - 
    select
        document_.summary as summary0_,
        document_.folder as folder0_,
        document_.owner as owner0_,
        document_.text as text0_,
        document_.lastTextModification as lastText7_0_,
        document_.size_mb * 1024.0 as size8_0_,
        upper(document_.name) as formula81_ 
    from
        documents document_ 
    where
        document_.id=?
14:14:36,254 DEBUG SQL:104 - 
    select
        owner0_.id as id3_0_,
        owner0_.name as name3_0_ 
    from
        owners owner0_ 
    where
        owner0_.id=?
14:14:36,254 DEBUG SQL:104 - 
    select
        document0_.id as id0_,
        document0_.name as name0_ 
    from
        documents document0_
14:14:36,291 DEBUG SQL:104 - 
    update
        documents 
    set
        name=? 
    where
        id=?
14:14:36,291 DEBUG SQL:104 - 
    select
        document_.summary as summary0_,
        document_.folder as folder0_,
        document_.owner as owner0_,
        document_.text as text0_,
        document_.lastTextModification as lastText7_0_,
        document_.size_mb * 1024.0 as size8_0_,
        upper(document_.name) as formula81_ 
    from
        documents document_ 
    where
        document_.id=?
14:14:36,292 DEBUG SQL:104 - 
    select
        owner0_.id as id3_0_,
        owner0_.name as name3_0_ 
    from
        owners owner0_ 
    where
        owner0_.id=?
14:14:36,292 DEBUG SQL:104 - 
    update
        documents 
    set
        name=?,
        summary=?,
        folder=?,
        owner=?,
        text=?,
        lastTextModification=?,
        size_mb=? / cast( 1024.0 as float ) 
    where
        id=?
14:14:36,293 DEBUG SQL:104 - 
    select
        document0_.id as id0_,
        document0_.name as name0_ 
    from
        documents document0_
14:14:36,293 DEBUG SQL:104 - 
    select
        document_.summary as summary0_,
        document_.folder as folder0_,
        document_.owner as owner0_,
        document_.text as text0_,
        document_.lastTextModification as lastText7_0_,
        document_.size_mb * 1024.0 as size8_0_,
        upper(document_.name) as formula81_ 
    from
        documents document_ 
    where
        document_.id=?
14:14:36,293 DEBUG SQL:104 - 
    select
        owner0_.id as id3_0_,
        owner0_.name as name3_0_ 
    from
        owners owner0_ 
    where
        owner0_.id=?
14:14:36,294 DEBUG SQL:104 - 
    select
        document0_.id as id0_0_,
        document0_.name as name0_0_ 
    from
        documents document0_ 
    where
        document0_.id=?
14:14:36,294 DEBUG SQL:104 - 
    select
        document0_.id as id0_,
        document0_.name as name0_ 
    from
        documents document0_
14:14:36,294 DEBUG SQL:104 - 
    select
        document_.summary as summary0_,
        document_.folder as folder0_,
        document_.owner as owner0_,
        document_.text as text0_,
        document_.lastTextModification as lastText7_0_,
        document_.size_mb * 1024.0 as size8_0_,
        upper(document_.name) as formula81_ 
    from
        documents document_ 
    where
        document_.id=?
14:14:36,294 DEBUG SQL:104 - 
    select
        owner0_.id as id3_0_,
        owner0_.name as name3_0_ 
    from
        owners owner0_ 
    where
        owner0_.id=?
14:14:36,295 DEBUG SQL:104 - 
    select
        folder0_.id as id2_0_,
        folder0_.name as name2_0_,
        folder0_.parent as parent2_0_ 
    from
        folders folder0_ 
    where
        folder0_.id=?
14:14:36,295 DEBUG SQL:104 - 
    select
        documents0_.folder as folder2_1_,
        documents0_.id as id0_1_,
        documents0_.id as id0_0_,
        documents0_.name as name0_0_ 
    from
        documents documents0_ 
    where
        documents0_.folder=?
14:14:36,295 DEBUG SQL:104 - 
    delete 
    from
        documents 
    where
        id=?
14:14:36,296 DEBUG SQL:104 - 
    delete 
    from
        folders 
    where
        id=?
14:14:36,296 DEBUG SQL:104 - 
    delete 
    from
        owners 
    where
        id=?
14:14:36,296 DEBUG SQL:104 - 
    insert 
    into
        owners
        (name, id) 
    values
        (?, ?)
14:14:36,312 DEBUG SQL:104 - 
    insert 
    into
        folders
        (name, parent, id) 
    values
        (?, ?, ?)
14:14:36,313 DEBUG SQL:104 - 
    insert 
    into
        documents
        (name, summary, folder, owner, text, lastTextModification, size_mb, id) 
    values
        (?, ?, ?, ?, ?, ?, ? / cast( 1024.0 as float ), ?)
14:14:36,313 DEBUG SQL:104 - 
    select
        document0_.id as id0_0_,
        document0_.name as name0_0_ 
    from
        documents document0_ 
    where
        document0_.id=?
14:14:36,314 DEBUG SQL:104 - 
    select
        document_.summary as summary0_,
        document_.folder as folder0_,
        document_.owner as owner0_,
        document_.text as text0_,
        document_.lastTextModification as lastText7_0_,
        document_.size_mb * 1024.0 as size8_0_,
        upper(document_.name) as formula81_ 
    from
        documents document_ 
    where
        document_.id=?
14:14:36,325 DEBUG SQL:104 - 
    select
        owner0_.id as id3_0_,
        owner0_.name as name3_0_ 
    from
        owners owner0_ 
    where
        owner0_.id=?
14:14:36,326 DEBUG SQL:104 - 
    select
        document0_.id as id0_,
        document0_.name as name0_ 
    from
        documents document0_
14:14:36,327 DEBUG SQL:104 - 
    select
        document_.summary as summary0_,
        document_.folder as folder0_,
        document_.owner as owner0_,
        document_.text as text0_,
        document_.lastTextModification as lastText7_0_,
        document_.size_mb * 1024.0 as size8_0_,
        upper(document_.name) as formula81_ 
    from
        documents document_ 
    where
        document_.id=?
14:14:36,336 DEBUG SQL:104 - 
    select
        owner0_.id as id3_0_,
        owner0_.name as name3_0_ 
    from
        owners owner0_ 
    where
        owner0_.id=?
14:14:36,337 DEBUG SQL:104 - 
    select
        document0_.id as id0_,
        document0_.name as name0_ 
    from
        documents document0_
14:14:36,337 DEBUG SQL:104 - 
    select
        document_.summary as summary0_,
        document_.folder as folder0_,
        document_.owner as owner0_,
        document_.text as text0_,
        document_.lastTextModification as lastText7_0_,
        document_.size_mb * 1024.0 as size8_0_,
        upper(document_.name) as formula81_ 
    from
        documents document_ 
    where
        document_.id=?
14:14:36,337 DEBUG SQL:104 - 
    select
        owner0_.id as id3_0_,
        owner0_.name as name3_0_ 
    from
        owners owner0_ 
    where
        owner0_.id=?
14:14:36,338 DEBUG SQL:104 - 
    select
        document0_.id as id0_,
        document0_.name as name0_ 
    from
        documents document0_
14:14:36,338 DEBUG SQL:104 - 
    update
        documents 
    set
        name=? 
    where
        id=?
14:14:36,358 DEBUG SQL:104 - 
    select
        document0_.id as id0_,
        document0_.name as name0_ 
    from
        documents document0_
14:14:36,359 DEBUG SQL:104 - 
    select
        document_.summary as summary0_,
        document_.folder as folder0_,
        document_.owner as owner0_,
        document_.text as text0_,
        document_.lastTextModification as lastText7_0_,
        document_.size_mb * 1024.0 as size8_0_,
        upper(document_.name) as formula81_ 
    from
        documents document_ 
    where
        document_.id=?
14:14:36,359 DEBUG SQL:104 - 
    select
        owner0_.id as id3_0_,
        owner0_.name as name3_0_ 
    from
        owners owner0_ 
    where
        owner0_.id=?
14:14:36,369 DEBUG SQL:104 - 
    select
        document0_.id as id0_,
        document0_.name as name0_ 
    from
        documents document0_
14:14:36,370 DEBUG SQL:104 - 
    select
        document_.summary as summary0_,
        document_.folder as folder0_,
        document_.owner as owner0_,
        document_.text as text0_,
        document_.lastTextModification as lastText7_0_,
        document_.size_mb * 1024.0 as size8_0_,
        upper(document_.name) as formula81_ 
    from
        documents document_ 
    where
        document_.id=?
14:14:36,370 DEBUG SQL:104 - 
    select
        owner0_.id as id3_0_,
        owner0_.name as name3_0_ 
    from
        owners owner0_ 
    where
        owner0_.id=?
14:14:36,370 DEBUG SQL:104 - 
    update
        documents 
    set
        name=?,
        summary=?,
        folder=?,
        owner=?,
        text=?,
        lastTextModification=?,
        size_mb=? / cast( 1024.0 as float ) 
    where
        id=?
14:14:36,380 DEBUG SQL:104 - 
    select
        document0_.id as id0_,
        document0_.name as name0_ 
    from
        documents document0_
14:14:36,381 DEBUG SQL:104 - 
    select
        document_.summary as summary0_,
        document_.folder as folder0_,
        document_.owner as owner0_,
        document_.text as text0_,
        document_.lastTextModification as lastText7_0_,
        document_.size_mb * 1024.0 as size8_0_,
        upper(document_.name) as formula81_ 
    from
        documents document_ 
    where
        document_.id=?
14:14:36,390 DEBUG SQL:104 - 
    select
        owner0_.id as id3_0_,
        owner0_.name as name3_0_ 
    from
        owners owner0_ 
    where
        owner0_.id=?
14:14:36,391 DEBUG SQL:104 - 
    select
        document0_.id as id0_,
        document0_.name as name0_ 
    from
        documents document0_
14:14:36,392 DEBUG SQL:104 - 
    select
        document_.summary as summary0_,
        document_.folder as folder0_,
        document_.owner as owner0_,
        document_.text as text0_,
        document_.lastTextModification as lastText7_0_,
        document_.size_mb * 1024.0 as size8_0_,
        upper(document_.name) as formula81_ 
    from
        documents document_ 
    where
        document_.id=?
14:14:36,392 DEBUG SQL:104 - 
    select
        owner0_.id as id3_0_,
        owner0_.name as name3_0_ 
    from
        owners owner0_ 
    where
        owner0_.id=?
14:14:36,401 DEBUG SQL:104 - 
    select
        document0_.id as id0_,
        document0_.name as name0_ 
    from
        documents document0_
14:14:36,402 DEBUG SQL:104 - 
    update
        documents 
    set
        name=? 
    where
        id=?
14:14:36,402 DEBUG SQL:104 - 
    select
        document_.summary as summary0_,
        document_.folder as folder0_,
        document_.owner as owner0_,
        document_.text as text0_,
        document_.lastTextModification as lastText7_0_,
        document_.size_mb * 1024.0 as size8_0_,
        upper(document_.name) as formula81_ 
    from
        documents document_ 
    where
        document_.id=?
14:14:36,411 DEBUG SQL:104 - 
    select
        owner0_.id as id3_0_,
        owner0_.name as name3_0_ 
    from
        owners owner0_ 
    where
        owner0_.id=?
14:14:36,411 DEBUG SQL:104 - 
    update
        documents 
    set
        name=?,
        summary=?,
        folder=?,
        owner=?,
        text=?,
        lastTextModification=?,
        size_mb=? / cast( 1024.0 as float ) 
    where
        id=?
14:14:36,412 DEBUG SQL:104 - 
    select
        document0_.id as id0_,
        document0_.name as name0_ 
    from
        documents document0_
14:14:36,412 DEBUG SQL:104 - 
    select
        document_.summary as summary0_,
        document_.folder as folder0_,
        document_.owner as owner0_,
        document_.text as text0_,
        document_.lastTextModification as lastText7_0_,
        document_.size_mb * 1024.0 as size8_0_,
        upper(document_.name) as formula81_ 
    from
        documents document_ 
    where
        document_.id=?
14:14:36,422 DEBUG SQL:104 - 
    select
        owner0_.id as id3_0_,
        owner0_.name as name3_0_ 
    from
        owners owner0_ 
    where
        owner0_.id=?
14:14:36,423 DEBUG SQL:104 - 
    select
        document0_.id as id0_0_,
        document0_.name as name0_0_ 
    from
        documents document0_ 
    where
        document0_.id=?
14:14:36,423 DEBUG SQL:104 - 
    select
        document0_.id as id0_,
        document0_.name as name0_ 
    from
        documents document0_
14:14:36,423 DEBUG SQL:104 - 
    select
        document_.summary as summary0_,
        document_.folder as folder0_,
        document_.owner as owner0_,
        document_.text as text0_,
        document_.lastTextModification as lastText7_0_,
        document_.size_mb * 1024.0 as size8_0_,
        upper(document_.name) as formula81_ 
    from
        documents document_ 
    where
        document_.id=?
14:14:36,424 DEBUG SQL:104 - 
    select
        owner0_.id as id3_0_,
        owner0_.name as name3_0_ 
    from
        owners owner0_ 
    where
        owner0_.id=?
14:14:36,424 DEBUG SQL:104 - 
    select
        folder0_.id as id2_0_,
        folder0_.name as name2_0_,
        folder0_.parent as parent2_0_ 
    from
        folders folder0_ 
    where
        folder0_.id=?
14:14:36,434 DEBUG SQL:104 - 
    select
        documents0_.folder as folder2_1_,
        documents0_.id as id0_1_,
        documents0_.id as id0_0_,
        documents0_.name as name0_0_ 
    from
        documents documents0_ 
    where
        documents0_.folder=?
14:14:36,435 DEBUG SQL:104 - 
    delete 
    from
        documents 
    where
        id=?
14:14:36,435 DEBUG SQL:104 - 
    delete 
    from
        folders 
    where
        id=?
14:14:36,435 DEBUG SQL:104 - 
    delete 
    from
        owners 
    where
        id=?
14:14:36,436 DEBUG SQL:104 - 
    insert 
    into
        owners
        (name, id) 
    values
        (?, ?)
14:14:36,444 DEBUG SQL:104 - 
    insert 
    into
        folders
        (name, parent, id) 
    values
        (?, ?, ?)
14:14:36,444 DEBUG SQL:104 - 
    insert 
    into
        documents
        (name, summary, folder, owner, text, lastTextModification, size_mb, id) 
    values
        (?, ?, ?, ?, ?, ?, ? / cast( 1024.0 as float ), ?)
14:14:36,445 DEBUG SQL:104 - 
    select
        document0_.id as id0_0_,
        document0_.name as name0_0_ 
    from
        documents document0_ 
    where
        document0_.id=?
14:14:36,445 DEBUG SQL:104 - 
    select
        document_.summary as summary0_,
        document_.folder as folder0_,
        document_.owner as owner0_,
        document_.text as text0_,
        document_.lastTextModification as lastText7_0_,
        document_.size_mb * 1024.0 as size8_0_,
        upper(document_.name) as formula81_ 
    from
        documents document_ 
    where
        document_.id=?
14:14:36,446 DEBUG SQL:104 - 
    select
        owner0_.id as id3_0_,
        owner0_.name as name3_0_ 
    from
        owners owner0_ 
    where
        owner0_.id=?
14:14:36,466 DEBUG SQL:104 - 
    select
        document0_.id as id0_,
        document0_.name as name0_ 
    from
        documents document0_
14:14:36,467 DEBUG SQL:104 - 
    select
        document_.summary as summary0_,
        document_.folder as folder0_,
        document_.owner as owner0_,
        document_.text as text0_,
        document_.lastTextModification as lastText7_0_,
        document_.size_mb * 1024.0 as size8_0_,
        upper(document_.name) as formula81_ 
    from
        documents document_ 
    where
        document_.id=?
14:14:36,467 DEBUG SQL:104 - 
    select
        owner0_.id as id3_0_,
        owner0_.name as name3_0_ 
    from
        owners owner0_ 
    where
        owner0_.id=?
14:14:36,476 DEBUG SQL:104 - 
    select
        document0_.id as id0_,
        document0_.name as name0_ 
    from
        documents document0_
14:14:36,476 DEBUG SQL:104 - 
    select
        document_.summary as summary0_,
        document_.folder as folder0_,
        document_.owner as owner0_,
        document_.text as text0_,
        document_.lastTextModification as lastText7_0_,
        document_.size_mb * 1024.0 as size8_0_,
        upper(document_.name) as formula81_ 
    from
        documents document_ 
    where
        document_.id=?
14:14:36,477 DEBUG SQL:104 - 
    select
        owner0_.id as id3_0_,
        owner0_.name as name3_0_ 
    from
        owners owner0_ 
    where
        owner0_.id=?
14:14:36,477 DEBUG SQL:104 - 
    select
        document0_.id as id0_,
        document0_.name as name0_ 
    from
        documents document0_
14:14:36,487 DEBUG SQL:104 - 
    update
        documents 
    set
        name=? 
    where
        id=?
14:14:36,487 DEBUG SQL:104 - 
    select
        document0_.id as id0_,
        document0_.name as name0_ 
    from
        documents document0_
14:14:36,488 DEBUG SQL:104 - 
    select
        document_.summary as summary0_,
        document_.folder as folder0_,
        document_.owner as owner0_,
        document_.text as text0_,
        document_.lastTextModification as lastText7_0_,
        document_.size_mb * 1024.0 as size8_0_,
        upper(document_.name) as formula81_ 
    from
        documents document_ 
    where
        document_.id=?
14:14:36,488 DEBUG SQL:104 - 
    select
        owner0_.id as id3_0_,
        owner0_.name as name3_0_ 
    from
        owners owner0_ 
    where
        owner0_.id=?
14:14:36,499 DEBUG SQL:104 - 
    select
        document0_.id as id0_,
        document0_.name as name0_ 
    from
        documents document0_
14:14:36,499 DEBUG SQL:104 - 
    select
        document_.summary as summary0_,
        document_.folder as folder0_,
        document_.owner as owner0_,
        document_.text as text0_,
        document_.lastTextModification as lastText7_0_,
        document_.size_mb * 1024.0 as size8_0_,
        upper(document_.name) as formula81_ 
    from
        documents document_ 
    where
        document_.id=?
14:14:36,499 DEBUG SQL:104 - 
    select
        owner0_.id as id3_0_,
        owner0_.name as name3_0_ 
    from
        owners owner0_ 
    where
        owner0_.id=?
14:14:36,512 DEBUG SQL:104 - 
    update
        documents 
    set
        name=?,
        summary=?,
        folder=?,
        owner=?,
        text=?,
        lastTextModification=?,
        size_mb=? / cast( 1024.0 as float ) 
    where
        id=?
14:14:36,512 DEBUG SQL:104 - 
    select
        document0_.id as id0_,
        document0_.name as name0_ 
    from
        documents document0_
14:14:36,513 DEBUG SQL:104 - 
    select
        document_.summary as summary0_,
        document_.folder as folder0_,
        document_.owner as owner0_,
        document_.text as text0_,
        document_.lastTextModification as lastText7_0_,
        document_.size_mb * 1024.0 as size8_0_,
        upper(document_.name) as formula81_ 
    from
        documents document_ 
    where
        document_.id=?
14:14:36,522 DEBUG SQL:104 - 
    select
        owner0_.id as id3_0_,
        owner0_.name as name3_0_ 
    from
        owners owner0_ 
    where
        owner0_.id=?
14:14:36,523 DEBUG SQL:104 - 
    select
        document0_.id as id0_,
        document0_.name as name0_ 
    from
        documents document0_
14:14:36,524 DEBUG SQL:104 - 
    select
        document_.summary as summary0_,
        document_.folder as folder0_,
        document_.owner as owner0_,
        document_.text as text0_,
        document_.lastTextModification as lastText7_0_,
        document_.size_mb * 1024.0 as size8_0_,
        upper(document_.name) as formula81_ 
    from
        documents document_ 
    where
        document_.id=?
14:14:36,533 DEBUG SQL:104 - 
    select
        owner0_.id as id3_0_,
        owner0_.name as name3_0_ 
    from
        owners owner0_ 
    where
        owner0_.id=?
14:14:36,533 DEBUG SQL:104 - 
    select
        document0_.id as id0_,
        document0_.name as name0_ 
    from
        documents document0_
14:14:36,534 DEBUG SQL:104 - 
    update
        documents 
    set
        name=? 
    where
        id=?
14:14:36,534 DEBUG SQL:104 - 
    select
        document_.summary as summary0_,
        document_.folder as folder0_,
        document_.owner as owner0_,
        document_.text as text0_,
        document_.lastTextModification as lastText7_0_,
        document_.size_mb * 1024.0 as size8_0_,
        upper(document_.name) as formula81_ 
    from
        documents document_ 
    where
        document_.id=?
14:14:36,551 DEBUG SQL:104 - 
    select
        owner0_.id as id3_0_,
        owner0_.name as name3_0_ 
    from
        owners owner0_ 
    where
        owner0_.id=?
14:14:36,551 DEBUG SQL:104 - 
    update
        documents 
    set
        name=?,
        summary=?,
        folder=?,
        owner=?,
        text=?,
        lastTextModification=?,
        size_mb=? / cast( 1024.0 as float ) 
    where
        id=?
14:14:36,552 DEBUG SQL:104 - 
    select
        document0_.id as id0_,
        document0_.name as name0_ 
    from
        documents document0_
14:14:36,553 DEBUG SQL:104 - 
    select
        document_.summary as summary0_,
        document_.folder as folder0_,
        document_.owner as owner0_,
        document_.text as text0_,
        document_.lastTextModification as lastText7_0_,
        document_.size_mb * 1024.0 as size8_0_,
        upper(document_.name) as formula81_ 
    from
        documents document_ 
    where
        document_.id=?
14:14:36,553 DEBUG SQL:104 - 
    select
        owner0_.id as id3_0_,
        owner0_.name as name3_0_ 
    from
        owners owner0_ 
    where
        owner0_.id=?
14:14:36,553 DEBUG SQL:104 - 
    select
        document0_.id as id0_0_,
        document0_.name as name0_0_ 
    from
        documents document0_ 
    where
        document0_.id=?
14:14:36,558 DEBUG SQL:104 - 
    select
        document0_.id as id0_,
        document0_.name as name0_ 
    from
        documents document0_
14:14:36,559 DEBUG SQL:104 - 
    select
        document_.summary as summary0_,
        document_.folder as folder0_,
        document_.owner as owner0_,
        document_.text as text0_,
        document_.lastTextModification as lastText7_0_,
        document_.size_mb * 1024.0 as size8_0_,
        upper(document_.name) as formula81_ 
    from
        documents document_ 
    where
        document_.id=?
14:14:36,559 DEBUG SQL:104 - 
    select
        owner0_.id as id3_0_,
        owner0_.name as name3_0_ 
    from
        owners owner0_ 
    where
        owner0_.id=?
14:14:36,560 DEBUG SQL:104 - 
    select
        folder0_.id as id2_0_,
        folder0_.name as name2_0_,
        folder0_.parent as parent2_0_ 
    from
        folders folder0_ 
    where
        folder0_.id=?
14:14:36,569 DEBUG SQL:104 - 
    select
        documents0_.folder as folder2_1_,
        documents0_.id as id0_1_,
        documents0_.id as id0_0_,
        documents0_.name as name0_0_ 
    from
        documents documents0_ 
    where
        documents0_.folder=?
14:14:36,570 DEBUG SQL:104 - 
    delete 
    from
        documents 
    where
        id=?
14:14:36,570 DEBUG SQL:104 - 
    delete 
    from
        folders 
    where
        id=?
14:14:36,570 DEBUG SQL:104 - 
    delete 
    from
        owners 
    where
        id=?
14:14:36,571 DEBUG SQL:104 - 
    insert 
    into
        owners
        (name, id) 
    values
        (?, ?)
14:14:36,571 DEBUG SQL:104 - 
    insert 
    into
        folders
        (name, parent, id) 
    values
        (?, ?, ?)
14:14:36,591 DEBUG SQL:104 - 
    insert 
    into
        documents
        (name, summary, folder, owner, text, lastTextModification, size_mb, id) 
    values
        (?, ?, ?, ?, ?, ?, ? / cast( 1024.0 as float ), ?)
14:14:36,592 DEBUG SQL:104 - 
    select
        document0_.id as id0_0_,
        document0_.name as name0_0_ 
    from
        documents document0_ 
    where
        document0_.id=?
14:14:36,592 DEBUG SQL:104 - 
    select
        document_.summary as summary0_,
        document_.folder as folder0_,
        document_.owner as owner0_,
        document_.text as text0_,
        document_.lastTextModification as lastText7_0_,
        document_.size_mb * 1024.0 as size8_0_,
        upper(document_.name) as formula81_ 
    from
        documents document_ 
    where
        document_.id=?
14:14:36,593 DEBUG SQL:104 - 
    select
        owner0_.id as id3_0_,
        owner0_.name as name3_0_ 
    from
        owners owner0_ 
    where
        owner0_.id=?
14:14:36,602 DEBUG SQL:104 - 
    select
        document0_.id as id0_,
        document0_.name as name0_ 
    from
        documents document0_
14:14:36,603 DEBUG SQL:104 - 
    select
        document_.summary as summary0_,
        document_.folder as folder0_,
        document_.owner as owner0_,
        document_.text as text0_,
        document_.lastTextModification as lastText7_0_,
        document_.size_mb * 1024.0 as size8_0_,
        upper(document_.name) as formula81_ 
    from
        documents document_ 
    where
        document_.id=?
14:14:36,603 DEBUG SQL:104 - 
    select
        owner0_.id as id3_0_,
        owner0_.name as name3_0_ 
    from
        owners owner0_ 
    where
        owner0_.id=?
14:14:36,612 DEBUG SQL:104 - 
    select
        document0_.id as id0_,
        document0_.name as name0_ 
    from
        documents document0_
14:14:36,613 DEBUG SQL:104 - 
    select
        document_.summary as summary0_,
        document_.folder as folder0_,
        document_.owner as owner0_,
        document_.text as text0_,
        document_.lastTextModification as lastText7_0_,
        document_.size_mb * 1024.0 as size8_0_,
        upper(document_.name) as formula81_ 
    from
        documents document_ 
    where
        document_.id=?
14:14:36,613 DEBUG SQL:104 - 
    select
        owner0_.id as id3_0_,
        owner0_.name as name3_0_ 
    from
        owners owner0_ 
    where
        owner0_.id=?
14:14:36,622 DEBUG SQL:104 - 
    select
        document0_.id as id0_,
        document0_.name as name0_ 
    from
        documents document0_
14:14:36,623 DEBUG SQL:104 - 
    update
        documents 
    set
        name=? 
    where
        id=?
14:14:36,623 DEBUG SQL:104 - 
    select
        document0_.id as id0_,
        document0_.name as name0_ 
    from
        documents document0_
14:14:36,623 DEBUG SQL:104 - 
    select
        document_.summary as summary0_,
        document_.folder as folder0_,
        document_.owner as owner0_,
        document_.text as text0_,
        document_.lastTextModification as lastText7_0_,
        document_.size_mb * 1024.0 as size8_0_,
        upper(document_.name) as formula81_ 
    from
        documents document_ 
    where
        document_.id=?
14:14:36,632 DEBUG SQL:104 - 
    select
        owner0_.id as id3_0_,
        owner0_.name as name3_0_ 
    from
        owners owner0_ 
    where
        owner0_.id=?
14:14:36,633 DEBUG SQL:104 - 
    select
        document0_.id as id0_,
        document0_.name as name0_ 
    from
        documents document0_
14:14:36,634 DEBUG SQL:104 - 
    select
        document_.summary as summary0_,
        document_.folder as folder0_,
        document_.owner as owner0_,
        document_.text as text0_,
        document_.lastTextModification as lastText7_0_,
        document_.size_mb * 1024.0 as size8_0_,
        upper(document_.name) as formula81_ 
    from
        documents document_ 
    where
        document_.id=?
14:14:36,634 DEBUG SQL:104 - 
    select
        owner0_.id as id3_0_,
        owner0_.name as name3_0_ 
    from
        owners owner0_ 
    where
        owner0_.id=?
14:14:36,643 DEBUG SQL:104 - 
    update
        documents 
    set
        name=?,
        summary=?,
        folder=?,
        owner=?,
        text=?,
        lastTextModification=?,
        size_mb=? / cast( 1024.0 as float ) 
    where
        id=?
14:14:36,644 DEBUG SQL:104 - 
    select
        document0_.id as id0_,
        document0_.name as name0_ 
    from
        documents document0_
14:14:36,644 DEBUG SQL:104 - 
    select
        document_.summary as summary0_,
        document_.folder as folder0_,
        document_.owner as owner0_,
        document_.text as text0_,
        document_.lastTextModification as lastText7_0_,
        document_.size_mb * 1024.0 as size8_0_,
        upper(document_.name) as formula81_ 
    from
        documents document_ 
    where
        document_.id=?
14:14:36,654 DEBUG SQL:104 - 
    select
        owner0_.id as id3_0_,
        owner0_.name as name3_0_ 
    from
        owners owner0_ 
    where
        owner0_.id=?
14:14:36,654 DEBUG SQL:104 - 
    select
        document0_.id as id0_,
        document0_.name as name0_ 
    from
        documents document0_
14:14:36,655 DEBUG SQL:104 - 
    select
        document_.summary as summary0_,
        document_.folder as folder0_,
        document_.owner as owner0_,
        document_.text as text0_,
        document_.lastTextModification as lastText7_0_,
        document_.size_mb * 1024.0 as size8_0_,
        upper(document_.name) as formula81_ 
    from
        documents document_ 
    where
        document_.id=?
14:14:36,664 DEBUG SQL:104 - 
    select
        owner0_.id as id3_0_,
        owner0_.name as name3_0_ 
    from
        owners owner0_ 
    where
        owner0_.id=?
14:14:36,665 DEBUG SQL:104 - 
    select
        document0_.id as id0_,
        document0_.name as name0_ 
    from
        documents document0_
14:14:36,666 DEBUG SQL:104 - 
    update
        documents 
    set
        name=? 
    where
        id=?
14:14:36,666 DEBUG SQL:104 - 
    select
        document_.summary as summary0_,
        document_.folder as folder0_,
        document_.owner as owner0_,
        document_.text as text0_,
        document_.lastTextModification as lastText7_0_,
        document_.size_mb * 1024.0 as size8_0_,
        upper(document_.name) as formula81_ 
    from
        documents document_ 
    where
        document_.id=?
14:14:36,677 DEBUG SQL:104 - 
    select
        owner0_.id as id3_0_,
        owner0_.name as name3_0_ 
    from
        owners owner0_ 
    where
        owner0_.id=?
14:14:36,677 DEBUG SQL:104 - 
    update
        documents 
    set
        name=?,
        summary=?,
        folder=?,
        owner=?,
        text=?,
        lastTextModification=?,
        size_mb=? / cast( 1024.0 as float ) 
    where
        id=?
14:14:36,678 DEBUG SQL:104 - 
    select
        document0_.id as id0_,
        document0_.name as name0_ 
    from
        documents document0_
14:14:36,678 DEBUG SQL:104 - 
    select
        document_.summary as summary0_,
        document_.folder as folder0_,
        document_.owner as owner0_,
        document_.text as text0_,
        document_.lastTextModification as lastText7_0_,
        document_.size_mb * 1024.0 as size8_0_,
        upper(document_.name) as formula81_ 
    from
        documents document_ 
    where
        document_.id=?
14:14:36,679 DEBUG SQL:104 - 
    select
        owner0_.id as id3_0_,
        owner0_.name as name3_0_ 
    from
        owners owner0_ 
    where
        owner0_.id=?
14:14:36,679 DEBUG SQL:104 - 
    select
        document0_.id as id0_0_,
        document0_.name as name0_0_ 
    from
        documents document0_ 
    where
        document0_.id=?
14:14:36,693 DEBUG SQL:104 - 
    select
        document0_.id as id0_,
        document0_.name as name0_ 
    from
        documents document0_
14:14:36,694 DEBUG SQL:104 - 
    select
        document_.summary as summary0_,
        document_.folder as folder0_,
        document_.owner as owner0_,
        document_.text as text0_,
        document_.lastTextModification as lastText7_0_,
        document_.size_mb * 1024.0 as size8_0_,
        upper(document_.name) as formula81_ 
    from
        documents document_ 
    where
        document_.id=?
14:14:36,695 DEBUG SQL:104 - 
    select
        owner0_.id as id3_0_,
        owner0_.name as name3_0_ 
    from
        owners owner0_ 
    where
        owner0_.id=?
14:14:36,709 DEBUG SQL:104 - 
    select
        folder0_.id as id2_0_,
        folder0_.name as name2_0_,
        folder0_.parent as parent2_0_ 
    from
        folders folder0_ 
    where
        folder0_.id=?
14:14:36,709 DEBUG SQL:104 - 
    select
        documents0_.folder as folder2_1_,
        documents0_.id as id0_1_,
        documents0_.id as id0_0_,
        documents0_.name as name0_0_ 
    from
        documents documents0_ 
    where
        documents0_.folder=?
14:14:36,710 DEBUG SQL:104 - 
    delete 
    from
        documents 
    where
        id=?
14:14:36,711 DEBUG SQL:104 - 
    delete 
    from
        folders 
    where
        id=?
14:14:36,711 DEBUG SQL:104 - 
    delete 
    from
        owners 
    where
        id=?
14:14:36,712 DEBUG SQL:104 - 
    insert 
    into
        owners
        (name, id) 
    values
        (?, ?)
14:14:36,712 DEBUG SQL:104 - 
    insert 
    into
        folders
        (name, parent, id) 
    values
        (?, ?, ?)
14:14:36,742 DEBUG SQL:104 - 
    insert 
    into
        documents
        (name, summary, folder, owner, text, lastTextModification, size_mb, id) 
    values
        (?, ?, ?, ?, ?, ?, ? / cast( 1024.0 as float ), ?)
14:14:36,743 DEBUG SQL:104 - 
    select
        document0_.id as id0_0_,
        document0_.name as name0_0_ 
    from
        documents document0_ 
    where
        document0_.id=?
14:14:36,743 DEBUG SQL:104 - 
    select
        document_.summary as summary0_,
        document_.folder as folder0_,
        document_.owner as owner0_,
        document_.text as text0_,
        document_.lastTextModification as lastText7_0_,
        document_.size_mb * 1024.0 as size8_0_,
        upper(document_.name) as formula81_ 
    from
        documents document_ 
    where
        document_.id=?
14:14:36,743 DEBUG SQL:104 - 
    select
        owner0_.id as id3_0_,
        owner0_.name as name3_0_ 
    from
        owners owner0_ 
    where
        owner0_.id=?
14:14:36,744 DEBUG SQL:104 - 
    select
        document0_.id as id0_,
        document0_.name as name0_ 
    from
        documents document0_
14:14:36,745 DEBUG SQL:104 - 
    select
        document_.summary as summary0_,
        document_.folder as folder0_,
        document_.owner as owner0_,
        document_.text as text0_,
        document_.lastTextModification as lastText7_0_,
        document_.size_mb * 1024.0 as size8_0_,
        upper(document_.name) as formula81_ 
    from
        documents document_ 
    where
        document_.id=?
14:14:36,745 DEBUG SQL:104 - 
    select
        owner0_.id as id3_0_,
        owner0_.name as name3_0_ 
    from
        owners owner0_ 
    where
        owner0_.id=?
14:14:36,745 DEBUG SQL:104 - 
    select
        document0_.id as id0_,
        document0_.name as name0_ 
    from
        documents document0_
14:14:36,746 DEBUG SQL:104 - 
    select
        document_.summary as summary0_,
        document_.folder as folder0_,
        document_.owner as owner0_,
        document_.text as text0_,
        document_.lastTextModification as lastText7_0_,
        document_.size_mb * 1024.0 as size8_0_,
        upper(document_.name) as formula81_ 
    from
        documents document_ 
    where
        document_.id=?
14:14:36,746 DEBUG SQL:104 - 
    select
        owner0_.id as id3_0_,
        owner0_.name as name3_0_ 
    from
        owners owner0_ 
    where
        owner0_.id=?
14:14:36,746 DEBUG SQL:104 - 
    select
        document0_.id as id0_,
        document0_.name as name0_ 
    from
        documents document0_
14:14:36,747 DEBUG SQL:104 - 
    update
        documents 
    set
        name=? 
    where
        id=?
14:14:36,747 DEBUG SQL:104 - 
    select
        document0_.id as id0_,
        document0_.name as name0_ 
    from
        documents document0_
14:14:36,748 DEBUG SQL:104 - 
    select
        document_.summary as summary0_,
        document_.folder as folder0_,
        document_.owner as owner0_,
        document_.text as text0_,
        document_.lastTextModification as lastText7_0_,
        document_.size_mb * 1024.0 as size8_0_,
        upper(document_.name) as formula81_ 
    from
        documents document_ 
    where
        document_.id=?
14:14:36,762 DEBUG SQL:104 - 
    select
        owner0_.id as id3_0_,
        owner0_.name as name3_0_ 
    from
        owners owner0_ 
    where
        owner0_.id=?
14:14:36,763 DEBUG SQL:104 - 
    select
        document0_.id as id0_,
        document0_.name as name0_ 
    from
        documents document0_
14:14:36,763 DEBUG SQL:104 - 
    select
        document_.summary as summary0_,
        document_.folder as folder0_,
        document_.owner as owner0_,
        document_.text as text0_,
        document_.lastTextModification as lastText7_0_,
        document_.size_mb * 1024.0 as size8_0_,
        upper(document_.name) as formula81_ 
    from
        documents document_ 
    where
        document_.id=?
14:14:36,772 DEBUG SQL:104 - 
    select
        owner0_.id as id3_0_,
        owner0_.name as name3_0_ 
    from
        owners owner0_ 
    where
        owner0_.id=?
14:14:36,773 DEBUG SQL:104 - 
    update
        documents 
    set
        name=?,
        summary=?,
        folder=?,
        owner=?,
        text=?,
        lastTextModification=?,
        size_mb=? / cast( 1024.0 as float ) 
    where
        id=?
14:14:36,773 DEBUG SQL:104 - 
    select
        document0_.id as id0_,
        document0_.name as name0_ 
    from
        documents document0_
14:14:36,782 DEBUG SQL:104 - 
    select
        document_.summary as summary0_,
        document_.folder as folder0_,
        document_.owner as owner0_,
        document_.text as text0_,
        document_.lastTextModification as lastText7_0_,
        document_.size_mb * 1024.0 as size8_0_,
        upper(document_.name) as formula81_ 
    from
        documents document_ 
    where
        document_.id=?
14:14:36,783 DEBUG SQL:104 - 
    select
        owner0_.id as id3_0_,
        owner0_.name as name3_0_ 
    from
        owners owner0_ 
    where
        owner0_.id=?
14:14:36,783 DEBUG SQL:104 - 
    select
        document0_.id as id0_,
        document0_.name as name0_ 
    from
        documents document0_
14:14:36,794 DEBUG SQL:104 - 
    select
        document_.summary as summary0_,
        document_.folder as folder0_,
        document_.owner as owner0_,
        document_.text as text0_,
        document_.lastTextModification as lastText7_0_,
        document_.size_mb * 1024.0 as size8_0_,
        upper(document_.name) as formula81_ 
    from
        documents document_ 
    where
        document_.id=?
14:14:36,794 DEBUG SQL:104 - 
    select
        owner0_.id as id3_0_,
        owner0_.name as name3_0_ 
    from
        owners owner0_ 
    where
        owner0_.id=?
14:14:36,795 DEBUG SQL:104 - 
    select
        document0_.id as id0_,
        document0_.name as name0_ 
    from
        documents document0_
14:14:36,795 DEBUG SQL:104 - 
    update
        documents 
    set
        name=? 
    where
        id=?
14:14:36,796 DEBUG SQL:104 - 
    select
        document_.summary as summary0_,
        document_.folder as folder0_,
        document_.owner as owner0_,
        document_.text as text0_,
        document_.lastTextModification as lastText7_0_,
        document_.size_mb * 1024.0 as size8_0_,
        upper(document_.name) as formula81_ 
    from
        documents document_ 
    where
        document_.id=?
14:14:36,796 DEBUG SQL:104 - 
    select
        owner0_.id as id3_0_,
        owner0_.name as name3_0_ 
    from
        owners owner0_ 
    where
        owner0_.id=?
14:14:36,796 DEBUG SQL:104 - 
    update
        documents 
    set
        name=?,
        summary=?,
        folder=?,
        owner=?,
        text=?,
        lastTextModification=?,
        size_mb=? / cast( 1024.0 as float ) 
    where
        id=?
14:14:36,807 DEBUG SQL:104 - 
    select
        document0_.id as id0_,
        document0_.name as name0_ 
    from
        documents document0_
14:14:36,807 DEBUG SQL:104 - 
    select
        document_.summary as summary0_,
        document_.folder as folder0_,
        document_.owner as owner0_,
        document_.text as text0_,
        document_.lastTextModification as lastText7_0_,
        document_.size_mb * 1024.0 as size8_0_,
        upper(document_.name) as formula81_ 
    from
        documents document_ 
    where
        document_.id=?
14:14:36,808 DEBUG SQL:104 - 
    select
        owner0_.id as id3_0_,
        owner0_.name as name3_0_ 
    from
        owners owner0_ 
    where
        owner0_.id=?
14:14:36,818 DEBUG SQL:104 - 
    select
        document0_.id as id0_0_,
        document0_.name as name0_0_ 
    from
        documents document0_ 
    where
        document0_.id=?
14:14:36,818 DEBUG SQL:104 - 
    select
        document0_.id as id0_,
        document0_.name as name0_ 
    from
        documents document0_
14:14:36,819 DEBUG SQL:104 - 
    select
        document_.summary as summary0_,
        document_.folder as folder0_,
        document_.owner as owner0_,
        document_.text as text0_,
        document_.lastTextModification as lastText7_0_,
        document_.size_mb * 1024.0 as size8_0_,
        upper(document_.name) as formula81_ 
    from
        documents document_ 
    where
        document_.id=?
14:14:36,819 DEBUG SQL:104 - 
    select
        owner0_.id as id3_0_,
        owner0_.name as name3_0_ 
    from
        owners owner0_ 
    where
        owner0_.id=?
14:14:36,819 DEBUG SQL:104 - 
    select
        folder0_.id as id2_0_,
        folder0_.name as name2_0_,
        folder0_.parent as parent2_0_ 
    from
        folders folder0_ 
    where
        folder0_.id=?
14:14:36,840 DEBUG SQL:104 - 
    select
        documents0_.folder as folder2_1_,
        documents0_.id as id0_1_,
        documents0_.id as id0_0_,
        documents0_.name as name0_0_ 
    from
        documents documents0_ 
    where
        documents0_.folder=?
14:14:36,841 DEBUG SQL:104 - 
    delete 
    from
        documents 
    where
        id=?
14:14:36,841 DEBUG SQL:104 - 
    delete 
    from
        folders 
    where
        id=?
14:14:36,842 DEBUG SQL:104 - 
    delete 
    from
        owners 
    where
        id=?
14:14:36,851 DEBUG SQL:104 - 
    insert 
    into
        owners
        (name, id) 
    values
        (?, ?)
14:14:36,851 DEBUG SQL:104 - 
    insert 
    into
        folders
        (name, parent, id) 
    values
        (?, ?, ?)
14:14:36,852 DEBUG SQL:104 - 
    insert 
    into
        documents
        (name, summary, folder, owner, text, lastTextModification, size_mb, id) 
    values
        (?, ?, ?, ?, ?, ?, ? / cast( 1024.0 as float ), ?)
14:14:36,852 DEBUG SQL:104 - 
    select
        document0_.id as id0_0_,
        document0_.name as name0_0_ 
    from
        documents document0_ 
    where
        document0_.id=?
14:14:36,861 DEBUG SQL:104 - 
    select
        document_.summary as summary0_,
        document_.folder as folder0_,
        document_.owner as owner0_,
        document_.text as text0_,
        document_.lastTextModification as lastText7_0_,
        document_.size_mb * 1024.0 as size8_0_,
        upper(document_.name) as formula81_ 
    from
        documents document_ 
    where
        document_.id=?
14:14:36,862 DEBUG SQL:104 - 
    select
        owner0_.id as id3_0_,
        owner0_.name as name3_0_ 
    from
        owners owner0_ 
    where
        owner0_.id=?
14:14:36,862 DEBUG SQL:104 - 
    select
        document0_.id as id0_,
        document0_.name as name0_ 
    from
        documents document0_
14:14:36,863 DEBUG SQL:104 - 
    select
        document_.summary as summary0_,
        document_.folder as folder0_,
        document_.owner as owner0_,
        document_.text as text0_,
        document_.lastTextModification as lastText7_0_,
        document_.size_mb * 1024.0 as size8_0_,
        upper(document_.name) as formula81_ 
    from
        documents document_ 
    where
        document_.id=?
14:14:36,871 DEBUG SQL:104 - 
    select
        owner0_.id as id3_0_,
        owner0_.name as name3_0_ 
    from
        owners owner0_ 
    where
        owner0_.id=?
14:14:36,872 DEBUG SQL:104 - 
    select
        document0_.id as id0_,
        document0_.name as name0_ 
    from
        documents document0_
14:14:36,873 DEBUG SQL:104 - 
    select
        document_.summary as summary0_,
        document_.folder as folder0_,
        document_.owner as owner0_,
        document_.text as text0_,
        document_.lastTextModification as lastText7_0_,
        document_.size_mb * 1024.0 as size8_0_,
        upper(document_.name) as formula81_ 
    from
        documents document_ 
    where
        document_.id=?
14:14:36,882 DEBUG SQL:104 - 
    select
        owner0_.id as id3_0_,
        owner0_.name as name3_0_ 
    from
        owners owner0_ 
    where
        owner0_.id=?
14:14:36,882 DEBUG SQL:104 - 
    select
        document0_.id as id0_,
        document0_.name as name0_ 
    from
        documents document0_
14:14:36,883 DEBUG SQL:104 - 
    update
        documents 
    set
        name=? 
    where
        id=?
14:14:36,883 DEBUG SQL:104 - 
    select
        document0_.id as id0_,
        document0_.name as name0_ 
    from
        documents document0_
14:14:36,893 DEBUG SQL:104 - 
    select
        document_.summary as summary0_,
        document_.folder as folder0_,
        document_.owner as owner0_,
        document_.text as text0_,
        document_.lastTextModification as lastText7_0_,
        document_.size_mb * 1024.0 as size8_0_,
        upper(document_.name) as formula81_ 
    from
        documents document_ 
    where
        document_.id=?
14:14:36,893 DEBUG SQL:104 - 
    select
        owner0_.id as id3_0_,
        owner0_.name as name3_0_ 
    from
        owners owner0_ 
    where
        owner0_.id=?
14:14:36,894 DEBUG SQL:104 - 
    select
        document0_.id as id0_,
        document0_.name as name0_ 
    from
        documents document0_
14:14:36,894 DEBUG SQL:104 - 
    select
        document_.summary as summary0_,
        document_.folder as folder0_,
        document_.owner as owner0_,
        document_.text as text0_,
        document_.lastTextModification as lastText7_0_,
        document_.size_mb * 1024.0 as size8_0_,
        upper(document_.name) as formula81_ 
    from
        documents document_ 
    where
        document_.id=?
14:14:36,903 DEBUG SQL:104 - 
    select
        owner0_.id as id3_0_,
        owner0_.name as name3_0_ 
    from
        owners owner0_ 
    where
        owner0_.id=?
14:14:36,903 DEBUG SQL:104 - 
    update
        documents 
    set
        name=?,
        summary=?,
        folder=?,
        owner=?,
        text=?,
        lastTextModification=?,
        size_mb=? / cast( 1024.0 as float ) 
    where
        id=?
14:14:36,914 DEBUG SQL:104 - 
    select
        document0_.id as id0_,
        document0_.name as name0_ 
    from
        documents document0_
14:14:36,915 DEBUG SQL:104 - 
    select
        document_.summary as summary0_,
        document_.folder as folder0_,
        document_.owner as owner0_,
        document_.text as text0_,
        document_.lastTextModification as lastText7_0_,
        document_.size_mb * 1024.0 as size8_0_,
        upper(document_.name) as formula81_ 
    from
        documents document_ 
    where
        document_.id=?
14:14:36,915 DEBUG SQL:104 - 
    select
        owner0_.id as id3_0_,
        owner0_.name as name3_0_ 
    from
        owners owner0_ 
    where
        owner0_.id=?
14:14:36,924 DEBUG SQL:104 - 
    select
        document0_.id as id0_,
        document0_.name as name0_ 
    from
        documents document0_
14:14:36,924 DEBUG SQL:104 - 
    select
        document_.summary as summary0_,
        document_.folder as folder0_,
        document_.owner as owner0_,
        document_.text as text0_,
        document_.lastTextModification as lastText7_0_,
        document_.size_mb * 1024.0 as size8_0_,
        upper(document_.name) as formula81_ 
    from
        documents document_ 
    where
        document_.id=?
14:14:36,925 DEBUG SQL:104 - 
    select
        owner0_.id as id3_0_,
        owner0_.name as name3_0_ 
    from
        owners owner0_ 
    where
        owner0_.id=?
14:14:36,925 DEBUG SQL:104 - 
    select
        document0_.id as id0_,
        document0_.name as name0_ 
    from
        documents document0_
14:14:36,925 DEBUG SQL:104 - 
    update
        documents 
    set
        name=? 
    where
        id=?
14:14:36,926 DEBUG SQL:104 - 
    select
        document_.summary as summary0_,
        document_.folder as folder0_,
        document_.owner as owner0_,
        document_.text as text0_,
        document_.lastTextModification as lastText7_0_,
        document_.size_mb * 1024.0 as size8_0_,
        upper(document_.name) as formula81_ 
    from
        documents document_ 
    where
        document_.id=?
14:14:36,926 DEBUG SQL:104 - 
    select
        owner0_.id as id3_0_,
        owner0_.name as name3_0_ 
    from
        owners owner0_ 
    where
        owner0_.id=?
14:14:36,938 DEBUG SQL:104 - 
    update
        documents 
    set
        name=?,
        summary=?,
        folder=?,
        owner=?,
        text=?,
        lastTextModification=?,
        size_mb=? / cast( 1024.0 as float ) 
    where
        id=?
14:14:36,939 DEBUG SQL:104 - 
    select
        document0_.id as id0_,
        document0_.name as name0_ 
    from
        documents document0_
14:14:36,939 DEBUG SQL:104 - 
    select
        document_.summary as summary0_,
        document_.folder as folder0_,
        document_.owner as owner0_,
        document_.text as text0_,
        document_.lastTextModification as lastText7_0_,
        document_.size_mb * 1024.0 as size8_0_,
        upper(document_.name) as formula81_ 
    from
        documents document_ 
    where
        document_.id=?
14:14:36,947 DEBUG SQL:104 - 
    select
        owner0_.id as id3_0_,
        owner0_.name as name3_0_ 
    from
        owners owner0_ 
    where
        owner0_.id=?
14:14:36,948 DEBUG SQL:104 - 
    select
        document0_.id as id0_0_,
        document0_.name as name0_0_ 
    from
        documents document0_ 
    where
        document0_.id=?
14:14:36,948 DEBUG SQL:104 - 
    select
        document0_.id as id0_,
        document0_.name as name0_ 
    from
        documents document0_
14:14:36,949 DEBUG SQL:104 - 
    select
        document_.summary as summary0_,
        document_.folder as folder0_,
        document_.owner as owner0_,
        document_.text as text0_,
        document_.lastTextModification as lastText7_0_,
        document_.size_mb * 1024.0 as size8_0_,
        upper(document_.name) as formula81_ 
    from
        documents document_ 
    where
        document_.id=?
14:14:36,949 DEBUG SQL:104 - 
    select
        owner0_.id as id3_0_,
        owner0_.name as name3_0_ 
    from
        owners owner0_ 
    where
        owner0_.id=?
14:14:36,949 DEBUG SQL:104 - 
    select
        folder0_.id as id2_0_,
        folder0_.name as name2_0_,
        folder0_.parent as parent2_0_ 
    from
        folders folder0_ 
    where
        folder0_.id=?
14:14:36,971 DEBUG SQL:104 - 
    select
        documents0_.folder as folder2_1_,
        documents0_.id as id0_1_,
        documents0_.id as id0_0_,
        documents0_.name as name0_0_ 
    from
        documents documents0_ 
    where
        documents0_.folder=?
14:14:36,972 DEBUG SQL:104 - 
    delete 
    from
        documents 
    where
        id=?
14:14:36,972 DEBUG SQL:104 - 
    delete 
    from
        folders 
    where
        id=?
14:14:36,980 DEBUG SQL:104 - 
    delete 
    from
        owners 
    where
        id=?
14:14:36,981 DEBUG SQL:104 - 
    insert 
    into
        owners
        (name, id) 
    values
        (?, ?)
14:14:36,981 DEBUG SQL:104 - 
    insert 
    into
        folders
        (name, parent, id) 
    values
        (?, ?, ?)
14:14:36,981 DEBUG SQL:104 - 
    insert 
    into
        documents
        (name, summary, folder, owner, text, lastTextModification, size_mb, id) 
    values
        (?, ?, ?, ?, ?, ?, ? / cast( 1024.0 as float ), ?)
14:14:36,982 DEBUG SQL:104 - 
    select
        document0_.id as id0_0_,
        document0_.name as name0_0_ 
    from
        documents document0_ 
    where
        document0_.id=?
14:14:36,991 DEBUG SQL:104 - 
    select
        document_.summary as summary0_,
        document_.folder as folder0_,
        document_.owner as owner0_,
        document_.text as text0_,
        document_.lastTextModification as lastText7_0_,
        document_.size_mb * 1024.0 as size8_0_,
        upper(document_.name) as formula81_ 
    from
        documents document_ 
    where
        document_.id=?
14:14:36,991 DEBUG SQL:104 - 
    select
        owner0_.id as id3_0_,
        owner0_.name as name3_0_ 
    from
        owners owner0_ 
    where
        owner0_.id=?
14:14:36,992 DEBUG SQL:104 - 
    select
        document0_.id as id0_,
        document0_.name as name0_ 
    from
        documents document0_
14:14:37,001 DEBUG SQL:104 - 
    select
        document_.summary as summary0_,
        document_.folder as folder0_,
        document_.owner as owner0_,
        document_.text as text0_,
        document_.lastTextModification as lastText7_0_,
        document_.size_mb * 1024.0 as size8_0_,
        upper(document_.name) as formula81_ 
    from
        documents document_ 
    where
        document_.id=?
14:14:37,001 DEBUG SQL:104 - 
    select
        owner0_.id as id3_0_,
        owner0_.name as name3_0_ 
    from
        owners owner0_ 
    where
        owner0_.id=?
14:14:37,002 DEBUG SQL:104 - 
    select
        document0_.id as id0_,
        document0_.name as name0_ 
    from
        documents document0_
14:14:37,002 DEBUG SQL:104 - 
    select
        document_.summary as summary0_,
        document_.folder as folder0_,
        document_.owner as owner0_,
        document_.text as text0_,
        document_.lastTextModification as lastText7_0_,
        document_.size_mb * 1024.0 as size8_0_,
        upper(document_.name) as formula81_ 
    from
        documents document_ 
    where
        document_.id=?
14:14:37,011 DEBUG SQL:104 - 
    select
        owner0_.id as id3_0_,
        owner0_.name as name3_0_ 
    from
        owners owner0_ 
    where
        owner0_.id=?
14:14:37,012 DEBUG SQL:104 - 
    select
        document0_.id as id0_,
        document0_.name as name0_ 
    from
        documents document0_
14:14:37,012 DEBUG SQL:104 - 
    update
        documents 
    set
        name=? 
    where
        id=?
14:14:37,021 DEBUG SQL:104 - 
    select
        document0_.id as id0_,
        document0_.name as name0_ 
    from
        documents document0_
14:14:37,022 DEBUG SQL:104 - 
    select
        document_.summary as summary0_,
        document_.folder as folder0_,
        document_.owner as owner0_,
        document_.text as text0_,
        document_.lastTextModification as lastText7_0_,
        document_.size_mb * 1024.0 as size8_0_,
        upper(document_.name) as formula81_ 
    from
        documents document_ 
    where
        document_.id=?
14:14:37,022 DEBUG SQL:104 - 
    select
        owner0_.id as id3_0_,
        owner0_.name as name3_0_ 
    from
        owners owner0_ 
    where
        owner0_.id=?
14:14:37,023 DEBUG SQL:104 - 
    select
        document0_.id as id0_,
        document0_.name as name0_ 
    from
        documents document0_
14:14:37,032 DEBUG SQL:104 - 
    select
        document_.summary as summary0_,
        document_.folder as folder0_,
        document_.owner as owner0_,
        document_.text as text0_,
        document_.lastTextModification as lastText7_0_,
        document_.size_mb * 1024.0 as size8_0_,
        upper(document_.name) as formula81_ 
    from
        documents document_ 
    where
        document_.id=?
14:14:37,032 DEBUG SQL:104 - 
    select
        owner0_.id as id3_0_,
        owner0_.name as name3_0_ 
    from
        owners owner0_ 
    where
        owner0_.id=?
14:14:37,033 DEBUG SQL:104 - 
    update
        documents 
    set
        name=?,
        summary=?,
        folder=?,
        owner=?,
        text=?,
        lastTextModification=?,
        size_mb=? / cast( 1024.0 as float ) 
    where
        id=?
14:14:37,042 DEBUG SQL:104 - 
    select
        document0_.id as id0_,
        document0_.name as name0_ 
    from
        documents document0_
14:14:37,043 DEBUG SQL:104 - 
    select
        document_.summary as summary0_,
        document_.folder as folder0_,
        document_.owner as owner0_,
        document_.text as text0_,
        document_.lastTextModification as lastText7_0_,
        document_.size_mb * 1024.0 as size8_0_,
        upper(document_.name) as formula81_ 
    from
        documents document_ 
    where
        document_.id=?
14:14:37,043 DEBUG SQL:104 - 
    select
        owner0_.id as id3_0_,
        owner0_.name as name3_0_ 
    from
        owners owner0_ 
    where
        owner0_.id=?
14:14:37,054 DEBUG SQL:104 - 
    select
        document0_.id as id0_,
        document0_.name as name0_ 
    from
        documents document0_
14:14:37,054 DEBUG SQL:104 - 
    select
        document_.summary as summary0_,
        document_.folder as folder0_,
        document_.owner as owner0_,
        document_.text as text0_,
        document_.lastTextModification as lastText7_0_,
        document_.size_mb * 1024.0 as size8_0_,
        upper(document_.name) as formula81_ 
    from
        documents document_ 
    where
        document_.id=?
14:14:37,055 DEBUG SQL:104 - 
    select
        owner0_.id as id3_0_,
        owner0_.name as name3_0_ 
    from
        owners owner0_ 
    where
        owner0_.id=?
14:14:37,055 DEBUG SQL:104 - 
    select
        document0_.id as id0_,
        document0_.name as name0_ 
    from
        documents document0_
14:14:37,056 DEBUG SQL:104 - 
    update
        documents 
    set
        name=? 
    where
        id=?
14:14:37,056 DEBUG SQL:104 - 
    select
        document_.summary as summary0_,
        document_.folder as folder0_,
        document_.owner as owner0_,
        document_.text as text0_,
        document_.lastTextModification as lastText7_0_,
        document_.size_mb * 1024.0 as size8_0_,
        upper(document_.name) as formula81_ 
    from
        documents document_ 
    where
        document_.id=?
14:14:37,056 DEBUG SQL:104 - 
    select
        owner0_.id as id3_0_,
        owner0_.name as name3_0_ 
    from
        owners owner0_ 
    where
        owner0_.id=?
14:14:37,065 DEBUG SQL:104 - 
    update
        documents 
    set
        name=?,
        summary=?,
        folder=?,
        owner=?,
        text=?,
        lastTextModification=?,
        size_mb=? / cast( 1024.0 as float ) 
    where
        id=?
14:14:37,066 DEBUG SQL:104 - 
    select
        document0_.id as id0_,
        document0_.name as name0_ 
    from
        documents document0_
14:14:37,066 DEBUG SQL:104 - 
    select
        document_.summary as summary0_,
        document_.folder as folder0_,
        document_.owner as owner0_,
        document_.text as text0_,
        document_.lastTextModification as lastText7_0_,
        document_.size_mb * 1024.0 as size8_0_,
        upper(document_.name) as formula81_ 
    from
        documents document_ 
    where
        document_.id=?
14:14:37,077 DEBUG SQL:104 - 
    select
        owner0_.id as id3_0_,
        owner0_.name as name3_0_ 
    from
        owners owner0_ 
    where
        owner0_.id=?
14:14:37,078 DEBUG SQL:104 - 
    select
        document0_.id as id0_0_,
        document0_.name as name0_0_ 
    from
        documents document0_ 
    where
        document0_.id=?
14:14:37,078 DEBUG SQL:104 - 
    select
        document0_.id as id0_,
        document0_.name as name0_ 
    from
        documents document0_
14:14:37,078 DEBUG SQL:104 - 
    select
        document_.summary as summary0_,
        document_.folder as folder0_,
        document_.owner as owner0_,
        document_.text as text0_,
        document_.lastTextModification as lastText7_0_,
        document_.size_mb * 1024.0 as size8_0_,
        upper(document_.name) as formula81_ 
    from
        documents document_ 
    where
        document_.id=?
14:14:37,079 DEBUG SQL:104 - 
    select
        owner0_.id as id3_0_,
        owner0_.name as name3_0_ 
    from
        owners owner0_ 
    where
        owner0_.id=?
14:14:37,101 DEBUG SQL:104 - 
    select
        folder0_.id as id2_0_,
        folder0_.name as name2_0_,
        folder0_.parent as parent2_0_ 
    from
        folders folder0_ 
    where
        folder0_.id=?
14:14:37,101 DEBUG SQL:104 - 
    select
        documents0_.folder as folder2_1_,
        documents0_.id as id0_1_,
        documents0_.id as id0_0_,
        documents0_.name as name0_0_ 
    from
        documents documents0_ 
    where
        documents0_.folder=?
14:14:37,102 DEBUG SQL:104 - 
    delete 
    from
        documents 
    where
        id=?
14:14:37,102 DEBUG SQL:104 - 
    delete 
    from
        folders 
    where
        id=?
14:14:37,113 DEBUG SQL:104 - 
    delete 
    from
        owners 
    where
        id=?
14:14:37,114 DEBUG SQL:104 - 
    insert 
    into
        owners
        (name, id) 
    values
        (?, ?)
14:14:37,114 DEBUG SQL:104 - 
    insert 
    into
        folders
        (name, parent, id) 
    values
        (?, ?, ?)
14:14:37,115 DEBUG SQL:104 - 
    insert 
    into
        documents
        (name, summary, folder, owner, text, lastTextModification, size_mb, id) 
    values
        (?, ?, ?, ?, ?, ?, ? / cast( 1024.0 as float ), ?)
14:14:37,126 DEBUG SQL:104 - 
    select
        document0_.id as id0_0_,
        document0_.name as name0_0_ 
    from
        documents document0_ 
    where
        document0_.id=?
14:14:37,127 DEBUG SQL:104 - 
    select
        document_.summary as summary0_,
        document_.folder as folder0_,
        document_.owner as owner0_,
        document_.text as text0_,
        document_.lastTextModification as lastText7_0_,
        document_.size_mb * 1024.0 as size8_0_,
        upper(document_.name) as formula81_ 
    from
        documents document_ 
    where
        document_.id=?
14:14:37,127 DEBUG SQL:104 - 
    select
        owner0_.id as id3_0_,
        owner0_.name as name3_0_ 
    from
        owners owner0_ 
    where
        owner0_.id=?
14:14:37,128 DEBUG SQL:104 - 
    select
        document0_.id as id0_,
        document0_.name as name0_ 
    from
        documents document0_
14:14:37,143 DEBUG SQL:104 - 
    select
        document_.summary as summary0_,
        document_.folder as folder0_,
        document_.owner as owner0_,
        document_.text as text0_,
        document_.lastTextModification as lastText7_0_,
        document_.size_mb * 1024.0 as size8_0_,
        upper(document_.name) as formula81_ 
    from
        documents document_ 
    where
        document_.id=?
14:14:37,144 DEBUG SQL:104 - 
    select
        owner0_.id as id3_0_,
        owner0_.name as name3_0_ 
    from
        owners owner0_ 
    where
        owner0_.id=?
14:14:37,144 DEBUG SQL:104 - 
    select
        document0_.id as id0_,
        document0_.name as name0_ 
    from
        documents document0_
14:14:37,158 DEBUG SQL:104 - 
    select
        document_.summary as summary0_,
        document_.folder as folder0_,
        document_.owner as owner0_,
        document_.text as text0_,
        document_.lastTextModification as lastText7_0_,
        document_.size_mb * 1024.0 as size8_0_,
        upper(document_.name) as formula81_ 
    from
        documents document_ 
    where
        document_.id=?
14:14:37,159 DEBUG SQL:104 - 
    select
        owner0_.id as id3_0_,
        owner0_.name as name3_0_ 
    from
        owners owner0_ 
    where
        owner0_.id=?
14:14:37,160 DEBUG SQL:104 - 
    select
        document0_.id as id0_,
        document0_.name as name0_ 
    from
        documents document0_
14:14:37,160 DEBUG SQL:104 - 
    update
        documents 
    set
        name=? 
    where
        id=?
14:14:37,166 DEBUG SQL:104 - 
    select
        document0_.id as id0_,
        document0_.name as name0_ 
    from
        documents document0_
14:14:37,167 DEBUG SQL:104 - 
    select
        document_.summary as summary0_,
        document_.folder as folder0_,
        document_.owner as owner0_,
        document_.text as text0_,
        document_.lastTextModification as lastText7_0_,
        document_.size_mb * 1024.0 as size8_0_,
        upper(document_.name) as formula81_ 
    from
        documents document_ 
    where
        document_.id=?
14:14:37,167 DEBUG SQL:104 - 
    select
        owner0_.id as id3_0_,
        owner0_.name as name3_0_ 
    from
        owners owner0_ 
    where
        owner0_.id=?
14:14:37,177 DEBUG SQL:104 - 
    select
        document0_.id as id0_,
        document0_.name as name0_ 
    from
        documents document0_
14:14:37,178 DEBUG SQL:104 - 
    select
        document_.summary as summary0_,
        document_.folder as folder0_,
        document_.owner as owner0_,
        document_.text as text0_,
        document_.lastTextModification as lastText7_0_,
        document_.size_mb * 1024.0 as size8_0_,
        upper(document_.name) as formula81_ 
    from
        documents document_ 
    where
        document_.id=?
14:14:37,180 DEBUG SQL:104 - 
    select
        owner0_.id as id3_0_,
        owner0_.name as name3_0_ 
    from
        owners owner0_ 
    where
        owner0_.id=?
14:14:37,180 DEBUG SQL:104 - 
    update
        documents 
    set
        name=?,
        summary=?,
        folder=?,
        owner=?,
        text=?,
        lastTextModification=?,
        size_mb=? / cast( 1024.0 as float ) 
    where
        id=?
14:14:37,181 DEBUG SQL:104 - 
    select
        document0_.id as id0_,
        document0_.name as name0_ 
    from
        documents document0_
14:14:37,181 DEBUG SQL:104 - 
    select
        document_.summary as summary0_,
        document_.folder as folder0_,
        document_.owner as owner0_,
        document_.text as text0_,
        document_.lastTextModification as lastText7_0_,
        document_.size_mb * 1024.0 as size8_0_,
        upper(document_.name) as formula81_ 
    from
        documents document_ 
    where
        document_.id=?
14:14:37,190 DEBUG SQL:104 - 
    select
        owner0_.id as id3_0_,
        owner0_.name as name3_0_ 
    from
        owners owner0_ 
    where
        owner0_.id=?
14:14:37,191 DEBUG SQL:104 - 
    select
        document0_.id as id0_,
        document0_.name as name0_ 
    from
        documents document0_
14:14:37,192 DEBUG SQL:104 - 
    select
        document_.summary as summary0_,
        document_.folder as folder0_,
        document_.owner as owner0_,
        document_.text as text0_,
        document_.lastTextModification as lastText7_0_,
        document_.size_mb * 1024.0 as size8_0_,
        upper(document_.name) as formula81_ 
    from
        documents document_ 
    where
        document_.id=?
14:14:37,192 DEBUG SQL:104 - 
    select
        owner0_.id as id3_0_,
        owner0_.name as name3_0_ 
    from
        owners owner0_ 
    where
        owner0_.id=?
14:14:37,203 DEBUG SQL:104 - 
    select
        document0_.id as id0_,
        document0_.name as name0_ 
    from
        documents document0_
14:14:37,203 DEBUG SQL:104 - 
    update
        documents 
    set
        name=? 
    where
        id=?
14:14:37,204 DEBUG SQL:104 - 
    select
        document_.summary as summary0_,
        document_.folder as folder0_,
        document_.owner as owner0_,
        document_.text as text0_,
        document_.lastTextModification as lastText7_0_,
        document_.size_mb * 1024.0 as size8_0_,
        upper(document_.name) as formula81_ 
    from
        documents document_ 
    where
        document_.id=?
14:14:37,204 DEBUG SQL:104 - 
    select
        owner0_.id as id3_0_,
        owner0_.name as name3_0_ 
    from
        owners owner0_ 
    where
        owner0_.id=?
14:14:37,205 DEBUG SQL:104 - 
    update
        documents 
    set
        name=?,
        summary=?,
        folder=?,
        owner=?,
        text=?,
        lastTextModification=?,
        size_mb=? / cast( 1024.0 as float ) 
    where
        id=?
14:14:37,225 DEBUG SQL:104 - 
    select
        document0_.id as id0_,
        document0_.name as name0_ 
    from
        documents document0_
14:14:37,226 DEBUG SQL:104 - 
    select
        document_.summary as summary0_,
        document_.folder as folder0_,
        document_.owner as owner0_,
        document_.text as text0_,
        document_.lastTextModification as lastText7_0_,
        document_.size_mb * 1024.0 as size8_0_,
        upper(document_.name) as formula81_ 
    from
        documents document_ 
    where
        document_.id=?
14:14:37,226 DEBUG SQL:104 - 
    select
        owner0_.id as id3_0_,
        owner0_.name as name3_0_ 
    from
        owners owner0_ 
    where
        owner0_.id=?
14:14:37,267 DEBUG SQL:104 - 
    select
        document0_.id as id0_0_,
        document0_.name as name0_0_ 
    from
        documents document0_ 
    where
        document0_.id=?
14:14:37,268 DEBUG SQL:104 - 
    select
        document0_.id as id0_,
        document0_.name as name0_ 
    from
        documents document0_
14:14:37,269 DEBUG SQL:104 - 
    select
        document_.summary as summary0_,
        document_.folder as folder0_,
        document_.owner as owner0_,
        document_.text as text0_,
        document_.lastTextModification as lastText7_0_,
        document_.size_mb * 1024.0 as size8_0_,
        upper(document_.name) as formula81_ 
    from
        documents document_ 
    where
        document_.id=?
14:14:37,269 DEBUG SQL:104 - 
    select
        owner0_.id as id3_0_,
        owner0_.name as name3_0_ 
    from
        owners owner0_ 
    where
        owner0_.id=?
14:14:37,269 DEBUG SQL:104 - 
    select
        folder0_.id as id2_0_,
        folder0_.name as name2_0_,
        folder0_.parent as parent2_0_ 
    from
        folders folder0_ 
    where
        folder0_.id=?
14:14:37,270 DEBUG SQL:104 - 
    select
        documents0_.folder as folder2_1_,
        documents0_.id as id0_1_,
        documents0_.id as id0_0_,
        documents0_.name as name0_0_ 
    from
        documents documents0_ 
    where
        documents0_.folder=?
14:14:37,271 DEBUG SQL:104 - 
    delete 
    from
        documents 
    where
        id=?
14:14:37,271 DEBUG SQL:104 - 
    delete 
    from
        folders 
    where
        id=?
14:14:37,271 DEBUG SQL:104 - 
    delete 
    from
        owners 
    where
        id=?
14:14:37,272 DEBUG SQL:104 - 
    insert 
    into
        owners
        (name, id) 
    values
        (?, ?)
14:14:37,272 DEBUG SQL:104 - 
    insert 
    into
        folders
        (name, parent, id) 
    values
        (?, ?, ?)
14:14:37,273 DEBUG SQL:104 - 
    insert 
    into
        documents
        (name, summary, folder, owner, text, lastTextModification, size_mb, id) 
    values
        (?, ?, ?, ?, ?, ?, ? / cast( 1024.0 as float ), ?)
14:14:37,273 DEBUG SQL:104 - 
    select
        document0_.id as id0_0_,
        document0_.name as name0_0_ 
    from
        documents document0_ 
    where
        document0_.id=?
14:14:37,273 DEBUG SQL:104 - 
    select
        document_.summary as summary0_,
        document_.folder as folder0_,
        document_.owner as owner0_,
        document_.text as text0_,
        document_.lastTextModification as lastText7_0_,
        document_.size_mb * 1024.0 as size8_0_,
        upper(document_.name) as formula81_ 
    from
        documents document_ 
    where
        document_.id=?
14:14:37,282 DEBUG SQL:104 - 
    select
        owner0_.id as id3_0_,
        owner0_.name as name3_0_ 
    from
        owners owner0_ 
    where
        owner0_.id=?
14:14:37,283 DEBUG SQL:104 - 
    select
        document0_.id as id0_,
        document0_.name as name0_ 
    from
        documents document0_
14:14:37,284 DEBUG SQL:104 - 
    select
        document_.summary as summary0_,
        document_.folder as folder0_,
        document_.owner as owner0_,
        document_.text as text0_,
        document_.lastTextModification as lastText7_0_,
        document_.size_mb * 1024.0 as size8_0_,
        upper(document_.name) as formula81_ 
    from
        documents document_ 
    where
        document_.id=?
14:14:37,293 DEBUG SQL:104 - 
    select
        owner0_.id as id3_0_,
        owner0_.name as name3_0_ 
    from
        owners owner0_ 
    where
        owner0_.id=?
14:14:37,294 DEBUG SQL:104 - 
    select
        document0_.id as id0_,
        document0_.name as name0_ 
    from
        documents document0_
14:14:37,294 DEBUG SQL:104 - 
    select
        document_.summary as summary0_,
        document_.folder as folder0_,
        document_.owner as owner0_,
        document_.text as text0_,
        document_.lastTextModification as lastText7_0_,
        document_.size_mb * 1024.0 as size8_0_,
        upper(document_.name) as formula81_ 
    from
        documents document_ 
    where
        document_.id=?
14:14:37,312 DEBUG SQL:104 - 
    select
        owner0_.id as id3_0_,
        owner0_.name as name3_0_ 
    from
        owners owner0_ 
    where
        owner0_.id=?
14:14:37,313 DEBUG SQL:104 - 
    select
        document0_.id as id0_,
        document0_.name as name0_ 
    from
        documents document0_
14:14:37,313 DEBUG SQL:104 - 
    update
        documents 
    set
        name=? 
    where
        id=?
14:14:37,314 DEBUG SQL:104 - 
    select
        document0_.id as id0_,
        document0_.name as name0_ 
    from
        documents document0_
14:14:37,314 DEBUG SQL:104 - 
    select
        document_.summary as summary0_,
        document_.folder as folder0_,
        document_.owner as owner0_,
        document_.text as text0_,
        document_.lastTextModification as lastText7_0_,
        document_.size_mb * 1024.0 as size8_0_,
        upper(document_.name) as formula81_ 
    from
        documents document_ 
    where
        document_.id=?
14:14:37,315 DEBUG SQL:104 - 
    select
        owner0_.id as id3_0_,
        owner0_.name as name3_0_ 
    from
        owners owner0_ 
    where
        owner0_.id=?
14:14:37,316 DEBUG SQL:104 - 
    select
        document0_.id as id0_,
        document0_.name as name0_ 
    from
        documents document0_
14:14:37,316 DEBUG SQL:104 - 
    select
        document_.summary as summary0_,
        document_.folder as folder0_,
        document_.owner as owner0_,
        document_.text as text0_,
        document_.lastTextModification as lastText7_0_,
        document_.size_mb * 1024.0 as size8_0_,
        upper(document_.name) as formula81_ 
    from
        documents document_ 
    where
        document_.id=?
14:14:37,316 DEBUG SQL:104 - 
    select
        owner0_.id as id3_0_,
        owner0_.name as name3_0_ 
    from
        owners owner0_ 
    where
        owner0_.id=?
14:14:37,329 DEBUG SQL:104 - 
    update
        documents 
    set
        name=?,
        summary=?,
        folder=?,
        owner=?,
        text=?,
        lastTextModification=?,
        size_mb=? / cast( 1024.0 as float ) 
    where
        id=?
14:14:37,330 DEBUG SQL:104 - 
    select
        document0_.id as id0_,
        document0_.name as name0_ 
    from
        documents document0_
14:14:37,330 DEBUG SQL:104 - 
    select
        document_.summary as summary0_,
        document_.folder as folder0_,
        document_.owner as owner0_,
        document_.text as text0_,
        document_.lastTextModification as lastText7_0_,
        document_.size_mb * 1024.0 as size8_0_,
        upper(document_.name) as formula81_ 
    from
        documents document_ 
    where
        document_.id=?
14:14:37,342 DEBUG SQL:104 - 
    select
        owner0_.id as id3_0_,
        owner0_.name as name3_0_ 
    from
        owners owner0_ 
    where
        owner0_.id=?
14:14:37,343 DEBUG SQL:104 - 
    select
        document0_.id as id0_,
        document0_.name as name0_ 
    from
        documents document0_
14:14:37,344 DEBUG SQL:104 - 
    select
        document_.summary as summary0_,
        document_.folder as folder0_,
        document_.owner as owner0_,
        document_.text as text0_,
        document_.lastTextModification as lastText7_0_,
        document_.size_mb * 1024.0 as size8_0_,
        upper(document_.name) as formula81_ 
    from
        documents document_ 
    where
        document_.id=?
14:14:37,344 DEBUG SQL:104 - 
    select
        owner0_.id as id3_0_,
        owner0_.name as name3_0_ 
    from
        owners owner0_ 
    where
        owner0_.id=?
14:14:37,345 DEBUG SQL:104 - 
    select
        document0_.id as id0_,
        document0_.name as name0_ 
    from
        documents document0_
14:14:37,366 DEBUG SQL:104 - 
    update
        documents 
    set
        name=? 
    where
        id=?
14:14:37,367 DEBUG SQL:104 - 
    select
        document_.summary as summary0_,
        document_.folder as folder0_,
        document_.owner as owner0_,
        document_.text as text0_,
        document_.lastTextModification as lastText7_0_,
        document_.size_mb * 1024.0 as size8_0_,
        upper(document_.name) as formula81_ 
    from
        documents document_ 
    where
        document_.id=?
14:14:37,368 DEBUG SQL:104 - 
    select
        owner0_.id as id3_0_,
        owner0_.name as name3_0_ 
    from
        owners owner0_ 
    where
        owner0_.id=?
14:14:37,368 DEBUG SQL:104 - 
    update
        documents 
    set
        name=?,
        summary=?,
        folder=?,
        owner=?,
        text=?,
        lastTextModification=?,
        size_mb=? / cast( 1024.0 as float ) 
    where
        id=?
14:14:37,377 DEBUG SQL:104 - 
    select
        document0_.id as id0_,
        document0_.name as name0_ 
    from
        documents document0_
14:14:37,378 DEBUG SQL:104 - 
    select
        document_.summary as summary0_,
        document_.folder as folder0_,
        document_.owner as owner0_,
        document_.text as text0_,
        document_.lastTextModification as lastText7_0_,
        document_.size_mb * 1024.0 as size8_0_,
        upper(document_.name) as formula81_ 
    from
        documents document_ 
    where
        document_.id=?
14:14:37,378 DEBUG SQL:104 - 
    select
        owner0_.id as id3_0_,
        owner0_.name as name3_0_ 
    from
        owners owner0_ 
    where
        owner0_.id=?
14:14:37,388 DEBUG SQL:104 - 
    select
        document0_.id as id0_0_,
        document0_.name as name0_0_ 
    from
        documents document0_ 
    where
        document0_.id=?
14:14:37,389 DEBUG SQL:104 - 
    select
        document0_.id as id0_,
        document0_.name as name0_ 
    from
        documents document0_
14:14:37,389 DEBUG SQL:104 - 
    select
        document_.summary as summary0_,
        document_.folder as folder0_,
        document_.owner as owner0_,
        document_.text as text0_,
        document_.lastTextModification as lastText7_0_,
        document_.size_mb * 1024.0 as size8_0_,
        upper(document_.name) as formula81_ 
    from
        documents document_ 
    where
        document_.id=?
14:14:37,398 DEBUG SQL:104 - 
    select
        owner0_.id as id3_0_,
        owner0_.name as name3_0_ 
    from
        owners owner0_ 
    where
        owner0_.id=?
14:14:37,399 DEBUG SQL:104 - 
    select
        folder0_.id as id2_0_,
        folder0_.name as name2_0_,
        folder0_.parent as parent2_0_ 
    from
        folders folder0_ 
    where
        folder0_.id=?
14:14:37,399 DEBUG SQL:104 - 
    select
        documents0_.folder as folder2_1_,
        documents0_.id as id0_1_,
        documents0_.id as id0_0_,
        documents0_.name as name0_0_ 
    from
        documents documents0_ 
    where
        documents0_.folder=?
14:14:37,409 DEBUG SQL:104 - 
    delete 
    from
        documents 
    where
        id=?
14:14:37,409 DEBUG SQL:104 - 
    delete 
    from
        folders 
    where
        id=?
14:14:37,410 DEBUG SQL:104 - 
    delete 
    from
        owners 
    where
        id=?
14:14:37,418 DEBUG SQL:104 - 
    insert 
    into
        owners
        (name, id) 
    values
        (?, ?)
14:14:37,418 DEBUG SQL:104 - 
    insert 
    into
        folders
        (name, parent, id) 
    values
        (?, ?, ?)
14:14:37,420 DEBUG SQL:104 - 
    insert 
    into
        documents
        (name, summary, folder, owner, text, lastTextModification, size_mb, id) 
    values
        (?, ?, ?, ?, ?, ?, ? / cast( 1024.0 as float ), ?)
14:14:37,421 DEBUG SQL:104 - 
    select
        document0_.id as id0_0_,
        document0_.name as name0_0_ 
    from
        documents document0_ 
    where
        document0_.id=?
14:14:37,421 DEBUG SQL:104 - 
    select
        document_.summary as summary0_,
        document_.folder as folder0_,
        document_.owner as owner0_,
        document_.text as text0_,
        document_.lastTextModification as lastText7_0_,
        document_.size_mb * 1024.0 as size8_0_,
        upper(document_.name) as formula81_ 
    from
        documents document_ 
    where
        document_.id=?
14:14:37,421 DEBUG SQL:104 - 
    select
        owner0_.id as id3_0_,
        owner0_.name as name3_0_ 
    from
        owners owner0_ 
    where
        owner0_.id=?
14:14:37,432 DEBUG SQL:104 - 
    select
        document0_.id as id0_,
        document0_.name as name0_ 
    from
        documents document0_
14:14:37,432 DEBUG SQL:104 - 
    select
        document_.summary as summary0_,
        document_.folder as folder0_,
        document_.owner as owner0_,
        document_.text as text0_,
        document_.lastTextModification as lastText7_0_,
        document_.size_mb * 1024.0 as size8_0_,
        upper(document_.name) as formula81_ 
    from
        documents document_ 
    where
        document_.id=?
14:14:37,433 DEBUG SQL:104 - 
    select
        owner0_.id as id3_0_,
        owner0_.name as name3_0_ 
    from
        owners owner0_ 
    where
        owner0_.id=?
14:14:37,433 DEBUG SQL:104 - 
    select
        document0_.id as id0_,
        document0_.name as name0_ 
    from
        documents document0_
14:14:37,434 DEBUG SQL:104 - 
    select
        document_.summary as summary0_,
        document_.folder as folder0_,
        document_.owner as owner0_,
        document_.text as text0_,
        document_.lastTextModification as lastText7_0_,
        document_.size_mb * 1024.0 as size8_0_,
        upper(document_.name) as formula81_ 
    from
        documents document_ 
    where
        document_.id=?
14:14:37,434 DEBUG SQL:104 - 
    select
        owner0_.id as id3_0_,
        owner0_.name as name3_0_ 
    from
        owners owner0_ 
    where
        owner0_.id=?
14:14:37,445 DEBUG SQL:104 - 
    select
        document0_.id as id0_,
        document0_.name as name0_ 
    from
        documents document0_
14:14:37,446 DEBUG SQL:104 - 
    update
        documents 
    set
        name=? 
    where
        id=?
14:14:37,446 DEBUG SQL:104 - 
    select
        document0_.id as id0_,
        document0_.name as name0_ 
    from
        documents document0_
14:14:37,446 DEBUG SQL:104 - 
    select
        document_.summary as summary0_,
        document_.folder as folder0_,
        document_.owner as owner0_,
        document_.text as text0_,
        document_.lastTextModification as lastText7_0_,
        document_.size_mb * 1024.0 as size8_0_,
        upper(document_.name) as formula81_ 
    from
        documents document_ 
    where
        document_.id=?
14:14:37,455 DEBUG SQL:104 - 
    select
        owner0_.id as id3_0_,
        owner0_.name as name3_0_ 
    from
        owners owner0_ 
    where
        owner0_.id=?
14:14:37,456 DEBUG SQL:104 - 
    select
        document0_.id as id0_,
        document0_.name as name0_ 
    from
        documents document0_
14:14:37,457 DEBUG SQL:104 - 
    select
        document_.summary as summary0_,
        document_.folder as folder0_,
        document_.owner as owner0_,
        document_.text as text0_,
        document_.lastTextModification as lastText7_0_,
        document_.size_mb * 1024.0 as size8_0_,
        upper(document_.name) as formula81_ 
    from
        documents document_ 
    where
        document_.id=?
14:14:37,457 DEBUG SQL:104 - 
    select
        owner0_.id as id3_0_,
        owner0_.name as name3_0_ 
    from
        owners owner0_ 
    where
        owner0_.id=?
14:14:37,457 DEBUG SQL:104 - 
    update
        documents 
    set
        name=?,
        summary=?,
        folder=?,
        owner=?,
        text=?,
        lastTextModification=?,
        size_mb=? / cast( 1024.0 as float ) 
    where
        id=?
14:14:37,480 DEBUG SQL:104 - 
    select
        document0_.id as id0_,
        document0_.name as name0_ 
    from
        documents document0_
14:14:37,481 DEBUG SQL:104 - 
    select
        document_.summary as summary0_,
        document_.folder as folder0_,
        document_.owner as owner0_,
        document_.text as text0_,
        document_.lastTextModification as lastText7_0_,
        document_.size_mb * 1024.0 as size8_0_,
        upper(document_.name) as formula81_ 
    from
        documents document_ 
    where
        document_.id=?
14:14:37,481 DEBUG SQL:104 - 
    select
        owner0_.id as id3_0_,
        owner0_.name as name3_0_ 
    from
        owners owner0_ 
    where
        owner0_.id=?
14:14:37,491 DEBUG SQL:104 - 
    select
        document0_.id as id0_,
        document0_.name as name0_ 
    from
        documents document0_
14:14:37,491 DEBUG SQL:104 - 
    select
        document_.summary as summary0_,
        document_.folder as folder0_,
        document_.owner as owner0_,
        document_.text as text0_,
        document_.lastTextModification as lastText7_0_,
        document_.size_mb * 1024.0 as size8_0_,
        upper(document_.name) as formula81_ 
    from
        documents document_ 
    where
        document_.id=?
14:14:37,492 DEBUG SQL:104 - 
    select
        owner0_.id as id3_0_,
        owner0_.name as name3_0_ 
    from
        owners owner0_ 
    where
        owner0_.id=?
14:14:37,492 DEBUG SQL:104 - 
    select
        document0_.id as id0_,
        document0_.name as name0_ 
    from
        documents document0_
14:14:37,501 DEBUG SQL:104 - 
    update
        documents 
    set
        name=? 
    where
        id=?
14:14:37,502 DEBUG SQL:104 - 
    select
        document_.summary as summary0_,
        document_.folder as folder0_,
        document_.owner as owner0_,
        document_.text as text0_,
        document_.lastTextModification as lastText7_0_,
        document_.size_mb * 1024.0 as size8_0_,
        upper(document_.name) as formula81_ 
    from
        documents document_ 
    where
        document_.id=?
14:14:37,502 DEBUG SQL:104 - 
    select
        owner0_.id as id3_0_,
        owner0_.name as name3_0_ 
    from
        owners owner0_ 
    where
        owner0_.id=?
14:14:37,512 DEBUG SQL:104 - 
    update
        documents 
    set
        name=?,
        summary=?,
        folder=?,
        owner=?,
        text=?,
        lastTextModification=?,
        size_mb=? / cast( 1024.0 as float ) 
    where
        id=?
14:14:37,513 DEBUG SQL:104 - 
    select
        document0_.id as id0_,
        document0_.name as name0_ 
    from
        documents document0_
14:14:37,513 DEBUG SQL:104 - 
    select
        document_.summary as summary0_,
        document_.folder as folder0_,
        document_.owner as owner0_,
        document_.text as text0_,
        document_.lastTextModification as lastText7_0_,
        document_.size_mb * 1024.0 as size8_0_,
        upper(document_.name) as formula81_ 
    from
        documents document_ 
    where
        document_.id=?
14:14:37,522 DEBUG SQL:104 - 
    select
        owner0_.id as id3_0_,
        owner0_.name as name3_0_ 
    from
        owners owner0_ 
    where
        owner0_.id=?
14:14:37,523 DEBUG SQL:104 - 
    select
        document0_.id as id0_0_,
        document0_.name as name0_0_ 
    from
        documents document0_ 
    where
        document0_.id=?
14:14:37,523 DEBUG SQL:104 - 
    select
        document0_.id as id0_,
        document0_.name as name0_ 
    from
        documents document0_
14:14:37,524 DEBUG SQL:104 - 
    select
        document_.summary as summary0_,
        document_.folder as folder0_,
        document_.owner as owner0_,
        document_.text as text0_,
        document_.lastTextModification as lastText7_0_,
        document_.size_mb * 1024.0 as size8_0_,
        upper(document_.name) as formula81_ 
    from
        documents document_ 
    where
        document_.id=?
14:14:37,531 DEBUG SQL:104 - 
    select
        owner0_.id as id3_0_,
        owner0_.name as name3_0_ 
    from
        owners owner0_ 
    where
        owner0_.id=?
14:14:37,532 DEBUG SQL:104 - 
    select
        folder0_.id as id2_0_,
        folder0_.name as name2_0_,
        folder0_.parent as parent2_0_ 
    from
        folders folder0_ 
    where
        folder0_.id=?
14:14:37,532 DEBUG SQL:104 - 
    select
        documents0_.folder as folder2_1_,
        documents0_.id as id0_1_,
        documents0_.id as id0_0_,
        documents0_.name as name0_0_ 
    from
        documents documents0_ 
    where
        documents0_.folder=?
14:14:37,532 DEBUG SQL:104 - 
    delete 
    from
        documents 
    where
        id=?
14:14:37,533 DEBUG SQL:104 - 
    delete 
    from
        folders 
    where
        id=?
14:14:37,533 DEBUG SQL:104 - 
    delete 
    from
        owners 
    where
        id=?
14:14:37,534 DEBUG SQL:104 - 
    insert 
    into
        owners
        (name, id) 
    values
        (?, ?)
14:14:37,534 DEBUG SQL:104 - 
    insert 
    into
        folders
        (name, parent, id) 
    values
        (?, ?, ?)
14:14:37,534 DEBUG SQL:104 - 
    insert 
    into
        documents
        (name, summary, folder, owner, text, lastTextModification, size_mb, id) 
    values
        (?, ?, ?, ?, ?, ?, ? / cast( 1024.0 as float ), ?)
14:14:37,555 DEBUG SQL:104 - 
    select
        document0_.id as id0_0_,
        document0_.name as name0_0_ 
    from
        documents document0_ 
    where
        document0_.id=?
14:14:37,555 DEBUG SQL:104 - 
    select
        document_.summary as summary0_,
        document_.folder as folder0_,
        document_.owner as owner0_,
        document_.text as text0_,
        document_.lastTextModification as lastText7_0_,
        document_.size_mb * 1024.0 as size8_0_,
        upper(document_.name) as formula81_ 
    from
        documents document_ 
    where
        document_.id=?
14:14:37,556 DEBUG SQL:104 - 
    select
        owner0_.id as id3_0_,
        owner0_.name as name3_0_ 
    from
        owners owner0_ 
    where
        owner0_.id=?
14:14:37,556 DEBUG SQL:104 - 
    select
        document0_.id as id0_,
        document0_.name as name0_ 
    from
        documents document0_
14:14:37,565 DEBUG SQL:104 - 
    select
        document_.summary as summary0_,
        document_.folder as folder0_,
        document_.owner as owner0_,
        document_.text as text0_,
        document_.lastTextModification as lastText7_0_,
        document_.size_mb * 1024.0 as size8_0_,
        upper(document_.name) as formula81_ 
    from
        documents document_ 
    where
        document_.id=?
14:14:37,565 DEBUG SQL:104 - 
    select
        owner0_.id as id3_0_,
        owner0_.name as name3_0_ 
    from
        owners owner0_ 
    where
        owner0_.id=?
14:14:37,566 DEBUG SQL:104 - 
    select
        document0_.id as id0_,
        document0_.name as name0_ 
    from
        documents document0_
14:14:37,566 DEBUG SQL:104 - 
    select
        document_.summary as summary0_,
        document_.folder as folder0_,
        document_.owner as owner0_,
        document_.text as text0_,
        document_.lastTextModification as lastText7_0_,
        document_.size_mb * 1024.0 as size8_0_,
        upper(document_.name) as formula81_ 
    from
        documents document_ 
    where
        document_.id=?
14:14:37,566 DEBUG SQL:104 - 
    select
        owner0_.id as id3_0_,
        owner0_.name as name3_0_ 
    from
        owners owner0_ 
    where
        owner0_.id=?
14:14:37,567 DEBUG SQL:104 - 
    select
        document0_.id as id0_,
        document0_.name as name0_ 
    from
        documents document0_
14:14:37,568 DEBUG SQL:104 - 
    update
        documents 
    set
        name=? 
    where
        id=?
14:14:37,580 DEBUG SQL:104 - 
    select
        document0_.id as id0_,
        document0_.name as name0_ 
    from
        documents document0_
14:14:37,581 DEBUG SQL:104 - 
    select
        document_.summary as summary0_,
        document_.folder as folder0_,
        document_.owner as owner0_,
        document_.text as text0_,
        document_.lastTextModification as lastText7_0_,
        document_.size_mb * 1024.0 as size8_0_,
        upper(document_.name) as formula81_ 
    from
        documents document_ 
    where
        document_.id=?
14:14:37,581 DEBUG SQL:104 - 
    select
        owner0_.id as id3_0_,
        owner0_.name as name3_0_ 
    from
        owners owner0_ 
    where
        owner0_.id=?
14:14:37,591 DEBUG SQL:104 - 
    select
        document0_.id as id0_,
        document0_.name as name0_ 
    from
        documents document0_
14:14:37,591 DEBUG SQL:104 - 
    select
        document_.summary as summary0_,
        document_.folder as folder0_,
        document_.owner as owner0_,
        document_.text as text0_,
        document_.lastTextModification as lastText7_0_,
        document_.size_mb * 1024.0 as size8_0_,
        upper(document_.name) as formula81_ 
    from
        documents document_ 
    where
        document_.id=?
14:14:37,591 DEBUG SQL:104 - 
    select
        owner0_.id as id3_0_,
        owner0_.name as name3_0_ 
    from
        owners owner0_ 
    where
        owner0_.id=?
14:14:37,592 DEBUG SQL:104 - 
    update
        documents 
    set
        name=?,
        summary=?,
        folder=?,
        owner=?,
        text=?,
        lastTextModification=?,
        size_mb=? / cast( 1024.0 as float ) 
    where
        id=?
14:14:37,592 DEBUG SQL:104 - 
    select
        document0_.id as id0_,
        document0_.name as name0_ 
    from
        documents document0_
14:14:37,613 DEBUG SQL:104 - 
    select
        document_.summary as summary0_,
        document_.folder as folder0_,
        document_.owner as owner0_,
        document_.text as text0_,
        document_.lastTextModification as lastText7_0_,
        document_.size_mb * 1024.0 as size8_0_,
        upper(document_.name) as formula81_ 
    from
        documents document_ 
    where
        document_.id=?
14:14:37,613 DEBUG SQL:104 - 
    select
        owner0_.id as id3_0_,
        owner0_.name as name3_0_ 
    from
        owners owner0_ 
    where
        owner0_.id=?
14:14:37,614 DEBUG SQL:104 - 
    select
        document0_.id as id0_,
        document0_.name as name0_ 
    from
        documents document0_
14:14:37,615 DEBUG SQL:104 - 
    select
        document_.summary as summary0_,
        document_.folder as folder0_,
        document_.owner as owner0_,
        document_.text as text0_,
        document_.lastTextModification as lastText7_0_,
        document_.size_mb * 1024.0 as size8_0_,
        upper(document_.name) as formula81_ 
    from
        documents document_ 
    where
        document_.id=?
14:14:37,623 DEBUG SQL:104 - 
    select
        owner0_.id as id3_0_,
        owner0_.name as name3_0_ 
    from
        owners owner0_ 
    where
        owner0_.id=?
14:14:37,624 DEBUG SQL:104 - 
    select
        document0_.id as id0_,
        document0_.name as name0_ 
    from
        documents document0_
14:14:37,624 DEBUG SQL:104 - 
    update
        documents 
    set
        name=? 
    where
        id=?
14:14:37,633 DEBUG SQL:104 - 
    select
        document_.summary as summary0_,
        document_.folder as folder0_,
        document_.owner as owner0_,
        document_.text as text0_,
        document_.lastTextModification as lastText7_0_,
        document_.size_mb * 1024.0 as size8_0_,
        upper(document_.name) as formula81_ 
    from
        documents document_ 
    where
        document_.id=?
14:14:37,634 DEBUG SQL:104 - 
    select
        owner0_.id as id3_0_,
        owner0_.name as name3_0_ 
    from
        owners owner0_ 
    where
        owner0_.id=?
14:14:37,635 DEBUG SQL:104 - 
    update
        documents 
    set
        name=?,
        summary=?,
        folder=?,
        owner=?,
        text=?,
        lastTextModification=?,
        size_mb=? / cast( 1024.0 as float ) 
    where
        id=?
14:14:37,645 DEBUG SQL:104 - 
    select
        document0_.id as id0_,
        document0_.name as name0_ 
    from
        documents document0_
14:14:37,645 DEBUG SQL:104 - 
    select
        document_.summary as summary0_,
        document_.folder as folder0_,
        document_.owner as owner0_,
        document_.text as text0_,
        document_.lastTextModification as lastText7_0_,
        document_.size_mb * 1024.0 as size8_0_,
        upper(document_.name) as formula81_ 
    from
        documents document_ 
    where
        document_.id=?
14:14:37,646 DEBUG SQL:104 - 
    select
        owner0_.id as id3_0_,
        owner0_.name as name3_0_ 
    from
        owners owner0_ 
    where
        owner0_.id=?
14:14:37,655 DEBUG SQL:104 - 
    select
        document0_.id as id0_0_,
        document0_.name as name0_0_ 
    from
        documents document0_ 
    where
        document0_.id=?
14:14:37,656 DEBUG SQL:104 - 
    select
        document0_.id as id0_,
        document0_.name as name0_ 
    from
        documents document0_
14:14:37,656 DEBUG SQL:104 - 
    select
        document_.summary as summary0_,
        document_.folder as folder0_,
        document_.owner as owner0_,
        document_.text as text0_,
        document_.lastTextModification as lastText7_0_,
        document_.size_mb * 1024.0 as size8_0_,
        upper(document_.name) as formula81_ 
    from
        documents document_ 
    where
        document_.id=?
14:14:37,656 DEBUG SQL:104 - 
    select
        owner0_.id as id3_0_,
        owner0_.name as name3_0_ 
    from
        owners owner0_ 
    where
        owner0_.id=?
14:14:37,666 DEBUG SQL:104 - 
    select
        folder0_.id as id2_0_,
        folder0_.name as name2_0_,
        folder0_.parent as parent2_0_ 
    from
        folders folder0_ 
    where
        folder0_.id=?
14:14:37,666 DEBUG SQL:104 - 
    select
        documents0_.folder as folder2_1_,
        documents0_.id as id0_1_,
        documents0_.id as id0_0_,
        documents0_.name as name0_0_ 
    from
        documents documents0_ 
    where
        documents0_.folder=?
14:14:37,667 DEBUG SQL:104 - 
    delete 
    from
        documents 
    where
        id=?
14:14:37,676 DEBUG SQL:104 - 
    delete 
    from
        folders 
    where
        id=?
14:14:37,676 DEBUG SQL:104 - 
    delete 
    from
        owners 
    where
        id=?
14:14:37,677 DEBUG SQL:104 - 
    insert 
    into
        owners
        (name, id) 
    values
        (?, ?)
14:14:37,677 DEBUG SQL:104 - 
    insert 
    into
        folders
        (name, parent, id) 
    values
        (?, ?, ?)
14:14:37,677 DEBUG SQL:104 - 
    insert 
    into
        documents
        (name, summary, folder, owner, text, lastTextModification, size_mb, id) 
    values
        (?, ?, ?, ?, ?, ?, ? / cast( 1024.0 as float ), ?)
14:14:37,687 DEBUG SQL:104 - 
    select
        document0_.id as id0_0_,
        document0_.name as name0_0_ 
    from
        documents document0_ 
    where
        document0_.id=?
14:14:37,688 DEBUG SQL:104 - 
    select
        document_.summary as summary0_,
        document_.folder as folder0_,
        document_.owner as owner0_,
        document_.text as text0_,
        document_.lastTextModification as lastText7_0_,
        document_.size_mb * 1024.0 as size8_0_,
        upper(document_.name) as formula81_ 
    from
        documents document_ 
    where
        document_.id=?
14:14:37,688 DEBUG SQL:104 - 
    select
        owner0_.id as id3_0_,
        owner0_.name as name3_0_ 
    from
        owners owner0_ 
    where
        owner0_.id=?
14:14:37,698 DEBUG SQL:104 - 
    select
        document0_.id as id0_,
        document0_.name as name0_ 
    from
        documents document0_
14:14:37,699 DEBUG SQL:104 - 
    select
        document_.summary as summary0_,
        document_.folder as folder0_,
        document_.owner as owner0_,
        document_.text as text0_,
        document_.lastTextModification as lastText7_0_,
        document_.size_mb * 1024.0 as size8_0_,
        upper(document_.name) as formula81_ 
    from
        documents document_ 
    where
        document_.id=?
14:14:37,699 DEBUG SQL:104 - 
    select
        owner0_.id as id3_0_,
        owner0_.name as name3_0_ 
    from
        owners owner0_ 
    where
        owner0_.id=?
14:14:37,700 DEBUG SQL:104 - 
    select
        document0_.id as id0_,
        document0_.name as name0_ 
    from
        documents document0_
14:14:37,700 DEBUG SQL:104 - 
    select
        document_.summary as summary0_,
        document_.folder as folder0_,
        document_.owner as owner0_,
        document_.text as text0_,
        document_.lastTextModification as lastText7_0_,
        document_.size_mb * 1024.0 as size8_0_,
        upper(document_.name) as formula81_ 
    from
        documents document_ 
    where
        document_.id=?
14:14:37,700 DEBUG SQL:104 - 
    select
        owner0_.id as id3_0_,
        owner0_.name as name3_0_ 
    from
        owners owner0_ 
    where
        owner0_.id=?
14:14:37,701 DEBUG SQL:104 - 
    select
        document0_.id as id0_,
        document0_.name as name0_ 
    from
        documents document0_
14:14:37,714 DEBUG SQL:104 - 
    update
        documents 
    set
        name=? 
    where
        id=?
14:14:37,715 DEBUG SQL:104 - 
    select
        document0_.id as id0_,
        document0_.name as name0_ 
    from
        documents document0_
14:14:37,715 DEBUG SQL:104 - 
    select
        document_.summary as summary0_,
        document_.folder as folder0_,
        document_.owner as owner0_,
        document_.text as text0_,
        document_.lastTextModification as lastText7_0_,
        document_.size_mb * 1024.0 as size8_0_,
        upper(document_.name) as formula81_ 
    from
        documents document_ 
    where
        document_.id=?
14:14:37,716 DEBUG SQL:104 - 
    select
        owner0_.id as id3_0_,
        owner0_.name as name3_0_ 
    from
        owners owner0_ 
    where
        owner0_.id=?
14:14:37,724 DEBUG SQL:104 - 
    select
        document0_.id as id0_,
        document0_.name as name0_ 
    from
        documents document0_
14:14:37,725 DEBUG SQL:104 - 
    select
        document_.summary as summary0_,
        document_.folder as folder0_,
        document_.owner as owner0_,
        document_.text as text0_,
        document_.lastTextModification as lastText7_0_,
        document_.size_mb * 1024.0 as size8_0_,
        upper(document_.name) as formula81_ 
    from
        documents document_ 
    where
        document_.id=?
14:14:37,725 DEBUG SQL:104 - 
    select
        owner0_.id as id3_0_,
        owner0_.name as name3_0_ 
    from
        owners owner0_ 
    where
        owner0_.id=?
14:14:37,726 DEBUG SQL:104 - 
    update
        documents 
    set
        name=?,
        summary=?,
        folder=?,
        owner=?,
        text=?,
        lastTextModification=?,
        size_mb=? / cast( 1024.0 as float ) 
    where
        id=?
14:14:37,759 DEBUG SQL:104 - 
    select
        document0_.id as id0_,
        document0_.name as name0_ 
    from
        documents document0_
14:14:37,760 DEBUG SQL:104 - 
    select
        document_.summary as summary0_,
        document_.folder as folder0_,
        document_.owner as owner0_,
        document_.text as text0_,
        document_.lastTextModification as lastText7_0_,
        document_.size_mb * 1024.0 as size8_0_,
        upper(document_.name) as formula81_ 
    from
        documents document_ 
    where
        document_.id=?
14:14:37,760 DEBUG SQL:104 - 
    select
        owner0_.id as id3_0_,
        owner0_.name as name3_0_ 
    from
        owners owner0_ 
    where
        owner0_.id=?
14:14:37,761 DEBUG SQL:104 - 
    select
        document0_.id as id0_,
        document0_.name as name0_ 
    from
        documents document0_
14:14:37,761 DEBUG SQL:104 - 
    select
        document_.summary as summary0_,
        document_.folder as folder0_,
        document_.owner as owner0_,
        document_.text as text0_,
        document_.lastTextModification as lastText7_0_,
        document_.size_mb * 1024.0 as size8_0_,
        upper(document_.name) as formula81_ 
    from
        documents document_ 
    where
        document_.id=?
14:14:37,761 DEBUG SQL:104 - 
    select
        owner0_.id as id3_0_,
        owner0_.name as name3_0_ 
    from
        owners owner0_ 
    where
        owner0_.id=?
14:14:37,762 DEBUG SQL:104 - 
    select
        document0_.id as id0_,
        document0_.name as name0_ 
    from
        documents document0_
14:14:37,762 DEBUG SQL:104 - 
    update
        documents 
    set
        name=? 
    where
        id=?
14:14:37,762 DEBUG SQL:104 - 
    select
        document_.summary as summary0_,
        document_.folder as folder0_,
        document_.owner as owner0_,
        document_.text as text0_,
        document_.lastTextModification as lastText7_0_,
        document_.size_mb * 1024.0 as size8_0_,
        upper(document_.name) as formula81_ 
    from
        documents document_ 
    where
        document_.id=?
14:14:37,763 DEBUG SQL:104 - 
    select
        owner0_.id as id3_0_,
        owner0_.name as name3_0_ 
    from
        owners owner0_ 
    where
        owner0_.id=?
14:14:37,763 DEBUG SQL:104 - 
    update
        documents 
    set
        name=?,
        summary=?,
        folder=?,
        owner=?,
        text=?,
        lastTextModification=?,
        size_mb=? / cast( 1024.0 as float ) 
    where
        id=?
14:14:37,763 DEBUG SQL:104 - 
    select
        document0_.id as id0_,
        document0_.name as name0_ 
    from
        documents document0_
14:14:37,781 DEBUG SQL:104 - 
    select
        document_.summary as summary0_,
        document_.folder as folder0_,
        document_.owner as owner0_,
        document_.text as text0_,
        document_.lastTextModification as lastText7_0_,
        document_.size_mb * 1024.0 as size8_0_,
        upper(document_.name) as formula81_ 
    from
        documents document_ 
    where
        document_.id=?
14:14:37,782 DEBUG SQL:104 - 
    select
        owner0_.id as id3_0_,
        owner0_.name as name3_0_ 
    from
        owners owner0_ 
    where
        owner0_.id=?
14:14:37,783 DEBUG SQL:104 - 
    select
        document0_.id as id0_0_,
        document0_.name as name0_0_ 
    from
        documents document0_ 
    where
        document0_.id=?
14:14:37,792 DEBUG SQL:104 - 
    select
        document0_.id as id0_,
        document0_.name as name0_ 
    from
        documents document0_
14:14:37,793 DEBUG SQL:104 - 
    select
        document_.summary as summary0_,
        document_.folder as folder0_,
        document_.owner as owner0_,
        document_.text as text0_,
        document_.lastTextModification as lastText7_0_,
        document_.size_mb * 1024.0 as size8_0_,
        upper(document_.name) as formula81_ 
    from
        documents document_ 
    where
        document_.id=?
14:14:37,793 DEBUG SQL:104 - 
    select
        owner0_.id as id3_0_,
        owner0_.name as name3_0_ 
    from
        owners owner0_ 
    where
        owner0_.id=?
14:14:37,793 DEBUG SQL:104 - 
    select
        folder0_.id as id2_0_,
        folder0_.name as name2_0_,
        folder0_.parent as parent2_0_ 
    from
        folders folder0_ 
    where
        folder0_.id=?
14:14:37,802 DEBUG SQL:104 - 
    select
        documents0_.folder as folder2_1_,
        documents0_.id as id0_1_,
        documents0_.id as id0_0_,
        documents0_.name as name0_0_ 
    from
        documents documents0_ 
    where
        documents0_.folder=?
14:14:37,803 DEBUG SQL:104 - 
    delete 
    from
        documents 
    where
        id=?
14:14:37,803 DEBUG SQL:104 - 
    delete 
    from
        folders 
    where
        id=?
14:14:37,803 DEBUG SQL:104 - 
    delete 
    from
        owners 
    where
        id=?
14:14:37,816 DEBUG SQL:104 - 
    insert 
    into
        owners
        (name, id) 
    values
        (?, ?)
14:14:37,817 DEBUG SQL:104 - 
    insert 
    into
        folders
        (name, parent, id) 
    values
        (?, ?, ?)
14:14:37,817 DEBUG SQL:104 - 
    insert 
    into
        documents
        (name, summary, folder, owner, text, lastTextModification, size_mb, id) 
    values
        (?, ?, ?, ?, ?, ?, ? / cast( 1024.0 as float ), ?)
14:14:37,817 DEBUG SQL:104 - 
    select
        document0_.id as id0_0_,
        document0_.name as name0_0_ 
    from
        documents document0_ 
    where
        document0_.id=?
14:14:37,828 DEBUG SQL:104 - 
    select
        document_.summary as summary0_,
        document_.folder as folder0_,
        document_.owner as owner0_,
        document_.text as text0_,
        document_.lastTextModification as lastText7_0_,
        document_.size_mb * 1024.0 as size8_0_,
        upper(document_.name) as formula81_ 
    from
        documents document_ 
    where
        document_.id=?
14:14:37,828 DEBUG SQL:104 - 
    select
        owner0_.id as id3_0_,
        owner0_.name as name3_0_ 
    from
        owners owner0_ 
    where
        owner0_.id=?
14:14:37,829 DEBUG SQL:104 - 
    select
        document0_.id as id0_,
        document0_.name as name0_ 
    from
        documents document0_
14:14:37,829 DEBUG SQL:104 - 
    select
        document_.summary as summary0_,
        document_.folder as folder0_,
        document_.owner as owner0_,
        document_.text as text0_,
        document_.lastTextModification as lastText7_0_,
        document_.size_mb * 1024.0 as size8_0_,
        upper(document_.name) as formula81_ 
    from
        documents document_ 
    where
        document_.id=?
14:14:37,829 DEBUG SQL:104 - 
    select
        owner0_.id as id3_0_,
        owner0_.name as name3_0_ 
    from
        owners owner0_ 
    where
        owner0_.id=?
14:14:37,830 DEBUG SQL:104 - 
    select
        document0_.id as id0_,
        document0_.name as name0_ 
    from
        documents document0_
14:14:37,830 DEBUG SQL:104 - 
    select
        document_.summary as summary0_,
        document_.folder as folder0_,
        document_.owner as owner0_,
        document_.text as text0_,
        document_.lastTextModification as lastText7_0_,
        document_.size_mb * 1024.0 as size8_0_,
        upper(document_.name) as formula81_ 
    from
        documents document_ 
    where
        document_.id=?
14:14:37,840 DEBUG SQL:104 - 
    select
        owner0_.id as id3_0_,
        owner0_.name as name3_0_ 
    from
        owners owner0_ 
    where
        owner0_.id=?
14:14:37,840 DEBUG SQL:104 - 
    select
        document0_.id as id0_,
        document0_.name as name0_ 
    from
        documents document0_
14:14:37,841 DEBUG SQL:104 - 
    update
        documents 
    set
        name=? 
    where
        id=?
14:14:37,841 DEBUG SQL:104 - 
    select
        document0_.id as id0_,
        document0_.name as name0_ 
    from
        documents document0_
14:14:37,850 DEBUG SQL:104 - 
    select
        document_.summary as summary0_,
        document_.folder as folder0_,
        document_.owner as owner0_,
        document_.text as text0_,
        document_.lastTextModification as lastText7_0_,
        document_.size_mb * 1024.0 as size8_0_,
        upper(document_.name) as formula81_ 
    from
        documents document_ 
    where
        document_.id=?
14:14:37,851 DEBUG SQL:104 - 
    select
        owner0_.id as id3_0_,
        owner0_.name as name3_0_ 
    from
        owners owner0_ 
    where
        owner0_.id=?
14:14:37,851 DEBUG SQL:104 - 
    select
        document0_.id as id0_,
        document0_.name as name0_ 
    from
        documents document0_
14:14:37,852 DEBUG SQL:104 - 
    select
        document_.summary as summary0_,
        document_.folder as folder0_,
        document_.owner as owner0_,
        document_.text as text0_,
        document_.lastTextModification as lastText7_0_,
        document_.size_mb * 1024.0 as size8_0_,
        upper(document_.name) as formula81_ 
    from
        documents document_ 
    where
        document_.id=?
14:14:37,852 DEBUG SQL:104 - 
    select
        owner0_.id as id3_0_,
        owner0_.name as name3_0_ 
    from
        owners owner0_ 
    where
        owner0_.id=?
14:14:37,873 DEBUG SQL:104 - 
    update
        documents 
    set
        name=?,
        summary=?,
        folder=?,
        owner=?,
        text=?,
        lastTextModification=?,
        size_mb=? / cast( 1024.0 as float ) 
    where
        id=?
14:14:37,874 DEBUG SQL:104 - 
    select
        document0_.id as id0_,
        document0_.name as name0_ 
    from
        documents document0_
14:14:37,875 DEBUG SQL:104 - 
    select
        document_.summary as summary0_,
        document_.folder as folder0_,
        document_.owner as owner0_,
        document_.text as text0_,
        document_.lastTextModification as lastText7_0_,
        document_.size_mb * 1024.0 as size8_0_,
        upper(document_.name) as formula81_ 
    from
        documents document_ 
    where
        document_.id=?
14:14:37,888 DEBUG SQL:104 - 
    select
        owner0_.id as id3_0_,
        owner0_.name as name3_0_ 
    from
        owners owner0_ 
    where
        owner0_.id=?
14:14:37,889 DEBUG SQL:104 - 
    select
        document0_.id as id0_,
        document0_.name as name0_ 
    from
        documents document0_
14:14:37,889 DEBUG SQL:104 - 
    select
        document_.summary as summary0_,
        document_.folder as folder0_,
        document_.owner as owner0_,
        document_.text as text0_,
        document_.lastTextModification as lastText7_0_,
        document_.size_mb * 1024.0 as size8_0_,
        upper(document_.name) as formula81_ 
    from
        documents document_ 
    where
        document_.id=?
14:14:37,901 DEBUG SQL:104 - 
    select
        owner0_.id as id3_0_,
        owner0_.name as name3_0_ 
    from
        owners owner0_ 
    where
        owner0_.id=?
14:14:37,902 DEBUG SQL:104 - 
    select
        document0_.id as id0_,
        document0_.name as name0_ 
    from
        documents document0_
14:14:37,902 DEBUG SQL:104 - 
    update
        documents 
    set
        name=? 
    where
        id=?
14:14:37,903 DEBUG SQL:104 - 
    select
        document_.summary as summary0_,
        document_.folder as folder0_,
        document_.owner as owner0_,
        document_.text as text0_,
        document_.lastTextModification as lastText7_0_,
        document_.size_mb * 1024.0 as size8_0_,
        upper(document_.name) as formula81_ 
    from
        documents document_ 
    where
        document_.id=?
14:14:37,910 DEBUG SQL:104 - 
    select
        owner0_.id as id3_0_,
        owner0_.name as name3_0_ 
    from
        owners owner0_ 
    where
        owner0_.id=?
14:14:37,910 DEBUG SQL:104 - 
    update
        documents 
    set
        name=?,
        summary=?,
        folder=?,
        owner=?,
        text=?,
        lastTextModification=?,
        size_mb=? / cast( 1024.0 as float ) 
    where
        id=?
14:14:37,921 DEBUG SQL:104 - 
    select
        document0_.id as id0_,
        document0_.name as name0_ 
    from
        documents document0_
14:14:37,922 DEBUG SQL:104 - 
    select
        document_.summary as summary0_,
        document_.folder as folder0_,
        document_.owner as owner0_,
        document_.text as text0_,
        document_.lastTextModification as lastText7_0_,
        document_.size_mb * 1024.0 as size8_0_,
        upper(document_.name) as formula81_ 
    from
        documents document_ 
    where
        document_.id=?
14:14:37,922 DEBUG SQL:104 - 
    select
        owner0_.id as id3_0_,
        owner0_.name as name3_0_ 
    from
        owners owner0_ 
    where
        owner0_.id=?
14:14:37,923 DEBUG SQL:104 - 
    select
        document0_.id as id0_0_,
        document0_.name as name0_0_ 
    from
        documents document0_ 
    where
        document0_.id=?
14:14:37,931 DEBUG SQL:104 - 
    select
        document0_.id as id0_,
        document0_.name as name0_ 
    from
        documents document0_
14:14:37,931 DEBUG SQL:104 - 
    select
        document_.summary as summary0_,
        document_.folder as folder0_,
        document_.owner as owner0_,
        document_.text as text0_,
        document_.lastTextModification as lastText7_0_,
        document_.size_mb * 1024.0 as size8_0_,
        upper(document_.name) as formula81_ 
    from
        documents document_ 
    where
        document_.id=?
14:14:37,932 DEBUG SQL:104 - 
    select
        owner0_.id as id3_0_,
        owner0_.name as name3_0_ 
    from
        owners owner0_ 
    where
        owner0_.id=?
14:14:37,942 DEBUG SQL:104 - 
    select
        folder0_.id as id2_0_,
        folder0_.name as name2_0_,
        folder0_.parent as parent2_0_ 
    from
        folders folder0_ 
    where
        folder0_.id=?
14:14:37,943 DEBUG SQL:104 - 
    select
        documents0_.folder as folder2_1_,
        documents0_.id as id0_1_,
        documents0_.id as id0_0_,
        documents0_.name as name0_0_ 
    from
        documents documents0_ 
    where
        documents0_.folder=?
14:14:37,944 DEBUG SQL:104 - 
    delete 
    from
        documents 
    where
        id=?
14:14:37,944 DEBUG SQL:104 - 
    delete 
    from
        folders 
    where
        id=?
14:14:37,959 DEBUG SQL:104 - 
    delete 
    from
        owners 
    where
        id=?
14:14:37,960 DEBUG SQL:104 - 
    insert 
    into
        owners
        (name, id) 
    values
        (?, ?)
14:14:37,960 DEBUG SQL:104 - 
    insert 
    into
        folders
        (name, parent, id) 
    values
        (?, ?, ?)
14:14:37,960 DEBUG SQL:104 - 
    insert 
    into
        documents
        (name, summary, folder, owner, text, lastTextModification, size_mb, id) 
    values
        (?, ?, ?, ?, ?, ?, ? / cast( 1024.0 as float ), ?)
14:14:37,961 DEBUG SQL:104 - 
    select
        document0_.id as id0_0_,
        document0_.name as name0_0_ 
    from
        documents document0_ 
    where
        document0_.id=?
14:14:37,961 DEBUG SQL:104 - 
    select
        document_.summary as summary0_,
        document_.folder as folder0_,
        document_.owner as owner0_,
        document_.text as text0_,
        document_.lastTextModification as lastText7_0_,
        document_.size_mb * 1024.0 as size8_0_,
        upper(document_.name) as formula81_ 
    from
        documents document_ 
    where
        document_.id=?
14:14:37,962 DEBUG SQL:104 - 
    select
        owner0_.id as id3_0_,
        owner0_.name as name3_0_ 
    from
        owners owner0_ 
    where
        owner0_.id=?
14:14:37,962 DEBUG SQL:104 - 
    select
        document0_.id as id0_,
        document0_.name as name0_ 
    from
        documents document0_
14:14:37,977 DEBUG SQL:104 - 
    select
        document_.summary as summary0_,
        document_.folder as folder0_,
        document_.owner as owner0_,
        document_.text as text0_,
        document_.lastTextModification as lastText7_0_,
        document_.size_mb * 1024.0 as size8_0_,
        upper(document_.name) as formula81_ 
    from
        documents document_ 
    where
        document_.id=?
14:14:37,977 DEBUG SQL:104 - 
    select
        owner0_.id as id3_0_,
        owner0_.name as name3_0_ 
    from
        owners owner0_ 
    where
        owner0_.id=?
14:14:37,978 DEBUG SQL:104 - 
    select
        document0_.id as id0_,
        document0_.name as name0_ 
    from
        documents document0_
14:14:37,978 DEBUG SQL:104 - 
    select
        document_.summary as summary0_,
        document_.folder as folder0_,
        document_.owner as owner0_,
        document_.text as text0_,
        document_.lastTextModification as lastText7_0_,
        document_.size_mb * 1024.0 as size8_0_,
        upper(document_.name) as formula81_ 
    from
        documents document_ 
    where
        document_.id=?
14:14:37,990 DEBUG SQL:104 - 
    select
        owner0_.id as id3_0_,
        owner0_.name as name3_0_ 
    from
        owners owner0_ 
    where
        owner0_.id=?
14:14:37,991 DEBUG SQL:104 - 
    select
        document0_.id as id0_,
        document0_.name as name0_ 
    from
        documents document0_
14:14:37,992 DEBUG SQL:104 - 
    update
        documents 
    set
        name=? 
    where
        id=?
14:14:37,992 DEBUG SQL:104 - 
    select
        document0_.id as id0_,
        document0_.name as name0_ 
    from
        documents document0_
14:14:37,992 DEBUG SQL:104 - 
    select
        document_.summary as summary0_,
        document_.folder as folder0_,
        document_.owner as owner0_,
        document_.text as text0_,
        document_.lastTextModification as lastText7_0_,
        document_.size_mb * 1024.0 as size8_0_,
        upper(document_.name) as formula81_ 
    from
        documents document_ 
    where
        document_.id=?
14:14:38,017 DEBUG SQL:104 - 
    select
        owner0_.id as id3_0_,
        owner0_.name as name3_0_ 
    from
        owners owner0_ 
    where
        owner0_.id=?
14:14:38,018 DEBUG SQL:104 - 
    select
        document0_.id as id0_,
        document0_.name as name0_ 
    from
        documents document0_
14:14:38,018 DEBUG SQL:104 - 
    select
        document_.summary as summary0_,
        document_.folder as folder0_,
        document_.owner as owner0_,
        document_.text as text0_,
        document_.lastTextModification as lastText7_0_,
        document_.size_mb * 1024.0 as size8_0_,
        upper(document_.name) as formula81_ 
    from
        documents document_ 
    where
        document_.id=?
14:14:38,027 DEBUG SQL:104 - 
    select
        owner0_.id as id3_0_,
        owner0_.name as name3_0_ 
    from
        owners owner0_ 
    where
        owner0_.id=?
14:14:38,028 DEBUG SQL:104 - 
    update
        documents 
    set
        name=?,
        summary=?,
        folder=?,
        owner=?,
        text=?,
        lastTextModification=?,
        size_mb=? / cast( 1024.0 as float ) 
    where
        id=?
14:14:38,029 DEBUG SQL:104 - 
    select
        document0_.id as id0_,
        document0_.name as name0_ 
    from
        documents document0_
14:14:38,038 DEBUG SQL:104 - 
    select
        document_.summary as summary0_,
        document_.folder as folder0_,
        document_.owner as owner0_,
        document_.text as text0_,
        document_.lastTextModification as lastText7_0_,
        document_.size_mb * 1024.0 as size8_0_,
        upper(document_.name) as formula81_ 
    from
        documents document_ 
    where
        document_.id=?
14:14:38,038 DEBUG SQL:104 - 
    select
        owner0_.id as id3_0_,
        owner0_.name as name3_0_ 
    from
        owners owner0_ 
    where
        owner0_.id=?
14:14:38,039 DEBUG SQL:104 - 
    select
        document0_.id as id0_,
        document0_.name as name0_ 
    from
        documents document0_
14:14:38,039 DEBUG SQL:104 - 
    select
        document_.summary as summary0_,
        document_.folder as folder0_,
        document_.owner as owner0_,
        document_.text as text0_,
        document_.lastTextModification as lastText7_0_,
        document_.size_mb * 1024.0 as size8_0_,
        upper(document_.name) as formula81_ 
    from
        documents document_ 
    where
        document_.id=?
14:14:38,048 DEBUG SQL:104 - 
    select
        owner0_.id as id3_0_,
        owner0_.name as name3_0_ 
    from
        owners owner0_ 
    where
        owner0_.id=?
14:14:38,049 DEBUG SQL:104 - 
    select
        document0_.id as id0_,
        document0_.name as name0_ 
    from
        documents document0_
14:14:38,050 DEBUG SQL:104 - 
    update
        documents 
    set
        name=? 
    where
        id=?
14:14:38,059 DEBUG SQL:104 - 
    select
        document_.summary as summary0_,
        document_.folder as folder0_,
        document_.owner as owner0_,
        document_.text as text0_,
        document_.lastTextModification as lastText7_0_,
        document_.size_mb * 1024.0 as size8_0_,
        upper(document_.name) as formula81_ 
    from
        documents document_ 
    where
        document_.id=?
14:14:38,060 DEBUG SQL:104 - 
    select
        owner0_.id as id3_0_,
        owner0_.name as name3_0_ 
    from
        owners owner0_ 
    where
        owner0_.id=?
14:14:38,060 DEBUG SQL:104 - 
    update
        documents 
    set
        name=?,
        summary=?,
        folder=?,
        owner=?,
        text=?,
        lastTextModification=?,
        size_mb=? / cast( 1024.0 as float ) 
    where
        id=?
14:14:38,070 DEBUG SQL:104 - 
    select
        document0_.id as id0_,
        document0_.name as name0_ 
    from
        documents document0_
14:14:38,070 DEBUG SQL:104 - 
    select
        document_.summary as summary0_,
        document_.folder as folder0_,
        document_.owner as owner0_,
        document_.text as text0_,
        document_.lastTextModification as lastText7_0_,
        document_.size_mb * 1024.0 as size8_0_,
        upper(document_.name) as formula81_ 
    from
        documents document_ 
    where
        document_.id=?
14:14:38,071 DEBUG SQL:104 - 
    select
        owner0_.id as id3_0_,
        owner0_.name as name3_0_ 
    from
        owners owner0_ 
    where
        owner0_.id=?
14:14:38,081 DEBUG SQL:104 - 
    select
        document0_.id as id0_0_,
        document0_.name as name0_0_ 
    from
        documents document0_ 
    where
        document0_.id=?
14:14:38,082 DEBUG SQL:104 - 
    select
        document0_.id as id0_,
        document0_.name as name0_ 
    from
        documents document0_
14:14:38,082 DEBUG SQL:104 - 
    select
        document_.summary as summary0_,
        document_.folder as folder0_,
        document_.owner as owner0_,
        document_.text as text0_,
        document_.lastTextModification as lastText7_0_,
        document_.size_mb * 1024.0 as size8_0_,
        upper(document_.name) as formula81_ 
    from
        documents document_ 
    where
        document_.id=?
14:14:38,082 DEBUG SQL:104 - 
    select
        owner0_.id as id3_0_,
        owner0_.name as name3_0_ 
    from
        owners owner0_ 
    where
        owner0_.id=?
14:14:38,083 DEBUG SQL:104 - 
    select
        folder0_.id as id2_0_,
        folder0_.name as name2_0_,
        folder0_.parent as parent2_0_ 
    from
        folders folder0_ 
    where
        folder0_.id=?
14:14:38,083 DEBUG SQL:104 - 
    select
        documents0_.folder as folder2_1_,
        documents0_.id as id0_1_,
        documents0_.id as id0_0_,
        documents0_.name as name0_0_ 
    from
        documents documents0_ 
    where
        documents0_.folder=?
14:14:38,084 DEBUG SQL:104 - 
    delete 
    from
        documents 
    where
        id=?
14:14:38,094 DEBUG SQL:104 - 
    delete 
    from
        folders 
    where
        id=?
14:14:38,095 DEBUG SQL:104 - 
    delete 
    from
        owners 
    where
        id=?
14:14:38,096 DEBUG SQL:104 - 
    insert 
    into
        owners
        (name, id) 
    values
        (?, ?)
14:14:38,096 DEBUG SQL:104 - 
    insert 
    into
        folders
        (name, parent, id) 
    values
        (?, ?, ?)
14:14:38,096 DEBUG SQL:104 - 
    insert 
    into
        documents
        (name, summary, folder, owner, text, lastTextModification, size_mb, id) 
    values
        (?, ?, ?, ?, ?, ?, ? / cast( 1024.0 as float ), ?)
14:14:38,106 DEBUG SQL:104 - 
    select
        document0_.id as id0_0_,
        document0_.name as name0_0_ 
    from
        documents document0_ 
    where
        document0_.id=?
14:14:38,106 DEBUG SQL:104 - 
    select
        document_.summary as summary0_,
        document_.folder as folder0_,
        document_.owner as owner0_,
        document_.text as text0_,
        document_.lastTextModification as lastText7_0_,
        document_.size_mb * 1024.0 as size8_0_,
        upper(document_.name) as formula81_ 
    from
        documents document_ 
    where
        document_.id=?
14:14:38,107 DEBUG SQL:104 - 
    select
        owner0_.id as id3_0_,
        owner0_.name as name3_0_ 
    from
        owners owner0_ 
    where
        owner0_.id=?
14:14:38,107 DEBUG SQL:104 - 
    select
        document0_.id as id0_,
        document0_.name as name0_ 
    from
        documents document0_
14:14:38,108 DEBUG SQL:104 - 
    select
        document_.summary as summary0_,
        document_.folder as folder0_,
        document_.owner as owner0_,
        document_.text as text0_,
        document_.lastTextModification as lastText7_0_,
        document_.size_mb * 1024.0 as size8_0_,
        upper(document_.name) as formula81_ 
    from
        documents document_ 
    where
        document_.id=?
14:14:38,128 DEBUG SQL:104 - 
    select
        owner0_.id as id3_0_,
        owner0_.name as name3_0_ 
    from
        owners owner0_ 
    where
        owner0_.id=?
14:14:38,129 DEBUG SQL:104 - 
    select
        document0_.id as id0_,
        document0_.name as name0_ 
    from
        documents document0_
14:14:38,129 DEBUG SQL:104 - 
    select
        document_.summary as summary0_,
        document_.folder as folder0_,
        document_.owner as owner0_,
        document_.text as text0_,
        document_.lastTextModification as lastText7_0_,
        document_.size_mb * 1024.0 as size8_0_,
        upper(document_.name) as formula81_ 
    from
        documents document_ 
    where
        document_.id=?
14:14:38,138 DEBUG SQL:104 - 
    select
        owner0_.id as id3_0_,
        owner0_.name as name3_0_ 
    from
        owners owner0_ 
    where
        owner0_.id=?
14:14:38,138 DEBUG SQL:104 - 
    select
        document0_.id as id0_,
        document0_.name as name0_ 
    from
        documents document0_
14:14:38,139 DEBUG SQL:104 - 
    update
        documents 
    set
        name=? 
    where
        id=?
14:14:38,139 DEBUG SQL:104 - 
    select
        document0_.id as id0_,
        document0_.name as name0_ 
    from
        documents document0_
14:14:38,139 DEBUG SQL:104 - 
    select
        document_.summary as summary0_,
        document_.folder as folder0_,
        document_.owner as owner0_,
        document_.text as text0_,
        document_.lastTextModification as lastText7_0_,
        document_.size_mb * 1024.0 as size8_0_,
        upper(document_.name) as formula81_ 
    from
        documents document_ 
    where
        document_.id=?
14:14:38,147 DEBUG SQL:104 - 
    select
        owner0_.id as id3_0_,
        owner0_.name as name3_0_ 
    from
        owners owner0_ 
    where
        owner0_.id=?
14:14:38,148 DEBUG SQL:104 - 
    select
        document0_.id as id0_,
        document0_.name as name0_ 
    from
        documents document0_
14:14:38,148 DEBUG SQL:104 - 
    select
        document_.summary as summary0_,
        document_.folder as folder0_,
        document_.owner as owner0_,
        document_.text as text0_,
        document_.lastTextModification as lastText7_0_,
        document_.size_mb * 1024.0 as size8_0_,
        upper(document_.name) as formula81_ 
    from
        documents document_ 
    where
        document_.id=?
14:14:38,162 DEBUG SQL:104 - 
    select
        owner0_.id as id3_0_,
        owner0_.name as name3_0_ 
    from
        owners owner0_ 
    where
        owner0_.id=?
14:14:38,163 DEBUG SQL:104 - 
    update
        documents 
    set
        name=?,
        summary=?,
        folder=?,
        owner=?,
        text=?,
        lastTextModification=?,
        size_mb=? / cast( 1024.0 as float ) 
    where
        id=?
14:14:38,163 DEBUG SQL:104 - 
    select
        document0_.id as id0_,
        document0_.name as name0_ 
    from
        documents document0_
14:14:38,172 DEBUG SQL:104 - 
    select
        document_.summary as summary0_,
        document_.folder as folder0_,
        document_.owner as owner0_,
        document_.text as text0_,
        document_.lastTextModification as lastText7_0_,
        document_.size_mb * 1024.0 as size8_0_,
        upper(document_.name) as formula81_ 
    from
        documents document_ 
    where
        document_.id=?
14:14:38,172 DEBUG SQL:104 - 
    select
        owner0_.id as id3_0_,
        owner0_.name as name3_0_ 
    from
        owners owner0_ 
    where
        owner0_.id=?
14:14:38,173 DEBUG SQL:104 - 
    select
        document0_.id as id0_,
        document0_.name as name0_ 
    from
        documents document0_
14:14:38,183 DEBUG SQL:104 - 
    select
        document_.summary as summary0_,
        document_.folder as folder0_,
        document_.owner as owner0_,
        document_.text as text0_,
        document_.lastTextModification as lastText7_0_,
        document_.size_mb * 1024.0 as size8_0_,
        upper(document_.name) as formula81_ 
    from
        documents document_ 
    where
        document_.id=?
14:14:38,183 DEBUG SQL:104 - 
    select
        owner0_.id as id3_0_,
        owner0_.name as name3_0_ 
    from
        owners owner0_ 
    where
        owner0_.id=?
14:14:38,184 DEBUG SQL:104 - 
    select
        document0_.id as id0_,
        document0_.name as name0_ 
    from
        documents document0_
14:14:38,185 DEBUG SQL:104 - 
    update
        documents 
    set
        name=? 
    where
        id=?
14:14:38,193 DEBUG SQL:104 - 
    select
        document_.summary as summary0_,
        document_.folder as folder0_,
        document_.owner as owner0_,
        document_.text as text0_,
        document_.lastTextModification as lastText7_0_,
        document_.size_mb * 1024.0 as size8_0_,
        upper(document_.name) as formula81_ 
    from
        documents document_ 
    where
        document_.id=?
14:14:38,193 DEBUG SQL:104 - 
    select
        owner0_.id as id3_0_,
        owner0_.name as name3_0_ 
    from
        owners owner0_ 
    where
        owner0_.id=?
14:14:38,194 DEBUG SQL:104 - 
    update
        documents 
    set
        name=?,
        summary=?,
        folder=?,
        owner=?,
        text=?,
        lastTextModification=?,
        size_mb=? / cast( 1024.0 as float ) 
    where
        id=?
14:14:38,204 DEBUG SQL:104 - 
    select
        document0_.id as id0_,
        document0_.name as name0_ 
    from
        documents document0_
14:14:38,205 DEBUG SQL:104 - 
    select
        document_.summary as summary0_,
        document_.folder as folder0_,
        document_.owner as owner0_,
        document_.text as text0_,
        document_.lastTextModification as lastText7_0_,
        document_.size_mb * 1024.0 as size8_0_,
        upper(document_.name) as formula81_ 
    from
        documents document_ 
    where
        document_.id=?
14:14:38,205 DEBUG SQL:104 - 
    select
        owner0_.id as id3_0_,
        owner0_.name as name3_0_ 
    from
        owners owner0_ 
    where
        owner0_.id=?
14:14:38,206 DEBUG SQL:104 - 
    select
        document0_.id as id0_0_,
        document0_.name as name0_0_ 
    from
        documents document0_ 
    where
        document0_.id=?
14:14:38,206 DEBUG SQL:104 - 
    select
        document0_.id as id0_,
        document0_.name as name0_ 
    from
        documents document0_
14:14:38,206 DEBUG SQL:104 - 
    select
        document_.summary as summary0_,
        document_.folder as folder0_,
        document_.owner as owner0_,
        document_.text as text0_,
        document_.lastTextModification as lastText7_0_,
        document_.size_mb * 1024.0 as size8_0_,
        upper(document_.name) as formula81_ 
    from
        documents document_ 
    where
        document_.id=?
14:14:38,218 DEBUG SQL:104 - 
    select
        owner0_.id as id3_0_,
        owner0_.name as name3_0_ 
    from
        owners owner0_ 
    where
        owner0_.id=?
14:14:38,218 DEBUG SQL:104 - 
    select
        folder0_.id as id2_0_,
        folder0_.name as name2_0_,
        folder0_.parent as parent2_0_ 
    from
        folders folder0_ 
    where
        folder0_.id=?
14:14:38,219 DEBUG SQL:104 - 
    select
        documents0_.folder as folder2_1_,
        documents0_.id as id0_1_,
        documents0_.id as id0_0_,
        documents0_.name as name0_0_ 
    from
        documents documents0_ 
    where
        documents0_.folder=?
14:14:38,219 DEBUG SQL:104 - 
    delete 
    from
        documents 
    where
        id=?
14:14:38,228 DEBUG SQL:104 - 
    delete 
    from
        folders 
    where
        id=?
14:14:38,228 DEBUG SQL:104 - 
    delete 
    from
        owners 
    where
        id=?
14:14:38,229 DEBUG SQL:104 - 
    insert 
    into
        owners
        (name, id) 
    values
        (?, ?)
14:14:38,229 DEBUG SQL:104 - 
    insert 
    into
        folders
        (name, parent, id) 
    values
        (?, ?, ?)
14:14:38,230 DEBUG SQL:104 - 
    insert 
    into
        documents
        (name, summary, folder, owner, text, lastTextModification, size_mb, id) 
    values
        (?, ?, ?, ?, ?, ?, ? / cast( 1024.0 as float ), ?)
14:14:38,230 DEBUG SQL:104 - 
    select
        document0_.id as id0_0_,
        document0_.name as name0_0_ 
    from
        documents document0_ 
    where
        document0_.id=?
14:14:38,230 DEBUG SQL:104 - 
    select
        document_.summary as summary0_,
        document_.folder as folder0_,
        document_.owner as owner0_,
        document_.text as text0_,
        document_.lastTextModification as lastText7_0_,
        document_.size_mb * 1024.0 as size8_0_,
        upper(document_.name) as formula81_ 
    from
        documents document_ 
    where
        document_.id=?
14:14:38,251 DEBUG SQL:104 - 
    select
        owner0_.id as id3_0_,
        owner0_.name as name3_0_ 
    from
        owners owner0_ 
    where
        owner0_.id=?
14:14:38,252 DEBUG SQL:104 - 
    select
        document0_.id as id0_,
        document0_.name as name0_ 
    from
        documents document0_
14:14:38,253 DEBUG SQL:104 - 
    select
        document_.summary as summary0_,
        document_.folder as folder0_,
        document_.owner as owner0_,
        document_.text as text0_,
        document_.lastTextModification as lastText7_0_,
        document_.size_mb * 1024.0 as size8_0_,
        upper(document_.name) as formula81_ 
    from
        documents document_ 
    where
        document_.id=?
14:14:38,272 DEBUG SQL:104 - 
    select
        owner0_.id as id3_0_,
        owner0_.name as name3_0_ 
    from
        owners owner0_ 
    where
        owner0_.id=?
14:14:38,273 DEBUG SQL:104 - 
    select
        document0_.id as id0_,
        document0_.name as name0_ 
    from
        documents document0_
14:14:38,274 DEBUG SQL:104 - 
    select
        document_.summary as summary0_,
        document_.folder as folder0_,
        document_.owner as owner0_,
        document_.text as text0_,
        document_.lastTextModification as lastText7_0_,
        document_.size_mb * 1024.0 as size8_0_,
        upper(document_.name) as formula81_ 
    from
        documents document_ 
    where
        document_.id=?
14:14:38,274 DEBUG SQL:104 - 
    select
        owner0_.id as id3_0_,
        owner0_.name as name3_0_ 
    from
        owners owner0_ 
    where
        owner0_.id=?
14:14:38,274 DEBUG SQL:104 - 
    select
        document0_.id as id0_,
        document0_.name as name0_ 
    from
        documents document0_
14:14:38,275 DEBUG SQL:104 - 
    update
        documents 
    set
        name=? 
    where
        id=?
14:14:38,275 DEBUG SQL:104 - 
    select
        document0_.id as id0_,
        document0_.name as name0_ 
    from
        documents document0_
14:14:38,275 DEBUG SQL:104 - 
    select
        document_.summary as summary0_,
        document_.folder as folder0_,
        document_.owner as owner0_,
        document_.text as text0_,
        document_.lastTextModification as lastText7_0_,
        document_.size_mb * 1024.0 as size8_0_,
        upper(document_.name) as formula81_ 
    from
        documents document_ 
    where
        document_.id=?
14:14:38,287 DEBUG SQL:104 - 
    select
        owner0_.id as id3_0_,
        owner0_.name as name3_0_ 
    from
        owners owner0_ 
    where
        owner0_.id=?
14:14:38,288 DEBUG SQL:104 - 
    select
        document0_.id as id0_,
        document0_.name as name0_ 
    from
        documents document0_
14:14:38,288 DEBUG SQL:104 - 
    select
        document_.summary as summary0_,
        document_.folder as folder0_,
        document_.owner as owner0_,
        document_.text as text0_,
        document_.lastTextModification as lastText7_0_,
        document_.size_mb * 1024.0 as size8_0_,
        upper(document_.name) as formula81_ 
    from
        documents document_ 
    where
        document_.id=?
14:14:38,288 DEBUG SQL:104 - 
    select
        owner0_.id as id3_0_,
        owner0_.name as name3_0_ 
    from
        owners owner0_ 
    where
        owner0_.id=?
14:14:38,299 DEBUG SQL:104 - 
    update
        documents 
    set
        name=?,
        summary=?,
        folder=?,
        owner=?,
        text=?,
        lastTextModification=?,
        size_mb=? / cast( 1024.0 as float ) 
    where
        id=?
14:14:38,300 DEBUG SQL:104 - 
    select
        document0_.id as id0_,
        document0_.name as name0_ 
    from
        documents document0_
14:14:38,300 DEBUG SQL:104 - 
    select
        document_.summary as summary0_,
        document_.folder as folder0_,
        document_.owner as owner0_,
        document_.text as text0_,
        document_.lastTextModification as lastText7_0_,
        document_.size_mb * 1024.0 as size8_0_,
        upper(document_.name) as formula81_ 
    from
        documents document_ 
    where
        document_.id=?
14:14:38,310 DEBUG SQL:104 - 
    select
        owner0_.id as id3_0_,
        owner0_.name as name3_0_ 
    from
        owners owner0_ 
    where
        owner0_.id=?
14:14:38,311 DEBUG SQL:104 - 
    select
        document0_.id as id0_,
        document0_.name as name0_ 
    from
        documents document0_
14:14:38,314 DEBUG SQL:104 - 
    select
        document_.summary as summary0_,
        document_.folder as folder0_,
        document_.owner as owner0_,
        document_.text as text0_,
        document_.lastTextModification as lastText7_0_,
        document_.size_mb * 1024.0 as size8_0_,
        upper(document_.name) as formula81_ 
    from
        documents document_ 
    where
        document_.id=?
14:14:38,324 DEBUG SQL:104 - 
    select
        owner0_.id as id3_0_,
        owner0_.name as name3_0_ 
    from
        owners owner0_ 
    where
        owner0_.id=?
14:14:38,325 DEBUG SQL:104 - 
    select
        document0_.id as id0_,
        document0_.name as name0_ 
    from
        documents document0_
14:14:38,325 DEBUG SQL:104 - 
    update
        documents 
    set
        name=? 
    where
        id=?
14:14:38,326 DEBUG SQL:104 - 
    select
        document_.summary as summary0_,
        document_.folder as folder0_,
        document_.owner as owner0_,
        document_.text as text0_,
        document_.lastTextModification as lastText7_0_,
        document_.size_mb * 1024.0 as size8_0_,
        upper(document_.name) as formula81_ 
    from
        documents document_ 
    where
        document_.id=?
14:14:38,334 DEBUG SQL:104 - 
    select
        owner0_.id as id3_0_,
        owner0_.name as name3_0_ 
    from
        owners owner0_ 
    where
        owner0_.id=?
14:14:38,335 DEBUG SQL:104 - 
    update
        documents 
    set
        name=?,
        summary=?,
        folder=?,
        owner=?,
        text=?,
        lastTextModification=?,
        size_mb=? / cast( 1024.0 as float ) 
    where
        id=?
14:14:38,336 DEBUG SQL:104 - 
    select
        document0_.id as id0_,
        document0_.name as name0_ 
    from
        documents document0_
14:14:38,336 DEBUG SQL:104 - 
    select
        document_.summary as summary0_,
        document_.folder as folder0_,
        document_.owner as owner0_,
        document_.text as text0_,
        document_.lastTextModification as lastText7_0_,
        document_.size_mb * 1024.0 as size8_0_,
        upper(document_.name) as formula81_ 
    from
        documents document_ 
    where
        document_.id=?
14:14:38,336 DEBUG SQL:104 - 
    select
        owner0_.id as id3_0_,
        owner0_.name as name3_0_ 
    from
        owners owner0_ 
    where
        owner0_.id=?
14:14:38,337 DEBUG SQL:104 - 
    select
        document0_.id as id0_0_,
        document0_.name as name0_0_ 
    from
        documents document0_ 
    where
        document0_.id=?
14:14:38,349 DEBUG SQL:104 - 
    select
        document0_.id as id0_,
        document0_.name as name0_ 
    from
        documents document0_
14:14:38,349 DEBUG SQL:104 - 
    select
        document_.summary as summary0_,
        document_.folder as folder0_,
        document_.owner as owner0_,
        document_.text as text0_,
        document_.lastTextModification as lastText7_0_,
        document_.size_mb * 1024.0 as size8_0_,
        upper(document_.name) as formula81_ 
    from
        documents document_ 
    where
        document_.id=?
14:14:38,349 DEBUG SQL:104 - 
    select
        owner0_.id as id3_0_,
        owner0_.name as name3_0_ 
    from
        owners owner0_ 
    where
        owner0_.id=?
14:14:38,358 DEBUG SQL:104 - 
    select
        folder0_.id as id2_0_,
        folder0_.name as name2_0_,
        folder0_.parent as parent2_0_ 
    from
        folders folder0_ 
    where
        folder0_.id=?
14:14:38,359 DEBUG SQL:104 - 
    select
        documents0_.folder as folder2_1_,
        documents0_.id as id0_1_,
        documents0_.id as id0_0_,
        documents0_.name as name0_0_ 
    from
        documents documents0_ 
    where
        documents0_.folder=?
14:14:38,360 DEBUG SQL:104 - 
    delete 
    from
        documents 
    where
        id=?
14:14:38,360 DEBUG SQL:104 - 
    delete 
    from
        folders 
    where
        id=?
14:14:38,360 DEBUG SQL:104 - 
    delete 
    from
        owners 
    where
        id=?
14:14:38,361 DEBUG SQL:104 - 
    insert 
    into
        owners
        (name, id) 
    values
        (?, ?)
14:14:38,361 DEBUG SQL:104 - 
    insert 
    into
        folders
        (name, parent, id) 
    values
        (?, ?, ?)
14:14:38,382 DEBUG SQL:104 - 
    insert 
    into
        documents
        (name, summary, folder, owner, text, lastTextModification, size_mb, id) 
    values
        (?, ?, ?, ?, ?, ?, ? / cast( 1024.0 as float ), ?)
14:14:38,382 DEBUG SQL:104 - 
    select
        document0_.id as id0_0_,
        document0_.name as name0_0_ 
    from
        documents document0_ 
    where
        document0_.id=?
14:14:38,383 DEBUG SQL:104 - 
    select
        document_.summary as summary0_,
        document_.folder as folder0_,
        document_.owner as owner0_,
        document_.text as text0_,
        document_.lastTextModification as lastText7_0_,
        document_.size_mb * 1024.0 as size8_0_,
        upper(document_.name) as formula81_ 
    from
        documents document_ 
    where
        document_.id=?
14:14:38,392 DEBUG SQL:104 - 
    select
        owner0_.id as id3_0_,
        owner0_.name as name3_0_ 
    from
        owners owner0_ 
    where
        owner0_.id=?
14:14:38,392 DEBUG SQL:104 - 
    select
        document0_.id as id0_,
        document0_.name as name0_ 
    from
        documents document0_
14:14:38,393 DEBUG SQL:104 - 
    select
        document_.summary as summary0_,
        document_.folder as folder0_,
        document_.owner as owner0_,
        document_.text as text0_,
        document_.lastTextModification as lastText7_0_,
        document_.size_mb * 1024.0 as size8_0_,
        upper(document_.name) as formula81_ 
    from
        documents document_ 
    where
        document_.id=?
14:14:38,393 DEBUG SQL:104 - 
    select
        owner0_.id as id3_0_,
        owner0_.name as name3_0_ 
    from
        owners owner0_ 
    where
        owner0_.id=?
14:14:38,401 DEBUG SQL:104 - 
    select
        document0_.id as id0_,
        document0_.name as name0_ 
    from
        documents document0_
14:14:38,402 DEBUG SQL:104 - 
    select
        document_.summary as summary0_,
        document_.folder as folder0_,
        document_.owner as owner0_,
        document_.text as text0_,
        document_.lastTextModification as lastText7_0_,
        document_.size_mb * 1024.0 as size8_0_,
        upper(document_.name) as formula81_ 
    from
        documents document_ 
    where
        document_.id=?
14:14:38,402 DEBUG SQL:104 - 
    select
        owner0_.id as id3_0_,
        owner0_.name as name3_0_ 
    from
        owners owner0_ 
    where
        owner0_.id=?
14:14:38,411 DEBUG SQL:104 - 
    select
        document0_.id as id0_,
        document0_.name as name0_ 
    from
        documents document0_
14:14:38,412 DEBUG SQL:104 - 
    update
        documents 
    set
        name=? 
    where
        id=?
14:14:38,412 DEBUG SQL:104 - 
    select
        document0_.id as id0_,
        document0_.name as name0_ 
    from
        documents document0_
14:14:38,412 DEBUG SQL:104 - 
    select
        document_.summary as summary0_,
        document_.folder as folder0_,
        document_.owner as owner0_,
        document_.text as text0_,
        document_.lastTextModification as lastText7_0_,
        document_.size_mb * 1024.0 as size8_0_,
        upper(document_.name) as formula81_ 
    from
        documents document_ 
    where
        document_.id=?
14:14:38,421 DEBUG SQL:104 - 
    select
        owner0_.id as id3_0_,
        owner0_.name as name3_0_ 
    from
        owners owner0_ 
    where
        owner0_.id=?
14:14:38,422 DEBUG SQL:104 - 
    select
        document0_.id as id0_,
        document0_.name as name0_ 
    from
        documents document0_
14:14:38,422 DEBUG SQL:104 - 
    select
        document_.summary as summary0_,
        document_.folder as folder0_,
        document_.owner as owner0_,
        document_.text as text0_,
        document_.lastTextModification as lastText7_0_,
        document_.size_mb * 1024.0 as size8_0_,
        upper(document_.name) as formula81_ 
    from
        documents document_ 
    where
        document_.id=?
14:14:38,431 DEBUG SQL:104 - 
    select
        owner0_.id as id3_0_,
        owner0_.name as name3_0_ 
    from
        owners owner0_ 
    where
        owner0_.id=?
14:14:38,431 DEBUG SQL:104 - 
    update
        documents 
    set
        name=?,
        summary=?,
        folder=?,
        owner=?,
        text=?,
        lastTextModification=?,
        size_mb=? / cast( 1024.0 as float ) 
    where
        id=?
14:14:38,432 DEBUG SQL:104 - 
    select
        document0_.id as id0_,
        document0_.name as name0_ 
    from
        documents document0_
14:14:38,432 DEBUG SQL:104 - 
    select
        document_.summary as summary0_,
        document_.folder as folder0_,
        document_.owner as owner0_,
        document_.text as text0_,
        document_.lastTextModification as lastText7_0_,
        document_.size_mb * 1024.0 as size8_0_,
        upper(document_.name) as formula81_ 
    from
        documents document_ 
    where
        document_.id=?
14:14:38,441 DEBUG SQL:104 - 
    select
        owner0_.id as id3_0_,
        owner0_.name as name3_0_ 
    from
        owners owner0_ 
    where
        owner0_.id=?
14:14:38,441 DEBUG SQL:104 - 
    select
        document0_.id as id0_,
        document0_.name as name0_ 
    from
        documents document0_
14:14:38,442 DEBUG SQL:104 - 
    select
        document_.summary as summary0_,
        document_.folder as folder0_,
        document_.owner as owner0_,
        document_.text as text0_,
        document_.lastTextModification as lastText7_0_,
        document_.size_mb * 1024.0 as size8_0_,
        upper(document_.name) as formula81_ 
    from
        documents document_ 
    where
        document_.id=?
14:14:38,450 DEBUG SQL:104 - 
    select
        owner0_.id as id3_0_,
        owner0_.name as name3_0_ 
    from
        owners owner0_ 
    where
        owner0_.id=?
14:14:38,451 DEBUG SQL:104 - 
    select
        document0_.id as id0_,
        document0_.name as name0_ 
    from
        documents document0_
14:14:38,452 DEBUG SQL:104 - 
    update
        documents 
    set
        name=? 
    where
        id=?
14:14:38,452 DEBUG SQL:104 - 
    select
        document_.summary as summary0_,
        document_.folder as folder0_,
        document_.owner as owner0_,
        document_.text as text0_,
        document_.lastTextModification as lastText7_0_,
        document_.size_mb * 1024.0 as size8_0_,
        upper(document_.name) as formula81_ 
    from
        documents document_ 
    where
        document_.id=?
14:14:38,461 DEBUG SQL:104 - 
    select
        owner0_.id as id3_0_,
        owner0_.name as name3_0_ 
    from
        owners owner0_ 
    where
        owner0_.id=?
14:14:38,462 DEBUG SQL:104 - 
    update
        documents 
    set
        name=?,
        summary=?,
        folder=?,
        owner=?,
        text=?,
        lastTextModification=?,
        size_mb=? / cast( 1024.0 as float ) 
    where
        id=?
14:14:38,463 DEBUG SQL:104 - 
    select
        document0_.id as id0_,
        document0_.name as name0_ 
    from
        documents document0_
14:14:38,463 DEBUG SQL:104 - 
    select
        document_.summary as summary0_,
        document_.folder as folder0_,
        document_.owner as owner0_,
        document_.text as text0_,
        document_.lastTextModification as lastText7_0_,
        document_.size_mb * 1024.0 as size8_0_,
        upper(document_.name) as formula81_ 
    from
        documents document_ 
    where
        document_.id=?
14:14:38,463 DEBUG SQL:104 - 
    select
        owner0_.id as id3_0_,
        owner0_.name as name3_0_ 
    from
        owners owner0_ 
    where
        owner0_.id=?
14:14:38,473 DEBUG SQL:104 - 
    select
        document0_.id as id0_0_,
        document0_.name as name0_0_ 
    from
        documents document0_ 
    where
        document0_.id=?
14:14:38,473 DEBUG SQL:104 - 
    select
        document0_.id as id0_,
        document0_.name as name0_ 
    from
        documents document0_
14:14:38,474 DEBUG SQL:104 - 
    select
        document_.summary as summary0_,
        document_.folder as folder0_,
        document_.owner as owner0_,
        document_.text as text0_,
        document_.lastTextModification as lastText7_0_,
        document_.size_mb * 1024.0 as size8_0_,
        upper(document_.name) as formula81_ 
    from
        documents document_ 
    where
        document_.id=?
14:14:38,474 DEBUG SQL:104 - 
    select
        owner0_.id as id3_0_,
        owner0_.name as name3_0_ 
    from
        owners owner0_ 
    where
        owner0_.id=?
14:14:38,483 DEBUG SQL:104 - 
    select
        folder0_.id as id2_0_,
        folder0_.name as name2_0_,
        folder0_.parent as parent2_0_ 
    from
        folders folder0_ 
    where
        folder0_.id=?
14:14:38,484 DEBUG SQL:104 - 
    select
        documents0_.folder as folder2_1_,
        documents0_.id as id0_1_,
        documents0_.id as id0_0_,
        documents0_.name as name0_0_ 
    from
        documents documents0_ 
    where
        documents0_.folder=?
14:14:38,485 DEBUG SQL:104 - 
    delete 
    from
        documents 
    where
        id=?
14:14:38,485 DEBUG SQL:104 - 
    delete 
    from
        folders 
    where
        id=?
14:14:38,485 DEBUG SQL:104 - 
    delete 
    from
        owners 
    where
        id=?
14:14:38,486 DEBUG SQL:104 - 
    insert 
    into
        owners
        (name, id) 
    values
        (?, ?)
14:14:38,507 DEBUG SQL:104 - 
    insert 
    into
        folders
        (name, parent, id) 
    values
        (?, ?, ?)
14:14:38,507 DEBUG SQL:104 - 
    insert 
    into
        documents
        (name, summary, folder, owner, text, lastTextModification, size_mb, id) 
    values
        (?, ?, ?, ?, ?, ?, ? / cast( 1024.0 as float ), ?)
14:14:38,508 DEBUG SQL:104 - 
    select
        document0_.id as id0_0_,
        document0_.name as name0_0_ 
    from
        documents document0_ 
    where
        document0_.id=?
14:14:38,508 DEBUG SQL:104 - 
    select
        document_.summary as summary0_,
        document_.folder as folder0_,
        document_.owner as owner0_,
        document_.text as text0_,
        document_.lastTextModification as lastText7_0_,
        document_.size_mb * 1024.0 as size8_0_,
        upper(document_.name) as formula81_ 
    from
        documents document_ 
    where
        document_.id=?
14:14:38,518 DEBUG SQL:104 - 
    select
        owner0_.id as id3_0_,
        owner0_.name as name3_0_ 
    from
        owners owner0_ 
    where
        owner0_.id=?
14:14:38,519 DEBUG SQL:104 - 
    select
        document0_.id as id0_,
        document0_.name as name0_ 
    from
        documents document0_
14:14:38,519 DEBUG SQL:104 - 
    select
        document_.summary as summary0_,
        document_.folder as folder0_,
        document_.owner as owner0_,
        document_.text as text0_,
        document_.lastTextModification as lastText7_0_,
        document_.size_mb * 1024.0 as size8_0_,
        upper(document_.name) as formula81_ 
    from
        documents document_ 
    where
        document_.id=?
14:14:38,527 DEBUG SQL:104 - 
    select
        owner0_.id as id3_0_,
        owner0_.name as name3_0_ 
    from
        owners owner0_ 
    where
        owner0_.id=?
14:14:38,528 DEBUG SQL:104 - 
    select
        document0_.id as id0_,
        document0_.name as name0_ 
    from
        documents document0_
14:14:38,528 DEBUG SQL:104 - 
    select
        document_.summary as summary0_,
        document_.folder as folder0_,
        document_.owner as owner0_,
        document_.text as text0_,
        document_.lastTextModification as lastText7_0_,
        document_.size_mb * 1024.0 as size8_0_,
        upper(document_.name) as formula81_ 
    from
        documents document_ 
    where
        document_.id=?
14:14:38,537 DEBUG SQL:104 - 
    select
        owner0_.id as id3_0_,
        owner0_.name as name3_0_ 
    from
        owners owner0_ 
    where
        owner0_.id=?
14:14:38,538 DEBUG SQL:104 - 
    select
        document0_.id as id0_,
        document0_.name as name0_ 
    from
        documents document0_
14:14:38,539 DEBUG SQL:104 - 
    update
        documents 
    set
        name=? 
    where
        id=?
14:14:38,539 DEBUG SQL:104 - 
    select
        document0_.id as id0_,
        document0_.name as name0_ 
    from
        documents document0_
14:14:38,539 DEBUG SQL:104 - 
    select
        document_.summary as summary0_,
        document_.folder as folder0_,
        document_.owner as owner0_,
        document_.text as text0_,
        document_.lastTextModification as lastText7_0_,
        document_.size_mb * 1024.0 as size8_0_,
        upper(document_.name) as formula81_ 
    from
        documents document_ 
    where
        document_.id=?
14:14:38,548 DEBUG SQL:104 - 
    select
        owner0_.id as id3_0_,
        owner0_.name as name3_0_ 
    from
        owners owner0_ 
    where
        owner0_.id=?
14:14:38,549 DEBUG SQL:104 - 
    select
        document0_.id as id0_,
        document0_.name as name0_ 
    from
        documents document0_
14:14:38,549 DEBUG SQL:104 - 
    select
        document_.summary as summary0_,
        document_.folder as folder0_,
        document_.owner as owner0_,
        document_.text as text0_,
        document_.lastTextModification as lastText7_0_,
        document_.size_mb * 1024.0 as size8_0_,
        upper(document_.name) as formula81_ 
    from
        documents document_ 
    where
        document_.id=?
14:14:38,559 DEBUG SQL:104 - 
    select
        owner0_.id as id3_0_,
        owner0_.name as name3_0_ 
    from
        owners owner0_ 
    where
        owner0_.id=?
14:14:38,560 DEBUG SQL:104 - 
    update
        documents 
    set
        name=?,
        summary=?,
        folder=?,
        owner=?,
        text=?,
        lastTextModification=?,
        size_mb=? / cast( 1024.0 as float ) 
    where
        id=?
14:14:38,560 DEBUG SQL:104 - 
    select
        document0_.id as id0_,
        document0_.name as name0_ 
    from
        documents document0_
14:14:38,569 DEBUG SQL:104 - 
    select
        document_.summary as summary0_,
        document_.folder as folder0_,
        document_.owner as owner0_,
        document_.text as text0_,
        document_.lastTextModification as lastText7_0_,
        document_.size_mb * 1024.0 as size8_0_,
        upper(document_.name) as formula81_ 
    from
        documents document_ 
    where
        document_.id=?
14:14:38,569 DEBUG SQL:104 - 
    select
        owner0_.id as id3_0_,
        owner0_.name as name3_0_ 
    from
        owners owner0_ 
    where
        owner0_.id=?
14:14:38,570 DEBUG SQL:104 - 
    select
        document0_.id as id0_,
        document0_.name as name0_ 
    from
        documents document0_
14:14:38,579 DEBUG SQL:104 - 
    select
        document_.summary as summary0_,
        document_.folder as folder0_,
        document_.owner as owner0_,
        document_.text as text0_,
        document_.lastTextModification as lastText7_0_,
        document_.size_mb * 1024.0 as size8_0_,
        upper(document_.name) as formula81_ 
    from
        documents document_ 
    where
        document_.id=?
14:14:38,580 DEBUG SQL:104 - 
    select
        owner0_.id as id3_0_,
        owner0_.name as name3_0_ 
    from
        owners owner0_ 
    where
        owner0_.id=?
14:14:38,580 DEBUG SQL:104 - 
    select
        document0_.id as id0_,
        document0_.name as name0_ 
    from
        documents document0_
14:14:38,581 DEBUG SQL:104 - 
    update
        documents 
    set
        name=? 
    where
        id=?
14:14:38,589 DEBUG SQL:104 - 
    select
        document_.summary as summary0_,
        document_.folder as folder0_,
        document_.owner as owner0_,
        document_.text as text0_,
        document_.lastTextModification as lastText7_0_,
        document_.size_mb * 1024.0 as size8_0_,
        upper(document_.name) as formula81_ 
    from
        documents document_ 
    where
        document_.id=?
14:14:38,590 DEBUG SQL:104 - 
    select
        owner0_.id as id3_0_,
        owner0_.name as name3_0_ 
    from
        owners owner0_ 
    where
        owner0_.id=?
14:14:38,590 DEBUG SQL:104 - 
    update
        documents 
    set
        name=?,
        summary=?,
        folder=?,
        owner=?,
        text=?,
        lastTextModification=?,
        size_mb=? / cast( 1024.0 as float ) 
    where
        id=?
14:14:38,591 DEBUG SQL:104 - 
    select
        document0_.id as id0_,
        document0_.name as name0_ 
    from
        documents document0_
14:14:38,591 DEBUG SQL:104 - 
    select
        document_.summary as summary0_,
        document_.folder as folder0_,
        document_.owner as owner0_,
        document_.text as text0_,
        document_.lastTextModification as lastText7_0_,
        document_.size_mb * 1024.0 as size8_0_,
        upper(document_.name) as formula81_ 
    from
        documents document_ 
    where
        document_.id=?
14:14:38,591 DEBUG SQL:104 - 
    select
        owner0_.id as id3_0_,
        owner0_.name as name3_0_ 
    from
        owners owner0_ 
    where
        owner0_.id=?
14:14:38,603 DEBUG SQL:104 - 
    select
        document0_.id as id0_0_,
        document0_.name as name0_0_ 
    from
        documents document0_ 
    where
        document0_.id=?
14:14:38,603 DEBUG SQL:104 - 
    select
        document0_.id as id0_,
        document0_.name as name0_ 
    from
        documents document0_
14:14:38,604 DEBUG SQL:104 - 
    select
        document_.summary as summary0_,
        document_.folder as folder0_,
        document_.owner as owner0_,
        document_.text as text0_,
        document_.lastTextModification as lastText7_0_,
        document_.size_mb * 1024.0 as size8_0_,
        upper(document_.name) as formula81_ 
    from
        documents document_ 
    where
        document_.id=?
14:14:38,614 DEBUG SQL:104 - 
    select
        owner0_.id as id3_0_,
        owner0_.name as name3_0_ 
    from
        owners owner0_ 
    where
        owner0_.id=?
14:14:38,614 DEBUG SQL:104 - 
    select
        folder0_.id as id2_0_,
        folder0_.name as name2_0_,
        folder0_.parent as parent2_0_ 
    from
        folders folder0_ 
    where
        folder0_.id=?
14:14:38,615 DEBUG SQL:104 - 
    select
        documents0_.folder as folder2_1_,
        documents0_.id as id0_1_,
        documents0_.id as id0_0_,
        documents0_.name as name0_0_ 
    from
        documents documents0_ 
    where
        documents0_.folder=?
14:14:38,615 DEBUG SQL:104 - 
    delete 
    from
        documents 
    where
        id=?
14:14:38,616 DEBUG SQL:104 - 
    delete 
    from
        folders 
    where
        id=?
14:14:38,616 DEBUG SQL:104 - 
    delete 
    from
        owners 
    where
        id=?
14:14:38,636 DEBUG SQL:104 - 
    insert 
    into
        owners
        (name, id) 
    values
        (?, ?)
14:14:38,636 DEBUG SQL:104 - 
    insert 
    into
        folders
        (name, parent, id) 
    values
        (?, ?, ?)
14:14:38,637 DEBUG SQL:104 - 
    insert 
    into
        documents
        (name, summary, folder, owner, text, lastTextModification, size_mb, id) 
    values
        (?, ?, ?, ?, ?, ?, ? / cast( 1024.0 as float ), ?)
14:14:38,637 DEBUG SQL:104 - 
    select
        document0_.id as id0_0_,
        document0_.name as name0_0_ 
    from
        documents document0_ 
    where
        document0_.id=?
14:14:38,637 DEBUG SQL:104 - 
    select
        document_.summary as summary0_,
        document_.folder as folder0_,
        document_.owner as owner0_,
        document_.text as text0_,
        document_.lastTextModification as lastText7_0_,
        document_.size_mb * 1024.0 as size8_0_,
        upper(document_.name) as formula81_ 
    from
        documents document_ 
    where
        document_.id=?
14:14:38,646 DEBUG SQL:104 - 
    select
        owner0_.id as id3_0_,
        owner0_.name as name3_0_ 
    from
        owners owner0_ 
    where
        owner0_.id=?
14:14:38,647 DEBUG SQL:104 - 
    select
        document0_.id as id0_,
        document0_.name as name0_ 
    from
        documents document0_
14:14:38,647 DEBUG SQL:104 - 
    select
        document_.summary as summary0_,
        document_.folder as folder0_,
        document_.owner as owner0_,
        document_.text as text0_,
        document_.lastTextModification as lastText7_0_,
        document_.size_mb * 1024.0 as size8_0_,
        upper(document_.name) as formula81_ 
    from
        documents document_ 
    where
        document_.id=?
14:14:38,656 DEBUG SQL:104 - 
    select
        owner0_.id as id3_0_,
        owner0_.name as name3_0_ 
    from
        owners owner0_ 
    where
        owner0_.id=?
14:14:38,657 DEBUG SQL:104 - 
    select
        document0_.id as id0_,
        document0_.name as name0_ 
    from
        documents document0_
14:14:38,658 DEBUG SQL:104 - 
    select
        document_.summary as summary0_,
        document_.folder as folder0_,
        document_.owner as owner0_,
        document_.text as text0_,
        document_.lastTextModification as lastText7_0_,
        document_.size_mb * 1024.0 as size8_0_,
        upper(document_.name) as formula81_ 
    from
        documents document_ 
    where
        document_.id=?
14:14:38,667 DEBUG SQL:104 - 
    select
        owner0_.id as id3_0_,
        owner0_.name as name3_0_ 
    from
        owners owner0_ 
    where
        owner0_.id=?
14:14:38,668 DEBUG SQL:104 - 
    select
        document0_.id as id0_,
        document0_.name as name0_ 
    from
        documents document0_
14:14:38,668 DEBUG SQL:104 - 
    update
        documents 
    set
        name=? 
    where
        id=?
14:14:38,669 DEBUG SQL:104 - 
    select
        document0_.id as id0_,
        document0_.name as name0_ 
    from
        documents document0_
14:14:38,678 DEBUG SQL:104 - 
    select
        document_.summary as summary0_,
        document_.folder as folder0_,
        document_.owner as owner0_,
        document_.text as text0_,
        document_.lastTextModification as lastText7_0_,
        document_.size_mb * 1024.0 as size8_0_,
        upper(document_.name) as formula81_ 
    from
        documents document_ 
    where
        document_.id=?
14:14:38,679 DEBUG SQL:104 - 
    select
        owner0_.id as id3_0_,
        owner0_.name as name3_0_ 
    from
        owners owner0_ 
    where
        owner0_.id=?
14:14:38,680 DEBUG SQL:104 - 
    select
        document0_.id as id0_,
        document0_.name as name0_ 
    from
        documents document0_
14:14:38,680 DEBUG SQL:104 - 
    select
        document_.summary as summary0_,
        document_.folder as folder0_,
        document_.owner as owner0_,
        document_.text as text0_,
        document_.lastTextModification as lastText7_0_,
        document_.size_mb * 1024.0 as size8_0_,
        upper(document_.name) as formula81_ 
    from
        documents document_ 
    where
        document_.id=?
14:14:38,692 DEBUG SQL:104 - 
    select
        owner0_.id as id3_0_,
        owner0_.name as name3_0_ 
    from
        owners owner0_ 
    where
        owner0_.id=?
14:14:38,692 DEBUG SQL:104 - 
    update
        documents 
    set
        name=?,
        summary=?,
        folder=?,
        owner=?,
        text=?,
        lastTextModification=?,
        size_mb=? / cast( 1024.0 as float ) 
    where
        id=?
14:14:38,702 DEBUG SQL:104 - 
    select
        document0_.id as id0_,
        document0_.name as name0_ 
    from
        documents document0_
14:14:38,703 DEBUG SQL:104 - 
    select
        document_.summary as summary0_,
        document_.folder as folder0_,
        document_.owner as owner0_,
        document_.text as text0_,
        document_.lastTextModification as lastText7_0_,
        document_.size_mb * 1024.0 as size8_0_,
        upper(document_.name) as formula81_ 
    from
        documents document_ 
    where
        document_.id=?
14:14:38,703 DEBUG SQL:104 - 
    select
        owner0_.id as id3_0_,
        owner0_.name as name3_0_ 
    from
        owners owner0_ 
    where
        owner0_.id=?
14:14:38,704 DEBUG SQL:104 - 
    select
        document0_.id as id0_,
        document0_.name as name0_ 
    from
        documents document0_
14:14:38,704 DEBUG SQL:104 - 
    select
        document_.summary as summary0_,
        document_.folder as folder0_,
        document_.owner as owner0_,
        document_.text as text0_,
        document_.lastTextModification as lastText7_0_,
        document_.size_mb * 1024.0 as size8_0_,
        upper(document_.name) as formula81_ 
    from
        documents document_ 
    where
        document_.id=?
14:14:38,704 DEBUG SQL:104 - 
    select
        owner0_.id as id3_0_,
        owner0_.name as name3_0_ 
    from
        owners owner0_ 
    where
        owner0_.id=?
14:14:38,705 DEBUG SQL:104 - 
    select
        document0_.id as id0_,
        document0_.name as name0_ 
    from
        documents document0_
14:14:38,705 DEBUG SQL:104 - 
    update
        documents 
    set
        name=? 
    where
        id=?
14:14:38,705 DEBUG SQL:104 - 
    select
        document_.summary as summary0_,
        document_.folder as folder0_,
        document_.owner as owner0_,
        document_.text as text0_,
        document_.lastTextModification as lastText7_0_,
        document_.size_mb * 1024.0 as size8_0_,
        upper(document_.name) as formula81_ 
    from
        documents document_ 
    where
        document_.id=?
14:14:38,718 DEBUG SQL:104 - 
    select
        owner0_.id as id3_0_,
        owner0_.name as name3_0_ 
    from
        owners owner0_ 
    where
        owner0_.id=?
14:14:38,719 DEBUG SQL:104 - 
    update
        documents 
    set
        name=?,
        summary=?,
        folder=?,
        owner=?,
        text=?,
        lastTextModification=?,
        size_mb=? / cast( 1024.0 as float ) 
    where
        id=?
14:14:38,719 DEBUG SQL:104 - 
    select
        document0_.id as id0_,
        document0_.name as name0_ 
    from
        documents document0_
14:14:38,733 DEBUG SQL:104 - 
    select
        document_.summary as summary0_,
        document_.folder as folder0_,
        document_.owner as owner0_,
        document_.text as text0_,
        document_.lastTextModification as lastText7_0_,
        document_.size_mb * 1024.0 as size8_0_,
        upper(document_.name) as formula81_ 
    from
        documents document_ 
    where
        document_.id=?
14:14:38,733 DEBUG SQL:104 - 
    select
        owner0_.id as id3_0_,
        owner0_.name as name3_0_ 
    from
        owners owner0_ 
    where
        owner0_.id=?
14:14:38,734 DEBUG SQL:104 - 
    select
        document0_.id as id0_0_,
        document0_.name as name0_0_ 
    from
        documents document0_ 
    where
        document0_.id=?
14:14:38,744 DEBUG SQL:104 - 
    select
        document0_.id as id0_,
        document0_.name as name0_ 
    from
        documents document0_
14:14:38,744 DEBUG SQL:104 - 
    select
        document_.summary as summary0_,
        document_.folder as folder0_,
        document_.owner as owner0_,
        document_.text as text0_,
        document_.lastTextModification as lastText7_0_,
        document_.size_mb * 1024.0 as size8_0_,
        upper(document_.name) as formula81_ 
    from
        documents document_ 
    where
        document_.id=?
14:14:38,745 DEBUG SQL:104 - 
    select
        owner0_.id as id3_0_,
        owner0_.name as name3_0_ 
    from
        owners owner0_ 
    where
        owner0_.id=?
14:14:38,745 DEBUG SQL:104 - 
    select
        folder0_.id as id2_0_,
        folder0_.name as name2_0_,
        folder0_.parent as parent2_0_ 
    from
        folders folder0_ 
    where
        folder0_.id=?
14:14:38,745 DEBUG SQL:104 - 
    select
        documents0_.folder as folder2_1_,
        documents0_.id as id0_1_,
        documents0_.id as id0_0_,
        documents0_.name as name0_0_ 
    from
        documents documents0_ 
    where
        documents0_.folder=?
14:14:38,767 DEBUG SQL:104 - 
    delete 
    from
        documents 
    where
        id=?
14:14:38,767 DEBUG SQL:104 - 
    delete 
    from
        folders 
    where
        id=?
14:14:38,767 DEBUG SQL:104 - 
    delete 
    from
        owners 
    where
        id=?
14:14:38,768 DEBUG SQL:104 - 
    insert 
    into
        owners
        (name, id) 
    values
        (?, ?)
14:14:38,768 DEBUG SQL:104 - 
    insert 
    into
        folders
        (name, parent, id) 
    values
        (?, ?, ?)
14:14:38,779 DEBUG SQL:104 - 
    insert 
    into
        documents
        (name, summary, folder, owner, text, lastTextModification, size_mb, id) 
    values
        (?, ?, ?, ?, ?, ?, ? / cast( 1024.0 as float ), ?)
14:14:38,780 DEBUG SQL:104 - 
    select
        document0_.id as id0_0_,
        document0_.name as name0_0_ 
    from
        documents document0_ 
    where
        document0_.id=?
14:14:38,780 DEBUG SQL:104 - 
    select
        document_.summary as summary0_,
        document_.folder as folder0_,
        document_.owner as owner0_,
        document_.text as text0_,
        document_.lastTextModification as lastText7_0_,
        document_.size_mb * 1024.0 as size8_0_,
        upper(document_.name) as formula81_ 
    from
        documents document_ 
    where
        document_.id=?
14:14:38,793 DEBUG SQL:104 - 
    select
        owner0_.id as id3_0_,
        owner0_.name as name3_0_ 
    from
        owners owner0_ 
    where
        owner0_.id=?
14:14:38,794 DEBUG SQL:104 - 
    select
        document0_.id as id0_,
        document0_.name as name0_ 
    from
        documents document0_
14:14:38,794 DEBUG SQL:104 - 
    select
        document_.summary as summary0_,
        document_.folder as folder0_,
        document_.owner as owner0_,
        document_.text as text0_,
        document_.lastTextModification as lastText7_0_,
        document_.size_mb * 1024.0 as size8_0_,
        upper(document_.name) as formula81_ 
    from
        documents document_ 
    where
        document_.id=?
14:14:38,794 DEBUG SQL:104 - 
    select
        owner0_.id as id3_0_,
        owner0_.name as name3_0_ 
    from
        owners owner0_ 
    where
        owner0_.id=?
14:14:38,804 DEBUG SQL:104 - 
    select
        document0_.id as id0_,
        document0_.name as name0_ 
    from
        documents document0_
14:14:38,805 DEBUG SQL:104 - 
    select
        document_.summary as summary0_,
        document_.folder as folder0_,
        document_.owner as owner0_,
        document_.text as text0_,
        document_.lastTextModification as lastText7_0_,
        document_.size_mb * 1024.0 as size8_0_,
        upper(document_.name) as formula81_ 
    from
        documents document_ 
    where
        document_.id=?
14:14:38,805 DEBUG SQL:104 - 
    select
        owner0_.id as id3_0_,
        owner0_.name as name3_0_ 
    from
        owners owner0_ 
    where
        owner0_.id=?
14:14:38,815 DEBUG SQL:104 - 
    select
        document0_.id as id0_,
        document0_.name as name0_ 
    from
        documents document0_
14:14:38,815 DEBUG SQL:104 - 
    update
        documents 
    set
        name=? 
    where
        id=?
14:14:38,815 DEBUG SQL:104 - 
    select
        document0_.id as id0_,
        document0_.name as name0_ 
    from
        documents document0_
14:14:38,816 DEBUG SQL:104 - 
    select
        document_.summary as summary0_,
        document_.folder as folder0_,
        document_.owner as owner0_,
        document_.text as text0_,
        document_.lastTextModification as lastText7_0_,
        document_.size_mb * 1024.0 as size8_0_,
        upper(document_.name) as formula81_ 
    from
        documents document_ 
    where
        document_.id=?
14:14:38,832 DEBUG SQL:104 - 
    select
        owner0_.id as id3_0_,
        owner0_.name as name3_0_ 
    from
        owners owner0_ 
    where
        owner0_.id=?
14:14:38,833 DEBUG SQL:104 - 
    select
        document0_.id as id0_,
        document0_.name as name0_ 
    from
        documents document0_
14:14:38,833 DEBUG SQL:104 - 
    select
        document_.summary as summary0_,
        document_.folder as folder0_,
        document_.owner as owner0_,
        document_.text as text0_,
        document_.lastTextModification as lastText7_0_,
        document_.size_mb * 1024.0 as size8_0_,
        upper(document_.name) as formula81_ 
    from
        documents document_ 
    where
        document_.id=?
14:14:38,834 DEBUG SQL:104 - 
    select
        owner0_.id as id3_0_,
        owner0_.name as name3_0_ 
    from
        owners owner0_ 
    where
        owner0_.id=?
14:14:38,834 DEBUG SQL:104 - 
    update
        documents 
    set
        name=?,
        summary=?,
        folder=?,
        owner=?,
        text=?,
        lastTextModification=?,
        size_mb=? / cast( 1024.0 as float ) 
    where
        id=?
14:14:38,835 DEBUG SQL:104 - 
    select
        document0_.id as id0_,
        document0_.name as name0_ 
    from
        documents document0_
14:14:38,836 DEBUG SQL:104 - 
    select
        document_.summary as summary0_,
        document_.folder as folder0_,
        document_.owner as owner0_,
        document_.text as text0_,
        document_.lastTextModification as lastText7_0_,
        document_.size_mb * 1024.0 as size8_0_,
        upper(document_.name) as formula81_ 
    from
        documents document_ 
    where
        document_.id=?
14:14:38,846 DEBUG SQL:104 - 
    select
        owner0_.id as id3_0_,
        owner0_.name as name3_0_ 
    from
        owners owner0_ 
    where
        owner0_.id=?
14:14:38,847 DEBUG SQL:104 - 
    select
        document0_.id as id0_,
        document0_.name as name0_ 
    from
        documents document0_
14:14:38,847 DEBUG SQL:104 - 
    select
        document_.summary as summary0_,
        document_.folder as folder0_,
        document_.owner as owner0_,
        document_.text as text0_,
        document_.lastTextModification as lastText7_0_,
        document_.size_mb * 1024.0 as size8_0_,
        upper(document_.name) as formula81_ 
    from
        documents document_ 
    where
        document_.id=?
14:14:38,848 DEBUG SQL:104 - 
    select
        owner0_.id as id3_0_,
        owner0_.name as name3_0_ 
    from
        owners owner0_ 
    where
        owner0_.id=?
14:14:38,848 DEBUG SQL:104 - 
    select
        document0_.id as id0_,
        document0_.name as name0_ 
    from
        documents document0_
14:14:38,849 DEBUG SQL:104 - 
    update
        documents 
    set
        name=? 
    where
        id=?
14:14:38,849 DEBUG SQL:104 - 
    select
        document_.summary as summary0_,
        document_.folder as folder0_,
        document_.owner as owner0_,
        document_.text as text0_,
        document_.lastTextModification as lastText7_0_,
        document_.size_mb * 1024.0 as size8_0_,
        upper(document_.name) as formula81_ 
    from
        documents document_ 
    where
        document_.id=?
14:14:38,860 DEBUG SQL:104 - 
    select
        owner0_.id as id3_0_,
        owner0_.name as name3_0_ 
    from
        owners owner0_ 
    where
        owner0_.id=?
14:14:38,860 DEBUG SQL:104 - 
    update
        documents 
    set
        name=?,
        summary=?,
        folder=?,
        owner=?,
        text=?,
        lastTextModification=?,
        size_mb=? / cast( 1024.0 as float ) 
    where
        id=?
14:14:38,870 DEBUG SQL:104 - 
    select
        document0_.id as id0_,
        document0_.name as name0_ 
    from
        documents document0_
14:14:38,870 DEBUG SQL:104 - 
    select
        document_.summary as summary0_,
        document_.folder as folder0_,
        document_.owner as owner0_,
        document_.text as text0_,
        document_.lastTextModification as lastText7_0_,
        document_.size_mb * 1024.0 as size8_0_,
        upper(document_.name) as formula81_ 
    from
        documents document_ 
    where
        document_.id=?
14:14:38,871 DEBUG SQL:104 - 
    select
        owner0_.id as id3_0_,
        owner0_.name as name3_0_ 
    from
        owners owner0_ 
    where
        owner0_.id=?
14:14:38,871 DEBUG SQL:104 - 
    select
        document0_.id as id0_0_,
        document0_.name as name0_0_ 
    from
        documents document0_ 
    where
        document0_.id=?
14:14:38,872 DEBUG SQL:104 - 
    select
        document0_.id as id0_,
        document0_.name as name0_ 
    from
        documents document0_
14:14:38,872 DEBUG SQL:104 - 
    select
        document_.summary as summary0_,
        document_.folder as folder0_,
        document_.owner as owner0_,
        document_.text as text0_,
        document_.lastTextModification as lastText7_0_,
        document_.size_mb * 1024.0 as size8_0_,
        upper(document_.name) as formula81_ 
    from
        documents document_ 
    where
        document_.id=?
14:14:38,908 DEBUG SQL:104 - 
    select
        owner0_.id as id3_0_,
        owner0_.name as name3_0_ 
    from
        owners owner0_ 
    where
        owner0_.id=?
14:14:38,909 DEBUG SQL:104 - 
    select
        folder0_.id as id2_0_,
        folder0_.name as name2_0_,
        folder0_.parent as parent2_0_ 
    from
        folders folder0_ 
    where
        folder0_.id=?
14:14:38,909 DEBUG SQL:104 - 
    select
        documents0_.folder as folder2_1_,
        documents0_.id as id0_1_,
        documents0_.id as id0_0_,
        documents0_.name as name0_0_ 
    from
        documents documents0_ 
    where
        documents0_.folder=?
14:14:38,909 DEBUG SQL:104 - 
    delete 
    from
        documents 
    where
        id=?
14:14:38,910 DEBUG SQL:104 - 
    delete 
    from
        folders 
    where
        id=?
14:14:38,910 DEBUG SQL:104 - 
    delete 
    from
        owners 
    where
        id=?
14:14:38,911 DEBUG SQL:104 - 
    insert 
    into
        owners
        (name, id) 
    values
        (?, ?)
14:14:38,911 DEBUG SQL:104 - 
    insert 
    into
        folders
        (name, parent, id) 
    values
        (?, ?, ?)
14:14:38,911 DEBUG SQL:104 - 
    insert 
    into
        documents
        (name, summary, folder, owner, text, lastTextModification, size_mb, id) 
    values
        (?, ?, ?, ?, ?, ?, ? / cast( 1024.0 as float ), ?)
14:14:38,911 DEBUG SQL:104 - 
    select
        document0_.id as id0_0_,
        document0_.name as name0_0_ 
    from
        documents document0_ 
    where
        document0_.id=?
14:14:38,912 DEBUG SQL:104 - 
    select
        document_.summary as summary0_,
        document_.folder as folder0_,
        document_.owner as owner0_,
        document_.text as text0_,
        document_.lastTextModification as lastText7_0_,
        document_.size_mb * 1024.0 as size8_0_,
        upper(document_.name) as formula81_ 
    from
        documents document_ 
    where
        document_.id=?
14:14:38,912 DEBUG SQL:104 - 
    select
        owner0_.id as id3_0_,
        owner0_.name as name3_0_ 
    from
        owners owner0_ 
    where
        owner0_.id=?
14:14:38,930 DEBUG SQL:104 - 
    select
        document0_.id as id0_,
        document0_.name as name0_ 
    from
        documents document0_
14:14:38,931 DEBUG SQL:104 - 
    select
        document_.summary as summary0_,
        document_.folder as folder0_,
        document_.owner as owner0_,
        document_.text as text0_,
        document_.lastTextModification as lastText7_0_,
        document_.size_mb * 1024.0 as size8_0_,
        upper(document_.name) as formula81_ 
    from
        documents document_ 
    where
        document_.id=?
14:14:38,931 DEBUG SQL:104 - 
    select
        owner0_.id as id3_0_,
        owner0_.name as name3_0_ 
    from
        owners owner0_ 
    where
        owner0_.id=?
14:14:38,940 DEBUG SQL:104 - 
    select
        document0_.id as id0_,
        document0_.name as name0_ 
    from
        documents document0_
14:14:38,940 DEBUG SQL:104 - 
    select
        document_.summary as summary0_,
        document_.folder as folder0_,
        document_.owner as owner0_,
        document_.text as text0_,
        document_.lastTextModification as lastText7_0_,
        document_.size_mb * 1024.0 as size8_0_,
        upper(document_.name) as formula81_ 
    from
        documents document_ 
    where
        document_.id=?
14:14:38,941 DEBUG SQL:104 - 
    select
        owner0_.id as id3_0_,
        owner0_.name as name3_0_ 
    from
        owners owner0_ 
    where
        owner0_.id=?
14:14:38,941 DEBUG SQL:104 - 
    select
        document0_.id as id0_,
        document0_.name as name0_ 
    from
        documents document0_
14:14:38,950 DEBUG SQL:104 - 
    update
        documents 
    set
        name=? 
    where
        id=?
14:14:38,951 DEBUG SQL:104 - 
    select
        document0_.id as id0_,
        document0_.name as name0_ 
    from
        documents document0_
14:14:38,951 DEBUG SQL:104 - 
    select
        document_.summary as summary0_,
        document_.folder as folder0_,
        document_.owner as owner0_,
        document_.text as text0_,
        document_.lastTextModification as lastText7_0_,
        document_.size_mb * 1024.0 as size8_0_,
        upper(document_.name) as formula81_ 
    from
        documents document_ 
    where
        document_.id=?
14:14:38,951 DEBUG SQL:104 - 
    select
        owner0_.id as id3_0_,
        owner0_.name as name3_0_ 
    from
        owners owner0_ 
    where
        owner0_.id=?
14:14:38,960 DEBUG SQL:104 - 
    select
        document0_.id as id0_,
        document0_.name as name0_ 
    from
        documents document0_
14:14:38,961 DEBUG SQL:104 - 
    select
        document_.summary as summary0_,
        document_.folder as folder0_,
        document_.owner as owner0_,
        document_.text as text0_,
        document_.lastTextModification as lastText7_0_,
        document_.size_mb * 1024.0 as size8_0_,
        upper(document_.name) as formula81_ 
    from
        documents document_ 
    where
        document_.id=?
14:14:38,961 DEBUG SQL:104 - 
    select
        owner0_.id as id3_0_,
        owner0_.name as name3_0_ 
    from
        owners owner0_ 
    where
        owner0_.id=?
14:14:38,974 DEBUG SQL:104 - 
    update
        documents 
    set
        name=?,
        summary=?,
        folder=?,
        owner=?,
        text=?,
        lastTextModification=?,
        size_mb=? / cast( 1024.0 as float ) 
    where
        id=?
14:14:38,975 DEBUG SQL:104 - 
    select
        document0_.id as id0_,
        document0_.name as name0_ 
    from
        documents document0_
14:14:38,976 DEBUG SQL:104 - 
    select
        document_.summary as summary0_,
        document_.folder as folder0_,
        document_.owner as owner0_,
        document_.text as text0_,
        document_.lastTextModification as lastText7_0_,
        document_.size_mb * 1024.0 as size8_0_,
        upper(document_.name) as formula81_ 
    from
        documents document_ 
    where
        document_.id=?
14:14:38,976 DEBUG SQL:104 - 
    select
        owner0_.id as id3_0_,
        owner0_.name as name3_0_ 
    from
        owners owner0_ 
    where
        owner0_.id=?
14:14:38,976 DEBUG SQL:104 - 
    select
        document0_.id as id0_,
        document0_.name as name0_ 
    from
        documents document0_
14:14:38,977 DEBUG SQL:104 - 
    select
        document_.summary as summary0_,
        document_.folder as folder0_,
        document_.owner as owner0_,
        document_.text as text0_,
        document_.lastTextModification as lastText7_0_,
        document_.size_mb * 1024.0 as size8_0_,
        upper(document_.name) as formula81_ 
    from
        documents document_ 
    where
        document_.id=?
14:14:38,987 DEBUG SQL:104 - 
    select
        owner0_.id as id3_0_,
        owner0_.name as name3_0_ 
    from
        owners owner0_ 
    where
        owner0_.id=?
14:14:38,988 DEBUG SQL:104 - 
    select
        document0_.id as id0_,
        document0_.name as name0_ 
    from
        documents document0_
14:14:38,989 DEBUG SQL:104 - 
    update
        documents 
    set
        name=? 
    where
        id=?
14:14:38,989 DEBUG SQL:104 - 
    select
        document_.summary as summary0_,
        document_.folder as folder0_,
        document_.owner as owner0_,
        document_.text as text0_,
        document_.lastTextModification as lastText7_0_,
        document_.size_mb * 1024.0 as size8_0_,
        upper(document_.name) as formula81_ 
    from
        documents document_ 
    where
        document_.id=?
14:14:38,998 DEBUG SQL:104 - 
    select
        owner0_.id as id3_0_,
        owner0_.name as name3_0_ 
    from
        owners owner0_ 
    where
        owner0_.id=?
14:14:38,998 DEBUG SQL:104 - 
    update
        documents 
    set
        name=?,
        summary=?,
        folder=?,
        owner=?,
        text=?,
        lastTextModification=?,
        size_mb=? / cast( 1024.0 as float ) 
    where
        id=?
14:14:38,999 DEBUG SQL:104 - 
    select
        document0_.id as id0_,
        document0_.name as name0_ 
    from
        documents document0_
14:14:39,000 DEBUG SQL:104 - 
    select
        document_.summary as summary0_,
        document_.folder as folder0_,
        document_.owner as owner0_,
        document_.text as text0_,
        document_.lastTextModification as lastText7_0_,
        document_.size_mb * 1024.0 as size8_0_,
        upper(document_.name) as formula81_ 
    from
        documents document_ 
    where
        document_.id=?
14:14:39,019 DEBUG SQL:104 - 
    select
        owner0_.id as id3_0_,
        owner0_.name as name3_0_ 
    from
        owners owner0_ 
    where
        owner0_.id=?
14:14:39,020 DEBUG SQL:104 - 
    select
        document0_.id as id0_0_,
        document0_.name as name0_0_ 
    from
        documents document0_ 
    where
        document0_.id=?
14:14:39,021 DEBUG SQL:104 - 
    select
        document0_.id as id0_,
        document0_.name as name0_ 
    from
        documents document0_
14:14:39,021 DEBUG SQL:104 - 
    select
        document_.summary as summary0_,
        document_.folder as folder0_,
        document_.owner as owner0_,
        document_.text as text0_,
        document_.lastTextModification as lastText7_0_,
        document_.size_mb * 1024.0 as size8_0_,
        upper(document_.name) as formula81_ 
    from
        documents document_ 
    where
        document_.id=?
14:14:39,029 DEBUG SQL:104 - 
    select
        owner0_.id as id3_0_,
        owner0_.name as name3_0_ 
    from
        owners owner0_ 
    where
        owner0_.id=?
14:14:39,030 DEBUG SQL:104 - 
    select
        folder0_.id as id2_0_,
        folder0_.name as name2_0_,
        folder0_.parent as parent2_0_ 
    from
        folders folder0_ 
    where
        folder0_.id=?
14:14:39,030 DEBUG SQL:104 - 
    select
        documents0_.folder as folder2_1_,
        documents0_.id as id0_1_,
        documents0_.id as id0_0_,
        documents0_.name as name0_0_ 
    from
        documents documents0_ 
    where
        documents0_.folder=?
14:14:39,040 DEBUG SQL:104 - 
    delete 
    from
        documents 
    where
        id=?
14:14:39,040 DEBUG SQL:104 - 
    delete 
    from
        folders 
    where
        id=?
14:14:39,041 DEBUG SQL:104 - 
    delete 
    from
        owners 
    where
        id=?
14:14:39,041 DEBUG SQL:104 - 
    insert 
    into
        owners
        (name, id) 
    values
        (?, ?)
14:14:39,041 DEBUG SQL:104 - 
    insert 
    into
        folders
        (name, parent, id) 
    values
        (?, ?, ?)
14:14:39,050 DEBUG SQL:104 - 
    insert 
    into
        documents
        (name, summary, folder, owner, text, lastTextModification, size_mb, id) 
    values
        (?, ?, ?, ?, ?, ?, ? / cast( 1024.0 as float ), ?)
14:14:39,050 DEBUG SQL:104 - 
    select
        document0_.id as id0_0_,
        document0_.name as name0_0_ 
    from
        documents document0_ 
    where
        document0_.id=?
14:14:39,051 DEBUG SQL:104 - 
    select
        document_.summary as summary0_,
        document_.folder as folder0_,
        document_.owner as owner0_,
        document_.text as text0_,
        document_.lastTextModification as lastText7_0_,
        document_.size_mb * 1024.0 as size8_0_,
        upper(document_.name) as formula81_ 
    from
        documents document_ 
    where
        document_.id=?
14:14:39,060 DEBUG SQL:104 - 
    select
        owner0_.id as id3_0_,
        owner0_.name as name3_0_ 
    from
        owners owner0_ 
    where
        owner0_.id=?
14:14:39,061 DEBUG SQL:104 - 
    select
        document0_.id as id0_,
        document0_.name as name0_ 
    from
        documents document0_
14:14:39,061 DEBUG SQL:104 - 
    select
        document_.summary as summary0_,
        document_.folder as folder0_,
        document_.owner as owner0_,
        document_.text as text0_,
        document_.lastTextModification as lastText7_0_,
        document_.size_mb * 1024.0 as size8_0_,
        upper(document_.name) as formula81_ 
    from
        documents document_ 
    where
        document_.id=?
14:14:39,061 DEBUG SQL:104 - 
    select
        owner0_.id as id3_0_,
        owner0_.name as name3_0_ 
    from
        owners owner0_ 
    where
        owner0_.id=?
14:14:39,070 DEBUG SQL:104 - 
    select
        document0_.id as id0_,
        document0_.name as name0_ 
    from
        documents document0_
14:14:39,071 DEBUG SQL:104 - 
    select
        document_.summary as summary0_,
        document_.folder as folder0_,
        document_.owner as owner0_,
        document_.text as text0_,
        document_.lastTextModification as lastText7_0_,
        document_.size_mb * 1024.0 as size8_0_,
        upper(document_.name) as formula81_ 
    from
        documents document_ 
    where
        document_.id=?
14:14:39,071 DEBUG SQL:104 - 
    select
        owner0_.id as id3_0_,
        owner0_.name as name3_0_ 
    from
        owners owner0_ 
    where
        owner0_.id=?
14:14:39,080 DEBUG SQL:104 - 
    select
        document0_.id as id0_,
        document0_.name as name0_ 
    from
        documents document0_
14:14:39,081 DEBUG SQL:104 - 
    update
        documents 
    set
        name=? 
    where
        id=?
14:14:39,081 DEBUG SQL:104 - 
    select
        document0_.id as id0_,
        document0_.name as name0_ 
    from
        documents document0_
14:14:39,081 DEBUG SQL:104 - 
    select
        document_.summary as summary0_,
        document_.folder as folder0_,
        document_.owner as owner0_,
        document_.text as text0_,
        document_.lastTextModification as lastText7_0_,
        document_.size_mb * 1024.0 as size8_0_,
        upper(document_.name) as formula81_ 
    from
        documents document_ 
    where
        document_.id=?
14:14:39,092 DEBUG SQL:104 - 
    select
        owner0_.id as id3_0_,
        owner0_.name as name3_0_ 
    from
        owners owner0_ 
    where
        owner0_.id=?
14:14:39,093 DEBUG SQL:104 - 
    select
        document0_.id as id0_,
        document0_.name as name0_ 
    from
        documents document0_
14:14:39,093 DEBUG SQL:104 - 
    select
        document_.summary as summary0_,
        document_.folder as folder0_,
        document_.owner as owner0_,
        document_.text as text0_,
        document_.lastTextModification as lastText7_0_,
        document_.size_mb * 1024.0 as size8_0_,
        upper(document_.name) as formula81_ 
    from
        documents document_ 
    where
        document_.id=?
14:14:39,104 DEBUG SQL:104 - 
    select
        owner0_.id as id3_0_,
        owner0_.name as name3_0_ 
    from
        owners owner0_ 
    where
        owner0_.id=?
14:14:39,104 DEBUG SQL:104 - 
    update
        documents 
    set
        name=?,
        summary=?,
        folder=?,
        owner=?,
        text=?,
        lastTextModification=?,
        size_mb=? / cast( 1024.0 as float ) 
    where
        id=?
14:14:39,105 DEBUG SQL:104 - 
    select
        document0_.id as id0_,
        document0_.name as name0_ 
    from
        documents document0_
14:14:39,105 DEBUG SQL:104 - 
    select
        document_.summary as summary0_,
        document_.folder as folder0_,
        document_.owner as owner0_,
        document_.text as text0_,
        document_.lastTextModification as lastText7_0_,
        document_.size_mb * 1024.0 as size8_0_,
        upper(document_.name) as formula81_ 
    from
        documents document_ 
    where
        document_.id=?
14:14:39,105 DEBUG SQL:104 - 
    select
        owner0_.id as id3_0_,
        owner0_.name as name3_0_ 
    from
        owners owner0_ 
    where
        owner0_.id=?
14:14:39,106 DEBUG SQL:104 - 
    select
        document0_.id as id0_,
        document0_.name as name0_ 
    from
        documents document0_
14:14:39,106 DEBUG SQL:104 - 
    select
        document_.summary as summary0_,
        document_.folder as folder0_,
        document_.owner as owner0_,
        document_.text as text0_,
        document_.lastTextModification as lastText7_0_,
        document_.size_mb * 1024.0 as size8_0_,
        upper(document_.name) as formula81_ 
    from
        documents document_ 
    where
        document_.id=?
14:14:39,119 DEBUG SQL:104 - 
    select
        owner0_.id as id3_0_,
        owner0_.name as name3_0_ 
    from
        owners owner0_ 
    where
        owner0_.id=?
14:14:39,119 DEBUG SQL:104 - 
    select
        document0_.id as id0_,
        document0_.name as name0_ 
    from
        documents document0_
14:14:39,120 DEBUG SQL:104 - 
    update
        documents 
    set
        name=? 
    where
        id=?
14:14:39,120 DEBUG SQL:104 - 
    select
        document_.summary as summary0_,
        document_.folder as folder0_,
        document_.owner as owner0_,
        document_.text as text0_,
        document_.lastTextModification as lastText7_0_,
        document_.size_mb * 1024.0 as size8_0_,
        upper(document_.name) as formula81_ 
    from
        documents document_ 
    where
        document_.id=?
14:14:39,132 DEBUG SQL:104 - 
    select
        owner0_.id as id3_0_,
        owner0_.name as name3_0_ 
    from
        owners owner0_ 
    where
        owner0_.id=?
14:14:39,132 DEBUG SQL:104 - 
    update
        documents 
    set
        name=?,
        summary=?,
        folder=?,
        owner=?,
        text=?,
        lastTextModification=?,
        size_mb=? / cast( 1024.0 as float ) 
    where
        id=?
14:14:39,133 DEBUG SQL:104 - 
    select
        document0_.id as id0_,
        document0_.name as name0_ 
    from
        documents document0_
14:14:39,133 DEBUG SQL:104 - 
    select
        document_.summary as summary0_,
        document_.folder as folder0_,
        document_.owner as owner0_,
        document_.text as text0_,
        document_.lastTextModification as lastText7_0_,
        document_.size_mb * 1024.0 as size8_0_,
        upper(document_.name) as formula81_ 
    from
        documents document_ 
    where
        document_.id=?
14:14:39,157 DEBUG SQL:104 - 
    select
        owner0_.id as id3_0_,
        owner0_.name as name3_0_ 
    from
        owners owner0_ 
    where
        owner0_.id=?
14:14:39,158 DEBUG SQL:104 - 
    select
        document0_.id as id0_0_,
        document0_.name as name0_0_ 
    from
        documents document0_ 
    where
        document0_.id=?
14:14:39,159 DEBUG SQL:104 - 
    select
        document0_.id as id0_,
        document0_.name as name0_ 
    from
        documents document0_
14:14:39,159 DEBUG SQL:104 - 
    select
        document_.summary as summary0_,
        document_.folder as folder0_,
        document_.owner as owner0_,
        document_.text as text0_,
        document_.lastTextModification as lastText7_0_,
        document_.size_mb * 1024.0 as size8_0_,
        upper(document_.name) as formula81_ 
    from
        documents document_ 
    where
        document_.id=?
14:14:39,168 DEBUG SQL:104 - 
    select
        owner0_.id as id3_0_,
        owner0_.name as name3_0_ 
    from
        owners owner0_ 
    where
        owner0_.id=?
14:14:39,169 DEBUG SQL:104 - 
    select
        folder0_.id as id2_0_,
        folder0_.name as name2_0_,
        folder0_.parent as parent2_0_ 
    from
        folders folder0_ 
    where
        folder0_.id=?
14:14:39,169 DEBUG SQL:104 - 
    select
        documents0_.folder as folder2_1_,
        documents0_.id as id0_1_,
        documents0_.id as id0_0_,
        documents0_.name as name0_0_ 
    from
        documents documents0_ 
    where
        documents0_.folder=?
14:14:39,179 DEBUG SQL:104 - 
    delete 
    from
        documents 
    where
        id=?
14:14:39,179 DEBUG SQL:104 - 
    delete 
    from
        folders 
    where
        id=?
14:14:39,179 DEBUG SQL:104 - 
    delete 
    from
        owners 
    where
        id=?
14:14:39,180 DEBUG SQL:104 - 
    insert 
    into
        owners
        (name, id) 
    values
        (?, ?)
14:14:39,189 DEBUG SQL:104 - 
    insert 
    into
        folders
        (name, parent, id) 
    values
        (?, ?, ?)
14:14:39,189 DEBUG SQL:104 - 
    insert 
    into
        documents
        (name, summary, folder, owner, text, lastTextModification, size_mb, id) 
    values
        (?, ?, ?, ?, ?, ?, ? / cast( 1024.0 as float ), ?)
14:14:39,190 DEBUG SQL:104 - 
    select
        document0_.id as id0_0_,
        document0_.name as name0_0_ 
    from
        documents document0_ 
    where
        document0_.id=?
14:14:39,190 DEBUG SQL:104 - 
    select
        document_.summary as summary0_,
        document_.folder as folder0_,
        document_.owner as owner0_,
        document_.text as text0_,
        document_.lastTextModification as lastText7_0_,
        document_.size_mb * 1024.0 as size8_0_,
        upper(document_.name) as formula81_ 
    from
        documents document_ 
    where
        document_.id=?
14:14:39,202 DEBUG SQL:104 - 
    select
        owner0_.id as id3_0_,
        owner0_.name as name3_0_ 
    from
        owners owner0_ 
    where
        owner0_.id=?
14:14:39,202 DEBUG SQL:104 - 
    select
        document0_.id as id0_,
        document0_.name as name0_ 
    from
        documents document0_
14:14:39,203 DEBUG SQL:104 - 
    select
        document_.summary as summary0_,
        document_.folder as folder0_,
        document_.owner as owner0_,
        document_.text as text0_,
        document_.lastTextModification as lastText7_0_,
        document_.size_mb * 1024.0 as size8_0_,
        upper(document_.name) as formula81_ 
    from
        documents document_ 
    where
        document_.id=?
14:14:39,211 DEBUG SQL:104 - 
    select
        owner0_.id as id3_0_,
        owner0_.name as name3_0_ 
    from
        owners owner0_ 
    where
        owner0_.id=?
14:14:39,212 DEBUG SQL:104 - 
    select
        document0_.id as id0_,
        document0_.name as name0_ 
    from
        documents document0_
14:14:39,212 DEBUG SQL:104 - 
    select
        document_.summary as summary0_,
        document_.folder as folder0_,
        document_.owner as owner0_,
        document_.text as text0_,
        document_.lastTextModification as lastText7_0_,
        document_.size_mb * 1024.0 as size8_0_,
        upper(document_.name) as formula81_ 
    from
        documents document_ 
    where
        document_.id=?
14:14:39,213 DEBUG SQL:104 - 
    select
        owner0_.id as id3_0_,
        owner0_.name as name3_0_ 
    from
        owners owner0_ 
    where
        owner0_.id=?
14:14:39,223 DEBUG SQL:104 - 
    select
        document0_.id as id0_,
        document0_.name as name0_ 
    from
        documents document0_
14:14:39,224 DEBUG SQL:104 - 
    update
        documents 
    set
        name=? 
    where
        id=?
14:14:39,225 DEBUG SQL:104 - 
    select
        document0_.id as id0_,
        document0_.name as name0_ 
    from
        documents document0_
14:14:39,225 DEBUG SQL:104 - 
    select
        document_.summary as summary0_,
        document_.folder as folder0_,
        document_.owner as owner0_,
        document_.text as text0_,
        document_.lastTextModification as lastText7_0_,
        document_.size_mb * 1024.0 as size8_0_,
        upper(document_.name) as formula81_ 
    from
        documents document_ 
    where
        document_.id=?
14:14:39,226 DEBUG SQL:104 - 
    select
        owner0_.id as id3_0_,
        owner0_.name as name3_0_ 
    from
        owners owner0_ 
    where
        owner0_.id=?
14:14:39,226 DEBUG SQL:104 - 
    select
        document0_.id as id0_,
        document0_.name as name0_ 
    from
        documents document0_
14:14:39,226 DEBUG SQL:104 - 
    select
        document_.summary as summary0_,
        document_.folder as folder0_,
        document_.owner as owner0_,
        document_.text as text0_,
        document_.lastTextModification as lastText7_0_,
        document_.size_mb * 1024.0 as size8_0_,
        upper(document_.name) as formula81_ 
    from
        documents document_ 
    where
        document_.id=?
14:14:39,237 DEBUG SQL:104 - 
    select
        owner0_.id as id3_0_,
        owner0_.name as name3_0_ 
    from
        owners owner0_ 
    where
        owner0_.id=?
14:14:39,238 DEBUG SQL:104 - 
    update
        documents 
    set
        name=?,
        summary=?,
        folder=?,
        owner=?,
        text=?,
        lastTextModification=?,
        size_mb=? / cast( 1024.0 as float ) 
    where
        id=?
14:14:39,239 DEBUG SQL:104 - 
    select
        document0_.id as id0_,
        document0_.name as name0_ 
    from
        documents document0_
14:14:39,247 DEBUG SQL:104 - 
    select
        document_.summary as summary0_,
        document_.folder as folder0_,
        document_.owner as owner0_,
        document_.text as text0_,
        document_.lastTextModification as lastText7_0_,
        document_.size_mb * 1024.0 as size8_0_,
        upper(document_.name) as formula81_ 
    from
        documents document_ 
    where
        document_.id=?
14:14:39,248 DEBUG SQL:104 - 
    select
        owner0_.id as id3_0_,
        owner0_.name as name3_0_ 
    from
        owners owner0_ 
    where
        owner0_.id=?
14:14:39,249 DEBUG SQL:104 - 
    select
        document0_.id as id0_,
        document0_.name as name0_ 
    from
        documents document0_
14:14:39,249 DEBUG SQL:104 - 
    select
        document_.summary as summary0_,
        document_.folder as folder0_,
        document_.owner as owner0_,
        document_.text as text0_,
        document_.lastTextModification as lastText7_0_,
        document_.size_mb * 1024.0 as size8_0_,
        upper(document_.name) as formula81_ 
    from
        documents document_ 
    where
        document_.id=?
14:14:39,249 DEBUG SQL:104 - 
    select
        owner0_.id as id3_0_,
        owner0_.name as name3_0_ 
    from
        owners owner0_ 
    where
        owner0_.id=?
14:14:39,272 DEBUG SQL:104 - 
    select
        document0_.id as id0_,
        document0_.name as name0_ 
    from
        documents document0_
14:14:39,273 DEBUG SQL:104 - 
    update
        documents 
    set
        name=? 
    where
        id=?
14:14:39,273 DEBUG SQL:104 - 
    select
        document_.summary as summary0_,
        document_.folder as folder0_,
        document_.owner as owner0_,
        document_.text as text0_,
        document_.lastTextModification as lastText7_0_,
        document_.size_mb * 1024.0 as size8_0_,
        upper(document_.name) as formula81_ 
    from
        documents document_ 
    where
        document_.id=?
14:14:39,274 DEBUG SQL:104 - 
    select
        owner0_.id as id3_0_,
        owner0_.name as name3_0_ 
    from
        owners owner0_ 
    where
        owner0_.id=?
14:14:39,282 DEBUG SQL:104 - 
    update
        documents 
    set
        name=?,
        summary=?,
        folder=?,
        owner=?,
        text=?,
        lastTextModification=?,
        size_mb=? / cast( 1024.0 as float ) 
    where
        id=?
14:14:39,283 DEBUG SQL:104 - 
    select
        document0_.id as id0_,
        document0_.name as name0_ 
    from
        documents document0_
14:14:39,283 DEBUG SQL:104 - 
    select
        document_.summary as summary0_,
        document_.folder as folder0_,
        document_.owner as owner0_,
        document_.text as text0_,
        document_.lastTextModification as lastText7_0_,
        document_.size_mb * 1024.0 as size8_0_,
        upper(document_.name) as formula81_ 
    from
        documents document_ 
    where
        document_.id=?
14:14:39,292 DEBUG SQL:104 - 
    select
        owner0_.id as id3_0_,
        owner0_.name as name3_0_ 
    from
        owners owner0_ 
    where
        owner0_.id=?
14:14:39,293 DEBUG SQL:104 - 
    select
        document0_.id as id0_0_,
        document0_.name as name0_0_ 
    from
        documents document0_ 
    where
        document0_.id=?
14:14:39,294 DEBUG SQL:104 - 
    select
        document0_.id as id0_,
        document0_.name as name0_ 
    from
        documents document0_
14:14:39,303 DEBUG SQL:104 - 
    select
        document_.summary as summary0_,
        document_.folder as folder0_,
        document_.owner as owner0_,
        document_.text as text0_,
        document_.lastTextModification as lastText7_0_,
        document_.size_mb * 1024.0 as size8_0_,
        upper(document_.name) as formula81_ 
    from
        documents document_ 
    where
        document_.id=?
14:14:39,303 DEBUG SQL:104 - 
    select
        owner0_.id as id3_0_,
        owner0_.name as name3_0_ 
    from
        owners owner0_ 
    where
        owner0_.id=?
14:14:39,303 DEBUG SQL:104 - 
    select
        folder0_.id as id2_0_,
        folder0_.name as name2_0_,
        folder0_.parent as parent2_0_ 
    from
        folders folder0_ 
    where
        folder0_.id=?
14:14:39,313 DEBUG SQL:104 - 
    select
        documents0_.folder as folder2_1_,
        documents0_.id as id0_1_,
        documents0_.id as id0_0_,
        documents0_.name as name0_0_ 
    from
        documents documents0_ 
    where
        documents0_.folder=?
14:14:39,313 DEBUG SQL:104 - 
    delete 
    from
        documents 
    where
        id=?
14:14:39,314 DEBUG SQL:104 - 
    delete 
    from
        folders 
    where
        id=?
14:14:39,314 DEBUG SQL:104 - 
    delete 
    from
        owners 
    where
        id=?
14:14:39,315 DEBUG SQL:104 - 
    insert 
    into
        owners
        (name, id) 
    values
        (?, ?)
14:14:39,323 DEBUG SQL:104 - 
    insert 
    into
        folders
        (name, parent, id) 
    values
        (?, ?, ?)
14:14:39,323 DEBUG SQL:104 - 
    insert 
    into
        documents
        (name, summary, folder, owner, text, lastTextModification, size_mb, id) 
    values
        (?, ?, ?, ?, ?, ?, ? / cast( 1024.0 as float ), ?)
14:14:39,324 DEBUG SQL:104 - 
    select
        document0_.id as id0_0_,
        document0_.name as name0_0_ 
    from
        documents document0_ 
    where
        document0_.id=?
14:14:39,324 DEBUG SQL:104 - 
    select
        document_.summary as summary0_,
        document_.folder as folder0_,
        document_.owner as owner0_,
        document_.text as text0_,
        document_.lastTextModification as lastText7_0_,
        document_.size_mb * 1024.0 as size8_0_,
        upper(document_.name) as formula81_ 
    from
        documents document_ 
    where
        document_.id=?
14:14:39,334 DEBUG SQL:104 - 
    select
        owner0_.id as id3_0_,
        owner0_.name as name3_0_ 
    from
        owners owner0_ 
    where
        owner0_.id=?
14:14:39,335 DEBUG SQL:104 - 
    select
        document0_.id as id0_,
        document0_.name as name0_ 
    from
        documents document0_
14:14:39,335 DEBUG SQL:104 - 
    select
        document_.summary as summary0_,
        document_.folder as folder0_,
        document_.owner as owner0_,
        document_.text as text0_,
        document_.lastTextModification as lastText7_0_,
        document_.size_mb * 1024.0 as size8_0_,
        upper(document_.name) as formula81_ 
    from
        documents document_ 
    where
        document_.id=?
14:14:39,344 DEBUG SQL:104 - 
    select
        owner0_.id as id3_0_,
        owner0_.name as name3_0_ 
    from
        owners owner0_ 
    where
        owner0_.id=?
14:14:39,345 DEBUG SQL:104 - 
    select
        document0_.id as id0_,
        document0_.name as name0_ 
    from
        documents document0_
14:14:39,345 DEBUG SQL:104 - 
    select
        document_.summary as summary0_,
        document_.folder as folder0_,
        document_.owner as owner0_,
        document_.text as text0_,
        document_.lastTextModification as lastText7_0_,
        document_.size_mb * 1024.0 as size8_0_,
        upper(document_.name) as formula81_ 
    from
        documents document_ 
    where
        document_.id=?
14:14:39,354 DEBUG SQL:104 - 
    select
        owner0_.id as id3_0_,
        owner0_.name as name3_0_ 
    from
        owners owner0_ 
    where
        owner0_.id=?
14:14:39,355 DEBUG SQL:104 - 
    select
        document0_.id as id0_,
        document0_.name as name0_ 
    from
        documents document0_
14:14:39,355 DEBUG SQL:104 - 
    update
        documents 
    set
        name=? 
    where
        id=?
14:14:39,356 DEBUG SQL:104 - 
    select
        document0_.id as id0_,
        document0_.name as name0_ 
    from
        documents document0_
14:14:39,356 DEBUG SQL:104 - 
    select
        document_.summary as summary0_,
        document_.folder as folder0_,
        document_.owner as owner0_,
        document_.text as text0_,
        document_.lastTextModification as lastText7_0_,
        document_.size_mb * 1024.0 as size8_0_,
        upper(document_.name) as formula81_ 
    from
        documents document_ 
    where
        document_.id=?
14:14:39,356 DEBUG SQL:104 - 
    select
        owner0_.id as id3_0_,
        owner0_.name as name3_0_ 
    from
        owners owner0_ 
    where
        owner0_.id=?
14:14:39,357 DEBUG SQL:104 - 
    select
        document0_.id as id0_,
        document0_.name as name0_ 
    from
        documents document0_
14:14:39,357 DEBUG SQL:104 - 
    select
        document_.summary as summary0_,
        document_.folder as folder0_,
        document_.owner as owner0_,
        document_.text as text0_,
        document_.lastTextModification as lastText7_0_,
        document_.size_mb * 1024.0 as size8_0_,
        upper(document_.name) as formula81_ 
    from
        documents document_ 
    where
        document_.id=?
14:14:39,366 DEBUG SQL:104 - 
    select
        owner0_.id as id3_0_,
        owner0_.name as name3_0_ 
    from
        owners owner0_ 
    where
        owner0_.id=?
14:14:39,367 DEBUG SQL:104 - 
    update
        documents 
    set
        name=?,
        summary=?,
        folder=?,
        owner=?,
        text=?,
        lastTextModification=?,
        size_mb=? / cast( 1024.0 as float ) 
    where
        id=?
14:14:39,367 DEBUG SQL:104 - 
    select
        document0_.id as id0_,
        document0_.name as name0_ 
    from
        documents document0_
14:14:39,376 DEBUG SQL:104 - 
    select
        document_.summary as summary0_,
        document_.folder as folder0_,
        document_.owner as owner0_,
        document_.text as text0_,
        document_.lastTextModification as lastText7_0_,
        document_.size_mb * 1024.0 as size8_0_,
        upper(document_.name) as formula81_ 
    from
        documents document_ 
    where
        document_.id=?
14:14:39,376 DEBUG SQL:104 - 
    select
        owner0_.id as id3_0_,
        owner0_.name as name3_0_ 
    from
        owners owner0_ 
    where
        owner0_.id=?
14:14:39,377 DEBUG SQL:104 - 
    select
        document0_.id as id0_,
        document0_.name as name0_ 
    from
        documents document0_
14:14:39,377 DEBUG SQL:104 - 
    select
        document_.summary as summary0_,
        document_.folder as folder0_,
        document_.owner as owner0_,
        document_.text as text0_,
        document_.lastTextModification as lastText7_0_,
        document_.size_mb * 1024.0 as size8_0_,
        upper(document_.name) as formula81_ 
    from
        documents document_ 
    where
        document_.id=?
14:14:39,404 DEBUG SQL:104 - 
    select
        owner0_.id as id3_0_,
        owner0_.name as name3_0_ 
    from
        owners owner0_ 
    where
        owner0_.id=?
14:14:39,405 DEBUG SQL:104 - 
    select
        document0_.id as id0_,
        document0_.name as name0_ 
    from
        documents document0_
14:14:39,406 DEBUG SQL:104 - 
    update
        documents 
    set
        name=? 
    where
        id=?
14:14:39,406 DEBUG SQL:104 - 
    select
        document_.summary as summary0_,
        document_.folder as folder0_,
        document_.owner as owner0_,
        document_.text as text0_,
        document_.lastTextModification as lastText7_0_,
        document_.size_mb * 1024.0 as size8_0_,
        upper(document_.name) as formula81_ 
    from
        documents document_ 
    where
        document_.id=?
14:14:39,406 DEBUG SQL:104 - 
    select
        owner0_.id as id3_0_,
        owner0_.name as name3_0_ 
    from
        owners owner0_ 
    where
        owner0_.id=?
14:14:39,407 DEBUG SQL:104 - 
    update
        documents 
    set
        name=?,
        summary=?,
        folder=?,
        owner=?,
        text=?,
        lastTextModification=?,
        size_mb=? / cast( 1024.0 as float ) 
    where
        id=?
14:14:39,407 DEBUG SQL:104 - 
    select
        document0_.id as id0_,
        document0_.name as name0_ 
    from
        documents document0_
14:14:39,408 DEBUG SQL:104 - 
    select
        document_.summary as summary0_,
        document_.folder as folder0_,
        document_.owner as owner0_,
        document_.text as text0_,
        document_.lastTextModification as lastText7_0_,
        document_.size_mb * 1024.0 as size8_0_,
        upper(document_.name) as formula81_ 
    from
        documents document_ 
    where
        document_.id=?
14:14:39,423 DEBUG SQL:104 - 
    select
        owner0_.id as id3_0_,
        owner0_.name as name3_0_ 
    from
        owners owner0_ 
    where
        owner0_.id=?
14:14:39,424 DEBUG SQL:104 - 
    select
        document0_.id as id0_0_,
        document0_.name as name0_0_ 
    from
        documents document0_ 
    where
        document0_.id=?
14:14:39,424 DEBUG SQL:104 - 
    select
        document0_.id as id0_,
        document0_.name as name0_ 
    from
        documents document0_
14:14:39,424 DEBUG SQL:104 - 
    select
        document_.summary as summary0_,
        document_.folder as folder0_,
        document_.owner as owner0_,
        document_.text as text0_,
        document_.lastTextModification as lastText7_0_,
        document_.size_mb * 1024.0 as size8_0_,
        upper(document_.name) as formula81_ 
    from
        documents document_ 
    where
        document_.id=?
14:14:39,431 DEBUG SQL:104 - 
    select
        owner0_.id as id3_0_,
        owner0_.name as name3_0_ 
    from
        owners owner0_ 
    where
        owner0_.id=?
14:14:39,432 DEBUG SQL:104 - 
    select
        folder0_.id as id2_0_,
        folder0_.name as name2_0_,
        folder0_.parent as parent2_0_ 
    from
        folders folder0_ 
    where
        folder0_.id=?
14:14:39,432 DEBUG SQL:104 - 
    select
        documents0_.folder as folder2_1_,
        documents0_.id as id0_1_,
        documents0_.id as id0_0_,
        documents0_.name as name0_0_ 
    from
        documents documents0_ 
    where
        documents0_.folder=?
14:14:39,439 DEBUG SQL:104 - 
    delete 
    from
        documents 
    where
        id=?
14:14:39,440 DEBUG SQL:104 - 
    delete 
    from
        folders 
    where
        id=?
14:14:39,440 DEBUG SQL:104 - 
    delete 
    from
        owners 
    where
        id=?
14:14:39,441 DEBUG SQL:104 - 
    insert 
    into
        owners
        (name, id) 
    values
        (?, ?)
14:14:39,441 DEBUG SQL:104 - 
    insert 
    into
        folders
        (name, parent, id) 
    values
        (?, ?, ?)
14:14:39,452 DEBUG SQL:104 - 
    insert 
    into
        documents
        (name, summary, folder, owner, text, lastTextModification, size_mb, id) 
    values
        (?, ?, ?, ?, ?, ?, ? / cast( 1024.0 as float ), ?)
14:14:39,452 DEBUG SQL:104 - 
    select
        document0_.id as id0_0_,
        document0_.name as name0_0_ 
    from
        documents document0_ 
    where
        document0_.id=?
14:14:39,453 DEBUG SQL:104 - 
    select
        document_.summary as summary0_,
        document_.folder as folder0_,
        document_.owner as owner0_,
        document_.text as text0_,
        document_.lastTextModification as lastText7_0_,
        document_.size_mb * 1024.0 as size8_0_,
        upper(document_.name) as formula81_ 
    from
        documents document_ 
    where
        document_.id=?
14:14:39,462 DEBUG SQL:104 - 
    select
        owner0_.id as id3_0_,
        owner0_.name as name3_0_ 
    from
        owners owner0_ 
    where
        owner0_.id=?
14:14:39,464 DEBUG SQL:104 - 
    select
        document0_.id as id0_,
        document0_.name as name0_ 
    from
        documents document0_
14:14:39,464 DEBUG SQL:104 - 
    select
        document_.summary as summary0_,
        document_.folder as folder0_,
        document_.owner as owner0_,
        document_.text as text0_,
        document_.lastTextModification as lastText7_0_,
        document_.size_mb * 1024.0 as size8_0_,
        upper(document_.name) as formula81_ 
    from
        documents document_ 
    where
        document_.id=?
14:14:39,464 DEBUG SQL:104 - 
    select
        owner0_.id as id3_0_,
        owner0_.name as name3_0_ 
    from
        owners owner0_ 
    where
        owner0_.id=?
14:14:39,476 DEBUG SQL:104 - 
    select
        document0_.id as id0_,
        document0_.name as name0_ 
    from
        documents document0_
14:14:39,477 DEBUG SQL:104 - 
    select
        document_.summary as summary0_,
        document_.folder as folder0_,
        document_.owner as owner0_,
        document_.text as text0_,
        document_.lastTextModification as lastText7_0_,
        document_.size_mb * 1024.0 as size8_0_,
        upper(document_.name) as formula81_ 
    from
        documents document_ 
    where
        document_.id=?
14:14:39,477 DEBUG SQL:104 - 
    select
        owner0_.id as id3_0_,
        owner0_.name as name3_0_ 
    from
        owners owner0_ 
    where
        owner0_.id=?
14:14:39,492 DEBUG SQL:104 - 
    select
        document0_.id as id0_,
        document0_.name as name0_ 
    from
        documents document0_
14:14:39,493 DEBUG SQL:104 - 
    update
        documents 
    set
        name=? 
    where
        id=?
14:14:39,493 DEBUG SQL:104 - 
    select
        document0_.id as id0_,
        document0_.name as name0_ 
    from
        documents document0_
14:14:39,493 DEBUG SQL:104 - 
    select
        document_.summary as summary0_,
        document_.folder as folder0_,
        document_.owner as owner0_,
        document_.text as text0_,
        document_.lastTextModification as lastText7_0_,
        document_.size_mb * 1024.0 as size8_0_,
        upper(document_.name) as formula81_ 
    from
        documents document_ 
    where
        document_.id=?
14:14:39,494 DEBUG SQL:104 - 
    select
        owner0_.id as id3_0_,
        owner0_.name as name3_0_ 
    from
        owners owner0_ 
    where
        owner0_.id=?
14:14:39,494 DEBUG SQL:104 - 
    select
        document0_.id as id0_,
        document0_.name as name0_ 
    from
        documents document0_
14:14:39,494 DEBUG SQL:104 - 
    select
        document_.summary as summary0_,
        document_.folder as folder0_,
        document_.owner as owner0_,
        document_.text as text0_,
        document_.lastTextModification as lastText7_0_,
        document_.size_mb * 1024.0 as size8_0_,
        upper(document_.name) as formula81_ 
    from
        documents document_ 
    where
        document_.id=?
14:14:39,495 DEBUG SQL:104 - 
    select
        owner0_.id as id3_0_,
        owner0_.name as name3_0_ 
    from
        owners owner0_ 
    where
        owner0_.id=?
14:14:39,498 DEBUG SQL:104 - 
    update
        documents 
    set
        name=?,
        summary=?,
        folder=?,
        owner=?,
        text=?,
        lastTextModification=?,
        size_mb=? / cast( 1024.0 as float ) 
    where
        id=?
14:14:39,498 DEBUG SQL:104 - 
    select
        document0_.id as id0_,
        document0_.name as name0_ 
    from
        documents document0_
14:14:39,499 DEBUG SQL:104 - 
    select
        document_.summary as summary0_,
        document_.folder as folder0_,
        document_.owner as owner0_,
        document_.text as text0_,
        document_.lastTextModification as lastText7_0_,
        document_.size_mb * 1024.0 as size8_0_,
        upper(document_.name) as formula81_ 
    from
        documents document_ 
    where
        document_.id=?
14:14:39,509 DEBUG SQL:104 - 
    select
        owner0_.id as id3_0_,
        owner0_.name as name3_0_ 
    from
        owners owner0_ 
    where
        owner0_.id=?
14:14:39,510 DEBUG SQL:104 - 
    select
        document0_.id as id0_,
        document0_.name as name0_ 
    from
        documents document0_
14:14:39,510 DEBUG SQL:104 - 
    select
        document_.summary as summary0_,
        document_.folder as folder0_,
        document_.owner as owner0_,
        document_.text as text0_,
        document_.lastTextModification as lastText7_0_,
        document_.size_mb * 1024.0 as size8_0_,
        upper(document_.name) as formula81_ 
    from
        documents document_ 
    where
        document_.id=?
14:14:39,510 DEBUG SQL:104 - 
    select
        owner0_.id as id3_0_,
        owner0_.name as name3_0_ 
    from
        owners owner0_ 
    where
        owner0_.id=?
14:14:39,511 DEBUG SQL:104 - 
    select
        document0_.id as id0_,
        document0_.name as name0_ 
    from
        documents document0_
14:14:39,531 DEBUG SQL:104 - 
    update
        documents 
    set
        name=? 
    where
        id=?
14:14:39,532 DEBUG SQL:104 - 
    select
        document_.summary as summary0_,
        document_.folder as folder0_,
        document_.owner as owner0_,
        document_.text as text0_,
        document_.lastTextModification as lastText7_0_,
        document_.size_mb * 1024.0 as size8_0_,
        upper(document_.name) as formula81_ 
    from
        documents document_ 
    where
        document_.id=?
14:14:39,532 DEBUG SQL:104 - 
    select
        owner0_.id as id3_0_,
        owner0_.name as name3_0_ 
    from
        owners owner0_ 
    where
        owner0_.id=?
14:14:39,542 DEBUG SQL:104 - 
    update
        documents 
    set
        name=?,
        summary=?,
        folder=?,
        owner=?,
        text=?,
        lastTextModification=?,
        size_mb=? / cast( 1024.0 as float ) 
    where
        id=?
14:14:39,542 DEBUG SQL:104 - 
    select
        document0_.id as id0_,
        document0_.name as name0_ 
    from
        documents document0_
14:14:39,543 DEBUG SQL:104 - 
    select
        document_.summary as summary0_,
        document_.folder as folder0_,
        document_.owner as owner0_,
        document_.text as text0_,
        document_.lastTextModification as lastText7_0_,
        document_.size_mb * 1024.0 as size8_0_,
        upper(document_.name) as formula81_ 
    from
        documents document_ 
    where
        document_.id=?
14:14:39,552 DEBUG SQL:104 - 
    select
        owner0_.id as id3_0_,
        owner0_.name as name3_0_ 
    from
        owners owner0_ 
    where
        owner0_.id=?
14:14:39,553 DEBUG SQL:104 - 
    select
        document0_.id as id0_0_,
        document0_.name as name0_0_ 
    from
        documents document0_ 
    where
        document0_.id=?
14:14:39,553 DEBUG SQL:104 - 
    select
        document0_.id as id0_,
        document0_.name as name0_ 
    from
        documents document0_
14:14:39,553 DEBUG SQL:104 - 
    select
        document_.summary as summary0_,
        document_.folder as folder0_,
        document_.owner as owner0_,
        document_.text as text0_,
        document_.lastTextModification as lastText7_0_,
        document_.size_mb * 1024.0 as size8_0_,
        upper(document_.name) as formula81_ 
    from
        documents document_ 
    where
        document_.id=?
14:14:39,563 DEBUG SQL:104 - 
    select
        owner0_.id as id3_0_,
        owner0_.name as name3_0_ 
    from
        owners owner0_ 
    where
        owner0_.id=?
14:14:39,563 DEBUG SQL:104 - 
    select
        folder0_.id as id2_0_,
        folder0_.name as name2_0_,
        folder0_.parent as parent2_0_ 
    from
        folders folder0_ 
    where
        folder0_.id=?
14:14:39,564 DEBUG SQL:104 - 
    select
        documents0_.folder as folder2_1_,
        documents0_.id as id0_1_,
        documents0_.id as id0_0_,
        documents0_.name as name0_0_ 
    from
        documents documents0_ 
    where
        documents0_.folder=?
14:14:39,573 DEBUG SQL:104 - 
    delete 
    from
        documents 
    where
        id=?
14:14:39,574 DEBUG SQL:104 - 
    delete 
    from
        folders 
    where
        id=?
14:14:39,574 DEBUG SQL:104 - 
    delete 
    from
        owners 
    where
        id=?
14:14:39,575 DEBUG SQL:104 - 
    insert 
    into
        owners
        (name, id) 
    values
        (?, ?)
14:14:39,584 DEBUG SQL:104 - 
    insert 
    into
        folders
        (name, parent, id) 
    values
        (?, ?, ?)
14:14:39,584 DEBUG SQL:104 - 
    insert 
    into
        documents
        (name, summary, folder, owner, text, lastTextModification, size_mb, id) 
    values
        (?, ?, ?, ?, ?, ?, ? / cast( 1024.0 as float ), ?)
14:14:39,585 DEBUG SQL:104 - 
    select
        document0_.id as id0_0_,
        document0_.name as name0_0_ 
    from
        documents document0_ 
    where
        document0_.id=?
14:14:39,585 DEBUG SQL:104 - 
    select
        document_.summary as summary0_,
        document_.folder as folder0_,
        document_.owner as owner0_,
        document_.text as text0_,
        document_.lastTextModification as lastText7_0_,
        document_.size_mb * 1024.0 as size8_0_,
        upper(document_.name) as formula81_ 
    from
        documents document_ 
    where
        document_.id=?
14:14:39,595 DEBUG SQL:104 - 
    select
        owner0_.id as id3_0_,
        owner0_.name as name3_0_ 
    from
        owners owner0_ 
    where
        owner0_.id=?
14:14:39,595 DEBUG SQL:104 - 
    select
        document0_.id as id0_,
        document0_.name as name0_ 
    from
        documents document0_
14:14:39,596 DEBUG SQL:104 - 
    select
        document_.summary as summary0_,
        document_.folder as folder0_,
        document_.owner as owner0_,
        document_.text as text0_,
        document_.lastTextModification as lastText7_0_,
        document_.size_mb * 1024.0 as size8_0_,
        upper(document_.name) as formula81_ 
    from
        documents document_ 
    where
        document_.id=?
14:14:39,604 DEBUG SQL:104 - 
    select
        owner0_.id as id3_0_,
        owner0_.name as name3_0_ 
    from
        owners owner0_ 
    where
        owner0_.id=?
14:14:39,604 DEBUG SQL:104 - 
    select
        document0_.id as id0_,
        document0_.name as name0_ 
    from
        documents document0_
14:14:39,605 DEBUG SQL:104 - 
    select
        document_.summary as summary0_,
        document_.folder as folder0_,
        document_.owner as owner0_,
        document_.text as text0_,
        document_.lastTextModification as lastText7_0_,
        document_.size_mb * 1024.0 as size8_0_,
        upper(document_.name) as formula81_ 
    from
        documents document_ 
    where
        document_.id=?
14:14:39,605 DEBUG SQL:104 - 
    select
        owner0_.id as id3_0_,
        owner0_.name as name3_0_ 
    from
        owners owner0_ 
    where
        owner0_.id=?
14:14:39,615 DEBUG SQL:104 - 
    select
        document0_.id as id0_,
        document0_.name as name0_ 
    from
        documents document0_
14:14:39,615 DEBUG SQL:104 - 
    update
        documents 
    set
        name=? 
    where
        id=?
14:14:39,616 DEBUG SQL:104 - 
    select
        document0_.id as id0_,
        document0_.name as name0_ 
    from
        documents document0_
14:14:39,616 DEBUG SQL:104 - 
    select
        document_.summary as summary0_,
        document_.folder as folder0_,
        document_.owner as owner0_,
        document_.text as text0_,
        document_.lastTextModification as lastText7_0_,
        document_.size_mb * 1024.0 as size8_0_,
        upper(document_.name) as formula81_ 
    from
        documents document_ 
    where
        document_.id=?
14:14:39,616 DEBUG SQL:104 - 
    select
        owner0_.id as id3_0_,
        owner0_.name as name3_0_ 
    from
        owners owner0_ 
    where
        owner0_.id=?
14:14:39,617 DEBUG SQL:104 - 
    select
        document0_.id as id0_,
        document0_.name as name0_ 
    from
        documents document0_
14:14:39,617 DEBUG SQL:104 - 
    select
        document_.summary as summary0_,
        document_.folder as folder0_,
        document_.owner as owner0_,
        document_.text as text0_,
        document_.lastTextModification as lastText7_0_,
        document_.size_mb * 1024.0 as size8_0_,
        upper(document_.name) as formula81_ 
    from
        documents document_ 
    where
        document_.id=?
14:14:39,626 DEBUG SQL:104 - 
    select
        owner0_.id as id3_0_,
        owner0_.name as name3_0_ 
    from
        owners owner0_ 
    where
        owner0_.id=?
14:14:39,626 DEBUG SQL:104 - 
    update
        documents 
    set
        name=?,
        summary=?,
        folder=?,
        owner=?,
        text=?,
        lastTextModification=?,
        size_mb=? / cast( 1024.0 as float ) 
    where
        id=?
14:14:39,627 DEBUG SQL:104 - 
    select
        document0_.id as id0_,
        document0_.name as name0_ 
    from
        documents document0_
14:14:39,635 DEBUG SQL:104 - 
    select
        document_.summary as summary0_,
        document_.folder as folder0_,
        document_.owner as owner0_,
        document_.text as text0_,
        document_.lastTextModification as lastText7_0_,
        document_.size_mb * 1024.0 as size8_0_,
        upper(document_.name) as formula81_ 
    from
        documents document_ 
    where
        document_.id=?
14:14:39,636 DEBUG SQL:104 - 
    select
        owner0_.id as id3_0_,
        owner0_.name as name3_0_ 
    from
        owners owner0_ 
    where
        owner0_.id=?
14:14:39,636 DEBUG SQL:104 - 
    select
        document0_.id as id0_,
        document0_.name as name0_ 
    from
        documents document0_
14:14:39,637 DEBUG SQL:104 - 
    select
        document_.summary as summary0_,
        document_.folder as folder0_,
        document_.owner as owner0_,
        document_.text as text0_,
        document_.lastTextModification as lastText7_0_,
        document_.size_mb * 1024.0 as size8_0_,
        upper(document_.name) as formula81_ 
    from
        documents document_ 
    where
        document_.id=?
14:14:39,637 DEBUG SQL:104 - 
    select
        owner0_.id as id3_0_,
        owner0_.name as name3_0_ 
    from
        owners owner0_ 
    where
        owner0_.id=?
14:14:39,656 DEBUG SQL:104 - 
    select
        document0_.id as id0_,
        document0_.name as name0_ 
    from
        documents document0_
14:14:39,657 DEBUG SQL:104 - 
    update
        documents 
    set
        name=? 
    where
        id=?
14:14:39,657 DEBUG SQL:104 - 
    select
        document_.summary as summary0_,
        document_.folder as folder0_,
        document_.owner as owner0_,
        document_.text as text0_,
        document_.lastTextModification as lastText7_0_,
        document_.size_mb * 1024.0 as size8_0_,
        upper(document_.name) as formula81_ 
    from
        documents document_ 
    where
        document_.id=?
14:14:39,658 DEBUG SQL:104 - 
    select
        owner0_.id as id3_0_,
        owner0_.name as name3_0_ 
    from
        owners owner0_ 
    where
        owner0_.id=?
14:14:39,666 DEBUG SQL:104 - 
    update
        documents 
    set
        name=?,
        summary=?,
        folder=?,
        owner=?,
        text=?,
        lastTextModification=?,
        size_mb=? / cast( 1024.0 as float ) 
    where
        id=?
14:14:39,666 DEBUG SQL:104 - 
    select
        document0_.id as id0_,
        document0_.name as name0_ 
    from
        documents document0_
14:14:39,667 DEBUG SQL:104 - 
    select
        document_.summary as summary0_,
        document_.folder as folder0_,
        document_.owner as owner0_,
        document_.text as text0_,
        document_.lastTextModification as lastText7_0_,
        document_.size_mb * 1024.0 as size8_0_,
        upper(document_.name) as formula81_ 
    from
        documents document_ 
    where
        document_.id=?
14:14:39,675 DEBUG SQL:104 - 
    select
        owner0_.id as id3_0_,
        owner0_.name as name3_0_ 
    from
        owners owner0_ 
    where
        owner0_.id=?
14:14:39,675 DEBUG SQL:104 - 
    select
        document0_.id as id0_0_,
        document0_.name as name0_0_ 
    from
        documents document0_ 
    where
        document0_.id=?
14:14:39,676 DEBUG SQL:104 - 
    select
        document0_.id as id0_,
        document0_.name as name0_ 
    from
        documents document0_
14:14:39,684 DEBUG SQL:104 - 
    select
        document_.summary as summary0_,
        document_.folder as folder0_,
        document_.owner as owner0_,
        document_.text as text0_,
        document_.lastTextModification as lastText7_0_,
        document_.size_mb * 1024.0 as size8_0_,
        upper(document_.name) as formula81_ 
    from
        documents document_ 
    where
        document_.id=?
14:14:39,684 DEBUG SQL:104 - 
    select
        owner0_.id as id3_0_,
        owner0_.name as name3_0_ 
    from
        owners owner0_ 
    where
        owner0_.id=?
14:14:39,685 DEBUG SQL:104 - 
    select
        folder0_.id as id2_0_,
        folder0_.name as name2_0_,
        folder0_.parent as parent2_0_ 
    from
        folders folder0_ 
    where
        folder0_.id=?
14:14:39,685 DEBUG SQL:104 - 
    select
        documents0_.folder as folder2_1_,
        documents0_.id as id0_1_,
        documents0_.id as id0_0_,
        documents0_.name as name0_0_ 
    from
        documents documents0_ 
    where
        documents0_.folder=?
14:14:39,693 DEBUG SQL:104 - 
    delete 
    from
        documents 
    where
        id=?
14:14:39,694 DEBUG SQL:104 - 
    delete 
    from
        folders 
    where
        id=?
14:14:39,694 DEBUG SQL:104 - 
    delete 
    from
        owners 
    where
        id=?
14:14:39,694 DEBUG SQL:104 - 
    insert 
    into
        owners
        (name, id) 
    values
        (?, ?)
14:14:39,703 DEBUG SQL:104 - 
    insert 
    into
        folders
        (name, parent, id) 
    values
        (?, ?, ?)
14:14:39,703 DEBUG SQL:104 - 
    insert 
    into
        documents
        (name, summary, folder, owner, text, lastTextModification, size_mb, id) 
    values
        (?, ?, ?, ?, ?, ?, ? / cast( 1024.0 as float ), ?)
14:14:39,704 DEBUG SQL:104 - 
    select
        document0_.id as id0_0_,
        document0_.name as name0_0_ 
    from
        documents document0_ 
    where
        document0_.id=?
14:14:39,704 DEBUG SQL:104 - 
    select
        document_.summary as summary0_,
        document_.folder as folder0_,
        document_.owner as owner0_,
        document_.text as text0_,
        document_.lastTextModification as lastText7_0_,
        document_.size_mb * 1024.0 as size8_0_,
        upper(document_.name) as formula81_ 
    from
        documents document_ 
    where
        document_.id=?
14:14:39,712 DEBUG SQL:104 - 
    select
        owner0_.id as id3_0_,
        owner0_.name as name3_0_ 
    from
        owners owner0_ 
    where
        owner0_.id=?
14:14:39,712 DEBUG SQL:104 - 
    select
        document0_.id as id0_,
        document0_.name as name0_ 
    from
        documents document0_
14:14:39,713 DEBUG SQL:104 - 
    select
        document_.summary as summary0_,
        document_.folder as folder0_,
        document_.owner as owner0_,
        document_.text as text0_,
        document_.lastTextModification as lastText7_0_,
        document_.size_mb * 1024.0 as size8_0_,
        upper(document_.name) as formula81_ 
    from
        documents document_ 
    where
        document_.id=?
14:14:39,721 DEBUG SQL:104 - 
    select
        owner0_.id as id3_0_,
        owner0_.name as name3_0_ 
    from
        owners owner0_ 
    where
        owner0_.id=?
14:14:39,722 DEBUG SQL:104 - 
    select
        document0_.id as id0_,
        document0_.name as name0_ 
    from
        documents document0_
14:14:39,722 DEBUG SQL:104 - 
    select
        document_.summary as summary0_,
        document_.folder as folder0_,
        document_.owner as owner0_,
        document_.text as text0_,
        document_.lastTextModification as lastText7_0_,
        document_.size_mb * 1024.0 as size8_0_,
        upper(document_.name) as formula81_ 
    from
        documents document_ 
    where
        document_.id=?
14:14:39,731 DEBUG SQL:104 - 
    select
        owner0_.id as id3_0_,
        owner0_.name as name3_0_ 
    from
        owners owner0_ 
    where
        owner0_.id=?
14:14:39,732 DEBUG SQL:104 - 
    select
        document0_.id as id0_,
        document0_.name as name0_ 
    from
        documents document0_
14:14:39,732 DEBUG SQL:104 - 
    update
        documents 
    set
        name=? 
    where
        id=?
14:14:39,733 DEBUG SQL:104 - 
    select
        document0_.id as id0_,
        document0_.name as name0_ 
    from
        documents document0_
14:14:39,733 DEBUG SQL:104 - 
    select
        document_.summary as summary0_,
        document_.folder as folder0_,
        document_.owner as owner0_,
        document_.text as text0_,
        document_.lastTextModification as lastText7_0_,
        document_.size_mb * 1024.0 as size8_0_,
        upper(document_.name) as formula81_ 
    from
        documents document_ 
    where
        document_.id=?
14:14:39,733 DEBUG SQL:104 - 
    select
        owner0_.id as id3_0_,
        owner0_.name as name3_0_ 
    from
        owners owner0_ 
    where
        owner0_.id=?
14:14:39,734 DEBUG SQL:104 - 
    select
        document0_.id as id0_,
        document0_.name as name0_ 
    from
        documents document0_
14:14:39,734 DEBUG SQL:104 - 
    select
        document_.summary as summary0_,
        document_.folder as folder0_,
        document_.owner as owner0_,
        document_.text as text0_,
        document_.lastTextModification as lastText7_0_,
        document_.size_mb * 1024.0 as size8_0_,
        upper(document_.name) as formula81_ 
    from
        documents document_ 
    where
        document_.id=?
14:14:39,742 DEBUG SQL:104 - 
    select
        owner0_.id as id3_0_,
        owner0_.name as name3_0_ 
    from
        owners owner0_ 
    where
        owner0_.id=?
14:14:39,743 DEBUG SQL:104 - 
    update
        documents 
    set
        name=?,
        summary=?,
        folder=?,
        owner=?,
        text=?,
        lastTextModification=?,
        size_mb=? / cast( 1024.0 as float ) 
    where
        id=?
14:14:39,743 DEBUG SQL:104 - 
    select
        document0_.id as id0_,
        document0_.name as name0_ 
    from
        documents document0_
14:14:39,755 DEBUG SQL:104 - 
    select
        document_.summary as summary0_,
        document_.folder as folder0_,
        document_.owner as owner0_,
        document_.text as text0_,
        document_.lastTextModification as lastText7_0_,
        document_.size_mb * 1024.0 as size8_0_,
        upper(document_.name) as formula81_ 
    from
        documents document_ 
    where
        document_.id=?
14:14:39,756 DEBUG SQL:104 - 
    select
        owner0_.id as id3_0_,
        owner0_.name as name3_0_ 
    from
        owners owner0_ 
    where
        owner0_.id=?
14:14:39,756 DEBUG SQL:104 - 
    select
        document0_.id as id0_,
        document0_.name as name0_ 
    from
        documents document0_
14:14:39,757 DEBUG SQL:104 - 
    select
        document_.summary as summary0_,
        document_.folder as folder0_,
        document_.owner as owner0_,
        document_.text as text0_,
        document_.lastTextModification as lastText7_0_,
        document_.size_mb * 1024.0 as size8_0_,
        upper(document_.name) as formula81_ 
    from
        documents document_ 
    where
        document_.id=?
14:14:39,757 DEBUG SQL:104 - 
    select
        owner0_.id as id3_0_,
        owner0_.name as name3_0_ 
    from
        owners owner0_ 
    where
        owner0_.id=?
14:14:39,776 DEBUG SQL:104 - 
    select
        document0_.id as id0_,
        document0_.name as name0_ 
    from
        documents document0_
14:14:39,777 DEBUG SQL:104 - 
    update
        documents 
    set
        name=? 
    where
        id=?
14:14:39,777 DEBUG SQL:104 - 
    select
        document_.summary as summary0_,
        document_.folder as folder0_,
        document_.owner as owner0_,
        document_.text as text0_,
        document_.lastTextModification as lastText7_0_,
        document_.size_mb * 1024.0 as size8_0_,
        upper(document_.name) as formula81_ 
    from
        documents document_ 
    where
        document_.id=?
14:14:39,785 DEBUG SQL:104 - 
    select
        owner0_.id as id3_0_,
        owner0_.name as name3_0_ 
    from
        owners owner0_ 
    where
        owner0_.id=?
14:14:39,786 DEBUG SQL:104 - 
    update
        documents 
    set
        name=?,
        summary=?,
        folder=?,
        owner=?,
        text=?,
        lastTextModification=?,
        size_mb=? / cast( 1024.0 as float ) 
    where
        id=?
14:14:39,786 DEBUG SQL:104 - 
    select
        document0_.id as id0_,
        document0_.name as name0_ 
    from
        documents document0_
14:14:39,787 DEBUG SQL:104 - 
    select
        document_.summary as summary0_,
        document_.folder as folder0_,
        document_.owner as owner0_,
        document_.text as text0_,
        document_.lastTextModification as lastText7_0_,
        document_.size_mb * 1024.0 as size8_0_,
        upper(document_.name) as formula81_ 
    from
        documents document_ 
    where
        document_.id=?
14:14:39,795 DEBUG SQL:104 - 
    select
        owner0_.id as id3_0_,
        owner0_.name as name3_0_ 
    from
        owners owner0_ 
    where
        owner0_.id=?
14:14:39,795 DEBUG SQL:104 - 
    select
        document0_.id as id0_0_,
        document0_.name as name0_0_ 
    from
        documents document0_ 
    where
        document0_.id=?
14:14:39,796 DEBUG SQL:104 - 
    select
        document0_.id as id0_,
        document0_.name as name0_ 
    from
        documents document0_
14:14:39,804 DEBUG SQL:104 - 
    select
        document_.summary as summary0_,
        document_.folder as folder0_,
        document_.owner as owner0_,
        document_.text as text0_,
        document_.lastTextModification as lastText7_0_,
        document_.size_mb * 1024.0 as size8_0_,
        upper(document_.name) as formula81_ 
    from
        documents document_ 
    where
        document_.id=?
14:14:39,804 DEBUG SQL:104 - 
    select
        owner0_.id as id3_0_,
        owner0_.name as name3_0_ 
    from
        owners owner0_ 
    where
        owner0_.id=?
14:14:39,804 DEBUG SQL:104 - 
    select
        folder0_.id as id2_0_,
        folder0_.name as name2_0_,
        folder0_.parent as parent2_0_ 
    from
        folders folder0_ 
    where
        folder0_.id=?
14:14:39,814 DEBUG SQL:104 - 
    select
        documents0_.folder as folder2_1_,
        documents0_.id as id0_1_,
        documents0_.id as id0_0_,
        documents0_.name as name0_0_ 
    from
        documents documents0_ 
    where
        documents0_.folder=?
14:14:39,814 DEBUG SQL:104 - 
    delete 
    from
        documents 
    where
        id=?
14:14:39,814 DEBUG SQL:104 - 
    delete 
    from
        folders 
    where
        id=?
14:14:39,815 DEBUG SQL:104 - 
    delete 
    from
        owners 
    where
        id=?
14:14:39,824 DEBUG SQL:104 - 
    insert 
    into
        owners
        (name, id) 
    values
        (?, ?)
14:14:39,824 DEBUG SQL:104 - 
    insert 
    into
        folders
        (name, parent, id) 
    values
        (?, ?, ?)
14:14:39,824 DEBUG SQL:104 - 
    insert 
    into
        documents
        (name, summary, folder, owner, text, lastTextModification, size_mb, id) 
    values
        (?, ?, ?, ?, ?, ?, ? / cast( 1024.0 as float ), ?)
14:14:39,825 DEBUG SQL:104 - 
    select
        document0_.id as id0_0_,
        document0_.name as name0_0_ 
    from
        documents document0_ 
    where
        document0_.id=?
14:14:39,839 DEBUG SQL:104 - 
    select
        document_.summary as summary0_,
        document_.folder as folder0_,
        document_.owner as owner0_,
        document_.text as text0_,
        document_.lastTextModification as lastText7_0_,
        document_.size_mb * 1024.0 as size8_0_,
        upper(document_.name) as formula81_ 
    from
        documents document_ 
    where
        document_.id=?
14:14:39,840 DEBUG SQL:104 - 
    select
        owner0_.id as id3_0_,
        owner0_.name as name3_0_ 
    from
        owners owner0_ 
    where
        owner0_.id=?
14:14:39,841 DEBUG SQL:104 - 
    select
        document0_.id as id0_,
        document0_.name as name0_ 
    from
        documents document0_
14:14:39,841 DEBUG SQL:104 - 
    select
        document_.summary as summary0_,
        document_.folder as folder0_,
        document_.owner as owner0_,
        document_.text as text0_,
        document_.lastTextModification as lastText7_0_,
        document_.size_mb * 1024.0 as size8_0_,
        upper(document_.name) as formula81_ 
    from
        documents document_ 
    where
        document_.id=?
14:14:39,841 DEBUG SQL:104 - 
    select
        owner0_.id as id3_0_,
        owner0_.name as name3_0_ 
    from
        owners owner0_ 
    where
        owner0_.id=?
14:14:39,841 DEBUG SQL:104 - 
    select
        document0_.id as id0_,
        document0_.name as name0_ 
    from
        documents document0_
14:14:39,842 DEBUG SQL:104 - 
    select
        document_.summary as summary0_,
        document_.folder as folder0_,
        document_.owner as owner0_,
        document_.text as text0_,
        document_.lastTextModification as lastText7_0_,
        document_.size_mb * 1024.0 as size8_0_,
        upper(document_.name) as formula81_ 
    from
        documents document_ 
    where
        document_.id=?
14:14:39,842 DEBUG SQL:104 - 
    select
        owner0_.id as id3_0_,
        owner0_.name as name3_0_ 
    from
        owners owner0_ 
    where
        owner0_.id=?
14:14:39,858 DEBUG SQL:104 - 
    select
        document0_.id as id0_,
        document0_.name as name0_ 
    from
        documents document0_
14:14:39,858 DEBUG SQL:104 - 
    update
        documents 
    set
        name=? 
    where
        id=?
14:14:39,859 DEBUG SQL:104 - 
    select
        document0_.id as id0_,
        document0_.name as name0_ 
    from
        documents document0_
14:14:39,859 DEBUG SQL:104 - 
    select
        document_.summary as summary0_,
        document_.folder as folder0_,
        document_.owner as owner0_,
        document_.text as text0_,
        document_.lastTextModification as lastText7_0_,
        document_.size_mb * 1024.0 as size8_0_,
        upper(document_.name) as formula81_ 
    from
        documents document_ 
    where
        document_.id=?
14:14:39,859 DEBUG SQL:104 - 
    select
        owner0_.id as id3_0_,
        owner0_.name as name3_0_ 
    from
        owners owner0_ 
    where
        owner0_.id=?
14:14:39,860 DEBUG SQL:104 - 
    select
        document0_.id as id0_,
        document0_.name as name0_ 
    from
        documents document0_
14:14:39,860 DEBUG SQL:104 - 
    select
        document_.summary as summary0_,
        document_.folder as folder0_,
        document_.owner as owner0_,
        document_.text as text0_,
        document_.lastTextModification as lastText7_0_,
        document_.size_mb * 1024.0 as size8_0_,
        upper(document_.name) as formula81_ 
    from
        documents document_ 
    where
        document_.id=?
14:14:39,860 DEBUG SQL:104 - 
    select
        owner0_.id as id3_0_,
        owner0_.name as name3_0_ 
    from
        owners owner0_ 
    where
        owner0_.id=?
14:14:39,870 DEBUG SQL:104 - 
    update
        documents 
    set
        name=?,
        summary=?,
        folder=?,
        owner=?,
        text=?,
        lastTextModification=?,
        size_mb=? / cast( 1024.0 as float ) 
    where
        id=?
14:14:39,871 DEBUG SQL:104 - 
    select
        document0_.id as id0_,
        document0_.name as name0_ 
    from
        documents document0_
14:14:39,871 DEBUG SQL:104 - 
    select
        document_.summary as summary0_,
        document_.folder as folder0_,
        document_.owner as owner0_,
        document_.text as text0_,
        document_.lastTextModification as lastText7_0_,
        document_.size_mb * 1024.0 as size8_0_,
        upper(document_.name) as formula81_ 
    from
        documents document_ 
    where
        document_.id=?
14:14:39,891 DEBUG SQL:104 - 
    select
        owner0_.id as id3_0_,
        owner0_.name as name3_0_ 
    from
        owners owner0_ 
    where
        owner0_.id=?
14:14:39,892 DEBUG SQL:104 - 
    select
        document0_.id as id0_,
        document0_.name as name0_ 
    from
        documents document0_
14:14:39,892 DEBUG SQL:104 - 
    select
        document_.summary as summary0_,
        document_.folder as folder0_,
        document_.owner as owner0_,
        document_.text as text0_,
        document_.lastTextModification as lastText7_0_,
        document_.size_mb * 1024.0 as size8_0_,
        upper(document_.name) as formula81_ 
    from
        documents document_ 
    where
        document_.id=?
14:14:39,892 DEBUG SQL:104 - 
    select
        owner0_.id as id3_0_,
        owner0_.name as name3_0_ 
    from
        owners owner0_ 
    where
        owner0_.id=?
14:14:39,893 DEBUG SQL:104 - 
    select
        document0_.id as id0_,
        document0_.name as name0_ 
    from
        documents document0_
14:14:39,905 DEBUG SQL:104 - 
    update
        documents 
    set
        name=? 
    where
        id=?
14:14:39,906 DEBUG SQL:104 - 
    select
        document_.summary as summary0_,
        document_.folder as folder0_,
        document_.owner as owner0_,
        document_.text as text0_,
        document_.lastTextModification as lastText7_0_,
        document_.size_mb * 1024.0 as size8_0_,
        upper(document_.name) as formula81_ 
    from
        documents document_ 
    where
        document_.id=?
14:14:39,906 DEBUG SQL:104 - 
    select
        owner0_.id as id3_0_,
        owner0_.name as name3_0_ 
    from
        owners owner0_ 
    where
        owner0_.id=?
14:14:39,916 DEBUG SQL:104 - 
    update
        documents 
    set
        name=?,
        summary=?,
        folder=?,
        owner=?,
        text=?,
        lastTextModification=?,
        size_mb=? / cast( 1024.0 as float ) 
    where
        id=?
14:14:39,917 DEBUG SQL:104 - 
    select
        document0_.id as id0_,
        document0_.name as name0_ 
    from
        documents document0_
14:14:39,917 DEBUG SQL:104 - 
    select
        document_.summary as summary0_,
        document_.folder as folder0_,
        document_.owner as owner0_,
        document_.text as text0_,
        document_.lastTextModification as lastText7_0_,
        document_.size_mb * 1024.0 as size8_0_,
        upper(document_.name) as formula81_ 
    from
        documents document_ 
    where
        document_.id=?
14:14:39,926 DEBUG SQL:104 - 
    select
        owner0_.id as id3_0_,
        owner0_.name as name3_0_ 
    from
        owners owner0_ 
    where
        owner0_.id=?
14:14:39,927 DEBUG SQL:104 - 
    select
        document0_.id as id0_0_,
        document0_.name as name0_0_ 
    from
        documents document0_ 
    where
        document0_.id=?
14:14:39,927 DEBUG SQL:104 - 
    select
        document0_.id as id0_,
        document0_.name as name0_ 
    from
        documents document0_
14:14:39,928 DEBUG SQL:104 - 
    select
        document_.summary as summary0_,
        document_.folder as folder0_,
        document_.owner as owner0_,
        document_.text as text0_,
        document_.lastTextModification as lastText7_0_,
        document_.size_mb * 1024.0 as size8_0_,
        upper(document_.name) as formula81_ 
    from
        documents document_ 
    where
        document_.id=?
14:14:39,936 DEBUG SQL:104 - 
    select
        owner0_.id as id3_0_,
        owner0_.name as name3_0_ 
    from
        owners owner0_ 
    where
        owner0_.id=?
14:14:39,937 DEBUG SQL:104 - 
    select
        folder0_.id as id2_0_,
        folder0_.name as name2_0_,
        folder0_.parent as parent2_0_ 
    from
        folders folder0_ 
    where
        folder0_.id=?
14:14:39,937 DEBUG SQL:104 - 
    select
        documents0_.folder as folder2_1_,
        documents0_.id as id0_1_,
        documents0_.id as id0_0_,
        documents0_.name as name0_0_ 
    from
        documents documents0_ 
    where
        documents0_.folder=?
14:14:39,947 DEBUG SQL:104 - 
    delete 
    from
        documents 
    where
        id=?
14:14:39,948 DEBUG SQL:104 - 
    delete 
    from
        folders 
    where
        id=?
14:14:39,948 DEBUG SQL:104 - 
    delete 
    from
        owners 
    where
        id=?
14:14:39,948 DEBUG SQL:104 - 
    insert 
    into
        owners
        (name, id) 
    values
        (?, ?)
14:14:39,949 DEBUG SQL:104 - 
    insert 
    into
        folders
        (name, parent, id) 
    values
        (?, ?, ?)
14:14:39,960 DEBUG SQL:104 - 
    insert 
    into
        documents
        (name, summary, folder, owner, text, lastTextModification, size_mb, id) 
    values
        (?, ?, ?, ?, ?, ?, ? / cast( 1024.0 as float ), ?)
14:14:39,961 DEBUG SQL:104 - 
    select
        document0_.id as id0_0_,
        document0_.name as name0_0_ 
    from
        documents document0_ 
    where
        document0_.id=?
14:14:39,962 DEBUG SQL:104 - 
    select
        document_.summary as summary0_,
        document_.folder as folder0_,
        document_.owner as owner0_,
        document_.text as text0_,
        document_.lastTextModification as lastText7_0_,
        document_.size_mb * 1024.0 as size8_0_,
        upper(document_.name) as formula81_ 
    from
        documents document_ 
    where
        document_.id=?
14:14:39,970 DEBUG SQL:104 - 
    select
        owner0_.id as id3_0_,
        owner0_.name as name3_0_ 
    from
        owners owner0_ 
    where
        owner0_.id=?
14:14:39,971 DEBUG SQL:104 - 
    select
        document0_.id as id0_,
        document0_.name as name0_ 
    from
        documents document0_
14:14:39,971 DEBUG SQL:104 - 
    select
        document_.summary as summary0_,
        document_.folder as folder0_,
        document_.owner as owner0_,
        document_.text as text0_,
        document_.lastTextModification as lastText7_0_,
        document_.size_mb * 1024.0 as size8_0_,
        upper(document_.name) as formula81_ 
    from
        documents document_ 
    where
        document_.id=?
14:14:39,981 DEBUG SQL:104 - 
    select
        owner0_.id as id3_0_,
        owner0_.name as name3_0_ 
    from
        owners owner0_ 
    where
        owner0_.id=?
14:14:39,982 DEBUG SQL:104 - 
    select
        document0_.id as id0_,
        document0_.name as name0_ 
    from
        documents document0_
14:14:39,982 DEBUG SQL:104 - 
    select
        document_.summary as summary0_,
        document_.folder as folder0_,
        document_.owner as owner0_,
        document_.text as text0_,
        document_.lastTextModification as lastText7_0_,
        document_.size_mb * 1024.0 as size8_0_,
        upper(document_.name) as formula81_ 
    from
        documents document_ 
    where
        document_.id=?
14:14:39,983 DEBUG SQL:104 - 
    select
        owner0_.id as id3_0_,
        owner0_.name as name3_0_ 
    from
        owners owner0_ 
    where
        owner0_.id=?
14:14:39,983 DEBUG SQL:104 - 
    select
        document0_.id as id0_,
        document0_.name as name0_ 
    from
        documents document0_
14:14:39,984 DEBUG SQL:104 - 
    update
        documents 
    set
        name=? 
    where
        id=?
14:14:39,984 DEBUG SQL:104 - 
    select
        document0_.id as id0_,
        document0_.name as name0_ 
    from
        documents document0_
14:14:39,984 DEBUG SQL:104 - 
    select
        document_.summary as summary0_,
        document_.folder as folder0_,
        document_.owner as owner0_,
        document_.text as text0_,
        document_.lastTextModification as lastText7_0_,
        document_.size_mb * 1024.0 as size8_0_,
        upper(document_.name) as formula81_ 
    from
        documents document_ 
    where
        document_.id=?
14:14:39,994 DEBUG SQL:104 - 
    select
        owner0_.id as id3_0_,
        owner0_.name as name3_0_ 
    from
        owners owner0_ 
    where
        owner0_.id=?
14:14:39,995 DEBUG SQL:104 - 
    select
        document0_.id as id0_,
        document0_.name as name0_ 
    from
        documents document0_
14:14:39,995 DEBUG SQL:104 - 
    select
        document_.summary as summary0_,
        document_.folder as folder0_,
        document_.owner as owner0_,
        document_.text as text0_,
        document_.lastTextModification as lastText7_0_,
        document_.size_mb * 1024.0 as size8_0_,
        upper(document_.name) as formula81_ 
    from
        documents document_ 
    where
        document_.id=?
14:14:40,005 DEBUG SQL:104 - 
    select
        owner0_.id as id3_0_,
        owner0_.name as name3_0_ 
    from
        owners owner0_ 
    where
        owner0_.id=?
14:14:40,006 DEBUG SQL:104 - 
    update
        documents 
    set
        name=?,
        summary=?,
        folder=?,
        owner=?,
        text=?,
        lastTextModification=?,
        size_mb=? / cast( 1024.0 as float ) 
    where
        id=?
14:14:40,006 DEBUG SQL:104 - 
    select
        document0_.id as id0_,
        document0_.name as name0_ 
    from
        documents document0_
14:14:40,007 DEBUG SQL:104 - 
    select
        document_.summary as summary0_,
        document_.folder as folder0_,
        document_.owner as owner0_,
        document_.text as text0_,
        document_.lastTextModification as lastText7_0_,
        document_.size_mb * 1024.0 as size8_0_,
        upper(document_.name) as formula81_ 
    from
        documents document_ 
    where
        document_.id=?
14:14:40,007 DEBUG SQL:104 - 
    select
        owner0_.id as id3_0_,
        owner0_.name as name3_0_ 
    from
        owners owner0_ 
    where
        owner0_.id=?
14:14:40,027 DEBUG SQL:104 - 
    select
        document0_.id as id0_,
        document0_.name as name0_ 
    from
        documents document0_
14:14:40,028 DEBUG SQL:104 - 
    select
        document_.summary as summary0_,
        document_.folder as folder0_,
        document_.owner as owner0_,
        document_.text as text0_,
        document_.lastTextModification as lastText7_0_,
        document_.size_mb * 1024.0 as size8_0_,
        upper(document_.name) as formula81_ 
    from
        documents document_ 
    where
        document_.id=?
14:14:40,028 DEBUG SQL:104 - 
    select
        owner0_.id as id3_0_,
        owner0_.name as name3_0_ 
    from
        owners owner0_ 
    where
        owner0_.id=?
14:14:40,038 DEBUG SQL:104 - 
    select
        document0_.id as id0_,
        document0_.name as name0_ 
    from
        documents document0_
14:14:40,038 DEBUG SQL:104 - 
    update
        documents 
    set
        name=? 
    where
        id=?
14:14:40,039 DEBUG SQL:104 - 
    select
        document_.summary as summary0_,
        document_.folder as folder0_,
        document_.owner as owner0_,
        document_.text as text0_,
        document_.lastTextModification as lastText7_0_,
        document_.size_mb * 1024.0 as size8_0_,
        upper(document_.name) as formula81_ 
    from
        documents document_ 
    where
        document_.id=?
14:14:40,039 DEBUG SQL:104 - 
    select
        owner0_.id as id3_0_,
        owner0_.name as name3_0_ 
    from
        owners owner0_ 
    where
        owner0_.id=?
14:14:40,049 DEBUG SQL:104 - 
    update
        documents 
    set
        name=?,
        summary=?,
        folder=?,
        owner=?,
        text=?,
        lastTextModification=?,
        size_mb=? / cast( 1024.0 as float ) 
    where
        id=?
14:14:40,049 DEBUG SQL:104 - 
    select
        document0_.id as id0_,
        document0_.name as name0_ 
    from
        documents document0_
14:14:40,050 DEBUG SQL:104 - 
    select
        document_.summary as summary0_,
        document_.folder as folder0_,
        document_.owner as owner0_,
        document_.text as text0_,
        document_.lastTextModification as lastText7_0_,
        document_.size_mb * 1024.0 as size8_0_,
        upper(document_.name) as formula81_ 
    from
        documents document_ 
    where
        document_.id=?
14:14:40,059 DEBUG SQL:104 - 
    select
        owner0_.id as id3_0_,
        owner0_.name as name3_0_ 
    from
        owners owner0_ 
    where
        owner0_.id=?
14:14:40,060 DEBUG SQL:104 - 
    select
        document0_.id as id0_0_,
        document0_.name as name0_0_ 
    from
        documents document0_ 
    where
        document0_.id=?
14:14:40,060 DEBUG SQL:104 - 
    select
        document0_.id as id0_,
        document0_.name as name0_ 
    from
        documents document0_
14:14:40,061 DEBUG SQL:104 - 
    select
        document_.summary as summary0_,
        document_.folder as folder0_,
        document_.owner as owner0_,
        document_.text as text0_,
        document_.lastTextModification as lastText7_0_,
        document_.size_mb * 1024.0 as size8_0_,
        upper(document_.name) as formula81_ 
    from
        documents document_ 
    where
        document_.id=?
14:14:40,070 DEBUG SQL:104 - 
    select
        owner0_.id as id3_0_,
        owner0_.name as name3_0_ 
    from
        owners owner0_ 
    where
        owner0_.id=?
14:14:40,070 DEBUG SQL:104 - 
    select
        folder0_.id as id2_0_,
        folder0_.name as name2_0_,
        folder0_.parent as parent2_0_ 
    from
        folders folder0_ 
    where
        folder0_.id=?
14:14:40,071 DEBUG SQL:104 - 
    select
        documents0_.folder as folder2_1_,
        documents0_.id as id0_1_,
        documents0_.id as id0_0_,
        documents0_.name as name0_0_ 
    from
        documents documents0_ 
    where
        documents0_.folder=?
14:14:40,080 DEBUG SQL:104 - 
    delete 
    from
        documents 
    where
        id=?
14:14:40,081 DEBUG SQL:104 - 
    delete 
    from
        folders 
    where
        id=?
14:14:40,081 DEBUG SQL:104 - 
    delete 
    from
        owners 
    where
        id=?
14:14:40,082 DEBUG SQL:104 - 
    insert 
    into
        owners
        (name, id) 
    values
        (?, ?)
14:14:40,091 DEBUG SQL:104 - 
    insert 
    into
        folders
        (name, parent, id) 
    values
        (?, ?, ?)
14:14:40,091 DEBUG SQL:104 - 
    insert 
    into
        documents
        (name, summary, folder, owner, text, lastTextModification, size_mb, id) 
    values
        (?, ?, ?, ?, ?, ?, ? / cast( 1024.0 as float ), ?)
14:14:40,092 DEBUG SQL:104 - 
    select
        document0_.id as id0_0_,
        document0_.name as name0_0_ 
    from
        documents document0_ 
    where
        document0_.id=?
14:14:40,092 DEBUG SQL:104 - 
    select
        document_.summary as summary0_,
        document_.folder as folder0_,
        document_.owner as owner0_,
        document_.text as text0_,
        document_.lastTextModification as lastText7_0_,
        document_.size_mb * 1024.0 as size8_0_,
        upper(document_.name) as formula81_ 
    from
        documents document_ 
    where
        document_.id=?
14:14:40,102 DEBUG SQL:104 - 
    select
        owner0_.id as id3_0_,
        owner0_.name as name3_0_ 
    from
        owners owner0_ 
    where
        owner0_.id=?
14:14:40,103 DEBUG SQL:104 - 
    select
        document0_.id as id0_,
        document0_.name as name0_ 
    from
        documents document0_
14:14:40,103 DEBUG SQL:104 - 
    select
        document_.summary as summary0_,
        document_.folder as folder0_,
        document_.owner as owner0_,
        document_.text as text0_,
        document_.lastTextModification as lastText7_0_,
        document_.size_mb * 1024.0 as size8_0_,
        upper(document_.name) as formula81_ 
    from
        documents document_ 
    where
        document_.id=?
14:14:40,113 DEBUG SQL:104 - 
    select
        owner0_.id as id3_0_,
        owner0_.name as name3_0_ 
    from
        owners owner0_ 
    where
        owner0_.id=?
14:14:40,114 DEBUG SQL:104 - 
    select
        document0_.id as id0_,
        document0_.name as name0_ 
    from
        documents document0_
14:14:40,114 DEBUG SQL:104 - 
    select
        document_.summary as summary0_,
        document_.folder as folder0_,
        document_.owner as owner0_,
        document_.text as text0_,
        document_.lastTextModification as lastText7_0_,
        document_.size_mb * 1024.0 as size8_0_,
        upper(document_.name) as formula81_ 
    from
        documents document_ 
    where
        document_.id=?
14:14:40,114 DEBUG SQL:104 - 
    select
        owner0_.id as id3_0_,
        owner0_.name as name3_0_ 
    from
        owners owner0_ 
    where
        owner0_.id=?
14:14:40,115 DEBUG SQL:104 - 
    select
        document0_.id as id0_,
        document0_.name as name0_ 
    from
        documents document0_
14:14:40,115 DEBUG SQL:104 - 
    update
        documents 
    set
        name=? 
    where
        id=?
14:14:40,116 DEBUG SQL:104 - 
    select
        document0_.id as id0_,
        document0_.name as name0_ 
    from
        documents document0_
14:14:40,116 DEBUG SQL:104 - 
    select
        document_.summary as summary0_,
        document_.folder as folder0_,
        document_.owner as owner0_,
        document_.text as text0_,
        document_.lastTextModification as lastText7_0_,
        document_.size_mb * 1024.0 as size8_0_,
        upper(document_.name) as formula81_ 
    from
        documents document_ 
    where
        document_.id=?
14:14:40,126 DEBUG SQL:104 - 
    select
        owner0_.id as id3_0_,
        owner0_.name as name3_0_ 
    from
        owners owner0_ 
    where
        owner0_.id=?
14:14:40,127 DEBUG SQL:104 - 
    select
        document0_.id as id0_,
        document0_.name as name0_ 
    from
        documents document0_
14:14:40,127 DEBUG SQL:104 - 
    select
        document_.summary as summary0_,
        document_.folder as folder0_,
        document_.owner as owner0_,
        document_.text as text0_,
        document_.lastTextModification as lastText7_0_,
        document_.size_mb * 1024.0 as size8_0_,
        upper(document_.name) as formula81_ 
    from
        documents document_ 
    where
        document_.id=?
14:14:40,136 DEBUG SQL:104 - 
    select
        owner0_.id as id3_0_,
        owner0_.name as name3_0_ 
    from
        owners owner0_ 
    where
        owner0_.id=?
14:14:40,137 DEBUG SQL:104 - 
    update
        documents 
    set
        name=?,
        summary=?,
        folder=?,
        owner=?,
        text=?,
        lastTextModification=?,
        size_mb=? / cast( 1024.0 as float ) 
    where
        id=?
14:14:40,138 DEBUG SQL:104 - 
    select
        document0_.id as id0_,
        document0_.name as name0_ 
    from
        documents document0_
14:14:40,138 DEBUG SQL:104 - 
    select
        document_.summary as summary0_,
        document_.folder as folder0_,
        document_.owner as owner0_,
        document_.text as text0_,
        document_.lastTextModification as lastText7_0_,
        document_.size_mb * 1024.0 as size8_0_,
        upper(document_.name) as formula81_ 
    from
        documents document_ 
    where
        document_.id=?
14:14:40,159 DEBUG SQL:104 - 
    select
        owner0_.id as id3_0_,
        owner0_.name as name3_0_ 
    from
        owners owner0_ 
    where
        owner0_.id=?
14:14:40,160 DEBUG SQL:104 - 
    select
        document0_.id as id0_,
        document0_.name as name0_ 
    from
        documents document0_
14:14:40,160 DEBUG SQL:104 - 
    select
        document_.summary as summary0_,
        document_.folder as folder0_,
        document_.owner as owner0_,
        document_.text as text0_,
        document_.lastTextModification as lastText7_0_,
        document_.size_mb * 1024.0 as size8_0_,
        upper(document_.name) as formula81_ 
    from
        documents document_ 
    where
        document_.id=?
14:14:40,160 DEBUG SQL:104 - 
    select
        owner0_.id as id3_0_,
        owner0_.name as name3_0_ 
    from
        owners owner0_ 
    where
        owner0_.id=?
14:14:40,170 DEBUG SQL:104 - 
    select
        document0_.id as id0_,
        document0_.name as name0_ 
    from
        documents document0_
14:14:40,170 DEBUG SQL:104 - 
    update
        documents 
    set
        name=? 
    where
        id=?
14:14:40,171 DEBUG SQL:104 - 
    select
        document_.summary as summary0_,
        document_.folder as folder0_,
        document_.owner as owner0_,
        document_.text as text0_,
        document_.lastTextModification as lastText7_0_,
        document_.size_mb * 1024.0 as size8_0_,
        upper(document_.name) as formula81_ 
    from
        documents document_ 
    where
        document_.id=?
14:14:40,180 DEBUG SQL:104 - 
    select
        owner0_.id as id3_0_,
        owner0_.name as name3_0_ 
    from
        owners owner0_ 
    where
        owner0_.id=?
14:14:40,180 DEBUG SQL:104 - 
    update
        documents 
    set
        name=?,
        summary=?,
        folder=?,
        owner=?,
        text=?,
        lastTextModification=?,
        size_mb=? / cast( 1024.0 as float ) 
    where
        id=?
14:14:40,181 DEBUG SQL:104 - 
    select
        document0_.id as id0_,
        document0_.name as name0_ 
    from
        documents document0_
14:14:40,181 DEBUG SQL:104 - 
    select
        document_.summary as summary0_,
        document_.folder as folder0_,
        document_.owner as owner0_,
        document_.text as text0_,
        document_.lastTextModification as lastText7_0_,
        document_.size_mb * 1024.0 as size8_0_,
        upper(document_.name) as formula81_ 
    from
        documents document_ 
    where
        document_.id=?
14:14:40,191 DEBUG SQL:104 - 
    select
        owner0_.id as id3_0_,
        owner0_.name as name3_0_ 
    from
        owners owner0_ 
    where
        owner0_.id=?
14:14:40,192 DEBUG SQL:104 - 
    select
        document0_.id as id0_0_,
        document0_.name as name0_0_ 
    from
        documents document0_ 
    where
        document0_.id=?
14:14:40,192 DEBUG SQL:104 - 
    select
        document0_.id as id0_,
        document0_.name as name0_ 
    from
        documents document0_
14:14:40,200 DEBUG SQL:104 - 
    select
        document_.summary as summary0_,
        document_.folder as folder0_,
        document_.owner as owner0_,
        document_.text as text0_,
        document_.lastTextModification as lastText7_0_,
        document_.size_mb * 1024.0 as size8_0_,
        upper(document_.name) as formula81_ 
    from
        documents document_ 
    where
        document_.id=?
14:14:40,201 DEBUG SQL:104 - 
    select
        owner0_.id as id3_0_,
        owner0_.name as name3_0_ 
    from
        owners owner0_ 
    where
        owner0_.id=?
14:14:40,201 DEBUG SQL:104 - 
    select
        folder0_.id as id2_0_,
        folder0_.name as name2_0_,
        folder0_.parent as parent2_0_ 
    from
        folders folder0_ 
    where
        folder0_.id=?
14:14:40,212 DEBUG SQL:104 - 
    select
        documents0_.folder as folder2_1_,
        documents0_.id as id0_1_,
        documents0_.id as id0_0_,
        documents0_.name as name0_0_ 
    from
        documents documents0_ 
    where
        documents0_.folder=?
14:14:40,213 DEBUG SQL:104 - 
    delete 
    from
        documents 
    where
        id=?
14:14:40,213 DEBUG SQL:104 - 
    delete 
    from
        folders 
    where
        id=?
14:14:40,213 DEBUG SQL:104 - 
    delete 
    from
        owners 
    where
        id=?
14:14:40,223 DEBUG SQL:104 - 
    insert 
    into
        owners
        (name, id) 
    values
        (?, ?)
14:14:40,223 DEBUG SQL:104 - 
    insert 
    into
        folders
        (name, parent, id) 
    values
        (?, ?, ?)
14:14:40,223 DEBUG SQL:104 - 
    insert 
    into
        documents
        (name, summary, folder, owner, text, lastTextModification, size_mb, id) 
    values
        (?, ?, ?, ?, ?, ?, ? / cast( 1024.0 as float ), ?)
14:14:40,224 DEBUG SQL:104 - 
    select
        document0_.id as id0_0_,
        document0_.name as name0_0_ 
    from
        documents document0_ 
    where
        document0_.id=?
14:14:40,224 DEBUG SQL:104 - 
    select
        document_.summary as summary0_,
        document_.folder as folder0_,
        document_.owner as owner0_,
        document_.text as text0_,
        document_.lastTextModification as lastText7_0_,
        document_.size_mb * 1024.0 as size8_0_,
        upper(document_.name) as formula81_ 
    from
        documents document_ 
    where
        document_.id=?
14:14:40,233 DEBUG SQL:104 - 
    select
        owner0_.id as id3_0_,
        owner0_.name as name3_0_ 
    from
        owners owner0_ 
    where
        owner0_.id=?
14:14:40,234 DEBUG SQL:104 - 
    select
        document0_.id as id0_,
        document0_.name as name0_ 
    from
        documents document0_
14:14:40,234 DEBUG SQL:104 - 
    select
        document_.summary as summary0_,
        document_.folder as folder0_,
        document_.owner as owner0_,
        document_.text as text0_,
        document_.lastTextModification as lastText7_0_,
        document_.size_mb * 1024.0 as size8_0_,
        upper(document_.name) as formula81_ 
    from
        documents document_ 
    where
        document_.id=?
14:14:40,243 DEBUG SQL:104 - 
    select
        owner0_.id as id3_0_,
        owner0_.name as name3_0_ 
    from
        owners owner0_ 
    where
        owner0_.id=?
14:14:40,244 DEBUG SQL:104 - 
    select
        document0_.id as id0_,
        document0_.name as name0_ 
    from
        documents document0_
14:14:40,244 DEBUG SQL:104 - 
    select
        document_.summary as summary0_,
        document_.folder as folder0_,
        document_.owner as owner0_,
        document_.text as text0_,
        document_.lastTextModification as lastText7_0_,
        document_.size_mb * 1024.0 as size8_0_,
        upper(document_.name) as formula81_ 
    from
        documents document_ 
    where
        document_.id=?
14:14:40,245 DEBUG SQL:104 - 
    select
        owner0_.id as id3_0_,
        owner0_.name as name3_0_ 
    from
        owners owner0_ 
    where
        owner0_.id=?
14:14:40,245 DEBUG SQL:104 - 
    select
        document0_.id as id0_,
        document0_.name as name0_ 
    from
        documents document0_
14:14:40,245 DEBUG SQL:104 - 
    update
        documents 
    set
        name=? 
    where
        id=?
14:14:40,246 DEBUG SQL:104 - 
    select
        document0_.id as id0_,
        document0_.name as name0_ 
    from
        documents document0_
14:14:40,258 DEBUG SQL:104 - 
    select
        document_.summary as summary0_,
        document_.folder as folder0_,
        document_.owner as owner0_,
        document_.text as text0_,
        document_.lastTextModification as lastText7_0_,
        document_.size_mb * 1024.0 as size8_0_,
        upper(document_.name) as formula81_ 
    from
        documents document_ 
    where
        document_.id=?
14:14:40,259 DEBUG SQL:104 - 
    select
        owner0_.id as id3_0_,
        owner0_.name as name3_0_ 
    from
        owners owner0_ 
    where
        owner0_.id=?
14:14:40,259 DEBUG SQL:104 - 
    select
        document0_.id as id0_,
        document0_.name as name0_ 
    from
        documents document0_
14:14:40,260 DEBUG SQL:104 - 
    select
        document_.summary as summary0_,
        document_.folder as folder0_,
        document_.owner as owner0_,
        document_.text as text0_,
        document_.lastTextModification as lastText7_0_,
        document_.size_mb * 1024.0 as size8_0_,
        upper(document_.name) as formula81_ 
    from
        documents document_ 
    where
        document_.id=?
14:14:40,268 DEBUG SQL:104 - 
    select
        owner0_.id as id3_0_,
        owner0_.name as name3_0_ 
    from
        owners owner0_ 
    where
        owner0_.id=?
14:14:40,269 DEBUG SQL:104 - 
    update
        documents 
    set
        name=?,
        summary=?,
        folder=?,
        owner=?,
        text=?,
        lastTextModification=?,
        size_mb=? / cast( 1024.0 as float ) 
    where
        id=?
14:14:40,270 DEBUG SQL:104 - 
    select
        document0_.id as id0_,
        document0_.name as name0_ 
    from
        documents document0_
14:14:40,270 DEBUG SQL:104 - 
    select
        document_.summary as summary0_,
        document_.folder as folder0_,
        document_.owner as owner0_,
        document_.text as text0_,
        document_.lastTextModification as lastText7_0_,
        document_.size_mb * 1024.0 as size8_0_,
        upper(document_.name) as formula81_ 
    from
        documents document_ 
    where
        document_.id=?
14:14:40,293 DEBUG SQL:104 - 
    select
        owner0_.id as id3_0_,
        owner0_.name as name3_0_ 
    from
        owners owner0_ 
    where
        owner0_.id=?
14:14:40,294 DEBUG SQL:104 - 
    select
        document0_.id as id0_,
        document0_.name as name0_ 
    from
        documents document0_
14:14:40,294 DEBUG SQL:104 - 
    select
        document_.summary as summary0_,
        document_.folder as folder0_,
        document_.owner as owner0_,
        document_.text as text0_,
        document_.lastTextModification as lastText7_0_,
        document_.size_mb * 1024.0 as size8_0_,
        upper(document_.name) as formula81_ 
    from
        documents document_ 
    where
        document_.id=?
14:14:40,294 DEBUG SQL:104 - 
    select
        owner0_.id as id3_0_,
        owner0_.name as name3_0_ 
    from
        owners owner0_ 
    where
        owner0_.id=?
14:14:40,295 DEBUG SQL:104 - 
    select
        document0_.id as id0_,
        document0_.name as name0_ 
    from
        documents document0_
14:14:40,295 DEBUG SQL:104 - 
    update
        documents 
    set
        name=? 
    where
        id=?
14:14:40,295 DEBUG SQL:104 - 
    select
        document_.summary as summary0_,
        document_.folder as folder0_,
        document_.owner as owner0_,
        document_.text as text0_,
        document_.lastTextModification as lastText7_0_,
        document_.size_mb * 1024.0 as size8_0_,
        upper(document_.name) as formula81_ 
    from
        documents document_ 
    where
        document_.id=?
14:14:40,295 DEBUG SQL:104 - 
    select
        owner0_.id as id3_0_,
        owner0_.name as name3_0_ 
    from
        owners owner0_ 
    where
        owner0_.id=?
14:14:40,320 DEBUG SQL:104 - 
    update
        documents 
    set
        name=?,
        summary=?,
        folder=?,
        owner=?,
        text=?,
        lastTextModification=?,
        size_mb=? / cast( 1024.0 as float ) 
    where
        id=?
14:14:40,321 DEBUG SQL:104 - 
    select
        document0_.id as id0_,
        document0_.name as name0_ 
    from
        documents document0_
14:14:40,321 DEBUG SQL:104 - 
    select
        document_.summary as summary0_,
        document_.folder as folder0_,
        document_.owner as owner0_,
        document_.text as text0_,
        document_.lastTextModification as lastText7_0_,
        document_.size_mb * 1024.0 as size8_0_,
        upper(document_.name) as formula81_ 
    from
        documents document_ 
    where
        document_.id=?
14:14:40,331 DEBUG SQL:104 - 
    select
        owner0_.id as id3_0_,
        owner0_.name as name3_0_ 
    from
        owners owner0_ 
    where
        owner0_.id=?
14:14:40,331 DEBUG SQL:104 - 
    select
        document0_.id as id0_0_,
        document0_.name as name0_0_ 
    from
        documents document0_ 
    where
        document0_.id=?
14:14:40,332 DEBUG SQL:104 - 
    select
        document0_.id as id0_,
        document0_.name as name0_ 
    from
        documents document0_
14:14:40,332 DEBUG SQL:104 - 
    select
        document_.summary as summary0_,
        document_.folder as folder0_,
        document_.owner as owner0_,
        document_.text as text0_,
        document_.lastTextModification as lastText7_0_,
        document_.size_mb * 1024.0 as size8_0_,
        upper(document_.name) as formula81_ 
    from
        documents document_ 
    where
        document_.id=?
14:14:40,341 DEBUG SQL:104 - 
    select
        owner0_.id as id3_0_,
        owner0_.name as name3_0_ 
    from
        owners owner0_ 
    where
        owner0_.id=?
14:14:40,342 DEBUG SQL:104 - 
    select
        folder0_.id as id2_0_,
        folder0_.name as name2_0_,
        folder0_.parent as parent2_0_ 
    from
        folders folder0_ 
    where
        folder0_.id=?
14:14:40,342 DEBUG SQL:104 - 
    select
        documents0_.folder as folder2_1_,
        documents0_.id as id0_1_,
        documents0_.id as id0_0_,
        documents0_.name as name0_0_ 
    from
        documents documents0_ 
    where
        documents0_.folder=?
14:14:40,352 DEBUG SQL:104 - 
    delete 
    from
        documents 
    where
        id=?
14:14:40,352 DEBUG SQL:104 - 
    delete 
    from
        folders 
    where
        id=?
14:14:40,352 DEBUG SQL:104 - 
    delete 
    from
        owners 
    where
        id=?
14:14:40,353 DEBUG SQL:104 - 
    insert 
    into
        owners
        (name, id) 
    values
        (?, ?)
14:14:40,353 DEBUG SQL:104 - 
    insert 
    into
        folders
        (name, parent, id) 
    values
        (?, ?, ?)
14:14:40,362 DEBUG SQL:104 - 
    insert 
    into
        documents
        (name, summary, folder, owner, text, lastTextModification, size_mb, id) 
    values
        (?, ?, ?, ?, ?, ?, ? / cast( 1024.0 as float ), ?)
14:14:40,363 DEBUG SQL:104 - 
    select
        document0_.id as id0_0_,
        document0_.name as name0_0_ 
    from
        documents document0_ 
    where
        document0_.id=?
14:14:40,363 DEBUG SQL:104 - 
    select
        document_.summary as summary0_,
        document_.folder as folder0_,
        document_.owner as owner0_,
        document_.text as text0_,
        document_.lastTextModification as lastText7_0_,
        document_.size_mb * 1024.0 as size8_0_,
        upper(document_.name) as formula81_ 
    from
        documents document_ 
    where
        document_.id=?
14:14:40,373 DEBUG SQL:104 - 
    select
        owner0_.id as id3_0_,
        owner0_.name as name3_0_ 
    from
        owners owner0_ 
    where
        owner0_.id=?
14:14:40,374 DEBUG SQL:104 - 
    select
        document0_.id as id0_,
        document0_.name as name0_ 
    from
        documents document0_
14:14:40,374 DEBUG SQL:104 - 
    select
        document_.summary as summary0_,
        document_.folder as folder0_,
        document_.owner as owner0_,
        document_.text as text0_,
        document_.lastTextModification as lastText7_0_,
        document_.size_mb * 1024.0 as size8_0_,
        upper(document_.name) as formula81_ 
    from
        documents document_ 
    where
        document_.id=?
14:14:40,374 DEBUG SQL:104 - 
    select
        owner0_.id as id3_0_,
        owner0_.name as name3_0_ 
    from
        owners owner0_ 
    where
        owner0_.id=?
14:14:40,375 DEBUG SQL:104 - 
    select
        document0_.id as id0_,
        document0_.name as name0_ 
    from
        documents document0_
14:14:40,375 DEBUG SQL:104 - 
    select
        document_.summary as summary0_,
        document_.folder as folder0_,
        document_.owner as owner0_,
        document_.text as text0_,
        document_.lastTextModification as lastText7_0_,
        document_.size_mb * 1024.0 as size8_0_,
        upper(document_.name) as formula81_ 
    from
        documents document_ 
    where
        document_.id=?
14:14:40,375 DEBUG SQL:104 - 
    select
        owner0_.id as id3_0_,
        owner0_.name as name3_0_ 
    from
        owners owner0_ 
    where
        owner0_.id=?
14:14:40,388 DEBUG SQL:104 - 
    select
        document0_.id as id0_,
        document0_.name as name0_ 
    from
        documents document0_
14:14:40,388 DEBUG SQL:104 - 
    update
        documents 
    set
        name=? 
    where
        id=?
14:14:40,389 DEBUG SQL:104 - 
    select
        document0_.id as id0_,
        document0_.name as name0_ 
    from
        documents document0_
14:14:40,389 DEBUG SQL:104 - 
    select
        document_.summary as summary0_,
        document_.folder as folder0_,
        document_.owner as owner0_,
        document_.text as text0_,
        document_.lastTextModification as lastText7_0_,
        document_.size_mb * 1024.0 as size8_0_,
        upper(document_.name) as formula81_ 
    from
        documents document_ 
    where
        document_.id=?
14:14:40,397 DEBUG SQL:104 - 
    select
        owner0_.id as id3_0_,
        owner0_.name as name3_0_ 
    from
        owners owner0_ 
    where
        owner0_.id=?
14:14:40,398 DEBUG SQL:104 - 
    select
        document0_.id as id0_,
        document0_.name as name0_ 
    from
        documents document0_
14:14:40,398 DEBUG SQL:104 - 
    select
        document_.summary as summary0_,
        document_.folder as folder0_,
        document_.owner as owner0_,
        document_.text as text0_,
        document_.lastTextModification as lastText7_0_,
        document_.size_mb * 1024.0 as size8_0_,
        upper(document_.name) as formula81_ 
    from
        documents document_ 
    where
        document_.id=?
14:14:40,398 DEBUG SQL:104 - 
    select
        owner0_.id as id3_0_,
        owner0_.name as name3_0_ 
    from
        owners owner0_ 
    where
        owner0_.id=?
14:14:40,398 DEBUG SQL:104 - 
    update
        documents 
    set
        name=?,
        summary=?,
        folder=?,
        owner=?,
        text=?,
        lastTextModification=?,
        size_mb=? / cast( 1024.0 as float ) 
    where
        id=?
14:14:40,421 DEBUG SQL:104 - 
    select
        document0_.id as id0_,
        document0_.name as name0_ 
    from
        documents document0_
14:14:40,421 DEBUG SQL:104 - 
    select
        document_.summary as summary0_,
        document_.folder as folder0_,
        document_.owner as owner0_,
        document_.text as text0_,
        document_.lastTextModification as lastText7_0_,
        document_.size_mb * 1024.0 as size8_0_,
        upper(document_.name) as formula81_ 
    from
        documents document_ 
    where
        document_.id=?
14:14:40,422 DEBUG SQL:104 - 
    select
        owner0_.id as id3_0_,
        owner0_.name as name3_0_ 
    from
        owners owner0_ 
    where
        owner0_.id=?
14:14:40,431 DEBUG SQL:104 - 
    select
        document0_.id as id0_,
        document0_.name as name0_ 
    from
        documents document0_
14:14:40,432 DEBUG SQL:104 - 
    select
        document_.summary as summary0_,
        document_.folder as folder0_,
        document_.owner as owner0_,
        document_.text as text0_,
        document_.lastTextModification as lastText7_0_,
        document_.size_mb * 1024.0 as size8_0_,
        upper(document_.name) as formula81_ 
    from
        documents document_ 
    where
        document_.id=?
14:14:40,432 DEBUG SQL:104 - 
    select
        owner0_.id as id3_0_,
        owner0_.name as name3_0_ 
    from
        owners owner0_ 
    where
        owner0_.id=?
14:14:40,440 DEBUG SQL:104 - 
    select
        document0_.id as id0_,
        document0_.name as name0_ 
    from
        documents document0_
14:14:40,441 DEBUG SQL:104 - 
    update
        documents 
    set
        name=? 
    where
        id=?
14:14:40,441 DEBUG SQL:104 - 
    select
        document_.summary as summary0_,
        document_.folder as folder0_,
        document_.owner as owner0_,
        document_.text as text0_,
        document_.lastTextModification as lastText7_0_,
        document_.size_mb * 1024.0 as size8_0_,
        upper(document_.name) as formula81_ 
    from
        documents document_ 
    where
        document_.id=?
14:14:40,442 DEBUG SQL:104 - 
    select
        owner0_.id as id3_0_,
        owner0_.name as name3_0_ 
    from
        owners owner0_ 
    where
        owner0_.id=?
14:14:40,452 DEBUG SQL:104 - 
    update
        documents 
    set
        name=?,
        summary=?,
        folder=?,
        owner=?,
        text=?,
        lastTextModification=?,
        size_mb=? / cast( 1024.0 as float ) 
    where
        id=?
14:14:40,453 DEBUG SQL:104 - 
    select
        document0_.id as id0_,
        document0_.name as name0_ 
    from
        documents document0_
14:14:40,453 DEBUG SQL:104 - 
    select
        document_.summary as summary0_,
        document_.folder as folder0_,
        document_.owner as owner0_,
        document_.text as text0_,
        document_.lastTextModification as lastText7_0_,
        document_.size_mb * 1024.0 as size8_0_,
        upper(document_.name) as formula81_ 
    from
        documents document_ 
    where
        document_.id=?
14:14:40,462 DEBUG SQL:104 - 
    select
        owner0_.id as id3_0_,
        owner0_.name as name3_0_ 
    from
        owners owner0_ 
    where
        owner0_.id=?
14:14:40,462 DEBUG SQL:104 - 
    select
        document0_.id as id0_0_,
        document0_.name as name0_0_ 
    from
        documents document0_ 
    where
        document0_.id=?
14:14:40,463 DEBUG SQL:104 - 
    select
        document0_.id as id0_,
        document0_.name as name0_ 
    from
        documents document0_
14:14:40,463 DEBUG SQL:104 - 
    select
        document_.summary as summary0_,
        document_.folder as folder0_,
        document_.owner as owner0_,
        document_.text as text0_,
        document_.lastTextModification as lastText7_0_,
        document_.size_mb * 1024.0 as size8_0_,
        upper(document_.name) as formula81_ 
    from
        documents document_ 
    where
        document_.id=?
14:14:40,472 DEBUG SQL:104 - 
    select
        owner0_.id as id3_0_,
        owner0_.name as name3_0_ 
    from
        owners owner0_ 
    where
        owner0_.id=?
14:14:40,472 DEBUG SQL:104 - 
    select
        folder0_.id as id2_0_,
        folder0_.name as name2_0_,
        folder0_.parent as parent2_0_ 
    from
        folders folder0_ 
    where
        folder0_.id=?
14:14:40,473 DEBUG SQL:104 - 
    select
        documents0_.folder as folder2_1_,
        documents0_.id as id0_1_,
        documents0_.id as id0_0_,
        documents0_.name as name0_0_ 
    from
        documents documents0_ 
    where
        documents0_.folder=?
14:14:40,482 DEBUG SQL:104 - 
    delete 
    from
        documents 
    where
        id=?
14:14:40,482 DEBUG SQL:104 - 
    delete 
    from
        folders 
    where
        id=?
14:14:40,483 DEBUG SQL:104 - 
    delete 
    from
        owners 
    where
        id=?
14:14:40,483 DEBUG SQL:104 - 
    insert 
    into
        owners
        (name, id) 
    values
        (?, ?)
14:14:40,491 DEBUG SQL:104 - 
    insert 
    into
        folders
        (name, parent, id) 
    values
        (?, ?, ?)
14:14:40,492 DEBUG SQL:104 - 
    insert 
    into
        documents
        (name, summary, folder, owner, text, lastTextModification, size_mb, id) 
    values
        (?, ?, ?, ?, ?, ?, ? / cast( 1024.0 as float ), ?)
14:14:40,492 DEBUG SQL:104 - 
    select
        document0_.id as id0_0_,
        document0_.name as name0_0_ 
    from
        documents document0_ 
    where
        document0_.id=?
14:14:40,493 DEBUG SQL:104 - 
    select
        document_.summary as summary0_,
        document_.folder as folder0_,
        document_.owner as owner0_,
        document_.text as text0_,
        document_.lastTextModification as lastText7_0_,
        document_.size_mb * 1024.0 as size8_0_,
        upper(document_.name) as formula81_ 
    from
        documents document_ 
    where
        document_.id=?
14:14:40,502 DEBUG SQL:104 - 
    select
        owner0_.id as id3_0_,
        owner0_.name as name3_0_ 
    from
        owners owner0_ 
    where
        owner0_.id=?
14:14:40,502 DEBUG SQL:104 - 
    select
        document0_.id as id0_,
        document0_.name as name0_ 
    from
        documents document0_
14:14:40,503 DEBUG SQL:104 - 
    select
        document_.summary as summary0_,
        document_.folder as folder0_,
        document_.owner as owner0_,
        document_.text as text0_,
        document_.lastTextModification as lastText7_0_,
        document_.size_mb * 1024.0 as size8_0_,
        upper(document_.name) as formula81_ 
    from
        documents document_ 
    where
        document_.id=?
14:14:40,503 DEBUG SQL:104 - 
    select
        owner0_.id as id3_0_,
        owner0_.name as name3_0_ 
    from
        owners owner0_ 
    where
        owner0_.id=?
14:14:40,503 DEBUG SQL:104 - 
    select
        document0_.id as id0_,
        document0_.name as name0_ 
    from
        documents document0_
14:14:40,504 DEBUG SQL:104 - 
    select
        document_.summary as summary0_,
        document_.folder as folder0_,
        document_.owner as owner0_,
        document_.text as text0_,
        document_.lastTextModification as lastText7_0_,
        document_.size_mb * 1024.0 as size8_0_,
        upper(document_.name) as formula81_ 
    from
        documents document_ 
    where
        document_.id=?
14:14:40,518 DEBUG SQL:104 - 
    select
        owner0_.id as id3_0_,
        owner0_.name as name3_0_ 
    from
        owners owner0_ 
    where
        owner0_.id=?
14:14:40,519 DEBUG SQL:104 - 
    select
        document0_.id as id0_,
        document0_.name as name0_ 
    from
        documents document0_
14:14:40,519 DEBUG SQL:104 - 
    update
        documents 
    set
        name=? 
    where
        id=?
14:14:40,520 DEBUG SQL:104 - 
    select
        document0_.id as id0_,
        document0_.name as name0_ 
    from
        documents document0_
14:14:40,520 DEBUG SQL:104 - 
    select
        document_.summary as summary0_,
        document_.folder as folder0_,
        document_.owner as owner0_,
        document_.text as text0_,
        document_.lastTextModification as lastText7_0_,
        document_.size_mb * 1024.0 as size8_0_,
        upper(document_.name) as formula81_ 
    from
        documents document_ 
    where
        document_.id=?
14:14:40,529 DEBUG SQL:104 - 
    select
        owner0_.id as id3_0_,
        owner0_.name as name3_0_ 
    from
        owners owner0_ 
    where
        owner0_.id=?
14:14:40,530 DEBUG SQL:104 - 
    select
        document0_.id as id0_,
        document0_.name as name0_ 
    from
        documents document0_
14:14:40,530 DEBUG SQL:104 - 
    select
        document_.summary as summary0_,
        document_.folder as folder0_,
        document_.owner as owner0_,
        document_.text as text0_,
        document_.lastTextModification as lastText7_0_,
        document_.size_mb * 1024.0 as size8_0_,
        upper(document_.name) as formula81_ 
    from
        documents document_ 
    where
        document_.id=?
14:14:40,530 DEBUG SQL:104 - 
    select
        owner0_.id as id3_0_,
        owner0_.name as name3_0_ 
    from
        owners owner0_ 
    where
        owner0_.id=?
14:14:40,530 DEBUG SQL:104 - 
    update
        documents 
    set
        name=?,
        summary=?,
        folder=?,
        owner=?,
        text=?,
        lastTextModification=?,
        size_mb=? / cast( 1024.0 as float ) 
    where
        id=?
14:14:40,554 DEBUG SQL:104 - 
    select
        document0_.id as id0_,
        document0_.name as name0_ 
    from
        documents document0_
14:14:40,555 DEBUG SQL:104 - 
    select
        document_.summary as summary0_,
        document_.folder as folder0_,
        document_.owner as owner0_,
        document_.text as text0_,
        document_.lastTextModification as lastText7_0_,
        document_.size_mb * 1024.0 as size8_0_,
        upper(document_.name) as formula81_ 
    from
        documents document_ 
    where
        document_.id=?
14:14:40,563 DEBUG SQL:104 - 
    select
        owner0_.id as id3_0_,
        owner0_.name as name3_0_ 
    from
        owners owner0_ 
    where
        owner0_.id=?
14:14:40,564 DEBUG SQL:104 - 
    select
        document0_.id as id0_,
        document0_.name as name0_ 
    from
        documents document0_
14:14:40,564 DEBUG SQL:104 - 
    select
        document_.summary as summary0_,
        document_.folder as folder0_,
        document_.owner as owner0_,
        document_.text as text0_,
        document_.lastTextModification as lastText7_0_,
        document_.size_mb * 1024.0 as size8_0_,
        upper(document_.name) as formula81_ 
    from
        documents document_ 
    where
        document_.id=?
14:14:40,565 DEBUG SQL:104 - 
    select
        owner0_.id as id3_0_,
        owner0_.name as name3_0_ 
    from
        owners owner0_ 
    where
        owner0_.id=?
14:14:40,574 DEBUG SQL:104 - 
    select
        document0_.id as id0_,
        document0_.name as name0_ 
    from
        documents document0_
14:14:40,575 DEBUG SQL:104 - 
    update
        documents 
    set
        name=? 
    where
        id=?
14:14:40,575 DEBUG SQL:104 - 
    select
        document_.summary as summary0_,
        document_.folder as folder0_,
        document_.owner as owner0_,
        document_.text as text0_,
        document_.lastTextModification as lastText7_0_,
        document_.size_mb * 1024.0 as size8_0_,
        upper(document_.name) as formula81_ 
    from
        documents document_ 
    where
        document_.id=?
14:14:40,584 DEBUG SQL:104 - 
    select
        owner0_.id as id3_0_,
        owner0_.name as name3_0_ 
    from
        owners owner0_ 
    where
        owner0_.id=?
14:14:40,585 DEBUG SQL:104 - 
    update
        documents 
    set
        name=?,
        summary=?,
        folder=?,
        owner=?,
        text=?,
        lastTextModification=?,
        size_mb=? / cast( 1024.0 as float ) 
    where
        id=?
14:14:40,586 DEBUG SQL:104 - 
    select
        document0_.id as id0_,
        document0_.name as name0_ 
    from
        documents document0_
14:14:40,586 DEBUG SQL:104 - 
    select
        document_.summary as summary0_,
        document_.folder as folder0_,
        document_.owner as owner0_,
        document_.text as text0_,
        document_.lastTextModification as lastText7_0_,
        document_.size_mb * 1024.0 as size8_0_,
        upper(document_.name) as formula81_ 
    from
        documents document_ 
    where
        document_.id=?
14:14:40,595 DEBUG SQL:104 - 
    select
        owner0_.id as id3_0_,
        owner0_.name as name3_0_ 
    from
        owners owner0_ 
    where
        owner0_.id=?
14:14:40,596 DEBUG SQL:104 - 
    select
        document0_.id as id0_0_,
        document0_.name as name0_0_ 
    from
        documents document0_ 
    where
        document0_.id=?
14:14:40,596 DEBUG SQL:104 - 
    select
        document0_.id as id0_,
        document0_.name as name0_ 
    from
        documents document0_
14:14:40,605 DEBUG SQL:104 - 
    select
        document_.summary as summary0_,
        document_.folder as folder0_,
        document_.owner as owner0_,
        document_.text as text0_,
        document_.lastTextModification as lastText7_0_,
        document_.size_mb * 1024.0 as size8_0_,
        upper(document_.name) as formula81_ 
    from
        documents document_ 
    where
        document_.id=?
14:14:40,606 DEBUG SQL:104 - 
    select
        owner0_.id as id3_0_,
        owner0_.name as name3_0_ 
    from
        owners owner0_ 
    where
        owner0_.id=?
14:14:40,606 DEBUG SQL:104 - 
    select
        folder0_.id as id2_0_,
        folder0_.name as name2_0_,
        folder0_.parent as parent2_0_ 
    from
        folders folder0_ 
    where
        folder0_.id=?
14:14:40,616 DEBUG SQL:104 - 
    select
        documents0_.folder as folder2_1_,
        documents0_.id as id0_1_,
        documents0_.id as id0_0_,
        documents0_.name as name0_0_ 
    from
        documents documents0_ 
    where
        documents0_.folder=?
14:14:40,617 DEBUG SQL:104 - 
    delete 
    from
        documents 
    where
        id=?
14:14:40,617 DEBUG SQL:104 - 
    delete 
    from
        folders 
    where
        id=?
14:14:40,617 DEBUG SQL:104 - 
    delete 
    from
        owners 
    where
        id=?
14:14:40,618 DEBUG SQL:104 - 
    insert 
    into
        owners
        (name, id) 
    values
        (?, ?)
14:14:40,627 DEBUG SQL:104 - 
    insert 
    into
        folders
        (name, parent, id) 
    values
        (?, ?, ?)
14:14:40,627 DEBUG SQL:104 - 
    insert 
    into
        documents
        (name, summary, folder, owner, text, lastTextModification, size_mb, id) 
    values
        (?, ?, ?, ?, ?, ?, ? / cast( 1024.0 as float ), ?)
14:14:40,627 DEBUG SQL:104 - 
    select
        document0_.id as id0_0_,
        document0_.name as name0_0_ 
    from
        documents document0_ 
    where
        document0_.id=?
14:14:40,628 DEBUG SQL:104 - 
    select
        document_.summary as summary0_,
        document_.folder as folder0_,
        document_.owner as owner0_,
        document_.text as text0_,
        document_.lastTextModification as lastText7_0_,
        document_.size_mb * 1024.0 as size8_0_,
        upper(document_.name) as formula81_ 
    from
        documents document_ 
    where
        document_.id=?
14:14:40,637 DEBUG SQL:104 - 
    select
        owner0_.id as id3_0_,
        owner0_.name as name3_0_ 
    from
        owners owner0_ 
    where
        owner0_.id=?
14:14:40,638 DEBUG SQL:104 - 
    select
        document0_.id as id0_,
        document0_.name as name0_ 
    from
        documents document0_
14:14:40,638 DEBUG SQL:104 - 
    select
        document_.summary as summary0_,
        document_.folder as folder0_,
        document_.owner as owner0_,
        document_.text as text0_,
        document_.lastTextModification as lastText7_0_,
        document_.size_mb * 1024.0 as size8_0_,
        upper(document_.name) as formula81_ 
    from
        documents document_ 
    where
        document_.id=?
14:14:40,638 DEBUG SQL:104 - 
    select
        owner0_.id as id3_0_,
        owner0_.name as name3_0_ 
    from
        owners owner0_ 
    where
        owner0_.id=?
14:14:40,639 DEBUG SQL:104 - 
    select
        document0_.id as id0_,
        document0_.name as name0_ 
    from
        documents document0_
14:14:40,639 DEBUG SQL:104 - 
    select
        document_.summary as summary0_,
        document_.folder as folder0_,
        document_.owner as owner0_,
        document_.text as text0_,
        document_.lastTextModification as lastText7_0_,
        document_.size_mb * 1024.0 as size8_0_,
        upper(document_.name) as formula81_ 
    from
        documents document_ 
    where
        document_.id=?
14:14:40,648 DEBUG SQL:104 - 
    select
        owner0_.id as id3_0_,
        owner0_.name as name3_0_ 
    from
        owners owner0_ 
    where
        owner0_.id=?
14:14:40,649 DEBUG SQL:104 - 
    select
        document0_.id as id0_,
        document0_.name as name0_ 
    from
        documents document0_
14:14:40,649 DEBUG SQL:104 - 
    update
        documents 
    set
        name=? 
    where
        id=?
14:14:40,649 DEBUG SQL:104 - 
    select
        document0_.id as id0_,
        document0_.name as name0_ 
    from
        documents document0_
14:14:40,657 DEBUG SQL:104 - 
    select
        document_.summary as summary0_,
        document_.folder as folder0_,
        document_.owner as owner0_,
        document_.text as text0_,
        document_.lastTextModification as lastText7_0_,
        document_.size_mb * 1024.0 as size8_0_,
        upper(document_.name) as formula81_ 
    from
        documents document_ 
    where
        document_.id=?
14:14:40,658 DEBUG SQL:104 - 
    select
        owner0_.id as id3_0_,
        owner0_.name as name3_0_ 
    from
        owners owner0_ 
    where
        owner0_.id=?
14:14:40,658 DEBUG SQL:104 - 
    select
        document0_.id as id0_,
        document0_.name as name0_ 
    from
        documents document0_
14:14:40,659 DEBUG SQL:104 - 
    select
        document_.summary as summary0_,
        document_.folder as folder0_,
        document_.owner as owner0_,
        document_.text as text0_,
        document_.lastTextModification as lastText7_0_,
        document_.size_mb * 1024.0 as size8_0_,
        upper(document_.name) as formula81_ 
    from
        documents document_ 
    where
        document_.id=?
14:14:40,659 DEBUG SQL:104 - 
    select
        owner0_.id as id3_0_,
        owner0_.name as name3_0_ 
    from
        owners owner0_ 
    where
        owner0_.id=?
14:14:40,706 DEBUG SQL:104 - 
    update
        documents 
    set
        name=?,
        summary=?,
        folder=?,
        owner=?,
        text=?,
        lastTextModification=?,
        size_mb=? / cast( 1024.0 as float ) 
    where
        id=?
14:14:40,707 DEBUG SQL:104 - 
    select
        document0_.id as id0_,
        document0_.name as name0_ 
    from
        documents document0_
14:14:40,707 DEBUG SQL:104 - 
    select
        document_.summary as summary0_,
        document_.folder as folder0_,
        document_.owner as owner0_,
        document_.text as text0_,
        document_.lastTextModification as lastText7_0_,
        document_.size_mb * 1024.0 as size8_0_,
        upper(document_.name) as formula81_ 
    from
        documents document_ 
    where
        document_.id=?
14:14:40,707 DEBUG SQL:104 - 
    select
        owner0_.id as id3_0_,
        owner0_.name as name3_0_ 
    from
        owners owner0_ 
    where
        owner0_.id=?
14:14:40,708 DEBUG SQL:104 - 
    select
        document0_.id as id0_,
        document0_.name as name0_ 
    from
        documents document0_
14:14:40,708 DEBUG SQL:104 - 
    select
        document_.summary as summary0_,
        document_.folder as folder0_,
        document_.owner as owner0_,
        document_.text as text0_,
        document_.lastTextModification as lastText7_0_,
        document_.size_mb * 1024.0 as size8_0_,
        upper(document_.name) as formula81_ 
    from
        documents document_ 
    where
        document_.id=?
14:14:40,709 DEBUG SQL:104 - 
    select
        owner0_.id as id3_0_,
        owner0_.name as name3_0_ 
    from
        owners owner0_ 
    where
        owner0_.id=?
14:14:40,711 DEBUG SQL:104 - 
    select
        document0_.id as id0_,
        document0_.name as name0_ 
    from
        documents document0_
14:14:40,712 DEBUG SQL:104 - 
    update
        documents 
    set
        name=? 
    where
        id=?
14:14:40,712 DEBUG SQL:104 - 
    select
        document_.summary as summary0_,
        document_.folder as folder0_,
        document_.owner as owner0_,
        document_.text as text0_,
        document_.lastTextModification as lastText7_0_,
        document_.size_mb * 1024.0 as size8_0_,
        upper(document_.name) as formula81_ 
    from
        documents document_ 
    where
        document_.id=?
14:14:40,713 DEBUG SQL:104 - 
    select
        owner0_.id as id3_0_,
        owner0_.name as name3_0_ 
    from
        owners owner0_ 
    where
        owner0_.id=?
14:14:40,713 DEBUG SQL:104 - 
    update
        documents 
    set
        name=?,
        summary=?,
        folder=?,
        owner=?,
        text=?,
        lastTextModification=?,
        size_mb=? / cast( 1024.0 as float ) 
    where
        id=?
14:14:40,713 DEBUG SQL:104 - 
    select
        document0_.id as id0_,
        document0_.name as name0_ 
    from
        documents document0_
14:14:40,714 DEBUG SQL:104 - 
    select
        document_.summary as summary0_,
        document_.folder as folder0_,
        document_.owner as owner0_,
        document_.text as text0_,
        document_.lastTextModification as lastText7_0_,
        document_.size_mb * 1024.0 as size8_0_,
        upper(document_.name) as formula81_ 
    from
        documents document_ 
    where
        document_.id=?
14:14:40,714 DEBUG SQL:104 - 
    select
        owner0_.id as id3_0_,
        owner0_.name as name3_0_ 
    from
        owners owner0_ 
    where
        owner0_.id=?
14:14:40,715 DEBUG SQL:104 - 
    select
        document0_.id as id0_0_,
        document0_.name as name0_0_ 
    from
        documents document0_ 
    where
        document0_.id=?
14:14:40,716 DEBUG SQL:104 - 
    select
        document0_.id as id0_,
        document0_.name as name0_ 
    from
        documents document0_
14:14:40,732 DEBUG SQL:104 - 
    select
        document_.summary as summary0_,
        document_.folder as folder0_,
        document_.owner as owner0_,
        document_.text as text0_,
        document_.lastTextModification as lastText7_0_,
        document_.size_mb * 1024.0 as size8_0_,
        upper(document_.name) as formula81_ 
    from
        documents document_ 
    where
        document_.id=?
14:14:40,733 DEBUG SQL:104 - 
    select
        owner0_.id as id3_0_,
        owner0_.name as name3_0_ 
    from
        owners owner0_ 
    where
        owner0_.id=?
14:14:40,733 DEBUG SQL:104 - 
    select
        folder0_.id as id2_0_,
        folder0_.name as name2_0_,
        folder0_.parent as parent2_0_ 
    from
        folders folder0_ 
    where
        folder0_.id=?
14:14:40,742 DEBUG SQL:104 - 
    select
        documents0_.folder as folder2_1_,
        documents0_.id as id0_1_,
        documents0_.id as id0_0_,
        documents0_.name as name0_0_ 
    from
        documents documents0_ 
    where
        documents0_.folder=?
14:14:40,743 DEBUG SQL:104 - 
    delete 
    from
        documents 
    where
        id=?
14:14:40,743 DEBUG SQL:104 - 
    delete 
    from
        folders 
    where
        id=?
14:14:40,743 DEBUG SQL:104 - 
    delete 
    from
        owners 
    where
        id=?
14:14:40,744 DEBUG SQL:104 - 
    insert 
    into
        owners
        (name, id) 
    values
        (?, ?)
14:14:40,752 DEBUG SQL:104 - 
    insert 
    into
        folders
        (name, parent, id) 
    values
        (?, ?, ?)
14:14:40,753 DEBUG SQL:104 - 
    insert 
    into
        documents
        (name, summary, folder, owner, text, lastTextModification, size_mb, id) 
    values
        (?, ?, ?, ?, ?, ?, ? / cast( 1024.0 as float ), ?)
14:14:40,753 DEBUG SQL:104 - 
    select
        document0_.id as id0_0_,
        document0_.name as name0_0_ 
    from
        documents document0_ 
    where
        document0_.id=?
14:14:40,754 DEBUG SQL:104 - 
    select
        document_.summary as summary0_,
        document_.folder as folder0_,
        document_.owner as owner0_,
        document_.text as text0_,
        document_.lastTextModification as lastText7_0_,
        document_.size_mb * 1024.0 as size8_0_,
        upper(document_.name) as formula81_ 
    from
        documents document_ 
    where
        document_.id=?
14:14:40,754 DEBUG SQL:104 - 
    select
        owner0_.id as id3_0_,
        owner0_.name as name3_0_ 
    from
        owners owner0_ 
    where
        owner0_.id=?
14:14:40,755 DEBUG SQL:104 - 
    select
        document0_.id as id0_,
        document0_.name as name0_ 
    from
        documents document0_
14:14:40,755 DEBUG SQL:104 - 
    select
        document_.summary as summary0_,
        document_.folder as folder0_,
        document_.owner as owner0_,
        document_.text as text0_,
        document_.lastTextModification as lastText7_0_,
        document_.size_mb * 1024.0 as size8_0_,
        upper(document_.name) as formula81_ 
    from
        documents document_ 
    where
        document_.id=?
14:14:40,764 DEBUG SQL:104 - 
    select
        owner0_.id as id3_0_,
        owner0_.name as name3_0_ 
    from
        owners owner0_ 
    where
        owner0_.id=?
14:14:40,765 DEBUG SQL:104 - 
    select
        document0_.id as id0_,
        document0_.name as name0_ 
    from
        documents document0_
14:14:40,766 DEBUG SQL:104 - 
    select
        document_.summary as summary0_,
        document_.folder as folder0_,
        document_.owner as owner0_,
        document_.text as text0_,
        document_.lastTextModification as lastText7_0_,
        document_.size_mb * 1024.0 as size8_0_,
        upper(document_.name) as formula81_ 
    from
        documents document_ 
    where
        document_.id=?
14:14:40,777 DEBUG SQL:104 - 
    select
        owner0_.id as id3_0_,
        owner0_.name as name3_0_ 
    from
        owners owner0_ 
    where
        owner0_.id=?
14:14:40,777 DEBUG SQL:104 - 
    select
        document0_.id as id0_,
        document0_.name as name0_ 
    from
        documents document0_
14:14:40,778 DEBUG SQL:104 - 
    update
        documents 
    set
        name=? 
    where
        id=?
14:14:40,778 DEBUG SQL:104 - 
    select
        document0_.id as id0_,
        document0_.name as name0_ 
    from
        documents document0_
14:14:40,779 DEBUG SQL:104 - 
    select
        document_.summary as summary0_,
        document_.folder as folder0_,
        document_.owner as owner0_,
        document_.text as text0_,
        document_.lastTextModification as lastText7_0_,
        document_.size_mb * 1024.0 as size8_0_,
        upper(document_.name) as formula81_ 
    from
        documents document_ 
    where
        document_.id=?
14:14:40,779 DEBUG SQL:104 - 
    select
        owner0_.id as id3_0_,
        owner0_.name as name3_0_ 
    from
        owners owner0_ 
    where
        owner0_.id=?
14:14:40,800 DEBUG SQL:104 - 
    select
        document0_.id as id0_,
        document0_.name as name0_ 
    from
        documents document0_
14:14:40,800 DEBUG SQL:104 - 
    select
        document_.summary as summary0_,
        document_.folder as folder0_,
        document_.owner as owner0_,
        document_.text as text0_,
        document_.lastTextModification as lastText7_0_,
        document_.size_mb * 1024.0 as size8_0_,
        upper(document_.name) as formula81_ 
    from
        documents document_ 
    where
        document_.id=?
14:14:40,800 DEBUG SQL:104 - 
    select
        owner0_.id as id3_0_,
        owner0_.name as name3_0_ 
    from
        owners owner0_ 
    where
        owner0_.id=?
14:14:40,810 DEBUG SQL:104 - 
    update
        documents 
    set
        name=?,
        summary=?,
        folder=?,
        owner=?,
        text=?,
        lastTextModification=?,
        size_mb=? / cast( 1024.0 as float ) 
    where
        id=?
14:14:40,811 DEBUG SQL:104 - 
    select
        document0_.id as id0_,
        document0_.name as name0_ 
    from
        documents document0_
14:14:40,811 DEBUG SQL:104 - 
    select
        document_.summary as summary0_,
        document_.folder as folder0_,
        document_.owner as owner0_,
        document_.text as text0_,
        document_.lastTextModification as lastText7_0_,
        document_.size_mb * 1024.0 as size8_0_,
        upper(document_.name) as formula81_ 
    from
        documents document_ 
    where
        document_.id=?
14:14:40,821 DEBUG SQL:104 - 
    select
        owner0_.id as id3_0_,
        owner0_.name as name3_0_ 
    from
        owners owner0_ 
    where
        owner0_.id=?
14:14:40,822 DEBUG SQL:104 - 
    select
        document0_.id as id0_,
        document0_.name as name0_ 
    from
        documents document0_
14:14:40,822 DEBUG SQL:104 - 
    select
        document_.summary as summary0_,
        document_.folder as folder0_,
        document_.owner as owner0_,
        document_.text as text0_,
        document_.lastTextModification as lastText7_0_,
        document_.size_mb * 1024.0 as size8_0_,
        upper(document_.name) as formula81_ 
    from
        documents document_ 
    where
        document_.id=?
14:14:40,832 DEBUG SQL:104 - 
    select
        owner0_.id as id3_0_,
        owner0_.name as name3_0_ 
    from
        owners owner0_ 
    where
        owner0_.id=?
14:14:40,833 DEBUG SQL:104 - 
    select
        document0_.id as id0_,
        document0_.name as name0_ 
    from
        documents document0_
14:14:40,833 DEBUG SQL:104 - 
    update
        documents 
    set
        name=? 
    where
        id=?
14:14:40,833 DEBUG SQL:104 - 
    select
        document_.summary as summary0_,
        document_.folder as folder0_,
        document_.owner as owner0_,
        document_.text as text0_,
        document_.lastTextModification as lastText7_0_,
        document_.size_mb * 1024.0 as size8_0_,
        upper(document_.name) as formula81_ 
    from
        documents document_ 
    where
        document_.id=?
14:14:40,843 DEBUG SQL:104 - 
    select
        owner0_.id as id3_0_,
        owner0_.name as name3_0_ 
    from
        owners owner0_ 
    where
        owner0_.id=?
14:14:40,844 DEBUG SQL:104 - 
    update
        documents 
    set
        name=?,
        summary=?,
        folder=?,
        owner=?,
        text=?,
        lastTextModification=?,
        size_mb=? / cast( 1024.0 as float ) 
    where
        id=?
14:14:40,844 DEBUG SQL:104 - 
    select
        document0_.id as id0_,
        document0_.name as name0_ 
    from
        documents document0_
14:14:40,855 DEBUG SQL:104 - 
    select
        document_.summary as summary0_,
        document_.folder as folder0_,
        document_.owner as owner0_,
        document_.text as text0_,
        document_.lastTextModification as lastText7_0_,
        document_.size_mb * 1024.0 as size8_0_,
        upper(document_.name) as formula81_ 
    from
        documents document_ 
    where
        document_.id=?
14:14:40,855 DEBUG SQL:104 - 
    select
        owner0_.id as id3_0_,
        owner0_.name as name3_0_ 
    from
        owners owner0_ 
    where
        owner0_.id=?
14:14:40,856 DEBUG SQL:104 - 
    select
        document0_.id as id0_0_,
        document0_.name as name0_0_ 
    from
        documents document0_ 
    where
        document0_.id=?
14:14:40,856 DEBUG SQL:104 - 
    select
        document0_.id as id0_,
        document0_.name as name0_ 
    from
        documents document0_
14:14:40,866 DEBUG SQL:104 - 
    select
        document_.summary as summary0_,
        document_.folder as folder0_,
        document_.owner as owner0_,
        document_.text as text0_,
        document_.lastTextModification as lastText7_0_,
        document_.size_mb * 1024.0 as size8_0_,
        upper(document_.name) as formula81_ 
    from
        documents document_ 
    where
        document_.id=?
14:14:40,866 DEBUG SQL:104 - 
    select
        owner0_.id as id3_0_,
        owner0_.name as name3_0_ 
    from
        owners owner0_ 
    where
        owner0_.id=?
14:14:40,866 DEBUG SQL:104 - 
    select
        folder0_.id as id2_0_,
        folder0_.name as name2_0_,
        folder0_.parent as parent2_0_ 
    from
        folders folder0_ 
    where
        folder0_.id=?
14:14:40,878 DEBUG SQL:104 - 
    select
        documents0_.folder as folder2_1_,
        documents0_.id as id0_1_,
        documents0_.id as id0_0_,
        documents0_.name as name0_0_ 
    from
        documents documents0_ 
    where
        documents0_.folder=?
14:14:40,879 DEBUG SQL:104 - 
    delete 
    from
        documents 
    where
        id=?
14:14:40,879 DEBUG SQL:104 - 
    delete 
    from
        folders 
    where
        id=?
14:14:40,879 DEBUG SQL:104 - 
    delete 
    from
        owners 
    where
        id=?
14:14:40,880 DEBUG SQL:104 - 
    insert 
    into
        owners
        (name, id) 
    values
        (?, ?)
14:14:40,880 DEBUG SQL:104 - 
    insert 
    into
        folders
        (name, parent, id) 
    values
        (?, ?, ?)
14:14:40,880 DEBUG SQL:104 - 
    insert 
    into
        documents
        (name, summary, folder, owner, text, lastTextModification, size_mb, id) 
    values
        (?, ?, ?, ?, ?, ?, ? / cast( 1024.0 as float ), ?)
14:14:40,881 DEBUG SQL:104 - 
    select
        document0_.id as id0_0_,
        document0_.name as name0_0_ 
    from
        documents document0_ 
    where
        document0_.id=?
14:14:40,891 DEBUG SQL:104 - 
    select
        document_.summary as summary0_,
        document_.folder as folder0_,
        document_.owner as owner0_,
        document_.text as text0_,
        document_.lastTextModification as lastText7_0_,
        document_.size_mb * 1024.0 as size8_0_,
        upper(document_.name) as formula81_ 
    from
        documents document_ 
    where
        document_.id=?
14:14:40,891 DEBUG SQL:104 - 
    select
        owner0_.id as id3_0_,
        owner0_.name as name3_0_ 
    from
        owners owner0_ 
    where
        owner0_.id=?
14:14:40,892 DEBUG SQL:104 - 
    select
        document0_.id as id0_,
        document0_.name as name0_ 
    from
        documents document0_
14:14:40,892 DEBUG SQL:104 - 
    select
        document_.summary as summary0_,
        document_.folder as folder0_,
        document_.owner as owner0_,
        document_.text as text0_,
        document_.lastTextModification as lastText7_0_,
        document_.size_mb * 1024.0 as size8_0_,
        upper(document_.name) as formula81_ 
    from
        documents document_ 
    where
        document_.id=?
14:14:40,903 DEBUG SQL:104 - 
    select
        owner0_.id as id3_0_,
        owner0_.name as name3_0_ 
    from
        owners owner0_ 
    where
        owner0_.id=?
14:14:40,904 DEBUG SQL:104 - 
    select
        document0_.id as id0_,
        document0_.name as name0_ 
    from
        documents document0_
14:14:40,904 DEBUG SQL:104 - 
    select
        document_.summary as summary0_,
        document_.folder as folder0_,
        document_.owner as owner0_,
        document_.text as text0_,
        document_.lastTextModification as lastText7_0_,
        document_.size_mb * 1024.0 as size8_0_,
        upper(document_.name) as formula81_ 
    from
        documents document_ 
    where
        document_.id=?
14:14:40,904 DEBUG SQL:104 - 
    select
        owner0_.id as id3_0_,
        owner0_.name as name3_0_ 
    from
        owners owner0_ 
    where
        owner0_.id=?
14:14:40,926 DEBUG SQL:104 - 
    select
        document0_.id as id0_,
        document0_.name as name0_ 
    from
        documents document0_
14:14:40,927 DEBUG SQL:104 - 
    update
        documents 
    set
        name=? 
    where
        id=?
14:14:40,927 DEBUG SQL:104 - 
    select
        document0_.id as id0_,
        document0_.name as name0_ 
    from
        documents document0_
14:14:40,928 DEBUG SQL:104 - 
    select
        document_.summary as summary0_,
        document_.folder as folder0_,
        document_.owner as owner0_,
        document_.text as text0_,
        document_.lastTextModification as lastText7_0_,
        document_.size_mb * 1024.0 as size8_0_,
        upper(document_.name) as formula81_ 
    from
        documents document_ 
    where
        document_.id=?
14:14:40,937 DEBUG SQL:104 - 
    select
        owner0_.id as id3_0_,
        owner0_.name as name3_0_ 
    from
        owners owner0_ 
    where
        owner0_.id=?
14:14:40,938 DEBUG SQL:104 - 
    select
        document0_.id as id0_,
        document0_.name as name0_ 
    from
        documents document0_
14:14:40,938 DEBUG SQL:104 - 
    select
        document_.summary as summary0_,
        document_.folder as folder0_,
        document_.owner as owner0_,
        document_.text as text0_,
        document_.lastTextModification as lastText7_0_,
        document_.size_mb * 1024.0 as size8_0_,
        upper(document_.name) as formula81_ 
    from
        documents document_ 
    where
        document_.id=?
14:14:40,938 DEBUG SQL:104 - 
    select
        owner0_.id as id3_0_,
        owner0_.name as name3_0_ 
    from
        owners owner0_ 
    where
        owner0_.id=?
14:14:40,947 DEBUG SQL:104 - 
    update
        documents 
    set
        name=?,
        summary=?,
        folder=?,
        owner=?,
        text=?,
        lastTextModification=?,
        size_mb=? / cast( 1024.0 as float ) 
    where
        id=?
14:14:40,948 DEBUG SQL:104 - 
    select
        document0_.id as id0_,
        document0_.name as name0_ 
    from
        documents document0_
14:14:40,948 DEBUG SQL:104 - 
    select
        document_.summary as summary0_,
        document_.folder as folder0_,
        document_.owner as owner0_,
        document_.text as text0_,
        document_.lastTextModification as lastText7_0_,
        document_.size_mb * 1024.0 as size8_0_,
        upper(document_.name) as formula81_ 
    from
        documents document_ 
    where
        document_.id=?
14:14:40,958 DEBUG SQL:104 - 
    select
        owner0_.id as id3_0_,
        owner0_.name as name3_0_ 
    from
        owners owner0_ 
    where
        owner0_.id=?
14:14:40,959 DEBUG SQL:104 - 
    select
        document0_.id as id0_,
        document0_.name as name0_ 
    from
        documents document0_
14:14:40,960 DEBUG SQL:104 - 
    select
        document_.summary as summary0_,
        document_.folder as folder0_,
        document_.owner as owner0_,
        document_.text as text0_,
        document_.lastTextModification as lastText7_0_,
        document_.size_mb * 1024.0 as size8_0_,
        upper(document_.name) as formula81_ 
    from
        documents document_ 
    where
        document_.id=?
14:14:40,970 DEBUG SQL:104 - 
    select
        owner0_.id as id3_0_,
        owner0_.name as name3_0_ 
    from
        owners owner0_ 
    where
        owner0_.id=?
14:14:40,971 DEBUG SQL:104 - 
    select
        document0_.id as id0_,
        document0_.name as name0_ 
    from
        documents document0_
14:14:40,971 DEBUG SQL:104 - 
    update
        documents 
    set
        name=? 
    where
        id=?
14:14:40,972 DEBUG SQL:104 - 
    select
        document_.summary as summary0_,
        document_.folder as folder0_,
        document_.owner as owner0_,
        document_.text as text0_,
        document_.lastTextModification as lastText7_0_,
        document_.size_mb * 1024.0 as size8_0_,
        upper(document_.name) as formula81_ 
    from
        documents document_ 
    where
        document_.id=?
14:14:40,982 DEBUG SQL:104 - 
    select
        owner0_.id as id3_0_,
        owner0_.name as name3_0_ 
    from
        owners owner0_ 
    where
        owner0_.id=?
14:14:40,983 DEBUG SQL:104 - 
    update
        documents 
    set
        name=?,
        summary=?,
        folder=?,
        owner=?,
        text=?,
        lastTextModification=?,
        size_mb=? / cast( 1024.0 as float ) 
    where
        id=?
14:14:40,984 DEBUG SQL:104 - 
    select
        document0_.id as id0_,
        document0_.name as name0_ 
    from
        documents document0_
14:14:40,993 DEBUG SQL:104 - 
    select
        document_.summary as summary0_,
        document_.folder as folder0_,
        document_.owner as owner0_,
        document_.text as text0_,
        document_.lastTextModification as lastText7_0_,
        document_.size_mb * 1024.0 as size8_0_,
        upper(document_.name) as formula81_ 
    from
        documents document_ 
    where
        document_.id=?
14:14:40,993 DEBUG SQL:104 - 
    select
        owner0_.id as id3_0_,
        owner0_.name as name3_0_ 
    from
        owners owner0_ 
    where
        owner0_.id=?
14:14:40,994 DEBUG SQL:104 - 
    select
        document0_.id as id0_0_,
        document0_.name as name0_0_ 
    from
        documents document0_ 
    where
        document0_.id=?
14:14:41,004 DEBUG SQL:104 - 
    select
        document0_.id as id0_,
        document0_.name as name0_ 
    from
        documents document0_
14:14:41,005 DEBUG SQL:104 - 
    select
        document_.summary as summary0_,
        document_.folder as folder0_,
        document_.owner as owner0_,
        document_.text as text0_,
        document_.lastTextModification as lastText7_0_,
        document_.size_mb * 1024.0 as size8_0_,
        upper(document_.name) as formula81_ 
    from
        documents document_ 
    where
        document_.id=?
14:14:41,005 DEBUG SQL:104 - 
    select
        owner0_.id as id3_0_,
        owner0_.name as name3_0_ 
    from
        owners owner0_ 
    where
        owner0_.id=?
14:14:41,006 DEBUG SQL:104 - 
    select
        folder0_.id as id2_0_,
        folder0_.name as name2_0_,
        folder0_.parent as parent2_0_ 
    from
        folders folder0_ 
    where
        folder0_.id=?
14:14:41,006 DEBUG SQL:104 - 
    select
        documents0_.folder as folder2_1_,
        documents0_.id as id0_1_,
        documents0_.id as id0_0_,
        documents0_.name as name0_0_ 
    from
        documents documents0_ 
    where
        documents0_.folder=?
14:14:41,007 DEBUG SQL:104 - 
    delete 
    from
        documents 
    where
        id=?
14:14:41,007 DEBUG SQL:104 - 
    delete 
    from
        folders 
    where
        id=?
14:14:41,017 DEBUG SQL:104 - 
    delete 
    from
        owners 
    where
        id=?
14:14:41,018 DEBUG SQL:104 - 
    insert 
    into
        owners
        (name, id) 
    values
        (?, ?)
14:14:41,018 DEBUG SQL:104 - 
    insert 
    into
        folders
        (name, parent, id) 
    values
        (?, ?, ?)
14:14:41,018 DEBUG SQL:104 - 
    insert 
    into
        documents
        (name, summary, folder, owner, text, lastTextModification, size_mb, id) 
    values
        (?, ?, ?, ?, ?, ?, ? / cast( 1024.0 as float ), ?)
14:14:41,019 DEBUG SQL:104 - 
    select
        document0_.id as id0_0_,
        document0_.name as name0_0_ 
    from
        documents document0_ 
    where
        document0_.id=?
14:14:41,028 DEBUG SQL:104 - 
    select
        document_.summary as summary0_,
        document_.folder as folder0_,
        document_.owner as owner0_,
        document_.text as text0_,
        document_.lastTextModification as lastText7_0_,
        document_.size_mb * 1024.0 as size8_0_,
        upper(document_.name) as formula81_ 
    from
        documents document_ 
    where
        document_.id=?
14:14:41,028 DEBUG SQL:104 - 
    select
        owner0_.id as id3_0_,
        owner0_.name as name3_0_ 
    from
        owners owner0_ 
    where
        owner0_.id=?
14:14:41,029 DEBUG SQL:104 - 
    select
        document0_.id as id0_,
        document0_.name as name0_ 
    from
        documents document0_
14:14:41,029 DEBUG SQL:104 - 
    select
        document_.summary as summary0_,
        document_.folder as folder0_,
        document_.owner as owner0_,
        document_.text as text0_,
        document_.lastTextModification as lastText7_0_,
        document_.size_mb * 1024.0 as size8_0_,
        upper(document_.name) as formula81_ 
    from
        documents document_ 
    where
        document_.id=?
14:14:41,030 DEBUG SQL:104 - 
    select
        owner0_.id as id3_0_,
        owner0_.name as name3_0_ 
    from
        owners owner0_ 
    where
        owner0_.id=?
14:14:41,051 DEBUG SQL:104 - 
    select
        document0_.id as id0_,
        document0_.name as name0_ 
    from
        documents document0_
14:14:41,052 DEBUG SQL:104 - 
    select
        document_.summary as summary0_,
        document_.folder as folder0_,
        document_.owner as owner0_,
        document_.text as text0_,
        document_.lastTextModification as lastText7_0_,
        document_.size_mb * 1024.0 as size8_0_,
        upper(document_.name) as formula81_ 
    from
        documents document_ 
    where
        document_.id=?
14:14:41,052 DEBUG SQL:104 - 
    select
        owner0_.id as id3_0_,
        owner0_.name as name3_0_ 
    from
        owners owner0_ 
    where
        owner0_.id=?
14:14:41,062 DEBUG SQL:104 - 
    select
        document0_.id as id0_,
        document0_.name as name0_ 
    from
        documents document0_
14:14:41,062 DEBUG SQL:104 - 
    update
        documents 
    set
        name=? 
    where
        id=?
14:14:41,063 DEBUG SQL:104 - 
    select
        document0_.id as id0_,
        document0_.name as name0_ 
    from
        documents document0_
14:14:41,063 DEBUG SQL:104 - 
    select
        document_.summary as summary0_,
        document_.folder as folder0_,
        document_.owner as owner0_,
        document_.text as text0_,
        document_.lastTextModification as lastText7_0_,
        document_.size_mb * 1024.0 as size8_0_,
        upper(document_.name) as formula81_ 
    from
        documents document_ 
    where
        document_.id=?
14:14:41,073 DEBUG SQL:104 - 
    select
        owner0_.id as id3_0_,
        owner0_.name as name3_0_ 
    from
        owners owner0_ 
    where
        owner0_.id=?
14:14:41,074 DEBUG SQL:104 - 
    select
        document0_.id as id0_,
        document0_.name as name0_ 
    from
        documents document0_
14:14:41,074 DEBUG SQL:104 - 
    select
        document_.summary as summary0_,
        document_.folder as folder0_,
        document_.owner as owner0_,
        document_.text as text0_,
        document_.lastTextModification as lastText7_0_,
        document_.size_mb * 1024.0 as size8_0_,
        upper(document_.name) as formula81_ 
    from
        documents document_ 
    where
        document_.id=?
14:14:41,085 DEBUG SQL:104 - 
    select
        owner0_.id as id3_0_,
        owner0_.name as name3_0_ 
    from
        owners owner0_ 
    where
        owner0_.id=?
14:14:41,086 DEBUG SQL:104 - 
    update
        documents 
    set
        name=?,
        summary=?,
        folder=?,
        owner=?,
        text=?,
        lastTextModification=?,
        size_mb=? / cast( 1024.0 as float ) 
    where
        id=?
14:14:41,087 DEBUG SQL:104 - 
    select
        document0_.id as id0_,
        document0_.name as name0_ 
    from
        documents document0_
14:14:41,087 DEBUG SQL:104 - 
    select
        document_.summary as summary0_,
        document_.folder as folder0_,
        document_.owner as owner0_,
        document_.text as text0_,
        document_.lastTextModification as lastText7_0_,
        document_.size_mb * 1024.0 as size8_0_,
        upper(document_.name) as formula81_ 
    from
        documents document_ 
    where
        document_.id=?
14:14:41,097 DEBUG SQL:104 - 
    select
        owner0_.id as id3_0_,
        owner0_.name as name3_0_ 
    from
        owners owner0_ 
    where
        owner0_.id=?
14:14:41,098 DEBUG SQL:104 - 
    select
        document0_.id as id0_,
        document0_.name as name0_ 
    from
        documents document0_
14:14:41,098 DEBUG SQL:104 - 
    select
        document_.summary as summary0_,
        document_.folder as folder0_,
        document_.owner as owner0_,
        document_.text as text0_,
        document_.lastTextModification as lastText7_0_,
        document_.size_mb * 1024.0 as size8_0_,
        upper(document_.name) as formula81_ 
    from
        documents document_ 
    where
        document_.id=?
14:14:41,108 DEBUG SQL:104 - 
    select
        owner0_.id as id3_0_,
        owner0_.name as name3_0_ 
    from
        owners owner0_ 
    where
        owner0_.id=?
14:14:41,109 DEBUG SQL:104 - 
    select
        document0_.id as id0_,
        document0_.name as name0_ 
    from
        documents document0_
14:14:41,110 DEBUG SQL:104 - 
    update
        documents 
    set
        name=? 
    where
        id=?
14:14:41,110 DEBUG SQL:104 - 
    select
        document_.summary as summary0_,
        document_.folder as folder0_,
        document_.owner as owner0_,
        document_.text as text0_,
        document_.lastTextModification as lastText7_0_,
        document_.size_mb * 1024.0 as size8_0_,
        upper(document_.name) as formula81_ 
    from
        documents document_ 
    where
        document_.id=?
14:14:41,120 DEBUG SQL:104 - 
    select
        owner0_.id as id3_0_,
        owner0_.name as name3_0_ 
    from
        owners owner0_ 
    where
        owner0_.id=?
14:14:41,121 DEBUG SQL:104 - 
    update
        documents 
    set
        name=?,
        summary=?,
        folder=?,
        owner=?,
        text=?,
        lastTextModification=?,
        size_mb=? / cast( 1024.0 as float ) 
    where
        id=?
14:14:41,134 DEBUG SQL:104 - 
    select
        document0_.id as id0_,
        document0_.name as name0_ 
    from
        documents document0_
14:14:41,134 DEBUG SQL:104 - 
    select
        document_.summary as summary0_,
        document_.folder as folder0_,
        document_.owner as owner0_,
        document_.text as text0_,
        document_.lastTextModification as lastText7_0_,
        document_.size_mb * 1024.0 as size8_0_,
        upper(document_.name) as formula81_ 
    from
        documents document_ 
    where
        document_.id=?
14:14:41,135 DEBUG SQL:104 - 
    select
        owner0_.id as id3_0_,
        owner0_.name as name3_0_ 
    from
        owners owner0_ 
    where
        owner0_.id=?
14:14:41,135 DEBUG SQL:104 - 
    select
        document0_.id as id0_0_,
        document0_.name as name0_0_ 
    from
        documents document0_ 
    where
        document0_.id=?
14:14:41,135 DEBUG SQL:104 - 
    select
        document0_.id as id0_,
        document0_.name as name0_ 
    from
        documents document0_
14:14:41,136 DEBUG SQL:104 - 
    select
        document_.summary as summary0_,
        document_.folder as folder0_,
        document_.owner as owner0_,
        document_.text as text0_,
        document_.lastTextModification as lastText7_0_,
        document_.size_mb * 1024.0 as size8_0_,
        upper(document_.name) as formula81_ 
    from
        documents document_ 
    where
        document_.id=?
14:14:41,136 DEBUG SQL:104 - 
    select
        owner0_.id as id3_0_,
        owner0_.name as name3_0_ 
    from
        owners owner0_ 
    where
        owner0_.id=?
14:14:41,136 DEBUG SQL:104 - 
    select
        folder0_.id as id2_0_,
        folder0_.name as name2_0_,
        folder0_.parent as parent2_0_ 
    from
        folders folder0_ 
    where
        folder0_.id=?
14:14:41,136 DEBUG SQL:104 - 
    select
        documents0_.folder as folder2_1_,
        documents0_.id as id0_1_,
        documents0_.id as id0_0_,
        documents0_.name as name0_0_ 
    from
        documents documents0_ 
    where
        documents0_.folder=?
14:14:41,153 DEBUG SQL:104 - 
    delete 
    from
        documents 
    where
        id=?
14:14:41,153 DEBUG SQL:104 - 
    delete 
    from
        folders 
    where
        id=?
14:14:41,153 DEBUG SQL:104 - 
    delete 
    from
        owners 
    where
        id=?
14:14:41,154 DEBUG SQL:104 - 
    insert 
    into
        owners
        (name, id) 
    values
        (?, ?)
14:14:41,166 DEBUG SQL:104 - 
    insert 
    into
        folders
        (name, parent, id) 
    values
        (?, ?, ?)
14:14:41,166 DEBUG SQL:104 - 
    insert 
    into
        documents
        (name, summary, folder, owner, text, lastTextModification, size_mb, id) 
    values
        (?, ?, ?, ?, ?, ?, ? / cast( 1024.0 as float ), ?)
14:14:41,167 DEBUG SQL:104 - 
    select
        document0_.id as id0_0_,
        document0_.name as name0_0_ 
    from
        documents document0_ 
    where
        document0_.id=?
14:14:41,167 DEBUG SQL:104 - 
    select
        document_.summary as summary0_,
        document_.folder as folder0_,
        document_.owner as owner0_,
        document_.text as text0_,
        document_.lastTextModification as lastText7_0_,
        document_.size_mb * 1024.0 as size8_0_,
        upper(document_.name) as formula81_ 
    from
        documents document_ 
    where
        document_.id=?
14:14:41,176 DEBUG SQL:104 - 
    select
        owner0_.id as id3_0_,
        owner0_.name as name3_0_ 
    from
        owners owner0_ 
    where
        owner0_.id=?
14:14:41,187 DEBUG SQL:104 - 
    select
        document0_.id as id0_,
        document0_.name as name0_ 
    from
        documents document0_
14:14:41,188 DEBUG SQL:104 - 
    select
        document_.summary as summary0_,
        document_.folder as folder0_,
        document_.owner as owner0_,
        document_.text as text0_,
        document_.lastTextModification as lastText7_0_,
        document_.size_mb * 1024.0 as size8_0_,
        upper(document_.name) as formula81_ 
    from
        documents document_ 
    where
        document_.id=?
14:14:41,188 DEBUG SQL:104 - 
    select
        owner0_.id as id3_0_,
        owner0_.name as name3_0_ 
    from
        owners owner0_ 
    where
        owner0_.id=?
14:14:41,189 DEBUG SQL:104 - 
    select
        document0_.id as id0_,
        document0_.name as name0_ 
    from
        documents document0_
14:14:41,197 DEBUG SQL:104 - 
    select
        document_.summary as summary0_,
        document_.folder as folder0_,
        document_.owner as owner0_,
        document_.text as text0_,
        document_.lastTextModification as lastText7_0_,
        document_.size_mb * 1024.0 as size8_0_,
        upper(document_.name) as formula81_ 
    from
        documents document_ 
    where
        document_.id=?
14:14:41,198 DEBUG SQL:104 - 
    select
        owner0_.id as id3_0_,
        owner0_.name as name3_0_ 
    from
        owners owner0_ 
    where
        owner0_.id=?
14:14:41,199 DEBUG SQL:104 - 
    select
        document0_.id as id0_,
        document0_.name as name0_ 
    from
        documents document0_
14:14:41,209 DEBUG SQL:104 - 
    update
        documents 
    set
        name=? 
    where
        id=?
14:14:41,210 DEBUG SQL:104 - 
    select
        document0_.id as id0_,
        document0_.name as name0_ 
    from
        documents document0_
14:14:41,210 DEBUG SQL:104 - 
    select
        document_.summary as summary0_,
        document_.folder as folder0_,
        document_.owner as owner0_,
        document_.text as text0_,
        document_.lastTextModification as lastText7_0_,
        document_.size_mb * 1024.0 as size8_0_,
        upper(document_.name) as formula81_ 
    from
        documents document_ 
    where
        document_.id=?
14:14:41,210 DEBUG SQL:104 - 
    select
        owner0_.id as id3_0_,
        owner0_.name as name3_0_ 
    from
        owners owner0_ 
    where
        owner0_.id=?
14:14:41,220 DEBUG SQL:104 - 
    select
        document0_.id as id0_,
        document0_.name as name0_ 
    from
        documents document0_
14:14:41,221 DEBUG SQL:104 - 
    select
        document_.summary as summary0_,
        document_.folder as folder0_,
        document_.owner as owner0_,
        document_.text as text0_,
        document_.lastTextModification as lastText7_0_,
        document_.size_mb * 1024.0 as size8_0_,
        upper(document_.name) as formula81_ 
    from
        documents document_ 
    where
        document_.id=?
14:14:41,221 DEBUG SQL:104 - 
    select
        owner0_.id as id3_0_,
        owner0_.name as name3_0_ 
    from
        owners owner0_ 
    where
        owner0_.id=?
14:14:41,230 DEBUG SQL:104 - 
    update
        documents 
    set
        name=?,
        summary=?,
        folder=?,
        owner=?,
        text=?,
        lastTextModification=?,
        size_mb=? / cast( 1024.0 as float ) 
    where
        id=?
14:14:41,231 DEBUG SQL:104 - 
    select
        document0_.id as id0_,
        document0_.name as name0_ 
    from
        documents document0_
14:14:41,231 DEBUG SQL:104 - 
    select
        document_.summary as summary0_,
        document_.folder as folder0_,
        document_.owner as owner0_,
        document_.text as text0_,
        document_.lastTextModification as lastText7_0_,
        document_.size_mb * 1024.0 as size8_0_,
        upper(document_.name) as formula81_ 
    from
        documents document_ 
    where
        document_.id=?
14:14:41,243 DEBUG SQL:104 - 
    select
        owner0_.id as id3_0_,
        owner0_.name as name3_0_ 
    from
        owners owner0_ 
    where
        owner0_.id=?
14:14:41,244 DEBUG SQL:104 - 
    select
        document0_.id as id0_,
        document0_.name as name0_ 
    from
        documents document0_
14:14:41,244 DEBUG SQL:104 - 
    select
        document_.summary as summary0_,
        document_.folder as folder0_,
        document_.owner as owner0_,
        document_.text as text0_,
        document_.lastTextModification as lastText7_0_,
        document_.size_mb * 1024.0 as size8_0_,
        upper(document_.name) as formula81_ 
    from
        documents document_ 
    where
        document_.id=?
14:14:41,244 DEBUG SQL:104 - 
    select
        owner0_.id as id3_0_,
        owner0_.name as name3_0_ 
    from
        owners owner0_ 
    where
        owner0_.id=?
14:14:41,253 DEBUG SQL:104 - 
    select
        document0_.id as id0_,
        document0_.name as name0_ 
    from
        documents document0_
14:14:41,253 DEBUG SQL:104 - 
    update
        documents 
    set
        name=? 
    where
        id=?
14:14:41,254 DEBUG SQL:104 - 
    select
        document_.summary as summary0_,
        document_.folder as folder0_,
        document_.owner as owner0_,
        document_.text as text0_,
        document_.lastTextModification as lastText7_0_,
        document_.size_mb * 1024.0 as size8_0_,
        upper(document_.name) as formula81_ 
    from
        documents document_ 
    where
        document_.id=?
14:14:41,263 DEBUG SQL:104 - 
    select
        owner0_.id as id3_0_,
        owner0_.name as name3_0_ 
    from
        owners owner0_ 
    where
        owner0_.id=?
14:14:41,273 DEBUG SQL:104 - 
    update
        documents 
    set
        name=?,
        summary=?,
        folder=?,
        owner=?,
        text=?,
        lastTextModification=?,
        size_mb=? / cast( 1024.0 as float ) 
    where
        id=?
14:14:41,274 DEBUG SQL:104 - 
    select
        document0_.id as id0_,
        document0_.name as name0_ 
    from
        documents document0_
14:14:41,274 DEBUG SQL:104 - 
    select
        document_.summary as summary0_,
        document_.folder as folder0_,
        document_.owner as owner0_,
        document_.text as text0_,
        document_.lastTextModification as lastText7_0_,
        document_.size_mb * 1024.0 as size8_0_,
        upper(document_.name) as formula81_ 
    from
        documents document_ 
    where
        document_.id=?
14:14:41,275 DEBUG SQL:104 - 
    select
        owner0_.id as id3_0_,
        owner0_.name as name3_0_ 
    from
        owners owner0_ 
    where
        owner0_.id=?
14:14:41,275 DEBUG SQL:104 - 
    select
        document0_.id as id0_0_,
        document0_.name as name0_0_ 
    from
        documents document0_ 
    where
        document0_.id=?
14:14:41,276 DEBUG SQL:104 - 
    select
        document0_.id as id0_,
        document0_.name as name0_ 
    from
        documents document0_
14:14:41,276 DEBUG SQL:104 - 
    select
        document_.summary as summary0_,
        document_.folder as folder0_,
        document_.owner as owner0_,
        document_.text as text0_,
        document_.lastTextModification as lastText7_0_,
        document_.size_mb * 1024.0 as size8_0_,
        upper(document_.name) as formula81_ 
    from
        documents document_ 
    where
        document_.id=?
14:14:41,276 DEBUG SQL:104 - 
    select
        owner0_.id as id3_0_,
        owner0_.name as name3_0_ 
    from
        owners owner0_ 
    where
        owner0_.id=?
14:14:41,277 DEBUG SQL:104 - 
    select
        folder0_.id as id2_0_,
        folder0_.name as name2_0_,
        folder0_.parent as parent2_0_ 
    from
        folders folder0_ 
    where
        folder0_.id=?
14:14:41,287 DEBUG SQL:104 - 
    select
        documents0_.folder as folder2_1_,
        documents0_.id as id0_1_,
        documents0_.id as id0_0_,
        documents0_.name as name0_0_ 
    from
        documents documents0_ 
    where
        documents0_.folder=?
14:14:41,288 DEBUG SQL:104 - 
    delete 
    from
        documents 
    where
        id=?
14:14:41,288 DEBUG SQL:104 - 
    delete 
    from
        folders 
    where
        id=?
14:14:41,288 DEBUG SQL:104 - 
    delete 
    from
        owners 
    where
        id=?
14:14:41,297 DEBUG SQL:104 - 
    insert 
    into
        owners
        (name, id) 
    values
        (?, ?)
14:14:41,298 DEBUG SQL:104 - 
    insert 
    into
        folders
        (name, parent, id) 
    values
        (?, ?, ?)
14:14:41,307 DEBUG SQL:104 - 
    insert 
    into
        documents
        (name, summary, folder, owner, text, lastTextModification, size_mb, id) 
    values
        (?, ?, ?, ?, ?, ?, ? / cast( 1024.0 as float ), ?)
14:14:41,308 DEBUG SQL:104 - 
    select
        document0_.id as id0_0_,
        document0_.name as name0_0_ 
    from
        documents document0_ 
    where
        document0_.id=?
14:14:41,309 DEBUG SQL:104 - 
    select
        document_.summary as summary0_,
        document_.folder as folder0_,
        document_.owner as owner0_,
        document_.text as text0_,
        document_.lastTextModification as lastText7_0_,
        document_.size_mb * 1024.0 as size8_0_,
        upper(document_.name) as formula81_ 
    from
        documents document_ 
    where
        document_.id=?
14:14:41,309 DEBUG SQL:104 - 
    select
        owner0_.id as id3_0_,
        owner0_.name as name3_0_ 
    from
        owners owner0_ 
    where
        owner0_.id=?
14:14:41,318 DEBUG SQL:104 - 
    select
        document0_.id as id0_,
        document0_.name as name0_ 
    from
        documents document0_
14:14:41,319 DEBUG SQL:104 - 
    select
        document_.summary as summary0_,
        document_.folder as folder0_,
        document_.owner as owner0_,
        document_.text as text0_,
        document_.lastTextModification as lastText7_0_,
        document_.size_mb * 1024.0 as size8_0_,
        upper(document_.name) as formula81_ 
    from
        documents document_ 
    where
        document_.id=?
14:14:41,319 DEBUG SQL:104 - 
    select
        owner0_.id as id3_0_,
        owner0_.name as name3_0_ 
    from
        owners owner0_ 
    where
        owner0_.id=?
14:14:41,328 DEBUG SQL:104 - 
    select
        document0_.id as id0_,
        document0_.name as name0_ 
    from
        documents document0_
14:14:41,338 DEBUG SQL:104 - 
    select
        document_.summary as summary0_,
        document_.folder as folder0_,
        document_.owner as owner0_,
        document_.text as text0_,
        document_.lastTextModification as lastText7_0_,
        document_.size_mb * 1024.0 as size8_0_,
        upper(document_.name) as formula81_ 
    from
        documents document_ 
    where
        document_.id=?
14:14:41,338 DEBUG SQL:104 - 
    select
        owner0_.id as id3_0_,
        owner0_.name as name3_0_ 
    from
        owners owner0_ 
    where
        owner0_.id=?
14:14:41,339 DEBUG SQL:104 - 
    select
        document0_.id as id0_,
        document0_.name as name0_ 
    from
        documents document0_
14:14:41,341 DEBUG SQL:104 - 
    update
        documents 
    set
        name=? 
    where
        id=?
14:14:41,341 DEBUG SQL:104 - 
    select
        document0_.id as id0_,
        document0_.name as name0_ 
    from
        documents document0_
14:14:41,342 DEBUG SQL:104 - 
    select
        document_.summary as summary0_,
        document_.folder as folder0_,
        document_.owner as owner0_,
        document_.text as text0_,
        document_.lastTextModification as lastText7_0_,
        document_.size_mb * 1024.0 as size8_0_,
        upper(document_.name) as formula81_ 
    from
        documents document_ 
    where
        document_.id=?
14:14:41,351 DEBUG SQL:104 - 
    select
        owner0_.id as id3_0_,
        owner0_.name as name3_0_ 
    from
        owners owner0_ 
    where
        owner0_.id=?
14:14:41,352 DEBUG SQL:104 - 
    select
        document0_.id as id0_,
        document0_.name as name0_ 
    from
        documents document0_
14:14:41,352 DEBUG SQL:104 - 
    select
        document_.summary as summary0_,
        document_.folder as folder0_,
        document_.owner as owner0_,
        document_.text as text0_,
        document_.lastTextModification as lastText7_0_,
        document_.size_mb * 1024.0 as size8_0_,
        upper(document_.name) as formula81_ 
    from
        documents document_ 
    where
        document_.id=?
14:14:41,352 DEBUG SQL:104 - 
    select
        owner0_.id as id3_0_,
        owner0_.name as name3_0_ 
    from
        owners owner0_ 
    where
        owner0_.id=?
14:14:41,362 DEBUG SQL:104 - 
    update
        documents 
    set
        name=?,
        summary=?,
        folder=?,
        owner=?,
        text=?,
        lastTextModification=?,
        size_mb=? / cast( 1024.0 as float ) 
    where
        id=?
14:14:41,363 DEBUG SQL:104 - 
    select
        document0_.id as id0_,
        document0_.name as name0_ 
    from
        documents document0_
14:14:41,364 DEBUG SQL:104 - 
    select
        document_.summary as summary0_,
        document_.folder as folder0_,
        document_.owner as owner0_,
        document_.text as text0_,
        document_.lastTextModification as lastText7_0_,
        document_.size_mb * 1024.0 as size8_0_,
        upper(document_.name) as formula81_ 
    from
        documents document_ 
    where
        document_.id=?
14:14:41,376 DEBUG SQL:104 - 
    select
        owner0_.id as id3_0_,
        owner0_.name as name3_0_ 
    from
        owners owner0_ 
    where
        owner0_.id=?
14:14:41,377 DEBUG SQL:104 - 
    select
        document0_.id as id0_,
        document0_.name as name0_ 
    from
        documents document0_
14:14:41,378 DEBUG SQL:104 - 
    select
        document_.summary as summary0_,
        document_.folder as folder0_,
        document_.owner as owner0_,
        document_.text as text0_,
        document_.lastTextModification as lastText7_0_,
        document_.size_mb * 1024.0 as size8_0_,
        upper(document_.name) as formula81_ 
    from
        documents document_ 
    where
        document_.id=?
14:14:41,386 DEBUG SQL:104 - 
    select
        owner0_.id as id3_0_,
        owner0_.name as name3_0_ 
    from
        owners owner0_ 
    where
        owner0_.id=?
14:14:41,387 DEBUG SQL:104 - 
    select
        document0_.id as id0_,
        document0_.name as name0_ 
    from
        documents document0_
14:14:41,387 DEBUG SQL:104 - 
    update
        documents 
    set
        name=? 
    where
        id=?
14:14:41,388 DEBUG SQL:104 - 
    select
        document_.summary as summary0_,
        document_.folder as folder0_,
        document_.owner as owner0_,
        document_.text as text0_,
        document_.lastTextModification as lastText7_0_,
        document_.size_mb * 1024.0 as size8_0_,
        upper(document_.name) as formula81_ 
    from
        documents document_ 
    where
        document_.id=?
14:14:41,388 DEBUG SQL:104 - 
    select
        owner0_.id as id3_0_,
        owner0_.name as name3_0_ 
    from
        owners owner0_ 
    where
        owner0_.id=?
14:14:41,388 DEBUG SQL:104 - 
    update
        documents 
    set
        name=?,
        summary=?,
        folder=?,
        owner=?,
        text=?,
        lastTextModification=?,
        size_mb=? / cast( 1024.0 as float ) 
    where
        id=?
14:14:41,389 DEBUG SQL:104 - 
    select
        document0_.id as id0_,
        document0_.name as name0_ 
    from
        documents document0_
14:14:41,401 DEBUG SQL:104 - 
    select
        document_.summary as summary0_,
        document_.folder as folder0_,
        document_.owner as owner0_,
        document_.text as text0_,
        document_.lastTextModification as lastText7_0_,
        document_.size_mb * 1024.0 as size8_0_,
        upper(document_.name) as formula81_ 
    from
        documents document_ 
    where
        document_.id=?
14:14:41,402 DEBUG SQL:104 - 
    select
        owner0_.id as id3_0_,
        owner0_.name as name3_0_ 
    from
        owners owner0_ 
    where
        owner0_.id=?
14:14:41,402 DEBUG SQL:104 - 
    select
        document0_.id as id0_0_,
        document0_.name as name0_0_ 
    from
        documents document0_ 
    where
        document0_.id=?
14:14:41,414 DEBUG SQL:104 - 
    select
        document0_.id as id0_,
        document0_.name as name0_ 
    from
        documents document0_
14:14:41,415 DEBUG SQL:104 - 
    select
        document_.summary as summary0_,
        document_.folder as folder0_,
        document_.owner as owner0_,
        document_.text as text0_,
        document_.lastTextModification as lastText7_0_,
        document_.size_mb * 1024.0 as size8_0_,
        upper(document_.name) as formula81_ 
    from
        documents document_ 
    where
        document_.id=?
14:14:41,415 DEBUG SQL:104 - 
    select
        owner0_.id as id3_0_,
        owner0_.name as name3_0_ 
    from
        owners owner0_ 
    where
        owner0_.id=?
14:14:41,415 DEBUG SQL:104 - 
    select
        folder0_.id as id2_0_,
        folder0_.name as name2_0_,
        folder0_.parent as parent2_0_ 
    from
        folders folder0_ 
    where
        folder0_.id=?
14:14:41,424 DEBUG SQL:104 - 
    select
        documents0_.folder as folder2_1_,
        documents0_.id as id0_1_,
        documents0_.id as id0_0_,
        documents0_.name as name0_0_ 
    from
        documents documents0_ 
    where
        documents0_.folder=?
14:14:41,435 DEBUG SQL:104 - 
    delete 
    from
        documents 
    where
        id=?
14:14:41,435 DEBUG SQL:104 - 
    delete 
    from
        folders 
    where
        id=?
14:14:41,435 DEBUG SQL:104 - 
    delete 
    from
        owners 
    where
        id=?
14:14:41,436 DEBUG SQL:104 - 
    insert 
    into
        owners
        (name, id) 
    values
        (?, ?)
14:14:41,436 DEBUG SQL:104 - 
    insert 
    into
        folders
        (name, parent, id) 
    values
        (?, ?, ?)
14:14:41,445 DEBUG SQL:104 - 
    insert 
    into
        documents
        (name, summary, folder, owner, text, lastTextModification, size_mb, id) 
    values
        (?, ?, ?, ?, ?, ?, ? / cast( 1024.0 as float ), ?)
14:14:41,445 DEBUG SQL:104 - 
    select
        document0_.id as id0_0_,
        document0_.name as name0_0_ 
    from
        documents document0_ 
    where
        document0_.id=?
14:14:41,446 DEBUG SQL:104 - 
    select
        document_.summary as summary0_,
        document_.folder as folder0_,
        document_.owner as owner0_,
        document_.text as text0_,
        document_.lastTextModification as lastText7_0_,
        document_.size_mb * 1024.0 as size8_0_,
        upper(document_.name) as formula81_ 
    from
        documents document_ 
    where
        document_.id=?
14:14:41,455 DEBUG SQL:104 - 
    select
        owner0_.id as id3_0_,
        owner0_.name as name3_0_ 
    from
        owners owner0_ 
    where
        owner0_.id=?
14:14:41,456 DEBUG SQL:104 - 
    select
        document0_.id as id0_,
        document0_.name as name0_ 
    from
        documents document0_
14:14:41,456 DEBUG SQL:104 - 
    select
        document_.summary as summary0_,
        document_.folder as folder0_,
        document_.owner as owner0_,
        document_.text as text0_,
        document_.lastTextModification as lastText7_0_,
        document_.size_mb * 1024.0 as size8_0_,
        upper(document_.name) as formula81_ 
    from
        documents document_ 
    where
        document_.id=?
14:14:41,457 DEBUG SQL:104 - 
    select
        owner0_.id as id3_0_,
        owner0_.name as name3_0_ 
    from
        owners owner0_ 
    where
        owner0_.id=?
14:14:41,466 DEBUG SQL:104 - 
    select
        document0_.id as id0_,
        document0_.name as name0_ 
    from
        documents document0_
14:14:41,466 DEBUG SQL:104 - 
    select
        document_.summary as summary0_,
        document_.folder as folder0_,
        document_.owner as owner0_,
        document_.text as text0_,
        document_.lastTextModification as lastText7_0_,
        document_.size_mb * 1024.0 as size8_0_,
        upper(document_.name) as formula81_ 
    from
        documents document_ 
    where
        document_.id=?
14:14:41,467 DEBUG SQL:104 - 
    select
        owner0_.id as id3_0_,
        owner0_.name as name3_0_ 
    from
        owners owner0_ 
    where
        owner0_.id=?
14:14:41,477 DEBUG SQL:104 - 
    select
        document0_.id as id0_,
        document0_.name as name0_ 
    from
        documents document0_
14:14:41,477 DEBUG SQL:104 - 
    update
        documents 
    set
        name=? 
    where
        id=?
14:14:41,477 DEBUG SQL:104 - 
    select
        document0_.id as id0_,
        document0_.name as name0_ 
    from
        documents document0_
14:14:41,482 DEBUG SQL:104 - 
    select
        document_.summary as summary0_,
        document_.folder as folder0_,
        document_.owner as owner0_,
        document_.text as text0_,
        document_.lastTextModification as lastText7_0_,
        document_.size_mb * 1024.0 as size8_0_,
        upper(document_.name) as formula81_ 
    from
        documents document_ 
    where
        document_.id=?
14:14:41,491 DEBUG SQL:104 - 
    select
        owner0_.id as id3_0_,
        owner0_.name as name3_0_ 
    from
        owners owner0_ 
    where
        owner0_.id=?
14:14:41,492 DEBUG SQL:104 - 
    select
        document0_.id as id0_,
        document0_.name as name0_ 
    from
        documents document0_
14:14:41,492 DEBUG SQL:104 - 
    select
        document_.summary as summary0_,
        document_.folder as folder0_,
        document_.owner as owner0_,
        document_.text as text0_,
        document_.lastTextModification as lastText7_0_,
        document_.size_mb * 1024.0 as size8_0_,
        upper(document_.name) as formula81_ 
    from
        documents document_ 
    where
        document_.id=?
14:14:41,503 DEBUG SQL:104 - 
    select
        owner0_.id as id3_0_,
        owner0_.name as name3_0_ 
    from
        owners owner0_ 
    where
        owner0_.id=?
14:14:41,504 DEBUG SQL:104 - 
    update
        documents 
    set
        name=?,
        summary=?,
        folder=?,
        owner=?,
        text=?,
        lastTextModification=?,
        size_mb=? / cast( 1024.0 as float ) 
    where
        id=?
14:14:41,505 DEBUG SQL:104 - 
    select
        document0_.id as id0_,
        document0_.name as name0_ 
    from
        documents document0_
14:14:41,505 DEBUG SQL:104 - 
    select
        document_.summary as summary0_,
        document_.folder as folder0_,
        document_.owner as owner0_,
        document_.text as text0_,
        document_.lastTextModification as lastText7_0_,
        document_.size_mb * 1024.0 as size8_0_,
        upper(document_.name) as formula81_ 
    from
        documents document_ 
    where
        document_.id=?
14:14:41,513 DEBUG SQL:104 - 
    select
        owner0_.id as id3_0_,
        owner0_.name as name3_0_ 
    from
        owners owner0_ 
    where
        owner0_.id=?
14:14:41,514 DEBUG SQL:104 - 
    select
        document0_.id as id0_,
        document0_.name as name0_ 
    from
        documents document0_
14:14:41,515 DEBUG SQL:104 - 
    select
        document_.summary as summary0_,
        document_.folder as folder0_,
        document_.owner as owner0_,
        document_.text as text0_,
        document_.lastTextModification as lastText7_0_,
        document_.size_mb * 1024.0 as size8_0_,
        upper(document_.name) as formula81_ 
    from
        documents document_ 
    where
        document_.id=?
14:14:41,515 DEBUG SQL:104 - 
    select
        owner0_.id as id3_0_,
        owner0_.name as name3_0_ 
    from
        owners owner0_ 
    where
        owner0_.id=?
14:14:41,516 DEBUG SQL:104 - 
    select
        document0_.id as id0_,
        document0_.name as name0_ 
    from
        documents document0_
14:14:41,516 DEBUG SQL:104 - 
    update
        documents 
    set
        name=? 
    where
        id=?
14:14:41,516 DEBUG SQL:104 - 
    select
        document_.summary as summary0_,
        document_.folder as folder0_,
        document_.owner as owner0_,
        document_.text as text0_,
        document_.lastTextModification as lastText7_0_,
        document_.size_mb * 1024.0 as size8_0_,
        upper(document_.name) as formula81_ 
    from
        documents document_ 
    where
        document_.id=?
14:14:41,527 DEBUG SQL:104 - 
    select
        owner0_.id as id3_0_,
        owner0_.name as name3_0_ 
    from
        owners owner0_ 
    where
        owner0_.id=?
14:14:41,528 DEBUG SQL:104 - 
    update
        documents 
    set
        name=?,
        summary=?,
        folder=?,
        owner=?,
        text=?,
        lastTextModification=?,
        size_mb=? / cast( 1024.0 as float ) 
    where
        id=?
14:14:41,541 DEBUG SQL:104 - 
    select
        document0_.id as id0_,
        document0_.name as name0_ 
    from
        documents document0_
14:14:41,541 DEBUG SQL:104 - 
    select
        document_.summary as summary0_,
        document_.folder as folder0_,
        document_.owner as owner0_,
        document_.text as text0_,
        document_.lastTextModification as lastText7_0_,
        document_.size_mb * 1024.0 as size8_0_,
        upper(document_.name) as formula81_ 
    from
        documents document_ 
    where
        document_.id=?
14:14:41,542 DEBUG SQL:104 - 
    select
        owner0_.id as id3_0_,
        owner0_.name as name3_0_ 
    from
        owners owner0_ 
    where
        owner0_.id=?
14:14:41,542 DEBUG SQL:104 - 
    select
        document0_.id as id0_0_,
        document0_.name as name0_0_ 
    from
        documents document0_ 
    where
        document0_.id=?
14:14:41,551 DEBUG SQL:104 - 
    select
        document0_.id as id0_,
        document0_.name as name0_ 
    from
        documents document0_
14:14:41,552 DEBUG SQL:104 - 
    select
        document_.summary as summary0_,
        document_.folder as folder0_,
        document_.owner as owner0_,
        document_.text as text0_,
        document_.lastTextModification as lastText7_0_,
        document_.size_mb * 1024.0 as size8_0_,
        upper(document_.name) as formula81_ 
    from
        documents document_ 
    where
        document_.id=?
14:14:41,561 DEBUG SQL:104 - 
    select
        owner0_.id as id3_0_,
        owner0_.name as name3_0_ 
    from
        owners owner0_ 
    where
        owner0_.id=?
14:14:41,561 DEBUG SQL:104 - 
    select
        folder0_.id as id2_0_,
        folder0_.name as name2_0_,
        folder0_.parent as parent2_0_ 
    from
        folders folder0_ 
    where
        folder0_.id=?
14:14:41,562 DEBUG SQL:104 - 
    select
        documents0_.folder as folder2_1_,
        documents0_.id as id0_1_,
        documents0_.id as id0_0_,
        documents0_.name as name0_0_ 
    from
        documents documents0_ 
    where
        documents0_.folder=?
14:14:41,571 DEBUG SQL:104 - 
    delete 
    from
        documents 
    where
        id=?
14:14:41,571 DEBUG SQL:104 - 
    delete 
    from
        folders 
    where
        id=?
14:14:41,571 DEBUG SQL:104 - 
    delete 
    from
        owners 
    where
        id=?
14:14:41,572 DEBUG SQL:104 - 
    insert 
    into
        owners
        (name, id) 
    values
        (?, ?)
14:14:41,580 DEBUG SQL:104 - 
    insert 
    into
        folders
        (name, parent, id) 
    values
        (?, ?, ?)
14:14:41,580 DEBUG SQL:104 - 
    insert 
    into
        documents
        (name, summary, folder, owner, text, lastTextModification, size_mb, id) 
    values
        (?, ?, ?, ?, ?, ?, ? / cast( 1024.0 as float ), ?)
14:14:41,581 DEBUG SQL:104 - 
    select
        document0_.id as id0_0_,
        document0_.name as name0_0_ 
    from
        documents document0_ 
    where
        document0_.id=?
14:14:41,581 DEBUG SQL:104 - 
    select
        document_.summary as summary0_,
        document_.folder as folder0_,
        document_.owner as owner0_,
        document_.text as text0_,
        document_.lastTextModification as lastText7_0_,
        document_.size_mb * 1024.0 as size8_0_,
        upper(document_.name) as formula81_ 
    from
        documents document_ 
    where
        document_.id=?
14:14:41,589 DEBUG SQL:104 - 
    select
        owner0_.id as id3_0_,
        owner0_.name as name3_0_ 
    from
        owners owner0_ 
    where
        owner0_.id=?
14:14:41,590 DEBUG SQL:104 - 
    select
        document0_.id as id0_,
        document0_.name as name0_ 
    from
        documents document0_
14:14:41,591 DEBUG SQL:104 - 
    select
        document_.summary as summary0_,
        document_.folder as folder0_,
        document_.owner as owner0_,
        document_.text as text0_,
        document_.lastTextModification as lastText7_0_,
        document_.size_mb * 1024.0 as size8_0_,
        upper(document_.name) as formula81_ 
    from
        documents document_ 
    where
        document_.id=?
14:14:41,598 DEBUG SQL:104 - 
    select
        owner0_.id as id3_0_,
        owner0_.name as name3_0_ 
    from
        owners owner0_ 
    where
        owner0_.id=?
14:14:41,599 DEBUG SQL:104 - 
    select
        document0_.id as id0_,
        document0_.name as name0_ 
    from
        documents document0_
14:14:41,599 DEBUG SQL:104 - 
    select
        document_.summary as summary0_,
        document_.folder as folder0_,
        document_.owner as owner0_,
        document_.text as text0_,
        document_.lastTextModification as lastText7_0_,
        document_.size_mb * 1024.0 as size8_0_,
        upper(document_.name) as formula81_ 
    from
        documents document_ 
    where
        document_.id=?
14:14:41,600 DEBUG SQL:104 - 
    select
        owner0_.id as id3_0_,
        owner0_.name as name3_0_ 
    from
        owners owner0_ 
    where
        owner0_.id=?
14:14:41,609 DEBUG SQL:104 - 
    select
        document0_.id as id0_,
        document0_.name as name0_ 
    from
        documents document0_
14:14:41,613 DEBUG SQL:104 - 
    update
        documents 
    set
        name=? 
    where
        id=?
14:14:41,613 DEBUG SQL:104 - 
    select
        document0_.id as id0_,
        document0_.name as name0_ 
    from
        documents document0_
14:14:41,614 DEBUG SQL:104 - 
    select
        document_.summary as summary0_,
        document_.folder as folder0_,
        document_.owner as owner0_,
        document_.text as text0_,
        document_.lastTextModification as lastText7_0_,
        document_.size_mb * 1024.0 as size8_0_,
        upper(document_.name) as formula81_ 
    from
        documents document_ 
    where
        document_.id=?
14:14:41,620 DEBUG SQL:104 - 
    select
        owner0_.id as id3_0_,
        owner0_.name as name3_0_ 
    from
        owners owner0_ 
    where
        owner0_.id=?
14:14:41,621 DEBUG SQL:104 - 
    select
        document0_.id as id0_,
        document0_.name as name0_ 
    from
        documents document0_
14:14:41,621 DEBUG SQL:104 - 
    select
        document_.summary as summary0_,
        document_.folder as folder0_,
        document_.owner as owner0_,
        document_.text as text0_,
        document_.lastTextModification as lastText7_0_,
        document_.size_mb * 1024.0 as size8_0_,
        upper(document_.name) as formula81_ 
    from
        documents document_ 
    where
        document_.id=?
14:14:41,636 DEBUG SQL:104 - 
    select
        owner0_.id as id3_0_,
        owner0_.name as name3_0_ 
    from
        owners owner0_ 
    where
        owner0_.id=?
14:14:41,637 DEBUG SQL:104 - 
    update
        documents 
    set
        name=?,
        summary=?,
        folder=?,
        owner=?,
        text=?,
        lastTextModification=?,
        size_mb=? / cast( 1024.0 as float ) 
    where
        id=?
14:14:41,638 DEBUG SQL:104 - 
    select
        document0_.id as id0_,
        document0_.name as name0_ 
    from
        documents document0_
14:14:41,642 DEBUG SQL:104 - 
    select
        document_.summary as summary0_,
        document_.folder as folder0_,
        document_.owner as owner0_,
        document_.text as text0_,
        document_.lastTextModification as lastText7_0_,
        document_.size_mb * 1024.0 as size8_0_,
        upper(document_.name) as formula81_ 
    from
        documents document_ 
    where
        document_.id=?
14:14:41,642 DEBUG SQL:104 - 
    select
        owner0_.id as id3_0_,
        owner0_.name as name3_0_ 
    from
        owners owner0_ 
    where
        owner0_.id=?
14:14:41,644 DEBUG SQL:104 - 
    select
        document0_.id as id0_,
        document0_.name as name0_ 
    from
        documents document0_
14:14:41,644 DEBUG SQL:104 - 
    select
        document_.summary as summary0_,
        document_.folder as folder0_,
        document_.owner as owner0_,
        document_.text as text0_,
        document_.lastTextModification as lastText7_0_,
        document_.size_mb * 1024.0 as size8_0_,
        upper(document_.name) as formula81_ 
    from
        documents document_ 
    where
        document_.id=?
14:14:41,644 DEBUG SQL:104 - 
    select
        owner0_.id as id3_0_,
        owner0_.name as name3_0_ 
    from
        owners owner0_ 
    where
        owner0_.id=?
14:14:41,645 DEBUG SQL:104 - 
    select
        document0_.id as id0_,
        document0_.name as name0_ 
    from
        documents document0_
14:14:41,645 DEBUG SQL:104 - 
    update
        documents 
    set
        name=? 
    where
        id=?
14:14:41,657 DEBUG SQL:104 - 
    select
        document_.summary as summary0_,
        document_.folder as folder0_,
        document_.owner as owner0_,
        document_.text as text0_,
        document_.lastTextModification as lastText7_0_,
        document_.size_mb * 1024.0 as size8_0_,
        upper(document_.name) as formula81_ 
    from
        documents document_ 
    where
        document_.id=?
14:14:41,658 DEBUG SQL:104 - 
    select
        owner0_.id as id3_0_,
        owner0_.name as name3_0_ 
    from
        owners owner0_ 
    where
        owner0_.id=?
14:14:41,658 DEBUG SQL:104 - 
    update
        documents 
    set
        name=?,
        summary=?,
        folder=?,
        owner=?,
        text=?,
        lastTextModification=?,
        size_mb=? / cast( 1024.0 as float ) 
    where
        id=?
14:14:41,671 DEBUG SQL:104 - 
    select
        document0_.id as id0_,
        document0_.name as name0_ 
    from
        documents document0_
14:14:41,671 DEBUG SQL:104 - 
    select
        document_.summary as summary0_,
        document_.folder as folder0_,
        document_.owner as owner0_,
        document_.text as text0_,
        document_.lastTextModification as lastText7_0_,
        document_.size_mb * 1024.0 as size8_0_,
        upper(document_.name) as formula81_ 
    from
        documents document_ 
    where
        document_.id=?
14:14:41,672 DEBUG SQL:104 - 
    select
        owner0_.id as id3_0_,
        owner0_.name as name3_0_ 
    from
        owners owner0_ 
    where
        owner0_.id=?
14:14:41,679 DEBUG SQL:104 - 
    select
        document0_.id as id0_0_,
        document0_.name as name0_0_ 
    from
        documents document0_ 
    where
        document0_.id=?
14:14:41,680 DEBUG SQL:104 - 
    select
        document0_.id as id0_,
        document0_.name as name0_ 
    from
        documents document0_
14:14:41,690 DEBUG SQL:104 - 
    select
        document_.summary as summary0_,
        document_.folder as folder0_,
        document_.owner as owner0_,
        document_.text as text0_,
        document_.lastTextModification as lastText7_0_,
        document_.size_mb * 1024.0 as size8_0_,
        upper(document_.name) as formula81_ 
    from
        documents document_ 
    where
        document_.id=?
14:14:41,691 DEBUG SQL:104 - 
    select
        owner0_.id as id3_0_,
        owner0_.name as name3_0_ 
    from
        owners owner0_ 
    where
        owner0_.id=?
14:14:41,691 DEBUG SQL:104 - 
    select
        folder0_.id as id2_0_,
        folder0_.name as name2_0_,
        folder0_.parent as parent2_0_ 
    from
        folders folder0_ 
    where
        folder0_.id=?
14:14:41,700 DEBUG SQL:104 - 
    select
        documents0_.folder as folder2_1_,
        documents0_.id as id0_1_,
        documents0_.id as id0_0_,
        documents0_.name as name0_0_ 
    from
        documents documents0_ 
    where
        documents0_.folder=?
14:14:41,702 DEBUG SQL:104 - 
    delete 
    from
        documents 
    where
        id=?
14:14:41,702 DEBUG SQL:104 - 
    delete 
    from
        folders 
    where
        id=?
14:14:41,702 DEBUG SQL:104 - 
    delete 
    from
        owners 
    where
        id=?
14:14:41,703 DEBUG SQL:104 - 
    insert 
    into
        owners
        (name, id) 
    values
        (?, ?)
14:14:41,712 DEBUG SQL:104 - 
    insert 
    into
        folders
        (name, parent, id) 
    values
        (?, ?, ?)
14:14:41,713 DEBUG SQL:104 - 
    insert 
    into
        documents
        (name, summary, folder, owner, text, lastTextModification, size_mb, id) 
    values
        (?, ?, ?, ?, ?, ?, ? / cast( 1024.0 as float ), ?)
14:14:41,713 DEBUG SQL:104 - 
    select
        document0_.id as id0_0_,
        document0_.name as name0_0_ 
    from
        documents document0_ 
    where
        document0_.id=?
14:14:41,714 DEBUG SQL:104 - 
    select
        document_.summary as summary0_,
        document_.folder as folder0_,
        document_.owner as owner0_,
        document_.text as text0_,
        document_.lastTextModification as lastText7_0_,
        document_.size_mb * 1024.0 as size8_0_,
        upper(document_.name) as formula81_ 
    from
        documents document_ 
    where
        document_.id=?
14:14:41,723 DEBUG SQL:104 - 
    select
        owner0_.id as id3_0_,
        owner0_.name as name3_0_ 
    from
        owners owner0_ 
    where
        owner0_.id=?
14:14:41,724 DEBUG SQL:104 - 
    select
        document0_.id as id0_,
        document0_.name as name0_ 
    from
        documents document0_
14:14:41,724 DEBUG SQL:104 - 
    select
        document_.summary as summary0_,
        document_.folder as folder0_,
        document_.owner as owner0_,
        document_.text as text0_,
        document_.lastTextModification as lastText7_0_,
        document_.size_mb * 1024.0 as size8_0_,
        upper(document_.name) as formula81_ 
    from
        documents document_ 
    where
        document_.id=?
14:14:41,734 DEBUG SQL:104 - 
    select
        owner0_.id as id3_0_,
        owner0_.name as name3_0_ 
    from
        owners owner0_ 
    where
        owner0_.id=?
14:14:41,735 DEBUG SQL:104 - 
    select
        document0_.id as id0_,
        document0_.name as name0_ 
    from
        documents document0_
14:14:41,736 DEBUG SQL:104 - 
    select
        document_.summary as summary0_,
        document_.folder as folder0_,
        document_.owner as owner0_,
        document_.text as text0_,
        document_.lastTextModification as lastText7_0_,
        document_.size_mb * 1024.0 as size8_0_,
        upper(document_.name) as formula81_ 
    from
        documents document_ 
    where
        document_.id=?
14:14:41,744 DEBUG SQL:104 - 
    select
        owner0_.id as id3_0_,
        owner0_.name as name3_0_ 
    from
        owners owner0_ 
    where
        owner0_.id=?
14:14:41,751 DEBUG SQL:104 - 
    select
        document0_.id as id0_,
        document0_.name as name0_ 
    from
        documents document0_
14:14:41,751 DEBUG SQL:104 - 
    update
        documents 
    set
        name=? 
    where
        id=?
14:14:41,752 DEBUG SQL:104 - 
    select
        document0_.id as id0_,
        document0_.name as name0_ 
    from
        documents document0_
14:14:41,759 DEBUG SQL:104 - 
    select
        document_.summary as summary0_,
        document_.folder as folder0_,
        document_.owner as owner0_,
        document_.text as text0_,
        document_.lastTextModification as lastText7_0_,
        document_.size_mb * 1024.0 as size8_0_,
        upper(document_.name) as formula81_ 
    from
        documents document_ 
    where
        document_.id=?
14:14:41,760 DEBUG SQL:104 - 
    select
        owner0_.id as id3_0_,
        owner0_.name as name3_0_ 
    from
        owners owner0_ 
    where
        owner0_.id=?
14:14:41,760 DEBUG SQL:104 - 
    select
        document0_.id as id0_,
        document0_.name as name0_ 
    from
        documents document0_
14:14:41,761 DEBUG SQL:104 - 
    select
        document_.summary as summary0_,
        document_.folder as folder0_,
        document_.owner as owner0_,
        document_.text as text0_,
        document_.lastTextModification as lastText7_0_,
        document_.size_mb * 1024.0 as size8_0_,
        upper(document_.name) as formula81_ 
    from
        documents document_ 
    where
        document_.id=?
14:14:41,774 DEBUG SQL:104 - 
    select
        owner0_.id as id3_0_,
        owner0_.name as name3_0_ 
    from
        owners owner0_ 
    where
        owner0_.id=?
14:14:41,775 DEBUG SQL:104 - 
    update
        documents 
    set
        name=?,
        summary=?,
        folder=?,
        owner=?,
        text=?,
        lastTextModification=?,
        size_mb=? / cast( 1024.0 as float ) 
    where
        id=?
14:14:41,775 DEBUG SQL:104 - 
    select
        document0_.id as id0_,
        document0_.name as name0_ 
    from
        documents document0_
14:14:41,775 DEBUG SQL:104 - 
    select
        document_.summary as summary0_,
        document_.folder as folder0_,
        document_.owner as owner0_,
        document_.text as text0_,
        document_.lastTextModification as lastText7_0_,
        document_.size_mb * 1024.0 as size8_0_,
        upper(document_.name) as formula81_ 
    from
        documents document_ 
    where
        document_.id=?
14:14:41,776 DEBUG SQL:104 - 
    select
        owner0_.id as id3_0_,
        owner0_.name as name3_0_ 
    from
        owners owner0_ 
    where
        owner0_.id=?
14:14:41,776 DEBUG SQL:104 - 
    select
        document0_.id as id0_,
        document0_.name as name0_ 
    from
        documents document0_
14:14:41,787 DEBUG SQL:104 - 
    select
        document_.summary as summary0_,
        document_.folder as folder0_,
        document_.owner as owner0_,
        document_.text as text0_,
        document_.lastTextModification as lastText7_0_,
        document_.size_mb * 1024.0 as size8_0_,
        upper(document_.name) as formula81_ 
    from
        documents document_ 
    where
        document_.id=?
14:14:41,788 DEBUG SQL:104 - 
    select
        owner0_.id as id3_0_,
        owner0_.name as name3_0_ 
    from
        owners owner0_ 
    where
        owner0_.id=?
14:14:41,788 DEBUG SQL:104 - 
    select
        document0_.id as id0_,
        document0_.name as name0_ 
    from
        documents document0_
14:14:41,800 DEBUG SQL:104 - 
    update
        documents 
    set
        name=? 
    where
        id=?
14:14:41,800 DEBUG SQL:104 - 
    select
        document_.summary as summary0_,
        document_.folder as folder0_,
        document_.owner as owner0_,
        document_.text as text0_,
        document_.lastTextModification as lastText7_0_,
        document_.size_mb * 1024.0 as size8_0_,
        upper(document_.name) as formula81_ 
    from
        documents document_ 
    where
        document_.id=?
14:14:41,801 DEBUG SQL:104 - 
    select
        owner0_.id as id3_0_,
        owner0_.name as name3_0_ 
    from
        owners owner0_ 
    where
        owner0_.id=?
14:14:41,801 DEBUG SQL:104 - 
    update
        documents 
    set
        name=?,
        summary=?,
        folder=?,
        owner=?,
        text=?,
        lastTextModification=?,
        size_mb=? / cast( 1024.0 as float ) 
    where
        id=?
14:14:41,801 DEBUG SQL:104 - 
    select
        document0_.id as id0_,
        document0_.name as name0_ 
    from
        documents document0_
14:14:41,820 DEBUG SQL:104 - 
    select
        document_.summary as summary0_,
        document_.folder as folder0_,
        document_.owner as owner0_,
        document_.text as text0_,
        document_.lastTextModification as lastText7_0_,
        document_.size_mb * 1024.0 as size8_0_,
        upper(document_.name) as formula81_ 
    from
        documents document_ 
    where
        document_.id=?
14:14:41,821 DEBUG SQL:104 - 
    select
        owner0_.id as id3_0_,
        owner0_.name as name3_0_ 
    from
        owners owner0_ 
    where
        owner0_.id=?
14:14:41,822 DEBUG SQL:104 - 
    select
        document0_.id as id0_0_,
        document0_.name as name0_0_ 
    from
        documents document0_ 
    where
        document0_.id=?
14:14:41,830 DEBUG SQL:104 - 
    select
        document0_.id as id0_,
        document0_.name as name0_ 
    from
        documents document0_
14:14:41,830 DEBUG SQL:104 - 
    select
        document_.summary as summary0_,
        document_.folder as folder0_,
        document_.owner as owner0_,
        document_.text as text0_,
        document_.lastTextModification as lastText7_0_,
        document_.size_mb * 1024.0 as size8_0_,
        upper(document_.name) as formula81_ 
    from
        documents document_ 
    where
        document_.id=?
14:14:41,830 DEBUG SQL:104 - 
    select
        owner0_.id as id3_0_,
        owner0_.name as name3_0_ 
    from
        owners owner0_ 
    where
        owner0_.id=?
14:14:41,831 DEBUG SQL:104 - 
    select
        folder0_.id as id2_0_,
        folder0_.name as name2_0_,
        folder0_.parent as parent2_0_ 
    from
        folders folder0_ 
    where
        folder0_.id=?
14:14:41,840 DEBUG SQL:104 - 
    select
        documents0_.folder as folder2_1_,
        documents0_.id as id0_1_,
        documents0_.id as id0_0_,
        documents0_.name as name0_0_ 
    from
        documents documents0_ 
    where
        documents0_.folder=?
14:14:41,841 DEBUG SQL:104 - 
    delete 
    from
        documents 
    where
        id=?
14:14:41,841 DEBUG SQL:104 - 
    delete 
    from
        folders 
    where
        id=?
14:14:41,841 DEBUG SQL:104 - 
    delete 
    from
        owners 
    where
        id=?
14:14:41,849 DEBUG SQL:104 - 
    insert 
    into
        owners
        (name, id) 
    values
        (?, ?)
14:14:41,850 DEBUG SQL:104 - 
    insert 
    into
        folders
        (name, parent, id) 
    values
        (?, ?, ?)
14:14:41,850 DEBUG SQL:104 - 
    insert 
    into
        documents
        (name, summary, folder, owner, text, lastTextModification, size_mb, id) 
    values
        (?, ?, ?, ?, ?, ?, ? / cast( 1024.0 as float ), ?)
14:14:41,850 DEBUG SQL:104 - 
    select
        document0_.id as id0_0_,
        document0_.name as name0_0_ 
    from
        documents document0_ 
    where
        document0_.id=?
14:14:41,858 DEBUG SQL:104 - 
    select
        document_.summary as summary0_,
        document_.folder as folder0_,
        document_.owner as owner0_,
        document_.text as text0_,
        document_.lastTextModification as lastText7_0_,
        document_.size_mb * 1024.0 as size8_0_,
        upper(document_.name) as formula81_ 
    from
        documents document_ 
    where
        document_.id=?
14:14:41,859 DEBUG SQL:104 - 
    select
        owner0_.id as id3_0_,
        owner0_.name as name3_0_ 
    from
        owners owner0_ 
    where
        owner0_.id=?
14:14:41,859 DEBUG SQL:104 - 
    select
        document0_.id as id0_,
        document0_.name as name0_ 
    from
        documents document0_
14:14:41,860 DEBUG SQL:104 - 
    select
        document_.summary as summary0_,
        document_.folder as folder0_,
        document_.owner as owner0_,
        document_.text as text0_,
        document_.lastTextModification as lastText7_0_,
        document_.size_mb * 1024.0 as size8_0_,
        upper(document_.name) as formula81_ 
    from
        documents document_ 
    where
        document_.id=?
14:14:41,869 DEBUG SQL:104 - 
    select
        owner0_.id as id3_0_,
        owner0_.name as name3_0_ 
    from
        owners owner0_ 
    where
        owner0_.id=?
14:14:41,870 DEBUG SQL:104 - 
    select
        document0_.id as id0_,
        document0_.name as name0_ 
    from
        documents document0_
14:14:41,870 DEBUG SQL:104 - 
    select
        document_.summary as summary0_,
        document_.folder as folder0_,
        document_.owner as owner0_,
        document_.text as text0_,
        document_.lastTextModification as lastText7_0_,
        document_.size_mb * 1024.0 as size8_0_,
        upper(document_.name) as formula81_ 
    from
        documents document_ 
    where
        document_.id=?
14:14:41,899 DEBUG SQL:104 - 
    select
        owner0_.id as id3_0_,
        owner0_.name as name3_0_ 
    from
        owners owner0_ 
    where
        owner0_.id=?
14:14:41,901 DEBUG SQL:104 - 
    select
        document0_.id as id0_,
        document0_.name as name0_ 
    from
        documents document0_
14:14:41,901 DEBUG SQL:104 - 
    update
        documents 
    set
        name=? 
    where
        id=?
14:14:41,902 DEBUG SQL:104 - 
    select
        document0_.id as id0_,
        document0_.name as name0_ 
    from
        documents document0_
14:14:41,902 DEBUG SQL:104 - 
    select
        document_.summary as summary0_,
        document_.folder as folder0_,
        document_.owner as owner0_,
        document_.text as text0_,
        document_.lastTextModification as lastText7_0_,
        document_.size_mb * 1024.0 as size8_0_,
        upper(document_.name) as formula81_ 
    from
        documents document_ 
    where
        document_.id=?
14:14:41,902 DEBUG SQL:104 - 
    select
        owner0_.id as id3_0_,
        owner0_.name as name3_0_ 
    from
        owners owner0_ 
    where
        owner0_.id=?
14:14:41,903 DEBUG SQL:104 - 
    select
        document0_.id as id0_,
        document0_.name as name0_ 
    from
        documents document0_
14:14:41,903 DEBUG SQL:104 - 
    select
        document_.summary as summary0_,
        document_.folder as folder0_,
        document_.owner as owner0_,
        document_.text as text0_,
        document_.lastTextModification as lastText7_0_,
        document_.size_mb * 1024.0 as size8_0_,
        upper(document_.name) as formula81_ 
    from
        documents document_ 
    where
        document_.id=?
14:14:41,903 DEBUG SQL:104 - 
    select
        owner0_.id as id3_0_,
        owner0_.name as name3_0_ 
    from
        owners owner0_ 
    where
        owner0_.id=?
14:14:41,904 DEBUG SQL:104 - 
    update
        documents 
    set
        name=?,
        summary=?,
        folder=?,
        owner=?,
        text=?,
        lastTextModification=?,
        size_mb=? / cast( 1024.0 as float ) 
    where
        id=?
14:14:41,904 DEBUG SQL:104 - 
    select
        document0_.id as id0_,
        document0_.name as name0_ 
    from
        documents document0_
14:14:41,904 DEBUG SQL:104 - 
    select
        document_.summary as summary0_,
        document_.folder as folder0_,
        document_.owner as owner0_,
        document_.text as text0_,
        document_.lastTextModification as lastText7_0_,
        document_.size_mb * 1024.0 as size8_0_,
        upper(document_.name) as formula81_ 
    from
        documents document_ 
    where
        document_.id=?
14:14:41,905 DEBUG SQL:104 - 
    select
        owner0_.id as id3_0_,
        owner0_.name as name3_0_ 
    from
        owners owner0_ 
    where
        owner0_.id=?
14:14:41,914 DEBUG SQL:104 - 
    select
        document0_.id as id0_,
        document0_.name as name0_ 
    from
        documents document0_
14:14:41,915 DEBUG SQL:104 - 
    select
        document_.summary as summary0_,
        document_.folder as folder0_,
        document_.owner as owner0_,
        document_.text as text0_,
        document_.lastTextModification as lastText7_0_,
        document_.size_mb * 1024.0 as size8_0_,
        upper(document_.name) as formula81_ 
    from
        documents document_ 
    where
        document_.id=?
14:14:41,915 DEBUG SQL:104 - 
    select
        owner0_.id as id3_0_,
        owner0_.name as name3_0_ 
    from
        owners owner0_ 
    where
        owner0_.id=?
14:14:41,930 DEBUG SQL:104 - 
    select
        document0_.id as id0_,
        document0_.name as name0_ 
    from
        documents document0_
14:14:41,930 DEBUG SQL:104 - 
    update
        documents 
    set
        name=? 
    where
        id=?
14:14:41,931 DEBUG SQL:104 - 
    select
        document_.summary as summary0_,
        document_.folder as folder0_,
        document_.owner as owner0_,
        document_.text as text0_,
        document_.lastTextModification as lastText7_0_,
        document_.size_mb * 1024.0 as size8_0_,
        upper(document_.name) as formula81_ 
    from
        documents document_ 
    where
        document_.id=?
14:14:41,940 DEBUG SQL:104 - 
    select
        owner0_.id as id3_0_,
        owner0_.name as name3_0_ 
    from
        owners owner0_ 
    where
        owner0_.id=?
14:14:41,941 DEBUG SQL:104 - 
    update
        documents 
    set
        name=?,
        summary=?,
        folder=?,
        owner=?,
        text=?,
        lastTextModification=?,
        size_mb=? / cast( 1024.0 as float ) 
    where
        id=?
14:14:41,951 DEBUG SQL:104 - 
    select
        document0_.id as id0_,
        document0_.name as name0_ 
    from
        documents document0_
14:14:41,952 DEBUG SQL:104 - 
    select
        document_.summary as summary0_,
        document_.folder as folder0_,
        document_.owner as owner0_,
        document_.text as text0_,
        document_.lastTextModification as lastText7_0_,
        document_.size_mb * 1024.0 as size8_0_,
        upper(document_.name) as formula81_ 
    from
        documents document_ 
    where
        document_.id=?
14:14:41,952 DEBUG SQL:104 - 
    select
        owner0_.id as id3_0_,
        owner0_.name as name3_0_ 
    from
        owners owner0_ 
    where
        owner0_.id=?
14:14:41,961 DEBUG SQL:104 - 
    select
        document0_.id as id0_0_,
        document0_.name as name0_0_ 
    from
        documents document0_ 
    where
        document0_.id=?
14:14:41,962 DEBUG SQL:104 - 
    select
        document0_.id as id0_,
        document0_.name as name0_ 
    from
        documents document0_
14:14:41,962 DEBUG SQL:104 - 
    select
        document_.summary as summary0_,
        document_.folder as folder0_,
        document_.owner as owner0_,
        document_.text as text0_,
        document_.lastTextModification as lastText7_0_,
        document_.size_mb * 1024.0 as size8_0_,
        upper(document_.name) as formula81_ 
    from
        documents document_ 
    where
        document_.id=?
14:14:41,963 DEBUG SQL:104 - 
    select
        owner0_.id as id3_0_,
        owner0_.name as name3_0_ 
    from
        owners owner0_ 
    where
        owner0_.id=?
14:14:41,972 DEBUG SQL:104 - 
    select
        folder0_.id as id2_0_,
        folder0_.name as name2_0_,
        folder0_.parent as parent2_0_ 
    from
        folders folder0_ 
    where
        folder0_.id=?
14:14:41,973 DEBUG SQL:104 - 
    select
        documents0_.folder as folder2_1_,
        documents0_.id as id0_1_,
        documents0_.id as id0_0_,
        documents0_.name as name0_0_ 
    from
        documents documents0_ 
    where
        documents0_.folder=?
14:14:41,974 DEBUG SQL:104 - 
    delete 
    from
        documents 
    where
        id=?
14:14:41,983 DEBUG SQL:104 - 
    delete 
    from
        folders 
    where
        id=?
14:14:41,983 DEBUG SQL:104 - 
    delete 
    from
        owners 
    where
        id=?
14:14:41,984 DEBUG SQL:104 - 
    insert 
    into
        owners
        (name, id) 
    values
        (?, ?)
14:14:41,984 DEBUG SQL:104 - 
    insert 
    into
        folders
        (name, parent, id) 
    values
        (?, ?, ?)
14:14:41,984 DEBUG SQL:104 - 
    insert 
    into
        documents
        (name, summary, folder, owner, text, lastTextModification, size_mb, id) 
    values
        (?, ?, ?, ?, ?, ?, ? / cast( 1024.0 as float ), ?)
14:14:41,995 DEBUG SQL:104 - 
    select
        document0_.id as id0_0_,
        document0_.name as name0_0_ 
    from
        documents document0_ 
    where
        document0_.id=?
14:14:41,995 DEBUG SQL:104 - 
    select
        document_.summary as summary0_,
        document_.folder as folder0_,
        document_.owner as owner0_,
        document_.text as text0_,
        document_.lastTextModification as lastText7_0_,
        document_.size_mb * 1024.0 as size8_0_,
        upper(document_.name) as formula81_ 
    from
        documents document_ 
    where
        document_.id=?
14:14:41,996 DEBUG SQL:104 - 
    select
        owner0_.id as id3_0_,
        owner0_.name as name3_0_ 
    from
        owners owner0_ 
    where
        owner0_.id=?
14:14:42,006 DEBUG SQL:104 - 
    select
        document0_.id as id0_,
        document0_.name as name0_ 
    from
        documents document0_
14:14:42,006 DEBUG SQL:104 - 
    select
        document_.summary as summary0_,
        document_.folder as folder0_,
        document_.owner as owner0_,
        document_.text as text0_,
        document_.lastTextModification as lastText7_0_,
        document_.size_mb * 1024.0 as size8_0_,
        upper(document_.name) as formula81_ 
    from
        documents document_ 
    where
        document_.id=?
14:14:42,007 DEBUG SQL:104 - 
    select
        owner0_.id as id3_0_,
        owner0_.name as name3_0_ 
    from
        owners owner0_ 
    where
        owner0_.id=?
14:14:42,007 DEBUG SQL:104 - 
    select
        document0_.id as id0_,
        document0_.name as name0_ 
    from
        documents document0_
14:14:42,016 DEBUG SQL:104 - 
    select
        document_.summary as summary0_,
        document_.folder as folder0_,
        document_.owner as owner0_,
        document_.text as text0_,
        document_.lastTextModification as lastText7_0_,
        document_.size_mb * 1024.0 as size8_0_,
        upper(document_.name) as formula81_ 
    from
        documents document_ 
    where
        document_.id=?
14:14:42,017 DEBUG SQL:104 - 
    select
        owner0_.id as id3_0_,
        owner0_.name as name3_0_ 
    from
        owners owner0_ 
    where
        owner0_.id=?
14:14:42,018 DEBUG SQL:104 - 
    select
        document0_.id as id0_,
        document0_.name as name0_ 
    from
        documents document0_
14:14:42,027 DEBUG SQL:104 - 
    update
        documents 
    set
        name=? 
    where
        id=?
14:14:42,028 DEBUG SQL:104 - 
    select
        document0_.id as id0_,
        document0_.name as name0_ 
    from
        documents document0_
14:14:42,028 DEBUG SQL:104 - 
    select
        document_.summary as summary0_,
        document_.folder as folder0_,
        document_.owner as owner0_,
        document_.text as text0_,
        document_.lastTextModification as lastText7_0_,
        document_.size_mb * 1024.0 as size8_0_,
        upper(document_.name) as formula81_ 
    from
        documents document_ 
    where
        document_.id=?
14:14:42,029 DEBUG SQL:104 - 
    select
        owner0_.id as id3_0_,
        owner0_.name as name3_0_ 
    from
        owners owner0_ 
    where
        owner0_.id=?
14:14:42,029 DEBUG SQL:104 - 
    select
        document0_.id as id0_,
        document0_.name as name0_ 
    from
        documents document0_
14:14:42,029 DEBUG SQL:104 - 
    select
        document_.summary as summary0_,
        document_.folder as folder0_,
        document_.owner as owner0_,
        document_.text as text0_,
        document_.lastTextModification as lastText7_0_,
        document_.size_mb * 1024.0 as size8_0_,
        upper(document_.name) as formula81_ 
    from
        documents document_ 
    where
        document_.id=?
14:14:42,030 DEBUG SQL:104 - 
    select
        owner0_.id as id3_0_,
        owner0_.name as name3_0_ 
    from
        owners owner0_ 
    where
        owner0_.id=?
14:14:42,041 DEBUG SQL:104 - 
    update
        documents 
    set
        name=?,
        summary=?,
        folder=?,
        owner=?,
        text=?,
        lastTextModification=?,
        size_mb=? / cast( 1024.0 as float ) 
    where
        id=?
14:14:42,042 DEBUG SQL:104 - 
    select
        document0_.id as id0_,
        document0_.name as name0_ 
    from
        documents document0_
14:14:42,042 DEBUG SQL:104 - 
    select
        document_.summary as summary0_,
        document_.folder as folder0_,
        document_.owner as owner0_,
        document_.text as text0_,
        document_.lastTextModification as lastText7_0_,
        document_.size_mb * 1024.0 as size8_0_,
        upper(document_.name) as formula81_ 
    from
        documents document_ 
    where
        document_.id=?
14:14:42,054 DEBUG SQL:104 - 
    select
        owner0_.id as id3_0_,
        owner0_.name as name3_0_ 
    from
        owners owner0_ 
    where
        owner0_.id=?
14:14:42,055 DEBUG SQL:104 - 
    select
        document0_.id as id0_,
        document0_.name as name0_ 
    from
        documents document0_
14:14:42,055 DEBUG SQL:104 - 
    select
        document_.summary as summary0_,
        document_.folder as folder0_,
        document_.owner as owner0_,
        document_.text as text0_,
        document_.lastTextModification as lastText7_0_,
        document_.size_mb * 1024.0 as size8_0_,
        upper(document_.name) as formula81_ 
    from
        documents document_ 
    where
        document_.id=?
14:14:42,064 DEBUG SQL:104 - 
    select
        owner0_.id as id3_0_,
        owner0_.name as name3_0_ 
    from
        owners owner0_ 
    where
        owner0_.id=?
14:14:42,065 DEBUG SQL:104 - 
    select
        document0_.id as id0_,
        document0_.name as name0_ 
    from
        documents document0_
14:14:42,065 DEBUG SQL:104 - 
    update
        documents 
    set
        name=? 
    where
        id=?
14:14:42,075 DEBUG SQL:104 - 
    select
        document_.summary as summary0_,
        document_.folder as folder0_,
        document_.owner as owner0_,
        document_.text as text0_,
        document_.lastTextModification as lastText7_0_,
        document_.size_mb * 1024.0 as size8_0_,
        upper(document_.name) as formula81_ 
    from
        documents document_ 
    where
        document_.id=?
14:14:42,075 DEBUG SQL:104 - 
    select
        owner0_.id as id3_0_,
        owner0_.name as name3_0_ 
    from
        owners owner0_ 
    where
        owner0_.id=?
14:14:42,076 DEBUG SQL:104 - 
    update
        documents 
    set
        name=?,
        summary=?,
        folder=?,
        owner=?,
        text=?,
        lastTextModification=?,
        size_mb=? / cast( 1024.0 as float ) 
    where
        id=?
14:14:42,085 DEBUG SQL:104 - 
    select
        document0_.id as id0_,
        document0_.name as name0_ 
    from
        documents document0_
14:14:42,086 DEBUG SQL:104 - 
    select
        document_.summary as summary0_,
        document_.folder as folder0_,
        document_.owner as owner0_,
        document_.text as text0_,
        document_.lastTextModification as lastText7_0_,
        document_.size_mb * 1024.0 as size8_0_,
        upper(document_.name) as formula81_ 
    from
        documents document_ 
    where
        document_.id=?
14:14:42,086 DEBUG SQL:104 - 
    select
        owner0_.id as id3_0_,
        owner0_.name as name3_0_ 
    from
        owners owner0_ 
    where
        owner0_.id=?
14:14:42,096 DEBUG SQL:104 - 
    select
        document0_.id as id0_0_,
        document0_.name as name0_0_ 
    from
        documents document0_ 
    where
        document0_.id=?
14:14:42,097 DEBUG SQL:104 - 
    select
        document0_.id as id0_,
        document0_.name as name0_ 
    from
        documents document0_
14:14:42,097 DEBUG SQL:104 - 
    select
        document_.summary as summary0_,
        document_.folder as folder0_,
        document_.owner as owner0_,
        document_.text as text0_,
        document_.lastTextModification as lastText7_0_,
        document_.size_mb * 1024.0 as size8_0_,
        upper(document_.name) as formula81_ 
    from
        documents document_ 
    where
        document_.id=?
14:14:42,106 DEBUG SQL:104 - 
    select
        owner0_.id as id3_0_,
        owner0_.name as name3_0_ 
    from
        owners owner0_ 
    where
        owner0_.id=?
14:14:42,107 DEBUG SQL:104 - 
    select
        folder0_.id as id2_0_,
        folder0_.name as name2_0_,
        folder0_.parent as parent2_0_ 
    from
        folders folder0_ 
    where
        folder0_.id=?
14:14:42,107 DEBUG SQL:104 - 
    select
        documents0_.folder as folder2_1_,
        documents0_.id as id0_1_,
        documents0_.id as id0_0_,
        documents0_.name as name0_0_ 
    from
        documents documents0_ 
    where
        documents0_.folder=?
14:14:42,117 DEBUG SQL:104 - 
    delete 
    from
        documents 
    where
        id=?
14:14:42,117 DEBUG SQL:104 - 
    delete 
    from
        folders 
    where
        id=?
14:14:42,118 DEBUG SQL:104 - 
    delete 
    from
        owners 
    where
        id=?
14:14:42,118 DEBUG SQL:104 - 
    insert 
    into
        owners
        (name, id) 
    values
        (?, ?)
14:14:42,119 DEBUG SQL:104 - 
    insert 
    into
        folders
        (name, parent, id) 
    values
        (?, ?, ?)
14:14:42,127 DEBUG SQL:104 - 
    insert 
    into
        documents
        (name, summary, folder, owner, text, lastTextModification, size_mb, id) 
    values
        (?, ?, ?, ?, ?, ?, ? / cast( 1024.0 as float ), ?)
14:14:42,128 DEBUG SQL:104 - 
    select
        document0_.id as id0_0_,
        document0_.name as name0_0_ 
    from
        documents document0_ 
    where
        document0_.id=?
14:14:42,128 DEBUG SQL:104 - 
    select
        document_.summary as summary0_,
        document_.folder as folder0_,
        document_.owner as owner0_,
        document_.text as text0_,
        document_.lastTextModification as lastText7_0_,
        document_.size_mb * 1024.0 as size8_0_,
        upper(document_.name) as formula81_ 
    from
        documents document_ 
    where
        document_.id=?
14:14:42,128 DEBUG SQL:104 - 
    select
        owner0_.id as id3_0_,
        owner0_.name as name3_0_ 
    from
        owners owner0_ 
    where
        owner0_.id=?
14:14:42,139 DEBUG SQL:104 - 
    select
        document0_.id as id0_,
        document0_.name as name0_ 
    from
        documents document0_
14:14:42,139 DEBUG SQL:104 - 
    select
        document_.summary as summary0_,
        document_.folder as folder0_,
        document_.owner as owner0_,
        document_.text as text0_,
        document_.lastTextModification as lastText7_0_,
        document_.size_mb * 1024.0 as size8_0_,
        upper(document_.name) as formula81_ 
    from
        documents document_ 
    where
        document_.id=?
14:14:42,140 DEBUG SQL:104 - 
    select
        owner0_.id as id3_0_,
        owner0_.name as name3_0_ 
    from
        owners owner0_ 
    where
        owner0_.id=?
14:14:42,149 DEBUG SQL:104 - 
    select
        document0_.id as id0_,
        document0_.name as name0_ 
    from
        documents document0_
14:14:42,149 DEBUG SQL:104 - 
    select
        document_.summary as summary0_,
        document_.folder as folder0_,
        document_.owner as owner0_,
        document_.text as text0_,
        document_.lastTextModification as lastText7_0_,
        document_.size_mb * 1024.0 as size8_0_,
        upper(document_.name) as formula81_ 
    from
        documents document_ 
    where
        document_.id=?
14:14:42,149 DEBUG SQL:104 - 
    select
        owner0_.id as id3_0_,
        owner0_.name as name3_0_ 
    from
        owners owner0_ 
    where
        owner0_.id=?
14:14:42,159 DEBUG SQL:104 - 
    select
        document0_.id as id0_,
        document0_.name as name0_ 
    from
        documents document0_
14:14:42,159 DEBUG SQL:104 - 
    update
        documents 
    set
        name=? 
    where
        id=?
14:14:42,160 DEBUG SQL:104 - 
    select
        document0_.id as id0_,
        document0_.name as name0_ 
    from
        documents document0_
14:14:42,160 DEBUG SQL:104 - 
    select
        document_.summary as summary0_,
        document_.folder as folder0_,
        document_.owner as owner0_,
        document_.text as text0_,
        document_.lastTextModification as lastText7_0_,
        document_.size_mb * 1024.0 as size8_0_,
        upper(document_.name) as formula81_ 
    from
        documents document_ 
    where
        document_.id=?
14:14:42,160 DEBUG SQL:104 - 
    select
        owner0_.id as id3_0_,
        owner0_.name as name3_0_ 
    from
        owners owner0_ 
    where
        owner0_.id=?
14:14:42,161 DEBUG SQL:104 - 
    select
        document0_.id as id0_,
        document0_.name as name0_ 
    from
        documents document0_
14:14:42,161 DEBUG SQL:104 - 
    select
        document_.summary as summary0_,
        document_.folder as folder0_,
        document_.owner as owner0_,
        document_.text as text0_,
        document_.lastTextModification as lastText7_0_,
        document_.size_mb * 1024.0 as size8_0_,
        upper(document_.name) as formula81_ 
    from
        documents document_ 
    where
        document_.id=?
14:14:42,161 DEBUG SQL:104 - 
    select
        owner0_.id as id3_0_,
        owner0_.name as name3_0_ 
    from
        owners owner0_ 
    where
        owner0_.id=?
14:14:42,172 DEBUG SQL:104 - 
    update
        documents 
    set
        name=?,
        summary=?,
        folder=?,
        owner=?,
        text=?,
        lastTextModification=?,
        size_mb=? / cast( 1024.0 as float ) 
    where
        id=?
14:14:42,173 DEBUG SQL:104 - 
    select
        document0_.id as id0_,
        document0_.name as name0_ 
    from
        documents document0_
14:14:42,173 DEBUG SQL:104 - 
    select
        document_.summary as summary0_,
        document_.folder as folder0_,
        document_.owner as owner0_,
        document_.text as text0_,
        document_.lastTextModification as lastText7_0_,
        document_.size_mb * 1024.0 as size8_0_,
        upper(document_.name) as formula81_ 
    from
        documents document_ 
    where
        document_.id=?
14:14:42,197 DEBUG SQL:104 - 
    select
        owner0_.id as id3_0_,
        owner0_.name as name3_0_ 
    from
        owners owner0_ 
    where
        owner0_.id=?
14:14:42,198 DEBUG SQL:104 - 
    select
        document0_.id as id0_,
        document0_.name as name0_ 
    from
        documents document0_
14:14:42,199 DEBUG SQL:104 - 
    select
        document_.summary as summary0_,
        document_.folder as folder0_,
        document_.owner as owner0_,
        document_.text as text0_,
        document_.lastTextModification as lastText7_0_,
        document_.size_mb * 1024.0 as size8_0_,
        upper(document_.name) as formula81_ 
    from
        documents document_ 
    where
        document_.id=?
14:14:42,208 DEBUG SQL:104 - 
    select
        owner0_.id as id3_0_,
        owner0_.name as name3_0_ 
    from
        owners owner0_ 
    where
        owner0_.id=?
14:14:42,209 DEBUG SQL:104 - 
    select
        document0_.id as id0_,
        document0_.name as name0_ 
    from
        documents document0_
14:14:42,219 DEBUG SQL:104 - 
    update
        documents 
    set
        name=? 
    where
        id=?
14:14:42,219 DEBUG SQL:104 - 
    select
        document_.summary as summary0_,
        document_.folder as folder0_,
        document_.owner as owner0_,
        document_.text as text0_,
        document_.lastTextModification as lastText7_0_,
        document_.size_mb * 1024.0 as size8_0_,
        upper(document_.name) as formula81_ 
    from
        documents document_ 
    where
        document_.id=?
14:14:42,219 DEBUG SQL:104 - 
    select
        owner0_.id as id3_0_,
        owner0_.name as name3_0_ 
    from
        owners owner0_ 
    where
        owner0_.id=?
14:14:42,228 DEBUG SQL:104 - 
    update
        documents 
    set
        name=?,
        summary=?,
        folder=?,
        owner=?,
        text=?,
        lastTextModification=?,
        size_mb=? / cast( 1024.0 as float ) 
    where
        id=?
14:14:42,229 DEBUG SQL:104 - 
    select
        document0_.id as id0_,
        document0_.name as name0_ 
    from
        documents document0_
14:14:42,229 DEBUG SQL:104 - 
    select
        document_.summary as summary0_,
        document_.folder as folder0_,
        document_.owner as owner0_,
        document_.text as text0_,
        document_.lastTextModification as lastText7_0_,
        document_.size_mb * 1024.0 as size8_0_,
        upper(document_.name) as formula81_ 
    from
        documents document_ 
    where
        document_.id=?
14:14:42,238 DEBUG SQL:104 - 
    select
        owner0_.id as id3_0_,
        owner0_.name as name3_0_ 
    from
        owners owner0_ 
    where
        owner0_.id=?
14:14:42,239 DEBUG SQL:104 - 
    select
        document0_.id as id0_0_,
        document0_.name as name0_0_ 
    from
        documents document0_ 
    where
        document0_.id=?
14:14:42,239 DEBUG SQL:104 - 
    select
        document0_.id as id0_,
        document0_.name as name0_ 
    from
        documents document0_
14:14:42,239 DEBUG SQL:104 - 
    select
        document_.summary as summary0_,
        document_.folder as folder0_,
        document_.owner as owner0_,
        document_.text as text0_,
        document_.lastTextModification as lastText7_0_,
        document_.size_mb * 1024.0 as size8_0_,
        upper(document_.name) as formula81_ 
    from
        documents document_ 
    where
        document_.id=?
14:14:42,249 DEBUG SQL:104 - 
    select
        owner0_.id as id3_0_,
        owner0_.name as name3_0_ 
    from
        owners owner0_ 
    where
        owner0_.id=?
14:14:42,249 DEBUG SQL:104 - 
    select
        folder0_.id as id2_0_,
        folder0_.name as name2_0_,
        folder0_.parent as parent2_0_ 
    from
        folders folder0_ 
    where
        folder0_.id=?
14:14:42,250 DEBUG SQL:104 - 
    select
        documents0_.folder as folder2_1_,
        documents0_.id as id0_1_,
        documents0_.id as id0_0_,
        documents0_.name as name0_0_ 
    from
        documents documents0_ 
    where
        documents0_.folder=?
14:14:42,260 DEBUG SQL:104 - 
    delete 
    from
        documents 
    where
        id=?
14:14:42,260 DEBUG SQL:104 - 
    delete 
    from
        folders 
    where
        id=?
14:14:42,260 DEBUG SQL:104 - 
    delete 
    from
        owners 
    where
        id=?
14:14:42,261 DEBUG SQL:104 - 
    insert 
    into
        owners
        (name, id) 
    values
        (?, ?)
14:14:42,261 DEBUG SQL:104 - 
    insert 
    into
        folders
        (name, parent, id) 
    values
        (?, ?, ?)
14:14:42,270 DEBUG SQL:104 - 
    insert 
    into
        documents
        (name, summary, folder, owner, text, lastTextModification, size_mb, id) 
    values
        (?, ?, ?, ?, ?, ?, ? / cast( 1024.0 as float ), ?)
14:14:42,271 DEBUG SQL:104 - 
    select
        document0_.id as id0_0_,
        document0_.name as name0_0_ 
    from
        documents document0_ 
    where
        document0_.id=?
14:14:42,271 DEBUG SQL:104 - 
    select
        document_.summary as summary0_,
        document_.folder as folder0_,
        document_.owner as owner0_,
        document_.text as text0_,
        document_.lastTextModification as lastText7_0_,
        document_.size_mb * 1024.0 as size8_0_,
        upper(document_.name) as formula81_ 
    from
        documents document_ 
    where
        document_.id=?
14:14:42,279 DEBUG SQL:104 - 
    select
        owner0_.id as id3_0_,
        owner0_.name as name3_0_ 
    from
        owners owner0_ 
    where
        owner0_.id=?
14:14:42,280 DEBUG SQL:104 - 
    select
        document0_.id as id0_,
        document0_.name as name0_ 
    from
        documents document0_
14:14:42,280 DEBUG SQL:104 - 
    select
        document_.summary as summary0_,
        document_.folder as folder0_,
        document_.owner as owner0_,
        document_.text as text0_,
        document_.lastTextModification as lastText7_0_,
        document_.size_mb * 1024.0 as size8_0_,
        upper(document_.name) as formula81_ 
    from
        documents document_ 
    where
        document_.id=?
14:14:42,280 DEBUG SQL:104 - 
    select
        owner0_.id as id3_0_,
        owner0_.name as name3_0_ 
    from
        owners owner0_ 
    where
        owner0_.id=?
14:14:42,282 DEBUG SQL:104 - 
    select
        document0_.id as id0_,
        document0_.name as name0_ 
    from
        documents document0_
14:14:42,283 DEBUG SQL:104 - 
    select
        document_.summary as summary0_,
        document_.folder as folder0_,
        document_.owner as owner0_,
        document_.text as text0_,
        document_.lastTextModification as lastText7_0_,
        document_.size_mb * 1024.0 as size8_0_,
        upper(document_.name) as formula81_ 
    from
        documents document_ 
    where
        document_.id=?
14:14:42,283 DEBUG SQL:104 - 
    select
        owner0_.id as id3_0_,
        owner0_.name as name3_0_ 
    from
        owners owner0_ 
    where
        owner0_.id=?
14:14:42,296 DEBUG SQL:104 - 
    select
        document0_.id as id0_,
        document0_.name as name0_ 
    from
        documents document0_
14:14:42,296 DEBUG SQL:104 - 
    update
        documents 
    set
        name=? 
    where
        id=?
14:14:42,297 DEBUG SQL:104 - 
    select
        document0_.id as id0_,
        document0_.name as name0_ 
    from
        documents document0_
14:14:42,297 DEBUG SQL:104 - 
    select
        document_.summary as summary0_,
        document_.folder as folder0_,
        document_.owner as owner0_,
        document_.text as text0_,
        document_.lastTextModification as lastText7_0_,
        document_.size_mb * 1024.0 as size8_0_,
        upper(document_.name) as formula81_ 
    from
        documents document_ 
    where
        document_.id=?
14:14:42,308 DEBUG SQL:104 - 
    select
        owner0_.id as id3_0_,
        owner0_.name as name3_0_ 
    from
        owners owner0_ 
    where
        owner0_.id=?
14:14:42,309 DEBUG SQL:104 - 
    select
        document0_.id as id0_,
        document0_.name as name0_ 
    from
        documents document0_
14:14:42,309 DEBUG SQL:104 - 
    select
        document_.summary as summary0_,
        document_.folder as folder0_,
        document_.owner as owner0_,
        document_.text as text0_,
        document_.lastTextModification as lastText7_0_,
        document_.size_mb * 1024.0 as size8_0_,
        upper(document_.name) as formula81_ 
    from
        documents document_ 
    where
        document_.id=?
14:14:42,318 DEBUG SQL:104 - 
    select
        owner0_.id as id3_0_,
        owner0_.name as name3_0_ 
    from
        owners owner0_ 
    where
        owner0_.id=?
14:14:42,319 DEBUG SQL:104 - 
    update
        documents 
    set
        name=?,
        summary=?,
        folder=?,
        owner=?,
        text=?,
        lastTextModification=?,
        size_mb=? / cast( 1024.0 as float ) 
    where
        id=?
14:14:42,328 DEBUG SQL:104 - 
    select
        document0_.id as id0_,
        document0_.name as name0_ 
    from
        documents document0_
14:14:42,329 DEBUG SQL:104 - 
    select
        document_.summary as summary0_,
        document_.folder as folder0_,
        document_.owner as owner0_,
        document_.text as text0_,
        document_.lastTextModification as lastText7_0_,
        document_.size_mb * 1024.0 as size8_0_,
        upper(document_.name) as formula81_ 
    from
        documents document_ 
    where
        document_.id=?
14:14:42,329 DEBUG SQL:104 - 
    select
        owner0_.id as id3_0_,
        owner0_.name as name3_0_ 
    from
        owners owner0_ 
    where
        owner0_.id=?
14:14:42,340 DEBUG SQL:104 - 
    select
        document0_.id as id0_,
        document0_.name as name0_ 
    from
        documents document0_
14:14:42,340 DEBUG SQL:104 - 
    select
        document_.summary as summary0_,
        document_.folder as folder0_,
        document_.owner as owner0_,
        document_.text as text0_,
        document_.lastTextModification as lastText7_0_,
        document_.size_mb * 1024.0 as size8_0_,
        upper(document_.name) as formula81_ 
    from
        documents document_ 
    where
        document_.id=?
14:14:42,341 DEBUG SQL:104 - 
    select
        owner0_.id as id3_0_,
        owner0_.name as name3_0_ 
    from
        owners owner0_ 
    where
        owner0_.id=?
14:14:42,352 DEBUG SQL:104 - 
    select
        document0_.id as id0_,
        document0_.name as name0_ 
    from
        documents document0_
14:14:42,353 DEBUG SQL:104 - 
    update
        documents 
    set
        name=? 
    where
        id=?
14:14:42,353 DEBUG SQL:104 - 
    select
        document_.summary as summary0_,
        document_.folder as folder0_,
        document_.owner as owner0_,
        document_.text as text0_,
        document_.lastTextModification as lastText7_0_,
        document_.size_mb * 1024.0 as size8_0_,
        upper(document_.name) as formula81_ 
    from
        documents document_ 
    where
        document_.id=?
14:14:42,353 DEBUG SQL:104 - 
    select
        owner0_.id as id3_0_,
        owner0_.name as name3_0_ 
    from
        owners owner0_ 
    where
        owner0_.id=?
14:14:42,363 DEBUG SQL:104 - 
    update
        documents 
    set
        name=?,
        summary=?,
        folder=?,
        owner=?,
        text=?,
        lastTextModification=?,
        size_mb=? / cast( 1024.0 as float ) 
    where
        id=?
14:14:42,364 DEBUG SQL:104 - 
    select
        document0_.id as id0_,
        document0_.name as name0_ 
    from
        documents document0_
14:14:42,364 DEBUG SQL:104 - 
    select
        document_.summary as summary0_,
        document_.folder as folder0_,
        document_.owner as owner0_,
        document_.text as text0_,
        document_.lastTextModification as lastText7_0_,
        document_.size_mb * 1024.0 as size8_0_,
        upper(document_.name) as formula81_ 
    from
        documents document_ 
    where
        document_.id=?
14:14:42,372 DEBUG SQL:104 - 
    select
        owner0_.id as id3_0_,
        owner0_.name as name3_0_ 
    from
        owners owner0_ 
    where
        owner0_.id=?
14:14:42,373 DEBUG SQL:104 - 
    select
        document0_.id as id0_0_,
        document0_.name as name0_0_ 
    from
        documents document0_ 
    where
        document0_.id=?
14:14:42,373 DEBUG SQL:104 - 
    select
        document0_.id as id0_,
        document0_.name as name0_ 
    from
        documents document0_
14:14:42,374 DEBUG SQL:104 - 
    select
        document_.summary as summary0_,
        document_.folder as folder0_,
        document_.owner as owner0_,
        document_.text as text0_,
        document_.lastTextModification as lastText7_0_,
        document_.size_mb * 1024.0 as size8_0_,
        upper(document_.name) as formula81_ 
    from
        documents document_ 
    where
        document_.id=?
14:14:42,383 DEBUG SQL:104 - 
    select
        owner0_.id as id3_0_,
        owner0_.name as name3_0_ 
    from
        owners owner0_ 
    where
        owner0_.id=?
14:14:42,383 DEBUG SQL:104 - 
    select
        folder0_.id as id2_0_,
        folder0_.name as name2_0_,
        folder0_.parent as parent2_0_ 
    from
        folders folder0_ 
    where
        folder0_.id=?
14:14:42,384 DEBUG SQL:104 - 
    select
        documents0_.folder as folder2_1_,
        documents0_.id as id0_1_,
        documents0_.id as id0_0_,
        documents0_.name as name0_0_ 
    from
        documents documents0_ 
    where
        documents0_.folder=?
14:14:42,393 DEBUG SQL:104 - 
    delete 
    from
        documents 
    where
        id=?
14:14:42,393 DEBUG SQL:104 - 
    delete 
    from
        folders 
    where
        id=?
14:14:42,393 DEBUG SQL:104 - 
    delete 
    from
        owners 
    where
        id=?
14:14:42,394 DEBUG SQL:104 - 
    insert 
    into
        owners
        (name, id) 
    values
        (?, ?)
14:14:42,404 DEBUG SQL:104 - 
    insert 
    into
        folders
        (name, parent, id) 
    values
        (?, ?, ?)
14:14:42,405 DEBUG SQL:104 - 
    insert 
    into
        documents
        (name, summary, folder, owner, text, lastTextModification, size_mb, id) 
    values
        (?, ?, ?, ?, ?, ?, ? / cast( 1024.0 as float ), ?)
14:14:42,405 DEBUG SQL:104 - 
    select
        document0_.id as id0_0_,
        document0_.name as name0_0_ 
    from
        documents document0_ 
    where
        document0_.id=?
14:14:42,406 DEBUG SQL:104 - 
    select
        document_.summary as summary0_,
        document_.folder as folder0_,
        document_.owner as owner0_,
        document_.text as text0_,
        document_.lastTextModification as lastText7_0_,
        document_.size_mb * 1024.0 as size8_0_,
        upper(document_.name) as formula81_ 
    from
        documents document_ 
    where
        document_.id=?
14:14:42,406 DEBUG SQL:104 - 
    select
        owner0_.id as id3_0_,
        owner0_.name as name3_0_ 
    from
        owners owner0_ 
    where
        owner0_.id=?
14:14:42,406 DEBUG SQL:104 - 
    select
        document0_.id as id0_,
        document0_.name as name0_ 
    from
        documents document0_
14:14:42,407 DEBUG SQL:104 - 
    select
        document_.summary as summary0_,
        document_.folder as folder0_,
        document_.owner as owner0_,
        document_.text as text0_,
        document_.lastTextModification as lastText7_0_,
        document_.size_mb * 1024.0 as size8_0_,
        upper(document_.name) as formula81_ 
    from
        documents document_ 
    where
        document_.id=?
14:14:42,416 DEBUG SQL:104 - 
    select
        owner0_.id as id3_0_,
        owner0_.name as name3_0_ 
    from
        owners owner0_ 
    where
        owner0_.id=?
14:14:42,417 DEBUG SQL:104 - 
    select
        document0_.id as id0_,
        document0_.name as name0_ 
    from
        documents document0_
14:14:42,417 DEBUG SQL:104 - 
    select
        document_.summary as summary0_,
        document_.folder as folder0_,
        document_.owner as owner0_,
        document_.text as text0_,
        document_.lastTextModification as lastText7_0_,
        document_.size_mb * 1024.0 as size8_0_,
        upper(document_.name) as formula81_ 
    from
        documents document_ 
    where
        document_.id=?
14:14:42,430 DEBUG SQL:104 - 
    select
        owner0_.id as id3_0_,
        owner0_.name as name3_0_ 
    from
        owners owner0_ 
    where
        owner0_.id=?
14:14:42,431 DEBUG SQL:104 - 
    select
        document0_.id as id0_,
        document0_.name as name0_ 
    from
        documents document0_
14:14:42,431 DEBUG SQL:104 - 
    update
        documents 
    set
        name=? 
    where
        id=?
14:14:42,431 DEBUG SQL:104 - 
    select
        document0_.id as id0_,
        document0_.name as name0_ 
    from
        documents document0_
14:14:42,432 DEBUG SQL:104 - 
    select
        document_.summary as summary0_,
        document_.folder as folder0_,
        document_.owner as owner0_,
        document_.text as text0_,
        document_.lastTextModification as lastText7_0_,
        document_.size_mb * 1024.0 as size8_0_,
        upper(document_.name) as formula81_ 
    from
        documents document_ 
    where
        document_.id=?
14:14:42,439 DEBUG SQL:104 - 
    select
        owner0_.id as id3_0_,
        owner0_.name as name3_0_ 
    from
        owners owner0_ 
    where
        owner0_.id=?
14:14:42,450 DEBUG SQL:104 - 
    select
        document0_.id as id0_,
        document0_.name as name0_ 
    from
        documents document0_
14:14:42,450 DEBUG SQL:104 - 
    select
        document_.summary as summary0_,
        document_.folder as folder0_,
        document_.owner as owner0_,
        document_.text as text0_,
        document_.lastTextModification as lastText7_0_,
        document_.size_mb * 1024.0 as size8_0_,
        upper(document_.name) as formula81_ 
    from
        documents document_ 
    where
        document_.id=?
14:14:42,450 DEBUG SQL:104 - 
    select
        owner0_.id as id3_0_,
        owner0_.name as name3_0_ 
    from
        owners owner0_ 
    where
        owner0_.id=?
14:14:42,460 DEBUG SQL:104 - 
    update
        documents 
    set
        name=?,
        summary=?,
        folder=?,
        owner=?,
        text=?,
        lastTextModification=?,
        size_mb=? / cast( 1024.0 as float ) 
    where
        id=?
14:14:42,461 DEBUG SQL:104 - 
    select
        document0_.id as id0_,
        document0_.name as name0_ 
    from
        documents document0_
14:14:42,461 DEBUG SQL:104 - 
    select
        document_.summary as summary0_,
        document_.folder as folder0_,
        document_.owner as owner0_,
        document_.text as text0_,
        document_.lastTextModification as lastText7_0_,
        document_.size_mb * 1024.0 as size8_0_,
        upper(document_.name) as formula81_ 
    from
        documents document_ 
    where
        document_.id=?
14:14:42,470 DEBUG SQL:104 - 
    select
        owner0_.id as id3_0_,
        owner0_.name as name3_0_ 
    from
        owners owner0_ 
    where
        owner0_.id=?
14:14:42,471 DEBUG SQL:104 - 
    select
        document0_.id as id0_,
        document0_.name as name0_ 
    from
        documents document0_
14:14:42,471 DEBUG SQL:104 - 
    select
        document_.summary as summary0_,
        document_.folder as folder0_,
        document_.owner as owner0_,
        document_.text as text0_,
        document_.lastTextModification as lastText7_0_,
        document_.size_mb * 1024.0 as size8_0_,
        upper(document_.name) as formula81_ 
    from
        documents document_ 
    where
        document_.id=?
14:14:42,471 DEBUG SQL:104 - 
    select
        owner0_.id as id3_0_,
        owner0_.name as name3_0_ 
    from
        owners owner0_ 
    where
        owner0_.id=?
14:14:42,481 DEBUG SQL:104 - 
    select
        document0_.id as id0_,
        document0_.name as name0_ 
    from
        documents document0_
14:14:42,482 DEBUG SQL:104 - 
    update
        documents 
    set
        name=? 
    where
        id=?
14:14:42,482 DEBUG SQL:104 - 
    select
        document_.summary as summary0_,
        document_.folder as folder0_,
        document_.owner as owner0_,
        document_.text as text0_,
        document_.lastTextModification as lastText7_0_,
        document_.size_mb * 1024.0 as size8_0_,
        upper(document_.name) as formula81_ 
    from
        documents document_ 
    where
        document_.id=?
14:14:42,491 DEBUG SQL:104 - 
    select
        owner0_.id as id3_0_,
        owner0_.name as name3_0_ 
    from
        owners owner0_ 
    where
        owner0_.id=?
14:14:42,492 DEBUG SQL:104 - 
    update
        documents 
    set
        name=?,
        summary=?,
        folder=?,
        owner=?,
        text=?,
        lastTextModification=?,
        size_mb=? / cast( 1024.0 as float ) 
    where
        id=?
14:14:42,492 DEBUG SQL:104 - 
    select
        document0_.id as id0_,
        document0_.name as name0_ 
    from
        documents document0_
14:14:42,493 DEBUG SQL:104 - 
    select
        document_.summary as summary0_,
        document_.folder as folder0_,
        document_.owner as owner0_,
        document_.text as text0_,
        document_.lastTextModification as lastText7_0_,
        document_.size_mb * 1024.0 as size8_0_,
        upper(document_.name) as formula81_ 
    from
        documents document_ 
    where
        document_.id=?
14:14:42,501 DEBUG SQL:104 - 
    select
        owner0_.id as id3_0_,
        owner0_.name as name3_0_ 
    from
        owners owner0_ 
    where
        owner0_.id=?
14:14:42,502 DEBUG SQL:104 - 
    select
        document0_.id as id0_0_,
        document0_.name as name0_0_ 
    from
        documents document0_ 
    where
        document0_.id=?
14:14:42,503 DEBUG SQL:104 - 
    select
        document0_.id as id0_,
        document0_.name as name0_ 
    from
        documents document0_
14:14:42,512 DEBUG SQL:104 - 
    select
        document_.summary as summary0_,
        document_.folder as folder0_,
        document_.owner as owner0_,
        document_.text as text0_,
        document_.lastTextModification as lastText7_0_,
        document_.size_mb * 1024.0 as size8_0_,
        upper(document_.name) as formula81_ 
    from
        documents document_ 
    where
        document_.id=?
14:14:42,513 DEBUG SQL:104 - 
    select
        owner0_.id as id3_0_,
        owner0_.name as name3_0_ 
    from
        owners owner0_ 
    where
        owner0_.id=?
14:14:42,513 DEBUG SQL:104 - 
    select
        folder0_.id as id2_0_,
        folder0_.name as name2_0_,
        folder0_.parent as parent2_0_ 
    from
        folders folder0_ 
    where
        folder0_.id=?
14:14:42,523 DEBUG SQL:104 - 
    select
        documents0_.folder as folder2_1_,
        documents0_.id as id0_1_,
        documents0_.id as id0_0_,
        documents0_.name as name0_0_ 
    from
        documents documents0_ 
    where
        documents0_.folder=?
14:14:42,524 DEBUG SQL:104 - 
    delete 
    from
        documents 
    where
        id=?
14:14:42,524 DEBUG SQL:104 - 
    delete 
    from
        folders 
    where
        id=?
14:14:42,524 DEBUG SQL:104 - 
    delete 
    from
        owners 
    where
        id=?
14:14:42,534 DEBUG SQL:104 - 
    insert 
    into
        owners
        (name, id) 
    values
        (?, ?)
14:14:42,534 DEBUG SQL:104 - 
    insert 
    into
        folders
        (name, parent, id) 
    values
        (?, ?, ?)
14:14:42,535 DEBUG SQL:104 - 
    insert 
    into
        documents
        (name, summary, folder, owner, text, lastTextModification, size_mb, id) 
    values
        (?, ?, ?, ?, ?, ?, ? / cast( 1024.0 as float ), ?)
14:14:42,535 DEBUG SQL:104 - 
    select
        document0_.id as id0_0_,
        document0_.name as name0_0_ 
    from
        documents document0_ 
    where
        document0_.id=?
14:14:42,536 DEBUG SQL:104 - 
    select
        document_.summary as summary0_,
        document_.folder as folder0_,
        document_.owner as owner0_,
        document_.text as text0_,
        document_.lastTextModification as lastText7_0_,
        document_.size_mb * 1024.0 as size8_0_,
        upper(document_.name) as formula81_ 
    from
        documents document_ 
    where
        document_.id=?
14:14:42,536 DEBUG SQL:104 - 
    select
        owner0_.id as id3_0_,
        owner0_.name as name3_0_ 
    from
        owners owner0_ 
    where
        owner0_.id=?
14:14:42,536 DEBUG SQL:104 - 
    select
        document0_.id as id0_,
        document0_.name as name0_ 
    from
        documents document0_
14:14:42,537 DEBUG SQL:104 - 
    select
        document_.summary as summary0_,
        document_.folder as folder0_,
        document_.owner as owner0_,
        document_.text as text0_,
        document_.lastTextModification as lastText7_0_,
        document_.size_mb * 1024.0 as size8_0_,
        upper(document_.name) as formula81_ 
    from
        documents document_ 
    where
        document_.id=?
14:14:42,548 DEBUG SQL:104 - 
    select
        owner0_.id as id3_0_,
        owner0_.name as name3_0_ 
    from
        owners owner0_ 
    where
        owner0_.id=?
14:14:42,549 DEBUG SQL:104 - 
    select
        document0_.id as id0_,
        document0_.name as name0_ 
    from
        documents document0_
14:14:42,549 DEBUG SQL:104 - 
    select
        document_.summary as summary0_,
        document_.folder as folder0_,
        document_.owner as owner0_,
        document_.text as text0_,
        document_.lastTextModification as lastText7_0_,
        document_.size_mb * 1024.0 as size8_0_,
        upper(document_.name) as formula81_ 
    from
        documents document_ 
    where
        document_.id=?
14:14:42,559 DEBUG SQL:104 - 
    select
        owner0_.id as id3_0_,
        owner0_.name as name3_0_ 
    from
        owners owner0_ 
    where
        owner0_.id=?
14:14:42,560 DEBUG SQL:104 - 
    select
        document0_.id as id0_,
        document0_.name as name0_ 
    from
        documents document0_
14:14:42,560 DEBUG SQL:104 - 
    update
        documents 
    set
        name=? 
    where
        id=?
14:14:42,561 DEBUG SQL:104 - 
    select
        document0_.id as id0_,
        document0_.name as name0_ 
    from
        documents document0_
14:14:42,561 DEBUG SQL:104 - 
    select
        document_.summary as summary0_,
        document_.folder as folder0_,
        document_.owner as owner0_,
        document_.text as text0_,
        document_.lastTextModification as lastText7_0_,
        document_.size_mb * 1024.0 as size8_0_,
        upper(document_.name) as formula81_ 
    from
        documents document_ 
    where
        document_.id=?
14:14:42,561 DEBUG SQL:104 - 
    select
        owner0_.id as id3_0_,
        owner0_.name as name3_0_ 
    from
        owners owner0_ 
    where
        owner0_.id=?
14:14:42,582 DEBUG SQL:104 - 
    select
        document0_.id as id0_,
        document0_.name as name0_ 
    from
        documents document0_
14:14:42,583 DEBUG SQL:104 - 
    select
        document_.summary as summary0_,
        document_.folder as folder0_,
        document_.owner as owner0_,
        document_.text as text0_,
        document_.lastTextModification as lastText7_0_,
        document_.size_mb * 1024.0 as size8_0_,
        upper(document_.name) as formula81_ 
    from
        documents document_ 
    where
        document_.id=?
14:14:42,583 DEBUG SQL:104 - 
    select
        owner0_.id as id3_0_,
        owner0_.name as name3_0_ 
    from
        owners owner0_ 
    where
        owner0_.id=?
14:14:42,594 DEBUG SQL:104 - 
    update
        documents 
    set
        name=?,
        summary=?,
        folder=?,
        owner=?,
        text=?,
        lastTextModification=?,
        size_mb=? / cast( 1024.0 as float ) 
    where
        id=?
14:14:42,595 DEBUG SQL:104 - 
    select
        document0_.id as id0_,
        document0_.name as name0_ 
    from
        documents document0_
14:14:42,596 DEBUG SQL:104 - 
    select
        document_.summary as summary0_,
        document_.folder as folder0_,
        document_.owner as owner0_,
        document_.text as text0_,
        document_.lastTextModification as lastText7_0_,
        document_.size_mb * 1024.0 as size8_0_,
        upper(document_.name) as formula81_ 
    from
        documents document_ 
    where
        document_.id=?
14:14:42,604 DEBUG SQL:104 - 
    select
        owner0_.id as id3_0_,
        owner0_.name as name3_0_ 
    from
        owners owner0_ 
    where
        owner0_.id=?
14:14:42,605 DEBUG SQL:104 - 
    select
        document0_.id as id0_,
        document0_.name as name0_ 
    from
        documents document0_
14:14:42,606 DEBUG SQL:104 - 
    select
        document_.summary as summary0_,
        document_.folder as folder0_,
        document_.owner as owner0_,
        document_.text as text0_,
        document_.lastTextModification as lastText7_0_,
        document_.size_mb * 1024.0 as size8_0_,
        upper(document_.name) as formula81_ 
    from
        documents document_ 
    where
        document_.id=?
14:14:42,615 DEBUG SQL:104 - 
    select
        owner0_.id as id3_0_,
        owner0_.name as name3_0_ 
    from
        owners owner0_ 
    where
        owner0_.id=?
14:14:42,616 DEBUG SQL:104 - 
    select
        document0_.id as id0_,
        document0_.name as name0_ 
    from
        documents document0_
14:14:42,617 DEBUG SQL:104 - 
    update
        documents 
    set
        name=? 
    where
        id=?
14:14:42,618 DEBUG SQL:104 - 
    select
        document_.summary as summary0_,
        document_.folder as folder0_,
        document_.owner as owner0_,
        document_.text as text0_,
        document_.lastTextModification as lastText7_0_,
        document_.size_mb * 1024.0 as size8_0_,
        upper(document_.name) as formula81_ 
    from
        documents document_ 
    where
        document_.id=?
14:14:42,627 DEBUG SQL:104 - 
    select
        owner0_.id as id3_0_,
        owner0_.name as name3_0_ 
    from
        owners owner0_ 
    where
        owner0_.id=?
14:14:42,627 DEBUG SQL:104 - 
    update
        documents 
    set
        name=?,
        summary=?,
        folder=?,
        owner=?,
        text=?,
        lastTextModification=?,
        size_mb=? / cast( 1024.0 as float ) 
    where
        id=?
14:14:42,628 DEBUG SQL:104 - 
    select
        document0_.id as id0_,
        document0_.name as name0_ 
    from
        documents document0_
14:14:42,637 DEBUG SQL:104 - 
    select
        document_.summary as summary0_,
        document_.folder as folder0_,
        document_.owner as owner0_,
        document_.text as text0_,
        document_.lastTextModification as lastText7_0_,
        document_.size_mb * 1024.0 as size8_0_,
        upper(document_.name) as formula81_ 
    from
        documents document_ 
    where
        document_.id=?
14:14:42,637 DEBUG SQL:104 - 
    select
        owner0_.id as id3_0_,
        owner0_.name as name3_0_ 
    from
        owners owner0_ 
    where
        owner0_.id=?
14:14:42,638 DEBUG SQL:104 - 
    select
        document0_.id as id0_0_,
        document0_.name as name0_0_ 
    from
        documents document0_ 
    where
        document0_.id=?
14:14:42,648 DEBUG SQL:104 - 
    select
        document0_.id as id0_,
        document0_.name as name0_ 
    from
        documents document0_
14:14:42,648 DEBUG SQL:104 - 
    select
        document_.summary as summary0_,
        document_.folder as folder0_,
        document_.owner as owner0_,
        document_.text as text0_,
        document_.lastTextModification as lastText7_0_,
        document_.size_mb * 1024.0 as size8_0_,
        upper(document_.name) as formula81_ 
    from
        documents document_ 
    where
        document_.id=?
14:14:42,648 DEBUG SQL:104 - 
    select
        owner0_.id as id3_0_,
        owner0_.name as name3_0_ 
    from
        owners owner0_ 
    where
        owner0_.id=?
14:14:42,649 DEBUG SQL:104 - 
    select
        folder0_.id as id2_0_,
        folder0_.name as name2_0_,
        folder0_.parent as parent2_0_ 
    from
        folders folder0_ 
    where
        folder0_.id=?
14:14:42,658 DEBUG SQL:104 - 
    select
        documents0_.folder as folder2_1_,
        documents0_.id as id0_1_,
        documents0_.id as id0_0_,
        documents0_.name as name0_0_ 
    from
        documents documents0_ 
    where
        documents0_.folder=?
14:14:42,658 DEBUG SQL:104 - 
    delete 
    from
        documents 
    where
        id=?
14:14:42,659 DEBUG SQL:104 - 
    delete 
    from
        folders 
    where
        id=?
14:14:42,659 DEBUG SQL:104 - 
    delete 
    from
        owners 
    where
        id=?
14:14:42,659 DEBUG SQL:104 - 
    insert 
    into
        owners
        (name, id) 
    values
        (?, ?)
14:14:42,660 DEBUG SQL:104 - 
    insert 
    into
        folders
        (name, parent, id) 
    values
        (?, ?, ?)
14:14:42,660 DEBUG SQL:104 - 
    insert 
    into
        documents
        (name, summary, folder, owner, text, lastTextModification, size_mb, id) 
    values
        (?, ?, ?, ?, ?, ?, ? / cast( 1024.0 as float ), ?)
14:14:42,660 DEBUG SQL:104 - 
    select
        document0_.id as id0_0_,
        document0_.name as name0_0_ 
    from
        documents document0_ 
    where
        document0_.id=?
14:14:42,671 DEBUG SQL:104 - 
    select
        document_.summary as summary0_,
        document_.folder as folder0_,
        document_.owner as owner0_,
        document_.text as text0_,
        document_.lastTextModification as lastText7_0_,
        document_.size_mb * 1024.0 as size8_0_,
        upper(document_.name) as formula81_ 
    from
        documents document_ 
    where
        document_.id=?
14:14:42,671 DEBUG SQL:104 - 
    select
        owner0_.id as id3_0_,
        owner0_.name as name3_0_ 
    from
        owners owner0_ 
    where
        owner0_.id=?
14:14:42,672 DEBUG SQL:104 - 
    select
        document0_.id as id0_,
        document0_.name as name0_ 
    from
        documents document0_
14:14:42,672 DEBUG SQL:104 - 
    select
        document_.summary as summary0_,
        document_.folder as folder0_,
        document_.owner as owner0_,
        document_.text as text0_,
        document_.lastTextModification as lastText7_0_,
        document_.size_mb * 1024.0 as size8_0_,
        upper(document_.name) as formula81_ 
    from
        documents document_ 
    where
        document_.id=?
14:14:42,681 DEBUG SQL:104 - 
    select
        owner0_.id as id3_0_,
        owner0_.name as name3_0_ 
    from
        owners owner0_ 
    where
        owner0_.id=?
14:14:42,685 DEBUG SQL:104 - 
    select
        document0_.id as id0_,
        document0_.name as name0_ 
    from
        documents document0_
14:14:42,685 DEBUG SQL:104 - 
    select
        document_.summary as summary0_,
        document_.folder as folder0_,
        document_.owner as owner0_,
        document_.text as text0_,
        document_.lastTextModification as lastText7_0_,
        document_.size_mb * 1024.0 as size8_0_,
        upper(document_.name) as formula81_ 
    from
        documents document_ 
    where
        document_.id=?
14:14:42,686 DEBUG SQL:104 - 
    select
        owner0_.id as id3_0_,
        owner0_.name as name3_0_ 
    from
        owners owner0_ 
    where
        owner0_.id=?
14:14:42,708 DEBUG SQL:104 - 
    select
        document0_.id as id0_,
        document0_.name as name0_ 
    from
        documents document0_
14:14:42,709 DEBUG SQL:104 - 
    update
        documents 
    set
        name=? 
    where
        id=?
14:14:42,709 DEBUG SQL:104 - 
    select
        document0_.id as id0_,
        document0_.name as name0_ 
    from
        documents document0_
14:14:42,709 DEBUG SQL:104 - 
    select
        document_.summary as summary0_,
        document_.folder as folder0_,
        document_.owner as owner0_,
        document_.text as text0_,
        document_.lastTextModification as lastText7_0_,
        document_.size_mb * 1024.0 as size8_0_,
        upper(document_.name) as formula81_ 
    from
        documents document_ 
    where
        document_.id=?
14:14:42,720 DEBUG SQL:104 - 
    select
        owner0_.id as id3_0_,
        owner0_.name as name3_0_ 
    from
        owners owner0_ 
    where
        owner0_.id=?
14:14:42,721 DEBUG SQL:104 - 
    select
        document0_.id as id0_,
        document0_.name as name0_ 
    from
        documents document0_
14:14:42,721 DEBUG SQL:104 - 
    select
        document_.summary as summary0_,
        document_.folder as folder0_,
        document_.owner as owner0_,
        document_.text as text0_,
        document_.lastTextModification as lastText7_0_,
        document_.size_mb * 1024.0 as size8_0_,
        upper(document_.name) as formula81_ 
    from
        documents document_ 
    where
        document_.id=?
14:14:42,730 DEBUG SQL:104 - 
    select
        owner0_.id as id3_0_,
        owner0_.name as name3_0_ 
    from
        owners owner0_ 
    where
        owner0_.id=?
14:14:42,731 DEBUG SQL:104 - 
    update
        documents 
    set
        name=?,
        summary=?,
        folder=?,
        owner=?,
        text=?,
        lastTextModification=?,
        size_mb=? / cast( 1024.0 as float ) 
    where
        id=?
14:14:42,731 DEBUG SQL:104 - 
    select
        document0_.id as id0_,
        document0_.name as name0_ 
    from
        documents document0_
14:14:42,731 DEBUG SQL:104 - 
    select
        document_.summary as summary0_,
        document_.folder as folder0_,
        document_.owner as owner0_,
        document_.text as text0_,
        document_.lastTextModification as lastText7_0_,
        document_.size_mb * 1024.0 as size8_0_,
        upper(document_.name) as formula81_ 
    from
        documents document_ 
    where
        document_.id=?
14:14:42,741 DEBUG SQL:104 - 
    select
        owner0_.id as id3_0_,
        owner0_.name as name3_0_ 
    from
        owners owner0_ 
    where
        owner0_.id=?
14:14:42,742 DEBUG SQL:104 - 
    select
        document0_.id as id0_,
        document0_.name as name0_ 
    from
        documents document0_
14:14:42,742 DEBUG SQL:104 - 
    select
        document_.summary as summary0_,
        document_.folder as folder0_,
        document_.owner as owner0_,
        document_.text as text0_,
        document_.lastTextModification as lastText7_0_,
        document_.size_mb * 1024.0 as size8_0_,
        upper(document_.name) as formula81_ 
    from
        documents document_ 
    where
        document_.id=?
14:14:42,755 DEBUG SQL:104 - 
    select
        owner0_.id as id3_0_,
        owner0_.name as name3_0_ 
    from
        owners owner0_ 
    where
        owner0_.id=?
14:14:42,756 DEBUG SQL:104 - 
    select
        document0_.id as id0_,
        document0_.name as name0_ 
    from
        documents document0_
14:14:42,757 DEBUG SQL:104 - 
    update
        documents 
    set
        name=? 
    where
        id=?
14:14:42,757 DEBUG SQL:104 - 
    select
        document_.summary as summary0_,
        document_.folder as folder0_,
        document_.owner as owner0_,
        document_.text as text0_,
        document_.lastTextModification as lastText7_0_,
        document_.size_mb * 1024.0 as size8_0_,
        upper(document_.name) as formula81_ 
    from
        documents document_ 
    where
        document_.id=?
14:14:42,767 DEBUG SQL:104 - 
    select
        owner0_.id as id3_0_,
        owner0_.name as name3_0_ 
    from
        owners owner0_ 
    where
        owner0_.id=?
14:14:42,768 DEBUG SQL:104 - 
    update
        documents 
    set
        name=?,
        summary=?,
        folder=?,
        owner=?,
        text=?,
        lastTextModification=?,
        size_mb=? / cast( 1024.0 as float ) 
    where
        id=?
14:14:42,775 DEBUG SQL:104 - 
    select
        document0_.id as id0_,
        document0_.name as name0_ 
    from
        documents document0_
14:14:42,776 DEBUG SQL:104 - 
    select
        document_.summary as summary0_,
        document_.folder as folder0_,
        document_.owner as owner0_,
        document_.text as text0_,
        document_.lastTextModification as lastText7_0_,
        document_.size_mb * 1024.0 as size8_0_,
        upper(document_.name) as formula81_ 
    from
        documents document_ 
    where
        document_.id=?
14:14:42,776 DEBUG SQL:104 - 
    select
        owner0_.id as id3_0_,
        owner0_.name as name3_0_ 
    from
        owners owner0_ 
    where
        owner0_.id=?
14:14:42,776 DEBUG SQL:104 - 
    select
        document0_.id as id0_0_,
        document0_.name as name0_0_ 
    from
        documents document0_ 
    where
        document0_.id=?
14:14:42,787 DEBUG SQL:104 - 
    select
        document0_.id as id0_,
        document0_.name as name0_ 
    from
        documents document0_
14:14:42,787 DEBUG SQL:104 - 
    select
        document_.summary as summary0_,
        document_.folder as folder0_,
        document_.owner as owner0_,
        document_.text as text0_,
        document_.lastTextModification as lastText7_0_,
        document_.size_mb * 1024.0 as size8_0_,
        upper(document_.name) as formula81_ 
    from
        documents document_ 
    where
        document_.id=?
14:14:42,788 DEBUG SQL:104 - 
    select
        owner0_.id as id3_0_,
        owner0_.name as name3_0_ 
    from
        owners owner0_ 
    where
        owner0_.id=?
14:14:42,788 DEBUG SQL:104 - 
    select
        folder0_.id as id2_0_,
        folder0_.name as name2_0_,
        folder0_.parent as parent2_0_ 
    from
        folders folder0_ 
    where
        folder0_.id=?
14:14:42,789 DEBUG SQL:104 - 
    select
        documents0_.folder as folder2_1_,
        documents0_.id as id0_1_,
        documents0_.id as id0_0_,
        documents0_.name as name0_0_ 
    from
        documents documents0_ 
    where
        documents0_.folder=?
14:14:42,789 DEBUG SQL:104 - 
    delete 
    from
        documents 
    where
        id=?
14:14:42,789 DEBUG SQL:104 - 
    delete 
    from
        folders 
    where
        id=?
14:14:42,801 DEBUG SQL:104 - 
    delete 
    from
        owners 
    where
        id=?
14:14:42,802 DEBUG SQL:104 - 
    insert 
    into
        owners
        (name, id) 
    values
        (?, ?)
14:14:42,803 DEBUG SQL:104 - 
    insert 
    into
        folders
        (name, parent, id) 
    values
        (?, ?, ?)
14:14:42,803 DEBUG SQL:104 - 
    insert 
    into
        documents
        (name, summary, folder, owner, text, lastTextModification, size_mb, id) 
    values
        (?, ?, ?, ?, ?, ?, ? / cast( 1024.0 as float ), ?)
14:14:42,803 DEBUG SQL:104 - 
    select
        document0_.id as id0_0_,
        document0_.name as name0_0_ 
    from
        documents document0_ 
    where
        document0_.id=?
14:14:42,813 DEBUG SQL:104 - 
    select
        document_.summary as summary0_,
        document_.folder as folder0_,
        document_.owner as owner0_,
        document_.text as text0_,
        document_.lastTextModification as lastText7_0_,
        document_.size_mb * 1024.0 as size8_0_,
        upper(document_.name) as formula81_ 
    from
        documents document_ 
    where
        document_.id=?
14:14:42,813 DEBUG SQL:104 - 
    select
        owner0_.id as id3_0_,
        owner0_.name as name3_0_ 
    from
        owners owner0_ 
    where
        owner0_.id=?
14:14:42,814 DEBUG SQL:104 - 
    select
        document0_.id as id0_,
        document0_.name as name0_ 
    from
        documents document0_
14:14:42,814 DEBUG SQL:104 - 
    select
        document_.summary as summary0_,
        document_.folder as folder0_,
        document_.owner as owner0_,
        document_.text as text0_,
        document_.lastTextModification as lastText7_0_,
        document_.size_mb * 1024.0 as size8_0_,
        upper(document_.name) as formula81_ 
    from
        documents document_ 
    where
        document_.id=?
14:14:42,838 DEBUG SQL:104 - 
    select
        owner0_.id as id3_0_,
        owner0_.name as name3_0_ 
    from
        owners owner0_ 
    where
        owner0_.id=?
14:14:42,839 DEBUG SQL:104 - 
    select
        document0_.id as id0_,
        document0_.name as name0_ 
    from
        documents document0_
14:14:42,839 DEBUG SQL:104 - 
    select
        document_.summary as summary0_,
        document_.folder as folder0_,
        document_.owner as owner0_,
        document_.text as text0_,
        document_.lastTextModification as lastText7_0_,
        document_.size_mb * 1024.0 as size8_0_,
        upper(document_.name) as formula81_ 
    from
        documents document_ 
    where
        document_.id=?
14:14:42,839 DEBUG SQL:104 - 
    select
        owner0_.id as id3_0_,
        owner0_.name as name3_0_ 
    from
        owners owner0_ 
    where
        owner0_.id=?
14:14:42,848 DEBUG SQL:104 - 
    select
        document0_.id as id0_,
        document0_.name as name0_ 
    from
        documents document0_
14:14:42,849 DEBUG SQL:104 - 
    update
        documents 
    set
        name=? 
    where
        id=?
14:14:42,849 DEBUG SQL:104 - 
    select
        document0_.id as id0_,
        document0_.name as name0_ 
    from
        documents document0_
14:14:42,849 DEBUG SQL:104 - 
    select
        document_.summary as summary0_,
        document_.folder as folder0_,
        document_.owner as owner0_,
        document_.text as text0_,
        document_.lastTextModification as lastText7_0_,
        document_.size_mb * 1024.0 as size8_0_,
        upper(document_.name) as formula81_ 
    from
        documents document_ 
    where
        document_.id=?
14:14:42,859 DEBUG SQL:104 - 
    select
        owner0_.id as id3_0_,
        owner0_.name as name3_0_ 
    from
        owners owner0_ 
    where
        owner0_.id=?
14:14:42,860 DEBUG SQL:104 - 
    select
        document0_.id as id0_,
        document0_.name as name0_ 
    from
        documents document0_
14:14:42,860 DEBUG SQL:104 - 
    select
        document_.summary as summary0_,
        document_.folder as folder0_,
        document_.owner as owner0_,
        document_.text as text0_,
        document_.lastTextModification as lastText7_0_,
        document_.size_mb * 1024.0 as size8_0_,
        upper(document_.name) as formula81_ 
    from
        documents document_ 
    where
        document_.id=?
14:14:42,869 DEBUG SQL:104 - 
    select
        owner0_.id as id3_0_,
        owner0_.name as name3_0_ 
    from
        owners owner0_ 
    where
        owner0_.id=?
14:14:42,870 DEBUG SQL:104 - 
    update
        documents 
    set
        name=?,
        summary=?,
        folder=?,
        owner=?,
        text=?,
        lastTextModification=?,
        size_mb=? / cast( 1024.0 as float ) 
    where
        id=?
14:14:42,870 DEBUG SQL:104 - 
    select
        document0_.id as id0_,
        document0_.name as name0_ 
    from
        documents document0_
14:14:42,880 DEBUG SQL:104 - 
    select
        document_.summary as summary0_,
        document_.folder as folder0_,
        document_.owner as owner0_,
        document_.text as text0_,
        document_.lastTextModification as lastText7_0_,
        document_.size_mb * 1024.0 as size8_0_,
        upper(document_.name) as formula81_ 
    from
        documents document_ 
    where
        document_.id=?
14:14:42,880 DEBUG SQL:104 - 
    select
        owner0_.id as id3_0_,
        owner0_.name as name3_0_ 
    from
        owners owner0_ 
    where
        owner0_.id=?
14:14:42,881 DEBUG SQL:104 - 
    select
        document0_.id as id0_,
        document0_.name as name0_ 
    from
        documents document0_
14:14:42,887 DEBUG SQL:104 - 
    select
        document_.summary as summary0_,
        document_.folder as folder0_,
        document_.owner as owner0_,
        document_.text as text0_,
        document_.lastTextModification as lastText7_0_,
        document_.size_mb * 1024.0 as size8_0_,
        upper(document_.name) as formula81_ 
    from
        documents document_ 
    where
        document_.id=?
14:14:42,890 DEBUG SQL:104 - 
    select
        owner0_.id as id3_0_,
        owner0_.name as name3_0_ 
    from
        owners owner0_ 
    where
        owner0_.id=?
14:14:42,891 DEBUG SQL:104 - 
    select
        document0_.id as id0_,
        document0_.name as name0_ 
    from
        documents document0_
14:14:42,892 DEBUG SQL:104 - 
    update
        documents 
    set
        name=? 
    where
        id=?
14:14:42,901 DEBUG SQL:104 - 
    select
        document_.summary as summary0_,
        document_.folder as folder0_,
        document_.owner as owner0_,
        document_.text as text0_,
        document_.lastTextModification as lastText7_0_,
        document_.size_mb * 1024.0 as size8_0_,
        upper(document_.name) as formula81_ 
    from
        documents document_ 
    where
        document_.id=?
14:14:42,901 DEBUG SQL:104 - 
    select
        owner0_.id as id3_0_,
        owner0_.name as name3_0_ 
    from
        owners owner0_ 
    where
        owner0_.id=?
14:14:42,902 DEBUG SQL:104 - 
    update
        documents 
    set
        name=?,
        summary=?,
        folder=?,
        owner=?,
        text=?,
        lastTextModification=?,
        size_mb=? / cast( 1024.0 as float ) 
    where
        id=?
14:14:42,912 DEBUG SQL:104 - 
    select
        document0_.id as id0_,
        document0_.name as name0_ 
    from
        documents document0_
14:14:42,913 DEBUG SQL:104 - 
    select
        document_.summary as summary0_,
        document_.folder as folder0_,
        document_.owner as owner0_,
        document_.text as text0_,
        document_.lastTextModification as lastText7_0_,
        document_.size_mb * 1024.0 as size8_0_,
        upper(document_.name) as formula81_ 
    from
        documents document_ 
    where
        document_.id=?
14:14:42,913 DEBUG SQL:104 - 
    select
        owner0_.id as id3_0_,
        owner0_.name as name3_0_ 
    from
        owners owner0_ 
    where
        owner0_.id=?
14:14:42,914 DEBUG SQL:104 - 
    select
        document0_.id as id0_0_,
        document0_.name as name0_0_ 
    from
        documents document0_ 
    where
        document0_.id=?
14:14:42,914 DEBUG SQL:104 - 
    select
        document0_.id as id0_,
        document0_.name as name0_ 
    from
        documents document0_
14:14:42,915 DEBUG SQL:104 - 
    select
        document_.summary as summary0_,
        document_.folder as folder0_,
        document_.owner as owner0_,
        document_.text as text0_,
        document_.lastTextModification as lastText7_0_,
        document_.size_mb * 1024.0 as size8_0_,
        upper(document_.name) as formula81_ 
    from
        documents document_ 
    where
        document_.id=?
14:14:42,915 DEBUG SQL:104 - 
    select
        owner0_.id as id3_0_,
        owner0_.name as name3_0_ 
    from
        owners owner0_ 
    where
        owner0_.id=?
14:14:42,926 DEBUG SQL:104 - 
    select
        folder0_.id as id2_0_,
        folder0_.name as name2_0_,
        folder0_.parent as parent2_0_ 
    from
        folders folder0_ 
    where
        folder0_.id=?
14:14:42,926 DEBUG SQL:104 - 
    select
        documents0_.folder as folder2_1_,
        documents0_.id as id0_1_,
        documents0_.id as id0_0_,
        documents0_.name as name0_0_ 
    from
        documents documents0_ 
    where
        documents0_.folder=?
14:14:42,927 DEBUG SQL:104 - 
    delete 
    from
        documents 
    where
        id=?
14:14:42,936 DEBUG SQL:104 - 
    delete 
    from
        folders 
    where
        id=?
14:14:42,936 DEBUG SQL:104 - 
    delete 
    from
        owners 
    where
        id=?
14:14:42,937 DEBUG SQL:104 - 
    insert 
    into
        owners
        (name, id) 
    values
        (?, ?)
14:14:42,937 DEBUG SQL:104 - 
    insert 
    into
        folders
        (name, parent, id) 
    values
        (?, ?, ?)
14:14:42,937 DEBUG SQL:104 - 
    insert 
    into
        documents
        (name, summary, folder, owner, text, lastTextModification, size_mb, id) 
    values
        (?, ?, ?, ?, ?, ?, ? / cast( 1024.0 as float ), ?)
14:14:42,938 DEBUG SQL:104 - 
    select
        document0_.id as id0_0_,
        document0_.name as name0_0_ 
    from
        documents document0_ 
    where
        document0_.id=?
14:14:42,938 DEBUG SQL:104 - 
    select
        document_.summary as summary0_,
        document_.folder as folder0_,
        document_.owner as owner0_,
        document_.text as text0_,
        document_.lastTextModification as lastText7_0_,
        document_.size_mb * 1024.0 as size8_0_,
        upper(document_.name) as formula81_ 
    from
        documents document_ 
    where
        document_.id=?
14:14:42,959 DEBUG SQL:104 - 
    select
        owner0_.id as id3_0_,
        owner0_.name as name3_0_ 
    from
        owners owner0_ 
    where
        owner0_.id=?
14:14:42,960 DEBUG SQL:104 - 
    select
        document0_.id as id0_,
        document0_.name as name0_ 
    from
        documents document0_
14:14:42,960 DEBUG SQL:104 - 
    select
        document_.summary as summary0_,
        document_.folder as folder0_,
        document_.owner as owner0_,
        document_.text as text0_,
        document_.lastTextModification as lastText7_0_,
        document_.size_mb * 1024.0 as size8_0_,
        upper(document_.name) as formula81_ 
    from
        documents document_ 
    where
        document_.id=?
14:14:42,970 DEBUG SQL:104 - 
    select
        owner0_.id as id3_0_,
        owner0_.name as name3_0_ 
    from
        owners owner0_ 
    where
        owner0_.id=?
14:14:42,971 DEBUG SQL:104 - 
    select
        document0_.id as id0_,
        document0_.name as name0_ 
    from
        documents document0_
14:14:42,971 DEBUG SQL:104 - 
    select
        document_.summary as summary0_,
        document_.folder as folder0_,
        document_.owner as owner0_,
        document_.text as text0_,
        document_.lastTextModification as lastText7_0_,
        document_.size_mb * 1024.0 as size8_0_,
        upper(document_.name) as formula81_ 
    from
        documents document_ 
    where
        document_.id=?
14:14:42,980 DEBUG SQL:104 - 
    select
        owner0_.id as id3_0_,
        owner0_.name as name3_0_ 
    from
        owners owner0_ 
    where
        owner0_.id=?
14:14:42,981 DEBUG SQL:104 - 
    select
        document0_.id as id0_,
        document0_.name as name0_ 
    from
        documents document0_
14:14:42,981 DEBUG SQL:104 - 
    update
        documents 
    set
        name=? 
    where
        id=?
14:14:42,982 DEBUG SQL:104 - 
    select
        document0_.id as id0_,
        document0_.name as name0_ 
    from
        documents document0_
14:14:42,982 DEBUG SQL:104 - 
    select
        document_.summary as summary0_,
        document_.folder as folder0_,
        document_.owner as owner0_,
        document_.text as text0_,
        document_.lastTextModification as lastText7_0_,
        document_.size_mb * 1024.0 as size8_0_,
        upper(document_.name) as formula81_ 
    from
        documents document_ 
    where
        document_.id=?
14:14:42,991 DEBUG SQL:104 - 
    select
        owner0_.id as id3_0_,
        owner0_.name as name3_0_ 
    from
        owners owner0_ 
    where
        owner0_.id=?
14:14:42,992 DEBUG SQL:104 - 
    select
        document0_.id as id0_,
        document0_.name as name0_ 
    from
        documents document0_
14:14:42,992 DEBUG SQL:104 - 
    select
        document_.summary as summary0_,
        document_.folder as folder0_,
        document_.owner as owner0_,
        document_.text as text0_,
        document_.lastTextModification as lastText7_0_,
        document_.size_mb * 1024.0 as size8_0_,
        upper(document_.name) as formula81_ 
    from
        documents document_ 
    where
        document_.id=?
14:14:42,992 DEBUG SQL:104 - 
    select
        owner0_.id as id3_0_,
        owner0_.name as name3_0_ 
    from
        owners owner0_ 
    where
        owner0_.id=?
14:14:42,993 DEBUG SQL:104 - 
    update
        documents 
    set
        name=?,
        summary=?,
        folder=?,
        owner=?,
        text=?,
        lastTextModification=?,
        size_mb=? / cast( 1024.0 as float ) 
    where
        id=?
14:14:42,993 DEBUG SQL:104 - 
    select
        document0_.id as id0_,
        document0_.name as name0_ 
    from
        documents document0_
14:14:42,994 DEBUG SQL:104 - 
    select
        document_.summary as summary0_,
        document_.folder as folder0_,
        document_.owner as owner0_,
        document_.text as text0_,
        document_.lastTextModification as lastText7_0_,
        document_.size_mb * 1024.0 as size8_0_,
        upper(document_.name) as formula81_ 
    from
        documents document_ 
    where
        document_.id=?
14:14:43,016 DEBUG SQL:104 - 
    select
        owner0_.id as id3_0_,
        owner0_.name as name3_0_ 
    from
        owners owner0_ 
    where
        owner0_.id=?
14:14:43,017 DEBUG SQL:104 - 
    select
        document0_.id as id0_,
        document0_.name as name0_ 
    from
        documents document0_
14:14:43,017 DEBUG SQL:104 - 
    select
        document_.summary as summary0_,
        document_.folder as folder0_,
        document_.owner as owner0_,
        document_.text as text0_,
        document_.lastTextModification as lastText7_0_,
        document_.size_mb * 1024.0 as size8_0_,
        upper(document_.name) as formula81_ 
    from
        documents document_ 
    where
        document_.id=?
14:14:43,027 DEBUG SQL:104 - 
    select
        owner0_.id as id3_0_,
        owner0_.name as name3_0_ 
    from
        owners owner0_ 
    where
        owner0_.id=?
14:14:43,028 DEBUG SQL:104 - 
    select
        document0_.id as id0_,
        document0_.name as name0_ 
    from
        documents document0_
14:14:43,028 DEBUG SQL:104 - 
    update
        documents 
    set
        name=? 
    where
        id=?
14:14:43,028 DEBUG SQL:104 - 
    select
        document_.summary as summary0_,
        document_.folder as folder0_,
        document_.owner as owner0_,
        document_.text as text0_,
        document_.lastTextModification as lastText7_0_,
        document_.size_mb * 1024.0 as size8_0_,
        upper(document_.name) as formula81_ 
    from
        documents document_ 
    where
        document_.id=?
14:14:43,037 DEBUG SQL:104 - 
    select
        owner0_.id as id3_0_,
        owner0_.name as name3_0_ 
    from
        owners owner0_ 
    where
        owner0_.id=?
14:14:43,038 DEBUG SQL:104 - 
    update
        documents 
    set
        name=?,
        summary=?,
        folder=?,
        owner=?,
        text=?,
        lastTextModification=?,
        size_mb=? / cast( 1024.0 as float ) 
    where
        id=?
14:14:43,038 DEBUG SQL:104 - 
    select
        document0_.id as id0_,
        document0_.name as name0_ 
    from
        documents document0_
14:14:43,038 DEBUG SQL:104 - 
    select
        document_.summary as summary0_,
        document_.folder as folder0_,
        document_.owner as owner0_,
        document_.text as text0_,
        document_.lastTextModification as lastText7_0_,
        document_.size_mb * 1024.0 as size8_0_,
        upper(document_.name) as formula81_ 
    from
        documents document_ 
    where
        document_.id=?
14:14:43,039 DEBUG SQL:104 - 
    select
        owner0_.id as id3_0_,
        owner0_.name as name3_0_ 
    from
        owners owner0_ 
    where
        owner0_.id=?
14:14:43,039 DEBUG SQL:104 - 
    select
        document0_.id as id0_0_,
        document0_.name as name0_0_ 
    from
        documents document0_ 
    where
        document0_.id=?
14:14:43,052 DEBUG SQL:104 - 
    select
        document0_.id as id0_,
        document0_.name as name0_ 
    from
        documents document0_
14:14:43,052 DEBUG SQL:104 - 
    select
        document_.summary as summary0_,
        document_.folder as folder0_,
        document_.owner as owner0_,
        document_.text as text0_,
        document_.lastTextModification as lastText7_0_,
        document_.size_mb * 1024.0 as size8_0_,
        upper(document_.name) as formula81_ 
    from
        documents document_ 
    where
        document_.id=?
14:14:43,052 DEBUG SQL:104 - 
    select
        owner0_.id as id3_0_,
        owner0_.name as name3_0_ 
    from
        owners owner0_ 
    where
        owner0_.id=?
14:14:43,053 DEBUG SQL:104 - 
    select
        folder0_.id as id2_0_,
        folder0_.name as name2_0_,
        folder0_.parent as parent2_0_ 
    from
        folders folder0_ 
    where
        folder0_.id=?
14:14:43,062 DEBUG SQL:104 - 
    select
        documents0_.folder as folder2_1_,
        documents0_.id as id0_1_,
        documents0_.id as id0_0_,
        documents0_.name as name0_0_ 
    from
        documents documents0_ 
    where
        documents0_.folder=?
14:14:43,062 DEBUG SQL:104 - 
    delete 
    from
        documents 
    where
        id=?
14:14:43,063 DEBUG SQL:104 - 
    delete 
    from
        folders 
    where
        id=?
14:14:43,063 DEBUG SQL:104 - 
    delete 
    from
        owners 
    where
        id=?
14:14:43,063 DEBUG SQL:104 - 
    insert 
    into
        owners
        (name, id) 
    values
        (?, ?)
14:14:43,064 DEBUG SQL:104 - 
    insert 
    into
        folders
        (name, parent, id) 
    values
        (?, ?, ?)
14:14:43,083 DEBUG SQL:104 - 
    insert 
    into
        documents
        (name, summary, folder, owner, text, lastTextModification, size_mb, id) 
    values
        (?, ?, ?, ?, ?, ?, ? / cast( 1024.0 as float ), ?)
14:14:43,084 DEBUG SQL:104 - 
    select
        document0_.id as id0_0_,
        document0_.name as name0_0_ 
    from
        documents document0_ 
    where
        document0_.id=?
14:14:43,086 DEBUG SQL:104 - 
    select
        document_.summary as summary0_,
        document_.folder as folder0_,
        document_.owner as owner0_,
        document_.text as text0_,
        document_.lastTextModification as lastText7_0_,
        document_.size_mb * 1024.0 as size8_0_,
        upper(document_.name) as formula81_ 
    from
        documents document_ 
    where
        document_.id=?
14:14:43,096 DEBUG SQL:104 - 
    select
        owner0_.id as id3_0_,
        owner0_.name as name3_0_ 
    from
        owners owner0_ 
    where
        owner0_.id=?
14:14:43,097 DEBUG SQL:104 - 
    select
        document0_.id as id0_,
        document0_.name as name0_ 
    from
        documents document0_
14:14:43,097 DEBUG SQL:104 - 
    select
        document_.summary as summary0_,
        document_.folder as folder0_,
        document_.owner as owner0_,
        document_.text as text0_,
        document_.lastTextModification as lastText7_0_,
        document_.size_mb * 1024.0 as size8_0_,
        upper(document_.name) as formula81_ 
    from
        documents document_ 
    where
        document_.id=?
14:14:43,097 DEBUG SQL:104 - 
    select
        owner0_.id as id3_0_,
        owner0_.name as name3_0_ 
    from
        owners owner0_ 
    where
        owner0_.id=?
14:14:43,108 DEBUG SQL:104 - 
    select
        document0_.id as id0_,
        document0_.name as name0_ 
    from
        documents document0_
14:14:43,109 DEBUG SQL:104 - 
    select
        document_.summary as summary0_,
        document_.folder as folder0_,
        document_.owner as owner0_,
        document_.text as text0_,
        document_.lastTextModification as lastText7_0_,
        document_.size_mb * 1024.0 as size8_0_,
        upper(document_.name) as formula81_ 
    from
        documents document_ 
    where
        document_.id=?
14:14:43,109 DEBUG SQL:104 - 
    select
        owner0_.id as id3_0_,
        owner0_.name as name3_0_ 
    from
        owners owner0_ 
    where
        owner0_.id=?
14:14:43,120 DEBUG SQL:104 - 
    select
        document0_.id as id0_,
        document0_.name as name0_ 
    from
        documents document0_
14:14:43,121 DEBUG SQL:104 - 
    update
        documents 
    set
        name=? 
    where
        id=?
14:14:43,121 DEBUG SQL:104 - 
    select
        document0_.id as id0_,
        document0_.name as name0_ 
    from
        documents document0_
14:14:43,121 DEBUG SQL:104 - 
    select
        document_.summary as summary0_,
        document_.folder as folder0_,
        document_.owner as owner0_,
        document_.text as text0_,
        document_.lastTextModification as lastText7_0_,
        document_.size_mb * 1024.0 as size8_0_,
        upper(document_.name) as formula81_ 
    from
        documents document_ 
    where
        document_.id=?
14:14:43,133 DEBUG SQL:104 - 
    select
        owner0_.id as id3_0_,
        owner0_.name as name3_0_ 
    from
        owners owner0_ 
    where
        owner0_.id=?
14:14:43,133 DEBUG SQL:104 - 
    select
        document0_.id as id0_,
        document0_.name as name0_ 
    from
        documents document0_
14:14:43,134 DEBUG SQL:104 - 
    select
        document_.summary as summary0_,
        document_.folder as folder0_,
        document_.owner as owner0_,
        document_.text as text0_,
        document_.lastTextModification as lastText7_0_,
        document_.size_mb * 1024.0 as size8_0_,
        upper(document_.name) as formula81_ 
    from
        documents document_ 
    where
        document_.id=?
14:14:43,134 DEBUG SQL:104 - 
    select
        owner0_.id as id3_0_,
        owner0_.name as name3_0_ 
    from
        owners owner0_ 
    where
        owner0_.id=?
14:14:43,146 DEBUG SQL:104 - 
    update
        documents 
    set
        name=?,
        summary=?,
        folder=?,
        owner=?,
        text=?,
        lastTextModification=?,
        size_mb=? / cast( 1024.0 as float ) 
    where
        id=?
14:14:43,147 DEBUG SQL:104 - 
    select
        document0_.id as id0_,
        document0_.name as name0_ 
    from
        documents document0_
14:14:43,147 DEBUG SQL:104 - 
    select
        document_.summary as summary0_,
        document_.folder as folder0_,
        document_.owner as owner0_,
        document_.text as text0_,
        document_.lastTextModification as lastText7_0_,
        document_.size_mb * 1024.0 as size8_0_,
        upper(document_.name) as formula81_ 
    from
        documents document_ 
    where
        document_.id=?
14:14:43,156 DEBUG SQL:104 - 
    select
        owner0_.id as id3_0_,
        owner0_.name as name3_0_ 
    from
        owners owner0_ 
    where
        owner0_.id=?
14:14:43,156 DEBUG SQL:104 - 
    select
        document0_.id as id0_,
        document0_.name as name0_ 
    from
        documents document0_
14:14:43,157 DEBUG SQL:104 - 
    select
        document_.summary as summary0_,
        document_.folder as folder0_,
        document_.owner as owner0_,
        document_.text as text0_,
        document_.lastTextModification as lastText7_0_,
        document_.size_mb * 1024.0 as size8_0_,
        upper(document_.name) as formula81_ 
    from
        documents document_ 
    where
        document_.id=?
14:14:43,166 DEBUG SQL:104 - 
    select
        owner0_.id as id3_0_,
        owner0_.name as name3_0_ 
    from
        owners owner0_ 
    where
        owner0_.id=?
14:14:43,167 DEBUG SQL:104 - 
    select
        document0_.id as id0_,
        document0_.name as name0_ 
    from
        documents document0_
14:14:43,168 DEBUG SQL:104 - 
    update
        documents 
    set
        name=? 
    where
        id=?
14:14:43,168 DEBUG SQL:104 - 
    select
        document_.summary as summary0_,
        document_.folder as folder0_,
        document_.owner as owner0_,
        document_.text as text0_,
        document_.lastTextModification as lastText7_0_,
        document_.size_mb * 1024.0 as size8_0_,
        upper(document_.name) as formula81_ 
    from
        documents document_ 
    where
        document_.id=?
14:14:43,168 DEBUG SQL:104 - 
    select
        owner0_.id as id3_0_,
        owner0_.name as name3_0_ 
    from
        owners owner0_ 
    where
        owner0_.id=?
14:14:43,169 DEBUG SQL:104 - 
    update
        documents 
    set
        name=?,
        summary=?,
        folder=?,
        owner=?,
        text=?,
        lastTextModification=?,
        size_mb=? / cast( 1024.0 as float ) 
    where
        id=?
14:14:43,180 DEBUG SQL:104 - 
    select
        document0_.id as id0_,
        document0_.name as name0_ 
    from
        documents document0_
14:14:43,180 DEBUG SQL:104 - 
    select
        document_.summary as summary0_,
        document_.folder as folder0_,
        document_.owner as owner0_,
        document_.text as text0_,
        document_.lastTextModification as lastText7_0_,
        document_.size_mb * 1024.0 as size8_0_,
        upper(document_.name) as formula81_ 
    from
        documents document_ 
    where
        document_.id=?
14:14:43,181 DEBUG SQL:104 - 
    select
        owner0_.id as id3_0_,
        owner0_.name as name3_0_ 
    from
        owners owner0_ 
    where
        owner0_.id=?
14:14:43,181 DEBUG SQL:104 - 
    select
        document0_.id as id0_0_,
        document0_.name as name0_0_ 
    from
        documents document0_ 
    where
        document0_.id=?
14:14:43,192 DEBUG SQL:104 - 
    select
        document0_.id as id0_,
        document0_.name as name0_ 
    from
        documents document0_
14:14:43,192 DEBUG SQL:104 - 
    select
        document_.summary as summary0_,
        document_.folder as folder0_,
        document_.owner as owner0_,
        document_.text as text0_,
        document_.lastTextModification as lastText7_0_,
        document_.size_mb * 1024.0 as size8_0_,
        upper(document_.name) as formula81_ 
    from
        documents document_ 
    where
        document_.id=?
14:14:43,192 DEBUG SQL:104 - 
    select
        owner0_.id as id3_0_,
        owner0_.name as name3_0_ 
    from
        owners owner0_ 
    where
        owner0_.id=?
14:14:43,193 DEBUG SQL:104 - 
    select
        folder0_.id as id2_0_,
        folder0_.name as name2_0_,
        folder0_.parent as parent2_0_ 
    from
        folders folder0_ 
    where
        folder0_.id=?
14:14:43,193 DEBUG SQL:104 - 
    select
        documents0_.folder as folder2_1_,
        documents0_.id as id0_1_,
        documents0_.id as id0_0_,
        documents0_.name as name0_0_ 
    from
        documents documents0_ 
    where
        documents0_.folder=?
14:14:43,215 DEBUG SQL:104 - 
    delete 
    from
        documents 
    where
        id=?
14:14:43,216 DEBUG SQL:104 - 
    delete 
    from
        folders 
    where
        id=?
14:14:43,216 DEBUG SQL:104 - 
    delete 
    from
        owners 
    where
        id=?
14:14:43,217 DEBUG SQL:104 - 
    insert 
    into
        owners
        (name, id) 
    values
        (?, ?)
14:14:43,217 DEBUG SQL:104 - 
    insert 
    into
        folders
        (name, parent, id) 
    values
        (?, ?, ?)
14:14:43,225 DEBUG SQL:104 - 
    insert 
    into
        documents
        (name, summary, folder, owner, text, lastTextModification, size_mb, id) 
    values
        (?, ?, ?, ?, ?, ?, ? / cast( 1024.0 as float ), ?)
14:14:43,226 DEBUG SQL:104 - 
    select
        document0_.id as id0_0_,
        document0_.name as name0_0_ 
    from
        documents document0_ 
    where
        document0_.id=?
14:14:43,226 DEBUG SQL:104 - 
    select
        document_.summary as summary0_,
        document_.folder as folder0_,
        document_.owner as owner0_,
        document_.text as text0_,
        document_.lastTextModification as lastText7_0_,
        document_.size_mb * 1024.0 as size8_0_,
        upper(document_.name) as formula81_ 
    from
        documents document_ 
    where
        document_.id=?
14:14:43,236 DEBUG SQL:104 - 
    select
        owner0_.id as id3_0_,
        owner0_.name as name3_0_ 
    from
        owners owner0_ 
    where
        owner0_.id=?
14:14:43,237 DEBUG SQL:104 - 
    select
        document0_.id as id0_,
        document0_.name as name0_ 
    from
        documents document0_
14:14:43,237 DEBUG SQL:104 - 
    select
        document_.summary as summary0_,
        document_.folder as folder0_,
        document_.owner as owner0_,
        document_.text as text0_,
        document_.lastTextModification as lastText7_0_,
        document_.size_mb * 1024.0 as size8_0_,
        upper(document_.name) as formula81_ 
    from
        documents document_ 
    where
        document_.id=?
14:14:43,247 DEBUG SQL:104 - 
    select
        owner0_.id as id3_0_,
        owner0_.name as name3_0_ 
    from
        owners owner0_ 
    where
        owner0_.id=?
14:14:43,248 DEBUG SQL:104 - 
    select
        document0_.id as id0_,
        document0_.name as name0_ 
    from
        documents document0_
14:14:43,248 DEBUG SQL:104 - 
    select
        document_.summary as summary0_,
        document_.folder as folder0_,
        document_.owner as owner0_,
        document_.text as text0_,
        document_.lastTextModification as lastText7_0_,
        document_.size_mb * 1024.0 as size8_0_,
        upper(document_.name) as formula81_ 
    from
        documents document_ 
    where
        document_.id=?
14:14:43,248 DEBUG SQL:104 - 
    select
        owner0_.id as id3_0_,
        owner0_.name as name3_0_ 
    from
        owners owner0_ 
    where
        owner0_.id=?
14:14:43,258 DEBUG SQL:104 - 
    select
        document0_.id as id0_,
        document0_.name as name0_ 
    from
        documents document0_
14:14:43,259 DEBUG SQL:104 - 
    update
        documents 
    set
        name=? 
    where
        id=?
14:14:43,259 DEBUG SQL:104 - 
    select
        document0_.id as id0_,
        document0_.name as name0_ 
    from
        documents document0_
14:14:43,259 DEBUG SQL:104 - 
    select
        document_.summary as summary0_,
        document_.folder as folder0_,
        document_.owner as owner0_,
        document_.text as text0_,
        document_.lastTextModification as lastText7_0_,
        document_.size_mb * 1024.0 as size8_0_,
        upper(document_.name) as formula81_ 
    from
        documents document_ 
    where
        document_.id=?
14:14:43,268 DEBUG SQL:104 - 
    select
        owner0_.id as id3_0_,
        owner0_.name as name3_0_ 
    from
        owners owner0_ 
    where
        owner0_.id=?
14:14:43,269 DEBUG SQL:104 - 
    select
        document0_.id as id0_,
        document0_.name as name0_ 
    from
        documents document0_
14:14:43,269 DEBUG SQL:104 - 
    select
        document_.summary as summary0_,
        document_.folder as folder0_,
        document_.owner as owner0_,
        document_.text as text0_,
        document_.lastTextModification as lastText7_0_,
        document_.size_mb * 1024.0 as size8_0_,
        upper(document_.name) as formula81_ 
    from
        documents document_ 
    where
        document_.id=?
14:14:43,278 DEBUG SQL:104 - 
    select
        owner0_.id as id3_0_,
        owner0_.name as name3_0_ 
    from
        owners owner0_ 
    where
        owner0_.id=?
14:14:43,279 DEBUG SQL:104 - 
    update
        documents 
    set
        name=?,
        summary=?,
        folder=?,
        owner=?,
        text=?,
        lastTextModification=?,
        size_mb=? / cast( 1024.0 as float ) 
    where
        id=?
14:14:43,280 DEBUG SQL:104 - 
    select
        document0_.id as id0_,
        document0_.name as name0_ 
    from
        documents document0_
14:14:43,288 DEBUG SQL:104 - 
    select
        document_.summary as summary0_,
        document_.folder as folder0_,
        document_.owner as owner0_,
        document_.text as text0_,
        document_.lastTextModification as lastText7_0_,
        document_.size_mb * 1024.0 as size8_0_,
        upper(document_.name) as formula81_ 
    from
        documents document_ 
    where
        document_.id=?
14:14:43,289 DEBUG SQL:104 - 
    select
        owner0_.id as id3_0_,
        owner0_.name as name3_0_ 
    from
        owners owner0_ 
    where
        owner0_.id=?
14:14:43,289 DEBUG SQL:104 - 
    select
        document0_.id as id0_,
        document0_.name as name0_ 
    from
        documents document0_
14:14:43,290 DEBUG SQL:104 - 
    select
        document_.summary as summary0_,
        document_.folder as folder0_,
        document_.owner as owner0_,
        document_.text as text0_,
        document_.lastTextModification as lastText7_0_,
        document_.size_mb * 1024.0 as size8_0_,
        upper(document_.name) as formula81_ 
    from
        documents document_ 
    where
        document_.id=?
14:14:43,290 DEBUG SQL:104 - 
    select
        owner0_.id as id3_0_,
        owner0_.name as name3_0_ 
    from
        owners owner0_ 
    where
        owner0_.id=?
14:14:43,290 DEBUG SQL:104 - 
    select
        document0_.id as id0_,
        document0_.name as name0_ 
    from
        documents document0_
14:14:43,291 DEBUG SQL:104 - 
    update
        documents 
    set
        name=? 
    where
        id=?
14:14:43,302 DEBUG SQL:104 - 
    select
        document_.summary as summary0_,
        document_.folder as folder0_,
        document_.owner as owner0_,
        document_.text as text0_,
        document_.lastTextModification as lastText7_0_,
        document_.size_mb * 1024.0 as size8_0_,
        upper(document_.name) as formula81_ 
    from
        documents document_ 
    where
        document_.id=?
14:14:43,302 DEBUG SQL:104 - 
    select
        owner0_.id as id3_0_,
        owner0_.name as name3_0_ 
    from
        owners owner0_ 
    where
        owner0_.id=?
14:14:43,303 DEBUG SQL:104 - 
    update
        documents 
    set
        name=?,
        summary=?,
        folder=?,
        owner=?,
        text=?,
        lastTextModification=?,
        size_mb=? / cast( 1024.0 as float ) 
    where
        id=?
14:14:43,314 DEBUG SQL:104 - 
    select
        document0_.id as id0_,
        document0_.name as name0_ 
    from
        documents document0_
14:14:43,314 DEBUG SQL:104 - 
    select
        document_.summary as summary0_,
        document_.folder as folder0_,
        document_.owner as owner0_,
        document_.text as text0_,
        document_.lastTextModification as lastText7_0_,
        document_.size_mb * 1024.0 as size8_0_,
        upper(document_.name) as formula81_ 
    from
        documents document_ 
    where
        document_.id=?
14:14:43,315 DEBUG SQL:104 - 
    select
        owner0_.id as id3_0_,
        owner0_.name as name3_0_ 
    from
        owners owner0_ 
    where
        owner0_.id=?
14:14:43,315 DEBUG SQL:104 - 
    select
        document0_.id as id0_0_,
        document0_.name as name0_0_ 
    from
        documents document0_ 
    where
        document0_.id=?
14:14:43,316 DEBUG SQL:104 - 
    select
        document0_.id as id0_,
        document0_.name as name0_ 
    from
        documents document0_
14:14:43,316 DEBUG SQL:104 - 
    select
        document_.summary as summary0_,
        document_.folder as folder0_,
        document_.owner as owner0_,
        document_.text as text0_,
        document_.lastTextModification as lastText7_0_,
        document_.size_mb * 1024.0 as size8_0_,
        upper(document_.name) as formula81_ 
    from
        documents document_ 
    where
        document_.id=?
14:14:43,339 DEBUG SQL:104 - 
    select
        owner0_.id as id3_0_,
        owner0_.name as name3_0_ 
    from
        owners owner0_ 
    where
        owner0_.id=?
14:14:43,340 DEBUG SQL:104 - 
    select
        folder0_.id as id2_0_,
        folder0_.name as name2_0_,
        folder0_.parent as parent2_0_ 
    from
        folders folder0_ 
    where
        folder0_.id=?
14:14:43,340 DEBUG SQL:104 - 
    select
        documents0_.folder as folder2_1_,
        documents0_.id as id0_1_,
        documents0_.id as id0_0_,
        documents0_.name as name0_0_ 
    from
        documents documents0_ 
    where
        documents0_.folder=?
14:14:43,349 DEBUG SQL:104 - 
    delete 
    from
        documents 
    where
        id=?
14:14:43,350 DEBUG SQL:104 - 
    delete 
    from
        folders 
    where
        id=?
14:14:43,350 DEBUG SQL:104 - 
    delete 
    from
        owners 
    where
        id=?
14:14:43,351 DEBUG SQL:104 - 
    insert 
    into
        owners
        (name, id) 
    values
        (?, ?)
14:14:43,360 DEBUG SQL:104 - 
    insert 
    into
        folders
        (name, parent, id) 
    values
        (?, ?, ?)
14:14:43,360 DEBUG SQL:104 - 
    insert 
    into
        documents
        (name, summary, folder, owner, text, lastTextModification, size_mb, id) 
    values
        (?, ?, ?, ?, ?, ?, ? / cast( 1024.0 as float ), ?)
14:14:43,361 DEBUG SQL:104 - 
    select
        document0_.id as id0_0_,
        document0_.name as name0_0_ 
    from
        documents document0_ 
    where
        document0_.id=?
14:14:43,361 DEBUG SQL:104 - 
    select
        document_.summary as summary0_,
        document_.folder as folder0_,
        document_.owner as owner0_,
        document_.text as text0_,
        document_.lastTextModification as lastText7_0_,
        document_.size_mb * 1024.0 as size8_0_,
        upper(document_.name) as formula81_ 
    from
        documents document_ 
    where
        document_.id=?
14:14:43,370 DEBUG SQL:104 - 
    select
        owner0_.id as id3_0_,
        owner0_.name as name3_0_ 
    from
        owners owner0_ 
    where
        owner0_.id=?
14:14:43,371 DEBUG SQL:104 - 
    select
        document0_.id as id0_,
        document0_.name as name0_ 
    from
        documents document0_
14:14:43,371 DEBUG SQL:104 - 
    select
        document_.summary as summary0_,
        document_.folder as folder0_,
        document_.owner as owner0_,
        document_.text as text0_,
        document_.lastTextModification as lastText7_0_,
        document_.size_mb * 1024.0 as size8_0_,
        upper(document_.name) as formula81_ 
    from
        documents document_ 
    where
        document_.id=?
14:14:43,380 DEBUG SQL:104 - 
    select
        owner0_.id as id3_0_,
        owner0_.name as name3_0_ 
    from
        owners owner0_ 
    where
        owner0_.id=?
14:14:43,381 DEBUG SQL:104 - 
    select
        document0_.id as id0_,
        document0_.name as name0_ 
    from
        documents document0_
14:14:43,381 DEBUG SQL:104 - 
    select
        document_.summary as summary0_,
        document_.folder as folder0_,
        document_.owner as owner0_,
        document_.text as text0_,
        document_.lastTextModification as lastText7_0_,
        document_.size_mb * 1024.0 as size8_0_,
        upper(document_.name) as formula81_ 
    from
        documents document_ 
    where
        document_.id=?
14:14:43,391 DEBUG SQL:104 - 
    select
        owner0_.id as id3_0_,
        owner0_.name as name3_0_ 
    from
        owners owner0_ 
    where
        owner0_.id=?
14:14:43,392 DEBUG SQL:104 - 
    select
        document0_.id as id0_,
        document0_.name as name0_ 
    from
        documents document0_
14:14:43,392 DEBUG SQL:104 - 
    update
        documents 
    set
        name=? 
    where
        id=?
14:14:43,393 DEBUG SQL:104 - 
    select
        document0_.id as id0_,
        document0_.name as name0_ 
    from
        documents document0_
14:14:43,393 DEBUG SQL:104 - 
    select
        document_.summary as summary0_,
        document_.folder as folder0_,
        document_.owner as owner0_,
        document_.text as text0_,
        document_.lastTextModification as lastText7_0_,
        document_.size_mb * 1024.0 as size8_0_,
        upper(document_.name) as formula81_ 
    from
        documents document_ 
    where
        document_.id=?
14:14:43,402 DEBUG SQL:104 - 
    select
        owner0_.id as id3_0_,
        owner0_.name as name3_0_ 
    from
        owners owner0_ 
    where
        owner0_.id=?
14:14:43,402 DEBUG SQL:104 - 
    select
        document0_.id as id0_,
        document0_.name as name0_ 
    from
        documents document0_
14:14:43,403 DEBUG SQL:104 - 
    select
        document_.summary as summary0_,
        document_.folder as folder0_,
        document_.owner as owner0_,
        document_.text as text0_,
        document_.lastTextModification as lastText7_0_,
        document_.size_mb * 1024.0 as size8_0_,
        upper(document_.name) as formula81_ 
    from
        documents document_ 
    where
        document_.id=?
14:14:43,412 DEBUG SQL:104 - 
    select
        owner0_.id as id3_0_,
        owner0_.name as name3_0_ 
    from
        owners owner0_ 
    where
        owner0_.id=?
14:14:43,413 DEBUG SQL:104 - 
    update
        documents 
    set
        name=?,
        summary=?,
        folder=?,
        owner=?,
        text=?,
        lastTextModification=?,
        size_mb=? / cast( 1024.0 as float ) 
    where
        id=?
14:14:43,414 DEBUG SQL:104 - 
    select
        document0_.id as id0_,
        document0_.name as name0_ 
    from
        documents document0_
14:14:43,414 DEBUG SQL:104 - 
    select
        document_.summary as summary0_,
        document_.folder as folder0_,
        document_.owner as owner0_,
        document_.text as text0_,
        document_.lastTextModification as lastText7_0_,
        document_.size_mb * 1024.0 as size8_0_,
        upper(document_.name) as formula81_ 
    from
        documents document_ 
    where
        document_.id=?
14:14:43,414 DEBUG SQL:104 - 
    select
        owner0_.id as id3_0_,
        owner0_.name as name3_0_ 
    from
        owners owner0_ 
    where
        owner0_.id=?
14:14:43,414 DEBUG SQL:104 - 
    select
        document0_.id as id0_,
        document0_.name as name0_ 
    from
        documents document0_
14:14:43,425 DEBUG SQL:104 - 
    select
        document_.summary as summary0_,
        document_.folder as folder0_,
        document_.owner as owner0_,
        document_.text as text0_,
        document_.lastTextModification as lastText7_0_,
        document_.size_mb * 1024.0 as size8_0_,
        upper(document_.name) as formula81_ 
    from
        documents document_ 
    where
        document_.id=?
14:14:43,425 DEBUG SQL:104 - 
    select
        owner0_.id as id3_0_,
        owner0_.name as name3_0_ 
    from
        owners owner0_ 
    where
        owner0_.id=?
14:14:43,426 DEBUG SQL:104 - 
    select
        document0_.id as id0_,
        document0_.name as name0_ 
    from
        documents document0_
14:14:43,426 DEBUG SQL:104 - 
    update
        documents 
    set
        name=? 
    where
        id=?
14:14:43,434 DEBUG SQL:104 - 
    select
        document_.summary as summary0_,
        document_.folder as folder0_,
        document_.owner as owner0_,
        document_.text as text0_,
        document_.lastTextModification as lastText7_0_,
        document_.size_mb * 1024.0 as size8_0_,
        upper(document_.name) as formula81_ 
    from
        documents document_ 
    where
        document_.id=?
14:14:43,434 DEBUG SQL:104 - 
    select
        owner0_.id as id3_0_,
        owner0_.name as name3_0_ 
    from
        owners owner0_ 
    where
        owner0_.id=?
14:14:43,435 DEBUG SQL:104 - 
    update
        documents 
    set
        name=?,
        summary=?,
        folder=?,
        owner=?,
        text=?,
        lastTextModification=?,
        size_mb=? / cast( 1024.0 as float ) 
    where
        id=?
14:14:43,435 DEBUG SQL:104 - 
    select
        document0_.id as id0_,
        document0_.name as name0_ 
    from
        documents document0_
14:14:43,435 DEBUG SQL:104 - 
    select
        document_.summary as summary0_,
        document_.folder as folder0_,
        document_.owner as owner0_,
        document_.text as text0_,
        document_.lastTextModification as lastText7_0_,
        document_.size_mb * 1024.0 as size8_0_,
        upper(document_.name) as formula81_ 
    from
        documents document_ 
    where
        document_.id=?
14:14:43,457 DEBUG SQL:104 - 
    select
        owner0_.id as id3_0_,
        owner0_.name as name3_0_ 
    from
        owners owner0_ 
    where
        owner0_.id=?
14:14:43,458 DEBUG SQL:104 - 
    select
        document0_.id as id0_0_,
        document0_.name as name0_0_ 
    from
        documents document0_ 
    where
        document0_.id=?
14:14:43,458 DEBUG SQL:104 - 
    select
        document0_.id as id0_,
        document0_.name as name0_ 
    from
        documents document0_
14:14:43,468 DEBUG SQL:104 - 
    select
        document_.summary as summary0_,
        document_.folder as folder0_,
        document_.owner as owner0_,
        document_.text as text0_,
        document_.lastTextModification as lastText7_0_,
        document_.size_mb * 1024.0 as size8_0_,
        upper(document_.name) as formula81_ 
    from
        documents document_ 
    where
        document_.id=?
14:14:43,469 DEBUG SQL:104 - 
    select
        owner0_.id as id3_0_,
        owner0_.name as name3_0_ 
    from
        owners owner0_ 
    where
        owner0_.id=?
14:14:43,469 DEBUG SQL:104 - 
    select
        folder0_.id as id2_0_,
        folder0_.name as name2_0_,
        folder0_.parent as parent2_0_ 
    from
        folders folder0_ 
    where
        folder0_.id=?
14:14:43,478 DEBUG SQL:104 - 
    select
        documents0_.folder as folder2_1_,
        documents0_.id as id0_1_,
        documents0_.id as id0_0_,
        documents0_.name as name0_0_ 
    from
        documents documents0_ 
    where
        documents0_.folder=?
14:14:43,478 DEBUG SQL:104 - 
    delete 
    from
        documents 
    where
        id=?
14:14:43,479 DEBUG SQL:104 - 
    delete 
    from
        folders 
    where
        id=?
14:14:43,479 DEBUG SQL:104 - 
    delete 
    from
        owners 
    where
        id=?
14:14:43,508 DEBUG SQL:104 - 
    insert 
    into
        owners
        (name, id) 
    values
        (?, ?)
14:14:43,508 DEBUG SQL:104 - 
    insert 
    into
        folders
        (name, parent, id) 
    values
        (?, ?, ?)
14:14:43,508 DEBUG SQL:104 - 
    insert 
    into
        documents
        (name, summary, folder, owner, text, lastTextModification, size_mb, id) 
    values
        (?, ?, ?, ?, ?, ?, ? / cast( 1024.0 as float ), ?)
14:14:43,509 DEBUG SQL:104 - 
    select
        document0_.id as id0_0_,
        document0_.name as name0_0_ 
    from
        documents document0_ 
    where
        document0_.id=?
14:14:43,509 DEBUG SQL:104 - 
    select
        document_.summary as summary0_,
        document_.folder as folder0_,
        document_.owner as owner0_,
        document_.text as text0_,
        document_.lastTextModification as lastText7_0_,
        document_.size_mb * 1024.0 as size8_0_,
        upper(document_.name) as formula81_ 
    from
        documents document_ 
    where
        document_.id=?
14:14:43,509 DEBUG SQL:104 - 
    select
        owner0_.id as id3_0_,
        owner0_.name as name3_0_ 
    from
        owners owner0_ 
    where
        owner0_.id=?
14:14:43,510 DEBUG SQL:104 - 
    select
        document0_.id as id0_,
        document0_.name as name0_ 
    from
        documents document0_
14:14:43,510 DEBUG SQL:104 - 
    select
        document_.summary as summary0_,
        document_.folder as folder0_,
        document_.owner as owner0_,
        document_.text as text0_,
        document_.lastTextModification as lastText7_0_,
        document_.size_mb * 1024.0 as size8_0_,
        upper(document_.name) as formula81_ 
    from
        documents document_ 
    where
        document_.id=?
14:14:43,510 DEBUG SQL:104 - 
    select
        owner0_.id as id3_0_,
        owner0_.name as name3_0_ 
    from
        owners owner0_ 
    where
        owner0_.id=?
14:14:43,517 DEBUG SQL:104 - 
    select
        document0_.id as id0_,
        document0_.name as name0_ 
    from
        documents document0_
14:14:43,517 DEBUG SQL:104 - 
    select
        document_.summary as summary0_,
        document_.folder as folder0_,
        document_.owner as owner0_,
        document_.text as text0_,
        document_.lastTextModification as lastText7_0_,
        document_.size_mb * 1024.0 as size8_0_,
        upper(document_.name) as formula81_ 
    from
        documents document_ 
    where
        document_.id=?
14:14:43,518 DEBUG SQL:104 - 
    select
        owner0_.id as id3_0_,
        owner0_.name as name3_0_ 
    from
        owners owner0_ 
    where
        owner0_.id=?
14:14:43,532 DEBUG SQL:104 - 
    select
        document0_.id as id0_,
        document0_.name as name0_ 
    from
        documents document0_
14:14:43,533 DEBUG SQL:104 - 
    update
        documents 
    set
        name=? 
    where
        id=?
14:14:43,534 DEBUG SQL:104 - 
    select
        document0_.id as id0_,
        document0_.name as name0_ 
    from
        documents document0_
14:14:43,537 DEBUG SQL:104 - 
    select
        document_.summary as summary0_,
        document_.folder as folder0_,
        document_.owner as owner0_,
        document_.text as text0_,
        document_.lastTextModification as lastText7_0_,
        document_.size_mb * 1024.0 as size8_0_,
        upper(document_.name) as formula81_ 
    from
        documents document_ 
    where
        document_.id=?
14:14:43,538 DEBUG SQL:104 - 
    select
        owner0_.id as id3_0_,
        owner0_.name as name3_0_ 
    from
        owners owner0_ 
    where
        owner0_.id=?
14:14:43,538 DEBUG SQL:104 - 
    select
        document0_.id as id0_,
        document0_.name as name0_ 
    from
        documents document0_
14:14:43,551 DEBUG SQL:104 - 
    select
        document_.summary as summary0_,
        document_.folder as folder0_,
        document_.owner as owner0_,
        document_.text as text0_,
        document_.lastTextModification as lastText7_0_,
        document_.size_mb * 1024.0 as size8_0_,
        upper(document_.name) as formula81_ 
    from
        documents document_ 
    where
        document_.id=?
14:14:43,551 DEBUG SQL:104 - 
    select
        owner0_.id as id3_0_,
        owner0_.name as name3_0_ 
    from
        owners owner0_ 
    where
        owner0_.id=?
14:14:43,552 DEBUG SQL:104 - 
    update
        documents 
    set
        name=?,
        summary=?,
        folder=?,
        owner=?,
        text=?,
        lastTextModification=?,
        size_mb=? / cast( 1024.0 as float ) 
    where
        id=?
14:14:43,563 DEBUG SQL:104 - 
    select
        document0_.id as id0_,
        document0_.name as name0_ 
    from
        documents document0_
14:14:43,563 DEBUG SQL:104 - 
    select
        document_.summary as summary0_,
        document_.folder as folder0_,
        document_.owner as owner0_,
        document_.text as text0_,
        document_.lastTextModification as lastText7_0_,
        document_.size_mb * 1024.0 as size8_0_,
        upper(document_.name) as formula81_ 
    from
        documents document_ 
    where
        document_.id=?
14:14:43,564 DEBUG SQL:104 - 
    select
        owner0_.id as id3_0_,
        owner0_.name as name3_0_ 
    from
        owners owner0_ 
    where
        owner0_.id=?
14:14:43,564 DEBUG SQL:104 - 
    select
        document0_.id as id0_,
        document0_.name as name0_ 
    from
        documents document0_
14:14:43,565 DEBUG SQL:104 - 
    select
        document_.summary as summary0_,
        document_.folder as folder0_,
        document_.owner as owner0_,
        document_.text as text0_,
        document_.lastTextModification as lastText7_0_,
        document_.size_mb * 1024.0 as size8_0_,
        upper(document_.name) as formula81_ 
    from
        documents document_ 
    where
        document_.id=?
14:14:43,585 DEBUG SQL:104 - 
    select
        owner0_.id as id3_0_,
        owner0_.name as name3_0_ 
    from
        owners owner0_ 
    where
        owner0_.id=?
14:14:43,586 DEBUG SQL:104 - 
    select
        document0_.id as id0_,
        document0_.name as name0_ 
    from
        documents document0_
14:14:43,586 DEBUG SQL:104 - 
    update
        documents 
    set
        name=? 
    where
        id=?
14:14:43,587 DEBUG SQL:104 - 
    select
        document_.summary as summary0_,
        document_.folder as folder0_,
        document_.owner as owner0_,
        document_.text as text0_,
        document_.lastTextModification as lastText7_0_,
        document_.size_mb * 1024.0 as size8_0_,
        upper(document_.name) as formula81_ 
    from
        documents document_ 
    where
        document_.id=?
14:14:43,596 DEBUG SQL:104 - 
    select
        owner0_.id as id3_0_,
        owner0_.name as name3_0_ 
    from
        owners owner0_ 
    where
        owner0_.id=?
14:14:43,597 DEBUG SQL:104 - 
    update
        documents 
    set
        name=?,
        summary=?,
        folder=?,
        owner=?,
        text=?,
        lastTextModification=?,
        size_mb=? / cast( 1024.0 as float ) 
    where
        id=?
14:14:43,597 DEBUG SQL:104 - 
    select
        document0_.id as id0_,
        document0_.name as name0_ 
    from
        documents document0_
14:14:43,607 DEBUG SQL:104 - 
    select
        document_.summary as summary0_,
        document_.folder as folder0_,
        document_.owner as owner0_,
        document_.text as text0_,
        document_.lastTextModification as lastText7_0_,
        document_.size_mb * 1024.0 as size8_0_,
        upper(document_.name) as formula81_ 
    from
        documents document_ 
    where
        document_.id=?
14:14:43,607 DEBUG SQL:104 - 
    select
        owner0_.id as id3_0_,
        owner0_.name as name3_0_ 
    from
        owners owner0_ 
    where
        owner0_.id=?
14:14:43,608 DEBUG SQL:104 - 
    select
        document0_.id as id0_0_,
        document0_.name as name0_0_ 
    from
        documents document0_ 
    where
        document0_.id=?
14:14:43,618 DEBUG SQL:104 - 
    select
        document0_.id as id0_,
        document0_.name as name0_ 
    from
        documents document0_
14:14:43,619 DEBUG SQL:104 - 
    select
        document_.summary as summary0_,
        document_.folder as folder0_,
        document_.owner as owner0_,
        document_.text as text0_,
        document_.lastTextModification as lastText7_0_,
        document_.size_mb * 1024.0 as size8_0_,
        upper(document_.name) as formula81_ 
    from
        documents document_ 
    where
        document_.id=?
14:14:43,619 DEBUG SQL:104 - 
    select
        owner0_.id as id3_0_,
        owner0_.name as name3_0_ 
    from
        owners owner0_ 
    where
        owner0_.id=?
14:14:43,629 DEBUG SQL:104 - 
    select
        folder0_.id as id2_0_,
        folder0_.name as name2_0_,
        folder0_.parent as parent2_0_ 
    from
        folders folder0_ 
    where
        folder0_.id=?
14:14:43,629 DEBUG SQL:104 - 
    select
        documents0_.folder as folder2_1_,
        documents0_.id as id0_1_,
        documents0_.id as id0_0_,
        documents0_.name as name0_0_ 
    from
        documents documents0_ 
    where
        documents0_.folder=?
14:14:43,630 DEBUG SQL:104 - 
    delete 
    from
        documents 
    where
        id=?
14:14:43,630 DEBUG SQL:104 - 
    delete 
    from
        folders 
    where
        id=?
14:14:43,639 DEBUG SQL:104 - 
    delete 
    from
        owners 
    where
        id=?
14:14:43,640 DEBUG SQL:104 - 
    insert 
    into
        owners
        (name, id) 
    values
        (?, ?)
14:14:43,640 DEBUG SQL:104 - 
    insert 
    into
        folders
        (name, parent, id) 
    values
        (?, ?, ?)
14:14:43,641 DEBUG SQL:104 - 
    insert 
    into
        documents
        (name, summary, folder, owner, text, lastTextModification, size_mb, id) 
    values
        (?, ?, ?, ?, ?, ?, ? / cast( 1024.0 as float ), ?)
14:14:43,641 DEBUG SQL:104 - 
    select
        document0_.id as id0_0_,
        document0_.name as name0_0_ 
    from
        documents document0_ 
    where
        document0_.id=?
14:14:43,650 DEBUG SQL:104 - 
    select
        document_.summary as summary0_,
        document_.folder as folder0_,
        document_.owner as owner0_,
        document_.text as text0_,
        document_.lastTextModification as lastText7_0_,
        document_.size_mb * 1024.0 as size8_0_,
        upper(document_.name) as formula81_ 
    from
        documents document_ 
    where
        document_.id=?
14:14:43,650 DEBUG SQL:104 - 
    select
        owner0_.id as id3_0_,
        owner0_.name as name3_0_ 
    from
        owners owner0_ 
    where
        owner0_.id=?
14:14:43,651 DEBUG SQL:104 - 
    select
        document0_.id as id0_,
        document0_.name as name0_ 
    from
        documents document0_
14:14:43,661 DEBUG SQL:104 - 
    select
        document_.summary as summary0_,
        document_.folder as folder0_,
        document_.owner as owner0_,
        document_.text as text0_,
        document_.lastTextModification as lastText7_0_,
        document_.size_mb * 1024.0 as size8_0_,
        upper(document_.name) as formula81_ 
    from
        documents document_ 
    where
        document_.id=?
14:14:43,662 DEBUG SQL:104 - 
    select
        owner0_.id as id3_0_,
        owner0_.name as name3_0_ 
    from
        owners owner0_ 
    where
        owner0_.id=?
14:14:43,662 DEBUG SQL:104 - 
    select
        document0_.id as id0_,
        document0_.name as name0_ 
    from
        documents document0_
14:14:43,662 DEBUG SQL:104 - 
    select
        document_.summary as summary0_,
        document_.folder as folder0_,
        document_.owner as owner0_,
        document_.text as text0_,
        document_.lastTextModification as lastText7_0_,
        document_.size_mb * 1024.0 as size8_0_,
        upper(document_.name) as formula81_ 
    from
        documents document_ 
    where
        document_.id=?
14:14:43,663 DEBUG SQL:104 - 
    select
        owner0_.id as id3_0_,
        owner0_.name as name3_0_ 
    from
        owners owner0_ 
    where
        owner0_.id=?
14:14:43,663 DEBUG SQL:104 - 
    select
        document0_.id as id0_,
        document0_.name as name0_ 
    from
        documents document0_
14:14:43,663 DEBUG SQL:104 - 
    update
        documents 
    set
        name=? 
    where
        id=?
14:14:43,675 DEBUG SQL:104 - 
    select
        document0_.id as id0_,
        document0_.name as name0_ 
    from
        documents document0_
14:14:43,675 DEBUG SQL:104 - 
    select
        document_.summary as summary0_,
        document_.folder as folder0_,
        document_.owner as owner0_,
        document_.text as text0_,
        document_.lastTextModification as lastText7_0_,
        document_.size_mb * 1024.0 as size8_0_,
        upper(document_.name) as formula81_ 
    from
        documents document_ 
    where
        document_.id=?
14:14:43,676 DEBUG SQL:104 - 
    select
        owner0_.id as id3_0_,
        owner0_.name as name3_0_ 
    from
        owners owner0_ 
    where
        owner0_.id=?
14:14:43,676 DEBUG SQL:104 - 
    select
        document0_.id as id0_,
        document0_.name as name0_ 
    from
        documents document0_
14:14:43,685 DEBUG SQL:104 - 
    select
        document_.summary as summary0_,
        document_.folder as folder0_,
        document_.owner as owner0_,
        document_.text as text0_,
        document_.lastTextModification as lastText7_0_,
        document_.size_mb * 1024.0 as size8_0_,
        upper(document_.name) as formula81_ 
    from
        documents document_ 
    where
        document_.id=?
14:14:43,686 DEBUG SQL:104 - 
    select
        owner0_.id as id3_0_,
        owner0_.name as name3_0_ 
    from
        owners owner0_ 
    where
        owner0_.id=?
14:14:43,687 DEBUG SQL:104 - 
    update
        documents 
    set
        name=?,
        summary=?,
        folder=?,
        owner=?,
        text=?,
        lastTextModification=?,
        size_mb=? / cast( 1024.0 as float ) 
    where
        id=?
14:14:43,687 DEBUG SQL:104 - 
    select
        document0_.id as id0_,
        document0_.name as name0_ 
    from
        documents document0_
14:14:43,688 DEBUG SQL:104 - 
    select
        document_.summary as summary0_,
        document_.folder as folder0_,
        document_.owner as owner0_,
        document_.text as text0_,
        document_.lastTextModification as lastText7_0_,
        document_.size_mb * 1024.0 as size8_0_,
        upper(document_.name) as formula81_ 
    from
        documents document_ 
    where
        document_.id=?
14:14:43,709 DEBUG SQL:104 - 
    select
        owner0_.id as id3_0_,
        owner0_.name as name3_0_ 
    from
        owners owner0_ 
    where
        owner0_.id=?
14:14:43,710 DEBUG SQL:104 - 
    select
        document0_.id as id0_,
        document0_.name as name0_ 
    from
        documents document0_
14:14:43,710 DEBUG SQL:104 - 
    select
        document_.summary as summary0_,
        document_.folder as folder0_,
        document_.owner as owner0_,
        document_.text as text0_,
        document_.lastTextModification as lastText7_0_,
        document_.size_mb * 1024.0 as size8_0_,
        upper(document_.name) as formula81_ 
    from
        documents document_ 
    where
        document_.id=?
14:14:43,719 DEBUG SQL:104 - 
    select
        owner0_.id as id3_0_,
        owner0_.name as name3_0_ 
    from
        owners owner0_ 
    where
        owner0_.id=?
14:14:43,720 DEBUG SQL:104 - 
    select
        document0_.id as id0_,
        document0_.name as name0_ 
    from
        documents document0_
14:14:43,721 DEBUG SQL:104 - 
    update
        documents 
    set
        name=? 
    where
        id=?
14:14:43,721 DEBUG SQL:104 - 
    select
        document_.summary as summary0_,
        document_.folder as folder0_,
        document_.owner as owner0_,
        document_.text as text0_,
        document_.lastTextModification as lastText7_0_,
        document_.size_mb * 1024.0 as size8_0_,
        upper(document_.name) as formula81_ 
    from
        documents document_ 
    where
        document_.id=?
14:14:43,730 DEBUG SQL:104 - 
    select
        owner0_.id as id3_0_,
        owner0_.name as name3_0_ 
    from
        owners owner0_ 
    where
        owner0_.id=?
14:14:43,731 DEBUG SQL:104 - 
    update
        documents 
    set
        name=?,
        summary=?,
        folder=?,
        owner=?,
        text=?,
        lastTextModification=?,
        size_mb=? / cast( 1024.0 as float ) 
    where
        id=?
14:14:43,741 DEBUG SQL:104 - 
    select
        document0_.id as id0_,
        document0_.name as name0_ 
    from
        documents document0_
14:14:43,741 DEBUG SQL:104 - 
    select
        document_.summary as summary0_,
        document_.folder as folder0_,
        document_.owner as owner0_,
        document_.text as text0_,
        document_.lastTextModification as lastText7_0_,
        document_.size_mb * 1024.0 as size8_0_,
        upper(document_.name) as formula81_ 
    from
        documents document_ 
    where
        document_.id=?
14:14:43,741 DEBUG SQL:104 - 
    select
        owner0_.id as id3_0_,
        owner0_.name as name3_0_ 
    from
        owners owner0_ 
    where
        owner0_.id=?
14:14:43,742 DEBUG SQL:104 - 
    select
        document0_.id as id0_0_,
        document0_.name as name0_0_ 
    from
        documents document0_ 
    where
        document0_.id=?
14:14:43,751 DEBUG SQL:104 - 
    select
        document0_.id as id0_,
        document0_.name as name0_ 
    from
        documents document0_
14:14:43,751 DEBUG SQL:104 - 
    select
        document_.summary as summary0_,
        document_.folder as folder0_,
        document_.owner as owner0_,
        document_.text as text0_,
        document_.lastTextModification as lastText7_0_,
        document_.size_mb * 1024.0 as size8_0_,
        upper(document_.name) as formula81_ 
    from
        documents document_ 
    where
        document_.id=?
14:14:43,751 DEBUG SQL:104 - 
    select
        owner0_.id as id3_0_,
        owner0_.name as name3_0_ 
    from
        owners owner0_ 
    where
        owner0_.id=?
14:14:43,762 DEBUG SQL:104 - 
    select
        folder0_.id as id2_0_,
        folder0_.name as name2_0_,
        folder0_.parent as parent2_0_ 
    from
        folders folder0_ 
    where
        folder0_.id=?
14:14:43,762 DEBUG SQL:104 - 
    select
        documents0_.folder as folder2_1_,
        documents0_.id as id0_1_,
        documents0_.id as id0_0_,
        documents0_.name as name0_0_ 
    from
        documents documents0_ 
    where
        documents0_.folder=?
14:14:43,763 DEBUG SQL:104 - 
    delete 
    from
        documents 
    where
        id=?
14:14:43,763 DEBUG SQL:104 - 
    delete 
    from
        folders 
    where
        id=?
14:14:43,773 DEBUG SQL:104 - 
    delete 
    from
        owners 
    where
        id=?
14:14:43,774 DEBUG SQL:104 - 
    insert 
    into
        owners
        (name, id) 
    values
        (?, ?)
14:14:43,774 DEBUG SQL:104 - 
    insert 
    into
        folders
        (name, parent, id) 
    values
        (?, ?, ?)
14:14:43,774 DEBUG SQL:104 - 
    insert 
    into
        documents
        (name, summary, folder, owner, text, lastTextModification, size_mb, id) 
    values
        (?, ?, ?, ?, ?, ?, ? / cast( 1024.0 as float ), ?)
14:14:43,784 DEBUG SQL:104 - 
    select
        document0_.id as id0_0_,
        document0_.name as name0_0_ 
    from
        documents document0_ 
    where
        document0_.id=?
14:14:43,785 DEBUG SQL:104 - 
    select
        document_.summary as summary0_,
        document_.folder as folder0_,
        document_.owner as owner0_,
        document_.text as text0_,
        document_.lastTextModification as lastText7_0_,
        document_.size_mb * 1024.0 as size8_0_,
        upper(document_.name) as formula81_ 
    from
        documents document_ 
    where
        document_.id=?
14:14:43,785 DEBUG SQL:104 - 
    select
        owner0_.id as id3_0_,
        owner0_.name as name3_0_ 
    from
        owners owner0_ 
    where
        owner0_.id=?
14:14:43,796 DEBUG SQL:104 - 
    select
        document0_.id as id0_,
        document0_.name as name0_ 
    from
        documents document0_
14:14:43,796 DEBUG SQL:104 - 
    select
        document_.summary as summary0_,
        document_.folder as folder0_,
        document_.owner as owner0_,
        document_.text as text0_,
        document_.lastTextModification as lastText7_0_,
        document_.size_mb * 1024.0 as size8_0_,
        upper(document_.name) as formula81_ 
    from
        documents document_ 
    where
        document_.id=?
14:14:43,797 DEBUG SQL:104 - 
    select
        owner0_.id as id3_0_,
        owner0_.name as name3_0_ 
    from
        owners owner0_ 
    where
        owner0_.id=?
14:14:43,797 DEBUG SQL:104 - 
    select
        document0_.id as id0_,
        document0_.name as name0_ 
    from
        documents document0_
14:14:43,798 DEBUG SQL:104 - 
    select
        document_.summary as summary0_,
        document_.folder as folder0_,
        document_.owner as owner0_,
        document_.text as text0_,
        document_.lastTextModification as lastText7_0_,
        document_.size_mb * 1024.0 as size8_0_,
        upper(document_.name) as formula81_ 
    from
        documents document_ 
    where
        document_.id=?
14:14:43,798 DEBUG SQL:104 - 
    select
        owner0_.id as id3_0_,
        owner0_.name as name3_0_ 
    from
        owners owner0_ 
    where
        owner0_.id=?
14:14:43,798 DEBUG SQL:104 - 
    select
        document0_.id as id0_,
        document0_.name as name0_ 
    from
        documents document0_
14:14:43,799 DEBUG SQL:104 - 
    update
        documents 
    set
        name=? 
    where
        id=?
14:14:43,810 DEBUG SQL:104 - 
    select
        document0_.id as id0_,
        document0_.name as name0_ 
    from
        documents document0_
14:14:43,810 DEBUG SQL:104 - 
    select
        document_.summary as summary0_,
        document_.folder as folder0_,
        document_.owner as owner0_,
        document_.text as text0_,
        document_.lastTextModification as lastText7_0_,
        document_.size_mb * 1024.0 as size8_0_,
        upper(document_.name) as formula81_ 
    from
        documents document_ 
    where
        document_.id=?
14:14:43,811 DEBUG SQL:104 - 
    select
        owner0_.id as id3_0_,
        owner0_.name as name3_0_ 
    from
        owners owner0_ 
    where
        owner0_.id=?
14:14:43,820 DEBUG SQL:104 - 
    select
        document0_.id as id0_,
        document0_.name as name0_ 
    from
        documents document0_
14:14:43,821 DEBUG SQL:104 - 
    select
        document_.summary as summary0_,
        document_.folder as folder0_,
        document_.owner as owner0_,
        document_.text as text0_,
        document_.lastTextModification as lastText7_0_,
        document_.size_mb * 1024.0 as size8_0_,
        upper(document_.name) as formula81_ 
    from
        documents document_ 
    where
        document_.id=?
14:14:43,821 DEBUG SQL:104 - 
    select
        owner0_.id as id3_0_,
        owner0_.name as name3_0_ 
    from
        owners owner0_ 
    where
        owner0_.id=?
14:14:43,822 DEBUG SQL:104 - 
    update
        documents 
    set
        name=?,
        summary=?,
        folder=?,
        owner=?,
        text=?,
        lastTextModification=?,
        size_mb=? / cast( 1024.0 as float ) 
    where
        id=?
14:14:43,822 DEBUG SQL:104 - 
    select
        document0_.id as id0_,
        document0_.name as name0_ 
    from
        documents document0_
14:14:43,847 DEBUG SQL:104 - 
    select
        document_.summary as summary0_,
        document_.folder as folder0_,
        document_.owner as owner0_,
        document_.text as text0_,
        document_.lastTextModification as lastText7_0_,
        document_.size_mb * 1024.0 as size8_0_,
        upper(document_.name) as formula81_ 
    from
        documents document_ 
    where
        document_.id=?
14:14:43,848 DEBUG SQL:104 - 
    select
        owner0_.id as id3_0_,
        owner0_.name as name3_0_ 
    from
        owners owner0_ 
    where
        owner0_.id=?
14:14:43,848 DEBUG SQL:104 - 
    select
        document0_.id as id0_,
        document0_.name as name0_ 
    from
        documents document0_
14:14:43,859 DEBUG SQL:104 - 
    select
        document_.summary as summary0_,
        document_.folder as folder0_,
        document_.owner as owner0_,
        document_.text as text0_,
        document_.lastTextModification as lastText7_0_,
        document_.size_mb * 1024.0 as size8_0_,
        upper(document_.name) as formula81_ 
    from
        documents document_ 
    where
        document_.id=?
14:14:43,860 DEBUG SQL:104 - 
    select
        owner0_.id as id3_0_,
        owner0_.name as name3_0_ 
    from
        owners owner0_ 
    where
        owner0_.id=?
14:14:43,860 DEBUG SQL:104 - 
    select
        document0_.id as id0_,
        document0_.name as name0_ 
    from
        documents document0_
14:14:43,861 DEBUG SQL:104 - 
    update
        documents 
    set
        name=? 
    where
        id=?
14:14:43,877 DEBUG SQL:104 - 
    select
        document_.summary as summary0_,
        document_.folder as folder0_,
        document_.owner as owner0_,
        document_.text as text0_,
        document_.lastTextModification as lastText7_0_,
        document_.size_mb * 1024.0 as size8_0_,
        upper(document_.name) as formula81_ 
    from
        documents document_ 
    where
        document_.id=?
14:14:43,877 DEBUG SQL:104 - 
    select
        owner0_.id as id3_0_,
        owner0_.name as name3_0_ 
    from
        owners owner0_ 
    where
        owner0_.id=?
14:14:43,878 DEBUG SQL:104 - 
    update
        documents 
    set
        name=?,
        summary=?,
        folder=?,
        owner=?,
        text=?,
        lastTextModification=?,
        size_mb=? / cast( 1024.0 as float ) 
    where
        id=?
14:14:43,881 DEBUG SQL:104 - 
    select
        document0_.id as id0_,
        document0_.name as name0_ 
    from
        documents document0_
14:14:43,881 DEBUG SQL:104 - 
    select
        document_.summary as summary0_,
        document_.folder as folder0_,
        document_.owner as owner0_,
        document_.text as text0_,
        document_.lastTextModification as lastText7_0_,
        document_.size_mb * 1024.0 as size8_0_,
        upper(document_.name) as formula81_ 
    from
        documents document_ 
    where
        document_.id=?
14:14:43,881 DEBUG SQL:104 - 
    select
        owner0_.id as id3_0_,
        owner0_.name as name3_0_ 
    from
        owners owner0_ 
    where
        owner0_.id=?
14:14:43,892 DEBUG SQL:104 - 
    select
        document0_.id as id0_0_,
        document0_.name as name0_0_ 
    from
        documents document0_ 
    where
        document0_.id=?
14:14:43,893 DEBUG SQL:104 - 
    select
        document0_.id as id0_,
        document0_.name as name0_ 
    from
        documents document0_
14:14:43,893 DEBUG SQL:104 - 
    select
        document_.summary as summary0_,
        document_.folder as folder0_,
        document_.owner as owner0_,
        document_.text as text0_,
        document_.lastTextModification as lastText7_0_,
        document_.size_mb * 1024.0 as size8_0_,
        upper(document_.name) as formula81_ 
    from
        documents document_ 
    where
        document_.id=?
14:14:43,904 DEBUG SQL:104 - 
    select
        owner0_.id as id3_0_,
        owner0_.name as name3_0_ 
    from
        owners owner0_ 
    where
        owner0_.id=?
14:14:43,904 DEBUG SQL:104 - 
    select
        folder0_.id as id2_0_,
        folder0_.name as name2_0_,
        folder0_.parent as parent2_0_ 
    from
        folders folder0_ 
    where
        folder0_.id=?
14:14:43,905 DEBUG SQL:104 - 
    select
        documents0_.folder as folder2_1_,
        documents0_.id as id0_1_,
        documents0_.id as id0_0_,
        documents0_.name as name0_0_ 
    from
        documents documents0_ 
    where
        documents0_.folder=?
14:14:43,905 DEBUG SQL:104 - 
    delete 
    from
        documents 
    where
        id=?
14:14:43,926 DEBUG SQL:104 - 
    delete 
    from
        folders 
    where
        id=?
14:14:43,927 DEBUG SQL:104 - 
    delete 
    from
        owners 
    where
        id=?
14:14:43,928 DEBUG SQL:104 - 
    insert 
    into
        owners
        (name, id) 
    values
        (?, ?)
14:14:43,928 DEBUG SQL:104 - 
    insert 
    into
        folders
        (name, parent, id) 
    values
        (?, ?, ?)
14:14:43,928 DEBUG SQL:104 - 
    insert 
    into
        documents
        (name, summary, folder, owner, text, lastTextModification, size_mb, id) 
    values
        (?, ?, ?, ?, ?, ?, ? / cast( 1024.0 as float ), ?)
14:14:43,929 DEBUG SQL:104 - 
    select
        document0_.id as id0_0_,
        document0_.name as name0_0_ 
    from
        documents document0_ 
    where
        document0_.id=?
14:14:43,929 DEBUG SQL:104 - 
    select
        document_.summary as summary0_,
        document_.folder as folder0_,
        document_.owner as owner0_,
        document_.text as text0_,
        document_.lastTextModification as lastText7_0_,
        document_.size_mb * 1024.0 as size8_0_,
        upper(document_.name) as formula81_ 
    from
        documents document_ 
    where
        document_.id=?
14:14:43,930 DEBUG SQL:104 - 
    select
        owner0_.id as id3_0_,
        owner0_.name as name3_0_ 
    from
        owners owner0_ 
    where
        owner0_.id=?
14:14:43,930 DEBUG SQL:104 - 
    select
        document0_.id as id0_,
        document0_.name as name0_ 
    from
        documents document0_
14:14:43,931 DEBUG SQL:104 - 
    select
        document_.summary as summary0_,
        document_.folder as folder0_,
        document_.owner as owner0_,
        document_.text as text0_,
        document_.lastTextModification as lastText7_0_,
        document_.size_mb * 1024.0 as size8_0_,
        upper(document_.name) as formula81_ 
    from
        documents document_ 
    where
        document_.id=?
14:14:43,931 DEBUG SQL:104 - 
    select
        owner0_.id as id3_0_,
        owner0_.name as name3_0_ 
    from
        owners owner0_ 
    where
        owner0_.id=?
14:14:43,931 DEBUG SQL:104 - 
    select
        document0_.id as id0_,
        document0_.name as name0_ 
    from
        documents document0_
14:14:43,932 DEBUG SQL:104 - 
    select
        document_.summary as summary0_,
        document_.folder as folder0_,
        document_.owner as owner0_,
        document_.text as text0_,
        document_.lastTextModification as lastText7_0_,
        document_.size_mb * 1024.0 as size8_0_,
        upper(document_.name) as formula81_ 
    from
        documents document_ 
    where
        document_.id=?
14:14:43,939 DEBUG SQL:104 - 
    select
        owner0_.id as id3_0_,
        owner0_.name as name3_0_ 
    from
        owners owner0_ 
    where
        owner0_.id=?
14:14:43,939 DEBUG SQL:104 - 
    select
        document0_.id as id0_,
        document0_.name as name0_ 
    from
        documents document0_
14:14:43,940 DEBUG SQL:104 - 
    update
        documents 
    set
        name=? 
    where
        id=?
14:14:43,940 DEBUG SQL:104 - 
    select
        document0_.id as id0_,
        document0_.name as name0_ 
    from
        documents document0_
14:14:43,950 DEBUG SQL:104 - 
    select
        document_.summary as summary0_,
        document_.folder as folder0_,
        document_.owner as owner0_,
        document_.text as text0_,
        document_.lastTextModification as lastText7_0_,
        document_.size_mb * 1024.0 as size8_0_,
        upper(document_.name) as formula81_ 
    from
        documents document_ 
    where
        document_.id=?
14:14:43,951 DEBUG SQL:104 - 
    select
        owner0_.id as id3_0_,
        owner0_.name as name3_0_ 
    from
        owners owner0_ 
    where
        owner0_.id=?
14:14:43,952 DEBUG SQL:104 - 
    select
        document0_.id as id0_,
        document0_.name as name0_ 
    from
        documents document0_
14:14:43,962 DEBUG SQL:104 - 
    select
        document_.summary as summary0_,
        document_.folder as folder0_,
        document_.owner as owner0_,
        document_.text as text0_,
        document_.lastTextModification as lastText7_0_,
        document_.size_mb * 1024.0 as size8_0_,
        upper(document_.name) as formula81_ 
    from
        documents document_ 
    where
        document_.id=?
14:14:43,962 DEBUG SQL:104 - 
    select
        owner0_.id as id3_0_,
        owner0_.name as name3_0_ 
    from
        owners owner0_ 
    where
        owner0_.id=?
14:14:43,972 DEBUG SQL:104 - 
    update
        documents 
    set
        name=?,
        summary=?,
        folder=?,
        owner=?,
        text=?,
        lastTextModification=?,
        size_mb=? / cast( 1024.0 as float ) 
    where
        id=?
14:14:43,973 DEBUG SQL:104 - 
    select
        document0_.id as id0_,
        document0_.name as name0_ 
    from
        documents document0_
14:14:43,973 DEBUG SQL:104 - 
    select
        document_.summary as summary0_,
        document_.folder as folder0_,
        document_.owner as owner0_,
        document_.text as text0_,
        document_.lastTextModification as lastText7_0_,
        document_.size_mb * 1024.0 as size8_0_,
        upper(document_.name) as formula81_ 
    from
        documents document_ 
    where
        document_.id=?
14:14:43,983 DEBUG SQL:104 - 
    select
        owner0_.id as id3_0_,
        owner0_.name as name3_0_ 
    from
        owners owner0_ 
    where
        owner0_.id=?
14:14:43,984 DEBUG SQL:104 - 
    select
        document0_.id as id0_,
        document0_.name as name0_ 
    from
        documents document0_
14:14:43,984 DEBUG SQL:104 - 
    select
        document_.summary as summary0_,
        document_.folder as folder0_,
        document_.owner as owner0_,
        document_.text as text0_,
        document_.lastTextModification as lastText7_0_,
        document_.size_mb * 1024.0 as size8_0_,
        upper(document_.name) as formula81_ 
    from
        documents document_ 
    where
        document_.id=?
14:14:43,993 DEBUG SQL:104 - 
    select
        owner0_.id as id3_0_,
        owner0_.name as name3_0_ 
    from
        owners owner0_ 
    where
        owner0_.id=?
14:14:43,994 DEBUG SQL:104 - 
    select
        document0_.id as id0_,
        document0_.name as name0_ 
    from
        documents document0_
14:14:43,994 DEBUG SQL:104 - 
    update
        documents 
    set
        name=? 
    where
        id=?
14:14:43,995 DEBUG SQL:104 - 
    select
        document_.summary as summary0_,
        document_.folder as folder0_,
        document_.owner as owner0_,
        document_.text as text0_,
        document_.lastTextModification as lastText7_0_,
        document_.size_mb * 1024.0 as size8_0_,
        upper(document_.name) as formula81_ 
    from
        documents document_ 
    where
        document_.id=?
14:14:44,004 DEBUG SQL:104 - 
    select
        owner0_.id as id3_0_,
        owner0_.name as name3_0_ 
    from
        owners owner0_ 
    where
        owner0_.id=?
14:14:44,005 DEBUG SQL:104 - 
    update
        documents 
    set
        name=?,
        summary=?,
        folder=?,
        owner=?,
        text=?,
        lastTextModification=?,
        size_mb=? / cast( 1024.0 as float ) 
    where
        id=?
14:14:44,005 DEBUG SQL:104 - 
    select
        document0_.id as id0_,
        document0_.name as name0_ 
    from
        documents document0_
14:14:44,014 DEBUG SQL:104 - 
    select
        document_.summary as summary0_,
        document_.folder as folder0_,
        document_.owner as owner0_,
        document_.text as text0_,
        document_.lastTextModification as lastText7_0_,
        document_.size_mb * 1024.0 as size8_0_,
        upper(document_.name) as formula81_ 
    from
        documents document_ 
    where
        document_.id=?
14:14:44,014 DEBUG SQL:104 - 
    select
        owner0_.id as id3_0_,
        owner0_.name as name3_0_ 
    from
        owners owner0_ 
    where
        owner0_.id=?
14:14:44,015 DEBUG SQL:104 - 
    select
        document0_.id as id0_0_,
        document0_.name as name0_0_ 
    from
        documents document0_ 
    where
        document0_.id=?
14:14:44,025 DEBUG SQL:104 - 
    select
        document0_.id as id0_,
        document0_.name as name0_ 
    from
        documents document0_
14:14:44,026 DEBUG SQL:104 - 
    select
        document_.summary as summary0_,
        document_.folder as folder0_,
        document_.owner as owner0_,
        document_.text as text0_,
        document_.lastTextModification as lastText7_0_,
        document_.size_mb * 1024.0 as size8_0_,
        upper(document_.name) as formula81_ 
    from
        documents document_ 
    where
        document_.id=?
14:14:44,026 DEBUG SQL:104 - 
    select
        owner0_.id as id3_0_,
        owner0_.name as name3_0_ 
    from
        owners owner0_ 
    where
        owner0_.id=?
14:14:44,036 DEBUG SQL:104 - 
    select
        folder0_.id as id2_0_,
        folder0_.name as name2_0_,
        folder0_.parent as parent2_0_ 
    from
        folders folder0_ 
    where
        folder0_.id=?
14:14:44,036 DEBUG SQL:104 - 
    select
        documents0_.folder as folder2_1_,
        documents0_.id as id0_1_,
        documents0_.id as id0_0_,
        documents0_.name as name0_0_ 
    from
        documents documents0_ 
    where
        documents0_.folder=?
14:14:44,037 DEBUG SQL:104 - 
    delete 
    from
        documents 
    where
        id=?
14:14:44,037 DEBUG SQL:104 - 
    delete 
    from
        folders 
    where
        id=?
14:14:44,047 DEBUG SQL:104 - 
    delete 
    from
        owners 
    where
        id=?
14:14:44,048 DEBUG SQL:104 - 
    insert 
    into
        owners
        (name, id) 
    values
        (?, ?)
14:14:44,048 DEBUG SQL:104 - 
    insert 
    into
        folders
        (name, parent, id) 
    values
        (?, ?, ?)
14:14:44,049 DEBUG SQL:104 - 
    insert 
    into
        documents
        (name, summary, folder, owner, text, lastTextModification, size_mb, id) 
    values
        (?, ?, ?, ?, ?, ?, ? / cast( 1024.0 as float ), ?)
14:14:44,049 DEBUG SQL:104 - 
    select
        document0_.id as id0_0_,
        document0_.name as name0_0_ 
    from
        documents document0_ 
    where
        document0_.id=?
14:14:44,049 DEBUG SQL:104 - 
    select
        document_.summary as summary0_,
        document_.folder as folder0_,
        document_.owner as owner0_,
        document_.text as text0_,
        document_.lastTextModification as lastText7_0_,
        document_.size_mb * 1024.0 as size8_0_,
        upper(document_.name) as formula81_ 
    from
        documents document_ 
    where
        document_.id=?
14:14:44,050 DEBUG SQL:104 - 
    select
        owner0_.id as id3_0_,
        owner0_.name as name3_0_ 
    from
        owners owner0_ 
    where
        owner0_.id=?
14:14:44,050 DEBUG SQL:104 - 
    select
        document0_.id as id0_,
        document0_.name as name0_ 
    from
        documents document0_
14:14:44,061 DEBUG SQL:104 - 
    select
        document_.summary as summary0_,
        document_.folder as folder0_,
        document_.owner as owner0_,
        document_.text as text0_,
        document_.lastTextModification as lastText7_0_,
        document_.size_mb * 1024.0 as size8_0_,
        upper(document_.name) as formula81_ 
    from
        documents document_ 
    where
        document_.id=?
14:14:44,061 DEBUG SQL:104 - 
    select
        owner0_.id as id3_0_,
        owner0_.name as name3_0_ 
    from
        owners owner0_ 
    where
        owner0_.id=?
14:14:44,062 DEBUG SQL:104 - 
    select
        document0_.id as id0_,
        document0_.name as name0_ 
    from
        documents document0_
14:14:44,062 DEBUG SQL:104 - 
    select
        document_.summary as summary0_,
        document_.folder as folder0_,
        document_.owner as owner0_,
        document_.text as text0_,
        document_.lastTextModification as lastText7_0_,
        document_.size_mb * 1024.0 as size8_0_,
        upper(document_.name) as formula81_ 
    from
        documents document_ 
    where
        document_.id=?
14:14:44,073 DEBUG SQL:104 - 
    select
        owner0_.id as id3_0_,
        owner0_.name as name3_0_ 
    from
        owners owner0_ 
    where
        owner0_.id=?
14:14:44,074 DEBUG SQL:104 - 
    select
        document0_.id as id0_,
        document0_.name as name0_ 
    from
        documents document0_
14:14:44,074 DEBUG SQL:104 - 
    update
        documents 
    set
        name=? 
    where
        id=?
14:14:44,084 DEBUG SQL:104 - 
    select
        document0_.id as id0_,
        document0_.name as name0_ 
    from
        documents document0_
14:14:44,085 DEBUG SQL:104 - 
    select
        document_.summary as summary0_,
        document_.folder as folder0_,
        document_.owner as owner0_,
        document_.text as text0_,
        document_.lastTextModification as lastText7_0_,
        document_.size_mb * 1024.0 as size8_0_,
        upper(document_.name) as formula81_ 
    from
        documents document_ 
    where
        document_.id=?
14:14:44,095 DEBUG SQL:104 - 
    select
        owner0_.id as id3_0_,
        owner0_.name as name3_0_ 
    from
        owners owner0_ 
    where
        owner0_.id=?
14:14:44,096 DEBUG SQL:104 - 
    select
        document0_.id as id0_,
        document0_.name as name0_ 
    from
        documents document0_
14:14:44,096 DEBUG SQL:104 - 
    select
        document_.summary as summary0_,
        document_.folder as folder0_,
        document_.owner as owner0_,
        document_.text as text0_,
        document_.lastTextModification as lastText7_0_,
        document_.size_mb * 1024.0 as size8_0_,
        upper(document_.name) as formula81_ 
    from
        documents document_ 
    where
        document_.id=?
14:14:44,105 DEBUG SQL:104 - 
    select
        owner0_.id as id3_0_,
        owner0_.name as name3_0_ 
    from
        owners owner0_ 
    where
        owner0_.id=?
14:14:44,106 DEBUG SQL:104 - 
    update
        documents 
    set
        name=?,
        summary=?,
        folder=?,
        owner=?,
        text=?,
        lastTextModification=?,
        size_mb=? / cast( 1024.0 as float ) 
    where
        id=?
14:14:44,106 DEBUG SQL:104 - 
    select
        document0_.id as id0_,
        document0_.name as name0_ 
    from
        documents document0_
14:14:44,107 DEBUG SQL:104 - 
    select
        document_.summary as summary0_,
        document_.folder as folder0_,
        document_.owner as owner0_,
        document_.text as text0_,
        document_.lastTextModification as lastText7_0_,
        document_.size_mb * 1024.0 as size8_0_,
        upper(document_.name) as formula81_ 
    from
        documents document_ 
    where
        document_.id=?
14:14:44,116 DEBUG SQL:104 - 
    select
        owner0_.id as id3_0_,
        owner0_.name as name3_0_ 
    from
        owners owner0_ 
    where
        owner0_.id=?
14:14:44,117 DEBUG SQL:104 - 
    select
        document0_.id as id0_,
        document0_.name as name0_ 
    from
        documents document0_
14:14:44,118 DEBUG SQL:104 - 
    select
        document_.summary as summary0_,
        document_.folder as folder0_,
        document_.owner as owner0_,
        document_.text as text0_,
        document_.lastTextModification as lastText7_0_,
        document_.size_mb * 1024.0 as size8_0_,
        upper(document_.name) as formula81_ 
    from
        documents document_ 
    where
        document_.id=?
14:14:44,127 DEBUG SQL:104 - 
    select
        owner0_.id as id3_0_,
        owner0_.name as name3_0_ 
    from
        owners owner0_ 
    where
        owner0_.id=?
14:14:44,128 DEBUG SQL:104 - 
    select
        document0_.id as id0_,
        document0_.name as name0_ 
    from
        documents document0_
14:14:44,129 DEBUG SQL:104 - 
    update
        documents 
    set
        name=? 
    where
        id=?
14:14:44,137 DEBUG SQL:104 - 
    select
        document_.summary as summary0_,
        document_.folder as folder0_,
        document_.owner as owner0_,
        document_.text as text0_,
        document_.lastTextModification as lastText7_0_,
        document_.size_mb * 1024.0 as size8_0_,
        upper(document_.name) as formula81_ 
    from
        documents document_ 
    where
        document_.id=?
14:14:44,138 DEBUG SQL:104 - 
    select
        owner0_.id as id3_0_,
        owner0_.name as name3_0_ 
    from
        owners owner0_ 
    where
        owner0_.id=?
14:14:44,138 DEBUG SQL:104 - 
    update
        documents 
    set
        name=?,
        summary=?,
        folder=?,
        owner=?,
        text=?,
        lastTextModification=?,
        size_mb=? / cast( 1024.0 as float ) 
    where
        id=?
14:14:44,148 DEBUG SQL:104 - 
    select
        document0_.id as id0_,
        document0_.name as name0_ 
    from
        documents document0_
14:14:44,149 DEBUG SQL:104 - 
    select
        document_.summary as summary0_,
        document_.folder as folder0_,
        document_.owner as owner0_,
        document_.text as text0_,
        document_.lastTextModification as lastText7_0_,
        document_.size_mb * 1024.0 as size8_0_,
        upper(document_.name) as formula81_ 
    from
        documents document_ 
    where
        document_.id=?
14:14:44,149 DEBUG SQL:104 - 
    select
        owner0_.id as id3_0_,
        owner0_.name as name3_0_ 
    from
        owners owner0_ 
    where
        owner0_.id=?
14:14:44,159 DEBUG SQL:104 - 
    select
        document0_.id as id0_0_,
        document0_.name as name0_0_ 
    from
        documents document0_ 
    where
        document0_.id=?
14:14:44,159 DEBUG SQL:104 - 
    select
        document0_.id as id0_,
        document0_.name as name0_ 
    from
        documents document0_
14:14:44,160 DEBUG SQL:104 - 
    select
        document_.summary as summary0_,
        document_.folder as folder0_,
        document_.owner as owner0_,
        document_.text as text0_,
        document_.lastTextModification as lastText7_0_,
        document_.size_mb * 1024.0 as size8_0_,
        upper(document_.name) as formula81_ 
    from
        documents document_ 
    where
        document_.id=?
14:14:44,160 DEBUG SQL:104 - 
    select
        owner0_.id as id3_0_,
        owner0_.name as name3_0_ 
    from
        owners owner0_ 
    where
        owner0_.id=?
14:14:44,170 DEBUG SQL:104 - 
    select
        folder0_.id as id2_0_,
        folder0_.name as name2_0_,
        folder0_.parent as parent2_0_ 
    from
        folders folder0_ 
    where
        folder0_.id=?
14:14:44,170 DEBUG SQL:104 - 
    select
        documents0_.folder as folder2_1_,
        documents0_.id as id0_1_,
        documents0_.id as id0_0_,
        documents0_.name as name0_0_ 
    from
        documents documents0_ 
    where
        documents0_.folder=?
14:14:44,171 DEBUG SQL:104 - 
    delete 
    from
        documents 
    where
        id=?
14:14:44,171 DEBUG SQL:104 - 
    delete 
    from
        folders 
    where
        id=?
14:14:44,181 DEBUG SQL:104 - 
    delete 
    from
        owners 
    where
        id=?
14:14:44,182 DEBUG SQL:104 - 
    insert 
    into
        owners
        (name, id) 
    values
        (?, ?)
14:14:44,182 DEBUG SQL:104 - 
    insert 
    into
        folders
        (name, parent, id) 
    values
        (?, ?, ?)
14:14:44,183 DEBUG SQL:104 - 
    insert 
    into
        documents
        (name, summary, folder, owner, text, lastTextModification, size_mb, id) 
    values
        (?, ?, ?, ?, ?, ?, ? / cast( 1024.0 as float ), ?)
14:14:44,183 DEBUG SQL:104 - 
    select
        document0_.id as id0_0_,
        document0_.name as name0_0_ 
    from
        documents document0_ 
    where
        document0_.id=?
14:14:44,184 DEBUG SQL:104 - 
    select
        document_.summary as summary0_,
        document_.folder as folder0_,
        document_.owner as owner0_,
        document_.text as text0_,
        document_.lastTextModification as lastText7_0_,
        document_.size_mb * 1024.0 as size8_0_,
        upper(document_.name) as formula81_ 
    from
        documents document_ 
    where
        document_.id=?
14:14:44,184 DEBUG SQL:104 - 
    select
        owner0_.id as id3_0_,
        owner0_.name as name3_0_ 
    from
        owners owner0_ 
    where
        owner0_.id=?
14:14:44,194 DEBUG SQL:104 - 
    select
        document0_.id as id0_,
        document0_.name as name0_ 
    from
        documents document0_
14:14:44,195 DEBUG SQL:104 - 
    select
        document_.summary as summary0_,
        document_.folder as folder0_,
        document_.owner as owner0_,
        document_.text as text0_,
        document_.lastTextModification as lastText7_0_,
        document_.size_mb * 1024.0 as size8_0_,
        upper(document_.name) as formula81_ 
    from
        documents document_ 
    where
        document_.id=?
14:14:44,195 DEBUG SQL:104 - 
    select
        owner0_.id as id3_0_,
        owner0_.name as name3_0_ 
    from
        owners owner0_ 
    where
        owner0_.id=?
14:14:44,196 DEBUG SQL:104 - 
    select
        document0_.id as id0_,
        document0_.name as name0_ 
    from
        documents document0_
14:14:44,207 DEBUG SQL:104 - 
    select
        document_.summary as summary0_,
        document_.folder as folder0_,
        document_.owner as owner0_,
        document_.text as text0_,
        document_.lastTextModification as lastText7_0_,
        document_.size_mb * 1024.0 as size8_0_,
        upper(document_.name) as formula81_ 
    from
        documents document_ 
    where
        document_.id=?
14:14:44,208 DEBUG SQL:104 - 
    select
        owner0_.id as id3_0_,
        owner0_.name as name3_0_ 
    from
        owners owner0_ 
    where
        owner0_.id=?
14:14:44,209 DEBUG SQL:104 - 
    select
        document0_.id as id0_,
        document0_.name as name0_ 
    from
        documents document0_
14:14:44,209 DEBUG SQL:104 - 
    update
        documents 
    set
        name=? 
    where
        id=?
14:14:44,218 DEBUG SQL:104 - 
    select
        document0_.id as id0_,
        document0_.name as name0_ 
    from
        documents document0_
14:14:44,218 DEBUG SQL:104 - 
    select
        document_.summary as summary0_,
        document_.folder as folder0_,
        document_.owner as owner0_,
        document_.text as text0_,
        document_.lastTextModification as lastText7_0_,
        document_.size_mb * 1024.0 as size8_0_,
        upper(document_.name) as formula81_ 
    from
        documents document_ 
    where
        document_.id=?
14:14:44,228 DEBUG SQL:104 - 
    select
        owner0_.id as id3_0_,
        owner0_.name as name3_0_ 
    from
        owners owner0_ 
    where
        owner0_.id=?
14:14:44,229 DEBUG SQL:104 - 
    select
        document0_.id as id0_,
        document0_.name as name0_ 
    from
        documents document0_
14:14:44,230 DEBUG SQL:104 - 
    select
        document_.summary as summary0_,
        document_.folder as folder0_,
        document_.owner as owner0_,
        document_.text as text0_,
        document_.lastTextModification as lastText7_0_,
        document_.size_mb * 1024.0 as size8_0_,
        upper(document_.name) as formula81_ 
    from
        documents document_ 
    where
        document_.id=?
14:14:44,238 DEBUG SQL:104 - 
    select
        owner0_.id as id3_0_,
        owner0_.name as name3_0_ 
    from
        owners owner0_ 
    where
        owner0_.id=?
14:14:44,238 DEBUG SQL:104 - 
    update
        documents 
    set
        name=?,
        summary=?,
        folder=?,
        owner=?,
        text=?,
        lastTextModification=?,
        size_mb=? / cast( 1024.0 as float ) 
    where
        id=?
14:14:44,239 DEBUG SQL:104 - 
    select
        document0_.id as id0_,
        document0_.name as name0_ 
    from
        documents document0_
14:14:44,247 DEBUG SQL:104 - 
    select
        document_.summary as summary0_,
        document_.folder as folder0_,
        document_.owner as owner0_,
        document_.text as text0_,
        document_.lastTextModification as lastText7_0_,
        document_.size_mb * 1024.0 as size8_0_,
        upper(document_.name) as formula81_ 
    from
        documents document_ 
    where
        document_.id=?
14:14:44,248 DEBUG SQL:104 - 
    select
        owner0_.id as id3_0_,
        owner0_.name as name3_0_ 
    from
        owners owner0_ 
    where
        owner0_.id=?
14:14:44,248 DEBUG SQL:104 - 
    select
        document0_.id as id0_,
        document0_.name as name0_ 
    from
        documents document0_
14:14:44,256 DEBUG SQL:104 - 
    select
        document_.summary as summary0_,
        document_.folder as folder0_,
        document_.owner as owner0_,
        document_.text as text0_,
        document_.lastTextModification as lastText7_0_,
        document_.size_mb * 1024.0 as size8_0_,
        upper(document_.name) as formula81_ 
    from
        documents document_ 
    where
        document_.id=?
14:14:44,257 DEBUG SQL:104 - 
    select
        owner0_.id as id3_0_,
        owner0_.name as name3_0_ 
    from
        owners owner0_ 
    where
        owner0_.id=?
14:14:44,257 DEBUG SQL:104 - 
    select
        document0_.id as id0_,
        document0_.name as name0_ 
    from
        documents document0_
14:14:44,258 DEBUG SQL:104 - 
    update
        documents 
    set
        name=? 
    where
        id=?
14:14:44,266 DEBUG SQL:104 - 
    select
        document_.summary as summary0_,
        document_.folder as folder0_,
        document_.owner as owner0_,
        document_.text as text0_,
        document_.lastTextModification as lastText7_0_,
        document_.size_mb * 1024.0 as size8_0_,
        upper(document_.name) as formula81_ 
    from
        documents document_ 
    where
        document_.id=?
14:14:44,266 DEBUG SQL:104 - 
    select
        owner0_.id as id3_0_,
        owner0_.name as name3_0_ 
    from
        owners owner0_ 
    where
        owner0_.id=?
14:14:44,267 DEBUG SQL:104 - 
    update
        documents 
    set
        name=?,
        summary=?,
        folder=?,
        owner=?,
        text=?,
        lastTextModification=?,
        size_mb=? / cast( 1024.0 as float ) 
    where
        id=?
14:14:44,277 DEBUG SQL:104 - 
    select
        document0_.id as id0_,
        document0_.name as name0_ 
    from
        documents document0_
14:14:44,277 DEBUG SQL:104 - 
    select
        document_.summary as summary0_,
        document_.folder as folder0_,
        document_.owner as owner0_,
        document_.text as text0_,
        document_.lastTextModification as lastText7_0_,
        document_.size_mb * 1024.0 as size8_0_,
        upper(document_.name) as formula81_ 
    from
        documents document_ 
    where
        document_.id=?
14:14:44,277 DEBUG SQL:104 - 
    select
        owner0_.id as id3_0_,
        owner0_.name as name3_0_ 
    from
        owners owner0_ 
    where
        owner0_.id=?
14:14:44,286 DEBUG SQL:104 - 
    select
        document0_.id as id0_0_,
        document0_.name as name0_0_ 
    from
        documents document0_ 
    where
        document0_.id=?
14:14:44,287 DEBUG SQL:104 - 
    select
        document0_.id as id0_,
        document0_.name as name0_ 
    from
        documents document0_
14:14:44,287 DEBUG SQL:104 - 
    select
        document_.summary as summary0_,
        document_.folder as folder0_,
        document_.owner as owner0_,
        document_.text as text0_,
        document_.lastTextModification as lastText7_0_,
        document_.size_mb * 1024.0 as size8_0_,
        upper(document_.name) as formula81_ 
    from
        documents document_ 
    where
        document_.id=?
14:14:44,296 DEBUG SQL:104 - 
    select
        owner0_.id as id3_0_,
        owner0_.name as name3_0_ 
    from
        owners owner0_ 
    where
        owner0_.id=?
14:14:44,297 DEBUG SQL:104 - 
    select
        folder0_.id as id2_0_,
        folder0_.name as name2_0_,
        folder0_.parent as parent2_0_ 
    from
        folders folder0_ 
    where
        folder0_.id=?
14:14:44,297 DEBUG SQL:104 - 
    select
        documents0_.folder as folder2_1_,
        documents0_.id as id0_1_,
        documents0_.id as id0_0_,
        documents0_.name as name0_0_ 
    from
        documents documents0_ 
    where
        documents0_.folder=?
14:14:44,298 DEBUG SQL:104 - 
    delete 
    from
        documents 
    where
        id=?
14:14:44,307 DEBUG SQL:104 - 
    delete 
    from
        folders 
    where
        id=?
14:14:44,307 DEBUG SQL:104 - 
    delete 
    from
        owners 
    where
        id=?
14:14:44,308  INFO SchemaExport:343 - HHH000227: Running hbm2ddl schema export
14:14:44,308 DEBUG SchemaExport:353 - Import file not found: /import.sql
14:14:44,308 DEBUG SQL:104 - 
    alter table documents 
        drop constraint FK383D52B8ABB15FD5
14:14:44,308 DEBUG SQL:104 - 
    alter table documents 
        drop constraint FK383D52B859237B4D
14:14:44,308 DEBUG SQL:104 - 
    alter table entity 
        drop constraint FKB29DE3E3E31BB44E
14:14:44,309 DEBUG SQL:104 - 
    alter table entity 
        drop constraint FKB29DE3E39FFC34FA
14:14:44,309 DEBUG SQL:104 - 
    alter table folders 
        drop constraint FKD74671C5BBFF4C11
14:14:44,309 DEBUG SQL:104 - 
    drop table documents if exists
14:14:44,309 DEBUG SQL:104 - 
    drop table entity if exists
14:14:44,309 DEBUG SQL:104 - 
    drop table folders if exists
14:14:44,309 DEBUG SQL:104 - 
    drop table owners if exists
14:14:44,309  INFO SchemaExport:405 - HHH000230: Schema export complete
14:14:44,310  INFO DriverManagerConnectionProviderImpl:162 - HHH000030: Cleaning up connection pool [jdbc:h2:mem:db1;DB_CLOSE_DELAY=-1;MVCC=TRUE]
14:14:44,310  INFO CustomRunner:139 - Test: testLazyManyToOne
14:14:44,357  INFO Configuration:725 - HHH000221: Reading mappings from resource: org/hibernate/test/instrument/domain/Documents.hbm.xml
14:14:44,378  INFO DriverManagerConnectionProviderImpl:99 - HHH000402: Using Hibernate built-in connection pool (not for production use!)
14:14:44,378  INFO DriverManagerConnectionProviderImpl:135 - HHH000115: Hibernate connection pool size: 5
14:14:44,378  INFO DriverManagerConnectionProviderImpl:138 - HHH000006: Autocommit mode: false
14:14:44,378  INFO DriverManagerConnectionProviderImpl:153 - HHH000401: using driver [org.h2.Driver] at URL [jdbc:h2:mem:db1;DB_CLOSE_DELAY=-1;MVCC=TRUE]
14:14:44,378  INFO DriverManagerConnectionProviderImpl:158 - HHH000046: Connection properties: {user=sa}
14:14:44,379  INFO Dialect:103 - HHH000400: Using dialect: org.hibernate.dialect.H2Dialect
14:14:44,380  INFO LobCreatorBuilder:94 - HHH000423: Disabling contextual LOB creation as JDBC driver reported JDBC version [3] less than 4
14:14:44,381  INFO TransactionFactoryInitiator:66 - HHH000399: Using default transaction strategy (direct JDBC transactions)
14:14:44,381  INFO ASTQueryTranslatorFactory:48 - HHH000397: Using ASTQueryTranslatorFactory
14:14:44,381  WARN CachingRegionFactory:58 - CachingRegionFactory should be only used for testing.
14:14:44,389  INFO EntityMetamodel:277 - HHH000157: Lazy property fetching available for: org.hibernate.test.instrument.domain.Entity
14:14:44,397  INFO EntityMetamodel:277 - HHH000157: Lazy property fetching available for: org.hibernate.test.instrument.domain.Document
14:14:44,404  INFO SchemaExport:343 - HHH000227: Running hbm2ddl schema export
14:14:44,404 DEBUG SchemaExport:353 - Import file not found: /import.sql
14:14:44,404 DEBUG SQL:104 - 
    alter table documents 
        drop constraint FK383D52B8ABB15FD5
14:14:44,405 ERROR SchemaExport:425 - HHH000389: Unsuccessful: alter table documents drop constraint FK383D52B8ABB15FD5
14:14:44,405 ERROR SchemaExport:426 - Table "DOCUMENTS" not found; SQL statement:

    alter table documents 
        drop constraint FK383D52B8ABB15FD5 [42102-145]
14:14:44,405 DEBUG SQL:104 - 
    alter table documents 
        drop constraint FK383D52B859237B4D
14:14:44,405 ERROR SchemaExport:425 - HHH000389: Unsuccessful: alter table documents drop constraint FK383D52B859237B4D
14:14:44,405 ERROR SchemaExport:426 - Table "DOCUMENTS" not found; SQL statement:

    alter table documents 
        drop constraint FK383D52B859237B4D [42102-145]
14:14:44,405 DEBUG SQL:104 - 
    alter table entity 
        drop constraint FKB29DE3E3E31BB44E
14:14:44,405 ERROR SchemaExport:425 - HHH000389: Unsuccessful: alter table entity drop constraint FKB29DE3E3E31BB44E
14:14:44,405 ERROR SchemaExport:426 - Table "ENTITY" not found; SQL statement:

    alter table entity 
        drop constraint FKB29DE3E3E31BB44E [42102-145]
14:14:44,406 DEBUG SQL:104 - 
    alter table entity 
        drop constraint FKB29DE3E39FFC34FA
14:14:44,406 ERROR SchemaExport:425 - HHH000389: Unsuccessful: alter table entity drop constraint FKB29DE3E39FFC34FA
14:14:44,406 ERROR SchemaExport:426 - Table "ENTITY" not found; SQL statement:

    alter table entity 
        drop constraint FKB29DE3E39FFC34FA [42102-145]
14:14:44,406 DEBUG SQL:104 - 
    alter table folders 
        drop constraint FKD74671C5BBFF4C11
14:14:44,406 ERROR SchemaExport:425 - HHH000389: Unsuccessful: alter table folders drop constraint FKD74671C5BBFF4C11
14:14:44,406 ERROR SchemaExport:426 - Table "FOLDERS" not found; SQL statement:

    alter table folders 
        drop constraint FKD74671C5BBFF4C11 [42102-145]
14:14:44,406 DEBUG SQL:104 - 
    drop table documents if exists
14:14:44,406 DEBUG SQL:104 - 
    drop table entity if exists
14:14:44,407 DEBUG SQL:104 - 
    drop table folders if exists
14:14:44,407 DEBUG SQL:104 - 
    drop table owners if exists
14:14:44,407 DEBUG SQL:104 - 
    create table documents (
        id bigint not null,
        name varchar(50) not null,
        summary varchar(200) not null,
        folder bigint not null,
        owner bigint not null,
        text varchar(2000) not null,
        lastTextModification timestamp not null,
        size_mb double,
        primary key (id)
    )
14:14:44,407 DEBUG SQL:104 - 
    create table entity (
        ID bigint not null,
        NAME varchar(255),
        PRNT_ID bigint,
        RIGHT_ID bigint,
        primary key (ID)
    )
14:14:44,407 DEBUG SQL:104 - 
    create table folders (
        id bigint not null,
        name varchar(50) not null,
        parent bigint,
        primary key (id)
    )
14:14:44,408 DEBUG SQL:104 - 
    create table owners (
        id bigint not null,
        name varchar(50) not null,
        primary key (id)
    )
14:14:44,408 DEBUG SQL:104 - 
    alter table documents 
        add constraint FK383D52B8ABB15FD5 
        foreign key (folder) 
        references folders
14:14:44,408 DEBUG SQL:104 - 
    alter table documents 
        add constraint FK383D52B859237B4D 
        foreign key (owner) 
        references owners
14:14:44,410 DEBUG SQL:104 - 
    alter table entity 
        add constraint FKB29DE3E3E31BB44E 
        foreign key (PRNT_ID) 
        references entity
14:14:44,410 DEBUG SQL:104 - 
    alter table entity 
        add constraint FKB29DE3E39FFC34FA 
        foreign key (RIGHT_ID) 
        references entity
14:14:44,410 DEBUG SQL:104 - 
    alter table folders 
        add constraint FKD74671C5BBFF4C11 
        foreign key (parent) 
        references folders
14:14:44,411  INFO SchemaExport:405 - HHH000230: Schema export complete
14:14:44,411  WARN SessionFactoryImpl:1554 - HHH000008: JTASessionContext being used with JDBCTransactionFactory; auto-flush will not operate correctly with getCurrentSession()
14:14:44,412 DEBUG SQL:104 - 
    select
        max(id) 
    from
        owners
14:14:44,413 DEBUG SQL:104 - 
    select
        max(id) 
    from
        folders
14:14:44,414 DEBUG SQL:104 - 
    select
        max(id) 
    from
        documents
14:14:44,415 DEBUG SQL:104 - 
    insert 
    into
        owners
        (name, id) 
    values
        (?, ?)
14:14:44,415 DEBUG SQL:104 - 
    insert 
    into
        folders
        (name, parent, id) 
    values
        (?, ?, ?)
14:14:44,416 DEBUG SQL:104 - 
    insert 
    into
        documents
        (name, summary, folder, owner, text, lastTextModification, size_mb, id) 
    values
        (?, ?, ?, ?, ?, ?, ? / cast( 1024.0 as float ), ?)
14:14:44,417 DEBUG SQL:104 - 
    select
        this_.id as id0_0_,
        this_.name as name0_0_ 
    from
        documents this_
14:14:44,418 DEBUG SQL:104 - 
    select
        document_.summary as summary0_,
        document_.folder as folder0_,
        document_.owner as owner0_,
        document_.text as text0_,
        document_.lastTextModification as lastText7_0_,
        document_.size_mb * 1024.0 as size8_0_,
        upper(document_.name) as formula82_ 
    from
        documents document_ 
    where
        document_.id=?
14:14:44,420 DEBUG SQL:104 - 
    select
        owner0_.id as id3_0_,
        owner0_.name as name3_0_ 
    from
        owners owner0_ 
    where
        owner0_.id=?
14:14:44,421 DEBUG SQL:104 - 
    select
        folder0_.id as id2_0_,
        folder0_.name as name2_0_,
        folder0_.parent as parent2_0_ 
    from
        folders folder0_ 
    where
        folder0_.id=?
14:14:44,423 DEBUG SQL:104 - 
    select
        this_.id as id0_0_,
        this_.name as name0_0_ 
    from
        documents this_
14:14:44,423 DEBUG SQL:104 - 
    select
        document_.summary as summary0_,
        document_.folder as folder0_,
        document_.owner as owner0_,
        document_.text as text0_,
        document_.lastTextModification as lastText7_0_,
        document_.size_mb * 1024.0 as size8_0_,
        upper(document_.name) as formula82_ 
    from
        documents document_ 
    where
        document_.id=?
14:14:44,424 DEBUG SQL:104 - 
    select
        owner0_.id as id3_0_,
        owner0_.name as name3_0_ 
    from
        owners owner0_ 
    where
        owner0_.id=?
14:14:44,424 DEBUG SQL:104 - 
    select
        folder0_.id as id2_0_,
        folder0_.name as name2_0_,
        folder0_.parent as parent2_0_ 
    from
        folders folder0_ 
    where
        folder0_.id=?
14:14:44,425 DEBUG SQL:104 - 
    select
        folder0_.id as id2_0_,
        folder0_.name as name2_0_,
        folder0_.parent as parent2_0_ 
    from
        folders folder0_ 
    where
        folder0_.id=?
14:14:44,425 DEBUG SQL:104 - 
    select
        this_.id as id0_0_,
        this_.name as name0_0_ 
    from
        documents this_
14:14:44,425 DEBUG SQL:104 - 
    select
        document_.summary as summary0_,
        document_.folder as folder0_,
        document_.owner as owner0_,
        document_.text as text0_,
        document_.lastTextModification as lastText7_0_,
        document_.size_mb * 1024.0 as size8_0_,
        upper(document_.name) as formula82_ 
    from
        documents document_ 
    where
        document_.id=?
14:14:44,426 DEBUG SQL:104 - 
    select
        owner0_.id as id3_0_,
        owner0_.name as name3_0_ 
    from
        owners owner0_ 
    where
        owner0_.id=?
14:14:44,426 DEBUG SQL:104 - 
    select
        this_.id as id0_0_,
        this_.name as name0_0_ 
    from
        documents this_
14:14:44,426 DEBUG SQL:104 - 
    select
        document_.summary as summary0_,
        document_.folder as folder0_,
        document_.owner as owner0_,
        document_.text as text0_,
        document_.lastTextModification as lastText7_0_,
        document_.size_mb * 1024.0 as size8_0_,
        upper(document_.name) as formula82_ 
    from
        documents document_ 
    where
        document_.id=?
14:14:44,427 DEBUG SQL:104 - 
    select
        owner0_.id as id3_0_,
        owner0_.name as name3_0_ 
    from
        owners owner0_ 
    where
        owner0_.id=?
14:14:44,427 DEBUG SQL:104 - 
    select
        folder0_.id as id2_0_,
        folder0_.name as name2_0_,
        folder0_.parent as parent2_0_ 
    from
        folders folder0_ 
    where
        folder0_.id=?
14:14:44,427 DEBUG SQL:104 - 
    select
        documents0_.folder as folder2_1_,
        documents0_.id as id0_1_,
        documents0_.id as id0_0_,
        documents0_.name as name0_0_ 
    from
        documents documents0_ 
    where
        documents0_.folder=?
14:14:44,439 DEBUG SQL:104 - 
    delete 
    from
        documents 
    where
        id=?
14:14:44,440 DEBUG SQL:104 - 
    delete 
    from
        folders 
    where
        id=?
14:14:44,440 DEBUG SQL:104 - 
    delete 
    from
        owners 
    where
        id=?
14:14:44,441  INFO SchemaExport:343 - HHH000227: Running hbm2ddl schema export
14:14:44,441 DEBUG SchemaExport:353 - Import file not found: /import.sql
14:14:44,441 DEBUG SQL:104 - 
    alter table documents 
        drop constraint FK383D52B8ABB15FD5
14:14:44,441 DEBUG SQL:104 - 
    alter table documents 
        drop constraint FK383D52B859237B4D
14:14:44,442 DEBUG SQL:104 - 
    alter table entity 
        drop constraint FKB29DE3E3E31BB44E
14:14:44,442 DEBUG SQL:104 - 
    alter table entity 
        drop constraint FKB29DE3E39FFC34FA
14:14:44,442 DEBUG SQL:104 - 
    alter table folders 
        drop constraint FKD74671C5BBFF4C11
14:14:44,442 DEBUG SQL:104 - 
    drop table documents if exists
14:14:44,442 DEBUG SQL:104 - 
    drop table entity if exists
14:14:44,442 DEBUG SQL:104 - 
    drop table folders if exists
14:14:44,443 DEBUG SQL:104 - 
    drop table owners if exists
14:14:44,443  INFO SchemaExport:405 - HHH000230: Schema export complete
14:14:44,443  INFO DriverManagerConnectionProviderImpl:162 - HHH000030: Cleaning up connection pool [jdbc:h2:mem:db1;DB_CLOSE_DELAY=-1;MVCC=TRUE]
14:14:44,443  INFO CustomRunner:139 - Test: testLazyPropertyCustomType
14:14:44,475  INFO Configuration:725 - HHH000221: Reading mappings from resource: org/hibernate/test/instrument/domain/Problematic.hbm.xml
14:14:44,554  INFO DriverManagerConnectionProviderImpl:99 - HHH000402: Using Hibernate built-in connection pool (not for production use!)
14:14:44,554  INFO DriverManagerConnectionProviderImpl:135 - HHH000115: Hibernate connection pool size: 5
14:14:44,554  INFO DriverManagerConnectionProviderImpl:138 - HHH000006: Autocommit mode: false
14:14:44,554  INFO DriverManagerConnectionProviderImpl:153 - HHH000401: using driver [org.h2.Driver] at URL [jdbc:h2:mem:db1;DB_CLOSE_DELAY=-1;MVCC=TRUE]
14:14:44,555  INFO DriverManagerConnectionProviderImpl:158 - HHH000046: Connection properties: {user=sa}
14:14:44,555  INFO Dialect:103 - HHH000400: Using dialect: org.hibernate.dialect.H2Dialect
14:14:44,556  INFO LobCreatorBuilder:94 - HHH000423: Disabling contextual LOB creation as JDBC driver reported JDBC version [3] less than 4
14:14:44,557  INFO TransactionFactoryInitiator:66 - HHH000399: Using default transaction strategy (direct JDBC transactions)
14:14:44,557  INFO ASTQueryTranslatorFactory:48 - HHH000397: Using ASTQueryTranslatorFactory
14:14:44,557  WARN CachingRegionFactory:58 - CachingRegionFactory should be only used for testing.
14:14:44,567  INFO EntityMetamodel:277 - HHH000157: Lazy property fetching available for: org.hibernate.test.instrument.domain.Problematic
14:14:44,571  INFO SchemaExport:343 - HHH000227: Running hbm2ddl schema export
14:14:44,572 DEBUG SchemaExport:353 - Import file not found: /import.sql
14:14:44,572 DEBUG SQL:104 - 
    drop table Problematic if exists
14:14:44,572 DEBUG SQL:104 - 
    create table Problematic (
        ID bigint not null,
        NAME varchar(255),
        DATA binary(255),
        primary key (ID)
    )
14:14:44,572  INFO SchemaExport:405 - HHH000230: Schema export complete
14:14:44,572  WARN SessionFactoryImpl:1554 - HHH000008: JTASessionContext being used with JDBCTransactionFactory; auto-flush will not operate correctly with getCurrentSession()
14:14:44,574 DEBUG SQL:104 - 
    select
        max(ID) 
    from
        Problematic
14:14:44,575 DEBUG SQL:104 - 
    insert 
    into
        Problematic
        (NAME, DATA, ID) 
    values
        (?, ?, ?)
14:14:44,664 DEBUG SQL:104 - 
    select
        problemati0_.ID as ID0_0_,
        problemati0_.NAME as NAME0_0_ 
    from
        Problematic problemati0_ 
    where
        problemati0_.ID=?
14:14:44,683 DEBUG SQL:104 - 
    select
        problemati_.DATA as DATA0_ 
    from
        Problematic problemati_ 
    where
        problemati_.ID=?
14:14:44,685 DEBUG QueryTranslatorImpl:265 - parse() - HQL: from org.hibernate.test.instrument.domain.Problematic
14:14:44,685 DEBUG QueryTranslatorImpl:283 - --- HQL AST ---
 \-[QUERY] Node: 'query'
    \-[SELECT_FROM] Node: 'SELECT_FROM'
       \-[FROM] Node: 'from'
          \-[RANGE] Node: 'RANGE'
             \-[DOT] Node: '.'
                +-[DOT] Node: '.'
                |  +-[DOT] Node: '.'
                |  |  +-[DOT] Node: '.'
                |  |  |  +-[DOT] Node: '.'
                |  |  |  |  +-[IDENT] Node: 'org'
                |  |  |  |  \-[IDENT] Node: 'hibernate'
                |  |  |  \-[IDENT] Node: 'test'
                |  |  \-[IDENT] Node: 'instrument'
                |  \-[IDENT] Node: 'domain'
                \-[IDENT] Node: 'Problematic'

14:14:44,686 DEBUG ErrorCounter:82 - throwQueryException() : no errors
14:14:44,686 DEBUG FromElement:157 - FromClause{level=1} : org.hibernate.test.instrument.domain.Problematic (<no alias>) -> problemati0_
14:14:44,686 DEBUG HqlSqlWalker:629 - processQuery() :  ( SELECT ( FromClause{level=1} Problematic problemati0_ ) )
14:14:44,686 DEBUG HqlSqlWalker:869 - Derived SELECT clause created.
14:14:44,686 DEBUG JoinProcessor:175 - Using FROM fragment [Problematic problemati0_]
14:14:44,687 DEBUG QueryTranslatorImpl:252 - --- SQL AST ---
 \-[SELECT] QueryNode: 'SELECT'  querySpaces (Problematic)
    +-[SELECT_CLAUSE] SelectClause: '{derived select clause}'
    |  +-[SELECT_EXPR] SelectExpressionImpl: 'problemati0_.ID as ID0_' {FromElement{explicit,not a collection join,not a fetch join,fetch non-lazy properties,classAlias=null,role=null,tableName=Problematic,tableAlias=problemati0_,origin=null,columns={,className=org.hibernate.test.instrument.domain.Problematic}}}
    |  \-[SQL_TOKEN] SqlFragment: 'problemati0_.NAME as NAME0_'
    \-[FROM] FromClause: 'from' FromClause{level=1, fromElementCounter=1, fromElements=1, fromElementByClassAlias=[], fromElementByTableAlias=[problemati0_], fromElementsByPath=[], collectionJoinFromElementsByPath=[], impliedElements=[]}
       \-[FROM_FRAGMENT] FromElement: 'Problematic problemati0_' FromElement{explicit,not a collection join,not a fetch join,fetch non-lazy properties,classAlias=null,role=null,tableName=Problematic,tableAlias=problemati0_,origin=null,columns={,className=org.hibernate.test.instrument.domain.Problematic}}

14:14:44,687 DEBUG ErrorCounter:82 - throwQueryException() : no errors
14:14:44,687 DEBUG QueryTranslatorImpl:235 - HQL: from org.hibernate.test.instrument.domain.Problematic
14:14:44,687 DEBUG QueryTranslatorImpl:236 - SQL: select problemati0_.ID as ID0_, problemati0_.NAME as NAME0_ from Problematic problemati0_
14:14:44,687 DEBUG ErrorCounter:82 - throwQueryException() : no errors
14:14:44,688 DEBUG SQL:104 - 
    select
        problemati0_.ID as ID0_,
        problemati0_.NAME as NAME0_ 
    from
        Problematic problemati0_
14:14:44,689 DEBUG SQL:104 - 
    select
        problemati_.DATA as DATA0_ 
    from
        Problematic problemati_ 
    where
        problemati_.ID=?
14:14:44,691 DEBUG SQL:104 - 
    select
        problemati0_.ID as ID0_0_,
        problemati0_.NAME as NAME0_0_ 
    from
        Problematic problemati0_ 
    where
        problemati0_.ID=?
14:14:44,692 DEBUG SQL:104 - 
    select
        problemati_.DATA as DATA0_ 
    from
        Problematic problemati_ 
    where
        problemati_.ID=?
14:14:44,692 DEBUG SQL:104 - 
    select
        problemati0_.ID as ID0_,
        problemati0_.NAME as NAME0_ 
    from
        Problematic problemati0_
14:14:44,692 DEBUG SQL:104 - 
    delete 
    from
        Problematic 
    where
        ID=?
14:14:44,693  INFO SchemaExport:343 - HHH000227: Running hbm2ddl schema export
14:14:44,693 DEBUG SchemaExport:353 - Import file not found: /import.sql
14:14:44,693 DEBUG SQL:104 - 
    drop table Problematic if exists
14:14:44,693  INFO SchemaExport:405 - HHH000230: Schema export complete
14:14:44,694  INFO DriverManagerConnectionProviderImpl:162 - HHH000030: Cleaning up connection pool [jdbc:h2:mem:db1;DB_CLOSE_DELAY=-1;MVCC=TRUE]
14:14:44,695  INFO CustomRunner:139 - Test: testManyToOneProxy
14:14:44,700  INFO Configuration:725 - HHH000221: Reading mappings from resource: org/hibernate/test/instrument/domain/Documents.hbm.xml
14:14:44,725  INFO DriverManagerConnectionProviderImpl:99 - HHH000402: Using Hibernate built-in connection pool (not for production use!)
14:14:44,726  INFO DriverManagerConnectionProviderImpl:135 - HHH000115: Hibernate connection pool size: 5
14:14:44,726  INFO DriverManagerConnectionProviderImpl:138 - HHH000006: Autocommit mode: false
14:14:44,726  INFO DriverManagerConnectionProviderImpl:153 - HHH000401: using driver [org.h2.Driver] at URL [jdbc:h2:mem:db1;DB_CLOSE_DELAY=-1;MVCC=TRUE]
14:14:44,726  INFO DriverManagerConnectionProviderImpl:158 - HHH000046: Connection properties: {user=sa}
14:14:44,727  INFO Dialect:103 - HHH000400: Using dialect: org.hibernate.dialect.H2Dialect
14:14:44,728  INFO LobCreatorBuilder:94 - HHH000423: Disabling contextual LOB creation as JDBC driver reported JDBC version [3] less than 4
14:14:44,729  INFO TransactionFactoryInitiator:66 - HHH000399: Using default transaction strategy (direct JDBC transactions)
14:14:44,729  INFO ASTQueryTranslatorFactory:48 - HHH000397: Using ASTQueryTranslatorFactory
14:14:44,729  WARN CachingRegionFactory:58 - CachingRegionFactory should be only used for testing.
14:14:44,738  INFO EntityMetamodel:277 - HHH000157: Lazy property fetching available for: org.hibernate.test.instrument.domain.Entity
14:14:44,744  INFO EntityMetamodel:277 - HHH000157: Lazy property fetching available for: org.hibernate.test.instrument.domain.Document
14:14:44,750  INFO SchemaExport:343 - HHH000227: Running hbm2ddl schema export
14:14:44,751 DEBUG SchemaExport:353 - Import file not found: /import.sql
14:14:44,751 DEBUG SQL:104 - 
    alter table documents 
        drop constraint FK383D52B8ABB15FD5
14:14:44,751 ERROR SchemaExport:425 - HHH000389: Unsuccessful: alter table documents drop constraint FK383D52B8ABB15FD5
14:14:44,751 ERROR SchemaExport:426 - Table "DOCUMENTS" not found; SQL statement:

    alter table documents 
        drop constraint FK383D52B8ABB15FD5 [42102-145]
14:14:44,751 DEBUG SQL:104 - 
    alter table documents 
        drop constraint FK383D52B859237B4D
14:14:44,751 ERROR SchemaExport:425 - HHH000389: Unsuccessful: alter table documents drop constraint FK383D52B859237B4D
14:14:44,752 ERROR SchemaExport:426 - Table "DOCUMENTS" not found; SQL statement:

    alter table documents 
        drop constraint FK383D52B859237B4D [42102-145]
14:14:44,752 DEBUG SQL:104 - 
    alter table entity 
        drop constraint FKB29DE3E3E31BB44E
14:14:44,752 ERROR SchemaExport:425 - HHH000389: Unsuccessful: alter table entity drop constraint FKB29DE3E3E31BB44E
14:14:44,752 ERROR SchemaExport:426 - Table "ENTITY" not found; SQL statement:

    alter table entity 
        drop constraint FKB29DE3E3E31BB44E [42102-145]
14:14:44,752 DEBUG SQL:104 - 
    alter table entity 
        drop constraint FKB29DE3E39FFC34FA
14:14:44,752 ERROR SchemaExport:425 - HHH000389: Unsuccessful: alter table entity drop constraint FKB29DE3E39FFC34FA
14:14:44,752 ERROR SchemaExport:426 - Table "ENTITY" not found; SQL statement:

    alter table entity 
        drop constraint FKB29DE3E39FFC34FA [42102-145]
14:14:44,752 DEBUG SQL:104 - 
    alter table folders 
        drop constraint FKD74671C5BBFF4C11
14:14:44,752 ERROR SchemaExport:425 - HHH000389: Unsuccessful: alter table folders drop constraint FKD74671C5BBFF4C11
14:14:44,752 ERROR SchemaExport:426 - Table "FOLDERS" not found; SQL statement:

    alter table folders 
        drop constraint FKD74671C5BBFF4C11 [42102-145]
14:14:44,752 DEBUG SQL:104 - 
    drop table documents if exists
14:14:44,753 DEBUG SQL:104 - 
    drop table entity if exists
14:14:44,753 DEBUG SQL:104 - 
    drop table folders if exists
14:14:44,753 DEBUG SQL:104 - 
    drop table owners if exists
14:14:44,753 DEBUG SQL:104 - 
    create table documents (
        id bigint not null,
        name varchar(50) not null,
        summary varchar(200) not null,
        folder bigint not null,
        owner bigint not null,
        text varchar(2000) not null,
        lastTextModification timestamp not null,
        size_mb double,
        primary key (id)
    )
14:14:44,753 DEBUG SQL:104 - 
    create table entity (
        ID bigint not null,
        NAME varchar(255),
        PRNT_ID bigint,
        RIGHT_ID bigint,
        primary key (ID)
    )
14:14:44,754 DEBUG SQL:104 - 
    create table folders (
        id bigint not null,
        name varchar(50) not null,
        parent bigint,
        primary key (id)
    )
14:14:44,754 DEBUG SQL:104 - 
    create table owners (
        id bigint not null,
        name varchar(50) not null,
        primary key (id)
    )
14:14:44,754 DEBUG SQL:104 - 
    alter table documents 
        add constraint FK383D52B8ABB15FD5 
        foreign key (folder) 
        references folders
14:14:44,754 DEBUG SQL:104 - 
    alter table documents 
        add constraint FK383D52B859237B4D 
        foreign key (owner) 
        references owners
14:14:44,755 DEBUG SQL:104 - 
    alter table entity 
        add constraint FKB29DE3E3E31BB44E 
        foreign key (PRNT_ID) 
        references entity
14:14:44,755 DEBUG SQL:104 - 
    alter table entity 
        add constraint FKB29DE3E39FFC34FA 
        foreign key (RIGHT_ID) 
        references entity
14:14:44,755 DEBUG SQL:104 - 
    alter table folders 
        add constraint FKD74671C5BBFF4C11 
        foreign key (parent) 
        references folders
14:14:44,756  INFO SchemaExport:405 - HHH000230: Schema export complete
14:14:44,756  WARN SessionFactoryImpl:1554 - HHH000008: JTASessionContext being used with JDBCTransactionFactory; auto-flush will not operate correctly with getCurrentSession()
14:14:44,757 DEBUG SQL:104 - 
    select
        max(ID) 
    from
        entity
14:14:44,759 DEBUG SQL:104 - 
    insert 
    into
        entity
        (NAME, PRNT_ID, RIGHT_ID, ID) 
    values
        (?, ?, ?, ?)
14:14:44,759 DEBUG SQL:104 - 
    insert 
    into
        entity
        (NAME, PRNT_ID, RIGHT_ID, ID) 
    values
        (?, ?, ?, ?)
14:14:44,760 DEBUG SQL:104 - 
    insert 
    into
        entity
        (NAME, PRNT_ID, RIGHT_ID, ID) 
    values
        (?, ?, ?, ?)
14:14:44,760 DEBUG SQL:104 - 
    insert 
    into
        entity
        (NAME, PRNT_ID, RIGHT_ID, ID) 
    values
        (?, ?, ?, ?)
14:14:44,760 DEBUG SQL:104 - 
    insert 
    into
        entity
        (NAME, PRNT_ID, RIGHT_ID, ID) 
    values
        (?, ?, ?, ?)
14:14:44,761 DEBUG SQL:104 - 
    select
        entity0_.ID as ID1_0_,
        entity0_.PRNT_ID as PRNT3_1_0_ 
    from
        entity entity0_ 
    where
        entity0_.ID=?
14:14:44,764 DEBUG SQL:104 - 
    select
        entity0_.ID as ID1_0_,
        entity0_.PRNT_ID as PRNT3_1_0_ 
    from
        entity entity0_ 
    where
        entity0_.ID=?
14:14:44,764 DEBUG SQL:104 - 
    select
        entity_.NAME as NAME1_,
        entity_.RIGHT_ID as RIGHT4_1_ 
    from
        entity entity_ 
    where
        entity_.ID=?
14:14:44,764 DEBUG SQL:104 - 
    select
        entity0_.ID as ID1_0_,
        entity0_.PRNT_ID as PRNT3_1_0_ 
    from
        entity entity0_ 
    where
        entity0_.ID=?
14:14:44,765 DEBUG SQL:104 - 
    select
        entity0_.ID as ID1_0_,
        entity0_.PRNT_ID as PRNT3_1_0_ 
    from
        entity entity0_ 
    where
        entity0_.ID=?
14:14:44,765 DEBUG SQL:104 - 
    delete 
    from
        entity 
    where
        ID=?
14:14:44,765 DEBUG SQL:104 - 
    delete 
    from
        entity 
    where
        ID=?
14:14:44,766 DEBUG SQL:104 - 
    delete 
    from
        entity 
    where
        ID=?
14:14:44,766 DEBUG SQL:104 - 
    delete 
    from
        entity 
    where
        ID=?
14:14:44,766  INFO SchemaExport:343 - HHH000227: Running hbm2ddl schema export
14:14:44,766 DEBUG SchemaExport:353 - Import file not found: /import.sql
14:14:44,767 DEBUG SQL:104 - 
    alter table documents 
        drop constraint FK383D52B8ABB15FD5
14:14:44,767 DEBUG SQL:104 - 
    alter table documents 
        drop constraint FK383D52B859237B4D
14:14:44,767 DEBUG SQL:104 - 
    alter table entity 
        drop constraint FKB29DE3E3E31BB44E
14:14:44,767 DEBUG SQL:104 - 
    alter table entity 
        drop constraint FKB29DE3E39FFC34FA
14:14:44,767 DEBUG SQL:104 - 
    alter table folders 
        drop constraint FKD74671C5BBFF4C11
14:14:44,767 DEBUG SQL:104 - 
    drop table documents if exists
14:14:44,767 DEBUG SQL:104 - 
    drop table entity if exists
14:14:44,768 DEBUG SQL:104 - 
    drop table folders if exists
14:14:44,768 DEBUG SQL:104 - 
    drop table owners if exists
14:14:44,768  INFO SchemaExport:405 - HHH000230: Schema export complete
14:14:44,768  INFO DriverManagerConnectionProviderImpl:162 - HHH000030: Cleaning up connection pool [jdbc:h2:mem:db1;DB_CLOSE_DELAY=-1;MVCC=TRUE]
14:14:44,769  INFO CustomRunner:139 - Test: testPropertyInitialized
14:14:44,774  INFO Configuration:725 - HHH000221: Reading mappings from resource: org/hibernate/test/instrument/domain/Documents.hbm.xml
14:14:44,797  INFO DriverManagerConnectionProviderImpl:99 - HHH000402: Using Hibernate built-in connection pool (not for production use!)
14:14:44,797  INFO DriverManagerConnectionProviderImpl:135 - HHH000115: Hibernate connection pool size: 5
14:14:44,797  INFO DriverManagerConnectionProviderImpl:138 - HHH000006: Autocommit mode: false
14:14:44,797  INFO DriverManagerConnectionProviderImpl:153 - HHH000401: using driver [org.h2.Driver] at URL [jdbc:h2:mem:db1;DB_CLOSE_DELAY=-1;MVCC=TRUE]
14:14:44,798  INFO DriverManagerConnectionProviderImpl:158 - HHH000046: Connection properties: {user=sa}
14:14:44,799  INFO Dialect:103 - HHH000400: Using dialect: org.hibernate.dialect.H2Dialect
14:14:44,799  INFO LobCreatorBuilder:94 - HHH000423: Disabling contextual LOB creation as JDBC driver reported JDBC version [3] less than 4
14:14:44,800  INFO TransactionFactoryInitiator:66 - HHH000399: Using default transaction strategy (direct JDBC transactions)
14:14:44,800  INFO ASTQueryTranslatorFactory:48 - HHH000397: Using ASTQueryTranslatorFactory
14:14:44,801  WARN CachingRegionFactory:58 - CachingRegionFactory should be only used for testing.
14:14:44,809  INFO EntityMetamodel:277 - HHH000157: Lazy property fetching available for: org.hibernate.test.instrument.domain.Entity
14:14:44,815  INFO EntityMetamodel:277 - HHH000157: Lazy property fetching available for: org.hibernate.test.instrument.domain.Document
14:14:44,821  INFO SchemaExport:343 - HHH000227: Running hbm2ddl schema export
14:14:44,822 DEBUG SchemaExport:353 - Import file not found: /import.sql
14:14:44,822 DEBUG SQL:104 - 
    alter table documents 
        drop constraint FK383D52B8ABB15FD5
14:14:44,822 ERROR SchemaExport:425 - HHH000389: Unsuccessful: alter table documents drop constraint FK383D52B8ABB15FD5
14:14:44,823 ERROR SchemaExport:426 - Table "DOCUMENTS" not found; SQL statement:

    alter table documents 
        drop constraint FK383D52B8ABB15FD5 [42102-145]
14:14:44,823 DEBUG SQL:104 - 
    alter table documents 
        drop constraint FK383D52B859237B4D
14:14:44,823 ERROR SchemaExport:425 - HHH000389: Unsuccessful: alter table documents drop constraint FK383D52B859237B4D
14:14:44,823 ERROR SchemaExport:426 - Table "DOCUMENTS" not found; SQL statement:

    alter table documents 
        drop constraint FK383D52B859237B4D [42102-145]
14:14:44,823 DEBUG SQL:104 - 
    alter table entity 
        drop constraint FKB29DE3E3E31BB44E
14:14:44,823 ERROR SchemaExport:425 - HHH000389: Unsuccessful: alter table entity drop constraint FKB29DE3E3E31BB44E
14:14:44,823 ERROR SchemaExport:426 - Table "ENTITY" not found; SQL statement:

    alter table entity 
        drop constraint FKB29DE3E3E31BB44E [42102-145]
14:14:44,824 DEBUG SQL:104 - 
    alter table entity 
        drop constraint FKB29DE3E39FFC34FA
14:14:44,824 ERROR SchemaExport:425 - HHH000389: Unsuccessful: alter table entity drop constraint FKB29DE3E39FFC34FA
14:14:44,824 ERROR SchemaExport:426 - Table "ENTITY" not found; SQL statement:

    alter table entity 
        drop constraint FKB29DE3E39FFC34FA [42102-145]
14:14:44,824 DEBUG SQL:104 - 
    alter table folders 
        drop constraint FKD74671C5BBFF4C11
14:14:44,824 ERROR SchemaExport:425 - HHH000389: Unsuccessful: alter table folders drop constraint FKD74671C5BBFF4C11
14:14:44,824 ERROR SchemaExport:426 - Table "FOLDERS" not found; SQL statement:

    alter table folders 
        drop constraint FKD74671C5BBFF4C11 [42102-145]
14:14:44,824 DEBUG SQL:104 - 
    drop table documents if exists
14:14:44,825 DEBUG SQL:104 - 
    drop table entity if exists
14:14:44,825 DEBUG SQL:104 - 
    drop table folders if exists
14:14:44,825 DEBUG SQL:104 - 
    drop table owners if exists
14:14:44,825 DEBUG SQL:104 - 
    create table documents (
        id bigint not null,
        name varchar(50) not null,
        summary varchar(200) not null,
        folder bigint not null,
        owner bigint not null,
        text varchar(2000) not null,
        lastTextModification timestamp not null,
        size_mb double,
        primary key (id)
    )
14:14:44,825 DEBUG SQL:104 - 
    create table entity (
        ID bigint not null,
        NAME varchar(255),
        PRNT_ID bigint,
        RIGHT_ID bigint,
        primary key (ID)
    )
14:14:44,826 DEBUG SQL:104 - 
    create table folders (
        id bigint not null,
        name varchar(50) not null,
        parent bigint,
        primary key (id)
    )
14:14:44,826 DEBUG SQL:104 - 
    create table owners (
        id bigint not null,
        name varchar(50) not null,
        primary key (id)
    )
14:14:44,827 DEBUG SQL:104 - 
    alter table documents 
        add constraint FK383D52B8ABB15FD5 
        foreign key (folder) 
        references folders
14:14:44,828 DEBUG SQL:104 - 
    alter table documents 
        add constraint FK383D52B859237B4D 
        foreign key (owner) 
        references owners
14:14:44,828 DEBUG SQL:104 - 
    alter table entity 
        add constraint FKB29DE3E3E31BB44E 
        foreign key (PRNT_ID) 
        references entity
14:14:44,828 DEBUG SQL:104 - 
    alter table entity 
        add constraint FKB29DE3E39FFC34FA 
        foreign key (RIGHT_ID) 
        references entity
14:14:44,829 DEBUG SQL:104 - 
    alter table folders 
        add constraint FKD74671C5BBFF4C11 
        foreign key (parent) 
        references folders
14:14:44,829  INFO SchemaExport:405 - HHH000230: Schema export complete
14:14:44,830  WARN SessionFactoryImpl:1554 - HHH000008: JTASessionContext being used with JDBCTransactionFactory; auto-flush will not operate correctly with getCurrentSession()
14:14:44,832 DEBUG SQL:104 - 
    select
        max(id) 
    from
        owners
14:14:44,833 DEBUG SQL:104 - 
    select
        max(id) 
    from
        folders
14:14:44,833 DEBUG SQL:104 - 
    select
        max(id) 
    from
        documents
14:14:44,834 DEBUG SQL:104 - 
    insert 
    into
        owners
        (name, id) 
    values
        (?, ?)
14:14:44,835 DEBUG SQL:104 - 
    insert 
    into
        folders
        (name, parent, id) 
    values
        (?, ?, ?)
14:14:44,835 DEBUG SQL:104 - 
    insert 
    into
        documents
        (name, summary, folder, owner, text, lastTextModification, size_mb, id) 
    values
        (?, ?, ?, ?, ?, ?, ? / cast( 1024.0 as float ), ?)
14:14:44,837 DEBUG SQL:104 - 
    select
        document0_.id as id0_0_,
        document0_.name as name0_0_ 
    from
        documents document0_ 
    where
        document0_.id=?
14:14:44,838 DEBUG SQL:104 - 
    select
        document_.summary as summary0_,
        document_.folder as folder0_,
        document_.owner as owner0_,
        document_.text as text0_,
        document_.lastTextModification as lastText7_0_,
        document_.size_mb * 1024.0 as size8_0_,
        upper(document_.name) as formula84_ 
    from
        documents document_ 
    where
        document_.id=?
14:14:44,841 DEBUG SQL:104 - 
    select
        owner0_.id as id3_0_,
        owner0_.name as name3_0_ 
    from
        owners owner0_ 
    where
        owner0_.id=?
14:14:44,843 DEBUG SQL:104 - 
    select
        folder0_.id as id2_0_,
        folder0_.name as name2_0_,
        folder0_.parent as parent2_0_ 
    from
        folders folder0_ 
    where
        folder0_.id=?
14:14:44,850 DEBUG SQL:104 - 
    select
        documents0_.folder as folder2_1_,
        documents0_.id as id0_1_,
        documents0_.id as id0_0_,
        documents0_.name as name0_0_ 
    from
        documents documents0_ 
    where
        documents0_.folder=?
14:14:44,851 DEBUG SQL:104 - 
    delete 
    from
        documents 
    where
        id=?
14:14:44,851 DEBUG SQL:104 - 
    delete 
    from
        owners 
    where
        id=?
14:14:44,852 DEBUG SQL:104 - 
    delete 
    from
        folders 
    where
        id=?
14:14:44,852  INFO SchemaExport:343 - HHH000227: Running hbm2ddl schema export
14:14:44,852 DEBUG SchemaExport:353 - Import file not found: /import.sql
14:14:44,853 DEBUG SQL:104 - 
    alter table documents 
        drop constraint FK383D52B8ABB15FD5
14:14:44,853 DEBUG SQL:104 - 
    alter table documents 
        drop constraint FK383D52B859237B4D
14:14:44,853 DEBUG SQL:104 - 
    alter table entity 
        drop constraint FKB29DE3E3E31BB44E
14:14:44,853 DEBUG SQL:104 - 
    alter table entity 
        drop constraint FKB29DE3E39FFC34FA
14:14:44,853 DEBUG SQL:104 - 
    alter table folders 
        drop constraint FKD74671C5BBFF4C11
14:14:44,853 DEBUG SQL:104 - 
    drop table documents if exists
14:14:44,854 DEBUG SQL:104 - 
    drop table entity if exists
14:14:44,854 DEBUG SQL:104 - 
    drop table folders if exists
14:14:44,854 DEBUG SQL:104 - 
    drop table owners if exists
14:14:44,854  INFO SchemaExport:405 - HHH000230: Schema export complete
14:14:44,854  INFO DriverManagerConnectionProviderImpl:162 - HHH000030: Cleaning up connection pool [jdbc:h2:mem:db1;DB_CLOSE_DELAY=-1;MVCC=TRUE]
14:14:44,855  INFO CustomRunner:139 - Test: testSetFieldInterceptor
14:14:44,860  INFO Configuration:725 - HHH000221: Reading mappings from resource: org/hibernate/test/instrument/domain/Documents.hbm.xml
14:14:44,881  INFO DriverManagerConnectionProviderImpl:99 - HHH000402: Using Hibernate built-in connection pool (not for production use!)
14:14:44,881  INFO DriverManagerConnectionProviderImpl:135 - HHH000115: Hibernate connection pool size: 5
14:14:44,881  INFO DriverManagerConnectionProviderImpl:138 - HHH000006: Autocommit mode: false
14:14:44,882  INFO DriverManagerConnectionProviderImpl:153 - HHH000401: using driver [org.h2.Driver] at URL [jdbc:h2:mem:db1;DB_CLOSE_DELAY=-1;MVCC=TRUE]
14:14:44,882  INFO DriverManagerConnectionProviderImpl:158 - HHH000046: Connection properties: {user=sa}
14:14:44,883  INFO Dialect:103 - HHH000400: Using dialect: org.hibernate.dialect.H2Dialect
14:14:44,884  INFO LobCreatorBuilder:94 - HHH000423: Disabling contextual LOB creation as JDBC driver reported JDBC version [3] less than 4
14:14:44,884  INFO TransactionFactoryInitiator:66 - HHH000399: Using default transaction strategy (direct JDBC transactions)
14:14:44,884  INFO ASTQueryTranslatorFactory:48 - HHH000397: Using ASTQueryTranslatorFactory
14:14:44,885  WARN CachingRegionFactory:58 - CachingRegionFactory should be only used for testing.
14:14:44,892  INFO EntityMetamodel:277 - HHH000157: Lazy property fetching available for: org.hibernate.test.instrument.domain.Entity
14:14:44,899  INFO EntityMetamodel:277 - HHH000157: Lazy property fetching available for: org.hibernate.test.instrument.domain.Document
14:14:44,913  INFO SchemaExport:343 - HHH000227: Running hbm2ddl schema export
14:14:44,914 DEBUG SchemaExport:353 - Import file not found: /import.sql
14:14:44,914 DEBUG SQL:104 - 
    alter table documents 
        drop constraint FK383D52B8ABB15FD5
14:14:44,914 ERROR SchemaExport:425 - HHH000389: Unsuccessful: alter table documents drop constraint FK383D52B8ABB15FD5
14:14:44,914 ERROR SchemaExport:426 - Table "DOCUMENTS" not found; SQL statement:

    alter table documents 
        drop constraint FK383D52B8ABB15FD5 [42102-145]
14:14:44,914 DEBUG SQL:104 - 
    alter table documents 
        drop constraint FK383D52B859237B4D
14:14:44,914 ERROR SchemaExport:425 - HHH000389: Unsuccessful: alter table documents drop constraint FK383D52B859237B4D
14:14:44,914 ERROR SchemaExport:426 - Table "DOCUMENTS" not found; SQL statement:

    alter table documents 
        drop constraint FK383D52B859237B4D [42102-145]
14:14:44,915 DEBUG SQL:104 - 
    alter table entity 
        drop constraint FKB29DE3E3E31BB44E
14:14:44,915 ERROR SchemaExport:425 - HHH000389: Unsuccessful: alter table entity drop constraint FKB29DE3E3E31BB44E
14:14:44,915 ERROR SchemaExport:426 - Table "ENTITY" not found; SQL statement:

    alter table entity 
        drop constraint FKB29DE3E3E31BB44E [42102-145]
14:14:44,915 DEBUG SQL:104 - 
    alter table entity 
        drop constraint FKB29DE3E39FFC34FA
14:14:44,915 ERROR SchemaExport:425 - HHH000389: Unsuccessful: alter table entity drop constraint FKB29DE3E39FFC34FA
14:14:44,915 ERROR SchemaExport:426 - Table "ENTITY" not found; SQL statement:

    alter table entity 
        drop constraint FKB29DE3E39FFC34FA [42102-145]
14:14:44,916 DEBUG SQL:104 - 
    alter table folders 
        drop constraint FKD74671C5BBFF4C11
14:14:44,916 ERROR SchemaExport:425 - HHH000389: Unsuccessful: alter table folders drop constraint FKD74671C5BBFF4C11
14:14:44,916 ERROR SchemaExport:426 - Table "FOLDERS" not found; SQL statement:

    alter table folders 
        drop constraint FKD74671C5BBFF4C11 [42102-145]
14:14:44,916 DEBUG SQL:104 - 
    drop table documents if exists
14:14:44,916 DEBUG SQL:104 - 
    drop table entity if exists
14:14:44,916 DEBUG SQL:104 - 
    drop table folders if exists
14:14:44,916 DEBUG SQL:104 - 
    drop table owners if exists
14:14:44,917 DEBUG SQL:104 - 
    create table documents (
        id bigint not null,
        name varchar(50) not null,
        summary varchar(200) not null,
        folder bigint not null,
        owner bigint not null,
        text varchar(2000) not null,
        lastTextModification timestamp not null,
        size_mb double,
        primary key (id)
    )
14:14:44,917 DEBUG SQL:104 - 
    create table entity (
        ID bigint not null,
        NAME varchar(255),
        PRNT_ID bigint,
        RIGHT_ID bigint,
        primary key (ID)
    )
14:14:44,917 DEBUG SQL:104 - 
    create table folders (
        id bigint not null,
        name varchar(50) not null,
        parent bigint,
        primary key (id)
    )
14:14:44,918 DEBUG SQL:104 - 
    create table owners (
        id bigint not null,
        name varchar(50) not null,
        primary key (id)
    )
14:14:44,918 DEBUG SQL:104 - 
    alter table documents 
        add constraint FK383D52B8ABB15FD5 
        foreign key (folder) 
        references folders
14:14:44,919 DEBUG SQL:104 - 
    alter table documents 
        add constraint FK383D52B859237B4D 
        foreign key (owner) 
        references owners
14:14:44,919 DEBUG SQL:104 - 
    alter table entity 
        add constraint FKB29DE3E3E31BB44E 
        foreign key (PRNT_ID) 
        references entity
14:14:44,919 DEBUG SQL:104 - 
    alter table entity 
        add constraint FKB29DE3E39FFC34FA 
        foreign key (RIGHT_ID) 
        references entity
14:14:44,921 DEBUG SQL:104 - 
    alter table folders 
        add constraint FKD74671C5BBFF4C11 
        foreign key (parent) 
        references folders
14:14:44,921  INFO SchemaExport:405 - HHH000230: Schema export complete
14:14:44,922  WARN SessionFactoryImpl:1554 - HHH000008: JTASessionContext being used with JDBCTransactionFactory; auto-flush will not operate correctly with getCurrentSession()
14:14:44,923  INFO SchemaExport:343 - HHH000227: Running hbm2ddl schema export
14:14:44,924 DEBUG SchemaExport:353 - Import file not found: /import.sql
14:14:44,924 DEBUG SQL:104 - 
    alter table documents 
        drop constraint FK383D52B8ABB15FD5
14:14:44,924 DEBUG SQL:104 - 
    alter table documents 
        drop constraint FK383D52B859237B4D
14:14:44,924 DEBUG SQL:104 - 
    alter table entity 
        drop constraint FKB29DE3E3E31BB44E
14:14:44,925 DEBUG SQL:104 - 
    alter table entity 
        drop constraint FKB29DE3E39FFC34FA
14:14:44,926 DEBUG SQL:104 - 
    alter table folders 
        drop constraint FKD74671C5BBFF4C11
14:14:44,926 DEBUG SQL:104 - 
    drop table documents if exists
14:14:44,926 DEBUG SQL:104 - 
    drop table entity if exists
14:14:44,926 DEBUG SQL:104 - 
    drop table folders if exists
14:14:44,926 DEBUG SQL:104 - 
    drop table owners if exists
14:14:44,927  INFO SchemaExport:405 - HHH000230: Schema export complete
14:14:44,927  INFO DriverManagerConnectionProviderImpl:162 - HHH000030: Cleaning up connection pool [jdbc:h2:mem:db1;DB_CLOSE_DELAY=-1;MVCC=TRUE]
14:14:44,927  INFO CustomRunner:139 - Test: testSharedPKOneToOne
14:14:44,933  INFO Configuration:725 - HHH000221: Reading mappings from resource: org/hibernate/test/instrument/domain/SharedPKOneToOne.hbm.xml
14:14:44,951  INFO DriverManagerConnectionProviderImpl:99 - HHH000402: Using Hibernate built-in connection pool (not for production use!)
14:14:44,952  INFO DriverManagerConnectionProviderImpl:135 - HHH000115: Hibernate connection pool size: 5
14:14:44,952  INFO DriverManagerConnectionProviderImpl:138 - HHH000006: Autocommit mode: false
14:14:44,952  INFO DriverManagerConnectionProviderImpl:153 - HHH000401: using driver [org.h2.Driver] at URL [jdbc:h2:mem:db1;DB_CLOSE_DELAY=-1;MVCC=TRUE]
14:14:44,952  INFO DriverManagerConnectionProviderImpl:158 - HHH000046: Connection properties: {user=sa}
14:14:44,953  INFO Dialect:103 - HHH000400: Using dialect: org.hibernate.dialect.H2Dialect
14:14:44,954  INFO LobCreatorBuilder:94 - HHH000423: Disabling contextual LOB creation as JDBC driver reported JDBC version [3] less than 4
14:14:44,955  INFO TransactionFactoryInitiator:66 - HHH000399: Using default transaction strategy (direct JDBC transactions)
14:14:44,955  INFO ASTQueryTranslatorFactory:48 - HHH000397: Using ASTQueryTranslatorFactory
14:14:44,955  WARN CachingRegionFactory:58 - CachingRegionFactory should be only used for testing.
14:14:44,963  INFO EntityMetamodel:277 - HHH000157: Lazy property fetching available for: org.hibernate.test.instrument.domain.EntityWithOneToOnes
14:14:44,969  INFO SchemaExport:343 - HHH000227: Running hbm2ddl schema export
14:14:44,970 DEBUG SchemaExport:353 - Import file not found: /import.sql
14:14:44,970 DEBUG SQL:104 - 
    alter table OneToOneNoProxy 
        drop constraint FKEB3CE6288FE1BE8A
14:14:44,970 ERROR SchemaExport:425 - HHH000389: Unsuccessful: alter table OneToOneNoProxy drop constraint FKEB3CE6288FE1BE8A
14:14:44,970 ERROR SchemaExport:426 - Table "ONETOONENOPROXY" not found; SQL statement:

    alter table OneToOneNoProxy 
        drop constraint FKEB3CE6288FE1BE8A [42102-145]
14:14:44,970 DEBUG SQL:104 - 
    alter table OneToOneProxy 
        drop constraint FK932476298FE1BE8A
14:14:44,970 ERROR SchemaExport:425 - HHH000389: Unsuccessful: alter table OneToOneProxy drop constraint FK932476298FE1BE8A
14:14:44,971 ERROR SchemaExport:426 - Table "ONETOONEPROXY" not found; SQL statement:

    alter table OneToOneProxy 
        drop constraint FK932476298FE1BE8A [42102-145]
14:14:44,971 DEBUG SQL:104 - 
    drop table EntityWithOneToOnes if exists
14:14:44,971 DEBUG SQL:104 - 
    drop table OneToOneNoProxy if exists
14:14:44,971 DEBUG SQL:104 - 
    drop table OneToOneProxy if exists
14:14:44,971 DEBUG SQL:104 - 
    create table EntityWithOneToOnes (
        ID bigint not null,
        name varchar(255),
        primary key (ID)
    )
14:14:44,971 DEBUG SQL:104 - 
    create table OneToOneNoProxy (
        entityId bigint not null,
        name varchar(255),
        primary key (entityId)
    )
14:14:44,972 DEBUG SQL:104 - 
    create table OneToOneProxy (
        entityId bigint not null,
        name varchar(255),
        primary key (entityId)
    )
14:14:44,972 DEBUG SQL:104 - 
    alter table OneToOneNoProxy 
        add constraint FKEB3CE6288FE1BE8A 
        foreign key (entityId) 
        references EntityWithOneToOnes
14:14:44,972 DEBUG SQL:104 - 
    alter table OneToOneProxy 
        add constraint FK932476298FE1BE8A 
        foreign key (entityId) 
        references EntityWithOneToOnes
14:14:44,973  INFO SchemaExport:405 - HHH000230: Schema export complete
14:14:44,973  WARN SessionFactoryImpl:1554 - HHH000008: JTASessionContext being used with JDBCTransactionFactory; auto-flush will not operate correctly with getCurrentSession()
14:14:44,974 DEBUG SQL:104 - 
    select
        max(ID) 
    from
        EntityWithOneToOnes
14:14:44,976 DEBUG SQL:104 - 
    insert 
    into
        EntityWithOneToOnes
        (name, ID) 
    values
        (?, ?)
14:14:44,978 DEBUG SQL:104 - 
    insert 
    into
        OneToOneNoProxy
        (name, entityId) 
    values
        (?, ?)
14:14:44,978 DEBUG SQL:104 - 
    insert 
    into
        OneToOneProxy
        (name, entityId) 
    values
        (?, ?)
14:14:44,981 DEBUG SQL:104 - 
    select
        entitywith0_.ID as ID0_2_,
        entitywith0_.name as name0_2_,
        onetooneno1_.entityId as entityId1_0_,
        onetooneno1_.name as name1_0_,
        onetoonepr2_.entityId as entityId2_1_,
        onetoonepr2_.name as name2_1_ 
    from
        EntityWithOneToOnes entitywith0_ 
    left outer join
        OneToOneNoProxy onetooneno1_ 
            on entitywith0_.ID=onetooneno1_.entityId 
    left outer join
        OneToOneProxy onetoonepr2_ 
            on entitywith0_.ID=onetoonepr2_.entityId 
    where
        entitywith0_.ID=?
14:14:44,983 DEBUG SQL:104 - 
    delete 
    from
        OneToOneNoProxy 
    where
        entityId=?
14:14:44,983 DEBUG SQL:104 - 
    delete 
    from
        OneToOneProxy 
    where
        entityId=?
14:14:44,984 DEBUG SQL:104 - 
    delete 
    from
        EntityWithOneToOnes 
    where
        ID=?
14:14:44,984  INFO SchemaExport:343 - HHH000227: Running hbm2ddl schema export
14:14:44,984 DEBUG SchemaExport:353 - Import file not found: /import.sql
14:14:44,985 DEBUG SQL:104 - 
    alter table OneToOneNoProxy 
        drop constraint FKEB3CE6288FE1BE8A
14:14:44,985 DEBUG SQL:104 - 
    alter table OneToOneProxy 
        drop constraint FK932476298FE1BE8A
14:14:44,985 DEBUG SQL:104 - 
    drop table EntityWithOneToOnes if exists
14:14:44,985 DEBUG SQL:104 - 
    drop table OneToOneNoProxy if exists
14:14:44,986 DEBUG SQL:104 - 
    drop table OneToOneProxy if exists
14:14:44,986  INFO SchemaExport:405 - HHH000230: Schema export complete
14:14:44,986  INFO DriverManagerConnectionProviderImpl:162 - HHH000030: Cleaning up connection pool [jdbc:h2:mem:db1;DB_CLOSE_DELAY=-1;MVCC=TRUE]
]]></system-out>
  <system-err><![CDATA[]]></system-err>
</testsuite>
