<?xml version="1.0" encoding="UTF-8"?>
<testsuite errors="0" failures="0" hostname="dhcp-10.15.208.168.stl.redhat.com" name="org.hibernate.metamodel.source.annotations.entity.AccessBindingTest" tests="5" time="0.087" timestamp="2013-02-28T20:09:58">
  <properties />
  <testcase classname="org.hibernate.metamodel.source.annotations.entity.AccessBindingTest" name="testDefaultFieldAccess" time="0.014" />
  <testcase classname="org.hibernate.metamodel.source.annotations.entity.AccessBindingTest" name="testDefaultPropertyAccess" time="0.013" />
  <testcase classname="org.hibernate.metamodel.source.annotations.entity.AccessBindingTest" name="testExplicitClassConfiguredAccess" time="0.021" />
  <testcase classname="org.hibernate.metamodel.source.annotations.entity.AccessBindingTest" name="testMixedAccess" time="0.017" />
  <testcase classname="org.hibernate.metamodel.source.annotations.entity.AccessBindingTest" name="testNoAccess" time="0.012" />
  <system-out><![CDATA[14:09:58,162  INFO CustomRunner:132 - BeforeClass: org.hibernate.metamodel.source.annotations.entity.AccessBindingTest
14:09:58,163  INFO CustomRunner:139 - Test: testDefaultFieldAccess
14:09:58,168  INFO DriverManagerConnectionProviderImpl:99 - HHH000402: Using Hibernate built-in connection pool (not for production use!)
14:09:58,169  INFO DriverManagerConnectionProviderImpl:135 - HHH000115: Hibernate connection pool size: 5
14:09:58,169  INFO DriverManagerConnectionProviderImpl:138 - HHH000006: Autocommit mode: false
14:09:58,169  INFO DriverManagerConnectionProviderImpl:153 - HHH000401: using driver [org.h2.Driver] at URL [jdbc:h2:mem:db1;DB_CLOSE_DELAY=-1;MVCC=TRUE]
14:09:58,169  INFO DriverManagerConnectionProviderImpl:158 - HHH000046: Connection properties: {user=sa}
14:09:58,173  INFO Dialect:103 - HHH000400: Using dialect: org.hibernate.dialect.H2Dialect
14:09:58,173  INFO LobCreatorBuilder:94 - HHH000423: Disabling contextual LOB creation as JDBC driver reported JDBC version [3] less than 4
14:09:58,175  WARN CachingRegionFactory:53 - CachingRegionFactory should be only used for testing.
14:09:58,178  INFO CustomRunner:139 - Test: testDefaultPropertyAccess
14:09:58,183  INFO DriverManagerConnectionProviderImpl:99 - HHH000402: Using Hibernate built-in connection pool (not for production use!)
14:09:58,184  INFO DriverManagerConnectionProviderImpl:135 - HHH000115: Hibernate connection pool size: 5
14:09:58,184  INFO DriverManagerConnectionProviderImpl:138 - HHH000006: Autocommit mode: false
14:09:58,184  INFO DriverManagerConnectionProviderImpl:153 - HHH000401: using driver [org.h2.Driver] at URL [jdbc:h2:mem:db1;DB_CLOSE_DELAY=-1;MVCC=TRUE]
14:09:58,184  INFO DriverManagerConnectionProviderImpl:158 - HHH000046: Connection properties: {user=sa}
14:09:58,188  INFO Dialect:103 - HHH000400: Using dialect: org.hibernate.dialect.H2Dialect
14:09:58,189  INFO LobCreatorBuilder:94 - HHH000423: Disabling contextual LOB creation as JDBC driver reported JDBC version [3] less than 4
14:09:58,190  WARN CachingRegionFactory:53 - CachingRegionFactory should be only used for testing.
14:09:58,192  INFO CustomRunner:139 - Test: testExplicitClassConfiguredAccess
14:09:58,200  INFO DriverManagerConnectionProviderImpl:99 - HHH000402: Using Hibernate built-in connection pool (not for production use!)
14:09:58,200  INFO DriverManagerConnectionProviderImpl:135 - HHH000115: Hibernate connection pool size: 5
14:09:58,200  INFO DriverManagerConnectionProviderImpl:138 - HHH000006: Autocommit mode: false
14:09:58,201  INFO DriverManagerConnectionProviderImpl:153 - HHH000401: using driver [org.h2.Driver] at URL [jdbc:h2:mem:db1;DB_CLOSE_DELAY=-1;MVCC=TRUE]
14:09:58,201  INFO DriverManagerConnectionProviderImpl:158 - HHH000046: Connection properties: {user=sa}
14:09:58,205  INFO Dialect:103 - HHH000400: Using dialect: org.hibernate.dialect.H2Dialect
14:09:58,205  INFO LobCreatorBuilder:94 - HHH000423: Disabling contextual LOB creation as JDBC driver reported JDBC version [3] less than 4
14:09:58,207  WARN CachingRegionFactory:53 - CachingRegionFactory should be only used for testing.
14:09:58,214  INFO CustomRunner:139 - Test: testMixedAccess
14:09:58,218  INFO DriverManagerConnectionProviderImpl:99 - HHH000402: Using Hibernate built-in connection pool (not for production use!)
14:09:58,219  INFO DriverManagerConnectionProviderImpl:135 - HHH000115: Hibernate connection pool size: 5
14:09:58,219  INFO DriverManagerConnectionProviderImpl:138 - HHH000006: Autocommit mode: false
14:09:58,219  INFO DriverManagerConnectionProviderImpl:153 - HHH000401: using driver [org.h2.Driver] at URL [jdbc:h2:mem:db1;DB_CLOSE_DELAY=-1;MVCC=TRUE]
14:09:58,219  INFO DriverManagerConnectionProviderImpl:158 - HHH000046: Connection properties: {user=sa}
14:09:58,224  INFO Dialect:103 - HHH000400: Using dialect: org.hibernate.dialect.H2Dialect
14:09:58,225  INFO LobCreatorBuilder:94 - HHH000423: Disabling contextual LOB creation as JDBC driver reported JDBC version [3] less than 4
14:09:58,227  WARN CachingRegionFactory:53 - CachingRegionFactory should be only used for testing.
14:09:58,232  INFO CustomRunner:139 - Test: testNoAccess
14:09:58,237  INFO DriverManagerConnectionProviderImpl:99 - HHH000402: Using Hibernate built-in connection pool (not for production use!)
14:09:58,238  INFO DriverManagerConnectionProviderImpl:135 - HHH000115: Hibernate connection pool size: 5
14:09:58,238  INFO DriverManagerConnectionProviderImpl:138 - HHH000006: Autocommit mode: false
14:09:58,238  INFO DriverManagerConnectionProviderImpl:153 - HHH000401: using driver [org.h2.Driver] at URL [jdbc:h2:mem:db1;DB_CLOSE_DELAY=-1;MVCC=TRUE]
14:09:58,238  INFO DriverManagerConnectionProviderImpl:158 - HHH000046: Connection properties: {user=sa}
14:09:58,242  INFO Dialect:103 - HHH000400: Using dialect: org.hibernate.dialect.H2Dialect
14:09:58,242  INFO LobCreatorBuilder:94 - HHH000423: Disabling contextual LOB creation as JDBC driver reported JDBC version [3] less than 4
]]></system-out>
  <system-err><![CDATA[]]></system-err>
</testsuite>
