<?xml version="1.0" encoding="UTF-8"?>
<testsuite errors="0" failures="0" hostname="dhcp-10.15.208.168.stl.redhat.com" name="org.hibernate.test.cascade.circle.CascadeMergeToChildBeforeParentTest" tests="3" time="0.477" timestamp="2013-02-28T20:11:41">
  <properties />
  <testcase classname="org.hibernate.test.cascade.circle.CascadeMergeToChildBeforeParentTest" name="testMerge" time="0.137" />
  <testcase classname="org.hibernate.test.cascade.circle.CascadeMergeToChildBeforeParentTest" name="testMergeData3Nodes" time="0.128" />
  <testcase classname="org.hibernate.test.cascade.circle.CascadeMergeToChildBeforeParentTest" name="testMergeTransientChildBeforeTransientParent" time="0.071" />
  <system-out><![CDATA[14:11:41,161  INFO CustomRunner:132 - BeforeClass: org.hibernate.test.cascade.circle.CascadeMergeToChildBeforeParentTest
14:11:41,164  INFO Configuration:706 - HHH000221: Reading mappings from resource: org/hibernate/test/cascade/circle/CascadeMergeToChildBeforeParent.hbm.xml
14:11:41,206  INFO DriverManagerConnectionProviderImpl:99 - HHH000402: Using Hibernate built-in connection pool (not for production use!)
14:11:41,206  INFO DriverManagerConnectionProviderImpl:135 - HHH000115: Hibernate connection pool size: 5
14:11:41,207  INFO DriverManagerConnectionProviderImpl:138 - HHH000006: Autocommit mode: false
14:11:41,207  INFO DriverManagerConnectionProviderImpl:153 - HHH000401: using driver [org.h2.Driver] at URL [jdbc:h2:mem:db1;DB_CLOSE_DELAY=-1;MVCC=TRUE]
14:11:41,207  INFO DriverManagerConnectionProviderImpl:158 - HHH000046: Connection properties: {user=sa}
14:11:41,209  INFO Dialect:103 - HHH000400: Using dialect: org.hibernate.dialect.H2Dialect
14:11:41,209  INFO LobCreatorBuilder:94 - HHH000423: Disabling contextual LOB creation as JDBC driver reported JDBC version [3] less than 4
14:11:41,210  INFO TransactionFactoryInitiator:66 - HHH000399: Using default transaction strategy (direct JDBC transactions)
14:11:41,210  INFO ASTQueryTranslatorFactory:48 - HHH000397: Using ASTQueryTranslatorFactory
14:11:41,210  WARN CachingRegionFactory:58 - CachingRegionFactory should be only used for testing.
14:11:41,257  INFO SchemaExport:343 - HHH000227: Running hbm2ddl schema export
14:11:41,258 DEBUG SchemaExport:353 - Import file not found: /import.sql
14:11:41,258 DEBUG SQL:104 - 
    alter table HB_Node 
        drop constraint FK56C05E47493B64DF
14:11:41,258 ERROR SchemaExport:425 - HHH000389: Unsuccessful: alter table HB_Node drop constraint FK56C05E47493B64DF
14:11:41,258 ERROR SchemaExport:426 - Table "HB_NODE" not found; SQL statement:

    alter table HB_Node 
        drop constraint FK56C05E47493B64DF [42102-145]
14:11:41,258 DEBUG SQL:104 - 
    alter table HB_Node 
        drop constraint FK56C05E475C75419
14:11:41,259 ERROR SchemaExport:425 - HHH000389: Unsuccessful: alter table HB_Node drop constraint FK56C05E475C75419
14:11:41,259 ERROR SchemaExport:426 - Table "HB_NODE" not found; SQL statement:

    alter table HB_Node 
        drop constraint FK56C05E475C75419 [42102-145]
14:11:41,259 DEBUG SQL:104 - 
    alter table HB_Transport 
        drop constraint FKEA62AA047AA9D669
14:11:41,259 ERROR SchemaExport:425 - HHH000389: Unsuccessful: alter table HB_Transport drop constraint FKEA62AA047AA9D669
14:11:41,259 ERROR SchemaExport:426 - Table "HB_TRANSPORT" not found; SQL statement:

    alter table HB_Transport 
        drop constraint FKEA62AA047AA9D669 [42102-145]
14:11:41,259 DEBUG SQL:104 - 
    alter table HB_Transport 
        drop constraint FKEA62AA04FC84EDE1
14:11:41,260 ERROR SchemaExport:425 - HHH000389: Unsuccessful: alter table HB_Transport drop constraint FKEA62AA04FC84EDE1
14:11:41,260 ERROR SchemaExport:426 - Table "HB_TRANSPORT" not found; SQL statement:

    alter table HB_Transport 
        drop constraint FKEA62AA04FC84EDE1 [42102-145]
14:11:41,260 DEBUG SQL:104 - 
    alter table HB_Transport 
        drop constraint FKEA62AA042976DD65
14:11:41,260 ERROR SchemaExport:425 - HHH000389: Unsuccessful: alter table HB_Transport drop constraint FKEA62AA042976DD65
14:11:41,260 ERROR SchemaExport:426 - Table "HB_TRANSPORT" not found; SQL statement:

    alter table HB_Transport 
        drop constraint FKEA62AA042976DD65 [42102-145]
14:11:41,260 DEBUG SQL:104 - 
    alter table HB_Vehicle 
        drop constraint FKF2783CC7493B64DF
14:11:41,261 ERROR SchemaExport:425 - HHH000389: Unsuccessful: alter table HB_Vehicle drop constraint FKF2783CC7493B64DF
14:11:41,261 ERROR SchemaExport:426 - Table "HB_VEHICLE" not found; SQL statement:

    alter table HB_Vehicle 
        drop constraint FKF2783CC7493B64DF [42102-145]
14:11:41,261 DEBUG SQL:104 - 
    drop table HB_Node if exists
14:11:41,261 DEBUG SQL:104 - 
    drop table HB_Route if exists
14:11:41,261 DEBUG SQL:104 - 
    drop table HB_Tour if exists
14:11:41,261 DEBUG SQL:104 - 
    drop table HB_Transport if exists
14:11:41,261 DEBUG SQL:104 - 
    drop table HB_Vehicle if exists
14:11:41,262 DEBUG SQL:104 - 
    create table HB_Node (
        nodeID bigint generated by default as identity,
        VERS bigint not null,
        name varchar(255) not null,
        routeID bigint not null,
        tourID bigint,
        primary key (nodeID)
    )
14:11:41,262 DEBUG SQL:104 - 
    create table HB_Route (
        routeID bigint generated by default as identity,
        VERS bigint not null,
        name varchar(255) not null,
        primary key (routeID)
    )
14:11:41,263 DEBUG SQL:104 - 
    create table HB_Tour (
        tourID bigint generated by default as identity,
        VERS bigint not null,
        name varchar(255) not null,
        primary key (tourID)
    )
14:11:41,263 DEBUG SQL:104 - 
    create table HB_Transport (
        transportID bigint generated by default as identity,
        VERS bigint not null,
        name varchar(255) not null,
        pickupNodeID bigint not null,
        deliveryNodeID bigint not null,
        vehicleID bigint not null,
        primary key (transportID)
    )
14:11:41,264 DEBUG SQL:104 - 
    create table HB_Vehicle (
        vehicleID bigint generated by default as identity,
        VERS bigint not null,
        name varchar(255),
        routeID bigint not null,
        primary key (vehicleID)
    )
14:11:41,264 DEBUG SQL:104 - 
    alter table HB_Node 
        add constraint FK56C05E47493B64DF 
        foreign key (routeID) 
        references HB_Route
14:11:41,265 DEBUG SQL:104 - 
    alter table HB_Node 
        add constraint FK56C05E475C75419 
        foreign key (tourID) 
        references HB_Tour
14:11:41,266 DEBUG SQL:104 - 
    alter table HB_Transport 
        add constraint uc_HB_Transport_1 unique (pickupNodeID)
14:11:41,267 DEBUG SQL:104 - 
    alter table HB_Transport 
        add constraint uc_HB_Transport_2 unique (deliveryNodeID)
14:11:41,267 DEBUG SQL:104 - 
    alter table HB_Transport 
        add constraint FKEA62AA047AA9D669 
        foreign key (pickupNodeID) 
        references HB_Node
14:11:41,268 DEBUG SQL:104 - 
    alter table HB_Transport 
        add constraint FKEA62AA04FC84EDE1 
        foreign key (deliveryNodeID) 
        references HB_Node
14:11:41,269 DEBUG SQL:104 - 
    alter table HB_Transport 
        add constraint FKEA62AA042976DD65 
        foreign key (vehicleID) 
        references HB_Vehicle
14:11:41,269 DEBUG SQL:104 - 
    alter table HB_Vehicle 
        add constraint FKF2783CC7493B64DF 
        foreign key (routeID) 
        references HB_Route
14:11:41,273  INFO SchemaExport:405 - HHH000230: Schema export complete
14:11:41,274  WARN SessionFactoryImpl:1554 - HHH000008: JTASessionContext being used with JDBCTransactionFactory; auto-flush will not operate correctly with getCurrentSession()
14:11:41,274  INFO CustomRunner:139 - Test: testMerge
14:11:41,283 DEBUG SQL:104 - 
    insert 
    into
        HB_Route
        (routeID, VERS, name) 
    values
        (null, ?, ?)
14:11:41,285 DEBUG SQL:104 - 
    select
        route0_.routeID as routeID1_0_,
        route0_.VERS as VERS1_0_,
        route0_.name as name1_0_ 
    from
        HB_Route route0_ 
    where
        route0_.routeID=?
14:11:41,286 DEBUG SQL:104 - 
    select
        nodes0_.routeID as routeID1_1_,
        nodes0_.nodeID as nodeID0_1_,
        nodes0_.nodeID as nodeID0_0_,
        nodes0_.VERS as VERS0_0_,
        nodes0_.name as name0_0_,
        nodes0_.routeID as routeID0_0_,
        nodes0_.tourID as tourID0_0_ 
    from
        HB_Node nodes0_ 
    where
        nodes0_.routeID=?
14:11:41,291 DEBUG SQL:104 - 
    insert 
    into
        HB_Tour
        (tourID, VERS, name) 
    values
        (null, ?, ?)
14:11:41,293 DEBUG SQL:104 - 
    insert 
    into
        HB_Node
        (nodeID, VERS, name, routeID, tourID) 
    values
        (null, ?, ?, ?, ?)
14:11:41,294 DEBUG SQL:104 - 
    insert 
    into
        HB_Node
        (nodeID, VERS, name, routeID, tourID) 
    values
        (null, ?, ?, ?, ?)
14:11:41,296 DEBUG SQL:104 - 
    update
        HB_Route 
    set
        VERS=?,
        name=? 
    where
        routeID=? 
        and VERS=?
14:11:41,297 DEBUG SQL:104 - 
    update
        HB_Tour 
    set
        VERS=?,
        name=? 
    where
        tourID=? 
        and VERS=?
14:11:41,335 DEBUG QueryTranslatorImpl:265 - parse() - HQL: delete from org.hibernate.test.cascade.circle.Transport
14:11:41,350 DEBUG QueryTranslatorImpl:283 - --- HQL AST ---
 \-[DELETE] Node: 'delete'
    \-[FROM] Node: 'FROM'
       \-[RANGE] Node: 'RANGE'
          \-[DOT] Node: '.'
             +-[DOT] Node: '.'
             |  +-[DOT] Node: '.'
             |  |  +-[DOT] Node: '.'
             |  |  |  +-[DOT] Node: '.'
             |  |  |  |  +-[IDENT] Node: 'org'
             |  |  |  |  \-[IDENT] Node: 'hibernate'
             |  |  |  \-[IDENT] Node: 'test'
             |  |  \-[IDENT] Node: 'cascade'
             |  \-[IDENT] Node: 'circle'
             \-[IDENT] Node: 'Transport'

14:11:41,351 DEBUG ErrorCounter:82 - throwQueryException() : no errors
14:11:41,351 DEBUG FromElement:157 - FromClause{level=1} : org.hibernate.test.cascade.circle.Transport (<no alias>) -> transport0_
14:11:41,351 DEBUG QueryTranslatorImpl:252 - --- SQL AST ---
 \-[DELETE] DeleteStatement: 'delete'  querySpaces (HB_Transport)
    \-[FROM] FromClause: 'FROM' FromClause{level=1, fromElementCounter=1, fromElements=1, fromElementByClassAlias=[], fromElementByTableAlias=[transport0_], fromElementsByPath=[], collectionJoinFromElementsByPath=[], impliedElements=[]}
       \-[FROM_FRAGMENT] FromElement: 'HB_Transport' FromElement{explicit,not a collection join,not a fetch join,fetch non-lazy properties,classAlias=null,role=null,tableName=HB_Transport,tableAlias=transport0_,origin=null,columns={,className=org.hibernate.test.cascade.circle.Transport}}

14:11:41,351 DEBUG ErrorCounter:82 - throwQueryException() : no errors
14:11:41,351 DEBUG ErrorCounter:82 - throwQueryException() : no errors
14:11:41,352 DEBUG QueryTranslatorImpl:265 - parse() - HQL: delete from org.hibernate.test.cascade.circle.Tour
14:11:41,353 DEBUG QueryTranslatorImpl:283 - --- HQL AST ---
 \-[DELETE] Node: 'delete'
    \-[FROM] Node: 'FROM'
       \-[RANGE] Node: 'RANGE'
          \-[DOT] Node: '.'
             +-[DOT] Node: '.'
             |  +-[DOT] Node: '.'
             |  |  +-[DOT] Node: '.'
             |  |  |  +-[DOT] Node: '.'
             |  |  |  |  +-[IDENT] Node: 'org'
             |  |  |  |  \-[IDENT] Node: 'hibernate'
             |  |  |  \-[IDENT] Node: 'test'
             |  |  \-[IDENT] Node: 'cascade'
             |  \-[IDENT] Node: 'circle'
             \-[IDENT] Node: 'Tour'

14:11:41,354 DEBUG ErrorCounter:82 - throwQueryException() : no errors
14:11:41,354 DEBUG FromElement:157 - FromClause{level=1} : org.hibernate.test.cascade.circle.Tour (<no alias>) -> tour0_
14:11:41,355 DEBUG QueryTranslatorImpl:252 - --- SQL AST ---
 \-[DELETE] DeleteStatement: 'delete'  querySpaces (HB_Tour)
    \-[FROM] FromClause: 'FROM' FromClause{level=1, fromElementCounter=1, fromElements=1, fromElementByClassAlias=[], fromElementByTableAlias=[tour0_], fromElementsByPath=[], collectionJoinFromElementsByPath=[], impliedElements=[]}
       \-[FROM_FRAGMENT] FromElement: 'HB_Tour' FromElement{explicit,not a collection join,not a fetch join,fetch non-lazy properties,classAlias=null,role=null,tableName=HB_Tour,tableAlias=tour0_,origin=null,columns={,className=org.hibernate.test.cascade.circle.Tour}}

14:11:41,355 DEBUG ErrorCounter:82 - throwQueryException() : no errors
14:11:41,355 DEBUG ErrorCounter:82 - throwQueryException() : no errors
14:11:41,356 DEBUG QueryTranslatorImpl:265 - parse() - HQL: delete from org.hibernate.test.cascade.circle.Node
14:11:41,357 DEBUG QueryTranslatorImpl:283 - --- HQL AST ---
 \-[DELETE] Node: 'delete'
    \-[FROM] Node: 'FROM'
       \-[RANGE] Node: 'RANGE'
          \-[DOT] Node: '.'
             +-[DOT] Node: '.'
             |  +-[DOT] Node: '.'
             |  |  +-[DOT] Node: '.'
             |  |  |  +-[DOT] Node: '.'
             |  |  |  |  +-[IDENT] Node: 'org'
             |  |  |  |  \-[IDENT] Node: 'hibernate'
             |  |  |  \-[IDENT] Node: 'test'
             |  |  \-[IDENT] Node: 'cascade'
             |  \-[IDENT] Node: 'circle'
             \-[IDENT] Node: 'Node'

14:11:41,357 DEBUG ErrorCounter:82 - throwQueryException() : no errors
14:11:41,357 DEBUG FromElement:157 - FromClause{level=1} : org.hibernate.test.cascade.circle.Node (<no alias>) -> node0_
14:11:41,357 DEBUG QueryTranslatorImpl:252 - --- SQL AST ---
 \-[DELETE] DeleteStatement: 'delete'  querySpaces (HB_Node)
    \-[FROM] FromClause: 'FROM' FromClause{level=1, fromElementCounter=1, fromElements=1, fromElementByClassAlias=[], fromElementByTableAlias=[node0_], fromElementsByPath=[], collectionJoinFromElementsByPath=[], impliedElements=[]}
       \-[FROM_FRAGMENT] FromElement: 'HB_Node' FromElement{explicit,not a collection join,not a fetch join,fetch non-lazy properties,classAlias=null,role=null,tableName=HB_Node,tableAlias=node0_,origin=null,columns={,className=org.hibernate.test.cascade.circle.Node}}

14:11:41,358 DEBUG ErrorCounter:82 - throwQueryException() : no errors
14:11:41,358 DEBUG ErrorCounter:82 - throwQueryException() : no errors
14:11:41,358 DEBUG QueryTranslatorImpl:265 - parse() - HQL: delete from org.hibernate.test.cascade.circle.Route
14:11:41,360 DEBUG QueryTranslatorImpl:283 - --- HQL AST ---
 \-[DELETE] Node: 'delete'
    \-[FROM] Node: 'FROM'
       \-[RANGE] Node: 'RANGE'
          \-[DOT] Node: '.'
             +-[DOT] Node: '.'
             |  +-[DOT] Node: '.'
             |  |  +-[DOT] Node: '.'
             |  |  |  +-[DOT] Node: '.'
             |  |  |  |  +-[IDENT] Node: 'org'
             |  |  |  |  \-[IDENT] Node: 'hibernate'
             |  |  |  \-[IDENT] Node: 'test'
             |  |  \-[IDENT] Node: 'cascade'
             |  \-[IDENT] Node: 'circle'
             \-[IDENT] Node: 'Route'

14:11:41,383 DEBUG ErrorCounter:82 - throwQueryException() : no errors
14:11:41,384 DEBUG FromElement:157 - FromClause{level=1} : org.hibernate.test.cascade.circle.Route (<no alias>) -> route0_
14:11:41,385 DEBUG QueryTranslatorImpl:252 - --- SQL AST ---
 \-[DELETE] DeleteStatement: 'delete'  querySpaces (HB_Route)
    \-[FROM] FromClause: 'FROM' FromClause{level=1, fromElementCounter=1, fromElements=1, fromElementByClassAlias=[], fromElementByTableAlias=[route0_], fromElementsByPath=[], collectionJoinFromElementsByPath=[], impliedElements=[]}
       \-[FROM_FRAGMENT] FromElement: 'HB_Route' FromElement{explicit,not a collection join,not a fetch join,fetch non-lazy properties,classAlias=null,role=null,tableName=HB_Route,tableAlias=route0_,origin=null,columns={,className=org.hibernate.test.cascade.circle.Route}}

14:11:41,385 DEBUG ErrorCounter:82 - throwQueryException() : no errors
14:11:41,385 DEBUG ErrorCounter:82 - throwQueryException() : no errors
14:11:41,386 DEBUG QueryTranslatorImpl:265 - parse() - HQL: delete from org.hibernate.test.cascade.circle.Vehicle
14:11:41,388 DEBUG QueryTranslatorImpl:283 - --- HQL AST ---
 \-[DELETE] Node: 'delete'
    \-[FROM] Node: 'FROM'
       \-[RANGE] Node: 'RANGE'
          \-[DOT] Node: '.'
             +-[DOT] Node: '.'
             |  +-[DOT] Node: '.'
             |  |  +-[DOT] Node: '.'
             |  |  |  +-[DOT] Node: '.'
             |  |  |  |  +-[IDENT] Node: 'org'
             |  |  |  |  \-[IDENT] Node: 'hibernate'
             |  |  |  \-[IDENT] Node: 'test'
             |  |  \-[IDENT] Node: 'cascade'
             |  \-[IDENT] Node: 'circle'
             \-[IDENT] Node: 'Vehicle'

14:11:41,388 DEBUG ErrorCounter:82 - throwQueryException() : no errors
14:11:41,402 DEBUG FromElement:157 - FromClause{level=1} : org.hibernate.test.cascade.circle.Vehicle (<no alias>) -> vehicle0_
14:11:41,403 DEBUG QueryTranslatorImpl:252 - --- SQL AST ---
 \-[DELETE] DeleteStatement: 'delete'  querySpaces (HB_Vehicle)
    \-[FROM] FromClause: 'FROM' FromClause{level=1, fromElementCounter=1, fromElements=1, fromElementByClassAlias=[], fromElementByTableAlias=[vehicle0_], fromElementsByPath=[], collectionJoinFromElementsByPath=[], impliedElements=[]}
       \-[FROM_FRAGMENT] FromElement: 'HB_Vehicle' FromElement{explicit,not a collection join,not a fetch join,fetch non-lazy properties,classAlias=null,role=null,tableName=HB_Vehicle,tableAlias=vehicle0_,origin=null,columns={,className=org.hibernate.test.cascade.circle.Vehicle}}

14:11:41,403 DEBUG ErrorCounter:82 - throwQueryException() : no errors
14:11:41,403 DEBUG ErrorCounter:82 - throwQueryException() : no errors
14:11:41,412  INFO CustomRunner:139 - Test: testMergeData3Nodes
14:11:41,417 DEBUG SQL:104 - 
    insert 
    into
        HB_Route
        (routeID, VERS, name) 
    values
        (null, ?, ?)
14:11:41,418 DEBUG SQL:104 - 
    select
        route0_.routeID as routeID1_0_,
        route0_.VERS as VERS1_0_,
        route0_.name as name1_0_ 
    from
        HB_Route route0_ 
    where
        route0_.routeID=?
14:11:41,419 DEBUG SQL:104 - 
    select
        nodes0_.routeID as routeID1_1_,
        nodes0_.nodeID as nodeID0_1_,
        nodes0_.nodeID as nodeID0_0_,
        nodes0_.VERS as VERS0_0_,
        nodes0_.name as name0_0_,
        nodes0_.routeID as routeID0_0_,
        nodes0_.tourID as tourID0_0_ 
    from
        HB_Node nodes0_ 
    where
        nodes0_.routeID=?
14:11:41,419 DEBUG SQL:104 - 
    select
        tour0_.tourID as tourID2_0_,
        tour0_.VERS as VERS2_0_,
        tour0_.name as name2_0_ 
    from
        HB_Tour tour0_ 
    where
        tour0_.tourID=?
14:11:41,457 DEBUG SQL:104 - 
    select
        vehicles0_.routeID as routeID1_1_,
        vehicles0_.vehicleID as vehicleID4_1_,
        vehicles0_.vehicleID as vehicleID4_0_,
        vehicles0_.VERS as VERS4_0_,
        vehicles0_.name as name4_0_,
        vehicles0_.routeID as routeID4_0_ 
    from
        HB_Vehicle vehicles0_ 
    where
        vehicles0_.routeID=?
14:11:41,470 DEBUG SQL:104 - 
    insert 
    into
        HB_Tour
        (tourID, VERS, name) 
    values
        (null, ?, ?)
14:11:41,472 DEBUG SQL:104 - 
    insert 
    into
        HB_Node
        (nodeID, VERS, name, routeID, tourID) 
    values
        (null, ?, ?, ?, ?)
14:11:41,473 DEBUG SQL:104 - 
    insert 
    into
        HB_Node
        (nodeID, VERS, name, routeID, tourID) 
    values
        (null, ?, ?, ?, ?)
14:11:41,476 DEBUG SQL:104 - 
    insert 
    into
        HB_Node
        (nodeID, VERS, name, routeID, tourID) 
    values
        (null, ?, ?, ?, ?)
14:11:41,478 DEBUG SQL:104 - 
    insert 
    into
        HB_Vehicle
        (vehicleID, VERS, name, routeID) 
    values
        (null, ?, ?, ?)
14:11:41,479 DEBUG SQL:104 - 
    insert 
    into
        HB_Transport
        (transportID, VERS, name, pickupNodeID, deliveryNodeID, vehicleID) 
    values
        (null, ?, ?, ?, ?, ?)
14:11:41,479 DEBUG SQL:104 - 
    insert 
    into
        HB_Transport
        (transportID, VERS, name, pickupNodeID, deliveryNodeID, vehicleID) 
    values
        (null, ?, ?, ?, ?, ?)
14:11:41,481 DEBUG SQL:104 - 
    update
        HB_Route 
    set
        VERS=?,
        name=? 
    where
        routeID=? 
        and VERS=?
14:11:41,482 DEBUG SQL:104 - 
    update
        HB_Tour 
    set
        VERS=?,
        name=? 
    where
        tourID=? 
        and VERS=?
14:11:41,510 DEBUG SQL:104 - 
    update
        HB_Node 
    set
        VERS=?,
        name=?,
        routeID=?,
        tourID=? 
    where
        nodeID=? 
        and VERS=?
14:11:41,511 DEBUG SQL:104 - 
    update
        HB_Node 
    set
        VERS=?,
        name=?,
        routeID=?,
        tourID=? 
    where
        nodeID=? 
        and VERS=?
14:11:41,528 DEBUG SQL:104 - 
    update
        HB_Node 
    set
        VERS=?,
        name=?,
        routeID=?,
        tourID=? 
    where
        nodeID=? 
        and VERS=?
14:11:41,528 DEBUG SQL:104 - 
    update
        HB_Vehicle 
    set
        VERS=?,
        name=?,
        routeID=? 
    where
        vehicleID=? 
        and VERS=?
14:11:41,529 DEBUG SQL:104 - 
    update
        HB_Transport 
    set
        vehicleID=? 
    where
        transportID=?
14:11:41,529 DEBUG SQL:104 - 
    update
        HB_Transport 
    set
        vehicleID=? 
    where
        transportID=?
14:11:41,541  INFO CustomRunner:139 - Test: testMergeTransientChildBeforeTransientParent
14:11:41,542 DEBUG SQL:104 - 
    insert 
    into
        HB_Route
        (routeID, VERS, name) 
    values
        (null, ?, ?)
14:11:41,543 DEBUG SQL:104 - 
    select
        route0_.routeID as routeID1_0_,
        route0_.VERS as VERS1_0_,
        route0_.name as name1_0_ 
    from
        HB_Route route0_ 
    where
        route0_.routeID=?
14:11:41,544 DEBUG SQL:104 - 
    select
        nodes0_.routeID as routeID1_1_,
        nodes0_.nodeID as nodeID0_1_,
        nodes0_.nodeID as nodeID0_0_,
        nodes0_.VERS as VERS0_0_,
        nodes0_.name as name0_0_,
        nodes0_.routeID as routeID0_0_,
        nodes0_.tourID as tourID0_0_ 
    from
        HB_Node nodes0_ 
    where
        nodes0_.routeID=?
14:11:41,544 DEBUG SQL:104 - 
    select
        tour0_.tourID as tourID2_0_,
        tour0_.VERS as VERS2_0_,
        tour0_.name as name2_0_ 
    from
        HB_Tour tour0_ 
    where
        tour0_.tourID=?
14:11:41,565 DEBUG SQL:104 - 
    select
        tour0_.tourID as tourID2_0_,
        tour0_.VERS as VERS2_0_,
        tour0_.name as name2_0_ 
    from
        HB_Tour tour0_ 
    where
        tour0_.tourID=?
14:11:41,566 DEBUG SQL:104 - 
    select
        vehicles0_.routeID as routeID1_1_,
        vehicles0_.vehicleID as vehicleID4_1_,
        vehicles0_.vehicleID as vehicleID4_0_,
        vehicles0_.VERS as VERS4_0_,
        vehicles0_.name as name4_0_,
        vehicles0_.routeID as routeID4_0_ 
    from
        HB_Vehicle vehicles0_ 
    where
        vehicles0_.routeID=?
14:11:41,568 DEBUG SQL:104 - 
    insert 
    into
        HB_Tour
        (tourID, VERS, name) 
    values
        (null, ?, ?)
14:11:41,569 DEBUG SQL:104 - 
    insert 
    into
        HB_Node
        (nodeID, VERS, name, routeID, tourID) 
    values
        (null, ?, ?, ?, ?)
14:11:41,581 DEBUG SQL:104 - 
    insert 
    into
        HB_Node
        (nodeID, VERS, name, routeID, tourID) 
    values
        (null, ?, ?, ?, ?)
14:11:41,582 DEBUG SQL:104 - 
    insert 
    into
        HB_Vehicle
        (vehicleID, VERS, name, routeID) 
    values
        (null, ?, ?, ?)
14:11:41,582 DEBUG SQL:104 - 
    insert 
    into
        HB_Transport
        (transportID, VERS, name, pickupNodeID, deliveryNodeID, vehicleID) 
    values
        (null, ?, ?, ?, ?, ?)
14:11:41,584 DEBUG SQL:104 - 
    update
        HB_Route 
    set
        VERS=?,
        name=? 
    where
        routeID=? 
        and VERS=?
14:11:41,599 DEBUG SQL:104 - 
    update
        HB_Tour 
    set
        VERS=?,
        name=? 
    where
        tourID=? 
        and VERS=?
14:11:41,599 DEBUG SQL:104 - 
    update
        HB_Node 
    set
        VERS=?,
        name=?,
        routeID=?,
        tourID=? 
    where
        nodeID=? 
        and VERS=?
14:11:41,600 DEBUG SQL:104 - 
    update
        HB_Node 
    set
        VERS=?,
        name=?,
        routeID=?,
        tourID=? 
    where
        nodeID=? 
        and VERS=?
14:11:41,611 DEBUG SQL:104 - 
    update
        HB_Vehicle 
    set
        VERS=?,
        name=?,
        routeID=? 
    where
        vehicleID=? 
        and VERS=?
14:11:41,612 DEBUG SQL:104 - 
    update
        HB_Transport 
    set
        vehicleID=? 
    where
        transportID=?
14:11:41,613  INFO SchemaExport:343 - HHH000227: Running hbm2ddl schema export
14:11:41,613 DEBUG SchemaExport:353 - Import file not found: /import.sql
14:11:41,614 DEBUG SQL:104 - 
    alter table HB_Node 
        drop constraint FK56C05E47493B64DF
14:11:41,614 DEBUG SQL:104 - 
    alter table HB_Node 
        drop constraint FK56C05E475C75419
14:11:41,631 DEBUG SQL:104 - 
    alter table HB_Transport 
        drop constraint FKEA62AA047AA9D669
14:11:41,631 DEBUG SQL:104 - 
    alter table HB_Transport 
        drop constraint FKEA62AA04FC84EDE1
14:11:41,632 DEBUG SQL:104 - 
    alter table HB_Transport 
        drop constraint FKEA62AA042976DD65
14:11:41,632 DEBUG SQL:104 - 
    alter table HB_Vehicle 
        drop constraint FKF2783CC7493B64DF
14:11:41,632 DEBUG SQL:104 - 
    drop table HB_Node if exists
14:11:41,632 DEBUG SQL:104 - 
    drop table HB_Route if exists
14:11:41,632 DEBUG SQL:104 - 
    drop table HB_Tour if exists
14:11:41,633 DEBUG SQL:104 - 
    drop table HB_Transport if exists
14:11:41,633 DEBUG SQL:104 - 
    drop table HB_Vehicle if exists
14:11:41,633  INFO SchemaExport:405 - HHH000230: Schema export complete
14:11:41,634  INFO DriverManagerConnectionProviderImpl:162 - HHH000030: Cleaning up connection pool [jdbc:h2:mem:db1;DB_CLOSE_DELAY=-1;MVCC=TRUE]
]]></system-out>
  <system-err><![CDATA[]]></system-err>
</testsuite>
