<?xml version="1.0" encoding="UTF-8"?>
<testsuite errors="0" failures="0" hostname="dhcp-10.15.208.168.stl.redhat.com" name="org.hibernate.test.annotations.beanvalidation.DDLTest" tests="6" time="0.166" timestamp="2013-02-28T20:10:10">
  <properties />
  <testcase classname="org.hibernate.test.annotations.beanvalidation.DDLTest" name="testApplyOnIdColumn" time="0.001" />
  <testcase classname="org.hibernate.test.annotations.beanvalidation.DDLTest" name="testApplyOnManyToOne" time="0.002" />
  <testcase classname="org.hibernate.test.annotations.beanvalidation.DDLTest" name="testBasicDDL" time="0.0" />
  <testcase classname="org.hibernate.test.annotations.beanvalidation.DDLTest" name="testLengthConstraint" time="0.001" />
  <testcase classname="org.hibernate.test.annotations.beanvalidation.DDLTest" name="testNotNullOnlyAppliedIfEmbeddedIsNotNullItself" time="0.001" />
  <testcase classname="org.hibernate.test.annotations.beanvalidation.DDLTest" name="testSingleTableAvoidNotNull" time="0.001" />
  <system-out><![CDATA[14:10:10,059  INFO CustomRunner:132 - BeforeClass: org.hibernate.test.annotations.beanvalidation.DDLTest
14:10:10,096  INFO DriverManagerConnectionProviderImpl:99 - HHH000402: Using Hibernate built-in connection pool (not for production use!)
14:10:10,097  INFO DriverManagerConnectionProviderImpl:135 - HHH000115: Hibernate connection pool size: 5
14:10:10,097  INFO DriverManagerConnectionProviderImpl:138 - HHH000006: Autocommit mode: false
14:10:10,097  INFO DriverManagerConnectionProviderImpl:153 - HHH000401: using driver [org.h2.Driver] at URL [jdbc:h2:mem:db1;DB_CLOSE_DELAY=-1;MVCC=TRUE]
14:10:10,097  INFO DriverManagerConnectionProviderImpl:158 - HHH000046: Connection properties: {user=sa}
14:10:10,099  INFO Dialect:103 - HHH000400: Using dialect: org.hibernate.dialect.H2Dialect
14:10:10,099  INFO LobCreatorBuilder:94 - HHH000423: Disabling contextual LOB creation as JDBC driver reported JDBC version [3] less than 4
14:10:10,100  INFO TransactionFactoryInitiator:66 - HHH000399: Using default transaction strategy (direct JDBC transactions)
14:10:10,100  INFO ASTQueryTranslatorFactory:48 - HHH000397: Using ASTQueryTranslatorFactory
14:10:10,100  WARN CachingRegionFactory:58 - CachingRegionFactory should be only used for testing.
14:10:10,164  INFO SchemaExport:343 - HHH000227: Running hbm2ddl schema export
14:10:10,165 DEBUG SchemaExport:353 - Import file not found: /import.sql
14:10:10,165 DEBUG SQL:104 - 
    alter table TvOwner 
        drop constraint FK29784D3173BA4E18
14:10:10,165 ERROR SchemaExport:425 - HHH000389: Unsuccessful: alter table TvOwner drop constraint FK29784D3173BA4E18
14:10:10,166 ERROR SchemaExport:426 - Table "TVOWNER" not found; SQL statement:

    alter table TvOwner 
        drop constraint FK29784D3173BA4E18 [42102-145]
14:10:10,166 DEBUG SQL:104 - 
    drop table Address if exists
14:10:10,166 DEBUG SQL:104 - 
    drop table Music if exists
14:10:10,166 DEBUG SQL:104 - 
    drop table Tv if exists
14:10:10,166 DEBUG SQL:104 - 
    drop table TvOwner if exists
14:10:10,167 DEBUG SQL:104 - 
    drop sequence hibernate_sequence
14:10:10,167 ERROR SchemaExport:425 - HHH000389: Unsuccessful: drop sequence hibernate_sequence
14:10:10,167 ERROR SchemaExport:426 - Sequence "HIBERNATE_SEQUENCE" not found; SQL statement:

    drop sequence hibernate_sequence [90036-145]
14:10:10,167 DEBUG SQL:104 - 
    create table Address (
        id bigint not null check (id>=1 AND id<=2000),
        country varchar(20) not null,
        line1 varchar(255) not null,
        line2 varchar(255),
        state varchar(3) not null,
        zip varchar(5) not null,
        primary key (id)
    )
14:10:10,168 DEBUG SQL:104 - 
    create table Music (
        DTYPE varchar(31) not null,
        name varchar(255) not null,
        bit integer,
        primary key (name)
    )
14:10:10,168 DEBUG SQL:104 - 
    create table Tv (
        serial varchar(2) not null,
        description varchar(255),
        expDate timestamp,
        lifetime decimal(19,2) check (lifetime>=1000),
        model varchar(5),
        name varchar(2),
        "time" decimal(19,2),
        size integer not null,
        frequency varchar(255) not null,
        primary key (serial)
    )
14:10:10,169 DEBUG SQL:104 - 
    create table TvOwner (
        id integer not null,
        tv_serial varchar(2) not null,
        primary key (id)
    )
14:10:10,170 DEBUG SQL:104 - 
    alter table TvOwner 
        add constraint FK29784D3173BA4E18 
        foreign key (tv_serial) 
        references Tv
14:10:10,195 DEBUG SQL:104 - 
    create sequence hibernate_sequence start with 1 increment by 1
14:10:10,196  INFO SchemaExport:405 - HHH000230: Schema export complete
14:10:10,197  WARN SessionFactoryImpl:1554 - HHH000008: JTASessionContext being used with JDBCTransactionFactory; auto-flush will not operate correctly with getCurrentSession()
14:10:10,197  INFO CustomRunner:139 - Test: testApplyOnIdColumn
14:10:10,199  INFO CustomRunner:139 - Test: testApplyOnManyToOne
14:10:10,201  INFO CustomRunner:139 - Test: testBasicDDL
14:10:10,202  INFO CustomRunner:139 - Test: testLengthConstraint
14:10:10,204  INFO CustomRunner:139 - Test: testNotNullOnlyAppliedIfEmbeddedIsNotNullItself
14:10:10,206  INFO CustomRunner:139 - Test: testSingleTableAvoidNotNull
14:10:10,209  INFO SchemaExport:343 - HHH000227: Running hbm2ddl schema export
14:10:10,209 DEBUG SchemaExport:353 - Import file not found: /import.sql
14:10:10,210 DEBUG SQL:104 - 
    alter table TvOwner 
        drop constraint FK29784D3173BA4E18
14:10:10,210 DEBUG SQL:104 - 
    drop table Address if exists
14:10:10,211 DEBUG SQL:104 - 
    drop table Music if exists
14:10:10,218 DEBUG SQL:104 - 
    drop table Tv if exists
14:10:10,219 DEBUG SQL:104 - 
    drop table TvOwner if exists
14:10:10,219 DEBUG SQL:104 - 
    drop sequence hibernate_sequence
14:10:10,222  INFO SchemaExport:405 - HHH000230: Schema export complete
14:10:10,223  INFO DriverManagerConnectionProviderImpl:162 - HHH000030: Cleaning up connection pool [jdbc:h2:mem:db1;DB_CLOSE_DELAY=-1;MVCC=TRUE]
]]></system-out>
  <system-err><![CDATA[]]></system-err>
</testsuite>
