<?xml version="1.0" encoding="UTF-8"?>
<testsuite errors="0" failures="0" hostname="dhcp-10.15.208.168.stl.redhat.com" name="org.hibernate.test.annotations.derivedidentities.e1.b2.IdClassGeneratedValueManyToOneTest" tests="1" time="0.258" timestamp="2013-02-28T20:10:20">
  <properties />
  <testcase classname="org.hibernate.test.annotations.derivedidentities.e1.b2.IdClassGeneratedValueManyToOneTest" name="testComplexIdClass" time="0.096" />
  <system-out><![CDATA[14:10:20,486  INFO CustomRunner:132 - BeforeClass: org.hibernate.test.annotations.derivedidentities.e1.b2.IdClassGeneratedValueManyToOneTest
14:10:20,499  INFO DriverManagerConnectionProviderImpl:99 - HHH000402: Using Hibernate built-in connection pool (not for production use!)
14:10:20,499  INFO DriverManagerConnectionProviderImpl:135 - HHH000115: Hibernate connection pool size: 5
14:10:20,499  INFO DriverManagerConnectionProviderImpl:138 - HHH000006: Autocommit mode: false
14:10:20,499  INFO DriverManagerConnectionProviderImpl:153 - HHH000401: using driver [org.h2.Driver] at URL [jdbc:h2:mem:db1;DB_CLOSE_DELAY=-1;MVCC=TRUE]
14:10:20,500  INFO DriverManagerConnectionProviderImpl:158 - HHH000046: Connection properties: {user=sa}
14:10:20,501  INFO Dialect:103 - HHH000400: Using dialect: org.hibernate.dialect.H2Dialect
14:10:20,501  INFO LobCreatorBuilder:94 - HHH000423: Disabling contextual LOB creation as JDBC driver reported JDBC version [3] less than 4
14:10:20,502  INFO TransactionFactoryInitiator:66 - HHH000399: Using default transaction strategy (direct JDBC transactions)
14:10:20,502  INFO ASTQueryTranslatorFactory:48 - HHH000397: Using ASTQueryTranslatorFactory
14:10:20,502  WARN CachingRegionFactory:58 - CachingRegionFactory should be only used for testing.
14:10:20,524  INFO SchemaExport:343 - HHH000227: Running hbm2ddl schema export
14:10:20,525 DEBUG SchemaExport:353 - Import file not found: /import.sql
14:10:20,525 DEBUG SQL:104 - 
    alter table O_CUSTINVENTORY 
        drop constraint FK22317459DA8E2221
14:10:20,525 ERROR SchemaExport:425 - HHH000389: Unsuccessful: alter table O_CUSTINVENTORY drop constraint FK22317459DA8E2221
14:10:20,525 ERROR SchemaExport:426 - Table "O_CUSTINVENTORY" not found; SQL statement:

    alter table O_CUSTINVENTORY 
        drop constraint FK22317459DA8E2221 [42102-145]
14:10:20,526 DEBUG SQL:104 - 
    alter table O_CUSTINVENTORY 
        drop constraint FK223174599D6A144B
14:10:20,526 ERROR SchemaExport:425 - HHH000389: Unsuccessful: alter table O_CUSTINVENTORY drop constraint FK223174599D6A144B
14:10:20,526 ERROR SchemaExport:426 - Table "O_CUSTINVENTORY" not found; SQL statement:

    alter table O_CUSTINVENTORY 
        drop constraint FK223174599D6A144B [42102-145]
14:10:20,526 DEBUG SQL:104 - 
    drop table O_CUSTINVENTORY if exists
14:10:20,526 DEBUG SQL:104 - 
    drop table O_CUSTOMER if exists
14:10:20,526 DEBUG SQL:104 - 
    drop table O_ITEM if exists
14:10:20,526 DEBUG SQL:104 - 
    drop table U_SEQUENCES if exists
14:10:20,527 DEBUG SQL:104 - 
    create table O_CUSTINVENTORY (
        CI_ID integer not null,
        CI_QUANTITY integer,
        CI_VALUE decimal(19,2),
        CI_VERSION integer,
        CI_CUSTOMERID integer not null,
        CI_ITEMID varchar(255),
        primary key (CI_CUSTOMERID, CI_ID)
    )
14:10:20,527 DEBUG SQL:104 - 
    create table O_CUSTOMER (
        C_ID integer not null,
        C_BALANCE decimal(19,2),
        C_CONTACT varchar(255),
        C_CREDIT varchar(255),
        C_CREDIT_LIMIT decimal(19,2),
        C_FIRST varchar(255),
        C_LAST varchar(255),
        C_SINCE date,
        C_VERSION integer,
        C_YTD_PAYMENT decimal(19,2),
        primary key (C_ID)
    )
14:10:20,527 DEBUG SQL:104 - 
    create table O_ITEM (
        I_ID varchar(255) not null,
        I_CATEGORY integer,
        I_DESC varchar(255),
        I_DISCOUNT decimal(19,2),
        I_NAME varchar(255),
        I_PRICE decimal(19,2),
        I_VERSION integer,
        primary key (I_ID)
    )
14:10:20,538 DEBUG SQL:104 - 
    alter table O_CUSTINVENTORY 
        add constraint FK22317459DA8E2221 
        foreign key (CI_CUSTOMERID) 
        references O_CUSTOMER
14:10:20,539 DEBUG SQL:104 - 
    alter table O_CUSTINVENTORY 
        add constraint FK223174599D6A144B 
        foreign key (CI_ITEMID) 
        references O_ITEM
14:10:20,540 DEBUG SQL:104 - 
    create table U_SEQUENCES (
         S_ID varchar(255) not null ,
         S_NEXTNUM bigint,
        primary key ( S_ID ) 
    ) 
14:10:20,541  INFO SchemaExport:405 - HHH000230: Schema export complete
14:10:20,541  WARN SessionFactoryImpl:1554 - HHH000008: JTASessionContext being used with JDBCTransactionFactory; auto-flush will not operate correctly with getCurrentSession()
14:10:20,542 DEBUG QueryTranslatorImpl:265 - parse() - HQL: select a from org.hibernate.test.annotations.derivedidentities.e1.b2.CustomerInventory a
14:10:20,543 DEBUG QueryTranslatorImpl:283 - --- HQL AST ---
 \-[QUERY] Node: 'query'
    \-[SELECT_FROM] Node: 'SELECT_FROM'
       +-[FROM] Node: 'from'
       |  \-[RANGE] Node: 'RANGE'
       |     +-[DOT] Node: '.'
       |     |  +-[DOT] Node: '.'
       |     |  |  +-[DOT] Node: '.'
       |     |  |  |  +-[DOT] Node: '.'
       |     |  |  |  |  +-[DOT] Node: '.'
       |     |  |  |  |  |  +-[DOT] Node: '.'
       |     |  |  |  |  |  |  +-[DOT] Node: '.'
       |     |  |  |  |  |  |  |  +-[IDENT] Node: 'org'
       |     |  |  |  |  |  |  |  \-[IDENT] Node: 'hibernate'
       |     |  |  |  |  |  |  \-[IDENT] Node: 'test'
       |     |  |  |  |  |  \-[IDENT] Node: 'annotations'
       |     |  |  |  |  \-[IDENT] Node: 'derivedidentities'
       |     |  |  |  \-[IDENT] Node: 'e1'
       |     |  |  \-[IDENT] Node: 'b2'
       |     |  \-[IDENT] Node: 'CustomerInventory'
       |     \-[ALIAS] Node: 'a'
       \-[SELECT] Node: 'select'
          \-[IDENT] Node: 'a'

14:10:20,550 DEBUG ErrorCounter:82 - throwQueryException() : no errors
14:10:20,550 DEBUG FromElement:157 - FromClause{level=1} : org.hibernate.test.annotations.derivedidentities.e1.b2.CustomerInventory (a) -> customerin0_
14:10:20,550 DEBUG FromReferenceNode:74 - Resolved : a -> customerin0_.CI_ID
14:10:20,551 DEBUG HqlSqlWalker:629 - processQuery() :  ( SELECT ( {select clause} customerin0_.CI_ID ) ( FromClause{level=1} O_CUSTINVENTORY customerin0_ ) )
14:10:20,552 DEBUG JoinProcessor:175 - Using FROM fragment [O_CUSTINVENTORY customerin0_]
14:10:20,552 DEBUG QueryTranslatorImpl:252 - --- SQL AST ---
 \-[SELECT] QueryNode: 'SELECT'  querySpaces (O_CUSTINVENTORY)
    +-[SELECT_CLAUSE] SelectClause: '{select clause}'
    |  +-[ALIAS_REF] IdentNode: 'customerin0_.CI_CUSTOMERID as CI5_0_, customerin0_.CI_ID as CI1_0_' {alias=a, className=org.hibernate.test.annotations.derivedidentities.e1.b2.CustomerInventory, tableAlias=customerin0_}
    |  \-[SQL_TOKEN] SqlFragment: 'customerin0_.CI_QUANTITY as CI2_0_, customerin0_.CI_VALUE as CI3_0_, customerin0_.CI_ITEMID as CI6_0_, customerin0_.CI_VERSION as CI4_0_'
    \-[FROM] FromClause: 'from' FromClause{level=1, fromElementCounter=1, fromElements=1, fromElementByClassAlias=[a], fromElementByTableAlias=[customerin0_], fromElementsByPath=[], collectionJoinFromElementsByPath=[], impliedElements=[]}
       \-[FROM_FRAGMENT] FromElement: 'O_CUSTINVENTORY customerin0_' FromElement{explicit,not a collection join,not a fetch join,fetch non-lazy properties,classAlias=a,role=null,tableName=O_CUSTINVENTORY,tableAlias=customerin0_,origin=null,columns={,className=org.hibernate.test.annotations.derivedidentities.e1.b2.CustomerInventory}}

14:10:20,552 DEBUG ErrorCounter:82 - throwQueryException() : no errors
14:10:20,552 DEBUG QueryTranslatorImpl:235 - HQL: select a from org.hibernate.test.annotations.derivedidentities.e1.b2.CustomerInventory a
14:10:20,553 DEBUG QueryTranslatorImpl:236 - SQL: select customerin0_.CI_CUSTOMERID as CI5_0_, customerin0_.CI_ID as CI1_0_, customerin0_.CI_QUANTITY as CI2_0_, customerin0_.CI_VALUE as CI3_0_, customerin0_.CI_ITEMID as CI6_0_, customerin0_.CI_VERSION as CI4_0_ from O_CUSTINVENTORY customerin0_
14:10:20,553 DEBUG ErrorCounter:82 - throwQueryException() : no errors
14:10:20,553 DEBUG QueryTranslatorImpl:265 - parse() - HQL: select COUNT(a) from org.hibernate.test.annotations.derivedidentities.e1.b2.Customer a
14:10:20,556 DEBUG QueryTranslatorImpl:283 - --- HQL AST ---
 \-[QUERY] Node: 'query'
    \-[SELECT_FROM] Node: 'SELECT_FROM'
       +-[FROM] Node: 'from'
       |  \-[RANGE] Node: 'RANGE'
       |     +-[DOT] Node: '.'
       |     |  +-[DOT] Node: '.'
       |     |  |  +-[DOT] Node: '.'
       |     |  |  |  +-[DOT] Node: '.'
       |     |  |  |  |  +-[DOT] Node: '.'
       |     |  |  |  |  |  +-[DOT] Node: '.'
       |     |  |  |  |  |  |  +-[DOT] Node: '.'
       |     |  |  |  |  |  |  |  +-[IDENT] Node: 'org'
       |     |  |  |  |  |  |  |  \-[IDENT] Node: 'hibernate'
       |     |  |  |  |  |  |  \-[IDENT] Node: 'test'
       |     |  |  |  |  |  \-[IDENT] Node: 'annotations'
       |     |  |  |  |  \-[IDENT] Node: 'derivedidentities'
       |     |  |  |  \-[IDENT] Node: 'e1'
       |     |  |  \-[IDENT] Node: 'b2'
       |     |  \-[IDENT] Node: 'Customer'
       |     \-[ALIAS] Node: 'a'
       \-[SELECT] Node: 'select'
          \-[COUNT] Node: 'COUNT'
             \-[IDENT] Node: 'a'

14:10:20,562 DEBUG ErrorCounter:82 - throwQueryException() : no errors
14:10:20,563 DEBUG FromElement:157 - FromClause{level=1} : org.hibernate.test.annotations.derivedidentities.e1.b2.Customer (a) -> customer0_
14:10:20,563 DEBUG FromReferenceNode:74 - Resolved : a -> customer0_.C_ID
14:10:20,563 DEBUG HqlSqlWalker:629 - processQuery() :  ( SELECT ( {select clause} ( COUNT customer0_.C_ID ) ) ( FromClause{level=1} O_CUSTOMER customer0_ ) )
14:10:20,564 DEBUG JoinProcessor:175 - Using FROM fragment [O_CUSTOMER customer0_]
14:10:20,564 DEBUG QueryTranslatorImpl:252 - --- SQL AST ---
 \-[SELECT] QueryNode: 'SELECT'  querySpaces (O_CUSTOMER)
    +-[SELECT_CLAUSE] SelectClause: '{select clause}'
    |  +-[COUNT] CountNode: 'COUNT'
    |  |  \-[ALIAS_REF] IdentNode: 'customer0_.C_ID' {alias=a, className=org.hibernate.test.annotations.derivedidentities.e1.b2.Customer, tableAlias=customer0_}
    |  \-[SELECT_COLUMNS] SqlNode: ' as col_0_0_'
    \-[FROM] FromClause: 'from' FromClause{level=1, fromElementCounter=1, fromElements=1, fromElementByClassAlias=[a], fromElementByTableAlias=[customer0_], fromElementsByPath=[], collectionJoinFromElementsByPath=[], impliedElements=[]}
       \-[FROM_FRAGMENT] FromElement: 'O_CUSTOMER customer0_' FromElement{explicit,not a collection join,not a fetch join,fetch non-lazy properties,classAlias=a,role=null,tableName=O_CUSTOMER,tableAlias=customer0_,origin=null,columns={,className=org.hibernate.test.annotations.derivedidentities.e1.b2.Customer}}

14:10:20,564 DEBUG ErrorCounter:82 - throwQueryException() : no errors
14:10:20,564 DEBUG QueryTranslatorImpl:235 - HQL: select COUNT(a) from org.hibernate.test.annotations.derivedidentities.e1.b2.Customer a
14:10:20,564 DEBUG QueryTranslatorImpl:236 - SQL: select count(customer0_.C_ID) as col_0_0_ from O_CUSTOMER customer0_
14:10:20,564 DEBUG ErrorCounter:82 - throwQueryException() : no errors
14:10:20,565 DEBUG QueryTranslatorImpl:265 - parse() - HQL: select a from org.hibernate.test.annotations.derivedidentities.e1.b2.Customer a
14:10:20,566 DEBUG QueryTranslatorImpl:283 - --- HQL AST ---
 \-[QUERY] Node: 'query'
    \-[SELECT_FROM] Node: 'SELECT_FROM'
       +-[FROM] Node: 'from'
       |  \-[RANGE] Node: 'RANGE'
       |     +-[DOT] Node: '.'
       |     |  +-[DOT] Node: '.'
       |     |  |  +-[DOT] Node: '.'
       |     |  |  |  +-[DOT] Node: '.'
       |     |  |  |  |  +-[DOT] Node: '.'
       |     |  |  |  |  |  +-[DOT] Node: '.'
       |     |  |  |  |  |  |  +-[DOT] Node: '.'
       |     |  |  |  |  |  |  |  +-[IDENT] Node: 'org'
       |     |  |  |  |  |  |  |  \-[IDENT] Node: 'hibernate'
       |     |  |  |  |  |  |  \-[IDENT] Node: 'test'
       |     |  |  |  |  |  \-[IDENT] Node: 'annotations'
       |     |  |  |  |  \-[IDENT] Node: 'derivedidentities'
       |     |  |  |  \-[IDENT] Node: 'e1'
       |     |  |  \-[IDENT] Node: 'b2'
       |     |  \-[IDENT] Node: 'Customer'
       |     \-[ALIAS] Node: 'a'
       \-[SELECT] Node: 'select'
          \-[IDENT] Node: 'a'

14:10:20,573 DEBUG ErrorCounter:82 - throwQueryException() : no errors
14:10:20,574 DEBUG FromElement:157 - FromClause{level=1} : org.hibernate.test.annotations.derivedidentities.e1.b2.Customer (a) -> customer0_
14:10:20,575 DEBUG FromReferenceNode:74 - Resolved : a -> customer0_.C_ID
14:10:20,575 DEBUG HqlSqlWalker:629 - processQuery() :  ( SELECT ( {select clause} customer0_.C_ID ) ( FromClause{level=1} O_CUSTOMER customer0_ ) )
14:10:20,575 DEBUG JoinProcessor:175 - Using FROM fragment [O_CUSTOMER customer0_]
14:10:20,576 DEBUG QueryTranslatorImpl:252 - --- SQL AST ---
 \-[SELECT] QueryNode: 'SELECT'  querySpaces (O_CUSTOMER)
    +-[SELECT_CLAUSE] SelectClause: '{select clause}'
    |  +-[ALIAS_REF] IdentNode: 'customer0_.C_ID as C1_1_' {alias=a, className=org.hibernate.test.annotations.derivedidentities.e1.b2.Customer, tableAlias=customer0_}
    |  \-[SQL_TOKEN] SqlFragment: 'customer0_.C_BALANCE as C2_1_, customer0_.C_CONTACT as C3_1_, customer0_.C_CREDIT as C4_1_, customer0_.C_CREDIT_LIMIT as C5_1_, customer0_.C_FIRST as C6_1_, customer0_.C_LAST as C7_1_, customer0_.C_SINCE as C8_1_, customer0_.C_VERSION as C9_1_, customer0_.C_YTD_PAYMENT as C10_1_'
    \-[FROM] FromClause: 'from' FromClause{level=1, fromElementCounter=1, fromElements=1, fromElementByClassAlias=[a], fromElementByTableAlias=[customer0_], fromElementsByPath=[], collectionJoinFromElementsByPath=[], impliedElements=[]}
       \-[FROM_FRAGMENT] FromElement: 'O_CUSTOMER customer0_' FromElement{explicit,not a collection join,not a fetch join,fetch non-lazy properties,classAlias=a,role=null,tableName=O_CUSTOMER,tableAlias=customer0_,origin=null,columns={,className=org.hibernate.test.annotations.derivedidentities.e1.b2.Customer}}

14:10:20,576 DEBUG ErrorCounter:82 - throwQueryException() : no errors
14:10:20,576 DEBUG QueryTranslatorImpl:235 - HQL: select a from org.hibernate.test.annotations.derivedidentities.e1.b2.Customer a
14:10:20,576 DEBUG QueryTranslatorImpl:236 - SQL: select customer0_.C_ID as C1_1_, customer0_.C_BALANCE as C2_1_, customer0_.C_CONTACT as C3_1_, customer0_.C_CREDIT as C4_1_, customer0_.C_CREDIT_LIMIT as C5_1_, customer0_.C_FIRST as C6_1_, customer0_.C_LAST as C7_1_, customer0_.C_SINCE as C8_1_, customer0_.C_VERSION as C9_1_, customer0_.C_YTD_PAYMENT as C10_1_ from O_CUSTOMER customer0_
14:10:20,576 DEBUG ErrorCounter:82 - throwQueryException() : no errors
14:10:20,577 DEBUG QueryTranslatorImpl:265 - parse() - HQL: SELECT c.id FROM org.hibernate.test.annotations.derivedidentities.e1.b2.Customer c WHERE c.creditLimit > :limit
14:10:20,579 DEBUG QueryTranslatorImpl:283 - --- HQL AST ---
 \-[QUERY] Node: 'query'
    +-[SELECT_FROM] Node: 'SELECT_FROM'
    |  +-[FROM] Node: 'FROM'
    |  |  \-[RANGE] Node: 'RANGE'
    |  |     +-[DOT] Node: '.'
    |  |     |  +-[DOT] Node: '.'
    |  |     |  |  +-[DOT] Node: '.'
    |  |     |  |  |  +-[DOT] Node: '.'
    |  |     |  |  |  |  +-[DOT] Node: '.'
    |  |     |  |  |  |  |  +-[DOT] Node: '.'
    |  |     |  |  |  |  |  |  +-[DOT] Node: '.'
    |  |     |  |  |  |  |  |  |  +-[IDENT] Node: 'org'
    |  |     |  |  |  |  |  |  |  \-[IDENT] Node: 'hibernate'
    |  |     |  |  |  |  |  |  \-[IDENT] Node: 'test'
    |  |     |  |  |  |  |  \-[IDENT] Node: 'annotations'
    |  |     |  |  |  |  \-[IDENT] Node: 'derivedidentities'
    |  |     |  |  |  \-[IDENT] Node: 'e1'
    |  |     |  |  \-[IDENT] Node: 'b2'
    |  |     |  \-[IDENT] Node: 'Customer'
    |  |     \-[ALIAS] Node: 'c'
    |  \-[SELECT] Node: 'SELECT'
    |     \-[DOT] Node: '.'
    |        +-[IDENT] Node: 'c'
    |        \-[IDENT] Node: 'id'
    \-[WHERE] Node: 'WHERE'
       \-[GT] Node: '>'
          +-[DOT] Node: '.'
          |  +-[IDENT] Node: 'c'
          |  \-[IDENT] Node: 'creditLimit'
          \-[COLON] Node: ':'
             \-[IDENT] Node: 'limit'

14:10:20,597 DEBUG ErrorCounter:82 - throwQueryException() : no errors
14:10:20,597 DEBUG FromElement:157 - FromClause{level=1} : org.hibernate.test.annotations.derivedidentities.e1.b2.Customer (c) -> customer0_
14:10:20,597 DEBUG FromReferenceNode:74 - Resolved : c -> customer0_.C_ID
14:10:20,598 DEBUG DotNode:599 - getDataType() : id -> org.hibernate.type.IntegerType@42252fee
14:10:20,598 DEBUG FromReferenceNode:74 - Resolved : c.id -> customer0_.C_ID
14:10:20,598 DEBUG FromReferenceNode:74 - Resolved : c -> customer0_.C_ID
14:10:20,598 DEBUG DotNode:599 - getDataType() : creditLimit -> org.hibernate.type.BigDecimalType@3bb4a749
14:10:20,598 DEBUG FromReferenceNode:74 - Resolved : c.creditLimit -> customer0_.C_CREDIT_LIMIT
14:10:20,599 DEBUG HqlSqlWalker:629 - processQuery() :  ( SELECT ( {select clause} ( customer0_.C_ID customer0_.C_ID id ) ) ( FromClause{level=1} O_CUSTOMER customer0_ ) ( WHERE ( > ( customer0_.C_CREDIT_LIMIT customer0_.C_ID creditLimit ) ? ) ) )
14:10:20,607 DEBUG JoinProcessor:175 - Using FROM fragment [O_CUSTOMER customer0_]
14:10:20,608 DEBUG QueryTranslatorImpl:252 - --- SQL AST ---
 \-[SELECT] QueryNode: 'SELECT'  querySpaces (O_CUSTOMER)
    +-[SELECT_CLAUSE] SelectClause: '{select clause}'
    |  +-[DOT] DotNode: 'customer0_.C_ID' {propertyName=id,dereferenceType=ALL,propertyPath=id,path=c.id,tableAlias=customer0_,className=org.hibernate.test.annotations.derivedidentities.e1.b2.Customer,classAlias=c}
    |  |  +-[ALIAS_REF] IdentNode: 'customer0_.C_ID' {alias=c, className=org.hibernate.test.annotations.derivedidentities.e1.b2.Customer, tableAlias=customer0_}
    |  |  \-[IDENT] IdentNode: 'id' {originalText=id}
    |  \-[SELECT_COLUMNS] SqlNode: ' as col_0_0_'
    +-[FROM] FromClause: 'FROM' FromClause{level=1, fromElementCounter=1, fromElements=1, fromElementByClassAlias=[c], fromElementByTableAlias=[customer0_], fromElementsByPath=[], collectionJoinFromElementsByPath=[], impliedElements=[]}
    |  \-[FROM_FRAGMENT] FromElement: 'O_CUSTOMER customer0_' FromElement{explicit,not a collection join,not a fetch join,fetch non-lazy properties,classAlias=c,role=null,tableName=O_CUSTOMER,tableAlias=customer0_,origin=null,columns={,className=org.hibernate.test.annotations.derivedidentities.e1.b2.Customer}}
    \-[WHERE] SqlNode: 'WHERE'
       \-[GT] BinaryLogicOperatorNode: '>'
          +-[DOT] DotNode: 'customer0_.C_CREDIT_LIMIT' {propertyName=creditLimit,dereferenceType=ALL,propertyPath=creditLimit,path=c.creditLimit,tableAlias=customer0_,className=org.hibernate.test.annotations.derivedidentities.e1.b2.Customer,classAlias=c}
          |  +-[ALIAS_REF] IdentNode: 'customer0_.C_ID' {alias=c, className=org.hibernate.test.annotations.derivedidentities.e1.b2.Customer, tableAlias=customer0_}
          |  \-[IDENT] IdentNode: 'creditLimit' {originalText=creditLimit}
          \-[NAMED_PARAM] ParameterNode: '?' {name=limit, expectedType=org.hibernate.type.BigDecimalType@3bb4a749}

14:10:20,608 DEBUG ErrorCounter:82 - throwQueryException() : no errors
14:10:20,608 DEBUG QueryTranslatorImpl:235 - HQL: SELECT c.id FROM org.hibernate.test.annotations.derivedidentities.e1.b2.Customer c WHERE c.creditLimit > :limit
14:10:20,608 DEBUG QueryTranslatorImpl:236 - SQL: select customer0_.C_ID as col_0_0_ from O_CUSTOMER customer0_ where customer0_.C_CREDIT_LIMIT>?
14:10:20,608 DEBUG ErrorCounter:82 - throwQueryException() : no errors
14:10:20,609 DEBUG QueryTranslatorImpl:265 - parse() - HQL: SELECT i FROM org.hibernate.test.annotations.derivedidentities.e1.b2.Item i WHERE i.category=:category ORDER BY i.id
14:10:20,611 DEBUG QueryTranslatorImpl:283 - --- HQL AST ---
 \-[QUERY] Node: 'query'
    +-[SELECT_FROM] Node: 'SELECT_FROM'
    |  +-[FROM] Node: 'FROM'
    |  |  \-[RANGE] Node: 'RANGE'
    |  |     +-[DOT] Node: '.'
    |  |     |  +-[DOT] Node: '.'
    |  |     |  |  +-[DOT] Node: '.'
    |  |     |  |  |  +-[DOT] Node: '.'
    |  |     |  |  |  |  +-[DOT] Node: '.'
    |  |     |  |  |  |  |  +-[DOT] Node: '.'
    |  |     |  |  |  |  |  |  +-[DOT] Node: '.'
    |  |     |  |  |  |  |  |  |  +-[IDENT] Node: 'org'
    |  |     |  |  |  |  |  |  |  \-[IDENT] Node: 'hibernate'
    |  |     |  |  |  |  |  |  \-[IDENT] Node: 'test'
    |  |     |  |  |  |  |  \-[IDENT] Node: 'annotations'
    |  |     |  |  |  |  \-[IDENT] Node: 'derivedidentities'
    |  |     |  |  |  \-[IDENT] Node: 'e1'
    |  |     |  |  \-[IDENT] Node: 'b2'
    |  |     |  \-[IDENT] Node: 'Item'
    |  |     \-[ALIAS] Node: 'i'
    |  \-[SELECT] Node: 'SELECT'
    |     \-[IDENT] Node: 'i'
    +-[WHERE] Node: 'WHERE'
    |  \-[EQ] Node: '='
    |     +-[DOT] Node: '.'
    |     |  +-[IDENT] Node: 'i'
    |     |  \-[IDENT] Node: 'category'
    |     \-[COLON] Node: ':'
    |        \-[IDENT] Node: 'category'
    \-[ORDER] Node: 'ORDER'
       \-[DOT] Node: '.'
          +-[IDENT] Node: 'i'
          \-[IDENT] Node: 'id'

14:10:20,622 DEBUG ErrorCounter:82 - throwQueryException() : no errors
14:10:20,623 DEBUG FromElement:157 - FromClause{level=1} : org.hibernate.test.annotations.derivedidentities.e1.b2.Item (i) -> item0_
14:10:20,623 DEBUG FromReferenceNode:74 - Resolved : i -> item0_.I_ID
14:10:20,623 DEBUG FromReferenceNode:74 - Resolved : i -> item0_.I_ID
14:10:20,624 DEBUG DotNode:599 - getDataType() : category -> org.hibernate.type.IntegerType@42252fee
14:10:20,624 DEBUG FromReferenceNode:74 - Resolved : i.category -> item0_.I_CATEGORY
14:10:20,624 DEBUG FromReferenceNode:74 - Resolved : i -> item0_.I_ID
14:10:20,624 DEBUG DotNode:599 - getDataType() : id -> org.hibernate.type.StringType@2dc8de40
14:10:20,624 DEBUG FromReferenceNode:74 - Resolved : i.id -> item0_.I_ID
14:10:20,625 DEBUG HqlSqlWalker:629 - processQuery() :  ( SELECT ( {select clause} item0_.I_ID ) ( FromClause{level=1} O_ITEM item0_ ) ( WHERE ( = ( item0_.I_CATEGORY item0_.I_ID category ) ? ) ) ( ORDER ( item0_.I_ID item0_.I_ID id ) ) )
14:10:20,625 DEBUG JoinProcessor:175 - Using FROM fragment [O_ITEM item0_]
14:10:20,625 DEBUG QueryTranslatorImpl:252 - --- SQL AST ---
 \-[SELECT] QueryNode: 'SELECT'  querySpaces (O_ITEM)
    +-[SELECT_CLAUSE] SelectClause: '{select clause}'
    |  +-[ALIAS_REF] IdentNode: 'item0_.I_ID as I1_2_' {alias=i, className=org.hibernate.test.annotations.derivedidentities.e1.b2.Item, tableAlias=item0_}
    |  \-[SQL_TOKEN] SqlFragment: 'item0_.I_CATEGORY as I2_2_, item0_.I_DESC as I3_2_, item0_.I_DISCOUNT as I4_2_, item0_.I_NAME as I5_2_, item0_.I_PRICE as I6_2_, item0_.I_VERSION as I7_2_'
    +-[FROM] FromClause: 'FROM' FromClause{level=1, fromElementCounter=1, fromElements=1, fromElementByClassAlias=[i], fromElementByTableAlias=[item0_], fromElementsByPath=[], collectionJoinFromElementsByPath=[], impliedElements=[]}
    |  \-[FROM_FRAGMENT] FromElement: 'O_ITEM item0_' FromElement{explicit,not a collection join,not a fetch join,fetch non-lazy properties,classAlias=i,role=null,tableName=O_ITEM,tableAlias=item0_,origin=null,columns={,className=org.hibernate.test.annotations.derivedidentities.e1.b2.Item}}
    +-[WHERE] SqlNode: 'WHERE'
    |  \-[EQ] BinaryLogicOperatorNode: '='
    |     +-[DOT] DotNode: 'item0_.I_CATEGORY' {propertyName=category,dereferenceType=ALL,propertyPath=category,path=i.category,tableAlias=item0_,className=org.hibernate.test.annotations.derivedidentities.e1.b2.Item,classAlias=i}
    |     |  +-[ALIAS_REF] IdentNode: 'item0_.I_ID' {alias=i, className=org.hibernate.test.annotations.derivedidentities.e1.b2.Item, tableAlias=item0_}
    |     |  \-[IDENT] IdentNode: 'category' {originalText=category}
    |     \-[NAMED_PARAM] ParameterNode: '?' {name=category, expectedType=org.hibernate.type.IntegerType@42252fee}
    \-[ORDER] OrderByClause: 'ORDER'
       \-[DOT] DotNode: 'item0_.I_ID' {propertyName=id,dereferenceType=ALL,propertyPath=id,path=i.id,tableAlias=item0_,className=org.hibernate.test.annotations.derivedidentities.e1.b2.Item,classAlias=i}
          +-[ALIAS_REF] IdentNode: 'item0_.I_ID' {alias=i, className=org.hibernate.test.annotations.derivedidentities.e1.b2.Item, tableAlias=item0_}
          \-[IDENT] IdentNode: 'id' {originalText=id}

14:10:20,625 DEBUG ErrorCounter:82 - throwQueryException() : no errors
14:10:20,626 DEBUG QueryTranslatorImpl:235 - HQL: SELECT i FROM org.hibernate.test.annotations.derivedidentities.e1.b2.Item i WHERE i.category=:category ORDER BY i.id
14:10:20,626 DEBUG QueryTranslatorImpl:236 - SQL: select item0_.I_ID as I1_2_, item0_.I_CATEGORY as I2_2_, item0_.I_DESC as I3_2_, item0_.I_DISCOUNT as I4_2_, item0_.I_NAME as I5_2_, item0_.I_PRICE as I6_2_, item0_.I_VERSION as I7_2_ from O_ITEM item0_ where item0_.I_CATEGORY=? order by item0_.I_ID
14:10:20,626 DEBUG ErrorCounter:82 - throwQueryException() : no errors
14:10:20,626  INFO CustomRunner:139 - Test: testComplexIdClass
14:10:20,629 DEBUG SQL:104 - 
    insert 
    into
        O_CUSTOMER
        (C_BALANCE, C_CONTACT, C_CREDIT, C_CREDIT_LIMIT, C_FIRST, C_LAST, C_SINCE, C_VERSION, C_YTD_PAYMENT, C_ID) 
    values
        (?, ?, ?, ?, ?, ?, ?, ?, ?, ?)
14:10:20,646 DEBUG SQL:104 - 
    insert 
    into
        O_ITEM
        (I_CATEGORY, I_DESC, I_DISCOUNT, I_NAME, I_PRICE, I_VERSION, I_ID) 
    values
        (?, ?, ?, ?, ?, ?, ?)
14:10:20,647 DEBUG SQL:104 - 
    select
        customer0_.C_ID as C1_1_2_,
        customer0_.C_BALANCE as C2_1_2_,
        customer0_.C_CONTACT as C3_1_2_,
        customer0_.C_CREDIT as C4_1_2_,
        customer0_.C_CREDIT_LIMIT as C5_1_2_,
        customer0_.C_FIRST as C6_1_2_,
        customer0_.C_LAST as C7_1_2_,
        customer0_.C_SINCE as C8_1_2_,
        customer0_.C_VERSION as C9_1_2_,
        customer0_.C_YTD_PAYMENT as C10_1_2_,
        customerin1_.CI_CUSTOMERID as CI5_1_4_,
        customerin1_.CI_CUSTOMERID as CI5_0_4_,
        customerin1_.CI_ID as CI1_0_4_,
        customerin1_.CI_CUSTOMERID as CI5_0_0_,
        customerin1_.CI_ID as CI1_0_0_,
        customerin1_.CI_QUANTITY as CI2_0_0_,
        customerin1_.CI_VALUE as CI3_0_0_,
        customerin1_.CI_ITEMID as CI6_0_0_,
        customerin1_.CI_VERSION as CI4_0_0_,
        item2_.I_ID as I1_2_1_,
        item2_.I_CATEGORY as I2_2_1_,
        item2_.I_DESC as I3_2_1_,
        item2_.I_DISCOUNT as I4_2_1_,
        item2_.I_NAME as I5_2_1_,
        item2_.I_PRICE as I6_2_1_,
        item2_.I_VERSION as I7_2_1_ 
    from
        O_CUSTOMER customer0_ 
    left outer join
        O_CUSTINVENTORY customerin1_ 
            on customer0_.C_ID=customerin1_.CI_CUSTOMERID 
    left outer join
        O_ITEM item2_ 
            on customerin1_.CI_ITEMID=item2_.I_ID 
    where
        customer0_.C_ID=?
14:10:20,656 DEBUG SQL:104 - 
    select
        customerin0_.CI_CUSTOMERID as CI5_0_2_,
        customerin0_.CI_ID as CI1_0_2_,
        customerin0_.CI_QUANTITY as CI2_0_2_,
        customerin0_.CI_VALUE as CI3_0_2_,
        customerin0_.CI_ITEMID as CI6_0_2_,
        customerin0_.CI_VERSION as CI4_0_2_,
        customer1_.C_ID as C1_1_0_,
        customer1_.C_BALANCE as C2_1_0_,
        customer1_.C_CONTACT as C3_1_0_,
        customer1_.C_CREDIT as C4_1_0_,
        customer1_.C_CREDIT_LIMIT as C5_1_0_,
        customer1_.C_FIRST as C6_1_0_,
        customer1_.C_LAST as C7_1_0_,
        customer1_.C_SINCE as C8_1_0_,
        customer1_.C_VERSION as C9_1_0_,
        customer1_.C_YTD_PAYMENT as C10_1_0_,
        item2_.I_ID as I1_2_1_,
        item2_.I_CATEGORY as I2_2_1_,
        item2_.I_DESC as I3_2_1_,
        item2_.I_DISCOUNT as I4_2_1_,
        item2_.I_NAME as I5_2_1_,
        item2_.I_PRICE as I6_2_1_,
        item2_.I_VERSION as I7_2_1_ 
    from
        O_CUSTINVENTORY customerin0_ 
    inner join
        O_CUSTOMER customer1_ 
            on customerin0_.CI_CUSTOMERID=customer1_.C_ID 
    left outer join
        O_ITEM item2_ 
            on customerin0_.CI_ITEMID=item2_.I_ID 
    where
        customerin0_.CI_CUSTOMERID=? 
        and customerin0_.CI_ID=?
14:10:20,666 DEBUG SQL:104 - 
    select
        item0_.I_ID as I1_2_0_,
        item0_.I_CATEGORY as I2_2_0_,
        item0_.I_DESC as I3_2_0_,
        item0_.I_DISCOUNT as I4_2_0_,
        item0_.I_NAME as I5_2_0_,
        item0_.I_PRICE as I6_2_0_,
        item0_.I_VERSION as I7_2_0_ 
    from
        O_ITEM item0_ 
    where
        item0_.I_ID=?
14:10:20,678 DEBUG SQL:104 - 
    select
        tbl.S_NEXTNUM 
    from
        U_SEQUENCES tbl 
    where
        tbl.S_ID=? for update
            
14:10:20,678 DEBUG SQL:104 - 
    insert 
    into
        U_SEQUENCES
        (S_ID, S_NEXTNUM)  
    values
        (?,?)
14:10:20,678 DEBUG SQL:104 - 
    update
        U_SEQUENCES 
    set
        S_NEXTNUM=?  
    where
        S_NEXTNUM=? 
        and S_ID=?
14:10:20,679 DEBUG SQL:104 - 
    select
        tbl.S_NEXTNUM 
    from
        U_SEQUENCES tbl 
    where
        tbl.S_ID=? for update
            
14:10:20,679 DEBUG SQL:104 - 
    update
        U_SEQUENCES 
    set
        S_NEXTNUM=?  
    where
        S_NEXTNUM=? 
        and S_ID=?
14:10:20,681 DEBUG SQL:104 - 
    insert 
    into
        O_CUSTINVENTORY
        (CI_QUANTITY, CI_VALUE, CI_ITEMID, CI_VERSION, CI_CUSTOMERID, CI_ID) 
    values
        (?, ?, ?, ?, ?, ?)
14:10:20,682 DEBUG QueryTranslatorImpl:265 - parse() - HQL: select c from org.hibernate.test.annotations.derivedidentities.e1.b2.Customer c
14:10:20,683 DEBUG QueryTranslatorImpl:283 - --- HQL AST ---
 \-[QUERY] Node: 'query'
    \-[SELECT_FROM] Node: 'SELECT_FROM'
       +-[FROM] Node: 'from'
       |  \-[RANGE] Node: 'RANGE'
       |     +-[DOT] Node: '.'
       |     |  +-[DOT] Node: '.'
       |     |  |  +-[DOT] Node: '.'
       |     |  |  |  +-[DOT] Node: '.'
       |     |  |  |  |  +-[DOT] Node: '.'
       |     |  |  |  |  |  +-[DOT] Node: '.'
       |     |  |  |  |  |  |  +-[DOT] Node: '.'
       |     |  |  |  |  |  |  |  +-[IDENT] Node: 'org'
       |     |  |  |  |  |  |  |  \-[IDENT] Node: 'hibernate'
       |     |  |  |  |  |  |  \-[IDENT] Node: 'test'
       |     |  |  |  |  |  \-[IDENT] Node: 'annotations'
       |     |  |  |  |  \-[IDENT] Node: 'derivedidentities'
       |     |  |  |  \-[IDENT] Node: 'e1'
       |     |  |  \-[IDENT] Node: 'b2'
       |     |  \-[IDENT] Node: 'Customer'
       |     \-[ALIAS] Node: 'c'
       \-[SELECT] Node: 'select'
          \-[IDENT] Node: 'c'

14:10:20,689 DEBUG ErrorCounter:82 - throwQueryException() : no errors
14:10:20,690 DEBUG FromElement:157 - FromClause{level=1} : org.hibernate.test.annotations.derivedidentities.e1.b2.Customer (c) -> customer0_
14:10:20,690 DEBUG FromReferenceNode:74 - Resolved : c -> customer0_.C_ID
14:10:20,690 DEBUG HqlSqlWalker:629 - processQuery() :  ( SELECT ( {select clause} customer0_.C_ID ) ( FromClause{level=1} O_CUSTOMER customer0_ ) )
14:10:20,690 DEBUG JoinProcessor:175 - Using FROM fragment [O_CUSTOMER customer0_]
14:10:20,690 DEBUG QueryTranslatorImpl:252 - --- SQL AST ---
 \-[SELECT] QueryNode: 'SELECT'  querySpaces (O_CUSTOMER)
    +-[SELECT_CLAUSE] SelectClause: '{select clause}'
    |  +-[ALIAS_REF] IdentNode: 'customer0_.C_ID as C1_1_' {alias=c, className=org.hibernate.test.annotations.derivedidentities.e1.b2.Customer, tableAlias=customer0_}
    |  \-[SQL_TOKEN] SqlFragment: 'customer0_.C_BALANCE as C2_1_, customer0_.C_CONTACT as C3_1_, customer0_.C_CREDIT as C4_1_, customer0_.C_CREDIT_LIMIT as C5_1_, customer0_.C_FIRST as C6_1_, customer0_.C_LAST as C7_1_, customer0_.C_SINCE as C8_1_, customer0_.C_VERSION as C9_1_, customer0_.C_YTD_PAYMENT as C10_1_'
    \-[FROM] FromClause: 'from' FromClause{level=1, fromElementCounter=1, fromElements=1, fromElementByClassAlias=[c], fromElementByTableAlias=[customer0_], fromElementsByPath=[], collectionJoinFromElementsByPath=[], impliedElements=[]}
       \-[FROM_FRAGMENT] FromElement: 'O_CUSTOMER customer0_' FromElement{explicit,not a collection join,not a fetch join,fetch non-lazy properties,classAlias=c,role=null,tableName=O_CUSTOMER,tableAlias=customer0_,origin=null,columns={,className=org.hibernate.test.annotations.derivedidentities.e1.b2.Customer}}

14:10:20,700 DEBUG ErrorCounter:82 - throwQueryException() : no errors
14:10:20,701 DEBUG QueryTranslatorImpl:235 - HQL: select c from org.hibernate.test.annotations.derivedidentities.e1.b2.Customer c
14:10:20,701 DEBUG QueryTranslatorImpl:236 - SQL: select customer0_.C_ID as C1_1_, customer0_.C_BALANCE as C2_1_, customer0_.C_CONTACT as C3_1_, customer0_.C_CREDIT as C4_1_, customer0_.C_CREDIT_LIMIT as C5_1_, customer0_.C_FIRST as C6_1_, customer0_.C_LAST as C7_1_, customer0_.C_SINCE as C8_1_, customer0_.C_VERSION as C9_1_, customer0_.C_YTD_PAYMENT as C10_1_ from O_CUSTOMER customer0_
14:10:20,701 DEBUG ErrorCounter:82 - throwQueryException() : no errors
14:10:20,701 DEBUG SQL:104 - 
    select
        customer0_.C_ID as C1_1_,
        customer0_.C_BALANCE as C2_1_,
        customer0_.C_CONTACT as C3_1_,
        customer0_.C_CREDIT as C4_1_,
        customer0_.C_CREDIT_LIMIT as C5_1_,
        customer0_.C_FIRST as C6_1_,
        customer0_.C_LAST as C7_1_,
        customer0_.C_SINCE as C8_1_,
        customer0_.C_VERSION as C9_1_,
        customer0_.C_YTD_PAYMENT as C10_1_ 
    from
        O_CUSTOMER customer0_
14:10:20,702 DEBUG SQL:104 - 
    select
        customerin0_.CI_CUSTOMERID as CI5_1_2_,
        customerin0_.CI_CUSTOMERID as CI5_0_2_,
        customerin0_.CI_ID as CI1_0_2_,
        customerin0_.CI_CUSTOMERID as CI5_0_1_,
        customerin0_.CI_ID as CI1_0_1_,
        customerin0_.CI_QUANTITY as CI2_0_1_,
        customerin0_.CI_VALUE as CI3_0_1_,
        customerin0_.CI_ITEMID as CI6_0_1_,
        customerin0_.CI_VERSION as CI4_0_1_,
        item1_.I_ID as I1_2_0_,
        item1_.I_CATEGORY as I2_2_0_,
        item1_.I_DESC as I3_2_0_,
        item1_.I_DISCOUNT as I4_2_0_,
        item1_.I_NAME as I5_2_0_,
        item1_.I_PRICE as I6_2_0_,
        item1_.I_VERSION as I7_2_0_ 
    from
        O_CUSTINVENTORY customerin0_ 
    left outer join
        O_ITEM item1_ 
            on customerin0_.CI_ITEMID=item1_.I_ID 
    where
        customerin0_.CI_CUSTOMERID=?
14:10:20,723  INFO SchemaExport:343 - HHH000227: Running hbm2ddl schema export
14:10:20,724 DEBUG SchemaExport:353 - Import file not found: /import.sql
14:10:20,724 DEBUG SQL:104 - 
    alter table O_CUSTINVENTORY 
        drop constraint FK22317459DA8E2221
14:10:20,724 DEBUG SQL:104 - 
    alter table O_CUSTINVENTORY 
        drop constraint FK223174599D6A144B
14:10:20,724 DEBUG SQL:104 - 
    drop table O_CUSTINVENTORY if exists
14:10:20,725 DEBUG SQL:104 - 
    drop table O_CUSTOMER if exists
14:10:20,725 DEBUG SQL:104 - 
    drop table O_ITEM if exists
14:10:20,726 DEBUG SQL:104 - 
    drop table U_SEQUENCES if exists
14:10:20,726  INFO SchemaExport:405 - HHH000230: Schema export complete
14:10:20,726  INFO DriverManagerConnectionProviderImpl:162 - HHH000030: Cleaning up connection pool [jdbc:h2:mem:db1;DB_CLOSE_DELAY=-1;MVCC=TRUE]
]]></system-out>
  <system-err><![CDATA[]]></system-err>
</testsuite>
