<?xml version="1.0" encoding="UTF-8"?>
<testsuite errors="0" failures="0" hostname="dhcp-10.15.208.168.stl.redhat.com" name="org.hibernate.test.fileimport.CommandExtractorServiceTest" tests="1" time="0.085" timestamp="2013-02-28T20:12:26">
  <properties />
  <testcase classname="org.hibernate.test.fileimport.CommandExtractorServiceTest" name="testImportFile" time="0.002" />
  <system-out><![CDATA[14:12:26,975  INFO CustomRunner:132 - BeforeClass: org.hibernate.test.fileimport.CommandExtractorServiceTest
14:12:26,992  INFO DriverManagerConnectionProviderImpl:99 - HHH000402: Using Hibernate built-in connection pool (not for production use!)
14:12:26,993  INFO DriverManagerConnectionProviderImpl:135 - HHH000115: Hibernate connection pool size: 5
14:12:26,993  INFO DriverManagerConnectionProviderImpl:138 - HHH000006: Autocommit mode: false
14:12:26,994  INFO DriverManagerConnectionProviderImpl:153 - HHH000401: using driver [org.h2.Driver] at URL [jdbc:h2:mem:db1;DB_CLOSE_DELAY=-1;MVCC=TRUE]
14:12:26,994  INFO DriverManagerConnectionProviderImpl:158 - HHH000046: Connection properties: {user=sa}
14:12:26,995  INFO Dialect:103 - HHH000400: Using dialect: org.hibernate.dialect.H2Dialect
14:12:26,995  INFO LobCreatorBuilder:94 - HHH000423: Disabling contextual LOB creation as JDBC driver reported JDBC version [3] less than 4
14:12:26,996  INFO TransactionFactoryInitiator:66 - HHH000399: Using default transaction strategy (direct JDBC transactions)
14:12:26,996  INFO ASTQueryTranslatorFactory:48 - HHH000397: Using ASTQueryTranslatorFactory
14:12:26,996  WARN CachingRegionFactory:58 - CachingRegionFactory should be only used for testing.
14:12:26,999  INFO SchemaExport:343 - HHH000227: Running hbm2ddl schema export
14:12:27,052  INFO SchemaExport:405 - HHH000230: Schema export complete
14:12:27,053  WARN SessionFactoryImpl:1554 - HHH000008: JTASessionContext being used with JDBCTransactionFactory; auto-flush will not operate correctly with getCurrentSession()
14:12:27,053  INFO CustomRunner:139 - Test: testImportFile
14:12:27,054 DEBUG SQL:104 - 
    SELECT
        COUNT(*) 
    FROM
        test_data
14:12:27,055 DEBUG SQL:104 - 
    SELECT
        text 
    FROM
        test_data 
    WHERE
        id = 2
14:12:27,056 DEBUG SQL:104 - 
    SELECT
        text 
    FROM
        test_data 
    WHERE
        id = 3
14:12:27,057  INFO SchemaExport:343 - HHH000227: Running hbm2ddl schema export
14:12:27,057  INFO SchemaExport:405 - HHH000230: Schema export complete
14:12:27,057  INFO DriverManagerConnectionProviderImpl:162 - HHH000030: Cleaning up connection pool [jdbc:h2:mem:db1;DB_CLOSE_DELAY=-1;MVCC=TRUE]
]]></system-out>
  <system-err><![CDATA[]]></system-err>
</testsuite>
