<?xml version="1.0" encoding="UTF-8"?>
<testsuite errors="0" failures="0" hostname="dhcp-10.15.208.168.stl.redhat.com" name="org.hibernate.test.nonflushedchanges.DeleteTest" tests="3" time="0.217" timestamp="2013-02-28T20:17:32">
  <properties />
  <testcase classname="org.hibernate.test.nonflushedchanges.DeleteTest" name="testDeleteVersionedWithCollectionNoUpdate" time="0.071" />
  <testcase classname="org.hibernate.test.nonflushedchanges.DeleteTest" name="testNoUpdateOnDelete" time="0.006" />
  <testcase classname="org.hibernate.test.nonflushedchanges.DeleteTest" name="testNoUpdateOnDeleteWithCollection" time="0.027" />
  <system-out><![CDATA[14:17:32,889  INFO CustomRunner:132 - BeforeClass: org.hibernate.test.nonflushedchanges.DeleteTest
14:17:32,892  INFO Configuration:706 - HHH000221: Reading mappings from resource: org/hibernate/test/nonflushedchanges/Node.hbm.xml
14:17:32,900  INFO Configuration:706 - HHH000221: Reading mappings from resource: org/hibernate/test/nonflushedchanges/Employer.hbm.xml
14:17:32,905  INFO Configuration:706 - HHH000221: Reading mappings from resource: org/hibernate/test/nonflushedchanges/OptLockEntity.hbm.xml
14:17:32,909  INFO Configuration:706 - HHH000221: Reading mappings from resource: org/hibernate/test/nonflushedchanges/OneToOne.hbm.xml
14:17:32,914  INFO Configuration:706 - HHH000221: Reading mappings from resource: org/hibernate/test/nonflushedchanges/Competition.hbm.xml
14:17:32,923  INFO ConnectionProviderInitiator:188 - HHH000130: Instantiating explicit connection provider: org.hibernate.testing.jta.JtaAwareConnectionProviderImpl
14:17:32,923  INFO DriverManagerConnectionProviderImpl:99 - HHH000402: Using Hibernate built-in connection pool (not for production use!)
14:17:32,923  INFO DriverManagerConnectionProviderImpl:135 - HHH000115: Hibernate connection pool size: 20
14:17:32,924  INFO DriverManagerConnectionProviderImpl:138 - HHH000006: Autocommit mode: false
14:17:32,924  INFO DriverManagerConnectionProviderImpl:153 - HHH000401: using driver [org.h2.Driver] at URL [jdbc:h2:mem:db1;DB_CLOSE_DELAY=-1;MVCC=TRUE]
14:17:32,924  INFO DriverManagerConnectionProviderImpl:158 - HHH000046: Connection properties: {user=sa, autocommit=false, release_mode=AFTER_STATEMENT}
14:17:32,925  INFO Dialect:103 - HHH000400: Using dialect: org.hibernate.dialect.H2Dialect
14:17:32,925  INFO LobCreatorBuilder:94 - HHH000423: Disabling contextual LOB creation as JDBC driver reported JDBC version [3] less than 4
14:17:32,926  INFO ASTQueryTranslatorFactory:48 - HHH000397: Using ASTQueryTranslatorFactory
14:17:32,926  WARN CachingRegionFactory:58 - CachingRegionFactory should be only used for testing.
14:17:32,939  INFO SchemaExport:343 - HHH000227: Running hbm2ddl schema export
14:17:32,940 DEBUG SchemaExport:353 - Import file not found: /import.sql
14:17:32,940 DEBUG SQL:104 - 
    alter table COMPET_ION_OR 
        drop constraint FK1AAE64FB74F32D66
14:17:32,940 ERROR SchemaExport:425 - HHH000389: Unsuccessful: alter table COMPET_ION_OR drop constraint FK1AAE64FB74F32D66
14:17:32,940 ERROR SchemaExport:426 - Table "COMPET_ION_OR" not found; SQL statement:

    alter table COMPET_ION_OR 
        drop constraint FK1AAE64FB74F32D66 [42102-145]
14:17:32,940 DEBUG SQL:104 - 
    alter table COMPET_ION_OR 
        drop constraint FK1AAE64FB1F11BBAE
14:17:32,941 ERROR SchemaExport:425 - HHH000389: Unsuccessful: alter table COMPET_ION_OR drop constraint FK1AAE64FB1F11BBAE
14:17:32,941 ERROR SchemaExport:426 - Table "COMPET_ION_OR" not found; SQL statement:

    alter table COMPET_ION_OR 
        drop constraint FK1AAE64FB1F11BBAE [42102-145]
14:17:32,941 DEBUG SQL:104 - 
    alter table EMPLOYER_EMPLOYEE 
        drop constraint FKDC9B93B28D4A24D7
14:17:32,941 ERROR SchemaExport:425 - HHH000389: Unsuccessful: alter table EMPLOYER_EMPLOYEE drop constraint FKDC9B93B28D4A24D7
14:17:32,941 ERROR SchemaExport:426 - Table "EMPLOYER_EMPLOYEE" not found; SQL statement:

    alter table EMPLOYER_EMPLOYEE 
        drop constraint FKDC9B93B28D4A24D7 [42102-145]
14:17:32,941 DEBUG SQL:104 - 
    alter table EMPLOYER_EMPLOYEE 
        drop constraint FKDC9B93B28D500DB7
14:17:32,942 ERROR SchemaExport:425 - HHH000389: Unsuccessful: alter table EMPLOYER_EMPLOYEE drop constraint FKDC9B93B28D500DB7
14:17:32,942 ERROR SchemaExport:426 - Table "EMPLOYER_EMPLOYEE" not found; SQL statement:

    alter table EMPLOYER_EMPLOYEE 
        drop constraint FKDC9B93B28D500DB7 [42102-145]
14:17:32,942 DEBUG SQL:104 - 
    alter table Node 
        drop constraint FK252222D556A303
14:17:32,942 ERROR SchemaExport:425 - HHH000389: Unsuccessful: alter table Node drop constraint FK252222D556A303
14:17:32,942 ERROR SchemaExport:426 - Table "NODE" not found; SQL statement:

    alter table Node 
        drop constraint FK252222D556A303 [42102-145]
14:17:32,942 DEBUG SQL:104 - 
    alter table Node 
        drop constraint FK25222261DDD534
14:17:32,943 ERROR SchemaExport:425 - HHH000389: Unsuccessful: alter table Node drop constraint FK25222261DDD534
14:17:32,943 ERROR SchemaExport:426 - Table "NODE" not found; SQL statement:

    alter table Node 
        drop constraint FK25222261DDD534 [42102-145]
14:17:32,943 DEBUG SQL:104 - 
    alter table NumberedNode 
        drop constraint FK667A9BEA4467F5CB
14:17:32,943 ERROR SchemaExport:425 - HHH000389: Unsuccessful: alter table NumberedNode drop constraint FK667A9BEA4467F5CB
14:17:32,943 ERROR SchemaExport:426 - Table "NUMBEREDNODE" not found; SQL statement:

    alter table NumberedNode 
        drop constraint FK667A9BEA4467F5CB [42102-145]
14:17:32,943 DEBUG SQL:104 - 
    alter table OPS_ADDRESS 
        drop constraint FKCEA94F2782611B3C
14:17:32,943 ERROR SchemaExport:425 - HHH000389: Unsuccessful: alter table OPS_ADDRESS drop constraint FKCEA94F2782611B3C
14:17:32,944 ERROR SchemaExport:426 - Table "OPS_ADDRESS" not found; SQL statement:

    alter table OPS_ADDRESS 
        drop constraint FKCEA94F2782611B3C [42102-145]
14:17:32,944 DEBUG SQL:104 - 
    alter table OPS_PERS_DETAIL 
        drop constraint FK2409C38D9711DB07
14:17:32,944 ERROR SchemaExport:425 - HHH000389: Unsuccessful: alter table OPS_PERS_DETAIL drop constraint FK2409C38D9711DB07
14:17:32,945 ERROR SchemaExport:426 - Table "OPS_PERS_DETAIL" not found; SQL statement:

    alter table OPS_PERS_DETAIL 
        drop constraint FK2409C38D9711DB07 [42102-145]
14:17:32,945 DEBUG SQL:104 - 
    alter table V_ENTITY 
        drop constraint FK145E7ECFD463E2D
14:17:32,945 ERROR SchemaExport:425 - HHH000389: Unsuccessful: alter table V_ENTITY drop constraint FK145E7ECFD463E2D
14:17:32,945 ERROR SchemaExport:426 - Table "V_ENTITY" not found; SQL statement:

    alter table V_ENTITY 
        drop constraint FK145E7ECFD463E2D [42102-145]
14:17:32,945 DEBUG SQL:104 - 
    drop table COMPET_ION_OR if exists
14:17:32,945 DEBUG SQL:104 - 
    drop table Competition if exists
14:17:32,946 DEBUG SQL:104 - 
    drop table Competitor if exists
14:17:32,946 DEBUG SQL:104 - 
    drop table EMPLOYER_EMPLOYEE if exists
14:17:32,946 DEBUG SQL:104 - 
    drop table Employee if exists
14:17:32,946 DEBUG SQL:104 - 
    drop table Employer if exists
14:17:32,946 DEBUG SQL:104 - 
    drop table Node if exists
14:17:32,946 DEBUG SQL:104 - 
    drop table NumberedNode if exists
14:17:32,946 DEBUG SQL:104 - 
    drop table OPS_ADDRESS if exists
14:17:32,947 DEBUG SQL:104 - 
    drop table OPS_PERSON if exists
14:17:32,947 DEBUG SQL:104 - 
    drop table OPS_PERS_DETAIL if exists
14:17:32,947 DEBUG SQL:104 - 
    drop table T_ENTITY if exists
14:17:32,947 DEBUG SQL:104 - 
    drop table V_ENTITY if exists
14:17:32,947 DEBUG SQL:104 - 
    create table COMPET_ION_OR (
        TION_ID integer not null,
        TOR_ID integer not null,
        INDEX_COL integer not null,
        primary key (TION_ID, INDEX_COL)
    )
14:17:32,948 DEBUG SQL:104 - 
    create table Competition (
        id integer generated by default as identity,
        primary key (id)
    )
14:17:32,948 DEBUG SQL:104 - 
    create table Competitor (
        id integer generated by default as identity,
        name varchar(255),
        primary key (id)
    )
14:17:32,948 DEBUG SQL:104 - 
    create table EMPLOYER_EMPLOYEE (
        EMPER_ID integer not null,
        EMPEE_ID integer not null
    )
14:17:32,949 DEBUG SQL:104 - 
    create table Employee (
        id integer generated by default as identity,
        primary key (id)
    )
14:17:32,949 DEBUG SQL:104 - 
    create table Employer (
        id integer generated by default as identity,
        vers integer not null,
        primary key (id)
    )
14:17:32,949 DEBUG SQL:104 - 
    create table Node (
        name varchar(255) not null,
        description varchar(255),
        parent varchar(255),
        created date not null,
        CASC_PARENT varchar(255),
        primary key (name)
    )
14:17:32,949 DEBUG SQL:104 - 
    create table NumberedNode (
        id bigint generated by default as identity,
        name varchar(255) not null,
        description varchar(255),
        created date not null,
        parent bigint,
        primary key (id)
    )
14:17:32,957 DEBUG SQL:104 - 
    create table OPS_ADDRESS (
        ID bigint not null,
        STREET varchar(255),
        CITY varchar(255),
        CTRY varchar(255),
        RESIDENT bigint,
        primary key (ID)
    )
14:17:32,958 DEBUG SQL:104 - 
    create table OPS_PERSON (
        ID bigint not null,
        NAME varchar(255),
        primary key (ID)
    )
14:17:32,958 DEBUG SQL:104 - 
    create table OPS_PERS_DETAIL (
        ID bigint not null,
        SOME_DETAIL varchar(255),
        primary key (ID)
    )
14:17:32,958 DEBUG SQL:104 - 
    create table T_ENTITY (
        ID varchar(255) not null,
        TS timestamp not null,
        NAME varchar(255),
        primary key (ID)
    )
14:17:32,959 DEBUG SQL:104 - 
    create table V_ENTITY (
        ID varchar(255) not null,
        VERS bigint not null,
        NAME varchar(255),
        parent varchar(255),
        primary key (ID)
    )
14:17:32,966 DEBUG SQL:104 - 
    alter table COMPET_ION_OR 
        add constraint FK1AAE64FB74F32D66 
        foreign key (TOR_ID) 
        references Competitor
14:17:32,967 DEBUG SQL:104 - 
    alter table COMPET_ION_OR 
        add constraint FK1AAE64FB1F11BBAE 
        foreign key (TION_ID) 
        references Competition
14:17:32,968 DEBUG SQL:104 - 
    alter table EMPLOYER_EMPLOYEE 
        add constraint FKDC9B93B28D4A24D7 
        foreign key (EMPEE_ID) 
        references Employee
14:17:32,968 DEBUG SQL:104 - 
    alter table EMPLOYER_EMPLOYEE 
        add constraint FKDC9B93B28D500DB7 
        foreign key (EMPER_ID) 
        references Employer
14:17:32,968 DEBUG SQL:104 - 
    alter table Node 
        add constraint FK252222D556A303 
        foreign key (parent) 
        references Node
14:17:32,976 DEBUG SQL:104 - 
    alter table Node 
        add constraint FK25222261DDD534 
        foreign key (CASC_PARENT) 
        references Node
14:17:32,976 DEBUG SQL:104 - 
    create index iname on NumberedNode (name)
14:17:32,976 DEBUG SQL:104 - 
    alter table NumberedNode 
        add constraint FK667A9BEA4467F5CB 
        foreign key (parent) 
        references NumberedNode
14:17:32,977 DEBUG SQL:104 - 
    alter table OPS_ADDRESS 
        add constraint FKCEA94F2782611B3C 
        foreign key (RESIDENT) 
        references OPS_PERSON
14:17:32,977 DEBUG SQL:104 - 
    alter table OPS_PERS_DETAIL 
        add constraint FK2409C38D9711DB07 
        foreign key (ID) 
        references OPS_PERSON
14:17:32,978 DEBUG SQL:104 - 
    alter table V_ENTITY 
        add constraint FK145E7ECFD463E2D 
        foreign key (parent) 
        references V_ENTITY
14:17:32,978  INFO SchemaExport:405 - HHH000230: Schema export complete
14:17:32,979  INFO CustomRunner:139 - Test: testDeleteVersionedWithCollectionNoUpdate
14:17:32,986 DEBUG SQL:104 - 
    select
        versionede_.ID,
        versionede_.VERS as VERS12_,
        versionede_.NAME as NAME12_,
        versionede_.parent as parent12_ 
    from
        V_ENTITY versionede_ 
    where
        versionede_.ID=?
14:17:32,988 DEBUG SQL:104 - 
    insert 
    into
        V_ENTITY
        (VERS, NAME, parent, ID) 
    values
        (?, ?, ?, ?)
14:17:32,988 DEBUG SQL:104 - 
    insert 
    into
        V_ENTITY
        (VERS, NAME, parent, ID) 
    values
        (?, ?, ?, ?)
14:17:32,989 DEBUG SQL:104 - 
    select
        versionede0_.ID as ID12_0_,
        versionede0_.VERS as VERS12_0_,
        versionede0_.NAME as NAME12_0_,
        versionede0_.parent as parent12_0_ 
    from
        V_ENTITY versionede0_ 
    where
        versionede0_.ID=?
14:17:32,997 DEBUG SQL:104 - 
    select
        children0_.parent as parent12_1_,
        children0_.ID as ID12_1_,
        children0_.ID as ID12_0_,
        children0_.VERS as VERS12_0_,
        children0_.NAME as NAME12_0_,
        children0_.parent as parent12_0_ 
    from
        V_ENTITY children0_ 
    where
        children0_.parent=?
14:17:32,998 DEBUG SQL:104 - 
    select
        children0_.parent as parent12_1_,
        children0_.ID as ID12_1_,
        children0_.ID as ID12_0_,
        children0_.VERS as VERS12_0_,
        children0_.NAME as NAME12_0_,
        children0_.parent as parent12_0_ 
    from
        V_ENTITY children0_ 
    where
        children0_.parent=?
14:17:33,001 DEBUG SQL:104 - 
    delete 
    from
        V_ENTITY 
    where
        ID=? 
        and VERS=?
14:17:33,050 DEBUG SQL:104 - 
    delete 
    from
        V_ENTITY 
    where
        ID=? 
        and VERS=?
14:17:33,051  INFO CustomRunner:139 - Test: testNoUpdateOnDelete
14:17:33,052 DEBUG SQL:104 - 
    insert 
    into
        Node
        (description, parent, created, name) 
    values
        (?, ?, ?, ?)
14:17:33,054 DEBUG SQL:104 - 
    select
        node_.name,
        node_.description as descript2_6_,
        node_.parent as parent6_,
        node_.created as created6_ 
    from
        Node node_ 
    where
        node_.name=?
14:17:33,056 DEBUG SQL:104 - 
    delete 
    from
        Node 
    where
        name=?
14:17:33,058  INFO CustomRunner:139 - Test: testNoUpdateOnDeleteWithCollection
14:17:33,059 DEBUG SQL:104 - 
    insert 
    into
        Node
        (description, parent, created, name) 
    values
        (?, ?, ?, ?)
14:17:33,061 DEBUG SQL:104 - 
    insert 
    into
        Node
        (description, parent, created, name) 
    values
        (?, ?, ?, ?)
14:17:33,061 DEBUG SQL:104 - 
    update
        Node 
    set
        CASC_PARENT=? 
    where
        name=?
14:17:33,062 DEBUG SQL:104 - 
    select
        node0_.name as name6_0_,
        node0_.description as descript2_6_0_,
        node0_.parent as parent6_0_,
        node0_.created as created6_0_ 
    from
        Node node0_ 
    where
        node0_.name=?
14:17:33,077 DEBUG SQL:104 - 
    select
        cascadingc0_.CASC_PARENT as CASC5_6_1_,
        cascadingc0_.name as name6_1_,
        cascadingc0_.name as name6_0_,
        cascadingc0_.description as descript2_6_0_,
        cascadingc0_.parent as parent6_0_,
        cascadingc0_.created as created6_0_ 
    from
        Node cascadingc0_ 
    where
        cascadingc0_.CASC_PARENT=?
14:17:33,078 DEBUG SQL:104 - 
    select
        cascadingc0_.CASC_PARENT as CASC5_6_1_,
        cascadingc0_.name as name6_1_,
        cascadingc0_.name as name6_0_,
        cascadingc0_.description as descript2_6_0_,
        cascadingc0_.parent as parent6_0_,
        cascadingc0_.created as created6_0_ 
    from
        Node cascadingc0_ 
    where
        cascadingc0_.CASC_PARENT=?
14:17:33,083 DEBUG SQL:104 - 
    update
        Node 
    set
        CASC_PARENT=null 
    where
        CASC_PARENT=?
14:17:33,084 DEBUG SQL:104 - 
    delete 
    from
        Node 
    where
        name=?
14:17:33,084 DEBUG SQL:104 - 
    delete 
    from
        Node 
    where
        name=?
14:17:33,085  INFO SchemaExport:343 - HHH000227: Running hbm2ddl schema export
14:17:33,086 DEBUG SchemaExport:353 - Import file not found: /import.sql
14:17:33,086 DEBUG SQL:104 - 
    alter table COMPET_ION_OR 
        drop constraint FK1AAE64FB74F32D66
14:17:33,086 DEBUG SQL:104 - 
    alter table COMPET_ION_OR 
        drop constraint FK1AAE64FB1F11BBAE
14:17:33,086 DEBUG SQL:104 - 
    alter table EMPLOYER_EMPLOYEE 
        drop constraint FKDC9B93B28D4A24D7
14:17:33,087 DEBUG SQL:104 - 
    alter table EMPLOYER_EMPLOYEE 
        drop constraint FKDC9B93B28D500DB7
14:17:33,087 DEBUG SQL:104 - 
    alter table Node 
        drop constraint FK252222D556A303
14:17:33,087 DEBUG SQL:104 - 
    alter table Node 
        drop constraint FK25222261DDD534
14:17:33,087 DEBUG SQL:104 - 
    alter table NumberedNode 
        drop constraint FK667A9BEA4467F5CB
14:17:33,087 DEBUG SQL:104 - 
    alter table OPS_ADDRESS 
        drop constraint FKCEA94F2782611B3C
14:17:33,088 DEBUG SQL:104 - 
    alter table OPS_PERS_DETAIL 
        drop constraint FK2409C38D9711DB07
14:17:33,088 DEBUG SQL:104 - 
    alter table V_ENTITY 
        drop constraint FK145E7ECFD463E2D
14:17:33,088 DEBUG SQL:104 - 
    drop table COMPET_ION_OR if exists
14:17:33,088 DEBUG SQL:104 - 
    drop table Competition if exists
14:17:33,088 DEBUG SQL:104 - 
    drop table Competitor if exists
14:17:33,089 DEBUG SQL:104 - 
    drop table EMPLOYER_EMPLOYEE if exists
14:17:33,089 DEBUG SQL:104 - 
    drop table Employee if exists
14:17:33,089 DEBUG SQL:104 - 
    drop table Employer if exists
14:17:33,090 DEBUG SQL:104 - 
    drop table Node if exists
14:17:33,090 DEBUG SQL:104 - 
    drop table NumberedNode if exists
14:17:33,090 DEBUG SQL:104 - 
    drop table OPS_ADDRESS if exists
14:17:33,091 DEBUG SQL:104 - 
    drop table OPS_PERSON if exists
14:17:33,098 DEBUG SQL:104 - 
    drop table OPS_PERS_DETAIL if exists
14:17:33,099 DEBUG SQL:104 - 
    drop table T_ENTITY if exists
14:17:33,101 DEBUG SQL:104 - 
    drop table V_ENTITY if exists
14:17:33,101  INFO SchemaExport:405 - HHH000230: Schema export complete
14:17:33,101  INFO DriverManagerConnectionProviderImpl:162 - HHH000030: Cleaning up connection pool [jdbc:h2:mem:db1;DB_CLOSE_DELAY=-1;MVCC=TRUE]
]]></system-out>
  <system-err><![CDATA[]]></system-err>
</testsuite>
