<?xml version="1.0" encoding="UTF-8"?>
<testsuite errors="0" failures="0" hostname="dhcp-10.15.208.168.stl.redhat.com" name="org.hibernate.test.annotations.generics.UnresolvedTypeTest" tests="2" time="0.062" timestamp="2013-02-28T20:10:28">
  <properties />
  <testcase classname="org.hibernate.test.annotations.generics.UnresolvedTypeTest" name="testAcceptsUnresolvedPropertyTypesIfATargetEntityIsExplicitlySet" time="0.003" />
  <testcase classname="org.hibernate.test.annotations.generics.UnresolvedTypeTest" name="testAcceptsUnresolvedPropertyTypesIfATypeExplicitlySet" time="0.004" />
  <system-out><![CDATA[14:10:28,158  INFO CustomRunner:132 - BeforeClass: org.hibernate.test.annotations.generics.UnresolvedTypeTest
14:10:28,173  INFO DriverManagerConnectionProviderImpl:99 - HHH000402: Using Hibernate built-in connection pool (not for production use!)
14:10:28,174  INFO DriverManagerConnectionProviderImpl:135 - HHH000115: Hibernate connection pool size: 5
14:10:28,174  INFO DriverManagerConnectionProviderImpl:138 - HHH000006: Autocommit mode: false
14:10:28,174  INFO DriverManagerConnectionProviderImpl:153 - HHH000401: using driver [org.h2.Driver] at URL [jdbc:h2:mem:db1;DB_CLOSE_DELAY=-1;MVCC=TRUE]
14:10:28,175  INFO DriverManagerConnectionProviderImpl:158 - HHH000046: Connection properties: {user=sa}
14:10:28,176  INFO Dialect:103 - HHH000400: Using dialect: org.hibernate.dialect.H2Dialect
14:10:28,176  INFO LobCreatorBuilder:94 - HHH000423: Disabling contextual LOB creation as JDBC driver reported JDBC version [3] less than 4
14:10:28,177  INFO TransactionFactoryInitiator:66 - HHH000399: Using default transaction strategy (direct JDBC transactions)
14:10:28,177  INFO ASTQueryTranslatorFactory:48 - HHH000397: Using ASTQueryTranslatorFactory
14:10:28,177  WARN CachingRegionFactory:58 - CachingRegionFactory should be only used for testing.
14:10:28,204  INFO SchemaExport:343 - HHH000227: Running hbm2ddl schema export
14:10:28,204 DEBUG SchemaExport:353 - Import file not found: /import.sql
14:10:28,205 DEBUG SQL:104 - 
    alter table Gene 
        drop constraint FK21CF3510090979
14:10:28,205 ERROR SchemaExport:425 - HHH000389: Unsuccessful: alter table Gene drop constraint FK21CF3510090979
14:10:28,205 ERROR SchemaExport:426 - Table "GENE" not found; SQL statement:

    alter table Gene 
        drop constraint FK21CF3510090979 [42102-145]
14:10:28,205 DEBUG SQL:104 - 
    drop table DNA if exists
14:10:28,205 DEBUG SQL:104 - 
    drop table Gene if exists
14:10:28,205 DEBUG SQL:104 - 
    drop sequence hibernate_sequence
14:10:28,205 ERROR SchemaExport:425 - HHH000389: Unsuccessful: drop sequence hibernate_sequence
14:10:28,206 ERROR SchemaExport:426 - Sequence "HIBERNATE_SEQUENCE" not found; SQL statement:

    drop sequence hibernate_sequence [90036-145]
14:10:28,206 DEBUG SQL:104 - 
    create table DNA (
        id integer not null,
        primary key (id)
    )
14:10:28,206 DEBUG SQL:104 - 
    create table Gene (
        id integer not null,
        state integer,
        geneticCode_id integer,
        primary key (id)
    )
14:10:28,206 DEBUG SQL:104 - 
    alter table Gene 
        add constraint FK21CF3510090979 
        foreign key (geneticCode_id) 
        references DNA
14:10:28,207 DEBUG SQL:104 - 
    create sequence hibernate_sequence start with 1 increment by 1
14:10:28,207  INFO SchemaExport:405 - HHH000230: Schema export complete
14:10:28,208  WARN SessionFactoryImpl:1554 - HHH000008: JTASessionContext being used with JDBCTransactionFactory; auto-flush will not operate correctly with getCurrentSession()
14:10:28,208  INFO CustomRunner:139 - Test: testAcceptsUnresolvedPropertyTypesIfATargetEntityIsExplicitlySet
14:10:28,209 DEBUG SQL:104 - 
    call next value for hibernate_sequence
14:10:28,211 DEBUG SQL:104 - 
    insert 
    into
        Gene
        (geneticCode_id, state, id) 
    values
        (?, ?, ?)
14:10:28,212  INFO CustomRunner:139 - Test: testAcceptsUnresolvedPropertyTypesIfATypeExplicitlySet
14:10:28,214 DEBUG SQL:104 - 
    call next value for hibernate_sequence
14:10:28,215 DEBUG SQL:104 - 
    insert 
    into
        Gene
        (geneticCode_id, state, id) 
    values
        (?, ?, ?)
14:10:28,215 DEBUG SQL:104 - 
    select
        gene0_.id as id1_1_,
        gene0_.geneticCode_id as geneticC3_1_1_,
        gene0_.state as state1_1_,
        dna1_.id as id0_0_ 
    from
        Gene gene0_ 
    left outer join
        DNA dna1_ 
            on gene0_.geneticCode_id=dna1_.id 
    where
        gene0_.id=?
14:10:28,216  INFO SchemaExport:343 - HHH000227: Running hbm2ddl schema export
14:10:28,217 DEBUG SchemaExport:353 - Import file not found: /import.sql
14:10:28,217 DEBUG SQL:104 - 
    alter table Gene 
        drop constraint FK21CF3510090979
14:10:28,217 DEBUG SQL:104 - 
    drop table DNA if exists
14:10:28,218 DEBUG SQL:104 - 
    drop table Gene if exists
14:10:28,218 DEBUG SQL:104 - 
    drop sequence hibernate_sequence
14:10:28,218  INFO SchemaExport:405 - HHH000230: Schema export complete
14:10:28,218  INFO DriverManagerConnectionProviderImpl:162 - HHH000030: Cleaning up connection pool [jdbc:h2:mem:db1;DB_CLOSE_DELAY=-1;MVCC=TRUE]
]]></system-out>
  <system-err><![CDATA[]]></system-err>
</testsuite>
