<?xml version="1.0" encoding="UTF-8"?>
<testsuite errors="0" failures="0" hostname="dhcp-10.15.208.168.stl.redhat.com" name="org.hibernate.test.criteria.LikeTest" tests="1" time="0.037" timestamp="2013-02-28T20:12:05">
  <properties />
  <testcase classname="org.hibernate.test.criteria.LikeTest" name="testLike" time="0.005" />
  <system-out><![CDATA[14:12:05,185  INFO CustomRunner:132 - BeforeClass: org.hibernate.test.criteria.LikeTest
14:12:05,187  INFO Configuration:706 - HHH000221: Reading mappings from resource: org/hibernate/test/criteria/TestObject.hbm.xml
14:12:05,194  INFO DriverManagerConnectionProviderImpl:99 - HHH000402: Using Hibernate built-in connection pool (not for production use!)
14:12:05,194  INFO DriverManagerConnectionProviderImpl:135 - HHH000115: Hibernate connection pool size: 5
14:12:05,194  INFO DriverManagerConnectionProviderImpl:138 - HHH000006: Autocommit mode: false
14:12:05,194  INFO DriverManagerConnectionProviderImpl:153 - HHH000401: using driver [org.h2.Driver] at URL [jdbc:h2:mem:db1;DB_CLOSE_DELAY=-1;MVCC=TRUE]
14:12:05,195  INFO DriverManagerConnectionProviderImpl:158 - HHH000046: Connection properties: {user=sa}
14:12:05,196  INFO Dialect:103 - HHH000400: Using dialect: org.hibernate.dialect.H2Dialect
14:12:05,196  INFO LobCreatorBuilder:94 - HHH000423: Disabling contextual LOB creation as JDBC driver reported JDBC version [3] less than 4
14:12:05,197  INFO TransactionFactoryInitiator:66 - HHH000399: Using default transaction strategy (direct JDBC transactions)
14:12:05,197  INFO ASTQueryTranslatorFactory:48 - HHH000397: Using ASTQueryTranslatorFactory
14:12:05,197  WARN CachingRegionFactory:58 - CachingRegionFactory should be only used for testing.
14:12:05,203  INFO SchemaExport:343 - HHH000227: Running hbm2ddl schema export
14:12:05,203 DEBUG SchemaExport:353 - Import file not found: /import.sql
14:12:05,203 DEBUG SQL:104 - 
    drop table "test" if exists
14:12:05,204 DEBUG SQL:104 - 
    create table "test" (
        ID integer generated by default as identity,
        text varchar(255),
        primary key (ID)
    )
14:12:05,204  INFO SchemaExport:405 - HHH000230: Schema export complete
14:12:05,204  WARN SessionFactoryImpl:1554 - HHH000008: JTASessionContext being used with JDBCTransactionFactory; auto-flush will not operate correctly with getCurrentSession()
14:12:05,205  INFO CustomRunner:139 - Test: testLike
14:12:05,206 DEBUG SQL:104 - 
    insert 
    into
        "test"
        (ID, text) 
    values
        (null, ?)
14:12:05,207 DEBUG SQL:104 - 
    select
        this_.ID as ID0_0_,
        this_.text as text0_0_ 
    from
        "test" this_ 
    where
        this_.text like ?
14:12:05,208 DEBUG SQL:104 - 
    select
        this_.ID as ID0_0_,
        this_.text as text0_0_ 
    from
        "test" this_ 
    where
        lower(this_.text) like ?
14:12:05,209 DEBUG SQL:104 - 
    select
        this_.ID as ID0_0_,
        this_.text as text0_0_ 
    from
        "test" this_ 
    where
        lower(this_.text) like ? escape '\'
14:12:05,210 DEBUG SQL:104 - 
    select
        this_.ID as ID0_0_,
        this_.text as text0_0_ 
    from
        "test" this_ 
    where
        this_.text like ? escape '\'
14:12:05,211  INFO SchemaExport:343 - HHH000227: Running hbm2ddl schema export
14:12:05,211 DEBUG SchemaExport:353 - Import file not found: /import.sql
14:12:05,211 DEBUG SQL:104 - 
    drop table "test" if exists
14:12:05,217  INFO SchemaExport:405 - HHH000230: Schema export complete
14:12:05,218  INFO DriverManagerConnectionProviderImpl:162 - HHH000030: Cleaning up connection pool [jdbc:h2:mem:db1;DB_CLOSE_DELAY=-1;MVCC=TRUE]
]]></system-out>
  <system-err><![CDATA[]]></system-err>
</testsuite>
