<?xml version="1.0" encoding="UTF-8"?>
<testsuite errors="0" failures="0" hostname="dhcp-10.15.208.168.stl.redhat.com" name="org.hibernate.test.multitenancy.schema.SchemaBasedMultiTenancyTest" tests="2" time="0.045" timestamp="2013-02-28T20:17:31">
  <properties />
  <testcase classname="org.hibernate.test.multitenancy.schema.SchemaBasedMultiTenancyTest" name="testBasicExpectedBehavior" time="0.018" />
  <testcase classname="org.hibernate.test.multitenancy.schema.SchemaBasedMultiTenancyTest" name="testSameIdentifiers" time="0.025" />
  <system-out><![CDATA[14:17:31,112  INFO CustomRunner:132 - BeforeClass: org.hibernate.test.multitenancy.schema.SchemaBasedMultiTenancyTest
14:17:31,113  INFO CustomRunner:139 - Test: testBasicExpectedBehavior
14:17:31,113  INFO DriverManagerConnectionProviderImpl:99 - HHH000402: Using Hibernate built-in connection pool (not for production use!)
14:17:31,113  INFO DriverManagerConnectionProviderImpl:135 - HHH000115: Hibernate connection pool size: 20
14:17:31,113  INFO DriverManagerConnectionProviderImpl:138 - HHH000006: Autocommit mode: false
14:17:31,113  INFO DriverManagerConnectionProviderImpl:153 - HHH000401: using driver [org.h2.Driver] at URL [jdbc:h2:mem:acme;DB_CLOSE_DELAY=-1;MVCC=TRUE]
14:17:31,114  INFO DriverManagerConnectionProviderImpl:158 - HHH000046: Connection properties: {user=sa, password=****}
14:17:31,114  INFO DriverManagerConnectionProviderImpl:99 - HHH000402: Using Hibernate built-in connection pool (not for production use!)
14:17:31,114  INFO DriverManagerConnectionProviderImpl:135 - HHH000115: Hibernate connection pool size: 20
14:17:31,114  INFO DriverManagerConnectionProviderImpl:138 - HHH000006: Autocommit mode: false
14:17:31,114  INFO DriverManagerConnectionProviderImpl:153 - HHH000401: using driver [org.h2.Driver] at URL [jdbc:h2:mem:jboss;DB_CLOSE_DELAY=-1;MVCC=TRUE]
14:17:31,114  INFO DriverManagerConnectionProviderImpl:158 - HHH000046: Connection properties: {user=sa, password=****}
14:17:31,115  INFO Dialect:103 - HHH000400: Using dialect: org.hibernate.dialect.H2Dialect
14:17:31,116  INFO Dialect:103 - HHH000400: Using dialect: org.hibernate.dialect.H2Dialect
14:17:31,116  INFO SchemaExport:343 - HHH000227: Running hbm2ddl schema export
14:17:31,116 DEBUG SQL:104 - 
    drop table Customer if exists
14:17:31,117 DEBUG SQL:104 - 
    create table Customer (
        id bigint not null,
        name varchar(255),
        primary key (id)
    )
14:17:31,117 ERROR SchemaExport:385 - HHH000231: Schema export unsuccessful
org.hibernate.tool.hbm2ddl.ImportScriptException: Error during statement execution (file: ''): org
	at org.hibernate.tool.hbm2ddl.SchemaExport.importScript(SchemaExport.java:451)
	at org.hibernate.tool.hbm2ddl.SchemaExport.execute(SchemaExport.java:378)
	at org.hibernate.tool.hbm2ddl.SchemaExport.execute(SchemaExport.java:322)
	at org.hibernate.test.multitenancy.schema.SchemaBasedMultiTenancyTest.buildConfiguration(SchemaBasedMultiTenancyTest.java:89)
	at org.hibernate.test.multitenancy.schema.SchemaBasedMultiTenancyTest.setUp(SchemaBasedMultiTenancyTest.java:67)
	at sun.reflect.NativeMethodAccessorImpl.invoke0(Native Method)
	at sun.reflect.NativeMethodAccessorImpl.invoke(NativeMethodAccessorImpl.java:57)
	at sun.reflect.DelegatingMethodAccessorImpl.invoke(DelegatingMethodAccessorImpl.java:43)
	at java.lang.reflect.Method.invoke(Method.java:601)
	at org.junit.runners.model.FrameworkMethod$1.runReflectiveCall(FrameworkMethod.java:45)
	at org.junit.internal.runners.model.ReflectiveCallable.run(ReflectiveCallable.java:15)
	at org.junit.runners.model.FrameworkMethod.invokeExplosively(FrameworkMethod.java:42)
	at org.junit.internal.runners.statements.RunBefores.evaluate(RunBefores.java:27)
	at org.junit.internal.runners.statements.RunAfters.evaluate(RunAfters.java:30)
	at org.junit.internal.runners.statements.FailOnTimeout$StatementThread.run(FailOnTimeout.java:62)
Caused by: org.h2.jdbc.JdbcSQLException: Syntax error in SQL statement "ORG[*] "; SQL statement:
org [42000-145]
	at org.h2.message.DbException.getJdbcSQLException(DbException.java:327)
	at org.h2.message.DbException.get(DbException.java:167)
	at org.h2.message.DbException.get(DbException.java:144)
	at org.h2.message.DbException.getSyntaxError(DbException.java:179)
	at org.h2.command.Parser.getSyntaxError(Parser.java:470)
	at org.h2.command.Parser.parsePrepared(Parser.java:429)
	at org.h2.command.Parser.parse(Parser.java:274)
	at org.h2.command.Parser.parse(Parser.java:250)
	at org.h2.command.Parser.prepare(Parser.java:200)
	at org.h2.command.Parser.prepareCommand(Parser.java:213)
	at org.h2.engine.Session.prepareLocal(Session.java:423)
	at org.h2.engine.Session.prepareCommand(Session.java:373)
	at org.h2.jdbc.JdbcConnection.prepareCommand(JdbcConnection.java:1056)
	at org.h2.jdbc.JdbcStatement.executeUpdateInternal(JdbcStatement.java:122)
	at org.h2.jdbc.JdbcStatement.executeUpdate(JdbcStatement.java:111)
	at org.hibernate.tool.hbm2ddl.DatabaseExporter.export(DatabaseExporter.java:64)
	at org.hibernate.tool.hbm2ddl.SchemaExport.importScript(SchemaExport.java:446)
	... 14 more
14:17:31,118  INFO SchemaExport:405 - HHH000230: Schema export complete
14:17:31,118  INFO Dialect:103 - HHH000400: Using dialect: org.hibernate.dialect.H2Dialect
14:17:31,118  INFO Dialect:103 - HHH000400: Using dialect: org.hibernate.dialect.H2Dialect
14:17:31,118  INFO SchemaExport:343 - HHH000227: Running hbm2ddl schema export
14:17:31,119 DEBUG SQL:104 - 
    drop table Customer if exists
14:17:31,119 DEBUG SQL:104 - 
    create table Customer (
        id bigint not null,
        name varchar(255),
        primary key (id)
    )
14:17:31,120 ERROR SchemaExport:385 - HHH000231: Schema export unsuccessful
org.hibernate.tool.hbm2ddl.ImportScriptException: Error during statement execution (file: ''): org
	at org.hibernate.tool.hbm2ddl.SchemaExport.importScript(SchemaExport.java:451)
	at org.hibernate.tool.hbm2ddl.SchemaExport.execute(SchemaExport.java:378)
	at org.hibernate.tool.hbm2ddl.SchemaExport.execute(SchemaExport.java:322)
	at org.hibernate.test.multitenancy.schema.SchemaBasedMultiTenancyTest.buildConfiguration(SchemaBasedMultiTenancyTest.java:117)
	at org.hibernate.test.multitenancy.schema.SchemaBasedMultiTenancyTest.setUp(SchemaBasedMultiTenancyTest.java:67)
	at sun.reflect.NativeMethodAccessorImpl.invoke0(Native Method)
	at sun.reflect.NativeMethodAccessorImpl.invoke(NativeMethodAccessorImpl.java:57)
	at sun.reflect.DelegatingMethodAccessorImpl.invoke(DelegatingMethodAccessorImpl.java:43)
	at java.lang.reflect.Method.invoke(Method.java:601)
	at org.junit.runners.model.FrameworkMethod$1.runReflectiveCall(FrameworkMethod.java:45)
	at org.junit.internal.runners.model.ReflectiveCallable.run(ReflectiveCallable.java:15)
	at org.junit.runners.model.FrameworkMethod.invokeExplosively(FrameworkMethod.java:42)
	at org.junit.internal.runners.statements.RunBefores.evaluate(RunBefores.java:27)
	at org.junit.internal.runners.statements.RunAfters.evaluate(RunAfters.java:30)
	at org.junit.internal.runners.statements.FailOnTimeout$StatementThread.run(FailOnTimeout.java:62)
Caused by: org.h2.jdbc.JdbcSQLException: Syntax error in SQL statement "ORG[*] "; SQL statement:
org [42000-145]
	at org.h2.message.DbException.getJdbcSQLException(DbException.java:327)
	at org.h2.message.DbException.get(DbException.java:167)
	at org.h2.message.DbException.get(DbException.java:144)
	at org.h2.message.DbException.getSyntaxError(DbException.java:179)
	at org.h2.command.Parser.getSyntaxError(Parser.java:470)
	at org.h2.command.Parser.parsePrepared(Parser.java:429)
	at org.h2.command.Parser.parse(Parser.java:274)
	at org.h2.command.Parser.parse(Parser.java:250)
	at org.h2.command.Parser.prepare(Parser.java:200)
	at org.h2.command.Parser.prepareCommand(Parser.java:213)
	at org.h2.engine.Session.prepareLocal(Session.java:423)
	at org.h2.engine.Session.prepareCommand(Session.java:373)
	at org.h2.jdbc.JdbcConnection.prepareCommand(JdbcConnection.java:1056)
	at org.h2.jdbc.JdbcStatement.executeUpdateInternal(JdbcStatement.java:122)
	at org.h2.jdbc.JdbcStatement.executeUpdate(JdbcStatement.java:111)
	at org.hibernate.tool.hbm2ddl.DatabaseExporter.export(DatabaseExporter.java:64)
	at org.hibernate.tool.hbm2ddl.SchemaExport.importScript(SchemaExport.java:446)
	... 14 more
14:17:31,120  INFO SchemaExport:405 - HHH000230: Schema export complete
14:17:31,122  INFO Dialect:103 - HHH000400: Using dialect: org.hibernate.dialect.H2Dialect
14:17:31,123  INFO LobCreatorBuilder:94 - HHH000423: Disabling contextual LOB creation as JDBC driver reported JDBC version [3] less than 4
14:17:31,123  INFO TransactionFactoryInitiator:66 - HHH000399: Using default transaction strategy (direct JDBC transactions)
14:17:31,123  INFO ASTQueryTranslatorFactory:48 - HHH000397: Using ASTQueryTranslatorFactory
14:17:31,124  WARN CachingRegionFactory:58 - CachingRegionFactory should be only used for testing.
14:17:31,127  WARN SessionFactoryImpl:1554 - HHH000008: JTASessionContext being used with JDBCTransactionFactory; auto-flush will not operate correctly with getCurrentSession()
14:17:31,128 DEBUG SQL:104 - 
    insert 
    into
        Customer
        (name, id) 
    values
        (?, ?)
14:17:31,128 DEBUG BaseGeneralDataRegion:46 - Cache[hibernate.test.org.hibernate.test.multitenancy.schema.Customer] lookup : key[org.hibernate.test.multitenancy.schema.Customer#1]
14:17:31,129 DEBUG BaseGeneralDataRegion:59 - Caching[hibernate.test.org.hibernate.test.multitenancy.schema.Customer] : [org.hibernate.test.multitenancy.schema.Customer#1] -> [org.hibernate.testing.cache.AbstractReadWriteAccessStrategy$Item@57eec3f8]
14:17:31,129 DEBUG AbstractReadWriteAccessStrategy:34 - getting key[org.hibernate.test.multitenancy.schema.Customer#1] from region[hibernate.test.org.hibernate.test.multitenancy.schema.Customer]
14:17:31,129 DEBUG BaseGeneralDataRegion:46 - Cache[hibernate.test.org.hibernate.test.multitenancy.schema.Customer] lookup : key[org.hibernate.test.multitenancy.schema.Customer#1]
14:17:31,129 DEBUG AbstractReadWriteAccessStrategy:46 - miss key[org.hibernate.test.multitenancy.schema.Customer#1] in region[hibernate.test.org.hibernate.test.multitenancy.schema.Customer]
14:17:31,129 DEBUG SQL:104 - 
    select
        customer0_.id as id0_0_,
        customer0_.name as name0_0_ 
    from
        Customer customer0_ 
    where
        customer0_.id=?
14:17:31,129 DEBUG AbstractReadWriteAccessStrategy:34 - getting key[org.hibernate.test.multitenancy.schema.Customer#1] from region[hibernate.test.org.hibernate.test.multitenancy.schema.Customer]
14:17:31,129 DEBUG BaseGeneralDataRegion:46 - Cache[hibernate.test.org.hibernate.test.multitenancy.schema.Customer] lookup : key[org.hibernate.test.multitenancy.schema.Customer#1]
14:17:31,130 DEBUG BaseGeneralDataRegion:52 - Cache[hibernate.test.org.hibernate.test.multitenancy.schema.Customer] hit: org.hibernate.test.multitenancy.schema.Customer#1
14:17:31,130 DEBUG AbstractReadWriteAccessStrategy:41 - hit key[org.hibernate.test.multitenancy.schema.Customer#1] in region[hibernate.test.org.hibernate.test.multitenancy.schema.Customer]
14:17:31,130 DEBUG AbstractReadWriteAccessStrategy:93 - locking key[org.hibernate.test.multitenancy.schema.Customer#1] in region[hibernate.test.org.hibernate.test.multitenancy.schema.Customer]
14:17:31,130 DEBUG BaseGeneralDataRegion:46 - Cache[hibernate.test.org.hibernate.test.multitenancy.schema.Customer] lookup : key[org.hibernate.test.multitenancy.schema.Customer#1]
14:17:31,130 DEBUG BaseGeneralDataRegion:52 - Cache[hibernate.test.org.hibernate.test.multitenancy.schema.Customer] hit: org.hibernate.test.multitenancy.schema.Customer#1
14:17:31,130 DEBUG BaseGeneralDataRegion:59 - Caching[hibernate.test.org.hibernate.test.multitenancy.schema.Customer] : [org.hibernate.test.multitenancy.schema.Customer#1] -> [Lock Source-UUID:2f6a19e2-040c-4ad4-9038-de2588cf24d9 Lock-ID:0]
14:17:31,130 DEBUG SQL:104 - 
    delete 
    from
        Customer 
    where
        id=?
14:17:31,130 DEBUG AbstractReadWriteAccessStrategy:116 - unlocking key[org.hibernate.test.multitenancy.schema.Customer#1] in region[hibernate.test.org.hibernate.test.multitenancy.schema.Customer]
14:17:31,130 DEBUG BaseGeneralDataRegion:46 - Cache[hibernate.test.org.hibernate.test.multitenancy.schema.Customer] lookup : key[org.hibernate.test.multitenancy.schema.Customer#1]
14:17:31,131 DEBUG BaseGeneralDataRegion:52 - Cache[hibernate.test.org.hibernate.test.multitenancy.schema.Customer] hit: org.hibernate.test.multitenancy.schema.Customer#1
14:17:31,131 DEBUG BaseGeneralDataRegion:59 - Caching[hibernate.test.org.hibernate.test.multitenancy.schema.Customer] : [org.hibernate.test.multitenancy.schema.Customer#1] -> [Lock Source-UUID:2f6a19e2-040c-4ad4-9038-de2588cf24d9 Lock-ID:0]
14:17:31,131  INFO DriverManagerConnectionProviderImpl:162 - HHH000030: Cleaning up connection pool [jdbc:h2:mem:jboss;DB_CLOSE_DELAY=-1;MVCC=TRUE]
14:17:31,131  INFO DriverManagerConnectionProviderImpl:162 - HHH000030: Cleaning up connection pool [jdbc:h2:mem:acme;DB_CLOSE_DELAY=-1;MVCC=TRUE]
14:17:31,131  INFO CustomRunner:139 - Test: testSameIdentifiers
14:17:31,132  INFO DriverManagerConnectionProviderImpl:99 - HHH000402: Using Hibernate built-in connection pool (not for production use!)
14:17:31,132  INFO DriverManagerConnectionProviderImpl:135 - HHH000115: Hibernate connection pool size: 20
14:17:31,132  INFO DriverManagerConnectionProviderImpl:138 - HHH000006: Autocommit mode: false
14:17:31,132  INFO DriverManagerConnectionProviderImpl:153 - HHH000401: using driver [org.h2.Driver] at URL [jdbc:h2:mem:acme;DB_CLOSE_DELAY=-1;MVCC=TRUE]
14:17:31,132  INFO DriverManagerConnectionProviderImpl:158 - HHH000046: Connection properties: {user=sa, password=****}
14:17:31,132  INFO DriverManagerConnectionProviderImpl:99 - HHH000402: Using Hibernate built-in connection pool (not for production use!)
14:17:31,132  INFO DriverManagerConnectionProviderImpl:135 - HHH000115: Hibernate connection pool size: 20
14:17:31,133  INFO DriverManagerConnectionProviderImpl:138 - HHH000006: Autocommit mode: false
14:17:31,133  INFO DriverManagerConnectionProviderImpl:153 - HHH000401: using driver [org.h2.Driver] at URL [jdbc:h2:mem:jboss;DB_CLOSE_DELAY=-1;MVCC=TRUE]
14:17:31,133  INFO DriverManagerConnectionProviderImpl:158 - HHH000046: Connection properties: {user=sa, password=****}
14:17:31,134  INFO Dialect:103 - HHH000400: Using dialect: org.hibernate.dialect.H2Dialect
14:17:31,134  INFO Dialect:103 - HHH000400: Using dialect: org.hibernate.dialect.H2Dialect
14:17:31,134  INFO SchemaExport:343 - HHH000227: Running hbm2ddl schema export
14:17:31,135 DEBUG SQL:104 - 
    drop table Customer if exists
14:17:31,135 DEBUG SQL:104 - 
    create table Customer (
        id bigint not null,
        name varchar(255),
        primary key (id)
    )
14:17:31,136 ERROR SchemaExport:385 - HHH000231: Schema export unsuccessful
org.hibernate.tool.hbm2ddl.ImportScriptException: Error during statement execution (file: ''): org
	at org.hibernate.tool.hbm2ddl.SchemaExport.importScript(SchemaExport.java:451)
	at org.hibernate.tool.hbm2ddl.SchemaExport.execute(SchemaExport.java:378)
	at org.hibernate.tool.hbm2ddl.SchemaExport.execute(SchemaExport.java:322)
	at org.hibernate.test.multitenancy.schema.SchemaBasedMultiTenancyTest.buildConfiguration(SchemaBasedMultiTenancyTest.java:89)
	at org.hibernate.test.multitenancy.schema.SchemaBasedMultiTenancyTest.setUp(SchemaBasedMultiTenancyTest.java:67)
	at sun.reflect.NativeMethodAccessorImpl.invoke0(Native Method)
	at sun.reflect.NativeMethodAccessorImpl.invoke(NativeMethodAccessorImpl.java:57)
	at sun.reflect.DelegatingMethodAccessorImpl.invoke(DelegatingMethodAccessorImpl.java:43)
	at java.lang.reflect.Method.invoke(Method.java:601)
	at org.junit.runners.model.FrameworkMethod$1.runReflectiveCall(FrameworkMethod.java:45)
	at org.junit.internal.runners.model.ReflectiveCallable.run(ReflectiveCallable.java:15)
	at org.junit.runners.model.FrameworkMethod.invokeExplosively(FrameworkMethod.java:42)
	at org.junit.internal.runners.statements.RunBefores.evaluate(RunBefores.java:27)
	at org.junit.internal.runners.statements.RunAfters.evaluate(RunAfters.java:30)
	at org.junit.internal.runners.statements.FailOnTimeout$StatementThread.run(FailOnTimeout.java:62)
Caused by: org.h2.jdbc.JdbcSQLException: Syntax error in SQL statement "ORG[*] "; SQL statement:
org [42000-145]
	at org.h2.message.DbException.getJdbcSQLException(DbException.java:327)
	at org.h2.message.DbException.get(DbException.java:167)
	at org.h2.message.DbException.get(DbException.java:144)
	at org.h2.message.DbException.getSyntaxError(DbException.java:179)
	at org.h2.command.Parser.getSyntaxError(Parser.java:470)
	at org.h2.command.Parser.parsePrepared(Parser.java:429)
	at org.h2.command.Parser.parse(Parser.java:274)
	at org.h2.command.Parser.parse(Parser.java:250)
	at org.h2.command.Parser.prepare(Parser.java:200)
	at org.h2.command.Parser.prepareCommand(Parser.java:213)
	at org.h2.engine.Session.prepareLocal(Session.java:423)
	at org.h2.engine.Session.prepareCommand(Session.java:373)
	at org.h2.jdbc.JdbcConnection.prepareCommand(JdbcConnection.java:1056)
	at org.h2.jdbc.JdbcStatement.executeUpdateInternal(JdbcStatement.java:122)
	at org.h2.jdbc.JdbcStatement.executeUpdate(JdbcStatement.java:111)
	at org.hibernate.tool.hbm2ddl.DatabaseExporter.export(DatabaseExporter.java:64)
	at org.hibernate.tool.hbm2ddl.SchemaExport.importScript(SchemaExport.java:446)
	... 14 more
14:17:31,136  INFO SchemaExport:405 - HHH000230: Schema export complete
14:17:31,136  INFO Dialect:103 - HHH000400: Using dialect: org.hibernate.dialect.H2Dialect
14:17:31,136  INFO Dialect:103 - HHH000400: Using dialect: org.hibernate.dialect.H2Dialect
14:17:31,137  INFO SchemaExport:343 - HHH000227: Running hbm2ddl schema export
14:17:31,137 DEBUG SQL:104 - 
    drop table Customer if exists
14:17:31,137 DEBUG SQL:104 - 
    create table Customer (
        id bigint not null,
        name varchar(255),
        primary key (id)
    )
14:17:31,137 ERROR SchemaExport:385 - HHH000231: Schema export unsuccessful
org.hibernate.tool.hbm2ddl.ImportScriptException: Error during statement execution (file: ''): org
	at org.hibernate.tool.hbm2ddl.SchemaExport.importScript(SchemaExport.java:451)
	at org.hibernate.tool.hbm2ddl.SchemaExport.execute(SchemaExport.java:378)
	at org.hibernate.tool.hbm2ddl.SchemaExport.execute(SchemaExport.java:322)
	at org.hibernate.test.multitenancy.schema.SchemaBasedMultiTenancyTest.buildConfiguration(SchemaBasedMultiTenancyTest.java:117)
	at org.hibernate.test.multitenancy.schema.SchemaBasedMultiTenancyTest.setUp(SchemaBasedMultiTenancyTest.java:67)
	at sun.reflect.NativeMethodAccessorImpl.invoke0(Native Method)
	at sun.reflect.NativeMethodAccessorImpl.invoke(NativeMethodAccessorImpl.java:57)
	at sun.reflect.DelegatingMethodAccessorImpl.invoke(DelegatingMethodAccessorImpl.java:43)
	at java.lang.reflect.Method.invoke(Method.java:601)
	at org.junit.runners.model.FrameworkMethod$1.runReflectiveCall(FrameworkMethod.java:45)
	at org.junit.internal.runners.model.ReflectiveCallable.run(ReflectiveCallable.java:15)
	at org.junit.runners.model.FrameworkMethod.invokeExplosively(FrameworkMethod.java:42)
	at org.junit.internal.runners.statements.RunBefores.evaluate(RunBefores.java:27)
	at org.junit.internal.runners.statements.RunAfters.evaluate(RunAfters.java:30)
	at org.junit.internal.runners.statements.FailOnTimeout$StatementThread.run(FailOnTimeout.java:62)
Caused by: org.h2.jdbc.JdbcSQLException: Syntax error in SQL statement "ORG[*] "; SQL statement:
org [42000-145]
	at org.h2.message.DbException.getJdbcSQLException(DbException.java:327)
	at org.h2.message.DbException.get(DbException.java:167)
	at org.h2.message.DbException.get(DbException.java:144)
	at org.h2.message.DbException.getSyntaxError(DbException.java:179)
	at org.h2.command.Parser.getSyntaxError(Parser.java:470)
	at org.h2.command.Parser.parsePrepared(Parser.java:429)
	at org.h2.command.Parser.parse(Parser.java:274)
	at org.h2.command.Parser.parse(Parser.java:250)
	at org.h2.command.Parser.prepare(Parser.java:200)
	at org.h2.command.Parser.prepareCommand(Parser.java:213)
	at org.h2.engine.Session.prepareLocal(Session.java:423)
	at org.h2.engine.Session.prepareCommand(Session.java:373)
	at org.h2.jdbc.JdbcConnection.prepareCommand(JdbcConnection.java:1056)
	at org.h2.jdbc.JdbcStatement.executeUpdateInternal(JdbcStatement.java:122)
	at org.h2.jdbc.JdbcStatement.executeUpdate(JdbcStatement.java:111)
	at org.hibernate.tool.hbm2ddl.DatabaseExporter.export(DatabaseExporter.java:64)
	at org.hibernate.tool.hbm2ddl.SchemaExport.importScript(SchemaExport.java:446)
	... 14 more
14:17:31,138  INFO SchemaExport:405 - HHH000230: Schema export complete
14:17:31,140  INFO Dialect:103 - HHH000400: Using dialect: org.hibernate.dialect.H2Dialect
14:17:31,140  INFO LobCreatorBuilder:94 - HHH000423: Disabling contextual LOB creation as JDBC driver reported JDBC version [3] less than 4
14:17:31,141  INFO TransactionFactoryInitiator:66 - HHH000399: Using default transaction strategy (direct JDBC transactions)
14:17:31,141  INFO ASTQueryTranslatorFactory:48 - HHH000397: Using ASTQueryTranslatorFactory
14:17:31,141  WARN CachingRegionFactory:58 - CachingRegionFactory should be only used for testing.
14:17:31,145  WARN SessionFactoryImpl:1554 - HHH000008: JTASessionContext being used with JDBCTransactionFactory; auto-flush will not operate correctly with getCurrentSession()
14:17:31,145 DEBUG SQL:104 - 
    insert 
    into
        Customer
        (name, id) 
    values
        (?, ?)
14:17:31,146 DEBUG BaseGeneralDataRegion:46 - Cache[hibernate.test.org.hibernate.test.multitenancy.schema.Customer] lookup : key[org.hibernate.test.multitenancy.schema.Customer#1]
14:17:31,146 DEBUG BaseGeneralDataRegion:59 - Caching[hibernate.test.org.hibernate.test.multitenancy.schema.Customer] : [org.hibernate.test.multitenancy.schema.Customer#1] -> [org.hibernate.testing.cache.AbstractReadWriteAccessStrategy$Item@ac5addc]
14:17:31,146 DEBUG SQL:104 - 
    insert 
    into
        Customer
        (name, id) 
    values
        (?, ?)
14:17:31,146 DEBUG BaseGeneralDataRegion:46 - Cache[hibernate.test.org.hibernate.test.multitenancy.schema.Customer] lookup : key[org.hibernate.test.multitenancy.schema.Customer#1]
14:17:31,147 DEBUG BaseGeneralDataRegion:59 - Caching[hibernate.test.org.hibernate.test.multitenancy.schema.Customer] : [org.hibernate.test.multitenancy.schema.Customer#1] -> [org.hibernate.testing.cache.AbstractReadWriteAccessStrategy$Item@5211a56d]
14:17:31,147 DEBUG AbstractReadWriteAccessStrategy:34 - getting key[org.hibernate.test.multitenancy.schema.Customer#1] from region[hibernate.test.org.hibernate.test.multitenancy.schema.Customer]
14:17:31,147 DEBUG BaseGeneralDataRegion:46 - Cache[hibernate.test.org.hibernate.test.multitenancy.schema.Customer] lookup : key[org.hibernate.test.multitenancy.schema.Customer#1]
14:17:31,147 DEBUG BaseGeneralDataRegion:52 - Cache[hibernate.test.org.hibernate.test.multitenancy.schema.Customer] hit: org.hibernate.test.multitenancy.schema.Customer#1
14:17:31,147 DEBUG AbstractReadWriteAccessStrategy:41 - hit key[org.hibernate.test.multitenancy.schema.Customer#1] in region[hibernate.test.org.hibernate.test.multitenancy.schema.Customer]
14:17:31,148 DEBUG AbstractReadWriteAccessStrategy:34 - getting key[org.hibernate.test.multitenancy.schema.Customer#1] from region[hibernate.test.org.hibernate.test.multitenancy.schema.Customer]
14:17:31,148 DEBUG BaseGeneralDataRegion:46 - Cache[hibernate.test.org.hibernate.test.multitenancy.schema.Customer] lookup : key[org.hibernate.test.multitenancy.schema.Customer#1]
14:17:31,148 DEBUG BaseGeneralDataRegion:52 - Cache[hibernate.test.org.hibernate.test.multitenancy.schema.Customer] hit: org.hibernate.test.multitenancy.schema.Customer#1
14:17:31,148 DEBUG AbstractReadWriteAccessStrategy:41 - hit key[org.hibernate.test.multitenancy.schema.Customer#1] in region[hibernate.test.org.hibernate.test.multitenancy.schema.Customer]
14:17:31,148 DEBUG BaseGeneralDataRegion:79 - evict cache[hibernate.test.org.hibernate.test.multitenancy.schema.Customer]
14:17:31,148 DEBUG AbstractReadWriteAccessStrategy:34 - getting key[org.hibernate.test.multitenancy.schema.Customer#1] from region[hibernate.test.org.hibernate.test.multitenancy.schema.Customer]
14:17:31,148 DEBUG BaseGeneralDataRegion:46 - Cache[hibernate.test.org.hibernate.test.multitenancy.schema.Customer] lookup : key[org.hibernate.test.multitenancy.schema.Customer#1]
14:17:31,148 DEBUG AbstractReadWriteAccessStrategy:46 - miss key[org.hibernate.test.multitenancy.schema.Customer#1] in region[hibernate.test.org.hibernate.test.multitenancy.schema.Customer]
14:17:31,149 DEBUG SQL:104 - 
    select
        customer0_.id as id0_0_,
        customer0_.name as name0_0_ 
    from
        Customer customer0_ 
    where
        customer0_.id=?
14:17:31,149 DEBUG AbstractReadWriteAccessStrategy:68 - putting key[org.hibernate.test.multitenancy.schema.Customer#1] -> value[CacheEntry(org.hibernate.test.multitenancy.schema.Customer)[steve]] into region[hibernate.test.org.hibernate.test.multitenancy.schema.Customer]
14:17:31,149 DEBUG BaseGeneralDataRegion:46 - Cache[hibernate.test.org.hibernate.test.multitenancy.schema.Customer] lookup : key[org.hibernate.test.multitenancy.schema.Customer#1]
14:17:31,149 DEBUG AbstractReadWriteAccessStrategy:73 - putting key[org.hibernate.test.multitenancy.schema.Customer#1] -> value[CacheEntry(org.hibernate.test.multitenancy.schema.Customer)[steve]] into region[hibernate.test.org.hibernate.test.multitenancy.schema.Customer] success
14:17:31,149 DEBUG BaseGeneralDataRegion:59 - Caching[hibernate.test.org.hibernate.test.multitenancy.schema.Customer] : [org.hibernate.test.multitenancy.schema.Customer#1] -> [org.hibernate.testing.cache.AbstractReadWriteAccessStrategy$Item@32e5072]
14:17:31,150 DEBUG AbstractReadWriteAccessStrategy:34 - getting key[org.hibernate.test.multitenancy.schema.Customer#1] from region[hibernate.test.org.hibernate.test.multitenancy.schema.Customer]
14:17:31,150 DEBUG BaseGeneralDataRegion:46 - Cache[hibernate.test.org.hibernate.test.multitenancy.schema.Customer] lookup : key[org.hibernate.test.multitenancy.schema.Customer#1]
14:17:31,150 DEBUG AbstractReadWriteAccessStrategy:46 - miss key[org.hibernate.test.multitenancy.schema.Customer#1] in region[hibernate.test.org.hibernate.test.multitenancy.schema.Customer]
14:17:31,150 DEBUG SQL:104 - 
    select
        customer0_.id as id0_0_,
        customer0_.name as name0_0_ 
    from
        Customer customer0_ 
    where
        customer0_.id=?
14:17:31,151 DEBUG AbstractReadWriteAccessStrategy:68 - putting key[org.hibernate.test.multitenancy.schema.Customer#1] -> value[CacheEntry(org.hibernate.test.multitenancy.schema.Customer)[john]] into region[hibernate.test.org.hibernate.test.multitenancy.schema.Customer]
14:17:31,151 DEBUG BaseGeneralDataRegion:46 - Cache[hibernate.test.org.hibernate.test.multitenancy.schema.Customer] lookup : key[org.hibernate.test.multitenancy.schema.Customer#1]
14:17:31,151 DEBUG AbstractReadWriteAccessStrategy:73 - putting key[org.hibernate.test.multitenancy.schema.Customer#1] -> value[CacheEntry(org.hibernate.test.multitenancy.schema.Customer)[john]] into region[hibernate.test.org.hibernate.test.multitenancy.schema.Customer] success
14:17:31,151 DEBUG BaseGeneralDataRegion:59 - Caching[hibernate.test.org.hibernate.test.multitenancy.schema.Customer] : [org.hibernate.test.multitenancy.schema.Customer#1] -> [org.hibernate.testing.cache.AbstractReadWriteAccessStrategy$Item@15e5720f]
14:17:31,152 DEBUG AbstractReadWriteAccessStrategy:34 - getting key[org.hibernate.test.multitenancy.schema.Customer#1] from region[hibernate.test.org.hibernate.test.multitenancy.schema.Customer]
14:17:31,152 DEBUG BaseGeneralDataRegion:46 - Cache[hibernate.test.org.hibernate.test.multitenancy.schema.Customer] lookup : key[org.hibernate.test.multitenancy.schema.Customer#1]
14:17:31,152 DEBUG BaseGeneralDataRegion:52 - Cache[hibernate.test.org.hibernate.test.multitenancy.schema.Customer] hit: org.hibernate.test.multitenancy.schema.Customer#1
14:17:31,152 DEBUG AbstractReadWriteAccessStrategy:41 - hit key[org.hibernate.test.multitenancy.schema.Customer#1] in region[hibernate.test.org.hibernate.test.multitenancy.schema.Customer]
14:17:31,152 DEBUG AbstractReadWriteAccessStrategy:93 - locking key[org.hibernate.test.multitenancy.schema.Customer#1] in region[hibernate.test.org.hibernate.test.multitenancy.schema.Customer]
14:17:31,152 DEBUG BaseGeneralDataRegion:46 - Cache[hibernate.test.org.hibernate.test.multitenancy.schema.Customer] lookup : key[org.hibernate.test.multitenancy.schema.Customer#1]
14:17:31,152 DEBUG BaseGeneralDataRegion:52 - Cache[hibernate.test.org.hibernate.test.multitenancy.schema.Customer] hit: org.hibernate.test.multitenancy.schema.Customer#1
14:17:31,153 DEBUG BaseGeneralDataRegion:59 - Caching[hibernate.test.org.hibernate.test.multitenancy.schema.Customer] : [org.hibernate.test.multitenancy.schema.Customer#1] -> [Lock Source-UUID:2f6c90f2-0fc5-494a-bd22-16362a5c61a9 Lock-ID:0]
14:17:31,153 DEBUG SQL:104 - 
    delete 
    from
        Customer 
    where
        id=?
14:17:31,154 DEBUG AbstractReadWriteAccessStrategy:116 - unlocking key[org.hibernate.test.multitenancy.schema.Customer#1] in region[hibernate.test.org.hibernate.test.multitenancy.schema.Customer]
14:17:31,154 DEBUG BaseGeneralDataRegion:46 - Cache[hibernate.test.org.hibernate.test.multitenancy.schema.Customer] lookup : key[org.hibernate.test.multitenancy.schema.Customer#1]
14:17:31,154 DEBUG BaseGeneralDataRegion:52 - Cache[hibernate.test.org.hibernate.test.multitenancy.schema.Customer] hit: org.hibernate.test.multitenancy.schema.Customer#1
14:17:31,154 DEBUG BaseGeneralDataRegion:59 - Caching[hibernate.test.org.hibernate.test.multitenancy.schema.Customer] : [org.hibernate.test.multitenancy.schema.Customer#1] -> [Lock Source-UUID:2f6c90f2-0fc5-494a-bd22-16362a5c61a9 Lock-ID:0]
14:17:31,155 DEBUG AbstractReadWriteAccessStrategy:34 - getting key[org.hibernate.test.multitenancy.schema.Customer#1] from region[hibernate.test.org.hibernate.test.multitenancy.schema.Customer]
14:17:31,155 DEBUG BaseGeneralDataRegion:46 - Cache[hibernate.test.org.hibernate.test.multitenancy.schema.Customer] lookup : key[org.hibernate.test.multitenancy.schema.Customer#1]
14:17:31,155 DEBUG BaseGeneralDataRegion:52 - Cache[hibernate.test.org.hibernate.test.multitenancy.schema.Customer] hit: org.hibernate.test.multitenancy.schema.Customer#1
14:17:31,155 DEBUG AbstractReadWriteAccessStrategy:41 - hit key[org.hibernate.test.multitenancy.schema.Customer#1] in region[hibernate.test.org.hibernate.test.multitenancy.schema.Customer]
14:17:31,156 DEBUG AbstractReadWriteAccessStrategy:93 - locking key[org.hibernate.test.multitenancy.schema.Customer#1] in region[hibernate.test.org.hibernate.test.multitenancy.schema.Customer]
14:17:31,156 DEBUG BaseGeneralDataRegion:46 - Cache[hibernate.test.org.hibernate.test.multitenancy.schema.Customer] lookup : key[org.hibernate.test.multitenancy.schema.Customer#1]
14:17:31,156 DEBUG BaseGeneralDataRegion:52 - Cache[hibernate.test.org.hibernate.test.multitenancy.schema.Customer] hit: org.hibernate.test.multitenancy.schema.Customer#1
14:17:31,156 DEBUG BaseGeneralDataRegion:59 - Caching[hibernate.test.org.hibernate.test.multitenancy.schema.Customer] : [org.hibernate.test.multitenancy.schema.Customer#1] -> [Lock Source-UUID:2f6c90f2-0fc5-494a-bd22-16362a5c61a9 Lock-ID:1]
14:17:31,156 DEBUG SQL:104 - 
    delete 
    from
        Customer 
    where
        id=?
14:17:31,157 DEBUG AbstractReadWriteAccessStrategy:116 - unlocking key[org.hibernate.test.multitenancy.schema.Customer#1] in region[hibernate.test.org.hibernate.test.multitenancy.schema.Customer]
14:17:31,157 DEBUG BaseGeneralDataRegion:46 - Cache[hibernate.test.org.hibernate.test.multitenancy.schema.Customer] lookup : key[org.hibernate.test.multitenancy.schema.Customer#1]
14:17:31,157 DEBUG BaseGeneralDataRegion:52 - Cache[hibernate.test.org.hibernate.test.multitenancy.schema.Customer] hit: org.hibernate.test.multitenancy.schema.Customer#1
14:17:31,157 DEBUG BaseGeneralDataRegion:59 - Caching[hibernate.test.org.hibernate.test.multitenancy.schema.Customer] : [org.hibernate.test.multitenancy.schema.Customer#1] -> [Lock Source-UUID:2f6c90f2-0fc5-494a-bd22-16362a5c61a9 Lock-ID:1]
14:17:31,157  INFO DriverManagerConnectionProviderImpl:162 - HHH000030: Cleaning up connection pool [jdbc:h2:mem:jboss;DB_CLOSE_DELAY=-1;MVCC=TRUE]
14:17:31,157  INFO DriverManagerConnectionProviderImpl:162 - HHH000030: Cleaning up connection pool [jdbc:h2:mem:acme;DB_CLOSE_DELAY=-1;MVCC=TRUE]
]]></system-out>
  <system-err><![CDATA[]]></system-err>
</testsuite>
