<?xml version="1.0" encoding="UTF-8"?>
<testsuite errors="0" failures="0" hostname="dhcp-10.15.208.168.stl.redhat.com" name="org.hibernate.test.annotations.xml.hbm.HbmWithIdentityTest" tests="1" time="0.915" timestamp="2013-02-28T20:10:48">
  <properties />
  <testcase classname="org.hibernate.test.annotations.xml.hbm.HbmWithIdentityTest" name="testManyToOneAndInterface" time="0.026" />
  <system-out><![CDATA[14:10:48,973  INFO CustomRunner:132 - BeforeClass: org.hibernate.test.annotations.xml.hbm.HbmWithIdentityTest
14:10:49,394  INFO DriverManagerConnectionProviderImpl:99 - HHH000402: Using Hibernate built-in connection pool (not for production use!)
14:10:49,397  INFO DriverManagerConnectionProviderImpl:135 - HHH000115: Hibernate connection pool size: 5
14:10:49,400  INFO DriverManagerConnectionProviderImpl:138 - HHH000006: Autocommit mode: false
14:10:49,407  INFO DriverManagerConnectionProviderImpl:153 - HHH000401: using driver [org.h2.Driver] at URL [jdbc:h2:mem:db1;DB_CLOSE_DELAY=-1;MVCC=TRUE]
14:10:49,408  INFO DriverManagerConnectionProviderImpl:158 - HHH000046: Connection properties: {user=sa}
14:10:49,424  INFO Dialect:103 - HHH000400: Using dialect: org.hibernate.dialect.H2Dialect
14:10:49,426  INFO LobCreatorBuilder:94 - HHH000423: Disabling contextual LOB creation as JDBC driver reported JDBC version [3] less than 4
14:10:49,428  INFO TransactionFactoryInitiator:66 - HHH000399: Using default transaction strategy (direct JDBC transactions)
14:10:49,429  INFO ASTQueryTranslatorFactory:48 - HHH000397: Using ASTQueryTranslatorFactory
14:10:49,429  WARN CachingRegionFactory:58 - CachingRegionFactory should be only used for testing.
14:10:49,532  INFO SchemaExport:343 - HHH000227: Running hbm2ddl schema export
14:10:49,538 DEBUG SchemaExport:353 - Import file not found: /import.sql
14:10:49,539 DEBUG SQL:104 - 
    alter table B 
        drop constraint FK42C498046B
14:10:49,540 ERROR SchemaExport:425 - HHH000389: Unsuccessful: alter table B drop constraint FK42C498046B
14:10:49,541 ERROR SchemaExport:426 - Table "B" not found; SQL statement:

    alter table B 
        drop constraint FK42C498046B [42102-145]
14:10:49,542 DEBUG SQL:104 - 
    alter table EarthSky 
        drop constraint FKD4093497DB5E7D3B
14:10:49,542 ERROR SchemaExport:425 - HHH000389: Unsuccessful: alter table EarthSky drop constraint FKD4093497DB5E7D3B
14:10:49,543 ERROR SchemaExport:426 - Table "EARTHSKY" not found; SQL statement:

    alter table EarthSky 
        drop constraint FKD4093497DB5E7D3B [42102-145]
14:10:49,544 DEBUG SQL:104 - 
    alter table EarthSky_CloudType 
        drop constraint FK694A7D47741E48F3
14:10:49,545 ERROR SchemaExport:425 - HHH000389: Unsuccessful: alter table EarthSky_CloudType drop constraint FK694A7D47741E48F3
14:10:49,545 ERROR SchemaExport:426 - Table "EARTHSKY_CLOUDTYPE" not found; SQL statement:

    alter table EarthSky_CloudType 
        drop constraint FK694A7D47741E48F3 [42102-145]
14:10:49,546 DEBUG SQL:104 - 
    alter table EarthSky_CloudType 
        drop constraint FK694A7D4764DC4372
14:10:49,547 ERROR SchemaExport:425 - HHH000389: Unsuccessful: alter table EarthSky_CloudType drop constraint FK694A7D4764DC4372
14:10:49,548 ERROR SchemaExport:426 - Table "EARTHSKY_CLOUDTYPE" not found; SQL statement:

    alter table EarthSky_CloudType 
        drop constraint FK694A7D4764DC4372 [42102-145]
14:10:49,562 DEBUG SQL:104 - 
    alter table Z 
        drop constraint FK5AC4A61FAD
14:10:49,563 ERROR SchemaExport:425 - HHH000389: Unsuccessful: alter table Z drop constraint FK5AC4A61FAD
14:10:49,564 ERROR SchemaExport:426 - Table "Z" not found; SQL statement:

    alter table Z 
        drop constraint FK5AC4A61FAD [42102-145]
14:10:49,565 DEBUG SQL:104 - 
    drop table A if exists
14:10:49,565 DEBUG SQL:104 - 
    drop table B if exists
14:10:49,566 DEBUG SQL:104 - 
    drop table CloudType if exists
14:10:49,567 DEBUG SQL:104 - 
    drop table EarthSky if exists
14:10:49,567 DEBUG SQL:104 - 
    drop table EarthSky_CloudType if exists
14:10:49,568 DEBUG SQL:104 - 
    drop table Z if exists
14:10:49,569 DEBUG SQL:104 - 
    drop sequence hibernate_sequence
14:10:49,570 ERROR SchemaExport:425 - HHH000389: Unsuccessful: drop sequence hibernate_sequence
14:10:49,570 ERROR SchemaExport:426 - Sequence "HIBERNATE_SEQUENCE" not found; SQL statement:

    drop sequence hibernate_sequence [90036-145]
14:10:49,571 DEBUG SQL:104 - 
    create table A (
        aID integer generated by default as identity,
        primary key (aID)
    )
14:10:49,574 DEBUG SQL:104 - 
    create table B (
        aID integer not null,
        bID integer not null,
        primary key (aID)
    )
14:10:49,588 DEBUG SQL:104 - 
    create table CloudType (
        id integer generated by default as identity,
        name varchar(255),
        primary key (id)
    )
14:10:49,635 DEBUG SQL:104 - 
    create table EarthSky (
        id integer not null,
        mainCloud_id integer,
        primary key (id)
    )
14:10:49,638 DEBUG SQL:104 - 
    create table EarthSky_CloudType (
        EarthSky_id integer not null,
        cloudTypes_id integer not null,
        primary key (EarthSky_id, cloudTypes_id)
    )
14:10:49,641 DEBUG SQL:104 - 
    create table Z (
        zID integer not null,
        bID integer not null,
        primary key (zID)
    )
14:10:49,659 DEBUG SQL:104 - 
    alter table B 
        add constraint UK_4217CFD unique (bID)
14:10:49,661 DEBUG SQL:104 - 
    alter table B 
        add constraint FK42C498046B 
        foreign key (aID) 
        references A
14:10:49,670 DEBUG SQL:104 - 
    alter table EarthSky 
        add constraint FKD4093497DB5E7D3B 
        foreign key (mainCloud_id) 
        references CloudType
14:10:49,683 DEBUG SQL:104 - 
    alter table EarthSky_CloudType 
        add constraint FK694A7D47741E48F3 
        foreign key (cloudTypes_id) 
        references CloudType
14:10:49,698 DEBUG SQL:104 - 
    alter table EarthSky_CloudType 
        add constraint FK694A7D4764DC4372 
        foreign key (EarthSky_id) 
        references EarthSky
14:10:49,711 DEBUG SQL:104 - 
    alter table Z 
        add constraint FK5AC4A61FAD 
        foreign key (bID) 
        references B (bID)
14:10:49,725 DEBUG SQL:104 - 
    create sequence hibernate_sequence start with 1 increment by 1
14:10:49,727  INFO SchemaExport:405 - HHH000230: Schema export complete
14:10:49,731  WARN SessionFactoryImpl:1554 - HHH000008: JTASessionContext being used with JDBCTransactionFactory; auto-flush will not operate correctly with getCurrentSession()
14:10:49,732  INFO CustomRunner:139 - Test: testManyToOneAndInterface
14:10:49,742 DEBUG SQL:104 - 
    insert 
    into
        A
        (aID) 
    values
        (null)
14:10:49,746 DEBUG SQL:104 - 
    insert 
    into
        B
        (bID, aID) 
    values
        (?, ?)
14:10:49,749 DEBUG SQL:104 - 
    call next value for hibernate_sequence
14:10:49,755 DEBUG SQL:104 - 
    insert 
    into
        Z
        (bID, zID) 
    values
        (?, ?)
14:10:49,759  INFO SchemaExport:343 - HHH000227: Running hbm2ddl schema export
14:10:49,789 DEBUG SchemaExport:353 - Import file not found: /import.sql
14:10:49,791 DEBUG SQL:104 - 
    alter table B 
        drop constraint FK42C498046B
14:10:49,792 DEBUG SQL:104 - 
    alter table EarthSky 
        drop constraint FKD4093497DB5E7D3B
14:10:49,795 DEBUG SQL:104 - 
    alter table EarthSky_CloudType 
        drop constraint FK694A7D47741E48F3
14:10:49,797 DEBUG SQL:104 - 
    alter table EarthSky_CloudType 
        drop constraint FK694A7D4764DC4372
14:10:49,802 DEBUG SQL:104 - 
    alter table Z 
        drop constraint FK5AC4A61FAD
14:10:49,804 DEBUG SQL:104 - 
    drop table A if exists
14:10:49,824 DEBUG SQL:104 - 
    drop table B if exists
14:10:49,829 DEBUG SQL:104 - 
    drop table CloudType if exists
14:10:49,844 DEBUG SQL:104 - 
    drop table EarthSky if exists
14:10:49,848 DEBUG SQL:104 - 
    drop table EarthSky_CloudType if exists
14:10:49,850 DEBUG SQL:104 - 
    drop table Z if exists
14:10:49,852 DEBUG SQL:104 - 
    drop sequence hibernate_sequence
14:10:49,870  INFO SchemaExport:405 - HHH000230: Schema export complete
14:10:49,872  INFO DriverManagerConnectionProviderImpl:162 - HHH000030: Cleaning up connection pool [jdbc:h2:mem:db1;DB_CLOSE_DELAY=-1;MVCC=TRUE]
]]></system-out>
  <system-err><![CDATA[]]></system-err>
</testsuite>
