<?xml version="1.0" encoding="UTF-8"?>
<testsuite errors="0" failures="0" hostname="dhcp-10.15.208.168.stl.redhat.com" name="org.hibernate.test.annotations.index.jpa.IndexTest" tests="5" time="0.134" timestamp="2013-02-28T20:10:30">
  <properties />
  <testcase classname="org.hibernate.test.annotations.index.jpa.IndexTest" name="testCollectionTableIndex" time="0.001" />
  <testcase classname="org.hibernate.test.annotations.index.jpa.IndexTest" name="testJoinTableIndex" time="0.001" />
  <testcase classname="org.hibernate.test.annotations.index.jpa.IndexTest" name="testSecondaryTableIndex" time="0.0" />
  <testcase classname="org.hibernate.test.annotations.index.jpa.IndexTest" name="testTableGeneratorIndex" time="0.007" />
  <testcase classname="org.hibernate.test.annotations.index.jpa.IndexTest" name="testTableIndex" time="0.001" />
  <system-out><![CDATA[14:10:30,623  INFO CustomRunner:132 - BeforeClass: org.hibernate.test.annotations.index.jpa.IndexTest
14:10:30,641  INFO DriverManagerConnectionProviderImpl:99 - HHH000402: Using Hibernate built-in connection pool (not for production use!)
14:10:30,641  INFO DriverManagerConnectionProviderImpl:135 - HHH000115: Hibernate connection pool size: 5
14:10:30,641  INFO DriverManagerConnectionProviderImpl:138 - HHH000006: Autocommit mode: false
14:10:30,642  INFO DriverManagerConnectionProviderImpl:153 - HHH000401: using driver [org.h2.Driver] at URL [jdbc:h2:mem:db1;DB_CLOSE_DELAY=-1;MVCC=TRUE]
14:10:30,642  INFO DriverManagerConnectionProviderImpl:158 - HHH000046: Connection properties: {user=sa}
14:10:30,643  INFO Dialect:103 - HHH000400: Using dialect: org.hibernate.dialect.H2Dialect
14:10:30,643  INFO LobCreatorBuilder:94 - HHH000423: Disabling contextual LOB creation as JDBC driver reported JDBC version [3] less than 4
14:10:30,644  INFO TransactionFactoryInitiator:66 - HHH000399: Using default transaction strategy (direct JDBC transactions)
14:10:30,644  INFO ASTQueryTranslatorFactory:48 - HHH000397: Using ASTQueryTranslatorFactory
14:10:30,644  WARN CachingRegionFactory:58 - CachingRegionFactory should be only used for testing.
14:10:30,679  INFO SchemaExport:343 - HHH000227: Running hbm2ddl schema export
14:10:30,680 DEBUG SchemaExport:353 - Import file not found: /import.sql
14:10:30,680 DEBUG SQL:104 - 
    alter table BookSummary 
        drop constraint FKF817445DEE7C6823
14:10:30,680 ERROR SchemaExport:425 - HHH000389: Unsuccessful: alter table BookSummary drop constraint FKF817445DEE7C6823
14:10:30,681 ERROR SchemaExport:426 - Table "BOOKSUMMARY" not found; SQL statement:

    alter table BookSummary 
        drop constraint FKF817445DEE7C6823 [42102-145]
14:10:30,681 DEBUG SQL:104 - 
    alter table CHARACTER_ALIAS 
        drop constraint FKBFBA17A55528DA3
14:10:30,681 ERROR SchemaExport:425 - HHH000389: Unsuccessful: alter table CHARACTER_ALIAS drop constraint FKBFBA17A55528DA3
14:10:30,681 ERROR SchemaExport:426 - Table "CHARACTER_ALIAS" not found; SQL statement:

    alter table CHARACTER_ALIAS 
        drop constraint FKBFBA17A55528DA3 [42102-145]
14:10:30,681 DEBUG SQL:104 - 
    alter table CHARACTER_ALIAS 
        drop constraint FKBFBA17AA869D0B6
14:10:30,681 ERROR SchemaExport:425 - HHH000389: Unsuccessful: alter table CHARACTER_ALIAS drop constraint FKBFBA17AA869D0B6
14:10:30,682 ERROR SchemaExport:426 - Table "CHARACTER_ALIAS" not found; SQL statement:

    alter table CHARACTER_ALIAS 
        drop constraint FKBFBA17AA869D0B6 [42102-145]
14:10:30,682 DEBUG SQL:104 - 
    alter table PersonEmbed 
        drop constraint FK489A38646329DACA
14:10:30,682 ERROR SchemaExport:425 - HHH000389: Unsuccessful: alter table PersonEmbed drop constraint FK489A38646329DACA
14:10:30,682 ERROR SchemaExport:426 - Table "PERSONEMBED" not found; SQL statement:

    alter table PersonEmbed 
        drop constraint FK489A38646329DACA [42102-145]
14:10:30,682 DEBUG SQL:104 - 
    alter table WealthyPerson_legacyVacationHomes 
        drop constraint FKBBF0DCD06329DACA
14:10:30,682 ERROR SchemaExport:425 - HHH000389: Unsuccessful: alter table WealthyPerson_legacyVacationHomes drop constraint FKBBF0DCD06329DACA
14:10:30,682 ERROR SchemaExport:426 - Table "WEALTHYPERSON_LEGACYVACATIONHOMES" not found; SQL statement:

    alter table WealthyPerson_legacyVacationHomes 
        drop constraint FKBBF0DCD06329DACA [42102-145]
14:10:30,683 DEBUG SQL:104 - 
    alter table WealthyPerson_legacyVacationHomes 
        drop constraint FKBBF0DCD0C432B076
14:10:30,683 ERROR SchemaExport:425 - HHH000389: Unsuccessful: alter table WealthyPerson_legacyVacationHomes drop constraint FKBBF0DCD0C432B076
14:10:30,683 ERROR SchemaExport:426 - Table "WEALTHYPERSON_LEGACYVACATIONHOMES" not found; SQL statement:

    alter table WealthyPerson_legacyVacationHomes 
        drop constraint FKBBF0DCD0C432B076 [42102-145]
14:10:30,683 DEBUG SQL:104 - 
    alter table WealthyPerson_vacationHomes 
        drop constraint FKD649BB996329DACA
14:10:30,683 ERROR SchemaExport:425 - HHH000389: Unsuccessful: alter table WealthyPerson_vacationHomes drop constraint FKD649BB996329DACA
14:10:30,684 ERROR SchemaExport:426 - Table "WEALTHYPERSON_VACATIONHOMES" not found; SQL statement:

    alter table WealthyPerson_vacationHomes 
        drop constraint FKD649BB996329DACA [42102-145]
14:10:30,684 DEBUG SQL:104 - 
    alter table WealthyPerson_vacationHomes 
        drop constraint FKD649BB99C432B076
14:10:30,684 ERROR SchemaExport:425 - HHH000389: Unsuccessful: alter table WealthyPerson_vacationHomes drop constraint FKD649BB99C432B076
14:10:30,684 ERROR SchemaExport:426 - Table "WEALTHYPERSON_VACATIONHOMES" not found; SQL statement:

    alter table WealthyPerson_vacationHomes 
        drop constraint FKD649BB99C432B076 [42102-145]
14:10:30,685 DEBUG SQL:104 - 
    alter table WelPers_VacHomes 
        drop constraint FKA5F347E76329DACA
14:10:30,685 ERROR SchemaExport:425 - HHH000389: Unsuccessful: alter table WelPers_VacHomes drop constraint FKA5F347E76329DACA
14:10:30,685 ERROR SchemaExport:426 - Table "WELPERS_VACHOMES" not found; SQL statement:

    alter table WelPers_VacHomes 
        drop constraint FKA5F347E76329DACA [42102-145]
14:10:30,685 DEBUG SQL:104 - 
    alter table WelPers_VacHomes 
        drop constraint FKA5F347E7C432B076
14:10:30,685 ERROR SchemaExport:425 - HHH000389: Unsuccessful: alter table WelPers_VacHomes drop constraint FKA5F347E7C432B076
14:10:30,685 ERROR SchemaExport:426 - Table "WELPERS_VACHOMES" not found; SQL statement:

    alter table WelPers_VacHomes 
        drop constraint FKA5F347E7C432B076 [42102-145]
14:10:30,685 DEBUG SQL:104 - 
    drop table AddressType if exists
14:10:30,686 DEBUG SQL:104 - 
    drop table Alias if exists
14:10:30,686 DEBUG SQL:104 - 
    drop table Book if exists
14:10:30,686 DEBUG SQL:104 - 
    drop table BookSummary if exists
14:10:30,686 DEBUG SQL:104 - 
    drop table CHARACTER_ALIAS if exists
14:10:30,686 DEBUG SQL:104 - 
    drop table Car if exists
14:10:30,686 DEBUG SQL:104 - 
    drop table CharacterTable if exists
14:10:30,686 DEBUG SQL:104 - 
    drop table PersonEmbed if exists
14:10:30,687 DEBUG SQL:104 - 
    drop table WealthyPerson_legacyVacationHomes if exists
14:10:30,687 DEBUG SQL:104 - 
    drop table WealthyPerson_vacationHomes if exists
14:10:30,687 DEBUG SQL:104 - 
    drop table WelPers_VacHomes if exists
14:10:30,687 DEBUG SQL:104 - 
    drop sequence hibernate_sequence
14:10:30,687 ERROR SchemaExport:425 - HHH000389: Unsuccessful: drop sequence hibernate_sequence
14:10:30,687 ERROR SchemaExport:426 - Sequence "HIBERNATE_SEQUENCE" not found; SQL statement:

    drop sequence hibernate_sequence [90036-145]
14:10:30,687 DEBUG SQL:104 - 
    create table AddressType (
        id integer not null,
        name varchar(255),
        primary key (id)
    )
14:10:30,688 DEBUG SQL:104 - 
    create table Alias (
        id integer not null,
        alias varchar(255),
        primary key (id)
    )
14:10:30,688 DEBUG SQL:104 - 
    create table Book (
        isbn varchar(255) not null,
        name varchar(255),
        primary key (isbn)
    )
14:10:30,688 DEBUG SQL:104 - 
    create table BookSummary (
        summ_size integer,
        text varchar(255),
        isbn varchar(255) not null,
        primary key (isbn)
    )
14:10:30,689 DEBUG SQL:104 - 
    create table CHARACTER_ALIAS (
        aliases_id integer not null,
        characters_id integer not null
    )
14:10:30,689 DEBUG SQL:104 - 
    create table Car (
        id bigint not null,
        brand varchar(255),
        producer varchar(255),
        since bigint not null,
        primary key (id)
    )
14:10:30,690 DEBUG SQL:104 - 
    create table CharacterTable (
        id integer not null,
        name varchar(255),
        primary key (id)
    )
14:10:30,690 DEBUG SQL:104 - 
    create table PersonEmbed (
        DTYPE varchar(31) not null,
        id integer not null,
        address1 varchar(255),
        fld_city varchar(255),
        iso2 varchar(255),
        countryName varchar(255),
        bornIso2 varchar(255),
        bornCountryName varchar(255),
        name varchar(255),
        type_id integer,
        primary key (id)
    )
14:10:30,696 DEBUG SQL:104 - 
    create table WealthyPerson_legacyVacationHomes (
        WealthyPerson_id integer not null,
        address1 varchar(255),
        fld_city varchar(255),
        iso2 varchar(255),
        countryName varchar(255),
        type_id integer
    )
14:10:30,696 DEBUG SQL:104 - 
    create table WealthyPerson_vacationHomes (
        WealthyPerson_id integer not null,
        address1 varchar(255),
        fld_city varchar(255),
        iso2 varchar(255),
        countryName varchar(255),
        type_id integer
    )
14:10:30,696 DEBUG SQL:104 - 
    create table WelPers_VacHomes (
        WealthyPerson_id integer not null,
        address1 varchar(255),
        fld_city varchar(255),
        iso2 varchar(255),
        countryName varchar(255),
        type_id integer
    )
14:10:30,696 DEBUG SQL:104 - 
    create index idx_BookSummary_1 on BookSummary (summ_size asc, text desc)
14:10:30,697 DEBUG SQL:104 - 
    alter table BookSummary 
        add constraint FKF817445DEE7C6823 
        foreign key (isbn) 
        references Book
14:10:30,697 DEBUG SQL:104 - 
    create index idx_CHARACTER_ALIAS_1 on CHARACTER_ALIAS (characters_id)
14:10:30,697 DEBUG SQL:104 - 
    alter table CHARACTER_ALIAS 
        add constraint FKBFBA17A55528DA3 
        foreign key (characters_id) 
        references CharacterTable
14:10:30,698 DEBUG SQL:104 - 
    alter table CHARACTER_ALIAS 
        add constraint FKBFBA17AA869D0B6 
        foreign key (aliases_id) 
        references Alias
14:10:30,699 DEBUG SQL:104 - 
    alter table Car 
        add constraint idx_Car_1 unique (brand, producer)
14:10:30,699 DEBUG SQL:104 - 
    create index Car_idx on Car (since desc)
14:10:30,699 DEBUG SQL:104 - 
    alter table PersonEmbed 
        add constraint FK489A38646329DACA 
        foreign key (type_id) 
        references AddressType
14:10:30,700 DEBUG SQL:104 - 
    alter table WealthyPerson_legacyVacationHomes 
        add constraint FKBBF0DCD06329DACA 
        foreign key (type_id) 
        references AddressType
14:10:30,712 DEBUG SQL:104 - 
    alter table WealthyPerson_legacyVacationHomes 
        add constraint FKBBF0DCD0C432B076 
        foreign key (WealthyPerson_id) 
        references PersonEmbed
14:10:30,712 DEBUG SQL:104 - 
    alter table WealthyPerson_vacationHomes 
        add constraint FKD649BB996329DACA 
        foreign key (type_id) 
        references AddressType
14:10:30,713 DEBUG SQL:104 - 
    alter table WealthyPerson_vacationHomes 
        add constraint FKD649BB99C432B076 
        foreign key (WealthyPerson_id) 
        references PersonEmbed
14:10:30,714 DEBUG SQL:104 - 
    create index idx_WelPers_VacHomes_1 on WelPers_VacHomes (countryName, type_id)
14:10:30,714 DEBUG SQL:104 - 
    alter table WelPers_VacHomes 
        add constraint FKA5F347E76329DACA 
        foreign key (type_id) 
        references AddressType
14:10:30,715 DEBUG SQL:104 - 
    alter table WelPers_VacHomes 
        add constraint FKA5F347E7C432B076 
        foreign key (WealthyPerson_id) 
        references PersonEmbed
14:10:30,716 DEBUG SQL:104 - 
    create sequence hibernate_sequence start with 1 increment by 1
14:10:30,721  INFO SchemaExport:405 - HHH000230: Schema export complete
14:10:30,723  WARN SessionFactoryImpl:1554 - HHH000008: JTASessionContext being used with JDBCTransactionFactory; auto-flush will not operate correctly with getCurrentSession()
14:10:30,723  INFO CustomRunner:139 - Test: testCollectionTableIndex
14:10:30,724  INFO CustomRunner:139 - Test: testJoinTableIndex
14:10:30,725  INFO CustomRunner:139 - Test: testSecondaryTableIndex
14:10:30,725  INFO CustomRunner:139 - Test: testTableGeneratorIndex
14:10:30,733  INFO CustomRunner:139 - Test: testTableIndex
14:10:30,734  INFO SchemaExport:343 - HHH000227: Running hbm2ddl schema export
14:10:30,734 DEBUG SchemaExport:353 - Import file not found: /import.sql
14:10:30,734 DEBUG SQL:104 - 
    alter table BookSummary 
        drop constraint FKF817445DEE7C6823
14:10:30,735 DEBUG SQL:104 - 
    alter table CHARACTER_ALIAS 
        drop constraint FKBFBA17A55528DA3
14:10:30,735 DEBUG SQL:104 - 
    alter table CHARACTER_ALIAS 
        drop constraint FKBFBA17AA869D0B6
14:10:30,735 DEBUG SQL:104 - 
    alter table PersonEmbed 
        drop constraint FK489A38646329DACA
14:10:30,735 DEBUG SQL:104 - 
    alter table WealthyPerson_legacyVacationHomes 
        drop constraint FKBBF0DCD06329DACA
14:10:30,736 DEBUG SQL:104 - 
    alter table WealthyPerson_legacyVacationHomes 
        drop constraint FKBBF0DCD0C432B076
14:10:30,736 DEBUG SQL:104 - 
    alter table WealthyPerson_vacationHomes 
        drop constraint FKD649BB996329DACA
14:10:30,736 DEBUG SQL:104 - 
    alter table WealthyPerson_vacationHomes 
        drop constraint FKD649BB99C432B076
14:10:30,736 DEBUG SQL:104 - 
    alter table WelPers_VacHomes 
        drop constraint FKA5F347E76329DACA
14:10:30,752 DEBUG SQL:104 - 
    alter table WelPers_VacHomes 
        drop constraint FKA5F347E7C432B076
14:10:30,753 DEBUG SQL:104 - 
    drop table AddressType if exists
14:10:30,753 DEBUG SQL:104 - 
    drop table Alias if exists
14:10:30,753 DEBUG SQL:104 - 
    drop table Book if exists
14:10:30,753 DEBUG SQL:104 - 
    drop table BookSummary if exists
14:10:30,754 DEBUG SQL:104 - 
    drop table CHARACTER_ALIAS if exists
14:10:30,754 DEBUG SQL:104 - 
    drop table Car if exists
14:10:30,754 DEBUG SQL:104 - 
    drop table CharacterTable if exists
14:10:30,754 DEBUG SQL:104 - 
    drop table PersonEmbed if exists
14:10:30,755 DEBUG SQL:104 - 
    drop table WealthyPerson_legacyVacationHomes if exists
14:10:30,755 DEBUG SQL:104 - 
    drop table WealthyPerson_vacationHomes if exists
14:10:30,755 DEBUG SQL:104 - 
    drop table WelPers_VacHomes if exists
14:10:30,755 DEBUG SQL:104 - 
    drop sequence hibernate_sequence
14:10:30,755  INFO SchemaExport:405 - HHH000230: Schema export complete
14:10:30,756  INFO DriverManagerConnectionProviderImpl:162 - HHH000030: Cleaning up connection pool [jdbc:h2:mem:db1;DB_CLOSE_DELAY=-1;MVCC=TRUE]
]]></system-out>
  <system-err><![CDATA[]]></system-err>
</testsuite>
