<?xml version="1.0" encoding="UTF-8"?>
<testsuite errors="0" failures="0" hostname="dhcp-10.15.208.168.stl.redhat.com" name="org.hibernate.test.ondelete.OnDeleteTest" tests="1" time="0.094" timestamp="2013-02-28T20:17:35">
  <properties />
  <testcase classname="org.hibernate.test.ondelete.OnDeleteTest" name="testJoinedSubclass" time="0.014" />
  <system-out><![CDATA[14:17:35,956  INFO CustomRunner:132 - BeforeClass: org.hibernate.test.ondelete.OnDeleteTest
14:17:35,958  INFO Configuration:706 - HHH000221: Reading mappings from resource: org/hibernate/test/ondelete/Person.hbm.xml
14:17:36,001  INFO DriverManagerConnectionProviderImpl:99 - HHH000402: Using Hibernate built-in connection pool (not for production use!)
14:17:36,001  INFO DriverManagerConnectionProviderImpl:135 - HHH000115: Hibernate connection pool size: 5
14:17:36,001  INFO DriverManagerConnectionProviderImpl:138 - HHH000006: Autocommit mode: false
14:17:36,002  INFO DriverManagerConnectionProviderImpl:153 - HHH000401: using driver [org.h2.Driver] at URL [jdbc:h2:mem:db1;DB_CLOSE_DELAY=-1;MVCC=TRUE]
14:17:36,002  INFO DriverManagerConnectionProviderImpl:158 - HHH000046: Connection properties: {user=sa}
14:17:36,003  INFO Dialect:103 - HHH000400: Using dialect: org.hibernate.dialect.H2Dialect
14:17:36,003  INFO LobCreatorBuilder:94 - HHH000423: Disabling contextual LOB creation as JDBC driver reported JDBC version [3] less than 4
14:17:36,004  INFO TransactionFactoryInitiator:66 - HHH000399: Using default transaction strategy (direct JDBC transactions)
14:17:36,004  INFO ASTQueryTranslatorFactory:48 - HHH000397: Using ASTQueryTranslatorFactory
14:17:36,004  WARN CachingRegionFactory:58 - CachingRegionFactory should be only used for testing.
14:17:36,018  INFO SchemaExport:343 - HHH000227: Running hbm2ddl schema export
14:17:36,019 DEBUG SchemaExport:353 - Import file not found: /import.sql
14:17:36,019 DEBUG SQL:104 - 
    alter table ODEmployee 
        drop constraint FKFD4AFA380A0CAE8
14:17:36,019 ERROR SchemaExport:425 - HHH000389: Unsuccessful: alter table ODEmployee drop constraint FKFD4AFA380A0CAE8
14:17:36,019 ERROR SchemaExport:426 - Table "ODEMPLOYEE" not found; SQL statement:

    alter table ODEmployee 
        drop constraint FKFD4AFA380A0CAE8 [42102-145]
14:17:36,019 DEBUG SQL:104 - 
    alter table ODEmployee 
        drop constraint FKFD4AFA3537E7029
14:17:36,020 ERROR SchemaExport:425 - HHH000389: Unsuccessful: alter table ODEmployee drop constraint FKFD4AFA3537E7029
14:17:36,020 ERROR SchemaExport:426 - Table "ODEMPLOYEE" not found; SQL statement:

    alter table ODEmployee 
        drop constraint FKFD4AFA3537E7029 [42102-145]
14:17:36,020 DEBUG SQL:104 - 
    alter table ODPerson 
        drop constraint FKA9ED1D8AC26E358C
14:17:36,020 ERROR SchemaExport:425 - HHH000389: Unsuccessful: alter table ODPerson drop constraint FKA9ED1D8AC26E358C
14:17:36,020 ERROR SchemaExport:426 - Table "ODPERSON" not found; SQL statement:

    alter table ODPerson 
        drop constraint FKA9ED1D8AC26E358C [42102-145]
14:17:36,020 DEBUG SQL:104 - 
    alter table ODSalesperson 
        drop constraint FK8C9E824C583144C8
14:17:36,020 ERROR SchemaExport:425 - HHH000389: Unsuccessful: alter table ODSalesperson drop constraint FK8C9E824C583144C8
14:17:36,021 ERROR SchemaExport:426 - Table "ODSALESPERSON" not found; SQL statement:

    alter table ODSalesperson 
        drop constraint FK8C9E824C583144C8 [42102-145]
14:17:36,021 DEBUG SQL:104 - 
    drop table ODEmployee if exists
14:17:36,021 DEBUG SQL:104 - 
    drop table ODPerson if exists
14:17:36,021 DEBUG SQL:104 - 
    drop table ODSalesperson if exists
14:17:36,021 DEBUG SQL:104 - 
    create table ODEmployee (
        person_id bigint not null,
        title varchar(20) not null,
        salary decimal(19,2),
        manager bigint,
        primary key (person_id)
    )
14:17:36,022 DEBUG SQL:104 - 
    create table ODPerson (
        person_id bigint not null,
        name varchar(80) not null,
        sex char(255) not null,
        address varchar(255),
        zip varchar(255),
        country varchar(255),
        salesperson_id bigint,
        primary key (person_id)
    )
14:17:36,022 DEBUG SQL:104 - 
    create table ODSalesperson (
        employee_id bigint not null,
        primary key (employee_id)
    )
14:17:36,022 DEBUG SQL:104 - 
    alter table ODEmployee 
        add constraint FKFD4AFA380A0CAE8 
        foreign key (person_id) 
        references ODPerson 
        on delete cascade
14:17:36,023 DEBUG SQL:104 - 
    alter table ODEmployee 
        add constraint FKFD4AFA3537E7029 
        foreign key (manager) 
        references ODEmployee
14:17:36,023 DEBUG SQL:104 - 
    alter table ODPerson 
        add constraint FKA9ED1D8AC26E358C 
        foreign key (salesperson_id) 
        references ODSalesperson 
        on delete cascade
14:17:36,023 DEBUG SQL:104 - 
    alter table ODSalesperson 
        add constraint FK8C9E824C583144C8 
        foreign key (employee_id) 
        references ODEmployee 
        on delete cascade
14:17:36,024  INFO SchemaExport:405 - HHH000230: Schema export complete
14:17:36,024  WARN SessionFactoryImpl:1554 - HHH000008: JTASessionContext being used with JDBCTransactionFactory; auto-flush will not operate correctly with getCurrentSession()
14:17:36,024  INFO CustomRunner:139 - Test: testJoinedSubclass
14:17:36,025 DEBUG SQL:104 - 
    select
        max(person_id) 
    from
        ODPerson
14:17:36,027 DEBUG SQL:104 - 
    insert 
    into
        ODPerson
        (name, sex, address, zip, country, salesperson_id, person_id) 
    values
        (?, ?, ?, ?, ?, ?, ?)
14:17:36,027 DEBUG SQL:104 - 
    insert 
    into
        ODEmployee
        (title, salary, manager, person_id) 
    values
        (?, ?, ?, ?)
14:17:36,028 DEBUG SQL:104 - 
    insert 
    into
        ODSalesperson
        (employee_id) 
    values
        (?)
14:17:36,028 DEBUG SQL:104 - 
    insert 
    into
        ODPerson
        (name, sex, address, zip, country, salesperson_id, person_id) 
    values
        (?, ?, ?, ?, ?, ?, ?)
14:17:36,028 DEBUG SQL:104 - 
    delete 
    from
        ODPerson 
    where
        person_id=?
14:17:36,029 DEBUG QueryTranslatorImpl:265 - parse() - HQL: select name from org.hibernate.test.ondelete.Person
14:17:36,029 DEBUG QueryTranslatorImpl:283 - --- HQL AST ---
 \-[QUERY] Node: 'query'
    \-[SELECT_FROM] Node: 'SELECT_FROM'
       +-[FROM] Node: 'from'
       |  \-[RANGE] Node: 'RANGE'
       |     \-[DOT] Node: '.'
       |        +-[DOT] Node: '.'
       |        |  +-[DOT] Node: '.'
       |        |  |  +-[DOT] Node: '.'
       |        |  |  |  +-[IDENT] Node: 'org'
       |        |  |  |  \-[IDENT] Node: 'hibernate'
       |        |  |  \-[IDENT] Node: 'test'
       |        |  \-[IDENT] Node: 'ondelete'
       |        \-[IDENT] Node: 'Person'
       \-[SELECT] Node: 'select'
          \-[IDENT] Node: 'name'

14:17:36,030 DEBUG ErrorCounter:82 - throwQueryException() : no errors
14:17:36,030 DEBUG FromElement:157 - FromClause{level=1} : org.hibernate.test.ondelete.Person (<no alias>) -> person0_
14:17:36,030 DEBUG FromReferenceNode:74 - Resolved : {synthetic-alias} -> {synthetic-alias}
14:17:36,030 DEBUG DotNode:599 - getDataType() : name -> org.hibernate.type.StringType@2dc8de40
14:17:36,030 DEBUG FromReferenceNode:74 - Resolved : {synthetic-alias}.name -> person0_.name
14:17:36,030 DEBUG HqlSqlWalker:629 - processQuery() :  ( SELECT ( {select clause} ( person0_.name {synthetic-alias} name ) ) ( FromClause{level=1} ODPerson person0_ ) )
14:17:36,031 DEBUG JoinProcessor:175 - Using FROM fragment [ODPerson person0_]
14:17:36,031 DEBUG QueryTranslatorImpl:252 - --- SQL AST ---
 \-[SELECT] QueryNode: 'SELECT'  querySpaces (ODPerson)
    +-[SELECT_CLAUSE] SelectClause: '{select clause}'
    |  +-[DOT] DotNode: 'person0_.name' {propertyName=name,dereferenceType=ALL,propertyPath=name,path={synthetic-alias}.name,tableAlias=person0_,className=org.hibernate.test.ondelete.Person,classAlias=null}
    |  |  +-[IDENT] IdentNode: '{synthetic-alias}' {originalText={synthetic-alias}}
    |  |  \-[IDENT] IdentNode: 'name' {originalText=name}
    |  \-[SELECT_COLUMNS] SqlNode: ' as col_0_0_'
    \-[FROM] FromClause: 'from' FromClause{level=1, fromElementCounter=1, fromElements=1, fromElementByClassAlias=[], fromElementByTableAlias=[person0_], fromElementsByPath=[], collectionJoinFromElementsByPath=[], impliedElements=[]}
       \-[FROM_FRAGMENT] FromElement: 'ODPerson person0_' FromElement{explicit,not a collection join,not a fetch join,fetch non-lazy properties,classAlias=null,role=null,tableName=ODPerson,tableAlias=person0_,origin=null,columns={,className=org.hibernate.test.ondelete.Person}}

14:17:36,038 DEBUG ErrorCounter:82 - throwQueryException() : no errors
14:17:36,038 DEBUG QueryTranslatorImpl:235 - HQL: select name from org.hibernate.test.ondelete.Person
14:17:36,038 DEBUG QueryTranslatorImpl:236 - SQL: select person0_.name as col_0_0_ from ODPerson person0_
14:17:36,038 DEBUG ErrorCounter:82 - throwQueryException() : no errors
14:17:36,039 DEBUG SQL:104 - 
    select
        person0_.name as col_0_0_ 
    from
        ODPerson person0_
14:17:36,039  INFO SchemaExport:343 - HHH000227: Running hbm2ddl schema export
14:17:36,040 DEBUG SchemaExport:353 - Import file not found: /import.sql
14:17:36,040 DEBUG SQL:104 - 
    alter table ODEmployee 
        drop constraint FKFD4AFA380A0CAE8
14:17:36,040 DEBUG SQL:104 - 
    alter table ODEmployee 
        drop constraint FKFD4AFA3537E7029
14:17:36,041 DEBUG SQL:104 - 
    alter table ODPerson 
        drop constraint FKA9ED1D8AC26E358C
14:17:36,041 DEBUG SQL:104 - 
    alter table ODSalesperson 
        drop constraint FK8C9E824C583144C8
14:17:36,041 DEBUG SQL:104 - 
    drop table ODEmployee if exists
14:17:36,041 DEBUG SQL:104 - 
    drop table ODPerson if exists
14:17:36,041 DEBUG SQL:104 - 
    drop table ODSalesperson if exists
14:17:36,049  INFO SchemaExport:405 - HHH000230: Schema export complete
14:17:36,049  INFO DriverManagerConnectionProviderImpl:162 - HHH000030: Cleaning up connection pool [jdbc:h2:mem:db1;DB_CLOSE_DELAY=-1;MVCC=TRUE]
]]></system-out>
  <system-err><![CDATA[]]></system-err>
</testsuite>
