<?xml version="1.0" encoding="UTF-8"?>
<testsuite errors="0" failures="0" hostname="dhcp-10.15.208.168.stl.redhat.com" name="org.hibernate.test.annotations.genericsinheritance.GenericsInheritanceTest" tests="1" time="0.084" timestamp="2013-02-28T20:10:28">
  <properties />
  <testcase classname="org.hibernate.test.annotations.genericsinheritance.GenericsInheritanceTest" name="testMapping" time="0.008" />
  <system-out><![CDATA[14:10:28,221  INFO CustomRunner:132 - BeforeClass: org.hibernate.test.annotations.genericsinheritance.GenericsInheritanceTest
14:10:28,255  INFO DriverManagerConnectionProviderImpl:99 - HHH000402: Using Hibernate built-in connection pool (not for production use!)
14:10:28,255  INFO DriverManagerConnectionProviderImpl:135 - HHH000115: Hibernate connection pool size: 5
14:10:28,256  INFO DriverManagerConnectionProviderImpl:138 - HHH000006: Autocommit mode: false
14:10:28,256  INFO DriverManagerConnectionProviderImpl:153 - HHH000401: using driver [org.h2.Driver] at URL [jdbc:h2:mem:db1;DB_CLOSE_DELAY=-1;MVCC=TRUE]
14:10:28,256  INFO DriverManagerConnectionProviderImpl:158 - HHH000046: Connection properties: {user=sa}
14:10:28,257  INFO Dialect:103 - HHH000400: Using dialect: org.hibernate.dialect.H2Dialect
14:10:28,257  INFO LobCreatorBuilder:94 - HHH000423: Disabling contextual LOB creation as JDBC driver reported JDBC version [3] less than 4
14:10:28,258  INFO TransactionFactoryInitiator:66 - HHH000399: Using default transaction strategy (direct JDBC transactions)
14:10:28,258  INFO ASTQueryTranslatorFactory:48 - HHH000397: Using ASTQueryTranslatorFactory
14:10:28,258  WARN CachingRegionFactory:58 - CachingRegionFactory should be only used for testing.
14:10:28,276  INFO SchemaExport:343 - HHH000227: Running hbm2ddl schema export
14:10:28,276 DEBUG SchemaExport:353 - Import file not found: /import.sql
14:10:28,276 DEBUG SQL:104 - 
    alter table ChildHierarchy1 
        drop constraint FK3D9D8AB8B84C10B6
14:10:28,277 ERROR SchemaExport:425 - HHH000389: Unsuccessful: alter table ChildHierarchy1 drop constraint FK3D9D8AB8B84C10B6
14:10:28,277 ERROR SchemaExport:426 - Table "CHILDHIERARCHY1" not found; SQL statement:

    alter table ChildHierarchy1 
        drop constraint FK3D9D8AB8B84C10B6 [42102-145]
14:10:28,277 DEBUG SQL:104 - 
    alter table ChildHierarchy22 
        drop constraint FK7613CC99DB2D4DFB
14:10:28,277 ERROR SchemaExport:425 - HHH000389: Unsuccessful: alter table ChildHierarchy22 drop constraint FK7613CC99DB2D4DFB
14:10:28,277 ERROR SchemaExport:426 - Table "CHILDHIERARCHY22" not found; SQL statement:

    alter table ChildHierarchy22 
        drop constraint FK7613CC99DB2D4DFB [42102-145]
14:10:28,277 DEBUG SQL:104 - 
    drop table ChildHierarchy1 if exists
14:10:28,277 DEBUG SQL:104 - 
    drop table ChildHierarchy22 if exists
14:10:28,277 DEBUG SQL:104 - 
    drop table ParentHierarchy1 if exists
14:10:28,278 DEBUG SQL:104 - 
    drop table ParentHierarchy22 if exists
14:10:28,278 DEBUG SQL:104 - 
    drop sequence hibernate_sequence
14:10:28,278 ERROR SchemaExport:425 - HHH000389: Unsuccessful: drop sequence hibernate_sequence
14:10:28,278 ERROR SchemaExport:426 - Sequence "HIBERNATE_SEQUENCE" not found; SQL statement:

    drop sequence hibernate_sequence [90036-145]
14:10:28,278 DEBUG SQL:104 - 
    create table ChildHierarchy1 (
        id bigint not null,
        parent_id bigint,
        primary key (id)
    )
14:10:28,288 DEBUG SQL:104 - 
    create table ChildHierarchy22 (
        id bigint not null,
        parent_id bigint,
        primary key (id)
    )
14:10:28,289 DEBUG SQL:104 - 
    create table ParentHierarchy1 (
        id bigint not null,
        primary key (id)
    )
14:10:28,289 DEBUG SQL:104 - 
    create table ParentHierarchy22 (
        id bigint not null,
        primary key (id)
    )
14:10:28,290 DEBUG SQL:104 - 
    alter table ChildHierarchy1 
        add constraint FK3D9D8AB8B84C10B6 
        foreign key (parent_id) 
        references ParentHierarchy1
14:10:28,291 DEBUG SQL:104 - 
    alter table ChildHierarchy22 
        add constraint FK7613CC99DB2D4DFB 
        foreign key (parent_id) 
        references ParentHierarchy22
14:10:28,291 DEBUG SQL:104 - 
    create sequence hibernate_sequence start with 1 increment by 1
14:10:28,292  INFO SchemaExport:405 - HHH000230: Schema export complete
14:10:28,292  WARN SessionFactoryImpl:1554 - HHH000008: JTASessionContext being used with JDBCTransactionFactory; auto-flush will not operate correctly with getCurrentSession()
14:10:28,293  INFO CustomRunner:139 - Test: testMapping
14:10:28,301  INFO SchemaExport:343 - HHH000227: Running hbm2ddl schema export
14:10:28,302 DEBUG SchemaExport:353 - Import file not found: /import.sql
14:10:28,302 DEBUG SQL:104 - 
    alter table ChildHierarchy1 
        drop constraint FK3D9D8AB8B84C10B6
14:10:28,302 DEBUG SQL:104 - 
    alter table ChildHierarchy22 
        drop constraint FK7613CC99DB2D4DFB
14:10:28,302 DEBUG SQL:104 - 
    drop table ChildHierarchy1 if exists
14:10:28,303 DEBUG SQL:104 - 
    drop table ChildHierarchy22 if exists
14:10:28,303 DEBUG SQL:104 - 
    drop table ParentHierarchy1 if exists
14:10:28,303 DEBUG SQL:104 - 
    drop table ParentHierarchy22 if exists
14:10:28,303 DEBUG SQL:104 - 
    drop sequence hibernate_sequence
14:10:28,303  INFO SchemaExport:405 - HHH000230: Schema export complete
14:10:28,304  INFO DriverManagerConnectionProviderImpl:162 - HHH000030: Cleaning up connection pool [jdbc:h2:mem:db1;DB_CLOSE_DELAY=-1;MVCC=TRUE]
]]></system-out>
  <system-err><![CDATA[]]></system-err>
</testsuite>
